<?xml version="1.0"?>
<opencv_storage>
<L2_diff>902.0216183662119</L2_diff>
<contrast>0.81887271254757976</contrast>
<brightness>-0.46553400347607299</brightness>
<gamma>0.53194777661053994</gamma>
<only_luma>1</only_luma>
<test_img type_id="opencv-matrix">
  <rows>10</rows>
  <cols>20</cols>
  <dt>"3u"</dt>
  <data>
    157 23 176 47 71 114 215 98 226 23 138 50 85 46 35 137 198 4 119 193
    14 41 132 232 250 163 110 29 38 119 39 38 112 246 17 52 12 29 10 247
    184 89 173 127 226 38 187 191 55 212 246 189 165 188 47 101 189 69
    82 213 240 176 225 183 92 239 214 102 201 25 199 222 37 57 182 122
    53 213 165 14 150 230 53 4 140 60 194 229 86 21 137 161 23 132 230
    210 182 111 35 254 7 161 91 130 181 104 42 221 228 85 14 185 22 188
    224 86 113 53 24 201 241 114 128 116 53 122 189 47 198 196 218 197
    17 46 241 64 136 242 246 154 133 88 5 56 247 234 11 225 72 127 243
    251 121 180 29 31 222 40 144 83 204 163 14 5 211 217 199 152 199 32
    60 234 42 24 178 78 75 82 162 162 0 20 64 38 239 63 181 64 147 241
    168 31 29 100 111 210 154 33 230 204 170 219 251 191 113 108 227 230
    58 28 86 198 49 65 140 37 129 233 102 242 92 79 27 139 9 219 173 140
    8 94 140 213 130 220 101 85 74 122 12 3 167 138 157 47 7 251 33 90
    192 7 159 57 151 128 168 71 47 132 56 13 50 211 122 76 153 167 2 115
    150 46 120 211 211 213 123 44 78 9 34 249 177 210 238 123 112 163
    237 203 128 12 53 163 126 216 107 139 247 16 169 58 163 210 17 84
    182 82 241 143 94 192 72 194 241 78 77 163 245 190 64 132 232 33 167
    162 218 228 60 49 9 14 168 93 211 247 35 115 184 87 147 249 99 87
    115 106 152 72 236 151 26 246 253 140 164 180 147 152 2 162 72 35
    178 104 65 245 175 138 215 88 26 231 205 219 127 73 84 13 180 245
    210 20 170 189 21 75 117 27 243 41 230 75 12 99 214 55 160 45 0 108
    195 222 133 48 145 82 41 230 177 168 48 29 0 57 122 131 205 205 34 3
    157 89 104 66 242 55 96 40 86 120 80 28 185 186 39 244 216 180 9 89
    215 199 118 55 43 41 206 197 192 171 215 250 231 59 161 153 96 199
    128 128 146 53 0 17 55 237 6 98 152 76 191 253 153 192 113 70 179 14
    18 154 183 11 82 19 16 58 192 195 21 215 127 62 66 252 191 60 150 83
    241 39 69 32 150 168 115 116 17 181 94 41 232 56 109 203 211 248 73
    124 176 46 152 134 241 37 177 36 130 15 162 177 72 240 73 99 192 159
    217 203 234 3 126 35 205 16 191 112 141 208 65 109 246 213 104 13 50
    209 250 139 198 54 174 49 231 122 20 169 21 49 102 52 111 188 210
    106 1 75 39 27 188 84 188 244 68 173 170 30 233 233 149 198 241 208
    83 139 173 99 33 242 54 232 20 249</data></test_img>
<my_img type_id="opencv-matrix">
  <rows>10</rows>
  <cols>20</cols>
  <dt>"3u"</dt>
  <data>
    47 7 53 7 11 17 73 33 77 5 32 12 0 0 0 44 64 1 38 61 4 14 45 80 88
    57 39 5 7 21 6 5 16 86 6 18 0 0 0 87 65 31 59 43 77 12 59 60 19 74
    86 59 52 59 15 32 59 23 27 71 83 61 78 64 32 83 72 34 67 8 67 75 11
    17 56 41 18 71 47 4 43 79 18 1 45 19 62 78 29 7 38 45 6 45 79 72 56
    34 11 90 2 57 28 40 55 35 14 75 78 29 5 58 7 59 76 29 38 17 8 65 84
    40 45 21 10 22 61 15 64 66 73 66 6 16 84 22 47 84 86 54 47 0 0 0 87
    82 4 77 25 43 86 88 43 55 9 9 75 14 49 27 67 53 5 2 70 73 67 51 64
    10 19 81 14 8 54 24 23 23 45 45 0 0 0 13 83 22 55 20 45 84 59 11 4
    14 15 70 51 11 79 70 58 77 88 67 39 37 78 79 20 10 28 64 16 15 33 9
    44 80 35 84 32 28 6 32 2 74 58 47 2 22 33 72 44 74 9 7 7 22 2 1 48
    40 45 17 2 88 10 29 61 2 44 16 44 37 49 15 10 28 0 0 0 70 41 25 44
    48 1 30 39 12 40 70 70 71 41 15 0 0 0 87 62 74 83 43 39 56 82 70 26
    2 11 55 42 72 38 49 87 5 49 17 54 70 6 26 56 25 84 50 33 61 23 62 84
    27 27 57 86 66 22 45 80 9 48 47 75 78 21 0 0 0 56 31 70 87 12 40 57
    27 45 87 35 31 30 28 40 25 82 52 9 87 89 43 50 55 39 40 1 45 20 10
    54 31 20 86 61 48 72 29 9 79 70 75 25 15 17 5 63 86 70 7 56 59 7 24
    41 9 85 14 79 26 4 33 72 15 44 12 0 35 62 75 45 16 36 20 10 79 61 58
    0 0 0 12 26 28 67 67 11 1 43 24 36 23 84 3 5 2 15 21 14 9 58 58 14
    85 75 55 3 27 72 67 40 0 0 0 68 65 63 60 76 88 79 20 55 49 31 64 32
    32 37 0 0 0 19 82 2 26 40 20 67 89 54 61 36 22 54 4 5 47 56 3 0 0 0
    19 61 62 7 72 43 22 23 89 60 19 47 29 84 14 18 8 39 49 33 34 5 55 29
    14 80 19 36 67 70 87 26 44 53 14 46 47 84 13 53 11 39 5 49 53 25 83
    25 31 61 50 75 70 81 1 25 7 67 5 63 37 47 69 23 38 86 71 35 4 18 73
    88 45 64 17 60 17 79 35 6 49 2 5 10 16 35 59 70 35 0 0 0 0 59 26 59
    85 24 60 59 10 80 80 51 68 84 72 29 41 51 29 12 84 19 82 7 87</data></my_img>
<your_img type_id="opencv-matrix">
  <rows>10</rows>
  <cols>20</cols>
  <dt>"3u"</dt>
  <data>
    67 10 75 31 47 75 119 54 125 6 34 12 106 57 44 69 99 2 58 94 7 23 74
    129 143 93 63 17 22 68 27 26 77 140 10 30 62 151 52 141 105 51 95 70
    125 18 90 92 31 121 140 90 79 90 22 48 90 37 44 114 136 99 127 103
    52 135 114 55 107 14 109 121 17 26 82 65 28 114 59 5 54 128 29 2 69
    29 95 127 48 12 45 53 8 73 128 117 82 50 16 146 4 92 41 58 81 57 23
    120 126 47 8 88 10 89 123 47 62 27 12 102 136 65 72 61 28 64 95 24
    99 106 118 107 10 26 136 36 77 137 140 88 76 103 6 66 141 133 6 124
    40 70 139 144 69 80 13 14 121 22 79 43 105 84 7 3 112 117 107 82 100
    16 30 131 24 13 77 34 33 28 54 54 0 39 125 21 135 36 81 29 66 136 95
    18 20 71 78 111 81 17 128 113 94 125 144 109 62 60 125 128 32 16 43
    99 25 13 28 7 72 130 57 137 52 45 6 31 2 119 94 76 2 19 28 116 71
    120 90 76 66 64 6 2 62 52 59 27 4 144 16 44 93 2 49 18 57 49 64 25
    17 47 131 30 117 112 65 40 57 62 1 22 28 9 64 112 112 114 66 23 113
    13 49 142 101 120 134 69 63 92 133 114 54 5 22 88 68 116 61 79 141 6
    65 22 86 111 9 38 82 37 136 81 53 94 35 95 136 44 44 93 139 108 36
    74 129 12 62 60 121 126 33 136 25 39 89 49 112 141 20 66 84 40 67
    142 57 50 26 24 34 40 133 85 15 141 145 62 73 80 33 34 0 54 24 12 77
    45 28 139 100 79 115 47 14 129 114 122 56 32 37 7 102 139 111 11 90
    90 10 36 66 15 138 23 128 42 6 53 114 17 51 14 0 53 96 121 73 26 2 1
    1 128 98 93 137 83 0 21 46 49 106 106 18 1 45 26 59 37 137 55 95 40
    48 67 44 13 86 87 22 139 123 80 4 39 115 107 63 132 103 98 107 102
    100 98 123 143 129 33 90 77 48 100 11 11 12 133 0 43 31 133 3 22 34
    17 110 145 88 93 55 34 79 6 8 70 83 5 109 25 21 29 95 96 11 115 68
    36 38 144 92 29 72 47 136 22 13 6 28 64 44 44 8 81 42 23 129 31 58
    108 112 142 42 71 75 20 65 76 136 21 76 15 56 6 70 76 41 136 41 48
    93 77 121 114 131 1 58 16 106 8 99 59 74 109 37 62 140 114 55 7 29
    120 143 70 99 27 97 27 129 47 8 65 18 43 89 25 53 89 111 56 1 115 60
    41 89 40 89 139 39 98 95 17 130 130 83 111 136 118 47 57 71 41 19
    137 31 133 11 142</data></your_img>
</opencv_storage>
