<?xml version="1.0"?>
<opencv_storage>
<L2_diff>159.24195427085164</L2_diff>
<contrast>1.6313098961192776</contrast>
<brightness>0.40674282125643879</brightness>
<gamma>1.2110322588635165</gamma>
<only_luma>0</only_luma>
<test_img type_id="opencv-matrix">
  <rows>10</rows>
  <cols>20</cols>
  <dt>u</dt>
  <data>
    163 2 118 199 60 229 232 242 119 166 105 174 164 47 4 174 187 156
    144 251 95 41 173 29 139 86 1 106 59 92 57 219 34 202 216 34 98 246
    177 64 42 38 165 238 49 95 82 160 31 222 65 80 197 135 181 176 213
    161 47 197 143 135 254 43 165 156 191 172 119 134 23 76 203 57 133
    145 64 18 131 75 235 48 110 253 69 55 243 249 246 165 234 93 226 234
    204 9 111 168 70 82 155 115 98 10 78 172 157 37 204 102 90 64 215 93
    106 173 174 116 192 10 62 113 83 150 224 207 3 238 207 85 15 161 4
    223 209 9 146 101 131 193 75 10 59 160 91 171 14 83 145 137 185 61
    228 241 1 242 74 163 212 40 137 133 165 72 194 166 231 57 133 177 94
    188 10 64 163 241 104 240 97 241 173 97 4 75 131 121 188 66 16 203
    175 70 220 19 126 246 65 174 164 18</data></test_img>
<my_img type_id="opencv-matrix">
  <rows>10</rows>
  <cols>20</cols>
  <dt>u</dt>
  <data>
    255 105 255 255 176 255 255 255 255 255 246 255 255 157 106 255 255
    255 255 255 230 149 255 134 255 215 104 247 174 225 171 255 140 255
    255 140 234 255 255 182 151 145 255 255 160 230 209 255 136 255 183
    206 255 255 255 255 255 255 157 255 255 255 255 152 255 255 255 255
    255 255 126 200 255 171 255 255 182 121 255 198 255 159 254 255 189
    169 255 255 255 255 255 226 255 255 255 111 255 255 191 209 255 255
    234 112 203 255 255 144 255 241 222 182 255 226 247 255 255 255 255
    112 179 255 211 255 255 255 106 255 255 214 117 255 106 255 255 111
    255 239 255 255 198 112 174 255 223 255 116 211 255 255 255 177 255
    255 104 255 197 255 255 148 255 255 255 194 255 255 255 171 255 255
    228 255 112 182 255 255 244 255 233 255 255 233 106 198 255 255 255
    185 118 255 255 191 255 122 255 255 183 255 255 121</data></my_img>
<your_img type_id="opencv-matrix">
  <rows>10</rows>
  <cols>20</cols>
  <dt>u</dt>
  <data>
    255 89 255 255 192 255 255 255 255 255 255 255 255 168 92 255 255
    255 255 255 255 157 255 135 255 242 87 255 190 254 186 255 144 255
    255 144 255 255 255 199 159 151 255 255 171 255 234 255 139 255 201
    230 255 255 255 255 255 255 168 255 255 255 255 160 255 255 255 255
    255 255 125 222 255 186 255 255 199 116 255 220 255 170 255 255 209
    182 255 255 255 255 255 255 255 255 255 101 255 255 211 234 255 255
    255 102 226 255 255 149 255 255 250 199 255 255 255 255 255 255 255
    102 196 255 236 255 255 255 91 255 255 240 111 255 92 255 255 101
    255 255 255 255 220 102 190 255 252 255 109 236 255 255 255 194 255
    255 87 255 218 255 255 155 255 255 255 215 255 255 255 186 255 255
    255 255 102 199 255 255 255 255 255 255 255 255 92 220 255 255 255
    203 113 255 255 211 255 118 255 255 201 255 255 116</data></your_img>
</opencv_storage>
