<?xml version="1.0"?>
<opencv_storage>
<L2_diff>2924.3623236527992</L2_diff>
<contrast>0.72024991237808089</contrast>
<brightness>-0.86507816855213471</brightness>
<gamma>1.3030632490411862</gamma>
<only_luma>0</only_luma>
<test_img type_id="opencv-matrix">
  <rows>10</rows>
  <cols>20</cols>
  <dt>"3u"</dt>
  <data>
    7 86 62 174 219 48 28 138 22 24 132 87 33 176 103 112 111 56 154 50
    124 136 64 125 118 218 139 84 250 82 20 39 205 63 170 200 150 74 233
    206 221 244 210 96 41 82 115 64 122 239 151 189 201 79 32 133 194
    231 199 181 115 30 166 251 139 215 7 94 197 163 210 129 211 22 222
    247 60 186 138 208 199 208 50 129 147 214 63 125 31 152 129 20 38
    215 129 55 87 76 209 252 236 253 249 113 15 232 139 228 176 212 234
    75 91 87 184 254 70 159 168 160 199 144 216 201 222 209 151 253 128
    204 246 163 171 166 85 213 141 87 42 217 213 57 195 5 53 7 43 179
    253 15 107 42 142 120 8 39 240 64 89 85 83 131 185 122 174 166 231
    199 4 63 140 153 148 122 20 74 171 120 141 47 241 188 177 209 32 87
    226 61 88 185 151 107 204 67 161 135 224 73 137 26 175 194 232 160
    115 71 54 48 129 146 85 10 103 160 142 8 249 22 58 156 88 128 239
    161 217 46 39 189 6 103 135 234 43 132 93 160 202 182 97 172 39 133
    170 192 77 161 119 107 216 207 110 233 155 214 89 211 11 165 246 151
    88 27 65 221 39 208 77 64 206 130 137 51 154 102 61 106 163 253 117
    50 156 80 233 115 85 73 213 116 0 188 49 72 143 228 75 240 124 121
    149 36 52 205 110 185 166 95 167 128 245 244 118 116 36 54 170 90 34
    10 101 249 73 247 152 234 44 225 33 194 63 110 240 150 202 133 131
    123 141 233 76 243 227 54 239 134 242 159 114 136 0 70 57 211 138 71
    169 24 226 47 57 216 240 212 102 129 246 243 204 172 94 175 153 30
    101 231 9 98 132 122 142 207 104 101 37 202 203 141 194 247 11 161
    66 50 64 48 55 152 236 157 156 22 47 102 20 133 217 176 216 21 159
    138 65 38 3 216 27 204 28 218 37 69 252 199 80 213 164 124 59 117
    131 145 78 159 203 162 253 109 28 235 115 21 22 188 23 1 5 167 2 40
    44 130 61 250 254 102 31 174 79 134 236 166 212 206 152 125 165 8
    115 112 83 70 215 189 181 124 137 100 228 160 72 212 68 19 184 31 32
    253 114 44 125 41 190 155 123 29 90 24 135 226 75 125 108 15 49 91
    73 1 205 247 69 188 5 161 149 157 236 119 212 18 90 197 11 54 222
    124 177 15 28 50 71 64 185 176 2 139 231 65 81 183 166 150 92 12 186
    132 244 227 218 37 54 199 83 238 202 97 208 94 141 178 211 82 31 24
    236 29 251 139 162 55 68 214 248 46 40 143 117 102 195 98 222 177 33
    217 90 4 227 156 146 248 94 78 1 44 37 134 88 248 166 58 180 140</data></test_img>
<my_img type_id="opencv-matrix">
  <rows>10</rows>
  <cols>20</cols>
  <dt>"3u"</dt>
  <data>
    0 0 0 0 0 0 0 0 0 0 0 0 0 0 0 0 0 0 0 0 0 0 0 0 0 0 0 0 0 0 0 0 0 0
    0 0 0 0 0 0 0 0 0 0 0 0 0 0 0 0 0 0 0 0 0 0 0 0 0 0 0 0 0 0 0 0 0 0
    0 0 0 0 0 0 0 0 0 0 0 0 0 0 0 0 0 0 0 0 0 0 0 0 0 0 0 0 0 0 0 0 0 0
    0 0 0 0 0 0 0 0 0 0 0 0 0 0 0 0 0 0 0 0 0 0 0 0 0 0 0 0 0 0 0 0 0 0
    0 0 0 0 0 0 0 0 0 0 0 0 0 0 0 0 0 0 0 0 0 0 0 0 0 0 0 0 0 0 0 0 0 0
    0 0 0 0 0 0 0 0 0 0 0 0 0 0 0 0 0 0 0 0 0 0 0 0 0 0 0 0 0 0 0 0 0 0
    0 0 0 0 0 0 0 0 0 0 0 0 0 0 0 0 0 0 0 0 0 0 0 0 0 0 0 0 0 0 0 0 0 0
    0 0 0 0 0 0 0 0 0 0 0 0 0 0 0 0 0 0 0 0 0 0 0 0 0 0 0 0 0 0 0 0 0 0
    0 0 0 0 0 0 0 0 0 0 0 0 0 0 0 0 0 0 0 0 0 0 0 0 0 0 0 0 0 0 0 0 0 0
    0 0 0 0 0 0 0 0 0 0 0 0 0 0 0 0 0 0 0 0 0 0 0 0 0 0 0 0 0 0 0 0 0 0
    0 0 0 0 0 0 0 0 0 0 0 0 0 0 0 0 0 0 0 0 0 0 0 0 0 0 0 0 0 0 0 0 0 0
    0 0 0 0 0 0 0 0 0 0 0 0 0 0 0 0 0 0 0 0 0 0 0 0 0 0 0 0 0 0 0 0 0 0
    0 0 0 0 0 0 0 0 0 0 0 0 0 0 0 0 0 0 0 0 0 0 0 0 0 0 0 0 0 0 0 0 0 0
    0 0 0 0 0 0 0 0 0 0 0 0 0 0 0 0 0 0 0 0 0 0 0 0 0 0 0 0 0 0 0 0 0 0
    0 0 0 0 0 0 0 0 0 0 0 0 0 0 0 0 0 0 0 0 0 0 0 0 0 0 0 0 0 0 0 0 0 0
    0 0 0 0 0 0 0 0 0 0 0 0 0 0 0 0 0 0 0 0 0 0 0 0 0 0 0 0 0 0 0 0 0 0
    0 0 0 0 0 0 0 0 0 0 0 0 0 0 0 0 0 0 0 0 0 0 0 0 0 0 0 0 0 0 0 0 0 0
    0 0 0 0 0 0 0 0 0 0 0 0 0 0 0 0 0 0 0 0 0 0</data></my_img>
<your_img type_id="opencv-matrix">
  <rows>10</rows>
  <cols>20</cols>
  <dt>"3u"</dt>
  <data>
    205 137 157 71 41 169 186 97 192 190 101 137 182 69 124 117 117 162
    85 167 107 98 156 107 112 42 96 139 23 141 193 177 50 156 73 53 88
    147 33 49 40 26 47 129 175 141 114 156 109 29 87 60 53 143 183 101
    57 34 54 66 114 185 76 23 96 44 205 131 55 78 47 104 46 192 39 25
    159 62 97 48 54 48 167 104 90 44 156 107 184 86 104 193 178 44 104
    163 137 146 47 22 31 22 24 116 198 33 96 36 69 45 32 146 133 137 64
    21 151 81 75 81 54 92 43 53 39 47 87 22 104 51 25 78 73 76 138 45 94
    137 174 42 45 161 56 207 165 205 173 67 22 198 121 174 94 110 204
    177 29 156 135 138 140 102 63 109 71 76 34 54 208 156 95 86 89 109
    193 147 73 110 94 170 28 61 69 47 183 137 37 158 136 63 87 121 51
    153 80 99 38 148 97 188 70 57 33 81 114 150 164 169 104 91 138 202
    124 81 94 204 24 192 161 83 136 104 29 80 42 171 177 60 206 124 99
    32 173 101 132 81 52 65 129 72 177 101 73 58 145 80 111 121 43 49
    118 33 84 44 135 46 201 77 25 87 136 187 155 40 177 48 145 156 49
    103 97 167 85 125 158 121 78 22 113 167 83 142 33 114 138 148 45 114
    211 61 168 149 93 36 146 29 107 110 89 179 166 50 118 63 76 130 76
    104 26 26 112 114 179 164 73 134 181 202 125 24 148 25 86 32 172 37
    182 57 156 118 29 88 52 101 102 108 94 33 146 27 36 164 29 100 28 81
    115 98 211 151 161 46 97 150 74 190 37 170 161 43 29 45 125 104 25
    27 51 72 131 70 86 185 125 34 203 128 101 109 94 49 123 125 179 52
    51 94 57 25 201 80 154 167 156 169 163 86 31 83 83 192 170 125 193
    101 42 69 43 192 81 97 155 178 208 43 187 51 186 42 179 151 22 54
    142 45 78 107 160 113 102 92 144 81 51 79 22 119 186 32 114 192 192
    61 191 210 207 76 209 176 172 103 158 23 21 125 184 71 143 100 31 76
    45 49 86 107 77 204 114 117 140 151 44 60 66 107 97 126 36 81 149 45
    152 194 64 184 183 22 115 172 107 175 60 84 108 185 134 190 99 37
    146 107 120 198 168 133 148 210 50 25 151 61 207 80 89 83 31 111 45
    195 134 55 201 164 39 107 69 198 186 167 150 156 63 69 209 96 34 155
    141 64 76 88 133 200 62 101 26 36 42 179 164 54 140 30 52 129 48 131
    94 68 46 141 184 190 31 185 23 96 79 163 152 44 24 171 176 93 113
    125 56 128 39 69 182 42 134 208 36 83 91 24 131 144 210 172 179 100
    136 24 76 161 67 95</data></your_img>
</opencv_storage>
