<?xml version="1.0"?>
<opencv_storage>
<L2_diff>1186.3936951956548</L2_diff>
<contrast>1.21106719849568</contrast>
<brightness>0.78436429120187801</brightness>
<gamma>0.88048558808400623</gamma>
<only_luma>1</only_luma>
<test_img type_id="opencv-matrix">
  <rows>10</rows>
  <cols>20</cols>
  <dt>"3u"</dt>
  <data>
    99 12 107 67 93 16 57 222 20 113 46 54 35 80 109 84 205 36 126 52
    201 8 156 33 23 172 108 234 31 76 193 249 15 220 196 10 71 130 154
    149 172 173 196 86 17 199 9 250 215 46 179 151 1 190 221 87 126 152
    162 219 218 11 236 251 119 124 215 55 211 115 147 191 0 207 191 216
    79 62 147 6 201 239 229 239 248 19 253 72 27 109 95 225 67 89 30 221
    99 216 141 245 71 175 156 147 6 162 146 7 187 248 11 68 109 84 79 58
    2 173 245 50 8 101 5 151 137 89 247 201 186 14 22 137 64 9 12 168 83
    244 15 199 200 111 116 221 48 233 52 172 12 117 228 134 8 81 68 116
    115 125 200 202 74 251 228 87 28 220 143 5 19 126 151 150 77 51 76
    119 191 211 147 215 118 148 37 254 33 191 174 24 248 40 69 81 201 14
    227 148 207 32 71 109 20 244 150 173 199 219 219 41 128 139 64 46
    205 225 42 224 152 42 205 96 151 47 246 230 49 203 166 184 76 238 83
    171 209 72 94 121 39 178 0 199 115 113 157 79 116 61 128 139 43 229
    242 155 188 218 75 97 116 83 66 191 83 218 151 149 12 145 192 50 137
    183 63 247 193 236 72 200 205 197 64 61 254 101 33 162 34 152 91 25
    131 199 137 42 204 190 37 170 65 95 92 165 195 37 69 7 172 185 27 18
    137 223 13 252 50 236 55 195 66 230 92 128 188 51 201 220 135 70 78
    241 129 10 40 193 36 179 67 237 109 46 20 97 224 132 242 140 25 48
    199 217 142 194 164 37 191 66 112 56 69 146 86 177 97 4 186 221 120
    181 150 112 229 34 249 178 166 185 24 39 223 53 89 209 12 220 202
    174 98 6 131 182 15 39 248 75 155 88 161 32 97 4 161 101 131 193 39
    130 205 175 62 74 227 138 31 133 251 166 79 164 214 160 158 17 242
    12 194 192 208 110 93 152 254 35 176 182 166 74 203 159 159 180 21
    208 129 206 35 249 128 104 129 92 210 223 189 82 63 39 98 7 113 120
    87 51 233 43 14 129 53 12 143 22 24 84 228 141 104 108 219 96 22 200
    174 182 159 94 60 123 163 141 6 211 93 38 35 4 114 112 199 144 121 2
    139 162 247 169 180 109 73 142 53 189 148 240 161 177 121 178 106
    202 234 106 211 76 84 223 117 116 80 6 190 46 141 212 205 154 184 53
    199 16 186 175 161 188 111 185 31 246 175 32 18 33 245 218 250 112
    60 144 120 120 113 136 177 63 24 239 112 167 59 205 221 193 135 37
    171 77 127 54 106 75 141 76 153 223 152 229 215 105 65 192 235 181
    111 112 86 45 102 124 33 241 96 96 180 94</data></test_img>
<my_img type_id="opencv-matrix">
  <rows>10</rows>
  <cols>20</cols>
  <dt>"3u"</dt>
  <data>
    255 39 255 236 255 56 122 255 43 255 143 168 111 254 255 186 255 80
    255 117 255 21 255 85 56 255 255 255 64 158 255 255 30 255 255 21
    184 255 255 255 255 255 255 195 39 255 18 255 255 100 255 255 2 255
    255 186 255 255 255 255 255 23 255 255 239 249 255 119 255 255 255
    255 0 255 255 255 171 134 255 13 255 255 255 255 255 38 255 229 86
    255 201 255 142 190 64 255 214 255 255 255 144 255 255 255 15 255
    255 18 255 255 22 216 255 255 255 228 8 255 255 102 27 255 17 255
    255 233 255 255 255 39 61 255 255 41 55 255 169 255 34 255 255 237
    248 255 100 255 108 255 29 255 255 255 17 247 208 255 255 255 255
    255 149 255 255 183 59 255 255 11 50 255 255 255 202 134 175 255 255
    255 255 255 255 255 98 255 66 255 255 49 255 154 255 255 255 30 255
    255 255 71 225 255 64 255 255 255 255 255 255 112 255 255 142 102
    255 255 89 255 255 93 255 251 255 123 255 255 99 255 255 255 157 255
    171 255 255 158 255 255 116 255 0 255 255 255 255 241 255 186 255
    255 118 255 255 255 255 255 161 255 255 254 152 255 191 255 255 255
    28 255 255 118 255 255 128 255 255 255 149 255 255 255 142 122 255
    202 83 255 85 255 237 65 255 255 255 93 255 255 91 255 159 236 229
    255 255 84 157 16 255 255 75 50 255 255 26 255 103 255 114 255 138
    255 213 255 255 109 255 255 255 195 217 255 255 20 92 255 82 255 138
    255 255 146 64 206 255 255 255 255 51 104 255 255 255 255 255 85 255
    152 255 175 215 255 206 255 226 9 255 255 255 255 255 235 255 69 255
    255 255 255 56 83 255 113 196 255 26 255 255 255 255 17 255 255 35
    92 255 152 255 222 255 81 245 10 255 231 255 255 87 255 255 255 149
    178 255 255 65 255 255 255 172 255 255 255 255 43 255 25 255 255 255
    242 186 255 255 83 255 255 255 165 255 255 255 255 46 255 255 255 71
    255 255 255 255 196 255 255 255 190 146 133 255 24 255 255 255 106
    255 90 40 255 152 32 255 59 51 177 255 255 255 255 255 206 47 255
    255 255 255 239 152 255 255 255 13 255 203 255 237 27 255 252 255
    255 255 5 255 255 255 255 255 255 198 255 143 255 255 255 255 255
    255 255 237 255 255 220 255 162 179 255 255 255 243 14 255 106 255
    255 255 255 255 124 255 36 255 255 255 255 255 255 73 255 255 65 37
    67 255 255 255 226 161 255 255 255 255 255 255 151 57 255 230 255
    126 255 255 255 255 85 255 188 255 175 255 242 255 197 255 255 255
    255 255 227 141 255 255 255 255 255 255 132 255 255 68 255 197 228
    255 223</data></my_img>
<your_img type_id="opencv-matrix">
  <rows>10</rows>
  <cols>20</cols>
  <dt>"3u"</dt>
  <data>
    236 29 255 184 255 44 65 255 23 255 104 122 82 187 255 104 255 45
    160 66 255 13 255 54 34 255 160 255 34 83 198 255 15 255 227 12 118
    215 255 220 254 255 255 112 22 203 9 255 255 55 212 203 1 255 255
    100 145 177 189 255 236 12 255 255 121 126 255 65 250 154 196 255 0
    255 235 255 93 73 186 8 255 255 244 255 250 19 255 168 63 255 108
    255 76 103 35 255 117 255 166 255 74 182 255 240 10 255 230 11 192
    255 11 159 255 197 255 187 6 180 255 52 20 255 13 255 231 150 255
    208 192 26 41 255 255 36 48 176 87 255 19 254 255 128 134 255 53 255
    57 255 18 173 255 150 9 178 149 255 147 159 255 205 75 255 255 97 31
    255 166 6 32 213 255 255 131 87 101 159 255 250 174 255 203 255 64
    255 33 192 179 25 255 126 217 255 226 16 255 182 255 39 166 255 47
    255 157 181 232 255 255 75 235 255 80 57 255 255 48 254 189 52 255
    162 255 79 255 238 51 255 209 231 81 255 89 209 255 88 198 255 82
    228 0 255 187 184 255 174 255 134 235 255 79 241 255 163 220 255 88
    213 255 182 88 255 111 255 177 174 16 193 255 70 191 255 65 255 199
    255 78 216 255 245 80 61 255 101 52 255 54 255 153 42 168 255 176 53
    255 237 56 255 98 147 142 255 255 48 90 10 237 255 50 34 255 226 13
    255 54 255 59 216 73 255 125 174 255 59 233 255 255 132 147 255 136
    11 53 255 48 193 72 255 255 108 47 110 255 150 255 148 26 56 234 255
    187 255 216 49 255 88 255 128 157 210 124 255 133 5 255 255 138 209
    167 125 255 35 255 182 229 255 33 45 255 61 109 255 15 255 234 202
    191 12 255 255 21 55 255 77 159 139 255 51 154 6 255 133 173 255 49
    162 255 255 90 108 255 155 35 135 255 169 94 195 255 255 252 27 255
    13 204 235 255 135 93 153 255 49 247 255 209 93 255 225 225 255 26
    255 158 211 36 255 253 206 255 105 240 255 255 111 85 101 255 18 240
    255 185 56 255 47 28 255 105 21 255 39 27 94 255 255 188 195 255 112
    26 255 222 232 255 151 96 192 255 221 7 255 112 247 228 26 146 144
    255 255 214 4 144 167 255 239 255 154 131 255 95 201 157 255 232 255
    174 225 134 255 255 116 230 87 96 255 255 253 174 8 255 62 170 255
    247 213 255 73 255 21 238 237 218 255 153 255 43 255 181 33 19 34
    255 222 255 114 106 255 212 225 212 255 255 91 35 255 119 178 68 237
    255 255 178 49 255 115 189 130 255 180 235 127 255 248 169 255 255
    125 77 208 255 196 253 255 196 93 210 255 35 255 102 136 255 133</data></your_img>
</opencv_storage>
