<?xml version="1.0"?>
<opencv_storage>
<L2_diff>4243.1652100760821</L2_diff>
<contrast>0.6844297737038838</contrast>
<brightness>-0.96594996628934748</brightness>
<gamma>0.91208729328809457</gamma>
<only_luma>0</only_luma>
<test_img type_id="opencv-matrix">
  <rows>10</rows>
  <cols>20</cols>
  <dt>"3u"</dt>
  <data>
    92 202 97 26 217 42 126 216 233 101 189 31 132 245 223 218 104 161
    167 238 101 206 4 33 171 136 160 137 223 49 25 18 251 232 147 129
    135 68 128 120 122 165 118 122 49 65 102 63 211 223 64 74 25 12 164
    200 209 18 102 132 242 106 78 126 217 150 124 160 156 54 140 50 129
    51 166 20 73 71 206 185 246 86 96 10 2 109 65 50 222 210 197 168 109
    158 235 83 251 19 165 86 237 224 240 143 98 245 225 16 136 109 20 60
    43 132 230 108 22 61 71 89 234 93 14 21 157 235 31 207 21 96 89 113
    39 250 224 212 181 224 242 44 244 198 147 224 15 118 85 86 71 38 135
    241 140 68 229 59 79 112 9 251 77 234 154 93 11 97 178 63 33 62 202
    75 119 135 201 109 141 25 176 109 59 237 15 123 13 223 60 188 66 21
    216 125 92 64 25 238 97 34 152 233 96 118 28 45 75 82 98 85 85 73
    156 37 171 175 108 224 165 57 116 56 173 180 155 228 177 240 132 243
    36 240 1 32 242 109 62 181 109 160 182 89 83 108 183 156 239 231 174
    15 107 92 172 67 162 142 55 204 174 208 223 29 139 162 94 217 214 69
    216 10 200 250 250 224 17 215 90 156 23 75 243 167 96 205 193 73 243
    141 33 75 156 20 202 216 241 56 253 114 16 248 70 160 49 177 253 102
    199 130 78 210 254 68 95 9 18 149 11 6 24 208 165 101 51 97 109 107
    202 4 201 117 212 44 95 75 61 21 8 30 74 40 43 41 186 99 24 57 248
    51 71 153 154 126 45 65 58 142 230 172 4 26 165 231 44 131 69 67 184
    36 190 66 97 192 8 65 244 21 152 27 79 141 226 247 166 13 137 98 98
    165 41 199 6 63 237 210 238 205 72 220 238 42 100 112 60 170 103 55
    74 94 118 26 129 3 15 107 80 149 199 65 145 211 144 23 247 61 63 22
    210 253 245 66 12 179 65 214 187 27 91 24 181 175 106 199 185 70 20
    6 184 87 176 46 218 177 248 213 94 148 184 126 152 44 97 239 127 46
    131 230 12 103 133 53 22 106 2 207 236 97 46 44 96 128 117 39 55 113
    224 134 166 230 193 215 225 185 217 214 228 232 76 147 85 26 110 70
    36 168 59 98 2 130 95 209 92 97 225 179 36 223 187 175 213 90 234
    152 25 106 32 138 152 207 71 221 196 104 244 146 3 57 178 65 183 61
    102 88 109 21 169 23 219 92 117 122 250 198 66 77 23 185 212 58 106
    227 72 250 68 131 173 41 158 184 241 154 78 185 223 252 130 59 71 44
    102 235 38 243 67 193 194 18 4 228 74 235 30 37 233 78 219 0 143 116
    175 249 216 4</data></test_img>
<my_img type_id="opencv-matrix">
  <rows>10</rows>
  <cols>20</cols>
  <dt>"3u"</dt>
  <data>
    0 0 0 0 0 0 0 0 0 0 0 0 0 0 0 0 0 0 0 0 0 0 0 0 0 0 0 0 0 0 0 0 0 0
    0 0 0 0 0 0 0 0 0 0 0 0 0 0 0 0 0 0 0 0 0 0 0 0 0 0 0 0 0 0 0 0 0 0
    0 0 0 0 0 0 0 0 0 0 0 0 0 0 0 0 0 0 0 0 0 0 0 0 0 0 0 0 0 0 0 0 0 0
    0 0 0 0 0 0 0 0 0 0 0 0 0 0 0 0 0 0 0 0 0 0 0 0 0 0 0 0 0 0 0 0 0 0
    0 0 0 0 0 0 0 0 0 0 0 0 0 0 0 0 0 0 0 0 0 0 0 0 0 0 0 0 0 0 0 0 0 0
    0 0 0 0 0 0 0 0 0 0 0 0 0 0 0 0 0 0 0 0 0 0 0 0 0 0 0 0 0 0 0 0 0 0
    0 0 0 0 0 0 0 0 0 0 0 0 0 0 0 0 0 0 0 0 0 0 0 0 0 0 0 0 0 0 0 0 0 0
    0 0 0 0 0 0 0 0 0 0 0 0 0 0 0 0 0 0 0 0 0 0 0 0 0 0 0 0 0 0 0 0 0 0
    0 0 0 0 0 0 0 0 0 0 0 0 0 0 0 0 0 0 0 0 0 0 0 0 0 0 0 0 0 0 0 0 0 0
    0 0 0 0 0 0 0 0 0 0 0 0 0 0 0 0 0 0 0 0 0 0 0 0 0 0 0 0 0 0 0 0 0 0
    0 0 0 0 0 0 0 0 0 0 0 0 0 0 0 0 0 0 0 0 0 0 0 0 0 0 0 0 0 0 0 0 0 0
    0 0 0 0 0 0 0 0 0 0 0 0 0 0 0 0 0 0 0 0 0 0 0 0 0 0 0 0 0 0 0 0 0 0
    0 0 0 0 0 0 0 0 0 0 0 0 0 0 0 0 0 0 0 0 0 0 0 0 0 0 0 0 0 0 0 0 0 0
    0 0 0 0 0 0 0 0 0 0 0 0 0 0 0 0 0 0 0 0 0 0 0 0 0 0 0 0 0 0 0 0 0 0
    0 0 0 0 0 0 0 0 0 0 0 0 0 0 0 0 0 0 0 0 0 0 0 0 0 0 0 0 0 0 0 0 0 0
    0 0 0 0 0 0 0 0 0 0 0 0 0 0 0 0 0 0 0 0 0 0 0 0 0 0 0 0 0 0 0 0 0 0
    0 0 0 0 0 0 0 0 0 0 0 0 0 0 0 0 0 0 0 0 0 0 0 0 0 0 0 0 0 0 0 0 0 0
    0 0 0 0 0 0 0 0 0 0 0 0 0 0 0 0 0 0 0 0 0 0</data></my_img>
<your_img type_id="opencv-matrix">
  <rows>10</rows>
  <cols>20</cols>
  <dt>"3u"</dt>
  <data>
    189 117 186 231 106 221 167 107 95 183 125 228 163 87 102 106 181
    144 140 92 183 114 245 226 137 160 145 160 102 216 231 236 83 96 153
    165 161 204 165 171 169 141 172 169 216 206 182 207 110 102 207 200
    231 240 142 118 112 236 182 163 89 180 198 167 106 151 168 145 147
    213 158 216 165 215 141 235 201 202 114 128 87 193 186 241 246 178
    206 216 103 111 120 139 178 146 94 195 83 235 141 193 93 102 91 156
    185 87 101 237 160 178 235 209 220 163 98 178 233 209 202 191 95 188
    238 234 146 94 228 113 234 186 191 175 223 84 102 110 131 102 89 219
    88 119 153 102 238 172 193 193 202 223 161 90 158 204 98 210 197 176
    241 83 198 95 148 188 240 186 133 207 226 208 117 200 171 161 117
    178 157 231 134 178 210 93 238 169 239 102 209 126 205 234 107 167
    189 207 231 92 186 226 150 95 186 172 229 219 200 195 185 193 193
    201 147 224 137 135 178 102 141 211 173 212 136 131 148 99 133 91
    163 89 224 91 246 227 89 178 208 131 178 145 130 191 195 178 129 147
    91 97 135 238 179 189 137 205 143 156 212 115 135 112 102 229 158
    143 187 106 108 203 107 241 118 84 84 102 236 108 190 147 233 200 89
    140 186 115 123 201 89 157 226 200 147 235 117 107 90 212 82 175 237
    85 203 145 216 133 82 182 119 164 198 111 81 204 187 241 236 152 240
    243 232 112 141 183 215 186 178 179 117 245 117 173 110 219 187 200
    209 234 242 228 200 222 220 221 127 184 232 211 85 215 202 149 148
    167 219 206 210 156 98 137 245 231 141 97 219 164 203 205 129 224
    125 205 186 123 242 206 88 234 150 230 197 157 100 86 141 239 160
    185 185 141 221 119 243 207 93 111 92 115 202 104 92 221 184 176 209
    138 182 212 200 187 172 231 165 245 238 179 196 152 119 206 154 110
    155 233 86 209 207 233 111 82 87 205 240 132 206 108 127 230 189 232
    131 135 180 119 128 203 235 243 129 192 134 218 106 133 85 109 187
    152 129 167 150 219 186 91 166 218 164 98 240 182 162 214 233 180
    246 113 93 186 218 219 186 165 173 223 212 175 102 162 141 98 123
    108 101 128 106 108 99 96 199 153 193 231 177 203 224 139 210 185
    246 164 187 112 189 186 101 132 224 102 127 135 109 190 95 150 231
    180 227 159 150 113 202 104 121 181 88 154 245 211 133 206 129 209
    182 191 178 234 139 233 105 189 173 169 84 119 205 198 233 128 110
    210 180 100 202 84 204 164 136 221 146 129 90 148 198 128 102 82 164
    210 202 219 182 94 223 89 205 123 122 236 245 99 200 94 228 224 95
    198 105 247 156 173 135 84 107 245</data></your_img>
</opencv_storage>
