<?xml version="1.0"?>
<opencv_storage>
<L2_diff>531.32099525616343</L2_diff>
<contrast>2.149745020905983</contrast>
<brightness>-0.36681495572423561</brightness>
<gamma>0.6865156860294237</gamma>
<only_luma>1</only_luma>
<test_img type_id="opencv-matrix">
  <rows>10</rows>
  <cols>20</cols>
  <dt>"3u"</dt>
  <data>
    228 110 41 26 155 164 159 69 8 131 14 98 64 23 253 112 97 180 230
    251 134 130 127 204 33 9 86 178 185 46 153 40 240 189 103 183 89 159
    5 254 122 126 69 49 224 151 68 89 155 145 98 143 182 31 178 14 160
    78 189 172 173 226 242 91 97 73 235 183 103 47 10 210 37 189 132 153
    34 224 177 164 55 223 22 52 21 116 222 195 13 175 66 146 223 143 254
    34 17 161 173 163 224 208 37 137 174 92 202 209 27 207 5 25 1 217
    100 65 232 148 45 167 134 18 86 164 231 112 166 217 45 169 16 220 97
    159 225 217 65 241 176 174 221 7 238 108 59 134 16 106 48 114 226
    120 121 193 178 30 205 44 18 112 152 164 145 247 249 213 78 212 44
    34 206 166 3 47 71 169 151 83 129 97 167 151 71 117 79 105 132 142
    102 10 32 62 21 182 101 161 232 54 61 17 199 113 155 132 158 99 37
    90 11 123 68 142 13 73 138 161 236 136 177 91 82 89 40 32 96 147 221
    180 149 141 248 102 79 157 2 102 48 98 146 252 144 181 26 211 123
    107 40 198 159 120 252 49 217 111 134 145 175 155 215 51 119 113 80
    198 5 187 220 153 230 187 242 236 134 249 134 19 151 58 130 233 43
    97 254 74 19 89 41 188 38 149 59 66 63 109 232 211 118 173 37 22 71
    12 141 167 71 204 30 10 238 93 75 223 118 194 11 128 83 119 117 180
    242 18 235 111 41 37 119 58 63 235 44 128 167 86 108 7 154 0 194 185
    217 115 179 117 212 210 16 61 160 102 97 76 208 203 137 4 21 68 29 3
    74 14 31 67 36 40 119 102 98 48 112 42 25 163 195 195 114 106 6 84
    22 195 189 147 215 58 162 167 42 145 141 245 217 59 216 164 238 64
    192 187 122 219 228 15 253 138 82 93 5 24 218 122 115 108 203 173 55
    29 111 239 103 36 51 91 150 61 169 119 184 146 208 129 153 220 231
    231 128 242 38 122 127 180 34 104 93 16 28 156 247 207 55 65 241 23
    175 241 62 161 0 253 10 226 100 182 120 39 234 166 225 164 106 142
    89 178 240 81 134 36 119 196 75 196 150 75 242 37 104 198 174 203 82
    58 197 145 175 211 32 125 220 74 39 123 61 219 202 46 220 107 159 63
    77 157 103 3 49 46 188 72 252 76 199 125 185 117 155 220 43 207 122
    82 151 238 59 245 216 181 173 132 81 215 167 139 246 170 100 245 169
    95 148 202 119 185 199 34 238 100 81 165 196 205 92 251 46 148 41
    215 51 177 18 151 58 173 86 25 29 224 197 8 23 23 113 72 119 116 183
    135 234 249 165 124 57 164 31 222 107 60 16 117 146 60</data></test_img>
<my_img type_id="opencv-matrix">
  <rows>10</rows>
  <cols>20</cols>
  <dt>"3u"</dt>
  <data>
    255 200 74 49 255 255 255 131 15 253 27 190 114 41 255 210 182 255
    255 255 240 240 235 255 64 17 166 255 255 86 255 72 255 255 192 255
    170 255 10 255 218 225 126 89 255 255 130 170 255 255 187 255 255 58
    255 26 255 146 255 255 255 255 255 177 189 142 255 255 186 86 18 255
    69 255 246 255 62 255 255 255 104 255 40 95 38 212 255 255 24 255
    120 255 255 255 255 61 32 255 255 255 255 255 70 255 255 169 255 255
    50 255 9 46 2 255 181 118 255 255 85 255 255 35 166 255 255 203 255
    255 82 255 29 255 177 255 255 255 117 255 255 255 255 13 255 195 114
    255 31 206 93 222 255 218 220 255 255 56 255 81 33 213 255 255 255
    255 255 255 143 255 81 63 255 255 6 89 134 255 255 161 250 188 255
    255 135 228 154 204 254 255 196 18 59 114 39 255 189 255 255 98 113
    32 255 216 255 252 255 189 71 175 21 239 131 255 25 139 255 255 255
    246 255 177 159 173 78 62 187 255 255 255 255 253 255 195 151 255 4
    199 94 175 255 255 255 255 49 255 226 197 74 255 255 214 255 88 255
    203 245 255 255 255 255 93 218 210 148 255 9 255 255 255 255 255 255
    255 241 255 240 34 255 111 249 255 78 176 255 132 34 166 77 255 73
    255 113 129 123 212 255 255 214 255 70 42 137 23 255 255 131 255 54
    18 255 170 137 255 219 255 20 248 161 231 210 255 255 33 255 201 80
    72 231 105 114 255 83 243 255 168 210 14 255 0 255 255 255 210 255
    215 255 255 29 112 255 194 185 140 255 255 255 8 41 128 54 6 141 27
    59 125 67 75 231 198 190 93 218 82 46 255 255 255 212 197 12 162 42
    255 255 255 255 106 255 255 80 255 253 255 255 108 255 255 255 115
    255 255 223 255 255 27 255 255 158 179 9 44 255 237 223 210 255 255
    102 52 200 255 201 70 99 174 255 117 255 223 255 255 255 238 255 255
    255 255 230 255 74 236 246 255 64 195 181 31 54 255 255 255 99 117
    255 41 255 255 118 255 0 255 18 255 188 255 225 71 255 255 255 255
    193 255 167 255 255 146 241 67 221 255 139 255 255 135 255 67 193
    255 255 255 152 107 255 255 255 255 59 230 255 135 71 225 111 255
    255 84 255 204 255 120 147 255 196 5 83 78 255 129 255 141 255 232
    255 219 255 255 79 255 234 157 255 255 106 255 255 255 255 242 148
    255 255 249 255 255 180 255 255 180 255 255 220 255 255 61 255 190
    154 255 255 255 170 255 82 255 75 255 93 255 34 255 109 255 162 46
    53 255 255 15 43 45 220 140 223 217 255 242 255 255 255 235 108 255
    57 255 208 117 31 225 255 115</data></my_img>
<your_img type_id="opencv-matrix">
  <rows>10</rows>
  <cols>20</cols>
  <dt>"3u"</dt>
  <data>
    255 167 62 41 244 255 250 109 13 207 22 155 95 34 255 175 151 255
    255 255 200 200 195 255 48 13 126 255 255 72 230 60 255 255 160 255
    140 250 8 255 182 188 105 74 255 238 107 140 244 229 155 223 255 48
    255 22 250 121 255 255 255 255 255 138 148 111 255 255 155 72 15 255
    57 255 205 232 52 255 255 255 86 255 33 79 32 176 255 255 20 255 100
    222 255 213 255 51 27 252 255 248 255 255 58 214 255 141 255 255 41
    255 8 38 2 255 151 98 255 232 71 255 212 28 136 248 255 169 253 255
    69 255 24 255 147 241 255 255 98 255 255 255 255 11 255 162 93 212
    25 166 75 178 255 182 184 255 255 46 255 68 28 176 239 255 217 255
    255 255 119 255 68 52 255 255 5 74 111 255 237 131 204 153 255 237
    111 184 124 165 209 224 161 11 37 71 33 255 157 243 255 82 94 26 255
    178 244 208 249 156 58 142 17 194 107 224 21 115 217 253 255 205 255
    136 123 133 61 49 146 224 255 255 223 211 255 161 124 247 3 157 74
    146 218 255 225 255 41 255 188 164 62 255 245 179 255 73 255 169 204
    227 255 242 255 78 182 174 124 255 8 255 255 231 255 255 255 255 201
    255 200 28 238 92 205 255 65 146 255 110 28 138 64 255 60 235 93 103
    98 170 255 255 178 255 58 34 112 19 223 255 109 255 45 15 255 141
    114 255 183 255 17 202 131 188 176 255 255 27 255 167 64 58 187 87
    95 255 69 201 255 134 168 11 238 0 255 255 255 175 255 179 255 255
    25 93 252 161 153 117 255 255 217 6 33 86 37 4 100 19 42 84 45 50
    187 160 154 75 175 66 39 252 255 255 176 164 9 122 32 255 255 227
    255 89 247 255 66 228 211 255 255 90 255 250 255 96 255 255 186 255
    255 22 255 218 130 147 8 37 255 192 181 170 255 255 85 44 167 255
    159 55 79 144 237 96 255 185 255 224 255 198 231 255 255 255 192 255
    60 192 200 255 53 162 140 24 42 233 255 255 83 98 255 35 255 255 98
    253 0 255 15 255 156 255 187 59 255 250 255 249 161 222 139 255 255
    122 201 56 184 255 116 255 232 113 255 56 161 255 255 255 126 89 255
    224 255 255 49 191 255 113 59 187 93 255 255 70 255 168 250 99 121
    247 162 2 31 29 255 107 255 117 255 193 255 182 241 255 65 255 193
    129 238 255 88 255 255 255 255 202 124 255 250 208 255 255 150 255
    255 149 232 255 183 255 255 51 255 157 127 255 255 255 141 255 69
    221 63 255 78 255 28 236 91 255 135 38 44 255 255 12 36 36 177 113
    185 181 255 202 255 255 255 195 90 249 47 255 166 93 25 185 231 95</data></your_img>
</opencv_storage>
