<?xml version="1.0"?>
<opencv_storage>
<L2_diff>16.217274740226856</L2_diff>
<contrast>2.1022121310279451</contrast>
<brightness>0.56199565903442084</brightness>
<gamma>1.0148513713123475</gamma>
<only_luma>0</only_luma>
<test_img type_id="opencv-matrix">
  <rows>10</rows>
  <cols>20</cols>
  <dt>"3u"</dt>
  <data>
    15 184 18 250 8 137 49 254 164 177 167 89 128 59 216 208 254 60 187
    182 246 195 194 67 234 109 244 85 13 160 131 103 208 120 60 35 90
    173 145 239 200 50 85 167 183 123 244 101 36 91 12 102 109 126 225
    104 90 121 140 16 235 86 215 248 63 225 124 38 89 237 177 244 203
    233 246 103 71 20 213 199 215 99 83 55 17 59 183 87 165 24 211 124
    214 122 65 158 25 70 44 38 143 20 83 109 58 47 20 187 203 102 89 109
    164 1 97 152 63 105 221 247 29 245 30 45 68 48 112 52 171 79 115 180
    224 1 196 201 174 92 118 186 182 180 192 117 29 225 57 149 214 162
    101 61 152 240 86 36 241 100 127 7 223 18 27 22 228 119 138 207 49
    26 112 213 110 8 100 96 139 43 36 228 143 211 18 190 56 170 222 167
    69 79 105 137 54 171 152 20 171 154 50 161 181 30 54 251 169 130 117
    181 160 220 215 243 238 83 22 24 149 178 143 213 187 177 110 202 129
    116 67 72 166 29 144 182 169 97 39 225 60 191 138 26 192 96 248 180
    240 59 52 148 187 173 185 122 52 159 199 232 143 50 38 120 184 250
    90 48 214 62 88 196 148 162 24 95 63 111 73 210 165 238 140 175 23
    226 38 192 210 119 248 131 19 239 187 119 15 221 156 118 12 114 209
    199 59 116 181 85 210 169 135 100 24 82 51 127 192 87 76 224 195 100
    85 132 157 55 13 252 175 175 140 92 154 10 77 92 133 156 79 224 58
    142 138 213 152 80 223 33 235 166 155 179 89 168 250 89 52 215 215
    82 134 207 95 5 31 216 225 169 245 225 187 212 40 126 88 24 235 242
    13 240 201 28 212 240 154 140 174 191 131 181 56 240 53 40 180 51 87
    126 0 9 125 17 234 30 74 49 157 108 100 71 230 31 135 75 132 172 195
    173 241 56 130 32 217 67 186 63 188 3 68 195 219 62 132 107 84 141
    44 116 134 86 149 117 214 188 56 248 228 19 10 12 100 62 116 24 111
    21 28 14 155 52 150 74 7 174 254 160 107 158 29 9 233 56 234 56 180
    211 150 45 79 27 78 91 212 4 172 127 162 195 81 74 141 228 177 203
    47 165 178 118 159 81 26 162 74 37 145 85 166 178 32 36 81 8 213 63
    15 162 247 64 11 223 95 245 212 97 50 149 151 112 160 172 174 242
    240 72 130 154 174 104 79 154 54 234 253 123 153 55 31 120 226 188
    188 211 128 113 25 148 169 20 106 236 163 185 232 216 134 151 188 50
    4 104 55 96 114 248 60 23 195 164 158 58 228 167 62 207 50 49 193 86
    227 81 130 136 215 59 157 54 20 183 219 149 248 4 233 254</data></test_img>
<my_img type_id="opencv-matrix">
  <rows>10</rows>
  <cols>20</cols>
  <dt>"3u"</dt>
  <data>
    174 255 180 255 159 255 244 255 255 255 255 255 255 255 255 255 255
    255 255 255 255 255 255 255 255 255 255 255 169 255 255 255 255 255
    255 215 255 255 255 255 255 246 255 255 255 255 255 255 217 255 167
    255 255 255 255 255 255 255 255 176 255 255 255 255 255 255 255 221
    255 255 255 255 255 255 255 255 255 184 255 255 255 255 255 255 178
    255 255 255 255 192 255 255 255 255 255 255 194 255 233 221 255 184
    255 255 255 240 184 255 255 255 255 255 255 145 255 255 255 255 255
    255 202 255 204 236 255 242 255 250 255 255 255 255 255 145 255 255
    255 255 255 255 255 255 255 255 202 255 255 255 255 255 255 255 255
    255 255 217 255 255 255 157 255 180 198 188 255 255 255 255 244 196
    255 255 255 159 255 255 255 231 217 255 255 255 180 255 255 255 255
    255 255 255 255 255 254 255 255 184 255 255 246 255 255 204 254 255
    255 255 255 255 255 255 255 255 255 255 188 192 255 255 255 255 255
    255 255 255 255 255 255 255 255 202 255 255 255 255 223 255 255 255
    255 196 255 255 255 255 255 255 250 255 255 255 255 255 250 255 255
    255 255 246 221 255 255 255 255 242 255 255 255 255 255 255 192 255
    255 255 255 255 255 255 255 255 190 255 221 255 255 255 255 255 182
    255 255 255 174 255 255 255 167 255 255 255 255 255 255 255 255 255
    255 255 192 255 248 255 255 255 255 255 255 255 255 255 255 255 169
    255 255 255 255 255 255 163 255 255 255 255 255 255 255 255 255 255
    255 255 255 211 255 255 255 255 255 255 255 255 250 255 255 255 255
    255 255 153 206 255 255 255 255 255 255 255 225 255 255 192 255 255
    169 255 255 200 255 255 255 255 255 255 255 255 255 255 252 225 255
    248 255 255 143 161 255 178 255 204 255 244 255 255 255 255 255 206
    255 255 255 255 255 255 255 255 255 209 255 255 255 255 255 149 255
    255 255 255 255 255 255 255 233 255 255 255 255 255 255 255 255 255
    255 182 163 167 255 255 255 192 255 186 200 171 255 250 255 255 157
    255 255 255 255 255 202 161 255 255 255 255 255 255 255 236 255 198
    255 255 255 151 255 255 255 255 255 255 255 255 255 255 240 255 255
    255 255 255 196 255 255 219 255 255 255 255 209 217 255 159 255 255
    174 255 255 255 165 255 255 255 255 255 246 255 255 255 255 255 255
    255 255 255 255 255 255 255 255 255 254 255 255 255 255 255 206 255
    255 255 255 255 255 255 194 255 255 184 255 255 255 255 255 255 255
    255 255 246 151 255 255 255 255 255 255 190 255 255 255 255 255 255
    255 255 246 244 255 255 255 255 255 255 255 255 255 254 184 255 255
    255 255 151 255 255</data></my_img>
<your_img type_id="opencv-matrix">
  <rows>10</rows>
  <cols>20</cols>
  <dt>"3u"</dt>
  <data>
    174 255 180 255 159 255 246 255 255 255 255 255 255 255 255 255 255
    255 255 255 255 255 255 255 255 255 255 255 170 255 255 255 255 255
    255 216 255 255 255 255 255 248 255 255 255 255 255 255 218 255 168
    255 255 255 255 255 255 255 255 176 255 255 255 255 255 255 255 223
    255 255 255 255 255 255 255 255 255 184 255 255 255 255 255 255 178
    255 255 255 255 193 255 255 255 255 255 255 195 255 236 223 255 184
    255 255 255 242 184 255 255 255 255 255 255 144 255 255 255 255 255
    255 204 255 206 238 255 244 255 253 255 255 255 255 255 144 255 255
    255 255 255 255 255 255 255 255 204 255 255 255 255 255 255 255 255
    255 255 218 255 255 255 157 255 180 199 189 255 255 255 255 246 197
    255 255 255 159 255 255 255 233 218 255 255 255 180 255 255 255 255
    255 255 255 255 255 255 255 255 184 255 255 248 255 255 206 255 255
    255 255 255 255 255 255 255 255 255 255 189 193 255 255 255 255 255
    255 255 255 255 255 255 255 255 204 255 255 255 255 225 255 255 255
    255 197 255 255 255 255 255 255 253 255 255 255 255 255 253 255 255
    255 255 248 223 255 255 255 255 244 255 255 255 255 255 255 193 255
    255 255 255 255 255 255 255 255 191 255 223 255 255 255 255 255 182
    255 255 255 174 255 255 255 168 255 255 255 255 255 255 255 255 255
    255 255 193 255 250 255 255 255 255 255 255 255 255 255 255 255 170
    255 255 255 255 255 255 163 255 255 255 255 255 255 255 255 255 255
    255 255 255 212 255 255 255 255 255 255 255 255 253 255 255 255 255
    255 255 153 208 255 255 255 255 255 255 255 227 255 255 193 255 255
    170 255 255 201 255 255 255 255 255 255 255 255 255 255 255 227 255
    250 255 255 142 161 255 178 255 206 255 246 255 255 255 255 255 208
    255 255 255 255 255 255 255 255 255 210 255 255 255 255 255 148 255
    255 255 255 255 255 255 255 236 255 255 255 255 255 255 255 255 255
    255 182 163 168 255 255 255 193 255 187 201 172 255 253 255 255 157
    255 255 255 255 255 204 161 255 255 255 255 255 255 255 238 255 199
    255 255 255 151 255 255 255 255 255 255 255 255 255 255 242 255 255
    255 255 255 197 255 255 221 255 255 255 255 210 218 255 159 255 255
    174 255 255 255 165 255 255 255 255 255 248 255 255 255 255 255 255
    255 255 255 255 255 255 255 255 255 255 255 255 255 255 255 208 255
    255 255 255 255 255 255 195 255 255 184 255 255 255 255 255 255 255
    255 255 248 151 255 255 255 255 255 255 191 255 255 255 255 255 255
    255 255 248 246 255 255 255 255 255 255 255 255 255 255 184 255 255
    255 255 151 255 255</data></your_img>
</opencv_storage>
