<?xml version="1.0"?>
<opencv_storage>
<L2_diff>223.9709802630689</L2_diff>
<contrast>1.6248957848153893</contrast>
<brightness>0.00051063478196256007</brightness>
<gamma>1.3013332920425302</gamma>
<only_luma>0</only_luma>
<test_img type_id="opencv-matrix">
  <rows>10</rows>
  <cols>20</cols>
  <dt>u</dt>
  <data>
    238 226 176 243 200 62 8 150 74 63 194 61 38 236 32 180 229 98 195
    32 81 97 119 167 227 12 87 132 160 3 110 212 57 170 163 208 126 206
    146 106 198 55 17 202 206 14 153 224 124 23 93 49 105 87 99 41 223
    195 158 162 218 233 68 203 116 107 65 188 137 113 144 137 231 250 8
    1 205 89 17 89 160 39 132 240 201 198 176 146 112 116 144 176 97 228
    49 252 225 142 11 201 22 188 80 8 67 20 186 63 108 135 52 131 169 85
    120 151 21 219 37 151 147 101 52 127 32 26 158 114 32 175 83 159 173
    52 35 92 157 215 115 14 60 34 207 197 77 202 202 62 73 82 105 160
    235 76 4 247 28 13 243 64 107 202 127 70 61 211 198 29 67 160 167 35
    254 109 225 152 36 177 44 164 142 189 136 96 123 62 186 29 27 173
    199 201 139 31 62 190 135 235 128 55</data></test_img>
<my_img type_id="opencv-matrix">
  <rows>10</rows>
  <cols>20</cols>
  <dt>u</dt>
  <data>
    255 255 255 255 255 66 5 208 83 67 255 65 35 255 28 255 255 120 255
    28 93 118 154 239 255 8 102 176 226 1 139 255 59 245 232 255 166 255
    201 132 255 56 12 255 255 10 213 255 162 18 112 49 131 102 121 39
    255 255 222 230 255 255 74 255 149 134 70 255 185 144 197 185 255
    255 5 0 255 105 12 105 226 36 176 255 255 255 255 201 142 149 197
    255 118 255 49 255 255 194 7 255 17 255 92 5 73 15 255 67 136 181 52
    174 243 99 155 210 16 255 34 210 202 124 52 167 28 21 222 145 28 254
    96 224 250 52 31 110 221 255 147 10 63 30 255 255 87 255 255 66 81
    95 131 226 255 86 2 255 24 9 255 69 134 255 167 77 65 255 255 25 73
    226 239 31 255 137 255 211 33 255 42 233 194 255 183 116 161 66 255
    25 22 250 255 255 188 27 66 255 181 255 169 56</data></my_img>
<your_img type_id="opencv-matrix">
  <rows>10</rows>
  <cols>20</cols>
  <dt>u</dt>
  <data>
    255 255 255 255 255 76 5 241 96 78 255 75 40 255 32 255 255 138 255
    32 108 136 178 255 255 9 118 204 255 2 161 255 68 255 255 255 192
    255 232 153 255 65 14 255 255 11 247 255 188 21 129 56 151 118 140
    45 255 255 255 255 255 255 86 255 172 155 81 255 214 166 228 214 255
    255 5 0 255 122 14 122 255 42 204 255 255 255 255 232 165 172 228
    255 136 255 56 255 255 224 8 255 20 255 106 5 84 18 255 78 157 210
    61 202 255 115 180 243 19 255 39 243 234 144 61 194 32 25 255 168 32
    255 111 255 255 61 36 127 255 255 170 11 73 35 255 255 101 255 255
    76 94 110 151 255 255 99 2 255 27 10 255 79 155 255 194 89 75 255
    255 28 84 255 255 36 255 159 255 245 38 255 49 255 224 255 212 135
    186 76 255 28 26 255 255 255 218 31 76 255 210 255 196 65</data></your_img>
</opencv_storage>
