<?xml version="1.0"?>
<opencv_storage>
<L2_diff>316.49328586875265</L2_diff>
<contrast>1.8509446886443472</contrast>
<brightness>-0.091167174931817141</brightness>
<gamma>1.3591602356930856</gamma>
<only_luma>0</only_luma>
<test_img type_id="opencv-matrix">
  <rows>10</rows>
  <cols>20</cols>
  <dt>u</dt>
  <data>
    54 243 138 135 143 134 120 247 232 32 2 182 230 252 158 245 47 109
    214 123 137 216 207 42 225 115 50 178 196 110 18 28 100 97 3 198 30
    62 180 108 46 225 30 171 27 11 63 98 87 97 126 155 245 222 251 245
    177 45 1 154 216 129 72 27 37 111 155 201 105 121 119 221 171 167
    163 114 232 120 144 52 46 53 90 72 174 229 89 115 190 238 144 181
    179 12 82 214 240 122 2 172 122 137 194 129 0 145 51 81 48 175 124
    46 235 65 86 76 81 224 253 12 82 128 29 119 132 241 42 59 76 56 95
    132 89 174 4 244 53 2 173 110 175 50 143 65 115 36 178 92 227 248
    169 112 74 50 78 135 59 246 130 246 175 130 52 177 215 31 192 140
    129 192 129 246 32 216 250 177 221 229 215 150 215 47 226 21 216 171
    95 92 239 184 97 119 66 150 153 21 29 76 85 113</data></test_img>
<my_img type_id="opencv-matrix">
  <rows>10</rows>
  <cols>20</cols>
  <dt>u</dt>
  <data>
    34 255 182 176 192 174 146 255 255 5 0 255 255 255 223 255 24 125
    255 152 180 255 255 17 255 137 28 255 255 127 0 0 109 104 0 255 2 46
    255 124 23 255 2 251 0 0 47 105 86 104 158 217 255 255 255 255 255
    21 0 215 255 164 61 0 11 129 217 255 118 148 144 255 251 242 234 135
    255 146 194 31 23 33 91 61 255 255 90 137 255 255 194 255 255 0 78
    255 255 150 0 253 150 180 255 164 0 196 30 76 26 255 154 23 255 50
    84 68 76 255 255 0 78 162 1 144 170 255 17 41 68 37 100 170 90 255 0
    255 33 0 255 127 255 28 192 50 137 10 255 95 255 255 247 131 65 28
    71 176 41 255 166 255 255 166 31 255 255 4 255 186 164 255 164 255 5
    255 255 255 255 255 255 206 255 24 255 0 255 251 100 95 255 255 104
    144 52 206 212 0 1 68 83 133</data></my_img>
<your_img type_id="opencv-matrix">
  <rows>10</rows>
  <cols>20</cols>
  <dt>u</dt>
  <data>
    50 255 224 217 237 215 182 255 255 18 8 255 255 255 255 255 39 157
    255 189 222 255 255 31 255 170 43 255 255 159 3 13 137 131 7 255 15
    63 255 155 37 255 15 255 12 1 65 133 110 131 196 255 255 255 255 255
    255 36 9 255 255 203 81 12 24 161 255 255 148 184 180 255 255 255
    255 168 255 182 239 47 37 48 117 81 255 255 115 170 255 255 239 255
    255 0 100 255 255 186 8 255 186 222 255 203 10 242 45 99 40 255 191
    37 255 69 108 89 99 255 255 0 100 201 14 180 210 255 31 58 89 53 127
    210 115 255 6 255 48 8 255 159 255 43 237 69 170 23 255 121 255 255
    255 164 85 43 93 217 58 255 205 255 255 205 47 255 255 17 255 229
    203 255 203 255 18 255 255 255 255 255 255 254 255 39 255 6 255 255
    127 121 255 255 131 180 70 254 255 6 14 89 106 166</data></your_img>
</opencv_storage>
