<?xml version="1.0"?>
<opencv_storage>
<g>1.9099999999999999</g>
<r>7</r>
<filter-type>1</filter-type>
<circular>0</circular>
<L2_diff>193.69114127291445</L2_diff>
<test_img type_id="opencv-matrix">
  <rows>128</rows>
  <cols>256</cols>
  <dt>f</dt>
  <data>
    0.153049231 0.388620079 0.685054779 0.459627658 0.774014592
    0.0489266217 0.617708683 0.0520266593 0.733537138 0.674251378
    0.874500215 0.555496871 0.364656866 0.0573226511 0.83668375
    0.356770277 0.174732924 0.727299988 0.67211014 0.875361204
    0.783197582 0.471591562 0.657475948 0.230141282 0.615710557
    0.491256475 0.520550907 0.831054747 0.449211597 0.177329779
    0.318025947 0.253706694 0.66718936 0.290601343 0.154530942
    0.411400437 0.014213413 0.514976144 0.365172088 0.464767039
    0.894523501 0.499052972 0.418062896 0.589116454 0.588942647
    0.0119478703 0.587775052 0.26798588 0.079377979 0.99320972
    0.439828128 0.25482291 0.623606622 0.82766223 0.407979131 0.83840692
    0.951037049 0.0616078675 0.716744125 0.216777503 0.543141723
    0.870875001 0.817763388 0.0143939555 0.660210013 0.121087581
    0.87445271 0.102553308 0.118250906 0.351087868 0.997373581
    0.160909951 0.883117676 0.770352244 0.835369945 0.00175765157
    0.718602836 0.23241353 0.539063513 0.0846920609 0.994315505
    0.619305074 0.387559414 0.823785782 0.182759494 0.0779598653
    0.438299567 0.538599908 0.35101521 0.0906826258 0.0455903411
    0.0038934052 0.315584332 0.0772286654 0.224593639 0.802860379
    0.897687197 0.650197804 0.886149168 0.305592716 0.993788004
    0.830390096 0.897426307 0.0357628763 0.994234443 0.795481682
    0.176590919 0.9503088 0.72477591 0.581889749 0.149386644 0.713954389
    0.520860791 0.887646794 0.625686884 0.736181736 0.759705722
    0.680866778 0.536106288 0.422814548 0.87264359 0.508494437
    0.820188046 0.406693637 0.462976426 0.936159253 0.821983695
    0.416223168 0.361672103 0.73351413 0.853912711 0.607375801
    0.289316773 0.748587668 0.673556805 0.789350986 0.964958787
    0.51591903 0.574045062 0.795315146 0.114935875 0.523225963
    0.00462308526 0.109497726 0.415856659 0.116874605 0.151403397
    0.221984982 0.497332096 0.341938019 0.501011372 0.675504148
    0.598883092 0.795606852 0.976956069 0.397691071 0.888404012
    0.108016551 0.29013288 0.832937121 0.20560813 0.290310502
    0.243946642 0.256958187 0.48455435 0.637271702 0.429906636
    0.0672832429 0.414793819 0.634103596 0.660425782 0.144192219
    0.844295979 0.954781532 0.805678487 0.120958179 0.134027213
    0.920313716 0.780405164 0.770947397 0.678346455 0.694148004
    0.470006764 0.582057774 0.959294319 0.00660020113 0.593095362
    0.998223066 0.110820413 0.861376286 0.330314755 0.914139211
    0.0212028921 0.424455762 0.328157961 0.997601092 0.0980876386
    0.454279363 0.278765678 0.758727789 0.724728465 0.69623363
    0.827087879 0.950629115 0.989336967 0.612271249 0.288429737
    0.227335662 0.731673777 0.672709048 0.877539456 0.779811978
    0.354201347 0.346877337 0.860936046 0.115007937 0.548255265
    0.808912754 0.877747297 0.822544217 0.685267925 0.707443237
    0.618787348 0.111813843 0.114090294 0.000590950251 0.307373822
    0.524226904 0.889655232 0.259001642 0.692534089 0.819113016
    0.785329461 0.717186689 0.14586553 0.644347072 0.777773201
    0.559944212 0.400247276 0.692554891 0.0337646604 0.902981162
    0.625718474 0.380034924 0.329822659 0.161543608 0.0685998499
    0.59083569 0.260558218 0.212778777 0.416742563 0.368972301
    0.19054541 0.129812032 0.883400977 0.239199728 0.844460249
    0.785319924 0.880705953 0.0239712596 0.224995196 0.227930725
    0.270278573 0.734990895 0.637908041 0.221837878 0.818814099
    0.316101104 0.814507484 0.477099061 0.964755595 0.131132483
    0.0429678559 0.0106654465 0.835483432 0.490948856 0.176213145
    0.727730989 0.529014945 0.645809174 0.414615095 0.116348267
    0.220971674 0.993877888 0.528961241 0.0863705277 0.81291151
    0.686579287 0.561129808 0.605229318 0.348878384 0.0320648253
    0.458128512 0.230611712 0.462230742 0.921783686 0.197898895
    0.576105475 0.93699044 0.778933048 0.533852339 0.877866745
    0.122230411 0.661135972 0.132201314 0.557865739 0.544121325
    0.10272491 0.773751616 0.027458787 0.0692334473 0.500266016
    0.538922012 0.439395189 0.971559227 0.69556278 0.240931332
    0.139681637 0.053489536 0.541498542 0.496562332 0.440629333
    0.593978047 0.865270436 0.0895706415 0.682269096 0.0150907636
    0.762335181 0.465699792 0.355274141 0.621494293 0.80840987
    0.114309281 0.0752454698 0.715643942 0.51357758 0.331947982
    0.110370129 0.0456188619 0.0147650242 0.922590971 0.930633426
    0.274190426 0.0661251545 0.0287589431 0.115614235 0.529740751
    0.985820234 0.293134868 0.217430949 0.444575667 0.271045923
    0.278298885 0.100692838 0.377448618 0.451190442 0.856271923
    0.453992307 0.458292425 0.765398562 0.766699076 0.498699814
    0.991086841 0.0834042728 0.259131372 0.944038749 0.250009656
    0.967223465 0.473726064 0.938503504 0.70776099 0.573215961
    0.099096179 0.0375877023 0.829819322 0.295363605 0.331355691
    0.357367128 0.198167413 0.215940624 0.0575490296 0.915103614
    0.189417899 0.5089553 0.244238764 0.495728493 0.708659887
    0.757533193 0.000255465508 0.742356956 0.378850758 0.943291128
    0.0816399455 0.103113323 0.480979621 0.958952248 0.89967525
    0.387321353 0.312844634 0.168983579 0.387242913 0.36313647
    0.771368265 0.0087275207 0.948913574 0.505820215 0.121613801
    0.947444439 0.707311928 0.186636627 0.0174312294 0.891062796
    0.808750749 0.886097074 0.416665196 0.265257508 0.619101703
    0.55027467 0.66679883 0.811533451 0.107137561 0.634407997
    0.914938211 0.944515705 0.218892574 0.389633566 0.0513603389
    0.17305848 0.437880605 0.0640975535 0.133473843 0.857738972
    0.383024514 0.101731658 0.165651411 0.13172105 0.515846312
    0.0493714213 0.543377638 0.0298189819 0.988471508 0.707884431
    0.627542257 0.100098222 0.670206904 0.629584789 0.113676786
    0.0770081282 0.617212653 0.750988245 0.371048033 0.812525511
    0.567062616 0.909311056 0.777584553 0.417040199 0.544052243
    0.26655677 0.399077088 0.394402236 0.254414737 0.346812904
    0.708858728 0.263239861 0.0483796 0.818673134 0.379786074
    0.555556417 0.517501712 0.859986424 0.345292538 0.87647891
    0.312340111 0.516543388 0.632825017 0.630566418 0.0949264169
    0.605230927 0.368144006 0.381503016 0.957765341 0.305417597
    0.902672768 0.29852888 0.0956627727 0.285180926 0.65029031
    0.637667894 0.780888081 0.596971512 0.68838799 0.834246755
    0.573775411 0.455947101 0.334660888 0.855753183 0.467257321
    0.3380211 0.0812130868 0.262256742 0.564560056 0.377037972
    0.297805607 0.508676231 0.97271204 0.41851908 0.0943759978
    0.0113404691 0.222220451 0.9488886 0.904465914 0.444353253
    0.606335819 0.501017034 0.0949805081 0.784763813 0.366988689
    0.501085162 0.359214664 0.400169015 0.091091156 0.0565625429
    0.929841459 0.445301175 0.657449007 0.313478172 0.705969751
    0.366634071 0.691939473 0.145447344 0.302290618 0.690517426
    0.120117307 0.995191216 0.0984199345 0.667932034 0.901547909
    0.209198296 0.467901587 0.406235665 0.134461045 0.602345765
    0.818888307 0.192192256 0.375843078 0.836563945 0.944705486
    0.273505986 0.526445329 0.0717044771 0.0946380794 0.272933394
    0.873701215 0.777494669 0.206867158 0.060465157 0.552644074
    0.52401799 0.814510524 0.248010784 0.557820082 0.565057099
    0.770567417 0.106988102 0.635049343 0.931581795 0.122497737
    0.617177427 0.24658227 0.989291549 0.0735317171 0.333290279
    0.0227045119 0.923187494 0.0913006961 0.321829021 0.272038132
    0.0680882335 0.743482769 0.783939004 0.481574148 0.84209156
    0.227946371 0.138204128 0.498509258 0.0604249239 0.45850426
    0.948507965 0.383190215 0.744873047 0.325256258 0.672558486
    0.0938504636 0.0944173634 0.565968633 0.888054609 0.29674691
    0.0138582289 0.925133467 0.315620184 0.329585075 0.933704853
    0.450605989 0.320819378 0.7730515 0.179854602 0.448967457
    0.293339312 0.0121523142 0.948882997 0.246199131 0.132192284
    0.43203029 0.888514817 0.198689103 0.528740823 0.00387248397
    0.480416417 0.879997849 0.0621753633 0.217205852 0.958758831
    0.891225457 0.404574364 0.511328101 0.450493902 0.746339917
    0.973011434 0.549091756 0.376279056 0.197664291 0.716903567
    0.634771824 0.9441787 0.444977105 0.323355496 0.687339306
    0.359223723 0.825064898 0.697290182 0.545389175 0.771952987
    0.488332331 0.691236377 0.33291477 0.952678859 0.272839904
    0.488114834 0.605867922 0.691719413 0.00725406408 0.347454727
    0.923724234 0.152173787 0.509232521 0.302676976 0.623664856
    0.937536597 0.932185173 0.525217474 0.685408354 0.566444576
    0.492615998 0.275479019 0.854062319 0.862988055 0.870049953
    0.926721454 0.834053397 0.996336818 0.244046062 0.339696109
    0.454532385 0.808118463 0.474960774 0.254869282 0.992846787
    0.759665847 0.00949183106 0.520469069 0.00591310859 0.0816725791
    0.24169755 0.689254165 0.2914235 0.757290661 0.64081192 0.434947014
    0.747051001 0.131450981 0.818144321 0.374635637 0.707757354
    0.43666029 0.515542448 0.0549587607 0.456570238 0.90086323
    0.222236186 0.483348787 0.1505436 0.632126391 0.611313522 0.18518129
    0.308634222 0.768485785 0.561054289 0.0586760342 0.689917862
    0.61920172 0.289790869 0.907128394 0.251809537 0.404352188
    0.27754271 0.0481210947 0.909906805 0.542240202 0.67131865
    0.41845265 0.451362878 0.791906595 0.27267009 0.42314136 0.629558563
    0.289298028 0.199829072 0.457888275 0.451762259 0.817043185
    0.313310087 0.372464061 0.529306591 0.164175272 0.334812164
    0.447127402 0.146836996 0.366351128 0.283104122 0.18698281
    0.515352011 0.168549389 0.873623312 0.722802341 0.545352221
    0.828707278 0.678143263 0.789967179 0.563475251 0.685688496
    0.92092216 0.0162656307 0.29165113 0.678432882 0.41132021
    0.426994652 0.683593154 0.334183574 0.67989552 0.946972489
    0.92254132 0.553398371 0.226797462 0.602302134 0.630642593
    0.0811833441 0.658028007 0.199035108 0.260389596 0.0851807594
    0.35133785 0.267783344 0.489093572 0.00463506579 0.844329298
    0.112834632 0.0274322629 0.60684669 0.55847764 0.247415096
    0.201086283 0.144818008 0.489266634 0.139523447 0.181007117
    0.707282543 0.524239182 0.463769823 0.526173532 0.841778874
    0.150506735 0.836698413 0.691732705 0.177795887 0.460644722
    0.107760251 0.023226738 0.428508878 0.13337326 0.134804279
    0.140661269 0.552846074 0.675118089 0.909778774 0.416581661
    0.907804132 0.838994801 0.655691326 0.0434553027 0.461699605
    0.300822943 0.367517829 0.418767273 0.26003924 0.846652746
    0.942855597 0.22589004 0.0193372071 0.472667187 0.165684015
    0.901725173 0.643083751 0.0975228548 0.748611987 0.0561552048
    0.919636607 0.279876173 0.673231602 0.523936987 0.89321053
    0.0672993362 0.775970578 0.557573378 0.241409421 0.804377854
    0.866517067 0.284577012 0.543820441 0.810718715 0.659968913
    0.545860112 0.125836462 0.284883231 0.439838022 0.942916036
    0.536765695 0.413190067 0.240125239 0.468944937 0.545172215
    0.603559971 0.208878309 0.485046357 0.716382623 0.938230872
    0.157695144 0.733769417 0.722220242 0.387811005 0.277461767
    0.665409088 0.512725651 0.144989669 0.468476474 0.645951867
    0.453973979 0.661572456 0.0607457757 0.292465568 0.723278582
    0.375756025 0.603383243 0.558082283 0.519593775 0.732843399
    0.0730969906 0.724881172 0.15102312 0.819350123 0.474366874
    0.401087433 0.998582602 0.600249767 0.68543309 0.39660126
    0.485352695 0.403578848 0.649884224 0.487403005 0.525226772
    0.698105574 0.82100749 0.365484476 0.912732601 0.0719804168
    0.60500443 0.991443872 0.495657921 0.0260273814 0.747995555
    0.925157547 0.755100727 0.242219597 0.990385175 0.0330362916
    0.0957122743 0.815734386 0.937731922 0.0353877246 0.697175145
    0.112016976 0.541968584 0.80469054 0.305606484 0.629689991
    0.661751628 0.591566682 0.125935048 0.322729409 0.533390641
    0.279437721 0.158145636 0.0995842814 0.967991233 0.0598680377
    0.994812012 0.933956981 0.860374689 0.738066554 0.239390373
    0.608781338 0.743330956 0.96123755 0.786733389 0.0345643163
    0.559705794 0.657363415 0.716947734 0.129867315 0.655127823
    0.106779248 0.217464298 0.827789128 0.889892459 0.352243721
    0.512463212 0.542454302 0.345831513 0.839296997 0.984726191
    0.318302631 0.659164667 0.253675014 0.57899034 0.166962981
    0.351115704 0.46348232 0.185816735 0.729074419 0.639102936
    0.654036283 0.0863781571 0.869896889 0.779653907 0.515387475
    0.708841026 0.402174264 0.510486782 0.565302491 0.299349129
    0.668107748 0.488738865 0.745604575 0.611794233 0.624287069
    0.954584122 0.578571439 0.558481038 0.0609340966 0.0468125641
    0.509221077 0.176496029 0.060316056 0.381632149 0.247500271
    0.188200057 0.61520344 0.826197624 0.153742969 0.0487021804
    0.600490689 0.188578993 0.498417318 0.120051861 0.817524374
    0.148798972 0.286277473 0.708015323 0.442184627 0.255253136
    0.747021317 0.98370409 0.393049061 0.992884636 0.757417679
    0.75189507 0.903408766 0.219509184 0.187207848 0.0419668257
    0.631819963 0.3905361 0.867877603 0.712221742 0.801479757
    0.972246945 0.3966389 0.853471994 0.551483512 0.903501153
    0.115692139 0.27089709 0.0255563855 0.71333617 0.213124275
    0.674036384 0.108655661 0.784244299 0.342873871 0.245115489
    0.204709828 0.0645089746 0.849896908 0.915827155 0.423811674
    0.513189256 0.236377209 0.914031565 0.363200516 0.880166411
    0.171346456 0.707436264 0.425196469 0.7678774 0.010142684
    0.281810582 0.139560252 0.118162394 0.877299666 0.30496943
    0.358787537 0.508743346 0.864654124 0.257427335 0.288649499
    0.92655015 0.415999115 0.836467505 0.270633131 0.35599035
    0.107850105 0.457437545 0.0956135392 0.855674148 0.0580030382
    0.662954807 0.858596087 0.305806458 0.998941302 0.626826763
    0.347645938 0.687848568 0.918273807 0.318715185 0.484682024
    0.913578629 0.0807917416 0.83398968 0.606778741 0.439017117
    0.0853843689 0.557103455 0.484465718 0.374346077 0.213758588
    0.176332831 0.286981195 0.294727951 0.0993277431 0.167068541
    0.274578154 0.541078329 0.459337831 0.0193114877 0.221563995
    0.716393232 0.752404511 0.872730851 0.477194905 0.625579 0.838724375
    0.754015386 0.640706182 0.510332525 0.355680764 0.310379267
    0.486372024 0.49403438 0.270178676 0.916264534 0.238461167
    0.16792208 0.840068579 0.11772126 0.487149745 0.0285298228
    0.580320776 0.949729443 0.5507617 0.985895991 0.685652673
    0.915645957 0.087195158 0.743363202 0.530864298 0.432028294
    0.343741059 0.123850226 0.0247949064 0.899152875 0.0535807908
    0.0899645984 0.561314762 0.97949481 0.92295742 0.177105904
    0.349213421 0.434703767 0.260961115 0.112540722 0.610486865
    0.736899257 0.660485804 0.643977165 0.24270609 0.55981195
    0.174754053 0.337427795 0.0778366923 0.942236423 0.57461828
    0.729177833 0.706269979 0.927012682 0.928675413 0.786447048
    0.74698621 0.808897376 0.79470253 0.816884875 0.706250548
    0.352074653 0.791584253 0.583641291 0.486457139 0.886006773
    0.924045682 0.0053281486 0.872233987 0.198929727 0.0639186203
    0.257872075 0.65122056 0.0707378089 0.861789227 0.550576687
    0.942463279 0.0165211856 0.525823891 0.714412451 0.823583126
    0.820519388 0.998169065 0.883466005 0.34141326 0.416239679
    0.540792406 0.440674782 0.0735975206 0.975473046 0.250362635
    0.646758378 0.704390049 0.479308099 0.561610401 0.962204754
    0.77151823 0.316144288 0.368417889 0.663625658 0.679624081
    0.30535388 0.581855536 0.406771421 0.53937459 0.504088283
    0.886613846 0.529185116 0.105067581 0.379924148 0.0158380568
    0.451012313 0.0516423583 0.44236517 0.433838367 0.526202202
    0.0661634505 0.783288956 0.872303247 0.397757232 0.961543441
    0.375629663 0.548510969 0.983451247 0.372419834 0.547117472
    0.437149882 0.125725865 0.0539495647 0.936770558 0.495811462
    0.682271421 0.335496962 0.141239256 0.105928838 0.924434543
    0.506548226 0.130281925 0.609547675 0.425683826 0.457221329
    0.489352763 0.383724213 0.956575632 0.867513239 0.382087976
    0.528666377 0.682188094 0.430932969 0.136894971 0.57174933
    0.0719076991 0.803279877 0.992354393 0.737998605 0.825166821
    0.833148241 0.18946138 0.147485107 0.387186289 0.328215063
    0.922751963 0.65621841 0.784236789 0.977121413 0.939345717
    0.458404213 0.710016489 0.456638336 0.698638678 0.179896027
    0.100201607 0.888627231 0.740079761 0.827034235 0.692432582
    0.845425844 0.994642079 0.224202305 0.132935017 0.724666715
    0.452186793 0.459749788 0.89010632 0.314458966 0.365487278
    0.0616285205 0.459522516 0.180324048 0.403445452 0.547289193
    0.480693609 0.046603173 0.0201252103 0.45743686 0.101854682
    0.506440043 0.901986957 0.0359156728 0.824168324 0.149462789
    0.719150066 0.542652607 0.60186255 0.0898983479 0.606192291
    0.106234252 0.710145652 0.403217465 0.546775997 0.0263407826
    0.915121615 0.389428556 0.21169132 0.205089241 0.372820854
    0.282191187 0.69189465 0.833008647 0.382709473 0.0904921293
    0.427357197 0.0669616461 0.276694238 0.975409448 0.524019599
    0.518802464 0.101937324 0.232958615 0.773680449 0.878816128
    0.960427642 0.157004029 0.834941149 0.202097118 0.727377832
    0.00883021951 0.0457550883 0.817450225 0.205584675 0.537906945
    0.285642892 0.322461247 0.745805621 0.0487332642 0.30061385
    0.732897341 0.093321085 0.836774588 0.862778187 0.915736556
    0.0148530304 0.0818786323 0.827726305 0.479282588 0.401454717
    0.0176960826 0.576308548 0.0844940543 0.667764008 0.769180775
    0.0760659277 0.0872851908 0.572448075 0.847564697 0.66702652
    0.740815401 0.307702959 0.180876434 0.81344831 0.198415875
    0.920643032 0.771437049 0.375662744 0.422192097 0.370737672
    0.156733185 0.903212309 0.50278008 0.529084086 0.165574312
    0.391575158 0.274516284 0.318868786 0.939084888 0.543683529
    0.211606443 0.642734289 0.143677533 0.516662836 0.489261121
    0.325438946 0.394474059 0.517375827 0.461269081 0.370954663
    0.114645779 0.595054686 0.948817492 0.359813243 0.952973604
    0.49016276 0.330093503 0.719081283 0.19700104 0.096273303 0.58676064
    0.665002167 0.593915224 0.380427241 0.24885276 0.50180614
    0.425073057 0.599563956 0.733644128 0.564605772 0.140167922
    0.635511041 0.943443179 0.638353646 0.0678019226 0.669020355
    0.467642993 0.436290562 0.964467406 0.253991306 0.426071465
    0.531125128 0.0400245488 0.904239297 0.983227074 0.325019628
    0.973212242 0.441456765 0.643448114 0.229400247 0.525910795
    0.629396796 0.817711055 0.927490532 0.966627777 0.535708487
    0.96772337 0.382673681 0.868791521 0.960334122 0.932311058
    0.305980802 0.740244746 0.694479525 0.59039259 0.746871293
    0.480671138 0.770602345 0.605524659 0.190349013 0.350091279
    0.323565811 0.0864175856 0.673897624 0.0170023441 0.388255626
    0.662742734 0.378735691 0.0766801834 0.462208271 0.697986484
    0.988616347 0.521078289 0.121425986 0.699094296 0.399789214
    0.407285273 0.692689896 0.0468668342 0.447039545 0.412698865
    0.487840474 0.259430289 0.803255498 0.481811523 0.581536055
    0.321747094 0.595430732 0.139968246 0.793753982 0.177793235
    0.481257737 0.144163191 0.027705133 0.931167066 0.577059865
    0.726737499 0.776245654 0.1408979 0.741951585 0.09561041 0.707684577
    0.176870883 0.805130899 0.046411097 0.124238431 0.266482383
    0.496453941 0.813462079 0.244270772 0.846397042 0.48894462
    0.0135636032 0.534609556 0.587365985 0.341473758 0.295397401
    0.24847874 0.0622498989 0.477083415 0.512855709 0.0816501081
    0.839790344 0.607088268 0.710137606 0.159405828 0.262308329
    0.789733529 0.272213459 0.516049206 0.639905632 0.820406735
    0.302245408 0.0804249644 0.30051434 0.173155248 0.757668257
    0.318236709 0.771590352 0.207512826 0.480469316 0.0704769194
    0.656726837 0.575226128 0.830587149 0.705489457 0.579756916
    0.991999507 0.793412268 0.0614602864 0.343250275 0.772565246
    0.0592633188 0.153079033 0.35507372 0.747309685 0.140735179
    0.965649366 0.763221264 0.74114871 0.341066182 0.0498872101
    0.418476969 0.689879537 0.0616093874 0.626007855 0.258286893
    0.765107989 0.562444925 0.111902028 0.178354144 0.14818278
    0.926990747 0.934414744 0.122191697 0.655619264 0.0269090235
    0.411867619 0.194889784 0.382856429 0.0642081797 0.0292772949
    0.502527595 0.826977611 0.812729359 0.874060452 0.555509567
    0.34434706 0.342458665 0.575047076 0.781083107 0.514660418
    0.363616288 0.569814622 0.159031898 0.896274984 0.464176416
    0.0144002736 0.988751769 0.0842331946 0.243553966 0.2286129
    0.855235755 0.600878119 0.857878268 0.521366656 0.389994502
    0.684260964 0.314266443 0.765228331 0.741132081 0.594337642
    0.715839446 0.163910478 0.228473991 0.432470381 0.293611854
    0.261378795 0.45919466 0.0615189075 0.234474361 0.993661344
    0.843802512 0.252691329 0.258731633 0.909555078 0.539386988
    0.886487722 0.687865078 0.178119749 0.182539195 0.848981738
    0.482658088 0.723941207 0.120025277 0.512219787 0.344187737
    0.753229737 0.844147801 0.0350552797 0.0143532157 0.966705859
    0.619052827 0.89358449 0.0570516288 0.00462031364 0.356456876
    0.279925644 0.334397018 0.385127306 0.973641753 0.318506956
    0.0775176883 0.804678798 0.984858096 0.841514349 0.937776446
    0.598005414 0.916063905 0.452490687 0.695209563 0.853843451
    0.306834579 0.751365066 0.276583344 0.5144701 0.207164675
    0.0593728721 0.733010948 0.612086475 0.251823485 0.964287341
    0.97099483 0.604855835 0.223998636 0.414902449 0.712345481
    0.600775599 0.631468534 0.139047861 0.55908221 0.222007245
    0.10057497 0.988204658 0.337909162 0.0681150854 0.837921023
    0.598687112 0.73979944 0.239411741 0.800133407 0.0663533211
    0.91500783 0.0801205933 0.410448104 0.199106574 0.0783548057
    0.811444402 0.467954665 0.269819081 0.0309837759 0.0560523868
    0.860907793 0.767724812 0.926003933 0.885215402 0.654212296
    0.414325595 0.0515986979 0.945303321 0.753202558 0.521198928
    0.7394256 0.945663452 0.779845119 0.72923696 0.163343638 0.789447069
    0.338192254 0.179326802 0.84936285 0.0633798838 0.942740083
    0.182617724 0.325465441 0.432072759 0.34439522 0.951122642
    0.0853933692 0.0463711619 0.045776695 0.368392169 0.530955493
    0.755935788 0.960284233 0.300964147 0.972259045 0.689228058
    0.761533737 0.248342067 0.453254968 0.932771862 0.688196421
    0.176487982 0.171930283 0.376944184 0.735946238 0.0811960399
    0.137274891 0.435039312 0.614486992 0.186979294 0.620347321
    0.861048579 0.581820488 0.744922996 0.493354291 0.377851039
    0.445373863 0.0481513143 0.062615335 0.680645108 0.588622689
    0.624135673 0.163574994 0.494327366 0.877003431 0.864420831
    0.640779734 0.161922842 0.908151448 0.989838004 0.237246424
    0.563528955 0.514993072 0.367741466 0.913497746 0.394083828
    0.199609876 0.566275239 0.907595038 0.293082058 0.520644426
    0.706446528 0.740366817 0.750490546 0.295840144 0.977264881
    0.117781937 0.922305822 0.125646889 0.0824364126 0.87102437
    0.597177446 0.00668698549 0.360430956 0.699096084 0.999139786
    0.867858052 0.45536682 0.182153165 0.655015767 0.0524860024
    0.755689383 0.9269889 0.246121496 0.665390551 0.65821892 0.65988946
    0.0640064478 0.278245151 0.501681507 0.348197609 0.546802521
    0.248713225 0.717089415 0.470290035 0.0117919147 0.644604385
    0.76637125 0.248750478 0.802908301 0.47869426 0.727016151 0.14523077
    0.420062542 0.537359416 0.0892619491 0.108348966 0.22705847
    0.282130778 0.330367982 0.739553928 0.912665725 0.0701814294
    0.906658173 0.656996608 0.801896513 0.719043493 0.429369986
    0.321126252 0.667090297 0.438842237 0.458251387 0.275355875
    0.572373986 0.561798573 0.440506101 0.340294898 0.657902718
    0.770678103 0.668337047 0.303074121 0.173493236 0.256349593
    0.881666064 0.842969716 0.396188647 0.745490015 0.566071808
    0.30396843 0.99116236 0.97679472 0.107365996 0.316738456
    0.00676953793 0.50588727 0.731968999 0.359837711 0.295017719
    0.234631717 0.745118022 0.98768574 0.406282246 0.445281506
    0.471724242 0.679476559 0.873681247 0.952185571 0.892411232
    0.496998549 0.272204429 0.0860915184 0.888476849 0.990788043
    0.917525768 0.7468642 0.601445019 0.301666021 0.84165585
    0.0578445494 0.116342068 0.516429305 0.403722465 0.253235102
    0.369359076 0.438454747 0.0354093909 0.308938891 0.77017355
    0.413800001 0.723558903 0.253452778 0.719531178 0.470928371
    0.590134442 0.666453242 0.968721986 0.883062303 0.312701374
    0.620688677 0.50179714 0.883827031 0.35841924 0.334304273
    0.0977360308 0.0392952859 0.794951081 0.491781205 0.968540013
    0.472222328 0.540719211 0.22742328 0.894390106 0.154590368
    0.224453032 0.807379186 0.237068534 0.62155354 0.33059901
    0.510330439 0.0866305828 0.00513166189 0.164853573 0.0851653218
    0.0388281047 0.025421232 0.103264034 0.737214804 0.0774910748
    0.138278604 0.310388446 0.286922693 0.88430655 0.920692801
    0.309838474 0.940378547 0.553780138 0.153234929 0.081342876
    0.0598478615 0.108085454 0.657443047 0.833636999 0.299362212
    0.824032307 0.0998570025 0.65203464 0.557393074 0.267618001
    0.803117752 0.0963168442 0.290876925 0.434793353 0.232856393
    0.664583564 0.960996389 0.844119012 0.0935664773 0.879364133
    0.665179729 0.707502961 0.303803831 0.517274797 0.377427697
    0.00637960434 0.884464025 0.00132709742 0.585413456 0.507646024
    0.313596606 0.128479719 0.111895233 0.407429814 0.732422411
    0.312818229 0.691499352 0.0237925351 0.0213185251 0.126685202
    0.487911969 0.923669279 0.964312494 0.504131675 0.339780152
    0.251699775 0.19179976 0.557104528 0.922081113 0.141508728
    0.0961337388 0.249777377 0.197491616 0.0101006031 0.406119764
    0.918503284 0.836773813 0.682362378 0.725295424 0.780721188
    0.717144012 0.579688907 0.059404254 0.701198936 0.786476254
    0.638848782 0.00896546245 0.472747236 0.839842081 0.816604137
    0.0421008766 0.771278977 0.930577993 0.00492039323 0.284872234
    0.731651425 0.511243939 0.392384082 0.919282913 0.379287302
    0.482115299 0.695440531 0.86862576 0.462906897 0.886020541
    0.823407173 0.0886889696 0.038731277 0.127013564 0.256392419
    0.103487849 0.929819047 0.693498254 0.784775317 0.428305209
    0.473915547 0.886538982 0.780633688 0.696249247 0.750462174
    0.756488204 0.276126623 0.942889094 0.706168711 0.816808105
    0.0982098579 0.114075601 0.498532861 0.240007639 0.358880103
    0.736670136 0.108201027 0.390183717 0.610403657 0.169908464
    0.548735738 0.322593987 0.839146614 0.312089145 0.0923811793
    0.21854338 0.0315110385 0.471274108 0.578179121 0.0787032843
    0.983836889 0.313978791 0.386042833 0.104888737 0.423546821
    0.222931653 0.650605083 0.544526994 0.332157791 0.378088117
    0.105525494 0.00564908981 0.489137948 0.486012578 0.365835786
    0.246769309 0.941924691 0.819017231 0.0943686962 0.734991312
    0.351973921 0.640274823 0.840600193 0.297573775 0.0507664084
    0.702970028 0.412221134 0.366584927 0.378590822 0.105416149
    0.895289481 0.694038332 0.0899137557 0.640227079 0.106155366
    0.733813524 0.325210929 0.115994722 0.404852509 0.419459879
    0.981425405 0.834722698 0.707709372 0.292278707 0.289442539
    0.614294767 0.671857476 0.413928032 0.936593711 0.230569124
    0.347572565 0.0785861015 0.907616854 0.199981123 0.606235147
    0.816995025 0.637215614 0.816572428 0.304804415 0.621850252
    0.0653214157 0.264179289 0.530522287 0.091599673 0.200778097
    0.48036623 0.0740873218 0.22324729 0.291846991 0.507729769
    0.486599356 0.325298131 0.850455105 0.744961202 0.801747918
    0.313851953 0.213916034 0.802795291 0.890375733 0.697760642
    0.863203883 0.752309442 0.53540957 0.601037681 0.511369884
    0.694610238 0.336524487 0.796245098 0.437910169 0.903766811
    0.183876872 0.577853441 0.765342951 0.443246931 0.917911291
    0.930126548 0.848999739 0.351706684 0.249235809 0.101614505
    0.368353218 0.774589181 0.907247663 0.812731445 0.9249084
    0.0397615433 0.426356494 0.674494684 0.388938665 0.365372747
    0.207492799 0.163829595 0.763861775 0.176811576 0.127936363
    0.658963442 0.244888365 0.16258204 0.456462353 0.628259063
    0.647800446 0.891239762 0.70992136 0.183365107 0.726851642
    0.773301959 0.0682210028 0.285104394 0.152477056 0.918002725
    0.417621493 0.204720527 0.191689938 0.269114971 0.806287646
    0.980145335 0.704812825 0.639997244 0.422876596 0.668256938
    0.365759373 0.629866838 0.0585182607 0.136325091 0.918760836
    0.598007083 0.222236037 0.933377206 0.0177429318 0.738573492
    0.12081635 0.406409234 0.791929543 0.406243622 0.865997374
    0.849102676 0.990805268 0.1074076 0.369902879 0.291337132
    0.424416244 0.760462046 0.0596005023 0.266595066 0.86273706
    0.572623432 0.0223935246 0.579857707 0.999304533 0.829529107
    0.368835121 0.851136684 0.449456632 0.737425923 0.398371696
    0.207982212 0.430284739 0.938752532 0.616764843 0.208059013
    0.408518076 0.0211054385 0.0374575257 0.772296846 0.914692402
    0.623573303 0.904959023 0.71485281 0.708706498 0.663681388
    0.27531752 0.437787265 0.928022563 0.052579999 0.918755174
    0.783014536 0.813321114 0.0259212554 0.496889055 0.217569977
    0.816013992 0.93352139 0.91201067 0.870388627 0.138890207
    0.146173298 0.196793854 0.653872609 0.374171913 0.667016029
    0.0969605148 0.833614588 0.688671649 0.0826469064 0.894502819
    0.145008713 0.374441624 0.101509154 0.483260602 0.368146509
    0.359139115 0.524145544 0.68385762 0.11352855 0.852229714
    0.815372944 0.705625594 0.182255417 0.14987579 0.598069191
    0.997820675 0.959811807 0.445860475 0.573572099 0.52839762
    0.594770908 0.321766913 0.998149514 0.846934915 0.3702887
    0.937112212 0.893875957 0.939780772 0.953162551 0.963649154
    0.0595301986 0.172644764 0.759835184 0.779632211 0.0105772614
    0.551402807 0.343147159 0.557968736 0.580445647 0.470088243
    0.490874201 0.637433112 0.858099461 0.174578279 0.408686459
    0.0493767262 0.53753829 0.151691526 0.734012961 0.553424835
    0.492719382 0.76528579 0.605368316 0.0834320486 0.329573333
    0.476795644 0.0917091668 0.0609025061 0.908634067 0.749955654
    0.0280863643 0.774015427 0.920568943 0.769948125 0.113355607
    0.327539265 0.102131248 0.873175025 0.0264330506 0.646590829
    0.0141042769 0.892490923 0.390898883 0.320362985 0.623565555
    0.440138608 0.0643176138 0.0812189877 0.751327991 0.047511071
    0.0436709523 0.129995614 0.0311593413 0.422587723 0.728612721
    0.0148234963 0.607172668 0.91312933 0.877140582 0.00889962912
    0.949589133 0.256353408 0.11691618 0.367415696 0.634873807
    0.924928486 0.162088692 0.902919233 0.67029345 0.507213712
    0.275492072 0.489385366 0.950242639 0.948998094 0.458760977
    0.364557385 0.316483498 0.733589053 0.048867166 0.139647394
    0.406876832 0.514080048 0.767690718 0.47644943 0.424244344
    0.211307615 0.9777174 0.399806142 0.906432927 0.667809367
    0.357001811 0.407168806 0.0410704017 0.565604389 0.354974389
    0.664412618 0.0957803726 0.225148499 0.0164070427 0.545590043
    0.0256173611 0.0346573591 0.574585199 0.639638305 0.185864419
    0.226798981 0.652676642 0.328750044 0.287366867 0.84367609
    0.789992809 0.133565068 0.945011914 0.804143369 0.987018704
    0.124003142 0.486792386 0.973288774 0.794316649 0.499893695
    0.393926322 0.320043236 0.58991915 0.747708261 0.319531918
    0.0361499786 0.442391783 0.4286744 0.321868271 0.192155749
    0.688738704 0.985249519 0.750898063 0.953551054 0.095618397
    0.0313761532 0.658639669 0.646268606 0.49934575 0.653846264
    0.619842947 0.69021666 0.254988521 0.202208191 0.0916496515
    0.167395324 0.487478793 0.858116269 0.345636249 0.0527641773
    0.847026944 0.298019022 0.726661325 0.950051785 0.378269821
    0.922791481 0.529732227 0.118113548 0.524415255 0.349798858
    0.0516368747 0.171551406 0.294340909 0.317295343 0.65146172
    0.306122959 0.553506315 0.978402793 0.029325068 0.934598744
    0.034870863 0.103148073 0.849887669 0.784502506 0.534290969
    0.553303778 0.539165199 0.717753112 0.926096439 0.815500855
    0.0789506435 0.957613826 0.238813341 0.665150821 0.210588574
    0.743626773 0.25351429 0.115902454 0.798573613 0.765233159
    0.60055387 0.647503495 0.503736854 0.714236677 0.524271309
    0.385167748 0.246580571 0.678619146 0.554421544 0.0433325171
    0.236032844 0.195259988 0.603602231 0.26940161 0.814873755
    0.904433072 0.700360179 0.851250291 0.164924383 0.394139469
    0.581990719 0.540781498 0.108000845 0.981673956 0.220422894
    0.650218725 0.5310781 0.562619328 0.191386461 0.937493861
    0.102035612 0.636732101 0.281236857 0.69678247 0.525919497
    0.352078199 0.439390182 0.657777846 0.951336026 0.0513166487
    0.708503306 0.0237541497 0.0351190567 0.70321089 0.970051587
    0.212404221 0.306557059 0.919905722 0.577577293 0.747230172
    0.266794533 0.745886326 0.40195477 0.923486948 0.853046656
    0.756990969 0.0742402375 0.874117494 0.195019871 0.471209139
    0.907888889 0.712349057 0.970088601 0.321735203 0.785670042
    0.259623587 0.0736355484 0.196499914 0.0357840359 0.365043163
    0.218564808 0.520545304 0.652476311 0.687858224 0.630041242
    0.196104795 0.68654418 0.941312075 0.122709066 0.205189139
    0.365308344 0.826588154 0.52865994 0.00582644343 0.0726624131
    0.672174215 0.90375036 0.375571847 0.407167047 0.696169496
    0.820983112 0.0905045569 0.720924318 0.57978189 0.749440789
    0.378012717 0.199709207 0.489198297 0.891035199 0.537622869
    0.411493301 0.69999963 0.643084049 0.263065636 0.295846283
    0.520716071 0.026132822 0.845377803 0.144981831 0.142157048
    0.572734833 0.732587337 0.895547509 0.880619764 0.0644648075
    0.696947813 0.743254185 0.854985476 0.439635754 0.613030493
    0.659256935 0.618650138 0.0468361974 0.560531199 0.59234786
    0.775740743 0.6963166 0.145652801 0.650107443 0.516550303
    0.439609736 0.720083833 0.986445427 0.512684226 0.732242644
    0.425659895 0.647999346 0.345556408 0.484985918 0.535891593
    0.0529424846 0.922138155 0.00758215785 0.23988691 0.299040079
    0.158071369 0.0866620243 0.972999573 0.451634467 0.329041183
    0.215374291 0.565205753 0.270108849 0.220226347 0.0891495645
    0.0937376618 0.420134097 0.463974595 0.192545652 0.503477216
    0.463561296 0.835439205 0.726059318 0.656364381 0.192713499
    0.945625603 0.807888091 0.684107304 0.605214059 0.988408566
    0.37105158 0.0794152319 0.420963407 0.0778235197 0.575089991
    0.651962638 0.638890445 0.986015201 0.917140245 0.411004484
    0.277332067 0.596665859 0.603613555 0.550845742 0.380255282
    0.683059931 0.73164326 0.370505035 0.477253795 0.953965306
    0.165293396 0.900614142 0.65286833 0.0980346203 0.451409549
    0.688990951 0.00734952092 0.307453513 0.241502881 0.866984844
    0.546174347 0.696625769 0.22171852 0.412205994 0.459816247
    0.658996224 0.68688035 0.00199052691 0.814463139 0.377697051
    0.857348979 0.0896556079 0.0877052248 0.972630262 0.505590916
    0.152729869 0.952596545 0.970617294 0.595438421 0.132852942
    0.526298702 0.915271103 0.685136914 0.169973582 0.0407865047
    0.0853223205 0.867068887 0.458495677 0.0762771666 0.419139802
    0.144595325 0.315452576 0.971736908 0.475133747 0.143505812
    0.368291557 0.393993646 0.195346385 0.779305696 0.930428505
    0.201145679 0.333517075 0.584842503 0.931624949 0.217339963
    0.15464738 0.583752751 0.828861833 0.967705607 0.36519435
    0.293393016 0.570752203 0.552991629 0.772459149 0.492191404
    0.995056987 0.825231314 0.503799498 0.0628432333 0.26604569
    0.541497946 0.440615088 0.762793899 0.267132193 0.716992855
    0.641318977 0.528386474 0.634221852 0.899703741 0.370372057
    0.751024246 0.837831616 0.465800792 0.629034758 0.195858359
    0.538208604 0.379336864 0.0580115616 0.639503181 0.607405961
    0.888327479 0.969323277 0.818656385 0.180370241 0.0385610163
    0.779582977 0.515562475 0.339167416 0.00486341119 0.668580651
    0.522614956 0.887416244 0.895385742 0.728721857 0.0150188804
    0.52890265 0.347128272 0.324119866 0.270212531 0.723559141
    0.649055839 0.793181896 0.827891707 0.76069051 0.94198072
    0.249743909 0.806506574 0.625713348 0.927882195 0.215968221
    0.285134166 0.30820924 0.108224481 0.739694834 0.159191787
    0.200766921 0.696021199 0.974689484 0.385478348 0.528878391
    0.0832297206 0.790624917 0.758281708 0.685268044 0.751335144
    0.862006903 0.737112999 0.1778557 0.15926674 0.747309446 0.420022428
    0.452112675 0.29783833 0.213775963 0.00711229444 0.168220162
    0.855875134 0.476315916 0.240031064 0.494673729 0.0561476946
    0.868838906 0.886659801 0.69213146 0.0345751345 0.406934381
    0.717046857 0.501998901 0.873808384 0.919471741 0.53054285
    0.389016777 0.0155840814 0.779797912 0.359460622 0.383387327
    0.0329018235 0.999805093 0.831713736 0.313995153 0.811745524
    0.652639031 0.354421139 0.693498731 0.507798433 0.937315702
    0.195822865 0.934154749 0.513052881 0.544213831 0.645004511
    0.51670903 0.561752558 0.691070437 0.438618541 0.644026458
    0.314343333 0.561245501 0.665811777 0.728866041 0.934513927
    0.15938139 0.263346046 0.379523337 0.210961848 0.032851696
    0.021451503 0.0569570363 0.90632093 0.447669148 0.332654655
    0.0762311518 0.842579961 0.463701725 0.0653278828 0.429532796
    0.201868802 0.277099729 0.624049485 0.308561623 0.519030929
    0.236052245 0.342817843 0.0826480687 0.963460147 0.846046567
    0.579327881 0.56425792 0.574933827 0.609299064 0.246634871
    0.281722724 0.911306858 0.518219948 0.935654402 0.775943756
    0.0749240816 0.937486172 0.897981048 0.873584509 0.449955761
    0.746267438 0.00664970279 0.901312709 0.790622294 0.71820569
    0.720307112 0.78414011 0.97244364 0.628962278 0.81684196 0.419364274
    0.161339581 0.906458616 0.914713621 0.387568444 0.351191461
    0.565016031 0.211968899 0.47168681 0.108724505 0.512528419
    0.549536049 0.635720611 0.371046096 0.806336761 0.651907742
    0.697161555 0.469249994 0.412949622 0.972827077 0.536386788
    0.415421963 0.685916781 0.925347328 0.461454779 0.846065164
    0.278030246 0.914028049 0.251812398 0.597573578 0.870371699
    0.334471524 0.978708267 0.304511011 0.00553140044 0.696579218
    0.739924848 0.657913864 0.0976091325 0.17184934 0.264889538
    0.427043974 0.130542725 0.624484718 0.908031821 0.285916865
    0.706088543 0.332748115 0.145449251 0.210446239 0.808257818
    0.836517036 0.318556011 0.419936895 0.783782244 0.997047901
    0.641358018 0.584198117 0.403805017 0.918051302 0.852394462
    0.487795115 0.530976534 0.577768207 0.392226875 0.89407599
    0.163018614 0.517151475 0.793481231 0.203740329 0.0256097615
    0.922882736 0.969462633 0.29499501 0.0939592123 0.817326903
    0.956318378 0.661244512 0.0100352764 0.631532073 0.305785954
    0.21164012 0.492547035 0.998231292 0.367170393 0.863602638
    0.88000679 0.361187398 0.0836273432 0.309892952 0.954408288
    0.478325665 0.290473372 0.788151145 0.971728742 0.465211362
    0.255267918 0.388029754 0.776470423 0.468205512 0.00885915756
    0.337749541 0.0349988043 0.161182642 0.620139718 0.339758873
    0.366237313 0.125414103 0.49172911 0.882255316 0.100553691
    0.324334025 0.79687953 0.176278859 0.977921844 0.342033684
    0.28417325 0.575478911 0.380280256 0.454095781 0.718473017
    0.204404891 0.38284871 0.674145639 0.709184229 0.813281536
    0.879743457 0.573342919 0.938997149 0.40545401 0.227219075
    0.227012485 0.310939848 0.268671542 0.105707258 0.756907225
    0.770054162 0.591959655 0.388339698 0.0417987108 0.579520762
    0.973469853 0.929766536 0.883687735 0.6993348 0.406702787
    0.960136831 0.698462427 0.868330538 0.170623899 0.651850283
    0.691672564 0.22636798 0.922968924 0.20225805 0.95113647 0.087749064
    0.377053261 0.558754981 0.828327954 0.93380332 0.43055588
    0.361646205 0.950407624 0.130433172 0.245383382 0.706473231
    0.212759048 0.650315702 0.832503855 0.13366887 0.524730504
    0.127910286 0.700792134 0.706751287 0.643366873 0.606080055
    0.735901654 0.39770627 0.429186553 0.70107305 0.506199837
    0.605430782 0.168111235 0.423859477 0.127040237 0.888657808
    0.814396977 0.427619576 0.451457053 0.0475930572 0.241995722
    0.2388165 0.124549627 0.170310259 0.879843712 0.42339915 0.200004458
    0.528934896 0.236532807 0.0920884907 0.250805974 0.173703372
    0.501701713 0.0907176435 0.388421744 0.688803077 0.527702093
    0.648428082 0.583486497 0.979753494 0.306412905 0.163181901
    0.17157653 0.102447689 0.95320487 0.587137461 0.612984955
    0.753896713 0.501548588 0.347542644 0.345158815 0.33071804
    0.799603701 0.960101962 0.714416862 0.654986739 0.561721444
    0.66554898 0.856667161 0.772652388 0.918986559 0.80422312
    0.407972366 0.896214128 0.8719607 0.888254881 0.696905077
    0.648614585 0.626639307 0.865014672 0.864319563 0.797570407
    0.355296403 0.63641715 0.966200471 0.176118463 0.656790197
    0.763287723 0.579742014 0.236986428 0.205173463 0.325068355
    0.2124888 0.821241021 0.432786584 0.565523326 0.419372559 0.76068449
    0.080150038 0.879143715 0.852915943 0.144265801 0.51825875
    0.597993135 0.0780004561 0.399375141 0.178492457 0.935044408
    0.0399996638 0.648308277 0.728066802 0.782549143 0.424354672
    0.400303245 0.788921654 0.325211287 0.685346603 0.13030225
    0.640851974 0.518975079 0.704508424 0.613664746 0.165078163
    0.377569854 0.625984073 0.586597443 0.599667907 0.531641304
    0.132924616 0.786114097 0.792090774 0.574830532 0.851957262
    0.429454416 0.607076526 0.593279421 0.640896142 0.533392489
    0.08135885 0.697111368 0.82827723 0.352136761 0.247401059
    0.0527501404 0.835141182 0.93812865 0.569106936 0.813538313
    0.0580340028 0.19297713 0.61436373 0.724148452 0.901671648
    0.627404153 0.28515029 0.44340241 0.0855486095 0.0474840999
    0.570121288 0.869536757 0.944993734 0.118776411 0.512315214
    0.0620232821 0.762140155 0.862569273 0.230218142 0.192713141
    0.531946957 0.276866794 0.725879788 0.179806322 0.329729795
    0.803829312 0.876926541 0.270286947 0.487277448 0.730013132
    0.678033233 0.0993511677 0.937030733 0.879270077 0.823698342
    0.0590331256 0.710689783 0.864980817 0.392377615 0.123288035
    0.23862648 0.706705868 0.064635098 0.0857670903 0.0964971483
    0.993948579 0.406199396 0.461480677 0.260774851 0.278799951
    0.279720724 0.329000115 0.691107273 0.895665884 0.309310019
    0.0454913974 0.12975511 0.0680173635 0.992559791 0.0301208496
    0.0553410351 0.182663649 0.93973434 0.559580207 0.3449305 0.3896752
    0.36858052 0.749039173 0.691149592 0.3783952 0.146050155 0.847570896
    0.670679033 0.241686076 0.80777961 0.9062047 0.381028295 0.58119303
    0.681394696 0.550263107 0.843923748 0.815950751 0.074968487
    0.80470711 0.627699137 0.889591932 0.465435416 0.285411924
    0.813223302 0.67787987 0.607271016 0.950883269 0.890852749
    0.45619458 0.183148265 0.481294155 0.709871173 0.514431834
    0.214040309 0.858643532 0.238588005 0.952844977 0.31430456
    0.367051184 0.114925116 0.506083012 0.425800085 0.551970899
    0.487699419 0.25630343 0.657237649 0.944636106 0.712411106
    0.911903381 0.964363813 0.647643805 0.630442858 0.85582006
    0.47266674 0.845917821 0.784799337 0.759261549 0.665317059
    0.526453435 0.339241028 0.596246123 0.904337883 0.335767329
    0.0983633101 0.560829341 0.344052076 0.37326327 0.660486996
    0.543608963 0.551693976 0.986337781 0.752869129 0.33701098
    0.107301474 0.299891949 0.95242703 0.231634051 0.861940145
    0.248030722 0.246645659 0.90064311 0.430496275 0.301232725
    0.19744271 0.263516545 0.327044278 0.0412505269 0.84029454
    0.0906071663 0.900084019 0.802494705 0.826025963 0.0204126239
    0.194686145 0.546081424 0.211576372 0.243161589 0.58192271
    0.607235432 0.61504364 0.9830091 0.252395988 0.661193669 0.183630347
    0.521699011 0.926546335 0.668799579 0.899042368 0.404492915
    0.832275689 0.609905779 0.109396607 0.852139711 0.806735992
    0.184823036 0.875481129 0.979054809 0.744199693 0.312090397
    0.10916543 0.0148343742 0.04364416 0.648462176 0.598724306
    0.209651709 0.0989022553 0.55518204 0.158126861 0.249614954
    0.0495499372 0.0753973424 0.974926353 0.767119884 0.854177117
    0.771995783 0.144843698 0.3366687 0.706068277 0.866503 0.599719465
    0.465223104 0.88401413 0.224502146 0.872981191 0.90346545
    0.746014416 0.758356452 0.962949753 0.442332 0.373303354 0.755322993
    0.904864788 0.984817147 0.769482136 0.790369868 0.677168608
    0.486414492 0.0259923637 0.72402066 0.404836953 0.324947 0.977563381
    0.698771596 0.0923933685 0.684976995 0.746398449 0.227339327
    0.100651383 0.755384803 0.830110669 0.102801651 0.3290025 0.42307657
    0.629103005 0.937330663 0.646668553 0.838197947 0.265190691
    0.674013972 0.692945421 0.516798675 0.312945724 0.624235451
    0.720070362 0.844032049 0.516781449 0.35519588 0.384011686
    0.571659088 0.801015794 0.447933674 0.92235285 0.657376409
    0.708042085 0.00695821643 0.0119722486 0.111481279 0.0130746961
    0.338252366 0.985327363 0.390770584 0.561829627 0.993376553
    0.316027939 0.199433833 0.373015761 0.854765892 0.322530329
    0.847890615 0.51099658 0.243314654 0.297201812 0.534371495
    0.599744022 0.157063425 0.466459066 0.701828599 0.183562607
    0.0658753216 0.983528733 0.545922101 0.796013117 0.660278201
    0.989707947 0.72484678 0.387129724 0.398843557 0.577431083
    0.292259991 0.294018865 0.803741813 0.510956347 0.0994368792
    0.0429342687 0.0588514507 0.646641076 0.958891988 0.945014358
    0.516689658 0.0519595444 0.37881127 0.0538140237 0.615694761
    0.463358372 0.790118814 0.561049461 0.116503567 0.163932383
    0.00350278616 0.295619309 0.361023039 0.594160736 0.125930041
    0.708124518 0.596830845 0.330673337 0.766560197 0.609806538
    0.725508213 0.206517667 0.876173854 0.447019219 0.0581472516
    0.923599482 0.726617217 0.263104796 0.870947957 0.823325753
    0.00177782774 0.127528161 0.282762587 0.633177876 0.799970031
    0.705088615 0.76605618 0.526114047 0.1456182 0.0229213536
    0.832229137 0.858407259 0.0554183424 0.493569642 0.123604685
    0.434641123 0.17409417 0.284962863 0.862910032 0.0249260962
    0.895854771 0.839583635 0.0350567698 0.686579525 0.130361289
    0.834200919 0.804121614 0.745345294 0.443682849 0.394045711
    0.0365850925 0.455529004 0.443612754 0.71691829 0.514887929
    0.832841694 0.336442113 0.768506527 0.0916659534 0.13300705
    0.766179979 0.917099833 0.808187604 0.903018832 0.740561545
    0.716456175 0.336192489 0.869747519 0.18874374 0.2008802 0.933187246
    0.640415609 0.883749366 0.255909681 0.486022264 0.798100829
    0.212401479 0.842169046 0.609115183 0.40286234 0.309264958
    0.225507289 0.379360437 0.469228595 0.488470346 0.727646291
    0.078678906 0.494285285 0.408863395 0.193047404 0.244217634
    0.443041623 0.597826719 0.388499796 0.691803813 0.312916517
    0.711773276 0.0426323712 0.504543841 0.180778027 0.481742173
    0.800018072 0.915861964 0.791039824 0.506594598 0.338101625
    0.209709316 0.0042899847 0.246150762 0.6474998 0.569634974
    0.940303206 0.110251963 0.214283556 0.276348799 0.184254199
    0.0403330326 0.169173926 0.546615243 0.887659788 0.0881285369
    0.115807205 0.57245177 0.863337398 0.930805206 0.208587885
    0.347851872 0.0595933199 0.9695158 0.0502687395 0.916333199
    0.174615562 0.00761669874 0.364804924 0.940163255 0.868274927
    0.0261784196 0.661444128 0.73410964 0.908597291 0.386246294
    0.30434376 0.742324233 0.129608989 0.196418971 0.508739829
    0.796349406 0.797144771 0.900058866 0.699519694 0.0981712341
    0.460804701 0.722071528 0.0801836848 0.252645612 0.0910886228
    0.512762368 0.564291 0.0785472989 0.1086362 0.303201199 0.98211056
    0.575005889 0.975225687 0.510423779 0.2175152 0.189994395
    0.758572936 0.630149364 0.0876437724 0.609712541 0.4407022
    0.554190278 0.804527223 0.000981986523 0.632213116 0.336494863
    0.00851219893 0.0838840306 0.125267059 0.225728571 0.283625245
    0.832558632 0.446842283 0.968892336 0.657537937 0.795584619
    0.856875598 0.470488966 0.135243267 0.380304068 0.855195165
    0.219174236 0.02583915 0.54206574 0.5904302 0.292716414 0.251472175
    0.243974507 0.307060599 0.959536433 0.996495843 0.82369709
    0.184316337 0.547869325 0.362089127 0.38006556 0.952124357
    0.452547163 0.880973697 0.21198982 0.291739702 0.113373309
    0.887679815 0.402354866 0.228449583 0.6019032 0.836833119
    0.711340547 0.0610957742 0.520018041 0.338994831 0.556200564
    0.523840547 0.788155615 0.860585392 0.880235791 0.89880383
    0.876148462 0.395027459 0.273495197 0.784573615 0.671573639
    0.726463795 0.507173955 0.963466048 0.284080148 0.751578212
    0.150797158 0.354505301 0.0363779366 0.502732575 0.592943311
    0.0537133515 0.919378877 0.48222059 0.523836672 0.0500592291
    0.547038555 0.65696609 0.167288303 0.461626947 0.681300581
    0.0703964531 0.523538589 0.529684424 0.578398764 0.557641625
    0.162494957 0.736343861 0.464941293 0.0670081973 0.81441772
    0.467608482 0.940128684 0.295851529 0.420754701 0.0250356793
    0.659872234 0.0469156504 0.26424858 0.081569761 0.132716596
    0.117491663 0.0255530477 0.759263754 0.96998322 0.720776677
    0.629265964 0.90411222 0.272503078 0.0127077699 0.815602779
    0.963778973 0.602093101 0.388366222 0.449818313 0.419822127
    0.207604915 0.99118638 0.973649979 0.861047387 0.547697902
    0.387629688 0.10589695 0.663088262 0.171427667 0.25371024
    0.471509039 0.243431121 0.745235443 0.682478905 0.124857903
    0.574812293 0.65246129 0.826551676 0.781674802 0.674485743
    0.960152507 0.745131612 0.0799276531 0.172399849 0.915899277
    0.514911473 0.376184493 0.461707115 0.216713876 0.674698651
    0.0678831935 0.252402663 0.416691601 0.55440408 0.0567137301
    0.518633366 0.615449369 0.342091382 0.884158552 0.475223452
    0.372946411 0.185907453 0.40719378 0.380043566 0.901507854
    0.117535025 0.116991282 0.427038044 0.291867018 0.628072619
    0.0713715851 0.745414376 0.58748281 0.883914828 0.586248755
    0.237601101 0.818057775 0.746519923 0.192633271 0.848950624
    0.209700048 0.299256861 0.850425184 0.754458427 0.584290862
    0.905935466 0.760286689 0.584863663 0.277520061 0.164229661
    0.545657337 0.65574038 0.59711802 0.0272872746 0.474556446
    0.566567957 0.192487091 0.697149277 0.532594144 0.926971257
    0.162003487 0.256428957 0.251705348 0.0803402364 0.766905665
    0.914072037 0.544521928 0.695977151 0.207501322 0.527203381
    0.0463226438 0.01461339 0.561329782 0.0606145561 0.82038033
    0.932369173 0.224385023 0.376113355 0.783914804 0.995396733
    0.363575786 0.153147519 0.874396086 0.999772906 0.397288889
    0.648259044 0.25468111 0.108625412 0.536371171 0.464630723
    0.759033501 0.442870378 0.425824612 0.835025787 0.000595629215
    0.534315646 0.577476084 0.366714716 0.184515536 0.749933124
    0.0300399065 0.571849823 0.704142213 0.956734896 0.0276383162
    0.33499372 0.400324404 0.604033291 0.0531838834 0.697480917
    0.768713236 0.497852057 0.367503941 0.342499614 0.216921926
    0.00526440144 0.735738277 0.644680202 0.75836134 0.888400197
    0.465643287 0.990276039 0.97518158 0.322717726 0.403055042
    0.448215485 0.270617783 0.643840313 0.698088408 0.867393374
    0.983858466 0.503810287 0.729002059 0.447889745 0.972647905
    0.842442274 0.427401841 0.160744101 0.277403951 0.116319418
    0.0950302184 0.976826787 0.328044057 0.298920989 0.985749722
    0.361270428 0.584410608 0.357375473 0.349848896 0.933717847
    0.116363704 0.701291203 0.797080696 0.543027878 0.721434832
    0.607061863 0.606209636 0.571936905 0.739838719 0.963188648
    0.162197113 0.361733556 0.101679325 0.44501698 0.851931632
    0.0763667226 0.857405841 0.164002061 0.477005333 0.0350377858
    0.927041292 0.524501383 0.103767246 0.928936183 0.594305158
    0.892016411 0.190346152 0.834385037 0.108374566 0.507929683
    0.504530013 0.917091012 0.726561606 0.303929031 0.389061034
    0.158663332 0.655686855 0.844972134 0.49750942 0.811760426
    0.703558207 0.334279478 0.945568204 0.597107828 0.333286166
    0.655658722 0.658234715 0.964276075 0.748121381 0.918746352
    0.354376882 0.315504044 0.134803623 0.197942197 0.334571749
    0.312334508 0.444302559 0.836452723 0.830814421 0.140446126
    0.0137968361 0.0446143746 0.00701001287 0.629534602 0.319624782
    0.112715632 0.599261403 0.859814763 0.265715152 0.159093887
    0.203401178 0.386761993 0.929620862 0.317620218 0.173485905
    0.725531697 0.790669441 0.676488996 0.906547129 0.954220176
    0.498514086 0.029531002 0.61195761 0.734238207 0.213727355
    0.0225865245 0.00632542372 0.0441628695 0.151219487 0.0142702758
    0.901103258 0.228300631 0.109425932 0.484095126 0.0014385879
    0.888683975 0.000841856003 0.838143945 0.152733326 0.938994825
    0.921035826 0.842254877 0.244456828 0.52962178 0.467289567
    0.671221137 0.110629618 0.899546742 0.644211173 0.449157923
    0.663810968 0.225976855 0.807999492 0.0284714699 0.757401824
    0.534481704 0.957770944 0.303335726 0.376726776 0.905287206
    0.122871578 0.689154565 0.456576735 0.778675914 0.112810254
    0.0553937554 0.754634023 0.958744526 0.567234814 0.473365575
    0.218824655 0.272084773 0.32608068 0.748861849 0.146961421
    0.806860209 0.807902157 0.347041816 0.656982243 0.0736260414
    0.0578827262 0.749903798 0.81438905 0.150963038 0.864764035
    0.67506814 0.267050922 0.356330872 0.731445789 0.378362924
    0.107704729 0.481775254 0.241430104 0.860442281 0.849207282
    0.592699647 0.236484915 0.292844653 0.235318065 0.219027549
    0.0406326354 0.575941443 0.0767987669 0.869845986 0.588936448
    0.290997297 0.76635617 0.323028564 0.189242482 0.140542656
    0.690724134 0.987729549 0.0423611999 0.627128422 0.000338077545
    0.16044569 0.774100065 0.735481262 0.235098094 0.679099917
    0.389829636 0.601158977 0.85196054 0.010689646 0.451089501
    0.180273563 0.917459488 0.347619861 0.491761267 0.620713532
    0.988606751 0.943803668 0.525206923 0.446636915 0.0317940712
    0.141814202 0.391291112 0.592169523 0.354943454 0.214146465
    0.173622161 0.285414875 0.0881850421 0.292258441 0.684687376
    0.00870934129 0.829867601 0.647021294 0.511081696 0.569189906
    0.914122403 0.521095693 0.953490376 0.357345432 0.369758725
    0.760993242 0.172189265 0.454884052 0.305008531 0.0112890303
    0.0468843877 0.431387305 0.284028709 0.434734553 0.90335083
    0.328770965 0.77357161 0.697651744 0.89047128 0.298589349
    0.462769181 0.30253768 0.197679967 0.341542304 0.543427765 0.1868608
    0.283820093 0.244449377 0.370587885 0.296179831 0.829364419
    0.127851039 0.724114895 0.481870055 0.139396995 0.699537754
    0.0194520652 0.400519848 0.16378054 0.14254126 0.986354709
    0.642295182 0.427120626 0.767763376 0.642529249 0.923912287
    0.48323822 0.189980239 0.11788559 0.685336351 0.219401807 0.15698722
    0.141009122 0.41591084 0.401374936 0.779926419 0.383504152
    0.323077112 0.0972172618 0.967634499 0.446013808 0.119638592
    0.360400558 0.502482951 0.362182319 0.344619215 0.567847431
    0.703785658 0.504729688 0.00560820103 0.322074234 0.957570434
    0.279392511 0.428002536 0.976258397 0.400462955 0.782954693
    0.0208374262 0.863795877 0.367639184 0.358276725 0.0215856433
    0.0920283198 0.965359151 0.156356275 0.994089246 0.871863723
    0.586131454 0.398258269 0.564187348 0.689309478 0.862073779
    0.876735687 0.860395133 0.914577246 0.0333811939 0.180009544
    0.321575999 0.637037158 0.399228096 0.484804302 0.348253399
    0.228119135 0.645810962 0.697051585 0.752638578 0.773382306
    0.985184789 0.233473957 0.240353554 0.804723978 0.0998723209
    0.115037709 0.487583607 0.855948091 0.0361835063 0.302258462
    0.423638791 0.589918435 0.0283210576 0.926772356 0.902425051
    0.916061342 0.888698578 0.915045381 0.0503883958 0.628321707
    0.515790164 0.287723303 0.794933796 0.505290329 0.126205593
    0.846129835 0.942107141 0.897741079 0.0198039114 0.143602908
    0.942129493 0.22310406 0.0783031881 0.863724232 0.0464611948
    0.112002522 0.775239587 0.795928001 0.607591033 0.460426837
    0.191271007 0.864183068 0.340168744 0.348620713 0.228016168
    0.574141741 0.434213847 0.835148871 0.248413384 0.872827768
    0.137895644 0.0360322595 0.369582444 0.521784246 0.788292527
    0.578919351 0.0274671316 0.391579062 0.934757531 0.763522267
    0.209791154 0.712224841 0.401505977 0.881027162 0.0548407137
    0.580765545 0.996509552 0.40754208 0.743558049 0.95731318
    0.811095595 0.879788399 0.56552428 0.418169737 0.515091598
    0.944423676 0.953045845 0.156959862 0.776462138 0.0706407726
    0.488009125 0.739297628 0.699292719 0.364727259 0.160647959
    0.738968492 0.622697115 0.33255893 0.774747729 0.0434984267
    0.324999511 0.676961839 0.15741396 0.707480192 0.0163415074
    0.194278538 0.628683209 0.498570383 0.757771611 0.160501927
    0.428713381 0.647716343 0.232274264 0.99988234 0.526740611
    0.169491947 0.933561087 0.311773568 0.966230214 0.595209599
    0.995757043 0.317334712 0.0254633129 0.940848231 0.286690176
    0.71050024 0.641385794 0.719857097 0.0532287657 0.773147821
    0.468609184 0.12158221 0.348285258 0.28265208 0.212937325
    0.523622751 0.253166914 0.831202984 0.832729459 0.917834461
    0.601926267 0.175045937 0.443540692 0.696848631 0.883539438
    0.827994227 0.54715687 0.0283320844 0.0260030329 0.784131646
    0.985842407 0.285475969 0.460923254 0.815944493 0.884070277
    0.931615472 0.74530822 0.800624907 0.18634966 0.226456225
    0.253695488 0.698887408 0.544789732 0.79472518 0.0167271495
    0.375196606 0.173232168 0.908720255 0.563221872 0.32365039
    0.372663647 0.0988048613 0.612603188 0.638414264 0.194498599
    0.995108783 0.401773274 0.0869091451 0.443729162 0.810828984
    0.389833748 0.296162844 0.917218566 0.671677053 0.0560319126
    0.915753543 0.43522346 0.375884712 0.933455944 0.253566831
    0.654609144 0.687444925 0.525958836 0.8854357 0.539374828
    0.682792902 0.552458882 0.458147794 0.805170536 0.251021266
    0.69818598 0.726954699 0.22676602 0.918056369 0.542770743
    0.880899072 0.359296918 0.2836411 0.551790178 0.520739615
    0.836693168 0.0731418729 0.302408338 0.334710509 0.77810061
    0.895514548 0.66609776 0.698914409 0.778645754 0.725250006
    0.0490262806 0.566592157 0.00663498044 0.689783037 0.515250266
    0.0590187013 0.976373136 0.196352512 0.129860967 0.75075388
    0.436191112 0.0179347694 0.0222810507 0.38676852 0.350586206
    0.805369496 0.799501002 0.222985506 0.51494956 0.162750721
    0.774178147 0.522845626 0.708230972 0.811187863 0.564004064
    0.337730765 0.120854825 0.72624743 0.829987586 0.28576684
    0.681920767 0.383620083 0.485920012 0.0667794347 0.0403728783
    0.54822588 0.0892452002 0.843383074 0.862392306 0.838081241
    0.51311183 0.332361251 0.0915987492 0.989044189 0.844485283
    0.112866461 0.126168668 0.0433625281 0.0955049992 0.261999309
    0.896686077 0.141392022 0.0510078967 0.482111603 0.724102199
    0.994696498 0.531944692 0.855551183 0.704361975 0.0564998984
    0.895373642 0.598594189 0.747083783 0.0751905739 0.375262916
    0.448187679 0.827466726 0.306230694 0.783629537 0.768463254
    0.337475479 0.888285756 0.198386997 0.302488863 0.879623771
    0.706217468 0.902644634 0.150758117 0.411260366 0.989473879
    0.503396988 0.080535233 0.261266112 0.154046416 0.481052399
    0.639505863 0.977494836 0.924315095 0.849208474 0.516557038
    0.398059577 0.954818964 0.442243695 0.387915313 0.828126311
    0.69858098 0.923767447 0.523746192 0.00824034214 0.0313982368
    0.643990517 0.644610882 0.640243769 0.120184392 0.928657293
    0.0948677659 0.703246474 0.846152186 0.689317942 0.631854951
    0.875870585 0.926280618 0.31377703 0.155800641 0.399388194
    0.116030693 0.149310738 0.632447004 0.0842224956 0.272586554
    0.625676036 0.832713246 0.126382619 0.458202928 0.730086505
    0.631245792 0.392650366 0.332636148 0.626061201 0.826058626
    0.14650631 0.203151703 0.449932307 0.27124238 0.935887694
    0.245002151 0.321648061 0.0268541873 0.928047597 0.256504118
    0.163848251 0.434210062 0.89739728 0.432023108 0.854046583
    0.196177691 0.967569828 0.709560215 0.109074265 0.44620961
    0.670059621 0.0754492879 0.817947388 0.720717669 0.019139111
    0.795810461 0.504542291 0.199537843 0.9898808 0.244951576
    0.0079793632 0.834013641 0.982519388 0.954625726 0.0301061273
    0.708047271 0.515020728 0.913398623 0.167527616 0.752716959
    0.375899613 0.627101064 0.191243172 0.634549618 0.9108845 0.29995358
    0.877009273 0.791141629 0.439434171 0.906858563 0.311549604
    0.714086473 0.493852645 0.390705854 0.579253316 0.217479557
    0.85385561 0.936368167 0.113658875 0.757229328 0.895567715
    0.480541259 0.35395956 0.678742588 0.176556408 0.140718728
    0.952078342 0.403860897 0.951540589 0.951397777 0.0359573364
    0.220499247 0.702455342 0.810759068 0.173155993 0.708913565
    0.799226642 0.0686770976 0.922211647 0.31709227 0.57935071
    0.516623378 0.388926089 0.454162538 0.499328882 0.183372766
    0.64337039 0.0430259407 0.311902732 0.874604225 0.148981124
    0.932892621 0.795864701 0.586673677 0.177275002 0.963594794
    0.943647981 0.361100972 0.513152301 0.266142428 0.536199093
    0.022767067 0.101826936 0.00718611479 0.474813849 0.312310874
    0.315415919 0.130532384 0.494874209 0.678420246 0.0549028516
    0.181364119 0.836198211 0.122939706 0.969748318 0.655276299
    0.00936061144 0.257677794 0.713627756 0.932354808 0.928586006
    0.752246439 0.00416502357 0.185925573 0.349769175 0.95854342
    0.782418132 0.92761147 0.232699454 0.591610372 0.842925906
    0.701307416 0.820576429 0.412921935 0.724966645 0.642269731
    0.381755114 0.104732782 0.37929821 0.185637534 0.435756236
    0.0652298033 0.150158525 0.756482065 0.767399013 0.236302167
    0.00393512845 0.157107919 0.119476497 0.991083264 0.829084158
    0.0786352158 0.311526299 0.0381723046 0.183266699 0.00710076094
    0.317922205 0.344168633 0.480637342 0.0789271593 0.834271908
    0.13494879 0.288653523 0.397981167 0.251078546 0.405117333
    0.750833869 0.355709195 0.982941508 0.149639368 0.795168042
    0.399007201 0.711981833 0.313528001 0.637475193 0.587413907
    0.910629153 0.999094963 0.775856256 0.28361702 0.771914601
    0.564909577 0.584521174 0.318305492 0.825010121 0.501655638
    0.933992863 0.887905717 0.71246171 0.555360496 0.445100397
    0.691889524 0.701632202 0.0263240933 0.524586082 0.988138318
    0.830306292 0.395303935 0.168635964 0.0413661301 0.311527133
    0.86284554 0.196667671 0.866300702 0.799062252 0.87790215
    0.0933654606 0.379851192 0.906396747 0.898002386 0.996814966
    0.317880571 0.382793218 0.718871236 0.897512317 0.434902459
    0.608437657 0.119552851 0.428342521 0.645846486 0.736984432
    0.55055058 0.826708078 0.854526877 0.293199688 0.0879690945
    0.316527843 0.801263452 0.606154442 0.626801491 0.0118630528
    0.887608588 0.540454328 0.485072583 0.136184573 0.633972943
    0.460474491 0.783348083 0.275815308 0.394418836 0.789372981
    0.306107879 0.282775789 0.531054199 0.944991469 0.504689991
    0.911978722 0.769232213 0.0275893807 0.83920908 0.762959838
    0.438119888 0.919484615 0.80336833 0.926923394 0.175834388
    0.228602409 0.60476917 0.0611723363 0.0110110641 0.620815694
    0.704011798 0.274166942 0.954895377 0.904419124 0.26197648
    0.669376493 0.158179313 0.221770912 0.563777566 0.413717508
    0.959939003 0.147980064 0.0938889086 0.261312842 0.654686213
    0.422882855 0.197165608 0.0540155172 0.0731259882 0.496811122
    0.461289883 0.0370232165 0.87481916 0.630145192 0.503960788
    0.344941735 0.917760015 0.143520355 0.424437344 0.449640751
    0.719811201 0.691984117 0.459524244 0.487610042 0.0330878794
    0.332216412 0.794629514 0.919427872 0.308022827 0.126798809
    0.518634975 0.0369710922 0.157622457 0.723181427 0.497487515
    0.124795407 0.721050441 0.54514271 0.0682541132 0.364815116
    0.246561766 0.994425774 0.840785503 0.507408917 0.433926791
    0.335870475 0.848042905 0.30403173 0.341531992 0.840514719
    0.941688418 0.76890099 0.26568073 0.138962984 0.553666234
    0.387366235 0.030177027 0.443146527 0.780664206 0.943835616
    0.823836803 0.882017195 0.332948446 0.69937396 0.58005482
    0.511683106 0.474966466 0.00602573156 0.795615256 0.73831141
    0.337793052 0.948896289 0.774546921 0.764203906 0.661486089
    0.852526784 0.468450218 0.138940513 0.373608112 0.0716347396
    0.219003826 0.697187424 0.174896717 0.232925177 0.785294771
    0.49690184 0.733437717 0.980775476 0.0662663281 0.196591705
    0.18887192 0.355032086 0.587019563 0.997758329 0.137334615
    0.334508896 0.185076088 0.108962953 0.20021981 0.972177386
    0.224656105 0.946729124 0.785895228 0.651699483 0.939931393
    0.477302819 0.341593623 0.00112304091 0.412995994 0.305618286
    0.639033854 0.813670278 0.113262355 0.17433238 0.766822457
    0.801591277 0.35398367 0.872398317 0.612552583 0.719726443
    0.911121547 0.898861051 0.575915754 0.977982044 0.0238995254
    0.355695814 0.419496357 0.587792158 0.241961062 0.445922673
    0.251906395 0.102535695 0.77325213 0.854728699 0.269720078
    0.496922106 0.631811917 0.494556367 0.629340887 0.316525668
    0.0786836445 0.0837050974 0.398680419 0.891230464 0.452301294
    0.269741714 0.35067755 0.81405431 0.124155968 0.935268879
    0.890234649 0.506344497 0.664215684 0.882545412 0.394141287
    0.982581258 0.240536541 0.467080563 0.680887282 0.185520858
    0.223855674 0.825594664 0.851662517 0.173882991 0.816633344
    0.845209122 0.492985338 0.253933728 0.512596011 0.6910339
    0.242373675 0.773780823 0.398463666 0.114666551 0.0621396303
    0.00559088588 0.205906749 0.289723486 0.677779794 0.21880424
    0.029001385 0.669414759 0.650381804 0.0206521749 0.543731987
    0.833132207 0.676210284 0.111944616 0.111574262 0.130836666
    0.170479417 0.347239852 0.614178479 0.379406065 0.570095897
    0.898730934 0.573497891 0.64014107 0.0678138435 0.919201732
    0.793627977 0.526145875 0.879267335 0.790494084 0.132167667
    0.455393463 0.118546426 0.198201954 0.834823489 0.101775944
    0.847471476 0.348113418 0.381700814 0.917581618 0.916473627
    0.613890767 0.497964352 0.94805634 0.230449647 0.063480556
    0.638205528 0.396663845 0.273355782 0.576243341 0.843583643
    0.946641743 0.33596611 0.173825562 0.961816192 0.894640803
    0.236005068 0.151681572 0.000733315945 0.354612142 0.509445071
    0.0962364078 0.470854998 0.576342046 0.495556414 0.104320437
    0.347185671 0.810887277 0.636235356 0.726319849 0.472622722
    0.0174891353 0.41445297 0.839182973 0.136700004 0.203873843
    0.629497766 0.430760145 0.214430779 0.2017003 0.332202435
    0.289115459 0.498134226 0.610097647 0.345242262 0.141426414
    0.504792213 0.256450355 0.810746193 0.857630014 0.543714941
    0.831079364 0.155148625 0.986906767 0.581380188 0.780805528
    0.849101305 0.305463135 0.300604284 0.394005239 0.98604691
    0.951270938 0.290520966 0.445200115 0.890825868 0.874697447
    0.331272602 0.396444261 0.343444765 0.70197016 0.0338841081
    0.173029095 0.442533672 0.591354132 0.771681666 0.0757127702
    0.394347221 0.0387333632 0.544499159 0.0171155035 0.492885709
    0.702350795 0.930539429 0.0404944122 0.130555809 0.0228901505
    0.468300372 0.158370644 0.959188581 0.860008836 0.0863864422
    0.971247017 0.125886232 0.872829676 0.947112679 0.629930794
    0.908718944 0.950453877 0.140846103 0.0752794147 0.933434248
    0.654163718 0.118614435 0.665956974 0.220402986 0.674286604
    0.984653175 0.692127347 0.68012917 0.114184439 0.372530639
    0.153220594 0.20383814 0.390708923 0.654665053 0.105510682
    0.408902228 0.857468486 0.868697405 0.420890749 0.346528798
    0.99433291 0.746564507 0.480568767 0.932734549 0.137265533
    0.933904886 0.0756307244 0.297459364 0.272824317 0.377251506
    0.818101168 0.470799625 0.949173093 0.81127131 0.720486641
    0.691496134 0.624488354 0.0983199477 0.163771719 0.477170795
    0.265737146 0.033138752 0.38867116 0.794510841 0.327131778
    0.465549916 0.540538609 0.278062046 0.686056077 0.382383883
    0.708689928 0.14170292 0.162225336 0.746178389 0.233111382
    0.310764819 0.275454462 0.935681522 0.930915713 0.91105026
    0.69356674 0.930902481 0.829096079 0.420138955 0.932242155
    0.337488145 0.63354528 0.787889719 0.977922678 0.464161873
    0.163156211 0.908300281 0.473949701 0.62265259 0.328638941
    0.935242474 0.00518116355 0.108216226 0.0610392988 0.632948279
    0.660553217 0.0070142746 0.837724328 0.961194873 0.416090548
    0.936340094 0.581351101 0.990059376 0.648321509 0.618326366
    0.651711583 0.768032193 0.74174881 0.141014516 0.480726361
    0.286933601 0.726591945 0.998998761 0.21191749 0.604453564
    0.702816069 0.779189825 0.744697809 0.2015661 0.0912850499
    0.746887922 0.381291419 0.146381021 0.759788513 0.8491925
    0.392558098 0.856483221 0.277203888 0.371809959 0.458424032
    0.974846721 0.0960503221 0.838893056 0.873731732 0.400882602
    0.430821747 0.317766011 0.178121626 0.956982732 0.997095108
    0.0349135697 0.573378026 0.26056838 0.987869501 0.758094311
    0.775929928 0.968521595 0.635514975 0.780469239 0.187590569
    0.186217695 0.888833106 0.170839697 0.973430157 0.234209865
    0.859042704 0.257293463 0.826004148 0.0553433299 0.8223508
    0.193666935 0.614595294 0.974274516 0.902699411 0.867477536
    0.07236287 0.107741237 0.143907964 0.299235642 0.85257268
    0.445225596 0.983484387 0.366586 0.935202122 0.138200551 0.507742584
    0.485832065 0.391773701 0.144570649 0.386115074 0.399219751
    0.487272859 0.818406224 0.0343568921 0.712489903 0.967943192
    0.994429886 0.415088087 0.444084078 0.461890161 0.283732057
    0.191623539 0.81796509 0.432614326 0.591653764 0.291866541
    0.353289545 0.954373777 0.613378048 0.0930432677 0.48204565
    0.485138118 0.59508574 0.461023808 0.794137836 0.644488454
    0.875472069 0.605145216 0.797233939 0.372600913 0.165131778
    0.866476655 0.606157482 0.651671648 0.680543363 0.591015399
    0.956312895 0.420534939 0.0797647834 0.519993067 0.607946396
    0.197001874 0.666952968 0.897200227 0.740585506 0.550838113
    0.488536417 0.731799185 0.645254195 0.493861407 0.541526914
    0.604536951 0.242766231 0.780271769 0.12608549 0.854998708
    0.866017818 0.483313233 0.655176103 0.0378237367 0.855778456
    0.977543354 0.621911764 0.637018025 0.483155489 0.20713371
    0.46079573 0.472338587 0.334948093 0.865997195 0.917355776
    0.664461434 0.765380621 0.467144877 0.112665951 0.422136992
    0.0548356175 0.0570634305 0.824713707 0.731138229 0.520708084
    0.175657749 0.3325876 0.287820756 0.720604777 0.878377914
    0.584491849 0.0738507509 0.0666371584 0.882276654 0.602789938
    0.905573964 0.0547736287 0.623019457 0.144706458 0.778941274
    0.0877958834 0.732720673 0.956213117 0.218649596 0.221028984
    0.652452171 0.0864502192 0.253047645 0.555387855 0.528479159
    0.424533546 0.608771324 0.805083036 0.820141256 0.752368331
    0.523705244 0.793978453 0.763009667 0.330777287 0.0535955131
    0.152137369 0.379487216 0.631220102 0.667370677 0.87098968
    0.934505463 0.168914378 0.00456926227 0.0278850794 0.375091046
    0.553858161 0.323619008 0.969953835 0.652367413 0.202958316
    0.707292974 0.48605755 0.575692594 0.0278750658 0.0277890563
    0.415910035 0.97919929 0.304608583 0.0318414271 0.755179644
    0.418913841 0.860634685 0.628600419 0.891010046 0.450042456
    0.543198526 0.638646245 0.958473623 0.149418145 0.330699503
    0.970043063 0.447670311 0.224747479 0.624178052 0.646538138
    0.836095929 0.0439594388 0.424535155 0.975672245 0.902101755
    0.131165862 0.822689176 0.646705449 0.326277226 0.440103382
    0.866123974 0.430823863 0.800489366 0.61705178 0.289223611
    0.354393095 0.628968894 0.212459475 0.0224179029 0.592547894
    0.52235651 0.592896879 0.215417981 0.104867458 0.408874154
    0.022926122 0.0150378942 0.740284085 0.25224486 0.0487220585
    0.21036461 0.892003775 0.695183575 0.080683589 0.465463996
    0.802953959 0.289676607 0.33507973 0.525770187 0.175515503
    0.517757416 0.444213897 0.269025803 0.601180971 0.737653911
    0.15130794 0.497259438 0.714156985 0.592617154 0.966009259
    0.362671494 0.616188645 0.903472722 0.128763258 0.90412581
    0.451065361 0.705409288 0.574721456 0.956311941 0.224397153
    0.243854851 0.395532668 0.78533721 0.524026275 0.976061821
    0.831167042 0.257553428 0.0328639746 0.0436402261 0.447152704
    0.457983255 0.643786132 0.0195130408 0.647004783 0.261825979
    0.154648751 0.654916525 0.130278498 0.0309449434 0.272323459
    0.646359026 0.257605076 0.343457878 0.918628991 0.764239252
    0.903495073 0.301214755 0.487077296 0.212347448 0.692318261
    0.888786435 0.971293688 0.0808359385 0.519990027 0.0739836693
    0.435040474 0.715855598 0.353313327 0.0394414365 0.655358255
    0.926780224 0.340400755 0.816641033 0.978007674 0.520165682
    0.42250663 0.578516483 0.686165035 0.689294159 0.560532093
    0.566699147 0.653408647 0.525229335 0.53704828 0.416768521
    0.394921422 0.518485069 0.0267296731 0.689117134 0.0787392557
    0.278750092 0.889459491 0.522856116 0.0963352621 0.528369129
    0.68796742 0.817158937 0.510334253 0.858748019 0.517517269
    0.778224826 0.662918389 0.663381696 0.217255324 0.233574122
    0.595824778 0.667400956 0.496854395 0.736872733 0.816319466
    0.956304371 0.229502529 0.0222427845 0.296430409 0.119350165
    0.267563105 0.909539223 0.869398117 0.375932515 0.721018016
    0.428022951 0.361292958 0.0339303613 0.529880404 0.924582362
    0.522399902 0.321370065 0.767781615 0.312443376 0.388077289
    0.176411629 0.334876597 0.332608998 0.999290109 0.66402334
    0.372959375 0.191451639 0.873001337 0.0504260659 0.0725539029
    0.0999928117 0.0313307643 0.382909387 0.627398193 0.202629894
    0.409999102 0.473089337 0.995376706 0.414655924 0.276711285
    0.702300131 0.497616798 0.00696840882 0.725077152 0.517525077
    0.20932281 0.764238 0.926451564 0.0660263002 0.219743133 0.435987532
    0.747677028 0.605620623 0.478334934 0.818213701 0.199079871
    0.274869978 0.47996977 0.502995312 0.827182889 0.288134247
    0.631959319 0.251104176 0.0112970173 0.751054406 0.297893375
    0.924588859 0.921650171 0.0151382685 0.54760468 0.527820885
    0.866404116 0.380357146 0.542964935 0.725355446 0.466935039
    0.713012338 0.192711651 0.266242057 0.825285912 0.967265487
    0.805729866 0.26638478 0.583712459 0.918984056 0.739075005
    0.340947211 0.0719618499 0.740558386 0.692647398 0.314234793
    0.141038477 0.605358541 0.658226848 0.415343851 0.0754967332
    0.391953051 0.455558211 0.0837019682 0.58452034 0.173221111
    0.392295599 0.325419843 0.0359051228 0.228338331 0.242627412
    0.197741151 0.448608398 0.0425316095 0.0668293238 0.49437815
    0.924983263 0.786791086 0.650732398 0.458040118 0.694280744
    0.853660524 0.409631848 0.848463774 0.866975069 0.746198118
    0.420189083 0.512258053 0.899142265 0.513831615 0.741689682
    0.456089139 0.84362042 0.0243459046 0.721359253 0.954618394
    0.716455758 0.0514590442 0.765402079 0.58787024 0.367195725
    0.607598543 0.576682031 0.904984772 0.272669077 0.411687911
    0.872616053 0.655311108 0.483515948 0.341357082 0.873367965
    0.697127819 0.0564038754 0.726216435 0.683134377 0.932054222
    0.381257027 0.367026091 0.511528909 0.745292008 0.315918416
    0.439646393 0.923712969 0.0512265265 0.0600777864 0.307889938
    0.622929335 0.341888309 0.786484838 0.188464344 0.350061059
    0.633938551 0.922275543 0.966652513 0.440797627 0.770113885
    0.50739783 0.584752381 0.601067901 0.154166222 0.768423378
    0.414465874 0.174519807 0.895650983 0.212623984 0.216488868
    0.601944387 0.128906608 0.737610817 0.222706407 0.438355863
    0.874296546 0.171062797 0.684824467 0.652479887 0.700121403
    0.761330247 0.0593535006 0.738883078 0.856631875 0.355813324
    0.0470913351 0.178043664 0.978623092 0.995552063 0.748360515
    0.766161978 0.132130861 0.62724781 0.645124495 0.99774605
    0.611016035 0.713727891 0.161155552 0.801755667 0.204241484
    0.170069873 0.731022954 0.0771140158 0.995237827 0.626575947
    0.665955007 0.391272008 0.471168905 0.268341601 0.24944979
    0.922602475 0.312702417 0.629392684 0.522877395 0.662408173
    0.161522359 0.574853063 0.319686115 0.969670534 0.536547959
    0.666983485 0.576915324 0.179257274 0.553827286 0.0909975171
    0.795542359 0.271045923 0.37637499 0.114452958 0.143335581
    0.70733583 0.246234953 0.91918844 0.990997314 0.837440729 0.51213026
    0.197116464 0.413556933 0.858762681 0.940815985 0.534144521
    0.038657397 0.409025908 0.845489621 0.538003862 0.937139452
    0.30216229 0.514153242 0.602578878 0.202036679 0.489178479
    0.714719296 0.817799807 0.358241737 0.113999009 0.729054868
    0.932407737 0.880660653 0.320609123 0.187523931 0.827082872
    0.110745847 0.121967137 0.489040226 0.743318021 0.50852114
    0.802164793 0.133861929 0.304095358 0.451136619 0.864076972
    0.461648822 0.592072487 0.137917548 0.336648464 0.578235984
    0.464784503 0.164865643 0.945452809 0.0682742 0.953613997
    0.206670642 0.60513258 0.957257271 0.14885515 0.182467908
    0.201206923 0.508837759 0.64289546 0.95773983 0.919083059
    0.733678937 0.750965595 0.824069798 0.917914808 0.790985823
    0.423419625 0.499921858 0.0888410211 0.394925684 0.602750957
    0.529616296 0.702633739 0.406829834 0.581907272 0.0905030072
    0.96051085 0.0833857656 0.196725368 0.369428992 0.795334458
    0.501247406 0.75463897 0.545961082 0.416186482 0.781996429
    0.381892145 0.274069309 0.945800304 0.832922578 0.363239348
    0.420312673 0.640642047 0.916541338 0.804940343 0.563613892
    0.144834757 0.327630818 0.512447238 0.80040139 0.777031422
    0.905411005 0.964926243 0.438824207 0.93941766 0.706089616
    0.148799837 0.101599962 0.794781387 0.927695334 0.0488347709
    0.389847338 0.254106402 0.843963861 0.345930219 0.497275054
    0.776054502 0.122470707 0.419102281 0.565661788 0.834033608
    0.317559838 0.679586053 0.0879800618 0.280142069 0.551641643
    0.516721487 0.859264851 0.204880387 0.152723759 0.766008019
    0.654454172 0.868369102 0.632525027 0.654811978 0.991076946
    0.256834894 0.976285696 0.790302873 0.11882484 0.267463088
    0.670158982 0.989365876 0.670965433 0.814214587 0.761977434
    0.570526779 0.808334112 0.0541418195 0.854849577 0.225390524
    0.910860062 0.630082488 0.90974319 0.430946082 0.921499968
    0.570594013 0.715001762 0.905679464 0.635021389 0.667534471
    0.412918389 0.449051827 0.126641691 0.0299358368 0.952658296
    0.282777518 0.672347844 0.771774054 0.391518444 0.840938509
    0.15931046 0.886755943 0.542981684 0.308889866 0.636905432
    0.758663118 0.537758708 0.150888532 0.333901107 0.795006514
    0.176557869 0.681841433 0.743119776 0.554374814 0.163279682
    0.395996898 0.751850605 0.117515892 0.942910373 0.126359522
    0.800503194 0.432381094 0.876181364 0.621338427 0.95035851
    0.931810021 0.139605582 0.990821362 0.0554147363 0.248864949
    0.488740802 0.778559685 0.706656933 0.698216677 0.504988909
    0.195595771 0.563290179 0.754145145 0.441910535 0.386389017
    0.710930467 0.61559701 0.634086847 0.733062327 0.0914054811
    0.549458742 0.662421584 0.259806156 0.127871901 0.258169591
    0.420110524 0.878027558 0.380571157 0.0637242496 0.994886041
    0.129953712 0.555502772 0.305627286 0.679046869 0.939724803
    0.426808298 0.0886844695 0.565623462 0.574837983 0.0991119146
    0.740650237 0.342800736 0.418491781 0.83619976 0.488455504
    0.642515421 0.508199334 0.94777149 0.206783086 0.55482167
    0.0903657079 0.668389916 0.513234258 0.173703909 0.833213687
    0.518159986 0.102440804 0.419709712 0.735698998 0.846622944
    0.878180087 0.751725912 0.255051196 0.556575418 0.145546436
    0.995310962 0.261299372 0.238313258 0.00821572542 0.735352457
    0.477972746 0.0399971604 0.198010027 0.471997499 0.797975779
    0.872992873 0.905308127 0.118440539 0.249462068 0.72129482
    0.846395373 0.415599406 0.440968096 0.901426733 0.427850187
    0.944092393 0.799839854 0.146493226 0.76653564 0.751736403
    0.425772876 0.486640841 0.790191293 0.0689490139 0.275993884
    0.526800156 0.0664806068 0.379406482 0.86239922 0.863394082
    0.927225232 0.070633471 0.42506516 0.0992417634 0.607819796
    0.148589104 0.418587059 0.535256267 0.405162156 0.891561866
    0.473305851 0.73531425 0.0587744117 0.623081446 0.80582571
    0.569272995 0.057767868 0.277468145 0.293333828 0.583000541
    0.976695895 0.519648254 0.0567108393 0.416191459 0.316355288
    0.212988734 0.660678923 0.887490749 0.142467976 0.226892442
    0.339038163 0.735003889 0.168996185 0.104502767 0.756933987
    0.397757858 0.0847909153 0.965035081 0.800673664 0.789538741
    0.228905499 0.51273632 0.376104295 0.426243544 0.0315034688
    0.559296727 0.610050678 0.0449020863 0.169391245 0.227236331
    0.407858759 0.8249259 0.0867411494 0.192785621 0.81356442
    0.513487875 0.205388218 0.652656257 0.656704187 0.232920676
    0.650520861 0.11101979 0.943176389 0.971715927 0.224385589
    0.766515732 0.853330493 0.39746201 0.705826163 0.363390952
    0.534538388 0.714903831 0.725316942 0.347080469 0.331083059
    0.256746769 0.130536795 0.126814067 0.12640354 0.715309739
    0.548976064 0.646273136 0.45724979 0.541624904 0.506460309
    0.0262643993 0.600545466 0.443907261 0.0314186811 0.601959169
    0.99207896 0.694004416 0.869248152 0.0474262834 0.93928802
    0.78774631 0.115570277 0.0507576466 0.675641775 0.2172454
    0.263501912 0.498662502 0.108742714 0.301799893 0.453009486
    0.283455431 0.898285508 0.821158707 0.972992599 0.802434683
    0.252358675 0.818489373 0.516308784 0.794765711 0.785112619
    0.147636473 0.66743052 0.209415883 0.153085738 0.718963623
    0.255153835 0.234335601 0.183033824 0.0772660375 0.283805341
    0.583399177 0.189728558 0.702375948 0.00339159369 0.91069293
    0.16276747 0.461052001 0.311031461 0.671448171 0.18060708
    0.361135274 0.813631058 0.922382891 0.652152777 0.589239061
    0.412571967 0.295067549 0.709483325 0.0768136978 0.416728497
    0.802352548 0.550257504 0.201159358 0.609169483 0.594989896
    0.582591891 0.476253748 0.994253397 0.72075361 0.530858278
    0.251255661 0.623902559 0.669388235 0.465681225 0.801748574
    0.673164248 0.058036238 0.67515099 0.261979759 0.0350416303
    0.475732416 0.0300459266 0.739349067 0.665738583 0.356149524
    0.0228807032 0.441007495 0.0354014933 0.169977784 0.774025142
    0.870011449 0.523583055 0.352168143 0.347567081 0.414842367
    0.460349023 0.241936326 0.44581458 0.947731137 0.518393219
    0.939641237 0.759453177 0.924665987 0.0419361591 0.985809207
    0.346294343 0.892173171 0.218818545 0.994537115 0.677744746
    0.672611952 0.382566154 0.992770672 0.901929975 0.461389095
    0.0245854855 0.326319337 0.76772809 0.357652485 0.332928658
    0.0163225532 0.00184184313 0.696655989 0.835243702 0.621434689
    0.697825551 0.302109569 0.669837952 0.3660568 0.119615555
    0.794857204 0.0507641137 0.955231071 0.709751487 0.876096427
    0.0545682013 0.496463835 0.468795121 0.802059233 0.951673031
    0.482150406 0.817272782 0.566674709 0.625265002 0.000113755465
    0.719972014 0.871645331 0.787548661 0.838490725 0.511592388
    0.658170342 0.498718262 0.064671874 0.263333589 0.962870955
    0.928691149 0.612889588 0.580043614 0.0631199479 0.056012392
    0.841990352 0.559061229 0.383321017 0.28207624 0.499395341
    0.642460942 0.662110746 0.241507411 0.753663063 0.375099927
    0.212030858 0.612318635 0.990273535 0.294047534 0.490429193
    0.605783701 0.769584417 0.674326599 0.41720596 0.0945655704
    0.668408096 0.308698922 0.193966657 0.803726435 0.385113567
    0.172113657 0.972536922 0.564185441 0.501196027 0.517632425
    0.591647744 0.6723755 0.356342733 0.0364942551 0.252699614
    0.559850514 0.203161299 0.503179312 0.308295965 0.494043976
    0.779530227 0.402897954 0.935965419 0.853866935 0.552233875
    0.642748833 0.676286399 0.877273858 0.181670934 0.817503214
    0.850540161 0.588169575 0.766474724 0.707142174 0.196932763
    0.180661857 0.814014733 0.276378334 0.998507023 0.00274828076
    0.554526389 0.015244931 0.734927237 0.829365969 0.144458532
    0.459190756 0.335669875 0.681162834 0.342171907 0.49514544
    0.610717118 0.153663576 0.0891620815 0.753020525 0.289430797
    0.0130318403 0.484178066 0.421994716 0.168727875 0.117036611
    0.903392076 0.117728949 0.214379817 0.953640163 0.742768347
    0.1194233 0.603194356 0.621094942 0.765109658 0.268493056
    0.637474775 0.418167323 0.829407334 0.793597341 0.718547463
    0.942974269 0.112098932 0.904042006 0.695331693 0.030643791
    0.73560816 0.784924269 0.110815734 0.428190798 0.571579933
    0.38785547 0.117233187 0.262152553 0.0255995691 0.760875821
    0.483967155 0.116146803 0.686933637 0.322283715 0.18864274
    0.0730971992 0.669433653 0.939650714 0.398911774 0.496436089
    0.846762836 0.258207351 0.158677757 0.601279378 0.274364889
    0.847203016 0.0328344107 0.318845689 0.274608374 0.102845907
    0.9707883 0.665543914 0.508416474 0.87252748 0.324273884 0.654838502
    0.329276681 0.458719373 0.2085495 0.616164088 0.468894631
    0.658686996 0.27720809 0.938313842 0.210893542 0.849044204
    0.906638622 0.618464231 0.61382854 0.439521044 0.135296404
    0.0282000303 0.785935044 0.976067543 0.855221152 0.815898418
    0.175291657 0.5559237 0.723215938 0.367465824 0.064245522 0.13886404
    0.212956101 0.408032656 0.866123974 0.219363213 0.797440588
    0.658902168 0.239088714 0.976650119 0.327697098 0.901396751
    0.715484917 0.979209661 0.800174594 0.670139253 0.369676173
    0.861562848 0.552589476 0.796867251 0.421281844 0.360150635
    0.221971512 0.771986127 0.543581069 0.625271499 0.482803851
    0.0559009016 0.103208005 0.866689324 0.940062642 0.482615888
    0.902959824 0.081949532 0.0616285205 0.790226936 0.991779566
    0.183101684 0.496711195 0.639906168 0.210460156 0.678206086
    0.61564374 0.636469841 0.129733205 0.344781965 0.881371737
    0.130930871 0.984736979 0.994312584 0.995389462 0.782419682
    0.431353629 0.522439718 0.943706274 0.483970731 0.212307662
    0.836282134 0.866912127 0.260869771 0.529956222 0.610970378
    0.199020147 0.670230687 0.369146436 0.755703688 0.993698239
    0.132864773 0.578894854 0.626246452 0.166852862 0.310827106
    0.109806031 0.935335815 0.207905769 0.215254366 0.267882377
    0.511855662 0.111759186 0.895409405 0.820815682 0.122083187
    0.748333097 0.69175601 0.299324572 0.17383343 0.824122846
    0.725344062 0.173149347 0.746254027 0.637439013 0.319148511
    0.149709553 0.980205059 0.194569707 0.446728677 0.0214816928
    0.232273877 0.330273271 0.70115751 0.264515519 0.585893154
    0.914262533 0.28916806 0.57528615 0.664285183 0.0840881169
    0.259093285 0.93777585 0.43871215 0.627732635 0.600494266
    0.0309996903 0.607035279 0.802353144 0.968588531 0.931491137
    0.776881695 0.921046495 0.0649020076 0.160839409 0.119435489
    0.73466903 0.789544821 0.780660629 0.969204068 0.0783549845
    0.938310444 0.787454963 0.0934249759 0.588270783 0.073846817
    0.334697604 0.584588408 0.270332128 0.857405841 0.169061244
    0.937592626 0.456002891 0.111262679 0.806687355 0.476620257
    0.521852136 0.311160862 0.825878978 0.983065248 0.578925729
    0.346679449 0.0317031443 0.596720815 0.112111509 0.236213237
    0.0610097051 0.548658371 0.156186312 0.302183986 0.15893802
    0.599029481 0.627131581 0.146401137 0.777507365 0.454096913
    0.293357849 0.902475417 0.493735045 0.654447436 0.534131765
    0.290976912 0.397041887 0.461988509 0.0588537157 0.766825318
    0.238866001 0.177894115 0.225890279 0.448321849 0.889982402
    0.138976157 0.72634244 0.0440158546 0.614972353 0.207118362
    0.58674401 0.356258571 0.302289605 0.28864482 0.925404668
    0.850902975 0.860893369 0.560209036 0.377067596 0.051094383
    0.953837752 0.574583769 0.346201777 0.446745217 0.271908522
    0.164563328 0.753947496 0.723309636 0.977532148 0.580995202
    0.154120654 0.607711494 0.397102296 0.959027052 0.319640279
    0.175586164 0.702143133 0.32853651 0.774400949 0.325161994
    0.842060924 0.92310679 0.808413744 0.866507888 0.309407711
    0.08401829 0.51263392 0.122150123 0.32883209 0.418109685 0.309424073
    0.675992012 0.0570743382 0.131109238 0.870049894 0.304515183
    0.0198638141 0.0472711921 0.242515385 0.0120168626 0.64127171
    0.580194592 0.876338601 0.18883881 0.166807681 0.141535431
    0.656153977 0.155065328 0.213965327 0.327275783 0.903535843
    0.573727012 0.01165995 0.245353788 0.988541842 0.570602238
    0.889600992 0.223712236 0.0999083817 0.323678017 0.839696407
    0.13183555 0.333426803 0.762840152 0.914306462 0.100369811
    0.979286492 0.823401511 0.871977508 0.278186321 0.0801122785
    0.402764738 0.585412025 0.589010835 0.963605464 0.211297989
    0.209715217 0.999205947 0.810182512 0.555772305 0.272188127
    0.515311241 0.161922723 0.201092005 0.408032238 0.180614352
    0.19103533 0.469956011 0.0156218708 0.689756334 0.841206014
    0.0643342137 0.487353981 0.817131639 0.368966818 0.345578611
    0.205658615 0.568731844 0.0739400685 0.600867987 0.254335284
    0.183439374 0.436120629 0.979759097 0.469327152 0.364367604
    0.134882063 0.579321861 0.442568779 0.852947593 0.379509717
    0.569035172 0.00404265523 0.340820551 0.804291129 0.513991714
    0.989862919 0.965565085 0.323134601 0.11391598 0.508747876
    0.625536501 0.845127523 0.670923114 0.878825188 0.864805222
    0.719518244 0.936474264 0.206757516 0.565601885 0.513250947
    0.399412155 0.453426868 0.898776531 0.697799921 0.404413104
    0.820864737 0.671112061 0.883503199 0.562045574 0.970610678
    0.884645045 0.973874211 0.948794127 0.2084333 0.111635685
    0.472169399 0.989304066 0.49730292 0.913672328 0.63754344
    0.527660012 0.0614919364 0.562447071 0.708101392 0.915780187
    0.563266039 0.325258702 0.254578352 0.196322054 0.90178299
    0.123491943 0.517317593 0.830860078 0.102703065 0.365152597
    0.0692076385 0.947893918 0.482149065 0.093085885 0.938099563
    0.0472468138 0.225238919 0.313531756 0.944278359 0.371898681
    0.423027426 0.397938758 0.999138117 0.759337902 0.998568058
    0.621552408 0.0300974548 0.146558195 0.0932165086 0.573401034
    0.107273549 0.404397815 0.0713258982 0.738638639 0.805004716
    0.923589766 0.876597345 0.831906319 0.542614043 0.147397667
    0.219946146 0.342602015 0.277467668 0.195694178 0.624986291
    0.928390622 0.228398114 0.122088492 0.0290008783 0.774481416
    0.479091257 0.781478763 0.96748507 0.756244481 0.392596483
    0.223280281 0.52959621 0.648850739 0.689923823 0.647837341
    0.789877295 0.927808046 0.808156967 0.0367907584 0.583432555
    0.217970312 0.424552351 0.549499154 0.0446792841 0.837190688
    0.465005904 0.629150033 0.913013816 0.765479326 0.381939948
    0.655538559 0.714832306 0.167596191 0.823353648 0.982195377
    0.0848236382 0.586696148 0.712371707 0.895916581 0.36741668
    0.689081073 0.51992774 0.218779922 0.0946978331 0.124058247
    0.3808707 0.974840522 0.627312124 0.357531369 0.94234252 0.606287301
    0.706696272 0.831979036 0.0562300086 0.653863251 0.0893364549
    0.151491523 0.672899544 0.811144769 0.300708115 0.330684334
    0.525914609 0.0292413235 0.791864634 0.129483253 0.950730205
    0.158696324 0.856019616 0.722751915 0.355304688 0.101417989
    0.149255037 0.0806898177 0.293307871 0.953226924 0.872583508
    0.927573681 0.462388277 0.199929863 0.932058334 0.636705756
    0.489976048 0.00650253892 0.435248792 0.967205644 0.0757161081
    0.995586395 0.677624643 0.721343279 0.201703817 0.0367774069
    0.59239769 0.174750984 0.252641797 0.033246398 0.306943268
    0.433658808 0.302556098 0.711004138 0.451574147 0.378958464
    0.324414611 0.949898839 0.0840959549 0.429221511 0.285497308
    0.17139563 0.0730974674 0.220505238 0.593822718 0.48612237
    0.857858181 0.212813914 0.991368473 0.378918737 0.45709461
    0.975280166 0.980235219 0.254305482 0.659990311 0.982653081
    0.742523551 0.449948132 0.351034492 0.467647702 0.990886629
    0.169853538 0.388330281 0.300914466 0.795956016 0.550243199
    0.318194032 0.405754298 0.785154343 0.642978966 0.542869866
    0.838123739 0.711984396 0.716799855 0.993372977 0.823322415
    0.0729206204 0.18047598 0.111708492 0.590361297 0.762510538
    0.41813004 0.105368704 0.991492271 0.883352697 0.333734363
    0.0417084992 0.412391424 0.0405525565 0.288542271 0.515835524
    0.6272071 0.634479463 0.809749186 0.780875981 0.557260036
    0.224133492 0.969995856 0.483460575 0.37990427 0.805848241
    0.922794521 0.603834033 0.790154397 0.275841475 0.674972177
    0.446311176 0.1087358 0.983099699 0.907653868 0.114336163 0.65895927
    0.415495515 0.168944597 0.0376620591 0.51220268 0.532132804
    0.436601192 0.328101426 0.670207977 0.51955235 0.422343552
    0.645541787 0.64347291 0.0339554548 0.105771452 0.989203691
    0.0258270204 0.901833773 0.285659492 0.269289136 0.732233405
    0.445468783 0.518342495 0.471556515 0.203933328 0.700576603
    0.530427217 0.218127966 0.712246716 0.888940096 0.586095273
    0.661689818 0.569626987 0.473505765 0.497176439 0.480280399
    0.689227462 0.259306669 0.10311839 0.213160038 0.979723811
    0.821056783 0.284079015 0.487699419 0.934622884 0.210278392
    0.318616152 0.0713681281 0.689896941 0.600367308 0.696710527
    0.0630330443 0.344805866 0.711938739 0.605971038 0.386487931
    0.165476054 0.4701868 0.0497085154 0.223331064 0.0656746626
    0.761466563 0.140636325 0.476619512 0.569597244 0.0103712976
    0.900181651 0.393139392 0.735261977 0.927003503 0.461563319
    0.464437217 0.807353377 0.22922349 0.715821207 0.829418182
    0.513073921 0.878820479 0.724981248 0.117998451 0.436480165
    0.952644825 0.4773615 0.849801779 0.800198078 0.397824347
    0.603297532 0.463643223 0.0230003595 0.520699382 0.0970447063
    0.0999649763 0.878470421 0.688177705 0.525282085 0.424607366
    0.477736801 0.564120948 0.900159121 0.760069668 0.987679183
    0.820173502 0.789534092 0.390204966 0.483044595 0.873460531
    0.428274006 0.816248536 0.282357633 0.37639755 0.359377116
    0.0364120007 0.196727455 0.200027615 0.957230866 0.341566503
    0.960343242 0.0273917913 0.576127768 0.527985871 0.477924943
    0.471706897 0.900348663 0.903500438 0.53995955 0.0684221387
    0.724253356 0.489446074 0.754104614 0.939695716 0.907960653
    0.585855782 0.409036219 0.84838295 0.868461907 0.855653048
    0.946648955 0.462624043 0.496736497 0.74539113 0.798091054
    0.371509016 0.592747927 0.848750591 0.789516926 0.0134989023
    0.050888896 0.437399954 0.773987949 0.319672823 0.188462079
    0.671429157 0.133659512 0.91918087 0.313533485 0.376462013
    0.265896022 0.228677124 0.914182425 0.590328932 0.424297422
    0.1470716 0.553297937 0.989233613 0.335538566 0.296119332
    0.385487437 0.0868599713 0.791113734 0.097584337 0.327632427
    0.818183243 0.313488126 0.182918727 0.543639421 0.126193851
    0.0741886497 0.263820261 0.0603245199 0.5353688 0.20081073
    0.140637189 0.616065741 0.854844689 0.95789361 0.913808107
    0.338275164 0.991642773 0.12938109 0.779829264 0.768585801
    0.293812156 0.209562659 0.182896525 0.302195221 0.676010907
    0.0879324377 0.319843888 0.724140406 0.823335469 0.15512079
    0.317595422 0.112606883 0.598434746 0.249057055 0.834142983
    0.156347454 0.765066326 0.234971553 0.83113414 0.496902794
    0.889646709 0.553785324 0.250659525 0.31457895 0.96222204
    0.156378865 0.953792691 0.520947456 0.62103194 0.0274697542
    0.0235391557 0.960768223 0.447903156 0.151443064 0.292475611
    0.410199285 0.716198385 0.999217749 0.533080339 0.901982784
    0.96632129 0.570502937 0.723576725 0.194361538 0.105084568
    0.229646832 0.225132078 0.659842014 0.914542973 0.134270757
    0.765816152 0.142599851 0.783476114 0.000723898411 0.239365816
    0.940419197 0.897118807 0.140780181 0.687274337 0.442842484
    0.0518195927 0.0525388122 0.94443953 0.884232402 0.0518599749
    0.444906324 0.700374365 0.546932995 0.598163843 0.761236906
    0.574500024 0.972963691 0.387327641 0.840684056 0.648460448
    0.58342427 0.270224154 0.654994965 0.269514889 0.225968778
    0.0279204845 0.0305293798 0.0226550102 0.205650151 0.519641161
    0.143512309 0.672269762 0.519154131 0.144613385 0.950214744
    0.218731612 0.282371402 0.720509291 0.511430085 0.77301991
    0.43154633 0.749638498 0.66507709 0.90112257 0.330345392 0.463896841
    0.618937254 0.267686248 0.704263031 0.251549423 0.446910441
    0.300162017 0.512296259 0.621335745 0.153109312 0.8644768
    0.772981048 0.825999022 0.894654751 0.407256424 0.117115051
    0.0131155252 0.318514347 0.334287226 0.789777398 0.121686667
    0.89092654 0.884896398 0.747256637 0.0781208873 0.498177618
    0.146432668 0.30304271 0.878084123 0.882771373 0.540498137
    0.0743521452 0.905230403 0.949630141 0.143978924 0.495665759
    0.399549931 0.382245034 0.149898827 0.521604776 0.157171786
    0.354149997 0.825090408 0.574443758 0.720422387 0.819571137
    0.994991541 0.39290756 0.131078422 0.395925194 0.186296612
    0.950116754 0.0135557652 0.450710177 0.182785869 0.827137649
    0.443135619 0.18054837 0.581955671 0.321318448 0.79397738
    0.832642376 0.618076563 0.118037552 0.398277104 0.507523239
    0.729447126 0.802297235 0.802216768 0.691662192 0.0143681765
    0.389549702 0.0488830209 0.364116132 0.715753078 0.885848284
    0.951164365 0.598144054 0.737066567 0.247022927 0.619450033
    0.868457437 0.54513377 0.680115104 0.748849809 0.718337357
    0.85181725 0.307943463 0.951931834 0.471829236 0.357882619
    0.291027188 0.715521991 0.00260069966 0.725690007 0.689043999
    0.704980731 0.165732384 0.149282038 0.186975062 0.863158226
    0.0188859701 0.659142017 0.149322689 0.683443785 0.356231183
    0.047541678 0.291549265 0.976501584 0.345657706 0.334967196
    0.101212054 0.260031223 0.354973704 0.430455357 0.760995626
    0.897658944 0.825562537 0.231020242 0.450069696 0.573472083
    0.689956069 0.0774574578 0.867209196 0.892339349 0.0762192905
    0.959177971 0.550572515 0.644657373 0.712478936 0.393456757
    0.0153985023 0.746245801 0.615136623 0.0181635618 0.779552042
    0.0493708551 0.0841247141 0.511220574 0.48933655 0.906508446
    0.564976037 0.670773983 0.584056795 0.938331962 0.906833529
    0.10141021 0.370966136 0.24794367 0.749142468 0.464264095
    0.129579216 0.367894232 0.785218716 0.654231846 0.381039917
    0.0431102812 0.418543458 0.764180779 0.153352499 0.653881431
    0.250794053 0.62078172 0.379079342 0.722885668 0.701384008
    0.786372304 0.000335276127 0.495737046 0.760524929 0.226194829
    0.940239668 0.828314781 0.488850564 0.0640806258 0.9229877
    0.187856555 0.502508461 0.438994914 0.690856159 0.513503492
    0.414474577 0.622734964 0.944217205 0.0200480819 0.95598948
    0.484110683 0.44926554 0.740354121 0.548592508 0.606482625
    0.756627083 0.874381542 0.775689363 0.265122712 0.64322567
    0.722791553 0.745691657 0.137376308 0.834839582 0.324099213
    0.737389922 0.665516615 0.183175147 0.476583868 0.998655677
    0.296378404 0.516721904 0.95062232 0.219809055 0.782162428
    0.741677403 0.192192346 0.246415257 0.939475 0.202680737 0.373903424
    0.619036615 0.119593441 0.63497901 0.889740825 0.870572686
    0.749709606 0.179369479 0.867352664 0.792618513 0.77162528
    0.0641958714 0.668856084 0.611285329 0.253728032 0.899645209
    0.274611712 0.28700161 0.103215367 0.941882253 0.418696523
    0.243694007 0.362716973 0.264298886 0.699509919 0.117379546
    0.709109783 0.163515776 0.460063159 0.848864198 0.538689315
    0.670735717 0.657411277 0.82976079 0.205253631 0.868005753
    0.796386003 0.987273097 0.681828856 0.135893792 0.0373609364
    0.42844969 0.216118097 0.130968183 0.0664571226 0.651184261
    0.368911475 0.527043521 0.368587911 0.0421765745 0.796472609
    0.776774883 0.0570771694 0.504883528 0.114458621 0.547494173
    0.987149715 0.743441105 0.994309306 0.264258742 0.426896513
    0.555912554 0.244452834 0.239126682 0.238549322 0.99157995
    0.694315195 0.488717198 0.281420678 0.681773007 0.171014637
    0.248950273 0.502258778 0.0690557361 0.758767366 0.233226776
    0.354412019 0.64348644 0.811230063 0.262449414 0.533056378
    0.742513478 0.137108743 0.425248623 0.716416776 0.66370213
    0.691584826 0.369006574 0.345395535 0.777224183 0.303482473
    0.530525565 0.229171336 0.579715848 0.443755716 0.99040091
    0.77453804 0.759229898 0.420727402 0.799429893 0.00168928504
    0.681522787 0.636470914 0.290452242 0.134596169 0.0218386054
    0.711265683 0.608047843 0.446080238 0.788577259 0.920087099
    0.203416824 0.968932033 0.357342154 0.0692875087 0.065421015
    0.444629669 0.302992463 0.769375086 0.64666003 0.26648277
    0.0963442922 0.278439999 0.772645533 0.608482182 0.741088569
    0.358269989 0.584725857 0.213684022 0.718045294 0.493150502
    0.274264842 0.532424867 0.952056408 0.239782751 0.163176715
    0.959008396 0.533214331 0.567132115 0.34584868 0.71921587
    0.606452823 0.844383955 0.748845994 0.604951262 0.60716027
    0.227819264 0.104776442 0.691510081 0.23552382 0.0634148419
    0.0220443308 0.885383606 0.402385294 0.294779629 0.491066426
    0.508924544 0.407193005 0.958271086 0.320368737 0.97478348
    0.129504144 0.944600999 0.570641994 0.516982019 0.554008961
    0.477818429 0.966969609 0.204983026 0.419603407 0.838002503
    0.206879735 0.00173065066 0.76306653 0.655859649 0.844860733
    0.388881028 0.611384869 0.966381729 0.208059043 0.0240997076
    0.826305747 0.348282278 0.342856169 0.221779436 0.817929149
    0.338427007 0.491957486 0.787245452 0.902502358 0.830213308
    0.0747899115 0.599714935 0.942076981 0.247540802 0.619193196
    0.635664642 0.574804902 0.352599561 0.559979379 0.0156491399
    0.177456737 0.691850722 0.338101983 0.60310781 0.522720098
    0.815072954 0.495131165 0.828473568 0.650575221 0.231053829
    0.775497139 0.416753143 0.0758431852 0.777546585 0.128046632
    0.341644526 0.0275716782 0.280239165 0.447876185 0.0848781466
    0.41245079 0.333567679 0.459939063 0.437657833 0.191942513
    0.540013492 0.887537003 0.221465528 0.971167684 0.846078753
    0.321095258 0.225749165 0.988752723 0.43255806 0.137976944
    0.889362812 0.617673457 0.831297994 0.779000998 0.277730703
    0.451675296 0.719806433 0.00802657008 0.853199363 0.929013014
    0.483175874 0.381828606 0.0959660709 0.877865851 0.558235288
    0.509511471 0.637761772 0.990262449 0.0205984712 0.962942362
    0.780301571 0.476857424 0.171335518 0.00262832642 0.0544010401
    0.696228921 0.613596201 0.837300837 0.530106306 0.490507662
    0.805964112 0.981094241 0.636793852 0.434430122 0.118543863
    0.924536228 0.472601146 0.938763022 0.570052385 0.38268885
    0.0423816144 0.268402159 0.705792248 0.0784685314 0.218922049
    0.293296456 0.761102676 0.12405166 0.362582564 0.556818604
    0.41618219 0.0558159351 0.199523568 0.00908794999 0.0862432122
    0.818249941 0.758360982 0.909537315 0.452924967 0.162623227
    0.419452071 0.917940319 0.887018442 0.668340027 0.614442825
    0.729962468 0.580056667 0.794475794 0.862439394 0.671123445
    0.36644575 0.957249284 0.198583335 0.0689674616 0.850845933
    0.283750594 0.756977558 0.0506577194 0.520342588 0.414778978
    0.390191436 0.0344419479 0.20423457 0.46222198 0.862336636
    0.143523127 0.279335201 0.750132084 0.541191638 0.346989691
    0.324050963 0.0993028581 0.2141065 0.300269544 0.573560596
    0.690305471 0.354822487 0.0675768852 0.591808319 0.0105148256
    0.365790367 0.957937121 0.613812447 0.36894691 0.7222386 0.751943469
    0.292595923 0.327561557 0.696500778 0.292912424 0.481462836
    0.144021481 0.194347382 0.614433587 0.676903009 0.902571082
    0.394102931 0.333090544 0.153748751 0.58887738 0.36880669
    0.934162736 0.861199379 0.0574910939 0.353987575 0.247825712
    0.297155261 0.615512788 0.789648175 0.0740252733 0.979708731
    0.256062001 0.847706437 0.857328296 0.808873057 0.392348766
    0.774501681 0.325962842 0.813230097 0.0969185829 0.298779041
    0.695384443 0.208040118 0.570023477 0.465222299 0.180775344
    0.754961967 0.311336845 0.530886948 0.527598977 0.348678648
    0.959998548 0.988030076 0.328033924 0.185990155 0.338155359
    0.569600344 0.299987882 0.677989066 0.479613453 0.682471991
    0.51183629 0.677450657 0.555915356 0.999714851 0.767130256
    0.869962752 0.409343362 0.851248085 0.265759081 0.120839179
    0.174959123 0.129077315 0.555695176 0.699414194 0.895786405
    0.339336157 0.557215333 0.243654102 0.481250405 0.541974902
    0.283062994 0.268267035 0.0110674798 0.845960855 0.781531811
    0.866015375 0.355122834 0.555328965 0.903576136 0.418761373
    0.631701708 0.654406548 0.29610616 0.398628652 0.112851948
    0.614651859 0.572195292 0.870620012 0.707680464 0.112874359
    0.467386067 0.170484811 0.778351247 0.857250452 0.341920882
    0.179745764 0.359801978 0.683065832 0.829689026 0.749690711
    0.224322736 0.877071977 0.169278353 0.857752562 0.176508456
    0.265522957 0.247684002 0.410767078 0.326720238 0.111261785
    0.117991388 0.014964819 0.99490118 0.820914805 0.383304089
    0.669763863 0.880460024 0.532747388 0.542345703 0.292490005
    0.31198284 0.0792850554 0.86765027 0.717954993 0.369182646
    0.0685823262 0.844244957 0.119317532 0.871675849 0.194145054
    0.887563944 0.899706662 0.809919059 0.984102249 0.663188577
    0.288622439 0.87575078 0.480161905 0.36141932 0.613342345
    0.992694318 0.583701611 0.528244495 0.627898932 0.32480976
    0.720042348 0.239905328 0.439961761 0.806078792 0.596579075
    0.359251767 0.385268033 0.711528838 0.561024129 0.294043243
    0.396031588 0.319190979 0.00104025006 0.984784722 0.0491871834
    0.0764596164 0.668482602 0.672878683 0.923286855 0.966460347
    0.890154481 0.595421135 0.827430904 0.0906592906 0.813164771
    0.705677271 0.76744622 0.68317759 0.606767058 0.851043582
    0.409090012 0.539407134 0.330579877 0.103562742 0.754674196
    0.49485442 0.775984645 0.955382347 0.806802988 0.619864821
    0.678613365 0.142985821 0.945076942 0.649472475 0.89050746
    0.762066603 0.033259362 0.71558696 0.21942848 0.200855821
    0.753745079 0.736617088 0.967267513 0.289728999 0.561806142
    0.31142661 0.357790619 0.836085558 0.407478899 0.126060158
    0.443749011 0.544178307 0.887447476 0.235335797 0.73131454
    0.156027645 0.080340296 0.104094923 0.192387372 0.216884583
    0.736522317 0.333480716 0.0952599049 0.998702526 0.608677924
    0.187192857 0.0262381136 0.159057498 0.836623669 0.0762553513
    0.979366958 0.308983982 0.633973181 0.678358674 0.927331328
    0.0829509497 0.855371833 0.467884153 0.244327307 0.0597631335
    0.508322239 0.668890357 0.262068212 0.657104969 0.656433582
    0.745959103 0.894814253 0.555132806 0.316050351 0.814030886
    0.77915436 0.922601819 0.254125386 0.799475491 0.774074674
    0.697754085 0.876604199 0.0302542746 0.480494469 0.568910897
    0.753430843 0.963074982 0.261913091 0.790715218 0.328294188
    0.162403166 0.717769146 0.922881663 0.578784049 0.065092355
    0.585016072 0.543572903 0.735398233 0.944416642 0.495053023
    0.343789726 0.931129992 0.448656648 0.613890588 0.517485797
    0.262941301 0.760940433 0.358831525 0.381211191 0.220578611
    0.633085847 0.223618418 0.969530582 0.248625666 0.999640942
    0.200064927 0.647026002 0.130036294 0.0924928784 0.327591002
    0.607331157 0.383379519 0.503237009 0.316077858 0.215095252
    0.208956957 0.0983147025 0.818837166 0.686997533 0.559353054
    0.565498352 0.488122702 0.63408494 0.475445479 0.63930577
    0.0360670984 0.428161591 0.353690416 0.112814695 0.119462937
    0.89121449 0.213077694 0.708644032 0.0148649514 0.00904217362
    0.0783376396 0.287290484 0.113385946 0.860142827 0.364014328
    0.231105566 0.266642928 0.464163452 0.00399699807 0.817318559
    0.690245569 0.627076626 0.884514034 0.52816236 0.0550727844
    0.258907259 0.0726385713 0.389076412 0.663040757 0.56045121
    0.17390126 0.820842683 0.65004307 0.635463238 0.00743767619
    0.735836864 0.580413699 0.953251779 0.97763896 0.661483884
    0.958680212 0.249245733 0.581319869 0.940827727 0.527806461
    0.478731424 0.446929574 0.758060455 0.425378799 0.754699707
    0.808794141 0.403287232 0.343586683 0.31392464 0.603422046
    0.0859717429 0.831185043 0.383097112 0.539035141 0.582828164
    0.83723104 0.307917476 0.678526342 0.3042804 0.397047222 0.605250835
    0.240043253 0.923144579 0.8198452 0.318486989 0.341437101
    0.184904844 0.0191586912 0.0693646967 0.202877462 0.720050514
    0.435886502 0.756399095 0.467206389 0.540097475 0.0265232623
    0.406826794 0.266799569 0.310131609 0.361956954 0.359395534
    0.654142261 0.362937957 0.35289824 0.923988342 0.0514595211
    0.0396737456 0.432616025 0.378197461 0.587669492 0.446524382
    0.6161924 0.977575541 0.457652837 0.469835788 0.0958754122
    0.903148174 0.563240647 0.799003839 0.900202155 0.758625269
    0.109686613 0.837446094 0.607508659 0.639728189 0.363149643
    0.740244269 0.614324331 0.136389613 0.733041584 0.0189604163
    0.972597361 0.852502823 0.231608123 0.29914397 0.635318756
    0.926968694 0.706119955 0.806933403 0.081258148 0.603495598
    0.435829937 0.785388589 0.15266934 0.781077981 0.268627435
    0.486015141 0.0116639137 0.381762505 0.62286967 0.655140162
    0.264374912 0.892056942 0.36892575 0.000110059977 0.878960848
    0.122595817 0.179815024 0.651441991 0.968625009 0.652499914
    0.0541399419 0.843612432 0.157350212 0.116138428 0.551427066
    0.132555783 0.929265797 0.362209439 0.693953931 0.901107907
    0.141359001 0.487132639 0.562863886 0.102898568 0.979019403
    0.643782377 0.832806051 0.668879926 0.972643733 0.0298918486
    0.344739586 0.282513201 0.168128878 0.643385291 0.440285712
    0.688736796 0.754744887 0.875882864 0.0547434688 0.244881243
    0.624472558 0.385695785 0.269819021 0.00443539023 0.308475792
    0.277516544 0.0143056214 0.822369933 0.789151311 0.789385378
    0.310515285 0.911192834 0.606630802 0.746376753 0.118013352
    0.388752103 0.548986197 0.814789474 0.214210659 0.775951624
    0.905765772 0.0181439519 0.627625585 0.887151241 0.992787182
    0.34521094 0.458686352 0.234550208 0.0637802482 0.963345289
    0.42110306 0.374245882 0.14101398 0.139505744 0.366526842
    0.399135351 0.55748564 0.611451745 0.945323884 0.716475904
    0.854055703 0.717634201 0.409621954 0.947243035 0.815945864
    0.386359215 0.454856128 0.933725238 0.404395878 0.825588942
    0.138198793 0.129388601 0.273590386 0.313500047 0.387790442
    0.182856828 0.145491362 0.331781238 0.079873383 0.994134545
    0.669300675 0.490021646 0.0615653694 0.819532692 0.800961673
    0.13620466 0.354222506 0.259129733 0.215822518 0.517039776
    0.742798924 0.11507532 0.0469463468 0.827212453 0.62967962
    0.569490254 0.347827673 0.459994704 0.923832655 0.806153119
    0.255820245 0.0598852336 0.163535088 0.0235573947 0.222558439
    0.551789939 0.261110783 0.295261949 0.579780042 0.903844833
    0.893932223 0.500537574 0.667131364 0.91181767 0.38666749 0.67351371
    0.238303453 0.313536584 0.135416359 0.847631633 0.724894106
    0.272325963 0.991247177 0.259697974 0.680332661 0.109053135
    0.732755005 0.688803434 0.829091191 0.759297252 0.693870723
    0.962080956 0.680817246 0.514377296 0.805679798 0.564491093
    0.120227337 0.6798715 0.316084087 0.352615952 0.340561271
    0.758545697 0.258629262 0.773164392 0.746903777 0.209606141
    0.221142977 0.186844736 0.361552119 0.416063547 0.343223929
    0.616473019 0.994592428 0.751253009 0.510082364 0.445198059
    0.530416369 0.695067406 0.272437304 0.821511269 0.706541538
    0.344366789 0.810222089 0.815653563 0.872927606 0.701492906
    0.431281865 0.117608339 0.697634637 0.734833896 0.768657625
    0.0960169733 0.647056103 0.830056071 0.343686283 0.689651191
    0.899650693 0.270353854 0.59730196 0.700595737 0.298890144
    0.543224514 0.813233495 0.086637646 0.639382601 0.611858785
    0.491756499 0.219967216 0.840826869 0.382270098 0.241459042
    0.947214365 0.00512164831 0.642668784 0.402296603 0.653508008
    0.913307905 0.89462626 0.010273695 0.973547459 0.365747482
    0.0428611934 0.632945538 0.071400404 0.525702953 0.624090552
    0.183080077 0.384024471 0.727332413 0.5714975 0.604331374
    0.219731838 0.795255601 0.139442444 0.498056203 0.0781791508
    0.168579072 0.333671153 0.339554489 0.777801871 0.391317427
    0.860268831 0.0421484411 0.0699414611 0.266142309 0.823179483
    0.156093955 0.35740304 0.39123413 0.0612671077 0.0415967703
    0.618322015 0.0817173719 0.152287632 0.376614809 0.784298301
    0.932817817 0.549250245 0.991452813 0.489485204 0.475692272
    0.010943085 0.205359787 0.723982513 0.141209245 0.300077647
    0.671125174 0.278877825 0.32427901 0.309288561 0.83747673
    0.555211186 0.712904871 0.633245409 0.903591394 0.764733255
    0.189618528 0.709938467 0.655796766 0.994061351 0.324973822
    0.15421164 0.600969195 0.0642294884 0.820793748 0.506952405
    0.129235774 0.862892151 0.957154155 0.441236556 0.85132885
    0.0766320825 0.192795038 0.503390551 0.022223264 0.410164475
    0.066144973 0.0350246429 0.962678552 0.925661266 0.200974226
    0.0938768685 0.688839674 0.000984400511 0.60993129 0.0379458368
    0.02867347 0.993151784 0.506652415 0.467312276 0.835025489
    0.950876951 0.289542854 0.883929729 0.0518335998 0.272423804
    0.450345725 0.725126386 0.0452186465 0.58283478 0.56797123
    0.119453698 0.378444791 0.630617082 0.496171027 0.153195888
    0.540061891 0.450286508 0.0200763643 0.604182839 0.231477976
    0.898760557 0.580018878 0.704068542 0.529906452 0.835691392
    0.800015628 0.650375783 0.0496837795 0.642670274 0.30385834
    0.132077187 0.635966718 0.26590097 0.637859166 0.673654556
    0.606713176 0.946353912 0.394943476 0.0718332529 0.0993446112
    0.0836947262 0.760078549 0.148977369 0.705243468 0.0194709301
    0.257549256 0.459158778 0.997612238 0.586479962 0.0531206727
    0.551637948 0.764705956 0.475531489 0.999371767 0.419772476
    0.15246886 0.72969687 0.620643079 0.731295943 0.607356668
    0.117185146 0.177281231 0.352092028 0.39491564 0.743584692
    0.716005206 0.0165086985 0.43365103 0.34440729 0.428440809
    0.893271446 0.267897159 0.816966593 0.113377512 0.247495592
    0.460796297 0.379868478 0.523050666 0.147511333 0.991972864
    0.546093762 0.176377952 0.681482553 0.548047066 0.16791904
    0.270163715 0.935035229 0.388735056 0.617762208 0.882886171
    0.0251460373 0.123976976 0.522357047 0.0627966821 0.872276366
    0.669857204 0.043436259 0.306419849 0.314512789 0.656634808
    0.0232759416 0.662825108 0.943662405 0.0793539882 0.108557165
    0.131212324 1.30236149e-05 0.0933192074 0.418043882 0.633644342
    0.746849775 0.107605308 0.712888598 0.934145749 0.928938448
    0.0205056965 0.688042343 0.927510977 0.439617604 0.346877456
    0.0163521767 0.165884823 0.791773558 0.163195014 0.17589727
    0.440699488 0.290777504 0.246852607 0.200575322 0.854195833
    0.0963730812 0.683816493 0.881566405 0.652325511 0.956768751
    0.0705855787 0.683484852 0.63543427 0.555110514 0.0383121967
    0.667457819 0.0488957167 0.0713060796 0.48921001 0.815240502
    0.328113943 0.792161584 0.133985758 0.211191058 0.535687983
    0.939259529 0.0245081484 0.703971624 0.203178555 0.595783234
    0.720814586 0.258631527 0.0264368653 0.109354824 0.925902486
    0.675723255 0.811751008 0.0569506586 0.0901116431 0.101870507
    0.101336539 0.580924273 0.321438253 0.628369629 0.156520396
    0.659558654 0.551635325 0.427210122 0.458037764 0.695795536
    0.607399464 0.682096541 0.0938697457 0.536983848 0.977448881
    0.284194589 0.894127607 0.270843327 0.0154443979 0.585329533
    0.346449733 0.643903136 0.169213891 0.695459783 0.448084265
    0.544018686 0.411207914 0.0841110647 0.00848117471 0.596696854
    0.340416789 0.799461544 0.556133032 0.584682465 0.178754807
    0.736019194 0.290597707 0.753979921 0.482731193 0.289024502
    0.222885281 0.216603547 0.00518545508 0.0572004914 0.414728492
    0.28023386 0.785798967 0.700075924 0.485501707 0.10529083
    0.440472096 0.517179251 0.935646355 0.717000365 0.821592987
    0.210374236 0.600057125 0.66117543 0.449480087 0.712558448
    0.299906611 0.42056185 0.873484969 0.796206832 0.754627228
    0.567281783 0.633076489 0.930108607 0.071975112 0.160385251
    0.984779358 0.829747081 0.027807802 0.0652609766 0.404710859
    0.663847446 0.0226142704 0.340200692 0.641807318 0.456046045
    0.607241035 0.0700058341 0.227485776 0.566545725 0.839843988
    0.168706566 0.00345689058 0.130285352 0.600571454 0.864604771
    0.873985052 0.571235597 0.646519184 0.0154268444 0.362409234
    0.897427201 0.26307413 0.734010816 0.563955426 0.883459926
    0.631020308 0.182899445 0.114742786 0.146846563 0.540363252
    0.668616891 0.829315782 0.536876976 0.825099826 0.62962389
    0.72569102 0.749293804 0.0817455351 0.15150857 0.540456593
    0.78323698 0.692580223 0.72811538 0.410880506 0.561562121
    0.764460683 0.19370392 0.56273675 0.403749943 0.352513433
    0.150686413 0.888550997 0.891640186 0.926913619 0.163683534
    0.76609242 0.095356524 0.484371454 0.461794972 0.925947785
    0.0721266568 0.391152442 0.108245045 0.698081553 0.661466718
    0.10815233 0.0542830825 0.21362409 0.962991536 0.940754414
    0.49789694 0.225140631 0.269584626 0.0836507976 0.500200927
    0.194555551 0.7524575 0.760055959 0.289652348 0.364842176
    0.449283153 0.217259645 0.219581455 0.743526459 0.0309406519
    0.826127768 0.248749435 0.559386849 0.563488007 0.452224761
    0.331311196 0.855403304 0.411191404 0.40381062 0.208182931
    0.427647084 0.225476801 0.874500215 0.968230605 0.500364184
    0.609082818 0.564685225 0.770631552 0.955533683 0.167125344
    0.586528182 0.773516059 0.148824304 0.505327463 0.847736597
    0.933584094 0.820212424 0.638438821 0.255649507 0.934984326
    0.886397362 0.246776313 0.178247809 0.00729060173 0.0257209241
    0.120631993 0.358175993 0.7206707 0.253272772 0.403974563
    0.242584258 0.0118825734 0.727451921 0.480224639 0.125334084
    0.436195493 0.792784095 0.862335205 0.554509819 0.134416133
    0.0230381191 0.364687502 0.686138391 0.409512162 0.46562767
    0.287324071 0.135477364 0.609289289 0.669517279 0.851376414
    0.12702167 0.750322223 0.0400174558 0.771602988 0.336451948
    0.657461405 0.441887826 0.955141068 0.385893106 0.106353283
    0.538340449 0.26393342 0.376469195 0.0252492428 0.512308657
    0.884192586 0.627041996 0.152869016 0.529457927 0.472164452
    0.720126629 0.25462535 0.421403944 0.265749902 0.239068598
    0.392788857 0.0498266518 0.598491967 0.49727267 0.996973872
    0.68206805 0.600329757 0.421437919 0.945792198 0.0243331194
    0.890868485 0.864848495 0.036156863 0.813166261 0.386704147
    0.825288892 0.495946407 0.332838058 0.940958261 0.874835968
    0.179225206 0.26719296 0.401994646 0.561254025 0.217548847
    0.890489817 0.531334877 0.44886142 0.569567919 0.648338616
    0.699156463 0.736094713 0.0288788676 0.644994915 0.000498503447
    0.424840808 0.0468058586 0.978269696 0.998137355 0.431060553
    0.288956851 0.898880422 0.232226402 0.841279566 0.618761837
    0.0540243685 0.735149443 0.0890310407 0.381338358 0.194528788
    0.280200064 0.333669186 0.0628483891 0.365479499 0.0792267323
    0.576834142 0.612930059 0.272433311 0.395258665 0.904795885
    0.372029364 0.623358011 0.243574589 0.514913857 0.87068069
    0.477069497 0.935287237 0.615253925 0.272067219 0.122617453
    0.715500593 0.554763913 0.684080601 0.582808614 0.157131463
    0.666478455 0.435810536 0.736908019 0.734943926 0.888848424
    0.0944951177 0.852377653 0.0832358897 0.63992548 0.0980876088
    0.104763865 0.837870121 0.639837325 0.863051176 0.784455299
    0.987677217 0.310131043 0.496109873 0.253293812 0.562487781
    0.640886366 0.775855541 0.721398473 0.425073355 0.533720255
    0.0251502991 0.367340893 0.377027392 0.489787996 0.0448765755
    0.834246933 0.902542233 0.0107097924 0.918072939 0.3807531
    0.309724659 0.00878310204 0.604192436 0.508885324 0.716627955
    0.0125403404 0.509945393 0.129658848 0.00178307295 0.666727901
    0.418430239 0.13412863 0.539578021 0.676173627 0.613462806
    0.0366573334 0.828089595 0.678547859 0.408076078 0.0302770734
    0.280144483 0.130678713 0.27163291 0.599593937 0.039967984
    0.871054888 0.572000086 0.819317937 0.204860866 0.384750128
    0.84971714 0.480075359 0.905947328 0.868710697 0.231570572
    0.0505194068 0.686452627 0.810014665 0.784257889 0.898881674
    0.912900448 0.112012118 0.812283039 0.90812254 0.924435496
    0.155948132 0.630145252 0.300065607 0.462162435 0.959962249
    0.0670617819 0.254706234 0.728157043 0.669129431 0.982158661
    0.865520358 0.581435144 0.0463900268 0.439526856 0.666627944
    0.0939143598 0.824018061 0.389265239 0.9253304 0.582766771
    0.0272990167 0.116351306 0.200692713 0.840537071 0.994094133
    0.383355319 0.655502915 0.89136517 0.500549555 0.221260697
    0.944363236 0.238626361 0.460612953 0.101785451 0.521339834
    0.96068269 0.983567417 0.171824336 0.858723223 0.0637934208
    0.683658242 0.0644440353 0.2156201 0.0983910859 0.557025254
    0.334531546 0.679940939 0.349748969 0.772060275 0.80585897
    0.359832674 0.38214922 0.78357327 0.10232684 0.408472031 0.645074427
    0.826371014 0.528792858 0.772349715 0.806109846 0.316768587
    0.877610981 0.863437653 0.307939291 0.538000882 0.0685734451
    0.691519737 0.618588746 0.833027363 0.906833291 0.611859202
    0.999150217 0.474854201 0.359043032 0.548981965 0.66160506
    0.075314343 0.140589237 0.354736567 0.764698505 0.543948114
    0.282744765 0.791123033 0.886300445 0.441698879 0.177123368
    0.522300005 0.157716662 0.352433324 0.616221726 0.100317776
    0.743072689 0.0474238396 0.60589993 0.864179254 0.439946145
    0.144602656 0.154433191 0.833617151 0.0246847868 0.378177822
    0.785948396 0.118080586 0.151489824 0.856011271 0.779191077
    0.214757115 0.783093214 0.760556996 0.352927327 0.291535974
    0.238428622 0.611395061 0.495381057 0.986661553 0.811572433
    0.71569103 0.535373151 0.305837572 0.392879844 0.296869755
    0.27214098 0.921524763 0.871166587 0.347719043 0.703128517
    0.384614199 0.0943974555 0.965503931 0.291627705 0.531100631
    0.871465921 0.920440197 0.280650795 0.910876811 0.926886261
    0.56594795 0.953412652 0.343602419 0.490986109 0.938859701
    0.26436913 0.878961325 0.847555935 0.169980049 0.940291166
    0.737447143 0.20674628 0.182922632 0.870902658 0.324870765
    0.562402487 0.23884654 0.288722157 0.675081074 0.769170284
    0.049777627 0.823866129 0.172459185 0.340032578 0.506820202
    0.535784006 0.904889226 0.233403862 0.100180596 0.961924195
    0.486096025 0.290228486 0.147956997 0.987402022 0.227566004
    0.33876875 0.742238939 0.326813072 0.561955214 0.395428509
    0.523921788 0.998025537 0.816665769 0.704221606 0.216599464
    0.963911653 0.222838044 0.158925056 0.00111693144 0.675989032
    0.528601468 0.290423274 0.541230083 0.848667622 0.621875763
    0.986924767 0.084554106 0.891342521 0.128880829 0.172027558
    0.512264073 0.211019814 0.109484047 0.33642149 0.852649093
    0.968746245 0.445832342 0.0760854483 0.440395981 0.298652172
    0.940724373 0.81183207 0.027733624 0.417647749 0.503582895
    0.200927019 0.55116421 0.0332779586 0.491943419 0.269212514
    0.846730351 0.397989571 0.706559002 0.787424922 0.464122355
    0.816334665 0.134575814 0.761384726 0.879767537 0.891873837
    0.473304868 0.407204628 0.146800727 0.841044307 0.301022887
    0.266336203 0.111206114 0.797733188 0.318676591 0.924448371
    0.00378808379 0.437205493 0.250222087 0.454645425 0.971729398
    0.229521126 0.290617973 0.993598819 0.00922247767 0.820475817
    0.845178008 0.0618831813 0.755671322 0.971026659 0.352399766
    0.699142933 0.636466742 0.0337532461 0.0681791306 0.869060516
    0.16048038 0.328261346 0.7871387 0.0982331038 0.86322093 0.653514624
    0.631778002 0.576148689 0.0846461356 0.00905665755 0.831491232
    0.58833313 0.208316058 0.0575684309 0.108114481 0.452166378
    0.268479288 0.652736425 0.113296807 0.861397386 0.409501106
    0.159099996 0.721674085 0.452201843 0.915868282 0.732836902
    0.681077242 0.167915851 0.69805783 0.506332576 0.199795395
    0.104655266 0.0721268952 0.554868042 0.658352256 0.595101476
    0.0303255022 0.246197104 0.0355297923 0.22530508 0.719722867
    0.134880573 0.733791828 0.742337346 0.447110802 0.917816699
    0.381807566 0.0529939234 0.24582997 0.965005517 0.231614202
    0.938494921 0.0627994835 0.610417962 0.367142916 0.192233503
    0.794554114 0.956410348 0.238046557 0.259716034 0.518668234
    0.237918139 0.18796578 0.847498178 0.75506562 0.38882038 0.253145188
    0.811866164 0.445926666 0.304573208 0.166158438 0.732146442
    0.515778124 0.521611273 0.0177235007 0.831369758 0.614422917
    0.399976075 0.719496548 0.0546858311 0.205654353 0.309680045
    0.445436239 0.463367492 0.508576035 0.177850306 0.347036451
    0.610149205 0.918766975 0.805727601 0.873603165 0.469177574
    0.622215211 0.336200535 0.841637254 0.658890545 0.270188063
    0.317508578 0.677069128 0.322278023 0.86457777 0.526578724
    0.753840566 0.992184043 0.825755 0.987861276 0.590922058 0.961860657
    0.221051693 0.678362548 0.619901359 0.547886252 0.376171112
    0.60287267 0.908791065 0.191110045 0.489676654 0.853320003
    0.886314392 0.654889584 0.891391933 0.125487387 0.00866302848
    0.23098594 0.85775435 0.669171154 0.794033408 0.403821826
    0.614357591 0.51547724 0.772736669 0.603356481 0.892881751
    0.958972812 0.571403146 0.504230797 0.271586001 0.945979357
    0.872084737 0.413759291 0.31518358 0.459094673 0.482482791
    0.533999622 0.698149502 0.557304919 0.529886127 0.567581475
    0.278723568 0.0278742611 0.972519159 0.851349294 0.668404162
    0.485318661 0.164919585 0.078142345 0.130493104 0.85085094
    0.807116032 0.362404644 0.843157411 0.114162147 0.289758086
    0.0522868633 0.488415003 0.696668267 0.798897624 0.579549491
    0.0236203671 0.312137753 0.647360384 0.786432266 0.798284769
    0.248578489 0.67388916 0.796357393 0.220528424 0.248782933
    0.671875775 0.406652451 0.496001184 0.0835023224 0.117486984
    0.90490061 0.0873684883 0.495639741 0.933310986 0.318220139
    0.500074208 0.684091806 0.0222823024 0.686030865 0.941871643
    0.390696466 0.470832586 0.732134938 0.752257943 0.720549226
    0.830796003 0.641252637 0.110306859 0.544503748 0.757759809
    0.843478978 0.510037541 0.793277621 0.378945261 0.388646901
    0.597554326 0.38671279 0.942885518 0.34677738 0.229215592 0.24821949
    0.584026575 0.716303647 0.924679399 0.623701513 0.693286955
    0.454442024 0.328966647 0.709217787 0.729405344 0.758577764
    0.0894321501 0.751857519 0.724107623 0.968018949 0.166517496
    0.64365381 0.93071413 0.655168653 0.821879745 0.0784183741
    0.364923596 0.017252177 0.47127974 0.691144049 0.959318399
    0.66026473 0.730428874 0.494741142 0.967923641 0.0210846961
    0.443677276 0.297055393 0.0334931612 0.828248143 0.180886984
    0.387906969 0.212816894 0.00674533844 0.786648095 0.239844322
    0.474543959 0.68613255 0.977542222 0.964220583 0.416404635
    0.0590403378 0.850636244 0.0793897808 0.00729039311 0.0329563916
    0.348394573 0.575427532 0.978128791 0.205564976 0.527835488
    0.744364977 0.390922368 0.82392776 0.585370243 0.519858241
    0.504338861 0.0997907519 0.431262642 0.377362192 0.923574209
    0.441996902 0.905656338 0.841975927 0.377067953 0.0825035572
    0.345321894 0.158834636 0.625624776 0.271334618 0.577772856
    0.358779639 0.663467348 0.912359834 0.688067198 0.742135942
    0.593508363 0.76197505 0.273280025 0.256198347 0.287153125
    0.620318294 0.918992758 0.288958669 0.500029087 0.641380548
    0.0636402667 0.159084916 0.469017476 0.771547079 0.284351557
    0.702241659 0.755967855 0.214052618 0.285191894 0.32507658
    0.580700576 0.277632624 0.49029392 0.649059534 0.099517405
    0.662217438 0.472985446 0.632882714 0.993382692 0.0376513004
    0.378051341 0.35250479 0.708238482 0.872510433 0.123644382
    0.433801025 0.0636747479 0.984616995 0.289652348 0.524708629
    0.619459331 0.157117218 0.221604437 0.274622262 0.124465585
    0.142595023 0.682253897 0.836394668 0.347896993 0.742622018
    0.847535491 0.355535418 0.822378039 0.519106686 0.380323112
    0.821745515 0.657750547 0.587930799 0.0407615304 0.167433083
    0.417008936 0.628663421 0.32734251 0.378971934 0.224568635
    0.132330894 0.882625103 0.861630678 0.67771709 0.355537176
    0.841585338 0.953150511 0.0951543748 0.123498231 0.613174021
    0.555168629 0.39994958 0.692477524 0.189323664 0.375377566
    0.88691467 0.0942477882 0.231330842 0.827347457 0.0906420052
    0.826614738 0.145028919 0.155844539 0.265032768 0.983634114
    0.928587794 0.771872997 0.362082481 0.200643748 0.156539649
    0.0987227261 0.0210160315 0.208463222 0.449080765 0.442081362
    0.483465642 0.339693338 0.505513668 0.30714187 0.547978222
    0.944313228 0.113704294 0.106807292 0.0694419742 0.127349347
    0.927155495 0.113977551 0.0224891305 0.596294582 0.175232053
    0.646487653 0.767516017 0.448061109 0.691240788 0.984031081
    0.999290884 0.879312277 0.79003799 0.610424101 0.121428281
    0.440324664 0.385439992 0.0705762208 0.892752111 0.207692266
    0.890245736 0.672960043 0.452891767 0.775649428 0.720810592
    0.391947627 0.912671804 0.686648011 0.0878329575 0.926056385
    0.849744558 0.874326706 0.550603688 0.666096568 0.71718055
    0.374182224 0.745094895 0.352440059 0.679313302 0.781322241
    0.428849101 0.0146259367 0.0524497926 0.170252979 0.255231112
    0.26717031 0.599126935 0.656386495 0.78098917 0.638651669
    0.813299239 0.986628234 0.313675106 0.720315933 0.00644421577
    0.954530478 0.37923488 0.445567548 0.52003181 0.693920076
    0.746973038 0.0899910927 0.899772406 0.299529672 0.657452106
    0.380690008 0.543180346 0.357378542 0.0305723548 0.865316749
    0.811154008 0.353264123 0.159249127 0.751474202 0.86422509
    0.746400833 0.580574393 0.68751353 0.357969403 0.194039643
    0.467745066 0.664083958 0.153614968 0.855001569 0.351789355
    0.018925935 0.757093906 0.817922235 0.586257339 0.891958952
    0.647443473 0.630481064 0.507839978 0.246223927 0.100511879
    0.769081712 0.216514081 0.030533433 0.739847243 0.0543309748
    0.867628217 0.800695717 0.0370417833 0.877984107 0.992946267
    0.0438977778 0.946109116 0.841388166 0.659921944 0.398982763
    0.124028653 0.345063388 0.730040312 0.503881216 0.401985914
    0.151250124 0.267484337 0.246653557 0.0596085191 0.890185118
    0.834905624 0.00273007154 0.179192513 0.155263186 0.859165192
    0.827914 0.307801843 0.0123613775 0.892903924 0.773477674
    0.0462181866 0.509426832 0.666000485 0.507762372 0.171546936
    0.0458178818 0.857354045 0.178977937 0.483661771 0.0689574182
    0.649452567 0.64435637 0.798965275 0.26163739 0.0319763124
    0.136400044 0.225984812 0.595421016 0.624259531 0.543208778
    0.551730454 0.069286257 0.478177518 0.283224881 0.21696505
    0.182161748 0.138846368 0.880810559 0.426311553 0.705749273
    0.680803895 0.288823843 0.823226213 0.0877347291 0.309010148
    0.772753596 0.911995053 0.631344318 0.0720388591 0.563048542
    0.449452937 0.801722646 0.431788355 0.630343378 0.818439722
    0.199944228 0.191718876 0.842091441 0.294902205 0.328381658
    0.588318527 0.266533613 0.822178721 0.806522489 0.409799039
    0.00290820003 0.763347864 0.963440299 0.389461219 0.641236842
    0.736581445 0.39738813 0.838338852 0.360263526 0.710668147
    0.485126793 0.650042295 0.245802313 0.139793962 0.790902913
    0.431383431 0.24497205 0.672118187 0.0160067379 0.123301387
    0.762460351 0.18034026 0.226789236 0.525965631 0.879011273
    0.353933364 0.0603986382 0.154131442 0.918711126 0.990265608
    0.292968422 0.270734012 0.354597032 0.459655881 0.905159354
    0.972177029 0.453568965 0.774050832 0.743627429 0.249687195
    0.412378758 0.687411189 0.812874496 0.508738279 0.528441787
    0.0697494149 0.683298886 0.439571947 0.567123532 0.902087092
    0.0650941432 0.963284016 0.36899662 0.503103375 0.930201888
    0.326578796 0.987148523 0.791099429 0.332102567 0.392889261
    0.0475763977 0.949998498 0.297672808 0.914560974 0.86192894
    0.114273787 0.889030337 0.855209231 0.267730236 0.90877521
    0.521342278 0.0807419121 0.819941044 0.645705342 0.580191791
    0.0951297581 0.138257027 0.511462808 0.657665908 0.597144008
    0.0461531878 0.537196994 0.305970728 0.665941894 0.519773781
    0.787467003 0.607574999 0.5692662 0.120407909 0.894595385
    0.497487813 0.0129001141 0.841684997 0.645340025 0.875686586
    0.490642697 0.121748507 0.974859774 0.295214474 0.902477384
    0.724393606 0.365635395 0.572454214 0.0420849919 0.82101202
    0.362939358 0.607980072 0.729530573 0.272116005 0.896762609
    0.0813215375 0.988871098 0.153091133 0.640134037 0.835092843
    0.850843489 0.573379636 0.922827482 0.941225886 0.316391647
    0.123878747 0.932159781 0.405894369 0.374664813 0.570520163
    0.466077954 0.27866897 0.0317793489 0.728989959 0.210201949
    0.0194153786 0.706842601 0.797956944 0.284855187 0.805447817
    0.511977315 0.780130684 0.339143276 0.256624937 0.216834515
    0.719794631 0.42474255 0.659049213 0.927768946 0.527649403
    0.81500268 0.605274498 0.2197299 0.899087071 0.219840676 0.995106101
    0.893787265 0.898949981 0.411678523 0.423587203 0.121381611
    0.445690602 0.905349374 0.504963577 0.591643572 0.231551707
    0.234509736 0.536719441 0.553831935 0.445990682 0.889902592
    0.988010049 0.366952121 0.519984603 0.425039411 0.145012975
    0.985007823 0.48832801 0.21969223 0.391527474 0.181789011
    0.820286036 0.643649101 0.639163315 0.452255011 0.791670024
    0.59199357 0.663259387 0.907666802 0.474561363 0.332221508
    0.333728611 0.614723563 0.923695683 0.956644952 0.299817681
    0.896868706 0.354488999 0.463189363 0.755769491 0.434097648
    0.942669153 0.378727555 0.580334604 0.643493831 0.881401718
    0.482038021 0.254027128 0.891970694 0.921087861 0.832655609
    0.102648735 0.464991033 0.564039946 0.0595395565 0.96127665
    0.248343319 0.634006023 0.715444386 0.16550678 0.0950951874
    0.156200051 0.0261490643 0.0241513848 0.687471509 0.591341674
    0.262435555 0.446840793 0.954032719 0.179021597 0.767021477
    0.649301052 0.363699019 0.376070976 0.0845264494 0.168020457
    0.150144666 0.592836738 0.990784168 0.715541124 0.253209591
    0.0575316548 0.259588838 0.409531772 0.452795684 0.199296296
    0.369161904 0.281309783 0.928417087 0.254357517 0.800495267
    0.927870393 0.0581817031 0.140162587 0.710565448 0.379796267
    0.488343894 0.285753101 0.338911712 0.590330422 0.906493366
    0.651454568 0.983185768 0.365178138 0.929570794 0.978078961
    0.644751787 0.395874768 0.604289412 0.889616549 0.79376626
    0.516351163 0.723734677 0.172543108 0.143938661 0.787784338
    0.740233779 0.481247813 0.373831928 0.370867848 0.120010287
    0.260583043 0.913962424 0.04444924 0.376217663 0.767372668
    0.393871933 0.427911013 0.436271459 0.627776861 0.625175953
    0.528551102 0.835927069 0.830073237 0.472338766 0.952668667
    0.404042393 0.210727334 0.825273871 0.476608783 0.846304893
    0.95393014 0.379679948 0.614763498 0.0196715295 0.424425185
    0.36522311 0.537453115 0.0880575776 0.941260099 0.0238243043
    0.781385183 0.907339096 0.894948244 0.658029139 0.63008219
    0.214564294 0.0314462185 0.287195385 0.405863851 0.579809308
    0.645701408 0.275277972 0.649264216 0.0776216686 0.646988511
    0.0228435695 0.67846036 0.0805557668 0.0647174418 0.546175003
    0.097217679 0.0376744568 0.642320693 0.328677177 0.368941665
    0.444521457 0.887473166 0.614174902 0.773768663 0.85992676
    0.861691236 0.405384213 0.387867838 0.908806086 0.167088091
    0.909242988 0.198888421 0.0869418681 0.244683713 0.942091942
    0.657095432 0.0967529118 0.234868377 0.245084137 0.495701462
    0.11779952 0.288814425 0.184633702 0.461056709 0.981872737
    0.784933925 0.886922002 0.189074814 0.629499733 0.162746221
    0.403064013 0.861131549 0.00627940893 0.00910845399 0.285603285
    0.277511895 0.742175281 0.796360254 0.600418985 0.287751764
    0.107035458 0.828434765 0.657436609 0.940914094 0.531292439
    0.625646234 0.225210905 0.771958828 0.235164046 0.718982816
    0.608635962 0.0839010477 0.823062181 0.204266399 0.991767168
    0.144003332 0.658215225 0.681652188 0.523340344 0.00960001349
    0.60546881 0.692140162 0.883277297 0.158947319 0.274760783
    0.707623363 0.271607578 0.562895119 0.217614681 0.948475003
    0.71324861 0.015676856 0.915967941 0.453777224 0.063275218
    0.400751919 0.135749012 0.423181355 0.517249286 0.487981826
    0.253831804 0.222379625 0.261016965 0.030959487 0.359804809
    0.239455521 0.26654309 0.975536704 0.366097331 0.391754091
    0.323497772 0.0907378793 0.732410073 0.476940006 0.000546008348
    0.904525399 0.875412047 0.336074144 0.100733638 0.949356437
    0.268988132 0.149778068 0.855632305 0.236618102 0.518951833 0.470027
    0.623463511 0.989731848 0.828660011 0.337707728 0.406299591
    0.471684158 0.765277505 0.257392526 0.378334671 0.675593793
    0.665810943 0.252150834 0.987329364 0.621285439 0.603547215
    0.928491175 0.158112884 0.123627752 0.963415504 0.852289081
    0.618798375 0.631893873 0.735123932 0.00825408101 0.279704601
    0.542410016 0.515696466 0.606680751 0.31072849 0.299192965
    0.577103913 0.789139867 0.131856501 0.712558866 0.39135778
    0.395280868 0.253636658 0.597629189 0.97374773 0.223784536
    0.253785819 0.667074203 0.524207175 0.126465976 0.252887726
    0.0870351791 0.497327536 0.994746327 0.0708658993 0.388832808
    0.699825048 0.176187843 0.821973681 0.355512261 0.301568687
    0.960765123 0.661026001 0.902868509 0.900544167 0.0446065664
    0.854612708 0.207732677 0.39498198 0.429518789 0.334372997
    0.838908672 0.193324953 0.724613309 0.925904274 0.395667553
    0.654303849 0.898105025 0.945743263 0.0231949091 0.0200634897
    0.706684291 0.552135944 0.683060408 0.299778581 0.294227391
    0.543534994 0.857529283 0.529374957 0.849427104 0.561907828
    0.0226463079 0.0860872269 0.940049648 0.843961 0.764004946
    0.921260953 0.0568825305 0.424755692 0.491307944 0.293680966
    0.143847734 0.244443536 0.332293272 0.165725231 0.954821289
    0.963051498 0.417659193 0.404304296 0.154001087 0.134485513
    0.0581502914 0.7921381 0.556767404 0.443559349 0.0815045536
    0.667023182 0.467857599 0.873465538 0.266919196 0.705138445
    0.0395945013 0.331274807 0.169969946 0.803713441 0.929719031
    0.891385853 0.925643802 0.278086185 0.00372841954 0.897948027
    0.733718872 0.773872852 0.570673585 0.672904372 0.579802155
    0.678587437 0.791655898 0.671514034 0.0980826616 0.948244929
    0.539339066 0.302519411 0.654221952 0.898710728 0.35426712
    0.663972914 0.0300700963 0.144006133 0.423640043 0.999556243
    0.0682127476 0.75764519 0.388675451 0.87239635 0.109165102
    0.680202246 0.294261217 0.640236199 0.186538786 0.389039278
    0.183822811 0.803836942 0.309078217 0.109574765 0.712231517
    0.15721181 0.624042034 0.789445043 0.850895286 0.209965974
    0.324477732 0.668575823 0.837113738 0.778062582 0.62805742
    0.793246806 0.176792204 0.231911331 0.664600611 0.710527718
    0.607315481 0.514818251 0.304631799 0.235637039 0.0751189888
    0.930366814 0.247143745 0.156404912 0.888366103 0.430232823
    0.298668325 0.607855678 0.522632957 0.30306989 0.967724144
    0.711058855 0.093126595 0.486248732 0.536447346 0.148166299
    0.144577444 0.345232457 0.960989952 0.489606619 0.513304412
    0.73487556 0.456472576 0.831173897 0.138757199 0.245221227
    0.136853158 0.757343292 0.307136476 0.293751776 0.665711403
    0.654123724 0.319051206 0.920498908 0.208558202 0.848887742
    0.702414632 0.488290936 0.300764799 0.823040962 0.301484704
    0.842902005 0.373306274 0.973578036 0.708183467 0.722076893
    0.720974445 0.218696713 0.0880332589 0.367735803 0.491135329
    0.659598351 0.0529019535 0.581209004 0.752286494 0.362676203
    0.365410119 0.279593319 0.550380766 0.0158493519 0.326804221
    0.785397351 0.322408438 0.12430343 0.275460064 0.878987372
    0.909599423 0.781577945 0.333711684 0.39755106 0.336409748
    0.956798911 0.501248777 0.78782475 0.569214344 0.607669234
    0.033721745 0.694500923 0.216735691 0.371778607 0.0700620711
    0.553873777 0.450761199 0.960088372 0.89392674 0.315168619
    0.383534104 0.384069562 0.173639596 0.604103148 0.452346653
    0.691233754 0.284940481 0.0865643024 0.177967489 0.364438772
    0.701315582 0.946016669 0.98801744 0.884791672 0.371515751
    0.50543803 0.523646176 0.846229434 0.253768206 0.0112181902
    0.296070039 0.482042491 0.984916091 0.959748864 0.292273968
    0.273881614 0.241038144 0.589615643 0.503214478 0.0721375346
    0.712881625 0.931974411 0.568232775 0.70501399 0.784184694
    0.68160367 0.757267118 0.518710494 0.241372377 0.454910576
    0.949982822 0.0564225316 0.228170693 0.812990546 0.000195652246
    0.385116994 0.237860918 0.690802097 0.61495012 0.631083131
    0.962059975 0.555167019 0.567075849 0.445683956 0.334581047
    0.0584853292 0.804639578 0.711894929 0.789684415 0.59218049
    0.963468432 0.210145444 0.912965059 0.242928028 0.172089785
    0.637917519 0.625888288 0.273662508 0.730084062 0.909485161
    0.918565989 0.28917715 0.186467052 0.569506347 0.555391133
    0.729511976 0.973044991 0.843521059 0.889967263 0.480467886
    0.79041338 0.78647393 0.58758229 0.14413318 0.0983159244
    0.0142428279 0.252341747 0.795589209 0.745518804 0.42410928 0.519171
    0.00512042642 0.273485005 0.00412359834 0.482793421 0.456472546
    0.12847665 0.92274785 0.889922142 0.602857292 0.616419196
    0.323296905 0.42762512 0.760228395 0.0542293787 0.812441051
    0.130388081 0.0110853314 0.717195034 0.937963903 0.559798598
    0.505908489 0.686828196 0.505360425 0.0816793144 0.706049204
    0.958347917 0.533385098 0.835592031 0.0748575032 0.17698288
    0.410248399 0.175785482 0.750731409 0.895397246 0.414885253
    0.627219439 0.695958912 0.881964862 0.0250979662 0.430346221
    0.89405185 0.558582306 0.319575697 0.53623426 0.0443880558
    0.721631408 0.0268607736 0.312205762 0.59106034 0.594766378
    0.0194643438 0.0922290981 0.837598205 0.170950711 0.360541403
    0.883035123 0.180470616 0.130322278 0.104271322 0.11726585
    0.67400974 0.666719675 0.141741365 0.341536671 0.908149242
    0.727412403 0.729008377 0.0635965765 0.841135144 0.235192627
    0.423132837 0.547095835 0.151482522 0.485516667 0.508841693
    0.32108885 0.736768246 0.171079636 0.104851812 0.582890093
    0.0694286227 0.457945496 0.0254103839 0.445585519 0.646786988
    0.227941662 0.328791618 0.974969923 0.707239509 0.347686708
    0.73261112 0.775191724 0.570287168 0.239208192 0.154975563
    0.855333388 0.378950417 0.411075413 0.468586773 0.701289892
    0.0297815502 0.494936943 0.1230461 0.431989193 0.642549634
    0.36537838 0.671731889 0.499168634 0.223209471 0.810684204
    0.588108242 0.853470564 0.221933663 0.50707382 0.287227392
    0.772392869 0.714720488 0.350036204 0.500646651 0.803887844
    0.649661064 0.99267447 0.806412339 0.00716471672 0.450911999
    0.446540475 0.0018030107 0.496382326 0.0917173624 0.0650133193
    0.819464564 0.765553057 0.576563358 0.744225442 0.977981269
    0.0610996187 0.0815473199 0.166691691 0.622187972 0.225190759
    0.80691731 0.664025307 0.75172019 0.79211235 0.0849632025
    0.927135289 0.0755614936 0.365951478 0.598729789 0.687741578
    0.802356124 0.150547057 0.303896964 0.528169692 0.18837595
    0.720374644 0.324928403 0.332956403 0.517246306 0.475150555
    0.0139070749 0.342847228 0.302543223 0.562893331 0.334939837
    0.449210197 0.633256078 0.183154136 0.890001118 0.659412801
    0.374219805 0.834290445 0.669373751 0.596546531 0.154838413
    0.00924929976 0.00672674179 0.335160017 0.0754348636 0.45032081
    0.400623947 0.780744612 0.985604763 0.293838799 0.766318798
    0.350683212 0.363823563 0.730285883 0.899467468 0.657284498
    0.217445284 0.981295228 0.775392056 0.737850904 0.839024663
    0.176911443 0.943148375 0.390068591 0.656266868 0.878024697
    0.700265288 0.612259746 0.281586885 0.431722701 0.0579813719
    0.641780794 0.512302876 0.917278349 0.198102206 0.423485637
    0.812378168 0.0861974657 0.258910537 0.208289862 0.0355345607
    0.935709596 0.173461139 0.718253136 0.214052707 0.741157889
    0.0332124531 0.40691179 0.0571435094 0.518568695 0.02905038
    0.826497912 0.236481994 0.84249711 0.146036655 0.729901195
    0.46078828 0.997703791 0.847386897 0.775950313 0.0408399999
    0.504061341 0.726658285 0.00385472178 0.764261484 0.369735897
    0.112240762 0.734823763 0.141100973 0.384087801 0.0980083346
    0.694818258 0.406784207 0.78979671 0.810341418 0.892171204
    0.524792731 0.666523457 0.614291906 0.0050740242 0.422226846
    0.214988351 0.899941802 0.37992239 0.93653661 0.659592807
    0.0968311727 0.706004202 0.849594772 0.365085751 0.0735611916
    0.200261384 0.0669385493 0.685592055 0.512426615 0.717798829
    0.74993968 0.513846338 0.752760649 0.391874731 0.367046535
    0.874955416 0.275283754 0.826688409 0.365153015 0.564401209
    0.092772454 0.503289461 0.410498291 0.909809768 0.973787665
    0.810172439 0.504855454 0.0411122441 0.540252507 0.301406562
    0.260726601 0.931619048 0.966856241 0.613554239 0.418436199
    0.419770569 0.515020549 0.466409981 0.65972805 0.999028444
    0.545199871 0.430254549 0.460166663 0.496840417 0.562730074
    0.63217181 0.505640924 0.77646327 0.569502532 0.496121526
    0.973482966 0.715661705 0.325646937 0.269490182 0.15387252
    0.253620476 0.439607441 0.206205845 0.343730986 0.0919132829
    0.067053616 0.824174523 0.0859952271 0.115081012 0.0879251957
    0.44896695 0.313534588 0.651925564 0.552656472 0.35980919
    0.520359993 0.0165542662 0.293661296 0.368844032 0.925147533
    0.340897381 0.525857389 0.731386065 0.921761751 0.944596052
    0.727130055 0.979422331 0.511587858 0.0367544889 0.98961252
    0.614473701 0.299542785 0.942062616 0.10263288 0.496184319
    0.160603732 0.385822177 0.623398006 0.395875037 0.394308895
    0.865326166 0.347361505 0.286993593 0.992693126 0.255238503
    0.828953922 0.441074729 0.296495318 0.320056498 0.404511213
    0.467244476 0.661369264 0.503092229 0.487632871 0.243152738
    0.807069063 0.296334594 0.613164246 0.264299244 0.487900466
    0.876348972 0.946351886 0.596563876 0.264494419 0.466911912
    0.952450454 0.00584360957 0.824800253 0.201209038 0.435166597
    0.770000994 0.385381758 0.572401106 0.449215531 0.841806293
    0.941209555 0.787071705 0.357693911 0.0441295207 0.319694698
    0.13707754 0.483546883 0.921835423 0.352995336 0.146893591
    0.224571049 0.904998899 0.792623401 0.987268388 0.659806848
    0.177000284 0.671142459 0.720701933 0.451842338 0.274928272
    0.521344781 0.528380513 0.908798099 0.0381066203 0.142705441
    0.257094979 0.214481622 0.69457227 0.047711283 0.301374644
    0.222259998 0.608218789 0.467655182 0.223189741 0.70175004
    0.512798548 0.634371102 0.0980669856 0.489292771 0.549170315
    0.463201523 0.0939105153 0.565383315 0.947210789 0.409051269
    0.385938376 0.844084144 0.0241352618 0.990022123 0.385826468
    0.07556355 0.65661931 0.688820243 0.549578726 0.0319318473
    0.851727366 0.622771382 0.413936406 0.496462882 0.430974245
    0.817577243 0.890874863 0.400347471 0.540240109 0.11764738
    0.681718171 0.70216012 0.206395686 0.827141583 0.141736776
    0.219538659 0.221032172 0.44527027 0.921375871 0.0386585593
    0.463417143 0.490852505 0.200596243 0.334596276 0.931806624
    0.130186319 0.105156869 0.148845464 0.787921667 0.917995691
    0.905949712 0.353656977 0.971908152 0.54613477 0.513144553
    0.557751715 0.85155189 0.848533392 0.374978423 0.319710255
    0.841209054 0.092420727 0.623190999 0.0292328 0.813131452
    0.720127404 0.107627243 0.350025415 0.126389652 0.935640931
    0.384037375 0.972730458 0.29077822 0.824880123 0.663181663
    0.529838026 0.84903729 0.585264683 0.673754454 0.841123462
    0.328586102 0.828327417 0.14437443 0.753129959 0.404605746
    0.557729006 0.408140033 0.715044677 0.234364599 0.42058897
    0.561703563 0.158763051 0.977364779 0.57843852 0.027153194
    0.226141095 0.648470342 0.421022952 0.320785791 0.945752978
    0.520140111 0.652555048 0.743342817 0.577898383 0.241602212
    0.21649003 0.973817229 0.101325542 0.0165626705 0.497456521
    0.381496847 0.426432937 0.862078309 0.0487922728 0.420482963
    0.591691673 0.726578236 0.585644603 0.0575963259 0.989747047
    0.300067604 0.589497745 0.0374242961 0.921650171 0.96713233
    0.0215588212 0.864531517 0.368728846 0.132879257 0.381784737
    0.882415831 0.0686612427 0.837800503 0.645825505 0.617040455
    0.881652474 0.975057483 0.578705847 0.229025394 0.548042059
    0.963300526 0.334382415 0.326696754 0.297133386 0.424625158
    0.0461161435 0.453133255 0.854116082 0.979929924 0.814661145
    0.202830046 0.321612716 0.639403284 0.423527181 0.428636253
    0.318917811 0.833802879 0.0543736517 0.211608082 0.947763681
    0.783747315 0.684925556 0.856197238 0.218311459 0.85608077
    0.460531324 0.606208265 0.793491602 0.49249205 0.268012583
    0.732308507 0.0334797204 0.629383683 0.987562954 0.195536107
    0.815953732 0.764562845 0.448973626 0.550024033 0.538926482
    0.753855228 0.64577359 0.568216026 0.211874634 0.857253134
    0.202692598 0.202830523 0.769581616 0.286088169 0.0693760216
    0.0544287264 0.319888055 0.680403054 0.133307964 0.945465326
    0.945202351 0.231742918 0.106740594 0.355543435 0.0448265076
    0.444686651 0.628640115 0.359611362 0.187504053 0.0147670209
    0.0514500737 0.608435452 0.0715212226 0.276738167 0.859702945
    0.261674255 0.32539463 0.778662324 0.775934219 0.518539011
    0.509649396 0.952171326 0.147165537 0.774469852 0.897435308
    0.125620127 0.611144125 0.938798368 0.198362797 0.913368285
    0.128352135 0.208545893 0.192566216 0.437902391 0.369982302
    0.0292978883 0.890312433 0.689720571 0.460207343 0.313543737
    0.731421232 0.594167113 0.827428937 0.858581603 0.389477104
    0.374195218 0.920673132 0.133147389 0.586925983 0.736629009
    0.143461019 0.0602077544 0.0866448283 0.655378461 0.457063586
    0.516397059 0.598142505 0.153620332 0.259204209 0.163441509
    0.355244577 0.576223731 0.614376187 0.0598780811 0.314112365
    0.643334925 0.480790138 0.469093829 0.265471816 0.537918687
    0.368164122 0.609692335 0.0169064403 0.536595583 0.243657678
    0.501253247 0.334209085 0.568851352 0.706452549 0.97557652
    0.101286292 0.151427448 0.235935926 0.662788093 0.0850383043
    0.422594666 0.504371822 0.386596382 0.827787519 0.00450730324
    0.674451888 0.957236171 0.475740194 0.174192876 0.357305646
    0.457541078 0.18574658 0.0802883804 0.648681641 0.070142746
    0.319774479 0.825148225 0.961524367 0.164816052 0.721978307
    0.962950468 0.255180418 0.842183113 0.0853706598 0.149664402
    0.616036057 0.733347356 0.151132286 0.770965219 0.615486443
    0.204062402 0.604075253 0.660618246 0.0554680526 0.0162916183
    0.0441093147 0.779338002 0.0738400519 0.931622505 0.815609992
    0.630031407 0.195962429 0.737650514 0.859528303 0.471011698
    0.179127038 0.524460196 0.286141634 0.41518563 0.810022235
    0.788678646 0.693989038 0.0335241556 0.757099986 0.211587369
    0.920930147 0.282680869 0.93748045 0.996926785 0.258091658
    0.40022704 0.399190694 0.82381928 0.982632518 0.146570802 0.68751663
    0.205575407 0.666405678 0.0353247821 0.720958829 0.647286177
    0.428162038 0.0773181021 0.652366519 0.230938941 0.546941221
    0.767339289 0.962545693 0.72499764 0.620993316 0.352695704
    0.386591464 0.767434478 0.0524894595 0.0138122737 0.876360118
    0.451631367 0.511283994 0.933336735 0.263110578 0.300400853
    0.39764908 0.671503425 0.550139487 0.726259112 0.414787799
    0.416436195 0.390145302 0.449702919 0.453344792 0.663063109
    0.774124503 0.70862788 0.339515954 0.579600692 0.331381619
    0.100230336 0.501582444 0.868099332 0.00590258837 0.626318574
    0.787258863 0.23110801 0.494427681 0.298923731 0.685665846
    0.427087843 0.89829874 0.138052255 0.249772012 0.680480838
    0.401107788 0.392825097 0.659929872 0.324097842 0.357387453
    0.623754978 0.427861214 0.0577889085 0.818772554 0.515125215
    0.431663096 0.740046859 0.37352407 0.529532135 0.134681404
    0.116132766 0.671190917 0.718913674 0.139469534 0.263311148
    0.0557317138 0.276313066 0.925772905 0.636613131 0.768332601
    0.176287144 0.307431936 0.137056053 0.330528498 0.580743074
    0.828599453 0.856312037 0.00454047322 0.706923664 0.34325403
    0.42489332 0.216329068 0.192186505 0.472357064 0.136176199
    0.290057957 0.198178172 0.206091851 0.505217314 0.299677491
    0.362772733 0.588303685 0.890512466 0.105219692 0.437154233
    0.5287745 0.0410737395 0.185344279 0.0144752562 0.963816404
    0.383045942 0.0685038269 0.49007076 0.080159694 0.698446631
    0.580714464 0.151959836 0.973957062 0.802208066 0.561727285
    0.344140381 0.77760005 0.250950515 0.15736407 0.228706241
    0.279438436 0.802329063 0.282056063 0.12171641 0.347134888
    0.869660974 0.889591277 0.00603029132 0.414012611 0.704945683
    0.425101638 0.492850333 0.598676503 0.0858930349 0.166385472
    0.434089452 0.869872987 0.433567762 0.117713273 0.154820144
    0.139186859 0.237100571 0.849285722 0.289943993 0.347198397
    0.674188852 0.425801545 0.56932807 0.0233343542 0.139512956
    0.362022281 0.294437945 0.633833766 0.999426365 0.283906728
    0.684631944 0.880741596 0.0270563066 0.521273971 0.498044163
    0.49281016 0.178007036 0.682219505 0.701176524 0.564844429
    0.154238939 0.266265303 0.595509529 0.420599699 0.236540139
    0.472727597 0.0513975024 0.000729590654 0.934804201 0.68248862
    0.611736894 0.120167911 0.953047991 0.636840641 0.50859344
    0.497309864 0.17169857 0.0638469756 0.246234894 0.200330824
    0.420955837 0.959890604 0.829892814 0.397147208 0.927854538
    0.16418153 0.931124091 0.943292618 0.168035269 0.72471863 0.63333869
    0.204839915 0.0824123323 0.945695758 0.554595828 0.812046349
    0.458705127 0.499112636 0.634698212 0.425374538 0.96226871
    0.411720693 0.150694549 0.34969908 0.893688679 0.854269147
    0.260036349 0.38259235 0.748182356 0.597999394 0.11711818
    0.347421318 0.518219471 0.13679564 0.447343379 0.0915141404
    0.200667948 0.723273396 0.593692243 0.907832265 0.271958828
    0.138040423 0.219600707 0.00583598018 0.784768939 0.38886708
    0.767636001 0.506575584 0.385980964 0.578522682 0.707161129
    0.0276002586 0.391550958 0.371509671 0.985410571 0.377706677
    0.4352808 0.563580692 0.387882173 0.7033903 0.967141509 0.762047827
    0.749950528 0.709036291 0.207462311 0.724011183 0.756712139
    0.230457187 0.86684829 0.487136513 0.905796409 0.183381677 0.8115412
    0.436668098 0.414491892 0.71906352 0.339146227 0.0292259455
    0.758953691 0.566446066 0.180020899 0.823544025 0.329698235
    0.656357408 0.746390283 0.128295541 0.704114556 0.605622113
    0.143026769 0.190219551 0.831735313 0.130305439 0.211370051
    0.694820523 0.38127926 0.341547072 0.13685593 0.729112208
    0.788492084 0.640264392 0.176628292 0.895356059 0.551156402
    0.271095037 0.922283828 0.78962481 0.3756001 0.842280507 0.390975147
    0.686547458 0.659041643 0.340803027 0.611976385 0.485222429
    0.50339669 0.236404866 0.734677792 0.87293601 0.591160357
    0.0462797582 0.410720766 0.925388813 0.891710281 0.419956803
    0.826323271 0.643132508 0.109021276 0.169462383 0.654526949
    0.949330807 0.488625228 0.6848948 0.47140336 0.779084384 0.750705779
    0.40396744 0.743819475 0.558891237 0.38930124 0.769393444
    0.808984518 0.597569585 0.8171314 0.815864325 0.958549619
    0.744388461 0.971273661 0.319579482 0.660679221 0.623222649
    0.936720848 0.092397362 0.0193928778 0.605587602 0.631240249
    0.214376986 0.479053319 0.667389989 0.548421025 0.357937127
    0.376082003 0.552747071 0.904105961 0.349190414 0.200109959
    0.747378469 0.791167617 0.424915105 0.150293738 0.888657093
    0.865018845 0.963554323 0.973321199 0.772713542 0.466476083
    0.533807635 0.9007622 0.180086553 0.0669708848 0.931824565
    0.911228538 0.100540727 0.498349726 0.885918856 0.537224054
    0.260415465 0.903966546 0.0348197818 0.118917644 0.176921606
    0.853835642 0.915752828 0.601001382 0.754324496 0.0649097264
    0.607763946 0.658540666 0.208569407 0.175546616 0.640983641
    0.126539767 0.418554783 0.64776504 0.0304881036 0.673433006
    0.483704209 0.935358942 0.278482437 0.819754958 0.939223707
    0.490723819 0.596343935 0.0708262026 0.309567213 0.570210814
    0.633333921 0.702191293 0.381657481 0.617523611 0.893704474
    0.756910741 0.595120013 0.585953593 0.879660606 0.276183605
    0.866198897 0.542261124 0.143933326 0.198309183 0.271828592
    0.0987062454 0.487675965 0.172231168 0.254131347 0.862607539
    0.64008379 0.189819902 0.30413872 0.789426923 0.904040635
    0.686849058 0.39908886 0.372840464 0.660472512 0.95390439
    0.991867363 0.339154184 0.437876403 0.40495193 0.555648685
    0.137221038 0.30516845 0.574463665 0.100004107 0.468129545
    0.173357219 0.232463419 0.255686164 0.121852964 0.886701107
    0.46782729 0.332783103 0.532399178 0.321344912 0.984686613
    0.651271701 0.0981365442 0.126230687 0.208471864 0.0305380523
    0.435573101 0.330933213 0.500281155 0.589502871 0.648736537
    0.579831362 0.252126575 0.156343758 0.151995003 0.590805411
    0.100524098 0.741115153 0.692521155 0.826223016 0.314090759
    0.692241609 0.506896615 0.370130658 0.0235735178 0.764102459
    0.264668167 0.247774988 0.0141898394 0.033529669 0.819649637
    0.998677671 0.361352503 0.0341780186 0.478650868 0.39070338
    0.62401998 0.253285706 0.193277985 0.0736262202 0.474170268
    0.257796645 0.252057731 0.163153201 0.0767694414 0.465550154
    0.621956348 0.349711955 0.528520644 0.770122051 0.969254434
    0.262713552 0.0991168618 0.987854362 0.585400343 0.929304719
    0.879056334 0.748708844 0.234660745 0.82992208 0.813675761
    0.89966917 0.66497308 0.0997464657 0.890423357 0.460697293
    0.548445404 0.941406727 0.362500519 0.398719072 0.2791619 0.59896487
    0.854071021 0.846485138 0.866067767 0.42426455 0.376464605
    0.143422037 0.444859385 0.374290198 0.198445499 0.129825085
    0.784106493 0.116039157 0.711898863 0.131421626 0.322467685
    0.762217879 0.965058923 0.498904884 0.159842044 0.698839605
    0.330840945 0.311673641 0.603811443 0.683693707 0.125711024
    0.00211647153 0.187035948 0.587688804 0.0638730228 0.550170064
    0.128094316 0.841065168 0.703026593 0.491482407 0.757502913
    0.404015243 0.569852531 0.979129553 0.604664922 0.0899434388
    0.618570924 0.0959880352 0.16817224 0.02041623 0.658653557
    0.722609639 0.314561456 0.62535584 0.104267955 0.729426801
    0.765980721 0.384655982 0.453882456 0.543206692 0.686717153
    0.219855219 0.901951134 0.854572892 0.0629561841 0.7550385
    0.117855161 0.164058596 0.914653003 0.0330930352 0.558501005
    0.0280673504 0.2396487 0.917071581 0.297576368 0.0182048976
    0.852541685 0.688664496 0.477917612 0.748149753 0.371652603
    0.4513129 0.432587564 0.243171751 0.891756654 0.245652407
    0.677313566 0.803698778 0.808362484 0.447719306 0.59857738
    0.610852003 0.824928403 0.138573319 0.893319607 0.322829783
    0.731495678 0.830156267 0.983295441 0.314638376 0.168090314
    0.29443121 0.767237902 0.872074366 0.0346997082 0.22788918
    0.383285344 0.920774698 0.606582701 0.23861739 0.203628123
    0.219118148 0.853307724 0.0742393434 0.556271017 0.513549089
    0.88479656 0.611370504 0.260343075 0.170123428 0.773962975
    0.0158562362 0.596231282 0.725797772 0.663934946 0.940534949
    0.523739934 0.50716418 0.0668148398 0.623516083 0.988981545
    0.402023911 0.562678099 0.691933036 0.596889615 0.23815015
    0.338694304 0.615698814 0.910527945 0.866503716 0.196545303
    0.71788156 0.119317144 0.231222928 0.685333252 0.420894623
    0.0194422305 0.0339008868 0.939422846 0.676035106 0.928647876
    0.394509047 0.779543817 0.183600783 0.522241831 0.139493108
    0.121490389 0.595021009 0.454996586 0.555269718 0.366281569
    0.118516982 0.278792143 0.797036469 0.925913751 0.683005393
    0.124857068 0.595381558 0.399727076 0.0883554518 0.244473815
    0.486431211 0.877897024 0.8609038 0.522242725 0.26876545 0.746681869
    0.795676589 0.908270121 0.219154865 0.212684333 0.107757539
    0.0625074208 0.176442057 0.724996865 0.762297392 0.842119992
    0.574783266 0.520118356 0.128986239 0.307751387 0.767278016
    0.283542335 0.666655302 0.628290534 0.677230954 0.172624052
    0.678162336 0.260867417 0.0497151017 0.291186512 0.870417058
    0.919651628 0.978067517 0.034413904 0.30645436 0.850067973
    0.834592938 0.939330399 0.962267697 0.457230151 0.714452267
    0.915589452 0.052504003 0.12018618 0.604500353 0.499236375
    0.19833222 0.133326918 0.216372252 0.0866001546 0.467818439
    0.574926555 0.550904274 0.321488321 0.921208918 0.680610597
    0.121844977 0.394240826 0.714259803 0.1557073 0.190448046
    0.00605118275 0.0956194401 0.113881052 0.00991556048 0.63475585
    0.99265337 0.861912727 0.844121814 0.333424449 0.461180747
    0.210395545 0.13206023 0.34398368 0.316640139 0.0251452923
    0.99529171 0.65466845 0.652518511 0.513240814 0.998511732
    0.459451675 0.204009861 0.159372956 0.430016071 0.600250781
    0.104445547 0.536262751 0.188275158 0.635216415 0.922657132
    0.283627689 0.387640655 0.984510422 0.729371607 0.519065022
    0.725730181 0.743172646 0.948658705 0.0318907499 0.939057052
    0.666163087 0.871247649 0.412207037 0.000807076693 0.140192807
    0.673835218 0.217086673 0.0101884604 0.970214605 0.861749887
    0.881070316 0.85865891 0.0367057621 0.7583673 0.486631781
    0.416861236 0.221675754 0.605481446 0.0838794112 0.789322138
    0.13104704 0.386037767 0.819173336 0.817403316 0.695461273
    0.147641152 0.835787177 0.210711509 0.717473149 0.454313517
    0.666859508 0.23657918 0.135045141 0.297602624 0.752471447
    0.0418069065 0.369981289 0.983006597 0.126814544 0.510606647
    0.803234458 0.0220074952 0.946991682 0.867971539 0.510874927
    0.417862475 0.0598323047 0.960932136 0.244672388 0.987601876
    0.449955732 0.825213611 0.225218773 0.438694388 0.118855387
    0.73386687 0.611528158 0.00084015727 0.935263038 0.931329072
    0.750928164 0.611331999 0.480548412 0.882443428 0.0181808174
    0.718398213 0.0704121888 0.898944616 0.872545242 0.967102051
    0.314420581 0.0417831242 0.849322081 0.95720613 0.908970475
    0.798717737 0.308333457 0.100197345 0.308752298 0.342927277
    0.121929288 0.332287431 0.691453815 0.690113425 0.291600466
    0.080968678 0.0961105525 0.872738838 0.200869769 0.507862329
    0.863849342 0.76120913 0.0868355632 0.186518669 0.0111724734
    0.648955166 0.506575406 0.591316104 0.593277454 0.698247135
    0.0719267428 0.975168049 0.919016361 0.957174301 0.217090368
    0.635119557 0.866410494 0.794437647 0.248984158 0.354750782
    0.618763924 0.823775887 0.1847426 0.657586992 0.238695204 0.80486691
    0.52720499 0.369494557 0.146822602 0.250204027 0.998005271
    0.967865229 0.128786832 0.832431197 0.00879135728 0.646620154
    0.514476538 0.281724036 0.0752600133 0.564810097 0.110516608
    0.368292987 0.00102686882 0.352900863 0.00940656662 0.95940423
    0.636497021 0.160304308 0.526924312 0.833898783 0.959306598
    0.978214383 0.232738018 0.781196237 0.929638505 0.446089655
    0.312194437 0.165297568 0.612629056 0.164784342 0.23451522
    0.675589979 0.707908213 0.996050239 0.550870001 0.506414175
    0.601633132 0.114090919 0.864785314 0.00734189153 0.301299661
    0.998893619 0.778074622 0.765515804 0.421932876 0.158385068
    0.138790667 0.56309706 0.154806346 0.370329022 0.529108286
    0.929479718 0.582005739 0.975176036 0.352455378 0.175513238
    0.789956212 0.938040257 0.44558537 0.548706055 0.524243951
    0.939367414 0.268580019 0.699375451 0.889456511 0.523551822
    0.595739365 0.644152641 0.494337708 0.544084013 0.495989382
    0.281169295 0.810559988 0.364353955 0.518642664 0.449299723
    0.108399153 0.363070548 0.166687101 0.618959606 0.135502756
    0.0492075384 0.415648103 0.383802176 0.538415611 0.945875108
    0.649128199 0.936976433 0.787715554 0.500580132 0.142097533
    0.714288652 0.266810715 0.938690662 0.383052975 0.684816241
    0.0875839591 0.131242692 0.709778309 0.829067111 0.0500586033
    0.333354115 0.365222096 0.423555762 0.524610102 0.430687189
    0.407634348 0.487357974 0.740236282 0.221927255 0.536804557
    0.817358613 0.14254576 0.707323968 0.365089238 0.63246882
    0.888604939 0.0772658885 0.259484649 0.19122842 0.906991601
    0.725144684 0.56399405 0.296604544 0.750727057 0.754362643
    0.465967894 0.739566684 0.999335706 0.690439343 0.340028554
    0.660508394 0.250149608 0.491363198 0.80491221 0.0388371348
    0.355987906 0.548237503 0.133848429 0.371680498 0.884148955
    0.247176349 0.369138598 0.422014087 0.256240994 0.682916939
    0.727533996 0.656346202 0.797095656 0.891888499 0.0899751484
    0.0778483152 0.804216862 0.562166214 0.895430684 0.470859289
    0.571900547 0.961898446 0.490321785 0.584068656 0.217761576
    0.00774624944 0.51614058 0.658364654 0.817117453 0.115617365
    0.14207229 0.783776224 0.753118157 0.877730191 0.435940146
    0.904519498 0.542467237 0.884926796 0.899194121 0.655596852
    0.193718404 0.108365446 0.881305337 0.0125149488 0.555317283
    0.0434412956 0.632107854 0.231768459 0.870904922 0.0827184021
    0.133272201 0.501408339 0.553182602 0.972964704 0.178924769
    0.368748039 0.560895026 0.589388371 0.238736033 0.709525406
    0.377052248 0.344758391 0.891277015 0.140880793 0.21616891
    0.238169253 0.690955877 0.926596999 0.359053403 0.191439956
    0.541590512 0.110760629 0.220869124 0.953832328 0.937959313
    0.994229078 0.602564454 0.72022903 0.00800287724 0.641946793
    0.681610763 0.689983428 0.133157432 0.690982699 0.331837922
    0.62559092 0.588166356 0.42193526 0.830039263 0.880830109
    0.463751763 0.999075055 0.37725386 0.361985147 0.965593219
    0.97548759 0.407155484 0.938391089 0.14276135 0.170927167
    0.882784545 0.972468853 0.277819932 0.272968113 0.795368254
    0.497563332 0.329342067 0.292916149 0.631683767 0.096129328
    0.160078704 0.668045223 0.0117562711 0.798216164 0.507384896
    0.0963768661 0.523997366 0.340687692 0.851940274 0.153133363
    0.419993103 0.0240037143 0.0540477931 0.620571434 0.757766008
    0.093454361 0.294950664 0.753171146 0.673933029 0.192485213
    0.698210895 0.803670168 0.735313058 0.853665411 0.207938552
    0.409636974 0.0311306417 0.229039401 0.476093322 0.282538772
    0.27710861 0.747498274 0.125853986 0.217713147 0.839282274
    0.644166708 0.919676065 0.425447434 0.726379514 0.548087478
    0.239705324 0.858041465 0.235327542 0.772236943 0.715817809
    0.0890871286 0.267349064 0.186336726 0.554424882 0.49173364
    0.571829379 0.253634006 0.718791842 0.0263542235 0.219676167
    0.911177278 0.526245952 0.328318775 0.468286037 0.0879202485
    0.787357509 0.0995531082 0.777923584 0.887052536 0.104041934
    0.489126027 0.909686446 0.24121964 0.0744436085 0.95917964
    0.963643074 0.0802001357 0.916720748 0.340438783 0.537260115
    0.831279516 0.277261853 0.0523507297 0.936432362 0.526456594
    0.330865324 0.595303118 0.267504454 0.699513018 0.206590176
    0.851763248 0.544163167 0.146510839 0.657589674 0.315565407
    0.822671652 0.456291199 0.212136894 0.0288720727 0.576827109
    0.0438863635 0.881974339 0.972605526 0.309102476 0.655445337
    0.120159626 0.790322125 0.263693035 0.0010445118 0.845366418
    0.252063841 0.204622746 0.0787968338 0.177021652 0.48043108
    0.536769688 0.188846201 0.45102495 0.924311519 0.0281416774
    0.418339849 0.841588318 0.181652278 0.79668355 0.0958215892
    0.389883459 0.680722713 0.320600271 0.315151572 0.34432435
    0.31497407 0.727863431 0.236152768 0.554392993 0.253080964
    0.482237339 0.0596996546 0.372849464 0.931690395 0.367879868
    0.707878351 0.00762480497 0.587812901 0.704258978 0.632659972
    0.194446117 0.156388491 0.89397347 0.961596251 0.718008101
    0.681296468 0.147429585 0.463699281 0.33027339 0.0560554266
    0.690142453 0.044411391 0.990587652 0.347628981 0.627931476
    0.522336423 0.126441032 0.0240751207 0.458696872 0.776161909
    0.75507015 0.350937009 0.592960238 0.285554856 0.512566268
    0.405742526 0.737881124 0.405288517 0.312739044 0.0979637206
    0.109612733 0.381951898 0.177800924 0.326462567 0.640495777
    0.776315808 0.460701495 0.834045768 0.120867431 0.181638807
    0.746057272 0.844764948 0.512597501 0.0267989635 0.524180949
    0.502836287 0.35085386 0.971723199 0.194255948 0.562772751
    0.779995024 0.867776871 0.42618221 0.358047456 0.0285791755
    0.65306896 0.69205904 0.910129905 0.529442847 0.530150652
    0.499579996 0.35755226 0.936461985 0.697048068 0.939934552
    0.340177715 0.503593206 0.238014221 0.344171196 0.0811133683
    0.751231432 0.809571385 0.110120684 0.40446195 0.0138413906
    0.958716869 0.956164122 0.29752478 0.752679706 0.720576942
    0.818103909 0.946619511 0.258769155 0.721004844 0.62399286
    0.457079738 0.587575555 0.995431125 0.920784354 0.521503747
    0.699487567 0.698633432 0.296382546 0.766105413 0.593592525
    0.309243351 0.0782883167 0.746524692 0.309271395 0.93536973
    0.0779125988 0.544167519 0.323182255 0.9063766 0.488352984
    0.708894134 0.323090523 0.45764944 0.478757173 0.739922285
    0.436948866 0.356459826 0.590210915 0.231954902 0.610488176
    0.3605721 0.37358132 0.230384767 0.745466411 0.595316827 0.711544394
    0.388272643 0.056417048 0.812297583 0.720057726 0.0476181507
    0.290579081 0.194398373 0.188925266 0.959349871 0.784206331
    0.988533497 0.920312345 0.308464527 0.944360435 0.926014841
    0.73561132 0.863753438 0.400634766 0.87969631 0.561262012
    0.342371047 0.867994189 0.466021597 0.334840119 0.98769325
    0.812978089 0.290107787 0.24390915 0.0872753263 0.240443498
    0.541108906 0.659564018 0.001719594 0.119239241 0.703742385
    0.887213349 0.252670497 0.398830861 0.981066585 0.808862984
    0.150957525 0.652450204 0.330058008 0.943172157 0.238103598
    0.478044301 0.322375715 0.226245672 0.721059322 0.874446273
    0.180607468 0.743459105 0.443800956 0.232101023 0.563602686
    0.888862848 0.395838112 0.624519527 0.463097841 0.244824082
    0.629199505 0.425604641 0.230920404 0.807762206 0.350849122
    0.0969599485 0.0220253468 0.843083739 0.869490445 0.914819002
    0.113292962 0.326051921 0.0669203997 0.138648123 0.0532448292
    0.0285905302 0.162181318 0.114002407 0.593184829 0.515832484
    0.994614363 0.254141092 0.809720099 0.854044795 0.28436631
    0.459482223 0.925846875 0.149224877 0.137797892 0.323431015
    0.104286641 0.303732187 0.552750766 0.943192601 0.962603807
    0.0721122622 0.356218368 0.370401382 0.226001561 0.642261803
    0.363454998 0.160373777 0.390161276 0.73988682 0.267675519
    0.618052959 0.854394913 0.378660679 0.167821854 0.900149167
    0.693967223 0.396402389 0.299093187 0.804072976 0.787113428
    0.908908725 0.265777141 0.989078879 0.939786136 0.60247457 0.4621782
    0.501796842 0.280112296 0.276249826 0.370584816 0.971041322
    0.398593456 0.82916081 0.619910598 0.282863736 0.753190398
    0.606329918 0.229047984 0.992484868 0.641333282 0.855330706
    0.558278084 0.144221991 0.969012439 0.773949027 0.297886372
    0.487809569 0.521989524 0.441795498 0.283678979 0.924180865
    0.929406047 0.5014171 0.573726833 0.910522103 0.89496243 0.987445235
    0.133775413 0.782328725 0.140990466 0.431112468 0.848479331
    0.964939833 0.0179100037 0.83685112 0.466154516 0.375537604
    0.00497925282 0.409961581 0.624073982 0.266277999 0.821925104
    0.065446794 0.748815656 0.731165528 0.636867702 0.977294326
    0.0944392383 0.141600132 0.117569804 0.948441803 0.362481743
    0.105813205 0.936756849 0.685139418 0.195205271 0.677184105
    0.256949425 0.747000992 0.519769311 0.929634035 0.897423387
    0.666915178 0.74894774 0.158438742 0.0601133406 0.166779906
    0.117986411 0.758516192 0.205123335 0.777392805 0.129103363
    0.100993365 0.506932259 0.59201175 0.508307815 0.0842580795
    0.909802377 0.925463915 0.666106224 0.399998248 0.393469572
    0.919169068 0.510077536 0.977321625 0.0750743449 0.828742266
    0.871053278 0.375669718 0.67026943 0.847735941 0.250081033
    0.108238816 0.263271928 0.888063788 0.593966007 0.494931757
    0.946816623 0.32076478 0.932611227 0.566494703 0.757465541
    0.10597533 0.987651944 0.121933639 0.336146355 0.584415853
    0.394794375 0.70042628 0.407865584 0.725403309 0.894176483
    0.466892987 0.282265812 0.0880314112 0.357946098 0.0743861496
    0.351568907 0.554212332 0.754554033 0.306003392 0.23045969
    0.888426781 0.351920992 0.339812994 0.868213415 0.395533204
    0.710081458 0.953309298 0.921709061 0.127598315 0.787577629
    0.300239474 0.272189915 0.662711501 0.495574504 0.425694346
    0.866611481 0.0973517001 0.26987046 0.530375838 0.848840833
    0.362025708 0.038542062 0.975095868 0.670963824 0.603574276
    0.873844504 0.248945266 0.534398317 0.547217488 0.954893112
    0.814767361 0.932086825 0.6486637 0.821293473 0.747455299
    0.189608723 0.386125892 0.869055629 0.195474356 0.880130172
    0.462208778 0.64231354 0.817115545 0.638281465 0.515637994
    0.828792095 0.567236662 0.112615138 0.830976009 0.875952721
    0.22950235 0.353591323 0.972083747 0.293129385 0.787179232
    0.834560931 0.338438421 0.680170774 0.965537429 0.859567881
    0.704011798 0.836796284 0.974856019 0.810783565 0.349687874
    0.346112609 0.0828399062 0.184731007 0.324345112 0.360329628
    0.172211856 0.666373491 0.0869816244 0.970319986 0.552387238
    0.356057316 0.141960084 0.932204664 0.781122804 0.434134692
    0.187519789 0.818805993 0.456465095 0.92698431 0.405183613
    0.409215122 0.921389222 0.255228162 0.314487308 0.120599419
    0.565013885 0.167432934 0.609200954 0.387219608 0.219411224
    0.414777666 0.893994093 0.186974734 0.738966346 0.580362558
    0.937855959 0.162590891 0.565339506 0.29937768 0.515856028
    0.756596327 0.234316409 0.789078176 0.40383929 0.794413924
    0.588090777 0.593601584 0.412519991 0.296919107 0.369999588
    0.820490956 0.939284146 0.897987425 0.760064363 0.557726264
    0.000948101282 0.963909149 0.488502681 0.321061105 0.365417212
    0.642995954 0.645364583 0.486952245 0.220934778 0.329382837
    0.992117405 0.890619814 0.736176789 0.800517797 0.260985494
    0.828556418 0.197407663 0.909938335 0.57718122 0.070789367
    0.121037394 0.699704409 0.000970244408 0.207295984 0.30837667
    0.191032052 0.279739797 0.414910167 0.800958931 0.596936941
    0.582831025 0.745463669 0.0620690882 0.210743397 0.102731526
    0.511997104 0.577424228 0.623920083 0.746581912 0.605055571
    0.155250132 0.196054846 0.30921033 0.39850679 0.716177046
    0.315686464 0.70460546 0.913096964 0.796007037 0.912041426
    0.410352737 0.019585371 0.556156099 0.594318628 0.217370182
    0.422503412 0.671292126 0.116796225 0.646491289 0.206425518
    0.942374229 0.312740982 0.151138932 0.363390326 0.0347386599
    0.240291357 0.205941916 0.271803707 0.790932178 0.286183566
    0.623422921 0.374170542 0.273681432 0.829356313 0.0111385882
    0.660984457 0.372390807 0.286736041 0.328553081 0.0247252285
    0.222156584 0.68476522 0.980373263 0.277614951 0.18911016
    0.718310833 0.636286497 0.354152918 0.75812149 0.615026712
    0.109672219 0.144526988 0.61945188 0.109705061 0.0353998542
    0.949391007 0.572915196 0.829904795 0.913623333 0.726944208
    0.221934438 0.905403674 0.247112542 0.876394987 0.554383337
    0.762598157 0.485008717 0.921081007 0.872598052 0.281062365
    0.638008237 0.0655014515 0.169312567 0.892513394 0.435573041
    0.434008092 0.877584815 0.431964159 0.954858243 0.343298495
    0.772300839 0.619107664 0.861689806 0.168105185 0.691868186
    0.942529082 0.300776243 0.077557832 0.153749913 0.227941811
    0.257050157 0.612341881 0.204186529 0.662994862 0.419837117
    0.17083174 0.311959743 0.467292815 0.652461052 0.0340283513
    0.0867750049 0.520369172 0.548506737 0.662982702 0.425349653
    0.371025324 0.0407962203 0.761026263 0.0612975359 0.074403137
    0.631319046 0.90924108 0.9100703 0.862536669 0.146399498 0.681171894
    0.427855372 0.484119028 0.389172643 0.911794543 0.74023217
    0.64028424 0.0984266698 0.122104913 0.513145506 0.199758321
    0.70729661 0.493337691 0.504512191 0.409471512 0.544713676
    0.961141765 0.544207513 0.169179618 0.379345149 0.873650074
    0.0136673748 0.956292689 0.859350204 0.835386872 0.379591584
    0.364214331 0.299407184 0.0643052161 0.0781871378 0.654483557
    0.999416232 0.365840107 0.179174751 0.811277866 0.785057545
    0.70910275 0.140682369 0.367567062 0.814125419 0.862362385
    0.0880574286 0.788731813 0.820556045 0.0617340803 0.318357229
    0.14631325 0.293044746 0.390034735 0.265098214 0.930239081
    0.963337898 0.61620152 0.633507729 0.793153405 0.426022202
    0.773852348 0.3141765 0.155647129 0.936783195 0.907656729
    0.287571371 0.755326152 0.795381725 0.559307456 0.889407635
    0.776280165 0.203668505 0.949776769 0.900982857 0.763469636
    0.750494599 0.150706261 0.272692025 0.613818884 0.929646134
    0.829809546 0.950876892 0.0711697042 0.601451755 0.565229058
    0.640401185 0.757946074 0.00615522265 0.842404008 0.465219945
    0.0878024995 0.549925208 0.841355503 0.223484993 0.573997915
    0.870859444 0.463715702 0.0666028559 0.944706261 0.597651184
    0.0753627419 0.405681908 0.956579924 0.630857825 0.676343739
    0.124289453 0.284103155 0.394871384 0.678885579 0.552318215
    0.619442642 0.917069256 0.249534309 0.653523386 0.494503289
    0.127221823 0.801834822 0.843323469 0.034610182 0.933956265
    0.43717289 0.621457279 0.732803822 0.399452567 0.149489701
    0.886955082 0.264839321 0.302666396 0.709336281 0.300625145
    0.477001071 0.131993413 0.338840872 0.343085825 0.293788493
    0.468161404 0.222938687 0.485959888 0.316423923 0.00408661366
    0.917836785 0.821703434 0.760885715 0.842911839 0.12318188
    0.479092956 0.358057976 0.721598625 0.356273115 0.818389356
    0.650750697 0.866799593 0.54421854 0.702916384 0.383378327
    0.493082225 0.349194378 0.146132231 0.469132692 0.227304429
    0.464730203 0.893043637 0.623128355 0.784770727 0.748725832
    0.0430886149 0.165701598 0.861063361 0.516023695 0.872604489
    0.899481535 0.922562599 0.992499113 0.943003833 0.130587816
    0.135148883 0.543605208 0.473434478 0.456198692 0.709695816
    0.00466743112 0.085124284 0.0743629336 0.0701693296 0.345408797
    0.488693118 0.00219002366 0.992705822 0.200770736 0.412245333
    0.0128657818 0.50262475 0.771219254 0.978158832 0.795989871
    0.152098775 0.927933812 0.0964231491 0.501230717 0.446009874
    0.689492404 0.89338541 0.825950146 0.914775133 0.956950724
    0.564541459 0.100105315 0.499399692 0.237667382 0.706499815
    0.306652188 0.818159223 0.934972286 0.359778762 0.823209405
    0.296982884 0.342172414 0.952693105 0.825468898 0.933592439
    0.889276981 0.959175408 0.0553885102 0.665000677 0.378377676
    0.959436059 0.914522052 0.457554877 0.56077826 0.708225548
    0.433711886 0.488072395 0.255152792 0.707632244 0.99565506
    0.0434617996 0.750026762 0.944564223 0.945867419 0.922911406
    0.508938313 0.447334647 0.540317595 0.748175383 0.931245565
    0.701224267 0.560530543 0.989124954 0.652531743 0.294403166
    0.557843566 0.924138904 0.760240793 0.794610143 0.679844141
    0.133661479 0.490645498 0.0699101985 0.529424965 0.916406512
    0.00966972113 0.982595384 0.703502238 0.971266389 0.498755991
    0.618373275 0.673943818 0.880271733 0.204637855 0.515069723
    0.346853256 0.953575969 0.683202744 0.790695608 0.909395158
    0.669883966 0.348916143 0.163819343 0.738910794 0.607715368
    0.176966012 0.611166358 0.92395395 0.917697966 0.977843642
    0.328423083 0.821222544 0.82062465 0.964758039 0.493591964
    0.581385076 0.723828912 0.00389054418 0.935495973 0.629050016
    0.46349594 0.45702827 0.745513916 0.129979163 0.888921022
    0.308021337 0.0275549889 0.250018716 0.106788903 0.329635978
    0.914629221 0.428221941 0.753593683 0.677758157 0.272549093
    0.825114489 0.288797081 0.304012239 0.0120910406 0.876237273
    0.708828747 0.987067938 0.279396176 0.349197984 0.371923864
    0.793512344 0.278413236 0.120654106 0.737871468 0.927316129
    0.124529809 0.963550806 0.07386145 0.332214832 0.365488589
    0.0712462366 0.472706854 0.573834777 0.357844055 0.916985512
    0.319520593 0.246873617 0.963440418 0.568205237 0.189283133
    0.00328707695 0.0271859467 0.818184137 0.612412035 0.966057777
    0.472724885 0.250534981 0.80616653 0.225184381 0.64233923
    0.271387428 0.123395056 0.969229937 0.205044359 0.934760332
    0.553848326 0.107043713 0.773437321 0.928806901 0.580864787
    0.71193409 0.342668593 0.0284796357 0.0173989832 0.663613021
    0.576440513 0.149172604 0.467052639 0.708491147 0.915487409
    0.266816854 0.939935982 0.773978114 0.0410161614 0.509270251
    0.564099908 0.984433413 0.270755172 0.199434161 0.17413035
    0.229958415 0.828076482 0.668786943 0.674695253 0.299263477
    0.8151052 0.628407896 0.0209173262 0.385456145 0.917565167
    0.00443583727 0.914774776 0.315297842 0.422629237 0.0962764919
    0.627127111 0.577032089 0.0776054263 0.0446926951 0.0907046199
    0.871846497 0.0587489009 0.569241881 0.658227503 0.647730112
    0.716157794 0.247847825 0.0259435475 0.250637114 0.129884869
    0.637408435 0.908737481 0.176164806 0.871666193 0.955569565
    0.778199673 0.68992573 0.607115448 0.986147761 0.168767214
    0.324309886 0.919465899 0.457181573 0.512841344 0.272429883
    0.241944313 0.11020869 0.382858992 0.989827275 0.00755339861
    0.441118032 0.899784505 0.384349346 0.539627016 0.39086923
    0.218005419 0.711748421 0.0317674279 0.568731368 0.806683064
    0.727948785 0.344516367 0.254205793 0.0453480482 0.858253241
    0.213931143 0.00705328584 0.797191739 0.73590982 0.898587286
    0.731105566 0.54209733 0.503635585 0.783778071 0.231056899
    0.624703526 0.415571392 0.12219727 0.331831604 0.253198326
    0.252164692 0.457526565 0.0329070091 0.251273364 0.104332566
    0.28659904 0.8893677 0.920666397 0.530891061 0.565944672 0.132832944
    0.516412437 0.714909017 0.33621335 0.377235681 0.0179852545
    0.505488396 0.192367136 0.330921501 0.822043777 0.355221808
    0.66207093 0.291639805 0.685032606 0.440237075 0.0461962521
    0.883949876 0.234457433 0.562892675 0.178528607 0.175173789
    0.814509869 0.914866447 0.826430202 0.810888886 0.97066915
    0.599126279 0.491124302 0.196858376 0.416433215 0.314042419
    0.941475749 0.0171676874 0.898250997 0.956061482 0.711056471
    0.392269313 0.530043364 0.736183465 0.18194896 0.783460557
    0.777378738 0.983277559 0.591632068 0.819445491 0.31184113
    0.273537159 0.92628634 0.532714784 0.481982052 0.53529954
    0.317355514 0.237348765 0.38291657 0.786710501 0.690934896
    0.356133878 0.202424318 0.641945839 0.755715489 0.432094634
    0.663589239 0.3961761 0.206430495 0.0704904199 0.262199759
    0.630499244 0.505702436 0.208978951 0.230210841 0.104840159
    0.294693142 0.503098965 0.052859813 0.40235281 0.785690546
    0.851025939 0.926796079 0.15347299 0.104752541 0.0289993286
    0.441740304 0.402288079 0.567965031 0.282302886 0.439261824
    0.555853307 0.499165207 0.449595332 0.57220161 0.228565514
    0.662429273 0.34591651 0.282582939 0.716334403 0.397862554
    0.0550600886 0.998351336 0.92416501 0.397457302 0.333518833
    0.715494394 0.192062348 0.0135650039 0.791553617 0.38010639
    0.218911916 0.614754617 0.967960715 0.606669426 0.674070597
    0.824841976 0.295811176 0.925330758 0.252989054 0.304958075
    0.674149454 0.903661489 0.226094216 0.302887708 0.0283359885
    0.310084254 0.407233417 0.583725035 0.78340435 0.128411055
    0.811079502 0.345113695 0.374208957 0.0104956329 0.214669675
    0.739957273 0.341941386 0.181547284 0.458179533 0.719762564
    0.901549101 0.0271905363 0.240686953 0.673913956 0.646967173
    0.992790341 0.60142839 0.0310610831 0.00645321608 0.523084104
    0.72340858 0.41517812 0.67309618 0.884011149 0.313034415 0.782582104
    0.824970126 0.0189164579 0.66439116 0.696016133 0.861040831
    0.0129781663 0.37303403 0.808476686 0.714424491 0.83665967
    0.0773554444 0.233570576 0.879079938 0.370543778 0.776101112
    0.986715138 0.435722381 0.688955903 0.223395348 0.180426121
    0.228924066 0.839036703 0.88597101 0.462041765 0.495468855
    0.0787537694 0.867967844 0.980971873 0.12032637 0.508338511
    0.232926965 0.900181532 0.601609349 0.218363404 0.0315335095
    0.455446124 0.717378318 0.0556314588 0.728265762 0.772427261
    0.556894362 0.734846294 0.560642779 0.623270094 0.450745702
    0.224129379 0.236206293 0.204529136 0.0477383435 0.238826036
    0.342325628 0.303629518 0.801505804 0.508188784 0.182348549
    0.38493216 0.92527616 0.836757958 0.735160828 0.773209333
    0.478522211 0.591469705 0.886333942 0.918893576 0.0417198241
    0.539581418 0.700046301 0.0343225002 0.424817294 0.794458389
    0.286780715 0.952364445 0.048001647 0.968928874 0.90187341
    0.00691455603 0.949759483 0.90474695 0.0836421549 0.971146286
    0.24687314 0.765907347 0.269755125 0.821481705 0.436299801
    0.563225985 0.3439551 0.0673976243 0.938949227 0.604853272
    0.153569281 0.857611895 0.783272147 0.753950477 0.886562943
    0.254270613 0.506266475 0.656725407 0.356791794 0.355334133
    0.912647367 0.709815919 0.796595097 0.771216154 0.933526874
    0.86154151 0.339663059 0.998636961 0.416980207 0.635528326
    0.470219254 0.660208941 0.711875677 0.64360851 0.249500304
    0.43387419 0.724467754 0.174730897 0.241334587 0.836303353
    0.650755167 0.39531368 0.506881237 0.262014508 0.953017712
    0.624336302 0.440443695 0.705632985 0.430847526 0.946033537
    0.406272531 0.437621832 0.645063698 0.527338684 0.381157964
    0.545293272 0.733889341 0.583436251 0.880737543 0.419555485
    0.177973777 0.841288447 0.00171107054 0.130212665 0.765753388
    0.0512487292 0.140419424 0.783720016 0.861681163 0.0892304778
    0.0192022622 0.277977943 0.809899986 0.179230481 0.995463908
    0.0117000937 0.536059558 0.770746291 0.0215766728 0.893013358
    0.140865952 0.714294434 0.188442796 0.982841015 0.138467282
    0.284670234 0.938567698 0.438576818 0.411809832 0.329764724
    0.973903298 0.268216431 0.553883612 0.163955748 0.97531265
    0.215385199 0.445053041 0.852043629 0.567059755 0.460945129
    0.715757906 0.612456083 0.693385839 0.948966503 0.0732379258
    0.0626233816 0.222490817 0.68050313 0.618187904 0.0113897622
    0.319783598 0.591168702 0.142955184 0.439913779 0.935824871
    0.340747327 0.737134993 0.491520047 0.971417785 0.178856641
    0.779398561 0.745544434 0.550108433 0.068415761 0.663654804
    0.892830014 0.0121643841 0.732126415 0.68398279 0.132890522
    0.93840456 0.172641933 0.153018981 0.243942201 0.223012388
    0.827083349 0.879729986 0.691241264 0.8054232 0.0112706721
    0.664827466 0.401220024 0.829776645 0.213417888 0.793177605
    0.429813743 0.115484267 0.197718531 0.118304163 0.950953662
    0.143657446 0.645887852 0.421901613 0.0517759919 0.545805812
    0.57359302 0.169262439 0.93946588 0.367439181 0.50434643 0.669695377
    0.469447911 0.832486153 0.962690115 0.0714544654 0.273755789
    0.606702924 0.817093611 0.691090703 0.872583389 0.0577024519
    0.401184022 0.807433009 0.205708116 0.681471467 0.31532836 0.4553262
    0.69025594 0.0255319476 0.480160534 0.933549523 0.246563554
    0.155115217 0.183266312 0.693434596 0.37846756 0.771645546
    0.0575832725 0.884062231 0.15855065 0.251156867 0.918203652
    0.158035457 0.566984713 0.749805331 0.932894826 0.605118334
    0.427343845 0.344753504 0.239423007 0.728528798 0.298925877
    0.615144789 0.292287081 0.534604728 0.772699535 0.24555096
    0.380471766 0.50721854 0.531634808 0.84368968 0.449845344
    0.970515966 0.238699436 0.171461165 0.875700712 0.169736624
    0.203143775 0.0248554945 0.332046956 0.725264311 0.945620418
    0.635272741 0.36988008 0.610460579 0.127102017 0.378376931
    0.79967761 0.703364968 0.767623305 0.864386976 0.469796419
    0.948548019 0.14873901 0.354355812 0.61716789 0.765779495
    0.308211327 0.998226047 0.578873158 0.971797466 0.0233420134
    0.680811107 0.952679634 0.25703159 0.581197679 0.812439084
    0.227504253 0.286965698 0.0888575315 0.927075863 0.94397366
    0.485492378 0.622576118 0.844357252 0.928972423 0.400709867
    0.199746281 0.0975379944 0.179410785 0.643475413 0.167052537
    0.166896671 0.643209457 0.0650062263 0.131527305 0.517740846
    0.325782657 0.0254848301 0.030269593 0.197441608 0.994104505
    0.232000172 0.756630182 0.99636054 0.809263706 0.47886163
    0.582629263 0.340746492 0.776751637 0.745051324 0.744256079
    0.382040232 0.712834775 0.643268347 0.229454011 0.654104233
    0.0509799719 0.551743865 0.604573131 0.882666767 0.460016042
    0.722995341 0.768019438 0.976828575 0.530601263 0.00799077749
    0.89008975 0.104768962 0.138838559 0.310280949 0.974171519
    0.810123742 0.364052176 0.503270984 0.67376107 0.882370472
    0.530072331 0.580410659 0.156815737 0.0999795198 0.108445168
    0.295825958 0.969770789 0.135709584 0.123050153 0.799646795
    0.0220470428 0.835731387 0.845479906 0.77454263 0.957492888
    0.0982375443 0.718584359 0.476916045 0.085213393 0.763636231
    0.557728291 0.813985586 0.867361248 0.0335168839 0.0202440917
    0.837274313 0.800127506 0.622418761 0.201144248 0.12193054
    0.0916743279 0.688853025 0.159533083 0.514209747 0.82837975
    0.728215396 0.689254522 0.338350713 0.311023772 0.339544713
    0.176905185 0.276572406 0.433050275 0.867013931 0.745509207
    0.448610336 0.166631222 0.875081182 0.52808398 0.690328717
    0.147869349 0.604726255 0.343247116 0.572664022 0.110005707
    0.515134096 0.428859264 0.792784333 0.850315809 0.486922622
    0.755023301 0.815011144 0.86186564 0.878232121 0.31664741
    0.142026037 0.474539071 0.592500687 0.276937306 0.306930572
    0.263890803 0.115851939 0.509185195 0.606542826 0.195776552
    0.0116925538 0.741388679 0.0762133002 0.353794098 0.178870738
    0.22424531 0.684019208 0.0474871397 0.898785114 0.89603138
    0.676944375 0.645419538 0.416639388 0.15403226 0.947340131
    0.217410505 0.36111027 0.190348387 0.0300372541 0.738912642
    0.609316051 0.367407441 0.42473048 0.752700686 0.0890556574
    0.113451004 0.565338135 0.980102956 0.452308297 0.784620583
    0.321746469 0.0424348414 0.230359554 0.0515086353 0.907681763
    0.451470435 0.676473379 0.341725379 0.374293745 0.226609945
    0.6773808 0.265331537 0.00294595957 0.299972385 0.811768949
    0.737816572 0.763304353 0.525449336 0.522595465 0.177475244
    0.0325009823 0.0510752797 0.837019086 0.497382909 0.686466634
    0.94999516 0.204755008 0.160730004 0.774802327 0.380194008
    0.939705849 0.241869718 0.636064529 0.993610382 0.381574839
    0.170537412 0.783897817 0.711819887 0.700471997 0.505832911
    0.677779913 0.410775185 0.176472545 0.470395952 0.754784346
    0.844508529 0.0210000575 0.967877746 0.119181037 0.613466442
    0.0257297456 0.234190583 0.658138037 0.786230803 0.932229698
    0.157706618 0.998229623 0.470253021 0.250524938 0.628758669
    0.811692417 0.403747022 0.583753526 0.923217773 0.0566245019
    0.57637316 0.526026905 0.270053744 0.422856718 0.309301019
    0.106466293 0.378661156 0.938189864 0.140198559 0.357582927
    0.891206026 0.706705034 0.0492863953 0.0657304525 0.595206618
    0.227471143 0.654887557 0.742415249 0.412910193 0.871661961
    0.331312239 0.202217132 0.366972625 0.477850705 0.923584223
    0.0448926389 0.89493227 0.342437834 0.238580406 0.670658648
    0.909005642 0.668343425 0.0197889805 0.137702525 0.727141023
    0.635146379 0.20787704 0.489049107 0.051541388 0.944921255
    0.327426136 0.952953279 0.999854982 0.424837708 0.596018314
    0.706402183 0.83295089 0.803347528 0.309749275 0.406886041
    0.208546668 0.924460053 0.49080345 0.867454767 0.965376377
    0.495082974 0.601909995 0.260456979 0.90874505 0.524997354
    0.894144475 0.851108015 0.98467195 0.824868679 0.973598599
    0.569116771 0.397254258 0.251027882 0.635359764 0.689439654
    0.0643983185 0.911869764 0.414228559 0.44283095 0.876149297
    0.300204575 0.444601595 0.788263679 0.663938224 0.799743474
    0.0709622204 0.785605848 0.954223335 0.289647579 0.291826099
    0.362619519 0.868526578 0.910182238 0.914026439 0.510594189
    0.669094682 0.567567229 0.207850248 0.487141997 0.593505263
    0.0335889459 0.895770073 0.460911721 0.767405748 0.139687598
    0.536496997 0.733926117 0.498584479 0.450020432 0.157146394
    0.806353509 0.86939925 0.557742417 0.388278931 0.87951827
    0.256074309 0.488634855 0.366898924 0.624340534 0.0886333585
    0.919104457 0.14246431 0.516371489 0.524781644 0.30681026
    0.378491342 0.85599649 0.292462289 0.0565348566 0.62741518
    0.00265151262 0.664922893 0.774790764 0.322286755 0.477065653
    0.432979882 0.122491807 0.859706044 0.0198433995 0.266808808
    0.15888384 0.733405828 0.0618698299 0.940841317 0.965882897
    0.111600816 0.296542734 0.545015752 0.0500511527 0.563529313
    0.0317437947 0.339144409 0.657351255 0.656538248 0.993424773
    0.723625243 0.216819853 0.623221278 0.506557167 0.0415042043
    0.669693351 0.359122813 0.127553046 0.610015392 0.803166151
    0.270930648 0.272165358 0.925875604 0.373071969 0.140872568
    0.664634526 0.119134456 0.178850919 0.122950256 0.0978207588
    0.408453465 0.814585745 0.219736874 0.255541086 0.470642596
    0.452426851 0.745915174 0.880350351 0.679008543 0.590546131
    0.320667118 0.0680893064 0.824905097 0.85726738 0.548783064
    0.860026002 0.662857354 0.0128557384 0.145341873 0.356037706
    0.587367475 0.0542701483 0.00661167502 0.924524069 0.0975791514
    0.397891849 0.969850898 0.442389548 0.68552053 0.902630329
    0.671874106 0.714084148 0.547394037 0.565330088 0.458091438
    0.403660685 0.857612252 0.0248917043 0.23663491 0.142956823
    0.177797973 0.382681578 0.180986941 0.400005579 0.044005543
    0.706456721 0.343394637 0.40142107 0.112919807 0.879675031
    0.282966733 0.5925892 0.423151016 0.927991629 0.501794577
    0.986381054 0.160187036 0.0378882885 0.31997782 0.257285893
    0.103034467 0.522842526 0.634859443 0.129638731 0.465389878
    0.955654621 0.686898351 0.370528698 0.0351955593 0.961589336
    0.0446004868 0.53830719 0.800220728 0.276498258 0.197941095
    0.101927519 0.40344426 0.216339439 0.103904963 0.115724713
    0.115124643 0.636802554 0.568655372 0.2434901 0.237562418
    0.487895697 0.950508356 0.191780448 0.376807034 0.226144224
    0.411423326 0.679440379 0.337295175 0.223566532 0.41511938
    0.931434155 0.261287272 0.637346268 0.541250765 0.466065973
    0.027445823 0.00563016534 0.343936235 0.0695350468 0.900935829
    0.09465608 0.0367854834 0.827085018 0.849403858 0.128576845
    0.739707708 0.66026485 0.744140327 0.117866337 0.486569762
    0.950141788 0.841240525 0.470801562 0.170854926 0.891024411
    0.985122681 0.710579276 0.610566676 0.526098728 0.756040871
    0.541024089 0.667602539 0.0563561618 0.731404364 0.515492678
    0.256184042 0.458229035 0.943538845 0.567579508 0.813717246
    0.762341022 0.539718091 0.459192574 0.544124305 0.480140001
    0.258325636 0.203491956 0.433938205 0.30609405 0.312055647
    0.117984205 0.191582918 0.21661222 0.516161084 0.339841843
    0.899901867 0.125149906 0.833330989 0.672143936 0.677699864
    0.399970382 0.0733495951 0.842115581 0.282438964 0.532338381
    0.564713717 0.992155015 0.327942908 0.459932566 0.261565328
    0.106544018 0.238861889 0.0295740366 0.554913104 0.773488283
    0.884998441 0.654208004 0.0111846328 0.978623867 0.780733228
    0.705791116 0.720712066 0.669134378 0.495868504 0.895500064
    0.348208189 0.877908826 0.721031427 0.712756813 0.652459741
    0.524593174 0.299226999 0.0451288223 0.755935788 0.0954933763
    0.427763134 0.718544245 0.580276072 0.610960066 0.807168961
    0.795683563 0.997272134 0.0163078606 0.127586097 0.938596904
    0.581732452 0.562497675 0.274450719 0.422648251 0.407379717
    0.134438306 0.960463822 0.493795007 0.104103714 0.0544884205
    0.996159136 0.196655422 0.233887851 0.692506313 0.439124823
    0.470894217 0.044894129 0.434763402 0.968506932 0.996842802
    0.203473002 0.138498813 0.603446901 0.105895787 0.743248641
    0.894515991 0.566868722 0.83335942 0.812375367 0.721087575
    0.806912422 0.965768099 0.213022649 0.449528754 0.446096241
    0.781677723 0.288784444 0.254830539 0.263424516 0.324224472
    0.253237963 0.511085451 0.179452837 0.911499858 0.227832258
    0.74117589 0.64090991 0.872889638 0.562076092 0.0671718717
    0.650151372 0.350600809 0.48239857 0.260146141 0.231461912
    0.592005908 0.311007023 0.309347451 0.428030461 0.676457763
    0.719707072 0.498138398 0.421898603 0.376170725 0.386075497
    0.214108795 0.657575011 0.378778398 0.815073609 0.143107772
    0.766678333 0.242197335 0.580387235 0.904688716 0.511907876
    0.417248577 0.731018126 0.566304445 0.537364662 0.441600025
    0.186585784 0.068204999 0.689131916 0.344629109 0.379661143
    0.0552931428 0.0555532575 0.743990064 0.136982799 0.629059792
    0.389898121 0.32261771 0.869169831 0.331021518 0.35382843
    0.618457079 0.396113664 0.494302899 0.186780781 0.0983930826
    0.248452544 0.382607371 0.0728352368 0.663980961 0.42876485
    0.518877804 0.556281805 0.545902848 0.223603576 0.324203014
    0.167015672 0.774854541 0.928185344 0.829529285 0.311890453
    0.629999161 0.233727962 0.882790446 0.610164225 0.199477553
    0.790627122 0.425401419 0.995294929 0.354241937 0.871988952
    0.181023091 0.472869903 0.942438841 0.972228706 0.735926926
    0.796502471 0.0783167779 0.784178138 0.29091239 0.940250993
    0.600234032 0.170308471 0.550248384 0.736313939 0.329944253
    0.680394411 0.121211827 0.96801579 0.274447799 0.987406373
    0.152175874 0.449139535 0.922342777 0.208318412 0.0992904305
    0.385394841 0.0579764247 0.832996249 0.845535159 0.241796196
    0.518363953 0.866749287 0.402959675 0.625461757 0.0655542314
    0.0169994533 0.458386421 0.118834287 0.828927279 0.0513369739
    0.447054029 0.675220966 0.686833858 0.521121144 0.40117538 0.8392905
    0.867756009 0.369037688 0.947720885 0.275839269 0.820468605
    0.509584785 0.631198227 0.921170354 0.202484161 0.207880884
    0.372452319 0.677171052 0.175729811 0.171827286 0.605008006
    0.856387973 0.784208477 0.954550266 0.820816278 0.685097694
    0.546652019 0.765879929 0.572658718 0.479658902 0.166470617
    0.794841588 0.950486183 0.835961342 0.456665546 0.73063755
    0.131343484 0.245335758 0.598442852 0.719599009 0.973598957
    0.198934108 0.270998508 0.61610353 0.387433797 0.175579637
    0.988250613 0.766309738 0.0280570388 0.211161137 0.61979872
    0.173323184 0.845690012 0.848851323 0.398347139 0.121090531
    0.0303830802 0.518695951 0.667982459 0.628812909 0.200577438
    0.894770086 0.46080634 0.395199955 0.167625606 0.343725771
    0.508862376 0.406010807 0.0238809884 0.219860107 0.0789378881
    0.0581016243 0.721567333 0.984615922 0.320654452 0.348309934
    0.862352848 0.744337142 0.328056216 0.374240994 0.931545734
    0.491874158 0.0895289779 0.0323294103 0.81093812 0.321295619
    0.636229753 0.704810262 0.564627469 0.210799932 0.442713648
    0.604287207 0.740031362 0.916692257 0.234777451 0.682878852
    0.91310966 0.330428064 0.0583620667 0.207116425 0.363221526
    0.659109414 0.527171195 0.0790653229 0.706576943 0.191621423
    0.772475183 0.534185231 0.897422254 0.879771709 0.446987808
    0.480967194 0.304052114 0.997578025 0.916475654 0.263450921
    0.987276018 0.2054919 0.092812717 0.351837933 0.773702145
    0.00384321809 0.781195521 0.977342367 0.353764236 0.243549734
    0.729668081 0.540394068 0.636561513 0.118133873 0.424696445
    0.765146613 0.714920044 0.324436128 0.964575112 0.961374283
    0.431696951 0.600423515 0.330821127 0.97843498 0.701761901
    0.457995504 0.803788424 0.631497264 0.166699052 0.0092458427
    0.443824947 0.00142735243 0.902216434 0.850256085 0.0945135653
    0.264990807 0.42856741 0.0926015377 0.424894184 0.0480637252
    0.732348323 0.795014143 0.955550194 0.321767688 0.928257942
    0.0968143642 0.625789821 0.795721889 0.968141913 0.682950377
    0.628426194 0.119468689 0.890746951 0.39273718 0.401941001
    0.0188879669 0.172879547 0.913250804 0.0722487867 0.114424109
    0.58298862 0.52380538 0.334861755 0.38191095 0.170485884 0.969989359
    0.682087302 0.487329602 0.721787155 0.35664919 0.0834418833
    0.518578589 0.125358313 0.852261603 0.17437017 0.648023725
    0.490767449 0.441002011 0.042573154 0.640114725 0.382113606
    0.748674631 0.655795574 0.0189595819 0.61224997 0.316526473
    0.435727954 0.190794647 0.161035866 0.983422875 0.408591986
    0.379188031 0.753567934 0.879514635 0.838841319 0.167269617
    0.9822191 0.910546303 0.392738134 0.958861113 0.165547073
    0.622584999 0.305441737 0.284284353 0.319917798 0.248200029
    0.861246884 0.186365545 0.666310012 0.0346850753 0.361132264
    0.533474207 0.485116035 0.0896815062 0.190638989 0.540213704
    0.0159811974 0.504990578 0.31554538 0.144978613 0.3788324 0.86007899
    0.135011315 0.959772348 0.940961123 0.63769722 0.401878715
    0.630371451 0.59373945 0.646996081 0.697953105 0.686717033
    0.662725985 0.15506807 0.489035606 0.980375826 0.763773263
    0.21669367 0.816886425 0.613757372 0.13901189 0.141257435
    0.405293584 0.811555564 0.958591938 0.930073321 0.805492997
    0.493117005 0.691601574 0.263103962 0.188158572 0.994450212
    0.245628446 0.967155755 0.978256404 0.041441679 0.300653815
    0.469739914 0.88502574 0.151066184 0.534786701 0.758752823
    0.0512523949 0.996607006 0.485921413 0.326502651 0.362109005
    0.893740535 0.216715634 0.487508088 0.117255747 0.562459588
    0.907962084 0.128940672 0.509649038 0.905040979 0.520123661
    0.698064446 0.512386858 0.790028453 0.90435034 0.607565701
    0.75607866 0.540339172 0.559436321 0.543405414 0.788556457
    0.719459474 0.148664802 0.438727081 0.281906217 0.13815859
    0.258174062 0.486318529 0.248903602 0.690395713 0.0633262992
    0.00802206993 0.369006842 0.617062032 0.910432339 0.226270854
    0.965639591 0.0545841753 0.00132405758 0.759802938 0.0528891981
    0.114875495 0.494259477 0.655640423 0.376985252 0.106990069
    0.544813216 0.865285873 0.172248751 0.48341009 0.945474386
    0.582871735 0.834244728 0.233246714 0.704371095 0.947598815
    0.936016798 0.418534636 0.711299598 0.153837353 0.351522624
    0.637210786 0.944464445 0.829611361 0.10068956 0.233894914
    0.699040532 0.624750376 0.849612236 0.202615887 0.528497458
    0.0352678597 0.429315567 0.472256333 0.851830244 0.869507313
    0.386511028 0.367956102 0.199738771 0.776701927 0.623250723
    0.641554236 0.732281089 0.742358744 0.454288542 0.520551562
    0.728837013 0.0566166341 0.460425258 0.12706849 0.651595891
    0.477764249 0.259896576 0.353560627 0.091991514 0.420161515
    0.390848577 0.275418431 0.247293144 0.35578528 0.655240536
    0.151834846 0.636915445 0.264564037 0.831108809 0.0552331507
    0.551476538 0.344690084 0.123431325 0.736881852 0.49118194
    0.523517966 0.203840017 0.551352561 0.559312046 0.719018579
    0.485947549 0.904643178 0.495067567 0.506849468 0.0501863956
    0.00907626748 0.895379722 0.929444432 0.626922786 0.806457043
    0.0231028795 0.674443722 0.721613169 0.0544171929 0.888730884
    0.857426763 0.00985136628 0.532486737 0.618756533 0.416916192
    0.278184712 0.257660985 0.239891201 0.126173198 0.925288081
    0.0449269116 0.6328336 0.947474599 0.00864222646 0.766697526
    0.0222996473 0.244474888 0.669289052 0.146316886 0.645736158
    0.117759824 0.587960243 0.924824834 0.989808559 0.210442424
    0.81194818 0.503294647 0.682481527 0.0916971862 0.823536515
    0.0491626263 0.633635461 0.767876625 0.0250234306 0.74826479
    0.418385178 0.0251776576 0.69419843 0.85484159 0.973833859
    0.804802895 0.917335927 0.698424637 0.905842781 0.363388449
    0.14739266 0.521879494 0.820940256 0.775729835 0.911109209
    0.426395357 0.531930864 0.948952556 0.339168012 0.570071638
    0.931740582 0.0108926892 0.599091053 0.530041158 0.806308925
    0.356933355 0.320588022 0.633154392 0.462657958 0.989780605
    0.27348423 0.710485995 0.113875151 0.305250108 0.195923179
    0.858691216 0.968542576 0.597501636 0.521167219 0.532826126
    0.615875661 0.985645652 0.233899534 0.65373075 0.895683646
    0.0882924497 0.278839469 0.969722748 0.583256662 0.712272644
    0.650347471 0.355578154 0.618164062 0.229023188 0.365691662
    0.712045372 0.105648458 0.80475986 0.814788699 0.973500371
    0.0547872484 0.630685031 0.388071418 0.126877457 0.706024289
    0.777182341 0.34997943 0.172396421 0.970102549 0.185259491
    0.787486672 0.296993107 0.771115303 0.684483886 0.449867249
    0.810956419 0.532941282 0.145881385 0.418782681 0.596756399
    0.336581111 0.925404549 0.0381163359 0.580319703 0.926095366
    0.351145893 0.217865109 0.0251207054 0.155467838 0.677710176
    0.554238677 0.632677257 0.277032495 0.9553895 0.281157941
    0.994450271 0.432002515 0.402648211 0.225001991 0.822774291
    0.55851835 0.964671969 0.217334062 0.492773116 0.806663752
    0.436292171 0.613826632 0.76012671 0.030695945 0.120343447
    0.829825997 0.350299686 0.968322635 0.137349099 0.260656148
    0.951377869 0.157139063 0.0181465745 0.644873857 0.350006402
    0.357887 0.310625076 0.310567439 0.225078613 0.21136269 0.966583669
    0.160685778 0.882192016 0.580131054 0.953093171 0.036645174
    0.887616396 0.728859246 0.741606593 0.715929687 0.241871953
    0.675304055 0.591293812 0.484414279 0.239890546 0.380810618
    0.803519249 0.859818578 0.334109873 0.808374882 0.702824235
    0.5697124 0.333314568 0.886072278 0.890727162 0.0247967541
    0.0150648654 0.692496896 0.346270472 0.440618604 0.789162993
    0.821958423 0.379353225 0.177597195 0.312996149 0.892909765
    0.0853614211 0.911601365 0.411499947 0.367778838 0.209527284
    0.54400605 0.80674994 0.431906283 0.00817224383 0.295260161
    0.208512276 0.886915684 0.773651719 0.384030104 0.547275245
    0.949602365 0.776342988 0.452325583 0.117254764 0.291446596
    0.331901968 0.261410773 0.672171652 0.651081085 0.200005084
    0.529935241 0.366053581 0.887162089 0.103396803 0.870659471
    0.295375526 0.558173835 0.690884113 0.0270119607 0.30143562
    0.622531235 0.0369701385 0.47838974 0.182480127 0.248829752
    0.825184822 0.986749887 0.532851458 0.722761035 0.171084285
    0.193144441 0.751798391 0.650119901 0.215168059 0.526771903
    0.0640305877 0.822178543 0.897619665 0.985097229 0.232584417
    0.0752698779 0.404264271 0.61647892 0.261176765 0.544198751
    0.272174746 0.278831095 0.177842081 0.985046268 0.956160128
    0.127868325 0.683461726 0.256194174 0.805472016 0.920284271
    0.26741302 0.216914058 0.550756216 0.526566029 0.616812766
    0.158631682 0.491156489 0.960909665 0.346813262 0.394396275
    0.867863894 0.106611788 0.807888508 0.633350909 0.743016958
    0.601433456 0.293522507 0.841421843 0.256346256 0.147346735
    0.576551139 0.294205844 0.151316881 0.539760172 0.346674323
    0.787205815 0.772541165 0.395467103 0.748182595 0.145994365
    0.297833472 0.768073678 0.642798662 0.398816943 0.907014489
    0.370147377 0.712685943 0.637351573 0.71366173 0.951504827
    0.686165929 0.462901741 0.594084442 0.226462156 0.135030925
    0.959458947 0.542197227 0.225804538 0.442155749 0.611727178
    0.471612692 0.480473906 0.694989443 0.686483085 0.0546257198
    0.766192317 0.856396914 0.3800776 0.476613373 0.783668578
    0.900956035 0.758869112 0.73055923 0.766638517 0.352511764
    0.237871617 0.316255182 0.158581108 0.0449855626 0.138955057
    0.194210827 0.924587488 0.0340091884 0.836512446 0.715486586
    0.546401262 0.216111302 0.71488595 0.76964581 0.998275995
    0.943254828 0.133813024 0.828131795 0.595891893 0.0458100438
    0.921442986 0.0614785254 0.93102777 0.348009586 0.135543525
    0.783530295 0.310393512 0.352064967 0.474067956 0.0899199545
    0.815776646 0.422134757 0.33033675 0.766922414 0.457609177
    0.499912173 0.67287302 0.356477141 0.686999857 0.308003724
    0.360317409 0.304495394 0.773624897 0.335111141 0.90617162
    0.984438539 0.0472412407 0.634585619 0.95724237 0.0991527438
    0.508228838 0.891134143 0.725724459 0.998783469 0.194381326
    0.213412553 0.0466621816 0.103169888 0.635485649 0.488415539
    0.732913256 0.839535654 0.132428378 0.860850453 0.251466334
    0.800826669 0.575056672 0.335571468 0.328160316 0.175661474
    0.437480867 0.0806248486 0.291719496 0.621272504 0.290240884
    0.444423079 0.533503115 0.627349496 0.36023733 0.259726405
    0.839550495 0.451009989 0.710627794 0.976849437 0.740338147
    0.33800739 0.0341563225 0.177726716 0.356287181 0.788328528
    0.849366724 0.292016745 0.175372332 0.179224789 0.371151567
    0.681681514 0.636643529 0.598186135 0.574954987 0.0843817592
    0.451908112 0.221065044 0.678983688 0.335225821 0.297199667
    0.223860234 0.905954182 0.643922806 0.00212952495 0.885427475
    0.800689757 0.656531096 0.910361767 0.498615891 0.170163751
    0.84289062 0.31413576 0.61987114 0.0210293233 0.324081421
    0.279068381 0.974497795 0.831655622 0.816717982 0.895743012
    0.621967018 0.726108432 0.356721163 0.524870813 0.451231927
    0.45274955 0.5638749 0.673783302 0.966016471 0.852483392 0.177571625
    0.669063687 0.855444074 0.923490644 0.162457526 0.0198221803
    0.109528363 0.548801959 0.230025113 0.897297859 0.679840624
    0.930045724 0.0192219019 0.34605664 0.808411956 0.510715187
    0.717563748 0.561026156 0.202988952 0.7349208 0.388548076
    0.0826087594 0.347601205 0.0903215408 0.445738852 0.855204642
    0.41022256 0.133322448 0.0647886992 0.0619870424 0.178690642
    0.0457998812 0.724188149 0.0405821204 0.524091303 0.448772371
    0.246380091 0.34495306 0.10593164 0.636945903 0.290611088
    0.123422772 0.639656067 0.865751624 0.443769217 0.168602765
    0.294196606 0.648162067 0.328374445 0.546720624 0.689827442
    0.0524420142 0.482944459 0.934311986 0.220317513 0.385136813
    0.930046439 0.398535073 0.23139587 0.834811211 0.827852845
    0.540978909 0.474631101 0.372288227 0.55392015 0.314590573
    0.53859967 0.997034669 0.732115269 0.094637394 0.125785738
    0.591743946 0.984036922 0.287889242 0.246780127 0.564377546
    0.801279485 0.541747212 0.745101213 0.401670545 0.945231557
    0.124368846 0.83852005 0.877846062 0.769958198 0.368736327
    0.297289908 0.344257772 0.328561962 0.763001084 0.529838979
    0.032651484 0.0791648924 0.820845902 0.989409328 0.351392239
    0.691152513 0.820602059 0.420971602 0.0831746757 0.0530823469
    0.00499486923 0.302883029 0.164294928 0.424477249 0.393392861
    0.849352717 0.841669321 0.54900378 0.510771334 0.680274367
    0.680726707 0.525508642 0.383497298 0.813772321 0.156839043
    0.687577665 0.792632997 0.0358428061 0.6576612 0.332872421
    0.359517694 0.424759537 0.908048391 0.046216011 0.0875336528
    0.896783113 0.772938013 0.840272069 0.757896304 0.628852189
    0.644477069 0.632619262 0.507475197 0.329195738 0.24997133
    0.828563452 0.0453943312 0.710756838 0.251921028 0.0851357281
    0.793716908 0.208519757 0.809430122 0.881873012 0.607498586
    0.871192336 0.704384327 0.104558647 0.0127563477 0.0268325508
    0.474026471 0.350631654 0.387279451 0.776037693 0.282054007
    0.220739156 0.0376164913 0.723341823 0.383251697 0.869814813
    0.207015067 0.491532594 0.395832151 0.115331411 0.909285128
    0.967822611 0.49239862 0.800804615 0.40683493 0.938178182
    0.490206629 0.733362377 0.486798257 0.224493533 0.588413119
    0.843663335 0.336722136 0.908671618 0.433178335 0.762069106
    0.475048333 0.516614974 0.313580841 0.676614106 0.407656759
    0.340780139 0.28923279 0.402020574 0.44153285 0.0664446652
    0.0232129693 0.769073844 0.761864066 0.736192584 0.95786643
    0.436642647 0.193126768 0.0776314437 0.205554903 0.536155462
    0.264272809 0.359494567 0.65157181 0.124319553 0.754163384
    0.508136332 0.337589204 0.461129725 0.567411065 0.34173727
    0.181868017 0.608992815 0.39861089 0.843298793 0.591386378
    0.147551328 0.897007883 0.247305483 0.545222163 0.81969285
    0.0966522396 0.337164462 0.296006858 0.702251077 0.251580536
    0.605239034 0.286513627 0.526238203 0.172536105 0.464495301
    0.120278388 0.322111011 0.41506964 0.977358937 0.80195564
    0.0757864416 0.523340285 0.0270695984 0.0877752602 0.939291
    0.900286913 0.13900426 0.0601207614 0.582411587 0.0440755486
    0.724986732 0.117803782 0.0917766988 0.521085918 0.547497511
    0.824050009 0.666505635 0.263610482 0.369387209 0.470141709
    0.601844847 0.907538772 0.587150812 0.214578778 0.126871079
    0.679324925 0.21028167 0.749220312 0.918956101 0.861686587
    0.477206737 0.824352682 0.753997087 0.853639603 0.163852543
    0.93166858 0.54179436 0.21025908 0.470744401 0.589675605 0.515068293
    0.989023566 0.0380546153 0.54856199 0.542713046 0.993068576
    0.951577187 0.767530441 0.666316986 0.115125477 0.877449751
    0.232249439 0.854931533 0.192718565 0.21622017 0.409737051
    0.0727310777 0.0302256942 0.580039382 0.586373091 0.964366078
    0.656122327 0.414175779 0.69770056 0.0282661021 0.226039946
    0.980065107 0.379324049 0.73460871 0.766829729 0.518417001
    0.134640366 0.356122017 0.784599662 0.835273027 0.953653276
    0.939082861 0.863810778 0.100089163 0.324599117 0.112367928
    0.200515002 0.329254746 0.0516082942 0.544843674 0.550366282
    0.83251524 0.120654374 0.448646039 0.117000163 0.944757819
    0.943277955 0.846475363 0.0957503021 0.363861263 0.850951791
    0.0153096318 0.73766911 0.59997797 0.445959121 0.767923832
    0.00672924519 0.834997535 0.649389803 0.990944326 0.512223959
    0.912085533 0.75918597 0.251614153 0.700655699 0.179404825
    0.346701264 0.750887513 0.902604938 0.834258258 0.565256774
    0.578507781 0.465626806 0.710851729 0.849205136 0.928872347
    0.250042379 0.158184379 0.0136392713 0.668165684 0.16026035
    0.584242225 0.864126801 0.0750035346 0.230497003 0.908729017
    0.682904005 0.933480978 0.210928142 0.579708397 0.655137479
    0.29094103 0.607607543 0.189239591 0.983703792 0.97552371
    0.443044305 0.0864845514 0.762625813 0.00882840157 0.951275468
    0.310951144 0.984994769 0.481647789 0.437519193 0.132428586
    0.398858964 0.366609514 0.443451881 0.919593096 0.506803691
    0.935177326 0.995957494 0.341172785 0.684887588 0.639424801
    0.461350471 0.352294385 0.199062079 0.973543167 0.20578596
    0.972374856 0.876413822 0.624654472 0.868821621 0.569941342
    0.723317742 0.105973125 0.700970471 0.667612016 0.610931277
    0.815472484 0.610537827 0.424286157 0.217248112 0.831542075
    0.482448637 0.289399981 0.0713290274 0.657334626 0.376280904
    0.464243591 0.590564907 0.62144202 0.463728756 0.990328312
    0.577122271 0.844142139 0.15610534 0.336500823 0.702330887
    0.712098956 0.817646146 0.0334371626 0.315199733 0.160952777
    0.337081909 0.486715496 0.889304042 0.731180966 0.0265904069
    0.670532107 0.887346029 0.204752505 0.487922043 0.179058135
    0.915173471 0.92289114 0.232251912 0.0824188888 0.146922648
    0.334495187 0.335412085 0.940642059 0.725995064 0.691485167
    0.919770062 0.642872393 0.500819802 0.771287858 0.179032862
    0.477329791 0.465291083 0.129847556 0.300430834 0.0230278671
    0.299678475 0.466527641 0.0407457054 0.825395286 0.224841863
    0.709534824 0.244236797 0.883331418 0.968533516 0.225031823
    0.661869824 0.2307612 0.805139184 0.087793678 0.566458642
    0.560518146 0.53763634 0.627751946 0.736731529 0.793050766
    0.760699034 0.769279122 0.621528924 0.0394157767 0.624341547
    0.466879904 0.914242327 0.934850931 0.990787745 0.541438222
    0.346729547 0.0151409209 0.948617458 0.654833317 0.940842927
    0.859491289 0.0238267183 0.277187496 0.170175016 0.272756636
    0.888406515 0.876809239 0.151235342 0.0170656443 0.353370368
    0.682491064 0.200381905 0.525981665 0.21287024 0.0499114096
    0.729595423 0.2772322 0.73932457 0.0193349123 0.497660071
    0.893911123 0.576961994 0.272665828 0.175836623 0.939909339
    0.312500179 0.672603607 0.910112858 0.969437003 0.359570175
    0.907473743 0.42851001 0.150914699 0.411065638 0.880501032
    0.51564014 0.915554166 0.943793893 0.939336181 0.174020529
    0.555610716 0.0334984958 0.483883917 0.753595948 0.715428531
    0.417886317 0.269895107 0.286422849 0.370563269 0.775206745
    0.828969836 0.178957522 0.348608255 0.746208012 0.261538744
    0.558659077 0.0150895715 0.659418404 0.256247401 0.864444375
    0.875069857 0.0965849757 0.939713061 0.717741847 0.000364989042
    0.797691464 0.980567575 0.517409921 0.899245739 0.0245988667
    0.97416997 0.458089501 0.328999281 0.368657827 0.10772258
    0.113908291 0.57146585 0.591812015 0.999395132 0.321801126
    0.545386136 0.022911638 0.163109392 0.320490003 0.439194202
    0.685049891 0.324858546 0.956270516 0.960554004 0.00856983662
    0.911067605 0.220933378 0.345229447 0.650110543 0.706004739
    0.526386917 0.775002241 0.0833744407 0.88104254 0.931920111
    0.736546755 0.267679155 0.384270608 0.384257913 0.485583544
    0.245847732 0.201057792 0.726890862 0.411030829 0.353877932
    0.576233745 0.511509717 0.431344688 0.970246077 0.550664783
    0.520579696 0.628601789 0.62022835 0.283100247 0.977459073
    0.199423045 0.620541513 0.874926686 0.324918985 0.513325274
    0.44622153 0.522496402 0.491680145 0.861836672 0.288576722
    0.577329755 0.316787601 0.157886326 0.536053658 0.430564582
    0.0663688183 0.419114292 0.341090441 0.331797183 0.685574412
    0.0838504732 0.805524707 0.338464409 0.850709319 0.2767663
    0.970031619 0.880824864 0.174996883 0.056237489 0.272896349
    0.0428288877 0.735358715 0.145997852 0.768284976 0.437530667
    0.76951015 0.120519012 0.502633333 0.925071716 0.848225415
    0.587554812 0.485423505 0.382059604 0.206667334 0.308810771
    0.681091249 0.849709988 0.171970725 0.332576603 0.660359025
    0.624414742 0.552544594 0.155318767 0.171404213 0.57169342
    0.57536155 0.641726077 0.166898251 0.666375756 0.369018614
    0.219361007 0.244185776 0.396916926 0.950744927 0.816716909
    0.281791389 0.948644161 0.0530810952 0.0691781938 0.0565422177
    0.109233797 0.102363974 0.982164562 0.376571357 0.540601432
    0.109518111 0.525654197 0.478910357 0.30204463 0.541863203
    0.859322071 0.325040251 0.979287446 0.549373686 0.736887395
    0.323828101 0.291419864 0.147613823 0.311448425 0.215497464
    0.072394371 0.303111136 0.206867367 0.407166898 0.792430282
    0.806840777 0.986482739 0.112998009 0.789927542 0.74847877
    0.000720977783 0.68044436 0.504228294 0.0977120697 0.423279136
    0.281967044 0.95612818 0.76076901 0.162074238 0.760092258
    0.630370915 0.923972368 0.0499078333 0.231758118 0.801115751
    0.476992249 0.244337916 0.356262416 0.639280558 0.275776565
    0.465571314 0.714699984 0.360922396 0.829384565 0.791598856
    0.104725629 0.700741291 0.959753752 0.690383792 0.992065668
    0.168831915 0.983440399 0.847282767 0.895418525 0.26554358
    0.341593146 0.574677885 0.69179213 0.874038339 0.638693452
    0.836669803 0.100101173 0.218960047 0.829329193 0.537405729
    0.601980567 0.951638401 0.765427351 0.993056893 0.702881992
    0.311949193 0.612729609 0.474821717 0.675556421 0.238517195
    0.105127126 0.698349833 0.341043323 0.658871412 0.543150425
    0.964045763 0.773140788 0.533477068 0.435907632 0.199354321
    0.0913884342 0.761982858 0.0698666275 0.94539696 0.573951066
    0.530115247 0.435107708 0.758736193 0.815579891 0.909736514
    0.724316835 0.911052346 0.946750641 0.415610462 0.497952729
    0.474147797 0.322201133 0.865054429 0.688658953 0.404227495
    0.49759084 0.0387091041 0.444100291 0.627156556 0.805213511
    0.510794342 0.987431288 0.823014557 0.396149099 0.166363299
    0.899115622 0.0723612309 0.844092131 0.990635812 0.490733773
    0.331342697 0.751302898 0.991810977 0.422529668 0.461985469
    0.880343318 0.584642112 0.649266362 0.411859512 0.0931743681
    0.652158201 0.288913906 0.744187295 0.383946091 0.0632578731
    0.552535474 0.693305671 0.288143575 0.00938335061 0.54331857
    0.676421642 0.809170246 0.166286737 0.615779459 0.479647577
    0.982313037 0.135395497 0.106962681 0.807934821 0.627737939
    0.50818181 0.890644312 0.91140604 0.0930826068 0.736752093
    0.697618246 0.973320901 0.975313663 0.420836657 0.292832077
    0.717868686 0.793920159 0.336055338 0.781879365 0.554460049
    0.456996083 0.460820198 0.0852635503 0.651361465 0.786586642
    0.0970235467 0.153873861 0.172963649 0.596452951 0.992893994
    0.499537826 0.0187773705 0.381596416 0.313800365 0.202229559
    0.0361920595 0.50247699 0.434034288 0.0986239314 0.793359756
    0.236192375 0.182356507 0.875611126 0.271632373 0.882879138
    0.0192057192 0.589709699 0.0982490778 0.211598366 0.570803165
    0.511034191 0.943477988 0.784500122 0.573441446 0.774921417
    0.861194611 0.0347770154 0.572291732 0.482905656 0.489180803
    0.91755724 0.203841716 0.807836175 0.784718037 0.805459023
    0.551779211 0.316027761 0.875644803 0.174926907 0.332701206
    0.856780529 0.362243593 0.0740110576 0.784007847 0.637086391
    0.793317378 0.197745919 0.912818193 0.106659353 0.591658413
    0.774830103 0.879826844 0.390313268 0.497105837 0.959442973
    0.811728716 0.180727482 0.718429267 0.287450314 0.201618046
    0.768723011 0.322727442 0.806723893 0.284500092 0.010859102
    0.568519235 0.738023043 0.175800681 0.450108886 0.47093612
    0.242967963 0.426126689 0.744740009 0.983149648 0.0160241127
    0.117904752 0.575886667 0.32755053 0.681104898 0.446952641
    0.41403386 0.887542963 0.558973074 0.250032037 0.447684437
    0.54269588 0.708818078 0.831537724 0.853687167 0.555930734
    0.268014342 0.160073847 0.0775437653 0.250761271 0.698804677
    0.319825411 0.650490403 0.729052842 0.912284851 0.957116365
    0.992777467 0.686047375 0.17006427 0.953654408 0.0261243582
    0.044066906 0.585653245 0.513792098 0.610715628 0.464810431
    0.179070652 0.585641026 0.7356112 0.526340961 0.326913595
    0.667161226 0.914002955 0.810092092 0.614153445 0.864438891
    0.134310037 0.101549387 0.0223629773 0.0121887624 0.461946398
    0.116139978 0.857897937 0.913028359 0.769644499 0.926809072
    0.597528934 0.827213407 0.0370914638 0.919044554 0.707741141
    0.890580773 0.645892024 0.450942189 0.901799798 0.258238852
    0.858625293 0.0600865483 0.366301656 0.293182462 0.270008683
    0.97542274 0.704496801 0.893784881 0.706264198 0.0393381715
    0.688906193 0.0323093832 0.227178633 0.411624134 0.315148532
    0.260983825 0.0299344659 0.935111701 0.803337276 0.881995559
    0.34629339 0.648795009 0.664410889 0.777535796 0.216070533
    0.426478088 0.806845903 0.350266635 0.950576961 0.717188835
    0.826211333 0.628412604 0.685999155 0.10663256 0.406386465
    0.254311621 0.697011352 0.662934065 0.583602488 0.139251441
    0.448354334 0.630210459 0.612860382 0.8463763 0.382358789
    0.711977243 0.957252741 0.0111955404 0.676384389 0.359028608
    0.339482725 0.322618663 0.630546689 0.198260188 0.69761622
    0.578993142 0.140706331 0.717360497 0.474943459 0.0855352283
    0.795586526 0.893778563 0.493913919 0.770418704 0.264276624
    0.523562074 0.90664959 0.467808276 0.879615068 0.808389544
    0.384226263 0.811630368 0.807533264 0.861295104 0.312387675
    0.454643697 0.731005073 0.862939894 0.109865695 0.170550585
    0.269393623 0.306051165 0.456298321 0.692295253 0.973791957
    0.461092204 0.711365759 0.704843521 0.531185508 0.0702806115
    0.250569552 0.996507049 0.62336421 0.355791956 0.569982588
    0.751493037 0.0810627639 0.990167737 0.612507522 0.977017939
    0.991829038 0.453734636 0.374504685 0.36493668 0.0190592408
    0.932026148 0.029179275 0.581657887 0.198684394 0.883699298
    0.536555827 0.266135573 0.175171137 0.607829928 0.951002002
    0.460944146 0.0934397578 0.888323128 0.391084075 0.958729863
    0.904853523 0.0226677656 0.343120188 0.8842026 0.788734019
    0.606568456 0.724347949 0.293487847 0.221924305 0.573258281
    0.733665049 0.358927131 0.422279119 0.011176914 0.53612572
    0.761829734 0.0688637197 0.744755626 0.900879622 0.620003879
    0.490121424 0.139745593 0.549967349 0.432961345 0.220327646
    0.961529851 0.933341086 0.0204857886 0.990917325 0.493717223
    0.130285323 0.254342914 0.847841144 0.171007514 0.307056308
    0.936751246 0.456678808 0.102177024 0.704775929 0.945101321
    0.675325096 0.434182465 0.48040852 0.55218792 0.589818239
    0.748668134 0.598395228 0.431886733 0.350103617 0.692221582
    0.25770539 0.105754018 0.689541221 0.440077841 0.756265759
    0.944358468 0.703431189 0.756781459 0.0822241902 0.854613781
    0.854517937 0.425784737 0.405456275 0.652676582 0.406473905
    0.899841905 0.766057491 0.012868464 0.74434793 0.108815938
    0.752361178 0.0298086405 0.777422905 0.307108343 0.563474834
    0.367092907 0.680026174 0.60249728 0.513486803 0.300893188
    0.0667719543 0.211820662 0.921767175 0.157184571 0.309037149
    0.307977945 0.936938882 0.312350154 0.359178334 0.393438756
    0.988948941 0.162288755 0.656725764 0.996056557 0.194927514
    0.017744422 0.0322491825 0.889669836 0.355626345 0.373968363
    0.321649522 0.216233164 0.936605334 0.444296241 0.0765647888
    0.496347547 0.745947361 0.170706004 0.69785893 0.164424717
    0.240518987 0.330746293 0.398668647 0.65343672 0.652451277
    0.273542315 0.189886749 0.454634249 0.245027691 0.377655387
    0.563064873 0.557289004 0.348264039 0.497230917 0.942983389
    0.781044304 0.622059584 0.959691882 0.232061595 0.94074297
    0.486535668 0.38993603 0.631553113 0.832466006 0.797476053
    0.307851732 0.228869677 0.750526786 0.645812094 0.669210434
    0.57848525 0.0619357824 0.585146189 0.00359094143 0.215986133
    0.795461059 0.0218013823 0.478550494 0.776667714 0.522767186
    0.0428708196 0.531149983 0.0677740276 0.38177532 0.0933772922
    0.413731247 0.333798319 0.962941408 0.703053057 0.333625495
    0.556500375 0.8222031 0.964463115 0.282513142 0.79402554 0.439204872
    0.224607736 0.225921333 0.465525419 0.0111983716 0.655284643
    0.557494104 0.869003177 0.5554564 0.481155723 0.25130108 0.553517342
    0.0356555581 0.876945496 0.930644155 0.0733698308 0.963695407
    0.498579949 0.854186416 0.535645962 0.728736877 0.794754148
    0.986027122 0.351689637 0.112851411 0.672464669 0.734369814
    0.0440651476 0.909542441 0.353775889 0.977582335 0.040479809
    0.9375844 0.883942187 0.00239026546 0.0245083272 0.810833454
    0.341033161 0.52035135 0.0962945521 0.594112873 0.952249885
    0.452621132 0.341223031 0.281999946 0.160154164 0.466252625
    0.0328414142 0.709236503 0.460080802 0.880440712 0.955326796
    0.229112267 0.917959392 0.117728531 0.709922075 0.13332808
    0.300507724 0.0754193068 0.822772384 0.461827189 0.783092856
    0.394051969 0.150923043 0.285276473 0.342092782 0.353753805
    0.629111111 0.0591900647 0.374354899 0.298821628 0.54505682
    0.53095156 0.766351759 0.717473567 0.72836566 0.612129807
    0.711706817 0.251243889 0.260687232 0.338559628 0.569144368
    0.57262373 0.367389321 0.0560061634 0.684950054 0.156394094
    0.189580649 0.553750277 0.710867286 0.498322755 0.922376156
    0.217621207 0.104982376 0.00603279471 0.899155021 0.247986585
    0.172182769 0.574127257 0.728207588 0.190818965 0.922394276
    0.799666345 0.558039665 0.821792603 0.678935289 0.987667263
    0.130322307 0.162240237 0.364506662 0.013620317 0.432020843
    0.559096992 0.427615076 0.360302866 0.974590063 0.356335223
    0.764598489 0.434436917 0.803223014 0.583677232 0.0128462613
    0.639472187 0.263267905 0.174399436 0.134761631 0.0487067401
    0.612708926 0.299292058 0.816023707 0.642919838 0.159321845
    0.503425479 0.635371149 0.0107559562 0.792432308 0.660641968
    0.573585927 0.395677924 0.214222074 0.452104449 0.745752454
    0.945423722 0.430942655 0.656913161 0.394813359 0.148385227
    0.188395947 0.725049615 0.933899283 0.0955317616 0.210017383
    0.180887043 0.337495208 0.0644350648 0.0393515229 0.348329127
    0.863457918 0.465566576 0.26554352 0.73838675 0.402106464
    0.101136178 0.972601414 0.0129257441 0.196505368 0.51230377
    0.805885315 0.851497412 0.567569792 0.306291521 0.637097895
    0.786051035 0.135916591 0.999408305 0.293574154 0.593347788
    0.00800859928 0.47201708 0.345635772 0.6672346 0.79376924
    0.232720405 0.799130499 0.161531866 0.079295963 0.669402897
    0.33291316 0.608898163 0.834256053 0.211244524 0.438205779
    0.848118901 0.825051308 0.653543234 0.686074674 0.212559104
    0.0686230063 0.471442133 0.947013259 0.295512557 0.843078434
    0.914153457 0.910008669 0.476364821 0.722941637 0.905781627
    0.765755534 0.592639804 0.590457082 0.313758731 0.180819184
    0.872951746 0.00116527081 0.144402087 0.689642668 0.628662825
    0.026825577 0.100832701 0.261110544 0.776024938 0.288031638
    0.119089574 0.0932323039 0.646604955 0.944290042 0.55856961
    0.962881088 0.252607852 0.906277061 0.489652723 0.922791958
    0.0115903616 0.32268548 0.907365799 0.223746568 0.707313001
    0.791665435 0.681561291 0.899755001 0.353209674 0.180497229
    0.0194092095 0.717812717 0.450337499 0.383222103 0.00432631373
    0.816164136 0.0802515745 0.395560265 0.0840874016 0.177324831
    0.412746519 0.157516778 0.0536895394 0.125380248 0.366660774
    0.420685858 0.685337782 0.999974012 0.969561458 0.599296868
    0.897207975 0.0762712657 0.48242113 0.0154317021 0.716195941
    0.952464998 0.0575345457 0.824042916 0.544692397 0.332915038
    0.802328169 0.619838774 0.0449412763 0.221410543 0.646990657
    0.653433442 0.153849065 0.616673946 0.790789068 0.695791662
    0.747574329 0.625205457 0.726657748 0.925171852 0.400527656
    0.599454284 0.75397861 0.0280905962 0.690979838 0.0770440698
    0.391979575 0.643939912 0.505111396 0.51826185 0.0353491008
    0.388815701 0.542192936 0.48215875 0.297535539 0.592048645
    0.0895372629 0.119930238 0.696564674 0.106143832 0.876216292
    0.281695217 0.82950747 0.212974221 0.745350957 0.725351751
    0.191888809 0.665687323 0.370189488 0.925047219 0.588754237
    0.809821606 0.215179294 0.144529641 0.771803319 0.183848619
    0.722406507 0.593118966 0.927619576 0.633227587 0.20305723
    0.800485849 0.21211651 0.711360097 0.637439966 0.092905432
    0.132209837 0.991729558 0.109276026 0.769792676 0.962548494
    0.422704369 0.0426337719 0.40633896 0.730629504 0.566357791
    0.93145299 0.070399344 0.867140591 0.0718722343 0.704873204
    0.701519787 0.360111952 0.101595789 0.30395323 0.370534956
    0.452392489 0.631363153 0.169680268 0.825427115 0.390562773
    0.857508421 0.688346326 0.46593228 0.914614677 0.175061852
    0.76643759 0.681917906 0.995647013 0.142288625 0.98693794
    0.793094039 0.727572858 0.8072806 0.518113494 0.371382058
    0.560613096 0.0537199974 0.890325546 0.160219878 0.403357327
    0.869146109 0.709122181 0.0901861191 0.782919049 0.86750555
    0.909256101 0.448046684 0.696975112 0.490015268 0.292510271
    0.538441837 0.408520937 0.196906745 0.205860108 0.120039523
    0.189418077 0.813225746 0.497673422 0.550564528 0.0147238374
    0.529861212 0.659011722 0.349417478 0.788929582 0.961057663
    0.441371202 0.589076877 0.139278531 0.0210706592 0.632652104
    0.574210346 0.427571684 0.874945164 0.140933812 0.928138018
    0.38021034 0.811695516 0.160650492 0.363169491 0.576046348
    0.74834621 0.0250166059 0.471409053 0.391787112 0.992447913
    0.13331905 0.0313748717 0.0991467237 0.663531005 0.342284262
    0.455671102 0.483200103 0.271411598 0.556589127 0.113224953
    0.188190937 0.540868938 0.175927013 0.452662885 0.64067626
    0.191622287 0.751080513 0.738697171 0.54834646 0.250648826
    0.835934103 0.23221451 0.776724994 0.354730248 0.0419241786
    0.511784911 0.346271008 0.0395818651 0.550919771 0.722733378
    0.688902676 0.538554847 0.737117827 0.919533074 0.211113334
    0.995943904 0.216721684 0.809368908 0.506006598 0.64203608
    0.925358891 0.366757095 0.811924577 0.360378921 0.956752062
    0.0906889439 0.182605952 0.656465888 0.0973837674 0.701519549
    0.385587186 0.147718847 0.561583281 0.741474152 0.886952877
    0.524763465 0.662797809 0.575986207 0.355568409 0.971126437
    0.752611756 0.0987759829 0.0776726305 0.301276982 0.85407275
    0.61388582 0.343154162 0.895843387 0.586420298 0.557440102
    0.232533872 0.539470315 0.4705562 0.338499099 0.753105998
    0.844343662 0.17632246 0.179267615 0.941794753 0.582392812
    0.294490635 0.576235652 0.589927137 0.749245346 0.524788618
    0.776961684 0.87910068 0.670331419 0.209147751 0.880331516
    0.740308106 0.120402187 0.895368934 0.191953063 0.324750334
    0.466097474 0.55492723 0.57901293 0.542301297 0.387797832
    0.806920707 0.848349869 0.47014764 0.065723002 0.354862332
    0.469685256 0.216281563 0.228242546 0.849471688 0.564582825
    0.862006843 0.0930924416 0.755647838 0.261233956 0.287736714
    0.46984753 0.194475681 0.143680364 0.298792243 0.431144893
    0.761173069 0.953071475 0.119622469 0.329201698 0.725208879
    0.974406421 0.475228727 0.554529727 0.00752040744 0.60626024
    0.631126583 0.910559773 0.593051374 0.807228982 0.50819093
    0.373554468 0.0401433706 0.77589941 0.683605433 0.982641339
    0.652131081 0.156739354 0.621501565 0.702561975 0.0733862221
    0.89445138 0.39571622 0.762307763 0.0892640352 0.871527851
    0.120276183 0.584380865 0.358157158 0.324889958 0.944729626
    0.818415046 0.632292628 0.103091359 0.802141905 0.784205139
    0.976838827 0.952654243 0.879343271 0.863457441 0.450563133
    0.438043773 0.756781459 0.526052475 0.0302549601 0.926782131
    0.930131376 0.791137397 0.700351059 0.525382817 0.286488175
    0.598345101 0.990188658 0.357914567 0.966196477 0.67790705
    0.0867675841 0.195464283 0.518554986 0.241651714 0.218159407
    0.255815357 0.883930326 0.520785093 0.444757849 0.672620654
    0.37086454 0.213433355 0.721446931 0.093007654 0.220918983
    0.20958516 0.0077124238 0.567098737 0.480307341 0.249182224
    0.991514087 0.31111455 0.0443412662 0.710139215 0.116002053
    0.415231705 0.619714737 0.95072633 0.871534526 0.564272523
    0.883566141 0.596175015 0.707679629 0.778621912 0.328369826
    0.906468391 0.621331096 0.917993844 0.676309466 0.329363465
    0.507178307 0.744401872 0.883298457 0.8644557 0.679489553
    0.990807891 0.679457128 0.566310406 0.33937788 0.893635988
    0.841007054 0.0897734761 0.89504683 0.437457621 0.302468985
    0.717563033 0.26736331 0.700822413 0.471886635 0.680426717
    0.521313071 0.107580274 0.529043078 0.0970148444 0.329845309
    0.916415691 0.741329551 0.54539901 0.0348751247 0.522341371
    0.796389222 0.933899641 0.531213105 0.786092639 0.892455339
    0.408189386 0.511456251 0.073882699 0.226882607 0.266296476
    0.285149693 0.705357492 0.971901655 0.654645503 0.606756151
    0.239789397 0.101840526 0.670233011 0.207387626 0.227384329
    0.884441972 0.543907464 0.194489658 0.0964975357 0.527114272
    0.920002103 0.104780912 0.601329029 0.930611074 0.958045304
    0.689012706 0.179286987 0.00275731087 0.122856498 0.989538252
    0.303311646 0.254662424 0.119684279 0.692840934 0.231245756
    0.345400661 0.603883684 0.753052831 0.627063334 0.00272479653
    0.45761326 0.174706489 0.0432372689 0.559809864 0.285536945
    0.0441768169 0.239070952 0.594928265 0.748595357 0.820773602
    0.141661823 0.940966904 0.409804612 0.19282943 0.966416478
    0.57849741 0.949063897 0.248854548 0.782864213 0.250408173
    0.268118531 0.435021877 0.619743645 0.904908359 0.731442571
    0.294726133 0.675550222 0.67301333 0.903026342 0.446316391
    0.175679475 0.8449018 0.491445273 0.273126453 0.827018261
    0.456862032 0.466543764 0.92938596 0.887977958 0.652463675
    0.612476707 0.00517350435 0.553359628 0.60529381 0.0971672833
    0.59359014 0.0302446783 0.28108567 0.907918334 0.422880769
    0.685039222 0.503225505 0.670097828 0.69477576 0.480441779
    0.695247889 0.42405206 0.799937725 0.842155159 0.606697559
    0.177352935 0.878587365 0.106584698 0.00928491354 0.146831721
    0.695617497 0.529222608 0.0583907664 0.865280151 0.896190047
    0.15987891 0.16653204 0.0333358645 0.243892342 0.408022881
    0.681917429 0.240615964 0.0795241296 0.124996334 0.235015243
    0.644321859 0.123315573 0.270779669 0.4301911 0.617902339
    0.403752267 0.88090539 0.0183763206 0.014613241 0.91655302
    0.669212878 0.963883877 0.878811896 0.175249159 0.0443082452
    0.254490852 0.559584737 0.589931726 0.435287565 0.389353573
    0.864328623 0.63448298 0.706945062 0.391396701 0.168063998
    0.65692842 0.706460059 0.770680487 0.193659991 0.688228369
    0.173349023 0.248132408 0.324754328 0.807280302 0.863192797
    0.56039083 0.302566886 0.739242136 0.299399257 0.136461228
    0.410880536 0.0806767941 0.264964402 0.574067891 0.173350453
    0.32221055 0.118909836 0.0193588138 0.458837599 0.486709088
    0.936264694 0.582298577 0.43200022 0.530752003 0.824702561
    0.0969938934 0.281913519 0.925067186 0.329016179 0.380227715
    0.377281576 0.382712156 0.578809679 0.0107483268 0.194226295
    0.174883097 0.047664851 0.699839294 0.383660525 0.958842993
    0.00730147958 0.637473106 0.653234124 0.151609391 0.040238142
    0.526452482 0.46390906 0.0849346817 0.798787355 0.316172481
    0.512010276 0.503095567 0.180395663 0.974016488 0.146175981
    0.0896237195 0.386324853 0.640869021 0.675784588 0.444661826
    0.355952799 0.436894 0.72863245 0.438178748 0.879289925 0.972100019
    0.0949005485 0.747076094 0.556196809 0.625950277 0.46265462
    0.35851106 0.905091166 0.0016797483 0.106624156 0.164268523
    0.151485324 0.14605996 0.479012787 0.22976476 0.0784824789
    0.393376291 0.954203665 0.289169729 0.999863088 0.426483631
    0.171541423 0.879840851 0.174157649 0.142756701 0.357576221
    0.0071773231 0.262987047 0.968450665 0.789020181 0.19410634
    0.352047145 0.025257349 0.858737946 0.141992778 0.412683427
    0.153193533 0.830788136 0.86012876 0.535406828 0.376996964
    0.946933508 0.997995377 0.0316064656 0.248996645 0.367129475
    0.703341424 0.394801885 0.832947254 0.731726825 0.960843861
    0.0122362673 0.499182463 0.270967513 0.577304065 0.100785702
    0.102825671 0.618544459 0.957224309 0.693895638 0.957053602
    0.323513955 0.228396058 0.115624636 0.415591419 0.825139046
    0.40446049 0.792967081 0.584463239 0.56593734 0.611579955
    0.490568459 0.20044145 0.697232187 0.411721826 0.807486653
    0.878699541 0.290230393 0.904268742 0.243220478 0.52261585
    0.734769762 0.996969879 0.41502437 0.0589984357 0.692158163
    0.58429724 0.220793366 0.404956877 0.530954719 0.420446873
    0.0422618687 0.107566446 0.196187615 0.167094141 0.440289199
    0.742042363 0.0690144598 0.250969827 0.999076843 0.17043063
    0.645653605 0.938391387 0.402085871 0.928597212 0.604068935
    0.848547578 0.700242758 0.347716719 0.487778485 0.536505044
    0.681846499 0.98984623 0.251852512 0.128209084 0.860234141
    0.106212199 0.522350252 0.152382255 0.937353492 0.861665368
    0.501096487 0.85023278 0.68202281 0.495580286 0.128991812
    0.404070139 0.945318401 0.949700534 0.572699606 0.119907707
    0.390725046 0.764402688 0.444858044 0.436972529 0.731560409
    0.0814301968 0.726664603 0.657783866 0.11554572 0.214312643
    0.507717669 0.000197857618 0.553968191 0.281108558 0.553983331
    0.901419222 0.339885056 0.90889281 0.812414527 0.32205373
    0.503270507 0.352038085 0.538358152 0.102086574 0.225142419
    0.948512435 0.974204779 0.986943126 0.776720285 0.133470565
    0.0226923823 0.432656616 0.0103272796 0.546391249 0.0248523951
    0.0633225143 0.186143845 0.228705317 0.468134046 0.598659635
    0.628329754 0.413563073 0.354934394 0.404993832 0.480944037
    0.615226388 0.65330714 0.627148867 0.826117635 0.065833658
    0.468184978 0.262093961 0.0913729966 0.814267516 0.431197524
    0.956789017 0.856806576 0.14385882 0.329564512 0.526463985
    0.202460706 0.151646495 0.282297134 0.596581101 0.903835773
    0.237308592 0.581364632 0.490244508 0.256453276 0.504655421
    0.117935717 0.921427488 0.752793193 0.0952132642 0.595201135
    0.141957879 0.880255938 0.736995995 0.632196009 0.684099317
    0.19254002 0.622430205 0.239618897 0.903599739 0.562529624
    0.422628373 0.685183764 0.312424183 0.547563195 0.845105529
    0.683988273 0.718609452 0.771811843 0.724094748 0.992560148
    0.35926491 0.428721756 0.113482654 0.160307825 0.538928568
    0.00982826948 0.672388971 0.810094655 0.0578203499 0.89189893
    0.098968178 0.00929936767 0.183650166 0.642156243 0.631626427
    0.0281721056 0.022045821 0.162463456 0.661238551 0.874735832
    0.0817113221 0.543581069 0.77487123 0.346853495 0.378962219
    0.943777025 0.558100045 0.450923562 0.893020689 0.132417351
    0.136747658 0.236419171 0.471213043 0.498602718 0.65955478
    0.57772392 0.937426507 0.0477910638 0.16743353 0.554743648
    0.149286628 0.509325027 0.12787503 0.772606015 0.599872947
    0.0498093367 0.353919178 0.235476881 0.505541801 0.259325653
    0.573193908 0.964229703 0.572078943 0.856438279 0.457655072
    0.576987624 0.288137794 0.0606027246 0.162945449 0.712588727
    0.621003807 0.491170555 0.391145587 0.131544203 0.515204191
    0.422541827 0.147163481 0.355114222 0.502619565 0.440340221
    0.896794856 0.408714265 0.923660755 0.87301141 0.181074142
    0.0629902482 0.639791787 0.576045632 0.804405332 0.485651612
    0.56888938 0.615301371 0.766719937 0.925373435 0.293614119 0.4821226
    0.763609052 0.886010766 0.871850073 0.567141235 0.680924118
    0.906072855 0.887604237 0.179672837 0.27806294 0.929061651
    0.547817349 0.0798991024 0.407897025 0.675389349 0.0743299425
    0.833469629 0.850167394 0.504149675 0.281007916 0.244327039
    0.97630322 0.936091721 0.900463104 0.846205831 0.264779508
    0.0943955183 0.983833551 0.739202023 0.473307043 0.419204205
    0.0371530056 0.419116557 0.451206446 0.588587523 0.0704492033
    0.685159385 0.516778588 0.980313897 0.770042896 0.0119301379
    0.434692174 0.351434529 0.526797116 0.571681201 0.768633425
    0.349623144 0.286450118 0.545452178 0.06372419 0.362078816
    0.498881668 0.464762598 0.366302311 0.744372606 0.265502065
    0.43476668 0.283896387 0.632519841 0.45489049 0.975256562
    0.104888827 0.398611218 0.139579087 0.0216890275 0.987373769
    0.162991256 0.0780756176 0.177793682 0.857604623 0.778650403
    0.402965844 0.471308351 0.794429779 0.819265604 0.0274014771
    0.676465034 0.295418084 0.160473794 0.472207218 0.595588267
    0.554383636 0.303025186 0.173657537 0.901858211 0.519751132
    0.835503519 0.370932996 0.775302291 0.433922052 0.184937268
    0.139055252 0.162199706 0.031880945 0.5691998 0.88496834 0.654521227
    0.0547892451 0.222455502 0.543004692 0.572666109 0.361560702
    0.899558187 0.669291377 0.61718154 0.834616423 0.421934903
    0.463600874 0.680203438 0.410369724 0.604445815 0.648050904
    0.332494736 0.614645541 0.989963055 0.549646676 0.353357792
    0.287406951 0.593857884 0.246255308 0.882385969 0.191311568
    0.404482245 0.916872025 0.263344228 0.683922589 0.204947889
    0.485496074 0.74062705 0.637407601 0.822535574 0.0622902811
    0.693936765 0.845131159 0.594217837 0.797596455 0.294740796
    0.620907426 0.983962417 0.327440679 0.558505774 0.027043283
    0.35070917 0.144451767 0.891197562 0.280225098 0.124457806
    0.591982126 0.653120637 0.790775061 0.967926741 0.97163254
    0.33890602 0.00150591135 0.931840539 0.361965716 0.419437349
    0.708553672 0.334378392 0.577640831 0.402212441 0.762928843
    0.292060614 0.507832527 0.846299827 0.420975268 0.277237564
    0.180074871 0.597976446 0.905191839 0.139860332 0.0482735634
    0.361876845 0.020897001 0.178227633 0.489445806 0.594916463
    0.449461728 0.233226806 0.359304398 0.274427891 0.392238379
    0.813642681 0.748984337 0.873258948 0.584985733 0.785537601
    0.94633019 0.353351176 0.885766447 0.209484577 0.123209625
    0.18619287 0.607417166 0.785163164 0.0541003644 0.654744744
    0.09948048 0.15465495 0.975858688 0.786670566 0.133006126
    0.815576196 0.733457386 0.997434735 0.30452171 0.406881034
    0.00831264257 0.867216229 0.130183697 0.967542827 0.933421254
    0.904250026 0.538926542 0.675398588 0.55321759 0.121072054
    0.149143308 0.236784726 0.619863868 0.978473663 0.468366414
    0.82566309 0.370888352 0.0983284414 0.109375119 0.122743368
    0.0478532016 0.231717706 0.71164459 0.59474659 0.357510775
    0.302681744 0.527865171 0.448641837 0.269712389 0.982398748
    0.684931159 0.714037001 0.584731936 0.327187955 0.297361404
    0.306124508 0.5253914 0.132016778 0.5700472 0.421466768 0.332603335
    0.682585299 0.337528229 0.541727185 0.553031266 0.587319314
    0.606448114 0.43224138 0.362527698 0.903017819 0.706772387
    0.551524341 0.979640841 0.155293465 0.691241741 0.747982323
    0.599921346 0.138390303 0.282278717 0.345001251 0.876452029
    0.67183286 0.587656498 0.516465306 0.569584727 0.385078311
    0.971917391 0.805296063 0.716759562 0.161818504 0.457153112
    0.274888992 0.716212034 0.208152205 0.483904362 0.154291928
    0.885299981 0.956492424 0.158955127 0.658874631 0.558886886
    0.870376229 0.324241996 0.0616286099 0.215560615 0.228834867
    0.787185133 0.191585422 0.62901783 0.73059994 0.0913612247
    0.729330719 0.339710712 0.860883117 0.806214452 0.711081147
    0.542100906 0.125196844 0.355480552 0.627505004 0.219913125
    0.634351254 0.819846094 0.446346521 0.774803877 0.458951741
    0.928545475 0.311471701 0.118764967 0.811398625 0.160823375
    0.115123361 0.0528651476 0.673298836 0.660764456 0.132180333
    0.765286565 0.777439892 0.0695826709 0.763335586 0.718644738
    0.853519797 0.833258152 0.164574653 0.675684333 0.207074255
    0.0249340236 0.8595649 0.414315492 0.614801645 0.304450035
    0.290863305 0.601975679 0.0462290347 0.920694113 0.0622415543
    0.191701829 0.407678097 0.815290332 0.0058760643 0.117018014
    0.582902968 0.199837744 0.0706168711 0.973033667 0.764623523
    0.601251066 0.852586567 0.547844291 0.708533764 0.906912923
    0.808849216 0.545852363 0.502850354 0.90016067 0.900128305
    0.167017549 0.498292655 0.505233943 0.697101474 0.284966618
    0.363536239 0.480496287 0.0200924873 0.883166313 0.583260536
    0.112997353 0.190068871 0.494535118 0.0509357452 0.916384399
    0.324173689 0.167919934 0.64467752 0.88114655 0.817433 0.455171615
    0.0143435001 0.92430985 0.426811457 0.440397531 0.711757183
    0.765150428 0.901906848 0.471427292 0.888778925 0.679997385
    0.606702685 0.225287944 0.66254437 0.468595654 0.90018487
    0.940953135 0.673393846 0.239900082 0.120296389 0.88101697
    0.771469295 0.713478923 0.346690416 0.599696517 0.99730134
    0.183639884 0.40385735 0.656241715 0.583129168 0.475762874
    0.691993773 0.819395602 0.0123929381 0.0725435317 0.586838841
    0.653791845 0.155492097 0.367396057 0.118063658 0.0604050159
    0.511319935 0.344277084 0.761455297 0.518607914 0.99882704
    0.991431475 0.377725035 0.0365597308 0.750678778 0.395744175
    0.750285864 0.505170941 0.280240834 0.14945066 0.287940502
    0.829976797 0.22726658 0.102304399 0.129598975 0.977478623
    0.65400064 0.104474723 0.274872661 0.835284412 0.148926198
    0.332443088 0.942990422 0.472567886 0.279615462 0.790952444
    0.898731589 0.872710884 0.367931366 0.672891855 0.594129205
    0.625688553 0.994822383 0.805498123 0.997339368 0.0267417133
    0.0478745401 0.0853646994 0.135056227 0.719630718 0.124948889
    0.247377038 0.351136565 0.11168319 0.61726284 0.663674533
    0.440862417 0.835556507 0.473810256 0.431707293 0.935004115
    0.420064628 0.090521276 0.60431087 0.666057467 0.97233516
    0.0254988968 0.75823617 0.50057292 0.364621639 0.726753354
    0.16529128 0.316269159 0.817784727 0.543787897 0.922152638
    0.19933179 0.0906982422 0.952698231 0.266642153 0.580978334
    0.729670644 0.0300932229 0.672117591 0.785827279 0.416566968
    0.601568103 0.679970384 0.288277894 0.065759331 0.215525985
    0.192658395 0.245287925 0.290029824 0.586523414 0.266665995
    0.811633468 0.0501767993 0.0755018294 0.752491355 0.766081691
    0.78993696 0.837148428 0.181532174 0.625441134 0.602137327
    0.205782562 0.923360109 0.846288443 0.228543013 0.546186209
    0.262061149 0.528703213 0.00628507137 0.573280096 0.784580112
    0.344230026 0.11836046 0.865738332 0.995565414 0.228880435
    0.353041172 0.214249462 0.0627739429 0.840995073 0.72878927
    0.79351598 0.459168673 0.0134490728 0.156751901 0.244805038
    0.644967318 0.632691205 0.24401015 0.471959889 0.14827162
    0.934464455 0.626666069 0.979720354 0.10521844 0.899997234
    0.398688138 0.323687077 0.582350731 0.885327041 0.845476508
    0.918461561 0.0887597501 0.190083772 0.0384944677 0.611938417
    0.925286233 0.990974009 0.510997713 0.753448725 0.0672742128
    0.882607222 0.00291463733 0.477314085 0.169725329 0.168893278
    0.0354177058 0.163806349 0.576818824 0.486434639 0.469081759
    0.311968654 0.472628951 0.0967283249 0.85703826 0.0531745851
    0.0149572194 0.666577637 0.281654835 0.296476126 0.980419755
    0.9710567 0.689677596 0.0718844235 0.713757932 0.188990951
    0.929310322 0.987508178 0.389654636 0.689784765 0.0389357507
    0.997611761 0.743233025 0.97690773 0.263391435 0.633961678
    0.393482119 0.295172095 0.626688719 0.358826369 0.0754577219
    0.0677171648 0.784642756 0.877488136 0.607628286 0.896273315
    0.208511353 0.724035501 0.0827157199 0.122507721 0.266513556
    0.869706154 0.404459536 0.326075673 0.202881038 0.0372650921
    0.28472504 0.483581632 0.084928453 0.639649451 0.105348587
    0.548111141 0.000557214022 0.947234035 0.362693936 0.00361630321
    0.689962029 0.0404214561 0.283027083 0.691426158 0.387575686
    0.582062662 0.24286449 0.572539032 0.661914229 0.368558913
    0.984356523 0.335615158 0.917345464 0.922141016 0.33717069
    0.183196068 0.885159731 0.281191021 0.0752261579 0.197217584
    0.143892616 0.901604414 0.31274417 0.631682396 0.449389815
    0.443974972 0.0416152179 0.713357985 0.489388704 0.180829108
    0.908100009 0.746373713 0.114274979 0.516426444 0.48773247
    0.668199599 0.413702726 0.0771228671 0.396298856 0.672335744
    0.31922853 0.622831583 0.491382897 0.454659343 0.598055542
    0.136259735 0.308510989 0.221737236 0.995783329 0.905364215
    0.144272923 0.946600497 0.589076698 0.463101894 0.987026691
    0.422589749 0.588242233 0.607900202 0.884810805 0.152996391
    0.0330325365 0.955110788 0.813755631 0.444988847 0.731462359
    0.445255876 0.921909571 0.152073741 0.236315608 0.847151518
    0.547100008 0.529611349 0.43190226 0.389484465 0.692399859
    0.216793835 0.515377223 0.784947872 0.312881947 0.644122541
    0.937943578 0.0839248002 0.449582934 0.969862938 0.935348868
    0.661749482 0.429100275 0.125640512 0.262516975 0.223626137
    0.100989252 0.906190634 0.19562912 0.00212845206 0.933922172
    0.293780774 0.157291412 0.653768778 0.946781278 0.0683381259
    0.725211442 0.856319904 0.586135387 0.542080462 0.866223216
    0.0934737325 0.0830491781 0.250496149 0.114991516 0.315838277
    0.04335168 0.973064661 0.858831286 0.169861436 0.0363134742
    0.0557202995 0.125031024 0.258792639 0.452373743 0.165382475
    0.430886984 0.851438403 0.0743431747 0.0337233245 0.559163809
    0.544644952 0.832425833 0.644420147 0.884096384 0.578318417
    0.162780732 0.261130482 0.476925701 0.330993593 0.0593807697
    0.723317027 0.400690973 0.841319561 0.256832212 0.234598011
    0.536734402 0.278804958 0.434317708 0.939843655 0.608961344
    0.0348172784 0.282023489 0.183799833 0.158166856 0.33590728
    0.144257486 0.86902225 0.787341833 0.952213764 0.59205693
    0.595722198 0.823644221 0.625651836 0.415507972 0.0354942083
    0.0827957392 0.833533823 0.199153811 0.47530511 0.442296654
    0.312275559 0.878765464 0.018491298 0.097427547 0.857863903
    0.540058434 0.345896721 0.959069014 0.464753866 0.295496225
    0.804875493 0.0799765885 0.209180325 0.897181273 0.165287822
    0.60430485 0.459248781 0.00672209263 0.913922429 0.0490199327
    0.924044609 0.221990734 0.686212897 0.414618671 0.102006942
    0.609078884 0.441451609 0.931074262 0.126905203 0.249097288
    0.81173718 0.651130378 0.86238879 0.981724083 0.645323455
    0.390619487 0.0683402121 0.488004267 0.0417867005 0.783766568
    0.0580046773 0.826320529 0.660718322 0.455298871 0.377178401
    0.457637191 0.951882362 0.252274871 0.0461476445 0.174173981
    0.783726633 0.350953311 0.159678221 0.710958838 0.285330534
    0.127759218 0.88290453 0.540433943 0.0109242499 0.144767106
    0.758705914 0.963356197 0.498209417 0.225244671 0.82774961
    0.18891868 0.215176195 0.636020541 0.811301112 0.339095831
    0.070163697 0.113942802 0.0194509625 0.159782469 0.812638998
    0.0106907189 0.445889026 0.37643519 0.365684986 0.121901423
    0.87425077 0.94049722 0.145157129 0.0752044618 0.817967772
    0.313201606 0.944969654 0.879993081 0.245346665 0.33263427
    0.836411476 0.527966022 0.460237384 0.102340132 0.916490972
    0.424811631 0.338084459 0.183566213 0.481267244 0.523625731
    0.594130576 0.29698807 0.51024884 0.598981977 0.533125997
    0.389915228 0.898537993 0.507153988 0.332076132 0.666797817
    0.424280047 0.317590147 0.250599682 0.673850656 0.0318807662
    0.13817358 0.137622923 0.104942709 0.691774547 0.132800698
    0.109439939 0.700453222 0.199343324 0.69575721 0.420426607
    0.257979661 0.257674932 0.886647105 0.724346578 0.841223598
    0.138670653 0.127567649 0.21220547 0.700080097 0.77843678
    0.443675756 0.35482046 0.590875864 0.908383131 0.513861716
    0.365196049 0.000214874744 0.925283551 0.316117257 0.957465172
    0.664792299 0.352294385 0.273876309 0.0793665648 0.309357822
    0.86070627 0.559476554 0.652308822 0.0162212253 0.898583174
    0.795051038 0.137955695 0.151404768 0.209887028 0.0278384686
    0.795693755 0.305438995 0.122220188 0.551610649 0.369408488
    0.994315088 0.372140795 0.637265563 0.546376288 0.0862754881
    0.782753885 0.534365594 0.31410259 0.85963273 0.0714954138
    0.246812552 0.35580191 0.0400558114 0.876242995 0.876095176
    0.323816299 0.552710593 0.803708434 0.983237624 0.505182743
    0.957884014 0.136297911 0.88503015 0.551511645 0.65356946
    0.517749846 0.673272014 0.240437061 0.550388217 0.0819170773
    0.717132986 0.219598114 0.674777031 0.031932801 0.11717838
    0.366040796 0.283455372 0.900791883 0.0352805853 0.290602624
    0.927833915 0.244809449 0.291507274 0.335752726 0.112751544
    0.158950955 0.599185288 0.351718128 0.00405314565 0.526861787
    0.67222476 0.0366545022 0.515509009 0.82124579 0.263150454
    0.597832203 0.936486721 0.712388456 0.966195345 0.223632425
    0.20784229 0.614502668 0.057821393 0.579739332 0.321147382
    0.590870023 0.699955821 0.76814872 0.707498252 0.149697214
    0.646321058 0.235971212 0.0599491596 0.578146517 0.272204161
    0.324440569 0.316282272 0.990965188 0.790376425 0.947461843
    0.718373895 0.430579185 0.42252773 0.718506217 0.602562964
    0.321293712 0.360727549 0.755380034 0.42733115 0.720324278
    0.65955472 0.393712163 0.284467727 0.282656878 0.29589951
    0.441640586 0.598358512 0.943944037 0.135340661 0.849227607
    0.53482914 0.636320293 0.784229934 0.969782948 0.187312454
    0.225387454 0.270287573 0.910230637 0.179160297 0.597806394
    0.00281181931 0.750796139 0.746450484 0.454307705 0.946483612
    0.45885092 0.72546792 0.708123386 0.837112188 0.166036069 0.550834
    0.29888165 0.781847417 0.0147975683 0.949967146 0.814362645
    0.931184411 0.540347338 0.623508275 0.826219916 0.496179819
    0.713861704 0.768860638 0.0541332662 0.224693239 0.465793788
    0.0337322056 0.769331098 0.679364502 0.818356812 0.709845245
    0.677549481 0.757479668 0.0447866917 0.554129183 0.350962162
    0.0704324543 0.303697109 0.34948945 0.823051214 0.664910734
    0.57507658 0.0519050062 0.54243958 0.139812589 0.305030823
    0.977573276 0.717310429 0.11459592 0.747466326 0.801097989
    0.187464356 0.387230575 0.82466948 0.83989042 0.906934619
    0.795229673 0.888366342 0.00851362944 0.380533516 0.372813016
    0.530211627 0.828602672 0.783634841 0.552785039 0.658283412
    0.398033887 0.678676665 0.791494727 0.940467238 0.400481552
    0.940431237 0.0742334425 0.401745319 0.703797817 0.886689186
    0.659898698 0.725561142 0.733958662 0.361430764 0.822898269
    0.651251018 0.933479428 0.195410788 0.235300064 0.558488369
    0.308606893 0.0269023776 0.64777112 0.331029505 0.68226105
    0.579636991 0.603246689 0.432246089 0.254661888 0.955036104
    0.206949055 0.929049671 0.165836334 0.917749166 0.636528969
    0.441160619 0.0297849178 0.231697828 0.420027345 0.712635636
    0.462863773 0.22783199 0.678431571 0.748706996 0.603948534
    0.784618378 0.94401741 0.537625551 0.150184721 0.37206918
    0.836138487 0.0852267742 0.364848912 0.475343019 0.714335561
    0.96587348 0.039575547 0.238743246 0.987152934 0.02468431
    0.334912598 0.257022619 0.958517611 0.783025622 0.394934773
    0.974437594 0.83805728 0.0825642347 0.306445152 0.428477675
    0.0297454 0.542498946 0.90922451 0.990427136 0.0246892273
    0.00775977969 0.776836872 0.0699517429 0.508742213 0.0590961874
    0.553690195 0.571897984 0.394539654 0.456280559 0.780512393
    0.400910586 0.89378494 0.995258451 0.388655066 0.816259682
    0.272186339 0.550405264 0.650505304 0.973687112 0.00389564037
    0.681123078 0.199039519 0.240823567 0.322862029 0.385488689
    0.279543012 0.620874822 0.801185668 0.200763196 0.267890275
    0.366026938 0.710034728 0.706212103 0.877703369 0.238761395
    0.497104317 0.468938917 0.726369917 0.0273546278 0.331604779
    0.626648247 0.485034585 0.0681065917 0.211690843 0.397182733
    0.0812943578 0.534654021 0.672517478 0.670141757 0.977736354
    0.487601548 0.556730807 0.511804342 0.412625015 0.919504881
    0.779298067 0.362513065 0.453213304 0.996561229 0.776329219
    0.0279022455 0.28096056 0.183490723 0.98559761 0.391076982
    0.890895486 0.720650196 0.441669911 0.619910359 0.91735518
    0.249933749 0.251694322 0.419204772 0.115268588 0.380942583
    0.818832874 0.648316622 0.39227587 0.161327243 0.959741116
    0.126622498 0.372401804 0.997430444 0.972089291 0.0625251234
    0.189880818 0.644931555 0.195475996 0.290232956 0.100728184
    0.37151584 0.238992482 0.485506892 0.987154961 0.0189939737
    0.103800416 0.444215804 0.368340045 0.052339524 0.775843263
    0.514123201 0.540222049 0.566398561 0.961201429 0.172205389
    0.232496411 0.0912705958 0.734012961 0.613961279 0.663666666
    0.572776377 0.547088265 0.485366732 0.832198918 0.773801923
    0.716105103 0.575488806 0.174101502 0.208063334 0.839771509
    0.545066178 0.228320599 0.225306153 0.302331418 0.736746252
    0.303468674 0.293190598 0.825459599 0.301621974 0.959021091
    0.862234592 0.239047527 0.868149519 0.991101503 0.474286705
    0.631142199 0.412821591 0.120931983 0.869451046 0.853820384
    0.353188872 0.810665369 0.476992667 0.318608165 0.998858273
    0.0270152688 0.766118169 0.2612831 0.113738239 0.272457033
    0.760788202 0.472171485 0.678648591 0.39152652 0.845528483
    0.931192994 0.352158308 0.161226988 0.691547692 0.107710749
    0.337332129 0.545619488 0.838045239 0.591966629 0.426056355
    0.637432694 0.424067557 0.938799918 0.120901972 0.104745001
    0.765566945 0.063976258 0.786442518 0.124784887 0.967203498
    0.675839245 0.874765635 0.597528577 0.58860153 0.795854926
    0.498187244 0.225645721 0.92725563 0.158696741 0.929884195
    0.98425132 0.73671329 0.431532502 0.571571529 0.203579307
    0.662673831 0.302089542 0.531330466 0.525229275 0.109160751
    0.209155917 0.0750026703 0.520563722 0.811884463 0.29534471
    0.821186185 0.142527103 0.452943623 0.950145185 0.168385088
    0.441053271 0.0645684898 0.856396556 0.0956111848 0.00924915075
    0.783854723 0.386279166 0.31489417 0.308332503 0.276337326
    0.641114116 0.109082371 0.205525577 0.261153758 0.815106988
    0.136057615 0.769418061 0.125753075 0.801499128 0.750014067
    0.363079518 0.902005553 0.541318774 0.299206972 0.987210453
    0.662055016 0.426563621 0.402372807 0.946998596 0.442183435
    0.990477562 0.588679671 0.0555531681 0.0102800429 0.379066616
    0.632608414 0.850216269 0.829300284 0.45414567 0.670461595
    0.537360489 0.274160147 0.747353554 0.57541126 0.889981627
    0.617389798 0.844593287 0.259248048 0.641443253 0.157157689
    0.0645345449 0.177729249 0.880009413 0.041605413 0.92198211
    0.554807484 0.580711603 0.431795657 0.839817643 0.713098466
    0.644970715 0.500443101 0.0330711305 0.283140659 0.739159465
    0.184248358 0.0105265677 0.144430578 0.143407017 0.369826436
    0.0158074498 0.812213421 0.214547455 0.0766266286 0.373684645
    0.723337054 0.928356946 0.0918504298 0.201427907 0.567790449
    0.518133044 0.233109891 0.566390455 0.199757963 0.879623055
    0.876264691 0.661021233 0.288414001 0.482271403 0.298040748
    0.713806748 0.436356902 0.938917875 0.690140963 0.441208154
    0.879844666 0.132297665 0.750166178 0.453274369 0.166229814
    0.989615202 0.0343334377 0.74945575 0.483788848 0.184172362
    0.91514349 0.172576457 0.92509526 0.816649914 0.771914542
    0.624219775 0.862669647 0.488532186 0.604981124 0.0993183255
    0.860481381 0.90066576 0.816809535 0.0126818717 0.940765142
    0.744236827 0.19907555 0.434137821 0.59207648 0.944370389
    0.339755863 0.96261555 0.232173443 0.271469176 0.710873365
    0.0227154195 0.904540777 0.782330513 0.410751462 0.760695457
    0.727294743 0.99818486 0.344475806 0.385808051 0.635468066
    0.929005682 0.666548967 0.313632607 0.140133798 0.546778738
    0.222285897 0.85384047 0.68129921 0.366149068 0.240852773
    0.598029256 0.28223151 0.0206985772 0.369819939 0.90587014
    0.572279572 0.300731242 0.475278795 0.707730174 0.961505294
    0.756798983 0.947982073 0.207252711 0.224578232 0.284453273
    0.80122757 0.210026652 0.126857907 0.77385205 0.631293833
    0.0928703547 0.2296983 0.565266311 0.761132002 0.029735595
    0.315759361 0.49643153 0.428668797 0.765626192 0.369617641
    0.259655416 0.194062263 0.702554286 0.932501197 0.403045297
    0.920850158 0.490646869 0.345810294 0.762153864 0.847981453
    0.433346838 0.0451818109 0.704648972 0.670279622 0.596714675
    0.893592179 0.765118837 0.633620262 0.29527384 0.459330797
    0.500995576 0.176697224 0.298480511 0.398340493 0.585088611
    0.596985161 0.954453588 0.51521039 0.514534533 0.433312416
    0.0926903188 0.510973334 0.10113588 0.414851904 0.231851369
    0.654109061 0.171208233 0.716934979 0.913901687 0.234747499
    0.894615948 0.246729046 0.381237477 0.153579205 0.776814103
    0.929086208 0.256690502 0.638899803 0.234430283 0.784799278
    0.853446245 0.145576328 0.456414431 0.296448857 0.0536475778
    0.521581948 0.445116282 0.707090795 0.300414592 0.688481688
    0.506460786 0.758508682 0.109727114 0.843313098 0.611304522
    0.00295841694 0.0497920811 0.610254109 0.417267978 0.1485897
    0.981732666 0.699771523 0.0660913885 0.324652851 0.448026329
    0.572979331 0.191293389 0.433516651 0.0785267353 0.437645435
    0.378809571 0.157763511 0.64909482 0.209786445 0.283400357
    0.876107037 0.262573719 0.612064302 0.992752075 0.782216132
    0.461489022 0.715394735 0.624149561 0.0430377126 0.710052252
    0.285054922 0.59652853 0.643400192 0.999216139 0.0220862329
    0.314714998 0.0483163595 0.525117338 0.364766419 0.730111122
    0.921285391 0.661178887 0.971990347 0.447013378 0.155649364
    0.745127797 0.575536132 0.135034829 0.516087234 0.326767802
    0.89166826 0.281301737 0.036041528 0.284430981 0.409154892
    0.356544852 0.10418573 0.867422581 0.187280536 0.11037612
    0.155696273 0.373973787 0.901420355 0.0165602565 0.0932392478
    0.93958497 0.340883493 0.453556359 0.824374914 0.450440973
    0.205643922 0.0887007117 0.884075403 0.912094593 0.906477749
    0.3944695 0.622896135 0.480264843 0.882748067 0.980461955 0.41859594
    0.417442203 0.411227107 0.992994726 0.31606859 0.0979367793
    0.954470038 0.704023838 0.823896587 0.0887648761 0.271946251
    0.613936305 0.376927793 0.0725335479 0.132724196 0.162886947
    0.425808966 0.476369053 0.864975929 0.0169664323 0.878751397
    0.273080647 0.461933851 0.368081421 0.591109455 0.980273485
    0.0601433218 0.569590807 0.896121442 0.72841388 0.127400309
    0.055102706 0.714400351 0.0999694169 0.558303773 0.76808548
    0.68090564 0.979998946 0.919004917 0.691579282 0.406283826
    0.264096022 0.958357334 0.375142813 0.743996382 0.448754877
    0.242477983 0.514418721 0.589868605 0.514280021 0.868442893
    0.394937336 0.705617428 0.461666435 0.758428633 0.382741392
    0.367699832 0.0431582034 0.0264260769 0.355785072 0.513211131
    0.920969844 0.272105515 0.0799714923 0.220827252 0.710277379
    0.53828305 0.346756667 0.823087037 0.590637386 0.541582227
    0.504070222 0.647795558 0.0102912188 0.106760293 0.944624305
    0.994728208 0.988441706 0.536259055 0.0856663585 0.373991311
    0.447006583 0.0163503289 0.588563442 0.768437207 0.310343295
    0.247055888 0.798752546 0.506019115 0.68667835 0.814603209
    0.0667385757 0.688467383 0.249681234 0.83998704 0.414180875
    0.744729698 0.166857094 0.247937292 0.663806736 0.816962004
    0.367142916 0.421469927 0.744767129 0.214934409 0.0999374688
    0.509115219 0.540154338 0.741217375 0.671174645 0.545880795
    0.904212117 0.717314005 0.296101928 0.0593717396 0.449874759
    0.856574297 0.580321312 0.251016915 0.314802676 0.285907894
    0.564116478 0.752761841 0.812674046 0.846993744 0.604143083
    0.635240078 0.351889968 0.094109565 0.850370169 0.230790645
    0.851210415 0.726738214 0.557776213 0.639282584 0.066778779
    0.102043003 0.345990062 0.223129392 0.792224884 0.109117866
    0.102309912 0.888872504 0.485813886 0.451823324 0.423226953
    0.422580004 0.801034153 0.141071767 0.607052207 0.201958716
    0.840871453 0.756354094 0.00835835934 0.15140155 0.805062294
    0.756519675 0.337708414 0.182465255 0.517334163 0.602432609
    0.130295873 0.884352863 0.0360688567 0.21172896 0.40733093
    0.841950178 0.682886422 0.611944139 0.924561143 0.513840437
    0.353311688 0.701296568 0.193508148 0.515519202 0.8319453
    0.701491296 0.401375145 0.469234169 0.811628819 0.786684155
    0.726502895 0.106218457 0.635456026 0.185434312 0.173532456
    0.249372423 0.711963475 0.482135922 0.113987595 0.888423681
    0.51760304 0.84000653 0.942973316 0.268200457 0.953112006
    0.556710064 0.46357888 0.565128028 0.0592159927 0.414813846
    0.367975175 0.764269471 0.751816928 0.756187856 0.626298606
    0.0240729451 0.028970778 0.790340066 0.221839249 0.602982223
    0.341585279 0.459636897 0.880281627 0.461302966 0.668658495
    0.82050705 0.627997816 0.473037779 0.360920966 0.803935349
    0.278615952 0.146406531 0.30203712 0.566293061 0.0434767306
    0.358043313 0.0532381535 0.752515793 0.808286428 0.118367434
    0.922129333 0.970581174 0.575846493 0.391125143 0.0119395554
    0.491661698 0.216192871 0.387401223 0.532898784 0.00977933407
    0.956901968 0.296167463 0.89942944 0.62439841 0.847094893
    0.335319191 0.151034921 0.556213379 0.608926535 0.729729056
    0.408569634 0.675658643 0.816120505 0.54565227 0.543628097
    0.951813698 0.187592626 0.0751057863 0.73578155 0.291915298
    0.215611815 0.325842679 0.312968373 0.195838541 0.962960124
    0.4679766 0.929050326 0.0524333119 0.593545079 0.860080004
    0.61641103 0.714086771 0.844474435 0.931542158 0.486581624
    0.223209381 0.517919242 0.314655304 0.524481237 0.396824002
    0.843016505 0.870632648 0.342089891 0.277939856 0.418243796
    0.310681283 0.19435811 0.680722415 0.408446491 0.77344799
    0.726071477 0.900358796 0.940178514 0.498597771 0.0180161893
    0.402030051 0.970342517 0.0568925142 0.250346363 0.31125322
    0.409522593 0.736459911 0.00266906619 0.538913965 0.347831845
    0.18464759 0.0581622124 0.514523923 0.162690252 0.275699317
    0.923677087 0.741202712 0.797815144 0.387759268 0.157111704
    0.0631787479 0.394715339 0.6278584 0.338754743 0.550233841
    0.0910389721 0.392984509 0.820995152 0.511211753 0.0724971592
    0.615585089 0.678361893 0.796311378 0.53341639 0.943614721
    0.60268867 0.680564761 0.552826285 0.176855415 0.884662509
    0.538428128 0.154730082 0.445672363 0.170568347 0.0179175436
    0.175248414 0.0229058862 0.0307645798 0.764828682 0.119496375
    0.520050228 0.281334072 0.0632724762 0.904935837 0.0335487425
    0.734645903 0.423552513 0.630638421 0.758531511 0.458526134
    0.375365347 0.389614701 0.16923362 0.73922646 0.959817052
    0.349063396 0.214942575 0.123289615 0.0231082737 0.965304196
    0.95049417 0.964340806 0.0207041204 0.545063078 0.619832098
    0.78916204 0.279666841 0.0193003714 0.202118456 0.548731983
    0.357032418 0.680445552 0.892029524 0.353294194 0.337413311
    0.658336401 0.0111781955 0.0602619946 0.794362426 0.110244185
    0.244171023 0.615199029 0.498476177 0.3444812 0.247580141
    0.185758978 0.773530543 0.380436659 0.787543654 0.261847794
    0.946635604 0.697169244 0.482778132 0.192562252 0.511980653
    0.538211346 0.223121554 0.0248957574 0.366979897 0.453139424
    0.730475903 0.651535213 0.908191323 0.0248365998 0.223477185
    0.953614295 0.655096233 0.643998146 0.670979917 0.0732749701
    0.316147923 0.616196871 0.60388428 0.704345584 0.149722368
    0.495953143 0.961254299 0.883583546 0.730016649 0.818438053
    0.943040073 0.412765443 0.392153949 0.791397333 0.010866195
    0.918065608 0.564103842 0.208637446 0.451157689 0.965418935
    0.430435658 0.275247782 0.331429869 0.39272812 0.982012272 0.8134709
    0.389607161 0.060732156 0.117222846 0.92290473 0.18227157
    0.551033676 0.972291112 0.536872923 0.790157855 0.237549722
    0.277483225 0.92802763 0.0929630101 0.146153092 0.0021943748
    0.161663949 0.967479885 0.250173748 0.313315868 0.991856694
    0.0635647476 0.087619096 0.764477074 0.345629007 0.57446146
    0.885671616 0.575914085 0.123101324 0.824331284 0.913440585
    0.323786497 0.78310281 0.427188426 0.978247166 0.412937105
    0.894662261 0.841535449 0.650544882 0.726264179 0.648087502
    0.355603009 0.110841334 0.268690884 0.834185064 0.255034447
    0.999644279 0.644191682 0.552456558 0.673273504 0.793320656
    0.0670968294 0.624933362 0.0226616561 0.0885153711 0.566344738
    0.296611458 0.353383601 0.559148252 0.747875452 0.155401498
    0.492758334 0.187825471 0.173300833 0.362956256 0.0830394328
    0.331233978 0.723160744 0.623783648 0.821316659 0.859295964
    0.715754151 0.339065254 0.138527125 0.709349871 0.747470558
    0.438979268 0.598985791 0.797928452 0.736913681 0.0944280624
    0.058608681 0.32334733 0.964160442 0.583880544 0.266260624
    0.788465798 0.72375834 0.0733744502 0.377754301 0.599211216
    0.149589002 0.95393163 0.92313385 0.72456336 0.170265824 0.629254878
    0.13672325 0.566239774 0.0714230239 0.70098269 0.214768648
    0.557580769 0.12633732 0.284840941 0.0983787775 0.79521668
    0.635877967 0.440482765 0.566970766 0.929384172 0.586829662
    0.0493565798 0.898009241 0.157778233 0.551257193 0.498781025
    0.175553948 0.347534895 0.112935692 0.632447422 0.873032153
    0.974359453 0.0213375092 0.697332799 0.136662424 0.343728811
    0.0165095329 0.539117754 0.313637495 0.80335778 0.638482094
    0.793873787 0.861332357 0.872552395 0.861214757 0.515766442
    0.482262492 0.25997135 0.310795605 0.704273522 0.782982469
    0.516997457 0.279942513 0.0804279745 0.055482775 0.430400997
    0.350681424 0.821241021 0.172450215 0.859624326 0.507024944
    0.47585842 0.711319566 0.460584641 0.0985513926 0.6965096
    0.903411686 0.35633862 0.233685642 0.302415878 0.479310066
    0.766064227 0.0413458645 0.00800302625 0.725101352 0.531337142
    0.637572348 0.637652218 0.984899044 0.54189527 0.850093782
    0.488501757 0.190450847 0.0886678994 0.805738747 0.79339391
    0.225501984 0.0549167991 0.225478172 0.0269425213 0.149411201
    0.40103811 0.184702158 0.64068985 0.961749315 0.384516805
    0.667823434 0.922937095 0.559371412 0.268602073 0.246884406
    0.488300413 0.711407959 0.942691982 0.962863326 0.688739717
    0.334243059 0.64256072 0.295500994 0.696850181 0.152103961
    0.917850912 0.220317096 0.0598985255 0.55565846 0.254410297
    0.0256652236 0.307205886 0.404070914 0.489082009 0.890120268
    0.135058016 0.32250917 0.462194145 0.343506873 0.343473315
    0.735268056 0.617069125 0.764882803 0.460135788 0.440163761
    0.66834569 0.246010929 0.472096682 0.100113422 0.658735037
    0.788686156 0.406387746 0.421582043 0.680514514 0.255212605
    0.153182864 0.327182055 0.42722261 0.992490828 0.897499025
    0.421091735 0.116707385 0.197919458 0.400151372 0.976721168
    0.565097332 0.916458845 0.807486892 0.211832464 0.544035554
    0.827017665 0.818890631 0.887628675 0.251109004 0.706231296
    0.526203454 0.953970969 0.313944727 0.153003305 0.412273824
    0.229534656 0.408673465 0.368384242 0.0415828228 0.977244556
    0.406312317 0.229395092 0.939360023 0.21841076 0.931123435
    0.120143205 0.115028858 0.375845283 0.832940459 0.483038992
    0.72509402 0.655704558 0.811125696 0.474403769 0.327475369
    0.807742596 0.859311581 0.338172555 0.260884732 0.590033948
    0.362855226 0.555140495 0.317949891 0.978967309 0.38635096
    0.166903406 0.594301403 0.948291361 0.112772107 0.511099875
    0.330375135 0.672849536 0.847029209 0.673712134 0.691114843
    0.405895919 0.608931363 0.971073151 0.551285326 0.609897375
    0.595511436 0.583664894 0.648045182 0.300004005 0.157164305
    0.702778816 0.716144383 0.680960476 8.04066658e-05 0.513550937
    0.986913204 0.0902175605 0.180060595 0.570140243 0.193390876
    0.586953759 0.637211204 0.846103072 0.11292997 0.829697728
    0.679588079 0.462094516 0.484960765 0.494051218 0.126364738
    0.666610003 0.987260044 0.206692785 0.92583251 0.568411469
    0.712579548 0.613152504 0.801583767 0.127204865 0.231376231
    0.290692747 0.978553534 0.54079926 0.15837118 0.471919775
    0.518600047 0.213897258 0.155856967 0.412360728 0.0290308595
    0.995605469 0.505220115 0.40055576 0.240121573 0.985389829
    0.144334733 0.334307194 0.509306073 0.541301966 0.244545221
    0.678877473 0.220800608 0.277180582 0.274946541 0.151378155
    0.696263671 0.302258581 0.620173216 0.719398558 0.749405026
    0.83196187 0.423353821 0.970459104 0.123678386 0.302892089
    0.0990394652 0.14770627 0.00811457634 0.0062841773 0.505795836
    0.116791964 0.268111914 0.215644807 0.202698439 0.754422426
    0.12889871 0.896116614 0.521616995 0.157956719 0.429358274
    0.213503301 0.615142226 0.744134545 0.994527161 0.654758811
    0.56399256 0.431234419 0.0125177801 0.698414922 0.393599153
    0.320048511 0.078014493 0.380251408 0.70626545 0.0129375756
    0.269517362 0.575465024 0.12902078 0.362639546 0.907923579
    0.58735162 0.912226081 0.43827951 0.0890966654 0.3734155
    0.0688810647 0.0564196408 0.911336243 0.854180515 0.937818646
    0.309616029 0.410059512 0.855576038 0.962576807 0.212436467
    0.435959935 0.616303265 0.359818429 0.536222219 0.728755593
    0.936948657 0.0806628168 0.196929634 0.180217028 0.725501835
    0.962427378 0.461782247 0.830030084 0.151699156 0.194272041
    0.863184571 0.280317664 0.29402703 0.59424597 0.557352245
    0.0570872128 0.225521982 0.28990683 0.481758744 0.861821771
    0.441618919 0.234921873 0.896479964 0.839935184 0.95551157
    0.344608486 0.632877231 0.0333456397 0.968215585 0.283555865
    0.367991865 0.937429667 0.877960801 0.475149632 0.281555295
    0.249829352 0.350729853 0.825172603 0.687268257 0.702060401
    0.635558605 0.316006213 0.933552146 0.590325952 0.398614347
    0.335695744 0.598451495 0.436062008 0.709301829 0.860068798
    0.875432909 0.196296513 0.740890384 0.336271942 0.676312983
    0.163974643 0.160849661 0.258471847 0.966692507 0.999257982
    0.488053203 0.287420839 0.416431487 0.493863493 0.985807419
    0.719780564 0.372263253 0.954984426 0.82717675 0.833454967
    0.00851541758 0.937798619 0.14354527 0.00264275074 0.433046669
    0.0452382267 0.275773555 0.293951213 0.850305557 0.684347391
    0.299975127 0.922261834 0.994484663 0.799290657 0.152870625
    0.835398555 0.712275565 0.841125607 0.584550917 0.835535824
    0.42167902 0.556270421 0.858274579 0.25777173 0.458097279
    0.0389277041 0.920975208 0.729898989 0.81061691 0.143109828
    0.243494481 0.509061098 0.00413310528 0.659137428 0.369590789
    0.336473405 0.797083914 0.772573352 0.443502843 0.80486536
    0.105048925 0.480012357 0.162552506 0.542631328 0.517736912
    0.474693596 0.355897784 0.866066933 0.242472976 0.967526674
    0.182958782 0.993036032 0.835700572 0.652830303 0.819520354
    0.154383183 0.688299954 0.387026995 0.1909495 0.240765661
    0.280264199 0.164842963 0.914888561 0.418601602 0.604449034
    0.814722121 0.62713182 0.167624235 0.782871485 0.0167179406
    0.806574464 0.00184836984 0.787700295 0.656466126 0.729796946
    0.323976398 0.687090039 0.357042879 0.8742733 0.916612625
    0.985339344 0.870292962 0.350453526 0.287961364 0.535884738
    0.784328699 0.215051234 0.504600227 0.553994238 0.219207913
    0.267839611 0.830179095 0.915479481 0.909604669 0.423837394
    0.440882087 0.433084488 0.544606864 0.975115895 0.0850949287
    0.705916286 0.0165686011 0.872514486 0.0497990251 0.450870156
    0.0931565464 0.868082166 0.903934896 0.938542843 0.303292871
    0.238594115 0.461377978 0.626970172 0.625143528 0.014367491
    0.629670084 0.163798153 0.258806705 0.683144331 0.285073668
    0.866156459 0.860466242 0.268763661 0.190268695 0.284320235
    0.0221562982 0.89308542 0.160717905 0.240381241 0.990275979
    0.0811700821 0.792866707 0.39504832 0.521362901 0.737079442
    0.626292467 0.471281052 0.0628287196 0.27447778 0.534465551
    0.62945199 0.168103158 0.59385246 0.384529412 0.559054494
    0.598294258 0.655791998 0.559254169 0.153610826 0.303206623
    0.376078397 0.366823882 0.538277805 0.529298306 0.271270961
    0.950743318 0.280083358 0.893733978 0.7189309 0.884829283
    0.590906084 0.986338973 0.468444526 0.804790854 0.255627096
    0.907318711 0.733160257 0.71307373 0.783478737 0.419593573
    0.121536881 0.847098947 0.349709213 0.754700124 0.894613445
    0.0776466727 0.362182677 0.326761752 0.187229037 0.199819744
    0.274954438 0.0966654122 0.410492152 0.79954052 0.704005599
    0.119186491 0.012771666 0.188965559 0.527574003 0.937520027
    0.705334783 0.781831801 0.595003128 0.567581832 0.980915844
    0.079033047 0.0684917867 0.573405206 0.262895584 0.627608776
    0.661948562 0.977181077 0.190142781 0.81628108 0.392491847
    0.855246544 0.455162048 0.582960069 0.370573699 0.90844059
    0.471935987 0.140264094 0.116826057 0.999267697 0.388929576
    0.769139469 0.336565018 0.449202538 0.607617795 0.599655449
    0.801251531 0.540743828 0.807339549 0.0392282903 0.932153642
    0.673088849 0.538915336 0.0253065526 0.77229321 0.648260355
    0.0609637499 0.375905871 0.317543209 0.4577097 0.7730515 0.916919708
    0.794237852 0.353060931 0.299110085 0.23260054 0.265400648
    0.549797654 0.529952884 0.482183814 0.282423258 0.968344927
    0.522368014 0.686510026 0.530795693 0.0504699647 0.709428072
    0.402671427 0.4193497 0.61464119 0.605348945 0.613810182 0.983444333
    0.71757251 0.720865607 0.933575273 0.0200300217 0.346659899
    0.42538178 0.131017774 0.549260676 0.334826469 0.734274864
    0.528209805 0.973321438 0.279071093 0.446811646 0.920951009
    0.932261169 0.69266206 0.348384917 0.285515517 0.492058337
    0.562407851 0.893390715 0.615753531 0.656933665 0.202374429
    0.59609586 0.0756394267 0.362467498 0.718461275 0.642204404
    0.642352939 0.0791630745 0.16162467 0.0830923915 0.165297955
    0.0604627132 0.239398926 0.51262486 0.788952351 0.130382359
    0.672473073 0.628712535 0.844492793 0.408568174 0.751575887
    0.521402001 0.0540871322 0.368767262 0.717734218 0.449777603
    0.23201552 0.896217465 0.509316146 0.444907129 0.880320787
    0.428981274 0.387954235 0.594828129 0.977192521 0.387320697
    0.212121457 0.224644631 0.242905855 0.881426573 0.676626921
    0.255275488 0.799282789 0.144531906 0.231731892 0.40159899
    0.832249582 0.306870431 0.302086562 0.472274959 0.136624485
    0.314949334 0.95008564 0.100499719 0.0014488101 0.010571599
    0.0912807286 0.612320662 0.110052168 0.135698378 0.31500566
    0.333563864 0.973636746 0.0450609028 0.568227172 0.996054411
    0.351418912 0.380355358 0.675323725 0.0408782661 0.821776509
    0.721109569 0.0900773704 0.556093693 0.479506254 0.186838537
    0.952691197 0.233333439 0.267488867 0.476671487 0.269692421
    0.304178298 0.305525362 0.57459569 0.390597135 0.207789719
    0.964204133 0.148627162 0.676249743 0.486458391 0.689654708
    0.856100559 0.757052779 0.719749093 0.86591655 0.0367188454
    0.267444879 0.432414711 0.586510777 0.972383976 0.858627439
    0.543249488 0.346767008 0.0296270549 0.23727864 0.616297543
    0.821703911 0.211730093 0.691304564 0.842916727 0.154681623
    0.0740414262 0.979056239 0.875259161 0.60710901 0.275121987
    0.355095446 0.147281915 0.523040414 0.665688992 0.204299808
    0.773157239 0.948669553 0.613602757 0.772885084 0.115748584
    0.202180266 0.0734951794 0.636756659 0.175290555 0.164908469
    0.597173095 0.277074456 0.355987906 0.718694746 0.684934616
    0.124238104 0.0702682734 0.539148629 0.382210553 0.0444614887
    0.166680515 0.525691032 0.801147997 0.772201538 0.980516791
    0.682003379 0.116682976 0.572171628 0.877915502 0.911563337
    0.42140007 0.503639758 0.240010142 0.551929235 0.779425979
    0.396608829 0.265260041 0.0326832235 0.248951346 0.460944474
    0.684295893 0.477574587 0.260522187 0.609445691 0.596387208
    0.309883952 0.640666962 0.765913606 0.91935128 0.0122717917
    0.123690248 0.285051763 0.660594165 0.682748556 0.208982378
    0.125041395 0.399829268 0.604547083 0.772241235 0.326040804
    0.801468492 0.493587166 0.18801263 0.410768151 0.424252987
    0.686941922 0.0980476439 0.282640636 0.613824368 0.292987823
    0.351030648 0.85972774 0.914759398 0.350784957 0.409705073
    0.635033846 0.0255302191 0.700976372 0.135450929 0.0771492124
    0.295991063 0.529962361 0.967310667 0.748336315 0.577224433
    0.760792375 0.398210436 0.517101824 0.437510252 0.781798244
    0.267471671 0.785806179 0.437925041 0.218176872 0.388744235
    0.265756726 0.0716383457 0.124801695 0.825433016 0.255614698
    0.455117851 0.765797853 0.710883498 0.263811409 0.697757125
    0.0372579098 0.714901209 0.499223083 0.876835048 0.0803074837
    0.464254111 0.188863307 0.594744623 0.859958053 0.830106258
    0.0658086836 0.818423867 0.518374741 0.209459811 0.855461717
    0.31062603 0.661901772 0.303238183 0.458995521 0.730116248
    0.731314957 0.517134309 0.552484334 0.751613379 0.800831318
    0.890056252 0.262695879 0.456030577 0.440363318 0.221164584
    0.832967758 0.0416161716 0.750090361 0.956244469 0.473034173
    0.215270102 0.891357422 0.757861018 0.825041056 0.130714059
    0.174195856 0.0092998445 0.236771613 0.768900335 0.980922997
    0.955900431 0.275410354 0.547588646 0.0526762903 0.0408572257
    0.391475946 0.650380611 0.95378387 0.387408555 0.945158839
    0.881733894 0.856737494 0.0343517363 0.815019846 0.15992558
    0.328573197 0.77125895 0.683334947 0.041305691 0.375810355
    0.391058862 0.813681602 0.493781179 0.428569406 0.699410439
    0.628307164 0.881628036 0.531183779 0.485794514 0.846667588
    0.63571769 0.465302914 0.705569923 0.431673288 0.810263932
    0.143629313 0.699812353 0.588889182 0.0775346756 0.270227075
    0.719691932 0.425195456 0.93320322 0.876279891 0.765403807
    0.416175485 0.585558355 0.0798667371 0.935768604 0.79226315
    0.702666879 0.416725576 0.00406467915 0.380330384 0.135762125
    0.0891181529 0.644477427 0.989871621 0.181858808 0.86273706
    0.00993552804 0.276979625 0.999114156 0.832300305 0.110921383
    0.353934675 0.793160677 0.240922272 0.993381083 0.610836446
    0.431466222 0.809288442 0.384974718 0.502201855 0.437393844
    0.952588201 0.70777154 0.719120204 0.369748175 0.0454745889
    0.787053823 0.754688203 0.434327275 0.172195703 0.939344525
    0.368371487 0.630622208 0.112204939 0.299024045 0.884097576
    0.833423376 0.796787262 0.377463907 0.636211157 0.359121144
    0.981116891 0.439441025 0.26482752 0.993667185 0.895592988
    0.0274354815 0.97749579 0.137038469 0.968454361 0.564819455
    0.6083799 0.0134954751 0.938776135 0.714398623 0.749395013
    0.625826657 0.389179736 0.695898592 0.349456549 0.705795586
    0.780016303 0.0676628947 0.418555617 0.571280241 0.938220978
    0.306903154 0.85478276 0.393862128 0.418931454 0.3753663 0.584775805
    0.844355464 0.824890018 0.878460288 0.719593525 0.495094806
    0.270893633 0.877628565 0.0414424241 0.0841522515 0.835793138
    0.942595959 0.496044964 0.831789315 0.575272202 0.248908758
    0.618444324 0.605729461 0.3316091 0.594445884 0.941725075
    0.443944484 0.840153813 0.554006219 0.406050056 0.993728995
    0.345314771 0.635368943 0.938311875 0.965956569 0.086984843
    0.753965855 0.940692842 0.545546949 0.23529771 0.664051175
    0.84099853 0.824360132 0.424125671 0.991154075 0.0120049715
    0.578375936 0.953063071 0.421733558 0.985184669 0.611915052
    0.204116881 0.700239301 0.45723635 0.150709748 0.504155576
    0.691664338 0.578546345 0.940033436 0.30740267 0.00281116366
    0.987794399 0.280283898 0.0860843956 0.824329138 0.302219212
    0.382977158 0.266183764 0.97326386 0.936109304 0.910698056
    0.114329815 0.503961861 0.727598667 0.741190195 0.399319917
    0.234568894 0.417721093 0.41234827 0.653322577 0.866267741
    0.28672719 0.187547058 0.985417187 0.685469687 0.0108656883
    0.952965915 0.304929197 0.812949896 0.904547036 0.422685653
    0.268044382 0.0666969121 0.353798032 0.0546570718 0.594949245
    0.786611915 0.663431764 0.870464921 0.165306389 0.0411230326
    0.844452381 0.662448883 0.370896697 0.482285231 0.0639722943
    0.379119813 0.762287557 0.984340549 0.483092129 0.975798011
    0.949786544 0.802702665 0.0371562541 0.679816365 0.928389788
    0.904610991 0.0337294638 0.866264641 0.02241835 0.62868154
    0.917789996 0.38859266 0.437504232 0.711648166 0.287873626
    0.625614226 0.297173977 0.213009238 0.847133994 0.968230367
    0.179243207 0.315487832 0.162848592 0.45227471 0.616127014
    0.330220997 0.559769809 0.35632515 0.156378716 0.323940367
    0.303088307 0.73989284 0.977357924 0.150587976 0.302326739
    0.0139857233 0.8301121 0.296090603 0.551776469 0.586341262
    0.28994453 0.806521654 0.493121088 0.167678922 0.677725792
    0.0422334969 0.800586104 0.587613821 0.503570795 0.679982305
    0.618050456 0.822520971 0.229556471 0.127086908 0.543308854
    0.159741819 0.213787198 0.637582242 0.280061156 0.750214875
    0.463857949 0.768015146 0.258703232 0.515019774 0.937270343
    0.595085144 0.850044966 0.629814625 0.628859282 0.468454093
    0.895905793 0.128683001 0.162922531 0.816760182 0.222473264
    0.916767001 0.894405842 0.737195849 0.832414865 0.150695086
    0.0177165866 0.386784196 0.37541768 0.868619561 0.613638282
    0.781290889 0.367880881 0.983297288 0.844943881 0.626799047
    0.757171273 0.373338521 0.270024896 0.917177558 0.0222366154
    0.880589187 0.28442964 0.0197412074 0.312037826 0.837368667
    0.284676582 0.896052718 0.0281742215 0.248801947 0.0164210796
    0.666849375 0.0515460074 0.125693142 0.925257504 0.236428946
    0.236067533 0.245001256 0.504318953 0.0430179238 0.904477
    0.710619152 0.633659601 0.810444891 0.642881393 0.116933733
    0.753417253 0.894498527 0.422150612 0.845636606 0.96421659
    0.819424152 0.270823717 0.14719075 0.216053098 0.056322664 0.2001037
    0.0408990383 0.288552523 0.40705359 0.599228024 0.667487264
    0.669419885 0.50099057 0.368291855 0.646902502 0.347195148
    0.708231568 0.448013455 0.643298447 0.40750429 0.691371918
    0.460309297 0.663078547 0.00541964173 0.663177788 0.731718659
    0.964515626 0.822607815 0.808486581 0.283758879 0.315355837
    0.428194195 0.0960564613 0.448044837 0.232647479 0.821359515
    0.178871363 0.124754071 0.971919596 0.712903261 0.744341254
    0.661551356 0.11478883 0.824606538 0.0416177809 0.276570261
    0.326179743 0.578832328 0.439491332 0.367456377 0.93740207
    0.416035444 0.882681012 0.545623064 0.767599881 0.55141294
    0.929830432 0.964162111 0.618408501 0.402564675 0.234653413
    0.674787939 0.84476912 0.417115301 0.53022629 0.3880409 0.19381699
    0.811484933 0.134329736 0.308935165 0.482971966 0.301315755
    0.919784784 0.973377943 0.692459643 0.281532556 0.543686509
    0.164191037 0.263561428 0.135683179 0.780845284 0.326483488
    0.469067723 0.453551114 0.431317657 0.744318128 0.743728697
    0.388220549 0.0476189554 0.736084878 0.720609963 0.793466032
    0.261103332 0.912109375 0.495755255 0.0746898949 0.613890886
    0.0294751525 0.322307408 0.55077666 0.31768012 0.86175257
    0.844761789 0.444499582 0.387013197 0.481232792 0.756655335
    0.480404288 0.0729632676 0.159373939 0.387752056 0.272971958
    0.449868172 0.127984226 0.782825232 0.867107391 0.969892383
    0.200169623 0.717330277 0.786244273 0.649530828 0.0508982241
    0.805683911 0.384826064 0.609195232 0.218289912 0.0750770867
    0.787356019 0.654712379 0.057538718 0.988785863 0.904848576
    0.621732593 0.296947002 0.723210275 0.624142706 0.147411555
    0.840216875 0.0474714637 0.62665081 0.433895707 0.264945984
    0.86089766 0.123717576 0.574290276 0.820894778 0.597797215
    0.797443748 0.515004158 0.196858019 0.377251446 0.465211928
    0.819728494 0.150071591 0.842817426 0.512305737 0.331043988
    0.384458333 0.459909379 0.0606065691 0.512015164 0.805813313
    0.62328732 0.670286059 0.748352766 0.808526337 0.180564672
    0.172382742 0.617752671 0.297217697 0.339771569 0.487452835
    0.676498771 0.582452893 0.988431454 0.610315621 0.552979887
    0.972748399 0.652592242 0.292063981 0.33128792 0.97806704
    0.115627259 0.794916391 0.436106801 0.429859042 0.160312533
    0.979886055 0.119931489 0.851839662 0.00748738647 0.629899323
    0.717703581 0.463664174 0.0762390792 0.778615832 0.790783882
    0.916853309 0.400788724 0.554713547 0.728743553 0.847160578
    0.664577723 0.438818097 0.874979138 0.863379121 0.970270991
    0.650188565 0.911543727 0.585785866 0.879033566 0.409875691
    0.672903299 0.566629648 0.507892549 0.299341142 0.980464578
    0.659965515 0.714106798 0.566503286 0.653599381 0.922164559
    0.36589092 0.886003792 0.579631865 0.445558995 0.94078517
    0.727342129 0.868022919 0.516703427 0.0529155731 0.868294358
    0.036431998 0.426585197 0.762471676 0.310742944 0.492466927
    0.0420489907 0.494211048 0.375033706 0.112912923 0.375508696
    0.666210234 0.878801048 0.730302095 0.291155457 0.468308836
    0.729831278 0.334679306 0.996007085 0.072358489 0.851048946
    0.603277862 0.0730407834 0.439531177 0.825528383 0.184336692
    0.500417471 0.995787621 0.94259727 0.760718048 0.44603914
    0.000352621078 0.00610789657 0.176298708 0.0592304766 0.267667413
    0.91633296 0.759072244 0.400830537 0.340860128 0.690944731
    0.113718778 0.270712793 0.0334076285 0.611375809 0.561091304
    0.335229218 0.0231474936 0.39705351 0.304876983 0.0697616339
    0.527682424 0.337826252 0.567759991 0.458041698 0.145069748
    0.770560443 0.519962072 0.0703341663 0.469150096 0.365606964
    0.0969079733 0.944444656 0.251567811 0.186414123 0.93237108
    0.865418851 0.83295083 0.888301373 0.794957101 0.417366117
    0.191640735 0.199220508 0.830623448 0.0730648339 0.691062808
    0.0546396077 0.251278758 0.532988667 0.994190693 0.112313628
    0.189521253 0.833889365 0.628328443 0.100172579 0.346852809
    0.270914555 0.886149049 0.596670568 0.570418119 0.203614295
    0.702842534 0.238916993 0.912282467 0.522401631 0.582838535
    0.541639626 0.907135844 0.811381519 0.53091979 0.567307532
    0.0477104187 0.525122762 0.565791309 0.0423327386 0.28742069
    0.15455237 0.149756312 0.338566601 0.731510401 0.639781773
    0.961801052 0.663465619 0.890613437 0.59263891 0.300955236
    0.811451972 0.976227403 0.562808394 0.783077896 0.342460811
    0.97483623 0.192477345 0.427277565 0.152308494 0.917871118
    0.702353597 0.58307302 0.245649576 0.313913882 0.302282572
    0.273126662 0.599714041 0.540128529 0.100646973 0.100663543
    0.569236875 0.720362425 0.631074131 0.88657409 0.404289842
    0.74687624 0.756560922 0.624588728 0.0406681597 0.0269734561
    0.0222654641 0.828531623 0.173562527 0.0622454882 0.414111257
    0.788607717 0.715380549 0.738835096 0.109561473 0.730034292
    0.96591711 0.5109424 0.194004297 0.453897744 0.6280756 0.575789809
    0.161374032 0.809756279 0.120199203 0.591252148 0.65626514
    0.377096534 0.750796914 0.598807037 0.502727091 0.566656232
    0.924762964 0.56085062 0.1770055 0.725142121 0.814756274 0.680377722
    0.593059123 0.713433146 0.764796197 0.142952293 0.749520779
    0.093536973 0.40620482 0.362650275 0.381546229 0.891333222
    0.513284564 0.519901216 0.623170376 0.197076648 0.09083426
    0.501187265 0.906287074 0.818206131 0.893025279 0.586446285
    0.475515008 0.303839386 0.899161696 0.816292584 0.959314346
    0.640322089 0.236532211 0.390274346 0.764625609 0.154551566
    0.390974253 0.0330252945 0.677919507 0.77720809 0.0464765728
    0.698207974 0.927790761 0.282559663 0.257737935 0.202969402
    0.985461354 0.843929887 0.557581306 0.569878519 0.385970533
    0.339322388 0.773239076 0.286823273 0.0279006064 0.239404052
    0.500527263 0.622727513 0.474726468 0.496372521 0.301823646
    0.743745625 0.278936446 0.0333121419 0.473005563 0.377718955
    0.822549105 0.0127860904 0.366803229 0.721973479 0.0106345713
    0.597280025 0.333453029 0.220272601 0.928635716 0.441803068
    0.122505873 0.605862021 0.674879968 0.447574377 0.841620922
    0.440609753 0.196011782 0.873705029 0.426485628 0.0714249611
    0.309794158 0.174618304 0.416933149 0.867149949 0.678239346
    0.87293154 0.089861095 0.873018503 0.4754574 0.210968107 0.608258903
    0.548421502 0.402567655 0.698448062 0.441534072 0.186867148
    0.28172797 0.643921733 0.937245905 0.839321792 0.530946195
    0.827824175 0.390589356 0.657044768 0.887086272 0.555193663
    0.811066747 0.648374677 0.858149052 0.617815137 0.0874924362
    0.17033726 0.252556384 0.361795962 0.309235036 0.0394054651
    0.607644677 0.0511333644 0.170977861 0.110077709 0.715600252
    0.116819501 0.744593918 0.257678986 0.16671589 0.655716419
    0.600939393 0.838912606 0.909535289 0.742396593 0.976459622
    0.861296535 0.514240861 0.426909178 0.415047675 0.169664234
    0.949360847 0.777726471 0.944739461 0.812201142 0.931035995
    0.674785316 0.68534261 0.877086163 0.330332696 0.792246699
    0.142659426 0.805745244 0.53386724 0.748549938 0.299224854
    0.529553711 0.966839433 0.212024719 0.226581722 0.00586125255
    0.927458167 0.608067453 0.236219555 0.152802318 0.291157484
    0.449333042 0.0567166209 0.00229376554 0.378840387 0.688800931
    0.725763261 0.148831427 0.442826152 0.473941982 0.0445299447
    0.812970161 0.440038621 0.768856764 0.876644135 0.837774515
    0.107510328 0.272161245 0.196133286 0.754573345 0.427710652
    0.554807961 0.11386627 0.535027325 0.785113335 0.322600842
    0.87671566 0.986569405 0.745471478 0.648905039 0.131603926
    0.863998413 0.352869511 0.697548926 0.304044783 0.935890436
    0.211729914 0.604976416 0.755966425 0.510992229 0.0803472996
    0.631406426 0.0882536769 0.532243609 0.804308176 0.550931513
    0.665103436 0.0589796305 0.453907281 0.416094542 0.612659454
    0.417313248 0.510389805 0.479765952 0.7729882 0.704614043
    0.218302369 0.220540047 0.244414449 0.393742889 0.280664623
    0.146641582 0.7947734 0.519094527 0.56826055 0.140789866 0.757599235
    0.801895142 0.48374331 0.396604687 0.648187339 0.807199001
    0.80037272 0.419778258 0.734915435 0.102345914 0.108348668
    0.941823602 0.992367268 0.655176222 0.511864603 0.385807276
    0.94231683 0.434780955 0.48520273 0.103781819 0.642221391
    0.518847644 0.355365843 0.916768849 0.489719778 0.578733504
    0.162564695 0.575738609 0.474207371 0.726045489 0.683361888
    0.2789675 0.400903463 0.0622327328 0.04144907 0.32736522 0.935052633
    0.141202092 0.276684761 0.495847493 0.0814347565 0.196939468
    0.793522656 0.855542064 0.80391711 0.0530401468 0.400263011
    0.32645005 0.312752217 0.288636148 0.666765571 0.0907512009
    0.0389278531 0.790757298 0.707184672 0.124878705 0.195267707
    0.106415391 0.205112845 0.625795305 0.407852501 0.0924305916
    0.0308334529 0.877217293 0.485799372 0.664187074 0.1669918
    0.877520561 0.345728695 0.925854445 0.120685488 0.245196342
    0.864718676 0.279838622 0.507716835 0.202925861 0.533471406
    0.845681131 0.21343708 0.172002584 0.939962864 0.596808434
    0.396793783 0.195071012 0.0597247481 0.579668105 0.430383772
    0.78635025 0.911056876 0.126375258 0.743649065 0.776108503
    0.541404843 0.386918545 0.772193551 0.306246191 0.895341814
    0.407078147 0.0494741201 0.971079409 0.886160254 0.43502897
    0.501027942 0.630907297 0.108099073 0.152337462 0.460514903
    0.919919848 0.0741356015 0.270078152 0.681711495 0.389428139
    0.312680334 0.798015714 0.0081717968 0.246819556 0.538725555
    0.117270261 0.901931882 0.169027567 0.116250694 0.22886467
    0.282053947 0.623560011 0.954439998 0.144942522 0.70750767
    0.576767504 0.97720933 0.407054871 0.679381967 0.199006647
    0.926590919 0.96140939 0.0235442221 0.275573373 0.205774963
    0.491961926 0.620655775 0.693524301 0.0517380834 0.361391664
    0.945126772 0.130893409 0.275426149 0.0291026831 0.892355502
    0.756779432 0.422899425 0.735335827 0.553379476 0.00605735183
    0.771846354 0.364777684 0.523109078 0.0582894981 0.724272311
    0.914503753 0.635407865 0.633888125 0.271605849 0.0389715135
    0.275539458 0.941836476 0.78991735 0.0603545606 0.715970278
    0.109383702 0.770472765 0.408529758 0.311044127 0.933743834
    0.395889342 0.150063455 0.571166396 0.202609062 0.05979684
    0.549709141 0.485786617 0.964789867 0.18197307 0.951376915
    0.720808148 0.290754408 0.177210271 0.657848001 0.312508881
    0.339432836 0.151278704 0.507444203 0.564094484 0.902849197
    0.669380426 0.116229743 0.25629288 0.501220882 0.896965027
    0.195561618 0.46009469 0.529188156 0.472067475 0.746121705
    0.335128605 0.638400316 0.0450945795 0.382878691 0.579765201
    0.7288481 0.621467054 0.772271216 0.435507953 0.0855337083
    0.170873463 0.554186463 0.391320407 0.71950984 0.354383767
    0.174248666 0.846458554 0.864530087 0.0780543387 0.0990537405
    0.200783819 0.773146629 0.874915242 0.236912876 0.248372018
    0.486479938 0.936679184 0.124850959 0.582327724 0.300027728
    0.303763628 0.202102095 0.00843161345 0.678174973 0.807883024
    0.773345709 0.0362507105 0.486269563 0.324728727 0.0552666187
    0.696943223 0.398210436 0.455186248 0.123625934 0.910852909
    0.544922888 0.268226027 0.548051596 0.377849787 0.357940465
    0.954755247 0.954557419 0.183986813 0.972408175 0.689074397
    0.643380284 0.72802186 0.691285312 0.669997692 0.92640543
    0.328395993 0.627893448 0.226886064 0.982253671 0.0294726789
    0.282777846 0.532622457 0.803060651 0.78501296 0.705934942
    0.375338852 0.569123805 0.551308453 0.354083955 0.439033389
    0.16462034 0.719878733 0.498447508 0.409903407 0.290073335
    0.649193168 0.976464272 0.268471032 0.414963126 0.725810468
    0.620354533 0.923143387 0.472792238 0.00119626522 0.602459133
    0.419653893 0.975131035 0.708180249 0.688696742 0.441625029
    0.173335612 0.20569548 0.515093565 0.756597996 0.650372982
    0.125881702 0.592949033 0.275318891 0.305705667 0.279755563
    0.92677629 0.577018142 0.668877184 0.394671082 0.12626487
    0.285495073 0.893251598 0.79929328 0.892095208 0.45568946
    0.0364284813 0.87269187 0.24025774 0.3410393 0.0780251324
    0.659994245 0.308391869 0.831188977 0.81891048 0.0439707935
    0.363968819 0.422205001 0.814459085 0.283162773 0.0844464302
    0.214684635 0.111929089 0.828484893 0.652357101 0.499320269
    0.414951026 0.657581449 0.195079416 0.406612039 0.281278968
    0.679752648 0.535976529 0.627317309 0.505875766 0.0937279761
    0.104576826 0.333115578 0.805842698 0.338692516 0.0718296468
    0.610454738 0.39176175 0.862886012 0.554333329 0.737054408
    0.178318352 0.12818718 0.310912699 0.602759898 0.285396636
    0.0124241114 0.0501093864 0.0156800151 0.396641403 0.355563968
    0.170281619 0.311372817 0.818136334 0.794670403 0.855966806
    0.596737742 0.0468564332 0.327287614 0.889737546 0.831459045
    0.127335638 0.93026948 0.0517212451 0.279171109 0.942737103
    0.893833876 0.530473411 0.72267288 0.354709595 0.376752734
    0.362441152 0.690860033 0.651382864 0.809784889 0.750584364
    0.909004748 0.667045057 0.776592195 0.201373219 0.294498682
    0.603809834 0.228641927 0.394524306 0.488275141 0.962255299
    0.183554739 0.393633336 0.396265239 0.482142299 0.726875722
    0.942688107 0.274544954 0.828814387 0.206907898 0.833417654
    0.736092806 0.595769763 0.763393044 0.7942788 0.582675993
    0.918315887 0.965268016 0.978623271 0.960000813 0.31004703
    0.530637324 0.801683545 0.903966665 0.604671776 0.0683365762
    0.317790747 0.308793664 0.301597297 0.494635552 0.283274233
    0.00557085872 0.8926332 0.445960909 0.269221753 0.636487663
    0.345165491 0.950996399 0.561295331 0.885924935 0.427339673
    0.919311762 0.253987938 0.0917782485 0.242956936 0.222584903
    0.185007304 0.0819327831 0.152483493 0.309570432 0.565821528
    0.735090613 0.226171643 0.778940499 0.914975405 0.137931764
    0.461295098 0.84030664 0.546421051 0.63084507 0.535408676
    0.131902874 0.889191985 0.646846533 0.34791863 0.438080996
    0.590042472 0.761834562 0.967173934 0.573718131 0.119665384
    0.784005582 0.0906727016 0.421606302 0.238426328 0.749825537
    0.765017033 0.312379956 0.780962825 0.893950343 0.591385186
    0.393980175 0.393063992 0.325599819 0.466530383 0.334579349
    0.597332001 0.192385703 0.822143793 0.877700806 0.947766781
    0.307130575 0.299295604 0.312760174 0.651345551 0.990187764
    0.391739815 0.566734016 0.971900403 0.199384481 0.840700626
    0.992218792 0.169492394 0.514525652 0.175976634 0.102006286
    0.925886273 0.774288356 0.480801374 0.84632647 0.404621989
    0.818964243 0.694784462 0.776460767 0.71757102 0.635525107
    0.907850146 0.170723498 0.769178867 0.910977125 0.545073152
    0.812241256 0.512722135 0.799145699 0.511755168 0.920027733
    0.14073807 0.44480589 0.843402445 0.645177722 0.104606718
    0.343916535 0.512434065 0.763053536 0.660410941 0.463518828
    0.871242285 0.236751735 0.208177805 0.0618006587 0.510582387
    0.21123749 0.118259579 0.635085166 0.206002831 0.131544411
    0.505113423 0.106173426 0.59614557 0.667925835 0.755751371
    0.817637682 0.63931036 0.795536995 0.0936804116 0.432641923
    0.741045654 0.458604962 0.26888299 0.568288207 0.786859751
    0.694502711 0.861743748 0.592917442 0.0920434296 0.348481774
    0.152003706 0.503490925 0.676885068 0.719467342 0.328550905
    0.7708323 0.475040346 0.49746123 0.629813015 0.329741389 0.854951978
    0.09396258 0.439520121 0.36800167 0.96976614 0.836621404 0.943959951
    0.17007938 0.487090826 0.471871644 0.594194829 0.620532334
    0.730899096 0.506958663 0.434261113 0.393283576 0.17863059
    0.813544214 0.800601184 0.464148194 0.923602462 0.921191573
    0.907950163 0.440340698 0.693314075 0.301622689 0.617768824
    0.372743547 0.269526601 0.727771759 0.164331883 0.957234025
    0.553817451 0.230186611 0.939231217 0.208083332 0.743377626
    0.476309389 0.652799487 0.857596159 0.508668244 0.273916066
    0.232771277 0.686424077 0.509106755 0.0115444064 0.866684973
    0.868196368 0.335695565 0.885035753 0.105911374 0.127734542
    0.98781532 0.856525421 0.950778484 0.727907836 0.349353671
    0.58397913 0.113830656 0.345466971 0.224429876 0.0994384587
    0.417464584 0.712670207 0.528172195 0.683354497 0.661290467
    0.286040723 0.113073498 0.246141165 0.828023911 0.325846612
    0.188197106 0.495296985 0.573072493 0.090945065 0.3760764
    0.866223812 0.321704984 0.847072601 0.708744287 0.833343446
    0.348225653 0.427122951 0.653332353 0.942051411 0.135566145
    0.508032084 0.463323802 0.500798702 0.0654818118 0.542605817
    0.354492784 0.811619282 0.508857787 0.308292449 0.195021063
    0.0273677707 0.596274078 0.793210745 0.159263164 0.971588731
    0.197012603 0.89264065 0.218832523 0.0294078588 0.21150896
    0.276958525 0.358057261 0.707075357 0.146203518 0.646884143
    0.0511994362 0.770650268 0.813216448 0.096476227 0.275218129
    0.823445201 0.711949825 0.638111353 0.41730842 0.0254945457
    0.934878588 0.98804307 0.617339253 0.0641935766 0.229381263
    0.891372085 0.504676759 0.343251169 0.585994959 0.0829284191
    0.172625095 0.192013681 0.348631024 0.919338942 0.629281998
    0.433191448 0.023462683 0.859396517 0.047319144 0.225205004
    0.336195588 0.723072886 0.356714845 0.941354394 0.634012282
    0.387994111 0.832377553 0.875931859 0.600741804 0.0609675944
    0.755256355 0.144364417 0.630395532 0.861622214 0.152757287
    0.015101701 0.77588594 0.303584307 0.169304043 0.990424931
    0.113505602 0.215277612 0.62181437 0.132295668 0.0557729304
    0.216685265 0.096227169 0.957601488 0.969052374 0.429077268
    0.938968897 0.476844072 0.922918916 0.946844757 0.999011636
    0.99701798 0.944717288 0.430611998 0.159194618 0.481250912
    0.80697763 0.127166986 0.699950516 0.766170621 0.529658139
    0.585603297 0.0388104022 0.879177749 0.107754648 0.24373132
    0.151412845 0.710182786 0.156492382 0.304662377 0.181387246
    0.180071831 0.453884184 0.0105544627 0.373870134 0.871474028
    0.415970653 0.4601717 0.557690501 0.569780767 0.375165343
    0.203458726 0.385672063 0.951384544 0.979842544 0.617943585
    0.642788887 0.492601335 0.135193944 0.751567483 0.737014532
    0.39008224 0.945932984 0.235208184 0.906723142 0.671481371
    0.310832202 0.373030007 0.261508822 0.0208878815 0.500835001
    0.640515864 0.6325472 0.90496403 0.0694658756 0.159976482
    0.301832318 0.14256689 0.864242077 0.454810143 0.429135054
    0.372182846 0.742218137 0.3407619 0.512096703 0.556144774 0.14877075
    0.094021827 0.874060392 0.488494694 0.480830342 0.177746117
    0.962227702 0.151149511 0.88386035 0.189307421 0.452005029
    0.201033413 0.354213864 0.722103119 0.750539541 0.0543453693
    0.856292844 0.159536868 0.368543684 0.0530947149 0.0224782825
    0.988626957 0.297761232 0.0929579735 0.219344825 0.811634421
    0.273470819 0.767387271 0.0805879235 0.612699509 0.48116827
    0.367758304 0.978510678 0.409202754 0.887344301 0.166472703
    0.795121551 0.162326008 0.160638422 0.230065554 0.127182215
    0.0704671144 0.794432998 0.0421578288 0.943983734 0.107214451
    0.383897632 0.506798208 0.546534538 0.1732544 0.30972302 0.695603549
    0.746283352 0.69183445 0.747789085 0.380671084 0.229520142
    0.480562657 0.597596765 0.83515352 0.631191075 0.738934875
    0.818791509 0.275413394 0.798887014 0.254791826 0.302047759
    0.535104096 0.457497835 0.568008184 0.634122491 0.667175174
    0.121188015 0.944828808 0.151020736 0.763709307 0.858131051
    0.134654105 0.789443851 0.671165168 0.0753824413 0.765988588
    0.495506853 0.0702481568 0.697227359 0.565918744 0.314762384
    0.634275556 0.69577837 0.834802747 0.872665882 0.606451333
    0.655655921 0.134948164 0.637393355 0.847635388 0.0543807447
    0.631450593 0.203239202 0.0698350668 0.266461253 0.576221347
    0.0480419397 0.987137079 0.496319264 0.381983042 0.713076532
    0.777541637 0.83338058 0.821576178 0.682329893 0.401790142
    0.217865348 0.00274991989 0.00234106183 0.104544371 0.817268372
    0.455112725 0.834719181 0.893473268 0.693569005 0.050301373
    0.242744595 0.724942923 0.866564512 0.940378428 0.846042037
    0.0976864994 0.532879114 0.297086895 0.736956 0.256197572
    0.668001473 0.392534167 0.0856884718 0.458786964 0.0295824111
    0.102434069 0.238443762 0.77525866 0.179073095 0.404556453
    0.231749177 0.912763476 0.110151261 0.0406842232 0.166136771
    0.80428648 0.486320198 0.136712015 0.419651061 0.00585016608
    0.967973113 0.664776444 0.559460878 0.554185808 0.435490668
    0.339821815 0.384143412 0.519460022 0.935288668 0.0827367604
    0.184155017 0.473859072 0.254052997 0.738271058 0.696872711
    0.993110478 0.382678449 0.213943303 0.481920242 0.914741158
    0.882184625 0.64062202 0.317900479 0.524798155 0.6390239 0.734745443
    0.481370717 0.898331523 0.226683497 0.850540876 0.890310168
    0.136335254 0.0947600603 0.514747798 0.926548481 0.820103526
    0.46464777 0.51541537 0.946716309 0.559568822 0.0874317884
    0.48063314 0.132220417 0.862019718 0.429041028 0.804829836
    0.18335098 0.499902576 0.755167961 0.369171083 0.0410256088
    0.39239186 0.62433821 0.519997478 0.0078933537 0.0180759728
    0.636692286 0.884540319 0.0913312435 0.486728758 0.562071443
    0.317616463 0.761040866 0.170641363 0.67143774 0.684652209
    0.741714478 0.560162365 0.962182283 0.546176434 0.941642404
    0.0322856009 0.919474304 0.572161138 0.715864182 0.532401741
    0.854646206 0.776852727 0.75812006 0.293050706 0.650291264
    0.668879986 0.741768718 0.169550568 0.297500372 0.565370619
    0.223748684 0.924723983 0.865377665 0.0972363055 0.693479955
    0.962680936 0.162876099 0.468688518 0.577193737 0.214650005
    0.0946627855 0.0135258138 0.957403898 0.231142253 0.666878819
    0.151323348 0.554974675 0.668816388 0.0914461315 0.867884934
    0.275283158 0.496532023 0.42876783 0.373354465 0.0930430293
    0.0785096586 0.199610114 0.553505301 0.395957172 0.586741686
    0.886124253 0.111915052 0.926359534 0.977972269 0.336564302
    0.711402357 0.523355365 0.222921193 0.200535566 0.526394904
    0.618658662 0.413684875 0.266406715 0.686228573 0.88262713
    0.913514674 0.214523375 0.898855865 0.238984942 0.250222445
    0.747389495 0.373468369 0.423692316 0.796252012 0.970065713
    0.35240522 0.385683924 0.490339994 0.518542409 0.644339919
    0.668162942 0.532111466 0.0670596659 0.747007728 0.951597631
    0.45341745 0.82813096 0.347164243 0.196633399 0.356773674
    0.364720166 0.0324031413 0.789765775 0.640831411 0.766373336
    0.973834634 0.153864831 0.782279611 0.528323531 0.330352306
    0.674484968 0.633404315 0.225440592 0.955501914 0.147518516
    0.0943092108 0.308517575 0.633589864 0.152011395 0.417510033
    0.169429332 0.505973935 0.061409086 0.976170659 0.419714659
    0.922202528 0.321701199 0.815047264 0.064312607 0.100866884
    0.571455598 0.568487883 0.86440897 0.160402656 0.115767539
    0.679735482 0.460258961 0.761380196 0.378278553 0.710465074
    0.886200726 0.818214953 0.157692164 0.538631856 0.703651071
    0.988037586 0.161218673 0.221519917 0.598716617 0.916499019
    0.605372012 0.852115691 0.654304504 0.81878376 0.764441371
    0.014493674 0.488217652 0.625325739 0.261772394 0.143085301
    0.339305699 0.544768453 0.473683149 0.222315341 0.130762309
    0.299155474 0.111302286 0.156471252 0.552277327 0.985967875
    0.935318112 0.821687937 0.0714426935 0.112575918 0.577542305
    0.138380051 0.00630176067 0.160106212 0.637982368 0.613458872
    0.778158188 0.115299195 0.115770549 0.745704532 0.000459671021
    0.874086618 0.864101112 0.877253413 0.374729127 0.587707758
    0.713052094 0.551184416 0.588441312 0.339511305 0.452026486
    0.909771264 0.486544847 0.431837112 0.473231763 0.546821058
    0.830015182 0.150556624 0.524221778 0.897801638 0.635460794
    0.247971624 0.0105576515 0.390776068 0.304719299 0.660007119
    0.859479845 0.239621222 0.0316590965 0.177720398 0.502751112
    0.18805629 0.33471477 0.521712661 0.471764773 0.762244463
    0.964273214 0.0864098072 0.468614936 0.106589645 0.586231053
    0.222360492 0.25490576 0.249848932 0.632835865 0.407104909
    0.878031254 0.203324169 0.0565125942 0.121087164 0.950146317
    0.189014673 0.615136266 0.625444531 0.800979495 0.348611563
    0.120416224 0.4637779 0.775232911 0.042568773 0.0667514503
    0.633128881 0.907804191 0.415717006 0.116631746 0.498148561
    0.174196213 0.396327496 0.861119032 0.492571294 0.162336737
    0.526992559 0.0723464787 0.139107645 0.303439587 0.882426679
    0.480751574 0.0752373338 0.756100416 0.615930319 0.135449231
    0.394182444 0.108207196 0.0182921886 0.195531696 0.584218323
    0.123546153 0.949841022 0.0186602473 0.608283222 0.384763479
    0.918418288 0.728043377 0.431564182 0.0454081297 0.708898485
    0.548769712 0.490225285 0.887719154 0.882908821 0.255015999
    0.565237284 0.319856524 0.558112741 0.0123853087 0.123733908
    0.83616066 0.88821882 0.31809783 0.15964523 0.114942044 0.383173734
    0.232182205 0.501180828 0.0268018544 0.400151908 0.582984805
    0.496581644 0.616023421 0.122596443 0.768290222 0.0223781765
    0.557078481 0.920484662 0.50739193 0.794386625 0.584254026
    0.16905126 0.867105722 0.442433983 0.144438446 0.671385348
    0.133605182 0.468806237 0.053809911 0.67745173 0.835851192
    0.0425487459 0.144248396 0.976871908 0.905583024 0.990245342
    0.974753857 0.173668712 0.767196655 0.53813827 0.513244092
    0.294556677 0.00756525993 0.192372262 0.839276075 0.2570104
    0.568126082 0.838268161 0.225727737 0.779774606 0.353351176
    0.541222215 0.798536122 0.648800194 0.43528223 0.923069239
    0.726320565 0.633853018 0.243220448 0.137254387 0.992089689
    0.660184324 0.0775547624 0.659769952 0.933173776 0.848798752
    0.551846862 0.360744476 0.843184233 0.960081816 0.521108806
    0.59428525 0.736582696 0.309300303 0.0450880527 0.981951594
    0.749616981 0.510593832 0.960129499 0.250944644 0.0986942351
    0.151064664 0.519574344 0.466182828 0.769072711 0.45797804
    0.443272591 0.666698396 0.647488952 0.91267556 0.870681405
    0.622065902 0.992584348 0.575962484 0.586840332 0.39131999
    0.623595953 0.33657676 0.998735666 0.232492656 0.112629384
    0.683955908 0.955833554 0.358364522 0.220563322 0.736863673
    0.519431949 0.988499224 0.984533429 0.103537977 0.749887466
    0.742355883 0.494807124 0.440912634 0.0663394928 0.516657233
    0.258525968 0.865157187 0.316176981 0.302163601 0.451488525
    0.236063629 0.932595015 0.618996799 0.0176508725 0.948613226
    0.075979054 0.890517592 0.235547483 0.708317041 0.590304136
    0.132823259 0.243661702 0.549830556 0.065014571 0.705003619
    0.336075902 0.330012709 0.728481591 0.0104261041 0.939000487
    0.423301905 0.89552331 0.660743475 0.617357612 0.128262818
    0.12771979 0.516616881 0.990309834 0.0249545276 0.885370851
    0.0853016973 0.894963026 0.816681981 0.95149529 0.172610968
    0.595498919 0.589876056 0.874632895 0.640995681 0.579732239
    0.632982314 0.634151459 0.790310979 0.912897348 0.829778671
    0.826008916 0.266807616 0.658765495 0.115080059 0.0134459734
    0.523665905 0.69044137 0.937945604 0.673215806 0.243266493
    0.176380724 0.962690055 0.337023318 0.896771491 0.793137431
    0.263284922 0.106145293 0.251169622 0.76266402 0.157190412
    0.996747494 0.344302714 0.279694736 0.403799921 0.11943379
    0.0636087954 0.0393210053 0.93584305 0.0458377004 0.717180312
    0.571642756 0.127584785 0.938957095 0.0382349789 0.147651225
    0.860670447 0.770439863 0.852132559 0.404057831 0.0928436518
    0.658359706 0.0707456172 0.759872556 0.655251861 0.616908073
    0.959495664 0.534140944 0.322940201 0.434119523 0.937724411
    0.740316391 0.531913877 0.872323394 0.0591239631 0.0465773642
    0.338473737 0.987389028 0.857054174 0.481631458 0.165528715
    0.200973362 0.675642848 0.21347785 0.946954846 0.300977081
    0.47829923 0.237703711 0.482137531 0.884514093 0.36267224
    0.117415965 0.88242197 0.501313567 0.618700504 0.66362685
    0.237820238 0.00210687518 0.857313216 0.76811552 0.911837995
    0.883597255 0.0558659434 0.754740596 0.311484933 0.219350338
    0.110035568 0.192324996 0.709036291 0.849087834 0.0644975305
    0.326948524 0.283527583 0.501853585 0.792509794 0.900856972
    0.426346421 0.877589583 0.627275944 0.0289123058 0.264160693
    0.153621435 0.48440975 0.329937577 0.310686052 0.0988200903
    0.997935891 0.578602195 0.78530252 0.775154948 0.602849483
    0.251909256 0.170699358 0.338950694 0.0180645585 0.935717404
    0.800075531 0.376380682 0.455433071 0.707167268 0.134997576
    0.980808854 0.66621542 0.64400959 0.915748835 0.683526397
    0.189082503 0.0099106431 0.824692726 0.707490683 0.303788483
    0.637185097 0.577450871 0.214093029 0.0777606964 0.642447889
    0.57551837 0.309750021 0.192173392 0.210987598 0.878421843
    0.542213261 0.874088585 0.3154791 0.108950526 0.671423435
    0.653211713 0.175244927 0.910473049 0.761278987 0.744352043
    0.553908169 0.907456875 0.150413334 0.690758228 0.141481638
    0.00358375907 0.161338121 0.40800032 0.187547088 0.772578418
    0.353756338 0.570439339 0.873829603 0.74287045 0.190004528
    0.693306088 0.728387952 0.981639802 0.613937914 0.298225492
    0.961971402 0.868118227 0.818653584 0.0557949841 0.404579639
    0.189609408 0.960988343 0.804108322 0.682000756 0.533519328
    0.721758783 0.32682544 0.465216011 0.0345976353 0.324654579
    0.929805398 0.720569849 0.190428287 0.686744869 0.650675714
    0.766233921 0.893259287 0.598187447 0.545657516 0.0582948029
    0.843545437 0.397151947 0.593402267 0.444329023 0.562424898
    0.724028349 0.594188154 0.37355566 0.0756356716 0.943233371
    0.0407594442 0.907035708 0.467786133 0.53135103 0.625096738
    0.401667237 0.478458315 0.739425302 0.148713529 0.936381578
    0.593226254 0.124210566 0.436428726 0.246635914 0.597920418
    0.28430593 0.387951136 0.820002437 0.733796418 0.0759465694
    0.921199679 0.551598668 0.886394978 0.429050863 0.564158678
    0.43948409 0.60233444 0.735284388 0.0160155892 0.469367564
    0.607468307 0.928114772 0.171156913 0.460988611 0.595605552
    0.0131628811 0.716639996 0.695439935 0.827303529 0.990596116
    0.782193422 0.334553659 0.548421144 0.803602934 0.265381724
    0.760141253 0.16764462 0.139177322 0.361532629 0.189032704
    0.883616209 0.916974306 0.161177427 0.0838527977 0.347277999
    0.845939517 0.190434366 0.457033038 0.258168101 0.582801521
    0.794601142 0.000968456268 0.62757206 0.943191886 0.545085251
    0.293660164 0.598830938 0.892779768 0.2748757 0.287468404
    0.435079098 0.247091025 0.761707306 0.911163867 0.282851219
    0.34207654 0.18254447 0.648467839 0.706125021 0.0388660133
    0.0740522444 0.17111057 0.634735763 0.737043917 0.589634836
    0.774232328 0.225035459 0.818950117 0.0509067178 0.101598591
    0.550028801 0.947899163 0.828495026 0.652714729 0.341774523
    0.289569587 0.675207257 0.344717383 0.341658175 0.849037766
    0.20259428 0.589443326 0.517510772 0.470239878 0.791788816
    0.0847957134 0.491980821 0.177146792 0.969991565 0.48319757
    0.034298569 0.498313516 0.553079724 0.631403506 0.320507407
    0.0734938383 0.392368376 0.765020192 0.482487082 0.234259337
    0.0155520439 0.389975876 0.33402288 0.883131683 0.181948483
    0.0985364914 0.858180523 0.248015761 0.85055542 0.780182242
    0.23610118 0.757938921 0.174047768 0.654971719 0.852576494
    0.392640978 0.336834788 0.654669642 0.0872319639 0.475201488
    0.690833688 0.681391299 0.0888585448 0.637969255 0.554465234
    0.223137379 0.810058713 0.439513415 0.572250724 0.249955833
    0.776479602 0.892775893 0.807731628 0.789617419 0.766802311
    0.0704908669 0.783102572 0.0383938253 0.954599619 0.906526327
    0.506947756 0.383709431 0.0231836736 0.499353409 0.927433848
    0.489751637 0.813466609 0.450093031 0.408067524 0.761284709
    0.908777595 0.54209137 0.821910977 0.314748734 0.604937494
    0.532548308 0.611029685 0.355159879 0.0141902864 0.0559333265
    0.921259999 0.835872054 0.156030744 0.148038119 0.423000157
    0.326212227 0.725432217 0.0528149307 0.535475016 0.33472985
    0.292023093 0.0449133217 0.626046777 0.0499383211 0.349196792
    0.379012108 0.676598549 0.875157595 0.873462498 0.219067603
    0.626030445 0.79701364 0.821607471 0.999058068 0.333879262
    0.990066528 0.6666978 0.36989972 0.923274636 0.277031898
    0.0336823165 0.462059945 0.883673072 0.5159989 0.437957376
    0.614677131 0.992424607 0.595815361 0.462047756 0.340661347
    0.108209282 0.633233547 0.133332163 0.0955654681 0.242990315
    0.641440511 0.143236667 0.439054549 0.193699628 0.812635779
    0.855945051 0.665644646 0.850779474 0.0257516205 0.334671885
    0.57594341 0.0450337529 0.822474122 0.116286665 0.534382463
    0.556323051 0.873959661 0.967592359 0.81008029 0.818694353
    0.446817189 0.956019521 0.0482420623 0.537025988 0.654132009
    0.793049812 0.623398185 0.475691289 0.965138316 0.365316451
    0.569574475 0.286391079 0.567925036 0.147446632 0.896236181
    0.0198466778 0.0423047841 0.723463714 0.314659059 0.927234292
    0.0593498349 0.307328522 0.157834142 0.0502254367 0.851215124
    0.596290171 0.474397629 0.859432161 0.553703964 0.391327262
    0.559677899 0.877261281 0.00831386447 0.401257366 0.801512241
    0.0709835291 0.306096494 0.233694881 0.450100392 0.698279142
    0.503943801 0.116810024 0.837046623 0.863772988 0.476507574
    0.510971248 0.0151288211 0.0863396823 0.330483317 0.238671035
    0.992338896 0.0238404572 0.538854539 0.960452676 0.79781878
    0.882630348 0.358103991 0.959785998 0.977295041 0.895649254
    0.415532947 0.590889931 0.218328863 0.565679252 0.0671319067
    0.269118607 0.637990534 0.0643416941 0.485846847 0.821405888
    0.0261092484 0.571255624 0.171002001 0.892457008 0.534020543
    0.914203286 0.971455097 0.0167469084 0.294510245 0.308724046
    0.80187273 0.524367034 0.852516055 0.831830025 0.125320822
    0.925974965 0.688664079 0.32936421 0.46213907 0.656017423
    0.387350798 0.726529539 0.638656795 0.962331891 0.138370425
    0.753962517 0.213489085 0.453508645 0.462780148 0.588120222
    0.224802524 0.362995416 0.900960445 0.0680467784 0.143437803
    0.971073389 0.0903080702 0.486620158 0.759277284 0.866345406
    0.445374578 0.764989614 0.908888102 0.937066436 0.342392445
    0.183166623 0.905812979 0.996678233 0.777911127 0.889780283
    0.221817136 0.987379074 0.365621567 0.84070462 0.412515074
    0.957047701 0.988665462 0.617757559 0.603032231 0.346952975
    0.313601553 0.88926208 0.310646653 0.428565979 0.861244917
    0.0967859328 0.393339485 0.376710683 0.836396575 0.400927961
    0.247291267 0.011048317 0.312139928 0.943291962 0.69539839
    0.952958584 0.512653649 0.0148721039 0.168857217 0.963118196
    0.0256100595 0.382481843 0.795026422 0.226554066 0.74240154
    0.623778701 0.981259823 0.0355120003 0.816046119 0.45764792
    0.460493475 0.475212246 0.0483160913 0.687663078 0.11430794
    0.387043536 0.526414454 0.346390426 0.43381387 0.577980042
    0.01150769 0.346912175 0.102308869 0.999026239 0.597675741
    0.562571585 0.108757496 0.983120441 0.94973284 0.539371192
    0.764374614 0.789373934 0.018212676 0.58066088 0.593300581
    0.42152375 0.401950061 0.563629985 0.822707772 0.196355969
    0.917310119 0.622239888 0.370066762 0.762130022 0.0132171214
    0.257870793 0.58271122 0.582608521 0.698882103 0.344379187
    0.666685462 0.429639846 0.150424123 0.226942092 0.420661271
    0.232440561 0.627841532 0.106517375 0.397815377 0.149932891
    0.588699877 0.330627859 0.804467797 0.0727844834 0.632449567
    0.231064677 0.759455085 0.742957354 0.84821105 0.133170545
    0.559105814 0.903813124 0.176989257 0.00999242067 0.952941895
    0.426429182 0.301630199 0.618425131 0.475816846 0.235345662
    0.642546177 0.78932941 0.331504464 0.920938849 0.428828239
    0.733210087 0.461475819 0.944503903 0.452554584 0.488422751
    0.636853874 0.843308449 0.174010247 0.90138042 0.203209102
    0.413549572 0.800932825 0.144642413 0.838029563 0.412797719
    0.73380965 0.194465935 0.523228526 0.0625368655 0.594024599
    0.66946584 0.151484698 0.82412678 0.0758826435 0.451132745
    0.638632953 0.621670008 0.626948237 0.536815763 0.183807135
    0.766466618 0.545226395 0.599589109 0.795032144 0.810815811
    0.922291517 0.00977623463 0.793490946 0.463679999 0.281190574
    0.536927581 0.965099335 0.248788118 0.6616503 0.413552582
    0.0530376732 0.805343628 0.204493016 0.36933437 0.365921736
    0.269498348 0.448586583 0.913325131 0.590863287 0.415970773
    0.0769448876 0.413462788 0.25584203 0.846926689 0.846372068
    0.300593793 0.490806043 0.245944262 0.74678731 0.539794505
    0.722930312 0.102040172 0.251318395 0.359390974 0.572788 0.533659637
    0.808382988 0.423867345 0.460057646 0.864093661 0.890538573
    0.249595761 0.333811045 0.909031212 0.261399031 0.391076416
    0.380135149 0.512605846 0.151422024 0.465473354 0.41175133
    0.390802354 0.978402138 0.515961945 0.19443208 0.670353591
    0.595030308 0.822921634 0.54658258 0.288330674 0.554001927
    0.0696558952 0.00324568152 0.765832126 0.919431567 0.20764631
    0.0126883984 0.310043216 0.130023539 0.716350913 0.0148563385
    0.448241949 0.680701494 0.68139416 0.204998225 0.495257556
    0.130454779 0.863644719 0.0315996706 0.374937356 0.259468913
    0.415670246 0.695407987 0.00622546673 0.0990198553 0.186010122
    0.609498262 0.850478292 0.581149101 0.169914991 0.695680022
    0.0456183553 0.509994149 0.854011476 0.85642159 0.0981636345
    0.0433219969 0.941236854 0.656768978 0.0234218538 0.737343311
    0.474983722 0.454251617 0.931230307 0.60804224 0.0487349033
    0.731893063 0.317056179 0.560169041 0.950365007 0.862769902
    0.0946571529 0.305250794 0.931892395 0.347381532 0.0925707519
    0.641234219 0.553395331 0.416336358 0.272097439 0.678088903
    0.0394719839 0.805942655 0.319087982 0.0512962043 0.137950987
    0.112310767 0.687487721 0.810731292 0.347429156 0.691651165
    0.706536353 0.0435398519 0.981579542 0.0498420596 0.265516758
    0.494400293 0.041665405 0.0942238569 0.513091624 0.0982411504
    0.326971203 0.166545451 0.483862102 0.743053079 0.473462641
    0.127477884 0.703677714 0.574921489 0.0952568352 0.421278298
    0.522664547 0.0795616806 0.147370011 0.792699337 0.940232754
    0.591583073 0.549917698 0.161269397 0.782374501 0.90564245
    0.0594688952 0.878646076 0.217608571 0.661839962 0.987770975
    0.186644614 0.226868123 0.118124127 0.939009726 0.273240954
    0.636956275 0.806659579 0.0284427106 0.802849531 0.0633245111
    0.810720444 0.952612162 0.209973782 0.0403938293 0.357503802
    0.734769702 0.497736722 0.280212224 0.0186448693 0.92410177
    0.495619744 0.128149241 0.320872307 0.879327774 0.509455085
    0.230975807 0.735061526 0.586385608 0.687777519 0.942095041
    0.573227823 0.663626969 0.781786442 0.36944145 0.232579499
    0.169975817 0.704755425 0.683992505 0.980097532 0.25063628
    0.0106305182 0.486110955 0.935873449 0.999892712 0.353530407
    0.607639194 0.333826482 0.295069933 0.778247774 0.439337343
    0.933300614 0.635268331 0.672440171 0.656354308 0.296146661
    0.950252056 0.694820762 0.72614783 0.730189979 0.884711802
    0.0300169289 0.0691358745 0.326166689 0.181807011 0.714633346
    0.110649467 0.576462626 0.415834665 0.413442105 0.634595394
    0.226403028 0.822733819 0.40982908 0.689732611 0.674027681
    0.236805648 0.4015899 0.895715594 0.68385148 0.605137944 0.826233685
    0.462465614 0.306533217 0.361334801 0.944114208 0.481891036
    0.811842322 0.199128568 0.713362813 0.939728856 0.0852432251
    0.136715859 0.0321907401 0.682611048 0.770631671 0.410345227
    0.199039638 0.0192136765 0.316288114 0.749624193 0.00765398145
    0.466864169 0.797772527 0.148082376 0.256056964 0.696020961
    0.490791589 0.888688207 0.178463131 0.557613611 0.432622701
    0.308045328 0.154557288 0.233104706 0.248901427 0.49878484
    0.577658236 0.436327755 0.455518782 0.334712148 0.0372032523
    0.461845934 0.953640461 0.09829849 0.769127488 0.407268018
    0.216456234 0.65226984 0.230458349 0.867746353 0.608743846
    0.850729406 0.163431317 0.0130344033 0.494200259 0.227570951
    0.776443839 0.610249281 0.823650122 0.391553879 0.728334665
    0.752809167 0.0258399248 0.217171907 0.66889745 0.626422465
    0.6132918 0.518916488 0.492744982 0.078155458 0.587705016
    0.428639531 0.00621646643 0.663291693 0.210413069 0.0646808445
    0.095556885 0.157241464 0.967250347 0.843630791 0.334085852
    0.856462002 0.83220768 0.92726922 0.0164545476 0.778918326
    0.876442492 0.596946299 0.377258778 0.430394292 0.927617788
    0.805019379 0.531807423 0.497946501 0.318430722 0.444283605
    0.892673373 0.150811732 0.788479567 0.414876461 0.697643399
    0.0885870159 0.963854432 0.791610956 0.712914586 0.127908289
    0.829437792 0.101502776 0.885656536 0.321807504 0.625327468
    0.522540152 0.223039329 0.651963532 0.494764388 0.72831285
    0.141967326 0.920945287 0.379375637 0.0109958351 0.605748475
    0.725200951 0.82859683 0.82989949 0.275466383 0.141785324
    0.329867482 0.160394073 0.425487339 0.852463961 0.661647141
    0.0575810075 0.0359632671 0.0826279521 0.79505837 0.586802065
    0.640057027 0.745065451 0.447495401 0.197830051 0.495169729
    0.399385005 0.562318444 0.184094995 0.995060861 0.469373763
    0.519761384 0.426793545 0.854787111 0.859833062 0.524888337
    0.519649565 0.82162869 0.968977511 0.184253424 0.946028709
    0.868213534 0.572788477 0.557010591 0.704047918 0.015302062
    0.3310799 0.813287973 0.405839503 0.00323942304 0.822772026
    0.634993851 0.467524141 0.314262778 0.689407349 0.249641061
    0.28892988 0.410498172 0.024367094 0.44738543 0.819207847
    0.758315206 0.628720999 0.697971225 0.155555964 0.718290985
    0.76162529 0.418727487 0.850421786 0.0623272955 0.151219606
    0.465193331 0.254940212 0.0868588984 0.78433919 0.324475259
    0.64712137 0.448907793 0.257946134 0.281380951 0.976374149
    0.228256971 0.720263541 0.612626076 0.869789839 0.742860317
    0.0609565377 0.296796262 0.108923495 0.940495133 0.220021337
    0.223752558 0.0771641433 0.799671173 0.186748326 0.572942078
    0.698295593 0.323426187 0.772837579 0.40435642 0.451590031
    0.431713879 0.242187142 0.460875362 0.184766293 0.0301423967
    0.327630937 0.32240063 0.061116457 0.577922702 0.785226345
    0.0984295011 0.538033307 0.896288395 0.842974663 0.384203732
    0.0398471057 0.943275094 0.992413282 0.262527317 0.419292033
    0.0413995981 0.19177264 0.451318711 0.975679994 0.0252036154
    0.885550618 0.492717236 0.475735188 0.350218475 0.504114985
    0.383941442 0.0636941791 0.687772572 0.308646947 0.270263553
    0.812491119 0.782293618 0.265326977 0.736939251 0.101310164
    0.296449602 0.288883597 0.613256454 0.512600422 0.14959538
    0.365010679 0.961599588 0.105231702 0.36753872 0.619627714 0.9173702
    0.950274706 0.121252209 0.0103672445 0.62827605 0.0215529501
    0.784121871 0.920070767 0.292098701 0.790276408 0.820244193
    0.686232984 0.681894779 0.392234683 0.643279433 0.397713244
    0.489511311 0.0171294212 0.22637555 0.380237132 0.702161789
    0.479582906 0.897880197 0.32919541 0.144927472 0.340684444
    0.716666102 0.431732088 0.324917674 0.910123408 0.880314589
    0.888266325 0.248498678 0.339227289 0.436796278 0.219648957
    0.398654073 0.764694989 0.131927967 0.929934382 0.955814362
    0.291386187 0.620057881 0.743991971 0.0929440558 0.834967196
    0.735020101 0.0287407041 0.906952977 0.47961387 0.818098068
    0.604423344 0.182220221 0.900235653 0.56077981 0.635795414
    0.883919597 0.201904535 0.550579965 0.677904606 0.625453174
    0.220144749 0.342071056 0.0379164517 0.640446544 0.915575743
    0.21329391 0.644065857 0.760053515 0.759526491 0.0347512662
    0.750619411 0.62669456 0.583914697 0.968741536 0.688348413
    0.902853131 0.251594841 0.919458926 0.96197772 0.084733665 0.9917624
    0.253315032 0.675023198 0.374317974 0.473110676 0.328805387
    0.64972055 0.309960008 0.182080209 0.384968102 0.230810553
    0.221091896 0.675504625 0.125915498 0.705839753 0.975287676
    0.996382117 0.801036537 0.9664253 0.212172389 0.24352476 0.905113101
    0.409157693 0.0810569227 0.757641792 0.165180773 0.345844805
    0.568892479 0.539554596 0.305163085 0.466183484 0.770001531
    0.888169885 0.0933996439 0.665804744 0.267110109 0.277641445
    0.952865958 0.940428615 0.26102975 0.384955168 0.0905634761
    0.388720274 0.485015869 0.0900921822 0.584438503 0.00581970811
    0.602300406 0.932316899 0.318263531 0.121590406 0.248843193
    0.418694317 0.139048874 0.288155079 0.834374666 0.0284412205
    0.761400163 0.485245496 0.71367979 0.13180542 0.168714941
    0.771578908 0.819182992 0.761522532 0.219639927 0.412706077
    0.802901149 0.678819537 0.545798361 0.987429142 0.213053614
    0.920284867 0.165645272 0.391224027 0.207766801 0.70147258
    0.321352065 0.317481369 0.696352363 0.474894434 0.411414266
    0.223469466 0.41572395 0.63144207 0.145461917 0.420313805 0.8607409
    0.527561307 0.428474426 0.628563762 0.343625218 0.306829691
    0.679777443 0.413673282 0.92424643 0.515114069 0.2015315 0.255102038
    0.199795812 0.533701837 0.661489427 0.951128423 0.0431663096
    0.297412843 0.956051946 0.726937473 0.407519549 0.553693593
    0.358367383 0.837438703 0.0211725533 0.165732741 0.669651151
    0.994244456 0.885341525 0.867145538 0.537818193 0.851034641
    0.199480712 0.843770742 0.719089806 0.76818645 0.33752954
    0.0430982113 0.872283697 0.682874799 0.964714408 0.961096525
    0.412328601 0.745152891 0.127366573 0.655046642 0.0487549007
    0.667911291 0.626293063 0.393061161 0.670514047 0.700935483
    0.781429172 0.567620039 0.541365504 0.889268398 0.264167905
    0.308178842 0.840310991 0.051148504 0.0466653109 0.61130178
    0.29551667 0.148701906 0.706136346 0.839436829 0.397067368
    0.41966781 0.95644784 0.984101415 0.190067947 0.045805186
    0.955763102 0.0435250998 0.152341664 0.491320848 0.180414021
    0.0735139251 0.852140665 0.125292242 0.341556102 0.218408734
    0.416042924 0.258548379 0.626130342 0.823893428 0.132429361
    0.991729379 0.340398133 0.713795424 0.163949877 0.0441206396
    0.451992989 0.227740347 0.672426581 0.261477053 0.670881689
    0.315574884 0.537861466 0.01547122 0.749685347 0.87977308
    0.875504375 0.0937585235 0.148577631 0.194235802 0.769244373
    0.176773369 0.176110327 0.275555849 0.891639471 0.0301147699
    0.551691949 0.073831737 0.896096706 0.9788028 0.646128178
    0.968656301 0.246945828 0.838880181 0.204274237 0.53620857
    0.273399919 0.215121508 0.388305187 0.646207571 0.360608637
    0.490219951 0.877722383 0.285835952 0.402877003 0.362174749
    0.955616355 0.956195652 0.640938818 0.774794579 0.538755298
    0.394110918 0.61493516 0.251756608 0.70003581 0.209693879
    0.0122623444 0.463349104 0.762953401 0.694363475 0.434695989
    0.496526212 0.896110892 0.531326234 0.49102664 0.309911162
    0.113918722 0.401228607 0.253493965 0.867390573 0.280691266
    0.921304405 0.215359896 0.525298834 0.820323229 0.720510721
    0.736687243 0.0942075253 0.767932475 0.0824894309 0.373748034
    0.754075885 0.691883683 0.887378335 0.0955741107 0.451627195
    0.482360303 0.426675498 0.619915605 0.509019434 0.90161097
    0.626808107 0.204479188 0.387124062 0.824000716 0.230213374
    0.377865911 0.178284556 0.66240871 0.601567566 0.900566578
    0.337089598 0.657776356 0.846377254 0.448827446 0.22476393
    0.386894226 0.140822917 0.182174742 0.892814338 0.512668014
    0.446313649 0.196002126 0.341269076 0.27837348 0.0746839046
    0.215297192 0.740035117 0.352577865 0.714465082 0.259817958
    0.778827906 0.587886572 0.826292455 0.614516079 0.128401667
    0.527724504 0.146570176 0.796610713 0.39367786 0.497423947
    0.401462972 0.328575909 0.636237025 0.558953762 0.750041008
    0.231027544 0.799291968 0.950690746 0.105713278 0.791771591
    0.569152594 0.820874274 0.294239938 0.0478968322 0.462491512
    0.0163288713 0.161628038 0.92232883 0.475143999 0.866012692
    0.584014773 0.383792609 0.144119054 0.883206367 0.975608587
    0.452540845 0.961783946 0.968366802 0.3596811 0.274651051 0.57834661
    0.536858261 0.318963826 0.513072789 0.313932717 0.682309926
    0.659027934 0.874079764 0.20584476 0.230406612 0.513061881
    0.583237767 0.321753293 0.590927601 0.0356833637 0.330759048
    0.125597507 0.763768673 0.293938726 0.569410086 0.688075185
    0.318095446 0.335912526 0.815367043 0.784904122 0.501019835
    0.995755196 0.916308165 0.250801742 0.724118054 0.419329256
    0.118981272 0.928654015 0.599230409 0.745047927 0.186082482
    0.70792836 0.120328814 0.243285328 0.490397513 0.561510742
    0.886606574 0.129457772 0.979500473 0.451277018 0.631395578
    0.77618742 0.472169816 0.912056327 0.727689981 0.463727623
    0.267733216 0.393921793 0.913542271 0.16973716 0.498566866
    0.827833235 0.207792819 0.293272704 0.504358351 0.846222937
    0.338975012 0.603773534 0.903638244 0.99026382 0.849535227
    0.556588948 0.896736741 0.920896888 0.81446147 0.670283675
    0.514063656 0.291809589 0.509139299 0.819855809 0.350089401
    0.378050923 0.5595209 0.950126052 0.973573208 0.152303338
    0.121977866 0.824352384 0.990471721 0.727610707 0.680740952
    0.0511584878 0.00236582756 0.879268646 0.152508318 0.634188294
    0.463383853 0.628224671 0.84567678 0.749640703 0.227382451
    0.185422927 0.665629029 0.846875906 0.101953834 0.836180449
    0.349166989 0.402866274 0.158189833 0.846636772 0.278654784
    0.804610431 0.693151116 0.917534649 0.682487726 0.0329976082
    0.130462945 0.701324999 0.446366787 0.179338932 0.736884177
    0.171039611 0.806611001 0.961620331 0.239067167 0.156685621
    0.824040473 0.579885662 0.780937672 0.943282962 0.123707652
    0.335101962 0.294181347 0.454366267 0.993772745 0.709586084
    0.473239988 0.410271257 0.0265671313 0.761117339 0.62948215
    0.523922384 0.370601654 0.280079961 0.974079549 0.632187009
    0.95361948 0.0749146342 0.379869491 0.599733531 0.428766102
    0.412682235 0.812961757 0.221859664 0.368386328 0.103308797
    0.871045232 0.277820259 0.807652712 0.122046769 0.541118503
    0.652750254 0.306556612 0.124482632 0.502722263 0.0244175792
    0.470202655 0.199801803 0.958362818 0.846850991 0.00473892689
    0.0998196006 0.302403092 0.421265006 0.144904673 0.569652379
    0.968896866 0.902776957 0.0898434222 0.972948074 0.890761375
    0.477890342 0.0571952462 0.751438618 0.21897766 0.809906602
    0.180205524 0.775755644 0.476452231 0.584305942 0.435825467
    0.0443258286 0.306375325 0.231998831 0.548230648 0.753693879
    0.263014495 0.470849514 0.353424698 0.724947095 0.243003696
    0.535581768 0.982992709 0.232049555 0.158446729 0.618138194
    0.12373209 0.448994696 0.578086138 0.67155236 0.310949743
    0.226132959 0.702971399 0.428605318 0.871610522 0.782573938
    0.810147524 0.00358885527 0.918078303 0.995412409 0.0706957579
    0.93488133 0.00175175071 0.756451011 0.924794793 0.843482971
    0.325451732 0.60830766 0.472845733 0.1952326 0.816499472 0.71487546
    0.860887766 0.668241441 0.382264555 0.166633636 0.838077784
    0.295637876 0.388784498 0.083219111 0.793069005 0.284433603
    0.128724337 0.1016469 0.369212717 0.207949877 0.986801863
    0.849845529 0.252910674 0.236884117 0.752516031 0.434371978
    0.147026926 0.467002153 0.773692369 0.750567794 0.681105912
    0.399554938 0.967878222 0.0122022331 0.883309245 0.213858187
    0.0853387713 0.980861664 0.263930798 0.88135612 0.304497302
    0.899416149 0.417904168 0.453916639 0.851444721 0.766093135
    0.881624818 0.570013285 0.715390742 0.25898236 0.393057525
    0.147186697 0.345365822 0.826214552 0.277127564 0.890622437
    0.938125193 0.897090912 0.712337732 0.79020375 0.184656084
    0.378504872 0.491630435 0.490205437 0.56088537 0.867040455
    0.0570221841 0.177502155 0.921094716 0.79675889 0.297685027
    0.618499637 0.188842773 0.988162875 0.76558125 0.0988965333
    0.992424607 0.463722348 0.821387589 0.778618336 0.0399174392
    0.590454161 0.826827765 0.329595566 0.585282266 0.030475527
    0.973182559 0.0322593749 0.338320613 0.358199924 0.316881716
    0.822785616 0.693227053 0.686714232 0.509241343 0.739110231
    0.367660344 0.170084 0.116960257 0.631897092 0.374217451 0.692765474
    0.854762793 0.399755806 0.595295072 0.0610557795 0.053242743
    0.317456901 0.00516736507 0.0674580634 0.498824269 0.645300806
    0.075386256 0.164333999 0.993449748 0.413427144 0.319085151
    0.910099089 0.608902335 0.850113273 0.764569461 0.690365672
    0.137873888 0.969143391 0.482690811 0.746643305 0.950785398
    0.524558187 0.0660457611 0.0983364284 0.144243449 0.661454737
    0.618787587 0.0852493644 0.270242959 0.713896453 0.908135831
    0.440615594 0.952429533 0.189460397 0.207287252 0.126182884
    0.613335371 0.123236358 0.325813293 0.606380403 0.928360045
    0.125771135 0.403223872 0.508119106 0.162221998 0.23562035
    0.699815273 0.537524879 0.011417836 0.255175173 0.401438028
    0.804763317 0.402811229 0.845954776 0.687715888 0.625846267
    0.548472106 0.815264106 0.409536481 0.00934910774 0.352084547
    0.248494118 0.93740046 0.76541996 0.997678757 0.87749815 0.628501594
    0.165681541 0.473738611 0.553957164 0.816266179 0.451706737
    0.277612269 0.960860014 0.556363046 0.703667521 0.227746129
    0.992723584 0.29595685 0.567108572 0.860243797 0.34233284
    0.261441946 0.872849047 0.213059664 0.546734452 0.171767354
    0.604975641 0.678042769 0.289395452 0.23037523 0.319580466
    0.90523237 0.0891901851 0.529063523 0.400693506 0.995130658
    0.142975062 0.61854279 0.54974699 0.529310822 0.947660625
    0.772198677 0.116423041 0.0966404974 0.422103614 0.380514383
    0.263737082 0.732459545 0.552501976 0.100074023 0.069822818
    0.070284456 0.863211274 0.511736512 0.180974394 0.19232744
    0.173228472 0.896024108 0.129615068 0.115978479 0.498560727
    0.21115759 0.434407145 0.255418271 0.428213686 0.732212782
    0.837413967 0.688869298 0.0845012665 0.918813765 0.845589519
    0.470515639 0.71487391 0.392483562 0.00604143739 0.929255962
    0.35642755 0.961241126 0.751033545 0.492091924 0.298300385
    0.293233752 0.147676736 0.446933985 0.607716739 0.104220599
    0.505651534 0.974122524 0.254980594 0.515105486 0.021220237
    0.8779037 0.624058127 0.312706083 0.142967582 0.489352167
    0.997949243 0.182564884 0.301827163 0.1093674 0.467216045
    0.419008344 0.218963057 0.52083075 0.827389598 0.791479647
    0.378051281 0.137392402 0.665451825 0.000507116318 0.737067699
    0.703753531 0.360494822 0.0485039055 0.628254056 0.48232615
    0.173882097 0.108468413 0.0841735005 0.141009271 0.629200339
    0.183743805 0.201071739 0.728696525 0.446069896 0.914492249
    0.791854739 0.15804708 0.666197062 0.00645717978 0.482917637
    0.770312905 0.753462791 0.510578454 0.600591958 0.439772695
    0.905639768 0.248568684 0.0779267848 0.203158647 0.59280163
    0.295719504 0.608662844 0.645455122 0.988225818 0.342760503
    0.194110662 0.142538846 0.291260958 0.765458524 0.14956367
    0.367558539 0.265149236 0.737163365 0.551388144 0.62477231
    0.890966952 0.915803552 0.958497286 0.0511325002 0.801138163
    0.794980049 0.876073122 0.35662812 0.160945505 0.0772658587
    0.308259279 0.498474956 0.245483249 0.108522892 0.373697072
    0.531984627 0.937372983 0.472480536 0.257008463 0.620854318
    0.119368315 0.189854294 0.546794057 0.32960397 0.768447936
    0.47670579 0.827512145 0.250463903 0.0347051919 0.585788667
    0.30479157 0.461808503 0.715870976 0.140888631 0.879340649
    0.489158571 0.581941187 0.786354899 0.369208574 0.60214442
    0.0898575187 0.996396005 0.121572763 0.280923545 0.175858587
    0.76839143 0.810087919 0.107649714 0.722432613 0.637759864
    0.816463649 0.635577142 0.706638098 0.923386335 0.914100468
    0.229127496 0.717091262 0.310751587 0.987787306 0.357506037
    0.756962895 0.884257674 0.131118447 0.775737166 0.999748051
    0.747518778 0.456960142 0.432418555 0.49720934 0.117043078
    0.117347777 0.414432704 0.294751555 0.243535638 0.385745287
    0.476444572 0.81282711 0.853891969 0.217602104 0.288839757
    0.575425863 0.591758609 0.273655862 0.242451698 0.364147335
    0.495044768 0.851866126 0.342803746 0.487303734 0.418750942
    0.625288844 0.199480444 0.722618341 0.867536664 0.826025188
    0.958140016 0.185302645 0.980648518 0.595069051 0.0401042998
    0.929248631 0.0531757772 0.856051207 0.159897268 0.179962248
    0.364064306 0.945356727 0.0919522941 0.67762804 0.62277478
    0.269079566 0.237816542 0.115250081 0.5673033 0.364832342
    0.955890656 0.529678881 0.667568207 0.362992764 0.373798192
    0.750393033 0.0989064872 0.387623489 0.555050552 0.644840717
    0.504450381 0.547774374 0.235146165 0.281998694 0.402007759
    0.805773735 0.717244387 0.905192256 0.229010135 0.477770209
    0.912764668 0.658872306 0.6911695 0.296516776 0.610184968
    0.465711027 0.849649191 0.771444321 0.816116929 0.780903697
    0.0624699295 0.844753027 0.332056999 0.513647139 0.885357678
    0.684412539 0.150561869 0.566609561 0.191762865 0.233613849
    0.993490577 0.092682153 0.251435101 0.85801208 0.120895207
    0.406429052 0.304357499 0.408877909 0.785205126 0.328219235
    0.581167579 0.993044853 0.140598446 0.560208499 0.755639791
    0.80033803 0.654027283 0.885331273 0.404754519 0.739540875
    0.45648405 0.589166641 0.927885056 0.127467871 0.274827331
    0.947680831 0.342374027 0.655245721 0.136039346 0.691857338
    0.600393295 0.622758329 0.156037539 0.107778609 0.505648792
    0.251962334 0.991955757 0.617042661 0.588660717 0.231599778
    0.0751007795 0.706425905 0.725174189 0.117660522 0.914192438
    0.0164037943 0.840428293 0.389229 0.914235234 0.454458266
    0.317737371 0.0761099756 0.1147753 0.47452572 0.13084203
    0.0478133261 0.653082132 0.0383997858 0.346750855 0.834799528
    0.258395076 0.189561605 0.149199396 0.93741554 0.313856423
    0.127159417 0.837832928 0.246236354 0.955966592 0.650753856
    0.84939307 0.80997932 0.842645288 0.579887867 0.502781808
    0.00375416875 0.0798490047 0.0415484905 0.834056258 0.751130462
    0.702556312 0.315227777 0.672007084 0.639326334 0.227098286
    0.31961292 0.903319836 0.160393029 0.709052682 0.210980833
    0.881472945 0.768192708 0.101176083 0.703446627 0.884451151
    0.982632697 0.764481187 0.0277401209 0.814246178 0.0653670728
    0.783042312 0.309792459 0.746710896 0.662677705 0.470190197
    0.857316136 0.262483239 0.760454416 0.690321147 0.594261527
    0.930603027 0.58308351 0.0151782334 0.2068021 0.485707998
    0.890570521 0.295434773 0.90679431 0.82712698 0.0635211468
    0.289369762 0.523714125 0.605541289 0.791128337 0.99056232
    0.353094459 0.434172034 0.28997311 0.778550327 0.276535273
    0.39385283 0.8085289 0.45553425 0.798384607 0.334244251 0.21579203
    0.123639643 0.294739693 0.719110966 0.226392984 0.24381879
    0.0217582881 0.441366136 0.114321172 0.993372917 0.236417204
    0.402810723 0.129611969 0.489029735 0.26243788 0.337999403
    0.753052831 0.185530514 0.376893163 0.951365352 0.120731413
    0.141077369 0.949672639 0.398881555 0.457632691 0.764613628
    0.9398036 0.353014052 0.697626114 0.58922261 0.632505119 0.319330961
    0.729947925 0.20870924 0.217558265 0.54840672 0.493864417
    0.737679958 0.434979498 0.301167488 0.167871922 0.539961278
    0.295355678 0.965397418 0.589795351 0.43311882 0.0988272727
    0.98200655 0.945432782 0.118975252 0.855351031 0.907655418
    0.487415105 0.0100529194 0.0871474743 0.71998775 0.0202587247
    0.653369606 0.45269376 0.788327754 0.725324929 0.11549297
    0.150749028 0.76772517 0.389869809 0.60313046 0.993914664
    0.553351462 0.642880559 0.736270487 0.79662323 0.634127378
    0.0706753433 0.0826640725 0.209771603 0.928404331 0.561584294
    0.314126402 0.170275956 0.659873426 0.0173901618 0.690249205
    0.0764063895 0.270412892 0.0517067611 0.652318954 0.677237928
    0.805651486 0.415560186 0.992865682 0.676806509 0.244353324
    0.858069599 0.959300518 0.900699854 0.838826418 0.863280416
    0.0258594155 0.5037691 0.097322911 0.414997816 0.0299968123
    0.502547622 0.658214808 0.508083522 0.351070881 0.930452466
    0.444206595 0.519979477 0.724073887 0.178799838 0.268516481
    0.771348119 0.826807559 0.414178371 0.393774182 0.164681911
    0.0569081604 0.191506207 0.85519129 0.305164397 0.374324173
    0.470356733 0.174658477 0.427430034 0.901541114 0.843200743
    0.465421408 0.780045569 0.804286122 0.443926543 0.753822982
    0.322811723 0.601533651 0.745261192 0.0596549809 0.352149665
    0.715521574 0.2687397 0.362438619 0.547431529 0.634078503
    0.764010429 0.378931344 0.271293461 0.789944291 0.899596095
    0.343470752 0.0211800635 0.0982644558 0.664833546 0.705660522
    0.165739059 0.426119864 0.381650269 0.661488831 0.843774855
    0.770664155 0.0597645342 0.838104725 0.648529589 0.862581491
    0.848115504 0.852550983 0.967068195 0.409809589 0.862204313
    0.746122897 0.269870579 0.169517815 0.902094901 0.421946704
    0.918212712 0.535649061 0.851318419 0.835312963 0.522006094
    0.431927204 0.123915523 0.484017789 0.779664278 0.95258069
    0.509676278 0.528101265 0.047241956 0.982965946 0.918982387
    0.346048534 0.887522101 0.163751304 0.861064076 0.0614329576
    0.0630052984 0.165826619 0.32264179 0.170150518 0.187132031
    0.889839768 0.184647262 0.223264962 0.72375077 0.987274766
    0.874771714 0.30732125 0.223945975 0.45757097 0.591705978
    0.127169371 0.94315815 0.975323141 0.426330566 0.0249785185
    0.180498272 0.882122874 0.625187755 0.169046432 0.243806124
    0.016982317 0.353296399 0.648245275 0.225917548 0.822311461
    0.970748663 0.702580333 0.345950782 0.481058449 0.048351258
    0.930340648 0.40013963 0.180661559 0.953404188 0.110902876
    0.529463649 0.776918948 0.379820555 0.634076297 0.102973789
    0.00806382298 0.644756436 0.16143021 0.185085088 0.358422577
    0.249387324 0.852393925 0.129749894 0.762426615 0.772976637
    0.824891686 0.10290429 0.304013491 0.791272998 0.757217526
    0.189092994 0.114086092 0.922875524 0.638145506 0.714143157
    0.191364974 0.820835352 0.57696408 0.898259521 0.608262658
    0.966762364 0.288546383 0.527019083 0.378276229 0.827943087
    0.0630361736 0.017083168 0.246734589 0.678004026 0.455020338
    0.760560691 0.507428467 0.271071494 0.32018432 0.158063322
    0.862192273 0.909756184 0.904451251 0.584429085 0.521851242
    0.335565627 0.223926753 0.45266515 0.158112347 0.798495531
    0.930855155 0.730187476 0.804942608 0.522686064 0.141831815
    0.882503271 0.312051177 0.650988102 0.616657794 0.898046732
    0.542272091 0.125135511 0.0539932549 0.310174942 0.010320127
    0.745973349 0.8388623 0.0762605369 0.373091578 0.0542365611
    0.758618772 0.543328106 0.625418544 0.142981142 0.577634394
    0.714865923 0.0770341158 0.309378803 0.958166122 0.0707044005
    0.226777822 0.427257985 0.453662515 0.742500186 0.234548867
    0.434109092 0.400677383 0.0470395684 0.17596817 0.551340878
    0.818678439 0.935976744 0.479021937 0.851708949 0.331069112
    0.957945585 0.316756546 0.678206146 0.81624794 0.346156746
    0.434510231 0.376188099 0.9385463 0.00320526958 0.854042053
    0.507458508 0.851129174 0.238917232 0.138014674 0.284783363
    0.166903198 0.174282432 0.449011922 0.821547389 0.0165590048
    0.513920724 0.810324252 0.951693594 0.00673031807 0.955284119
    0.0051882863 0.746059299 0.701221645 0.153223068 0.345275313
    0.784697056 0.0202644765 0.00434279442 0.0770493448 0.244831175
    0.658599198 0.79072094 0.787207842 0.138520718 0.40525642
    0.306741953 0.781843066 0.0381056666 0.210665107 0.698956788
    0.321566761 0.337540358 0.155292809 0.949251354 0.674544215
    0.414799005 0.825172603 0.446569324 0.447795928 0.999501824
    0.909843206 0.207742542 0.338316917 0.481692493 0.421965182
    0.145613939 0.67174542 0.764931679 0.972519875 0.748657882
    0.592765093 0.221880674 0.95041585 0.925462246 0.619133294
    0.118958503 0.811191201 0.251462966 0.884789586 0.114894867
    0.804867864 0.973821163 0.529288769 0.714772344 0.379200578
    0.110756099 0.639763474 0.28522253 0.974562049 0.51818943
    0.131067336 0.00864756107 0.37725234 0.239037842 0.0409157276
    0.626083195 0.211564928 0.145984203 0.831361055 0.130893469
    0.562120974 0.368890196 0.74287647 0.677507043 0.526393116
    0.863013148 0.584685981 0.902670205 0.283048928 0.546661019
    0.491811097 0.660732746 0.442326158 0.510788023 0.696241736
    0.95544827 0.275736034 0.27965638 0.368910909 0.661769748
    0.00293505192 0.0692007542 0.332718104 0.496022046 0.643262267
    0.644372761 0.522270262 0.450282484 0.411287308 0.710844338
    0.124446005 0.86264652 0.690903783 0.271494269 0.303883076
    0.223370939 0.262034565 0.631766975 0.479117692 0.788331568
    0.839928865 0.78754425 0.270984173 0.821594834 0.543799222
    0.301230371 0.374168724 0.955720246 0.482049018 0.372604847
    0.685944021 0.463255435 0.820505023 0.282123387 0.990848005
    0.541929364 0.548472285 0.873718798 0.301469684 0.830040097
    0.376553446 0.320234299 0.118041813 0.600562036 0.217675507
    0.998312116 0.825345397 0.633505225 0.780255437 0.20899269
    0.0236362219 0.300915956 0.177520335 0.979945302 0.0399680436
    0.367697626 0.609946847 0.805134892 0.0249544084 0.300774157
    0.126584083 0.848493755 0.378055692 0.545062423 0.546870947
    0.116748005 0.456350476 0.678545415 0.288799107 0.914229035
    0.668722272 0.954768777 0.277219266 0.47033155 0.437781006
    0.210793614 0.253943145 0.358531028 0.286970168 0.482793182
    0.860129356 0.950551867 0.671767652 0.477519363 0.449363738
    0.482115209 0.544737041 0.307383209 0.351169229 0.312303364
    0.723409057 0.79594028 0.0511491299 0.14924857 0.98510766
    0.773172617 0.137010872 0.430711657 0.856643677 0.203220844
    0.449170411 0.805251837 0.521247685 0.574359059 0.183444202
    0.954537272 0.0503860712 0.101540238 0.44642216 0.289620161
    0.386978447 0.3730281 0.292862594 0.199649096 0.363907635
    0.560088634 0.279526293 0.0933963954 0.972794652 0.653211355
    0.227461457 0.596459985 0.476442695 0.977345467 0.51107496
    0.880534887 0.128439188 0.89527607 0.397587448 0.438144326
    0.839614928 0.161190897 0.328948468 0.844766855 0.610191047
    0.158877581 0.281851083 0.165968567 0.0546732545 0.424240887
    0.621577084 0.0704633892 0.25545904 0.891329944 0.198037267
    0.543867469 0.933700502 0.216504097 0.505691409 0.153351605
    0.87217778 0.82471168 0.978529453 0.939398885 0.749361992
    0.156054527 0.52608645 0.794529915 0.0909903944 0.590908527
    0.701454103 0.538336217 0.111649811 0.596925735 0.365330279
    0.537069023 0.764021873 0.975759208 0.427055776 0.149832159
    0.892784655 0.718454182 0.839545965 0.832935095 0.774056554
    0.997370601 0.163210154 0.356442392 0.233419865 0.322820783
    0.276599288 0.0297360122 0.336872041 0.724083245 0.902160764
    0.680997968 0.137302607 0.274118006 0.121670485 0.530863643
    0.804015279 0.661365211 0.658080578 0.813445568 0.662345529
    0.266362667 0.884720027 0.0505453646 0.727158666 0.84704119
    0.0407330096 0.758023798 0.210674196 0.154827654 0.759333491
    0.154543459 0.591771424 0.796423137 0.766653955 0.0911576748
    0.496161371 0.790613413 0.18858555 0.464419186 0.307025701
    0.622553408 0.151438355 0.870094001 0.673034787 0.930645704
    0.823495865 0.270667136 0.630324066 0.223537773 0.0481815636
    0.598533571 0.929599643 0.894425273 0.225260884 0.0746573508
    0.281075358 0.11399132 0.622336268 0.425218195 0.814897776
    0.814056635 0.228908539 0.58899194 0.854578495 0.672283173
    0.0422714949 0.0674333572 0.177094907 0.351956069 0.909967303
    0.152575731 0.462911636 0.96642983 0.669310153 0.740161538
    0.265803218 0.303360671 0.327724308 0.792967439 0.0898681581
    0.258463502 0.657124341 0.250357956 0.871445358 0.0145098269
    0.51123029 0.385759473 0.999125361 0.545413852 0.906882226
    0.830615699 0.146691859 0.881367087 0.596705019 0.560320258
    0.97138536 0.306209445 0.652019441 0.192935467 0.689863324
    0.311982512 0.254879296 0.12961033 0.718806088 0.537915111
    0.466947526 0.981197417 0.849003196 0.0295215249 0.853852749
    0.291687101 0.556191325 0.795032024 0.064881891 0.683276713
    0.265238822 0.889421225 0.731733799 0.564100862 0.766827703
    0.812704742 0.498990178 0.577738345 0.247884184 0.234240949
    0.129376382 0.424005777 0.259826928 0.73142916 0.320787907
    0.0656826496 0.21673435 0.735981226 0.30357486 0.0379703045
    0.131838471 0.476643026 0.33073768 0.181167454 0.131094158
    0.64848876 0.235804319 0.251334965 0.989506364 0.990860999
    0.448035777 0.465067774 0.116324186 0.0557934046 0.40424943
    0.247451425 0.814005852 0.444666207 0.144530833 0.916157246
    0.854309678 0.316083848 0.0744385421 0.53044486 0.718988657
    0.280724823 0.333745599 0.828038096 0.733120739 0.781604052
    0.373961449 0.649157822 0.927242637 0.894996881 0.208174825
    0.745158732 0.711492777 0.838470221 0.83710438 0.519735157
    0.351342797 0.757201374 0.574030042 0.694740593 0.389865875
    0.520867646 0.626655877 0.87814486 0.0827538371 0.371728092
    0.336523235 0.829194546 0.399967313 0.80237937 0.677015245
    0.292022496 0.41559118 0.126238525 0.379194081 0.550435603
    0.149261653 0.334039688 0.291274995 0.808555603 0.796559453
    0.307325184 0.825811923 0.939901948 0.209493816 0.281262577
    0.0950779021 0.705940485 0.701272547 0.901403129 0.203410506
    0.948953271 0.538281739 0.432387799 0.204914212 0.52646929
    0.330406725 0.249492794 0.0833452344 0.135194123 0.672224939
    0.221304923 0.225397587 0.788435578 0.935099721 0.344975859
    0.242435604 0.0934385359 0.963923335 0.147451967 0.0768256783
    0.581085324 0.355903178 0.77116257 0.998160601 0.401150048
    0.647149801 0.752628505 0.244481593 0.140208364 0.960989356
    0.962148547 0.941200554 0.938043237 0.371516824 0.954736471
    0.793132842 0.313809931 0.46436739 0.473057568 0.437377304
    0.456878543 0.706228495 0.418747753 0.923161089 0.455911219
    0.826588273 0.323040754 0.487854242 0.337616026 0.257372856
    0.223034531 0.0978972912 0.0386106074 0.466680527 0.199821174
    0.154016197 0.886418223 0.42307359 0.272579342 0.11519599
    0.899506569 0.275028229 0.217927843 0.130908042 0.417165786
    0.772036552 0.753759384 0.0561496019 0.498347431 0.855171084
    0.363805652 0.601556778 0.338261783 0.192380697 0.015699774
    0.341769844 0.32637161 0.438177735 0.461623013 0.966120243
    0.670435369 0.93556416 0.602735162 0.378668994 0.857684314
    0.177371144 0.582926095 0.120449662 0.989723444 0.335726798
    0.564184666 0.424546868 0.409068048 0.429821819 0.443557799
    0.128333449 0.0695757866 0.0503198206 0.967888892 0.784187973
    0.0386479795 0.651711702 0.6378811 0.891860843 0.711763501
    0.452407718 0.0732454062 0.382312059 0.204694569 0.265589237
    0.882948399 0.8258394 0.5558061 0.70900172 0.711812496 0.74446702
    0.715967298 0.0843604803 0.830951571 0.208050758 0.747557759
    0.590599239 0.395505965 0.737643182 0.502095103 0.561150432
    0.766542912 0.42154029 0.218423009 0.311805308 0.970979035
    0.930854201 0.385335326 0.238458723 0.196435899 0.266546577
    0.842669487 0.12762177 0.597059846 0.580837309 0.942183852
    0.789259374 0.0516299903 0.755064368 0.660946965 0.712990403
    0.232605845 0.855671346 0.979376018 0.460493058 0.640914679
    0.867352784 0.765679598 0.502995372 0.323566258 0.366945028
    0.471904516 0.576916516 0.03370139 0.2004354 0.456742644 0.330815315
    0.938547611 0.92065537 0.168010503 0.126399279 0.868471146
    0.112347215 0.229613811 0.633728802 0.783756495 0.512901008
    0.470633447 0.96650821 0.670337141 0.759821534 0.861540258
    0.81809628 0.20818162 0.170765996 0.663989723 0.61616075 0.377775431
    0.114168346 0.497201651 0.535614669 0.694118977 0.688081026
    0.702978849 0.0707830787 0.756640255 0.499561131 0.208207846
    0.201070607 0.86556077 0.00566697121 0.294999689 0.597007632
    0.296773762 0.399461269 0.99878788 0.3804591 0.74338901 0.996579289
    0.987834811 0.0622307062 0.494197756 0.150417477 0.22668156
    0.775954247 0.202146918 0.0582660139 0.765156865 0.646815896
    0.898789287 0.292747438 0.672476172 0.299561143 0.836011231
    0.346025407 0.099730134 0.766988516 0.557351768 0.999493122
    0.285040617 0.328877747 0.970261991 0.804089069 0.4460513
    0.705905199 0.0658012033 0.562327266 0.749078214 0.729174733
    0.02760005 0.575227678 0.448932946 0.919787645 0.667116821
    0.29643631 0.319488525 0.825317442 0.427221358 0.486480862
    0.432514131 0.31746918 0.590888143 0.875446796 0.631231427
    0.831196964 0.403890908 0.352006376 0.745761037 0.83591485
    0.344924212 0.59788686 0.702137589 0.409294605 0.389905155
    0.0233978629 0.242188931 0.46412611 0.554279983 0.741921842
    0.885705233 0.203136176 0.117890924 0.948251128 0.000625580549
    0.398718387 0.83852607 0.512043476 0.382510245 0.915381432
    0.16799438 0.9012115 0.609371603 0.871332169 0.794755936 0.556460142
    0.286763251 0.0219043791 0.452962697 0.339977413 0.712617099
    0.472945333 0.348445296 0.837053239 0.630439281 0.967876971
    0.0383939147 0.0818947256 0.915206909 0.977986336 0.060678035
    0.620880425 0.137028337 0.286196113 0.502507091 0.932961941
    0.861665964 0.128308505 0.216405481 0.698211074 0.420938253
    0.55264616 0.932089448 0.79923141 0.488503814 0.199643195
    0.493638903 0.769788742 0.0881993473 0.338569999 0.333062202
    0.666564047 0.500923574 0.179339558 0.0262474418 0.659356892
    0.102135837 0.594305217 0.792768538 0.0886006653 0.271775842
    0.801359355 0.593751192 0.684503973 0.541722357 0.442492396
    0.329025805 0.142731011 0.610320807 0.0941605568 0.0777697563
    0.827655792 0.013532877 0.85663867 0.182222813 0.491670161
    0.813102007 0.0596801639 0.909903049 0.319065571 0.385084003
    0.648471892 0.954319656 0.286291748 0.336290121 0.724044919
    0.482962728 0.264519513 0.901269615 0.812316477 0.122951925
    0.128899097 0.984049559 0.148281068 0.341319501 0.00739118457
    0.289112031 0.369832695 0.944309831 0.433794141 0.290729523
    0.614662826 0.212483793 0.847671032 0.288152754 0.714865804
    0.784965754 0.729257226 0.623871505 0.974638402 0.0265412927
    0.213903427 0.821288466 0.830539346 0.76260078 0.951584041
    0.318769634 0.370341539 0.684481382 0.878475785 0.930445313
    0.907262206 0.0799907148 0.29567492 0.116181761 0.571906447
    0.588434219 0.622737586 0.00819519162 0.353314787 0.0258563161
    0.739444256 0.994622707 0.715056539 0.231228352 0.883928776
    0.55041647 0.0706760585 0.73115325 0.85284549 0.300736308
    0.0636443198 0.788360834 0.0703054965 0.753899097 0.0315834284
    0.402485549 0.880493701 0.354069173 0.0157684982 0.169452488
    0.189128637 0.581607223 0.13316679 0.459200263 0.967790484
    0.417841345 0.726282835 0.381034136 0.126916111 0.876008749
    0.987260997 0.25096643 0.292176366 0.558725834 0.757373452
    0.309177935 0.67369163 0.656325161 0.128351182 0.936373889
    0.635779023 0.185053229 0.990363359 0.289610922 0.806887269
    0.422791183 0.952946603 0.0873629451 0.846744001 0.981746316
    0.317912042 0.678308249 0.271510303 0.627531052 0.0713142753
    0.248087347 0.823807716 0.314213395 0.804674387 0.412436426
    0.359437525 0.29020223 0.348154932 0.481866419 0.184391052
    0.164588422 0.939718246 0.413495064 0.199524522 0.0450698435
    0.625859261 0.874222636 0.291779459 0.723028421 0.814321995
    0.751011372 0.484840393 0.643137872 0.183457613 0.24715814
    0.289279103 0.307283938 0.443495333 0.0632564425 0.182569683
    0.811496139 0.939023554 0.933722436 0.720324755 0.955096602
    0.0710707307 0.57929641 0.348537862 0.893319607 0.862885892
    0.694903135 0.923674643 0.997243941 0.966715395 0.250874758
    0.514377117 0.525478899 0.0320362747 0.0272701085 0.160779148
    0.178949326 0.473272622 0.429807663 0.155883998 0.122564495
    0.363560945 0.0467868447 0.0217062235 0.270190835 0.848521709
    0.280649215 0.673948705 0.430419564 0.262397856 0.379158497
    0.770790577 0.661559224 0.612313211 0.225244254 0.143929839
    0.798342586 0.806356966 0.275557548 0.529259205 0.527083158
    0.850942969 0.676796436 0.591928601 0.597878754 0.422139674
    0.970406294 0.494892538 0.206760585 0.524319053 0.105509639
    0.434609085 0.674533665 0.0587118864 0.221543938 0.557328343
    0.0124039054 0.375722706 0.502859712 0.121966749 0.773987174
    0.342021018 0.135244817 0.814586759 0.711179972 0.987069488
    0.022233218 0.563004196 0.273909092 0.226168036 0.896046877
    0.733094454 0.650424123 0.672621191 0.13119027 0.842977583
    0.413528264 0.933502555 0.491859227 0.00581693649 0.908045411
    0.316270471 0.259236217 0.464058429 0.50421679 0.830914497
    0.573285282 0.456308842 0.200807035 0.772361279 0.462854177
    0.905874133 0.221746445 0.708892763 0.673806965 0.858052731
    0.666937172 0.865022302 0.0187884271 0.18020606 0.539867401
    0.601371884 0.625426233 0.260103405 0.0783242285 0.760401607
    0.737391353 0.72696209 0.942191958 0.365643471 0.27556783
    0.267322481 0.358646631 0.89250195 0.951878428 0.515743136
    0.546662748 0.0823708177 0.878870368 0.554681182 0.924547732
    0.382465005 0.112682939 0.605944574 0.383581787 0.810578465
    0.225879371 0.327514529 0.181305736 0.115912557 0.516564548
    0.340773195 0.608761728 0.226860136 0.982995868 0.453423321
    0.733527958 0.356954813 0.930217862 0.874761999 0.557268441
    0.621820807 0.655501366 0.958760977 0.501236379 0.864603162
    0.580187917 0.758834064 0.613801718 0.301480114 0.786396265
    0.178017318 0.799234986 0.555670798 0.77535069 0.456986308
    0.614233136 0.0570618808 0.959724844 0.400411695 0.67523694
    0.216389239 0.180182844 0.135932565 0.737732172 0.226756901
    0.590705693 0.962867737 0.542370617 0.692985594 0.760749459
    0.83987844 0.925605953 0.81929177 0.243522525 0.300845057
    0.683611691 0.0655846596 0.929965556 0.543630481 0.0153723359
    0.0701570511 0.251966596 0.636800587 0.344017953 0.481111169
    0.0833523273 0.309981942 0.356478751 0.71960777 0.529232919
    0.343276292 0.973965168 0.143859744 0.978224218 0.142719328
    0.800134778 0.967659831 0.393377513 0.981868804 0.892183959
    0.587072372 0.833406866 0.683257937 0.619914412 0.109896064
    0.271979451 0.184996724 0.360978961 0.866872489 0.596899509
    0.239674658 0.240742952 0.383698016 0.317738652 0.63583076
    0.870991826 0.36212188 0.176958829 0.538615227 0.157359689
    0.91501838 0.513264477 0.403491318 0.704996645 0.360743046
    0.38095212 0.339221895 0.00357174873 0.218427211 0.907734394
    0.554686487 0.776732266 0.784394383 0.608766735 0.909438431
    0.557497799 0.466968387 0.569741189 0.664177775 0.319188952
    0.690415621 0.587276101 0.58679378 0.780550003 0.403479457
    0.630901992 0.525092065 0.370498836 0.828201175 0.793324947
    0.799956799 0.436505914 0.338370293 0.00914853811 0.183210701
    0.898512602 0.435988426 0.0297854543 0.000217229128 0.774102569
    0.680024803 0.424066305 0.0858971775 0.871161759 0.173891634
    0.254405349 0.740185857 0.309580356 0.0571221113 0.44248569
    0.669763327 0.469145834 0.000866293907 0.100760669 0.064565748
    0.863367558 0.970010281 0.655670345 0.377616525 0.914507031 0.883901
    0.279992104 0.471164018 0.522377908 0.671538711 0.526444137
    0.716896057 0.239226401 0.122826457 0.213296056 0.396761358
    0.00360399485 0.865785241 0.717774034 0.336536646 0.542100072
    0.569405913 0.23164475 0.93494159 0.939353764 0.151007026
    0.900774121 0.117224097 0.483638078 0.586767435 0.572433949
    0.196638048 0.34265089 0.533867836 0.682009339 0.803442955
    0.552653611 0.195737302 0.943183422 0.301536739 0.0875910521
    0.74003619 0.71724689 0.54368192 0.944419563 0.505022645 0.91453582
    0.360388696 0.697092295 0.953445137 0.473376215 0.0330882967
    0.779103279 0.845385551 0.850480676 0.104428917 0.634560287
    0.874107361 0.761983991 0.806589961 0.0668792725 0.51628077
    0.657960415 0.746076584 0.104708642 0.847587645 0.418896675
    0.368136764 0.96606195 0.543254435 0.606480539 0.418387562
    0.306025296 0.897962689 0.326684535 0.448022276 0.585729957
    0.694905043 0.181923091 0.829970598 0.829120755 0.137554497
    0.312485367 0.729441345 0.837078512 0.498542964 0.153755754
    0.932415664 0.284526527 0.762514651 0.994987726 0.341450572
    0.677174807 0.291205704 0.149780363 0.289504975 0.389407486
    0.378156841 0.62062037 0.658565283 0.60034734 0.415836036
    0.0130578578 0.777839303 0.695764899 0.47020635 0.476875365
    0.248979539 0.311662167 0.831525922 0.227456242 0.284301192
    0.857582688 0.0661329031 0.147191346 0.885951221 0.554680169
    0.238272846 0.719372988 0.00646087527 0.0973028839 0.0725950301
    0.842798471 0.0877976418 0.49199903 0.519211352 0.338126361
    0.219599456 0.0916746855 0.995313287 0.624058187 0.855194092
    0.727447927 0.948056638 0.0833492875 0.13560155 0.87314713
    0.458321214 0.886857867 0.693675101 0.175070196 0.309735835
    0.204977214 0.0956980288 0.773263097 0.169824332 0.121405244
    0.79960835 0.107276171 0.428860754 0.617684484 0.192995697
    0.193829328 0.756110907 0.671462953 0.138035417 0.264434934
    0.519504249 0.848925114 0.736115038 0.603398621 0.305753022
    0.957320035 0.0434842408 0.329798758 0.09068349 0.220944256
    0.950242519 0.824072242 0.986408532 0.529081881 0.502788365
    0.706508338 0.517012894 0.0326425731 0.656776249 0.168451458
    0.286653817 0.498505324 0.0764344037 0.880765259 0.126785398
    0.11998561 0.213275999 0.861620188 0.601577759 0.250494361
    0.82560724 0.609338343 0.693008304 0.194799721 0.0109077394
    0.375105828 0.0342749059 0.670364439 0.349741697 0.465455115
    0.778383613 0.559830785 0.272493273 0.524543941 0.228035986
    0.861409187 0.605778873 0.769164205 0.213395715 0.716869533
    0.50651437 0.503364801 0.360429078 0.290996104 0.32079199
    0.721994162 0.731522501 0.307024688 0.581435263 0.393693417
    0.791861892 0.329322159 0.0592727065 0.662478626 0.167711735
    0.542164922 0.132339537 0.547565639 0.458216637 0.420767874
    0.963747025 0.718271732 0.383234322 0.687382758 0.0404372811
    0.655583084 0.134604901 0.13590017 0.0300547779 0.816419721
    0.800338268 0.218193978 0.0430666804 0.319960773 0.32548815
    0.38660565 0.973860741 0.0219218731 0.276503086 0.861271441
    0.591786742 0.173452169 0.967448115 0.169030339 0.268119127
    0.89272362 0.226443768 0.130678475 0.531298637 0.804178536
    0.944641232 0.78019315 0.308607221 0.150146514 0.859161973
    0.178403348 0.967885256 0.106649935 0.372727066 0.460523129
    0.303788573 0.890902877 0.279123187 0.892757118 0.785449743
    0.695013404 0.703119993 0.136191577 0.0298492014 0.00887072086
    0.0395475328 0.543378651 0.109781533 0.303019881 0.981561542
    0.488471299 0.428406149 0.897935271 0.0685606599 0.049752444
    0.894768238 0.427483052 0.573919713 0.69749248 0.640150428
    0.728254676 0.648115158 0.857903838 0.0642523766 0.876374006
    0.522940516 0.175467134 0.765280128 0.0800829828 0.570943475
    0.939424753 0.571743965 0.414941519 0.96227479 0.532839894
    0.479963452 0.599210799 0.271870196 0.224885404 0.381310552
    0.242511511 0.938122034 0.0526914895 0.435695887 0.781371772
    0.833876073 0.867220879 0.00434312224 0.89812696 0.288689196
    0.147255868 0.13481155 0.755605698 0.424671888 0.522149682
    0.335059524 0.538571179 0.0573896766 0.406833142 0.546196818
    0.265705973 0.238615841 0.464292109 0.825814426 0.793684185
    0.95935595 0.0483136177 0.456244707 0.87377739 0.853318214
    0.196031541 0.445810199 0.280960202 0.253191769 0.542996287
    0.0818441808 0.98194313 0.289572805 0.819407523 0.356466889
    0.907264173 0.785206258 0.789220273 0.169723868 0.406368077
    0.444835603 0.320084512 0.106393665 0.407918215 0.845778227
    0.894417763 0.766058803 0.119803607 0.71152842 0.57437098
    0.979136467 0.156871915 0.733848095 0.442185223 0.725402653
    0.928585768 0.921863794 0.338354051 0.491979778 0.24068588
    0.366246432 0.852335572 0.683055222 0.0815415382 0.417016804
    0.805937171 0.598040104 0.832406163 0.590879679 0.853494883
    0.545600533 0.92996949 0.68548429 0.741445005 0.474031419
    0.291320086 0.591243505 0.130795658 0.556619167 0.433320343
    0.458637357 0.2712304 0.843955874 0.580485642 0.948909283
    0.867309332 0.0165722966 0.985516071 0.629422069 0.581682384
    0.940067589 0.791073918 0.643296957 0.578998864 0.891730666
    0.369943023 0.237812459 0.0414750278 0.025427103 0.645666122
    0.516934097 0.338385224 0.295885384 0.962046981 0.80200243
    0.792226672 0.919584513 0.825840116 0.226810247 0.374106467
    0.562326729 0.608958542 0.395360529 0.96472609 0.877080321
    0.125325024 0.0935622156 0.662282467 0.329680055 0.0410301685
    0.721839249 0.480015874 0.944730759 0.583157063 0.304200411
    0.0483163893 0.608440876 0.0218221545 0.589527965 0.489694327
    0.170020521 0.414878577 0.0702539086 0.966494083 0.840631902
    0.976362705 0.046050638 0.0223865807 0.769678414 0.190623015
    0.265446603 0.683729708 0.259476185 0.437724888 0.975092769
    0.642184556 0.799481392 0.752118945 0.00701370835 0.212212116
    0.917249799 0.185192555 0.0688659549 0.0461399257 0.206024677
    0.884362936 0.468883306 0.601943135 0.295752585 0.250263244
    0.62181592 0.604618788 0.431652904 0.0900335312 0.282413304
    0.723233163 0.509994984 0.524669528 0.707767308 0.208064348
    0.446097493 0.505635381 0.656271219 0.425308734 0.202011049
    0.75629276 0.422305286 0.548663378 0.943300128 0.787409663
    0.950107753 0.268681169 0.229196727 0.169577777 0.922965944
    0.190230578 0.910449743 0.814862013 0.510302603 0.623885155
    0.102461606 0.33071056 0.915795326 0.609115243 0.7508111 0.487246811
    0.926365256 0.539980769 0.179400444 0.476451695 0.171909481
    0.405104935 0.899016321 0.0355939865 0.862682223 0.796314716
    0.149399161 0.524584651 0.952987552 0.382869631 0.429197818
    0.817135036 0.182456851 0.826344192 0.355789781 0.334222525
    0.11196661 0.9025774 0.0607823133 0.125651866 0.710705221
    0.874900341 0.0624734163 0.633441091 0.404226601 0.579224467
    0.512254059 0.675808489 0.122337073 0.372586787 0.131123662
    0.913377166 0.530326545 0.0702859759 0.351151168 0.846769631
    0.314005405 0.596096396 0.927809894 0.390185773 0.857383251
    0.416059554 0.901396513 0.318880856 0.503954589 0.1427764
    0.874220848 0.968546271 0.840934277 0.106625378 0.689948499
    0.41917631 0.246978611 0.460492045 0.691129088 0.712501645
    0.901151478 0.826132417 0.31427902 0.0545995235 0.948274016
    0.296109915 0.405176699 0.0436508656 0.15575552 0.0941591263
    0.512753963 0.263963282 0.672955096 0.476727277 0.0281198919
    0.331944942 0.495617032 0.891551018 0.00771817565 0.213140309
    0.263747305 0.824429631 0.33015126 0.910536647 0.892010152
    0.745416999 0.425295681 0.457313776 0.311631501 0.367583096
    0.011596173 0.44124943 0.0839669704 0.603353381 0.0143974721
    0.244686157 0.630539477 0.59112072 0.153253406 0.813190937
    0.555804431 0.0975757539 0.261301368 0.418932319 0.291333735
    0.57312876 0.66186142 0.0496928394 0.0777834356 0.883755207
    0.827527463 0.30660671 0.0741660595 0.899315476 0.445337713
    0.95611763 0.424220592 0.248133421 0.0518618524 0.0818685591
    0.0183751285 0.346904099 0.345848083 0.543079138 0.64943248
    0.931120634 0.019138813 0.124542683 0.201487005 0.190664977
    0.938177228 0.955509901 0.537887096 0.410326272 0.99270165
    0.994326055 0.808417797 0.0762039423 0.210367352 0.0372723937
    0.896806002 0.0750474632 0.111775756 0.881382585 0.185071111
    0.812179327 0.02386114 0.102045059 0.391165882 0.760197759
    0.747250319 0.830199718 0.593441665 0.656951547 0.52145803
    0.0777290761 0.556455493 0.613376737 0.535082221 0.378243655
    0.458414674 0.559344351 0.0737169683 0.170437813 0.281218886
    0.502198815 0.710262418 0.481258482 0.393511951 0.589521885
    0.198741972 0.41016537 0.373348325 0.268864453 0.235535234
    0.434648305 0.512709916 0.763481975 0.233863473 0.879552603
    0.512812436 0.503421187 0.783866882 0.00949892402 0.070161581
    0.306510806 0.730697393 0.157830596 0.123957843 0.68330121
    0.878190756 0.463068336 0.501728296 0.0790190101 0.413309216
    0.485354811 0.756183088 0.619406164 0.43111074 0.740190446
    0.24302125 0.319947779 0.357804656 0.914391518 0.280145466
    0.560697615 0.0704239905 0.255659759 0.580551922 0.47288844
    0.454808801 0.328442603 0.706145406 0.22506243 0.944918394
    0.58037132 0.0779201388 0.462717712 0.00978535414 0.018078953
    0.232090473 0.779603481 0.876668334 0.865011513 0.585362732
    0.847332478 0.797954559 0.454990774 0.488774627 0.192769438
    0.162375152 0.0915510058 0.887639821 0.0888506174 0.028978318
    0.144901514 0.823919654 0.342752606 0.893343568 0.913286686
    0.467026949 0.794294357 0.466606826 0.707846642 0.0147943795
    0.570776045 0.809340835 0.470330328 0.725804865 0.24909997
    0.566342354 0.0972317159 0.700643539 0.0344275832 0.952951849
    0.983186126 0.0227116346 0.142863899 0.651382685 0.994485438
    0.423036158 0.701094151 0.424271077 0.236378789 0.330107749
    0.134426385 0.938576043 0.958245873 0.5233863 0.90870142 0.143459857
    0.764837384 0.348821193 0.245145261 0.524428427 0.0429351032
    0.361401737 0.233400226 0.409350663 0.899349332 0.198681056
    0.628719985 0.186258793 0.0106130838 0.725349605 0.141662955
    0.797192812 0.897369921 0.314363182 0.711609185 0.62849009
    0.0320217311 0.0756113827 0.682735562 0.0581760406 0.715093553
    0.688140571 0.685667455 0.48918438 0.425386548 0.955156684
    0.761207104 0.936502278 0.0151943564 0.981571436 0.0129653215
    0.827548683 0.369295895 0.745424092 0.871265411 0.917296886
    0.457151353 0.398979247 0.409553915 0.179533571 0.436899841
    0.582583547 0.200674862 0.224475861 0.137676388 0.895941973
    0.713131607 0.157112777 0.895485044 0.683825016 0.911907434
    0.502571583 0.385061443 0.290305734 0.127047122 0.538550913
    0.24602887 0.509930313 0.164258689 0.111050099 0.590744436
    0.277749658 0.855417132 0.169001013 0.609714687 0.342526138
    0.54582721 0.41127485 0.661049306 0.153945208 0.22284916 0.309550464
    0.200532347 0.149552107 0.694863796 0.262232065 0.497754276
    0.286737144 0.213176638 0.327744722 0.569445312 0.569532096
    0.804607868 0.968819797 0.216319352 0.84455657 0.404893905
    0.210074663 0.854548097 0.902505398 0.88538897 0.536623478
    0.816889465 0.941521406 0.262375236 0.786231279 0.710988164
    0.0496673584 0.48494336 0.0350579023 0.289435476 0.570100784
    0.504761457 0.336614609 0.203501672 0.779285312 0.775585055
    0.346068859 0.512200058 0.785167694 0.269611418 0.894200325
    0.611980438 0.163830459 0.23223272 0.223201424 0.397038698
    0.0888341665 0.0628493428 0.514365196 0.91233474 0.0575236678
    0.324008614 0.836712122 0.287636936 0.870963812 0.0108604729
    0.982215643 0.729560673 0.767042816 0.977160096 0.226622641
    0.0617462397 0.193257272 0.724698007 0.471671104 0.211939871
    0.736316741 0.304867685 0.527442634 0.117255181 0.370068789
    0.752907813 0.0702982247 0.873771667 0.28368777 0.35000062
    0.475149423 0.206461638 0.76359725 0.195898801 0.699616373
    0.574344814 0.878667831 0.0321396887 0.296822667 0.254503965
    0.917490482 0.600147367 0.525628388 0.503476262 0.131045014
    0.355832875 0.376209378 0.499486804 0.0772403181 0.901881933
    0.0362671614 0.79980576 0.241774738 0.850371242 0.890103459
    0.441480309 0.334531426 0.16620481 0.337295562 0.817826629
    0.0254807472 0.485907346 0.526053667 0.780916333 0.339351654
    0.245738566 0.145463884 0.186303765 0.904360771 0.774948239
    0.207312077 0.550199389 0.849241972 0.185962558 0.112299889
    0.454622835 0.722488761 0.395793587 0.169163257 0.417272866
    0.0264669955 0.972592711 0.0041757226 0.691273153 0.545503378
    0.449778438 0.106842935 0.068764478 0.573454201 0.190121979
    0.858565211 0.85979712 0.586818695 0.938038349 0.601792634
    0.880603671 0.58781147 0.759028494 0.0669994354 0.914316535
    0.906111181 0.565516651 0.355247796 0.12481153 0.683396101
    0.944993615 0.535246789 0.483868957 0.273000062 0.653545141
    0.406542927 0.142710298 0.88302362 0.910935938 0.256275207
    0.161152273 0.710935593 0.026990205 0.46054256 0.415195435
    0.0136545599 0.216755837 0.765422285 0.443982601 0.406910002
    0.692211211 0.591585279 0.377271026 0.702360272 0.244841933
    0.685125232 0.594261587 0.869005799 0.00253996253 0.686196566
    0.567360997 0.116239309 0.716931045 0.0927070081 0.204906464
    0.918248832 0.98145026 0.719088316 0.469310164 0.847003281
    0.0999513566 0.116828293 0.183460742 0.675481796 0.319290936
    0.779437006 0.0102204978 0.299041122 0.330348045 0.658210218
    0.48816368 0.346747637 0.0503534675 0.405350387 0.935202956
    0.0109966993 0.856814802 0.275061905 0.711276948 0.834641695
    0.617482007 0.0188443065 0.678144932 0.237724841 0.17867887
    0.405083418 0.518852293 0.315461755 0.832557797 0.22389257
    0.536811292 0.284485877 0.0607327521 0.159559518 0.353851825
    0.0328164399 0.520647943 0.214169502 0.640619636 0.0384612381
    0.0689598918 0.159561515 0.0516081452 0.186571568 0.696136475
    0.709133029 0.111657709 0.630106151 0.433246672 0.521111369
    0.155712426 0.297843605 0.65702647 0.629007041 0.218040287
    0.246489704 0.466073126 0.423924088 0.909275055 0.0571017861
    0.379414767 0.997849584 0.651151538 0.791214228 0.348355055
    0.81752336 0.736944973 0.136319607 0.82927227 0.118327707
    0.0342330933 0.757429123 0.000369817019 0.409657955 0.110598266
    0.79936862 0.829935789 0.764666796 0.830015719 0.859456062
    0.0387338698 0.583354473 0.946193814 0.209829867 0.162364095
    0.570382059 0.163819879 0.939852476 0.836768985 0.832098663
    0.46131289 0.24250567 0.174374074 0.790333509 0.333597839
    0.356753618 0.692605495 0.0864053965 0.730324745 0.58503139
    0.342618763 0.787204862 0.198601842 0.817700684 0.18354696
    0.121369243 0.0165857375 0.15698272 0.645171881 0.38833788
    0.360419154 0.560885012 0.315452456 0.48720178 0.22732681
    0.0655762553 0.273705781 0.160592705 0.635707259 0.409905285
    0.0114212036 0.54706341 0.540329635 0.73795259 0.418829143
    0.967657447 0.239883631 0.672334075 0.413636386 0.770017743
    0.519543409 0.499517083 0.696728706 0.969944 0.707120478
    0.0224347413 0.291841626 0.300428689 0.876000285 0.517099738
    0.534146309 0.446926415 0.536652207 0.217816204 0.105032355
    0.654604435 0.379631639 0.517542541 0.388971478 0.671789229
    0.230828702 0.0450177491 0.18757382 0.41018188 0.193359822
    0.280241549 0.877571583 0.101904243 0.887561917 0.930770159
    0.575118303 0.119717896 0.50071162 0.924867034 0.027153492
    0.649357498 0.913488388 0.399515718 0.874143839 0.0972436368
    0.522120595 0.245553166 0.116500229 0.93154645 0.610213518
    0.289277077 0.359903812 0.157479107 0.971686006 0.926532984
    0.646989942 0.18424648 0.273673594 0.0851306617 0.49651134
    0.535426497 0.429866135 0.781513333 0.553567648 0.652205348
    0.957626104 0.557733357 0.350015342 0.869039953 0.280610114
    0.992442667 0.144755602 0.0432060957 0.486942738 0.38628155
    0.0509676635 0.736311316 0.498926193 0.21453464 0.233595312
    0.555518568 0.355224907 0.308022201 0.402452737 0.811076641
    0.389368385 0.848752379 0.867695689 0.46620518 0.383809 0.485304087
    0.379143536 0.928948522 0.719890475 0.411484301 0.793229222
    0.283366919 0.354466558 0.553480208 0.636208415 0.109695941
    0.227986932 0.803371429 0.37876159 0.55381012 0.424464941
    0.0356988609 0.820509374 0.424530327 0.0993342102 0.27854234
    0.245046884 0.299756467 0.372097075 0.404727429 0.280764759
    0.257439107 0.532238722 0.608204365 0.36265257 0.199732631
    0.962748289 0.026121974 0.725395501 0.872423887 0.984603643
    0.817702711 0.455831438 0.91073215 0.431386381 0.616282701
    0.778252602 0.713973284 0.287010789 0.692055047 0.843157411
    0.771615386 0.886977434 0.842454433 0.279697955 0.196968764
    0.320897043 0.884488821 0.217134148 0.00719147921 0.0837235451
    0.0855571032 0.285232961 0.253200173 0.82483685 0.469856352
    0.512927711 0.396091878 0.285362601 0.972665668 0.62586987
    0.727616787 0.0970264673 0.200385958 0.91718328 0.629260123
    0.224964201 0.576450467 0.861857057 0.904939175 0.768015563
    0.0602754951 0.792502284 0.699052274 0.368578911 0.547413588
    0.200450808 0.0200118721 0.695601821 0.167009443 0.35113579
    0.605576515 0.504737079 0.886601865 0.18317166 0.114567339
    0.928884149 0.0815813839 0.694128692 0.79110688 0.998576999
    0.278296739 0.46711868 0.242576629 0.439576626 0.999360859
    0.0395756662 0.827659905 0.514812171 0.777404547 0.32738781
    0.822110772 0.653098822 0.328615904 0.810537577 0.82770741
    0.725384235 0.728594005 0.5894382 0.401779622 0.485407919
    0.784986615 0.196097553 0.20837152 0.254660785 0.824138522
    0.34712106 0.744401693 0.320387512 0.76362288 0.868026376
    0.217804909 0.899574637 0.171019673 0.777120113 0.542903304
    0.871917367 0.840328574 0.400353789 0.646502554 0.00819310546
    0.954452097 0.35777688 0.536772013 0.154466033 0.797664344
    0.559255183 0.318106711 0.614655793 0.778047919 0.347429097
    0.56443435 0.442454189 0.0615614653 0.978571653 0.718325853
    0.379008055 0.258645117 0.0567294657 0.41851294 0.247242868
    0.275696188 0.49160099 0.923578501 0.955039024 0.293083727
    0.13886857 0.161325663 0.36445564 0.214296341 0.756586552
    0.457141161 0.630809188 0.996966481 0.173117459 0.176932782
    0.727337241 0.489248455 0.247456759 0.360571057 0.4441908
    0.836564362 0.866685033 0.942780972 0.973356366 0.542014062
    0.922589779 0.551049948 0.0474229455 0.795130432 0.0921031535
    0.339248031 0.753825188 0.804642558 0.338460177 0.420647353
    0.736133695 0.293432772 0.443693072 0.115906447 0.0893369317
    0.398017913 0.495615572 0.799788713 0.294148088 0.58932811
    0.410519421 0.0114657879 0.816071391 0.420171171 0.871895075
    0.785280704 0.835835218 0.823271275 0.107692122 0.0286170244
    0.852763772 0.0352742076 0.658113599 0.0753020346 0.00611016154
    0.655963659 0.484321028 0.804169118 0.837399304 0.0611401498
    0.256034017 0.371976674 0.108781129 0.820248842 0.218099326
    0.957204342 0.202492505 0.635641575 0.0467767417 0.833316743
    0.870127857 0.00416758657 0.0973290503 0.738668561 0.580151796
    0.953500569 0.358714789 0.724462211 0.469597667 0.324179202
    0.578224719 0.688976169 0.724292755 0.881225228 0.585117757
    0.903816342 0.483368933 0.775843024 0.14764908 0.845195174
    0.665774465 0.731630802 0.546410799 0.574012578 0.611638844
    0.615294755 0.358981192 0.521804214 0.6671139 0.776525915
    0.806155443 0.225813419 0.347662538 0.894236386 0.821115375
    0.508017302 0.901106596 0.844851017 0.41984129 0.98302424
    0.402329892 0.847638845 0.399503231 0.604605079 0.175413996
    0.105312169 0.75073415 0.851489544 0.520727038 0.547554672
    0.369048595 0.0417767763 0.471801311 0.925937057 0.602448821
    0.327982128 0.886967778 0.179119974 0.736709833 0.773551583
    0.411440253 0.804629743 0.258571923 0.654161692 0.619657338
    0.7697891 0.932283282 0.317339599 0.965358853 0.532499433
    0.227959991 0.839681208 0.748335779 0.163781822 0.743433356
    0.127025247 0.0766512156 0.608893812 0.570489645 0.768057227
    0.686019421 0.733236015 0.814050794 0.702068448 0.363529801
    0.993552446 0.865218282 0.276941329 0.528990567 0.817776203
    0.343225181 0.388089597 0.486765116 0.554426074 0.554802418
    0.726293504 0.559252322 0.00246879458 0.322202384 0.244637787
    0.723712385 0.670197666 0.885827184 0.859818518 0.290790647
    0.280457377 0.670097768 0.441792607 0.447408378 0.431441128
    0.139244854 0.880554318 0.308730483 0.810013831 0.13386929
    0.043669641 0.889564037 0.657909989 0.448550701 0.412813842
    0.333268642 0.165610284 0.297508061 0.805418193 0.952442646
    0.565405548 0.744055927 0.296116352 0.00704133511 0.230756819
    0.909274459 0.785407305 0.297834754 0.134921461 0.240916371
    0.235192031 0.0305943191 0.0195432007 0.067282021 0.00152111053
    0.323851615 0.590256751 0.702072799 0.771440506 0.279865831
    0.0545863211 0.371895254 0.929315865 0.280980349 0.806878209
    0.598106027 0.291402817 0.26679045 0.645750463 0.659109175
    0.928516507 0.925956249 0.142200798 0.526346207 0.26682955
    0.576985478 0.0116224289 0.622781932 0.940158606 0.865817904
    0.160739034 0.292727888 0.681113839 0.34261772 0.667754054
    0.760306776 0.522887886 0.486959577 0.649094045 0.73344028
    0.317791343 0.73330158 0.610456884 0.582919896 0.214130819
    0.761116922 0.741681218 0.0211732686 0.379248917 0.0930390954
    0.165589124 0.649315059 0.752328038 0.282594204 0.604281545
    0.820026636 0.197979003 0.138041049 0.264524311 0.710972428
    0.722473979 0.362818956 0.25620687 0.356195956 0.450121641
    0.997392654 0.126472563 0.162940949 0.749845982 0.195026189
    0.477031767 0.87926054 0.00309720635 0.919698596 0.735586226
    0.499481291 0.280680358 0.801257074 0.774165392 0.643085122
    0.517326236 0.754917383 0.824193358 0.689363003 0.61821872
    0.547224164 0.977239609 0.891855121 0.336676776 0.373939574
    0.829202771 0.218737841 0.55655396 0.486684591 0.0231184959
    0.38693428 0.336488962 0.773244739 0.90006721 0.579294086
    0.437274188 0.506134391 0.842761159 0.446265996 0.130633861
    0.625462055 0.0987299681 0.530126572 0.505749345 0.31387189
    0.873209119 0.229202747 0.127961874 0.0198077857 0.0365478396
    0.0676428974 0.928963244 0.274757296 0.81935221 0.32109341
    0.40361467 0.754757941 0.457482189 0.420645356 0.406706691
    0.815828085 0.0214090943 0.796035469 0.00284340978 0.415248871
    0.274455011 0.349678457 0.585313201 0.528648376 0.917523444
    0.397192031 0.544876695 0.909893394 0.738130093 0.291529924
    0.600525618 0.735214233 0.735965967 0.447093904 0.0487410724
    0.718407989 0.464331299 0.848412216 0.0438824892 0.172143459
    0.444122314 0.944425046 0.550192773 0.924460888 0.831659853
    0.799719512 0.999236345 0.989288509 0.0820203424 0.664771914
    0.70066309 0.614174128 0.85627234 0.500028193 0.994918704
    0.299796581 0.43123585 0.122132838 0.353610396 0.528185248
    0.410577327 0.0764400363 0.862394214 0.52985847 0.0326217115
    0.341941059 0.680230439 0.457443804 0.346354127 0.879003227
    0.0532471538 0.405122757 0.607188404 0.326877415 0.629039168
    0.813211203 0.959940434 0.687871218 0.509061635 0.027558893
    0.482067287 0.0902599692 0.164932042 0.503047168 0.180936068
    0.914678097 0.0462165177 0.712744415 0.252649188 0.317193627
    0.829559803 0.920442224 0.986350656 0.747208595 0.396256208
    0.798050523 0.297508538 0.336977005 0.0154244304 0.912440658
    0.721802354 0.394013464 0.321712881 0.560881436 0.0562233329
    0.657215536 0.950406015 0.671819985 0.511812449 0.445441544
    0.725835741 0.847730875 0.287825346 0.0737509131 0.737140417
    0.00959461927 0.85745132 0.655108511 0.618603706 0.94589746
    0.241632611 0.00195610523 0.876691103 0.633441508 0.743989825
    0.313274801 0.629302442 0.13537401 0.534670353 0.354737133
    0.528040051 0.182067633 0.473595202 0.68088448 0.19167909
    0.365263283 0.107989699 0.449444473 0.0484572351 0.474424541
    0.758437872 0.0740395188 0.580604553 0.384191692 0.675699413
    0.578236759 0.0151038766 0.983799577 0.286554158 0.838081479
    0.338807821 0.973100185 0.900264621 0.325937808 0.244594485
    0.995076418 0.0277991891 0.899572253 0.174753219 0.654671609
    0.283387125 0.188471198 0.701498866 0.858488739 0.560056627
    0.040864706 0.867066264 0.977679133 0.128541291 0.650925159
    0.879015923 0.422899127 0.858775973 0.984753788 0.28312248
    0.170119315 0.861388206 0.971380234 0.209945619 0.0362999141
    0.36811322 0.517208874 0.195020735 0.474453986 0.247031271
    0.149948716 0.180932581 0.75427115 0.415846229 0.168323249
    0.910315156 0.758831024 0.940013647 0.0317775309 0.636659026
    0.0114757419 0.0219987333 0.569300056 0.0730576515 0.41955781
    0.171809733 0.0745393038 0.269562989 0.20842132 0.410494596
    0.00048583746 0.520820916 0.671196342 0.495323837 0.829744756
    0.0479946434 0.666258395 0.385091007 0.59220612 0.531129956
    0.527672112 0.709972858 0.51856792 0.198979855 0.989025414
    0.0142837167 0.427326739 0.345124334 0.382596135 0.221833915
    0.501183331 0.567589462 0.311495543 0.415714234 0.84104979
    0.404686749 0.0775698423 0.0560660064 0.574666202 0.522948146
    0.815922618 0.196996778 0.790590525 0.032156527 0.15981555
    0.0646870732 0.830362201 0.930965424 0.435932368 0.157834202
    0.543670952 0.660269141 0.135328352 0.777496159 0.622416317
    0.663333237 0.449179679 0.331379592 0.583469272 0.177707791
    0.578552246 0.102607429 0.598058283 0.91215229 0.488419026
    0.15231353 0.416591644 0.979551792 0.161857367 0.334125459
    0.45628944 0.676301122 0.853551984 0.654967248 0.275577366
    0.55969131 0.233203858 0.59185797 0.244366169 0.4986251 0.173647732
    0.634398699 0.108125865 0.637187839 0.838107467 0.453559697
    0.142136902 0.242055088 0.278154314 0.294087112 0.845511079
    0.477492154 0.343248546 0.0566879213 0.707913399 0.298244596
    0.318308622 0.394581705 0.200505644 0.335934162 0.610888004
    0.369239807 0.0242438912 0.878453076 0.984327912 0.649912953
    0.93991369 0.934224129 0.32432434 0.734894037 0.273685038
    0.824810207 0.174362332 0.0902977288 0.056066364 0.468318254
    0.624781668 0.498688608 0.425532401 0.94390583 0.829673588
    0.0250273049 0.0559306443 0.940959334 0.00464141369 0.0467844009
    0.49156937 0.467627555 0.407072186 0.782031596 0.490934551
    0.638622522 0.908777416 0.70860815 0.815675378 0.49132815
    0.124985695 0.558661222 0.0709991157 0.758732677 0.797245979
    0.415273696 0.597563982 0.495590627 0.795240521 0.249419183
    0.985567391 0.923965931 0.383805633 0.7275424 0.582756639
    0.227181047 0.124817401 0.734313726 0.851175368 0.866891026
    0.382895142 0.866392136 0.686540663 0.801579356 0.572775185
    0.336384594 0.245080352 0.688863575 0.615558088 0.926645279
    0.240973413 0.656729221 0.709998488 0.479249299 0.93935287
    0.780389011 0.691135466 0.0299144685 0.916709661 0.241827011
    0.537249386 0.29056257 0.991778195 0.066891253 0.158959955
    0.79231751 0.345826983 0.325517535 0.389420688 0.0752142668
    0.419786483 0.262435496 0.702436388 0.419213265 0.198126465
    0.566314101 0.709323704 0.949583173 0.897182345 0.487565547
    0.893598139 0.0873287618 0.484248906 0.984523535 0.57203114
    0.0230539739 0.0739269257 0.322737962 0.955708027 0.856857896
    0.360301435 0.932171881 0.0840015411 0.478977978 0.021859467
    0.00978469849 0.0189982951 0.139006168 0.430371255 0.696436286
    0.637452841 0.892881274 0.0165394843 0.00861114264 0.860430717
    0.164116204 0.339285195 0.235636652 0.954868257 0.930911779
    0.67991221 0.701603174 0.640399218 0.929870367 0.464595377
    0.824343324 0.869791389 0.0245052278 0.989824176 0.518058658
    0.0862752497 0.461378187 0.83107388 0.691328168 0.342322052
    0.676822424 0.631851971 0.905460775 0.0318709612 0.330928504
    0.94235605 0.152882189 0.192527443 0.831701338 0.150462359
    0.483693153 0.830614805 0.146046132 0.0889039934 0.190835506
    0.0437793136 0.902004242 0.815997064 0.972587287 0.901294827
    0.537334919 0.486116469 0.957746506 0.13274312 0.0302140713
    0.2630817 0.58115238 0.759662867 0.260299146 0.0100939572
    0.252747893 0.243682772 0.769184291 0.790331006 0.848772466
    0.520364165 0.036373198 0.040207386 0.468846619 0.231748194
    0.950190425 0.40286836 0.255104601 0.771507502 0.791689396
    0.217771322 0.328430235 0.219386727 0.0167544484 0.795060754
    0.674726963 0.879685044 0.117892414 0.188112646 0.375501931
    0.998026907 0.972642779 0.353769958 0.342179894 0.932773292
    0.67308253 0.413853139 0.126973093 0.46676755 0.0909184813
    0.900405705 0.947773576 0.159098595 0.486162841 0.590353608
    0.152966261 0.613464653 0.814710975 0.0578614771 0.622670889
    0.0623424947 0.431689858 0.201724738 0.301177293 0.00580841303
    0.314292014 0.420032233 0.00548747182 0.626569986 0.00290685892
    0.039716959 0.444224447 0.994934261 0.717161417 0.998552442
    0.101828277 0.0999067724 0.338454217 0.946473598 0.804762244
    0.630540967 0.229504973 0.160975903 0.355659723 0.568384767
    0.899537623 0.806861043 0.613820612 0.747978628 0.962025106
    0.851903617 0.204719931 0.835278869 0.80937022 0.127846658
    0.112752706 0.604608774 0.339035541 0.569389105 0.786170006
    0.472135246 0.856614351 0.479640931 0.51638484 0.531246543
    0.072288692 0.514845014 0.660948157 0.00618234277 0.6192469
    0.072401911 0.108846158 0.729333282 0.124143064 0.519851208
    0.808074474 0.107996643 0.362098992 0.779385746 0.746732116
    0.7156533 0.764828563 0.628891587 0.227233708 0.685612679
    0.310906589 0.246984988 0.0598762929 0.49874714 0.268740892
    0.224123567 0.554167569 0.648687899 0.679606974 0.775336981
    0.0210356116 0.748577178 0.654564738 0.129063427 0.479566067
    0.12252447 0.593070805 0.917029619 0.993288994 0.808980703
    0.939687729 0.0889443457 0.86288631 0.863440096 0.564591825
    0.780045331 0.939648509 0.796360612 0.522475541 0.22937569
    0.153761059 0.284282416 0.275747359 0.125329465 0.53371799
    0.415675342 0.101293832 0.0825916529 0.671974182 0.219650626
    0.165305018 0.805951357 0.379455954 0.304246008 0.815008998
    0.751219213 0.882687926 0.226099968 0.721518755 0.0789377689
    0.593781173 0.830081761 0.798453331 0.27815944 0.277741492
    0.173504472 0.0574020445 0.733012199 0.299079061 0.935976148
    0.11210981 0.6289168 0.934834123 0.0745380819 0.38982445 0.288904905
    0.372657329 0.121145248 0.275211692 0.0474687219 0.445997
    0.0386761725 0.472529501 0.12611714 0.671419263 0.213708341
    0.763706148 0.398841619 0.74469614 0.32575947 0.0470309556
    0.962343514 0.120174199 0.689242005 0.843863845 0.140016317
    0.484471053 0.857988834 0.895390272 0.605672181 0.951284647
    0.690446198 0.162347883 0.353446782 0.104197741 0.453323245
    0.30268237 0.734100103 0.0044708252 0.321907461 0.943789124
    0.55593729 0.742012382 0.238179117 0.938570559 0.248249203
    0.491664201 0.26871407 0.28088069 0.563118517 0.189454585
    0.0523428321 0.376736879 0.328776747 0.219353318 0.961961746
    0.411759645 0.626463711 0.192437768 0.587573171 0.3810305
    0.859556854 0.298668176 0.313649952 0.743586779 0.512682498
    0.376760006 0.632587671 0.56165576 0.631073713 0.21008262
    0.674231768 0.42100665 0.503342032 0.149326891 0.98917979
    0.262996733 0.308604121 0.137883186 0.135804623 0.454915941
    0.100440443 0.580963314 0.443260014 0.511028647 0.279063523
    0.883127153 0.826819181 0.286726415 0.690169632 0.814571559
    0.0158461928 0.188054055 0.516802907 0.884482026 0.908931732
    0.423577935 0.858074188 0.29219979 0.849208832 0.0284914672
    0.961681366 0.608705342 0.0791921616 0.989834547 0.0716344416
    0.337617636 0.841251612 0.98523742 0.72449702 0.76862824 0.195770264
    0.379656315 0.883887053 0.879670382 0.197917253 0.494769096
    0.0924067199 0.737349451 0.134035975 0.460391402 0.22740835
    0.792786479 0.0163078308 0.228781641 0.694043159 0.924886584
    0.671989501 0.0383153558 0.0868929923 0.536090016 0.0373569429
    0.561440527 0.376294523 0.67510736 0.778674781 0.80125773
    0.618675947 0.425766528 0.228607595 0.0859367847 0.762215853
    0.315118492 0.838338494 0.158248961 0.500039637 0.85751909
    0.356723607 0.0463679731 0.850045085 0.681768954 0.583121657
    0.909282804 0.646393299 0.190236837 0.548590004 0.367448777
    0.626313329 0.2288239 0.718369365 0.61289829 0.738395572 0.446378589
    0.664361537 0.140378058 0.873530209 0.362489581 0.68340373
    0.446954131 0.849317431 0.131775379 0.476391554 0.171184599
    0.429795742 0.826475501 0.129276782 0.250407338 0.501632571
    0.73536551 0.906718731 0.440048754 0.952610612 0.0843619704
    0.704126954 0.214262396 0.438336939 0.312764943 0.441156179
    0.238972604 0.978785574 0.541248977 0.639558196 0.102589339
    0.539392412 0.420692384 0.90635252 0.0290181637 0.370718658
    0.999457479 0.101529866 0.28482461 0.896783292 0.585270345
    0.391269028 0.345790029 0.358965814 0.165064365 0.234661162
    0.633793235 0.903193474 0.903920889 0.325839341 0.203400284
    0.137211353 0.455902785 0.845972002 0.299706191 0.643790126
    0.215302944 0.942188501 0.718366802 0.414716452 0.540445864
    0.985723376 0.645289123 0.86688906 0.8588624 0.500393689 0.735041916
    0.327048808 0.98403132 0.425235778 0.239387542 0.723881364
    0.137989461 0.895693898 0.57390672 0.988606095 0.686228037
    0.744180918 0.274829209 0.19185704 0.104614735 0.813515306
    0.700983763 0.568299651 0.0501923561 0.523662925 0.559141874
    0.0538699031 0.88860178 0.543871462 0.739311457 0.952214003
    0.508957207 0.814442396 0.247873425 0.376068562 0.0640027523
    0.985957623 0.81387794 0.375924081 0.691642046 0.969068408
    0.562924683 0.977227151 0.855482221 0.503128886 0.923974574
    0.212373137 0.650693059 0.267756402 0.258286357 0.949669719
    0.651775122 0.0947975516 0.241959274 0.266495347 0.859034121
    0.088395834 0.775347054 0.871679485 0.146190673 0.69123137
    0.14442271 0.545605242 0.773547411 0.679792166 0.783757448
    0.460019022 0.582702637 0.336167395 0.83146435 0.962485313
    0.754041791 0.72426796 0.847802758 0.958459795 0.331847757
    0.831303775 0.455607951 0.619281232 0.611867189 0.205538601
    0.456053823 0.950205922 0.356391311 0.710282266 0.823270798
    0.88397038 0.58406049 0.736838937 0.691901326 0.158394217
    0.467843771 0.816091537 0.975830793 0.760264575 0.0630772412
    0.579555154 0.467157513 0.544516146 0.697821021 0.0757643878
    0.928985 0.72235024 0.845808506 0.378998339 0.597362995 0.0802225173
    0.626042306 0.482855141 0.454500288 0.0362949073 0.929579616
    0.572560608 0.567155123 0.597462535 0.312072098 0.92253232
    0.822587669 0.836369455 0.413301826 0.728066444 0.222447038
    0.308533132 0.473591894 0.698051155 0.435724854 0.471324384
    0.189670324 0.413101524 0.539937735 0.274287671 0.683710277
    0.0313517749 0.866975069 0.316556245 0.632629395 0.0690138042
    0.268465936 0.272584081 0.349040657 0.0253251195 0.172025144
    0.930269122 0.848350823 0.916837096 0.538698971 0.635339558
    0.936128139 0.284425139 0.318857789 0.660589337 0.995978475
    0.0501514971 0.508681893 0.64737004 0.362241983 0.975631952
    0.100683481 0.666213036 0.883666873 0.448245704 0.819486976
    0.231304735 0.838054657 0.406751364 0.438461393 0.164147764
    0.0375916958 0.876777768 0.68895787 0.911570966 0.537923992
    0.754987478 0.267198563 0.597245932 0.798121572 0.916086912
    0.49661237 0.487214297 0.400711447 0.0879638195 0.810572267
    0.365986854 0.357881665 0.7401824 0.380610108 0.256041944
    0.584953368 0.797412872 0.147653669 0.354985535 0.0464397669
    0.302524388 0.851931572 0.62667954 0.525966227 0.0443337262
    0.0809810758 0.689939737 0.633652866 0.389074922 0.533752799
    0.396536589 0.291865468 0.372077435 0.812574625 0.95928216
    0.0464914143 0.315757573 0.0232975185 0.661772609 0.46197781
    0.536697686 0.00425484776 0.0873054266 0.0498901606 0.21753493
    0.790163577 0.790143013 0.947993338 0.45954901 0.192438751
    0.542145669 0.694721162 0.612116575 0.0136066079 0.906690478
    0.0396107435 0.725195706 0.731293023 0.516869903 0.872001767
    0.939858794 0.196262002 0.378856421 0.086951375 0.0636078417
    0.62151587 0.947262049 0.249669611 0.899492502 0.516415715
    0.405728877 0.0111295879 0.347028255 0.0104537308 0.152971506
    0.656662583 0.406629592 0.737391591 0.735713243 0.329600155
    0.740866899 0.975090265 0.687484205 0.854990184 0.943007827
    0.859988809 0.962936282 0.0660210848 0.317811102 0.259324074
    0.798666 0.817147255 0.937696755 0.192090094 0.670846939 0.593769431
    0.745683432 0.0271440744 0.111085236 0.027901113 0.0242195427
    0.2810269 0.0664069951 0.19752875 0.967042446 0.357039452
    0.908462405 0.603714943 0.999632716 0.827822089 0.510683954
    0.236985326 0.586461961 0.0522997081 0.346983612 0.592921793
    0.789833188 0.955051064 0.180259675 0.893895864 0.0619952977
    0.638035834 0.860232472 0.273984611 0.773642182 0.0161091685
    0.00476610661 0.837370396 0.192861915 0.174326926 0.764198065
    0.265058488 0.627087355 0.194514155 0.852619052 0.282499135
    0.0145446062 0.812628746 0.886784911 0.303220987 0.635376513
    0.828516006 0.382133901 0.935362339 0.47316429 0.837124825
    0.879344285 0.294489503 0.343400478 0.965723753 0.244627863
    0.365117282 0.772101641 0.231977999 0.58304894 0.00204560161
    0.896444559 0.748740673 0.745787323 0.840387642 0.653896928
    0.535241783 0.34220475 0.359352678 0.0309766531 0.978040278
    0.348288178 0.0641207993 0.157621622 0.0091586709 0.190960377
    0.972065985 0.349811256 0.562937498 0.40181452 0.85838002
    0.576755881 0.0531917512 0.114626259 0.438550442 0.13780266
    0.0200516284 0.787363291 0.991523683 0.185929209 0.98850733
    0.00162696838 0.629153132 0.100202322 0.142789572 0.992081046
    0.0380482376 0.481754631 0.411048472 0.680448055 0.983096123
    0.788119674 0.156227648 0.0647375584 0.943969011 0.730424881
    0.938726902 0.344160795 0.430405229 0.393602461 0.982591629
    0.112634242 0.651710153 0.605676293 0.37643528 0.315332174
    0.00424164534 0.785881162 0.270694911 0.0995616019 0.681745768
    0.932045102 0.616146147 0.45902133 0.913388133 0.500460207
    0.445498109 0.7538414 0.95339793 0.27319181 0.46899569 0.141656637
    0.725766897 0.386377096 0.738410592 0.226820946 0.733748138
    0.517414451 0.629292071 0.158551425 0.768056691 0.214199871
    0.943750143 0.304528296 0.170748472 0.143923283 0.661032617
    0.625864863 0.833240628 0.237466425 0.322271705 0.980181456
    0.374912113 0.198158532 0.00603577495 0.341478527 0.904130161
    0.245973349 0.735888064 0.717706978 0.349486977 0.85606581
    0.954363286 0.0662094057 0.0420152545 0.178713292 0.357246697
    0.189608067 0.678423405 0.0353616774 0.487282693 0.109742343
    0.784139514 0.749565721 0.440402329 0.746961236 0.0330181718
    0.0110414922 0.60083735 0.316729486 0.462344319 0.512392998
    0.638795495 0.327116072 0.129871428 0.724569678 0.500412881
    0.1479114 0.407357484 0.905045152 0.539294362 0.830783963
    0.237303942 0.44026792 0.689033926 0.825225115 0.884761095
    0.376673698 0.915649652 0.985663414 0.974425554 0.267552227
    0.308551878 0.690585315 0.327270865 0.846128643 0.244882017
    0.0663345158 0.165687948 0.364432603 0.305891901 0.342333794
    0.232650548 0.804284096 0.767084479 0.456599295 0.32912761
    0.731246591 0.42621699 0.279858172 0.719546556 0.951985002
    0.793827534 0.818586469 0.420153201 0.676346421 0.910775065
    0.501514912 0.145951211 0.822255015 0.836595654 0.653873682
    0.995910645 0.148056507 0.108102888 0.805375218 0.428625047
    0.684559047 0.715679169 0.803035796 0.799432397 0.285968542
    0.124872923 0.31488362 0.83441925 0.319433689 0.611673236 0.36096102
    0.236057967 0.139972538 0.696780682 0.682228446 0.465448499
    0.526469946 0.0321573019 0.911246061 0.723153532 0.622378111
    0.896520793 0.823724329 0.121707201 0.768846631 0.23017475
    0.451736987 0.549818575 0.0769027472 0.245619565 0.668111086
    0.638296545 0.229185253 0.711962402 0.549425304 0.597391307
    0.61692071 0.272505432 0.668026805 0.822155595 0.0618935227
    0.420930415 0.0417664349 0.532367587 0.414832652 0.613722324
    0.615662158 0.838939726 0.343145132 0.235864848 0.276949942
    0.938540041 0.631898761 0.710848033 0.0526103079 0.857544959
    0.657279789 0.733791947 0.382068932 0.0159949362 0.69645685
    0.417743802 0.0140408278 0.366964877 0.0165467262 0.673472703
    0.589743376 0.294394732 0.731395483 0.883465528 0.588406742
    0.202931494 0.675940692 0.737651467 0.556524813 0.760309458
    0.952930212 0.566224694 0.247803658 0.0412095785 0.630562484
    0.696109951 0.983748078 0.860825777 0.870709777 0.855709195
    0.437640578 0.196250051 0.944223166 0.275458753 0.105637193
    0.824982405 0.367758691 0.981243134 0.303769231 0.743211091
    0.0353707969 0.06893906 0.194669902 0.0602194965 0.974379063
    0.514144003 0.14821443 0.91121006 0.5218876 0.388652176 0.104785025
    0.0173951089 0.764416039 0.153337538 0.414414704 0.58523792
    0.832730055 0.0335685313 0.930708885 0.910927892 0.272193611
    0.788111269 0.430082649 0.574052453 0.600129843 0.852308154
    0.679796457 0.535608888 0.971962452 0.443450451 0.323836207
    0.740374327 0.762728333 0.950756669 0.735645771 0.0989395678
    0.581431687 0.847747922 0.627032518 0.778621197 0.184049964
    0.0161267519 0.0834849477 0.263317287 0.0807949007 0.266585588
    0.87682569 0.405362129 0.11847803 0.841290236 0.0134472847
    0.704140842 0.686706185 0.213617504 0.398278922 0.0303612053
    0.310811877 0.137002319 0.241063744 0.562955558 0.833468914
    0.539775848 0.36986953 0.841187119 0.716934204 0.922103703
    0.716824889 0.466431558 0.640500665 0.461922705 0.0911390483
    0.795827031 0.679751933 0.517924905 0.857220829 0.662980199
    0.0184715688 0.534585416 0.497817725 0.853784263 0.699934244
    0.663984179 0.499725789 0.158695161 0.712842822 0.521582127
    0.555954695 0.0868151486 0.939848781 0.169661611 0.412236989
    0.406848341 0.48380661 0.336059898 0.815277517 0.275396347
    0.980459154 0.374567688 0.535597682 0.0959604383 0.659259677
    0.931693792 0.634629488 0.482135892 0.248303771 0.185640037
    0.134099841 0.26439333 0.595237434 0.615585685 0.659986138
    0.0955004394 0.768091619 0.854556441 0.414486349 0.703358889
    0.293143332 0.892784595 0.522979081 0.877654314 0.068874836
    0.246710628 0.886867285 0.398745596 0.880343139 0.627752781
    0.68694371 0.448317409 0.0116350353 0.593247652 0.057085216
    0.664071679 0.723160028 0.854151368 0.526434183 0.271404237
    0.441256285 0.991507351 0.368600428 0.669311285 0.866933942
    0.718365967 0.573111176 0.0331647396 0.76229775 0.810953557
    0.191798836 0.141082197 0.165438563 0.367557764 0.423068911
    0.604318917 0.567954659 0.304103166 0.611162305 0.845374167
    0.00206840038 0.766873538 0.132156551 0.254829824 0.955912113
    0.738485157 0.502638698 0.628409982 0.0812590718 0.478899211
    0.62954396 0.865186572 0.106597871 0.928966999 0.6713866 0.427858889
    0.0234253407 0.971308708 0.513661563 0.514497697 0.0222720206
    0.114547253 0.0877210498 0.0090996027 0.869121969 0.0185130239
    0.400651872 0.0318290889 0.141180247 0.803671539 0.802555799
    0.318983018 0.0163343549 0.803457916 0.448324323 0.817182004
    0.313717484 0.755213737 0.530267179 0.906018257 0.0854389071
    0.567170918 0.193314523 0.22108376 0.0240986049 0.0166496634
    0.59070462 0.754472136 0.0386473835 0.420726836 0.535774052
    0.655073941 0.150697112 0.141180247 0.253386259 0.555769026
    0.692024469 0.507724047 0.804425001 0.497106135 0.538473487
    0.421607971 0.0914658904 0.466278791 0.452165961 0.884566069
    0.577581704 0.281329691 0.222924709 0.242089212 0.686379671
    0.656762958 0.524582863 0.620490372 0.470630139 0.237247616
    0.133942485 0.0619543195 0.34157446 0.631298006 0.944797575
    0.445103347 0.658422112 0.774532974 0.0584393442 0.932159781
    0.197700977 0.111717135 0.147059083 0.496070743 0.664966702
    0.181684613 0.799690723 0.834307551 0.814813912 0.374324888
    0.572438717 0.342112899 0.0784326792 0.781122684 0.137283236
    0.234042972 0.633848071 0.457568377 0.49225986 0.759842038
    0.656323612 0.377815992 0.222999632 0.151137024 0.200925916
    0.142839164 0.0668035448 0.13777107 0.700807512 0.111866564
    0.410195291 0.132554859 0.0748972595 0.0427600443 0.226508945
    0.0604811907 0.478919208 0.43859911 0.933063865 0.56557548
    0.891956151 0.413245797 0.30584681 0.772348285 0.345235884
    0.353461683 0.877957523 0.746838033 0.443207055 0.129777521
    0.0396845341 0.567323565 0.934824646 0.0406324267 0.556194484
    0.250016302 0.107561707 0.379277319 0.918983281 0.441093862
    0.0460214019 0.477050394 0.445098549 0.364823878 0.0415427983
    0.705721557 0.563718379 0.497141749 0.310256839 0.258267343
    0.763304353 0.219182342 0.641289294 0.493444264 0.552527368
    0.741688669 0.282993019 0.956067264 0.344759345 0.775827348
    0.623924851 0.264852971 0.204048455 0.992054939 0.885400057
    0.315927088 0.572419167 0.709664643 0.468557179 0.965458572
    0.285639673 0.24526611 0.90752387 0.0709227324 0.275791407
    0.537778735 0.604695201 0.60070169 0.0117276609 0.429622024
    0.965940058 0.370517433 0.208291918 0.715748012 0.445390612
    0.526848674 0.0853535533 0.0854174793 0.182667643 0.256940454
    0.761317968 0.955413222 0.473240733 0.802946091 0.976088047
    0.136002511 0.711237192 0.911342323 0.139219046 0.314669162
    0.269158423 0.245195001 0.921440542 0.467751116 0.501361191
    0.052954942 0.578193605 0.600132048 0.958477736 0.951211452
    0.851870358 0.695548415 0.878032684 0.127398849 0.135872483
    0.495752692 0.0692902207 0.0417069495 0.444345474 0.548103869
    0.575724363 0.00159168243 0.495316476 0.751282573 0.231665343
    0.236202896 0.793522418 0.963094354 0.654612541 0.279660821
    0.365916371 0.928376198 0.208853543 0.345457554 0.0718559027
    0.232092768 0.456059277 0.903019786 0.455631435 0.731042504
    0.755496264 0.128919989 0.47249198 0.741313875 0.111936629
    0.541399002 0.627651215 0.594822288 0.97596252 0.574313581
    0.704471171 0.396076977 0.631097436 0.0195858181 0.930081248
    0.36946997 0.461683482 0.398227096 0.979064822 0.572197616
    0.610717297 0.0929962993 0.609682322 0.879891992 0.46938616
    0.970478714 0.444646865 0.463261247 0.729334891 0.671974003
    0.41082871 0.701130986 0.977392673 0.857032418 0.610932648
    0.961941242 0.978098154 0.462835371 0.501489222 0.0247865617
    0.477526009 0.703809559 0.736349821 0.23688814 0.298711896
    0.540727437 0.439964294 0.923830152 0.749378562 0.458326876
    0.441390932 0.966629922 0.281603873 0.82463032 0.93920064
    0.548527122 0.569000244 0.284078926 0.234594107 0.042870611
    0.506885171 0.898778677 0.631131887 0.531886399 0.920712471
    0.403848618 0.0053499639 0.65809679 0.499571264 0.237779111
    0.177289486 0.581292987 0.594219267 0.547504127 0.134186298
    0.645171404 0.0166558921 0.674012184 0.301007926 0.347856432
    0.788834453 0.327776015 0.727937102 0.533238888 0.749980688
    0.473776877 0.568810701 0.495357037 0.918970942 0.63254106
    0.461699158 0.378425837 0.434763044 0.715460181 0.103088796
    0.0843634009 0.399558902 0.76275295 0.669133484 0.610582232
    0.536766768 0.791407704 0.445675582 0.156630248 0.241640955
    0.448379159 0.0090495348 0.442666322 0.930766582 0.319683731
    0.136058688 0.139563352 0.0945448577 0.266267002 0.624647498
    0.431173205 0.566384792 0.567191482 0.691736579 0.33920908
    0.797331929 0.784273982 0.981518388 0.843241394 0.439178586
    0.563067794 0.384863287 0.518702805 0.184806824 0.397030115
    0.517618299 0.113758564 0.682445884 0.189274371 0.988015473
    0.0116201937 0.403735638 0.909705341 0.861168981 0.327943355
    0.37365061 0.978951693 0.774500728 0.777033567 0.880246997
    0.940217614 0.93556428 0.509635866 0.997490942 0.578293383
    0.642049074 0.336064935 0.830114126 0.122508377 0.837400079
    0.803354621 0.328151971 0.995534241 0.268738478 0.58768487
    0.892689824 0.900050521 0.0985289812 0.477441907 0.130162954
    0.725871682 0.66409421 0.900462747 0.128433764 0.898023844
    0.715980709 0.491478294 0.231747985 0.075904429 0.710086524
    0.506081641 0.0670974553 0.30763489 0.611943066 0.646870673
    0.211001992 0.842736006 0.886093974 0.668350518 0.675877333
    0.194205523 0.407072604 0.400202632 0.299504727 0.337017059
    0.983938336 0.989458203 0.0584220588 0.0908704996 0.12186268
    0.5730142 0.086637795 0.0564008951 0.630830765 0.818736076
    0.899300158 0.34985131 0.277256638 0.617239058 0.875767171
    0.863916934 0.50766027 0.0956995189 0.560400009 0.357705176
    0.892202377 0.45879057 0.881953835 0.772874355 0.139522165
    0.345166981 0.0239337087 0.956139684 0.751214385 0.992489696
    0.231968582 0.826592326 0.883119702 0.555221379 0.971808791
    0.502931118 0.480829477 0.267694771 0.433425248 0.329267681
    0.61273104 0.676397324 0.67062211 0.128428698 0.416741788
    0.642349422 0.0122440159 0.227564573 0.209027529 0.181834489
    0.838447094 0.616152287 0.29152137 0.0108267367 0.0962162614
    0.901845694 0.416661501 0.537348509 0.924333394 0.0710507929
    0.45105496 0.479183763 0.993016481 0.818345547 0.250282258
    0.0849526227 0.57429868 0.846350074 0.247365713 0.520555615
    0.790612817 0.435366958 0.817731559 0.702797413 0.941900134
    0.734517634 0.398611546 0.595825195 0.860831976 0.276401401
    0.715614438 0.206084937 0.102443516 0.200078696 0.2765733 0.32101053
    0.641129255 0.715628207 0.757182837 0.195352346 0.317955732
    0.742611647 0.0360612869 0.873383045 0.0754165053 0.316906899
    0.0405326486 0.95146811 0.15004319 0.138215244 0.600623548
    0.402837425 0.106986046 0.00796127319 0.763430595 0.946193457
    0.813317239 0.877188563 0.535600126 0.1940808 0.280118525
    0.884189665 0.239624947 0.894324541 0.983324349 0.769435644
    0.776176333 0.280296445 0.365113676 0.644892812 0.573588252
    0.249646753 0.821556807 0.0955619514 0.785537422 0.665007889
    0.285539746 0.387942731 0.667971909 0.710229993 0.974524856
    0.665086448 0.50932157 0.026040256 0.788340569 0.608560681
    0.00212708116 0.789513111 0.861938834 0.188288957 0.846284986
    0.519373059 0.0369413197 0.0859812498 0.501638055 0.414805502
    0.130968541 0.229950011 0.510528028 0.345250487 0.941144347
    0.124227762 0.358589828 0.967904508 0.9246732 0.267512858
    0.534193635 0.412903666 0.829547226 0.61652422 0.281321287
    0.620932817 0.907578051 0.870185375 0.376362443 0.758303642
    0.767575145 0.700767517 0.0648586452 0.81461823 0.648889065
    0.477800101 0.948728681 0.740672469 0.520001948 0.872773886
    0.958711028 0.372385085 0.410357863 0.66916728 0.234911889
    0.339142084 0.108928263 0.851857126 0.366047025 0.868601441
    0.578243136 0.484584004 0.463405192 0.216577113 0.818627715
    0.840294361 0.285996377 0.705168366 0.777074814 0.0957530439
    0.716005802 0.712930918 0.203184754 0.417288899 0.81527245
    0.461160839 0.310703874 0.894557476 0.719402254 0.276139647
    0.55570507 0.700181603 0.93220216 0.438506544 0.628792405 0.13972789
    0.147099763 0.0573772788 0.617567599 0.0701148808 0.565231621
    0.650369227 0.736877382 0.703667521 0.82742095 0.357066691
    0.0180512965 0.98164314 0.00296989083 0.619965553 0.105246097
    0.925033629 0.240627497 0.984576702 0.138851494 0.317014575
    0.703913808 0.853764534 0.486967832 0.960410714 0.125436574
    0.687526643 0.0229743421 0.416640699 0.725200534 0.337275803
    0.552061141 0.821532786 0.667253911 0.843325138 0.144546509
    0.181255311 0.253372252 0.889984667 0.0258081555 0.830988288
    0.282922208 0.67665112 0.197837025 0.41395402 0.160815835
    0.590050876 0.0109218359 0.621125698 0.713340819 0.922816515
    0.518970549 0.310035199 0.528082192 0.0440165102 0.510431945
    0.812426925 0.825158238 0.730725169 0.407411814 0.647996724
    0.886816502 0.520945728 0.954919994 0.584269106 0.694231033
    0.629613876 0.000483214855 0.655653775 0.360338688 0.61196363
    0.577269316 0.107375175 0.423870116 0.326195478 0.785886824
    0.168607742 0.785493255 0.143437535 0.885014176 0.288481176
    0.418502986 0.758553624 0.233384877 0.0658118725 0.637384653
    0.418955952 0.285639197 0.430977613 0.572535634 0.0659619272
    0.0688371658 0.276755691 0.107202142 0.880330384 0.48004213
    0.2599262 0.0789878666 0.0461614132 0.566275239 0.247992903
    0.945431709 0.0364737511 0.0408494174 0.149489552 0.708887279
    0.280326664 0.141079366 0.731644154 0.319420576 0.920458078
    0.178894609 0.576144576 0.621968091 0.778890193 0.47227636
    0.750148773 0.542205215 0.988583207 0.425101221 0.638316154
    0.635929346 0.114819467 0.130614251 0.204076678 0.314144522
    0.731443048 0.366909981 0.123627722 0.435763448 0.813884735</data></test_img>
<my_img type_id="opencv-matrix">
  <rows>128</rows>
  <cols>256</cols>
  <dt>f</dt>
  <data>
    0.148539066 0.767396808 1.58311677 0.900592208 1.80468583
    -0.311001062 1.33569193 -0.326977253 1.63627946 1.44489515
    2.01573372 1.08537984 0.536661208 -0.346086979 1.93227267
    0.540135622 0.00567418337 1.59970021 1.42213345 1.99765694
    1.71976411 0.811717629 1.35977161 0.126738071 1.26185799 0.913195968
    1.01027679 1.92336988 0.818056583 0.0298939645 0.438187838
    0.249339789 1.45264745 0.360704392 -0.0279515684 0.726010203
    -0.430479527 1.01627493 0.562367916 0.830209434 2.06094766
    0.896871269 0.654394269 1.15188861 1.15716267 -0.513308942 1.1713419
    0.249327719 -0.295742929 2.36377764 0.750427127 0.207295716
    1.27616596 1.86658394 0.642661631 1.89463019 2.2241559 -0.358023107
    1.55932212 0.11739558 1.08219039 2.04968643 1.90293026 -0.433122188
    1.44005334 -0.140615255 2.03870797 -0.219382912 -0.18275696
    0.488120973 2.36210322 -0.0786910057 2.01766253 1.68643212
    1.87839246 -0.540007114 1.55718684 0.156935394 1.06371367
    -0.246783957 2.40865707 1.32024121 0.644651055 1.91123915
    0.0452473164 -0.255329609 0.804226637 1.11014485 0.577393651
    -0.171610266 -0.300102919 -0.424099624 0.47565794 -0.230742902
    0.180469334 1.84199047 2.09627962 1.35544252 2.02355576 0.318377733
    2.30924225 1.82573915 2.01699066 -0.489745528 2.30212331 1.72772646
    -0.0717656612 2.17710018 1.51314068 1.08463526 -0.189719707
    1.43769813 0.864981055 1.92876983 1.17202938 1.50697064 1.59344745
    1.38180423 0.972606778 0.651398718 1.96607125 0.911606967 1.82083678
    0.615481913 0.77079916 2.13568854 1.78881681 0.594446599 0.423356831
    1.49585795 1.83970475 1.11892414 0.192988575 1.53414524 1.32397056
    1.67350876 2.19988966 0.909385026 1.09637785 1.76088965 -0.1948075
    1.0184865 -0.470473856 -0.154007643 0.736554086 -0.143697739
    -0.0578639209 0.131005108 0.91366744 0.441601217 0.882716238
    1.36809921 1.12297845 1.6744113 2.18527317 0.489130497 1.917431
    -0.342907757 0.205809414 1.80795693 0.00169301033 0.260379791
    0.130469501 0.170257926 0.835975051 1.28981423 0.702483475
    -0.332668006 0.696201921 1.34475887 1.42174768 -0.0891572237
    1.93575144 2.24581385 1.80486798 -0.189494669 -0.15052861 2.1374383
    1.72782552 1.69688809 1.42444754 1.47021008 0.819624186 1.14944208
    2.25212002 -0.51334244 1.20113301 2.38783312 -0.188113451 1.99913597
    0.451803684 2.14265633 -0.470176935 0.683879435 0.383165836
    2.31371713 -0.315883458 0.715510666 0.205084562 1.60624945
    1.51350367 1.43684721 1.82131267 2.18383408 2.29935718 1.20704043
    0.27068907 0.0991998315 1.57094526 1.40245223 2.00168419 1.72189689
    0.488807976 0.471518636 1.96670377 -0.211088002 1.03889847
    1.78796172 1.98641992 1.83473253 1.45559454 1.54664695 1.31590068
    -0.138208538 -0.120367974 -0.451375425 0.427396238 1.0330596
    2.06007385 0.183313966 1.40413189 1.7383852 1.61747789 1.40866387
    -0.253843129 1.20442939 1.60806942 0.99558872 0.558194876 1.43786788
    -0.453194857 2.0957129 1.29981279 0.588208675 0.437582612
    -0.0609275401 -0.340041637 1.17549133 0.218998969 0.0946198106
    0.708536804 0.593667388 0.103915721 -0.0333687365 2.21434355
    0.409591913 2.08975005 1.83498228 2.05389881 -0.472694308
    0.0985369086 0.100635707 0.215000212 1.5496428 1.2455647
    0.0142210126 1.73835015 0.273372948 1.73054385 0.760518849
    2.18927979 -0.23350206 -0.496788621 -0.606629252 1.77544212
    0.756291211 -0.169622719 1.4339416 0.862998843 1.2142489 0.556378841
    -0.29524672 0.0236694813 2.28430057 0.937432349 -0.348729134
    1.76129758 1.38830638 1.01942325 1.14886808 0.408808112 -0.506503463
    0.733806908 0.0626029372 0.719782412 2.03562903 -0.0914906263
    0.993543148 2.03291702 1.56760836 0.85547632 1.86219168 -0.328698188
    1.24927378 -0.284552723 0.956400633 0.914757431 -0.373006672
    1.57778895 -0.593883336 -0.470959932 0.786854446 0.904262006
    0.62311995 2.18479443 1.39643812 0.0900711417 -0.189800262
    -0.433551788 0.985986352 0.844618678 0.66458118 1.09216166
    1.86528504 -0.403599441 1.3144021 -0.632375658 1.53763795
    0.670456886 0.346013665 1.12237799 1.6722647 -0.336790651
    -0.434283376 1.44684744 0.874093771 0.356504083 -0.28541106
    -0.477590263 -0.574192047 2.06268954 2.087255 0.186321318
    -0.405246079 -0.500565052 -0.23888877 0.969005704 2.2938714
    0.271945834 0.0408353806 0.686561108 0.163017035 0.16533643
    -0.369070679 0.420610666 0.621778548 1.79048777 0.612448215
    0.620936155 1.51481271 1.52082586 0.744167984 2.17624068
    -0.471715808 0.0265473127 2.00125408 -0.038980782 2.02970243
    0.581448019 1.930251 1.26447892 0.886540592 -0.474959314
    -0.635834455 1.68202281 0.13615489 0.248313069 0.331564248
    -0.127473474 -0.0769370198 -0.547580838 1.93255925 -0.198597968
    0.712568879 -0.0748640895 0.643960178 1.2548151 1.393013
    -0.809877872 1.35795283 0.313555717 1.97463727 -0.512190223
    -0.430356711 0.688434064 2.10009241 1.95127344 0.484640002
    0.287018359 -0.121570021 0.511363745 0.429993927 1.60321546
    -0.632138669 2.08588099 0.777713776 -0.361341029 2.01971078
    1.29790783 -0.241588533 -0.756718814 1.76688123 1.51935935
    1.74859047 0.398474097 -0.0187752247 1.03294206 0.847634315
    1.19390535 1.61903501 -0.425002903 1.12286115 1.96038294 2.07171679
    -0.0181737542 0.491464674 -0.491504192 -0.146248579 0.611605823
    -0.487641543 -0.291999191 1.81603503 0.438794255 -0.376461655
    -0.190664351 -0.291392952 0.824006617 -0.532381058 0.909476459
    -0.577631593 2.22086287 1.41453886 1.19069457 -0.335861564
    1.32861686 1.2104528 -0.297715127 -0.419142812 1.13066816 1.49300694
    0.36025846 1.62308311 0.895261228 1.88760543 1.50883222 0.470198274
    0.852826357 0.0578842759 0.451314151 0.44194299 0.0363848805
    0.307977557 1.36618805 0.0764102936 -0.542856753 1.70424557
    0.432010293 0.949001312 0.844014108 1.84508181 0.34691149 1.88550282
    0.232676387 0.817246795 1.15423846 1.15757179 -0.379436612
    1.13266277 0.469339728 0.527868569 2.21391439 0.312718272 2.03414702
    0.247286379 -0.384513617 0.119578779 1.13577545 1.06054664 1.4519484
    0.904337466 1.16911292 1.59985113 0.856639624 0.536169231
    0.213520765 1.7633214 0.662995458 0.308651209 -0.428632796
    0.0978743434 0.96747756 0.407289863 0.163950384 0.771753311
    2.12801504 0.534091592 -0.382086188 -0.590157807 0.065639019
    2.23614955 2.1815865 0.934524894 1.33860159 0.935483217 -0.31558761
    1.65129471 0.418423831 0.801442921 0.380128145 0.482554853
    -0.437152207 -0.556435347 1.97378516 0.564067423 1.18921351
    0.199483097 1.34856427 0.360621333 1.29724073 -0.310389251
    0.128411651 1.24357653 -0.424454272 2.12173796 -0.480610639
    1.18787563 1.8827107 -0.114447594 0.654213488 0.487623811
    -0.297076374 1.06530261 1.68867719 -0.143687844 0.382922947
    1.7213794 2.03950429 0.0919890404 0.829297364 -0.50104022
    -0.448264778 0.0518652797 1.78032231 1.48276067 -0.193640351
    -0.631921053 0.794592857 0.71261394 1.56406164 -0.0741654038
    0.833855748 0.858805656 1.45650136 -0.47595191 1.06225753 1.93022323
    -0.416659743 1.03269887 -0.0358377695 2.13712025 -0.513160944
    0.257605851 -0.630620241 2.00295472 -0.413368523 0.25361228
    0.0938319564 -0.5214504 1.42058289 1.51808834 0.624171197 1.66632485
    -0.124349236 -0.386741668 0.66042155 -0.616235614 0.543152928
    1.97295523 0.336782455 1.40479302 0.201821744 1.22877693 -0.44392848
    -0.440753341 0.924524903 1.85091853 0.120954573 -0.704742312
    1.95372844 0.192804575 0.246430337 2.01348639 0.610636353
    0.231304288 1.54268575 -0.191259265 0.58058238 0.114145219
    -0.717199326 1.99743414 -0.0567575097 -0.396084368 0.470972538
    1.79471147 -0.215620399 0.745062828 -0.780390382 0.608636916
    1.76805329 -0.622690737 -0.19012481 1.94432664 1.72345459
    0.287158906 0.584876359 0.403416336 1.26795518 1.93809307
    0.719094217 0.231526911 -0.277091682 1.24355769 1.01385987
    1.92450547 0.478781939 0.125581264 1.17525005 0.203261375 1.53601038
    1.14123654 0.677832723 1.32085991 0.484497011 1.07031262
    0.0298390985 1.84573078 -0.113481224 0.537728488 0.906085491
    1.17798138 -0.794141054 0.215081155 1.91247141 -0.312634051
    0.741549551 0.14751184 1.07816339 1.98043787 1.95151639 0.752748132
    1.20279884 0.84055835 0.608029187 -0.0421073437 1.62187195
    1.62418103 1.61873579 1.7572 1.46909547 1.9351306 -0.245426536
    0.0528784394 0.408977985 1.45386016 0.492719233 -0.14262104
    2.01202273 1.34961307 -0.809316397 0.705243945 -0.769264936
    -0.535695016 -0.0681796074 1.22625363 0.0578915477 1.4050703
    1.06376994 0.46991545 1.38757277 -0.395365 1.60641718 0.316378951
    1.28474259 0.498865306 0.736088157 -0.592709303 0.588896751
    1.89488268 -0.0688291788 0.698556721 -0.266575426 1.13083768
    1.05791044 -0.20376569 0.125578582 1.42983294 0.79331398
    -0.693750203 1.12912238 0.922012746 -0.0274315476 1.78563643
    -0.101523936 0.361683428 0.00578957796 -0.654905319 1.85499752
    0.786127031 1.16473973 0.43545568 0.537421763 1.53437567
    0.0277325511 0.469719708 1.07463801 0.0885830522 -0.171474576
    0.573809266 0.546394169 1.60136914 0.135508001 0.317881823
    0.795140028 -0.243075103 0.275517941 0.617017031 -0.252192467
    0.380768597 0.120247185 -0.189109683 0.724046588 -0.333148509
    1.67264318 1.1963954 0.65617156 1.46886015 1.02851033 1.35705864
    0.708674431 1.08349061 1.79671884 -0.801995158 0.0308313966
    1.17858624 0.409503341 0.450768828 1.18205476 0.145723283 1.13561547
    1.90575719 1.84131026 0.788224757 -0.13060379 1.00320745 1.13927829
    -0.387871265 1.38454127 0.161037087 0.28501153 -0.333015561
    0.362841487 0.0732932091 0.696865618 -0.720799863 1.71523666
    -0.427394897 -0.691949666 0.981022775 0.835249662 -0.0641169548
    -0.188447356 -0.341561377 0.663788259 -0.359638602 -0.253405094
    1.25924599 0.7105124 0.523740053 0.700596869 1.62069523 -0.383885294
    1.62304115 1.21462619 -0.263981104 0.574819207 -0.438417107
    -0.677692115 0.502782047 -0.36344862 -0.369330227 -0.362653375
    0.831826448 1.18803906 1.87428021 0.439594924 1.86309195 1.65149057
    1.10250974 -0.69753468 0.499966919 0.010622561 0.185423791
    0.322033405 -0.142405927 1.56923652 1.85992861 -0.219268501
    -0.815602958 0.504107118 -0.389037549 1.75788069 1.0155499
    -0.557695985 1.35378599 -0.645811796 1.88166666 0.0346645117
    1.19190335 0.768819153 1.8518126 -0.551897049 1.50248051 0.849074841
    -0.0945334435 1.51891422 1.67819631 -0.0303868651 0.717015088
    1.49194622 1.05556321 0.725864589 -0.495529413 -0.0314664245
    0.421211898 1.89085186 0.720970511 0.3763448 -0.113523662
    0.561261237 0.782238543 0.942795694 -0.218682289 0.57346791
    1.24200964 1.89198995 -0.367967069 1.32068563 1.29620194 0.326314509
    0.00425457954 1.13008511 0.681123674 -0.396024704 0.537518859
    1.04761791 0.485399485 1.08804488 -0.660381436 0.0141758323
    1.26670849 0.253829539 0.916533053 0.786334932 0.675699115
    1.29058027 -0.643903673 1.22969592 -0.467521846 1.45058751
    0.425744593 0.199019551 1.93176198 0.772392929 1.02554393
    0.193815947 0.463065982 0.234551191 0.961412907 0.500033379
    0.623032808 1.13582063 1.4965775 0.163220882 1.73898816 -0.731073976
    0.795276344 1.89618492 0.435167551 -0.944056094 1.15197742
    1.67141986 1.19283319 -0.275269032 1.9320966 -0.82374078
    -0.616946042 1.49821877 1.87029803 -0.739875972 1.19943285
    -0.49454993 0.758817852 1.51801014 0.0546427369 0.985758543
    1.06588507 0.84746021 -0.520100474 0.0402437449 0.642191768
    -0.108915269 -0.480163187 -0.675782979 1.8194896 -0.851933181
    1.85014176 1.67098081 1.46947038 1.13197362 -0.304807484 0.777949154
    1.17437327 1.81565952 1.32457209 -0.840207875 0.714350402 1.01901579
    1.203264 -0.503944933 1.0181967 -0.584084928 -0.264776587 1.51553249
    1.70827663 0.159806371 0.640754819 0.736496925 0.16867882 1.60614443
    2.03491545 0.106618762 1.11343265 -0.050842762 0.910215259
    -0.27825591 0.263173878 0.590784848 -0.225057125 1.33879781
    1.04949844 1.05656922 -0.634886384 1.60788751 1.31820011 0.535538793
    1.09968734 0.220393419 0.55692929 0.741731286 -0.00654649734
    1.08623743 0.576297939 1.32885766 0.940354168 0.977553248 1.94215369
    0.850256562 0.793509007 -0.655025721 -0.696832418 0.649377644
    -0.315625548 -0.651855588 0.281087756 -0.114477217 -0.290671885
    0.955069721 1.57984114 -0.358514667 -0.645393848 0.974461973
    -0.217600405 0.682096064 -0.428179324 1.58306336 -0.389943212
    -0.0279952884 1.15686381 0.343867719 -0.230769038 1.18196392
    1.86169398 0.140190721 1.88458967 1.20354474 1.20020437 1.66462529
    -0.294423878 -0.358026922 -0.759160757 0.963488579 0.25330019
    1.62247705 1.14582503 1.38682544 1.87569571 0.207111478 1.55762982
    0.711621165 1.78086877 -0.450322241 0.0856007338 -0.51878345
    1.61171007 0.108021736 1.33170605 -0.399594188 1.51494801
    0.206831753 -0.0867618322 -0.211201608 -0.629883945 1.64540923
    1.83235562 0.404439211 0.678300977 -0.112169087 1.87096262
    0.26795727 1.76217306 -0.318617821 1.22206759 0.386984646 1.37775612
    -0.828351736 -0.0342168808 -0.441692799 -0.495543182 1.72442019
    0.0739619136 0.245092571 0.695405304 1.73876119 -0.0258075595
    0.0590924025 1.9064064 0.410118282 1.627599 -0.0211738944
    0.227401793 -0.496877819 0.513211608 -0.550730228 1.64691067
    -0.692267776 1.0465647 1.59036922 -0.0425238609 1.95768511
    0.870883405 0.0632855296 1.06505966 1.74329305 0.00318062305
    0.486643791 1.73548579 -0.680716932 1.52512693 0.883642495
    0.418125391 -0.590485871 0.799594045 0.602002323 0.290211141
    -0.172168851 -0.279788971 0.0354654789 0.0456966162 -0.542338192
    -0.367787361 -0.0776039362 0.678068757 0.425842941 -0.861023843
    -0.272092283 1.17420435 1.28629076 1.64166009 0.493359685
    0.924911618 1.54624867 1.30519581 0.983283639 0.611261785 0.16507268
    0.0295883417 0.531743824 0.542254508 -0.119383395 1.75677013
    -0.21186763 -0.406508327 1.56121182 -0.531512618 0.547254145
    -0.787660599 0.815925539 1.88825512 0.723115325 1.98596978
    1.11124682 1.78327954 -0.622353554 1.29342532 0.679686964
    0.393445134 0.135713398 -0.503834128 -0.790373206 1.755211
    -0.711941421 -0.622511387 0.723856211 1.91189241 1.72001314
    -0.471489489 0.015050292 0.255290389 -0.255660236 -0.688532054
    0.76292944 1.13761663 0.923808277 0.887102485 -0.266954541
    0.67067349 -0.438395858 0.039885819 -0.720751643 1.78073418
    0.690546811 1.11766636 1.02866971 1.65335786 1.64579415 1.2278353
    1.11906791 1.31899858 1.30635083 1.40518427 1.11642027 0.11201489
    1.41088748 0.820118368 0.546839774 1.71427941 1.82511747
    -0.853105724 1.66088343 -0.310362279 -0.714664936 -0.162824154
    0.969373524 -0.728583157 1.56780899 0.66079092 1.80013013
    -0.902804077 0.55954349 1.07538915 1.3566941 1.31755638 1.82080102
    1.48993814 -0.0753403306 0.15264833 0.520320773 0.231712461
    -0.830921054 1.80859315 -0.280157983 0.895743906 1.07910275
    0.431085885 0.670354128 1.83138072 1.2744801 -0.0472462773
    0.115931392 0.993347228 1.06181288 -0.00700676441 0.811371207
    0.310927153 0.702076554 0.608135402 1.73500872 0.711468458
    -0.506710827 0.30630815 -0.745281458 0.523584962 -0.640663087
    0.485830426 0.441312075 0.679171562 -0.699746072 1.34419298
    1.56373954 0.155483603 1.78386891 0.0826901197 0.601868033
    1.89163458 0.14200753 0.680727124 0.386904955 -0.500744224
    -0.699424982 1.87174582 0.586716115 1.1267271 0.111747742
    -0.460708231 -0.573052287 1.80059218 0.580050528 -0.512994587
    0.885402083 0.352948189 0.445630193 0.54205662 0.242899239
    1.92241955 1.67947698 0.279391646 0.710926592 1.15488577 0.414496005
    -0.453341007 0.795540571 -0.680031717 1.41887426 1.93695998
    1.16787672 1.40049434 1.41253674 -0.465878844 -0.590924859
    0.10142374 -0.0725752711 1.66349757 0.905434251 1.30534601
    1.89511299 1.80567515 0.41047442 1.13127661 0.37001425 1.04657817
    -0.484429359 -0.725801945 1.57374024 1.16078687 1.44496381
    1.09804392 1.60761249 2.13357091 0.0119214654 -0.112195969
    1.55983472 0.641804874 0.572249115 1.7691884 0.0668072104
    0.203606963 -0.688515425 0.460838437 -0.35603863 0.297474623
    0.730456114 0.560187459 -0.681128979 -0.744045734 0.528177619
    -0.518451452 0.639310241 1.77152157 -0.760480285 1.52989554
    -0.432767034 1.22893488 0.720437765 0.89924413 -0.58202672
    0.933691621 -0.507500172 1.26432657 0.380283296 0.802442014
    -0.715330601 1.86469543 0.325895369 -0.19713521 -0.220386028
    0.264405191 -0.00574892759 1.17558193 1.57251072 0.246605933
    -0.622825861 0.334089458 -0.742351651 -0.157664895 1.85869098
    0.543433189 0.536042154 -0.662628293 -0.272196114 1.30573893
    1.61173844 1.84942663 -0.481257647 1.50652766 -0.313058853 1.2412287
    -0.826333523 -0.700209618 1.55726862 -0.219310164 0.745503426
    0.00484985113 0.098472178 1.31389904 -0.734113395 -0.0204949975
    1.21975136 -0.657006383 1.49447906 1.5648644 1.72132087 -0.890255988
    -0.682960689 1.49730778 0.487723947 0.258647144 -0.862843812
    0.759403825 -0.673736334 1.02243471 1.31539154 -0.707106471
    -0.682316184 0.722740948 1.51843309 0.993222177 1.21340299
    -0.0359963775 -0.393305898 1.45704913 -0.328480363 1.77302074
    1.33662128 0.182391465 0.314285517 0.163158238 -0.457935721
    1.72047949 0.563862026 0.6498487 -0.401955843 0.257429421
    -0.084471941 0.0445563793 1.85124648 0.702219069 -0.270001948
    0.968613923 -0.50820756 0.5493173 0.443369091 -0.0539408922
    0.131835222 0.478427172 0.305460095 0.0371193886 -0.710386753
    0.692365408 1.73080611 0.0294121504 1.76979291 0.437045276
    -0.0186405182 1.11757302 -0.405047894 -0.707777262 0.705607057
    0.917116642 0.693568945 0.0589069128 -0.333390594 0.401294708
    0.187099576 0.717632413 1.13941574 0.684137583 -0.516117513
    0.952824473 1.86854672 0.992030025 -0.665614486 1.07857525
    0.482211232 0.377307355 1.90029979 -0.181423068 0.307518542
    0.601059079 -0.838367224 1.6719656 1.90358233 -0.00281888247
    1.89446545 0.350599349 0.927316427 -0.307633162 0.515236139
    0.777489066 1.30140424 1.61368501 1.73174489 0.482239366 1.74073005
    0.03784585 1.45576262 1.73453617 1.67057109 -0.13431406 1.14014447
    1.01053476 0.706502557 1.15892243 0.38611722 1.23770094 0.772488058
    -0.414438725 0.074480474 0.0201650858 -0.652101636 1.07147586
    -0.829729855 0.263161838 1.07738566 0.266685665 -0.599307001
    0.531534493 1.22085929 2.06523371 0.700089693 -0.47469908 1.1861639
    0.283853054 0.26522094 1.05278039 -0.865342855 0.273679256
    0.163988709 0.388844013 -0.258318961 1.34836614 0.441578209
    0.764236271 0.039578259 0.861279309 -0.447998434 1.45854986
    -0.339145303 0.533080339 -0.464567721 -0.821757376 1.78778481
    0.74172157 1.16822171 1.31303203 -0.530519903 1.22523546
    -0.648803949 1.14219165 -0.388293386 1.45562601 -0.736899972
    -0.503026783 -0.0923975706 0.565058827 1.47138166 -0.199269593
    1.54003119 0.487520814 -0.913224936 0.584067464 0.720695138
    -0.00624811649 -0.145540774 -0.284788728 -0.830467701 0.368033409
    0.464786768 -0.788758576 1.43098283 0.779009938 1.10650158
    -0.475917608 -0.173419356 1.34677446 -0.187693894 0.489065528
    0.823554277 1.33611894 -0.16944778 -0.799004018 -0.13103205
    -0.459974468 1.30423212 0.119817197 1.56536484 0.0738769174
    0.816760123 -0.507162631 1.10317731 0.807002485 1.51840568
    1.13796306 0.760572612 1.95148134 1.3732754 -0.744312882 0.100393593
    1.38322687 -0.66247344 -0.370063514 0.220529675 1.35207987
    -0.43095246 1.95269191 1.35353708 1.28685725 0.122905672
    -0.721827626 0.354148805 1.14910865 -0.671732903 0.983217537
    -0.0734325051 1.41595423 0.835832179 -0.470381916 -0.278850257
    -0.370981216 1.88802922 1.9045912 -0.464010298 1.08196807
    -0.758529961 0.345928192 -0.30362618 0.224840283 -0.72294867
    -0.848141909 0.502554655 1.42400801 1.36973226 1.55164742
    0.637312889 0.0408912301 0.0469428301 0.728482723 1.32758927
    0.551059306 0.116671741 0.72947371 -0.445444554 1.72503424
    0.490998805 -0.799707472 2.04501009 -0.587296009 -0.131711185
    -0.187985778 1.61674428 0.85719943 1.58673644 0.592445672
    0.198515773 1.0444541 -0.0411714315 1.26712584 1.20103884
    0.786966205 1.15731096 -0.434655607 -0.24095726 0.347286463
    -0.0682117343 -0.1750893 0.388064981 -0.778812408 -0.282638073
    1.92123318 1.48223293 -0.2365973 -0.215512931 1.68534851 0.617418766
    1.63995218 1.07425594 -0.399288118 -0.382053018 1.55624533
    0.48612994 1.18313694 -0.580117166 0.558771074 0.0712534785
    1.26824749 1.54194951 -0.802943051 -0.858210087 1.91363287
    0.899407983 1.69737768 -0.735523939 -0.886489272 0.132734776
    -0.10377568 0.0333997607 0.156687498 1.84601665 -0.0798198581
    -0.796957552 1.30580425 1.81738734 1.39247453 1.66981041 0.686157823
    1.62214339 0.286355734 1.00513995 1.47646546 -0.110352218 1.18367887
    -0.201170027 0.486084342 -0.413510978 -0.84993732 1.10292685
    0.74518919 -0.306991339 1.76908278 1.80104434 0.760111451
    -0.315636039 0.276741862 1.17730582 0.880820274 0.989409208
    -0.435151279 0.783114493 -0.213295698 -0.588041604 1.97164428
    0.0589555502 -0.743100703 1.48513603 0.778403103 1.18219066
    -0.273727238 1.36655736 -0.750845611 1.74016118 -0.674568176
    0.285133719 -0.354193985 -0.74494791 1.34507799 0.314303279
    -0.277711034 -0.976185262 -0.904717147 1.43459296 1.15976655
    1.62140107 1.51228547 0.854393363 0.170918345 -0.876295924
    1.72724879 1.16809487 0.491990805 1.13084269 1.73975563 1.27155733
    1.14302099 -0.482701719 1.36040545 0.0666990876 -0.377534986
    1.58790207 -0.683202267 1.89153886 -0.30775851 0.115370989
    0.428357899 0.170811415 1.93101335 -0.595148027 -0.720820308
    -0.741559148 0.168174148 0.604168773 1.2195065 1.7795186 -0.16032058
    1.78705621 0.971705556 1.19950306 -0.272176206 0.349774301
    1.77634263 1.09787273 -0.361702621 -0.354614794 0.24715358
    1.28305697 -0.641014099 -0.503991961 0.335308492 0.83106637
    -0.433014631 0.816432118 1.51662421 0.709567964 1.19253206
    0.470704556 0.149625301 0.365743935 -0.770074248 -0.710982919
    1.09309161 0.817075849 0.902165055 -0.459673405 0.487122595
    1.59206557 1.55264318 0.897346973 -0.501527429 1.66418564 1.89787149
    -0.294447601 0.652270198 0.504878283 0.0646129847 1.64249718
    0.130380392 -0.422997415 0.669411242 1.6911273 -0.0761569142
    0.588285804 1.11098742 1.17560136 1.16529799 -0.190553427 1.77421045
    -0.728920937 1.62469375 -0.66930306 -0.756583452 1.59900784
    0.896096885 -0.693671823 0.490740895 1.42889285 2.16763759
    1.68710577 0.423976064 -0.408698976 0.943676233 -0.827688515
    1.20695996 1.70678377 -0.256267369 0.996800244 1.01782322 1.06024027
    -0.648288846 -0.0165718198 0.62886399 0.168818533 0.73326242
    -0.142832339 1.21708918 0.49719578 -0.836565137 1.00697899
    1.36641669 -0.131954849 1.49355769 0.563699901 1.30017161
    -0.384289324 0.418411195 0.756876171 -0.551631868 -0.50293386
    -0.162253976 -0.0075353384 0.124362886 1.30029571 1.78364491
    -0.690563321 1.72241974 0.975250244 1.37589025 1.11320627
    0.253946781 -0.0672976375 0.948807299 0.302070856 0.38002646
    -0.137878954 0.732165515 0.700928032 0.345385253 0.0559315681
    0.989051282 1.33370614 1.05765104 0.0153820515 -0.345902622
    -0.0981981158 1.718575 1.59488964 0.279177368 1.27504539 0.733279943
    -0.0452777147 1.94363105 1.89513206 -0.641404629 -0.0391813517
    -0.944739759 0.512510121 1.18555319 0.12279588 -0.0484781861
    -0.21755302 1.25969338 1.94777441 0.233993888 0.326135576
    0.387235165 0.982389987 1.54473352 1.77699113 1.61343884 0.475563288
    -0.163914561 -0.691309869 1.6584301 1.96943665 1.7660706 1.2731111
    0.846256316 -0.0348212123 1.52541876 -0.767020106 -0.603161812
    0.560061991 0.237432778 -0.192533374 0.153588355 0.357764661
    -0.816215634 -0.0243086219 1.31552029 0.278319597 1.18019891
    -0.19166106 1.15361416 0.413634837 0.74167031 0.945218027 1.80787778
    1.54305935 -0.130711079 0.752139091 0.39906323 1.5097543
    -0.012147665 -0.0707181692 -0.747259319 -0.909735978 1.29126871
    0.405814886 1.78759384 0.338937879 0.537921071 -0.369475186
    1.57683647 -0.571974277 -0.364992142 1.33441103 -0.318069339
    0.815226436 -0.0079767704 0.545005143 -0.654304385 -0.858880997
    -0.366610438 -0.579965353 -0.70857197 -0.75657934 -0.553448439
    1.2610209 -0.690006018 -0.538767934 -0.0564015508 -0.135102451
    1.59640706 1.70050383 -0.0720139146 1.77659643 0.675145209
    -0.462550372 -0.649007261 -0.705152929 -0.582511544 0.980368614
    1.44961405 -0.139608264 1.36660838 -0.749970317 0.850778461
    0.569452763 -0.279762805 1.27810466 -0.771078825 -0.192136526
    0.240966558 -0.337081134 0.924826741 1.79039288 1.45129061
    -0.729254007 1.56314552 0.948073626 1.08180439 -0.0804303885
    0.555557847 0.166513622 -0.892801523 1.68276286 -0.868040919
    0.846796453 0.628885031 0.0651741028 -0.477261543 -0.53300941
    0.318393111 1.25551367 0.0226407051 1.10750437 -0.860576272
    -0.89862752 -0.624485552 0.39924264 1.65219927 1.76842296
    0.438418388 -0.0248055458 -0.264521182 -0.419088066 0.670409322
    1.76377499 -0.477752715 -0.588259578 -0.136063755 -0.29959166
    -0.868389904 0.253487289 1.71444416 1.44943655 0.980774164
    1.09461796 1.25528538 1.07458913 0.681708336 -0.822030902 1.0626936
    1.33411539 0.929367483 -0.882601023 0.474769175 1.53435993
    1.44557607 -0.833310485 1.27159142 1.72961092 -0.958850741
    -0.137416303 1.16913712 0.530819356 0.185510516 1.71654212
    0.13988322 0.428980768 1.0347445 1.52650654 0.344874144 1.58936548
    1.4341104 -0.67357862 -0.796602845 -0.537690163 -0.182010949
    -0.66669631 1.69055927 0.961738348 1.20198226 0.157208681
    0.299101949 1.52204144 1.25047994 1.06391191 1.31452441 1.46098673
    0.220770478 2.12694836 1.30198455 1.52298546 -0.635508835
    -0.634501219 0.451228261 -0.327908337 0.000942707062 1.10075819
    -0.70671308 0.152346015 0.841009617 -0.397363544 0.736223876
    0.0928733349 1.59792805 0.0568916202 -0.591644108 -0.2314533
    -0.779534101 0.496722162 0.806759298 -0.645114243 1.99451339
    0.0538111329 0.276349962 -0.528916001 0.41004926 -0.168236434
    1.0748831 0.759612083 0.134217858 0.259820402 -0.53841579
    -0.834312677 0.563694179 0.538114905 0.165469885 -0.205882251
    1.79558158 1.41971624 -0.704596102 1.14562869 0.0227559805
    0.862277985 1.45920455 -0.100446522 -0.795368731 1.11882043
    0.279521704 0.146515071 0.178120375 -0.617056608 1.68686509
    1.11351359 -0.626965404 0.99069345 -0.551604629 1.27825618
    0.0846626759 -0.535581231 0.29045552 0.314657807 1.93344855
    1.49499726 1.1186924 -0.0937300324 -0.107056081 0.830781817
    0.993168712 0.246113896 1.78217983 -0.250687242 0.109349906
    -0.665357113 1.73802638 -0.342464209 0.812369943 1.3987366
    0.856099963 1.36810338 -0.120971501 0.811254442 -0.7906214
    -0.191689253 0.604391456 -0.654434085 -0.320234597 0.50679791
    -0.666900098 -0.23144573 -0.0398836136 0.573047519 0.49257648
    0.00451630354 1.52133155 1.21049249 1.37979317 -0.0329201221
    -0.316372573 1.39960253 1.65285158 1.08747506 1.56484246 1.23922908
    0.605861366 0.792503297 0.523083448 1.04517126 -0.00889700651
    1.31663692 0.260958672 1.60284781 -0.505269945 0.628929138 1.1697253
    0.234318733 1.62458289 1.67155111 1.44390655 -0.00248754025
    -0.307533622 -0.749117374 0.0154306889 1.19187808 1.58176553
    1.31967926 1.66251624 -0.898494005 0.239163041 0.970476568
    0.149363041 0.0943843126 -0.346547961 -0.450535595 1.32215977
    -0.358671606 -0.475444943 1.08792281 -0.110958099 -0.360914141
    0.467444181 0.93223381 0.953387082 1.63307071 1.08724856
    -0.452282846 1.12782049 1.26724696 -0.775088012 -0.127380967
    -0.488098979 1.76912832 0.338940024 -0.269713819 -0.319999695
    -0.125540733 1.39730704 1.86949909 1.04659617 0.846226692 0.20627439
    0.91329217 0.026376009 0.79408741 -0.861848891 -0.622543216
    1.6707412 0.75094825 -0.332226753 1.7441237 -0.918091655 1.18097949
    -0.616224766 0.214430213 1.33640718 0.216002941 1.56028223
    1.52537334 1.95847917 -0.589108825 0.195034623 -0.0206339359
    0.370029628 1.34276581 -0.705703437 -0.113769352 1.61135173
    0.758379996 -0.853397489 0.754119992 1.95455456 1.43738937
    0.0731791258 1.45817566 0.280860186 1.12014759 0.141653061
    -0.401852667 0.254573703 1.74597681 0.827873707 -0.336116254
    0.273081064 -0.835400462 -0.784186363 1.34216857 1.73343933
    0.858602881 1.6520772 1.07774794 1.04616058 0.907344222 -0.223183334
    0.252046824 1.68274629 -0.857003987 1.67958689 1.30879128 1.42535448
    -0.840216279 0.543137133 -0.274692595 1.44630075 1.76165974
    1.68043602 1.55494428 -0.562965333 -0.526075363 -0.362539947
    0.977771938 0.167180777 1.01539516 -0.65294832 1.47527242 1.03452563
    -0.743588388 1.61700463 -0.550856709 0.144019365 -0.619265556
    0.514415324 0.181064844 0.132090509 0.568270326 0.979435205
    -0.728801727 1.38856375 1.26890588 0.956696749 -0.544106901
    -0.601089478 0.762175202 2.01744556 2.03488064 0.697116494
    1.05253971 0.784366131 0.874103785 0.00726002455 1.92253888
    1.44005537 0.0173770189 1.64389598 1.5161885 1.67160201 1.75101018
    1.83156061 -0.753479958 -0.389989197 1.33825493 1.40327084
    -0.836479783 0.732142746 0.121046126 0.742443442 0.804385841
    0.482656598 0.545902491 0.979335904 1.6302191 -0.347602308
    0.343868613 -0.694208324 0.727077544 -0.402899146 1.28000116
    0.742860317 0.556032062 1.3433913 0.873316646 -0.654079199
    0.0455930829 0.45064795 -0.694344401 -0.802410543 1.65202117
    1.18308973 -0.921880364 1.24905896 1.68195105 1.25987911
    -0.630033851 0.0154920816 -0.624485612 1.62588072 -0.838563621
    0.962501287 -0.879189849 1.68087268 0.231436968 0.0409496427
    0.935540259 0.409462869 -0.683992386 -0.640350759 1.29973519
    -0.75899452 -0.782626271 -0.541551232 -0.834424078 0.302471995
    1.1914047 -0.891479731 0.822168171 1.70354939 1.59843397
    -0.916003585 1.84185922 -0.155227184 -0.550809741 0.171346843
    0.92949146 1.74578834 -0.50227797 1.63291109 0.946040988 0.473007202
    -0.189053297 0.454203844 1.81927669 1.83989429 0.433802843
    0.176160157 0.0484474301 1.26828647 -0.726161003 -0.47501719
    0.280400634 0.565445185 1.27756107 0.413228035 0.25436002
    -0.362541854 1.87456346 0.200969756 1.67941129 0.985634565
    0.0776897073 0.218913496 -0.852110684 0.668714404 0.0498210192
    0.94332695 -0.717920899 -0.347026825 -0.960362792 0.571225047
    -0.952993691 -0.938164413 0.622892737 0.810390115 -0.505165875
    -0.37570405 0.873509407 -0.0654956102 -0.192496359 1.4114548
    1.236251 -0.689655185 1.66572499 1.2634325 1.81509101 -0.671661496
    0.406839013 1.84162021 1.33371973 0.486675382 0.187419355
    -0.0180904865 0.779370785 1.25467086 0.0289552212 -0.772841334
    0.428434134 0.398008049 0.0805100799 -0.321155608 1.08948731
    1.9164331 1.20529854 1.77836704 -0.721868873 -0.904720902
    0.930492401 0.907313704 0.497186303 0.970627487 0.899040461
    1.12849772 -0.126675844 -0.289946079 -0.638339996 -0.453655303
    0.447441339 1.50642562 0.00405299664 -0.855544984 1.44991541
    -0.153084695 1.09430563 1.75129342 0.101552069 1.7054832 0.579549789
    -0.604228675 0.586806178 0.079667151 -0.790783644 -0.447490871
    -0.0987022519 -0.0406094193 0.92548269 -0.0794593692 0.651605248
    1.90822947 -0.829790592 1.82375455 -0.785137594 -0.58806175
    1.5751158 1.37305117 0.634436548 0.68168211 0.633569717 1.14482522
    1.73919344 1.40235698 -0.756075025 1.78662014 -0.314650834
    0.923099756 -0.397088647 1.15866876 -0.263878584 -0.663568497
    1.32517838 1.2371527 0.773993671 0.928551257 0.523431063 1.13758492
    0.574742317 0.15266645 -0.268694401 0.974437118 0.603407145
    -0.888070166 -0.329233408 -0.446499586 0.743319273 -0.228013158
    1.36329579 1.63592994 1.06364787 1.53152359 -0.436505467 0.249590158
    0.798003554 0.661884964 -0.623029232 1.89937806 -0.320921838
    0.943006635 0.617681026 0.732724428 -0.331956744 1.84430254
    -0.593046546 0.948676884 -0.107292175 1.07804656 0.562292755
    0.0514923334 0.316332698 0.976828873 1.86064601 -0.736211061
    1.17805576 -0.836868286 -0.848296165 1.04013598 1.76417327
    -0.477461517 -0.219709039 1.57083929 0.597316861 1.12964773
    -0.208652556 1.27671468 0.40226692 2.07629967 1.87352538 1.45707154
    -0.635416031 1.61549318 -0.419929802 0.33402431 1.56224883
    0.965387583 1.71069622 -0.155651271 1.23388791 -0.248012364
    -0.744074941 -0.351840436 -0.797506571 0.17155683 -0.252528489
    0.624103963 1.00463676 1.104743 0.934534252 -0.32690084 1.10488224
    1.85401905 -0.520771265 -0.273384511 0.197786272 1.54172587
    0.669853449 -0.864250422 -0.685651541 1.0440805 1.70655572
    0.163577735 0.251512468 1.08445263 1.43160892 -0.716465414 1.0962826
    0.672611237 1.16161442 0.0832146406 -0.43013829 0.420247078
    1.60025167 0.588173091 0.239897311 1.098418 0.946229875 -0.154708624
    -0.0607359409 0.590124965 -0.849279165 1.54020429 -0.486549407
    -0.480105311 0.782562494 1.251544 1.72262812 1.67258501 -0.71025157
    1.12487102 1.25495183 1.57827413 0.371840596 0.879240334 1.01363981
    0.88805598 -0.789709151 0.690868735 0.777082384 1.31731343
    1.10287833 -0.480064571 1.00097942 0.611003399 0.372743189
    1.16582274 1.91558123 0.517140746 1.1458087 0.253910959 0.911455929
    0.0502141118 0.478680789 0.650071263 -0.735834241 1.80774474
    -0.844500721 -0.16633302 -0.000105381012 -0.427645475 -0.662628233
    1.88481116 0.337550104 -0.0394157171 -0.379189312 0.640551567
    -0.211170495 -0.346424937 -0.719949305 -0.701479554 0.248307943
    0.37195003 -0.425284505 0.471036851 0.346926212 1.42249942
    1.10037482 0.89643991 -0.453914404 1.73279631 1.32383049 0.954496861
    0.717339635 1.83345723 0.0443361998 -0.793215394 0.208650947
    -0.79095304 0.643553495 0.846774578 0.785912037 1.7791214 1.57390976
    0.111697793 -0.254170716 0.704177976 0.751681089 0.620687604
    0.138608336 1.02735615 1.1711092 0.118488967 0.428053975 1.81887448
    -0.464611262 1.69471574 0.994862914 -0.604112744 0.425445974
    1.10020745 -0.9125157 -0.072099328 -0.292112589 1.51270425
    0.577942967 1.02408338 -0.343395412 0.226882339 0.383587122
    0.985090375 1.08975768 -0.883157253 1.48849702 0.205956101
    1.57565308 -0.691176295 -0.723751962 1.8353405 0.468369484
    -0.562162519 1.76370513 1.81482303 0.726058602 -0.611383677
    0.549424231 1.70298243 1.05358183 -0.430630445 -0.799274683
    -0.672420621 1.59426141 0.394218206 -0.731950045 0.252431095
    -0.555931449 -0.0604005456 1.86008501 0.434589148 -0.508098602
    0.161471665 0.240261316 -0.344346642 1.3421855 1.76995301
    -0.360034943 0.0211815834 0.749228001 1.75304747 -0.334235072
    -0.526784897 0.714130819 1.42154336 1.82332206 0.0702548623
    -0.137409985 0.668526173 0.612370789 1.24277449 0.419947743
    1.88224065 1.39388728 0.467033565 -0.809861064 -0.219227791
    0.575622201 0.273326039 1.20556271 -0.236801684 1.07636917
    0.862936735 0.539668798 0.852510035 1.62783265 0.0876200199
    1.19602895 1.45508695 0.388168216 0.888236284 -0.343163192
    0.676822186 0.223512769 -0.721475661 0.948613465 0.835362673
    1.64715195 1.89712906 1.48353481 -0.346019804 -0.739413083
    1.42297077 0.646304548 0.114334583 -0.88534528 1.01775932
    0.570366442 1.62312579 1.65305007 1.18853045 -0.862371683 0.6532287
    0.126589119 0.039978385 -0.157894373 1.10825682 0.839502692
    1.22033405 1.30234373 1.11043239 1.65950692 -0.316505671 1.3627578
    0.925924838 1.92902303 0.0112291574 0.230292022 0.160122633
    -0.529190063 1.22944379 -0.521435261 -0.452598572 0.943865538
    1.72501791 0.00348436832 0.438107491 -0.823065996 1.27998722
    1.22728801 1.04728782 1.26152897 1.5955776 1.23613596 -0.392121196
    -0.449154556 1.25930381 0.305806994 0.401607811 -0.0419794321
    -0.279408395 -0.87623781 -0.405148149 1.59524751 0.48627162
    -0.211100221 0.513796926 -0.779671013 1.57026374 1.61202383
    1.04131043 -0.875066698 0.200784922 1.08782792 0.441365361
    1.50528955 1.63150918 0.502842903 0.102149725 -0.970931113
    1.26651788 0.0563459396 0.14094907 -0.863350093 1.96513271 1.4860599
    -0.017847538 1.42823839 0.962393045 0.0968762636 1.09262252
    0.56710279 1.83349812 -0.315689802 1.83355141 0.601899981
    0.684521854 0.971597373 0.597502053 0.73131448 1.11388111
    0.388753116 0.994257927 0.0364006162 0.746101141 1.03326678
    1.19712162 1.78245544 -0.473798692 -0.160450459 0.194575846
    -0.280552864 -0.793513 -0.832412958 -0.743778944 1.70891869
    0.357397676 0.0123536587 -0.736721039 1.49867582 0.408748865
    -0.733353376 0.345148385 -0.301338971 -0.0718138814 0.943168819
    0.0232047439 0.626188159 -0.217163801 0.0646241307 -0.724745989
    1.80840445 1.44596064 0.659767151 0.616206765 0.653504372
    0.764665484 -0.278669477 -0.165850401 1.67133021 0.526208341
    1.73393202 1.25927579 -0.790325224 1.71222389 1.59336114 1.52232552
    0.290246606 1.15088189 -1.00672424 1.59055352 1.26387227 1.05673623
    1.07208216 1.26941991 1.82378471 0.819720626 1.35029793 0.170581818
    -0.603796721 1.54862022 1.56963909 0.047755599 -0.034794569
    0.616792083 -0.382502913 0.396493256 -0.645512283 0.534456551
    0.637949944 0.876754582 0.0933457017 1.35195696 0.90602082
    1.05449402 0.415382743 0.274811387 1.91518068 0.638028741
    0.263406754 1.02078557 1.68961155 0.3234936 1.44139397 -0.201201379
    1.6676935 -0.239361942 0.787620604 1.60326529 0.06406039 1.95283699
    -0.00916534662 -0.897024751 1.08410907 1.17706895 0.91318965
    -0.730243206 -0.51775533 -0.244826019 0.232601166 -0.623693585
    0.823111176 1.66138196 -0.130630136 1.11445093 0.0472644567
    -0.486427039 -0.295763671 1.43437254 1.50177264 -0.0213844776
    0.257158935 1.30226398 1.91570497 0.882395029 0.729411423
    0.224273562 1.74035907 1.55939317 0.496456027 0.611331642 0.73354882
    0.183671474 1.64101839 -0.484615535 0.547335982 1.34954011
    -0.372277081 -0.896725714 1.71239257 1.84867907 -0.111172199
    -0.695280552 1.40748262 1.8035028 0.931806624 -0.979877412
    0.81314373 -0.144488096 -0.421651125 0.395875812 1.8675468
    0.0287050009 1.47019696 1.51775575 0.0150455236 -0.779025733
    -0.103150845 1.79013574 0.417972863 -0.119324088 1.33410168
    1.86841893 0.392074585 -0.218989432 0.174798071 1.32285047
    0.45099169 -0.860570729 0.111017764 -0.773194373 -0.422230393
    0.896675706 0.0768815279 0.16991818 -0.503539443 0.592702448
    1.74985373 -0.519437253 0.120734692 1.47314012 -0.363789618
    1.93784666 0.062106967 -0.118087888 0.73240298 0.179617822
    0.415666282 1.20238745 -0.290285528 0.214084387 1.02822053
    1.08461547 1.34070146 1.49661958 0.583341241 1.64630949 0.109588504
    -0.375733554 -0.321893275 0.00731503963 0.00476384163 -0.317731082
    1.61129618 1.51172078 0.885456383 0.214522243 -0.853268445
    0.662706137 1.76771152 1.61267006 1.47098196 0.948372006 0.127131343
    1.7759304 1.05050707 1.57332361 -0.437331527 0.973326802 1.09185004
    -0.265090644 1.7562294 -0.346654296 1.82969451 -0.681385994
    0.165215015 0.700050533 1.48672032 1.79194736 0.322343528
    0.113026619 1.81381953 -0.588872731 -0.269723773 1.06053662
    -0.382238507 0.888995528 1.41717029 -0.624772429 0.497735262
    -0.676105142 0.976725936 0.99313271 0.818125963 0.72697401
    1.12352037 0.15596664 0.26115644 1.06513834 0.51025486 0.809757411
    -0.455927193 0.288953483 -0.57755965 1.63699484 1.42593265
    0.312961876 0.400422752 -0.756777704 -0.183467269 -0.194624841
    -0.535918355 -0.412194908 1.64730513 0.321443498 -0.320582807
    0.648785412 -0.186909437 -0.595073938 -0.129375577 -0.362339795
    0.573565364 -0.645711303 0.201911688 1.06849504 0.603996217
    0.96855092 0.796046495 1.96065772 0.0048391223 -0.416442603
    -0.402184755 -0.615100801 1.85136461 0.779896557 0.853553116
    1.26730335 0.541579783 0.105189741 0.109901905 0.0754095912
    1.44264436 1.90502191 1.17814398 0.98447001 0.685483694 0.959002376
    1.48937905 1.22656143 1.64242101 1.30672169 0.157468915 1.58876204
    1.53265893 1.59542108 1.04895067 0.911135733 0.842601597 1.52677441
    1.51403904 1.31010103 0.0161688328 0.831609845 1.79053795
    -0.509212911 0.887110472 1.19480789 0.660132408 -0.330872416
    -0.412480652 -0.0512574911 -0.372893989 1.39252853 0.244749904
    0.607516885 0.159532785 1.1382854 -0.844248235 1.49197757 1.4357059
    -0.600665212 0.513344407 0.767220974 -0.732173204 0.206585884
    -0.444006205 1.73963189 -0.885684967 0.868666291 1.09857166
    1.27200115 0.256530046 0.216531098 1.36720824 0.0188241601
    1.04923308 -0.594505608 0.86126852 0.486743212 1.02240074
    0.768177629 -0.516438246 0.127027929 0.875831246 0.78576231
    0.842733562 0.653128326 -0.515947819 1.35841274 1.33938956
    0.670752287 1.45117807 0.209986567 0.726971149 0.695225835
    0.848110557 0.551908612 -0.745308518 1.06599903 1.4686563
    0.104577422 -0.184848845 -0.746366501 1.52394617 1.80639935
    0.711039543 1.40225732 -0.813561082 -0.432275295 0.792445958
    1.12027931 1.65485239 0.877171278 -0.102612138 0.362095833
    -0.686753631 -0.811357021 0.695926607 1.56062818 1.78247452
    -0.614244044 0.536965609 -0.772177458 1.26228857 1.55181181
    -0.285650492 -0.38913846 0.603940904 -0.138667405 1.16093326
    -0.444168508 -0.0288850665 1.32695913 1.51763499 -0.263610005
    0.35846746 1.05962181 0.904934168 -0.782005966 1.65559924 1.49380183
    1.34856498 -0.852240086 1.07249165 1.5483129 0.192725897
    -0.577722192 -0.235747874 1.12550402 -0.748949647 -0.694404244
    -0.664558768 1.9556663 0.263803542 0.447695553 -0.119275212
    -0.0641187429 -0.0699850917 0.0636841059 1.11903143 1.73372149
    0.0566226244 -0.680895925 -0.416406572 -0.593258262 2.08274674
    -0.744033635 -0.703595102 -0.363940358 1.81500387 0.697843432
    0.0753350854 0.217811227 0.173822582 1.29553628 1.13113761
    0.211174786 -0.489637107 1.51601911 0.961989164 -0.321353495
    1.30104542 1.57855165 0.0557357073 0.661261678 0.998460352
    0.695373654 1.66688585 1.73635602 -0.365865707 1.61935163
    0.996435165 1.68276477 0.394854963 -0.170090497 1.33206987
    0.915174365 0.702609539 1.71279931 1.56255245 0.329402804
    -0.434381545 0.457709074 1.13945508 0.577819109 -0.297417402
    1.5702678 -0.246302903 1.81990635 -0.0467689633 0.103818059
    -0.627761245 0.514949143 0.282188773 0.645816028 0.451747179
    -0.231908083 0.922550261 1.74520469 1.05956197 1.63559115 1.78900123
    0.8694911 0.818879724 1.46564531 0.334611773 1.40254748 1.21276844
    1.14052057 0.879108906 0.494119048 -0.0309707522 0.733428955
    1.64244699 -0.00179535151 -0.683515668 0.669898152 0.0441903472
    0.129385352 0.963757038 0.624128401 0.655399024 1.93501091
    1.27482617 0.0822446942 -0.580297232 -0.0237650871 1.86522007
    -0.241880894 1.5881722 -0.19420886 -0.187789023 1.72997022
    0.379735172 0.0184018612 -0.277439713 -0.0919266343 0.0754805803
    -0.780125618 1.52372503 -0.670186996 1.68404877 1.40904117
    1.49325633 -0.835832119 -0.317583859 0.70996052 -0.264390469
    -0.177697957 0.801707387 0.867176414 0.882020295 1.94733047
    -0.179562628 1.01428246 -0.36784023 0.621754706 1.80180812
    1.04596627 1.70270848 0.243044376 1.46341586 0.793902338
    -0.681373835 1.46634531 1.32530153 -0.488572657 1.52127683
    1.83043861 1.16153657 -0.0778930783 -0.653527856 -0.920708954
    -0.837467134 0.91490829 0.758639038 -0.386943221 -0.722134113
    0.59692049 -0.563574433 -0.298196793 -0.879327536 -0.800548911
    1.82237172 1.22794688 1.49449718 1.26909494 -0.548945069
    0.00401043892 1.06276882 1.50733066 0.709501147 0.303815842
    1.51851988 -0.394058704 1.5060457 1.61341834 1.17584276 1.2307843
    1.83962393 0.328613222 0.119930446 1.21321344 1.62639225 1.8414793
    1.21135461 1.28700912 0.986638606 0.465816736 -0.848835111
    1.18820584 0.243954957 -0.0183305144 1.84683943 1.01001787
    -0.763523519 0.96921277 1.17048669 -0.309330881 -0.645653844
    1.28864634 1.52523613 -0.58749491 0.0538091063 0.292824149
    0.849115312 1.70553577 0.831483364 1.37654197 -0.288809419
    0.914221287 0.992010474 0.506663561 -0.0584183931 0.874501765
    1.17737484 1.55799091 0.615699291 0.142677009 0.211449087
    0.732625246 1.37241364 0.321149468 1.68425751 0.904889703 1.05731106
    -0.967231512 -0.929685593 -0.618853927 -0.892144084 0.0534835458
    1.9250021 0.179215789 0.664161563 1.91618621 -0.048776567
    -0.376205981 0.138424516 1.54409146 -0.00507694483 1.52371454
    0.549357951 -0.220902205 -0.0571782589 0.630037844 0.808057129
    -0.502839506 0.370493054 1.02731574 -0.505833387 -0.865974128
    1.79370451 0.514519215 1.23877168 0.841502666 1.80177295 1.04011917
    0.0784941912 0.142975688 0.697780252 -0.0998952389 -0.0720849037
    1.42365742 0.575875878 -0.625655651 -0.800161898 -0.766178429
    0.936058939 1.84530771 1.81578326 0.587339878 -0.748774409
    0.209160149 -0.736774921 0.898193121 0.464782953 1.4394269
    0.802485704 -0.463966489 -0.310984999 -0.779289365 0.0531908274
    0.215771854 0.86218363 -0.527483702 1.14779806 0.818040609
    0.048550427 1.32907963 0.887913764 1.23674607 -0.268948793
    1.67445445 0.409512758 -0.747979164 1.73898196 1.13307822
    -0.245206177 1.50419021 1.3569963 -1.02471399 -0.624552131
    -0.101372898 1.03305387 1.67089236 1.47455359 1.51319242 0.707594156
    -0.472106397 -0.875629723 1.44817722 1.50067341 -0.852196097
    0.417480707 -0.651973128 0.271662772 -0.461605847 -0.113400817
    1.5889864 -0.836155891 1.70187569 1.53236341 -0.823737979 1.05129194
    -0.589107633 1.44173574 1.34434581 1.17146039 0.296786487
    0.153900623 -0.888392985 0.325296044 0.281984568 1.06776047
    0.470969915 1.39337802 -0.0469951034 1.21952593 -0.742192268
    -0.619754314 1.21375847 1.63625205 1.3010118 1.56528366 1.09432399
    1.03469539 -0.0551843643 1.51444757 -0.45332551 -0.407875359
    1.73091197 0.885486722 1.59916043 -0.22310096 0.447811544 1.35717332
    -0.343979537 1.49790943 0.834032297 0.250536025 -0.00792813301
    -0.248782039 0.193576515 0.445814729 0.493757844 1.18717301
    -0.696662605 0.522991061 0.288417816 -0.321499586 -0.156354666
    0.431128621 0.878494978 0.255774915 1.11730182 -0.00567191839
    1.14096022 -0.811304688 0.53783828 -0.390762687 0.501385152
    1.44320905 1.79213285 1.43537879 0.6083799 0.115116656 -0.267146289
    -0.877115786 -0.185924947 0.97335732 0.744893253 1.82849216
    -0.581313193 -0.276097357 -0.10138011 -0.3834759 -0.822346389
    -0.468241185 0.614735305 1.59630835 -0.738391638 -0.665117264
    0.657336235 1.49954236 1.69958568 -0.389773488 0.0336279869
    -0.787671089 1.87144685 -0.800033212 1.71491277 -0.455888569
    -0.959774554 0.0592234135 1.71704805 1.49725425 -0.954765975
    0.89914453 1.12135553 1.64171767 0.136778057 -0.0857234001
    1.20429599 -0.569907188 -0.378401637 0.516885281 1.33347011
    1.31511486 1.59901142 1.00745523 -0.742779851 0.316666722 1.08701777
    -0.766308248 -0.24851054 -0.705054641 0.527798891 0.672829747
    -0.754861355 -0.684711695 -0.132012129 1.84286821 0.674026549
    1.86764097 0.549211383 -0.277532876 -0.351085365 1.28777528
    0.881993413 -0.73475945 0.753460646 0.247970462 0.584174752
    1.33582664 -0.967702985 0.906605184 0.0786393285 -0.856501102
    -0.636935174 -0.539148569 -0.286613345 -0.165012002 1.39001143
    0.237994909 1.74366748 0.839951634 1.25741959 1.46419096 0.375299037
    -0.563685298 0.183492899 1.59246254 -0.239593744 -0.796481848
    0.697063446 0.81648159 -0.0799920559 -0.231816113 -0.280220568
    -0.114205003 1.77858996 1.89596522 1.41376448 -0.420910656
    0.658020973 0.127625167 0.175994039 1.82696807 0.356479168
    1.59022927 -0.359597981 -0.120311439 -0.625576854 1.63932836
    0.23290056 -0.271211147 0.817750573 1.50963771 1.15466547
    -0.731078386 0.598400414 0.0549461246 0.659804821 0.535689771
    1.27620423 1.46335042 1.50601399 1.553056 1.48555708 0.0853250027
    -0.268599987 1.22077084 0.900402188 1.08106017 0.474087954
    1.83844519 -0.106012106 1.2754159 -0.464963287 0.12615633
    -0.808721602 0.535057366 0.783472538 -0.79575932 1.72032118
    0.453623414 0.586969197 -0.778827429 0.675786316 1.00247157
    -0.412961185 0.461866975 1.12828219 -0.621762872 0.717786193
    0.743527591 0.878031552 0.797073364 -0.380772173 1.2603159
    0.449667633 -0.718871057 1.45862925 0.460572302 1.85018158
    -0.010833621 0.36209774 -0.786041021 1.05797815 -0.736174881
    -0.122316957 -0.679194212 -0.561106443 -0.638765216 -0.935401499
    1.17782593 1.78643811 1.08488584 0.884436905 1.79863012 0.116682589
    -0.531153798 1.66588545 1.98913658 0.865640402 0.202230752
    0.357999742 0.256662369 -0.369589388 1.90818608 1.86233115
    1.54795814 0.654544532 0.209348321 -0.593423069 1.0389719
    -0.390506029 -0.160715699 0.451791227 -0.241456449 1.1871202
    0.977644205 -0.662480295 0.640908122 0.869384766 1.37983739
    1.25114441 0.93814826 1.76490712 1.13383913 -0.805768847
    -0.533264816 1.64199686 0.492100239 0.102347791 0.357223988
    -0.363156259 0.95296824 -0.831804097 -0.308216512 0.168494582
    0.575254917 -0.861532152 0.494769931 0.786576986 -0.00165241957
    1.58111429 0.395375431 0.101867616 -0.437225223 0.209977806
    0.135336041 1.65859365 -0.613481164 -0.603701532 0.309919298
    -0.0752528906 0.902569234 -0.723173618 1.23136103 0.766743958
    1.62858343 0.766740561 -0.239489496 1.46131039 1.2703352
    -0.324040353 1.59818983 -0.259800613 -0.00686442852 1.58132792
    1.285303 0.776829302 1.70594978 1.28387332 0.784105659 -0.0948082209
    -0.407304406 0.717818558 1.04861832 0.882234216 -0.776448667
    0.517020822 0.771009922 -0.333803833 1.1214087 0.636574984
    1.78728437 -0.433281749 -0.155613244 -0.175103426 -0.688312948
    1.29013443 1.70072782 0.615756392 1.05192089 -0.373167098
    0.551202536 -0.856431365 -0.956577539 0.634174168 -0.81379199
    1.4138236 1.75853467 -0.287032485 0.162312806 1.34688771 1.94990218
    0.0897569656 -0.549633384 1.52569675 1.87475586 0.118970633
    0.858124495 -0.270015001 -0.675589442 0.589001358 0.398865223
    1.27315426 0.364262104 0.314869642 1.49510169 -0.95162487
    0.580789983 0.688227952 0.0614796877 -0.477016807 1.16342711
    -0.929901659 0.655274391 1.0529623 1.80130827 -0.894937754
    -0.00172245502 0.180852592 0.764623582 -0.8434273 1.03662801
    1.26114297 0.499241948 0.149287403 0.0977918506 -0.263520122
    -0.89615202 1.19670248 0.892342746 1.18989193 1.55256283 0.327207446
    1.87714636 1.86974192 0.0101249814 0.276535392 0.425285935
    -0.0947766304 0.965560138 1.08288884 1.5300914 1.8293345 0.404577255
    1.04638159 0.229832768 1.77192271 1.42265129 0.253737748
    -0.481102288 -0.102961302 -0.542096972 -0.585317492 1.98441505
    0.0848742127 -0.0244005322 1.94143414 0.0903089643 0.711659789
    0.0339922905 0.00850605965 1.72082353 -0.634381175 1.09418416
    1.39205194 0.659967005 1.1728723 0.825129211 0.80501318 0.691150844
    1.17556679 1.83188987 -0.484771103 0.10915786 -0.639802575
    0.363246262 1.55081415 -0.697386861 1.58496165 -0.428838134
    0.4721331 -0.834845126 1.73075581 0.52891171 -0.721536934 1.66110229
    0.679979682 1.54714727 -0.488393545 1.39169645 -0.71791482
    0.447192788 0.443379045 1.66159511 1.13526678 -0.0609756708
    0.215329587 -0.439749926 1.0068059 1.54828691 0.523135245 1.42374134
    1.09778357 0.0168972015 1.79414105 0.783103943 0.0222180486
    0.9680143 0.98243022 1.88307261 1.269521 1.78899586 0.173382759
    0.0822771192 -0.432005882 -0.249226987 0.135119319 0.0481533408
    0.406053364 1.52368391 1.49407375 -0.515939832 -0.87253952
    -0.764699221 -0.856433451 0.967768848 0.0718337297 -0.529961586
    0.881748915 1.63206816 -0.110892057 -0.441753983 -0.341131687
    0.15788424 1.70312905 -0.107665122 -0.540137231 1.08395851
    1.33736169 1.12127078 1.950822 2.21897793 0.752647519 -0.721705973
    0.90136385 1.21756053 -0.315257311 -0.878412008 -0.928074837
    -0.817385256 -0.501827061 -0.891652107 1.70124376 -0.241024613
    -0.573113978 0.526649415 -0.877332628 1.69308877 -0.915765405
    1.4851439 -0.548683643 1.70461428 1.6283406 1.38939071 -0.348133564
    0.488300323 0.313932061 0.912150621 -0.718143821 1.57697225
    0.834164023 0.273997784 0.915033817 -0.336469471 1.3765949
    -0.88131988 1.23501647 0.569936395 1.78099024 -0.140473902
    0.0665714741 1.60522437 -0.665059388 0.991198659 0.322111607
    1.26517689 -0.668506861 -0.83310616 1.2044127 1.8036803 0.669111907
    0.402375281 -0.331496775 -0.169163108 -0.00536745787 1.23000574
    -0.518804729 1.39903128 1.39781141 0.0534592271 0.953728318
    -0.743448496 -0.786072075 1.23347998 1.43035603 -0.483604372
    1.61291599 1.07762694 -0.101041198 0.15809828 1.24039698 0.200601876
    -0.599029541 0.481127799 -0.219968796 1.58829474 1.56848741
    0.838193059 -0.183089733 -0.00823956728 -0.171124756 -0.218517303
    -0.744950294 0.800081253 -0.668115497 1.62579191 0.800954044
    -0.0645056963 1.32281995 0.0342670679 -0.361729503 -0.518636346
    1.06351256 1.91239548 -0.844443321 0.856471717 -0.968396127
    -0.507457674 1.26905513 1.14685833 -0.311987698 0.986465156
    0.159582853 0.793852985 1.54110122 -0.895271838 0.387841344
    -0.411232173 1.71130776 0.0226580501 0.414739251 0.771303773
    1.83877265 1.71970069 0.52314353 0.318860114 -0.864951253
    -0.524156332 0.220626116 0.817609906 0.12953347 -0.288834333
    -0.424129605 -0.11977756 -0.714133143 -0.138403714 0.988464713
    -0.991015494 1.39316702 0.864324808 0.478177667 0.659065425
    1.67007923 0.527290404 1.7839669 0.0491722822 0.0901238918
    1.24088204 -0.454271138 0.38981539 -0.0251542926 -0.865970552
    -0.761818051 0.340696752 -0.118279994 0.28411001 1.61702073
    -0.068936646 1.23146033 1.03385174 1.63060772 -0.0552076101
    0.450761437 -0.00333666801 -0.31645149 0.0744635463 0.62332654
    -0.454850137 -0.205979884 -0.34338665 0.0123705864 -0.202967525
    1.36164975 -0.652019918 1.12110901 0.457821131 -0.498755813
    1.1619525 -0.798080087 0.314517796 -0.385807335 -0.471928567
    1.95096934 0.916223228 0.262507319 1.23843503 0.87310797 1.70768809
    0.449508011 -0.378897369 -0.572838068 1.08222246 -0.281958938
    -0.479479939 -0.544679284 0.239402831 0.190919936 1.29711366
    0.157283247 -0.00425553322 -0.652374744 1.88563585 0.37111187
    -0.571454287 0.135809124 0.548891246 0.126022041 0.0499725938
    0.667526782 1.03361368 0.432467699 -1.0316118 -0.109003842
    1.75082004 -0.206819475 0.239017725 1.84177065 0.169221342
    1.28559935 -0.919295669 1.55644226 0.14051491 0.135491669
    -0.835794151 -0.638085306 1.88788068 -0.482620716 1.94424522
    1.58447134 0.754618108 0.211646438 0.698043942 1.06503546 1.56969976
    1.61508107 1.5760628 1.74929571 -0.793111444 -0.344805777
    0.0805482268 0.999452412 0.297858298 0.528923392 0.109427869
    -0.262567103 0.935738862 1.07892549 1.24765742 1.32734036 1.96697521
    -0.200999916 -0.170115113 1.4741137 -0.580591679 -0.542891979
    0.533707321 1.59359908 -0.80926168 -0.0602466464 0.260334671
    0.709830165 -0.955189109 1.64508545 1.59216237 1.69796968 1.73792446
    1.97780871 -0.401124895 1.1396625 0.700462162 -0.0374054313
    1.3978982 0.538290143 -0.568046212 1.52880716 1.81097698 1.68485069
    -0.865895212 -0.500038922 1.83346438 -0.248537123 -0.660957575
    1.62674403 -0.761329651 -0.595523715 1.29736638 1.31497967
    0.727872252 0.271547437 -0.523961961 1.4359026 -0.080055356
    -0.0437870026 -0.384494364 0.628914237 0.224696279 1.39336765
    -0.305962265 1.52825665 -0.585297346 -0.85819304 0.127765238
    0.569350839 1.32912469 0.696607053 -0.930137515 0.117058396
    1.6937288 1.19949615 -0.404007077 1.06654239 0.168937683 1.56831384
    -0.834777534 0.696404159 1.91006637 0.200264394 1.18399143
    1.81140554 1.38953316 1.59098446 0.676331639 0.247184396 0.527662277
    1.77645957 1.80276561 -0.512583375 1.29066789 -0.761887074
    0.456073403 1.1950165 1.09548974 0.14376533 -0.428988695 1.26856995
    0.935703337 0.0874229074 1.36485624 -0.775183022 0.0330050588
    1.05131984 -0.458000004 1.15238452 -0.84479928 -0.313060284
    0.960450351 0.585051954 1.3389132 -0.404969066 0.366263866
    0.991938949 -0.227936983 1.99895144 0.621838033 -0.416837066
    1.80490899 -0.0131723881 1.87520695 0.77687043 1.92753232
    -0.0520884395 -0.902128935 1.760782 -0.147506535 1.07670307
    0.865954995 1.09100831 -0.843935251 1.26431739 0.397181809
    -0.593390107 0.0815652609 -0.103214562 -0.312932968 0.571827829
    -0.243668377 1.41182876 1.39764214 1.64196193 0.734473825
    -0.484995365 0.322599173 1.08461142 1.64911079 1.50590765
    0.700488448 -0.806873083 -0.82169503 1.36818767 1.93500912
    -0.123859882 0.366171539 1.3797276 1.56039023 1.68826783 1.14499569
    1.31203318 -0.466560304 -0.344958901 -0.265351832 1.03168333
    0.58998251 1.33047068 -0.915241361 0.146029532 -0.426537037
    1.72504711 0.725125968 0.0252995491 0.15400517 -0.666661978
    0.800259709 0.852010727 -0.447764397 1.89196217 0.189544618
    -0.693608165 0.375563085 1.46372306 0.242419839 -0.0448411703
    1.73228407 0.981437743 -0.844737232 1.63162374 0.217261195
    0.0375359058 1.66260624 -0.304000914 0.888172865 1.01880121
    0.588228166 1.67243266 0.694626451 1.1298995 0.754521549 0.470449746
    1.45879841 -0.18325913 1.08751249 1.14637256 -0.321558654 1.69227898
    0.617702186 1.6255033 0.129993498 -0.0782261491 0.702487528
    0.602074921 1.50498617 -0.736159086 -0.0857650638 0.00100761652
    1.29497337 1.65022016 0.997662485 1.10269916 1.33947575 1.18558192
    -0.77871865 0.729217708 -0.906310618 1.06195533 0.525053382
    -0.83657378 1.80387366 -0.484705985 -0.684118211 1.13184536
    0.235308766 -0.957650781 -0.924935222 0.147174597 0.0460007787
    1.37095547 1.3625499 -0.297537386 0.57430315 -0.433975726 1.34888041
    0.606202424 1.12853599 1.41368401 0.689374506 0.0354556441
    -0.585296988 1.18638229 1.49349976 -0.0902643204 1.05857134
    0.186872005 0.487165809 -0.722296119 -0.783039451 0.708878458
    -0.621777058 1.56525993 1.60540938 1.51504087 0.549662471
    0.00643724203 -0.705042362 1.906039 1.49678349 -0.609983921
    -0.546967983 -0.769531012 -0.60976398 -0.127045274 1.71328616
    -0.49265185 -0.762675762 0.481615663 1.17162037 1.93789721
    0.56319654 1.4749788 1.00899947 -0.885819018 1.57819867 0.785498619
    1.34050691 -0.450677544 0.550293028 0.620544672 1.61035347
    0.0163910389 1.36233997 1.30037713 0.0437688828 1.65029383
    -0.353352249 -0.0486341715 1.63050961 1.12537384 1.70110774
    -0.479637951 0.287879646 1.97604585 0.556389868 -0.694681764
    -0.202562392 -0.555580258 0.357040644 0.789312005 1.75970507
    1.60633004 1.39807677 0.444991112 0.114491582 1.7447089 0.25793767
    0.100637317 1.38625956 1.02223098 1.70068824 0.561668813
    -0.918908477 -0.848647892 0.919828951 0.896264732 0.856732965
    -0.674083233 1.67222893 -0.749155641 1.03233862 1.46085572
    1.01433992 0.852400959 1.5624845 1.7068367 -0.0755643249
    -0.534899056 0.176143646 -0.647145152 -0.551503301 0.851651847
    -0.746548414 -0.198200047 0.832193673 1.4403733 -0.608444214
    0.361171544 1.15256488 0.864724576 0.172342658 0.00485521555
    0.875981212 1.48137212 -0.472497642 -0.289353132 0.438099921
    -0.0827020407 1.8429997 -0.181366324 0.0266113281 -0.842630923
    1.77674174 -0.172130704 -0.430822849 0.367997646 1.72371852
    0.371605694 1.59896731 -0.319380701 1.92031074 1.16325128
    -0.590683222 0.385038018 1.03423607 -0.698821306 1.45659316
    1.16338634 -0.894118667 1.34830594 0.485635042 -0.409203529
    1.88735127 -0.283212423 -0.977754712 1.41798401 1.84245455
    1.75926566 -0.926022768 1.05923069 0.516082942 1.69563603
    -0.45669204 1.25755405 0.160635531 0.879603684 -0.410422802
    0.857936442 1.6461736 -0.134814799 1.55502486 1.32627225 0.328239739
    1.71282864 0.000802159309 1.18842101 0.556610465 0.256892979
    0.796930194 -0.270621598 1.56371689 1.78533185 -0.628666997
    1.22277153 1.60461223 0.382606745 0.00905442238 0.956165314
    -0.50073576 -0.604860306 1.75301456 0.158617139 1.7621094 1.78001118
    -0.861806571 -0.307465613 1.10447299 1.42228103 -0.434658229
    1.11985111 1.37272763 -0.768750787 1.69683862 -0.0777905583
    0.685263276 0.518047094 0.172351122 0.392507017 0.548303485
    -0.360553622 0.972316146 -0.797083259 -0.0481641889 1.55407763
    -0.587406754 1.6752646 1.26709616 0.656221867 -0.529956996
    1.77046251 1.73573077 0.072360158 0.550431669 -0.134780169
    0.675969601 -0.803648293 -0.570624113 -0.853535652 0.490344226
    -0.00639736652 -0.0223413706 -0.580457807 0.471316934 1.01079035
    -0.784851789 -0.39349699 1.53218699 -0.534382105 1.9281671
    1.00240314 -0.893318176 -0.189136088 1.12170684 1.75146818
    1.74420238 1.24429846 -0.917839587 -0.380270422 0.099591136
    1.86965013 1.3559866 1.77488279 -0.259015203 0.761186659 1.4599309
    1.01154578 1.3283422 0.123479843 1.02735162 0.798750639 0.063354969
    -0.71417284 0.108907819 -0.440145493 0.293413818 -0.783257782
    -0.529487491 1.24934793 1.29967904 -0.232201815 -0.906158507
    -0.471320778 -0.595314145 1.93139732 1.4614892 -0.71065563
    -0.0162912607 -0.797099888 -0.367998362 -0.88244313 0.0134871006
    0.0797892213 0.471597433 -0.695481122 1.51060271 -0.517915308
    -0.071511507 0.235039175 -0.208864033 0.221625686 1.21223235
    0.0509557724 1.87080646 -0.551445484 1.33899784 0.206630468
    1.13845396 -0.00646835566 0.941143215 0.791648984 1.72512841
    1.97539413 1.32092762 -0.118856072 1.29154253 0.67275852 0.707338333
    -0.0908079743 1.36526597 0.422562122 1.71072996 1.6527524 1.26686454
    0.971475482 0.749898195 1.32532191 1.23907924 -0.804274917
    0.601174355 1.93147516 1.46952128 0.207632124 -0.447916746
    -0.818069935 -0.0363500118 1.56206489 -0.377521455 1.57578945
    1.39076674 1.63009238 -0.65182507 0.167939782 1.67256045 1.61187637
    1.86369252 -0.138863266 0.0377283096 1.01728141 1.54831326
    0.21889782 0.74065268 -0.66974169 0.233735919 0.863966823 1.12717521
    0.589360476 1.41016817 1.51463079 -0.0965514779 -0.686831117
    -0.0333585143 1.35105562 0.753346443 0.793217778 -1.00197721
    1.55551624 0.562664747 0.42059797 -0.580343008 0.874983907
    0.36852777 1.30139732 -0.181386352 0.158186674 1.30412233
    -0.10623914 -0.180141449 0.536333919 1.73694158 0.458068609
    1.65163136 1.2484225 -0.898203611 1.47008133 1.24841261 0.302314162
    1.70488334 1.37473345 1.75201035 -0.409679413 -0.231742263
    0.88263464 -0.688328266 -0.834061861 0.930911303 1.15559721
    -0.116051376 1.84646201 1.68931627 -0.180423498 1.01251185
    -0.464170247 -0.270947278 0.72777468 0.29208827 1.88076615
    -0.482720912 -0.641349912 -0.15674448 0.983617663 0.304322243
    -0.359056532 -0.783816874 -0.738631904 0.480610073 0.362290382
    -0.886907101 1.54110086 0.821813583 0.448797107 -0.0193829536
    1.64136553 -0.616089463 0.202012181 0.281790376 1.08016241
    1.01676142 0.360334694 0.461833477 -0.845213413 0.0317187309
    1.37400723 1.72422481 -0.0703427792 -0.610207081 0.526631534
    -0.86672914 -0.497346103 1.17235518 0.539502501 -0.525180578
    1.22390962 0.717615426 -0.673006654 0.179645121 -0.178164303
    1.98387861 1.52215314 0.535065413 0.300647557 -0.00620734692
    1.4678241 -0.123745143 -0.0169116259 1.43400729 1.72203434
    1.20997357 -0.257794321 -0.617893994 0.608727098 0.148667514
    -0.873741984 0.334497988 1.31462455 1.78473973 1.43155801 1.59589696
    -0.00962257385 1.04754448 0.694970071 0.502376735 0.415128052
    -0.922202051 1.40325725 1.25536549 0.0925461054 1.85680389
    1.32010305 1.25309944 0.919058084 1.44810402 0.316784382
    -0.646522284 0.0383986235 -0.832332969 -0.389842927 1.02421141
    -0.466506541 -0.266302288 1.36824489 0.546823025 1.24327588
    1.96277094 -0.704997361 -0.33782351 -0.377233207 0.0881998539
    0.748968422 1.93966794 -0.556474686 0.036519587 -0.375327706
    -0.577489734 -0.303223193 1.94245458 -0.241413414 1.84643364
    1.3630681 0.959741533 1.79410553 0.452485621 0.0702908635
    -0.906893253 0.298516572 -0.0133241415 0.951958835 1.45385456
    -0.593464017 -0.432264209 1.26484132 1.33178675 -0.00831615925
    1.46795595 0.690495729 0.995455861 1.56172454 1.54657078 0.633932829
    1.82709205 -0.935169399 0.0362101793 0.22398138 0.720116675
    -0.272527575 0.338793397 -0.211715102 -0.641573191 1.30386436
    1.53222656 -0.174107611 0.493127763 0.90029037 0.518874884
    0.92671752 0.0235548019 -0.671141982 -0.667363465 0.234890223
    1.65628982 0.373223305 -0.156934679 0.0803747773 1.42663646
    -0.59095788 1.75675964 1.61352789 0.487091124 0.941404402 1.57620049
    0.159263015 1.88135028 -0.26288569 0.410847008 1.04171777
    -0.39793992 -0.290402472 1.45572591 1.52780485 -0.445532143
    1.42137003 1.49770951 0.460563421 -0.253000855 0.481714725
    0.989251733 -0.310892761 1.27181745 0.259411454 -0.44207114
    -0.43746084 -0.541148663 -0.101264715 0.0289913416 1.08130491
    -0.298011184 -0.86879307 0.991510034 0.938952804 -0.890808463
    0.629010677 1.46267116 0.995738626 -0.65121448 -0.649013042
    -0.580277026 -0.449934989 0.0728091598 0.843858778 0.141090095
    0.666669369 1.59279287 0.623728037 0.808017492 -0.854681313
    1.63497782 1.28704154 0.526205659 1.56636739 1.31119418 -0.612615108
    0.317090273 -0.669466853 -0.429648519 1.44203138 -0.667909861
    1.5127871 0.0518116355 0.12498641 1.65413165 1.63066578 0.747057199
    0.423951149 1.7575202 -0.305723548 -0.773870468 0.905559301
    0.198490977 -0.172292888 0.696600914 1.46247578 1.75335407
    -0.0325893164 -0.514051378 1.77100635 1.57128382 -0.340818405
    -0.573482156 -0.995449126 0.0498800278 0.509685755 -0.691005647
    0.399681866 0.709941745 0.483761311 -0.637424946 0.0917858481
    1.46362114 0.973934174 1.24672639 0.508888245 -0.826257229
    0.308552027 1.51832712 -0.551495671 -0.374421656 0.856999218
    0.281611383 -0.338033855 -0.365063369 0.0217544436 -0.0990485549
    0.512193561 0.840874732 0.0724044442 -0.520830333 0.532389104
    -0.197720408 1.40545869 1.53183234 0.609330058 1.43628693
    -0.540551424 1.86783457 0.67616415 1.24558711 1.43508148
    -0.153554618 -0.172345519 0.0984069109 1.82523465 1.73303115
    -0.176823199 0.290180564 1.60619259 1.57964039 0.0168656707
    0.218797565 0.0689679384 1.10723376 -0.847091496 -0.452340424
    0.327265203 0.765355051 1.30496609 -0.698049426 0.252978325
    -0.761622548 0.722849607 -0.80888468 0.569765329 1.16734755
    1.81859684 -0.782572508 -0.530967474 -0.857063055 0.421333432
    -0.500340402 1.81384826 1.51517045 -0.741844535 1.82628322
    -0.647584915 1.50895965 1.71454918 0.795764089 1.62557912 1.7714411
    -0.566329598 -0.749908626 1.74529099 0.928624272 -0.631591856
    0.960576773 -0.338288307 0.979138136 1.88177538 1.03979111
    1.02558017 -0.594647288 0.181841969 -0.441799432 -0.296971381
    0.22758615 0.962491333 -0.673698783 0.175022244 1.45621276
    1.47867298 0.17456162 -0.0367321968 1.85889578 1.15334272
    0.401563644 1.7440145 -0.544341087 1.79320526 -0.695540428
    -0.050232172 -0.127353013 0.169284344 1.44388032 0.422786057
    1.80327392 1.39278948 1.12651968 1.05018187 0.873263657 -0.635451376
    -0.42497161 0.498355746 -0.113263547 -0.793376029 0.233508229
    1.40490222 0.0374674797 0.439700305 0.663942337 -0.0880265832
    1.11090589 0.231903315 1.1795541 -0.478687197 -0.430196196 1.2550199
    -0.257803619 -0.0590482354 -0.194307387 1.69124115 1.64487779
    1.56284678 0.917901754 1.61078918 1.3270998 0.156341314 1.66299856
    -0.0583069324 0.807111979 1.25894439 1.81977665 0.340142608
    -0.516032457 1.66972685 0.41580385 0.848830998 -0.00913590193
    1.75624037 -0.943688929 -0.631958723 -0.756032169 0.92005688
    1.00559974 -0.898884058 1.50843024 1.85329652 0.252822101 1.75709856
    0.721609652 1.91155863 0.917354941 0.825556993 0.916971445
    1.25085819 1.17191505 -0.574691176 0.418231845 -0.139383793
    1.14755702 1.94947314 -0.33389914 0.810323775 1.09502316 1.31338525
    1.21067715 -0.369839072 -0.687975407 1.22006321 0.152649701
    -0.539712846 1.23068237 1.47687769 0.141404748 1.50248444
    -0.142380357 0.214370251 0.588743269 2.24341965 -0.298537195
    1.72018647 1.71029782 0.260846972 0.307224452 -0.0385330319
    -0.448406577 1.81916022 1.93645477 -0.869084179 0.685725451
    -0.237844944 1.87150562 1.20616996 1.273247 1.85344565 0.899340272
    1.32303357 -0.414098561 -0.440296113 1.58016169 -0.526803017
    1.80255687 -0.344011962 1.48745799 -0.245916128 1.42688048
    -0.803152919 1.43057442 -0.411559343 0.794250488 1.82374775
    1.61335039 1.52374303 -0.767787278 -0.651166201 -0.549195588
    -0.117681026 1.46489298 0.261387348 1.82727361 0.049321413
    1.73070025 -0.561549067 0.531789184 0.473254204 0.192327678
    -0.543298364 0.142284513 0.16399473 0.407820344 1.35987175
    -0.933298945 1.03078771 1.76902854 1.85086858 0.179296494
    0.283582568 0.353677094 -0.152133703 -0.41483748 1.41202009
    0.297215998 0.770767391 -0.0851892829 0.113099396 1.88092542
    0.904172003 -0.600907803 0.531140745 0.528568566 0.826112747
    0.405361831 1.3427012 0.8810215 1.53920984 0.751306653 1.3196857
    0.0970493555 -0.494786799 1.55520248 0.804396927 0.941940367
    1.02980673 0.769837856 1.8277936 0.258200407 -0.746478975
    0.522936583 0.771732867 -0.428016901 0.936370611 1.59919453
    1.13244653 0.567419887 0.373967886 1.07344675 0.817605376
    0.378760338 0.525017619 0.721046686 -0.316475511 1.26504636
    -0.619933605 1.5214026 1.5731101 0.474924386 0.984107912
    -0.812431216 1.56035268 1.90514994 0.863436997 0.908800781
    0.472589552 -0.309680343 0.452889621 0.508348882 0.121703327
    1.66910315 1.81086779 1.06150985 1.34220362 0.464491248 -0.57482636
    0.316919088 -0.765393496 -0.774432302 1.4460355 1.16420722
    0.543894589 -0.472059906 -0.0363112688 -0.191235185 1.05020881
    1.50835586 0.669607401 -0.791487992 -0.791662693 1.59239602
    0.780264497 1.66034031 -0.814814687 0.840801179 -0.551216841
    1.29275787 -0.718357503 1.16635108 1.8346504 -0.288479745
    -0.261114836 1.0052464 -0.646678925 -0.182240188 0.665302813
    0.551977515 0.219741344 0.736481071 1.30128515 1.34682405 1.15647984
    0.502668858 1.30496883 1.23541713 0.000380337238 -0.78597331
    -0.488464952 0.172829211 0.897074997 0.991666913 1.57563221
    1.75498009 -0.477787554 -0.961883962 -0.898885965 0.110690832
    0.637494087 -0.0173230171 1.88430429 0.981015444 -0.311338186
    1.16622138 0.526341021 0.786453426 -0.810919702 -0.812997818
    0.319346309 1.96550035 0.0131770372 -0.770716548 1.3372246
    0.354831636 1.62888777 0.937613428 1.68240047 0.377146244
    0.623084784 0.873380899 1.77410388 -0.609306693 -0.106464207
    1.73762333 0.211865544 -0.434684873 0.735490799 0.806471229
    1.35960937 -0.945224047 0.165502787 1.78001201 1.58505392
    -0.634606242 1.40011311 0.904148996 -0.0214341283 0.312277794
    1.55320513 0.288906157 1.36835909 0.837444961 -0.113191724
    0.0770878196 0.87319839 -0.345444143 -0.908376157 0.739736855
    0.52721554 0.730593681 -0.365201771 -0.681862116 0.205643833
    -0.915174603 -0.934935272 1.17948198 -0.233010173 -0.8158921
    -0.336006284 1.65467119 1.08682466 -0.700745225 0.414388061
    1.3910259 -0.107302725 0.0236265659 0.580607235 -0.43409431
    0.563753545 0.347359478 -0.170136094 0.782758057 1.16775465
    -0.542244911 0.479350269 1.15445304 0.882873297 2.08947802
    0.480686426 1.19404173 1.88770711 -0.475085497 1.71184397
    0.356246531 1.08176208 0.697798491 1.80705595 -0.325172544
    -0.277849376 0.14842689 1.26792872 0.499962211 1.81953108 1.41471183
    -0.232096612 -0.867286623 -0.828905523 0.339403331 0.35516125
    0.877890885 -0.950499177 0.873832583 -0.23968786 -0.53659749
    0.937427998 -0.570830226 -0.846806407 -0.142949343 0.930148542
    -0.226237595 -0.00224334002 1.66006577 1.21667957 1.64117229
    -0.0965258479 0.445245147 -0.368979394 1.00529563 1.56270671
    1.80426216 -0.770039916 0.532725811 -0.740962029 0.324325442
    1.14324188 0.0782808661 -0.853449523 0.920067191 1.69275439
    -0.0262829661 1.34781766 1.80506194 0.461891055 0.169961333
    0.625969172 0.951528549 0.980128646 0.624982715 0.659358144
    0.92236191 0.558989108 0.604265392 0.26668185 0.21762991 0.592226386
    -0.825553298 1.11331344 -0.655844092 -0.0738242865 1.69226837
    0.603256464 -0.67009145 0.551910043 0.985493302 1.34327137
    0.446872711 1.47048306 0.493638277 1.26824737 0.945114315
    0.955173433 -0.337864876 -0.287059367 0.766785502 0.968521774
    0.458862424 1.14127171 1.35898101 1.76018167 -0.354246795
    -0.953891516 -0.156946898 -0.680154562 -0.261101067 1.59347987
    1.46656919 0.0265908241 1.03472447 0.193659902 0.0174012184
    -0.915362597 0.547799766 1.71553493 0.564584374 -0.00199240446
    1.31216574 -0.00338339806 0.217744827 -0.405693412 0.0449743271
    0.0289894938 1.96689761 0.999391198 0.171378016 -0.332761288
    1.67332864 -0.706596851 -0.64047128 -0.569693446 -0.784761369
    0.223772347 0.924957633 -0.317161739 0.281909823 0.458366513
    1.96961212 0.271215975 -0.137945175 1.09088147 0.478728235
    -0.975970507 1.08322024 0.456154943 -0.444784462 1.18628299
    1.68554151 -0.792810619 -0.329817474 0.305081427 1.21377146
    0.801412523 0.432333469 1.4197458 -0.385284185 -0.166809201
    0.434109628 0.513449252 1.47363067 -0.0809574127 0.926033676
    -0.188103676 -0.903844476 1.22275066 -0.122342825 1.68091512
    1.66118872 -0.977850318 0.576287031 0.52673924 1.52357888
    0.123716772 0.613989413 1.16169727 0.422098994 1.13995647
    -0.382630825 -0.183236241 1.429263 1.83273602 1.35877657
    -0.211953461 0.709623098 1.68355858 1.15997028 0.00624042749
    -0.764499068 1.19974589 1.08141196 -0.00110262632 -0.49020642
    0.870464027 1.02888429 0.323675036 -0.662777662 0.263929963
    0.457132399 -0.614594758 0.851671338 -0.343223929 0.288643658
    0.0792961121 -0.784527957 -0.248318255 -0.230472863 -0.38240844
    0.328285158 -0.87328732 -0.823211968 0.40053463 1.63651669
    1.22323847 0.819976211 0.25532186 0.93740499 1.39403033 0.0983706713
    1.37952363 1.44778264 1.1200006 0.199382186 0.494182527 1.64087915
    0.530941784 1.19870389 0.366697073 1.48902214 -0.903446138
    1.11348462 1.78346109 1.08417773 -0.854473472 1.22202361 0.704102516
    0.0594090223 0.757051826 0.669212818 1.63110805 -0.198763728
    0.215486586 1.56627226 0.943756282 0.453095496 0.0525494814
    1.61517692 1.11628091 -0.739407122 1.21235538 1.08255243 1.79590034
    0.182394266 0.133358896 0.551161528 1.23292291 -0.01267308
    0.348842978 1.75440192 -0.792705059 -0.780768514 -0.0706012249
    0.844784081 0.0450016856 1.38506281 -0.273097932 0.31476438
    1.28342938 2.070333 2.05837393 0.422281444 1.31432509 0.515039325
    0.726698935 0.769777715 -0.534388363 1.24770379 0.205052614
    -0.510191858 1.57323074 -0.421318054 -0.405380845 0.732648253
    -0.622263312 1.16743255 -0.322274625 0.30270195 1.56052065
    -0.498205036 0.991044044 0.900299191 1.04988122 1.24556971
    -0.77750963 1.22004151 1.57787383 0.124189496 -0.78867209
    -0.434703529 1.86438656 1.89508057 1.17446637 1.24021888
    -0.591355145 0.852812648 0.896165669 1.90681732 0.772151351
    1.07357168 -0.520989418 1.36135054 -0.360924363 -0.452567041
    1.17664266 -0.738320768 1.91555166 0.826004028 0.926291347
    0.116755605 0.339139462 -0.263471663 -0.331184387 1.61623287
    -0.161211908 0.768321514 0.475324392 0.901041865 -0.536498427
    0.682885885 -0.0441782475 1.86228347 0.61505419 1.00595689
    0.752966464 -0.397573173 0.699001312 -0.642699838 1.40833664
    -0.126520097 0.160923481 -0.631115139 -0.581074238 1.02912772
    -0.331282794 1.62362444 1.84315932 1.41448307 0.485593319
    -0.417750955 0.220421731 1.51919889 1.75909972 0.573634505
    -0.87611866 0.186521292 1.43864191 0.5286448 1.68347335 -0.161961198
    0.462582111 0.724321127 -0.444985986 0.381157994 1.02464163
    1.31416082 -0.0264792442 -0.730551243 1.0757339 1.69205999
    1.56754136 -0.0386365056 -0.406367064 1.47196293 -0.597917795
    -0.553987503 0.520491362 1.25954926 0.567268193 1.41001225
    -0.546004474 -0.0555193424 0.37712431 1.59452641 0.445039988
    0.846037686 -0.462457001 0.116861224 0.809566259 0.462281287
    -0.427130193 1.83321905 -0.723287463 1.85463667 -0.317131221
    0.843268871 1.86589599 -0.492243171 -0.406319797 -0.373486876
    0.489488125 0.845091939 1.73596406 1.61915529 1.09793758 1.17941058
    1.42308664 1.71698892 1.35692263 0.289773583 0.510951698 -0.68781507
    0.197086453 0.794914067 0.57671988 1.07960033 0.224449694
    0.742776752 -0.680945516 1.85217214 -0.706128895 -0.388879538
    0.0978626013 1.32359612 0.460155785 1.19667554 0.594475985
    0.224263012 1.29729581 0.143645525 -0.158042669 1.80915833
    1.49077022 0.128027618 0.287653744 0.914011359 1.69853044 1.35768771
    0.6452595 -0.576361775 -0.0430915952 0.496426046 1.33608794
    1.26968873 1.64709949 1.82924533 0.313677847 1.78960204 1.12959528
    -0.475857198 -0.601817012 1.42179394 1.81214738 -0.740465522
    0.259790421 -0.125750124 1.60143685 0.160445035 0.601379633
    1.40408397 -0.517445445 0.318010151 0.715188622 1.47068954
    -0.0492283106 0.994270265 -0.734846532 -0.184452116 0.593715906
    0.478918314 1.46385193 -0.452616096 -0.615850091 1.15580225
    0.818185687 1.43527234 0.754972935 0.838049173 1.84429252
    -0.261270285 1.86180878 1.34384644 -0.596747637 -0.159403026
    1.00761557 1.92170763 0.9732306 1.36318564 1.1887418 0.617358446
    1.30475426 -0.884730935 1.45480621 -0.367847085 1.63448024
    0.825487614 1.64992476 0.270478964 1.71219277 0.705316246 1.13979685
    1.70761812 0.937311709 1.05103493 0.329015434 0.446345508
    -0.489336461 -0.778053999 1.89102423 -0.0742042661 1.04769206
    1.33075023 0.222692907 1.53109503 -0.454130262 1.65647984
    0.645472944 -0.0508052707 0.893479824 1.24851274 0.626398325
    -0.4514651 0.162596941 1.6196785 -0.0407922864 1.36919749 1.4078002
    0.753638744 -0.450356096 0.191453278 1.21206141 -0.640802503
    1.75416374 -0.630390763 1.31665766 0.22851193 1.50676894 0.76042974
    1.7231921 1.68337023 -0.604240417 1.88709116 -0.828101039
    -0.266951919 0.423761904 1.25958526 1.04984426 1.03309894
    0.484831393 -0.395641804 0.695917606 1.2741909 0.38496238
    0.232435226 1.16717434 0.865014791 0.887535989 1.15233779
    -0.72315985 0.616367579 0.954161525 -0.213940799 -0.601208448
    -0.229720592 0.23822391 1.57448709 0.135648429 -0.777096808
    1.93877435 -0.579056621 0.650568426 -0.090187192 0.980947912
    1.72711611 0.225067496 -0.765491009 0.614231348 0.628302813
    -0.771213412 1.08005559 -0.085532546 0.137702227 1.36680329
    0.37397182 0.845069885 0.475902915 1.7753824 -0.363037467
    0.662163973 -0.682489395 1.00171566 0.549565911 -0.437135816
    1.4849205 0.569792509 -0.644926667 0.264747739 1.16077781 1.45598042
    1.52237546 1.14058948 -0.304285705 0.585911512 -0.590916514
    1.89886689 -0.225830674 -0.28769356 -0.958269358 1.15499842
    0.40155977 -0.881651998 -0.436926484 0.342426419 1.27496171
    1.48480916 1.57950675 -0.702712655 -0.314865112 1.05766678
    1.41606033 0.152511001 0.21798718 1.5572207 0.189808488 1.71409631
    1.32552993 -0.543882728 1.28673768 1.26211691 0.326533973
    0.512227058 1.40059686 -0.696971595 -0.098246634 0.621632576
    -0.729339659 0.170689642 1.57110846 1.57688606 1.77468729
    -0.701090217 0.347193241 -0.591411471 0.887007296 -0.461468548
    0.305592835 0.627336562 0.238185048 1.6536324 0.445810378 1.22049475
    -0.737510085 0.908244967 1.4348371 0.730676353 -0.785559893
    -0.183177352 -0.173644304 0.644607067 1.78852272 0.480898261
    -0.830031037 0.252187431 -0.0136730075 -0.303738594 0.999361157
    1.65239072 -0.52468276 -0.290562749 0.024907887 1.16922045
    -0.481740236 -0.669118643 1.23125255 0.185135186 -0.728736877
    1.82767045 1.34350479 1.30682087 -0.324956656 0.505860627
    0.116566181 0.272142589 -0.867795229 0.676109433 0.833087385
    -0.801942647 -0.431355864 -0.259008944 0.263513982 1.46444082
    -0.702402055 -0.413616419 1.37661576 0.493335605 -0.405715227
    0.899083614 0.916261733 -0.31080091 0.909571707 -0.655634046
    1.7729156 1.86746538 -0.292352855 1.30075979 1.56652117 0.2488603
    1.15081501 0.157087386 0.660517335 1.19479644 1.23629284 0.147254109
    0.108484209 -0.1095981 -0.489675939 -0.526136398 -0.561759353
    1.11762238 0.607089341 0.877825141 0.326940536 0.577223778
    0.478700221 -0.920054734 0.744878411 0.280758381 -0.931415498
    0.715597749 1.83566689 0.953997731 1.45955694 -0.922930479
    1.69411993 1.28354406 -0.640700698 -0.800312281 1.0403254
    -0.281081498 -0.143352807 0.531927705 -0.625863969 -0.0975363851
    0.302554131 -0.225026608 1.54265678 1.31217575 1.76449001 1.28744686
    -0.292970955 1.37188673 0.50685215 1.33155107 1.319731 -0.518538594
    1.01121473 -0.304591656 -0.45298171 1.21402395 -0.112904549
    -0.150336802 -0.283930242 -0.588261306 0.00408703089 0.856142938
    -0.310093999 1.16511965 -0.880076528 1.75411701 -0.426640958
    0.434875667 -0.0126398802 1.02211547 -0.422600865 0.093723774
    1.41381919 1.7535069 1.01587665 0.912766933 0.511151433 0.305559754
    1.46265507 -0.516538322 0.367014766 1.42067289 0.647697985
    -0.387566507 0.788435578 0.736808538 0.690343738 0.366351128
    1.85920835 1.05372274 0.49928081 -0.309022546 0.785664439
    0.929341197 0.344081402 1.32450128 0.947206736 -0.848393202
    0.943075061 -0.256278813 -0.906278372 0.391567707 -0.884484053
    1.20279658 1.01460886 0.138537228 -0.814801812 0.399913907
    -0.79944396 -0.436775923 1.29495788 1.55892444 0.548148513
    0.0511940122 0.0390765667 0.235574424 0.368671596 -0.262651742
    0.337765872 1.80465865 0.557238638 1.77973664 1.2460897 1.71261168
    -0.871244669 1.86255646 -0.00611019135 1.57799554 -0.384668648
    1.86589062 0.930461764 0.897888422 0.0347007513 1.79820347
    1.53270197 0.261182308 -0.99179703 -0.0897842646 1.21911275
    0.0481997132 -0.00572609901 -0.917384684 -0.957845151 1.0594039
    1.45545065 0.829923868 1.05312955 -0.0956655145 0.973768234
    0.0831019282 -0.648584008 1.29868817 -0.882466912 1.74430323
    1.0370574 1.53748739 -0.833036602 0.467697442 0.394571006 1.36412597
    1.79273963 0.418647587 1.38639104 0.64795053 0.804974079 -1.03020394
    1.04879332 1.47915494 1.2304306 1.38188064 0.435314894 0.86227417
    0.395990968 -0.872641981 -0.298139393 1.74216568 1.65949321
    0.769011617 0.710809469 -0.757233202 -0.750617802 1.55216026
    0.735997021 0.225772738 -0.0710937977 0.556898952 0.966409564
    1.01335812 -0.220407426 1.26227808 0.158051789 -0.313200653
    0.860826135 1.97205973 -0.0439170599 0.531022072 0.860856295
    1.32323813 1.02696455 0.261818349 -0.684797525 0.990728676
    -0.038529098 -0.350573421 1.44239795 0.231242955 -0.395394325
    1.91263258 0.689952016 0.465347469 0.475404501 0.668112516
    0.904882193 0.0118550062 -0.878266692 -0.209372818 0.711064994
    -0.31679368 0.552475452 -0.0286094546 0.49550873 1.3091706
    0.199642479 1.74242222 1.49921787 0.619556189 0.880734384
    0.973044395 1.55254424 -0.474710345 1.37654757 1.47836018
    0.724587083 1.25656724 1.09685671 -0.377341986 -0.417274654
    1.43171895 -0.125466645 1.9832232 -0.909131348 0.696231961
    -0.881078005 1.19674063 1.45146227 -0.560628951 0.34070158
    -0.0272912383 0.976855397 -0.00415021181 0.450482965 0.797833085
    -0.522626877 -0.703672647 1.23390365 -0.107702851 -0.902649343
    0.478200972 0.304497123 -0.428842634 -0.578843832 1.70955825
    -0.572132111 -0.280455828 1.88382697 1.28287029 -0.524030328
    0.87884587 0.912904739 1.30002356 -0.185408294 0.850596309
    0.186283708 1.375337 1.27830184 1.07486284 1.74241817 -0.667165637
    1.63862395 1.02881289 -0.912880421 1.128757 1.26037538 -0.711953878
    0.211343527 0.641799092 0.131812036 -0.624367356 -0.172820091
    -0.836011648 1.32134366 0.524213493 -0.546465814 1.10134482
    0.010812521 -0.419393182 -0.803876042 0.889864445 1.65013564
    0.0695673227 0.367345333 1.41299129 -0.271007597 -0.53550446
    0.77190274 -0.162184536 1.52230179 -0.829592705 0.0212430358
    -0.0890854597 -0.571957827 1.97531211 1.11119521 0.67871207
    1.75551689 0.163984954 1.11687827 0.148117185 0.501540959
    -0.246490777 0.924523413 0.48577559 1.02890801 -0.0927034616
    1.81522596 -0.31897527 1.52101493 1.68150282 0.849128067 0.860742986
    0.401875794 -0.40600571 -0.608261406 1.73086929 2.26254988
    1.77423239 1.55201292 -0.385818541 0.675460815 1.13557136
    0.0828365088 -0.813525677 -0.607540011 -0.403692424 0.154415846
    1.48338008 -0.396675527 1.29130709 0.894833088 -0.321765006
    1.82530069 -0.0654804111 1.59878588 1.05285001 1.81770134 1.30103326
    0.933160305 0.0732359886 1.52428007 0.648408532 1.38706005
    0.323400617 0.168804169 -0.227589309 1.3605938 0.670642793
    0.88065362 0.443984747 -0.810910344 -0.68018806 1.53878307
    1.75525343 0.432278395 1.66792965 -0.708227515 -0.759574413
    1.35962808 1.93682981 -0.43211174 0.461213231 0.860623717
    -0.400675297 0.955956101 0.773078561 0.832707286 -0.648136139
    -0.0366066694 1.50588346 -0.698383689 1.77237535 1.79752648
    1.80950749 1.20706999 0.209048986 0.498279214 1.74525666 0.422501683
    -0.363102138 1.44868994 1.52717996 -0.248874843 0.526947141
    0.761796236 -0.433416724 0.941512942 0.0661474466 1.18688512
    1.87364841 -0.63540554 0.66790247 0.820858479 -0.494980395
    -0.054610908 -0.626508296 1.77963042 -0.342617035 -0.333724499
    -0.193946898 0.504781604 -0.669910431 1.59872842 1.3683219
    -0.679695964 1.12936473 0.954912543 -0.190879822 -0.556961
    1.33323002 1.04431915 -0.564282238 1.10605574 0.801628232
    -0.0998544693 -0.557510853 1.90133047 -0.346847594 0.412606776
    -0.814128578 -0.200415969 0.0784035921 1.14870894 -0.130926907
    0.79563117 1.74201775 -0.0838125348 0.745650589 1.00640488
    -0.676563203 -0.159830332 1.82144094 0.372233868 0.919587672
    0.830756426 -0.841538787 0.817363501 1.37184477 1.85208344
    1.75491476 1.32804751 1.77478814 -0.694585919 -0.407821 -0.537388206
    1.22755551 1.34859705 1.27930498 1.79047287 -0.822363734 1.6844331
    1.27387631 -0.704043984 0.775512576 -0.696126044 0.0700967908
    0.788314462 -0.146783769 1.53917742 -0.48440069 1.73865485
    0.33149451 -0.672561109 1.35134935 0.38914901 0.515304327
    -0.102573276 1.3946985 1.85762167 0.692085385 0.0292294025
    -0.873184562 0.782326996 -0.621050596 -0.256501079 -0.76373136
    0.660671473 -0.475388229 -0.0464656949 -0.4656896 0.804395556
    0.868133366 -0.55051434 1.26934361 0.317158222 -0.155515313
    1.61891925 0.43830055 0.919803798 0.585093737 -0.10918957
    0.207535684 0.400940955 -0.768859625 1.29486167 -0.237998664
    -0.414772272 -0.27738595 0.365668058 1.64808965 -0.533940494
    1.18635297 -0.784750819 0.890015841 -0.290821373 0.806057036
    0.113161743 -0.0799475312 -0.162534118 1.6526978 1.41234398
    1.43845344 0.576337099 0.0645294189 -0.863318563 1.77801061
    0.680927515 0.0193564892 0.310449004 -0.201601088 -0.519029796
    1.19230688 1.10895634 1.86648834 0.739195108 -0.472563863
    0.872862697 0.27838856 1.92360473 0.0651785135 -0.359100759
    1.15676928 0.0372924805 1.29102015 -0.0663304925 1.39480162
    1.60365272 1.26250577 1.44624579 -0.146806955 -0.771147013
    0.504223228 -0.610448122 0.00943058729 0.287129939 -0.0105930567
    1.07567048 -0.705797791 -0.472145289 1.70012307 0.0783473253
    -0.725855112 -0.62917608 -0.0571246743 -0.736257851 1.0741334
    0.872975349 1.71307158 -0.305227935 -0.382564157 -0.469293237
    1.01235247 -0.466178209 -0.315173268 -0.00261253119 1.66937518
    0.718839049 -0.889915109 -0.161825895 2.0763135 0.967572987
    2.02914047 0.10242486 -0.392736375 0.148194432 1.57005477
    -0.544708252 0.00596755743 1.23036671 1.65300858 -0.72690618
    1.82320678 1.366292 1.50993669 -0.211636126 -0.780896425 0.162914157
    0.69574213 0.703001022 1.78815544 -0.407183349 -0.416228831
    1.8788743 1.33163798 0.598438501 -0.217081368 0.505245984
    -0.502937078 -0.362234235 0.270895123 -0.363426387 -0.321629703
    0.483529627 -0.860123754 1.073277 1.4866842 -0.795042753 0.420968115
    1.3736527 0.0731407404 0.0188884139 -0.368524373 0.707988381
    -0.719108462 0.815313339 -0.203347325 -0.4279719 0.284983933
    1.84786332 0.351295948 0.0433084965 -0.62276125 0.671360373
    0.267677307 1.44763696 0.0508798361 0.582386613 -1.07510281
    -0.0975300074 1.2594316 0.431087852 1.83768964 1.7884028
    -0.0642192364 -0.663524747 0.484174728 0.814344406 1.43791997
    0.915027976 1.51009107 1.4671874 1.04889774 1.688218 -0.42731005
    0.622756243 0.475708842 0.151104093 0.322944999 1.6410048 1.08156943
    0.251107156 1.47609019 1.04289937 1.65266025 0.701233923 1.87267852
    1.6080699 1.85579634 1.77205729 -0.393742442 -0.689198852
    0.344740629 1.83428288 0.391007543 1.59380198 0.782279849
    0.458392143 -0.898224533 0.567877531 1.01182997 1.64886105
    0.664210856 0.0158256888 -0.152886152 -0.300249517 1.75822377
    -0.511955619 0.622154355 1.52098632 -0.609797359 0.14449054
    -0.724392176 1.8288542 0.475107372 -0.650273681 1.81758904
    -0.767052352 -0.245534539 0.00977730751 1.83849263 0.161546409
    0.296222329 0.209232509 1.94892979 1.25155854 1.96136999 0.888688266
    -0.80485028 -0.444688082 -0.593361259 0.793724775 -0.589283586
    0.235953987 -0.776482224 1.12884498 1.30255032 1.65186977 1.54173088
    1.45020843 0.643616199 -0.485636443 -0.272106171 0.0706577301
    -0.144456983 -0.40829891 0.819949925 1.69266057 -0.344388008
    -0.647786617 -0.912376106 1.26010966 0.398867071 1.27707362
    1.81987238 1.21151447 0.162312031 -0.321521401 0.578211904
    0.929833829 1.04960001 0.925342321 1.33781922 1.74323678 1.40133142
    -0.838346958 0.750497162 -0.323804319 0.259457707 0.604681671
    -0.878024459 1.42156744 0.338773012 0.82308495 1.66211891 1.25043035
    0.152365088 0.963324368 1.1435771 -0.446537465 1.46131444 1.92230463
    -0.690440893 0.765568435 1.12426496 1.65035033 0.106949925
    1.04470348 0.563239396 -0.298128307 -0.64581424 -0.55512774
    0.182660937 1.88707566 0.839017987 0.0125370026 1.68029261
    0.683460116 0.976943851 1.35727608 -0.877468824 0.883570552
    -0.743261695 -0.553889394 0.969742954 1.37576032 -0.10575211
    -0.0151824951 0.558276892 -0.873270154 1.3693521 -0.529435277
    1.88907647 -0.396207869 1.6423192 1.2541436 0.178040862 -0.572131395
    -0.452053577 -0.683670461 -0.10597223 1.76861823 1.49495566
    1.63031995 0.269202948 -0.482138038 1.67317498 0.842208743
    0.441103756 -0.945125639 0.32071048 1.88679981 -0.687918127
    2.00957656 1.10478306 1.25052059 -0.241204083 -0.700111628
    0.937152267 -0.264023244 -0.0341928005 -0.679384172 0.0993016958
    0.447015405 0.0442143083 1.21429551 0.444515884 0.2174505 0.03993541
    1.83664608 -0.705206394 0.28243953 -0.138372183 -0.458009779
    -0.714826584 -0.236698747 0.925388753 0.719943523 1.93601203
    0.0990966558 2.23264742 0.339264631 0.482289791 1.92750049 1.8964982
    -0.249600112 0.907638669 1.83412266 1.13122594 0.282108307
    0.0024241209 0.352672577 1.8853426 -0.497712731 0.139527678
    -0.118007362 1.31822562 0.598090172 -0.0805879235 0.171557784
    1.27523315 0.862950683 0.573922157 1.44011164 1.08675027 1.12259912
    1.95555234 1.48771036 -0.682659388 -0.372742414 -0.591284275
    0.774071515 1.24552917 0.217651546 -0.712529361 1.85610938
    1.54447293 -0.0385323763 -0.864091575 0.240357041 -0.822721899
    -0.0944423079 0.560165524 0.867141426 0.86535418 1.35537922
    1.26011336 0.607792139 -0.35813117 1.81470251 0.393989801
    0.0791963339 1.30042601 1.6219691 0.681574941 1.22192466
    -0.266964853 0.909930229 0.264210105 -0.70012784 1.85597908
    1.63951087 -0.676911473 0.892870426 0.165494919 -0.569428682
    -0.962201238 0.416947842 0.481157184 0.215229869 -0.086672008
    0.92228055 0.49694252 0.227715492 0.897657275 0.918024719
    -0.826773405 -0.59180665 1.99469459 -0.803936124 1.73796391
    -0.0706976652 -0.136850238 1.19437337 0.346621871 0.547795951
    0.400631785 -0.391923785 1.03673649 0.522359729 -0.404273033
    1.01671314 1.51516008 0.623843193 0.84222579 0.585953712 0.332330823
    0.439814091 0.434885502 1.08589113 -0.132048666 -0.569111526
    -0.247655869 1.97437394 1.49814415 -0.079767108 0.500411689
    1.79229808 -0.320975363 -0.00633561611 -0.720129013 1.09079683
    0.842358589 1.13175738 -0.709062278 0.107817531 1.16881776
    0.850366592 0.200511098 -0.452272236 0.428458154 -0.792669535
    -0.274568796 -0.712385654 1.33546007 -0.45399484 0.528610587
    0.789728403 -0.861679852 1.69161558 0.176098585 1.13728213
    1.67623675 0.323875785 0.353705168 1.38271022 -0.272891819
    1.15596938 1.48230767 0.542465687 1.5783174 1.1044668 -0.679860175
    0.24306488 1.75316811 0.384890079 1.48287153 1.34827924 0.180904448
    0.780338347 0.375846386 -0.903056741 0.547841907 -0.684786081
    -0.676974356 1.58506286 1.02531838 0.545347512 0.24916023
    0.407519519 0.666580737 1.65175605 1.24428308 1.89689636 1.39236426
    1.28615785 0.113214612 0.381454229 1.5238539 0.240818739 1.38739967
    -0.145683825 0.146741986 0.111167252 -0.823076367 -0.356829166
    -0.350403488 1.84906375 0.0537514091 1.84757257 -0.876747668
    0.709896147 0.562556267 0.416845858 0.408345103 1.67008328
    1.69214034 0.63900125 -0.74286747 1.14235806 0.424988031 1.15853596
    1.67060506 1.56456256 0.631385565 0.132638335 1.43174136 1.50973773
    1.48688722 1.75952554 0.358010352 0.463784635 1.19639325 1.36033964
    0.133266568 0.799176574 1.57354212 1.4322021 -0.799491525
    -0.677782059 0.446170688 1.41367757 0.0745663047 -0.325624883
    1.05841208 -0.536413074 1.71423817 -0.086132288 0.0652691126
    -0.276650727 -0.391834974 1.61166549 0.687499762 0.225542665
    -0.561961532 0.636401892 1.92056668 0.0354210138 -0.0592747331
    0.222273529 -0.625618458 1.44201374 -0.558312654 0.127815843
    1.57038033 0.112032175 -0.265433073 0.780271709 -0.447268069
    -0.615034759 -0.0820400715 -0.691682935 0.675949931 -0.314058304
    -0.509037614 0.849484086 1.52083719 1.80456018 1.67557216
    0.0163106322 1.95025778 -0.506259441 1.46564317 1.5440824
    0.299298763 0.11298579 -0.0929195285 0.144063592 1.14490604
    -0.634970009 -0.0138402581 1.12080383 1.38012397 -0.579393148
    -0.109236836 -0.699381232 0.727846861 -0.272492826 1.44545209
    -0.516081989 1.26044035 -0.282146871 1.45086908 0.475057125
    1.61551952 0.634683609 -0.251658559 -0.0705927014 1.80799055
    -0.539255083 1.78610706 0.540448785 0.853201628 -0.851454556
    -0.850985289 1.87484431 0.366885185 -0.520799518 -0.138875484
    0.177074671 1.04538155 1.85686052 0.501121044 1.58956373 1.8011111
    0.677434921 1.14676476 -0.379894853 -0.640234172 -0.290281534
    -0.324075699 0.921805084 1.65224659 -0.619264364 1.2234261
    -0.585951149 1.27583599 -1.01336348 -0.335232973 1.68789923
    1.55081558 -0.652104378 0.944518566 0.246929407 -0.873568535
    -0.856430888 1.74627113 1.56849134 -0.86734581 0.256799459
    0.979086518 0.515198708 0.654566884 1.12945044 0.595248938
    1.77122319 0.0857949257 1.42355514 0.881045103 0.707509935
    -0.18293184 0.962806404 -0.129677773 -0.228887439 -0.786019206
    -0.769006014 -0.794451118 -0.272800565 0.6254372 -0.483782083
    1.04123807 0.583619773 -0.518879116 1.8104552 -0.335507631
    -0.171086311 1.08279693 0.451544642 1.1895858 0.17829752 1.09784341
    0.862955093 1.5779779 -0.0424864888 0.3896662 0.879326344
    -0.11528182 1.16805434 -0.15025425 0.409750998 -0.0304740667
    0.573264539 0.880204558 -0.488886744 1.57817411 1.31358361 1.4761076
    1.68927991 0.285355985 -0.547851324 -0.845227957 0.0422933102
    0.083455801 1.40214944 -0.549646378 1.68281996 1.66159058 1.26323378
    -0.674745798 0.562017322 -0.445791274 0.0212879777 1.69774044
    1.70399046 0.688718736 -0.697976947 1.68480754 1.78241587
    -0.581143737 0.440943241 0.175839901 0.147220552 -0.512163162
    0.573495686 -0.497769445 0.0524455905 1.3940134 0.640991807
    1.05329955 1.34598124 1.87338305 0.145036757 -0.594934106
    0.192019701 -0.409595966 1.81699705 -0.907996178 0.361552894
    -0.425015569 1.43931031 0.311059296 -0.464116991 0.693228364
    -0.0736167431 1.29789805 1.41524243 0.801209152 -0.642951369
    0.176308155 0.486932516 1.11717045 1.31335652 1.30430663 0.984413981
    -0.975077808 0.13441509 -0.835398138 0.104281247 1.14584696
    1.6526953 1.84558225 0.815585852 1.21510839 -0.21570164 0.86433363
    1.58233988 0.631979465 1.01423216 1.20623684 1.1157639 1.51171076
    -0.0583721995 1.82713652 0.434218764 0.0937665701 -0.121409774
    1.08462667 -1.01993155 1.06299973 0.947113395 0.998523951
    -0.557157993 -0.588396072 -0.462477088 1.51779044 -0.932058454
    0.937452137 -0.539393663 1.02559769 0.0878332853 -0.789942503
    -0.0512520671 1.97610545 0.172824144 0.165281355 -0.508939743
    -0.0572478175 0.196738064 0.390871167 1.32937264 1.70536768
    1.46962714 -0.288774967 0.318843424 0.653188944 0.976095319
    -0.812775433 1.49020219 1.57448208 -0.787682831 1.79247642
    0.613040626 0.897672832 1.10944819 0.200339794 -0.878375769
    1.26960659 0.905451059 -0.817169964 1.41003954 -0.705743909
    -0.598325253 0.646911383 0.583064735 1.79061723 0.786196887
    1.0790019 0.811402917 1.82890058 1.72161722 -0.641630411 0.117524743
    -0.26453799 1.17788589 0.34924686 -0.606320262 0.124062538
    1.39660931 1.10030794 0.421417415 -0.422081649 0.734202027
    1.61533105 -0.269854218 1.099877 -0.144281685 0.873327196
    0.121859074 1.0872345 1.00588477 1.24945843 -1.02984667 0.429053307
    1.22150338 -0.311211646 1.78461981 1.47012877 0.487383962
    -0.746990502 1.75150251 -0.389326453 0.521928787 0.32947284
    1.05215669 0.523086131 0.224616051 0.826815069 1.76741886
    -0.909080684 1.83016562 0.465253592 0.362621903 1.19733906
    0.619078279 0.763637781 1.17700326 1.49831152 1.19752991
    -0.291530788 0.818537116 1.07028306 1.16366899 -0.580538273
    1.46784353 -0.0126245022 1.18327308 0.957491755 -0.462699711
    0.382048607 1.90147328 -0.135911703 0.511099875 1.77239275
    -0.36348933 1.25870025 1.1255641 -0.484019816 -0.32940954 1.6912533
    -0.441441417 0.0719579458 0.798346162 -0.650737643 0.842554927
    1.56631696 1.4880482 1.1148262 -0.560167968 1.43552482 1.22263873
    1.17516398 -0.862583637 0.919247866 0.772152424 -0.252206147
    1.63995051 -0.163046479 -0.106610894 -0.616364837 1.85012436
    0.348926544 -0.145723939 0.205554187 -0.0829018354 1.17578924
    -0.527632892 1.18284762 -0.417400837 0.430935621 1.54574621
    0.625453234 0.989199042 0.928695798 1.40407312 -0.442374051
    1.46100986 1.23997617 1.8024826 0.939416409 -0.611267805
    -0.858708501 0.311227024 -0.285221934 -0.523760974 -0.712482572
    0.983304977 0.152602315 0.60302937 0.134961247 -0.818568468
    1.37589073 1.32205045 -0.76248455 0.5552423 -0.564513922 0.709628642
    1.99832654 1.29212189 2.02169037 -0.105976403 0.362026751
    0.733013988 -0.176593959 -0.191522777 -0.188118279 2.01134157
    1.15529871 0.563132226 -0.0386858582 1.12059128 -0.380892038
    -0.179356396 0.526729405 -0.763382852 1.22416735 -0.309625328
    0.051338613 0.90564847 1.40164137 -0.198809087 0.573101223
    1.15828443 -0.629895449 0.190193057 1.0324645 0.891683698
    0.997413635 0.0887506604 0.0464212894 1.32244134 -0.0457315445
    0.619148433 -0.260206521 0.750647724 0.338693738 1.9086113
    1.26069486 1.19890189 0.200019956 1.29280782 -1.03161466 0.954019785
    0.837155342 -0.153948247 -0.598837376 -0.930389583 1.06280565
    0.74802959 0.269213915 1.27001536 1.66774988 -0.395643294 1.85725176
    0.101743758 -0.718487382 -0.720146537 0.383012831 -0.0347183943
    1.31605268 0.953824818 -0.155313969 -0.655176699 -0.132654786
    1.29671597 0.811866045 1.19515562 0.0860772729 0.754628301
    -0.316213191 1.15428352 0.491573632 -0.163372695 0.563370287
    1.76080608 -0.327296793 -0.556104064 1.7648077 0.536962748
    0.64953661 0.0207843184 1.12063169 0.800781667 1.49913025 1.22590506
    0.815345764 0.834952116 -0.247342527 -0.574786127 1.16772568
    -0.127999842 -0.609790683 -0.730853319 1.76341772 0.328946352
    -0.0140500665 0.532389641 0.564682961 0.247551322 1.8291316
    -0.050658226 1.83399081 -0.638542652 1.72811246 0.643129945
    0.493820071 0.607946634 0.388978124 1.81394243 -0.399941683
    0.233439326 1.46685123 -0.349993765 -0.926228762 1.30604196
    1.00644422 1.56449556 0.24246794 0.893956363 1.93061364 -0.271832705
    -0.807289779 1.5220207 0.119442821 0.0904518366 -0.273965359
    1.44654942 0.0327899456 0.454716802 1.28951478 1.60811675 1.39787471
    -0.780263424 0.78819412 1.84868026 -0.0809096694 1.12193191
    1.31236732 1.19214511 0.423301756 0.921644092 -0.747734487
    -0.348103821 1.08771896 0.00708091259 0.739398837 0.483383298
    1.32801044 0.404943585 1.39450908 0.903739631 -0.28768909 1.32256329
    0.296580017 -0.685150623 1.36127567 -0.528669178 0.0908233523
    -0.82899797 -0.103878856 0.370718122 -0.702090919 0.23643434
    -0.0028398037 0.363028347 0.303060472 -0.403294206 0.613901556
    1.6239208 -0.323441148 1.84349632 1.46134996 -0.085611105
    -0.382986069 1.82181227 0.194772959 -0.659537733 1.54140818
    0.77446878 1.42234004 1.29241538 -0.155831099 0.348294556 1.11567879
    -0.969597757 1.48236132 1.70377111 0.413122416 0.124955833
    -0.706395388 1.56241798 0.620926261 0.465959191 0.82895875
    1.84965873 -0.971591711 1.77883887 1.25987673 0.388389409
    -0.497895896 -0.99672538 -0.864416182 0.981325626 0.722080946
    1.36213815 0.467049956 0.361546636 1.29757035 1.83146966 0.853386581
    0.284071743 -0.623159111 1.72798228 0.419623315 1.78677976
    0.730469108 0.206006885 -0.763644993 -0.0870496631 1.19947839
    -0.616398335 -0.203967512 0.0116769075 1.36599779 -0.500324309
    0.176775038 0.723165274 0.295806348 -0.77209121 -0.374311686
    -0.95541966 -0.763899922 1.33430469 1.13972998 1.57944775
    0.270453334 -0.542140722 0.238403738 1.71394336 1.64004004
    1.01035964 0.853642583 1.18780422 0.747317433 1.36639571 1.56137538
    1.00438762 0.119771779 1.84408975 -0.35288012 -0.7146703 1.57928991
    -0.0529178381 1.33913946 -0.707690597 0.663177371 0.355057538
    0.278139949 -0.763024807 -0.273979664 0.474933803 1.64100146
    -0.446912467 -0.0475804806 1.32447577 0.71577996 0.144790888
    0.0644967556 -0.61224097 -0.307011187 -0.0844562054 0.691288233
    1.02484894 0.0529376864 -0.775631666 0.752060175 -0.947328389
    0.0690672994 1.76935387 0.746473551 0.0227698088 1.05422902
    1.16088247 -0.146220982 -0.0121997595 1.08751822 -0.0687708855
    0.488924026 -0.490454882 -0.349529743 0.858202815 1.01655889
    1.64498091 0.138634205 -0.0611211061 -0.599150598 0.6576401
    0.0161583424 1.6721344 1.47874463 -0.838673294 0.0384647846
    -0.268926024 -0.134961486 0.778538823 1.27794194 -0.800432682
    1.85102284 -0.230175436 1.5198226 1.57451367 1.45282531 0.249771833
    1.35979164 0.0468143821 1.4565165 -0.634187281 -0.0497430563
    1.10093713 -0.322171748 0.725075245 0.414763391 -0.415971816
    1.25707459 -0.0277620554 0.617319167 0.609759271 0.0824611783
    1.84683025 1.90855455 -0.0305250883 -0.455248177 -0.0168552995
    0.660513759 -0.115065873 0.997603118 0.436980784 1.04409742
    0.559347808 1.04758048 0.695495069 1.98945308 1.32021606 1.63703108
    0.324059069 1.64135027 -0.0361718535 -0.445296824 -0.294677973
    -0.450784624 0.759979486 1.1492902 1.69900703 0.0645229816
    0.682661593 -0.247195184 0.424199522 0.583291769 -0.181512594
    -0.228526354 -0.973051369 1.46271133 1.27908039 1.5224781
    0.0300461054 0.607983589 1.62281048 0.222317278 0.858488977
    0.944368005 -0.081305027 0.229510725 -0.594147503 0.870665371
    0.752035201 1.62702525 1.16147923 -0.564774871 0.465227127
    -0.408383012 1.34796619 1.56571865 0.0525035262 -0.437056184
    0.0626687407 0.978654742 1.38738477 1.15361273 -0.354368031
    1.58920538 -0.400939792 1.69986904 -0.157176554 0.245615721
    0.23360306 0.586587012 0.238731503 -0.471406847 -0.520565808
    -0.879501879 1.92210519 1.37686622 0.0801388025 0.905386209
    1.52513397 0.532993555 0.590542257 -0.102088809 -0.013271153
    -0.667115271 1.64138949 1.21180022 0.196760714 -0.681738853
    1.56740451 -0.554247618 1.62084365 -0.367326915 1.63573241
    1.65996814 1.39408731 1.90147257 0.972038031 -0.115737915 1.59225798
    0.435168803 0.0797592998 0.799130738 1.8863169 0.675693035
    0.494916081 0.770328641 -0.115337729 1.04455245 -0.330964088
    0.277634144 1.36727822 0.770275712 0.0797322989 0.144422531
    1.08121216 0.636495054 -0.139700234 0.163513601 -0.0530833006
    -0.976657271 1.88248324 -0.847792804 -0.778495312 0.935238957
    0.941644907 1.66765773 1.79797006 1.58511901 0.736931026 1.41389585
    -0.737414598 1.34921336 1.01867223 1.18549168 0.935397625
    0.717518091 1.44239271 0.177131534 0.581868052 -0.0027590394
    -0.646815121 1.25425172 0.49622649 1.3114233 1.8336004 1.40796816
    0.877498448 1.06619525 -0.471027583 1.88501024 1.046345 1.76380992
    1.39871931 -0.72425437 1.24857461 -0.215430021 -0.291619182
    1.29764891 1.22936559 1.88191104 -0.115689993 0.641635656
    -0.123247027 -0.0154064894 1.36819589 0.132985592 -0.661058605
    0.290248513 0.601689041 1.61290336 -0.279568017 1.16509855
    -0.50808847 -0.728870213 -0.661309779 -0.404503644 -0.331146359
    1.18499446 0.0192350745 -0.661274314 1.98561275 0.873601019
    -0.329221487 -0.776152372 -0.375734091 1.60290837 -0.611078143
    2.00862002 0.0479227304 0.98592943 1.11185789 1.83731079
    -0.616997838 1.63268864 0.504359305 -0.149744749 -0.695111513
    0.595192254 1.03928185 -0.173376501 0.948681593 0.927898347
    1.18234038 1.6185118 0.634720683 -0.0609807372 1.37977004 1.26263452
    1.66214633 -0.29695648 1.28757906 1.22523308 1.0286988 1.5799973
    -0.853046179 0.478188276 0.748278201 1.2898519 1.8993609
    -0.149460196 1.37102509 -0.00217556953 -0.51740253 1.06751657
    1.6387428 0.619868279 -0.883783042 0.631131053 0.525727749
    1.10797811 1.74294972 0.45469445 0.0205067396 1.72309732 0.30697608
    0.779229522 0.500546813 -0.225862801 1.24845481 0.108697414
    0.203042567 -0.24277246 0.967500031 -0.226482213 1.93489456
    -0.17347616 2.00316072 -0.328855693 0.967815578 -0.53999424
    -0.652630806 0.0285565257 0.839888513 0.188126922 0.540049314
    -0.000203311443 -0.291453481 -0.312796593 -0.644926369 1.43648756
    1.03840876 0.658008754 0.671785057 0.449136794 0.881617427
    0.433432817 0.930613577 -0.802603304 0.355158329 0.145743787
    -0.557321429 -0.542900085 1.70195985 -0.261786461 1.20011806
    -0.795474589 -0.794544637 -0.588356376 0.00726932287 -0.522963643
    1.62197912 0.154599547 -0.247598946 -0.153376579 0.410864711
    -0.941788852 1.40699601 1.02017236 0.825284898 1.57195151 0.54129678
    -0.82656467 -0.228341043 -0.774675846 0.135094702 0.920204282
    0.615296483 -0.505894005 1.38913321 0.910640895 0.886186719
    -0.926394045 1.20470309 0.760830104 1.85476243 1.93648863 1.02842259
    1.9001019 -0.165485859 0.790374458 1.82214284 0.606392086 0.44889611
    0.338463724 1.22018051 0.227599978 1.16719162 1.32253599 0.163428664
    0.0358806849 0.0229234695 0.966738343 -0.411520272 1.9005481
    0.614890337 0.946280956 0.971444905 1.63109159 0.0262982845
    1.0507772 -0.0831603408 0.151482344 0.73537612 -0.337320268
    1.65436792 1.3705349 -0.0601722002 0.0420814753 -0.37829864
    -0.833666623 -0.669766545 -0.273672879 1.23079276 0.397933364
    1.31993318 0.464462638 0.662442327 -0.84612149 0.249348223
    -0.166185141 -0.0428555608 0.10838908 0.104410648 0.964264274
    0.117508113 0.0845242143 1.73907661 -0.812453389 -0.864375412
    0.255281448 0.0721952915 0.661764503 0.243116856 0.745023727
    1.8187108 0.332971513 0.393149555 -0.682982564 1.66532159
    0.664652228 1.33786321 1.62525904 1.21334505 -0.669325948 1.45563221
    0.790895998 0.884556651 0.0764080882 1.16745853 0.793721795
    -0.604052782 1.12695992 -0.950079799 1.82996988 1.48657227
    -0.319938779 -0.129344225 0.837717295 1.67569315 1.02814782
    1.32331955 -0.779185236 0.756549299 0.289265037 1.33013499
    -0.491405636 1.34938049 -0.140848815 0.484271228 -0.90527457
    0.165139794 0.866657972 0.96845144 -0.153697968 1.69591904
    0.202198386 -0.839527667 1.74457717 -0.439885736 -0.271997213
    1.08630776 1.98486686 1.03814077 -0.725977361 1.55219316 -0.46256575
    -0.606872916 0.625893235 -0.631005883 1.65568435 -0.00945770741
    0.960811734 1.58179653 -0.607360363 0.414085746 0.644296944
    -0.690358102 1.86059523 0.886670589 1.4374032 0.959679246 1.84409618
    -0.896231174 0.0255694985 -0.145533741 -0.462042004 0.943579793
    0.381675124 1.13483572 1.35408568 1.72386622 -0.659065664
    -0.110903323 0.979449272 0.268786252 -0.0793105364 -0.855106711
    0.0322701931 -0.0528231263 -0.816113651 1.53372943 1.43110609
    1.42064893 0.00981414318 1.73348677 0.818331182 1.19901657
    -0.646229625 0.137382627 0.607425153 1.38528371 -0.362150013
    1.26604044 1.63238132 -0.961494863 0.807192802 1.5688014 1.89453042
    0.0378623605 0.396126747 -0.233046889 -0.717969418 1.90409887
    0.324122131 0.182784736 -0.507184148 -0.531640768 0.100464165
    0.162356675 0.59079957 0.721221209 1.67545688 1.00261772 1.40921044
    1.03280759 0.166024446 1.76214135 1.40337682 0.162298441 0.356596291
    1.73717022 0.184775591 1.4071846 -0.583783388 -0.587058783
    -0.137409866 0.00930655003 0.249633133 -0.334662974 -0.444358796
    0.0885668397 -0.656854212 1.99145913 1.03695261 0.508859813
    -0.741099715 1.46328044 1.40843773 -0.528439045 0.104074419
    -0.171776354 -0.293790221 0.588041782 1.24701476 -0.583465099
    -0.79146266 1.46862388 0.886346519 0.706425965 0.0619904995
    0.394884408 1.75925231 1.44092774 -0.133281887 -0.682407677
    -0.372869909 -0.786067903 -0.219160438 0.72927022 -0.115768015
    -0.00583899021 0.83549273 1.78629506 1.75331771 0.591272235 1.052495
    1.74192047 0.19824338 1.02605748 -0.242322743 -0.0279791951
    -0.555828452 1.50055957 1.12627947 -0.202694416 1.88732719
    -0.232942581 1.00395024 -0.649481177 1.16303492 1.02227974
    1.41383648 1.19828963 1.00534427 1.79387867 0.992046654 0.526764452
    1.39328861 0.708726406 -0.569097161 1.07410383 0.0302327275
    0.149781764 0.120767891 1.33361173 -0.134677172 1.3446784 1.25099874
    -0.329398394 -0.314495504 -0.437164009 0.0476019382 0.18726325
    -0.0279486775 0.786976814 1.93350577 1.29988742 0.700860918
    0.639775097 1.03016686 1.50849712 0.154711783 1.65066981 1.23799515
    0.124711692 1.43324161 1.41158533 1.54907393 1.03163016 0.235104084
    -0.676903427 1.02268338 1.15401566 1.28432012 -0.639071822
    0.992266059 1.54473841 0.138569951 1.14488852 1.74836159
    -0.095797658 0.840344608 1.12751245 -0.0517944694 0.653671026
    1.4376514 -0.673790812 0.93910104 0.864538193 0.51838088
    -0.271449566 1.53097558 0.187667191 -0.238004625 1.79293013
    -0.978452265 0.846277833 0.123354316 0.845597029 1.61170065
    1.58214641 -0.962635696 1.86452961 0.105412841 -0.838154733
    0.865320086 -0.782758176 0.531453788 0.817535937 -0.460014939
    0.133131981 1.13974535 0.690264285 0.787077785 -0.334866464
    1.33407474 -0.581922829 0.45403713 -0.770858169 -0.507551074
    -0.0251279473 -0.00914436579 1.26250422 0.1326859 1.49477267
    -0.882851481 -0.795000434 -0.212736666 1.42311561 -0.500625908
    0.10465169 0.218098819 -0.73432976 -0.79388392 0.875193119
    -0.696509778 -0.498359799 0.153067529 1.34542942 1.79115033
    0.698194504 2.0163815 0.591928422 0.583789587 -0.748543799
    -0.180795968 1.31142139 -0.413745761 0.0167056322 1.06976533
    -0.0919218063 0.023860395 -0.0405729413 1.46634364 0.609178543
    1.03514326 0.784138799 1.57015347 1.17871523 -0.477024496 1.04971123
    0.900017738 1.88624096 -0.0611724854 -0.558492184 0.740320444
    -0.824495375 1.37548375 0.46453476 -0.627819061 1.52113283
    1.81757402 0.345933914 1.57561755 -0.642813802 -0.274499953
    0.646555066 -0.750891805 0.366647303 -0.655484617 -0.767411709
    1.91901255 1.80871272 -0.294684887 -0.598276138 1.13719368
    -0.866410494 0.897803187 -0.779798865 -0.825134039 1.95781732
    0.515237153 0.378488421 1.43563104 1.77139449 -0.147852123
    1.58654368 -0.833634496 -0.195299983 0.316482008 1.11311865
    -0.861430526 0.716863573 0.695863962 -0.583172798 0.191929758
    0.938916981 0.548754096 -0.454355925 0.662270844 0.391337931
    -0.874445319 0.804757774 -0.30700779 1.60447788 0.647271872
    0.984451175 0.463624001 1.35071135 1.25859392 0.849331737
    -0.864229321 0.896696866 -0.0636245012 -0.553317785 0.907557666
    -0.18503505 0.879597723 0.972876489 0.779582977 1.78446102
    0.207007349 -0.702829242 -0.596374393 -0.626550138 1.34409964
    -0.441482127 1.16426206 -0.846663833 -0.167665005 0.409145951
    1.97185135 0.775032818 -0.776777744 0.670937479 1.28700805
    0.444348633 1.97312033 0.295583069 -0.473314494 1.21070504
    0.890974045 1.20774984 0.841905296 -0.589687586 -0.416506708
    0.0964566469 0.235125721 1.27512717 1.22434807 -0.788538396
    0.432737648 0.164123774 0.391465902 1.72851205 -0.0969474316
    1.50355601 -0.539686203 -0.151493728 0.456932783 0.200203061
    0.595268846 -0.513250828 1.93804431 0.643084407 -0.426778257
    1.04506397 0.652007699 -0.467856795 -0.187339783 1.73368621
    0.1409145 0.816643119 1.60446537 -0.877933025 -0.588572979
    0.559494913 -0.795322597 1.54474759 0.948561907 -0.870368481
    -0.0912120342 -0.0486456156 0.968580723 -0.852412403 1.02911496
    1.86487174 -0.633871317 -0.536820292 -0.467530936 -0.85621047
    -0.601626873 0.321734726 0.928241313 1.23838711 -0.641110957
    1.09909391 1.72153759 1.68874753 -0.958267391 1.00249767 1.74398637
    0.39749217 0.229449749 -0.605910242 -0.0297092199 1.77472949
    -0.180120409 -0.244522393 0.451129138 -0.0382937789 -0.204881608
    -0.367947042 1.51287067 -0.705758572 0.994798303 1.56836724
    0.90678066 1.80766749 -0.747158229 1.06470418 0.949817419
    0.735639751 -0.758581042 1.07151079 -0.737614214 -0.686936557
    0.513259351 1.44996893 0.0266269445 1.37841487 -0.530145764
    -0.294150054 0.661293149 1.84495378 -0.812510848 1.16443086
    -0.300731063 0.827441216 1.16835904 -0.207227051 -0.919790566
    -0.713669419 1.63841891 0.904003978 1.31430221 -0.853636026
    -0.727405548 -0.671224594 -0.666924655 0.720855892 -0.0501114726
    0.828540921 -0.552151203 0.912462473 0.605688214 0.254615903
    0.35596168 1.05585742 0.803413153 1.01972079 -0.698333859
    0.581324995 1.85205197 -0.173160136 1.59702981 -0.218666852
    -0.963754535 0.694129229 0.000555157661 0.871737123 -0.49950543
    1.04229212 0.333506823 0.623891234 0.249513805 -0.688736439
    -0.898997664 0.817078412 0.0684238672 1.39761865 0.683960795
    0.765499413 -0.412358999 1.21780133 -0.064280808 1.30643952
    0.547211528 0.0186294317 -0.142679453 -0.142497301 -0.758390188
    -0.628082156 0.378350854 -0.0491207838 1.39253366 1.12283921
    0.485001564 -0.636275232 0.316040635 0.50937587 1.69656408
    1.03977168 1.33949351 -0.431478262 0.716234922 0.903544426
    0.292517066 1.05702186 -0.147121906 0.200298429 1.51358807
    1.28207099 1.1560266 0.611615539 0.811124563 1.69423127 -0.774049878
    -0.479828328 1.96127975 1.54896557 -0.755229294 -0.632544756
    0.352087557 1.08842981 -0.803941369 0.095292747 0.958809614
    0.416403472 0.863512218 -0.690014958 -0.226737738 0.757922053
    1.5447638 -0.421349943 -0.919018626 -0.569963634 0.776925683
    1.52936757 1.54930258 0.670443296 0.896232545 -0.935343623
    0.0762363076 1.63197732 -0.21508199 1.15922141 0.675381005
    1.62385559 0.912341833 -0.370144188 -0.555776119 -0.460135132
    0.675332546 1.03482378 1.48686957 0.621723354 1.44412601 0.85495764
    1.11011672 1.15363169 -0.812346578 -0.62638104 0.49818337 1.20835793
    0.9623698 1.09685349 0.211454451 0.686887383 1.30314302 -0.348404169
    0.717888296 0.235587656 0.0622044206 -0.544139624 1.5958252
    1.61385369 1.73879302 -0.453687549 1.32701588 -0.605834842
    0.533080459 0.463462651 1.80202019 -0.699854493 0.211075485
    -0.625212848 1.08539343 0.977928877 -0.632590532 -0.794192672
    -0.336899221 1.84081149 1.78142023 0.506071508 -0.271305442
    -0.128731489 -0.66341418 0.550096273 -0.341169655 1.27715158
    1.29474473 -0.0735831857 0.156158745 0.425070643 -0.221910059
    -0.193918288 1.33645558 -0.748142838 1.54639959 -0.1520226
    0.742824018 0.751840115 0.424760282 0.0621322989 1.56806517
    0.251491666 0.211588204 -0.365425467 0.277507544 -0.297980845
    1.60529196 1.88702726 0.525708497 0.830987871 0.684942961 1.26854777
    1.80202782 -0.48304069 0.75652796 1.31857967 -0.492594153
    0.536967754 1.51724482 1.75042653 1.40994239 0.880972683 -0.22266686
    1.77197456 1.65336061 -0.183517575 -0.360064507 -0.838723838
    -0.770621359 -0.486272991 0.204421878 1.24938869 -0.12938422
    0.286280751 -0.205663681 -0.896918237 1.16688311 0.429114461
    -0.621855319 0.26725173 1.3012743 1.51907623 0.664048731
    -0.489055157 -0.714373827 0.404334903 1.48022008 0.649794221
    0.685829103 0.0660302639 -0.447703481 0.883594871 1.02746344
    1.53610158 -0.58592701 1.21955991 -0.854054749 1.27172303
    0.00595927238 0.946988463 0.334099293 1.84731317 0.209157586
    -0.588681996 0.676245928 -0.124157012 0.193436623 -0.842913747
    0.560185134 1.63373411 0.885794342 -0.484327197 0.628084719
    0.482121825 1.22222877 -0.119872689 0.36923945 -0.0879422426
    -0.179612458 0.245779157 -0.783450365 0.774531722 0.437091231
    1.85331464 0.914220452 0.673479676 0.171441913 1.72817409
    -0.924077868 1.61634886 1.54290915 -0.879145145 1.3654238
    0.111134052 1.38173866 0.426871657 -0.0373556018 1.74727786
    1.57121372 -0.441134274 -0.178026557 0.212855875 0.667053342
    -0.347717941 1.59391034 0.534739137 0.285060763 0.63174212
    0.860293508 1.01245248 1.12847745 -0.91704911 0.890482187
    -0.973662674 0.269735396 -0.824233651 1.89246941 1.95814919
    0.313724816 -0.0969213843 1.67721057 -0.263692737 1.51117301
    0.871361732 -0.760614872 1.23464513 -0.630514503 0.239396572
    -0.279865026 -0.0025331974 0.177363694 -0.598540306 0.276424766
    -0.581652164 0.829583228 0.897018492 -0.123268187 0.216604292
    1.69148445 0.135075808 0.85360831 -0.272370756 0.49199605 1.50749803
    0.354355335 1.69023943 0.767516971 -0.225993514 -0.659720898
    1.06113553 0.586997747 0.956464648 0.653637409 -0.595376074
    0.878474951 0.206652641 1.09249747 1.11015069 1.59303164
    -0.676213741 1.57402289 -0.626217365 1.0187248 -0.550211549
    -0.540188015 1.57066774 0.965432703 1.58911836 1.34591484 1.93484116
    -0.0309041142 0.518762827 -0.183950305 0.713293374 0.93363893
    1.31575298 1.14513922 0.269808412 0.572735846 -0.914704502
    0.0801295638 0.113755345 0.449363172 -0.840967178 1.45777118
    1.65660119 -0.936532557 1.71223724 0.163565576 -0.0227226615
    -0.877222776 0.871109962 0.598030686 1.19523549 -0.871943295
    0.554729044 -0.573010802 -0.963616848 0.952441692 0.209843993
    -0.638448715 0.522822618 0.905671954 0.71582067 -0.960843027
    1.35349214 0.941759944 0.189035714 -0.871346891 -0.107553184
    -0.517820239 -0.0999584198 0.844404697 -0.807163 1.58177614
    0.686032712 1.39096415 -0.395541787 0.144244015 1.52222621
    0.473911107 1.73494124 1.63780427 -0.216383338 -0.753345966
    1.07973766 1.42022622 1.33055139 1.6569407 1.69547701 -0.637478709
    1.39261031 1.66241753 1.7051363 -0.525424838 0.870824158
    -0.0676410794 0.425343692 1.8894496 -0.69976753 -0.150538862
    1.22324705 1.04419219 1.95064545 1.616292 0.80699271 -0.726611257
    0.434341729 1.09808612 -0.580565453 1.52504539 0.24245733 1.79304814
    0.79050374 -0.834121108 -0.592039585 -0.370284081 1.46719122
    1.90012646 0.123805046 0.930596292 1.63988042 0.525384188
    -0.27236104 1.83555293 -0.227790177 0.401046455 -0.660468459
    0.554770708 1.8425045 1.93022656 -0.411276996 1.5977968 -0.720490873
    1.06875384 -0.750095189 -0.323176205 -0.667558134 0.674018085
    0.0428308845 1.07056904 0.133922577 1.38468242 1.49838698
    0.209578156 0.276558816 1.4395647 -0.554914951 0.317811966
    0.985266924 1.4924078 0.608863831 1.30223596 1.38663161
    -0.0512347817 1.56826162 1.52319086 -0.0818702579 0.622484505
    -0.680096209 1.22718251 1.1375246 1.90238142 2.08645129 1.09897721
    2.12480235 0.529278815 0.148786545 0.675236821 0.987595737
    -0.727846026 -0.542410374 0.0767974257 1.2671833 0.622958124
    -0.13602823 1.34917831 1.63634324 0.352272511 -0.408459723
    0.600329995 -0.464005142 0.0930227637 0.848490059 -0.663449049
    1.20309424 -0.81400907 0.829375863 1.60715151 0.402393162
    -0.431754023 -0.388364941 1.58976448 -0.773842633 0.233758867
    1.3908273 -0.590835035 -0.537809849 1.46635854 1.20476568
    -0.457940757 1.19594359 1.15072775 -0.0052022934 -0.157583654
    -0.297646463 0.786722124 0.43723774 1.85134876 1.33148193 1.05025804
    0.532997966 -0.12065506 0.151823938 -0.10711503 -0.164328098
    1.73351932 1.58390617 0.047162354 1.06060767 0.110077381
    -0.755537391 1.76501012 -0.201563716 0.498061657 1.49960542
    1.65852487 -0.184285283 1.66748905 1.72509503 0.679784954 1.80796051
    0.0338628888 0.465597808 1.77205288 -0.187521219 1.60413909
    1.51874971 -0.44175151 1.81672335 1.24526095 -0.282217085
    -0.33704257 1.67899656 0.10540098 0.813735604 -0.114215195
    0.0339812636 1.14648914 1.39212036 -0.738241255 1.47886765
    -0.442191303 0.033729434 0.519107759 0.607792497 1.68067241
    -0.283654034 -0.689537048 1.80052936 0.405759573 -0.167164445
    -0.578752637 1.86385334 -0.350537956 -0.0346034765 1.13066137
    -0.0874333978 0.586115122 0.0885460377 0.451967478 1.83081472
    1.31492019 1.01482415 -0.365380943 1.85301256 -0.260607958
    -0.413519502 -0.854599357 1.11099768 0.668627441 -0.0479990244
    0.654394329 1.52545297 0.851543069 1.90921116 -0.715344489
    1.63592434 -0.582611561 -0.460998893 0.522614717 -0.360887825
    -0.66235292 -0.0066319108 1.49204946 1.83129489 0.315306485
    -0.752008617 0.316159844 -0.0926879048 1.77658033 1.40131044
    -0.877728462 0.266272306 0.531294405 -0.330633044 0.706071317
    -0.790862083 0.541855812 -0.119935274 1.5374105 0.206470191
    1.07952535 1.29282665 0.330726385 1.33581734 -0.665661693 1.14656246
    1.48594618 1.52449024 0.318051696 0.144348264 -0.585822761
    1.46975541 -0.063954711 -0.13068217 -0.559898376 1.44363546
    0.038045764 1.77653515 -0.93389082 0.299511433 -0.263042629
    0.328622282 1.8446846 -0.294171929 -0.0907429457 1.97766101
    -0.873237848 1.48954082 1.55254769 -0.744147122 1.25550735
    1.86731696 0.0593264699 1.06431627 0.876475096 -0.888813078
    -0.800773859 1.52307618 -0.533503652 -0.0276570916 1.33318174
    -0.644104123 1.60561299 1.0120194 0.957430482 0.79326582
    -0.646988869 -0.877183139 1.51349616 0.81517458 -0.274338722
    -0.701835632 -0.554789186 0.434615374 -0.116140306 0.987855554
    -0.5895437 1.58068669 0.254350126 -0.495423973 1.11624181
    0.309806347 1.65142369 1.12907493 1.00344813 -0.457834125 1.11447525
    0.575735748 -0.311169803 -0.597726583 -0.710179448 0.676751614
    0.972810745 0.799340725 -0.821208239 -0.171445072 -0.773561954
    -0.226063132 1.19795394 -0.521630645 1.20645452 1.22602069
    0.371621549 1.75650215 0.218407929 -0.716096461 -0.136208951
    1.96679592 -0.164618373 1.88823581 -0.669118643 0.911476016
    0.187742591 -0.338258028 1.3980186 1.85509372 -0.247194767
    -0.193885386 0.549505711 -0.277505159 -0.427196503 1.49902701
    1.25839221 0.249714851 -0.0547426343 1.69264507 0.770195603
    0.324433148 -0.209628165 1.33527076 0.636796951 0.61267978
    -0.876995921 1.47780132 0.839170516 0.212050021 1.13934255
    -0.79699862 -0.359976768 -0.0592696667 0.335279047 0.3891927
    0.521499932 -0.439320266 0.0529942513 0.81400609 1.70416927
    1.36713517 1.55953252 0.385209084 0.845894217 0.0410703421
    1.54768062 1.05374503 -0.0468618274 0.106201589 1.1507051 0.10273093
    1.65371037 0.635453701 1.25557351 1.90384805 1.37413466 1.80939186
    0.635594964 1.71477962 -0.423048317 0.933654189 0.784866214
    0.585453749 0.0830429792 0.731716394 1.60931838 -0.485231578
    0.385686636 1.45533264 1.56878519 0.91713047 1.62769437 -0.58532989
    -0.917339325 -0.275458574 1.53086245 0.955269098 1.28795946
    0.124648213 0.719275117 0.426735401 1.18340731 0.709635139
    1.57635283 1.79300761 0.68448174 0.498516262 -0.17750603 1.7806505
    1.5615406 0.227292001 -0.0569751859 0.367455781 0.444151402
    0.607188642 1.10357404 0.717036486 0.660153151 0.78731221
    -0.0418000221 -0.764735281 1.98931694 1.64192295 1.11151814
    0.572273433 -0.377411395 -0.659279585 -0.54082799 1.52577376
    1.38041735 0.0822170377 1.48909187 -0.619111478 -0.0999590158
    -0.792620063 0.464677572 1.05548632 1.34112966 0.695075154
    -0.925971031 -0.0912388563 0.877832651 1.27341485 1.29839468
    -0.311547279 0.913607955 1.25493288 -0.432608604 -0.350611508
    0.894960761 0.153035998 0.453307152 -0.705078065 -0.568037212
    1.74978495 -0.617985964 0.566799462 1.82480645 0.012157321
    0.516657352 1.03132153 -0.908454061 1.01505446 1.75479388
    0.148287535 0.377656877 1.13310826 1.18746436 1.09273994 1.41386509
    0.865549445 -0.673852623 0.599336445 1.23212516 1.49387217
    0.532764077 1.36035562 0.154177666 0.180101573 0.788018525
    0.180656075 1.80987179 0.0893612504 -0.23987782 -0.178358734
    0.794308007 1.16388583 1.74658334 0.844384015 1.01999223 0.300114512
    -0.088668108 0.997697949 1.04161859 1.12076533 -0.822641253
    1.11840844 1.05820858 1.79287386 -0.509362757 0.913408399 1.78318405
    1.01123977 1.51486957 -0.645022035 0.176903307 -0.857500792
    0.435146868 1.04990387 1.81299138 0.938071966 1.14968741 0.479784608
    1.8780129 -0.857151985 0.385030389 -0.0403176546 -0.81640166
    1.47933578 -0.422735095 0.166011214 -0.351062715 -0.956364393
    1.30470419 -0.300920963 0.367931247 0.975977063 1.82905102 1.8079325
    0.240593076 -0.768137455 1.56488562 -0.657018602 -0.853685498
    -0.779996932 0.125719428 0.771145284 1.93327451 -0.313635647
    0.633054137 1.26827288 0.236881196 1.48615932 0.779623747
    0.579212129 0.52898103 -0.655134201 0.296325862 0.116379619
    1.68122971 0.261966467 1.61047518 1.44366407 0.12322253 -0.696128368
    0.101961851 -0.420108408 0.942574322 -0.0993830562 0.773967922
    0.119908571 1.00418007 1.74208665 1.11425173 1.29245114 0.868681669
    1.35152245 -0.0878287554 -0.157004058 -0.0831133723 0.880190074
    1.75332928 -0.0649023056 0.570913851 1.00340533 -0.66141814
    -0.377436042 0.522100747 1.39312375 -0.0371519327 1.16509366
    1.3080318 -0.281603754 -0.0865646601 0.0195006132 0.754752219
    -0.133526206 0.47829181 0.932829678 -0.670394063 0.970874071
    0.443247318 0.960215926 2.09605074 -0.564439178 0.569995344
    0.454517603 1.35599303 1.73051488 -0.517390013 0.345123112
    -0.754410207 1.91236997 -0.118483901 0.560695767 0.832926035
    -0.514211535 -0.328193724 -0.176237166 -0.616492987 -0.567198575
    0.997570813 1.4418267 0.0170766711 1.16091311 1.46087492
    0.0256240368 1.38462961 0.511001945 0.130277157 1.45094776
    1.01780903 0.858709812 -0.6998474 -0.3165268 0.404297829 1.00000548
    0.0926671028 0.206926405 -0.281746626 -0.591361701 1.55133748
    1.45719683 0.903669715 -0.0376398563 1.38829219 1.73139346
    -0.750348568 -0.661776304 0.759672284 0.581677437 0.120691657
    0.969911456 -0.488425195 0.0671149492 1.57420421 -0.710950077
    -0.29097718 1.45805514 -0.678628802 1.45705843 -0.545847058
    -0.544987977 -0.263115168 1.79502404 1.61436844 1.15528405
    -0.0235062838 -0.466483772 -0.563985229 -0.704034328 -0.910716891
    -0.357918441 0.339364827 0.3107844 0.424264312 0.00407528877
    0.490744829 -0.0766602159 0.638910592 1.811517 -0.581954956
    -0.576268315 -0.662354946 -0.479313821 1.85442972 -0.512219071
    -0.782461166 0.882406116 -0.350675583 1.00660777 1.33794773
    0.380304456 1.06009972 1.89145005 1.92748976 1.58235705 1.33652997
    0.831968188 -0.577942133 0.353255808 0.185995877 -0.743356287
    1.63667274 -0.367440283 1.61202955 0.972611666 0.325218797
    1.25625765 1.0883075 0.121023655 1.62269402 0.9483639 -0.80677259
    1.63331091 1.42790186 1.53053427 0.627437532 1.00047469 1.17970014
    0.199939787 1.28393292 0.134147644 1.06887102 1.34431279 0.296286643
    -0.928041756 -0.832434237 -0.500653505 -0.262757063 -0.234272361
    0.726688027 0.89005518 1.25250161 0.840486526 1.35399199 1.86687148
    -0.0796716809 1.11878109 -0.941782534 1.8323524 0.168540001
    0.364897072 0.579686224 1.08052659 1.23062098 -0.680456042
    1.68017697 -0.0587628484 0.990679383 0.189003229 0.657699227
    0.103528559 -0.868228257 1.53559351 1.3503387 -0.00942611694
    -0.600362241 1.10163462 1.41659677 1.07292569 0.602185488
    0.936205626 0.00639545918 -0.439682662 0.389109969 0.992787063
    -0.463124305 1.60142326 0.149868131 -0.818574607 1.31777394
    1.47580409 0.779676139 1.65162134 0.928438246 0.876291454
    0.524277627 -0.226751685 -0.636276603 1.32314348 -0.277507246
    -0.821376026 1.23139954 -0.780557871 1.56953847 1.36326218
    -0.865309179 1.57558036 1.90011346 -0.876953959 1.73465884 1.4232533
    0.900732517 0.15861547 -0.615038633 0.0604894161 1.21271873
    0.579275846 0.29742825 -0.433650613 -0.109665453 -0.189003825
    -0.74806571 1.66387999 1.50528288 -0.916785836 -0.408652842
    -0.487477273 1.55315828 1.45780563 -0.0572147369 -0.922662675
    1.62629044 1.25546479 -0.883167267 0.451741815 0.912162066
    0.475108385 -0.468099892 -0.795265019 1.59908867 -0.355888128
    0.532677114 -0.6867612 0.984030068 0.954793692 1.40643311
    -0.139708579 -0.781650662 -0.458969831 -0.193916976 0.868944824
    0.931475997 0.673645735 0.681055784 -0.72919476 0.464982212
    -0.0862746239 -0.256455541 -0.335689366 -0.444623381 1.72066069
    0.394466817 1.19613576 1.1090579 -0.0459629297 1.49748564
    -0.652184129 -0.0168991685 1.32499695 1.72290337 0.901277363
    -0.73175633 0.691629291 0.358089268 1.38587284 0.329421103
    0.955228746 1.58655083 -0.0936721563 0.0267102122 1.86966634
    0.141074002 0.133531332 0.821138918 -0.154622316 1.44002128
    1.37978864 0.213676035 -0.979249477 1.22708738 1.80666912
    0.135971367 0.86826551 1.14292264 0.150820851 1.42530084
    0.0265080929 1.04126906 0.380766153 0.857795 -0.318546295
    -0.622499824 1.28565395 0.268332064 -0.231551468 1.0613358
    -0.800193369 -0.453100145 1.42026258 -0.281896293 -0.169273078
    0.670799315 1.66490054 0.10384351 -0.783135176 -0.543027639
    1.65360355 1.84305191 -0.195427299 -0.25706625 -0.00319135189
    0.311413646 1.61074507 1.80203807 0.285291791 1.21086133 1.12279022
    -0.30662781 0.181599855 0.999127507 1.38247919 0.514153004
    0.58305043 -0.745715737 1.03448021 0.307002425 0.647422075
    1.58457899 -0.886439264 1.7060492 -0.0242931843 0.38429749
    1.65959251 -0.0620812178 1.88968492 1.33666539 0.0047082901
    0.174293041 -0.842143178 1.77526283 -0.124293685 1.67823565
    1.54020548 -0.614821076 1.66339004 1.59052396 -0.0944375992
    1.79018879 0.672391236 -0.609022319 1.53579307 1.01846313
    0.816440105 -0.608818173 -0.501308918 0.563538074 0.965399444
    0.770429313 -0.8420102 0.589745641 -0.0715947151 0.992803872
    0.585095942 1.37594104 0.855191529 0.737230897 -0.580870032
    1.65965819 0.492699385 -0.925253034 1.47954559 0.902793467
    1.56739151 0.440492988 -0.642956018 1.82510376 -0.170282125
    1.58421516 1.06813598 0.042396903 0.67493391 -0.833193421 1.46336091
    0.152109683 0.8753739 1.22806597 -0.113030851 1.68777299
    -0.705794454 1.91385937 -0.536584437 0.865776658 1.42112303
    1.4568547 0.644301057 1.65937293 1.71457207 -0.0984326601
    -0.652424514 1.70772123 0.186512113 0.109583199 0.696798086
    0.411915243 -0.116368949 -0.823701799 1.2084837 -0.304773808
    -0.868534684 1.12239707 1.38170195 -0.114592433 1.4015131
    0.551187873 1.33420825 0.0493353009 -0.199946523 -0.331262708
    1.11014807 0.224645853 0.877526164 1.63050127 0.442837596 1.26638448
    0.658773422 -0.444841683 1.56287706 -0.377148926 1.91496563
    1.65372586 1.6978873 0.302946627 0.352710187 -0.521564603
    0.417690694 1.74379444 0.564963162 0.804804921 -0.249738991
    -0.243613422 0.637440503 0.69040519 0.380377352 1.67756331
    1.96736336 0.15897584 0.594965339 0.303420722 -0.529377103
    1.90001321 0.445744812 -0.340106785 0.154805839 -0.464462996
    1.38053548 0.856016278 0.839676976 0.303004622 1.30784285
    0.752429485 0.991716683 1.73486996 0.498584211 0.0978881121
    0.0989639759 0.900944829 1.78003597 1.8591882 -0.0608850121
    1.67358959 0.089838028 0.398068905 1.24126601 0.301339924 1.78193116
    0.143291235 0.726554155 0.898112774 1.56841898 0.386802316
    -0.286100864 1.57750607 1.68572271 1.46076107 -0.628985882
    0.454165459 0.75844878 -0.709845006 1.90104866 -0.190922439
    0.92000711 1.16250205 -0.417752802 -0.596572042 -0.403459907
    -0.783007443 -0.806273222 1.09848535 0.794481993 -0.180796921
    0.349814534 1.83092523 -0.406704724 1.32950497 1.01275086
    0.203479409 0.250218511 -0.598573148 -0.366048336 -0.433110088
    0.840080082 1.98659098 1.17734098 -0.17532897 -0.751764059
    -0.171301305 0.260126591 0.380944967 -0.360882223 0.131724298
    -0.121009111 1.78090668 -0.13496685 1.5358026 2.02433157
    -0.362958223 -0.180101126 1.34158254 0.273339927 0.520804584
    -0.107105911 0.0254212618 0.740315437 1.64452279 0.888281107
    1.84306943 0.0407774448 1.68456447 1.82900941 0.859204888
    0.131266832 0.728746533 1.55011857 1.26507115 0.453566194 1.05482244
    -0.548299193 -0.626139283 1.26179588 1.15379477 0.444517553
    0.183256149 0.222720563 -0.472764313 -0.050761342 1.84231091
    -0.709216356 0.229142129 1.33981752 0.228510439 0.30520761
    0.306634426 0.84166342 0.81580019 0.52068758 1.41116047 1.39711499
    0.360654473 1.75915432 0.158258438 -0.412154198 1.36875296
    0.354390979 1.4380486 1.76488924 0.108325064 0.806263626
    -0.913980007 0.272262156 0.10564518 0.604073763 -0.718056321
    1.73690474 -0.968965113 1.20028818 1.54576361 1.50980759 0.840539932
    0.793463469 -0.380482972 -0.885421634 -0.127406836 0.217181683
    0.711731791 0.889356911 -0.197771132 0.891210675 -0.760676563
    0.916657984 -0.874020576 1.0598104 -0.655272722 -0.680582047
    0.734188855 -0.568453908 -0.746347547 1.00251675 0.0760158896
    0.179045141 0.383608818 1.65512967 0.842141092 1.29064727 1.53384984
    1.54298759 0.229400694 0.196380138 1.72933865 -0.416117162 1.7495966
    -0.319184184 -0.652738333 -0.204972982 1.81315207 0.973560154
    -0.663818717 -0.26690954 -0.239675164 0.486997783 -0.616988182
    -0.128703177 -0.44661057 0.340110421 1.84370661 1.27371073
    1.58871245 -0.414083958 0.896606684 -0.440377533 0.27135092
    1.60676217 -0.886729181 -0.890932202 -0.104120493 -0.1488204
    1.18127751 1.31992221 0.734714031 -0.185349107 -0.717221558
    1.38360381 0.892209053 1.72682738 0.546372473 0.830228865
    -0.326533616 1.27317691 -0.27653724 1.14753997 0.844954371
    -0.664943039 1.49678063 -0.301303864 1.98480916 -0.493787766
    0.988856435 1.0460465 0.576865792 -0.921452284 0.813814342
    1.06886482 1.6265918 -0.485578179 -0.158540785 1.08287334
    -0.210965574 0.60701251 -0.428958774 1.67223608 0.974480748
    -1.05095482 1.59156311 0.283058524 -0.811269045 0.21050036
    -0.526966691 0.334217787 0.623038828 0.543016732 -0.142469049
    -0.244528949 -0.144061923 -0.821923971 0.133193791 -0.210961342
    -0.123068035 1.94858646 0.178428352 0.251358628 0.0487155914
    -0.635202408 1.22101283 0.460315943 -0.946004629 1.66539884
    1.56690335 -0.00924187899 -0.695790529 1.77087152 -0.214577973
    -0.569181681 1.48071086 -0.31778574 0.514806032 0.391256273
    0.863489151 1.96019292 1.52126598 0.113044977 0.322007716
    0.505529642 1.34320712 -0.153815627 0.182743609 1.03847194
    1.00394797 -0.209063768 1.91954422 0.846314251 0.79336977 1.74378645
    -0.491652936 -0.592043102 1.84224498 1.49951053 0.803392708
    0.833813071 1.14019561 -0.956358135 -0.142046154 0.648175657
    0.591530442 0.86744684 0.00376725197 -0.0426265001 0.750840604
    1.36001217 -0.543865442 1.16753221 0.257524133 0.280422449
    -0.138131917 0.840714931 1.90613151 -0.302714646 -0.234477937
    0.962182641 0.552253723 -0.585923553 -0.189677417 -0.640831113
    0.582281888 2.04800129 -0.634871364 0.283113003 1.17347813
    -0.365962207 1.50074148 0.134443104 -0.0301065445 1.88045907
    0.999727249 1.69815528 1.68628347 -0.807972014 1.54819393
    -0.331005812 0.231886208 0.375968337 0.17816776 1.76211739
    0.0255686045 1.5195682 1.96670723 0.318647683 1.00427532 1.67703366
    1.79392767 -0.909470975 -0.938711166 1.04013562 0.576161981
    0.952668548 -0.158797264 -0.167133987 0.562651515 1.47547269
    0.512509346 1.43430758 0.589736462 -0.985318005 -0.804442048
    1.67975676 1.4035548 1.18242276 1.66681027 -0.808409452 0.309099793
    0.54699111 0.00439304113 -0.418211192 -0.13093698 0.108308911
    -0.397169441 1.87896919 1.88757706 0.28815937 0.235765934
    -0.508561015 -0.581691265 -0.81944716 1.30923927 0.624357283
    0.298081696 -0.755798876 0.942152143 0.351831198 1.52089524
    -0.247441232 1.03294301 -0.892710626 -0.0321634412 -0.491151303
    1.36083436 1.73442411 1.62948871 1.73011518 -0.163305163
    -0.984431207 1.58586502 1.07525754 1.17222476 0.580963492
    0.897424579 0.658615828 0.978172183 1.33111405 0.990323067
    -0.68421787 1.77348804 0.566668034 -0.132539928 0.893387794
    1.62018311 0.060795188 0.991301835 -0.82653749 -0.472337663
    0.357422411 2.04135752 -0.670396388 1.32688916 0.239798427
    1.63246107 -0.602495313 1.04548514 -0.0912989974 0.903794229
    -0.423028648 0.170616388 -0.409806132 1.41918838 0.00255084038
    -0.562470853 1.19755483 -0.419219106 0.931839168 1.40330648
    1.57158804 -0.303277194 0.0216540694 1.01770437 1.50497532
    1.33267927 0.895276546 1.37253737 -0.430526257 -0.284467638
    0.958326459 1.081797 0.785326123 0.532702148 -0.0560535192
    -0.23628664 -0.692044258 1.79952598 -0.193363309 -0.467001706
    1.64944434 0.298684657 -0.104908645 0.772810817 0.506117344
    -0.146045625 1.78243911 1.03698075 -0.750233293 0.409417391
    0.573300362 -0.53986299 -0.539242268 0.0524355173 1.85028982
    0.487790048 0.570245266 1.23114717 0.436267078 1.53561568
    -0.478451371 -0.176456451 -0.505934596 1.28320813 -0.0407578945
    -0.0903409719 0.987543821 0.955463052 -0.0150662661 1.73999214
    -0.331774056 1.52636516 1.08597589 0.440465868 -0.134616971
    1.35265493 -0.192894518 1.36782289 0.00553810596 1.77624702
    1.04245532 1.12676811 1.16366863 -0.266803443 -0.628454387
    0.191650331 0.545752943 1.02288747 -0.75888437 0.766098142
    1.26052058 0.135102212 0.161843717 -0.0664325356 0.738615274
    -0.811071694 0.0890729427 1.41211677 0.0485775471 -0.548186541
    -0.133251131 1.59819818 1.66644287 1.28055072 -0.02806288 0.15789032
    -0.0202319622 1.78397584 0.457416415 1.29498589 0.669063985
    0.797049582 -0.851011872 1.09901547 -0.261193335 0.216818094
    -0.645921648 0.765403271 0.454378903 1.91933155 1.71024394
    0.0144396424 0.206000924 0.200545907 -0.423411429 0.816119552
    0.365681469 1.06017828 -0.11495173 -0.682986736 -0.413657546
    0.122873902 1.08712387 1.78488588 1.89932704 1.60096407 0.117841601
    0.521032929 0.58855921 1.53914785 -0.179083526 -0.888852239
    -0.0709549189 0.458557725 1.91836429 1.8570118 -0.0631766915
    -0.0942306519 -0.182139754 0.821136177 0.543562114 -0.743058681
    1.09267139 1.70963061 0.644185305 1.04786253 1.29863024 1.03189003
    1.29020858 0.633834064 -0.146215916 0.487825811 1.92478633
    -0.689969122 -0.207292616 1.47947812 -0.896724463 0.214762986
    -0.221834481 1.08806086 0.862994313 0.905682445 1.86546421
    0.679474354 0.715570807 0.377632797 0.094651103 -0.632559538
    1.65257251 1.52394176 1.71869087 1.00728679 1.98493278 -0.272141337
    1.73774576 -0.234334588 -0.462399244 0.868114531 0.809041142
    -0.232820153 1.09151268 1.62069058 1.6595248 -0.163731098
    -0.46078217 0.646787524 0.595485091 1.0920366 1.79245591 1.40939987
    1.54101419 0.349222302 1.25701737 1.26396716 0.714935899
    -0.538840771 -0.636381269 -0.852780759 -0.146125078 1.4334873
    1.27791643 0.329081655 0.592907429 -0.910629511 -0.133913398
    -0.923345804 0.459917068 0.37089318 -0.597039819 1.70855045
    1.61455202 0.784009099 0.823399723 -0.0372356772 0.25131613
    1.20216322 -0.861150503 1.3460356 -0.630986929 -0.968499482
    1.09542143 1.74504256 0.652941883 0.505729795 1.03799558 0.507097661
    -0.741924763 1.04955781 1.75574386 0.50131917 1.37966251
    -0.819190145 -0.495724857 0.209075749 -0.455107033 1.22138882
    1.63158798 0.212595582 0.810491681 0.998651266 1.54280317
    -0.933352768 0.273531616 1.6542896 0.704626501 0.0288808346
    0.670363486 -0.758582294 1.20551515 -0.829104781 -0.0140572786
    0.782616496 0.781596422 -0.902408838 -0.698572755 1.46596718
    -0.471123993 0.0955708027 1.64325488 -0.368571699 -0.488381684
    -0.551389635 -0.514203429 1.09699416 1.06361032 -0.47507596
    0.0973247886 1.73845375 1.20624924 1.2066412 -0.732069373 1.53074288
    -0.232996285 0.310535669 0.662427723 -0.50182426 0.456364155
    0.51646018 -0.0259399414 1.19674861 -0.433572918 -0.615749478
    0.776608407 -0.72326237 0.397494137 -0.872106254 0.338383079
    0.908672452 -0.328487933 -0.0552248359 1.80833387 1.01926386
    -0.0269235373 1.10284126 1.24683893 0.67438519 -0.265070021
    -0.490215003 1.5595634 0.179892182 0.276650667 0.449466467
    1.13631701 -0.805809259 0.559308112 -0.517177105 0.380058825
    0.982611835 0.160121381 1.03392935 0.51760596 -0.294663608
    1.41299081 0.770344853 1.55051422 -0.279022217 0.554278851
    -0.0871753693 1.3140955 1.12665117 0.0370331407 0.442346096
    1.29529262 0.829765916 1.83040321 1.31074429 -0.978117108
    0.355043352 0.379165351 -0.889219224 0.561216593 -0.618460894
    -0.709066093 1.46710014 1.2903657 0.728047431 1.21611691 1.91204298
    -0.727543235 -0.63614738 -0.362836748 0.972909749 -0.186781824
    1.49070477 1.0521543 1.28038859 1.36733735 -0.718663752 1.71029758
    -0.78069067 0.0597569942 0.738204598 0.998692632 1.33445549
    -0.557671368 -0.101317823 0.567779183 -0.400393486 1.17318034
    0.051040411 0.103235483 0.662694395 0.549837947 -0.794596851
    0.148894966 0.0160993338 0.762208343 0.0935639143 0.423115551
    0.952952206 -0.369267225 1.67238057 0.990330935 0.157812893
    1.50317514 1.03303766 0.82660538 -0.461634904 -0.897533417
    -0.916543245 0.0312293768 -0.726887167 0.365891337 0.223496497
    1.33268762 1.93126178 -0.0811213851 1.28914356 0.0718361139
    0.10383153 1.17262936 1.68110156 1.00014591 -0.258458257 1.96961904
    1.35591054 1.21717119 1.47609234 -0.482924044 1.7232821 0.104415774
    0.88318944 1.54867041 1.06521964 0.852519691 -0.0646651387
    0.406862438 -0.661873341 1.0363903 0.644683599 1.8036952
    -0.308061302 0.333277166 1.45431721 -0.667247057 -0.171197474
    -0.320194006 -0.824816227 1.79153895 -0.430844009 1.15193331
    -0.304925442 1.2646451 -0.722297192 0.477907598 -0.398055553
    0.951962411 -0.604105711 1.61806154 -0.160738587 1.56854749
    -0.482062072 1.19060433 0.37644738 1.90948236 1.4524225 1.24115109
    -0.888190627 0.475760698 1.13498104 -0.963984549 1.24331069
    0.0856059194 -0.674525738 1.12792218 -0.607011735 0.0945949554
    -0.742031336 0.99269557 0.160254717 1.28852117 1.36889696 1.62985492
    0.582099795 1.00751567 0.858380735 -0.917898357 0.289062977
    -0.320828378 1.67010713 0.158029258 1.77789378 0.967774987
    -0.67722261 1.08725977 1.50471056 0.101478457 -0.737861097
    -0.367616534 -0.764220476 1.01701188 0.490309715 1.07299745
    1.16203523 0.478808403 1.18177283 0.140888691 0.0775447488
    1.56738639 -0.163992643 1.45130646 0.111176491 0.681834042
    -0.708376944 0.464821458 0.180796862 1.63229704 1.82876289
    1.37165952 0.501709402 -0.836449087 0.613860548 -0.0964823961
    -0.239401937 1.68991637 1.77816749 0.75176239 0.201113701
    0.233095288 0.54215616 0.426571786 1.00648701 2.000916 0.67798233
    0.332493007 0.403357565 0.493112683 0.670462251 0.863271475
    0.489322901 1.27510786 0.674685717 0.471292436 1.882689 1.16608465
    0.0680326223 -0.068361938 -0.394677758 -0.110125363 0.417456865
    -0.276108503 0.11354059 -0.626136303 -0.704446077 1.49343729
    -0.659656942 -0.578759432 -0.659117103 0.38996017 -0.0081332922
    0.968369663 0.668649971 0.0969265103 0.559199512 -0.903044403
    -0.0875990987 0.139825463 1.75990808 0.0525707006 0.578941643
    1.16473353 1.70895839 1.76674962 1.12318754 1.84350646 0.465816021
    -0.92897898 1.8384136 0.752681136 -0.147410989 1.74846029
    -0.666238785 0.505216002 -0.451198459 0.215018988 0.911235392
    0.249792755 0.246686757 1.62249446 0.122082829 -0.0466448069
    2.00929284 -0.140779555 1.51697206 0.371272326 -0.0675338507
    -0.0121809244 0.227820158 0.413840055 0.989911318 0.542815745
    0.510261714 -0.194345117 1.44736075 -0.0468167067 0.85788691
    -0.18404752 0.434901237 1.53618491 1.72270179 0.70552516
    -0.241849124 0.379153788 1.82764554 -0.897643387 1.50273418
    -0.309171498 0.362749755 1.31992888 0.179793775 0.704580128
    0.335463583 1.48063254 1.78934622 1.37431049 0.162732005
    -0.718309999 0.0984395146 -0.434756964 0.55790627 1.80811095
    0.122859776 -0.509814739 -0.312507272 1.6468457 1.30845106
    1.87116146 0.919378757 -0.483963072 0.957286477 1.10877824
    0.339895546 -0.15509969 0.585190475 0.633022666 1.76880336
    -0.738686204 -0.415928543 -0.0794400573 -0.210676789 1.17159927
    -0.722455084 0.0114759803 -0.215705335 0.91098237 0.49971354
    -0.223014653 1.15316749 0.589694977 0.937422037 -0.619764507
    0.526367009 0.705961645 0.454597652 -0.629065275 0.733897209
    1.8375504 0.266092837 0.193686962 1.51962078 -0.873441696 1.93139958
    0.169547677 -0.737729073 0.949791908 1.04430974 0.649105906
    -0.835103214 1.57801139 0.934337139 0.332042277 0.556104839
    0.333234131 1.41846776 1.59404778 0.137865663 0.531112432
    -0.697372973 0.962879419 1.05685604 -0.339300811 1.51674986
    -0.438045204 -0.18861407 -0.182867229 0.453803062 1.816962
    -0.775102377 0.442187428 0.508994281 -0.343966782 0.0423834324
    1.78289092 -0.547621608 -0.622675896 -0.502519011 1.34908819
    1.73114061 1.72581482 0.188280106 2.09947968 1.00407755 0.968150556
    0.973940551 1.7363193 1.66919374 0.257608473 0.0704561472 1.5564841
    -0.660149395 0.849055529 -0.902806938 1.37367809 1.11356592
    -0.651293099 0.0677390695 -0.575895905 1.77673888 0.165166736
    1.87011027 -0.121367037 1.4275372 0.951579213 0.556007624 1.47413886
    0.697214961 0.949205756 1.43746865 -0.0468715429 1.4196713
    -0.560124934 1.21688962 0.203840435 0.646813691 0.20787847 1.1005832
    -0.295265913 0.249230802 0.659173787 -0.515928447 1.86457956
    0.710628986 -0.879708886 -0.2859357 0.947714806 0.278056324
    -0.0344519615 1.75793457 0.499699354 0.87532711 1.1385479 0.66164422
    -0.30830133 -0.370665967 1.84874189 -0.672239602 -0.903241873
    0.504758954 0.165578246 0.287176251 1.5416677 -0.833417833
    0.247937083 0.753082812 1.15795493 0.759100318 -0.772970557
    1.93196225 -0.0945961475 0.71955204 -0.913148284 1.64255548
    1.77407849 -0.96200645 1.51863432 0.108031273 -0.552179754
    0.188696206 1.65048623 -0.722912908 1.50106609 0.923506796
    0.821106195 1.57665324 1.84089947 0.684683919 -0.331386387
    0.60277015 1.82522273 0.0204170942 0.0336303115 -0.0148347616
    0.382396877 -0.710845828 0.465226173 1.6164254 1.96800292 1.47752559
    -0.308296621 0.0319818258 0.951047719 0.31592375 0.324485838
    0.00144797564 1.49671912 -0.775668502 -0.324781239 1.80986953
    1.32614505 1.03699887 1.53950202 -0.310908139 1.54803371 0.391463339
    0.802890003 1.33299828 0.445002973 -0.215202272 1.13136244
    -0.908442318 0.816069245 1.8461628 -0.46752125 1.33705938 1.19825327
    0.300497174 0.62277478 0.618064761 1.26738977 0.969706178
    0.752157748 -0.282245636 1.59408629 -0.313055813 -0.312357128
    1.33848906 -0.0658140182 -0.696176708 -0.74410671 0.0171639919
    1.04977119 -0.560024559 1.79133141 1.78847265 -0.278347611
    -0.6240924 0.119727135 -0.767408729 0.406217039 0.944056213
    0.155113339 -0.361001074 -0.88792187 -0.809736967 0.784905255
    -0.793102384 -0.196239889 1.5149492 -0.20032239 0.0119065642
    1.3504324 1.34969294 0.595162511 0.555794895 1.82580543 -0.534819603
    1.27535248 1.62585115 -0.615797698 0.81670332 1.8034513 -0.312772453
    1.80093908 -0.465914339 -0.231343806 -0.291370332 0.398334444
    0.171625078 -0.851194143 1.62838292 1.0272398 0.350771427
    -0.078404665 1.13845634 0.739805937 1.42111742 1.51905107
    0.167845249 0.143479705 1.75688326 -0.508323073 0.83828795
    1.29506516 -0.419159204 -0.664183676 -0.598567247 1.04215384
    0.45866853 0.635504246 0.885415494 -0.39718309 -0.0872738361
    -0.374673903 0.167102218 0.794293642 0.895443439 -0.719263077
    0.0241674781 0.985336661 0.511021972 0.470083296 -0.129141986
    0.657426059 0.156736791 0.850311697 -0.887975693 0.610749304
    -0.252802193 0.491131008 0.00219291449 0.686531246 1.09472489
    1.89494252 -0.621281683 -0.443253934 -0.171371937 1.07933545
    -0.616429448 0.332936287 0.527600586 0.141339004 1.3902024
    -1.02512586 0.921516538 1.76020861 0.3917256 -0.439986825
    0.142668009 0.475105524 -0.291555703 -0.596190929 1.04138088
    -0.66655314 0.0330469608 1.48104763 1.86237085 -0.464515477
    1.15619707 1.86453462 -0.188010693 1.51982713 -0.691119909
    -0.51685977 0.837599754 1.20337021 -0.424206674 1.49156439
    1.18519711 0.102837503 1.15136266 1.22965002 -0.585918427
    -0.732608438 -0.679919064 1.42356825 -0.673481762 1.78060365
    1.4136281 0.864533544 -0.390406609 1.20275509 1.5727284 0.453043163
    -0.3929196 0.612332642 -0.0823830366 0.292681992 1.44190919
    1.37712538 1.09201813 -0.849043787 1.23188925 -0.380668461
    1.66489971 -0.201341987 1.70668685 1.88659525 -0.25664705
    0.160835743 0.157421947 1.39021981 1.85095716 -0.580461621
    0.995549798 -0.406686366 0.934802532 -0.897684932 1.11116099
    0.917653918 0.300509632 -0.711634696 0.956837177 -0.289204717
    0.603842199 1.22308075 1.77719378 1.0796963 0.776545286
    0.00136685371 0.11019361 1.23571312 -0.823909402 -0.916662753
    1.60725093 0.377016783 0.550299644 1.77433252 -0.177149355
    -0.0651189685 0.224360704 1.0294261 0.681677103 1.192307 0.27271986
    0.253402472 0.145538747 0.289988279 0.280590177 0.887384892
    1.22402537 1.05993783 0.0179979801 0.743501365 0.038028419
    -0.630345345 0.530521512 1.5809567 -0.948544145 0.837337852
    1.29141068 -0.333161592 0.432225585 -0.133112907 0.999653101
    0.261582673 1.65702879 -0.521997213 -0.161736488 1.11592841
    0.310292304 0.27750355 1.03910255 0.0479745269 0.135687888
    0.905447841 0.329173446 -0.754740357 1.45062375 0.558232307
    0.309576929 1.20308781 0.13300997 0.582954049 -0.569524229
    -0.625572205 0.991401911 1.13488555 -0.547696352 -0.187787771
    -0.800833821 -0.173111677 1.70206082 0.850619316 1.22985017
    -0.494748235 -0.1164518 -0.618938327 -0.0644487739 0.65909791
    1.38410473 1.47931182 -0.97687304 1.09377432 0.0584728122
    0.313490868 -0.28320688 -0.350392222 0.463383257 -0.52028203
    -0.0798197389 -0.352907479 -0.33378613 0.536015749 -0.0613974333
    0.120975792 0.770453453 1.63691902 -0.664073646 0.291079521
    0.558089614 -0.847594202 -0.404522061 -0.876913428 1.90635777
    0.228488266 -0.68362546 0.537705004 -0.668941379 1.10940707
    0.743603528 -0.524439096 1.85621762 1.35668612 0.668135107
    0.0528796315 1.332057 -0.190673172 -0.465108514 -0.269819438
    -0.138125598 1.36794651 -0.15827173 -0.633360863 0.020270288
    1.54697776 1.62315536 -0.918253303 0.303559065 1.18034768
    0.382913649 0.58253032 0.879188359 -0.63426882 -0.425301522
    0.327109277 1.57493436 0.292961359 -0.631122649 -0.524166942
    -0.569584787 -0.285628796 1.49631965 -0.125876486 0.0528066754
    1.02210712 0.31964165 0.759778917 -0.808661222 -0.456611902
    0.195642531 -0.00909817219 0.965402782 2.01760316 -0.0646412373
    1.1136868 1.70384681 -0.763509631 0.681581199 0.608262777
    0.577979803 -0.354846716 1.09978199 1.1492238 0.751160443
    -0.444311202 -0.121397913 0.830567539 0.316489756 -0.223930776
    0.456853986 -0.779666364 -0.94249028 1.75984502 1.01328528
    0.802525282 -0.62799108 1.80152225 0.894214988 0.54251796
    0.541224837 -0.370547712 -0.654357374 -0.109750986 -0.253286839
    0.358019471 1.88156509 1.45516205 0.154955268 1.67372966
    -0.556287348 1.68702424 1.75094855 -0.463852286 1.20133209
    0.972867906 -0.251552522 -0.605458558 1.89097357 0.728590488
    1.44994414 0.396974325 0.497402251 0.883561373 0.276495934
    1.85001183 0.259822786 -0.497448564 0.073063314 1.64056182
    1.51888037 -0.189898789 0.230856836 1.40642834 1.11738873
    -0.121142983 0.440602362 0.856243014 -0.305508763 0.5663715
    -0.497832537 -0.218339264 1.25417638 0.828927755 1.70629263
    -0.160528958 -0.547354162 -0.29558593 -0.900594234 1.38221765
    0.241660535 1.35362554 0.602528751 0.260357082 0.82863766 1.20461416
    -0.783207655 0.249893248 0.153882325 1.8986212 0.0947549343
    0.239722371 0.606956482 0.0988669395 1.02392495 1.79635584
    1.19941413 1.15983605 1.03578162 -0.426378012 1.0753125 1.16955292
    -0.359943449 1.50022447 0.414409876 1.65944004 -0.417297661
    1.42370999 0.331691682 0.25037837 1.11202717 -0.0164512992
    -0.935767531 1.17580771 0.608391166 -0.516301274 1.36313868
    -0.0576691628 0.914708018 1.19935024 -0.580909848 1.10721803
    0.828537643 -0.512596309 -0.367998719 1.50844097 -0.523681343
    -0.281131923 1.12684178 0.20655781 0.0719558001 -0.552589834
    1.13671517 1.27903414 0.826585889 -0.527541697 1.57590914
    0.599612713 -0.183820307 1.73829949 1.3694737 0.169152498 1.52001619
    0.190800071 1.03113782 0.932862878 -0.00567734241 0.779360652
    0.411508679 0.468944669 -0.301332474 1.15999973 1.58141136
    0.788675785 -0.766648412 0.31558615 1.82057428 1.71487379
    0.326835036 1.49518943 0.951401412 -0.609969676 -0.441774517
    0.962173879 1.81057882 0.460576713 1.02543402 0.400432765 1.29390669
    1.21078968 0.203416586 1.19564438 0.663419306 0.176099956 1.28492832
    1.3979944 0.772710264 1.39808261 1.38127422 1.78850627 1.16216385
    1.82023609 -0.0798410773 0.906448722 0.79141593 1.702896
    -0.746368885 -0.941775084 0.786052227 0.883047283 -0.314609885
    0.463872433 1.01343596 0.663735867 0.102903724 0.146009564
    0.647370994 1.65762782 0.0337257385 -0.402744949 1.19351041
    1.32632077 0.261687398 -0.544080138 1.59206629 1.51321042 1.80052829
    1.84333861 1.28471637 0.420733809 0.639355421 1.72052455
    -0.373201191 -0.707493246 1.79714739 1.72066665 -0.654787898
    0.490024805 1.61233997 0.599673748 -0.19696945 1.68769217
    -0.831302583 -0.584537625 -0.424847603 1.52796888 1.69133329
    0.763125241 1.20380282 -0.803236365 0.780127466 0.936399221
    -0.356676161 -0.428349793 0.953782678 -0.519603491 0.343158484
    1.01179767 -0.793791592 1.06054187 0.48976171 1.7853992 -0.138256311
    1.4311142 1.7781117 0.473311484 0.779452264 -0.753671527
    -0.0621480346 0.697700739 0.88905549 1.10215759 0.184368491
    0.88687712 1.70379066 1.31261539 0.841109693 0.803855717 1.6462723
    -0.117776036 1.60417879 0.678582907 -0.457820147 -0.280396223
    -0.0571157932 -0.563417554 0.55673641 -0.376113594 -0.150502264
    1.61149764 0.958273113 -0.356730163 -0.0299086571 1.3755343
    1.70418143 1.06798744 0.224662125 0.138854444 0.962129653 1.80253088
    1.9037267 0.00296580791 0.293528318 0.206028342 0.6588521
    -0.537512541 -0.0182881355 0.801044524 -0.547511816 0.542967975
    -0.317907751 -0.170560539 -0.144677758 -0.582492948 1.59963918
    0.351169825 -0.0534261465 0.53468442 -0.0562099218 1.90837646
    0.97555232 -0.603353381 -0.50360322 -0.262996733 -0.795108616
    0.361256301 0.0305867195 0.499090135 0.741898239 0.907075644
    0.711403012 -0.227637768 -0.490219593 -0.497422099 0.772911251
    -0.668903947 1.18720996 1.06459594 1.51587689 0.135959446 1.38438475
    1.03040695 0.527763844 -0.559849679 1.54457378 0.0605002642
    -0.0156833529 -0.73211199 -0.72452122 1.5111208 1.98803926
    0.107976973 -0.848784208 0.455268741 0.21800822 0.918939173
    -0.139487386 -0.294375837 -0.623855531 0.559887528 -0.0540961623
    -0.0647630692 -0.333683759 -0.615849257 0.468760967 0.870769978
    0.0315628052 0.520200014 1.21128345 1.7917161 -0.256723285
    -0.726774931 1.85942233 0.681838155 1.67300165 1.51861322 1.1327889
    -0.366817713 1.3670373 1.33045709 1.60323954 0.950712621
    -0.665373743 1.65185165 0.403605521 0.645472884 1.76710463
    0.0600652695 0.145989299 -0.218278289 0.698912501 1.43451786
    1.4139396 1.48379123 0.218474746 0.102652252 -0.554674268
    0.339385927 0.147801399 -0.351339817 -0.535494089 1.38594341
    -0.543561935 1.19873786 -0.491367102 0.0518336892 1.30701685
    1.86364245 0.470601797 -0.547033072 1.00084341 -0.0749607682
    -0.119657457 0.754134417 1.01603913 -0.581832647 -0.925007641
    -0.382206321 0.777588367 -0.760294914 0.638552785 -0.603650987
    1.46281123 1.06040943 0.44780165 1.22641146 0.201630771 0.689700186
    1.89151502 0.820389152 -0.653436542 0.904264808 -0.607747734
    -0.402598411 -0.84630847 0.996084511 1.16870403 -0.0288047791
    0.866083026 -0.657798529 1.15321219 1.25149035 0.136358202
    0.334789515 0.594568431 1.01511872 -0.336485267 1.65757918
    1.53049505 -0.764403522 1.25239825 -0.604787886 -0.480591089
    1.69133711 -0.885349452 0.636490822 -0.911600232 -0.301274836
    1.66362345 -0.146456242 -0.963291526 1.4676882 1.00223172
    0.407385409 1.21345377 0.133871198 0.371890068 0.315311074
    -0.243812084 1.63306379 -0.258593798 0.983700931 1.33378208
    1.32922661 0.266199231 0.701360583 0.744770765 1.38095796
    -0.605660498 1.59206152 -0.0758666992 1.1042906 1.3908112 1.84894049
    -0.0731747746 -0.47326836 -0.0830486417 1.30613053 1.61455834
    -0.827055395 -0.2748878 0.165266871 1.71981859 0.799961567
    -0.270552039 -0.367893934 -0.314378619 1.54010653 -0.720580459
    0.680396557 0.543506742 1.60432708 0.791192412 -0.24053055
    -0.503653526 1.25881815 -0.937983751 0.762208343 1.15452754
    0.993748009 1.81867933 0.621058106 0.579631209 -0.702759922
    0.909439027 1.96194887 0.243618488 0.702001274 1.07466412
    0.798358619 -0.243314385 0.0493814349 0.851473033 1.7012713
    1.56503212 -0.388587952 1.13058305 -0.604725718 -0.270614862
    1.0599705 0.296869814 -0.869605541 -0.830371439 1.79541993
    1.02044904 1.75200272 0.205596924 1.3437072 -0.369385004 0.633631647
    -0.470234782 -0.521482527 0.850424349 0.433021963 0.714802146
    0.155163229 -0.574823618 -0.116956711 1.38246107 1.74965882
    1.03745496 -0.590780973 0.773190916 0.196573198 -0.719497144
    -0.273748159 0.426439345 1.56888318 1.52564073 0.548847735
    -0.176505387 1.23093057 1.39822757 1.75667357 -0.218696296
    -0.215841174 -0.517903388 -0.66582787 -0.367957771 1.1862005
    1.25485778 1.45880544 0.668677568 0.513892233 -0.606801867
    -0.0612779856 1.3025862 -0.084266305 1.04153943 0.928941905
    1.05885887 -0.428269684 1.02044988 -0.215661645 -0.845021009
    -0.147408009 1.54566813 1.70619321 1.89563608 -0.841693461
    -0.0530237556 1.51731348 1.46673429 1.79119384 1.91897798
    0.557336748 1.45167947 2.22303128 -0.393444866 -0.276714295
    1.08107018 0.744414985 -0.155196786 -0.376438469 -0.179574728
    -0.60906148 0.451569259 0.729908347 0.647737622 -0.0132082701
    1.75199699 1.07907665 -0.51904273 0.301154494 1.25842357
    -0.342273295 -0.220379114 -0.747934997 -0.49687162 -0.47652182
    -0.829632282 0.930553198 1.91988349 1.50368333 1.43714726
    -0.0487405062 0.331705689 -0.390765905 -0.618383884 -0.00975930691
    -0.102914274 -0.964413762 1.84762955 0.850171328 0.845034242
    0.45157373 1.88731349 0.349547267 -0.365149438 -0.478116482
    0.313088238 0.797440588 -0.664363265 0.571606576 -0.460113347
    0.822919846 1.64310265 -0.227350473 0.0725317001 1.8184886
    1.09339046 0.502828002 1.12441266 1.19271135 1.80660796 -0.844068885
    1.81768286 1.04828477 1.66552782 0.340559125 -0.858976662
    -0.470471084 1.05295467 -0.31350112 -0.952780306 1.81184721
    1.47869241 1.53200698 1.47734666 -0.894020557 1.23022079 0.46038717
    0.270244181 -0.293934882 0.819137692 -0.706829011 1.33769572
    -0.582649052 0.159462929 1.42522621 1.42597353 1.07494688
    -0.519921839 1.48006845 -0.338459015 1.14451563 0.395411849
    1.0306704 -0.211396277 -0.508807361 -0.0479437113 1.25970221
    -0.824921787 0.117137015 1.89066291 -0.606732845 0.50520426
    1.35180092 -0.925133407 1.76455438 1.53587103 0.502777755
    0.244433045 -0.781630814 1.85710144 -0.21506387 1.95014381
    0.381250799 1.46168113 -0.296926677 0.313134551 -0.625784159
    1.15592933 0.789724588 -0.997628212 1.71290457 1.69982672 1.18164754
    0.789613366 0.427104712 1.61187792 -0.895122647 1.13879621
    -0.758963585 1.63589358 1.54319 1.80413485 -0.110713422 -0.924052298
    1.40442729 1.70206738 1.55700815 1.24660754 -0.161468565
    -0.748970389 -0.13368094 -0.0373072624 -0.688212693 -0.0784617066
    0.975424647 0.990980625 -0.145762026 -0.737816215 -0.680772901
    1.58317471 -0.375588477 0.510483265 1.53849506 1.23573327
    -0.72686255 -0.432007015 -0.935101211 0.930938721 0.526282489
    0.779662311 0.784053028 1.07690597 -0.765847147 1.84415007
    1.67057395 1.78308225 -0.361638844 0.868487656 1.5555867 1.36112928
    -0.211504996 0.108587921 0.882875681 1.47876787 -0.385402799
    0.984286249 -0.239081919 1.4078896 0.601213217 0.147289515
    -0.49528861 -0.190592408 1.98414159 1.88848567 -0.566875815
    1.46649539 -0.941138387 0.91007936 0.524562359 -0.151833653
    -0.750638366 0.674945772 -0.647420526 0.101813495 -0.971017778
    0.050293386 -0.948913038 1.82335591 0.897497356 -0.47283569
    0.607360899 1.51067984 1.8816576 1.93874979 -0.232814729 1.357939
    1.78051114 0.361517489 -0.0406115055 -0.479933739 0.812375486
    -0.496999234 -0.297888279 0.981586099 1.07147169 1.90498471
    0.606964827 0.479655862 0.764389992 -0.646171808 1.54603088
    -0.940595329 -0.0748957396 1.97161317 1.35159683 1.33884311
    0.359245479 -0.400355101 -0.464856386 0.747489154 -0.471251816
    0.1255669 0.565614522 1.72151351 0.713521481 1.86977458 0.0737479329
    -0.425886869 1.37222147 1.80612993 0.368983865 0.65784657
    0.571565092 1.76165152 -0.20825386 1.03399611 1.58544397 0.531190038
    0.76054883 0.922774315 0.497736752 0.643153906 0.496527672
    -0.129478037 1.43354869 0.195934534 0.750248134 0.690751016
    -0.134654224 0.497569144 -0.158376187 1.10267031 -0.335482031
    -0.607393384 0.433422327 0.30355227 0.706427336 1.84335899
    0.942183137 1.76188707 1.33058262 0.515224397 -0.497956157 1.198825
    -0.0724775791 1.9110117 0.320489049 1.22049332 -0.507693648
    -0.389371216 1.26220143 1.55999279 -0.764059246 0.00853395462
    0.065661788 0.220568538 0.515921354 0.253489435 0.196206748
    0.430184841 1.15776229 -0.366559386 0.532764196 1.3347398
    -0.637009025 1.00700355 0.0227022171 0.823082328 1.59660578
    -0.73887527 -0.193515778 -0.388820648 1.68494236 1.1400789
    0.654217303 -0.139299393 1.16786337 1.16431618 0.314363599
    1.10615873 1.8683356 0.983222723 -0.0188444853 0.930529773
    -0.248994648 0.467208087 1.39760065 -0.806651831 0.14583385
    0.730251908 -0.462675542 0.225750864 1.69612646 -0.191128194
    0.124212384 0.241919518 -0.265376627 0.964071989 1.09474635
    0.897903323 1.32350945 1.61568749 -0.704934597 -0.733311415
    1.38226342 0.676894188 1.64570665 0.412207663 0.713093162 1.85808945
    0.49763149 0.778318286 -0.286164463 -0.904356182 0.56362313
    0.967583537 1.42846906 -0.602427065 -0.510153413 1.36953056
    1.28222299 1.63515592 0.332996488 1.67749441 0.608715713 1.59483051
    1.63300216 0.923683882 -0.420967519 -0.670129299 1.5785265
    -0.947050035 0.641387224 -0.830895066 0.904370606 -0.238633633
    1.6365869 -0.653876245 -0.513624907 0.543169379 0.679046035
    1.88815188 -0.433070004 0.10720104 0.651311398 0.720325947
    -0.309487402 1.06135261 0.104302645 0.0265201926 1.63335729
    -0.54089272 -0.32271564 -0.272188008 1.02455616 1.68801641
    0.017842412 -0.483692884 0.521346211 -0.751069188 -0.452229381
    1.66318059 1.61058104 1.78403544 0.664110661 1.02766216 -1.03221881
    0.813786864 0.923661232 0.944673538 -0.670856953 0.966449857
    -0.0605733991 0.812511206 0.716243744 0.237743497 1.42365694
    1.56693792 0.348323345 1.90542173 0.0989744663 0.0628220439
    1.83016157 1.87352657 0.234075427 1.79096282 -0.522366524
    -0.451728195 1.59867239 1.83829856 -0.196113646 -0.209773481
    1.32068205 0.470894158 -0.00192147493 -0.092648387 0.903800786
    -0.649642289 -0.46663028 1.00332284 -0.914663672 1.36937141
    0.525280833 -0.662209034 0.592561245 0.0705213547 1.566715
    -0.463044345 0.309946656 -0.854281127 -0.785472512 0.843400359
    1.22528291 -0.719739199 -0.142055631 1.18471694 0.94994545
    -0.453327835 1.01894367 1.33023012 1.13504267 1.48360884
    -0.392130017 0.199840069 -0.894809246 -0.311627924 0.415219247
    -0.137668788 -0.141404033 1.23928046 -0.562476516 -0.294446349
    1.50603724 0.923648596 1.7084856 0.254661918 1.11895132 0.593444347
    -0.306559503 1.49110866 -0.321485996 1.24066329 1.07875478
    -0.738576472 -0.209360898 -0.435928702 0.641586661 0.464157104
    0.701402187 -0.216637433 1.14964092 -0.850697637 -0.273134947
    1.74733138 0.627196491 0.0414991379 0.433226585 -0.689763784
    1.3345722 -0.669628799 1.30841899 1.63344097 -0.638033032
    0.486704588 1.71006751 -0.240078688 -0.732941508 1.83123851
    1.83247066 -0.751770079 1.66878521 -0.0158196688 0.558107615
    1.42575693 -0.167357683 -0.801358104 1.78226495 0.592454076
    0.0220338702 0.79722774 -0.128911376 1.19111431 -0.139284313
    1.87719679 1.11724699 -0.154806077 1.24177539 0.185977697 1.62765622
    0.542841911 -0.186083257 -0.746299446 0.810829282 -0.783097744
    1.61901069 1.86233222 -0.0684930682 0.957767665 -0.570761979
    1.41040742 -0.0928049684 -0.831666291 1.64824927 -0.0598143339
    -0.190272927 -0.564836442 -0.308168769 0.530499101 0.642924845
    -0.416638076 0.313940585 1.67823827 -0.926213741 0.222861588
    1.46734428 -0.448601842 1.33393788 -0.722186446 0.114854932
    0.945236087 -0.111571074 -0.127618015 -0.0328189135 -0.0994179845
    1.1247952 -0.286080658 0.651545823 -0.223172605 0.436737418
    -0.803988099 0.0963938236 1.71388531 0.065592885 1.04674792
    -0.998191118 0.686792254 1.03074253 0.833316207 -0.428262055
    -0.526612222 1.62961578 1.8364141 1.14300847 1.0604434 -0.462534726
    0.484384835 0.109712958 -0.6932078 1.12841153 -0.786722302
    1.92704248 0.0228131413 0.819308162 0.506106615 -0.641183853
    -0.929750502 0.345027447 1.27548862 1.21730804 0.0410455465
    0.744710445 -0.14777863 0.519593716 0.221797347 1.20709014
    0.259037495 0.0069847703 -0.609839678 -0.578404069 0.200027883
    -0.413678408 0.000670552254 0.906544626 1.30790722 0.404216051
    1.50532293 -0.564378858 -0.394473433 1.23150861 1.4981153
    0.514706075 -0.908933461 0.5379228 0.480060399 0.042144835 1.8515842
    -0.409217954 0.667615712 1.31144679 1.58831429 0.330620766
    0.15817976 -0.783336639 1.0361321 1.13961768 1.75620198 0.630535066
    0.617887199 0.515188575 0.085414052 1.75055194 1.03676152 1.7337755
    -0.00836473703 0.480840862 -0.274533033 0.0486168265 -0.713548779
    1.22719848 1.37515318 -0.687487066 0.14366734 -1.01118791 1.72847497
    1.71234584 -0.218187749 1.08754146 0.976353288 1.2504164 1.62898481
    -0.357671618 1.0062232 0.737469554 0.256227493 0.633468032 1.8173238
    1.60214186 0.449246764 0.980561495 0.993788362 -0.164023936
    1.20998335 0.708769917 -0.12068069 -0.795673966 1.14990497
    -0.117857754 1.71504533 -0.765213728 0.611842453 -0.010433197
    1.70293331 0.491891265 1.12283778 -0.0233619213 0.341987252
    0.385552406 1.14297211 0.271500111 0.0562394261 0.755514979
    -0.271244645 0.837636769 0.109223127 0.136411071 -0.294541299
    1.19368935 0.754421473 1.10089886 0.176175356 -0.77251339 1.44220734
    1.18318307 -0.771253169 -0.0700496435 -0.364656508 -0.402186275
    1.81692827 1.28565013 1.86307383 1.64970565 -0.143318772 1.69897759
    1.6427778 1.09272075 1.47666752 0.140495896 1.54411638 0.62167716
    -0.0150567293 1.5130285 0.342437863 -0.035975039 1.87564754
    1.38608479 -0.113564968 -0.231219769 -0.68039608 -0.241801262
    0.615546465 0.938354075 -0.99614048 -0.66815412 1.02570748
    1.55898118 -0.286055624 0.142312765 1.8398155 1.34354031
    -0.562455714 0.908572078 -0.0196644664 1.77074313 -0.277338564
    0.421675026 -0.029553175 -0.304922342 1.14085233 1.59569037
    -0.416788042 1.22569621 0.354115069 -0.264179349 0.697969377
    1.64458096 0.214104176 0.884913862 0.418653548 -0.217217386
    0.896250725 0.294913173 -0.282468557 1.38625765 0.0475175977
    -0.699481249 -0.926174581 1.45388389 1.52659297 1.66115201
    -0.660247028 -0.0255896449 -0.763747573 -0.547378063 -0.792580187
    -0.861239314 -0.459612161 -0.564781487 0.897432268 0.777727365
    2.30861163 0.25387153 1.74987078 1.78226006 0.0584238172 0.530375898
    1.86944056 -0.40307039 -0.452704668 0.0624725223 -0.607968092
    -0.0583114028 0.647204578 1.78131652 1.8525703 -0.714196801
    0.13821125 0.202346981 -0.19995141 1.02651358 0.226612449
    -0.36121434 0.29877919 1.29138923 -0.119427919 0.85747236 1.5059278
    0.0946844816 -0.528443098 1.60893357 1.0257175 0.17630136
    -0.0988293886 1.36610246 1.30145288 1.63715088 -0.250872672
    1.84409702 1.69860995 0.723310113 0.328499436 0.459418416
    -0.172114551 -0.175685167 0.0999618173 1.8434521 0.172388017
    1.42207932 0.81247896 -0.168115735 1.19934499 0.769740224
    -0.328786671 1.89844561 0.886176109 1.51960111 0.663811445
    -0.53600359 1.86910319 1.31243014 -0.0524638891 0.528289437
    0.653151393 0.432786465 -0.0330175161 1.80645692 1.78578496
    0.503235519 0.685005486 1.65206623 1.60644269 1.88293862
    -0.594204724 1.2963717 -0.572741568 0.265857816 1.47420597
    1.81076288 -0.940174162 1.45602536 0.398893058 0.162516534
    -0.889692247 0.308514059 0.937655747 -0.111313522 1.48464668
    -0.742808878 1.22216821 1.15915966 0.88869673 1.89415884
    -0.658397794 -0.512459278 -0.586640477 1.81546009 0.0891193151
    -0.67552793 1.73324347 1.00321662 -0.413648009 0.998591602
    -0.217204154 1.21381927 0.559672296 1.76675761 1.69688082 1.05543995
    1.32022297 -0.381989628 -0.668348908 -0.371031672 -0.533626676
    1.31044781 -0.315974116 1.3334403 -0.572566628 -0.676854014
    0.485161483 0.722885728 0.484242976 -0.733533382 1.68712747
    1.74501061 0.988683045 0.19856286 0.151852548 1.65079427 0.43459475
    1.77917337 -0.850167096 1.34180093 1.45809138 0.00221610069
    0.84160459 1.34322798 -0.400277555 -0.807475984 -0.344145238
    1.48562944 0.636582375 0.34974432 1.66373539 -0.156826079 1.62933588
    0.57380116 1.1430068 -0.740222216 1.83377731 -0.683019876
    -0.06026721 0.660299182 0.110253215 1.00541031 0.16765821 1.11117721
    1.6284219 0.411956728 -0.105076611 -0.663706958 0.108678699
    -0.745065212 0.0283532739 0.593775272 1.17001534 -0.125728428
    -0.324694872 1.61184311 0.0678237677 0.0382438898 1.57042027
    0.178819895 1.07572508 1.77132237 1.67894125 -0.61935401 1.32199693
    -0.0753892064 -0.140412509 1.00519729 0.519724727 0.30954504
    1.57758093 -0.6820786 -0.202148974 0.533692598 1.44071484
    0.00538957119 -0.952142417 1.76343393 0.877136707 0.689537287
    1.49316967 -0.307740152 0.535847068 0.576862812 1.75842726
    1.34160697 1.67515433 0.849781513 1.36504328 1.1743381 -0.419174373
    0.177311957 1.59444439 -0.371109486 1.60189843 0.360203862
    0.860575199 1.35317254 0.825482607 0.469450235 1.38415873
    0.627387047 -0.691841006 1.40297496 1.54214239 -0.326968908
    0.0456359982 1.85367775 -0.116977751 1.32105589 1.45732975
    0.0120831728 1.00553095 1.83859539 1.53428006 1.08809876 1.4812485
    1.88977265 1.41956735 0.0861372948 0.0850944519 -0.674787343
    -0.377955079 0.0219115019 0.115276635 -0.44636637 0.977524281
    -0.719154716 1.84431314 0.624040008 0.0495328307 -0.57753396
    1.72147918 1.28485703 0.282787979 -0.426144242 1.41849017
    0.364666581 1.73390198 0.220447898 0.251482666 1.78529048
    -0.077911973 0.204382539 -0.221052855 1.1431272 -0.13829571
    1.04654813 0.329915345 -0.200210154 0.348793507 1.7339704
    -0.331498206 1.26202154 0.779938221 1.79846632 -0.472762793
    0.696015418 -0.0678062439 0.580103278 1.29884148 -0.206337094
    1.41697133 0.301880538 1.44153154 0.838681102 0.845005393
    0.297038674 -0.0680898428 0.111613393 1.39215565 1.71728003
    1.59129918 1.19881785 0.629291356 -0.971349895 1.8424685 0.457908869
    -0.041780889 0.0701442361 0.861847043 0.857834697 0.392106533
    -0.38041085 -0.0571792126 1.88018548 1.59268737 1.14760208
    1.33527434 -0.23558259 1.41634107 -0.416773617 1.66247189 0.69987607
    -0.77015394 -0.62265712 1.06311703 -0.96330893 -0.353106022
    -0.0491251349 -0.383466184 -0.122867048 0.271672726 1.40131891
    0.822385907 0.804229915 1.2995832 -0.677136183 -0.249240696
    -0.585748076 0.572842062 0.730969191 0.84270215 1.19135332
    0.782089412 -0.519482791 -0.397277534 -0.0707757473 0.179356158
    1.09269953 -0.0816974044 1.04769242 1.66165686 1.33755922 1.70092678
    0.271577895 -0.837683201 0.74271661 0.856251597 -0.253819883
    0.316651285 1.01033974 -0.62943548 0.899085343 -0.378518283
    1.77770197 -0.0371650457 -0.496712476 0.119176269 -0.851376176
    -0.273700237 -0.391299009 -0.207734704 1.30787897 -0.147672117
    0.848691642 0.135154486 -0.148621321 1.4780097 -0.887271643
    1.02721906 0.214376986 -0.0132342577 0.119736016 -0.768835485
    -0.210049868 1.11487544 1.95570362 -0.104417503 -0.377485394
    1.14281201 0.881446123 0.0411345959 1.2075665 0.797360361
    -0.655590773 -0.535564661 0.857358634 -0.630648971 -0.866046369
    1.76350677 0.6368469 1.36113262 1.5940069 1.05295801 -0.41123724
    1.57657576 -0.35035491 1.46125603 0.502840757 1.09383857 0.280715108
    1.55399871 1.42165327 -0.29115808 0.75313127 -0.910470247
    -0.605572045 1.50419247 0.183336735 0.191300273 1.49450898
    0.206140757 1.73037684 -0.0499831438 1.19668937 0.75299716
    1.46582615 -0.536461234 1.010957 1.77050948 -0.0666374564
    -0.695383549 -0.469412029 -0.27161479 -0.222243488 0.771258235
    -0.44661814 0.878198504 0.18003583 -0.521519423 -0.0855063796
    0.386629522 0.93209064 -0.87400198 -0.738370478 0.503678083
    0.573124051 0.906888962 0.229483485 0.0931222439 -0.84730041
    1.26373029 -0.764956713 -0.727291822 0.887049317 1.68347096
    1.66914368 1.51353574 -0.589403868 0.947586298 0.190632701
    0.337160468 0.051738143 1.57422841 1.08781493 0.818195581
    -0.737829983 -0.654761791 0.485913873 -0.434372604 1.02826977
    0.392775178 0.421258211 0.157267451 0.577400327 1.82353306
    0.640108168 -0.435164481 0.173509061 1.59277582 -0.936904609
    1.78010595 1.47994661 1.40170848 0.0756793022 0.0338330269
    -0.151706278 -0.833976507 -0.79135865 0.892811179 1.90924203
    0.0801610947 -0.450375915 1.39838982 1.32488608 1.10164165
    -0.557378948 0.0972174406 1.39454782 1.53551412 -0.712693989
    1.33407187 1.43627346 -0.760604262 -0.00151830912 -0.490195304
    -0.0565098524 0.2243945 -0.148308933 1.77319384 1.85349512
    0.828930616 0.869711161 1.33026171 0.262436986 1.27742219
    -0.0585455894 -0.516639709 1.75970197 1.67851639 -0.12518996
    1.2334857 1.34100533 0.647328913 1.61118579 1.30483556 -0.310962558
    1.94370317 1.91775107 1.65939617 1.67303824 -0.198090702
    0.0545419455 0.973958492 1.84780836 1.5353514 1.87908161
    -0.683722794 0.856436074 0.741783917 0.948210597 1.28029907
    -0.91077435 1.52850437 0.44220084 -0.645384192 0.706042171 1.5544703
    -0.246672571 0.767862201 1.62319446 0.426983953 -0.7459656 1.7883091
    0.7554726 -0.785195768 0.162202597 1.76309037 0.825379372
    0.977710783 -0.607552171 -0.127595067 0.19822371 1.01737094
    0.635714531 0.816661 1.67060864 -0.280305207 0.891430378 0.43063724
    -0.635115623 1.33138835 1.45363021 -0.900382161 1.7174623
    0.275478721 0.819308758 1.15239072 0.190067768 -0.532271802
    1.61624956 -0.190919518 -0.0731095076 1.12073922 -0.0585183501
    0.462011218 -0.54009676 0.0610374808 0.0758684874 -0.0585574508
    0.465900362 -0.22932601 0.547687948 0.0528601408 -0.872740805
    1.76069772 1.45543218 1.25994837 1.49300361 -0.598785996 0.442112505
    0.0896491408 1.1409533 0.0652088523 1.39783776 0.901665568 1.529284
    0.598825276 1.07714772 0.171981394 0.519636035 0.126624227
    -0.447937101 0.49105376 -0.229900062 0.43093431 1.6445055
    0.831454039 1.28810453 1.18476367 -0.855594873 -0.482116669
    1.55298758 0.549490333 1.57536387 1.63497221 1.68551719 1.88227713
    1.74549985 -0.601785004 -0.569037974 0.635517955 0.442974091
    0.403689861 1.15598488 -0.876266599 -0.622184098 -0.640662611
    -0.649651468 0.141799092 0.541814923 -0.892848551 1.97423553
    -0.341004074 0.262987316 -0.915100038 0.491105676 1.25632071
    1.85124421 1.32782435 -0.52865994 1.7466464 -0.663484335 0.508533835
    0.328306615 1.00768566 1.57261074 1.35678256 1.608832 1.73773575
    0.604774237 -0.745277643 0.406000853 -0.377786696 0.959490895
    -0.227726638 1.24634814 1.58345568 -0.0852133036 1.27193916
    -0.251155317 -0.114091039 1.66831768 1.3057096 1.63096344 1.51536572
    1.73142076 -0.890677035 0.885389566 0.0500113964 1.73944855
    1.61144376 0.289809823 0.607785106 1.06190753 0.29409337 0.482374787
    -0.177406728 1.13859129 1.95257616 -0.860071182 1.14988625
    1.68158174 1.67244327 1.6150583 0.435225606 0.284684658 0.579221189
    1.19416273 1.72292554 1.03784466 0.610463262 1.84633112 0.867594123
    -0.161814749 0.623543859 1.70609236 1.24044681 1.34544659 1.0103035
    -0.583281994 0.448109984 -0.786378503 0.540247083 1.6523819
    -1.0032928 1.8089267 0.980746746 1.75327837 0.383648396 0.748252511
    0.933308959 1.55560732 -0.395943999 0.510212362 0.0117993355
    1.76144886 0.959443927 1.26544559 1.6211983 0.949546218 0.0501558185
    -0.456698865 1.23584676 0.85444802 -0.415769935 0.821605563
    1.70524836 1.66731381 1.83138859 -0.0610963702 1.37263501 1.37059903
    1.78901935 0.417974114 0.679744244 1.10787058 -0.969093919
    1.75938773 0.881820977 0.406389356 0.386298418 1.21926236
    -0.580370784 1.6222775 -0.07148242 -0.886687219 -0.234767377
    -0.644274592 0.0149213672 1.73035669 0.328192472 1.28299308
    1.06192613 -0.125384331 1.46937215 -0.106207371 -0.074693501
    -0.932085752 1.58130157 1.09855235 1.91630244 -0.135927856
    0.0744959712 0.145041227 1.37285757 -0.13148582 -0.601746798
    1.17578757 1.71194112 -0.62588954 1.83793306 -0.697087288
    0.144049585 0.362200737 -0.349143684 0.860388339 1.02980447
    0.299736857 1.85332537 0.0675630569 -0.168480337 1.90668392
    0.755119801 -0.344774246 -0.886991382 -0.821811438 1.47537971
    0.874269247 1.90654063 0.47772789 -0.163237274 1.45475912
    -0.241873384 0.961375415 -0.131183743 -0.576193452 1.87167525
    -0.366481304 1.74262643 0.620258272 -0.692094922 1.23910475
    1.69140851 0.688449144 1.08839822 0.035073638 -0.86127466
    -0.884097338 0.996751726 0.736332357 -0.517692506 0.39479059
    1.08538508 1.67831337 -0.212936819 1.74363422 1.25985885
    -0.875121951 0.484037638 0.642947614 1.86949968 -0.199655056
    -0.398452938 -0.465543687 -0.299112201 1.44349265 0.983518243
    1.00847745 -0.0733529925 1.43812943 0.902786732 -0.862655282
    0.196749032 1.745193 -0.907635093 1.75345623 0.0243538618
    0.348969281 -0.597348511 0.938118637 0.775180161 -0.696268618
    -0.805859804 -0.676369667 1.59811664 -0.765115619 0.718055129
    0.969791293 0.927461743 1.11674333 -0.251787663 -0.897116542
    -0.235646546 -0.573620915 0.923349202 1.73598814 -0.373940945
    1.66389418 1.90566635 1.37073851 1.08251119 0.807389677 1.88128603
    -0.512839317 -0.0615038276 1.68060756 0.350662589 0.525110304
    -0.170847058 -0.267757297 -0.666728139 0.111733556 1.87222123
    -0.977930367 0.302133203 1.65832829 0.176164031 0.640257716
    0.216941416 -0.275406122 1.17391157 -0.794582069 0.770006478
    1.45635176 1.21277285 0.0800257325 -0.19751507 -0.814292789
    1.54727376 -0.331757665 -0.941845715 1.3465482 1.1584239 1.62808537
    1.14729226 0.611875236 0.514450967 1.33681107 -0.278397679
    0.849041045 0.214714944 -0.662763953 -0.0676859021 -0.299763083
    -0.29568094 0.310485005 -0.924981713 -0.301753044 -0.753639162
    -0.2528584 1.4735148 1.54579747 0.40459764 0.508721948 -0.744600892
    0.380097032 0.964794397 -0.128814876 0.00162875652 -1.02982771
    0.404444337 -0.493088961 -0.0823254585 1.34836018 -0.0120381117
    0.879654884 -0.195313632 0.958039761 0.263186455 -0.858875871
    1.60854816 -0.253450692 0.717135847 -0.406032264 -0.443500519
    1.37181652 1.6148876 1.32056308 1.25970852 1.73226106 0.675063729
    0.390539527 -0.438913941 0.214684665 -0.0820612907 1.733688
    -0.969392657 1.58575094 1.75418437 1.05032086 0.135409713
    0.546432257 1.15240908 -0.457955301 1.29176486 1.27330136 1.87098145
    0.728025794 1.38670254 -0.0999537706 -0.226465166 1.65540421
    0.496290207 0.345235705 0.509441495 -0.105588377 -0.314689994
    0.130174279 1.31954956 1.04467702 0.0636937618 -0.397630513
    0.866568089 1.18922651 0.254556894 0.949718654 0.203445137
    -0.317560792 -0.69221741 -0.130247653 0.928877532 0.542652547
    -0.346378982 -0.305719852 -0.685090899 -0.140452504 0.460420847
    -0.85448432 0.158700943 1.27287936 1.46883833 1.70331597
    -0.526957035 -0.648002088 -0.850657344 0.359920561 0.245262563
    0.720056236 -0.121649444 0.32577467 0.657104254 0.487367332
    0.342184305 0.701787531 -0.28934145 0.987047017 0.0817406178
    -0.0911277533 1.17450452 0.243400156 -0.764626563 1.96741104
    1.74012506 0.199927986 0.013489604 1.13146448 -0.379800141
    -0.88715601 1.38915515 0.199987233 -0.266754925 0.878234506
    1.89037466 0.813481867 0.986165762 1.41577935 -0.106404006
    1.77807975 -0.087449193 0.187674701 1.40868938 2.11473274
    0.0196152329 0.143042982 -0.728909433 0.0424906611 0.297479868
    0.797824562 1.37576342 -0.52578038 1.46462882 0.11010164 0.195236742
    -0.86284405 -0.265449941 1.26889539 0.114937842 -0.352528334
    0.44351691 1.18920732 1.69937205 -0.864129186 -0.258412719
    0.990061522 0.902305961 1.90162754 0.757113755 -0.906854928
    -0.977819264 0.532601714 1.13083029 0.254175603 1.02605939
    1.65688086 0.00591993332 1.37469745 1.49298167 -0.864486694
    0.998740315 1.07600307 1.54698217 -0.928336263 0.113974988
    1.37441754 1.09283519 1.44392586 -0.765643895 -0.306507468
    1.57784724 0.101619184 1.28348994 1.8973 0.297010958 1.04043937
    -0.304859519 -0.420461118 -0.271576881 1.5064261 1.6413219
    0.406000197 0.504378438 -0.699670076 1.61081791 1.95371222
    -0.541891098 0.585553646 -0.224985659 1.7052598 0.826639652
    -0.29221797 -0.835371614 0.400401652 1.16071308 -0.769947767
    1.17872596 1.30082822 0.670491278 1.18962932 0.688749075 0.880482256
    0.393249035 -0.248621523 -0.195035517 -0.274533093 -0.732656956
    -0.194884837 0.0752736926 -0.0722433329 1.34530962 0.472937942
    -0.481059313 0.114646077 1.70046759 1.45653296 1.16877222 1.27658868
    0.408230484 0.724974215 1.57817781 1.68068027 -0.854739785
    0.613995492 1.09704089 -0.830707729 0.310804784 1.39048505
    -0.0831638575 1.85323882 -0.787222564 1.87781572 1.6642549
    -0.956145346 1.77766252 1.64446259 -0.741766155 1.84541488
    -0.260172546 1.25056005 -0.193124056 1.41450894 0.300628722
    0.680734336 0.0520982146 -0.74988997 1.77735543 0.787791491
    -0.548009634 1.48144305 1.25425887 1.16767764 1.55970228
    -0.274080336 0.456844687 0.881424904 -0.0149358511 -0.0464087725
    1.54966319 0.941486597 1.18597853 1.11152196 1.58712196 1.38276231
    -0.130755007 1.79532743 0.11623013 0.769734383 0.307733297
    0.876708984 1.03581142 0.83959341 -0.30849272 0.227884173 1.07699871
    -0.514395297 -0.304771543 1.44878483 0.935457349 0.217732787
    0.555675566 -0.162526906 1.82088757 0.819521606 0.235269666
    0.968575001 0.150302291 1.65350008 0.103496075 0.223021984
    0.854779243 0.531202793 0.113489628 0.588792145 1.13062322
    0.687058687 1.55069673 0.211626291 -0.487399578 1.44432342
    -0.998819053 -0.624766469 1.22552717 -0.850213349 -0.586274207
    1.28822851 1.51511526 -0.739909291 -0.958161414 -0.222219408
    1.31346905 -0.522855461 1.86392581 -0.97806263 0.571404874 1.2750628
    -0.89011842 1.6520226 -0.538967729 1.12044191 -0.421535254
    1.88202667 -0.571005106 -0.129028141 1.80089712 0.374043465
    0.317183614 0.0853358507 1.95133209 -0.121609986 0.685572505
    -0.471907794 1.87000442 -0.35556519 0.301479578 1.47754753
    0.643496752 0.334248543 1.08246267 0.795847774 1.05154991 1.81661963
    -0.712662935 -0.73217243 -0.265682459 1.05924511 0.865855515
    -0.912327707 -0.0270662904 0.752656817 -0.55740273 0.305948377
    1.75729799 0.0417715907 1.21524692 0.517219603 1.92257261
    -0.383334279 1.35656416 1.24623847 0.665828288 -0.745086193
    0.985145509 1.65811563 -0.890928864 1.22003174 1.09770107
    -0.491909206 1.86002004 -0.371130168 -0.442627639 -0.205788314
    -0.296024442 1.44476485 1.60698938 1.104918 1.52496195 -0.663200676
    1.3849355 0.654057682 1.7782855 -0.114832461 1.4991293 0.391816437
    -0.553656936 -0.331280947 -0.568611562 1.85795927 -0.485461384
    0.981043696 0.334074318 -0.73879528 0.704749942 0.793885708
    -0.37581563 1.8670125 0.194501996 0.576210201 1.03575969 0.431079149
    1.47041667 1.8381331 -0.762157679 -0.177133262 0.78889811 1.39760518
    1.02980685 1.56128097 -0.798586905 0.220337391 1.4276861
    -0.298012137 1.10792422 0.0547189713 0.463537812 1.13720822
    -0.81412369 0.489645123 1.79414129 -0.218393326 -0.495847315
    -0.426714003 1.04433727 0.118003666 1.25774336 -0.819356978
    1.58884907 -0.521154761 -0.251743376 1.68926191 -0.52078104
    0.673399568 1.21226978 1.75222325 0.804793656 0.289495826
    0.0470539927 -0.262418568 1.15988851 -0.083733201 0.84965694
    -0.0741961598 0.644059837 1.34106946 -0.195971012 0.190534532
    0.553695917 0.62330848 1.53358197 0.39211899 1.90872788 -0.221645713
    -0.422323436 1.62332177 -0.43302229 -0.334910989 -0.849933505
    0.0496814847 1.20397973 1.85810661 0.970451117 0.20989728
    0.909151495 -0.514451385 0.18700707 1.3782196 1.06512284 1.23053563
    1.50232267 0.356989861 1.76237082 -0.549597442 0.0615724921
    0.82961309 1.25711775 -0.0823814869 1.92165446 0.707302332
    1.86415005 -0.880637348 1.04385388 1.8389852 -0.186797559
    0.752468944 1.41988015 -0.292363346 -0.13670814 -0.734267354
    1.68476295 1.7198422 0.380575657 0.783123374 1.437482 1.69565034
    0.170027256 -0.403042197 -0.689619184 -0.442449927 0.915822685
    -0.464217216 -0.461776733 0.920758247 -0.775036454 -0.600014925
    0.502885818 -0.0719453692 -0.953720868 -0.939768493 -0.448350012
    1.87421823 -0.347097397 1.16770756 1.8459574 1.2808218 0.300043941
    0.58870697 -0.121845186 1.14443326 1.0507772 1.04794407
    -0.00568950176 0.962603807 0.773830175 -0.410578907 0.847545505
    -0.888048589 0.58065033 0.739413381 1.54966497 0.321652055
    1.09138048 1.23044145 1.85174358 0.572551668 -0.924491048 1.66668248
    -0.604210973 -0.507948399 -0.0321945548 1.85836089 1.33347607
    -0.00426137447 0.37808764 0.872437239 1.49422359 0.492969513
    0.666131973 -0.54511404 -0.697262347 -0.667307973 -0.122501791
    1.83585095 -0.595228553 -0.636372924 1.32679725 -0.943434358
    1.41856182 1.44511092 1.24133718 1.78075027 -0.711013734 1.10009122
    0.398745358 -0.747568846 1.2123965 0.596916437 1.33208406 1.48792601
    -0.92593497 -0.943685591 1.45644689 1.36801291 0.866054416
    -0.351290524 -0.579083145 -0.670193911 1.06113243 -0.484298587
    0.551205754 1.47818673 1.20883989 1.11918747 0.117238939
    0.0454151034 0.122584343 -0.367357254 -0.100495994 0.329947889
    1.56877398 1.19487047 0.31494683 -0.515654206 1.54243994 0.535057545
    1.01574564 -0.549299419 0.798566818 0.0569899678 0.742612362
    -0.592036128 0.588824153 0.329720318 1.37588453 1.52895474
    0.456622064 1.22358191 1.38993621 1.52419901 1.58153844
    -0.0326936245 -0.515632749 0.47434628 0.83161968 -0.0826530457
    -0.00214403868 -0.140536308 -0.586145759 0.54478848 0.821942091
    -0.370054841 -0.892336309 1.24938655 -0.663400292 0.165349305
    -0.32739985 -0.189430237 1.14098573 -0.735630035 1.71062708
    1.67913163 1.04106617 0.986533761 0.401819408 -0.243114918 2.210114
    0.12002027 0.414189637 -0.183666587 -0.725142241 1.2855047
    0.874666631 0.150620639 0.308388054 1.26448107 -0.660893202
    -0.58361721 0.738804698 1.95354509 0.427352428 1.40755725
    0.0735324621 -0.731377602 -0.186733961 -0.720234931 1.75094342
    0.40120244 1.03793573 0.0518865585 0.138911843 -0.295919597
    1.01098156 -0.194671929 -0.963134885 -0.0991035104 1.39904499
    1.20403063 1.30829144 0.649708986 0.672593355 -0.31102407
    -0.725984991 -0.679869771 1.58930516 0.57830137 1.10815883
    1.85494161 -0.332130134 -0.479996443 1.28772044 0.125135541
    1.74565661 -0.286362708 0.86283493 1.90365767 0.121460676
    -0.494161725 1.29038024 1.08084643 1.05049872 0.487707555
    0.992065609 0.215971112 -0.468202531 0.383820653 1.21008706
    1.47753429 -0.905201077 1.86739922 -0.586493373 0.859626353
    -0.850141644 -0.246059477 0.985607266 1.35996509 1.79048741
    -0.454393983 1.99760509 0.464572906 -0.177316606 0.920512021
    1.45037985 0.263265133 0.789569616 1.78148913 -0.732632995
    0.790078223 0.656583309 -0.0782257318 0.365358472 0.0182647109
    -0.600541711 0.157767653 1.75308871 -0.591698408 0.0285656452
    1.58195496 1.05596566 -0.840592504 -0.775875747 0.774021029
    -0.294596314 0.94637239 1.19915652 0.244748771 1.58886981
    0.0257077813 -0.344850302 0.132053733 0.446087241 1.73106837
    -0.839927375 1.61570215 -0.0154865384 -0.342139423 0.895454645
    1.57777727 0.876525402 -1.00303435 -0.647562444 1.08420992
    0.83508122 -0.387470305 0.45098114 -0.806591749 1.80252874
    0.00835454464 1.8251431 1.95123661 0.259334564 0.736159742
    1.03617358 1.38947856 1.29682457 -0.138791919 0.148516178
    -0.424153268 1.6575563 0.388656378 1.47282517 1.74635494 0.367098927
    0.670855522 -0.327093482 1.55547845 0.432406425 1.49945009
    1.36815417 1.75745368 1.30377162 1.75679755 0.60479033 0.127968788
    -0.282138467 0.845312953 1.00739491 -0.806218445 1.66655231
    0.227006793 0.322180986 1.59944177 -0.0560254455 0.386962831
    1.40329099 1.04292798 1.42088449 -0.736200809 1.29829049 1.74832535
    -0.212261021 -0.21335125 0.00136458874 1.49242771 1.63735008
    1.67007089 0.512475729 0.984382212 0.693164766 -0.354903102
    0.450661957 0.748446226 -0.895625114 1.59826732 0.32220161
    1.21067226 -0.612327337 0.551076293 1.13577759 0.457559228
    0.318047941 -0.540789604 1.33477461 1.50355434 0.588102341
    0.0965592861 1.53868055 -0.255670965 0.442150474 0.105993927
    0.869624972 -0.679924965 1.74291921 -0.514657617 0.572819352
    0.596919239 -0.0327416658 0.186133265 1.59301972 -0.0283294916
    -0.69882381 0.969846845 -0.851884305 1.06160021 1.35959649
    0.0160690546 0.437741935 0.283183753 -0.640375316 1.49397087
    -0.951107502 -0.225792348 -0.527799308 1.15867424 -0.777820885
    1.79757547 1.88700056 -0.587900639 -0.0479544401 0.666632235
    -0.787040651 0.691999674 -0.871044815 0.00969558954 0.92757535
    0.923612952 1.91553307 1.15331554 -0.292632341 0.916307926
    0.594419122 -0.75289315 1.06793022 0.148138642 -0.545485497
    0.838587701 1.38837671 -0.16160953 -0.146599829 1.77501917
    0.193253696 -0.455171049 1.09401155 -0.477008492 -0.300679386
    -0.479691237 -0.580960989 0.296327174 1.46961451 -0.233527482
    -0.0559536219 0.685074151 0.775010347 1.65789413 1.92289877
    1.23334217 0.897950768 0.0575456619 -0.713979483 1.46557045
    1.54839873 0.650215864 1.56048703 0.992413342 -0.891051412
    -0.495570242 0.13037008 0.821609259 -0.709893942 -0.832636833
    1.84484565 -0.566952944 0.292122364 1.93732846 0.384887815 1.0787257
    1.69921994 1.01753211 1.12984371 0.632627249 0.675198734 0.360043347
    0.209483027 1.55266619 -0.835927188 -0.180114865 -0.415399015
    -0.288428843 0.31777221 -0.275508404 0.343883395 -0.716834664
    1.18591475 0.102906227 0.246280789 -0.619377911 1.58834577
    -0.164686501 0.727949798 0.234232187 1.70673823 0.467722774
    1.8760612 -0.531900704 -0.892106473 -0.076018393 -0.260293484
    -0.708522677 0.515887499 0.843225121 -0.627733052 0.347558618
    1.77420139 0.998937011 0.0917547941 -0.867370963 1.84395051
    -0.816116452 0.622205853 1.38386917 -0.139081359 -0.362762988
    -0.632539988 0.258182287 -0.276379585 -0.597671628 -0.565126479
    -0.570528984 0.943979502 0.745591521 -0.197167575 -0.208638489
    0.528382659 1.88466668 -0.31204325 0.233643115 -0.20841074
    0.312158108 1.0631001 0.0343497992 -0.328532338 0.207087278
    1.69662869 -0.254422188 0.848956585 0.585168242 0.38522625
    -0.87743324 -0.932951391 0.0549753904 -0.741826952 1.68203557
    -0.658072233 -0.822159231 1.47761965 1.5349139 -0.576632679
    1.18390775 0.932722867 1.15384436 -0.694923341 0.353167534
    1.68463981 1.35949194 0.28341949 -0.57988143 1.52878344 1.82038939
    1.04345894 0.778471112 0.559175789 1.24897838 0.634294152 1.00284433
    -0.784781098 1.16302609 0.510989785 -0.267704844 0.298410892
    1.69630754 0.596237063 1.31355774 1.16898167 0.527351022 0.295709252
    0.542931318 0.353587866 -0.293862581 -0.456184924 0.212381124
    -0.162524164 -0.150847375 -0.726450205 -0.525109947 -0.463938713
    0.403675795 -0.101008058 1.54842496 -0.6793167 1.40811908
    0.958321333 0.98741287 0.187390566 -0.754646897 1.49159217
    -0.12697351 0.611974239 0.720908165 1.98307645 0.0717510581
    0.473528087 -0.0987619758 -0.562353969 -0.209385097 -0.861536562
    0.626059651 1.23294652 1.54634738 0.879393578 -0.976856649
    1.85881877 1.30271769 1.10122478 1.15713716 1.0128901 0.506815434
    1.65884435 0.0481582284 1.5682807 1.09187877 1.05443799 0.874699354
    0.50639081 -0.141106963 -0.871480942 1.20213819 -0.719171286
    0.241111159 1.07531416 0.661035299 0.744158506 1.31704283 1.2945857
    1.89813423 -0.938340902 -0.599009931 1.77399421 0.744816661
    0.697423458 -0.133712888 0.302482843 0.262651265 -0.525133371
    1.8868854 0.541243494 -0.58004725 -0.712539852 2.03392005
    -0.294541895 -0.196686208 1.11848474 0.353562713 0.413644254
    -0.857381046 0.253454924 1.79464364 1.87805378 -0.419671416
    -0.59181726 0.779805899 -0.647554457 1.22607398 1.68308139
    0.740015805 1.51606679 1.44503093 1.16492021 1.39876771 1.84585047
    -0.357376456 0.324455857 0.314289808 1.30379963 -0.106410623
    -0.174997568 -0.121951461 0.0744618177 -0.125309527 0.617011249
    -0.367199481 1.73793852 -0.278149128 1.19645834 0.89812851
    1.58165371 0.69643271 -0.714349747 1.01373577 0.173835099
    0.582870305 -0.0511034131 -0.140946209 0.886218607 0.0421792865
    0.0238677859 0.389915884 1.17988873 1.41764688 0.914761245
    0.712487638 0.450791299 0.373262346 -0.207855284 1.02531457
    0.175753474 1.42106366 -0.546985984 1.26518798 -0.258676291
    0.728680491 1.67839599 0.544764996 0.28294903 1.21716809 0.763594508
    0.703430295 0.440947294 -0.296212494 -0.646948695 1.14634848
    0.128142238 0.214124084 -0.746296644 -0.763047934 1.22220802
    -0.562728584 0.855127931 0.154466987 -0.0331252813 1.58185863
    0.0534669757 0.162300944 0.971299946 0.350552142 0.646278262
    -0.254546523 -0.529517889 -0.118729949 0.243169308 -0.690087855
    0.999010205 0.284302115 0.521624088 0.614815831 0.578656316
    -0.356527209 -0.0573414564 -0.51186645 1.25408268 1.69285083
    1.39571631 -0.121131778 0.798784852 -0.354768634 1.53843904
    0.750443935 -0.440221012 1.28324938 0.224180102 1.89071476
    0.0374509096 1.55767536 -0.441378593 0.413487136 1.77991617
    1.86617136 1.18133974 1.3649404 -0.7123124 1.35785294 -0.0657889247
    1.82985067 0.837287605 -0.419413686 0.681789994 1.22455931
    0.0491225123 1.07964826 -0.534971714 1.94158387 -0.0664407611
    2.0118804 -0.427108735 0.413738072 1.75883019 -0.352864385
    -0.701046348 0.111669779 -0.853028655 1.40068889 1.44396746
    -0.299527824 0.523642659 1.55368555 0.217425525 0.874712288
    -0.748235464 -0.883501232 0.405868351 -0.581100106 1.48206735
    -0.791047633 0.344434977 0.988820434 1.0009613 0.495209455
    0.120816708 1.37310731 1.44137049 -0.0160471201 1.67062175
    -0.275392532 1.32106006 0.432999611 0.809218168 1.68035805
    -0.382074773 -0.343052924 0.148061514 1.03368306 -0.438066781
    -0.470313311 0.763101518 1.46921861 1.23762798 1.71975017 1.32434189
    0.929826379 0.531617045 1.17739201 0.622596383 0.359399319
    -0.546746969 1.28807461 1.74428797 1.41189682 0.304913402 1.09391749
    -0.664744258 -0.349501133 0.663424969 1.00974846 1.75583947
    -0.478836 -0.240796626 0.792874753 0.149857581 -0.450937569
    1.92402411 1.28819549 -0.849507868 -0.305103183 0.896580517
    -0.388400972 1.58479345 1.6133287 0.31905961 -0.482225209
    -0.756770074 0.634898841 1.02836418 0.874582589 -0.40031743
    1.60844111 0.349244535 0.171479464 -0.472916067 0.0565645695
    0.551595926 0.263287842 -0.8443712 -0.278577626 -0.703379095
    -0.786484718 1.11962533 1.86392748 -0.081639111 -0.00514745712
    1.49389243 1.15660477 -0.0493097305 0.0867577791 1.7067616
    0.420585871 -0.75968641 -0.934134185 1.32862961 -0.0937993526
    0.831344962 1.04359818 0.649390638 -0.368657112 0.316560566
    0.795015514 1.19972229 1.72403169 -0.2513901 1.06068397 1.73794413
    0.048078239 -0.73638624 -0.296099424 0.166790247 1.03417301
    0.651641786 -0.658034384 1.15240288 -0.373190999 1.28240252
    0.55338943 1.58307719 1.51757896 0.259527683 0.372563958
    -0.119751871 1.9240433 1.71567297 -0.160403132 1.9650954
    -0.300539672 -0.63113308 0.108663797 1.31859732 -0.939405262
    1.30779696 1.86735988 0.0483074784 -0.27153337 1.15588474
    0.628051996 0.93703413 -0.54367125 0.368978381 1.36763787 1.21409392
    0.0572660565 1.89116216 1.84991097 0.283346474 0.763181269
    -0.0153603554 1.88841796 1.11425865 0.43888253 1.48066783 1.01055801
    -0.32150197 -0.776913524 0.472922742 -0.838032603 1.76781404
    1.63250446 -0.504519761 0.101110399 0.718385637 -0.249860495
    0.587009609 -0.617121577 1.29237962 1.41660392 1.84493041
    -0.0244155526 1.72698522 -0.69684124 0.841789305 1.33519495
    1.83801031 1.01348829 0.866263032 -0.593245864 1.68080199
    0.262402713 0.31451267 -0.784535408 -0.33302182 1.81468606
    -0.645699859 -0.541083336 0.800595164 0.603778422 0.0291848183
    0.142872691 -0.488836616 1.83319926 1.00493455 0.464191258
    1.18400359 0.16211307 -0.5979141 0.690416455 -0.447353005 1.66093135
    -0.329169512 1.02357674 0.536165535 0.356918156 -0.836275339
    0.871570468 0.0976703167 1.15235281 0.880455017 -0.965497315
    0.77066493 -0.0855182409 0.256817222 -0.467855155 -0.570672274
    1.80704141 0.126624107 0.0427848101 1.14221013 1.52218986 1.41723275
    -0.525743783 1.85499537 1.65574384 0.157828927 1.81236815
    -0.492275447 0.837016165 -0.09029001 -0.154522836 -0.0486549735
    -0.249942243 1.54742575 -0.399859428 1.00864911 -0.824247241
    0.121159494 0.615491033 0.470779359 -0.675475001 -0.368648946
    0.666841745 -0.839394808 0.600401402 0.0596676469 -0.436749876
    0.229213953 1.59973967 -0.547059655 1.81685042 1.7316947 0.831551433
    0.135357499 0.798420072 0.696161389 0.860721707 1.02481139
    1.00879359 0.956175566 -0.505664468 0.477568865 1.9159174 1.29062939
    -0.302101493 1.43932366 0.836880505 -0.560323 -0.571412444
    0.178221703 1.34123266 1.74913979 1.64871204 1.27546823 0.361691594
    0.941008329 -0.298864245 -0.507955968 1.85251856 -0.305861115
    1.81937075 1.87962449 -0.823329628 -0.0569221973 0.432982266
    1.62631476 -0.533203721 0.554417968 1.18086874 -0.898147523
    1.84056365 0.347815394 -0.116981268 -0.00985252857 1.5455718
    -0.413257062 0.388579249 -0.67609328 0.633122921 1.647048
    -0.616964459 0.486436188 1.62565792 0.487500429 0.986852407
    0.431555986 1.23392749 1.57412267 0.730894566 1.19256103 0.595662773
    0.675008774 0.644570827 1.36735678 1.17534661 -0.475406647
    0.381094933 -0.0612597466 -0.464757621 -0.100062191 0.579970777
    -0.0979996324 1.18930304 -0.647534609 -0.836830795 0.175248802
    0.860956728 1.68980813 -0.308869064 1.84862101 -0.788815916
    -0.927384317 1.29383123 -0.752419233 -0.565157771 0.539092243
    0.999928176 0.170643508 -0.639905691 0.609451473 1.52289724
    -0.50448364 0.399278998 1.74737048 0.69660449 1.42987108
    -0.321096361 1.0455302 1.74614191 1.70513165 0.194621682 1.04607189
    -0.573943198 0.00683391094 0.845435023 1.74743307 1.41956985
    -0.695033193 -0.3012833 1.0614562 0.856600523 1.52158248
    -0.351897717 0.602936447 -0.829718888 0.319565833 0.448130488
    1.55999231 1.61997712 0.220978439 0.167508602 -0.332495451
    1.32170892 0.840471208 0.85622561 1.09054708 1.10335219 0.265208721
    0.473331571 1.10653114 -0.816257596 0.395379603 -0.543319106
    1.00524521 0.506888449 -0.134967268 0.117514729 -0.666507006
    0.267514586 0.16648829 -0.180088162 -0.265509307 0.0511427522
    0.934090018 -0.510077953 0.928853095 -0.127048373 1.54375339
    -0.703522742 0.735917151 0.114598691 -0.560077608 1.18928862
    0.444159806 0.523364902 -0.402549088 0.628559709 0.684107125
    1.18412995 0.542574525 1.79424906 0.626850247 0.670341969
    -0.666660666 -0.805460155 1.75932276 1.87258196 1.05154252 1.6819241
    -0.456884801 1.43683505 1.44378495 -0.604458094 1.74277139
    1.59444761 -0.91055268 0.584556162 0.820596039 0.226297736
    -0.182033896 -0.248280406 -0.305443287 -0.637047172 1.69559622
    -0.846346915 0.895932615 1.8472873 -0.851989031 1.37919068
    -0.774306834 -0.127253652 1.09943283 -0.441343307 0.986386895
    -0.579456568 0.760129988 1.71540427 1.88822591 -0.382797241
    1.37835264 0.505691469 1.06101882 -0.623520255 1.53298044
    -0.705839396 0.995915532 1.37764108 -0.801161885 1.27901864
    0.289474964 -0.889584243 1.02366388 1.46245658 1.79022598 1.2918905
    1.6229136 0.997475624 1.61327326 0.0402213335 -0.594219208
    0.480149746 1.32964349 1.17987216 1.56649649 0.161984205 0.486706257
    1.72381985 -0.0265778303 0.666104376 1.7340517 -0.935313106
    0.780895591 0.578913987 1.3769908 0.0603032112 -0.0560765266
    0.846742034 0.349959016 1.88920999 -0.183137715 1.1039834
    -0.620935202 -0.0597155094 -0.382938027 1.53777218 1.85444927
    0.782190204 0.578612387 0.637848854 0.905585349 2.00340414
    -0.172244072 1.04688811 1.73137259 -0.653798461 -0.140651882
    1.83149576 0.676822782 1.0363127 0.847838759 -0.012517333
    0.753283858 -0.373785675 0.0364195108 1.06041396 -0.684480369
    1.36973023 1.41439211 1.88669658 -0.78196466 0.891254306 0.178344131
    -0.593307853 1.07829452 1.27236342 0.0169355869 -0.511116982
    1.79874718 -0.495586693 1.2502377 -0.181299448 1.1976949 0.949311256
    0.272377491 1.33433175 0.543231606 -0.561023831 0.257880986
    0.796984851 0.0511279106 1.76204896 -0.836287856 0.716704607
    1.69361615 -0.00359964371 -0.409612 -0.98120749 -0.608912706
    0.908432126 0.551042557 0.787274003 -0.234003961 1.75854647
    -0.184554338 1.9113766 0.288310409 0.208321214 -0.313772738
    1.41179824 0.622441173 1.78533018 -0.402860999 0.395633698
    1.31810355 0.261062384 0.806217372 1.26110196 -0.839930594
    -0.565627575 1.50481987 0.115233004 1.92208362 -0.483327478
    -0.10859555 1.91781306 -0.377975166 -0.769204378 1.06259465
    0.202207327 0.209453642 0.0431141853 0.00720626116 -0.272756994
    -0.331731021 1.86389148 -0.471160978 1.64450622 0.782085657
    1.87972116 -0.779269278 1.69943285 1.23266792 1.25590158 1.15913343
    -0.246479869 0.991686523 0.731887341 0.414718568 -0.294962168
    0.1198017 1.35342646 1.51594758 -0.0193076134 1.35389924 1.03882849
    0.645778179 -0.0441311002 1.56590641 1.58137476 -0.935893059
    -0.962255359 1.01069319 0.00348389149 0.279565692 1.29630435
    1.39840341 0.120685339 -0.456322074 -0.0538716316 1.63829207
    -0.712087154 1.6914525 0.237938344 0.118725717 -0.329488456
    0.656358242 1.42812204 0.332727253 -0.920749962 -0.116986752
    -0.405533314 1.53880692 1.19075274 0.0544610023 0.543285251
    1.74307823 1.27802968 0.379283726 -0.557965159 -0.0264068246
    0.096518755 -0.122126162 1.04644156 0.956086397 -0.381894469
    0.56015408 0.0717228055 1.58426261 -0.695999742 1.54698229
    -0.108291745 0.682243526 1.09573531 -0.812807322 -0.00150030851
    0.930922508 -0.791151106 0.461579204 -0.437738717 -0.278068483
    1.38218725 1.85659063 0.557537258 1.14462018 -0.424150079 -0.3233971
    1.33492362 1.06416154 -0.189043522 0.714875758 -0.645666838
    1.54963708 1.7841748 2.09679699 0.0136138201 -0.304181159
    0.642248511 1.1296562 -0.00937587023 0.735640466 -0.111579418
    -0.13021183 -0.450687647 1.88112879 1.78702021 -0.632193863
    0.97253871 -0.282769978 1.30863905 1.64538884 -0.236951947
    -0.351998031 0.658380449 0.625920177 0.921301425 -0.391287982
    0.583974123 1.9458034 0.141132057 0.253091335 1.60034728
    -0.643464923 1.37417126 0.853000283 1.17150176 0.770743847
    -0.102841914 1.5178957 -0.160267293 -0.462440491 0.791191638
    -0.0360558033 -0.462539971 0.651973844 0.0684834123 1.32311201
    1.24756992 0.118976235 1.12055981 -0.644980252 -0.204495311
    1.17119002 0.820360661 0.123064876 1.60771406 0.0393817425 1.020365
    0.780005455 0.985256195 1.67327297 0.912745118 0.288174033
    0.702513456 -0.334062696 -0.571447194 1.84823442 0.644661605
    -0.276000679 0.344424248 0.822188914 0.396642745 0.404988647
    1.01759732 0.988469839 -0.847689033 1.23309922 1.50964952 0.13464421
    0.420245528 1.30968595 1.64315701 1.22753644 1.15420532 1.28098512
    0.105806828 -0.196795166 0.0572888255 -0.387556016 -0.721309543
    -0.469855011 -0.347798526 1.73354149 -0.898040771 1.40676534
    1.03851295 0.538230538 -0.427399814 1.02290714 1.18376756 1.85868931
    1.71406579 -0.619969666 1.42345107 0.76607126 -0.823210001
    1.72873497 -0.778759658 1.74253154 0.0339137912 -0.596083045
    1.2815882 -0.100112915 0.0189157724 0.37212491 -0.74837786
    1.36159194 0.21260798 -0.0576637387 1.21318686 0.315861821
    0.447137713 0.964881718 0.0617421269 1.04386067 -0.0407652259
    0.121694863 -0.0428981185 1.30621672 0.00554072857 1.63847971
    1.84319353 -0.900597095 0.79918468 1.73123848 -0.768774271
    0.422723651 1.54450655 1.07795954 1.89396369 -0.423377156
    -0.342062712 -0.808083653 -0.634259105 0.910869777 0.468043268
    1.1581254 1.44940948 -0.620014071 1.49889362 -0.264765799 1.35307765
    0.720796227 0.047868073 0.0426625013 -0.39274019 0.370199859
    -0.666279435 -0.0456877351 0.926203668 -0.0192040801 0.447866023
    0.723363698 1.00772738 0.233982921 -0.065834105 1.60140848
    0.440312684 1.1616087 1.90902305 1.20672762 0.0392405987
    -0.830373287 -0.393007219 0.145313561 1.4157021 1.60074365
    -0.0213199854 -0.369396865 -0.37664324 0.156213224 1.03235447
    0.879295766 0.755283237 0.685970783 -0.735417902 0.341432929
    -0.325559855 1.00460684 -0.00327074528 -0.12307924 -0.345523655
    1.63452685 0.871896982 -0.99245429 1.57992935 1.33377004 0.911543965
    1.64524484 0.440051198 -0.521641374 1.4318856 -0.105780184
    0.790408969 -0.944436014 -0.0556139946 -0.183206201 1.83889318
    1.42156613 1.38051379 1.6209445 0.840986788 1.16242158 0.100959599
    0.591782272 0.36309284 0.341432393 0.633024454 0.925148606
    1.75626457 1.42054725 -0.532614112 0.926198006 1.51040864 1.75671041
    -0.416384846 -0.805732965 -0.541331887 0.7194525 -0.239676237
    1.66797638 1.0052408 1.71143901 -0.953547597 -0.00873887539
    1.33535278 0.477376461 1.0960958 0.664772868 -0.35045439 1.22114086
    0.227350593 -0.662664473 0.0925115347 -0.68735671 0.308385611
    1.465361 0.152697682 -0.648696423 -0.824736714 -0.796801031
    -0.419166386 -0.7694363 1.23603153 -0.729029179 0.691580176
    0.473412454 -0.124093771 0.157017171 -0.520377874 1.08336353
    0.181193113 -0.166349143 1.31692278 1.8444953 0.512914717
    -0.363939852 -0.0516908169 0.941726863 -0.0157108903 0.600282967
    1.00315511 -0.865234613 0.369982719 1.66563523 -0.424553096
    0.0539339781 1.65500128 0.139883757 -0.305998027 1.49082685
    1.50819874 0.699964106 0.520496368 0.222244859 0.736636579
    0.016114831 0.640437186 1.94987929 1.16066206 -0.702877522
    -0.610163689 0.756647408 1.91572475 -0.0934641957 -0.20104754
    0.725040197 1.40869391 0.641909778 1.22230291 0.209644318 1.77435648
    -0.637603402 1.41135335 1.49775803 1.16268861 -0.0138640404
    -0.220138431 -0.0749942064 -0.107784569 1.16715539 0.493451476
    -0.958789408 -0.836844325 1.30405354 1.78300238 -0.0724244118
    0.933352828 1.34050369 0.215657949 -0.728990495 -0.783630371
    -0.900278747 -0.0228587985 -0.429070979 0.313698113 0.20104003
    1.50382388 1.45893395 0.591663837 0.47270596 0.966149926 0.975994229
    0.537714839 0.136690617 1.39552283 -0.517617822 1.01985574
    1.32340169 -0.8707726 0.959724247 0.0444172621 0.153498709
    0.37039417 1.79192698 -0.718251884 -0.618900657 1.69859862 1.2951715
    1.45157981 1.18123734 0.788229585 0.82403779 0.782534838 0.415141225
    -0.104436934 -0.327099383 1.3714745 -0.886063576 1.07352233
    -0.24305594 -0.717980325 1.34588194 -0.364274502 1.373757 1.57272136
    0.764509082 1.52775884 1.04295087 -0.698256969 -0.95990622
    -0.915330768 0.387517691 0.0261306763 0.128216743 1.2574048
    -0.179817319 -0.352995336 -0.875352681 1.13302255 0.159182012
    1.59063196 -0.328266203 0.499168098 0.20684588 -0.631807804
    1.65181196 1.80095816 0.402842641 1.29253888 0.140435219 1.68461871
    0.382754803 1.09812462 0.395858645 -0.345001817 0.739727616
    1.51186979 0.060403049 1.7383399 0.353432536 1.29657376 0.440440476
    0.543019772 -0.058236599 0.998449326 0.224317551 0.0449208021
    -0.0873579383 0.256259978 0.37971276 -0.709776759 -0.839100718
    1.33036971 1.31456161 1.25322175 1.91803741 0.421803236 -0.268656075
    -0.593391418 -0.219755948 0.731745839 -0.0831724405 0.161007404
    0.976288021 -0.58421433 1.23671007 0.526997328 0.0483950973
    0.430826724 0.762156248 0.121851504 -0.333438337 0.909737945
    0.287480533 1.56013477 0.798651576 -0.521745324 1.63748765
    -0.263546228 0.604360461 1.41195631 -0.683013558 0.0227584243
    -0.0997225642 1.0737884 -0.248032272 0.772163272 -0.158065617
    0.54273963 -0.479712605 0.37389493 -0.627735853 -0.0467410088
    0.211942315 1.83211231 1.30529058 -0.822036922 0.472594857
    -0.970906258 -0.789402127 1.69468844 1.58530235 -0.630164623
    -0.859548688 0.665076852 -0.888250887 1.11323977 -0.631182551
    -0.688694119 0.567812026 0.637529075 1.42383599 0.940298378
    -0.255735517 0.0333425999 0.318851948 0.709310293 1.62482738
    0.733547211 -0.302331448 -0.515434861 1.11811924 -0.243459105
    1.30695808 1.76849198 1.56513679 0.412602961 1.39618301 1.17241156
    1.45228755 -0.558860779 1.68193161 0.562546492 -0.379779994
    0.403138876 0.771029651 0.566865325 1.94625735 -0.835766435
    0.620119631 0.56634748 1.84343636 1.70514131 1.1735636 0.902329803
    -0.665631175 1.59144115 -0.249784529 1.59232438 -0.312115788
    -0.230815947 0.335429072 -0.649082065 -0.772520065 0.850703776
    0.930271804 2.1364131 1.37827539 0.650321186 1.34401464 -0.707153201
    -0.205897272 1.9375205 0.154587448 1.16205275 1.23466015 0.495087624
    -0.639334202 -0.0162645578 1.20947444 1.34180427 1.68359268
    1.65530217 1.46647668 -0.716432035 -0.0227579474 -0.601873696
    -0.3161816 0.0762834549 -0.727236867 0.699724913 0.697775602
    1.49819386 -0.590899944 0.351548254 -0.617261171 1.79490352
    1.79913998 1.52808213 -0.650731206 0.128987193 1.5363853
    -0.909532309 1.17746079 0.766789317 0.309603333 1.2355926
    -0.997294486 1.38840854 0.823681951 1.79913962 0.399213076
    1.56475794 1.12671578 -0.341100335 0.972275019 -0.541884422
    -0.0591495037 1.10844743 1.53980041 1.33753443 0.562351108
    0.622153997 0.325845242 1.07782125 1.5182569 1.78215575 -0.170596302
    -0.427929878 -0.85210681 1.03733039 -0.464407533 0.743228316
    1.53315187 -0.780774236 -0.337752044 1.63519597 0.986235857
    1.72954357 -0.358349621 0.724769473 0.946057796 -0.120121479
    0.797392249 -0.415943086 1.91198802 1.9132725 0.391446412
    -0.621359229 1.36133683 -0.832290649 1.89360332 -0.00182616711
    1.92101097 0.419179797 0.260365963 -0.647214413 0.115997314
    0.012498498 0.231546164 1.61548352 0.421271086 1.681705 1.87813008
    -0.006285429 1.01025915 0.886228263 0.368352473 0.0433394313
    -0.41247195 1.83125985 -0.41057086 1.818102 1.54143906 0.815113068
    1.53404832 0.671111166 1.12159204 -0.675200641 1.05246997
    0.953063071 0.787476182 1.38575888 0.796058416 0.262422323
    -0.328571379 1.47195172 0.465528727 -0.095100224 -0.740725636
    0.945251763 0.103722453 0.341115355 0.696634531 0.781139612
    0.3193506 1.85261548 0.654406428 1.44051838 -0.546231389
    0.000657081604 1.09069169 1.14875603 1.48147583 -0.78454721
    0.0367940664 -0.423998296 0.0695338845 0.487969518 1.65003264
    1.18981481 -0.854869962 1.02825236 1.66813469 -0.31264782
    0.511715412 -0.390427172 1.74563313 1.76618123 -0.238153815
    -0.660251081 -0.451619327 0.116470039 0.139885247 1.91461468
    1.29198503 1.18026328 1.81849754 0.976986885 0.526443839 1.28534603
    -0.451205969 0.422940314 0.406533599 -0.544628978 -0.0230966806
    -0.809828103 0.00932300091 0.497923076 -0.749896646 1.51156819
    -0.265313387 1.11604047 -0.259455919 1.59029961 1.83951557
    -0.315392911 0.964005947 -0.285525322 1.38205576 -0.715219259
    0.666802108 0.642047703 0.576643646 0.847786069 1.1781019 1.35100365
    1.25936127 1.27676797 0.829499602 -0.889399827 0.784899116
    0.301006436 1.5849973 1.63882065 1.80337059 0.501601219
    -0.0592855215 -1.02185774 1.69710565 0.848677397 1.69497693
    1.47851968 -0.929856896 -0.171851933 -0.471259564 -0.172202051
    1.60940671 1.55852294 -0.570969105 -0.977916956 -0.00773978233
    0.954266548 -0.426349223 0.558740973 -0.307368219 -0.741004527
    1.26328731 -0.0468018055 1.2842834 -0.839465916 0.51668489 1.6340692
    0.68054682 -0.229339182 -0.525948107 1.6902988 -0.131589293
    0.929198742 1.64001787 1.83430648 0.077598989 1.68178046 0.286576152
    -0.535048842 0.1950351 1.52820027 0.436244011 1.58333552 1.66812778
    1.67595518 -0.517622709 0.630607903 -0.853194833 0.48615557
    1.29141712 1.1909703 0.328206062 -0.103258669 -0.0493574739
    0.22488451 1.468279 1.73348701 -0.0177198052 0.449069738 1.4728868
    -0.0412322879 0.750230134 -0.879875183 0.962936103 -0.234938383
    1.51351893 1.52617228 -0.759057999 1.6718024 1.00497377 -1.09673953
    1.22187519 1.76765072 0.447184205 1.59351015 -0.916248083 1.88143682
    0.407146692 0.0505953431 0.174297392 -0.586416006 -0.577790082
    0.74266082 0.792888641 1.97322607 0.00112551451 0.654597342
    -0.861062706 -0.449804455 0.00435477495 0.339046776 1.03605926
    -0.0311695337 1.79088581 1.79684556 -0.976900101 1.64528191
    -0.374690115 -0.0322161913 0.833955526 0.979958892 0.450668216
    1.17390418 -0.835789919 1.48869348 1.6376363 1.06810391 -0.299976766
    0.0352789164 0.0327686071 0.332671642 -0.351319432 -0.45766145
    1.10384881 0.219787657 0.0867441297 0.761141002 0.592075706
    0.367740035 1.93374968 0.700483978 0.592235029 0.88229996
    0.834342718 -0.164362669 1.8464005 -0.418134212 0.816262007
    1.57269502 -0.00917553902 0.553605378 0.36428386 0.580966175
    0.484678447 1.56010962 -0.100315511 0.756064534 0.0171893835
    -0.426571518 0.686800122 0.382073581 -0.688111305 0.314614117
    0.0561827421 -0.0035007596 0.997032166 -0.775364876 1.31072652
    -0.0595311522 1.42645872 -0.245036185 1.77849007 1.53030407
    -0.508945644 -0.839297056 -0.197529018 -0.861838996 1.15319967
    -0.567229748 1.23779249 0.269907951 1.23180008 -0.657644212
    0.456084847 1.68946564 1.47254229 0.720269799 0.427946091
    0.128899455 -0.382720828 -0.0858933926 0.997662008 1.49038339
    -0.478340328 -0.0064329505 0.955255628 0.861213326 0.660833478
    -0.492923856 -0.45464015 0.694133937 0.684960663 0.863027096
    -0.527177334 0.924565434 0.0608772039 -0.36922878 -0.288886964
    0.16668874 1.79369438 1.42355227 -0.110670686 1.85581148
    -0.726846159 -0.664769113 -0.698842704 -0.555088878 -0.591046274
    1.95453525 0.183830261 0.659994721 -0.592226803 0.621908009
    0.486842275 -0.0305631161 0.661513865 1.57868338 0.0171688795
    1.91904819 0.673656881 1.23287749 0.051889658 -0.0188651085
    -0.413486511 0.0804601908 -0.194117129 -0.62094897 0.0230589509
    -0.295465887 0.246769726 1.33623075 1.36208642 1.88872766
    -0.635532498 1.35945451 1.26563597 -0.886319458 1.11029124
    0.604960501 -0.583208263 0.344430149 -0.0946874619 1.83906507
    1.24937892 -0.503709078 1.23539734 0.862659812 1.72066212
    -0.821911037 -0.299388885 1.34630752 0.392707527 -0.288524747
    0.0442506671 0.884753048 -0.150856972 0.418468475 1.15152168
    0.116335511 1.45954299 1.31805313 -0.718207061 0.980460882
    1.70735371 0.910915971 1.78727198 -0.603614509 1.77321982 1.38091385
    1.52487397 -0.301435053 -0.067610383 0.628287315 0.990498543
    1.54163158 0.871843338 1.4549489 -0.690922022 -0.354790568
    1.40917027 0.54676497 0.727471709 1.74796188 1.2249341 1.91995418
    1.1150651 0.0147508383 0.916967571 0.526681542 1.10469675
    -0.188335419 -0.607973039 1.0833602 0.00990355015 0.906422734
    0.551006198 1.7655704 1.21110249 0.52373445 0.255725861 -0.415391982
    -0.716417074 1.24081397 -0.776704311 1.7581358 0.653867006
    0.498519778 0.196274281 1.12261021 1.28847444 1.57870233 1.06774497
    1.64583409 1.78303003 0.264163673 0.521655142 0.46014899 0.019926846
    1.60042822 1.09729934 0.304572165 0.647200167 -0.576070786
    0.746147513 1.25407195 1.63738155 0.675672889 1.98974442 1.46479225
    0.192924142 -0.497942805 1.61407197 -0.810043812 1.41550219 1.820472
    0.347856402 -0.126345694 1.09723198 1.81080544 0.177607298
    0.320726275 1.56523299 0.730864644 0.940659463 0.267011762
    -0.64971441 0.982698202 -0.0736738443 1.25090075 0.202145755
    -0.732227147 0.691596091 1.10028148 -0.0799522996 -0.895368278
    0.647509396 1.01809537 1.38287234 -0.5072698 0.788231611 0.390195131
    1.85483754 -0.607746601 -0.696413279 1.32981658 0.788606167
    0.426241517 1.53251851 1.58976674 -0.793219507 1.07661986
    0.957352638 1.75377607 1.75441718 0.138867974 -0.23082608 1.0173794
    1.25706303 -0.0493714809 1.27759361 0.64607197 0.388869762
    0.419988394 -0.65917474 0.995332539 1.38894844 -0.624616742
    -0.473710656 -0.437631249 0.774372756 1.91178405 0.467208982
    -0.930960476 0.135634422 -0.0421640277 -0.343132854 -0.806308925
    0.561157644 0.358125985 -0.627708316 1.38534737 -0.238407731
    -0.390196621 1.6358552 -0.111219585 1.67680717 -0.832319736
    0.823923588 -0.62098366 -0.314371049 0.703709781 0.503457427
    1.74037337 1.26338542 0.638492465 1.22145903 1.47249293 -0.927327931
    0.644349337 0.391680956 0.416713476 1.66746259 -0.40789789
    1.34972155 1.28103435 1.34143746 0.603642225 -0.082644701 1.54558146
    -0.494008958 -0.0349850655 1.49293971 0.0579871535 -0.775690913
    1.29479313 0.870190263 1.32815838 -0.402373195 1.68055058
    -0.664226174 0.748516202 1.28610015 1.59932125 0.181512535
    0.493286133 1.83060992 1.3865099 -0.465930939 1.08813906
    -0.169073164 -0.41475147 1.24402595 -0.0419963598 1.37956309
    -0.126739204 -0.908473909 0.730317116 1.24009037 -0.377607763
    0.437712669 0.508958399 -0.152925909 0.37174511 1.2856189 1.96705616
    -0.854823589 -0.560520768 0.772373438 0.0497190356 1.07600129
    0.388780713 0.285606861 1.65658355 0.69398433 -0.207975805
    0.371165752 0.658736646 1.16166663 1.54293668 1.63410008 0.788613081
    -0.0416330695 -0.365048885 -0.633375823 -0.169619024 1.09102821
    -0.0458852649 0.898046255 1.12820101 1.67683125 1.83031785
    1.95964503 1.09176612 -0.388615578 1.90314007 -0.796467185
    -0.759656012 0.792303085 0.558051348 0.820108116 0.383594692
    -0.452877223 0.728619397 1.16145539 0.547006786 -0.0440309048
    0.933612823 1.64281893 1.34046102 0.783726215 1.53725314
    -0.555856168 -0.624975801 -0.839606404 -0.869770229 0.420615375
    -0.618861258 1.4978807 1.61739099 1.16802859 1.60803604 0.644570589
    1.31451225 -0.980725288 1.58839393 0.976140141 1.51250792
    0.808980584 0.253982782 1.58262408 -0.271907151 1.49087894
    -0.821954608 0.0718692541 -0.144768894 -0.218788207 1.82571971
    1.03329527 1.58762252 1.05803096 -0.855538905 1.06775594
    -0.809843779 -0.215601623 0.337000847 0.0583533645 -0.111917675
    -0.809252024 1.79357517 1.37726021 1.57687986 -0.00223827362
    0.865664244 0.90908432 1.24453509 -0.378192067 0.246361673
    1.36179113 0.0357252955 1.77795994 1.08708525 1.38483787 0.786758065
    0.933314085 -0.766333699 0.104714513 -0.326134503 0.98557198
    0.917149186 0.716689825 -0.551725984 0.363378286 0.897839367
    0.847736418 1.52822149 0.190163195 1.18734264 1.97506166
    -0.663793743 1.41594422 0.473854303 0.281231642 0.125854671
    0.948432565 -0.355118215 1.07038116 0.705990136 -0.586921632
    1.07526147 0.352124453 -0.798433125 1.25545216 1.53656697
    0.378460884 1.196661 -0.257871389 0.515962124 1.64674282 0.384202123
    1.59512162 1.40011132 0.176657856 1.4318676 1.4297123 1.59539437
    0.00421708822 0.419095099 1.22084546 1.59795225 -0.60123992
    -0.43492347 -0.161644876 -0.0731150508 0.344214201 1.01487303
    1.82623649 0.337201238 1.07208264 1.05988598 0.553537071
    -0.795951545 -0.283904731 1.87464559 0.781917453 -0.00265800953
    0.615156651 1.13509429 -0.82596457 1.80932832 0.702714086 1.76085854
    1.80885994 0.257519245 0.0480222702 0.0469819307 -0.932272315
    1.74905539 -0.859888494 0.759029984 -0.34870255 1.64925468
    0.641379595 -0.146454394 -0.418180227 0.827833652 1.81097174
    0.371500015 -0.704536319 1.61180651 0.178447545 1.85383105
    1.72602224 -0.815741479 0.131750226 1.70406365 1.41345656
    0.868081868 1.19829178 -0.0618929267 -0.271926701 0.752950668
    1.22542846 0.140909374 0.327345669 -0.8752141 0.637025714 1.27224994
    -0.76715374 1.17948329 1.62028134 0.793732405 0.414049983
    -0.604287565 0.592896819 0.255001426 -0.364829063 1.7889359
    1.70251691 -0.957070887 1.86616576 0.421059847 -0.631492198
    -0.265175283 1.46510136 -0.504193425 -0.110818028 1.71789372
    0.320531845 -0.708106399 1.0521605 1.76023197 0.984134316 0.29120481
    0.43200469 0.64403224 0.753285587 1.21444535 0.778586447 0.298077941
    0.0630656481 1.05615759 -0.218332469 -0.675020397 1.00997174
    0.277570128 1.20060301 1.75898623 1.0745151 1.24888682 -0.69549793
    1.56770325 1.58068991 0.34423095 0.294364989 1.02283239 0.315080941
    1.75493336 1.36433268 -0.83575803 1.28085828 -0.579927385 1.28479111
    -0.821733356 1.3528533 -0.0159827471 0.728929758 0.154405236
    1.06106067 0.830997109 0.565906644 -0.0586043 -0.740338981
    -0.311706364 1.77121449 -0.42904672 0.04224509 0.0635484457
    1.90379071 0.0774232745 0.184806466 0.243188024 1.93182051
    -0.508624792 0.91110009 1.89843988 -0.419869184 -0.915954411
    -0.851818919 1.66574264 0.132629871 0.200051606 0.0518324375
    -0.264791965 1.81295073 0.359595299 -0.728252828 0.480868518
    1.19832253 -0.48426944 1.03818846 -0.526666641 -0.319961846
    -0.0704319477 0.120461822 0.866526365 0.882697105 -0.188263476
    -0.392884672 0.411711276 -0.17452389 0.218170881 0.745143592
    0.69927007 0.0516783595 0.445472479 1.71008825 1.21899688
    0.747019887 1.72561646 -0.393455923 1.66687226 0.343772769
    0.0626126528 0.768814445 1.3593595 1.26803029 -0.143189669
    -0.359514117 1.16988516 0.869884968 0.937703252 0.671860099
    -0.834546447 0.688352346 -0.998656988 -0.366429746 1.34175968
    -0.883250117 0.473924994 1.36744928 0.647244692 -0.740921497
    0.674841225 -0.691161454 0.197972834 -0.66893661 0.237637162
    -0.0131525397 1.80497575 1.04393709 -0.0292722583 0.625086904
    1.4056654 1.82470798 -0.158825636 1.32516313 0.282470524
    -0.358333409 -0.372908294 0.307042599 -1.02703094 0.845307708
    0.569290638 1.49527919 0.609943986 0.421236515 -0.224794328
    0.668931901 -0.8338781 1.61381102 1.77036619 -0.712615192 1.91555393
    0.635376215 1.78377342 1.00077534 1.55995476 1.61663878 2.06541085
    0.143978596 -0.597858787 1.00340533 1.16692615 -0.855370224
    1.65184736 0.0219746828 1.82607007 -0.906774461 1.70485604
    1.55728281 -0.99578613 -0.918937862 1.37913847 0.0167996287
    0.541237056 -0.689903021 0.765050828 1.81702662 0.378167093
    0.0701109171 -0.0869293213 -0.432263404 0.458633065 -0.809491515
    1.14555192 0.406874299 1.61563015 1.81834829 -0.311568201 1.67722154
    -0.662690938 1.05807316 -0.612453818 -0.11531657 -0.759789824
    1.41782856 0.363516152 1.28926158 0.147138834 -0.56698072
    -0.183073759 -0.0243518949 -0.000224351883 0.789250374 -0.882228613
    0.0241611004 -0.201499641 0.518318176 0.491310716 1.19772744
    1.08209062 1.13846087 0.819141865 1.11909366 -0.218637884
    -0.191988707 0.0356596112 0.710009277 0.724103332 0.126665413
    -0.786108017 1.0338583 -0.514146686 -0.42102015 0.645018995
    1.11911964 0.528309107 1.79613268 -0.224138796 -0.532311201
    -0.819631279 1.76529932 -0.149741709 -0.391335428 0.762281477
    1.20027876 -0.367287874 1.76480198 1.41555619 0.719492137 1.48763752
    1.06285334 1.94440484 -0.570077419 -0.49552393 0.0808213949
    -0.947790086 0.269197106 0.64096415 0.259944975 0.0619077086
    1.84071624 0.0293525457 1.20476186 0.235579491 1.30569303
    0.669130087 -0.985135913 0.845615506 -0.244342923 -0.502541006
    -0.621537209 -0.877310395 0.762750983 -0.145124257 1.36906135
    0.879860222 -0.511687338 0.504312634 0.898690283 -0.913745165
    1.36097527 0.975747645 0.722255826 0.205517232 -0.323707044
    0.36100769 1.2011838 1.76480484 0.253815889 0.907468438 0.152954638
    -0.546062648 -0.404539287 1.18366122 1.81503546 -0.607824206
    -0.263945043 -0.343525827 0.113817155 -0.680663168 -0.752648652
    0.144944251 1.63986349 0.472674549 -0.122234106 1.24085176
    0.251794457 -0.630369484 1.90460861 -0.885368824 -0.346157074
    0.577597022 1.43510365 1.56732392 0.734450698 -0.0370913148
    0.917816639 1.35122097 -0.527532756 2.00953579 -0.0137070417
    0.884904563 -0.807417333 0.533811033 0.136741281 1.03152919
    1.35628605 -0.309815824 1.3206414 -0.534785509 -0.762381673
    0.97139436 0.0101835728 0.832205415 1.50687456 -0.291195631
    0.376686573 1.56511188 1.4851861 0.969940126 1.0492115 -0.3414464
    -0.772512734 0.38485384 1.75010633 -0.164486468 1.41132438
    1.60594201 1.5906496 0.338210464 1.07899237 1.64637184 1.28152013
    0.817176282 0.841004908 0.0503323674 -0.340705693 1.6526016
    -0.915928721 -0.532579839 1.02485847 0.82673192 -0.93814075
    -0.733481288 -0.276337147 1.21365595 -0.21324718 -0.710034728
    -0.787526131 0.822981834 1.69402421 0.579959989 1.76612318
    -0.291933537 1.61382723 0.402058363 1.6635561 -0.987444103
    -0.0778102279 1.63095558 -0.345381558 1.0796957 1.34622967
    1.04957032 1.70872962 0.137478471 -0.353813648 -0.823293328
    1.19719791 0.400975883 0.184866607 -0.937328279 1.41115808
    -0.741987109 0.168738604 -0.74001509 -0.467609346 0.221255958
    -0.517895937 -0.818576455 -0.61269176 0.0813674927 0.224901319
    0.979684949 1.88094091 1.78251255 0.703713179 1.57810855
    -0.793369591 0.413116574 -0.920216918 1.14119005 1.84328985
    -0.75592351 1.47457039 0.661031067 0.0537235737 1.45276761
    0.990289629 -0.573181391 0.0817607641 1.34043193 1.22425365
    -0.340066642 0.926917315 1.38284636 1.07772541 1.21398544
    0.849871576 1.14096951 1.7141068 0.184307158 0.764056444 1.21934128
    -0.883304179 1.0551157 -0.725226164 0.192177713 0.920283794
    0.508804023 0.541794479 -0.862405002 0.174398184 0.636804104
    0.48045373 -0.0402964354 0.824961305 -0.640154958 -0.563152671
    1.09687805 -0.638317704 1.5864743 -0.157791555 1.42227721
    -0.383553445 1.15843916 1.10164344 -0.440297782 0.952346087
    0.106017053 1.7267009 0.747551203 1.38427353 -0.354490101
    -0.566076398 1.25291324 -0.46290499 1.09685576 0.710792422
    1.67109656 0.801478148 -0.460426986 1.27735138 -0.424103498
    1.04815388 0.857993364 -0.705076277 -0.577326357 1.92649937
    -0.647311091 1.26695943 1.82512474 0.257513523 -0.841112316
    0.222702324 1.16558194 0.682579875 1.7390393 -0.766469598 1.56153822
    -0.733038664 1.13948679 1.1662128 0.206550002 -0.522353113
    0.0709217787 0.251990676 0.468502522 0.963564992 -0.402026415
    1.49069822 0.218044698 1.57921422 1.0966742 0.459802985 1.77023244
    -0.387564659 1.31887102 1.05495095 1.95078385 -0.543878198
    1.90777802 1.3439827 1.15591884 1.38841057 0.541594505 0.100434422
    0.631828666 -0.862985611 1.55742705 -0.574694037 0.132312894
    1.49251246 1.03262949 -0.764335155 1.25133419 1.49346328 1.60986209
    0.268334627 1.00097454 0.415723085 -0.136846006 0.601922035
    0.244188905 -0.357533276 -0.324290812 -0.572963476 -0.372310817
    1.44234741 0.522730112 0.671364605 -0.901160777 0.577893615
    0.93156898 0.0147411823 1.29073024 1.80399597 0.316336274
    0.779231787 -0.496262938 -0.812415838 0.984327614 0.821506917
    0.393721879 1.69040728 -0.452124417 1.83450007 0.235050261
    1.48434377 -0.421571732 0.151735723 0.754359603 1.24088788
    -0.873550117 0.424620569 0.199677587 1.96054482 -0.52485621
    -0.809692621 -0.608550906 1.02618098 0.0741603374 0.38842243
    0.461652517 -0.145744562 0.70710063 -0.55295372 -0.308838546
    0.727639377 -0.344634652 0.430897117 0.937841177 -0.410313249
    1.18692517 1.1356777 0.583401203 -0.270713508 1.44796765
    -0.293397665 1.30667949 0.0944366455 -0.801907718 0.574344397
    0.0926749706 -0.80734545 0.66896522 1.1561482 1.04538691 0.593756378
    1.15260231 1.65974677 -0.424809575 1.83998466 -0.438040912
    1.28726375 0.418115258 0.83979249 1.70045364 0.117862463 1.45462251
    0.174550831 1.93096852 -0.58455348 -0.327455401 1.03069377
    -0.620498598 1.1137712 0.173914671 -0.535624266 0.651304245
    1.15769982 1.56543553 0.498222709 0.889178514 0.629536748
    -0.015658617 1.77672172 1.14542401 -0.751229167 -0.807382822
    -0.155723691 1.45268416 0.756094098 -0.0288829207 1.5864656
    0.69464457 0.622285962 -0.308143616 0.602624893 0.423114717
    0.0616831183 1.28705692 1.56474519 -0.377877653 -0.377387166
    1.8291322 0.768630207 -0.0831828713 0.726301014 0.754773676
    1.20908618 0.549460769 1.28088534 1.58051276 0.977906644
    -0.359253883 1.59519219 1.18301845 -0.631979585 1.60994077
    -0.449490368 -0.071503818 0.339092851 0.604667902 0.690887988
    0.606656432 0.181458235 1.42358828 1.56049895 0.467631698
    -0.707510114 0.132490516 0.471459687 -0.239789188 -0.144295216
    1.76615143 1.07430243 1.98747671 -0.385371089 1.42780364
    -0.0973501801 -0.0773586631 0.420594692 -0.393733501 -0.543272734
    -0.0868461132 0.30425632 1.27121067 1.83732259 -0.579068303
    0.0399157405 1.19782805 1.92331398 0.464503169 0.683265686
    -0.922442615 0.809875131 0.880136311 1.69993091 0.790390134
    1.42967176 0.572102904 0.183759093 -0.793429255 1.33317018
    1.04534554 1.89860475 0.921650112 -0.53267777 0.80713582 1.03274798
    -0.804265141 1.5875988 0.147614241 1.23031521 -0.712400019
    1.57272565 -0.611260414 0.734684408 0.0696431398 -0.0316848159
    1.76841402 1.40043616 0.857095957 -0.687630534 1.33597207 1.26992917
    1.8160454 1.73944366 1.53136861 1.5007652 0.321311355 0.303139508
    1.23957109 0.565328419 -0.88871336 1.70761728 1.71174431 1.31013298
    1.05520105 0.555392265 -0.136069834 0.771029651 1.90901518
    0.0724211931 1.85433483 1.03617883 -0.653394997 -0.301353931
    0.672871172 -0.107554793 -0.167523384 -0.0669202209 1.74096787
    0.657659173 0.41192615 1.05752349 0.171237707 -0.284002781
    1.20567632 -0.610997796 -0.232445061 -0.270506561 -0.87220788
    0.737779796 0.468768239 -0.214353859 1.9409523 -0.0373997092
    -0.809933662 1.12827945 -0.607245445 0.246531427 0.81798774
    1.75649297 1.50700092 0.600190282 1.52387929 0.687510967 1.01375389
    1.2217505 -0.0901336074 1.58781767 0.753924012 1.6206826 0.930899143
    -0.0543729067 0.492952108 1.21279824 1.64152503 1.6030829 1.07362187
    1.98256493 1.07752442 0.749321282 0.0872456431 1.69224644 1.5210433
    -0.690626502 1.62523234 0.274303555 -0.122195482 1.1004293
    -0.180385053 1.11968887 0.491419613 1.1279763 0.680520296
    -0.520521879 0.699259102 -0.567561984 0.100650489 1.80240893
    1.28794169 0.710834384 -0.788184822 0.610300958 1.38636696
    1.76727343 0.583263218 1.32438064 1.64406657 0.25408721 0.576887786
    -0.678298771 -0.226357102 -0.120719373 -0.0880119801 1.1126672
    1.87586725 0.957417965 0.838278592 -0.202564478 -0.580705166
    1.08123994 -0.277160943 -0.248095572 1.62600255 0.596889615
    -0.447678506 -0.745810747 0.510301113 1.66658127 -0.689943612
    0.769924164 1.74176991 1.83449316 1.06337786 -0.411336601
    -0.922210991 -0.575881362 1.93908322 -0.0670241714 -0.218819261
    -0.625303447 1.02226925 -0.347342789 -0.0409809351 0.691287756
    1.11628115 0.753624201 -1.04644763 0.304546952 -0.483205914
    -0.824605048 0.71940881 -0.0436452031 -0.720722616 -0.14120996
    0.894069135 1.33150625 1.52658534 -0.468065381 1.8375392 0.27118969
    -0.383281529 1.84422994 0.693298817 1.75236213 -0.30090785
    1.24272382 -0.312004924 -0.260147095 0.228871465 0.770451069
    1.60240877 1.09578252 -0.17707181 0.933228731 0.928985715 1.60594022
    0.285144925 -0.491960049 1.46858668 0.45617795 -0.158362508
    1.47683048 0.419238925 0.460249722 1.80923045 1.68236423 0.987059593
    0.858694375 -0.920558393 0.664552391 0.802550673 -0.688206732
    0.747011662 -0.895680368 -0.161617517 1.6716783 0.270857155
    1.04044151 0.510495722 0.987076879 1.04645741 0.410671473 1.02777731
    0.23799026 1.33882642 1.47698069 0.812762082 -0.41315192 1.65021384
    -0.578057647 -0.850647151 -0.446615934 1.1482619 0.664560139
    -0.686760306 1.71345592 1.89863145 -0.111418605 -0.0186987519
    -0.543191314 -0.0506489277 0.332977176 1.06518817 -0.255828261
    -0.737675488 -0.60144794 -0.266575396 0.942339897 -0.556233525
    -0.111861348 0.364253759 0.918731511 0.297436953 1.6815474
    -0.839549601 -0.866273224 1.74184597 1.01085424 1.86528707
    1.62296176 -0.413810968 -0.784732759 -0.168023765 0.71614331
    0.793110371 0.327663779 0.176919699 1.54568624 0.864958465
    1.06499183 0.134457588 -0.526622295 0.88829565 1.03337312 1.22984445
    -0.433657765 1.02169478 -0.466616571 -0.245087385 -0.0247962475
    1.3749541 1.53593779 0.65560931 -0.088976264 1.1874094 -0.0905613303
    -0.571099401 0.214215279 -0.76444 -0.239818931 0.658945918
    -0.496089697 -0.0441255569 -0.620203078 -0.903704286 0.369604945
    0.437136173 1.73063707 0.693332791 0.258192778 0.5553599 1.42222595
    -0.68881619 -0.147772193 1.72437668 -0.00475776196 0.156779885
    0.167475224 0.210291862 0.811387956 -0.811766386 -0.253531277
    -0.298522294 -0.67259115 1.21004152 0.266633749 1.91742563
    -0.868022919 0.958463252 1.00805473 -0.439925134 -0.752279043
    0.668137133 0.479922652 -0.63781774 1.42138731 0.00102633238
    0.560972273 0.531002939 -0.405327916 1.90922427 -0.497410744
    -0.666945338 0.180664897 0.897966146 0.973692954 0.279419661
    0.00413417816 0.228508115 1.07122219 0.222244263 1.50334358
    1.76926148 -0.788723111 1.10544431 0.556105733 0.777624846
    0.333607316 0.0672104955 1.69213033 -0.909856081 -0.58731389
    -0.409910351 -0.441828012 -0.453346938 0.519677162 -0.206238925
    -0.655800939 0.23866713 1.84003949 -0.127816617 1.91698253
    0.242976427 -0.483759373 1.60874748 -0.403774261 -0.455946535
    0.198133409 -0.808600187 -0.0650364161 1.97810459 1.44579327
    -0.29271692 0.16500324 -0.78787899 1.63123608 -0.469706684
    0.294045866 -0.48622337 1.46358943 1.53612971 0.59172678 0.143478096
    1.82464743 1.99904406 -0.792614758 -0.152840793 0.18060118
    1.13437986 0.211179316 1.47024822 1.17615354 1.85772777 -0.882633686
    0.551393628 -0.109268904 0.769147873 -0.64472121 -0.672647417
    0.795128107 1.75713801 0.980415106 1.75044262 -0.0795010924
    -0.339712501 -0.652294159 0.233423829 1.43554008 0.219979405
    1.357059 0.754423261 0.701197684 0.832277656 0.476428866
    -0.373681009 1.06106746 0.21075654 1.334571 1.51313305 -0.221506178
    1.55524683 -0.363613665 0.467329264 1.11237776 1.90961945
    0.254835606 -0.742329359 1.13450658 0.848225176 -0.191224456
    0.353323877 0.720220268 0.391956389 -0.722352922 -0.552453756
    -0.317551136 -0.429438353 0.336848199 1.18690765 -0.796955645
    -0.287890494 1.87640285 -0.539766848 0.845399499 1.70234668
    0.146540165 1.67990482 0.732613206 1.44115055 1.0113554
    -0.0119278431 0.40219295 0.549892426 0.980288863 1.88728857
    -0.244818985 -0.58247149 1.57360196 -0.598235786 0.627771795
    -0.445307165 1.83355737 1.60328734 0.540690184 1.54208755 1.03842175
    0.478436112 -0.603688955 0.185912251 1.75919449 1.78046513
    0.698969185 -0.601077139 0.199569046 1.29008877 0.352924824
    0.31753099 1.16201854 -0.738499641 1.13758326 0.943448901
    -0.620487928 -0.314172685 0.561705351 -0.892771661 0.738346875
    -0.042619884 0.757388651 1.76625776 0.129480183 1.7981075 1.56224823
    0.223910809 0.879698634 0.530067921 0.933358133 -0.460822225
    -0.202857614 1.83062625 1.86347783 1.88577151 1.28131986
    -0.568048716 -0.861885071 0.359060466 -0.847151041 0.728463173
    -0.78120327 -0.669649482 -0.31929028 -0.208753645 0.471598625
    0.835538805 0.912095249 0.284563422 0.117735147 0.268920541
    0.492364764 0.879289925 0.979054928 0.887961686 1.45238256
    -0.772705853 0.390102148 -0.217167795 -0.723025322 1.36767793
    0.239236474 1.75771046 1.4641006 -0.604936957 -0.0516793132
    0.535481989 -0.397772253 -0.540581226 -0.160382032 0.753647149
    1.65063405 -0.282354891 0.731092989 0.478987932 -0.192505717
    0.528475523 -0.608059645 1.71078837 1.20424461 -0.71532917
    0.746238887 -0.557117581 1.60488534 1.19323289 0.882444978
    1.02029634 -0.424791574 0.818281651 -0.294394612 1.64675546
    0.665822327 0.266098857 1.03460622 -0.0480976105 0.642152309
    1.5197711 1.06693029 1.18868089 1.36585522 1.2495358 2.05100513
    0.219893754 0.422222376 -0.505234063 -0.387549192 0.694648743
    -0.859162629 1.06298137 1.46772313 -0.710674703 1.72635055
    -0.577502966 -0.845854282 -0.3533234 0.963657796 0.918555796
    -0.84599942 -0.866536021 -0.453548849 1.00501704 1.63172221
    -0.676804423 0.656058371 1.30994892 0.0411773324 0.112941742
    1.73656738 0.597810507 0.273402095 1.55009782 -0.670847416
    -0.665773332 -0.382970214 0.296063662 0.383072853 0.872800946
    0.669773579 1.75695574 -0.795350254 -0.419781595 0.724053502
    -0.445783347 0.609518528 -0.492641091 1.39124358 0.889937818
    -0.720380545 0.140529633 -0.238194942 0.511546254 -0.231467724
    0.674383521 1.82631564 0.715870917 1.5830152 0.459554315 0.832595289
    0.00185018778 -0.66337043 -0.375192851 1.21730065 0.949245512
    0.575872123 0.288100421 -0.471561581 0.629248083 0.333629072
    -0.49410975 0.0892343521 0.507695556 0.329295456 1.67188799
    0.274352074 1.79735637 1.66815948 -0.340721428 -0.69625175
    0.957268178 0.746123791 1.39321327 0.461965799 0.711929083
    0.857722163 1.30693889 1.76663899 -0.0857114792 0.43939513
    1.23086751 1.56124938 1.50175023 0.6069175 0.94221282 1.61003792
    1.57239866 -0.471816421 -0.173148096 1.72958803 0.625610292
    -0.732027292 0.227321923 1.0106194 -0.733535826 1.4794414 1.52855456
    0.514908254 -0.152377605 -0.288786352 1.80824804 1.6640985
    1.54612124 1.39108074 -0.2833336 -0.750982046 1.87136245 1.19669938
    0.459823072 0.33473444 -0.749481678 0.383468568 0.491624117
    0.89938128 -0.608199954 1.17118979 0.662157655 1.98705888 1.34516871
    -0.893529236 0.303462565 0.0304613113 0.51648283 0.633105278
    1.20293713 -0.0110584497 -0.18673712 0.574210167 -0.825467646
    0.0406922102 0.436491847 0.339226484 0.0546805859 1.15937722
    -0.231983423 0.263542175 -0.168359995 0.860265195 0.366812348
    1.90999067 -0.596387982 0.277163684 -0.470405877 -0.817661285
    1.98088908 -0.435796082 -0.703774929 -0.435085118 1.52021813
    1.2726686 0.169332504 0.370527506 1.32535386 1.41990077 -0.8606686
    1.04537535 -0.0573437214 -0.4564538 0.43718195 0.781470478
    0.650996327 -0.0839828253 -0.455324233 1.67638648 0.581601083
    1.52126694 0.191206396 1.38845718 0.409947217 -0.306732416
    -0.441942066 -0.37885952 -0.748758912 0.855171978 1.85826039
    1.31316066 -0.333940834 0.0137298107 0.819632292 0.802515805
    0.11230725 1.63161159 0.943757176 0.799975276 1.45950484 0.294441521
    0.451230645 1.11015844 0.343438387 0.916636765 1.04275715
    0.117478371 0.926027179 2.00384212 0.709118426 0.130352318
    -0.063780725 0.829654038 -0.181939781 1.66400969 -0.359137297
    0.243677735 1.7166537 -0.198453367 1.01746964 -0.37855047
    0.435474932 1.17176509 0.859020412 1.38251531 -0.843492568
    0.988244534 1.42896605 0.706876278 1.30856562 -0.14759326
    0.806705236 1.86611462 -0.0401813984 0.640666664 -0.893254399
    0.0667250752 -0.514405012 1.6732012 -0.101074338 -0.562474608
    0.779177129 0.939271271 1.33035374 1.84901261 1.87268031
    0.0436453819 -0.932655811 1.77044094 0.101493061 0.256126642
    1.0900228 0.00141739845 0.716008067 0.214812279 1.27004778
    -0.0966818333 0.532601058 1.52237844 0.294465125 -0.111851573
    -0.380257189 0.849390924 1.7570287 -0.456295013 -0.713631988
    0.200341702 -0.798677146 -0.354900122 0.535564899 0.831929743
    0.405048072 -0.219940603 0.155839622 -0.0839450955 0.260449767
    1.47922421 1.27797675 1.62471354 0.773599327 1.35024524 1.81626546
    0.0960562229 1.65420032 -0.304868817 -0.550790787 -0.371027946
    0.843942046 1.34476149 -0.800725758 0.926984906 -0.709006608
    -0.566632509 1.80684566 1.24244416 -0.672034204 1.30366647
    1.05855429 1.83338821 -0.161469519 0.171908498 -0.947085738
    1.58857882 -0.529329717 1.92387176 1.83558106 1.76094079 0.709248841
    1.11738062 0.765284002 -0.501327157 -0.443955749 -0.224031925
    0.853541493 1.86898291 0.375159264 1.42609763 0.129543245
    -0.629405737 -0.566297829 -0.507301092 -0.719018221 -0.187851965
    1.20208931 0.86117816 0.177827835 0.0313176513 0.696953773
    0.466005683 -0.0688703656 1.97923374 1.08814752 1.15335703
    0.770115316 0.026540637 -0.0449849963 0.00125342607 0.659243464
    -0.472901374 0.801912129 0.355942905 0.0734490156 1.06791258
    0.0459614396 0.632128298 0.66418469 0.763744175 0.818389535
    0.304026127 0.0875755548 1.64295602 1.05289781 0.584663868
    1.81889617 -0.585371733 0.977707028 1.15305257 0.736271858
    -0.591857791 -0.16156888 0.0276132226 1.57677197 0.982902408
    0.743259668 0.545357108 0.712186754 0.187957823 1.90345049
    1.41606653 1.14113724 -0.50673008 0.31318593 -0.251937151 1.01130712
    -0.468263388 0.35050118 -0.579610705 1.58278871 1.82691789
    -0.458732218 1.02580559 0.760589242 1.68891931 0.117657363
    -0.633329153 -0.179633558 -0.145741105 1.46287632 -0.293237507
    0.94875443 1.20927739 -0.688258827 1.13334036 -0.0273371935
    1.4748106 1.31390357 1.04476368 0.563565373 -0.640028358
    0.0341216326 0.826170802 -0.359874249 0.849550188 1.39156079
    0.307336748 1.26144671 0.340401769 1.70963955 -0.0744795203
    -0.612145305 1.43382502 -0.429718763 -0.53999114 -0.711530387
    1.09153533 1.04161453 -0.519879699 1.29365802 1.29885852
    -0.789560497 1.20978653 1.07169569 1.47130466 1.43273473
    -0.485274732 1.03032041 -0.312885463 -0.834665418 1.58827794
    0.277945161 0.844366014 -0.0716673136 -0.117052495 0.792175114
    -0.813159168 1.7480247 -0.729505777 -0.33100611 0.318613172
    1.52065969 -0.825842857 -0.503855586 0.847033381 -0.259786189
    -0.597322345 2.11104155 1.62879252 1.25422275 1.84606171 0.833451986
    1.19811487 1.69842863 1.3640511 0.577233672 0.457484603 1.64008582
    1.67777705 -0.417425126 0.577537656 0.617178082 1.18412542
    -0.0154702663 0.20749414 0.537313044 -0.814290226 1.68606472
    0.807097971 -0.564027429 -0.340242445 0.541301847 -0.760100365
    1.74052072 -0.00468415022 -0.479810923 0.895183265 1.5792408
    1.3969264 0.345936298 -0.938666165 1.69965494 0.237804294
    0.263547778 1.04536128 1.19810414 1.59965456 0.351891398 1.5699296
    0.966481566 0.758256316 -0.343421578 0.942250311 0.395191848
    1.67313266 1.81462574 1.05474877 -0.198394179 -0.550175011
    1.64784265 1.31225157 1.13298464 0.0665263534 0.813128948 1.98066282
    -0.381503463 0.256856024 0.983564496 0.760489225 0.440973282
    1.06853962 1.4419893 -0.901768565 -0.725542426 0.771007776
    0.964310408 -0.483876675 0.13969177 -0.577560306 -0.736157298
    0.582845807 0.102710783 1.32354164 0.62111932 2.01766253 1.98978949
    0.19293052 -0.810313642 1.26206481 0.229291737 1.26624644
    0.560139179 -0.0898878574 -0.470417917 -0.0737798214 1.49367857
    -0.271433592 -0.644483566 -0.570450425 1.89542365 0.959673345
    -0.629493117 -0.121292174 1.52164638 -0.469345212 0.065325737
    1.83570719 0.455192983 -0.124364734 1.34117508 1.63154709 1.53287697
    0.0428956747 0.91221869 0.668213844 0.751161814 1.8298763 1.29800797
    1.88853467 -0.89819783 -0.802942991 -0.668115139 -0.506723881
    1.20700574 -0.510764658 -0.14051801 0.17444253 -0.517323077
    0.94598788 1.05824733 0.376114547 1.48897994 0.408617258 0.275701463
    1.74835014 0.271384895 -0.660897851 0.857037604 1.04960942
    1.94300878 -0.816409349 1.31329656 0.569799304 0.190173268
    1.26579952 -0.350369036 0.0932446718 1.54128611 0.720016181
    1.79793358 -0.321738124 -0.640642822 1.87649596 -0.104343295
    0.828066885 1.27493238 -0.754791677 1.10875392 1.42433488
    0.326911271 0.842599392 1.05176687 -0.101240218 -0.758437574
    -0.332945228 -0.408519447 -0.266074181 -0.14684552 0.70641458
    -0.233474553 1.34570718 -0.875021577 -0.804337263 1.1677109
    1.21394408 1.29403412 1.4441607 -0.453010857 0.844933093 0.77893573
    -0.37342 1.72137833 1.51080775 -0.268016696 0.676560581 -0.136905134
    0.638620496 -0.900368512 0.711882114 1.28003025 -0.0440518856
    -0.728856921 1.44114661 1.83458757 -0.365807533 0.0327615142
    -0.333475888 -0.740339398 1.55131948 1.24725556 1.45504522
    0.49966383 -0.782067299 -0.355259895 -0.0984824896 1.05490041
    0.999669194 -0.161276698 0.46598649 -0.5157969 1.73473215
    0.811047792 1.82380581 -0.722766459 1.59748149 0.148889184
    -0.0590617061 0.699576437 1.5852282 1.47291827 1.69080353
    -0.720620394 -0.42457509 -0.870439947 0.79240638 1.70301282
    1.90275335 0.527335227 1.26278865 -0.702917874 1.69516015
    -0.852037847 0.52802676 -0.381969213 -0.41272977 -0.837212443
    -0.501468778 0.667494535 0.384150386 0.327850103 -0.118476033
    0.373280048 -0.689633846 1.55329061 -0.763975382 -0.865614414
    1.02534795 -0.110356331 -0.0864725113 1.88823819 1.85258031
    1.03649807 -0.749129891 1.13659811 -0.367882073 1.81008077
    2.00198507 0.279015839 1.16175294 -0.733469725 2.0519073 1.32010913
    2.03931284 0.0456926227 1.24825418 0.649106979 0.226305783 1.0690484
    0.189974785 -0.709938943 -0.782485187 1.27865016 1.54960132
    0.786171734 1.66038394 -0.305706024 1.22375011 -0.624322832
    -0.500417352 -0.0811212063 1.66982365 0.30690515 0.0683582425
    -0.300647259 -0.789028883 -0.0725889802 0.504300594 -0.662055194
    0.940018475 -0.634678066 0.630145967 -0.985400677 1.75693512
    0.0536439419 -0.984848797 1.02033281 -0.866529703 -0.165389359
    1.01324093 0.118762732 0.678981423 -0.310904801 0.649685979
    0.910723209 0.0567666292 1.85071123 -0.0313396454 1.67237437
    1.70321286 0.021717906 -0.402056575 1.66518831 -0.0715132356
    -0.659154654 -0.303623199 -0.470165133 1.7206018 -0.00327336788
    0.923777401 0.400678515 0.392971814 -0.772831976 1.18091273
    0.524279356 -0.381751597 1.72748208 1.25235391 -0.589851022
    0.578449786 0.490081072 1.01001012 0.263676643 -0.717663705
    0.215342939 1.02479219 0.00423336029 0.891550541 0.51027137
    0.404261053 0.819647014 -0.530352592 -0.0381134748 -0.300406337
    1.94620955 1.68355417 -0.525510132 1.81722808 0.783451557
    0.419229329 1.94276834 0.295174301 0.77054739 0.820056319 1.61891603
    -0.514929056 -0.865442634 1.82300282 1.42231107 0.364694536
    1.21758795 0.401454151 1.80151331 -0.433752626 -0.192459702
    1.5702579 0.673466802 0.594848633 0.281089425 0.129484415 0.98719275
    -0.415534556 0.441883445 1.22794998 -0.131336927 0.858258247
    1.74457455 -0.711355269 0.377012193 1.90886605 1.82333052 1.04208231
    0.380393922 -0.489069164 -0.0846823454 -0.203943551 -0.580318093
    1.73282743 -0.366735101 -0.955015719 1.7463851 -0.110967338
    -0.491956532 0.972007573 1.83943272 -0.710910201 1.198735 1.57555771
    0.789612234 0.672502458 1.63797486 -0.582707405 -0.589738011
    -0.0938581228 -0.496105731 0.0673871636 -0.745760918 1.94645524
    1.61440837 -0.380051374 -0.753435135 -0.682081282 -0.470901668
    -0.0806031227 0.474328279 -0.377762407 0.371510029 1.57127571
    -0.713020623 -0.851145267 0.659879148 0.600027084 1.42455506
    0.86787951 1.56058013 0.671289563 -0.536380887 -0.247500658
    0.381502509 -0.0442783237 -0.834439516 1.10056877 0.168647707
    1.46093774 -0.230031252 -0.287998319 0.594026566 -0.154312253
    0.30686748 1.79544353 0.856050313 -0.789711535 -0.0544921756
    -0.341435969 -0.438263386 0.036226511 -0.574222088 1.48636508
    1.21701646 1.68982184 0.657620549 0.700621605 1.40315986 0.865374923
    0.286685944 -0.794853091 -0.639078975 1.55995941 -0.272451401
    0.545269012 0.461310148 0.0892141461 1.73410666 -0.782258749
    -0.577996135 1.60098457 0.636912763 0.0347194672 1.79108715
    0.337026477 -0.159958482 1.32566452 -0.777572811 -0.393197
    1.61578059 -0.506618857 0.778333545 0.3637712 -0.949059367 1.6914432
    -0.831226349 1.70788193 -0.338058591 1.01948333 0.248022676
    -0.634288073 0.871017992 0.408570886 1.84687543 -0.493235737
    -0.154294133 1.45076334 0.942207277 1.51432514 1.82687354
    0.827968359 0.082857728 -0.842246592 0.404345036 -0.862899601
    1.32650232 -0.763643622 1.48196089 0.995103776 0.381201625
    0.133176088 0.350069642 1.77857947 -0.254495978 -0.84029305
    -0.446462214 1.35373735 0.121024847 -0.411538541 1.20977616
    -0.019693315 -0.479337215 1.71507609 0.728803158 -0.770602643
    -0.296825945 1.61449957 2.31108832 0.825010419 -0.0860520601
    1.57238603 -0.358552039 -0.331590533 0.865190208 1.37051749
    0.0107479692 -0.74570775 -0.590744972 -0.841799736 -0.418533415
    1.48825502 -0.845037639 0.417465806 0.206231356 0.163864732
    -0.557134867 1.62441826 1.81266689 -0.503373504 -0.712179065
    1.43898487 -0.0485767126 1.7664206 1.55344808 -0.307681024
    -0.056707263 1.41686809 0.531089783 0.343218446 -0.696058929
    1.67066121 0.236380041 -0.0164188147 -0.465938807 0.401826084
    0.523771822 0.725272894 -0.140399933 0.48497349 0.754826188
    0.582074821 0.188202798 1.6935091 0.579079926 0.0906039476
    1.07787514 0.375518978 0.0573993921 -0.149180472 1.07244396
    -0.798863173 -0.485518038 -0.481916547 -0.572760582 1.13526893
    -0.493226022 -0.566921473 1.14588189 -0.319880545 1.11580014
    0.305285692 -0.178733826 -0.190259874 1.63009036 1.15220809
    1.49398923 -0.54542619 -0.570868969 -0.320773065 1.0983665
    1.32275677 0.34046334 0.0688705444 0.742226541 1.65636086 0.50686723
    0.0818600059 -0.967302799 1.73721528 -0.0276004672 1.84027779
    0.987319589 0.0744668245 -0.157284677 -0.727720141 -0.0632824302
    1.53735757 0.658590257 0.93231833 -0.908704221 1.67636383 1.40028071
    -0.485541493 -0.421677351 -0.235418916 -0.761037409 1.46234322
    0.0115795732 -0.553417742 0.660362959 0.0952159762 1.88480484
    0.052672863 0.811225414 0.545825362 -0.784059763 1.2599355
    0.559740484 -0.0583082438 1.55094182 -0.72422719 -0.197339714
    0.136280358 -0.766451538 1.68108642 1.68865609 0.07888937
    0.730461717 1.43609691 1.93137741 0.518091023 1.82600904
    -0.561221242 1.62963533 0.672674477 0.978278875 0.583437562
    1.03043449 -0.235548079 0.666665316 -0.684794188 1.18751812
    -0.230392814 1.11994529 -0.739288568 -0.495927125 0.210835338
    -0.0464179516 1.73957586 -0.776563644 -0.0221874118 1.84714818
    -0.126909852 0.0164023042 0.144172668 -0.514801621 -0.398885638
    0.85635978 0.107592404 -0.933793187 0.560135126 0.958680868
    -0.91156441 0.470023036 1.35561585 -0.264306307 0.720850945
    1.71782863 1.0761497 1.8203423 -0.340115905 -0.387122273 0.796524704
    -0.819323301 0.707359254 -0.0356391072 0.757180154 1.07937717
    1.28202736 1.11585546 -0.48797521 0.982047856 -0.18651849
    -0.684177816 0.819547653 -0.0967105627 0.00993436575 -0.0681766272
    1.84585464 1.23047352 1.68051016 1.02967358 0.223997831 0.239027023
    1.13696885 0.829868674 0.0323451161 0.160350919 1.31681609
    0.369787514 1.23293996 1.06884921 0.306979716 -0.00554847717
    -0.0144168139 0.00710445642 0.403959274 0.825742483 1.79755986
    -0.582103193 1.4780333 0.553952098 0.845889211 1.27620876 1.82086217
    -0.449284554 -0.328675091 -0.187947273 1.6827296 -0.440479338
    0.777759969 -0.959122717 1.21139753 1.19654155 0.352759957
    1.80165052 0.406346679 1.20854163 1.18099141 1.5688839 -0.384397566
    0.717484117 -0.0499387383 1.31182146 -0.964820266 1.72164941
    1.30726242 1.64334178 0.517763257 0.783445358 1.40278828 0.471285522
    1.12578964 1.29528248 -0.789759398 -0.310281217 0.369559348
    -0.905744672 1.22526801 0.967849374 1.38977921 1.10002518 1.03701079
    1.29944026 -0.749420881 0.749613523 0.167118192 -0.649492323
    0.0288063288 0.175490797 1.59806442 1.22388566 1.08736634
    -0.336932659 0.962553501 -0.320057929 0.0715457797 1.96161962
    1.15707946 -0.626172185 1.20513654 1.36641252 -0.404113591
    0.194266975 1.48408031 1.53975546 1.7411902 1.41672683 1.68338299
    -0.887620807 0.181878388 0.146297812 0.595686316 1.46008444
    1.32971168 0.656027913 0.956792831 0.183680415 0.977568865
    1.27930796 1.69412243 0.115457773 1.69192624 -0.815575898
    0.151789546 1.04089665 1.58004117 0.925823987 1.12418437 1.15398824
    0.0735331178 1.41429687 0.908479154 1.72552955 -0.419423759
    -0.291944325 0.668708503 -0.033777535 -0.827547133 1.00323296
    0.10165292 1.13672972 0.841798007 0.903694808 0.394061029
    -0.134997606 1.89615178 -0.280639231 1.82361841 -0.392677754
    1.798558 0.982513368 0.411525548 -0.791967392 -0.214407444
    0.319485903 1.15564156 0.413098872 -0.284623861 1.01463544
    1.21140313 0.78974396 1.31925845 1.78986907 0.611520886 -0.517378628
    0.120950222 1.45746279 -0.747564375 0.0476756096 0.358863831
    1.05656004 1.80268979 -0.872995555 -0.275877655 1.9120996
    -0.886649013 0.0158255696 -0.212013483 1.82937646 1.31784534
    0.185794115 1.86828709 1.46742988 -0.730598748 -0.071464777
    0.301341712 -0.82969892 0.696396172 1.79798985 2.05994368
    -0.739042401 -0.795640886 1.41862702 -0.673173845 0.563184321
    -0.784991205 0.622313738 0.652951717 0.124241233 0.301748037
    1.24944174 0.153507948 1.60075212 1.91079116 0.162389398 1.42279959
    -0.144441724 0.68138051 0.98870331 1.94423985 -0.86714381 1.10545444
    -0.306155205 -0.203438938 0.0133185387 0.177372754 -0.138385057
    0.858425856 1.39322007 -0.343513608 -0.143185258 0.139276862
    1.13191724 1.11207044 1.60902452 -0.24143374 0.531263411 0.476322234
    1.24944949 -0.773446679 0.108682573 0.952772498 0.52690959
    -0.694083571 -0.272118211 0.279913664 -0.623967111 0.709180057
    1.1182878 1.11103725 1.9962064 0.549900293 0.721256375 0.554925025
    0.228125274 1.6682229 1.23165369 -0.000922203064 0.256788135
    1.84320509 1.21755898 -0.938121021 -0.180907726 -0.447502732
    1.89604664 0.167888284 1.6205101 1.12327516 0.312972248 0.837209463
    1.71127856 -0.222437441 -0.211075485 0.282037973 -0.591619849
    0.200300276 1.49739921 1.02318466 0.287865996 -0.393419504 1.9007802
    -0.568369389 0.0962256789 1.8710134 1.77046382 -0.88115865
    -0.495174646 0.857660413 -0.416063249 -0.108281374 -0.63343209
    0.172025204 -0.204608977 0.514964998 1.97610164 -0.835456789
    -0.576957107 0.429297447 0.222298682 -0.690371156 1.40934443
    0.631161451 0.681984663 0.730539978 1.85495341 -0.460907519
    -0.300999343 -0.723616481 1.13942385 0.790337801 0.940973759
    0.687272787 0.623396158 0.451364636 1.46353126 1.29225993 1.11943853
    0.706422865 -0.461232603 -0.354421258 1.49976587 0.66282922
    -0.236380994 -0.225666046 0.00929874182 1.27252674 -0.0059465766
    -0.0692481399 1.43695998 -0.130435884 1.74951982 1.44866705
    -0.369697452 1.4699986 1.84783661 0.369772911 0.852114975
    0.235122561 -0.607693315 1.56240058 1.49735332 0.0170277357
    1.33042014 0.352293611 -0.100004196 1.90235829 -0.894406199
    1.29091072 -0.14705497 -0.552165091 -0.0745788813 1.35542822
    0.518215656 1.12369335 0.306907833 1.67657948 2.01326752 0.452049017
    -0.018501848 1.40002751 -0.405032307 0.179600477 0.724427402
    1.5318923 0.786507905 0.288688898 0.900174439 0.283212781 1.78778529
    -0.58165729 -0.619215548 1.31122804 -0.728430033 1.36935401
    -0.568424046 1.86793447 1.00618327 1.57697201 0.768477798
    0.746008873 1.35083365 0.481896162 -0.324750185 1.6938715
    -0.572767854 1.64681113 1.79141569 1.07156837 0.195683479
    0.621065497 -0.432368398 0.919788241 -0.114633501 0.567002714
    0.559323668 -0.646147847 -0.358026087 -0.75707972 0.532276452
    1.38083076 -0.111273587 1.44016719 -0.508319974 0.421943426
    1.8924793 -0.363629103 0.441294432 -0.652459562 1.64311659
    -0.585689664 -0.853183568 1.38982844 0.229944289 0.0245085955
    0.0120823383 -0.0737580061 0.994955063 -0.551884174 -0.276237905
    -0.125696778 1.46869731 -0.526346147 1.29951596 -0.587269664
    1.36827707 1.21102333 0.0834745765 1.65390193 0.609866619
    -0.0910361409 1.90840864 0.95147258 0.247383475 0.151348352
    1.71333551 0.23267436 1.83189154 0.680360317 -0.847182155
    -0.958059907 0.127488315 0.86917299 1.50488758 1.44668555 0.35978508
    0.992669463 0.604972303 -0.16541779 1.20464635 0.700078309
    1.61905813 0.842129171 1.53446603 -0.129679501 1.02397418
    -0.352272779 -0.604639888 -0.27895242 1.74228406 -0.733484805
    1.78532207 0.674958706 0.717691183 0.263451934 1.44043159 1.06986451
    0.872434616 0.453335643 -0.903079987 -0.16988188 1.1666894
    -0.437189162 -0.930105567 -0.526110888 -0.513586223 0.161534667
    -0.854919076 1.46907687 -0.27349323 -0.688159108 0.159445584
    1.16339779 1.75587535 -0.673029959 -0.344035327 0.731546164
    0.590403318 -0.243813753 0.715955019 -0.361553848 1.61172628
    1.60617709 0.994994223 -0.0687735081 0.513813198 -0.0145124197
    1.19150996 0.37189424 1.82408476 1.09609783 0.378285825 1.66894579
    -0.489320606 1.3247242 0.471422315 -0.361527264 2.02592826
    -0.77520144 1.27159929 0.455559969 -0.46259737 1.62369776
    -0.56725955 1.60662007 1.29261112 1.17808867 0.774243712 1.49990845
    0.439868808 0.801248789 -0.657314777 1.56142032 1.67638612
    1.42904663 -0.911815286 1.79198122 1.22683179 -0.351785541
    0.338498712 0.803459287 1.83767843 0.0934605002 1.9233706
    -0.187441289 -0.070884645 1.19260454 -0.841090858 1.68411684
    1.28651881 0.171713948 1.17212796 1.07426047 1.87693024
    -0.00229012966 0.144815743 0.896136701 1.77122676 1.02118385
    -0.000112593174 -0.50698179 0.672546923 -0.27094382 1.57564151
    1.08986926 0.19179678 -0.157032073 0.888721228 -0.0334936976
    -0.807065129 0.190314651 1.72942984 0.736770868 -0.0745303631
    0.414928377 1.07865667 1.81433725 1.22384453 1.79056287 -0.355585158
    -0.300828636 -0.127357066 1.37203145 -0.353993773 -0.59784174
    1.28862524 0.884606004 -0.665861845 -0.24951309 0.745339215
    1.33073175 -0.788521707 0.0435824394 0.554583311 0.328454256
    1.2708708 0.0796880722 -0.270522118 -0.480236351 0.992517471
    1.66669893 0.14128983 1.66937375 0.439194202 0.0319210887 1.24541271
    1.48222601 0.252072811 -0.902869761 0.999582767 0.896919966
    0.697660804 1.59051025 1.25206304 0.904729366 -0.0506626964
    0.447863519 0.582974195 -0.350352228 0.0121050477 0.315097034
    0.884609997 0.972364783 2.10071492 0.94370985 1.00209296 0.642502546
    -0.450966299 0.688451409 -0.558751941 0.315867543 -0.244366646
    0.965888619 -0.450737983 1.13115931 1.70240045 -0.267480433
    1.66252005 -0.212298691 0.183990777 -0.482249945 1.31813145
    1.74502468 -0.225399971 0.880140305 -0.296094358 1.31141233
    1.51511192 -0.54609108 0.345442533 -0.144389331 -0.884461761
    0.447118998 0.204658747 0.96182394 -0.212141216 0.936754465
    0.43034637 1.18824601 -0.676699758 1.4783709 0.816185296
    -0.948966742 -0.817499638 0.801849008 0.22975415 -0.553888917
    1.88027859 1.08083236 -0.736032903 0.0439656973 0.426413834
    0.807679951 -0.29352951 0.41017139 -0.634781718 0.391406298
    0.200149715 -0.457003683 0.969067812 -0.305028081 -0.0799431801
    1.65759206 -0.115136266 0.907541513 2.01256323 1.38886094
    0.437020421 1.15622425 0.874917448 -0.827062368 1.10652637
    -0.135527015 0.768816888 0.905284584 1.94366336 -0.898524284
    -0.0519245267 -0.841202199 0.523839474 0.027923584 1.06544006
    1.60876334 0.854799867 1.77662754 0.272437096 -0.554700017
    1.17363834 0.685967982 -0.589595079 0.527205229 -0.0128327012
    1.63974404 -0.133706808 -0.852160037 -0.139255345 0.21435225
    0.0596106052 -0.661865473 1.58892047 -0.349781334 -0.528937697
    -0.359442502 0.297667563 1.83325648 -0.760576725 -0.571602941
    1.84899879 0.0659267306 0.36280185 1.42374516 0.327983141
    -0.385503113 -0.727557063 1.58259535 1.6593852 1.63919103
    0.150294185 0.818929195 0.411340833 1.59403718 1.89294004
    0.274857342 0.287206173 0.278495729 1.97156131 -0.0073621273
    -0.654111087 1.83045292 1.10255182 1.46032917 -0.667268932
    -0.124792278 0.873086512 0.178310096 -0.717350662 -0.552536845
    -0.470997125 0.294884324 0.451225519 1.59450531 -0.862823546
    1.64660954 -0.122313559 0.416515112 0.136968017 0.786691308
    1.92927647 -0.73104012 0.771112859 1.7401967 1.26621604 -0.477054447
    -0.694035411 1.20303774 -0.622004271 0.663748682 1.22270823
    0.924944878 1.76573515 1.57680619 0.923699498 0.117741108
    -0.261902452 1.79694057 0.13431406 1.23446989 0.391552329
    -0.202811956 0.586818159 0.80160147 0.577855408 1.60822797
    0.234152734 1.14405692 0.43933171 1.30700159 0.220061719 0.18644774
    -0.747735143 -0.790656626 0.161249697 0.598159134 1.75268579
    -0.170693696 -0.760509551 -0.370649695 1.04706216 0.551521778
    0.00783646107 1.41073465 0.752339065 0.625628769 0.530792356
    0.9583776 -0.893889189 -0.617777765 1.81291819 1.95469642 1.94018531
    0.637049258 -0.65521431 0.204120636 0.432712138 -0.810471356
    0.856245577 1.37215149 0.0238955617 -0.182229161 1.39917314
    0.525244772 1.03619707 1.40497994 -0.766171575 1.0523932
    -0.217894077 1.49986458 0.255300701 1.20878947 -0.480277091
    -0.24530828 0.971184313 1.42994213 0.137117863 0.310046554
    1.26363301 -0.267964423 -0.595206261 0.597729266 0.679801345
    1.24502516 1.01202524 0.615880072 1.6325047 1.07031786 -0.164817154
    -0.853204072 0.292954087 1.49195206 0.703954875 -0.245754838
    -0.064025104 -0.166578948 0.61550045 1.13781905 1.29786205
    1.40052414 0.715198159 0.839803934 0.0524964929 -0.664510548
    1.56076586 -0.225837708 1.59117413 1.24144578 0.764484823 1.02307379
    -0.608456135 -0.447703272 0.350882232 0.111502171 1.79602003
    -0.3156524 -0.435559303 1.78055978 0.559640944 0.428192735
    0.319858551 0.297338068 1.38143611 -0.552703381 0.795918584
    -0.377637088 1.49428749 1.26387084 -0.90332377 -0.488451004
    1.4008441 1.2428968 0.0102741718 -0.447560012 0.528952003 0.7834692
    -0.586001813 1.60651827 -0.875868082 -0.390715063 0.142661452
    1.37339103 0.885633707 0.668687701 1.58409846 0.408429503
    -0.0316429138 1.01189983 -0.436209619 0.52530545 1.46015215
    1.08378267 0.202375352 0.384473741 1.36642134 1.28837943 1.11999714
    -0.666400194 0.899389148 -0.383307219 -0.395149052 -0.157484949
    1.19711804 0.525503635 -0.559409559 1.67363119 0.573379397
    1.49793208 1.79596424 -0.159467101 1.8492136 0.713194788 0.458781183
    0.7631917 -0.709416747 0.316349328 0.163770258 1.30025458 1.25251353
    1.25888753 0.877582431 -0.878129601 -0.867029011 1.34555507
    -0.309541702 0.797526896 0.0295993686 0.356903434 1.55690753
    0.307163715 0.883642197 1.31061316 0.749982476 0.311767817
    0.00391244888 1.3097496 -0.207843542 -0.585669279 -0.122819483
    0.659614503 -0.844561815 0.0852681398 -0.795107424 1.23602772
    1.3869617 -0.633772731 1.69867611 1.84779978 0.724249601 0.224237502
    -0.835619807 0.599586368 -0.176386893 0.327979505 0.738316715
    -0.813005745 1.90521407 -0.0541732311 1.67402506 0.858976841
    1.50189579 0.011888206 -0.528127074 0.642451882 0.784869373
    1.12510443 0.184225678 0.958952308 1.37003946 0.591183126
    0.597763658 1.80094361 -0.408527732 -0.727281094 1.1955812
    -0.102923453 -0.332556248 -0.0132343769 -0.0431811213 -0.369986415
    1.87645459 0.445795476 1.78989077 -0.765507877 0.801070333
    1.56898427 0.85539645 1.13968337 1.5241313 1.78233802 0.488966644
    -0.283519328 0.563610911 -0.0380546451 0.569696605 0.20394671
    1.51629066 1.61683977 0.100360692 -0.0657417774 0.358761668
    0.05404526 -0.288661122 1.10708654 0.278662026 1.292804 1.10334229
    1.56688511 1.65522194 0.362226725 -1.02338552 0.122836947 1.81452096
    -0.802551925 -0.202715039 0.00316220522 0.307472289 1.26669312
    -0.869523942 0.685553312 0.123318851 -0.35504359 -0.722789288
    0.607990801 -0.412873536 -0.0822438002 1.8062067 1.27962184
    1.44711578 0.250783801 -0.434746414 -0.733778894 0.19968313
    0.849708855 -0.0103840828 0.598909497 -0.732217908 0.157531619
    1.41656458 0.52630949 -0.740606785 0.847162068 1.03732944 1.38529599
    0.621005595 1.80951691 0.808893502 1.02853096 0.655202508
    -0.433199346 1.63967776 0.650534153 -0.445841521 0.42005682
    -0.366853565 -0.807807744 -0.358362794 -0.821320534 -0.822257638
    1.29176831 -0.599678755 0.564213574 -0.124207914 -0.750015974
    1.70336688 -0.83613342 1.19449568 0.277232289 0.870221853 1.24118555
    0.37576431 0.147533417 0.203308642 -0.428105235 1.235991 1.88133454
    0.108882129 -0.276104033 -0.542244792 -0.841100454 1.88419366
    1.81950927 1.83899593 -0.924472511 0.58937186 0.802574515 1.29907584
    -0.174689174 -0.923378587 -0.388925552 0.610547483 0.030223608
    0.942038417 1.53191853 -0.0464670658 -0.0842826962 0.876452684
    -0.969672561 -0.79063195 1.37370133 -0.599375248 -0.199331164
    0.888948381 0.563495934 0.136392653 -0.115433097 -0.252390325
    1.52154016 0.467610359 1.76823211 0.234306097 2.09998465 1.27315068
    0.578879952 -0.309094429 0.59290427 0.647330105 -0.290322244
    -0.886941493 0.0916649699 0.334063351 1.14889908 0.937368989
    1.7062993 -0.848890543 -0.268528581 1.84475219 0.959060729
    0.911387324 0.982046366 -0.756857514 -0.044835031 0.831351936
    0.792240143 1.06989312 -0.570324063 0.401896 1.7212832 1.46822619
    1.00702524 1.26594067 1.64621007 0.131575584 0.10687387 1.30333948
    -0.940181613 1.71443212 0.685406148 -0.360880673 0.324813843
    1.80156577 0.23329246 -0.217818737 -0.0420249104 0.156833053
    1.89504683 1.42525911 0.208149612 -0.740106821 -0.577448368
    1.75560296 -0.417304277 0.638165772 1.85459948 0.590462804
    1.33992505 -0.249141455 -0.11305362 1.7979753 -0.621608078
    -0.465039432 -0.889367521 -0.436405629 1.8979187 -0.194531798
    -0.0119113922 1.96244621 -0.741810441 -0.677900434 1.28433371
    0.0604891777 0.721446872 1.61925292 0.702314794 -0.637841821
    1.37399173 1.6067574 -0.126214802 1.20483553 0.17420125 1.78781593
    0.152377486 1.56112969 1.4128437 0.86927557 1.10739732 0.902426362
    0.071108222 -0.629959822 -0.171645522 1.46346712 -0.236513436
    1.9198401 0.887621164 0.638096511 1.0201571 1.40810513 -0.667114258
    0.984614909 -0.755619764 -0.569285214 0.800068378 -0.0153626204
    0.11991322 0.69641757 1.2340498 -0.494028091 0.486038685
    -0.407219529 -0.46069628 0.0765892863 -0.753439486 -0.0416986346
    1.09279704 0.80289948 1.38352776 1.50373626 1.09728861 0.0106681585
    -0.568945527 1.08952785 1.19410801 0.292841554 0.763893306
    1.35747647 1.19914603 -0.654294133 -0.749173462 0.0228153467
    1.88402987 0.772169292 -0.155515313 1.36344266 1.17680955
    -0.712783992 0.172096789 0.810331106 -0.511214614 1.81499815
    1.71540785 1.13765037 -0.465501934 0.88668859 -0.525376797
    0.745550334 -0.674862325 1.17311287 -0.232066453 0.764276147
    -0.505494833 -0.0747938752 -0.659767985 1.32171237 0.818267822
    0.225020528 0.586742759 1.65475619 0.68629837 -0.84134692 1.66650677
    -0.453311116 0.718163848 0.583110511 -0.349145889 0.151115119
    -0.536953211 0.967113495 1.66121757 1.95355701 -0.819401026
    1.1495111 -0.481236845 0.122434676 -0.829347074 0.688579082
    0.022701025 1.42814314 0.920636058 1.34382236 1.51839447 1.54273939
    1.5155071 0.525495887 0.444727182 -0.188038707 -0.0328521729
    1.11525726 1.34400225 0.570642173 -0.11946249 -0.701402426
    -0.778595448 0.304693997 0.0642575622 1.4263953 -0.465658367
    1.53640318 0.520592034 0.447978675 1.15658438 0.449592412
    -0.59059608 1.14922047 1.73672748 0.12415421 -0.252196312
    -0.0626128316 0.453336954 1.29589391 -0.803767264 -0.897130966
    1.18492782 0.61051774 0.906765878 0.896515846 1.90503371 0.622697473
    1.53101349 0.488158286 -0.376569092 -0.676452041 1.40554118
    1.3706789 -0.274176955 -0.760940433 -0.258222163 -0.837876022
    -0.491337925 0.226661265 -0.418610573 0.894204021 1.81948233
    0.137372553 0.963678241 1.7079488 0.647251546 -0.211055756
    -0.297388196 0.377450347 1.00415254 1.67071605 1.74186385
    0.973341107 -0.0216838121 0.907799125 -0.0805882215 1.09801364
    -0.48247084 1.75170839 -0.262813091 -0.703975379 0.775541008
    -0.0513033271 -0.648642361 0.262559295 0.65977782 0.878890097
    1.91352987 -0.388644725 0.085067153 0.449272454 0.079420805
    0.0605509877 1.18175888 0.818915129 1.23345947 0.34158802
    0.296558619 0.985301912 -0.215373516 0.463225305 -0.613338351
    1.00254166 1.36330771 0.232803106 0.265348434 1.01525486
    -0.220386863 -0.516049266 -0.0133273602 0.264605403 1.8863188
    1.57870674 0.160379529 -0.752289116 -0.533070445 0.0523241758
    1.74387228 0.573030233 1.63239896 1.35317123 -0.34962821 0.632785738
    1.4561466 1.41779208 1.59350133 -0.284493566 1.02056706 0.487819433
    1.73481858 -0.116282642 -0.567828715 0.203202844 -0.313388944
    0.217983961 0.102757156 -0.853643715 1.85920191 0.188349664
    -0.328105748 1.74696803 -0.335008264 1.7590456 -0.582031488
    -0.581055701 0.187416255 1.52057731 0.50143373 1.20210457
    0.998288631 1.4536792 0.478420258 0.052908957 1.44636273 1.58619559
    0.057456851 -0.175961912 0.775861502 0.109200656 0.657028258
    -0.0514829755 1.84659183 0.0960365534 -0.562773824 0.669138551
    1.69573402 -0.734407187 0.427072644 -0.0964364409 0.904743195
    1.4239167 0.938705325 1.01392627 0.206644773 0.812346578 1.86878729
    0.639854252 0.796895087 0.74273634 0.704889774 0.900942624
    -0.0905765891 -0.475075454 1.14756441 1.21651745 1.13238215
    -0.846378207 0.635118663 1.99018645 -0.642043114 -0.397972822
    0.727949142 -0.372252941 0.769868016 0.908349514 1.50337005
    -0.646570861 1.42193961 0.972781181 0.332909346 0.397914052
    0.429208994 -0.633607328 0.944571197 1.88047957 -0.393731952
    1.69182861 0.645087719 1.0649544 0.787882566 1.35783911 -0.580687523
    -0.259895504 -0.0790061951 1.92272007 0.645302773 -0.471053839
    0.441236973 0.579645693 -0.303456962 -0.469912946 0.272467971
    -0.853988469 1.94113207 0.497294009 0.183182776 -0.281404555
    1.90001917 -0.52966547 0.0436103344 0.571287036 0.680645764
    -0.169164658 1.10499692 -0.225551307 -0.0689965487 -0.0963848233
    -0.487943381 1.06093431 -0.118930519 0.784813166 1.06707406
    1.16500342 1.42868888 0.269274056 1.8911314 -0.547284842
    -0.00659734011 -0.586715341 -0.438447475 -0.84457624 -0.854449689
    0.591360629 -0.547808051 -0.111589372 -0.265064716 -0.300355434
    1.30753899 -0.509983838 1.72285879 0.628724039 -0.441537172
    0.327632606 -0.326674581 0.817242026 1.1769073 1.9047848 0.929343224
    0.686480343 0.319879591 -0.884584367 1.11588144 0.227274418
    0.00704365969 -0.702591598 0.17193228 1.11745811 -0.903322995
    -0.161921918 0.720405102 -0.590228319 0.0756121278 1.65189016
    0.717201829 1.67349982 0.316642404 -0.671868801 0.177088737
    -0.700677156 -0.744260788 1.72828352 1.54641163 1.78231227
    -0.042701304 0.258580863 1.56477261 1.88073874 -0.305079341
    0.337330997 0.851839066 0.0967173576 0.608124614 1.17335331
    1.78625441 -0.703257084 -0.370816529 -0.432658672 1.14083743
    1.82596934 0.376535058 1.46373677 -0.492863625 -0.357788861
    1.59053445 -0.112281084 -0.0845601559 0.774760842 0.655353487
    -0.807781518 -0.321822286 -0.138433039 0.41410464 1.5080595
    0.265270114 -0.358781755 1.54930437 1.38245916 1.73300791
    -0.0169622898 0.854444325 -0.863716066 1.87214684 -0.114581227
    0.132548273 1.79415083 1.63715088 0.493200421 -0.0294483304
    -0.0677306056 0.297580481 1.77213454 1.48672092 1.48413622
    1.15144861 0.109904706 1.83039093 0.787236035 0.205954015
    0.00737154484 0.757354856 0.270887971 1.0563947 1.49712396
    1.56194568 -0.383530438 1.23388398 0.0800777078 1.07740664
    -0.422126919 -0.449058503 -0.185610652 1.85963702 1.94647789
    0.457758486 -0.125528812 0.248289406 0.464829564 1.87916136
    1.08008075 0.0406314135 1.70970404 1.31756043 1.32700515 -1.06559622
    1.6617434 -0.613555431 -0.98440069 0.300805211 -0.81005621
    -0.138267338 -0.100615501 1.49154758 0.977454066 -0.169044197
    1.62146485 1.82089067 1.25215447 -0.621110439 1.37615204 1.03179383
    1.41918993 0.680421472 1.41431856 0.211005807 0.60417068 1.49078667
    -0.241712749 0.358800828 -0.842988789 1.73828161 1.19294119
    1.43400478 -0.505511582 -0.210019052 0.567056835 -0.894519389
    1.02353835 0.191463351 0.0990724564 1.4337666 1.34821486 0.374431968
    1.41547859 -0.625969052 0.46401006 -0.465959519 0.626624107
    0.531530619 0.37986052 0.0104455948 1.47794819 -0.34646374
    1.75905561 -0.525896072 1.83123982 1.37630427 0.8547014 1.35682321
    -0.556341588 1.01899576 0.158021629 -0.407583654 -0.266652465
    -0.162814677 -0.510944843 1.66432595 0.22131449 0.774624884
    1.40997386 0.89493829 -0.411610782 1.40151441 -0.818857789
    1.47410536 -0.88297528 1.3870213 0.991635978 1.1971488 0.0117458105
    1.06358349 0.0941327214 1.5857687 1.69241023 1.87547266 1.52873719
    0.0103211403 -0.171932876 0.554620266 1.28257227 -0.373521268
    0.464398742 0.597904086 -0.388342917 -0.253760755 1.38705337
    1.6540581 1.66485453 0.278984189 0.346890509 0.330764234 0.652894378
    1.90050805 -0.693538308 1.11330533 -0.889656603 1.60499239
    -0.787108779 0.37505728 -0.67791307 1.55907655 1.6471436 1.73983598
    -0.104757786 -0.278850615 0.387239456 0.887759507 0.897550762
    -0.867281437 0.934454978 -0.410473466 -0.12749058 1.10794377
    -0.0604273677 1.6104598 1.56837451 -0.178939998 -0.424931586
    -0.158301651 -0.91499716 1.63494337 -0.477265358 -0.228552461
    1.96606541 -0.67171818 1.40426803 0.24902916 0.615724266 1.2395308
    0.910047233 0.451596379 -0.741513193 -0.126192212 0.634997427
    0.917675912 -0.417204231 0.82616061 0.216739953 0.716654897
    0.8154971 0.963153958 0.663878858 -0.5271703 -0.0890282393
    0.138063192 0.132938445 0.65100801 0.637698829 -0.110264659
    1.86296964 -0.0985437632 1.67708004 1.1591115 1.63663411 0.779162049
    1.92717814 0.413222253 1.37723947 -0.2436831 1.6297226 1.10817754
    1.05128562 1.27435696 0.245141864 -0.593922734 1.5345459
    0.0881736279 1.25732684 1.65215313 -0.731967092 0.0980516672
    0.00237172842 -0.394705236 -0.352083743 -0.132580101 -0.653919816
    0.254971981 1.38286388 1.10441351 -0.594387412 -0.902077436
    -0.394426644 0.577587843 1.74995232 1.05430412 1.2673378 0.728747487
    0.666610658 1.89320898 -0.710478187 -0.729219139 0.74153024
    -0.168686748 0.880251348 0.966824949 1.87288952 -0.426629841
    1.38711691 0.147201836 1.48431242 0.305336475 0.660878181
    0.030913353 1.59586704 0.338329792 -0.60404706 -0.645878196
    1.94283772 0.178510904 1.28930831 0.0322357416 0.365458369
    0.843321383 0.848993361 1.47716045 0.774315357 1.62321806
    -0.516559541 2.19892097 1.38789463 0.851270556 -0.762791514
    1.32754946 0.917764544 -0.815401316 0.0886721611 -0.0896013379
    0.312830925 1.23070824 1.66107166 1.33149648 0.0824292898
    -0.0413152575 -0.212516189 -0.110507667 0.708445728 0.633387804
    0.473593354 -0.124603689 1.86134911 0.560996532 1.03996968
    0.589009404 -0.811382532 1.09637785 0.185485482 0.209514141
    0.750970602 0.700340748 0.710089207 1.78703094 1.03096104 1.07319152
    1.73033762 -0.894584417 0.0754593015 0.307893872 -0.562497497
    0.627275288 -0.031838119 1.09490561 0.463684797 1.73530638
    -0.297813237 0.189249396 1.57503295 1.62102926 0.938939452
    -0.0490407944 -0.219437659 0.393527627 0.610430837 1.59000361
    0.801286221 0.938088655 -0.371149838 0.782652497 -0.728230715
    0.107500494 1.14463758 0.928924739 0.940277755 -0.682249069
    -0.42215687 -0.634517908 -0.38887006 -0.699779809 -0.194888532
    0.583017111 1.37753749 -0.540275335 1.04197311 0.914424062
    1.53273892 0.242390752 1.21178722 0.514000654 -0.86709249
    0.0357847214 1.04559064 0.263950944 -0.36967957 1.5650686 0.44649446
    0.27078557 1.5539279 0.25700134 0.150780857 0.757792175 1.8687191
    0.143934131 -0.376092136 -0.347915411 -0.297332883 1.56781745
    0.989762723 -0.20909965 1.40413356 -0.476188838 -0.209513307
    0.283651471 1.52612543 -0.0157918334 -0.0410018563 0.446471572
    -0.536003113 -0.0238733292 1.81412745 -0.672352314 -0.977074265
    -0.966544032 -0.742530465 0.770158052 -0.689513326 -0.608125448
    -0.0819203258 -0.0310405493 1.82130289 -0.896936178 0.609761
    1.84785461 -0.0200715065 0.08788836 0.978453159 -0.837873161
    1.45266628 1.16433644 -0.677224517 0.670699477 0.440654039
    -0.41366303 1.81515098 -0.276323795 -0.175825 0.42881608 -0.18315655
    -0.0974133611 -0.106342733 0.671321034 0.141347766 -0.375662506
    1.84330821 -0.512259722 1.03666043 0.49519974 1.09671164 1.59291482
    1.3147676 1.21340811 1.63767457 -0.78547895 -0.129962027 0.331695914
    0.765809715 1.88063312 1.55076623 0.63969022 0.0752747655
    -0.84438926 -0.241868675 0.856562197 1.44992542 -0.328465939
    1.06366611 1.50016785 -0.509591222 -0.751735866 1.87768662
    1.57632017 0.80387044 -0.15075779 0.0963839889 -0.496570617
    0.605256021 1.02217436 -0.324769616 1.32197809 1.82285273
    0.841041386 1.30671644 -0.594773769 -0.32670927 -0.686619282
    0.962612569 -0.378102005 -0.412384897 0.835040927 -0.108586073
    0.10936439 1.15801907 1.05771887 -0.575654685 -0.739849806
    0.606420279 0.119545162 -0.896128416 -0.565381169 0.473296523
    1.28908694 1.2353785 1.87486434 1.03053415 -0.605999649 0.71494633
    1.59382868 1.68303323 0.254481435 0.496689141 -0.264451385
    0.649408042 1.31583905 0.205485046 -0.173866749 -0.848729134
    -0.216772914 0.402522802 1.05090094 0.439238012 -0.209758222
    0.781874776 0.720853686 -0.126152098 0.837711692 1.21758533
    1.68849349 -0.926155627 -0.583028555 -0.104250669 0.98921448
    1.04581356 -0.345040679 -0.602593184 0.184449434 0.769243419
    1.25096047 -0.0537935495 1.32000399 0.412593603 -0.485565305
    0.161813736 0.209639192 0.990038872 -0.703722119 -0.149757326
    0.825477481 -0.100918889 0.0737841725 1.56289423 1.74131155
    0.128251731 0.339361191 1.04831505 -0.653432667 1.40741515
    -0.120648414 -0.358650178 0.126558363 0.68184793 1.86538911
    1.17494154 0.651657581 1.17635882 0.120032191 0.471111178 0.25175786
    1.27607679 -0.186719179 1.35758352 0.375067472 -0.24803102
    0.249611199 -0.119122982 -0.700539052 -0.564110279 1.46039581
    -0.206451595 0.372606933 1.27995872 1.1263622 -0.171540737 1.0880003
    -0.846770644 1.10344768 0.44855094 1.52104115 -0.816711426
    0.295933962 -0.493446052 0.7156775 1.52267146 1.46820521
    -0.735557556 1.46037328 0.575855911 -0.349144101 1.49385774
    -0.132283092 0.850001931 -0.227216184 0.204036236 0.98551178
    0.991804242 0.381402254 0.50148201 1.09894526 1.26107073 1.5405333
    -0.265060127 0.320025325 0.295656025 -0.327387929 1.46109235
    -0.840310276 1.21784186 1.81309712 0.405003369 -0.338560283
    1.6431272 1.27596498 1.49643993 -0.504294395 -0.368913412
    -0.85249263 -0.20363301 1.331779 1.94441533 1.8763994 -0.0930843949
    0.703085005 -0.745399654 -0.802921116 0.185487449 0.907746613
    1.76792765 0.107451677 1.72719955 1.54372418 1.47311175 -0.91851759
    1.35672307 -0.544700027 -0.0463140011 1.25046718 1.00207889
    -0.864171505 0.107559204 0.146017015 1.36943436 0.433167696
    0.24215126 1.0367285 0.845633566 1.60771775 0.616740882 0.509295106
    1.57269526 0.958436906 0.453062236 1.14007747 0.332044125 1.4251349
    -0.521793306 1.08832598 0.754593134 -0.747858524 -0.202933848
    1.09064436 0.224667788 1.70185697 1.54047227 1.22602284 0.213691473
    0.700931072 -0.784741163 1.68601692 1.25061798 0.983317614
    0.161617517 -1.01278818 0.116243899 -0.564691067 -0.682313442
    0.937650502 1.93594038 -0.426277757 1.5439589 -0.945135832
    -0.173021257 1.92619336 1.4396621 -0.662832856 0.038197577
    1.30703652 -0.30770117 1.8803966 0.774566531 0.26865238 1.38710403
    0.171468556 0.527726352 0.351561904 1.86226821 1.16305304 1.20787942
    0.201041877 -0.739618421 1.4134686 1.30958247 0.364404678
    -0.409783959 1.81393886 0.149056673 0.91053164 -0.601452827
    -0.0666708946 1.62194419 1.45965672 1.34036374 0.110741556
    0.856583118 0.0433814526 1.84559512 0.261500239 -0.250328481
    1.87245512 1.59736633 -0.913390338 1.8716433 -0.554544032 1.8838228
    0.724066138 0.861298084 -0.864229321 1.82877004 1.1728034 1.27391875
    0.91735059 0.236406267 1.13639796 0.134711027 1.17358983 1.38708162
    -0.694454551 0.314915419 0.747019708 1.80657268 -0.0342949629
    1.5562104 0.204536438 0.254553139 0.0916461945 0.662207127
    1.38738811 1.32141256 1.4900322 1.0592345 0.442640662 -0.18064636
    1.59851193 -0.836758733 -0.723811805 1.45107329 1.754251 0.45231837
    1.43178403 0.690849781 -0.251991749 0.831870079 0.803749025
    0.013548553 0.784214854 1.79761493 0.346069813 1.48732555
    0.637672722 0.185560405 1.87494469 -0.0248897076 0.818469763
    1.71218419 1.81442869 -0.718533218 1.24460435 1.80290627 0.660220265
    -0.24565202 0.991757095 1.49213648 1.42867339 0.25132829 1.89570725
    -0.957491815 0.684152424 1.76501656 0.209506035 1.84451246
    0.760479212 -0.417901814 1.03997815 0.347821355 -0.529789746
    0.512235045 1.07093883 0.756110668 1.82860231 0.0143455863
    -0.83621949 2.0786593 0.0880431533 -0.383670717 1.88192081
    0.28298223 0.363522649 -0.104865074 1.860443 1.69598448 1.59535289
    -0.72950685 0.409501791 1.07533813 1.13833618 0.175171435
    -0.26600939 0.301625311 0.309852242 1.01903224 1.63276315
    -0.0676016212 -0.37119472 1.93740928 1.05618906 -0.911035419
    1.83189917 -0.04855299 1.43854356 1.71139884 0.309723675
    -0.149725497 -0.755350232 0.0534576774 -0.843803704 0.706521392
    1.25575602 0.904272318 1.52880216 -0.493462235 -0.826547325
    1.52957916 1.00634611 0.14833498 0.44848907 -0.804964542
    0.0704712868 1.14253771 1.75128698 0.267169356 1.69134235 1.6178124
    1.20268023 -1.00772619 0.880786896 1.62444186 1.57767463
    -0.933309436 1.51455092 -0.919477701 0.85760814 1.70305252
    0.159983993 0.293512225 1.08173335 -0.157104194 0.830416203
    -0.111009657 -0.333574891 1.53782153 1.91101789 -0.374164462
    0.0225025415 -0.428163171 0.409650505 0.890930891 0.0714041591
    0.754857719 0.168615222 -0.423023671 0.0386084914 -0.0566875935
    1.18222761 1.85185838 -0.563090265 -0.120390594 -0.954149187
    1.42549872 -0.127197504 0.616513193 0.715031028 -0.148724616
    1.35430789 0.442698777 -0.506576478 0.975282252 -0.877095997
    1.32896316 0.709947705 0.46899122 0.991181076 0.826512098 1.44430387
    -0.255076766 -0.531340718 0.690681517 -0.427834511 -0.281274378
    0.938580692 -0.11407274 1.24374557 0.401893318 1.2772305
    -0.216003597 0.516144693 1.73094845 0.723715067 1.4595139
    0.819934964 0.823030114 0.364902079 1.61186206 -0.627677083
    -0.543514371 1.33833337 -0.408823907 1.6052624 1.55067372 1.1184833
    1.42775023 -0.526600361 -0.895224273 0.183826983 0.14502728
    1.56873417 0.812893391 1.28883886 0.0753399134 1.85906696 1.45185781
    0.813252687 1.18921793 0.0682755709 -0.234248757 1.65239346
    -0.94128722 1.57485402 -0.13826257 -0.886120319 -0.0166326165
    1.52797914 -0.06693995 1.72525358 -0.790227532 -0.14102298
    -0.816043735 1.07195151 -0.725728691 -0.51896894 1.79933214
    -0.213305652 -0.220281601 -0.201465428 0.542994678 -0.815310717
    1.67063367 1.08548474 0.842680097 1.34160578 0.841575384
    -0.699847221 1.14260113 1.54506183 0.167880058 1.40336454 1.75993168
    1.35580218 -0.217555642 -0.552858233 -0.324889719 -0.762717068
    -0.319023728 -0.762109399 -0.0300915837 0.315977037 0.871539891
    1.06503808 1.06884718 0.578503728 0.19485414 1.00736344 0.134789228
    1.17984617 0.412880182 0.969482005 0.273830295 1.09300804
    0.412119687 0.985992253 -0.956418633 0.917332768 1.07623148
    1.72347713 1.30247116 1.27507603 -0.219703555 -0.0900527239
    0.269027829 -0.681752443 0.341627181 -0.297148883 1.40098715
    -0.480018973 -0.643767238 1.8212719 1.07210302 1.17148685
    0.941742003 -0.637050509 1.43945622 -0.831247985 -0.144243479
    -0.00304371119 0.721299112 0.30227834 0.0770031214 1.72122061
    0.195492268 1.5538801 0.583203793 1.24767613 0.641006231 1.76485324
    1.88293529 0.88855046 0.261262298 -0.235836446 1.02946377 1.50696528
    0.248009086 0.570706308 0.153022408 -0.418580592 1.36817777
    -0.614563942 -0.115978122 0.386659741 -0.139607251 1.67047477
    1.84122753 1.04184067 -0.134246409 0.648452401 -0.436817735
    -0.125737727 -0.473518044 1.43500066 0.156207383 0.635698736
    0.682363927 0.735118687 1.55812335 1.40212011 0.239736974
    -0.843664765 1.10235322 1.02975798 1.23551095 -0.303751349
    1.61355162 0.434122562 -0.752852201 0.856641114 -0.812200904
    0.0568551421 0.720304787 0.0275950432 1.59248519 1.52858758
    0.355533719 0.186313748 0.461595416 1.2673862 0.469682753
    -0.707044005 -0.448913604 0.217491686 -0.123819709 0.374185979
    -0.58557272 1.29690146 1.52243257 1.81218672 -0.424581349 1.09566212
    1.31824768 0.941744506 -0.786579311 1.4142952 0.180311859
    0.811297894 -0.359731019 -0.815189779 1.21728194 0.796338677
    -0.964439154 1.73799706 1.4974699 0.68632555 -0.243406832 1.01223719
    0.741181493 -0.625833154 1.41262317 -0.86938262 0.83682102
    0.287655294 -0.201659083 1.52760959 -0.62918222 0.669127226
    1.37762177 0.729879737 1.32275879 0.520990729 -0.380903304
    0.163426638 0.431141138 1.46770978 -0.478566051 1.54421186
    0.597362339 0.0896573663 0.26272285 0.486371338 -0.689441979
    0.59500438 1.41462016 0.853606582 0.973405659 1.19651592 1.37719464
    -0.441752672 -0.45957315 0.83707422 -0.0992923975 0.0170277357
    0.43860209 0.981333256 0.701781929 1.87701392 0.773625731
    0.606640697 1.83335519 0.90920341 -0.130770683 -0.00478965044
    1.89296126 -0.596219122 1.40317631 0.377113402 0.365978777
    -0.423845053 1.94805312 -0.569928586 1.54565454 -0.92374897
    0.877486706 1.12249947 0.373127043 -0.765367389 1.26884866
    1.29791486 1.66318965 0.165511727 0.620139897 1.13427544 1.480021
    0.940627813 0.267870188 1.51677334 1.46582592 1.76964283 0.845703363
    1.6264174 0.705252707 1.58506846 0.239115238 1.01319146 0.702575564
    0.522710085 -0.0981451273 1.86942136 0.922078133 1.06784272
    0.629441977 0.876760244 1.65527523 0.0357495546 1.55185723
    0.668265343 0.292179942 1.75445843 1.15873826 1.59495103 0.596475184
    -0.73316884 1.6542263 -0.755995572 0.383713484 1.36075294
    0.0409111381 0.561505198 -0.756068826 0.553847015 0.201922774
    -0.567340851 0.190226793 1.02664125 1.63295448 1.18365073
    -0.116037905 0.376988947 1.11573458 -0.0551744699 1.85078549
    -0.852889657 1.40109146 0.67234385 -0.871372283 0.19972682
    1.33445704 -0.515219212 0.426489592 1.89308405 1.76992655 1.27539945
    0.395752192 -0.869716942 -0.832503974 -0.331803739 -0.677871466
    -0.0825787783 1.79561555 1.33155191 0.288393378 0.115647972
    1.13609886 -0.545673251 -0.0954155922 -0.795800567 0.876046598
    0.719325781 0.0476383567 -0.883813083 0.169784784 -0.141187191
    -0.864046335 0.442604065 -0.113111198 0.572411537 0.285349965
    -0.589225888 1.26002097 0.545922279 -0.763297677 0.385752022
    0.069904983 -0.722736955 1.73801076 -0.277618051 -0.462083936
    1.71690607 1.53336358 1.45067644 1.62208581 1.35695362 0.260088503
    -0.400528252 -0.387845755 1.44038057 -0.772392571 1.02037454
    -0.832553625 -0.255033076 0.576141775 1.93545175 -0.610669851
    -0.364482939 1.52957094 0.94470799 -0.589781404 0.120215952
    -0.117379427 1.65374732 0.794477463 0.70890367 -0.365209758
    1.07850456 -0.285226166 1.65860748 0.510742307 0.679095149
    0.558439732 1.63042736 1.36660314 0.570343673 0.6988011 -0.790313721
    0.619581938 0.759135306 -0.742910087 -0.00302857161 -0.350260019
    -0.301564544 0.339942157 1.60264683 1.24913859 2.03475595 1.04215991
    1.61328864 0.689348936 -0.187388897 1.29235864 1.78447771
    0.608968258 1.28694057 0.0459139943 1.92601645 -0.322875023
    0.370658576 -0.439312547 1.76602447 1.11525083 0.752172112
    -0.235894322 -0.0356293917 -0.0655226111 -0.145275891 0.810397327
    0.64453578 -0.628322542 -0.625381589 0.733970046 1.16222274
    0.886239648 1.61381269 0.196107805 1.18491542 1.2130338 0.836943507
    -0.84924382 -0.876094341 -0.881954908 1.46572089 -0.449738681
    -0.793270111 0.201485515 1.25858951 1.01255047 1.05337942
    -0.793997586 1.00856841 1.70063722 0.387734652 -0.523627341
    0.241697311 0.759386301 0.62201345 -0.565329075 1.34390926
    -0.643392801 0.738739073 0.930152833 0.113004029 1.1882484
    0.731594205 0.440430045 0.624652147 1.67549384 0.633315742
    -0.46284771 1.14991832 1.42370343 1.04299212 0.800832331 1.16918361
    1.34289098 -0.442086339 1.3394165 -0.570222437 0.320048809
    0.16138649 0.182440817 1.64108634 0.530374944 0.550956726
    0.860409737 -0.369598448 -0.672649503 0.521642625 1.69524169
    1.42869675 1.63448977 0.730718255 0.398105502 -0.109631956
    1.62010729 1.38206911 1.80847073 0.892884314 -0.269568801
    0.190545082 1.29373038 -0.464777052 0.241127193 -0.78707993
    1.09245396 1.37297702 -0.768532574 1.11086452 1.76314616
    -0.128032565 -0.210732102 -0.379959524 1.88958406 1.47115159
    0.634114087 0.669658363 0.137505531 0.00757861137 1.2760334
    -0.134373307 -0.8894611 -0.282907546 0.461873591 0.798729777
    0.351560831 0.405157566 -0.158999145 1.13928139 -0.193808854
    -0.885478616 0.415773034 0.153421938 1.45409489 -0.905533433
    0.113147616 1.13162637 -0.955835104 0.735404015 -0.0458407998
    -0.384885252 1.67214179 0.256278872 -0.666979611 0.75135088
    0.969208539 0.330881119 1.50532508 0.367885828 -0.317180872
    1.67654026 0.388270438 -0.640015841 0.0494450331 -0.354407549
    0.336990178 1.63433552 1.0775435 1.64133096 -0.63853693 1.63692236
    0.475036383 -0.302955925 0.843247712 0.655913353 0.213939488
    1.05473864 0.283779621 -0.482711554 -0.230935931 0.802639604
    1.64248455 1.35124409 0.456195831 1.32681108 0.0656615496
    0.854718924 1.54211497 0.597845316 1.37236571 0.934504151 1.58432722
    0.920895517 -0.597277284 -0.347932726 -0.11435324 0.189574122
    0.0232352614 -0.771618307 0.879957736 -0.736986637 -0.38422218
    -0.559945107 1.19897842 -0.551204085 1.26510322 -0.165825725
    -0.450827956 0.942546666 0.744734049 1.39499676 1.56708705
    1.06218934 1.74688172 1.43166101 0.453436613 0.232428789 0.223566115
    -0.477372944 1.79080367 1.28179193 1.75674534 1.36475992 1.7092973
    0.967681706 1.00499201 1.57083464 -0.0107955337 1.34189868
    -0.541528702 1.39087439 0.598576725 1.21780372 -0.0985633135
    0.565556467 1.83586872 -0.358068347 -0.30817467 -0.938355207
    1.75845551 0.846600354 -0.217345476 -0.440971464 -0.0208557844
    0.451843083 -0.688067973 -0.85373503 0.225515187 1.10766864
    1.19662786 -0.494869947 0.349641144 0.427045047 -0.839797735
    1.37802052 0.277870536 1.22641909 1.53908277 1.43389177 -0.677060366
    -0.179481387 -0.380204678 1.26545691 0.332001209 0.719710708
    -0.545635223 0.703967512 1.47038269 0.188767254 1.89653397
    2.33911037 1.56098688 1.13248277 -0.493273616 1.55085158
    0.00772714615 0.982857585 -0.167515337 1.68548739 -0.391891718
    0.791041851 1.27113318 0.595245242 -0.635046065 0.972969234
    -0.624063611 0.63887161 1.40146852 0.644200385 0.968106151
    -0.795510113 0.35625416 0.24895215 0.823834658 0.261203349
    0.538360536 0.455020428 1.3096534 1.10716844 -0.314654529
    -0.31493485 -0.252743125 0.175949156 -0.155709028 -0.544648468
    1.34580517 0.548766434 0.694555223 -0.550307989 1.23582292
    1.34867978 0.399744153 0.121610999 0.830548644 1.27549255 1.24733746
    0.140803218 1.063694 -0.769953489 -0.748008847 1.67882657 1.82922959
    0.856169462 0.45270741 0.104489684 1.74076629 0.274432003 0.42355442
    -0.690305233 0.865027428 0.491779327 0.00341236591 1.63281131
    0.396050096 0.668815851 -0.523939848 0.695387244 0.415118098
    1.1640687 1.06044471 -0.0894046426 0.295791328 -0.66398114
    -0.712475598 0.112082124 1.8549273 -0.488335431 -0.124082506
    0.496437669 -0.712012887 -0.368767977 1.37869334 1.56910348
    1.42374229 -0.762131214 0.242015123 0.0158552527 -0.0373436809
    -0.120765865 0.968322992 -0.715925038 -0.868043363 1.32563448
    1.09555364 -0.583992362 -0.366163492 -0.613529563 -0.31603545
    0.920172632 0.298417687 -0.610896707 -0.791079521 1.66127479
    0.50604856 1.00745523 -0.455621272 1.59876466 0.0418171883
    1.72239292 -0.62424624 -0.263083994 1.54222846 -0.154384017
    0.515272379 -0.36545366 0.600011945 1.51046848 -0.33320415
    -0.462492764 1.75888216 0.743517518 0.145096064 -0.454534173
    -0.853146791 0.663574934 0.241388202 1.29737568 1.6850698
    -0.576616406 1.23381662 1.33126664 0.63980186 0.175427675 1.27740037
    -0.0975434184 1.59938812 0.165674925 -0.880771279 1.80281496
    1.56393981 0.265307188 0.475576282 0.876355708 -0.617721558
    -0.4600766 0.462820411 1.81965709 -0.6326648 -0.0648043752
    1.11977053 0.249377728 0.00549256802 1.40260029 -0.901003122
    -0.204391599 0.649770081 -0.575412989 1.70652711 -0.431103408
    -0.589876652 -0.269198239 -0.125778496 0.851267219 1.79057908
    -0.594037533 1.01402831 0.610216141 1.76179564 0.0996611118
    0.899082541 -0.488983214 1.63961685 1.75146425 -0.96541518
    -0.21717751 -0.397142947 0.465282261 0.87444979 1.11895943
    -0.725096285 0.184065759 1.87709188 -0.506085396 -0.0990735888
    -0.825126886 1.68637061 1.29676127 0.332458854 1.24700236
    0.717882335 -0.880609751 1.33688998 0.135500133 0.572024882
    -0.813418567 1.0860008 1.6012938 0.763417959 0.749449968
    -0.293628514 -0.946559191 -0.226445079 1.74273133 1.32273042
    -0.789641261 1.11745048 -0.654923975 1.26218009 0.207976937
    -0.0720766783 1.74738669 0.189541876 -0.519511163 0.712159157
    -0.356110632 -0.769079387 0.655374467 0.464920402 1.85103178
    -0.4364838 1.79702008 1.12707257 -0.116281688 -0.43223983
    0.984863162 -0.0014487505 0.0946577787 -0.437643677 0.613724649
    0.792349219 1.78765428 1.11015558 -0.505731821 -0.112611115
    0.58190155 1.71483493 -0.341784835 0.412668943 0.596662283
    0.41094929 1.18994176 -0.0191191435 0.857815385 -0.867007613
    0.124896705 0.710797787 1.15902901 0.860982299 1.31344008 0.34427762
    -0.66207248 -0.399799913 0.738220811 0.304361641 1.32745349
    0.365025818 -0.031688571 1.86904621 1.77748775 -0.629133582
    -0.653978527 -0.413097501 1.22518575 1.51766264 -0.322506011
    -0.257837951 0.472979128 1.82046771 -0.510436893 0.837353528
    0.0146684647 0.0041449666 -0.325164318 -0.922187209 1.00181103
    1.36532259 1.25898075 -0.889106631 0.41810441 -0.0519462824
    -0.830572546 1.04589248 0.188056529 0.362908363 -0.59654671
    1.69662166 0.632683635 -0.174118698 0.636353016 0.136976838
    0.0755085945 1.81094646 1.81094909 -0.430616856 1.86315453
    1.03293705 0.889115334 1.11923671 0.995836258 0.919726014 1.65613437
    -0.0868054628 0.786877036 -0.376841009 1.82266903 -0.952124357
    -0.220073879 0.504445553 1.2942611 1.25062048 1.03444457
    0.0852686167 0.657256901 0.606595695 0.02873981 0.265402675
    -0.546082973 1.05750012 0.407733917 0.154093027 -0.183253109
    0.878364563 1.84796548 -0.194250822 0.25386405 1.18614745
    0.912165284 1.82635212 0.5396263 -0.826848149 0.908547938
    0.346374929 1.93010342 1.12857199 1.0629195 0.349609256 -0.41838783
    -0.310711324 0.599178672 1.30529523 0.994364321 -0.538681149
    0.809012234 -0.128389418 -0.0529352427 -0.139509439 1.73633862
    0.718124092 0.992191792 0.207429588 -0.559216499 -0.084428668
    1.69285595 1.42587686 1.7030673 0.439944148 -0.776594996 1.6523422
    -0.200429022 0.0762964487 -0.706259966 0.971955597 -0.0624670982
    1.45194221 1.41199529 -0.842539132 0.0921202898 0.268759608
    1.41905093 -0.119234085 -0.692337453 -0.312247872 -0.611379147
    1.46990907 0.950783134 0.494765043 0.234215915 0.922894895
    -0.439639211 0.164455533 -0.203967392 0.962441087 0.562591493
    0.856421769 0.530617774 -0.648476303 -0.609420061 0.0490971208
    1.40993583 0.0302871466 -0.767251849 0.780585587 0.129775763
    1.49447715 0.599376798 1.14103425 -0.469957769 -0.59869194
    -0.0473502278 0.825028658 -0.0743384957 -0.847325623 -0.722656608
    -0.81970793 0.279896319 0.140458703 -0.424153209 -0.0369784832
    1.42347527 1.35432243 1.54117262 0.798534572 -0.794536054
    0.0246223211 1.66052055 1.49036872 -0.560308397 1.76987016
    -0.801003635 -0.163112998 1.73619878 1.56192291 0.480523705
    1.02824867 -0.0404025316 0.0367536545 0.00939786434 0.977871895
    0.871310472 1.33926201 1.17410672 1.64852273 0.96317327 1.30539703
    -0.346322119 -0.05906111 0.845448434 -0.252553821 0.218303621
    0.480176449 1.85377836 -0.408498526 0.212430835 0.232420325
    0.492537618 1.20896816 1.83294177 -0.122959554 1.47098351
    -0.364792645 1.42585373 1.10785973 0.668191433 1.13918447 1.22846997
    0.630856514 1.63579106 1.80508459 1.87272859 1.83845568
    -0.0438570976 0.597585261 1.38105202 1.67507148 0.806073546
    -0.749327302 -0.0161647201 -0.037204802 -0.0552646518 0.508949339
    -0.105385125 -0.913655341 1.66455901 0.358905196 -0.164185822
    0.89468199 0.0411430001 1.80610549 0.682782412 1.64589477
    0.333465755 1.78483319 -0.136051476 -0.598734319 -0.151161313
    -0.203319609 -0.307833374 -0.607111812 -0.406056046 0.0409089923
    0.772924721 1.24975789 -0.246865332 1.34439766 1.72122407
    -0.559745014 0.364599645 1.4583559 0.602190614 0.853891313
    0.587447584 -0.574367046 1.63934529 0.941382587 0.0764475465
    0.341283441 0.78910166 1.29943538 1.91923332 0.81699419 -0.431902677
    1.60606909 -0.280124992 0.653581202 -0.0211097598 1.34984732
    1.30773771 -0.0647000074 1.27240789 1.59997404 0.738473475
    0.196430385 0.229996979 0.066356957 0.501170039 0.126693308
    0.884944022 -0.317936242 1.47948623 1.60555434 1.78010821
    -0.105025113 -0.142088413 -0.113925278 0.862931371 1.8467561
    0.112006545 0.635129929 1.8326441 -0.398541391 1.48051572 1.929793
    -0.459359854 0.545598865 -0.442525387 -0.6622926 1.73011208
    1.28595841 0.431938112 1.49817765 0.215852201 1.42149746 1.05593109
    1.2844547 1.10330629 0.856880248 1.64445126 -0.501137912 1.24088192
    1.65223384 0.582928658 1.35313845 0.472809792 1.30097973 0.464515328
    1.65770209 -0.601363063 0.290641069 1.45364642 0.874383688
    -0.704653382 -0.0188932419 0.459599733 1.17728817 0.87242043
    0.301587224 1.49700773 -0.334348798 -0.399717569 -0.804549515
    0.528800428 -0.308539629 -0.542116523 0.995809436 -0.232031763
    -0.448286861 0.619763613 -0.573410869 0.822040021 1.01195061
    1.26587009 1.45829129 0.956575871 1.42644477 -0.606738925
    0.381563783 1.27591729 0.446274042 -0.117819965 0.740616083
    1.36428142 1.08484328 1.56489992 0.781190097 -0.671331882
    0.0858073235 -0.473113656 0.560322762 1.07290673 1.20116401
    0.0666601062 1.3547802 0.491821527 0.548491657 0.919426382
    0.0296831727 1.54202318 -0.685990393 0.311185241 0.0990803838
    1.84928358 1.46557498 1.78438234 -0.457750082 0.475079536
    0.438510776 0.798606098 0.875398695 1.19703209 0.544511139
    0.33053863 0.204123616 -0.434093177 1.39462173 1.33661926
    0.340869427 1.66905379 1.66544056 1.64412642 0.312600195 1.07851386
    -0.0395385623 0.888407946 0.168216109 -0.148016572 1.16452193
    -0.496551007 1.79128039 0.603947878 -0.342321455 1.72615194
    -0.389543474 1.18307161 0.420455575 0.948155999 1.55984664
    0.560150206 -0.110004187 -0.222184002 1.09511352 0.565840006
    -0.90440464 1.55805838 1.54067671 -0.0189501047 1.5847919
    -0.666794181 -0.583944559 1.93253946 1.55864286 1.83579195
    1.18968558 0.0889557004 0.767203152 -0.615053892 0.0339115858
    -0.351406097 -0.747567058 0.156118274 1.00809085 0.479808331
    0.950785041 0.905297637 -0.17255199 -0.669756234 -0.280634582
    1.41183555 -0.0467745066 -0.44131887 0.461866736 0.697247386
    -0.699417591 0.129284501 1.54813504 -0.0457795262 1.47603643
    1.07310987 1.44550633 0.0497562885 0.298200786 0.972559333
    1.82138824 -0.527672172 0.544183791 0.394088984 0.477782845
    -0.817684948 0.543108582 -0.0268216133 1.29535627 0.421442986
    -0.138425887 -0.435879469 -0.889228284 0.794875979 1.38660955
    -0.450861275 1.91155195 -0.348187923 1.67184567 -0.288819075
    -0.838048458 -0.305506587 -0.114759386 0.120184422 1.13591993
    -0.495954335 0.961557746 -0.773479104 1.31573224 1.43178391
    -0.663095236 -0.149135113 1.447824 1.13412833 0.938194633
    0.317450345 -0.805844247 1.84923673 2.00381875 0.922371209
    -0.689178586 -0.209335566 1.71645379 0.589651227 0.115476191
    0.814680815 -0.659613729 -0.411400139 -0.371272922 0.0659823418
    1.70858932 0.851274371 0.276627243 -0.910746098 1.53360701
    -0.814198017 -0.282924592 0.047267735 1.17440796 0.105254889
    1.80113888 0.906324506 0.197514236 1.51238489 1.68339348 0.957413197
    -0.506051779 1.64803708 -0.129411042 1.14480293 1.69952941
    -0.45163995 -0.90881753 1.2788167 -0.0944654346 -0.463752151
    1.9590472 -0.558486104 -0.23468101 0.966032088 -0.455808878
    -0.689135194 -0.246446669 -0.630882144 1.84101868 1.84316671
    0.245532632 1.70760393 0.344843388 1.6297524 1.69641304 1.85704303
    1.86951411 1.74102736 0.266489565 -0.507173657 0.43976903 1.3925159
    -0.585227728 1.07885981 1.26809144 0.576277494 0.737911582
    -0.850608408 1.60163164 -0.634872913 -0.232739508 -0.499279052
    1.12305021 -0.493908644 -0.0672438741 -0.429263353 -0.434158087
    0.360126138 -0.935924947 0.112307072 1.55088449 0.21672225
    0.341156363 0.625133276 0.663867116 0.101726711 -0.3968907
    0.129994452 1.76849449 1.84171498 0.776834846 0.837697148
    0.389273286 -0.658097029 1.13497114 1.09811318 0.100810051
    1.73534417 -0.309973538 1.67576849 1.0296123 0.0201411843
    0.235614419 -0.0703812838 -0.773383498 0.602389097 0.977117121
    0.92666024 1.7047627 -0.724065721 -0.445195168 -0.0131230354
    -0.460320681 1.64920795 0.459527194 0.381459594 0.207801461
    1.27267075 0.0924406052 0.579676926 0.697490275 -0.495562583
    -0.659719706 1.61064768 0.49540025 0.48415494 -0.38624692 1.90659189
    -0.448920786 1.68349385 -0.342227697 0.413423419 -0.330408156
    0.0983328819 1.15166235 1.2191124 -0.818608582 1.50948775
    -0.519346893 0.0906412601 -0.82143569 -0.902428746 1.9203918
    -0.078853488 -0.666911662 -0.294485688 1.43106103 -0.130729258
    1.31181312 -0.683194697 0.862384677 0.467576504 0.117477536
    1.87189126 0.195238888 1.57471156 -0.522047162 1.32230926
    -0.491919547 -0.469390243 -0.249026775 -0.544120133 -0.719463944
    1.36922991 -0.841423392 1.76189137 -0.69102335 0.103297353
    0.459431887 0.583216667 -0.488799691 -0.07659477 1.05860806
    1.21500754 1.06469584 1.23400545 0.16934371 -0.270721793 0.452161729
    0.777838767 1.44780159 0.83113277 1.12695682 1.35459125 -0.21545136
    1.3303051 -0.226368666 -0.0685193539 0.622848749 0.402583957
    0.727128029 0.918999314 1.00821936 -0.597696185 1.77162123
    -0.571950376 1.18042016 1.43840265 -0.667305827 1.25423098
    0.935486436 -0.775906861 1.24838698 0.464891851 -0.775515139
    1.04085124 0.651629806 -0.0850044489 0.841622591 1.01823652
    1.42071927 1.52568805 0.74298346 0.879294872 -0.639638186
    0.826427698 1.45288849 -0.83424288 0.869571328 -0.355185688
    -0.730721593 -0.159000218 0.730423093 -0.826237381 1.88411164
    0.433736324 0.0828943253 1.03363359 1.22100687 1.39628637 1.38897884
    1.01833129 0.237750828 -0.268985748 -0.877403557 -0.87317878
    -0.578919351 1.48755217 0.426453888 1.52630484 1.69269681 1.106359
    -0.77117455 -0.215577364 1.1870923 1.60154366 1.82000017 1.5476017
    -0.631441236 0.629231453 -0.0646627545 1.20895123 -0.189567268
    1.01792431 0.233245254 -0.64067626 0.45686388 -0.791662335
    -0.590963006 -0.209932208 1.33945096 -0.403486371 0.24937433
    -0.253564298 1.72858477 -0.607737184 -0.813569605 -0.455548793
    1.38974941 0.449897468 -0.581492662 0.233745635 -0.968270957
    1.84305263 0.978898942 0.692611992 0.693285227 0.353932679
    0.0729027987 0.19285202 0.575125277 1.77980125 -0.697253287
    -0.381947577 0.504908323 -0.0599046946 1.45687842 1.47117949
    2.36315584 0.448005199 -0.162284136 0.5268507 1.72786224 1.60610664
    0.905222118 -0.0114507079 0.623703659 0.987944543 1.2893306
    0.563564062 1.77415049 -0.19368279 1.59711695 1.68265593
    -0.542251945 -0.692668021 0.501728952 1.67515421 1.34439445
    0.295262694 0.440796614 1.70619678 0.599592209 -0.749574661
    0.416000307 -0.58335197 1.54687524 0.287743747 1.37825739
    -0.434511781 0.483694255 1.22507429 0.103636861 -0.844775558
    0.1895082 0.878498256 0.587503791 -0.895589828 -0.866088569
    0.930263579 1.64800143 -0.663547277 0.484603643 0.698782921
    -0.021630764 1.25793755 -0.468451321 0.983794093 1.02245009
    1.19189119 0.667765915 1.83902454 0.624659002 1.76652169
    -0.891934574 1.67726421 0.654136181 1.06132805 0.516008735
    1.44468009 1.213943 1.15994489 -0.185892761 0.86743331 0.943563819
    1.18910146 -0.434842676 -0.0202069879 0.794583857 -0.181717694
    1.85468996 1.66199517 -0.602618456 1.10821557 1.87917042
    -0.445593476 0.458621383 0.79225117 -0.24710685 -0.586604893
    -0.819957376 1.92442858 -0.195944846 1.06109548 -0.449791312
    0.714701772 1.035725 -0.65405333 1.59574759 -0.134135365 0.511958718
    0.324679673 0.177515805 -0.624568224 -0.660335124 -0.309844196
    0.710058868 0.236019015 0.77264756 1.62386405 -0.647025526
    1.70845068 1.84859657 -0.0210593343 1.07052171 0.527133107
    -0.339584529 -0.395141184 0.565981209 0.846914232 0.259572268
    -0.162227213 1.06561136 1.64727545 1.74984169 -0.27443707 1.71813822
    -0.212737083 -0.200411081 1.22287178 0.11390847 0.247031868
    1.3302896 1.84748435 0.0720219612 0.189784348 0.504958391
    0.583998144 0.934197962 0.981828332 0.563244879 -0.810314476
    1.15301812 1.74113417 0.293755651 1.39566088 0.0126985312
    -0.409487128 0.067920506 0.0967363715 -0.86782217 1.33481824
    0.896611154 1.254691 1.8472147 -0.553351879 1.25736463 0.500048637
    -0.0888363719 0.912342191 0.807819366 -0.352961123 1.80263567
    -0.523424745 -0.661191881 -0.0304639339 0.917684734 -0.487584025
    0.273659647 -0.469108522 0.481069505 -0.844382882 1.79184961
    0.163119674 1.632725 -0.0919312835 1.37286568 -0.788481355
    -0.669297338 0.700043559 0.683688164 1.53028226 -0.533282518
    -0.677749157 0.951539755 0.303799748 1.17387664 0.0530234575
    1.01288521 1.51997113 1.32057679 -0.595412493 0.529711246 1.0335393
    1.88849401 -0.493231803 -0.302393377 0.796336532 1.71035552
    0.787900388 1.48906589 0.900279284 1.37150049 1.2101779 -0.966414928
    0.427586913 0.853452623 -0.17060703 -0.481356949 0.116435289
    0.729690015 0.525421619 -0.211797893 -0.488499641 -0.00960248709
    -0.566611886 -0.446424514 0.694292724 1.94663787 1.7941153
    1.46505654 -0.711598873 -0.58409822 0.774640739 -0.502480209
    -0.891523361 -0.451014817 0.932606041 0.860197008 1.34647131
    -0.568309426 -0.551015615 1.28946567 -0.885715425 1.63555145
    1.58059239 1.5951854 0.116580546 0.728295863 1.09171224 0.623096406
    0.735226691 0.0133647323 0.340810239 1.66804421 0.428367853
    0.261077523 0.379718482 0.60266906 1.44504571 -0.507779002
    0.604441583 1.71016932 0.952524245 -0.180272579 -0.884381652
    0.206246972 -0.0533549786 0.981453717 1.57995749 -0.181692123
    -0.713290274 -0.181029856 0.900269687 0.0406147242 0.3306247
    0.755246878 0.517270029 1.30136061 1.85931385 -0.695478082
    0.436930358 -0.585951805 0.838513613 -0.201346695 -0.0990141034
    -0.119098425 0.981866777 0.303352058 1.64885044 -0.339509606
    -0.791181803 -0.627869368 1.76208854 -0.471820056 0.755124927
    0.784013033 1.30416393 0.00506186485 -0.638337016 0.377476692
    1.29317546 -0.837987185 -0.772234559 0.868228495 1.66054606
    0.22467947 -0.646594286 0.466725826 -0.467214167 0.194362521
    1.56492114 0.509363115 -0.441400468 0.6216892 -0.704004347
    -0.512439013 -0.0371749401 1.64466143 0.469802141 -0.720148802
    1.25109601 0.838362217 -0.559214592 0.200337708 -0.622993827
    -0.877384841 -0.360416114 0.764675319 -0.587956727 1.80213475
    -0.920954764 0.783211648 0.122934103 1.66445506 1.0991683
    0.227332354 -0.902250528 1.02929878 0.57126224 0.418986917
    1.60763907 1.63491166 -0.149060249 0.789816797 0.0944861174
    0.786263168 -0.818647742 -0.520368338 1.53075886 1.66942334
    0.00917214155 -0.443168551 -0.560436964 0.232988656 -0.197048247
    0.590391278 -0.789557874 0.293055773 0.817301691 0.55826664
    0.897929847 -0.547635317 1.31937242 -0.865989506 0.678466916
    1.73383904 0.540559351 1.39221096 0.797572196 -0.402513534
    1.62493658 0.374494612 -0.514324367 0.996131778 -0.591218114
    0.36619556 -0.854494512 0.952713966 1.41306269 -0.892716169
    -0.591038227 1.8413229 1.64557672 1.90704155 1.87633526 -0.443802178
    1.29285502 0.637258947 0.580802262 -0.036326468 -0.856784523
    -0.314853549 1.55822456 -0.155701101 0.72769773 1.49447751
    -0.300225079 1.31005979 0.0764626265 0.638160646 1.39933753
    0.96487397 0.332021952 1.72949052 1.13131547 0.838154197
    -0.318243086 -0.639466763 1.84380114 0.882979989 -0.799267352
    0.91249454 1.72433889 1.49058139 0.631907642 0.0766785145 1.4758029
    1.80640137 0.517540872 0.717708707 1.11908162 -0.138365746
    -0.921032369 1.79593825 1.12122738 0.44051218 1.77432609
    -0.258526325 -0.675337017 -0.504630566 0.575378418 0.420613289
    1.29462481 0.374453664 0.309326887 0.931992054 0.849993825
    1.60400975 1.48116887 0.772532582 1.87811911 0.695428848 0.74819994
    0.187822998 0.858860493 0.0110572577 1.91811991 -0.331946373
    -0.700621724 0.945867896 1.7261529 -0.0184835196 -0.42306602
    1.07564569 0.441461563 1.80610073 1.80076039 -0.747717977 1.15532172
    1.15952659 0.46287477 0.321786821 -0.766195178 0.535918295
    -0.227540076 1.52854204 -0.0719338059 -0.109427392 0.330458939
    -0.286642194 1.75570762 0.866706729 -0.853292227 1.88616931
    -0.630493641 1.75126839 -0.155753613 1.21165586 0.855883896
    -0.489022255 -0.180122674 0.695929527 -0.728900492 1.12318897
    0.0465627313 0.0342485309 1.2046243 -0.87416482 1.83510447
    0.335077703 1.7035352 1.01236224 0.877693713 -0.548561215
    -0.545294583 0.598091841 1.990641 -0.812853158 1.68149972
    -0.672786891 1.65012646 1.38983917 1.75751305 -0.524094164
    0.700340629 0.68458581 1.51838589 0.845767736 0.674716234 0.83284533
    0.835971713 1.28906024 1.65035236 1.42330384 1.43615198 -0.16205281
    1.00643587 -0.555710018 -0.846287072 0.631138504 1.10029316
    1.80208933 1.02032888 -0.231498599 -0.409183204 1.92031729
    0.172840297 1.9091754 1.74406767 0.275798231 -0.315356344
    -0.0117679834 1.38308084 -0.443080962 1.96508908 0.0602766871
    -0.114035368 0.2717309 -0.53214407 -0.679318309 -0.74458909
    1.85896087 -0.742332697 1.19427538 0.752052605 -0.557937384
    1.78626633 -0.85199964 -0.548678994 1.51382327 1.24261093 1.48022199
    0.18249917 -0.711674154 0.947624326 -0.752251565 1.25638092
    0.946892977 0.824993134 1.80887341 0.559895933 -0.061743319
    0.258783817 1.72616529 1.16052771 0.570440292 1.58088279
    -0.766557872 -0.791577458 0.0608552694 1.94767666 1.56696403
    0.472721338 -0.449759126 -0.352326989 1.01949835 -0.33371079
    1.79976749 -0.0735773444 0.455943286 -0.228600979 0.495046139
    1.66972065 0.146063983 -0.579446316 1.63358116 0.513879895
    0.847527683 0.971509159 -0.277790725 -0.976791143 1.49792981
    1.2253741 1.6362201 1.55411899 -0.842986822 1.21845627 -0.032473743
    -0.257893741 -0.539449573 -0.27965498 1.22541451 1.62003088
    -0.685276985 0.0575987101 -0.083699882 0.544285893 1.39068794
    1.71098065 0.337795317 1.6582247 0.935734451 -0.801602423
    -0.116133094 -0.440278679 0.519700825 0.066091001 0.00232213736
    -0.627236843 1.97096419 0.734642148 1.33049119 1.30829227
    0.824079514 -0.179281533 -0.40708974 0.0769194365 -0.874613106
    1.77007365 1.3495574 0.0927495956 0.305198193 1.02656555
    -0.643394411 1.81966376 0.908550739 0.851442456 1.6539346
    0.992853999 -0.427799344 -0.932290018 1.45195556 1.12280393
    -0.0371696353 0.952800333 0.801797509 -0.238838732 -0.630454123
    1.00394702 0.791029632 -0.00158125162 -0.360220432 -0.315623224
    1.6246016 0.650520027 1.62542772 0.00491756201 -0.602750897
    1.01526427 0.934888422 -0.485428035 1.62814844 1.17435241 1.11397552
    0.557341576 1.59232998 -0.597714424 0.991038442 -0.591637373
    -0.980074704 -0.513166487 0.207922876 -0.437152326 1.2554003
    0.0246086121 0.64322257 1.51638448 1.12532818 -0.493843794
    0.962688923 1.06402326 1.81063879 0.759719372 -0.13422972 1.81974435
    1.56292939 1.4256103 -0.794854403 0.211318791 -0.428880215 1.7970655
    1.32019377 0.94913435 0.510252357 1.06622708 -0.0628865361
    0.368002892 -0.858879387 0.000985980034 1.76470542 1.14614224
    -0.412841439 1.00861979 0.8810215 1.19558382 1.54836833 0.679851055
    0.523142338 -0.895039737 1.39000916 0.0923885107 0.663983941
    0.235272288 0.590484858 1.07821035 0.721291304 0.0985931158
    -0.754989922 1.77155542 -0.860156775 1.65436721 0.375374079
    0.56757772 0.853346586 0.21565944 0.451363146 1.22438836
    -0.476382375 1.83933496 0.864518285 -0.483525395 0.43131572
    -0.126107037 0.885523021 -0.0402626991 0.247674525 1.49182129
    1.22710299 -0.699308276 1.75347972 0.679326773 1.66320109
    0.346340358 0.751217902 0.394326985 0.865909398 1.24327254
    -0.861566663 0.445474088 0.840680122 1.77575707 -0.417149007
    0.440565705 0.840319812 -0.861331701 1.16107762 1.06462908
    1.41082573 1.8539387 1.22401655 -0.092445612 0.525658011 1.2723999
    -0.283436358 1.16973209 -0.544014394 -0.620037556 0.0314825773
    -0.461183906 1.5786252 1.70218468 -0.466557354 -0.663351357
    0.122797489 1.57815325 -0.338127375 0.420049608 -0.178000987
    0.754794359 1.37074184 -0.920773268 0.945530891 1.93916774
    0.890150189 0.296585679 1.26501775 1.99012339 0.0758426189
    0.018646419 0.380495429 -0.208414018 1.27339745 1.71143937
    -0.10192281 0.0867141485 -0.366216719 0.994213223 1.1591897
    -0.789496899 -0.698007405 -0.427695423 0.91119498 1.20067644
    0.76443851 1.29729307 -0.30368036 1.42216706 -0.812072039
    -0.662512183 0.647139072 1.81135416 1.46809936 0.954876065
    0.040270865 -0.126889229 0.976987422 -0.0011729002 -0.0222971439
    1.44654679 -0.436454356 0.695943594 0.502210498 0.38469243
    1.34007287 -0.704936266 0.484548211 -0.430795193 1.87727785
    0.460831702 -0.847291052 0.497702479 0.648106396 0.869047046
    -0.0338678956 -0.741791546 0.205521047 1.31207848 0.507947028
    -0.206724346 -0.845659256 0.234661281 0.0625328422 1.65531707
    -0.386768878 -0.631089509 1.57224536 -0.216817439 1.51893663
    1.29484713 -0.303692281 1.20680642 -0.488296568 0.932867885
    1.54224753 0.243867993 0.116671562 1.06249213 -0.585119486
    0.533900797 1.14189887 1.09397435 -0.647549808 0.93736583
    0.687291026 -0.27985853 1.42941046 0.35479188 0.746646345
    -0.184632361 1.35348606 1.6957674 1.45182192 1.39999151 1.32914543
    -0.709454775 1.34506893 -0.840118706 1.81824446 1.6838572
    0.536907852 0.194648743 -0.846936047 0.532135069 1.75932789
    0.458857059 1.37430477 0.292670131 0.153495669 1.17211068 1.59904873
    0.536087394 1.35649014 -0.109773993 0.74917388 0.556599021
    0.806227803 0.0804458261 -0.897466838 -0.763556778 1.77039099
    1.54185295 -0.414357901 -0.422460169 0.381204307 0.090072453
    1.23462057 -0.739369154 0.651439846 0.059355855 -0.0661604404
    -0.782264233 0.914802134 -0.760606647 0.0995383859 0.163935721
    0.999939799 1.54630041 1.51432264 -0.409374595 0.765176654
    1.26134133 1.33871436 1.86570811 -0.0571910739 1.86557758
    0.937483668 0.0843530297 1.70206678 -0.177875817 -0.89250952
    0.345280111 1.56424057 0.489627838 0.257487893 0.76445663 1.8552779
    0.695499897 0.306873083 -0.0385928154 -0.701415122 0.840307474
    -0.603793502 -0.709997654 -0.282564282 0.869217873 -0.590443492
    0.260747552 -0.460952699 1.33865809 1.47036517 0.932507038
    1.49383974 -0.881662726 0.0370423198 0.747721612 -0.800833166
    1.44762397 -0.626064777 0.567001224 0.608659387 1.51247597
    1.76981604 1.30391109 1.32752049 0.248539805 1.73378098 -0.903442621
    0.520985603 0.866142392 1.27790487 0.795376658 0.378620505
    1.81470847 0.0772916675 0.671474218 -0.156251669 0.66230911
    -0.554052472 1.64163709 -0.88670516 -0.802070141 1.19480562
    0.0167116523 1.81107926 -0.699285626 0.036970973 -0.389436901
    -0.702795386 1.61889601 0.865332544 0.498955131 1.60915434
    0.711258113 0.230538368 0.714278698 1.63707089 -0.885860682
    0.26955843 1.4486357 -0.667084098 0.0198172927 -0.197554529
    0.417424142 1.12207496 0.53868264 -0.599724352 1.49459076 1.58077121
    0.469668508 0.583232403 -0.85896939 -0.668918133 0.011577487
    -0.293006361 1.86345017 -0.986167431 0.490069985 1.70608842
    1.23402429 1.4920578 -0.017260313 1.74865294 1.81092465 1.58131349
    0.195525765 0.725069225 -0.333294809 0.706436634 -0.718031764
    -0.112066448 0.965156615 -0.713094532 0.496128261 1.4540174
    -0.870892525 0.71749717 -0.425718367 1.72093534 0.757502675
    1.97684002 2.28317738 -0.419575483 0.261197746 0.188235223
    1.52916718 0.650492907 1.55640686 1.46978664 -0.595545888 1.73732758
    1.05348599 0.0140941739 0.40413487 0.968931139 0.185649633
    1.16879749 0.908026636 1.84752917 -0.54936415 1.24536276 -0.32032162
    0.385249615 0.416209817 0.782687187 -0.275699973 0.126334071
    1.69359183 -0.729048252 -0.513932407 1.88193738 -0.699981451
    0.430400372 1.20206583 1.49544585 0.256944299 1.18019533 1.60231853
    1.69819677 -0.0126081109 -0.455665886 1.66115475 1.93279076
    1.30027175 1.62918925 -0.313023448 1.91313767 0.098320961 1.47172737
    0.218958437 1.80618596 1.91104984 0.854490697 0.83808583 0.114951491
    0.0285183191 1.70336986 0.0133302212 0.351856291 1.61277628
    -0.605593324 0.262555182 0.211693704 1.5373019 0.250558436
    -0.220360756 -0.929294229 -0.0679087639 1.76598787 1.06006002
    1.83802855 0.592068851 -0.824926317 -0.357259035 1.95823359
    -0.778147101 0.243146718 1.42444766 -0.247134626 1.23886192
    0.882345676 1.91376781 -0.843296349 1.426337 0.385708928 0.400459588
    0.45215106 -0.781190574 1.08828092 -0.574513674 0.21828407
    0.613319933 0.0713810921 0.308064938 0.719273746 -0.924976707
    0.0647419691 -0.633116961 1.98297477 0.8092013 0.690538764
    -0.654907346 1.86432648 1.74365902 0.533200502 1.17986882 1.25191605
    -0.986721873 0.657310963 0.705540895 0.223042369 0.187688172
    0.682352364 1.45635962 -0.352116168 1.75680089 0.911768079
    0.193937004 1.35168338 -0.817896843 -0.106756568 0.826952338
    0.809650958 1.13321972 0.0901907682 1.02244699 0.333146811
    -0.475555837 -0.246896744 0.317777872 -0.240359902 0.888433516
    -0.657825172 0.158857644 -0.589279532 0.668826103 -0.0908838511
    1.28673768 -0.838259459 0.797283888 -0.362954378 1.18406737
    1.14755917 1.46573114 -0.604380727 0.640285313 1.64215243
    -0.475598812 -0.962437332 1.7841897 0.253072917 -0.114462316
    0.797568917 0.370381713 -0.339752257 0.839407086 1.26669896
    -0.0625876784 1.65569711 0.223449707 1.10679984 0.311239719
    1.71471441 0.285949826 0.398143649 0.844231725 1.46302092
    -0.462681949 1.67665529 -0.334773839 0.289326787 1.41758323
    -0.501636505 1.49903345 0.241818368 1.15355563 -0.435622752
    0.503757715 -0.849162698 0.69188118 0.911180615 -0.591287017
    1.37254751 -0.796847224 0.300331235 0.851131797 0.806226134
    0.826241553 0.568076134 -0.456669748 1.23980999 0.592379332
    0.747338533 1.31937981 1.37838697 1.72639489 -0.900315046 1.40499997
    0.462106645 -0.059243381 0.690518081 1.94292843 -0.136498511
    1.06496191 0.336281002 -0.72549516 1.45182884 -0.305162907
    0.170070708 0.15983808 -0.120212793 0.4030267 1.76019931 0.830658078
    0.33357656 -0.640904963 0.345219076 -0.114676833 1.59408474
    1.57192945 -0.0409061909 0.487754762 -0.242798567 1.20916653
    0.614149272 1.16498494 -0.622128248 -0.17719084 0.131394148
    0.731762886 0.584988058 1.346331 0.190451384 0.265975595 1.42489254
    1.49977124 -0.354923546 -0.0920239687 1.59797025 -0.274394453
    0.111486912 0.0901925564 0.492922843 -0.535365701 0.404049635
    0.271615624 0.227873504 1.94232655 0.588754475 -0.363020718
    1.00457239 0.77652818 1.44474316 0.666676402 -0.032166183
    0.825885892 -0.466583848 -0.51865989 1.767169 2.08783293
    -0.0970740914 -0.758960366 0.0328150988 -0.545246482 1.12555182
    -0.93685317 0.31462878 0.986699045 0.987967432 -0.397077441
    0.450885177 -0.606783748 1.53023922 -0.888721526 0.115734637
    -0.211102486 0.256197155 1.08704221 -0.903044045 -0.623308897
    -0.366947949 0.863344073 1.56306434 0.780299544 -0.414733082
    1.1113236 -0.793323755 0.53707689 1.51175523 1.49192369 -0.739144325
    -0.918871999 1.68132639 0.852698565 -0.978712976 1.11834502
    0.376773357 0.333714366 1.73325634 0.80096221 -0.821063578
    1.16894889 -0.0405706763 0.660343885 1.78575873 1.52292013
    -0.711145699 -0.0865976214 1.75984812 0.0864505768 -0.631586552
    0.976773083 0.721736491 0.318794906 -0.10184586 1.08737302
    -0.757858753 1.48420894 0.0703519583 -0.71807456 -0.48509118
    -0.585397363 1.06357718 1.40329075 0.0476740599 1.05970407
    1.12562156 -0.774050117 1.9820354 -0.712698281 -0.0818504095
    0.576635122 -0.755818605 -0.619486094 0.58484292 -0.635456383
    0.0187146664 -0.459825873 0.453434467 1.19988775 0.412312686
    -0.590697348 1.09528756 0.732257545 -0.651219487 0.306428671
    0.603295147 -0.694738388 -0.513283432 1.34890056 1.77089608
    0.760392308 0.651470065 -0.467139184 1.34723949 1.70282912
    -0.771838069 1.59125757 -0.354909122 0.915114641 1.84661615
    -0.493673623 -0.378168523 -0.689734936 1.70667243 -0.217368662
    0.861860275 1.38135314 -0.856107235 1.41805816 -0.721620262
    1.46006107 1.88066435 -0.272084117 -0.757300138 0.167797446
    1.25962162 0.556251824 -0.0932390094 -0.867467761 1.75777125
    0.506708384 -0.560898304 0.00461477041 1.636621 0.562764108
    -0.25525862 1.19341111 0.735516191 1.00305629 1.71889293 0.62893641
    0.884755492 1.22755134 0.0302355289 -0.364612579 -0.543571472
    1.01825058 0.967198133 1.84035802 -0.270657957 -0.960998833
    0.426383853 1.73957634 1.93373537 0.0642107725 0.811561227
    0.0134543777 -0.110648036 1.27693868 0.270160794 1.68941081
    0.810082078 0.911152482 0.860157847 -0.192164004 1.70765531
    0.961849332 1.05747724 1.08251441 1.55309176 -0.907010555
    -0.765026033 0.0096898675 -0.387749732 1.17894506 -0.572438896
    0.778586984 0.298034728 0.272378087 0.896128595 -0.312050283
    1.40640509 0.190570712 0.994626164 0.94325006 -0.330363393
    0.153520703 1.59977078 0.994891882 0.775208175 1.42580223 0.37002027
    -0.0844556093 0.0714731812 1.7618736 0.411732614 1.36553442
    -0.420841396 1.08091736 1.75556564 -0.70401144 -0.521575332
    -0.79709208 1.11478543 1.38004827 0.332635522 -0.28335768
    -0.810260534 0.046384275 1.29505825 -0.879077792 0.4463588
    1.40521717 -0.482817888 -0.15991503 1.13041449 0.543538749
    1.71113729 -0.34603256 0.766144037 0.4096784 0.0493052602
    -0.402832001 -0.189876378 -0.16996038 0.525357902 0.722926915
    0.287620485 0.334386766 -0.0105332136 -0.85649085 0.404705882
    1.85601211 -0.627041161 1.31550217 0.236696243 -0.354999959
    0.873827338 -0.387791276 1.44596255 0.687402964 1.39985037
    -0.584365845 -1.00798059 0.402596116 -0.366070628 1.23959029
    0.77008462 1.41001296 0.174264014 1.17599773 1.26417994 -0.844884634
    -0.293533385 1.00742245 0.868724108 0.824061394 0.55764401
    0.511781871 -0.63737607 0.934504688 0.591305196 -0.496360868
    1.47345042 0.0282741785 -0.510500968 -0.515969157 -0.41078338
    1.89028502 1.49018192 -0.0217658281 1.47806728 1.39243877 1.66062284
    -0.992298424 1.23118722 1.52343225 0.720444798 0.090523839
    0.257235527 1.71964025 1.382092 0.610225499 0.532788634 0.0248356462
    0.396860838 1.70158172 -0.456644058 1.40239453 0.31979084 1.14074326
    -0.643605709 1.88170016 1.35173488 1.09176075 -0.640840769
    1.37392282 -0.763430119 1.51252067 -0.119748652 0.782629371
    0.507501364 -0.342460454 0.922122955 0.476542175 1.16276181
    -0.542209208 1.7209537 0.137345493 -0.945606053 0.775583327
    1.12163556 1.43097198 1.45510328 -0.13273865 -0.499492913
    0.0588436127 -0.434205651 0.333923399 1.57711554 1.03288651
    -0.707596064 -0.754108965 -0.610399365 1.45759034 0.834775388
    0.964910448 1.24547744 0.359552741 -0.376188278 0.496372342
    0.235521138 0.733880043 -0.345829964 2.02704811 0.498661816
    0.637716055 0.354442418 1.58723068 1.59279656 0.611028075
    0.588457167 1.45620584 1.87167978 -0.425317526 1.78186369 1.55444026
    0.701656878 0.667223632 1.10799372 -0.886450827 0.0350541472
    1.4305594 0.230900407 -0.954165041 1.42486882 0.882994652 0.4072721
    -0.0271911621 1.07245445 -0.206672966 -0.0992534757 0.239483654
    -0.902640402 0.307420552 1.37149191 1.1828233 0.80088985 1.00451434
    -0.567085147 1.08564377 1.23672032 0.269362271 1.55612397
    -0.716346025 -0.448643923 0.46508801 -0.148400426 -0.639952064
    1.38729715 0.043361783 0.971631467 0.380556881 -0.189700603
    -0.1319713 1.88306117 -0.296750307 1.13754082 0.829151928 1.58449173
    1.21835685 -0.771051049 -0.0987814069 -0.665417671 1.73242104
    -0.383836687 -0.385869861 -0.817254543 1.285344 -0.495722413
    0.630244851 0.996204376 -0.0911998749 1.22372746 0.160541654
    0.307727337 0.258001268 -0.286242127 0.361393452 -0.42517662
    -0.855115354 0.0245969296 0.0102041364 -0.763243496 0.717009604
    1.29235125 -0.732653499 0.526944876 1.55632567 1.39244354
    0.0504719019 -0.957016051 1.66965616 1.81977546 -0.285995007
    0.198028803 -0.867263138 -0.394905686 0.391349256 1.94172144
    -0.808550298 1.69946671 0.54960686 0.485406399 0.100496531
    0.528129637 0.159101665 -0.788560033 1.01430607 -0.0997151136
    -0.219512224 1.35403275 1.26841617 -0.226643145 1.16083241
    -0.674857855 -0.0969789028 -0.116637945 0.822802782 0.520959079
    -0.546189904 0.0722033978 1.80115747 -0.693871379 0.0755668283
    0.825446844 1.71890903 1.84825373 -0.533694863 -0.835549116
    0.971954644 -0.795036495 1.41810346 1.80434275 -0.0361551642
    1.39765859 1.46887898 1.06955278 1.05710554 0.223099351 0.970225036
    0.27375567 0.557683945 -0.804408491 -0.187344968 0.264418781
    1.20256615 0.552135527 1.76022637 0.0863061547 -0.480629593
    0.0505506992 1.10610795 0.24750483 -0.0754389167 1.63380396
    1.5684669 1.6217066 -0.211813271 0.0685127378 0.353088379
    -0.29683733 0.191520989 1.21828961 -0.657562137 1.64331698
    1.71265972 -0.214979708 0.753660798 1.12445152 -0.762956381
    1.40164292 1.11709881 -0.927227616 1.64352775 0.417892814 1.42261517
    0.817769289 -0.402393103 1.68420243 0.685328543 0.890500307
    1.60783482 -0.366680145 0.680702507 1.11095214 1.04936671
    -0.00939881802 0.486767769 -0.346431464 1.27662778 1.96024609
    -0.178989649 1.00184727 1.2854712 1.24348462 -0.898242652 1.15755093
    0.773115516 0.632542968 1.74492764 0.932973146 1.56827569
    -0.310869098 1.64863169 1.79063022 -0.74163115 1.92122841
    -0.20087868 1.05070949 0.193748474 0.490269244 0.0738931298
    1.01215291 0.0304096341 -0.333687842 0.257306576 -0.201511919
    -0.25111568 1.04152143 -0.591534972 1.06139588 1.8130666 1.8491466
    1.26888299 1.75428689 -0.423241496 -0.307038069 1.64311838
    0.22006619 -0.720576108 1.25471234 -0.469370186 0.0514748096
    0.69230479 0.595552027 -0.0974563956 0.36677599 1.25552654 1.6162653
    -0.673949361 1.01219714 -0.137687385 -0.107171118 1.85461962
    1.81847525 -0.148022115 0.229757249 -0.609329224 0.269168079
    0.547938287 -0.61427021 0.802797914 -0.903274596 0.814102173
    1.76567864 -0.0153099298 -0.573046923 -0.182645679 0.328390479
    -0.475135326 -0.0413300395 1.54065037 -0.815167487 1.30930161
    0.50282383 1.16807127 -0.526015401 -0.425922275 1.3149662 1.43695354
    1.25446773 -0.328382134 0.236216843 1.38018024 1.02946627
    0.650440395 1.9370048 -0.324300945 1.72103071 -0.486704797
    0.165064871 -0.364168406 1.08316493 -0.0124410391 -0.0151615143
    1.09130716 0.445326924 0.251946628 -0.30814755 0.233383596
    0.842486501 -0.586723328 0.202750802 1.48122478 0.515954733
    0.243769288 0.855168164 0.0616960526 -0.0110815763 1.09544516
    0.326143622 1.80412126 0.601236761 -0.32484901 -0.181097031
    -0.353766859 0.605017781 0.964090526 1.79590321 -0.853170276
    -0.117865443 1.79737055 1.13319612 0.206849873 0.636665821
    0.0693179369 1.45856786 -0.927800655 -0.521693587 0.929255247
    1.86013651 1.53533065 1.48113799 0.525598764 1.44200051 -0.44984287
    1.42782104 1.06899941 1.21774554 -0.0296209455 -0.88065362
    1.53813267 0.99599123 1.8327446 1.84636879 0.275721192 1.26173782
    -0.535021305 0.985225201 -0.806143403 0.964423776 0.814184666
    0.114078283 0.907339215 0.986008525 1.21207476 0.582430601
    0.501760721 1.51964378 -0.28228426 -0.126236379 1.45787334
    -0.801286817 -0.780181885 0.890791476 -0.00962883234 -0.430133134
    1.18667269 1.56071126 0.254005551 0.299259186 1.84180284 1.90530598
    -0.420557916 -0.85468626 1.7797606 -0.884579599 -0.569703996
    0.425068498 -0.463101864 -0.75728333 1.52028894 -0.592792809
    0.029810667 -0.339776933 0.223335087 -0.242598593 0.822548091
    1.39729166 -0.608047962 1.90786767 0.0373274088 1.15617561
    -0.413166851 -0.73971653 0.458041131 -0.195580661 1.09134567
    -0.115904152 1.06023097 0.00892585516 0.639758468 -0.888344169
    1.25147307 1.64319479 1.65222752 -0.599795938 -0.420329481
    -0.274712324 1.40375853 -0.321443439 -0.327437401 -0.0447098613
    1.73653364 -0.791518688 0.69273293 -0.740894973 1.60863924
    1.81608641 0.83366704 1.7780664 -0.300307095 1.45435452 -0.359698772
    0.628997743 -0.127918422 -0.308647871 0.168218076 0.8846367
    0.0228922367 0.38186276 1.50476289 -0.21332866 0.135722876
    0.0232795477 1.75417006 1.75978184 0.847683191 1.24609339
    0.571546316 0.165370107 0.825457394 -0.215423644 1.09801149
    -0.330583692 -0.914962411 0.38557291 1.25355053 1.06480265
    0.342556834 0.582388639 1.83587885 0.894213438 0.917455435
    0.436272889 -0.268339604 0.448825181 -0.0748996139 1.64378464
    -0.111149073 1.71710539 -0.36873436 0.502888799 1.33209801
    1.01968038 1.05456865 -0.812959433 1.15969324 -0.815021992
    0.0537102222 1.18317747 1.02558208 1.61946416 -0.656781197
    0.405427098 0.5159899 0.366790593 0.936951697 0.622413635 1.77450299
    0.985018492 -0.241882205 0.280674577 1.53130078 -0.226536512
    0.167919815 -0.450101495 0.922328591 0.714923859 1.56751323
    -0.0733674169 0.873801947 1.44668007 0.315952241 -0.31424588
    0.172125399 -0.538653255 -0.41980511 1.64229488 0.527538359
    0.322799742 -0.417821646 -0.00193029642 -0.183682799 -0.762493968
    -0.332817376 1.21422052 0.0981748104 1.15251088 -0.173182487
    1.33501959 0.786272883 1.4931035 0.8922894 -0.510875821 0.652359188
    -0.465827167 1.40871668 0.218018293 0.504514456 0.21803838
    0.0113161802 0.919104874 0.711799324 1.28256726 -0.218379617
    1.4351275 1.86911118 -0.597942173 1.39407897 0.749011636 1.48877215
    -0.0384417176 -0.758320928 0.436256707 -0.879264772 -0.473684341
    1.73064744 0.428328097 1.57057285 0.756733775 0.179426312
    -0.518554211 1.62349093 1.87985587 0.346273482 1.82306528 1.84540081
    0.082847178 -0.155532241 0.73682034 0.622949421 -0.00745582581
    0.555504382 -0.0308457613 1.0275104 0.941458106 1.54880786
    -0.412571371 -0.351195574 0.471324563 0.691052437 -0.0378804803
    0.785426199 -0.792803645 0.0873872042 -0.508552074 1.33298492
    -0.0567476749 0.72153604 1.04745328 -0.0439037085 -0.00424855947
    1.38207042 1.28768945 0.459706008 1.89894724 1.66846395 -0.266010821
    1.11119962 0.223323703 -0.65521872 1.6931386 0.724086285 1.13783896
    -0.498007357 1.01324141 -0.698755682 -0.337406695 0.389113307
    0.606027722 1.56130695 -0.634803891 1.84511876 0.312938452
    0.839024425 1.26102281 0.378686309 1.66831446 1.15203917 0.412622333
    -0.128716528 0.255859733 1.76655746 -0.416069359 0.51205349
    1.43982863 -0.390939951 -0.159807324 0.44404912 1.43113899
    -0.0528130531 0.708339572 1.57332575 1.82618988 1.42832947
    0.598663688 1.62010372 1.72598171 1.45133495 1.06283569 0.631191909
    -0.00386697054 0.627509296 1.52136588 0.137095213 0.198827326
    0.707056642 1.82396841 1.8723321 -0.538275957 -0.647724748
    1.37969697 1.85635293 1.09730315 0.976688147 -0.83820498
    -0.968686402 1.58429265 -0.538243175 0.852892518 0.346500158
    0.822926998 1.45613301 1.17909837 -0.333777905 -0.442846477
    0.975402892 1.53192663 -0.606396079 1.55312848 0.14899534
    0.307126343 -0.409258574 1.58518457 -0.0808187127 1.43399358
    1.09523022 1.74153113 1.06182957 -0.814269304 -0.508892417
    1.17531884 0.452761531 -0.313410759 1.31089568 -0.34092018
    1.50079131 1.9428618 -0.172145188 -0.433020949 1.47511435
    0.720009387 1.25997353 1.69774818 -0.702546597 -0.0819148421
    -0.17970866 0.318326235 1.92157221 1.11975503 0.443522334 0.25443542
    -0.883135438 1.2268157 0.819708467 0.499842405 0.0519365072
    -0.207445681 1.8179214 0.825985312 1.76318252 -0.79067564
    0.101661444 0.74860543 0.260540903 0.224863827 1.4036175
    -0.303424776 0.12995261 -0.644230723 1.57953334 -0.158617318
    1.3801403 -0.603256941 0.650073349 1.03413808 0.115800261
    -0.296283275 0.943524897 -0.414383888 0.744885087 -0.161097825
    1.95683026 1.57219672 -0.917390227 -0.66960597 -0.107630134
    0.208667874 -0.626676679 0.584265709 1.73054194 1.53798139
    -0.815713644 1.77630365 1.56192708 0.386086702 -0.813462436
    1.23172951 -0.289945304 1.4569304 -0.351394832 1.39865565
    0.539394379 0.863742232 0.441782713 -0.687662005 0.0764094591
    -0.149287045 0.750020504 1.31746054 -0.146522462 0.419906616
    0.0399550796 1.08779085 -0.336337507 0.509076357 1.82091594
    -0.342866004 -0.532103419 0.82668829 -0.598715723 0.351320684
    0.724185586 0.989585459 -0.0684856176 -0.327211678 1.04722917
    0.240291595 1.528615 1.28188562 1.38235688 -0.942934692 1.73319244
    1.96292949 -0.729340374 1.78066778 -0.933404803 1.26902854
    1.76947558 1.5424633 0.0373715758 0.854916155 0.448393643
    -0.372816443 1.42343926 1.12268949 1.55315208 1.00419593 0.188679695
    -0.424233913 1.53977704 -0.0379009247 0.227757514 -0.668057323
    1.39536691 -0.0792390704 -0.521633327 -0.591463327 0.187734187
    -0.29044956 1.96110439 1.54629254 -0.200749874 -0.250849247
    1.25093937 0.328140974 -0.50564909 0.423080802 1.30614948 1.22631943
    1.01252675 0.187056124 1.84209561 -0.93229574 1.61032832
    -0.329258382 -0.694016874 1.92017674 -0.161843777 1.63409483
    -0.0537947416 1.65988874 0.236990213 0.318427086 1.45753574
    1.20357609 1.55273163 0.678359866 1.14354396 -0.145332515
    0.266434133 -0.450925738 0.10452199 1.47393966 -0.153561294
    1.60891962 1.73290277 1.60463977 1.06361687 1.2904228 -0.46827364
    0.099661231 0.431640029 0.42858094 0.629732609 1.51267898
    -0.85640645 -0.518410861 1.63371694 1.26348221 -0.193652332
    0.737671018 -0.509610116 1.82483041 1.19036424 -0.732587337
    1.88453972 0.36018151 1.41151595 1.29217517 -0.858851671 0.738974214
    1.42552054 -0.0122128725 0.753821015 -0.830348909 1.94111729
    -0.782977223 0.101833344 0.138288021 -0.011146009 1.43415618
    1.0366621 1.0069387 0.486084104 1.15088284 0.0630371571 -0.522860408
    -0.688153744 0.806367278 0.0622262955 1.00529695 1.50155091
    0.20742321 0.808363259 -0.715391934 -0.712539017 0.0730788112
    -0.830786586 -0.653609633 0.589618564 0.999971986 -0.677072763
    -0.440495968 1.94662762 0.230039656 -0.0745969415 1.62129259
    0.732461214 1.43620431 1.19955111 0.997936845 -0.600984454
    1.81750035 0.394281149 1.15469205 1.74451995 0.507020473
    -0.821309686 -0.722006202 -0.582416773 0.932335556 0.8241449
    -0.703387082 -0.137683988 1.17687738 1.75795341 0.403812945
    1.89394426 -0.330026567 -0.286467791 -0.534047723 0.872645319
    -0.55802238 0.0362073779 0.865407884 1.82130003 -0.494491249
    0.329035461 0.642275214 -0.365186065 -0.159093082 1.1822077
    0.700099885 -0.842826068 -0.153140783 0.240816116 1.37165737
    0.158087492 1.41366637 0.93738997 0.761479855 0.555133224 1.36018753
    0.210334897 -0.930243254 0.0796468258 -0.223228693 1.7675482
    1.24785185 1.90809298 1.55241895 0.82985121 -0.512426436 0.388047576
    0.622088194 1.38538957 0.32665503 -0.175655484 1.81796515
    0.647546709 1.08369505 -0.29161793 1.94310904 -0.0816736817
    0.701110482 1.5412209 0.021298945 -0.21642977 1.5762378 -0.30805707
    0.722796023 -0.280000091 1.09650874 1.44674814 0.326589644
    0.0141218901 0.156380653 1.77758622 -0.648152947 0.602143466
    0.207543612 1.9154948 -0.590177894 0.764347672 0.539072156
    0.462566853 1.67766309 1.17775726 -0.707947016 -0.738880455
    0.235474169 0.139902294 -0.1749717 1.21714103 0.722489119
    -0.567007065 -0.634593964 -0.619595051 1.69777858 0.682578385
    -0.273263097 -0.241269529 -0.308087409 1.77277064 -0.489596426
    -0.566670418 0.507612646 -0.367272198 0.248535395 -0.29566431
    0.198399305 1.08999002 1.41533542 1.00654244 -0.732108593 1.70798278
    1.49718523 0.401912153 1.10517311 0.156920016 -0.981085002 1.6907686
    0.0138589144 1.77211165 1.1728487 0.441309452 -0.0971159339
    -0.0917810202 -0.506171048 0.364897728 0.825166345 -0.644953251
    0.521664917 1.88944411 -0.196543813 0.563442528 -0.875783801
    1.61008787 0.863251925 -0.0504629016 -0.547301769 0.466397166
    1.95775509 -0.398444474 -0.0359935164 -0.584706426 0.458412588
    0.313212335 -0.275609195 0.600138128 1.49688661 1.40229452
    0.208065271 -0.490299493 1.04033375 -0.905714691 1.22491241
    1.11958075 0.116219819 -0.793251991 0.893590569 0.468882203
    -0.43198657 -0.631364942 -0.713634074 -0.559213638 0.855021
    -0.441072047 -0.384953499 1.15825582 0.345508158 1.72069263
    1.37619412 -0.45902133 1.02361739 -0.902152896 0.46761775 1.27967286
    1.20180583 0.470098257 0.719659925 0.259159684 1.64338875
    -0.228582382 -0.686952293 -0.301217496 0.830010355 -0.0572893023
    0.821468711 0.897612214 1.87308109 -0.0166227818 -0.453955173
    -0.602455139 -0.164722621 1.22306943 -0.561431646 0.0780369043
    -0.219516397 1.14600694 0.591346622 0.786434531 1.54384482 1.6020956
    1.71804368 -0.925661087 1.25702417 1.24520087 1.49335587
    0.000566363335 -0.544634879 -0.763422728 -0.0702111721 0.497880876
    -0.233028471 -0.635730922 0.127942622 0.584821701 1.77396679
    0.444527805 -0.151585877 0.933416784 -0.515961528 -0.320967853
    0.69400239 0.0337269902 1.28877139 0.42614156 1.44296658
    -0.235691965 -0.865390718 0.73098743 -0.0993819833 0.344768047
    1.07749915 -0.593443751 1.56654477 0.448987246 0.740741193
    1.35986888 0.171573162 0.873273313 -0.598222375 2.05023789
    -0.492064238 -0.0326830745 -0.347565889 1.36199403 1.46078813
    -0.613141418 1.14027262 0.856219172 1.34613705 0.802565813
    1.00654042 1.64408457 1.62588894 -0.363267183 1.05377901 -0.1356498
    1.8308363 -0.00152873993 1.16962838 1.55044544 -0.634281039
    1.2454623 1.90284657 1.17968988 0.354933381 0.308376491 0.520582557
    -0.567481935 -0.555754244 0.315131485 -0.0308222175 -0.182081938
    0.226007938 0.484395266 1.4625839 1.58814323 -0.251840532
    -0.0292085409 0.820128381 0.879788637 -0.0407621264 -0.134716332
    0.210297525 0.58021158 1.60738099 0.113718271 0.516050279
    0.288463712 0.851269126 -0.427401781 1.06396306 1.4702518 1.35153079
    1.75085378 -0.474535108 1.86615705 0.765744627 -0.835822463
    1.75543571 -0.799339354 1.52742648 -0.505362511 -0.446964085
    0.093378365 1.78914535 -0.692509055 1.00938535 0.846894324
    -0.182757914 -0.271287024 -0.624738336 0.695008755 0.110397339
    1.83599424 0.599358857 0.997652531 0.0994637609 0.113434374
    1.19448912 -0.70272243 0.154164851 0.681103528 1.00504589
    0.685848236 0.926936746 0.153625011 0.268552423 0.475248873
    1.53593946 1.20238853 1.70700586 -0.282052338 0.428105235 1.6783936
    0.919464529 0.988677382 -0.182300627 0.713469148 0.288715124
    1.41437399 1.20808458 1.3649596 1.29061151 -0.773534596 1.52879238
    0.0663541555 0.626115978 1.73736465 1.17511737 -0.365035594
    0.852561235 -0.235309601 -0.11176765 2.09472466 -0.540831387
    -0.103767991 1.62684822 -0.557073474 0.234372079 -0.10026592
    0.17167449 1.24459004 -0.093824327 0.648687601 1.86572134
    -0.592089355 0.648850381 1.23013592 1.36291957 0.933542907
    1.59764695 0.186620951 1.14423692 0.302884459 0.676471114 1.65885794
    -0.658173323 -0.20576185 1.78141141 0.0450909138 0.969228983
    -0.539724171 1.06788564 0.791224599 0.84768647 -0.511521935
    -0.647784173 0.514281154 -0.221604586 1.93074489 0.837311924
    0.751222193 -0.288472116 -0.737808108 1.11085725 1.18209314
    -0.56975174 1.75991344 -0.851083219 1.54098034 0.219450772
    1.74165726 0.404236853 0.0114917159 -0.686740994 -0.573648989
    0.468976319 -0.538174987 -0.787931621 0.967779458 -0.825365424
    0.0683425665 1.48592854 -0.193333566 -0.397241771 -0.522825658
    1.7609334 -0.0627319217 -0.610880375 1.45880246 -0.255236924
    1.82074428 0.945388794 1.53871357 1.43936539 1.54608762 0.787525833
    0.55878073 -0.909259677 -0.713029623 -0.856068671 1.4203974
    1.16046631 1.0194205 -0.0868461728 0.985101104 0.923790932
    -0.255676806 0.0120936036 1.69044518 -0.50038439 1.06832051
    -0.399523675 1.54363477 1.21228182 -0.724277854 1.03570735 1.5730722
    1.86970699 1.24284983 -0.899403751 1.38103676 -0.814375758
    1.25287354 -0.143950582 1.11081278 0.855562568 0.289633751
    1.41476762 -0.310140133 1.1530329 0.972235084 0.723138452 1.73335063
    0.748824418 -0.88608551 -0.3232072 0.482033074 1.64934695
    -0.0879915357 1.70058846 1.49264562 -0.698739588 -0.0171908736
    0.672057748 0.898133159 1.41471195 1.96958423 0.0976809263
    0.325336277 -0.0944456458 1.32918549 -0.134366989 0.197398186
    1.38970697 0.349530041 1.34145379 -0.00613802671 -0.340865433
    -0.596037745 -0.0849006772 1.16376042 -0.254220486 -0.186250031
    -0.814729154 0.419857621 -0.521810174 2.04017544 -0.163459241
    0.312070251 -0.502692699 0.512654185 -0.185515702 -0.00716638565
    1.16734862 -0.504543126 0.045109272 1.71727383 -0.69784081
    -0.640017927 1.7076956 0.0992549658 0.27087307 1.17139292 1.69422257
    -0.000704288483 1.00871694 0.693839908 0.820350051 -0.0858287811
    1.12470663 -0.370996892 -0.322708726 0.659603179 0.515434563
    1.23641562 0.363474727 -0.0223058462 -0.409949034 0.67316699
    -0.0347720385 1.9233849 0.842005551 0.399101675 -0.561258674
    2.01853561 1.91604972 -0.493063688 1.63958526 1.77885604 0.542107761
    -0.861320317 -0.654716969 1.16255951 -0.905387223 0.904212236
    0.294253111 1.25674665 1.07294428 -0.691875994 -0.571960211
    1.2445879 0.164695323 0.800618052 1.94801617 0.669852793 0.930407286
    1.20283115 1.38278461 0.915577114 -0.720909894 -0.686733007
    -0.322676897 1.76187372 0.689754546 -0.0317651629 -0.450602621
    0.975602448 -0.892105758 1.06807756 -0.719206691 -0.163278222
    -0.817320824 0.908429563 0.964322329 1.33827329 0.224358499
    1.94971037 1.09710896 -0.0695691109 1.83147478 2.2615118 2.03173256
    1.70805049 1.66830575 -0.838126779 0.517290592 -0.680488169
    0.236055493 -0.893763602 0.468060136 0.90249753 0.447010994
    -0.0260353088 1.65365088 0.244232774 0.483781576 1.10404325
    -0.453883529 -0.164665997 1.32637715 1.51930785 0.351980567
    0.323388517 -0.320834726 -0.623700619 -0.229907393 1.69904089
    0.0953723192 0.289022446 0.55242151 -0.334304333 0.365406752
    1.7055881 1.49658191 0.361384213 1.24753857 1.29853761 0.243265629
    1.15257442 -0.0827521682 0.751500666 1.19077826 -0.789402008
    0.0671001673 1.12290025 -0.186555386 0.0708392859 0.588403583
    0.818554997 1.18001604 0.0530482531 -0.249839544 1.28281999
    1.63267875 0.0422495604 -0.879346371 -0.65248847 0.98438561
    1.08820105 -0.497059375 0.255583942 0.129374325 0.951029003
    1.49007905 1.28379524 -0.780898035 1.48477328 0.934422851 1.56342864
    1.53292084 1.56229472 1.91146278 0.300740659 1.61704731 1.27085447
    -0.127004921 -0.429099768 1.69724059 0.29812628 1.74081862
    0.624459267 1.53848386 1.48694801 0.57008642 0.303841949
    -0.597266555 0.445392907 1.30164814 1.80209911 0.510301411
    0.557486653 -0.849307179 1.86768413 1.68001902 0.0181742311
    1.60546827 -0.485186994 1.56117904 -0.74729383 -0.725545406
    -0.414076865 0.0487292409 -0.398631483 -0.363412976 1.65770221
    -0.42526716 -0.344077229 1.08902049 1.84806883 1.53053689
    -0.0977718234 -0.314765453 0.382304728 0.773437679 -0.59285903
    1.75995541 1.83228362 0.221991897 -0.950016856 -0.496816754
    1.55075669 0.811297178 -0.503831685 -0.272713542 -0.921419978
    0.0621597767 0.915512204 -0.327216864 1.38868749 1.80104733
    1.00123525 -0.0521304607 0.328795433 -0.937428117 1.6316905
    0.102077365 -0.511429191 1.77094591 -0.645671904 0.601885378
    1.34062529 0.189522326 0.921198785 -0.637031317 -0.919652641
    0.94281739 -0.439375579 -0.339322925 0.189729273 -0.119336665
    1.62559056 -0.496955037 1.32344365 1.34208322 1.48801231
    -0.612985194 -0.0287663937 1.3822484 1.26937699 -0.399710953
    -0.629098237 1.72273707 0.901665926 1.13503075 -0.375810504
    1.46168292 0.754585087 1.6936276 0.857489109 1.91361308
    -0.0463832021 0.661456466 0.238749921 1.55320323 -0.67546922
    -0.824269295 -0.183675408 1.03387809 0.34408623 1.20010924
    0.441610694 -0.257182181 -0.12007618 -0.596504807 1.44625449
    1.57800639 1.55934334 0.633322716 0.463209748 -0.063018918
    -0.374703526 0.296145439 -0.56411612 1.29483426 1.67912877
    1.10469294 1.3379941 0.536354542 -0.5524351 1.61999035 -0.0247240067
    0.973251104 0.88054961 1.70332444 0.672355354 -0.534015656
    -0.730025172 0.0288683176 -0.830028892 1.32384396 1.6052736
    -0.607800663 0.253304601 -0.68473804 1.3499856 0.705775082
    0.926324308 -0.497041404 0.745850921 1.11970901 -0.761657715
    -0.105791509 1.76966393 -0.815993607 -0.35733974 0.237362504
    0.331281841 1.1911422 -0.268077314 0.329878032 0.245321751
    -0.77548182 -0.394179046 0.704200029 1.48648 1.82830119 0.494400263
    1.56900167 0.04273808 1.85709178 -0.0151053667 1.03248727 1.43297553
    0.065025866 0.322178245 0.14855361 1.77284908 -0.970019639
    1.48174798 0.456726432 1.4598825 -0.295501113 -0.538415551
    -0.0402786732 -0.289698213 -0.153241277 0.780389488 1.77172613
    -0.715728462 0.622236729 1.41835952 1.79759336 -0.964188695
    1.79204798 -0.976639807 1.17327917 1.0312835 -0.577644587
    -0.0341260433 1.23568654 -0.986923933 -1.01717091 -0.780038714
    -0.261935413 0.972643912 1.38736796 1.41048706 -0.442906827
    0.363639653 0.0977636576 1.4878068 -0.6786533 -0.182739913 1.2320013
    0.125341058 0.156140924 -0.39939937 1.87646604 1.0392009 0.245599151
    1.40615082 0.27769053 0.264097333 1.86472523 1.61220038 -0.411792517
    -0.00827419758 0.431746125 0.27665782 -0.517669797 1.01568627
    1.27866232 1.86536765 1.18886447 0.707963824 -0.393446982 1.71555567
    1.64985752 0.779702544 -0.645635784 1.39700043 -0.214773595
    1.63067818 -0.622737527 1.36736476 1.84150553 0.540439963 1.08365321
    0.118710399 -0.646422803 0.907741129 -0.11315912 1.89748049
    0.572404385 -0.54816097 -0.892725646 0.195959091 -0.191053092
    -0.758669972 0.940996468 -0.277455389 -0.484717518 1.49441457
    -0.555818558 0.689993262 0.119765759 1.20087099 1.00467551
    0.560238421 1.53553486 0.721075535 1.64034975 -0.169410825
    0.593079805 0.430978537 0.920914412 0.280810595 0.474687338
    1.01102412 1.76682723 -0.202360153 -0.175783932 0.103556752
    0.976391912 -0.920311093 -0.709348142 0.0700614452 0.552897871
    0.980497718 0.974264979 0.600602329 0.3652457 0.222908616 1.06867599
    -0.653861642 1.49084079 0.999507546 -0.207393885 -0.101626575
    -0.333677292 -0.22889781 0.834755421 0.378225565 1.272609 1.4231317
    1.27342916 -0.223370314 1.38717031 0.592160344 -0.0974463224
    0.130548775 1.83343637 0.456975758 0.131228447 1.0284543 0.362573504
    1.37958252 -0.209522188 1.83154106 0.509970784 0.525892138
    1.48294032 -0.157781839 1.41381633 0.128664434 -0.00710248947
    -0.579262257 0.826831996 -0.297626972 1.96003366 1.45000029
    0.90173775 1.35361505 -0.276126802 -0.788362503 0.0308807492
    -0.332282186 1.98972237 -0.760247946 0.185447872 0.886207402
    1.45129895 -0.825994909 -0.0367010236 -0.562257409 1.52182829
    0.145142972 0.635319352 0.654374599 -0.580987155 0.417181313
    1.06435466 -0.0760949254 1.73794985 1.02233219 1.86174941
    -0.0986405611 0.477323115 0.39467454 -0.257202685 -0.131081998
    0.163010359 -0.0673075914 0.470935941 1.53345156 1.76728582
    0.934686899 0.355785251 0.262611151 0.347363591 0.519350886
    -0.178774714 -0.0520303249 -0.156064451 1.05568659 1.28398013
    -0.870697618 -0.581394196 1.84516907 1.22009516 -0.63693285
    0.221416354 1.47074378 -0.414944589 0.318873703 1.37306869
    0.563773036 0.731120944 -0.398898184 1.84894395 -0.777294397
    -0.619814932 0.396673679 -0.0434017777 0.256903291 0.233690619
    0.0167016387 -0.242857456 0.236820936 0.79960674 -0.0327743888
    -0.595723867 1.94002938 0.986787856 -0.274186492 0.778173983
    0.40971905 1.85205328 0.484252572 1.55381417 -0.634930968 1.60317445
    0.169516027 0.307829618 1.49891722 -0.452348143 0.0550445914
    1.56995213 0.896560431 -0.410853952 -0.0508999228 -0.390264541
    -0.72087729 0.342002332 0.901806295 -0.716232538 -0.189451218
    1.6518805 -0.370480537 0.63350755 1.76642084 -0.325487196
    0.503693342 -0.541912317 1.52773833 1.37614155 1.83039546 1.74640799
    1.24701703 -0.406839371 0.763822794 1.6593293 -0.255178601
    1.08247304 1.2579999 0.673730969 -0.634509206 0.744775951
    0.0585879087 0.55566144 1.21626055 1.8328886 0.231319308
    -0.585461497 1.56204855 1.04333127 1.39403248 1.38787818 1.24112165
    1.92146933 -0.473770857 0.120049536 -0.204515517 0.0886680484
    -0.0175433159 -0.717436552 0.181325197 1.30361795 1.81423354
    1.16368043 -0.425726146 -0.0407582521 -0.505937696 0.654816508
    1.41655111 0.967665792 0.928071558 1.35623884 0.901000142
    -0.255767345 1.55115938 -0.858780265 1.13246191 1.50468421
    -0.819748104 1.28205144 -0.303671539 -0.471774161 1.26961613
    -0.517955601 0.723060369 1.29167473 1.18949902 -0.773242712
    0.423037887 1.30728364 -0.418572187 0.400012434 -0.0562861562
    0.84855181 -0.540956855 1.53151023 0.949638724 1.70352864 1.40723419
    -0.178884089 0.889390349 -0.278129101 -0.78100431 0.82441169
    1.79332769 1.70262837 -0.229209185 -0.653325796 -0.0460519195
    -0.538443208 0.925098121 0.331128895 1.44540501 1.42596757
    -0.291288853 0.744102657 1.50712609 0.969518781 -0.86925137
    -0.80129385 -0.489032149 0.0113797188 1.6269747 -0.581842542
    0.319376349 1.78402638 0.915676355 1.11664724 -0.267047107
    -0.155832708 -0.0751579404 1.29546785 -0.728443146 -0.214846015
    0.96740365 -0.196693122 1.62519836 -0.857090831 0.59370774
    0.227373898 2.00270152 0.664186776 1.69145465 1.44193947
    -0.572783947 1.54744792 0.711093664 0.604406357 1.80402827
    -0.129522502 0.875348091 -0.462784588 0.981264234 -0.115066409
    -0.274998069 -0.633461475 1.08882797 0.571330547 0.379453301
    1.89458704 1.5296241 -0.838840604 1.56900895 -0.0672019124
    0.693009257 1.37138653 -0.779873788 0.989596844 -0.257565379
    1.53552711 1.06804395 0.587923288 1.20045614 1.36490226 0.482978106
    0.735763013 -0.212719381 -0.25399065 -0.571343184 0.271368086
    -0.2130813 1.1690135 -0.00129175186 -0.70993185 -0.240078628
    1.28873539 0.0336559415 -0.744587362 -0.479630649 0.519394517
    0.090826869 -0.35108459 -0.510377645 0.975404024 -0.248244047
    -0.219352305 1.92555046 1.94005084 0.38030237 0.449949563
    -0.554779649 -0.733307481 0.268980861 -0.199604213 1.44178295
    0.369275093 -0.49590981 1.76100171 1.59107399 0.0317639112
    -0.671106696 0.648826718 1.18179131 -0.116749167 0.0105065107
    1.42585683 1.13047636 1.25661671 0.0553333759 0.841510296 1.63820624
    1.53707504 -0.459927022 1.11411011 1.03285193 1.41894901 1.42590392
    0.50506258 0.00830888748 1.17980206 0.638703942 0.989795923
    0.107567787 0.500413775 0.824015856 1.57315946 -0.724471211
    0.127875268 0.0302723646 1.46431494 0.216773272 1.39426303
    1.04211569 -0.0598621964 0.320592105 -0.498427153 0.260950744
    0.778665662 -0.380016953 0.154635549 0.0164577365 1.49954581
    1.43778563 -0.0134990811 1.47091198 1.78224123 -0.359249413
    -0.162516892 -0.714034915 1.05638671 1.03931761 1.62500834
    -0.393204153 1.79722691 0.627161741 0.344572484 -0.29535085
    0.656535089 0.0961050987 -0.134599805 -0.617797911 -0.470262498
    1.0856111 -0.238693893 -0.241716146 1.3799957 1.79056036
    0.0588614345 -0.249144077 -0.688130617 1.84254229 -0.536862731
    -0.75096643 0.701652586 0.0307025909 1.23123229 1.90187645
    0.195451081 0.963501811 1.34058046 -0.0471040606 -0.238179058
    2.28157282 2.15993667 1.95185125 1.83084655 0.111790299 1.77106118
    1.28429437 -0.114997745 0.325052738 0.355744123 0.253038287
    0.304141641 1.01711321 0.167822242 1.63146698 0.282188654 1.38397598
    -0.0514922142 0.459874332 0.0529274344 -0.14981705 -0.220563054
    -0.559926033 -0.716229498 0.533811688 -0.246400416 -0.385224253
    1.74130106 0.389235735 -0.057315886 -0.530968368 1.72854555
    -0.114665449 -0.308547378 -0.587046385 0.224883199 1.24291229
    1.18410075 -0.841363847 0.458984375 1.51580358 0.107103765
    0.82132864 0.0719866753 -0.341998041 -0.858993173 0.0732306838
    0.000625431538 0.293328464 0.332740545 1.7832706 0.923503041
    1.70983994 0.765468061 0.136216819 1.54410803 -0.434710562
    0.732758939 -0.630770087 1.88026762 -0.0316986442 0.637240648
    0.248045206 0.229098618 0.314926386 0.374026954 -0.534750164
    -0.701789558 -0.753060222 1.92839885 1.40833688 -0.748362541
    1.03990901 0.990933299 1.71145439 1.16388142 0.386088252
    -0.737799108 0.144291699 -0.385973334 -0.217440844 1.57382059
    1.40327406 0.611643314 1.04794514 1.04477763 1.12958956 1.04121661
    -0.798466802 1.37367845 -0.44329232 1.1193701 0.656151533
    0.0871738195 1.0898782 0.419688582 0.613782883 1.23560297 0.25559634
    -0.31291759 -0.0219464898 1.91468549 1.81276274 0.23475194
    -0.192039788 -0.324513197 -0.140928388 1.506634 -0.606226921
    0.729375005 0.658750296 1.69505036 1.243855 -0.903139114 1.14619637
    0.878438711 1.03779507 -0.347402573 1.47939956 1.85078716
    0.351593375 0.88740617 1.5625453 1.28706503 0.544895649 0.0426309705
    0.182474673 0.491861999 0.790488362 -0.807370245 -0.352437735
    0.357630312 -0.0454238653 1.69533169 1.63170528 -0.552619219
    -0.653608561 1.53278637 -0.641775966 -0.282929897 0.898731291
    1.3300972 0.528315246 0.390675068 1.8273344 0.974558294 1.25871086
    1.5884335 1.49436188 -0.25834626 -0.357889473 1.07853043 0.936488748
    0.241370559 -0.529485703 0.575431705 0.66835922 1.1049614 1.06247568
    1.0911206 -0.74708885 1.2644521 0.5399611 -0.286511838 -0.298266709
    1.63066101 -0.886173725 -0.0590258241 0.810622394 -0.0621738434
    0.243885994 1.99722552 0.204523206 1.2632457 1.99708724 1.96508098
    -0.739492953 0.502261162 -0.516195893 -0.309951425 1.27334917
    -0.410057664 -0.844505668 1.1964345 0.838756323 1.56466353
    -0.196674168 0.919351339 -0.150808454 1.42406952 0.00664973259
    -0.707621098 1.22896647 0.611719012 1.89190674 -0.18781513
    -0.0579411983 1.81632578 1.34465742 0.316347361 1.08563721
    -0.770254731 0.674178123 1.21231043 1.15079713 -0.888020456
    0.716695845 0.368433237 1.76219583 1.05430079 0.00492978096
    0.0988124609 1.58754539 0.433242857 0.597215772 0.420296848
    0.057518363 0.821915269 1.62210751 0.888857126 1.45540905
    0.201554179 0.0423502922 1.18112576 1.43894911 0.0120829344
    0.759955287 1.08333921 0.254960775 0.222087145 -0.824514687
    -0.173357487 0.481212795 0.746794164 1.29273963 1.70911837
    -0.280630052 -0.536138117 1.86887288 -0.904394329 0.235150039
    1.49559951 0.530414164 0.144000113 1.69088936 -0.485126138
    1.64585662 0.790059566 1.54527533 1.3207171 0.639297485 -0.116861045
    -0.84071362 0.478124261 0.2356022 1.43002224 0.862983167 0.385648727
    1.65987515 0.943184495 1.84803569 -0.902976274 -0.800362229
    1.61530197 1.79880655 -0.862738907 0.772992134 -0.636198044
    -0.211527228 0.405979395 1.65370333 1.45472527 -0.658206284
    -0.374135673 1.05699611 0.276597559 0.685527205 1.81287479
    1.44645166 0.556596935 -0.278218985 0.577721179 1.38116193
    -0.601978183 0.128147721 0.10899812 1.07025111 0.572917163
    -0.38146168 -0.848006546 0.974523723 -0.664416552 0.754762292
    1.32565665 -0.722374678 -0.18104285 1.37235808 0.783909738
    1.06669462 0.666290939 0.388070703 0.0559952259 -0.501444936
    0.833481967 -0.698868275 -0.772635818 1.39451945 -0.972509384
    1.49522936 -0.445408821 0.47463423 1.42171037 -0.770866156
    1.69148815 -0.0439554453 0.130726755 0.888130188 1.78115535
    -0.1465379 0.024944067 1.17877293 0.496129155 -0.132008672
    1.72359085 1.46796489 -0.528016388 -0.49800241 2.00127649
    -0.429089278 0.121955574 -0.86992383 -0.0752314329 0.134936273
    1.78480422 0.282255888 -0.14409709 0.796056211 -0.372816861
    1.47623467 -0.155917406 1.07475066 1.26415467 1.08851528 0.773785353
    1.79086602 -0.970216572 -0.431439579 1.32505631 1.34016728
    1.13537204 1.68687463 -0.1431759 0.027810812 0.966980696 1.55828357
    1.73695695 1.69580483 -0.684235573 -0.0314674973 -0.534407198
    0.800542414 0.843828261 0.925202012 -0.893722057 0.0728974938
    -0.919492185 1.12210584 1.83754551 1.00826323 -0.404900849
    1.49763966 0.538971424 -0.840444386 1.10374534 1.48011863
    -0.108048975 -0.782753885 1.33966923 -0.732652724 1.27684212
    -0.803342462 0.295498729 1.70000648 0.171700478 -0.820960343
    -0.393123776 -0.368675172 0.735568404 -0.606658638 0.314965248
    1.78398216 0.189617634 1.10545444 0.124149323 -0.594267845
    1.59796691 1.92290545 -0.227359533 -0.121281922 0.64053601
    1.21274006 -0.0836080313 0.998937905 0.980405152 -0.523808122
    1.85139298 0.989095092 -0.317874789 2.02565265 -0.0132049918
    1.48894525 0.36042577 1.88212442 -0.662981391 1.52230191 1.90307486
    -0.0233585835 1.0440371 -0.115482807 0.94020164 -0.672246873
    -0.165121853 1.49430799 -0.00343221426 1.4157629 0.276787698
    0.131406188 -0.0610659122 0.111772001 0.499335885 -0.373240948
    -0.438570291 1.80855298 0.268071651 -0.364688933 -0.822353303
    0.858432949 1.57139552 -0.137145102 1.10216463 1.35417759 1.16121125
    0.386565328 0.854061246 -0.474160075 -0.280695975 -0.15354377
    -0.0985776782 0.296542943 -0.811165273 -0.464346051 1.3688693
    1.74288869 1.73261738 1.11842418 1.80842173 -0.758359253 0.720332861
    0.042188108 1.61697304 1.52072906 1.03154492 1.70649099 1.93910313
    1.87372291 -0.181458294 0.616799831 0.680105686 -0.732450664
    -0.734495223 -0.347195089 -0.30910629 0.52095139 0.361483216
    -0.466570467 -0.5889467 0.0965556502 -0.834393084 -0.913238525
    -0.194977462 1.48479772 -0.165617526 0.989425361 0.297877908
    -0.172113657 0.184814513 1.337906 1.02946591 0.891959369
    -0.232050836 -0.466834664 1.43995082 1.46685135 -0.0768887997
    0.656941414 0.638848603 1.56174779 1.03171253 0.764402926
    0.768104613 0.251615703 1.84876084 0.468685865 -0.368003786
    0.556669831 -0.659551024 0.309386849 1.03113377 -0.721653283
    -0.190300524 0.868074298 -0.609380126 0.578391731 0.855960071
    -0.400400162 1.37696433 0.0346040726 -0.623503447 1.32007396
    1.00303996 1.80343533 -0.995846033 0.587001324 -0.249951303
    -0.39276731 1.54819632 1.07040536 0.836976051 0.920065641
    -0.631076813 1.46553171 0.237909794 1.77118838 0.5024997
    -0.897112012 1.74022698 0.0254302025 -0.135050476 0.46768713
    0.591557741 1.55008936 0.803006113 0.459333479 -0.293127656
    1.35768986 0.442077637 1.7170409 -0.286464632 1.12128878 1.01298666
    1.54756999 0.994477928 1.57596564 -0.878684402 -0.397618294
    0.657946944 0.842952311 0.90866375 -0.169743717 -0.721354783
    1.23880696 1.15335202 1.1154902 1.74942112 0.0884748101 -0.152169347
    -0.158715367 0.117186666 1.67004168 1.83230424 0.549065351
    0.623080432 -0.737514257 1.58074737 0.649543822 1.74714375
    0.190457821 -0.57972753 0.859829366 0.212705195 1.4560616
    -0.237981558 0.0672984123 -0.350647748 -0.54229641 0.611285985
    0.0791208148 0.833853781 -0.301811814 1.87813473 0.324350536
    1.13778806 0.0512835979 1.73317003 1.58193564 0.658748269
    0.835218549 0.914867401 1.7787143 0.434045792 1.48321199 0.649806976
    1.16003895 0.722992897 -0.20318085 1.19462454 -0.580206633
    1.23479235 0.545441628 1.21093583 0.314851403 0.805477977
    -0.78220284 1.87985325 0.285466194 1.11122262 -0.210885763
    -0.3191787 -0.46673575 1.25221968 -0.275455475 0.739619613
    1.78119576 0.522497058 0.937247276 1.12373257 1.35580969 1.61996758
    1.33344853 -0.312173188 -0.115502775 1.02366543 -0.755106568
    1.77624452 0.669238925 -0.84963119 -0.671424747 -0.126621723
    1.0024724 0.149477184 0.535872579 -0.644123673 -0.0175709128
    0.0825792551 1.10734522 0.532118082 -0.0160181522 1.82707548
    -0.57136327 1.87724447 -0.536457598 1.38545632 1.87153292
    0.191680729 1.89101601 1.61746001 0.724254847 1.44761181 1.02994871
    0.874492466 -0.579804659 -0.0853472948 -0.326270163 0.190631568
    1.66287231 0.87754643 -0.164642215 -0.171744287 0.224123716
    0.00759935379 0.911339104 1.58643174 0.112978995 -0.407029212
    0.667417109 -0.426219612 1.78075039 0.601581275 0.265265107
    1.12869251 0.121545732 0.186476231 0.0782447457 -0.886693358
    -0.256924093 1.74549937 0.708040833 1.34433961 1.35819411 0.84091562
    1.711061 0.685046375 0.418950737 0.714269459 0.980392873
    -0.0364783406 1.0305872 0.719421268 0.713122129 1.27632189
    0.179352582 0.840742946 0.532036781 0.0846091509 1.4202472 1.325526
    1.35302627 0.304651141 0.0247090459 -0.930115283 -0.422890306
    1.65638125 0.306283534 -0.884260893 -0.982501805 1.25612199
    0.973763585 0.22815907 -0.74727428 1.55494142 -0.453495979
    -0.195317209 1.24662781 0.0236896873 -0.684634686 0.454687536
    1.12230158 0.530344427 -0.854671955 -0.595641732 -0.732403159
    1.56574857 1.86118042 0.939707398 0.128457248 1.68992758 1.60064983
    -0.153790891 0.411337793 0.57277751 1.01819992 0.603942752
    1.16242695 -0.225168347 -0.561708093 -0.296024263 0.243444026
    -0.891725779 1.62957788 1.20924973 0.103288531 0.694690228
    0.755326569 -0.253367782 1.76897931 1.76519656 -0.534555912
    1.6519624 -0.61913681 0.455042839 0.760196507 0.721940756
    -0.363583386 0.0787767172 0.667388558 1.15050745 1.58181691
    0.959794402 0.0525556803 2.16301966 0.147448003 -0.599929869
    1.20511591 1.07258546 0.525311232 1.66846466 0.383438945 1.58295059
    -0.0176368952 0.972030759 1.72044706 0.319988608 -0.962769687
    1.21393967 1.42211163 1.45776045 -0.691328228 0.870321691 1.58366585
    1.26842022 1.4080174 -0.735379398 0.580771089 1.00348902 1.27345753
    -0.579016805 1.59656417 0.356477559 0.209686339 1.94446564
    0.705142021 0.878328979 0.321468472 -0.0127990246 1.70489514
    0.0390356779 0.389945149 0.789910913 1.10575771 -0.387686789
    1.500139 1.49774861 -0.516385317 -0.0168074369 1.17957509 1.47284472
    0.469536543 -0.542903304 1.72491765 -0.145428777 1.26655102
    1.96560025 0.0805919766 1.06726956 -0.0563395023 -0.476816624
    -0.0822097063 0.194057941 0.151122808 0.853528976 0.969762146
    0.813441813 0.288988113 -0.875027537 1.3497678 1.10754359
    0.449278951 0.472694099 -0.185010791 0.000796794891 1.5088228
    -0.2627244 -0.117512763 1.52705193 -0.798027158 -0.578587294
    1.56567347 0.611485124 -0.285211384 1.14333749 -0.909400463
    -0.637900114 -0.720095217 1.49942446 -0.721973777 0.434304953
    0.499094605 -0.0380138755 -0.39513123 -0.784346342 1.82533646
    0.728322506 1.39280391 1.02549958 1.68573284 -0.803471565
    -0.618316293 1.56509364 0.396724582 1.68347454 1.15790737
    -0.323838294 0.0805950165 -0.228901088 -0.567676425 1.37093925
    -0.425581306 -0.610201061 1.32085419 -0.732233346 0.175098181
    0.709026575 -0.527502179 -0.51025027 1.15157032 0.939017534
    -0.579120874 -0.181594551 0.583206475 1.55927992 1.24712145
    0.876013517 0.0238394141 1.92953479 -0.727099419 0.0988481641
    -0.613886058 -0.258560717 1.83462787 1.43985987 1.89011014
    0.546956003 0.468673944 1.07125878 0.535956025 -0.854939938
    0.977021158 -0.436407179 -0.0939077735 0.514824033 -0.724750042
    1.60490894 -0.594388723 -0.609797001 -0.322700739 1.58815897
    0.857006788 -0.145217538 1.53738117 0.909582257 1.14965427
    -0.302604377 -0.840978265 0.210675836 -0.796685636 1.03572917
    0.0865608454 0.417920113 1.33664846 0.717528224 -0.100652754
    0.644049525 -0.220355093 1.61037135 0.848855317 1.31099951
    -0.309257567 1.16567945 0.571735144 0.578657925 0.169575691
    -0.035631597 0.0393000245 1.19466352 1.21220326 -0.0292607546
    0.76680398 0.222994387 1.38519049 0.0418968201 -0.746595025
    0.999544024 -0.452238441 0.624317706 -0.578416646 0.620937049
    0.350967944 0.232084394 1.805197 1.09233844 0.125438392 1.02457666
    -0.841825604 0.963293076 -0.544609547 -0.539911807 -0.853816986
    1.42276311 1.36206162 -0.347333968 -0.872083068 -0.0790586472
    -0.0690078735 0.110174775 1.82819581 -0.926810384 -0.169969559
    1.54845166 0.785464823 -0.40709281 1.9287107 -0.373450637
    -0.0727273822 1.74365807 -0.211335421 -0.516640961 0.621343613
    1.3920238 1.78945327 1.30791986 -0.0623711944 -0.520468116
    1.54545605 -0.43208158 1.87206841 -0.626971841 0.15038079
    0.404124916 -0.0575823188 1.64561379 -0.13645339 1.65202856
    1.34932375 1.10111868 1.14419484 -0.488459945 -0.789301634
    -0.853909135 -0.782552183 0.657070637 -0.629935324 -0.0843147635
    1.88587546 0.458939195 0.296747446 1.67381358 -0.733968914
    -0.787261009 1.67568302 0.328663945 0.783092082 1.19281602
    1.10355783 1.46870947 1.36810923 1.94129395 -0.517099738 1.71689844
    0.587397397 -0.498579502 1.16796803 -0.85488981 0.563732266
    1.64337003 0.588116884 0.147270799 1.74893785 0.501213431
    0.347928762 0.699159384 -0.241757691 -0.361183107 0.113569736
    -0.272363424 1.76689887 -0.801622748 0.319157302 1.33158779
    1.49287617 1.6037699 -0.888330162 1.73232782 -0.0222559571
    -0.422595829 -0.455293 1.3473953 0.376022518 0.65046978 0.0994024277
    0.689090192 -0.710580826 0.306866825 0.711000979 -0.10852164
    -0.195062876 0.453233182 1.49831128 1.39596462 1.86813045
    -0.798537672 0.369062662 1.56576884 1.49358749 -0.419831097
    0.317389131 -0.140589416 -0.19618237 0.671376526 -0.653240263
    1.97669673 -0.0368488431 1.49896717 0.143184781 1.73438478
    1.36934757 1.3743242 -0.43024686 0.260581851 0.373650312
    0.00959187746 -0.618849754 0.251877844 1.52188683 1.66396677
    1.29161334 -0.590162635 1.1232996 0.708812475 1.86661565
    -0.548532128 1.11120379 0.250823975 1.07779896 1.69116664 1.71042347
    0.0554182529 0.535570741 -0.181999326 0.175101101 1.56562781
    1.04409397 -0.732164264 0.224182248 1.34251428 0.724745274
    1.39110804 0.670081735 1.41861391 0.514461994 1.63656259 0.942276478
    1.13178682 0.387343466 -0.1057899 0.807598531 -0.492232919
    0.782282293 0.44773984 0.529823482 -0.0238136053 1.61977386
    0.820301235 1.8544091 1.57633972 -0.939698875 1.84144902 0.7746768
    0.617330551 1.6577214 1.23798764 0.833579898 0.680418253 1.6249516
    0.13709414 -0.224652112 -0.779069066 -0.812439382 1.00281549
    0.63599962 0.11885941 -0.00903403759 1.91707516 1.43268704
    1.38295031 1.73235106 1.44260526 -0.311449289 0.113639832
    0.663871467 0.810224175 0.203466058 1.87765539 1.6377666
    -0.541628122 -0.633752704 1.01554346 0.038453877 -0.811238289
    1.16374278 0.461060524 1.82411385 0.790321708 -0.00114512444
    -0.730655909 0.903918207 -0.80665338 0.836179852 0.538248897
    -0.39709565 0.310114861 -0.700926125 1.89810586 1.52436829
    1.91926873 -0.779367566 -0.834199309 1.35384989 -0.324180424
    -0.110795319 1.09260404 -0.159816504 0.346274316 1.90919781
    0.953638554 1.43411863 1.31653225 -0.842482328 -0.247885823
    1.79052234 -0.354746699 -0.706663489 -0.781314492 -0.318820357
    1.659693 0.458578408 0.853701949 -0.0342971683 -0.171587884
    0.900203466 0.837047338 0.320544183 -0.688890755 -0.148107052
    1.11539698 0.480582595 0.521117926 1.06279111 -0.373863876
    0.339553654 0.531242609 0.979222655 0.306178987 -0.35443002
    1.24000883 0.247770905 0.596767187 1.73031449 1.26719844 1.73885417
    -0.239893854 -0.345117092 -0.505677938 1.69788551 -0.42528522
    1.68332767 1.42224121 0.556983173 0.908938646 -0.59219563
    0.0770055056 1.77108073 0.860374987 1.25257266 0.469195366
    1.74184358 0.619216084 -0.424278796 0.446013212 -0.435694516
    0.246093392 1.68803394 -0.821718335 1.58169103 1.37968516
    -0.515921175 0.564374804 1.80578041 0.149340272 0.295639515
    1.44199753 -0.383414626 1.50815558 0.147319019 0.0805628896
    -0.584172964 1.69054413 -0.782538235 -0.607491851 1.0941298
    1.58389807 -0.764990985 0.908083677 0.245357811 0.752946198
    0.558840454 1.0456903 -0.536455154 0.243837595 -0.378689587
    2.00851464 1.02748895 -0.329585552 0.337994635 1.64741004
    -0.0092215538 0.731332421 1.64254153 0.0461503267 1.39476192
    0.118594527 1.54845142 -0.126457989 0.42629087 -0.618501663
    1.51154971 1.78774452 1.42343199 -0.700198412 1.01460457 0.244689763
    -0.240757465 0.388035476 1.06377006 1.13068914 1.68783748 1.48535919
    0.0180732012 -0.713814378 1.9093883 0.0257652402 0.348308265
    -0.70760417 -0.391196191 -0.580529928 0.631351829 -0.0924155712
    1.10265708 0.536371768 -0.768624723 0.111467957 0.576550424
    1.71530831 -0.869614005 -0.286858559 -0.155450463 1.45602012
    -0.00378489494 1.66756535 1.60429227 1.18190241 0.265036225
    0.382696807 -0.0148557425 0.172302008 -0.84581691 0.416948259
    -0.618127882 0.892101705 -0.825133145 -0.162066877 0.952567637
    0.828056931 -0.456090599 1.45432425 0.693933427 -0.649914086
    -0.184996128 0.265495062 -0.11039269 0.70804441 0.963997722
    -0.822739184 -0.75285089 1.5753212 1.39111125 -0.146722913
    -0.840539634 1.55308354 0.242171407 1.76089895 0.263319135
    -0.19553113 -0.725667238 -0.619844854 -0.810625076 0.121043205
    0.0872151852 0.632293701 0.919064581 1.72440803 -0.940496385
    -0.6451056 -0.43373096 -0.475784183 1.69470358 1.74953306
    0.549750566 0.202468753 1.92823219 1.96917737 1.46687174
    -0.626913965 -0.205278337 -0.689725399 1.81541681 -0.586654425
    -0.50300169 1.70634103 -0.353455901 1.43540716 -0.895238101
    -0.704114735 0.107246995 1.16236806 1.12172902 1.3753103 0.709136724
    0.923591375 0.559032738 -0.705861449 0.706264496 0.885481834
    0.666485965 0.215005636 0.450018883 0.739983082 -0.682044983
    -0.414831966 -0.108837187 0.51921016 1.11385036 0.441836894
    0.185522139 0.758585632 -0.374432981 0.249985218 0.154998362
    -0.133440256 -0.215594649 0.373670042 0.604084909 1.33102846
    -0.21721065 1.65267873 0.577258408 0.546617448 1.36788583
    -0.873024762 -0.681094646 0.018121779 1.25344253 -0.421914339
    -0.535825372 1.07859159 1.63777804 0.427209258 0.540000737
    -0.687684953 0.288084388 0.504253626 1.30210638 0.915901303
    0.377977431 1.28180265 -0.170253575 0.0399570465 0.133265674
    1.74159479 -0.102861643 0.729107797 -0.672289193 -0.111181915
    0.84370023 0.526880741 0.458681047 0.0724235773 1.15417862
    -0.257835031 1.8322506 0.776006877 -0.675959229 0.45493865
    -0.855617702 -0.832004786 -0.214457572 1.36856699 1.63836002
    1.58630514 0.747283101 1.48249602 1.31692874 0.310667276 0.41469276
    -0.430470884 -0.498277932 -0.686113 1.63960516 -0.687549055
    -0.875063479 -0.558598876 1.39593518 -0.0213426352 1.56995451
    1.62360811 0.32744658 1.28585315 0.341132879 1.05270898 -0.958120406
    0.661271453 1.35929561 0.380619049 1.13819909 -0.230285525
    0.710822225 -0.64353025 1.11305189 -0.832438648 1.83161759
    1.91350293 -0.878722966 -0.522039056 0.966676414 1.97247517
    0.314433813 1.12556899 0.32264787 -0.224171996 0.0417001843
    -0.539847374 1.78347087 1.82557833 0.552158535 1.67443299
    -0.542456985 1.28053486 0.0869418383 -0.202883124 0.612643659
    -0.796447098 0.111485898 -0.285033524 0.207729161 1.62521386
    -0.409635663 0.858181179 -0.411703587 -0.910850346 1.17195415
    -0.530626178 1.37624753 1.67899179 0.0134122372 1.22522879
    1.06717896 -0.555400848 -0.294094563 1.46370983 -0.504941106
    1.27142692 1.08404434 0.994779825 0.368662 0.1518327 1.68411434
    1.12985659 1.66010141 -0.997493267 1.83216643 -0.977545321
    1.39426887 0.0593072176 1.15549707 1.52990806 1.67811012 0.356762767
    0.204190314 0.243428528 -0.421142995 0.332151949 0.764201701
    -0.330444396 -0.237559319 -0.464474916 1.76660669 1.25055051
    -0.361458033 1.78271115 1.15469527 1.80622804 0.607688308 0.26682055
    -0.00126224756 -0.468228847 0.731697679 -0.123332143 0.631924272
    -0.389652193 -0.560124159 0.818165898 -0.110810518 1.54856658
    -0.470240861 0.795894742 0.0109740496 0.608495891 0.231789351
    0.981383801 -0.470572859 -0.248188317 0.0212338567 -0.28170079
    -0.421064973 1.17092705 -0.0844768882 0.59996748 -0.0191848874
    -0.24493289 0.0714005828 0.753324151 0.730401397 1.39549494
    1.85799074 -0.340181887 1.48437572 0.202777386 -0.368373036
    1.49883056 1.62400079 1.55516934 0.518244505 1.31058466 1.65547049
    -0.327020466 1.21134996 1.03021479 -0.838373601 0.486637652
    -0.777980983 -0.0164403319 0.797038257 0.584811628 0.0666856766
    -0.348411143 1.30531847 1.28213239 0.0250816941 0.50349772
    1.29330945 -0.209750414 1.60884285 0.794209719 -0.496038884
    -0.277168214 -0.277447164 0.259208024 -0.604168475 -0.648687243
    0.690586448 1.86294556 -0.623330772 0.142006755 1.61383128
    -0.00924038887 1.66031122 -0.873749495 1.92045307 1.15230632
    1.23417664 1.82896376 -0.357025981 -0.826336265 -0.425563872
    1.14313281 0.428108513 -0.309293091 1.22913134 -0.0181073546
    0.632926404 -0.561512947 0.170083821 1.27535772 -0.722271562
    1.60300088 -0.124912024 0.061881423 0.426203847 -0.351206839
    1.27615309 -0.370220065 1.09875393 0.739795923 1.63365102
    -0.816593468 -0.0322677493 -0.143797994 1.7919991 0.868927121
    0.64723891 0.574014425 -0.520775497 0.12482214 0.182984173
    0.548320889 -0.669085264 1.73997474 -0.779512584 1.43136263
    -0.21232295 1.5402534 1.64463508 0.338297665 0.0345823169
    -0.442478836 0.0683682561 1.47996986 -0.8140558 0.536559522
    0.66147244 1.40642881 0.116886258 -0.167198837 -0.472882569
    -0.362303674 1.73155689 1.37270141 -0.253083646 0.765900016
    1.64288735 -0.294257045 -0.528051019 0.44505918 1.20256138
    0.235330164 -0.432164103 0.292649448 -0.834165633 1.93181682
    -0.875295341 1.12814355 0.704212546 0.420868814 -0.585600257
    -0.713115215 0.728140235 -0.419581711 1.49678469 1.48423791
    0.688703775 1.72114575 0.758724093 1.58492005 0.739978313 1.23484492
    -0.791118801 1.65687263 1.61651182 0.614752769 -0.00130331516
    -0.670554578 0.960381269 1.72747982 0.540865779 0.395659328
    -0.218298256 0.883064985 0.15928483 -0.610009015 1.5504812
    1.64599943 -0.240786374 -0.501407504 1.10917783 -0.875077963
    0.390252888 0.26315397 -0.895029724 -0.292412639 1.31519318
    0.387394905 0.283517897 1.11401629 0.822315574 0.197919488
    1.13758969 -0.204287052 1.06123328 0.781148136 1.57053304
    -0.953646719 1.03999233 0.700960875 -0.60490489 1.14414549
    -0.678647161 -0.365951777 1.68999493 1.85278249 1.07554889
    0.346558452 1.45517147 -0.69790715 -0.62853241 -0.421433985
    1.0132823 -0.0281146765 1.31005037 -0.91615653 -0.0422850847
    0.10776788 1.14870739 0.768816411 0.492550373 -0.379605114
    0.499863207 1.90515995 -0.892901659 1.48907125 -0.253736794
    0.989453197 1.34355116 0.725000978 -0.994665325 0.949049711
    -0.313147485 -0.4742136 0.185753942 0.512524784 -0.0833095908
    1.42335606 -0.339053214 0.585991561 -0.132901073 -0.775444686
    -0.482608825 0.087646544 -0.838064492 0.598584354 -0.269494057
    0.997450769 -0.729563951 -0.623369455 -0.352159441 -0.670083225
    -0.290444076 1.17844653 1.20704508 -0.531511724 0.985411942
    0.422438443 0.682181299 -0.383904278 0.0174470544 1.0472579
    0.950347304 -0.262711883 -0.197178662 0.421765685 0.280433595
    1.67907 -0.806335747 0.137296736 1.94905806 0.957682967 1.38288128
    0.110626101 1.49006772 1.27006865 -0.465273082 1.56242883
    -0.495649248 -0.734449208 1.36923492 -0.845545888 0.323732615
    -0.576482713 1.39586484 1.45989776 1.25319386 1.43712997 1.52242148
    -0.866155326 0.714768767 1.76117742 -0.397912562 -0.557573974
    0.604439616 -0.605880916 1.63084674 1.32227349 1.32168818
    0.280363798 -0.300990641 -0.44160682 1.39514506 0.0889028311
    0.156992555 1.1178205 -0.668790936 1.18273926 0.742408574
    0.0281505585 1.31869531 -0.393558264 1.41080642 -0.429679155
    -0.603330374 -0.898713052 -0.477505505 0.958443999 0.230567276
    0.172242939 0.781089425 0.0901361704 0.608953416 -0.136204541
    -0.604672849 -0.004129529 -0.34660688 1.01767516 0.338486075
    -0.84794569 0.682438791 0.634535611 1.18732643 0.246486425
    1.84411216 -0.264821708 1.00568211 0.26552397 1.31295872 0.592154741
    0.538138986 1.11386061 1.90628111 1.13500762 -0.866682649
    -0.0948802829 -0.0810036659 1.58522069 0.537272871 0.589453936
    0.344365895 0.616417766 -0.302077949 -0.624662995 0.975215495
    0.176299453 0.58184427 0.218104184 1.05396605 -0.216570139
    -0.748574793 -0.331177473 0.313078165 -0.32685554 -0.0878740549
    1.63715792 -0.626533568 1.66188669 1.79685307 0.771701694
    -0.552315056 0.546257377 1.75992203 -0.873467088 0.923324943
    1.69137251 0.207242131 1.60768461 -0.633329272 0.621196806
    -0.17007041 -0.534843087 1.84480119 0.913710833 -0.0221833587
    0.175771058 -0.422048181 1.94373524 1.82033455 1.02588534
    -0.296173215 -0.0182824135 -0.564970613 0.620322347 0.710029125
    0.375519693 1.37249005 0.68792212 0.962692261 1.85097265 0.696454823
    0.105453849 1.62980819 -0.0740526915 2.00321531 -0.462372094
    -0.760943651 0.517569542 0.19853133 -0.811284125 1.14947391
    0.434978604 -0.402156711 -0.344484806 0.601158142 0.0278995037
    -0.105010569 0.167081356 1.34838116 0.111209154 1.44095075
    1.49489033 0.330229878 0.0967777967 0.398720264 0.0933291912
    1.69379532 1.08259821 0.177112341 1.27401352 -0.223581195
    -0.0273426771 0.549812078 0.799804091 -0.71428144 -0.348588288
    1.34672451 0.129820168 0.654916406 0.293145657 -0.82204181
    1.47633958 0.335609376 -0.604383349 -0.0811802149 -0.180747032
    -0.0217761993 0.188950419 0.281435251 -0.0840182304 -0.162095249
    0.62487334 0.835268855 0.11354965 -0.364384174 1.85195875
    -0.879405141 1.1442349 1.55640268 1.86370552 1.35787439 0.287275314
    1.60252321 0.210545182 0.761870265 1.25678968 1.09178162
    -0.136054873 1.04629493 1.48083997 1.27116275 1.61841667 1.52221763
    -0.0557841659 -0.208080888 0.269213855 2.04653788 0.0886006355
    -0.679023683 -0.593011022 -0.69304496 -0.184568882 -0.319249809
    1.3262552 0.294593811 0.436851263 0.12052834 -0.17653662 1.84307849
    0.844914556 1.14113784 -0.701100647 -0.409682691 1.67156982
    0.836021066 -0.331109285 0.703835905 1.54207945 1.67312193
    1.28066909 -0.769475937 1.37841225 1.12941015 0.192672133
    0.737874508 -0.253214061 -0.768598616 1.19578528 -0.3545008
    0.167260289 0.897575676 0.603050292 1.72205579 -0.314608157
    -0.509393156 1.85833621 -0.61839962 1.15003037 1.41842246 2.00699997
    -0.103563488 0.429694891 -0.237499595 0.326592743 1.95308185
    -0.834146738 1.46833897 0.569476128 1.34404564 0.044131577
    1.49324286 1.01400018 0.0834988356 1.50094438 1.56685853 1.28025532
    1.29240799 0.876590788 0.306423843 0.514931858 1.34966516
    -0.391985536 -0.372494936 -0.240424156 1.42112768 0.0367828012
    1.19151044 -0.0512794852 1.2209419 1.4998194 -0.422898769 1.52734303
    -0.620868504 1.12890959 0.455927849 1.4471612 1.40667677 0.180706143
    0.939863741 -0.892942548 1.86659503 0.121369421 0.627981305
    -0.499502838 1.36010551 0.661126971 -0.0407842398 0.826686978
    1.31008148 0.0675067306 0.710896313 0.367619872 -0.729184508
    1.95058978 1.20644999 0.233637094 -0.100071073 -0.672753513
    0.392970443 -0.0959684849 -0.00753498077 0.623072445 1.87536192
    1.95598292 0.0127931237 -0.459166735 -0.417884052 0.150934041
    -0.301181257 1.27142513 0.404592156 0.918084264 1.98977971
    -0.404782176 -0.394776821 1.20399797 0.506732881 -0.20182097
    0.118943036 0.350872278 1.47965944 1.55399323 1.76680458 1.85291648
    0.601259351 1.71803653 0.650390446 -0.801749885 1.38350797
    -0.658291101 0.0589796901 1.263026 1.41190755 0.0633515716
    0.314052999 1.24506545 -0.0336373448 0.406949222 -0.550354242
    -0.637542307 0.244282842 0.511326015 1.38570023 -0.0868871808
    0.780487776 0.272023857 -0.883740664 1.45198882 0.282742381
    1.57722163 1.3104198 1.45587671 1.43071961 -0.631419063 -0.840156078
    1.57733011 -0.787663043 1.0357585 -0.651183546 -0.845842302
    1.0483582 0.548091114 1.4773649 1.57614851 -0.671873271
    -0.0866911411 0.270713806 -0.483383924 1.5834434 -0.184583008
    1.94062078 -0.285020828 0.946372747 -0.79265976 1.4790442 1.581249
    -0.931777298 -0.646912694 1.23592663 0.786793411 1.88285732
    0.157143652 1.22250402 0.472530246 0.0270207524 0.734127343
    1.02177358 1.09623897 1.53650951 0.669463754 1.59837317 0.379099727
    1.23238039 -0.596300185 1.43223798 0.910096526 1.10551929
    0.574619412 0.664970875 0.783590317 0.799950838 0.0541514158
    0.522755027 0.935594201 1.23852658 1.30383873 -0.406296194
    -0.0696510077 1.51205528 1.3039304 0.410359859 1.58023107 1.44652867
    0.239309371 1.90359712 0.235197723 1.54970205 0.260162115
    0.866356671 -0.379942715 -0.586490989 1.2863071 1.57776928
    0.617334306 0.698730767 0.182736993 -0.771381378 0.473166168
    1.78570056 0.834145546 0.0243840218 1.63728857 -0.43931514
    1.16227984 1.24716055 0.171311617 1.29642379 -0.306228876
    0.840777755 0.746507406 1.19832325 1.6953969 -0.0716775656
    1.82923603 0.573120713 -0.319980145 1.45528877 1.19665074
    -0.475285262 1.26812947 -0.437762469 -0.466224045 1.22332609
    1.0865469 1.50093961 1.12638259 1.16434431 1.33741629 0.982072711
    -0.0101143122 1.83205354 1.47917652 -0.208290935 0.549535334
    1.40879798 0.0382925868 0.167776108 0.445238233 0.628577411
    0.6195274 1.11475837 0.632235885 -0.98061347 -0.044747293
    -0.265402198 1.13512099 0.988904655 1.63238239 1.57731748
    -0.0560735464 -0.0629309416 1.09039545 0.438586295 0.457180023
    0.402044177 -0.460278124 1.68746662 0.0216929913 1.48714519
    -0.470916092 -0.728670657 1.73133016 1.04755855 0.426036596
    0.310207725 0.0660309792 -0.433255941 -0.0610340834 1.4088614
    1.83286953 0.707987905 1.23430896 -0.0620417595 -0.896562457
    -0.24124217 1.7365067 1.38027871 -0.0297136307 -0.4916628
    -0.167801082 -0.16688925 -0.748887837 -0.776362538 -0.647240162
    -0.862950027 0.0389717817 0.776086211 1.07357907 1.26168942
    -0.166804612 -0.812502384 0.11956358 1.74363375 -0.151031077
    1.36000943 0.723201036 -0.206040502 -0.318255842 0.749796987
    0.769381404 1.55698705 1.57842684 -0.656080842 0.511896849
    -0.202195942 0.727221131 -0.906092763 0.872014523 1.79024041
    1.56633568 -0.492754072 -0.111842275 1.01889849 0.039394021
    0.995246768 1.27753353 0.600712061 0.509122193 0.992411554
    1.24711287 0.0464792848 1.26335001 0.914003134 0.840674281
    -0.225282311 1.37510705 1.32841408 -0.758130729 0.287487209
    -0.549788833 -0.351455122 1.03597116 1.31578565 -0.0671315193
    0.861382544 1.49059665 -0.311157048 -0.478230506 -0.10951823
    1.18340313 1.20520139 0.14579016 -0.176389515 0.104289114
    0.365585089 1.94444072 -0.603606462 -0.508606315 1.19571233
    -0.414858341 0.415267885 1.59873009 -0.936799884 1.74233794
    1.21346152 0.527838469 -0.112678945 1.39776754 1.31837416
    0.943684757 0.588265419 1.29196882 1.50205326 1.11157978 0.899192095
    0.680517495 1.91273201 1.64423096 0.0145896077 0.11919409 1.45213413
    -0.309787989 0.684429824 0.482582331 -0.87620759 0.167485952
    0.00773245096 1.27593255 1.65341043 0.736392677 0.341109693
    0.557465792 1.54867911 0.404798925 -0.503349364 0.947155952
    -0.575401068 0.688294411 0.624777019 0.0743232369 1.71396506
    -0.146197021 -0.428806424 -0.73989749 -0.700294852 -0.627414525
    1.85498381 -0.0762315392 1.48036933 0.00347673893 0.223131835
    1.23637938 0.376322567 0.283429444 0.261339247 1.46603322
    -0.835729003 1.42328858 -0.883595347 0.310879946 -0.116346955
    0.0756691694 0.730211735 0.537046313 1.64898467 0.124293327
    0.549571991 1.61143076 1.11213923 -0.185351133 0.719284296
    1.12071002 1.13582015 0.309663594 -0.836604834 1.12098956
    0.384669483 1.4986136 -0.852762878 -0.495063305 0.275709748
    1.70671916 0.534282327 1.60207796 1.31952107 1.22851384 1.82642889
    1.82686496 -0.776640773 0.956140697 1.09178114 0.864029109
    1.58566034 0.559895039 2.0041101 -0.0220059752 0.352101624
    -0.556702495 0.113434494 0.625486016 0.292513251 -0.668119788
    1.62602735 0.658127546 -0.795146108 0.0932841301 1.06176066
    0.393716812 0.0475302935 1.57224119 -0.854907036 0.147360325
    0.71871531 -0.107051909 0.770758867 1.31374252 1.75510812
    0.986272097 0.487387776 -0.899162114 0.425474107 -0.725094974
    -0.518789172 0.464534521 -0.451622665 1.73405921 -0.707835376
    1.35102868 0.157444119 0.313769698 1.64058328 1.77108216 1.87113118
    1.1255095 0.0879439116 1.26121974 -0.179928303 -0.0421144962
    -0.953907728 1.6790098 1.14151895 0.196553588 -0.0163443089
    0.668487728 -0.815262556 0.921198964 1.76754141 0.956509888
    0.493992925 0.303360462 1.12238181 1.48215437 -0.139429927
    -0.749409795 1.19756293 -0.900908053 1.58698392 1.01798773
    0.927042961 1.88584781 -0.167808771 -0.874013066 1.66403532
    0.954964101 1.28286052 0.0380138159 0.961767018 -0.477504551
    0.675557792 0.140857279 0.634826243 -0.382373691 0.457666516
    1.05409467 -0.371870995 0.134943306 -0.608031273 0.393529296
    -0.766814709 0.476671338 1.30375636 -0.688875973 0.785301268
    0.218279719 1.07479966 0.803209662 -0.820873857 2.0091815
    -0.0166054368 1.57814872 0.101196706 1.91199541 1.66357481
    -0.0333475471 -0.280281007 1.91043973 -0.888848245 1.6620357
    -0.441170633 0.949168921 -0.151576102 -0.460828304 0.989808083
    1.40005136 0.491412401 -1.04285526 1.36134052 1.70866907 -0.71965754
    0.848169327 1.55291522 0.255760968 1.54224479 1.91632414
    -0.123420417 -0.454580307 1.55211949 1.86863947 -0.348126233
    -0.849283695 0.125103891 0.571488082 -0.352394521 0.473629177
    -0.176477432 -0.45010978 -0.353037238 1.31853235 0.335101485
    -0.385462046 1.7754904 1.34190226 1.88165379 -0.745538354 1.02474189
    -0.793856502 -0.772642493 0.802638412 -0.657558382 0.340175867
    -0.382276773 -0.658965468 -0.0807957053 -0.252766669 0.331024051
    -0.875839055 0.618159831 1.03527236 0.506125152 1.46583188
    -0.822029352 0.964164674 0.134901226 0.731723785 0.557442546
    0.558616817 1.1036942 0.561575651 -0.355731368 1.95185268
    -0.881157517 0.319386721 0.0747897029 0.178083241 -0.291049242
    0.528011382 0.731295168 -0.00246304274 0.307561636 1.54491973
    0.267194033 -0.699340463 -0.783304572 0.703351557 0.535878479
    1.38137889 -0.413147628 1.32958579 -0.861783385 -0.481482059
    -0.759027898 1.4618541 1.74614584 0.302979112 -0.501363993
    0.632092535 0.983183503 -0.534867346 1.34047318 0.89585638
    1.02529442 0.416270018 0.0914768577 0.843501508 -0.320460737
    0.859192491 -0.514907062 0.9336766 1.84906888 0.6103369 -0.381308645
    0.371409595 1.99136329 -0.409058422 0.0692931414 0.39990741
    1.0189209 1.52406859 0.949731588 -0.139969826 0.705484867
    -0.230991602 0.819410026 -0.191191971 0.546786785 -0.403486967
    0.925406694 -0.624619126 0.891644418 1.45287275 0.315006852
    -0.603824794 -0.321487963 -0.220296264 -0.174883008 1.43381178
    0.372929335 -0.00226920843 -0.818771124 1.09202564 -0.0889497399
    -0.0252888203 0.195778251 -0.375824869 0.00542074442 0.788128078
    0.0634723902 -0.964253306 1.49779177 1.78637254 0.801141381
    1.64668024 1.64763093 -0.0956969857 1.13969827 -0.161363602
    1.47586751 -0.393996298 -0.626129627 -0.721290112 0.474743843
    0.919101715 0.536775529 0.309730113 1.81179988 1.48350739
    -0.84556973 -0.738857508 1.84958231 -0.870291889 -0.751226068
    0.531889856 0.445176125 0.248727381 1.31722951 0.446887612
    0.855433226 1.62313604 1.02685106 1.33058584 0.385823131
    -0.674268007 0.600292325 -0.797839284 1.22397161 1.35002589
    0.238527715 0.754062533 0.438617587 1.30067277 -0.275806308
    1.90984344 1.81285536 0.361207187 1.51131225 1.05363202 -0.147535324
    -0.576274633 1.11425412 1.41710639 1.45876503 0.0637260675
    1.49069643 0.990967631 1.34805608 0.702522993 0.0297064185
    -0.229109943 1.05864477 0.83434099 1.72606325 -0.279819191
    0.924240053 1.07794666 0.406646609 1.74476504 1.28148437 1.02258396
    -0.898917913 1.68846846 -0.265659869 0.607235909 -0.0935285687
    1.96660018 -0.707130313 -0.42877686 1.41495705 0.11106652 0.04766047
    0.234064579 -0.674064338 0.336011112 -0.118973494 1.15822792
    0.325253189 -0.32835573 0.734147072 1.14218485 1.83577192 1.6803391
    0.490001321 1.67687786 -0.66079092 0.50328058 1.96590889 0.769080639
    -0.828253925 -0.682112455 0.0405715108 1.88395095 1.60014462
    0.1616503 1.83411968 -0.628937185 0.518760085 -0.824258506
    -0.883677065 -0.889571726 -0.573095977 0.253208816 1.02133107
    0.860517621 1.62335944 -0.909107029 -0.92320478 1.55111659
    -0.495473087 -0.0207576752 -0.367948413 1.67494988 1.56215596
    0.806490421 0.868264556 0.714533806 1.59830046 0.291588664
    1.38061643 1.54633784 -0.890261233 1.93213832 0.56606406
    -0.690029025 0.397012949 1.46763635 1.05791616 0.0446298718
    1.02516365 0.90494138 1.71275067 -0.817794442 0.0643806458
    1.85350609 -0.436468244 -0.319506407 1.5378716 -0.449998915
    0.516390324 1.53020406 -0.44999063 -0.598926067 -0.289119959
    -0.713248849 1.77757668 1.51284719 1.95538497 1.74025977 0.681742728
    0.539431274 1.92091918 -0.477191359 -0.784214914 -0.125454485
    0.774801195 1.26967573 -0.203091085 -0.944824696 -0.249343097
    -0.284311473 1.23999619 1.30369377 1.48561978 0.548409343
    -0.840943396 -0.813527405 0.445252776 -0.238987088 1.8522259
    0.255141556 -0.182305276 1.31284893 1.3691113 -0.295608461
    0.0360277295 -0.270664692 -0.855304956 1.40702927 1.04675806
    1.62662673 -0.61265254 -0.431955099 0.094427824 1.89542747
    1.82491934 0.0372672081 0.0205028057 1.75266683 1.0038172
    0.249895036 -0.587900162 0.399704218 -0.691360831 1.66995049
    1.81351542 -0.479084462 0.473101556 0.777941406 -0.486391753
    0.869621158 1.47957695 -0.695434451 0.973468721 -0.639219046
    0.444463015 -0.226011813 0.0534270406 -0.821321547 0.058873713
    0.352831602 -0.864043236 0.93167448 -0.897245109 -0.80860126
    0.350892127 1.94414067 1.13945317 1.97231567 -0.620179892
    -0.615332246 0.0792222619 1.84167862 1.42105556 0.908142686
    -0.266003966 -0.474755526 0.0789245963 0.683074474 1.63294363
    1.35263979 0.782271028 1.1681813 1.78994262 1.47466779 -0.397249341
    1.45391524 1.39429569 -0.577735901 -0.617008567 0.812879384
    0.0341711044 0.695163012 1.31277239 0.383417845 1.48474526
    0.370302796 0.460451007 0.490851641 -0.85270685 0.438399315
    0.881297827 -0.992102981 0.833649814 -0.71590513 -0.577428937
    1.24739099 -0.507705212 0.640501082 1.46732926 -0.588172197
    0.129574239 1.3253653 1.22068095 1.13275325 1.28833306 0.910645008
    -0.243122816 1.09768581 0.00508654118 -0.191168785 -0.75135994
    0.509104848 -0.177444458 -0.323460639 0.622370541 0.883998156
    0.962633967 1.23353601 -0.964289069 1.15595949 0.892527699
    -0.617106915 0.42377758 -0.600341201 0.768440962 1.69277525
    1.8890574 1.33414328 1.71770799 -0.720800221 1.61090755 1.73342037
    1.01711774 1.60633779 1.90439343 1.36075735 0.488846779 -0.390847743
    -0.605879664 -0.206726551 -0.209875226 -0.625191212 0.582909405
    0.256960213 -0.645319402 -0.69496417 1.0160048 -0.309138417
    -0.475762725 1.38407421 0.142551422 -0.0751157403 1.41056299
    1.22109532 1.5977881 -0.318960249 1.11705458 -0.755189359
    0.743713856 1.4376142 1.35831618 -0.137081146 -0.118730664
    -0.407861471 -0.739894152 1.22642493 -0.0365146399 1.81997132
    -0.570554852 0.939727604 1.83124518 -0.677562714 0.230237424
    -0.0734591484 0.162690759 -0.574878514 -0.129571676 -0.792691171
    0.370394588 -0.808603048 0.463155091 -0.53580749 1.05840528
    -0.268797576 1.33409858 0.272870839 1.27982378 0.0617332458
    -0.74826026 1.91640627 -0.533640146 1.1189723 1.55942059
    -0.506800771 0.469691515 1.52636051 1.60744071 0.748132706
    1.75199497 1.00617266 -0.509892225 0.0643956661 -0.651181579
    0.361821413 -0.0948667526 1.12727702 -1.04040277 -0.165866792
    1.60138094 0.447985768 0.988628983 -0.452865064 1.62659514
    -0.334651232 0.41719079 -0.195759118 -0.133840501 0.704332471
    -0.37373656 -0.771161914 0.168188155 0.0223490596 -0.30014658
    1.86198878 0.266138673 0.898368299 -0.357067943 0.801217675
    0.211162746 1.61460853 -0.00825196505 0.0378800631 1.28526735
    0.605098665 0.202258766 0.947099447 0.749418199 0.967113912
    -0.244034588 1.11277735 0.372518897 0.601233244 -0.439978808
    1.99612081 -0.119427979 0.0145176053 -0.479963154 -0.489728421
    0.425303876 -0.628516018 0.742342293 0.316111743 0.4939906
    -0.192893684 1.55828929 1.39211035 -0.176472008 1.00895572
    1.39142513 -0.907743752 -0.383262634 0.591921389 1.67433 1.75106609
    0.338489413 1.59642196 -0.0601541996 1.55036008 -0.842689514
    1.87659204 0.858165562 -0.67286253 1.98118246 -0.694073319
    0.0696855783 1.51903558 1.91677511 1.13494754 1.24341989
    -0.438176215 0.0948922634 1.56965947 1.57127512 -0.398600578
    0.476093531 -0.688893378 1.18986225 -0.564613521 0.387530267
    -0.287258267 1.35966742 -0.903357863 -0.290861905 1.05854905
    1.73478878 1.01398897 -0.802259922 -0.627221227 0.711916924
    -0.717351556 0.815150499 0.268330216 1.11848998 1.3969456 1.44267571
    0.90099895 0.337162256 -0.238085628 -0.656632781 1.30226254
    -0.00934243202 1.50812221 -0.466031492 0.541717768 1.59563613
    0.143886924 -0.76647377 1.55668581 1.05093837 0.754499137 1.69909251
    0.932357669 -0.397764564 0.639962494 0.106855929 0.855264187
    -0.305930972 1.11716104 0.810583234 1.18085384 0.339817464
    0.985491395 -0.530878246 1.60466003 0.11245954 1.03631854
    0.336716235 1.49605966 -0.603947759 0.388142347 -0.509903967
    0.235392451 1.38370025 -0.648117185 -0.297040701 0.440214992
    1.13832319 1.66805077 0.350561082 1.88214362 -0.614995182 1.20302534
    -0.222775757 0.418894947 0.0346410275 0.384627104 -0.229631126
    1.9017756 0.615910113 0.90154773 -0.651430964 0.63471812 0.302182734
    1.72086334 -0.835410416 0.148865581 1.96527994 -0.658170938
    -0.132997036 1.64216292 0.730081439 0.157911718 0.0156494379
    0.0439641476 -0.527866006 -0.327281535 0.840851784 1.64324355
    1.66809344 0.00387865305 -0.35048008 -0.561542392 0.33697468
    1.44842052 -0.143476188 0.891061902 -0.278122962 1.95788503
    1.46089911 0.538063169 0.740498841 1.91484904 0.856366515 1.48177361
    1.46857476 0.447070003 1.15072346 -0.0167933106 1.91140842
    0.299799383 -0.23120749 1.18146288 -0.527276814 1.67242885
    0.734790087 1.94556987 1.07258475 1.24638104 -0.119861305
    -0.368008554 -0.633375466 1.41562212 1.0729692 0.674090803
    -0.84310621 0.532927334 0.643686056 -0.80981636 1.64015615
    0.654996872 1.23535991 1.8612287 0.576418579 1.47205615 -0.168326259
    0.210457087 -0.698112011 1.97670031 1.46433198 0.178986728
    1.09069419 1.89414668 0.711174071 1.91776061 1.56687832 0.547043562
    1.78015184 -0.282048881 1.00158906 -0.105982542 -0.127682626
    1.88887906 1.02630925 -0.591651917 -0.162711442 -0.0935837626
    1.62487698 -0.629302263 1.35176682 1.60768187 -0.531890273
    1.02606344 -0.587603927 0.569094419 1.23390436 0.974032998 1.294523
    0.367191553 0.732064903 0.0129385591 1.44024587 1.79424644
    1.14921999 1.01868284 1.3394165 1.63837504 -0.185492456 1.29183328
    0.238509297 0.761329055 0.783138752 -0.362992823 0.393869698
    1.85040462 0.132994354 1.16541362 1.49056482 1.66208684 0.786891818
    1.23356616 1.10731483 -0.440971524 0.462136924 1.47922564 1.95232475
    1.33584142 -0.681762993 0.82590574 0.496191263 0.71257025 1.14876938
    -0.665098846 1.8218658 1.23255205 1.60502422 0.254792869 0.890642166
    -0.620958805 0.957801044 0.530612946 0.43876034 -0.78706044
    1.80397618 0.752552807 0.718026161 0.782254755 -0.0748090744
    1.67836142 1.37074983 1.40178466 0.16785872 1.08726227 -0.37387073
    -0.103937268 0.403837442 1.08729589 0.351105392 0.476643443
    -0.326738119 0.332149863 0.702887893 -0.0774081349 1.10160327
    -0.810801983 1.61268091 0.0118975639 0.938749015 -0.692368746
    -0.108038366 -0.098439455 0.116095543 -0.838971794 -0.429450393
    1.75667906 1.49874485 1.67987943 0.571114004 0.851824343 1.73474443
    -0.151031733 -0.0399909019 0.962277591 1.94296646 -0.806429267
    0.531100273 0.937403142 0.107791781 1.88594127 -0.670303226
    0.965598762 1.59820437 0.343310416 1.45139408 -0.22394675 1.57769084
    0.348059297 0.447801292 -0.362042993 -0.754823446 1.66050124
    1.09385538 1.73507416 0.652186573 1.29095578 -0.122166336
    0.838686168 1.4204638 1.76333213 0.548354149 0.53185147 0.289068401
    -0.621019065 1.46760583 0.150805175 0.104000688 1.2026875 0.15191412
    -0.207995176 0.753812194 1.37551928 -0.512690544 0.0940265656
    -0.800492406 -0.0503070951 1.55198836 0.900625587 0.610514283
    -0.788804054 -0.684810579 1.07784939 0.898320735 0.167882502
    0.572076619 0.159700215 -0.154212475 0.0752023458 1.35691249
    1.78849685 -0.861578107 -0.0701462626 -0.915095985 0.952583253
    0.389376521 0.636189401 -0.875433326 -0.597001433 -0.680197835
    -0.182253778 1.47894156 1.46337414 1.89946604 0.451830626
    -0.353029728 0.64187479 1.07098234 0.826753914 -0.909489214
    1.69966197 -0.8150841 1.18163204 1.19320321 0.557857871 1.5798254
    1.77245581 -0.390781701 0.145072997 -0.70155251 -0.772293866
    0.841356754 1.77509809 -0.269034684 1.6136657 0.501357079
    0.196648955 -0.926070392 0.0747640729 -0.896547794 -0.495324612
    0.944206476 0.193555474 1.15303063 1.18038702 0.0749563575
    1.39051151 2.2236042 1.34736443 1.67775941 1.81879568 1.51488459
    1.79869568 -0.799908757 -0.0461717248 -0.197669387 1.38877892
    1.45592856 1.81819689 -0.344712019 1.04905844 0.821251452 1.26163328
    -0.82372427 -0.567820013 -0.796707511 -0.799292624 -0.0523501635
    -0.685967326 -0.320139408 1.89939213 0.10164392 1.68464231
    0.779016495 1.92122519 1.4229176 0.514233172 -0.260452867
    0.778586686 -0.757727504 0.112989068 0.839552104 1.42291951
    1.91368604 -0.335435688 1.73942852 -0.691835105 0.970658958
    1.60463667 -0.109073043 1.34139109 -0.863524854 -0.895519912
    1.529737 -0.341723263 -0.388457835 1.33606362 -0.107405424
    0.955022216 -0.294438899 1.62965989 -0.0206220746 -0.793927968
    1.53148723 1.74495435 0.0376352072 0.986845791 1.52391315
    0.194461524 1.77300966 0.401329458 1.44253612 1.559165 -0.13936007
    0.0132679939 1.83643448 -0.253376424 0.101512969 1.28526759
    -0.294496 0.70898211 -1.01053882 1.55684733 1.09386337 1.06403422
    1.33775198 0.815504551 0.505798101 -0.013307035 0.0774322748
    -0.843642116 1.93961763 0.125781775 -0.690007448 -0.413909286
    -0.846854746 -0.318945944 1.95631027 0.151119888 0.776729822
    0.309418201 1.63524985 0.813176394 -0.707323134 -0.520467043
    0.43324554 -0.435590267 -0.778754056 1.44696259 2.03079152
    -0.319614649 2.01622224 -0.847052872 0.991573036 -0.537094474
    -0.408464342 2.06085587 -0.723576486 0.553679466 0.330127895
    1.09353352 1.9535768 1.36406004 -0.498672903 -0.789414883 1.74517953
    1.10431087 1.69690228 -0.0401217937 0.210139275 0.110207081
    1.83941078 -0.666755259 0.934476972 0.834349573 0.197189152
    0.0445222855 -0.840137899 1.44734883 -0.0471975803 -0.552035451
    1.12816691 1.83966923 0.909275234 0.450109243 1.77710009 0.582972646
    0.426590264 1.32293367 1.89935279 -0.0878735781 0.47052598
    -0.497793227 1.18433499 0.176200986 1.18637156 -0.310824096
    1.16489744 0.541062951 0.875149965 -0.487556219 1.29137635
    -0.316783488 1.80990183 -0.0474143624 -0.43687728 -0.523062944
    0.969392836 0.853854954 1.4531188 -0.272148848 -6.24060631e-05
    1.95013165 0.226364017 -0.25979805 -0.809335589 0.155762851
    1.76868105 -0.172495782 1.23531163 1.17915368 0.116244256 1.60247958
    1.90086865 -0.676630914 -0.744076073 -0.343536735 0.181092203
    -0.2995314 1.12648475 -0.750206113 0.545351744 -0.58175528
    1.35209179 1.23320115 0.327332973 1.22309995 -0.845623374
    -0.899618924 0.82763505 0.0139304996 0.451284051 0.610632241
    0.986338496 0.0821807981 -0.496049851 1.22595227 0.559071064
    -0.48718828 0.242790341 1.66519749 0.580024719 1.41459537
    -0.318041444 0.276324391 1.01050198 1.42315316 1.61394072
    0.153014898 1.73451829 1.95146847 1.93726993 -0.092464447
    0.0609247088 1.20502329 0.16908741 1.68499207 -0.0733324289
    -0.611588359 -0.347599506 0.204413652 0.00726377964 0.0911141634
    -0.243755221 1.41335177 1.30692399 0.409050763 0.0418499708
    1.20923948 0.311585307 -0.128148198 1.14023876 1.81522918 1.3617202
    1.44522655 0.294136822 1.03943872 1.71046543 0.500460148
    -0.555290639 1.39794445 1.43764853 0.921980321 1.94568753
    -0.491935611 -0.591403604 1.4333303 0.318966806 1.04675043
    1.13786387 1.42552519 1.48964858 0.109466672 -0.215200543
    0.301395774 1.66686535 0.0613721013 0.85422796 0.109870434
    -0.243702292 -0.50469774 1.13190913 1.10429668 0.484518588
    0.670869648 -0.763739765 1.79268742 1.24161363 0.948683858
    1.75608325 1.55984092 -0.4673343 1.42418468 -0.144425809 0.490023077
    0.758599162 -0.638719797 -0.173074484 1.02974474 0.917362273
    -0.290630758 1.10927272 0.64635396 0.807134748 0.889250576
    -0.0888335109 1.08217883 1.54750538 -0.65077877 0.40606302
    -0.691107392 0.734483719 0.381002903 0.944394827 0.935216486
    1.575019 0.127070963 -0.18649894 -0.0664277673 1.86066341
    0.972091317 1.20876813 -0.698686004 1.65349126 1.0809052 1.31484008
    0.303187072 -0.749970317 1.24044919 0.436239839 -0.738003254
    0.28021425 -0.758752406 1.12433052 0.846391916 -0.0466224551
    1.19906771 1.62639165 0.763772368 -0.354798496 1.02751541 1.21223116
    0.686821401 1.28013134 1.8410902 0.714018583 -0.220723212
    -0.839625716 0.850227118 1.0144732 1.83211374 1.47022343 1.51334465
    1.49783742 0.316997826 -0.349700749 1.85761929 -0.0633257627
    -0.539756477 1.56456816 0.239400208 2.02711129 0.0596964359
    1.34674191 -0.702639341 -0.597123086 -0.230654538 -0.628487229
    2.02366638 0.681535721 -0.379856586 1.84889483 0.721895218
    0.334908128 -0.496448755 -0.760086298 1.40685177 -0.373131871
    0.392948985 0.902392209 1.63566113 -0.681030393 1.9321233 1.86837053
    -0.00616204739 1.47122979 0.400067329 0.788900018 0.835159898
    1.54133904 1.01507592 0.574513316 1.82862401 0.27962172
    -0.0744968653 1.13664699 1.20975685 1.77420795 1.17675519
    -0.640961945 0.798448265 1.60422647 0.988379836 1.45247173
    -0.262367427 -0.744409502 -0.554412842 -0.0450505018 -0.593540668
    -0.0646970272 1.70780027 0.338800967 -0.490278095 1.61588311
    -0.792870164 1.21644759 1.16353416 -0.218175948 0.30845958
    -0.777271152 0.0172945857 -0.506939113 -0.218318403 0.71383369
    1.50300431 0.654944897 0.166496217 1.54287291 1.18437171 1.78441954
    1.18906736 0.459849954 0.958097398 0.42598176 -0.667099893 1.3771348
    1.04460514 0.595220506 1.61521435 1.08661878 -0.759516954
    0.754735589 0.640135527 1.65585256 1.18681049 1.06862199 0.590261877
    -0.391946584 1.23386014 0.691144049 0.800472319 -0.559877157
    1.92518806 -0.3138901 0.394033968 0.376331806 0.590512812
    0.138289213 1.50238693 -0.0994971991 1.93103242 0.159197688
    0.630000532 -0.639770031 1.01282048 1.82276273 0.979828 0.559397817
    -0.0989172459 -0.26900661 -0.417074025 -0.0483286381 0.896912634
    0.932412386 1.03364444 -0.639414668 1.28826559 1.51744294
    0.224082887 1.06352282 -0.118884385 1.64563203 0.595192611
    1.65331531 -0.675854564 -0.140258491 1.73854423 0.336864471
    1.76348352 1.05849981 1.25817299 0.580275595 -0.688373387
    0.992751956 -0.587702692 1.15375233 1.301229 1.6580379 0.68392247
    -0.0734522343 0.413351595 2.01449776 0.20453918 1.08003759
    1.64880896 1.20307732 0.763926327 -0.819270253 1.3017292 1.45205426
    -0.33611846 -0.474113315 -0.403791577 0.170864522 0.309108496
    0.810187221 0.684681654 -0.088563323 0.819761634 1.53185749
    -0.886805713 1.36480451 -0.475159019 -0.124528825 1.90817189
    1.28189158 0.630211234 1.06660056 -0.420713723 0.867778361
    1.27887809 1.83369136 -0.469657481 1.87124097 1.10689831 0.405505419
    -0.755674064 2.01706553 0.698691964 0.710715473 -0.715011954
    -0.445226103 -0.527057528 -0.760198593 1.74300146 -0.72206527
    0.405077219 -0.654273689 -0.33045271 1.594679 1.58106184 0.159026682
    -0.739705801 1.5279336 0.467655301 1.51244652 0.0245655775
    1.29835677 0.649045408 1.76148987 -0.599914908 0.829812169
    -0.233410656 -0.131715059 -0.688449979 -0.696555257 0.981224954
    1.45661139 -0.63719815 0.458991826 0.777195096 1.11155653
    -0.364268124 -0.395195395 -0.0686396956 0.813709497 1.21525466
    0.686785281 1.55862665 0.674237132 0.804441273 0.475341141
    -0.47297889 0.631380916 0.603785157 1.87330937 0.985281825
    0.11784941 -0.0693815351 -0.04167068 1.21652913 1.09635806
    0.686097741 0.950605273 0.510026157 -0.168312848 -0.468125373
    -0.678687274 0.13146764 0.972355127 1.88639975 0.435892284 1.0570246
    1.38694346 -0.712838352 1.80944741 -0.345569074 -0.603240728
    -0.493219852 0.541666627 1.06043041 -0.316784322 1.50732756
    1.62987483 1.58876896 0.31684196 0.899069607 0.233845115
    -0.525061846 1.53337872 -0.325004697 -0.0322276354 1.13295889
    0.61228776 0.701855659 1.4723655 1.16887069 0.36174345 -0.0857971907
    -0.294715166 -0.153794229 -0.330255121 -0.557314396 -0.352495104
    1.29168367 -0.40955469 0.473550737 -0.322336704 -0.483814687
    -0.580910146 -0.0614743233 -0.570494413 0.614397049 0.462628424
    1.86840439 0.769972801 1.69647825 0.285058081 -0.0403511524
    1.30753803 0.0582748055 0.0797185898 1.61327791 1.24902284
    0.394675314 -0.48213464 -0.709732354 0.854783058 1.94876814
    -0.631836295 0.88267386 -0.00211685896 -0.422041506 0.356360197
    1.91194391 0.511747777 -0.640291214 0.616458952 0.527914166
    0.296078861 -0.644061089 1.29027748 0.878677666 0.684336901
    0.133378386 -0.0308691859 1.41751647 -0.18585825 1.0264616
    0.590477049 0.763963521 1.32129192 -0.00766849518 1.95528245
    0.178067625 1.43329287 0.990905762 -0.0558358431 -0.240783095
    2.04137206 1.71839094 0.0547876358 0.804517806 1.22129297
    0.547603667 2.02690721 0.0770728588 -0.0257781744 1.89850509
    -0.549599826 0.0318368077 0.785532176 0.981597722 0.979109764
    -0.723915219 0.503480434 2.07171559 0.342266738 -0.129707634
    1.34478736 0.554529727 0.784743965 -0.512491822 -0.534484863
    -0.280233622 -0.0933178067 1.35312653 1.90795088 0.50522387
    1.47345018 1.99203563 -0.431751996 1.2691679 1.88110054 -0.338442415
    0.186908662 0.0555534363 -0.0285109282 1.91662478 0.568086326
    0.635202348 -0.700798213 0.798531771 0.841287673 1.87387824
    1.85606611 1.58430815 1.15541661 1.71763539 -0.436366558
    -0.384371489 0.683352232 -0.540240526 -0.601954579 0.592623353
    0.920259893 1.02260137 -0.636823237 0.798218608 1.52990711
    -0.00212967396 -0.0113326907 1.58974099 2.06266665 1.14724898
    0.0423792601 0.286004066 1.92220736 -0.170251846 0.225847661
    -0.578900754 -0.128278911 0.505011439 1.79227209 0.487890899
    1.29619038 1.3784529 -0.437933505 0.558829367 1.3253572 -0.531492352
    0.689815342 0.919199109 0.816678345 1.93943942 0.801870704
    1.21939993 0.355066836 1.05632925 -0.717915237 1.93401587
    0.314745188 0.617222011 0.495485127 2.27705336 1.2066462 1.30851865
    -0.308437318 1.11382902 1.85507774 0.646163464 2.1088984 0.591337204
    0.65797168 1.44417977 1.28536594 0.530079722 1.3740449 2.17286921
    1.8178277 1.10140467 2.13096809 2.18921518 0.698734164 0.812056303
    -0.580210745 0.72752732 1.37509012 1.4577558 -0.0124177337
    0.144687593 0.821629345 0.503741086 1.89693022 1.39016497
    0.558715224 0.53450644 2.09110093 0.123565018 1.72579014 2.07609415
    0.953133345 1.02081442 0.191942692 0.0391641855 -0.5333004
    0.799827695 1.92518783 1.13555646 0.84185338 1.97351301 0.473462701
    -0.67873323 1.23012388 0.777622223 0.0248621106 -0.143202782
    1.04114103 1.08947754 0.966580927 -0.221386075 1.27972603
    -0.539833248 1.37198842 0.273510933 0.385806561 1.6378299
    0.264761508 1.40526152 0.82428652 1.44883168 0.642695546 0.915658295
    0.696558595 1.92295003 1.08632529 0.59202373 0.356507957 0.526105225
    1.34165132 -0.449354231 -0.518739939 0.382626772 1.4295727
    1.15806139 0.998795509 0.803137958 1.56652713 0.580909729
    -0.242438406 0.0175349712 0.626816511 -0.647011638 0.620437384
    2.05110669 0.289156079 -0.22721824 -0.202926338 -0.329681545
    0.163922369 1.19513249 0.620987236 1.00742722 1.00754356 1.36881757
    0.341345608 1.67096984 1.62742114 2.1973033 1.79407895 0.623841286
    0.996690392 0.493728638 0.897052407 -0.0654318929 0.551728964
    0.890385687 -0.308290035 1.31591034 -0.152333319 2.1400528
    -0.728683531 0.391264677 1.84769273 1.69555831 0.134936869
    0.260900855 2.01810741 1.42866039 1.45163691 1.77939725 1.98682332
    2.00482631 0.790608823 2.23037148 1.02727163 1.22277284 0.335912824
    1.76838684 -0.300364256 1.76937532 1.66505671 0.282470345 2.22774982
    0.116577864 1.04569101 1.9336102 1.95717216 -0.372194409 0.731686413
    -0.284257025 1.43783307 1.23835015 1.90731347 -0.353658527
    1.88199067 1.35577607 0.711099923 -0.0380817652 -0.487496436
    1.35824585 0.76287818 -0.517745495 0.178836226 1.05707252 1.15035796
    -0.127482295 1.7060492 1.83473253 1.21437645 1.25844264 -0.115225136
    0.52946353 0.524692953 0.232818127 0.334664583 2.20861316 2.21991396
    -0.487748861 -0.38681823 -0.28965807 1.03032708 -0.380868465
    -0.468497247 1.19988847 1.74027801 1.96638131 0.356938124
    0.131801903 1.10092568 1.82863557 1.76946521 0.714133501
    -0.494062424 0.857722938 0.275590062 1.84560871 0.606186867
    1.86601996 1.57973409 -0.235198081 0.378208756 -0.555952013
    2.14161301 1.52190852 2.19610262 -0.0458232164 1.6567409 1.79611349
    0.824658811 2.03034425 0.672837138 0.62895596 0.0370069146
    0.551180243 0.278049231 1.12910497 1.33416951 1.33433676 -0.22611469
    0.633043945 1.31073332 -0.506320775 0.126714528 0.0681273937
    -0.0246431828 1.8682704 1.20317268 0.24262172 -0.590267539
    -0.356405884 1.97624159 0.557856083 0.908889472 2.03606343
    -0.449123353 0.647208691 0.712713659 2.18903327 1.66650224
    0.00860852003 -0.469392538 0.960940361 1.75514555 0.00614869595
    0.784404516 1.54565454 0.485021234 1.57737768 1.23638964 1.94480109
    1.37132668 0.432620466 1.04260015 1.83763075 0.150582016 1.43831027
    -0.0290275812 -0.29969731 0.0367331505 0.333585411 0.554967523
    1.49552894 1.62568808 1.68252337 0.0115402937 0.355745852 1.59410751
    -0.45222795 1.99478745 -0.317119002 0.392221689 -0.408930361
    2.23999214 -0.0974045694 -0.136382639 1.20809555 0.63764888
    -0.216935545 -0.501656115 1.6932236 2.21822214 1.82298303 2.00193238
    1.00181878 -0.00202596188 0.231451631 1.96629882 0.06765306
    1.95705891 2.21394825 1.60301113 1.64398015 0.225981057 0.496344805
    1.330621 1.13837647 0.208400607 1.88066816 -0.23055017 1.77099693
    1.40806985 0.287968874 0.570591092 1.37352467 1.49069405 2.2602222
    1.36508727 0.921086311 -0.474922985 1.75209761 1.23658562
    -0.522545815 1.7744925 1.99330056 0.0441571474 1.9733386 1.03717542
    -0.354790688 -0.209453046 0.992018104 0.721210659 -0.130015105
    0.131429553 0.926665485 0.431535184 2.15748978 -0.225035995
    0.45056206 2.2164824 2.08395815 0.168902814 0.94834888 0.603066921
    1.82298565 1.20503306 0.224806309 1.20231891 2.02301836 1.9036665
    0.463894486 1.58082676 1.62062001 1.44264913 -0.392454743 1.80261052
    1.32918453 0.835952818 2.20877314 1.60774112 0.975132108 2.01744413
    2.28534389 0.594246924 0.711335301 1.46142042 0.188292891
    0.480320215 -0.199085295 1.95650315 0.538070142 1.99694777
    1.14856529 0.872183621 0.808285415 0.0902759433 1.84752095
    1.92158723 0.322844386 1.55598795 1.77514935 -0.205513179 1.59123468
    1.5642401 0.0564346313 0.652267396 1.7836411 0.730111361 0.274595261
    1.96030164 1.4414463 0.143475175 0.950037062 1.36565089 2.04491854
    0.621611238 1.19924569 -0.195488572 -0.147552103 -0.388954878
    1.25514817 -0.327829331 1.11704397 1.36453795 1.61081982 1.50732183
    1.861516 0.491965532 -0.491548479 2.31668377 -0.527811348 1.26802802
    -0.230096817 2.15697718 0.168003857 2.33417964 -0.131416738
    0.377306163 1.48656142 1.90711892 0.829255462 2.2064805 -0.217060179
    1.4290235 -0.497423321 0.65191853 1.54876494 0.415954411 1.03543496
    1.81508017 1.36004496 1.86718106 -0.17183125 -0.067332685 0.14495945
    2.00709152 -0.491500676 1.87307215 0.298556089 1.45823979
    0.0685663819 0.694928288 -0.0457735658 1.20085263 -0.483716816
    1.29508793 1.5662576 2.17887592 1.00476468 0.394926071 1.02411652
    -0.39335978 0.952868402 1.81938016 1.84278703 1.55112219 0.591227949
    1.2727927 1.95360124 0.881646931 2.14417171 1.07227612 1.40554237
    1.23749423 -0.567498684 1.36691797 0.532266796 1.27750564 1.17705035
    -0.203602046 0.697238266 0.389401138 1.70345092 -0.114722341
    1.66132379 -0.219326615 1.93566537 0.208466947 0.606848836
    1.62246203 0.12226826 -0.339862913 1.34516132 0.726211429
    0.353084892 0.79108572 1.21993661 -0.237562224 -0.217593476
    0.389962763 -0.109764069 2.12738466 0.948296547 0.294795126
    -0.24218832 -0.348925322 1.1535387 0.218035877 2.24225855
    -0.402654976 -0.389099479 -0.0753222704 1.54334283 0.281009793
    -0.141627342 1.56329381 0.357372642 2.10596704 -0.0503070951
    1.10421634 1.22965956 1.67030001 0.756537437 1.54256296 0.920809507
    2.21522427 0.58721894 1.2347585 1.26326847 -0.218657345 -0.147355527
    0.0834592581 0.41626513 1.64575815 0.609973431 -0.0582621396
    0.905661941 2.07513618</data></my_img>
<your_img type_id="opencv-matrix">
  <rows>128</rows>
  <cols>256</cols>
  <dt>f</dt>
  <data>
    0.44988355 0.75210768 1.09544754 0.896551728 1.22171128 0.502304077
    1.07954884 0.530401468 1.23185062 1.19142783 1.40356243 1.08661282
    0.889147103 0.570218742 1.33916092 0.854836166 0.677531362
    1.24404252 1.20581722 1.42500544 1.34253836 1.03220534 1.21095932
    0.773114145 1.14557052 1.00761688 1.02507722 1.3260541 0.938360631
    0.663465619 0.80529356 0.74265331 1.15606308 0.775546849 0.632167518
    0.882565498 0.486053765 0.997281849 0.865454912 0.987029731
    1.43663919 1.05442584 0.980231702 1.15155685 1.14560306 0.560025156
    1.12685871 0.798496962 0.606110871 1.51967239 0.969300926
    0.789061904 1.16213584 1.36957526 0.952536464 1.38354051 1.49439895
    0.598910034 1.24314713 0.730204582 1.04149377 1.35543478 1.29452431
    0.489402682 1.14136779 0.614067793 1.38040197 0.620366514
    0.645117879 0.884632587 1.53762734 0.707848966 1.43532753 1.32564497
    1.38790441 0.546879709 1.25255024 0.75180161 1.04402483 0.577930033
    1.47911632 1.10124159 0.87070626 1.30976343 0.669342458 0.560152888
    0.909524858 0.995780766 0.795075953 0.526179373 0.478361189
    0.439322859 0.75827682 0.532707036 0.697691858 1.29719377 1.41367722
    1.186831 1.44128752 0.876489758 1.57646883 1.42108631 1.49194622
    0.62957865 1.58533347 1.38260722 0.762236297 1.53860688 1.32073331
    1.19055355 0.773821414 1.35386348 1.17158449 1.54192948 1.27440619
    1.37150025 1.37700176 1.28038502 1.12356865 1.00180626 1.44596505
    1.07660627 1.38609838 0.974690318 1.03943884 1.52469373 1.42513955
    1.03298593 0.99078089 1.37218225 1.49909377 1.25591528 0.938239872
    1.3928324 1.30963671 1.41285348 1.57309914 1.10785842 1.14813817
    1.34879255 0.64420706 1.02732706 0.488550127 0.582143784 0.889445484
    0.600677371 0.649851322 0.736956298 1.03090131 0.895376205
    1.07623816 1.27312195 1.21865427 1.43641162 1.63462508 1.06584132
    1.55622876 0.765252292 0.928610265 1.44882739 0.802234769
    0.874734282 0.823361814 0.834448397 1.05863249 1.20191836
    0.978451729 0.595745742 0.925641954 1.13458633 1.1605171 0.652948856
    1.36544597 1.48738241 1.34533465 0.662441015 0.674575031 1.46098876
    1.32355833 1.31751633 1.22788703 1.24390876 1.01810229 1.12640405
    1.49872065 0.539149165 1.11786973 1.51521909 0.621421278 1.36884546
    0.839726865 1.43162751 0.553080082 0.975742936 0.899931669
    1.58690321 0.699406385 1.06072152 0.884888947 1.36037648 1.32018459
    1.28542638 1.41260099 1.53312576 1.5689503 1.18694007 0.857071161
    0.789682627 1.28989911 1.22783995 1.42949498 1.32716787 0.896118999
    0.884771764 1.39955616 0.660769045 1.1047796 1.37488735 1.44557202
    1.38141549 1.22380328 1.2194562 1.10355806 0.57540071 0.566461086
    0.453686059 0.774435401 1.0166676 1.41847813 0.829382598 1.30367625
    1.46434665 1.45316041 1.3955363 0.824177384 1.31496739 1.43302357
    1.1937933 1.00677204 1.27002192 0.585214615 1.43494368 1.14674628
    0.897727966 0.852023959 0.692562938 0.608267188 1.13467622
    0.799783468 0.737345278 0.92092663 0.849014342 0.641116858
    0.540933847 1.23975444 0.525679052 1.21208942 1.23561847 1.38966131
    0.566422105 0.781194329 0.790573299 0.841789007 1.32417166
    1.24865556 0.853164971 1.46321297 0.962582409 1.45418084 1.10493827
    1.58291471 0.746229887 0.664793015 0.648331165 1.4912982 1.16331899
    0.858616352 1.41148651 1.20544958 1.31086504 1.06476629 0.750168264
    0.840329468 1.60176218 1.13080597 0.686437666 1.4171865 1.29621911
    1.17459416 1.21757841 0.95530653 0.631877124 1.05747557 0.839088917
    1.08754003 1.5685451 0.865275443 1.25902903 1.63071573 1.47801995
    1.23188639 1.57026744 0.806619048 1.33576822 0.801460326 1.22485447
    1.21275699 0.774661362 1.4475801 0.701247394 0.7416628 1.16918552
    1.20292306 1.09491539 1.61400211 1.32321239 0.851970375 0.735955536
    0.642696083 1.13127267 1.09694004 1.05827951 1.23029232 1.51792216
    0.753820717 1.35326993 0.69138062 1.44309282 1.15042937 1.04310834
    1.30766475 1.48861814 0.783739984 0.728493154 1.35132027 1.13399458
    0.941412628 0.716958165 0.655959845 0.631923497 1.54464138
    1.55152154 0.885763407 0.66379571 0.613012612 0.69094032 1.10228062
    1.56068599 0.87421155 0.809319615 1.05172956 0.896772623 0.922812462
    0.762779772 1.05521333 1.14237607 1.55753541 1.16266191 1.17098713
    1.47789574 1.47696769 1.20574832 1.69890869 0.797826409 0.986656129
    1.68993747 1.01651883 1.752141 1.27082098 1.73929763 1.50286674
    1.35473371 0.862425447 0.782802224 1.56257069 1.01871669 1.04728794
    1.06574142 0.902308047 0.921264946 0.772597611 1.64549577
    0.939221919 1.27744615 1.02983761 1.29433846 1.51604521 1.56894183
    0.810876727 1.54466295 1.16775072 1.71363127 0.831402481 0.833529711
    1.19219637 1.64941072 1.56645644 1.02978671 0.936204076 0.782295465
    1.002756 0.989869595 1.41283417 0.666263282 1.62437117 1.2000432
    0.83685106 1.68479717 1.46768153 0.971337855 0.824874938 1.71717429
    1.642856 1.71604908 1.2306869 1.05593228 1.3877455 1.3039397
    1.41327834 1.5540607 0.843910694 1.35767436 1.61702549 1.62133932
    0.874043524 1.03200245 0.692323089 0.822907269 1.10050738 0.73826313
    0.813882232 1.53772426 1.05883169 0.774232268 0.838361442
    0.806421995 1.19295263 0.725423217 1.21513033 0.694223642 1.64406061
    1.35328925 1.2629956 0.727245569 1.29189217 1.25122356 0.742191374
    0.720244706 1.28263354 1.44335699 1.0905391 1.55389154 1.32195401
    1.66780066 1.53152347 1.16042888 1.27441776 0.984352708 1.10907757
    1.10016978 0.958376884 1.04806077 1.40544975 0.952857435 0.732020974
    1.49676633 1.0529536 1.22322416 1.17941761 1.517465 1.00318229
    1.54152966 0.98857373 1.20243764 1.32010734 1.30794287 0.750598907
    1.23379004 0.970103562 0.963808179 1.5309478 0.881464422 1.49530363
    0.919961572 0.758555114 0.995478332 1.40685952 1.43273461 1.6013242
    1.42982137 1.52248406 1.6620537 1.38682222 1.24658382 1.09500349
    1.58267367 1.16398072 1.01301122 0.746176064 0.927549541 1.23995256
    1.06692863 1.00046945 1.21717107 1.67528892 1.10231781 0.751096189
    0.634499133 0.803242862 1.47400486 1.35487533 0.802896321 1.03217125
    1.02349341 0.686960995 1.4171319 1.01650202 1.15780008 1.02440131
    1.08210623 0.79331857 0.777594805 1.66189516 1.17706037 1.38141215
    1.02621663 1.41177762 1.0729177 1.40824258 0.879088342 1.05354452
    1.45634651 0.894112945 1.76945949 0.86543268 1.42373872 1.64234173
    0.93241322 1.17528164 1.10075784 0.822819114 1.28986967 1.51317632
    0.895159602 1.08662331 1.54958558 1.65429425 0.977419436 1.22910404
    0.781404734 0.818299711 1.01530445 1.63584912 1.55724359 1.00249088
    0.868339956 1.36624551 1.3362962 1.62067473 1.04388773 1.34722066
    1.3505677 1.55641735 0.894275486 1.42078543 1.71226168 0.895626068
    1.38046515 0.999974608 1.73100984 0.800669849 1.04555893 0.719395161
    1.60670853 0.770353854 1.0047394 0.96983695 0.787675261 1.48643482
    1.5471133 1.25878346 1.62625313 1.01561964 0.927119851 1.28874958
    0.852496862 1.2495985 1.73571098 1.16149116 1.50766063 1.06993008
    1.40092707 0.810883343 0.809925139 1.28841281 1.62137496 1.03932583
    0.758928061 1.66354311 1.04127049 1.0422473 1.63729966 1.15123308
    1.02309942 1.47994578 0.894490898 1.17488027 1.03281188 0.764715135
    1.71269858 1.01939619 0.912956476 1.21826553 1.67938173 0.992494524
    1.3223139 0.795531988 1.26979136 1.67273819 0.865796149 1.03939998
    1.80442011 1.76123655 1.29472721 1.41441655 1.35801494 1.65023398
    1.86638141 1.42785442 1.2397244 1.04995918 1.55953515 1.46809793
    1.76723313 1.26107848 1.13873851 1.51224625 1.20130336 1.68999338
    1.585168 1.45463908 1.69747627 1.42488241 1.63242149 1.27185762
    1.87924337 1.1802851 1.37080038 1.46285772 1.52664161 0.82250452
    1.14346695 1.69929039 0.907633543 1.24954963 1.03595519 1.36036611
    1.68533027 1.69332767 1.30085242 1.47714782 1.37424004 1.31809926
    1.11923015 1.71751177 1.75010264 1.78315961 1.86628103 1.7920531
    1.96054637 1.19964683 1.27533352 1.36824358 1.70588279 1.36437726
    1.13915992 1.87000847 1.62068045 0.846429586 1.32979023 0.79238528
    0.85503453 1.01321697 1.46873057 1.08157444 1.55593622 1.44180453
    1.23072731 1.53339648 0.909338176 1.59252715 1.14844644 1.48258829
    1.20847678 1.27968276 0.807598412 1.19629264 1.62749255 0.937772453
    1.19133735 0.855200708 1.34077656 1.33232546 0.927824914 1.08118105
    1.5749464 1.40040827 0.923173606 1.56845665 1.49906588 1.16051376
    1.76123571 1.08609915 1.21933365 1.07940233 0.843058825 1.70273817
    1.33403254 1.46011627 1.20069444 1.22740698 1.56197906 1.03840756
    1.18476331 1.38693595 1.04257214 0.952806234 1.21653402 1.21999633
    1.59326971 1.08953464 1.13845265 1.27444863 0.885000706 1.03359747
    1.13125098 0.826325059 1.05166423 0.986689985 0.920212567 1.29097962
    0.992176414 1.74322402 1.6297617 1.47615576 1.77138519 1.62302971
    1.73171282 1.49451339 1.59755158 1.80408669 0.865594029 1.10952401
    1.47408628 1.1987586 1.21878016 1.49079442 1.16093445 1.52277589
    1.7969054 1.76582646 1.37556279 1.01738179 1.35179377 1.32653403
    0.705298126 1.18834829 0.617190242 0.733111799 0.666072309
    1.01088929 0.973739386 1.2154901 0.738922894 1.58609116 0.868578196
    0.799210012 1.39174771 1.34839809 1.03150988 0.97469461 0.907799602
    1.24924457 0.905175328 0.961142719 1.5062288 1.33926284 1.28960001
    1.35674202 1.67066014 0.972366691 1.64844978 1.49004865 0.959162891
    1.22630155 0.859759688 0.768508792 1.17268801 0.884937882
    0.896414995 0.912638664 1.32980144 1.45167279 1.68295491 1.18923962
    1.68642247 1.62897897 1.46124351 0.867444873 1.30527866 1.16559517
    1.25157082 1.31534636 1.15915918 1.74117613 1.82663691 1.10249877
    0.891211569 1.34402156 1.03686213 1.76786494 1.49890745 0.939010322
    1.57328665 0.865378678 1.71411228 1.05965137 1.44043219 1.27977443
    1.64064062 0.815037489 1.53156424 1.33103728 1.03844416 1.62620342
    1.70988548 1.14308286 1.40932286 1.67796385 1.5249151 1.40844846
    0.987549782 1.14535999 1.29855514 1.79594994 1.3777833 1.23922825
    1.05241346 1.27231371 1.34938478 1.41712379 1.03539646 1.32306349
    1.55904627 1.77649271 0.984555125 1.54835284 1.5276792 1.1900264
    1.08062088 1.47166431 1.32363379 0.962934375 1.29422438 1.47805417
    1.28963888 1.49870312 0.897897303 1.12936437 1.56131089 1.21537673
    1.4426955 1.39576674 1.35591245 1.57483757 0.929712713 1.60458946
    1.05802238 1.75307143 1.42902958 1.36923218 1.97269595 1.57458341
    1.65449941 1.35689545 1.43466306 1.34344208 1.57963443 1.40571249
    1.4306035 1.59377217 1.71356153 1.26582348 1.82979608 1.01251769
    1.57029068 1.98036087 1.5028553 1.04582274 1.77268577 1.94594634
    1.75961113 1.22234786 1.94030952 0.952912509 0.991180658 1.69130278
    1.79623353 0.878242016 1.52652192 0.932536066 1.36027932 1.62832999
    1.14027858 1.47632945 1.52156365 1.46556544 1.0125066 1.22162879
    1.44336569 1.20151687 1.09851265 1.06515753 1.96535635 1.08601725
    2.03957295 1.98079121 1.89459419 1.7538662 1.24082422 1.60238552
    1.7320509 1.94277883 1.75155544 0.975354612 1.4740994 1.55127525
    1.60000193 1.01172626 1.54335332 1.00159192 1.115062 1.72112286
    1.77120304 1.21746659 1.36297631 1.38449919 1.1835227 1.67550683
    1.81536412 1.13794458 1.46390116 1.04271221 1.35363698 0.931080818
    1.10968864 1.22143102 0.951600671 1.5118835 1.44939387 1.50071251
    0.972625077 1.79340935 1.73024654 1.4796263 1.67188096 1.35210776
    1.43907404 1.46860147 1.1770016 1.5260638 1.33467114 1.58645606
    1.45176113 1.46340895 1.79027033 1.41195798 1.39015162 0.893278182
    0.879869699 1.34167671 1.00572515 0.887691438 1.21109426 1.08220363
    1.02653396 1.45037556 1.65059125 0.959649563 0.835819423 1.37345672
    0.954944372 1.26671565 0.897582114 1.61345708 0.971747458 1.14734054
    1.61147654 1.38507438 1.228809 1.73888898 1.98458838 1.39663088
    1.99758911 1.75795853 1.73970532 1.86770308 1.15270483 1.09000969
    0.923251331 1.50692761 1.27369595 1.77092433 1.63896227 1.74696064
    1.92578971 1.34374654 1.77944565 1.44467938 1.75182068 0.90267843
    0.973607183 0.618709028 1.17743444 0.725294232 1.30377603
    0.824437797 1.55144703 1.13380504 1.04516351 1.01161706 0.882114053
    1.67768788 1.7485286 1.25266433 1.32826924 1.03640389 1.70290065
    1.15215695 1.67927766 0.988582373 1.54400814 1.27553356 1.62464464
    0.868009627 1.13609624 0.987373233 0.957558155 1.70582163 1.11846852
    1.15776658 1.29378128 1.64203656 1.03234839 1.06952715 1.71640456
    1.21643817 1.64298904 1.07934928 1.16452026 0.918571591 1.27536917
    0.924579382 1.69877541 0.919059932 1.54558849 1.76674211 1.23822701
    1.94817531 1.58000934 1.2960099 1.62442839 1.84715736 1.2429961
    1.40846312 1.83660662 0.996612966 1.73577285 1.48886228 1.2984314
    0.924338758 1.37868047 1.29225838 1.1734823 1.00796473 0.969250262
    1.08663082 1.10668969 0.93070966 1.02102566 1.15120459 1.43754768
    1.37016785 0.936531723 1.13840735 1.62689316 1.65561104 1.77071762
    1.37247288 1.52110231 1.73316383 1.64300418 1.52187729 1.38413835
    1.22563899 1.18399453 1.36997068 1.38942027 1.17578197 1.8258239
    1.14425087 1.06308329 1.72345614 0.991802573 1.35750127 0.899211943
    1.45312846 1.82518697 1.43036306 1.86888325 1.56965506 1.7968961
    0.963286579 1.61312461 1.39599252 1.29578555 1.20831406 0.988088429
    0.887321055 1.76047659 0.921442151 0.974272907 1.47088468 1.91793215
    1.88875043 1.16397464 1.35037422 1.4444015 1.27601779 1.12856627
    1.62407398 1.74365902 1.65869117 1.63084841 1.21593535 1.51819122
    1.12168419 1.27945697 1.0250932 1.90341043 1.55621052 1.7334187
    1.73284554 1.97126126 1.98532665 1.8471725 1.8016479 1.84379017
    1.80093551 1.78883553 1.64501905 1.26459658 1.68420684 1.46191919
    1.35520744 1.75000715 1.78790116 0.873938918 1.74955165 1.0881772
    0.964586496 1.17110419 1.57689857 1.00516784 1.8017863 1.49196434
    1.8849014 0.967402041 1.49642801 1.71796346 1.86351597 1.89067435
    2.08203959 1.96441376 1.41026616 1.47484863 1.59417784 1.49132621
    1.11868739 2.00550675 1.25907588 1.63308144 1.67506218 1.44300878
    1.52554238 1.93083954 1.74215615 1.28337085 1.32458258 1.60142887
    1.5955174 1.20094061 1.46368396 1.27954936 1.40687776 1.36284959
    1.73165143 1.35764527 0.917525053 1.17919528 0.807208121 1.23987293
    0.842584491 1.24381733 1.25499582 1.37827909 0.958445251 1.71846688
    1.84696639 1.39974701 1.97576618 1.38602209 1.54280984 1.95365965
    1.31415391 1.45850205 1.32235098 0.992331922 0.910367846 1.79102719
    1.35190654 1.54095411 1.20004511 1.01295388 0.987234116 1.81394708
    1.40055299 1.02239716 1.49792933 1.3114754 1.34210539 1.37131286
    1.25746238 1.81779134 1.71249962 1.21457219 1.35615897 1.51246965
    1.27045214 0.988600314 1.43999958 0.961190701 1.72195017 1.94314599
    1.71769726 1.82590795 1.84507346 1.20667279 1.16759169 1.41247451
    1.35589659 1.9444623 1.66037965 1.76101971 1.92543185 1.86716652
    1.38188589 1.64488816 1.41544151 1.68509912 1.1878233 1.11758995
    1.90079248 1.73292518 1.78873992 1.60936737 1.69800234 1.75547981
    0.864709437 0.631971836 1.27361202 1.12624538 1.22537243 1.71112764
    1.16272724 1.22544813 0.929482818 1.33589458 1.06110561 1.27999699
    1.40944493 1.31932449 0.863347352 0.82273531 1.26040041 0.916703284
    1.3408705 1.75524735 0.900910854 1.6926024 1.01716685 1.58294189
    1.40133393 1.45403862 0.933529496 1.4365201 0.92287612 1.51234305
    1.19629693 1.33545196 0.818323076 1.71343017 1.19677043 1.02484822
    1.0222851 1.19332469 1.10911655 1.52972615 1.68455315 1.24978864
    0.976650238 1.33687723 1.00417137 1.23953938 1.95516038 1.50548363
    1.49247539 1.06120336 1.18306458 1.71935141 1.82443249 1.90584564
    1.09514332 1.75809216 1.10325861 1.60281897 0.860859692 0.879112184
    1.63896191 1.02314627 1.35771251 1.1120137 1.16235137 1.60220075
    0.924660385 1.1958952 1.64587712 1.02189183 1.77730954 1.80859816
    1.85920906 0.948331356 1.00310612 1.73910224 1.38627124 1.31104112
    0.932035565 1.49396265 1.00410795 1.58852267 1.69210553 1.00452447
    1.02360153 1.51553106 1.7955451 1.61485147 1.68318522 1.23911476
    1.10053301 1.72353375 1.10428643 1.82669365 1.67969787 1.28644979
    1.33648586 1.28642595 1.07076263 1.81108046 1.40200818 1.41887021
    1.04935145 1.27362955 1.15783083 1.20222032 1.82057548 1.42358351
    1.09738326 1.54447722 1.06998682 1.47083437 1.46964216 1.32640707
    1.41055834 1.54451156 1.49810219 1.41331351 1.15865135 1.63429785
    1.97906995 1.37745762 1.95633447 1.479491 1.30930638 1.6940347
    1.17532218 1.0842061 1.5886271 1.68304169 1.62863934 1.42856371
    1.30640471 1.56076717 1.47493577 1.62666249 1.72913277 1.523471
    1.06417406 1.53202379 1.8203162 1.50393271 0.930720031 1.53729427
    1.34627295 1.32858849 1.87076771 1.17452884 1.35842121 1.47564018
    0.994863272 1.86360991 1.9408356 1.2736454 1.91079462 1.37549651
    1.58856595 1.20458841 1.54107487 1.68345225 1.89584589 2.01280236
    2.04776931 1.6123805 2.04306841 1.45840836 1.9412123 2.02036953
    1.97476506 1.33069837 1.75421262 1.70488036 1.60193253 1.7613436
    1.49330711 1.77535439 1.59511304 1.15870333 1.29437637 1.24497724
    0.989994645 1.56346393 0.896209002 1.25491774 1.51393867 1.21417058
    0.89912653 1.27569985 1.50826776 1.80025613 1.33732677 0.949474514
    1.54729474 1.27932298 1.32726431 1.65563715 1.04859221 1.47424555
    1.44966388 1.51861238 1.27269113 1.79236269 1.44230437 1.50956964
    1.21845257 1.46685505 0.995274365 1.64502823 1.03431702 1.34863734
    1.02824581 0.930084467 1.85307825 1.51458263 1.67332208 1.72208869
    1.08143091 1.67579532 1.02264071 1.62485516 1.07985902 1.69243586
    0.918367207 0.988798797 1.13434374 1.37607634 1.7092551 1.15436852
    1.76938128 1.42425251 0.966258585 1.50625587 1.57590556 1.34141099
    1.30054438 1.25634086 1.07386506 1.49736333 1.54047871 1.10801041
    1.85259724 1.59470487 1.67013657 1.09919441 1.19904482 1.74108374
    1.25204802 1.52868664 1.67847669 1.87167156 1.35122764 1.11346507
    1.30604327 1.13701153 1.65825093 1.12448847 1.45155346 0.737498343
    1.06187475 0.782727718 1.4646244 1.44213152 1.72918999 1.6205008
    1.50627649 1.92723644 1.72896659 0.984622836 1.24171472 1.63750339
    0.894192874 0.9686023 1.16780889 1.56990087 0.981226921 1.82299709
    1.63065827 1.61103415 1.2106632 0.916887045 1.28209591 1.54832041
    0.91262573 1.46447337 1.08333445 1.57561779 1.36332703 0.90791899
    0.976214767 0.950375855 1.73650455 1.74897075 0.941779792 1.48150313
    0.86374414 1.26447427 1.06564498 1.27212822 0.97400254 0.962616384
    1.46232831 1.80947506 1.80803943 1.86592877 1.53472936 1.30550563
    1.29207075 1.51995146 1.72644603 1.46126258 1.3050679 1.49850142
    1.06725931 1.77940083 1.32393122 0.856012702 1.82100892 0.916647673
    1.08400714 1.08186209 1.72722745 1.49223399 1.76756763 1.44609821
    1.32636261 1.63100636 1.26995337 1.72491729 1.6967876 1.53689396
    1.64162135 1.07554579 1.13429034 1.34367287 1.21623385 1.19708061
    1.40738642 1.01935148 1.19943285 1.96398294 1.81703484 1.22462046
    1.22715354 1.87101161 1.49158418 1.82621479 1.61529613 1.09573638
    1.09578133 1.7632736 1.40106332 1.64747322 1.04941595 1.44400823
    1.2745204 1.67688084 1.75866854 0.940009236 0.914331019 1.8661871
    1.52108848 1.79653776 0.958595932 0.904554605 1.26101172 1.19828498
    1.27409267 1.34916019 1.96092236 1.32518208 1.10005116 1.84048963
    2.03340745 1.89784634 1.99689543 1.65204322 1.95966637 1.48288286
    1.7131294 1.86206257 1.31007516 1.75415874 1.28261137 1.5254935
    1.22352457 1.08208501 1.76314592 1.64806879 1.29162121 2.00128055
    1.99554539 1.60487509 1.19147062 1.34552717 1.60796499 1.46821237
    1.47963285 0.978828251 1.40289688 1.08134389 0.981289685 1.89223599
    1.26226914 1.00943041 1.79113531 1.5624634 1.71042562 1.20982718
    1.76196468 1.01028728 1.83751905 0.98783946 1.31971836 1.1327008
    1.05131567 1.82766891 1.51540005 1.33270371 1.09733176 1.12388229
    1.93155682 1.8420366 1.99927473 1.9489063 1.70357668 1.44909489
    1.07804704 1.96888661 1.77692688 1.54589736 1.76031125 1.95778847
    1.77763748 1.70829523 1.12137544 1.72633243 1.25563252 1.07870281
    1.73310685 0.931017518 1.79457462 1.02179372 1.15719891 1.26104641
    1.1757741 1.78787625 0.92903614 0.902131259 0.920546114 1.27223945
    1.47186697 1.73620212 1.97519279 1.33709025 2.01447678 1.72317612
    1.77809393 1.24319339 1.42245269 1.87079525 1.59297502 1.05177081
    1.02686238 1.22669864 1.59449255 0.958490849 1.04073668 1.36569524
    1.57157791 1.16410351 1.60912597 1.85007572 1.56535041 1.72011721
    1.45831048 1.32777226 1.37566781 0.95834583 0.955808997 1.56823063
    1.48443925 1.5382055 1.09925163 1.44569731 1.83701789 1.82724202
    1.60810184 1.13464546 1.88668621 1.97239506 1.22208118 1.55112815
    1.50874472 1.37325585 1.92927885 1.41048801 1.20347178 1.5447247
    1.85756946 1.22210765 1.44743395 1.65121853 1.71923268 1.76911974
    1.34728801 2.04689527 1.18944836 1.98152232 1.16058278 1.07890987
    1.80669737 1.43886697 0.719817936 0.918544233 1.30457306 1.73899865
    1.7062192 1.35650837 1.1209178 1.61743534 1.03290904 1.74778557
    1.91774273 1.21860266 1.60487676 1.55581248 1.51992762 0.898553967
    1.10451007 1.33271122 1.19263422 1.40473568 1.11530089 1.5867306
    1.34163857 0.882671714 1.5134244 1.63009501 1.10456896 1.64581382
    1.30799448 1.54246163 0.952141523 1.22403312 1.34419918 0.900646031
    0.926578522 1.050053 1.11066651 1.1673758 1.59136021 1.78487825
    0.964972615 1.8226136 1.59360647 1.75952482 1.69825363 1.42489004
    1.32290173 1.65951562 1.4138025 1.41173673 1.21452045 1.50581682
    1.49570429 1.37699366 1.27462149 1.58334827 1.67964542 1.55554676
    1.16963792 1.024261 1.10052502 1.72873938 1.70112193 1.26992035
    1.63982069 1.48006082 1.23379397 1.93181384 1.92413545 1.06120539
    1.27762866 0.971208751 1.46550965 1.67644548 1.28416955 1.20199764
    1.13496304 1.65371788 1.91407692 1.35456967 1.4149152 1.45720649
    1.67436373 1.87135971 1.9460547 1.87588906 1.4677012 1.22823381
    1.02792764 1.81551385 1.90454447 1.821455 1.64712775 1.5053941
    1.2143352 1.76545548 0.993192255 1.05805933 1.45917642 1.34112179
    1.18268239 1.29060531 1.35659349 0.954666257 1.23225951 1.69585836
    1.33963835 1.64891636 1.18266177 1.65975296 1.4276948 1.56575572
    1.66061425 1.97982538 1.9097141 1.35337353 1.67475355 1.56296349
    1.94600928 1.41356647 1.37784767 1.12940741 1.06338036 1.81699026
    1.51705003 1.99939775 1.50745142 1.57629144 1.25870013 1.9202292
    1.1764226 1.24260318 1.82244194 1.24500751 1.61504781 1.30061924
    1.450387 0.993029773 0.878945827 1.01118803 0.912961781 0.86038965
    0.855976164 0.957210898 1.62148905 0.992996216 1.07943749 1.2700206
    1.25696993 1.86123145 1.89940548 1.28348231 1.90028334 1.49013484
    1.06169915 0.967057884 0.939158201 1.0051254 1.59023392 1.80990708
    1.31011486 1.85535789 1.14041185 1.69867647 1.60995412 1.32614839
    1.8620857 1.14767802 1.32946551 1.45907497 1.2475493 1.67369497
    1.967103 1.84921432 1.09509885 1.87516797 1.65277922 1.68453193
    1.26830328 1.46698654 1.3092289 0.917745829 1.7754916 0.873229802
    1.44217038 1.35601091 1.16098821 0.979617238 0.970519841 1.27465725
    1.60825789 1.20047867 1.59625816 0.953605235 0.981983006 1.11982489
    1.50849271 1.95934772 2.00203872 1.53273654 1.35334611 1.24866736
    1.16902554 1.50786936 1.84156191 1.03105187 0.96414268 1.11269343
    1.07178342 0.907883227 1.33444142 1.87690377 1.82234836 1.68726242
    1.74128723 1.79733455 1.72944391 1.58487523 1.05430138 1.67899394
    1.74100697 1.56853127 0.917656243 1.37367272 1.74942279 1.74734592
    0.997925103 1.74410939 1.9089489 0.978089869 1.25126684 1.69161975
    1.4681443 1.34871101 1.87785435 1.34312999 1.45609033 1.68442774
    1.86981976 1.46509206 1.8749752 1.78541148 1.0203526 0.948042393
    1.0343132 1.18450511 1.07133389 1.94503272 1.74984038 1.86648953
    1.5174644 1.55390835 1.9443264 1.80179822 1.65842247 1.61978292
    1.4968822 0.858884692 1.55974793 1.45913517 1.67073452 1.01950943
    1.08053648 1.49803531 1.26633823 1.40227842 1.77962196 1.12977839
    1.37327242 1.54566836 1.06170571 1.40933299 1.16846895 1.68313575
    1.16337693 0.952854514 1.08595824 0.902742147 1.34595954 1.45392084
    0.952844262 1.85228908 1.17384577 1.23307753 0.939031184 1.24601889
    1.03989923 1.46898293 1.36948824 1.16451919 1.21850407 0.951020718
    0.856400847 1.34883547 1.36219406 1.26494789 1.17075038 1.887344
    1.78264117 1.07357812 1.72818732 1.35346198 1.64119637 1.82754195
    1.26395977 0.99386549 1.62979245 1.33226311 1.28683221 1.30216992
    1.02923381 1.81371689 1.60017622 0.978527963 1.51259422 0.966672182
    1.59095466 1.18691206 0.989120424 1.29251742 1.3254298 1.90392447
    1.76876879 1.64845133 1.23653972 1.23877656 1.57111061 1.63379371
    1.37234485 1.87990165 1.15221214 1.2496587 0.972628772 1.81075525
    1.12439024 1.55800974 1.7957139 1.63541317 1.82469523 1.31275666
    1.62018025 1.04602838 1.22463 1.4699502 1.0125885 1.10527694
    1.37143421 0.956581354 1.10434258 1.18100524 1.41217601 1.41002679
    1.26739943 1.80394816 1.70230579 1.75504112 1.26008081 1.15278375
    1.73932672 1.8285172 1.64076936 1.81028461 1.70230091 1.48759019
    1.55755401 1.47637296 1.67075467 1.32470739 1.79668164 1.45126998
    1.93088078 1.22422838 1.63047779 1.82276583 1.4987762 1.96445
    1.96524286 1.87568212 1.37766039 1.28204513 1.14642966 1.42483032
    1.83676577 1.96557271 1.85810065 1.95387506 1.0539614 1.42789066
    1.66679764 1.37138736 1.33422303 1.15784478 1.09110904 1.66454005
    1.05000508 0.975676298 1.48862422 1.06847155 0.996609747 1.3173238
    1.52425921 1.57951283 1.85167682 1.68854392 1.16924024 1.71416938
    1.75636375 1.04183197 1.24213886 1.08428419 1.82026231 1.29396045
    1.07017112 1.06950736 1.17778039 1.75527787 1.96286929 1.70922196
    1.6561619 1.447173 1.69959188 1.40374303 1.66869199 1.09065533
    1.15557384 1.92161393 1.58725953 1.20116913 1.90538108 0.987466156
    1.70684314 1.08861685 1.37462962 1.76003718 1.37240922 1.82576799
    1.79461813 1.91556907 1.00907254 1.25128567 1.15976226 1.28943753
    1.63064086 0.938741267 1.15615618 1.76194978 1.48057747 0.940955877
    1.51312375 1.95272601 1.80606949 1.36896622 1.86976898 1.47651529
    1.763188 1.4159801 1.21506345 1.42784011 1.92454553 1.58367693
    1.14962697 1.32422471 0.917922974 0.930645108 1.67751217 1.84300792
    1.57956851 1.88631201 1.71732688 1.72488189 1.68765008 1.29967523
    1.45970142 1.94582164 1.06259167 1.91274583 1.75279558 1.75473118
    0.941568315 1.39969909 1.12539113 1.74431396 1.88840878 1.8855257
    1.84827542 1.10602641 1.09761298 1.13200414 1.57887018 1.2958312
    1.59263778 1.03206384 1.78416061 1.65818012 1.06673753 1.88050139
    1.11784112 1.32004726 1.01616645 1.37513363 1.25838804 1.27214336
    1.48113894 1.69444788 1.17269826 1.94365454 1.91920209 1.80229998
    1.25672519 1.18710363 1.57627547 1.8840332 1.71798348 1.04619801
    1.19012725 1.28166842 1.45145071 1.25084853 1.98022556 1.8714602
    1.43045163 2.02021289 1.9788661 2.00294113 1.97585511 1.93630779
    0.986242771 1.06503046 1.63270068 1.64509106 0.877836883 1.42384219
    1.22065938 1.43921423 1.46515691 1.35538852 1.37341547 1.51302743
    1.72494972 1.03020322 1.25409555 0.887271225 1.37469721 0.996013165
    1.58998942 1.42103064 1.37050104 1.64887619 1.49367321 0.980298579
    1.2430383 1.41362309 1.05292737 1.0405395 1.90073776 1.74923658
    1.03169858 1.77734113 1.9174732 1.7506181 1.07325411 1.26518667
    1.02381861 1.78823352 0.941916823 1.56566906 0.934337676 1.80876648
    1.29697752 1.21166992 1.50260091 1.31147897 0.935474336 0.957916796
    1.63795733 0.944762945 0.953379452 1.04983413 0.956257284 1.34984612
    1.6574713 0.949439287 1.55187678 1.86678636 1.8311857 0.950800896
    1.87103438 1.15756893 1.00795197 1.26524854 1.55286515 1.870682
    1.13604462 1.89750326 1.67480624 1.51019835 1.2662276 1.45929277
    1.89617217 1.87068844 1.35995245 1.24925876 1.18900323 1.60004711
    0.91723156 1.02103853 1.31048775 1.44460773 1.72410941 1.44968903
    1.40443504 1.1887548 1.94831181 1.36227202 1.86474133 1.62550032
    1.31818688 1.37311637 1.01269567 1.54279876 1.33812904 1.65452671
    1.09242165 1.22735822 1.02451432 1.56203222 1.05315721 1.07367492
    1.62373602 1.69059539 1.2318958 1.26248813 1.67845654 1.3509084
    1.31610072 1.88731873 1.85262108 1.21189487 2.02927208 1.88076794
    2.04415226 1.15651393 1.49651909 1.96393907 1.77205896 1.46790922
    1.35283279 1.26945937 1.5272131 1.66886854 1.22041464 0.914187908
    1.30131781 1.27810907 1.17799509 1.07248425 1.60348082 1.93589258
    1.73071313 1.95001805 1.09573638 1.0274018 1.64478838 1.61959648
    1.45525539 1.58591151 1.52454543 1.57024932 1.12368107 1.08057988
    0.996689975 1.10817111 1.4586004 1.84880829 1.3473841 1.06185257
    1.86196005 1.31833839 1.74694014 1.96340907 1.37748265 1.90263104
    1.49170303 1.06605256 1.46365726 1.28804636 0.992683828 1.11825669
    1.24957526 1.28123367 1.62173295 1.27640033 1.51260459 1.91732538
    0.944451928 1.83052635 0.921482801 0.991370559 1.74794483 1.69435346
    1.45464122 1.48173571 1.47456622 1.6615895 1.88184381 1.78625119
    1.06477225 1.95764959 1.2484107 1.67763948 1.22049034 1.74891245
    1.25512004 1.11674738 1.79724491 1.75490928 1.5741719 1.60318708
    1.44617999 1.65508044 1.47515869 1.35333943 1.23282385 1.67896378
    1.56438076 1.05749989 1.25212157 1.20996571 1.61676574 1.28137326
    1.82286072 1.90040326 1.6747607 1.79686487 1.08135986 1.29149532
    1.47758031 1.45257068 1.0453124 1.93896699 1.1827755 1.59934866
    1.45883405 1.46711743 1.08027804 1.82129848 0.992005646 1.54094601
    1.20692837 1.64637268 1.49405253 1.32513344 1.40168285 1.59508264
    1.85907805 0.93685925 1.59219265 0.929746926 0.985611975 1.70941877
    2.02872801 1.30796206 1.41834748 2.02599168 1.66101038 1.79202223
    1.25181937 1.63970065 1.16937637 1.5345341 1.46188724 1.50276303
    0.9256953 1.80230629 1.18245757 1.50840282 1.98759651 1.81989753
    2.08234954 1.41363645 1.83808184 1.2631408 1.03198969 1.12015474
    0.937421978 1.25576198 1.10711658 1.41122842 1.54654586 1.58478308
    1.52892709 1.09367085 1.57950556 1.82651114 1.00056374 1.07567406
    1.23056948 1.69023371 1.39720666 0.887032211 0.96976155 1.58412051
    1.82710826 1.30490816 1.34051085 1.6375699 1.77843535 1.07033777
    1.72253156 1.59433579 1.76869893 1.39481544 1.21100152 1.49251819
    1.88369584 1.51393247 1.36904144 1.63858056 1.56822848 1.18329489
    1.21749496 1.44587529 0.951458573 1.76522291 1.05342841 1.03593946
    1.4568305 1.61287248 1.77896249 1.77063811 0.962308526 1.60019469
    1.65117192 1.76471913 1.34713507 1.51770878 1.56405497 1.53086627
    0.972838461 1.50080848 1.53899729 1.71583283 1.61971927 1.04956734
    1.5409404 1.40870845 1.34613073 1.64970529 1.94142008 1.48745441
    1.71726036 1.41041863 1.62222135 1.30091155 1.41761434 1.44526505
    0.942839086 1.79781544 0.874147236 1.10429072 1.16935194 1.04570436
    1.00147665 1.91961718 1.42834067 1.32596648 1.22130299 1.56940329
    1.26729596 1.20751011 1.06852353 1.06799448 1.39441586 1.44219089
    1.17813826 1.49755931 1.46559882 1.84406817 1.73851728 1.66994548
    1.2074244 1.96460044 1.8350122 1.72036278 1.64904737 2.03122067
    1.40647578 1.10372865 1.43731558 1.09524322 1.60504842 1.70239961
    1.71214974 2.0761981 2.0121088 1.4953301 1.33853912 1.62878609
    1.60844791 1.53311944 1.34818959 1.64340854 1.68961596 1.33018565
    1.43800879 1.91113007 1.11090863 1.82668579 1.55785227 0.987428248
    1.3395654 1.59374714 0.94125247 1.27424276 1.23638844 1.87720644
    1.55759859 1.69972336 1.21031511 1.38484275 1.41429448 1.59158528
    1.5959444 0.890939951 1.69605362 1.27083921 1.77658129 1.04172957
    1.06667936 1.9676435 1.50849116 1.15933633 1.96094728 1.98029089
    1.6021055 1.13083839 1.50840378 1.87572742 1.62530339 1.095227
    0.958750129 1.00603127 1.79597795 1.39849973 1.03019392 1.38640547
    1.12129903 1.29382014 1.93940639 1.42318344 1.06920648 1.27854848
    1.30025399 1.1081512 1.70489991 1.86802256 1.14651477 1.28287029
    1.53750634 1.88960588 1.18403423 1.13145602 1.56834221 1.8193059
    1.96040678 1.35765493 1.2845763 1.563115 1.5498265 1.77754092
    1.50452054 2.00843239 1.83276713 1.50282288 1.05557835 1.25946641
    1.54163504 1.44947875 1.77696133 1.28128815 1.72707307 1.6446203
    1.52632201 1.62729764 1.89000928 1.36053455 1.74047589 1.82083488
    1.43311274 1.57128966 1.10896933 1.4275738 1.25969422 0.948300898
    1.55184388 1.53959453 1.82620871 1.8929249 1.71741188 1.05126727
    0.890186548 1.62519848 1.36954486 1.21180987 0.904361308 1.59639132
    1.47305775 1.84667182 1.84790826 1.66077232 0.921095431 1.41478062
    1.23068237 1.22733009 1.21442521 1.72086 1.69830537 1.88100708
    1.93471277 1.86386788 2.02363801 1.29300451 1.79068279 1.52061415
    1.69899619 0.833206475 0.884582698 1.04497552 0.952347577 1.66276336
    1.14387512 1.23759735 1.77757728 2.08601832 1.50373554 1.62980723
    1.14849424 1.81135631 1.73759365 1.63211071 1.67619121 1.7748692
    1.64597583 1.08753693 1.07188761 1.6626761 1.33648062 1.36615229
    1.20652747 1.11527252 0.904046834 1.06288898 1.7512238 1.37612355
    1.14962173 1.42037725 0.99920851 1.82689631 1.85481608 1.66492355
    1.01025558 1.39032829 1.7158252 1.52145028 1.91130102 1.96362567
    1.57157958 1.41890585 1.03186464 1.78249168 1.34914505 1.35809493
    0.99199605 1.94410515 1.76594067 1.24556863 1.74568677 1.58942568
    1.28891015 1.61895752 1.41838896 1.83140635 1.081357 1.81899357
    1.40413702 1.44335413 1.55037022 1.42283046 1.46513808 1.58820426
    1.32624555 1.52388549 1.19268167 1.44836903 1.57005715 1.65274465
    1.87149405 1.09697986 1.19013357 1.28936028 1.10541391 0.921963274
    0.916288197 0.966480792 1.83479655 1.39298844 1.28832591 1.03478456
    1.79581177 1.40432453 0.988785267 1.33432436 1.09064615 1.1552738
    1.49686432 1.18327141 1.40322256 1.14012802 1.27579343 1.04789984
    1.95872414 1.86208141 1.60540462 1.59004164 1.59448671 1.61769402
    1.24301219 1.26738596 1.89187932 1.50003159 1.92447674 1.77466404
    1.08327878 1.95334709 1.91774428 1.89338994 1.46908092 1.76702416
    1.03272462 1.93357885 1.82746136 1.7514478 1.74431825 1.7965678
    1.97847021 1.63952172 1.84355414 1.46913195 1.2346344 1.99563253
    2.00689149 1.4676373 1.4079529 1.59242046 1.21130121 1.44780207
    1.07062507 1.46952939 1.51073575 1.60891294 1.35744476 1.80081964
    1.64293909 1.67140746 1.41938472 1.33982134 1.88857329 1.45924366
    1.36089361 1.66114867 1.92849612 1.48079443 1.86672044 1.28830004
    1.90615642 1.2239486 1.54889202 1.79988813 1.24372315 1.8739121
    1.19980323 0.918652594 1.63951576 1.71603727 1.65925324 1.11189532
    1.18968618 1.28054464 1.43714106 1.13411558 1.61862373 1.88902271
    1.24856472 1.64635479 1.2537806 1.05513346 1.11860859 1.72591543
    1.76900899 1.26693857 1.384794 1.76232493 1.98275232 1.62531507
    1.55480313 1.35460413 1.84922123 1.77346933 1.41082299 1.46478653
    1.52552497 1.34993553 1.8548187 1.12201834 1.47472596 1.75297141
    1.16890168 0.996860325 1.89607882 1.94191933 1.26460302 1.06266105
    1.78826559 1.93570268 1.65365934 1.01911557 1.65614665 1.34011126
    1.24916351 1.52998304 2.03553772 1.40693104 1.90648878 1.92307055
    1.39719772 1.10600901 1.31483209 1.9416008 1.45228028 1.2550751
    1.74756908 1.93104017 1.4269017 1.21708679 1.34239888 1.71314895
    1.37969196 0.895210087 1.20958304 0.910039425 1.05245435 1.52807105
    1.25157571 1.26206982 0.993908763 1.32995844 1.69976485 0.912602246
    1.14741111 1.64265835 1.05303979 1.88582766 1.27524459 1.22920585
    1.51771975 1.30727804 1.35984826 1.60684192 1.08950865 1.28285396
    1.60768878 1.68829477 1.83922899 1.94317687 1.65842915 2.02517009
    1.47573686 1.26416051 1.209512 1.20845985 1.04574192 0.731046557
    1.34821117 1.49919105 1.42910624 1.30388606 1.01670158 1.60322011
    2.03855586 2.02271676 1.98423731 1.78602719 1.46307671 1.97820449
    1.68048084 1.82184887 1.10447085 1.57540786 1.61258996 1.15018904
    1.85257912 1.13748324 1.88924932 1.02448487 1.30906284 1.48468184
    1.75204194 1.85922372 1.36113012 1.30100965 1.90227449 1.09886646
    1.22917295 1.70177352 1.21412623 1.6537385 1.83791971 1.14741755
    1.5539614 1.17623496 1.76337147 1.77026474 1.69743872 1.64279938
    1.75385499 1.39906526 1.4169631 1.67605698 1.46898627 1.55747724
    1.11324203 1.3683368 1.07428718 1.83765769 1.75835943 1.35903108
    1.36477435 0.942866743 1.12967062 1.12839746 1.02290761 1.07810795
    1.79288375 1.33404744 1.10260034 1.41935015 1.11175251 0.955139935
    1.11002684 1.04152012 1.38808811 1.00041747 1.31681752 1.62472486
    1.45931911 1.56680286 1.48538578 1.87017846 1.19323564 1.05448365
    1.07304907 1.01567101 1.8756665 1.51581085 1.54321814 1.68043292
    1.4194752 1.25370204 1.2396692 1.21769786 1.6838063 1.84897673
    1.61522627 1.57652807 1.51084709 1.6432941 1.8601892 1.79450965
    1.95081615 1.83779109 1.43770325 1.91543484 1.87670755 1.87765598
    1.67594802 1.62494767 1.60755777 1.85543263 1.86545014 1.80839956
    1.37303996 1.6567812 1.98730612 1.19783592 1.68093908 1.78964722
    1.6066587 1.25748932 1.21470892 1.32227504 1.20372534 1.81852365
    1.44744587 1.60367918 1.48021388 1.83599102 1.15763497 1.94547462
    1.89919519 1.16474462 1.51304746 1.57093203 1.03715515 1.35497069
    1.14191175 1.91639173 1.04208386 1.66621888 1.7481693 1.78776574
    1.40269721 1.34865451 1.71747553 1.25275218 1.63047206 1.10398734
    1.6444633 1.54244888 1.73222685 1.63125145 1.16189408 1.34927022
    1.57176673 1.5078336 1.50196803 1.42558885 1.03568292 1.71529341
    1.75768542 1.57683504 1.87997508 1.46917975 1.64669847 1.62449658
    1.65779376 1.53365624 1.06342161 1.65970647 1.76990747 1.27227736
    1.15218723 0.952619553 1.74145603 1.86168408 1.51416838 1.77867758
    1.04047406 1.18681574 1.60971582 1.71114087 1.87068319 1.57597899
    1.21755016 1.37160754 1.02124846 0.997019827 1.53324747 1.83926034
    1.91245055 1.07865942 1.46618652 1.01468849 1.7176795 1.82083404
    1.18580317 1.14264703 1.47597146 1.22121644 1.67725646 1.14721131
    1.31812835 1.81601357 1.91114771 1.32043207 1.5467869 1.79472947
    1.74617553 1.17046952 2.00819111 1.94414437 1.87209511 1.08305991
    1.7063055 1.83376205 1.34147072 1.05977833 1.16877747 1.63771582
    1.00167286 1.02975368 1.04186273 1.93067265 1.32443643 1.35669374
    1.13890469 1.15422654 1.16369319 1.22270632 1.58319819 1.76833189
    1.1527797 0.858767092 0.923748732 0.85920608 1.79816186 0.861805975
    0.91997844 1.07815552 1.85935748 1.49011517 1.27334332 1.30581868
    1.26732743 1.63320708 1.57125723 1.26835048 1.06069303 1.79798305
    1.6603663 1.26634645 1.85737324 1.96470881 1.43408537 1.61120296
    1.6657927 1.45615506 1.63285601 1.4540112 0.658992648 1.52705312
    1.45786846 1.79553974 1.42499757 1.28605151 1.84763312 1.73533642
    1.67182004 2.00515413 1.92068172 1.45431793 1.15049112 1.42415118
    1.63614106 1.43360913 1.13431489 1.78702831 1.17918229 1.90571737
    1.27569997 1.33135247 1.07711816 1.46383572 1.38268936 1.51239014
    1.45515752 1.2340548 1.64724898 1.94832253 1.72596514 1.92995083
    1.98166108 1.66279626 1.64615214 1.88061118 1.51351547 1.90499139
    1.85579693 1.828192 1.7222811 1.56431389 1.3574028 1.59789395
    1.89351416 1.31464601 1.06811607 1.52294469 1.30105352 1.33007407
    1.61874676 1.50138283 1.50172436 1.92156994 1.66889191 1.23546815
    0.999845922 1.19634271 1.85876942 1.14757013 1.78201365 1.16400898
    1.15217352 1.79154468 1.30350518 1.15941787 1.0494405 1.12227607
    1.20326245 0.94141537 1.76182663 1.02446079 1.83527982 1.72871292
    1.73650515 0.91564548 1.07880664 1.42521787 1.09165382 1.12845981
    1.4736104 1.50711441 1.52280021 1.89623511 1.16643083 1.57098484
    1.0858345 1.41808891 1.82098782 1.56904018 1.81254709 1.33852291
    1.79078221 1.59082961 1.10911429 1.86552119 1.82903612 1.21123111
    1.90185475 1.99766552 1.74828422 1.29816699 1.08036447 0.978711069
    1.00811613 1.62057889 1.5823729 1.20668137 1.10884225 1.57384074
    1.18185043 1.27419138 1.07306826 1.09535217 1.98959017 1.77149177
    1.84533548 1.74940896 1.11528432 1.3123641 1.69795799 1.88069582
    1.63540208 1.51520693 1.93797553 1.27186227 1.90731049 1.91913092
    1.74107361 1.73438942 1.92550957 1.40090477 1.33968568 1.74009967
    1.91162884 2.00915551 1.79732049 1.80333698 1.66109037 1.43606365
    0.9504655 1.64271486 1.33895743 1.28887343 1.97543311 1.72217906
    1.12478089 1.70904684 1.7479316 1.19822729 1.03920078 1.66490817
    1.72049654 0.989449143 1.23259032 1.36140501 1.61067724 1.95942736
    1.69699073 1.90081227 1.32570469 1.72117329 1.71740663 1.51401949
    1.28203607 1.56625879 1.63810015 1.74217451 1.40491605 1.24613881
    1.29003692 1.50256169 1.75955784 1.43027127 1.92214179 1.665452
    1.71113372 0.994438529 0.976496994 1.05474544 0.943266273 1.26908314
    1.92762768 1.34869742 1.53259242 1.96791649 1.28444624 1.15599179
    1.32006729 1.79804313 1.26617038 1.79153788 1.44863904 1.17226267
    1.21923721 1.45935452 1.53694224 1.11695731 1.45336199 1.71683407
    1.22356308 1.12354636 2.05189276 1.62003636 1.87363958 1.7401849
    2.06798482 1.79403222 1.43518305 1.41650271 1.5599755 1.24263191
    1.22169852 1.71897328 1.42196369 1.01445389 0.968034983 0.996287763
    1.59230769 1.90395999 1.87922275 1.43291688 0.951936305 1.27199221
    0.947187603 1.50917351 1.34694827 1.64993787 1.39121807 0.919495463
    0.951960564 0.79298532 1.10268092 1.19582844 1.46098459 1.01987028
    1.6209687 1.51556802 1.24438202 1.66817081 1.49642944 1.59999096
    1.07643259 1.75138521 1.33833241 0.975335062 1.87229192 1.70799494
    1.27394629 1.90121627 1.86220717 1.03166544 1.12318754 1.20697439
    1.44267178 1.45699024 1.28234303 1.48208737 1.34951186 1.04147339
    0.96525228 1.80583858 1.85569859 1.06888247 1.51237631 1.13526726
    1.4277842 1.14231372 1.22760582 1.78499186 0.933617175 1.80091643
    1.75040877 0.960810125 1.63323367 1.09882021 1.81998956 1.79976976
    1.74284005 1.43801332 1.38681841 1.03144038 1.45582235 1.45254135
    1.73538995 1.54224193 1.86303294 1.36248386 1.78533447 1.10060632
    1.13981187 1.78200495 1.94960809 1.85900211 1.96551979 1.80127215
    1.76664805 1.36969674 1.8862654 1.19131362 1.19331694 1.91785038
    1.6185379 1.85629916 1.2237078 1.45253563 1.76340103 1.17446959
    1.79497123 1.5476079 1.32465553 1.21715438 1.13051558 1.28972256
    1.38886929 1.4161613 1.65792418 1.00429714 1.40966439 1.310238
    1.07631481 1.11124575 1.30116403 1.45900774 1.26325929 1.5876509
    1.22917545 1.64207327 0.977996767 1.4349283 1.09760487 1.38222635
    1.6848613 1.78888738 1.65758669 1.37240517 1.20686042 1.08710957
    0.893889606 1.1483742 1.55836689 1.48237944 1.84809327 1.01239836
    1.11394644 1.18190372 1.10390973 0.980048418 1.12971103 1.52253008
    1.87444139 1.08297455 1.11792314 1.58095002 1.87610674 1.93986297
    1.20535195 1.32647288 1.02068114 1.9193598 0.996583462 1.86794996
    1.13863528 0.989555895 1.36716354 1.95899093 1.89770043 1.05712342
    1.68710208 1.74901307 1.91089785 1.37344515 1.2757076 1.69819164
    1.07667816 1.1463995 1.47228754 1.78025639 1.80172098 1.92021894
    1.72766626 1.12662911 1.48507905 1.73628187 1.07982635 1.23635471
    1.06121135 1.47710216 1.533548 1.0619812 1.10947883 1.31752861
    1.99718428 1.57424629 1.94549191 1.44654548 1.12801731 1.09396327
    1.67824495 1.58189046 1.07744682 1.63051569 1.47517526 1.58270907
    1.80987465 0.971542537 1.56534779 1.23705566 0.889783978 0.964921772
    1.02894258 1.16921222 1.27398729 1.86529279 1.50915825 2.04470205
    1.73102164 1.85331607 1.88619268 1.46431291 1.09248662 1.303496
    1.75135028 1.09656501 0.897513092 1.42241335 1.4921006 1.22451329
    1.21507251 1.2341609 1.3148123 1.97319782 2.00033355 1.80689144
    1.1415875 1.48414814 1.28814316 1.31006241 1.89583814 1.41298056
    1.85437822 1.18847823 1.26101351 1.06886637 1.8314997 1.34030724
    1.16444886 1.53569078 1.76237988 1.62667584 0.969962418 1.43487
    1.27052355 1.51493931 1.51252699 1.80548406 1.90153837 1.93570817
    1.96126699 1.94018388 1.45923221 1.3379662 1.84691226 1.72545063
    1.75941312 1.50896215 1.92870736 1.21676552 1.66325486 1.05457997
    1.25995958 0.950959384 1.43062711 1.53493583 1.00577855 1.87445009
    1.43185925 1.46123207 0.974559307 1.46313429 1.56626606 1.06705832
    1.34309459 1.53560317 0.897013247 1.32924962 1.32753837 1.38350749
    1.38330531 1.01612723 1.61878884 1.36825287 0.980873227 1.72574389
    1.36777723 1.8257215 1.16761303 1.28305292 0.883930564 1.52212238
    0.91961509 1.15552914 0.99813205 1.08002865 1.09815776 1.03531373
    1.79089522 2.00619602 1.73335063 1.57599306 1.73644888 0.948804319
    0.580841184 1.523121 1.7792393 1.48854375 1.31628108 1.40078986
    1.3848418 1.18132424 1.96735239 1.9446398 1.81873703 1.48695445
    1.30628383 1.00748003 1.55370331 1.06078792 1.15272284 1.39180899
    1.19327211 1.72675037 1.69084799 1.15067422 1.60660768 1.68173862
    1.85197937 1.80520356 1.69909096 1.98928905 1.77962554 1.11828601
    1.20734835 1.93916965 1.52120388 1.36853385 1.44805086 1.21050692
    1.68510365 1.09722781 1.29511106 1.46076977 1.59246528 1.08328342
    1.5330863 1.61982965 1.33922958 1.87594545 1.46274829 1.35635281
    1.1641233 1.3821497 1.35063398 1.86630177 1.07304287 1.0611372
    1.35979915 1.21645296 1.55319464 1.00223637 1.6832093 1.53031349
    1.82752359 1.52549183 1.1685096 1.73729599 1.6485579 1.07723677
    1.72120714 1.07972777 1.17695904 1.74383426 1.66462946 1.50774789
    1.83625805 1.68884754 1.5027113 1.17991149 1.04944217 1.41570139
    1.51532662 1.45249748 0.883141994 1.3384949 1.44427061 1.08642828
    1.60444498 1.44586849 1.83717346 1.06671536 1.15825033 1.15927184
    1.00244296 1.70846677 1.87329352 1.51332474 1.66935003 1.18449724
    1.51016283 1.03755307 1.01371586 1.5606252 1.05079496 1.79386318
    1.88702881 1.16437781 1.30829024 1.71821916 1.94209909 1.33182418
    1.14844048 1.89319217 2.03435659 1.43442881 1.67656815 1.26581776
    1.10031497 1.50821006 1.4178412 1.69466686 1.36736107 1.35010421
    1.76984894 0.953953862 1.50838387 1.56970358 1.37237513 1.19847238
    1.76881111 1.04735792 1.5806582 1.70023406 1.93952525 1.00300407
    1.31154776 1.38441575 1.59714663 1.05137622 1.69052231 1.74452603
    1.44735956 1.28765321 1.241382 1.11168492 0.916735649 1.68003416
    1.6283567 1.77530038 1.92108142 1.49345803 1.99483287 1.94321787
    1.25170124 1.29940999 1.32723677 1.15289211 1.55185544 1.64663637
    1.8614167 2.01755214 1.56532085 1.80401707 1.52141571 2.03113031
    1.87129843 1.4174037 1.10961175 1.18761086 0.996905684 0.956885815
    1.83497787 1.19777799 1.19318187 1.91284728 1.32225835 1.5733856
    1.3633455 1.35940325 1.93001342 1.08936298 1.64786458 1.72453368
    1.46327209 1.64793789 1.54848254 1.56526613 1.54512274 1.7172029
    1.93417788 1.11896205 1.30522037 1.03736889 1.37677026 1.78023851
    0.99598074 1.76749492 1.07008576 1.39295745 0.971842468 1.89397538
    1.52188861 1.12726712 1.97103846 1.64375317 1.94063628 1.2326467
    1.87074935 1.14165938 1.53881252 1.52933276 1.92423081 1.70558918
    1.24933815 1.30589914 1.06012368 1.55692959 1.75555432 1.42212677
    1.75024223 1.65312922 1.29013574 1.90303016 1.55158746 1.28093076
    1.59561121 1.5912677 1.88724685 1.65563333 1.80330241 1.21223068
    1.15134358 0.959088206 1.02318096 1.17305589 1.17307448 1.33116949
    1.74684644 1.75441074 1.06508398 0.926484823 0.939141512 0.883842885
    1.49371123 1.17789924 0.970679462 1.4613632 1.72980726 1.14983821
    1.06381083 1.13643026 1.35435534 1.93168843 1.34956002 1.21846735
    1.75287056 1.75415587 1.52380097 1.5937773 1.51202297 1.1965425
    0.837172329 1.49139059 1.65331054 1.15093088 0.966725171 0.952807128
    0.990061879 1.09309494 0.947448969 1.82207036 1.13367975 1.00096941
    1.36616242 0.882957399 1.78166556 0.919057012 1.79199886 1.14587092
    1.96685541 1.97290885 1.90382576 1.30395985 1.58252084 1.51316988
    1.71232402 1.15070558 1.94025576 1.68470228 1.48220944 1.68046701
    1.22003925 1.78268301 0.992643297 1.72642481 1.51988733 1.96389389
    1.32651675 1.40643048 1.93444848 1.14548731 1.70339584 1.46310365
    1.77944624 1.10959435 1.04969633 1.74620664 1.9450109 1.54877579
    1.44848418 1.18710077 1.23301435 1.28034294 1.69804442 1.09342396
    1.75579202 1.76108599 1.30347407 1.61507225 1.03132641 1.01239347
    1.6986438 1.7539053 1.07386971 1.76831126 1.56188953 1.14521015
    1.23515546 1.61955607 1.27879727 1.02015507 1.40261352 1.16396058
    1.77603436 1.75191295 1.47926283 1.10774589 1.15326238 1.09121835
    1.07491493 0.903823555 1.45184994 0.96839875 1.77530575 1.50178719
    1.2023052 1.6736325 1.22877491 1.10166752 1.06815839 1.63721859
    1.94962692 1.01007557 1.59559977 0.96971792 1.13480043 1.75767589
    1.72887325 1.2312212 1.66881549 1.36465073 1.55667865 1.79006469
    0.937068045 1.37591863 1.11610198 1.87595868 1.33653557 1.50804687
    1.65568578 2.02667999 1.97057116 1.53041553 1.42749 0.989266336
    1.07865024 1.30932212 1.49777281 1.25829554 1.12614703 1.10299218
    1.23574996 1.05893719 1.28113389 1.68866324 1.025069 1.85161555
    1.66552794 1.5201515 1.56646681 1.90413976 1.51019394 1.94418061
    1.34804785 1.35563278 1.73460197 1.12753117 1.38878107 1.21773779
    0.910110652 0.94513607 1.34602737 1.22883236 1.41570222 1.91508102
    1.35443187 1.79320443 1.69396639 1.8511343 1.22269201 1.3586663
    1.18625879 1.08938003 1.26096678 1.50147605 1.18547559 1.31571698
    1.29918337 1.43662822 1.3610307 1.88116574 1.15191746 1.71017992
    1.42629075 1.04379797 1.57324004 0.87413764 1.25151491 1.02618933
    1.02926505 1.9056778 1.59515095 1.40753436 1.76352024 1.63918149
    1.90480936 1.43995345 1.12172019 1.03377056 1.59744251 1.13981998
    1.09329975 1.09602511 1.38680899 1.37845612 1.75239873 1.34221792
    1.26748669 1.03249454 1.89781511 1.37280202 1.03924119 1.27335691
    1.41581714 1.29011071 1.29748833 1.55275643 1.71818829 1.54102528
    1.05353975 1.36831439 1.99328041 1.29924476 1.43447173 1.97539961
    1.39658856 1.77575397 1.00076985 1.82099962 1.29695404 1.26537049
    0.920193732 0.997916222 1.88667369 1.09397411 1.9426434 1.82451618
    1.53715587 1.3455435 1.50792873 1.63016474 1.80100882 1.81295538
    1.78808212 1.8267014 0.923632026 1.04864323 1.17681384 1.49136281
    1.26312351 1.36666167 1.25224257 1.15451276 1.58938217 1.64654601
    1.69515932 1.69658399 1.88509727 1.11388326 1.10989749 1.6723572
    0.971092403 0.992689431 1.3727448 1.75315797 0.950739145 1.24207711
    1.39609337 1.59675074 1.06592441 1.9785943 1.93631959 1.88383055
    1.7368871 1.60001838 0.598143518 1.31707549 1.31627774 1.16240358
    1.71029282 1.43739522 1.06151009 1.77955997 1.87266171 1.82531679
    0.943328381 1.06152594 1.85026228 1.12087369 0.967122912 1.75041771
    0.942992866 1.03345358 1.7338202 1.79709864 1.64780879 1.52872145
    1.27183127 1.94305301 1.41011512 1.40689433 1.27603722 1.61598003
    1.47307968 1.87206519 1.27725863 1.88450015 1.12446928 0.999078929
    1.31730199 1.47082555 1.75309885 1.56696784 1.03753388 1.41401577
    1.96117282 1.78587556 1.22429085 1.71825671 1.40095079 1.87650239
    1.04920471 1.57438886 1.98628628 1.39322531 1.72332096 1.93168867
    1.78185058 1.84898841 1.53486836 1.38785911 1.48634613 1.91623676
    1.92364371 1.1262964 1.74529922 1.03809261 1.4520421 1.69563735
    1.63874483 1.28231823 1.05712187 1.62079692 1.49904203 1.21288252
    1.66440761 0.945261657 1.2377429 1.59560096 1.07348871 1.61386311
    0.908694565 1.07268918 1.49770117 1.36435843 1.62397373 1.03253186
    1.31000543 1.54063213 1.13612938 1.91058874 1.43771768 1.0795505
    1.84531462 1.2322073 1.90275347 1.55039907 1.96587777 1.2928673
    1.00169039 1.91793442 1.26846552 1.70135248 1.64186394 1.72363329
    1.05205953 1.75869036 1.43507969 1.06877661 1.28023005 1.20838416
    1.14551771 1.47553718 1.23355138 1.83817458 1.85833001 1.94677031
    1.61905766 1.16942501 1.41164482 1.64006639 1.80552816 1.73154974
    1.43889475 0.917651534 0.923366845 1.69776702 1.91963494 1.24007094
    1.43603837 1.81061494 1.89632463 1.95434844 1.76915932 1.8184104
    1.19518745 1.23040295 1.25730145 1.70096624 1.54014516 1.77690411
    0.980644405 1.32098937 1.10387492 1.8280493 1.47707164 1.2401731
    1.30310953 1.05298889 1.59501863 1.64418912 1.20825422 1.99891269
    1.38138843 1.03342283 1.35941815 1.70661819 1.28183007 1.20283771
    1.85404086 1.6448195 1.06382167 1.94897175 1.48446214 1.43217289
    1.98720586 1.29544723 1.67134845 1.66910851 1.46827126 1.78962123
    1.41432929 1.53982055 1.40559292 1.32090831 1.68941867 1.16475272
    1.64239478 1.69602048 1.20821404 1.89732146 1.50453138 1.81881225
    1.27485752 1.18726313 1.45501196 1.43401718 1.7664839 1.02214372
    1.26818192 1.30771065 1.74739993 1.85124171 1.60677981 1.63005638
    1.70502949 1.65014565 0.970411539 1.48615742 0.93225342 1.63509643
    1.48957539 1.06733739 2.01374507 1.25244415 1.19187462 1.80360258
    1.47019827 1.02777588 1.01205409 1.36509037 1.32479084 1.77803934
    1.76349878 1.16941082 1.43914986 1.0703311 1.67815626 1.43812406
    1.64064705 1.75806069 1.51588118 1.28507185 1.05783916 1.65324521
    1.75175154 1.20761263 1.60773873 1.31308246 1.41278136 0.983403623
    0.940897226 1.43468451 0.970725477 1.73236799 1.7665447 1.76185679
    1.45660484 1.29309523 1.06319308 1.9611237 1.80515385 1.05129182
    1.04028785 0.939078748 0.983188331 1.15146255 1.79275656 1.04549468
    0.962116897 1.40344071 1.65961933 1.95136619 1.5167073 1.87022591
    1.74505591 1.10673392 1.92271197 1.5550046 1.58059061 0.744672775
    0.916984916 1.13186908 1.62504148 1.18097091 1.70165157 1.70431435
    1.27576017 1.82290375 1.12904549 1.23136544 1.80881953 1.63593662
    1.82823277 1.06910217 1.32014847 1.89279711 1.41189277 1.00957429
    1.22411275 1.15790129 1.52387452 1.71115553 2.06229973 2.00774193
    1.92232859 1.57474697 1.44192123 1.98863328 1.47123492 1.41611147
    1.85171402 1.70922065 1.91124237 1.48617864 0.951128066 0.971415043
    1.5981741 1.62416399 1.64662039 1.14400446 1.95882142 1.12008893
    1.71735537 1.84759879 1.68089318 1.61815131 1.86216903 1.91492069
    1.3024323 1.14407957 1.38546419 1.10082519 1.13530791 1.62121594
    1.07585824 1.26401329 1.6141994 1.81553566 1.10259998 1.43040252
    1.7020731 1.60344636 1.36292028 1.29575229 1.57191825 1.74851692
    1.04533732 1.0836761 1.3211354 1.14326 1.81632113 1.13932478
    1.23103261 0.947630525 1.85192418 1.17506206 1.07146943 1.32976365
    1.78510475 1.31760454 1.74035466 1.08643544 1.86288702 1.61112905
    1.01716375 1.35964179 1.5856967 0.993827879 1.74158108 1.65461981
    0.968952775 1.76331317 1.48712504 1.18939638 1.98308253 1.24097252
    1.00895393 1.84300947 1.99919581 1.9733206 1.04373813 1.70923412
    1.497648 1.87575245 1.11172509 1.68556917 1.30913186 1.57236135
    1.15818357 1.62315249 1.91538465 1.30763316 1.87408161 1.76709187
    1.38994789 1.83298826 1.21735704 1.60365748 1.37435329 1.27076674
    1.46795046 1.12096691 1.77485836 1.87586761 1.07307291 1.73799527
    1.89705777 1.49630916 1.37492728 1.69771814 1.19107139 1.15507078
    1.96961164 1.42047882 1.95841372 1.93995392 1.0023998 1.16961765
    1.64212739 1.74778724 1.11169803 1.65200102 1.75224864 1.03727794
    1.90900874 1.31762123 1.57999802 1.50195003 1.34834993 1.38326836
    1.40407217 1.07754099 1.54326224 0.965314567 1.26770449 1.86562467
    1.16992247 1.97234571 1.84473515 1.63767207 1.22310233 1.99719262
    1.95393229 1.33954418 1.45599401 1.17539728 1.42056906 0.892667532
    0.968767405 0.881633639 1.36617815 1.22753298 1.25561798 1.09083903
    1.46364152 1.64183295 0.999521971 1.1026305 1.73734808 1.01507628
    1.86354864 1.55972695 0.929918408 1.19665647 1.66857791 1.89403903
    1.88656914 1.69698501 0.934124827 1.10723937 1.26800644 1.87825489
    1.70326841 1.85207808 1.16886985 1.55201006 1.83590996 1.73056662
    1.88011181 1.49104488 1.80726779 1.71252334 1.42930746 1.12367833
    1.37414837 1.16598797 1.41039288 1.03830647 1.11660695 1.70849705
    1.70085156 1.15614307 0.921544731 1.08561254 1.06246758 1.94373834
    1.78022933 1.01811969 1.23435867 0.946353257 1.08457124 0.910207093
    1.22958839 1.26591015 1.40769494 1.00408661 1.75140071 1.04556501
    1.20014644 1.32106745 1.19058096 1.36238313 1.72352827 1.33986771
    1.97249508 1.13653564 1.7701093 1.35348761 1.64539504 1.23236299
    1.55138481 1.50513923 1.83543146 1.93106735 1.71267045 1.2277987
    1.72664356 1.53603768 1.57813978 1.33538246 1.86052382 1.53891194
    1.94118226 1.818959 1.5188607 1.19998431 0.990444422 1.37996614
    1.50430274 0.907202184 1.44995761 1.93214548 1.77697635 1.33800614
    1.10728347 0.979811668 1.25442123 1.81166089 1.14649212 1.81144595
    1.73356676 1.80250525 1.01688457 1.31727839 1.87145078 1.89931321
    2.03385401 1.38177609 1.45899343 1.79350519 1.96096003 1.48157036
    1.63833892 1.1371932 1.44108355 1.66129279 1.75443423 1.56329286
    1.8222605 1.8265686 1.24296224 1.03079057 1.2709825 1.78188419
    1.61671793 1.65757632 1.04836202 1.91503322 1.55051136 1.47603607
    1.11282468 1.60385025 1.43192744 1.7614938 1.25982428 1.383991
    1.78232646 1.30312073 1.28579533 1.5400877 1.95797539 1.51526904
    1.91420519 1.75927532 1.00607812 1.81122613 1.73476028 1.41073442
    1.89030135 1.76643658 1.87225997 1.09719181 1.12557769 1.48201251
    0.92751199 0.877115369 1.49647796 1.59708893 1.18804431 1.88717902
    1.84696245 1.20475173 1.60475016 1.0826515 1.13807142 1.476596
    1.32554722 1.87259507 1.06132293 1.00845575 1.17847764 1.57620549
    1.34914982 1.12997401 0.995017767 1.02455449 1.46192133 1.44135308
    1.03166771 1.87944186 1.64205408 1.52168918 1.36810541 1.94707656
    1.1772542 1.45753765 1.47630537 1.7342993 1.68889678 1.43640494
    1.44472158 0.974587202 1.26724756 1.73299384 1.87073863 1.27471209
    1.10599041 1.50123131 1.01128614 1.11364996 1.65528429 1.40567338
    1.01313055 1.59539783 1.41389275 0.939880013 1.24678195 1.14222062
    1.9043262 1.76531816 1.44890356 1.39600635 1.31946135 1.8480233
    1.31250942 1.35230207 1.85240531 1.95996726 1.79642963 1.29660606
    1.16123939 1.556108 1.36593521 0.991734266 1.39820457 1.73777199
    1.90565705 1.78964436 1.85279012 1.31145072 1.68700719 1.57304418
    1.49830425 1.44199049 0.945762694 1.70759821 1.63143218 1.22822511
    1.85338032 1.70837569 1.73493743 1.66735244 1.8852756 1.51485598
    1.18977988 1.42240906 1.11242473 1.24614763 1.70179141 1.15035248
    1.17703974 1.70225787 1.39606321 1.62446606 1.87206113 0.964098871
    1.10649693 1.11572218 1.29997575 1.54627776 1.96156681 1.09345293
    1.27140975 1.09897542 1.00353456 1.0860827 1.85875916 1.11981881
    1.8552773 1.709782 1.58840346 1.88102603 1.41376829 1.26534021
    0.911284149 1.31629813 1.20829165 1.5466634 1.72759604 1.03631997
    1.11390388 1.73343456 1.80243468 1.39239216 1.94312191 1.70458496
    1.81867492 2.00076056 1.96797633 1.61789823 1.99681759 1.02861619
    1.35456014 1.41624939 1.57815063 1.21859562 1.40476429 1.1966691
    1.04248798 1.71955156 1.8097626 1.22871315 1.44983792 1.57009399
    1.4148407 1.5340054 1.21406043 0.978794873 0.994650126 1.32395005
    1.82842112 1.39527452 1.21162486 1.29077435 1.75631583 1.07640755
    1.90014184 1.86729002 1.49271548 1.65567887 1.87455261 1.38182914
    1.96054232 1.20338392 1.41543782 1.62055159 1.1233269 1.16567802
    1.77234888 1.80219567 1.12541449 1.77166665 1.8070581 1.46700943
    1.2458818 1.52253604 1.71269131 1.25857389 1.75366569 1.29858172
    0.890417516 0.680426478 0.563009083 0.906360447 1.10382748
    1.56881428 1.15353596 0.982188523 1.62590158 1.60403991 0.971558273
    1.4969815 1.79487574 1.64824307 1.08891809 1.08526874 1.09184849
    1.11650968 1.28489852 1.55757892 1.3423878 1.56240511 1.9212451
    1.61864889 1.69493377 1.11983383 1.95910072 1.81604373 1.53102517
    1.87156785 1.77963781 1.12939048 1.46349812 1.13298333 1.20461798
    1.82212842 1.06585371 1.80082655 1.30931199 1.36746407 1.93361247
    1.95274651 1.65325546 1.52308917 1.94937992 1.20678163 1.02207899
    1.58982444 1.35246468 1.24111414 1.55651057 1.83593643 1.94801533
    1.3462168 1.19370914 1.98969531 1.92676151 1.26359808 1.16655719
    0.99831605 1.33665335 1.48224437 1.06729007 1.44136131 1.5435555
    1.45386398 1.04531789 1.26571023 1.7069484 1.51374614 1.59318411
    1.33906698 0.89463973 1.31195891 1.76287842 1.08599269 1.17156827
    1.60433698 1.40266097 1.17645788 1.1537118 1.27715707 1.22949004
    1.43551147 1.54460716 1.27749288 1.0738076 1.44134843 1.20044148
    1.76455915 1.82150078 1.51659524 1.81323338 1.14718235 1.99097085
    1.59703231 1.80736244 1.88490462 1.34791529 1.3477087 1.44215322
    2.03020883 1.98643816 1.31276047 1.45055187 1.87693679 1.8404268
    1.27841008 1.3312993 1.27390146 1.63746941 0.979578316 1.12888396
    1.40304148 1.54683971 1.712309 0.994086206 1.28891921 0.913069487
    1.40614176 0.875806749 1.35741782 1.57884407 1.81981266 0.94090569
    1.04144049 0.946563542 1.40972102 1.11956954 1.93657911 1.84746385
    1.07961571 1.97129273 1.13980043 1.90380442 1.98866117 1.66726506
    1.92751217 1.94483328 1.11703837 1.04425144 1.90443683 1.62915552
    1.09537435 1.64331496 1.20006382 1.65732265 1.96821845 1.66642678
    1.63372445 1.04110813 1.27475286 1.040892 1.09397864 1.3000859
    1.59724903 1.08624566 1.42378533 1.89648938 1.91793406 1.47112119
    1.39165998 2.02894568 1.76572537 1.4774605 1.90297782 1.08104932
    1.85836291 0.991256893 1.2132982 1.19409657 1.30576897 1.75489509
    1.41804051 1.90799308 1.77928126 1.69058335 1.65356803 1.56848586
    1.01988232 1.06531894 1.36738205 1.15229607 0.922948539 1.28619552
    1.70163488 1.24161804 1.38059986 1.44956362 1.1752491 1.57157338
    1.26321769 1.59142339 1.0327456 1.06449711 1.66253769 1.16926908
    1.27413845 1.27133441 1.96727371 1.99500287 1.99935937 1.79394436
    2.02903986 1.91466582 1.48640203 1.98206782 1.37788594 1.67005002
    1.82170475 2.00390077 1.47473001 1.15397334 1.88172746 1.43733978
    1.58574057 1.29411411 1.90055776 0.963947594 1.05508399 0.994695783
    1.55477083 1.57716358 0.926309764 1.7670716 1.90497541 1.3740921
    1.90399098 1.55147326 1.95957363 1.61758184 1.59209895 1.63122106
    1.75214756 1.72832274 1.1260581 1.46140826 1.26129389 1.69341707
    1.95661175 1.16249633 1.55308986 1.65298784 1.73324704 1.70109141
    1.15796256 1.0448997 1.70026875 1.33819973 1.11206281 1.74009073
    1.84346497 1.39349782 1.84636486 1.22624755 1.23940706 1.20369458
    1.56823087 0.674094141 1.55988538 1.70599329 1.30660403 1.37728846
    1.28099823 1.14486217 1.92264235 1.96218717 1.00559616 1.55618298
    1.25666749 1.99106383 1.75797915 1.76063895 1.93347359 1.58552337
    1.72860098 1.14757764 1.1684072 1.89517534 1.19478607 2.00355506
    1.25977242 1.87139904 1.25193405 1.80279541 1.0195452 1.78481758
    1.16879737 1.60881698 1.98566568 1.91620445 1.86809421 1.05072606
    1.07243443 1.11187577 1.28769267 1.86866677 1.47944462 2.01815033
    1.38402998 1.92594004 1.10191321 1.45348442 1.42634904 1.3395077
    1.1085695 1.36742568 1.39695442 1.4974165 1.84009671 1.06763411
    1.75504744 2.01562905 2.03735209 1.44369829 1.45278645 1.45231354
    1.26152647 1.16408551 1.78622341 1.39430606 1.54259884 1.22638726
    1.26826274 1.85067594 1.49413621 0.964706779 1.35365808 1.3683213
    1.50067222 1.39724123 1.76237774 1.63892853 1.88388586 1.61481071
    1.7974987 1.35982013 1.14045191 1.83272147 1.56567919 1.60609603
    1.63111758 1.54103172 1.91138959 1.38609111 1.05835938 1.51023686
    1.60533798 1.19829404 1.67141569 1.90885854 1.7632432 1.58635747
    1.53620946 1.78788829 1.70533824 1.55223727 1.59235239 1.64269292
    1.26569164 1.78581619 1.11292768 1.82164204 1.81301975 1.41482997
    1.57763076 0.960321546 1.78574109 1.91704464 1.56823838 1.5819397
    1.41654825 1.11957276 1.34882152 1.33849478 1.18794346 1.71694613
    1.77599359 1.53653467 1.65043426 1.36204505 1.01535034 1.3336364
    0.97980088 0.997550547 1.77859521 1.69454324 1.49207425 1.15888202
    1.33672881 1.31661427 1.7673558 1.92610157 1.61575556 1.08024406
    1.05221391 1.857306 1.57664406 1.88045394 1.02897978 1.59520495
    1.11701918 1.75290215 1.06163979 1.69858682 1.90414274 1.14339983
    1.1253382 1.54584181 0.984699249 1.17165673 1.50626361 1.51437593
    1.44018483 1.64381504 1.84658921 1.85992813 1.78528047 1.54501843
    1.79948711 1.74795079 1.29295874 0.995531678 1.08332217 1.31096578
    1.57099521 1.61775267 1.82993782 1.89893639 1.13824284 0.979750514
    1.00791693 1.35591507 1.52809119 1.28267395 1.90821528 1.56974137
    1.10490549 1.59929383 1.37414408 1.46450472 0.919911385 0.921653152
    1.306862 1.86316884 1.17784309 0.895216823 1.61552775 1.28312171
    1.73619401 1.52021396 1.80144906 1.38251984 1.50082123 1.62372613
    1.97352803 1.19353163 1.3994993 2.05524516 1.53852522 1.31344712
    1.70504534 1.72149348 1.90952611 1.11710572 1.49442959 2.03486657
    1.94216383 1.14746416 1.81660187 1.62446916 1.29717791 1.40852618
    1.83333945 1.39561522 1.7615546 1.57522714 1.24405575 1.30858922
    1.5860697 1.17616045 0.996029735 1.57712555 1.51519859 1.58763337
    1.20748568 1.09189379 1.39305449 1.00481606 0.993733466 1.71502864
    1.21928763 1.00639546 1.15853202 1.83306384 1.63134301 1.01621783
    1.40557599 1.74852407 1.23993814 1.28653502 1.4751544 1.12036014
    1.46067822 1.38951683 1.22202706 1.56785965 1.71647203 1.1338588
    1.46493435 1.63790071 1.43425965 1.68761814 0.937359095 1.21525574
    1.64487135 0.978549898 1.82328784 1.40741885 1.67638826 1.54936218
    1.93212402 1.20256555 1.23132217 1.39810538 1.80273974 1.54898012
    1.99687064 1.8351512 1.23913085 0.995784283 0.99953866 1.4089638
    1.43555307 1.63931274 1.02679503 1.65595579 1.26342785 1.14127421
    1.62329555 1.08021891 0.967801332 1.20773411 1.59711528 1.23347318
    1.3451637 1.93177319 1.77149594 1.89149344 1.2742759 1.45922685
    1.19925797 1.70166886 1.91244841 1.99349606 1.08610868 1.50043535
    1.03023779 1.37668264 1.65575373 1.30317438 1.00766551 1.64238346
    1.93095613 1.35724962 1.84524882 2.01894784 1.57195652 1.48203969
    1.63603032 1.73137689 1.71501124 1.56669784 1.55643535 1.63246596
    1.4946574 1.49559331 1.36288309 1.32651269 1.43505013 0.930066407
    1.58113384 0.9637146 1.1637373 1.78551841 1.44111097 1.04676247
    1.51401305 1.70445955 1.85181975 1.54853368 1.88722157 1.52985406
    1.77461171 1.64689636 1.63864875 1.18733311 1.20033443 1.5628897
    1.64101601 1.48383856 1.73990059 1.83282804 1.97896826 1.25160182
    1.04086077 1.31598997 1.14681375 1.30727303 1.96281838 1.93277752
    1.44330549 1.78445601 1.47990918 1.39525402 1.04803014 1.52403283
    1.89958203 1.47799933 1.25854897 1.68986058 1.22503674 1.29963732
    1.09546232 1.26439297 1.27151144 1.94032657 1.59694004 1.28689325
    1.08133721 1.74010658 0.9037624 0.9241575 0.960665405 0.907264829
    1.27340305 1.52816916 1.1094445 1.32118654 1.39141273 1.92231095
    1.3500886 1.2198863 1.65511215 1.4669534 1.00321722 1.75183117
    1.56736791 1.26323688 1.80188751 1.93688393 1.05097353 1.18901348
    1.39962995 1.70964587 1.56656384 1.43795586 1.77946973 1.16368675
    1.24155056 1.44257236 1.45326269 1.76065433 1.20756209 1.54492724
    1.16992104 0.948015988 1.71387208 1.28710592 1.93422711 1.94246364
    1.03704035 1.56484759 1.53704047 1.86406064 1.36347938 1.50900352
    1.67444229 1.40361691 1.64792156 1.13613355 1.22424257 1.79760516
    1.94927239 1.79162741 1.25351799 1.57269239 1.90966928 1.72981334
    1.32686341 1.04587018 1.69583726 1.6268394 1.22976053 1.04166675
    1.49648774 1.54478276 1.30031919 0.957969964 1.26860642 1.32410002
    0.941869497 1.4338032 1.02051866 1.24523246 1.19309533 0.924917161
    1.14112115 1.17914617 1.15557623 1.42577314 1.03958595 1.08451414
    1.53248405 1.98016798 1.8531146 1.72438753 1.53561485 1.77723241
    1.94378257 1.50329018 1.9379698 1.94209039 1.79763448 1.44355702
    1.50874615 1.87476683 1.47814 1.70130277 1.41661119 1.80953395
    0.998638988 1.7070297 1.94909692 1.71716428 1.05567825 1.77069843
    1.59446967 1.37632585 1.61865866 1.58561397 1.90738142 1.26489949
    1.39421332 1.84565616 1.61851025 1.4374522 1.28215671 1.79969203
    1.60948884 0.959946096 1.62715089 1.58850324 1.84843194 1.30832052
    1.30171299 1.44891632 1.68116891 1.24791408 1.37017453 1.85731566
    0.993000984 1.01567256 1.27445066 1.59086967 1.29178166 1.69009268
    1.00999355 1.05397427 1.1952703 1.53576458 1.7212373 1.30123723
    1.69682014 1.46888638 1.5596832 1.58039784 1.1371783 1.75683188
    1.41550887 1.19256449 1.92876458 1.2526778 1.25185263 1.62095392
    1.12628901 1.71662581 1.1930567 1.41126978 1.85797882 1.16706061
    1.68662 1.65089715 1.68759358 1.73123193 1.00958204 1.66899145
    1.77155685 1.26704049 0.97279948 1.13085461 1.96202981 1.99752808
    1.75162351 1.75547457 1.10798669 1.5997268 1.62627137 1.99436986
    1.61692154 1.71710515 1.15110815 1.77351367 1.15950871 1.11753976
    1.68165731 1.03983629 1.97582781 1.62390757 1.67759264 1.413118
    1.50313091 1.31268704 1.30653262 1.99114215 1.38387859 1.69260335
    1.56912637 1.68897367 1.168051 1.56478941 1.29415071 1.92912853
    1.48284817 1.60194862 1.50277245 1.09846902 1.46646333 0.99849993
    1.70223427 1.18630958 1.3107028 1.07862628 1.14151633 1.7365557
    1.29406142 1.97040236 2.03163981 1.85991025 1.51683617 1.18847644
    1.39658582 1.83856297 1.91949105 1.51487052 1.02726924 1.41276979
    1.86722195 1.57495022 1.98074198 1.34341598 1.54775715 1.6317625
    1.23494911 1.5315299 1.76991069 1.8834362 1.42720437 1.17628729
    1.77487004 1.95365453 1.87584233 1.29221785 1.13958561 1.76193106
    1.0309341 1.03087878 1.39165568 1.64682424 1.42104936 1.72645187
    1.06940484 1.24453211 1.3868202 1.78401423 1.36000693 1.46896565
    1.00171435 1.19943428 1.45133638 1.35502601 1.07175457 1.86350131
    0.990239918 1.87399411 1.12521338 1.52279937 1.87697995 1.07426691
    1.11976898 1.16020596 1.50006747 1.66862917 2.0087986 1.97445917
    1.77074683 1.75686491 1.79902601 1.87205791 1.73583198 1.36579716
    1.44374251 1.03518331 1.34707308 1.56184208 1.49407971 1.66769767
    1.36625493 1.53248084 1.03481269 1.90342522 1.03216743 1.15807569
    1.34660459 1.78616202 1.49972129 1.75396287 1.54023206 1.4030261
    1.76031017 1.34955311 1.22965372 1.88892078 1.765957 1.29223824
    1.35576904 1.59089923 1.88514626 1.78962886 1.55847049 1.1426661
    1.32412875 1.50724256 1.79348123 1.7685039 1.8930577 1.94361639
    1.40212476 1.88352072 1.63121498 1.05766451 0.999072969 1.68580103
    1.81514132 0.931409061 1.26451242 1.11930585 1.69846189 1.19214213
    1.34296596 1.63028884 0.996306002 1.3206799 1.49654877 1.79038191
    1.29088724 1.66291165 1.07884872 1.27980721 1.5632031 1.54146278
    1.89587307 1.25369859 1.21299982 1.83928895 1.74073017 1.9600507
    1.71820021 1.72226572 2.03081799 1.26549506 1.95546854 1.74623787
    1.06135249 1.20518386 1.61270607 1.94671297 1.65024412 1.8203938
    1.79058993 1.61340117 1.85583186 1.09642529 1.88765562 1.24912381
    1.92698252 1.63813555 1.90717101 1.41451991 1.89087236 1.52570641
    1.65585995 1.83358872 1.54562187 1.55902481 1.28549576 1.30944729
    0.984505713 0.895103157 1.83386958 1.17986441 1.58118808 1.68688607
    1.30814421 1.75697482 1.07703424 1.8107363 1.47758532 1.25856483
    1.59682047 1.71786046 1.47623813 1.04143941 1.1429565 1.48879719
    0.731133342 1.2968024 1.49779797 1.41396689 1.08877969 1.35689425
    1.72767472 1.10028946 1.932616 1.12445676 1.81330967 1.462098
    1.91910028 1.66900408 1.99270952 1.96000683 1.15009785 1.98702025
    1.04477286 1.24001396 1.48721468 1.78458297 1.71318436 1.6969285
    1.48967516 1.16042161 1.50654685 1.6745168 1.34290779 1.27834594
    1.61256361 1.5419693 1.59174323 1.71393597 1.08055544 1.53201628
    1.63590622 1.22978306 1.10118806 1.23916388 1.40440822 1.85860062
    1.35238457 1.02625835 1.95123053 1.08717561 1.52144742 1.28518975
    1.67412519 1.94720733 1.44375253 1.11224711 1.59735644 1.6193136
    1.15874112 1.81588721 1.42588377 1.49860072 1.90273774 1.53588963
    1.6671654 1.51115632 1.93040371 1.17155945 1.50718892 1.03581905
    1.61168885 1.45718002 1.11631835 1.77294493 1.45621288 1.04547012
    1.37631738 1.71580553 1.85431516 1.911309 1.79865813 1.30153596
    1.59029889 1.16000319 1.99279916 1.24751091 1.21949899 0.990392983
    1.72022986 1.46731353 1.038041 1.21114588 1.50308406 1.84512436
    1.9285934 1.96024823 1.16581511 1.29026198 1.76259637 1.89334571
    1.47248232 1.50619793 1.96735799 1.48308539 1.97730517 1.80184376
    1.1166712 1.71041691 1.67717278 1.33823788 1.39053881 1.68905091
    0.966562271 1.17738259 1.43815589 0.989278913 1.31278956 1.80087256
    1.79898453 1.85076332 0.977267146 1.31481147 0.979446948 1.48956788
    1.04245234 1.3310827 1.46551549 1.345999 1.83237457 1.4048152
    1.65458369 0.9673177 1.52800345 1.71594155 1.49518108 1.01143241
    1.26807749 1.32058001 1.63492572 2.03035831 1.55092645 1.05177093
    1.37512124 1.25062203 1.13652432 1.58389318 1.817698 1.08173239
    1.17771292 1.3007313 1.70464551 1.14251566 1.0777247 1.72835958
    1.37009811 1.06026936 1.9456172 1.78712904 1.78027618 1.21997678
    1.4989388 1.35400152 1.3944701 0.990973711 1.51074088 1.55221093
    0.977509797 1.09367573 1.1475029 1.33121419 1.76101947 1.0415597
    1.16740835 1.80442095 1.51440203 1.20878315 1.65280235 1.65145159
    1.22152054 1.63396442 1.08972168 1.914904 1.93194366 1.16970038
    1.69631696 1.77000105 1.30521619 1.60896516 1.2637713 1.42952752
    1.60047746 1.5996964 1.20983052 1.18605042 1.11347783 1.00007498
    1.02197945 1.05599689 1.67923868 1.53940749 1.64910257 1.46090627
    1.54052937 1.50155985 1.02274823 1.60325468 1.45491874 1.05426228
    1.63806319 2.04336214 1.75955975 1.9392035 1.10836709 1.97849643
    1.7965436 1.09258056 0.998774529 1.60143375 1.13051105 1.17364538
    1.41784286 1.05104804 1.27757382 1.46871281 1.33333743 1.96963978
    1.89855504 2.03991127 1.85007286 1.27969301 1.82840693 1.51191521
    1.77598298 1.75005937 1.09579706 1.59843886 1.12340772 1.05154729
    1.59712374 1.11055589 1.06658912 0.999592602 0.890371561 1.10559201
    1.42494786 1.05193269 1.58117032 0.893337786 1.8066926 1.06306159
    1.36783779 1.22877288 1.60324728 1.12877452 1.31831539 1.76747823
    1.85301018 1.53404069 1.39115763 1.10200489 0.848154247 1.31142449
    0.81687969 1.26239359 1.71652579 1.50380898 1.17409945 1.59341645
    1.58960211 1.58759034 1.49580121 2.02832198 1.76442409 1.57637513
    1.29143286 1.65379429 1.68796659 1.47673166 1.81033564 1.68486536
    1.075315 1.69676566 1.2806201 1.04329133 1.46854603 1.0019635
    1.6880579 1.58842909 1.25400782 0.904265523 1.32442534 0.937863767
    1.10138893 1.73148024 1.84282017 1.49906147 1.32578361 1.319911
    1.38645947 1.43129361 1.20862222 1.40536988 1.90097046 1.46967852
    1.89426053 1.7233727 1.90283251 1.03521478 1.9919579 1.36012125
    1.91040194 1.24024892 2.0227499 1.71951997 1.73202431 1.46113312
    2.08353019 1.99384415 1.54284883 1.08792615 1.3656925 1.78270423
    1.35022187 1.30747736 0.981206 0.965046763 1.66452086 1.81035244
    1.5998857 1.67536831 1.276914 1.645298 1.34818017 1.11628067
    1.80920362 1.08095443 1.99065065 1.7380712 1.88804936 1.04639852
    1.47347617 1.43841791 1.77192545 1.92830205 1.4665606 1.80914557
    1.56774747 1.63981187 1.03064895 1.76629734 1.9289782 1.84888482
    1.89661813 1.56501138 1.71117175 1.55399716 1.12550938 1.32777357
    2.02265954 1.97168946 1.62738681 1.55716121 1.00403237 0.969626129
    1.74002206 1.44993246 1.27301204 1.17401183 1.39573705 1.54561245
    1.57549477 1.16470134 1.68454468 1.30858886 1.14224124 1.5333395
    1.89990985 1.19364309 1.38655591 1.50775802 1.68583667 1.60965228
    1.36945701 1.05454862 1.62274706 1.24554181 1.10898304 1.70017242
    1.27455127 1.06835842 1.88998699 1.51601326 1.4943285 1.54853845
    1.64522994 1.72410583 1.38144517 1.02095902 1.19742823 1.47795045
    1.11115444 1.41495585 1.2340467 1.43620324 1.73879242 1.37568843
    1.91720212 1.8394022 1.53967822 1.63241374 1.67123532 1.87759697
    1.18504381 1.8198899 1.84725225 1.57515574 1.74034894 1.66806924
    1.14734924 1.12366271 1.75107861 1.20610583 1.92093909 0.919877172
    1.47196627 0.94068563 1.67682481 1.79135835 1.12546158 1.45473409
    1.33976018 1.68649113 1.34204233 1.48553634 1.59007061 1.12345135
    1.0522964 1.71040666 1.23937726 0.953603685 1.41493535 1.34550214
    1.08856857 1.03645694 1.82270491 1.03245223 1.11868107 1.84490573
    1.6213541 0.990975022 1.47964418 1.5155766 1.69155514 1.23521638
    1.64193046 1.44875014 1.86764562 1.8246634 1.73465788 1.94461119
    1.10547233 1.89618063 1.68993461 1.0326978 1.74747086 1.80867875
    1.14524281 1.46288264 1.59307837 1.38470232 1.08274841 1.19783688
    0.936106145 1.65368068 1.36809826 1.00059998 1.58456564 1.24931717
    1.15698647 1.0896858 1.72762108 2.0238986 1.49017775 1.5737201
    1.89785171 1.28059816 1.15593469 1.5790993 1.23495126 1.7902621
    0.957975447 1.22544396 1.16280425 0.974085271 1.82047009 1.49108124
    1.30919635 1.6560657 1.10392582 1.44354045 1.13935471 1.29205132
    1.06191933 1.48467815 1.34760249 1.54655814 1.17658746 1.85358119
    1.14356875 1.79874802 1.86345398 1.569067 1.53932631 1.31665158
    0.935014486 0.718523622 1.34213674 1.55387425 1.56968248 1.63814986
    1.07120907 1.49820089 1.69220352 1.35395443 1.06472516 1.15049827
    1.23635066 1.44099116 1.90316451 1.25438535 1.82668602 1.68147397
    1.25660193 1.99340105 1.34677577 1.92567527 1.7446965 2.0110085
    1.82764924 1.68708432 1.37219763 1.84443069 1.51221633 1.72869086
    1.32381129 1.23938525 1.09549797 1.65787184 1.45475936 1.56415772
    1.44377851 1.02948296 1.08373141 1.84997237 1.92039144 1.45474982
    1.86264324 1.02865016 1.00054193 1.73015928 1.94102859 1.14803946
    1.48092711 1.6414094 1.22357476 1.69582951 1.63408816 1.65589023
    1.15539324 1.38470411 1.94027948 1.21032393 2.07794642 2.09023595
    2.08246517 1.85219073 1.47754347 1.54446006 1.94463491 1.46982419
    1.19322515 1.82117295 1.86244678 1.26887548 1.54518163 1.62709785
    1.2115854 1.67908883 1.37721479 1.76791656 2.0117116 1.15490711
    1.59557641 1.62776482 1.14737475 1.26994514 1.05584991 1.8775326
    1.15552855 1.17536891 1.24136698 1.49657381 1.10688877 1.90232229
    1.84106743 1.15704119 1.79661727 1.74985349 1.36123884 1.23664975
    1.8890897 1.79177582 1.2412957 1.81179774 1.69075811 1.34772491
    1.14287519 1.9312712 1.10761511 1.33410203 0.898122013 1.10860658
    1.21296453 1.59281719 1.16518211 1.49521101 1.83274865 1.2144599
    1.5037185 1.59095013 1.00534761 1.1728853 1.84526253 1.34313059
    1.53484714 1.51717639 0.962747872 1.55614436 1.76535594 1.93509758
    1.88721526 1.70956004 1.82650375 0.948352754 1.03670299 1.00438118
    1.64500034 1.73852301 1.77307844 1.99911463 1.12873185 1.98436093
    1.80507243 1.06933594 1.5246259 0.984866798 1.23857105 1.49742639
    1.20378208 1.81327927 1.14543056 1.9273324 1.45147693 1.10759807
    1.80279791 1.47443616 1.52513766 1.31921208 1.83448863 1.98616409
    1.57151401 1.32628715 0.997144222 1.55085135 1.05940628 1.18009484
    1.00227904 1.48458266 1.0860765 1.22800529 1.08713734 1.53780997
    1.58395135 1.12294245 1.77071035 1.45836091 1.30254471 1.90975964
    1.49220371 1.63908541 1.50336158 1.24690914 1.34489822 1.40543377
    0.998977721 1.70342565 1.17196476 1.11033833 1.16061699 1.38727021
    1.83174133 1.07733727 1.65364635 0.956852973 1.51452577 1.10065401
    1.48811221 1.279809 1.26189947 1.29113519 1.96563482 1.91468692
    1.92763996 1.61408031 1.40980458 1.06309748 1.95149505 1.56569529
    1.33429241 1.43632531 1.26476359 1.16247249 1.75562751 1.7191838
    1.95566237 1.53249586 1.07517576 1.50328934 1.27428126 1.82619095
    1.1846149 1.04564226 1.58861053 1.24728489 1.73688722 1.3377142
    1.89765656 2.00569439 1.89839184 1.94179928 1.35659146 1.09965897
    1.50017548 1.08805549 1.2763027 1.34767914 1.22044098 1.56745851
    0.928958416 0.984782279 1.70177186 1.11230695 0.803522587
    0.814006448 1.00536001 0.783243537 1.43323922 1.39558578 1.71341217
    1.04358745 1.03478229 1.02269661 1.5532099 1.07248366 1.1517781
    1.28226125 1.86345029 1.52443385 0.93550539 1.12115967 1.78888535
    1.26348186 1.44919956 0.772289813 0.783378124 1.11738658 1.71315813
    1.06018543 1.29773104 1.75233853 1.92192996 1.11935174 2.00580263
    1.85320771 1.89949536 1.29934478 1.09413612 1.41189551 1.59321892
    1.6000315 1.97954178 1.23335838 1.23621559 2.02802134 1.83617556
    1.57463074 1.2813369 1.5096209 1.13605464 1.14850366 1.32451105
    1.06962836 1.06857812 1.35399818 0.921205103 1.62367034 1.80243111
    1.04658973 1.484586 1.82133186 1.36951935 1.33232379 1.17264962
    1.51575303 1.00821376 1.53408051 1.19779825 1.14521945 1.42024779
    1.98299456 1.48377347 1.38136888 1.15015006 1.59378839 1.46276653
    1.88738799 1.43300271 1.64254081 1.09090877 1.43013823 1.88534665
    1.5786196 2.03267503 1.98695648 1.32767546 1.10893607 1.50502968
    1.63150311 1.86652827 1.70828176 1.92611516 1.91420102 1.7644186
    1.97339618 1.23573184 1.58874702 1.5311023 1.41059768 1.44995368
    1.87321126 1.64682806 1.33014786 1.73349082 1.58114886 1.80183744
    1.49636436 1.9224093 1.85089219 1.95205224 1.93772757 1.20871663
    1.12569475 1.50144207 2.03389645 1.55344689 1.97865677 1.71051514
    1.60475862 1.13865793 1.6312902 1.75684619 1.9318397 1.53815901
    1.25593579 1.14828765 1.06786847 1.76774776 0.994808793 1.40055764
    1.72767663 1.01136625 1.28325593 0.994994283 1.87741101 1.41009569
    1.01423931 1.85038066 0.951787353 1.1262188 1.21613181 1.85363555
    1.29257751 1.35781503 1.34670794 1.95770061 1.71745253 1.94303107
    1.54158151 0.922531307 1.01773059 0.957837939 1.44827318 1.00872302
    1.34524119 1.05536675 1.75923228 1.84501803 1.95936608 1.88576496
    1.80254507 1.47800446 1.06196129 1.13209558 1.26891601 1.22935557
    1.17346299 1.62374628 1.93734634 1.23742449 1.12515283 1.02576947
    1.76811266 1.47437942 1.77850819 1.96299434 1.74540079 1.37274063
    1.19454706 1.49250889 1.60717285 1.64800179 1.60770142 1.75060093
    1.88449275 1.75856256 0.982198834 1.53072369 1.17606807 1.4005419
    1.5438596 1.05272079 1.85184813 1.47940028 1.63689148 1.90776539
    1.74259365 1.34101987 1.59983122 1.65141714 1.10183823 1.7579987
    1.91807938 1.02210152 1.52841353 1.66110837 1.85268354 1.32964933
    1.64960361 1.46967828 1.15355778 1.01608264 1.04019535 1.30654311
    1.92455077 1.61377263 1.38540995 2.00426674 1.6871233 1.78623915
    1.89576185 1.09732771 1.67303467 1.09256756 1.14622116 1.6612941
    1.79581606 1.28152084 1.3081578 1.49804902 0.987603605 1.72683847
    1.03571475 1.82827902 1.01671076 1.70471728 1.57181668 1.21120071
    0.968675911 1.03564095 0.999167681 1.25280607 1.95849943 1.9168458
    1.99649394 1.53873539 1.26386404 1.97117341 1.64731109 1.47470284
    0.970550597 1.38111222 1.89497471 0.983968198 1.88316607 1.54472911
    1.56993186 1.0298661 0.843911231 1.37912273 0.94729948 1.02202225
    0.809377313 1.10084629 1.24859047 1.13878 1.56573081 1.32113862
    1.26427758 1.2285254 1.87745881 1.03402102 1.39581633 1.25466657
    1.12816691 1.00063765 1.09887433 1.39645815 1.18079507 1.41821313
    0.733005881 1.64360344 1.14230752 1.30495024 1.88584518 1.93622172
    1.24393487 1.6729238 2.00805092 1.77204144 1.47718859 1.37012088
    1.4758302 1.98902392 1.16183996 1.37884367 1.29458308 1.79396236
    1.55336082 1.32472646 1.41494167 1.79472053 1.65109754 1.54869902
    1.83695185 1.69710922 1.68008864 1.9285363 1.73148036 0.967778802
    1.07840371 1.02806449 1.53424156 1.73588729 1.41723669 1.1245209
    2.02062559 1.90943646 1.34343421 1.02717185 1.37209344 0.981282353
    1.22264254 1.45675123 1.58523822 1.61546063 1.81074023 1.79311156
    1.57109487 1.2344929 1.97798145 1.49634075 1.4062295 1.85044122
    1.98615706 1.67941678 1.86757958 1.34550476 1.72921121 1.48086631
    1.12528455 1.98794091 1.9094162 1.12396622 1.68366039 1.45909238
    1.23000252 1.10946012 1.58576465 1.5994817 1.49188137 1.3695482
    1.69823217 1.53450704 1.4236474 1.6264106 1.59795451 0.959539175
    1.005373 1.8730917 0.904919624 1.7882061 1.18762648 1.1897707
    1.66865945 1.39516103 1.4789232 1.44315457 1.18930328 1.70251787
    1.55161095 1.25715375 1.76817167 1.9605962 1.66778898 1.74498153
    1.64128828 1.51907659 1.50414586 1.44301045 1.60898864 1.14593756
    0.972304463 1.08111179 1.85634613 1.71218777 1.19051576 1.40649307
    1.86207747 1.1431638 1.25212467 0.999178231 1.6067003 1.50507724
    1.59238112 0.955521643 1.24037302 1.61486268 1.51898015 1.31065679
    1.09928358 1.40997231 0.987029791 1.14779341 0.969173729 1.64187419
    1.00388288 1.33497179 1.43739665 0.902231812 1.82809436 1.36107612
    1.73759258 1.94834685 1.48083651 1.46224463 1.77404165 1.16915536
    1.64289188 1.76071727 1.46365356 1.85787106 1.73020983 1.14123428
    1.46357262 1.97167337 1.48159361 1.83985353 1.78049505 1.37458825
    1.57855511 1.43699872 0.992987812 1.48809242 1.0642308 1.06783736
    1.84975648 1.6654563 1.50850534 1.41105425 1.46043134 1.53913188
    1.86786568 1.72758913 1.96492898 1.8145138 1.80092013 1.41248643
    1.50725019 1.89137709 1.43373239 1.80413151 1.24970222 1.32497239
    1.29399693 0.965447366 1.12603354 1.1325115 1.89370894 1.28177345
    1.90736961 0.983849585 1.54276347 1.50186825 1.45184052 1.43602884
    1.8502804 1.84054673 1.47224033 1.01039803 1.68947232 1.48874593
    1.79001272 2.00360441 1.98556376 1.65931046 1.46669304 1.8854363
    1.88594866 1.85871637 1.94187117 1.45085001 1.47845447 1.71808565
    1.76019633 1.31933391 1.5184679 1.7450726 1.65480912 0.852272451
    0.876757503 1.26406336 1.61261523 1.17535448 1.06251168 1.56687629
    1.05902171 1.87975919 1.3120482 1.40669703 1.31630433 1.28596294
    1.96278834 1.62068629 1.43346059 1.13701141 1.5269928 1.94733667
    1.2765348 1.21710145 1.28498244 0.965240717 1.65124094 0.939867377
    1.15322697 1.62871611 1.11370623 0.98064518 1.34535849 0.940686166
    0.905111969 1.11357725 0.927551806 1.41734231 1.09922791 1.05892932
    1.55933285 1.82160521 1.94080389 1.89741719 1.3063457 1.92706561
    1.01213968 1.58348942 1.46108806 0.849506795 0.706404269 0.808044851
    1.03751957 1.4982965 0.97878617 1.26442993 1.71058488 1.83911729
    1.18591535 1.3510344 1.13967371 1.61203313 1.24630523 1.81604683
    1.12740076 1.73096871 1.20088565 1.79886496 1.46783268 1.86299908
    1.53061736 1.23173749 1.30059648 1.95429766 1.15069628 1.94322276
    1.49645579 1.57503331 0.958861351 0.943023324 1.88175941 1.38441598
    1.11294174 1.28245533 1.4268049 1.75495362 2.05008125 1.58322287
    1.93718898 1.97720551 1.55323195 1.68241966 1.13984835 1.05111527
    1.18820059 1.20434213 1.65817714 1.92361665 1.14426267 1.77091491
    1.14351594 1.78755546 1.01619399 1.27115345 1.98913968 1.9569186
    1.20255494 1.74272442 1.48458469 1.0761832 1.06185818 1.9464879
    1.88885772 1.07011831 1.48278391 1.75937736 1.62330961 1.68425393
    1.84698582 1.65104628 2.0330646 1.42865574 1.86351931 1.65443528
    1.57367897 1.23950839 1.5982244 1.1834811 1.11242557 0.895188391
    0.888375819 0.883032322 1.07689238 1.40635967 1.04491532 1.58733654
    1.44627273 1.08431756 1.90488434 1.19074821 1.27515829 1.73439431
    1.54814672 1.83292174 1.50904882 1.83324289 1.73749638 1.94541144
    1.33413696 1.42417026 1.54071844 1.16193509 1.58561373 1.13381279
    1.33766866 1.2041074 1.42981374 1.5492183 1.08754408 1.80193019
    1.7087723 1.75354874 1.80882025 1.30701697 1.00577128 0.896509469
    1.20309758 1.22360742 1.68588018 1.02544129 1.80070293 1.79835427
    1.65853977 0.980198741 1.38585734 1.01834333 1.16360915 1.73556876
    1.74764562 1.42462933 0.988693893 1.85464334 1.93063772 1.14410138
    1.49711013 1.3864007 1.34735727 1.09826756 1.46597898 1.11231101
    1.33228087 1.83209014 1.60508347 1.76355219 1.85854185 2.01703358
    1.39123166 1.1074506 1.35604763 1.13801575 1.89795911 0.960999489
    1.40072322 1.13970816 1.79479766 1.4216007 1.17006099 1.58221841
    1.32997179 1.80655324 1.84038961 1.61547089 1.104478 1.3809557
    1.49748349 1.73496747 1.82362616 1.83236063 1.71998525 1.03125763
    1.38872385 1.0265305 1.31941247 1.65274775 1.8109715 1.87347043
    1.5231576 1.6668216 1.18156135 1.55771589 1.81332898 1.49949372
    1.6450175 1.72176564 1.69293523 1.81889462 1.26243126 1.89491677
    1.41063368 1.30555463 1.25932598 1.71306479 1.03009987 1.77444887
    1.7470485 1.7579509 1.20517159 1.17208898 1.19354963 1.85715818
    1.00590241 1.63979292 1.12324548 1.64666748 1.3050307 0.975830376
    1.19120932 1.84201562 1.17869759 1.14444029 0.904678941 1.07396984
    1.19120908 1.29220915 1.64612055 1.80447876 1.75832248 1.19206452
    1.44092953 1.58908689 1.72163284 1.11563432 1.90058589 1.91456509
    1.08570015 1.95790923 1.53969789 1.62293732 1.67634451 1.33807588
    0.938583791 1.64821434 1.49973309 0.888189554 1.63800883 0.898783803
    0.927252829 1.35196114 1.3302412 1.75383079 1.42285943 1.54372466
    1.47225916 1.83997738 1.82410192 1.03814459 1.33295262 1.23399782
    1.75126123 1.46602583 1.11297488 1.31440425 1.67359591 1.45773852
    1.06844866 0.59064275 0.90230304 1.37261593 0.86946255 1.45679963
    1.12488616 1.55392933 1.36034083 1.73924923 1.73652661 1.82525766
    1.03115773 1.50927877 1.75214934 1.19563353 1.89171684 1.76858199
    1.4240216 0.99754566 1.85737932 1.12384558 1.44287908 1.38699722
    1.64909077 1.484712 1.39597976 1.6080786 1.92447066 0.987468302
    1.90775299 1.4276191 1.39400613 1.69744551 1.52591836 1.60770929
    1.78140903 1.92051971 1.83541572 1.32816052 1.69647563 1.75583184
    1.75198507 1.11767936 1.79637885 1.27985251 1.69992137 1.64467812
    1.17891467 1.48139429 2.00327063 1.29475129 1.50928283 1.94454002
    1.22294271 1.79955494 1.77439404 1.23549211 1.29289317 1.98209405
    1.23392344 1.39000452 1.622087 1.11834729 1.64021325 1.91256952
    1.91589153 1.81653821 1.26150322 1.95582354 1.87650013 1.84189045
    1.11358953 1.69597876 1.61797309 1.2442826 1.87766242 1.23677826
    1.2287873 1.01993668 1.83263516 1.28817689 1.09856737 1.21266901
    1.11631072 1.55929482 0.986586809 1.58977175 1.05674767 1.36791158
    1.77331293 1.48082173 1.63337755 1.64178228 1.8402915 1.24491537
    1.93289244 1.87389338 2.05775523 1.72653401 1.14261234 1.00479007
    1.36401117 1.13024366 1.03584671 0.972329915 1.5628252 1.28984177
    1.45771086 1.30621767 0.983478725 1.73831713 1.71513891 0.985656381
    1.41885185 1.01204729 1.4310739 1.86142826 1.61473274 1.8660593
    1.13922787 1.3071388 1.44060421 1.13240457 1.12650824 1.12084627
    1.86573565 1.55947375 1.34775186 1.13904071 1.5451411 1.04955947
    1.15275228 1.43710291 1.03339088 1.74261272 1.22154176 1.33441293
    1.61038351 1.77026808 1.22498643 1.51114941 1.74494314 1.16599083
    1.47252929 1.76872516 1.70339167 1.70668328 1.35406494 1.30407512
    1.71650529 1.23234797 1.45520675 1.15626633 1.51604116 1.39639091
    1.96385622 1.76774919 1.76968694 1.44502401 1.83296311 1.03821969
    1.71073401 1.65144587 1.28961682 1.12510812 1.0157789 1.718243
    1.62943769 1.47496021 1.81332135 1.92979038 1.19100285 1.93127263
    1.29546416 0.989401519 0.975942671 1.35548961 1.21941888 1.69220388
    1.57461584 1.19726193 1.03188288 1.22135496 1.72432816 1.56729937
    1.70250082 1.31475866 1.53164959 1.15171754 1.65327334 1.43664467
    1.23574841 1.51841092 1.96173477 1.26484716 1.19412494 1.98491526
    1.54790568 1.56794989 1.3314836 1.69150257 1.57044888 1.8024112
    1.70208287 1.5500139 1.53904486 1.13811576 0.984462261 1.53607881
    1.0488981 0.857742608 0.817046463 1.69843245 1.24438 1.16663873
    1.38768053 1.42521214 1.34457302 1.91770864 1.30330062 1.97741282
    1.1449039 1.96527743 1.58808064 1.52757955 1.55822825 1.47929227
    1.96690857 1.20142519 1.40721047 1.8097384 1.15889359 0.932995677
    1.67754841 1.55796695 1.7389102 1.27805698 1.49655843 1.84793866
    1.0853436 0.901519537 1.70883465 1.24234068 1.25011563 1.14112282
    1.75155365 1.29045975 1.4688369 1.78861475 1.92066765 1.84825909
    1.07269204 1.55669117 1.83484089 1.04879427 1.29911327 1.17308164
    1.05534208 0.955362618 1.26787531 0.808922648 1.04195964 1.61741722
    1.31489778 1.61875224 1.56045258 1.85892558 1.53101933 1.84482288
    1.64000952 1.1911093 1.70963061 1.33292484 0.981697977 1.67893136
    1.02933145 1.24500716 0.936803222 1.19961369 1.38047779 1.0339644
    1.37624824 1.30708933 1.43533349 1.40818143 1.15378952 1.49755108
    1.84634888 1.18937111 1.95376945 1.84681785 1.34109342 1.26566577
    2.04421115 1.49652922 1.19902754 1.93600059 1.64063442 1.82803559
    1.753479 1.24175799 1.41775584 1.69876468 1.00098169 1.85364842
    1.92866957 1.47609484 1.36799419 1.08162355 1.87003767 1.56177378
    1.52623057 1.66468966 2.02226758 1.05213189 1.98626554 1.79110253
    1.47612298 1.16781771 1.00700188 1.07712424 1.74093008 1.67708051
    1.911708 1.60566521 1.55633819 1.85374939 2.00460887 1.63647747
    1.41454983 1.08666599 1.88695431 1.42824745 1.8837837 1.49843562
    1.29030657 0.929357111 1.13650215 1.56016898 0.923210263 1.05995262
    1.13511193 1.60991359 0.985366642 1.24092281 1.45399559 1.33146572
    0.990331531 1.15444899 0.990953803 1.10111082 1.86505222 1.82546163
    1.97684288 1.50048304 1.1779983 1.40165377 1.87520301 1.82820237
    1.6028502 1.54882896 1.66634917 1.52070415 1.74000466 1.81076276
    1.6197046 1.31303132 1.89875484 1.12934089 0.984333098 1.74751747
    1.16238272 1.62064278 0.905761957 1.37136233 1.2667284 1.24750865
    0.8976928 1.07253695 1.33235443 1.73073483 1.00808787 1.13978112
    1.60854101 1.4002794 1.21193886 1.20254254 1.00051558 1.14416766
    1.25851023 1.55133367 1.6742456 1.33441794 1.03985715 1.56191015
    0.988441527 1.3611728 1.9761802 1.65353334 1.41981244 1.76972425
    1.77921677 1.2902714 1.29296565 1.6358 1.2140584 1.39359534
    1.05357921 1.10942817 1.54423261 1.63013172 1.88407207 1.40230811
    1.36350489 1.20030856 1.64487052 1.42587614 1.98044157 1.88854492
    1.06346273 1.34562707 1.23792434 1.29683852 1.62811661 1.80958259
    1.08987212 1.97963834 1.2313776 1.79470968 1.7776401 1.70986843
    1.28431213 1.6685102 1.22770071 1.72321343 1.01313865 1.21796918
    1.61801589 1.13560879 1.50371659 1.40425587 1.12280345 1.69482672
    1.24508882 1.45844889 1.45315266 1.28087234 1.90676403 1.95464265
    1.31313753 1.18246961 1.33904278 1.56662297 1.28801823 1.65333378
    1.438308 1.62436783 1.4419322 1.60125136 1.47813427 1.91943181
    1.67926335 1.76452327 1.27647316 1.68702948 1.07528996 0.917777956
    0.978768349 0.95547694 1.41278875 1.58541918 1.80351782 1.2622813
    1.49605012 1.19988263 1.45748913 1.5358299 1.28828895 1.27745044
    1.01632559 1.84499586 1.77670932 1.86364174 1.35848415 1.56335294
    1.91017175 1.41503954 1.61146426 1.61436188 1.23907995 1.32912707
    1.03539872 1.53262353 1.48524845 1.77709901 1.60555136 1.00611329
    1.36225259 1.07497835 1.69538713 1.78613079 1.28440726 1.13986218
    1.34415686 1.69213283 1.85669923 1.77767825 1.23146975 1.84014583
    1.06281781 1.65394366 0.847324431 0.792578936 0.734841406 1.0195123
    1.03874481 0.906440496 0.981912196 0.938013971 1.96795809 1.83291101
    1.41857958 1.71339059 1.91746449 1.55004895 1.53002965 1.2457248
    1.2331239 0.977119803 1.75112307 1.59540367 1.24674344 0.94989562
    1.73359334 1.02077913 1.78740859 1.12643373 1.83464241 1.85788476
    1.77269661 1.9463675 1.62102938 1.24425161 1.83192754 1.44226408
    1.33339 1.59903765 1.9951179 1.60658014 1.57051992 1.68475628
    1.38534403 1.77081275 1.26899385 1.44261646 1.78448975 1.56234872
    1.32494199 1.36197543 1.70086575 1.55710924 1.28940892 1.38496959
    1.30111933 0.980724394 1.96802461 1.0401144 1.07745206 1.67852747
    1.68931079 1.9423939 1.98088956 1.89538479 1.59116495 1.82135868
    1.0918926 1.83026063 1.74052608 1.81522298 1.73582685 1.65494096
    1.88518798 1.42241073 1.52721345 1.29532635 1.05174553 1.69652438
    1.4386543 1.72267628 1.90194488 1.7466315 1.54617286 1.58718276
    1.03010237 1.81024063 1.49309218 1.7180742 1.58096099 0.854298294
    1.54937041 1.07339513 1.07696545 1.64949453 1.65080726 1.90010524
    1.24853027 1.55502641 1.34092486 1.41436756 1.90089869 1.46025741
    1.15395355 1.44481003 1.52604854 1.85701609 1.19973111 1.69434118
    1.11815655 1.04300094 1.06832075 1.1567378 1.17916501 1.69480824
    1.28467453 1.03374064 1.91931403 1.50632954 1.06114578 0.87874341
    0.997648895 1.66829014 0.909236431 1.82070482 1.16020489 1.49290586
    1.54052484 1.78855455 0.941336215 1.71181512 1.325068 1.10506475
    0.928785741 1.39234793 1.57607913 1.19806302 1.62059903 1.63875687
    1.73436022 1.88021219 1.53584874 1.29673791 1.80309045 1.7838589
    1.94522691 1.29058683 1.83837032 1.80139911 1.69951999 1.84752476
    0.971340954 1.400545 1.47616339 1.65606248 1.8662622 1.17354035
    1.72067153 1.28580558 1.15239906 1.73896074 1.96972489 1.64317751
    1.1382941 1.65628159 1.59964275 1.76742887 1.94971895 1.48096287
    1.32371092 1.91762114 1.44727147 1.62108254 1.52282286 1.25396287
    1.72682214 1.29433382 1.28749299 1.10523474 1.50786579 1.10082996
    1.85596979 1.14560246 1.90543544 1.11110961 1.5620563 1.04843616
    1.01427794 1.25232458 1.53477597 1.31088734 1.4276073 1.23606777
    1.13247609 1.12981832 1.02933693 1.76516593 1.64775181 1.52906144
    1.53931355 1.45942342 1.59765458 1.42555892 1.56907177 0.943625748
    1.31895351 1.23718584 0.998426616 1.01000035 1.78268874 1.0949204
    1.5706799 0.853596807 0.829899371 0.894656539 1.1160363 0.966302752
    1.74117911 1.26869619 1.15122187 1.19595051 1.40401411 0.957417488
    1.78871953 1.67868757 1.62658477 1.88649809 1.52381885 1.04189885
    1.2406683 1.05869269 1.38619435 1.67228556 1.57606792 1.18584752
    1.82036197 1.63102734 1.59847462 0.95547545 1.67241883 1.50858748
    1.87245166 1.88607955 1.55797923 1.84833753 1.14003646 1.48258638
    1.85649371 1.45733142 1.42294407 1.40903127 1.74383605 1.43563092
    1.78368425 1.83984923 1.41342461 1.30754328 1.20452166 1.3926419
    0.747669876 1.34938514 0.883019388 1.16134655 1.3074131 1.64248168
    1.17765915 1.60226071 1.27289665 1.40097213 1.6311543 1.2758894
    1.95512712 1.83505988 1.3054564 1.29293752 1.10127652 0.908577025
    0.940982342 1.0669241 1.58460474 1.30638289 1.63758719 1.36231446
    1.44933867 0.949827254 1.34134471 1.20937145 1.25547028 1.30686235
    1.30082572 1.59343171 1.30157948 1.29530787 1.87371755 1.01365995
    1.01949942 1.43624687 1.40655673 1.63602281 1.50279367 1.66428804
    2.00360942 1.45645106 1.44390857 1.05785549 1.86598802 1.53761911
    1.78624189 1.89453161 1.75287974 1.0982008 1.81878245 1.58446288
    1.6167804 1.34350681 1.72689652 1.60828674 1.13733625 1.73923314
    1.02421522 1.97288632 1.8467139 1.22552669 1.29899764 1.64637911
    1.94875526 1.73278069 1.83178997 1.09690487 1.60311913 1.41482997
    1.74073434 1.08834279 1.70463455 1.19118226 1.41604793 0.950880289
    1.32755196 1.56876242 1.59314692 1.18740392 1.79202378 1.24030113
    0.839958072 1.69215953 0.919235408 0.975073755 1.46083057 1.80245733
    1.51313424 0.937664628 1.74633145 1.07780516 1.06097412 1.5301863
    1.14929914 1.97774458 1.42569661 1.7525475 1.94153583 1.16007376
    1.49060273 1.55650103 1.09269118 1.96737111 1.63051867 1.8188684
    1.65564144 1.95894134 1.01310849 1.3223623 1.2501601 1.11942625
    1.57205677 1.33984172 1.55812538 1.59696662 1.70083618 0.873112619
    1.06838894 1.46223843 1.23928428 1.13430297 0.872449338 1.17387009
    1.13791299 0.872048974 1.68173718 1.65447581 1.66584802 1.20430064
    1.82927728 1.5535953 1.71931672 1.10766196 1.38263798 1.53911102
    1.80054307 1.19971383 1.76793051 1.90916276 1.03243756 1.64682353
    1.89996016 1.98726726 1.31191266 1.3973372 1.15013826 0.967350364
    1.8625809 1.32239079 1.28051662 1.05854893 1.07710814 1.33265579
    1.39826238 1.58896935 1.66955507 2.02075887 1.79880297 1.93014777
    1.77314174 1.43559706 1.94157839 1.78697181 1.34836602 1.42189121
    1.91369557 1.39641225 1.82086802 1.12414098 1.09296823 1.20714796
    1.21647871 1.26662743 1.04963326 1.01322973 1.20869803 0.969159186
    1.89560664 1.58001351 1.407125 0.981820464 1.7410928 1.72332215
    1.06099927 1.28093529 1.1849736 1.13765633 1.43358374 1.65732932
    1.0334096 0.975022554 1.76577687 1.575701 1.52028108 1.29801595
    1.40369499 1.85293353 1.71113086 1.13353896 0.916558862 1.01229215
    0.878177345 1.08936357 1.4282285 1.13671136 1.16031337 1.43144715
    1.7477386 1.74195719 1.36582947 1.55598867 1.82328653 1.31362653
    1.60738122 1.17408907 1.25390732 1.08530641 1.81368041 1.70805645
    1.26748908 1.9884491 1.24836135 1.6561501 1.0758791 1.70203722
    1.67094135 1.82790983 1.77056289 1.70769012 1.96785784 1.66994858
    1.48445106 1.75691926 1.49843419 1.03918624 1.58419383 1.20565629
    1.22894692 1.21082687 1.63230169 1.14591777 1.67839432 1.66939497
    1.14895856 1.17916477 1.1677264 1.36606693 1.43954527 1.36995411
    1.62343276 1.95535064 1.63751161 1.29356122 1.10094929 1.04376125
    1.20921659 0.910518289 1.56143916 1.52458239 1.2217623 1.73472691
    1.77761996 1.86407328 1.71120727 1.45120776 1.13675237 1.70506752
    1.71918476 1.72113121 1.01449823 1.5377233 1.70078075 1.20524335
    1.55164778 1.7692728 1.15288091 1.49510634 1.61181664 1.22045493
    1.47033703 1.74209154 1.0125438 1.56088507 1.52782965 1.404387
    1.13152111 1.75665748 1.3070091 1.18210983 1.91067791 0.998478055
    1.66655695 1.44962573 1.70961916 1.95933342 1.91584218 1.00280583
    1.94204068 1.32465971 1.00574231 1.60949707 1.06193388 1.52404463
    1.62265813 1.17585778 1.36840355 1.70412457 1.5442909 1.57585776
    1.19401801 1.77537489 1.12714303 1.4933629 1.07653892 1.16669524
    1.32978153 1.33680284 1.77870083 1.39736545 1.86887848 1.04765141
    1.06847167 1.25335264 1.79551601 1.11095333 1.29279435 1.31162679
    0.973884284 0.956527412 1.54244626 1.01602483 1.09380436 1.31949639
    1.72117722 1.85616755 1.4493742 1.86019921 1.3219589 1.27616715
    0.791330934 0.983753085 1.51935041 0.965874076 1.15659761 1.55433416
    1.18233383 1.24407053 1.24989116 1.80819035 1.56169689 1.75231504
    1.69185042 1.96288931 1.81139183 1.2184329 1.72614825 1.66414797
    2.00053906 1.33182001 1.16145945 1.60946882 1.07563221 1.83382022
    1.51764894 1.13313091 1.85277581 1.92489898 1.37930095 1.75307834
    0.94244504 1.02832878 1.321702 0.837784827 1.23709571 0.914111555
    0.90435797 1.84506071 1.81062269 1.08049405 0.965334535 1.55616951
    0.870259821 1.48702836 0.928167045 0.937247455 1.92540598 1.4657737
    1.44870269 1.82931876 1.94653451 1.27996492 1.86962211 1.036304
    1.2604773 1.44437003 1.72212577 1.03823531 1.56202042 1.52490377
    1.05023694 1.28778958 1.52679622 1.39127457 1.05335188 1.44937134
    1.36928236 0.95294404 1.55759692 1.2120868 1.90967584 1.62060189
    1.76845694 1.60831094 1.91684222 1.86946726 1.69363761 1.05849278
    1.61614394 1.25171125 1.06973934 1.57907248 1.22470772 1.61443114
    1.66111302 1.59266591 1.91578293 1.33722162 0.983697593 0.984811664
    0.953796208 1.6278075 1.0239836 1.59324026 0.922795177 1.17468274
    1.3861649 1.92881274 1.51810396 0.984479666 1.48596668 1.7029922
    1.4149797 1.93442357 1.34572744 1.06946778 1.64240992 1.53574061
    1.65161729 1.53285956 1.04788136 1.10967672 1.28022325 1.30899441
    1.63228941 1.57523263 0.853087127 1.26283801 1.18250847 1.28373766
    1.76417935 1.14442563 1.69078326 0.982992291 1.1192019 1.34478092
    1.2850827 1.44985926 1.09002018 1.9405694 1.49214232 1.11641622
    1.61953294 1.49085617 1.12442029 1.2436794 1.92230213 1.37903965
    1.59880662 1.84761989 0.976254165 1.07332277 1.48292148 1.04085755
    1.86585271 1.67057967 1.04020381 1.28931379 1.27839077 1.59886134
    0.943421304 1.56253135 1.82484829 0.94414556 0.961278915 0.98057127
    0.85626179 0.966504812 1.31281698 1.54930818 1.68179536 1.06184793
    1.68830037 1.93097281 1.94340169 1.03844512 1.68774772 1.88258159
    1.32141256 1.12684119 0.66984731 0.67831856 1.321105 0.818212926
    0.932280838 1.27200592 1.17523372 1.17007542 1.15219641 1.82703507
    1.08257699 1.6789242 1.87855768 1.64381194 1.93329835 1.02314794
    1.60772169 1.53473055 1.43484211 0.90838182 1.53824925 0.928796232
    0.965743184 1.39955151 1.73762178 1.25629854 1.71893728 1.05403006
    1.11990726 1.43324685 1.82755077 0.908337831 1.58809841 1.09515929
    1.50207138 1.65002561 1.21847618 1.02315867 1.14124632 1.98186028
    1.73807371 1.85964453 1.0763135 1.07974184 1.06953824 1.06315029
    1.55055785 1.30693483 1.62838435 1.16414583 1.666412 1.55120599
    1.41577566 1.43496585 1.66470301 1.57151914 1.64727604 1.06536436
    1.51828194 1.96977305 1.284361 1.89900875 1.27766335 1.02414227
    1.59450912 1.35406387 1.64592397 1.16113174 1.67695534 1.41850281
    1.50322211 1.35830891 1.01761067 0.932159007 1.51600635 1.26260602
    1.72827601 1.49051964 1.52060914 1.11129045 1.66003382 1.20051789
    1.64162219 1.34026766 1.11145639 1.01416075 0.989417017 0.778665125
    0.851736128 1.24323773 1.14483511 1.67994022 1.61445761 1.41331029
    1.04796219 1.4062053 1.51279509 1.96181321 1.76369965 1.8729347
    1.25404167 1.62998855 1.68165135 1.4649502 1.72908151 1.31975663
    1.444098 1.90173781 1.83109772 1.79456592 1.6064564 1.66420472
    1.94249344 1.05547261 1.10693443 1.88920736 1.69534516 0.863957644
    0.887715042 1.23033226 1.50721371 0.892362952 1.23489213 1.55065691
    1.36673653 1.51080012 0.963737786 1.11620712 1.45727158 1.73902643
    1.08099258 0.932535112 1.07937908 1.57130873 1.85123754 1.86797953
    1.56308758 1.63165748 0.995663047 1.34078372 1.87696242 1.24370205
    1.71076083 1.52968431 1.83047247 1.55494738 1.08528101 1.00442016
    1.03430498 1.43748736 1.57946837 1.75575495 1.47746575 1.78201425
    1.60687196 1.72733498 1.77610707 1.13197207 1.21878016 1.61500227
    1.85409868 1.74561894 1.75007725 1.39508903 1.5088203 1.68589795
    1.10578668 1.48241198 1.34307432 1.31612301 1.13332391 1.87840855
    1.87245977 1.88543928 1.09368992 1.66840529 0.978678763 1.36081219
    1.34215558 1.81843591 0.981869817 1.31833065 1.04845107 1.64410567
    1.60840607 1.05546641 1.00643945 1.17216969 1.9244858 1.8969295
    1.44070554 1.15160549 1.18280733 0.990488589 1.40568912 1.10188186
    1.66495717 1.67707419 1.20612395 1.27037418 1.33162665 1.07139504
    1.05248177 1.57073295 0.869120598 1.68376029 1.12463284 1.44437838
    1.45139837 1.34343827 1.23329437 1.77656162 1.35626686 1.36731124
    1.17942083 1.3945924 1.17959499 1.81400371 1.89875448 1.43071544
    1.55052614 1.52297604 1.74462092 1.93410861 1.13650048 1.5367974
    1.70586777 1.07449734 1.43886292 1.79740477 1.89988697 1.79708862
    1.61532331 1.2222563 1.88381433 1.81245315 1.14841306 1.05701351
    0.867229939 0.87119031 0.957943916 1.19604635 1.56843364 1.11968112
    1.29325998 1.15416849 0.943379581 1.67745423 1.44856405 1.11191189
    1.4382726 1.79851151 1.8526541 1.50408483 1.01462221 0.804452956
    1.02159333 1.20258117 0.951398492 1.13477504 1.0574069 0.977420092
    1.49872613 1.59034944 1.79278052 1.08258152 1.71420002 1.01052308
    1.74524403 1.30956781 1.6236856 1.39368224 1.88728833 1.29968417
    1.00452328 1.42866552 1.15613663 1.27855802 0.94163835 1.44294155
    1.82345891 1.5659399 1.08204508 1.44209576 1.36404133 1.59346628
    1.11545777 1.27844977 1.12702453 1.1143707 1.29002547 0.978272617
    1.5655719 1.50724459 2.04485297 1.75266564 1.67380953 1.47638059
    1.96987331 1.01922011 1.86694682 1.83864844 1.02051842 1.81405592
    1.40087903 1.8451407 1.5122788 1.33875227 1.93186903 1.84939492
    1.14190459 1.22275126 1.35894322 1.52744985 1.19833386 1.88790405
    1.54278028 1.46998703 1.59526896 1.6747098 1.72124958 1.74965286
    1.02996516 1.63144827 0.975611866 1.39139235 1.00724471 1.93256545
    1.94456804 1.37172186 1.22674251 1.83741152 1.17169809 1.77822995
    1.54799724 0.971850514 1.63978899 0.978626013 1.25163603 1.04047239
    1.09811532 1.12728274 0.844277382 1.15260017 0.891428828 1.42583847
    1.49953818 1.18848228 1.3288573 1.84626758 1.31955898 1.58372152
    1.22474754 1.52131748 1.8968637 1.51098609 1.96673322 1.63812554
    1.28977644 1.13915539 1.73647201 1.58212888 1.71829057 1.62514484
    1.20976043 1.72745609 1.49736631 1.78881311 1.76348042 1.8823657
    1.04568982 1.7587738 0.951669872 1.48338354 0.933733881 0.949814558
    1.70540452 1.53633118 1.78541172 1.72130561 1.92697668 1.24351633
    1.42102683 1.17432928 1.48603368 1.57222652 1.71784234 1.67552853
    1.39222836 1.51411057 1.01304162 1.35617375 1.36042166 1.46570802
    1.01643479 1.80413437 1.87233889 0.978407681 1.87742758 1.32517898
    1.23374641 0.911564708 1.49128222 1.39171076 1.60677993 0.920976102
    1.43915725 1.07997704 0.970588684 1.65446413 1.42621827 1.16289163
    1.58692789 1.73816776 1.68281877 1.10417342 1.8843385 1.71136248
    1.40654218 0.989730239 1.20291805 1.02877438 1.16204286 1.50000739
    0.963437557 1.82404828 1.55048776 1.8125689 1.19654799 1.36012876
    1.80016768 1.40318358 1.80731285 1.75885451 1.1218245 0.950876951
    1.60429204 1.74693131 1.7358973 1.857687 1.87396383 1.07544625
    1.78341615 1.88834178 1.90940642 1.13518238 1.59304392 1.24089777
    1.38171184 1.86400306 0.961979151 1.14644003 1.62384713 1.57210422
    1.88959467 1.76789272 1.46641898 0.907996058 1.28420842 1.50842893
    0.947771132 1.69686544 1.27956986 1.82499397 1.48811436 0.94086051
    1.04697311 1.15499234 1.81930864 1.98678136 1.37511456 1.6324203
    1.8453573 1.43176448 1.13749039 1.85690737 1.16081917 1.39995039
    1.05844951 1.48366809 1.91376507 1.91552222 1.08311021 1.75981104
    0.969923258 1.60434973 1.00207114 1.16625082 1.05226719 1.50395072
    1.2651875 1.58800018 1.23359609 1.63407362 1.65252149 1.19736767
    1.21764481 1.62420654 0.955012798 1.27931368 1.53697407 1.73870277
    1.45871603 1.71765149 1.76525772 1.28980005 1.86319697 1.85285008
    1.28591275 1.48109865 0.948218226 1.47665989 1.28115714 1.35475552
    1.4592669 1.29339254 1.7818749 1.32740128 1.25507188 1.47128236
    1.59927964 1.02232504 1.09211433 1.31022263 1.72278786 1.50387871
    1.2415601 1.74411285 1.82909155 1.37476993 1.10101211 1.44186306
    1.08067751 1.28499162 1.56093717 1.05569148 1.70231998 0.999436378
    1.53969276 1.77178967 1.31779659 0.997150183 0.992198467 1.66967845
    0.870360255 1.24491644 1.68223119 1.05253017 1.1301347 1.88064539
    1.84187126 1.29764092 1.86595118 1.8230499 1.38514805 1.29748845
    1.22990203 1.60383236 1.4997021 2.00649738 1.84176648 1.74809337
    1.56031084 1.31647992 1.38433647 1.26787567 1.22839916 1.8696425
    1.82235515 1.3124187 1.6886245 1.39376426 1.12463093 2.01011014
    1.34182811 1.57854199 1.90782642 1.94039643 1.28162968 1.89403975
    1.89903045 1.53307152 1.91988313 1.30962217 1.45415795 1.89888883
    1.22120488 1.83259976 1.79519367 1.10637403 1.85981488 1.63815749
    1.09059513 1.05227041 1.72623289 1.16484392 1.3852582 1.04810536
    1.09492254 1.49307799 1.61533535 0.932871997 1.74244881 1.1165067
    1.29579818 1.4625597 1.48712301 1.85744441 1.19626343 1.08124304
    1.96059453 1.49487638 1.30195856 1.15726435 1.99688876 1.24032104
    1.35918915 1.77149212 1.36527288 1.61112952 1.45757937 1.59656608
    2.07146502 1.87824273 1.73868215 1.21228445 1.91588223 1.1319046
    1.03491628 0.85896647 1.53211939 1.39820421 1.18355417 1.46181548
    1.79283726 1.57999098 1.94966471 1.04595089 1.84922504 1.08653533
    1.1336267 1.4803375 1.18597531 1.0904355 1.32204008 1.8418082
    1.95650268 1.42789781 1.04950297 1.40578854 1.2604177 1.90165186
    1.77295291 0.986166835 1.36672997 1.43771434 1.11625779 1.44898057
    0.920978546 1.38164294 1.17255592 1.77330494 1.34966898 1.68312037
    1.78600502 1.48399234 1.85605121 1.19185317 1.83045185 1.95394528
    1.96273708 1.53257036 1.44782197 1.15981352 1.81872809 1.2409544
    1.17205667 0.99471432 1.67550135 1.2079798 1.83805776 0.948702335
    1.40996194 1.24141073 1.44904137 1.95477724 1.19159949 1.22705925
    1.90731037 0.909297824 1.71851957 1.7520982 0.986110032 1.69916749
    1.92939723 1.31855643 1.66933227 1.61210966 1.02078843 1.06735396
    1.87495077 1.16098237 1.31115901 1.74453068 1.02819574 1.7695806
    1.54322278 1.51282144 1.45947516 0.977955222 0.912594676 1.7376349
    1.4852078 1.08885467 0.926927924 0.97751689 1.33335495 1.16589415
    1.56434417 1.03253424 1.78737724 1.34679949 1.1175046 1.70550394
    1.45830297 1.92962074 1.73631763 1.6595639 1.11438477 1.61493075
    1.4040246 1.09236979 1.00692892 0.992195725 1.49278247 1.60134649
    1.52750635 0.93978107 1.13407612 0.912483752 1.10700595 1.61616266
    1.04901373 1.66267133 1.67651832 1.37658155 1.83216119 1.2744596
    0.92330271 1.09740424 1.80637586 1.07023025 1.78127956 0.914664626
    1.47525835 1.24778616 1.0898912 1.70868802 1.88447046 1.17795706
    1.2093749 1.47848678 1.2077651 1.16214287 1.81469083 1.69391477
    1.27057278 1.04454029 1.48175156 0.973377883 0.866448045 0.859307706
    1.52742195 1.37989545 1.42682004 0.946294844 1.77285433 1.56322312
    1.35185671 1.67388892 1.01082003 1.16408515 1.27011836 1.40637696
    1.42257416 1.46703243 1.13471508 1.30391836 1.57167721 1.8882097
    1.78326035 1.85625601 1.44927514 1.58696747 1.2734741 1.74312103
    1.52251709 1.103297 1.13525677 1.49663544 1.15737617 1.7267884
    1.42346895 1.69194257 1.9755919 1.85456765 2.05314565 1.67490995
    2.04609537 1.28736067 1.71874321 1.63894844 1.55678129 1.38778567
    1.62551582 1.94405556 1.23247147 1.52894878 1.88114893 1.8967042
    1.64348781 1.85764802 1.07598543 0.95121181 1.17861378 1.82295704
    1.66119003 1.81671119 1.4542954 1.68286359 1.58878088 1.83799314
    1.64948869 1.91481471 1.95657599 1.54970479 1.47302604 1.23940742
    1.91812873 1.84831107 1.39050686 1.28934336 1.42760444 1.44235647
    1.48075008 1.62619042 1.46202624 1.41170132 1.43193173 1.13160908
    0.873723805 1.81323326 1.68685305 1.50194228 1.32532275 1.02224684
    0.964816213 1.05105603 1.8010534 1.77540636 1.33478522 1.80765414
    1.06548548 1.23291302 0.99706167 1.44502532 1.66848671 1.78256011
    1.57096338 1.018327 1.3116976 1.65334678 1.80153525 1.82289886
    1.28348947 1.72129869 1.85882509 1.29487455 1.32335258 1.73207307
    1.43697512 1.4860574 1.03157187 1.02741134 1.78837621 0.959596992
    1.37115204 1.82443953 1.23208344 1.43863285 1.64347744 0.995577633
    1.66732609 1.92792463 1.37933528 1.46329832 1.72953987 1.75386441
    1.72460747 1.8345474 1.64174843 1.10515285 1.52967381 1.73071599
    1.80413055 1.46148276 1.74135983 1.32749844 1.33950818 1.54841936
    1.33139098 1.87681043 1.26653838 1.13611078 1.14889669 1.489236
    1.63686144 1.86891329 1.59428906 1.69075954 1.47675335 1.37492788
    1.7753433 1.81035626 1.84527397 1.17232108 1.82135403 1.77305186
    1.99207997 1.16044629 1.60327816 1.85590827 1.5504694 1.69868004
    0.951637626 1.24994802 0.924956739 1.40755713 1.65246928 1.93794322
    1.64356279 1.70628953 1.45465326 1.90656853 0.939593256 1.34974778
    1.20180404 0.947359979 1.75911438 1.13000321 1.35070491 1.18317711
    0.982738674 1.77108991 1.23871219 1.48753536 1.70680141 1.99313927
    1.96216989 1.38754928 0.998985112 1.76110208 0.967432499 0.882191062
    0.908856213 1.23650348 1.47877657 1.89120913 1.11739469 1.43078291
    1.64219451 1.29162526 1.73539817 1.50917411 1.45343351 1.44298375
    1.04531622 1.38991106 1.35910666 1.92994511 1.4662416 1.9306407
    1.84846151 1.35111308 1.01871717 1.24824691 1.0411514 1.50361848
    1.16030145 1.48512411 1.28291976 1.58997738 1.82524037 1.57609153
    1.60930037 1.45193613 1.62779987 1.15635347 1.15873957 1.20588255
    1.54525411 1.83993244 1.19473088 1.38419974 1.50439286 0.910251677
    0.999458432 1.31175792 1.62362552 1.14896655 1.58067131 1.64780271
    1.11854947 1.20166481 1.25154889 1.51578701 1.21906996 1.43875706
    1.60499322 1.05950713 1.61839628 1.40612578 1.51435554 1.78807592
    0.711655855 0.908185363 0.92377615 1.41321921 1.68100095 1.00083947
    1.35103869 1.00337827 1.9374826 1.25102437 1.4909153 1.58915961
    1.1285404 1.19466758 1.25001025 1.10315311 1.12474501 1.6700418
    1.82847619 1.34319997 1.74273884 1.85298896 1.36451995 1.83086824
    1.51870561 1.35678613 1.76207721 1.55399561 1.44009984 0.859224975
    0.971190274 1.22620714 1.45806837 1.18724215 1.27485371 1.15980995
    1.10877562 1.89972651 1.9117794 1.74620354 1.42778981 1.90230584
    1.99542511 1.12240255 1.14465427 1.63783813 1.58903217 1.44311094
    1.73767602 1.22868085 1.4006108 1.89363217 1.07945895 1.19548059
    1.77687335 1.03303885 1.7750051 1.11290979 1.15434015 1.29939306
    2.0509851 2.01641011 1.86273921 1.43924916 1.25100029 1.17605519
    1.09003997 0.992889345 1.17300951 1.41654086 1.4177537 1.46608627
    1.32412636 1.48581362 1.27758515 1.5036844 1.88074803 1.02653897
    0.993884921 0.933872879 0.977249861 1.77074838 0.957871318
    0.870393991 1.44910562 1.035833 1.52115929 1.6630398 1.37161446
    1.64265192 1.95611167 1.979738 1.8557539 1.75251842 1.55479014
    1.05272663 1.36841357 1.3210746 1.0193094 1.85398853 1.17951679
    1.86883116 1.65866232 1.44558799 1.77653146 1.73006189 1.41149175
    1.94585323 1.73642981 1.15019977 1.98756957 1.89459896 1.88808298
    1.52542269 1.60396302 1.62447608 1.26311255 1.62938833 1.2438935
    1.58724403 1.71065724 1.38051391 0.985229373 1.03751338 1.1663425
    1.26071072 1.27890837 1.61589837 1.67641616 1.80116606 1.65664172
    1.82600856 1.99084485 1.30614126 1.69765437 0.966979146 1.89986181
    1.31426835 1.37727201 1.4536382 1.6327008 1.69004333 1.03232157
    1.83793318 1.22992373 1.5799582 1.29949462 1.46613586 1.2938211
    0.987766027 1.84779453 1.82127368 1.39068866 1.22302616 1.83662963
    1.96252358 1.8455013 1.66786039 1.75197268 1.39326501 1.19837761
    1.43977296 1.60378146 1.06375897 1.74163306 1.22562802 0.892575264
    1.64246321 1.7222718 1.51259017 1.83593822 1.60306561 1.58888924
    1.46137679 1.18948746 1.02927816 1.6839664 1.12407744 0.940761745
    1.66140306 0.992992043 1.8228879 1.7674582 1.01014221 1.85733736
    1.98230672 1.04859412 1.96462846 1.86657441 1.67956233 1.40140688
    1.09999073 1.28870833 1.64173901 1.39089942 1.2743367 1.02503872
    1.15552926 1.15341914 0.981135428 1.81674385 1.75919807 0.927460492
    1.10929537 1.09455681 1.80617774 1.77933836 1.26071954 0.970995963
    1.86496401 1.76883221 1.06388044 1.54011703 1.69189978 1.51024246
    1.1388483 0.974413157 1.75316536 1.05569172 1.35844052 0.956384599
    1.55532932 1.56463969 1.71752083 1.16271055 0.906678021 0.992294192
    1.07751751 1.45915127 1.50937867 1.45030046 1.47621024 1.00010371
    1.40469205 1.19368351 1.10478878 1.04794192 0.987512529 1.7233088
    1.27241147 1.56334424 1.55288517 1.17526412 1.72132933 0.99522692
    1.22512889 1.69646955 1.84299731 1.56727886 1.01342845 1.50989056
    1.39927173 1.74886262 1.35887122 1.50941348 1.61354828 0.875454068
    0.722910583 1.42291129 1.01199365 1.15044105 1.4791863 1.19676864
    1.7746973 1.7737143 1.38863838 0.990620553 1.75760269 1.96038282
    1.3868221 1.63897073 1.73711073 1.40296662 1.85260415 1.38212252
    1.73744345 1.51607966 1.68387055 1.27963305 1.16909397 1.80677652
    1.4183774 1.18939257 1.56664634 0.862779558 0.935208678 1.56095719
    0.98702687 1.05601871 1.38572633 1.77203345 1.28003585 1.01929402
    1.14568174 1.93855703 2.0288868 1.34093392 1.31563604 1.38966608
    1.4858408 1.92842793 1.99917376 1.48816276 1.81567729 1.78479314
    1.28290522 1.43080127 1.68864977 1.79586005 1.47501373 1.48315692
    1.01843607 1.63721824 1.41172433 1.57003069 1.94258177 1.14095736
    2.06039119 1.46706998 1.58283651 1.97749686 1.33900404 1.97006583
    1.7565335 1.29381275 1.36190403 1.02816653 1.93923104 1.28819406
    1.89769804 1.82993674 1.06163192 1.81271851 1.75334406 1.14126313
    1.76312208 1.36605728 0.924723387 1.67017674 1.50624478 1.45210958
    0.980775774 1.04189408 1.43628168 1.60607469 1.5644033 1.02246904
    1.51069486 1.26794028 1.61102879 1.44721973 1.70305479 1.52042675
    1.48860002 1.05166531 1.83821011 1.45247781 0.975692809 1.81144249
    1.62048602 1.85654294 1.47792017 1.11899281 1.98659813 1.32457078
    1.944471 1.7642436 1.38723791 1.56336224 0.997745872 1.74679601
    1.26698327 1.50182819 1.62439823 1.17700422 1.81856871 1.02376163
    1.95262682 1.13517094 1.63714719 1.84409022 1.86994314 1.59761333
    1.94888234 1.96562159 1.33552444 1.13679016 1.937024 1.40053499
    1.35535645 1.53393579 1.4104495 1.20596433 0.947959185 1.64186692
    1.12666368 0.944448829 1.64135718 1.73830926 1.22837651 1.74778795
    1.45064342 1.71610272 1.27671528 1.20334983 1.17908549 1.70424938
    1.4360975 1.69935584 1.99707472 1.62027204 1.92027557 1.7078495
    1.30398583 1.95255363 1.23672628 1.97589934 1.84098244 1.81700683
    1.30671668 1.30351555 0.996167123 1.3249594 1.7961216 1.40944445
    1.5085218 1.15510619 1.16054606 1.46113253 1.47507751 1.36344624
    1.80195618 1.89575601 1.27580678 1.43817413 1.35848367 1.09637749
    1.95136762 1.46361804 1.19910336 1.37606657 1.17525768 1.8267833
    1.6606518 1.65945148 1.46531224 1.78758669 1.56226528 1.60162771
    1.8141073 1.35695112 1.20109808 1.20591509 1.50262439 1.83161402
    1.88129365 1.23317218 1.83316696 1.29621387 1.41300166 1.71379268
    1.39598167 1.90390551 1.33753359 1.54255438 1.61794817 1.87786174
    1.49796617 1.27934706 1.91009927 1.91573119 1.79492235 1.0303427
    1.36394966 1.44694757 0.942644417 1.85754323 1.16194499 1.55895615
    1.63488591 1.06488442 0.96839422 1.014202 0.885250211 0.900705397
    1.58952856 1.51766384 1.20691967 1.39733303 1.89934266 1.10667896
    1.66954923 1.52601624 1.21858358 1.22021902 0.929071546 1.02300847
    1.02017605 1.47791183 1.88737535 1.62042487 1.16537857 0.976713181
    1.18629372 1.34114242 1.38948619 1.14013076 1.31169868 1.2209301
    1.8492043 1.12950468 1.59413409 1.60364127 0.590448737 0.728136957
    1.43672848 1.21166337 1.38862014 1.22440052 1.29972374 1.5678761
    1.89986598 1.6589061 2.00118709 1.38706899 1.95005727 1.99527919
    1.66177499 1.41660285 1.63402486 1.92828178 1.83855522 1.56536674
    1.77498031 1.22294247 1.18893945 1.81844079 1.74051988 1.43716168
    1.27842677 1.22737277 0.942004621 1.06964135 1.731282 0.88301301
    1.24186897 1.66060925 1.31152892 1.36792433 1.39918709 1.61294413
    1.62863767 1.54594743 1.85731471 1.8484714 1.48619056 1.96578038
    1.42154717 1.23609853 1.85806787 1.50914967 1.87100351 1.9649775
    1.37622368 1.59746134 0.990895808 1.38724041 1.32237661 1.49736774
    1.06236136 1.94342208 1.06211746 1.85492814 2.00193214 1.98943985
    1.73235357 1.67015779 1.21942949 1.00837636 1.25034118 1.36974585
    1.55532277 1.63533509 1.27410793 1.64741218 1.06417704 1.61306727
    0.96333909 1.59296954 0.970245838 0.933627009 1.4013555 0.948574841
    0.893654466 1.50895727 1.20911181 1.26351619 1.35447001 1.81489015
    1.5592829 1.73478794 1.82846367 1.82622504 1.35565174 1.32018316
    1.82409298 1.06943154 1.80554366 1.09683788 0.992680967 1.1616863
    1.87042749 1.59568274 1.04212284 1.18524468 1.19795394 1.45119524
    1.07758451 1.25796723 1.1685282 1.46262062 1.99541569 1.79538083
    1.8791523 1.15336692 1.56473732 1.07671523 1.30462945 1.76026189
    0.911282122 0.926545978 1.22082937 1.23389232 1.7206279 1.79384625
    1.61292386 1.3104583 1.13573003 1.85557604 1.67836821 1.95214641
    1.53098071 1.61604834 1.20710778 1.74518216 1.19602859 1.66368282
    1.53481221 0.992995799 1.72139251 1.09998548 1.89300025 1.05684066
    1.58476484 1.6192137 1.46939516 0.958988369 1.55356872 1.63740349
    1.82702219 1.10706198 1.23285556 1.68393373 1.27295125 1.59390736
    1.27983212 2.03630114 1.81432128 1.11225176 1.98987138 1.49121058
    1.05867565 1.35643959 1.0577451 1.32042158 1.39940572 1.3649919
    1.13495135 1.11403322 1.16463816 0.942975581 1.27364266 1.14723217
    1.16525149 1.86576188 1.25301266 1.2803998 1.21616113 0.989987612
    1.64271057 1.40451932 0.948139787 1.87129521 1.85595822 1.3232913
    1.08965909 1.94111204 1.26632142 1.154814 1.8648119 1.24296224
    1.5142957 1.4465487 1.5742532 1.90965867 1.71879458 1.20739222
    1.26662385 1.33875549 1.64902818 1.16022027 1.29654479 1.6030997
    1.59937298 1.19497395 1.94091344 1.58291185 1.56649959 1.88661408
    1.10987425 1.07542789 1.92471004 1.8329401 1.61610901 1.63689208
    1.7341392 0.988631725 1.23569131 1.47264707 1.4248426 1.50467491
    1.21118093 1.21247089 1.50563586 1.72552478 1.0594244 1.61857319
    1.27268493 1.26512539 1.12985122 1.49601531 1.90122175 1.17771196
    1.22678065 1.64607716 1.49739611 1.08040535 1.17846847 0.981138647
    1.36226892 1.84145653 0.911956966 1.23722327 1.56283784 1.05485702
    1.71317554 1.25560999 1.20924032 1.87613249 1.58488441 1.83206046
    1.83484435 0.982383609 1.79334176 1.14324033 1.31249344 1.30344999
    1.12923086 1.51801562 0.730331838 1.31367004 1.6535784 1.22841239
    1.55405271 1.83455718 1.9039284 1.00016332 1.01715982 1.72300005
    1.58268976 1.71809757 1.33093143 1.31756318 1.56257021 1.87746656
    1.55734658 1.88695312 1.60732353 1.07386577 1.14104307 1.99583757
    1.89633322 1.80483711 1.93532026 1.03082049 1.3516947 1.37402272
    1.14389956 0.980655849 1.08671093 1.19095778 1.04515493 1.85438204
    1.87795401 1.34488809 1.34506381 1.11070561 1.10752952 1.04681492
    1.78802049 1.55260336 1.43623519 1.07448184 1.66590869 1.47749174
    1.89435458 1.29109538 1.72414804 1.04752481 1.32744825 1.1557337
    1.78168523 1.90077746 1.85582948 1.88915169 1.25062251 0.999009073
    1.92511177 1.79358268 1.85361826 1.65037036 1.73363173 1.60841072
    1.67510498 1.76426089 1.63529682 1.06772089 1.93414927 1.54214752
    1.31539071 1.66461992 1.89377594 1.3243891 1.60483253 0.944111764
    1.03540182 1.29901028 1.86690748 0.937108159 1.63550341 1.27992249
    1.77860844 1.02933085 1.61410546 1.24186051 1.59952891 1.15239513
    1.35052729 1.12855315 1.72381377 1.20594549 0.990908086 1.58727074
    1.03391755 1.50816512 1.68342364 1.75541246 1.12424386 1.24705386
    1.5964272 1.76813948 1.70954525 1.5604279 1.72905743 1.12178385
    1.19124126 1.64026248 1.69636619 1.58927786 1.48023689 1.24716377
    1.15762746 0.985759437 1.83820784 1.15969539 1.07854474 1.82406723
    1.38352561 1.2727021 1.6039052 1.5373776 1.33104932 2.00136232
    1.74325955 1.11435819 1.49181485 1.52420843 1.11919355 1.10453999
    1.29742336 1.90718114 1.42657197 1.43677473 1.64221632 1.34854078
    1.71427393 1.0209918 1.13527155 1.04103053 1.67800391 1.24166143
    1.23891056 1.61538768 1.60216081 1.2625562 1.85915875 1.14723659
    1.79278553 1.66046584 1.46875155 1.31060684 1.86543489 1.37170005
    1.92792404 1.45408988 2.03044295 1.72654164 1.69655228 1.65534127
    1.12190759 0.972664475 1.24619639 1.37458611 1.55614233 0.965730667
    1.5064292 1.68091953 1.28296185 1.2669096 1.1596421 1.41337359
    0.873042762 1.18873131 1.65878689 1.21203983 1.03421295 1.21030009
    1.83864248 1.89009047 1.77541924 1.33287525 1.3965342 1.33559465
    1.95710766 1.50246644 1.78540909 1.55656409 1.57893717 0.982863903
    1.61648357 1.10862994 1.23683631 0.919864476 1.40024328 1.30809736
    1.83461404 1.7850095 1.21786964 1.29361749 1.30116618 1.10234225
    1.54592395 1.40299392 1.64254534 1.22906876 1.0214535 1.10951042
    1.30208147 1.65501976 1.91403937 1.96382058 1.85857105 1.33478487
    1.45522988 1.45889699 1.76960921 1.17131722 0.932715297 1.22858858
    1.42622876 1.93265772 1.8956058 1.20596802 1.16510773 1.12459886
    1.4842608 1.42400682 1.02511656 1.69469571 1.93438935 1.57760513
    1.70874143 1.76753199 1.6331805 1.67070603 1.39432371 1.08998203
    1.29087472 1.78964674 0.910581172 1.0994401 1.69931507 0.897489488
    1.29104459 1.15187049 1.6129756 1.54146075 1.56185234 1.89619052
    1.49122834 1.50169563 1.36499143 1.21356094 0.86123693 1.4935683
    1.25956738 1.36897516 1.3081392 1.78222883 1.09381008 1.83194757
    1.18418324 1.13527036 1.6261431 1.63818169 1.30284035 1.76311576
    1.93539608 1.93206823 1.29441369 1.18986857 1.5799818 1.57609391
    1.76035535 2.01214933 1.88876724 1.93875778 1.5294075 1.83349895
    1.81114626 1.58251059 1.10240197 1.0207963 0.908470333 1.13278127
    1.6772666 1.63706207 1.32918572 1.43705142 0.930650353 1.20323968
    0.939469039 1.4278053 1.41391444 1.09938335 1.89939368 1.86504376
    1.57316291 1.58679962 1.30132639 1.42069805 1.77032983 1.07318747
    1.83060861 1.14080501 1.01184285 1.70881081 1.92239666 1.53587019
    1.47237217 1.64750266 1.46886122 1.0612911 1.71109438 1.99139631
    1.58421624 1.88750231 1.1118834 1.18772793 1.39499569 1.1424284
    1.71397114 1.86941552 1.40960574 1.64193618 1.72254801 1.90567946
    1.03148556 1.40912199 1.84145308 1.47943032 1.22065985 1.42631245
    0.932139635 1.61606336 0.934130549 1.23478186 1.52842939 1.54394019
    0.978514612 1.05918837 1.80904186 1.13954139 1.31414616 1.80941236
    1.07421184 0.997941613 0.95909059 0.972713053 1.53838384 1.54326403
    1.0292846 1.23808348 1.81241 1.63793314 1.64378154 0.980732083
    1.7580955 1.15259945 1.34391367 1.476717 1.09412086 1.44200587
    1.47311091 1.28139746 1.68401504 1.10249412 1.02572 1.50249207
    0.994728267 1.39307237 0.971460879 1.40385652 1.62026441 1.21973979
    1.3408004 2.00379848 1.74604285 1.386379 1.76166809 1.78416073
    1.5554378 1.20037425 1.09616959 1.78478992 1.30180407 1.33065403
    1.38270795 1.6057266 0.922255456 1.37589514 0.998287141 1.30901885
    1.52975738 1.26850832 1.59254241 1.43414342 1.16741276 1.75678444
    1.52915812 1.78655565 1.14678264 1.42837965 1.21023452 1.70596075
    1.66790593 1.33160877 1.51518226 1.84790874 1.71040893 2.05095363
    1.84232855 1.00613093 1.4080224 1.36680794 0.896268904 1.37963808
    0.977075696 0.963268161 1.73700595 1.70294666 1.52631497 1.69380474
    1.9118638 0.966442347 0.954997718 1.01460147 1.45984495 1.06727767
    1.66434169 1.54418445 1.65883744 1.72982204 1.05086946 1.91480184
    1.07613575 1.37111294 1.60282922 1.690377 1.8027575 1.14631057
    1.28955507 1.49736428 1.13694358 1.64348435 1.21942949 1.19862401
    1.35973859 1.30800068 0.848973572 1.19163752 1.16684461 1.43870437
    1.21605086 1.33329642 1.52307928 1.08539987 1.80752409 1.587973
    1.3053863 1.75890052 1.58421361 1.50589132 1.0670532 0.933698058
    0.94284457 1.27924645 1.02183759 1.39486337 1.34294319 1.72002423
    1.92245293 1.23003089 1.70716274 1.29933572 1.31871855 1.68278861
    1.83581603 1.56983662 1.10866916 1.86724532 1.67587221 1.66782582
    1.80449378 1.17464805 1.96442795 1.42075241 1.68281388 1.88440609
    1.67281747 1.54141605 1.16567004 1.28117347 0.88858062 1.47297215
    1.35842061 1.78286338 1.08264089 1.32255149 1.72208142 1.00427878
    1.1835376 1.13460743 0.963756382 1.86708546 1.10907722 1.65643656
    1.14187157 1.6332823 0.852157831 1.11311746 0.621486723 1.07564127
    0.717692792 1.6135453 1.08538306 1.72561622 1.0530653 1.66330945
    1.42523444 1.99153996 1.86086047 1.79281402 1.04787493 1.49511933
    1.70625269 0.979056418 1.74495149 1.36006176 1.11338627 1.74523878
    1.15871668 1.40718913 1.12524378 1.72404397 1.43027127 1.79958427
    1.79953814 1.85853434 1.46983993 1.59859097 1.5435003 0.937737763
    1.36184418 1.16143286 1.84866512 1.3274672 1.8839643 1.61123288
    1.05583286 1.67321658 1.81720519 1.32600665 1.0254854 1.1506387
    1.02595007 1.66365302 1.51327825 1.73359621 1.77022886 1.53033042
    1.76152122 1.39134145 1.35760701 1.85368955 1.2403518 1.78104556
    1.31657183 1.52497458 1.07111752 1.50304031 1.42425156 1.92505908
    1.97874665 1.79611492 1.4722755 0.997197986 1.49852681 1.27498245
    1.25884295 1.95271444 2.00224042 1.64723444 1.43497193 1.40820813
    1.47157431 1.39709139 1.57304966 1.90528512 1.4537493 1.34980226
    1.39589405 1.44953334 1.52981257 1.60852063 1.48773289 1.76086342
    1.55206919 1.46854258 1.92362928 1.63215268 1.20524704 1.12206876
    0.996319413 1.10178161 1.30140817 1.08237338 1.23044753 0.985517263
    0.966625571 1.72908533 0.995898366 1.0287261 1.00290453 1.36550045
    1.23405337 1.58065939 1.49223697 1.30992723 1.4754082 0.967771351
    1.23581457 1.30235481 1.85741842 1.28033793 1.47716057 1.6949861
    1.89513016 1.92662072 1.71989155 1.98603451 1.53449202 1.07268882
    2.03097057 1.64991117 1.31862283 1.93500435 1.06753302 1.434865
    1.07915854 1.29354572 1.52625096 1.29807901 1.29506111 1.76093113
    1.23610032 1.16878998 1.87213707 1.13876188 1.7242378 1.35333002
    1.22683048 1.26360202 1.35381866 1.41308582 1.59604228 1.42427504
    1.39638257 1.1450721 1.70827937 1.20548475 1.53958535 1.21745718
    1.47278988 1.89033985 1.97753429 1.62703955 1.27602255 1.44647133
    1.89643562 0.920492291 1.72223473 1.09589887 1.33875144 1.69077468
    1.3270489 1.53350842 1.42096949 1.81082976 1.89078295 1.70314002
    1.23585105 0.890856385 1.15156686 0.970730126 1.33276212 1.79626572
    1.25735211 1.08416855 1.19058037 1.89169967 1.79070663 1.98905778
    1.66046596 1.17603397 1.66688037 1.70916605 1.42680812 1.23006904
    1.45326746 1.43294525 1.7845974 0.887682974 0.973906636 1.08468127
    1.04930031 1.54417765 0.909006178 1.16689885 1.08474231 1.46715319
    1.32881796 1.09568632 1.59067512 1.41534722 1.54296923 1.00320613
    1.38676786 1.44129407 1.35652065 0.996255457 1.47675157 1.86604369
    1.33329749 1.31533217 1.78074813 0.96781081 1.93958676 1.33903396
    1.03318238 1.61758947 1.6489774 1.49974668 0.959956706 1.75224268
    1.50069928 1.28644872 1.38506496 1.35187519 1.77825916 1.88927269
    1.42749345 1.58122683 1.1573745 1.70263875 1.68859005 1.1463083
    1.71737361 0.992235839 1.04701054 1.04710293 1.28720379 1.78561783
    0.926257253 1.36977339 1.41023934 1.12829804 1.26588798 1.86047328
    1.0566504 1.03383911 1.08450496 1.73168528 1.85822248 1.81644881
    1.19451857 1.70068145 1.13130951 1.03824461 1.20686865 1.59324861
    1.64857185 1.20855701 1.17961097 1.7326436 1.02151489 1.58762097
    1.01710761 1.80566585 1.70213223 1.07211566 1.30086005 1.07007945
    1.88161719 1.33641934 1.93326533 1.2583102 1.79774392 1.64146161
    1.51565921 1.84559655 1.5911696 1.68517375 1.85132408 1.33164382
    1.81908953 1.12462914 1.72784829 1.37816846 1.53390694 1.38794887
    1.69524121 1.2116313 1.3952719 1.53708708 1.13669169 1.95691681
    1.55106616 0.98587811 1.1701473 1.58780408 1.36814344 1.28872418
    1.93995953 1.5340482 1.67616308 1.76792264 1.59793782 1.25296605
    1.21714199 1.95888317 1.06842232 0.968001783 1.44029593 1.3260746
    1.38017642 1.82905877 1.02419567 1.39615107 1.56043196 1.68296623
    1.53077018 0.998172402 1.93794847 1.26786017 1.58538413 1.05947757
    1.96109712 2.00740862 1.04630136 1.8616842 1.33369827 1.07173765
    1.30408216 1.79975951 0.991378307 1.77473414 1.60167086 1.59152222
    1.87060809 1.97157538 1.57805586 1.22687614 1.54007411 1.94128215
    1.28701854 1.24375391 1.17662644 1.2778877 0.891159952 1.30652499
    1.72316849 1.86352348 1.70779967 1.10136175 1.22552395 1.54901946
    1.34006751 1.35148227 1.24552095 1.7634505 0.988269687 1.15216911
    1.89588618 1.73830724 1.64106011 1.80822897 1.16450608 1.79924214
    1.40921414 1.5673846 1.7695539 1.48064077 1.26313138 1.73196375
    1.03934777 1.64482105 2.01520872 1.23206735 1.85331976 1.79118776
    1.45499027 1.52781928 1.48913753 1.68018413 1.55526876 1.46956682
    1.11067545 1.75777364 1.10558414 1.10542452 1.67057502 1.18441892
    0.967437088 0.956923068 1.23359847 1.61060488 1.08125889 1.9054383
    1.90726888 1.18446231 1.04144812 1.27044785 0.942680418 1.33250761
    1.51392663 1.25096726 1.09414196 0.945661187 1.01090682 1.59407699
    1.07275033 1.27828586 1.84648943 1.22346878 1.26038623 1.69413698
    1.68420994 1.4323256 1.43693447 1.89718413 1.11023724 1.75282431
    1.88312137 1.10697198 1.57287014 1.86725056 1.08837104 1.77033091
    0.967771351 1.04675853 1.04430437 1.31386387 1.27500558 0.965749204
    1.85273862 1.66956747 1.44863939 1.30436099 1.72140086 1.58338749
    1.81413019 1.8380028 1.35501003 1.31962371 1.84294903 1.02892959
    1.4565928 1.58515429 0.980091751 0.899596214 0.937348485 1.52037597
    1.3284502 1.38360858 1.4533217 0.997838616 1.10076249 1.01373053
    1.22190404 1.45874107 1.50676739 0.953385949 1.2040118 1.53010297
    1.36886787 1.36407387 1.16713691 1.44583642 1.2827847 1.53358567
    0.954079628 1.48733938 1.20550358 1.46876943 1.30456424 1.53767753
    1.66750443 1.91956186 1.01731098 1.03533518 1.09388149 1.5121659
    0.948929191 1.31940913 1.44449317 1.37025321 1.84644628 1.0427494
    1.71559024 1.98258507 1.468418 1.12108111 1.25439692 1.31387985
    1.01782453 0.91011852 1.4949646 0.940811515 1.21727133 1.74528182
    1.89718926 1.10894608 1.66673815 1.90060139 1.18576598 1.77310908
    1.02491891 1.10204756 1.57110107 1.66401815 1.01513398 1.52290976
    1.22135496 0.695046544 1.21057153 1.35336745 0.802798092 0.796308815
    0.852386653 1.62364388 0.96219629 1.86204052 1.77540684 1.59888935
    1.15661955 1.68145835 1.78802729 1.38861275 1.09330595 1.43830681
    1.20119703 1.33069372 1.72527802 1.70660818 1.62147927 0.980123401
    1.72837162 1.20797527 1.93593764 1.30662417 1.95886195 2.01138806
    1.26578546 1.40405214 1.40341377 1.83091307 1.99113631 1.15355313
    1.6926403 1.21048665 1.6708442 1.03580463 1.70778823 1.61323535
    1.3736043 1.01394832 1.5939157 1.19217598 1.53469825 1.77721548
    1.98635972 1.75504363 1.65153873 1.37767315 1.40137887 1.764956
    1.02914357 0.970668852 1.8193171 1.38886154 1.44882059 1.87501407
    1.2059114 1.23968625 1.33044708 1.59615231 1.4693681 1.6473664
    1.34910035 1.37486315 1.37992954 1.46834958 1.49198771 1.70519197
    1.80280185 1.71079719 1.30950928 1.52273715 1.25767374 1.022246
    1.43066585 1.81331158 0.971623242 1.61156797 1.78677118 1.23679388
    1.50098622 1.30190492 1.68130076 1.4083308 1.85531938 1.06178153
    1.13834512 1.54475188 1.25803936 1.25844252 1.54122341 1.21924829
    1.26169729 1.53343403 1.34376359 0.98069483 1.75077724 1.45590734
    1.37822616 1.69049537 1.32746947 1.48751676 1.0961287 1.07965183
    1.63295448 1.67606699 1.09302211 1.21733427 1.01874459 1.25349569
    1.91771054 1.63853824 1.77433038 1.18403089 1.31851065 1.15482748
    1.35681498 1.61160779 1.85571933 1.86886835 0.994626403 1.67029738
    1.2836504 1.34784186 1.12905359 1.10184145 1.38353276 1.05273116
    1.21394646 1.12778389 1.13960564 1.4393841 1.2331363 1.29746544
    1.52981412 1.84498477 1.07548225 1.41819406 1.50941837 1.00819218
    1.12921822 0.933511019 1.86216414 1.26922143 0.951475441 1.37847161
    0.982365727 1.62151933 1.52698994 1.11860192 1.9519546 1.77994728
    1.52821863 1.29270899 1.70835912 1.17188954 1.0804019 1.16406119
    1.23072994 1.76916027 1.26111078 1.109272 1.33702731 1.85339665
    1.85514688 0.941831768 1.31523061 1.57598972 1.27923393 1.34451425
    1.46163678 0.970110774 1.07586873 1.37018013 1.82626879 1.40228879
    1.09138215 1.12951434 1.11380553 1.21269166 1.82438803 1.25955725
    1.30473912 1.61397123 1.34524226 1.46629381 0.899898171 1.00210738
    1.21986461 1.1603502 1.51288736 1.89015377 1.17471671 1.5632242
    1.73985267 0.869299412 1.35660005 1.33908939 1.34890819 1.05085397
    1.56769621 1.59237587 1.45738125 1.04738545 1.16249478 1.49787438
    1.32805538 1.14880276 1.39151108 0.980630279 0.945343316 1.89523947
    1.65524554 1.58936596 1.09784758 1.92489517 1.59583187 1.44608223
    1.40325665 1.04188907 0.903998971 1.07252955 1.03658044 1.28791797
    1.87160718 1.78971863 1.39789033 1.95418155 1.19823694 1.95367074
    1.93732619 1.12086987 1.63231742 1.50348628 1.05247664 0.927690506
    1.80669665 1.4398793 1.7251569 1.39656305 1.45412815 1.59810913
    1.38671863 1.91245878 1.35000503 1.08666468 1.29425979 1.85376108
    1.82131219 1.20664096 1.26507914 1.51896489 1.22078896 0.579075217
    0.917814732 1.16999495 0.840379596 1.18274117 0.855653048 1.00295079
    1.57382262 1.49240935 1.84333122 1.2238878 1.08709204 1.15422463
    0.923412919 1.68622911 1.27880979 1.64783144 1.37818193 1.24882841
    1.43338621 1.56038594 0.891124427 1.28107107 1.29872036 1.95433414
    1.38207793 1.46222472 1.59664416 1.41775227 1.72633088 1.98516703
    1.78019249 1.77247071 1.73655021 1.23755538 1.75557184 1.78919148
    1.26103091 1.88915217 1.49029386 1.88222408 1.13432014 1.74941611
    1.37568069 1.37028515 1.69951165 1.34251297 1.05004084 1.79170048
    1.60641253 1.22018278 1.85691822 1.34678924 1.65164971 1.71903551
    1.08254552 1.64586997 1.5394448 1.07183123 1.1117574 1.74364412
    1.03317559 1.10758889 1.58990669 1.28424418 1.26349306 1.08769655
    1.71411371 1.80396998 1.67684805 1.2181586 1.9249326 1.5554086
    1.24380207 1.86783016 1.71795917 1.2994436 1.77330041 1.33791292
    1.65326309 1.64399052 1.3382175 1.61346734 1.48571098 1.499336
    1.22567558 1.71259046 1.83176827 1.52276111 0.947602153 1.29033232
    1.79769576 1.77171338 1.31519604 1.73573411 1.56324673 1.03624332
    1.10437167 1.59702659 1.90130472 1.44994831 1.65250456 1.44275439
    1.75231338 1.72447038 1.37609625 1.71269023 1.5218457 1.34606767
    1.72339988 1.76513517 1.56378698 1.79690123 1.80875528 1.95942259
    1.7483952 1.97744417 1.32939696 1.67680717 1.64538467 1.95968246
    1.10764253 1.01760089 1.58179522 1.58510244 1.15282404 1.40922606
    1.59605873 1.48059046 1.29663062 1.32447088 1.51387012 1.87742662
    1.33160865 1.1851747 1.72873926 1.76714468 1.39973068 1.13172853
    1.88258266 1.86901319 1.96696937 1.96234751 1.73659348 1.40318727
    1.44783258 1.80145574 1.07733965 0.969349682 1.84628713 1.84223676
    1.04790199 1.4585228 1.85160267 1.50087261 1.21519411 1.8468169
    0.967447937 1.04950595 1.116611 1.8105284 1.88926005 1.58678997
    1.7456063 1.05703318 1.59622931 1.63849485 1.17218256 1.11473739
    1.55246305 1.01437402 1.29339063 1.52096379 0.912999749 1.57258105
    1.40152156 1.87185442 1.22712266 1.77412724 1.8942529 1.44541872
    1.55225241 1.03060198 1.27255559 1.53182316 1.58728039 1.64341009
    1.30791235 1.52763975 1.7905941 1.64690566 1.48580956 1.48722315
    1.79320061 1.19765401 1.78265893 1.44165826 1.02059948 1.05578518
    1.11996567 0.94935894 1.35007656 1.0495373 1.14415586 1.7612977
    1.54445469 1.09892619 1.21909106 1.7111249 1.83061755 1.61759233
    1.33577526 1.31895185 1.62031794 1.92723513 1.97447491 1.32312679
    1.41856825 1.37733388 1.5137341 1.07404697 1.21149671 1.44510841
    0.938527763 1.28741825 0.995734394 1.07949245 1.14441049 1.05893815
    1.86736226 1.47803497 1.3546077 1.54699659 1.31266809 1.94174778
    1.57091975 0.987067461 0.997164845 1.07812178 0.914512157 1.34183443
    1.26336205 1.45700932 1.56305802 1.62948442 1.55573785 1.21345317
    1.1015234 1.09172249 1.5371381 1.06195331 1.71055019 1.64316165
    1.71465516 1.09213543 1.32228017 0.951558828 0.919447184 0.652022243
    1.44306672 0.974352002 0.98448348 0.787594259 0.855622351 1.69370925
    1.91679049 1.30491138 0.982420266 1.41625595 1.30964208 1.52097905
    1.12983441 1.05009305 0.911734283 1.29411817 1.06208122 1.05030918
    0.971612632 0.916017652 1.35153985 1.56107914 1.33581102 1.54631567
    1.79989433 1.99806845 1.28393328 1.11432171 2.003088 1.60707736
    1.96058023 1.91849685 1.79466248 1.28434098 1.87795794 1.85101509
    1.91446698 1.64933205 1.05538249 1.82970381 1.39772069 1.49894834
    1.91379583 1.35731173 1.41300285 1.30980134 1.64304018 1.90490007
    1.89581776 1.90253365 1.44039953 1.36932468 1.1154542 1.40001416
    1.31567299 1.12726176 1.04311013 1.67991257 0.997274816 1.58478653
    1.0052253 1.20901489 1.67325509 1.90973794 1.48011637 1.17201579
    1.73161983 1.36854863 1.33830106 1.60676849 1.65720236 1.07336259
    0.933283091 1.11351681 1.520275 1.01003861 1.51261246 1.1044997
    1.82575405 1.68842423 1.47389472 1.73542511 1.37806869 1.53842318
    1.93688142 1.5438509 1.00511539 1.51434779 0.983061373 1.06015182
    0.9261356 1.57925081 1.65669954 1.25874007 1.57905841 1.06548631
    1.69884622 1.74349451 1.36764681 1.43989098 1.52936971 1.66994572
    1.19611943 1.86904979 1.81088483 1.01056218 1.69980216 1.06560147
    1.12205994 1.88495612 1.01474297 1.54724765 1.02134371 1.23830116
    1.92212629 1.30998003 1.0344727 1.86574972 1.69044662 1.46127224
    1.71181166 1.31929088 1.39274347 1.37610638 1.19461381 1.85370457
    1.21909487 1.66459453 1.80868006 1.83147025 1.48438311 1.63907659
    1.64366055 1.84451258 1.14748192 1.90081835 1.33813107 1.75585711
    1.85509992 1.99574494 1.30341101 1.13050151 1.23427486 1.69376993
    1.79525244 0.962731063 1.1659348 1.33337903 1.88041031 1.57177711
    1.20354569 1.1640799 1.17113078 1.79632676 1.01085627 1.4946233
    1.46447015 1.85522735 1.59926569 1.25847208 1.168836 1.7673775
    0.999981523 1.56905639 1.68334174 1.60223734 1.85881186 1.42676497
    1.40338051 0.964005947 1.52850878 1.9049691 1.32829511 1.49807012
    1.63079429 1.53547978 1.17448175 1.27491307 1.55590951 1.85889292
    1.82299721 1.15708005 1.67633379 1.07125592 1.17469645 1.61968231
    1.34882832 0.94562465 0.962924004 1.87772346 1.62284815 1.87901056
    1.33693337 1.70430887 1.0872637 1.40833378 1.01565266 0.99650979
    1.4761076 1.34601486 1.4563024 1.2769978 1.03822494 1.20703399
    1.73395169 1.87066412 1.63309646 1.07897234 1.55475116 1.36635971
    1.0649668 1.22964096 1.47550654 1.86369407 1.84049332 1.49312139
    1.22737849 1.68859565 1.71286809 1.79466283 1.07559156 1.04743695
    0.93923521 0.910231769 1.05784619 1.6485374 1.72572482 1.83388352
    1.5787251 1.5197705 1.11113811 1.26458609 1.69747043 1.19291675
    1.56508255 1.52767408 1.58911431 1.10322976 1.63116527 1.23565364
    1.03940725 1.2859472 1.85766292 1.88964498 1.92860794 0.976251662
    1.25126052 1.80645227 1.79652429 1.8815881 1.84348857 1.23043299
    1.3418287 1.35692346 0.598735511 0.746642351 1.28252614 1.20759916
    0.930675745 0.897746921 1.02559018 0.947668135 1.37760067 1.51805437
    1.50629807 1.27022791 1.84992969 1.582111 0.995456576 1.24032712
    1.53433192 0.951088965 0.96503067 0.771595299 0.870743394
    0.921796858 0.868401945 1.55134213 1.96139097 1.86639595 1.86336827
    1.35242987 1.47151065 1.21341252 1.13473964 1.35473549 1.34097743
    1.06273198 2.04396081 1.70958245 1.70631349 1.55519748 2.0168674
    1.44690895 1.16282797 1.10126448 1.36827457 1.54953992 1.07274508
    1.52518094 1.19626963 1.66077602 1.96448648 1.33633411 1.44314301
    2.03094745 1.75845253 1.52671576 1.7131927 1.71309352 1.90264797
    0.968761802 1.85403025 1.55641305 1.74105048 1.2711705 0.862132072
    1.0186249 1.58174086 1.16231 0.992617309 1.9816916 1.89074945
    1.91297793 1.88000977 1.03753996 1.73499513 1.44234324 1.35968339
    1.16068697 1.54829466 1.03479767 1.74855423 1.09504294 1.34994507
    1.77774131 1.77007365 1.64430678 1.09719908 1.78785932 1.16234148
    1.66080415 1.38095391 1.5767504 1.13642108 1.03683364 1.21157014
    1.68246102 0.988386869 1.32949007 1.95289266 1.10257757 1.49126804
    1.78884566 1.01118279 1.93818319 1.85789776 1.49474359 1.38940918
    1.01557505 1.90014338 1.17173314 1.91137922 1.37807643 1.76490438
    1.17753196 1.40216076 1.09050906 1.71349061 1.60135043 1.00091314
    1.94397414 1.94166994 1.75448155 1.60069454 1.45184004 1.83847594
    0.966209888 1.67014074 1.03427505 1.87898016 1.86846149 1.97723448
    1.34009778 1.08742487 1.91642177 2.04060841 1.9970665 1.87637866
    1.3670522 1.14074171 1.34090257 1.37815261 1.16495597 1.37770557
    1.72815943 1.70736289 1.28591967 1.05440342 1.05656505 1.82923436
    1.16098917 1.47525823 1.83915603 1.74059391 1.06638968 1.16129506
    0.978785455 1.60647631 1.45442736 1.53238392 1.53566194 1.65324032
    1.04708076 1.96875703 1.92278016 1.95946932 1.21046209 1.61482954
    1.83207822 1.74512196 1.18503308 1.27848768 1.53649163 1.74219596
    1.10774648 1.58687901 1.17237997 1.7391398 1.46015835 1.29743433
    1.06936514 1.16889 1.91805899 1.89586723 1.07043254 1.78831053
    0.975512922 1.61820567 1.487041 1.25337481 1.04490495 1.53346157
    1.07954049 1.33821237 0.975032687 1.32954907 0.985693038 1.92791414
    1.59120607 1.09962547 1.45291293 1.74986446 1.86923099 1.88606822
    1.14282048 1.69653857 1.8543756 1.38269293 1.26129198 1.12624717
    1.58300436 1.14130592 1.21484292 1.659971 1.6964494 1.98957217
    1.54693711 1.50042343 1.58799565 1.09226751 1.83527958 0.969301701
    1.25297749 1.93406081 1.69067502 1.65432358 1.29051232 1.01964056
    1.00752795 1.45422029 1.07654452 1.32241952 1.50319886 1.91275179
    1.56212091 1.94316351 1.30435252 1.11214375 1.71650708 1.86160755
    1.3732549 1.48759365 1.47822869 1.91127527 1.25840187 1.70056164
    1.89233136 1.51589751 1.56879187 1.59586251 1.43512356 1.48421443
    1.44279099 1.22885001 1.73574114 1.22868943 1.27764475 1.06601095
    0.558494866 0.922036529 0.810122788 1.31746185 0.865297794
    0.799794614 1.19176161 1.19711411 1.39877772 1.85501254 1.59590781
    1.9016906 1.74938524 1.4420439 1.05355752 1.59404373 1.1157074
    1.759269 1.17724812 1.45713818 0.850147188 0.902530193 1.51303172
    1.68165946 0.95978862 1.29488087 1.36235702 1.43553483 1.53530395
    1.43049753 1.39764345 1.47538483 1.73656166 1.23429537 1.56614184
    1.86113274 1.19436336 1.75863278 1.40479696 1.64987123 1.87783945
    1.04098463 1.20810056 1.13652384 1.86139488 1.69523704 1.55099976
    1.29902375 1.76748002 1.78524172 1.50757074 1.78554666 2.03906751
    1.71639454 1.34835637 1.65205848 1.22707951 1.45402193 1.74960625
    0.958505332 1.24607849 1.41335678 0.986022949 1.22751951 1.76089597
    1.15758777 1.31911969 1.40815544 1.26727903 1.70613325 1.74991143
    1.66841054 1.79313457 1.87159693 1.05673754 1.03769815 1.76222456
    1.52117562 1.85542762 1.42885172 1.52303839 1.90293384 1.41952682
    1.50538993 1.13761222 0.934644043 1.45448673 1.60662234 1.76646006
    1.05449104 1.06565607 1.69503462 1.66246927 1.79676914 1.3715297
    1.85917711 1.51233089 1.86523354 1.88284647 1.63969994 1.17840695
    1.09383821 1.8673768 0.995983005 1.52990317 1.00075054 1.56717134
    1.14484823 1.76865149 0.977305055 1.03471923 1.41733706 1.48389792
    1.91613996 1.13266599 1.33460379 1.54178774 1.58418238 1.24294508
    1.71289146 1.36997199 1.3214854 1.8515358 1.09173691 1.16793621
    1.20342994 1.67708147 1.93497777 1.38605702 1.23222303 1.59627247
    1.1841433 1.31582749 2.06630445 2.0568397 2.10340047 1.69191635
    1.78843343 1.06351006 1.69622505 1.74143696 1.75316143 1.19150293
    1.73529208 1.35805953 1.63354897 1.58348691 1.41202343 1.82179642
    1.87710822 1.46494615 2.00096154 1.37608862 1.35253978 1.94530761
    1.94062972 1.35790253 1.87814641 1.08056343 1.12005341 1.85301518
    1.96405447 1.28238964 1.27707922 1.78920746 1.47457862 1.28964877
    1.2379508 1.5660826 1.0255084 1.092538 1.60873425 0.960630596
    1.75165415 1.45859373 1.03904283 1.45626843 1.26156735 1.76437151
    1.06179559 1.33222663 0.948135734 0.996799648 1.58303428 1.73758221
    1.08514583 1.29531264 1.76018238 1.68513298 1.20594501 1.711061
    1.81212008 1.74003148 1.85422266 1.20517027 1.40184069 1.01653004
    1.20717227 1.44630539 1.24239552 1.22489834 1.68343771 1.05456567
    1.14570498 1.7755568 1.59504318 1.88744807 1.4088372 1.72119272
    1.54957771 1.24380755 1.86383307 1.24161637 1.77878308 1.72009265
    1.08690691 1.25469542 1.16450512 1.52621436 1.45852101 1.53445065
    1.20834613 1.6608355 0.953742325 1.13206875 1.81537163 1.43042529
    1.24222744 1.39777172 1.03353202 1.74399579 1.05888128 1.73326254
    1.83493447 1.04483712 1.42577803 1.84680665 1.18324733 1.0240159
    1.91915417 1.93537402 1.06535244 1.91559255 1.34693515 1.54257953
    1.82454622 1.25145161 1.00604928 1.87918591 1.46599138 1.27164984
    1.53040743 1.17485356 1.54398131 0.947051823 1.45319724 1.01043105
    0.727663457 1.32939994 1.04788315 1.58898962 1.24125659 1.01553845
    0.859189272 1.44456494 0.954693675 1.82950878 1.94055533 1.27708399
    1.6050235 1.04058599 1.67975223 1.12384415 0.835750043 1.65713346
    1.04538393 0.990347803 0.872932196 1.0003233 1.34798622 1.45584452
    1.15502679 1.44956672 1.93581986 1.03624749 1.41284716 1.82326615
    1.15886235 1.78109443 1.09684885 1.40958881 1.71638989 1.36511827
    1.35986078 1.37912691 1.33096671 1.7211504 1.20943797 1.51613021
    1.21271908 1.4488107 1.03741372 1.3614471 1.92902422 1.37281704
    1.72105622 1.02800369 1.61155629 1.72291005 1.64038467 1.1885463
    1.13809085 1.86582029 1.92342758 1.66440344 1.60342586 1.03898406
    1.32867932 1.18165576 0.91238457 1.57004547 0.960370541 1.94615543
    1.33641613 1.63590419 1.53622866 1.1355679 1.0238843 1.44847679
    1.75930476 1.73501635 1.33111846 1.57376397 1.26429808 1.48453987
    1.36465609 1.67802465 1.3256408 1.2158246 0.992877543 1.00698996
    1.2934041 1.10888016 1.27579808 1.59779382 1.72748756 1.39712715
    1.75579584 1.03697062 1.10468113 1.68557513 1.80491602 1.48955023
    1.01371729 1.51162481 1.48602962 1.32969403 1.94785345 1.16875875
    1.53282547 1.73833358 1.80469322 1.33575141 1.24178565 0.895080984
    1.51736772 1.56633282 1.80240595 1.43958664 1.45500195 1.43816876
    1.31261492 1.91101408 1.68869662 1.94136846 1.33845925 1.48820865
    1.20516872 1.29709268 1.03070247 1.71011674 1.79027104 1.1180588
    1.43777883 1.06530809 2.02010775 2.02625537 1.38150966 1.85543621
    1.84110284 1.94836974 2.0722971 1.36945879 1.81290591 1.70234299
    1.53095412 1.66395223 2.07481146 1.99812472 1.58983338 1.75443482
    1.73786855 1.32287967 1.78548884 1.61217713 1.32982242 1.10178065
    1.76900721 1.3271085 1.94225037 1.06985188 1.51585281 1.27407587
    1.84099877 1.41756868 1.64893818 1.28664613 1.44742227 1.48638892
    1.7501241 1.43697023 1.33751833 1.5522095 1.17818809 1.54937172
    1.30061376 1.32429183 1.19534564 1.72108412 1.57326782 1.68123996
    1.34197068 0.993103862 1.73387635 1.63224232 0.95743978 1.20621395
    1.12475443 1.14088404 1.93412995 1.78059626 2.00209188 1.94871569
    1.34941483 1.9934715 1.97794032 1.78351951 1.9006083 1.42598581
    1.89549685 1.57285774 1.35372746 1.88082922 1.47970629 1.34519982
    1.986233 1.79265952 1.24788618 1.18490481 1.02164268 1.18193531
    1.5001893 1.64054132 1.002864 1.13437951 1.72592521 1.91002297
    1.27399707 1.41711581 1.99615526 1.81911397 1.15269935 1.64250827
    1.31019104 1.91706026 1.20832372 1.44747794 1.29004252 1.18954313
    1.67848992 1.82339442 1.12296331 1.68122876 1.38114643 1.17169428
    1.5057174 1.83087254 1.33362293 1.55695724 1.39205909 1.1744796
    1.56391931 1.3692013 1.18536723 1.7720921 1.3243022 1.07859468
    1.01229382 1.8425734 1.87311423 1.9157902 1.10322213 1.30045271
    1.02540636 1.0894922 1.00076735 0.973028064 1.09374118 1.01053107
    1.42192042 1.23917747 1.58033073 0.739820063 1.41613483 1.55705512
    1.0534482 1.26619959 1.7506206 0.986539662 0.991494358 1.20214283
    1.01572895 1.24590409 1.5140506 1.90656626 1.91121042 0.996156037
    1.25460279 1.24592257 1.08361709 1.48473001 1.19449627 0.988275707
    1.22675109 1.6015681 1.16603923 1.55911446 1.83475614 1.38587892
    1.18462622 1.91064942 1.68769443 1.37363148 1.26828372 1.77782285
    1.77616048 1.91668236 1.29006124 2.0232017 1.97595394 1.63236547
    1.47861743 1.50260735 1.26735365 1.2558217 1.34902477 1.95331979
    1.38611329 1.81993961 1.61137152 1.27411342 1.74562967 1.60100961
    1.22436476 1.98217058 1.62143719 1.8247416 1.51905572 1.09991121
    1.91973579 1.71371055 1.2171998 1.37904608 1.38782775 1.29463387
    1.14220238 1.80709028 1.84819221 1.45730531 1.55826652 1.90807509
    1.89286077 1.97797191 1.11726725 1.76253331 1.1240139 1.4197917
    1.84334886 1.96215153 1.01020253 1.81606245 1.42377102 1.30583537
    0.90916127 1.29443574 1.50247359 1.15246058 1.72908044 0.998705804
    1.70570111 1.69969738 1.60145593 1.92706203 1.02765512 1.06611621
    1.04633844 1.89294744 1.32818413 1.08925772 1.92947578 1.67567813
    1.17690098 1.64919829 1.22187686 1.7069546 1.47262561 1.86811137
    1.81204474 1.55219877 1.60816252 1.00148523 0.903391838 1.02314091
    0.994953394 1.65535057 1.11800623 1.70616567 1.07736075 1.07173824
    1.49694383 1.59188056 1.5032407 1.06298244 1.8701998 1.8735534
    1.61579227 1.36543059 1.38661337 1.94315684 1.55980849 2.04215431
    1.14370763 1.89858139 1.94772685 1.46665275 1.77914882 1.97141933
    1.37809372 1.23068976 1.37353849 1.98669982 1.68582451 1.58543932
    2.03831744 1.41101646 2.01717377 1.64119279 1.81868362 1.15458572
    2.0279417 1.15978062 1.37459946 1.62476647 1.433393 1.7332567
    1.42709672 1.72514975 1.8678081 1.41359484 1.20873606 1.00790977
    1.29089057 1.03591514 1.34628141 1.57319498 1.7802906 1.32220173
    1.22579265 1.86190557 1.30818737 1.29042494 1.82429421 1.36771536
    1.70069313 1.95611703 1.92494118 1.11826313 1.75743151 1.24932575
    1.2046752 1.58600461 1.41797197 1.35492003 1.81087005 1.0627234
    1.25734246 1.54007697 1.87825274 1.41013098 1.10284209 2.04919124
    1.74633157 1.67043781 1.92356217 1.28111649 1.5536505 1.56275773
    1.97520506 1.84413338 1.9693054 1.68649375 1.84621441 1.7482121
    1.16054451 1.3324405 1.80356324 1.13541424 1.83941054 1.44703245
    1.65087116 1.84174907 1.6701982 1.54669428 1.85641813 1.59050846
    1.13216531 1.84614134 1.88283288 1.22432303 1.33690631 1.94717014
    1.26311362 1.7568152 1.80580389 1.31121111 1.65393698 1.936656
    1.82663047 1.6645875 1.79062498 1.9219147 1.75059652 1.28114223
    1.26820588 0.998691142 1.10025334 1.24627781 1.29361212 1.11971462
    1.62799633 1.05925286 1.94963789 1.53579414 1.34265149 1.1325978
    1.92344093 1.769333 1.41467869 1.15934682 1.7830416 1.42011178
    1.89060652 1.36381984 1.34854877 1.81734109 1.07585382 1.02526295
    0.692596614 1.06607699 0.792958498 1.3354274 1.18411338 1.05810785
    1.27298748 1.76154685 1.06256986 1.62733698 1.48927963 1.86854982
    1.10849345 1.51446199 1.2383728 1.4368937 1.65945029 1.12251389
    1.66832435 1.27713108 1.66462708 1.46075404 1.47597706 1.31591451
    1.22904372 1.33508539 1.81596446 1.95532191 1.91983163 1.77303362
    1.55141807 0.975056767 1.92641628 1.45213664 1.29712975 1.35863698
    1.65226734 1.66554129 1.51187658 1.24426603 1.34506583 1.99899375
    1.8896358 1.73084903 1.79475069 1.2560358 1.82331455 1.18863738
    1.89538717 1.55690265 1.04694009 1.09591353 1.67272747 0.967102706
    1.16363358 1.25487804 1.13040149 1.21664977 1.35062611 1.7304306
    1.51163745 1.47463953 1.6151799 0.919826329 1.07324743 0.987428188
    1.42906678 1.52675939 1.59682488 1.72778189 1.58367789 1.12651074
    1.1638521 1.27978814 1.37880516 1.70755267 1.31603122 1.70731473
    1.90855229 1.77482855 1.8651551 1.33290136 0.914261997 1.43185377
    1.4675343 1.10373747 1.33533716 1.61441255 1.08610892 1.62869585
    1.1856426 1.90698147 1.25998259 1.08766615 1.30167985 0.987204671
    1.21323967 1.19653213 1.27048755 1.7846657 1.2666502 1.5888921
    1.32785249 1.21871555 1.76477349 0.930823505 1.55723011 1.24167109
    1.13437235 1.16490662 0.865511119 1.07868218 1.56255662 1.87755573
    1.18989158 1.11690629 1.66578352 1.60643387 1.3436029 1.75668848
    1.60739362 1.08440924 1.10066557 1.56469798 1.05959594 1.00445974
    1.94861197 1.60325098 1.88379478 1.9782604 1.78939402 1.27900088
    1.96355247 1.31656492 1.96544874 1.66479802 1.88792062 1.61566937
    2.04742813 1.99020553 1.3901124 1.74148083 1.16658127 1.2675842
    1.98553514 1.51975381 1.50567162 1.93684757 1.48283935 2.00311899
    1.39228046 1.82300687 1.66771388 1.90338099 1.19375277 1.69424772
    1.91477942 1.24267268 0.998634458 1.07057428 1.16286707 1.22730958
    1.62299871 1.24498701 1.71411252 1.46152747 1.18947196 1.30526948
    1.44048524 1.61903179 1.00705278 1.07766092 1.53096533 1.57153714
    1.68537366 1.43363321 1.35758638 1.00681376 1.71188247 1.00463009
    1.01820815 1.58140814 1.87166142 1.88923073 1.85898244 1.16182578
    1.71579599 1.48228168 1.5557456 1.46992671 1.99088836 1.80649292
    1.68531549 1.1226778 1.13219178 1.52048516 1.21542752 1.73725998
    1.53617561 1.55138457 1.44376612 1.55243003 1.93453097 1.48774326
    1.0966568 1.30973029 1.82319617 0.990343809 1.95899808 1.88011289
    1.86465454 1.40852356 1.39024472 1.32238841 1.08540988 1.09707022
    1.66621912 1.99847591 1.35027397 1.15094948 1.77370679 1.74468935
    1.67095006 1.10744739 1.33996952 1.78868246 1.83632255 1.05699825
    1.74986947 1.77210069 1.0019846 1.24629498 1.06228018 1.20231462
    1.3006413 1.18484271 1.86404097 1.91315579 1.58041728 1.6073041
    1.77096796 1.4033097 1.74834013 1.28697574 1.12521958 1.90312028
    1.87042129 1.24959409 1.7198391 1.76893747 1.53956306 1.86639786
    1.73041999 1.10730636 1.76992404 1.60509157 1.32577014 1.26139569
    0.787352264 1.01168394 1.42607319 1.78710818 1.70920396 1.83884716
    0.961996317 1.49524021 1.4682616 1.55575788 1.68327034 0.934841335
    1.76529539 1.37680876 0.988692224 1.44416547 1.73522973 1.12049913
    1.47646987 1.78186595 1.38614428 1.00638235 1.90549242 1.58134329
    1.07986391 1.42401397 1.97713709 1.64127469 1.66679323 1.09352398
    1.23843849 1.34572339 1.63707173 1.52384961 1.60535979 1.91513228
    1.25598383 1.66384637 1.5028702 1.13255334 1.8037858 1.84376454
    1.03570771 1.93430686 1.43386734 1.61058915 1.71287286 1.37179148
    1.11677635 1.85174489 1.2264415 1.25653481 1.65276575 1.23396277
    1.40306294 1.05619121 1.26383018 1.26559699 1.2072705 1.36461079
    1.10101616 1.35241532 1.18435717 0.88871938 1.8280443 1.75742829
    1.71511447 1.8027817 1.08042729 1.43114126 1.31035757 1.68049753
    1.32781911 1.80206513 1.64276993 1.85990274 1.52906954 1.67125583
    1.32702756 1.40831554 1.23872554 1.01931441 1.34325516 1.11866021
    1.38616109 1.84729517 1.60497832 1.78034902 1.74275458 1.0240711
    1.13001001 1.81377041 1.46816242 1.83651972 1.88200128 1.92170238
    1.99839449 1.94164515 1.11238348 1.09747052 1.48997819 1.40815473
    1.38004744 1.61892569 0.894515812 0.95502013 0.931421578 0.924013555
    1.20874929 1.36897528 0.901411653 1.90724421 1.12601757 1.34889221
    0.965405107 1.47415698 1.75914657 1.97335732 1.78449595 1.12336624
    1.88157487 1.04049885 1.45127809 1.41559196 1.68822956 1.9205265
    1.87268186 1.9679389 2.00394177 1.60258257 1.13668942 1.54665208
    1.30706608 1.80292392 1.42673647 1.9526546 2.07228589 1.49194789
    1.94680953 1.41235816 1.45198452 2.05671263 1.92187345 2.01938319
    1.96170747 2.01895499 1.10724604 1.7147634 1.42944539 2.01194644
    1.96433747 1.49923003 1.58485794 1.70725429 1.40172017 1.42598808
    1.17505419 1.62825096 1.94043529 1.03000665 1.78271818 2.01166391
    2.02589846 1.99352527 1.55472302 1.4643935 1.53342044 1.73120308
    1.91824496 1.70394206 1.58121145 2.02114725 1.68380523 1.31293082
    1.55762422 1.90729082 1.73209465 1.76147926 1.64788711 1.10589814
    1.47031391 1.05972755 1.52980447 1.93076682 1.04110146 2.03302073
    1.76994693 2.04437304 1.56648719 1.66958618 1.70181119 1.88625538
    1.1960777 1.50371003 1.34439695 1.96703386 1.71187878 1.82617402
    1.93453741 1.66970015 1.31410635 1.09723258 1.65329456 1.52171898
    1.10770714 1.56805503 1.90741181 1.92088568 1.99197996 1.34523022
    1.83834541 1.83804309 1.98318481 1.51197028 1.59347117 1.72230041
    0.984306216 1.8984015 1.57776487 1.40587997 1.40068197 1.69569743
    1.08858943 1.85340357 1.27584624 0.994427323 1.21234035 1.06181931
    1.27395511 1.84584391 1.34615517 1.66355813 1.58810806 1.19105124
    1.75682557 1.23540401 1.26338136 0.979361951 1.84478593 1.67296815
    1.94313335 1.22836661 1.29086816 1.30918121 1.72977567 1.22008157
    1.07350421 1.70928979 1.91386497 1.11280107 1.92955065 0.985885501
    1.15491056 1.06685948 0.627716482 0.98789525 1.21388948 1.09943318
    1.73208821 1.18176246 1.1337558 1.86036801 1.46656287 1.08487129
    0.899843931 0.928108692 1.72372019 1.52026165 1.87074518 1.37062633
    1.14282906 1.69735181 1.12234449 1.55017114 1.19230878 1.05866802
    1.91801417 1.16820502 1.9122864 1.54528868 1.110636 1.78503561
    1.94022679 1.58273184 1.69526398 1.30476046 0.972629964 0.952127814
    1.59797513 1.51755011 1.10095716 1.43138587 1.68481469 1.90124238
    1.25619078 1.9315151 1.76639557 1.03549552 1.50720894 1.56268299
    1.97963536 1.25830746 1.17824078 1.14639306 1.19824994 1.79428637
    1.63143909 1.6295805 1.24347329 1.74893141 1.55428803 0.944441795
    1.31038451 1.84248686 0.924979508 1.82331312 1.20846033 1.3035109
    0.973789394 1.51394844 1.48101556 0.999705672 0.980608404 1.03102434
    1.81080317 0.994823813 1.50768077 1.6038785 1.60516298 1.68343389
    1.22087264 0.998556018 1.21563756 1.08147073 1.56891799 1.81717551
    1.06274533 1.74432039 1.83061051 1.67202199 1.6150986 1.56643164
    1.97455215 1.17271936 1.32955527 1.91450393 1.4369173 1.48009908
    1.23604774 1.21375954 1.09764421 1.3852452 1.99800372 1.00746441
    1.42263842 1.85982955 1.32664204 1.46968436 1.31135738 1.12780714
    1.60902476 0.918792725 1.45373333 1.69777894 1.63350677 1.2670331
    1.19145966 0.991603613 1.80849636 1.16822827 0.969424307 1.77047169
    1.71898365 1.88539064 1.71133053 1.50772524 1.45476413 1.72776103
    1.18183041 1.59354961 1.41016912 1.14055479 1.36514771 1.28976858
    1.28164494 1.47844386 1.05364799 1.28423178 1.16157913 1.37346137
    2.00391173 2.05400729 1.67118657 1.70412159 1.26397753 1.63907552
    1.83049989 1.44340909 1.47336268 1.10015023 1.5720154 1.2452445
    1.37622893 1.86583078 1.4009552 1.70904207 1.33562541 1.72043788
    1.45814073 1.03950322 1.84769595 1.17017937 1.48377442 1.10407925
    1.12843013 1.81291735 1.96223974 1.910779 1.91086674 2.0630548
    1.66752005 1.52975619 1.20863044 1.41356885 1.30996728 1.94748259
    1.03651822 1.92641056 1.98401546 1.72991014 1.39836299 1.52603734
    1.72606814 1.1693759 1.77156591 1.76624966 1.97363329 1.5852555
    1.81732965 1.31925297 1.29599524 1.96637559 1.58662426 1.53931367
    1.58357966 1.34644866 1.24272382 1.36702955 1.75648856 1.65687859
    1.32878995 1.1891098 1.64343977 1.76562047 1.43493307 1.64491558
    1.34560347 1.124704 0.96783483 1.15544868 1.53637445 1.43464422
    1.16348672 1.20584404 1.095016 1.29270315 1.50669599 1.06116545
    1.41449928 1.79917085 1.85867357 1.92045689 1.12703681 1.05758452
    0.964044929 1.36728394 1.32768404 1.50068712 1.22545385 1.39173853
    1.51628244 1.46436858 1.41573381 1.53552067 1.18303263 1.60305166
    1.27079344 1.19602704 1.62636316 1.31224263 0.979911685 1.93614268
    1.87336028 1.35413015 1.29056907 1.66611862 1.13076425 0.940195262
    1.70581973 1.28622901 1.12270033 1.52545595 1.89435184 1.55859601
    1.64945066 1.80935287 1.263026 1.83996379 1.07663643 1.00471163
    1.22723508 1.41858363 0.864413202 1.04124796 0.839703023 1.1699388
    1.2948029 1.48454022 1.68734801 1.02786756 1.70669234 1.2392931
    1.26792014 0.903881848 1.10480845 1.62433779 1.22205281 1.06237793
    1.347965 1.62506461 1.82568526 0.970444441 1.19949853 1.64494169
    1.62733555 1.98018277 1.59447122 1.0283041 1.00305104 1.51265669
    1.69769728 1.36917067 1.60574663 1.79960239 1.2180444 1.68519878
    1.73265147 0.938449979 1.59902894 1.64541984 1.81968725 0.979081094
    1.34458804 1.78672647 1.7005645 1.82741392 1.06810367 1.21976805
    1.85935521 1.34720719 1.75106561 1.96075606 1.40666366 1.65337837
    1.17833531 1.12592733 1.16667032 1.77420735 1.8228246 1.40058327
    1.43290496 1.00759733 1.7829361 1.88188767 1.01236701 1.40205014
    1.1357305 1.81444955 1.52565289 1.14601886 0.958667576 1.38039303
    1.64423621 0.987466872 1.6687932 1.7193625 1.50696564 1.68361986
    1.50336444 1.55650377 1.36916685 1.12496746 1.11860251 1.07424176
    0.919313729 1.12869501 1.26321948 1.2594347 1.78857851 1.51408041
    1.19404221 1.39043856 1.91736209 1.81519091 1.70570672 1.74666011
    1.46279144 1.58767307 1.88738728 1.9121933 1.0178647 1.49576807
    1.64014018 0.964908779 1.35023105 1.71584725 1.20447612 1.87050629
    0.974909127 1.91069663 1.86206985 0.983181477 1.93589723 1.89309835
    1.06880689 1.95176721 1.22544682 1.74413812 1.24786651 1.79748464
    1.40530336 1.52147961 1.29276657 1.01341462 1.8939358 1.57718503
    1.14846575 1.87181962 1.8083353 1.78026891 1.90675867 1.26827872
    1.52265751 1.68637133 1.40999186 1.43576515 2.01878762 1.83389282
    1.92870796 1.90393305 2.06296778 1.985865 1.45883763 2.10934281
    1.51416254 1.71518159 1.5308243 1.70470774 1.74762285 1.67691553
    1.28403878 1.46856439 1.75567091 1.19759357 1.2483896 1.82116127
    1.6089952 1.32794368 1.42623007 1.18700361 1.90541172 1.62163317
    1.48686516 1.79044986 1.53431129 2.0454917 1.48502958 1.48807931
    1.66742003 1.53069127 1.37683833 1.54330432 1.73888433 1.59417653
    1.89298761 1.42883527 1.18327773 1.84511399 1.00550973 1.13389778
    1.76856863 1.0505954 1.13531446 1.77611673 1.85405827 1.08880055
    1.03324187 1.30911303 1.85324049 1.22364664 2.02833772 1.02380955
    1.52458739 1.73855519 0.974483371 1.83965957 1.08975399 1.67244935
    1.15834641 1.96088195 1.11241233 1.24208868 1.86890221 1.34079182
    1.29299271 1.20404398 1.85662985 1.17033613 1.48011231 1.11297476
    1.94346845 1.197721 1.43867803 1.85394251 1.57370663 1.4680469
    1.71615076 1.59885573 1.65958858 1.89383924 0.999023199 0.977030098
    1.13562167 1.60152209 1.5512588 0.956861675 1.27741969 1.55881286
    1.11635756 1.41411471 1.90177703 1.29055071 1.6669507 1.40462387
    1.87567103 1.08266389 1.69088411 1.66884029 1.48509586 1.01259172
    1.60974491 1.8328495 0.938491464 1.64258289 1.57667148 1.01151121
    1.80914176 1.04615998 1.04093182 1.15960228 1.16800332 1.78913057
    1.83275461 1.59783518 1.6242429 0.707268894 1.21454 0.914712548
    1.46614099 0.949296415 1.60219502 1.2887553 1.00520051 1.1043607
    1.03118122 1.86026943 1.0471617 1.5443778 1.31556141 0.941239715
    1.42935097 1.44886315 1.03763163 1.80629897 1.24218512 1.39578402
    1.58274913 1.40446198 1.78460407 1.9259851 1.04154456 1.24751818
    1.58331013 1.79723048 1.67235792 1.85052013 1.02420366 1.34829187
    1.72937655 1.1023308 1.5566293 1.17821503 1.31678772 1.56169248
    0.913953424 1.38778234 1.85603738 1.18245697 1.10234773 1.14328516
    1.66699195 1.36180496 1.75939047 1.0445075 1.86783433 1.14108849
    1.23376691 1.90091407 1.13869989 1.54351008 1.71946895 1.89539504
    1.56121922 1.3814187 1.30093229 1.19856226 1.68865871 1.25253332
    1.5555594 1.21703863 1.4462446 1.68018603 1.156075 1.29711008
    1.42952847 1.45538354 1.76524496 1.36677623 1.88598955 1.15496039
    1.09273624 1.800668 1.09669244 1.1292032 0.947118163 1.24862218
    1.63180375 1.83926916 1.51346529 1.23633385 1.47774959 1.01142013
    1.29244661 1.74851966 1.6850338 1.77087116 1.87743056 1.47991443
    1.94645178 1.13116717 1.32395852 1.58351302 1.73707962 1.28748739
    1.98140895 1.55609167 1.93557835 0.971904755 1.61811769 1.88599181
    1.19179094 1.52001417 1.75675666 1.18190515 1.25874388 1.08170009
    1.94010401 1.97109473 1.51769984 1.65114927 1.86395502 1.93663168
    1.39674842 1.18404973 1.07099283 1.14394605 1.60016584 1.11739278
    1.11434269 1.59419107 1.02921116 1.11428678 1.52148104 1.34575582
    1.05336702 1.05812228 1.22034621 2.01273036 1.25421834 1.79071629
    2.04981256 1.88339913 1.57230484 1.68937314 1.45416391 1.89266527
    1.86237383 1.86209714 1.4994669 1.82458055 1.74134922 1.30774415
    1.71000183 1.08738017 1.57666814 1.62446797 1.90156209 1.47701073
    1.73553169 1.77251494 1.96765578 1.50209892 0.955734909 1.81356835
    1.01385748 1.05080712 1.24539328 1.95064974 1.83410776 1.42770553
    1.58970129 1.76196873 1.95584488 1.57961369 1.60327339 1.15826368
    1.08818209 1.0913285 1.27918112 1.955953 1.1258533 1.11749935
    1.79982209 1.02963829 1.84914756 1.86071551 1.78712487 1.96304679
    1.09512281 1.70957363 1.4659965 1.08075285 1.77342093 1.58380115
    1.85060012 1.90345597 1.05698621 1.02283943 1.81729567 1.76048613
    1.56760299 1.13776433 1.05583191 1.02864039 1.63228297 1.10807264
    1.45935416 1.76077831 1.63848257 1.57579768 1.20571244 1.17068815
    1.20503557 1.05905664 1.18189406 1.36327875 1.82125032 1.72007048
    1.43911958 1.16718221 1.87912738 1.5297507 1.68344009 1.12746859
    1.56591308 1.28510666 1.49650395 1.0221585 1.42535019 1.34711969
    1.72390234 1.79578018 1.44724584 1.72855926 1.79675758 1.84569514
    1.85234892 1.27078509 1.07095444 1.38110161 1.48505819 1.16547775
    1.20224237 1.17234921 1.03912675 1.44612551 1.54964042 1.13554108
    0.938054144 1.64944303 0.96139437 1.21798539 1.02678454 1.06622982
    1.53352916 0.921305001 1.80362272 1.82435095 1.60578632 1.53705657
    1.22724044 0.845381021 1.49398589 0.730054855 0.997751296
    0.927928865 0.842588127 1.60364413 1.50775921 1.28594244 1.35230792
    1.6785785 1.00910079 1.02721083 1.47166741 1.87865782 1.34117341
    1.66030884 1.18449605 0.89729774 1.08743966 0.921633542 1.79809225
    1.36404681 1.60707521 1.28425944 1.32457685 1.18196452 1.6375773
    1.23211813 0.974654078 1.27199543 1.77497172 1.68083215 1.67622852
    1.40479839 1.37075496 1.00495231 0.853063762 0.87957418 1.68343925
    1.36646569 1.57592583 1.85953927 1.13272238 1.10845065 1.7417568
    1.3614229 1.92859256 1.23207319 1.62417686 1.98135889 1.37049627
    1.16096282 1.77465975 1.70236945 1.6883471 1.49009895 1.65805352
    1.39015985 1.1582104 1.45542789 1.74111962 1.82449389 0.987311363
    1.91700304 1.05249083 1.53902745 0.950744629 1.16174471 1.58771217
    1.71419704 1.85453057 1.07102692 1.90547264 1.37411642 1.15686905
    1.53793442 1.72333741 1.3153857 1.49290645 1.82829225 0.954034865
    1.46354091 1.40018201 1.13413596 1.28801119 1.19110215 1.01682472
    1.32279742 1.91523349 1.13987482 1.36958337 1.90266085 1.70725083
    1.03330255 1.03288186 1.55323672 1.18400848 1.6142379 1.70368683
    1.36972988 1.81932819 1.26972306 1.13551927 1.30280924 1.42230892
    1.88014567 1.01545799 1.88348281 1.3544184 1.27498913 1.72682023
    1.97643483 1.73669732 1.08040881 1.18597925 1.75891149 1.64834106
    1.20026946 1.46120083 1.00811827 1.89211333 1.27188158 1.9009043
    1.9581964 1.40178072 1.59427178 1.72585893 1.86735916 1.84426439
    1.34991097 1.44240785 1.23957074 1.95708263 1.53038502 1.91892278
    2.02826667 1.56867504 1.68261266 1.34548044 1.99771476 1.6203326
    1.99665487 1.95967805 2.0926137 1.92146456 2.04997277 1.62045646
    1.42529559 1.26365757 1.63894355 1.68831456 1.05801594 1.89885819
    1.39262676 1.40928841 1.82630205 1.22982538 1.3514297 1.67881978
    1.55307055 1.70611262 1.01366282 1.77342832 1.98268807 1.34478319
    1.35439146 1.41647768 1.90351129 1.92146242 1.90377271 1.48394763
    1.63177836 1.52602303 1.16759765 1.45406306 1.57215953 1.02695799
    1.9041934 1.47996306 1.78988433 1.1585058 1.54662716 1.73387313
    1.49190593 1.44153225 1.15523207 1.81806743 1.89579666 1.59267056
    1.42161107 1.90023589 1.25692141 1.46841145 1.32858062 1.57154644
    1.02648115 1.85077918 1.07169294 1.44619346 1.4549768 1.23236966
    1.29376757 1.75392652 1.17185712 0.919874847 1.48334658 0.862251878
    1.53824818 1.66983497 1.24407244 1.42758465 1.40976739 1.11931849
    1.86747944 1.02869546 1.26901519 1.14903522 1.70894301 1.01973188
    1.88111424 1.88960135 1.02425992 1.20743632 1.46437919 0.982740343
    1.51139998 0.995163441 1.31635916 1.64266765 1.64345193 1.96875787
    1.67605889 1.14039803 1.52048743 1.38621926 0.915174901 1.55057061
    1.25603151 1.04421806 1.54657269 1.75200295 1.22094846 1.21076679
    1.8451544 1.26545799 1.005983 1.50470936 0.942824244 0.999986589
    0.960426569 0.963440418 1.30072594 1.71541572 1.09269857 1.05511928
    1.15513849 0.993978739 1.25863385 1.51927102 1.42158103 1.41108465
    1.1962626 0.980208755 1.75980854 1.80351639 1.49552572 1.80221462
    1.59935892 0.941317022 1.06385696 1.26173735 1.47499752 0.922090411
    0.858488321 1.77004337 0.94848758 1.26363468 1.85478866 1.34485531
    1.60165954 1.83006454 1.6094954 1.66222513 1.5076834 1.53524196
    1.43109417 1.36882997 1.80059791 0.933253586 1.10535729 0.974360168
    0.983618677 1.17851257 0.983167648 1.22013831 0.888896108 1.57633078
    1.23976648 1.3232758 1.06089449 1.8511833 1.27108669 1.58907425
    1.42028832 1.92170906 1.49429405 1.98068893 1.15823185 1.04024935
    1.32713151 1.26628113 1.11138713 1.52842653 1.63907564 1.13462079
    1.47211564 1.96240783 1.68683529 1.35701191 1.00498617 1.91586351
    0.990504444 1.48257518 1.74499404 1.22018981 1.13671279 1.03107643
    1.31928468 1.12226653 1.00394011 1.01760972 1.02066624 1.54591835
    1.47785091 1.14921355 1.13750744 1.37928915 1.83182096 1.06190491
    1.23967242 1.09263468 1.29650724 1.59351218 1.28447402 1.20267725
    1.41602921 1.94527817 1.27605534 1.64306653 1.53112268 1.43709147
    0.984746277 0.954965293 1.28981519 1.01370883 1.84062338 1.02817726
    0.965990305 1.75628304 1.786255 1.07936811 1.70834947 1.64891267
    1.75574458 1.15578079 1.54932046 2.03041387 1.92975843 1.55741477
    1.24792445 1.95512235 2.03144073 1.73490644 1.60884464 1.49787021
    1.7071414 1.48110974 1.6074816 1.00513375 1.69676471 1.5045867
    1.26938438 1.49326432 1.9929291 1.62299919 1.86807692 1.81177175
    1.58294737 1.49973404 1.58459389 1.52375937 1.30391538 1.25183892
    1.48431754 1.35935175 1.37098503 1.1877687 1.27419877 1.3108927
    1.61451447 1.42979002 1.97019148 1.16865301 1.85020554 1.66976178
    1.66239405 1.37649345 1.04144371 1.80107975 1.23130989 1.46946883
    1.4871223 1.89624977 1.21050608 1.32480824 1.12148249 0.978940785
    1.14333487 0.977171063 1.54365075 1.79139256 1.91399634 1.67855942
    1.02058852 1.96760023 1.74994946 1.65841842 1.66084695 1.60342562
    1.43203068 1.84256101 1.31333613 1.86434293 1.72735405 1.73244107
    1.67641842 1.54476881 1.31108439 1.04793489 1.75357032 1.09255099
    1.43144274 1.73419392 1.60784376 1.64469564 1.8389883 1.81653702
    2.00119948 1.00210476 1.09787166 1.89591992 1.52975738 1.50194275
    1.20681489 1.35007215 1.33020377 1.05078733 1.86852849 1.38949502
    0.987092853 0.925589681 1.86106193 1.06346488 1.11118782 1.58921504
    1.36341512 1.42755187 1.03291702 1.44647038 1.99221885 2.01960206
    1.21525061 1.13334739 1.57967174 1.06160712 1.68002796 1.81447601
    1.47644079 1.7423687 1.7313565 1.65453207 1.75626016 1.93030286
    1.19029486 1.43320203 1.4299463 1.75256073 1.23555768 1.17138517
    1.15194142 1.19325566 1.11547017 1.38133311 1.06886041 1.82602596
    1.16897357 1.70153964 1.60782945 1.8313446 1.50128496 0.976991713
    1.52835596 1.19701421 1.30330837 1.06827474 1.04596221 1.42852449
    1.17385817 1.18568087 1.28368306 1.46506107 1.3964076 1.0329597
    0.937135875 1.02003646 1.13629293 1.0450207 1.54580379 1.30526996
    1.76587439 1.1065377 1.73252439 1.20566785 1.54063344 1.85893691
    1.45679474 1.34849286 1.64111328 1.45065582 1.39766538 1.28570867
    1.0257628 0.913630307 1.54815757 1.21935725 1.27035093 0.962492704
    0.980261266 1.68679333 1.09833086 1.604496 1.37003493 1.29456067
    1.81659544 1.2408272 1.22116804 1.44686747 1.19825232 1.28644621
    0.984859407 0.914234936 1.09017932 1.25282562 0.974873543 1.59715533
    1.39216805 1.5071882 1.56024587 1.55582368 1.23081732 1.32497537
    1.16489756 1.77559853 1.93635321 1.84774351 1.3406235 1.66451192
    1.26864469 1.91327167 1.63529837 1.22017801 1.80810213 1.43913937
    2.00088859 1.34763527 1.85180116 1.1491791 1.43543398 1.90501952
    1.93524206 1.69613457 1.74938452 1.01853096 1.70828342 1.20325637
    1.84653103 1.50962734 1.08531976 1.46968102 1.65442824 1.24095941
    1.58069408 1.00890958 1.8433578 1.13953161 1.84887886 1.02211654
    1.34239781 1.84753001 1.16738951 1.08927166 1.39522445 1.07971656
    1.85632706 1.86207533 1.24495113 1.50316 1.8353039 1.35814655
    1.57084298 1.0045526 0.949969471 1.3864224 1.04574215 1.75903833
    0.991775095 1.40354645 1.65129387 1.68455946 1.54237413 1.44777882
    1.90851808 1.95155561 1.45898473 2.03496695 1.35392416 1.88697243
    1.55947685 1.65876663 1.92141795 1.17378783 1.15586722 1.30822682
    1.61405575 1.12517011 1.14215779 1.60247946 1.87925863 1.82862711
    2.01254153 1.88504982 1.74890542 1.6057924 1.8171984 1.61649942
    1.51606679 1.19764745 1.81975651 1.97211254 1.85671234 1.48064911
    1.76287544 1.17829764 1.30876374 1.67648625 1.80388367 2.05093217
    1.25666821 1.30040133 1.6160903 1.36500859 1.13745391 1.94003558
    1.70807576 0.95921129 1.13074327 1.52683258 1.06609464 1.72185433
    1.70567989 1.23847747 0.95568943 0.875567853 1.39320242 1.58344722
    1.58407581 1.18457508 1.89011014 1.45250821 1.37375259 1.12833214
    1.28740311 1.43805575 1.32421422 0.93774575 1.1382302 1.01202631
    1.0136621 1.70170295 1.98592079 1.33539784 1.36703944 1.87790728
    1.75375354 1.33200932 1.37652457 1.9355818 1.50264215 1.10974467
    1.06054258 1.84213829 1.35006547 1.65631342 1.71220982 1.55830264
    1.19288516 1.41444981 1.56774712 1.69380033 1.86023486 1.16936994
    1.60937202 1.83231461 1.24389529 0.964581788 1.10592484 1.25340617
    1.54294503 1.40959775 0.967179775 1.61031318 1.12243092 1.73797572
    1.53527451 1.92584372 1.92232835 1.48819494 1.5080173 1.30859578
    1.97648656 1.86774719 1.19049621 1.89515376 1.10401297 0.994030654
    1.26702261 1.70657766 0.954432428 1.74667728 1.95404923 1.33491075
    1.22381222 1.69711769 1.48488891 1.55192137 1.00557458 1.29158449
    1.62408543 1.5812434 1.21127927 1.88032639 1.90906239 1.40458846
    1.5844748 1.30887067 1.93726254 1.62963045 1.35187995 1.6621449
    1.45859659 0.973295093 0.813064933 1.26243258 0.843613565 1.75985229
    1.69199705 0.874067664 0.935003817 0.957312942 0.611932635
    1.07432663 0.80505085 1.57110214 1.69190156 1.89127111 1.28252733
    1.90250361 1.07538545 1.60504901 1.77607763 1.94742405 1.65684724
    1.59088302 1.0603683 1.80201828 1.27319944 1.25707674 0.858387291
    1.00898099 1.75612438 0.928192377 0.98848182 1.47889066 1.44430041
    1.28012455 1.35039949 1.15543616 1.95945919 1.66202724 1.44126737
    1.63818419 1.23238564 0.924171865 1.33722603 0.937503874 1.67141187
    1.01095665 1.51019621 1.38273513 1.36739993 1.00273633 1.63127828
    1.39639378 1.77496493 1.68370593 1.0396291 1.62323201 1.32313669
    1.44687867 1.21386266 1.20032227 2.03814197 1.47097051 1.43984008
    1.80424047 1.91671228 1.86263692 1.17976797 1.9854809 1.9044919
    1.37777698 1.93677855 1.13956439 1.59729159 1.284567 1.26607454
    1.29953349 1.22040403 1.82004941 1.12854886 1.59662282 0.959866047
    1.29086745 1.47039318 1.42602396 1.02612948 1.11404729 1.44539392
    0.901881337 1.37411165 1.17411482 1.00361621 1.2520206 1.76316905
    1.07495391 1.93585944 1.94746339 1.66184497 1.43598855 1.66633248
    1.62535989 1.66903305 1.70418584 1.67627001 1.63508296 1.11198068
    1.43456054 1.91735196 1.69572401 1.14937365 1.75470221 1.56291091
    1.10385919 1.12372863 1.40647626 1.83194959 1.99895501 1.98787451
    1.87400985 1.56639647 1.76315379 1.32760072 1.24365592 2.03578186
    1.26626837 1.96220851 1.94535816 0.985366404 1.2324785 1.40370047
    1.83413613 1.12387216 1.53659809 1.78585517 1.09854436 2.05616975
    1.55213654 1.3936069 1.42569911 1.94895363 1.26061511 1.51757705
    1.13456357 1.56609416 1.90308392 1.12112272 1.50629163 1.9130522
    1.54618275 1.7425797 1.57187653 1.85508382 1.96188724 1.64468765
    1.76370621 1.5170635 1.51238728 1.48014462 1.71589899 1.63773978
    1.05668604 1.33432829 1.16351283 1.00495768 1.10952294 1.32153463
    1.07121241 1.51014447 0.89514035 0.868196964 1.26756799 1.55175602
    1.86998224 1.19358826 1.92702973 1.00223982 0.932561398 1.67699802
    0.959216058 1.01432085 1.39346254 1.56362581 1.30336869 1.05823672
    1.52076817 1.86037087 1.17797649 1.49085438 1.9494344 1.58242452
    1.832026 1.2330904 1.70856082 1.95896995 1.95469403 1.44184923
    1.73510945 1.1754477 1.36761928 1.64605916 1.94542313 1.82421052
    1.0887295 1.21581268 1.67179191 1.58617353 1.80040145 1.1441257
    1.46348858 0.96761632 1.3590579 1.39839172 1.77066386 1.7797966
    1.29027963 1.2711997 1.11347401 1.71519554 1.59643948 1.65225148
    1.77267182 1.79927051 1.5110594 1.56202483 1.74322128 1.03762865
    1.40488303 1.04015684 1.54249465 1.36116993 1.15116274 1.26490724
    1.02619386 1.3753171 1.36172986 1.25697422 1.23242521 1.33997798
    1.62790048 1.10375237 1.56148624 1.16149378 1.70588231 0.919484317
    1.42035615 1.23313928 1.04269385 1.69191957 1.47636139 1.52359068
    1.19956374 1.52722859 1.50280321 1.62723231 1.35748065 1.74290562
    1.30886424 1.31143939 0.862889469 0.840948343 1.74161196 1.76154578
    1.39972556 1.47132325 0.54721725 1.20023966 1.3777225 0.817229152
    1.73216641 1.75809121 0.949071527 1.49746668 1.59874201 1.40384495
    1.26973605 1.25573504 1.2434181 1.13038456 1.92228019 1.02201092
    1.57844698 1.85733843 0.885779917 1.61859679 0.861498654 1.08315051
    1.51748741 1.01344264 1.53844142 1.03989744 1.53879476 1.90066087
    1.98192608 1.20562708 1.7963649 1.4621911 1.60748398 0.98205632
    1.68704736 0.898065329 1.48159909 1.6247561 0.899003446 1.64669657
    1.34641111 0.988028526 1.69065225 1.87997401 2.01746416 1.85488904
    1.96386981 1.7333647 1.92857158 1.38062763 1.1705246 1.5603987
    1.88023281 1.85323131 1.99594033 1.50522184 1.59314346 1.98658478
    1.35272503 1.56287575 1.90905392 0.977903306 1.56155002 1.49354708
    1.7756772 1.33530617 1.30957544 1.62889171 1.45903301 1.98083246
    1.25246131 1.67401671 1.0661869 1.25324333 1.14899766 1.81971061
    1.93255234 1.55404091 1.45915127 1.44550121 1.50248826 1.85046995
    1.08679152 1.50919914 1.77075052 0.999022007 1.23091424 1.96012008
    1.60371101 1.74867344 1.69501972 1.40282786 1.66373754 1.26926601
    1.393435 1.7236836 1.09756613 1.7768811 1.77143192 1.91968977
    0.996182978 1.57472408 1.33901489 1.08939862 1.68226027 1.76642025
    1.35148394 1.18518698 1.99435425 1.21995175 1.82883537 1.34254193
    1.81736565 1.72702062 1.4866035 1.83650756 1.54056895 1.13142002
    1.37955952 1.53633285 1.26490438 1.85628271 0.985322416 1.5523454
    1.92741656 1.37657952 1.26146495 1.07943022 1.21679163 1.74141502
    1.61603081 1.68649399 1.31720126 1.97702706 1.28388226 1.97692406
    1.40081966 1.36603391 1.19353044 1.80524933 1.5613656 1.98653781
    1.25263739 1.53110909 1.83595169 1.44484007 1.59384489 1.71099329
    0.959951699 1.03617024 1.73979986 1.25443864 1.8640579 1.02036262
    1.12776136 1.80207455 0.992389023 0.84015733 1.45886207 1.1663177
    1.18988454 1.17143023 1.20711219 1.15281463 1.15815914 1.91545069
    1.09944236 1.80486453 1.4862268 1.84687281 0.92255193 1.77114725
    1.61717176 1.64378023 1.64015138 1.19219911 1.64875257 1.58007145
    1.47934127 1.23293447 1.36916828 1.78833389 1.84594357 1.32567739
    1.80684638 1.70921385 1.58179736 1.34739125 1.89863622 1.90136862
    1.03284824 1.02115917 1.69696987 1.35043383 1.44325328 1.78932273
    1.81545424 1.36258554 1.15072727 1.27768636 1.85298514 1.04585016
    1.87290907 1.37102592 1.31928957 1.14874005 1.47070563 1.72627044
    1.35602629 0.952703059 1.27145422 1.22081673 1.92903352 1.8342253
    1.44709682 1.59656072 1.96986711 1.75747132 1.38930905 1.01643133
    1.16596293 1.20121777 1.14424217 1.5817492 1.58964086 1.16391432
    1.5118928 1.35954654 1.88454092 1.10028088 1.85729611 1.26321006
    1.50021613 1.60562158 0.918423951 1.18011343 1.50317454 0.935704291
    1.4089247 1.1512357 1.25099325 1.84428549 2.00160146 1.52591193
    1.6813755 1.0930897 1.07859182 1.60460806 1.47780728 1.03035069
    1.34480262 0.896026433 1.66508102 1.72551811 1.754933 0.895791113
    0.598486304 0.938424885 1.28077638 1.03057718 1.39217663 1.17578256
    1.22044158 1.14605033 1.97040224 1.95156586 1.13215911 1.69979668
    1.28448915 1.84075677 1.95292246 1.28253698 1.20013189 1.49507642
    1.43295324 1.49043643 1.01153803 1.3364476 1.81135345 1.21490765
    1.28899813 1.79300034 1.0603168 1.78467274 1.62340164 1.73369431
    1.58086073 1.25051475 1.77206385 1.16258121 1.03856635 1.46312344
    1.18640053 1.05418897 1.45848846 1.28701317 1.75486267 1.77306533
    1.42729998 1.80483389 1.21581841 1.36902404 1.83197784 1.69298208
    1.43630898 1.938712 1.4078939 1.76623714 1.71203887 1.8051616
    2.04711056 1.77016413 1.52177191 1.62035668 1.21952975 1.09941804
    1.90324998 1.4753294 1.15889609 1.38440466 1.56966436 1.44736278
    1.47366464 1.69981146 1.69567871 1.06127608 1.76271272 1.8388623
    1.35145867 1.44331264 1.75445843 1.87958062 1.7396419 1.70228171
    1.71657181 1.27251434 1.12687302 1.17926896 1.00760829 0.897203386
    1.01316917 1.10716307 1.88159585 1.03101707 1.86399841 1.75903928
    1.59819829 1.27239454 1.77229691 1.82554758 2.04456973 1.97406065
    1.14317882 1.8145442 1.56386614 1.00232732 1.87410724 1.0191406
    1.89778721 1.32680357 1.12605846 1.7820152 1.31375206 1.35765827
    1.48148072 1.09996521 1.82809472 1.43793881 1.34928024 1.7854799
    1.4733901 1.50751901 1.66605186 1.33208346 1.64230907 1.24505985
    1.28714621 1.23347509 1.71865678 1.30474353 1.90465105 2.00596094
    1.08531022 1.68204522 2.01157928 1.15646172 1.56445098 1.93982804
    1.75962293 2.01127958 1.18340802 1.17650592 0.990532637 1.03765357
    1.57387924 1.44166172 1.70756519 1.83317494 1.13780904 1.86703157
    1.24799955 1.77815497 1.52767539 1.2642163 1.24044418 1.07957673
    1.34035027 0.981522918 1.18631113 1.50297177 1.1540463 1.28982818
    1.36263347 1.44520891 1.17454517 1.08136439 1.681234 1.32313633
    1.61694634 1.91045833 1.68799472 1.28236806 0.963924646 1.08791864
    1.24776947 1.66666245 1.72028041 1.16310525 1.05510259 1.07741237
    1.29498947 1.63301992 1.60998046 1.58362412 1.56210351 1.06535077
    1.42552793 1.189924 1.65021956 1.31400406 1.2851299 1.22081745
    1.90775406 1.64584112 1.00078082 1.88209188 1.79692686 1.6554929
    1.91426921 1.50953758 1.18698204 1.8638171 1.33405125 1.63328695
    1.02666044 1.32277238 1.27436376 1.97139347 1.83020723 1.81285393
    1.88141096 1.59090376 1.67666245 1.29382002 1.46046245 1.4012239
    1.4288187 1.57172596 1.70934415 2.0208602 1.91266298 1.22692001
    1.68984067 1.83437741 1.85413814 1.05159366 0.883237898 0.969587684
    1.42636311 1.13907421 1.84045815 1.6529361 1.92503953 1.02870524
    1.36181998 1.82553816 1.51952016 1.70957816 1.52883935 1.14414132
    1.65239942 1.29187238 0.985664427 1.26660895 1.04051387 1.43445325
    1.87848985 1.45127225 1.16998696 1.07806027 1.03917003 1.11784685
    0.948513806 1.5955441 0.887705028 1.35761666 1.28128755 1.08744001
    1.19174898 0.934570551 1.40709484 0.955096126 0.64893198 1.18413246
    1.54059374 1.22222281 1.02317691 1.20199931 1.59258711 1.29965532
    1.53739464 1.69407022 1.07028294 1.5183301 1.98752499 1.28599417
    1.45195198 1.98148072 1.41838861 1.21075571 1.77328491 1.72870564
    1.41526341 1.33531129 1.23340213 1.42919123 1.21393406 1.46548724
    1.94852602 1.70190895 1.07291019 1.10198557 1.55707133 1.93185961
    1.21911132 1.16595781 1.4816761 1.72430873 1.47632205 1.6910429
    1.36088753 1.92149889 1.12388539 1.86725962 1.93462038 1.84784806
    1.45562255 1.38254189 1.4210422 1.3924619 1.81617928 1.57821894
    1.08645701 1.14637899 1.90545404 2.08558798 1.44636822 1.76905346
    1.86805022 1.43034065 1.05420315 0.991182506 0.919808567 1.20713139
    1.07146466 1.34600818 1.33712578 1.81714535 1.83199334 1.55494094
    1.52441037 1.69372284 1.68564725 1.51702356 1.36278415 1.78632689
    1.13085842 1.66857255 1.77579355 1.01091766 1.61173093 1.25711405
    1.25221562 1.29041541 1.75854194 0.898956478 0.961157084 1.80782318
    1.72701621 1.83388388 1.78213739 1.67058229 1.69586754 1.6910063
    1.56908679 1.39159286 1.30448747 1.86820853 1.06355536 1.70553684
    1.2280674 1.05086088 1.75755107 1.17958689 1.79111481 1.87540269
    1.61081076 1.8786031 1.71119189 1.10708165 1.00978339 1.02024615
    1.46592522 1.34483862 1.38604605 1.77690327 1.28264868 1.21608555
    1.02243328 1.69524372 1.33933198 1.81034374 1.13769519 1.42272413
    1.34085774 1.08275342 1.90349329 1.98322809 1.52243614 1.83860755
    1.45028985 1.98365772 1.53395319 1.76932216 1.50752306 1.22277117
    1.56096745 1.78685367 1.25618052 1.81456602 1.34029496 1.68311608
    1.41699839 1.47694445 1.28433728 1.6471113 1.36962056 1.28752935
    1.21825862 1.31564045 1.34668052 0.969575763 0.929863632 1.67670929
    1.66432655 1.62529123 1.8272202 1.28546941 1.02378166 0.896930337
    1.02347541 1.36462176 1.1164788 1.24461651 1.57135761 1.07030404
    1.71206844 1.45981574 1.27157843 1.37219071 1.45642078 1.21434116
    1.04454243 1.47142386 1.271088 1.73716354 1.51366913 1.09867084
    1.86981344 1.23051071 1.52745867 1.79304266 1.06092405 1.29555511
    1.25710988 1.6720134 1.23171258 1.59432125 1.27833378 1.51485145
    1.15432894 1.44228196 1.09802425 1.30619514 1.41098011 1.98936117
    1.83035576 1.11836135 1.57366574 1.07674801 1.13260376 1.97793949
    1.93481922 1.1736716 1.09462094 1.61215234 1.06058633 1.72145772
    1.09179497 1.04754114 1.4696337 1.50318611 1.79819953 1.66573822
    1.28645241 1.41096175 1.51940179 1.64390278 1.92364883 1.56221259
    1.1413343 1.0115006 1.53804111 1.0656606 1.62249315 1.82462609
    1.80405772 1.4532758 1.82703602 1.7757169 1.88544333 1.19952416
    1.96089208 1.55586994 1.2018925 1.43747139 1.53460169 1.44705129
    1.92082477 0.984559655 1.52475762 1.55566049 2.03946233 2.01552582
    1.82748055 1.70296931 1.11577177 1.8393873 1.15787971 1.75045764
    1.06564558 1.07623672 1.26664269 0.933460534 0.890702546 1.41725016
    1.36244702 1.63425815 1.187163 0.969106257 1.38399458 0.817673683
    1.08971357 1.89453411 1.32856965 1.71026695 1.7636441 1.53192246
    1.16577816 1.40870166 1.8583107 1.92411375 2.04519176 2.01651168
    1.91102386 1.10778058 1.29194009 1.04123211 1.10019505 1.21110249
    0.929025412 1.43061388 1.4541564 1.75694084 1.06265855 1.40265763
    1.07473159 1.89909923 1.88907695 1.7816366 1.02511489 1.29371011
    1.79083622 0.969392836 1.70682538 1.57912469 1.43409669 1.76698983
    1.02360582 1.87643194 1.71543241 2.07545233 1.60358191 2.00149655
    1.84170139 1.32491207 1.76728892 1.24335766 1.41475117 1.82752252
    1.98938489 1.92441511 1.64780271 1.63981152 1.49475563 1.7016089
    1.80213523 1.84973526 1.1482619 1.04643083 0.905436397 1.5751971
    1.09102547 1.54115903 1.84558415 1.07403839 1.23899484 1.91793442
    1.68391836 1.92036688 1.183079 1.5418905 1.61552978 1.25770092
    1.57835317 1.15586984 1.93429422 1.90102541 1.34085679 0.959514201
    1.62053013 0.866809726 1.82588351 1.21764505 1.93031859 1.46406281
    1.45033383 1.16500974 1.44354129 1.42094457 1.50235057 1.98012543
    1.56033194 1.97483861 2.01606369 1.34027052 1.66765177 1.61392248
    1.43552816 1.3341316 1.1908046 1.97529411 1.21519399 1.98388362
    1.88533902 1.6272862 1.86304379 1.55735946 1.70657992 1.08955562
    1.68832445 1.6572994 1.60126507 1.80273831 1.59114468 1.39653647
    1.17801178 1.77937746 1.42084539 1.22665429 1.01962221 1.62492704
    1.36753619 1.47407687 1.61247432 1.64869809 1.49382901 2.01956844
    1.60214198 1.86007762 1.15660334 1.31506133 1.65542221 1.63555121
    1.71552038 0.91528666 1.19563663 1.05332375 1.24845636 1.41508842
    1.82714629 1.66910279 0.958838046 1.59352803 1.80138814 1.11323011
    1.39605951 1.09054482 1.83269536 1.8423233 1.14625907 0.982508957
    1.02608669 1.19140637 1.17157614 1.76329589 1.5466553 1.52344358
    1.77780306 1.53664422 1.43176174 1.7303896 1.15122437 1.44341934
    1.41275418 1.05233276 1.19778121 0.899866998 1.16241992 1.32619989
    0.909212708 1.71572697 1.14444518 1.65824068 1.21442211 1.86352587
    1.94745016 1.19526732 1.62390459 1.18780148 1.76603854 1.05849254
    1.54805136 1.54957843 1.52551436 1.60672426 1.70251834 1.74982476
    1.71497226 1.73111331 1.60067844 1.04351544 1.65627658 1.52449417
    1.98969007 2.01644683 2.07060862 1.61542213 1.41499817 1.08105826
    2.0119884 1.71172059 1.98371863 1.88209093 1.02301908 1.25565481
    1.13664424 1.23868048 1.86426258 1.86980128 1.1622988 1.04464328
    1.38941801 1.71427345 1.20984268 1.49784696 1.13969088 0.936158299
    1.58943057 1.13077962 1.60647583 0.915065289 1.42916596 1.86112309
    1.5753746 1.29546249 1.21346915 1.98474669 1.35346425 1.70068097
    1.91852343 1.9561919 1.32832086 1.86644185 1.38889778 1.12512517
    1.4122318 1.91455936 1.57990921 1.99648106 2.02210641 1.9968493
    1.19804299 1.54183006 0.984173775 1.4058305 1.65514338 1.60635555
    1.30572963 1.15854871 1.16927087 1.22401774 1.56277955 1.50778508
    0.717443526 0.913988531 1.44478643 1.06384873 1.43412697 0.938875377
    1.61539006 1.23686552 1.86645913 1.89535117 1.13670588 2.00247574
    1.80139697 1.09816647 1.89709914 2.06636906 1.57588935 1.92254055
    1.01242959 1.92756772 1.38398337 1.23579204 1.26715469 1.00761104
    1.02317131 1.49177086 1.52109635 1.93440902 1.25711727 1.47786248
    0.950646996 1.0875622 1.24876094 1.37820244 1.6424861 1.30136633
    1.94813192 1.95892155 1.01040828 1.91699278 1.23853958 1.38206303
    1.70797694 1.78051913 1.60750496 1.85635412 1.16178429 1.95618331
    2.0061717 1.8117938 1.34660232 1.46721971 1.46967971 1.56595981
    1.31258428 1.2437973 1.73829484 1.38734293 1.29691851 1.49193287
    1.40792727 1.31881762 1.85991216 1.45261538 1.4432317 1.57553327
    1.59075034 1.2712847 1.97546482 1.19787848 1.61005509 1.84826851
    1.27960908 1.45349658 1.3804425 1.46199524 1.43779087 1.80967212
    1.22865069 1.50129485 1.22145021 1.04390705 1.40916991 1.30143356
    0.947613358 1.32412279 1.27748096 1.30082786 1.68356359 1.10322058
    1.83887494 1.38292754 1.89981496 1.32719254 2.01433349 1.9137212
    1.19318342 1.05918527 1.2645539 1.02930033 1.72205281 1.13808143
    1.7662015 1.44083703 1.77698445 1.12887359 1.50921142 1.92756522
    1.84401906 1.57706928 1.47005963 1.36495364 1.19079006 1.29334402
    1.6654048 1.83198297 1.15074551 1.30680788 1.62674761 1.58024812
    1.49961627 1.10022044 1.12483048 1.54118752 1.56470299 1.64612198
    1.17974925 1.68096375 1.38198566 1.22693062 1.24365366 1.38525617
    1.92371809 1.76981115 1.21247482 1.85338736 0.934393108 0.935255885
    0.919922829 0.982192934 0.991289735 1.88572824 1.28856373 1.45375693
    1.02044261 1.4333998 1.38569701 1.21155763 1.45717132 1.78126574
    1.2537384 1.90996563 1.47439396 1.64835238 1.2142781 1.15831685
    0.990656376 1.13730323 1.03671193 0.904011011 1.16210532 1.10431719
    1.34525287 1.76217198 1.79266083 1.96841943 1.07735443 1.7291621
    1.66091573 0.88913852 1.55024636 1.36657202 0.965262413 1.31059134
    1.19717884 1.89939594 1.72522807 1.13741958 1.73656332 1.6020906
    1.89207017 1.01705039 1.20556319 1.78605473 1.47233212 1.24388611
    1.34873557 1.61483371 1.22914314 1.40191567 1.64295542 1.29487109
    1.78335047 1.7770983 1.12768471 1.75943708 2.04528332 1.78848422
    2.09170532 1.26374733 2.07203245 1.93196237 1.97621179 1.33971035
    1.40323973 1.61870289 1.7144084 1.87585783 1.62544835 1.81643009
    1.08231735 1.21092463 1.83350682 1.55449092 1.62627208 1.9729445
    1.767887 1.96289802 1.63320351 1.2049706 1.47880495 1.32987118
    1.53672862 1.12093794 1.01901972 1.64718783 1.3235755 1.6697644
    1.5727123 2.00384808 1.81187832 1.56216049 1.44867241 1.19486725
    1.07374549 1.73853898 1.04988301 1.93836617 1.59028149 1.57423091
    1.50499678 1.84404778 1.9004432 1.97836733 1.7643342 1.91638052
    1.91876507 1.36087298 1.42533982 1.39376891 1.23987949 1.78193438
    1.59535718 1.27595747 1.29837966 0.727423489 0.990284622 1.19811022
    1.51100326 1.32153296 1.87111175 1.75319457 1.35601878 1.14842391
    1.90146983 1.09297633 1.88489771 2.05291367 1.57091284 1.4218955
    1.84036231 2.06717539 1.47448373 1.48563743 1.87690949 1.55508626
    1.59797239 1.34335864 1.01402617 1.56724048 1.2033273 1.65887177
    1.29908335 0.979565263 1.46881759 1.61054373 1.20659339 0.932057202
    1.47686636 1.6267134 1.78098273 1.15745091 1.61946654 1.48522711
    1.98600626 1.13714278 1.11463702 1.82920897 1.66584897 1.56074941
    1.94990051 1.97383058 1.15717304 1.80408061 1.77033484 2.05190849
    2.05905914 1.506603 1.37579942 1.78948689 1.84716511 1.36334777
    1.77955449 1.52186728 1.39798486 1.38181829 0.992555022 1.55149078
    1.68660522 1.00397873 1.0753572 1.1139189 1.55775785 1.97043169
    1.48598433 1.00437975 1.35640764 1.26912355 1.13385069 0.947820187
    1.40352738 1.33894813 1.01332819 1.71668935 1.16191959 1.10321069
    1.78778422 1.17330217 1.77525043 0.907414258 1.48184144 1.00513744
    1.14172065 1.52813041 1.4946866 1.94862556 1.80401075 1.6036638
    1.80848372 1.89477801 1.06330645 1.59331107 1.49648046 1.49598324
    1.92018688 1.20491886 1.80891848 1.78721333 1.80790699 1.55381405
    1.31831336 1.87818968 1.17797339 1.3358469 1.85707211 1.35838497
    1.06507409 1.77067745 1.62081766 1.7737124 1.17555964 1.88856888
    1.08126438 1.56486785 1.74348593 1.84080148 1.34461236 1.45039725
    1.92081213 1.78734958 1.172575 1.72091937 1.29300427 1.20307851
    1.76168096 1.30386078 1.77472699 1.23913467 0.950933099 1.49259305
    1.64558005 1.06498861 1.32221329 1.33240199 1.10293067 1.29441047
    1.6263144 1.87705898 0.917477608 1.02152848 1.47934341 1.23100364
    1.58711874 1.35880435 1.33326566 1.81370962 1.49160004 1.18560123
    1.37928045 1.46320403 1.60981202 1.70837569 1.70381653 1.38507593
    1.08956921 0.990937948 0.936571658 1.15009546 1.64129817 1.29640317
    1.64537084 1.72239554 1.89020252 1.91200745 1.92211509 1.59067893
    1.05356658 1.82564878 0.898613572 0.931957483 1.49760127 1.45087576
    1.56779027 1.43381417 1.15304315 1.56123734 1.71478415 1.51098645
    1.32226241 1.67498779 1.93093228 1.82699907 1.61761355 1.84270322
    1.08100832 1.02203381 0.927045882 0.917428434 1.38559496 1.07296836
    1.85650027 1.95254993 1.84128213 2.01578736 1.69176757 1.91989231
    1.12575281 2.00507045 1.7911272 1.96966314 1.71645725 1.50920105
    1.9434129 1.28162086 1.866346 1.05689287 1.36037052 1.29111207
    1.2745223 1.98818326 1.72128701 1.90707588 1.70346189 1.00935113
    1.62586725 0.936173737 1.10387027 1.27244973 1.1738776 1.13236427
    0.926295996 1.86271179 1.76378894 1.8717227 1.35624552 1.67112386
    1.68876278 1.79562998 1.22302771 1.42116749 1.79297626 1.33381701
    1.93879604 1.71712267 1.84564865 1.67033505 1.74894202 1.18326664
    1.48425627 1.32049274 1.73974264 1.67492318 1.5651958 1.09619915
    1.38968742 1.56628358 1.54854786 1.78110981 1.30485964 1.59648836
    1.7677964 0.707568347 1.22871852 0.929947615 1.04614604 1.13558471
    1.51700509 1.13031554 1.65729821 1.55787301 1.13708377 1.72961771
    1.50490522 1.1328764 1.85529101 1.95810759 1.55274224 1.81567645
    1.2911936 1.53116548 1.89825737 1.44492817 1.84417331 1.76069188
    1.32566679 1.74160707 1.72774267 1.77226937 1.21721852 1.35856199
    1.63738441 1.77614284 1.03081465 1.10177636 1.21497393 1.26977503
    1.43991256 1.69200087 1.98128998 1.46566892 1.7093575 1.69605172
    1.52339816 1.07074928 1.2636317 2.02169681 1.65543604 1.39380407
    1.61347532 1.8032428 1.14291942 2.06222749 1.69218969 2.05928183
    2.06919146 1.51658344 1.41629088 1.3799206 1.00679374 1.89516699
    0.973979652 1.51525247 1.12555861 1.80600965 1.45655358 1.18704438
    1.10309947 1.54878139 1.90744591 1.43079138 1.06988633 1.86153758
    1.3506912 1.89480281 1.81195474 0.904372215 1.2098496 1.7531687
    1.67049313 1.5036006 1.63390863 1.20943058 1.13965058 1.48848891
    1.64320195 1.26249576 1.32376564 0.918916166 1.45922577 1.70650434
    1.03641057 1.73251152 1.9021579 1.63048303 1.50232458 1.15069246
    1.55747533 1.4378773 1.22630978 1.97064638 1.94684708 1.03716993
    2.00832152 1.50937486 1.14090741 1.25965583 1.84995747 1.17283332
    1.31140852 1.94480407 1.46508253 1.10761857 1.70351338 1.93511415
    1.65638673 1.4064486 1.44639218 1.51502275 1.55290365 1.71284664
    1.56113911 1.39059949 1.30583954 1.65042865 1.22596109 1.0885185
    1.68613422 1.44313443 1.75639653 1.93345547 1.67590094 1.71012855
    1.01699471 1.77383685 1.76047504 1.32058704 1.29096913 1.52913296
    1.27423203 1.76344848 1.63095248 0.886073768 1.62954211 1.00539792
    1.65694106 0.938285112 1.68687034 1.21677661 1.47425675 1.28092802
    1.59784138 1.52476728 1.44182682 1.23509681 1.0014174 1.13992512
    1.83289504 1.04363859 1.16609025 1.14064515 1.75964046 1.14386582
    1.21958101 1.29515719 1.93497002 1.14317405 1.65669751 1.99614143
    1.18203557 0.985334873 0.977913141 1.81286657 1.25786877 1.26216459
    1.20581722 1.11026382 1.84917593 1.37760317 1.02762103 1.45985067
    1.71833181 1.15173006 1.69044006 1.16956699 1.26039135 1.36365032
    1.43833244 1.688411 1.66838741 1.25781405 1.135342 1.3659085
    1.13258219 1.25846207 1.45644021 1.47972989 1.31003428 1.49870074
    1.97697687 1.83488631 1.68523288 2.02677941 1.30081618 2.01143289
    1.55858123 1.46203697 1.70055819 1.89558268 1.85010123 1.34689033
    1.25439465 1.76467443 1.65523982 1.67890966 1.59001696 1.07671559
    1.59956908 1.01269746 1.21093535 1.7684927 0.9684937 1.39720774
    1.66932118 1.39677489 0.908546269 1.40195513 0.956157923 1.29476893
    1.03404188 1.38005221 1.31830382 1.96012509 1.70500004 1.33374739
    1.55082929 1.80914903 1.94634247 1.26345205 1.77947605 1.43482101
    1.23654974 1.25626087 1.51316202 1.07081676 1.71685565 1.61051106
    1.90252304 1.56189084 1.46008265 1.20738161 1.49532092 0.973291218
    1.8150456 1.86845243 0.999491155 1.85249507 1.31407154 1.55609548
    1.09360027 1.28940642 1.49085009 1.78995538 1.23112774 1.0391078
    1.62593186 1.70445967 1.02766526 1.90446341 1.36128914 1.99627686
    1.06505036 1.96109903 1.89893174 1.00513196 1.01476598 1.79121995
    1.31664002 1.49333632 1.06641459 1.55793023 1.90627027 1.39158154
    1.26407135 1.18954909 1.05846608 1.36441493 0.937901378 1.62756288
    1.39204144 1.82689285 1.91697943 1.2073971 1.9119997 1.12300909
    1.7177223 1.13376629 1.29030192 1.05467927 1.7992115 1.44222844
    1.77263165 1.39360464 1.15708995 1.29850495 1.36193442 1.38340211
    1.67057407 1.11366153 1.43956661 1.36989212 1.612854 1.58470953
    1.79870796 1.72323108 1.70944881 1.57428551 1.66368008 1.20100117
    1.21127594 1.28810835 1.51534534 1.51485538 1.30982697 1.00509238
    1.64429712 1.12564766 1.1622808 1.52014482 1.66037166 1.42013288
    1.81035805 1.07503772 0.942792237 0.843219876 1.75039709 1.11936963
    1.06457031 1.4825561 1.64701295 1.11338997 1.84175992 1.71113908
    1.46244299 1.72557163 1.59178352 1.91737437 1.07963789 1.12988317
    1.34439957 1.00104523 1.42000461 1.54510474 1.4120295 1.34687614
    1.96993065 1.36391795 1.78481793 1.46306872 1.83490896 1.61304772
    1.03536522 1.65472066 1.2737205 1.18444312 1.14845502 1.06775355
    1.63294101 1.3153559 1.82159126 1.63395619 1.13463569 1.46408069
    1.58561099 0.955801308 1.73743534 1.60736239 1.52046514 1.34158361
    1.16131508 1.40672076 1.71470821 1.93180168 1.43116975 1.66106188
    1.39076531 1.12624896 1.14116776 1.65128279 1.83651054 0.981353462
    1.08511281 1.05079412 1.20578897 0.932604194 0.906513035 1.2170229
    1.7362572 1.34769106 1.16050959 1.64624047 1.32044172 1.02581167
    1.89826274 0.935908437 1.11449325 1.42551076 1.71590781 1.76203024
    1.48474717 1.23469126 1.57323635 1.72223854 1.05896699 1.89815056
    1.16158199 1.43508518 0.838730991 1.31177557 1.21469462 1.57735765
    1.74735177 1.21975195 1.80395901 1.1663748 1.07242846 1.6459713
    1.29150689 1.54858637 1.75506687 1.11716187 1.33669817 1.75103259
    1.74076474 1.58541381 1.63334048 1.1725527 1.04082859 1.45848525
    1.95271552 1.31994069 1.88511252 1.96839762 1.96748376 1.52437556
    1.74770939 1.89523411 1.7125839 1.50004542 1.46768236 1.17646432
    1.04770863 1.76063967 0.920484841 1.09719193 1.67164433 1.63133967
    1.04302859 1.12773752 1.2972796 1.82060122 1.33945119 1.17567515
    1.15206397 1.70524335 1.99814987 1.6040473 1.99874198 1.27963042
    1.92971647 1.51248395 1.94456041 1.03276205 1.33951044 1.91684473
    1.22023022 1.68589818 1.74918234 1.61533439 1.80931246 1.24357164
    1.05955803 0.899183571 1.60944986 1.35984409 1.31353188 0.954244077
    1.78004372 1.05577111 1.37790215 1.06879675 1.16094947 1.39258349
    1.13378644 1.02850294 1.10292888 1.35227621 1.41998041 1.69998562
    2.02895713 2.00847316 1.63953757 1.92997479 1.09159017 1.47314954
    0.9805547 1.65913594 1.88084829 0.980883479 1.74743748 1.46871626
    1.2479744 1.68433523 1.43328011 0.748901665 0.783954501 1.18930161
    1.33067107 0.941616476 1.48427796 1.70913875 1.64282012 1.70903003
    1.59468174 1.70026255 1.90331531 1.38175583 1.57980967 1.72871494
    0.993138433 1.64661515 1.02646899 1.34046268 1.59752095 1.46618152
    1.48460877 1.00062001 1.34587157 1.48317027 1.4047873 1.20366025
    1.48994899 0.9902457 1.03207982 1.62668943 1.0533402 1.83953166
    1.25921977 1.82109702 1.21628296 1.75588286 1.73448217 1.19058299
    1.6504916 1.34142399 1.89023387 1.55447757 1.78212893 1.19584143
    1.13118744 1.76483786 1.18175316 1.72775388 1.60830259 1.95589602
    1.67444229 1.2543807 1.85254812 1.25347877 1.73326421 1.63439715
    1.06833649 1.09426689 1.95116317 1.07458031 1.74292994 1.93843949
    1.39526033 1.00781071 1.36608315 1.69117975 1.53187931 1.90294206
    1.041731 1.82898104 1.01405883 1.61656749 1.57672942 1.2014879
    0.919592679 1.11753547 1.19680083 1.30035233 1.50506496 1.06547642
    1.73672199 1.30905592 1.77364385 1.5947603 1.36199224 1.80591106
    1.07205641 1.67790008 1.61134791 1.94219601 1.100227 1.95114946
    1.75701499 1.68889141 1.76805651 1.48422933 1.35166907 1.56016898
    1.07303023 1.92374587 1.20115376 1.44481432 1.90584898 1.74003863
    1.11696279 1.80988002 1.89848351 1.94532931 1.4835279 1.72419858
    1.50023568 1.28056121 1.50338531 1.35312796 1.12743866 1.1292038
    1.04231822 1.11293542 1.73736525 1.42317307 1.48134267 0.958730817
    1.49386346 1.64516675 1.3514812 1.79398441 1.95373893 1.4094249
    1.52405882 1.04084206 0.894802034 1.48934209 1.42365515 1.27808321
    1.73062837 1.00317562 1.79452014 1.25157237 1.68938541 1.04971504
    1.26825702 1.49798191 1.6851455 0.971365213 1.41858852 1.33221006
    1.91992629 1.04613376 0.932368517 0.996214509 1.56822503 1.264171
    1.39325166 1.42765975 1.20696366 1.46916294 0.995663047 1.0446651
    1.38715827 1.03250909 1.33901477 1.56720281 1.15955615 1.74979937
    1.75262833 1.56063271 1.25075042 1.82053494 1.20135701 1.73031497
    1.29255879 0.96583122 1.42673433 1.26124465 0.962110579 1.48513103
    1.66973948 1.64822233 1.51199353 1.72952843 1.93562758 1.25026286
    2.05415606 1.2854228 1.87736833 1.56037033 1.67056787 1.91769981
    1.31615794 1.72000265 1.23453081 1.80993176 0.939147353 1.04144466
    1.53608799 1.00126898 1.62917054 1.33373106 1.11320496 1.54448676
    1.7414639 1.90255034 1.5536021 1.70236087 1.6225692 1.40593159
    2.02038193 1.79728806 1.13744307 1.11108232 1.33371651 1.88674009
    1.64419925 1.37061596 1.91628182 1.59825909 1.55730486 1.21735132
    1.50670397 1.41675997 1.26184845 1.65758777 1.7366389 1.06729853
    1.07832372 1.85328543 1.50852585 1.23464131 1.52678037 1.55184114
    1.72046316 1.50246239 1.75703454 1.85677087 1.64308918 1.1770215
    1.84690404 1.71158624 1.10275233 1.89095235 1.20002687 1.34127796
    1.48334789 1.56509733 1.57305276 1.51374185 1.33483148 1.73147142
    1.75654876 1.37064552 0.964487016 1.2550211 1.36500931 1.08545005
    1.03672361 1.55528271 1.13321626 1.38297021 0.749362409 1.52677941
    1.11877489 1.20240927 1.41650903 1.1541332 1.10506332 1.25512362
    1.38152003 1.7049762 1.88918698 1.04679191 1.24726295 1.63773835
    1.88661492 1.39364111 1.48494577 0.951847315 1.56060231 1.5875684
    1.860358 1.52844083 1.72659349 1.41492367 1.27683866 0.950389802
    1.70059621 1.62755179 1.94352329 1.62818229 1.14552867 1.62293518
    1.71426892 1.09120488 1.909706 1.39963603 1.75030792 1.06142259
    1.83494806 1.08154023 1.55024457 1.33075106 1.30200434 1.92547882
    1.79956639 1.61516798 1.09071755 1.80040348 1.79631293 2.00339413
    1.98543441 1.90686333 1.87535334 1.44039083 1.40961194 1.71944439
    1.49153674 1.00701022 1.91610062 1.92506933 1.78321445 1.68317151
    1.49885488 1.25623846 1.56850028 1.96262217 1.32702458 1.92349315
    1.61443782 0.992655993 1.06561923 1.35467887 1.05241287 1.02052677
    1.0671587 1.71519971 1.37861061 1.32707679 1.57242346 1.27884269
    1.11852729 1.61518097 0.974657893 1.09623802 1.0899843 0.90236336
    1.47957635 1.40923357 1.18865609 1.93586743 1.25385749 0.983307958
    1.64836466 1.06081343 1.37702465 1.60509717 1.96084666 1.9006995
    1.6061151 1.93086398 1.64353359 1.75327337 1.82266152 1.37406003
    1.95647407 1.6754806 1.96867371 1.71347106 1.34218419 1.4901154
    1.69781339 1.81217206 1.7769388 1.58318198 1.89149392 1.57915306
    1.46495259 1.23972189 1.80187023 1.76729465 1.0416404 1.8744005
    1.43615603 1.30484974 1.70524204 1.22577548 1.62052667 1.35365713
    1.53249216 1.35781372 0.941160679 1.36929917 0.946890235 1.18904471
    1.78077686 1.61065686 1.42167568 0.924546361 1.43205404 1.72751474
    1.88427436 1.49378049 1.74924171 1.84543371 1.34193325 1.42290628
    0.967180073 1.11346817 1.16193843 1.2029475 1.64528096 1.92426825
    1.60224593 1.53413785 1.14014101 0.978901565 1.53937125 1.08804655
    1.13716817 1.83216548 1.52978885 1.20813298 1.12311625 1.55071592
    1.93062699 1.09963679 1.58127236 1.89691949 1.91146398 1.63066161
    1.11234856 0.932991982 1.05625045 1.93001151 1.25297272 1.21454966
    1.09326935 1.68673897 1.25151348 1.39149737 1.66989756 1.82815552
    1.69819343 1.05710137 1.48472059 1.16630793 0.993662834 1.46944761
    1.1600945 0.893453956 1.07597744 1.4321003 1.59550154 1.6826396
    1.02196312 1.84164143 1.3311466 1.13724458 1.93445802 1.56862557
    1.95847785 1.27392864 1.81827521 1.29110098 1.30849075 1.47206438
    1.65274668 1.93578303 1.76415777 1.32945061 1.70817256 1.70249641
    1.92489314 1.45995259 1.17886674 1.83497965 1.46537328 1.22628701
    1.75681102 1.36709154 1.36393654 1.82466853 1.78962982 1.56407344
    1.53608918 0.940787017 1.49908412 1.56414855 1.06813085 1.57392597
    1.01393712 1.26066244 1.87828267 1.38260698 1.63806176 1.45711589
    1.63300574 1.67011583 1.46785629 1.690642 1.42005324 1.78892994
    1.81584585 1.55942559 1.10660207 1.78506327 0.994803905 0.886951268
    1.02072787 1.57160282 1.40469992 0.915068328 1.66978979 1.60547137
    0.736545146 0.669839025 0.673534393 1.00426793 1.26239216 1.60110927
    1.1966368 1.0486145 1.0901835 1.18548512 1.57695842 1.03839779
    1.17060947 1.31779337 1.49726677 1.28123486 1.76279247 0.911400855
    0.923410952 1.84187663 1.6057682 1.90349889 1.81319284 1.09903526
    0.957977951 1.16308272 1.47183299 1.51352262 1.37431073 1.3454529
    1.83383894 1.61587 1.69916368 1.39590311 1.1837523 1.68029428
    1.72888601 1.78351617 1.19086838 1.66927814 1.14441144 1.21528506
    1.29458559 1.78151178 1.8391459 1.53551924 1.27201295 1.70302713
    1.26121223 1.10466266 1.39232731 1.07988596 1.27582943 1.58565974
    1.17389011 1.30396914 1.08514047 0.979397595 1.42445004 1.46589673
    1.93015826 1.58345461 1.43092811 1.51988077 1.80236089 1.06806231
    1.25005388 1.89263618 1.29121077 1.3299104 1.30769563 1.28611267
    1.45175791 0.853792191 1.0129565 0.982315183 0.858960927 1.52633011
    1.2334789 1.83165073 0.896571696 1.53405678 1.54609084 1.0327177
    0.909610391 1.39029217 1.33396184 0.969912231 1.70187151 1.23520803
    1.44098818 1.43610084 1.11067522 1.89918017 1.06895888 1.01737416
    1.32986546 1.60783207 1.66862512 1.45920801 1.38764131 1.47974801
    1.77773106 1.49103427 1.93467999 2.03164959 1.15978456 1.8156234
    1.61862373 1.66984081 1.47537267 1.33456755 1.8467766 0.916423798
    1.00421441 1.05220056 1.03413558 1.02444136 1.35326266 1.10461915
    0.962667406 1.29943419 1.89089727 1.2584703 1.99248254 1.42457485
    1.1544863 1.8314302 1.08473051 1.01412523 1.19998968 0.836663485
    1.09331608 1.80853772 1.63927579 1.05167282 1.21150136 0.886634827
    1.72642934 1.02489853 1.31954658 1.08520997 1.7847923 1.82697392
    1.50171363 1.33058023 1.87786257 1.9031179 0.916195631 1.12641776
    1.25487483 1.61568534 1.33249593 1.78657532 1.68489838 1.89917159
    0.930477321 1.4004097 1.16875172 1.48811102 1.03879297 1.07469583
    1.62338066 1.98560882 1.73271656 1.99163747 1.3444407 1.23274076
    1.10438621 1.39153767 1.79075348 1.3614608 1.74344218 1.53082776
    1.51161706 1.55900002 1.44169366 1.15740693 1.66511071 1.39907563
    1.82270169 1.92258286 1.35630679 1.98044431 1.31460559 1.5760988
    1.76057279 1.98853266 1.36790967 0.973013461 1.57183158 1.43637705
    1.05452657 1.2300576 1.35581279 1.25199103 0.887596965 0.973038733
    1.08464479 1.08277678 1.38468277 1.71447837 1.06680286 1.26918268
    2.02998757 1.20615041 1.67910588 1.96676362 1.42561555 1.95090997
    1.62929618 1.87667072 1.72659361 1.37150002 1.50502062 1.5478425
    1.68573046 1.9830097 1.22956276 1.0837692 1.7899133 1.01352584
    1.41461778 1.04112172 1.83149457 1.76582444 1.41859698 1.78232265
    1.62828755 1.45928276 1.10804677 1.39400256 1.93700075 1.93286335
    1.54028642 1.06991625 1.32816589 1.69872594 1.38647008 1.39103138
    1.69838238 1.05689192 1.70367527 1.62848604 1.07227147 1.1521349
    1.42347062 0.893545091 1.42766869 1.14175427 1.4086864 1.75829113
    1.19947028 1.75566339 1.61429226 1.03531933 1.08808899 0.846400917
    1.17162228 0.859980583 1.08316433 1.87805748 1.94566333 1.97317636
    1.75565636 1.08991814 0.950612307 1.33262658 0.887530625 1.40792644
    0.878376067 0.917240381 1.0471127 1.10299146 1.35880542 1.50522041
    1.5446744 1.33246839 1.27005839 1.314605 1.38812649 1.52624512
    1.57537568 1.56419039 1.77773762 1.03011549 1.44050097 1.24195528
    1.08029389 1.81610799 1.44674563 1.98333466 1.88601315 1.16742492
    1.34027684 1.52299213 1.1893934 1.13351858 1.26416397 1.57898521
    1.88336337 1.2102313 1.54204214 1.43786788 1.19523811 1.44472694
    1.06918824 1.89199293 1.73917699 1.08761275 1.58099711 1.11217272
    1.83691561 1.68842137 1.58944154 1.65453196 1.17762315 1.61542022
    1.23130453 1.88631964 1.53366888 1.38637817 1.64446223 1.26967585
    1.49882007 1.78459156 1.60746408 1.62108207 1.65192902 1.5816747
    1.82990515 1.18483174 1.25407958 0.948951364 1.0143528 1.41256189
    0.897591472 1.56605947 1.69974697 0.936752081 1.76097429 0.96446842
    0.882214904 1.07139587 1.54717338 1.55110347 0.95615232 0.952735245
    1.088781 1.58042586 1.78849483 0.996295929 1.4693433 1.71979737
    1.31501949 1.36880016 1.95360088 1.5843606 1.48970914 1.94161308
    1.18859887 1.20045638 1.30736911 1.54637945 1.56646442 1.70605779
    1.5891273 1.9083817 0.982213616 1.07444692 1.44499433 1.02949369
    1.38194239 0.992632449 1.62964582 1.45556557 0.915135026 1.24329412
    1.15890956 1.46512222 1.24543059 1.56680465 1.94382262 1.52095771
    1.76565862 1.32987726 1.42342639 1.12476873 0.900327325 1.01230896
    1.56892109 1.47887921 1.34460485 1.24127853 0.985899568 1.38520026
    1.31850934 1.06951857 1.2992624 1.45754671 1.39243495 1.83457994
    1.32372069 1.81415725 1.74531484 1.04872108 0.942543685 1.54431725
    1.50621462 1.75201142 1.43693185 1.5124284 1.54810607 1.69093573
    1.8515712 1.23374248 1.44570434 1.75484407 1.90305233 1.90718341
    1.61060452 1.72020078 1.93270695 1.89813423 1.17433751 1.26037419
    1.90304303 1.5163554 1.04443276 1.3675555 1.63015294 1.02416563
    1.77942502 1.79559994 1.45631695 1.2511183 1.24410498 2.00909734
    1.99602032 1.97468984 1.91758406 1.31862128 1.12006855 1.97542679
    1.69358075 1.39080739 1.30435419 0.894749761 1.25527716 1.27259326
    1.40199578 0.883656323 1.50778306 1.35844672 1.8459686 1.66569912
    0.940176308 1.39618397 1.34364784 1.54329383 1.60216808 1.80241942
    1.3780849 1.30675721 1.55850768 1.07462943 1.375036 1.5141356
    1.47799504 1.37756145 1.75111926 1.27009618 1.43639541 1.27839482
    1.61288762 1.4118098 1.90326214 1.00650322 1.28140604 1.01616013
    0.902465224 1.87974238 1.07309163 1.00905037 1.13025844 1.83301628
    1.7718544 1.40626395 1.47228825 1.78086662 1.78342783 0.967808187
    1.59960306 1.21242845 1.08390617 1.40914834 1.54727948 1.51664364
    1.26881111 1.13432539 1.84987879 1.45062602 1.74555159 1.25914109
    1.64297485 1.28668797 1.02983725 0.985647976 1.01306033 0.873413324
    1.37039912 1.6019659 1.24601746 0.548166871 0.856071115 1.30351627
    1.43660867 1.3013947 1.88566089 1.67317224 1.61320496 1.80384517
    1.35532379 1.36144912 1.54943693 1.26110685 1.44674623 1.49112177
    1.18257606 1.47723734 1.86691308 1.43999994 1.25127673 1.1875416
    1.49233043 1.14479792 1.78611898 1.10716534 1.33784735 1.86831534
    1.22812951 1.65666759 1.17989659 1.46281445 1.72408617 1.63324356
    1.83359933 1.0870477 1.72504818 1.87549639 1.61651576 1.81003666
    1.30002999 1.62104249 1.98117876 1.32047415 1.54309106 0.998993754
    1.30454779 1.07921135 1.81138134 1.19675434 1.04910445 1.53547263
    1.61443043 1.76157689 1.93558073 1.92640316 1.28147697 0.938544095
    1.87305558 1.31379306 1.38387358 1.68042183 1.30600178 1.54256773
    1.35783863 1.71300435 1.23863876 1.45302439 1.78665376 1.35154855
    1.19585025 1.08435023 1.48869681 1.78227139 1.00314915 0.902381659
    1.21459651 0.880384803 1.05177033 1.37816823 1.49419355 1.35234749
    1.13185763 1.24904096 1.15695786 1.27320254 1.70211875 1.65055215
    1.78972876 1.513695 1.72120667 1.88388562 1.28554714 1.8091464
    1.1239537 1.0325402 1.09904218 1.53105927 1.72522676 1.01225805
    1.63306665 1.09797549 1.17133343 2.00876188 1.83343756 1.19208789
    1.88523662 1.8092643 2.06658173 1.35214937 1.41899657 0.979588389
    1.80223656 1.03834796 1.85922062 1.81409657 1.77467692 1.39795399
    1.52342808 1.39779675 0.974718928 1.02710581 1.1498605 1.5701257
    1.95684946 1.4561528 1.80224502 1.32063031 1.01387036 0.99395436
    0.987227678 0.906124413 1.09386837 1.580441 1.46428108 1.22003937
    1.1521678 1.36699915 1.28818381 1.12344587 1.86194551 1.58993304
    1.63852775 1.51618659 1.25276387 1.20766819 1.19569302 1.39503717
    0.989087045 1.42697227 1.29199207 1.22703004 1.60099614 1.27377403
    1.48602498 1.49816763 1.53267443 1.55282259 1.38603759 1.32990789
    1.88784325 1.71058273 1.5717963 2.01149893 1.19256949 1.72504807
    1.77155864 1.60942006 1.13296413 1.26527858 1.32134163 1.85015547
    1.64396441 1.5544771 1.47402179 1.51488948 1.31769836 1.89674628
    1.73264098 1.66139317 1.13944066 1.47428298 1.32675302 1.78908169
    1.28213859 1.5415647 1.18289232 1.87873423 1.91296768 1.08024669
    1.55039406 1.42465878 1.71425176 1.15012872 0.874296963 1.02247572
    1.0404855 1.61501753 1.04233658 1.51070547 1.64736867 1.0454812
    1.71834254 1.35560668 1.89124238 1.83839488 1.73556399 1.55604923
    1.12954831 1.35580707 1.6273737 1.21973431 1.63076365 1.8140378
    1.43787813 1.76803625 1.45409977 1.92097354 1.29233372 1.07651663
    1.73874366 1.05853808 0.990123749 0.918233037 1.54106319 1.54197443
    1.0367049 1.69861245 1.74093127 1.06162882 1.77485573 1.73820531
    1.86595833 1.82530463 1.12876165 1.61160553 1.12254596 0.932157397
    1.77262115 1.3420285 1.55950832 1.26206744 1.25432813 1.56154954
    0.993914902 1.85188937 0.972870409 1.08056033 1.27540827 1.66712594
    0.848818243 0.961396158 1.4321171 1.04115212 0.873434246 1.69352007
    1.36088526 1.09666872 1.48755169 1.30861902 1.57225204 1.84760082
    1.79854906 1.55704939 1.5086602 1.87954211 1.84172499 1.07046354
    1.37078679 1.35828686 1.5415417 1.12968957 1.21393251 1.34142745
    0.892851651 1.76711595 1.4734509 1.00584698 1.08341181 1.39233041
    0.959258914 1.84254277 1.27220321 1.13637805 1.62550581 1.86604214
    1.79923618 1.43378544 0.99474901 1.91439629 1.43102837 1.45840669
    1.73760927 1.79363406 1.92680132 1.49138963 1.90519547 1.69230831
    1.61395109 1.22429729 1.64829803 1.43701708 1.84659052 1.86450124
    1.57822132 1.1364038 1.0205338 1.79693341 1.70419276 1.65671778
    1.28903353 1.53168428 1.91878521 1.09953547 1.32222629 1.58234072
    1.51954567 1.41925967 1.63715601 1.7618475 0.950224996 1.00918806
    1.52353227 1.59201527 1.09185088 1.2968266 1.03918898 0.972340643
    1.4164151 1.24341249 1.65374839 1.40663755 1.8877511 1.88670754
    1.28397417 0.953262091 1.67308891 1.31806815 1.66737151 1.41507912
    1.18562937 1.05476999 1.19962704 1.75153065 1.16004562 1.04449368
    1.07718277 1.92651784 1.59746861 1.03798938 1.19604445 1.74431574
    1.05164671 1.23452687 1.85138547 1.39254737 1.21766138 1.75144875
    1.88249326 1.87942314 1.39571559 1.7187891 1.65483165 1.69528067
    2.05987906 1.85148966 2.01106215 1.00275826 0.990132391 1.0018909
    1.03479397 1.60675049 0.999314725 1.10776198 1.19850147 0.954004288
    1.46750987 1.53672016 1.34765744 1.77804613 1.44398081 1.41227412
    1.90751612 1.37106776 1.01483619 1.50581789 1.55467486 1.85882175
    0.91610992 1.651407 1.38744068 1.23549724 1.57580614 0.996657848
    1.14336777 1.65625226 1.40619409 1.80768347 1.10112536 0.995272696
    1.84855378 1.14691389 1.44355869 1.57807982 0.872456431 1.51922607
    1.64824975 1.30186522 1.50953233 1.6069175 1.22840667 1.01555657
    1.17565215 1.16181397 1.22515011 1.28086197 1.58689201 1.27613866
    1.82777977 1.07121253 1.09954882 1.77453077 1.78143466 1.7946192
    1.8290894 1.1628015 1.60054123 1.57542098 1.17802989 1.88895941
    1.79818022 1.16162014 1.45902741 1.16156423 1.42860949 0.924943447
    1.5296433 1.78767776 1.38999152 1.19164622 1.94388998 2.05807352
    1.26072991 1.34762859 1.17119122 0.985785723 1.73697102 1.60231066
    1.64760196 1.29568553 0.834653258 0.968159795 1.05567038 1.46692181
    1.47415364 1.11535621 1.37937665 1.09553909 1.91902351 1.6392169
    2.00690103 1.13417077 1.9215076 1.40998185 1.32467818 1.57741463
    1.87639999 1.83289528 1.90038097 1.06767154 1.16780317 1.0209533
    1.60027277 1.91485631 1.97195506 1.47066569 1.68319571 0.965960264
    1.7558341 0.863434017 1.3382715 1.04559529 1.07310247 0.975696027
    1.1419518 1.58786714 1.51780939 1.50625968 1.33827353 1.47469926
    1.06784213 1.7977289 0.971887946 0.92409718 1.58097064 1.21162701
    1.24569416 1.94520283 1.94425106 1.66014123 1.03019798 1.65419543
    1.10683668 1.82352245 1.85917187 1.2445339 1.5353055 0.885708392
    1.84875476 1.58593214 1.7803961 0.984167933 1.23053598 0.889408112
    0.927817166 1.38130438 1.2130363 1.00497854 1.04725909 1.78930271
    1.88137722 1.58965504 1.84404469 1.12098527 1.60722888 0.947741449
    0.97942251 1.12318909 1.73072767 1.2745316 1.20659757 1.09391224
    0.934735537 1.18586385 1.38650334 0.994125724 1.56101108 1.04659092
    1.51296866 0.987579346 1.94674969 1.36448932 0.998988152 1.67741895
    1.02457726 1.27202475 1.69023514 1.39665806 1.5968833 1.26050496
    1.58894122 1.67736161 1.38429856 1.99812269 1.34359479 1.91444623
    1.90235853 1.29661965 1.11835325 1.7957859 1.17097032 0.953289151
    1.07474375 1.0327853 1.80467188 1.22610319 1.54610062 1.35643566
    1.34297001 0.93554759 1.60831678 1.38923037 1.08879352 1.82318902
    1.66596723 1.03666639 1.44077754 1.41695333 1.60265005 1.35390067
    1.0192138 1.3341856 1.60404086 1.24395025 1.54372072 1.4110359
    1.37345707 1.51875019 1.06312776 1.2443912 1.16739893 1.94730353
    1.85642016 1.08961725 1.88398004 1.51983845 1.39149928 1.91650605
    1.35715151 1.52947974 1.55683362 1.84069431 1.11314464 0.994599879
    1.91148007 1.75947356 1.37521183 1.64243007 1.33949614 1.80315351
    1.02836144 1.11645353 1.74210429 1.46569395 1.47593176 1.40764868
    1.39340007 1.72009039 1.26319838 1.57324111 1.84119654 1.35470521
    1.66026103 1.92278481 1.03950083 1.38085723 1.88329792 1.8338834
    1.54535866 1.29738832 0.980323613 1.11112368 1.07832158 0.975186229
    1.81037796 1.13164508 0.963337719 1.90525079 1.25964987 1.10696614
    1.58422852 1.86248243 0.978112161 1.63684201 1.77265298 1.50217712
    1.44703209 1.74895763 0.948189497 0.914460182 1.0732981 0.94572252
    1.16754043 0.915266216 1.85822773 1.74362206 1.0442096 0.895421147
    0.899947643 0.959773242 1.09248245 1.29445314 1.02440822 1.31325805
    1.75784838 1.00370228 0.983003616 1.52645159 1.52953482 1.83023012
    1.65180254 1.89623713 1.58993506 1.17285323 1.26852071 1.48327708
    1.33846331 1.06661808 1.72760046 1.39805472 1.82862103 1.2342447
    1.20527637 1.50460517 1.24443972 1.39131463 1.87934518 1.52498877
    0.925847113 1.15720403 1.06009328 1.05669582 1.2771709 1.13826871
    1.91151226 1.8614893 2.03333378 1.65732145 1.62865198 1.81728911
    1.5809238 1.33795011 0.933635354 0.962810338 1.69915783 1.05114293
    1.31317377 1.26806974 1.13178337 1.70186615 0.854559779 0.958937883
    1.75326312 1.47471571 1.31773674 1.95887291 1.48016131 1.31534898
    1.82139826 1.09028149 1.21109164 1.89219844 1.15289462 1.58449852
    1.4318912 0.975342929 1.88199353 1.02289426 1.90513241 1.20604289
    1.66360915 1.37313652 1.03313506 1.51048064 1.31750524 1.79362512
    0.989434838 1.12826455 1.72312903 1.60371244 1.85761499 2.01166701
    1.69524598 1.44446409 1.10945642 1.50375187 1.02628553 1.73802531
    0.990441978 1.74895215 1.588305 1.39901674 1.34159136 1.4392916
    1.94328034 1.24089074 1.02073014 1.12748253 1.71063364 1.2512027
    1.03588021 1.57007277 1.13533533 0.978875518 1.73708093 1.38429379
    0.813316464 0.862865269 1.35204053 1.45563436 1.12298834 0.966758609
    1.66411483 1.097224 1.17292953 1.6216501 1.80167007 1.31511641
    1.02004778 1.03626132 0.917852938 1.04328251 1.68916357 0.886838436
    1.32596016 1.26563036 1.26596344 1.03376925 1.79390252 1.86467707
    1.07093787 1.00622821 1.75926912 1.27319503 1.92841053 1.88732505
    1.26698625 1.35730755 1.85350025 1.53325689 1.45630896 1.09620893
    1.91281819 1.42463362 1.33832872 1.18368316 1.47992861 1.52360487
    1.59777737 1.30162346 1.51009965 1.58719361 1.50244808 1.3363657
    1.81977451 1.40389228 1.20781374 1.52930415 1.28341568 1.18437791
    1.12902534 1.56231213 0.92351687 1.02577674 1.02002192 0.983086824
    1.56956947 1.01247692 0.994831324 1.59289014 1.09931278 1.60461044
    1.33858252 1.1874342 1.19776881 1.83669984 1.67998707 1.79519498
    1.08762836 1.06965852 1.1504966 1.63894665 1.72093093 1.39430869
    1.31847751 1.56809855 1.89541733 1.50233197 1.34605682 0.968143106
    1.88064349 1.26361871 1.90341115 1.61201859 1.30300391 1.22814119
    1.0380435 1.27287197 1.828004 1.52896309 1.61820889 0.972129345
    1.83709633 1.70836937 1.02494788 1.01367033 1.056077 0.869885623
    1.64881945 1.18268704 1.03129864 1.49643469 1.34917092 2.00296712
    1.40239763 1.68048298 1.59050572 1.12139678 1.80063283 1.52962899
    1.28644943 1.81022227 1.00377417 1.162377 1.2549051 0.923069954
    1.74502361 1.73687577 1.18723261 1.43063688 1.7064029 1.91308153
    1.45717323 1.91931772 1.09414613 1.83083296 1.4837358 1.57717764
    1.44096458 1.60205901 1.17565703 1.48535287 1.00509024 1.61647201
    1.08902168 1.51843309 0.864145577 0.954094648 1.22038412 1.15472841
    1.78252053 0.914511383 1.15844321 1.78068244 1.08411479 1.12339079
    1.16862082 0.955660343 1.02038395 1.4864552 1.26762557 0.949641049
    1.49989462 1.66971791 1.0548836 1.54561698 1.85545552 1.29322445
    1.61667264 1.9438343 1.70928931 1.95748198 1.21451843 1.19978547
    1.60618103 1.04540503 1.55942202 1.29132533 1.55312169 1.6574502
    1.72143424 1.65046263 1.07329154 1.54506743 1.10916638 0.918579042
    1.44100499 1.16102886 1.25862813 1.30484021 2.0288198 1.85989833
    2.02406502 1.77916789 1.45956695 1.41305649 1.67239082 1.52615261
    1.22391319 1.2500937 1.63671982 1.30107737 1.58352828 1.51000953
    1.23243487 1.1178174 1.1196053 1.14986241 1.32285511 1.51383948
    1.89326155 1.11128533 1.8424468 1.53723025 1.64212334 1.79013038
    1.97098958 1.18167627 1.20993936 1.24477184 1.87627184 1.14099586
    1.55966294 0.970117152 1.72421551 1.72207999 1.42358339 1.89910042
    1.38776052 1.62803781 1.58777118 1.70422482 1.03359854 1.43627703
    1.21856594 1.74520206 1.02267921 1.99272203 1.87689531 1.99758935
    1.59499502 1.65447223 1.82773161 1.46877754 1.66540945 1.71096265
    1.00142038 1.1888324 1.45169437 1.03763711 1.78281617 1.68846571
    1.80999613 1.67546976 1.61220741 1.66230512 0.924536943 1.41703188
    1.20514357 0.924883246 1.15864933 1.19101298 1.62006569 1.37591529
    1.16118312 0.539881289 1.15838528 0.866725087 1.12112451 1.86069191
    1.64760435 1.07424235 1.71745658 1.76588082 1.13709891 1.31980467
    1.74037707 1.74421608 1.80492401 1.69262099 1.7901293 0.920908809
    1.3060075 1.31140089 1.47744119 1.77975178 1.73430061 1.50536132
    1.61709523 1.37263167 1.67605627 1.81543636 1.98310506 1.45042503
    1.98516059 1.1058284 1.41903424 1.71095264 1.88691342 1.65437996
    1.71275985 1.71579003 1.339661 1.80323553 1.63791227 1.92437494
    1.18348014 1.21196783 1.51498091 1.24043036 0.932735682 1.52955198
    1.19267237 1.53091097 1.42458284 1.45499969 1.2960211 1.1307255
    1.83803928 1.08981025 1.80896592 1.04109752 1.78984118 1.50631464
    1.31341255 0.908426523 1.12034595 1.32282102 1.63076377 1.39669871
    1.17544711 1.63803244 1.71604121 1.57169473 1.74859953 1.9012388
    1.49059486 1.10460103 1.33384025 1.81183875 1.08080125 1.3788836
    1.49972701 1.73649168 1.9738754 1.02773595 1.20936358 1.94766831
    0.983164549 1.29368281 1.21697211 1.91842723 1.74378514 1.35840094
    1.94176424 1.80937421 1.05342412 1.26966536 1.37400603 0.946003377
    1.42477524 1.75707769 1.81262672 0.835576952 0.825981855 1.61880541
    0.946685076 1.4259975 1.01605725 1.54261482 1.58316958 1.41840935
    1.48230875 1.80236185 1.41405237 1.89394748 1.9806695 1.35725176
    1.7687757 1.20869017 1.47070396 1.55477238 1.86287665 0.882375777
    1.55773711 1.08439994 1.14505863 1.24907172 1.32988799 1.23139822
    1.56919491 1.73941553 1.1284976 1.19063604 1.29188848 1.64431822
    1.64921892 1.82279551 1.17499113 1.41241455 1.35722911 1.59065711
    0.880403042 1.18789208 1.49742198 1.36957574 0.960380435 1.09982932
    1.27307105 0.941827953 1.38131738 1.51125586 1.5092169 1.82674253
    1.35662162 1.45556116 1.44623041 1.38523877 1.92704141 1.81540203
    1.41834784 1.51527619 2.05334926 1.8178885 1.04721892 1.27946353
    1.1649518 1.95763981 1.36122274 1.86289084 1.69446707 1.41395772
    1.58663964 1.87558019 1.19967806 1.19520009 1.35705292 1.04232037
    1.28918505 1.70423746 1.51173329 1.2459327 1.02420902 1.85180736
    1.06346381 1.35986555 2.02893949 2.03040576 1.12563205 1.23760819
    1.66402149 1.1803745 1.24309242 1.02727914 1.28060162 1.13906968
    1.3833673 1.88367403 0.909722984 0.982816517 1.30758619 1.21791077
    0.895018399 1.62420273 1.37906015 1.43028355 1.48407853 1.90334451
    1.13423073 1.21006048 1.08048463 1.73056698 1.61025083 1.65396273
    1.55228257 1.51571894 1.44641924 1.79036677 1.73330545 1.6805321
    1.54373848 1.14196956 1.16794896 1.78374064 1.46837914 1.12911439
    1.10661316 1.17281723 1.60815108 1.19250906 1.2156235 1.79058707
    1.30977798 2.00025296 1.92266977 1.30437315 1.92446554 2.02737021
    1.48468816 1.61565077 1.3790096 1.0805372 1.83715284 1.84108424
    1.36394048 1.83928132 1.51274812 1.34576201 2.00317693 1.000036
    1.70461118 1.16867185 0.996881545 1.13988602 1.61925364 1.3279748
    1.52982283 1.22396088 1.62943685 1.62769723 0.924889982 0.648899317
    1.30392408 0.826181412 1.13936865 1.40894461 1.74486446 1.52808154
    1.37719154 1.59218717 1.37489152 1.88292241 1.05438411 1.0287683
    1.68213868 0.978577197 1.70563638 1.05633259 1.91383123 1.63634801
    1.8433615 1.5678587 1.55542302 1.76095879 1.46601558 1.20702446
    1.93169796 1.19327164 1.98903561 2.05700707 1.80898106 1.49160862
    1.61377919 1.22836328 1.67126644 1.29580402 1.51049924 1.49432242
    1.07296693 1.17582536 1.05033994 1.50312805 1.79363728 1.26607156
    1.77067101 1.06560099 1.34906626 1.82258821 1.02201462 1.28322399
    0.904922366 1.70539391 0.95952934 0.889347792 1.6750437 1.28040719
    1.20672762 1.19349802 1.15423679 1.51180112 0.978396416 1.07984293
    1.14680779 1.71837103 1.05833137 1.70890868 1.07896411 1.76558459
    1.72153187 1.33616662 1.87293971 1.50668967 1.26093543 1.95158434
    1.63716233 1.42048061 1.42192972 1.98942924 1.49626303 2.04087543
    1.62137699 1.06439519 0.998254836 1.35466206 1.60432577 1.81945825
    1.79587865 1.41592467 1.62883556 1.49610722 1.23738384 1.71750569
    1.54977989 1.86076999 1.57186472 1.76789415 1.14333916 1.48406923
    0.966759324 0.856969535 0.973873615 1.69855309 0.896161735
    1.81962776 1.49433863 1.55289114 1.42486954 1.84325528 1.71835113
    1.64940119 1.50339699 1.03238809 1.27696168 1.72342443 1.15760064
    0.971264601 1.09083462 1.07430768 1.28448653 0.91672641 1.70667756
    1.11237359 0.987769067 1.30166125 1.66485 1.87400031 1.03216529
    1.1316185 1.48851442 1.43549681 1.15527332 1.4986316 1.14260781
    1.8276 1.82001793 1.58959866 1.19647217 1.37186778 1.17985189
    1.59947419 1.33426178 1.84708381 1.60235345 1.34683836 1.77124703
    1.00660431 1.60842514 1.30088019 1.01148641 1.84346724 0.909445286
    1.65877271 1.43605459 1.18271101 1.95451307 1.24203348 2.01050234
    1.90049016 1.84009743 1.66645575 1.87312996 1.47029221 1.56422746
    1.04564941 1.80306196 1.84521699 1.76467848 0.961401641 1.88641047
    1.68313444 1.13017106 1.3589803 1.51155961 1.8548094 1.23498499
    1.84045601 1.0952394 1.13232911 1.58691061 0.929908156 1.85263765
    1.77239335 1.43432415 1.80219162 1.76946187 2.02597213 1.34919012
    1.36369348 1.58854365 1.86118555 1.58502269 1.22641659 1.05490518
    1.46535802 1.14008164 1.76287496 1.57401073 1.23984611 1.09876657
    1.44957304 1.13701928 0.887996614 1.25568128 1.81252241 1.50084221
    1.25038958 1.44341123 1.68856847 1.94514871 1.73523974 1.91604733
    1.16594315 1.17892981 1.23956931 1.76076841 1.17519784 1.09385598
    1.73713672 1.58375287 1.02898514 1.14763331 1.46485233 1.64529431
    0.904787838 1.1910367 1.38646376 1.34764063 1.72272778 1.3655169
    1.28577507 1.23901963 1.75446951 1.97938049 1.43461716 1.93115008
    1.47923493 1.32019722 1.73460877 1.8333813 1.44231331 1.07953072
    1.75559485 1.7238735 1.63549352 1.90343499 1.73955131 1.57272577
    1.20518339 1.34811974 1.37591827 1.04123867 1.15495384 1.242414
    1.40308654 1.36184728 1.63119853 1.07076275 1.0097369 1.05174899
    0.813385248 1.30945432 0.954193592 1.30620325 1.15090525 1.59167767
    1.12016201 1.67205691 1.87095487 1.18534338 1.83542788 1.17700922
    1.30664802 1.08274448 1.71921182 1.88770258 1.22906017 1.61795759
    1.21271658 1.75715268 1.8218627 1.11529446 1.43913794 1.30350447
    1.09422374 1.59226608 1.53574538 1.80290115 1.38676214 1.75520885
    1.54991519 1.7775234 1.10573268 1.81898308 1.57401538 0.960534036
    1.01218677 1.58424461 1.4017632 1.13487434 1.95829618 1.65527475
    0.99445039 1.22542739 1.325369 1.43266928 1.0414865 1.28487885
    0.941821218 1.31978762 1.28099585 1.0738591 1.56889307 1.12529314
    1.18803859 1.76798654 1.14179957 1.48563015 1.86909735 1.66960442
    1.36740184 1.6409694 1.56550729 0.995340109 1.66977823 1.25009167
    1.56361008 1.61040998 1.9632715 0.984881759 1.28246057 1.0301193
    1.52936935 1.39831281 1.78929472 1.99346268 1.73040915 2.02385426
    1.47538519 1.16328847 1.73981154 1.56437814 1.11758137 1.49069548
    1.29049492 1.84667897 1.23359656 0.993082404 1.25138056 1.38544309
    1.33447981 1.06923175 1.80270219 1.0820483 0.960508347 0.968214929
    1.16456985 1.69129705 0.825327635 0.936168551 1.82477844 1.2669276
    1.41060364 1.7995609 1.43324101 1.18957138 1.0743767 1.8741399
    1.90690506 1.90513682 1.39208126 1.61659479 1.46649444 1.85750806
    1.94066644 1.36185288 1.34499288 1.32940269 1.91104782 1.24319005
    1.03704381 1.90152502 1.65018117 1.76110625 1.01433969 1.18810213
    1.52740443 1.29547739 1.00095677 1.0714885 1.10788536 1.37002885
    1.41137743 1.78755069 0.929162681 1.78930855 1.19005907 1.38964641
    1.30223012 1.52454686 1.90359271 0.966200531 1.45598686 1.76363826
    1.58188224 0.975189686 0.909486949 1.59026766 1.01288497 1.51921892
    1.78050566 1.73739636 2.06606054 2.01650238 1.78037596 1.47082901
    1.29451787 1.95023644 1.33249414 1.67455614 1.36307943 1.15090072
    1.42455924 1.50478446 1.43297923 1.78738368 1.31005239 1.61490703
    1.36578417 1.65845454 1.27645707 1.25125849 0.916483581 0.89398241
    1.22986996 1.40849602 1.8483063 1.23462641 1.07319796 1.23408461
    1.73012269 1.55316496 1.34798241 1.80753529 1.55705357 1.49195743
    1.44012237 1.57450283 0.934127808 1.03521037 1.8805629 1.93469095
    1.92462206 1.45972347 0.990169883 1.25818527 1.3150835 0.874401331
    1.44503725 1.63243783 1.1895467 1.14821768 1.72394943 1.45328951
    1.6487155 1.78011835 1.0271194 1.63951433 1.19414783 1.78448486
    1.36414671 1.70310366 1.13268805 1.21474326 1.62430012 1.76437926
    1.29841113 1.33790088 1.64840651 1.10835779 0.985961974 1.39291131
    1.43220222 1.65313506 1.61226773 1.51851392 1.90296459 1.73437989
    1.32257545 1.08534718 1.46605647 1.85725319 1.56510162 1.22723091
    1.29490304 1.28447855 1.5901947 1.80547976 1.87969339 1.91122115
    1.6470015 1.64398456 1.32339299 1.03247929 1.76418149 1.12822926
    1.73705888 1.60010087 1.41642022 1.47652113 0.869560957 0.84669143
    1.00193906 0.760933876 1.30157924 0.742303431 0.835591078 1.69493186
    1.33989131 1.33843684 1.33495879 1.35494947 1.75060749 1.1042937
    1.57765615 1.16729558 1.79351974 1.69347382 0.936004758 1.08043122
    1.74694932 1.71509504 1.31016564 1.1609987 1.4938246 1.57204235
    1.09545863 1.85130119 1.01689732 1.21857524 1.45000243 1.91863394
    1.78445196 1.72401369 2.03093529 1.60068631 1.41309178 1.73016989
    1.19282651 1.49037516 1.79275393 1.65904832 1.36700141 1.45023203
    1.80704713 1.78755546 1.7206291 1.08171415 1.58524382 1.10835552
    1.07366121 1.1325314 1.58665931 1.35964787 1.0051012 1.80010533
    1.45044863 1.78649318 1.89106143 1.20813084 1.87745404 1.46354151
    1.35381234 1.44645882 0.940951288 1.30557263 1.27501273 1.68803906
    1.68709087 1.69780672 1.57124484 0.972254694 0.980304837 1.7446748
    1.17693329 1.56013381 1.30599916 1.44027674 1.88499331 1.49653077
    1.73081255 1.8975693 1.70548928 1.53780985 1.40728807 1.83363748
    1.29723155 1.15811861 1.30378473 1.55459154 1.01455545 1.31468129
    1.00326872 1.7063092 1.77343845 1.09658957 1.90684998 1.94717276
    1.52731061 1.3050617 0.882303655 1.32281089 1.02170122 1.18675923
    1.34531772 0.85124284 1.83627284 1.21218824 1.84274423 1.58242071
    1.81024528 1.29921007 1.1186738 1.53234231 1.59603322 1.72813606
    1.4132812 1.68287277 1.82099128 1.54231727 1.52782226 1.92064774
    1.14201486 1.02094483 1.68132448 1.24431229 1.1755985 1.28727937
    1.26688755 1.13571525 1.88871944 1.38399291 1.84269619 0.970522165
    1.51969063 1.79392874 1.55477083 1.65239584 1.77776396 1.85999227
    1.4135673 1.15626824 1.46145284 1.2683568 1.48102474 1.34763491
    1.77990353 1.78733385 1.23721075 1.15248632 1.27657163 1.16071844
    1.04860127 1.55453813 1.31836379 1.73137748 1.73559761 1.95351791
    2.02087593 1.58729053 1.09382832 1.4490999 1.97951818 1.02500141
    1.1815691 1.21383774 1.29376078 1.61286497 0.879959822 1.42160046
    1.23670387 1.07701552 0.95020324 1.40379775 1.04899275 1.16022849
    1.80537069 1.6184808 1.67234147 1.26535487 1.04905331 0.98080796
    1.34365392 1.60521793 1.3349154 1.5525049 1.0881803 1.37903786
    1.79352653 1.4725287 1.02407086 1.55977547 1.61506546 1.72828138
    1.46465242 1.88001657 1.54761887 1.63247716 1.50634825 1.124704
    1.81935287 1.4547199 1.05083597 1.32252216 1.03377604 0.877865434
    1.04358399 0.910882235 0.942546904 1.69871199 1.06690919 1.46918261
    1.22422421 0.997411311 1.83493209 0.967309058 1.67796969 1.37885797
    1.5955739 1.72467268 1.41707242 1.32014537 1.32008433 1.0898087
    1.65438426 1.8715502 1.25595582 1.11652923 1.02430713 0.931453824
    1.89014566 1.89692295 1.93157673 1.00542557 1.5418247 1.62096882
    1.7865473 1.26818645 0.998843133 1.17920876 1.53499472 1.36577284
    1.71850407 1.95591712 1.42784739 1.40356851 1.69764245 1.01337874
    1.02625644 1.73225582 1.0304302 1.1540401 1.51647997 1.38554585
    1.21052885 1.08347154 0.978707671 1.50296402 1.01989698 1.31106365
    0.789518952 1.60136068 1.45278072 1.30878258 1.06201291 1.40894008
    1.45707619 1.16272736 0.984284341 1.34322679 1.43771172 1.7072618
    1.61013389 1.84472871 0.946001768 1.14232421 1.88387978 1.60236573
    1.6066457 1.64148474 1.04336274 1.28097343 1.5779773 1.56894732
    1.68409812 1.15573847 1.53728092 2.03722119 1.98658514 1.84733999
    1.93415213 2.0410769 1.48233712 1.42644787 1.79102445 0.982668757
    1.87520432 1.52024007 1.17665327 1.43921244 1.97322237 1.44971132
    1.29403722 1.33791542 1.37873375 1.94462156 1.75541222 1.31521451
    0.977569401 1.03578973 1.85295463 1.12998629 1.5163759 1.94705892
    1.5087105 1.7495923 1.17796099 1.19801283 1.83061242 0.985093296
    1.03649795 0.897947371 1.06851184 1.88492751 1.1727109 1.23697627
    1.91571307 0.990348339 1.02049065 1.70477188 1.29092014 1.5246973
    1.84372342 1.54950953 1.11916816 1.84914315 1.96479511 1.39222062
    1.85709667 1.49610543 2.03713059 1.46220648 1.93700027 1.87755978
    1.67435503 1.73229563 1.63159549 1.31929994 1.0633496 1.22222686
    1.79819643 1.23369837 1.98876894 1.63116789 1.52200866 1.61234212
    1.69377828 0.92946285 1.45887423 0.844226837 0.91538012 1.41433966
    1.17511332 1.26181674 1.48985207 1.69014323 1.10164797 1.44064653
    1.14161718 1.13830256 1.34256983 1.07812393 1.33682346 1.73476207
    1.63609445 1.82782066 1.85611081 1.70130992 1.31507671 1.11058676
    1.68403006 1.72850215 1.42356741 1.57814145 1.76242387 1.68218637
    1.02350783 0.978333533 1.2414726 1.88583755 1.5108031 1.19659436
    1.71945834 1.65308559 0.999677777 1.30492258 1.53258455 1.09610772
    1.91487432 1.89404535 1.69539177 1.13124108 1.57369804 1.0599649
    1.46844673 0.954126596 1.56772923 1.07181191 1.41586459 0.999474049
    1.18852174 1.04442871 1.78758442 1.66801596 1.49726689 1.63011241
    1.97913611 1.60820591 1.03433096 1.84470916 1.07022405 1.43725145
    1.36712313 1.0355618 1.20774627 0.978531599 1.50575566 1.75233817
    1.85618854 0.902830601 1.5770601 1.01558673 1.22154486 0.89389956
    1.41937137 1.20362186 1.71298587 1.57582879 1.76022422 1.84941447
    1.86894035 1.8518424 1.49115086 1.4409194 1.2045269 1.24806285
    1.63845158 1.7174592 1.45081794 1.21403766 1.0158757 0.995533049
    1.37817395 1.30690658 1.78465676 1.13993847 1.82472765 1.46187556
    1.4126277 1.62467515 1.35129344 0.975932121 1.57413208 1.79561234
    1.26912963 1.1659075 1.24505901 1.42076552 1.69941735 0.965429425
    0.92842263 1.65021849 1.4670105 1.58614206 1.59670389 1.9459213
    1.49611282 1.79285324 1.42188358 1.12123168 1.02314353 1.74489737
    1.73149157 1.15588987 0.975665212 1.13984156 0.943221629 1.07553566
    1.34139824 1.14079595 1.61089349 1.9409579 1.36608791 1.64751136
    1.90073574 1.53989005 1.26129031 1.26270628 1.53180432 1.77745283
    2.01520944 2.02293158 1.71963072 1.32857418 1.60461318 1.23599708
    1.6266706 1.07719743 1.83708858 1.12425315 0.938178658 1.3970834
    1.04604757 0.748993397 0.938615739 0.920139611 1.03342056 1.56684065
    0.916721523 1.17594385 1.3579067 1.26369095 1.28242981 1.69313943
    1.59382498 1.75723183 1.45754349 1.42448175 1.62792969 1.17727613
    1.38267279 1.00478172 1.57311225 1.72045529 1.35617268 1.38303697
    1.64555681 1.21826875 1.11499405 1.29260957 1.40583503 1.99432039
    1.93051434 1.48608959 1.20861518 1.30693579 1.51226807 2.07510805
    1.63650024 1.95095515 1.80410218 1.17789304 1.49439347 1.77749228
    1.78407001 1.87712657 1.26632977 1.7407974 1.56963658 1.99520802
    1.34380615 1.1660713 1.40878725 1.21086955 1.37992918 1.33762503
    1.01623213 1.9618243 1.40033114 1.22504008 1.92592967 1.18899477
    1.88164711 1.05179167 1.03081846 1.28213894 1.73621964 1.38724875
    1.63301325 1.565516 1.71782267 1.37649858 1.22751999 1.71191013
    1.77371287 1.26479828 1.19602132 1.53117132 1.30956328 1.51357114
    1.29466689 1.98117077 1.41459548 1.21536589 1.65457964 2.01208496
    1.1753459 1.57132828 1.38820362 1.72609866 1.88796735 1.69550908
    1.68833292 1.38040781 1.56857514 1.92810893 1.51567149 1.58780336
    1.58571351 1.57723999 1.63291383 1.26359212 1.08958781 1.60030091
    1.58360708 1.53017366 0.846692741 1.37286568 1.86864424 0.994794011
    1.10200989 1.50129938 1.12841177 1.52512133 1.5831461 1.80489314
    1.08812749 1.82217848 1.68440831 1.47388005 1.49828243 1.50253165
    1.12769353 1.66187394 1.97970688 1.20190072 1.92817652 1.57740116
    1.7212317 1.60954428 1.77635348 1.07805836 1.16457653 1.21561468
    1.90342414 1.46922219 1.0902853 1.40396941 1.44808006 1.13979506
    1.07931399 1.33986247 0.967499197 1.95168495 1.47811627 1.38299012
    1.22027981 1.95285499 1.09401405 1.26353073 1.42009997 1.43584466
    1.12533665 1.5494138 1.08888161 1.15277255 1.17142546 1.0798316
    1.66145682 1.30076146 1.64006412 1.74577415 1.76517045 1.82428133
    1.3860395 1.90336359 1.03086746 1.19090569 0.973959684 1.01597893
    0.87630415 0.87902087 1.38630116 1.00446451 1.15990722 1.10823607
    1.09290648 1.64225292 1.01397812 1.78095698 1.41079855 1.05914772
    1.3511579 1.16147256 1.58796394 1.73265874 1.98381603 1.63076389
    1.5187304 1.36624682 0.933528841 1.61492097 1.31169808 1.24434602
    1.00762832 1.31485081 1.64403987 0.95390898 1.21573508 1.52966321
    1.09469962 1.3423084 1.89809084 1.57934308 1.89330423 1.39703083
    1.02023661 1.28296626 0.970002472 0.96486187 1.8350414 1.79343402
    1.88455856 1.25329971 1.34475195 1.78052962 1.88293672 1.13570607
    1.36727262 1.55790675 1.31017256 1.48850417 1.67608094 1.87721479
    1.01864886 1.14081144 1.13730729 1.69587469 1.93712211 1.4290334
    1.78168118 1.0860076 1.11739278 1.78451717 1.20832336 1.23420608
    1.5487411 1.52389371 1.03099239 1.20361304 1.27196848 1.46957231
    1.86166382 1.46145976 1.27732623 1.95593202 1.90168726 2.00304222
    1.36438191 1.62010562 0.994097412 1.91357601 1.22328472 1.30630016
    1.87119913 1.79567587 1.36463451 1.13032961 1.04456329 1.07377338
    1.45429027 1.20049798 1.26091981 1.3335855 1.12567949 1.81979775
    1.5209384 1.35262811 1.30519867 1.58259058 1.43411446 1.71697569
    1.86574483 1.86099696 1.15104961 1.66299784 1.2347455 1.5669769
    1.06326795 1.07798076 1.1962353 1.92013073 1.960621 1.45052958
    1.24934447 1.37995768 1.46617651 1.97534597 1.73426092 1.41491795
    2.0242846 1.9167006 1.93180406 1.09889126 2.00504899 1.17481768
    0.99473387 1.3924073 0.986937761 1.21654177 1.24996483 1.83314705
    1.69834447 1.34194624 1.98457885 2.06754422 1.87307203 1.21883512
    1.89025629 1.75320375 1.86961102 1.6051724 1.85262632 1.43775952
    1.57084692 1.86506724 1.24960005 1.4323597 0.995195806 1.86273134
    1.66096389 1.73550749 1.06507111 1.16208231 1.42337203 0.910680115
    1.55368912 1.25363684 1.21653831 1.68283153 1.67254698 1.3596642
    1.73154521 1.0367105 1.41283846 1.10153973 1.49506426 1.49282098
    1.47619128 1.38111496 1.90837371 1.29453313 2.02397418 1.24126434
    2.05153108 1.89128482 1.69786489 1.84750164 1.15998018 1.67225718
    1.3552537 1.15419602 1.20804632 1.2586478 1.15548062 1.91288817
    1.41541779 1.58877158 1.77558947 1.55714715 1.06702161 1.65951276
    0.88422507 1.67960072 0.890202463 1.69288707 1.57514679 1.65635741
    1.25500178 1.62293863 1.30190468 1.83263993 1.89154482 1.97720408
    1.87410796 1.35995221 1.29786158 1.54068899 1.78415322 1.2143712
    1.50858819 1.56821382 1.24544609 1.30101395 1.85894704 1.92546678
    1.89169943 1.37821972 1.37695849 1.36259604 1.47651851 1.91219509
    1.02625966 1.64682722 0.954439759 1.80653942 0.981823027 1.38784504
    1.04215527 1.83512473 1.88724184 1.92986631 1.29063308 1.21175396
    1.4167484 1.56369388 1.54676068 0.923458278 1.52755535 1.0509243
    1.13942468 1.56315017 1.17506552 1.77621174 1.7960484 1.22980571
    1.16888237 1.26999354 1.00162792 1.85702074 1.10567248 1.16844273
    1.90591383 0.989093304 1.69584095 1.29560971 1.42280447 1.64244938
    1.53875625 1.39111269 0.987173259 1.19940042 1.45476282 1.54348135
    1.07448792 1.4958024 1.28677022 1.46924794 1.52383363 1.6009928
    1.52280474 1.12778866 1.27456558 1.33240366 1.30134284 1.45365822
    1.43185759 1.17093408 1.85443687 1.19366968 1.81742013 1.65190828
    1.82304871 1.53128088 1.92940736 1.41839612 1.76949263 1.2431854
    1.91789365 1.758479 1.7368331 1.78904521 1.39546907 1.06913245
    1.77761114 1.27918947 1.69355094 1.84578562 1.03556561 1.31808269
    1.27526689 1.12677073 1.13337898 1.20765209 1.03188133 1.35005283
    1.74333978 1.6482482 1.06040645 0.952014625 1.13328195 1.48522651
    1.91575134 1.70355546 1.78962469 1.59771502 1.55263412 1.94217181
    1.01949739 0.997021973 1.50048435 1.19660842 1.573699 1.62139404
    1.94788849 1.17008817 1.80454218 1.38744092 1.85970187 1.47434664
    1.61849582 1.4180299 1.95613527 1.50693989 1.15248001 1.10266829
    1.96429884 1.34220409 1.718027 1.28373325 1.39092338 1.53246415
    1.49565947 1.65573287 1.33999276 1.53347945 0.6699422 1.44579983
    1.24388278 1.25588834 0.861739993 1.69211745 1.61693311 1.05377007
    1.38111985 1.33119512 1.47681379 1.79192317 1.92408442 1.77397346
    1.2980392 1.21083593 1.12198412 1.148224 1.44126356 1.43872797
    1.41174531 1.22887826 1.92487967 1.48146248 1.64428437 1.48640144
    1.00872004 1.6774863 1.38896 1.43014324 1.6522764 1.66657317
    1.68990886 2.05823684 1.77474749 1.7453928 1.9199419 0.972901821
    1.27998078 1.35534906 1.07477701 1.52033389 1.34100902 1.7761091
    1.60161602 2.07038069 1.38898146 1.55778408 2.02588534 2.02411175
    1.76936901 1.41122568 1.33580375 1.53042042 1.58858371 1.90315425
    1.60630989 1.63052225 1.16243422 1.54808223 1.02398109 1.30974758
    1.66454601 1.58209467 1.5713222 0.991776764 1.05410945 0.959409237
    1.03518534 0.936188817 1.13093817 1.42134619 1.70726621 1.05007041
    1.58739674 1.5438422 1.7692281 1.35511088 1.72687435 1.52468109
    1.07857299 1.4060955 1.76075017 1.49467909 1.27686024 1.93914175
    1.54493177 1.4688015 1.88812613 1.42031538 1.36612034 1.56798577
    1.95210373 1.37048984 1.20548689 1.22627616 1.24709475 1.8785603
    1.65584791 1.20722663 1.7210623 1.04130876 1.11558533 1.28660071
    1.72797072 1.21565545 1.2221601 1.40012336 1.07020497 1.25532508
    1.90070772 1.06530643 0.982739449 1.0078789 1.09943795 1.62401509
    1.1198169 1.13870668 1.31359255 1.33527517 1.98561656 1.07312429
    1.61200786 2.04671836 1.39411926 1.39930093 1.66206288 0.997707307
    1.76047981 1.65520215 1.02942717 1.50362706 1.43421566 1.14420164
    1.90987194 1.18865752 1.22170639 1.43496943 1.23765373 1.28675067
    1.30094683 1.57534802 1.38588679 1.18812025 1.92673004 1.09339201
    1.60747612 1.40685272 1.59983802 1.75443864 1.64530861 1.60081077
    1.74805915 0.929049611 1.1756717 1.35904562 1.52744734 1.92138839
    1.80646682 1.48441505 1.28058422 0.960231006 1.16962779 1.55316114
    1.76293707 1.15633106 1.63933492 1.79563677 1.11439645 1.04123771
    1.9504236 1.84594321 1.56992614 1.22648489 1.29203916 1.07244313
    1.43983197 1.58066952 1.12358165 1.70106673 1.88644516 1.55814564
    1.71526444 1.04735041 1.11723423 0.973985136 1.52710605 1.06348777
    1.05717707 1.49990559 1.19194698 1.28254855 1.65207744 1.62037551
    1.06142569 1.01459861 1.50165069 1.3748976 1.06997299 1.21710229
    1.58215559 1.8434025 1.78392959 1.9589566 1.63609934 1.06222987
    1.52224457 1.83882082 1.88117957 1.39319301 1.47254241 1.20289111
    1.50863504 1.73171663 1.34525561 1.21103323 0.976520538 1.19017291
    1.39977002 1.62469614 1.42807853 1.22839999 1.60105777 1.61102045
    1.33779824 1.66729581 1.77713668 1.90616989 0.97413826 1.0666573
    1.21880293 1.59370911 1.6237334 1.16216183 1.09150505 1.3788836
    1.59453607 1.76850259 1.3286134 1.81373787 1.51733232 1.22069454
    1.44428945 1.44919002 1.69590378 1.08708823 1.2548821 1.57457626
    1.24650097 1.29874599 1.79864097 1.83539772 1.24331772 1.262586
    1.43466735 0.753255963 1.33340228 0.650261521 0.660303533 1.03076625
    1.39030457 1.91679537 1.75105333 1.60529041 1.79833961 1.43697047
    1.55075741 1.45890713 1.78075433 1.23253345 1.71491861 1.33721983
    1.10110223 1.27037907 1.15823138 0.980645061 1.0520848 1.76704729
    1.20590508 1.40690398 1.71431088 1.65319252 1.20304346 1.64023042
    0.992449045 1.69181609 1.50341129 1.9073838 1.13071382 1.51929927
    1.23190141 1.60977423 1.83976448 1.77751017 0.992869616 1.73966396
    1.45098937 1.16813171 1.85099757 1.34683108 1.73803413 1.41287708
    1.59063649 1.86924279 1.86763763 1.64059329 1.65873206 1.83986318
    1.87017941 1.93958664 1.2922008 1.46305394 1.42616498 1.19214165
    1.79581165 1.00302982 1.71501136 1.92581832 1.44456065 1.18026662
    1.84208047 1.68727171 1.72947049 1.0153861 1.0500195 0.88885498
    1.12941003 1.67462111 1.89099383 1.86117136 1.16993868 1.43798673
    0.951364517 0.96267283 1.34518337 1.63524163 1.96136749 1.40731573
    1.96837211 1.90385604 1.87673187 1.05283272 1.83000457 1.17000878
    1.33103538 1.76515567 1.66976082 1.02567708 1.36185932 1.38302338
    1.81206095 1.49751699 1.43355513 1.69796634 1.61104739 1.83944786
    1.46018767 1.39016187 1.73777473 1.52721953 1.36627245 1.61870098
    1.35579848 1.74299717 1.08338404 1.6479404 1.54796374 1.05101919
    1.2595216 1.72335112 1.43784666 1.94696736 1.88578236 1.76670587
    1.41355467 1.58860242 1.09702015 1.97283852 1.84713078 1.76411057
    1.4677794 1.02868092 1.3708483 1.09552097 1.03076565 1.58225632
    1.93445778 1.13734579 1.82934284 0.983984113 1.25601172 1.98034346
    1.81463194 1.09653568 1.34568691 1.79422164 1.24970758 2.0037241
    1.61380374 1.41838098 1.77721393 1.33378267 1.43588316 1.35864794
    1.86235154 1.6043334 1.60388064 1.24467337 0.917424202 1.6639117
    1.64124846 1.3338151 1.08306921 1.85889828 1.29127586 1.55520082
    1.04017425 1.23585474 1.83487713 1.79902852 1.77507436 1.3651427
    1.63100207 1.36078227 1.99057174 1.45671403 1.28580368 2.01278377
    1.90440261 1.02066326 1.95036519 1.09036458 1.90283406 1.48437786
    1.51746726 0.916996598 1.84184444 1.62049532 1.65621579 1.52963173
    1.28528607 1.58456576 1.23166418 1.58607137 1.66278207 0.95901686
    1.32163703 1.48668599 1.861871 1.23428607 1.78599036 1.33546412
    1.38346887 1.37603617 1.62426627 1.91404164 1.90390742 1.94474792
    1.75437629 1.49318004 1.23984039 1.83301556 0.998798549 1.05284715
    1.81687784 1.93129957 1.48721743 1.82051277 1.55846453 1.22522521
    1.58624709 1.56465328 1.28304303 1.54006898 1.88453007 1.38975322
    1.79767573 1.52849162 1.4020946 2.01053524 1.37506986 1.66582298
    1.95661569 1.96246171 1.05864382 1.70340168 1.87520289 1.47286856
    1.16566598 1.60468316 1.79616749 1.79457474 1.40700293 1.97970462
    1.00443101 1.57729757 1.96145999 1.4394722 2.00755954 1.63210869
    1.21599877 1.69795716 1.43997264 1.11906505 1.45901334 1.63346851
    1.50600553 1.84692836 1.18759918 0.847211242 1.7836169 1.00786662
    0.720260978 1.34120607 0.898694992 1.13391805 1.14564335 1.94501865
    1.96420312 1.96547592 1.17653573 1.5609889 1.76957262 1.75971758
    1.38616908 1.18317354 1.33166468 1.30242932 1.5354594 1.75434339
    1.18870497 1.10450375 1.91557193 1.62399721 0.953520119 1.89419758
    1.24082637 1.74009037 1.82538009 1.34297752 1.1977787 1.01613498
    1.32989287 1.05751264 1.61973011 1.81989622 1.68974602 1.87471569
    1.13980997 0.987338305 1.77222979 1.58382869 1.3018713 1.43724608
    1.05509579 1.41188693 1.8380065 2.09748435 1.62172091 2.12402749
    2.09585261 1.93588734 1.15300751 1.77729499 2.00556278 1.95935404
    1.06519186 1.87254381 1.0071336 1.60053635 1.88550663 1.35941362
    1.41712928 1.70081043 1.28268981 1.61573565 1.27296019 1.1664412
    1.77447236 1.87476301 1.07500553 1.21105528 1.06490135 1.35874391
    1.51812553 1.21975994 1.43384194 1.22461629 1.03446484 1.22799861
    1.24176264 1.71075344 1.96961105 1.15188909 1.30248821 1.00883389
    1.82023978 1.28491175 1.54093337 1.57756341 1.28240788 1.79919219
    1.48540497 1.16220069 1.67462575 1.04222882 1.80132818 1.58762205
    1.49997032 1.66755009 1.59006512 1.77175355 1.15264285 1.0282501
    1.4336561 1.05242503 1.11718214 1.55436587 1.20911169 1.68959451
    1.41179132 1.72570884 1.22753286 1.49758279 1.93377829 1.60306799
    1.86416161 1.64264059 1.6358099 1.46675301 1.89112926 1.13082814
    1.18054104 1.85519922 1.27869403 1.97929668 1.94645286 1.76395249
    1.82699168 1.11581802 0.964496076 1.32849979 1.32285583 1.82756829
    1.58643234 1.76600826 1.36307442 1.98562527 1.85187316 1.63753116
    1.77132177 1.39147782 1.29004633 1.93377125 1.02823281 1.86824882
    1.2503823 0.963308394 1.23670077 1.74613237 1.18002534 1.77831256
    0.900388956 1.11383867 0.880250216 1.53542972 0.92727375 1.01042926
    1.81842506 1.13774264 1.1433059 1.15942049 1.42889249 0.983510673
    1.86587131 1.69303656 1.63492894 1.82723331 1.67209077 1.15705824
    1.80326045 1.95242655 1.48272884 1.90307426 2.01015496 1.84814608
    1.27647603 1.12837446 1.16965735 0.982938766 1.10142899 0.922024846
    1.15833223 1.27560246 1.47144163 1.544837 1.54858458 1.38036954
    1.2451669 1.52202511 1.22274387 1.58933902 1.33885264 1.54581499
    1.31951153 1.61025584 1.38768959 1.60664487 0.977609158 1.67569232
    1.78478849 2.04777884 1.91392565 1.88610613 1.32920063 1.32309413
    1.40521133 1.05733287 1.41022849 1.20680046 1.8105284 1.17940629
    1.13155532 1.97893357 1.71534872 1.73888767 1.64492381 1.08587492
    1.78475523 0.993973851 1.22563314 1.2784065 1.54193532 1.41613293
    1.35975087 1.94402111 1.43120623 1.89740276 1.55018258 1.75363922
    1.51501858 1.87078369 1.88693857 1.52942693 1.31276584 1.15333128
    1.60895681 1.79608214 1.3829118 1.50247812 1.3642168 1.1764046
    1.80472851 1.1397934 1.32391512 1.5017606 1.31775212 1.92588353
    1.96468008 1.66567647 1.23503888 1.47736168 1.07880485 1.15626299
    1.00403917 1.61810434 1.12034285 1.19835603 1.09102094 0.951333225
    1.35216045 1.50585914 1.27820528 1.02985501 1.77573884 1.7878269
    1.86694133 1.32466519 1.95279574 1.50428021 1.04488945 1.5436722
    0.92744869 1.20336676 1.43323183 1.21453452 1.77696741 1.77443099
    1.38245928 1.32690787 1.42002451 1.69113624 1.40869832 0.99233067
    1.07206595 1.29861867 1.19113982 1.38479888 1.08599114 1.76394486
    1.86795759 1.98009241 1.20724511 1.7090987 1.7559675 1.59792113
    0.985591292 1.73592877 1.32435799 1.57065535 1.21324468 1.10874104
    1.86127996 1.76358664 1.18941557 2.12815499 2.04048848 1.74464858
    1.40446985 1.81551456 1.6992166 1.20221257 1.87262547 1.05499601
    1.61338329 1.40887678 1.23759782 1.83850062 1.11291802 1.57634747
    1.83207643 1.60750675 1.79524708 1.4926759 1.15061831 1.31162632
    1.38783741 1.73742878 1.065346 1.75120437 1.40575302 1.20472443
    1.24050915 1.31187415 0.926413357 1.40697503 1.73611009 1.58344662
    1.64741313 1.72954345 1.78414345 1.14776087 1.13358974 1.57833898
    1.26141357 1.31147933 1.46733892 1.66377664 1.57560897 1.98775315
    1.61270809 1.55551064 1.97009146 1.64243197 1.27274084 1.30012476
    1.93128121 1.04832184 1.70494676 1.32806396 1.31477022 1.05066741
    1.88330138 1.03886092 1.78503859 0.953024685 1.58541942 1.68372154
    1.43980002 1.06346226 1.77553916 1.79405057 1.92170668 1.40157211
    1.54878962 1.71511185 1.83237684 1.65787101 1.44790852 1.90439534
    1.90998638 2.02411675 1.69653356 1.93771875 1.58517003 1.85195291
    1.36349845 1.61786056 1.51294637 1.46314943 1.26856887 1.96419525
    1.65838683 1.72431529 1.58558512 1.67881346 1.95038795 1.39488435
    1.91241682 1.59809542 1.44995606 1.92401147 1.68516922 1.79901862
    1.42383504 0.940068722 1.74080443 0.898444593 1.28423452 1.62051165
    1.17409396 1.36404061 0.920480311 1.3785181 1.26445913 1.00883055
    1.27801204 1.57824063 1.80315733 1.6718303 1.25445569 1.45409894
    1.7379061 1.36377096 2.04360223 1.13581157 1.92651033 1.68647254
    1.15696216 1.51884031 1.89335835 1.2359761 1.53014243 2.0004456
    1.91562891 1.69900846 1.34826088 0.871095955 0.856385946 1.02113175
    0.909462452 1.12915826 1.78724647 1.63642037 1.27885389 1.2171154
    1.56549549 0.99031347 1.15390253 0.926424384 1.51443255 1.47454119
    1.26310778 0.974319935 1.38269424 1.33325589 1.13681424 1.62063432
    1.43401158 1.6475302 1.50559318 1.1564486 1.75287056 1.48712933
    1.03830409 1.44862461 1.35961795 1.1016469 1.95476782 1.26124775
    1.19096315 1.92866516 1.85042405 1.80616128 1.85117269 1.75132859
    1.37181306 1.14984357 1.16679788 1.80735695 1.05807626 1.68168104
    1.04619467 1.23753309 1.50784361 1.95183384 1.04981613 1.10551119
    1.73093665 1.51205635 0.981455684 1.23597872 1.17665517 1.8110956
    1.53850424 1.52143145 1.16134167 1.66961062 1.21939147 1.90841699
    1.53184783 1.59980381 1.55937159 1.91647387 1.80589843 1.50555241
    1.51937187 0.976861835 1.43364823 1.45310831 0.908430994 1.12684345
    0.954559684 0.887111783 0.983853161 1.25755894 1.25240791 1.72588658
    1.55199051 1.86901021 1.62786877 1.36412382 1.88041878 2.03257132
    1.59161294 1.77489424 1.29310775 1.88559294 1.07546163 1.29999661
    1.03483868 1.82285166 1.63095176 1.52764344 1.19638407 1.26303267
    1.24744749 1.21320128 1.53448451 1.46736658 1.02185225 1.01897621
    1.49174619 1.65439427 1.58125997 1.85269189 1.38466513 1.7353704
    1.74511933 1.60519791 1.00825596 0.981560409 0.969012916 1.77383757
    1.12836778 1.03664994 1.4176898 1.82486594 1.78458738 1.83546591
    1.22238362 1.84586585 2.07609868 1.61005008 1.28218389 1.53304303
    1.69638944 1.62932479 1.19630229 1.82223725 1.11337173 1.57305682
    1.63584363 1.36144352 1.74736714 1.60974145 1.5252322 1.59097373
    1.94032967 1.55961061 1.15493894 1.68538737 1.76199353 1.61728454
    1.51802874 1.62034011 1.64746201 1.00102985 1.59120941 0.935952008
    1.26821208 1.2565757 1.30940485 1.84402645 1.47656775 1.48185742
    1.57618606 1.14016807 1.02781141 1.43799925 1.84834087 1.77048922
    1.85723937 1.56228721 1.46115816 1.29764402 1.89561486 1.8096348
    1.94244885 1.61077523 1.19440997 1.33542776 1.69595563 1.0690738
    1.28758216 0.916209042 1.55821121 1.66590655 0.950256228 1.61912835
    1.86451566 1.23284078 1.21848774 1.17357004 1.96356976 1.82861435
    1.54602861 1.55856705 1.37163961 1.31917143 1.74733162 1.25585198
    0.998552322 1.21897709 1.49518812 1.63613462 1.5046196 1.53565931
    1.33912933 1.76876366 1.28445005 1.01572919 1.43367875 1.32345903
    1.76207221 0.955526948 1.32105267 1.69129014 0.997416019 1.59996104
    1.34964192 1.24615109 1.95882356 1.47117126 1.1459775 1.61756909
    1.66957164 1.41913474 1.78541291 1.35489798 1.08358693 1.73964632
    1.27928817 0.919287145 1.16185045 1.03716528 1.29321814 1.75622034
    1.57437253 1.77183115 0.989893973 1.77657986 1.38400221 1.127841
    1.53504491 1.48841453 1.36010027 1.676193 1.44261909 1.21336269
    1.33249223 1.71509433 2.02214694 1.93050396 1.61980331 1.90998149
    1.46154296 1.71432638 1.92639244 1.57296216 1.79890501 1.60064101
    1.77103579 1.49476171 0.93937248 1.01395154 1.10184848 1.22504818
    1.18587387 0.925693512 1.49593318 0.936917961 1.0527457 0.990348935
    1.59901857 1.00796807 1.64625883 1.17335069 1.10268676 1.62130415
    1.60493863 1.88515103 1.98919559 1.84058106 2.07107496 1.93600798
    1.55724502 1.4367857 1.39926982 1.14076006 1.9211967 1.75911844
    1.93718529 1.81094658 1.9310534 1.67072868 1.67469776 1.85857189
    1.30239618 1.75578547 1.09932673 1.75958979 1.48884439 1.70902658
    1.26853251 1.50499856 1.94447362 1.18708503 1.19410896 0.961272717
    1.86790621 1.53094339 1.14096367 1.03842843 1.15928125 1.3050487
    0.909829855 0.862703443 1.25575078 1.58554327 1.64110661 1.07680094
    1.381809 1.42606831 1.01391006 1.8006928 1.44268036 1.77981126
    1.8885957 1.84180665 1.0974257 1.24363244 1.14708543 1.6849252
    1.34034753 1.44958818 0.990852177 1.38798964 1.59941053 1.07260203
    1.53142428 1.51837611 1.35380661 1.40473568 1.00784481 1.82738233
    1.37199247 1.74455857 1.35633051 1.97384429 1.21975553 1.57441604
    1.68469548 1.40273416 0.949203491 1.49582994 0.969135463 1.44220126
    1.74337661 1.50994158 1.63244843 1.0261209 1.41852319 1.37797761
    1.57166386 1.3704915 1.45726347 1.42086458 1.71273041 1.64787245
    1.16821682 1.17724621 1.20840335 1.36358547 1.25310743 1.1180166
    1.76175904 1.48089302 1.52734411 1.10079646 1.72639036 1.78673005
    1.49169242 1.42911315 1.70386326 1.88065565 1.88211977 1.50052989
    1.80982542 1.17012572 1.17165184 2.00370383 2.05092669 1.70556974
    1.54868329 1.40401685 1.9436928 1.42556143 1.47358847 1.0960921
    1.64605796 1.53691471 1.38606858 1.95175517 1.51875377 1.59403217
    1.15956748 1.55575085 1.43903244 1.67476904 1.61150014 1.18016768
    1.27174115 0.907311261 0.874541461 1.16791606 1.80112827 1.04043591
    1.20592046 1.44232595 1.03042281 1.13880146 1.72398043 1.77606583
    1.71957374 0.969518304 1.32301331 1.26056433 1.26020455 1.24933314
    1.63873053 1.0707624 1.02025163 1.76622665 1.66953838 1.07226813
    1.12966001 1.02961361 1.11802649 1.52668691 1.29628587 0.972300231
    0.911638498 1.76864481 1.3934269 1.58951628 1.10855889 1.83234084
    1.30998194 1.89769793 1.09612632 1.221802 1.83882189 1.24855304
    1.46990013 1.15889347 1.4858613 1.7961446 1.16774285 1.13502324
    1.91637218 1.59000349 1.40636754 1.21726239 1.08667016 1.60292768
    1.44141233 1.77725422 1.87716258 1.07074332 1.67385113 1.70331776
    1.47709131 1.33742356 1.74187613 1.29496646 1.90139842 1.42600107
    1.07421517 1.99410546 1.9009465 1.43565631 1.48344254 1.59049201
    1.04038894 1.0557158 1.33779287 1.77722931 0.922534764 1.12081039
    1.54572141 1.27328634 1.21708739 1.71764088 0.932954907 1.16945612
    1.45664668 1.03393984 1.82002664 1.0920012 1.04441655 1.16405916
    1.22860932 1.58685231 1.94128144 1.16076291 1.75232673 1.64494431
    2.05909276 1.49192345 1.75730073 1.26709962 1.98335338 2.00764656
    1.05747342 1.29466963 1.2017231 1.45828891 1.55231416 1.59272051
    0.927392006 1.22897542 1.81835365 1.01787877 1.17598951 0.938918173
    1.80273914 1.66224599 1.32107794 1.62816048 1.44583118 0.904293954
    1.68102944 1.29078066 1.47333145 1.04133046 1.74590361 1.97441566
    1.72102726 1.72905254 1.35560679 1.09893799 1.30380464 1.9398495
    1.76584637 1.02562737 1.68199337 1.08261395 1.75036836 1.38937426
    1.28825927 1.9035517 1.35838568 1.10625958 1.52110171 1.14831185
    1.0028851 1.49398804 1.4345057 1.92129648 1.14799833 1.9228636
    1.69128788 1.25313127 1.12513196 1.58732235 1.22335827 1.23252511
    1.02914345 1.37038195 1.4132601 1.742486 1.50712216 0.960190117
    1.11471617 1.37787175 1.79229844 1.10643053 1.38630164 1.47246325
    1.4348346 1.72739398 1.32947254 1.63832974 1.04332757 1.37215889
    1.55608451 1.69076705 1.56895411 1.70613992 1.35855842 0.996508777
    1.06791496 1.42864799 1.22570097 1.48582995 1.02061462 0.713000894
    1.44060671 1.60282481 0.934325874 1.04127884 1.19816184 1.79781723
    1.90325606 1.24883568 1.22897267 1.4291575 1.84194815 0.998604119
    1.43954802 1.15843976 1.18357086 1.11538339 0.955154836 1.64985311
    1.79349983 1.76480103 1.03084695 1.48320949 1.32163548 1.0466646
    1.67915547 1.36894631 1.41686976 1.07992435 1.86481321 1.49796486
    1.22288227 1.50652874 1.34041572 1.32403839 1.9221468 1.92137098
    1.1500051 1.93896174 1.66134381 1.62650156 1.72732818 1.70708919
    1.699965 1.96611083 1.37083352 1.66818619 1.26396537 2.01794338
    1.06736267 1.32573509 1.57810795 1.84570599 1.81877947 1.72576106
    1.38230681 1.56801713 1.54902041 1.35572863 1.45121729 1.18974793
    1.75722599 1.54119587 1.4486289 1.31743979 1.65998077 1.97000992
    1.24397254 1.36864173 1.65177155 1.51342106 1.78313851 1.30899119
    0.831525683 1.44706726 1.29447174 1.88265884 1.64041293 1.62988472
    1.37714469 1.09613037 1.11498058 1.41483712 1.6530031 1.54859388
    1.03087854 1.50941825 1.20488608 1.24824452 1.23335385 1.88735688
    1.5380168 1.62311804 1.33573413 1.05291212 1.20071423 1.79975784
    1.69935977 1.78502476 1.34180176 0.91903019 1.75988317 1.13983691
    1.25716698 1.01133823 1.60862184 1.26827931 1.79800653 1.78994417
    1.01446474 1.33099782 1.38206196 1.76548421 1.22640061 1.02252316
    1.15166497 1.04902184 1.76946676 1.59993303 1.45757699 1.38824272
    1.64824867 1.20239973 1.4253974 1.30376828 1.69539201 1.53307664
    1.59638846 1.44735634 1.0149529 1.0183152 1.25338483 1.74090898
    1.29400063 1.04810572 1.60629237 1.40201294 1.87940693 1.56806624
    1.74084818 1.16718256 1.09990406 1.26301897 1.5317626 1.19023967
    0.895903826 0.918584466 0.88101697 1.27097178 1.24979639 1.08995426
    1.25444639 1.77543759 1.75283921 1.80565727 1.53471005 0.977744758
    1.25507224 1.8183533 1.76063597 1.05819094 1.86748362 1.00323403
    1.25467169 1.94990385 1.93296778 1.59362769 1.79740238 1.42731714
    1.43634963 1.40774667 1.72339082 1.67559683 1.82699668 1.76067829
    1.90568614 1.64497304 1.73107839 1.13369131 1.21055043 1.51544797
    1.14654374 1.32428622 1.42897928 1.90863979 1.1261977 1.3266753
    1.31697655 1.39263856 1.63311613 1.85296845 1.19643044 1.76968062
    1.1738025 1.83280933 1.77026343 1.66126871 1.84568238 1.87715995
    1.64740694 1.95482421 1.96911299 1.95368886 1.91514778 1.25614071
    1.47720659 1.75353062 1.85943818 1.55819309 1.01652336 1.25872648
    1.24458778 1.23451042 1.42507553 1.2129873 0.935437143 1.82563686
    1.38480222 1.21684277 1.59398472 1.30845392 1.91229045 1.51188207
    1.81807172 1.33743203 1.80967569 1.12914407 0.957587302 1.10112274
    1.07362664 1.03121197 0.927469134 1.00226676 1.16951144 1.43943775
    1.62444627 1.13119638 1.70125997 1.8563298 1.09905827 1.43906415
    1.82724321 1.53431559 1.61271322 1.50600004 1.0901072 1.83739531
    1.58778703 1.28391433 1.37161303 1.51796424 1.67933786 1.86241651
    1.42624366 0.899794281 1.45939267 0.634655237 0.994899511
    0.953356743 1.58197069 1.68347907 1.28610539 1.7811569 1.89537191
    1.57384241 1.34403229 1.30688345 1.20673823 1.32296383 1.18151212
    1.45062399 1.07016444 1.7350961 1.82625592 1.92566013 1.30590558
    1.31233406 1.3368175 1.68383002 2.02487826 1.41969597 1.58080006
    1.9674865 1.1781348 1.8066237 1.94978261 1.12207484 1.46619654
    1.1305939 1.06113732 1.89010334 1.7415092 1.44799519 1.81095874
    1.36621988 1.78065264 1.66067636 1.75150681 1.70239639 1.62802291
    1.90524256 1.16866684 1.7666074 1.90968657 1.54830742 1.82272458
    1.53193402 1.8236804 1.536448 1.93960667 1.15164876 1.44854999
    1.84405744 1.64826095 1.11366582 1.36360645 1.5440172 1.80625081
    1.70978642 1.51077104 1.90955007 1.26004791 1.21369278 1.04618979
    1.4675771 1.13447785 1.00451136 1.48737335 1.03750288 0.962625265
    1.35523021 0.988548875 1.50888908 1.59963977 1.68911767 1.73867178
    1.54312754 1.68410504 0.973029554 1.3100661 1.62157106 1.34687138
    1.16915214 1.48139095 1.71234024 1.63066244 1.8045181 1.53711653
    1.03122163 1.27675629 1.06744838 1.40832651 1.57371402 1.6119529
    1.21797347 1.65917385 1.36558628 1.39658177 1.54314256 1.25960565
    1.80083907 1.05338395 1.40733826 1.3398056 1.94250262 1.80561411
    1.90650082 1.12276042 1.42944551 1.40650737 1.52469552 1.55088282
    1.66078377 1.43769693 1.36742246 1.33361506 1.13253868 1.78633595
    1.79373133 1.47395027 1.94223225 1.93641853 1.90595853 1.40913165
    1.63234413 1.21888351 1.52706826 1.28921115 1.20186532 1.68106544
    1.13908863 1.95150471 1.5614785 1.24235106 1.94624209 1.20314944
    1.7235353 1.44191432 1.60429013 1.79335463 1.42874265 1.18101633
    1.13231921 1.5888046 1.42476749 0.949543476 1.83068001 1.85397041
    1.33151984 1.87569737 1.0809077 1.0833869 1.92981827 1.79037166
    1.88175201 1.65643394 1.27701747 1.516155 1.06013167 1.31686413
    1.22892678 1.13637173 1.47616827 1.77845013 1.58534539 1.72113085
    1.68034792 1.29097128 1.11187327 1.24304652 1.82573724 1.32083476
    1.17716968 1.47474432 1.54346609 1.0550127 1.34117424 1.8387996
    1.30364561 1.83601725 1.69808006 1.81286621 1.31180561 1.37184989
    1.58197033 1.86203241 1.05773592 1.44222176 1.41750669 1.48034
    1.07371843 1.57848001 1.41288805 1.87807441 1.56819105 1.34384942
    1.19841182 0.996236801 1.53655589 1.71484447 1.07358027 1.88736022
    1.11850727 1.81837928 1.14445412 0.953032911 1.13250673 1.197667
    1.27981973 1.62874472 1.06760991 1.56775916 0.973668754 1.69751048
    1.74789226 1.0403173 1.22523797 1.77184665 1.64959526 1.55682087
    1.31422544 0.905528069 1.80613852 1.85942972 1.4914254 0.940175653
    1.10621607 1.76881099 1.38363504 1.22663617 1.47655964 0.983863771
    1.08636439 1.12204671 1.2971648 1.88602591 1.60921776 1.41715097
    1.00248504 1.82663369 0.999215961 1.16347611 1.26725686 1.65280735
    1.28950012 1.87955678 1.57266378 1.31954288 1.74221122 1.74150026
    1.39148712 0.744435132 1.30501533 0.693875909 1.3200438 1.66941345
    1.04892099 0.967865348 1.75489736 1.28148007 1.12573099 1.91351414
    1.00229311 1.07641625 1.46526217 0.973085165 0.907207549 1.09368598
    1.00713003 1.90320301 1.94582796 1.4321605 1.96376455 1.51961637
    1.9788605 2.0057497 2.04909277 2.02882648 1.95281732 1.41720366
    1.12962461 1.44192183 1.76276708 1.08245063 1.65794671 1.72763538
    1.49468553 1.55179739 1.00235713 1.835953 1.05619347 1.18572891
    1.09130323 1.65376437 1.10579371 1.25847352 1.13848746 1.13823891
    1.41456091 0.977192938 1.34952521 1.85657895 1.40972304 1.45811546
    1.55543637 1.56397569 1.36516976 1.19241452 1.37798309 1.951419
    1.98946941 1.63932443 1.67560709 1.53679788 1.18670547 1.80365729
    1.78361344 1.4244113 1.96325409 1.22963762 1.869519 1.59588015
    1.1952126 1.2229327 1.09288096 0.855055153 1.35587573 1.5273
    1.54659891 1.83364618 0.995677054 1.07070279 1.19328725 1.01775753
    1.72997868 1.31878042 1.29645848 1.24743342 1.62940276 1.23993826
    1.42262089 1.477036 1.0772562 1.02734494 1.80692804 1.41461384
    1.39589202 1.08123446 1.85571837 1.03991544 1.77240026 1.08241951
    1.35391605 1.11644864 1.28664315 1.6717608 1.71549761 1.0310986
    1.83861744 1.14313591 1.35036469 1.02903605 0.990319073 1.94513917
    1.24309993 1.03037715 1.15212393 1.74242961 1.20000017 1.68867111
    0.998293519 1.53327012 1.41379166 1.3204571 1.95408547 1.40474379
    1.89480495 1.17295587 1.78661573 1.12661433 1.09748638 1.14858305
    1.0414027 0.994990408 1.73700321 1.00626016 1.92908537 1.11023164
    1.39774239 1.52214932 1.55373323 1.16622412 1.28761184 1.66120195
    1.70296025 1.64037669 1.68984938 1.31908035 1.1681453 1.42683852
    1.55876446 1.81764865 1.63682449 1.76227903 1.84688306 1.29231763
    1.79334283 1.22260511 1.24952602 1.46940792 1.38623261 1.49378347
    1.56041956 1.60043538 1.07154131 1.92265975 1.16244113 1.80568278
    1.91688979 1.19380331 1.83249414 1.6887691 1.0706526 1.7466284
    1.4725399 1.05018497 1.68530798 1.56111252 1.3157258 1.63839543
    1.70225668 1.84335971 1.88643563 1.6282413 1.68432021 1.16728568
    1.66578031 1.86136603 1.04687083 1.59940052 1.14985073 1.00377667
    1.20086384 1.52260208 1.01408124 1.9755944 1.50687265 1.41065979
    1.75449538 1.81918144 1.86223149 1.82338381 1.64957869 1.33324862
    1.12083912 0.888155997 0.882332563 0.987688065 1.70796728 1.35303688
    1.73744714 1.80078351 1.60549569 0.967853069 1.16470885 1.64743459
    1.78672338 1.85687935 1.76042235 1.01339507 1.45432591 1.2262727
    1.67254698 1.19129968 1.59396136 1.30156326 0.975717962 1.33699298
    0.9073295 0.99148035 1.1422472 1.69181049 1.10366189 1.33244145
    1.15970373 1.84032059 1.0384289 0.972644866 1.10514367 1.75501084
    1.4516145 1.11603653 1.40709007 0.991144896 1.94172251 1.62037706
    1.49487996 1.47358119 1.34883606 1.25580025 1.30914891 1.45596373
    1.87717736 1.02075398 1.1019938 1.34788048 1.05325186 1.42976141
    1.25359261 1.51990616 1.0482676 0.998802483 1.35745728 1.84877586
    1.84323525 1.59961021 1.2544415 1.42825747 1.51063895 1.58352399
    1.31859553 1.73832583 1.08001542 1.72849774 1.79845715 1.07532275
    1.06317997 1.51093531 1.94765043 1.86221051 1.52151012 1.57447767
    1.99546432 1.58832169 1.09143317 1.46327507 1.10033381 1.82362199
    1.38980687 1.76862729 1.15141416 1.47092485 1.72763264 1.3398217
    1.00518537 1.34474421 1.56266451 1.44568634 0.926452875 0.936765492
    1.55920315 1.8105514 1.02065217 1.41850579 1.49891651 1.26351106
    1.71773267 1.13565898 1.6415273 1.6545397 1.70821261 1.52246916
    1.92310762 1.51089048 1.91529989 1.01817083 1.91787994 1.58301294
    1.73770082 1.56568229 1.89698613 1.82355082 1.80430424 1.33172071
    1.67520523 1.67175734 1.71121466 1.09778512 1.18343353 1.41601515
    1.05657518 1.76098084 1.72163153 0.982812226 1.60329115 1.88491237
    1.08243906 1.37395096 1.46457624 1.08638835 0.956736565 0.872843385
    1.81902039 1.09971142 1.54640055 1.04146564 1.45524955 1.57934725
    1.01160765 1.79768252 1.21049285 1.42948151 1.35180247 1.28230011
    0.988366365 0.967307925 1.09031987 1.45414698 1.31217337 1.52151227
    1.84088182 1.08461332 1.91361475 1.97527468 1.33702576 1.71106124
    1.51918626 1.21120632 1.17923498 1.49222291 1.57204127 1.35793507
    1.20387745 1.61754215 1.80379701 1.82200122 1.11322355 1.79638815
    1.14716804 1.17878091 1.69942117 1.34635317 1.40960491 1.78305626
    1.94547284 1.30588245 1.31824017 1.41227102 1.44350266 1.58517098
    1.63068891 1.51731086 1.0725174 1.76778257 1.97961223 1.47910702
    1.84233093 1.34471405 1.17832398 1.32706439 1.32931924 0.994518697
    1.7531662 1.60903943 1.74182856 1.96047878 1.15496349 1.80134881
    1.56569648 1.3805145 1.72489417 1.66879141 1.23443389 1.93337727
    1.10022211 1.02994072 1.23676765 1.55965197 1.08194864 1.3588047
    1.13157725 1.4972887 1.08449197 2.02497745 1.47796452 1.97308683
    1.34978342 1.81396902 1.03994405 1.06368673 1.53434765 1.53909981
    1.84955692 1.16045749 1.13040006 1.7062254 1.49581325 1.80311966
    1.42604554 1.76503325 1.94507325 1.87864375 1.21198988 1.57633924
    1.71773648 1.9747324 1.12359679 1.16853631 1.54464543 1.87315571
    1.57910419 1.84270692 1.65805149 1.8299439 1.77878833 1.023085
    1.4813441 1.59157062 1.19413698 1.04082072 1.2102499 1.40035439
    1.32667959 1.08105075 0.999780536 1.17930055 1.00180387 1.05822718
    1.46511173 1.90849662 1.8629781 1.74774313 0.990940034 1.02426994
    1.48354959 1.04354644 0.916163266 1.07703018 1.56190479 1.53842711
    1.69612706 1.01912928 1.00367832 1.6262387 0.887512863 1.78212714
    1.79804277 1.83487558 1.34861004 1.56964135 1.69632161 1.53203428
    1.5655787 1.31412399 1.42661321 1.88916159 1.47402251 1.42740548
    1.47061741 1.53540158 1.80031371 1.09645569 1.44526565 1.80023515
    1.53212738 1.14984167 0.925662279 1.32168746 1.24480712 1.59917426
    1.78060853 1.11861122 0.83707732 0.875916481 1.06548715 0.694685459
    0.978110015 1.28464961 1.32733047 1.67901516 1.91099417 1.03334045
    1.39535415 1.00271726 1.45364964 1.07077599 1.09569573 1.0960077
    1.49252141 1.28842843 1.78425157 1.1345073 1.01214635 1.10132003
    1.95298338 1.21086752 1.65005755 1.6614753 1.82766569 1.3580091
    1.10916424 1.43589473 1.73798501 1.00443065 1.03323269 1.60730517
    1.88896859 1.40077388 1.10262418 1.48103476 1.14832103 1.35527825
    1.80205393 1.41659069 1.07613719 1.43885159 0.98687923 1.05634964
    1.22362387 1.80562687 1.40993643 1.01432669 1.70525658 1.56992519
    1.08882129 1.34091544 1.04608393 0.948907077 1.12494516 1.51961815
    1.07102215 1.91174316 0.993915975 1.59517527 1.38149095 1.9265604
    1.74748135 1.46008325 1.07979655 1.74249351 1.57442725 1.49779451
    1.86334324 1.81726193 1.14617264 1.42026103 1.15615308 1.39595771
    0.867073953 1.00416768 1.73862922 1.80351222 1.23459041 1.0673815
    1.00986052 1.2652204 1.10488057 1.36922574 0.894352913 1.27153802
    1.46216893 1.38336778 1.5107218 1.02698743 1.68464208 0.95348829
    1.4997102 1.86525571 1.44334304 1.71384072 1.48686051 1.06350386
    1.76544678 1.35542214 1.07907867 1.62898517 1.1136142 1.46683657
    1.0648905 1.69612229 1.85511541 1.05908167 1.15504956 1.97824621
    1.89525294 1.96481776 1.93495238 1.12284696 1.70688355 1.46686196
    1.42598212 1.18804324 0.88636452 1.06702912 1.72334504 1.16061187
    1.49367535 1.78315139 1.18282068 1.73885894 1.30514073 1.47801816
    1.72293842 1.57193506 1.36993194 1.87971056 1.70859838 1.64021099
    1.26923478 1.17613149 2.03526998 1.69834101 1.10250652 1.66720605
    1.92437041 1.82822144 1.5258137 1.33383238 1.82104719 1.94751823
    1.5199945 1.60594606 1.76095665 1.34772992 1.09732676 2.04349208
    1.80977476 1.55590951 1.97978032 1.23971975 1.06123114 1.09529352
    1.45615745 1.40216136 1.71244919 1.41624057 1.42386913 1.67479861
    1.68168819 1.96455157 1.92319584 1.6597451 2.00288606 1.55658472
    1.54634571 1.34223819 1.57939982 1.30495775 1.98693705 1.24099302
    1.14100254 1.72840011 2.01115608 1.41968846 1.28546858 1.80549085
    1.58951712 2.05893183 2.04876542 1.15255141 1.77673817 1.74308491
    1.47182119 1.40218151 1.02558243 1.48421156 1.23837662 1.85422301
    1.30818629 1.29088688 1.4348613 1.20965111 1.89073849 1.55357051
    0.922306955 1.8229084 0.927571476 1.73065484 1.0767442 1.55786359
    1.45220518 1.00836098 1.13283944 1.45390773 0.983107448 1.63337541
    1.26749408 1.25610137 1.64373863 0.914931059 1.83638752 1.32003307
    1.79796112 1.5711447 1.53617442 1.05006874 1.04467881 1.42188025
    1.88147056 0.910425544 1.78030014 1.00631666 1.84917903 1.80338752
    1.96283364 1.19900274 1.62806046 1.62182975 1.90142846 1.6605252
    1.59203637 1.64211524 1.64356029 1.80105579 1.91907644 1.82113099
    1.7935431 1.20527053 1.56933737 1.00567293 0.898860633 1.41639531
    1.59933269 1.86527789 1.61194503 1.18267024 1.09883201 1.8438009
    1.14492106 1.59720099 1.35709965 0.753645778 0.730384469 0.993841112
    1.59893584 1.05769539 1.93219328 1.2859472 1.20764232 1.30712688
    0.999130189 0.928028464 0.898334026 1.80018568 0.92155838 1.60989988
    1.48307073 1.05679393 1.8850559 1.00149834 1.12599552 1.85139811
    1.76980889 1.8516165 1.397367 1.07469273 1.62656224 1.02886689
    1.71472108 1.61514175 1.58711731 1.94275451 1.52859545 1.32443893
    1.43862355 1.94033742 1.73410988 1.50934303 1.8299017 0.99773252
    0.973694921 1.26257718 1.91301501 1.78411794 1.41045773 1.09697628
    1.13813281 1.6222651 1.16840911 1.90282631 1.25039792 1.4142065
    1.15802252 1.39011168 1.78872931 1.27198422 1.03854287 1.8166889
    1.44625604 1.57159138 1.62327147 1.20766795 0.985028625 1.85416448
    1.77795732 1.92906642 1.90074635 1.06142282 1.73257971 1.2503798
    1.11555374 0.969688714 1.03164601 1.54691744 1.69990265 0.937462449
    1.22076988 1.19229269 1.41796184 1.70802546 1.81137013 1.3292191
    1.77315032 1.51691449 0.914649725 1.14900136 1.04093838 1.37434149
    1.22396481 1.21246028 1.01362288 1.93096554 1.52769244 1.74004138
    1.72256339 1.53306222 1.16424668 1.0745244 1.2483778 0.945245624
    1.88858128 1.77873814 1.37889922 1.47554457 1.73845851 1.17123497
    2.01529932 1.69635165 1.66663551 1.92664373 1.67973399 1.16711235
    0.971040487 1.77259314 1.64348483 1.22498262 1.53859341 1.45603538
    1.07594252 0.934498489 1.5080241 1.45924687 1.21270382 1.11161852
    1.14058471 1.81002772 1.46953392 1.79225826 1.22860563 1.02874756
    1.61000121 1.61916924 1.17063558 1.93180096 1.80224836 1.7964412
    1.60843921 1.955827 1.18583083 1.70982659 1.14483047 0.99408716
    1.1439985 1.38735807 1.17046106 1.76538146 1.35857868 1.58719528
    1.90028954 1.77929509 1.23676121 1.74813831 1.78397381 2.02757311
    1.64077771 1.30029118 1.94156408 1.83141279 1.77532506 1.01301277
    1.37058759 1.17025292 1.96039915 1.82386971 1.71748877 1.57580829
    1.75584972 1.34077346 1.45099211 0.99415642 1.26841354 1.87083387
    1.67128599 1.15741587 1.67655253 1.66312063 1.80039036 1.94427514
    1.65906179 1.6103785 1.12297201 1.90825343 1.46047568 1.65621901
    1.5020541 1.60859609 1.7527405 1.6019845 1.36200929 1.0507251
    1.91648686 1.01952636 1.89214206 1.45366991 1.510005 1.59078193
    1.35485923 1.4194088 1.66676438 1.05785215 1.82191694 1.45499659
    0.96918869 1.27512062 1.09045327 1.45234525 1.15189886 1.26921427
    1.71438801 1.64204097 0.996259451 1.84841084 1.47742414 1.80260336
    1.331249 1.45464242 1.32405603 1.48921812 1.63168943 0.924187958
    1.3897531 1.53452122 1.85317171 1.08637249 1.36189985 1.48849821
    0.912798822 1.64098442 1.65454066 1.82393086 2.01929259 1.83435917
    1.40055096 1.61866879 1.86968756 1.32107878 1.8024205 1.19950509
    1.16422141 1.38211036 1.20030141 1.87631381 1.88318491 1.09676099
    0.991215706 1.23505938 1.72947037 1.082726 1.36694968 1.18743825
    1.52395964 1.73614824 0.924559891 1.50827563 1.74871206 1.24113309
    0.851625621 1.07641125 1.50064564 0.998921394 1.10535514 1.32066369
    1.17453945 1.70487797 1.85121155 1.20787096 1.25080526 1.07996523
    1.54129624 1.60175908 0.941463053 0.987551928 1.09673762 1.57062137
    1.6811651 1.5410341 1.72995508 1.1835686 1.77992785 1.01111734
    1.05976284 1.50347328 1.89493144 1.77131641 1.59723866 1.29606748
    1.25910604 1.66307342 1.3490181 1.35818028 1.87319052 1.22859812
    1.60877943 1.52125657 1.45394504 1.75582147 1.0364877 1.43909669
    1.12343919 1.91538894 1.42847049 0.981398106 1.45070374 1.51443565
    1.59974086 1.28705168 1.02915239 1.32863963 1.67915034 1.37857759
    1.1226784 0.906467795 1.2901448 1.24349654 1.7977277 1.09818757
    1.01636684 1.78324068 1.18655932 1.8067354 1.75566518 1.22684801
    1.75673449 1.16882336 1.62807155 1.79132664 1.29135823 1.20035255
    1.49726653 0.926196575 1.32413685 1.55926096 1.57026541 0.994986475
    1.55709374 1.48066807 1.15232551 1.73791921 1.36370528 1.49085379
    1.16195965 1.68254948 1.79498637 1.70640874 1.68741274 1.66905165
    0.985074162 1.7168622 0.990238547 1.91424024 1.86066091 1.44525814
    1.30565488 0.937583983 1.42033708 1.86693835 1.45607173 1.80634999
    1.4671936 1.44204795 1.80451226 1.95427108 1.58348978 1.85718167
    1.34044123 1.61613202 1.52566516 1.58289826 1.30822921 0.952950895
    0.982255995 1.83173537 1.72640669 1.02443814 1.00128913 1.27272654
    1.18541753 1.60181928 0.945875645 1.44226742 1.24943781 1.20797086
    0.957875133 1.53304112 0.955865383 1.2658211 1.31800151 1.64556122
    1.87556565 1.90091586 1.26592875 1.68260264 1.85498214 1.87377107
    2.04060888 1.36265922 2.00558281 1.66930497 1.36195469 1.90793753
    1.26107049 1.02420759 1.4613744 1.890921 1.52792716 1.45492625
    1.63893092 2.02510238 1.63413763 1.49973392 1.37057889 1.12451351
    1.63563561 1.12512243 1.08365846 1.23265648 1.63881397 1.15049875
    1.45595539 1.21831882 1.8387481 1.87638032 1.67016351 1.83270812
    0.98235172 1.27152479 1.50421739 0.976915181 1.76824975 1.0807457
    1.52243447 1.56656313 1.90470648 2.01346993 1.86350298 1.87357461
    1.49851584 2.00425529 1.09206927 1.57878542 1.69151402 1.82291985
    1.64211071 1.48133242 1.95898259 1.35109568 1.5555619 1.27604127
    1.55827713 1.1305685 1.86264634 0.964306176 0.967481911 1.63393748
    1.21360505 1.81440651 0.931343377 1.16468322 1.00656819 0.899177015
    1.709355 1.46616197 1.35593963 1.75122523 1.4537245 1.29955125
    1.4740622 1.79302061 0.918367684 1.29935777 1.68527734 0.944629788
    1.17702019 1.1113013 1.34246826 1.60819614 1.43173766 1.05645156
    1.77826166 1.79658127 1.39347625 1.41466522 0.918123066 1.00650597
    1.28061211 1.22621036 2.01659536 1.07938325 1.61685109 2.04928184
    1.88544762 1.95902729 1.41744757 2.00411081 2.01029921 1.92067516
    1.4292084 1.5853107 1.1869607 1.50536919 0.980517387 1.16431999
    1.52938616 0.9646703 1.40353298 1.7576797 0.972979605 1.51611233
    1.09433627 1.7685715 1.33051753 1.59769499 1.5152123 0.485056013
    0.890337408 1.01887584 1.60615551 1.39978218 1.77693105 1.78266883
    1.08555043 1.8832345 1.63919079 1.27371967 1.40282893 1.59609663
    1.32889211 1.67193305 1.58912134 1.91518819 1.09039247 1.70263052
    1.15506387 1.38796902 1.39326036 1.51686275 1.15467799 1.29297769
    1.82916391 0.99511081 1.07477427 1.91495943 1.05308592 1.47228467
    1.76670849 1.89196551 1.48447049 1.81091416 1.95143378 1.96573305
    1.35136259 1.17184711 1.88057387 1.96422112 1.74136055 1.84985161
    1.18032849 1.94751465 1.33125925 1.81542766 1.3939755 1.93587077
    1.95463252 1.56094134 1.5197705 1.24163508 1.1976639 1.7736448
    1.20129824 1.32383704 1.754691 0.984026313 1.27540231 1.26124501
    1.73300886 1.31707001 1.18726981 0.972492874 1.28837621 1.92228401
    1.65894794 1.88803935 1.41240692 0.883076131 1.01749074 1.80755842
    0.87828213 1.25235736 1.68410599 1.13296103 1.66392839 1.55662882
    1.92295825 0.982148349 1.76440299 1.40369427 1.40006971 1.40592885
    0.970106423 1.60048199 1.02145743 1.29505622 1.44496047 1.28300548
    1.38814735 1.54062843 0.969971776 1.29168463 1.03314435 1.92321765
    1.52771091 1.50911593 1.08014905 1.97967386 1.9697969 1.57574058
    1.80883551 1.83453572 1.05793297 1.61307287 1.61426485 1.42511535
    1.38393652 1.52144098 1.76042783 1.1198678 1.82988131 1.52118957
    1.25302374 1.62824523 0.86957562 1.11503136 1.45144868 1.46834826
    1.59940946 1.25633192 1.58429325 1.34674525 1.06371403 1.13424039
    1.32700789 1.14920247 1.56642675 1.07430816 1.39660048 1.17551708
    1.63299072 1.38363862 1.85873103 1.12284648 1.67559421 1.26641738
    1.7854017 1.75740373 1.85077381 1.12507761 1.54581857 1.89175653
    1.1676265 1.00150764 1.94181287 1.41426504 1.29383576 1.62047303
    1.49006212 1.25995421 1.67294824 1.81957912 1.35876977 1.9451735
    1.45326889 1.76005101 1.49313033 1.97829592 1.48353899 1.51158977
    1.64586687 1.83431518 1.14306176 1.8477422 1.12932169 1.3276521
    1.71406424 1.06718838 1.77766204 1.37222099 1.71563971 1.19598472
    1.54206562 1.09368157 1.63075471 1.70643103 1.18359149 1.84978819
    1.09354818 1.46359777 1.64592302 1.62450361 1.62512553 1.53087342
    1.17535555 1.75707471 1.53945625 1.59705484 1.78919613 1.79190278
    1.87976503 0.93854022 1.6975497 1.35088205 1.15869832 1.40886867
    1.8306098 1.10926008 1.52209044 1.28070962 0.932872534 1.69706464
    1.10473049 1.27402699 1.27091575 1.17395163 1.35094678 1.81090164
    1.47961736 1.29286957 0.941759765 1.27142048 1.11501944 1.71739829
    1.73738539 1.21622801 1.43129683 1.20444095 1.71077192 1.49644744
    1.66167223 1.02110529 1.15984571 1.27382445 1.50783849 1.50162089
    1.81444669 1.46686995 1.53284967 1.95371377 1.98223484 1.33084345
    1.39722526 1.95634151 1.29646444 1.41762161 1.39613616 1.51136637
    1.12742555 1.41595113 1.3383323 1.30016375 1.88322616 1.42865658
    1.12325037 1.61651003 1.5500406 1.77288055 1.47046137 1.1595391
    1.34026182 0.738938332 0.531350493 1.2272346 1.50714457 0.908971369
    0.808572233 1.17945385 1.05363858 1.67538047 0.994941235 1.43799758
    1.67484391 1.67628384 1.19862032 1.48557174 1.11686146 1.84661198
    1.01227605 1.35027003 1.22562587 1.36907363 1.63200295 0.927385628
    1.01047647 1.09424782 1.51979434 1.76230562 1.49199319 1.07910049
    1.60878491 0.971691668 1.45700002 1.82742965 1.85668421 1.12296414
    1.08826089 1.99890971 1.71526814 1.07029212 1.76466715 1.48041296
    1.44240975 1.90785384 1.57648289 1.0116173 1.69275296 1.28026009
    1.52991724 1.93016779 1.85051024 1.0812552 1.28012812 1.88385081
    1.27181172 0.993537903 1.53045261 1.44203901 1.30908048 1.16574693
    1.56395483 0.912194192 1.667027 1.17728186 0.918642581 1.02447939
    1.0245322 1.62449992 1.76666856 1.31077421 1.64465225 1.63693535
    0.944291115 1.85594046 0.907580912 1.12002099 1.35647023 0.918730259
    0.987901509 1.42134559 1.01957893 1.25974262 1.1110189 1.43846643
    1.70544958 1.4389261 1.08913577 1.65609193 1.51568556 1.02367377
    1.34076953 1.440323 1.00582445 1.08950043 1.75055373 1.90541399
    1.55269706 1.49870813 1.09770286 1.71184492 1.83823287 1.00436115
    1.84424829 1.20575845 1.67267942 2.01556826 1.22345376 1.26522303
    1.15160048 1.96485543 1.28574073 1.62863922 1.77268612 0.967318535
    1.72108316 0.969219089 1.70985591 1.84404922 1.09308136 0.915240109
    1.23004222 1.61332786 1.38989866 1.18886876 0.94036907 1.85546637
    1.43116498 1.06196189 1.24999607 1.80155063 1.42920542 1.15837383
    1.68067932 1.55725193 1.68615413 1.96469879 1.61238396 1.7100265
    1.82923377 1.41428101 1.27399838 1.20817661 1.73734295 1.70721245
    1.99182332 1.2506454 1.00256455 1.47430968 1.91968858 1.97584474
    1.3180933 1.56430781 1.29180717 1.26437116 1.76601028 1.44764841
    1.95979404 1.67381644 1.71808863 1.70618713 1.35009754 2.0078299
    1.75489998 1.78176117 1.77252889 1.90613139 1.02437735 1.03534698
    1.26562178 1.09861505 1.61527121 1.00507808 1.47538161 1.32787871
    1.3441807 1.58513939 1.19728601 1.81048417 1.41186106 1.70222867
    1.69219792 1.25627339 1.41669583 1.90247667 1.67896748 1.59088147
    1.80477166 1.43822002 1.28300047 1.34134555 1.92961264 1.47246146
    1.80876839 1.19943404 1.70833099 1.91877413 1.03731227 1.05613399
    0.922957957 1.55422378 1.63312161 1.27181435 1.06160259 0.885385871
    1.1903019 1.63597226 0.909004986 1.3790803 1.7140733 1.06182003
    1.16109776 1.59102726 1.37545633 1.76363373 1.04382372 1.41412544
    1.28187633 1.15515208 1.00715065 1.10131598 1.14316487 1.424891
    1.53571677 1.41842127 1.44669175 1.31925762 1.00195503 1.4011116
    1.87272215 1.0113883 1.69178629 1.35572171 1.20134425 1.67654777
    1.28888321 1.94692528 1.69278526 1.92650151 1.22338295 1.05894506
    1.52972686 1.25587332 1.79630518 1.61599004 1.81045866 1.35671175
    1.6717906 1.679304 0.945918679 1.14267552 1.60796642 1.58058763
    1.57390952 1.47131956 1.41485071 0.942964017 1.36342204 1.08467531
    0.520667255 1.12002027 0.794440806 0.763403177 0.889596522
    1.02559781 1.89166403 1.80841422 1.32804132 1.87069917 1.86149311
    1.96500003 1.05663598 1.81438363 1.90345776 1.61361539 1.38455784
    1.42560554 1.90734529 1.7655338 1.46914196 1.41418231 1.22022855
    1.34028792 1.78877115 1.04631793 1.68056035 1.30237615 1.58704257
    0.989980817 1.88697076 1.74346411 1.69573498 1.14096177 1.86917841
    1.16030598 1.95039582 1.37801588 1.66240108 1.53563058 1.21454418
    1.62705481 1.45798671 1.68494129 1.0973016 1.87994218 1.34601343
    0.988599896 1.59289324 1.71390021 1.80884171 1.78980398 1.20981216
    1.05387366 1.23093832 1.06134653 1.32973206 1.75601816 1.55415356
    0.93273741 0.894725502 0.93347472 1.651088 1.45962071 1.53771281
    1.66772866 1.39015424 1.14970386 1.43974137 1.32607412 1.46478498
    1.06564128 1.86363995 1.33658957 1.39455116 1.31432045 1.75498712
    1.76915109 1.44128513 1.44337273 1.75636232 1.91702223 1.14574838
    1.91710901 1.84027445 1.53794634 1.51068807 1.64483345 0.946282029
    1.25946808 1.74939668 1.35593224 0.966831148 1.79216945 1.59983134
    1.42074704 1.2559588 1.62312853 1.18276966 1.22896957 1.36556458
    0.997915387 1.44185627 1.83161104 1.78218901 1.65740919 1.72455311
    1.17530894 1.72287381 1.74123454 1.36786234 1.76902521 0.960045815
    1.03991246 1.35381794 1.14521646 0.979570329 1.67946923 1.22533643
    1.5586127 1.37467277 1.19826984 1.23217118 1.93456173 1.18923533
    1.67868948 1.56621623 1.8163861 1.68622708 1.00939131 1.25925505
    1.09130824 1.94491506 1.24411988 1.26074219 1.11896646 1.84136975
    1.22590876 1.60995877 1.73413062 1.35579681 1.79806733 1.42049193
    1.45798934 1.43000007 1.23319364 1.44062912 1.14761269 0.972972274
    1.25644016 1.25038218 1.00220859 1.54266834 1.77788353 1.11751211
    1.57676554 1.94816208 1.9035871 1.4517647 1.11281836 2.01854992
    2.06056023 1.31247699 1.44140303 1.0291357 1.14473677 1.37330699
    1.87318766 0.907096446 1.76303601 1.37691748 1.37471807 1.2688576
    1.44296026 1.34210956 1.03760445 1.67488456 1.30652463 1.27624249
    1.82280755 1.79035139 1.26407194 1.72059929 1.07098055 1.25609696
    1.24617279 1.57502997 1.48330879 1.13110781 1.35498846 1.95869672
    1.10532713 1.36150968 1.59729755 1.86800849 1.8673203 1.0077908
    0.876085222 1.48460436 0.87930882 1.64781332 1.79313397 1.17826104
    1.69232225 1.73827612 1.61361814 1.60910344 1.31053865 1.54499733
    1.28130305 1.35630524 0.87138468 1.07247317 1.22230864 1.54288638
    1.32303333 1.75048494 1.20084786 1.0472964 1.28152537 1.69605625
    1.44056773 1.34586692 1.92477906 1.87356317 1.85141444 1.18344307
    1.25786567 1.35478556 1.1556648 1.36721659 1.77166772 1.17340052
    1.99272633 2.02457452 1.3542999 1.6707654 1.78455722 1.12636721
    1.86307919 1.75682938 1.03960419 1.90265834 1.4573977 1.77614784
    1.54552591 1.11487412 1.83571875 1.50732052 1.59545958 1.84829056
    1.15612698 1.47206545 1.53965485 1.39615536 0.870164871 0.850729942
    0.494684786 1.22751796 1.61965501 1.0129689 1.51645029 1.68633807
    1.726264 1.03411996 1.77737117 1.6772598 1.65056324 2.04285169
    1.75846946 1.96188009 1.29460466 1.94645274 1.97070277 1.07293999
    1.956563 1.19134033 1.58863151 1.26983452 1.35959339 1.21173596
    1.52825415 1.18153405 1.0456214 1.24791861 1.10398102 1.11558497
    1.59970176 1.08386445 1.69843769 2.00030828 2.04670715 1.86317015
    2.02443576 1.25283575 1.25922024 1.8958739 1.37974024 1.03750873
    1.70766723 1.1152271 1.30077839 1.53206444 1.51410604 1.29064417
    1.45600116 1.75517976 1.85647881 1.03914201 1.59109914 1.18208802
    1.1927489 1.87108624 1.85860038 1.16864848 1.27541745 0.963432491
    1.25072849 1.34847426 0.966530681 1.48235667 0.926029921 1.54089284
    1.8796804 1.25972033 1.04846549 1.15562308 1.30870438 1.01881647
    1.16801643 1.72175491 0.926372409 1.66777325 1.39448619 1.62241697
    1.04137468 1.08559752 1.7019074 1.76605189 1.7230854 1.18717432
    1.37746394 1.75916338 1.62471807 1.48363161 1.9238435 1.15734065
    1.87728333 1.13437796 1.3646214 1.1765362 1.65959299 1.26892734
    1.2565136 1.63143051 1.41151023 1.35668337 1.18191338 1.39209735
    1.62645161 1.15547919 1.44067585 1.88427162 1.54681051 1.43156564
    1.60251653 1.28187835 1.21078575 1.56248486 1.29131889 1.80968201
    1.41285956 1.1128372 1.17854583 1.13496852 1.48175633 1.62233293
    1.92300856 1.02195096 1.2807498 1.94079268 1.70912898 1.3865521
    1.52827573 1.33189857 1.81581736 1.01058507 1.16970837 1.68908083
    2.02735972 1.92635536 1.9094013 1.57727075 1.88554442 1.22981238
    1.87132239 1.74264216 1.78586388 1.3493619 1.04916775 1.8724966
    1.67404938 1.93928874 1.91151905 1.33648372 1.65180969 1.03302443
    1.57600713 0.996774733 1.64710951 1.63462138 1.42279136 1.71437073
    1.75464904 1.84331334 1.63696384 1.61497843 1.95739532 1.3151809
    1.33121526 1.82774293 1.00127733 0.962643266 1.49939871 1.16509902
    1.01155782 1.57432032 1.72148669 1.29852784 1.34164202 1.89790821
    1.94253051 1.16372383 1.0337851 1.95727301 1.05476272 1.1653595
    1.49599624 1.16852069 1.04472291 1.81158113 1.08268547 1.30567312
    1.19375503 1.40339267 1.25352299 1.62562191 1.82413173 1.12584698
    1.96979415 1.29362917 1.63476443 1.05421078 0.912228346 1.30925131
    1.08604515 1.53784215 1.13827956 1.56291652 1.22497225 1.46327972
    0.948836207 1.67979646 1.796718 1.77099454 0.966391802 1.00126815
    1.0341742 1.60398686 1.01262736 1.01602864 1.12213326 1.74977636
    0.909267366 1.46438265 1.02957666 1.89509869 2.01103258 1.69269395
    2.00937963 1.26586521 1.82566738 1.15841103 1.46757793 1.19691217
    1.14977288 1.35005558 1.64203525 1.38708758 1.53489673 1.92713153
    1.33094668 1.4395262 1.39282346 1.98229003 1.97894299 1.65838814
    1.78335309 1.53498733 1.37560296 1.57893956 1.19979203 1.63912833
    1.15048683 0.962907732 1.42612231 1.72959697 1.65015864 1.35710418
    1.35902929 1.66791463 1.18327224 1.00245881 0.775479734 0.713761747
    1.11997867 1.06606114 1.74771237 1.20865202 1.88519442 1.21079171
    1.5510298 1.87536609 1.79751682 1.82587826 1.18131053 1.84292257
    1.13755584 1.40764415 1.76525915 1.67968309 1.85018539 1.03047609
    1.36043525 1.37003899 1.30151069 1.48691869 1.36785233 1.75079608
    1.465801 1.04139602 1.23298073 1.69054222 1.12667096 1.30953574
    1.14719415 1.6676892 1.63720524 1.95370138 1.39138699 1.69810331
    1.86265492 1.43896306 1.19307256 1.34063101 1.08927059 1.13210785
    1.84860957 1.47699392 1.42228663 1.18418992 1.33629251 1.27212322
    1.05450785 1.17462945 1.67931712 1.28040481 1.64104724 1.18907082
    1.71019757 1.51236343 1.73769975 1.51046848 1.01292646 1.41104352
    1.03891647 1.70603108 1.32126236 1.44041324 1.35168171 1.27341557
    1.56858206 1.4737097 1.65009296 1.12169743 1.69010425 1.84808946
    1.01128101 1.70174754 1.47637475 1.72084653 1.18891954 0.945597589
    1.37208509 0.943110526 1.10565007 1.87565804 1.42948508 1.81553721
    1.52676415 1.32120311 1.08205962 1.82984626 1.93477333 1.42316103
    1.93750966 1.94091356 1.32350588 1.22941804 1.52451515 1.47616661
    1.25460434 1.45061016 1.25832272 1.64032149 1.63534129 1.86884403
    1.21742427 1.25208616 1.53474748 1.58940756 1.29593563 1.52510035
    0.932325482 1.20588064 0.999638498 1.65335047 1.20604813 1.50485754
    1.64292073 1.28765714 1.31766665 1.80601478 1.78128588 1.49928164
    1.99445581 1.91430092 1.24664581 1.72010183 1.41625392 1.12043571
    1.93789887 1.61890483 1.77529836 1.22559023 1.75475848 1.16924119
    1.28865242 1.52834141 1.58947909 1.90532529 1.14098406 1.98472846
    1.45155418 1.62973249 1.77386975 1.46749759 1.89782584 1.69322884
    1.40055263 1.17555356 1.28437448 1.80539274 1.0797416 1.437343
    1.79699922 1.20340991 1.30650401 1.52799225 1.87759268 1.37820518
    1.65241528 1.95989931 2.04574203 1.89335358 1.57759953 1.88613725
    1.87472534 1.73320937 1.5579735 1.37879694 1.14484286 1.36322546
    1.6842705 1.23175406 1.27935171 1.48067009 1.89102483 1.93433917
    1.13378203 1.12465894 1.84352076 2.01639128 1.74765456 1.68500876
    1.03823495 0.977936804 1.85364819 1.13455081 1.62678349 1.46533084
    1.63343143 1.85046375 1.75199628 1.22284317 1.16785026 1.62720656
    1.77935851 1.00503552 1.71633673 1.21624768 1.26808083 1.02778089
    1.72516513 1.17035913 1.71203315 1.61499095 1.84602952 1.60669768
    0.943290234 1.01900256 1.56686187 1.2925328 1.01462626 1.57032144
    1.00968468 1.65305781 1.8170737 1.10689795 1.04566169 1.74688387
    1.54734361 1.79349291 1.99048817 1.18624353 1.39216363 1.32995796
    1.4582454 1.9640795 1.65472627 1.40684617 1.34972525 0.987013042
    1.74915278 1.64156747 1.54869401 1.39711583 1.30255842 1.99072933
    1.6458658 1.96547019 1.08359206 1.38362765 1.59635293 1.41593456
    1.38872349 1.77506292 1.17089617 1.3104378 1.04816842 1.82625341
    1.2448945 1.77778161 1.08045959 1.46570027 1.51811552 1.08283615
    0.783010483 1.02211905 0.509856761 1.09360719 0.942322969 1.79036808
    1.73899043 0.935919523 1.05990052 1.29002631 1.43847847 1.19325376
    1.64307535 2.05784488 1.99187636 1.16700125 2.02792335 1.92095053
    1.48246503 1.0370959 1.70639563 1.14614809 1.70980453 1.05599868
    1.6345489 1.32353389 1.42089391 1.26229489 0.860976279 1.12151837
    1.05640221 1.39356148 1.62948251 1.17490923 1.42111528 1.34193563
    1.74675179 1.28648198 1.58504856 2.02258611 1.25017965 1.15163028
    1.59023201 1.08250821 1.40424848 1.53613126 1.63618422 1.28429914
    1.21139157 1.7013886 1.4355551 1.87938201 1.7779783 1.78532028
    0.956967235 1.85649335 1.92913306 1.00576079 1.87471783 0.940254092
    1.68869495 1.84647202 1.75555527 1.23514473 1.52356684 1.40043354
    1.13617575 1.76907384 1.67247391 1.81291914 1.60862815 1.30597472
    1.07577169 1.73710716 1.19384491 1.29238999 0.993444264 1.70553315
    1.19137454 1.02494538 0.988902807 1.25588751 1.10353374 1.8972913
    1.77660358 1.18963063 1.17706633 1.6913985 1.37025356 1.08052444
    1.40289795 1.71898746 1.70840108 1.65059745 1.37520397 1.94230831
    0.980006576 1.84341085 1.16544402 1.02769125 1.91499233 1.1938132
    1.81200802 1.2443794 1.85682833 1.39701498 1.45638692 1.87161291
    1.79184806 1.8944211 1.55039203 1.65363431 1.15795338 1.27042079
    1.02642536 1.24585843 1.7565589 1.23712981 1.87341368 1.93516707
    1.90298581 1.72162366 1.79927373 1.19027889 1.3802923 1.4906348
    1.48812175 1.5633291 1.87744904 1.07936311 1.21244419 1.96776295
    1.85184503 1.35760117 1.68066239 1.24798524 2.03888655 1.80305839
    1.11927271 1.99584079 1.45297277 1.80010927 1.75222242 1.01492894
    1.56970179 1.80737603 1.30093145 1.53463221 0.949508488 1.86402619
    0.909111619 1.22099996 1.26227355 1.25015342 1.78293526 1.67385566
    1.67811358 1.50504959 1.73903775 1.37451458 1.18788874 1.14546788
    1.66435063 1.40096378 1.70341671 1.84057188 1.35562229 1.51924002
    0.954120159 0.920718133 1.16817784 0.850990832 0.917370677
    1.36078441 1.52315438 0.97183311 1.08304155 1.93776107 1.38646042
    1.32222021 1.93719494 1.64834678 1.88773823 1.78991544 1.70139253
    1.14007127 1.97185016 1.49303997 1.76468325 1.97305095 1.54400206
    1.07954848 1.10650194 1.14640844 1.653952 1.59531462 1.03671241
    1.19433391 1.61445737 1.79285777 1.31899416 1.83005512 1.07081699
    1.09696114 1.02742302 1.52549601 1.0398767 1.23772228 1.5055393
    1.80858791 0.98625654 1.24757004 1.34447014 0.999474108 1.080369
    1.55406988 1.40162206 0.887469828 1.15087545 1.32880688 1.77496696
    1.41690457 1.89401686 1.75157905 1.68557882 1.58939242 1.8274945
    1.39095247 0.966798246 1.29700375 1.19484031 1.89768708 1.74494016
    1.99283099 1.87859881 1.62759042 1.16024125 1.46426988 1.54388404
    1.80621111 1.43951821 1.26111937 1.93899763 1.52783287 1.66764534
    1.18210518 1.93844044 1.2388649 1.51628387 1.82233286 1.31722283
    1.23866773 1.83660197 1.1411202 1.41493535 0.951610506 1.26894581
    1.20439911 0.804946661 0.886645377 1.09317899 1.76187229 0.99688679
    1.46649504 1.35916817 1.97546625 1.14921045 1.6541549 1.61043835
    1.60703897 2.02768993 1.84153974 1.16316104 1.11674464 1.41495097
    1.34790874 1.20618343 1.64677584 1.43779337 0.958296478 0.90760088
    0.894407332 1.67737746 1.31831145 0.980872631 0.993269742
    0.985410511 1.7306838 0.996391416 1.02014649 1.44175994 1.19289815
    1.44999647 1.29434943 1.4759165 1.77296233 1.85895324 1.68693662
    1.06250858 1.88457894 1.80906963 1.43780386 1.6899842 1.37769055
    1.00470674 1.94262218 1.37977314 1.98634112 1.76369226 1.48276985
    1.26347017 1.238325 1.08358657 1.3826139 1.55100608 1.05245578
    1.45543253 1.9193747 1.19351816 1.45061958 0.958754778 1.82251549
    1.57681549 1.27314401 1.106305 1.44696987 1.94422626 1.1122731
    1.21613753 1.01233304 1.36840189 1.32511044 1.13175464 1.43631017
    1.73820627 1.69239116 1.27011549 1.02750432 1.56158292 0.907697558
    1.65702248 1.63209581 1.29331517 0.982902408 1.5628829 1.41701269
    1.1118654 1.0554769 1.04275215 1.11055994 1.60515285 1.15951037
    1.17114413 1.69094741 1.39862537 1.854972 1.71995783 1.07698536
    1.58121288 0.927400291 1.42059016 1.73225021 1.74423385 1.52626383
    1.6286546 1.46035194 1.89766312 1.20048571 0.991646111 1.09556746
    1.48784423 1.21355236 1.55840266 1.62611663 1.9908818 1.35681617
    1.21292782 1.15978193 1.3035531 1.76987362 1.14622545 1.35911679
    1.25624967 1.73630178 1.56458127 1.65642536 1.93983603 1.97869611
    2.02968097 1.12558985 1.87542546 1.86317086 1.93208981 1.39384949
    1.1739316 1.06553221 1.27550495 1.45115638 1.19286788 1.06005573
    1.33321285 1.49523783 1.89116108 1.40287125 1.15648913 1.4941237
    0.982691586 1.06329811 1.44396222 1.25502467 1.71585989 1.43777788
    1.79260576 1.21500587 1.00108802 1.5594461 1.29111695 1.46090305
    1.72155666 1.14431834 1.87167752 1.46362293 1.53464925 1.71477866
    1.27203262 1.48111153 0.949564695 1.84567034 0.967413723 1.1310941
    1.03517318 1.64241612 1.70665574 1.03405178 1.68443894 1.63742161
    1.84623563 1.68254066 1.75641429 1.9663564 1.94824421 1.25915527
    1.75004756 1.35068858 2.03141189 1.39937747 1.79009652 1.90700161
    1.14695394 1.78767037 2.00616789 1.74310863 1.43178046 1.38238001
    1.42350614 1.02512038 1.01458418 1.30530071 1.18330073 1.13430595
    1.28225636 1.3785032 1.71556997 1.75057447 1.10266471 1.15857208
    1.42978656 1.43398762 1.11075628 1.08270228 1.21351862 1.35541344
    1.72341549 1.22664416 1.38930738 1.34885228 1.59361041 1.20737052
    1.76147473 1.92181623 1.87822759 1.99547374 1.19906867 1.96817887
    1.56097543 0.992630184 1.87792635 1.00725675 1.8197341 1.13056076
    1.15061665 1.33011329 1.90719938 1.05204248 1.64014065 1.58815503
    1.23485923 1.20114958 1.07536602 1.52314723 1.31609702 1.90153801
    1.47168529 1.61253929 1.31983817 1.34811652 1.73954785 1.08944702
    1.36144328 1.48914421 1.51628089 1.28655279 1.21486092 0.765796602
    0.834062338 1.09660161 1.61463583 1.60203695 1.83229613 1.17748213
    1.43997622 1.89051628 1.656726 1.71379542 1.34168136 1.67235327
    1.53221536 1.90775454 1.80826259 1.82605779 1.76272166 1.01779222
    1.77419186 1.23198867 1.38224435 1.72438407 1.50093603 0.953732133
    1.36288238 0.985102713 1.02519786 1.78982353 0.903218687 1.08687937
    1.7279793 1.02977383 1.3547653 1.29030395 1.42703819 1.82556224
    1.37716115 1.62367773 2.01708436 1.14182925 1.54156518 1.72441602
    1.76640272 1.6237042 1.86399853 1.39596915 1.74736726 1.48196805
    1.62717009 1.9691726 1.15657246 1.28033674 1.92402065 1.29359162
    1.59278214 1.07163799 1.63727677 1.55631292 1.58729899 1.12162936
    1.06919801 1.46280575 1.20677722 1.94780171 1.57532513 1.55044103
    1.19402707 1.03145206 1.65126848 1.65333796 1.02980411 1.81457901
    0.915222466 1.74509406 1.30243444 1.83300221 1.37269533 1.23086131
    0.984331071 1.02242041 1.38641918 1.04976714 0.974881768 1.58577168
    0.97550869 1.28745282 1.7781378 1.20365787 1.13842762 1.10619569
    1.90436161 1.28991103 1.10807359 1.81712484 1.21802115 1.91708505
    1.59905887 1.78241348 1.72765374 1.74865568 1.47983587 1.40709603
    0.923938513 1.02523959 1.01852274 1.8407625 1.77645361 1.72757506
    1.31938672 1.64244699 1.57597506 1.14363134 1.23759329 1.84153533
    1.12752128 1.70407546 1.22445869 1.90292418 1.79135168 1.1198765
    1.71476948 1.88513207 1.97238684 1.74627149 1.00786829 1.80266559
    1.06996083 1.80882239 1.35523891 1.80882704 1.73550725 1.54880977
    1.93733799 1.3364495 1.82034373 1.7269206 1.60042393 1.90530717
    1.5310322 0.945431769 1.13180351 1.41708493 1.83278358 1.24314141
    1.84497726 1.74142075 0.947106898 1.14862657 1.37566423 1.46953332
    1.67859983 1.90351415 1.28291845 1.37227631 1.22824049 1.71494615
    1.21562016 1.34256673 1.77164149 1.43160856 1.78022993 1.3130331
    1.18461251 1.07946861 1.23733282 1.64796352 1.13941729 1.13958144
    0.899803996 1.30588353 0.968806148 1.84391248 1.08785057 1.26291966
    1.00947535 1.39945245 1.21164787 1.32874393 1.77708793 1.22996771
    1.42854321 2.00256419 1.16990042 1.19163072 2.0055244 1.46037245
    1.51847064 1.81824625 1.98040938 1.38098896 1.71900153 1.61002004
    1.65274465 1.33441257 1.72938979 1.18704951 1.17336118 1.4846673
    1.41557539 1.6479131 1.33729494 1.19987047 1.06632829 1.43808174
    1.18961287 1.85131907 1.46409404 1.29439282 0.947673321 1.82111001
    1.7805928 0.95825696 1.70483744 1.77007663 1.36368489 0.900627136
    0.995463729 1.65259278 0.984598577 1.65046287 1.47577965 1.82561469
    1.76307631 1.14345348 1.16138864 1.75721776 1.35969555 1.55762231
    1.93819058 1.49375153 1.58325565 1.67598665 1.73201215 1.56386137
    0.997250557 1.00994956 1.1428839 1.86818731 1.5060401 1.25999951
    1.11638153 1.6045028 0.960101366 1.63079679 1.01795566 1.22059286
    1.01949406 1.64213765 1.68367803 1.81182384 1.40048158 1.93239427
    1.54920471 1.0249908 1.52357745 1.48935306 1.49000359 1.57176101
    1.70712078 0.939237356 1.45244682 1.06102109 1.38658571 1.01105118
    1.49690104 1.67112267 1.53959548 1.39872289 1.98441803 1.49261534
    1.5493381 1.72708547 1.15299118 1.21456587 1.68959391 1.7135098
    1.26745701 1.21626866 0.964740932 0.846211314 0.978696823 1.64475691
    1.09782076 1.17458498 1.28667307 1.01721907 1.30584502 1.81943715
    1.80033314 1.45841348 1.80244005 1.84622085 1.49248719 1.7948736
    1.34494579 1.60049582 1.72319293 1.02265298 1.30980468 1.67478943
    1.23732793 1.34629583 1.55205345 1.66069186 1.80726504 1.42857349
    1.3105973 1.80586207 1.8847419 1.30072117 0.962160587 1.03670251
    1.6151135 1.67093158 1.14509916 1.41054499 1.36287844 1.63539231
    1.80908048 1.72950184 1.01457727 1.79221618 1.60132778 1.8092649
    1.78321099 1.77117956 1.86977375 1.30161464 1.75417125 1.64648604
    1.18219876 1.0919143 1.82995009 1.35168552 1.84939265 1.46992826
    1.79017091 1.77912557 1.47095752 1.38499343 1.0817759 1.44711673
    1.74683917 1.92249167 1.48253262 1.50738943 1.03402317 1.97571254
    1.91320157 1.33487618 1.86474276 1.12545478 1.80558181 0.987496734
    0.971896231 1.06245899 1.21279991 1.06392038 1.09509945 1.82157135
    1.14723837 1.2170434 1.74084473 2.01217508 1.88982046 1.2993983
    1.19039404 1.40679765 1.54013276 1.09009135 1.92779315 1.98123002
    1.44496071 1.04768312 1.20256507 1.89834392 1.63318706 1.16480374
    1.22599494 0.987820864 1.31922901 1.61912704 1.21055388 1.82655013
    1.99457991 1.74585354 1.40479803 1.55214286 1.12648106 2.00594187
    1.46246827 1.21781588 1.95686412 1.07930219 1.46831727 1.69712818
    1.29557598 1.55803955 1.03965867 0.951182187 1.57818007 1.07056773
    1.06300569 1.21170259 1.09444094 1.70726967 1.00427735 1.65764487
    1.68025553 1.73731399 1.01534104 1.21745932 1.71162879 1.69134319
    1.13906467 1.07517469 1.88570631 1.59348297 1.65726852 1.12404788
    1.74778318 1.5013442 1.81856728 1.52081776 1.86642754 1.17459977
    1.39918852 1.24031031 1.68405414 0.921940506 0.891064584 1.14840758
    1.61711752 1.43504322 1.77368367 1.54243505 1.31707168 1.37199736
    1.21453273 1.92491758 1.97914028 1.97706115 1.65179503 1.57722878
    1.37508047 1.2502569 1.47377539 1.18233573 1.82728291 1.96051526
    1.75033951 1.80933142 1.50734782 1.10699773 1.8305974 1.2448442
    1.57211244 1.53058219 1.80803835 1.44792843 1.02329552 0.941138923
    1.18391597 0.8703807 1.59291196 1.67467833 0.905979574 1.20548379
    0.89680326 1.61621368 1.41863775 1.5190624 1.05609798 1.51269984
    1.67541635 1.06286108 1.3154633 1.97676575 1.0924474 1.24404109
    1.43321609 1.44253874 1.71203375 1.18516338 1.36748898 1.32132697
    0.959406495 1.08221459 1.45154285 1.71455264 1.83136773 1.37857556
    1.76118016 1.25174212 1.88847566 1.2536236 1.6192987 1.75855386
    1.28844714 1.37675703 1.32234168 1.89686704 0.982552052 1.85755682
    1.52743614 1.86803281 1.22966778 1.07805276 1.15378165 0.942290068
    0.834685624 0.975246966 1.44052446 0.780474007 1.38719356 1.75000858
    1.92352843 0.990504146 1.94311237 0.996926367 1.7438128 1.71049356
    1.17674673 1.38415241 1.83247924 1.06615794 1.03415096 1.08130181
    1.21922505 1.60247898 1.70435095 1.66749573 0.984522998 1.22091269
    1.10159743 1.56919956 0.827646673 1.00644052 1.50091994 1.13198483
    1.16364205 1.0065943 1.83510697 1.59826672 1.37626505 1.82027447
    1.46839583 1.4867847 2.04332733 1.94528615 1.22406602 1.33109355
    1.45167136 1.37322605 1.0870204 1.61083817 1.71222055 1.93718505
    1.73838782 1.60974765 1.26100075 2.00056982 1.96869993 1.64110899
    1.11076307 1.7747575 1.19799387 1.82884955 1.07197666 1.77966928
    1.96613503 1.5290792 1.7111063 1.36396396 1.07947922 1.5937345
    1.22837937 1.91305745 1.45371664 1.06063473 0.926537693 1.27909768
    1.12569118 0.918650389 1.50698888 1.10467398 1.05551565 1.75620723
    1.06761217 1.50789976 1.32259524 1.70377588 1.64437711 1.4979589
    1.83884656 1.56504631 1.88909042 1.27613211 1.54436505 1.49200284
    1.66255081 1.44868493 1.52249396 1.71128094 1.96897566 1.28048837
    1.26924038 1.33888495 1.61112785 0.931787074 0.979923189 1.23086667
    1.3865484 1.53465784 1.54523277 1.4414742 1.39535892 1.38522458
    1.71072507 1.14044547 1.8821075 1.70192587 1.26893604 1.28980887
    1.2070576 1.2534529 1.63545322 1.49512434 1.80976784 1.86098993
    1.80586839 1.28291845 1.82526541 1.53409457 1.27525735 1.33245087
    1.90342951 1.42783606 1.32565641 1.65358686 1.44875538 1.82859194
    1.31262505 2.04267454 1.60897326 1.61863482 1.93330038 1.33652842
    1.83163989 1.34365952 1.25921881 1.04080594 1.52136528 1.14873815
    1.94336677 1.77710021 1.57526791 1.69718373 1.09328806 0.880779982
    1.14570034 1.02638686 1.84186387 0.916523218 1.25224984 1.49868476
    1.6967783 0.923566759 1.21272779 1.05720127 1.79578257 1.33305478
    1.49587476 1.48389065 1.03747189 1.36714935 1.58875811 1.20529926
    1.8366859 1.59237182 1.87139654 1.18256772 1.36167347 1.31704915
    1.08140576 1.12399971 1.23884606 1.18936086 1.41678548 1.8296541
    1.94937193 1.69192457 1.51131535 1.49440145 1.53770709 1.61057103
    1.38064361 1.42510211 1.37717092 1.77284312 1.82814658 1.07069016
    1.16495657 2.00660181 1.80300963 1.17264557 1.46266615 1.87873316
    1.20953798 1.43738282 1.77546597 1.47430539 1.51462293 1.11616564
    1.88329709 0.97430402 1.01683736 1.34883714 1.17581666 1.25618267
    1.22484958 1.12839103 1.0234853 1.18605816 1.39033997 1.12572241
    0.960904002 1.86359775 1.56726837 1.16356051 1.55398488 1.45317125
    1.96936774 1.51405072 1.88907671 1.13712823 1.89735484 1.38505054
    1.40531456 1.78397727 1.08260441 1.23114347 1.73308623 1.48928654
    1.03206539 1.15293801 1.03920162 0.934649587 1.31677961 1.52856016
    0.991743863 1.18829572 1.83321953 1.14480627 1.4930141 1.88434815
    1.17201805 1.47356033 1.14151704 1.88247705 1.84848106 1.9956547
    1.92664135 1.68298805 1.01701283 1.29317522 1.44728291 0.610951066
    1.2279793 1.48468578 1.43116355 1.07106006 1.58920372 1.36985362
    1.54427874 1.77106512 1.98232985 1.43846858 1.17130494 1.92873895
    1.76582444 1.88859189 1.86889839 1.78543937 1.97824931 1.11192262
    1.27364016 1.11718738 1.17356145 1.09904695 0.833704472 1.13584459
    1.52754736 1.71321523 1.49902141 0.962579489 1.11255968 0.981669307
    1.42086029 1.72714865 1.61827183 1.64502358 1.82433307 1.68877077
    1.29724526 1.90809619 1.05641234 1.71072865 1.80724633 0.979014218
    1.68182135 1.12740755 1.07715011 1.69937813 1.1222204 1.59076583
    1.82233977 1.80811834 1.12966883 1.51695287 1.7840147 1.15594161
    1.41586673 1.25675666 1.58563209 1.13308156 1.87055779 1.68192685
    1.93529618 1.81263459 1.23719263 1.57517695 1.15216208 0.969394207
    1.5158546 1.84140682 1.79457438 1.10997927 0.945236027 1.14505661
    0.984149098 1.50823665 1.33147418 1.74084508 1.75699425 1.1863209
    1.55885565 1.8342756 1.65910864 1.03453326 1.06495821 1.18147302
    1.36476862 1.93099749 1.17841411 1.49060822 1.99471414 1.70132649
    1.77738452 1.30633771 1.34197271 1.35655999 1.80503488 1.07982743
    1.22543776 1.60195267 1.17559266 1.78215301 0.913824022 1.40520251
    1.28094542 1.90387845 1.46838093 1.85445499 1.80576789 1.14634931
    1.89869738 1.62202275 1.58644581 1.99408829 1.32680142 1.67404783
    1.21716213 1.71610093 1.33491838 1.2715764 1.14023757 1.72170424
    1.53191769 1.44631171 1.94189477 1.7899785 0.954270005 1.76955509
    1.20769858 1.48169911 1.7371887 1.03356206 1.6820153 1.2946496
    1.94211018 1.79303575 1.61771071 1.79784 1.81277275 1.46807289
    1.52319431 1.18194675 1.16987264 1.07720482 1.38649476 1.2290045
    1.69087434 1.25557256 0.96675086 1.08751011 1.58895063 1.15332186
    0.893051267 0.995118976 1.34427977 1.20235753 1.05944932 1.02295578
    1.5601871 1.17023885 1.20207191 1.9434191 1.93421555 1.37151766
    1.36846542 1.0096072 0.951459587 1.31163442 1.16713905 1.74098051
    1.3693701 1.06102526 1.82117307 1.74927676 1.20412397 0.96216166
    1.42521274 1.62945437 1.21438336 1.29443932 1.81177282 1.73602581
    1.79945505 1.4068563 1.69669724 1.98731196 1.96236289 1.27389061
    1.79946029 1.74908483 1.85946977 1.84717417 1.52710164 1.36544144
    1.78085542 1.60575366 1.72663975 1.41680753 1.53617847 1.62620866
    1.86038697 1.04803896 1.32558167 1.28553355 1.77783573 1.34709895
    1.7430408 1.60501409 1.20167053 1.30436933 0.992019713 1.22169805
    1.37353766 0.963630378 1.15145957 1.12242746 1.66190672 1.67676163
    1.21514058 1.75801253 1.89277565 1.17837 1.26225412 1.08578944
    1.70384061 1.70265722 1.8994776 1.18853915 1.91318035 1.47751987
    1.34606397 1.09656501 1.40195966 1.19578505 1.11011648 0.943678021
    0.998871684 1.54278851 1.10399616 1.12302065 1.70278716 1.8656795
    1.28999412 1.19706714 1.05347502 1.92639792 1.11340034 1.05135465
    1.5703907 1.36087847 1.78401351 2.00093174 1.37304521 1.56685388
    1.60219705 1.00302732 0.786393762 1.4758954 1.60206437 1.72824299
    1.8369025 1.34084034 1.96195805 1.81685567 1.34199393 1.49062431
    1.49391127 1.45710683 1.48225319 1.7442404 1.46948183 1.97809315
    1.50042415 1.84798443 1.31458127 1.44763577 1.26715112 1.15614522
    1.09262836 0.942704618 0.867197156 1.29090929 1.0277009 0.987427533
    1.72459412 1.26498175 1.12310088 0.981384516 1.7885251 1.19002581
    1.16064525 1.0988965 1.40623474 1.77575052 1.76309812 1.06090832
    1.48955417 1.82791555 1.31537628 1.53075838 1.25061703 1.09420621
    0.9203794 1.26308906 1.27548766 1.41994667 1.47220552 1.9942596
    1.69789934 1.94821572 1.5912261 1.34437895 1.80943775 1.12823117
    1.54648197 1.1017282 1.98955083 1.34439063 1.56872118 1.41193306
    1.37035739 1.36567664 1.36028421 1.03653395 0.973830938 0.949810743
    1.85604668 1.65783775 0.899476171 1.50828385 1.50318182 1.77572107
    1.61911345 1.38282549 1.0241884 1.35054815 1.18632901 1.25589478
    1.87850785 1.82575822 1.56155825 1.72425151 1.73840964 1.78127635
    1.75821519 1.12831545 1.87534249 1.25677061 1.80358076 1.65309167
    1.4592545 1.79430616 1.54350328 1.58031487 1.76157975 1.39262557
    1.16695154 1.24110508 1.88184214 1.82687724 1.27190936 1.12441349
    1.09257782 1.18312538 1.78820395 1.10522807 1.60512948 1.61232316
    1.98888874 1.84214914 1.10501194 1.80610561 1.70586395 1.74999714
    1.25689149 1.86627555 1.97857308 1.44893503 1.61857021 1.82880402
    1.70674217 1.42181599 1.2225132 1.25228071 1.35328472 1.46525526
    0.939142704 1.13613999 1.42823362 1.33891141 1.97438955 1.96805704
    1.20953953 1.14782989 1.8629353 1.08105373 1.18071997 1.5791477
    1.73439038 1.47712743 1.44950175 1.95171285 1.64646018 1.71219134
    1.78018928 1.70439458 1.07233632 1.02558422 1.51766944 1.47269952
    1.23573124 0.975883961 1.36862659 1.42589414 1.60904372 1.62792099
    1.65752649 1.02385044 1.69401169 1.41332257 1.10060465 1.08445251
    1.75368154 0.908331215 1.21247435 1.52367747 1.22255909 1.31800747
    1.90803492 1.28307176 1.64340532 1.8995378 1.89735293 0.982814968
    1.43005204 1.10432804 1.19627643 1.76063204 1.20045173 1.07232594
    1.7953285 1.69029343 1.94960284 1.34131634 1.71003008 1.32209218
    1.84473419 1.3463093 1.09756601 1.76995885 1.56752598 2.01611114
    1.30232406 1.34385359 1.97739851 1.79933143 1.42771327 1.67445207
    1.02753711 1.52452159 1.7165854 1.70027578 0.995936394 1.53244424
    1.38689435 1.83417392 1.55412591 1.15413618 1.15038764 1.63944578
    1.23719239 1.30492401 1.27083313 1.18378615 1.48845732 1.80088949
    1.57925797 1.79457104 1.3776592 1.33399451 1.73479974 1.82947803
    1.3365705 1.57778203 1.66201854 1.34538102 1.3024416 0.916000068
    1.12031615 1.33352017 1.42044055 1.60817492 1.7539891 1.0748924
    0.99709177 1.83878875 0.906840324 1.32383871 1.78303766 1.47167599
    1.35161495 1.88825226 1.14198422 1.87788022 1.5925833 1.8616333
    1.78677857 1.53646135 1.23810542 0.926359475 1.29295993 1.09370947
    1.35631061 0.986233175 0.976772666 1.6130029 1.52183306 1.93636286
    1.05309653 1.12057054 1.96315742 2.02512002 1.09999061 1.65465045
    1.17197907 1.33055401 1.5588237 1.99417794 1.9143883 1.15989232
    1.22028089 1.6730094 1.3692708 1.47531915 1.83159494 1.67854321
    1.35345328 1.05882406 1.35240722 1.6287117 0.946837723 1.19566083
    1.19327497 1.5360142 1.38569391 1.08267927 0.950633764 1.60356176
    1.06376779 1.56897128 1.77406847 1.06880295 1.24368632 1.76095653
    1.53765762 1.6097157 1.4518435 1.34207463 1.23049581 1.05952346
    1.5528723 1.06703615 1.07671559 1.84161437 1.02542353 1.85422766
    1.15789986 1.44779599 1.75751865 1.0042156 1.86623287 1.29150164
    1.37495124 1.6473949 1.95023465 1.26593852 1.28995073 1.6522429
    1.39225543 1.16627991 1.80037344 1.70819271 1.00875831 1.00199747
    1.84635746 1.00886846 1.21260345 0.89882338 1.20565975 1.31110954
    1.90744662 1.41387928 1.2808497 1.60727549 1.20362914 1.8381592
    1.28259468 1.72037423 1.80506086 1.76288068 1.6655525 2.01997018
    1.07399285 1.26780224 1.88618052 1.90724123 1.84639668 2.03381896
    1.38956535 1.42022455 1.70934153 1.87655652 1.90108383 1.85159039
    0.996999145 1.18755662 0.988677621 1.43561196 1.45694947 1.50970197
    0.925765157 1.30856323 1.02059054 1.76912129 2.05142927 1.78760803
    1.30900359 1.95852196 1.61315691 1.11678731 1.75506389 1.85450709
    1.28392768 1.03160322 1.74282146 1.00754738 1.67090297 0.92683357
    1.27821922 1.74272406 1.21270967 0.882615328 1.05568314 1.10816813
    1.53851593 1.12734032 1.48050761 2.0000782 1.44414139 1.73431098
    1.36569452 1.09051001 1.82722735 1.9372853 1.20863783 1.26369154
    1.54408205 1.74859011 1.29249382 1.63519645 1.58582628 1.02566111
    1.80982876 1.4968009 1.04143298 1.84666765 1.14558399 1.66598439
    1.29268754 1.84389687 1.00457048 1.78846681 1.93555319 1.26639473
    1.60814822 1.17708802 1.51344466 0.951086044 1.13514328 1.72678018
    1.23200667 1.73051381 1.33583879 1.27399445 1.19575667 1.24951386
    1.38476193 1.09421003 1.08211112 1.86574483 1.34869397 1.14482975
    0.998576462 1.58867645 1.84681523 1.27800238 1.72487664 1.82982194
    1.77524328 1.5091604 1.66060758 1.19147944 1.24708462 1.28462493
    1.30005777 1.4375236 1.05849779 1.17819369 1.80408108 1.92869377
    1.91823733 1.69804585 1.92600656 1.0362457 1.54471636 1.32059503
    1.87590659 1.85315442 1.68552685 1.90507686 1.96012115 1.90613425
    1.16237843 1.39441454 1.37451708 0.857712269 0.841121256 0.975841522
    1.00879848 1.32954419 1.31906486 1.07607722 1.06817389 1.32496738
    1.01732957 0.998109758 1.2514236 1.83292198 1.26295578 1.64571357
    1.38506269 1.19808912 1.29769528 1.67588508 1.55723107 1.50218546
    1.11275554 1.02960026 1.68156886 1.68600416 1.15431893 1.41246235
    1.42204666 1.76543903 1.61456132 1.5500381 1.56960118 1.39895034
    1.94552779 1.46634412 1.17643797 1.49341762 1.07209349 1.3899349
    1.6062932 0.951216877 1.05653715 1.3110795 0.657879651 0.890684009
    1.11022139 0.877290249 1.64932537 1.30269814 1.15231085 1.86496079
    1.77767408 2.05600691 1.0827781 1.61434579 1.32093585 1.27708495
    1.95534694 1.7959938 1.70618141 1.70988333 1.14403081 1.83051085
    1.37898588 1.87880683 1.42066979 0.91985631 1.81023037 1.21118736
    1.14866412 1.34678113 1.3799299 1.69878626 1.43853951 1.32483411
    1.07828307 1.66224241 1.36768234 1.82492709 1.1534934 1.65048206
    1.62159848 1.80741608 1.6132462 1.80627143 0.952147186 1.10222387
    1.45293474 1.50841141 1.53675282 1.18674815 1.02760243 1.73436284
    1.72984827 1.7269311 1.93454981 1.34119081 1.22963953 1.20394623
    1.28512156 1.81964099 1.88954008 1.4674902 1.51437092 1.05958426
    1.8556354 1.51925945 1.86783814 1.30498028 1.02031767 1.50941396
    1.2870996 1.71329975 1.12117016 1.21328318 1.0595535 0.995514572
    1.408481 1.25330234 1.54640436 1.18883467 1.96537888 1.44853497
    1.73030651 1.34440947 1.90398192 1.83838439 1.52017164 1.59610057
    1.64814317 1.97004044 1.52578819 1.89738643 1.61872804 1.80700207
    1.67697203 1.38196826 1.88018489 1.27625418 1.89021671 1.62723124
    1.82068551 1.47196472 1.59617376 1.00531447 1.87267113 1.28014338
    1.52895379 1.05696785 1.02369368 0.998232067 1.63231301 1.16207504
    1.57003999 1.98361695 1.59817195 1.77232599 1.85079753 1.92811525
    1.99915195 1.86998236 1.264346 1.29180682 1.64925623 1.01154244
    1.8599211 1.45635581 0.909736812 0.945738673 1.11181116 1.48741758
    1.19563282 1.34527218 0.970031023 1.22960007 1.31125259 1.70632088
    1.53718257 1.35822833 1.98112845 1.13385439 1.9476124 1.09449041
    1.74307072 1.91201711 1.34642541 1.94809103 1.87097919 1.57119811
    1.81100869 1.64159 1.54937243 1.00949824 1.14878726 1.04960728
    1.22079611 1.7265991 1.45633066 1.10177028 1.11304951 1.27613568
    1.23475885 1.57475913 1.81914628 1.30291784 1.09893787 1.43856871
    1.04149592 1.79697156 1.40528297 1.31238604 1.6278441 1.28895938
    1.3030467 1.24811256 0.900658906 1.11097431 1.80374217 1.46078324
    1.69268334 1.70878804 1.53936243 1.84484327 1.49477005 1.4068954
    1.51341879 1.6165421 1.28450692 1.66893804 1.57682836 1.58124161
    1.77562845 1.39825213 1.62608373 1.52107275 1.36404157 1.81801915
    1.77637398 1.77480519 1.40208685 1.29831874 0.965886056 1.13924396
    1.85680342 1.39843118 1.00072205 0.983351529 1.77061856 1.68513334
    1.4299401 1.08313262 1.85130084 1.13341248 1.1900419 1.64749897
    1.18676937 0.907982528 1.27543175 1.49647331 1.30401587 0.858059347
    0.989615858 0.984855354 1.8100189 1.93155909 1.62396371 1.34802318
    1.88579524 1.85540307 1.24855995 1.43091333 1.46972001 1.60751641
    1.45445335 1.64063656 1.16054356 1.0419594 1.1300118 1.30789304
    0.905817151 1.75564229 1.59724689 1.21257007 1.42492115 1.47105062
    1.15909874 1.8866421 1.90767694 1.12499344 1.87006426 1.07748294
    1.43598199 1.5340637 1.51627624 1.13243783 1.26098812 1.42003465
    1.51614928 1.55964494 1.2010814 0.712777138 1.52482712 1.03156066
    0.942411005 1.68842578 1.73185003 1.60048532 2.02421594 1.59119952
    1.9928844 1.42675722 1.75360048 2.00752378 1.53091252 1.09214473
    1.83235407 1.88334608 1.86761916 1.09964514 1.61080968 1.83409393
    1.71093726 1.74574947 0.996877491 1.4378866 1.56913614 1.64370227
    0.988427818 1.71750379 1.28140855 1.22972846 1.83283675 1.41898286
    1.49300992 1.31442702 1.20935774 1.80613911 1.23830092 1.36182153
    1.50029314 1.61132073 1.09900606 1.74504638 1.7441138 1.05422318
    1.23862505 1.67254066 1.80013192 1.47976637 1.14408851 1.92082787
    1.25792778 1.7148813 1.92480183 1.25447965 1.58048391 1.19495404
    1.0624578 1.21417427 1.32852554 1.32747054 1.57309675 1.6052283
    1.53391647 1.33693099 0.926083803 1.69158387 1.61289692 1.38922763
    1.39188862 1.15852058 1.21780217 1.74244368 1.15207827 1.22913027
    1.82609677 1.05660689 1.15410542 1.8983959 1.55731452 1.21685827
    1.66941106 0.934662461 1.01835406 1.00394166 1.79591715 1.06526268
    1.48941088 1.53102219 1.36008799 1.25376523 1.14279413 2.06633806
    1.71174479 1.9510051 1.8188225 2.02116847 1.12936711 1.14851832
    1.84891188 1.39531147 1.78413963 1.55436218 1.00836301 1.13047183
    1.03036165 0.941855788 1.65251946 1.08959413 1.08489585 1.80561388
    1.15168333 1.50174713 1.70611989 1.28211522 1.26812279 1.80482376
    1.68640292 1.11883926 1.21553504 1.44805539 1.7600174 1.63108838
    1.48327541 1.17165482 1.81358683 0.8971228 1.19066477 0.968458712
    1.12245262 1.88082027 1.78226292 1.96674728 1.52175438 1.49722886
    1.69118893 1.48556471 0.982572675 1.59097385 1.09505236 1.2147243
    1.43433177 1.02360845 1.83888352 1.09011936 1.07894027 1.15660977
    1.7807759 1.49516201 1.12465036 1.69074285 1.47293031 1.56000841
    1.06427145 0.883627355 1.25598812 0.930700362 1.58539546 1.28092921
    1.40200925 1.70683157 1.47141016 1.16610146 1.40691733 1.11197603
    1.75773871 1.51973999 1.69643271 1.1436348 1.63728034 1.40873599
    1.38949859 1.23970211 1.17342639 1.21499658 1.62833321 1.64804971
    1.22972751 1.50660789 1.31634712 1.71098959 1.24575269 0.978351355
    1.59074736 1.10799122 1.49554718 1.0958643 1.52004468 1.44065881
    1.4131186 1.9630537 1.71610427 1.37300801 1.66308975 0.999935627
    1.60003674 1.07091475 1.07128143 0.971331239 1.76943779 1.76726103
    1.20047259 1.0404743 1.3301053 1.3416667 1.40145397 1.97959948
    1.01252496 1.25109649 1.81911957 1.52842152 1.08529091 1.85401118
    1.03435934 1.12107313 1.7468915 1.09673083 1.02759385 1.45603406
    1.75231409 1.9040941 1.74263513 1.26902556 1.10754085 1.81386745
    1.12963867 1.91236305 1.04397297 1.30698192 1.3965205 1.24539554
    1.83781624 1.22782493 1.83865178 1.72178471 1.61638343 1.60500419
    1.02096879 0.906011879 0.888593495 0.937182724 1.46753991 1.05918097
    1.26912236 1.95202982 1.45098388 1.37832022 1.83711314 1.0020411
    0.981793046 1.8228606 1.3427949 1.46093357 1.53437996 1.39943016
    1.37876666 1.16602087 1.41311002 0.768326581 1.70972383 1.45730019
    1.18465614 1.8242774 1.16801381 1.66865659 2.02978063 1.64740217
    1.47515082 2.013556 1.58219063 1.52872849 1.64375448 1.30477059
    1.24048507 1.37735462 1.2205832 1.90115798 1.00764596 1.3844136
    1.72357595 1.76757956 1.78706336 0.905311644 1.77934861 1.15103078
    0.998366356 0.98240602 1.607023 1.28444469 1.39113557 1.21068025
    1.41672301 0.934974313 1.28385091 1.42462826 1.14743197 1.1280508
    1.36214888 1.73062313 1.70734096 1.88295138 0.987443566 1.41485417
    1.85070074 1.84288645 1.18631423 1.42572856 1.23914361 1.18616211
    1.45173883 0.973251104 1.86270106 1.16907871 1.7049166 1.25060105
    1.81301832 1.70080864 1.71152699 1.0938673 1.3283174 1.36565721
    1.24193859 1.03484929 1.34308207 1.78510606 1.83320665 1.70367634
    1.05859458 1.65877664 1.53697789 1.96180797 1.16190135 1.75814247
    1.47812045 1.75852561 1.93960452 1.89406383 1.26754594 1.38806987
    1.12308121 1.25692248 1.76700449 1.62665164 1.05099154 1.40635335
    1.80870056 1.61359179 1.86359942 1.64025736 1.91855121 1.61883605
    1.99961877 1.73796749 1.76726294 1.46611953 1.24485135 1.50416327
    1.00364399 1.39409888 1.24654281 1.26344836 1.08432472 1.68009377
    1.44939744 1.85582614 1.81483984 1.00449646 2.01191902 1.68636322
    1.65704715 2.01794291 1.8551122 1.6817106 1.58346736 1.86171544
    1.3093828 1.15449893 0.941236317 0.911859393 1.52173889 1.38521266
    1.20422673 1.16594577 1.84452868 1.70314217 1.71465611 1.86322427
    1.78642929 1.19827759 1.34911633 1.5348258 1.57080352 1.34239364
    1.89442384 1.79161763 1.03164876 0.99958086 1.57398093 1.25059497
    0.971665978 1.65864933 1.41580176 1.8697834 1.48982239 1.19056892
    0.919572949 1.47508574 0.891978025 1.46887457 1.37645566 1.06187594
    1.31206036 0.975618899 1.8808862 1.76250243 1.89830959 0.959425688
    0.921730697 1.65559244 1.06951618 1.14869142 1.58077955 1.17436814
    1.36522996 1.90341485 1.55730319 1.69185328 1.62425292 0.869906068
    1.07763529 1.79592431 1.07884979 0.975929379 0.961721241 1.12437689
    1.79816604 1.37475562 1.49989581 1.19068992 1.15011704 1.53109705
    1.52701199 1.36721885 1.04092157 1.25234354 1.71244454 1.51349831
    1.53034008 1.70457935 1.18739545 1.40468764 1.4457916 1.58679795
    1.35677838 1.14429319 1.71709585 1.40344298 1.54850709 1.95798945
    1.81157351 1.97606707 1.29043698 1.24127603 1.1687268 1.91091108
    1.16908669 1.87653124 1.76386929 1.43830001 1.53045261 0.992820501
    1.21607268 1.80967903 1.52126575 1.68309855 1.43593979 1.88024473
    1.49210882 1.12573457 1.41691303 1.10786104 1.33786702 1.82711983
    0.960890949 1.79139614 1.73390532 1.10007155 1.4867512 1.92040122
    1.34768021 1.38252401 1.75300062 1.09682095 1.7228502 1.24381876
    1.22624719 1.0219624 1.83853376 1.02019715 1.09879065 1.68472791
    1.8369627 1.00926185 1.56867123 1.33516788 1.51182139 1.44407296
    1.59672081 1.01479304 1.21297657 0.891382933 1.56279004 1.04608786
    0.604403913 1.03500628 1.66345942 1.23698294 1.5994041 1.98519528
    1.47947598 1.95760655 1.5081985 1.97600853 1.37328172 1.54417169
    1.17675757 1.9066534 1.99927139 1.86462104 1.1171031 1.68309426
    1.39429009 1.20644403 1.4124881 1.63854444 1.65519226 1.83566451
    1.74481833 1.21075773 0.927298725 1.79836321 1.13202453 1.23593283
    0.878278971 1.00020015 0.948692203 1.3735162 1.12451172 1.52859747
    1.32763219 0.878573596 1.1864363 1.36131239 1.77065647 0.899792314
    1.12023699 1.18670225 1.76750004 1.29467642 1.89263332 1.88346744
    1.73267758 1.39786971 1.4053998 1.2333349 1.26494765 0.891157746
    1.30833697 0.94643867 1.46701002 0.881427407 1.11878979 1.51284158
    1.48322546 1.05531132 1.72525251 1.47926188 1.03143549 1.20668447
    1.37253046 1.24950778 1.53288901 1.62388062 1.01703823 1.05698419
    1.88016164 1.84452093 1.34555495 1.13052881 1.96323979 1.49909902
    1.97752094 1.39538336 1.16573298 0.928447068 0.939950943 0.882472098
    1.2353518 1.26505065 1.49114561 1.62021589 1.91627383 1.01532876
    1.13206792 1.22154522 1.22128439 1.97356939 1.98651075 1.55338788
    1.40190685 1.95323133 1.91863763 1.69404197 0.924871325 1.02781451
    0.835460424 1.69109452 0.880090296 0.94004482 1.73986506 1.07708383
    1.74021423 0.988534749 1.10311043 1.42221141 1.81000447 1.80001962
    1.87077093 1.61122 1.64508843 1.47986794 1.00978231 1.46947634
    1.51282132 1.42568541 1.26392686 1.34238267 1.44705343 0.970278203
    1.08124375 1.20840287 1.44438696 1.66327548 1.43988347 1.3531096
    1.54644489 1.15151393 1.35376155 1.30479407 1.18470037 1.13653755
    1.32580483 1.40061092 1.65418625 1.13161695 1.78637183 1.42783809
    1.42175949 1.69703364 0.910165668 0.955426395 1.18033528 1.60358429
    1.0390321 1.02050054 1.59311652 1.79594755 1.38338804 1.42175674
    0.996649086 1.32795477 1.3934834 1.65456963 1.50597692 1.30766571
    1.61234212 1.12046659 1.21103871 1.26575077 1.83367622 1.19823039
    1.46321988 0.947646677 1.11081159 1.42625797 1.32211292 1.31962132
    1.21178675 1.60685015 1.13782907 1.86238027 1.49324489 0.98062706
    1.35428727 0.893878579 0.90269351 1.12193155 1.67968261 1.78941321
    1.79588974 1.54148507 1.83057415 1.803074 1.46834695 1.49641585
    1.18419969 1.13316464 1.04407716 1.83106649 1.03495491 0.988368869
    1.12516403 1.82559037 1.36150551 1.92301881 1.94734287 1.49862897
    1.81983793 1.48329985 1.71497142 1.01596653 1.5704633 1.80522728
    1.45837319 1.69969797 1.20426655 1.5035764 1.02370644 1.62646449
    0.967050433 1.89442408 1.93075454 0.967525303 1.08063734 1.58022988
    1.91596305 1.33963776 1.61570919 1.33625209 1.14841318 1.24902129
    1.06545448 1.88636136 1.92116308 1.49428177 1.87858939 1.10338509
    1.70997918 1.27694881 1.16140115 1.43787122 0.964323401 1.30159485
    1.19762838 1.39283204 1.89124215 1.1864785 1.60011387 1.13997555
    0.952347577 1.66416276 1.08452797 1.74077666 1.82972479 1.21574748
    1.557163 1.39021719 0.680606067 0.589734912 1.20578623 0.732409418
    1.52458858 1.60658514 1.68618 1.54404891 1.51142943 2.05054808
    1.8464632 2.00162268 1.0569036 2.00577784 1.02823973 1.84144652
    1.38463986 1.75911093 1.8767395 1.90852046 1.43069935 1.35581863
    1.35792732 1.123119 1.37612641 1.51369977 1.11508322 1.11525989
    1.00278986 1.73652649 1.53779447 0.975769043 1.71863568 1.51906073
    1.75933015 1.35736668 1.23877001 1.13635767 0.964982986 1.37403631
    1.08530509 1.36190343 1.03190398 0.994330227 1.49164474 1.19681168
    1.79611444 1.13103473 1.58808935 1.32830298 1.52568853 1.37629533
    1.60331917 1.0724988 1.11952829 1.18910825 1.06578219 1.00581336
    1.54599071 1.10980415 1.34625185 1.14032733 1.07845366 1.21008122
    1.473207 1.49646926 1.75052154 1.93009436 1.18599021 1.81784046
    1.38035762 1.1897651 1.84245241 1.90479529 1.90670133 1.57995296
    1.88345277 2.02587843 1.35290742 1.86281443 1.74974823 1.03257275
    1.40949082 0.9150576 1.14813352 1.43205595 1.38880599 1.24947762
    1.14410245 1.74168694 1.75040507 1.32804775 1.49920392 1.77669597
    1.26393056 1.8874805 1.59863365 1.13661587 1.18519831 1.1501646
    1.29321337 0.951510012 0.894428074 1.32058144 1.704283 0.848248482
    1.12486672 1.65771329 1.13390088 1.74515724 0.916213989 1.92001021
    1.70027602 1.76496005 1.99173248 1.24312067 1.06776392 1.18120015
    1.69043636 1.41612554 1.13797808 1.6498673 1.21014035 1.42937434
    1.01998079 1.27688491 1.66851199 0.997137308 1.81344628 1.2341311
    1.30662072 1.43163037 1.15847194 1.70951211 1.13618433 1.63674617
    1.5058924 1.80194032 0.94225955 1.19284439 1.13890827 1.79538846
    1.47764921 1.40796804 1.39457798 1.03316152 1.26648438 1.2879945
    1.40467238 0.971095026 1.78638375 0.921317339 1.69587827 1.1576618
    1.78469813 1.8356694 1.38788998 1.27343583 1.09233963 1.25045753
    1.71773207 0.913685381 1.36333799 1.39539707 1.64695406 1.2099787
    1.12803662 1.04164636 1.09075129 1.80449367 1.65734577 1.06367397
    1.38537979 1.67764902 1.02137077 0.967143059 1.33251643 1.62236941
    1.31222308 1.09359252 1.33888781 0.937651932 1.87102056 0.891622365
    1.57473469 1.42870581 1.33776498 1.00335622 0.981984675 1.51406527
    1.1629585 1.86020589 1.87756884 1.605757 1.94658387 1.59428537
    1.85824037 1.55836487 1.73295653 1.05308664 1.91810536 1.92638302
    1.59641755 1.39032233 1.15856802 1.71169674 1.96744537 1.5519495
    1.49626815 1.28572857 1.67229664 1.43029785 1.1680063 1.90214109
    1.91576111 1.24282253 1.13151264 1.67058027 0.980609894 1.41046858
    1.36026001 0.948419392 1.1399281 1.67760777 1.34857702 1.30750012
    1.59252965 1.49078274 1.27721035 1.60863876 1.16161907 1.61760652
    1.5424149 1.82727945 0.963577569 1.64303613 1.51742077 1.05940068
    1.65905499 1.0411315 1.16713643 1.90035808 1.98468864 1.73608696
    1.48844481 1.85661089 1.08871698 1.08533049 1.13876534 1.62785172
    1.27654219 1.73754835 0.956118464 1.21153557 1.18389297 1.42489469
    1.13990331 0.863232732 0.576487303 1.08505678 1.75148368 0.935898662
    1.86107421 1.329229 1.79163992 1.91989803 1.6893537 1.06834662
    1.70249689 1.24265158 1.17284775 1.39812231 1.51618791 1.31676531
    1.83194494 1.21447277 1.51294029 1.24524069 1.01291001 1.10648656
    1.29591393 0.966376662 1.43714917 1.10689712 1.50737214 0.879947424
    0.89300245 0.976045072 0.871871173 1.01993883 1.5434469 1.56566489
    0.968093336 1.47830284 1.2715559 1.35536397 0.992740154 1.14712155
    1.52171564 1.50907004 1.1152494 1.16095364 1.40058017 1.37710989
    1.87619579 1.02960372 1.34621501 1.95253384 1.58831954 1.71076667
    1.25144219 1.70644867 1.6113863 0.998282433 1.68002605 0.958310843
    0.868300736 1.59231305 0.846992075 1.27802992 1.00892186 1.72966623
    1.78515148 1.73665309 1.80823135 1.83805168 1.01760507 1.56614757
    1.9384402 1.21834731 1.19241762 1.62575388 1.24641657 2.04397631
    1.94949293 1.93181753 1.52336907 1.24918818 1.12340903 1.69505906
    1.21546423 1.2379142 1.59026706 1.00663626 1.67283046 1.54506397
    1.31148899 1.75927591 1.17009151 1.78640342 1.14734781 1.07788408
    0.963563502 1.09130776 1.56417811 1.28783381 1.23699617 1.41197121
    1.14328313 1.29600549 1.02505255 0.861075878 1.07431901 0.974524379
    1.46793997 1.26424348 0.892602801 1.45657909 1.47815323 1.69806814
    1.39113522 1.93942893 1.20276725 1.62314451 1.35179424 1.69781077
    1.43926001 1.41497278 1.61034834 1.88620007 1.62983322 0.954402506
    1.23598123 1.25567985 1.83994031 1.48458695 1.49905813 1.4031167
    1.48189235 1.15373933 1.03533924 1.584288 1.30806017 1.44174695
    1.30277443 1.57272995 1.11911082 0.924594164 1.06459105 1.2907331
    1.08289289 1.18361866 1.79414713 1.02497923 1.8084805 1.84245825
    1.47701108 1.02041185 1.41152501 1.85630822 0.979637265 1.61566281
    1.88036752 1.35486424 1.81021774 1.01355207 1.42029476 1.1301831
    0.990358651 1.79754543 1.47222388 1.15325701 1.23145282 1.03779161
    1.85555661 1.80240953 1.50384533 1.01657677 1.08834624 0.897831261
    1.3210367 1.38348854 1.30525672 1.68322706 1.47652733 1.5874306
    1.89334536 1.48428261 1.26310611 1.76813793 1.1712383 1.87723529
    1.02836668 0.929879487 1.38637638 1.31182933 1.01056802 1.72950387
    1.51582301 1.24098778 1.25784218 1.5709188 1.3610301 1.30937696
    1.40650892 1.82292867 1.41122115 1.87767124 1.89779985 1.49263275
    1.40391505 1.49881876 1.38912225 1.93839324 1.7321732 1.43179142
    1.8275125 1.33154595 1.41330719 1.61429548 1.68777061 1.14319265
    1.24001741 1.79445767 1.35113788 1.510481 1.36651206 0.961624444
    1.73185205 1.32430434 0.99277997 1.17028081 1.13888013 1.19382393
    1.26594937 1.30104899 1.18180871 1.16868222 1.45617998 1.54281032
    1.30442178 1.14533842 1.91238689 0.981542289 1.69206142 1.85477483
    1.98609519 1.83934402 1.49502623 1.95843935 1.47617555 1.64779496
    1.78617787 1.69985378 1.25826693 1.65964019 1.81590521 1.74585366
    1.84966516 1.77177918 1.14940286 0.978228629 0.985493481 1.4118135
    0.760393918 0.707142472 0.920370162 1.02757347 1.29982984 1.30926275
    1.89885724 1.54254484 1.56869614 1.42819071 1.29230452 1.96004462
    1.60223627 1.70384407 1.08047414 1.19319236 1.91461694 1.62438631
    1.21071947 1.55008578 1.82778192 1.86519063 1.72227192 1.00515306
    1.72027183 1.60388434 1.24847114 1.40251279 1.03697681 0.846845448
    1.52401793 1.0075078 1.20568061 1.47022831 1.37047184 1.74455726
    1.0308094 0.957351446 1.77360046 0.937382877 1.56401265 1.6748054
    1.89743626 1.19170356 1.39673901 1.18597412 1.39215207 1.95441961
    0.988887727 1.76781154 1.44343925 1.69560623 1.2359544 1.72121048
    1.53961647 1.20138943 1.66825712 1.66947746 1.55599725 1.55639422
    1.42811251 1.26453471 1.38301277 1.71963239 1.15872669 1.18722761
    1.23614812 1.80125415 1.32046032 1.71910012 1.30399477 1.76482356
    1.8941642 1.27451599 1.98999381 1.28955591 1.90963054 1.66682458
    1.96203601 1.8790077 1.38467753 1.58796096 0.924977481 1.86531293
    1.27753818 1.47079706 1.1034652 1.75876188 1.52556109 1.28458142
    1.57661712 1.73208582 1.290941 1.49604177 1.36237657 0.969889641
    1.87562549 1.60220385 1.24828434 1.11137342 0.894565761 1.24341512
    1.06268835 1.08550715 1.29908741 1.73582983 1.77821946 1.13316405
    1.00214255 1.04866731 1.27408767 1.13908005 1.68682837 1.38282979
    1.5483799 1.90835929 1.08167136 1.08658373 1.63989067 1.40622842
    1.16937685 1.29088998 1.38591361 1.79130709 1.83474529 1.91946924
    1.9529072 1.51801622 1.88928938 1.50421464 0.987173319 1.72545207
    1.0184145 1.26748013 1.6844306 1.73424518 1.26002777 1.33067811
    1.63321769 1.18095946 1.32789087 1.00354898 0.986849606 1.31196713
    1.42653084 1.74147391 1.23700619 1.52378535 1.33310723 0.928571939
    1.73885036 1.36012697 1.83188808 1.76002789 1.81223869 1.78827119
    1.05249548 0.952048481 1.75697613 0.925585091 1.53746569 0.945614338
    0.869733155 1.5164597 1.34560418 1.66693616 1.69808292 0.910931528
    1.08778453 1.18371487 0.90871799 1.62372994 1.03735137 1.80204761
    1.07676649 1.53898597 0.975556731 1.7792244 1.82095075 0.948072612
    1.0274694 1.65226734 1.4816004 1.84532964 1.2454313 1.61014295
    1.36359727 1.24052 1.52673125 1.67212367 1.73574626 1.90908062
    1.61834669 1.93554831 1.5108726 1.80116558 1.17360806 1.87247562
    1.6930815 1.75515699 1.56184685 1.57941818 1.60791779 1.60585141
    1.34946501 1.51749921 1.6728214 1.79768968 1.84822929 1.28922629
    1.42901158 1.98440862 1.90663064 1.5759877 1.9430958 1.85683882
    1.40226984 1.94002795 1.33791244 1.76456547 1.30189562 1.49764895
    1.0658114 0.998261392 1.64906394 1.75155461 1.41870868 1.44220793
    1.26024318 0.934728801 1.37157714 1.83471358 1.5214293 1.25802612
    1.83075535 1.13967407 1.71825528 1.77742636 1.43741977 1.84967887
    1.31724501 1.71699429 1.6763531 1.81155193 1.94983053 1.31247592
    1.94531715 1.50895214 1.21130371 1.82786477 1.72934175 1.11567235
    1.63869512 0.934431195 0.765930295 1.15744865 1.14406776 1.50216424
    1.55595326 1.70260882 1.8455224 1.76301527 1.43151569 2.05273676
    1.90382695 1.29113162 1.51881826 1.78870749 1.30371761 1.34965396
    1.45801342 1.5392282 1.54974997 1.72504961 1.55444121 0.990266562
    1.30455863 1.22193599 1.69459462 1.63156843 1.83120203 1.78457248
    1.19306517 1.15951955 1.52968693 1.28882265 1.29218674 1.28489041
    1.00472558 1.75550067 1.18544316 1.68000877 0.99434495 0.89941901
    1.74686527 1.5248692 1.32779682 1.30389464 1.2370491 1.08079219
    1.22429049 1.74032354 1.89118111 1.50274801 1.67494988 1.21985674
    0.924093604 1.14350128 1.81875658 1.69066405 1.19424748 1.01920581
    1.10978401 1.08648992 0.868511677 0.852776349 0.910312712
    0.868897319 1.22728777 1.53181767 1.67152548 1.75464272 1.26108003
    1.02593505 1.33454657 1.88999188 1.24966419 1.79488432 1.61539328
    1.34542561 1.36140633 1.77508724 1.8077352 2.07351232 2.04206204
    1.21208572 1.54611635 1.24549985 1.52879202 0.951536238 1.56306267
    1.88577974 1.81901252 1.12124383 1.2564075 1.64425683 1.30024135
    1.61567128 1.69526601 1.44377947 1.39488959 1.54554605 1.62063861
    1.19608474 1.60385919 1.4728837 1.43854249 1.06253409 1.60085988
    1.57155943 0.840918124 1.1953758 0.913571656 0.998908639 1.50285089
    1.62581694 1.17207468 1.50135803 1.71570754 1.08525491 1.01797092
    1.14380801 1.59649909 1.6196717 1.27283216 1.17815828 1.28843689
    1.39439034 1.95536482 1.09811413 1.14570546 1.73618567 1.17741096
    1.44992673 1.83917844 0.948909938 1.85368323 1.66268063 1.42513335
    1.21013904 1.73514795 1.70861232 1.57077849 1.43448031 1.65975821
    1.72054267 1.58382952 1.51804304 1.45912933 1.90827465 1.84292281
    1.30181658 1.34290981 1.79004872 1.16505301 1.49169624 1.42035437
    0.966600895 1.3454268 1.30793917 1.7474544 1.86585224 1.5286473
    1.36863232 1.42151964 1.74651742 1.34010124 1.01412761 1.49840045
    0.961435318 1.3845005 1.35270274 1.15291607 1.70028234 1.04237986
    0.929137528 0.817346036 0.843196988 0.891898096 1.77726221
    1.15053296 1.72329819 1.25199854 1.35500145 1.71472394 1.41243279
    1.36129391 1.32888412 1.7238543 0.91943866 1.68921006 0.894713044
    1.31274331 1.18946612 1.29157376 1.55836296 1.5299685 1.93853199
    1.42872763 1.58089542 1.94625199 1.77394962 1.3252331 1.62877071
    1.7539773 1.74180686 1.43847394 1.02718282 1.68798578 1.43086576
    1.81867802 1.02434361 1.16814399 1.46080875 1.98598254 1.61697197
    2.01256442 1.9322691 1.89838934 2.08058548 2.04125381 1.09734023
    1.64311743 1.64781177 1.53739154 1.76236475 1.39521503 1.88602185
    1.19421065 1.33403039 1.03424191 1.26918221 1.43971848 1.31284416
    0.967000663 1.74593413 1.41361904 0.922697067 1.24370515 1.59794033
    1.39488852 1.30671406 1.86466134 1.0631032 1.43666971 1.65539145
    1.38514268 1.68878412 1.86591291 1.99825883 1.70330429 1.50304306
    1.006917 1.459409 1.07801151 1.1636734 1.50237989 1.15908277
    1.84233236 0.888541937 1.43580198 0.830414236 0.926457345 1.60299551
    1.82784677 1.98549974 1.79607594 1.46141756 1.8591584 1.34318626
    1.35969448 1.01421702 1.88863313 1.68072832 1.34403908 1.27424157
    1.52455854 1.03509557 1.64851344 1.94854558 1.67030644 1.50719392
    1.43831563 1.7156359 1.83247328 1.26482725 1.03777552 1.68465602
    0.938423038 1.76565087 1.54348683 1.49169779 1.81261122 1.11259246
    0.881661355 1.76382697 1.52179229 1.62613976 1.1868906 1.49880528
    1.00681686 1.41500318 1.2461648 1.42981029 1.09425831 1.39409077
    1.60816336 1.12133646 1.29323626 1.03027105 1.36379838 0.956282616
    1.3783288 1.66173565 0.978370547 1.48486257 1.2839098 1.56718516
    1.45769608 0.879929781 1.8374747 1.13703227 1.69874978 1.22354186
    1.89282632 1.85645974 1.30776489 1.2366457 1.98030913 0.997543097
    1.85529172 1.12445605 1.6105969 1.25961947 1.19775057 1.75305271
    1.95663953 1.69840896 1.20263624 2.0288887 2.11405659 1.22225428
    1.69694817 1.8840369 1.3977747 1.81556928 1.93406296 1.23042929
    1.1197468 1.81590867 1.92945731 1.16901386 0.991216362 1.31421852
    1.45079863 1.11492574 1.38148618 1.14236927 1.03640926 1.06048369
    1.63066792 1.29085743 1.04360604 1.78384209 1.62512708 1.79379964
    0.869788527 1.46459484 0.83872664 0.85865742 1.4233253 0.943213999
    1.30029488 1.05405295 0.9504143 1.13478708 1.06769395 1.2740097
    0.877738416 1.41824949 1.58910537 1.43059158 1.77847004 1.00968862
    1.6409049 1.37080455 1.5838021 1.51927507 1.50458169 1.67229998
    1.46602476 1.13374245 1.91523695 0.937007129 1.3514607 1.27464664
    1.31786776 1.15841985 1.43161595 1.48797953 1.2204107 1.31788111
    1.74358511 1.31513107 1.00263822 1.00252295 1.54359329 1.50884855
    1.80887854 1.18340504 1.76162302 0.987515807 1.10636055 1.01195419
    1.7848618 1.89392865 1.40151668 1.11849582 1.49366057 1.59846902
    1.0640012 1.69953716 1.53779137 1.56833887 1.34002244 1.2042172
    1.43786335 1.01529825 1.40294659 0.916101813 1.40473127 1.71744633
    1.29938161 0.976854622 1.25746369 1.83868444 1.04192114 1.23713732
    1.38418436 1.62541652 1.81331944 1.61119032 1.2174772 1.48290813
    1.14281869 1.49475479 1.14666331 1.40283751 1.08244967 1.55509233
    1.04739141 1.59976029 1.82412755 1.45841146 1.15958011 1.26792324
    1.30787981 1.32476377 1.87213671 1.49406469 1.3443706 1.04042149
    1.67591608 1.25508642 1.269876 1.34703624 1.15980196 1.30808187
    1.60044372 1.38025498 1.05904686 1.93695939 2.06234956 1.74001813
    2.02838254 2.0051856 1.36380541 1.73373723 1.23147213 1.74914026
    1.07575274 0.979193509 0.940509379 1.35638046 1.52379441 1.41309726
    1.35410166 1.8788718 1.76051617 0.94342649 0.957546413 1.82956874
    0.888439715 0.934153259 1.39014673 1.38324761 1.34292483 1.74051404
    1.47266674 1.64158094 1.93018389 1.74380684 1.85870457 1.5352695
    1.16296148 1.58407366 1.07544637 1.74267244 1.76720607 1.38519251
    1.58241224 1.49914193 1.80871737 1.25103521 1.94372463 1.79985142
    1.13947272 1.33337843 1.22494638 1.03581333 1.06431055 1.75691271
    1.9109894 1.9307791 1.43339396 1.89689696 1.69340658 1.78611863
    1.53702807 1.28555739 1.18737411 1.63481164 1.57249105 1.89712012
    1.22202516 1.64357114 1.6981473 1.46721876 1.92810416 1.76983702
    1.67975545 1.01588356 1.89586627 1.21120346 1.49340904 1.22962832
    1.91125274 0.968675196 1.05031025 1.68300438 1.24111664 1.22511327
    1.28857017 0.968152106 1.30535412 1.14509642 1.5882982 1.31387079
    1.10303009 1.48014116 1.63127053 1.8770982 1.82764375 1.41637969
    1.81709063 1.00224638 1.3901329 1.88357854 1.46756124 0.918395042
    0.97116667 1.22133386 1.85286736 1.7501694 1.24712825 1.81067216
    0.957383156 1.3540436 0.909729183 0.92193538 0.963855088 1.11661005
    1.42954278 1.70173478 1.63192272 1.86780632 0.973776281 0.95687449
    1.81316769 1.13716733 1.34736311 1.28928781 2.05858541 2.07770944
    1.85196662 1.87500358 1.78942704 2.03749275 1.52497947 1.84256589
    1.85454643 0.986076117 1.93807411 1.45954525 1.02736485 1.40697563
    1.78186285 1.64517701 1.29384947 1.62121224 1.5655998 1.82760096
    0.942409694 1.22954977 1.83110619 1.03423798 1.07228887 1.71408021
    1.03830671 1.37485015 1.71749973 1.02103126 0.946540833 1.03528702
    0.884425759 1.74925995 1.67770123 1.8474313 1.78380311 1.4192369
    1.36128438 1.82386947 0.996216714 0.902352273 1.15410399 1.49750459
    1.70060611 1.22086096 0.984291971 1.23758709 1.23711109 1.76751423
    1.78650022 1.83308005 1.48621452 0.983162463 0.970738053 1.38793743
    1.14512277 1.86301839 1.32007408 1.17976415 1.7037456 1.72639441
    1.14709437 1.24813449 1.12846684 0.920814931 1.70165813 1.59142411
    1.81294239 1.07361186 1.16747522 1.37378478 2.00685787 1.97811389
    1.34597325 1.31742024 1.89447665 1.62793529 1.36827111 1.08436477
    1.42535651 1.04685175 1.85063589 1.89227903 1.10115969 1.42779481
    1.53034151 1.0844897 1.52902555 1.70594287 0.921672761 1.46117461
    0.882978022 1.24344409 1.01475549 1.12417603 0.844032645 1.17000806
    1.28949451 0.885499239 1.51821434 0.908610821 0.963894427 1.38602555
    1.94605231 1.66464806 1.9320246 1.01832867 1.00596786 1.24413371
    1.85903311 1.72556496 1.55727267 1.16336823 1.10417128 1.31170487
    1.53930986 1.88424873 1.80218732 1.61776757 1.75641537 1.97157562
    1.85627556 1.19770455 1.81202519 1.77034187 1.07761633 1.05787146
    1.55114114 1.29145813 1.53114855 1.7611531 1.46263099 1.86461687
    1.50509346 1.55861366 1.58632207 1.13535535 1.57464516 1.70300996
    1.01627541 1.58760583 0.998996735 1.00301731 1.60430181 0.993104637
    1.39211714 1.69224238 1.01043892 1.28623259 1.72203326 1.69904172
    1.66545129 1.70214641 1.54832101 1.1316067 1.58305979 1.21055818
    1.15688014 0.985476255 1.44099689 1.22822118 1.19978356 1.54442489
    1.65237129 1.69462955 1.79803121 1.04653776 1.7709769 1.66682017
    1.12174511 1.45132577 1.0794121 1.55046594 1.89281046 1.99470258
    1.82897091 1.95647085 1.06857264 1.76297784 1.64263022 1.19043624
    1.4436394 1.76963222 1.75301254 1.55403221 1.28770614 1.20708513
    1.31827092 1.28804767 1.11522925 1.50392783 1.36833012 1.04137802
    1.01789749 1.61141419 1.16797256 1.122105 1.76719558 1.34112144
    1.2647177 1.77612209 1.71617174 1.85352194 1.20301116 1.70408392
    1.06383598 1.57797098 1.80800545 1.76363671 1.2246846 1.20469987
    1.0862639 0.964336097 1.63965273 1.20591378 1.83969557 1.0089041
    1.51933694 1.82395613 0.969006658 1.29397666 1.20307744 1.29439926
    1.04855633 1.20564926 0.978293777 1.37345362 0.959826946 1.38443518
    1.02892554 1.56684399 1.10439754 1.65199208 1.28660011 1.6319381
    1.21198606 0.932151258 1.84635675 1.00352108 1.57596421 1.74008691
    1.05426455 1.42458999 1.82837582 1.89353526 1.6200453 1.9675281
    1.69347167 1.14467239 1.31758165 1.0585947 1.41067219 1.27835476
    1.74305427 1.05788362 1.4245249 2.08883429 1.72572923 1.91263914
    1.38414514 2.04321575 1.3053056 1.50521612 1.24643111 1.2320838
    1.4974612 1.11450422 0.975822389 1.30485308 1.26316774 1.15781856
    1.89928186 1.34384179 1.55110478 1.10949957 1.49619365 1.27866638
    1.74625897 1.17604458 1.18849134 1.62215686 1.39948988 1.27087283
    1.52631819 1.44665563 1.50038421 1.06545758 1.52346873 1.27361667
    1.36683404 1.02384675 1.87157214 1.14774525 1.19212449 1.01908636
    1.02072477 1.3534174 1.02123833 1.52922428 1.41703463 1.50413167
    1.28403211 1.89473796 1.84075236 1.29757226 1.6896075 1.79354966
    0.969702303 1.11855412 1.42877817 1.78399491 1.80285704 1.31770027
    1.75864828 1.20265508 1.77004647 0.954091311 1.883582 1.5218724
    0.982503831 1.88907051 0.974164009 1.25039947 1.77025807 1.93550336
    1.69783592 1.7619164 1.20363784 1.3895638 1.88633835 1.86823618
    1.17245674 1.45845354 1.05020356 1.69317436 1.08869398 1.41260028
    1.17642498 1.74012804 0.967121661 1.1853981 1.65515983 1.88151801
    1.61348987 0.952073157 0.966972649 1.38419521 0.863417268 1.38008201
    1.20298147 1.52117968 1.64767218 1.69024193 1.51802397 1.32758486
    1.13194144 0.992645621 1.6780014 1.24145532 1.76978123 1.08478498
    1.41343725 1.7572633 1.2509023 0.947772324 1.76699042 1.61477828
    1.52550673 1.85620332 1.59503996 1.14159048 1.50502443 1.32986891
    1.59362078 1.20063233 1.69166338 1.58584893 1.70627332 1.40552258
    1.61216199 1.07975662 1.81084299 1.30487502 1.63579023 1.41087449
    1.82477176 1.11918938 1.47454822 1.17923617 1.44510925 1.84781897
    1.15358901 1.27613389 1.52116883 1.73695529 1.87721932 1.37002981
    1.84256399 0.944850504 1.55011034 1.06054175 1.29500222 1.18826985
    1.34029353 1.16401398 1.92527604 1.50037348 1.59912479 1.0525552
    1.47430611 1.3427248 1.82297504 0.948871195 1.30064416 1.94259894
    1.05515254 1.24666107 1.86425972 1.55832529 1.37195027 1.33638978
    1.35959184 1.17326725 1.24480677 1.63727939 1.88824308 1.86623693
    1.27015305 1.14577508 1.09803879 1.44560492 1.85933053 1.31532705
    1.62615776 1.11995745 1.72607207 1.34791517 1.08347833 1.37264454
    1.93932939 1.66671419 1.90776253 1.88957715 1.50946915 1.72329056
    1.29555416 1.93615413 1.36287248 1.16721284 1.64891338 1.06681561
    1.82973433 1.50918531 1.91987967 1.61056685 1.66336584 1.19444394
    1.11816967 1.0424192 1.76522291 1.6678772 1.54796088 1.0393585
    1.51459515 1.54255831 1.02044785 1.83427668 1.47154045 1.65534782
    1.86192787 1.41360402 1.71241391 1.13751161 1.25997114 0.948362708
    1.87839389 1.71793067 1.29087627 1.613626 1.89491069 1.48986161
    1.90319765 1.77805734 1.42019057 1.83258867 1.11242783 1.54262078
    1.15291011 1.13758218 1.82432961 1.52213144 0.962310374 1.10877216
    1.13558066 1.7339462 0.974930048 1.67984009 1.80058515 1.10349548
    1.676651 1.15229654 1.5642221 1.79066598 1.68395448 1.76996887
    1.43148303 1.54630256 1.301476 1.81077933 1.96907103 1.79908323
    1.81320488 1.97549224 2.1092031 1.48301673 1.95856464 1.54291761
    1.66006064 1.60926211 1.16664886 1.38930058 1.86490047 1.2604959
    1.61179018 1.72842419 1.79423749 1.49678504 1.64747393 1.59801924
    1.06029248 1.36713219 1.71169257 1.8631742 1.63679302 0.928394973
    1.44015491 1.33039463 1.41648805 1.57971096 0.961337626 1.81046569
    1.59183741 1.70208704 1.22709048 1.44504714 0.934628844 1.49002445
    1.35735083 1.33833575 0.928973436 1.83067989 1.48615921 1.49955034
    1.55382371 1.29501128 1.92874026 1.84556782 1.86842012 1.44815183
    1.75947762 1.24363852 1.31030214 1.44790721 1.64208436 1.35257852
    1.36623549 1.068349 1.28307712 1.40826893 1.1498729 1.57170379
    0.933387339 1.777192 1.22583747 1.53483176 0.962212384 1.15773988
    1.1642431 1.24865317 0.93799299 1.10206878 1.88067305 1.8183068
    1.90495372 1.53519881 1.63235319 1.92551637 1.26313365 1.28672481
    1.62062669 1.9513092 1.00252163 1.45784569 1.59381402 1.30857408
    1.92877972 1.06397569 1.63929415 1.85693288 1.40933049 1.75279999
    1.12834847 1.69910264 1.24233842 1.26658261 1.00386071 0.90180701
    1.76770008 1.59996974 1.82916856 1.45109642 1.66104555 1.16691279
    1.49654543 1.70019162 1.81856751 1.39340019 1.37315655 1.27771354
    0.964957654 1.70173168 1.2802037 1.29531682 1.6914258 1.33627164
    1.20911956 1.53335547 1.74236512 1.09001648 1.29396701 0.982071579
    1.23317742 1.77906406 1.54969156 1.44601345 0.962149024 1.00144637
    1.61981463 1.57926214 1.35340071 1.51489687 1.39075828 1.29540658
    1.37962031 1.82025433 1.96229684 1.0433594 1.30475867 1.00618911
    1.63494766 1.41695678 1.46229839 0.892069817 0.938365638 0.875268281
    1.03281534 1.61059809 1.62608504 1.8071878 1.34500587 1.10546553
    1.47791505 1.64537764 1.56662214 0.962691188 1.84549761 0.969961941
    1.65388322 1.66615248 1.46310329 1.82970119 1.90239227 1.15816581
    1.33625591 1.04153264 1.0210005 1.58877027 1.92869699 1.24524236
    1.90335035 1.51782811 1.38975096 0.969587028 1.28211653 0.937421739
    1.09344327 1.6233443 1.39636648 1.73017049 1.69625175 1.21378016
    1.50627804 1.58899856 1.34069884 1.66525209 1.86836481 1.84767163
    1.96638525 1.05805099 1.28881311 1.21162641 1.73400509 1.73911715
    1.84819746 1.09578431 1.57395303 1.50038707 1.65398896 0.929857731
    1.00216329 0.905800819 0.893990934 1.15116501 0.945618689 1.09247684
    1.88174379 1.29438043 1.86744571 1.58150911 1.98733878 1.81386673
    1.48254097 1.18706536 1.51447952 0.962219417 1.24371696 1.47877216
    1.66532815 1.82056355 1.04025126 1.7557044 0.934236765 1.52406132
    1.75887227 1.18035281 1.68354988 0.926511824 0.914155543 1.74438107
    1.09581327 1.07007611 1.65195072 1.14378405 1.49688935 1.05498886
    1.70408058 1.1251936 0.850797534 1.64589083 1.72237456 1.14795876
    1.49747634 1.7155844 1.29968178 1.88425732 1.44874227 1.8306222
    1.87907064 1.29081428 1.32942784 1.93954527 1.20987153 1.32609522
    1.73364961 1.20152998 1.57073939 1.01853704 1.94825077 1.8337121
    1.85199487 1.94816339 1.74123251 1.58699739 1.3513273 1.3276366
    0.96476078 1.8845197 1.23602486 0.940719604 1.03020966 0.882665277
    1.06560123 1.84446764 1.21664214 1.42435575 1.26167679 1.72101569
    1.44193935 0.915302575 0.968655884 1.28148663 0.974398851
    0.857155979 1.63162768 1.84606612 1.04659784 1.84884143 0.853414237
    1.46841574 0.928885281 0.966771424 1.81818104 0.872344911 1.32998133
    1.27707171 1.56701851 1.890329 1.71748757 1.10952294 1.04253876
    1.94573927 1.75165045 1.97351956 1.38579047 1.47274506 1.42877841
    2.00252247 1.1071552 1.61370993 1.53384459 1.27467275 1.18842638
    0.856722832 1.6254462 1.10561454 0.941321433 1.53745902 1.80462682
    1.49985623 1.34466398 1.79424763 1.37382698 1.3153075 1.62458599
    1.82843316 1.15605366 1.36324716 1.05167079 1.65341353 1.33453333
    1.70081425 1.19769406 1.70405805 1.48202753 1.58538198 1.10749233
    1.71172523 1.15430486 1.88016105 1.23811996 1.10450387 1.08580327
    1.61524463 1.59327662 1.80485225 1.20064259 1.26014495 1.88237774
    1.23954237 1.03459775 0.832935452 1.17941809 1.76646805 1.13425136
    1.64201033 1.62708056 1.25024986 1.74473763 1.8306917 0.935509741
    0.908355653 1.04230559 1.21574235 1.04089868 1.52615047 0.888470292
    1.35992372 1.01084757 1.71389377 1.69760072 1.39464009 1.69751847
    0.974724412 0.942791045 1.52163899 1.2244817 1.35648227 1.39282441
    1.51135206 1.19684303 1.00384712 1.60711539 1.39754355 1.06552196
    1.34997737 1.87352884 1.52861607 1.8337698 1.24590015 1.44512331
    1.68362069 1.80347705 1.84547532 1.31977928 1.84567177 1.90247548
    1.87273395 1.13859344 1.14551306 1.49516547 1.11054182 1.62337077
    1.03082097 0.870956182 0.99543947 1.22051764 1.18877363 1.24741113
    1.15341878 1.7313993 1.69237626 1.37625253 1.24503911 1.64993441
    1.35492337 1.22239363 1.67318797 1.90703201 1.7421453 1.75544643
    1.34866226 1.60507584 1.85066497 1.46046293 1.12595999 1.81707287
    1.8334409 1.63466573 1.94832301 1.07083666 1.01408601 1.7156868
    1.35695708 1.62987542 1.66044176 1.71434474 1.636132 1.00867021
    0.70345366 0.929799199 1.59571397 1.18761361 1.53741419 1.30148697
    1.1666888 1.05199027 1.59250355 1.56321645 1.33538496 1.38762796
    0.88947475 1.7702843 1.58591676 1.48481464 1.749313 1.6609211
    0.943209589 1.5820055 1.04440904 1.2762686 1.39119136 0.939409316
    1.13344681 1.58256948 1.57837725 1.18674493 1.67450047 1.50189888
    1.52866518 1.52290952 1.15432966 1.52980602 1.66712284 0.892782569
    1.23977482 0.854414165 1.34707355 1.24099267 1.45525956 1.47202277
    1.70523548 1.21462655 1.10873055 1.14930212 1.80902827 1.49863267
    1.57064772 0.904392362 1.6995095 1.48905861 1.55428624 1.19070244
    0.81251049 1.48269725 1.19713831 0.792902887 1.15461838 0.823450029
    1.50894761 1.45950484 1.19770586 1.6606884 1.82795835 1.53689802
    1.14826071 1.61541259 1.6719861 1.48919058 1.69267881 1.88486683
    1.49992001 1.1896354 1.00075495 1.61527216 1.70731676 2.01434135
    1.89560509 1.89113081 1.84798539 1.39417684 1.11703849 1.83429337
    1.14036942 0.95279789 1.66111314 1.1985364 1.80954945 1.12804115
    1.55921328 0.840939164 0.866674662 0.991814017 0.863945544
    1.78615582 1.3287673 0.959374785 1.71393645 1.31868529 1.18472195
    0.906158328 0.828101039 1.5820148 0.972681582 1.22741246 1.38588798
    1.62031329 0.812283337 1.7069484 1.69335723 1.07043922 1.61028528
    1.28155589 1.45564497 1.51134777 1.79118598 1.64292812 1.51971734
    1.97174907 1.45426941 1.34069633 1.75821662 1.77251053 1.94325066
    1.69961953 1.02781582 1.47494972 1.71046782 1.46331739 1.59193707
    0.982002795 0.807465017 0.88083899 1.0746212 0.909448385 1.10704648
    1.72058833 1.2461648 0.953527033 1.67356169 0.84544903 1.53674328
    1.521487 1.05342019 1.24881136 0.895983458 1.19797993 1.04261816
    1.16087782 1.48732257 1.75585938 1.45557868 1.2796936 1.74616849
    1.61884081 1.8210057 1.61371768 1.36389756 1.54626024 1.38013601
    1.02345371 1.73454893 1.61322486 1.42986584 1.73651898 1.50563383
    0.831740737 1.33549345 1.30633187 1.68244374 1.54993248 1.52755618
    1.36366582 1.0124445 1.55335534 1.3482424 1.37331057 0.899324298
    1.74962068 0.977266908 1.21781254 1.21444511 1.30117106 1.17570496
    1.68534827 1.17629671 1.90256286 1.30536211 1.46418655 1.01497543
    1.56488478 1.82015991 1.50157332 1.32575369 1.06978536 0.994859219
    0.941404641 1.08210671 1.43046582 1.4745276 1.54690146 1.01282132
    1.71497238 1.8238728 1.39655876 1.68661046 1.26507473 1.84515584
    1.44965565 1.77831328 0.945155442 1.10489702 1.7291069 1.22223055
    1.67865837 1.3960135 1.42777693 1.17264545 0.733866513 1.32684648
    0.810905874 1.44276798 1.52632689 1.68169355 1.37443542 1.13464284
    1.31196046 1.86229587 1.23668849 1.53696954 1.7409029 1.60573363
    1.47693825 0.948944569 1.67885494 1.71877444 1.08605194 1.02574468
    1.05065644 1.26628649 1.34509087 1.5526998 1.53602123 1.27760661
    1.56988323 1.77355599 0.894893348 1.63367116 0.991890907 1.12091351
    1.82944429 1.60558558 1.33510625 1.39048254 0.738436759 1.00471759
    1.18263876 1.54918814 0.886455238 1.76102006 1.51822329 1.26742315
    0.847267151 1.78075135 1.30972469 1.30097044 0.802095592 0.893105745
    0.870046914 0.795777977 1.65526569 0.794451416 1.16147137
    0.778725386 0.882467389 1.54767656 1.55693126 1.08819699 0.803573072
    1.61358678 1.28529274 1.68273509 1.20206988 1.65452886 1.42429924
    1.7810415 0.933981001 1.3878262 0.989270568 0.996152699 0.782675564
    0.761655688 1.32842994 1.49337471 0.788309455 1.18605018 1.31768131
    1.44978237 0.953493655 0.947210133 1.05937994 1.35934734 1.49056089
    1.29841578 1.58667541 1.2694478 1.30098999 1.17314601 0.830610573
    1.19176888 1.16418374 1.58534384 1.27306259 0.982149541 0.94101721
    0.988239527 1.46721518 1.47158492 1.36502123 1.47551191 1.33013749
    1.09595096 0.991840482 0.920928538 1.20408833 1.4960202 1.80775881
    1.30446172 1.51740575 1.64148045 0.941335976 1.83529723 1.11857975
    1.04005456 1.06822085 1.39797008 1.53958941 1.02717125 1.61946309
    1.63226771 1.59715343 1.14676845 1.33916569 1.10381639 0.831733704
    1.5208112 0.861782193 0.947335541 1.3453871 1.17680466 1.22288036
    1.49861681 1.39735484 1.11551714 0.957725823 0.885660768 0.93941474
    0.888756216 0.818516195 0.8911798 1.44847381 0.846952736 1.1303128
    0.840626121 0.776663065 0.74810195 0.947124243 0.806975663
    1.25817704 1.25229394 1.77987564 1.44142723 1.79107046 1.33073294
    1.23621225 1.71234381 1.2915976 1.30231655 1.81953597 1.67111397
    1.33826411 0.989564717 0.86489898 1.36345196 1.70639646 0.790709019
    1.29204655 0.979680657 0.842607856 1.12661397 1.68128073 1.21292937
    0.820234716 1.24880815 1.21242118 1.13038254 0.806493461 1.46909392
    1.32546127 1.25948751 1.07972574 1.04069436 1.56700361 1.04286122
    1.48097956 1.33889019 1.39641845 1.57871068 1.11417115 1.78294039
    1.16994131 1.60019207 1.44864047 1.09141111 1.03861237 1.83756292
    1.74352348 1.18048751 1.43364131 1.55349565 1.28445494 1.74803579
    1.03977811 0.984768629 1.64991295 0.826907694 1.0465076 1.31718254
    1.38276052 1.36963367 0.769770265 1.17634165 1.70511019 1.1064564
    0.94412899 1.45378721 1.18694746 1.27523446 0.846224368 0.868467033
    0.994463921 1.09795499 1.62362671 1.82771492 1.34514749 1.66606915
    1.82446873 0.963521898 1.51176941 1.68224823 0.882788837 1.04344785
    0.996856034 0.987223446 1.68620789 1.26082051 1.32511997 0.907851934
    1.46220529 1.50522888 1.87376964 1.86317074 1.74650478 1.56417787
    1.71547258 0.934496105 0.915632963 1.25504088 0.811165214
    0.765028596 1.14476717 1.22282636 1.2284807 0.643046737 1.13846886
    1.40760791 0.907941341 0.934885979 1.51293147 1.70303249 1.41228616
    1.05109465 1.14472902 1.70774364 0.986869216 1.12489128 0.859857261
    1.03576159 1.27818024 1.73853528 1.2936281 1.56218565 1.57553744
    0.94201076 1.28861427 1.57317996 0.969164848 1.42705464 1.53491712
    1.5090766 1.87657404 1.44369519 1.53508222 1.1935941 1.41126168
    0.79449594 1.70260203 1.12988222 1.18796027 1.0615828 1.55109012
    1.03064644 1.079386 0.672052801 1.27002883 1.58529985 1.18913639
    1.68567348 1.14723206 1.15337968 1.4075197 1.34205234 1.07626057
    1.36737716 1.64873636 1.53316915 1.28734207 1.63022208 1.63514864
    1.11095202 1.14876664 0.677126229 1.13959908 1.37680542 1.42137206
    0.938650429 1.02327597 1.29261494 1.21651924 1.71524549 1.53990555
    1.23334265 1.19133222 1.6884222 0.97750622 1.49851441 1.59618044
    1.19160783 1.20397639 0.918806016 0.878098726 0.700924337 1.1820935
    1.5890367 1.33216918 1.23782253 1.62647283 1.10558534 0.69965148
    1.34303451 1.17570162 0.904854238 0.836404741 1.23171449 1.23391974
    1.17416036 0.746054411 1.24289429 0.604957879 1.26339936 0.903429985
    0.974312127 1.4465127 1.0168426 1.44097257 1.26067734 1.48359299
    1.20977211 1.30839157 1.24028742 1.67022634 1.38691008 1.21322
    1.12313688 1.17381811 1.45579791 0.852431357 0.848600566 1.1796484
    1.55279148 1.45825052 1.38858092 1.2956202 1.52787673 1.16168189
    0.854862511 0.927281082 1.12634599 0.682395458 1.11038804 1.58819044
    0.960807383 0.759207726 0.74861902 0.699352026 0.87718153 1.24723935
    1.06489992 1.20713747 1.21017516 1.33587253 0.984961808 1.44659805
    1.43909037 1.64043343 1.50299478 1.09334707 1.20490468 1.01108694
    1.13107562 0.788026571 1.00065875 1.13350165 0.75308609 1.35245311
    0.892396152 1.72308755 0.774118602 1.18734169 1.70925522 1.67161214
    1.1473217 1.200073 1.80959344 1.59963727 1.5865643 1.66236842
    1.68942726 1.65322983 1.20206726 1.66981816 1.23385537 1.2876389
    0.978101134 1.47735941 0.779371917 1.50485885 1.47605956 1.00060403
    1.66478908 0.934189558 1.25215673 1.5568068 1.56202555 0.757442713
    1.13511145 0.793194294 1.40032506 1.35825825 1.61349571 0.855834484
    1.62928247 1.44370866 1.21058023 0.944216371 0.784282625 1.41819274
    1.21590102 0.780096591 1.02401638 1.33562481 1.37890637 0.952500045
    1.58904862 1.62989485 1.3988744 1.38423777 0.874568701 1.06219041
    1.04009938 0.938245356 0.983072102 1.63858557 1.64886796 0.716179192
    0.742121994 0.766141117 1.21015859 0.719622374 0.689024627
    1.26665998 1.46097982 1.54988229 1.01098049 0.952271521 1.31247926
    1.59561396 1.60845006 1.27081811 0.868247449 1.3334409 1.12303722
    1.64290285 1.18768418 1.58241951 1.44220483 0.780729711 0.971394122
    0.649532616 1.59689343 1.41533995 1.68453205 0.952820241 1.57523501
    1.65688455 1.34625697 1.76942801 1.29362345 1.25108731 1.00967968
    1.14351237 1.00938737 1.26667356 1.31054389 1.28779542 0.728270769
    0.99641639 1.20085311 0.554194927 0.763063014 0.749170184
    0.735616088 1.41005766 1.2059828 0.89722693 0.632600248 0.732611477
    1.54997516 1.07129014 1.1921432 1.57808042 0.726932049 1.11641622
    1.16089475 1.69366121 1.53322899 0.969995201 0.801557302 1.28456759
    1.55408335 0.961051285 1.25096798 1.54564154 1.21726358 1.6199528
    1.51154816 1.73802829 1.50063694 1.12595069 1.28707623 1.5282222
    0.930147529 1.35974216 0.834819734 0.70025146 0.745574534
    0.747816205 0.70018363 1.0112865 1.17241824 1.27806151 0.752287388
    0.887461007 1.30950379 0.593227565 1.42014039 0.611997545 0.84688431
    0.567413092 1.48024845 0.684073389 0.676804245 1.14034247
    0.937445462 0.635250926 0.5327847 1.29179001 1.48139441 1.35708761
    1.42787492 1.09237766 0.760881722 0.863811791 1.49088275 0.869280636
    1.5397501 1.6308502 1.40548217 1.39086938 0.869978011 0.931249619
    1.19090986 1.10435355 0.767718136 1.33161914 0.604197502 1.3004545
    1.1921109 0.828491628 0.946265042 1.23824573 1.28630531 1.55017006
    1.2354008 1.0703609 0.576740265 1.33031416 1.14288652 0.530862808
    1.31250393 1.37688017 0.692052603 1.33563554 0.993573248 0.499231249
    0.545639753 0.969386697 0.900678873 0.642102003 0.767674863
    1.06949914 0.918394387 1.52238452 0.710766613 0.951524079 1.56802428
    1.53151405 0.877072394 1.1403482 1.01138628 1.42054403 1.20557666
    0.87515986 1.2255286 1.52561188 1.49875844 1.00768268 1.38414049
    1.38059902 1.29735172 0.646052122 1.38254666 1.20797181 1.03224552
    1.50075614 1.28828835 1.05807555 1.39510155 1.46321619 0.861778736
    0.893163979 1.15502369 0.73021251 0.845725358 0.624994755 1.37425828
    0.893173754 1.39928389 1.11236537 1.02253997 1.00362885 0.756540537
    1.35331333 1.36396396 0.795401514 1.20122027 1.26321316 0.579907477
    1.20834804 1.22331977 0.738017797 0.979332149 1.40407407 1.07302761
    0.940256894 1.53741825 1.37141645 0.936231017 1.22276986 1.37205923
    1.59999168 1.09294939 1.25933266 0.741824627 0.7227121 0.613300025
    1.15954113 0.601978421 1.09301174 1.17840576 1.2703706 1.2440182
    1.3736999 0.904165208 0.562129021 1.52154076 0.539423645 1.15603733
    0.641609073 1.45990431 0.772849679 1.51551521 0.674326062
    0.862220824 1.26574159 1.43110037 1.07478881 1.54872549 0.707517207
    1.25920594 0.587253034 0.977146447 1.28676891 0.902793944 1.12312424
    1.3971132 1.24891794 1.43022013 0.737007916 0.776040912 0.845725954
    1.47274852 0.592410564 1.37609208 0.80766964 1.18746603 0.70497638
    0.923631847 0.674563468 1.10624623 0.52642113 1.13351357 1.22290504
    1.42933667 1.02441013 0.817311525 1.04068506 0.565464377 1.04292047
    1.35720897 1.38358164 1.30601323 1.00175214 1.26087439 1.51385152
    1.15525103 1.5895654 1.21221614 1.30890119 1.22429621 0.569388151
    1.19668829 0.876657426 1.11527205 1.08007264 0.623438954 0.960093915
    0.886023164 1.36936665 0.773978829 1.40995491 0.78016746 1.5247401
    0.91949451 1.02949786 1.34348261 0.790266514 0.597187221 1.14701259
    0.911906362 0.763764441 0.894036829 1.01867759 0.495473415
    0.486746877 0.692151845 0.528924525 1.31470692 0.928668141
    0.721516311 0.551030934 0.529416382 1.06059754 0.751616299
    1.45437956 0.545267463 0.548820674 0.659826338 1.22840655 0.81506753
    0.693247676 1.29743493 0.891561747 1.49302411 0.749785006 1.14850903
    1.20223558 1.37516057 1.0900631 1.39051855 1.19921279 1.65013623
    1.07492685 1.26105773 1.22321522 0.667601466 0.658057332 0.71448046
    0.812039912 1.21418417 0.824644625 0.541646481 0.79817313 1.10715318</data></your_img>
</opencv_storage>
