<?xml version="1.0"?>
<opencv_storage>
<g>1.54</g>
<r>5</r>
<filter-type>1</filter-type>
<circular>0</circular>
<L2_diff>156.11666767005721</L2_diff>
<test_img type_id="opencv-matrix">
  <rows>128</rows>
  <cols>256</cols>
  <dt>f</dt>
  <data>
    0.941155314 0.365229368 0.553199828 0.157150328 0.398414433
    0.0555728972 0.420294702 0.355616748 0.779191256 0.0463682413
    0.709055722 0.276691735 0.713458061 0.442077667 0.0861688554
    0.138284892 0.713004649 0.811842144 0.59225148 0.126735657
    0.790573239 0.524647713 0.298537016 0.829323351 0.805531621
    0.535265565 0.650361657 0.170471877 0.802216887 0.607134283
    0.15918228 0.972904861 0.26337105 0.464656949 0.259456754
    0.930694222 0.277716041 0.535203516 0.804383516 0.0675623119
    0.155230433 0.782835007 0.710051239 0.00113722682 0.124236703
    0.710928261 0.746425629 0.858209193 0.881421864 0.409009099
    0.38322264 0.797014356 0.708826125 0.894494474 0.177710742
    0.59151423 0.404127657 0.545941949 0.320546865 0.0578574836
    0.554606557 0.403531849 0.572041333 0.982470155 0.210503072
    0.710598826 0.587973237 0.717852533 0.828431606 0.250495672
    0.342154503 0.289673984 0.324723333 0.728920162 0.974154115
    0.582324564 0.699056149 0.863409042 0.188216805 0.759173393
    0.641468167 0.92950809 0.491029173 0.55302453 0.406045794
    0.0777102113 0.410677224 0.231853604 0.724603117 0.534639895
    0.219623953 0.591632962 0.399983406 0.123192608 0.435439169
    0.750930667 0.254651129 0.755073905 0.775439143 0.550362587
    0.916599274 0.667977512 0.0112159848 0.445503801 0.227179408
    0.938986361 0.40869537 0.413234711 0.662233472 0.199905992
    0.412968934 0.692718446 0.321378618 0.464255124 0.236238778
    0.896897197 0.502605736 0.493085086 0.774476588 0.269467056
    0.883112669 0.464470655 0.999388397 0.033918947 0.366904497
    0.0316310823 0.987380683 0.623598814 0.251863897 0.0662690103
    0.96375221 0.125448346 0.745497406 0.490402967 0.42982018
    0.985838234 0.244817257 0.0262679458 0.927239418 0.400151521
    0.938906312 0.648615718 0.323544085 0.638699174 0.346803606
    0.454463422 0.366347671 0.464592516 0.970223844 0.469183534
    0.749619484 0.747208774 0.813985646 0.752282739 0.990626514
    0.444222659 0.611365497 0.942109823 0.990667105 0.219671667
    0.0309819579 0.970279574 0.923408628 0.140748143 0.838413954
    0.7874856 0.354351103 0.524365127 0.767732859 0.788735628
    0.419218779 0.062804848 0.482162237 0.833698273 0.366470158
    0.661884248 0.620093286 0.211570859 0.0184643269 0.800863147
    0.308644652 0.69772774 0.95425868 0.0657940507 0.757453263
    0.403838187 0.455600023 0.820393801 0.512371123 0.327627033
    0.723314762 0.100411296 0.641942501 0.881094158 0.443228483
    0.0922565758 0.819045901 0.671247602 0.358055979 0.854762435
    0.491357982 0.909481347 0.173462063 0.6202088 0.142122 0.108071893
    0.226734787 0.572245002 0.935090661 0.345291972 0.265286505
    0.465283483 0.414490134 0.32066685 0.692294002 0.283176959
    0.956528425 0.0941758752 0.71485877 0.711919904 0.0870453715
    0.314526618 0.79874301 0.135680974 0.622293174 0.00123009086
    0.716825128 0.0477212965 0.372826338 0.549191296 0.445308894
    0.323554099 0.677793384 0.2472938 0.743510604 0.494381577
    0.241081715 0.227295429 0.402329117 0.714234352 0.373661041
    0.804209292 0.0101817548 0.954540491 0.28265363 0.512443364
    0.0534684658 0.254820943 0.562507868 0.538147092 0.019518733
    0.188835531 0.05210796 0.870464206 0.631518364 0.977033436
    0.446117491 0.83892715 0.300819516 0.4361386 0.564117372 0.611181974
    0.624120831 0.350785613 0.0648376644 0.409135044 0.478500307
    0.911152661 0.278125763 0.521172702 0.757177234 0.733922124
    0.277802289 0.478697985 0.783302784 0.834489226 0.282872617
    0.549579501 0.496419817 0.243962556 0.112442195 0.244431883
    0.713371158 0.344859779 0.423073679 0.694869161 0.906105101
    0.00615984201 0.688933015 0.242009431 0.0528073311 0.890066862
    0.645297885 0.443268806 0.642241299 0.790375113 0.0698049963
    0.251554489 0.240813375 0.700226784 0.521386683 0.0992750227
    0.470451385 0.0750098825 0.038310945 0.397203624 0.305697024
    0.0732735693 0.748866022 0.689067364 0.669474006 0.105631948
    0.115000784 0.102560103 0.821410775 0.203638196 0.0238463581
    0.953150988 0.920960665 0.442419827 0.814442098 0.979615927
    0.483407408 0.344574213 0.439488471 0.983376563 0.897880733
    0.499083757 0.398796171 0.354854167 0.963643551 0.322933316
    0.889516234 0.955189764 0.782784045 0.210837692 0.330313116
    0.627581596 0.429790556 0.970349669 0.461961955 0.36668548
    0.166686028 0.376887411 0.764663696 0.148496002 0.992753088
    0.604539454 0.684056759 0.410064936 0.75072968 0.664818108
    0.120503932 0.423276663 0.14892596 0.51719743 0.504886627
    0.255074501 0.887154937 0.588013887 0.212562174 0.939838409
    0.908847749 0.932967901 0.897738278 0.553869128 0.908567309
    0.754343033 0.763318062 0.495960206 0.109436691 0.465960562
    0.143952549 0.702372193 0.449401647 0.934654951 0.513089478
    0.664328694 0.683884025 0.239291042 0.224055767 0.238354057
    0.0646907985 0.77617681 0.274237216 0.922183037 0.910309553
    0.849597931 0.721224964 0.265619934 0.203890175 0.417245448
    0.64504689 0.350535989 0.357794106 0.115303099 0.684666991
    0.458374381 0.719129205 0.0909585953 0.0860952735 0.677229524
    0.161909819 0.478418827 0.134859771 0.571522295 0.789868414
    0.598606229 0.932186127 0.827790916 0.556877613 0.328662097
    0.308918864 0.768428802 0.75946641 0.0640585124 0.90000695
    0.778949738 0.490929484 0.771576464 0.95155704 0.344120562
    0.94743681 0.262598991 0.848104239 0.657099247 0.399423093
    0.18051219 0.212401807 0.756523967 0.442478061 0.654549718
    0.0104875863 0.515428066 0.609560668 0.232626826 0.396846503
    0.666145802 0.177958667 0.645663083 0.463623703 0.00440716743
    0.950628638 0.665639281 0.96298027 0.945136309 0.964993954
    0.699361682 0.12176466 0.581699729 0.804324329 0.394336551
    0.271909803 0.2259368 0.2810269 0.53522867 0.0223412216 0.0266395509
    0.769391298 0.114224702 0.229716122 0.800220013 0.157406539
    0.484044284 0.297175467 0.387649566 0.680811763 0.63526547
    0.33057946 0.975419641 0.766643882 0.786227047 0.711549819
    0.0186120272 0.912708759 0.173475683 0.291921616 0.217952818
    0.983951211 0.569319606 0.250591218 0.698154092 0.349396974
    0.893708348 0.957959175 0.528937221 0.535944164 0.880158424
    0.158457845 0.0898324549 0.874219775 0.734864831 0.60162586
    0.643960774 0.124545664 0.913755119 0.469246149 0.198889732
    0.41107443 0.32896024 0.656621158 0.188341647 0.227814913
    0.836793482 0.813077211 0.606672764 0.359472692 0.0809619129
    0.26940763 0.255596399 0.326500565 0.68523246 0.752723575
    0.214003325 0.0578291714 0.200988412 0.516085625 0.920040905
    0.530520737 0.13712123 0.212711513 0.0282567143 0.667107165
    0.0170709789 0.43822372 0.341669858 0.56180203 0.910987079
    0.0580669641 0.151787788 0.0299505591 0.470583737 0.754046559
    0.812061787 0.421747804 0.845011294 0.552105486 0.473425359
    0.156922609 0.377233148 0.713921368 0.206598312 0.451165795
    0.36583966 0.459382355 0.56735909 0.945991158 0.126122206
    0.146682501 0.413072854 0.795274913 0.0664128959 0.33156237
    0.978782833 0.149022341 0.312648296 0.142774343 0.0252052844
    0.34458524 0.74285078 0.333880961 0.224989891 0.583129704
    0.469715476 0.0951532423 0.526249468 0.784977078 0.196952134
    0.395310819 0.545843601 0.432695597 0.875242949 0.789976358
    0.910043359 0.491653383 0.425075591 0.141876847 0.944916844
    0.0915906727 0.880495131 0.995776057 0.305416584 0.399140775
    0.87686044 0.646003962 0.0407448411 0.590861261 0.486360013
    0.964470387 0.0737977922 0.891002655 0.272261888 0.94670409
    0.140133709 0.878784299 0.886091292 0.802678227 0.0353981555
    0.353325725 0.728673458 0.651463568 0.166814357 0.655685425
    0.575242937 0.142709345 0.93552506 0.201212168 0.119175583
    0.667069495 0.618230104 0.697023153 0.857915163 0.972254753
    0.129878163 0.20906961 0.89821589 0.758404613 0.714434624
    0.00608623028 0.771499276 0.197026372 0.924304843 0.984170437
    0.886116922 0.405291229 0.329503357 0.0677236319 0.109449208
    0.745574951 0.218612105 0.456278235 0.952650905 0.208511978
    0.134959996 0.504789948 0.691780567 0.83347249 0.243109912
    0.11713627 0.847890377 0.408911765 0.0124646723 0.937608719
    0.94283849 0.553626478 0.980095983 0.650195718 0.270941406
    0.999556065 0.027912885 0.180106491 0.682357252 0.246725172
    0.989567518 0.544561386 0.166863114 0.0013666153 0.749475956
    0.938333273 0.121544093 0.0680683255 0.805971265 0.586203635
    0.573644519 0.596708655 0.0347120762 0.125577599 0.533697963
    0.676224887 0.72906065 0.857347429 0.689154029 0.758001328
    0.705034316 0.58520025 0.356332958 0.190659195 0.614406943
    0.748973012 0.513981819 0.0161602497 0.859576643 0.151031643
    0.41603893 0.847276926 0.471585721 0.757156074 0.419341177
    0.429081887 0.958014965 0.719505012 0.787349463 0.584830105
    0.0805249214 0.201746106 0.789596081 0.657721043 0.263506144
    0.688116491 0.759103715 0.943894386 0.701166987 0.534243345
    0.576226234 0.761400342 0.00352275372 0.217669964 0.542837203
    0.613702476 0.894328117 0.566433132 0.305801719 0.427378684
    0.143665075 0.285177946 0.55818516 0.668044627 0.922425151
    0.787011802 0.648569107 0.18644014 0.487766176 0.0370394886
    0.798809588 0.0180528462 0.30331549 0.797256291 0.601334333
    0.214999229 0.807289839 0.185180932 0.347492367 0.27576673
    0.810321093 0.5633986 0.288110763 0.364896774 0.406019062
    0.510673583 0.926388383 0.38381657 0.437280059 0.858415246
    0.887120366 0.498966575 0.385686427 0.0325394869 0.145223796
    0.869019568 0.129244477 0.455168426 0.645887733 0.257716358
    0.19684574 0.212648183 0.0657938421 0.230913341 0.784548223
    0.0913357735 0.661316276 0.377806544 0.771142244 0.00873067975
    0.404868275 0.62526089 0.635329902 0.122715086 0.675647855
    0.723091424 0.448769659 0.0239174962 0.223529488 0.679654896
    0.709323645 0.0548168719 0.584922552 0.985525846 0.396770597
    0.708594859 0.0723154843 0.864791691 0.852235734 0.795585275
    0.0452163219 0.54032439 0.707667291 0.3477678 0.116393328
    0.435683668 0.811581373 0.0179796219 0.52600807 0.0278195441
    0.366533756 0.135474235 0.202982724 0.779979706 0.702041328
    0.946782947 0.264074445 0.998901367 0.601518512 0.567777693
    0.132628053 0.861311316 0.00981044769 0.0399691164 0.912777662
    0.308402658 0.772352934 0.205324203 0.368956983 0.988995194
    0.401133269 0.662915349 0.821938038 0.572691202 0.386541903
    0.673279405 0.664136469 0.25464499 0.438138217 0.533471644
    0.704136074 0.625515699 0.860056639 0.980610847 0.641919851
    0.98186934 0.27079609 0.690560997 0.0585239828 0.599861026
    0.835690618 0.257982254 0.885421574 0.838063002 0.735369921
    0.922461271 0.59807986 0.31323266 0.433103442 0.887324929
    0.205899447 0.0257952213 0.378111482 0.415345281 0.41327247
    0.103136778 0.234455734 0.869446516 0.235441625 0.697866201
    0.0379903913 0.442255676 0.537990689 0.0999676585 0.356770635
    0.581227243 0.177466333 0.559610784 0.959536672 0.0441107154
    0.754330158 0.68262589 0.183101296 0.923269331 0.118946046
    0.537708104 0.163181484 0.177440196 0.608394086 0.810759187
    0.334222972 0.52932322 0.848823428 0.026065141 0.704614282
    0.51536876 0.762976289 0.526293874 0.321567655 0.702483892
    0.24100402 0.585841894 0.22373721 0.249668747 0.211926222
    0.818832159 0.176041245 0.893064857 0.736151159 0.0595403612
    0.835572064 0.789497435 0.611272097 0.523544729 0.130194128
    0.177127272 0.681283951 0.987275243 0.940236628 0.997724175
    0.483749807 0.757809401 0.520687222 0.419319779 0.158177137
    0.487463415 0.360104501 0.821601868 0.757426143 0.536396205
    0.722472787 0.812796116 0.638044 0.901850164 0.784998775
    0.0830625594 0.993587315 0.655464768 0.59331584 0.338514745
    0.928349555 0.198030412 0.408022881 0.697342098 0.0451607108
    0.642938018 0.299385726 0.957877398 0.934435129 0.444707781
    0.540482402 0.917781949 0.331971526 0.640742064 0.252110839
    0.484305352 0.534034491 0.848310828 0.694500685 0.0202438831
    0.491160989 0.431374818 0.750762582 0.551799059 0.0196049809
    0.0934516788 0.55604744 0.368936121 0.0603678524 0.403849483
    0.0332082808 0.233330727 0.0499267578 0.0238582194 0.108433276
    0.824819088 0.0876159072 0.407894611 0.866850853 0.94682765
    0.454717994 0.621093571 0.287605375 0.675508559 0.378925085
    0.521396518 0.492444366 0.982085586 0.559131205 0.084269464
    0.493897527 0.0764226615 0.613593996 0.252570093 0.861903012
    0.280980527 0.180158138 0.961321354 0.0084682703 0.540043116
    0.76928705 0.644514859 0.325722992 0.202996761 0.306387305
    0.155798614 0.702443957 0.334338099 0.0386771858 0.331274033
    0.0121170878 0.378588825 0.0146777928 0.664297938 0.438406587
    0.438300788 0.873852551 0.577248394 0.269625664 0.901782751
    0.934282064 0.627600193 0.719121814 0.585665882 0.599423945
    0.597083271 0.407669276 0.0480532348 0.531515121 0.418301016
    0.892615914 0.799157739 0.109663069 0.801580071 0.0445244312
    0.195608586 0.353841066 0.982736826 0.723631382 0.86051321
    0.450572759 0.180460542 0.439086378 0.631877124 0.345248699
    0.359460205 0.379508823 0.0419711173 0.190277576 0.353215337
    0.741095781 0.860958219 0.782689929 0.817439556 0.996597409
    0.605433464 0.423155963 0.674023688 0.329539031 0.127549738
    0.142079771 0.0528029203 0.654096127 0.934193492 0.326638937
    0.644069016 0.268913627 0.471998215 0.414700508 0.097492367
    0.209647506 0.03423208 0.000760436058 0.71861434 0.110721171
    0.449765265 0.994812429 0.406671882 0.376963437 0.72666806
    0.0934759974 0.689151764 0.215932697 0.813516259 0.618528366
    0.15511018 0.712863564 0.0763067901 0.57272321 0.177122355
    0.865366936 0.25294736 0.715361178 0.172408998 0.113489807
    0.199725956 0.17173925 0.49111551 0.14021799 0.0362747312
    0.173259258 0.299551427 0.0245888233 0.246572375 0.646002412
    0.143896312 0.505942106 0.387631267 0.656552196 0.88675344
    0.534908593 0.33912468 0.40068242 0.726137221 0.674102902
    0.993173122 0.987761736 0.765780866 0.812731743 0.173157454
    0.504602969 0.898522735 0.959619999 0.553449333 0.933380842
    0.110386193 0.996319175 0.737751722 0.276185334 0.969696999
    0.247937083 0.544098556 0.157186896 0.0233581662 0.385491371
    0.829840183 0.294469953 0.928884804 0.707813382 0.510146081
    0.244864494 0.458806008 0.506372213 0.168845922 0.580494404
    0.0575705469 0.714576125 0.470436662 0.270321131 0.880562305
    0.125703365 0.0426744223 0.558956325 0.974884152 0.291773677
    0.533086061 0.319817424 0.248823524 0.537886143 0.459197253
    0.494145155 0.0535951257 0.547708273 0.477249563 0.121890604
    0.28306216 0.487286419 0.249879092 0.0547761321 0.597901165
    0.030335933 0.761477828 0.602214098 0.25156045 0.15620622
    0.440928787 0.049582094 0.813514113 0.454591632 0.175612599
    0.190900534 0.719122171 0.64247787 0.168718159 0.0910289884
    0.823738933 0.82479918 0.811995447 0.963924825 0.911906302
    0.0716982782 0.779410958 0.173079103 0.299058974 0.434650481
    0.459809452 0.786237776 0.588556945 0.222573221 0.596559703
    0.323138058 0.995374084 0.589277923 0.942243099 0.00829696655
    0.630989075 0.801883996 0.573646009 0.360710979 0.7399472 0.61271286
    0.584740639 0.316020399 0.511427104 0.575904787 0.0745853484
    0.694662809 0.870577633 0.993959188 0.197568446 0.165757388
    0.104227602 0.140376717 0.457754701 0.874774635 0.711829007
    0.642541647 0.280656427 0.252710462 0.951570988 0.174205691
    0.26510638 0.0371704102 0.598614693 0.607120812 0.787704706
    0.0210863948 0.325657427 0.0809028745 0.77258563 0.333677173
    0.660826564 0.472771764 0.33245939 0.522077501 0.214328676
    0.719654083 0.776439309 0.935006976 0.601766706 0.593462825
    0.514224529 0.503786564 0.391699165 0.137627095 0.895117998
    0.39540118 0.197651625 0.693428755 0.456902146 0.884293556
    0.834429264 0.986713409 0.0385272205 0.322909445 0.583695948
    0.416168511 0.712785006 0.56616199 0.928850472 0.895239711
    0.714110732 0.742236376 0.106344163 0.334111392 0.602956176
    0.064722687 0.14348495 0.610730827 0.488581568 0.987914324
    0.360501826 0.598004222 0.00849166512 0.885481477 0.591868281
    0.953476846 0.00633230805 0.878347576 0.493521303 0.0224695504
    0.292334735 0.708736062 0.941551208 0.867796063 0.979202271
    0.184291959 0.972656667 0.137506604 0.774297237 0.942546725
    0.762627482 0.800852776 0.0122487247 0.943395972 0.0236841142
    0.750354588 0.600617588 0.112140387 0.538376629 0.777739286
    0.871449351 0.0831670165 0.187487692 0.264323473 0.394090474
    0.297843665 0.0752251148 0.640020192 0.469370276 0.813048601
    0.947754025 0.136510164 0.049397707 0.279806167 0.289858311
    0.135370582 0.967552185 0.354849726 0.612360597 0.867290556
    0.965192556 0.765419602 0.66013068 0.437906206 0.215863526
    0.800356746 0.821329892 0.818463326 0.890955627 0.210099429
    0.721229255 0.382196397 0.0824058354 0.128740042 0.603219748
    0.199357867 0.501604676 0.469620049 0.722345114 0.656760216
    0.200581372 0.990585923 0.408706248 0.106087714 0.901626229
    0.626956582 0.868001401 0.066919148 0.28278479 0.71774143
    0.391172349 0.616732061 0.891345143 0.474988937 0.935913622
    0.753723502 0.398468882 0.214893103 0.264065087 0.748306215
    0.854767203 0.405642539 0.228531599 0.765102327 0.282328457
    0.791726351 0.745680988 0.972447336 0.822712362 0.844747186
    0.223274797 0.551123321 0.591618478 0.827318072 0.187738419
    0.324918002 0.731850088 0.124264151 0.591010571 0.782832742
    0.577574611 0.0810796916 0.718035161 0.937938988 0.696340442
    0.768884838 0.230980307 0.439215422 0.474409282 0.719540834
    0.0684077144 0.037224561 0.116725504 0.0363531411 0.420569301
    0.779177308 0.0223847926 0.413845032 0.790086389 0.486830175
    0.509233475 0.74229598 0.539581001 0.376298428 0.599489987
    0.772644877 0.616107404 0.661376774 0.391431004 0.861460388
    0.396993995 0.127174914 0.385256827 0.54507339 0.782728434
    0.312514901 0.0716176331 0.764692485 0.59641546 0.400556475
    0.997654736 0.769833088 0.276900381 0.331214339 0.297035366
    0.638318896 0.146503806 0.71186924 0.646385789 0.435178727
    0.741388977 0.784797728 0.120638877 0.784155607 0.707660675
    0.0394982994 0.637403965 0.61744827 0.682500839 0.123575002
    0.190782309 0.7265746 0.759862185 0.485176295 0.4258551 0.647121966
    0.628923059 0.182292253 0.306009054 0.346741974 0.868721962
    0.944887042 0.662834585 0.299405992 0.220754176 0.751718879
    0.164563864 0.0539962947 0.703717411 0.409240395 0.165105432
    0.915521264 0.291330099 0.796691358 0.487682462 0.474627137
    0.915441155 0.745831549 0.663023591 0.986509681 0.469692945
    0.406448007 0.198607326 0.378877252 0.748292506 0.411304414
    0.730012178 0.188439548 0.715591788 0.0907974243 0.195442975
    0.881220579 0.421977937 0.340144843 0.992941082 0.644263864
    0.486418784 0.338452637 0.396355808 0.450395674 0.915643573
    0.742216408 0.654934824 0.0445491374 0.960211277 0.879759312
    0.976427495 0.322775483 0.848282874 0.96723032 0.467219591
    0.772076547 0.607444227 0.312385201 0.174468607 0.739934325
    0.762398362 0.966307044 0.438587576 0.736393571 0.509095609
    0.000802189112 0.385449827 0.225970179 0.746413946 0.401786059
    0.0458555818 0.387934059 0.497868389 0.96448338 0.916101098
    0.617533147 0.241405606 0.89400506 0.639400065 0.697430432
    0.432070553 0.514097333 0.352628052 0.494226128 0.352550268
    0.047647953 0.129692376 0.132771015 0.680397332 0.878952622
    0.952585697 0.0413815975 0.657668352 0.0468324423 0.666144252
    0.731254339 0.790927291 0.576188326 0.929232538 0.628168643
    0.879857361 0.263430297 0.583944082 0.625160694 0.0426157415
    0.671879292 0.725241005 0.313545108 0.83542496 0.948757231
    0.686907113 0.15544647 0.251583219 0.821536899 0.945142627
    0.957503915 0.315523744 0.735472202 0.486896783 0.337187409
    0.336124241 0.145691723 0.562238693 0.0403228104 0.768632412
    0.681630015 0.637154877 0.254047155 0.813699722 0.754627347
    0.652824461 0.871963203 0.899562478 0.47498405 0.2439273 0.480568469
    0.692486286 0.176899552 0.0397955179 0.956961393 0.702233434
    0.663350761 0.444906592 0.467467606 0.063306272 0.719043016
    0.642126024 0.858686268 0.489966601 0.763058543 0.950912833
    0.946169853 0.967827678 0.727338076 0.933306277 0.312549055
    0.884637296 0.663238049 0.674008727 0.0770544112 0.518684268
    0.725753844 0.830663264 0.923205078 0.618100584 0.748396754
    0.493057489 0.160413295 0.0137136579 0.650374293 0.399897009
    0.517683268 0.00728741288 0.470737338 0.475621134 0.808678746
    0.55479461 0.473359197 0.500382423 0.925932109 0.44635272
    0.687823713 0.700819373 0.0687286258 0.427703619 0.335896611
    0.570203304 0.490923047 0.526322842 0.149500668 0.176288635
    0.171344876 0.79712081 0.0340047181 0.899603248 0.750985146
    0.835337043 0.181233257 0.250176251 0.645456135 0.154711068
    0.320544928 0.539796591 0.158134192 0.628205001 0.142860085
    0.298970342 0.882983327 0.527421594 0.638707876 0.539411247
    0.884924054 0.383935452 0.638852775 0.0876841545 0.188820213
    0.724659562 0.244686455 0.827859342 0.563321888 0.213567376
    0.647842526 0.599704444 0.736269474 0.153129518 0.490054458
    0.170387119 0.612400115 0.969634235 0.00202971697 0.919870317
    0.386618704 0.775063157 0.0270578861 0.740068436 0.702346206
    0.439100742 0.537542522 0.386118323 0.184581459 0.772591293
    0.680135727 0.735592902 0.634200096 0.878907979 0.782775104
    0.633395314 0.00467059016 0.103246987 0.873125076 0.416761339
    0.49074617 0.577504158 0.463214666 0.959208071 0.633913636
    0.223408282 0.798098385 0.0192517936 0.907470822 0.36086607
    0.69517839 0.690887451 0.598447502 0.0718370378 0.929420769
    0.743130744 0.140455306 0.0902160406 0.378419936 0.379941076
    0.814038157 0.260895729 0.88601923 0.483699948 0.891326427
    0.66259855 0.67190361 0.105009377 0.915771484 0.0131482482
    0.692997456 0.642072797 0.510215104 0.244115442 0.534718037
    0.486932039 0.298022211 0.746803641 0.591480553 0.631214917
    0.512341142 0.840473533 0.411312282 0.53354007 0.625127912
    0.202679545 0.995177269 0.15274629 0.49111104 0.583046198
    0.679134846 0.102306664 0.188751698 0.117598474 0.423929274
    0.0228046775 0.112562954 0.857326031 0.925926328 0.135527521
    0.922578216 0.00638884306 0.367248714 0.618115008 0.676104069
    0.216479331 0.769040704 0.194743007 0.608307898 0.575438261
    0.317211747 0.536282659 0.974193573 0.759575367 0.975650907
    0.188738346 0.379183948 0.790743589 0.150563687 0.706864595
    0.0793866813 0.567787409 0.620520294 0.298750997 0.369879276
    0.123159379 0.61074388 0.0570847988 0.40271306 0.0732764304
    0.668084741 0.878363431 0.393166959 0.534897149 0.681054056
    0.928847909 0.359638989 0.850514054 0.932118773 0.583289921
    0.687964678 0.599715829 0.916311145 0.976462126 0.524208486
    0.117392033 0.441972315 0.532597125 0.331647396 0.940826178
    0.728170097 0.651475549 0.147571802 0.190615684 0.207436115
    0.187595457 0.813681483 0.378645867 0.718970597 0.350144714
    0.754801512 0.100698143 0.815797806 0.72602582 0.638747692
    0.0466128588 0.0458064973 0.595068753 0.83297801 0.323358923
    0.603036106 0.155792356 0.143001914 0.380274177 0.629598379
    0.285788536 0.402492404 0.357973874 0.972546875 0.521744847
    0.525085986 0.552027524 0.354454637 0.928282619 0.360415339
    0.873699546 0.138696611 0.383363545 0.631433129 0.795646787
    0.507500172 0.141583085 0.250195533 0.79939729 0.0652978718
    0.207093298 0.328835428 0.972682357 0.297573388 0.934145629
    0.12317428 0.300758719 0.0934790075 0.690010428 0.180124074
    0.517280102 0.415466487 0.869892955 0.606770396 0.839420676
    0.106912822 0.944459021 0.327742815 0.296661377 0.491166383
    0.107003242 0.769242644 0.180844426 0.965369403 0.557323992
    0.628258944 0.580169439 0.769436121 0.671569049 0.434222817
    0.981525898 0.941607535 0.937989116 0.877041638 0.8573488
    0.133223832 0.744441986 0.218040526 0.106586456 0.399206996
    0.956869066 0.997864366 0.771235824 0.744820237 0.926535249
    0.352126122 0.0563522577 0.813679874 0.0815182924 0.281912565
    0.193982244 0.405986607 0.431178898 0.0631888807 0.601913273
    0.855594754 0.200075865 0.700590909 0.921595693 0.785137653
    0.296997726 0.412464261 0.89233017 0.320380241 0.00209367275
    0.395700991 0.967682779 0.841907144 0.242168486 0.0245138407
    0.220022827 0.162240386 0.494462341 0.757516265 0.926975965
    0.151550502 0.550852597 0.112289459 0.568442285 0.512149096
    0.20704478 0.757470369 0.146523535 0.0269186199 0.660121441
    0.0105564892 0.386107087 0.0316363275 0.55431211 0.570294082
    0.535881758 0.0109740496 0.166383803 0.762946546 0.540815055
    0.351294219 0.677435398 0.00802096725 0.71827352 0.793750882
    0.289757967 0.335881352 0.047560215 0.245341718 0.88401711
    0.113639921 0.877236009 0.191590786 0.607112288 0.0494011641
    0.610717058 0.985948861 0.00533604622 0.0730312765 0.883515596
    0.508849502 0.115006506 0.0227171779 0.115589708 0.482356578
    0.624835968 0.171942204 0.210909158 0.889536679 0.712492347
    0.372320622 0.0240987837 0.876506567 0.981093526 0.820781946
    0.698035955 0.908351064 0.224608123 0.200780004 0.320726216
    0.18911469 0.424676508 0.889653385 0.519666076 0.790202558
    0.350551158 0.877411485 0.734409392 0.564326048 0.34011209
    0.617807627 0.81221211 0.898769736 0.421738565 0.63916862
    0.666915059 0.788652837 0.945917487 0.0028232336 0.109704554
    0.361749411 0.971591711 0.440504581 0.787813008 0.699177206
    0.887127519 0.304751575 0.493297666 0.817139745 0.536201894
    0.13728565 0.842175722 0.052043736 0.618819952 0.00502309203
    0.243186116 0.330297947 0.129346877 0.196961492 0.179272741
    0.498098195 0.251673996 0.257511288 0.29307735 0.87788415
    0.126827836 0.504111648 0.09279719 0.655796289 0.203457415
    0.241446108 0.0724860728 0.96501863 0.269409657 0.927130103
    0.741737485 0.799448133 0.72137922 0.869898558 0.907744408
    0.391723126 0.58202374 0.863671362 0.181199998 0.809249997
    0.622119963 0.359303564 0.609033823 0.26000762 0.857751846
    0.994409621 0.335192561 0.923359394 0.758925438 0.860776067
    0.913901806 0.80754137 0.94291532 0.924745679 0.997808576 0.01078403
    0.0383782983 0.915887117 0.17769897 0.890639305 0.189129442
    0.835601091 0.714767218 0.716656208 0.545990884 0.847390652
    0.0877755582 0.729197264 0.161361784 0.772869647 0.397438169
    0.372500241 0.906433702 0.675159037 0.600868523 0.516027272
    0.113193512 0.29631108 0.955978513 0.731105924 0.596184373
    0.101373076 0.841445327 0.931871533 0.719072282 0.36125505
    0.98881793 0.229142576 0.0702089965 0.0659623444 0.558555126
    0.217693478 0.671040237 0.205822945 0.0453689098 0.897700667
    0.0291206837 0.0921244919 0.907238007 0.316149116 0.465181589
    0.698598087 0.875365734 0.0764279366 0.110532761 0.540068626
    0.087452054 0.919957161 0.167320848 0.727268636 0.335865408
    0.268444031 0.233701706 0.886155784 0.601179242 0.0613639653
    0.965312004 0.999882817 0.612763822 0.053858161 0.373733312
    0.749581754 0.919369817 0.940345645 0.921821594 0.712331057
    0.746647239 0.306091011 0.199421257 0.36099422 0.359247774
    0.234173864 0.831191063 0.144575655 0.944821358 0.133566648
    0.2932899 0.0171588361 0.622823358 0.454937994 0.458425671
    0.591381013 0.733484268 0.543388307 0.956609666 0.65171504
    0.156334907 0.95317781 0.712598562 0.99986279 0.476598203
    0.761561692 0.0490848422 0.569519877 0.114356935 0.80242455
    0.177470148 0.801856399 0.248495758 0.00165954232 0.622677207
    0.341478169 0.774205804 0.0397747457 0.395927101 0.262711287
    0.194060534 0.040448904 0.492454708 0.0808199346 0.784362078
    0.072493732 0.0664694607 0.0317409933 0.401400268 0.639500916
    0.620919943 0.949260235 0.961316526 0.246707022 0.0756786764
    0.194664001 0.342551649 0.360533297 0.25470078 0.264035165
    0.218005896 0.055455327 0.783988118 0.175320596 0.675289512
    0.926777959 0.259578049 0.132460237 0.0383219421 0.955001593
    0.447513551 0.220412165 0.13804552 0.220044076 0.78576678
    0.450502455 0.241620332 0.000800400972 0.577462077 0.329745859
    0.314661086 0.750692964 0.357818246 0.692505181 0.0641161501
    0.0867111683 0.697069943 0.926373541 0.764192581 0.730149508
    0.643747151 0.680896699 0.628500402 0.690491438 0.784846902
    0.132064581 0.945250988 0.125900894 0.273250043 0.244834453
    0.830525041 0.112190098 0.656872153 0.851288795 0.04794994
    0.559466362 0.492097378 0.707155406 0.413306445 0.125928819
    0.365996778 0.739836872 0.117346019 0.955614567 0.0793203115
    0.676915586 0.626974702 0.895061612 0.63963896 0.343425244
    0.209899545 0.574480414 0.858496487 0.747329295 0.609761238
    0.40328294 0.293408483 0.556344688 0.0659759939 0.30687958
    0.656560779 0.0059812367 0.741594672 0.277294874 0.501258731
    0.809366822 0.993286431 0.239261419 0.798198998 0.143221706
    0.229572088 0.674638391 0.689830005 0.911676645 0.452194124
    0.308486938 0.587214112 0.317596823 0.595265567 0.144381434
    0.621377349 0.770673633 0.125782192 0.664890766 0.164574295
    0.904986858 0.0217361152 0.184776455 0.580689371 0.534621119
    0.717771292 0.0192489624 0.854357362 0.0504594445 0.925235152
    0.397784799 0.98374331 0.64534539 0.237992197 0.626866519 0.33695814
    0.361513078 0.226960838 0.223238915 0.742441714 0.262713134
    0.447430164 0.453236252 0.709646702 0.977306068 0.250027537
    0.91691184 0.150290728 0.496974796 0.671334445 0.596865535
    0.129210383 0.196486175 0.682284832 0.999951482 0.671412587
    0.114673465 0.110900193 0.484395832 0.505036712 0.419358015
    0.499065191 0.16921103 0.973465323 0.623056293 0.600537002
    0.407811731 0.918119848 0.785023332 0.77830708 0.34129265
    0.073636651 0.675358772 0.577430308 0.46200034 0.0179682374
    0.320427358 0.553492725 0.328365654 0.810718834 0.340592772
    0.60575521 0.358624339 0.948871493 0.612055957 0.356297255
    0.629449606 0.937046349 0.813578367 0.176108062 0.877764225
    0.381306022 0.572449386 0.277830929 0.385146201 0.0757843852
    0.0909213722 0.742750823 0.488305658 0.618769467 0.951601088
    0.0548798442 0.202530414 0.721257389 0.245736241 0.678181887
    0.152518153 0.597506106 0.273283124 0.759520888 0.0435889959
    0.607213259 0.350029588 0.429054797 0.931721807 0.486909032
    0.592679203 0.017888099 0.0873621702 0.691522121 0.0268674791
    0.289980948 0.305691004 0.475335956 0.407296777 0.583990097
    0.129019588 0.934950352 0.0850168169 0.00029784441 0.954972625
    0.687629342 0.571877658 0.999613047 0.148543447 0.49516952
    0.211760581 0.570356846 0.59461534 0.811333716 0.133205146
    0.803118348 0.953492403 0.712278783 0.208519369 0.211206496
    0.798216343 0.590349317 0.932843745 0.188462555 0.12373659
    0.180747688 0.323801398 0.308953643 0.575659394 0.122532815
    0.379896551 0.513474047 0.55314821 0.632742703 0.449723691
    0.887410164 0.355012238 0.661872089 0.0995727181 0.36120224
    0.404422671 0.417421848 0.717920303 0.185884595 0.843778491
    0.499539047 0.49516952 0.432331562 0.274609029 0.602771163
    0.624907494 0.325824797 0.972802043 0.518380105 0.432298243
    0.522547126 0.00697228312 0.994989276 0.713406563 0.028239131
    0.109174728 0.305388063 0.696350574 0.00740689039 0.695603609
    0.0062264204 0.120786756 0.366697639 0.711317003 0.314707518
    0.340091944 0.352826834 0.813503683 0.295985162 0.642949224
    0.210808039 0.252836764 0.799687803 0.771997333 0.653536081
    0.226862848 0.959329605 0.574740946 0.775022626 0.900007546
    0.853585124 0.538924813 0.264695078 0.0942680538 0.784027338
    0.863812745 0.574267089 0.433561146 0.196161777 0.964099407
    0.12504077 0.773153782 0.298075289 0.787789583 0.801406622
    0.808270335 0.31444034 0.725877404 0.49106887 0.804890275
    0.888973594 0.646224022 0.668942928 0.325793087 0.867038488
    0.595516205 0.490002334 0.977985799 0.966331065 0.251418859
    0.0491510034 0.523329556 0.307876527 0.662527382 0.102399051
    0.0511930585 0.629126847 0.223015517 0.895700574 0.298601419
    0.484711111 0.211825579 0.452299565 0.370469302 0.00945454836
    0.570983529 0.417561173 0.109619707 0.207410187 0.795236111
    0.706428111 0.310337007 0.941465974 0.742142022 0.883628368
    0.507833838 0.199037611 0.483201653 0.370766103 0.686857581
    0.776001751 0.476741552 0.64141494 0.0275832713 0.426601827
    0.986422658 0.130856425 0.432991982 0.233607292 0.99153614
    0.822339535 0.577383578 0.422338873 0.11255008 0.94378525
    0.891196549 0.907301545 0.913446665 0.383398592 0.157474101
    0.0738531351 0.162405223 0.224716336 0.214883447 0.467426598
    0.36690098 0.265941322 0.0377898812 0.109919488 0.289447933
    0.664678395 0.589978337 0.592248321 0.84775722 0.360087276
    0.189858496 0.963160515 0.0608200431 0.767597795 0.265706778
    0.161376238 0.823196828 0.649964631 0.698762238 0.868449211
    0.607979834 0.957435012 0.0547155738 0.656819105 0.185540408
    0.565691352 0.571021795 0.401863039 0.446944714 0.636414647
    0.416741669 0.60945946 0.943287373 0.951753736 0.882904291
    0.0745071769 0.590895176 0.314809442 0.931304753 0.458212525
    0.375032902 0.554976404 0.308557779 0.45191431 0.191372365
    0.846272111 0.124528289 0.632267833 0.0894338787 0.506420851
    0.25199157 0.929468572 0.982205093 0.912731588 0.519970536
    0.972425342 0.0269606411 0.53865695 0.484790653 0.96295166
    0.917376995 0.0888801813 0.6881814 0.114449859 0.266077846
    0.142802566 0.525160193 0.880041778 0.374437749 0.203817397
    0.954841912 0.520562291 0.903589487 0.485834271 0.208226442
    0.0468325615 0.452309668 0.391494036 0.865037441 0.64401567
    0.821169734 0.349641263 0.155731082 0.632588327 0.916889548
    0.856443524 0.125683337 0.883915186 0.566837192 0.0210814774
    0.139646232 0.00454196334 0.414064169 0.183958232 0.661135733
    0.110791624 0.667417467 0.489950359 0.377773702 0.415556103
    0.707185566 0.718712151 0.172729701 0.326980412 0.0980657935
    0.510988712 0.349819839 0.952634811 0.918158054 0.358570397
    0.351016283 0.341375828 0.858237147 0.03932634 0.0191341043
    0.274335206 0.642302871 0.554569066 0.31626761 0.423098624
    0.833575785 0.388805628 0.503961921 0.847691298 0.569453239
    0.735319912 0.163013637 0.174048632 0.0633464158 0.832392991
    0.47481516 0.531558156 0.0867818296 0.171904206 0.236662686
    0.336988717 0.974190533 0.608023942 0.710940361 0.419472754
    0.972896338 0.746211171 0.870857179 0.583783031 0.820845246
    0.21133697 0.642200351 0.219928354 0.48704353 0.318883359
    0.169115126 0.704509437 0.968876481 0.346641332 0.640506625
    0.440035254 0.0365622938 0.732664227 0.816300929 0.463889807
    0.0551553071 0.73377943 0.885973513 0.273520142 0.125593126
    0.355880678 0.859257102 0.521811366 0.347357154 0.63779211
    0.0765937865 0.476242781 0.518969774 0.629173219 0.922285318
    0.477729738 0.887903929 0.295440614 0.564507067 0.317349136
    0.347981334 0.450243473 0.852383137 0.292038202 0.191614836
    0.888342023 0.76641655 0.240922242 0.631664813 0.579208016
    0.119285524 0.679745257 0.825283408 0.9971174 0.414600939
    0.376957595 0.378221929 0.781858802 0.171636373 0.113407254
    0.0554546714 0.111652017 0.651440978 0.333187342 0.605275214
    0.538728952 0.729767919 0.136986673 0.225066423 0.892347574
    0.434632659 0.0611444414 0.541607857 0.973551214 0.480772048
    0.852514744 0.0663616359 0.325666726 0.782800257 0.463736653
    0.46926564 0.0933843851 0.112973571 0.254424632 0.294790953
    0.634124517 0.182190597 0.505307853 0.086283505 0.287391603
    0.60620755 0.959166825 0.854566693 0.121921241 0.0397046506
    0.611573815 0.232694209 0.528192461 0.00992572308 0.313065231
    0.280512512 0.85009402 0.104990959 0.547012806 0.201802164
    0.99129343 0.0272643268 0.59011656 0.501160681 0.684754014
    0.611014187 0.307829767 0.714108109 0.401798815 0.275203824
    0.118956804 0.814611614 0.640488982 0.663329661 0.611074924
    0.628133178 0.00478509068 0.200858235 0.725684583 0.895003915
    0.780539393 0.0519634485 0.580251038 0.606418133 0.602869213
    0.680796921 0.46087274 0.0795365572 0.690337777 0.740532875
    0.772949219 0.358282685 0.629360259 0.144524395 0.596852124
    0.933512032 0.737328827 0.550897121 0.370029032 0.867487967
    0.0111626089 0.392582178 0.320503354 0.310266256 0.903063536
    0.716509581 0.104225099 0.972214103 0.259879887 0.958556354
    0.39591369 0.988978148 0.583306193 0.30697161 0.613709927
    0.191599071 0.586960137 0.307562679 0.62717098 0.232490242
    0.117324114 0.56032294 0.467716008 0.827997327 0.649979949
    0.976503611 0.142085761 0.455515802 0.185943246 0.113479346
    0.455350876 0.276188433 0.661486804 0.594147325 0.0406239033
    0.635959089 0.907072783 0.175045907 0.435282886 0.974668741
    0.269603431 0.0220319629 0.313621461 0.273571461 0.000711709261
    0.322334319 0.829998374 0.587449551 0.832648993 0.566840053
    0.311315835 0.250743687 0.00116014481 0.64135325 0.297267318
    0.795284033 0.443997771 0.572462499 0.600405037 0.829579949
    0.791368246 0.847420216 0.558405399 0.0503736734 0.214903533
    0.167199701 0.39212817 0.222525597 0.599994183 0.296969891
    0.540174842 0.832068086 0.276823103 0.494192928 0.907497168
    0.65916729 0.782214761 0.198158294 0.774645627 0.827762008
    0.678424954 0.297888756 0.0591180325 0.488782763 0.908455014
    0.266040444 0.784244776 0.596127868 0.788123965 0.667765319
    0.869864941 0.113701344 0.14222905 0.77033186 0.0739611387
    0.750681162 0.642378688 0.365686715 0.139047652 0.798125148
    0.782304049 0.00755989552 0.471750736 0.830225348 0.430355608
    0.704198301 0.814463019 0.841317892 0.906831861 0.615478218
    0.650853932 0.188723862 0.958785057 0.327937722 0.522547543
    0.367797375 0.80888474 0.445544243 0.66888696 0.78488034 0.109016538
    0.926486492 0.281555474 0.457924873 0.49922955 0.281467736
    0.812026441 0.435227334 0.39856869 0.219733238 0.0510472059
    0.397310227 0.160197407 0.822465479 0.808431804 0.0341457427
    0.137597919 0.225298017 0.658540547 0.795381904 0.178652674
    0.366400599 0.40278697 0.553461611 0.825995922 0.354086339
    0.425233126 0.156523973 0.56046617 0.0738320649 0.841137767
    0.35104838 0.569230914 0.0189680457 0.0522732437 0.738270998
    0.923826873 0.0886035562 0.285907239 0.923940599 0.654919267
    0.445795745 0.0155257881 0.252573639 0.802461922 0.621716321
    0.115644783 0.942389131 0.636751413 0.224627972 0.0870309174
    0.0400492847 0.138806045 0.329090416 0.980814993 0.41496858
    0.982924342 0.595381677 0.184600621 0.670694768 0.722905457
    0.308812797 0.62787658 0.196256042 0.315157443 0.976896107
    0.628547668 0.600142658 0.594462693 0.784464836 0.73702544
    0.40124926 0.10642615 0.947474718 0.783409715 0.22450909
    0.0460288227 0.184023261 0.773706496 0.975502908 0.887842178
    0.416151464 0.766070127 0.766872287 0.161181748 0.555209994
    0.191832066 0.144163638 0.269634962 0.167417675 0.905612826
    0.130253524 0.466335177 0.150039583 0.293996722 0.227009237
    0.0615856946 0.997778475 0.893664002 0.789898872 0.434458971
    0.652238488 0.114137918 0.0878050029 0.27510497 0.979938507
    0.0260912776 0.315020263 0.768025875 0.138844222 0.35345751
    0.103873819 0.51103431 0.681067109 0.399733454 0.301784039
    0.178434283 0.0258799195 0.653044701 0.274942517 0.0764056146
    0.678433239 0.142464608 0.337980926 0.577680886 0.611875057
    0.910954833 0.29974398 0.86938256 0.95039916 0.612966955 0.237273961
    0.68441689 0.260816634 0.823803961 0.27520594 0.772400618
    0.259109139 0.377984822 0.846437693 0.278559417 0.758270502
    0.58108145 0.772310853 0.808714151 0.954807162 0.0286622941
    0.971124411 0.772770524 0.480192691 0.756514192 0.488621324
    0.705754519 0.985373497 0.966757178 0.718928814 0.865508199
    0.244065315 0.553962648 0.735262811 0.820635557 0.949512184
    0.201128334 0.480006635 0.635723948 0.349193633 0.30918777
    0.315056562 0.410014689 0.270912319 0.02627334 0.724187136
    0.059299618 0.715893567 0.41048646 0.662226319 0.969169736
    0.76366663 0.33539778 0.444429129 0.680249453 0.180754602
    0.463838607 0.0792998672 0.4242782 0.950330317 0.0192480683
    0.912225246 0.24455604 0.281029701 0.432311952 0.818903089
    0.440685242 0.828240633 0.623123944 0.609806538 0.708214641
    0.715304732 0.101035893 0.317566097 0.268799305 0.185152858
    0.809025645 0.183947295 0.455875754 0.936219037 0.918613315
    0.611284494 0.970222473 0.125827283 0.294688225 0.428483754
    0.091018647 0.569750547 0.479091793 0.507228911 0.83433497
    0.0614248514 0.937515497 0.917845726 0.378410876 0.728917539
    0.312626302 0.552859187 0.921959639 0.821298838 0.721548915
    0.760524988 0.875138044 0.4402619 0.629890442 0.549063861
    0.469923824 0.563942552 0.361351877 0.133219123 0.368894339
    0.0812661946 0.301228404 0.998944461 0.378717959 0.92125231
    0.113653719 0.0818114877 0.905024409 0.815484047 0.903476954
    0.476013482 0.936589599 0.144130558 0.754115343 0.292191088
    0.113548398 0.257320553 0.883808434 0.476923823 0.709296107
    0.0401037633 0.476457626 0.340414494 0.938092709 0.723669648
    0.110048711 0.883922935 0.378263742 0.179667324 0.638424993
    0.77019763 0.671527147 0.0671777427 0.901111305 0.467353135
    0.436603695 0.514613688 0.392467737 0.980543137 0.755164027
    0.644074857 0.645584822 0.510147393 0.666119456 0.512654901
    0.511796653 0.0365025997 0.368965656 0.063788116 0.957906842
    0.300713122 0.000609755516 0.730846703 0.11096549 0.0915555358
    0.59519881 0.455541402 0.425909668 0.936669707 0.147160202
    0.509948313 0.694337726 0.765090585 0.620736122 0.577794433
    0.697330654 0.6097399 0.620704293 0.391799986 0.802927196
    0.651940763 0.985466361 0.86547488 0.450741827 0.971668243
    0.088852942 0.372711658 0.406430691 0.933057904 0.80416739
    0.610149741 0.441088974 0.141440719 0.841231585 0.326519698
    0.278749526 0.079649359 0.136410981 0.558314979 0.987760186
    0.450784743 0.215079874 0.396937698 0.515011251 0.0272020698
    0.654280841 0.328674257 0.427589595 0.829489529 0.496251941
    0.983927131 0.291309416 0.277881026 0.22315833 0.453864723
    0.542425454 0.66151917 0.937089443 0.0710399449 0.0964929163
    0.823673964 0.147321463 0.659003854 0.0510086119 0.923022032
    0.98067677 0.373042107 0.449425429 0.0449502766 0.930368066
    0.202274233 0.0309780538 0.340939552 0.385705322 0.308838844
    0.473307401 0.0312580466 0.48516345 0.663272798 0.124852031
    0.0459675491 0.457962662 0.678287029 0.893887043 0.564291775
    0.27665785 0.506826758 0.742493153 0.921310127 0.825594544
    0.583219051 0.996657729 0.625427723 0.98629266 0.600058079
    0.830853879 0.825029969 0.478747845 0.770627201 0.0689135492
    0.779985547 0.778088927 0.162129045 0.902560294 0.260115594
    0.770301938 0.0399952233 0.224349201 0.216989279 0.746204913
    0.804873228 0.900075316 0.496219724 0.132378399 0.123814315
    0.973622799 0.330734968 0.701902807 0.0449150205 0.353468657
    0.588798523 0.499254912 0.0361686051 0.569265068 0.0172319114
    0.695056438 0.972549558 0.141589254 0.902981162 0.911974609
    0.0114893913 0.930616498 0.00763231516 0.789384246 0.303746015
    0.4797571 0.531387329 0.368231833 0.883268118 0.289723933
    0.314800739 0.971449971 0.955765128 0.750044763 0.0298993587
    0.113124251 0.832717299 0.985304475 0.606254518 0.957966566
    0.436393082 0.683877885 0.183171391 0.651010454 0.130227953
    0.66313386 0.731280863 0.972885847 0.0414689481 0.663562775
    0.0774354935 0.721651912 0.0842696726 0.701146483 0.28227976
    0.588531733 0.480164826 0.853483558 0.790978134 0.720723391
    0.127124667 0.907630682 0.481425881 0.255995989 0.625201941
    0.310833395 0.523849368 0.0766261518 0.511083543 0.0558832586
    0.0804879963 0.0566140413 0.363721997 0.829755306 0.386402696
    0.336996913 0.286877841 0.255597144 0.0138768852 0.537666023
    0.647867799 0.868211389 0.12627995 0.843661427 0.874376416
    0.592336774 0.66350019 0.508615017 0.702585757 0.0954173803
    0.651417494 0.548440337 0.352474391 0.261156321 0.542050183
    0.31418848 0.395967007 0.816483021 0.537606299 0.53396523
    0.641943693 0.647962332 0.0947666466 0.338943839 0.500810802
    0.514175832 0.120682955 0.321437776 0.112381101 0.947761893
    0.0184495151 0.0757745206 0.241899878 0.511035264 0.596231699
    0.727236629 0.0887452364 0.290216982 0.155909568 0.572457194
    0.00831466913 0.0842892528 0.468105823 0.399362177 0.339978516
    0.332847834 0.217234701 0.576177835 0.459324718 0.700051069
    0.188184768 0.996282101 0.410564691 0.675383091 0.989550471
    0.719923258 0.929534554 0.44648698 0.119343251 0.0556286275
    0.297592282 0.472400248 0.809884727 0.769582033 0.8219769
    0.236364663 0.548200428 0.88575983 0.456700981 0.586404085
    0.324796498 0.072891593 0.141707569 0.132081062 0.631611228
    0.390937924 0.246632814 0.981844723 0.443595976 0.101202935
    0.967003107 0.930526614 0.302991211 0.496430993 0.521621168
    0.9506405 0.68083775 0.530649006 0.448888898 0.109804183 0.120917618
    0.41762054 0.925671458 0.65081346 0.608681738 0.907868385
    0.546415627 0.103075564 0.224012822 0.94914782 0.13187471
    0.478752166 0.56329453 0.101218015 0.513818026 0.878725648
    0.0930365622 0.0049302876 0.545503318 0.718979597 0.83706224
    0.863295078 0.634145856 0.985051751 0.325041831 0.451429516
    0.0082013607 0.724795699 0.780976772 0.263054043 0.0866969824
    0.990952134 0.582514882 0.982888162 0.191765934 0.0538279712
    0.674700201 0.0751138926 0.0950609446 0.939286947 0.895195723
    0.808065891 0.213207185 0.972425818 0.226469815 0.350771725
    0.138685524 0.699948788 0.74553895 0.993564308 0.78493166
    0.00608175993 0.513754785 0.654310048 0.762864888 0.614800751
    0.20425418 0.939946055 0.739578187 0.976845145 0.851341546
    0.0303794742 0.639073133 0.65520221 0.581279874 0.676083148
    0.848793089 0.594366133 0.937158644 0.629371524 0.804033399
    0.608847558 0.164673746 0.37520659 0.0630755126 0.601654708
    0.437638909 0.713454187 0.960741282 0.2950041 0.0579067469
    0.233903974 0.23093909 0.731884003 0.855116546 0.940209806
    0.113554299 0.550021052 0.256039739 0.52528125 0.451576978
    0.715829849 0.887860537 0.907189369 0.825481296 0.509091675
    0.651076794 0.120118499 0.606216311 0.766255379 0.7463395
    0.820524573 0.40833807 0.0317263007 0.242714435 0.35891971
    0.0890947878 0.860296011 0.89920485 0.440196872 0.396414876
    0.258691013 0.578686953 0.649234116 0.541978538 0.19114387
    0.68007338 0.324365735 0.541604936 0.642584026 0.526111662
    0.488419205 0.853221178 0.291488588 0.269964695 0.727175474
    0.941642761 0.875797868 0.268423975 0.864174962 0.436546326
    0.0944462121 0.434926778 0.913082361 0.72253561 0.395971894
    0.818231523 0.273559242 0.669789314 0.167580545 0.0559161603
    0.729492128 0.973672688 0.189703703 0.223236322 0.207374096
    0.160966188 0.822507739 0.0609416962 0.809907913 0.720533907
    0.707801521 0.703609109 0.778958201 0.67703861 0.241612494
    0.235796452 0.29405567 0.737238765 0.556771219 0.511588991
    0.0918057561 0.973092914 0.359416872 0.403488845 0.553414822
    0.425827503 0.981346309 0.2664361 0.120912075 0.0577226579
    0.0343180001 0.01892519 0.171141952 0.855112255 0.506321967
    0.429823756 0.101838976 0.0540578365 0.658413112 0.0662094653
    0.970345974 0.878346562 0.580447495 0.0318910778 0.582433641
    0.0228788853 0.774709105 0.810653567 0.403051555 0.678747058
    0.614840925 0.0689964592 0.624133587 0.661735594 0.800081491
    0.0575639904 0.326905847 0.538074195 0.63773489 0.136140913
    0.836669326 0.748383999 0.712201953 0.996899128 0.819823682
    0.545698524 0.868366122 0.873601496 0.386336267 0.757559061
    0.212152779 0.973961592 0.226985097 0.531128645 0.636021197
    0.356815577 0.764909267 0.563652694 0.632630944 0.0485166907
    0.0633121431 0.155442357 0.956473947 0.960862637 0.0763312578
    0.0613745451 0.224542648 0.0812333822 0.278673321 0.673185885
    0.731560528 0.896548629 0.596077144 0.638107061 0.630136728
    0.937489808 0.721980095 0.0744662583 0.697632968 0.245919555
    0.164346278 0.166109681 0.841988444 0.413361758 0.126271397
    0.476261318 0.542004704 0.568571866 0.770477176 0.66310811
    0.0866395533 0.81150651 0.238100946 0.270043671 0.266792208
    0.414577097 0.961208582 0.985850215 0.50043267 0.819443583
    0.0873971879 0.513430595 0.64635855 0.783784091 0.07606709
    0.474833399 0.807517886 0.111532658 0.129161447 0.351992726
    0.0516946614 0.650652647 0.357575715 0.302198708 0.207823992
    0.190772593 0.357814431 0.817630351 0.892868519 0.871355057
    0.761641145 0.974499822 0.294224501 0.281166971 0.985255063
    0.656143546 0.885963678 0.739095688 0.805226564 0.90806812
    0.220323473 0.118848622 0.933084846 0.808135808 0.0519642532
    0.494101256 0.235735416 0.417375594 0.170625269 0.514453769
    0.838031113 0.120294392 0.135317922 0.165266663 0.995364785
    0.0810220838 0.691842556 0.565637469 0.708955646 0.29376018
    0.299437672 0.344432503 0.0957581103 0.766846299 0.951083183
    0.5752213 0.695965946 0.29052192 0.883421659 0.797155142 0.766933918
    0.972598076 0.732117593 0.515554965 0.0673021674 0.717413306
    0.234000623 0.393545032 0.072668016 0.351965547 0.392543197
    0.291375399 0.895287395 0.451122582 0.248195559 0.537901461
    0.763293028 0.563196778 0.824479938 0.961849689 0.954131246
    0.209702522 0.495829493 0.78620708 0.501272738 0.402525544
    0.478223979 0.917939663 0.977425754 0.309006274 0.481281757
    0.33075273 0.221394986 0.300586402 0.242972642 0.243683606
    0.650133729 0.409722745 0.066309154 0.909058094 0.976669014
    0.495095938 0.194395661 0.971812308 0.183680862 0.0611285567
    0.463613868 0.581418872 0.121732056 0.26967448 0.518401861
    0.032756269 0.327989638 0.13840872 0.196073532 0.855134606
    0.230946898 0.345257819 0.157059044 0.0503293574 0.762369394
    0.867384195 0.796568215 0.129702806 0.0694176257 0.941021562
    0.820800424 0.840008378 0.758657694 0.322454661 0.298389316
    0.191949576 0.868617773 0.00557366014 0.157582074 0.727722883
    0.137497127 0.379570633 0.200071126 0.704465628 0.580610991
    0.315575242 0.785875916 0.0881948173 0.293930203 0.870845675
    0.297542155 0.057436496 0.454824507 0.228042394 0.624650121
    0.588881254 0.438585073 0.454845607 0.584253132 0.97363621
    0.273696959 0.304102868 0.0884585381 0.506333351 0.46279189
    0.356290191 0.810406446 0.941921353 0.983564615 0.154139817
    0.239025295 0.491066933 0.285620034 0.743158638 0.395274818
    0.582675457 0.72757709 0.246423602 0.883083224 0.79683578
    0.280893862 0.402268469 0.10070172 0.966844916 0.214426398
    0.25070864 0.679545999 0.000684320927 0.579475045 0.107432902
    0.502628207 0.438661516 0.835060954 0.579155922 0.331069589
    0.735719323 0.43488726 0.434076816 0.426679254 0.503982186
    0.946971774 0.300845623 0.324329406 0.681925654 0.814134836
    0.775314152 0.655237377 0.860890746 0.476518035 0.0853146315
    0.774527192 0.27302593 0.54403156 0.267878115 0.0676915646
    0.109427869 0.164199382 0.357070327 0.964677215 0.0521501899
    0.898180127 0.771380067 0.975975335 0.43283084 0.866422832
    0.0375387371 0.257277846 0.460372239 0.560892582 0.673841298
    0.760289669 0.406935543 0.310982823 0.0578428209 0.755641699
    0.266827077 0.523063302 0.379399836 0.304193079 0.0938263834
    0.916780353 0.930339217 0.000262260437 0.500957489 0.359207571
    0.30111903 0.732327163 0.263110131 0.885047674 0.437389582
    0.105277836 0.687143803 0.606445611 0.338942528 0.821562767
    0.33766219 0.199608088 0.993232608 0.3365677 0.720556021 0.441345036
    0.958770394 0.446100593 0.685774863 0.648599148 0.760040641
    0.709883749 0.299926668 0.554006815 0.719622135 0.123034477
    0.366901934 0.198489279 0.958225429 0.118802518 0.338847101
    0.0542671978 0.571740448 0.735916495 0.623699009 0.749441624
    0.074108839 0.356095314 0.403864413 0.194278181 0.245628089
    0.340856194 0.650085032 0.969768643 0.838007092 0.28715235
    0.66148001 0.651693881 0.453568637 0.799953222 0.159892023
    0.548305571 0.558483958 0.105666012 0.877003551 0.827318192
    0.144727021 0.126218021 0.0608874261 0.631152153 0.665466309
    0.524854422 0.230627805 0.744338214 0.565359473 0.416827589
    0.161622435 0.307042032 0.839576185 0.606973886 0.402582467
    0.799201012 0.670223236 0.607522905 0.810577154 0.595375121
    0.900053978 0.410896868 0.969070137 0.653589845 0.698417246
    0.158379644 0.239579588 0.733499885 0.132635802 0.574721932
    0.045273453 0.414582759 0.147738695 0.830175042 0.924916744
    0.363321245 0.777306616 0.883671641 0.272856176 0.655295253
    0.0995630324 0.361279905 0.0935819447 0.937848449 0.889341056
    0.505373776 0.198485136 0.217737347 0.831674337 0.104046673
    0.787576795 0.355353951 0.659705997 0.737750411 0.656541824
    0.231850803 0.0819908381 0.214399338 0.222258121 0.389206707
    0.954125583 0.893673599 0.492171913 0.0852112174 0.436017394
    0.305249304 0.709397674 0.337580651 0.760254443 0.562622547
    0.576318264 0.851396918 0.12324065 0.170240223 0.00464037061
    0.603592157 0.754790485 0.633071423 0.340733349 0.833091438
    0.422393531 0.71843195 0.0294185281 0.958705962 0.448916852
    0.92484045 0.784703374 0.60974735 0.505973577 0.756493926 0.59580332
    0.127545834 0.515266299 0.299236774 0.159441978 0.854565978
    0.162507325 0.796651125 0.619745851 0.447252959 0.488863677
    0.834540248 0.466015458 0.618726671 0.451780289 0.812947631
    0.366085052 0.923969865 0.1862441 0.65664196 0.522642672 0.679037631
    0.106512815 0.477401912 0.843558788 0.0228138864 0.197743446
    0.192869574 0.0375292897 0.148090601 0.324259996 0.0463994145
    0.765298367 0.782609046 0.240212888 0.898661137 0.641967773
    0.521216571 0.43810463 0.297522902 0.783195019 0.928456187
    0.35360229 0.483065903 0.538438439 0.330412447 0.397908896
    0.738108575 0.227960199 0.905681252 0.985889733 0.546778142
    0.960724473 0.121735632 0.707106769 0.311335832 0.607639372
    0.703281641 0.858291745 0.0483468473 0.700169802 0.808768988
    0.828158855 0.931601048 0.743744433 0.364173532 0.531662285
    0.637550652 0.782304943 0.110344976 0.720496893 0.420156717
    0.885756731 0.0943508744 0.583460271 0.678634763 0.028817147
    0.133099109 0.616297185 0.596439481 0.92099297 0.545339346
    0.262339205 0.938159823 0.449814916 0.0218479633 0.464287966
    0.952823818 0.333917916 0.366306812 0.371563017 0.231593519
    0.745592594 0.564222813 0.773703814 0.718108594 0.659574687
    0.187145501 0.171083361 0.53104043 0.0961796045 0.734239697
    0.326983988 0.408021271 0.47016722 0.824878335 0.168062568
    0.466538906 0.985002697 0.0222332776 0.112768561 0.455295205
    0.285673738 0.13632673 0.312235326 0.297295004 0.943549216
    0.586967111 0.890066385 0.266612232 0.343013465 0.633321702
    0.298896968 0.918269098 0.712524831 0.0750156939 0.504718482
    0.573600352 0.49798876 0.183424205 0.931480408 0.929121614
    0.118625969 0.511706352 0.0799759626 0.0235447884 0.653283834
    0.941690087 0.646085024 0.54687649 0.330818117 0.0590651929
    0.109760791 0.910442591 0.595599294 0.692079186 0.363850176
    0.104156852 0.637355447 0.428527296 0.601564646 0.391046077
    0.104366601 0.98493588 0.617329836 0.483350426 0.494223237
    0.317723513 0.214073241 0.651332617 0.438760281 0.988145947
    0.533367097 0.904087663 0.615161479 0.663423061 0.131257981
    0.930267215 0.310086191 0.573278904 0.366005152 0.627023458
    0.164043725 0.390036523 0.506251454 0.303751379 0.581161499
    0.503635347 0.646203518 0.326470196 0.0600267351 0.773690104
    0.0660557449 0.965169668 0.0279369056 0.568169236 0.39893809
    0.757292509 0.992858529 0.69661665 0.105094641 0.592882156
    0.595138907 0.793864071 0.765191436 0.940067708 0.616317511
    0.78532064 0.570165992 0.262478292 0.960402787 0.433197886
    0.48157233 0.191614985 0.0532068312 0.293020904 0.37622124
    0.47037068 0.540687144 0.100997329 0.461295068 0.984183908
    0.181867719 0.721414387 0.417180181 0.776530921 0.966927767
    0.43704021 0.392591655 0.55624789 0.416419744 0.310817748
    0.386987269 0.0391187668 0.0948279202 0.59060657 0.0954866409
    0.440828949 0.768526077 0.771381974 0.737981081 0.51019454
    0.156336188 0.229630262 0.470266044 0.362620234 0.375548095
    0.120328605 0.207102716 0.89812851 0.279085159 0.626971006
    0.278234094 0.692249775 0.640275478 0.166103482 0.948936343
    0.635200322 0.656864166 0.6942029 0.340599239 0.600168824
    0.923633695 0.499942243 0.890744328 0.959922314 0.763023973
    0.0743121505 0.64497453 0.939698398 0.550682485 0.545775175
    0.330189705 0.770818472 0.156747669 0.884479046 0.245439947
    0.232432812 0.421362549 0.736822307 0.876971722 0.159079492
    0.574920893 0.183952779 0.0993656218 0.139390975 0.774756908
    0.413975328 0.755183518 0.913413405 0.382490098 0.221109778
    0.0744657516 0.502300203 0.196618319 0.469478935 0.886723042
    0.95383656 0.129979998 0.889847517 0.224351853 0.272174001
    0.389083326 0.00333672762 0.354741275 0.67491591 0.963426948
    0.381278098 0.652591288 0.728546262 0.369636357 0.518083692
    0.296589643 0.926096618 0.0314464271 0.571920574 0.0628359616
    0.697667539 0.0285542309 0.966717601 0.713830113 0.72397548
    0.356997907 0.426541179 0.306575239 0.674684167 0.533442438
    0.545184076 0.0922422409 0.156940103 0.892298222 0.0245571434
    0.582723141 0.362546027 0.822740555 0.155145615 0.0218634605
    0.192439795 0.267768919 0.475838989 0.972069442 0.652704597
    0.48301217 0.0365652442 0.240761548 0.107713699 0.369290233
    0.376173258 0.768090725 0.868900657 0.908748746 0.230939478
    0.297885001 0.50925988 0.183500022 0.803743064 0.2420986 0.548883677
    0.096198827 0.0294389129 0.308759332 0.0684063733 0.643144011
    0.889937401 0.386816919 0.672494769 0.676485479 0.724341452
    0.58299017 0.973601818 0.339834154 0.615764558 0.929730415
    0.121472657 0.84826076 0.243691772 0.220205814 0.338326871
    0.843807697 0.580789924 0.515204608 0.526845336 0.525430679
    0.820554197 0.643456519 0.902994037 0.792471766 0.196750224
    0.548571587 0.110099703 0.750819862 0.185286373 0.395430356
    0.834413409 0.289678991 0.873437643 0.124163806 0.127612174
    0.885834694 0.344850421 0.44245404 0.319795251 0.629265189
    0.420879453 0.160919935 0.676114321 0.724577069 0.945109308
    0.753128767 0.284215778 0.944431782 0.918912292 0.210078984
    0.244462818 0.527676046 0.80219388 0.742065728 0.87277925
    0.670476556 0.909130812 0.179679096 0.992627621 0.367762327
    0.91727519 0.0560067594 0.299889386 0.920557857 0.650668204
    0.97777307 0.0599529147 0.988781452 0.375781775 0.0677858591
    0.622960269 0.554799259 0.78814888 0.400444895 0.970581055
    0.608372092 0.699509382 0.55837059 0.218132585 0.746364236
    0.893647552 0.962193787 0.624367118 0.764605165 0.75855118
    0.90306288 0.552034914 0.666263461 0.556896091 0.873007059
    0.93128258 0.0432085693 0.585823178 0.767829061 0.416171879
    0.970535398 0.590150416 0.420884609 0.0273474157 0.561029851
    0.642252028 0.110738218 0.734490335 0.0664103627 0.779022396
    0.879762888 0.71692121 0.375972837 0.108868837 0.176167428
    0.958352029 0.102288783 0.69416666 0.231387079 0.0539996624
    0.0616933703 0.400256813 0.766289353 0.0132228434 0.940464675
    0.298253119 0.0435118079 0.662228942 0.846379936 0.956090927
    0.671442449 0.0629992187 0.954563022 0.897598267 0.281184137
    0.00372186303 0.300344586 0.920499146 0.362534672 0.225807488
    0.432195663 0.86976099 0.665856779 0.0303538144 0.867270947
    0.0565687418 0.736260712 0.651134908 0.031802386 0.213455111
    0.0127309859 0.835748196 0.656371593 0.716862559 0.365313619
    0.961925447 0.788819075 0.047178477 0.839327574 0.742072821
    0.55814743 0.373152912 0.550638735 0.253005445 0.882900119
    0.462922364 0.788622141 0.051183641 0.262497246 0.894023657
    0.122578502 0.0538672805 0.48045972 0.995183349 0.708771646
    0.656595647 0.398025572 0.0735781491 0.25185746 0.700051963
    0.36929962 0.82588923 0.202870697 0.591428399 0.691670656
    0.214801937 0.381682456 0.526645422 0.478660494 0.827512443
    0.729975343 0.658348083 0.134405255 0.966776252 0.216164351
    0.795114279 0.909855127 0.138196945 0.0797714591 0.00824403763
    0.315101862 0.419757664 0.745771229 0.185505062 0.308065236
    0.978375316 0.460391343 0.556311369 0.305925548 0.846495628
    0.457418144 0.63909781 0.912211299 0.300417066 0.191275984
    0.624960184 0.506752968 0.699385107 0.656380594 0.818225801
    0.816570878 0.311142147 0.486180216 0.308984578 0.635110319
    0.15279302 0.144445866 0.459596157 0.512351155 0.729267299
    0.387116313 0.538595319 0.176569611 0.60571754 0.835696459
    0.798821926 0.865723372 0.532182097 0.731087863 0.163588315
    0.210963666 0.466923475 0.482330143 0.454887986 0.21889469
    0.159719199 0.900826275 0.691840768 0.780384898 0.85156858
    0.543225646 0.38477686 0.382080078 0.433251739 0.114370972
    0.315031052 0.275786936 0.535897374 0.564932406 0.882853985
    0.665585399 0.517278314 0.429798424 0.0290955603 0.000353246927
    0.777683616 0.115627557 0.595695794 0.100608528 0.205746919
    0.550945938 0.280954301 0.116132855 0.549838722 0.651248455
    0.447637916 0.522668839 0.479106545 0.957117319 0.37763986
    0.994091272 0.863733828 0.220871806 0.190956056 0.225340009
    0.329678267 0.734260857 0.152350187 0.144022435 0.170659184
    0.500665605 0.426216394 0.0950176418 0.123539716 0.0988475382
    0.231552243 0.832332015 0.219586998 0.123636633 0.733803332
    0.428344011 0.128124148 0.831578493 0.593813002 0.174658686
    0.657363057 0.341120154 0.993238926 0.384806603 0.796635151
    0.295485586 0.112252384 0.220339 0.786992669 0.456267178 0.785745502
    0.64665699 0.171315074 0.815491199 0.208078057 0.438468039
    0.0949198604 0.8789078 0.634135067 0.211304218 0.552293658
    0.458274126 0.271961063 0.137360692 0.685986161 0.0206367373
    0.508469701 0.114118904 0.994691968 0.885536253 0.733106315
    0.519943774 0.56371206 0.796982646 0.974307537 0.165205538 0.3160173
    0.138290137 0.452584565 0.0392740071 0.561048388 0.781428754
    0.725678027 0.917951107 0.69897759 0.298432678 0.507318616
    0.244055212 0.479172766 0.776058316 0.401201546 0.907554388
    0.115674227 0.565371633 0.563548088 0.313708067 0.841917753
    0.56121856 0.895903707 0.734161258 0.49862054 0.494183183
    0.305387497 0.685166419 0.90275836 0.374916285 0.273063034
    0.291949064 0.308331996 0.966412425 0.401126087 0.472842991
    0.179201871 0.333037674 0.590292215 0.910797417 0.266589791
    0.654654503 0.45922783 0.658340037 0.807244182 0.802285075
    0.333290696 0.187407494 0.567705929 0.0998707414 0.99255836
    0.18105951 0.723005056 0.37192744 0.768031597 0.999730229
    0.191354245 0.25633502 0.934277236 0.553355455 0.811856151
    0.869537592 0.0435610414 0.738583207 0.900474072 0.00268048048
    0.174877942 0.200491995 0.66427654 0.453862339 0.55117923
    0.403127849 0.0889419019 0.250669092 0.12122035 0.442670733
    0.666471601 0.208516836 0.642907619 0.537313104 0.279693425
    0.811881065 0.0411374271 0.541259289 0.354652107 0.657720268
    0.25947544 0.437236488 0.344932973 0.181913316 0.914332807
    0.403724849 0.482722074 0.702422798 0.600184441 0.963968992
    0.181789458 0.262712479 0.486268491 0.055156976 0.535669804
    0.240156561 0.553379238 0.143112987 0.937416613 0.673995316
    0.361271024 0.121540189 0.259405196 0.174738586 0.0961252153
    0.451199532 0.826414108 0.393469334 0.886674464 0.718019962
    0.305323124 0.549426913 0.256468594 0.982538939 0.670900464
    0.105220675 0.0660766363 0.496160328 0.16065985 0.295230627
    0.760305405 0.167242497 0.54929769 0.343949914 0.817758322
    0.48862195 0.848185182 0.456264555 0.950466394 0.305459887
    0.996613204 0.0573846698 0.174654007 0.518492699 0.201069027
    0.6352005 0.858159482 0.30197382 0.662075937 0.372600019 0.169246167
    0.692158461 0.926559925 0.319647789 0.339656651 0.612021387
    0.60956049 0.913919568 0.808462024 0.964715242 0.189963609
    0.655746222 0.643956184 0.71710062 0.222268611 0.152998716
    0.835168064 0.100193143 0.939523697 0.381087661 0.228717089
    0.560490906 0.0519817173 0.227505535 0.0863590837 0.405725926
    0.701711833 0.123766363 0.234668106 0.500957787 0.0990884304
    0.413475156 0.593444228 0.718163311 0.390453011 0.425554156
    0.307612419 0.855402589 0.726456881 0.0224899352 0.713922322
    0.248236299 0.63639313 0.351461887 0.523815632 0.333671302
    0.151631922 0.295414865 0.914133251 0.378945053 0.154700577
    0.453347683 0.99149096 0.804435253 0.130986124 0.80265969
    0.300018698 0.824909866 0.466611445 0.593141317 0.0146220326
    0.450554729 0.126572371 0.974633515 0.816735446 0.102128476
    0.258552969 0.536714971 0.948880315 0.825300515 0.959337592
    0.603327751 0.210091531 0.36210835 0.846556067 0.0389128327
    0.0350388288 0.926150739 0.453047067 0.307993948 0.287311733
    0.394610703 0.387333304 0.377690077 0.502319932 0.239931375
    0.612563908 0.123076618 0.0156332254 0.944083095 0.384061933
    0.447737068 0.0938690901 0.0403087139 0.329909205 0.354516149
    0.15103516 0.445453346 0.796111226 0.817130446 0.869024336
    0.587197781 0.49925226 0.86411351 0.470512718 0.753611088
    0.991139054 0.966011763 0.421746641 0.195617378 0.118237823
    0.728650093 0.573659778 0.032200098 0.616909266 0.00458303094
    0.992171347 0.810899854 0.989525914 0.962560415 0.465615124
    0.553368628 0.866772294 0.981470585 0.862205207 0.73799485
    0.00565853715 0.61971879 0.902830064 0.635134578 0.836987138
    0.313871443 0.429562896 0.54329145 0.184026331 0.401910543
    0.92629844 0.463427752 0.031619817 0.0427156687 0.992055237
    0.0881088674 0.900410891 0.394497037 0.0407901406 0.0718352795
    0.356849462 0.0115145147 0.182422221 0.944372416 0.906834006
    0.695766807 0.549604297 0.775338233 0.460738868 0.868764162
    0.414970756 0.457606047 0.221926928 0.203733772 0.780575514
    0.0991291106 0.161542833 0.869625807 0.624692917 0.448314667
    0.379076362 0.721818984 0.231131583 0.268553078 0.247224122
    0.288798451 0.619565129 0.215854287 0.386433065 0.228859663
    0.986831784 0.891930819 0.228244573 0.773818731 0.774011672
    0.164401144 0.537347615 0.0262032747 0.893969178 0.922290087
    0.421773076 0.512448072 0.692608714 0.395405829 0.617290139
    0.948203444 0.58396107 0.0685919225 0.612755358 0.56356591
    0.790557146 0.51819998 0.142774969 0.250347018 0.877262831
    0.782018185 0.0554080307 0.886662722 0.760092616 0.178700984
    0.893538177 0.514189124 0.170998961 0.482478321 0.80538702
    0.114931941 0.978417635 0.104918927 0.864140093 0.186157256
    0.747339904 0.999847829 0.452957183 0.474359363 0.545404017
    0.909253061 0.0199821889 0.833404064 0.981767774 0.0813738704
    0.407896727 0.226147264 0.129322559 0.10342136 0.664490879
    0.202099323 0.509489954 0.14861232 0.430922866 0.770231128
    0.684865355 0.395341873 0.657107472 0.884255409 0.594347596
    0.446252525 0.264131337 0.853804231 0.514507949 0.0875754356
    0.133954674 0.551362395 0.195616275 0.845601201 0.17799294
    0.67706424 0.643789053 0.968923211 0.292261124 0.985809207
    0.378394872 0.827697039 0.371806532 0.937325716 0.936132073
    0.162792087 0.536595762 0.0081449151 0.112164706 0.713458896
    0.571312726 0.407155722 0.355846673 0.722246051 0.35407871
    0.662807822 0.88496995 0.488522917 0.791590929 0.327250421
    0.197936743 0.773152292 0.72640121 0.919950843 0.752774 0.575626135
    0.784353852 0.0457127988 0.409908473 0.351044893 0.424575418
    0.592514157 0.645457864 0.848255038 0.159422308 0.616086066
    0.488051176 0.28597188 0.961344481 0.638717771 0.52086699
    0.717686832 0.480781555 0.733997226 0.321805596 0.766213596
    0.778996944 0.524218678 0.451391697 0.882680357 0.704840064
    0.151856095 0.199113578 0.588066459 0.900650501 0.617343307
    0.664503396 0.00233256817 0.524451673 0.796035707 0.27109623
    0.266599953 0.73616451 0.67196101 0.588311493 0.748387218
    0.0257335603 0.270973355 0.989135087 0.0709110796 0.917877495
    0.969077706 0.346782595 0.222209245 0.239914268 0.0979493558
    0.45771265 0.361643672 0.422580332 0.859545112 0.863609314
    0.877247691 0.423814416 0.38108182 0.888633013 0.0308037102
    0.459827363 0.647831142 0.303028286 0.777675629 0.228067786
    0.326591551 0.355641007 0.618300021 0.169429451 0.952295423
    0.966058731 0.376329243 0.478394389 0.581819654 0.667128265
    0.479909301 0.0219153166 0.834844351 0.594569445 0.0755380094
    0.214554816 0.214018285 0.744701862 0.220773429 0.797208428
    0.63126713 0.251731485 0.44256407 0.0962842107 0.196493894
    0.565120578 0.635615289 0.656871736 0.38737312 0.639118075
    0.875890732 0.319638729 0.655234814 0.378992409 0.656070709
    0.788696408 0.30002889 0.90955627 0.716568887 0.172631204
    0.157695472 0.745522201 0.949966431 0.395610571 0.814540029
    0.780134201 0.75537622 0.776675224 0.204754293 0.505923748
    0.187655866 0.745264053 0.453168392 0.252289176 0.229990363
    0.408818632 0.834680319 0.653741181 0.296336174 0.573772788
    0.58479774 0.362685919 0.379570425 0.430692017 0.294041991
    0.616367936 0.903201401 0.8178159 0.126486629 0.516426206
    0.418306082 0.439881384 0.659821033 0.273343682 0.933688104
    0.878970027 0.554747105 0.927150846 0.976989746 0.331209064
    0.760724485 0.139592141 0.840586424 0.192682564 0.0419183969
    0.851102412 0.277730942 0.540292442 0.366289347 0.841736078
    0.0946352482 0.349926591 0.615707815 0.702778459 0.945713758
    0.359505683 0.278723419 0.693615377 0.120446503 0.428239405
    0.167654753 0.27356416 0.407761395 0.802818358 0.268873274
    0.541800559 0.228271008 0.487352729 0.837633133 0.165426552
    0.786553144 0.68245703 0.78109777 0.56326133 0.117051601 0.344643891
    0.716129124 0.372762114 0.0685604513 0.644250631 0.468311071
    0.237624437 0.490957558 0.809353113 0.492403895 0.227062792
    0.364988804 0.315109015 0.0227175653 0.040863812 0.0854988992
    0.306675553 0.153308213 0.848068058 0.647244334 0.280497432
    0.102798551 0.949521959 0.32622689 0.814388275 0.156522542
    0.723440051 0.916270375 0.880714178 0.380339265 0.696639597
    0.627056539 0.418893695 0.228945374 0.86293906 0.914945722
    0.788978815 0.853472352 0.330062836 0.889945507 0.666643739
    0.481123328 0.32957685 0.619879365 0.265385866 0.518649161
    0.614147305 0.351055264 0.67293936 0.312598497 0.686695874
    0.937039614 0.706029713 0.577383578 0.464304328 0.156271577
    0.72211647 0.475678056 0.848298788 0.256979167 0.437529206
    0.631993353 0.47958976 0.60857141 0.243340671 0.35025841 0.112851918
    0.0812182426 0.764563859 0.638269663 0.0795078278 0.243555963
    0.277202487 0.9573915 0.894152701 0.41094622 0.585915446 0.081136167
    0.361443818 0.230964541 0.612497091 0.726904035 0.532711565
    0.0713868737 0.889734149 0.530390203 0.124065846 0.947707534
    0.819707155 0.639595926 0.591083288 0.606219053 0.254735589
    0.285945714 0.7942518 0.986923754 0.798159897 0.682982922
    0.0791944861 0.356398582 0.889085352 0.200751662 0.652878881
    0.912334204 0.842266917 0.581993461 0.155858576 0.666623592
    0.8378613 0.601048648 0.907063127 0.243171185 0.756018519 0.32729286
    0.184964538 0.951533556 0.0991207063 0.536154747 0.946871996
    0.68791312 0.774659693 0.738793373 0.355705321 0.545835495
    0.206542253 0.808707833 0.371356964 0.480921149 0.593817353
    0.0928151608 0.608330131 0.77602303 0.101064295 0.420109808
    0.994679093 0.0925966799 0.459611297 0.231934518 0.440887213
    0.357319832 0.495394975 0.253212124 0.82350862 0.960597456
    0.502976358 0.19081521 0.741477311 0.772274852 0.293061227
    0.428863019 0.600508451 0.28561312 0.674871445 0.701234043
    0.55306983 0.154388517 0.832825065 0.028876543 0.171715021
    0.371861041 0.372556746 0.792835772 0.294436038 0.15652141
    0.696435869 0.0632880926 0.754005671 0.533149779 0.849433422
    0.779408455 0.618702054 0.916787505 0.908985972 0.346790433
    0.207847178 0.0678211153 0.372690558 0.7964468 0.0983127058
    0.426880538 0.0684793591 0.587243557 0.702535093 0.161685497
    0.85231185 0.332924366 0.487415731 0.5054847 0.179617643 0.895858049
    0.460456789 0.257033169 0.030141443 0.0416857898 0.993147433
    0.139276773 0.622698009 0.404536426 0.590473711 0.99915421
    0.0443168879 0.925883055 0.527371049 0.894329548 0.454182386
    0.833553851 0.965206385 0.109812766 0.732292235 0.0699318647
    0.708929181 0.360317826 0.457465112 0.583851874 0.283912241
    0.64001137 0.754325509 0.491716057 0.0250393748 0.44225046
    0.952181339 0.0165596306 0.270733654 0.238203198 0.906978309
    0.854946136 0.26462999 0.864014506 0.821068406 0.421888053
    0.438615531 0.91056335 0.379792243 0.331675708 0.710506797
    0.922223091 0.394133359 0.724867761 0.236412734 0.299519002
    0.904203534 0.70550555 0.655231059 0.241570503 0.838183999
    0.810331225 0.264197648 0.908977032 0.481033862 0.789721847
    0.498832256 0.313446164 0.833223224 0.1802845 0.175770819
    0.131049454 0.999428689 0.273916364 0.250858545 0.70799017
    0.769799948 0.960913837 0.587976217 0.399397761 0.941937327
    0.368428111 0.038215369 0.769639909 0.889102995 0.679901481
    0.123784959 0.861947536 0.266415596 0.616373301 0.946875513
    0.980051279 0.0559341609 0.808198452 0.520369172 0.702325284
    0.194244623 0.527798891 0.675658882 0.647610486 0.816169977
    0.000960409641 0.314669162 0.861873627 0.0633103251 0.240135372
    0.342300296 0.98127234 0.819498181 0.727225244 0.0127021074
    0.00596025586 0.505376041 0.356500149 0.252173901 0.477553189
    0.0434872508 0.308713615 0.562028706 0.854493737 0.214756936
    0.263378918 0.834611177 0.196757525 0.345002413 0.68171525
    0.213945985 0.974022627 0.92428416 0.426373184 0.347482324
    0.000197738409 0.661112905 0.433004588 0.388801605 0.673395395
    0.261993885 0.625535607 0.346681207 0.227830619 0.294812202
    0.578681827 0.0591271222 0.279903293 0.741302669 0.193749666
    0.6067065 0.994827151 0.838418365 0.72648865 0.978799105 0.73580426
    0.628869057 0.964465499 0.0624693036 0.421568304 0.636124015
    0.85700345 0.309382021 0.478192449 0.420630574 0.503279388
    0.673880398 0.71065557 0.362901866 0.0596018732 0.425909996
    0.096244365 0.776887655 0.418015867 0.831329942 0.539239049
    0.800195694 0.164188415 0.891565084 0.789990902 0.225026488
    0.812614262 0.501598299 0.359262228 0.930867493 0.252984136
    0.0969004631 0.848318338 0.832223594 0.877148509 0.802006721
    0.235296607 0.332052767 0.343361974 0.716230631 0.588534534
    0.933419824 0.382220387 0.221046925 0.247312516 0.0182722807
    0.932525933 0.556779623 0.523749828 0.998531222 0.0401187837
    0.547061682 0.808901906 0.567552328 0.956989646 0.824363708
    0.999225914 0.805451989 0.086827606 0.324237049 0.324633271
    0.813697278 0.217030376 0.0702772141 0.406482279 0.00111013651
    0.839829504 0.32724905 0.672267079 0.314844489 0.0548388362
    0.506720603 0.425154686 0.183855474 0.648179114 0.218759686
    0.0669988394 0.639810264 0.188061863 0.982749104 0.477311403
    0.40362677 0.6552459 0.206790239 0.316861212 0.165406257 0.122806787
    0.675002694 0.618079424 0.216942698 0.198768288 0.367129266
    0.606987774 0.488324851 0.578642547 0.495059073 0.302693129
    0.64896524 0.724687815 0.93852675 0.0648213327 0.739637256
    0.895748079 0.655543923 0.982720375 0.706174254 0.21847707
    0.376167983 0.0116330385 0.803889811 0.830944657 0.704432607
    0.111412734 0.484612405 0.875350356 0.840769768 0.930040896
    0.903288841 0.331531703 0.820852041 0.162740022 0.322897673
    0.923297584 0.740394115 0.879324555 0.242108673 0.437132806
    0.830565214 0.603696585 0.814514399 0.0588771403 0.0829810798
    0.450072408 0.210081577 0.923362434 0.511725783 0.607173204
    0.0184406638 0.764850616 0.0188684464 0.492734939 0.0528423786
    0.483325303 0.734086394 0.108034343 0.839259148 0.979218602
    0.272925109 0.405252218 0.888742089 0.470819026 0.0357146859
    0.360980213 0.16608125 0.441909879 0.607286155 0.707907975
    0.0901411772 0.695256531 0.342635095 0.826029837 0.824222565
    0.844496489 0.681127369 0.62976265 0.977485597 0.655224919
    0.57871145 0.221356571 0.745652497 0.0358968377 0.853357852
    0.735995412 0.513116062 0.238614172 0.469110787 0.172082365
    0.425444543 0.235514402 0.352714658 0.872296333 0.746577501
    0.0971802473 0.828273535 0.148323655 0.740615606 0.0475121439
    0.338758439 0.156605393 0.493682206 0.339181423 0.202431262
    0.137038916 0.771738172 0.903743267 0.0380803347 0.0355298221
    0.0551091135 0.0900961757 0.029628396 0.680623472 0.283691347
    0.562754035 0.148377627 0.628868103 0.0414754748 0.928566992
    0.747608125 0.428651214 0.572055101 0.93236649 0.479966253
    0.410756856 0.179900646 0.828725815 0.479649216 0.422574311
    0.753895998 0.678087413 0.222368658 0.810283184 0.79727155
    0.296788573 0.790383935 0.144764483 0.528426707 0.345954299
    0.529198825 0.0474016964 0.957680345 0.651818395 0.590558052
    0.416942477 0.899539948 0.344210058 0.676519454 0.935172915
    0.207170248 0.134543151 0.150703132 0.948677778 0.56915307
    0.344873577 0.451022923 0.56753242 0.878271103 0.150579005
    0.548016846 0.36030513 0.10532245 0.49113676 0.25613454 0.679558635
    0.585708022 0.162192315 0.671143651 0.836799383 0.0876474082
    0.307683825 0.644338429 0.302512765 0.633948267 0.0211257935
    0.541947484 0.974213243 0.0204656124 0.701463163 0.290683389
    0.590040147 0.570634007 0.207408011 0.568769753 0.248899192
    0.387684822 0.697322965 0.848407984 0.265906811 0.292854071
    0.720547855 0.0268398821 0.373532593 0.336949408 0.0833177567
    0.407223612 0.692706466 0.731577158 0.968984365 0.268672109
    0.884091973 0.890513778 0.745840251 0.0953432024 0.00322365761
    0.361272156 0.355936825 0.937333047 0.28530544 0.742861748
    0.68162483 0.829605937 0.887794971 0.92460227 0.720948458
    0.545497417 0.871475935 0.591265261 0.770374417 0.751583576
    0.782341719 0.598176777 0.722465754 0.507912815 0.149618417
    0.27176398 0.073669225 0.105078578 0.0768963397 0.136915892
    0.773715734 0.00376042724 0.250251353 0.668262422 0.766039014
    0.792506933 0.396474093 0.719000697 0.49745369 0.786619663
    0.0347542167 0.457964897 0.0118294358 0.409130275 0.226359367
    0.202508092 0.826373458 0.950607836 0.833262324 0.62135303
    0.693754911 0.639680743 0.232767701 0.246715665 0.787387788
    0.853830099 0.0598505735 0.396418571 0.152525663 0.0070258677
    0.0190546513 0.550322115 0.120581657 0.309587151 0.168439895
    0.401811123 0.756022096 0.0642137229 0.115576416 0.73131597
    0.253623545 0.237080425 0.966950417 0.821448326 0.54645288
    0.89417541 0.257092237 0.945707202 0.505733907 0.342915475
    0.406957924 0.912863255 0.134161085 0.930790663 0.935803056
    0.492162466 0.305304646 0.209476024 0.452304453 0.0964250267
    0.567016006 0.410122722 0.0260299444 0.280445725 0.431210816
    0.986815333 0.93488729 0.0739165843 0.825541198 0.606612802
    0.916234076 0.31178242 0.657531977 0.852786899 0.806051254
    0.303919613 0.765178859 0.430288345 0.641540766 0.3145625
    0.607283711 0.3101466 0.388070554 0.103307009 0.249337018
    0.0194210112 0.263925195 0.188303471 0.40610835 0.0396878123
    0.0888302922 0.895210207 0.271165729 0.342038989 0.877924085
    0.280945837 0.302251101 0.748664975 0.498633295 0.797202706
    0.770581484 0.981526613 0.0606823266 0.30112493 0.772701323
    0.842970371 0.681067526 0.913769007 0.793724 0.0510881245
    0.753699303 0.765884995 0.573588848 0.778452039 0.310870886
    0.536445618 0.345984787 0.488407403 0.259757221 0.00655737519
    0.192270726 0.0432388484 0.925058603 0.594535947 0.372422874
    0.462050855 0.816459656 0.963833451 0.459621161 0.600499988
    0.45903039 0.32352674 0.370859265 0.356215596 0.0542865396
    0.935726643 0.0349448919 0.600662708 0.126564175 0.46885708
    0.678645194 0.882488728 0.906196058 0.0339439511 0.571444511
    0.145572126 1.53779984e-05 0.158849806 0.335186154 0.858962297
    0.879867136 0.0655021966 0.742507398 0.669601381 0.835024416
    0.449224055 0.748252571 0.795505345 0.569672585 0.776802301
    0.00530353189 0.861606956 0.188670576 0.228275269 0.788773835
    0.976945519 0.930382967 0.648568869 0.457516581 0.762446225
    0.79110688 0.489452571 0.474764228 0.286780775 0.468668669
    0.820265591 0.685167253 0.504452646 0.879412055 0.22485736
    0.351186574 0.801464915 0.0304096043 0.967664719 0.277669311
    0.326294124 0.458611697 0.30096221 0.921806216 0.605908394
    0.54221648 0.555201054 0.602279842 0.4929187 0.0748776793
    0.568119347 0.225376517 0.928834796 0.509240627 0.275184244
    0.279257715 0.475874841 0.340888768 0.947878718 0.519495189
    0.417468607 0.772108257 0.830799937 0.334670335 0.616723418
    0.808028102 0.684399247 0.104600221 0.880205035 0.611525536
    0.309361696 0.441457838 0.516487956 0.759294987 0.615680456
    0.935598731 0.912245989 0.47670722 0.51579845 0.62102735 0.649391592
    0.332733899 0.91688931 0.0880537033 0.972620726 0.0142723918
    0.366475284 0.524025619 0.328750789 0.560501754 0.064347297
    0.929169476 0.529834688 0.971218288 0.573705494 0.146809757
    0.515323281 0.299474478 0.365839958 0.516687572 0.157261044
    0.592060447 0.13137573 0.915163517 0.316647291 0.0184111893
    0.922671378 0.40951395 0.940114319 0.444252551 0.00948643684
    0.412681639 0.657116413 0.195900291 0.150545597 0.286091149
    0.454322487 0.0595143139 0.903330207 0.411387205 0.893165588
    0.570848227 0.818229318 0.250805497 0.744933128 0.808294415
    0.926018476 0.103916258 0.209578484 0.163832307 0.669852376
    0.694787741 0.310703158 0.121570587 0.942475498 0.119265795
    0.893071413 0.0663839281 0.0607687533 0.0465521216 0.601164579
    0.034871906 0.446676701 0.862905443 0.690197825 0.304747522
    0.858870089 0.868036747 0.513895273 0.517023444 0.00972688198
    0.747644901 0.128203541 0.465832531 0.820823431 0.138426512
    0.310184538 0.441788584 0.203362346 0.225797087 0.313707113
    0.853539824 0.547674716 0.426079005 0.25974223 0.219225556
    0.638297558 0.456751704 0.150445908 0.690946817 0.567633152
    0.957666397 0.372822434 0.0607058108 0.14607951 0.515898526
    0.237790555 0.581861854 0.915816426 0.442917705 0.0840188563
    0.416971475 0.534377635 0.0953957736 0.638651073 0.581569552
    0.29204607 0.28175056 0.254419178 0.894786477 0.302891016
    0.357620597 0.414846927 0.652804732 0.735974669 0.181722999
    0.659925103 0.701328397 0.345823556 0.0296131968 0.515459538
    0.393812001 0.279402107 0.442887902 0.390513033 0.224938452
    0.531669736 0.784260035 0.3327685 0.359732956 0.892924249
    0.602185428 0.313323855 0.756539762 0.152320772 0.0640920699
    0.379732609 0.328495264 0.815621614 0.205670089 0.415283591
    0.975580931 0.656509697 0.370135069 0.367620915 0.899798334
    0.181389213 0.169743806 0.548620939 0.40498668 0.0766326487
    0.59807688 0.443209261 0.268036187 0.525440812 0.302372396
    0.194972873 0.771110594 0.627745271 0.0220710635 0.666484296
    0.235680461 0.170292765 0.953493774 0.734301269 0.722954631
    0.825619102 0.2816495 0.230826974 0.879824877 0.233571321
    0.206552297 0.0166927874 0.425301433 0.67615509 0.921461463
    0.702819586 0.518268883 0.0171579421 0.550206125 0.945031822
    0.637016594 0.975102544 0.444659114 0.985836506 0.197790504
    0.760928273 0.781569242 0.949037075 0.658812881 0.529078126
    0.674845219 0.505948603 0.436533153 0.60241127 0.988076091
    0.0730793476 0.559515655 0.16731295 0.479235977 0.285370946
    0.689707875 0.0125962198 0.947942674 0.272945762 0.170044214
    0.446638882 0.82873559 0.22506097 0.5445683 0.751336396 0.988509119
    0.64428246 0.462993175 0.228741288 0.560540855 0.635147393
    0.496533126 0.144443214 0.0470509827 0.405745745 0.90072912
    0.091391921 0.6537956 0.427578986 0.314679384 0.61735791 0.637027025
    0.25809443 0.292979658 0.2955046 0.671066642 0.0631296039
    0.226668537 0.195948243 0.353951633 0.893262982 0.247738034
    0.533964753 0.891482115 0.572637022 0.809031844 0.399458736
    0.669494331 0.86574626 0.822860003 0.844127536 0.674626112 0.913755
    0.899799347 0.042068243 0.137489647 0.792338133 0.293810487
    0.511636138 0.0537264645 0.920617938 0.482958198 0.061121434
    0.468530566 0.507724762 0.343640029 0.99136138 0.43780753
    0.989767909 0.780070186 0.45314157 0.713728189 0.369221449
    0.407398283 0.212244183 0.185874164 0.358328611 0.778456569
    0.524426997 0.795266867 0.925414264 0.752340674 0.559396148
    0.498510569 0.280900478 0.235738575 0.423207104 0.123978704
    0.0875720382 0.519969702 0.311440289 0.0200939476 0.270743966
    0.257650733 0.736137807 0.00880309939 0.725097418 0.886021614
    0.266009033 0.150871098 0.674207449 0.160400897 0.717827737
    0.105310053 0.00288891792 0.760881603 0.841015935 0.977313876
    0.872899055 0.951315403 0.436523318 0.178803891 0.100692183
    0.437516481 0.738577962 0.0646285117 0.271800578 0.744817972
    0.519763768 0.446681231 0.667901874 0.191408873 0.773658395
    0.0766122639 0.971189976 0.888581634 0.618463695 0.367205828
    0.273864418 0.0606970489 0.771983743 0.386800766 0.608581185
    0.638777018 0.2698434 0.52362299 0.479798526 0.25468424 0.913576424
    0.972259462 0.322022736 0.540298939 0.67339766 0.542007923
    0.555033445 0.0683745742 0.875559211 0.769721746 0.994483292
    0.0183569193 0.436483353 0.952140272 0.621789396 0.218155295
    0.629211426 0.589629471 0.139616877 0.218754053 0.0836517811
    0.659526229 0.511326671 0.387805402 0.617058873 0.718089163
    0.302594066 0.770414531 0.74707067 0.52845633 0.684189916
    0.394263983 0.0301456451 0.751374364 0.483901918 0.558207273
    0.905225515 0.514244556 0.790065169 0.461093724 0.0893916786
    0.370560735 0.939132214 0.645727336 0.331879854 0.104910493
    0.505909979 0.287096918 0.247182369 0.283461034 0.21515274
    0.962034941 0.371729374 0.451450616 0.73658371 0.046296984
    0.140526116 0.93324554 0.522891819 0.571294248 0.770987034
    0.256673038 0.753633022 0.418545723 0.438884348 0.332506657
    0.505508065 0.666587234 0.866683602 0.175221115 0.533075035
    0.0957120359 0.915866554 0.569992125 0.214897364 0.648288846
    0.333870053 0.639218152 0.858245313 0.735222042 0.512312293
    0.224329948 0.728214145 0.150062025 0.133272916 0.839464426
    0.575502992 0.16714853 0.719370186 0.512036562 0.544118822
    0.690493405 0.84169817 0.692672014 0.398614228 0.577674687
    0.557697892 0.538155198 0.176325828 0.660052419 0.733719826
    0.992724657 0.57727623 0.0749792755 0.269295812 0.501951754
    0.310875297 0.92486459 0.385095239 0.212289721 0.241588831
    0.333868057 0.343076229 0.880812109 0.517663479 0.537996292
    0.114180177 0.741590738 0.923833132 0.510296345 0.243838787
    0.0354197025 0.440400302 0.633869231 0.314509422 0.380167246
    0.196923077 0.780531287 0.0628048778 0.958339155 0.50968653
    0.0295554698 0.262626827 0.590205908 0.709546745 0.422357798
    0.703205943 0.18936342 0.172228694 0.538500309 0.676210523
    0.270896763 0.841208577 0.45391506 0.18291989 0.932737589
    0.384299546 0.908944726 0.0611607134 0.325834811 0.328592837
    0.698341489 0.557932377 0.490842372 0.653646946 0.469176292
    0.662121832 0.643469334 0.772447646 0.944252491 0.329418361
    0.144959718 0.962076664 0.169557273 0.45754382 0.908319712
    0.20275715 0.438143969 0.62130022 0.351886153 0.657165289
    0.322428614 0.419891477 0.355483472 0.0762016177 0.387768447
    0.284351826 0.355462372 0.595436394 0.0874750018 0.329839468
    0.520746946 0.0123020113 0.636935949 0.030816406 0.835146785
    0.0140361786 0.519773841 0.429851353 0.271458089 0.727577925
    0.230071396 0.27535063 0.864027023 0.644806981 0.994773507
    0.485137373 0.45213443 0.0988519192 0.0230419636 0.209204376
    0.144250959 0.877678335 0.700400054 0.0201219022 0.894449592
    0.9435274 0.0863752365 0.048928678 0.160821468 0.54390043
    0.490715057 0.634701014 0.846692085 0.0625669658 0.736221194
    0.429618537 0.911058187 0.68800801 0.655159295 0.563133299
    0.591697931 0.228827149 0.662461877 0.393746018 0.807780027
    0.96458447 0.787249863 0.16877687 0.27439034 0.640311003 0.272224396
    0.444605023 0.785101175 0.906536102 0.251288921 0.696865201
    0.323985457 0.382626593 0.0605836213 0.988029599 0.719949722
    0.79942435 0.207361996 0.153737426 0.450959772 0.0440549254
    0.562135994 0.377637088 0.641862631 0.357266605 0.126143247
    0.799310327 0.657738149 0.882645249 0.250648588 0.806295991
    0.721788764 0.594888508 0.307780713 0.0709976256 0.807846665
    0.959154427 0.245438635 0.31311506 0.354563355 0.361685276
    0.910562217 0.207020998 0.107174605 0.417877436 0.81520015
    0.238038749 0.564732492 0.855749369 0.146471828 0.295966208
    0.679693341 0.547339022 0.897741675 0.561939359 0.176995128
    0.978047967 0.615293503 0.969499946 0.691930056 0.396492541
    0.041223526 0.198835433 0.00192677975 0.588251829 0.973527193
    0.924902439 0.678121567 0.386305451 0.345587373 0.376136422
    0.572486937 0.202713132 0.530762315 0.497915834 0.105691105
    0.514870048 0.562954485 0.856745064 0.960412681 0.23369202
    0.925682902 0.315436244 0.249471605 0.591020763 0.91225493
    0.768501461 0.543053865 0.495401055 0.77987653 0.473592043
    0.896600187 0.12586531 0.194596022 0.785107195 0.123770237
    0.834487796 0.698122084 0.192671359 0.930075526 0.496027738
    0.989267647 0.87174654 0.79142803 0.571205199 0.318880081
    0.0873647034 0.567175865 0.963048577 0.238213211 0.599253535
    0.633438468 0.937281132 0.952379227 0.87953341 0.273465753
    0.784136653 0.511824429 0.409796536 0.16697973 0.128102392
    0.717123926 0.0510534048 0.994616389 0.0672525465 0.0205502212
    0.0845699012 0.813146532 0.0840666294 0.415069342 0.478883415
    0.337929547 0.588894486 0.552140951 0.944363475 0.305640668
    0.218819767 0.776216865 0.325704366 0.227371514 0.00436687469
    0.281343758 0.922147155 0.161839187 0.575912058 0.882824183
    0.29637295 0.142887861 0.877244473 0.656410336 0.544241548
    0.468091518 0.0877510607 0.838673472 0.989145041 0.213043511
    0.617792785 0.63900733 0.505550861 0.0443285704 0.55250597
    0.627302349 0.248587847 0.927154541 0.813619733 0.731149316
    0.444010407 0.698359191 0.455466896 0.867656589 0.141164213
    0.828090787 0.0677713454 0.738812208 0.251846164 0.181737453
    0.719186366 0.670205712 0.549703181 0.258651853 0.807940364
    0.923894405 0.506886005 0.795632958 0.947047353 0.571701705
    0.322650671 0.638571262 0.895499349 0.297339916 0.837897837
    0.0517358184 0.000888258219 0.665875852 0.81572634 5.41806221e-05
    0.0910590589 0.99951148 0.217664927 0.829642892 0.504064798
    0.397752374 0.0895373821 0.0343870521 0.688150227 0.500304878
    0.456403047 0.105624378 0.737100124 0.264533758 0.659744322
    0.250678778 0.514864504 0.736187458 0.513832331 0.280380547
    0.422091454 0.107174963 0.0535026491 0.892220438 0.676636577
    0.220990449 0.109472096 0.884326935 0.0627817214 0.470118076
    0.250286341 0.950472951 0.187512428 0.0141755342 0.551235795
    0.592478871 0.0926229954 0.811810255 0.645134449 0.766339898
    0.766122103 0.228630453 0.947195232 0.970404029 0.601737499
    0.516673326 0.143855512 0.438684732 0.322295636 0.347773552
    0.211944103 0.59046787 0.971734405 0.853212714 0.787969589 0.5004071
    0.524820387 0.265507907 0.79131335 0.438620597 0.103911787
    0.287699044 0.378044665 0.346413195 0.24043119 0.270301044
    0.973053932 0.566572666 0.481614649 0.270555079 0.0753403008
    0.897507668 0.0737130046 0.72980243 0.447011381 0.959807754
    0.770429969 0.480446368 0.349668741 0.0317808092 0.0155752897
    0.246093929 0.447312653 0.373442292 0.773911476 0.399451435
    0.517144382 0.318172216 0.449415714 0.815164924 0.541746318
    0.0747745335 0.256873369 0.64485985 0.421948344 0.445617735
    0.0145504773 0.0564010441 0.483434647 0.695634782 0.297011107
    0.458076954 0.127542198 0.610918462 0.90126884 0.381599337
    0.331825793 0.0913834572 0.669669986 0.831537366 0.816622913
    0.636603534 0.189761251 0.142669618 0.168945491 0.275860846
    0.910254061 0.644062638 0.00534185767 0.609769583 0.105530024
    0.927160859 0.195569187 0.965489626 0.809122801 0.812632382
    0.432100296 0.362385511 0.696811795 0.24255386 0.501176 0.315303504
    0.424231619 0.16109857 0.721833587 0.468988448 0.795536876
    0.0981921852 0.255952537 0.50929445 0.000654906034 0.978398204
    0.820641637 0.231683046 0.235145032 0.240034491 0.409246802
    0.151301235 0.413419276 0.605936348 0.0837700069 0.796040416
    0.373601377 0.637290597 0.0546824038 0.281660765 0.067927599
    0.577893555 0.168580323 0.776362538 0.517711103 0.0341545343
    0.347130805 0.641445935 0.595914304 0.602186918 0.214764535
    0.619964302 0.0516927838 0.989821672 0.0488233268 0.0923033655
    0.988847494 0.808010221 0.369420409 0.885074496 0.964050889
    0.822696686 0.293207586 0.473088026 0.282063127 0.626823187
    0.58553493 0.491526902 0.391163737 0.678348124 0.591915011
    0.54046315 0.752352238 0.306303799 0.793292642 0.574493468
    0.739223123 0.122865081 0.691927671 0.00374042988 0.0389083028
    0.341206431 0.771418452 0.649868548 0.177571356 0.208283931
    0.743923545 0.682061851 0.209014028 0.086469382 0.338521957
    0.456950486 0.136450171 0.601320982 0.655114174 0.680721998
    0.542634785 0.379299313 0.737396419 0.919965982 0.503683686
    0.388031423 0.343311012 0.73181814 0.274424314 0.867558479
    0.619809389 0.915813208 0.411208034 0.573791742 0.979660392
    0.086484015 0.993313551 0.923980474 0.17366159 0.765773892
    0.480134159 0.935431242 0.618508816 0.363735765 0.996008515
    0.372825801 0.390395314 0.10757491 0.664068878 0.646823525
    0.827976704 0.245197147 0.530532479 0.685518861 0.938040733
    0.997382283 0.309715092 0.683777392 0.599024415 0.239733517
    0.0252527297 0.257612705 0.0691990852 0.0713712573 0.720506608
    0.618838072 0.290549755 0.137320697 0.530129015 0.0274179578
    0.375000596 0.0248485506 0.563208222 0.976319253 0.00313395262
    0.35878396 0.210339814 0.402325451 0.743299723 0.743486285
    0.25670445 0.0949866772 0.0847831368 0.541349173 0.512719929
    0.527154982 0.955958605 0.561735451 0.355217516 0.701883376
    0.835297525 0.00648343563 0.98943007 0.0876057148 0.0453747213
    0.40907228 0.156892121 0.847253203 0.918443739 0.876236677
    0.603555679 0.546938717 0.911628127 0.613109231 0.172165751
    0.0848933458 0.618134558 0.769477725 0.353618503 0.314058989
    0.563329875 0.105703533 0.62856555 0.42782706 0.429073989
    0.947274208 0.0879403353 0.724996924 0.201300651 0.452976704
    0.185632795 0.884509981 0.65528965 0.781220913 0.724715412
    0.64463985 0.448213905 0.369317651 0.817294002 0.0622078776
    0.102443039 0.0803867579 0.210282475 0.0252263248 0.692803144
    0.426637858 0.430498838 0.730189741 0.518083334 0.49036625
    0.927563846 0.596980572 0.4961918 0.986949563 0.147371083
    0.371760666 0.988510668 0.624417782 0.859334409 0.686934292
    0.129345834 0.511871099 0.98330164 0.851763606 0.77964431
    0.331911504 0.743959785 0.587359548 0.381192267 0.374703199
    0.700668573 0.508893967 0.953161478 0.607068002 0.696956158
    0.150107592 0.064515233 0.702617764 0.205341727 0.1590949
    0.201390833 0.924201846 0.129692554 0.512947917 0.00564834476
    0.910959363 0.475965589 0.0248735845 0.472169071 0.29974401
    0.781669974 0.413128346 0.415113628 0.0686267018 0.0180349946
    0.407274425 0.652068734 0.787033975 0.94968915 0.887068868
    0.204547286 0.499230117 0.781018794 0.00417146087 0.409404874
    0.781594992 0.117258847 0.266853571 0.206014484 0.969923019
    0.346863508 0.558750153 0.287472606 0.955195427 0.0222682059
    0.239603996 0.510551393 0.201775789 0.180094689 0.825171828
    0.753170848 0.219946593 0.0892280042 0.910651207 0.587413967
    0.0610796809 0.940847576 0.324360371 0.146641701 0.271790266
    0.0519253314 0.501270056 0.637769163 0.774799109 0.961318374
    0.0601179004 0.0392078459 0.885380268 0.366111577 0.0270049572
    0.923865199 0.394218981 0.684206903 0.225851238 0.75871706
    0.103186876 0.407532573 0.504758894 0.923628688 0.275493681
    0.760221004 0.171402842 0.947220147 0.0786711276 0.244015574
    0.587232351 0.505386531 0.771856725 0.446389556 0.770930588
    0.227017373 0.0206623077 0.52819258 0.633303225 0.325916827
    0.254731953 0.0333635509 0.552572012 0.325697541 0.358238339
    0.522648096 0.711746395 0.14954254 0.45066756 0.611550152
    0.00226888061 0.14812234 0.594621539 0.48724854 0.501207709
    0.731336415 0.16040045 0.763439775 0.0724315643 0.825819433
    0.425822645 0.428422689 0.699643731 0.543358564 0.430149198
    0.393979967 0.249629974 0.00782296062 0.123119175 0.824139357
    0.234461844 0.433316708 0.104234159 0.848359406 0.589235187
    0.116173506 0.138662189 0.113154978 0.0637390912 0.116659433
    0.0771522522 0.966855288 0.790329516 0.151825547 0.840714395
    0.630711079 0.599170208 0.951820433 0.949604392 0.134967834
    0.875009298 0.433551848 0.649442434 0.750312507 0.974360943
    0.457855284 0.549170196 0.208715618 0.0205110312 0.119991541
    0.414471149 0.91367352 0.900324404 0.3468858 0.974385262 0.970343947
    0.496540189 0.417669117 0.96750319 0.739266396 0.327747881
    0.750428379 0.400806606 0.978314042 0.654368162 0.231182545
    0.96662426 0.89240706 0.177984565 0.0248034 0.20373714 0.610052645
    0.57091713 0.771691561 0.0937465131 0.670983195 0.0664434135
    0.832027555 0.68631947 0.873271883 0.588942587 0.582980096
    0.332845926 0.711215377 0.870479941 0.461355239 0.748143435
    0.530085325 0.672396779 0.0273995697 0.973410606 0.153897554
    0.597199261 0.179628015 0.00882944465 0.597888231 0.465479076
    0.00911816955 0.728448749 0.0239791572 0.701306462 0.796212018
    0.61381948 0.581587136 0.10011974 0.435663134 0.557123125
    0.352746964 0.717832565 0.350504875 0.301050127 0.339129686
    0.124136955 0.91270119 0.862928391 0.83408308 0.938253045
    0.286023349 0.294981778 0.190368772 0.645474076 0.413829982
    0.481712252 0.243127078 0.357468069 0.00699386001 0.0742307305
    0.169315666 0.201063544 0.485990047 0.641886175 0.6343683
    0.0400540233 0.716221154 0.954836905 0.823619902 0.193995506
    0.539537609 0.950912356 0.327958077 0.436738402 0.056843996
    0.939528584 0.67895174 0.346621096 0.963029265 0.862897396
    0.494369507 0.398544312 0.0961659849 0.938508391 0.921793818
    0.904679596 0.384042799 0.866431415 0.554494858 0.263422549
    0.898092151 0.356571376 0.158206314 0.537729979 0.099886924
    0.822173655 0.568217337 0.0159457922 0.665440142 0.65766412
    0.558568358 0.0329923034 0.579777896 0.464529216 0.674958646
    0.208306789 0.121519625 0.899339318 0.807792366 0.288475037
    0.838304639 0.0405531228 0.113702625 0.477837622 0.449825019
    0.726871967 0.522212625 0.825071573 0.0420092642 0.576721787
    0.692735791 0.715582371 0.668881416 0.32097134 0.738102913
    0.540700197 0.648010671 0.774601698 0.0496731997 0.66183883
    0.365360439 0.100776583 0.257338464 0.488695294 0.135396898
    0.871636629 0.197492689 0.220095962 0.928627014 0.837732673
    0.880983949 0.420502126 0.365736753 0.938337564 0.207579195
    0.136313677 0.981403112 0.863709569 0.222702801 0.0953429937
    0.26458168 0.535773277 0.101760358 0.565180659 0.19346115
    0.419554621 0.859336853 0.575506032 0.358026981 0.849865675
    0.153962106 0.542725623 0.645757914 0.57448113 0.460388005
    0.542368174 0.78137362 0.132554293 0.748141766 0.311924279
    0.642935514 0.970955133 0.995319486 0.436268508 0.19476977
    0.884201825 0.123183578 0.575206339 0.86608994 0.210350454
    0.696075439 0.334784806 0.798768878 0.52503264 0.487430692
    0.630645871 0.160765439 0.631210685 0.849163055 0.0122541189
    0.00348076224 0.871814489 0.891839743 0.381977916 0.805263758
    0.582071245 0.729649365 0.543996096 0.990706921 0.6853019
    0.405030936 0.541722238 0.797403812 0.261136413 0.669127047
    0.138553858 0.202710569 0.675603747 0.482141078 0.558459759
    0.635020018 0.549073935 0.0752037168 0.899939954 0.147329062
    0.603417993 0.508571267 0.384131193 0.10778138 0.816506982
    0.82562691 0.958697677 0.413586348 0.335422218 0.229977876
    0.82817328 0.899066389 0.55582124 0.76519227 0.173031718 0.258293837
    0.809769988 0.889445424 0.14944917 0.203379959 0.503922164
    0.666114509 0.591344655 0.288195014 0.138686031 0.473367602
    0.857761025 0.938796997 0.587176323 0.400844842 0.174066842
    0.935956955 0.286356509 0.583541512 0.170701563 0.306448638
    0.181868911 0.47054407 0.785145164 0.573974133 0.981851697
    0.279902756 0.799312711 0.289084405 0.129940659 0.644919276
    0.193964869 0.672001183 0.587556183 0.370172262 0.142704248
    0.352456808 0.917093873 0.434516996 0.0928970873 0.330634445
    0.532614112 0.788425207 0.571704388 0.763961792 0.327348769
    0.0847354233 0.0138089955 0.592184365 0.0375410914 0.955440521
    0.871628404 0.670468092 0.387387425 0.591634214 0.943399787
    0.639546752 0.376367509 0.702202737 0.159154415 0.735735297
    0.322145522 0.31459862 0.647662401 0.556599617 0.598974824
    0.50341928 0.886834621 0.682939053 0.0773392618 0.194203138
    0.952076256 0.338649064 0.830745697 0.288319051 0.153582901
    0.946033359 0.272790313 0.991149664 0.027009666 0.63719368
    0.686948895 0.365169287 0.721553385 0.738502443 0.537062645
    0.0245026648 0.352600753 0.282604724 0.43507877 0.457256049
    0.0614666939 0.149615139 0.887453675 0.722097456 0.259967089
    0.838944793 0.286238134 0.835517049 0.535186768 0.46546936
    0.740787804 0.259838462 0.433368117 0.173318118 0.224138767
    0.964962184 0.29729265 0.06932652 0.457648814 0.45112896 0.163455993
    0.376253307 0.708282948 0.489716858 0.274200618 0.0981376767
    0.556588948 0.59539181 0.0134306252 0.683392107 0.155936688
    0.430953056 0.432179183 0.302425265 0.183714479 0.396327525
    0.14556554 0.501471043 0.35236299 0.744087756 0.702917874
    0.311741531 0.867549598 0.190154791 0.391058475 0.480461299
    0.825132966 0.0965386927 0.0796062946 0.732687056 0.20889011
    0.606431425 0.733210206 0.978832304 0.990063548 0.302876592
    0.164881378 0.154823333 0.432460099 0.996195197 0.306291282
    0.912245154 0.766052246 0.93750596 0.678841233 0.922994494
    0.712813497 0.319961846 0.340326369 0.427844971 0.190794498
    0.292116821 0.385945022 0.42882514 0.608832955 0.561570227
    0.808383703 0.723016739 0.873553574 0.685135305 0.0814596117
    0.238757551 0.511522591 0.252314568 0.762953877 0.383717984
    0.679615259 0.691215515 0.0120879114 0.494716585 0.740611136
    0.237001956 0.649617314 0.369135261 0.856209397 0.393214464
    0.763723612 0.940137982 0.508862972 0.0680710077 0.505481243
    0.318364114 0.509442449 0.984770775 0.422938198 0.266383648
    0.779227972 0.695140481 0.708666563 0.168522894 0.244942099
    0.814025521 0.00312906504 0.323092461 0.517590404 0.92067349
    0.602409065 0.957718134 0.0254957676 0.865932226 0.635009527
    0.992876947 0.0227309465 0.46711868 0.176446855 0.624260366
    0.483596385 0.575279653 0.0159661174 0.712573588 0.619100273
    0.375971943 0.299935699 0.438195616 0.414649546 0.940511703
    0.865477264 0.432478309 0.118001819 0.172798425 0.442963302
    0.964332998 0.42673856 0.93221581 0.240278393 0.979898453
    0.971186042 0.024902761 0.214921534 0.828351498 0.374060988
    0.737869918 0.645139456 0.0398817062 0.26677382 0.713069022
    0.468931198 0.90190208 0.257989079 0.0884170234 0.882958055
    0.34007442 0.652431548 0.258027196 0.854762793 0.46003601
    0.340104282 0.293740451 0.592171669 0.38810873 0.72551012
    0.426360726 0.586318731 0.178637564 0.697301745 0.43775773
    0.862950206 0.118071049 0.455947757 0.555177748 0.159991503
    0.41221714 0.248513103 0.616967082 0.269363642 0.166039467
    0.841884196 0.0783270597 0.146365911 0.213615149 0.00238928199
    0.167199731 0.461265892 0.694336653 0.139194012 0.625624537
    0.197964191 0.871930361 0.0261367857 0.742534935 0.508779287
    0.0567148626 0.874720991 0.872808337 0.816709697 0.188787609
    0.0226422846 0.98131597 0.0847915411 0.523782015 0.0658211708
    0.212919623 0.137408823 0.932468534 0.441373348 0.929374158
    0.565909147 0.160004228 0.741193533 0.442914635 0.707450688
    0.00395458937 0.304928422 0.490112484 0.240560323 0.450795919
    0.00728687644 0.63100487 0.962646425 0.440864384 0.477467537
    0.235094905 0.817972481 0.843338728 0.10134843 0.969674587
    0.770954847 0.38721031 0.687990785 0.560392618 0.620049417
    0.632299542 0.330748796 0.811928749 0.627525866 0.503302395
    0.721236765 0.89502883 0.275102139 0.333256513 0.766257226
    0.189685941 0.811862946 0.68127805 0.696221471 0.541410565
    0.957060575 0.385686457 0.963289261 0.804899573 0.487408191
    0.976253152 0.911762834 0.642254353 0.865849137 0.256136179
    0.883010864 0.424469233 0.211435229 0.464229375 0.317696869
    0.230351359 0.151620895 0.205940396 0.750092804 0.872384131
    0.550541341 0.425820261 0.864941478 0.911507905 0.25666374
    0.418276876 0.255228162 0.52378267 0.802669346 0.700740755
    0.348887205 0.647084236 0.518182278 0.740188301 0.960770965
    0.385271609 0.758789659 0.356103659 0.762121439 0.614435554
    0.458344966 0.669285476 0.223531574 0.094119966 0.720318079
    0.284693152 0.404747814 0.11916846 0.974155784 0.55524075
    0.656840205 0.660851836 0.319751441 0.699317396 0.28664881
    0.485687524 0.279086888 0.679441273 0.984274149 0.846706629
    0.241792738 0.582371056 0.271492422 0.495271593 0.870634079
    0.915776432 0.42726317 0.148620933 0.706144691 0.987242639
    0.428904831 0.179195762 0.365830749 0.268218637 0.246740162
    0.31619674 0.0264504254 0.859367967 0.0208072066 0.584541857
    0.799783826 0.0801133513 0.121858239 0.114677161 0.232323736
    0.694282532 0.579739451 0.550001025 0.573404431 0.874352336
    0.0569309294 0.131004363 0.632264137 0.594795406 0.886636853
    0.496158063 0.940391064 0.214689374 0.778629899 0.361817032
    0.954056799 0.947282195 0.500874221 0.433976918 0.353330672
    0.09235695 0.516268909 0.831901729 0.912296236 0.139423221
    0.970930457 0.240193486 0.183703125 0.832120061 0.534506261
    0.315349817 0.266899049 0.988920808 0.807979107 0.214554578
    0.538847208 0.0217556953 0.592582881 0.832207561 0.899619043
    0.805885851 0.90977037 0.567852259 0.52047205 0.927613139
    0.155222833 0.986642241 0.774517059 0.207632035 0.4799245 0.26135838
    0.260459095 0.217736423 0.749731064 0.227845401 0.120635331
    0.78411901 0.464892805 0.990860224 0.929752648 0.42124173
    0.698787868 0.905476451 0.943005204 0.3757177 0.181835711
    0.077326864 0.932560861 0.437343091 0.715982795 0.228400856
    0.427072555 0.550530791 0.048787266 0.319552839 0.935962319
    0.893580556 0.899301767 0.105092078 0.777686656 0.392809451
    0.331629217 0.560973465 0.0341285765 0.435989082 0.187777102
    0.550882041 0.707202494 0.38172996 0.617837906 0.0282331407
    0.737189114 0.0131111145 0.504859328 0.0859588385 0.159414649
    0.453980386 0.413626492 0.00227800012 0.899649978 0.535677791
    0.631149888 0.775452018 0.1301862 0.217400551 0.339136064
    0.658550858 0.622304082 0.700179338 0.61674279 0.665033042
    0.946266592 0.0399934351 0.874652147 0.719439924 0.473969758
    0.0311277211 0.279244006 0.228165537 0.64285326 0.0461369157
    0.500841618 0.816708684 0.645076454 0.54929769 0.232608497
    0.321012557 0.896601319 0.716690481 0.272863895 0.739242792
    0.629521251 0.171826899 0.556756258 0.0553795695 0.527699351
    0.00574797392 0.0984573066 0.198360205 0.722003162 0.943253875
    0.815382183 0.478162289 0.380932391 0.922472 0.309797764 0.496136844
    0.32450062 0.57281357 0.574281573 0.194910735 0.513599873
    0.855200529 0.326713324 0.154506832 0.350107789 0.847105324
    0.886064291 0.518064022 0.327330887 0.807056665 0.48245433
    0.335889399 0.814509034 0.75632745 0.638488591 0.372479767
    0.723817229 0.844775558 0.260551333 0.25299561 0.475568503
    0.0229113102 0.339234591 0.184251696 0.123861492 0.335698873
    0.601821303 0.547242999 0.538286626 0.83097434 0.0240195692
    0.102189183 0.796631932 0.168237239 0.166632354 0.0654305518
    0.581116021 0.650098979 0.899384618 0.556029916 0.994548678
    0.95059514 0.256486923 0.72273314 0.352400601 0.715529621
    0.726604104 0.77261138 0.861265421 0.15495044 0.215526581
    0.603784263 0.44033137 0.95100987 0.738775492 0.609286666
    0.933296919 0.626920819 0.273832023 0.801149249 0.880423427
    0.574814022 0.29247725 0.0861313641 0.796117008 0.0630801916
    0.812205613 0.521978021 0.906708241 0.623030722 0.250701904
    0.521710217 0.725688457 0.421593606 0.177591115 0.34118104
    0.39657101 0.856734395 0.658139944 0.585158467 0.375048161
    0.640322447 0.730294228 0.925808191 0.958475232 0.0856066048
    0.165098935 0.339533746 0.749298573 0.784217596 0.101664037
    0.555344999 0.564353108 0.3671453 0.809499919 0.764455974
    0.817450345 0.700559139 0.0643061101 0.66779381 0.309824944
    0.790302992 0.296860039 0.84300977 0.462559581 0.00580900908
    0.00807026029 0.201022059 0.936005592 0.662311435 0.907920182
    0.91988647 0.0921413302 0.0512069166 0.580342829 0.162266016
    0.435805291 0.124948978 0.342886269 0.137233406 0.598678529
    0.344649911 0.676465154 0.280633867 0.174786329 0.568752289
    0.187824756 0.426480055 0.891189396 0.422524184 0.221360624
    0.583414555 0.495780796 0.915910244 0.393823773 0.871199191
    0.84794879 0.973367453 0.444679528 0.759239912 0.968366086
    0.434273362 0.119886488 0.199971199 0.677366018 0.77290225
    0.220608622 0.682683706 0.330891222 0.39305827 0.919639349
    0.875274181 0.545588374 0.531192362 0.907230258 0.974562943
    0.499653459 0.171603382 0.760784149 0.593792915 0.842159986
    0.254157245 0.185451776 0.139388174 0.552577794 0.992619097
    0.471936792 0.71597451 0.449844688 0.941316962 0.0473742485
    0.578161597 0.904066563 0.00577366352 0.486666709 0.357605845
    0.00599682331 0.595403552 0.500620484 0.612450659 0.893481493
    0.0701401234 0.330099702 0.366190374 0.488526613 0.185119629
    0.0435637832 0.404822052 0.944883645 0.767056823 0.22438693
    0.927186489 0.301112294 0.969298601 0.401646495 0.0117733479
    0.842768908 0.0989625454 0.470135987 0.478684276 0.626993537
    0.0315083861 0.424975097 0.992766738 0.115934402 0.53452915
    0.0652205944 0.476165593 0.193288386 0.982683599 0.00379964709
    0.438192248 0.715177298 0.217510581 0.652068794 0.0942196548
    0.285466671 0.728999913 0.959653735 0.869253039 0.420263171
    0.16229707 0.766617537 0.611555994 0.633167624 0.64854455
    0.721848607 0.124141634 0.722155809 0.348991275 0.926891804
    0.0140499473 0.806823313 0.56495899 0.761090755 0.0475232005
    0.199821979 0.940140843 0.607485175 0.338377297 0.662209928
    0.142324895 0.967158794 0.142540932 0.131699771 0.795634866
    0.258308858 0.689507067 0.52933836 0.992158055 0.556095064
    0.383630008 0.104939014 0.429413438 0.5943681 0.970648885
    0.963214874 0.847678065 0.506080806 0.580635369 0.0901334882
    0.873059809 0.426685333 0.912165165 0.592928886 0.770604134
    0.692296982 0.187914282 0.389044881 0.186142683 0.290972292
    0.263214439 0.372072756 0.528162539 0.0593700111 0.372564912
    0.201044321 0.104363561 0.779158294 0.363705605 0.984811366
    0.47196272 0.476461232 0.0730745494 0.707902908 0.525017023
    0.0146791339 0.284551799 0.826792598 0.428547949 0.0965290368
    0.280866325 0.331678092 0.0315793455 0.486352295 0.417847484
    0.186694562 0.863001585 0.460837722 0.0608510673 0.402469635
    0.766730666 0.949427366 0.143438816 0.155511141 0.67745322
    0.945571303 0.13445133 0.400342345 0.846474648 0.297840118
    0.144807875 0.369782865 0.504463792 0.237097085 0.173520237
    0.93479681 0.174642354 0.690018296 0.154664665 0.573008597
    0.997664928 0.274172962 0.067396313 0.6063357 0.184020132
    0.286166519 0.189586699 0.358590692 0.0165681839 0.468025744
    0.767936051 0.604113281 0.424318314 0.279089928 0.730304956
    0.447236598 0.174269676 0.884139419 0.498846859 0.794340491
    0.44319573 0.707606614 0.372753829 0.643205702 0.973019361
    0.832779706 0.756727695 0.900262475 0.931797266 0.377444625
    0.817672253 0.130945146 0.707544923 0.71064198 0.521662533
    0.813178718 0.367354214 0.39205718 0.758695245 0.093180418
    0.574636757 0.238746166 0.456957519 0.893020511 0.702288628
    0.516812265 0.290077865 0.813772082 0.355720013 0.441188335
    0.713427842 0.0382635295 0.169004738 0.808760285 0.501207232
    0.60869813 0.701408744 0.945175409 0.63006866 0.376868248
    0.731483996 0.778615355 0.385448694 0.822828352 0.205636978
    0.787532866 0.607617736 0.498438448 0.331976414 0.477806926
    0.325960249 0.270179331 0.0845941305 0.402471364 0.180942595
    0.715908706 0.812447786 0.750723243 0.804882288 0.481181711
    0.69120121 0.0317459404 0.315495431 0.529553413 0.0158019364
    0.307242006 0.110005111 0.598667741 0.194244564 0.211293846
    0.376906574 0.351683855 0.0515887439 0.473295838 0.746434748
    0.332975119 0.128857374 0.743772984 0.246412218 0.424543351
    0.976082504 0.866935134 0.641514182 0.909156084 0.686532259
    0.205964506 0.000387459993 0.287094414 0.811801791 0.0345337093
    0.165651977 0.054743886 0.35062626 0.449977636 0.0206556916
    0.653258204 0.436466783 0.430138648 0.403012753 0.360516757
    0.39097327 0.0873735845 0.0147505403 0.856307864 0.305612981
    0.97084558 0.0251939595 0.222432196 0.245186299 0.0306356847
    0.109343708 0.963627517 0.845186532 0.39823395 0.400230646
    0.485574573 0.9665066 0.876357079 0.230811179 0.598944604
    0.651778817 0.955455184 0.0436405838 0.614787638 0.366160333
    0.48850143 0.147365391 0.636476815 0.979863048 0.152898401
    0.850662351 0.926212192 0.279757708 0.928131223 0.40899533
    0.898659647 0.401531845 0.158978015 0.899534523 0.77799207
    0.0734051764 0.00947231054 0.644568324 0.391083419 0.694538414
    0.944741368 0.31443435 0.975920022 0.787687182 0.312983453
    0.562302172 0.565387607 0.503524423 0.113281667 0.278616607
    0.137753338 0.303626597 0.377633363 0.218699127 0.0260207951
    0.723395288 0.928571522 0.680429041 0.407446742 0.148640126
    0.0509982407 0.194771081 0.414153278 0.0822735727 0.0870349407
    0.704853714 0.416956484 0.591217756 0.319568336 0.0492337346
    0.174259931 0.407785714 0.516032338 0.605647326 0.48289001
    0.91823113 0.284374654 0.701227546 0.79244858 0.47278583 0.652605236
    0.632374644 0.072698772 0.469524324 0.0155777633 0.0673186481
    0.694014311 0.921499133 0.962878585 0.900974691 0.642314792
    0.564765573 0.846896708 0.323422611 0.393751383 0.793069661
    0.00638878345 0.631999135 0.0785193741 0.0825224221 0.179855824
    0.128464252 0.819564104 0.600588977 0.693599522 0.114734322
    0.330762029 0.0979782045 0.0245550573 0.480062097 0.0432834029
    0.531109393 0.0581871271 0.0472096801 0.7217381 0.850145757
    0.392064393 0.977091312 0.305894107 0.340085596 0.913118005
    0.0873377323 0.132454216 0.529417396 0.959191859 0.53192538
    0.535211444 0.137108266 0.393462867 0.382718831 0.507286072
    0.376407593 0.934869587 0.608204484 0.884239197 0.590047538
    0.515452564 0.72723496 0.745030403 0.697383046 0.782073736
    0.10104239 0.0967057943 0.0843917429 0.129530609 0.0473927557
    0.551837027 0.0625663996 0.159281373 0.148649842 0.202243775
    0.717847645 0.149440259 0.0509868264 0.475700229 0.489572674
    0.668288887 0.176312566 0.934399188 0.711455762 0.469271988
    0.217670381 0.698101997 0.0331994593 0.418227762 0.225354075
    0.803810656 0.126614571 0.350298434 0.177550495 0.43841207
    0.0487782359 0.698677003 0.784404278 0.394572884 0.309111714
    0.0806784034 0.458603054 0.462892264 0.882424176 0.0845530033
    0.666227818 0.580891371 0.286137044 0.680209756 0.0907301307
    0.312297702 0.917434394 0.567065895 0.995380938 0.750625014
    0.259063065 0.837766409 0.228700131 0.679522753 0.53520453
    0.613950729 0.948295474 0.57862699 0.133171916 0.446841568
    0.046880275 0.103453815 0.103289157 0.722800016 0.931108356
    0.512295485 0.466549158 0.604037523 0.942957222 0.550765574
    0.0433688462 0.66452539 0.418963701 0.803431571 0.516493559
    0.62676847 0.720147669 0.595117569 0.515624404 0.452798575
    0.491378099 0.449759692 0.729020834 0.601016343 0.99530673
    0.120352507 0.0364513099 0.98720336 0.399178535 0.366131932
    0.931593835 0.664611816 0.064561516 0.406232059 0.580202341
    0.781171441 0.95340848 0.886182189 0.71421051 0.710694671
    0.769635081 0.664908707 0.589901626 0.437016368 0.894815862
    0.547203481 0.811062098 0.748726904 0.980382919 0.842649221
    0.996210515 0.789437771 0.794679284 0.116289228 0.0339795351
    0.869221091 0.990727186 0.732792675 0.0274452269 0.0607751012
    0.619648159 0.971023083 0.144872129 0.211942971 0.597700298
    0.0252168477 0.425418437 0.61050272 0.0283613503 0.600235581
    0.060880214 0.039098084 0.981472015 0.393787295 0.158941716
    0.52522707 0.00862085819 0.165561676 0.938374758 0.19119674
    0.477423221 0.747281551 0.000166207552 0.610868275 0.99220854
    0.569209754 0.0134942234 0.217230976 0.489024639 0.874351025
    0.73844105 0.770577788 0.996995568 0.171495408 0.343275666
    0.99625814 0.202120245 0.437725514 0.976239085 0.6387887 0.974576354
    0.830662966 0.351762503 0.993041754 0.772140503 0.67700839
    0.668332756 0.111470431 0.585454941 0.614399672 0.0161913931
    0.603761315 0.86055851 0.125105441 0.507836938 0.185525686
    0.171945781 0.246856272 0.979269028 0.961619318 0.86543715
    0.0543955564 0.358240604 0.363719165 0.0292368531 0.731097758
    0.808580816 0.655132413 0.0997278094 0.954563618 0.80895102
    0.956919849 0.534992456 0.843244433 0.662975073 0.352840394
    0.972881973 0.884329498 0.0355903208 0.923562646 0.622973025
    0.160811782 0.621823907 0.0906179249 0.837171078 0.86114794
    0.64374429 0.471319199 0.213819683 0.276103586 0.688387513
    0.180198044 0.249046922 0.518092036 0.236687899 0.985634565
    0.175064415 0.484323859 0.341998875 0.689415097 0.740399301
    0.346238524 0.0749721229 0.848133981 0.966127634 0.384864002
    0.547038019 0.387790322 0.00763237476 0.872659206 0.408355832
    0.0193081796 0.490615815 0.862390578 0.830260217 0.296680987
    0.0777743161 0.269986838 0.657927632 0.564100742 0.533825159
    0.216585338 0.388843417 0.976716936 0.732584655 0.603321314
    0.491799206 0.195351779 0.768927038 0.806548893 0.504741013
    0.87699008 0.137125909 0.532104552 0.586997688 0.387958705
    0.954370499 0.964819491 0.813827157 0.579695106 0.239858091
    0.833998799 0.946080208 0.430977046 0.162221789 0.38638103
    0.323215067 0.335118651 0.789426208 0.2669864 0.252485365
    0.433533281 0.43096292 0.256032169 0.0575175285 0.8511585
    0.591958761 0.179543853 0.841112971 0.996986747 0.745773554
    0.550590396 0.174782813 0.0704268217 0.370790124 0.94958508
    0.769479334 0.118771344 0.112661362 0.960168719 0.970159411
    0.0741329789 0.243148863 0.281485468 0.0451491177 0.200304329
    0.862056255 0.126161277 0.309111297 0.995644093 0.677075446
    0.407700866 0.44643563 0.361531526 0.847064495 0.0474814177
    0.165017217 0.0488018394 0.303431153 0.214330405 0.59732455
    0.671583414 0.119145542 0.178879648 0.800997615 0.182804853
    0.996712804 0.145259142 0.086646229 0.345259249 0.445507735
    0.530308962 0.937181294 0.657809138 0.942135155 0.332387507
    0.670469522 0.742422879 0.970709801 0.825950861 0.905126691
    0.393588871 0.716459751 0.24903357 0.0577908754 0.512160599
    0.593135476 0.127951533 0.806934297 0.201050848 0.396060467
    0.344366908 0.821320772 0.343311787 0.220772594 0.00206956267
    0.264032096 0.372783303 0.379838854 0.650579929 0.899884105
    0.218910247 0.426779687 0.54065007 0.594863355 0.642163813
    0.234623164 0.732135713 0.223919481 0.962530851 0.877508223
    0.648297787 0.599013567 0.138553143 0.314874709 0.830074906
    0.295684159 0.798361957 0.240761667 0.857126355 0.906716883
    0.580876112 0.491858661 0.0384088457 0.0989096463 0.639234424
    0.138378859 0.567600429 0.610507786 0.664230406 0.658791959
    0.284323096 0.815771639 0.387206733 0.572324514 0.15546903
    0.192060918 0.467413992 0.493130207 0.0252281129 0.607213974
    0.633923769 0.0657661855 0.357050896 0.363321096 0.306132615
    0.900903344 0.258918941 0.090985477 0.765906572 0.750980973
    0.523419738 0.767516553 0.832381189 0.282623917 0.325633436
    0.887504458 0.673859 0.795379102 0.465225428 0.883091986 0.707098365
    0.0754346848 0.373012334 0.376772851 0.674320579 0.14931944
    0.689552367 0.604759395 0.84038341 0.330863446 0.0712197721
    0.866586626 0.680698335 0.0265760422 0.493871659 0.407171428
    0.614839911 0.440939516 0.18568778 0.622197151 0.826346993
    0.995019972 0.35630095 0.624869466 0.59536767 0.377008617
    0.533648372 0.0365124941 0.00872319937 0.102586627 0.629348576
    0.970318317 0.207291991 0.477140725 0.996889949 0.368531942
    0.326503098 0.346906185 0.400999427 0.134835273 0.608339429
    0.352297008 0.235550493 0.841192245 0.607496858 0.106109202
    0.265138865 0.158104986 0.217128038 0.135942966 0.253170282
    0.444276005 0.623149514 0.886630356 0.196258873 0.841450989
    0.634532809 0.0768561065 0.514981091 0.672966361 0.820310116
    0.846191466 0.456362695 0.810470939 0.950875878 0.386886925
    0.604186177 0.755886555 0.776797712 0.363893986 0.387939513
    0.765625894 0.579960763 0.462283641 0.190322012 0.804543793
    0.302619964 0.832285166 0.185806662 0.0314935446 0.191430271
    0.138889223 0.00995311141 0.134660095 0.518139541 0.377410322
    0.677620947 0.949404836 0.310268581 0.474345177 0.296025574
    0.0388144851 0.530362308 0.328941852 0.324931175 0.0753353536
    0.793369055 0.541830659 0.111170083 0.992003083 0.771354377
    0.195799172 0.0474172235 0.893208265 0.982905984 0.949558973
    0.971313357 0.122619897 0.0911332965 0.27009207 0.301306695
    0.773233056 0.151676714 0.976490796 0.725964904 0.162919015
    0.849162936 0.184732676 0.395412803 0.882595539 0.429152846
    0.4232153 0.873361826 0.545740783 0.292510748 0.179643244
    0.0962320864 0.896184683 0.673427463 0.813401937 0.191469222
    0.826760173 0.492439926 0.952095389 0.167610675 0.0094589293
    0.240122348 0.734152675 0.570308626 0.731543899 0.380554914
    0.599401534 0.847145796 0.551737368 0.602338374 0.548791826
    0.128539026 0.100585699 0.739673793 0.321268678 0.924895287
    0.820215285 0.452482373 0.33525151 0.339052498 0.994731784
    0.682133257 0.628066838 0.0976913571 0.683674216 0.241463363
    0.583191752 0.181894273 0.12577036 0.974638283 0.228675246
    0.224529028 0.786864161 0.0459789038 0.844714165 0.634029388
    0.086364001 0.499893993 0.793355465 0.802428126 0.0239797831
    0.646778524 0.204956263 0.964093745 0.339887649 0.0123626888
    0.0388844609 0.761823058 0.642944574 0.350019485 0.00813412666
    0.539366543 0.445250928 0.156139433 0.246619105 0.988046765
    0.999937892 0.118970931 0.956845522 0.767399907 0.0491493642
    0.183598012 0.512314379 0.568231821 0.215251774 0.0894109011
    0.288928777 0.368929088 0.829553783 0.539218128 0.768666863
    0.376610994 0.806503534 0.33152914 0.201783061 0.849570453
    0.611713111 0.703127205 0.135410249 0.787353277 0.319383085
    0.682527006 0.866894722 0.965205967 0.957338691 0.122755915
    0.112782449 0.730591178 0.556890249 0.00120732188 0.250002474
    0.458139688 0.929114163 0.862416029 0.347529352 0.539088488
    0.546455026 0.412345976 0.882641196 0.0214645863 0.0183230639
    0.00539138913 0.30846411 0.475325048 0.523571849 0.935175657
    0.598761141 0.780096889 0.0332867205 0.868943274 0.842742443
    0.93567574 0.734552443 0.354598045 0.0271967947 0.798333287
    0.854804635 0.863899827 0.878949165 0.857620299 0.43127203
    0.473418236 0.329155862 0.173543543 0.201670855 0.551073194
    0.970830917 0.105462104 0.585003376 0.268157095 0.747918129
    0.126091838 0.801213086 0.133387744 0.0585728884 0.128586888
    0.905573845 0.67709738 0.169111937 0.473235011 0.96821934
    0.614068449 0.446567655 0.948755503 0.038433075 0.709532261
    0.658053994 0.18474108 0.0322107971 0.654576778 0.505816758
    0.746979594 0.475237608 0.682039678 0.751240194 0.518352747
    0.323836267 0.241642296 0.483793557 0.6764884 0.248703182
    0.788300455 0.0941544771 0.23758328 0.731607556 0.717331409
    0.278628349 0.441123515 0.640147328 0.0873800814 0.790410519
    0.913259983 0.232213527 0.676046789 0.833993793 0.630808353
    0.983446717 0.812605202 0.509580314 0.779319644 0.419642299
    0.715592504 0.622708201 0.484877884 0.900853753 0.0581867993
    0.133442521 0.765880227 0.834614158 0.667274594 0.834163547
    0.167310238 0.570389152 0.271549344 0.977345824 0.254261553
    0.837214172 0.828918278 0.724341571 0.499897599 0.179466397
    0.805485845 0.720201731 0.16576609 0.852207541 0.302739263
    0.914087176 0.142161906 0.894034028 0.39798975 0.584757805
    0.481934667 0.0735969841 0.48554647 0.420165896 0.182094514
    0.522684395 0.572619915 0.751502752 0.897471607 0.0771374702
    0.529302418 0.970071316 0.57504338 0.343013406 0.863833189
    0.104726642 0.284904003 0.102706671 0.453772187 0.987960815
    0.546797216 0.225936949 0.620844245 0.0643051565 0.356268317
    0.340984881 0.2772668 0.217628479 0.809681416 0.454789907
    0.376241803 0.839642525 0.407815903 0.513282835 0.658502638
    0.838813961 0.818414092 0.937308908 0.180553377 0.0719607472
    0.428288907 0.304323286 0.850583315 0.8673262 0.961143017
    0.484052956 0.0734802186 0.943611622 0.123798013 0.00871291757
    0.234445542 0.346584499 0.565771639 0.521620095 0.925721109
    0.186961561 0.320912361 0.600109279 0.426050663 0.667279422
    0.979167342 0.714311898 0.00652638078 0.0891216993 0.100904644
    0.0272969007 0.497047126 0.929843307 0.246040493 0.596968591
    0.308303207 0.0626727641 0.410123199 0.728443205 0.81421268
    0.889013112 0.456634492 0.689047039 0.0106928647 0.966605604
    0.90235579 0.352838337 0.513231695 0.218691081 0.397063851
    0.391391546 0.78218019 0.298664033 0.301280797 0.822237849
    0.524909377 0.860802233 0.140618861 0.02602759 0.784465134
    0.335651904 0.281788468 0.742512345 0.734045863 0.619259357
    0.343961358 0.575165331 0.548939764 0.660386205 0.742758274
    0.6264171 0.249054968 0.859990001 0.363896549 0.0820041001
    0.616248071 0.766001105 0.173793048 0.251089573 0.993301392
    0.056045115 0.465814471 0.788446665 0.70728451 0.74182868
    0.0531222224 0.654818833 0.780656517 0.302244723 0.468970001
    0.632450461 0.725006819 0.64938128 0.204229176 0.315843433
    0.670851231 0.750640988 0.938430607 0.247600555 0.535472214
    0.829624772 0.023527354 0.0749063194 0.967333198 0.749656081
    0.682345748 0.434560001 0.392445326 0.439385056 0.978936315
    0.959502339 0.623640478 0.149287194 0.292443991 0.993776441
    0.416211307 0.466853708 0.254093558 0.560435891 0.475972533
    0.772537947 0.99420011 0.19498387 0.0362592041 0.695658028
    0.522833884 0.609644592 0.440302491 0.114553481 0.760819852
    0.884795964 0.859628201 0.566002488 0.995832682 0.529996932
    0.350359201 0.486505032 0.12451905 0.0244212747 0.635321498
    0.0477225184 0.672520638 0.652794123 0.186709911 0.182222933
    0.791480482 0.188608766 0.969295561 0.00181430578 0.166710377
    0.5337556 0.209344268 0.008613199 0.921543181 0.401438028
    0.905193746 0.961477518 0.587305248 0.659937441 0.713585615
    0.330294311 0.330184519 0.0195631385 0.423255503 0.364594162
    0.14249444 0.536640048 0.441473007 0.720729113 0.289742112
    0.886006773 0.975550056 0.244610578 0.448074609 0.0856663585
    0.528736234 0.220362812 0.8984043 0.0536418557 0.305616766
    0.490775019 0.614024758 0.368678153 0.330881953 0.253546536
    0.608042181 0.204533875 0.214707792 0.333396584 0.00398924947
    0.106186271 0.590866029 0.539245903 0.526777387 0.915021181
    0.962502658 0.00657331944 0.198244065 0.780948818 0.297282815
    0.0663489699 0.593816936 0.923940659 0.566506565 0.778180003
    0.809642732 0.637857497 0.0862945318 0.343977213 0.707946002
    0.9864676 0.7660501 0.0324650407 0.801892161 0.404326826 0.121275663
    0.186719298 0.909516096 0.295648694 0.639955342 0.834673703
    0.997379541 0.302838862 0.893609881 0.561236322 0.607172191
    0.0980941355 0.337827981 0.242879957 0.648419142 0.261399984
    0.583224893 0.110515028 0.157061398 0.178464472 0.237557471
    0.44900012 0.856455088 0.769227564 0.47886309 0.822106838
    0.0637151003 0.355122894 0.812282145 0.550260067 0.0421698391
    0.448859602 0.634113073 0.337198198 0.748955369 0.589368641
    0.766685486 0.629134595 0.866563201 0.275691926 0.420697778
    0.0878342092 0.0186102688 0.731657147 0.327285498 0.0982706845
    0.561839581 0.421821535 0.193205357 0.169017017 0.238178253
    0.942733407 0.863964498 0.52408731 0.839384437 0.81736052
    0.482456267 0.908517957 0.643908381 0.841283679 0.437833846
    0.738536239 0.954107344 0.493584096 0.978717566 0.815973997
    0.0394875109 0.410463065 0.519862175 0.766168833 0.870983601
    0.133991748 0.535318732 0.557956338 0.989080548 0.485827953
    0.0160550475 0.656760454 0.324402809 0.256073982 0.55621624
    0.444409132 0.732066453 0.832180858 0.0526308417 0.518044531
    0.978942633 0.733476877 0.666432559 0.489624768 0.774793208
    0.635875821 0.899239659 0.673794687 0.128864259 0.793776333
    0.324387074 0.263491929 0.642867446 0.949142039 0.130694151
    0.566200733 0.245713711 0.23463583 0.994029284 0.0691563487
    0.494320899 0.526628911 0.0289238095 0.164963901 0.122869223
    0.191521972 0.379049957 0.117581248 0.991399646 0.510086477
    0.705588579 0.852320433 0.5793764 0.211632639 0.863790274
    0.791261554 0.852073193 0.229654849 0.737560272 0.0438897014
    0.267111659 0.748895347 0.699346662 0.551384032 0.19919461
    0.777479529 0.567605376 0.751851916 0.816742659 0.932467818
    0.609393179 0.379218698 0.490453869 0.832770228 0.317937136
    0.98951745 0.171203405 0.6524055 0.129823029 0.803746998 0.774237216
    0.946914792 0.337093592 0.354822814 0.996708035 0.892672181
    0.973998904 0.246323973 0.430702835 0.741738439 0.399529099
    0.962466955 0.342063189 0.499198258 0.0257613063 0.744352043
    0.265290946 0.933431864 0.44502306 0.245977968 0.268757194
    0.669352233 0.507993281 0.609083474 0.776255608 0.499302953
    0.574904323 0.769205451 0.00928175449 0.817737222 0.236713976
    0.451964408 0.323190987 0.455154538 0.748995364 0.817738056
    0.78656137 0.576016247 0.120412111 0.23549214 0.212403238
    0.692460477 0.886269391 0.192422718 0.652367949 0.433151871
    0.122012317 0.788407385 0.324019939 0.953131855 0.821030557
    0.433238447 0.598670006 0.765932083 0.700738072 0.263890833
    0.225856572 0.8744995 0.874872446 0.77148509 0.869930387 0.263558507
    0.201547086 0.333900362 0.687167645 0.903753161 0.938699722
    0.366120279 0.531862855 0.100023389 0.316381395 0.572021186
    0.176529676 0.2878941 0.0674903095 0.576529801 0.148895055
    0.495282084 0.602100611 0.342926383 0.63041842 0.891548038
    0.549548686 0.772067428 0.894568741 0.0596562028 0.389805168
    0.720693052 0.981053352 0.72470969 0.645720541 0.0194513798
    0.742469788 0.0840513408 0.0774536133 0.431599468 0.116455555
    0.167307466 0.693895161 0.149652332 0.430188417 0.44906801
    0.457649767 0.0542632341 0.0375149548 0.737232447 0.726758659
    0.62202251 0.746015072 0.844361842 0.690296531 0.901305139
    0.222386569 0.765812159 0.97496438 0.376977026 0.942327261
    0.364078701 0.329152763 0.011027962 0.469697297 0.868779838
    0.424636304 0.963813663 0.87481463 0.160459489 0.548968315
    0.587804615 0.845740676 0.445796341 0.768134475 0.435530305
    0.509425461 0.802850842 0.463579178 0.468470275 0.77734673
    0.744909883 0.693723798 0.480088621 0.572901964 0.894375563
    0.650704026 0.460140377 0.00201651454 0.217243999 0.609194577
    0.970738053 0.634880662 0.984551668 0.161682785 0.768913746
    0.319068789 0.106228441 0.774757564 0.560381413 0.0958929062
    0.02506724 0.389776498 0.893326402 0.644649327 0.923682034
    0.893790126 0.951646924 0.486860871 0.181791246 0.106402546
    0.802891493 0.20788601 0.431069285 0.00874361396 0.89621973
    0.787967801 0.476688385 0.304196298 0.285623968 0.298886716
    0.872583091 0.557810485 0.216803312 0.995647728 0.175990403
    0.645510316 0.971317947 0.167241871 0.366715401 0.78557539
    0.0802795887 0.0726748407 0.822914362 0.471517414 0.0388056636
    0.872640133 0.326127112 0.884392142 0.88083148 0.516204238
    0.465260893 0.0584573746 0.653218985 0.0329128504 0.159900427
    0.23160103 0.497638792 0.704776406 0.820895493 0.603407383
    0.454121053 0.675750911 0.363424063 0.0782119334 0.795460582
    0.969260812 0.694842517 0.757000148 0.993429661 0.943623185
    0.572738051 0.57895875 0.669023097 0.808058739 0.187100232
    0.382233769 0.20710969 0.546510398 0.385975659 0.732487977
    0.534341872 0.293955386 0.220076114 0.933108389 0.55884552
    0.724421442 0.0279902518 0.516529322 0.497019321 0.985388577
    0.984440327 0.222436666 0.141436309 0.57831043 0.537425756
    0.916557729 0.799554586 0.412195951 0.238819242 0.044821173
    0.623758972 0.348228216 0.0822105408 0.544915915 0.221015453
    0.426728874 0.943314731 0.693106592 0.120743841 0.2430619 0.79649055
    0.563908577 0.689937711 0.381227016 0.492088258 0.013479501
    0.923452735 0.408979148 0.155902624 0.842312157 0.236215621
    0.309902996 0.248439461 0.359553277 0.131429821 0.147606105
    0.757681608 0.908387661 0.551487803 0.4235892 0.460875064
    0.0338052511 0.660024881 0.203356445 0.985766411 0.598658204
    0.518874824 0.945770025 0.0690018833 0.899716556 0.451012552
    0.931460679 0.993107438 0.285137057 0.799445868 0.323859125
    0.501678288 0.658368587 0.509082198 0.728830099 0.0198227763
    0.285545349 0.555976927 0.27514419 0.0551726222 0.297627628
    0.937641621 0.565532148 0.948150516 0.0851874352 0.328072011
    0.592630565 0.73136729 0.0259060562 0.279486328 0.223817647
    0.823614955 0.995802641 0.955954671 0.24629727 0.00165548921
    0.963768661 0.403097838 0.516440749 0.133103073 0.373187661
    0.641571641 0.157173425 0.311239004 0.596494019 0.123151302
    0.763880014 0.18237254 0.17408374 0.921444178 0.226144135
    0.872323453 0.373612225 0.77737087 0.994169116 0.476038665
    0.820665956 0.494149595 0.517576814 0.691180348 0.278159082
    0.26613158 0.516095579 0.907278061 0.544448853 0.939996719
    0.537031174 0.00128397346 0.833763719 0.917814076 0.712054729
    0.150301605 0.516510427 0.851639509 0.692985892 0.0241289735
    0.114184052 0.763570189 0.453502148 0.705101848 0.460283995
    0.991375864 0.958517015 0.958525419 0.745442152 0.948809564
    0.572850347 0.10403055 0.741811931 0.893144488 0.113970637
    0.479979396 0.759797454 0.645876408 0.691209197 0.00378602743
    0.970818222 0.956689537 0.340712726 0.144483924 0.920628428
    0.723478734 0.472655565 0.321935773 0.981207728 0.575660348
    0.496517599 0.0102908909 0.627183259 0.0410242379 0.101093948
    0.162716776 0.241363645 0.502459109 0.778133273 0.0209211409
    0.59068048 0.11454159 0.541071653 0.330129087 0.890773416
    0.292696476 0.688576162 0.380146027 0.169363916 0.602159858
    0.421430737 0.14345476 0.332741857 0.937114179 0.269356698
    0.174267679 0.871789575 0.981202364 0.914596677 0.959261775
    0.0385628939 0.547091246 0.0164718032 0.243972749 0.683981836
    0.514807642 0.367193758 0.698895335 0.858188748 0.999011576
    0.419175953 0.878687978 0.331889451 0.135318279 0.401174098
    0.718372762 0.651917756 0.694688201 0.033944875 0.568947852
    0.350958347 0.690322936 0.414671212 0.641647518 0.00284287333
    0.310304493 0.162398964 0.455485821 0.872322917 0.941601515
    0.0366389155 0.331525445 0.678429425 0.088898927 0.0866372287
    0.77912128 0.976840556 0.796493292 0.447972655 0.667247057
    0.494370192 0.572419047 0.143228203 0.515713871 0.487283319
    0.781723976 0.706429958 0.00327074528 0.471596181 0.241298497
    0.533818066 0.169361472 0.657936811 0.388379127 0.0801633
    0.398238212 0.786756516 0.88710916 0.58159107 0.31271708 0.907369614
    0.815196395 0.569172382 0.777896821 0.533217669 0.591829538
    0.851684988 0.507584393 0.912330985 0.726383984 0.619546413
    0.44132638 0.360465258 0.587616444 0.700854897 0.636299789
    0.738836825 0.78879261 0.0100291669 0.951749563 0.823249817
    0.90395081 0.124053985 0.401964396 0.337634623 0.639480829
    0.118215173 0.372680783 0.993166685 0.772434354 0.189919472
    0.75241375 0.0404587388 0.827485442 0.622515082 0.294062048
    0.272867113 0.821879864 0.566297472 0.415434957 0.0272507071
    0.665941477 0.000784128904 0.330876619 0.886895061 0.343459129
    0.513915718 0.81570375 0.254679471 0.67317456 0.178824991
    0.104133993 0.683793366 0.5155375 0.803961337 0.233569384
    0.0844891071 0.937609196 0.506325603 0.216709942 0.315472603
    0.631280482 0.579871476 0.0866565406 0.994710088 0.433643162
    0.306970417 0.756070852 0.387301385 0.349059999 0.0308059156
    0.945896089 0.403351158 0.942682385 0.591095448 0.622184277
    0.765084386 0.951932967 0.375355184 0.467732817 0.200018346
    0.627276659 0.279882491 0.211224556 0.194551021 0.0485988855
    0.902714431 0.820527315 0.550787091 0.127674639 0.212834418
    0.851745903 0.376041949 0.822761416 0.530482233 0.454040855
    0.149724215 0.840137362 0.291782975 0.120310724 0.178162962
    0.478215367 0.374359995 0.0860261917 0.491364807 0.0881628096
    0.862774134 0.533018231 0.734345675 0.782247663 0.226221323
    0.414052725 0.405196965 0.526075125 0.898332238 0.995024443
    0.386815906 0.805373907 0.491179585 0.596892297 0.88687855
    0.503375113 0.721022666 0.924691379 0.302688301 0.435547411
    0.452474654 0.745975375 0.867224991 0.819478869 0.875143647
    0.381960154 0.000122070312 0.572021604 0.787450373 0.489613622
    0.316136807 0.598003447 0.566244483 0.804310203 0.789156377
    0.209967494 0.00382989645 0.0449007154 0.159827262 0.369363338
    0.29456079 0.166099489 0.295367599 0.156136721 0.957047701
    0.0462180376 0.371921211 0.874294996 0.360740304 0.582593381
    0.742050052 0.810264349 0.120615274 0.120678008 0.782259464
    0.928797841 0.103543222 0.152633786 0.393235683 0.894375801
    0.105508357 0.984760165 0.835753322 0.626457453 0.0296972394
    0.213425279 0.872424483 0.959512174 0.158519149 0.799543738
    0.977738261 0.86955452 0.888291478 0.360627502 0.334874809
    0.779601574 0.206398606 0.822901666 0.736863554 0.638602614
    0.962007761 0.786982179 0.811653018 0.2839728 0.849515259
    0.681760371 0.897877812 0.0140602291 0.369413495 0.814947128
    0.774182498 0.173227787 0.340256751 0.994109035 0.802137733
    0.858311713 0.0273003578 0.0777983665 0.674437523 0.536539853
    0.282456458 0.239848971 0.450889766 0.921181858 0.57713902
    0.0216422379 0.404510409 0.835867822 0.620067418 0.28379178
    0.990944922 0.210455626 0.140071392 0.991011441 0.397561908
    0.46053189 0.573051751 0.0730690956 0.933734417 0.225232959
    0.231648505 0.927758932 0.694582701 0.223007262 0.939099431
    0.89862299 0.396266401 0.495304883 0.36985147 0.623679757
    0.115897924 0.795797408 0.705994129 0.255524635 0.632818937
    0.874808311 0.38672483 0.380696297 0.00796344876 0.491728157
    0.74611634 0.218489587 0.0498855114 0.75834614 0.690497816
    0.0088120997 0.79731214 0.926590681 0.12521407 0.194645941
    0.72834003 0.184096634 0.387814939 0.73283267 0.101866245
    0.081404686 0.625638485 0.903129339 0.986541331 0.937166691
    0.767448187 0.170136899 0.0124543607 0.660429418 0.705836773
    0.967295408 0.805226445 0.782890022 0.611876965 0.241281152
    0.131613106 0.115358651 0.595889509 0.846770585 0.482729077
    0.982705235 0.00965705514 0.916023612 0.500334203 0.951257586
    0.506082952 0.260410577 0.60111177 0.866257548 0.533590376
    0.740724027 0.661795735 0.291642427 0.637278557 0.352010697
    0.196654022 0.912328362 0.373494327 0.447885394 0.975366831
    0.0488234162 0.449025929 0.551940441 0.0459854603 0.156278819
    0.339235425 0.38770932 0.40048635 0.275378734 0.927104712
    0.478454113 0.854034305 0.508460462 0.90556699 0.478712171
    0.928362608 0.104560137 0.29894495 0.427361071 0.0289783776
    0.11577785 0.449851513 0.829192281 0.228016585 0.0459401309
    0.661054373 0.3575643 0.564827144 0.106440425 0.799829125
    0.609892845 0.0185512006 0.193160027 0.927288294 0.752815008
    0.0594284534 0.123485625 0.362161458 0.34564361 0.725746751
    0.83581394 0.186199158 0.0580400527 0.867953658 0.727407753
    0.861367345 0.578176916 0.900587678 0.331962287 0.457278311
    0.775706291 0.84668231 0.411726624 0.189442217 0.709869623
    0.701504827 0.702638745 0.249863446 0.206737757 0.787786663
    0.0317622721 0.799342632 0.771446109 0.314610511 0.693195045
    0.743533134 0.493845403 0.668368101 0.128328234 0.741939187
    0.735005856 0.881406248 0.630350769 0.56244576 0.566155016
    0.174672872 0.195795387 0.201467097 0.497800022 0.539172471
    0.325977921 0.0473869741 0.905682564 0.986884594 0.650373459
    0.784276187 0.276278257 0.361394227 0.261451364 0.409265459
    0.277411997 0.601620674 0.38885498 0.414402932 0.608146667
    0.441639781 0.316220522 0.646435916 0.377468467 0.854148448
    0.752400756 0.0694160759 0.865538836 0.243228614 0.91974318
    0.990588903 0.127619356 0.804682791 0.656597197 0.294158369
    0.860169411 0.336524367 0.612994671 0.837528229 0.75079608
    0.852039039 0.194977105 0.430510342 0.415101796 0.240727961
    0.402962744 0.165733695 0.696727693 0.318524241 0.461679965
    0.981725693 0.729435921 0.499090701 0.324361056 0.443252742
    0.963542819 0.16824165 0.531460702 0.226582021 0.0388411582
    0.539457023 0.823891401 0.602200389 0.759289384 0.908455133
    0.512097001 0.494082034 0.558122993 0.434942573 0.281529546
    0.485753387 0.211388826 0.915273309 0.573433399 0.0531083643
    0.0142168403 0.677364886 0.553832352 0.194480568 0.559011936
    0.258657813 0.424714208 0.837773323 0.351101965 0.0719845593
    0.269594461 0.759001493 0.8961972 0.74247098 0.854059935 0.686188161
    0.513080597 0.894975305 0.844453216 0.718658268 0.988429904
    0.27638793 0.939855993 0.920686007 0.313761532 0.774419904
    0.0162596107 0.656291306 0.666839182 0.273695648 0.956970572
    0.664535403 0.447623551 0.197870791 0.916320801 0.118742764
    0.136134118 0.683136284 0.279860973 0.305294573 0.371011734
    0.0740968585 0.218523622 0.354689777 0.436752409 0.270601034
    0.1492486 0.563310921 0.572233975 0.912136614 0.830466688
    0.836543798 0.817550063 0.224884093 0.642849684 0.734418452
    0.879970431 0.743311822 0.589602709 0.317226678 0.788377345
    0.842886567 0.743379712 0.877858341 0.835735917 0.735614598
    0.428771287 0.146646082 0.784651756 0.307419181 0.406424165
    0.179622293 0.235451519 0.103076816 0.94247663 0.107318699
    0.778636158 0.0132891238 0.411626786 0.492222011 0.669838428
    0.165854841 0.638577938 0.111814409 0.998332739 0.936427295
    0.0891989768 0.808501124 0.683340073 0.643992305 0.945217848
    0.233188242 0.487552792 0.655925214 0.488243401 0.396378577
    0.787071109 0.204569608 0.0388042033 0.578405261 0.251596868
    0.0839706659 0.740669131 0.815553069 0.592448592 0.474096984
    0.118622154 0.314591706 0.912494302 0.126253426 0.0657868981
    0.12079519 0.310478866 0.796521842 0.831199408 0.202507645
    0.555860043 0.433309853 0.606882036 0.0596967936 0.093205899
    0.900678515 0.727121294 0.0886698067 0.673475385 0.373939753
    0.232395649 0.6487993 0.022133261 0.244379699 0.515874088 0.69394666
    0.326837927 0.736113489 0.114302307 0.700911045 0.38824296
    0.0732789338 0.567601085 0.388825923 0.464016438 0.525962114
    0.55625242 0.392675936 0.874784887 0.478369713 0.889167607
    0.0441652536 0.366435111 0.877909958 0.502430677 0.861203909
    0.818200529 0.303231061 0.869018018 0.0250988007 0.460301846
    0.763533354 0.925358176 0.637118042 0.741067171 0.708503187
    0.953141332 0.26023227 0.929363787 0.730948448 0.554811656
    0.394032091 0.0524741411 0.0185768902 0.522443712 0.00982764363
    0.176346689 0.323601902 0.208806306 0.563680291 0.246603876
    0.966759801 0.415296346 0.457487524 0.344292134 0.865445673
    0.806046486 0.0508844852 0.277523577 0.106371194 0.414585888
    0.902083397 0.929729223 0.996786654 0.375565529 0.948431611
    0.968051791 0.545178652 0.283798635 0.999218822 0.392306656
    0.0557896197 0.37425378 0.323211819 0.917732894 0.372008324
    0.988420129 0.811535239 0.883461475 0.312171042 0.917947173
    0.441925317 0.525967479 0.0359315574 0.718804359 0.598304272
    0.860576868 0.926565647 0.409131527 0.706775427 0.0645089447
    0.575681806 0.347683549 0.300945133 0.514024436 0.404599845
    0.360734165 0.0773845017 0.0871378183 0.157132685 0.655396104
    0.599164665 0.918213248 0.299338579 0.429853797 0.603178203
    0.153621823 0.302797586 0.427935451 0.0490236282 0.199294537
    0.27759093 0.828580022 0.571911693 0.824898124 0.317489445
    0.430958927 0.555305421 0.80775702 0.582027674 0.638649344
    0.357445508 0.580542743 0.955234528 0.129665285 0.628497958
    0.12528044 0.401062787 0.60785687 0.333099246 0.236806095
    0.806223989 0.201211751 0.50281769 0.996895194 0.910791039
    0.166480511 0.0407935977 0.0610656142 0.158372968 0.493424922
    0.583673954 0.550401986 0.276392788 0.45397079 0.935875654
    0.338750005 0.315742582 0.338220298 0.461701989 0.734458327
    0.652187407 0.387957513 0.79294157 0.4764103 0.71570915 0.906897306
    0.368600965 0.329847872 0.583860815 0.118539959 0.275943369
    0.0338441133 0.162061572 0.437789708 0.243880689 0.789137602
    0.0666247904 0.895044208 0.639519095 0.562570989 0.400071144
    0.356205672 0.161218345 0.246994287 0.420632422 0.40974623
    0.279651105 0.10129866 0.461598575 0.698115468 0.256074667
    0.827970207 0.180167913 0.704616904 0.472581953 0.512179792
    0.813009501 0.651925504 0.0363381207 0.966401756 0.118907928
    0.539654255 0.593099236 0.396810174 0.64489764 0.0862897635
    0.78400135 0.963547707 0.833229303 0.857765257 0.470030367
    0.00293073058 0.537563622 0.94575417 0.592272043 0.0140843391
    0.65256238 0.101031154 0.329198748 0.176853925 0.267706752
    0.422728449 0.310391784 0.156759381 0.880391717 0.492634267
    0.593307912 0.54997915 0.290912509 0.90419054 0.385498494
    0.303742528 0.665780663 0.0187247396 0.544226348 0.70978266
    0.57858777 0.161514461 0.776093483 0.819370627 0.107206196
    0.578097522 0.451633781 0.795145035 0.41983521 0.890428603
    0.349685967 0.0457449555 0.238172054 0.707548738 0.0826274157
    0.429841161 0.808592796 0.00846222043 0.895306349 0.0389585495
    0.783342302 0.331235677 0.733546615 0.0147060156 0.369253635
    0.560028672 0.43504113 0.817316771 0.344305456 0.463239789
    0.523859262 0.53815335 0.832487106 0.0885210931 0.819563031
    0.680339098 0.938390553 0.971254945 0.971726894 0.630566478
    0.578986287 0.36152485 0.273459971 0.0225385725 0.0181356966
    0.811635673 0.334617794 0.485107929 0.493113279 0.692960858
    0.137283891 0.0532345474 0.406927139 0.925018609 0.773995638
    0.825749695 0.832957864 0.709836483 0.0811310112 0.912368655
    0.643094659 0.114053607 0.660684466 0.458759159 0.98860085
    0.637255609 0.669668555 0.0542984605 0.548701048 0.891079426
    0.923864484 0.0791705251 0.235153735 0.242465556 0.591470003
    0.501774311 0.412460506 0.369993687 0.96339643 0.284903407
    0.0683188736 0.227436393 0.728358984 0.858750165 0.67300117
    0.267773151 0.946427107 0.0349853933 0.738150299 0.502999127
    0.741898179 0.26359275 0.902486086 0.268013597 0.281944722
    0.713443398 0.325706005 0.764323831 0.589125991 0.966807187
    0.438640952 0.891084909 0.743533373 0.581974924 0.266950011
    0.130746782 0.418721318 0.431172967 0.528356552 0.0728488564
    0.62531364 0.62412113 0.785546541 0.0617884696 0.133758962
    0.424601555 0.412163466 0.476272404 0.209544897 0.423473179
    0.437429994 0.988757849 0.838335991 0.595112443 0.157848954
    0.133009344 0.425051212 0.281400084 0.464859843 0.334888518
    0.952954292 0.885268569 0.729012311 0.829809666 0.614254415
    0.689765573 0.433747381 0.616100848 0.582056165 0.96138835
    0.069571197 0.0354952216 0.532660246 0.875922263 0.957169533
    0.420791239 0.872798324 0.351593643 0.32676965 0.378295004
    0.992715597 0.237941056 0.0946973562 0.616709113 0.670280397
    0.124646634 0.746819556 0.77480793 0.191783518 0.472890496
    0.560954809 0.975589037 0.716310799 0.62463963 0.242962837
    0.76634109 0.0536800921 0.833773971 0.802279174 0.754609227
    0.797138333 0.994443834 0.402332932 0.456283152 0.800480247
    0.0583369136 0.295437336 0.870579064 0.641526639 0.059810847
    0.16316995 0.831401229 0.791043639 0.119995445 0.833369255
    0.776273012 0.473024368 0.976621032 0.752940059 0.763515234
    0.446689636 0.48346132 0.754192054 0.0768578351 0.176957786
    0.138878971 0.557942986 0.386735141 0.725385427 0.316311836
    0.947565675 0.952581167 0.349837184 0.976318777 0.0879298151
    0.927750826 0.821710885 0.329447448 0.886967421 0.908226311
    0.503734767 0.453639925 0.73144865 0.143780559 0.587874711
    0.182021469 0.216481358 0.799337626 0.783685923 0.842325509
    0.247266859 0.924382091 0.479358584 0.556244552 0.21205759
    0.140965164 0.950163722 0.989458561 0.117623687 0.422481686
    0.626051843 0.552007735 0.489108711 0.32332769 0.979487598
    0.429148465 0.744170785 0.720043123 0.440804541 0.313714147
    0.796901047 0.70345521 0.578284085 0.760157824 0.334867001
    0.156077147 0.150793731 0.844583511 0.10604769 0.723790586
    0.789199829 0.545058191 0.457128167 0.627497137 0.786708832
    0.721956849 0.879125476 0.73978585 0.66441685 0.718451858
    0.236716539 0.487891763 0.33387953 0.0345647037 0.576580465
    0.0663802922 0.95078361 0.765182376 0.821677446 0.807835042
    0.95122695 0.896709204 0.610600948 0.960987806 0.921337306
    0.763640404 0.701547503 0.0958277583 0.711427152 0.74581331
    0.912051082 0.9911623 0.292582124 0.119858801 0.626104891
    0.930464745 0.202727318 0.777598679 0.295103133 0.607736528
    0.678647339 0.234437048 0.44131428 0.510562539 0.247267991
    0.306492388 0.180526435 0.361773491 0.104293644 0.980922997
    0.948026359 0.21137926 0.0152909756 0.49397552 0.4844881 0.805605531
    0.691951156 0.948281527 0.955629885 0.609749556 0.562566042
    0.2459535 0.588152409 0.964153886 0.272345304 0.903515935 0.97381866
    0.322399735 0.0645097494 0.120986164 0.876478672 0.405230939
    0.745934665 0.528194606 0.267317355 0.430059403 0.410908788
    0.306846678 0.404622912 0.374625087 0.721606195 0.941303849
    0.380900264 0.124491096 0.311428547 0.706331491 0.472194642
    0.819034576 0.875608802 0.838760078 0.0110238791 0.701439798
    0.00840127468 0.615988255 0.110031098 0.701747715 0.593055487
    0.0259328187 0.0777304471 0.557535231 0.367677301 0.0129935443
    0.928106189 0.243065149 0.286521763 0.062622577 0.29862833
    0.531068861 0.749386609 0.474514961 0.0535391569 0.150076121
    0.886189461 0.295760751 0.177240521 0.653998137 0.69013828
    0.748812318 0.740267515 0.158565074 0.668057084 0.225782424
    0.793610215 0.521019399 0.416410565 0.236339658 0.527562678
    0.180778325 0.984351099 0.561571419 0.518973589 0.404550433
    0.827803552 0.838965297 0.0412665606 0.0655836761 0.739069283
    0.865780234 0.633485913 0.804097235 0.521871805 0.428540289
    0.589927673 0.137963086 0.563992739 0.759745061 0.115534395
    0.906852603 0.23429051 0.863230467 0.674123764 0.935927808
    0.968326092 0.0393871367 0.289278448 0.440712303 0.362579942
    0.0574484169 0.826906443 0.649282575 0.633948207 0.44089672
    0.909044266 0.223328978 0.959600508 0.390127242 0.981061101
    0.107607454 0.336975098 0.060664773 0.332470596 0.765035808
    0.751146257 0.734798849 0.413196743 0.678725123 0.744974554
    0.796570718 0.895601153 0.182814956 0.45116961 0.796485901
    0.569651067 0.211331427 0.279834956 0.949238539 0.676703572
    0.857476771 0.425683707 0.686957181 0.789802134 0.918913305
    0.151624352 0.477668971 0.403821945 0.377488732 0.289762497
    0.812103391 0.376498699 0.633413553 0.254682332 0.47295922
    0.381684333 0.244098544 0.0619898438 0.505479217 0.0143616199
    0.971790791 0.800727904 0.0863262415 0.92559731 0.247740358
    0.13106522 0.19800669 0.693094015 0.728063226 0.664181471
    0.279802024 0.250849158 0.896276534 0.414901435 0.366960019
    0.741606593 0.99625361 0.896217108 0.276249558 0.976276755
    0.0587218702 0.804280996 0.02712816 0.603808224 0.583522856
    0.704972565 0.077621609 0.666720033 0.297316134 0.912513554
    0.7817415 0.825130343 0.33932364 0.824766755 0.0993898809
    0.687434554 0.47966215 0.771573544 0.357084811 0.965263247
    0.19602102 0.335277677 0.698089242 0.159114689 0.55095464
    0.443953574 0.0695604086 0.68628037 0.342310846 0.453301072
    0.273123384 0.0363699496 0.335598052 0.479863763 0.651361763
    0.409265578 0.816278338 0.975559473 0.666646719 0.551384509
    0.0574762523 0.246500701 0.419450253 0.900232553 0.0331596732
    0.36820507 0.165600628 0.795422912 0.356352866 0.518533528
    0.381679296 0.970661163 0.184877753 0.061920315 0.888736069
    0.557080805 0.356634945 0.534156859 0.241202444 0.578413486
    0.163777173 0.234518796 0.349214494 0.613488853 0.896693826
    0.189697593 0.860595763 0.839410305 0.358632416 0.969521761
    0.129695863 0.14822489 0.783099532 0.550493121 0.725329578
    0.924835086 0.157967895 0.427993655 0.269534498 0.438260615
    0.761778116 0.0365932286 0.0341624618 0.296567678 0.941186845
    0.525840402 0.714463234 0.0871938765 0.283996046 0.625422359
    0.309586346 0.499025792 0.700712323 0.61375922 0.131411523
    0.0153280795 0.187127352 0.181584775 0.869880676 0.886152267
    0.548834324 0.853915095 0.636650801 0.940723658 0.502114117
    0.257537127 0.598137677 0.175033063 0.686652482 0.151544899
    0.375382841 0.975966811 0.733499408 0.622285426 0.30545786
    0.987256408 0.211491108 0.443125367 0.058060199 0.777963042
    0.30572623 0.100043148 0.116905719 0.0956137776 0.48559162
    0.243204504 8.10027122e-05 0.140474141 0.64178437 0.935123622
    0.372561604 0.973755717 0.844809115 0.938138843 0.128907412
    0.798632085 0.438725054 0.00909712911 0.207771301 0.145555884
    0.448882699 0.590444326 0.396200508 0.955028951 0.510474384
    0.0222057104 0.46642065 0.383998215 0.597658694 0.847652256
    0.39021486 0.246147335 0.481624335 0.71178323 0.13296932 0.906119943
    0.902265072 0.502662778 0.211309344 0.870911598 0.85720408
    0.946428537 0.698496461 0.536294043 0.302701861 0.691201746
    0.931694746 0.83926332 0.0786653757 0.578559458 0.0905676782
    0.337443233 0.156168729 0.14474842 0.547272444 0.864146829
    0.29498744 0.729702234 0.165091753 0.915078521 0.872319937
    0.854946375 0.560562134 0.763168156 0.57888633 0.136119395
    0.666087329 0.329486698 0.510713875 0.200844437 0.743660986
    0.521397591 0.940298736 0.186935842 0.494173497 0.433555901
    0.298973799 0.192853391 0.972847044 0.08892259 0.0629834235
    0.291178405 0.482221156 0.114825219 0.571944237 0.930057347
    0.832164347 0.562527239 0.663140595 0.434681505 0.266623616
    0.556693196 0.302382529 0.441257715 0.0838622451 0.0472961962
    0.931261063 0.221838892 0.435702682 0.295497715 0.727237165
    0.0867964625 0.300090671 0.660815358 0.924090683 0.0322013795
    0.461931646 0.368124902 0.611938596 0.715872109 0.62490195
    0.830862284 0.400699496 0.474249393 0.965726376 0.963304877
    0.510417044 0.0778515339 0.583262622 0.301739365 0.654016674
    0.846294224 0.257582963 0.159085095 0.0365084112 0.533816397
    0.277424961 0.941209197 0.752815962 0.492856115 0.447620273
    0.443400055 0.282341242 0.532469213 0.908776999 0.39124915
    0.415686727 0.619081438 0.90280062 0.590876222 0.376301467
    0.642482102 0.0192162097 0.390644133 0.300756484 0.43105644
    0.648415327 0.502304733 0.331573427 0.000420808792 0.153854191
    0.18728289 0.288993359 0.379088908 0.112126857 0.178462565
    0.177772909 0.511871159 0.0692268014 0.301489741 0.580293179
    0.874816298 0.847965956 0.588597655 0.819247425 0.577493787
    0.847914338 0.757921755 0.579570115 0.257520437 0.224062026
    0.920106471 0.128946304 0.951713443 0.858337879 0.0855775177
    0.114303678 0.766324997 0.137477487 0.255126536 0.539929092
    0.128195971 0.697445035 0.479768366 0.861916661 0.687360525
    0.451467156 0.662186384 0.329568595 0.807002902 0.423500359
    0.683733225 0.898969829 0.688718498 0.188153327 0.798300028
    0.150811613 0.141856432 0.481248915 0.889074445 0.767850041
    0.0508881807 0.682172298 0.169942588 0.584821582 0.40808326
    0.564475775 0.100194871 0.555412591 0.805876732 0.513402164
    0.204561055 0.908331513 0.713344872 0.642114997 0.651897788
    0.0351339281 0.513062894 0.604498565 0.299984932 0.909626484
    0.122631252 0.108544379 0.243610531 0.715161085 0.590089977
    0.827259541 0.428516597 0.674405038 0.87203306 0.780399144
    0.899059653 0.924476743 0.126402795 0.301570922 0.903984427
    0.813799858 0.874029815 0.105898261 0.340473592 0.138308823
    0.0392237008 0.279034019 0.712408841 0.585591495 0.00587555766
    0.700120151 0.0281223357 0.641146541 0.41473949 0.46904704
    0.589260578 0.497937173 0.168389291 0.45668602 0.49898085
    0.542889237 0.470256925 0.934246957 0.0676569641 0.0821677446
    0.128414065 0.938624859 0.561189651 0.900605857 0.347140312
    0.975986481 0.289945006 0.253384113 0.453139246 0.364701211
    0.660016418 0.906077921 0.214576244 0.124240816 0.213958174
    0.0982606113 0.274929762 0.608185649 0.515254557 0.43938157
    0.857401848 0.380732983 0.563083649 0.584784865 0.963835299
    0.576937556 0.0370871723 0.00153982639 0.949678659 0.422417313
    0.109726936 0.563272834 0.831146717 0.850601792 0.0186112821
    0.921537161 0.613675654 0.897887349 0.198767066 0.193813533
    0.420272291 0.602183342 0.855700612 0.364038467 0.294829607
    0.191776186 0.762680352 0.702429652 0.589166105 0.905651748
    0.742084086 0.114970326 0.134371072 0.0131106079 0.360744357
    0.672134995 0.0483967364 0.128400594 0.885252953 0.482221991
    0.0665307045 0.781930864 0.525948167 0.262762904 0.838896751
    0.420525581 0.971461296 0.89325583 0.349270582 0.368346214
    0.950109124 0.0450861454 0.677992582 0.748272002 0.55286485
    0.65223366 0.565296531 0.49193877 0.47260052 0.951032162 0.920750737
    0.646216035 0.244140178 0.574075401 0.564029932 0.511127591
    0.479649961 0.663897812 0.141787171 0.684450209 0.0982119441
    0.470870733 0.219181806 0.432762384 0.425132751 0.751247048
    0.82997036 0.784460425 0.918518066 0.39837712 0.825461745 0.1686593
    0.00149768591 0.718395233 0.761495233 0.688547015 0.0856913626
    0.330049634 0.361480623 0.278894097 0.589884281 0.494170874
    0.325363219 0.423449308 0.0528448224 0.536990821 0.968680739
    0.235858321 0.741183877 0.521591306 0.895631194 0.524697542
    0.518628538 0.194288015 0.121555656 0.138320237 0.182720661
    0.00776827335 0.608802319 0.307602823 0.287829638 0.499336004
    0.15662843 0.924089551 0.292362332 0.103688449 0.0679016113
    0.0861519575 0.1271936 0.102328986 0.412535191 0.381745607
    0.601610541 0.787521958 0.621329188 0.574459136 0.79992491
    0.844455957 0.590352118 0.734912038 0.521671712 0.179190338
    0.40826118 0.54316169 0.276100993 0.116476774 0.256069928
    0.639248133 0.507792413 0.635679722 0.137109965 0.244802207
    0.442728698 0.339878321 0.303702593 0.423386753 0.564104497
    0.296504706 0.345626503 0.509272456 0.537680566 0.964493155
    0.467066765 0.363863051 0.701741815 0.35659188 0.719283462
    0.0368409455 0.191943645 0.583283663 0.365358919 0.981883168
    0.991384745 0.600390851 0.486195147 0.79755044 0.285892636
    0.342546046 0.962820768 0.279860973 0.0280799866 0.613113403
    0.284327984 0.501714051 0.846564412 0.591381133 0.239014179
    0.312782049 0.130133659 0.0184356272 0.258506358 0.130633146
    0.351665378 0.173693538 0.683453918 0.291011512 0.487168878
    0.919360995 0.164146841 0.695666313 0.608361483 0.687671781
    0.321858287 0.877294064 0.475902826 0.414276689 0.962412179
    0.808735967 0.787509561 0.527654052 0.932948112 0.112595528
    0.148205817 0.320280552 0.765517831 0.511691689 0.127563655
    0.346455485 0.641640484 0.447429597 0.741654456 0.0834388137
    0.169216186 0.595246375 0.602134466 0.838557541 0.627754092
    0.0667890906 0.927190661 0.114569783 0.376881033 0.250677079
    0.216111839 0.5347628 0.621082127 0.552527547 0.942054749
    0.907699108 0.366090029 0.116161376 0.475433916 0.103038609
    0.0351136029 0.12223652 0.0713309646 0.965018153 0.378966033
    0.662484944 0.601383388 0.863864124 0.408008039 0.600531042
    0.923303843 0.702642143 0.00372353196 0.0672734678 0.757695794
    0.667617798 0.925215125 0.348079026 0.286196709 0.15560478
    0.0455522239 0.176379919 0.427628279 0.164782763 0.00839266181
    0.709673524 0.120917976 0.15251109 0.71592927 0.966328263
    0.237397909 0.252711773 0.962587595 0.744484067 0.984144568
    0.761986852 0.464554727 0.736394763 0.968896985 0.401587605
    0.681173086 0.416771114 0.606990039 0.822317481 0.163346857
    0.947549045 0.0831850767 0.648981154 0.651968062 0.664551497
    0.275739908 0.66793251 0.689608693 0.185876608 0.185020357
    0.816913962 0.278029829 0.425070107 0.154397696 0.475804955
    0.0254538357 0.997207284 0.149748266 0.0930944681 0.482859462
    0.765916944 0.0332230926 0.295296848 0.90620631 0.173719227
    0.514315307 0.778497458 0.202257365 0.44743979 0.109600306
    0.520504177 0.0634462833 0.302354991 0.871613383 0.279318392
    0.74936533 0.897316515 0.262520432 0.848497033 0.883214951
    0.43490231 0.551601708 0.74385637 0.662693858 0.266875625
    0.228306353 0.901087761 0.423960924 0.503067076 0.710223913
    0.226464391 0.50188899 0.0904087722 0.420132101 0.012562722
    0.501588762 0.120729178 0.691612363 0.262914419 0.681241989
    0.664384305 0.136926442 0.0786435306 0.787545562 0.372402608
    0.0126243234 0.569020271 0.502760231 0.358214438 0.254011244
    0.633759379 0.37785998 0.600473046 0.401734889 0.0622577965
    0.886930585 0.417947114 0.082114011 0.859210968 0.0683401823
    0.120095283 0.690508485 0.25426501 0.891871691 0.379595906
    0.642893851 0.416951537 0.253134966 0.163582027 0.139968097
    0.54265523 0.29756403 0.580592155 0.586978078 0.430525124
    0.868820667 0.386389405 0.794910431 0.629334509 0.116056234
    0.894980729 0.443742245 0.942384362 0.327544779 0.323653698
    0.672883987 0.0167473257 0.738883257 0.404045612 0.374084055
    0.576165497 0.752876043 0.690383077 0.546312392 0.887625337
    0.69360882 0.718628645 0.0260833204 0.734483361 0.408882141
    0.0568067729 0.0416200757 0.607899666 0.490358531 0.162464559
    0.755959034 0.0181428194 0.567884982 0.467837274 0.830564141
    0.212207288 0.722427666 0.791591346 0.80278194 0.990384102
    0.300762773 0.106011361 0.85858798 0.668829918 0.956921697
    0.860885561 0.133914739 0.28546384 0.0352041721 0.445370764
    0.384177119 0.643088818 0.398471773 0.116449565 0.0402399898
    0.832329273 0.733752489 0.998052061 0.445278853 0.81517303
    0.119826108 0.804067552 0.959424138 0.741087317 0.799704552
    0.248420388 0.720728636 0.935324371 0.624235749 0.591909289
    0.717912674 0.606429398 0.992617369 0.98289144 0.991736054
    0.316814184 0.536648452 0.463584125 0.185500503 0.304623157
    0.952338457 0.203726053 0.847984135 0.249371946 0.171168119
    0.292635858 0.329929411 0.961244762 0.0458950996 0.153108954
    0.729316056 0.734368384 0.7926144 0.432787299 0.84413743 0.151853144
    0.0178490579 0.356165916 0.395796239 0.52819109 0.989985287
    0.431457728 0.924866378 0.626011491 0.474521399 0.76742053
    0.168579578 0.106682628 0.619594455 0.10315913 0.346957564
    0.713419437 0.825277865 0.855103016 0.33725214 0.986517549
    0.956770062 0.382382095 0.785319328 0.348243952 0.214248806
    0.183053434 0.337456763 0.211254388 0.964020014 0.936185062
    0.427952766 0.289645135 0.0213616788 0.952642679 0.610602319
    0.919449866 0.129068345 0.708929718 0.584206939 0.265611589
    0.556404471 0.754202425 0.0478238165 0.956502855 0.61313659
    0.199471712 0.951514065 0.628885806 0.754645467 0.867316008
    0.646121144 0.367943168 0.114885807 0.21147275 0.244662404
    0.727108657 0.111012995 0.245388508 0.314778924 0.822518289
    0.427848399 0.0753631294 0.246133268 0.833719254 0.0772147477
    0.911278367 0.966066837 0.465071619 0.466053516 0.750561595
    0.0511510074 0.572357535 0.338523328 0.411727101 0.0711877346
    0.826381564 0.314507186 0.585827112 0.678339005 0.232237846
    0.895692945 0.128248453 0.483902842 0.21645534 0.162587732
    0.863185048 0.990841508 0.299485981 0.976106644 0.24032706
    0.646156967 0.725946784 0.119108319 0.118438542 0.888808489
    0.509815693 0.15936631 0.664365649 0.4293212 0.26899299 0.584369004
    0.925486445 0.667317271 0.969852209 0.575592279 0.382849067
    0.306407034 0.58760494 0.918569505 0.0715976954 0.891926408
    0.499812245 0.863180935 0.504988551 0.449982494 0.592410564
    0.725672841 0.497856289 0.392247736 0.0550308824 0.455161422
    0.632419765 0.588735163 0.535396755 0.387710333 0.225286543
    0.480720878 0.922775328 0.590704024 0.702866197 0.639575362
    0.535252869 0.0820161104 0.797282815 0.447144002 0.188556641
    0.590036154 0.546285212 0.430882007 0.392374277 0.775891244
    0.345551789 0.296485364 0.421151489 0.878336012 0.103345335
    0.266524196 0.956426442 0.699143231 0.70516026 0.900450468
    0.888420284 0.225996494 0.551077783 0.24236685 0.0154170096
    0.752282798 0.52240783 0.119370639 0.68974936 0.815943122
    0.203747898 0.736820161 0.0866146386 0.413057685 0.386447966
    0.112024456 0.255176634 0.445524186 0.508044183 0.51022476
    0.590211391 0.729303598 0.137586743 0.836866975 0.565591455
    0.186418265 0.415815413 0.786927938 0.232691109 0.45938465
    0.060546577 0.783636093 0.278233767 0.239413083 0.166587114
    0.687474251 0.235081077 0.63850081 0.566806316 0.374316007
    0.378235936 0.812379003 0.0189202726 0.802394986 0.0279267132
    0.00930899382 0.253040373 0.0291787982 0.214939058 0.686920226
    0.553549409 0.731455982 0.541990042 0.603056729 0.0700716376
    0.0961218178 0.022236079 0.493226886 0.99747479 0.858450949
    0.593643785 0.00662043691 0.753309965 0.822034597 0.480236948
    0.740486503 0.481644392 0.872949243 0.684163809 0.368865788
    0.253006816 0.250799865 0.768542886 0.530167758 0.190412313
    0.961613178 0.386513799 0.697022915 0.492717683 0.391548425
    0.236761898 0.113074601 0.354419589 0.851004481 0.466320515
    0.240970492 0.988188386 0.392036974 0.849275708 0.901116312
    0.750035524 0.0503740907 0.922653615 0.0788559318 0.888439953
    0.229101509 0.3131513 0.669225216 0.873909533 0.995384276
    0.430865616 0.646327078 0.606239378 0.0720393062 0.882269263
    0.816835642 0.83882606 0.934936047 0.650964439 0.346803129
    0.730451167 0.461918712 0.345902681 0.312017173 0.175499886
    0.892886043 0.433531702 0.186943084 0.541665912 0.352957964
    0.648382723 0.32444033 0.175841749 0.315761566 0.91929245
    0.431912363 0.343398184 0.68598938 0.592438638 0.608090341
    0.900804043 0.675794065 0.699182153 0.484466136 0.974147558
    0.496392876 0.950876117 0.135976762 0.175685316 0.899427354
    0.599128604 0.748194158 0.500650883 0.497395933 0.554821551
    0.636709213 0.364787757 0.995041251 0.603848517 0.451511323
    0.0268683434 0.436198592 0.543811262 0.400621384 0.256008804
    0.814198494 0.410054982 0.438723862 0.587336063 0.344475031
    0.405810654 0.285196394 0.901039004 0.5459252 0.801455736
    0.845156014 0.86224246 0.604513526 0.942189991 0.772443354
    0.222669274 0.971977234 0.789617181 0.999559045 0.419927061
    0.527441859 0.73942405 0.359235108 0.744161785 0.082868129
    0.447616279 0.54647547 0.373278379 0.866901696 0.995825529
    0.22698018 0.095305711 0.0297653377 0.829962313 0.0814480782
    0.37545377 0.46838975 0.965601206 0.25506407 0.096568346 0.378496259
    0.292846262 0.148543566 0.971904755 0.0251092911 0.138546973
    0.737559557 0.533378482 0.317699611 0.0506283641 0.0277902186
    0.657943964 0.26585108 0.234120965 0.202526987 0.477423936
    0.335851997 0.405228466 0.340417743 0.757167578 0.804687381
    0.479402483 0.073777169 0.933005929 0.422650069 0.688791871
    0.952598155 0.269967496 0.671919644 0.482753783 0.324944377
    0.7049281 0.448015243 0.402690381 0.147162586 0.197162509 0.21267885
    0.913097978 0.436745524 0.758147955 0.932547569 0.21541813
    0.325122297 0.517565012 0.409304321 0.902974248 0.877372503
    0.127815366 0.39673236 0.127785146 0.213232726 0.0177975595
    0.727926135 0.976161599 0.154208601 0.847514033 0.189571917
    0.496239603 0.716151536 0.526382506 0.645774484 0.75754267
    0.916791201 0.794148922 0.14030987 0.194215715 0.592902005
    0.708052278 0.589049101 0.956075251 0.941743851 0.364892304
    0.92239207 0.986109972 0.976136923 0.834884465 0.0658526719
    0.434391201 0.39499265 0.667106628 0.934948146 0.508662283
    0.313880384 0.583032787 0.402477562 0.324355245 0.146179855
    0.977250099 0.0208640397 0.00150117278 0.787420988 0.806556225
    0.0985490978 0.228003532 0.991471887 0.840857625 0.864959061
    0.478572994 0.00326573849 0.420871586 0.809456348 0.272234738
    0.901200533 0.361785412 0.930460691 0.349533349 0.669425428
    0.765685141 0.456115693 0.568577886 0.0600199103 0.838058591
    0.188237131 0.167884171 0.767513216 0.530885696 0.197554976
    0.789603174 0.668412864 0.0925784409 0.0739455521 0.526450098
    0.747817993 0.85579741 0.469656616 0.910225272 0.0900484025
    0.0999731719 0.399890065 0.0780735314 0.256152213 0.663593769
    0.709092736 0.485160321 0.622812331 0.679224849 0.175113648
    0.706891656 0.517183483 0.861459851 0.0199519992 0.0400286317
    0.036375314 0.0615661144 0.474686116 0.960249066 0.97091639
    0.0536287725 0.573068857 0.803014696 0.887851477 0.39140451
    0.779742658 0.859650135 0.039671272 0.000624060631 0.539508283
    0.607307017 0.493903935 0.868044317 0.0943436623 0.30459106
    0.924347639 0.384318829 0.243277699 0.598047793 0.806538463
    0.00683176517 0.297407001 0.624580383 0.386968791 0.585840285
    0.285603553 0.434190094 0.309396327 0.797538519 0.31890595
    0.129457206 0.561936736 0.718386889 0.583708763 0.943221331
    0.972820997 0.372938216 0.22907722 0.94518733 0.0813676119
    0.191537976 0.549529076 0.90243125 0.0246064067 0.117590487
    0.268053889 0.444861919 0.988076091 0.438447595 0.652252376
    0.0502217412 0.312931597 0.461131454 0.998592794 0.393936664
    0.520839632 0.586708724 0.0191095471 0.0361610651 0.965331912
    0.340387642 0.319031507 0.328580409 0.09839499 0.672042727
    0.679194212 0.831433773 0.514035583 0.0697384775 0.506362736
    0.0306980014 0.780029058 0.522938728 0.231267363 0.635951519
    0.0431277454 0.607667029 0.910612166 0.182113379 0.608180523
    0.314254224 0.628270149 0.989717245 0.0516445935 0.159762353
    0.459546208 0.639230251 0.544748187 0.18649596 0.0571605265
    0.512188673 0.424439371 0.560159981 0.388258696 0.365734696
    0.66819495 0.256092846 0.891840041 0.141386718 0.159544975
    0.228431165 0.491782576 0.963343978 0.300657928 0.814531922
    0.954551697 0.976440907 0.861486614 0.547079742 0.538852811
    0.951520801 0.27046141 0.329631507 0.653718948 0.840266466
    0.63529098 0.069793731 0.758070111 0.170332521 0.24918288
    0.203936875 0.0377392769 0.227520585 0.136556506 0.865839601
    0.996875882 0.375928283 0.508280873 0.865757346 0.569638252
    0.620813966 0.581989169 0.688259542 0.532508314 0.0334208906
    0.19961074 0.383514881 0.662339687 0.161541343 0.34611994
    0.449989349 0.700944483 0.472075641 0.502114236 0.543224692
    0.783401132 0.384022653 0.785801888 0.839845359 0.679221809
    0.0592132807 0.381893426 0.410152674 0.661685169 0.0871607363
    0.139828116 0.182268143 0.313458562 0.482320398 0.458597124
    0.700201929 0.364180207 0.977596581 0.621164441 0.804613829
    0.0519303083 0.845054746 0.573037148 0.721497416 0.707550406
    0.487594515 0.530247092 0.29781723 0.698619664 0.588997543
    0.311051518 0.29628703 0.968031406 0.836872458 0.0946540833
    0.0715686381 0.596852124 0.412530661 0.770770669 0.109650642
    0.11813435 0.895917296 0.123824149 0.811121404 0.163358897
    0.98384583 0.478921473 0.164946049 0.947310448 0.162983 0.0178150237
    0.287350953 0.099188149 0.359932601 0.441874981 0.155002356
    0.805204868 0.0903204083 0.398305833 0.886136889 0.270024419
    0.555406213 0.68814373 0.742724061 0.587981224 0.776656389
    0.769644201 0.795465231 0.195204318 0.458428115 0.0976401269
    0.6421386 0.621212423 0.283833444 0.433323622 0.570123136
    0.862219453 0.151294023 0.74039191 0.362324119 0.356996477
    0.736974835 0.101216823 0.214664191 0.715831399 0.607319593
    0.483572751 0.566515207 0.589649737 0.510777056 0.00724503398
    0.750020027 0.203963816 0.4408544 0.569420397 0.271856874
    0.674590468 0.383228511 0.868937075 0.735334158 0.540834606
    0.815499067 0.397670031 0.418131649 0.769353628 0.00819051266
    0.545029223 0.482216299 0.483344078 0.598928273 0.294498086
    0.878005385 0.603957117 0.0469697416 0.60803777 0.437847346
    0.987886906 0.0186753869 0.655966103 0.403375685 0.581926525
    0.244586468 0.30250293 0.997806191 0.321489125 0.00140795112
    0.371201158 0.518584788 0.394910961 0.40681231 0.184147388
    0.699673057 0.0386112332 0.284687996 0.477937162 0.6314013
    0.602399766 0.690776885 0.808925629 0.00942611694 0.706896544
    0.812202454 0.145701408 0.471686482 0.95718509 0.748548388
    0.877650142 0.687395275 0.82108736 0.0488943458 0.495086253
    0.574384928 0.257908106 0.854381204 0.563468814 0.374215931
    0.616646349 0.119785309 0.913973927 0.0557280779 0.227995932
    0.956355333 0.0900316536 0.264882863 0.615279913 0.367085874
    0.0572988391 0.891240239 0.274230242 0.0343660414 0.493647635
    0.762513041 0.270847499 0.0990319848 0.31542179 0.889510036
    0.922440588 0.0136648118 0.448108345 0.854043305 0.653400421
    0.122918218 0.379481912 0.624605894 0.532332122 0.749254823
    0.92630446 0.234985471 0.680782318 0.955720305 0.239629835
    0.327861845 0.443019509 0.0887049735 0.574419677 0.490741432
    0.683067679 0.269023716 0.772951484 0.859138131 0.283448368
    0.738947392 0.0869494379 0.819206953 0.782896817 0.425769776
    0.00479289889 0.290127397 0.410095721 0.592476606 0.669902921
    0.265834361 0.851754725 0.919554472 0.302642107 0.746025503
    0.172357142 0.698625684 0.0171894431 0.281497896 0.359483778
    0.517997801 0.91194737 0.752568722 0.364123166 0.554281771
    0.287747085 0.656924069 0.717741311 0.0138380527 0.731745303
    0.895799756 0.591938317 0.714949846 0.412530184 0.389644802
    0.366244256 0.987481594 0.415831804 0.746614754 0.376691967
    0.855641246 0.293909609 0.793655097 0.885548115 0.572622418
    0.440885305 0.584638536 0.580133617 0.461642295 0.173701078
    0.992333174 0.250658989 0.693766236 0.541810215 0.936001778
    0.0269340575 0.646894515 0.322301686 0.740144372 0.283290803
    0.92908287 0.671307683 0.0242908001 0.158948749 0.837212205
    0.503626704 0.0516778827 0.642654777 0.413693368 0.36274004
    0.7038427 0.202552706 0.197755337 0.34106487 0.0453572869
    0.473333538 0.594131112 0.840724945 0.365551293 0.257428944
    0.640741169 0.796858311 0.673521876 0.285407841 0.931601286
    0.144612402 0.660369754 0.675254524 0.237391412 0.527937174
    0.128734291 0.414592862 0.924500883 0.328291118 0.571432292
    0.608082831 0.321485817 0.487734616 0.910419881 0.0196468532
    0.869561553 0.537321985 0.117407173 0.528046846 0.273746163
    0.241627455 0.934333384 0.781635761 0.901246488 0.970501006
    0.346555442 0.0559731424 0.00707113743 0.529159427 0.745063305
    0.305713952 0.94038558 0.252359033 0.682158411 0.0340774357
    0.320422769 0.655613482 0.502947688 0.372451365 0.910774589
    0.160074681 0.0152271688 0.989431977 0.78252387 0.690628052
    0.0168224573 0.315056086 0.0218607783 0.177004904 0.969354928
    0.300944567 0.0351643264 0.209007919 0.685308576 0.285240471
    0.216047674 0.567959368 0.884061992 0.0277804434 0.375735402
    0.349144638 0.919466615 0.267487943 0.394330174 0.196365505
    0.299728513 0.197492927 0.262918174 0.834820688 0.95172596
    0.932887793 0.913309813 0.0310102403 0.373063385 0.0123352408
    0.684239447 0.197921842 0.248371929 0.805384874 0.0723306537
    0.488254249 0.347466946 0.0260418057 0.916366875 0.320473284
    0.839582562 0.448176146 0.457680792 0.627619684 0.739920437
    0.544159412 0.137449831 0.817205906 0.787708938 0.623733222
    0.225740701 0.849775672 0.138175935 0.0435887575 0.43755582
    0.46587494 0.71636802 0.79750663 0.155383736 0.722988129 0.483464181
    0.423972815 0.222735971 0.0357916057 0.775749803 0.160637587
    0.629653096 0.0746732652 0.54014945 0.922804654 0.985451579
    0.540407896 0.270389199 0.47302708 0.659230888 0.098487258
    0.0415697694 0.5505988 0.248783618 0.413445204 0.986003518
    0.534681439 0.989865065 0.564960659 0.0518896282 0.348388672
    0.870251894 0.797855616 0.121197164 0.988733649 0.215375066
    0.242088675 0.935806453 0.698876143 0.318057507 0.865620911
    0.498280138 0.306769937 0.94088459 0.327965736 0.820961237
    0.82947433 0.527133048 0.871280313 0.694367051 0.334139228
    0.533481777 0.452532709 0.158927202 0.743958294 0.111029685
    0.138212144 0.172525764 0.795647383 0.510927975 0.108489037
    0.266031206 0.992459953 0.360685289 0.943813205 0.138083309
    0.145349413 0.0720463991 0.899659514 0.312312037 0.978316307
    0.553583026 0.301838666 0.0139783621 0.736285806 0.30643478
    0.0699870288 0.0297371447 0.537515223 0.61368835 0.207458168
    0.877915263 0.0822820365 0.363547385 0.738827825 0.108338505
    0.765007854 0.374786079 0.518312693 0.235802054 0.745727241
    0.393782794 0.175595433 0.00273182988 0.844194591 0.157700717
    0.5500471 0.62268281 0.302878916 0.58902216 0.0999688506 0.630901217
    0.130367905 0.718601823 0.328873634 0.00178751349 0.126118749
    0.930549502 0.664069235 0.234001726 0.0423037708 0.540152371
    0.234702647 0.905951977 0.252794266 0.752414525 0.445432246
    0.635604918 0.304794192 0.921545625 0.660092354 0.591958523
    0.484361589 0.964736521 0.0553320646 0.945560336 0.878336251
    0.0874859393 0.374797821 0.429510355 0.732271433 0.817740083
    0.854466319 0.478266627 0.668293834 0.990441859 0.645985484
    0.427636951 0.0114191473 0.171965092 0.122337908 0.775765479
    0.483128995 0.341169775 0.563742697 0.224350095 0.256586105
    0.850779891 0.696761668 0.0241363645 0.123689234 0.0556541383
    0.12531817 0.186501354 0.393127829 0.370556235 0.810037017
    0.607009947 0.8734501 0.367026746 0.74342227 0.902858973
    0.0265329778 0.32885626 0.851668715 0.140943617 0.212624311
    0.0261567235 0.471478164 0.0359412134 0.749022484 0.949012518
    0.789691925 0.99139601 0.363440096 0.840623856 0.449425131
    0.594126046 0.468958288 0.230166346 0.0952124298 0.226251543
    0.284876317 0.634007275 0.283686072 0.0291369259 0.788028359
    0.318297446 0.960413218 0.0321788192 0.0512197018 0.301018536
    0.787325025 0.117225766 0.156485289 0.565495253 0.497213095
    0.240882516 0.370850801 0.478894562 0.293015122 0.469843984
    0.526996493 0.835603952 0.136081547 0.44361496 0.901639044
    0.156376183 0.661304593 0.946597219 0.139067352 0.315348744
    0.579295397 0.0706347823 0.837140918 0.711749315 0.103298157
    0.217167675 0.102824032 0.375839531 0.836377621 0.748545408
    0.559946001 0.287917346 0.550322831 0.925931573 0.269007385
    0.135085136 0.500260413 0.204110235 0.621954322 0.494587898
    0.269030273 0.0110937655 0.584913552 0.613339007 0.949198246
    0.624493659 0.388399243 0.522892773 0.853880763 0.174734563
    0.26209116 0.473539263 0.0487810373 0.0680137575 0.629773855
    0.991902351 0.671782255 0.0280846953 0.825168014 0.917138457
    0.224562556 0.0048173964 0.55916214 0.583007514 0.657161474
    0.639267564 0.133435577 0.573566258 0.77911818 0.574233651
    0.502271831 0.548074961 0.783078909 0.328149736 0.72030127
    0.294694722 0.813535571 0.378498793 0.541595578 0.640069187
    0.969043016 0.280135155 0.624617577 0.843432605 0.744263589
    0.67366451 0.32979852 0.712028086 0.691364646 0.611042321
    0.850005686 0.747496665 0.207379758 0.163542926 0.303347141
    0.2651636 0.77098459 0.227961361 0.342567265 0.418740898 0.095941484
    0.958976388 0.746410608 0.0710303783 0.7174173 0.525656402
    0.867726564 0.656531751 0.970900476 0.224623889 0.75094533
    0.503460586 0.710618138 0.641826272 0.434497774 0.640920877
    0.378410339 0.655225337 0.15697521 0.579050004 0.924426973
    0.487224966 0.741847634 0.366126388 0.691533804 0.945555329
    0.973006964 0.809176266 0.280963302 0.207799345 0.60516566
    0.138849139 0.139749855 0.763009429 0.826403975 0.178365558
    0.529943824 0.483373553 0.328128576 0.166515291 0.862425148
    0.945158005 0.964073181 0.635964155 0.273606479 0.961571693
    0.43495658 0.890210509 0.195413649 0.956580877 0.595941246
    0.886456788 0.508942246 0.17853862 0.145118415 0.243681639
    0.959651947 0.154850572 0.540329099 0.252974868 0.395977527
    0.853743792 0.838796139 0.000801593065 0.379194707 0.300526679
    0.202965766 0.860482335 0.660693884 0.603657424 0.484125048
    0.294539511 0.0338269472 0.535417914 0.326745808 0.303254396
    0.512822568 0.551558793 0.967132628 0.446457803 0.893941879
    0.983302236 0.273019075 0.850625396 0.801496983 0.607068181
    0.864065528 0.555893838 0.191633284 0.0491538942 0.807973862
    0.843780994 0.230988801 0.73431778 0.881449878 0.875850916
    0.641042829 0.0427653193 0.961094677 0.8734954 0.193658859
    0.810890257 0.897888839 0.189128637 0.166185498 0.97228694
    0.982077479 0.563482523 0.751351058 0.797208905 0.70800066
    0.997207046 0.789587379 0.129357606 0.453498602 0.204182059
    0.546248674 0.726438999 0.620233595 0.926285028 0.0824818611
    0.0828101337 0.251070976 0.198750138 0.248109877 0.846225262
    0.805642247 0.533771038 0.113366812 0.951075852 0.880464196
    0.688988805 0.421455383 0.52012372 0.359603852 0.610835195
    0.432809174 0.931226194 0.321477532 0.927756608 0.613629401
    0.0982467532 0.093675375 0.138011515 0.808897138 0.722546458
    0.633594036 0.0978294909 0.421359092 0.486801624 0.00447100401
    0.795965612 0.702549517 0.647882164 0.398070633 0.043839097
    0.751569271 0.529481351 0.270637691 0.513552368 0.948866248
    0.150745094 0.961388588 0.587186158 0.277571797 0.57211715
    0.479395062 0.476341277 0.473127335 0.512863815 0.78637898
    0.154936105 0.56363076 0.0719124377 0.508949041 0.554393649
    0.698851883 0.0511747301 0.73454392 0.363920689 0.0606749356
    0.269747674 0.339734524 0.786975622 0.481142491 0.475888252
    0.854768753 0.554930925 0.00259068608 0.579319298 0.390717894
    0.708617747 0.0875231326 0.988262892 0.145791769 0.889744997
    0.790448189 0.243573934 0.801875472 0.400115579 0.996068895
    0.688847899 0.949149847 0.67476964 0.674985886 0.506416678
    0.48412466 0.0463887751 0.660266399 0.628673851 0.137032717
    0.311021745 0.271512389 0.119905412 0.353887916 0.980403662
    0.714472294 0.649139047 0.834579349 0.620325446 0.227677703
    0.934617162 0.612013221 0.687914789 0.233469963 0.452065736
    0.400569469 0.259518057 0.559202313 0.747360766 0.690223455
    0.575328052 0.574396431 0.424970746 0.0786550343 0.580744743
    0.816113412 0.563326836 0.0891713798 0.261845291 0.141880751
    0.731541872 0.642723143 0.225275874 0.801066399 0.873078644
    0.450774699 0.0782708526 0.667957842 0.580819666 0.0240284204
    0.932443142 0.0913018882 0.465268314 0.440954238 0.682929158
    0.270659685 0.970691562 0.143105507 0.206434846 0.446671993
    0.893775463 0.607875347 0.993057609 0.639820576 0.97762692
    0.404577941 0.510641038 0.214532703 0.016765058 0.288664639
    0.310288578 0.96497792 0.172503769 0.108677059 0.490910262
    0.844372988 0.806279123 0.646615922 0.317524433 0.147281021
    0.501323164 0.437778294 0.669989347 0.319375813 0.0883662105
    0.0705639124 0.231986701 0.689019501 0.278222501 0.412224412
    0.239194542 0.391678333 0.0402840674 0.567157149 0.0779180527
    0.509849131 0.857462347 0.494226456 0.26382184 0.725678265
    0.771167815 0.540986836 0.112199962 0.175030559 0.48291105
    0.359449625 0.925846577 0.903709412 0.698647261 0.970390558
    0.307138562 0.31927079 0.852900863 0.378578782 0.471956998
    0.937481403 0.655622363 0.0247427821 0.156155914 0.393134475
    0.0998295844 0.304950535 0.20426771 0.330998778 0.0970206559
    0.0370201766 0.622518301 0.686222911 0.0399292409 0.376561701
    0.302915573 0.839388013 0.0675116479 0.814466417 0.669170022
    0.258205861 0.492843002 0.132837892 0.937506795 0.44443047
    0.287475139 0.276032507 0.216341764 0.483527809 0.371433794
    0.115742475 0.160164058 0.135576963 0.235214144 0.549628496
    0.765500307 0.483992368 0.585654557 0.0559296012 0.636714876
    0.888000131 0.690350294 0.888289452 0.495736092 0.0226355493
    0.784132719 0.558593988 0.745562017 0.740845442 0.755475342
    0.503631532 0.940241456 0.76709342 0.517204881 0.478246301
    0.181165099 0.52402246 0.115501821 0.603748798 0.174469531
    0.103281796 0.0307551026 0.958105564 0.753354847 0.799572825
    0.418738246 0.0644412637 0.626788437 0.592841983 0.695137024
    0.413773954 0.900998592 0.793106318 0.837898374 0.762269378
    0.850481391 0.032050401 0.722647548 0.695160449 0.360536516
    0.208894253 0.940623939 0.149702072 0.751367331 0.690622389
    0.405575573 0.157055438 0.129387915 0.260718614 0.767440915
    0.940970719 0.742887855 0.344450802 0.540503979 0.456230104
    0.0519075394 0.982021689 0.211547494 0.822425425 0.409127474
    0.28279078 0.0267377198 0.00836190581 0.448920637 0.423362911
    0.177078098 0.933072209 0.916771531 0.588502645 0.540103257
    0.102598131 0.99496448 0.346225262 0.109927863 0.196011871
    0.55971539 0.0383758247 0.416187167 0.289321184 0.79310441
    0.561644256 0.996967554 0.230493486 0.678605139 0.624867558
    0.106351703 0.449473143 0.720898449 0.498275191 0.856812358
    0.14220655 0.657339036 0.00737059116 0.108611375 0.108047187
    0.53102988 0.845579863 0.224064916 0.924493432 0.431835324
    0.0148592889 0.491357207 0.965661049 0.0544188023 0.750824571
    0.421542346 0.259691685 0.459130198 0.697067618 0.509789824
    0.211384326 0.274689734 0.584405601 0.02302894 0.51713562
    0.707300603 0.0299144387 0.414906502 0.845801115 0.00911292434
    0.609508753 0.986870408 0.680123806 0.0220352411 0.936974764
    0.726523578 0.98918438 0.402436376 0.0471349061 0.91832149
    0.780041337 0.303464144 0.0622874796 0.310220659 0.691113353
    0.833005071 0.736297786 0.929154992 0.437388986 0.49097082
    0.307820618 0.833267927 0.0602506697 0.214170486 0.128232419
    0.154713809 0.149582654 0.24581781 0.212809741 0.186645895
    0.103045285 0.879835606 0.891200542 0.675747871 0.946099043
    0.942643285 0.657598972 0.832423329 0.0214342773 0.213914573
    0.635275722 0.560062885 0.00396162271 0.075894177 0.294152468
    0.450381458 0.854267001 0.886759996 0.68796587 0.305679798
    0.249633938 0.751988351 0.822593689 0.679759383 0.557070911
    0.775010228 0.136773795 0.220347136 0.974246383 0.529047191
    0.140638381 0.673814237 0.51681608 0.743786633 0.600043952
    0.278711647 0.386278689 0.478811502 0.633848965 0.744781137
    0.63766408 0.663073957 0.230948895 0.757275462 0.227583617
    0.587709963 0.182649076 0.341194332 0.708231628 0.447536975
    0.137785017 0.433532447 0.913832068 0.18462494 0.124126762
    0.999134779 0.267885268 0.491482764 0.913352728 0.149757326
    0.404136091 0.273460865 0.41387257 0.761500001 0.986992598
    0.899546266 0.0556146204 0.260009974 0.920458913 0.466621459
    0.677775383 0.52048403 0.0430645347 0.244408131 0.582506955
    0.35710609 0.722653031 0.431978524 0.446464449 0.770300031
    0.966902614 0.0285437107 0.495240122 0.112267733 0.808261871
    0.574442387 0.949291468 0.691531539 0.587264419 0.936839223
    0.980684102 0.385606349 0.0240939856 0.865006208 0.416933298
    0.488086283 0.446982563 0.402086586 0.84728837 0.144948572
    0.251648068 0.509723663 0.058404237 0.109257579 0.80837059
    0.962054968 0.0836894512 0.442029595 0.0848941505 0.192210436
    0.123025447 0.129994154 0.374899834 0.729819894 0.438078642
    0.270830929 0.858725548 0.69593215 0.753472924 0.656432629
    0.543950796 0.287694693 0.969186544 0.896641433 0.92014128
    0.776134729 0.654062748 0.64105767 0.0883215964 0.807924867
    0.320197582 0.406702876 0.449080884 0.464641899 0.889006019
    0.654662251 0.979563832 0.501105726 0.679112792 0.0409418046
    0.713114858 0.808903158 0.382523119 0.71821034 0.0630484223
    0.610461593 0.19092828 0.310733914 0.819087505 0.988595128
    0.54903841 0.904073834 0.24657166 0.497979552 0.307168007
    0.781003594 0.251360893 0.77278167 0.960551858 0.159121126
    0.788399994 0.235033572 0.636806786 0.717791975 0.428936273
    0.985769868 0.39181006 0.00217682123 0.691530943 0.404760867
    0.407398582 0.0607731342 0.999496222 0.0416836739 0.930523753
    0.519986868 0.745930195 0.0361488461 0.0302519798 0.496760547
    0.901605666 0.791393638 0.703147411 0.703978479 0.699231386
    0.0907255709 0.661508501 0.603741884 0.890249312 0.549920678
    0.64543581 0.553168237 0.408215314 0.404743612 0.451692671
    0.0501034558 0.138730735 0.551866591 0.874356747 0.41937843
    0.841595292 0.216345161 0.38837707 0.836359978 0.166805327
    0.352445185 0.626546085 0.717991233 0.586347282 0.491513699
    0.1827223 0.55374676 0.912491202 0.121317923 0.110952735
    0.0581125021 0.5777933 0.630282938 0.555476844 0.597452343
    0.687085271 0.605199516 0.456556946 0.886758685 0.400080621
    0.738273382 0.132346243 0.501777887 0.673459888 0.342691422
    0.306393802 0.945090055 0.216452003 0.624803066 0.299385548
    0.103956997 0.17369464 0.357717276 0.69283855 0.798798501
    0.963530123 0.745551229 0.891725421 0.378153324 0.286386281
    0.266400635 0.517722309 0.571890533 0.16744566 0.329451323
    0.348173648 0.146755159 0.00394400954 0.416986644 0.956716299
    0.00522619486 0.284104347 0.564623713 0.899557769 0.281712949
    0.302639961 0.578450024 0.67342335 0.997255325 0.346362531
    0.0126078427 0.86701256 0.525092661 0.469853103 0.213650316
    0.675555587 0.849224687 0.227533758 0.888431191 0.219612777
    0.933406234 0.0866814554 0.0793449283 0.520442009 0.325882018
    0.936328888 0.249639958 0.523055196 0.685786486 0.431486487
    0.00909516215 0.756575108 0.442116261 0.119085073 0.184414536
    0.0340355635 0.531201899 0.515159249 0.447727382 0.348582923
    0.805010915 0.422736287 0.2097812 0.514918447 0.507813275
    0.931919575 0.782113791 0.844151855 0.655936539 0.424077511
    0.0362311304 0.538137376 0.606482863 0.585494459 0.317079902
    0.0551608503 0.437648207 0.0528146029 0.13817656 0.659302354
    0.10503763 0.721212029 0.572402596 0.116414011 0.149147868
    0.538776875 0.328224242 0.99094069 0.0363156497 0.948746204
    0.468471825 0.0193291903 0.678247929 0.462970078 0.829561234
    0.824630022 0.903435707 0.327281803 0.0351384282 0.407927454
    0.611028075 0.249490023 0.660140932 0.83182168 0.156284034
    0.827942312 0.720418215 0.486108303 0.787442505 0.783679843
    0.728501558 0.18537122 0.840125084 0.439522982 0.494085461
    0.390585929 0.397619337 0.205414951 0.683307886 0.901584744
    0.156468391 0.192662835 0.421273559 0.205071121 0.608310223
    0.787805438 0.233705908 0.42131266 0.613163531 0.112072915
    0.626450121 0.74871856 0.468441337 0.145803779 0.703360558
    0.87468791 0.624205887 0.181528747 0.242227107 0.267679125
    0.810732841 0.923152924 0.247924089 0.157687873 0.734094322
    0.811895669 0.961962104 0.708239853 0.340790451 0.325524151
    0.354548246 0.634806812 0.574185967 0.672701836 0.760612965
    0.472393483 0.852224469 0.0376835167 0.525893867 0.791232526
    0.546446621 0.712267876 0.835869789 0.878157318 0.548541903
    0.949459076 0.897290468 0.528400958 0.110346377 0.0810189843
    0.201096863 0.994575739 0.319221675 0.3113316 0.621932983
    0.472127527 0.359962612 0.323210686 0.260613561 0.369944572
    0.427597851 0.133850753 0.365529716 0.998860955 0.880293012
    0.305693477 0.77761972 0.494672805 0.0121248364 0.0897463858
    0.764784455 0.303728819 0.62819314 0.95276314 0.128843963
    0.874601364 0.455831498 0.0917137265 0.92111969 0.340921491
    0.223918408 0.00514310598 0.747289062 0.739078164 0.0855352581
    0.780513048 0.671527386 0.703539252 0.949113369 0.121154934
    0.404464424 0.815622926 0.998525262 0.565995634 0.834310055
    0.501076162 0.758480728 0.403071195 0.183707744 0.240683645
    0.69127512 0.432341248 0.792099237 0.0282826126 0.0252867341
    0.493562907 0.660782456 0.464045465 0.798596263 0.500223339
    0.352046967 0.579957128 0.688787937 0.730259657 0.481053293
    0.7609303 0.415592968 0.889967799 0.623714983 0.85994333 0.853190124
    0.348750085 0.0901796222 0.444518775 0.415031582 0.272166252
    0.659223914 0.176858217 0.625271499 0.245646268 0.0670007765
    0.803892434 0.507376969 0.955102086 0.243206024 0.528373301
    0.980373621 0.0604880452 0.898508906 0.717201471 0.873628736
    0.877072215 0.179678559 0.188672751 0.120054126 0.28954199
    0.334577143 0.567815304 0.598364413 0.823455334 0.301854849
    0.559656441 0.744226694 0.28642875 0.766045928 0.383335531
    0.379590154 0.377009451 0.337968498 0.846376896 0.256058991
    0.820685148 0.945725918 0.378263414 0.39191106 0.190994263
    0.741921663 0.6681391 0.248301834 0.956791282 0.665146947
    0.749932289 0.817667365 0.338623881 0.360521823 0.586268127
    0.387375653 0.789032161 0.977270484 0.294196784 0.903946459
    0.779457629 0.156305254 0.0752780437 0.799269199 0.244843513
    0.885053515 0.0167378783 0.878933847 0.946058929 0.894542515
    0.918132305 0.427740246 0.860591292 0.557098329 0.486592531
    0.233046979 0.370460033 0.294937134 0.967542768 0.150411934
    0.749946713 0.515473902 0.674948156 0.375738919 0.281243682
    0.58248198 0.313234627 0.769302845 0.527086794 0.789269269
    0.600781441 0.941066742 0.532773614 0.84946233 0.261796415
    0.266366959 0.264628291 0.0864393711 0.0854094625 0.152729928
    0.368785173 0.671588421 0.118967593 0.953590155 0.941965103
    0.86846447 0.289919078 0.504194856 0.206971139 0.289398849
    0.372912407 0.745741308 0.0214108229 0.970516324 0.975090384
    0.311201572 0.378915906 0.00533854961 0.671142161 0.922537446
    0.828204691 0.997237086 0.85313952 0.265269935 0.971489549
    0.38133651 0.466026276 0.451991439 0.835746884 0.667307079
    0.236213952 0.0248939097 0.945516348 0.726685464 0.372092068
    0.567004442 0.213444471 0.848378778 0.258936375 0.6159181
    0.559208393 0.350678056 0.834668159 0.268312752 0.156149656
    0.237798542 0.895261645 0.466109067 0.84470439 0.705431938
    0.983758092 0.104106188 0.0481503308 0.737716436 0.444818139
    0.670520186 0.651452065 0.867753923 0.218553573 0.759791255
    0.397852808 0.553223312 0.13948667 0.136316538 0.801078796
    0.232755423 0.122054517 0.0814279318 0.999840498 0.110873371
    0.0706011057 0.0917540491 0.84033525 0.19053629 0.796192825
    0.056607008 0.265662014 0.641049981 0.0109009743 0.280051768
    0.93274951 0.214801937 0.827440262 0.598217249 0.860355735
    0.641828418 0.917438745 0.0546319187 0.712123394 0.344203949
    0.0843187571 0.420182914 0.48557058 0.0322605669 0.391611606
    0.645856977 0.707138121 0.577276289 0.20039919 0.382142872
    0.866030514 0.131367266 0.384993196 0.0565914512 0.696928203
    0.0333265066 0.518849969 0.480065793 0.510056198 0.639063954
    0.835770786 0.686067462 0.492304295 0.449792653 0.898395419
    0.230902165 0.287804127 0.573835015 0.988599479 0.810334444
    0.0546070635 0.568971157 0.547930121 0.0149410665 0.862372279
    0.23580575 0.704756498 0.806367159 0.286331475 0.0687783659
    0.954939723 0.98457855 0.809446454 0.896139979 0.723220289
    0.0154721141 0.765972376 0.544437528 0.124091387 0.000827550888
    0.608944356 0.832706094 0.431183636 0.919318616 0.273369938
    0.284262061 0.957772851 0.833974004 0.219304293 0.431378633
    0.847995996 0.317556262 0.926340342 0.843598962 0.0706914663
    0.443964511 0.584442496 0.756143928 0.707255363 0.966789901
    0.38435933 0.259464085 0.306235582 0.597668231 0.601018608
    0.853629231 0.904631138 0.317265064 0.7641114 0.726504087
    0.127944887 0.205843598 0.768082678 0.245440125 0.863043904
    0.743960679 0.608509719 0.532061517 0.724223852 0.921012819
    0.541659892 0.000137776136 0.000408798456 0.334398776 0.147212058
    0.1282534 0.762206435 0.20829314 0.173480868 0.725842834 0.895579457
    0.771370292 0.609836936 0.220685005 0.40502584 0.980180502
    0.283504725 0.934533536 0.311339676 0.890883386 0.86337626
    0.591858208 0.144696087 0.361295938 0.199997336 0.515857577
    0.245361596 0.369966835 0.408737957 0.65339601 0.697434187
    0.896012902 0.66024667 0.769873798 0.153414577 0.724342406
    0.704995871 0.968488574 0.695737839 0.666386664 0.435146809
    0.0471936166 0.629621327 0.928648651 0.659213781 0.629767835
    0.0442936122 0.390747428 0.787874341 0.375203609 0.620266259
    0.422617942 0.713130832 0.328511596 0.225614518 0.716891527
    0.70423454 0.938969195 0.863901615 0.0858860314 0.784905076
    0.872433245 0.64040643 0.392178029 0.40794456 0.897413969
    0.313987881 0.940195441 0.795552313 0.506458342 0.254287928
    0.0386358202 0.0806872845 0.0282244384 0.00608208776 0.838294387
    0.567659199 0.121557474 0.0213855207 0.952762783 0.266094089
    0.0324025452 0.277306616 0.683237433 0.0296842158 0.409063041
    0.580542445 0.129321933 0.907797933 0.592195451 0.0478261411
    0.940520287 0.104979634 0.377109766 0.244406074 0.0605692565
    0.272714138 0.842763662 0.650941372 0.0675674379 0.692802668
    0.521814644 0.742315412 0.573160231 0.0176406205 0.951381385
    0.890230119 0.0660494864 0.715597749 0.431118011 0.950426579
    0.389086664 0.406464636 0.414874971 0.531416953 0.270127356
    0.401913464 0.447266817 0.330307215 0.676402271 0.28240943
    0.773563147 0.184618413 0.996492922 0.759909093 0.0333169103
    0.0809210241 0.976326466 0.101308554 0.421297789 0.526975393
    0.709739447 0.170725584 0.364372462 0.750579119 0.443577796
    0.448274374 0.187885761 0.734001219 0.751114726 0.0857383609
    0.232894301 0.379566163 0.963801503 0.317024887 0.338205457
    0.264218628 0.455347002 0.42089197 0.17100811 0.188724905
    0.491443038 0.836158872 0.245945424 0.636765718 0.554514289
    0.336639494 0.383223206 0.412194192 0.502469718 0.262408257
    0.0484340489 0.822638631 0.936588824 0.173217356 0.983843446
    0.312405407 0.297191828 0.855660915 0.254223883 0.779301465
    0.467468202 0.621362031 0.0894457996 0.198535353 0.330740452
    0.180846781 0.439670146 0.644339621 0.71704787 0.153478831
    0.165307134 0.591657519 0.631099164 0.998782635 0.515020907
    0.814342201 0.0627594888 0.983699083 0.049819082 0.847476125
    0.183619052 0.9635638 0.526992559 0.184424311 0.552948117
    0.130061924 0.350268185 0.763635516 0.661132276 0.4349612
    0.152983308 0.823556423 0.32479471 0.448750764 0.903310061
    0.0970222652 0.42941612 0.485316545 0.779131174 0.677850723
    0.91667062 0.929147959 0.575274706 0.621596515 0.603031754
    0.00443893671 0.697204113 0.148145139 0.735149443 0.574645758
    0.279907286 0.225086808 0.953433037 0.602445781 0.0901857913
    0.226129621 0.682912469 0.154905677 0.969446063 0.138717294
    0.880994201 0.511070192 0.433613807 0.589034855 0.0258324444
    0.923368275 0.0525847673 0.541610241 0.0215312243 0.236090809
    0.122030318 0.91910398 0.496838123 0.53687948 0.929710507
    0.169231385 0.432690173 0.978651524 0.0485637188 0.849353135
    0.36098069 0.813453317 0.990186453 0.6177724 0.774286866 0.446803629
    0.0673516989 0.228106201 0.855785429 0.771790206 0.337903976
    0.864383817 0.956970572 0.365145326 0.868825138 0.110016257
    0.96084857 0.0589900613 0.918148041 0.047102958 0.248580068
    0.566216767 0.419339657 0.869432509 0.52905196 0.242407858
    0.587201595 0.498738259 0.614412189 0.872585058 0.063024193
    0.715734124 0.344026744 0.380879223 0.0795147121 0.139427364
    0.462761432 0.232762903 0.990872383 0.0390434265 0.709751964
    0.421399504 0.804278672 0.389786333 0.0185680091 0.563392699
    0.582815647 0.437845439 0.616778433 0.570597172 0.272697389
    0.0968008637 0.786425471 0.157894909 0.404322386 0.897460818
    0.559910476 0.767579317 0.141554356 0.700559735 0.970433593
    0.563635528 0.551316142 0.62024194 0.116329193 0.669971406
    0.177073985 0.997289479 0.834873676 0.93541944 0.846541941
    0.545752823 0.977206945 0.447172701 0.465695739 0.150616765
    0.307841539 0.412563801 0.373524129 0.796020985 0.0881115794
    0.46219942 0.968681395 0.430741012 0.367648065 0.713683963
    0.680556238 0.770428896 0.697539032 0.8474617 0.557543874
    0.411830962 0.160524011 0.405593991 0.183227241 0.691838443
    0.946069717 0.77320981 0.783011675 0.482981265 0.476923317
    0.488509983 0.818373084 0.757532597 0.328436494 0.318700522
    0.426511854 0.661109447 0.758533597 0.975222766 0.796009302
    0.745335937 0.22739014 0.274370909 0.677105844 0.929576159
    0.80593431 0.0929151177 0.470843136 0.270118117 0.599675119
    0.0308614969 0.897520363 0.981082797 0.91154325 0.682221949
    0.0165412426 0.0770592093 0.813326478 0.265736818 0.120422065
    0.285306036 0.486636549 0.18914634 0.154648036 0.249116927
    0.242779434 0.129368663 0.702556789 0.330408692 0.867763877
    0.0426107943 0.507337511 0.335340619 0.958018541 0.993697524
    0.388076127 0.552493274 0.705974936 0.568009257 0.695357978
    0.864955187 0.911381602 0.791061997 0.885845959 0.0298135579
    0.818799853 0.497395188 0.919687986 0.380822569 0.652616501
    0.858013749 0.132692724 0.127257198 0.858102381 0.543289244
    0.0748111904 0.960050702 0.831711173 0.930591226 0.881078899
    0.0643874705 0.671543956 0.595675647 0.887310386 0.278376162
    0.50682199 0.422958165 0.932936728 0.956109166 0.88722682
    0.791231394 0.10149464 0.355360687 0.668930173 0.480902076
    0.616503716 0.34316659 0.61620152 0.0933504105 0.636772275
    0.122936457 0.523485363 0.196185648 0.0656754375 0.98429054
    0.0966237187 0.231784463 0.953365684 0.748752773 0.367620736
    0.554418325 0.524501264 0.310455322 0.293192565 0.275075853
    0.224080354 0.19745636 0.0416517556 0.196918994 0.400478423
    0.977876663 0.453591734 0.00261706114 0.925783157 0.256077081
    0.590884209 0.385809064 0.658404231 0.798270106 0.307793319
    0.636670589 0.464574754 0.415130079 0.248177588 0.668404877
    0.509614408 0.785669923 0.887373447 0.246306509 0.768162787
    0.913670421 0.247383684 0.267681777 0.408191681 0.37582469
    0.0831814706 0.599662304 0.553284705 0.303727359 0.901866794
    0.455750346 0.60964793 0.909353495 0.779837608 0.129735976
    0.210086495 0.404865593 0.890942991 0.680167317 0.987472951
    0.848478913 0.987203956 0.657990575 0.943758011 0.50557673
    0.589094102 0.459886163 0.512079656 0.130522132 0.340458453
    0.937414885 0.866517305 0.648938835 0.430356085 0.174127221
    0.425011694 0.401442528 0.210057586 0.972276211 0.486009926
    0.87515223 0.0111899972 0.32457459 0.5303936 0.266212672 0.295473099
    0.726655722 0.424443394 0.966660082 0.280737281 0.957957745
    0.690517128 0.122892201 0.364853978 0.375257522 0.199698657
    0.719677448 0.0710040033 0.157914579 0.723700464 0.974926889
    0.712412357 0.898050904 0.937191725 0.166258454 0.734556735
    0.0436978042 0.827465415 0.00642830133 0.00780695677 0.344115496
    0.985176206 0.555767715 0.681131542 0.620891631 0.135676771
    0.326788247 0.147117525 0.449679762 0.478056937 0.989514828
    0.3376683 0.861110806 0.779007137 0.838231564 0.431056261
    0.126642555 0.966818571 0.253764212 0.0843809843 0.163841695
    0.0294173658 0.107420862 0.287471086 0.111422956 0.99877125
    0.929845095 0.828277111 0.963485003 0.489927381 0.606837392
    0.412210822 0.465315789 0.334229857 0.613021135 0.983219922
    0.26945886 0.977950573 0.14538613 0.865381181 0.826389551
    0.775851905 0.619023502 0.155404955 0.151519805 0.104392558
    0.252850801 0.160214037 0.671982169 0.0849863589 0.277717501
    0.568780303 0.147165507 0.611997306 0.600468218 0.330517232
    0.596176803 0.053101629 0.96606195 0.262031794 0.291910321
    0.172042221 0.186834097 0.267865777 0.465079546 0.509144664
    0.668005407 0.738822401 0.112451464 0.285440326 0.787805796
    0.283776402 0.0299279094 0.932647347 0.179657251 0.754072309
    0.494622946 0.0191502869 0.00115802884 0.961243272 0.654747725
    0.540429771 0.15383327 0.772648573 0.360435843 0.775752306
    0.446893185 0.0353366435 0.72091645 0.32895723 0.967169166
    0.770179152 0.841103673 0.765003622 0.448849887 0.218378127
    0.799564362 0.281140208 0.332280427 0.993854403 0.143111706
    0.342538476 0.256066084 0.431698322 0.820696473 0.982632279
    0.972093821 0.625893712 0.614963412 0.508163571 0.115143955
    0.118899524 0.953288674 0.280095994 0.174472004 0.702978253
    0.645107329 0.182908595 0.590675235 0.514005065 0.576667786
    0.0928839743 0.209371001 0.512792051 0.0495014787 0.0883328319
    0.331110001 0.8950001 0.487958938 0.265287638 0.00396084785
    0.540898144 0.477794617 0.731240451 0.132310808 0.871182084
    0.231573254 0.195139468 0.274479002 0.797901273 0.788250089
    0.127311975 0.406165063 0.213942915 0.440353632 0.478723675
    0.871319354 0.800397158 0.63593173 0.840408862 0.299724042
    0.462304294 0.138319373 0.255989194 0.976674676 0.321038634
    0.916360617 0.702202857 0.0279266536 0.847578466 0.9091115
    0.373678118 0.721363902 0.33802104 0.203154325 0.10363555
    0.958774567 0.36545977 0.294273734 0.453866929 0.227012932
    0.81038487 0.454102844 0.929647565 0.615445852 0.467747957
    0.537815034 0.585602343 0.354246855 0.99429667 0.151667356
    0.468294263 0.934689641 0.273438931 0.718883574 0.685643196
    0.167734295 0.708402455 0.883544326 0.808359027 0.346423507
    0.158927232 0.554220974 0.0445036292 0.783869386 0.755246818
    0.834903836 0.32259798 0.494201869 0.57648766 0.900317669
    0.341374129 0.243982047 0.716268301 0.673671246 0.0727039576
    0.989301205 0.769318461 0.841866016 0.540837884 0.716103435
    0.208667904 0.973945856 0.9434039 0.642785192 0.521270454
    0.516716897 0.00448989868 0.980634987 0.818392515 0.0178783238
    0.638460279 0.648354232 0.153271168 0.291577637 0.484751284
    0.605569184 0.0893827677 0.0987066925 0.0183818638 0.707322657
    0.918507338 0.115403652 0.39155221 0.473993838 0.65405947
    0.912825763 0.748715818 0.904745698 0.0819908977 0.325833797
    0.409381598 0.100949228 0.27449581 0.167102516 0.730686307
    0.181435496 0.785148859 0.371247649 0.864039481 0.518856406
    0.178372771 0.466459095 0.906860709 0.281149894 0.551003456
    0.07687971 0.486215681 0.951861382 0.219898671 0.117996186
    0.689118147 0.196165293 0.516446829 0.00444331765 0.691742897
    0.377414435 0.384283841 0.154808998 0.15545398 0.0556232631
    0.0172118843 0.700208247 0.149333686 0.890239477 0.3170228
    0.845631003 0.011364609 0.9904778 0.131044298 0.917392612
    0.123715818 0.14303112 0.0396637917 0.746758282 0.457989097
    0.0192444324 0.0872926116 0.706223428 0.803955734 0.657085776
    0.58025372 0.00232842565 0.171639055 0.108033895 0.829147696
    0.473384589 0.33699131 0.45841673 0.548240721 0.0903718174
    0.736685932 0.79291153 0.53314364 0.294336796 0.219133526
    0.309211165 0.886688292 0.746886969 0.218539655 0.52399689
    0.476975679 0.202663779 0.572645366 0.411423981 0.982033312
    0.267772079 0.638465405 0.125477672 0.644045234 0.0628082156
    0.691864371 0.658588767 0.560904801 0.0813187361 0.0237470567
    0.174583793 0.774937272 0.00556141138 0.306384802 0.0790732503
    0.332420915 0.402811855 0.926534951 0.7797786 0.864063263
    0.644156992 0.192424178 0.758457661 0.432725906 0.808182716
    0.338346303 0.403739601 0.812730789 0.807180882 0.0534206927
    0.507876039 0.243377239 0.370238632 0.879803538 0.152145922
    0.560573995 0.0515429378 0.815402806 0.739014983 0.0866698027
    0.303040564 0.815503895 0.556190014 0.374491394 0.884988487
    0.550531864 0.157698184 0.531422317 0.641635418 0.883200943
    0.773925066 0.622254133 0.772672057 0.4006432 0.918992102
    0.835470438 0.423501194 0.388452023 0.33925426 0.824402511
    0.498846203 0.52756542 0.916680098 0.242116034 0.810975909
    0.78349781 0.562416494 0.989879727 0.504680991 0.26366201
    0.723869503 0.558368981 0.858581007 0.926396132 0.703197002
    0.599962234 0.165283233 0.463151395 0.242941886 0.244154632
    0.65184474 0.737718225 0.214114189 0.79982698 0.134973586
    0.713827312 0.948878348 0.976831675 0.427356243 0.114191353
    0.758072257 0.22001633 0.45934853 0.302474082 0.27107349
    0.0521415174 0.441320419 0.988512874 0.217983961 0.517567277
    0.112750232 0.402757883 0.931178689 0.590456009 0.579500556
    0.443626255 0.950611055 0.167220294 0.592506647 0.166719824
    0.836471915 0.382620811 0.206758142 0.505905986 0.978692174
    0.801781178 0.917391181 0.499846697 0.611204386 0.206354022
    0.0567452013 0.553151846 0.990252018 0.854618788 0.95982796
    0.16634649 0.0168040693 0.330338627 0.838308454 0.625706732
    0.473901987 0.807730556 0.900262952 0.324821055 0.994812191
    0.840181708 0.299091369 0.957010567 0.988183141 0.389340401
    0.587599397 0.639286637 0.0902609527 0.82549578 0.0686091781
    0.64974457 0.596843183 0.949577093 0.866847873 0.235925972
    0.431141138 0.342024386 0.641715527 0.814391613 0.659442663
    0.594586015 0.467083424 0.999434114 0.945454717 0.00756537914
    0.925760686 0.251588821 0.0560380518 0.3145262 0.0953376293
    0.221927077 0.28908366 0.931223154 0.433119982 0.226594061
    0.170993388 0.447540104 0.434379816 0.685220361 0.167565256
    0.743906319 0.482424319 0.0295101106 0.81081444 0.662727237
    0.168944687 0.407219797 0.0804365277 0.771451831 0.324314713
    0.0740414262 0.356199741 0.056953609 0.995649934 0.306167662
    0.982001126 0.339225948 0.0325520337 0.00970393419 0.31332618
    0.323786467 0.382190496 0.54750061 0.716900766 0.48665902
    0.136440188 0.126015216 0.941015482 0.650260329 0.725004792
    0.430447519 0.347120762 0.366870314 0.0606872141 0.220668912
    0.565590978 0.181410283 0.163368821 0.871308327 0.261710823
    0.211344689 0.19445616 0.13482222 0.87839973 0.603572786 0.370067
    0.188022196 0.182331741 0.340709031 0.921604633 0.212837607
    0.384642303 0.454876065 0.572221279 0.215870291 0.732275724
    0.226815492 0.799399495 0.692541242 0.932607412 0.628724337
    0.487929851 0.965875864 0.788129449 0.107465506 0.964519382
    0.728862405 0.970194578 0.912489057 0.51451695 0.171442926
    0.344427615 0.577183783 0.3834005 0.360409021 0.0392938256
    0.103811234 0.433817267 0.212631881 0.273470819 0.792847872
    0.400925457 0.500821352 0.216659188 0.474506348 0.121420115
    0.325409085 0.230614424 0.993900537 0.963981152 0.595145941
    0.309877753 0.190706939 0.112915963 0.340760291 0.33764863
    0.494084239 0.397591561 0.465619445 0.259028733 0.516304195
    0.698800862 0.39950186 0.0385730863 0.586326241 0.548580527
    0.656234682 0.0195555091 0.136844665 0.223853052 0.640843809
    0.899124265 0.435193241 0.733192801 0.329097152 0.869673967
    0.609055698 0.140084803 0.0893260241 0.777980208 0.739795208
    0.98206538 0.343429178 0.216994822 0.615059912 0.530513465
    0.147041857 0.676124573 0.424979419 0.538271546 0.55421716
    0.202916771 0.00117078424 0.458682597 0.69549197 0.0747465789
    0.613680422 0.0392225087 0.970275342 0.684557796 0.945699334
    0.20878759 0.871885657 0.700976133 0.751773477 0.79577893
    0.0805493593 0.106039733 0.412155241 0.514015317 0.661168694
    0.869871736 0.699667573 0.741548479 0.148977548 0.370191693
    0.464237452 0.687004447 0.690062642 0.420706511 0.946148753
    0.319666117 0.983707547 0.217256546 0.893982172 0.692431867
    0.607979596 0.674529076 0.372561574 0.02120924 0.389670879
    0.768856049 0.944051266 0.50175029 0.365243077 0.560768068
    0.0965631902 0.347961515 0.178701788 0.958353639 0.636663079
    0.562094331 0.239821583 0.400483727 0.147170365 0.115797937
    0.85392046 0.925801873 0.468837798 0.897895634 0.537306845
    0.162373424 0.821151733 0.107888192 0.432249516 0.101770341
    0.00119280815 0.912535429 0.940981269 0.586532831 0.110337824
    0.181450903 0.949211121 0.65740639 0.374240339 0.737911522
    0.928489506 0.141486198 0.144277364 0.347593367 0.531507492
    0.741453767 0.967581153 0.493911296 0.855183721 0.187538713
    0.143841356 0.375906855 0.544626415 0.953069687 0.813259602
    0.599264741 0.433969557 0.625930309 0.365514427 0.0858284831
    0.96513474 0.920985699 0.753625751 0.731132805 0.982957721
    0.232316732 0.441349983 0.218893141 0.0709199011 0.936958969
    0.19089812 0.551210701 0.549102664 0.886619806 0.47806862
    0.822665215 0.420298636 0.894981205 0.78151226 0.158706874
    0.305357665 0.0109402537 0.0366851389 0.356517881 0.915731251
    0.545643806 0.45070219 0.428179145 0.464120001 0.172764242
    0.809438229 0.945434809 0.580177724 0.190601557 0.398806393
    0.763563395 0.685571611 0.654464304 0.274217814 0.177789181
    0.988235116 0.513628006 0.920675218 0.782449841 0.217713118
    0.382474899 0.467108577 0.646435499 0.520010769 0.607286811
    0.108947277 0.400025964 0.746562123 0.934820056 0.391123056
    0.572737396 0.836346149 0.81505698 0.532645047 0.946852207
    0.209787071 0.74669826 0.372268915 0.622018576 0.606758356
    0.0983247459 0.351323605 0.95219624 0.858574986 0.722151279
    0.726395488 0.133371592 0.552632272 0.994228065 0.167028785
    0.171562701 0.6315431 0.146873802 0.198986471 0.807907045
    0.729408383 0.20825091 0.167131513 0.91294837 0.447199196 0.76595062
    0.103421211 0.419229627 0.221420825 0.176043063 0.0467252433
    0.244297951 0.950178087 0.36945051 0.729666531 0.646708667
    0.305247486 0.331474364 0.711832821 0.963747501 0.465886831
    0.533635378 0.321838558 0.500136852 0.585305929 0.919650793
    0.843448043 0.64323765 0.871840656 0.54257822 0.469057649
    0.545317471 0.681857646 0.268902004 0.375752389 0.3327443
    0.917833209 0.220873535 0.695838511 0.0822946131 0.401349485
    0.243899941 0.273291767 0.380576372 0.625925183 0.017039746
    0.138479054 0.129633546 0.562204778 0.862308741 0.481149495
    0.462162495 0.29365468 0.923798323 0.506911039 0.850191236
    0.19651264 0.318037331 0.897300065 0.0194231868 0.809383988
    0.264238566 0.344445348 0.812168002 0.281540334 0.182861686
    0.374345362 0.102110177 0.695039511 0.250522405 0.505223691
    0.687751293 0.493914604 0.901944458 0.992896974 0.963379145
    0.71944195 0.704697907 0.853399992 0.530099273 0.380917281
    0.204309434 0.394362807 0.153728932 0.620467305 0.0476259291
    0.202956885 0.480505675 0.679793537 0.554558456 0.0333374739
    0.60833025 0.0291883647 0.391583025 0.764882565 0.310955882
    0.944418788 0.722694159 0.87721169 0.395981461 0.405324906
    0.841197014 0.184179723 0.507163107 0.917254567 0.610716105
    0.415606856 0.828600287 0.223211706 0.142113 0.728423417
    0.0446383655 0.967986107 0.0463374853 0.0976880491 0.769158483
    0.825476408 0.377800584 0.137548268 0.0317318738 0.951496005
    0.0152904689 0.411868632 0.757636666 0.860840261 0.670709789
    0.261646301 0.197760195 0.909948766 0.425203115 0.81313765
    0.673994184 0.0207859278 0.888009787 0.846359193 0.676063299
    0.596164882 0.688164949 0.232444316 0.668721855 0.743427992
    0.240711123 0.0461563468 0.768195152 0.414679497 0.891989529
    0.955315351 0.6402601 0.0842116773 0.672304571 0.606036305
    0.206285924 0.527788997 0.0660966933 0.407367796 0.571854472
    0.625493288 0.363775492 0.881413102 0.352592766 0.328176379
    0.316717684 0.565833271 0.82169199 0.941957414 0.70867151
    0.083548069 0.816774011 0.00980678201 0.770410657 0.886973619
    0.934002817 0.676157057 0.130812109 0.461121023 0.277136266
    0.201717496 0.0975834131 0.433015227 0.161622852 0.691912889
    0.363415569 0.629815698 0.249126613 0.0907786489 0.385481477
    0.427397579 0.651140571 0.223145813 0.910294235 0.115297616
    0.532963037 0.211830884 0.323952734 0.854687214 0.227089494
    0.218031257 0.465722114 0.373148531 0.532588959 0.191613436
    0.907879591 0.631813169 0.789277434 0.260823309 0.357088625
    0.0757710636 0.572589576 0.558404922 0.953772068 0.363951027
    0.0902090073 0.347478747 0.54603827 0.0634636879 0.32627368
    0.324392915 0.802888095 0.733758032 0.905915916 0.356352329
    0.67111659 0.644043446 0.562125802 0.982400596 0.0661990047
    0.800903559 0.502978206 0.560297251 0.456393898 0.669241667
    0.839648843 0.451541185 0.667006016 0.574352503 0.210709095
    0.738782227 0.0840806067 0.76904726 0.360126406 0.0289180279
    0.320268214 0.0947899222 0.105924487 0.288754016 0.40784964
    0.0925370455 0.98008728 0.175878972 0.883015156 0.0503974855
    0.265502602 0.747989357 0.588828862 0.244531274 0.208694369
    0.51315695 0.490768373 0.996682405 0.221922547 0.98176229
    0.887778282 0.532784283 0.9413867 0.825612664 0.322828829
    0.490844429 0.663202882 0.0847475827 0.305147529 0.280457616
    0.220865667 0.426195145 0.91791743 0.57165575 0.454210907
    0.698135614 0.482476085 0.151837528 0.129085064 0.176161319
    0.417418092 0.504449964 0.384027898 0.548133194 0.699598908
    0.0971158147 0.696454406 0.827793479 0.70542413 0.990025461
    0.610202014 0.194833159 0.775761604 0.372264683 0.101199865
    0.114557683 0.0395502746 0.094255656 0.759703994 0.33007443
    0.111600041 0.763951659 0.882520974 0.032050848 0.911578536
    0.282168031 0.112659723 0.337760031 0.621278167 0.311600864
    0.256293952 0.179851294 0.781156182 0.999284387 0.119602263
    0.285185486 0.796313703 0.230027914 0.473255336 0.976059437
    0.844112992 0.949993372 0.718166709 0.3315413 0.809898973
    0.659829497 0.728156626 0.0239182413 0.13527599 0.640120864
    0.126066804 0.973803878 0.31120497 0.280507565 0.113377631
    0.22249195 0.434882611 0.137343705 0.487202555 0.241857827
    0.678274512 0.780803204 0.320757508 0.775131047 0.47244361
    0.678788185 0.949510455 0.274705291 0.771657944 0.670775712
    0.629909635 0.34597528 0.0557661355 0.316055596 0.693060875
    0.0497057438 0.19970575 0.41406557 0.82786727 0.630752921
    0.0716198385 0.445321023 0.36985445 0.47226885 0.57990098
    0.348843634 0.957304001 0.0851899087 0.703402758 0.0926141739
    0.879495978 0.518523216 0.386431783 0.0191628635 0.3851569
    0.542586088 0.860660851 0.0204772651 0.028403163 0.422137052
    0.978467226 0.0750386417 0.789027035 0.200003743 0.638350189
    0.436690629 0.0532023013 0.774598777 0.311954618 0.822653711
    0.37860471 0.876905322 0.709903598 0.169869661 0.514955163
    0.115568519 0.482548684 0.201379478 0.97826612 0.32535401
    0.880847692 0.807170868 0.646310806 0.492785335 0.254880905
    0.687444091 0.0365951657 0.676797986 0.968761146 0.995519102
    0.331397533 0.00842365623 0.897702456 0.39383173 0.151735932
    0.392133117 0.273549795 0.49573189 0.789332867 0.0111443102
    0.847827375 0.891176105 0.580914736 0.349433452 0.465672582
    0.6486606 0.432311863 0.622296929 0.797810495 0.473406553
    0.610266507 0.723563492 0.992073298 0.715417027 0.438092232
    0.439587027 0.153759956 0.120083451 0.561854482 0.801128507
    0.0853796005 0.492192507 0.514464021 0.22377491 0.155322641
    0.82711786 0.333454281 0.339358807 0.315782398 0.678362489
    0.042870611 0.27032578 0.688283086 0.672186732 0.133709878
    0.78138274 0.615156353 0.30830124 0.424153328 0.318861604
    0.125993073 0.556626856 0.585022509 0.125620067 0.242951661
    0.251514018 0.557489812 0.801984072 0.868385017 0.884777665
    0.732557058 0.295690298 0.145207494 0.312726974 0.494441301
    0.530511081 0.761148095 0.335234046 0.422558784 0.233223736
    0.824490547 0.199409992 0.883324146 0.600801885 0.807359338
    0.846071005 0.881417871 0.80703795 0.937356234 0.978508711
    0.304059625 0.496581554 0.33619526 0.0180803835 0.641881108
    0.406083435 0.646207631 0.712294877 0.975192666 0.616475344
    0.0527053177 0.812407553 0.489726692 0.502536595 0.540034175
    0.108984292 0.855231643 0.246044248 0.941364646 0.0495069027
    0.066929549 0.69614321 0.903582573 0.479012311 0.408134639
    0.928302169 0.75270468 0.136627734 0.686345518 0.888829112
    0.15513441 0.62706542 0.692739248 0.55011636 0.159981847 0.173505485
    0.487607121 0.715271235 0.340777397 0.408347309 0.85509634
    0.536973238 0.610988855 0.749381185 0.713795781 0.346334159
    0.483424217 0.402320832 0.910245657 0.523953438 0.519912124
    0.0953032672 0.61426127 0.63443774 0.655415833 0.838898301
    0.68991971 0.114119679 0.873368621 0.264331162 0.000909507275
    0.808089495 0.149964064 0.788110614 0.859109402 0.6544016
    0.658580303 0.937373042 0.41755271 0.0337992013 0.48744607
    0.64068985 0.741185665 0.464779198 0.772566915 0.170616657
    0.353184283 0.719842911 0.265060663 0.289881647 0.935949087
    0.0169686675 0.263044298 0.527966857 0.311472982 0.0215375125
    0.560541451 0.125586659 0.497861862 0.537439048 0.57126379
    0.952789068 0.748176873 0.281091481 0.32096684 0.426954716
    0.124607742 0.281732798 0.577648759 0.400413632 0.473023742
    0.980673075 0.980842948 0.232778579 0.249309689 0.891975641
    0.0713778436 0.0590770245 0.947865129 0.969307184 0.745162368
    0.765458345 0.0628913045 0.150616944 0.144574732 0.931504607
    0.63505137 0.420240164 0.902757525 0.0801770687 0.973323703
    0.618323922 0.181133032 0.0230915844 0.237095684 0.404151738
    0.719855011 0.336030483 0.549634576 0.456755668 0.832358241
    0.445389181 0.818539679 0.741983056 0.761366367 0.241408825
    0.342249513 0.723587275 0.074983567 0.753541231 0.56865257
    0.929904103 0.717789888 0.200401366 0.858810544 0.49833414
    0.782346964 0.562453449 0.292531073 0.871405602 0.93317616
    0.839764297 0.68570292 0.990118504 0.982634664 0.643568456
    0.486919671 0.692435145 0.132341623 0.996065557 0.410555124
    0.873342633 0.0449237525 0.914307714 0.874439836 0.44897756
    0.604157269 0.877098799 0.378461689 0.922716498 0.712431431
    0.111293554 0.436521977 0.581129014 0.44341287 0.253866196
    0.41329062 0.282362163 0.503463089 0.902570724 0.407174706
    0.267377675 0.770470262 0.525724232 0.692288756 0.752017498
    0.545323014 0.105977386 0.928625226 0.934859514 0.0602048337
    0.720766425 0.860163033 0.67977345 0.754393697 0.250607669
    0.702454686 0.116301179 0.678188324 0.680829823 0.0920567811
    0.0782732666 0.438952446 0.708847821 0.920417011 0.80195415
    0.010138005 0.363058031 0.681350231 0.712938309 0.875933588
    0.602226615 0.360928714 0.723513424 0.127511591 0.69421953
    0.485771239 0.255129099 0.890086114 0.844172716 0.693586767
    0.0916015804 0.495578617 0.655129611 0.796712935 0.198246419
    0.78313452 0.636280119 0.744256735 0.1233522 0.0666981041
    0.0135050714 0.368745863 0.180538863 0.229473948 0.72508508
    0.544957519 0.128933728 0.97788012 0.554697335 0.820680559
    0.809016049 0.602719188 0.108466029 0.536595643 0.730795741
    0.289864182 0.142820984 0.483455509 0.593257666 0.990453005
    0.297305912 0.973502994 0.654898524 0.478075147 0.92201668 0.6791206
    0.249418318 0.432770193 0.918983519 0.815161705 0.777840078
    0.384940684 0.149835765 0.709578514 0.696225047 0.157281637
    0.526324213 0.644011736 0.298860729 0.748209476 0.661587656
    0.455054581 0.630968809 0.989526272 0.0893399715 0.932933092
    0.987607598 0.884111643 0.0214323997 0.282116592 0.171371967
    0.526381731 0.169169456 0.234925151 0.734411001 0.173056006
    0.97672236 0.900630713 0.881564856 0.63816005 0.755248904
    0.722506523 0.835653663 0.94867605 0.0561564565 0.736637771
    0.0293660164 0.684303463 0.294252336 0.235597968 0.0641621053
    0.366040379 0.801637769 0.640966594 0.193199426 0.198405683
    0.191375166 0.0258942544 0.546363115 0.228298217 0.554394782
    0.0383424461 0.751578808 0.325981677 0.519363225 0.890222192
    0.231128842 0.830048561 0.893542647 0.294228882 0.733401537
    0.0297766328 0.614141703 0.0853093863 0.906766653 0.851784706
    0.11532262 0.102910608 0.86272645 0.73455596 0.954452097 0.457155377
    0.178627372 0.837256551 0.738800704 0.331401885 0.954437494
    0.520785272 0.828646541 0.312573493 0.602675319 0.300957143
    0.440379828 0.414432645 0.299162865 0.21386838 0.161491305
    0.470151812 0.0960734189 0.810545683 0.522751689 0.969641209
    0.91315639 0.583392918 0.346589953 0.376306057 0.955032766
    0.699958086 0.317624927 0.479951859 0.141166687 0.817245722
    0.584439099 0.277851045 0.296559632 0.964140654 0.504469275
    0.624731362 0.919214785 0.650016427 0.776887894 0.402351201
    0.894643009 0.973993659 0.735550225 0.876265764 0.770896018
    0.0915575027 0.0716623068 0.462123513 0.627805829 0.863791823
    0.63590014 0.673923016 0.388947159 0.164001375 0.0231939554
    0.422782302 0.783702612 0.141678095 0.350428164 0.77192378
    0.734586477 0.944305539 0.59588325 0.86273706 0.44370842 0.426249444
    0.701468229 0.484999567 0.281070352 0.137049168 0.919239044
    0.313046038 0.00552409887 0.615509748 0.757196128 0.52548492
    0.425681949 0.121905893 0.834578395 0.238895178 0.325763017
    0.0770629942 0.137591809 0.190234512 0.307086527 0.763659
    0.146667808 0.754416704 0.854253173 0.948547781 0.379051685
    0.607599318 0.408024609 0.729961812 0.866210759 0.226738781
    0.26168716 0.259511471 0.185308158 0.995991826 0.48074162
    0.533841789 0.765965521 0.301328957 0.522565424 0.16456756
    0.153007299 0.0992152989 0.195416063 0.247155279 0.446119845
    0.821367383 0.0973462164 0.0829460323 0.350566149 0.31347549
    0.903430998 0.117396623 0.270973116 0.421381027 0.319755465
    0.756474555 0.854097724 0.681316197 0.265588969 0.776004553
    0.4660725 0.155854881 0.079570502 0.829544008 0.196497947
    0.445087969 0.810442924 0.564272821 0.12358287 0.972637475
    0.472971529 0.299839497 0.597685754 0.725790501 0.0638632178
    0.0143061578 0.297873259 0.461110681 0.360549033 0.0395406783
    0.439451009 0.793978274 0.693558335 0.631862581 0.29820177
    0.614273429 0.707334161 0.769304633 0.0608487725 0.470964193
    0.912729561 0.0275982022 0.229551792 0.312923074 0.770607471
    0.348549843 0.515660405 0.131826371 0.827473164 0.645930707
    0.657402575 0.232758403 0.576960504 0.20248726 0.629757464
    0.636593819 0.85892117 0.386621892 0.237374008 0.18965739 0.30320853
    0.726065099 0.22183755 0.240981966 0.898921847 0.0012819767
    0.858310521 0.60276103 0.612896085 0.590710402 0.141036034
    0.538625717 0.456732929 0.0575602353 0.759571135 0.930114448
    0.977404594 0.0886065364 0.687828004 0.847685754 0.116169274
    0.445272177 0.0768259466 0.498916507 0.460344464 0.684512496
    0.242489159 0.290099263 0.739431381 0.497649342 0.690196514
    0.687611222 0.105111182 0.686868191 0.199067056 0.671507537
    0.71619457 0.315046608 0.334203482 0.507093012 0.337543845
    0.576493382 0.394677937 0.0267251134 0.961057842 0.290978074
    0.488590091 0.479698896 0.16865024 0.756369829 0.72821188
    0.405744195 0.276283056 0.897577882 0.0966312587 0.984533429
    0.447318673 0.0680063367 0.401403904 0.383558989 0.298344314
    0.246884972 0.841109872 0.153876275 0.013366431 0.193025529
    0.170703769 0.575670481 0.4985708 0.167721748 0.618129253
    0.600976288 0.164125293 0.635465622 0.982852459 0.77498877
    0.720712066 0.765183687 0.284805566 0.309421957 0.817313969
    0.619346738 0.0199120045 0.692597866 0.885299683 0.150959432
    0.923811913 0.0331131816 0.471844137 0.127203226 0.827936888
    0.675641418 0.238322556 0.00610223413 0.610041857 0.529814184
    0.664671838 0.130941808 0.118594438 0.117396295 0.540416956
    0.0625724196 0.489419401 0.854329169 0.328009397 0.289361358
    0.260901213 0.732261062 0.448505968 0.869365811 0.398532987
    0.234501719 0.820403039 0.437147021 0.443795979 0.381181359
    0.22660622 0.481294602 0.578099728 0.643334568 0.97727263
    0.524939001 0.217549533 0.853477716 0.176841348 0.620306134
    0.544874251 0.00406232476 0.633353829 0.0342749953 0.928805888
    0.0807645023 0.390458375 0.911543429 0.944482207 0.488907874
    0.217954546 0.477983057 0.15994361 0.294585764 0.405338824
    0.0128733218 0.636926651 0.0402665436 0.554876745 0.503233135
    0.266927689 0.7206738 0.161377162 0.676968396 0.0226454735
    0.487595916 0.472820133 0.427679777 0.445505768 0.6519171
    0.612242222 0.288764417 0.621376574 0.0282696486 0.429613024
    0.319750428 0.841837645 0.753049314 0.706699371 0.244099051
    0.907099485 0.122431934 0.93339026 0.451280177 0.133704036
    0.847637296 0.879640639 0.971948504 0.469433606 0.637825191
    0.493262798 0.0792422295 0.504001617 0.448402792 0.287420273
    0.449693739 0.859172225 0.332150042 0.464944482 0.650042892
    0.851691365 0.90434885 0.171070069 0.799305677 0.841691136
    0.611753702 0.0425911844 0.433652699 0.637753189 0.775057614
    0.881267607 0.983636379 0.873916626 0.372256666 0.287858635
    0.326011598 0.396325916 0.810866773 0.174000561 0.149589509
    0.16171506 0.70555073 0.13393119 0.323725343 0.925941765 0.205353051
    0.75437808 0.706741214 0.727623999 0.137653142 0.819252253
    0.712350547 0.254621416 0.890906692 0.25585258 0.49738133
    0.712781787 0.486226827 0.507241786 0.655701697 0.0479429662
    0.885881424 0.42350924 0.0457036495 0.0230139494 0.448885113
    0.258019865 0.11446023 0.842694163 0.0356907547 0.794060349
    0.408148766 0.731818616 0.2569049 0.750894248 0.127999812
    0.215106875 0.33982563 0.805171728 0.784217954 0.426824152
    0.348569393 0.151783019 0.169479907 0.765734613 0.636181474
    0.215045601 0.141963333 0.166799158 0.0210122168 0.549559236
    0.997570872 0.927144766 0.298771858 0.724636197 0.354066432
    0.508424342 0.553826809 0.699898362 0.556515217 0.404390395
    0.346366405 0.926363468 0.122624665 0.46092996 0.844690681
    0.663090348 0.733715773 0.128250033 0.403837711 0.166103363
    0.678690553 0.8022995 0.490421832 0.0941362679 0.607568145
    0.153822184 0.660763323 0.320956022 0.822541416 0.110221148
    0.905955791 0.27828908 0.377031744 0.570111632 0.110054314
    0.495074481 0.671814263 0.751095653 0.157910198 0.214514822
    0.51569289 0.462032169 0.755861044 0.761549652 0.575564981
    0.601425827 0.498271376 0.592747629 0.918017507 0.520464838
    0.642755508 0.408854067 0.61712712 0.00258865952 0.221730977
    0.246361822 0.597926319 0.675132811 0.749862671 0.141561329
    0.0481725633 0.492747575 0.210786223 0.392917633 0.427839875
    0.85825336 0.411157221 0.0733512342 0.996546626 0.531438529
    0.317103803 0.749914408 0.289522499 0.0693879128 0.847958267
    0.416952103 0.80356884 0.417004883 0.591429889 0.184299827
    0.00660189986 0.80679512 0.442590982 0.490082473 0.0367287099
    0.00140953064 0.89685452 0.0502975881 0.98950386 0.245089024
    0.350062788 0.901678801 0.188554496 0.0860769749 0.210719407
    0.131234974 0.795960188 0.051828295 0.301690191 0.349771142
    0.362897426 0.413154364 0.78643024 0.576561391 0.654072106
    0.777753115 0.940797389 0.867724419 0.301411092 0.853172421
    0.0598164201 0.0955117345 0.895926118 0.864545822 0.885407686
    0.616508961 0.524659693 0.353251785 0.444170266 0.621739924
    0.0330850184 0.275085986 0.00479605794 0.874729276 0.483817935
    0.713584542 0.121903151 0.541569412 0.783512235 0.554013073
    0.0955686271 0.196618468 0.785592914 0.347800195 0.158266783
    0.723794699 0.469670534 0.29381603 0.740141332 0.691051424
    0.0475766063 0.529040158 0.630300641 0.49777773 0.743103027
    0.889737964 0.541286767 0.201645017 0.0561197698 0.82268399
    0.913840055 0.889800012 0.98043406 0.0341740251 0.731046677
    0.527735412 0.190081239 0.455105305 0.401042432 0.129671097
    0.960027456 0.984526575 0.783054054 0.768651664 0.71539098
    0.929221272 0.788127422 0.260343611 0.0827763677 0.156001061
    0.413970888 0.253685623 0.869815469 0.348781884 0.201547444
    0.357750267 0.252385706 0.768307447 0.829874754 0.551790118
    0.261743546 0.261255771 0.130046755 0.959761202 0.388416708
    0.549012184 0.346270382 0.68981266 0.755526125 0.382624745
    0.558368444 0.689562559 0.977141261 0.875365257 0.0978259742
    0.896369636 0.147936195 0.402648866 0.337410569 0.833178997
    0.604440808 0.22561723 0.706736147 0.957809448 0.516033828
    0.785384297 0.158621043 0.940325737 0.758600354 0.798461974
    0.715882897 0.867877185 0.297820538 0.67591697 0.978726864
    0.166921586 0.0509788692 0.165511876 0.925139785 0.434259146
    0.991898477 0.115320355 0.525629044 0.878116965 0.590186894
    0.16833213 0.064032495 0.883144796 0.938984811 0.304239213
    0.161578208 0.626392245 0.523048639 0.0292342305 0.0522171855
    0.785575092 0.383195162 0.955054045 0.285311729 0.700673282
    0.345727533 0.74303329 0.045149684 0.364183724 0.678529024
    0.440500647 0.646221995 0.906330526 0.127754897 0.41394335
    0.892030418 0.266517997 0.426556826 0.70166707 0.437570512
    0.865436018 0.99647516 0.0268381834 0.191354007 0.777394712
    0.161576748 0.0195654035 0.305348843 0.594538748 0.2601704
    0.53805083 0.877938509 0.815382838 0.649947762 0.773064733
    0.371795386 0.581551373 0.756687045 0.300855607 0.189679682
    0.970360756 0.251359731 0.187337667 0.569784343 0.66168189
    0.623017371 0.941923857 0.389633805 0.0154612362 0.710159004
    0.960402489 0.567395508 0.839604497 0.195917785 0.665786386
    0.95745492 0.148615807 0.260700047 0.352975994 0.369279444
    0.433448136 0.111735463 0.0909029543 0.904285192 0.567257524
    0.729100347 0.779722035 0.453232259 0.958486259 0.248556614
    0.352560818 0.424185276 0.44076845 0.313320428 0.0895124376
    0.661608696 0.946309149 0.978700399 0.822960019 0.463073671
    0.731949151 0.170030504 0.21447745 0.127718389 0.144897491
    0.842273116 0.524808645 0.515347183 0.440810442 0.930936575
    0.0626206398 0.42145732 0.89931953 0.407270163 0.559980273
    0.206697792 0.18984583 0.53013587 0.0361126363 0.673520684
    0.963000774 0.55151087 0.326614022 0.562119663 0.62684989
    0.688612282 0.0529464185 0.262751341 0.0097411871 0.713617325
    0.577043772 0.512356579 0.192845583 0.80408299 0.800532043
    0.415577382 0.390315533 0.0622275472 0.0642549694 0.8742733
    0.0310422182 0.932343245 0.414340079 0.004789114 0.011038214
    0.531230927 0.891440988 0.752174318 0.457651973 0.689935505
    0.476190954 0.24718231 0.370637774 0.182796627 0.381620884
    0.811195493 0.915112257 0.0658921301 0.820353389 0.534849703
    0.791774988 0.187621534 0.94975996 0.368324101 0.580123246
    0.746658742 0.569297671 0.0249917209 0.315717757 0.814311028
    0.0719378591 0.084346652 0.245262057 0.237246752 0.0216313899
    0.557233095 0.205039263 0.335400343 0.489834338 0.0631293952
    0.97165966 0.0329231918 0.306360483 0.0531652868 0.0349419117
    0.605506063 0.925396025 0.195550948 0.288174808 0.7878474
    0.480759293 0.322246075 0.0824211538 0.0691428483 0.922138095
    0.412293464 0.955558419 0.756060779 0.809619069 0.91955328
    0.827829719 0.187030852 0.976577997 0.400658071 0.649896383
    0.391663551 0.576939583 0.019938916 0.416837811 0.340568423
    0.322106987 0.854787946 0.128595233 0.5846349 0.11216417 0.711603582
    0.642072082 0.676793694 0.00155794621 0.812307835 0.861905575
    0.078440696 0.315497369 0.620659888 0.425449491 0.129535884
    0.503809214 0.017698735 0.299640357 0.632123709 0.33845529
    0.465220928 0.928194761 0.711422443 0.478041917 0.846879721
    0.854274392 0.583261967 0.512692153 0.605839968 0.527589917
    0.452296287 0.271045625 0.350588799 0.0722942054 0.939621747
    0.546410859 0.418321908 0.452342391 0.261565328 0.856921315
    0.959837854 0.117586225 0.623290598 0.62050575 0.845445454
    0.269135237 0.898479283 0.709115922 0.819952965 0.683191836
    0.681853175 0.741380334 0.332593799 0.860541105 0.0413494408
    0.16789636 0.0799281597 0.959549487 0.05962345 0.45445478 0.97516799
    0.0114048421 0.82348156 0.983018756 0.22606951 0.686349869
    0.175195128 0.100276947 0.160241663 0.441680133 0.99696964
    0.503783941 0.239755511 0.208948374 0.64747417 0.121317983
    0.798738122 0.407128453 0.479477614 0.733083963 0.182803184
    0.241514742 0.0787274539 0.819586873 0.014320761 0.755829453
    0.275121748 0.176449448 0.573622823 0.860511422 0.669653177
    0.206347644 0.831672132 0.41347152 0.988628626 0.00820425153
    0.737756789 0.943795443 0.961054146 0.678022921 0.820847154
    0.104282945 0.979667544 0.0389578044 0.770086706 0.147960991
    0.799331307 0.143346012 0.0657368004 0.904932737 0.892609835
    0.651952863 0.91428566 0.187034458 0.191262454 0.552281857
    0.530180216 0.910499334 0.114887834 0.279302299 0.193833143
    0.897833467 0.476231426 0.025462836 0.477486908 0.0326773822
    0.0683335364 0.317629218 0.787864089 0.20143798 0.540872335
    0.789451957 0.584604323 0.215517551 0.385807782 0.335627079
    0.737452388 0.102795184 0.88948667 0.743283272 0.782736659
    0.585362792 0.833457351 0.799354076 0.482025623 0.552167833
    0.205071419 0.578253508 0.162666947 0.100665897 0.559853196
    0.774663806 0.152260363 0.557325304 0.377930731 0.585530221
    0.569583774 0.15659371 0.611571074 0.621768713 0.00259810686
    0.562467575 0.185818106 0.278381795 0.617582798 0.847652197
    0.286400974 0.666793227 0.739032626 0.686536789 0.492237598
    0.140031755 0.880170763 0.151897401 0.898810744 0.528648674
    0.431272924 0.17197904 0.104310274 0.179486066 0.070951283
    0.566255689 0.965419173 0.650260091 0.970896959 0.428820163
    0.896068215 0.239076853 0.631085753 0.33676675 0.547652662
    0.495485842 0.700240374 0.889836311 0.506165087 0.403831869
    0.813045502 0.311569989 0.760258138 0.829009771 0.750950515
    0.754978478 0.265117466 0.863519907 0.9492625 0.392911226
    0.464517951 0.909059584 0.701017916 0.2391074 0.218356103
    0.530765355 0.840781748 0.698935449 0.471720546 0.84782207
    0.207443088 0.340438902 0.860146642 0.7344051 0.778588533
    0.152418107 0.665309608 0.745103836 0.13955754 0.786592364
    0.584778249 0.606243789 0.758413136 0.659121156 0.53382051
    0.994205236 0.709093094 0.535655558 0.0877077878 0.416198969
    0.725000381 0.969551563 0.140045285 0.730386615 0.921543479
    0.912748575 0.417562753 0.489094853 0.596520185 0.20484525
    0.96375525 0.556574166 0.0267609954 0.206523806 0.368787408
    0.675160885 0.000191271305 0.0228812397 0.204477847 0.201426923
    0.83311975 0.292005301 0.830107689 0.610991836 0.444169819
    0.46754387 0.449854732 0.572592497 0.173599124 0.905407369
    0.279871583 0.349584997 0.892404735 0.164631784 0.608157992
    0.82375598 0.321649551 0.715636849 0.500176251 0.483315378
    0.244474828 0.322980881 0.872405171 0.271042824 0.180440009
    0.117831886 0.218613535 0.153457642 0.326626241 0.207683831
    0.730455816 0.759327412 0.609115243 0.419388175 0.734687328
    0.459200025 0.227564752 0.14300102 0.827314854 0.470883042
    0.360126674 0.369480729 0.329807848 0.8341223 0.317733109
    0.708903253 0.467159897 0.0902889967 0.0968202949 0.662538409
    0.491337717 0.537389934 0.264564276 0.936996639 0.654373169
    0.98926568 0.673304021 0.809615731 0.402058423 0.994281769
    0.657511711 0.904302835 0.290653557 0.529344499 0.863760829
    0.843064547 0.617815554 0.198440135 0.0209632516 0.233995795
    0.509433568 0.009149611 0.0186304748 0.531537652 0.224705309
    0.9193362 0.935580492 0.16503787 0.614279151 0.892702103 0.264237583
    0.853897989 0.145965368 0.213076591 0.556017399 0.481391609
    0.542842746 0.477415472 0.355210721 0.879011035 0.592273653
    0.664979279 0.549904883 0.176400661 0.569764137 0.0420963168
    0.955531001 0.28881374 0.180489838 0.314513147 0.0504308343
    0.674489737 0.325110078 0.0496312976 0.795606494 0.142407626
    0.377196848 0.213920802 0.367787778 0.404277772 0.224925756
    0.591176808 0.513265729 0.622939408 0.205255091 0.370375663
    0.297964752 0.365213007 0.174571007 0.935567498 0.0160443783
    0.559612155 0.921208501 0.419215322 0.770280242 0.856093228
    0.867021918 0.0326465666 0.0412963331 0.536400616 0.988071144
    0.459191114 0.485947907 0.927669883 0.417045057 0.959577918
    0.399912834 0.708055854 0.67948997 0.509142041 0.0405342877
    0.399924666 0.149461627 0.205576062 0.172462702 0.0449954569
    0.768980265 0.442208946 0.39909935 0.196604013 0.155523151
    0.712257504 0.157533973 0.504950225 0.221932679 0.719564378
    0.262141466 0.312904418 0.304527164 0.641864777 0.264054179
    0.761126518 0.954648972 0.412305057 0.691340923 0.0468321443
    0.369256109 0.0774319172 0.972968221 0.963548422 0.505879939
    0.508526683 0.448432714 0.163538784 0.114572138 0.235721886
    0.750160515 0.0284235179 0.565020382 0.857681453 0.410471857
    0.835679293 0.114222676 0.785247326 0.892561138 0.694872856
    0.380440176 0.348908126 0.338678241 0.356290042 0.830780029
    0.804755211 0.901278138 0.471825153 0.468286037 0.862351656
    0.759170175 0.0752663016 0.93881011 0.181674749 0.540193498
    0.554397404 0.386157334 0.956216156 0.144369602 0.0956923068
    0.67186898 0.63688755 0.673739433 0.616530538 0.860882878
    0.754459977 0.732004404 0.85792613 0.720911384 0.108493626
    0.988144398 0.712135792 0.720329404 0.0480649769 0.129028469
    0.24649322 0.20109722 0.155476213 0.699424505 0.402576238
    0.711972892 0.905034542 0.760333419 0.976157308 0.606349707
    0.0707316101 0.492655486 0.864686131 0.90553689 0.297114313
    0.510752738 0.152312756 0.613060772 0.463446468 0.142048687
    0.947706461 0.930688858 0.785147011 0.87496388 0.74911195
    0.721177161 0.285498291 0.507705688 0.783818603 0.187096417
    0.267744064 0.3405177 0.312952369 0.273893833 0.110956788
    0.829222679 0.538639486 0.926482439 0.253371179 0.125472009
    0.598730385 0.386171758 0.00978899002 0.170888603 0.068233341
    0.651666045 0.697670698 0.0846739709 0.635951042 0.311806679
    0.343322515 0.416045249 0.612313986 0.269266546 0.44964391
    0.480423063 0.254670203 0.301720262 0.0977788568 0.668936014
    0.772291541 0.124141157 0.607199013 0.21960488 0.975499392
    0.863626361 0.769753337 0.244494498 0.641490757 0.0916683078
    0.909361541 0.251308054 0.0596680641 0.76820296 0.0443937182
    0.984522581 0.726235509 0.0240409672 0.13239947 0.587966323
    0.523831487 0.339093268 0.511118591 0.933740735 0.711107612
    0.452291906 0.159192502 0.167875558 0.38572529 0.423125744
    0.410443604 0.289788008 1.47819519e-05 0.338791907 0.959038138
    0.954893708 0.604660869 0.168070465 0.48527512 0.138088197
    0.548058987 0.0145664513 0.877264559 0.42775467 0.164654195
    0.833754838 0.942838192 0.971962571 0.725898325 0.0716445446
    0.0487124622 0.35386622 0.389482588 0.150949121 0.969408274
    0.788602829 0.467733145 0.478722155 0.797258317 0.0385840833
    0.566308856 0.707481384 0.0634609759 0.093667239 0.428000271
    0.267373204 0.126773 0.0240036249 0.670177102 0.389250129
    0.342735589 0.0841149688 0.0693592727 0.371089071 0.720409274
    0.298692524 0.538660049 0.107608855 0.817536294 0.109964401
    0.677156866 0.293368936 0.204254776 0.711957097 0.488407791
    0.527574897 0.791890502 0.771121144 0.695547938 0.484442651
    0.323418289 0.638007164 0.0480364263 0.0823590755 0.80153358
    0.585349202 0.458986193 0.952682495 0.167889208 0.947571874
    0.492993683 0.472801626 0.157227963 0.0688494742 0.556249022
    0.719466507 0.686536431 0.352363378 0.565267384 0.669414759
    0.439614147 0.010057658 0.633204818 0.182426453 0.884258628
    0.324348271 0.4645648 0.0657321811 0.75382632 0.972694397
    0.878647208 0.562071919 0.31444484 0.941050649 0.640690386
    0.290370792 0.544907093 0.323762953 0.563205779 0.603577554
    0.176978916 0.274862498 0.931208611 0.546136677 0.0323072076
    0.68708998 0.888502538 0.864028752 0.754381359 0.112486154
    0.680499196 0.988557816 0.048541069 0.647941053 0.670119107
    0.711267412 0.509424627 0.179809213 0.734326243 0.35311538
    0.397866547 0.170574069 0.65011996 0.354727328 0.364554107
    0.536093771 0.480427831 0.0567188859 0.0457558334 0.658126295
    0.88722527 0.578015029 0.521422863 0.519908845 0.534473956
    0.385406792 0.307141662 0.56622684 0.714375615 0.205619127
    0.402210176 0.44742617 0.876509428 0.210731506 0.282002389
    0.365779012 0.748961449 0.17495057 0.60120976 0.693868101
    0.341460466 0.184770375 0.877287388 0.307046533 0.440391153
    0.254637301 0.0984311104 0.589050531 0.852524579 0.754303277
    0.071267575 0.887336969 0.506494939 0.829655528 0.546942711
    0.327405334 0.488675535 0.547590435 0.0510257185 0.848660648
    0.963419855 0.300756931 0.963319659 0.756808877 0.836179376
    0.400827974 0.0411638021 0.0725806952 0.421061814 0.107253939
    0.614276886 0.575754106 0.833954096 0.930805445 0.351543188
    0.995392382 0.0831180513 0.567086995 0.473091036 0.750207186
    0.162240148 0.168917477 0.403693646 0.836520076 0.191370755
    0.0783192515 0.442694753 0.833630204 0.0425085723 0.832388341
    0.263887823 0.396563053 0.45197022 0.560453653 0.787915409
    0.200825721 0.0531969666 0.32399863 0.541049182 0.580515087
    0.576348901 0.379294723 0.189031929 0.95452106 0.374143064
    0.0262401402 0.848427892 0.708881259 0.252825558 0.463070512
    0.750517607 0.616617739 0.999036908 0.930502832 0.056484431
    0.709763646 0.363229811 0.381260812 0.477777064 0.0807339549
    0.691481471 0.362493455 0.997538328 0.618672669 0.970886409
    0.87493825 0.278730094 0.317536056 0.0136064589 0.182379335
    0.794627905 0.176971316 0.738412261 0.746719539 0.645255804
    0.0685258806 0.84270227 0.819508076 0.907255411 0.350434929
    0.919641018 0.616134465 0.793952703 0.432384759 0.917173564
    0.467012405 0.0170547962 0.748898387 0.601526499 0.204922169
    0.381019831 0.560880959 0.527238727 0.0666640699 0.994445801
    0.589059114 0.376520514 0.376323313 0.877006412 0.309264034
    0.635436416 0.436440378 0.602057517 0.632872999 0.914357543
    0.655651271 0.454789102 0.00467246771 0.638089657 0.36365068
    0.196181506 0.278176725 0.138426095 0.809809268 0.430072844
    0.257084906 0.376697958 0.961071253 0.556788862 0.0183775723
    0.111327887 0.169963479 0.242099285 0.298564792 0.75821656
    0.00384694338 0.0894075036 0.847308159 0.98735714 0.0615160167
    0.616670489 0.190753609 0.558987498 0.433511823 0.559444845
    0.90788883 0.60886991 0.301614523 0.644284368 0.897948384
    0.352642894 0.581323087 0.626412809 0.596726 0.319956481 0.487061977
    0.110184968 0.284421146 0.0495249033 0.174961478 0.690240502
    0.834615111 0.137656212 0.250032246 0.239522159 0.680954635
    0.667616963 0.292144299 0.23714754 0.806828737 0.437154949
    0.607026935 0.592747092 0.402026415 0.212454319 0.777526796
    0.0267249048 0.556543946 0.25128144 0.647109926 0.23212111
    0.597304821 0.729588032 0.471765846 0.177784026 0.822536826
    0.149400383 0.505451202 0.876872778 0.431289047 0.820579886
    0.785381496 0.57424885 0.770078659 0.87764585 0.207816273
    0.896597862 0.118024588 0.755053878 0.148860425 0.414902687
    0.418590784 0.1167337 0.0292299092 0.797694921 0.158334732
    0.702939749 0.798449576 0.463570774 0.00414043665 0.0112056136
    0.201026678 0.401643813 0.122539908 0.434547096 0.636793137
    0.298571348 0.0437256992 0.254192054 0.739951372 0.748915434
    0.77976656 0.768471181 0.146062285 0.795809507 0.757458568
    0.393522382 0.945964634 0.259867966 0.865014791 0.304689467
    0.133701265 0.858076215 0.247973472 0.0246524513 0.364111602
    0.510217488 0.666122913 0.784298182 0.234492034 0.474154502
    0.102638572 0.383220792 0.704372108 0.389157146 0.717803717
    0.756988406 0.872788072 0.211354643 0.773664117 0.529580891
    0.125467658 0.366118491 0.55737102 0.618117213 0.898050189
    0.78364414 0.186606437 0.255577445 0.991016626 0.202616125
    0.200461984 0.355184972 0.615484178 0.934971213 0.797200203
    0.493472904 0.221657783 0.632531643 0.84294337 0.713203669
    0.667427957 0.774392724 0.54153198 0.0111721754 0.391799361
    0.0359603465 0.24379909 0.306479096 0.203517497 0.882189393
    0.640205741 0.353659809 0.780278981 0.558550954 0.519468844
    0.299046934 0.691778362 0.168412566 0.093469739 0.15061602
    0.974292338 0.457708478 0.879768729 0.577772439 0.0957583785
    0.0481124818 0.773680925 0.254444748 0.38303858 0.892248988
    0.598972023 0.402114779 0.899844527 0.113362074 0.894013941
    0.289246321 0.899894595 0.108539522 0.454137921 0.479386151
    0.830184877 0.741286039 0.617302299 0.188698858 0.115863949
    0.328670919 0.859238267 0.918477714 0.661299467 0.810877442
    0.720620453 0.838144064 0.557904482 0.807184935 0.675735176
    0.913458169 0.314671516 0.345437855 0.826220632 0.0437045097
    0.528981924 0.718497336 0.359079391 0.370034337 0.416160911
    0.359251797 0.393345833 0.305320799 0.580662489 0.767692208
    0.188052922 0.601952136 0.989820778 0.0816600323 0.558821261
    0.483590454 0.300422847 0.6122877 0.780323029 0.761137605
    0.148417443 0.222029269 0.0705823004 0.80763185 0.323251128
    0.29968375 0.0327566564 0.0584379137 0.482974768 0.481854647
    0.475048572 0.721834183 0.94865638 0.085398823 0.548419952
    0.247168183 0.0328511596 0.554235935 0.890730858 0.326394618
    0.605929375 0.876182199 0.775583029 0.354573309 0.763162255
    0.234312057 0.810463309 0.828130841 0.833458662 0.569588959
    0.151293606 0.845187306 0.741187274 0.682864428 0.480443001
    0.305357158 0.703483641 0.939988375 0.206247985 0.73625958
    0.48479557 0.0382254124 0.935695291 0.0523709059 0.357589245
    0.35566017 0.19078657 0.170194149 0.275822192 0.88406682 0.43375957
    0.622766078 0.336512983 0.757121325 0.449471027 0.260492384
    0.777038813 0.0815285742 0.926619291 0.0129519999 0.223906815
    0.103312641 0.12341693 0.797062993 0.355133414 0.712226987
    0.636586785 0.933486819 0.0981894433 0.696400821 0.293203473
    0.294821203 0.329913735 0.53909421 0.602945387 0.537847579
    0.845112383 0.449962407 0.419463098 0.518304288 0.609088242
    0.445909023 0.573935807 0.718779624 0.909045577 0.244937479
    0.643562675 0.2976349 0.991903722 0.257930845 0.841682076
    0.480433375 0.833221197 0.808525264 0.835588694 0.445504755
    0.928369462 0.880707979 0.915704131 0.33246696 0.217066258
    0.479444951 0.709841907 0.968883038 0.955091238 0.690537333
    0.632233441 0.802523375 0.631321251 0.020293504 0.0462216139
    0.804357171 0.579959214 0.607871056 0.00992971659 0.555236757
    0.82544601 0.649561942 0.27546823 0.00939548016 0.405165851
    0.795034766 0.428053886 0.668168426 0.433807135 0.243763238
    0.817788601 0.142505705 0.712215662 0.207764626 0.489969969
    0.99973017 0.856472671 0.949061751 0.750036716 0.775086164
    0.379614443 0.928465605 0.0535451472 0.38306278 0.165819526
    0.0166020989 0.290784776 0.559547067 0.593029857 0.0847922564
    0.755788207 0.337272435 0.198365629 0.183478147 0.0565357804
    0.478736073 0.365686715 0.462881804 0.974924326 0.147592664
    0.620249629 0.694151521 0.601742327 0.211269051 0.980377793
    0.63109237 0.115143299 0.36370489 0.43021059 0.857869864 0.841250479
    0.182256073 0.97409761 0.863790393 0.844817996 0.812152743
    0.295051008 0.293733716 0.145830303 0.0196458101 0.369744182
    0.200940758 0.433757633 0.123141706 0.226196885 0.682832778
    0.746408939 0.624708652 0.603020549 0.667699277 0.977331758
    0.775676847 0.395523846 0.77665031 0.0810391307 0.445517778
    0.450436682 0.588078618 0.597213864 0.716116011 0.203820944
    0.62432456 0.480846673 0.45538348 0.528592706 0.471263498
    0.987859488 0.785394669 0.216233552 0.513218105 0.116815448
    0.256960869 0.561390817 0.602181733 0.063613534 0.223663241
    0.859836042 0.595285058 0.240008593 0.204405785 0.299169481
    0.493017316 0.353850156 0.180974841 0.501915455 0.0697431564
    0.537255347 0.914469361 0.0974572003 0.818663597 0.267496079
    0.974862158 0.704140544 0.263857722 0.683929443 0.741250336
    0.79603982 0.992034912 0.536072969 0.947986543 0.136952966
    0.901260972 0.237463474 0.496515542 0.868086934 0.948723257
    0.646318316 0.161387593 0.0265820026 0.721168756 0.916146338
    0.555350602 0.90425384 0.784106493 0.347533822 0.883444488
    0.475166559 0.457272857 0.924941003 0.86444211 0.89586699
    0.168428928 0.592719734 0.71837163 0.372091711 0.0726446807
    0.393149853 0.657998383 0.592632353 0.688759804 0.692645907
    0.282521099 0.799017906 0.215505213 0.46129939 0.287510931
    0.582825124 0.178117722 0.298049986 0.0405635834 0.801549733
    0.583863974 0.637119353 0.917789221 0.690046549 0.240728706
    0.643512309 0.0673571825 0.715325832 0.707116544 0.857558429
    0.522565365 0.580818176 0.573119164 0.383679181 0.0617661178
    0.223974019 0.990133643 0.424546123 0.211580724 0.382833838
    0.631119967 0.0892847776 0.850275457 0.417759389 0.549842179
    0.699173093 0.237841934 0.829670191 0.0721088052 0.562726498
    0.607602298 0.757077277 0.00549396873 0.0325302184 0.516234756
    0.109556317 0.40050891 0.1480878 0.067761302 0.721358299 0.67565304
    0.116447598 0.0162645578 0.993415534 0.84309876 0.0867845416
    0.0428644419 0.0984955728 0.228359401 0.318206131 0.602359831
    0.882743835 0.518239141 0.0903294683 0.998247385 0.135305375
    0.714090705 0.112206429 0.358777285 0.25124234 0.694699287
    0.884962678 0.100331038 0.428891063 0.00259962678 0.174549907
    0.628281355 0.307118416 0.840129852 0.576624513 0.162067026
    0.923483372 0.460629612 0.122237265 0.852236211 0.47898066
    0.697741628 0.898234963 0.436252415 0.519161701 0.0890288353
    0.676729023 0.45048058 0.324759722 0.71324259 0.398072988
    0.341858238 0.22910887 0.998273611 0.969130099 0.86020112
    0.410731018 0.483745396 0.958008528 0.240485072 0.213072419
    0.649105668 0.450658947 0.892440617 0.56176126 0.90024972
    0.327973902 0.399941385 0.3968651 0.534717143 0.552913189
    0.0448007882 0.430475265 0.825827956 0.211484551 0.564178765
    0.670712054 0.532367766 0.252739459 0.0794349313 0.989597142
    0.985092163 0.605793834 0.615324795 0.445704937 0.781914949
    0.847018719 0.414983809 0.752855182 0.687308371 0.418817818
    0.144144952 0.77607733 0.156491041 0.796781898 0.618948638
    0.73296082 0.225775093 0.156871766 0.931381941 0.527526259
    0.568806231 0.673610508 0.768989563 0.739395916 0.787160993
    0.134796649 0.748104095 0.584162116 0.0461030006 0.191972882
    0.58892709 0.697771192 0.787300169 0.797786474 0.943467021
    0.0200659931 0.119627744 0.581087708 0.941553354 0.292395055
    0.0227957368 0.994345307 0.785725355 0.0809466243 0.233311743
    0.596095562 0.961802542 0.027213037 0.58629024 0.472028762
    0.405360371 0.907453299 0.2126351 0.435207129 0.727163255
    0.284301043 0.209005088 0.619906723 0.165877491 0.346934766
    0.154851735 0.105570763 0.0577920973 0.450279713 0.0239526331
    0.309920371 0.188501447 0.869937956 0.32776013 0.487418234
    0.47726202 0.447467238 0.369416833 0.588303447 0.393731505
    0.443390191 0.584573209 0.572248876 0.136156648 0.778151751
    0.329731166 0.384468555 0.467310488 0.471425116 0.398143679
    0.37250942 0.18969658 0.991586745 0.842957377 0.91343838 0.119899184
    0.101655602 0.0890242755 0.299803495 0.63901186 0.953267336
    0.903624535 0.532113492 0.0773532391 0.443752497 0.313611954
    0.856418252 0.951848805 0.694297075 0.0235264003 0.619939327
    0.880841851 0.70508182 0.713703752 0.975032806 0.48209241
    0.253403783 0.771730185 0.962656975 0.400068015 0.86671418
    0.208662093 0.0706955194 0.424466342 0.839505136 0.908165455
    0.653039277 0.844059587 0.871550441 0.302155912 0.0167168379
    0.759056628 0.201714277 0.863134503 0.389543504 0.332341552
    0.0770976841 0.4014754 0.546613753 0.0432657599 0.395424068
    0.877197623 0.159993142 0.349921674 0.370804459 0.102053314
    0.747009814 0.0447138548 0.516465843 0.665204883 0.417591691
    0.0366316438 0.919073939 0.23212111 0.982831955 0.574483037
    0.164855361 0.491386682 0.279225409 0.0892942548 0.907841802
    0.493817508 0.344256729 0.883891165 0.387666494 0.902681231
    0.0180421472 0.927999556 0.767868876 0.758434236 0.954537988
    0.763591528 0.969547808 0.60596633 0.623265147 0.941481054
    0.959524155 0.659636378 0.660771787 0.667862177 0.73637104
    0.650221705 0.447275639 0.305475891 0.808897018 0.426690638
    0.85850811 0.399119556 0.904444814 0.286018431 0.772886395
    0.126265943 0.29151094 0.479455113 0.0599123538 0.0716078877
    0.430671632 0.193375826 0.144769907 0.786381006 0.27578789
    0.954652905 0.195414573 0.432321817 0.501855195 0.0467590988
    0.837138653 0.369120657 0.678331137 0.971505642 0.241553575
    0.0686685741 0.609854996 0.714313865 0.761467457 0.209826648
    0.642846406 0.705196261 0.152320862 0.870235503 0.367616951
    0.0987173617 0.305315703 0.729051769 0.698717952 0.550692439
    0.422530591 0.690405488 0.0219422281 0.831940532 0.65472281
    0.580384851 0.09368819 0.658252239 0.549630046 0.886669636
    0.816788554 0.297071218 0.225940287 0.911448121 0.467589855
    0.142193466 0.505318403 0.327150702 0.222315222 0.796285272
    0.364988446 0.897607207 0.516429961 0.00544667244 0.0810317099
    0.689153314 0.397328556 0.915503502 0.273995519 0.714989126
    0.760412991 0.588762641 0.412394911 0.448939383 0.141164392
    0.0740200877 0.808562994 0.831986189 0.68724674 0.38116914
    0.823462069 0.464942127 0.892506361 0.837974846 0.776757598
    0.563091874 0.990895092 0.543443799 0.574367046 0.176061034
    0.586970866 0.894343197 0.274080157 0.475886136 0.894283414
    0.120070606 0.586636186 0.90222466 0.556945682 0.228950024
    0.00583419204 0.81992805 0.805827379 0.202562451 0.325821698
    0.0814648569 0.496529549 0.146241724 0.946853638 0.595239758
    0.932637215 0.246004105 0.375612676 0.952110589 0.830194116
    0.0327067077 0.0200235844 0.0641787052 0.44808799 0.0727185905
    0.0427608788 0.234620392 0.213294327 0.0204622447 0.700693488
    0.08621189 0.675997794 0.223032534 0.057664752 0.708256006
    0.0486804843 0.857922018 0.515956759 0.776894987 0.375284374
    0.962266743 0.00981894135 0.239878237 0.638747871 0.709674895
    0.908951879 0.820740581 0.395220518 0.667160392 0.662514448
    0.842991948 0.841818213 0.150889486 0.95182234 0.438925624
    0.892781973 0.553073823 0.746636152 0.521759808 0.664839029
    0.141589612 0.210682124 0.398340762 0.672733426 0.402776241
    0.160492808 0.986925364 0.749799252 0.964616477 0.0602887869
    0.472269952 0.102664053 0.537347794 0.252905279 0.0127962232
    0.453680009 0.0422619879 0.0609657168 0.233771354 0.677584887
    0.103966504 0.698986769 0.038613677 0.558292985 0.0394959152
    0.710159898 0.666165352 0.484233409 0.652397037 0.334034026
    0.832075298 0.00216811895 0.906237364 0.014121443 0.0904436111
    0.277226239 0.268183112 0.769955754 0.717916071 0.225010127
    0.775158823 0.613431692 0.368045181 0.860421538 0.170856863
    0.892715693 0.32313323 0.862498045 0.193123162 0.237945199
    0.679277897 0.470477849 0.664234161 0.00365552306 0.511426568
    0.587641299 0.0379499793 0.21627146 0.051851362 0.957022071
    0.901585698 0.746298909 0.184032172 0.741590202 0.246314108
    0.287943661 0.534166157 0.740400434 0.841623187 0.555512547
    0.789331436 0.637395978 0.983144283 0.446454883 0.23106721
    0.224770784 0.98474586 0.859323025 0.0775806904 0.0468988419
    0.266662836 0.558295488 0.569199264 0.804271102 0.727893114
    0.28844735 0.386928141 0.99828738 0.0490435362 0.936290145
    0.220989317 0.263092041 0.693993568 0.495248616 0.282200277
    0.0569004714 0.454605728 0.819456875 0.0172709823 0.425759465
    0.518209398 0.156878322 0.87546587 0.140458107 0.612379134
    0.754048467 0.210039854 0.501648486 0.777131438 0.821621895
    0.299866557 0.950749397 0.204133004 0.702460408 0.874932528
    0.218741089 0.578558564 0.59983623 0.974253297 0.683792949 0.926229
    0.977499604 0.341192245 0.448108852 0.429711938 0.265259206
    0.629264951 0.802201986 0.878247142 0.11482653 0.979995489
    0.794329405 0.370725423 0.573547125 0.833527327 0.292426288
    0.0876702666 0.615169287 0.668701887 0.197849929 0.680277824
    0.223562002 0.597295225 0.313133955 0.307670206 0.980430484
    0.274253577 0.298458397 0.0567948818 0.262800872 0.985179543
    0.193383157 0.0167654157 0.149465144 0.0497044623 0.2582165
    0.422733814 0.464504689 0.481812745 0.39151445 0.637782454
    0.00340238214 0.393344879 0.393580049 0.725387335 0.244304895
    0.937455952 0.101219952 0.923810244 0.962428212 0.0573179126
    0.157052845 0.0820938647 0.915070951 0.402563334 0.315281659
    0.489201099 0.33637765 0.469472498 0.251966596 0.0549742579
    0.185258925 0.668287218 0.613828838 0.51254487 0.226901054
    0.235899001 0.617912591 0.833013058 0.390137315 0.765447557
    0.353689104 0.234839767 0.0085849762 0.888347566 0.919019103
    0.928365111 0.475364387 0.756625533 0.0100160539 0.597542405
    0.833668947 0.681653142 0.923030615 0.0340235531 0.203635991
    0.190435857 0.781374216 0.656998456 0.238368392 0.912385941
    0.605017602 0.741080165 0.836954236 0.464786619 0.114877105
    0.0964963734 0.0152920783 0.328660488 0.763953626 0.231685817
    0.362029493 0.649519742 0.947731853 0.714800715 0.0978421569
    0.630969346 0.234301627 0.229605466 0.754184127 0.320516765
    0.0672037899 0.523841798 0.12400198 0.663586855 0.582884014
    0.600470662 0.423806429 0.965239406 0.218067825 0.389993429
    0.116289914 0.305305541 0.561063886 0.0829167664 0.407231718
    0.668753147 0.75144434 0.337158978 0.603551507 0.756410718
    0.698111594 0.810361922 0.949088156 0.942083895 0.128148973
    0.3670488 0.239516437 0.477924913 0.704777122 0.259566367
    0.0831130445 0.0237760544 0.483390182 0.768328428 0.237107694
    0.443180531 0.26957655 0.80518049 0.899375379 0.966255307
    0.410714895 0.518596292 0.952448368 0.482640922 0.212552041
    0.0779229105 0.13514331 0.614683807 0.337684929 0.127177864
    0.28336519 0.495754838 0.0964802504 0.680705369 0.317483366
    0.733266115 0.00998693705 0.257138669 0.0337964594 0.940725684
    0.672534585 0.643352687 0.370372444 0.534491897 0.0447100699
    0.526234865 0.586316586 0.544740856 0.25381124 0.369849622
    0.744028091 0.896918833 0.35747385 0.932549477 0.843088329
    0.634323537 0.559717894 0.0142367482 0.839076579 0.382066041
    0.169815958 0.0746881366 0.418102384 0.580621839 0.373197258
    0.151917398 0.874335766 0.329502434 0.322629333 0.429353535
    0.202733994 0.205783308 0.116974235 0.485614061 0.577368379
    0.202813327 0.848956823 0.122570097 0.763418615 0.983902037
    0.853117228 0.799495339 0.292573631 0.892550707 0.399721503
    0.193842679 0.693969727 0.655315876 0.543303728 0.133013815
    0.641083062 0.123332679 0.814121127 0.892154098 0.947686076
    0.306284308 0.803907752 0.948595881 0.72347945 0.349904478
    0.573374629 0.911454082 0.417592555 0.743896782 0.165979743
    0.384903431 0.26031363 0.481579363 0.361815482 0.228272647
    0.971876383 0.601178825 0.532385111 0.964476228 0.479238957
    0.318846703 0.00562387705 0.201360822 0.773835003 0.282864392
    0.655055285 0.162161648 0.164606869 0.643415213 0.586488545
    0.819674611 0.917310894 0.689813018 0.673772573 0.727887332
    0.390488207 0.223092794 0.412917763 0.662482738 0.324848413
    0.205603898 0.55076623 0.385110021 0.95072031 0.844573081 0.73324573
    0.325408995 0.0278778672 0.573264301 0.766243815 0.682361126
    0.970000982 0.161273271 0.25244087 0.250984013 0.682971418
    0.608748376 0.941097975 0.252547383 0.932177663 0.968913019
    0.775221944 0.398387969 0.899351597 0.319819093 0.326292634
    0.795221269 0.924475908 0.340581536 0.893120766 0.389425844
    0.680064917 0.387688607 0.203076303 0.94738555 0.126992941
    0.195002347 0.164832562 0.594859302 0.0159624815 0.840304732
    0.557948112 0.206861585 0.121797532 0.324474216 0.852585375
    0.509046435 0.0506899953 0.267160356 0.169878244 0.985000372
    0.65333575 0.472715288 0.0532685518 0.596489847 0.53864181
    0.660886765 0.42477721 0.494032502 0.0474991798 0.0948162675
    0.798286021 0.536684155 0.731042922 0.745019019 0.195211947
    0.800117314 0.260999531 0.804691195 0.879267454 0.461626768
    0.870498598 0.624823928 0.777060628 0.213665694 0.402635038
    0.958800912 0.795307517 0.820880413 0.446159482 0.821038008
    0.622365534 0.170084476 0.101861835 0.273496151 0.0386740267
    0.542219877 0.146906465 0.739324033 0.903434277 0.242809951
    0.415147364 0.746384621 0.521996558 0.729565084 0.34003216
    0.52913928 0.831704736 0.404659957 0.257271409 0.591182828
    0.703479648 0.805983305 0.707775533 0.861656249 0.818870068
    0.984033167 0.273753673 0.458071858 0.206641763 0.403588682
    0.416129649 0.24977228 0.278342605 0.79049015 0.779546797
    0.584445298 0.807842135 0.855062544 0.199243724 0.794290304
    0.188098371 0.274449646 0.756114841 0.788741708 0.969826162
    0.581485569 0.0452976525 0.796008229 0.116140485 0.288489163
    0.00205671787 0.121573925 0.177278757 0.171590209 0.93945384
    0.352825463 0.336407483 0.568343699 0.67605865 0.921864867
    0.890152574 0.418841183 0.463894457 0.163948029 0.035185039
    0.48161146 0.268134773 0.829416871 0.0542589128 0.0529875457
    0.766911924 0.367922455 0.857517958 0.400310457 0.745209336
    0.657513082 0.143704206 0.971490741 0.790924549 0.631968677
    0.28287667 0.435263216 0.702705979 0.202576965 0.638095737
    0.873169899 0.767615318 0.451633185 0.776086986 0.446208835
    0.431787342 0.0466961861 0.359581828 0.752557695 0.385627389
    0.663674295 0.86443162 0.191179723 0.442624122 0.349491239
    0.172604978 0.126090497 0.853239179 0.872920752 0.231083035
    0.588084459 0.346293747 0.394504368 0.203129888 0.248699456
    0.609700382 0.330401242 0.369517624 0.202391803 0.797726989
    0.745697141 0.537460923 0.257989585 0.445310235 0.218606234
    0.835914969 0.958871305 0.118784875 0.837091744 0.964861929
    0.41946277 0.381235301 0.676509261 0.512167871 0.733366132
    0.591732025 0.595979452 0.0940224528 0.392771006 0.207063079
    0.809849501 0.840627372 0.309312224 0.788774192 0.662289441
    0.00724205375 0.910372198 0.772559941 0.0535547733 0.251031041
    0.0301197469 0.300666213 0.96192944 0.164916009 0.864383161
    0.583713174 0.682112515 0.0663059652 0.1086981 0.94456327
    0.299711466 0.532639802 0.324765086 0.41247493 0.481472313
    0.05311203 0.060561955 0.936633587 0.80683583 0.24399972 0.583174825
    0.376679599 0.289505303 0.726997077 0.909878552 0.714004993
    0.898898244 0.616386533 0.468609542 0.910775423 0.754080176
    0.770332158 0.813124537 0.748226583 0.132055074 0.719575465
    0.98657912 0.43722409 0.790447295 0.0563923419 0.753735006
    0.331336945 0.931431532 0.19323945 0.686243773 0.219480127
    0.722772181 0.744704485 0.392085016 0.242665619 0.707251072
    0.490557432 0.213751525 0.462644011 0.370303363 0.475948215
    0.413923025 0.49556154 0.603572726 0.506283581 0.578225017
    0.0719723105 0.879564166 0.545272529 0.114578933 0.801243365
    0.482922822 0.566519678 0.549729168 0.0795812011 0.142442435
    0.0735111237 0.753926396 0.894011855 0.364034295 0.420920879
    0.140586376 0.382215351 0.0470818281 0.315642118 0.443333387
    0.844143748 0.410209745 0.100176156 0.688809395 0.558216512
    0.78485775 0.372062743 0.345526338 0.633142889 0.424533963
    0.113060832 0.190347731 0.791296244 0.029230386 0.3727718
    0.878528833 0.600247383 0.876127958 0.475829691 0.45043841
    0.766398191 0.251122057 0.664749086 0.698831141 0.0845119357
    0.128631711 0.159944773 0.0862707198 0.688472211 0.838763773
    0.152115077 0.323973686 0.315785706 0.253437102 0.990685225
    0.180478871 0.161935389 0.218573809 0.561191916 0.188725203
    0.502847791 0.389356017 0.990130305 0.355648279 0.0738710165
    0.606453001 0.478875637 0.756827593 0.903721094 0.915241718
    0.285377383 0.52006799 0.138291121 0.128946424 0.112742633
    0.427325219 0.550634086 0.997024655 0.0909279883 0.0293962657
    0.746615052 0.904869437 0.590384662 0.230741203 0.360189021
    0.313102424 0.940631866 0.48571077 0.0256282687 0.714262784
    0.23907125 0.847476184 0.315256298 0.293518156 0.306383818
    0.665836394 0.0151184201 0.42312479 0.849121451 0.645085573
    0.312874794 0.796567559 0.0224161446 0.640638053 0.791083097
    0.822553098 0.249434471 0.522058845 0.722308517 0.18762663
    0.87092495 0.875127554 0.72858572 0.623055875 0.992563963
    0.323990136 0.561938167 0.0595241189 0.739371717 0.478711963
    0.871635675 0.71613878 0.721251011 0.612785459 0.0855545998
    0.188888729 0.617716074 0.37261951 0.0614351034 0.987655699
    0.615953803 0.188226342 0.679093242 0.55606246 0.942289352
    0.146488219 0.501533926 0.513927937 0.425849587 0.863059759
    0.324246824 0.261949956 0.0127440691 0.504609644 0.597858012
    0.32034725 0.758038521 0.279525369 0.5699417 0.880427003 0.3226946
    0.303012013 0.958413363 0.313630313 0.435458779 0.791979432
    0.164294839 0.16462931 0.0194997191 0.961775899 0.273182899
    0.279816419 0.578777671 0.162420392 0.246625215 0.069483012
    0.374223232 0.436941862 0.120231181 0.736681223 0.108992547
    0.09561342 0.780976534 0.424917758 0.249680609 0.166930884 0.9401021
    0.963469386 0.3591322 0.742657781 0.23837778 0.357962638
    0.0200704634 0.304591119 0.33951962 0.202857345 0.838639617
    0.218882442 0.61807853 0.574700177 0.321231931 0.93342346
    0.405940831 0.686789274 0.451167673 0.63104558 0.83972013
    0.943717599 0.292164087 0.616883993 0.0884686708 0.205314755
    0.642760098 0.259010524 0.588517964 0.143061042 0.484587669
    0.514040649 0.932567656 0.87448287 0.451453149 0.596577406
    0.868443131 0.372310519 0.662530601 0.925887167 0.939728856
    0.835086346 0.336124688 0.0609232187 0.429300427 0.0920015275
    0.636332333 0.186647475 0.861290932 0.715741932 0.432571292
    0.0245685875 0.434809208 0.927714109 0.788179755 0.532239854
    0.766133666 0.277909756 0.637524426 0.741465628 0.613649726
    0.498965442 0.325154513 0.62167424 0.391447067 0.460314512
    0.156798512 0.396737844 0.360842228 0.190879464 0.55141592
    0.841671348 0.587809801 0.12478599 0.961601496 0.667831123
    0.908779144 0.76739794 0.985659957 0.808028579 0.0579607785
    0.459175289 0.361028492 0.713449597 0.489093423 0.456402868
    0.744278193 0.174887031 0.618155956 0.323637724 0.808543265
    0.572378457 0.736721277 0.36127606 0.0450884998 0.615509868
    0.0182271898 0.218678653 0.413213015 0.108168781 0.0912844241
    0.512712181 0.354312301 0.157260209 0.149829566 0.254687339
    0.984533429 0.844186366 0.274731636 0.900274515 0.238338172
    0.703425467 0.787925005 0.113019168 0.919101357 0.381501794
    0.325955749 0.81639421 0.0854093134 0.27318573 0.131326795 0.3828336
    0.653724909 0.229062766 0.717689157 0.337596685 0.616960883
    0.78786546 0.914074123 0.535184383 0.577551067 0.913166642
    0.0651113093 0.284258366 0.887501955 0.933503866 0.971490741
    0.1584557 0.689914942 0.583316445 0.421986639 0.382616073 0.7851156
    0.159166813 0.922958314 0.335285246 0.728380203 0.235171318
    0.947098851 0.960906625 0.495541513 0.362682581 0.90966022
    0.206042081 0.141511232 0.802522659 0.516642809 0.505587697
    0.33721149 0.871847987 0.365448236 0.357648492 0.442143142
    0.703571081 0.307781816 0.967724681 0.0375924408 0.751750112
    0.153238863 0.130053014 0.247880936 0.183843136 0.796750903
    0.197724938 0.0606920123 0.260054976 0.291758955 0.681477308
    0.266376793 0.826576114 0.989222884 0.0289758742 0.503478706
    0.890081048 0.127424359 0.242276967 0.852910519 0.386306107
    0.50927949 0.887366116 0.644006312 0.693626046 0.343050271
    0.97308588 0.087513864 0.52950263 0.715497613 0.538128495
    0.586022317 0.526236176 0.921939135 0.320552707 0.294078857
    0.440588146 0.0603323579 0.840874076 0.452401638 0.91178894
    0.802563906 0.515382588 0.940253973 0.838100553 0.234580308
    0.925118923 0.867777109 0.166994005 0.601058304 0.246717036
    0.657075107 0.625748932 0.605812073 0.546119332 0.903978288
    0.51868397 0.199430764 0.696747839 0.404405147 0.734966576
    0.656301796 0.457731098 0.262943864 0.166308552 0.0729054809
    0.348201126 0.800937414 0.209424347 0.229807496 0.381437123
    0.3695409 0.883059382 0.174394906 0.0698884428 0.878557086
    0.28095299 0.0141252279 0.935800433 0.224113017 0.646157146
    0.0580267012 0.455458403 0.448867768 0.351778448 0.886083961
    0.505781293 0.859168649 0.132557899 0.0762265027 0.000908911228
    0.666442394 0.788145781 0.747701883 0.7118572 0.303355277
    0.989295363 0.0372045636 0.0587233305 0.809222102 0.437188685
    0.874889731 0.455685437 0.0641464591 0.887322962 0.702759624
    0.422179699 0.00506725907 0.163719267 0.978896499 0.95895642
    0.653627992 0.518513858 0.442834496 0.921751559 0.60021776
    0.556213498 0.144704849 0.905689657 0.452726632 0.587813497
    0.0385619402 0.497757226 0.0833560228 0.678299606 0.83650583
    0.429484427 0.897799969 0.303150594 0.165362954 0.0125239193
    0.18483296 0.906252146 0.865824461 0.85093379 0.0544759631
    0.850471795 0.69059968 0.615757346 0.669059336 0.994553864
    0.842760444 0.953977764 0.970348477 0.289385468 0.645653129
    0.614655316 0.176736802 0.453666657 0.586311579 0.891539574
    0.256691813 0.59422189 0.369613647 0.592086077 0.837715983
    0.46683839 0.452984482 0.845090151 0.252611339 0.611389995
    0.795822859 0.644595861 0.238944918 0.647414565 0.669910312
    0.775855184 0.658257782 0.570176005 0.733558416 0.968030214
    0.945409238 0.543055058 0.95216161 0.246580482 0.0387321711
    0.750600159 0.565305948 0.588447809 0.581069708 0.862406611
    0.277441502 0.0314602852 0.570960939 0.836877167 0.0577529073
    0.723236203 0.465081543 0.608217299 0.751922429 0.624056995
    0.574222624 0.516040444 0.744815171 0.723494172 0.430516958
    0.654695272 0.924764752 0.281009555 0.643705845 0.412186265
    0.701136887 0.0985922515 0.846014023 0.180270791 0.362166703
    0.525728226 0.737139881 0.0357398391 0.685908437 0.436222374
    0.491414905 0.995973527 0.15519464 0.480205983 0.0693840981
    0.549543023 0.540506184 0.693360627 0.264761627 0.451373875
    0.599198937 0.760782063 0.495015472 0.204870254 0.856071115
    0.879247248 0.000665426254 0.70431006 0.809178412 0.995415449
    0.504769862 0.898937404 0.031388253 0.368329346 0.268155515
    0.824860036 0.166751981 0.795414448 0.314688325 0.511146784
    0.299101114 0.756622553 0.999925494 0.394725382 0.167494118
    0.307071298 0.874218166 0.682814479 0.811652303 0.272265494
    0.0927872956 0.721555173 0.659587741 0.268568277 0.680840611
    0.635142565 0.979811072 0.850404739 0.242302179 0.80570519
    0.0542515814 0.211857378 0.829297066 0.284756631 0.57244128
    0.901602745 0.792704821 0.119507015 0.107962161 0.545758665
    0.591520548 0.214461267 0.58290565 0.320097208 0.375152349
    0.620727956 0.918397725 0.870266557 0.173247784 0.928856373
    0.420792043 0.550067484 0.0122794807 0.313621581 0.575624049
    0.114282012 0.23645848 0.955546796 0.0603198111 0.13054809
    0.734341919 0.609152317 0.0743410289 0.613118231 0.446423799
    0.655408382 0.734904289 0.486960649 0.311579406 0.0218780637
    0.704525113 0.549856603 0.536266506 0.522138715 0.550850213
    0.540512919 0.282984436 0.592396736 0.937683105 0.664281249
    0.0599609315 0.714437962 0.832613647 0.891188562 0.986495852
    0.610657692 0.00757429004 0.768790841 0.576568484 0.28231895
    0.874983013 0.593294621 0.945768535 0.864202499 0.513817012
    0.83327949 0.542309523 0.982875288 0.306044042 0.864211738
    0.215676308 0.336475551 0.228498489 0.81768918 0.607144356
    0.592127085 0.720426917 0.711255014 0.176839381 0.705102742
    0.665814936 0.780786157 0.311290324 0.692593694 0.469441801
    0.564026833 0.0799624622 0.506563544 0.64303118 0.597957194
    0.49818784 0.326758087 0.244159788 0.180567324 0.552011549
    0.422646999 0.627577066 0.185875595 0.731882572 0.628639638
    0.598040521 0.032990247 0.106634021 0.0514537394 0.684967041
    0.839858234 0.549305737 0.150322288 0.794424176 0.86640048
    0.836476326 0.47138992 0.696811557 0.388120204 0.279625416
    0.151275426 0.619195282 0.604168057 0.374803841 0.997877359
    0.886526585 0.332653672 0.355083466 0.252108604 0.741082132
    0.179168016 0.528906047 0.436089307 0.0765553713 0.455649376
    0.488983333 0.212479919 0.906023264 0.518865883 0.769971609
    0.910769939 0.866972506 0.64212513 0.13264063 0.209005773
    0.775205851 0.0793614388 0.866207778 0.578985631 0.076351732
    0.865834534 0.132331043 0.00235286355 0.439017117 0.136536509
    0.695301712 0.982009232 0.419130683 0.32170403 0.181297541
    0.520840585 0.250004351 0.0644213557 0.489892602 0.774313092
    0.8436867 0.522916317 0.798518062 0.183452666 0.63464129 0.867842674
    0.67273128 0.00017234683 0.374329984 0.648527741 0.0722114146
    0.851666212 0.827776313 0.117739409 0.11253646 0.586150467
    0.643902779 0.310370147 0.854026675 0.0463749766 0.669469953
    0.706497788 0.546400785 0.556994379 0.0843069851 0.17945835
    0.461002618 0.276682973 0.92424047 0.560542166 0.0920083821
    0.936010718 0.606360257 0.192326099 0.771022737 0.685741305
    0.929486275 0.607716084 0.637861371 0.647020042 0.73484844
    0.137858868 0.131970733 0.765996456 0.658863962 0.732068837
    0.519713104 0.0319981575 0.951516032 0.607832789 0.650776625
    0.67694664 0.0904613137 0.913563907 0.330774248 0.602020085
    0.974590302 0.122903585 0.447680593 0.236917377 0.892979383
    0.759277284 0.168214917 0.919160008 0.690646946 0.640095174
    0.797468662 0.50713551 0.206654102 0.250484854 0.706052899
    0.473549485 0.0640134215 0.522906661 0.809987605 0.183394969
    0.812742233 0.433818996 0.656679392 0.745835066 0.71729517
    0.835446954 0.946104109 0.173543364 0.873421073 0.754741073
    0.565639615 0.536989033 0.519651115 0.272427678 0.180015981
    0.779244542 0.267211199 0.69173342 0.929924607 0.410935163
    0.568751693 0.360724807 0.938626528 0.687785983 0.294163883
    0.369246125 0.420818448 0.214550436 0.26036495 0.0782984197
    0.878812075 0.755800843 0.114307433 0.771766961 0.964098334
    0.922162056 0.663258314 0.740664661 0.202605605 0.348266721
    0.930782676 0.140045792 0.979130626 0.286044568 0.29962486
    0.305743814 0.588139236 0.512747765 0.719522655 0.495222151
    0.764695406 0.992428422 0.0698618889 0.999076605 0.27960372
    0.129662335 0.838680387 0.632167697 0.351374358 0.760411322
    0.39473635 0.00868651271 0.928642392 0.302826971 0.643078744
    0.321596205 0.0874037147 0.294149399 0.680939555 0.502496064
    0.144103587 0.169453382 0.996701241 0.335871756 0.656716168
    0.451397359 0.10967809 0.770621777 0.660153866 0.52169162
    0.961507797 0.460327506 0.476167172 0.319658697 0.0355864167
    0.550874889 0.84635675 0.229620427 0.588735044 0.0425938666
    0.674017906 0.518860579 0.118480653 0.936150789 0.200873405
    0.492895812 0.636938393 0.559147358 0.188305616 0.728636026
    0.234445214 0.0482760072 0.544167638 0.0305797458 0.750800848
    0.847641706 0.0760339499 0.68536365 0.850430191 0.474783719
    0.148073375 0.0390239358 0.439790964 0.616061032 0.613094091
    0.0235027969 0.700940609 0.264338136 0.376185834 0.212457001
    0.954589963 0.540690422 0.826768398 0.118363112 0.654913008
    0.242132843 0.927494466 0.0841859877 0.415464848 0.36956811
    0.0688548684 0.68521589 0.0307574272 0.692482591 0.210844517
    0.199838579 0.450175732 0.63812536 0.04846856 0.307991087
    0.524086237 0.663664818 0.384574294 0.740181565 0.00125834346
    0.0747663081 0.0780750215 0.161948889 0.868685186 0.837337077
    0.745248973 0.559582353 0.373609245 0.122799307 0.559547305
    0.239522398 0.606119633 0.813214183 0.80315572 0.105488479
    0.592591405 0.716594577 0.192000329 0.592976332 0.710223436
    0.0616016984 0.582228243 0.0768536627 0.525104225 0.375592351
    0.486637414 0.230364054 0.175766587 0.146753609 0.218667686
    0.977865696 0.597509623 0.376830608 0.729715466 0.0902921259
    0.804927588 0.713689685 0.147215575 0.49909541 0.260666549
    0.933195233 0.481777132 0.961942196 0.541988194 0.269269168
    0.788870215 0.365648985 0.456311077 0.586137056 0.967328548
    0.359516233 0.670853019 0.978210032 0.0871653259 0.33132118
    0.855435133 0.455898881 0.870746613 0.512528718 0.925525784
    0.0465452075 0.322546244 0.781662643 0.734895587 0.0607154667
    0.304361165 0.604834676 0.00756105781 0.522964358 0.860811114
    0.607913613 0.102505296 0.413983047 0.168800503 0.330058515
    0.972487211 0.160918176 0.360913277 0.225780576 0.334821045
    0.400674909 0.766000509 0.244432569 0.285443366 0.697060823
    0.329047471 0.636925817 0.426154613 0.707070947 0.00859886408
    0.158698708 0.907850623 0.358069181 0.958983302 0.931416869
    0.131316066 0.573368907 0.898457766 0.0157592297 0.921570301
    0.281274617 0.196138054 0.995767236 0.662470222 0.222108424
    0.691291094 0.0140539706 0.714315951 0.726080298 0.119148433
    0.543394983 0.213764995 0.958464146 0.764561534 0.617037773
    0.158732861 0.405792773 0.853204131 0.731458187 0.722744644
    0.725217223 0.353837758 0.450068176 0.954684615 0.0256866217
    0.0285385549 0.134414434 0.911830783 0.492585748 0.769188881
    0.159180164 0.249895155 0.133033484 0.883834004 0.548648179
    0.463565677 0.290186882 0.598667026 0.246964186 0.471883088
    0.90149343 0.587683856 0.661060095 0.201408684 0.629886925
    0.616566777 0.119915426 0.195279032 0.326907098 0.173483223
    0.409281403 0.700317025 0.77065134 0.685583234 0.097055614
    0.965908647 0.287659764 0.193011284 0.927996635 0.0135365725
    0.367350042 0.313229918 0.635832071 0.618092418 0.125890225
    0.0606724322 0.520389199 0.355737567 0.559541464 0.954518437
    0.11403048 0.801102281 0.186785221 0.62982434 0.0707457662
    0.562525392 0.79611969 0.0925659537 0.899917722 0.960930586
    0.775006056 0.106543124 0.900880694 0.550859511 0.348456502
    0.614423394 0.21067968 0.734667122 0.318060458 0.943458676
    0.0698653758 0.649795592 0.609813631 0.105549872 0.197292715
    0.792829752 0.417870164 0.335522771 0.0668445528 0.616938651
    0.108094513 0.863233447 0.321666956 0.206650674 0.137510836
    0.610104978 0.298868597 0.33861953 0.900731027 0.405234933
    0.38860032 0.576012135 0.862407207 0.506992221 0.513815641
    0.0921290219 0.740322709 0.595994055 0.568887234 0.810527027
    0.719148338 0.642431736 0.457927197 0.0528649092 0.0745316446
    0.672764003 0.169350564 0.270322382 0.72973609 0.869639277
    0.742061377 0.863687515 0.586079717 0.197341651 0.513537943
    0.927105188 0.724530697 0.243665278 0.313695937 0.597685397
    0.827634931 0.00804764032 0.303085625 0.958231986 0.306031525
    0.569391012 0.891507387 0.0800278187 0.687033772 0.991724372
    0.226129621 0.254321992 0.0893341601 0.140409917 0.751619101
    0.923707366 0.656261563 0.0208759606 0.727369428 0.46588701
    0.0768452883 0.563222826 0.479982018 0.635821581 0.688516796
    0.277359515 0.250586927 0.224752128 0.654066205 0.653832078
    0.688482165 0.954485893 0.952567458 0.650335729 0.170472205
    0.223916829 0.427734405 0.344735324 0.390515447 0.582386315
    0.257492483 0.159961581 0.763952374 0.958571851 0.80843854
    0.208060682 0.346965313 0.366515607 0.98800981 0.41408518
    0.114898711 0.439401358 0.552887499 0.264246017 0.136517555
    0.243021488 0.69402504 0.997892797 0.0485472381 0.253156751
    0.729240417 0.166442484 0.984288692 0.182135463 0.811609983
    0.35395515 0.97984612 0.557118416 0.0780636668 0.370099604
    0.212530971 0.0158072114 0.244634479 0.958400846 0.745838046
    0.45403266 0.0403304696 0.662638009 0.426719368 0.608029962
    0.160538286 0.260634422 0.268948466 0.490163624 0.225436151
    0.856557131 0.204530835 0.161622286 0.331415653 0.83575058
    0.0586471558 0.781045675 0.91032052 0.784852386 0.883966744
    0.808967412 0.405121267 0.937251806 0.543267965 0.0594187677
    0.229567528 0.803007245 0.151225358 0.62308079 0.56549871
    0.884136438 0.705284834 0.871706128 0.604252517 0.020327419
    0.483239233 0.160984963 0.115866095 0.882464349 0.0880248547
    0.553344369 0.0262196958 0.246448725 0.929848194 0.394815177
    0.207268804 0.0865938962 0.733682215 0.286743253 0.245428145
    0.356473148 0.410421342 0.655854106 0.744838834 0.278040946
    0.41437605 0.58858633 0.536876738 0.628851891 0.37382251 0.727531612
    0.271384448 0.583496928 0.5862782 0.777941525 0.22257942 0.377708226
    0.769218087 0.857403874 0.183054686 0.374154866 0.878624439
    0.858148754 0.151496887 0.430331886 0.164800763 0.787714183
    0.115435958 0.467279375 0.0812105834 0.290352255 0.512032866
    0.263113022 0.225355655 0.852199078 0.810281873 0.5986619
    0.153786451 0.213617355 0.656829238 0.18954429 0.757739186
    0.0991598964 0.601400435 0.526962578 0.953483939 0.681596041
    0.474940985 0.776583433 0.557258785 0.868184865 0.765359998
    0.874253035 0.550835311 0.647611976 0.430340916 0.612286329
    0.545171142 0.0137939453 0.426906675 0.500064313 0.899042249
    0.22751087 0.0677448809 0.371896327 0.945391297 0.0704818964
    0.45080924 0.698211968 0.937691212 0.624867678 0.645497084
    0.317168355 0.832329154 0.691452861 0.845264792 0.146770179
    0.671789408 0.979035735 0.852166891 0.528289616 0.599742353
    0.613238573 0.809775591 0.875908732 0.447531819 0.155099988
    0.660837948 0.200478107 0.199965209 0.809316754 0.197470069
    0.223193586 0.379984438 0.157515377 0.870759964 0.169882596
    0.492734224 0.713216305 0.976833522 0.574428022 0.592043281
    0.893904448 0.143367738 0.0763454139 0.407925844 0.753005743
    0.46772635 0.945359588 0.835251212 0.27681911 0.0571573675
    0.658410132 0.749532402 0.511624515 0.972420573 0.785175323
    0.408663034 0.940390825 0.659574211 0.0894137621 0.180207312
    0.170116186 0.034874022 0.638296843 0.398239493 0.103733361
    0.588832676 0.16434285 0.624746382 0.259052753 0.940606236
    0.686610341 0.900460124 0.77246058 0.678137124 0.259055942
    0.51045531 0.504724503 0.579996109 0.949515283 0.934750557
    0.18336764 0.620165229 0.215734243 0.862027168 0.91154933
    0.642784894 0.947524309 0.0922000408 0.122316897 0.720493257
    0.934186876 0.359780401 0.0239249468 0.450581521 0.8579849
    0.768872023 0.878113389 0.0330027044 0.703036547 0.44825685
    0.459927082 0.871124089 0.384034812 0.806908369 0.0453824997
    0.449991167 0.535970926 0.0966927409 0.854699254 0.840550184
    0.0354798734 0.25080353 0.23888275 0.133363217 0.533647358
    0.132712066 0.344225317 0.713460922 0.488127708 0.516486228
    0.865602016 0.323060274 0.131788254 0.843755603 0.852634251
    0.715564013 0.475434542 0.646199703 0.241761655 0.292896748
    0.589281201 0.239366204 0.241716772 0.63220489 0.70795691
    0.0951546133 0.604940176 0.671803713 0.758342326 0.417249769
    0.0438881814 0.128434777 0.730247259 0.980258703 0.179373175
    0.382530212 0.331140757 0.186713278 0.800760746 0.696797371
    0.443756312 0.00394561887 0.542409658 0.883789659 0.722857714
    0.27472502 0.843559027 0.21237427 0.491190106 0.118471056
    0.985020876 0.446482927 0.851486921 0.150041968 0.781659663
    0.641608775 0.474052012 0.861818492 0.120036006 0.488028705
    0.517101288 0.26254192 0.106115192 0.0585272312 0.102957606
    0.711055994 0.587499201 0.0314753354 0.239801377 0.706255317
    0.480400771 0.776786566 0.367323816 0.257259727 0.903272748
    0.792829275 0.878033459 0.619623721 0.73135674 0.346466124
    0.363402128 0.21631217 0.571820319 0.350598216 0.209661007
    0.665025949 0.629608214 0.931544065 0.536027431 0.35306859
    0.0766010284 0.800287962 0.250978172 0.00883924961 0.427709579
    0.676927447 0.0854524672 0.70609802 0.901888132 0.57268405
    0.968129277 0.214672863 0.581678212 0.721673608 0.0332252681
    0.0470443666 0.329219878 0.74771291 0.832820892 0.395020425
    0.892962575 0.485007524 0.792570353 0.0635008216 0.336705863
    0.979937971 0.012135148 0.335409939 0.499614328 0.515956342
    0.39671433 0.179710776 0.947689772 0.182910234 0.874927998
    0.837049127 0.479527205 0.945337653 0.274493068 0.686940491
    0.736422896 0.810494304 0.550136447 0.872465491 0.667190671
    0.212793499 0.242700636 0.971691668 0.0477887094 0.661191583
    0.864803433 0.80711323 0.770787477 0.351842225 0.135568887
    0.840999842 0.0936374068 0.830412805 0.693801999 0.603082478
    0.301091522 0.697789311 0.599061847 0.23510018 0.0319564939
    0.600318432 0.869872451 0.914747596 0.243990749 0.816947579
    0.682255268 0.212183863 0.0861580074 0.307494432 0.936676264
    0.999671221 0.223971844 0.469714433 0.806793213 0.423897803
    0.986657202 0.302362204 0.30043745 0.191280454 0.741778374
    0.244381189 0.888375163 0.243683815 0.112994075 0.0291871727
    0.382438958 0.860037267 0.936831355 0.983964562 0.33559674
    0.530165493 0.0284775794 0.989957333 0.489708394 0.901579618
    0.184837222 0.593270957 0.980022073 0.900743961 0.0609873831
    0.0410463512 0.866392732 0.769860268 0.420203626 0.526188433
    0.398613393 0.101844966 0.150354058 0.877715349 0.04437536
    0.435380518 0.180624038 0.636394858 0.282073081 0.954185069
    0.6559425 0.986443818 0.766486824 0.869299889 0.760268807
    0.718082607 0.0508355796 0.0330165923 0.562485278 0.696096122
    0.501659572 0.786849141 0.371839762 0.786737323 0.680472612
    0.0302147269 0.881940365 0.405232877 0.920859218 0.704096138
    0.499521077 0.766717672 0.944526076 0.278220177 0.216715038
    0.263831645 0.249488831 0.917117357 0.405163467 0.0139998198
    0.125015646 0.425767004 0.157366872 0.218026847 0.347888529
    0.0443083346 0.338399917 0.022274524 0.100260586 0.226753294
    0.719892979 0.314998031 0.356042266 0.450067848 0.13941747
    0.628820419 0.312875092 0.653422832 0.0273769498 0.261471689
    0.760251164 0.475533307 0.33435598 0.312775254 0.420916855
    0.893687606 0.401200473 0.59501493 0.864873886 0.105175704
    0.802293777 0.623782396 0.364570498 0.736952841 0.257804304
    0.565047324 0.692729235 0.194502145 0.690761685 0.519715369
    0.883451819 0.403711885 0.265585423 0.712410152 0.322019488
    0.277036965 0.0132001042 0.308229417 0.659474194 0.602922082
    0.418416888 0.125553608 0.698358297 0.797308564 0.858753085
    0.86849916 0.826117754 0.126192302 0.608223557 0.451432139
    0.874598145 0.42292279 0.548007667 0.373441279 0.0256662667
    0.362042844 0.517571688 0.176862985 0.146227837 0.12660715
    0.00560629368 0.912247896 0.618699849 0.490544081 0.633418798
    0.0623271167 0.893809557 0.110811651 0.663686991 0.122477174
    0.932346225 0.549475908 0.0593359768 0.0417478085 0.531290531
    0.737498462 0.662892938 0.107211977 0.533552825 0.679089427
    0.494448602 0.399084091 0.0138078034 0.671033561 0.431108385
    0.553612828 0.665201008 0.299393207 0.1434021 0.819473743
    0.511812627 0.721775949 0.163100064 0.459325254 0.344894707
    0.605674028 0.976089418 0.21833089 0.659942806 0.396633804
    0.56209743 0.762723804 0.291008264 0.494194508 0.572964966
    0.65211153 0.787970364 0.79480195 0.564087629 0.101277977
    0.998191595 0.625929356 0.586909413 0.384982347 0.616599262
    0.100346774 0.535697758 0.134822756 0.105977148 0.239311785
    0.708378792 0.987561226 0.610409439 0.733923316 0.0270127356
    0.350724339 0.614127934 0.230741322 0.667779326 0.391390294
    0.268952429 0.598165393 0.0209197104 0.077963531 0.81256187
    0.384451956 0.887356162 0.53365171 0.729726255 0.87716639
    0.770787895 0.574296534 0.0518794656 0.0506145358 0.901040792
    0.5938465 0.727783501 0.52955395 0.00811082125 0.111234128
    0.162588358 0.0897929072 0.10713768 0.883307815 0.303501785
    0.887688518 0.742393374 0.58594197 0.0436693132 0.935168743
    0.0801080465 0.852907777 0.934742808 0.386232644 0.0824021995
    0.39147681 0.280939519 0.249294192 0.471206337 0.595631361
    0.482290864 0.22632882 0.739301503 0.659655094 0.926639318
    0.374495745 0.381951153 0.944588542 0.669658661 0.615297079
    0.193636686 0.300717384 0.32596457 0.68775475 0.348729074
    0.497589558 0.721282303 0.396133065 0.431025296 0.307411015
    0.838798225 0.50325197 0.179764688 0.373754442 0.251956224
    0.151435822 0.836094499 0.259273112 0.872889102 0.600825965
    0.283220649 0.121343762 0.171269625 0.0826723278 0.540041864
    0.00359755754 0.988174021 0.338309348 0.582015693 0.963916898
    0.365089834 0.62988621 0.137810171 0.1003232 0.325340331 0.416798979
    0.533397734 0.164753348 0.553846955 0.209862918 0.928106189
    0.104869008 0.932053447 0.51279366 0.982059121 0.0628792346
    0.494533539 0.21398437 0.189541906 0.879683793 0.873658419
    0.491985559 0.171805561 0.266667992 0.220383912 0.68877089
    0.295345485 0.648120284 0.880874097 0.595847726 0.528823316
    0.0446622372 0.393793494 0.424041063 0.37158969 0.697793305
    0.137162358 0.585738778 0.674264669 0.703487039 0.898403406
    0.990425825 0.235111505 0.485359609 0.547199905 0.437243998
    0.789215922 0.0922505558 0.995040357 0.688726962 0.589294612
    0.0927323997 0.0164283812 0.967577696 0.615457356 0.622727394
    0.208758235 0.431551635 0.9048599 0.488374412 0.629224598
    0.992983103 0.998894632 0.628481328 0.340643406 0.408065081
    0.868742943 0.91503185 0.344192028 0.0629172921 0.850622535
    0.652821541 0.652047038 0.0160652697 0.767390132 0.62449944
    0.474044323 0.025985688 0.193584114 0.612881303 0.450775206
    0.781184733 0.378922462 0.0913119018 0.434627891 0.506919742
    0.582717896 0.678338587 0.921282768 0.871776581 0.700769484
    0.0333727002 0.357861578 0.430344671 0.566361964 0.609215677
    0.235990345 0.625624895 0.687278509 0.789107025 0.319826692
    0.909483075 0.19234401 0.531491935 0.270841032 0.282413155
    0.613999307 0.772416234 0.487755507 0.89097321 0.626036525
    0.768851101 0.593767643 0.899098992 0.826324821 0.76148057
    0.365575552 0.832670927 0.378796309 0.753552973 0.791521668
    0.384094894 0.256960362 0.11161387 0.744395375 0.0841411054
    0.759084702 0.827134609 0.037011534 0.819475055 0.434665293
    0.464684993 0.740667939 0.746778667 0.575065315 0.545934677
    0.250890672 0.095733583 0.87887764 0.351486087 0.830327868
    0.291801393 0.223049611 0.835237384 0.317066371 0.488696873
    0.967495084 0.706569612 0.624679863 0.396483719 0.0592653751
    0.0299331546 0.807000101 0.642912328 0.376972705 0.852003038
    0.883394837 0.0405294597 0.950439751 0.826546907 0.387370527
    0.36528182 0.57744813 0.168254614 0.859724224 0.914174438
    0.298417121 0.42421332 0.160281748 0.935032368 0.850716352
    0.10093385 0.335191905 0.0903557241 0.951296568 0.254815012
    0.252030611 0.500670075 0.772000313 0.259964883 0.394177675
    0.72137934 0.878591061 0.379320681 0.312748432 0.614986897
    0.791140676 0.890556335 0.142821699 0.489455044 0.241512537
    0.670286834 0.77669704 0.528337061 0.653065085 0.778864384
    0.953031421 0.929273129 0.404609263 0.883656979 0.821598053
    0.93054235 0.837203264 0.775995195 0.445885777 0.261367738
    0.494439334 0.522390604 0.553094685 0.533724129 0.730145752
    0.734303653 0.0491788089 0.590824187 0.0879020095 0.956032813
    0.251217484 0.0831629634 0.29332298 0.722148478 0.541495323
    0.775639892 0.0950810611 0.550672174 0.285420179 0.372199059
    0.16605702 0.377411127 0.771051526 0.791530848 0.503281176
    0.251053929 0.365505278 0.56219244 0.839480877 0.390969932
    0.747188687 0.902192235 0.289415359 0.603373051 0.287992358
    0.111100644 0.0451394022 0.343694687 0.112681568 0.752302885
    0.606694341 0.77811563 0.374016643 0.320314348 0.407456845
    0.649344802 0.298819304 0.517183423 0.431455314 0.982803583
    0.298154086 0.931179643 0.203762233 0.367946357 0.873558521
    0.622155786 0.628596902 0.507305324 0.435822964 0.601198971
    0.130341679 0.894360125 0.606666923 0.716094255 0.0162005424
    0.071796447 0.959139109 0.230312526 0.489953667 0.938911319
    0.566133976 0.258987457 0.176282942 0.812270761 0.476628035
    0.203775942 0.753167391 0.715196967 0.262869 0.729639411 0.125357509
    0.0473745763 0.208636731 0.10195145 0.433533639 0.588252783
    0.112148762 0.224703491 0.655196905 0.231461376 0.627521038
    0.39988625 0.923956871 0.482733607 0.482523024 0.477627516
    0.635241628 0.364774644 0.76545918 0.580444455 0.474262267
    0.411389142 0.616436481 0.0688731074 0.510031283 0.164738715
    0.684271216 0.196022421 0.852564454 0.837867141 0.37307781
    0.0489386022 0.603167474 0.641978264 0.753247559 0.136522561
    0.666777968 0.389186203 0.812728167 0.866831183 0.355882078
    0.124219984 0.0236930847 0.766958833 0.567349195 0.562448919
    0.780206263 0.745527744 0.730298162 0.610682011 0.0242235065
    0.43368879 0.301818579 0.606255233 0.144639105 0.270565212
    0.963212609 0.0869064629 0.574733555 0.0409671664 0.0593258142
    0.42217195 0.345222414 0.812904954 0.854463577 0.235831261
    0.611447215 0.145204246 0.0349385142 0.550992012 0.330924869
    0.979795814 0.138913333 0.0813997388 0.0800687373 0.214710623
    0.48740831 0.292155206 0.00937575102 0.25078851 0.240408897
    0.0881222188 0.939870358 0.0758041739 0.439351529 0.212393731
    0.0324251354 0.703453302 0.492311925 0.645280182 0.00274085999
    0.99350512 0.190224856 0.936230898 0.482156932 0.551648617
    0.438801825 0.895433307 0.396595329 0.870602608 0.633095622
    0.100450099 0.320661485 0.496993363 0.177472442 0.431474209
    0.780092955 0.613975883 0.612494588 0.0669764578 0.956444263
    0.815407515 0.908099771 0.70709753 0.694449067 0.99982512
    0.580319047 0.256825328 0.896599591 0.772723913 0.203464627
    0.376267165 0.949837685 0.909986258 0.957927048 0.965849876
    0.465818346 0.0994691551 0.228666335 0.025809288 0.168071657
    0.906334937 0.925618351 0.296723813 0.164593488 0.581599534
    0.378310084 0.79303658 0.905105233 0.0751408339 0.71979022
    0.0857034028 0.922975838 0.424635768 0.66412127 0.72151494
    0.715538859 0.399405658 0.145840138 0.705059767 0.295606285
    0.938314199 0.504388332 0.681914508 0.749181449 0.0886148214
    0.368131042 0.601824403 0.758982658 0.220798522 0.506321549
    0.778656125 0.864683688 0.0580166578 0.88670063 0.97017467
    0.667648852 0.194012493 0.9247545 0.341746509 0.814975858
    0.485287696 0.616375029 0.674109995 0.106792152 0.388104886
    0.0110959113 0.554931104 0.744916916 0.815892816 0.792125225
    0.571303129 0.712559938 0.578549743 0.55496496 0.146119118
    0.650489092 0.083014816 0.0160977542 0.251812577 0.0167437792
    0.141822219 0.103523612 0.928123951 0.725460768 0.332129747
    0.751910448 0.583057165 0.127956748 0.432312906 0.056104213
    0.331957698 0.180445075 0.921164155 0.743255138 0.458718359
    0.763432741 0.511730015 0.61141932 0.746271253 0.68016994
    0.802366376 0.582516253 0.677292168 0.87745285 0.862158656
    0.714561641 0.904295206 0.16734767 0.680741727 0.999271512
    0.871998847 0.787812591 0.354754865 0.194399357 0.306356788
    0.432280988 0.364097297 0.873318553 0.39075774 0.880359411
    0.31035006 0.581219316 0.108806998 0.0610869527 0.531122565
    0.978513658 0.79578644 0.740911305 0.16206494 0.113793343
    0.451096058 0.880862594 0.739498258 0.4882828 0.597877502
    0.513601124 0.0809394121 0.64449811 0.993715703 0.541663468
    0.529921532 0.294649303 0.136969298 0.960055351 0.357256114
    0.702808738 0.3310045 0.197791636 0.588158429 0.498253822
    0.993997991 0.634344161 0.43460232 0.659563005 0.836560905
    0.472852558 0.343383223 0.516945541 0.25363481 0.975950837
    0.920189619 0.353167206 0.961467922 0.402914762 0.694063842
    0.160076797 0.504874766 0.361499369 0.442653745 0.330723315
    0.930320382 0.427038759 0.991260231 0.329714 0.0985286832
    0.717970371 0.018237412 0.570976377 0.497495592 0.618520796
    0.16323781 0.998232841 0.909521759 0.0882481337 0.623260975
    0.0169126093 0.0267890096 0.51311636 0.910040557 0.860960603
    0.0626967549 0.121183068 0.47500059 0.443763316 0.610571682
    0.370343447 0.193633735 0.89624846 0.104880065 0.0438612401
    0.422887266 0.533261538 0.665186882 0.205608338 0.569630623
    0.981721222 0.326314092 0.0916779339 0.653832555 0.700005174
    0.755268216 0.0953327119 0.130396247 0.238909036 0.423707515
    0.259275734 0.641489625 0.127626777 0.142227352 0.908790827
    0.393940121 0.88569355 0.820979238 0.817908645 0.709083259
    0.933837414 0.335300088 0.906038284 0.572830141 0.364729822
    0.867393136 0.310120702 0.662936866 0.179639965 0.656138599
    0.0710114539 0.167383999 0.604218781 0.221870452 0.76914835
    0.490996122 0.494243503 0.995350838 0.431527376 0.498066932
    0.658435524 0.780608058 0.853503942 0.30697614 0.664087832
    0.608180523 0.143691003 0.683472335 0.0450650454 0.373595953
    0.983328581 0.695686102 0.75699538 0.365543664 0.0285574198
    0.617636263 0.0993885398 0.97603035 0.655687034 0.0183440745
    0.417301536 0.79450357 0.841590047 0.726300836 0.234871775
    0.453575373 0.222365201 0.56592834 0.328342736 0.982061923
    0.614299238 0.00739461184 0.668643951 0.388023853 0.240477502
    0.972255468 0.954636276 0.574354708 0.227721602 0.978550911
    0.619406283 0.929975033 0.209611654 0.815601528 0.13404119
    0.777749181 0.735867977 0.484338522 0.128416479 0.294716716
    0.391824216 0.561521411 0.479707748 0.188403726 0.815700054
    0.249731481 0.78520155 0.291318417 0.352392137 0.166221321
    0.940523148 0.502511144 0.886465251 0.00220572948 0.804705441
    0.138340414 0.781930625 0.485367924 0.102877319 0.267302841
    0.333472013 0.21671164 0.174980074 0.255859971 0.202655047
    0.597569942 0.866874874 0.00173398852 0.782425046 0.447404385
    0.897009134 0.0386068523 0.824176908 0.536646008 0.892623782
    0.960500121 0.0191092193 0.581896007 0.0665955245 0.725695848
    0.504919231 0.108487219 0.463987172 0.285730302 0.604389548
    0.303573132 0.850950718 0.286642611 0.854200959 0.0801848173
    0.356477648 0.247852743 0.527856529 0.854810953 0.302649975
    0.610028327 0.0686353147 0.138714403 0.361347377 0.392090082
    0.189217091 0.729800701 0.587781906 0.742834806 0.0857760608
    0.562461078 0.430953324 0.78920126 0.11275965 0.425024986
    0.194447279 0.207965016 0.980867565 0.685091376 0.818455815
    0.623186111 0.0333266854 0.9478935 0.290828645 0.973104417
    0.251326382 0.776150882 0.745057225 0.800987601 0.986795664
    0.882648349 0.0804703832 0.750304818 0.846975327 0.854702592
    0.372756809 0.832316995 0.803975284 0.418416739 0.548088491
    0.0601723492 0.43261978 0.602176249 0.339446276 0.0254994333
    0.404576033 0.57380712 0.312891543 0.427577823 0.245982528
    0.103439599 0.302475363 0.129653752 0.931863427 0.204482019
    0.141349465 0.375836879 0.944828093 0.72885865 0.559959292
    0.243139714 0.440405905 0.293198109 0.0952422917 0.520494998
    0.979591727 0.546275258 0.51917696 0.126345873 0.536650419
    0.751339912 0.436106563 0.246436119 0.658047736 0.980077505
    0.695762157 0.487135649 0.515016198 0.94176507 0.780394077
    0.864367008 0.537855923 0.947013021 0.337876797 0.793992877
    0.104859352 0.265369952 0.939650059 0.675102472 0.322187543
    0.453909546 0.566180825 0.254762322 0.875323832 0.280252755
    0.392781049 0.290787399 0.757051587 0.613800049 0.0949352384
    0.0810897946 0.371802837 0.740688801 0.836594045 0.0664654076
    0.268007398 0.113333106 0.491722971 0.0637328923 0.306884259
    0.122326016 0.903084457 0.688537478 0.792569816 0.757206202
    0.330442876 0.465293229 0.323143184 0.70720011 0.0447094738
    0.188716143 0.215304852 0.15237698 0.849033594 0.71965152
    0.748916984 0.0813542008 0.0767787099 0.00993165374 0.604199767
    0.082534194 0.377614886 0.793188453 0.678082407 0.312911391
    0.706600428 0.430320203 0.838742375 0.34003371 0.586879134
    0.895119905 0.540424466 0.0465885699 0.0501013696 0.624810755
    0.986929059 0.0334176719 0.179421604 0.369516432 0.346147299
    0.632785201 0.551073313 0.734689355 0.0666996241 0.52858305
    0.555047333 0.531994641 0.558783948 0.620090067 0.712645292
    0.16188103 0.829382896 0.361482382 0.249817222 0.828646302
    0.489360809 0.959260166 0.701279283 0.305438221 0.871698022
    0.851077378 0.119915217 0.677201748 0.0254422426 0.214368254
    0.495006174 0.350120902 0.651053786 0.242370099 0.0294595957
    0.91251421 0.819688439 0.131389797 0.993293762 0.733062685
    0.62053299 0.834149897 0.357877821 0.588376999 0.0738093257
    0.348346651 0.511703372 0.802028418 0.40480566 0.649579704
    0.111427009 0.368080854 0.627092481 0.706903696 0.27250272
    0.761804044 0.127102017 0.374391139 0.998677015 0.0538412929
    0.978582501 0.647801697 0.337806821 0.115101069 0.558998287
    0.480144858 0.0891603827 0.619865 0.907214642 0.556117535
    0.0702868104 0.358773768 0.0568089187 0.389329106 0.399895161
    0.316244185 0.178339988 0.206378877 0.555149317 0.23437053
    0.113541543 0.909712255 0.756848574 0.146015972 0.335582376
    0.831480265 0.986270428 0.592628896 0.888265133 0.806113839
    0.593411744 0.453026205 0.807449937 0.605405748 0.617566764
    0.0428939164 0.267843038 0.440244615 0.296779275 0.544581115
    0.0290069282 0.347034454 0.898501694 0.0684914887 0.673120022
    0.438395619 0.432632208 0.624196231 0.852834702 0.0803627372
    0.729857564 0.305021018 0.486290187 0.315240324 0.675319493
    0.457680255 0.498308599 0.234738231 0.836954176 0.667611063
    0.718548536 0.340261638 0.736342669 0.0782338679 0.48769328
    0.292933136 0.0801098645 0.722842395 0.984041274 0.00832682848
    0.752560198 0.352901757 0.303513229 0.155092686 0.88607651
    0.422993064 0.971253932 0.779463589 0.013689518 0.457194865
    0.00248366594 0.607666135 0.486228198 0.948141694 0.939458728
    0.529931366 0.535217702 0.402234256 0.617753148 0.861670613
    0.647300839 0.0521430969 0.610616326 0.536214948 0.67597568
    0.980998218 0.586187243 0.835705757 0.799266219 0.819317222
    0.513215125 0.0488425791 0.818513393 0.924731731 0.447076678
    0.824033499 0.378897816 0.810110807 0.24022761 0.417535305
    0.633823872 0.535853863 0.131554574 0.0719051659 0.488475174
    0.00401303172 0.507195532 0.439645439 0.479961127 0.154404968
    0.887585759 0.237650484 0.796742082 0.446275592 0.861563027
    0.858215809 0.899179459 0.0190296471 0.634688258 0.580853343
    0.278909385 0.312619746 0.484920293 0.0133514106 0.660679936
    0.813002884 0.279491156 0.619789958 0.660625041 0.479369819
    0.882494688 0.745329261 0.458369136 0.352110922 0.00751957297
    0.54982543 0.0574716926 0.910868287 0.0606931448 0.082059294
    0.605760872 0.389465094 0.296527684 0.660276413 0.46954 0.585004687
    0.522760868 0.974278986 0.99034214 0.486948788 0.830983877
    0.833293319 0.717515111 0.402220786 0.712673068 0.0929291546
    0.84212172 0.715224385 0.0946643949 0.971628129 0.0461863577
    0.874201119 0.312649429 0.0955772996 0.475614727 0.706882358
    0.456090629 0.270532966 0.551872492 0.389921129 0.973363042
    0.191226572 0.498203099 0.199420273 0.126692474 0.595880985
    0.177705914 0.395351887 0.0354856849 0.0198012292 0.468063444
    0.926970363 0.509822786 0.478331178 0.338183582 0.27640456
    0.72553283 0.901800692 0.5703637 0.224190563 0.911708236 0.680854738
    0.573115051 0.697435915 0.511511087 0.152274549 0.839115083
    0.377215594 0.366947711 0.877464414 0.109379739 0.12890321
    0.783085823 0.249503642 0.039993912 0.271345049 0.855553031
    0.0991286337 0.373873442 0.00360515714 0.00433018804 0.692444205
    0.147571504 0.0824993849 0.606727362 0.334033132 0.317312151
    0.000412762165 0.563943863 0.683807611 0.803895712 0.0575568378
    0.103201151 0.635318518 0.473326743 0.513965786 0.928474545
    0.171155423 0.998668194 0.302741289 0.780180693 0.24220714
    0.0835710168 0.0241224766 0.474384904 0.106484681 0.558813095
    0.676631331 0.083502382 0.814800739 0.410083324 0.538195014
    0.0988524556 0.0926787555 0.483053446 0.475412905 0.388713479
    0.236232877 0.946022391 0.216914922 0.134869426 0.30814299
    0.0221354365 0.0108505785 0.937540174 0.0710919201 0.250722826
    0.471201867 0.36042285 0.74848175 0.323857754 0.848191619
    0.309703529 0.354998529 0.484960735 0.355908662 0.458273649
    0.674052954 0.484725386 0.423054934 0.353081524 0.428121358
    0.346055865 0.22899437 0.62508142 0.957179427 0.376829773
    0.945802569 0.820074141 0.628721297 0.29804486 0.729252636
    0.78662473 0.998453021 0.319525421 0.260077357 0.367672861
    0.15483892 0.801100373 0.458419889 0.60454756 0.324704766
    0.207471639 0.0422655642 0.465863824 0.85189414 0.109460533
    0.157265842 0.555327713 0.39221099 0.946824968 0.0365960896
    0.735918283 0.894299328 0.516376138 0.23258996 0.616386294
    0.987480044 0.127150089 0.769827247 0.928547144 0.909933448
    0.291410893 0.481705666 0.583705306 0.0497915149 0.305024058
    0.0906103551 0.356011361 0.214029461 0.309141546 0.406593174
    0.690468788 0.964964986 0.265135348 0.288071692 0.407216907
    0.125881761 0.997102022 0.496246994 0.412887096 0.231114239
    0.369505405 0.349764735 0.418784499 0.678859949 0.533337772
    0.57254827 0.200561941 0.158754528 0.91682148 0.47533083 0.131855994
    0.18047598 0.502637625 0.904290318 0.259882987 0.161823988
    0.00841981173 0.944440544 0.202147812 0.480147034 0.0229599476
    0.601306438 0.399990678 0.886137068 0.287018269 0.417953193
    0.910160542 0.287656635 0.502416313 0.8932482 0.744748533
    0.0253323317 0.546901405 0.077661097 0.672189176 0.4208377
    0.361588955 0.934049129 0.82828635 0.407564908 0.624442875
    0.68975383 0.789919257 0.983530402 0.336399972 0.252265036
    0.594484389 0.725407898 0.378981739 0.948587894 0.922379851
    0.308586895 0.94491452 0.509149313 0.629529417 0.295876443
    0.954886913 0.70500046 0.255630493 0.349995941 0.434243232
    0.687707007 0.544774294 0.712759197 0.869595706 0.967962861
    0.370556593 0.489700735 0.122307777 0.0110850036 0.7721591
    0.85306716 0.75807476 0.578187823 0.0831847489 0.202190876
    0.692978024 0.889517426 0.656464934 0.0910823345 0.751078308
    0.329071939 0.453612924 0.335792065 0.929484725 0.49552089
    0.480532795 0.714605868 0.559938848 0.0861642957 0.55506283
    0.206384003 0.395519942 0.519943774 0.451667458 0.453861475
    0.331445247 0.720559299 0.604415894 0.378608942 0.396642923
    0.871350706 0.566002309 0.625775337 0.567219377 0.538272142
    0.745575905 0.291964978 0.96791023 0.781556726 0.544381022
    0.136482894 0.502102613 0.02300331 0.63274312 0.944084227 0.6869784
    0.34902361 0.00582641363 0.562016129 0.466877043 0.969433725
    0.977037251 0.863447785 0.740796864 0.0098425746 0.958221793
    0.834636927 0.442895532 0.837020338 0.285014629 0.76398927
    0.621860623 0.593197167 0.625932872 0.015519768 0.753600478
    0.965440094 0.258085668 0.51367408 0.0345668495 0.87802434
    0.666985273 0.881957889 0.513081074 0.789772093 0.957399666
    0.0109205246 0.681454897 0.351488829 0.244030803 0.145807862
    0.748178244 0.102613777 0.768415093 0.281162858 0.0299037695
    0.193856269 0.515402615 0.846072853 0.880380034 0.144639701
    0.92159003 0.967816234 0.587976038 0.120189428 0.134370565
    0.0359962583 0.176158071 0.622033715 0.946857691 0.530367613
    0.490594804 0.835628629 0.579623222 0.797484994 0.505570769
    0.714365602 0.0303511322 0.679235339 0.815674305 0.826262176
    0.871721864 0.397448003 0.747137487 0.914983749 0.950144768
    0.122789592 0.637883067 0.489354253 0.416596264 0.527389348
    0.1386379 0.368628502 0.796651125 0.849240065 0.167145699
    0.0398815572 0.727997243 0.871487021 0.278339744 0.354253948
    0.735367239 0.188612938 0.187331468 0.272160888 0.607546329
    0.0617568493 0.120186329 0.32400161 0.0138697028 0.888731718
    0.499227524 0.583487689 0.818121076 0.858045101 0.474835455
    0.229985744 0.919765413 0.852546096 0.491346568 0.338899344
    0.834958732 0.904470384 0.266971678 0.872508287 0.603603959
    0.801853538 0.296168953 0.0899466276 0.233172059 0.73826462
    0.390865326 0.072706908 0.548213959 0.992615342 0.318827152
    0.318639815 0.473129988 0.892498612 0.3241584 0.756550491
    0.00426629186 0.959781706 0.8348943 0.143735379 0.731746078
    0.266903818 0.956838846 0.973127604 0.609176099 0.553183377
    0.235767961 0.786107779 0.466667831 0.63839829 0.514490545
    0.30816862 0.64908427 0.0766516328 0.0294071436 0.496718228
    0.676633477 0.541386962 0.85488075 0.167666316 0.238124371
    0.0473043025 0.179754049 0.491197497 0.0617317855 0.919755459
    0.0937564969 0.288395107 0.380177319 0.0168388486 0.135655135
    0.55826503 0.767278552 0.146587253 0.909170985 0.502178848
    0.79349035 0.677101135 0.903133512 0.549822092 0.668412983
    0.507350326 0.267440081 0.925643802 0.673703015 0.731707096
    0.246193588 0.40980655 0.687388361 0.343075126 0.00632849336
    0.892618895 0.568597496 0.214544445 0.12435773 0.496056497
    0.737243176 0.378918171 0.887364864 0.2606619 0.634461641
    0.692296386 0.431102216 0.25061357 0.898505807 0.15191716
    0.726427376 0.0181120634 0.926499009 0.587462187 0.960899115
    0.830777884 0.417378485 0.906567335 0.155847281 0.330769062
    0.232765317 0.1640912 0.588466644 0.409566194 0.916331768
    0.640411019 0.289685667 0.388787031 0.0871863961 0.167639762
    0.579341888 0.0599402785 0.140445828 0.421250582 0.944983304
    0.0503686368 0.30175817 0.770098865 0.0676335692 0.496446788
    0.484747738 0.13297227 0.82060653 0.995157361 0.351390809
    0.815440655 0.139140666 0.893018484 0.518614054 0.386787534
    0.574942887 0.377321362 0.667484641 0.436480016 0.897429228
    0.727194905 0.844030201 0.965728283 0.30581218 0.936142921
    0.00751489401 0.102472752 0.0344665349 0.942481875 0.617375791
    0.162578523 0.0891812742 0.491132438 0.894778013 0.731917262
    0.0304919779 0.424732745 0.896210074 0.0820264518 0.105435193
    0.808341026 0.809835255 0.522662103 0.818688154 0.354617298
    0.357065976 0.80362457 0.202686399 0.156979352 0.0169852674
    0.949503899 0.369453669 0.944260001 0.133514792 0.0884045064
    0.400481164 0.321706653 0.96497941 0.192671299 0.698316514
    0.199128389 0.649148285 0.595151305 0.838123083 0.0693107545
    0.249661148 0.584059238 0.135349274 0.49314177 0.162541807
    0.744874716 0.495799333 0.440351158 0.506053567 0.787243724
    0.129971683 0.30920577 0.54539454 0.860428929 0.134028435
    0.0167887211 0.935732424 0.893797517 0.850716233 0.328818053
    0.420634806 0.635553122 0.294396698 0.0679130852 0.359667927
    0.530021906 0.630686283 0.8669222 0.0265347362 0.20534578
    0.0970252156 0.767439485 0.900948644 0.947931647 0.327477664
    0.404709935 0.324512303 0.529536188 0.349586338 0.643051505
    0.789514422 0.203308702 0.444642484 0.0957313478 0.992219806
    0.776830673 0.851059675 0.545804322 0.219781339 0.131495178
    0.874973655 0.629617095 0.908478379 0.558612049 0.465152204
    0.106064767 0.992512226 0.478253067 0.259382129 0.0932070911
    0.0457483828 0.257028401 0.668848157 0.559982955 0.0891060829
    0.279907346 0.881392241 0.579911232 0.454763025 0.785082281
    0.424944371 0.991644025 0.806806326 0.459005237 0.399018943
    0.771168828 0.101729065 0.255750328 0.451643109 0.870010912
    0.773878574 0.989726067 0.200436413 0.772793889 0.945404053
    0.0200715363 0.21000132 0.167529702 0.312167346 0.510130048
    0.529344618 0.151848704 0.903293371 0.365267813 0.223023295
    0.135312468 0.488566905 0.523887277 0.665170312 0.510412216
    0.368013859 0.674394846 0.234657913 0.785978734 0.614154875
    0.784242749 0.457237303 0.650094151 0.0287542939 0.944084764
    0.17497161 0.103461057 0.734128356 0.838250935 0.710407853
    0.419496775 0.2739923 0.956186533 0.341997921 0.636879623
    0.635712504 0.506920636 0.647208571 0.626960039 0.682219565
    0.502598882 0.321805716 0.279962718 0.585632741 0.534149706
    0.570976317 0.873314321 0.47033599 0.612472951 0.802150011
    0.346112967 0.674119353 0.687743425 0.37085551 0.926589727
    0.264799774 0.93207109 0.350624084 0.445520222 0.258005619
    0.99284029 0.197057188 0.514104009 0.555663288 0.51060462
    0.558265328 0.548591554 0.771724284 0.886760116 0.560045958
    0.166943163 0.18645829 0.53957206 0.755778074 0.137674421
    0.785281301 0.112702459 0.329451203 0.435149133 0.375719517
    0.483572751 0.94825232 0.674733341 0.398166418 0.395016849
    0.37224251 0.502474308 0.258965969 0.248640567 0.00119191408
    0.945871532 0.362723559 0.78808248 0.772590637 0.726074517
    0.191598624 0.0818149149 0.489771843 0.596424699 0.0887718499
    0.566902041 0.58298707 0.857294798 0.120959252 0.488888025 0.5120067
    0.605642438 0.0582548976 0.46196413 0.459227145 0.776109576
    0.962744296 0.935614169 0.985477448 0.894924939 0.256709337
    0.0299712718 0.856648207 0.0861674845 0.543894589 0.0608510971
    0.72727716 0.364245743 0.125048816 0.165229529 0.607717276
    0.211573452 0.989258647 0.936347008 0.494608998 0.802101195
    0.047671169 0.190796345 0.631495953 0.280381799 0.190138102
    0.189453304 0.912908673 0.866765499 0.710815907 0.76272577
    0.456108719 0.988267779 0.897003293 0.604639649 0.662405074
    0.303449124 0.672893226 0.924353778 0.429147363 0.259425163
    0.422697693 0.780460835 0.701517344 0.0959032178 0.1806207
    0.108209044 0.758828998 0.865427673 0.00870674849 0.173752964
    0.820691705 0.0405573845 0.16377157 0.681681633 0.14874357
    0.368458092 0.208016038 0.61560297 0.788438797 0.626930356
    0.236683398 0.154071867 0.790190578 0.407791078 0.427372783
    0.0917321146 0.824077308 0.689517856 0.0156038105 0.695999861
    0.821448565 0.725030065 0.368977785 0.301440299 0.663008511
    0.91485858 0.596642256 0.711350679 0.645806372 0.0401693583
    0.572380722 0.159677893 0.0483781695 0.655932546 0.27752021
    0.277453572 0.72475493 0.376114786 0.787024379 0.726176143
    0.401009679 0.789181769 0.0260504782 0.857756138 0.376437098
    0.446176142 0.292813778 0.786278307 0.556400836 0.546871781
    0.0168360174 0.204290688 0.078696698 0.89819634 0.84484905
    0.245387524 0.365537405 0.621430278 0.770165324 0.272126496
    0.880705714 0.929575205 0.468987405 0.723130524 0.161749959
    0.142246991 0.0728072822 0.637280941 0.380451024 0.266315728
    0.501320064 0.222840309 0.089715749 0.550087929 0.348523051
    0.123181999 0.192057699 0.094383657 0.185683817 0.636705458
    0.984424353 0.221350312 0.415106505 0.657924175 0.645229995
    0.288283557 0.918604136 0.759621501 0.65750134 0.898983896
    0.674093962 0.533512414 0.0524809062 0.772472382 0.880952537
    0.807499647 0.890983343 0.427961141 0.759761333 0.15715456
    0.452554077 0.893487334 0.904488087 0.832120001 0.320305288
    0.336863875 0.174153417 0.127786189 0.907189727 0.942790031
    0.0409300625 0.554022431 0.279068589 0.579568207 0.691451728
    0.323629797 0.526203275 0.354948282 0.177232981 0.0569222271
    0.789863229 0.34397459 0.586438477 0.662261426 0.255670607
    0.429214627 0.700752974 0.262570739 0.639148712 0.51235199
    0.669340789 0.962463319 0.89614892 0.862269998 0.169923455
    0.368451834 0.655327857 0.572282553 0.917874336 0.297245383
    0.189069539 0.598882556 0.521420717 0.17212376 0.528667748
    0.900951266 0.88488996 0.556056976 0.0876483917 0.423085153
    0.170636237 0.807426929 0.208956629 0.00671797991 0.282971382
    0.212672502 0.534863234 0.287024677 0.692847311 0.886582136
    0.225309163 0.415762603 0.872603714 0.917170644 0.183212548
    0.819520414 0.669371843 0.472493291 0.286745995 0.168662012
    0.744453847 0.982707024 0.511243939 0.817533791 0.859705389
    0.72524929 0.395962656 0.472376078 0.714109778 0.797129154
    0.255311251 0.902406812 0.859204292 0.771313787 0.115597099
    0.671040535 0.710907996 0.604454041 0.0154536664 0.0177334547
    0.267278075 0.342095971 0.521932721 0.516662002 0.781932831
    0.61793685 0.0764992237 0.845025122 0.298270643 0.110216022
    0.436645031 0.7612046 0.938760877 0.44827348 0.225208312 0.194538385
    0.204509348 0.620786726 0.0717799962 0.691638589 0.0128900111
    0.424308121 0.15200609 0.480551839 0.703927755 0.313969344
    0.32346487 0.370321453 0.945336461 0.210484624 0.708409667 0.6166628
    0.512287736 0.337709486 0.0700758398 0.17382893 0.9069736
    0.233064592 0.341058135 0.0686176419 0.553865254 0.61455214
    0.116799444 0.750826001 0.51005888 0.00955843925 0.826224446
    0.747078896 0.174684882 0.870632589 0.569526911 0.859205961
    0.769119382 0.894816756 0.522090554 0.255017728 0.182574421
    0.317983776 0.623369217 0.676994562 0.927632689 0.281175464
    0.248586595 0.937563121 0.33071959 0.845419407 0.177095056
    0.908427358 0.165267795 0.238244951 0.0992354155 0.875699162
    0.0865958631 0.371805578 0.438016653 0.991870046 0.857977748
    0.217111498 0.558485448 0.609228551 0.981566668 0.752333879
    0.385546356 0.830522776 0.866595745 0.727865577 0.653898001
    0.457053959 0.981669068 0.77411294 0.833479524 0.297404855
    0.452518404 0.898483753 0.126878768 0.103198916 0.660285115
    0.312595308 0.366325766 0.574457824 0.37921524 0.277853042
    0.604964256 0.611501992 0.387904823 0.566534579 0.574148774
    0.952923298 0.605631113 0.865502715 0.0147527158 0.041462779
    0.532625377 0.334963977 0.973083019 0.223581225 0.854966223
    0.866444051 0.532357395 0.268431664 0.833565474 0.829125881
    0.159851164 0.53989476 0.806350291 0.0825361013 0.830781221
    0.0391521454 0.185299248 0.00762552023 0.86995399 0.0299748778
    0.0660255551 0.407433927 0.199314922 0.36661157 0.640240133
    0.747368574 0.056315124 0.332735687 0.285397142 0.49115786
    0.749803364 0.931330562 0.908615887 0.0139444172 0.0411147773
    0.708549857 0.663881421 0.0610778928 0.191838443 0.645254791
    0.838642478 0.38751772 0.928323507 0.249484003 0.625947595
    0.778740585 0.352399468 0.275990605 0.213676602 0.0151323676
    0.379129469 0.343074322 0.726795316 0.488575459 0.0237829983
    0.693605483 0.0453506112 0.113724828 0.899039984 0.445217758
    0.0748151541 0.450474858 0.940046072 0.157983571 0.925575852
    0.33085385 0.138018817 0.00577232242 0.141086876 0.32985127
    0.507670224 0.954779863 0.300038338 0.709005892 0.522924781
    0.0391326547 0.495982528 0.679663897 0.90763402 0.791594625
    0.0219406784 0.400820017 0.287167966 0.988902211 0.996840417
    0.470465958 0.0897967517 0.952253103 0.726585925 0.846045017
    0.636013508 0.418994665 0.0425016284 0.189986467 0.111640662
    0.037779659 0.770588398 0.176585346 0.955466092 0.564106703
    0.0963217616 0.153402776 0.407461971 0.59915024 0.879852295
    0.280384779 0.750656247 0.552983642 0.0417305231 0.266450167
    0.738042176 0.211323649 0.0411659479 0.0435205698 0.417848647
    0.343307525 0.640571117 0.796946406 0.686716437 0.375523686
    0.493282884 0.631818891 0.699731588 0.710983276 0.329069197
    0.325060248 0.568176627 0.541493475 0.072375834 0.462008804
    0.690116882 0.311064065 0.332825035 0.23803395 0.104199708
    0.20887354 0.37544319 0.18516171 0.771958113 0.463323444 0.11768502
    0.666839004 0.551003933 0.466686368 0.870468259 0.874686837
    0.815224051 0.486749291 0.592900753 0.306162477 0.172283083
    0.044868052 0.0286662579 0.553803146 0.208042294 0.289281994
    0.700149119 0.426312596 0.136190861 0.51828742 0.107435763
    0.661442637 0.682679892 0.18353501 0.680755794 0.418122232
    0.375856102 0.8854599 0.646885276 0.893851221 0.298629344 0.24424988
    0.408864558 0.749933481 0.523248732 0.965229392 0.327195108
    0.860785663 0.20489186 0.937282145 0.16938594 0.0261356831
    0.693221033 0.875804782 0.598955095 0.340238929 0.949768007
    0.00155234337 0.983845651 0.213135123 0.0919741392 0.16837427
    0.00167939067 0.634042203 0.684287548 0.949116707 0.939417124
    0.126569599 0.268839449 0.461060554 0.94453609 0.705927372
    0.326462865 0.752043903 0.302198768 0.749774516 0.965184331
    0.294937491 0.213587195 0.352843314 0.397200972 0.138041586
    0.201633275 0.0376538038 0.978736281 0.366743565 0.10959667
    0.338348716 0.422534764 0.544962406 0.535500288 0.800486386
    0.82216692 0.540116847 0.482294232 0.5868029 0.927036285 0.626805186
    0.0379291475 0.595182538 0.682245076 0.929898143 0.374948591
    0.865333974 0.885969222 0.574201167 0.299790502 0.0730514824
    0.773358107 0.0724419951 0.347335458 0.799274623 0.164516658
    0.72243005 0.498797417 0.946380734 0.86127317 0.0848049223
    0.936127245 0.88307035 0.250850916 0.0904541016 0.147162199
    0.284949332 0.691031933 0.214050382 0.17863068 0.739268839
    0.894261479 0.535405338 0.85591054 0.764995933 0.34180662
    0.976655126 0.676356554 0.087023437 0.614318907 0.209821403
    0.135543823 0.129814029 0.368429363 0.420106977 0.0687526166
    0.665076852 0.133311749 0.0794812739 0.81060636 0.410425305
    0.620527208 0.380466491 0.443660259 0.804257989 0.612913072
    0.290951759 0.772162199 0.0921010375 0.893063843 0.232821107
    0.677582562 0.53329277 0.475474805 0.513955355 0.144778758
    0.411012352 0.24450168 0.00888073444 0.785436273 0.912135005
    0.0806690454 0.896172464 0.688673735 0.204496115 0.433815926
    0.830004394 0.40350017 0.417420924 0.908095837 0.982574344
    0.474999934 0.280866027 0.490945756 0.219178289 0.207597822
    0.211164296 0.978866994 0.0138760209 0.374880433 0.508329868
    0.0898563266 0.500416815 0.785501778 0.505308151 0.000865787268
    0.0305178463 0.629948914 0.597290099 0.748969316 0.0839742422
    0.83701539 0.716857553 0.918023944 0.29197216 0.970866621 0.89770484
    0.954108 0.460432142 0.0789439082 0.692498505 0.731491268 0.10946089
    0.162077576 0.66127491 0.765983999 0.789434075 0.339712322
    0.0291273892 0.224227726 0.404497087 0.360165626 0.811454773
    0.609176874 0.889151812 0.221248835 0.592899561 0.915573895
    0.187937081 0.161710262 0.446475923 0.291967809 0.0730388761
    0.486834675 0.567972839 0.255449474 0.480426699 0.321673423
    0.518210649 0.255648583 0.769876122 0.785063028 0.479562312
    0.0680294931 0.960978985 0.905082345 0.85352689 0.816826403
    0.585601807 0.520834565 0.969745636 0.259620547 0.836930871
    0.456242472 0.777286053 0.822610795 0.977560222 0.541490614
    0.0365621448 0.423346519 0.716791868 0.811630368 0.0964059234
    0.556065381 0.662640333 0.248983711 0.945280433 0.711553574
    0.924711347 0.817210555 0.498920321 0.934177637 0.0676398277
    0.0168038905 0.15869543 0.177070737 0.00635787845 0.438832045
    0.418516517 0.593867779 0.172990948 0.669795096 0.394574344
    0.901569247 0.284536451 0.505255163 0.300736487 0.0763863921
    0.0022584796 0.270016432 0.429715931 0.438494682 0.443507701
    0.11428234 0.166674554 0.256192207 0.982624531 0.356502026
    0.0602845252 0.906270683 0.99512583 0.271740437 0.269971788
    0.537077665 0.938332558 0.882416964 0.770430684 0.528740644
    0.176875263 0.13206315 0.111011118 0.868806183 0.064633131
    0.253691465 0.64559716 0.261343598 0.04603374 0.0704433322
    0.0431594551 0.573146462 0.0816764832 0.252808958 0.86458987
    0.243171632 0.298655808 0.642063677 0.850579143 0.0119017363
    0.892416656 0.963823557 0.586274564 0.0145685375 0.612115085
    0.649787068 0.610340297 0.882457078 0.118792444 0.358900547
    0.213182747 0.260420859 0.786007881 0.266395509 0.192711622
    0.374233305 0.102189273 0.718959451 0.0188545287 0.360596538
    0.194097638 0.331362605 0.95172888 0.186982006 0.819726229
    0.897908926 0.883500814 0.0541299284 0.894610584 0.0596792698
    0.122787088 0.737700462 0.552740097 0.555534244 0.391134858
    0.715245426 0.635925114 0.0334256291 0.0450561643 0.729631126
    0.0448119342 0.418777823 0.076680541 0.319110513 0.364090145
    0.537507415 0.258067667 0.74729538 0.865072846 0.580531895
    0.263590097 0.184498608 0.844928503 0.274940372 0.92206943
    0.73499918 0.0208297074 0.873580635 0.690080047 0.840381563
    0.100572109 0.974691808 0.735196471 0.94445312 0.0317679644
    0.020830363 0.187844992 0.562692583 0.380369514 0.292034745
    0.648691416 0.396163166 0.855382442 0.147455484 0.641498089
    0.7261917 0.0691546202 0.296312511 0.0394926071 0.77460289
    0.871934414 0.304658949 0.00327515602 0.343526006 0.29146874
    0.110603452 0.49960348 0.899407446 0.244129539 0.169206768
    0.417506754 0.777806878 0.421147168 0.815677404 0.87340343
    0.605841756 0.217349797 0.661930799 0.159798652 0.93495965
    0.684679925 0.164516062 0.439419508 0.693218768 0.83396256
    0.782662511 0.499968559 0.0110690892 0.664463758 0.873571873
    0.766882539 0.215540081 0.00716501474 0.479351342 0.309587002
    0.260726154 0.930432737 0.399353951 0.31465596 0.31352216
    0.926329195 0.718587279 0.716737688 0.174426675 0.0933621526
    0.712673068 0.16149193 0.401621699 0.525587857 0.908634901
    0.938915908 0.91391629 0.9045825 0.634237647 0.879155695 0.251674294
    0.592508972 0.512201548 0.730412245 0.118630052 0.644016027
    0.61194253 0.50569737 0.600139618 0.300385594 0.912973642
    0.836807907 0.642155051 0.859331369 0.803068221 0.392905802
    0.0645796955 0.753117085 0.600288868 0.485253781 0.216132224
    0.988892376 0.287119448 0.372117162 0.744498253 0.919581532
    0.28018108 0.356280327 0.534908175 0.453538865 0.279900849
    0.454488099 0.690131366 0.590905547 0.176083893 0.590463638
    0.845539153 0.748222709 0.308756292 0.683328152 0.733911097
    0.910739183 0.95004946 0.65457809 0.118386388 0.755052924
    0.520642519 0.895954609 0.0276560783 0.879301488 0.18407777
    0.653761208 0.888983607 0.405476451 0.129444748 0.837217808
    0.844070494 0.789158583 0.35067755 0.286791205 0.859569848
    0.671693504 0.36737895 0.977295518 0.153278977 0.653799772
    0.848218918 0.725893617 0.874044895 0.511293054 0.739322186
    0.8845281 0.40355587 0.798572242 0.0491048098 0.464228421
    0.379631758 0.49436298 0.909353495 0.730612874 0.882173538
    0.919682145 0.5189448 0.372600943 0.0803059638 0.267686695
    0.736152291 0.00751644373 0.377885938 0.79554224 0.512953341
    0.20966205 0.459047139 0.613036156 0.864102364 0.584889293
    0.818712413 0.466065615 0.812211037 0.685070693 0.888733029
    0.77309823 0.393947005 0.0786028504 0.470352471 0.123571754
    0.0666286349 0.0970191956 0.38055566 0.505116701 0.240465671
    0.0573477745 0.961283326 0.345374644 0.139394075 0.554327965
    0.111079216 0.0168791413 0.590109587 0.795189738 0.167661667
    0.410808265 0.496234596 0.920559287 0.299062073 0.516806543
    0.431813359 0.254621476 0.86646986 0.89193362 0.625158489
    0.118661314 0.894611239 0.060561955 0.905399501 0.726660788
    0.460672706 0.739121675 0.437424749 0.687975168 0.375195235
    0.644714057 0.62105906 0.169137985 0.74339509 0.226389557
    0.0596969128 0.311629713 0.313599348 0.784473181 0.950337291
    0.789219141 0.804385304 0.412930846 0.697261214 0.0513166487
    0.00854855776 0.666010082 0.912059665 0.718301356 0.820078611
    0.613084972 0.641945839 0.944631934 0.30266571 0.0951231718
    0.265188426 0.726149559 0.616578937 0.0261683464 0.632696509
    0.952001572 0.000701367855 0.233405441 0.359610856 0.124890745
    0.480746299 0.00497874618 0.194026828 0.892379701 0.140161902
    0.913639069 0.54693085 0.437617451 0.946558833 0.79766655
    0.854141951 0.109031498 0.383423835 0.569229305 0.124770135
    0.139892578 0.912661195 0.0347634256 0.0767512321 0.54698509
    0.822789669 0.301261544 0.567402661 0.12099269 0.810664892
    0.693611741 0.473146409 0.71554935 0.257850409 0.156246096
    0.396242857 0.155147821 0.527402699 0.565273643 0.046983093
    0.880620658 0.257831872 0.193382025 0.244223863 0.863843203
    0.122038394 0.62407726 0.511827409 0.17992276 0.937588573
    0.626058638 0.826243401 0.209762752 0.274472713 0.78060621
    0.470968276 0.145668328 0.203886449 0.493840843 0.233566344
    0.186189443 0.569330454 0.146079779 0.790232182 0.289540827
    0.792102158 0.902654409 0.991334736 0.812609673 0.394436866
    0.756839991 0.748299241 0.0613461435 0.226173759 0.916243076
    0.570137203 0.281429857 0.0439739823 0.242379904 0.14216581
    0.974932849 0.818804264 0.948640704 0.572798073 0.103054136
    0.44892621 0.300187111 0.118667424 0.868141532 0.757202625
    0.725785732 0.105320722 0.635390639 0.923973739 0.905778527
    0.44663161 0.969654739 0.743508697 0.667188287 0.365240037
    0.0926750302 0.0554197431 0.540127695 0.773255229 0.851699531
    0.463189065 0.666787505 0.10810405 0.679781199 0.609434605
    0.765393734 0.346461475 0.234634995 0.627260089 0.482609391
    0.247294992 0.263406515 0.26500088 0.953728199 0.871791959
    0.399662793 0.406623423 0.862396121 0.470573962 0.104815006
    0.642801881 0.158598065 0.228547662 0.557905376 0.746423125
    0.00825154781 0.7055493 0.617301047 0.861488163 0.969655514
    0.819576502 0.976033807 0.08055076 0.616363704 0.721878529
    0.424918085 0.220421046 0.857860327 0.622668266 0.334501594
    0.141739517 0.73930496 0.210592777 0.575181127 0.82361424
    0.821511626 0.516681015 0.423153043 0.667295158 0.770031095
    0.469291985 0.0727250874 0.658587754 0.902644277 0.983002305
    0.877690673 0.226228535 0.861150503 0.698984206 0.0929004252
    0.99872905 0.122374922 0.309226066 0.391273409 0.943291605
    0.528768063 0.332966477 0.591103017 0.0534716249 0.848505914
    0.515742421 0.141382515 0.945678055 0.319374561 0.641862392
    0.221503675 0.412758529 0.0624756813 0.895775259 0.480790675
    0.881768644 0.15580675 0.209892958 0.84983021 0.652405024
    0.414718747 0.222587973 0.710214972 0.0842756927 0.605973423
    0.380538642 0.0941253603 0.643545628 0.157344043 0.930287004
    0.786500394 0.690775752 0.346861511 0.417916775 0.0140001178
    0.55710429 0.822482765 0.696599364 0.796652555 0.115808666
    0.749132693 0.726912558 0.22213015 0.249390125 0.357662201
    0.160281956 0.920146406 0.293532252 0.241554558 0.677069128
    0.76610291 0.683137774 0.114498615 0.228011847 0.184437692
    0.972803056 0.317346096 0.568298101 0.637458622 0.819259346
    0.238720238 0.894495785 0.534547269 0.39293915 0.339168847
    0.346619308 0.569448352 0.850959241 0.345652819 0.244065791
    0.907554984 0.892920673 0.398251086 0.844258785 0.455389082
    0.427743852 0.0265646875 0.260192394 0.535205901 0.26562658
    0.236446023 0.293640345 0.0933537185 0.885025859 0.189771742
    0.627596676 0.963837445 0.654030681 0.0974647999 0.985666633
    0.888135672 0.690755069 0.251947105 0.423195183 0.316543043
    0.207042247 0.862212181 0.0792661607 0.30545485 0.3523103
    0.643605888 0.0997247398 0.951471567 0.235420108 0.786358654
    0.151776224 0.00431987643 0.0327553451 0.0218813419 0.750257611
    0.292683214 0.39964506 0.938308477 0.924712479 0.0437530875
    0.786599994 0.0298897624 0.589004278 0.160748243 0.279264271
    0.0234061778 0.948336482 0.784812868 0.970050693 0.69925952
    0.494836509 0.436751276 0.278050303 0.411553591 0.385903448
    0.507738233 0.706762135 0.366845518 0.587468445 0.297587276
    0.644894838 0.202559888 0.705113769 0.706983566 0.291565597
    0.942923546 0.497689426 0.976571262 0.78378123 0.633708477
    0.194683611 0.921089649 0.801287651 0.265115023 0.303049028
    0.541458964 0.933187127 0.80591017 0.480623394 0.286299348
    0.597985864 0.583358288 0.698621392 0.502013147 0.400260478
    0.753423333 0.390662134 0.454315305 0.142823398 0.397046953
    0.578058839 0.581496716 0.361866951 0.160999686 0.428473234
    0.743626714 0.0388382077 0.601365924 0.890541315 0.445218146
    0.101300925 0.604510069 0.449527502 0.504892886 0.155021101
    0.0119570792 0.481858879 0.901075125 0.454134434 0.127760261
    0.0761877298 0.929226041 0.856215 0.785248399 0.313239038
    0.561909437 0.0379512906 0.214001149 0.508817613 0.422404706
    0.921425462 0.445772916 0.714472294 0.280108929 0.94637835
    0.954316735 0.0179064572 0.456779927 0.606093228 0.912269115
    0.77232939 0.228536725 0.0190321803 0.932860255 0.919529855
    0.332420051 0.68877846 0.0927497447 0.529338241 0.192810893
    0.41096437 0.51483959 0.759475946 0.466561794 0.455113232
    0.964672208 0.0745261312 0.865479469 0.510502994 0.693567693
    0.90051198 0.678048968 0.269004345 0.448552579 0.835241795
    0.0987668633 0.273572803 0.848667741 0.432906866 0.621666908
    0.344689101 0.0434451103 0.790051222 0.0367100239 0.516055703
    0.551221371 0.580046654 0.296726108 0.786904812 0.134658366
    0.758576035 0.484233558 0.937730432 0.733109713 0.686711669
    0.779771507 0.865019202 0.344931602 0.417970508 0.440653026
    0.45621556 0.50785017 0.474243492 0.134117126 0.593295217
    0.132021695 0.214718401 0.517125368 0.848885655 0.150427788
    0.0731768906 0.559752345 0.831355095 0.807260394 0.376505852
    0.129333556 0.779593349 0.774359465 0.856801331 0.722139239
    0.224615574 0.847693324 0.504487753 0.842051625 0.776794314
    0.00352731347 0.203324795 0.870912313 0.790438175 0.958116651
    0.994791269 0.117657989 0.894695997 0.663315773 0.134008229
    0.674246013 0.85659802 0.950330377 0.834155798 0.857468903
    0.167057455 0.410146713 0.145764679 0.580031335 0.267067999
    0.231941938 0.201456279 0.622165561 0.672239304 0.971314371
    0.154498875 0.588150442 0.855918884 0.383980215 0.352079451
    0.410605133 0.656314075 0.667294025 0.291637003 0.0223813355
    0.368669033 0.814365387 0.968629718 0.949326277 0.946959376
    0.286761314 0.536449194 0.296027511 0.871650577 0.745059431
    0.937187076 0.0318129063 0.950858951 0.951276183 0.501881063
    0.163303047 0.616883457 0.311773956 0.630632639 0.779195368
    0.703965604 0.169172496 0.278582573 0.720671058 0.872363389
    0.41538012 0.222647816 0.941513181 0.330271989 0.124642164
    0.150898695 0.392203987 0.40182972 0.832083106 0.963078022
    0.937757611 0.227117032 0.236502826 0.980231762 0.931878686
    0.108670712 0.525585175 0.664696455 0.992012143 0.733429372
    0.309668958 0.116688073 0.0482264161 0.271230698 0.59114629
    0.968126059 0.465560198 0.208424777 0.933365226 0.0211008787
    0.180003971 0.76359129 0.258331776 0.255551815 0.0460120142
    0.81415242 0.202790618 0.438918084 0.390162885 0.18052265
    0.991204321 0.0801349878 0.431682646 0.0481336117 0.117655277
    0.529650867 0.237452656 0.709997177 0.259963304 0.64938587
    0.271757066 0.562913239 0.97486192 0.636130452 0.651689112
    0.25719595 0.455028117 0.695894539 0.970517278 0.685015798
    7.49826431e-05 0.136845469 0.427166164 0.628175259 0.00295218825
    0.0400190055 0.697909713 0.540213287 0.0445294082 0.498043716
    0.385445088 0.873480678 0.903645277 0.802968025 0.453524202
    0.779767513 0.655684233 0.796914935 0.0574660003 0.80636102
    0.305409551 0.845993996 0.306687653 0.517975032 0.336218536
    0.425069541 0.890863419 0.781064749 0.775237739 0.192266554
    0.0922324359 0.173873484 0.770909071 0.244918197 0.895263135
    0.478769213 0.241052568 0.285409212 0.633773029 0.651595533
    0.422261149 0.337253779 0.434482008 0.247734427 0.349903196
    0.456754655 0.763169408 0.529184043 0.198032558 0.479146451
    0.170906574 0.419204801 0.765049994 0.676390886 0.657707751
    0.667280078 0.626639366 0.0102565885 0.804468155 0.038436532
    0.808903396 0.0834250152 0.307555318 0.863166809 0.693403184
    0.610527158 0.682464421 0.163339883 0.116030931 0.181372166
    0.957416415 0.48313266 0.0788038373 0.268135905 0.595540106
    0.17121613 0.135354787 0.875128865 0.614681721 0.0579806268
    0.784702778 0.662492752 0.55355072 0.763404667 0.311523169
    0.703612149 0.476775467 0.428828239 0.393345594 0.776046753
    0.165485829 0.757323265 0.71367085 0.22461617 0.166120529
    0.815126538 0.659353614 0.883455396 0.783085287 0.0838683844
    0.0314942896 0.338387161 0.0829513371 0.438785106 0.321515054
    0.591435015 0.777401567 0.662055433 0.899116635 0.00726053119
    0.38209182 0.969148397 0.523005128 0.456568062 0.410006464
    0.812690496 0.916825533 0.432461858 0.253451347 0.769278824
    0.773157477 0.0630002022 0.563306689 0.481346607 0.120965868
    0.303644449 0.791586757 0.482512236 0.47476849 0.347199202
    0.77212429 0.547419846 0.560014307 0.210231543 0.458979607
    0.832895875 0.479611367 0.893968821 0.299629211 0.60435611
    0.77472651 0.523758233 0.544133842 0.161548465 0.730106652
    0.943205059 0.275031835 0.3319197 0.300311208 0.913755774
    0.753013015 0.953396797 0.355246782 0.807136536 0.57138896
    0.520530224 0.171534091 0.305652559 0.473576099 0.261638522
    0.270189047 0.350879103 0.150578946 0.546728373 0.281434774
    0.812077284 0.730408549 0.422645986 0.167328209 0.703099608
    0.488010168 0.442092806 0.212115824 0.000887751579 0.867503047
    0.447334707 0.80452168 0.722025633 0.176952362 0.476055324
    0.929621279 0.289526045 0.0683323145 0.944372058 0.0979219079
    0.208931148 0.437292933 0.141215771 0.920830607 0.13944155
    0.17963475 0.907020807 0.0646078587 0.397759378 0.45280835
    0.834886312 0.296695024 0.150299698 0.162090749 0.663836896
    0.902700305 0.429257989 0.824195206 0.992092967 0.396166384
    0.711802602 0.914053917 0.585910439 0.653734803 0.107126474
    0.457147092 0.939870834 0.567243278 0.221292287 0.966456413
    0.260498941 0.122574061 0.87115854 0.961256504 0.225777984 0.7504884
    0.030462712 0.71728909 0.162583649 0.478092551 0.564899504
    0.32921949 0.217162371 0.406193018 0.244101286 0.7784127 0.028328836
    0.93748188 0.239890158 0.362139791 0.637150288 0.637055099
    0.569454968 0.677984476 0.191481054 0.633717597 0.653290212
    0.995498121 0.414957821 0.575675905 0.994934916 0.0824264288
    0.209873348 0.375868112 0.818180382 0.748437703 0.669223249
    0.127053857 0.279031277 0.556493461 0.712639689 0.371101588
    0.553231776 0.364299119 0.29084146 0.00430849195 0.661745548
    0.880163074 0.229575604 0.90577209 0.727093995 0.477219343
    0.57776159 0.491217166 0.824214637 0.801677585 0.760599911
    0.587294638 0.934545875 0.674454272 0.401251346 0.136550546
    0.787952363 0.638617158 0.609525859 0.656597674 0.93500489
    0.85367012 0.78134656 0.956534147 0.347336233 0.54501915 0.179835498
    0.7183671 0.426278472 0.489526719 0.473336816 0.91633594 0.643593192
    0.902805328 0.451990098 0.868548393 0.233265996 0.839178205
    0.731982648 0.595884681 0.0516015291 0.276276499 0.681674719
    0.802867949 0.935499847 0.714141488 0.394025892 0.122951835
    0.83639276 0.398984194 0.963793874 0.190180779 0.77326417
    0.0803931355 0.779147565 0.408173651 0.912069678 0.248271853
    0.708602607 0.995160341 0.529507279 0.939795971 0.250562727
    0.306557775 0.319173276 0.738994479 0.703239918 0.934737921
    0.697898865 0.555045485 0.296313435 0.923919439 0.12797305
    0.36034435 0.713582695 0.996643126 0.357832938 0.300077766
    0.617993355 0.765374422 0.461191446 0.470036089 0.418058008
    0.227088243 0.261809379 0.548538685 0.950157046 0.0829029679
    0.616742015 0.669227362 0.085424602 0.851793289 0.0641488135
    0.92869699 0.28388989 0.152166277 0.781396747 0.308752507
    0.658135951 0.435291111 0.88582778 0.589260817 0.986036181
    0.786370635 0.979367018 0.790290236 0.262159497 0.374842614
    0.855055332 0.936947763 0.0973905027 0.3465451 0.794263661
    0.499437362 0.7612046 0.550084591 0.767734408 0.0663694143
    0.00880810618 0.936997712 0.983046889 0.693555892 0.725971103
    0.761935472 0.811004937 0.810628593 0.145341516 0.673636913
    0.169815391 0.310013711 0.563180923 0.00519523025 0.574534416
    0.864284515 0.319846332 0.021794498 0.995673895 0.349017292
    0.27169466 0.78497529 0.79583776 0.0432697833 0.594034076
    0.626963377 0.00666618347 0.550554752 0.47712934 0.977311432
    0.762572467 0.510499656 0.394788206 0.0628679097 0.425193548
    0.706689239 0.440318942 0.758273959 0.522989571 0.323019683
    0.212187529 0.450699061 0.106227934 0.2822842 0.971002936 0.55320847
    0.0409757793 0.754801154 0.557524204 0.94811964 0.245347768
    0.678565264 0.112012982 0.904106736 0.383597732 0.152343184
    0.0441733897 0.0240390897 0.490406752 0.301711023 0.919327557
    0.320181489 0.38951385 0.197065264 0.66255331 0.0362144709
    0.290590465 0.869564891 0.483574152 0.60992074 0.950384021
    0.717973709 0.380402744 0.754927337 0.401499987 0.250784814
    0.512748659 0.163685203 0.480441034 0.569035053 0.20902428
    0.563583851 0.081564486 0.629075348 0.294832766 0.874010324
    0.423843473 0.905002356 0.0178456008 0.755702436 0.602741957
    0.917080402 0.508524358 0.948992729 0.32201308 0.283265412
    0.286160588 0.70769453 0.622167289 0.465490282 0.94846046
    0.839498401 0.4994995 0.81144774 0.559191644 0.80853796 0.184577107
    0.681761563 0.839778185 0.91987592 0.0499055088 0.993815541
    0.248485357 0.616009891 0.738922775 0.390851378 0.769053876
    0.262889713 0.0352349877 0.222600371 0.903285921 0.782077074
    0.563603461 0.340224236 0.394334584 0.591002285 0.752104759
    0.119131863 0.371725082 0.867081046 0.308871895 0.299628526
    0.674712956 0.69461 0.259567559 0.269618988 0.102224857 0.560144722
    0.930524945 0.945231795 0.448602438 0.310385317 0.346993804
    0.304772258 0.401247919 0.148437321 0.994384527 0.772399902
    0.6514709 0.390078872 0.750832438 0.703438342 0.100015104
    0.702277303 0.070946008 0.2194058 0.42461583 0.067815572 0.859128773
    0.423526138 0.641063809 0.365406513 0.446315438 0.480681241
    0.388292134 0.830987453 0.0198848248 0.536390901 0.244972885
    0.93558383 0.773321867 0.184006065 0.530134857 0.309029102
    0.426664084 0.155277848 0.857214689 0.990368128 0.964465618
    0.211726874 0.579538226 0.531754076 0.764365077 0.675993443
    0.833098292 0.5847978 0.955282986 0.742796063 0.31789124 0.639452457
    0.0870239735 0.475201994 0.0967664719 0.538691282 0.566619396
    0.0595645308 0.348200917 0.345342219 0.849779367 0.123810112
    0.302661538 0.180125684 0.220671624 0.462245911 0.867042899
    0.0216571987 0.865432262 0.755788624 0.369258404 0.511693418
    0.562458098 0.313646108 0.69709301 0.454082876 0.993921876
    0.518428862 0.872509599 0.899743617 0.309731781 0.403678507
    0.172257125 0.187004924 0.874292254 0.974627793 0.951428771
    0.45621255 0.892783761 0.0578839779 0.169921994 0.674184978
    0.222807646 0.843037367 0.301722884 0.533332109 0.837777615
    0.829746306 0.485364169 0.791058779 0.711056352 0.284147203
    0.185533851 0.302872956 0.889139414 0.390101403 0.334386349
    0.233914614 0.273909152 0.457477093 0.512256145 0.253536701
    0.174705893 0.913713574 0.842370629 0.0532464385 0.337774336
    0.384535789 0.593150795 0.821700335 0.296693087 0.486031383
    0.357815504 0.0157469809 0.515147448 0.0432297289 0.142618358
    0.328174949 0.0804021358 0.493624449 0.366356373 0.0781874657
    0.09656775 0.305631548 0.453240067 0.420863479 0.420114845
    0.683658898 0.254093051 0.603464305 0.972213686 0.223413378
    0.870415807 0.9853338 0.0411634445 0.880543292 0.315184295
    0.0364201963 0.682744801 0.915752411 0.396357656 0.596454382
    0.0658686459 0.347329378 0.780791759 0.42806232 0.629893839
    0.378839523 0.160697609 0.219569802 0.310853541 0.853265703
    0.780721068 0.224897861 0.713702619 0.288752615 0.268018603
    0.48227486 0.245006859 0.291150212 0.968881607 0.0331899524
    0.731569946 0.884046435 0.681335807 0.873788834 0.848666191
    0.117632985 0.853097677 0.594284296 0.12979266 0.71245116
    0.572170615 0.638698399 0.790992081 0.361156166 0.222023159
    0.0804020762 0.900152087 0.19674781 0.686891198 0.559282064
    0.153740823 0.117685348 0.54676193 0.468768626 0.549500048
    0.586312413 0.537781775 0.778599679 0.38300547 0.339829206
    0.703152657 0.813063383 0.211084485 0.446906716 0.572296858
    0.327328146 0.105757415 0.779690266 0.332232118 0.217441022
    0.114413023 0.579079747 0.804096639 0.601390779 0.309859097
    0.756973863 0.0306347609 0.283231229 0.152904034 0.391431242
    0.934178531 0.408274293 0.173674047 0.620778501 0.176556736
    0.203407109 0.708615065 0.219238728 0.581627429 0.796285033
    0.540635228 0.845300555 0.930899978 0.665671289 0.664117813
    0.441413581 0.529289007 0.49307102 0.73030895 0.454914421
    0.393965513 0.229440928 0.275040478 0.542490423 0.894334316
    0.61035192 0.946321726 0.144028693 0.696846128 0.864585161
    0.902993739 0.706310153 0.0701569915 0.674375892 0.326569438
    0.622827649 0.0980116427 0.697351158 0.895967662 0.699049711
    0.241849691 0.451025486 0.718962133 0.684386373 0.654686451
    0.824900031 0.596332908 0.404263675 0.00910654664 0.415065855
    0.28269285 0.790238619 0.586644471 0.210115075 0.69431442
    0.722028792 0.860702753 0.835482359 0.43907094 0.257840157
    0.0308799744 0.568510354 0.380440831 0.133727074 0.174766809
    0.0920698345 0.296211839 0.737130523 0.423051059 0.774729848
    0.424465567 0.273739755 0.100357771 0.430759668 0.478880346
    0.238095433 0.346858889 0.599133849 0.0285397172 0.971699119
    0.0639469028 0.0711694062 0.0780608952 0.505031049 0.350774467
    0.313447058 0.0389943123 0.75313586 0.359063089 0.381505579
    0.626923561 0.162868679 0.620444179 0.287922144 0.965147793
    0.764402628 0.0274936855 0.242851347 0.740029037 0.00179204345
    0.949124336 0.333083063 0.708387733 0.30941838 0.614033222
    0.113127649 0.028788209 0.130243689 0.186538607 0.455171615
    0.919365406 0.0884855688 0.814439595 0.5384835 0.867381454
    0.190301597 0.422956049 0.834689498 0.0664856136 0.780284941
    0.19398728 0.478107929 0.962625921 0.236284763 0.22437495
    0.402962804 0.213780612 0.573654652 0.14470771 0.201985121
    0.838597894 0.291575789 0.470899135 0.0277307034 0.0156292915
    0.0574583709 0.808873355 0.398480564 0.890462399 0.751276612
    0.0360453129 0.551934004 0.447929323 0.78601253 0.544090867
    0.437770665 0.290571392 0.63102746 0.293617517 0.946779847
    0.960942149 0.703062892 0.820441365 0.976373911 0.730958223
    0.782985687 0.914877892 0.0587941706 0.757790327 0.117941439
    0.210186452 0.929116607 0.0739317536 0.0473886728 0.293383718
    0.239180386 0.499871939 0.540354073 0.605238318 0.139705122
    0.206718922 0.832806945 0.106533498 0.453253835 0.848500967
    0.320587486 0.245452583 0.301004887 0.94303143 0.194653064
    0.898205578 0.181310564 0.0301551521 0.554004967 0.541339457
    0.154548883 0.941377997 0.210979491 0.779249072 0.780100286
    0.925444424 0.813098967 0.0368333459 0.348555803 0.743629038
    0.554029822 0.939387918 0.630328834 0.469761252 0.604364991
    0.981589079 0.389503837 0.031501025 0.706312358 0.934868693
    0.698569059 0.897289157 0.407829762 0.107723445 0.317539096
    0.928537846 0.756790042 0.0774281323 0.779268622 0.656381726
    0.146610528 0.0956919789 0.129182309 0.148448199 0.94941479
    0.447306663 0.0210871696 0.731243134 0.980399907 0.938200474
    0.31754905 0.661939502 0.435567975 0.983633339 0.969949484
    0.127051592 0.101764202 0.987942576 0.955140352 0.734176159
    0.516534805 0.719882309 0.514974058 0.624224186 0.486042589
    0.984902859 0.116456479 0.390986085 0.753328919 0.725835085
    0.695852935 0.161259115 0.452960432 0.822525382 0.6028772
    0.131994396 0.0315795839 0.861179829 0.632697582 0.433266848
    0.368188202 0.813161075 0.8655563 0.422525465 0.00520303845
    0.57356447 0.713815928 0.0184020698 0.605281711 0.64838016
    0.102470577 0.921839118 0.517999411 0.476385653 0.275083423
    0.239897192 0.392096281 0.126524836 0.816378355 0.0311002135
    0.462722838 0.923296094 0.173724651 0.215689152 0.115281254
    0.467202365 0.843001366 0.959041238 0.472042203 0.450997144
    0.660932064 0.699254274 0.43011418 0.106184214 0.885006666
    0.477421522 0.910433173 0.198609889 0.0287535787 0.53501308
    0.523655534 0.6270895 0.812633038 0.974559307 0.180215448
    0.858153343 0.477918804 0.651290119 0.726312399 0.993514061
    0.519825578 0.361344159 0.843898177 0.0178816915 0.802952409
    0.816938162 0.676074982 0.123148352 0.312727898 0.340542138
    0.0543033779 0.564767182 0.601971567 0.771518111 0.353817999
    0.0491915345 0.297500491 0.42905882 0.835713148 0.625796199
    0.0981601775 0.700854897 0.190612763 0.124792695 0.735487103
    0.475060463 0.758653045 0.0497151911 0.993891239 0.163521051
    0.193682641 0.401322097 0.79008019 0.118114144 0.161412656
    0.0582242012 0.0926736593 0.153635412 0.926570654 0.397945076
    0.794124603 0.826996982 0.446646631 0.746623635 0.420176953
    0.427887976 0.732177675 0.0590064526 0.242677391 0.377088279
    0.0551102459 0.216654032 0.17022115 0.679271221 0.550581634
    0.316684544 0.688515365 0.633026958 0.0443460047 0.0386731029
    0.875140488 0.64981097 0.908054829 0.00512075424 0.831390738
    0.790100574 0.969788194 0.860443354 0.709570169 0.564529419
    0.662984014 0.887528539 0.00512066483 0.498640746 0.0570785403
    0.477180034 0.207933962 0.132387638 0.890585542 0.0430983305
    0.724108279 0.824016452 0.135347754 0.561984062 0.868200302
    0.537570596 0.480721265 0.924547553 0.201865077 0.16068247
    0.0957276523 0.971674681 0.305564821 0.653844833 0.606535316
    0.224671155 0.901101947 0.924455166 0.673075199 0.588986039
    0.863919139 0.816910028 0.98544693 0.607721746 0.213263482
    0.791785359 0.865518212 0.24546054 0.248757958 0.798158109
    0.205243319 0.911520362 0.733781517 0.869775295 0.203140527
    0.664134145 0.743798435 0.705447197 0.579614103 0.303161323
    0.123546451 0.887040734 0.594444036 0.985611677 0.620037317
    0.99481672 0.912817001 0.864256382 0.0179317892 0.269114554
    0.632011473 0.800164461 0.177374095 0.754646778 0.365986049
    0.807565272 0.54843384 0.848730803 0.633880079 0.502701104
    0.402639538 0.266369194 0.897704244 0.375610709 0.809459209
    0.354977399 0.859175503 0.551740229 0.890715003 0.218791127
    0.00465810299 0.645593166 0.0669254065 0.157149345 0.449043155
    0.851427674 0.973958373 0.107496619 0.00083693862 0.49978593
    0.440556884 0.695836723 0.595299065 0.602589071 0.228833735
    0.215068728 0.18307507 0.642813683 0.140475959 0.454279125
    0.299835503 0.80832994 0.733181 0.27281028 0.275493562 0.965676248
    0.92713201 0.345620751 0.225587755 0.0447131097 0.12775141
    0.668900609 0.483747661 0.979406655 0.851306081 0.222716033
    0.141130328 0.740082026 0.420981765 0.22374326 0.00905773044
    0.451544791 0.266962767 0.748131216 0.463433862 0.691931129
    0.695083857 0.34140116 0.759110212 0.597955525 0.13606149
    0.621546984 0.568806231 0.427666336 0.399501681 0.759621382
    0.598343313 0.65678376 0.368153155 0.376955748 0.657426775
    0.34679544 0.126116574 0.803569257 0.899162054 0.635105073
    0.753496647 0.296973646 0.320427954 0.361332148 0.42569536
    0.157030553 0.77449286 0.541080654 0.20502761 0.670035958
    0.540395916 0.498754978 0.626537144 0.142416686 0.668173313
    0.611841023 0.341722548 0.24889046 0.922332883 0.664771914
    0.269927084 0.760908365 0.819019735 0.592123449 0.0655812025
    0.389311403 0.264070988 0.340153754 0.887041211 0.329086185
    0.00530773401 0.125861436 0.387385547 0.113217175 0.589864254
    0.984825015 0.182833791 0.66173315 0.885895491 0.789266169
    0.0127006769 0.456713945 0.714994907 0.534659922 0.0125668347
    0.79024291 0.458423287 0.768735409 0.190713078 0.000624030828
    0.0144120455 0.986976027 0.339565992 0.502577007 0.274594843
    0.0720147192 0.695496619 0.403312624 0.0155957639 0.567164421
    0.318341881 0.849211812 0.580829382 0.862898707 0.539434552
    0.0632745922 0.459336221 0.596762121 0.720688581 0.521190047
    0.392132819 0.0297296345 0.318569064 0.6504215 0.252895653
    0.254039228 0.690645337 0.949059784 0.0265943706 0.741219521
    0.781446218 0.447980285 0.498840988 0.891451836 0.397203207
    0.158173203 0.124088854 0.101045817 0.455005407 0.751403451
    0.454574078 0.619679332 0.912195206 0.639557481 0.0664158165
    0.0709415078 0.726928234 0.23234418 0.184877902 0.299420446
    0.439417779 0.733674407 0.192632079 0.733648539 0.465820789
    0.0853330791 0.580255508 0.450744182 0.264838338 0.0667284131
    0.331044853 0.210203469 0.311509162 0.827914596 0.762912691
    0.241199732 0.989793539 0.364383101 0.834513903 0.988747358
    0.799674153 0.177761644 0.558526635 0.669441044 0.722390831
    0.849712729 0.663081467 0.423490137 0.231332362 0.915455818
    0.0283854008 0.897409558 0.738943934 0.834034085 0.772601247
    0.359126061 0.630299091 0.533889949 0.127220601 0.671275139
    0.443401128 0.956112623 0.0461489558 0.304006755 0.514612854
    0.37145409 0.968848944 0.272794366 0.637764692 0.590529203
    0.89962846 0.331720829 0.560044169 0.140665263 0.100499332
    0.121247321 0.853771031 0.731194139 0.26059252 0.756032109
    0.670977294 0.500612855 0.96602428 0.0635811687 0.762261868
    0.354293197 0.132041723 0.601513922 0.0862134695 0.991274953
    0.5815956 0.356176168 0.71155405 0.486368299 0.227389038 0.442553699
    0.898566484 0.575586677 0.0731449723 0.0451304913 0.138532013
    0.575841665 0.652072966 0.198674083 0.570564747 0.109587252
    0.262331188 0.547181964 0.268583387 0.551677287 0.362638712
    0.0323402286 0.682967901 0.152761877 0.514431477 0.18416509
    0.311757535 0.421144724 0.426588535 0.454986453 0.149015278
    0.674837172 0.527024448 0.0373160243 0.480991811 0.683112681
    0.86687243 0.8406986 0.0418990254 0.18957749 0.410507619 0.660606503
    0.815703094 0.278929293 0.965867698 0.69118911 0.0522423983
    0.224950403 0.301344812 0.83257544 0.349859118 0.163610548
    0.592276096 0.550344944 0.840921521 0.43974483 0.775710404
    0.79195565 0.518832266 0.222136855 0.599673986 0.55505532
    0.356706947 0.0636187494 0.437741458 0.318522573 0.764125645
    0.539245605 0.82149452 0.905085564 0.878958464 0.768199444
    0.0438091755 0.874697685 0.714976668 0.201145649 0.516930401
    0.312888056 0.27987358 0.828848481 0.514347732 0.440660775
    0.0128684044 0.0304540694 0.0979505777 0.845972598 0.580725253
    0.200362056 0.248056799 0.173201382 0.230576307 0.139532745
    0.0100994706 0.946913958 0.793176711 0.937823534 0.217616946
    0.0824282765 0.55647558 0.545331955 0.177565277 0.275833368
    0.711490035 0.142271519 0.101666927 0.00424870849 0.523527145
    0.0478531718 0.950804114 0.983222485 0.45333457 0.959104657
    0.514241159 0.334485441 0.723002672 0.647459149 0.499905944
    0.254799992 0.872767568 0.612170279 0.33823359 0.0229547322
    0.374964654 0.382283002 0.335614026 0.993071437 0.668074369
    0.174236357 0.232871652 0.102951914 0.476776749 0.714286923
    0.349577487 0.506444037 0.611277461 0.773768783 0.713049173
    0.53773421 0.856490135 0.868282437 0.989847422 0.414356917
    0.49347958 0.582164228 0.236144334 0.620601237 0.830350935
    0.735275447 0.00620159507 0.487366378 0.0808956623 0.212126881
    0.734099507 0.651919663 0.633297622 0.656890631 0.331477463
    0.959903955 0.113116831 0.727379382 0.0607848465 0.690949976
    0.966476142 0.00695645809 0.805484056 0.579008758 0.454926431
    0.564942598 0.900518537 0.0610747337 0.693258226 0.383566201
    0.390147418 0.87402606 0.491642147 0.990493715 0.980516613
    0.697963893 0.525144219 0.544117212 0.805222631 0.438967586
    0.489144832 0.717897773 0.483736426 0.778010845 0.966587424
    0.153198332 0.390966505 0.63242352 0.429760724 0.71364516
    0.160285622 0.552284539 0.0999459326 0.422117203 0.141147822
    0.332957268 0.0800492465 0.857223332 0.334277421 0.914266467
    0.787454307 0.102188706 0.496210247 0.86766541 0.316743881
    0.94298619 0.819497228 0.665182114 0.704393744 0.451666385
    0.994807422 0.306870341 0.512273371 0.696944416 0.369517982
    0.620841384 0.710840464 0.533488035 0.572749794 0.506515682
    0.508758605 0.17946133 0.374647915 0.913341761 0.810925364
    0.612792611 0.490765154 0.357903451 0.059304893 0.273741484
    0.681865513 0.720356226 0.293539166 0.344028115 0.363555789
    0.721247494 0.390309334 0.0915814936 0.181902945 0.524823844
    0.0155769289 0.138330877 0.640831232 0.997506618 0.162739605
    0.337676644 0.333730757 0.0485997498 0.295508534 0.260539711
    0.771172166 0.858261585 0.280978262 0.342343569 0.054628998
    0.263394833 0.641115665 0.962226987 0.995959997 0.315241396
    0.775187135 0.130256981 0.398119271 0.222812235 0.852893591
    0.657283247 0.455098689 0.37061286 0.944103003 0.821358979
    0.394068003 0.947851539 0.234565526 0.747981489 0.298264384
    0.836560726 0.199319094 0.904446959 0.917870164 0.867719054
    0.806356192 0.611832321 0.112748474 0.433419794 0.15843001
    0.298316121 0.42689985 0.788595259 0.799318492 0.465607643
    0.622139156 0.904945016 0.589531958 0.809800506 0.2306647
    0.226896018 0.401993185 0.455187887 0.784348905 0.89184922
    0.725580573 0.797899604 0.985917091 0.819726944 0.397640347
    0.566528916 0.635155082 0.35587126 0.200852811 0.412955791
    0.732680202 0.420967251 0.0136011839 0.31040889 0.550769627
    0.024851203 0.236600131 0.998530507 0.035338819 0.23286435
    0.605033755 0.699893177 0.99996686 0.328974426 0.731031835
    0.519358397 0.4396514 0.131788939 0.92473644 0.618492544 0.878340244
    0.0267447233 0.0731362998 0.334972441 0.474098593 0.371912658
    0.725619197 0.436894804 0.309307992 0.210991502 0.269364506
    0.845818996 0.880930007 0.920554459 0.915594339 0.224197 0.381496966
    0.0496668816 0.609885097 0.219584584 0.546814144 0.314779341
    0.119927973 0.507332802 0.604590416 0.554860234 0.494174898
    0.942833781 0.439694077 0.94805944 0.954546809 0.807660103
    0.84869647 0.962635636 0.200193971 0.918155432 0.675067067
    0.953452289 0.255462319 0.699631155 0.0394718647 0.573884964
    0.843733549 0.339069605 0.187715203 0.710813046 0.0631118715
    0.360471517 0.00739723444 0.984678388 0.0575503707 0.108538985
    0.863767266 0.358703136 0.714532256 0.132854342 0.340039372
    0.181908995 0.956891716 0.846751094 0.592094362 0.385719568
    0.0637534559 0.143279582 0.396031648 0.0572043359 0.794541895
    0.582595348 0.845814943 0.708259821 0.116594285 0.858615398
    0.666221738 0.92105329 0.673758805 0.333422244 0.0107905567
    0.778732538 0.995422125 0.8093189 0.336858988 0.769378066
    0.327619672 0.63358438 0.295354933 0.325852454 0.782860279
    0.375487268 0.694225013 0.112218082 0.625820756 0.166222602
    0.196067661 0.584533215 0.371180415 0.947138071 0.960973918
    0.314799368 0.261236936 0.45313406 0.375106633 0.98680532
    0.827270269 0.291931659 0.999348044 0.994444847 0.684569001
    0.609718919 0.118938088 0.0269759297 0.159788221 0.229958445
    0.149282932 0.477470309 0.891936839 0.255213618 0.930212855
    0.949005365 0.558298707 0.874091864 0.52739495 0.0697934628
    0.753202081 0.356915832 0.136779487 0.309774131 0.436401367
    0.382892132 0.824424744 0.687838912 0.722851872 0.789806604
    0.554376245 0.365722746 0.699293792 0.791797519 0.034614861
    0.0767146647 0.429214716 0.626078665 0.407402039 0.483059406
    0.631282628 0.0208912194 0.392846227 0.853872657 0.099802196
    0.0977177024 0.0044747293 0.257368088 0.335182369 0.142736942
    0.887588143 0.736190319 0.305397481 0.486528605 0.58472389
    0.712185025 0.305069566 0.748385787 0.536004663 0.984703898
    0.508782327 0.556677818 0.838159204 0.896911621 0.788710117
    0.753260255 0.0509549975 0.477457255 0.298553824 0.126309037
    0.878212333 0.220826954 0.246320456 0.212777227 0.481349975
    0.68121928 0.177322924 0.0987194777 0.244539171 0.783347249
    0.321393967 0.553348362 0.41876322 0.390457213 0.381394774
    0.268886507 0.951363027 0.537759483 0.797544241 0.854184985
    0.999493957 0.282284558 0.0503029823 0.227088958 0.966631174
    0.0904633999 0.0746328235 0.290531337 0.372206092 0.0243380368
    0.307819992 0.780246079 0.62417841 0.219273895 0.466214448
    0.499190032 0.217594266 0.929248571 0.645242989 0.375856698
    0.0359943509 0.851033807 0.0337365866 0.859348774 0.449151933
    0.381810784 0.331247687 0.690817177 0.867711961 0.183757126
    0.982714415 0.12478438 0.203635603 0.608450294 0.904353142
    0.375086784 0.396533489 0.506144047 0.971817315 0.0398720801
    0.412992299 0.357083023 0.310522974 0.253329158 0.363012046
    0.918892622 0.966910243 0.110337943 0.381301373 0.515743375
    0.194428146 0.421065748 0.660858989 0.953791142 0.934479237
    0.330634713 0.797379494 0.276545167 0.909548163 0.774587274
    0.324994504 0.648995399 0.212116569 0.812062144 0.740577459
    0.528136015 0.836825669 0.691189945 0.484426051 0.057045579
    0.961808622 0.305283785 0.217144847 0.437043786 0.0392909944
    0.326708853 0.0621388853 0.630289555 0.292651951 0.746948063
    0.953725815 0.0412694514 0.489205629 0.374501079 0.571314871
    0.962626338 0.148080945 0.290366888 0.333614647 0.393032104
    0.375781953 0.356026977 0.0609063208 0.406009555 0.148191512
    0.693089128 0.981805205 0.986984909 0.326224685 0.384501547
    0.302615047 0.817192197 0.541817069 0.104966372 0.566600382
    0.956485629 0.859860182 0.40690136 0.706914425 0.113733858
    0.113287747 0.944356978 0.130726874 0.52563411 0.938143432
    0.49130398 0.265893877 0.6086272 0.912824273 0.0622968078
    0.348476946 0.462167591 0.516253412 0.0258696675 0.513042867
    0.790583372 0.534519672 0.591176391 0.960454047 0.781725764
    0.62437129 0.0767029524 0.0129573047 0.072508961 0.582161605
    0.238134801 0.233690679 0.684448659 0.324976295 0.917601407
    0.036700666 0.0712628663 0.631340921 0.989865899 0.51416409
    0.0610155463 0.809597969 0.205064267 0.964545846 0.881241798
    0.375055999 0.607955933 0.311858475 0.847616434 0.123459369
    0.54168582 0.0573635995 0.657386005 0.0714321733 0.645317078
    0.229481071 0.675069273 0.447016686 0.338586032 0.193897575
    0.587343216 0.881559968 0.637076259 0.429674089 0.341149628
    0.000453442335 0.636011004 0.0455161035 0.592960775 0.760246634
    0.130420476 0.352741659 0.448906451 0.098541379 0.0586036146
    0.767442107 0.607562959 0.0497877002 0.239846885 0.588708043
    0.493116826 0.373169541 0.0532198548 0.0862379074 0.0967485905
    0.880016267 0.741143942 0.707828224 0.378742546 0.928082228
    0.273189217 0.25100714 0.622404337 0.567221999 0.185355961
    0.720817268 0.00552794337 0.648342133 0.548242807 0.273162425
    0.554623067 0.984909356 0.41750294 0.23823306 0.158620983
    0.920544267 0.935943007 0.804131746 0.756489515 0.0486931503
    0.186303824 0.663781285 0.183959633 0.357278287 0.633967996
    0.0354835987 0.313140273 0.251928389 0.0984123647 0.137285262
    0.71803081 0.277334332 0.273100495 0.90855962 0.272498041
    0.307716042 0.409809649 0.562608242 0.383995831 0.0303327739
    0.581733108 0.586421847 0.872267842 0.161788225 0.703498185
    0.729182839 0.839372396 0.942815602 0.497853547 0.0312895775
    0.311632276 0.721086264 0.963536739 0.546684265 0.959890962
    0.224128425 0.281725645 0.174207091 0.434262544 0.43775478
    0.471894085 0.132348299 0.694988251 0.852377892 0.472931862
    0.916924238 0.957790554 0.138234168 0.725941658 0.51557219
    0.131952524 0.822732925 0.934603691 0.388418376 0.971027374
    0.329585671 0.289579988 0.29708454 0.841759682 0.380585045
    0.81136018 0.710179448 0.448055387 0.471219689 0.828594685
    0.393946439 0.418113679 0.507189572 0.235462427 0.852896631
    0.143318355 0.258590639 0.550192118 0.357383251 0.265721232
    0.897968948 0.865502477 0.673214853 0.152775526 0.296023726
    0.776680291 0.4995673 0.522979915 0.327543378 0.643991411
    0.00925591588 0.145579159 0.18904835 0.399296612 0.582109928
    0.817615986 0.288832247 0.807629943 0.670095086 0.595458746
    0.0331302881 0.911896169 0.622672498 0.241402328 0.0377854407
    0.0635127127 0.54839462 0.595483124 0.610841155 0.45699957
    0.0616179109 0.89987433 0.187976211 0.306137919 0.0106405616
    0.593143761 0.237734675 0.586341977 0.688134193 0.219833136
    0.165685356 0.863597989 0.37076813 0.806746244 0.966961741
    0.508319318 0.387693822 0.61178565 0.923592091 0.0699389279
    0.506833911 0.799720526 0.526798785 0.968277991 0.27701056
    0.767187834 0.626082957 0.442234576 0.427169025 0.113518327
    0.713767886 0.0363065898 0.408073455 0.84731257 0.0430995822
    0.0319283009 0.478679925 0.0656600296 0.495944321 0.567981184
    0.595867813 0.821028948 0.670665264 0.744652033 0.481472075
    0.293961644 0.983628511 0.900431633 0.277344316 0.528797567
    0.133852154 0.765570581 0.252663493 0.733714163 0.0146352053
    0.578777671 0.294938982 0.329162776 0.813493609 0.396180004
    0.662104607 0.833819389 0.886901975 0.528407276 0.469533533
    0.984998584 0.817927718 0.500075936 0.407105207 0.621919394
    0.991940856 0.376047134 0.801835239 0.57291472 0.16155526
    0.166678846 0.978845 0.606508672 0.286372155 0.806131601 0.919160306
    0.393185258 0.52794975 0.192015231 0.705629826 0.222299904
    0.0732491612 0.728670478 0.146359414 0.824372411 0.721519768
    0.926271498 0.251593411 0.848902822 0.297354668 0.650314629
    0.428033292 0.769671082 0.066673547 0.536825001 0.867854953
    0.885324597 0.547239959 0.0924995244 0.671889305 0.00919061899
    0.981957436 0.674594045 0.475884765 0.831352353 0.0326083302
    0.257633895 0.373778224 0.183082253 0.238771319 0.109642893
    0.595296621 0.547228992 0.619341075 0.902423441 0.112299114
    0.172785074 0.550629616 0.904603839 0.49723193 0.357981503
    0.303611219 0.889472246 0.625275493 0.954179168 0.292827725
    0.826119006 0.222567886 0.695230365 0.10892123 0.797411501
    0.296622097 0.746660173 0.631912947 0.756253064 0.783534944
    0.436137468 0.812245131 0.865469515 0.331429988 0.277921617
    0.732303262 0.707425773 0.661901355 0.86460638 0.591848195
    0.855089545 0.606410921 0.246969461 0.390428543 0.0252984762
    0.744719386 0.0732196867 0.853843808 0.643551946 0.928202927
    0.0821177363 0.132153153 0.113933742 0.505509555 0.856069267
    0.587880313 0.902005434 0.110016733 0.761216342 0.435159683
    0.168250203 0.0342479944 0.374638468 0.829298854 0.232815087
    0.699163139 0.854266763 0.0137854815 0.870900393 0.294285834
    0.691666365 0.519052267 0.127666563 0.359710395 0.157918274
    0.0193898976 0.288876057 0.80857563 0.955211997 0.301873565
    0.648697674 0.40622893 0.93607682 0.871037602 0.786278188
    0.197277576 0.532335162 0.293159842 0.40369615 0.355740815
    0.971803427 0.146175593 0.629459381 0.404406965 0.554778039
    0.216866523 0.759470463 0.183304399 0.286414295 0.5130198
    0.191836774 0.453399509 0.62351644 0.663785458 0.179870874
    0.304562986 0.143083423 0.125666529 0.185860395 0.0460071266
    0.139468461 0.820114136 0.569785476 0.794086814 0.341188788
    0.454252541 0.0936059058 0.898980618 0.354916394 0.432790339
    0.10610953 0.396316826 0.263161391 0.52909857 0.189395815
    0.516795099 0.664183438 0.910113573 0.441996276 0.596914709
    0.360607564 0.320644617 0.948944449 0.157176793 0.234255046
    0.752739966 0.864041507 0.0644347072 0.700929224 0.862739325
    0.0117884576 0.604183376 0.300471783 0.467815727 0.12128365
    0.457633853 0.927371383 0.384585679 0.743360639 0.62514168
    0.149319261 0.746298194 0.636036456 0.893778443 0.0243466496
    0.016474396 0.871267796 0.751894712 0.107561529 0.668900669
    0.164680362 0.887309611 0.00362592936 0.822831511 0.0216769874
    0.178154707 0.938534558 0.0606020093 0.551177323 0.339344323
    0.023791194 0.350310504 0.641805649 0.259029865 0.967022419
    0.794111252 0.644119143 0.0192395747 0.603456676 0.628413081
    0.693760037 0.184819907 0.857514024 0.0685321987 0.839749455
    0.0455313921 0.998375416 0.518697321 0.542502165 0.087816298
    0.793334961 0.559163809 0.100892365 0.537047386 0.0805632472
    0.0632435381 0.43680042 0.0683839023 0.298436403 0.520541966
    0.347907931 0.780997157 0.369169682 0.550183833 0.986289918
    0.682354569 0.34518832 0.190902054 0.167874306 0.247053087
    0.325992405 0.146103591 0.290082514 0.371797115 0.68741554
    0.817733645 0.586443424 0.549083471 0.314453244 0.961886883
    0.966384053 0.449474275 0.624110222 0.663377702 0.405053705
    0.226022363 0.99781394 0.526818573 0.57720089 0.895438552
    0.412892163 0.6955899 0.239646375 0.634573102 0.693203986
    0.559280455 0.384347796 0.165381581 0.831875563 0.475771368
    0.611259222 0.675413013 0.966385126 0.319726646 0.323039591
    0.348406017 0.577908635 0.174802065 0.345866978 0.836680353
    0.155025274 0.999823272 0.864665627 0.944017887 0.81341064
    0.356585503 0.909880161 0.615517676 0.566294074 0.373716176
    0.788862467 0.333510458 0.0642866194 0.344368607 0.00990960002
    0.430877715 0.19676581 0.584568441 0.130351543 0.947703481
    0.262545556 0.295137614 0.076544106 0.76388979 0.806292415
    0.390801162 0.9230358 0.75052464 0.981886864 0.476803452
    0.0104411244 0.0597768724 0.0523033738 0.45696193 0.611032128
    0.284923434 0.0100708604 0.904407322 0.25741151 0.162117749
    0.356713831 0.0696423054 0.508078039 0.212644666 0.153252304
    0.198595047 0.278807759 0.442359298 0.93058902 0.978072584
    0.240852684 0.759449005 0.339985847 0.19867447 0.0590575337
    0.136101365 0.382629335 0.386677474 0.665800869 0.946383357
    0.703186929 0.862281919 0.0152664483 0.298292518 0.208225787
    0.716020703 0.0610247254 0.650646329 0.604353666 0.687425911
    0.734839022 0.752628565 0.545501828 0.135451436 0.213389695
    0.547151983 0.00893670321 0.822914898 0.241806537 0.848898828
    0.760232687 0.68197614 0.0194774568 0.0758530498 0.00752991438
    0.81676805 0.0308583677 0.351708651 0.898711205 0.888337016
    0.503204584 0.321957469 0.624231875 0.509117723 0.420368761
    0.292515635 0.484141856 0.212432414 0.77214992 0.651285529
    0.493812621 0.336952746 0.429226995 0.55328393 0.500304461
    0.288890392 0.523096681 0.723126173 0.324093997 0.0551411808
    0.734811068 0.073995471 0.849500537 0.656165004 0.587276638
    0.480532795 0.411242306 0.466654092 0.352686226 0.263416231
    0.272568196 0.0828717649 0.42798537 0.475458592 0.579429269
    0.381607652 0.559957445 0.0153318048 0.987825513 0.727921426
    0.506100416 0.228031427 0.296088368 0.52999264 0.571034551
    0.872854769 0.0114764273 0.765388191 0.82619071 0.248099893
    0.344226837 0.260412306 0.412053794 0.573171377 0.243106961
    0.516087949 0.799174428 0.466268599 0.406321079 0.526167095
    0.0474047959 0.496420056 0.899496734 0.153949678 0.0863494277
    0.646352172 0.964081764 0.00198993087 0.82120347 0.331721067
    0.685057878 0.371426165 0.948173404 0.340660036 0.130300939
    0.676929593 0.893193543 0.983357728 0.821464062 0.0222584307
    0.138646632 0.12330693 0.181193382 0.940265417 0.321387529
    0.146542847 0.0104152262 0.398757666 0.868945837 0.358967006
    0.866739213 0.979859114 0.39832142 0.769313812 0.864747047
    0.347223818 0.531607568 0.744382203 0.288865328 0.973669887
    0.0307993591 0.435508043 0.465378016 0.825455666 0.823839366
    0.537370324 0.791184425 0.40658927 0.634957433 0.683790505
    0.0550671518 0.375214607 0.108242095 0.940988004 0.665493608
    0.0177381337 0.638118625 0.647761703 0.925286412 0.0121253431
    0.036588937 0.754202306 0.686481953 0.921022892 0.415540576
    0.0653328896 0.273831308 0.314255357 0.21985206 0.0226933658
    0.996916115 0.992491484 0.0531319082 0.04151389 0.556654394
    0.956493676 0.249942213 0.360040128 0.420172364 0.41138801
    0.555326641 0.333829999 0.127583236 0.360129565 0.863053262
    0.180727303 0.813405156 0.624105215 0.491351336 0.227933675
    0.542752206 0.629822016 0.85219121 0.122964561 0.0548311472
    0.165627718 0.421004415 0.542589128 0.218444645 0.0675287843
    0.248676389 0.293693721 0.110009551 0.00181689858 0.0140814185
    0.371971488 0.181777358 0.484731972 0.243466467 0.133560956
    0.511989951 0.593231797 0.166563004 0.874369502 0.519065976
    0.528527796 0.343447804 0.000993937254 0.374982446 0.997856617
    0.325827479 0.44506228 0.642074704 0.160860747 0.351322621
    0.776610374 0.53919673 0.339280069 0.336950064 0.802704275
    0.404764384 0.395775616 0.631454468 0.808979571 0.702619433
    0.860200644 0.055662781 0.650062084 0.574607909 0.092713356
    0.34730947 0.320080101 0.233475864 0.30543381 0.278325975
    0.943041623 0.752701163 0.299965501 0.121474802 0.333710283
    0.724737942 0.867259502 0.55583632 0.317171574 0.390600413
    0.758798838 0.553669274 0.826261044 0.249606609 0.00180530548
    0.292445272 0.992570698 0.647638321 0.847188115 0.245957613
    0.493988246 0.14787069 0.318553984 0.393473595 0.582473516
    0.777636051 0.211152077 0.742341936 0.551638544 0.999285936
    0.935745239 0.32387197 0.297551751 0.422376871 0.265399158
    0.390953243 0.0724129081 0.176905811 0.40607056 0.0767017007
    0.844493151 0.578229249 0.707347393 0.126613528 0.529325366
    0.0714124143 0.592837811 0.250194311 0.829309821 0.00990658998
    0.42602995 0.353048384 0.942338347 0.121517599 0.162958592
    0.550918579 0.918553829 0.676325202 0.334224075 0.132401735
    0.96396637 0.530726075 0.147206485 0.0464398265 0.378257394
    0.361678004 0.692110896 0.588306069 0.23587501 0.09539482
    0.569205284 0.904573321 0.470292896 0.927890539 0.882031441
    0.154524863 0.608082592 0.86621809 0.742986679 0.0459294319
    0.10767898 0.2223427 0.395570606 0.333419025 0.88650167 0.0622994602
    0.796282172 0.939348221 0.289441347 0.170542181 0.410099834
    0.650768161 0.98684305 0.129351974 0.0940297246 0.906485677
    0.229810476 0.285556018 0.350768387 0.752727747 0.61168474
    0.504319608 0.152534604 0.980526924 0.0884401798 0.35285008
    0.926101208 0.574208975 0.0811247826 0.877850056 0.869965315
    0.650251985 0.327193022 0.64891398 0.32097894 0.89336133 0.798247814
    0.655493677 0.916259468 0.172009349 0.298702955 0.274499357
    0.97023201 0.11654675 0.161165625 0.0981808603 0.686696649
    0.826848507 0.0147465765 0.409151465 0.252085805 0.417056143
    0.449824452 0.92133975 0.81543988 0.290600836 0.889486194
    0.766872048 0.988280416 0.844694018 0.46230492 0.569466174
    0.758771062 0.190454662 0.347548872 0.980105877 0.523168147
    0.0315052867 0.751663566 0.655207992 0.401975393 0.566770673
    0.166696161 0.21018362 0.488371968 0.743215859 0.143243879
    0.650030613 0.865552604 0.0635733008 0.00992432237 0.952950954
    0.822726965 0.0624274611 0.950628281 0.292163551 0.0943162441
    0.209255189 0.963489771 0.57558167 0.758572876 0.696557224
    0.922232866 0.798777759 0.444076419 0.774460137 0.915258169
    0.677359104 0.256488442 0.679513991 0.979853213 0.310197949
    0.939236939 0.238780856 0.127918661 0.876885414 0.159090966
    0.66208446 0.369676918 0.279921293 0.666398287 0.374120653
    0.253698945 0.0813691914 0.355734408 0.951523066 0.229999781
    0.752217054 0.650494099 0.497187018 0.601122677 0.0711227059
    0.965207696 0.635414839 0.168312967 0.925517619 0.189223975
    0.965243697 0.122310311 0.873639226 0.484993756 0.941146314
    0.337183416 0.306880623 0.313875556 0.393260628 0.915675461
    0.822357714 0.419014603 0.138580233 0.100075036 0.422810435
    0.335458875 0.153918982 0.567924917 0.828607619 0.220672131
    0.740822554 0.19178158 0.178789854 0.189666688 0.751641989
    0.299384534 0.0789038837 0.694887877 0.711989939 0.364904523
    0.88524425 0.59085381 0.0814518929 0.899455667 0.603296816
    0.614762783 0.959089994 0.970603049 0.0910376012 0.714036703
    0.711568415 0.471898913 0.121429414 0.284369558 0.758330643
    0.813802838 0.687740386 0.936349988 0.945863366 0.0139034688
    0.851491332 0.997438908 0.38927108 0.116523921 0.191058338
    0.831909418 0.749286354 0.594180942 0.348335147 0.0441901684
    0.854328215 0.419775993 0.166936547 0.566952705 0.490406454
    0.469027698 0.771070004 0.423929513 0.041251272 0.423652053
    0.338071883 0.512499154 0.0464857519 0.48049596 0.501561999
    0.217497706 0.841118515 0.57519275 0.718014359 0.545374691 0.9598248
    0.74073267 0.520261645 0.291322172 0.544509888 0.709150136
    0.0541917086 0.550451756 0.996280551 0.0758593082 0.0757409036
    0.284976721 0.306074858 0.22816214 0.615286291 0.18860209
    0.550537646 0.928048134 0.444344252 0.150005609 0.802726805
    0.970240116 0.486753643 0.545839906 0.289656878 0.310204804
    0.0480085611 0.0394445956 0.420460969 0.0333621204 0.135492265
    0.567755342 0.0388281345 0.677765131 0.275996774 0.732344151
    0.838450253 0.822151423 0.110127151 0.160668671 0.989046097
    0.741970658 0.913408041 0.053611964 0.387870193 0.620627761
    0.947041154 0.958582342 0.261629045 0.127720326 0.238450408
    0.589429677 0.0613877475 0.294057846 0.455614597 0.88929081
    0.394933879 0.153434217 0.823458433 0.745188773 0.250457317
    0.955916047 0.13740626 0.0355663598 0.812808037 0.406090856
    0.274715364 0.213068545 0.464841932 0.348526448 0.244848937
    0.253225416 0.160518587 0.538710594 0.459441483 0.417683542
    0.0941920877 0.087308377 0.573242962 0.0285471082 0.772074938
    0.469110429 0.687615514 0.508969486 0.688950002 0.655726731
    0.247849315 0.458958924 0.376413822 0.702159286 0.927056313
    0.929262042 0.203097969 0.841025233 0.910046577 0.0975282788
    0.66134131 0.171928227 0.911067188 0.854750514 0.446063668
    0.86051774 0.6669451 0.282730013 0.326006114 0.00603985786
    0.0307148993 0.369066238 0.709191501 0.117587298 0.715324938
    0.495325089 0.0110078752 0.794287562 0.250337362 0.700537086
    0.683207273 0.635842025 0.0839650333 0.532912195 0.732816458
    0.957923472 0.787001193 0.305812776 0.751681864 0.297991097
    0.753743768 0.175529003 0.397393048 0.630837977 0.894952059
    0.906847477 0.663124025 0.146373689 0.700142384 0.31104213
    0.223251551 0.619725347 0.472846866 0.274192393 0.822112679
    0.981786489 0.724864125 0.398203552 0.730470538 0.46923691
    0.0656770766 0.694148302 0.293608844 0.375142902 0.774281502
    0.353705078 0.117012471 0.226715446 0.59649682 0.130859196
    0.143210322 0.0469624996 0.106187403 0.306749523 0.784911752
    0.825042844 0.797742009 0.537971497 0.289259374 0.570813417
    0.325811565 0.558367252 0.869409919 0.789301038 0.721149206
    0.0449915528 0.93217957 0.630435884 0.221855998 0.206612617
    0.518988967 0.547410071 0.0720593631 0.719665647 0.86088109
    0.0642650425 0.495984226 0.851625085 0.696788669 0.403988689
    0.295816332 0.873150408 0.499827743 0.949051738 0.629535675
    0.568897069 0.69586885 0.844383121 0.520498693 0.0259358883
    0.181650043 0.752163529 0.653367817 0.764568329 0.731179178
    0.204270035 0.493097752 0.857632637 0.0367846191 0.00629946589
    0.588026106 0.510408044 0.32158041 0.766725898 0.731483221
    0.964078248 0.868190646 0.540267229 0.203971058 0.442588031
    0.831432343 0.860889792 0.589506865 0.225231975 0.448969662
    0.589574695 0.596898317 0.141141683 0.182166398 0.895985246
    0.458249867 0.284265399 0.969978094 0.328193337 0.752696037
    0.622356832 0.678270578 0.408165157 0.892597675 0.0821069181
    0.854496837 0.476084113 0.300309807 0.689747453 0.737604678
    0.532457888 0.0320972502 0.668364525 0.641232729 0.0743779242
    0.001213938 0.388052225 0.603301346 0.242322743 0.867999136
    0.315227181 0.14441058 0.490548939 0.263116539 0.268125057
    0.317158997 0.897904634 0.655436516 0.350427598 0.0383403897
    0.769154668 0.0147278309 0.846839905 0.0318170488 0.951329589
    0.217782855 0.0926369429 0.145093024 0.864365935 0.217967004
    0.651406884 0.681104064 0.386716187 0.927412152 0.794736683
    0.298655778 0.80885756 0.98410368 0.487554193 0.20415324 0.286230922
    0.35326761 0.891514719 0.171774775 0.554821551 0.681671023
    0.478539795 0.667967439 0.833366871 0.985503674 0.856412053
    0.484408915 0.910373211 0.65453738 0.267879844 0.0209485888
    0.540589333 0.406668901 0.588533401 0.0532084703 0.72865063
    0.827889323 0.758957207 0.193882525 0.231132418 0.860347867
    0.601336598 0.169025749 0.575634778 0.725991309 0.646234453
    0.809478998 0.127086073 0.639200211 0.67238307 0.4868958 0.766567826
    0.997820616 0.119200826 0.210744858 0.556229949 0.0131450593
    0.523440719 0.784345508 0.999305189 0.536160409 0.674711049
    0.455529839 0.406417191 0.0513066053 0.0952558517 0.130865932
    0.42586562 0.461395174 0.999673188 0.298108816 0.347144127
    0.389198661 0.163366765 0.409969598 0.658577383 0.390009999
    0.0761479437 0.757140994 0.298302233 0.466937006 0.92543292
    0.724999785 0.502790213 0.208853751 0.950790823 0.654234052
    0.913625658 0.244137526 0.210645914 0.502393246 0.385784835
    0.165440053 0.97667098 0.0398159325 0.929555058 0.871567309
    0.0615880191 0.792215228 0.145963132 0.835789263 0.661942899
    0.720490277 0.195683032 0.146808356 0.935687542 0.180999607
    0.401574165 0.0505971611 0.820367932 0.297687531 0.916999817
    0.20652774 0.817593098 0.446633488 0.715314686 0.0769421756
    0.924243927 0.30531466 0.288008451 0.221167266 0.100663066
    0.856681705 0.641820252 0.959041595 0.940940797 0.236649156
    0.937642813 0.760659754 0.0406476855 0.106617987 0.271446645
    0.568480253 0.300669432 0.187097967 0.782713175 0.851721525
    0.810981631 0.570014238 0.24784407 0.314059913 0.0260904133
    0.261398971 0.437346846 0.453614533 0.761392951 0.394255638
    0.532499552 0.530751348 0.74359417 0.426225245 0.525221884
    0.636665523 0.596710563 0.65445435 0.232362539 0.0734325051
    0.341689318 0.776530504 0.104597449 0.425632596 0.240606725
    0.785341263 0.334732115 0.335652113 0.196816683 0.398438245
    0.617877901 0.00567099452 0.79843533 0.732964933 0.392385066
    0.581829429 0.703074157 0.677446067 0.0042155087 0.955927849
    0.987641573 0.344736457 0.637961388 0.665832698 0.226073712
    0.775689363 0.75423944 0.874409437 0.225199968 0.185336828
    0.119938046 0.258000046 0.829549074 0.867516875 0.48260662
    0.116055667 0.701941252 0.482710034 0.0972042084 0.108257443
    0.854302287 0.375391752 0.34127444 0.100171149 0.822476685
    0.42309159 0.593597651 0.634705424 0.808974266 0.940139413
    0.711916804 0.247681111 0.560921192 0.775555849 0.476108909
    0.561203837 0.775086582 0.931070387 0.020331949 0.647084713
    0.273268193 0.328312188 0.0429815054 0.447833687 0.617295861
    0.887580276 0.362444401 0.196164221 0.0778904855 0.421482325
    0.210372895 0.397353202 0.290785134 0.139181316 0.917059362
    0.134966314 0.376105726 0.305260569 0.569770038 0.500252366
    0.077162236 0.479553074 0.81976378 0.048946321 0.103173167
    0.225690991 0.722642303 0.644132912 0.872133434 0.779708028
    0.0407055318 0.363807857 0.972471356 0.0561758578 0.11219883
    0.878607631 0.0191160738 0.127800673 0.835341394 0.747606277
    0.0528319776 0.373333514 0.119305074 0.664919138 0.650856733
    0.600888014 0.702215016 0.444064409 0.455310196 0.273262322
    0.541944206 0.204093605 0.42717281 0.300672859 0.954912364
    0.798362136 0.233172178 0.22126177 0.473079443 0.407102525
    0.910430193 0.868631899 0.144414783 0.119951606 0.912508368
    0.162303507 0.804931402 0.420262098 0.340205997 0.24595201
    0.0626063645 0.943022609 0.8004601 0.964328289 0.54706341 0.09965083
    0.676280677 0.976893306 0.429478765 0.298149079 0.383146495
    0.193806112 0.921660423 0.375725389 0.102177948 0.888110101
    0.00583451986 0.0928315222 0.459290326 0.273763597 0.267630607
    0.0788923204 0.93289566 0.480889738 0.74138236 0.464768767
    0.0771594346 0.835989952 0.641866088 0.526888609 0.443751663
    0.253449678 0.87623477 0.368451297 0.475198984 0.804387212
    0.207465351 0.111217141 0.668027163 0.761044145 0.554676414
    0.185592532 0.0597538352 0.856609821 0.20521152 0.931518197
    0.602693915 0.18419072 0.808920503 0.439472437 0.644892871
    0.953865767 0.469511479 0.450624794 0.0526189506 0.205094159
    0.435999274 0.329285443 0.369888604 0.052356869 0.0120868683
    0.269572258 0.984210908 0.16033265 0.782634437 0.133950621
    0.903042853 0.236272871 0.950434446 0.187493235 0.194490701
    0.17414403 0.62587744 0.942861915 0.889858603 0.855829358
    0.719337463 0.578514338 0.852255583 0.637988091 0.839406073
    0.595767379 0.358397961 0.263647377 0.581014097 0.833500862
    0.665890098 0.130483598 0.898192883 0.624828041 0.674008131
    0.475580812 0.441804379 0.859270453 0.105606556 0.910182476
    0.89475584 0.303110719 0.182245761 0.95104146 0.382019818
    0.138272136 0.496290535 0.275131613 0.994908214 0.167454392
    0.466692656 0.134997249 0.931547284 0.519914687 0.410112768
    0.9324857 0.590754569 0.984121799 0.359590709 0.280186743
    0.305436552 0.10712707 0.959507287 0.658547997 0.730523169
    0.597809196 0.238816023 0.30838728 0.871322453 0.389546096
    0.111765414 0.652190506 0.0236411393 0.187049329 0.25710994
    0.65059495 0.636240005 0.612191677 0.818690419 0.521320641
    0.322758496 0.688796461 0.25175339 0.370709449 0.537856936
    0.588076413 0.700964153 0.830427408 0.0637459159 0.617221355
    0.251178384 0.445549369 0.693973899 0.599816084 0.911170363
    0.964725494 0.695251226 0.608802319 0.307377577 0.256887436
    0.0609252155 0.859876394 0.100327015 0.388401389 0.0495092869
    0.858869314 0.190351516 0.419799477 0.170271963 0.474305958
    0.357999712 0.0767784417 0.922382712 0.135569245 0.758761406
    0.0843232274 0.148293108 0.423809171 0.582137048 0.775526643
    0.0215061903 0.802616358 0.0652481914 0.863094091 0.894514799
    0.485384047 0.430122107 0.0731812716 0.694827557 0.313247263
    0.73456049 0.119126797 0.27867502 0.859525204 0.934490502 0.33938998
    0.120130599 0.414358914 0.642038584 0.873837233 0.262807012
    0.0371930897 0.629713416 0.500242174 0.00682073832 0.770844042
    0.458042353 0.489617586 0.918012023 0.639465332 0.788918376
    0.242353529 0.601513803 0.0324211717 0.828374684 0.393620074
    0.35274455 0.805160522 0.42536962 0.974040031 0.946098566
    0.918619752 0.39381963 0.0300106406 0.80456388 0.834302664
    0.756191254 0.240389526 0.832057357 0.925351381 0.173104942
    0.142061949 0.66808176 0.624715388 0.0535202324 0.499454558
    0.596721232 0.0836141407 0.845208108 0.451080561 0.0614229143
    0.975618958 0.0383962095 0.953968525 0.413221717 0.699639738
    0.2412453 0.494310588 0.7360484 0.376605064 0.502907813 0.759668946
    0.289384484 0.47767064 0.439398736 0.857973397 0.270426035
    0.769226432 0.054672271 0.7407161 0.323146552 0.994245768
    0.999310613 0.332989573 0.632262826 0.583613575 0.861204743
    0.0316194892 0.0652838945 0.671078682 0.00682991743 0.248033047
    0.0726885498 0.238893628 0.725257158 0.324388862 0.444835544
    0.235245258 0.552220404 0.961003721 0.341315448 0.355380088
    0.770785809 0.128256768 0.660072982 0.535446703 0.583784699
    0.607556403 0.911029935 0.280484796 0.653695762 0.355816305
    0.745356441 0.494782388 0.779277623 0.53895992 0.035302043 0.7424016
    0.412710309 0.677805185 0.905291498 0.969177008 0.334986508
    0.503228128 0.225264221 0.743549466 0.488833606 0.0517412126
    0.0410291255 0.786119521 0.207418561 0.844735384 0.121648431
    0.316946238 0.170863658 0.774361253 0.661700606 0.327763945
    0.40474987 0.462379605 0.210838467 0.0264964402 0.664636075
    0.81001246 0.17575568 0.730250537 0.523956418 0.84674716 0.107561707
    0.473412842 0.850596964 0.551135778 0.493803978 0.03228423
    0.881799638 0.687444329 0.570376337 0.147188276 0.866199136
    0.986304164 0.290189505 0.0298089981 0.754979134 0.717434824
    0.438995242 0.0195067525 0.992980838 0.763067961 0.0191957653
    0.638304889 0.265283972 0.466470927 0.564684868 0.121100545
    0.48448658 0.400637299 0.671064436 0.82266593 0.785346508 0.53632015
    0.593631268 0.666251123 0.248817295 0.42306897 0.980377197
    0.212353885 0.154946148 0.153052479 0.835682988 0.979854703
    0.710323989 0.931691349 0.988589287 0.117729068 0.309685707
    0.976165056 0.627868295 0.429647863 0.658580542 0.987733126
    0.561321974 0.23623988 0.237270117 0.0450820327 0.692021549
    0.727776945 0.237463593 0.184885114 0.263250083 0.0328043699
    0.77597332 0.337910593 0.0470921993 0.992549598 0.545577645
    0.864042878 0.500565827 0.637504101 0.373339415 0.835769832
    0.496325374 0.0999011397 0.200536519 0.794074476 0.79346633
    0.293815881 0.436454892 0.291382015 0.572098911 0.210192114
    0.861709833 0.452033907 0.000712126493 0.957417727 0.32661891
    0.620731771 0.960314155 0.079213798 0.514894128 0.690816522
    0.291191816 0.438765556 0.733647466 0.0619075298 0.613785863
    0.156413794 0.0461968184 0.750324845 0.131475151 0.194850028
    0.503532887 0.428009838 0.46665743 0.357290924 0.373414129
    0.270645916 0.715396821 0.830710948 0.694306731 0.230040997
    0.905324221 0.532000124 0.767623127 0.981672525 0.0393497944
    0.024959743 0.203348309 0.571187019 0.383847475 0.537243605
    0.533735216 0.555315375 0.715699196 0.266650915 0.234278858
    0.16942355 0.643720508 0.218808055 0.7202245 0.304418415
    0.0992247164 0.888453603 0.678513408 0.988883793 0.0494327247
    0.0574742258 0.189766616 0.258533418 0.436885267 0.0881583393
    0.0861544609 0.212466925 0.748154521 0.676368475 0.812398255
    0.256817132 0.563163936 0.264395237 0.784588933 0.536816597
    0.776199877 0.976475477 0.573296964 0.523715019 0.199265063
    0.146505415 0.00172805786 0.90275383 0.106844276 0.0495192707
    0.453346699 0.16807425 0.910712421 0.530213714 0.137517989
    0.848445117 0.464805067 0.760424852 0.623550117 0.406748533
    0.256569386 0.118884236 0.580425322 0.730134666 0.358334243
    0.402076662 0.65556103 0.779939175 0.739922345 0.887770295
    0.210050911 0.622607648 0.165272057 0.816917539 0.143456846
    0.80705297 0.408885956 0.307007343 0.245806724 0.947549939
    0.908172965 0.196296811 0.917811871 0.328188121 0.704232156
    0.929047704 0.533655047 0.148837358 0.500221133 0.107674569
    0.129465789 0.0734506249 0.875208318 0.155826688 0.270322651
    0.800561309 0.198806167 0.166234791 0.567946017 0.945614696
    0.530944943 0.579779983 0.978973269 0.914888382 0.829324245
    0.693333507 0.0359878242 0.439829022 0.373773575 0.986674845
    0.151149511 0.604071438 0.521663189 0.16228056 0.398834586
    0.33710587 0.0109919608 0.227505773 0.580785096 0.924800634
    0.0905052125 0.42545709 0.336482942 0.89401561 0.286467731
    0.269573569 0.758157611 0.939669013 0.774889946 0.45129472
    0.637877643 0.24557662 0.904236197 0.187300712 0.535729051
    0.154524267 0.0700984001 0.350609422 0.912144065 0.473990291
    0.760169387 0.423180223 0.478831679 0.119852722 0.0658151805
    0.755226612 0.014139235 0.612493694 0.920640588 0.198861659
    0.134008437 0.180654794 0.956229925 0.986416519 0.441958785
    0.715403736 0.416851938 0.424804479 0.899385452 0.319502831
    0.80558449 0.0338892937 0.117965668 0.0398303866 0.809282959
    0.378959268 0.80398196 0.862625957 0.16907832 0.487133384
    0.503776908 0.890030384 0.849196017 0.581790805 0.789549768
    0.336373746 0.542600513 0.00496628881 0.655316114 0.228978604
    0.0707371533 0.304720253 0.522651076 0.764880776 0.859159708
    0.0923200846 0.621513903 0.744243145 0.745281458 0.410007179
    0.368084013 0.856661558 0.515495777 0.650121808 0.849482536
    0.464420646 0.954332769 0.399209857 0.967477441 0.752013803
    0.549515188 0.511047006 0.155898899 0.708241045 0.603420496
    0.0588973761 0.666952729 0.438411653 0.216755629 0.400879741
    0.362276435 0.699526906 0.293945074 0.846091986 0.14815861
    0.262210011 0.113508523 0.0361025929 0.488843292 0.240134776
    0.85627383 0.293818057 0.142601043 0.734116197 0.030346185
    0.633036017 0.497640431 0.568744957 0.741995335 0.587660432
    0.621599436 0.597607434 0.594700575 0.273582935 0.754202485
    0.872429192 0.65169698 0.501301646 0.359161735 0.830664754
    0.93953532 0.495541602 0.319689572 0.464492768 0.587014973
    0.0356505215 0.594468474 0.281692445 0.768112183 0.245508164
    0.746403754 0.961823285 0.915538549 0.0820086598 0.335227132
    0.70869875 0.0443370938 0.309093952 0.892867565 0.628518701
    0.482801825 0.701714277 0.626196086 0.63312614 0.24484691
    0.474031329 0.59043473 0.769503236 0.333301425 0.908212543
    0.194047242 0.0864337981 0.897519886 0.508374393 0.4707371
    0.396408707 0.541396916 0.357798219 0.629392684 0.720025063
    0.818001509 0.960439205 0.773340166 0.128645867 0.634092808
    0.0226897001 0.351936042 0.17062512 0.346123129 0.309983909
    0.0561367869 0.772377372 0.0238240361 0.47377944 0.995514512
    0.819444776 0.520921588 0.33703208 0.380450696 0.826647103
    0.056586951 0.309901476 0.973639011 0.344262391 0.478645682
    0.876552522 0.900009573 0.613539457 0.281360745 0.231033772
    0.309704125 0.41160506 0.55659771 0.659354389 0.371102303
    0.593283117 0.124298006 0.975129366 0.181994617 0.136819929
    0.202688664 0.707376599 0.843945146 0.218543649 0.0865174234
    0.58358717 0.823347211 0.15839228 0.790410042 0.00261768699
    0.972717106 0.639093339 0.536701739 0.802500606 0.593531072
    0.672143459 0.947511077 0.214268327 0.431508183 0.255436659
    0.0531291068 0.20482102 0.331158936 0.321920753 0.839217424
    0.891430855 0.567652702 0.0643480122 0.453789383 0.0819685757
    0.100576103 0.404151499 0.654944003 0.818939447 0.781778336
    0.603512883 0.522225499 0.912236571 0.652775168 0.888759971
    0.507143617 0.906219363 0.327418327 0.11511147 0.030539602
    0.450993955 0.53235966 0.820309401 0.97884202 0.58421284 0.406306654
    0.446924895 0.705748796 0.473016143 0.0698543489 0.447246194
    0.791895211 0.583121061 0.601925731 0.0473186672 0.448933333
    0.442592263 0.616642773 0.938120186 0.167037308 0.767594337
    0.84952724 0.373576581 0.0502209365 0.213499695 0.632782757
    0.996090412 0.393381715 0.828982055 0.23259905 0.346172303
    0.85682559 0.445533484 0.748131037 0.318408966 0.281464219
    0.665262938 0.268766522 0.887350678 0.888749838 0.401512444
    0.371587217 0.704504371 0.149077803 0.564895749 0.688275278
    0.915262103 0.211596161 0.596035123 0.506583214 0.945298612
    0.26755172 0.783991933 0.0803049803 0.914248466 0.000724971294
    0.490624487 0.720146537 0.12600252 0.00945019722 0.0461100042
    0.121924669 0.341601908 0.499559611 0.221269727 0.758383632
    0.510035217 0.871133089 0.279224277 0.206620634 0.301447004
    0.725188017 0.803900659 0.192650974 0.988358855 0.679751992
    0.528940082 0.879323006 0.993005216 0.228667736 0.834137976
    0.517451704 0.874089837 0.184336782 0.130227447 0.138236433
    0.513457179 0.850921035 0.0913814008 0.995403409 0.391484141
    0.835686326 0.527846813 0.765745044 0.737188578 0.349766076
    0.830969572 0.398875505 0.572010279 0.583426774 0.715293229
    0.675457537 0.753629804 0.754136682 0.347453237 0.546042144
    0.337455004 0.10615465 0.497897744 0.697248459 0.873702645
    0.523152292 0.459747374 0.416114181 0.747913718 0.247625321
    0.869198084 0.322229624 0.30182308 0.312809646 0.771574259
    0.376520753 0.42126441 0.164687276 0.127086192 0.115468174
    0.658476889 0.216491371 0.525888205 0.924674988 0.660707355
    0.442263901 0.402851582 0.24212262 0.70400697 0.424309075
    0.149938375 0.122838676 0.370254695 0.248855561 0.281456828
    0.0778324008 0.183537573 0.921599388 0.215297908 0.986137271
    0.305196315 0.607235968 0.274317563 0.558799744 0.860394061
    0.0901499093 0.631392121 0.458584547 0.812091053 0.858682036
    0.925421536 0.717477858 0.98071754 0.566469848 0.825389326
    0.247361988 0.0545341969 0.294357479 0.00771951675 0.206478924
    0.812266827 0.740690529 0.0512550771 0.0620853007 0.735362053
    0.910753727 0.182700187 0.0975129008 0.952140749 0.57675159
    0.979437947 0.174359679 0.0704078972 0.481922239 0.616744697
    0.135149807 0.36906004 0.180010706 0.504333496 0.0624964833
    0.0662673712 0.608924925 0.902396679 0.0150778294 0.73004365
    0.112335682 0.578829229 0.602266312 0.704516053 0.171882808
    0.0969212651 0.760514975 0.668452382 0.41083169 0.958168864
    0.253414214 0.898037314 0.09872666 0.476330996 0.178146929
    0.309902459 0.933401823 0.360266447 0.331175417 0.782682359
    0.829590082 0.643689156 0.250702411 0.13090995 0.038528204
    0.850381374 0.361229092 0.405319035 0.902932525 0.243864536
    0.470356047 0.805680454 0.277076006 0.78459847 0.0770630538
    0.710341871 0.550375998 0.625156343 0.358192921 0.896459699
    0.169464529 0.755857468 0.344991684 0.807739854 0.668165803
    0.817863882 0.825554371 0.807134271 0.92863965 0.594415247
    0.0983058214 0.72410965 0.088609457 0.212788999 0.321244121
    0.156454146 0.96578145 0.224799931 0.593006909 0.887847781
    0.497795135 0.657562375 0.948973715 0.302195966 0.66603303
    0.676140547 0.708340645 0.701720953 0.149362892 0.552586198
    0.823075771 0.630837381 0.769125223 0.939318299 0.606695056
    0.479156703 0.00316604972 0.908455372 0.345331907 0.467895925
    0.106623381 0.790510297 0.818313718 0.19424665 0.815913558
    0.0592620373 0.265951991 0.694691181 0.589012742 0.45051536
    0.413701743 0.720651031 0.806118608 0.00101533532 0.350431651
    0.907763839 0.150292873 0.190570891 0.769545674 0.999355793
    0.770043492 0.0481962264 0.280905724 0.951691508 0.558632076
    0.0374395549 0.0968937576 0.511865079 0.247226506 0.127448648
    0.124905139 0.355709672 0.148166925 0.0846404731 0.586371124
    0.887710571 0.1756244 0.727535129 0.141455382 0.515017509
    0.0808058381 0.915892065 0.953754127 0.177510679 0.502344847
    0.30042398 0.215840846 0.272319317 0.0430732071 0.60565424
    0.414654434 0.434117913 0.0687820315 0.508320808 0.613985777
    0.151220292 0.33279568 0.803806305 0.944328308 0.217821181
    0.538771093 0.895282865 0.991508901 0.398020864 0.717761457
    0.515154958 0.286940157 0.479713321 0.981685638 0.906150937
    0.451583028 0.156504244 0.65838927 0.82073909 0.966128469
    0.486314893 0.953315258 0.733753502 0.235145897 0.712184846
    0.164700747 0.942624331 0.0383496881 0.576784253 0.874360144
    0.225249499 0.125377029 0.921430588 0.239787608 0.523926973
    0.875258088 0.374426603 0.288722754 0.950829983 0.345578104
    0.87590301 0.982381105 0.734089673 0.782284379 0.900710464
    0.474320114 0.417588264 0.129717201 0.0732188225 0.818607569
    0.429415315 0.447371185 0.699956775 0.769032478 0.765971363
    0.0672292411 0.16631639 0.473453492 0.379815161 0.173813522
    0.169830978 0.60230428 0.700491726 0.902635634 0.997114778
    0.0176156759 0.801720262 0.324148387 0.73710829 0.850558996
    0.116772056 0.781244874 0.463817775 0.426497877 0.434303969
    0.769192636 0.0645018816 0.749930084 0.620921552 0.439519346
    0.539007127 0.714778244 0.357093811 0.451287329 0.34735316
    0.615141869 0.842543125 0.516856492 0.817194939 0.113791138
    0.834822655 0.703530133 0.674138665 0.987136602 0.665703058
    0.08644256 0.176113963 0.351761222 0.00252130628 0.44199881
    0.177448899 0.210122019 0.175107419 0.559640169 0.634824634
    0.565357506 0.290412664 0.837635517 0.211091936 0.329171479
    0.609965622 0.792286873 0.9381814 0.447969407 0.220661163
    0.600417733 0.383042991 0.36748004 0.669030666 0.444494694
    0.884049356 0.415133953 0.688706517 0.92008841 0.0969665051
    0.810572743 0.59648335 0.496718764 7.20024109e-05 0.997293591
    0.685405374 0.403049856 0.50055021 0.442440391 0.19453755
    0.00992691517 0.275392234 0.750692844 0.759288251 0.80219835
    0.0531796515 0.887068987 0.890294254 0.0349554121 0.682841718
    0.793887734 0.726786494 0.521796525 0.567265093 0.561762929
    0.608708799 0.780595064 0.130896211 0.662461996 0.546385705
    0.41599375 0.365065306 0.239394933 0.762892962 0.771820426
    0.0877059698 0.607400298 0.52593708 0.884240806 0.742031455
    0.364835143 0.821990907 0.395102978 0.633641958 0.969815493
    0.7121104 0.983248889 0.396729618 0.566817462 0.41304782 0.359347403
    0.0345530808 0.652755022 0.7159127 0.104438841 0.277388096
    0.836072564 0.988902867 0.254780769 0.614818096 0.430155039
    0.241366208 0.468042046 0.190409511 0.141468555 0.0163473189
    0.72832942 0.569445133 0.124322712 0.767304122 0.496078014
    0.139120638 0.782402515 0.471145868 0.525016904 0.831632972
    0.256671667 0.696908236 0.730586827 0.743333101 0.293289781
    0.326565117 0.847679973 0.988423586 0.12242192 0.111121565
    0.0355205536 0.685267448 0.480891883 0.837655187 0.684153914
    0.445531309 0.36207819 0.268606603 0.96572721 0.381773025 0.52152735
    0.986103296 0.798428774 0.750656486 0.899020553 0.0993765891
    0.391450435 0.974464655 0.911551058 0.0238777399 0.306468904
    0.347646654 0.135136425 0.732775688 0.114873439 0.431492478
    0.520131171 0.379855514 0.363115072 0.754226267 0.781243026
    0.86179167 0.358415335 0.426586002 0.567449868 0.196244687
    0.360359728 0.752716541 0.526829541 0.141769707 0.791965961
    0.675843477 0.737693608 0.220133126 0.439821452 0.683220446
    0.619194448 0.138727307 0.684073806 0.833276987 0.211810857
    0.753014386 0.785258412 0.265039861 0.0286957324 0.480508447
    0.358886778 0.155218244 0.186523736 0.851361275 0.738713801
    0.42521596 0.914442182 0.204748571 0.17093423 0.254468113 0.13223666
    0.539016008 0.976162374 0.160936594 0.479399651 0.113579869
    0.810220718 0.472982138 0.367439151 0.319859415 0.435710937
    0.89581728 0.101396561 0.687693357 0.674555182 0.537443042
    0.63563478 0.475725174 0.527780235 0.0828640163 0.395307064
    0.260724425 0.168127149 0.411429524 0.677592456 0.0827975869
    0.100990891 0.397066534 0.482048184 0.638947845 0.688787699
    0.52583456 0.631718993 0.538069487 0.162549108 0.968636274
    0.28058213 0.474429995 0.820416689 0.0678510666 0.571237683
    0.592872262 0.273177385 0.138420314 0.726713955 0.580549657
    0.549636245 0.379872024 0.0974299312 0.627974868 0.962759852
    0.0265243948 0.914860487 0.148393005 0.883343697 0.0652475357
    0.187439263 0.160095692 0.928325593 0.427252412 0.770921588
    0.639080942 0.357330859 0.342423826 0.651223183 0.383129627
    0.797093451 0.130447716 0.391860396 0.759674847 0.723538637
    0.767894268 0.550013304 0.335853994 0.134447336 0.825212121
    0.667907238 0.182044894 0.328961194 0.275743365 0.27963376
    0.825456798 0.0164392591 0.108949691 0.187514961 0.842478156
    0.605774701 0.541593552 0.0764966905 0.580893397 0.340806067
    0.165383607 0.358967334 0.851141572 0.895576715 0.291066647
    0.123141468 0.644500911 0.547602892 0.222779661 0.983896554
    0.852021337 0.0357611477 0.406934768 0.963567853 0.102836937
    0.858193636 0.543581784 0.0455250144 0.551223636 0.685503304
    0.146837622 0.438954949 0.510526478 0.716520727 0.843339324
    0.601485431 0.967890918 0.252039075 0.839253187 0.603299499
    0.789455295 0.0581128299 0.807552338 0.0936436355 0.430434763
    0.748084068 0.824989319 0.537240207 0.846699357 0.749233007
    0.516885757 0.995917439 0.487784594 0.815794945 0.6732651
    0.892118454 0.288416028 0.611467302 0.884671688 0.488726825
    0.242235124 0.869110167 0.703997791 0.0229439139 0.758400559
    0.514391005 0.588461339 0.710412443 0.514063418 0.917679787
    0.12542361 0.460234553 0.102165908 0.227069885 0.724104404
    0.30377382 0.532498002 0.793300867 0.754682779 0.0927012861
    0.381257713 0.703376174 0.640398562 0.209938556 0.313587248
    0.66298008 0.269303739 0.0635044575 0.994421542 0.905629277
    0.0309252143 0.431012005 0.314731777 0.207557946 0.655434012
    0.943792462 0.622774959 0.452363312 0.764182091 0.116646469
    0.0550533235 0.199864179 0.312324584 0.480455935 0.310918957
    0.912599564 0.425348401 0.324533939 0.216837198 0.442010313
    0.931438684 0.857068539 0.550407171 0.539385617 0.477236778
    0.275099874 0.550078273 0.413617373 0.12105754 0.903658092
    0.637501776 0.804135501 0.336740434 0.427484393 0.846164584
    0.347698808 0.919825554 0.0120849013 0.75744307 0.498502284
    0.570667207 0.821293116 0.00382637978 0.0290206671 0.956165552
    0.0652886331 0.616283059 0.54748106 0.819656014 0.113263398
    0.723867655 0.796668649 0.266801566 0.709053576 0.726749241
    0.290747732 0.996973336 0.406769991 0.150816232 0.376194835
    0.45977214 0.00138860941 0.096919477 0.0149529874 0.553004324
    0.0352501571 0.21589762 0.585693002 0.590001583 0.897223532
    0.449891269 0.619022727 0.59016794 0.571045399 0.506112158
    0.492026478 0.49337101 0.251359582 0.892464876 0.904127359
    0.147515714 0.98309797 0.127441108 0.636927485 0.255108714
    0.324148029 0.146046788 0.896134257 0.647619009 0.348634094
    0.0811845958 0.85680896 0.802621186 0.0503855944 0.912819266
    0.237618506 0.132561058 0.507716954 0.885089815 0.486366421
    0.0806378722 0.257777333 0.978208601 0.197653651 0.282811821
    0.135372579 0.679444551 0.249202043 0.150546372 0.829188466
    0.0890539289 0.0985947251 0.709101677 0.95488131 0.977584362
    0.284213245 0.426899642 0.273031265 0.460427463 0.922940135
    0.867649376 0.999009371 0.872622132 0.845282555 0.414232373
    0.95243293 0.491342217 0.299365371 0.798198819 0.820080698
    0.812982082 0.382657319 0.931534111 0.763493121 0.548456848
    0.263050348 0.873771906 0.459687054 0.390534192 0.231840253
    0.998627484 0.0959825814 0.367393374 0.7970016 0.616500735
    0.631503344 0.78587985 0.0669229031 0.741029561 0.914838016
    0.190025121 0.921721458 0.649002612 0.570612788 0.59706682
    0.344923496 0.39501217 0.763158798 0.208587974 0.738386393
    0.437286794 0.907728136 0.431947052 0.346090347 0.380660921
    0.955782175 0.383839607 0.136823863 0.253152996 0.760821223
    0.137403816 0.33051461 0.523058414 0.375806868 0.101454914
    0.315479249 0.976723254 0.120883793 0.136144906 0.289063931
    0.920409918 0.381462067 0.994351149 0.913624406 0.313017249
    0.0145401955 0.246242195 0.149679184 0.904854536 0.873364449
    0.390602231 0.24244076 0.374483824 0.620770037 0.484593213
    0.518684804 0.110472709 0.477982223 0.468115926 0.446679026
    0.970573902 0.274388731 0.341488302 0.893370092 0.183779836
    0.436603844 0.403730482 0.479362786 0.0223172903 0.621640623
    0.871870995 0.276010901 0.936727464 0.965302765 0.621382058
    0.676624775 0.332257271 0.818771958 0.939835191 0.853486478
    0.608962774 0.046344012 0.801715136 0.664971173 0.140629739
    0.0543159544 0.313396484 0.20445773 0.429940283 0.997956038
    0.804156721 0.532822609 0.0676194131 0.369328052 0.411693573
    0.94372952 0.63768363 0.98425293 0.228208244 0.401024401
    0.00780719519 0.989727139 0.48581931 0.718282163 0.251984298
    0.590658367 0.781996489 0.524136901 0.0720618963 0.0379437506
    0.05356583 0.740591764 0.153896242 0.619957983 0.687979221
    0.690830827 0.522169411 0.429271042 0.591830611 0.75086236
    0.0433560312 0.410847604 0.827257276 0.816766381 0.491800606
    0.978787482 0.587312698 0.927500606 0.0763096213 0.997006178
    0.232146561 0.45328182 0.402538478 0.313377976 0.267784625
    0.746175051 0.438645303 0.449468702 0.658460557 0.81641221
    0.548606038 0.585072517 0.1941908 0.826812446 0.156770587
    0.416099846 0.389642209 0.630508244 0.104476869 0.558878958
    0.279507637 0.803848505 0.559027851 0.566421986 0.438935578
    0.171909899 0.828078866 0.454793692 0.480391055 0.173330396
    0.972864985 0.113225251 0.70875442 0.063149333 0.766216993
    0.487571299 0.145002723 0.246280193 0.972275078 0.273554444
    0.826402605 0.91463089 0.484833211 0.178719342 0.585448265
    0.219733179 0.770679474 0.969969153 0.387923062 0.742499471
    0.229823381 0.461133599 0.436768144 0.43803677 0.742004752
    0.433752447 0.258938342 0.021418184 0.772169173 0.136960596
    0.575617492 0.888789177 0.00101825595 0.68370533 0.0980212986
    0.0817050338 0.00184223056 0.00609731674 0.740665734 0.567324996
    0.735454977 0.718995631 0.812701285 0.665556014 0.198304951
    0.135133445 0.478917629 0.069254607 0.262443364 0.558511317
    0.841197789 0.221820176 0.994751573 0.376284361 0.152530581
    0.476144493 0.141271681 0.393660635 0.273812443 0.083971858
    0.441098303 0.532120287 0.460787714 0.758496523 0.522405624
    0.960673273 0.680651665 0.517673612 0.710622311 0.504767537
    0.0590267479 0.242132127 0.165078521 0.0789589584 0.836162448
    0.4256984 0.184101492 0.639539838 0.915215552 0.723624587
    0.475886464 0.751939416 0.182276547 0.0299775302 0.93440485
    0.154593021 0.552218735 0.644355595 0.090131551 0.796840608
    0.051146239 0.74827224 0.967039466 0.540471554 0.391810596
    0.162201613 0.412320614 0.639971316 0.458025217 0.449493229
    0.294819862 0.911694527 0.620509684 0.373523772 0.206540644
    0.16825965 0.33115226 0.917436004 0.0607075095 0.276032507
    0.208420843 0.890838146 0.319268644 0.108797967 0.749826193
    0.0917593241 0.533830047 0.243183881 0.133945823 0.235749036
    0.0388699174 0.895943582 0.361881316 0.231572896 0.520463347
    0.602606177 0.733696997 0.528942883 0.509170055 0.599987566
    0.0571607351 0.0220383108 0.567721546 0.842961133 0.164758801
    0.175443977 0.557194352 0.866543531 0.951201141 0.289118886
    0.427857488 0.652988136 0.688969851 0.402590871 0.369058579
    0.647579849 0.737097859 0.286233246 0.19288826 0.141840428
    0.583872557 0.35101074 0.531257749 0.067312032 0.226069897
    0.0753627419 0.320569575 0.788274765 0.261736095 0.902683854
    0.158612072 0.942275405 0.883412898 0.488822728 0.42475763
    0.261492789 0.918219447 0.720137537 0.966595054 0.52130723
    0.393676728 0.587196589 0.842602193 0.286898911 0.575739086
    0.665128827 0.504189491 0.740613461 0.777643561 0.593679428
    0.242299139 0.929568827 0.0809657276 0.639342546 0.606826365
    0.841698766 0.506872594 0.881006598 0.0973645449 0.642699838
    0.855991364 0.34348762 0.446113229 0.338447243 0.221566498
    0.244244277 0.818341851 0.385324478 0.699852765 0.307759374
    0.347840786 0.496249855 0.0949560702 0.928994179 0.837835789
    0.358394802 0.950027227 0.823541284 0.958435535 0.318448871
    0.709831178 0.698110342 0.932889163 0.3939071 0.311951756
    0.474932402 0.0335595012 0.585065842 0.567305267 0.90187192
    0.849952519 0.256737679 0.329513669 0.276138812 0.104830205
    0.594856799 0.407622486 0.492963344 0.190820783 0.792651296
    0.598468661 0.982105136 0.480693877 0.189465553 0.804940999
    0.763239563 0.963425159 0.464072853 0.622958064 0.505824506
    0.116943538 0.805769682 0.0552455783 0.364519715 0.469131857
    0.883764148 0.495176673 0.547799945 0.994441926 0.78160876
    0.0360796154 0.958210111 0.266269207 0.35032934 0.878515542
    0.24411723 0.744641244 0.916895866 0.299406677 0.315246671
    0.469680101 0.153044522 0.811742187 0.448319733 0.546985567
    0.863789082 0.624612093 0.57052511 0.347177565 0.833632231
    0.0373455286 0.645600855 0.52352047 0.573297977 0.627539754
    0.451718956 0.641639531 0.737904251 0.343378723 0.505090535
    0.354420483 0.247383744 0.336365938 0.791246057 0.904767394
    0.284394979 0.153083473 0.686179221 0.603074014 0.0153345466
    0.814476848 0.555765748 0.191887975 0.096000731 0.767481208
    0.948882878 0.512391746 0.488272578 0.733035564 0.716814995
    0.453877538 0.438565105 0.741663516 0.771363199 0.416878819
    0.69333154 0.734942317 0.222490847 0.790043473 0.0802502334
    0.466008097 0.641176045 0.253744781 0.657040179 0.0495255589
    0.259283364 0.789710045 0.28696084 0.786008477 0.673993945
    0.880923748 0.968726516 0.846446395 0.696905434 0.514989793
    0.968986392 0.049914211 0.737521946 0.0546108186 0.369353801
    0.242625266 0.543174326 0.790766239 0.157880604 0.0432375968
    0.117968202 0.844651818 0.677425623 0.610017836 0.458575726
    0.996418595 0.654518068 0.734302044 0.681512237 0.460253507
    0.893933535 0.603194416 0.981145859 0.255066752 0.679160476
    0.526939988 0.306402564 0.37027508 0.322409928 0.972441971
    0.0961937606 0.180433363 0.643819749 0.279773563 0.00106835365
    0.0247454345 0.265963823 0.842424095 0.374685287 0.89271903
    0.623586953 0.3119753 0.533904791 0.896800041 0.162876487
    0.409914792 0.864204407 0.28561765 0.687993824 0.756618977
    0.736062169 0.709257364 0.98610884 0.00506436825 0.00589376688
    0.719924569 0.363077253 0.706100941 0.120716542 0.701174259
    0.636296749 0.142911643 0.487116307 0.32693246 0.297588468
    0.767639279 0.821683407 0.873542011 0.289873064 0.507495224
    0.826032639 0.378593504 0.452247292 0.260832667 0.752830446
    0.905566931 0.585201204 0.149078757 0.713712811 0.0704862177
    0.600798011 0.43694979 0.511663973 0.978135586 0.429260612
    0.39962396 0.0868168175 0.508543849 0.806532145 0.522497833
    0.420205206 0.272475362 0.743595362 0.800101876 0.0238123536
    0.850295424 0.75550741 0.365661293 0.886159122 0.777385354
    0.964700699 0.558512568 0.572482646 0.0957635045 0.153977573
    0.396723539 0.387156725 0.69994837 0.314484417 0.635195434
    0.859817028 0.702871442 0.751009226 0.464989573 0.672202706
    0.516235948 0.0446827412 0.650547504 0.0291898847 0.896526754
    0.707503796 0.271166652 0.845812082 0.55351001 0.582046986
    0.0756951869 0.1649867 0.210902333 0.227859586 0.923785567
    0.702582836 0.179000556 0.512309432 0.859811783 0.371846318
    0.880053699 0.141771823 0.470227867 0.294768751 0.427510351
    0.0607179999 0.347798705 0.419304162 0.695399642 0.643875062
    0.432751298 0.266966105 0.838715136 0.180242181 0.745631814
    0.407543659 0.787928343 0.179171562 0.520144343 0.705127001
    0.771941423 0.794240952 0.330861449 0.18528232 0.424264729 0.7902174
    0.334298849 0.804045081 0.0343128145 0.77638793 0.378025711
    0.719198287 0.531621337 0.724462867 0.72498405 0.00209626555
    0.132905722 0.752215862 0.2435188 0.424708009 0.344721407
    0.206424087 0.0712850094 0.325592011 0.202769876 0.70777607
    0.0199619532 0.424728394 0.386877328 0.107105583 0.229797721
    0.432740033 0.159605801 0.767202497 0.881971955 0.858663917
    0.32492885 0.0838362575 0.462581724 0.496464819 0.920319796
    0.66279012 0.0158520341 0.00265991688 0.437086046 0.441784382
    0.961119175 0.935891628 0.673196137 0.321659744 0.969315529
    0.925750136 0.631348431 0.077268213 0.816022754 0.496222794
    0.0750721097 0.319956422 0.159562826 0.378919542 0.931912005
    0.271858245 0.175260931 0.690158546 0.864605188 0.545351386
    0.0731160045 0.0445263982 0.934717 0.600024819 0.436907828
    0.926476419 0.0577737689 0.651553571 0.76178813 0.687643945
    0.382206351 0.46110037 0.514485121 0.146606803 0.121391952
    0.407769084 0.503443122 0.769681394 0.157823443 0.87312448
    0.0495262146 0.0107818842 0.900202394 0.865565002 0.929801106
    0.270803273 0.172304392 0.258813351 0.237445533 0.796666622
    0.166564733 0.493114501 0.337499022 0.638552189 0.340526819
    0.797017932 0.37030375 0.894821107 0.756940663 0.863613129
    0.377531111 0.814379334 0.305787057 0.604912877 0.689637423
    0.287994564 0.62868154 0.600618541 0.715572596 0.820925355
    0.571780682 0.0333301723 0.0814430118 0.224748701 0.163246185
    0.042157352 0.440584004 0.577879608 0.652290821 0.651043534
    0.0651273131 0.813498735 0.705376863 0.773500204 0.276682556
    0.0687452555 0.157426327 0.980237246 0.275467157 0.175995588
    0.457152456 0.86580658 0.223456949 0.130522579 0.676686585
    0.58832252 0.349244535 0.869944751 0.983814597 0.841063261
    0.850401044 0.850435615 0.92528075 0.200997442 0.292044193
    0.324458539 0.958135962 0.315361202 0.306030631 0.324097693
    0.488044709 0.379281431 0.977674901 0.714853108 0.349688113
    0.456154436 0.86480844 0.497282892 0.0203016698 0.80650425
    0.169916838 0.648526788 0.605474114 0.55920434 0.530356288
    0.796524107 0.998497367 0.755860269 0.0279470086 0.668018639
    0.299061358</data></test_img>
<my_img type_id="opencv-matrix">
  <rows>128</rows>
  <cols>256</cols>
  <dt>f</dt>
  <data>
    2.11164975 0.592694163 1.04138172 0.0215531588 0.626603842
    -0.248660862 0.68180573 0.521896362 1.5956732 -0.278834879
    1.38373017 0.264858931 1.36030912 0.666413784 -0.234417006
    -0.0975646377 1.36537194 1.61550379 1.05273795 -0.137609065
    1.54077768 0.861573339 0.291955918 1.65140486 1.60541332 0.930287004
    1.22557425 -0.00194677711 1.58791196 1.08250594 -0.0574095547
    2.01538348 0.220765769 0.733559132 0.210083604 1.91172028
    0.252655625 0.913573623 1.61132658 -0.244086772 -0.00735923648
    1.59770131 1.42087543 -0.374697179 -0.065312326 1.40962315 1.4806726
    1.75330472 1.80848253 0.607150078 0.534137309 1.57124269 1.33665097
    1.81060958 0.00783216953 1.08165765 0.620006084 0.979544759
    0.392686486 -0.297674835 0.932944894 0.519984305 0.926047564
    1.95550251 -0.0125873685 1.25006652 0.931548595 1.2582171 1.54482341
    0.0917627811 0.346108079 0.228819847 0.315975726 1.3252784
    1.92471611 0.912351131 1.20713162 1.63683295 -0.0615292192
    1.39961481 1.10275042 1.83081543 0.725010633 0.909023762 0.577872753
    -0.218711317 0.643387198 0.182442039 1.41577768 0.917173326
    0.107361227 1.05001891 0.565138578 -0.136537433 0.654996276 1.447662
    0.174995869 1.43069971 1.46919417 0.896462023 1.83735919 1.22263587
    -0.438865006 0.65454936 0.0773534179 1.86067057 0.496501923
    0.498928845 1.1275866 -0.0463253856 0.501235008 1.2350626 0.32976225
    0.734466076 0.182115555 1.86350048 0.846663594 0.796084523
    1.48540175 0.18564108 1.74160314 0.692423582 2.07816648 -0.340494454
    0.531168342 -0.315437973 2.09916615 1.1515255 0.179780364
    -0.325237334 1.92101026 -0.231101632 1.34303904 0.711970091
    0.585276783 2.02821541 0.175489932 -0.362273782 1.92608237
    0.571688414 1.92188299 1.18094122 0.368969023 1.1872524 0.454742044
    0.720849156 0.479710668 0.704794526 1.95951927 0.6534518 1.33554864
    1.3126688 1.48148823 1.33711815 1.95968175 0.580039978 1.00176084
    1.83652258 1.96100223 0.00490832329 -0.47723943 1.89940178
    1.77403164 -0.213415653 1.56381297 1.44244695 0.356085896
    0.805645764 1.44570923 1.52595592 0.611745715 -0.282953501
    0.775740623 1.65536332 0.46212253 1.2170248 1.12052321 0.0935754478
    -0.387402326 1.60464025 0.355201215 1.34103978 1.98845136 -0.2729249
    1.4742074 0.555064261 0.655582428 1.55093789 0.749641538 0.28124088
    1.30486429 -0.254755259 1.14109838 1.76289427 0.660661697
    -0.223309398 1.628196 1.25650144 0.468355179 1.74237382 0.832333326
    1.90586984 0.0444252193 1.182096 -0.0355676413 -0.131061465
    0.156599402 1.02394485 1.94224501 0.445335269 0.242270648
    0.742243052 0.594733477 0.331928879 1.25681019 0.216324687
    1.94378138 -0.219430014 1.38376415 1.39351273 -0.187804356
    0.387022555 1.61613536 -0.0646026731 1.17514217 -0.410622954
    1.384058 -0.343711704 0.458903074 0.892620385 0.629968941
    0.333809704 1.25170159 0.170972049 1.43434918 0.8016541 0.159751117
    0.128461838 0.575580716 1.37573469 0.528240263 1.64381731
    -0.358039588 2.04358053 0.331873745 0.909128785 -0.265890092
    0.239613563 1.02548683 0.983421206 -0.315627158 0.117546886
    -0.246556059 1.81849003 1.22890604 2.16788483 0.781430364 1.70390368
    0.293064386 0.610940933 0.92049706 1.03361154 1.07422638 0.387619853
    -0.341841072 0.513538778 0.660171688 1.72867286 0.098136127
    0.708126903 1.31682682 1.27670574 0.137946069 0.659321904 1.4315896
    1.54898071 0.131422818 0.798489273 0.668338239 0.0455557108
    -0.263585567 0.090957582 1.28730023 0.338127375 0.513549149
    1.18517816 1.71201193 -0.574953973 1.16086769 0.0238956213
    -0.457564086 1.67146587 1.05629945 0.554552853 1.07486045 1.46457624
    -0.353910625 0.118342578 0.101242006 1.27722812 0.824797153
    -0.257994503 0.668197989 -0.34724164 -0.446269721 0.461381435
    0.219977736 -0.384744883 1.32032835 1.16865218 1.13229978
    -0.28294012 -0.251867771 -0.292386442 1.51182485 -0.0835302472
    -0.568930507 1.76950717 1.67314172 0.447273254 1.38107407 1.78346229
    0.503980696 0.137155116 0.378239751 1.77528596 1.58675849
    0.599445879 0.35051018 0.226189196 1.75167203 0.109433055 1.55025315
    1.73215795 1.31154251 -0.132933676 0.166958034 0.91064465
    0.410680115 1.81057978 0.568288147 0.372246563 -0.11157304
    0.420996785 1.39104235 -0.188315243 1.94628429 0.955494523
    1.15614891 0.458207905 1.31901979 1.08867979 -0.308813334
    0.443273842 -0.264795363 0.675882101 0.662043095 0.0480934381
    1.65864348 0.884291708 -0.0961387157 1.72460675 1.62736893
    1.67601514 1.57713056 0.69771415 1.60115218 1.23486447 1.30511904
    0.682139993 -0.260028064 0.657007039 -0.174148351 1.21551418
    0.543123484 1.75429845 0.677110076 1.07212865 1.14620268
    0.0496858358 0.0388968587 0.0834256411 -0.369091034 1.4138875
    0.107649148 1.7110579 1.63502765 1.44509816 1.11069024 -0.028961122
    -0.151327908 0.432691813 1.05444884 0.336758614 0.363478661
    -0.267033935 1.15535092 0.568967104 1.23851407 -0.346250772
    -0.358339727 1.12744772 -0.203221023 0.577804685 -0.318950444
    0.763163388 1.29344797 0.797318757 1.65018296 1.4013319 0.730478644
    0.154546976 0.095279336 1.25056553 1.22270989 -0.546930254
    1.56956577 1.25149751 0.514274061 1.22905731 1.69248629 0.159352779
    1.71052706 -0.0042539835 1.51227272 1.05887341 0.429570735
    -0.117191106 -0.0448532701 1.32187939 0.515221655 1.05380058
    -0.577438712 0.716052115 0.972637057 0.0328957438 0.462399125
    1.14924788 -0.0959229767 1.08425868 0.610161126 -0.578418076
    1.79190683 1.03207195 1.76325274 1.71584082 1.78451812 1.1330744
    -0.313367009 0.867864966 1.44253039 0.408868194 0.105360448
    -0.00526785851 0.145664811 0.807685494 -0.479919285 -0.459135354
    1.42960918 -0.239551008 0.0428367257 1.47854686 -0.16731295
    0.65634495 0.1842013 0.419338584 1.16591096 1.04201353 0.246197224
    1.85511065 1.30249906 1.35258806 1.18539691 -0.54073298 1.76047683
    -0.101164758 0.203050256 0.0125383735 1.96209073 0.918668568
    0.115011692 1.23854113 0.317840219 1.65849221 1.78704822 0.677128673
    0.696845651 1.59026623 -0.21623981 -0.371022522 1.62610602
    1.26988101 0.929489553 1.03975153 -0.273872018 1.74773562
    0.649045467 -0.00394499302 0.554822743 0.344877571 1.16209412
    -0.0432126522 0.042450726 1.58257627 1.52900171 1.0262028
    0.413849652 -0.296639681 0.160471261 0.116936624 0.333093733
    1.33499455 1.50830948 0.0471313 -0.408797741 -0.0810695887
    0.699964106 1.72119427 0.743065774 -0.249065042 -0.0656914711
    -0.561309278 1.02425671 -0.66423279 0.377126455 0.125296235
    0.70374912 1.62864423 -0.497500956 -0.232898861 -0.536963582
    0.566628754 1.26043129 1.38718033 0.396652102 1.49502444 0.786688566
    0.616385937 -0.176747203 0.368583977 1.194484 -0.121928036
    0.478689969 0.247578382 0.473752022 0.737956226 1.6981895
    -0.375141323 -0.306403697 0.387826145 1.37319267 -0.471554399
    0.206144571 1.85633421 -0.240949571 0.187838554 -0.234144509
    -0.533727765 0.268357635 1.27140248 0.224783003 -0.0586919785
    0.842175782 0.543334365 -0.415333062 0.678436399 1.34056592
    -0.148263335 0.351987243 0.718223572 0.407302082 1.51052427
    1.2777127 1.57645965 0.510924041 0.333539784 -0.404776216 1.60291028
    -0.600318849 1.37561679 1.66252351 -0.073317349 0.200979233
    1.44881606 0.874726295 -0.670341372 0.711497724 0.437600434
    1.65937138 -0.586804986 1.50137448 -0.0709881783 1.62799287
    -0.441459179 1.43066669 1.47362936 1.31144965 -0.588525772
    0.25004822 1.21261477 1.01353621 -0.221645862 1.01596785 0.806331813
    -0.298909754 1.70451355 -0.173853219 -0.402240783 0.969601035
    0.828988135 1.02532864 1.45159459 1.77081466 -0.341858983
    -0.133749366 1.6024965 1.2231952 1.08925509 -0.726255238 1.20263433
    -0.272479713 1.55975556 1.70478296 1.47296226 0.29547596 0.161334991
    -0.457229584 -0.33069399 1.27987897 -0.0813494921 0.494712532
    1.73291028 -0.167938352 -0.350592703 0.60615021 1.10797834 1.4939816
    0.00502568483 -0.322268546 1.51464438 0.372179866 -0.677645385
    1.61997843 1.5862968 0.577922881 1.67252588 0.869423211
    -0.0456353426 1.8585391 -0.56684345 -0.162090778 1.10283124
    -0.030857861 1.83445382 0.698282599 -0.265839815 -0.701235533
    1.17217612 1.62681127 -0.463899463 -0.608841658 1.25755095
    0.692957461 0.664331019 0.736146152 -0.674529552 -0.431526065
    0.601274133 0.948535919 1.0660851 1.38126111 0.945136845 1.10956466
    0.964221656 0.654610634 0.074195683 -0.342406482 0.74312222
    1.10745168 0.541408539 -0.687727928 1.48863065 -0.287264466
    0.393692613 1.47974551 0.509284377 1.22130108 0.35387373 0.373898089
    1.72660589 1.14656258 1.35017788 0.858573437 -0.416540444
    -0.116573453 1.36665511 1.02351034 0.00918710232 1.06538057
    1.21610403 1.66227961 1.04013228 0.627454758 0.748721421 1.23052895
    -0.689982474 -0.141578317 0.690168619 0.877977908 1.59695005
    0.774911463 0.12871033 0.451624215 -0.261952937 0.0942501426
    0.775770128 1.03777349 1.6677742 1.31338644 0.960736454 -0.205201626
    0.569178045 -0.571385503 1.35766208 -0.646348774 0.0504974127
    1.28452563 0.790564954 -0.165754437 1.37305582 -0.180928886
    0.24013859 0.0575785041 1.41681027 0.804037452 0.125706017
    0.331612468 0.420520067 0.6425457 1.64541411 0.222497106 0.333093107
    1.40453839 1.49928713 0.543590307 0.278501093 -0.612344503
    -0.329806238 1.50295258 -0.37590009 0.459031761 0.967907131
    0.0224876404 -0.0901515186 -0.028196156 -0.407963812 -0.0127375722
    1.37007928 -0.407621771 1.03465843 0.321961403 1.33802664
    -0.593171477 0.398930609 0.932904243 0.959145606 -0.28417924
    1.24065554 1.39170444 0.583914697 -0.569188237 -0.103389323
    1.03945374 1.11748958 -0.52949518 0.820427239 1.82085896 0.290009856
    1.04043245 -0.614639461 1.37069666 1.33857346 1.22628415
    -0.624535918 0.688592136 1.15079665 0.247675002 -0.356274188
    0.422097981 1.34718442 -0.673279405 0.642637193 -0.578066051
    0.322557867 -0.245678157 -0.0857007504 1.34809828 1.11482668
    1.70406747 -0.0605806708 1.77755427 0.745705843 0.653703868
    -0.438928604 1.43765891 -0.700247467 -0.607986748 1.60889387
    0.0687825084 1.24683309 -0.184980929 0.247355342 1.84120381
    0.361212075 1.02950764 1.42992783 0.786975443 0.3025648 1.02048612
    0.989447355 -0.054035306 0.409578681 0.647809803 1.07337236
    0.861286521 1.43944693 1.7282325 0.860260963 1.72586536
    -0.0685138702 1.00526333 -0.609986782 0.734315276 1.28403258
    -0.235348463 1.32002068 1.1928091 0.956351876 1.47651267 0.693196595
    -0.0165364146 0.280520856 1.42172241 -0.31138438 -0.756694794
    0.152050018 0.248414874 0.22763598 -0.588018775 -0.283435583
    1.32169247 -0.265741169 0.95626545 -0.671238005 0.392845631
    0.658914387 -0.4394705 0.223683953 0.799396634 -0.229108453
    0.730710387 1.72674942 -0.623389661 1.14920986 0.939263821
    -0.346937299 1.53719676 -0.474895775 0.630634904 -0.284388334
    -0.232874304 0.856123805 1.35609865 0.132366776 0.615388572
    1.40980625 -0.701489449 0.998483598 0.497995853 1.12662411
    0.551128924 0.0766502619 1.08790708 -0.0568326116 0.825980484
    -0.103374541 -0.0567496419 -0.173165798 1.35438299 -0.280136555
    1.55275989 1.17605221 -0.518970013 1.4635669 1.34290302 0.877891004
    0.63690567 -0.396990687 -0.327605993 0.900466084 1.64621937
    1.52598512 1.69911003 0.440142274 1.19359589 0.641622066 0.410351813
    -0.258911133 0.550442278 0.19799912 1.35015082 1.16399801
    0.570559144 1.0050056 1.20634174 0.753983378 1.43272328 1.15306711
    -0.611601353 1.7210691 0.881541431 0.736629188 0.0927503705
    1.57892227 -0.2941401 0.220976233 0.942889929 -0.724506021
    0.783289671 -0.0981194377 1.56846011 1.50446534 0.257839799
    0.506490469 1.48921156 0.0367831588 0.860536933 -0.0913720131
    0.521497548 0.656463683 1.44647622 1.0382545 -0.6951226 0.478848994
    0.310486913 1.1267705 0.651181459 -0.661816418 -0.447627425
    0.732331276 0.246127546 -0.546590328 0.326747715 -0.610678077
    -0.104528725 -0.584508657 -0.666850388 -0.459638566 1.36117828
    -0.510581255 0.299862087 1.45808613 1.65863895 0.410833895
    0.839035749 -0.00503736734 0.98635596 0.243601441 0.616239011
    0.548115015 1.7872318 0.698774457 -0.526175499 0.498414695
    -0.568280697 0.799261987 -0.107526183 1.45003295 -0.0207882524
    -0.280812144 1.68558753 -0.756764174 0.579755485 1.17118359
    0.879248381 0.0976700783 -0.19937098 0.0601179004 -0.326792896
    1.07017076 0.163241446 -0.553747416 0.206956089 -0.618105054
    0.265346289 -0.717263818 0.883790791 0.284906209 0.287952721
    1.4156971 0.689295113 -0.072285533 1.53942454 1.61899042 0.832607806
    1.06284261 0.730426252 0.792978704 0.831494212 0.39397037
    -0.499140918 0.718189776 0.402037621 1.58026004 1.32545125
    -0.432115197 1.32790542 -0.588948667 -0.213371187 0.164913416
    1.73677588 1.09141731 1.51942873 0.623057485 -0.0286434889
    0.497657359 0.900107384 0.130822718 0.16097796 0.225771487
    -0.611726522 -0.235454679 0.155011833 1.10151076 1.36682153
    1.13575983 1.2048502 1.66918373 0.715456307 0.313774109 1.00737906
    0.16791749 -0.334098816 -0.311879784 -0.570509195 0.925206006
    1.63006389 0.114471078 0.971380472 0.0657322407 0.60520196
    0.450976789 -0.386621714 -0.140848398 -0.626782715 -0.754511535
    1.02681494 -0.551436722 0.295804858 1.69094026 0.227114737
    0.182343066 1.0894978 -0.521286309 0.98037684 -0.228122294 1.2948122
    0.818008542 -0.331508636 1.11327577 -0.485807002 0.778006315
    -0.238247633 1.4925034 -0.0778927207 1.08769989 -0.294196427
    -0.448636293 -0.240226567 -0.327713162 0.467983365 -0.435658425
    -0.704838037 -0.348373622 -0.0082629323 -0.681770802 -0.105218291
    0.894636452 -0.423069894 0.432908595 0.0700256824 0.71188283
    1.29549122 0.437307894 -0.00559723377 0.195764601 1.03461742
    0.891369104 1.68750823 1.67224205 1.11911821 1.24433374 -0.39269501
    0.418380082 1.37938678 1.50151896 0.461683452 1.44881916
    -0.598552465 1.69750047 1.08266592 -0.0534012914 1.73969793
    -0.0673814416 0.701255739 -0.279588789 -0.631747603 0.260746479
    1.35301399 -0.0499294996 1.52476573 0.943430066 0.450614631
    -0.182692885 0.413470984 0.580687284 -0.24827081 0.80611372
    -0.522097886 1.14313209 0.513298213 -0.0141231418 1.50967836
    -0.438133806 -0.681358993 0.609896541 1.66831279 -0.0414230824
    0.606819332 0.0962534547 -0.0647237301 0.675372601 0.466719925
    0.537824452 -0.597405672 0.653182387 0.485512972 -0.395114541
    0.0369367599 0.565899074 -0.0405371189 -0.544392705 0.826789498
    -0.636603653 1.18080544 0.725926518 -0.203540504 -0.459410191
    0.279060185 -0.675511956 1.32017529 0.46060878 -0.218177557
    -0.181605101 1.13624978 0.910501778 -0.322118431 -0.555571496
    1.26240778 1.21964753 1.15659785 1.53797126 1.4266777 -0.670094669
    1.16719329 -0.339537561 0.00250244141 0.354185581 0.41326791
    1.22489333 0.703315079 -0.245210707 0.691403925 -0.0118910074
    1.68944585 0.65411669 1.5437851 -0.840818405 0.728019416 1.16105008
    0.604949653 0.101768255 1.1062423 0.81922096 0.772946835 0.102581441
    0.592151582 0.735242963 -0.568227887 0.972059965 1.39101064
    1.70177603 -0.296067894 -0.341373712 -0.475554079 -0.382543057
    0.411315978 1.466048 1.0646522 0.911171436 0.0113317966
    -0.0556775928 1.71314323 -0.269176632 -0.0468665957 -0.638462484
    0.771135211 0.77497685 1.22428226 -0.725077689 0.0504263639
    -0.57230413 1.18465567 0.073405683 0.911016881 0.43901664
    0.0813250542 0.552224278 -0.244240761 1.02895176 1.17489552
    1.58669591 0.750778079 0.735748351 0.533373892 0.498589575
    0.196072936 -0.465366572 1.45523083 0.20305711 -0.27379477
    1.00533175 0.40635556 1.4778645 1.34432745 1.74655056 -0.623096526
    0.14230746 0.826905191 0.389681339 1.09736943 0.668589175 1.54498982
    1.44153583 0.989340067 1.07975388 -0.517453432 0.0727909803
    0.760038495 -0.606775641 -0.41192323 0.773142695 0.468906164
    1.7633425 0.209860802 0.849236071 -0.634781539 1.57839215 0.80319941
    1.69469178 -0.730265677 1.47279191 0.486992121 -0.716542721
    -0.0481859446 0.986319959 1.56252658 1.40371943 1.78443086
    -0.0744927526 1.94352889 -0.326632082 1.19310999 1.58163905
    1.12848306 1.24757743 -0.735089242 1.62520504 -0.736371517
    1.07493281 0.666854322 -0.589674056 0.490186393 1.11848509
    1.39718843 -0.552336037 -0.246621042 -0.0309305787 0.301958084
    0.0438239574 -0.546976268 0.863080144 0.428547263 1.33424854
    1.73050332 -0.2818214 -0.481202602 0.0943111181 0.0880396366
    -0.342971772 1.72961068 0.128300011 0.736683249 1.3453033 1.57352221
    1.0698595 0.828943729 0.295994639 -0.24551332 1.23868823 1.27886307
    1.2610774 1.44683218 -0.263643861 1.06889319 0.248405397
    -0.482506514 -0.355711848 0.837729275 -0.209630847 0.53889513
    0.444771349 1.08061373 0.904323041 -0.270993471 1.71349561
    0.219843149 -0.553775668 1.4750309 0.800437629 1.44421208
    -0.558787346 0.00362098217 1.0898881 0.211965442 0.715197682
    1.34913969 0.255269587 1.43415737 1.01655054 0.173905611
    -0.246086419 -0.11112839 1.10380459 1.35550332 0.208741069
    -0.237377644 1.1204896 -0.131895125 1.11913478 0.955241382
    1.49724412 1.10938358 1.18613815 -0.354097128 0.52123785 0.668969333
    1.31351733 -0.26699245 0.118562043 1.17745924 -0.357402653
    0.818981051 1.27684426 0.712323725 -0.600302458 0.97364217
    1.50845909 0.903863132 1.13021696 -0.179775655 0.401311278
    0.530325234 1.17525303 -0.466766357 -0.542747796 -0.349707097
    -0.57461077 0.372160614 1.2490325 -0.712835789 0.248611867
    1.18918276 0.428256333 0.512951314 1.1383059 0.653108597 0.257343888
    0.823438406 1.24665117 0.83080107 0.942098916 0.27223438 1.49230385
    0.33513546 -0.343915403 0.304128289 0.701618195 1.30493522
    0.103706062 -0.533328772 1.18385053 0.714098275 0.191268504
    1.71083927 1.16321123 -0.0376351476 0.151157975 0.094884634
    0.962015808 -0.306238413 1.10138011 0.903773367 0.327739954
    1.06080461 1.12462294 -0.594559193 1.08477926 0.91368109
    -0.736863613 0.833656192 0.823230624 1.01002216 -0.407320678
    -0.245224357 1.09785438 1.1632694 0.445295811 0.280639291
    0.837614655 0.792075217 -0.339647323 -0.0322638154 0.0517626405
    1.35549951 1.54127645 0.845628858 -0.0409184694 -0.201432407
    1.181512 -0.284959763 -0.5516783 1.09146559 0.318725348 -0.338977456
    1.52441049 -0.0968478918 1.17477965 0.403701782 0.396136045
    1.53087139 1.09911871 0.878454804 1.70128512 0.409439445 0.283486366
    -0.210401237 0.265574694 1.20606828 0.342600286 1.13598692
    -0.261217237 1.05349255 -0.556431174 -0.305193663 1.43012977
    0.261806488 0.0510243177 1.7056582 0.818077505 0.42008698
    0.0515384674 0.203942835 0.338559747 1.51364315 1.07184267
    0.862534404 -0.670052886 1.66786265 1.46448708 1.6991154
    0.0206831694 1.33324885 1.62245464 0.357855976 1.15579391
    0.763024449 0.0260496736 -0.331216723 1.0862546 1.13763022
    1.67653942 0.379856646 1.18171573 0.62686038 -0.674681783
    0.260859311 -0.193437815 1.09458971 0.212934196 -0.677165866
    0.207186878 0.492888331 1.67945647 1.55811572 0.804927826
    -0.14908725 1.51202536 0.873406172 1.04307747 0.398551881
    0.627508998 0.217356682 0.555774987 0.165018976 -0.637539625
    -0.452738374 -0.465489149 0.904681504 1.39203477 1.56165981
    -0.764049232 0.80621016 -0.698235154 0.985212326 1.31653404
    1.46175611 0.755211234 1.54679608 0.742900014 1.3877821 -0.157924294
    0.669405043 0.763160706 -0.740605175 0.833678424 0.959062636
    -0.0795252323 1.26481104 1.58448386 0.954965353 -0.361699998
    -0.102316558 1.34494066 1.65161538 1.67013621 0.0228977203
    1.07662797 0.453845859 0.112614751 0.163615346 -0.278211951
    0.792177141 -0.549133599 1.26864052 1.01357388 0.866588593
    -0.142016351 1.24396193 1.06228566 0.782478452 1.33400536 1.4198848
    0.367185175 -0.196557164 0.406806052 0.931948662 -0.391450256
    -0.741470277 1.60652256 0.997914493 0.947575569 0.431331217
    0.502137899 -0.534924388 1.10909545 0.894737244 1.43047261
    0.485144019 1.16418445 1.61965609 1.58129048 1.62099528 1.01106262
    1.5522275 0.00769102573 1.49717689 0.967088342 1.00788057
    -0.52680409 0.549166799 1.01009727 1.22055078 1.42805076 0.667839825
    1.04533279 0.452516139 -0.350057065 -0.71395582 0.887506127
    0.229565501 0.516502321 -0.78486222 0.377543628 0.355570197
    1.15358961 0.461016417 0.222806334 0.285335958 1.38527322
    0.200968325 0.852582693 0.929023147 -0.629032493 0.33002913
    0.137115955 0.761829615 0.574163377 0.660231471 -0.323287755
    -0.298459381 -0.363575667 1.1814661 -0.781854033 1.42253482
    1.08015728 1.34303927 -0.271055907 -0.0550892949 0.975838721
    -0.254910499 0.171062112 0.719100893 -0.269661486 0.896959782
    -0.367367804 -0.0083361268 1.44313121 0.523429096 0.81193918
    0.585528374 1.49774563 0.260051548 0.932529747 -0.466319442
    -0.228350699 1.11178637 -0.109146774 1.39349461 0.752165973
    -0.114173174 0.990371466 0.855728924 1.19272709 -0.282788992
    0.579300284 -0.244030863 0.842854679 1.70564842 -0.787534356
    1.53570008 0.204405606 1.23789668 -0.61350894 1.22747564 1.13367486
    0.450828552 0.677946448 0.266694188 -0.278690517 1.17738223
    0.901126623 1.00971627 0.74210155 1.38234854 1.18416691 0.858795226
    -0.697605789 -0.427935272 1.52765751 0.361753106 0.536796451
    0.739981949 0.427297235 1.67079031 0.841946363 -0.194639623
    1.27323961 -0.710825443 1.52230763 0.106308162 0.942083597
    0.946624458 0.743117392 -0.562096775 1.64234447 1.18685567
    -0.334964186 -0.473362148 0.231897831 0.198152721 1.25981927
    -0.1808393 1.38928795 0.370764136 1.42279363 0.85349828 0.878352761
    -0.567501426 1.4965229 -0.77406919 0.988912702 0.89672035
    0.585269272 -0.084656477 0.645472527 0.503286242 -0.00201320648
    1.11182868 0.694361269 0.778138518 0.466513455 1.29587817
    0.203732967 0.509926856 0.737039089 -0.336125374 1.68696713
    -0.437781572 0.431357086 0.668307424 0.918915927 -0.526271105
    -0.281058908 -0.445583731 0.331490397 -0.705688 -0.504914284
    1.36000717 1.52265942 -0.474740684 1.54930115 -0.755538285
    0.166924238 0.793384194 0.923567712 -0.245101094 1.18268824
    -0.233429998 0.857386529 0.79056114 0.12145859 0.640654027 1.7138207
    1.14941895 1.70459139 -0.275466263 0.219384611 1.26046467
    -0.373580068 1.03823447 -0.544632375 0.70744288 0.854521096
    0.0504078269 0.249211192 -0.361278206 0.87810266 -0.54627794
    0.299437881 -0.571671188 0.90994519 1.4165473 0.155963361
    0.484777629 0.833064914 1.4508419 0.0128034353 1.29118347 1.56737661
    0.802581429 1.23347926 0.98822397 1.62859309 1.67266011 0.480384111
    -0.554796815 0.27765131 0.506474793 -0.0244496465 1.49897265
    0.944395244 0.755835533 -0.495302379 -0.346269637 -0.260959625
    -0.28203994 1.32049704 0.206314802 1.05279171 0.100599408 1.11534381
    -0.557822704 1.2524488 1.03837156 0.857329726 -0.597915828
    -0.567721188 0.829262912 1.41255665 0.0874295235 0.770630717
    -0.388349444 -0.440312684 0.145727158 0.763011277 -0.127207816
    0.156150043 0.0456462502 1.62366033 0.499848545 0.511484683
    0.565734982 0.0465379953 1.49972641 0.0753019452 1.41876566
    -0.398473561 0.262419701 0.906626761 1.31463993 0.564873695
    -0.3779881 -0.11249119 1.27478552 -0.606934667 -0.271762371
    0.00883448124 1.63072371 -0.0776323676 1.56391859 -0.46037975
    0.0242015123 -0.475841433 1.05019915 -0.258424848 0.564693511
    0.257134616 1.37021792 0.683145046 1.28830361 -0.536213756
    1.63092351 0.0947022438 0.0207552314 0.50045222 -0.496638119
    1.17079926 -0.331793755 1.64444828 0.574709833 0.709419966
    0.543757319 0.997708797 0.74575752 0.161942244 1.58322334 1.51394069
    1.53950477 1.42279065 1.41228938 -0.391179293 1.19132674
    -0.127396405 -0.40695107 0.317761183 1.69792628 1.75612175 1.1422677
    1.05202234 1.51400638 0.0758054852 -0.645563126 1.30859399
    -0.521098971 0.00963968039 -0.200341493 0.343002141 0.401414454
    -0.546175539 0.801165938 1.42024863 -0.273420632 0.978224933
    1.53565621 1.20318019 -0.00797200203 0.319551468 1.5721426
    0.142186344 -0.669835687 0.305073977 1.73268092 1.41078424
    -0.0896201134 -0.6114043 -0.0943638086 -0.241996139 0.589224577
    1.25024867 1.69320154 -0.259043962 0.754405797 -0.390149921
    0.721583962 0.534977198 -0.256831288 1.15730619 -0.3532933
    -0.613782525 1.01981437 -0.630603969 0.310031652 -0.608854055
    0.699836254 0.718839049 0.606804669 -0.757416725 -0.390136242
    1.11511803 0.566015959 0.126145124 1.00406206 -0.660350442
    1.15952659 1.35051429 0.0670894384 0.177251875 -0.569510698
    -0.0897839665 1.51491785 -0.44339329 1.50393391 -0.227796644
    0.82282722 -0.616265774 0.780988872 1.71696115 -0.765165508
    -0.570578992 1.50917149 0.569123566 -0.42883563 -0.666670918
    -0.446879297 0.460343242 0.793485403 -0.386286676 -0.313762128
    1.39409661 0.944185674 0.0941128135 -0.776048183 1.39661288
    1.66178882 1.25942874 0.963981152 1.52596545 -0.181822538
    -0.223571718 0.0849481821 -0.258677036 0.318041086 1.47471833
    0.51110822 1.17759025 0.0423773527 1.36859429 1.00047183 0.5689798
    -0.00330269337 0.695845842 1.18920898 1.4248631 0.24071449
    0.817074955 0.899477184 1.21655273 1.63403499 -0.73494333
    -0.443204522 0.199058294 1.73000526 0.351950228 1.20763063
    0.973094821 1.46135402 0.00219756365 0.49597913 1.31830478
    0.594132304 -0.430750459 1.36348426 -0.619330168 0.857271254
    -0.67061466 -0.0573198199 0.146449685 -0.39736107 -0.254340231
    -0.304936677 0.520321846 -0.0862953663 -0.0666136742 0.00979882479
    1.47937512 -0.431209713 0.544739485 -0.475746185 0.978830576
    -0.151346862 -0.0405100584 -0.464829683 1.78640008 -0.0148704052
    1.61267447 1.10485244 1.22392249 0.997980893 1.34290695 1.40071845
    0.0633232594 0.541632116 1.28311777 -0.392949283 1.29267788
    0.948164105 0.441238821 1.05544245 0.0114558339 1.42044854
    1.71645463 0.027426362 1.51448631 1.08107531 1.31043816 1.41899991
    1.13663578 1.4928267 1.48565626 1.72275805 -0.735707104 -0.641435802
    1.58506155 -0.313546836 1.47146559 -0.32840088 1.29941761
    0.979879797 0.977283597 0.555774212 1.35771775 -0.530169547
    1.12296426 -0.323766232 1.20700622 0.226698697 0.143822372
    1.48865974 0.898447633 0.713011682 0.497607052 -0.538327813
    -0.0937546492 1.57214952 1.01016295 0.686475039 -0.567098498
    1.29741073 1.50699687 0.960899532 0.0699170828 1.70337534
    -0.178844392 -0.546168447 -0.544035137 0.699417293 -0.179383039
    0.965456724 -0.221223295 -0.635358691 1.5090822 -0.726012826
    -0.595464706 1.46648455 -0.019925952 0.39071995 1.02047539
    1.49557614 -0.517924368 -0.425979644 0.658109605 -0.506708682
    1.58207583 -0.35242039 1.05725074 0.0690547228 -0.085517168
    -0.156417906 1.51546562 0.792167425 -0.590255499 1.6888938
    1.76529717 0.777643383 -0.652497649 0.134856761 1.0520041 1.44706118
    1.47948027 1.43345094 0.922465086 1.03909445 -0.0567613244
    -0.308938324 0.120563149 0.138737202 -0.153952122 1.38889706
    -0.333624333 1.71122622 -0.35496518 0.0294673443 -0.702354968
    0.81102556 0.36675787 0.370020688 0.710227311 1.0756669 0.598516464
    1.6588614 0.895098209 -0.353788137 1.67718315 1.06764376 1.79318309
    0.449701309 1.15307224 -0.676283717 0.642176032 -0.497836888
    1.27917123 -0.274118215 1.34292936 -0.0366488099 -0.651114821
    0.912244141 0.164596915 1.23279142 -0.638725042 0.285776615
    -0.0243942738 -0.17930451 -0.567946374 0.573463678 -0.471662641
    1.33540773 -0.447518408 -0.456688464 -0.571186662 0.321134388
    0.879387915 0.810354769 1.65302658 1.71458101 -0.0692490935
    -0.490133524 -0.196867764 0.162340641 0.192327261 -0.0867281556
    -0.0708744526 -0.197698414 -0.627091289 1.2073493 -0.340647429
    0.946195304 1.62174785 -0.0319437385 -0.326618761 -0.553548515
    1.77401924 0.48383528 -0.0964480042 -0.317135304 -0.128048897
    1.29363525 0.441447377 -0.0824213624 -0.685997009 0.774244726
    0.124595106 0.0589777231 1.14698243 0.151167154 1.01477933
    -0.5727368 -0.520752311 1.01380372 1.57909143 1.14840746 1.04512167
    0.811324656 0.892164409 0.746180117 0.894916415 1.13671684
    -0.505359709 1.58008957 -0.485870779 -0.106436133 -0.174971163
    1.32097423 -0.488609314 0.90858674 1.40854442 -0.635334313
    0.652753234 0.463061035 0.990205407 0.224907696 -0.522613227
    0.0681096911 1.00360298 -0.582749128 1.54980421 -0.675173342
    0.840608954 0.718989432 1.42544806 0.817206144 0.10030663
    -0.224425793 0.701669812 1.42781997 1.16211617 0.831916928
    0.31364429 0.0225076675 0.666696072 -0.599000096 0.00869721174
    0.907437205 -0.73247236 1.14124715 -0.043558538 0.516823292
    1.29354942 1.76703429 -0.128262579 1.32055449 -0.320882022
    -0.0992093086 1.01142049 1.02060866 1.56404042 0.400153279
    0.0533471107 0.775943279 0.0878059864 0.770920336 -0.396125793
    0.812625408 1.2171241 -0.382616848 1.02280092 -0.224058747 1.6689055
    -0.575105846 -0.184331924 0.779319823 0.614630699 1.04435349
    -0.753158629 1.34222364 -0.735549867 1.44139743 0.0701652169
    1.55673742 0.736281812 -0.220828712 0.874977827 0.276698351
    0.493711025 0.138775676 -0.0160365105 1.1963954 -0.0798288584
    0.363557935 0.361620486 0.990465224 1.6376363 -0.239686489
    1.43651366 -0.503517628 0.413110435 0.907443285 0.765221655
    -0.403536856 -0.242288232 0.964461803 1.74589801 0.893653154
    -0.538732648 -0.567996979 0.364757836 0.421742976 0.233027637
    0.470751405 -0.34671244 1.69231915 0.783978343 0.707500458
    0.207292736 1.50358045 1.17623043 1.17597246 0.074447751
    -0.619136333 0.880761027 0.612655282 0.323119521 -0.787878573
    -0.0164691806 0.560323238 -0.0323030353 1.18723011 0.0105494261
    0.721695423 0.137365162 1.66854262 0.824112475 0.167418718
    0.851893067 1.63118792 1.31666374 -0.309085757 1.44836283
    0.153478146 0.608658969 -0.141838014 0.156538904 -0.586956978
    -0.507864416 1.16900492 0.529728591 0.861075342 1.70554352
    -0.570435464 -0.199302137 1.11090124 -0.107907176 0.983418465
    -0.356546402 0.769929469 -0.052408576 1.18074989 -0.643234551
    0.780265331 0.123576343 0.326917589 1.60106969 0.454770386
    0.694426954 -0.794158876 -0.632017195 0.908908784 -0.755677581
    -0.0606880188 -0.0092767477 0.420564771 0.244044304 0.695308864
    -0.448222965 1.61935735 -0.516233325 -0.709506512 1.72764206
    1.05005395 0.74802202 1.82541442 -0.349548489 0.516755104
    -0.220422089 0.669096708 0.711309195 1.25313604 -0.467945933
    1.24412584 1.64127493 1.04131973 -0.234277725 -0.239525139
    1.22935796 0.683915555 1.56097317 -0.297161549 -0.419353366
    -0.237633467 0.15007782 0.126370728 0.802671313 -0.373208106
    0.240191877 0.544422686 0.635063052 0.851883292 0.410987973
    1.54206491 0.19690764 0.979457378 -0.437833279 0.25490284
    0.395661652 0.439484656 1.18144786 -0.212470591 1.41485155
    0.516837358 0.505972505 0.361947238 -0.0261275768 0.803128958
    0.83725208 0.055316031 1.68472791 0.528638661 0.315240324
    0.549141228 -0.760047913 1.75054741 1.04745507 -0.670604527
    -0.433977425 0.094072938 1.10610831 -0.634848297 1.11210835
    -0.641642153 -0.355727881 0.258476138 1.12060118 0.104627609
    0.172434211 0.212412 1.38984776 0.0719528198 0.935043037
    -0.188577354 -0.102379322 1.2843163 1.22088194 0.918631613
    -0.184313834 1.64636016 0.643475235 1.13518572 1.44510579 1.32603216
    0.526696622 -0.16992867 -0.601838827 1.15840054 1.38038707
    0.668033957 0.329235971 -0.265800953 1.68722916 -0.440915555
    1.21028614 0.00291514397 1.23890948 1.26162052 1.26626492
    -0.00175333023 1.03108156 0.421520233 1.20396435 1.39764178
    0.763149202 0.812892199 -0.0548783541 1.32494307 0.641609669
    0.390229344 1.6670202 1.68698382 -0.0903382301 -0.595202804
    0.59568578 0.0349180698 0.936765254 -0.472829133 -0.594664216
    0.868403196 -0.177971125 1.52042317 0.00774151087 0.492772281
    -0.193174183 0.415100574 0.19923681 -0.72255075 0.70269078
    0.318327188 -0.451603025 -0.182355225 1.32784986 1.10502458
    0.0826078057 1.6623168 1.1418252 1.50477791 0.560688198 -0.222074389
    0.485180318 0.171937108 0.952657461 1.18193364 0.456433415
    0.925107121 -0.590372324 0.449211121 1.8825798 -0.290189892
    0.457651496 -0.0859800577 1.79657722 1.3372488 0.696119666
    0.277446389 -0.549878716 1.51038194 1.34021425 1.37900257 1.43916631
    0.180990934 -0.274367601 -0.345196307 0.0282729566 0.172370881
    0.0151849389 0.556650102 0.241638839 -0.0452739596 -0.642623723
    -0.479214847 -0.0536908507 0.865042746 0.647177398 0.64846313
    1.32292438 0.12703371 -0.267738312 1.70743716 -0.598860979
    1.17069578 -0.125689924 -0.407027781 1.25177479 0.785256803
    0.885845363 1.31572545 0.677632451 1.59726083 -0.675308704
    0.854411781 -0.354914069 0.599434316 0.611187756 0.192440629
    0.327731192 0.832390368 0.283471227 0.75338304 1.564008 1.55724096
    1.3801223 -0.659641743 0.655710697 -0.0576056242 1.48967361
    0.282285571 0.0859137177 0.577156901 -0.00868916512 0.385126293
    -0.26559177 1.39204621 -0.448182076 0.840701103 -0.538300097
    0.512410641 -0.163000941 1.51865339 1.62024307 1.44562626
    0.483210683 1.68630946 -0.666263819 0.657585382 0.52677381
    1.73930979 1.62580895 -0.467829376 1.06310332 -0.394173682
    -0.023248136 -0.357289791 0.591839552 1.47595382 0.186059892
    -0.247810364 1.66177607 0.560783386 1.53881145 0.486047149
    -0.215929866 -0.635869324 0.372641623 0.196133435 1.38937306
    0.837005615 1.31027508 0.135112524 -0.355545789 0.839716494
    1.54071939 1.3731904 -0.482792556 1.45522213 0.670577347
    -0.687613428 -0.35768947 -0.675516844 0.380585432 -0.197428524
    1.00525141 -0.414606959 0.966076136 0.474878609 0.152782679
    0.227593541 0.967081904 1.01452613 -0.344785124 0.0714433789
    -0.501233041 0.532802582 0.0937413573 1.60214186 1.52262199
    0.140150487 0.167547405 0.17709434 1.50386953 -0.576224267
    -0.642424643 -0.0277434587 0.863274932 0.6047346 -0.0116756558
    0.271843255 1.33689642 0.228198588 0.533881307 1.41924918
    0.732622087 1.18881488 -0.229549885 -0.186459839 -0.48211658
    1.43569732 0.489088595 0.607988536 -0.531413198 -0.315765321
    -0.156164289 0.0802507997 1.66703331 0.710772634 0.959417701
    0.223037481 1.64364624 1.08469748 1.41757083 0.707110465 1.33463454
    -0.188386798 0.927003086 -0.130867362 0.555652797 0.134907961
    -0.245481819 1.11002302 1.77335405 0.183070362 0.923102736
    0.414340675 -0.600628018 1.17911875 1.39972579 0.502049506
    -0.553773522 1.14465487 1.51142192 -0.0480805039 -0.420595795
    0.156281292 1.40657258 0.511393309 0.0386339426 0.763976455
    -0.659700036 0.365872979 0.486035168 0.778002381 1.53370166
    0.418437004 1.4789257 -0.00748640299 0.689864933 0.0688067675
    0.149886012 0.414323092 1.43957078 0.0102575421 -0.259681612
    1.49330199 1.16881001 -0.178212464 0.804173946 0.659493625
    -0.522995234 0.879277945 1.22649634 1.65028965 0.171680868
    0.0830789208 0.100408137 1.15277791 -0.352607816 -0.450101227
    -0.563376784 -0.419249147 0.929256082 0.0953273773 0.77376765
    0.607598782 1.09657598 -0.412297398 -0.1970433 1.49774897
    0.349349797 -0.581104159 0.647037983 1.73964369 0.482195437
    1.42762864 -0.565473437 0.0957601666 1.2606411 0.464326799
    0.494684935 -0.451793134 -0.411101371 -0.0691710114 0.020280838
    0.877165079 -0.277503282 0.526164532 -0.563417077 -0.0800212026
    0.714980304 1.62521684 1.40227056 -0.403084248 -0.569066465
    0.905446947 -0.0476494431 0.708121717 -0.614875913 0.133699298
    0.0220072865 1.44689631 -0.463916421 0.631287396 -0.29083246
    1.66173208 -0.823286653 0.605033338 0.424419641 0.980070412
    0.912665069 0.282216817 1.45653927 0.633085251 0.189948618
    -0.298029155 1.41276073 0.941803455 0.986834526 0.841832519
    0.858595073 -0.764786661 -0.307013214 1.00942433 1.45441234 1.195755
    -0.630519032 0.710633576 0.756313324 0.722380757 0.901780188
    0.328636527 -0.662339628 0.862487435 0.968172312 1.05186987
    0.0230436325 0.744152248 -0.465557337 0.687696397 1.53534627
    1.03246975 0.565118074 0.126025558 1.41720057 -0.733388007
    0.239412904 0.0285183787 -0.0432327986 1.42661405 0.944345355
    -0.600944698 1.6087749 -0.207857549 1.55091429 0.113825798
    1.62977242 0.629030287 -0.0345880389 0.775253713 -0.283600062
    0.716716349 0.000639736652 0.809924066 -0.193751156 -0.493930578
    0.604407489 0.331108689 1.21380293 0.762947083 1.62893403
    -0.431712866 0.419983506 -0.232980162 -0.404927284 0.463204563
    0.00989603996 0.998694837 0.837514639 -0.569344521 0.923218489
    1.58107352 -0.309262037 0.329875648 1.69226873 -0.0981151462
    -0.721734285 0.0258509517 -0.0675472617 -0.751066506 0.0723751783
    1.35849714 0.730121255 1.33782816 0.655338049 0.0130580068
    -0.12286967 -0.739342034 0.885381579 -0.00682866573 1.23320746
    0.321419656 0.641725957 0.716654181 1.31193304 1.24063611 1.41825891
    0.724740982 -0.532215118 -0.0965410471 -0.223891228 0.320823312
    -0.151966572 0.756803691 -0.0575889349 0.535834968 1.28061855
    -0.0994241834 0.493562043 1.57829785 0.959246397 1.25288081
    -0.268542409 1.16539812 1.30312705 0.959775329 0.0358701348
    -0.544205785 0.548848748 1.60032582 -0.0585283637 1.21959138
    0.70078522 1.1583519 0.846143186 1.37331223 -0.524503589
    -0.430020988 1.18160176 -0.569641471 1.17415583 0.936549604
    0.270056069 -0.288093239 1.37790346 1.30922866 -0.692138791
    0.459345937 1.35095119 0.322792053 1.00386667 1.26177144 1.29820406
    1.44027781 0.689795911 0.787111163 -0.366839588 1.61278915
    0.036509037 0.56148088 0.200621068 1.343261 0.426937222 0.991595805
    1.28204727 -0.431271791 1.64669824 0.0038510561 0.441781819
    0.537749708 -0.0165273547 1.33922529 0.398422599 0.322848797
    -0.120106101 -0.549004853 0.313686013 -0.312628388 1.35090458
    1.30938983 -0.658102453 -0.408230573 -0.217604339 0.843296885
    1.16254115 -0.411094308 0.0748900771 0.18812114 0.595078349
    1.31314659 0.136045337 0.332806468 -0.339206725 0.690619707
    -0.545753837 1.40284395 0.161765754 0.726638854 -0.660484076
    -0.576174557 1.15623832 1.61496019 -0.519688547 -0.0311745405
    1.57700109 0.879396081 0.33145684 -0.783992112 -0.20722121
    1.17227364 0.708363354 -0.573285699 1.54197311 0.795147121
    -0.209811926 -0.517515421 -0.611679375 -0.36280176 0.0998008847
    1.72931635 0.272075593 1.70526433 0.714040697 -0.336582273
    0.893566132 1.03595185 0.00934076309 0.846486986 -0.236574173
    0.06442976 1.74544406 0.869407952 0.807007849 0.794415176 1.27494705
    1.16300583 0.325289845 -0.411762983 1.71996665 1.28787279
    -0.14948535 -0.6226753 -0.299639583 1.16422451 1.6476984 1.40768862
    0.211091101 1.12737322 1.1749866 -0.314693958 0.715847969
    -0.198265463 -0.315973401 0.0136698484 -0.234333307 1.64188004
    -0.338347763 0.500795841 -0.323758483 0.00953173637 -0.207924128
    -0.675150156 1.67484236 1.41419077 1.19548213 0.377084196 1.04458737
    -0.188979536 -0.1197301 0.294251174 1.96962953 -0.534880221
    0.149668813 1.27676082 -0.328152746 0.211767614 -0.446581334
    0.541232944 0.922841191 0.183639705 -0.056394875 -0.346315414
    -0.72305125 0.855656207 -0.13449496 -0.666315377 0.8452003
    -0.527217925 -0.0454655886 0.548284769 0.627564907 1.40086257
    -0.120372653 1.36120987 1.58828139 0.734979928 -0.227138281
    0.905569971 -0.160429895 1.29493356 -0.0686226487 1.2155745
    -0.0914672613 0.176543891 1.31743431 -0.162013471 1.04622722
    0.604851604 1.09690619 1.18491685 1.53974617 -0.826725781 1.56856155
    1.08942044 0.384592772 1.12200677 0.460793614 1.01296675 1.71746325
    1.66456413 1.03203464 1.40081167 -0.194597721 0.563359261
    0.994571447 1.20720196 1.56128776 -0.288661778 0.473847032
    0.907658875 0.20171082 0.105419099 0.120987177 0.36729908
    0.0191466212 -0.606890321 1.14335608 -0.579229712 1.05655336
    0.260075688 0.891409874 1.66953826 1.14942789 0.0650686026
    0.344689071 0.947395444 -0.315074503 0.408081055 -0.569348633
    0.299767911 1.62798214 -0.737851858 1.53848791 -0.144128621
    -0.0476958156 0.330446005 1.29921758 0.326644838 1.30687821
    0.784490526 0.752911806 1.01749158 1.06386662 -0.454841822
    0.134300947 0.0328580141 -0.183172613 1.37502217 -0.255625933
    0.384969115 1.56256986 1.4987756 0.730902493 1.68488312 -0.409149408
    0.0606626868 0.412484348 -0.467890799 0.704728007 0.440077901
    0.510565341 1.37283385 -0.55405736 1.6887753 1.62820268 0.229004443
    1.08074284 -0.0165843368 0.561422348 1.48231769 1.23188925
    0.997794032 1.11899209 1.42834902 0.336073399 0.833670378
    0.652141035 0.485859156 0.757361412 0.258791983 -0.325800776
    0.249354303 -0.510375619 0.0214219689 1.77214527 0.181893528
    1.5460453 -0.521544933 -0.626267672 1.44646049 1.21106339 1.44228029
    0.375516593 1.56915689 -0.415697157 1.16853487 0.0278623104
    -0.409766853 -0.0524817109 1.51968122 0.469373345 1.05769312
    -0.640715063 0.462916195 0.107043266 1.6174612 1.07480121
    -0.470785856 1.51564825 0.254472375 -0.233891398 0.935584247
    1.25798368 0.98848933 -0.562091827 1.54754138 0.438719213
    0.342091441 0.506491065 0.159085274 1.62777734 1.05118823
    0.781679749 0.814825118 0.509340048 0.947569489 0.58948642
    0.601154387 -0.610876322 0.215472758 -0.58024466 1.67964232
    0.0133503079 -0.73174727 1.1427896 -0.420455247 -0.466901809
    0.811507165 0.450680435 0.364076197 1.64590812 -0.378259599
    0.523068011 0.969438553 1.12507653 0.739499152 0.618823409 0.9178105
    0.70350647 0.753510296 0.202500403 1.27476323 0.908396721 1.75663257
    1.44246197 0.371965706 1.67312992 -0.59130919 0.109373629
    0.181206465 1.5171845 1.20785546 0.748203874 0.351989329
    -0.389391482 1.39406204 0.0958440304 -0.00759512186 -0.49507004
    -0.345184565 0.723676205 1.81884432 0.466042161 -0.122868836
    0.333701313 0.615632653 -0.649996161 0.906135082 0.0329211354
    0.23915273 1.23434019 0.387119055 1.64707184 -0.073263824
    -0.0664284825 -0.174445152 0.418447316 0.632522762 0.928605855
    1.64347458 -0.526461542 -0.436673135 1.41887212 -0.305695772
    0.971213877 -0.607436061 1.56348145 1.67441416 0.116489947
    0.322419703 -0.659844697 1.66755605 -0.0751945376 -0.385191023
    0.531842053 0.540584564 0.232498169 0.575802267 -0.588637769
    0.547232807 0.998584449 -0.369411618 -0.594628215 0.399186432
    0.90047878 1.41764593 0.584575832 -0.12991029 0.454594076 1.02793825
    1.44478583 1.1705631 0.538044631 1.58403087 0.642041206 1.56615436
    0.602236927 1.22160864 1.24827504 0.405265093 1.16458321
    -0.619713426 1.17249751 1.15956473 -0.398325145 1.50475812
    -0.102811038 1.20602775 -0.660342038 -0.22672832 -0.287565827
    1.03036726 1.17698359 1.4310286 0.412264526 -0.517460763
    -0.559472024 1.57678509 -0.0639416575 0.897573173 -0.733539343
    0.0911443233 0.715775251 0.49553901 -0.684955478 0.660818994
    -0.745414674 0.979367375 1.68128586 -0.446352512 1.46192408
    1.47100115 -0.806930482 1.56172657 -0.736818612 1.28986168
    0.0866589546 0.545168877 0.67630887 0.262108445 1.57097161
    0.0576911569 0.102685571 1.74277663 1.67745686 1.13858676
    -0.699610829 -0.4953942 1.324821 1.70461786 0.730848134 1.61559069
    0.292316079 0.931000292 -0.330415189 0.857598722 -0.476504266
    0.865696788 1.03649783 1.66187012 -0.688641727 0.906506658
    -0.573435485 1.06845093 -0.545391619 1.01989603 -0.05116117
    0.726850092 0.464176714 1.44191432 1.31501746 1.15542841
    -0.355089188 1.60487771 0.484801412 -0.13069272 0.773278892
    -0.0353323817 0.526530564 -0.561613262 0.594011605 -0.522586882
    -0.450266838 -0.536042631 0.201230049 1.35368633 0.228975058
    0.135143518 0.0419597626 -0.0247582793 -0.658063948 0.631157339
    0.862123966 1.38048673 -0.524838746 1.29847312 1.39733052
    0.706344903 0.904890895 0.519312203 1.01255643 -0.522811294
    0.905790508 0.671248138 0.198584676 -0.0220626593 0.686582863
    0.0889456272 0.273776948 1.32079649 0.595514119 0.57568866
    0.841164589 0.848467231 -0.570194781 0.0394908786 0.445340216
    0.484485924 -0.502423465 0.0246521235 -0.483768195 1.66986561
    -0.662080884 -0.506339729 -0.101116419 0.553580582 0.744667947
    1.06935549 -0.554104269 -0.0487354994 -0.400544494 0.65018791
    -0.780105352 -0.572231114 0.426454365 0.280721545 0.153673589
    0.149187386 -0.145843267 0.757345617 0.449837983 1.04921782
    -0.266656339 1.75985622 0.236642838 0.87614274 1.65359211
    0.965690315 1.5101999 0.316454709 -0.464102238 -0.568754435
    0.086271286 0.539601624 1.3745563 1.23164678 1.32468534 -0.183471084
    0.611425579 1.49161983 0.42879039 0.779319465 0.129844189
    -0.498335183 -0.31973508 -0.351384014 0.901050031 0.268036544
    -0.120046854 1.72999191 0.346066892 -0.538612664 1.64516079
    1.5383997 -0.0594577789 0.440421104 0.519156814 1.62196946
    0.947175205 0.572297633 0.369008124 -0.497626096 -0.489605069
    0.232813656 1.49306118 0.777003884 0.671609282 1.45414948
    0.570132554 -0.5233078 -0.194547176 1.65822518 -0.400976777
    0.506203413 0.749716759 -0.40866974 0.641792119 1.56967425
    -0.423444748 -0.646204412 0.716427088 1.13605332 1.40257156
    1.4200362 0.77906853 1.62018442 -0.0743852854 0.263949811
    -0.821907818 1.04429591 1.21814394 -0.0888816714 -0.554837286
    1.71086788 0.655127943 1.68633258 -0.281739295 -0.588546395
    1.01311874 -0.508185565 -0.477538049 1.63606441 1.48840082
    1.24436963 -0.269677281 1.67625356 -0.174476385 0.214616299
    -0.223152161 1.32247472 1.56442809 2.04543376 1.40067315
    -0.647856653 0.607280672 0.954323649 1.23444462 0.861762047
    -0.205720425 1.60841048 1.03815413 1.60684085 1.28643608
    -0.791270196 0.745652616 0.754633725 0.526520967 0.735325158
    1.15980208 0.518487215 1.4081254 0.658300638 1.14326882 0.697579861
    -0.382760525 0.186726272 -0.593771935 0.765000224 0.327711642
    1.01265001 1.63921809 -0.039457202 -0.629486442 -0.179780245
    -0.203074276 1.04255915 1.33095253 1.54103661 -0.547330499
    0.577640176 -0.164927483 0.507431984 0.294512272 0.937948346
    1.36127496 1.42319405 1.24870241 0.485965431 0.877696097 -0.4574669
    0.776886404 1.17693686 1.12591124 1.32696939 0.291811049
    -0.670964539 -0.159509599 0.109574974 -0.586631119 1.38624406
    1.51904273 0.392599523 0.315916121 -0.0179717541 0.795352042
    0.972619593 0.699270427 -0.194774777 1.03763342 0.118808031
    0.655933857 0.901255965 0.594674349 0.485014021 1.39356804
    -0.0540913343 -0.135846496 1.00163484 1.53895497 1.38285184
    -0.143319845 1.37284565 0.270435035 -0.620023668 0.233858168
    1.45926905 1.00127232 0.206688941 1.31084275 -0.0464202762
    0.978473663 -0.293711662 -0.588336468 1.11151373 1.72777796
    -0.251899242 -0.149777532 -0.179932833 -0.300777674 1.36342812
    -0.599213839 1.27146304 1.02193105 0.989004076 1.00418401 1.24209404
    1.02818513 -0.0475428104 -0.0588395596 0.0630456209 1.15128255
    0.670986235 0.566395581 -0.461348414 1.8157742 0.27113992
    0.360279262 0.691604376 0.309175551 1.6750617 -0.154281139
    -0.508072972 -0.633596301 -0.6617769 -0.688064337 -0.306047797
    1.41570759 0.520841718 0.329145133 -0.487908423 -0.591663599
    0.952386558 -0.553570032 1.73165751 1.48427677 0.715543985
    -0.687555671 0.705192387 -0.721861482 1.18359518 1.26742482
    0.226395786 0.922648787 0.7616629 -0.619775653 0.800076067
    0.91146791 1.28832591 -0.575607419 0.113694966 0.630882502
    0.853576064 -0.44731465 1.32043147 1.09171748 0.991801023 1.70468998
    1.24821758 0.553851843 1.38683581 1.42306066 0.21617943 1.19011712
    -0.169417322 1.78072393 -0.110246241 0.658359349 0.90987587
    0.175970554 1.17790759 0.628100693 0.773845196 -0.725048065
    -0.689033508 -0.444818944 1.62202621 1.68879879 -0.491866887
    -0.483946741 -0.0634695292 -0.462068498 -0.0166568756 0.931756914
    1.05314398 1.47516441 0.738143861 0.874674499 0.878522456 1.67795408
    1.14715028 -0.487604499 1.09197378 -0.0700524449 -0.297319025
    -0.310325295 1.39914417 0.30675739 -0.427555114 0.447885931
    0.594703257 0.646455884 1.15295994 0.878890634 -0.587534487
    1.25485349 -0.194835544 -0.101406753 -0.105179369 0.256618917
    1.61425638 1.64618373 0.396731615 1.21217442 -0.624627471
    0.485501587 0.848073065 1.21436775 -0.572251618 0.460435867
    1.33643842 -0.393095732 -0.32155779 0.254451096 -0.510567188
    1.00250375 0.248340428 0.0936209559 -0.164700508 -0.240196586
    0.131602108 1.23549986 1.37447977 1.30734706 1.05902743 1.65269625
    -0.026465416 -0.0395818353 1.73734951 0.864137292 1.40243506
    1.00057673 1.17704928 1.48069477 -0.214648604 -0.437347144
    1.64138651 1.31200683 -0.631451428 0.464749694 -0.205998063
    0.256713331 -0.352157474 0.561853051 1.45297563 -0.272249371
    -0.115184218 0.0876976848 2.01608682 -0.427347153 1.05313635
    0.702583909 1.06269193 0.0177328587 0.0399475694 0.132917702
    -0.548289299 1.09881663 1.53254902 0.569659472 0.874006867
    -0.172126472 1.30010366 1.04322958 0.937418222 1.44942451
    0.850527287 0.331374407 -0.759735286 0.946100056 -0.225325406
    0.226324797 -0.559103549 0.158302128 0.249483347 -0.0293545723
    1.48484063 0.346746147 -0.169263244 0.565240979 1.13305998
    0.612623036 1.26701856 1.61603665 1.61260533 -0.255538404
    0.486910939 1.22183287 0.479838967 0.202131927 0.36875248 1.472188
    1.62986159 -0.0465652943 0.421196997 0.0650484562 -0.198023617
    0.00648671389 -0.141415358 -0.133208811 0.921902418 0.335937917
    -0.533668399 1.58354819 1.72000885 0.470409214 -0.296516627
    1.69913435 -0.269725561 -0.547486484 0.493131399 0.795081437
    -0.373520285 0.00251275301 0.636492908 -0.595569849 0.153149366
    -0.331676602 -0.191441208 1.47041667 -0.135095 0.127592266
    -0.383319467 -0.694621205 1.07822514 1.32869625 1.15660584
    -0.520925939 -0.6719473 1.52107573 1.18748415 1.22093022 1.02486682
    -0.0511646867 -0.0660503507 -0.290190101 1.46978688 -0.692909181
    -0.296472251 1.14332628 -0.369517595 0.232618451 -0.22630477
    1.05660391 0.741504431 0.063465476 1.24776793 -0.543290854
    -0.0410751104 1.41195178 -0.0374373198 -0.619546592 0.431294501
    -0.110923111 0.913381696 0.817380786 0.409716785 0.421632588
    0.740034103 1.74897385 0.01704216 0.138673306 -0.391187102
    0.648176074 0.485363364 0.151138484 1.25601602 1.57969534 1.71014833
    -0.352256715 -0.100619555 0.549873471 0.014662683 1.14724183
    0.23723805 0.698937237 1.07112443 -0.138426661 1.48984957 1.27545047
    -0.038053453 0.263959765 -0.507775009 1.68707013 -0.227110326
    -0.140560687 0.94346416 -0.788283288 0.675999403 -0.527426243
    0.475952744 0.316349506 1.3317163 0.695036292 0.0844739676 1.1273011
    0.363978446 0.344043911 0.298774958 0.472513795 1.58674884
    -0.0589183569 -0.00699722767 0.892831564 1.22285116 1.12440968
    0.828236282 1.36874735 0.420607507 -0.537696481 1.24977326
    0.00799882412 0.717293262 0.0183106661 -0.507440925 -0.434464067
    -0.339633435 0.10503608 1.61879158 -0.709490001 1.44312882
    1.13419008 1.68520498 0.360244334 1.52763021 -0.531163216
    0.0328287482 0.511847436 0.707837164 0.937354445 1.12825227
    0.233047366 0.0152723789 -0.600086451 1.19250512 -0.0359092355
    0.626661956 0.270672619 0.0777727962 -0.467724949 1.60865641
    1.63455772 -0.722589612 0.559309721 0.205215752 0.0490579009
    1.12211704 -0.0942767262 1.46589184 0.312702835 -0.548013568
    0.919581652 0.716463804 0.0519917607 1.29090023 0.0606210232
    -0.308940113 1.68704319 0.0109027028 0.995467544 0.30573523
    1.63842392 0.35005188 0.968032122 0.879964173 1.17953658 1.08086061
    0.0801442266 0.758284688 1.19285083 -0.329275012 0.271135747
    -0.17568624 1.73940229 -0.404051602 0.131842017 -0.636328459
    0.617987931 0.984831154 0.690279365 1.04590464 -0.61107564
    0.152052999 0.28276211 -0.275158733 -0.191987216 0.000255525112
    0.753410876 1.56871438 1.27119148 -0.0773382783 0.912946522
    0.9062168 0.399760365 1.26342916 -0.385188162 0.587843239
    0.612951398 -0.522254348 1.47370851 1.41273868 -0.226459205
    -0.154932946 -0.191010952 1.06458724 1.02180851 0.589416265
    -0.186271608 1.11883807 0.677952945 0.313180625 -0.348836005
    -0.0164015889 1.2911222 0.671353042 0.138677061 1.1328212
    0.781007707 0.587633491 1.0707829 0.500947595 1.26938379
    0.0428329706 1.49481261 0.742709041 0.908765018 -0.413466722
    -0.170106053 1.10746503 -0.412147462 0.702194095 -0.659173012
    0.26065433 -0.431419134 1.29153824 1.52182305 0.0897702575 1.1401341
    1.42329621 -0.103574097 0.901285291 -0.482530534 0.193234801
    -0.495912254 1.62761569 1.48295796 0.490781307 -0.298425615
    -0.251523674 1.30955505 -0.530058265 1.21769238 0.129320085
    0.906697571 1.10712433 0.912354469 -0.136603832 -0.482500374
    -0.133504152 -0.129776835 0.260391593 1.66412699 1.4964211
    0.483405054 -0.530593514 0.385478437 0.0697281361 1.10112059
    0.158227265 1.23417306 0.738812685 0.782943785 1.49172401
    -0.350834131 -0.230612993 -0.659822643 0.840934396 1.1923945
    0.841893077 0.0509483218 1.25903845 0.193884373 0.950132191
    -0.784927726 1.57814336 0.261949599 1.44027364 1.06669998
    0.629581332 0.395472586 1.07728791 0.717906356 -0.424731523
    0.595178902 0.0630859137 -0.29393363 1.46191382 -0.309759676
    1.28957713 0.830807388 0.382803977 0.481063604 1.35315359
    0.405953526 0.782762229 0.353657663 1.28240204 0.175724208
    1.63030028 -0.21779567 0.984025955 0.631746829 1.00361156
    -0.474287868 0.463813841 1.41631722 -0.622018576 -0.131573021
    -0.121750534 -0.532263219 -0.298000216 0.0885478854 -0.664685905
    1.15136254 1.22113514 -0.111541152 1.59739733 0.955050051
    0.632203639 0.384396076 -0.0117669702 1.19347906 1.55729818
    0.107637882 0.452118576 0.603737235 0.0775787234 0.245551109
    1.1059444 -0.193393826 1.52537763 1.72096097 0.594344676 1.6313386
    -0.511246324 0.969391465 -0.0332897902 0.729927182 0.990967929
    1.40398848 -0.634634256 1.03138185 1.30434334 1.33665037 1.57637632
    1.08106124 0.108561277 0.531730652 0.794871628 1.15600228
    -0.556429505 0.990681708 0.229733467 1.42192864 -0.567999899
    0.70831275 0.993110001 -0.612791538 -0.315857381 0.919178188
    0.850953043 1.63749814 0.631910145 -0.138864696 1.54526401
    0.298085451 -0.776136875 0.370974362 1.64741635 0.127266228
    0.268680751 0.323413789 -0.026062429 1.24773026 0.734579623
    1.21408367 1.0449028 0.895238042 -0.283893734 -0.303235739
    0.623952329 -0.477030396 1.14548886 0.113695085 0.316042602
    0.465898514 1.36027718 -0.306684315 0.466979206 1.80345893
    -0.628989995 -0.403830409 0.443920135 -0.016866982 -0.425256491
    -0.0057708621 -0.0718567371 1.55084705 0.642917216 1.42939353
    -0.13337791 0.0741320252 0.810498536 -0.0421682596 1.53409505
    1.02410603 -0.579485655 0.5230093 0.704014361 0.515564561
    -0.282249421 1.62674522 1.64043832 -0.385212451 0.641003728
    -0.447424591 -0.606358349 0.964262486 1.67248964 0.910464585
    0.65707463 0.0986801982 -0.62233609 -0.541500092 1.44943738
    0.642618179 0.923996449 0.146686137 -0.471751422 0.882531941
    0.318369389 0.709227562 0.130325556 -0.624097824 1.61628902
    0.713848472 0.417455375 0.482289732 0.0549551845 -0.205975235
    0.892122924 0.329714656 1.70902097 0.548852146 1.50133586
    0.799149632 0.979956686 -0.28437528 1.8604393 0.418140709
    0.894698799 0.227852523 0.809571922 -0.394840926 0.182834804
    0.496297121 0.00121146441 0.703733265 0.487239361 0.821455896
    -0.0104305744 -0.703711033 1.08477271 -0.747637808 1.49788821
    -0.912867367 0.442047596 0.0126012564 0.940703154 1.56957972
    0.856796563 -0.606594443 0.668700993 0.702092469 1.22690654
    1.16306901 1.60539913 0.774327159 1.19043136 0.630388618
    -0.165061951 1.59518313 0.253724337 0.386397243 -0.320115358
    -0.630974233 0.0207607746 0.260424733 0.507027864 0.675298154
    -0.457750738 0.447527468 1.77121842 -0.271241635 1.0877142
    0.293640733 1.18770814 1.66153264 0.313516617 0.200910032
    0.617570519 0.272733688 0.0348139405 0.268761277 -0.589856863
    -0.448807836 0.790737808 -0.490813255 0.368316472 1.19364333
    1.2023232 1.12731278 0.558038771 -0.335518271 -0.14430511
    0.472655594 0.209668875 0.255766749 -0.37626943 -0.141793132
    1.62204731 0.0485405922 0.915968001 -0.00298321247 1.00270653
    0.819405735 -0.427927673 1.53905773 0.747403443 0.819317877
    0.920626342 0.0039178133 0.632535517 1.43415523 0.359443545
    1.37357974 1.58527052 1.12614906 -0.580301166 0.904770494 1.67506433
    0.693105936 0.678167403 0.120678663 1.22637153 -0.348472565
    1.48297799 -0.151736975 -0.1899423 0.283309281 1.0795486 1.43480766
    -0.37523663 0.709540367 -0.24663642 -0.437341839 -0.331170857
    1.26817691 0.326587379 1.17027843 1.56584835 0.231744826
    -0.141841412 -0.473539352 0.638504326 -0.142510623 0.51914674
    1.53097045 1.66202688 -0.440622419 1.50962245 -0.143664956
    0.00966018438 0.316882014 -0.675071359 0.183303773 0.954406083
    1.65295327 0.165156126 0.864537477 1.07563651 0.176163971
    0.553952932 -0.0151683688 1.57848227 -0.697460115 0.672317386
    -0.632766783 0.959851146 -0.76453042 1.59946346 0.950717568
    0.987308025 0.0811636448 0.292464614 0.0182650685 0.974713683
    0.623568654 0.646045744 -0.524312317 -0.384291142 1.46583879
    -0.745482326 0.671599805 0.107376277 1.26947582 -0.433541775
    -0.777645826 -0.347886264 -0.154132962 0.386666775 1.67649651
    0.908450484 0.526540995 -0.570679069 -0.0405830741 -0.393048853
    0.235258162 0.20095259 1.14248538 1.36381555 1.46087718 -0.238530695
    -0.0325040221 0.546302974 -0.23421225 1.38729703 -0.0094550848
    0.773687005 -0.399775088 -0.608506858 0.0602606535 -0.574669421
    0.879475296 1.51804256 0.252875328 0.984365702 0.990772963
    1.10674751 0.744220793 1.73038006 0.11420238 0.813280404 1.6183629
    -0.414822131 1.45322132 -0.0682843924 -0.13150233 0.147241533
    1.39944482 0.697959542 0.498602629 0.496409833 0.473131716
    1.22122836 0.789649546 1.47317982 1.21444941 -0.28574124 0.619785368
    -0.479553401 1.16431904 -0.257735282 0.284618616 1.40284348
    0.0199212432 1.4984653 -0.405214816 -0.387785882 1.55888355
    0.199971557 0.442626297 0.103537023 0.853574812 0.301280677
    -0.36068821 0.959712029 1.08885086 1.63552511 1.11496472 -0.10968101
    1.56027794 1.52488959 -0.229480505 -0.110814095 0.601144016
    1.26288605 1.06768346 1.36825824 0.842344344 1.45983481 -0.36405021
    1.73622036 0.179107428 1.59386194 -0.58916378 0.0206298828
    1.57554841 0.871496737 1.69257724 -0.634441733 1.74721599
    0.235485733 -0.472376287 1.04607773 1.00826299 1.42555285
    0.290954113 1.65146279 0.700934827 0.937266767 0.600883722
    -0.235969424 1.11825502 1.49205053 1.65694952 0.790311813 1.13004041
    1.08123493 1.39967155 0.459065735 0.714536309 0.421913266 1.23071146
    1.39834726 -0.832532644 0.572409093 1.05908108 0.191095173
    1.62198329 0.676231325 0.257617533 -0.739610851 0.612560451
    0.810824811 -0.54903543 1.02307916 -0.683410347 1.12857223
    1.40014338 1.02316761 0.203065395 -0.43032667 -0.230808467
    1.76429307 -0.415848881 1.08037603 -0.0924594998 -0.536066771
    -0.516503096 0.324604809 1.2143631 -0.740819752 1.58358216
    -0.0638133287 -0.71795851 0.8497774 1.3222295 1.6263001 0.943927586
    -0.565682054 1.71827269 1.57598543 0.00257074833 -0.716881514
    0.0195620656 1.57766175 0.151078284 -0.199564099 0.325909972
    1.44429743 0.935705185 -0.664535582 1.47684097 -0.562692285
    1.18295848 0.98266989 -0.583147228 -0.131102085 -0.671060622
    1.37335515 0.868064165 0.982885659 0.0741683841 1.60012221
    1.18243897 -0.689566612 1.30688047 1.02881134 0.538919926
    0.065200448 0.529491246 -0.202201903 1.42594981 0.391830325
    1.2500515 -0.600283682 -0.0526652336 1.55403304 -0.410538375
    -0.595295608 0.474372089 1.76212668 1.01832056 0.877143323
    0.213791788 -0.612581611 -0.157313824 0.996212602 0.184947312
    1.38215101 -0.174600363 0.819097519 1.06036091 -0.175150573
    0.224225163 0.579182863 0.458462596 1.3655808 1.14971733 0.99579823
    -0.325103283 1.77880311 -0.1561988 1.2869271 1.56632161 -0.38586089
    -0.512338281 -0.670230746 0.122372925 0.386839688 1.19227099
    -0.266949445 0.0114356279 1.70359755 0.395486295 0.653200984
    0.0228818059 1.38895667 0.387618065 0.840528071 1.52972841
    -0.0287221074 -0.322212785 0.752121329 0.419775903 0.887562156
    0.776920974 1.21073151 1.24909854 0.015221417 0.499817193
    0.0732367039 0.905688345 -0.333331376 -0.381100982 0.390152395
    0.503947318 1.04696202 0.176768243 0.55479461 -0.374857545
    0.704833508 1.28235745 1.18536067 1.35756922 0.52028358 1.05080557
    -0.352546245 -0.187383711 0.497026205 0.548905075 0.471206307
    -0.155533135 -0.348392814 1.48699212 0.923190773 1.14501071
    1.35226083 0.612255871 0.253887892 0.284660757 0.442707717
    -0.35425368 0.154094636 0.0393770337 0.678181648 0.729088843
    1.51999176 0.959230423 0.583529234 0.363909006 -0.654247046
    -0.734337151 1.23242044 -0.456081718 0.754128218 -0.511713982
    -0.246378124 0.639907837 -0.025749445 -0.423557252 0.689985454
    0.943051934 0.405047655 0.564384699 0.421562672 1.6055162
    0.107865095 1.66140866 1.33358073 -0.281713247 -0.337940693
    -0.231610775 0.0499436855 1.09768784 -0.358359009 -0.360490769
    -0.27847293 0.569092274 0.383916676 -0.457329631 -0.392919689
    -0.463004798 -0.123919666 1.41321719 -0.141581297 -0.40675959
    1.10201812 0.284871519 -0.495159388 1.30422974 0.72931087
    -0.311080903 0.919256032 0.0966034532 1.7261138 0.16959548
    1.23141122 -0.0125187635 -0.45875439 -0.194640875 1.21541333
    0.346882105 1.17037153 0.823439121 -0.361309677 1.30400288
    -0.212311804 0.393054724 -0.466206074 1.52891922 0.899718463
    -0.194533288 0.649912298 0.394370377 -0.0847175121 -0.416151106
    1.00859022 -0.619310737 0.722161651 -0.140909702 1.95280385
    1.52157474 1.04361892 0.469787657 0.584744513 1.19981074 1.68159199
    -0.350618243 0.046874702 -0.39775762 0.404485106 -0.656853855
    0.631091893 1.13006639 0.925009191 1.36823571 0.79414916
    -0.215662777 0.334520996 -0.314414382 0.300507247 1.07096994
    0.139980435 1.44824564 -0.542835474 0.610054851 0.608476698
    -0.0265909433 1.31067097 0.59006983 1.4285388 1.00930679 0.413601637
    0.417217076 -0.0279724598 0.980173707 1.57737136 0.267704487
    0.0229405761 0.0730466247 0.116426885 1.79853702 0.375511467
    0.559730172 -0.208866328 0.13242358 0.729911685 1.49885583
    -0.165233433 0.806133449 0.301792562 0.807093322 1.20370698
    1.22604871 0.0747964382 -0.260571599 0.729083836 -0.448256522
    1.81265783 -0.269322217 1.07679069 0.158115864 1.14645672 1.729267
    -0.316663593 -0.138190746 1.60238266 0.654434144 1.33426952
    1.50396681 -0.574320972 1.20182312 1.60695887 -0.700417459
    -0.305397034 -0.283663034 0.864327729 0.323786855 0.588750124
    0.238803983 -0.546552598 -0.153289795 -0.515931487 0.275611937
    0.839011014 -0.313800514 0.805744648 0.553049982 -0.0817633271
    1.29243565 -0.645871878 0.635589361 0.165278733 0.932952762
    -0.0833855867 0.359754682 0.107444763 -0.326305002 1.52046788
    0.214461982 0.41435945 0.979479015 0.738892496 1.69304073
    -0.256591886 -0.0246463418 0.552273333 -0.554445863 0.642785251
    -0.133782029 0.642514408 -0.409466863 1.61592722 0.970444381
    0.20531553 -0.381254435 -0.0208846927 -0.243331999 -0.45738858
    0.428844988 1.37300825 0.275390208 1.54112363 1.12956452
    0.0940623283 0.707962811 -0.0608791709 1.7557683 0.9522717
    -0.484072477 -0.579614043 0.508626342 -0.357160002 -0.031294167
    1.14104819 -0.370129496 0.592935205 0.0498473048 1.21994495
    0.348757803 1.24365246 0.256332934 1.54632616 -0.0378959775
    1.77480853 -0.567970097 -0.247727126 0.625879526 -0.200455189
    0.869325042 1.40182447 -0.033885777 0.870504975 0.130592704
    -0.39765054 0.915059149 1.4977231 -0.0485420227 0.00468289852
    0.705235481 0.712781191 1.5099256 1.27342081 1.70571494 -0.235646397
    0.958471596 0.927350581 1.098382 -0.184146166 -0.3912521 1.3165555
    -0.552466035 1.60344791 0.225732505 -0.123942494 0.740326941
    -0.546365976 -0.108916283 -0.477256477 0.326259494 1.07465196
    -0.395025522 -0.117765129 0.550523221 -0.477531791 0.315155685
    0.767716467 1.07745075 0.239074886 0.319947064 0.00715464354
    1.38489175 1.05106664 -0.729735494 1.04560661 -0.116448581
    0.881459177 0.153782129 0.571280599 0.0580728054 -0.432409883
    -0.0898147821 1.46694422 0.105650544 -0.455973655 0.315771282
    1.69168234 1.22419381 -0.474583358 1.25275993 0.000559270382
    1.35236239 0.455488741 0.786649823 -0.678153455 0.428795457
    -0.402869731 1.74419069 1.34834123 -0.456481636 -0.0656610131
    0.606099129 1.59975576 1.24059486 1.57006025 0.693571627
    -0.258165061 0.169760346 1.41908836 -0.64271462 -0.676802039
    1.56849527 0.365933895 0.00689274073 -0.0392761827 0.222475886
    0.184931934 0.148321807 0.469552577 -0.173199117 0.807726562
    -0.403701127 -0.656116724 1.71404433 0.298569202 0.461093903
    -0.444890469 -0.601133049 0.108703077 0.146552801 -0.386316866
    0.362049341 1.27461886 1.38313663 1.61465847 1.04070139 0.720346391
    1.4966712 0.407808781 1.09377503 1.69734097 1.65084624 0.295036197
    -0.256344259 -0.432977378 1.1345489 0.757143617 -0.620157421
    0.831043959 -0.790210605 1.64435899 1.12880492 1.55835998 1.4936558
    0.246741235 0.484130085 1.2944752 1.60208201 1.32162654 1.02765512
    -0.816384315 0.749873042 1.47123086 0.793072045 1.30323172
    -0.03505373 0.24360019 0.521828473 -0.389183491 0.177524805
    1.53928888 0.401094913 -0.655263066 -0.59499222 1.83649611
    -0.449904591 1.62012982 0.345291913 -0.543206513 -0.464283586
    0.23700434 -0.687358499 -0.308488965 1.57900047 1.45124507
    0.897030175 0.517046213 1.0878818 0.300022364 1.36002493 0.241688132
    0.391579807 -0.168206632 -0.186231077 1.28340983 -0.466179222
    -0.344593525 1.41481948 0.76326853 0.302909791 0.134358406
    1.02260661 -0.199952126 -0.0802999735 -0.108074605 0.022429049
    0.880744338 -0.137876153 0.285884619 -0.140702605 1.74800515
    1.4741205 -0.228446186 1.16346598 1.18836594 -0.333780795
    0.620574653 -0.702193439 1.46375179 1.5098846 0.236131907
    0.478024662 0.947310567 0.196652889 0.765865624 1.61774111
    0.70530659 -0.595168948 0.789542615 0.664195061 1.24134743
    0.547670305 -0.418669045 -0.164671242 1.41245365 1.16155624
    -0.679757357 1.44820726 1.15384197 -0.290845484 1.55779791
    0.615407765 -0.250941664 0.526029885 1.3225199 -0.456633002
    1.7171042 -0.51361227 1.41862595 -0.28314659 1.17072535 1.83949411
    0.472438633 0.534768581 0.711025655 1.61559057 -0.668049932
    1.38164282 1.76186442 -0.504118919 0.351290405 -0.101170599
    -0.36115104 -0.450017035 0.959214032 -0.22545445 0.54594022
    -0.384168595 0.317008376 1.16609704 0.944381475 0.206192732
    0.861011565 1.41147137 0.637049794 0.226004779 -0.24825424
    1.26874268 0.450407505 -0.576799035 -0.405028194 0.692689538
    -0.193134546 1.45575094 -0.261526823 0.972754776 0.855200648
    1.65855646 -0.0719873905 1.68105674 0.121661305 1.24327338
    0.0719659925 1.50599372 1.51062775 -0.438850939 0.529664099
    -0.787142813 -0.495674253 1.05872345 0.715516925 0.305191457
    0.176419079 1.1017493 0.157590866 0.929154158 1.48105502 0.474649191
    1.2637006 0.117494822 -0.184790611 1.28013337 1.14273024 1.60291755
    1.15554142 0.699198902 1.23864722 -0.621808708 0.311658382
    0.159249604 0.337192178 0.756375015 0.887206554 1.39882565
    -0.353446543 0.797764301 0.455333054 -0.0779076219 1.62455845
    0.80749464 0.525657892 1.04807043 0.461672068 1.10384524
    0.0373774767 1.13591731 1.14299917 0.480089307 0.290071487 1.392097
    0.951526821 -0.44479537 -0.325436532 0.659209132 1.45821214
    0.756007373 0.896402299 -0.772819579 0.561389565 1.25792217
    -0.0726604462 -0.0851958394 1.10211897 0.940565705 0.745503068
    1.16913152 -0.674744427 -0.0944415331 1.66831625 -0.711820185
    1.43206847 1.59860587 0.0756371021 -0.189163089 -0.117572606
    -0.484051853 0.406592727 0.139442325 0.280307531 1.3833617
    1.38874781 1.41280413 0.252128541 0.146836996 1.45747399
    -0.681697428 0.455345333 0.971504986 0.115530849 1.3287245
    -0.066221118 0.179118931 0.241560936 0.884149313 -0.28826347
    1.66734409 1.67935014 0.178479195 0.458971322 0.777396858 1.09456134
    0.762789309 -0.44891119 1.47550678 0.780324101 -0.573970079
    -0.230412006 -0.228603482 1.13112259 -0.185806155 1.297791
    0.901252687 -0.0333400369 0.462531865 -0.440608382 -0.246662915
    0.617119491 0.740620792 0.768346846 0.0823837519 0.729578614
    1.33842087 -0.0625228286 0.807552218 0.128727794 0.849427342
    1.1939342 -0.0461316109 1.50413775 1.01725388 -0.368356377
    -0.423031151 1.04721582 1.55137634 0.144376636 1.22292769 1.16256714
    1.12980843 1.21616411 -0.207634807 0.580635667 -0.214357615
    1.20751941 0.466256857 -0.0452898145 -0.107041597 0.329268098
    1.37805665 0.878924012 -0.0666223764 0.60896951 0.618313789
    0.046751678 0.087726891 0.223263979 -0.113019288 0.727983117
    1.49585724 1.32443428 -0.392314941 0.6112234 0.347064435 0.363632321
    0.87824446 -0.137754023 1.5252943 1.39588356 0.595293164 1.57019877
    1.72555578 0.112238884 1.22575188 -0.340655476 1.43744516
    -0.224485308 -0.632534921 1.39535952 -0.0798778534 0.585046411
    0.159971893 1.39474845 -0.481373191 0.164542198 0.807953298
    0.98848778 1.58032084 0.0907223225 -0.104358673 0.95387888
    -0.510642827 0.262449026 -0.398655832 -0.122177541 0.226358891
    1.23254144 -0.12232101 0.575319231 -0.217962801 0.433995366
    1.30922604 -0.409923404 1.16298604 0.910799563 1.18917894
    0.671732426 -0.42833364 0.17630285 1.13259292 0.258513391
    -0.532895625 0.905318141 0.435804725 -0.165605426 0.46947372
    1.28366494 0.49749893 -0.152534544 0.221675038 0.118948042
    -0.606791854 -0.555973113 -0.461158633 0.0686625242 -0.346582651
    1.41683507 0.930629313 0.0318721533 -0.402853578 1.73852563
    0.132942975 1.35052705 -0.34179461 1.07749188 1.5489794 1.4464047
    0.171586454 0.97792381 0.802401662 0.261233151 -0.252485871
    1.31582201 1.41414332 1.08790541 1.27733421 -0.00735467672
    1.46601343 0.941998661 0.498423636 0.126336515 0.863239288
    -0.0529561639 0.565007091 0.782492876 0.0959852338 0.900466084
    -0.0282562971 0.900947869 1.51508212 0.915739238 0.587230206
    0.30843538 -0.457770944 1.00178981 0.404193461 1.37795448
    -0.100859225 0.369527876 0.865352511 0.478538752 0.804827511
    -0.120556414 0.153802991 -0.448445559 -0.522930801 1.22937393
    0.935061276 -0.467775702 -0.0601561666 -0.0103139877 1.66789091
    1.47081006 0.23136425 0.687204659 -0.572076142 0.156825006
    -0.169808567 0.796421528 1.08542132 0.593620956 -0.576552868
    1.50249267 0.581372201 -0.470041871 1.59790373 1.25413346
    0.792774498 0.683469355 0.745043039 -0.127954304 -0.0449091792
    1.22878242 1.68776155 1.18280959 0.877133131 -0.656571388
    0.0588226914 1.42524445 -0.31724149 0.826399624 1.47708058
    1.29975843 0.649849117 -0.420304924 0.880220711 1.31518269
    0.714425266 1.49066734 -0.197043836 1.1076076 0.0346087813
    -0.293105513 1.68089819 -0.4907628 0.57383728 1.55232954 0.845181346
    1.05633044 0.998845518 0.080309093 0.612277031 -0.223549545
    1.30140996 0.169525385 0.425206304 0.693874061 -0.592298865
    0.706599712 1.12258339 -0.594188273 0.229638517 1.72289276
    -0.516221881 0.474769115 -0.0559737086 0.499395132 0.296060324
    0.645178258 0.0201171637 1.4514997 1.76857638 0.566781878
    -0.266442597 1.10492086 1.17983079 -0.0133986473 0.390632153
    0.929065704 0.273557127 1.25393271 1.19128871 0.731990516
    -0.324310899 1.37418127 -0.68323946 -0.325922608 0.1859411
    0.206723511 1.30649233 0.0811475515 -0.24664554 1.11312318
    -0.542223692 1.15500951 0.553086698 1.33951211 1.16041851 0.75308454
    1.50762498 1.49139047 0.0747992992 -0.262150645 -0.610123873
    0.162876725 1.23730981 -0.53168273 0.307308793 -0.610744357
    0.680682123 0.941894054 -0.452034622 1.30334151 0.00209200382
    0.421081364 0.489948153 -0.316576511 1.52358723 0.43877846
    -0.0658236146 -0.642129481 -0.624725163 1.77839708 -0.398876637
    0.821158826 0.256344795 0.713235497 1.73089898 -0.715150237 1.507792
    0.49090749 1.42268038 0.305056512 1.26588786 1.60639977 -0.536694884
    1.08808446 -0.551517844 1.0893507 0.192725241 0.403469443
    0.681806922 -0.112501502 0.7819556 1.08763051 0.450233221
    -0.701431274 0.388782501 1.70771503 -0.653449357 -0.00723135471
    -0.102153957 1.57608819 1.42469931 -0.088837266 1.43075442
    1.33341956 0.343399823 0.411352754 1.62350202 0.262737513 0.10408175
    1.02536511 1.53769958 0.192683697 1.0349102 -0.213806629
    -0.0767045021 1.43762398 0.926669598 0.806176603 -0.232832134
    1.28905606 1.2215209 -0.161272407 1.48002267 0.392046809 1.16878128
    0.425318122 -0.0434325933 1.29676843 -0.325365424 -0.294915885
    -0.374564379 1.85274839 0.0162646174 -0.0499134064 1.09005404
    1.22492635 1.69199514 0.733752549 0.249872506 1.63445294 0.19241333
    -0.631911755 1.23932052 1.56058478 1.04867625 -0.352417886
    1.50968432 -0.0317630172 0.833229363 1.67316794 1.78363264
    -0.529367447 1.39941549 0.659735978 1.09839118 -0.220299631
    0.598438621 0.948117137 0.85891223 1.28104568 -0.784098029
    0.0230474472 1.41766644 -0.625784338 -0.212514699 0.00162369013
    1.59171176 1.17597687 0.965711236 -0.811886191 -0.790669858
    0.507034719 0.146094382 -0.109390676 0.46761483 -0.63926959
    0.0236221552 0.65515691 1.38659847 -0.251999974 -0.146247566
    1.2812891 -0.359730452 0.00646829605 0.859215081 -0.323888004
    1.61966133 1.5154916 0.281110883 0.10947746 -0.7508322 0.936340034
    0.355176687 0.239550948 0.95934695 -0.0810035467 0.851598442
    0.152306378 -0.137936354 0.0501235127 0.79617244 -0.509738147
    0.0397558212 1.17193937 -0.275337338 0.727862418 1.69256473
    1.30062544 1.03710532 1.6981504 1.09339523 0.828163683 1.68727124
    -0.596881509 0.32126081 0.869135797 1.42317414 0.0131796598
    0.416123986 0.246791482 0.444991052 0.884664834 0.997198522
    0.134972155 -0.627576828 0.289424658 -0.576107383 1.12654448
    0.200600564 1.24974799 0.519540906 1.19732594 -0.410490155
    1.43611491 1.17361856 -0.259702921 1.23847628 0.450966537
    0.0827580094 1.52690625 -0.200086653 -0.600776792 1.30754101
    1.27731419 1.42064357 1.27518809 -0.131760716 0.108583689
    0.0928928852 0.977948308 0.605606914 1.46739471 0.088567853
    -0.280516624 -0.175417185 -0.735236526 1.58458734 0.613635302
    0.511588216 1.70149755 -0.745276928 0.532951236 1.19134891
    0.581301153 1.59007835 1.29345727 1.79489326 1.36539531 -0.40783006
    0.225353062 0.240163326 1.48238826 -0.044329226 -0.43756032
    0.380886197 -0.692712426 1.39199352 0.0587947965 0.929375768
    0.0444547534 -0.55701524 0.693518043 0.630651712 0.0366218388
    1.09262681 -0.0850585103 -0.527495861 0.885328829 -0.293271631
    1.70980239 0.427053511 0.264046907 0.943324268 -0.148847163
    0.158060551 -0.230196744 -0.369617164 0.999696374 0.839231908
    -0.178117275 -0.219474256 0.204056561 0.79750526 0.482804418
    0.706963122 0.496975839 0.00727778673 0.883181691 1.07815409
    1.63233149 -0.580600381 1.1216867 1.48358965 0.834892869 1.64147496
    0.939513087 -0.279082477 0.147130728 -0.762328029 1.26040769
    1.34029448 1.03355598 -0.465845376 0.476475954 1.44987249 1.34359407
    1.56349635 1.49853539 0.0551170111 1.30337906 -0.373356164
    0.0209648013 1.5343039 1.07021046 1.42725098 -0.193260014
    0.289165378 1.27906525 0.71799624 1.28720295 -0.594462335
    -0.515632868 0.408573627 -0.232914805 1.54044735 0.466705143
    0.705086708 -0.76923722 1.16190124 -0.696290612 0.537016213
    -0.562192321 0.536792994 1.16340613 -0.445679575 1.39267182
    1.74012434 -0.0513271093 0.298726141 1.54995394 0.515022635
    -0.569909334 0.26092273 -0.252924651 0.412090421 0.794405222
    1.02394748 -0.556532323 0.968982637 0.0497094989 1.2414037
    1.20762694 1.2523787 0.850719273 0.740098178 1.63489318 0.818957627
    0.623303294 -0.285995185 1.04593241 -0.75820601 1.32019448 1.0299859
    0.487423539 -0.172118783 0.455077648 -0.266500175 0.397668123
    -0.0777173042 0.214079261 1.51670814 1.18069005 -0.48258093
    1.36521292 -0.367625624 1.13915777 -0.616365194 0.125101686
    -0.335689753 0.530914605 0.157769918 -0.173885584 -0.346393466
    1.24386954 1.56091738 -0.634626687 -0.61454159 -0.531469107
    -0.424566507 -0.585635304 1.04543877 0.00786983967 0.688093722
    -0.388435811 0.81706953 -0.67697221 1.58605194 1.13947177
    0.334008098 0.679304361 1.55518818 0.360818624 0.15601629
    -0.434369236 1.23152637 0.369497716 0.247301996 1.10500729
    0.921521485 -0.2283023 1.27411747 1.24718261 -0.0205603838
    1.23470533 -0.409086496 0.552232862 0.068572998 0.511651039
    -0.727427781 1.58015251 0.802093744 0.647895515 0.215108037
    1.45988166 0.0783962607 0.949749827 1.62513089 -0.219953001
    -0.410523772 -0.377912194 1.64077115 0.676815748 0.114896119
    0.396634817 0.710291207 1.52251458 -0.297767997 0.728248656
    0.246054411 -0.434842974 0.492623448 -0.151696563 0.896021068
    0.65520972 -0.405509233 0.907500446 1.34693313 -0.541435957
    0.0296581984 0.893306136 0.0321695209 0.877845764 -0.683856964
    0.621801257 1.69330418 -0.756636024 0.952466846 -0.0947992802
    0.677599847 0.648174107 -0.262796998 0.648376703 -0.185959458
    0.141998827 0.911289752 1.28972375 -0.181766748 -0.0981873274
    1.00023985 -0.753332496 0.133514345 0.0487416983 -0.591540217
    0.227379858 0.940500319 1.0279727 1.6230278 -0.160882831 1.40405869
    1.43684959 1.10403919 -0.502342224 -0.706862271 0.19517678
    0.140104651 1.56176591 -0.138118327 1.00516772 0.856662095
    1.25687754 1.43250883 1.544806 1.02829313 0.570378661 1.3845278
    0.660798192 1.10888398 1.05792129 1.1356039 0.675821066 1.01345432
    0.507731497 -0.349638075 0.0165802836 -0.437759817 -0.324337423
    -0.375178188 -0.216954798 1.39182591 -0.584890127 0.00443792343
    1.02127504 1.22176933 1.25371099 0.235581398 1.07015276 0.560134888
    1.3949095 -0.370031565 0.743692875 -0.513054848 0.399401665
    -0.138355672 -0.256783783 1.28810835 1.58984268 1.30182278
    0.800180912 1.03330159 0.944375098 -0.0639107227 -0.0299552083
    1.32470298 1.48230743 -0.52707541 0.346481681 -0.262357116
    -0.640481472 -0.639834464 0.675577879 -0.442214012 0.0260499716
    -0.3362858 0.26063019 1.17528105 -0.561132669 -0.422269911
    1.12735534 -0.124369323 -0.206809878 1.62079847 1.24884152
    0.567304015 1.47082734 -0.137870014 1.61343932 0.499775946
    0.0950916409 0.260665834 1.5389843 -0.456387073 1.55216873
    1.56219888 0.444118738 -0.0125573874 -0.239851832 0.381631017
    -0.527068853 0.663659096 0.273095369 -0.691817582 -0.0464000106
    0.319473028 1.71128798 1.5802356 -0.588078201 1.34570718 0.801321924
    1.58010483 0.0169329643 0.861192465 1.3323195 1.21389365
    -0.0364694595 1.17505765 0.363703012 0.92823118 0.108413279
    0.844215393 0.0661696792 0.23966068 -0.497198582 -0.119484663
    -0.682095647 -0.0305088758 -0.190703481 0.388188124 -0.529073358
    -0.406028837 1.62321115 0.00884485245 0.15661484 1.49076211
    -0.0459931493 -0.0164032578 1.08274734 0.406480134 1.13622832
    1.06638837 1.62256527 -0.690263748 -0.0655357242 1.13155246
    1.30009282 0.879536867 1.46960568 1.16789651 -0.711124539 1.08504152
    1.13803291 0.680746973 1.23483777 0.074544549 0.667281508
    0.194562554 0.556389451 -0.0340291262 -0.687071562 -0.224115163
    -0.609999359 1.62239194 0.778282464 0.206043124 0.422297239
    1.31518424 1.69438004 0.431000233 0.805022478 0.443109989
    0.0831578374 0.190284252 0.158035934 -0.582823038 1.68900943
    -0.579521358 0.853114545 -0.369611919 0.474674881 0.985883951
    1.48780763 1.53806186 -0.67845422 0.695159733 -0.376160353
    -0.744860053 -0.363995969 0.0443528295 1.33408487 1.36526704
    -0.705222607 1.02603269 0.854113102 1.28535557 0.314225018
    1.07971644 1.20685124 0.642751873 1.17788672 -0.772025168 1.41157162
    -0.296872973 -0.208381236 1.19529486 1.65554261 1.53184891
    0.821369052 0.34006083 1.11399698 1.18957925 0.436099946 0.422822714
    -0.0317351818 0.444012761 1.33676803 0.983862102 0.511524558
    1.44887495 -0.223567188 0.0966267586 1.25014901 -0.685542762
    1.72511029 0.00575995445 0.150297701 0.489091992 0.0661503673
    1.60120225 0.757070959 0.567068815 0.593037069 0.721532285
    0.460382283 -0.581825137 0.687618673 -0.171579778 1.61942887
    0.55674988 -0.0360373259 -0.0296654701 0.455612898 0.0880748034
    1.60116649 0.487569094 0.218110442 1.12695432 1.29573953
    0.0507602692 0.766984105 1.23825562 0.903367162 -0.588189483
    1.37107754 0.690278471 -0.0647987127 0.28659451 0.496777058
    1.13473594 0.789679766 1.60997009 1.54601359 0.427325249 0.5156973
    0.775268674 0.843484402 0.0433689952 1.54504013 -0.529776156
    1.75149727 -0.664663076 0.218460381 0.582413316 0.0424882174
    0.595140994 -0.685711026 1.50765002 0.505719781 1.64752316
    0.654122472 -0.428125024 0.497150183 -0.0626837611 0.0984190702
    0.482742608 -0.424013168 0.687795222 -0.471575111 1.53741717
    0.0462536216 -0.673079312 1.66389513 0.399303079 1.78079891
    0.548378587 -0.542967796 0.477031708 1.07865191 -0.126573801
    -0.282189041 0.0179792643 0.40927732 -0.612709343 1.53446984
    0.326287448 1.6440866 0.969937086 1.65431297 0.0851578116 1.23243213
    1.30520415 1.53574848 -0.593060613 -0.328112066 -0.417935908
    0.919365108 1.03929234 0.108441591 -0.35458675 1.72568703
    -0.376776874 1.59200048 -0.486731231 -0.47391662 -0.49856174
    0.896190047 -0.58437258 0.409959555 1.42485762 0.968101621
    -0.00667113066 1.42298484 1.47874951 0.609430015 0.625538349
    -0.680811703 1.15400803 -0.457970798 0.373178601 1.26666653
    -0.459639728 -0.0140648484 0.322412908 -0.284463584 -0.224554956
    0.00796437263 1.38387966 0.605107307 0.286883295 -0.142694831
    -0.245330691 0.826297402 0.380895853 -0.380162269 1.00240171
    0.690895557 1.68349564 0.211340189 -0.566188335 -0.347547889
    0.576145113 -0.152519643 0.712218642 1.56485939 0.374597967
    -0.5316149 0.307095826 0.581151724 -0.565504074 0.789192259
    0.64412421 -0.0658774376 -0.0492997169 -0.0768820643 1.5758785
    0.0750431418 0.191120505 0.298689067 0.872395992 1.07527661
    -0.311942935 0.941189528 1.09110808 0.226144135 -0.554050446
    0.687225819 0.373054683 0.0673710704 0.462276995 0.30381608
    -0.142670691 0.61117667 1.2223388 0.0391345024 0.0714152455
    1.40559185 0.672016799 -0.0377213955 1.11392999 -0.410076499
    -0.640491247 0.142623127 -0.00461262465 1.22898531 -0.313565433
    0.232041597 1.67195868 0.881695747 0.17520988 0.187654734 1.55348635
    -0.258946717 -0.277508527 0.689517379 0.322220802 -0.515221834
    0.806598127 0.410638154 -0.0399668217 0.604235768 0.0183764696
    -0.275585413 1.17526579 0.812070549 -0.714407623 0.932765305
    -0.165662587 -0.34476918 1.63518715 1.08522916 1.08371139 1.38000584
    0.0217564106 -0.107171237 1.52701604 -0.133645058 -0.214146972
    -0.701034784 0.333494246 0.969682872 1.59599173 1.04413795
    0.570129335 -0.726941168 0.59264493 1.56538296 0.772388518
    1.63482547 0.297548175 1.67977214 -0.316165984 1.12176955 1.18188953
    1.61457539 0.881992161 0.55446285 0.929377139 0.507241786
    0.332761884 0.743648231 1.70541 -0.631431043 0.60678339 -0.376255602
    0.424767733 -0.069573164 0.955222249 -0.758043587 1.63721085
    -0.0567550659 -0.306079268 0.394134462 1.35236979 -0.199245334
    0.58922857 1.09241009 1.68240237 0.811906159 0.37657696 -0.182820499
    0.697091043 0.910593808 0.567304373 -0.340080649 -0.618088126
    0.259606719 1.49225092 -0.571890593 0.860368848 0.296682417
    0.0270264149 0.811265469 0.86894697 -0.0966264009 -0.0129473209
    -0.0106957555 0.938091576 -0.61701411 -0.221778095 -0.324509412
    0.0542917848 1.41654301 -0.210354865 0.542136669 1.47136593
    0.666812181 1.25766397 0.199219584 0.864823163 1.34757721 1.23329508
    1.29611218 0.885115266 1.52334511 1.52419257 -0.623372555
    -0.369161755 1.28925765 0.0107877851 0.554558814 -0.614416361
    1.5858568 0.479849637 -0.576183617 0.479234457 0.597257793
    0.18556428 1.81665516 0.381672502 1.75166678 1.19061422 0.338974059
    0.991559029 0.122243106 0.23611182 -0.246403217 -0.312934667
    0.114221752 1.17247725 0.526508093 1.22490036 1.56996202 1.14144993
    0.657455564 0.508259356 -0.0337299705 -0.1301983 0.368231118
    -0.3634471 -0.423303127 0.705602705 0.193477094 -0.546586752
    0.0750745535 0.0168063045 1.20293093 -0.677844703 1.11009216
    1.49549508 -0.0868524313 -0.351284951 1.06299973 -0.0996619165
    1.39011312 -0.298262537 -0.674322665 1.15368104 1.28398216
    1.59303641 1.33723295 1.5796119 0.337142944 -0.256695867 -0.41648832
    0.447344005 1.20211351 -0.518592834 0.0163478255 1.24136472
    0.69493109 0.515382171 1.05663276 -0.204388529 1.21268129
    -0.606266558 1.65151381 1.46123421 0.817641079 0.226683438
    0.0232058167 -0.515816033 1.26606274 0.246913433 0.775538802
    0.828548551 -0.121493161 0.518113613 0.402997017 -0.172976553
    1.50068855 1.65868688 0.0238854885 0.59069401 0.934284806
    0.598866999 0.629933417 -0.606746018 1.44486117 1.18527651
    1.77143312 -0.693299115 0.377009869 1.69290566 0.867787421
    -0.142461061 0.904357433 0.791500628 -0.371881992 -0.184555829
    -0.532025695 0.932733834 0.558938086 0.240399778 0.801303029
    1.02590454 -0.0575481653 1.12806737 1.09314513 0.581241786
    1.01802754 0.302213252 -0.631347418 1.16175127 0.432091951
    0.586069882 1.46457386 0.503440738 1.25524163 0.473683953
    -0.429302365 0.305642784 1.75382817 1.00264835 0.19379282
    -0.397070229 0.600809515 0.0215027928 -0.104601324 -0.0403514504
    -0.242796063 1.63081276 0.124498308 0.339051247 1.08602214
    -0.647777021 -0.404831767 1.59757125 0.531725943 0.632506073
    1.13287783 -0.164738238 1.11676145 0.289773822 0.362771809
    0.105382383 0.547478676 0.952580035 1.45819104 -0.294451535
    0.619361579 -0.489194095 1.59568167 0.720708013 -0.176829755
    0.924160779 0.11570704 0.867110848 1.3986125 1.07210326 0.502739668
    -0.227420866 1.04922652 -0.432040006 -0.488891542 1.29926658
    0.640659153 -0.363540828 1.08054197 0.58260572 0.667488933
    1.02632451 1.39463425 1.01206148 0.271697044 0.732322991 0.683783412
    0.633647025 -0.289260477 0.927756965 1.09134245 1.72379613
    0.651514351 -0.622937441 -0.118304372 0.484759152 0.00634610653
    1.57070613 0.209746897 -0.216523767 -0.133100867 0.0987637043
    0.11158973 1.46974158 0.546676695 0.598695517 -0.486053765
    1.09226942 1.54407322 0.496861815 -0.166948676 -0.687964678
    0.336248398 0.821110487 0.0127454996 0.197872341 -0.244025886
    1.25456154 -0.568606019 1.69259548 0.529431403 -0.721156836
    -0.160969973 0.649476707 0.951117814 0.247208536 0.999028146
    -0.267373204 -0.285876125 0.656015635 0.997624576 -0.0563152432
    1.3635416 0.357823372 -0.339355856 1.56491625 0.176365077 1.52127743
    -0.619893312 0.0558093786 0.0525442362 0.978076577 0.6098122
    0.431085825 0.835877419 0.353971481 0.829917729 0.773477852
    1.10760236 1.57047892 0.0449564457 -0.396095693 1.68711877
    -0.334628314 0.378489971 1.50130832 -0.309924066 0.277487516
    0.748719335 0.0866552591 0.900552869 0.0962804556 0.380129933
    0.227604032 -0.490341455 0.287256241 0.0166345835 0.194492757
    0.805460453 -0.478477776 0.148712397 0.644749343 -0.640741229
    0.94280529 -0.610180438 1.4110539 -0.698457837 0.560230434
    0.307034671 -0.110179961 1.05001783 -0.198346496 -0.0716533661
    1.42390728 0.859218955 1.7455852 0.459353149 0.393806279
    -0.486419648 -0.672521651 -0.206224978 -0.383663714 1.47101307
    1.02267814 -0.694647372 1.54900753 1.7051425 -0.441966146
    -0.519630969 -0.233133763 0.730994225 0.583056271 0.933894634
    1.45294774 -0.562604368 1.12422526 0.329208672 1.56823826 1.07710004
    1.13226223 0.993284404 0.92956394 -0.113299131 0.885833919
    0.128573358 1.14701891 1.56433499 1.16849971 -0.330424905
    -0.000836253166 0.962347448 0.0312456489 0.458216012 1.31743813
    1.63592684 -0.00841522217 1.14063621 0.190208554 0.310617983
    -0.563913524 1.72572207 0.997061312 1.19178069 -0.280082047
    -0.362192482 0.444674373 -0.559602559 0.750105858 0.24970001
    0.880662918 0.130164623 -0.473496169 1.22281575 0.848953724
    1.40581107 -0.207120478 1.20943069 1.01364362 0.718574464
    0.0104768276 -0.580702305 1.29068494 1.67113829 -0.147049725
    0.0209736228 0.132389247 0.168076098 1.5848937 -0.186237156
    -0.430983514 0.369158983 1.38858175 -0.0775411725 0.740686178
    1.46162033 -0.35459277 0.0184035301 0.993900895 0.663658798
    1.5541383 0.682561398 -0.32803148 1.67670536 0.751705706 1.67516148
    1.01088238 0.295170128 -0.597624719 -0.219045818 -0.769989073
    0.663441598 1.60821092 1.48630548 0.896623015 0.210544467 0.16260463
    0.280824423 0.799141943 -0.136826932 0.689808667 0.593569458
    -0.417146057 0.603389025 0.706353486 1.43421423 1.67940629
    -0.182109654 1.56781173 0.0245420337 -0.124925613 0.761727154
    1.58890676 1.22037053 0.634518504 0.489184141 1.18674445 0.397312224
    1.47929347 -0.455005378 -0.248306453 1.277987 -0.391252041
    1.40511107 1.03785622 -0.265512049 1.60099185 0.50254482 1.76231003
    1.46950889 1.27255225 0.721773386 0.0857458711 -0.510538638
    0.683884621 1.66474593 -0.19086957 0.717692256 0.79308629 1.54599118
    1.56095886 1.35981274 -0.180199504 1.13638401 0.485572815
    0.274335742 -0.308921725 -0.402912557 1.07762456 -0.632787466
    1.76029789 -0.582067907 -0.684865713 -0.511693358 1.34030414
    -0.518596292 0.307430506 0.449567258 0.076187253 0.707927465
    0.624396026 1.63652885 0.02835989 -0.183978617 1.23722291
    0.104976237 -0.128424585 -0.684103251 0.0113286972 1.61725795
    -0.334692657 0.706925094 1.48358297 -0.0127049088 -0.416143745
    1.43636966 0.87229538 0.592882156 0.403133512 -0.568466425
    1.33279729 1.72065043 -0.227368474 0.83228308 0.909442425
    0.572756886 -0.6155864 0.644069612 0.795614243 -0.202946365
    1.49622345 1.20551407 1.02268004 0.333702981 1.0191052 0.426747918
    1.48385286 -0.371645689 1.34643769 -0.615700662 1.06650305
    -0.178834319 -0.359265506 1.00398135 0.884813428 0.586133897
    -0.151820302 1.23179531 1.51017272 0.435751379 1.15867019 1.53645515
    0.577730715 -0.0547817349 0.757460296 1.43502712 -0.0431674719
    1.37363446 -0.595402181 -0.720938385 0.954830468 1.31424999
    -0.78024441 -0.567271948 1.73007405 -0.248885334 1.3302989
    0.54423064 0.321010351 -0.429899007 -0.566608429 1.07798386
    0.58381927 0.465658963 -0.424404562 1.18531156 -0.00678288937
    1.00722671 -0.0257999897 0.645163357 1.20211995 0.627117515
    0.0187088847 0.358907759 -0.468778282 -0.636147916 1.47243571
    0.92293638 -0.219827473 -0.490854144 1.47961259 -0.609552264
    0.430570722 -0.110896111 1.69044161 -0.233414561 -0.677846551
    0.664496541 0.740758359 -0.549550474 1.27237678 0.857687235
    1.18919551 1.21954656 -0.119163096 1.72007549 1.78153861 0.841002047
    0.621326745 -0.329778701 0.411281765 0.0997255445 0.143326342
    -0.220459223 0.751367092 1.78874409 1.62191534 1.57051432
    0.701824069 0.639300048 -0.124804258 1.13513756 0.207411647
    -0.621003032 -0.0974891186 0.202686071 0.181052625 -0.0558933616
    0.0265083909 1.80627108 0.774502575 0.570250571 0.0503709912
    -0.435299754 1.64247072 -0.483323663 1.12523901 0.341528237
    1.5993377 1.11436033 0.409805655 0.126531243 -0.638055444
    -0.660528302 -0.088265121 0.388399959 0.164848924 1.16385269
    0.206391156 0.496605158 -0.0256031752 0.28951782 1.21165919
    0.528784692 -0.629606247 -0.132505357 0.878524482 0.320740163
    0.373926461 -0.733692408 -0.640073836 0.438592672 0.987000823
    0.000573277473 0.443942606 -0.370574325 0.869760513 1.6157136
    0.300742626 0.169353068 -0.455633074 0.99455601 1.39019084
    1.34596562 0.892589331 -0.230250269 -0.343288571 -0.292602003
    -0.0536681414 1.52851224 0.84991914 -0.749632239 0.819988728
    -0.437411964 1.6463387 -0.242589861 1.66043258 1.21281481 1.19489145
    0.232275128 0.0887123346 0.985793233 -0.120497584 0.572152674
    0.119265854 0.400776505 -0.274833679 1.13181865 0.469635308
    1.27875686 -0.507880807 -0.117583156 0.519812822 -0.77294302
    1.71899867 1.33872807 -0.132331669 -0.105864584 -0.0875357389
    0.335447967 -0.332242876 0.310321927 0.770476103 -0.576583683
    1.23188388 0.179612219 0.885052085 -0.562270641 0.0294736028
    -0.523157597 0.744824648 -0.323414594 1.20859265 0.558128119
    -0.656841099 0.147256911 0.901054084 0.791221499 0.809834778
    -0.184018135 0.822271407 -0.643144369 1.72643709 -0.6753304
    -0.584740758 1.66332865 1.17350352 0.0427455306 1.35599422
    1.58110619 1.26570487 -0.0312333703 0.4589414 -0.0228902102
    0.832626104 0.702075064 0.453586638 0.212705433 0.967032254
    0.770953596 0.65032196 1.18455064 0.0376469493 1.25823998
    0.692375779 1.10827172 -0.447578996 1.01230812 -0.722456694
    -0.623550951 0.151724517 1.25918698 0.970314384 -0.215210229
    -0.146236241 1.18736041 1.00034928 -0.219911098 -0.539066732
    0.093908608 0.38135767 -0.448030174 0.721910059 0.854765892
    0.918183029 0.564384758 0.150247157 1.07506967 1.57098305
    0.553497612 0.287087619 0.174274147 1.13749874 -0.0636771321
    1.40026867 0.73673135 1.46987653 0.191367686 0.633906543 1.70629239
    -0.523400426 1.80388165 1.63470268 -0.287447602 1.18176985
    0.417907715 1.5494709 0.737078488 0.0873952508 1.68563902
    0.0990603566 0.145070076 -0.571048975 0.83754009 0.784274042
    1.23233533 -0.25777483 0.461625814 0.856318295 1.50957799 1.68565392
    -0.0229462981 0.975141644 0.801561832 -0.0924950838 -0.644569278
    -0.0752255917 -0.57635659 -0.588941455 1.04934084 0.787615418
    -0.0358561873 -0.399878979 0.635104775 -0.601489902 0.303573549
    -0.591763616 0.753329217 1.78309655 -0.694505811 0.212523341
    -0.154127002 0.345492542 1.22362137 1.22868764 -0.0107923746
    -0.428331822 -0.463439435 0.684493661 0.594361126 0.601623774
    1.65516078 0.625998497 0.0965542793 0.991345167 1.34466946
    -0.75500375 1.74464655 -0.533135355 -0.615843832 0.33422488
    -0.296345592 1.4421773 1.58849072 1.44212532 0.723832965 0.576473773
    1.51601577 0.785032511 -0.304680675 -0.50379914 0.86204046
    1.24884713 0.190235019 0.0885099173 0.72015816 -0.445554495
    0.870545447 0.343995512 0.332192481 1.66142082 -0.45228976
    1.29733038 0.0868956149 0.585677803 -0.220787227 1.44721603
    0.790401936 1.07962251 0.956429601 0.804076791 0.366911769
    0.218190193 1.38684106 -0.519130945 -0.413687289 -0.461109102
    -0.116149902 -0.57009393 1.13460314 0.447984159 0.426603615
    1.13507938 0.536759198 0.426039279 1.5304563 0.710376382 0.482597649
    1.75102627 -0.377405733 0.175613999 1.71138597 0.75987494 1.35005724
    0.918431222 -0.496387362 0.464713097 1.64936376 1.31429863
    1.14844346 0.0430870652 1.124933 0.750111103 0.225890815 0.189083755
    0.99095124 0.482757568 1.60491896 0.741196096 1.00518763
    -0.339137912 -0.523614407 1.11355686 -0.141988933 -0.258058637
    -0.159220397 1.66023278 -0.3764925 0.581263483 -0.71307224
    1.59266639 0.503828228 -0.631795347 0.49029237 0.0218551159
    1.22035432 0.284329712 0.311109126 -0.541191339 -0.656137288
    0.321808815 0.913160324 1.21265697 1.58790839 1.40924001
    -0.324448526 0.444054842 1.19011998 -0.750622451 0.306269526
    1.27057564 -0.408987433 -0.0360739827 -0.213079274 1.70049024
    0.094214201 0.618402719 -0.0761786103 1.62172556 -0.738386154
    -0.165547788 0.554932177 -0.196272969 -0.230456531 1.41397858
    1.22569191 -0.137736201 -0.489883482 1.56483102 0.71289748
    -0.636944532 1.60901678 0.0746260881 -0.342365474 -0.00219112635
    -0.561448514 0.560112476 0.882979393 1.22279918 1.7078166
    -0.564257264 -0.608935058 1.5406363 0.218940794 -0.647226512
    1.61694336 0.250387907 0.967740357 -0.20888412 1.1311847
    -0.555956423 0.18686384 0.404231846 1.45443368 -0.186023414
    1.06853318 -0.389727175 1.61991549 -0.558138847 -0.135927916
    0.714583457 0.475466311 1.13437486 0.318133652 1.1732887
    -0.171305239 -0.673002839 0.619953632 0.876266539 0.0805494785
    -0.112071514 -0.682548106 0.637955844 0.0695565343 0.162389874
    0.591580153 1.08314025 -0.32714957 0.459068179 0.883647919
    -0.671798766 -0.327943593 0.773381114 0.477270484 0.500730515
    1.07697928 -0.385780305 1.13130867 -0.636791468 1.26894581
    0.249613285 0.258975625 0.959039092 0.589333653 0.341576219
    0.291600645 -0.0525504947 -0.675291479 -0.416876405 1.31602788
    -0.225583136 0.251994193 -0.591631055 1.31207371 0.68945241
    -0.46795854 -0.371529788 -0.412308812 -0.533661127 -0.420682013
    -0.561839223 1.65405571 1.17912471 -0.449126095 1.29759312
    0.749660194 0.655103147 1.54541349 1.54542375 -0.515597224
    1.36922514 0.2461375 0.790011466 1.04321444 1.61662829 0.320523798
    0.58226949 -0.243664265 -0.677848458 -0.393657088 0.359256864
    1.60836792 1.54792929 0.122458875 1.70788598 1.69882965 0.500796735
    0.312818289 1.73066711 1.17889977 0.162853658 1.24893093 0.350866854
    1.79678822 0.957489967 -0.121177256 1.74998593 1.57096851
    -0.232770443 -0.611084819 -0.154514074 0.87113905 0.762278199
    1.26240993 -0.467729032 0.986524999 -0.573003173 1.33926833
    0.940589011 1.40963757 0.701052666 0.701241314 0.0715605617
    1.03598607 1.45584488 0.445859313 1.20324373 0.656654477 0.995602965
    -0.685257435 1.67336071 -0.433718324 0.694035888 -0.346027702
    -0.747694731 0.7801615 0.466195762 -0.679693758 1.15087974
    -0.64333421 1.06891179 1.30048144 0.829055786 0.734041035
    -0.500530601 0.346707523 0.679091692 0.235638678 1.29398608
    0.465684563 0.196866989 0.164952576 -0.486038089 1.44832814
    1.29565465 1.23991048 1.54368091 -0.0677704215 -0.00693196058
    -0.247774273 0.922405243 0.343042791 0.529656827 -0.0577058792
    0.251705766 -0.624472141 -0.456406951 -0.236030787 -0.195646763
    0.480483592 0.843533814 0.815012693 -0.691999555 1.02729583
    1.63035405 1.28594875 -0.332085818 0.521500707 1.55052829
    -0.0271477699 0.268429518 -0.680078924 1.56731427 0.908148348
    0.074450314 1.66198993 1.43746293 0.528206408 0.295321226
    -0.489606738 1.61270189 1.53115463 1.46067417 0.133591354 1.37968183
    0.629002333 -0.0611978769 1.58618355 0.227419436 -0.270484746
    0.692939162 -0.427921176 1.39138758 0.72927326 -0.689432025
    0.953365386 0.939368606 0.703495204 -0.621293306 0.754999578
    0.435749948 0.950385153 -0.230527163 -0.427902102 1.57382345
    1.35175049 0.0219079852 1.39443994 -0.662876964 -0.504138231
    0.403536201 0.323545456 1.03061175 0.52241832 1.30939972
    -0.658841372 0.719602942 1.0265274 1.07878399 0.934668601
    0.0188698173 1.05122554 0.534586012 0.801022649 1.12441206
    -0.705426991 0.8760373 0.163969457 -0.466819018 -0.042696178
    0.55368495 -0.344953001 1.52191305 -0.204116285 -0.17669636
    1.58657098 1.33185768 1.44058633 0.291818082 0.183206916 1.66509724
    -0.178320348 -0.361578256 1.77718925 1.4799571 -0.133385658
    -0.442153543 -0.00994175673 0.669435084 -0.447079718 0.715980649
    -0.245444685 0.311437368 1.41396606 0.682615757 0.116704464
    1.34629202 -0.445580661 0.520196319 0.774564743 0.600082994
    0.326624274 0.558004558 1.18835807 -0.439834803 1.12700701
    0.00303351879 0.812787175 1.62187803 1.68705082 0.296831131
    -0.27313596 1.50925255 -0.412549973 0.7282148 1.45147133
    -0.231370687 0.984690666 0.057985127 1.23589134 0.546925426
    0.465273499 0.845304966 -0.327231288 0.888109505 1.45549476
    -0.678358376 -0.723741055 1.45315385 1.48261428 0.17510891
    1.24145067 0.663066626 1.02686071 0.546647787 1.67656672 0.900994837
    0.1995157 0.567593694 1.2523793 -0.0690251589 1.00261474
    -0.334121823 -0.191923499 0.964529216 0.418907881 0.568087578
    0.740342915 0.523987889 -0.655837834 1.48118401 -0.382947654
    0.815605581 0.599597871 0.287911236 -0.433224529 1.33080029
    1.31430411 1.62894666 0.23818928 0.0332929492 -0.25771606 1.23632932
    1.40468693 0.542084157 1.09550214 -0.38742125 -0.159116387
    1.24559855 1.44738626 -0.429192424 -0.281984329 0.503468633
    0.943764031 0.787078023 0.03845191 -0.3441706 0.483693898 1.43544328
    1.62983155 0.740514219 0.279563785 -0.284809887 1.66032016
    0.0230155587 0.792968988 -0.238683134 0.112185597 -0.211438656
    0.509853303 1.30049658 0.762511134 1.79683328 0.0141610503
    1.33477843 0.0417264104 -0.365838528 0.931671381 -0.227115512
    0.974788725 0.755142689 0.200249016 -0.38753438 0.125427306
    1.53613222 0.303698659 -0.553920031 0.062667191 0.578849554
    1.22914767 0.692630529 1.21088743 0.130825877 -0.480754673
    -0.687353492 0.736774445 -0.714724422 1.59601879 1.39165115
    0.907742739 0.225226223 0.779087663 1.69889903 0.945863247
    0.28216958 1.09858382 -0.302602917 1.1368649 0.0666699409
    0.0297970772 0.869705975 0.647916079 0.796988904 0.642735183
    1.75034475 1.29582405 -0.38951534 -0.21941033 1.60989654
    -0.00267463923 1.23125196 -0.130904675 -0.449987918 1.58489203
    -0.107717335 1.72948873 -0.708696425 0.851539254 0.995151818
    0.200280786 1.12919354 1.19405389 0.691043675 -0.61782223
    0.192934871 -0.0142966509 0.353336811 0.401908934 -0.612551332
    -0.407766461 1.44244182 0.997766197 -0.19772929 1.25427389
    -0.156586707 1.25092375 0.517356694 0.371554017 1.09567022
    -0.103939235 0.360712051 -0.273934633 -0.120111883 1.77471209
    0.0702588558 -0.545565128 0.38744837 0.322567761 -0.437194318
    0.101154506 0.968083739 0.454193711 -0.0477756262 -0.464299828
    0.712634861 0.814094841 -0.665834606 1.02924621 -0.322619617
    0.360377252 0.346289575 0.00726509094 -0.290331811 0.263629615
    -0.364108771 0.529763997 0.130021036 1.11146688 1.0160408
    0.0487747788 1.48957086 -0.218289584 0.285176039 0.495011032
    1.34857225 -0.52300036 -0.58300519 1.06155992 -0.274811685
    0.735802472 1.06643713 1.70579863 1.75360036 0.0204759836
    -0.337130159 -0.389893025 0.281712711 1.68618977 -0.0822270513
    1.44724572 1.07189572 1.51419163 0.883264542 1.54829192 1.05994177
    0.0907134414 0.15106684 0.373670757 -0.227166384 0.0241808295
    0.239611387 0.315390289 0.74580723 0.616264462 1.25282085 1.05876243
    1.46890998 1.0139482 -0.502726674 -0.0910205245 0.615826249
    -0.0256803632 1.2804029 0.311025918 1.04173112 1.04370594
    -0.705681801 0.501182735 1.11575937 -0.168556511 0.875298202
    0.15265578 1.37590933 0.184949279 1.11512995 1.56200361 0.470143557
    -0.645843029 0.469284534 -0.000341892242 0.497595906 1.71323943
    0.282219172 -0.139293611 1.13723695 0.918031693 0.973999143
    -0.357299477 -0.129668713 1.33166921 -0.732238412 0.0647505522
    0.537735641 1.53724134 0.712160826 1.60702491 -0.759299517
    1.38806057 0.818520546 1.74788189 -0.700413942 0.436632574
    -0.310303509 0.810991347 0.436095715 0.656381607 -0.772723556
    0.98840028 0.740304947 0.115877092 -0.0784859061 0.275837898
    0.223131955 1.5759654 1.41137755 0.347014785 -0.418243855
    -0.256085902 0.429208338 1.72498 0.310415387 1.53712869 -0.267622411
    1.58774161 1.56963873 -0.805766702 -0.276381314 1.33311605
    0.221844375 1.17317677 0.945432365 -0.601408303 -0.0454789996
    1.06320691 0.426954925 1.51827836 -0.131195426 -0.594396591
    1.39080775 -0.00265192986 0.803316295 -0.16746217 1.38108206
    0.40148133 0.107623816 -0.0116425157 0.74195832 0.221670091
    1.08815241 0.344807506 0.776432157 -0.240847886 1.07538354
    0.398798585 1.46084332 -0.434139609 0.436421514 0.706021249
    -0.286066324 0.35765022 -0.0561977029 0.882072449 0.00556915998
    -0.253412366 1.46354914 -0.474518269 -0.298859298 -0.126244724
    -0.670375168 -0.265458882 0.466893733 1.04794335 -0.373859972
    0.846593261 -0.256964922 1.43932843 -0.712601483 1.11424232
    0.528729498 -0.621095419 1.44277298 1.43036652 1.29256535
    -0.294389874 -0.715755939 1.71651912 -0.550913572 0.589273036
    -0.550232172 -0.176445305 -0.395763755 1.58243155 0.300800145
    1.52854192 0.620473266 -0.379667401 1.13642907 0.418756604
    1.12338626 -0.638675869 0.131282985 0.583313406 -0.0871022344
    0.405023038 -0.75394243 0.808669329 1.65190697 0.352208138
    0.505755544 -0.00713163614 1.61090136 1.68071246 -0.355954885
    1.72764683 1.14316463 0.136127472 0.900932968 0.59319526 0.750649691
    0.776909232 0.00267380476 1.22008777 0.754567027 0.448539734
    1.02208233 1.4907105 -0.055354476 0.120390475 1.23809934
    -0.220414698 1.35539436 1.01481509 1.0496316 0.654184461 1.69523144
    0.21158874 1.64055908 1.20371056 0.372613609 1.60029125 1.43686628
    0.77004987 1.37404895 -0.131738722 1.50200021 0.374930739
    -0.132253587 0.537006319 0.182288229 -0.0421200395 -0.271227211
    -0.186890125 1.13317072 1.39456391 0.551775336 0.236524403
    1.37543058 1.52836037 -0.100682914 0.329737544 -0.0793905854
    0.601638496 1.30655468 1.04245758 0.13937819 0.882917702 0.538841903
    1.09399164 1.66016257 0.212945998 1.17073476 0.139620125 1.15376306
    0.769213378 0.385026157 0.949826658 -0.150109351 -0.464210272
    1.12111366 -0.00107389688 0.284550965 -0.460029602 1.69612002
    0.61989814 0.873512685 0.88393259 0.0238144398 1.00030494
    -0.0313952565 0.483235359 -0.0507097244 0.939834774 1.68388534
    1.31123745 -0.239141583 0.614470005 -0.184887707 0.383768022
    1.35811257 1.51426291 0.314735055 -0.370931715 1.04651308 1.75609243
    0.338718534 -0.296522617 0.163632214 -0.107284427 -0.181994855
    -0.0144307613 -0.745573401 1.38695455 -0.718133867 0.741596639
    1.31656086 -0.484813929 -0.355419606 -0.355750412 -0.0526447892
    1.10801923 0.786800802 0.67209965 0.698852956 1.44560266
    -0.630944371 -0.43582809 0.842621982 0.74363029 1.47833967
    0.480401218 1.60613179 -0.236546099 1.19204676 0.12145251 1.61049843
    1.58300996 0.455563903 0.299856663 0.105603635 -0.568287492
    0.486524642 1.27565932 1.48850739 -0.446245968 1.69363546
    -0.144799769 -0.286226481 1.35190213 0.580597401 0.0023124218
    -0.138915002 1.68153143 1.21443748 -0.289798796 0.542507708
    -0.758071542 0.700295329 1.31235409 1.4783932 1.23541212 1.49659443
    0.626996756 0.504243672 1.53212285 -0.438765407 1.6703136 1.13764179
    -0.290782988 0.414452672 -0.121031523 -0.0993925333 -0.181185842
    1.19129121 -0.122677326 -0.400425345 1.25848055 0.401922822
    1.68028378 1.4718945 0.148535252 0.851139426 1.40186262 1.54485655
    0.157811284 -0.289344758 -0.524808228 1.66053247 0.406801403
    1.11473083 -0.13006109 0.365268588 0.664637268 -0.634550333
    0.0127718449 1.54282629 1.42170525 1.4510448 -0.532258749 1.2134409
    0.264873922 0.123972118 0.702487111 -0.649257302 0.357282698
    -0.273858935 0.659019649 1.08126664 0.277633429 0.88369751
    -0.624635756 1.16288066 -0.67624557 0.586371183 -0.46245271
    -0.270175844 0.472676098 0.364251375 -0.68465507 1.59712124
    0.677951157 0.92904985 1.3086257 -0.317318648 -0.0896466374
    0.208731294 0.994107068 0.871366441 1.0424664 0.8087008 0.911124885
    1.60391617 -0.718246341 1.39615929 1.01524365 0.416206002
    -0.691224694 -0.0630578995 -0.201074719 0.85019654 -0.664028883
    0.489646077 1.28704917 0.855463445 0.628372192 -0.161552608
    0.0580011606 1.49472356 1.00585556 -0.141946137 1.04294991
    0.786145329 -0.343363613 0.676639915 -0.552745581 0.685093343
    -0.611566544 -0.369769782 -0.138517678 1.14434171 1.65131867
    1.28433061 0.406071603 0.169536829 1.5868187 0.107947171 0.695006251
    0.398063451 0.974087536 0.822732389 -0.255150318 0.493512988
    1.35199976 0.0267394781 -0.394312501 0.0924392343 1.32553577
    1.39234424 0.435648203 -0.0549911857 1.17139101 0.369434714
    0.0286491513 1.27610493 1.15923345 0.883502603 0.224087775
    1.12791777 1.44510567 -0.0273728967 -0.0443975329 0.502353787
    -0.688663483 0.0670218468 -0.367548853 -0.5469203 -0.0168827176
    0.667761207 0.552475929 0.569865406 1.36197627 -0.637598515
    -0.395081758 1.40469074 -0.16816476 -0.16362384 -0.436306179
    0.830364645 0.945634842 1.51986074 0.607336104 1.70448565 1.5978756
    -0.144307256 1.06499743 0.145654261 1.07704234 1.10340691 1.21470106
    1.43214393 -0.369747162 -0.225118876 0.750106752 0.323746741
    1.61949444 1.0941813 0.783597112 1.61498725 0.826786876
    -0.0879687667 1.24192965 1.45476079 0.705608964 0.018835485
    -0.492603004 1.30433834 -0.574822783 1.30811608 0.552297413
    1.51775742 0.792120099 -0.150689542 0.542503119 1.06746912
    0.304420829 -0.303415149 0.117167473 0.250001371 1.39944792
    0.874858916 0.67548281 0.134204805 0.799614131 1.01785791 1.51095915
    1.60775471 -0.578031242 -0.346794993 0.105051041 1.13503039
    1.20919681 -0.530783772 0.61893934 0.633240879 0.120120525
    1.23499489 1.11907983 1.25995016 0.976757467 -0.619245648
    0.939855814 0.0628679991 1.31766367 0.0934786797 1.49917781
    0.534297407 -0.642589867 -0.672852814 -0.228481531 1.60294271
    0.895830572 1.53013575 1.57957065 -0.507812381 -0.608381212
    0.735331774 -0.327791452 0.366445065 -0.426094711 0.114279628
    -0.433023036 0.708979011 0.0407637358 0.882463455 -0.106595993
    -0.352596879 0.653210044 -0.324929684 0.268096924 1.4450115
    0.266205847 -0.227977991 0.708803415 0.497850895 1.57061148
    0.245148361 1.44901228 1.37637627 1.6753571 0.309249938 1.09104908
    1.61204398 0.25393647 -0.544266343 -0.338311613 0.878176451
    1.1292913 -0.263414621 0.917184472 0.0257089138 0.180961132
    1.51388001 1.40428638 0.580003619 0.561618388 1.534091 1.72252321
    0.532535732 -0.287247866 1.21813345 0.798987687 1.42725635
    -0.082710743 -0.292994618 -0.463114589 0.52941519 1.60589051
    0.270047784 0.906693518 0.272353351 1.57085586 -0.65596813
    0.722302973 1.56664026 -0.700345576 0.537365973 0.21755749
    -0.681269228 0.794670045 0.519438863 0.75965625 1.44062245
    -0.660089076 0.0153616667 0.137273967 0.482046068 -0.260054499
    -0.604379594 0.307900012 1.66060507 1.18857646 -0.193061233
    1.60637569 0.049741447 1.77929616 0.350040793 -0.649972916 1.4452486
    -0.447668284 0.504820526 0.536260426 0.911954463 -0.611343384
    0.380242765 1.82010603 -0.401360661 0.671472847 -0.507067442
    0.555119276 -0.145089447 1.87056923 -0.624528646 0.448482335
    1.11173272 -0.191443205 0.881348252 -0.560445905 -0.0995672941
    1.00162625 1.57584417 1.35851753 0.250471771 -0.373851955 1.16896129
    0.765400827 0.810009599 0.841674566 1.02395725 -0.499694914
    1.02041495 0.0819697976 1.55827081 -0.765743434 1.22912621
    0.593969941 1.08362532 -0.719649792 -0.30771178 1.60498643
    0.802267611 0.16434139 1.02831125 -0.259987861 1.84460235
    -0.270464033 -0.347566068 1.27875531 -0.131596386 0.946047783
    0.558915138 1.78700662 0.764866114 0.44355315 -0.127554715
    0.596102834 0.861515224 1.71517372 1.65642285 1.37419438 0.534365714
    0.736047626 -0.534276128 1.40672421 0.223592818 1.42158437
    0.596305907 1.05262268 0.876758337 -0.371099204 0.172437489
    -0.311850607 -0.0189006329 -0.0658403039 0.23367238 0.653539896
    -0.516286731 0.283590734 -0.17312479 -0.465173781 1.19477415
    0.0945727825 1.64612103 0.34166199 0.370117426 -0.625629842
    1.02820444 0.61209774 -0.633919001 0.0929813385 1.49972188
    0.500870109 -0.345768571 0.0970172286 0.178391159 -0.63783288
    0.473055363 0.275779843 -0.315793097 1.41015434 0.40501684
    -0.595490396 0.283451915 1.21149993 1.67080498 -0.385516107
    -0.36857909 0.943252385 1.61323285 -0.453059226 0.221929729
    1.36767817 0.000650346279 -0.363999277 0.213381588 0.539003193
    -0.165020466 -0.342144877 1.59590328 -0.31632787 1.0155232
    -0.334893048 0.722210288 1.78493643 -0.0714485645 -0.614110529
    0.746341646 -0.325959176 -0.0585970283 -0.296495736 0.138594866
    -0.724695683 0.429921269 1.195346 0.776790559 0.310783982
    -0.0669536591 1.0749079 0.357041061 -0.335160285 1.46595442
    0.486869693 1.24545884 0.37047863 1.05517673 0.199035704 0.865105331
    1.67991281 1.30902457 1.1069839 1.46221542 1.53517747 0.12650156
    1.25004649 -0.484738141 0.992210448 1.01668715 0.560262144
    1.33294296 0.23665154 0.328825355 1.27566528 -0.416969657
    0.786926448 -0.101952732 0.409940124 1.4888413 1.00272107
    0.550847948 0.000228345394 1.34899497 0.19080168 0.407751083
    1.09607625 -0.623686194 -0.299969465 1.30691195 0.497537374
    0.736342251 0.942830741 1.55318713 0.766878247 0.154161453
    1.07612789 1.20092511 0.194426179 1.29323757 -0.279323459 1.20281577
    0.761811733 0.507248342 0.107531369 0.497975051 0.119974613
    -0.0291718841 -0.526750445 0.238888025 -0.365123153 0.961068869
    1.18819141 1.02394986 1.1651988 0.356647372 0.908083379 -0.751652539
    -0.0228588581 0.524481416 -0.776990414 -0.0318753123 -0.519611835
    0.743399739 -0.259569049 -0.197739482 0.234421372 0.176156223
    -0.585107207 0.487142026 1.18493521 0.138118148 -0.385887235
    1.15175188 -0.156138778 0.241440892 1.5970819 1.29772866 0.731163323
    1.44115496 0.915107071 -0.269787908 -0.766882658 -0.0229265094
    1.32828641 -0.623302579 -0.277045578 -0.565980375 0.157779753
    0.369654357 -0.762918234 0.818233013 0.264149606 0.262622356
    0.215923727 0.132811546 0.232788086 -0.524021804 -0.71124965
    1.40850282 -0.00998580456 1.67877793 -0.701284766 -0.156048656
    -0.0566240549 -0.585303962 -0.397552729 1.7513684 1.44108725
    0.310776412 0.320441842 0.531047463 1.739591 1.50522375 -0.12952894
    0.818988264 0.967936039 1.75423634 -0.543325067 0.926911652
    0.310450971 0.618673086 -0.275552243 0.923220158 1.74795854
    -0.391172528 1.35318577 1.51959407 -0.150956511 1.4766283
    0.162775934 1.43735218 0.21185559 -0.389280945 1.48091054 1.15267324
    -0.656044185 -0.828005016 0.779875278 0.13875699 0.920091629
    1.56751359 -0.0306981802 1.64124608 1.15124106 -0.0583340526
    0.585021794 0.614496529 0.4842664 -0.469474107 -0.00684344769
    -0.322549433 0.134449065 0.339347363 -0.0758791566 -0.608438611
    1.10613394 1.58408737 0.941132307 0.271087885 -0.333687574
    -0.500227928 -0.0240712762 0.665831268 -0.295937806 -0.4304865
    1.05345047 0.30375284 0.772736132 0.112991571 -0.571314991
    -0.291867495 0.241820097 0.459078014 0.646034777 0.316402078
    1.4254601 -0.162654042 0.927251637 1.18845165 0.404117346 0.88761431
    0.863202035 -0.529790223 0.5079965 -0.619579434 -0.48069188
    1.09364605 1.62765551 1.67833316 1.47402215 0.788824737 0.590121567
    1.32494998 0.0235254169 0.239221454 1.29647255 -0.656456351
    0.967606246 -0.418981612 -0.409942806 -0.179286718 -0.341552556
    1.37038088 0.775685787 0.989568651 -0.483982265 0.0716328025
    -0.510698676 -0.686339855 0.47966224 -0.622933984 0.618375719
    -0.587082267 -0.626000166 1.06914592 1.37670636 0.201661229
    1.68824244 -0.00451505184 0.10972625 1.60347128 -0.465434253
    -0.349143744 0.633973658 1.69032991 0.579103708 0.580388129
    -0.424632281 0.240192652 0.222207189 0.540647864 0.200953782
    1.60653448 0.761705279 1.4540205 0.705207348 0.519996166 1.06128442
    1.1081202 0.988281369 1.20848334 -0.517591357 -0.525850713
    -0.558465481 -0.443862319 -0.647257149 0.646526873 -0.580584288
    -0.323333204 -0.344190925 -0.204406798 1.1082201 -0.335829169
    -0.599012315 0.458096564 0.470594108 0.906368554 -0.358385116
    1.55193806 0.974588811 0.356661022 -0.278010428 0.951434433
    -0.725929976 0.268155336 -0.19854641 1.30248237 -0.382657558
    0.211995184 -0.216488689 0.438224554 -0.573693931 1.04361653
    1.22821581 0.222195148 0.0160095096 -0.538091123 0.449024975
    0.47747916 1.5458833 -0.486536652 0.979137719 0.748084545
    -0.0144824982 0.969471574 -0.548732281 -0.0129770041 1.49704313
    0.592590272 1.68911505 1.1000824 -0.114120722 1.37708998
    -0.169058919 0.958946288 0.573645055 0.765692353 1.6285181
    0.720613241 -0.373874366 0.458003163 -0.537479281 -0.397341847
    -0.429644555 1.08765614 1.5575341 0.44454062 0.297238529 0.63187176
    1.49585247 0.518559992 -0.748580396 0.844178796 0.226671278
    1.20753956 0.489305675 0.784874022 1.04557824 0.757342517 0.58395952
    0.44295001 0.547179461 0.439456999 1.14259422 0.815796256 1.82141566
    -0.396093965 -0.610647321 1.78734612 0.2590729 0.12894088 1.52434087
    0.822107673 -0.703228712 0.183876574 0.65314728 1.18901205
    1.64391065 1.48463774 1.0636276 1.07438707 1.23343158 0.954189301
    0.730277181 0.299719572 1.42644775 0.528118014 1.20235586 1.05855525
    1.66046381 1.32388031 1.72762418 1.21453142 1.2290585 -0.507844746
    -0.734489501 1.38743639 1.7226069 1.11882484 -0.624234915
    -0.519161105 0.88949424 1.76026917 -0.349452108 -0.176731408
    0.803888857 -0.66053772 0.341051817 0.807470798 -0.660076857
    0.812664092 -0.538732409 -0.579655409 1.83045805 0.357144892
    -0.219822377 0.715787232 -0.618028879 -0.262434095 1.64872146
    -0.291718513 0.408375919 1.07210088 -0.854279399 0.669632435
    1.63076568 0.578301132 -0.795578063 -0.257616758 0.422952414
    1.37431204 0.997719467 1.06128979 1.63034654 -0.459411114
    -0.0051124692 1.67637503 -0.3237499 0.279071271 1.64173865
    0.780479252 1.63925958 1.28799391 0.0905666351 1.7486732 1.22353315
    1.02195489 1.03846788 -0.350409061 0.853345871 0.894176424
    -0.673729122 0.781363368 1.42414069 -0.424560517 0.589209259
    -0.162274092 -0.0974468291 0.221788436 1.9741044 1.79050422
    1.47602332 -0.586141467 0.219776213 0.260094583 -0.598519862
    1.13669753 1.27030826 0.824509919 -0.622320533 1.5360918 1.17159033
    1.56694508 0.518909693 1.3222971 0.884038448 0.12007004 1.72212243
    1.52666855 -0.598586917 1.6832794 0.932491124 -0.248348176
    0.890066504 -0.507520199 1.34106171 1.36794603 0.805134356
    0.375966489 -0.259817898 -0.0748947859 1.00686336 -0.244857579
    -0.0403085351 0.653684616 -0.0742617846 1.79980087 -0.294828862
    0.454990864 0.0726671815 0.954324841 1.09760499 0.110858262
    -0.570282459 1.3997463 1.70602393 0.235934317 0.651359856
    0.243727267 -0.732855558 1.44683194 0.250617802 -0.745171189
    0.459318876 1.42373157 1.37677991 0.0628277063 -0.46499908
    0.0208726525 0.976231039 0.696142554 0.584631205 -0.239152372
    0.193131506 1.69360054 1.08717382 0.773558378 0.497075975
    -0.259062052 1.18695354 1.27158439 0.496327162 1.43604171
    -0.448570311 0.551149487 0.688860595 0.187205851 1.62968504
    1.66050577 1.27761793 0.685458064 -0.166882873 1.36441731 1.6778419
    0.393522024 -0.27599293 0.295692027 0.129586816 0.152697921
    1.29370332 -0.0478361845 -0.0996479988 0.344143093 0.318404496
    -0.149348378 -0.675044894 1.32756042 0.666412055 -0.374423623
    1.31886196 1.73433042 1.12120008 0.655822992 -0.267351836
    -0.510210454 0.258171499 1.71500671 1.2310822 -0.454960078
    -0.496347487 1.65060699 1.69544673 -0.550541341 -0.093438983
    0.0207851529 -0.578846216 -0.197689593 1.46038461 -0.434024751
    0.0122684836 1.7439307 0.926651478 0.229292274 0.30923754
    0.0782247782 1.31529975 -0.684538186 -0.343859017 -0.605052173
    0.0521924496 -0.191448033 0.754084051 0.92483896 -0.469383568
    -0.283961624 1.34052694 -0.186828822 1.90583575 -0.262116373
    -0.448588878 0.144675314 0.334590018 0.497412264 1.49644625
    0.768203676 1.48945045 -0.0430034399 0.834608436 1.02985835
    1.61499739 1.2527802 1.47002792 0.193452358 1.0430727 -0.111311734
    -0.567281961 0.605190098 0.815423727 -0.369510055 1.34924245
    -0.189831913 0.308695316 0.177530229 1.38366318 0.154037595
    -0.183332205 -0.772673309 -0.137626946 0.119282961 0.134788215
    0.83633405 1.48947978 -0.222851753 0.314772904 0.608767927
    0.754608274 0.885028183 -0.150203347 1.09254158 -0.235932171
    1.59888387 1.35423303 0.767306268 0.654398024 -0.498494893
    -0.042637825 1.26923597 -0.0841434002 1.20031714 -0.213193893
    1.34083962 1.448928 0.618897974 0.417588651 -0.68289423 -0.478581876
    0.9188146 -0.357404798 0.717181683 0.818381071 0.957468212
    0.942800879 -0.0215640664 1.31021285 0.214673817 0.694928885
    -0.342941403 -0.230307549 0.482495487 0.562434375 -0.607070684
    0.894684672 0.976085782 -0.479565918 0.222155869 0.187482417
    0.000605762005 1.4894712 -0.155512869 -0.606742501 1.07603741
    1.01984859 0.453075647 1.10741353 1.29645753 -0.106310725
    -0.0280641913 1.35900879 0.789166033 1.08761096 0.256868601
    1.34194016 0.92868346 -0.643745005 0.130577445 0.144001305
    0.898050487 -0.432029605 0.947664976 0.7423563 1.35855794
    0.0894575119 -0.535636544 1.52321386 1.08230901 -0.571416736
    0.591023564 0.330798745 0.828344584 0.380329311 -0.254451752
    0.881991327 1.45072651 1.96537662 0.468553245 1.06667876 0.856346369
    0.237800539 0.638972938 -0.589545488 -0.638243973 -0.413599104
    0.87681663 1.68421519 -0.301431298 0.359260559 1.67802143
    0.0933037996 0.00365155935 0.0684295297 0.213408768 -0.453052491
    0.770144522 0.147616267 -0.118810058 1.44853854 0.879407465
    -0.37750113 0.0307579041 -0.259737313 -0.148278773 -0.400516093
    -0.142952859 0.318670452 0.765386283 1.43553519 -0.306671381
    1.35607195 0.863651812 -0.525333405 0.594793081 0.976789653
    1.31527245 1.34180534 0.322000563 1.21515524 1.58887219 0.183538437
    0.755464017 1.14831388 1.20500362 0.161897659 0.227919638 1.18870306
    0.712372422 0.403425157 -0.299224526 1.25237966 -0.0225639939
    1.333637 -0.290201902 -0.653454483 -0.214431465 -0.32496047
    -0.655304968 -0.364703983 0.570713401 0.1771366 0.915304422
    1.59188676 -0.0289040804 0.40606004 -0.0195928812 -0.650235415
    0.607894421 0.0922662616 0.0699521899 -0.581061602 1.22542036
    0.572488546 -0.527388275 1.70877171 1.15302992 -0.305320203
    -0.679474592 1.46713054 1.69471502 1.62003374 1.69966054
    -0.423248053 -0.474254429 -0.00239354372 0.0809578896 1.27243721
    -0.313564301 1.77326763 1.13142073 -0.304691076 1.42645788
    -0.281667233 0.223697722 1.4288044 0.251186311 0.224831462
    1.37343526 0.559049964 -0.0577577353 -0.316373616 -0.499741226
    1.55948079 1.01351452 1.37419319 -0.22019875 1.3633132 0.476163864
    1.61546409 -0.384562612 -0.76891607 -0.154520869 1.12956679
    0.734232605 1.14804816 0.241923869 0.769061029 1.36646426
    0.594892859 0.714520335 0.57958281 -0.488985151 -0.567465067
    1.04533792 -0.0146016479 1.5463326 1.323192 0.428168654 0.14763999
    0.143523335 1.77955377 0.961715758 0.827824295 -0.487403393
    1.04785907 -0.0296462178 0.863057554 -0.166587412 -0.351695031
    1.74005485 -0.21482712 -0.271148503 1.12684715 -0.7750296 1.24691892
    0.721444428 -0.654500604 0.409397066 1.16408014 1.19527984
    -0.764704466 0.838817477 -0.257602811 1.69863939 0.139053047
    -0.675091565 -0.600066006 1.23888481 0.937482893 0.196316898
    -0.672538459 0.66723901 0.413581014 -0.339245379 -0.129368007
    1.73336267 1.74744916 -0.4988074 1.6325593 1.16705108 -0.638981283
    -0.285163909 0.551596701 0.689384282 -0.209866524 -0.530584991
    -0.0332726836 0.144028485 1.27518678 0.499688387 1.06153655
    0.0709432364 1.18321538 -0.00363379717 -0.328357041 1.31253505
    0.703817427 0.938931644 -0.500654995 1.14384222 -0.0656992197
    0.847517431 1.33344626 1.62827754 1.65717268 -0.43322584
    -0.452509642 1.11082351 0.667625904 -0.740079463 -0.109306216
    0.404758334 1.57963634 1.39616513 0.0902563334 0.591526866
    0.627135932 0.297644019 1.50422645 -0.666142166 -0.648693144
    -0.660429239 0.108250499 0.50382334 0.584150255 1.5959847
    0.729644001 1.18708956 -0.725056112 1.36847901 1.27799392 1.51487231
    1.03024352 0.0886382461 -0.745338857 1.18459523 1.28657138
    1.27604854 1.29627919 1.24311411 0.180938303 0.324935138
    0.000233650208 -0.363902211 -0.276976168 0.615614951 1.68575287
    -0.510106921 0.709272027 -0.0898057818 1.14216709 -0.410224259
    1.34060788 -0.322532505 -0.500865936 -0.341577351 1.60056329
    0.999199927 -0.292266726 0.491620958 1.7674849 0.905310452
    0.554648399 1.95089364 -0.429518998 1.13769364 0.939496875
    -0.264729321 -0.62319833 0.978027165 0.59043026 1.1627357
    0.421435654 0.908372104 1.07237291 0.493561208 0.0191283822
    -0.174410462 0.442578733 0.926597476 -0.159297705 1.23091459
    -0.499587953 -0.0999004841 1.1846776 1.16933823 0.0705687404
    0.492193043 0.988049805 -0.445896089 1.29671001 1.56520355
    -0.199403763 0.904094994 1.28738356 0.765858531 1.6744734 1.268929
    0.528768599 1.22549844 0.295669317 1.01071763 0.732567728
    0.354205549 1.41260302 -0.698114336 -0.468884647 1.16349304
    1.34697175 0.923815131 1.35120702 -0.341381252 0.679047227
    -0.0879036188 1.69659448 -0.143452108 1.34026611 1.32654953
    1.06877995 0.503503323 -0.301200569 1.30211151 1.09743786
    -0.312858552 1.41452897 -0.0072363615 1.51789546 -0.465113252
    1.42772794 0.166527569 0.659417331 0.431857467 -0.571041822
    0.496457398 0.334326327 -0.280912101 0.561634183 0.663027167
    1.09826159 1.46450591 -0.615982115 0.540987551 1.66645288
    0.666031599 0.0734465122 1.39157951 -0.532961011 -0.0573800802
    -0.493620485 0.423954725 1.79874861 0.685178638 -0.134503365
    0.863824427 -0.55340302 0.189044416 0.1508407 -0.0178973079
    -0.187103033 1.28565502 0.344769657 0.108569384 1.2666018
    0.174531221 0.466826618 0.870735705 1.36159253 1.33800983 1.66440248
    -0.238850117 -0.507214904 0.384556293 0.0363349319 1.37678862
    1.37929928 1.59766555 0.392970026 -0.625084758 1.61863124
    -0.433744699 -0.712848842 -0.149923861 0.106870413 0.630634487
    0.495270789 1.51087713 -0.364069104 -0.0198060274 0.691877782
    0.248959363 0.86823529 1.68399072 1.04706132 -0.716403365
    -0.488030761 -0.466156036 -0.678145587 0.491095006 1.5907135
    -0.116371155 0.823378444 0.137654722 -0.463743269 0.403007627
    1.16490817 1.32048917 1.4584465 0.324769318 0.892505407 -0.848484516
    1.5691843 1.40963399 0.0266321898 0.451623499 -0.279627264
    0.186060429 0.187255085 1.19427633 -0.0193964839 0.00286656618
    1.34216952 0.600923181 1.46550703 -0.352172256 -0.634328604
    1.29688692 0.150543749 -0.00663268566 1.13945997 1.09610343
    0.78940922 0.0815316439 0.66634053 0.603338361 0.898040891
    1.12789571 0.850916266 -0.100218058 1.44476676 0.170792878
    -0.558102489 0.789395988 1.15547872 -0.374285072 -0.213987887
    1.63917327 -0.753191292 0.302936614 1.15007329 0.964302838
    1.05224872 -0.709001184 0.80842489 1.12851453 -0.0840930343
    0.327886701 0.719220102 0.9387694 0.757552207 -0.334824204
    -0.00558495522 0.928180695 1.14502239 1.62318218 -0.130997777
    0.602240205 1.34779119 -0.71300441 -0.60350585 1.6439743 1.0833497
    0.917596698 0.299759746 0.200870156 0.329941571 1.71546066 1.691939
    0.865300775 -0.330194563 0.0167570114 1.76842284 0.279759407
    0.408547163 -0.122228086 0.654587209 0.420903146 1.15089881
    1.70450211 -0.314707011 -0.70422101 0.969400048 0.509317696
    0.696652114 0.233655035 -0.618456483 1.01269531 1.33686495
    1.30285192 0.598686874 1.72766137 0.569318295 0.125203609
    0.476390064 -0.444493234 -0.703490317 0.845672727 -0.642012477
    0.96486789 0.945086777 -0.208604872 -0.207788438 1.32673001
    -0.225923955 1.74623156 -0.704838991 -0.270861 0.679559886
    -0.111916542 -0.554354548 1.87922382 0.490311086 1.62890291
    1.69549727 0.730804086 0.935323417 1.09163523 0.115694761
    0.0833348036 -0.751238227 0.241852105 0.0917117 -0.446929783
    0.582460642 0.356034279 1.06108987 -0.046087265 1.46502256
    1.71323192 -0.105203629 0.453410327 -0.435778618 0.70537883
    -0.0689686537 1.65816343 -0.495410681 0.120328069 0.552367628
    0.823839188 0.161185682 0.0299862623 -0.200240731 0.679129303
    -0.343870699 -0.294324458 0.0404168963 -0.775464416 -0.521422744
    0.67968899 0.50695622 0.446449339 1.436131 1.59119582 -0.79369998
    -0.277673483 1.21115613 -0.0182531476 -0.604249835 0.735429406
    1.57051325 0.656151652 1.19008875 1.27526927 0.851790428
    -0.538375735 0.11438787 1.0228312 1.71326971 1.14328301 -0.720830381
    1.23290992 0.219229221 -0.508095384 -0.352935791 1.47135496
    -0.101847708 0.767839372 1.27500367 1.71869779 -0.00893568993
    1.51754618 0.68188554 0.790181041 -0.52711153 0.0545482039
    -0.204315186 0.827270329 -0.145932019 0.684656203 -0.506157517
    -0.382133991 -0.329977274 -0.188234866 0.344156146 1.38713956
    1.18277705 0.466621339 1.35714269 -0.559127569 0.178060234
    1.33343673 0.663139939 -0.626828551 0.408257663 0.876367331
    0.111344934 1.1320312 0.688113391 1.09723139 0.723508894 1.3295722
    -0.144218564 0.263549685 -0.546189547 -0.693320692 1.14043832
    0.131763279 -0.439908594 0.726628363 0.336118937 -0.299381137
    -0.413217962 -0.270632327 1.51621449 1.33875811 0.514179528
    1.35306573 1.31797838 0.46347636 1.52497554 0.825541914 1.30358815
    0.261602342 1.01919353 1.56911767 0.409260869 1.65199244 1.25145805
    -0.702043712 0.263345778 0.562448323 1.20144415 1.46391559
    -0.425041169 0.576140583 0.6353302 1.75987482 0.53119421
    -0.612929523 1.03641665 0.174791276 -0.0459567308 0.658897638
    0.331603527 1.03596473 1.27412271 -0.721705914 0.447934151
    1.61668372 1.00281119 0.852579713 0.42753154 1.17072952 0.833245456
    1.51001513 0.940073073 -0.442316711 1.25091815 0.0666640401
    -0.0743264556 0.908554852 1.70240188 -0.371884733 0.721401095
    -0.121231437 -0.179632723 1.72562981 -0.635916829 0.442018628
    0.529002905 -0.724193692 -0.360929012 -0.443026602 -0.249785066
    0.229490757 -0.448840529 1.74959803 0.507874012 0.99094981 1.3478024
    0.630512476 -0.336717367 1.29439652 1.10963917 1.29136074
    -0.254400373 1.05441165 -0.715238392 -0.168960989 1.03979623
    0.916140258 0.547749102 -0.353017569 1.09489441 0.545170665
    1.0206151 1.21747088 1.55179429 0.761314273 0.193015158 0.47733146
    1.34383392 0.0323639512 1.73523593 -0.35236603 0.854835212
    -0.491170794 1.20717382 1.12908804 1.57360888 0.0301964879
    0.0851670504 1.7309835 1.49239063 1.72669911 -0.107305169
    0.352354467 1.12400889 0.244865298 1.68614638 0.132688522
    0.547246635 -0.658743739 1.14956665 -0.0852977037 1.60217476
    0.357047319 -0.154726267 -0.11078757 0.885455012 0.448622167
    0.678333879 1.08412468 0.378471017 0.590336561 1.1192801
    -0.774444878 1.30734873 -0.154123306 0.396299183 0.064250648
    0.392107487 1.13392639 1.30959892 1.2428689 0.72747618 -0.409564555
    -0.108648419 -0.174565613 1.0358603 1.52954733 -0.216765374
    0.974863052 0.442896247 -0.311812133 1.44646287 0.376824766
    1.90176511 1.42514789 0.355849981 0.747645795 1.17978311 1.0282917
    -0.0830271244 -0.210141003 1.3929342 1.36527038 1.1098268 1.39514947
    -0.109458625 -0.249067724 0.0840803981 0.970371604 1.51830733
    1.62882984 0.214577258 0.680277109 -0.385405689 0.173832715
    0.822863698 -0.185375005 0.087358892 -0.492512107 0.769362509
    -0.351712048 0.489522219 0.719373465 0.0152828097 0.710951328
    1.36554766 0.515203178 1.11616075 1.45758879 -0.654417038
    0.167498171 0.973878622 1.60840464 0.958563328 0.788212061
    -0.764579773 1.09530616 -0.575003386 -0.598309934 0.300561428
    -0.493745983 -0.357333541 0.983800113 -0.394179553 0.330394447
    0.395814061 0.42662406 -0.611673594 -0.688849688 1.05104971
    0.998116016 0.722946763 1.03903913 1.29462576 0.91001147 1.45181751
    -0.270465016 1.10260904 1.62640834 0.110790431 1.56660843
    0.126753092 0.059602499 -0.741176784 0.415756822 1.40580547
    0.252923787 1.61001301 1.39296484 -0.40452686 0.600946605
    0.715969682 1.38302469 0.368479431 1.17648673 0.318669319
    0.503813505 1.25721395 0.413269818 0.446164727 1.24376762 1.15892625
    1.01882577 0.465874016 0.697345793 1.51415348 0.896526635
    0.410187721 -0.768865347 -0.254369318 0.700183213 1.58987558
    0.734247863 1.64480138 -0.408750474 1.16815948 0.0544993877
    -0.464109212 1.25227606 0.719693661 -0.467949033 -0.680099785
    0.192136168 1.41674519 0.748680234 1.45145798 1.39757061 1.5845921
    0.443485141 -0.308903486 -0.498723745 1.26069403 -0.267154634
    0.279488444 -0.817190051 1.41974592 1.140311 0.360665202
    -0.0609093308 -0.0916312933 -0.0445731282 1.42229486 0.628658056
    -0.232864201 1.74322486 -0.347269028 0.835899711 1.66911054
    -0.343906134 0.210676372 1.32233357 -0.4471488 -0.481808662
    1.38076973 0.43907994 -0.692971826 1.40822053 0.0112891793
    1.41826248 1.39773881 0.465415835 0.340130627 -0.676125765
    0.860831738 -0.690810323 -0.351166576 -0.164091289 0.506804705
    1.02414393 1.31297159 0.760982692 0.393583119 0.977825463
    0.202686369 -0.519798756 1.28455305 1.69600272 0.97055155 1.107692
    1.69718981 1.5679996 0.628442943 0.653608501 0.899835765 1.2775209
    -0.282488078 0.212672949 -0.249353409 0.591769457 0.167150676
    1.03597414 0.517162263 -0.118392646 -0.338803053 1.45333123
    0.515558481 0.977488041 -0.748559117 0.50747776 0.439473689
    1.64879704 1.62798369 -0.301855087 -0.491983533 0.622125983
    0.507557452 1.4588064 1.16760063 0.207305074 -0.202628255
    -0.672522962 0.810903847 0.108511686 -0.577633142 0.585862219
    -0.241072118 0.278997421 1.5862453 0.938418508 -0.528497815
    -0.22434932 1.1855545 0.601497829 0.935670018 0.17064923 0.477291882
    -0.71427393 1.60857821 0.294676781 -0.359441429 1.38279223
    -0.137725234 0.0802589655 -0.0469473004 0.247239351 -0.340460569
    -0.323333949 1.19590354 1.55194592 0.628256559 0.292239308
    0.376416266 -0.725562513 0.843166709 -0.335286677 1.64528692
    0.675450802 0.501883805 1.61924481 -0.58045584 1.54168439
    0.401196122 1.61322725 1.76204717 -0.0393584371 1.26607037
    0.061228931 0.517228544 0.921353519 0.545865834 1.1036644
    -0.69239682 -0.00450098515 0.705248892 0.0207888484 -0.506063759
    0.15302664 1.84898221 1.01328015 1.90695179 -0.423750937 0.10360539
    0.734343767 1.07830644 -0.713229835 -0.0789679885 -0.253802657
    1.22746968 1.64225268 1.55531669 -0.207112789 -0.790134609
    1.67454147 0.254397392 0.539523005 -0.43188718 0.198197782
    0.91576159 -0.273379892 0.145971 0.875315309 -0.333606213 1.28423023
    -0.203745663 -0.239857733 1.6361804 -0.155250251 1.45284867
    0.144064367 1.1170764 1.62238955 0.286612391 1.17197752 0.376107931
    0.471265018 0.934590459 -0.112610281 -0.15997988 0.458185673
    1.45146024 0.548241317 1.57242012 0.552684188 -0.82269609 1.27577496
    1.48954046 0.98591888 -0.414334893 0.536762714 1.40366471 1.01739597
    -0.664471865 -0.431697667 1.19490743 0.363520265 0.958094716
    0.306333661 1.64530849 1.56516337 1.57584167 1.04899979 1.58164883
    0.638902128 -0.552917063 1.05749512 1.43497968 -0.538528442
    0.406782389 1.1301825 0.845291913 0.953845561 -0.811799705
    1.62469089 1.58133912 0.030117631 -0.446690589 1.54890192 1.07341242
    0.456956089 0.080284059 1.74162126 0.688918591 0.472676158
    -0.764757991 0.815250576 -0.65193373 -0.483194143 -0.326602191
    -0.138698161 0.51034534 1.20114255 -0.72576499 0.722909689
    -0.48396951 0.592160285 0.0323030353 1.41929078 -0.130964696
    0.863824427 0.0921910405 -0.41594401 0.712848902 0.282286346
    -0.400916606 0.0994259119 1.64849353 -0.0513127446 -0.318038851
    1.41066957 1.64617443 1.44994974 1.56085598 -0.757655442 0.567224503
    -0.749653637 -0.155147195 0.967448831 0.540757358 0.163748503
    0.992768884 1.36928964 1.69811392 0.20905304 1.37935901
    0.00394076109 -0.480101734 0.204567015 1.01185572 0.838561833
    0.943815351 -0.738029897 0.61729449 0.0613045692 0.931969821
    0.259186566 0.878372431 -0.700818598 0.103261352 -0.28072384
    0.431734741 1.45501828 1.6109972 -0.693830252 0.0543838143
    0.93067348 -0.575231254 -0.589684248 1.16715646 1.67952681
    1.24491787 0.385800242 0.962732077 0.530044973 0.722299457
    -0.380569994 0.553543091 0.475176692 1.22895205 1.05282545
    -0.72126025 0.46268481 -0.143566906 0.573589146 -0.372211188
    0.854319394 0.158489048 -0.633855045 0.166518509 1.15419519
    1.42147923 0.66657722 -0.000940144062 1.50880599 1.2606976
    0.622530282 1.14569926 0.519601166 0.65406245 1.28560317 0.377400994
    1.39211106 0.945291519 0.727317452 0.322369397 0.127906799
    0.677868843 0.927678347 0.744846821 1.01504874 1.1659019
    -0.795414865 1.59953809 1.26897097 1.47682238 -0.494385928
    0.224941432 0.0708899498 0.842404604 -0.490200669 0.138857543
    1.69779491 1.13420153 -0.339343905 1.09577703 -0.716394722
    1.27258945 0.744874656 -0.0842385888 -0.127546728 1.28718519
    0.662065685 0.302658319 -0.665974796 0.959783137 -0.740537107
    0.0893412232 1.50635147 0.149753928 0.618101239 1.42171466
    0.0197177529 1.08187282 -0.200564921 -0.436030656 0.991154373
    0.534677923 1.25501966 -0.197363734 -0.582790494 1.57285011
    0.466617942 -0.27341938 -0.0112220049 0.815452099 0.714411616
    -0.513644934 1.80225742 0.372640729 0.0411774516 1.17456841
    0.235537827 0.133799195 -0.683059931 1.62931991 0.242783964
    1.61117172 0.724271297 0.821035147 1.20807934 1.71061456 0.277518272
    0.548323035 -0.0809447169 1.08159161 0.310784638 0.0533975363
    -0.124988139 -0.587450206 1.53183758 1.29881668 0.594833732
    -0.5038625 -0.324739397 1.26306987 0.043161869 1.19945335
    0.497530878 0.338674486 -0.414066732 1.3482554 -0.0416929126
    -0.474165529 -0.312820822 0.477256656 0.248586118 -0.458581507
    0.575562298 -0.453689039 1.50762177 0.665598273 1.17089939
    1.28020453 -0.148336649 0.301932752 0.240494728 0.493944168
    1.38851857 1.60563993 0.061230123 1.15056264 0.387031972 0.686168969
    1.44240391 0.473471284 1.02607501 1.54453588 -0.0315910578
    0.299850464 0.319595098 1.02980447 1.31152225 1.19130957 1.36250615
    0.152481616 -0.781917334 0.69540453 1.26154435 0.519753873
    0.0799790025 0.771727443 0.650376081 1.21681237 1.15500045
    -0.322510123 -0.842303336 -0.727787673 -0.421290427 0.129472554
    -0.0441704392 -0.367435873 -0.0493658185 -0.417644829 1.60915601
    -0.702269375 0.129201174 1.40884852 0.101711929 0.651548684
    1.04079247 1.20767641 -0.530569255 -0.505057633 1.20792067
    1.61751318 -0.447999775 -0.313342035 0.279406846 1.51611626
    -0.520254374 1.6962173 1.32350814 0.813932478 -0.680514991 -0.205091
    1.46364379 1.67415929 -0.371255964 1.24931538 1.69903302 1.42356169
    1.46387982 0.102488697 0.00347322226 1.10188043 -0.370327055
    1.19882774 0.999376059 0.774659216 1.62436461 1.20454609 1.28908527
    -0.0350643396 1.40217316 0.959548831 1.48162174 -0.786406994
    0.104229033 1.23741746 1.14663804 -0.361911535 0.0781965256
    1.74778533 1.26929975 1.42822623 -0.670015633 -0.547973156
    0.936553061 0.545391738 -0.131818831 -0.251070142 0.289866865
    1.49730873 0.633720517 -0.77473402 0.191454887 1.27938366
    0.724733531 -0.133002877 1.66236138 -0.313340187 -0.470913917
    1.72405696 0.252726495 0.436423481 0.723221481 -0.563078165
    1.60530353 -0.198236287 -0.174676538 1.60310638 1.01406395
    -0.187748253 1.62155962 1.51064789 0.23491925 0.500792801
    0.203256786 0.867018878 -0.41416055 1.31067872 1.07335806
    -0.0821551681 0.866799414 1.47972584 0.242877364 0.226308525
    -0.737001717 0.467641771 1.09524417 -0.25344944 -0.687874556
    1.10138452 0.91314137 -0.835468531 1.15882611 1.4922843 -0.528571367
    -0.340407372 1.01535606 -0.374681383 0.140448987 1.02250624
    -0.576426983 -0.640470505 0.711141348 1.38258529 1.58709741
    1.49578905 1.12307882 -0.347714335 -0.74145323 0.875097156
    0.954386175 1.60473466 1.207798 1.18118262 0.772776663 -0.155122042
    -0.433484316 -0.479116112 0.733969986 1.36540759 0.435373724
    1.70147359 -0.782947659 1.49878013 0.424921274 1.5705303 0.453495681
    -0.155254483 0.713518023 1.37927508 0.52590245 1.0566318 0.868367374
    -0.0483114123 0.856893301 0.155751467 -0.225150228 1.591097
    0.209293127 0.391155958 1.73895621 -0.590250313 0.459574878
    0.756627321 -0.504081607 -0.222837001 0.214252293 0.285105765
    0.263951063 -0.0899213552 1.55187702 0.413123667 1.3703202
    0.494377315 1.50333297 0.420104325 1.57308316 -0.498524249
    0.0212580562 0.36866951 -0.63575232 -0.42148751 0.418118656
    1.37446618 -0.156880081 -0.629607439 0.914003491 0.119973838
    0.628861368 -0.538969398 1.23506951 0.781876624 -0.685838223
    -0.210863411 1.68450534 1.2772423 -0.429212868 -0.182900161
    0.538408399 0.400749534 1.23072398 1.41845846 -0.285405576
    -0.646722138 1.37400997 0.979576528 1.28131127 0.537782967 1.357741
    -0.0592227578 0.296276927 1.13368154 1.33101511 0.235906661
    -0.325665414 0.994002402 0.976554394 0.99802506 -0.121670842
    -0.204581857 1.28348637 -0.630086422 1.32779121 1.26652908
    0.11121136 1.06736958 1.18345273 0.526892483 0.936902285
    -0.483125985 1.02576971 0.974877715 1.33709002 0.713300347
    0.566833675 0.607623994 -0.354234397 -0.274544179 -0.241689324
    0.516965985 0.614212096 0.0443438292 -0.709085345 1.42062426
    1.59386253 0.738418579 1.10947192 -0.134913802 0.121172845
    -0.104302168 0.290992737 -0.0304908156 0.794120312 0.235020041
    0.271328926 0.739788592 0.304839849 -0.0166978836 0.822345078
    0.143434644 1.36286283 1.11825824 -0.602730393 1.42330861
    -0.165902317 1.53633046 1.70292616 -0.494143754 1.22671866
    0.856932342 -0.0609106421 1.36815119 0.0226665735 0.714193702
    1.29332304 1.09986782 1.39722276 -0.224924713 0.410426438
    0.382735193 -0.084321022 0.277082264 -0.377880931 0.937216878
    -0.0259407163 0.361123025 1.71206939 1.09469914 0.518716037
    0.0739857554 0.367978036 1.6801517 -0.348202974 0.565040529
    -0.225087821 -0.728390396 0.509320855 1.20314884 0.6256392 1.0285275
    1.42582595 0.443422019 0.426128507 0.613794386 0.322200656
    -0.0527316332 0.468126535 -0.239475429 1.53468752 0.65931499
    -0.662354529 -0.75805521 0.930251598 0.619736731 -0.289022148
    0.641846418 -0.107273817 0.339041412 1.40773308 0.166392148
    -0.57874465 -0.129104435 1.06915319 1.39660764 1.00779223 1.30779576
    0.899271667 0.470484674 1.43928504 1.30290484 0.973723769 1.65096259
    -0.163533807 1.52033782 1.48131323 -0.0401565433 1.15499878
    -0.748781919 0.886975408 0.914934218 -0.0818404555 1.66676188
    0.94542259 0.415075779 -0.207739532 1.6186353 -0.415311545
    -0.382951617 0.997110367 -0.0256363153 0.048114419 0.226474643
    -0.520679355 -0.151397943 0.193156838 0.396591544 -0.0333901048
    -0.348949611 0.693148255 0.69982177 1.53534293 1.30164361 1.3058598
    1.26078749 -0.240647852 0.816042006 1.03226972 1.38013601 1.01606393
    0.620772779 -0.0656897426 1.13868546 1.28043497 1.0286305 1.37881839
    1.28809667 1.04416537 0.255926132 -0.489789069 1.1018641
    -0.112806857 0.17282021 -0.351222903 -0.172401011 -0.505520821
    1.60211539 -0.544820607 1.15579224 -0.769761622 0.27271682
    0.505453944 0.973902464 -0.304145604 0.887010694 -0.468998045
    1.76528656 1.59370542 -0.568148136 1.24333191 0.903491914
    0.786003649 1.55339003 -0.237095594 0.429308355 0.864820242
    0.430834949 0.183670759 1.17361903 -0.299375057 -0.700590849
    0.697170794 -0.106832325 -0.513975441 1.1575706 1.33943391
    0.768316448 0.475668192 -0.408218354 0.112929046 1.65505528
    -0.327839643 -0.486822188 -0.376506269 0.054392457 1.23897576
    1.29412651 -0.312120199 0.591980159 0.293250859 0.747738719
    -0.632221043 -0.541519523 1.51959276 1.09616804 -0.504217982
    0.996434569 0.239552081 -0.127596796 0.923047125 -0.674871206
    -0.116381586 0.560150266 0.99017781 0.0319334269 1.05143809
    -0.531407773 0.975550234 0.217511773 -0.541063309 0.748132408
    0.322025776 0.544880092 0.756661594 0.921639383 0.626093984
    1.74189818 0.596124649 1.54555404 -0.656118691 0.122024655
    1.37695289 0.38125509 1.25761497 1.13453126 -0.163934827 1.30198228
    -0.808659434 0.321007907 1.1079278 1.52857685 0.794780195 1.04531527
    0.951288879 1.58019888 -0.15346849 1.5769136 1.09759808 0.674583018
    0.293940961 -0.547994316 -0.61962086 0.656687617 -0.658963203
    -0.258432955 0.0868664384 -0.244673491 0.61401397 -0.224206507
    1.58830285 0.18969816 0.312726259 0.0538746119 1.41776109 1.30839658
    -0.575839996 0.011733532 -0.436413288 0.306855857 1.49060035
    1.50718951 1.64233136 0.0568154454 1.53059232 1.61354649 0.571449041
    -0.0660724044 1.77199626 0.245506942 -0.603988469 0.197151065
    0.0573698878 1.56320858 0.177576125 1.74109244 1.28407979 1.46008205
    0.00717031956 1.54999614 0.347387731 0.563256264 -0.685983539
    1.03706026 0.719982147 1.38095737 1.55095768 0.2457515 1.0067184
    -0.633608341 0.644316673 0.0458479524 -0.0718963146 0.494247854
    0.259109974 0.196279347 -0.485841751 -0.449504912 -0.297723025
    0.909087658 0.700187087 1.46495402 -0.113775671 0.245653689
    0.726938963 -0.37602371 0.0264615417 0.352709711 -0.61455524
    -0.242780209 -0.0562859178 1.32468295 0.645199716 1.25115633
    -0.0743792653 0.190726936 0.502938092 1.16021872 0.614093065
    0.786261797 0.0993133187 0.685963213 1.65137446 -0.439130604
    0.825413704 -0.463522732 0.22926724 0.756336749 0.0659450293
    -0.173361659 1.2730422 -0.266917765 0.49891448 1.75907159 1.55569875
    -0.311691999 -0.61628145 -0.577731669 -0.374777973 0.415701032
    0.594482005 0.488980114 -0.198671818 0.280056298 1.53395033
    0.0397291183 -0.0114813447 0.0410071611 0.343947828 1.02353573
    0.800653338 0.118004918 1.14371884 0.345935762 0.966917038
    1.47008848 0.118156254 0.0339925885 0.69575727 -0.460270941
    -0.0283197165 -0.614423096 -0.271159858 0.435426056 -0.0623372793
    1.31026042 -0.540333629 1.55370855 0.898701131 0.70128119
    0.288422465 0.180893064 -0.307292014 -0.085055232 0.353788674
    0.318237066 -0.0278799534 -0.504931092 0.377268612 0.952270389
    -0.176839948 1.28562164 -0.349108309 0.98400718 0.382715762
    0.46208322 1.20354068 0.779481471 -0.787693918 1.5796597
    -0.564551353 0.513558149 0.66561991 0.188510358 0.832334578
    -0.591431022 1.15803385 1.59303308 1.26178646 1.34847438 0.398029149
    -0.767203331 0.591456175 1.61455297 0.707349181 -0.755096674
    0.886631906 -0.488121003 0.114958823 -0.256690323 -0.0235795975
    0.360016465 0.0564992428 -0.351567417 1.47126722 0.473663628
    0.711788177 0.578508496 -0.096937418 1.46264708 0.163655519
    -0.0221349597 0.907521784 -0.745847285 0.567035377 0.972354054
    0.632858217 -0.416710019 1.16915762 1.31174397 -0.46508351
    0.74883759 0.429913521 1.30059826 0.351083159 1.5547514 0.188410997
    -0.580581427 -0.0969356894 1.07699394 -0.541568398 0.298263669
    1.22485399 -0.827918649 1.42410064 -0.738853753 1.17070031
    0.0441328287 1.08372402 -0.731286287 0.180223882 0.679287016
    0.375051796 1.35003233 0.144042671 0.435101748 0.584218562 0.6176458
    1.36135602 -0.537484169 1.3032403 0.930137634 1.56764877 1.64648581
    1.66186607 0.829173207 0.738976121 0.218361676 0.0187288523
    -0.590385258 -0.54674983 1.56298232 0.479158074 0.751565218
    0.626970053 1.03490639 -0.433763891 -0.685971022 0.172106802
    1.45190692 1.04058719 1.16394567 1.19184828 0.90295732 -0.666037858
    1.46928358 0.806367397 -0.526044846 0.855584025 0.317052841
    1.63632751 0.740514457 0.845609367 -0.682030439 0.610371172
    1.51934552 1.64397287 -0.467676938 -0.0545078516 -0.041883111
    0.826858282 0.575122893 0.323031306 0.183918417 1.65763628
    -0.0945128798 -0.663641632 -0.263580203 1.01888216 1.37740827
    0.949564934 -0.0297384858 1.73758173 -0.558979094 1.21590078
    0.580811858 1.13728249 -0.127270281 1.45770621 -0.174613357
    -0.141488433 0.966909945 0.000999391079 1.13756454 0.714741886
    1.69172871 0.360709131 1.51545858 1.15203071 0.758548737
    -0.0293463469 -0.379248023 0.333468199 0.344193518 0.57633388
    -0.587914586 0.812927425 0.808797598 1.21704507 -0.626640916
    -0.447396785 0.292498827 0.268290997 0.441448331 -0.233930528
    0.294231415 0.300653398 1.67184997 1.2813369 0.681226313
    -0.393324882 -0.415914387 0.359389365 0.00944173336 0.457765877
    0.0738338232 1.57574987 1.35424137 0.950901031 1.24130487
    0.745325148 0.98715049 0.368664622 0.843324006 0.751727164
    1.70447969 -0.573775887 -0.682071447 0.546972334 1.37467718
    1.54146147 0.161395371 1.31827068 0.0251724124 0.000116050243
    0.163392365 1.74793386 -0.158294737 -0.521158218 0.797658145
    0.921017468 -0.481683165 1.09032798 1.16722322 -0.299353749
    0.427592814 0.657628059 1.71226192 1.05657268 0.830141664
    -0.12853229 1.21231377 -0.598593354 1.35546899 1.22212291 1.03695595
    1.09722662 1.58661306 0.104799867 0.284027517 1.20034635
    -0.651286364 -0.0326042175 1.43055129 0.840982616 -0.651814878
    -0.409177423 1.26887202 1.15370131 -0.555980921 1.25767469
    1.12227309 0.365044415 1.66175902 1.11548078 1.17391753 0.40653199
    0.532194793 1.23844695 -0.475119948 -0.224065661 -0.329669207
    0.721122921 0.272201598 1.11542273 0.0609458685 1.65473199
    1.66967583 0.151600659 1.75509655 -0.497496039 1.63059318 1.34724748
    0.0745399594 1.46078134 1.49222898 0.459770739 0.342385352
    1.06051993 -0.426258504 0.697436392 -0.349561602 -0.286311567
    1.17180085 1.12179232 1.27449679 -0.223965466 1.51054084 0.399037778
    0.615560234 -0.243053734 -0.421202034 1.62408066 1.71398294
    -0.500891626 0.280971289 0.807208598 0.620540738 0.458467066
    0.0347710848 1.70733237 0.322669327 1.14036 1.09714842 0.404654562
    0.0951207876 1.32817435 1.08691168 0.759074926 1.20935369
    0.115859032 -0.354318231 -0.389227778 1.34760427 -0.545301676
    1.02566266 1.21038342 0.612784386 0.401038051 0.823063552 1.1993916
    1.00692391 1.38480663 1.02708769 0.854978263 1.03031373 -0.146814942
    0.525844693 0.149887204 -0.608966827 0.766584635 -0.532494009
    1.70416224 1.21396351 1.33099663 1.26325488 1.5950048 1.42666984
    0.683048368 1.56786597 1.47506011 1.08915019 0.951865137
    -0.561073899 1.02672029 1.13160467 1.5678544 1.7807498 0.00864720345
    -0.440550715 0.830417216 1.59062052 -0.257109106 1.20827246
    -0.0137467384 0.780283093 0.955489516 -0.183238387 0.325658739
    0.491046488 -0.17469269 -0.00256586075 -0.291240007 0.193883955
    -0.440708697 1.81318259 1.78833842 0.0205259323 -0.339591354
    0.775154233 0.599496067 1.30824888 0.960536897 1.57965112 1.57140636
    0.671122968 0.534331918 -0.274812222 0.597982228 1.56595623
    -0.171735942 1.45440614 1.65851569 0.0179353952 -0.646351218
    -0.535799563 1.34720469 0.13913703 1.02400494 0.508434951
    -0.110888243 0.348922491 0.344999194 0.113409221 0.376207232
    0.29262042 1.15604126 1.69102311 0.244631052 -0.432495922
    0.015324235 0.993921399 0.382483006 1.26149297 1.41764235 1.35376656
    -0.704327822 1.09984267 -0.615230322 0.950487196 -0.340586931
    1.13199759 0.812964916 -0.674779534 -0.588148892 0.593464315
    0.0883819461 -0.817147017 1.5182271 -0.198506117 -0.0624207854
    -0.611216784 0.00187933445 0.608935595 1.19449925 0.53327167
    -0.511994481 -0.271083295 1.5709362 0.0372841358 -0.29046002
    0.903225601 0.984646618 1.12691569 1.10065103 -0.381904334
    0.913728833 -0.200869799 1.25510502 0.573092103 0.303767323
    -0.176673174 0.52697587 -0.38976562 1.63405824 0.566316128
    0.480022609 0.215878665 1.3188405 1.36871028 -0.659180403
    -0.635131478 1.01746416 1.29455876 0.702045798 1.17512155
    0.515355885 0.331182003 0.772251129 -0.367580742 0.70682925
    1.19364572 -0.451343149 1.54296565 -0.194405437 1.36019754
    0.840900898 1.49194562 1.59027147 -0.730023265 -0.0518547297
    0.365116715 0.184219003 -0.59119004 1.34991503 0.877735198
    0.815116942 0.301180303 1.48040652 -0.251425922 1.64127839
    0.219079554 1.73760223 -0.471555352 0.116472065 -0.581806779
    0.10927403 1.20362759 1.15039611 1.06813049 0.192088366 0.804364264
    0.932972968 1.06437922 1.35120916 -0.406247616 0.324567616
    1.24112236 0.687571824 -0.213239193 -0.0408368111 1.6481092
    0.937142968 1.37678599 0.265040874 0.917979121 1.17237115 1.49997783
    -0.445246667 0.394134879 0.224761963 0.188541293 0.00343376398
    1.3615005 0.269260466 0.923057616 -0.0439674854 0.506248593
    0.26922977 -0.0891461372 -0.571175694 0.532551646 -0.73053503
    1.70216513 1.28442562 -0.512726188 1.6266036 -0.0981296301
    -0.404497266 -0.250195742 0.985833168 1.05749774 0.889782071
    -0.080822587 -0.144073367 1.50330019 0.283721805 0.15397048
    1.08598995 1.71041775 1.44478595 -0.126487792 1.66470695
    -0.654078722 1.25229406 -0.707455575 0.772856653 0.733126342
    1.04721475 -0.544050395 0.950698912 0.00334399939 1.55153155
    1.20342326 1.30813956 0.0789331198 1.32697654 -0.501075447
    1.00433159 0.486409426 1.23953915 0.200817585 1.75720644
    -0.192348421 0.15992254 1.07488739 -0.307048917 0.667790055
    0.370258629 -0.606798649 0.945860803 0.0776827931 0.380805135
    -0.0527163744 -0.640246451 0.111059546 0.448945403 0.85001874
    0.203144073 1.22039139 1.63449717 0.884696841 0.641947389
    -0.569987774 -0.0665999055 0.376958191 1.59545755 -0.615134716
    0.217860818 -0.328695983 1.22960353 0.0708649755 0.449881434
    0.0844579935 1.58098054 -0.406148762 -0.70500493 1.40789986
    0.582170248 0.0979908109 0.577737331 -0.141649604 0.732335985
    -0.312716931 -0.14322114 0.124139011 0.77323705 1.48220646
    -0.304298311 1.41472948 1.37265182 0.160182595 1.71678829
    -0.420058846 -0.390827864 1.20204949 0.598793328 1.04708338
    1.56972623 -0.364623547 0.334691465 -0.0402873158 0.452890515
    1.38808107 -0.304785788 -0.39322269 0.11712265 1.6419636 0.52680397
    0.9819085 -0.622063756 -0.126183629 0.737296164 -0.0661171675
    0.411953628 0.924025178 0.710899293 -0.49715963 -0.767668962
    -0.317468882 -0.340415359 1.37676239 1.38449883 0.517145693
    1.31008518 0.79299587 1.60581183 0.533966243 -0.0494986773
    0.841161668 -0.221781582 1.07456565 -0.294847608 0.256919503
    1.76187325 1.12084508 0.811272979 -0.0187984705 1.69726717
    -0.270103931 0.337506115 -0.60617882 1.265118 0.111605883 -0.3692424
    -0.302478224 -0.357125163 0.610643744 -0.0430326462 -0.709560752
    -0.40771091 0.814437032 1.52374494 0.0840404034 1.62445211
    1.32735753 1.59388423 -0.443810582 1.26789498 0.375237107
    -0.671435773 -0.113818944 -0.236620963 0.533079088 0.861825824
    0.3268466 1.71178627 0.55902034 -0.697326303 0.417031229 0.194692552
    0.725722551 1.36224639 0.215642512 -0.129601479 0.480072081
    1.05615997 -0.442704052 1.48239112 1.43520951 0.397331059
    -0.348312616 1.33321512 1.31111312 1.56052685 0.958659112
    0.560661316 -0.051117897 0.893449843 1.46909678 1.23512936
    -0.657230139 0.667720199 -0.522858322 0.129925072 -0.32652542
    -0.363718212 0.652107835 1.45687294 0.00816255808 1.09630919
    -0.370543718 1.50101018 1.38067448 1.35196018 0.640903413 1.19413996
    0.75052458 -0.367272168 0.966188669 0.085844934 0.516643703
    -0.299205244 1.0545845 0.482393503 1.56274676 -0.319471478
    0.495114982 0.367532253 0.0393770337 -0.226088583 1.75277233
    -0.502419114 -0.585602999 -0.0360146761 0.401247978 -0.591287971
    0.514364362 1.39458001 1.15548837 0.511398077 0.820841312
    0.287683249 -0.101196945 0.659053743 0.0265969038 0.384881735
    -0.525089264 -0.626950085 1.60772061 -0.202555001 0.332060099
    -0.0344133377 1.05228329 -0.58405292 -0.0438485146 0.881308496
    1.57559443 -0.654971123 0.463599384 0.231436789 0.842149258
    1.09665918 0.866627038 1.39758873 0.308375478 0.482126951 1.70891011
    1.68661511 0.536534905 -0.544801176 0.75717473 0.0490164161
    0.939471602 1.41909695 -0.0869437456 -0.35105446 -0.674823582
    0.5819965 -0.0687765479 1.62252784 1.14936972 0.494987667
    0.380120337 0.360657573 -0.0602064729 0.57180047 1.53519154
    0.231903076 0.29691422 0.812964976 1.53489876 0.753904998 0.22708565
    0.92143321 -0.649182677 0.293258011 0.0472724438 0.350557566
    0.876657128 0.496185005 0.0673420429 -0.758758008 -0.359056145
    -0.269209325 -0.00689810514 0.231445789 -0.429595977 -0.243490964
    -0.234035641 0.618359149 -0.510627747 0.0653155446 0.750294745
    1.47197175 1.38137197 0.715812743 1.31364226 0.7242558 1.43563557
    1.22150755 0.762151599 -0.080666244 -0.199527621 1.53356659
    -0.500136256 1.58834815 1.37469566 -0.547127962 -0.435511619
    1.24436402 -0.347502559 -0.0497840643 0.666769385 -0.396170944
    1.01539719 0.416000783 1.33964658 0.86623615 0.26104939 0.811014712
    -0.0151534081 1.21199751 0.24467206 0.914403319 1.48120809
    0.976109684 -0.268272758 1.29743719 -0.346634656 -0.391017616
    0.439637363 1.45380616 1.1438942 -0.657899499 0.968211353
    -0.316839486 0.748639166 0.307647884 0.702234447 -0.497880578
    0.631739795 1.24546123 0.494890928 -0.285669684 1.50487995
    1.01595092 0.859875321 0.951520562 -0.495254636 0.876836002
    1.04835451 0.116859674 1.55045319 -0.50871408 -0.56140846
    -0.214043021 0.997717381 0.691099405 1.2987318 0.279370487
    0.891650081 1.38701999 1.15884352 1.47533154 1.54989791 -0.482436895
    -0.05716151 1.45302069 1.22100258 1.3904469 -0.535517752
    0.0875675678 -0.398023665 -0.624917984 0.00198000669 1.11535358
    0.800403059 -0.668147206 1.09012926 -0.632110894 0.899584174
    0.293619931 0.400371194 0.685933471 0.457575679 -0.356273532
    0.412797987 0.559430242 0.709735036 0.559836745 1.76032746
    -0.438837141 -0.419707596 -0.337180585 1.67059839 0.651139736
    1.45537853 0.0105381012 1.60059595 -0.118593276 -0.170440733
    0.368848264 0.15485394 0.905610025 1.54803705 -0.160249352
    -0.327986181 -0.055967629 -0.343192756 0.0789193511 0.884294212
    0.612976909 0.396066248 1.43966222 0.20906961 0.649688959
    0.683540344 1.64326644 0.678459525 -0.666587353 -0.741484582
    1.65877426 0.291461349 -0.53859961 0.57907474 1.23418307 1.26850438
    -0.851651549 1.44450855 0.680967629 1.43271685 -0.321010709
    -0.338150442 0.209265292 0.645397305 1.28995013 0.0742921829
    -0.0535841584 -0.27194804 1.20057464 1.05268288 0.762207627
    1.56717443 1.16055703 -0.424758464 -0.380045056 -0.708848774
    0.149523556 0.932874799 -0.638247728 -0.405731827 1.54390287
    0.530625999 -0.533048511 1.25854123 0.574577868 -0.124381363
    1.31427658 0.233792841 1.63233542 1.4564662 0.111041248 0.197350562
    1.70367098 -0.582732379 1.02457941 1.19495034 0.681104839 0.90872097
    0.651557505 0.415860951 0.3128106 1.48402858 1.38948941 0.706536353
    -0.27775085 0.603987694 0.613654137 0.507793665 0.44622314
    0.927293837 -0.388422132 0.997382879 -0.487508804 0.462236702
    -0.172463059 0.371023536 0.345079541 1.15896487 1.33804297 1.2077831
    1.54745138 0.246019185 1.36168599 -0.285397708 -0.713239908
    1.08772719 1.18081784 0.998796642 -0.513391256 0.124471962
    0.203220785 -0.0201444626 0.757781029 0.515501797 0.103208542
    0.369901538 -0.566024601 0.657081008 1.74283528 -0.128986239
    1.14366221 0.576194346 1.52015686 0.574584842 0.557409883
    -0.270008594 -0.4549025 -0.410423487 -0.296033502 -0.736085773
    0.802972734 0.0558333397 0.017706871 0.549029768 -0.33709079
    1.59705532 -0.00700205564 -0.470228016 -0.539147079 -0.474870533
    -0.368568808 -0.446979553 0.315214694 0.213527322 0.762819767
    1.23594952 0.821588039 0.703538716 1.27407455 1.38830829 0.752771318
    1.14036059 0.620373189 -0.234619021 0.352711201 0.690666735
    -0.00154912472 -0.42821914 -0.0944154263 0.865359545 0.533665836
    0.875767291 -0.366333216 -0.0725032687 0.441702962 0.175076008
    0.0639891624 0.339595437 0.665596604 -0.0402109027 0.0745813847
    0.500687778 0.600022197 1.71338773 0.469530106 0.211571574
    1.06977725 0.188903272 1.09811318 -0.664152026 -0.31182611
    0.641239822 0.0664921999 1.63909709 1.68869543 0.719132185
    0.439801931 1.22834897 -0.0732095242 0.0814991593 1.67885172
    -0.0344658494 -0.665288031 0.813111365 -0.0485193133 0.474920154
    1.33800995 0.699002683 -0.170384526 0.0397282243 -0.412989527
    -0.691359103 -0.0793242455 -0.410721511 0.128481865 -0.349133313
    0.926219523 -0.0759035349 0.426306963 1.52382052 -0.394256085
    0.972426593 0.810276031 1.12857318 0.360411227 1.73114324
    0.551472306 0.277543604 1.60846543 1.20634246 1.17014921 0.54221189
    1.59858799 -0.471614927 -0.388451487 0.0260603428 1.1357013
    0.480430841 -0.492713392 0.069042027 0.820193112 0.323683321
    1.06872988 -0.597551167 -0.367669016 0.724917531 0.751394093
    1.36180103 0.83801204 -0.573585033 1.62923253 -0.414937884
    0.270230472 -0.042443037 -0.138165057 0.647322237 0.831394017
    0.617069781 1.57644773 1.48555446 0.130723834 -0.468614876
    0.479332447 -0.433960289 -0.578496814 -0.338502407 -0.465170979
    1.7908926 0.272196174 0.946464598 0.7320081 1.34202969 0.148525596
    0.637621403 1.49117041 0.979522526 -0.765107274 -0.603341579
    1.13800788 0.916587651 1.613922 0.210416615 0.102051795 -0.214353979
    -0.510959089 -0.21200195 0.396748245 -0.291086793 -0.706029058
    1.05136108 -0.473336577 -0.420939505 1.00300086 1.65748429
    -0.164398313 -0.10454613 1.69656634 1.12140751 1.70188785 1.10900533
    0.327632487 0.995140493 1.56821477 0.122475684 0.845695257
    0.19952929 0.702980578 1.25090909 -0.440698802 1.5321517
    -0.665958166 0.794328213 0.84081775 0.912931681 -0.0502628088
    0.95808506 1.01987219 -0.250471443 -0.238892406 1.37673402
    0.0072619319 0.367958665 -0.33494857 0.481494606 -0.647777379
    1.84366298 -0.294891596 -0.4455477 0.519632995 1.20007467
    -0.699722648 -0.0588238835 1.48132741 -0.380969912 0.494675994
    1.19326758 -0.235301852 0.420350134 -0.414616793 0.636376858
    -0.527811229 0.070815146 1.50061715 -0.0265410542 1.13279247
    1.46399808 -0.192840993 1.26387906 1.34272814 0.215202749
    0.534691274 1.04749274 0.8579759 -0.133102775 -0.221345305
    1.49653435 0.296075165 0.510371089 1.05150247 -0.161110461
    0.556445181 -0.475460351 0.364216566 -0.683134794 0.533893347
    -0.455772251 0.98704809 -0.0876464844 0.999519646 0.968952596
    -0.384456992 -0.562955141 1.21438718 0.16321665 -0.723649025
    0.71928221 0.563671768 0.193420172 -0.0776520371 0.889211953
    0.255755007 0.840343118 0.342705846 -0.526302218 1.55378485
    0.346967101 -0.520632088 1.44213414 -0.572390556 -0.446591854
    0.992536128 -0.132095814 1.47456312 0.17087096 0.847640872
    0.293576658 -0.0921696424 -0.287212044 -0.329487771 0.683248699
    0.0330309868 0.720178545 0.721293628 0.32945621 1.45995533
    0.25274688 1.29639304 0.870649636 -0.443919033 1.52665019
    0.379053831 1.64307368 0.0776141286 0.0556272864 0.932061791
    -0.73492825 1.11153078 0.285913885 0.235623419 0.767241478 1.2233634
    1.06113553 0.684187591 1.53573847 1.0312773 1.09086323 -0.660608828
    1.15425682 0.342387199 -0.542789757 -0.577021599 0.85521549
    0.543117404 -0.311263472 1.17093229 -0.726923764 0.656383872
    0.405942976 1.3463527 -0.200878084 1.11119723 1.28904223 1.31667089
    1.78914952 0.0293048024 -0.486642361 1.39371371 0.88366735
    1.60704136 1.38103247 -0.434366882 -0.026486814 -0.658645511
    0.370701611 0.201688468 0.857212842 0.244223714 -0.461760014
    -0.653459191 1.35042441 1.0813396 1.73720646 0.332773566 1.28778732
    -0.456564903 1.29329324 1.68488717 1.1220994 1.2626121 -0.148729265
    1.03292763 1.56375921 0.770785153 0.700286329 1.03774655 0.760431826
    1.73777604 1.71624804 1.78038824 0.168313086 0.881505251 0.671437919
    -0.197758585 -0.0150899291 1.56764531 -0.341718197 1.32335258
    -0.150044143 -0.309093237 0.018841207 0.105227292 1.67783833
    -0.679756641 -0.428727895 1.02959895 1.04826498 1.20594728
    0.302791417 1.35753894 -0.39199844 -0.727546632 0.129088163
    0.224155486 0.55594033 1.73025835 0.321697295 1.59581089 0.864667535
    0.507640243 1.26845026 -0.253285587 -0.430683255 0.834551454
    -0.526163101 0.0502530336 0.96600771 1.26569414 1.37563396
    0.0954073071 1.77540612 1.72396445 0.280007958 1.30502534
    0.183834851 -0.179102004 -0.293935627 0.0480661392 -0.321104407
    1.56305027 1.4993881 0.247640848 -0.0537589788 -0.709667027
    1.64686823 0.755959868 1.53747654 -0.43685168 1.09135067 0.82054311
    0.0299835205 0.759206116 1.23728859 -0.577643037 1.7163198
    0.827858865 -0.248935938 1.63034415 0.783597708 1.09734559
    1.40385568 0.873714805 0.192962885 -0.444239527 -0.211656332
    -0.148011506 1.05311465 -0.5389148 -0.22737205 -0.0763663054
    1.20323467 0.208599865 -0.668248713 -0.219301641 1.27684784
    -0.65365237 1.45206153 1.58446801 0.323674262 0.355045617 1.11530662
    -0.632295132 0.712279975 0.13419044 0.334649563 -0.515609503
    1.41062236 0.10691762 0.784638703 1.00902069 -0.117215753 1.58567798
    -0.34479636 0.560575008 -0.140406251 -0.315205067 1.41773582
    1.70367014 -0.0666223168 1.65822983 -0.19360131 0.858075202
    1.08815312 -0.425656796 -0.404893428 1.56630397 0.606841207
    -0.284933597 0.996848762 0.394138634 -0.0252787471 0.749687195
    1.58033657 0.890090287 1.63534522 0.62523061 0.135427296
    -0.0555491447 0.661424816 1.49990344 -0.650933743 1.4338901
    0.441866457 1.37387502 0.477998495 0.358075619 0.744102359
    1.10972762 0.554377496 0.297500014 -0.564563096 0.42888397
    0.855400741 0.734667122 0.609005928 0.251404703 -0.158282816
    0.468417883 1.55408955 0.682458401 0.968851566 0.83832556
    0.612211764 -0.51325959 1.31142616 0.421978712 -0.229311824
    0.80923897 0.72124505 0.439371288 0.335577428 1.28949416 0.171545565
    0.0235372782 0.324547172 1.47989249 -0.495429486 -0.0972750187
    1.62738705 0.949397504 0.956578135 1.46246696 1.45988846
    -0.182066441 0.685944557 -0.0742483735 -0.659080923 1.18092823
    0.556201816 -0.494128942 0.950531125 1.28245389 -0.256478131
    1.10532677 -0.54212296 0.293111503 0.237359583 -0.449232906
    -0.0884072781 0.381037533 0.514953554 0.501225829 0.702093303
    1.06990933 -0.403408349 1.40392125 0.738348544 -0.213820696
    0.368043065 1.3029623 -0.114781439 0.457055867 -0.552970171
    1.29204893 0.0156184435 -0.0842996836 -0.276631504 1.04111862
    -0.115110159 0.902138293 0.706210971 0.199019492 0.189601719
    1.28086686 -0.730441928 1.27836454 -0.665611863 -0.698154449
    -0.0788822174 -0.650526047 -0.184358835 1.00884604 0.657468677
    1.09131002 0.596687973 0.754490554 -0.576227725 -0.479695052
    -0.648101091 0.545791447 1.80710685 1.43080902 0.742457926
    -0.755942583 1.14006782 1.31522679 0.448482573 1.10853338
    0.453254759 1.45669222 0.991288185 0.199824929 -0.100071013
    -0.127705038 1.16208792 0.535055041 -0.342828214 1.60706902
    0.150741756 0.961013734 0.477217853 0.256665587 -0.119960189
    -0.439008623 0.163127005 1.4436636 0.547437787 0.116749197
    2.00037336 0.321620703 1.36188698 1.4308939 1.04166365 -0.700377762
    1.57051325 -0.527175903 1.55027866 -0.134389162 0.0434933901
    0.910142243 1.40558386 1.70867038 0.285308003 0.850162685
    0.766907156 -0.576693296 1.48675299 1.31707764 1.36273289 1.5957495
    0.864300489 0.088111043 1.07017529 0.408367693 0.142171323
    0.0837782621 -0.244880766 1.579458 0.39497745 -0.270677298
    0.574008763 0.0404624939 0.76586324 -0.0444591641 -0.384660423
    0.0119256973 1.58065724 0.367267847 0.153857112 1.02143574
    0.77111721 0.793050587 1.51135802 0.902572513 0.927031279
    0.365799725 1.62289822 0.44801265 1.64627767 -0.405253947
    -0.317618996 1.4965148 0.724650264 1.1253705 0.538886011 0.566250086
    0.726873875 0.927804768 0.218774974 1.80596471 0.802803636
    0.399546444 -0.706255734 0.305853844 0.559739828 0.198314786
    -0.143965721 1.307271 0.309253037 0.393138289 0.764233947
    0.132061124 0.265834689 -0.0691508055 1.46093774 0.530357003
    1.16742766 1.28320694 1.33911777 0.695668697 1.56052399 1.13113213
    -0.269422054 1.62573314 1.16373849 1.71369028 0.272129357
    0.575309396 1.13957524 0.19527781 1.18939078 -0.476636887
    0.454548299 0.698277771 0.244609535 1.48695731 1.82184792
    -0.114772737 -0.436917603 -0.611498415 1.39061475 -0.553143144
    0.14741534 0.351247251 1.61158562 -0.171363771 -0.542687178
    0.199493647 0.0044772625 -0.344942123 1.75776243 -0.640586972
    -0.351241142 1.17306304 0.664471924 0.126583457 -0.547586441
    -0.617615461 0.95890373 -0.0624881387 -0.162077069 -0.255915403
    0.427382886 0.0510628223 0.211520731 0.0312889814 1.08197093
    1.19879985 0.371757507 -0.65554589 1.53558135 0.257023692
    0.959247351 1.65899801 -0.048073411 0.988204122 0.507811308
    0.0895622969 1.03476763 0.373823464 0.266349494 -0.370766848
    -0.246509969 -0.231694221 1.50983191 0.269429624 1.08211565 1.550529
    -0.230579615 0.0822159648 0.588686407 0.32093364 1.58619106
    1.54475951 -0.33007583 0.369636059 -0.318240255 -0.126470029
    -0.656488061 1.11529982 1.72553921 -0.369107068 1.38351917
    -0.3082304 0.438748658 0.970580101 0.482032359 0.797792852
    1.11073017 1.5540905 1.28277516 -0.35443151 -0.223673671 0.759199679
    1.01024961 0.677906692 1.60228133 1.57487929 0.123645902 1.54644895
    1.71613383 1.70745587 1.37479615 -0.55851537 0.376244843 0.255282044
    0.912050247 1.56530142 0.477010489 -0.00212848186 0.715606391
    0.294357896 0.125650167 -0.311573267 1.80127656 -0.633506835
    -0.688578308 1.3100915 1.36791754 -0.422204018 -0.0957813263
    1.82390141 1.41605687 1.46097207 0.471061349 -0.736857653
    0.319735944 1.29664826 -0.0822408795 1.50661659 0.143211603
    1.6089983 0.158479631 0.985310018 1.22827208 0.436426103 0.715333521
    -0.578857243 1.39394999 -0.26257059 -0.317002088 1.21330833
    0.632870197 -0.188809752 1.33078372 1.01967752 -0.462989181
    -0.537732542 0.586526632 1.12952816 1.39664507 0.420179069
    1.55374527 -0.512592137 -0.471579164 0.303317308 -0.507633567
    -0.0614216924 0.951161861 1.02815115 0.418918371 0.734273434
    0.859730184 -0.418586642 0.957256079 0.52091831 1.45007372
    -0.637165368 -0.56179142 -0.57569921 -0.531326294 0.519788623
    1.81457949 1.96866071 -0.369428605 0.787530184 1.25304258 1.40822494
    0.14292115 1.16481745 1.42172241 -0.618561745 -0.700294614
    0.656416237 0.792910397 0.468854606 1.39859092 -0.566200137
    -0.0143260956 1.58373713 0.232868195 -0.115349829 0.783322275
    1.30127859 -0.743500352 -0.0162566304 0.804346621 0.195102453
    0.704849005 -0.0412647128 0.36026001 0.0652558208 1.31889713
    0.104239702 -0.394013286 0.664336264 1.00091493 0.597260892
    1.47933388 1.566769 0.0866470933 -0.227543116 1.63617706
    -0.529511452 -0.240432739 0.660871983 1.53892636 -0.708990455
    -0.491326392 -0.132318854 0.300535858 1.68132555 0.304816008
    0.879740477 -0.619375229 0.0555859804 0.417723 1.7630055 0.21697551
    0.551928878 0.747407258 -0.670953214 -0.619648337 1.7320981
    0.127905607 0.0619364381 0.0762657523 -0.5281111 0.900502026
    0.896895945 1.27576542 0.483499765 -0.61312604 0.531318069
    -0.648072302 1.26816249 0.611188114 -0.142698526 0.864230275
    -0.67002964 0.730193377 1.47359014 -0.386941612 0.698918879
    -0.0398302078 0.766970217 1.69784951 -0.669138134 -0.385888666
    0.370600104 0.818920493 0.579398394 -0.314812303 -0.618718863
    0.564022839 0.366459846 0.729676545 0.307287991 0.254018009
    1.01238787 -0.0526158214 1.54463756 -0.36116606 -0.306738317
    -0.128415465 0.526013613 1.69303942 -0.0274665952 1.24023104
    1.57398224 1.63730597 1.37692142 0.616148353 0.621078849 1.68437028
    -0.0390173197 0.113059402 0.936331153 1.40983963 0.895228982
    -0.522653341 1.24906671 -0.224181473 -0.0212656856 -0.148855209
    -0.589588881 -0.124535441 -0.373541147 1.45440578 1.75880623
    0.156560838 0.472768307 1.37180042 0.614293814 0.738192081
    0.632391632 0.899906516 0.512557328 -0.734401762 -0.287211478
    0.20314908 0.923992097 -0.346451312 0.110392451 0.361123085
    0.99544543 0.423490942 0.510647237 0.613839865 1.20510876
    0.160246491 1.15164447 1.27720976 0.881289065 -0.66143769
    0.192614377 0.287260592 0.939062297 -0.502992094 -0.339888722
    -0.19584161 0.160848558 0.587339342 0.498986959 1.07312942
    0.182207286 1.71742702 0.803911507 1.25940108 -0.674223006
    1.31309295 0.606418431 0.990361631 0.975186765 0.442188919
    0.576059699 0.00974744558 1.04117751 0.756439388 0.027244091
    -0.0431451797 1.63854623 1.29945755 -0.577003002 -0.624098301
    0.713663638 0.251244545 1.17843735 -0.471977383 -0.428082138
    1.54759383 -0.436758876 1.27032948 -0.408414602 1.66433775
    0.394804299 -0.367618918 1.66111708 -0.295959145 -0.644554436
    0.0459230542 -0.434751838 0.225993156 0.4426108 -0.269731969
    1.39271593 -0.430346757 0.319937468 1.51908636 -0.0737166405
    0.63923645 0.981724858 1.12844098 0.736396432 1.20760262 1.18290389
    1.25474787 -0.249689937 0.442689955 -0.460816741 0.919348896
    0.858802617 -0.0051549077 0.374755681 0.725451052 1.4684881
    -0.33636564 1.16537094 0.219063103 0.224847436 1.20523143
    -0.408200651 -0.134760082 1.11262465 0.809525192 0.471111655
    0.672973752 0.740934312 0.56475395 -0.686863065 1.22041011
    -0.157044888 0.440433264 0.74832958 -0.0387656093 0.939215481
    0.152974367 1.34653342 0.989766717 0.507893384 1.24621725
    0.244479895 0.356945217 1.29871416 -0.612244129 0.745572805
    0.564900458 0.563467383 0.908783972 0.252796799 1.72799122
    0.874499798 -0.652257264 0.718808293 0.285127521 1.71632206
    -0.697736204 0.955356419 0.324314058 0.763136983 -0.12707144
    -0.0114828944 1.73820567 0.0248140097 -0.766361177 0.199806571
    0.594816446 0.286346912 0.306420505 -0.276999086 1.01756454
    -0.670093894 -0.0529239774 0.432729781 0.82526052 0.764104545
    1.00720525 1.32212222 -0.700908363 1.06923366 1.31993854
    -0.412103623 0.35443455 1.52354717 0.960211873 1.30148673
    0.868178487 1.26829791 -0.64043951 0.524724901 0.734021842
    -0.0824913383 1.40763998 0.646539211 0.150538087 0.756869674
    -0.500386119 1.53686702 -0.617548823 -0.158097327 1.70445979
    -0.500602603 -0.0710344315 0.804598093 0.163818717 -0.619478464
    1.51388931 -0.0404980779 -0.647927105 0.506977201 1.16977894
    -0.0952968001 -0.546646237 -0.020627141 1.41112924 1.48235345
    -0.820128441 0.309556782 1.379426 0.906938374 -0.412919044
    0.251464486 0.870586336 0.623697639 1.15376174 1.57580423
    -0.209845543 0.903172195 1.59598184 -0.219201505 0.00915032625
    0.31078738 -0.568746924 0.696493745 0.507751584 0.997776091
    -0.0697075725 1.19244099 1.40724254 -0.0403596759 1.1427412
    -0.484636396 1.39570677 1.31697428 0.411138654 -0.672389328
    0.0280742049 0.308265626 0.762872517 0.959135354 -0.069660008
    1.40561676 1.555812 -0.0368199944 1.06234956 -0.408952206
    0.939556777 -0.757614255 -0.0480104685 0.174340248 0.58698678
    1.58688962 1.17706776 0.185295761 0.665180802 -0.00593370199
    0.953536332 1.13978505 -0.617472947 1.22065926 1.6335032 0.847394526
    1.14424062 0.358203709 0.275898039 0.188164473 1.7418499 0.272922456
    1.10701585 0.161059201 1.36370099 -0.0850117207 1.16527843
    1.39081645 0.604675472 0.285894513 0.667203605 0.663251042
    0.364017785 -0.372100115 1.70541716 -0.170799911 0.971072853
    0.599789917 1.60624528 -0.711920977 0.842209578 -0.00867640972
    1.03134441 -0.135383308 1.52135849 0.893535972 -0.728269279
    -0.372739702 1.36865711 0.553160965 -0.552393794 0.980534613
    0.402319014 0.246010363 1.06972408 -0.245271981 -0.283193767
    0.0699532628 -0.694070756 0.373050749 0.664158344 1.29477286
    0.116275191 -0.124866784 0.872064948 1.27780199 0.96693331
    -0.0200277567 1.61399198 -0.398752183 0.891059577 0.912086964
    -0.205320179 0.538015783 -0.469169766 0.256277859 1.55188155
    0.047809124 0.686380029 0.796703756 0.0692380667 0.469985187
    1.50660348 -0.792368889 1.34900117 0.512315512 -0.522465229
    0.563071787 -0.0432778001 -0.097907722 1.6746335 1.28924799
    1.59635043 1.78568316 0.2243222 -0.496646225 -0.625829637
    0.664970338 1.1651299 0.0112691522 1.6060673 -0.132404447
    0.979294658 -0.654244184 0.0705677271 0.914061487 0.527346134
    0.210436046 1.59797931 -0.296138465 -0.665522695 1.80184472
    1.26866639 1.03431213 -0.674530625 0.0831000805 -0.663425863
    -0.267638355 1.75453043 0.0745000243 -0.581878901 -0.130460501
    1.07325888 0.0375227332 -0.162459016 0.708109438 1.50215936
    -0.663336039 0.244616985 0.203538716 1.66855145 0.0135661364
    0.321069658 -0.207701623 0.02333498 -0.275973678 -0.148916423
    1.269333 1.55569339 1.52826691 1.52579463 -0.655429125 0.264494658
    -0.616228521 1.10226202 -0.14108938 -0.0295987129 1.38522387
    -0.424534917 0.746393561 0.376662552 -0.591425776 1.56744647
    0.0102905035 1.33424449 0.374326289 0.439434409 0.896478653
    1.18505812 0.671498418 -0.39039886 1.31004775 1.22005916 0.805333495
    -0.188276649 1.41957879 -0.370686412 -0.609238625 0.375973821
    0.426379621 1.04691148 1.24623001 -0.389038533 1.0503428 0.445440948
    0.305566847 -0.190428138 -0.65631175 1.22524977 -0.340570986
    0.83615011 -0.607088566 0.519742131 1.43182755 1.55913424 0.44253248
    -0.191172779 0.387604773 0.91489172 -0.477849394 -0.615390301
    0.664094627 -0.129185498 0.265346706 1.70758903 0.56339401
    1.74117935 0.695129931 -0.581853032 0.179424703 1.49768424
    1.29499435 -0.440924436 1.75143003 -0.222653389 -0.15603435
    1.61496294 1.02186811 0.053555429 1.42893517 0.469831467
    -0.0407233834 1.54917061 -0.0323645473 1.19971204 1.22030151
    0.471120656 1.38148713 0.974918604 0.0953104496 0.624156296
    0.428071499 -0.321392894 1.15319657 -0.474110633 -0.430567622
    -0.367201984 1.20394111 0.479753852 -0.539774299 -0.139724076
    1.71390653 0.136688709 1.663908 -0.343998134 -0.315530449
    -0.52140379 1.54878759 0.0360654593 1.7330451 0.679003239
    0.0701195002 -0.640954256 1.20240295 0.104190469 -0.518702328
    -0.651584029 0.609895587 0.789899468 -0.24659735 1.4541384
    -0.571108997 0.135118186 1.07507777 -0.54659754 1.10842037
    0.126283646 0.521423995 -0.158852339 1.16210294 0.278079033
    -0.280772716 -0.730953932 1.39488339 -0.356949836 0.642940819
    0.849433541 0.0739853978 0.840034127 -0.376862854 0.975748301
    -0.30682829 1.17204428 0.16587317 -0.684191763 -0.38993904
    1.63489437 0.94697094 -0.148069084 -0.642285407 0.600638926
    -0.211817145 1.45587373 -0.23071748 1.03043187 0.255157769
    0.747223973 -0.0887258649 1.48176634 0.823653519 0.664288163
    0.413814723 1.66123927 -0.627178729 1.64616442 1.47372866
    -0.548440993 0.157075465 0.267039657 1.01342201 1.23002458 1.3377924
    0.396054029 0.886575043 1.71921241 0.874642253 0.366291344
    -0.650622368 -0.231112152 -0.379827529 1.23510957 0.444322944
    0.0520792603 0.601144314 -0.276775777 -0.211438477 1.29471278
    0.927543104 -0.732095182 -0.432391465 -0.581997752 -0.408198565
    -0.267609209 0.245694458 0.183873713 1.29873574 0.776174963
    1.4420346 0.147342861 1.10123253 1.50613797 -0.724866748
    0.0367647409 1.3640635 -0.433972329 -0.244073272 -0.717100382
    0.398266137 -0.736902118 1.04149818 1.53040218 1.12816715 1.66684365
    0.111770034 1.36485291 0.403653681 0.790346265 0.47793448
    -0.123963177 -0.452198863 -0.0906785727 0.0832787752 0.97252965
    0.0513876677 -0.645495474 1.23804247 0.0229837298 1.66476488
    -0.664492667 -0.594837368 0.0406684875 1.26543009 -0.442118526
    -0.333480239 0.724710345 0.569065034 -0.076913774 0.249161422
    0.512918413 0.0313252211 0.471733212 0.606335998 1.3807826
    -0.396261364 0.39634198 1.58219755 -0.284833133 1.01672566
    1.74258351 -0.323253274 0.103396893 0.752704084 -0.548402965
    1.40412307 1.10232294 -0.425409317 -0.128889382 -0.427334875
    0.245077789 1.38854098 1.14143169 0.636907339 -0.0765080452
    0.570811331 1.52561212 -0.117533982 -0.413261026 0.563205898
    -0.155840397 0.921382964 0.596515179 0.0130514503 -0.651356161
    0.816497028 0.948330045 1.91869092 1.06752586 0.321587801
    0.571345568 1.38068557 -0.330450833 -0.072871387 0.500129879
    -0.560103297 -0.513147533 0.897026956 1.79268539 0.95720917
    -0.695387602 1.32218575 1.56160331 -0.184279501 -0.730477691
    0.677730262 0.722733319 0.89056778 0.830264091 -0.460292935
    0.656111896 1.17839146 0.663019359 0.492720366 0.624473393
    1.22862911 0.0724851489 1.06418395 -0.0291478634 1.26110804
    0.108823895 0.470602512 0.692929089 1.54267669 -0.155231357
    0.78376627 1.3916657 1.16891193 0.997679889 0.116280019 1.06744194
    0.99650681 0.785569727 1.40110493 1.16805983 -0.17023176
    -0.263078004 0.0839041471 -0.0400353074 1.21030581 -0.193377554
    0.084862411 0.269233584 -0.550352097 1.65481758 1.12928581
    -0.583709896 1.04208183 0.525230885 1.36357689 0.801958382
    1.57561016 -0.334400296 1.00980067 0.408838332 0.977573276
    0.846511662 0.350206435 0.888349414 0.224261403 0.921944559
    -0.353476226 0.702183485 1.55847049 0.432050586 1.07529974
    0.124424458 0.952659965 1.59429002 1.67166305 1.28726625
    -0.000686466694 -0.140508175 0.883337855 -0.322308123 -0.358790249
    1.19510174 1.3557024 -0.26833719 0.652360141 0.548843563 0.154568017
    -0.271420836 1.46802998 1.64699113 1.67096353 0.827025473
    -0.0967239738 1.65261602 0.320944846 1.48195398 -0.286712855
    1.62857389 0.69584173 1.43592215 0.502178133 -0.300551564
    -0.35587424 -0.0927795768 1.71825504 -0.344410121 0.61513871
    -0.12881124 0.235178888 1.41936755 1.42109919 -0.661934793
    0.333441377 0.1451177 -0.111084759 1.54270482 1.019068 0.859174132
    0.541735888 0.0480440259 -0.620500743 0.652439058 0.114779651
    0.0298921466 0.517144382 0.564564526 1.57482529 0.227300704
    1.35656345 1.58614492 -0.214244783 1.26163816 1.15622354 0.693297565
    1.38485122 0.640219808 -0.257026106 -0.602445841 1.32607412
    1.40704823 -0.170119405 1.0798955 1.4258461 1.40081048 0.806161821
    -0.712005615 1.61756492 1.40059972 -0.301032275 1.31254709
    1.57792008 -0.204390943 -0.28156209 1.71903491 1.68956947
    0.586933553 1.04203749 1.14213276 0.904451668 1.64521599 1.15204406
    -0.467969269 0.407004535 -0.204244494 0.654494882 1.08873868
    0.804845333 1.58604467 -0.543346226 -0.53527534 -0.112881839
    -0.2576527 -0.142699897 1.36867809 1.25490999 0.550346911
    -0.529791713 1.59086514 1.40904105 0.922176182 0.232876718
    0.464582026 0.032305479 0.655471146 0.205488205 1.49457622
    -0.0167443156 1.56455004 0.802685976 -0.484570146 -0.492394596
    -0.379386216 1.33533072 1.14617991 0.952137649 -0.397274643
    0.40125668 0.520713806 -0.748841643 1.23766279 1.01040697
    0.901861548 0.290621102 -0.608494222 1.1750319 0.600226402
    -0.0503044724 0.590886176 1.72630107 -0.283975244 1.77653599
    0.810003459 -0.000312507153 0.720446229 0.45801127 0.43160367
    0.423516333 0.542473257 1.26851308 -0.300517738 0.764265954
    -0.480076611 0.615740418 0.709050179 1.05507576 -0.600293279
    1.13527203 0.199664295 -0.56474793 -0.0356315374 0.128835857
    1.24391699 0.446684778 0.421015799 1.37515402 0.610738039
    -0.792855978 0.684513509 0.231971025 1.07406306 -0.471417189
    1.8313396 -0.30814749 1.57261634 1.31147075 -0.0776536465 1.36245775
    0.41060394 2.04577613 1.21526992 1.73490131 0.954566479 0.931777179
    0.5216223 0.500420988 -0.578237176 0.996850252 0.912604272
    -0.352393925 0.0689688325 -0.0509340167 -0.454954237 0.12589097
    1.71297312 1.04118884 0.882101834 1.35442448 0.799595296
    -0.213178098 1.56942892 0.74292022 0.932565808 -0.2236498
    0.335671604 0.219337106 -0.119486928 0.652299762 1.12986958
    0.978302717 0.671579838 0.641555667 0.219588935 -0.703802228
    0.552804768 1.17086172 0.58432591 -0.554719269 -0.0666563511
    -0.345861346 1.16051233 0.934136093 -0.134386003 1.31971383
    1.50168049 0.437973619 -0.486911476 1.03293252 0.816097021
    -0.621847034 1.64264727 -0.541956544 0.374328434 0.294540644
    0.900541902 -0.139634013 1.66328967 -0.411551088 -0.239382267
    0.358951092 1.4668591 0.709399283 1.66153479 0.739386082 1.58512771
    0.139225185 0.438159943 -0.271757424 -0.735136032 -0.023121953
    0.0343022346 1.69018006 -0.33124733 -0.50030911 0.461957514
    1.34830463 1.24587345 0.844029009 0.0145801306 -0.417467028
    0.475526631 0.319919169 0.940717816 0.101678848 -0.441946387
    -0.474000454 -0.0846370459 1.03924263 -0.0316732526 0.306972861
    -0.115724206 0.289918363 -0.599031031 0.729064941 -0.533997297
    0.538166642 1.39985609 0.465377271 -0.123167992 1.04806745
    1.16685402 0.59320879 -0.483599871 -0.320927203 0.446457684
    0.116159976 1.55455816 1.52112746 1.03714681 1.76033282 0.0906979442
    0.110318184 1.43820596 0.203647316 0.41891396 1.59712481 0.898331583
    -0.667033374 -0.286468863 0.355627775 -0.370476007 0.146343589
    -0.126292527 0.17797035 -0.430247307 -0.591929674 0.886757553
    1.04433846 -0.598087966 0.250770688 0.0401592851 1.35683417
    -0.661660075 1.17855549 0.77187556 -0.287494123 0.308398485
    -0.599141479 1.46026707 0.239083171 -0.116303623 -0.0968257785
    -0.20476079 0.505268276 0.237982631 -0.411120743 -0.306592822
    -0.382662535 -0.146976352 0.632259071 1.1687212 0.445592165
    0.691972733 -0.668530524 0.802752912 1.46025622 1.00057554
    1.54620957 0.568019927 -0.651251614 1.2353698 0.60512805 1.0370934
    1.00180626 1.0267545 0.382196903 1.49926424 1.08835554 0.500836253
    0.445113719 -0.29252255 0.565440476 -0.496561974 0.73267144
    -0.343687057 -0.496168643 -0.659639895 1.69876409 1.16740119
    1.26939178 0.287565947 -0.628825009 0.779041946 0.672746062
    0.916490912 0.192800045 1.42908406 1.15032387 1.25354695 1.04564476
    1.26080894 -0.813870072 0.961119175 0.925341249 0.113963127
    -0.236445367 1.64082825 -0.371294707 1.14911103 0.999391437
    0.30499953 -0.288538545 -0.337697595 -0.0156835318 1.23451126
    1.63723326 1.11159229 0.105745435 0.627568305 0.429937482
    -0.601787448 1.74255109 -0.226960838 1.33484745 0.319079638
    0.0426895618 -0.578135312 -0.618139684 0.478653073 0.374851942
    -0.296419322 1.58165157 1.51417422 0.68240577 0.585518777
    -0.485073268 1.82400441 0.206972539 -0.390103161 -0.190598071
    0.704932868 -0.642643631 0.30596602 -0.0199615955 1.25693381
    0.665415883 1.76387572 -0.196286917 0.925622821 0.776053905
    -0.543905497 0.331588686 1.03135121 0.477955103 1.40764785
    -0.383273661 0.949002326 -0.6842103 -0.422912061 -0.428637177
    0.639798403 1.43796802 -0.130354226 1.68040097 0.503841162
    -0.431670547 0.705636561 1.77273989 -0.622037649 1.12301445
    0.300329924 -0.0803080797 0.456647217 1.07532692 0.594402611
    -0.179842532 -0.037140429 0.733755648 -0.707421541 0.535117328
    1.01073909 -0.710741758 0.272209406 1.37261271 -0.753893852
    0.763938963 1.71179831 0.921188712 -0.761533737 1.55088782
    1.01395118 1.69513917 0.229480386 -0.655419469 1.55993986 1.19897544
    -0.034373045 -0.681186676 -0.092554152 0.841538787 1.19768667
    0.984023333 1.53626406 0.354880035 0.538612902 0.0960208774
    1.43956804 -0.518680096 -0.125557065 -0.343401015 -0.274795711
    -0.285320491 -0.0339124799 -0.112155735 -0.186514497 -0.430556118
    1.49265671 1.46584499 0.877181888 1.53937268 1.52128863 0.81060791
    1.29044747 -0.729783714 -0.21893841 0.848502636 0.638415813
    -0.799960792 -0.641214013 -0.111751199 0.271310568 1.30193877
    1.40655637 0.933959246 -0.00890117884 -0.139036655 1.13226628
    1.29900432 0.927114904 0.613848627 1.17064703 -0.448099077
    -0.230149329 1.69268608 0.567094862 -0.423348844 0.921122313
    0.525375187 1.12837648 0.805268526 0.0215960741 0.302206874
    0.518951595 0.88413018 1.14688897 0.874289989 0.947928786
    -0.145497799 1.18029535 -0.184132814 0.712273479 -0.327772617
    0.0728952289 1.00959027 0.350846112 -0.440111965 0.308708131
    1.53495848 -0.306556642 -0.454122722 1.76123619 -0.102454066
    0.475522995 1.57773352 -0.319704294 0.362229884 0.0453051329
    0.385246933 1.23031271 1.76140988 1.5068965 -0.650666714
    -0.124723911 1.58078778 0.471037745 1.05038285 0.67674017
    -0.534264147 -0.0380803347 0.801848412 0.214407146 1.1344564
    0.388761699 0.422049224 1.24485874 1.74173355 -0.660078406
    0.483242512 -0.549139619 1.15623713 0.518446922 1.45212507
    0.799201667 0.546854794 1.45605648 1.60370886 0.137272418
    -0.733373523 1.44414544 0.337047815 0.53381753 0.427419901
    0.306361496 1.4330833 -0.350565434 -0.0815502405 0.568763435
    -0.590007842 -0.481460541 1.27175367 1.65230227 -0.564653397
    0.381243825 -0.491138697 -0.205730319 -0.401145697 -0.428621024
    0.141488552 1.00662684 0.249895215 -0.177282035 1.31715953
    0.906755865 1.06400061 0.841324389 0.580666184 -0.0610582232
    1.65761209 1.45359004 1.50807595 1.16391063 0.89172405 0.890561938
    -0.50015527 1.32222652 0.0671179295 0.267256737 0.353987515
    0.37096554 1.4286772 0.817121446 1.63288963 0.416530192 0.866073549
    -0.762925625 0.932031155 1.16851115 0.089240551 0.958793223
    -0.676467061 0.747000337 -0.288255662 0.0295407772 1.31079817
    1.72636032 0.608746827 1.53707075 -0.0925505161 0.575456262
    0.0927690268 1.27396679 -0.0982063413 1.20708656 1.68387413
    -0.339949071 1.26324189 -0.153197885 0.848092675 1.04378724
    0.326277554 1.78326964 0.328841329 -0.624032736 1.13543117
    0.379029512 0.335093737 -0.60430187 1.72811377 -0.734709382
    1.52693009 0.51534313 1.13489199 -0.622917235 -0.607647777
    0.576666892 1.58031726 1.26598406 1.0166707 1.00910044 0.994523585
    -0.556596696 0.885615826 0.73102057 1.44903708 0.574145555
    0.809423625 0.57693398 0.217133284 0.221289873 0.354137659
    -0.649585485 -0.406802326 0.656822383 1.48453379 0.330864191
    1.40475309 -0.176410556 0.274726331 1.43488288 -0.227079183
    0.321324348 1.14017594 1.28093719 0.811352491 0.488170087
    -0.327648848 0.618062556 1.55148196 -0.431478769 -0.446107805
    -0.587804973 0.71506983 0.832737327 0.632743418 0.732644975
    0.955528378 0.743930817 0.366675436 1.4665817 0.243061066 1.11137033
    -0.426030457 0.503751159 0.92234844 0.0594081283 -0.0577891469
    1.55206656 -0.288176477 0.776450396 -0.0266823173 -0.518173158
    -0.355238318 0.0795469284 0.888551116 1.11781168 1.51514912
    0.974526465 1.39220452 0.157907248 -0.00484913588 -0.00932794809
    0.64855659 0.791993439 -0.231433749 0.183528244 0.232153058
    -0.281856537 -0.651084721 0.392133772 1.75818431 -0.668907046
    0.0126485825 0.681083143 1.47825646 -0.135667443 -0.1134004
    0.573767126 0.827880383 1.68803692 0.0794998407 -0.737843752
    1.44146848 0.567461133 0.411982715 -0.25572598 0.896996915
    1.32480574 -0.256945431 1.42945337 -0.256371379 1.56675506
    -0.582095325 -0.607988238 0.500505507 0.000428557396 1.55574942
    -0.17303884 0.538116693 0.967265189 0.329633355 -0.744238257
    1.14226055 0.329174936 -0.489967495 -0.300892949 -0.650167167
    0.633672297 0.593600214 0.4065395 0.135812461 1.28596711 0.316409349
    -0.223220646 0.542021215 0.499436677 1.55206037 1.15975642
    1.32375741 0.863459826 0.291664779 -0.688349366 0.575463176
    0.735827923 0.677227199 -0.00208884478 -0.660759687 0.315459192
    -0.64731282 -0.396938652 0.976138592 -0.37946403 1.22268105
    0.855971515 -0.326020747 -0.289561659 0.64869827 0.0711117983
    1.72739756 -0.705487132 1.62652802 0.441956758 -0.656251013
    1.04867101 0.510487974 1.4319582 1.40241122 1.58723831 0.113512397
    -0.637923956 0.303646564 0.820583582 -0.0957818627 0.935737431
    1.33657992 -0.436430335 1.20716155 0.889787376 0.278148055 1.0507381
    1.05935907 0.941941261 -0.406077743 1.29196334 0.310961723
    0.483513057 0.24999392 0.283667326 -0.207362592 1.00070453
    1.55910206 -0.316589653 -0.208378494 0.377225339 -0.183286667
    0.816753864 1.24592626 -0.176407874 0.307535708 0.822204173
    -0.42480579 0.888095796 1.17781305 0.427727342 -0.429834485
    0.96617943 1.40063977 0.775113404 -0.342375666 -0.191574156
    -0.135864079 1.24117017 1.53075719 -0.184036911 -0.423486203
    1.02811909 1.22605884 1.63024116 1.0233084 0.124885142 0.10614872
    0.180892289 0.877023637 0.699580729 0.926471651 1.12984061
    0.383894503 1.33901024 -0.734210074 0.507364213 1.17971492
    0.548398793 0.955898404 1.26097608 1.36908221 0.54361403 1.5850594
    1.47906208 0.56663847 -0.486696929 -0.575373411 -0.290300846
    1.71748185 0.0208605528 0.0386865735 0.862193465 0.496655524
    0.205531061 0.0986531973 -0.0743975043 0.19715488 0.342737019
    -0.409821391 0.164362013 1.75747442 1.45285523 0.0155267715
    1.25943911 0.59419173 -0.59614259 -0.392184854 1.29232955
    0.0668549538 0.827683568 1.59788275 -0.525548398 1.37307334
    0.340861261 -0.53913486 1.61027122 0.163859248 -0.135766804
    -0.717632711 1.13145375 1.08669305 -0.57938087 1.18866825
    0.909479499 0.985912442 1.60606432 -0.501130939 0.212245882
    1.25078058 1.7157023 0.621051908 1.30794954 0.466422498 1.12632036
    0.231649518 -0.319816321 -0.172056139 0.976006448 0.328552127
    1.26383901 -0.646480083 -0.620116413 0.614165843 1.11727095
    0.739420056 1.49351501 0.599249661 0.132854283 0.667945385
    0.935960531 1.05632329 0.447983742 1.16929972 0.283825457 1.47245502
    0.784264386 1.3807869 1.36507523 0.085662663 -0.57169801 0.329986036
    0.264746964 -0.0796499252 0.922391415 -0.292120397 0.842378616
    -0.142608643 -0.629174471 1.20433438 0.426227629 1.56516743
    -0.220437706 0.52696842 1.68039072 -0.671803057 1.42127895
    0.91796875 1.28079796 1.2799207 -0.465847313 -0.388009787
    -0.489663184 0.0110100508 0.170601726 0.781338811 0.861834884
    1.43230665 0.105694711 0.755640805 1.21461666 0.0373398662
    1.24283016 0.264738917 0.253185332 0.236002684 0.108902574
    1.35680127 -0.186702967 1.20986366 1.50587392 0.0689280629
    0.133381009 -0.335029602 1.10013735 0.93477875 -0.121314645
    1.67719936 0.930371463 1.13411427 1.29613853 0.0691025257
    0.114767849 0.676447093 0.159246206 1.17013073 1.64213419
    -0.097356081 1.45381641 1.15032434 -0.407062888 -0.585474133
    1.27476931 -0.129847467 1.48487973 -0.742735863 1.430233 1.60454822
    1.4981668 1.58618164 0.352871537 1.4460479 0.658759534 0.466058493
    -0.181001008 0.170445919 -0.0254612565 1.66461611 -0.442337662
    1.0558964 0.457132936 0.884313047 0.156505883 -0.0606987476
    0.705234766 -0.000462651253 1.13036895 0.493901432 1.14899611
    0.673035026 1.55235577 0.553042412 1.41851282 -0.00229251385
    0.0726825595 0.104174316 -0.343874305 -0.377434671 -0.258083522
    0.235157609 0.955826581 -0.484912068 1.61379647 1.58623147
    1.42683792 -0.00143635273 0.579061329 -0.158604383 0.0506353378
    0.251320004 1.18469834 -0.667924702 1.72910953 1.73064792
    0.0435862541 0.220357895 -0.732617259 0.933834732 1.52384388
    1.22834682 1.61821723 1.24045718 -0.239481747 1.57598853
    0.0960749388 0.329577386 0.309646964 1.30211687 0.895671189
    -0.173523307 -0.692920566 1.64534855 1.0866915 0.195806503
    0.719169915 -0.148973227 1.47824299 -0.0260660648 0.856885016
    0.683600247 0.132240772 1.35807371 -0.063875258 -0.33003971
    -0.117701232 1.53552532 0.419048071 1.36106944 1.00704122 1.72931218
    -0.48411569 -0.617281318 1.12447464 0.356042624 0.90727365
    0.846923888 1.39093459 -0.263779163 1.10763597 0.193253279
    0.605800927 -0.418612361 -0.399155945 1.30934072 -0.129253268
    -0.425309956 -0.555053115 1.75203538 -0.522927046 -0.632071495
    -0.578868389 1.32780421 -0.313756168 1.2268703 -0.662103951
    -0.147360384 0.793669462 -0.809967816 -0.118905246 1.55752957
    -0.244962752 1.33013535 0.752656281 1.40297258 0.825540483
    1.51081085 -0.673177719 1.02737808 0.128193855 -0.508651078
    0.349891424 0.512504101 -0.648533642 0.25388521 0.88934648
    1.03129864 0.688275576 -0.27633208 0.191885829 1.44863105
    -0.375397533 0.311730921 -0.496431679 1.13265586 -0.580172837
    0.603618145 0.445987046 0.471646965 0.770056486 1.27308476
    0.92118907 0.469268024 0.39869231 1.56159067 -0.13542825
    -0.0137089491 0.681119025 1.71525574 1.26064801 -0.650385261
    0.65870893 0.606102645 -0.744841933 1.41031241 -0.1824103 1.00485444
    1.26006842 -0.0662702322 -0.627248287 1.61406779 1.68251538
    1.23579955 1.45369601 1.01209641 -0.783235073 1.13631642 0.601821542
    -0.426946849 -0.696765244 0.900629401 1.55327058 0.658840954
    1.81245613 0.0308516622 -0.0420858264 1.61210036 1.28005075
    -0.269871414 0.294592023 1.36547613 0.0128762722 1.54728961
    1.33062696 -0.630624413 0.322823226 0.682284534 1.11523294
    0.98926127 1.65593719 0.195301294 -0.0984170437 0.0383270383
    0.781421661 0.773088694 1.3796556 1.46312714 -0.0667227507
    1.05499601 0.967153013 -0.539448678 -0.338320971 1.07873392
    -0.274020672 1.26452196 0.93943572 0.594251275 0.428389013
    0.96884954 1.53443539 0.634720564 -0.698712707 -0.679171741
    0.172638416 -0.306177884 -0.36000818 1.24040842 -0.180729926
    -0.285324574 1.10704148 1.53923714 1.23494864 0.831937909
    -0.167808056 0.268148541 1.68659842 -0.126753271 1.49457908
    -0.0983601213 1.3886286 1.35215724 0.701375782 -0.399192244
    0.178431511 -0.215777397 0.594038665 -0.0934796929 0.216933191
    0.297240257 0.89024812 0.965403736 1.43643856 0.818319261 1.09434223
    -0.464047581 1.00046694 0.972367585 1.67333937 1.01293564
    0.959171474 0.366521418 -0.642103434 0.807839692 1.55344677
    0.880836427 0.835674405 -0.624755502 0.260637403 1.25520372
    0.185609639 0.793746233 0.290498912 1.03214407 0.0511456728
    -0.22878325 0.988812387 0.936664939 1.53700638 1.37829721
    -0.558725834 1.23940539 1.4554863 0.833842516 0.163139403
    0.168071508 1.3881259 -0.0967568159 1.51363146 1.19930482
    0.544445574 -0.0107375979 -0.492422044 -0.357812524 -0.496840775
    -0.58891046 1.47604978 0.739355624 -0.438303947 -0.732225955
    1.60420847 -0.147886395 -0.722447097 -0.0620926023 1.00886428
    -0.624975681 0.350086749 0.783109546 -0.371188551 1.59346914
    0.774072111 -0.62594527 1.634058 -0.485096008 0.207825482
    -0.141160369 -0.642498791 -0.147577107 1.26890349 0.775094092
    -0.688453078 0.923703194 0.50425142 1.06868982 0.634376228
    -0.779721439 1.59834349 1.46353376 -0.608459413 1.04923129
    0.330528498 1.66341341 0.27044028 0.350240588 0.391414225
    0.683361173 -0.00430542231 0.296110094 0.378253639 0.0619288087
    0.945501745 -0.0396380424 1.21895075 -0.282575846 1.76820099
    1.16549897 -0.663990438 -0.517427981 1.78051233 -0.436156154
    0.361350894 0.596868634 1.0289619 -0.36022675 0.125112534 1.10693288
    0.333263099 0.353425741 -0.299097121 1.09754646 1.15400612
    -0.522940993 -0.145269752 0.2109254 1.66409445 -0.00912243128
    0.0272238255 -0.163689971 0.329826951 0.259760678 -0.353678912
    -0.297441393 0.464913487 1.32479 -0.187919617 0.800215721 0.59726119
    0.0601465106 0.19566834 0.282660902 0.512851715 -0.112490892
    -0.678492546 1.26768088 1.55384481 -0.364793211 1.72448933
    0.0425336957 0.0136959553 1.43462682 -0.0979095101 1.22468114
    0.416924059 0.789782107 -0.57174629 -0.292608857 0.0617522597
    -0.284843266 0.410376191 0.95921433 1.15693092 -0.276937217
    -0.267197996 0.778640032 0.830936611 1.72109401 0.463943481
    1.22412801 -0.661358774 1.71323442 -0.625651598 1.42173731
    -0.262906313 1.70142424 0.568047106 -0.316944212 0.618710339
    -0.445617467 0.118320227 1.17350006 0.921846509 0.357251525
    -0.35375604 1.35028207 0.0791994929 0.379618764 1.51297569
    -0.556877673 0.272049129 0.406691968 1.14542723 0.880274892
    1.48284042 1.52075958 0.642839313 0.796034396 0.795107841
    -0.663630724 1.19181752 -0.067941457 1.36278546 0.807236314
    -0.0543605089 -0.262641549 1.56282091 0.682077706 -0.5892241
    -0.225375414 0.935758948 -0.411454469 1.6551522 -0.451074749
    1.43810487 0.496181965 0.289056897 0.674396098 -0.755907238
    1.53634262 -0.654216588 0.608950198 -0.699845612 -0.158962607
    -0.473503977 1.50849032 0.391027391 0.463338912 1.44735539
    -0.487568974 0.179478288 1.56384826 -0.803703189 1.2220161
    -0.0258194804 1.12672234 1.597754 0.692056775 1.14005208 0.358438075
    -0.570467591 -0.141635299 1.46306562 1.2536335 0.150994301
    1.48145795 1.70512414 0.190271974 1.46564138 -0.452367187 1.7294302
    -0.543985784 1.63535643 -0.603406787 -0.133202314 0.626414239
    0.212630391 1.33152652 0.46526885 -0.241062462 0.67361778
    0.495348811 0.833512962 1.52225614 -0.51231581 1.15516877
    0.206671417 0.273933828 -0.536548853 -0.441330224 0.33035177
    -0.280204594 1.64790297 -0.748679876 0.984005153 0.282604218
    1.29090571 0.269973814 -0.659028769 0.707342863 0.722061276
    0.321338773 0.769359112 0.672991276 -0.050158143 -0.472536653
    1.27918768 -0.336751401 0.264176905 1.50198102 0.645816982
    1.18140936 -0.406987399 1.00075376 1.66203141 0.613458633
    0.588328958 0.796913326 -0.444090188 0.981622875 -0.282272488
    1.76331234 1.3050952 1.51981521 1.26501083 0.492700458 1.60517454
    0.311897099 0.437362969 -0.282443702 0.171697557 0.450272858
    0.334195256 1.37170422 -0.4646101 0.450925112 1.70420635 0.303092897
    0.111601949 0.976990938 0.905400634 1.16850853 1.02403688 1.4353658
    0.717104316 0.35178864 -0.286530554 0.329725862 -0.250630796
    1.02060151 1.65237701 1.21272278 1.24303412 0.480763555 0.44639349
    0.44503063 1.25861359 1.09910512 0.0279026031 0.0278869867
    0.315410376 0.90822953 1.1382134 1.66958308 1.20639873 1.09054017
    -0.199773133 -0.0609558821 0.977867484 1.63866234 1.35767388
    -0.419852138 0.557960749 0.0411480069 0.849511147 -0.637748897
    1.51811552 1.69661629 1.51493537 0.948179126 -0.722135186
    -0.561106741 1.31046212 -0.0706281662 -0.415797859 0.0310463905
    0.562126815 -0.19394365 -0.301479191 -0.0973706841 -0.147957742
    -0.457489789 0.994748354 0.058144331 1.43730712 -0.648872077
    0.530251265 0.0858391523 1.66488421 1.75958395 0.22211504
    0.621902108 0.97807157 0.592917025 0.896923065 1.32662821 1.45964909
    1.18284392 1.45751786 -0.695217073 1.30868256 0.478800237 1.53756022
    0.163031697 0.858232379 1.39364648 -0.435627997 -0.441488951
    1.41266608 0.599495471 -0.609303236 1.61829054 1.28338373 1.54624915
    1.44301808 -0.613346756 0.936978757 0.748132229 1.48695946
    -0.0708688498 0.490310431 0.256679475 1.5447613 1.61441088
    1.46933055 1.26578784 -0.451750249 0.209490716 1.00662351
    0.521762371 0.853494585 0.136088669 0.794693708 -0.570635796
    0.78150773 -0.527314842 0.510325968 -0.288259298 -0.588646054
    1.76588011 -0.48254773 -0.147905111 1.6693151 1.13822246 0.16736275
    0.646432161 0.571357489 0.0329335332 0.000759124756 -0.0301827788
    -0.149505436 -0.211769104 -0.612129092 -0.237965345 0.250781715
    1.6910181 0.344966292 -0.804468095 1.53420591 -0.177155733
    0.661185265 0.133190513 0.828468978 1.20388508 -0.00265443325
    0.898452699 0.568607748 0.590037704 0.149618328 1.06108391
    0.531612873 1.15164089 1.38008118 -0.235338867 1.12672997 1.52295744
    -0.162544012 -0.11507535 0.23728466 0.15462172 -0.590466321
    0.713163674 0.579542875 -0.0695803165 1.44193244 0.311078429
    0.714447737 1.4938879 1.18481278 -0.4532049 -0.25397712 0.213050127
    1.40507531 0.828005195 1.57265806 1.19627142 1.53952026 0.71129483
    1.45592952 0.3596645 0.580136597 0.256991565 0.40085721 -0.545176744
    0.0181009173 1.56486702 1.40756261 0.875172019 0.340477407
    -0.291285276 0.360339582 0.307193577 -0.178388119 1.75699115
    0.52574718 1.52743936 -0.646758795 0.16364491 0.680885732
    -0.0166170597 0.0177715421 1.06831717 0.258057296 1.60157204
    -0.156872809 1.57230031 0.927927792 -0.46203804 0.207972646
    0.279599309 -0.134633124 1.2020787 -0.449882209 -0.2605744
    1.12126195 1.69114256 0.966276526 1.40820265 1.51479506 -0.410741389
    1.0753274 -0.639264286 1.38871217 -0.670063555 -0.664085329
    0.159624577 1.74338984 0.619353771 0.937540293 0.809730113
    -0.391278714 0.113361895 -0.344718456 0.407826602 0.461873174
    1.75481033 0.108611643 1.45402896 1.2545321 1.39884663 0.34352845
    -0.446470737 1.68773222 -0.0963981748 -0.492695272 -0.274260879
    -0.628267407 -0.464378148 -0.0468518734 -0.52788502 1.70117652
    1.51578093 1.26517689 1.6471653 0.503418565 0.859899938 0.39852339
    0.527917385 0.169362545 0.84763974 1.76567006 -0.0634391904
    1.71738529 -0.423841178 1.37532544 1.25988793 1.13836217 0.769167364
    -0.373048544 -0.357240051 -0.4623667 -0.0795269012 -0.306982607
    0.999297678 -0.495224297 -0.0197948813 0.705365717 -0.368310869
    0.818764746 0.795351088 0.101075411 0.754611313 -0.644606888
    1.66759741 -0.105508327 -0.00573009253 -0.293740004 -0.257262707
    -0.0698741674 0.405909777 0.500579894 0.908737421 1.11500359
    -0.445756078 0.0233180523 1.32591152 0.0767909884 -0.541570485
    1.76215649 -0.164135039 1.25940466 0.550005496 -0.712498009
    -0.801438749 1.62544286 0.861836016 0.597541213 -0.368921459
    1.21160436 0.179303706 1.25928426 0.449714422 -0.582117736
    1.15303242 0.134784818 1.72098851 1.18865752 1.35020483 1.1580348
    0.370627344 -0.195066154 1.29058599 -0.0359181166 0.0739578009
    1.73996639 -0.424320191 0.0799552202 -0.157998919 0.254625142
    1.20753527 1.59971869 1.57427549 0.714800715 0.722899079 0.494469464
    -0.472869962 -0.455083281 1.65509689 -0.0682961345 -0.345434517
    0.996444404 0.854916632 -0.314510316 0.723038435 0.525059998
    0.675185144 -0.566558182 -0.288886845 0.471767902 -0.698585629
    -0.584159791 0.0446917415 1.48199785 0.451076865 -0.115885198
    -0.791373968 0.551633716 0.370666623 1.01098514 -0.493042111
    1.42041874 -0.161842763 -0.224176675 -0.0158372521 1.30484426
    1.26907802 -0.416672945 0.280160606 -0.23121649 0.312853694
    0.384635389 1.37826705 1.21861672 0.832380474 1.38005948
    0.0259845257 0.4474774 -0.377046913 -0.084420681 1.73930788
    0.0687815547 1.57671142 1.02436304 -0.689364374 1.40200889
    1.57430208 0.225661159 1.11565399 0.136321664 -0.228397369
    -0.509532809 1.63981628 0.126943111 -0.0474073291 0.36037451
    -0.222231686 1.2436583 0.319339097 1.50951767 0.710373759
    0.359524965 0.600060642 0.835531652 0.405984282 2.0724895
    -0.229862154 0.437343061 1.53073597 -0.183374345 0.962670922
    0.92025584 -0.362021923 1.02189469 1.46007991 1.25577092
    0.0709930658 -0.416772634 0.573888958 -0.736261129 1.128304
    1.04564178 1.24161434 -0.0594565272 0.384927213 0.614940464
    1.46545076 0.0647919178 -0.185741782 0.985891044 0.834221661
    -0.742594957 1.54580426 0.971141815 1.1708684 0.44362855 0.925380409
    -0.34238857 1.60779786 1.53143215 0.774340391 0.474900126
    0.472319603 -0.820968568 1.67435718 1.2898159 -0.710027635
    0.897193372 0.946455061 -0.293649882 0.0712243319 0.572214663
    0.889816165 -0.411819041 -0.387197703 -0.606282771 1.11451435
    1.61584854 -0.458788276 0.207027495 0.38186413 0.814498544
    1.46986508 1.08066154 1.52656865 -0.506428123 0.160559058
    0.406752706 -0.35910669 0.0770120621 -0.227388024 1.14641869
    -0.319140702 1.15486073 0.0742516518 1.33655703 0.499098837
    -0.31517309 0.461758018 1.61584592 0.0457723141 0.722083688
    -0.522589922 0.465800047 1.61419737 -0.245150089 -0.48317644
    0.990119815 -0.249370992 0.566023767 -0.736409247 1.01014626
    0.223751605 0.264206529 -0.293204337 -0.275907457 -0.532555938
    -0.653024852 1.0572263 -0.353886187 1.54301667 0.112319887
    1.46816611 -0.660672605 1.80289006 -0.404212564 1.57615387
    -0.452042043 -0.411457211 -0.677747309 1.13440609 0.430268168
    -0.653374612 -0.471520931 1.08082914 1.30050397 0.907365918
    0.706352293 -0.76103723 -0.336158812 -0.514523029 1.29230416
    0.37214911 0.0272482038 0.356225729 0.608062744 -0.542443633
    1.10148811 1.24451399 0.596880972 0.0104629397 -0.165613174
    0.0659070015 1.52827477 1.17266846 -0.16487819 0.614464164
    0.487923443 -0.225887358 0.697201192 0.279367268 1.73837638
    -0.0560528636 0.903513432 -0.394563347 0.912007153 -0.585249066
    0.994436324 0.910189509 0.6883201 -0.491847098 -0.596917808
    -0.181868196 1.36954951 -0.568492293 0.196963549 -0.400799751
    0.202522397 0.326952875 1.59916079 1.18094182 1.38027954 0.833612204
    -0.28923896 1.16446972 0.347564638 1.31656504 0.145683765
    0.333234608 1.3801862 1.35707331 -0.57997787 0.543325126
    -0.155647933 0.152290344 1.45176828 -0.376707256 0.682919145
    -0.601432204 1.32372475 1.10207474 -0.577209055 -0.0365335345
    1.26060581 0.58491987 0.0941063762 1.36105847 0.498018086
    -0.492517263 0.481281996 0.800444663 1.46048272 1.21921194
    0.849351227 1.22665906 0.268026292 1.57004881 1.34658206 0.290868461
    0.192779481 0.0620202422 1.29124653 0.460802019 0.526925385
    1.50094283 -0.221112251 1.22827268 1.17089772 0.619107127 1.70891333
    0.479357779 -0.133503854 1.02464783 0.584511757 1.32876754 1.5008949
    0.953828752 0.728659391 -0.336477697 0.445052683 -0.112841785
    -0.123352468 0.898573995 1.11191893 -0.223499298 1.2481668
    -0.466037661 0.985152245 1.58496118 1.68049979 0.314280212
    -0.459610701 1.18869817 -0.171212852 0.439505517 0.0430347919
    -0.0373926163 -0.59848702 0.377598107 1.74756074 -0.221191406
    0.54315716 -0.471654534 0.274099588 1.6206677 0.746714592
    0.697303712 0.329062223 1.60358107 -0.379863441 0.720089436
    -0.346734345 1.35600138 0.187580287 -0.287565947 0.436946571
    1.61707664 1.17630064 1.52648973 0.583005548 1.03209925 0.0975062549
    -0.445739627 0.673389196 1.6869123 1.30401981 1.58439493
    -0.388573259 -0.732564151 0.0771544576 1.35837173 0.795794308
    0.385572731 1.2100631 1.42744732 -0.0447012186 1.65230203 1.25447249
    -0.130047202 1.52939725 1.60296416 0.0953598022 0.632053375
    0.800480485 -0.572155356 1.28857827 -0.668682516 0.754624844
    0.573689103 1.45129204 1.26159656 -0.293106377 0.250852406
    0.0537618995 0.822806716 1.25558507 0.85489291 0.681314945
    0.347484946 1.69344187 1.56500912 -0.788689017 1.58404601
    -0.0872685313 -0.546889544 0.141668379 -0.388557494 -0.0522779226
    0.12251687 1.74671578 0.464383364 -0.0867452025 -0.259288907
    0.416124403 0.363161147 0.979385257 -0.361829132 1.07706094
    0.404829681 -0.725914121 1.30023432 0.972606301 -0.242274791
    0.39008975 -0.426269382 1.32339644 0.159725547 -0.529500663
    0.12159425 -0.69394362 1.66348529 -0.0762540102 1.68002892
    0.0982205868 -0.636066556 -0.66272831 0.120492339 0.128910661
    0.231018901 0.595465183 0.988430798 0.396832049 -0.48285988
    -0.49749884 1.58193183 0.855363846 1.06446743 0.341360807
    0.161527574 0.246216118 -0.500052094 -0.074772954 0.798956513
    -0.20229423 -0.279806614 1.49586833 -0.0499039888 -0.163472652
    -0.198396921 -0.356088907 1.52289689 0.819385707 0.227750957
    -0.232981205 -0.251535445 0.139336407 1.61016679 -0.18981868
    0.250509799 0.418896854 0.689633667 -0.242652476 1.05800653
    -0.219686151 1.24730253 0.982714951 1.58698297 0.798824489
    0.427978635 1.64033127 1.20119333 -0.517190993 1.65659118 1.04508018
    1.64846802 1.51182532 0.528415561 -0.312140465 0.149710119
    0.752350926 0.265961468 0.208429635 -0.612307787 -0.461635262
    0.359393477 -0.215563476 -0.0681134462 1.25560856 0.271777034
    0.538814783 -0.175155103 0.479584038 -0.425985783 0.0833896995
    -0.152638435 1.81480145 1.78128076 0.890121639 0.195692897
    -0.0905854702 -0.284683198 0.286177993 0.254975379 0.613708258
    0.317924917 0.437526762 -0.12762928 0.511494398 0.982648373
    0.240778983 -0.663948298 0.737112582 0.655606329 0.94699049
    -0.654582143 -0.352833033 -0.140234292 0.900406003 1.53231084
    0.332866073 1.07877135 0.0573829412 1.44787192 0.80527854
    -0.379610062 -0.525658965 1.19369984 1.07243419 1.67865372
    0.0541879535 -0.278980255 0.709899366 0.473280072 -0.507420778
    0.849488795 0.238952518 0.565917909 0.652291477 -0.201884091
    -0.693778455 0.467064798 1.0537473 -0.545008838 0.798668921
    -0.687327087 1.65361965 0.915551722 1.5784142 -0.290454984
    1.39157128 0.944652796 1.06402516 1.17827344 -0.626725674
    -0.549929559 0.235380709 0.501087129 0.879132867 1.40399241
    0.956714869 1.04801619 -0.457442313 0.12083143 0.389290571
    0.984435081 1.00887346 0.322425663 1.64234579 0.0382434726
    1.72277319 -0.224693477 1.48423886 0.953905284 0.729851425
    0.910255611 0.170149624 -0.699248433 0.246551096 1.21244574
    1.65848422 0.537509263 0.196446061 0.697605073 -0.483375311
    0.139089823 -0.319067001 1.63929474 0.817596018 0.636203289
    -0.177247643 0.231751442 -0.421152651 -0.517247558 1.34465027
    1.52622426 0.382325292 1.50053716 0.606881499 -0.339635849
    1.31724763 -0.529955387 0.247410357 -0.624299645 -0.879860401
    1.48850846 1.67979813 0.95088309 -0.128085405 -0.105961263
    1.70623362 0.870273888 0.111554444 1.04373908 1.56406498
    -0.402237535 -0.380275846 0.128304958 0.568817437 1.06733847
    1.6066761 0.380783737 1.29182231 -0.400012016 -0.50800097
    0.073381424 0.484193385 1.50381625 1.14896321 0.632122695
    0.255194783 0.782045245 0.134830534 -0.59404242 1.59686613
    1.44382679 1.00518632 0.972329974 1.66164994 -0.196166098
    0.364401281 -0.192884862 -0.577573597 1.60719144 -0.308561325
    0.583232164 0.561015964 1.41889751 0.405329883 1.31978583
    0.339701474 1.58599186 1.33575332 -0.213806629 0.173728883
    -0.577343762 -0.532531321 0.249905109 1.63799477 0.668789864
    0.410767555 0.350119174 0.437529683 -0.315501481 1.28368258
    1.62175357 0.708972156 -0.248337179 0.314295411 1.26304555
    1.07645559 1.00136113 0.0280048847 -0.238882005 1.77537966
    0.514194608 1.49971879 1.1246587 -0.299797297 0.154160798
    0.414717436 0.910253644 0.614914179 0.842392802 -0.447249562
    0.243836701 1.0673368 1.50464892 0.107612491 0.566483438 1.23932219
    1.19568729 0.503178656 1.59517336 -0.232037961 1.17567086
    0.261685371 0.925808907 0.905193448 -0.387957335 0.230792701
    1.72496963 1.46122217 1.10884488 1.12322795 -0.381476521 0.679750919
    1.80344915 -0.288559079 -0.263543069 0.915455043 -0.315095425
    -0.196174204 1.33281684 1.11317348 -0.224791527 -0.348981142
    1.51832199 0.312999547 1.11814523 -0.552557111 0.267902315
    -0.220382333 -0.332165658 -0.667936802 -0.173674047 1.61818743
    0.151263773 1.06728148 0.841705203 -0.0498048067 -0.00106674433
    0.969349802 1.63633442 0.410217166 0.619064391 0.106944084
    0.572195351 0.784814656 1.61854935 1.40369821 0.878537953 1.45367277
    0.617348552 0.433206081 0.628149271 0.975953817 -0.0703333616
    0.206754446 0.102626324 1.5954864 -0.158346236 1.08147073
    -0.434815586 0.415511429 0.0336968303 0.108530998 0.371067762
    0.979704201 -0.587702572 -0.308966458 -0.370345622 0.687196076
    1.41839123 0.437266529 0.390804529 -0.0272542834 1.58083367
    0.532239437 1.41886091 -0.228128254 0.0893169045 1.56121135
    -0.673342168 1.32275081 -0.0758520961 0.114413261 1.29415107
    -0.0518436432 -0.292386979 0.206091404 -0.482527971 1.00753629
    -0.147881746 0.479244053 0.93835932 0.448793709 1.47910714
    1.69378638 1.60196614 0.978825867 0.955757856 1.35867918 0.57109493
    0.231337011 -0.182156205 0.323565781 -0.285512894 0.885393143
    -0.596863031 -0.238391757 0.426181555 0.897791624 0.564288259
    -0.754968286 0.715808094 -0.753628075 0.153773248 1.08811855
    -0.0667946339 1.55274165 1.00560379 1.41336215 0.207965791
    0.248248279 1.36238384 -0.313301593 0.492763102 1.52671647
    0.753909528 0.275448263 1.34253502 -0.186247408 -0.396427065
    1.07924008 -0.667915761 1.67841744 -0.658854604 -0.532824814
    1.16109967 1.30169761 0.179856718 -0.407539397 -0.663675368
    1.67098081 -0.710889161 0.294808447 1.17486382 1.44242525
    0.964723289 -0.0752444863 -0.255444765 1.52097845 0.260805309
    1.23480487 0.884118974 -0.772312224 1.43102717 1.32023823
    0.881958604 0.679459155 0.923476517 -0.212225974 0.92430824
    1.13421929 -0.141432762 -0.657856464 1.13409245 0.185872018
    1.36519325 1.52756679 0.783218563 -0.508245409 1.15880346 1.13956559
    -0.0248751044 0.664528131 -0.595458746 0.232283413 0.65044862
    0.810641468 0.170158982 1.50027525 0.155468106 0.0720528364
    0.00789618492 0.600827217 1.22428608 1.52281713 0.935902357
    -0.645067096 1.21320069 -0.85339886 1.05548787 1.33919644 1.47183132
    0.853356481 -0.487266183 0.379530311 -0.0903651714 -0.309222996
    -0.602295756 0.24537003 -0.416265666 0.97711885 0.184919357
    0.885442436 -0.0753820539 -0.485923886 0.245557189 0.32549119
    0.862185776 -0.249140739 1.48985696 -0.511357427 0.583774269
    -0.193944633 0.128163636 1.51168418 -0.0524227023 -0.0638360381
    0.55683744 0.295485198 0.668184221 -0.227780432 1.56788135
    0.857082129 1.26336813 -0.0706003308 0.174521863 -0.545744598
    0.716822803 0.697333038 1.72764409 0.248438954 -0.444180965
    0.200993598 0.695772409 -0.54113847 0.110349 0.0729073882 1.2449317
    1.02858543 1.44269395 0.0522016287 0.880741119 0.851572931
    0.67946434 1.76848865 -0.557613134 1.28112125 0.47603631 0.566273928
    0.260126472 0.77772963 1.19832134 0.2103917 0.771258473 0.571809471
    -0.297759652 1.0984633 -0.519569516 1.24959874 0.231337905
    -0.59590137 0.1445629 -0.444422185 -0.440465182 0.00208544731
    0.294401884 -0.51292932 1.7356534 -0.310482085 1.49495661
    -0.603269815 -0.0394022465 1.1997807 0.799484015 -0.086471498
    -0.200049639 0.543971181 0.466941833 1.73400736 -0.252979934
    1.66144085 1.42079401 0.530239403 1.58470559 1.30462921 0.0330623388
    0.456751287 0.891634822 -0.574633598 -0.00424575806 -0.0666370392
    -0.235154986 0.260213017 1.48909473 0.608445227 0.330380023
    0.984932184 0.477129102 -0.329481363 -0.370279223 -0.257633924
    0.3325966 0.5277403 0.209426045 0.632241726 1.02815723 -0.498012722
    1.01633048 1.33634496 1.0181011 1.74691558 0.797662437 -0.236397773
    1.26732385 0.278772414 -0.373602569 -0.313748896 -0.504849315
    -0.383970976 1.28480196 0.175987244 -0.393609554 1.24597406
    1.52310085 -0.664511442 1.54746485 -0.0636715293 -0.498793125
    0.0751960278 0.800215483 0.0261180401 -0.0982695818 -0.282551646
    1.24735093 1.79961705 -0.435202718 -0.0153707266 1.2815448
    -0.15960449 0.455260277 1.73194325 1.39900613 1.67183661 1.08311379
    0.0896931291 1.28646636 0.893877625 1.06964803 -0.710487425
    -0.428091675 0.841439009 -0.480609775 1.66606331 -0.00869727135
    -0.0714165568 -0.475352347 -0.172478378 0.394254029 -0.338938147
    0.555422843 -0.0790923238 1.00308228 1.22506809 0.0115056038
    1.12659907 0.340856016 0.87251842 1.57525444 -0.134528577 1.11439705
    0.839410543 0.727541268 0.013739109 -0.704802871 -0.0200759768
    0.967381597 -0.633165658 -0.228155196 0.320341825 1.35691249
    0.83761102 -0.590223968 0.363499224 0.1812011 0.445339978
    0.713989735 0.115574002 1.65376234 -0.556695819 1.02149129
    -0.529780924 1.46116138 0.542138398 0.217281103 -0.703288317
    0.227925122 0.619193137 1.42260289 -0.710155725 -0.68589294
    0.319129586 1.73528039 -0.56216681 1.23229754 -0.29725647
    0.783343375 0.253812253 -0.72254467 1.11272383 -0.0569271445
    1.24632955 0.12728411 1.40567994 0.996893823 -0.356982738
    0.537928522 -0.466830224 0.456770658 -0.286351144 1.64248323
    -0.0621389747 1.32306802 1.14432359 0.794079125 0.523368716
    0.0901257992 1.34773183 -0.443162382 1.06975245 1.73404121
    1.76357007 0.0671547651 -0.744261563 1.5276072 0.261627197
    -0.346953124 0.253801882 -0.0731535554 0.455413401 1.17426395
    -0.813634694 1.31057835 1.42461646 0.635218859 0.0359162092
    0.309339106 0.752128839 0.199525177 0.704482615 1.19114602
    0.401851594 0.760496616 1.03660953 1.7035253 1.00566971 0.3308447
    0.37540406 -0.318281621 -0.38893339 0.735356152 1.33491397
    -0.500625253 0.503467798 0.524475574 -0.241455615 -0.424757123
    1.29575288 0.0720981359 0.120667696 0.0922780037 1.04151392
    -0.550235629 0.0339514613 1.08552957 1.02156353 -0.370583177
    1.25459647 0.816770911 0.0304359198 0.331743419 0.0761634111
    -0.403922319 0.696968317 0.780965388 -0.363409489 -0.0410403609
    -0.0100987554 0.755234241 1.3521502 1.49937868 1.52537537 1.12577939
    -0.00676208735 -0.42068094 -0.028648138 0.408897936 0.499711573
    1.10759199 0.0609503388 0.31685549 -0.144670844 1.35514104
    -0.260536432 1.43224466 0.66683352 1.15502417 1.22986794 1.30115652
    1.1042465 1.4467833 1.58878875 -0.0683353543 0.473403752 0.102223396
    -0.690118492 0.902068734 0.312227547 0.926268756 1.08829963
    1.7420795 0.815227032 -0.629875958 1.28460944 0.452944517
    0.482407749 0.59281522 -0.480186135 1.43448663 -0.0984527469
    1.67364395 -0.600581765 -0.578819752 0.990357041 1.50119901
    0.414667964 0.227618694 1.53981662 1.09078515 -0.468794942
    0.93777293 1.46084237 -0.400716692 0.793646872 0.958546937
    0.602778256 -0.372356057 -0.331860542 0.455379009 1.01418519
    0.0462078452 0.212621093 1.35703886 0.572319865 0.793335199
    1.17716932 1.10538673 0.164616823 0.48975569 0.260019958 1.54587507
    0.582850456 0.594353437 -0.477080584 0.827631116 0.854934096
    0.892171085 1.36191869 1.00469327 -0.428530067 1.53399563
    0.0212043524 -0.622243524 1.43690109 -0.253450215 1.33539712
    1.4877069 0.950836062 0.953240216 1.65427053 0.321872592
    -0.669973969 0.465456784 0.840509117 1.0847168 0.378846228
    1.16503263 -0.347970724 0.134317815 1.07463217 -0.0817904472
    -0.0225188136 1.62063622 -0.706110656 -0.0696263313 0.613256216
    0.0684190989 -0.668080926 0.697764158 -0.408712924 0.537409365
    0.635270774 0.714818239 1.68166232 1.16830111 -0.00822323561
    0.0940953493 0.351044714 -0.435507029 -0.0495151281 0.699245811
    0.249106288 0.43640399 1.73352265 1.74839044 -0.134859085
    -0.0859717131 1.54089272 -0.560536027 -0.620500863 1.59892607
    1.61650288 1.02806604 1.08420205 -0.686046839 -0.458213031
    -0.485871017 1.49176455 0.725922287 0.184154332 1.42904043
    -0.630536973 1.67787659 0.823462129 -0.248314947 -0.634512603
    -0.103458524 0.294539392 1.07879806 0.1002087 0.647593677
    0.413421392 1.36237121 0.370080173 1.31372094 1.12728524 1.18678761
    -0.131839097 0.11695385 1.07878876 -0.567521453 1.15591741
    0.678704679 1.58423281 1.04306161 -0.263593435 1.41983032
    0.513165057 1.23663568 0.671192706 -0.0367061496 1.39956427
    1.5218538 1.2635287 0.867616892 1.64783812 1.64353848 0.801948369
    0.425188839 0.96503073 -0.447083771 1.75174141 0.266673923
    1.43892622 -0.681206405 1.49811673 1.36029899 0.247278631
    0.628574193 1.33641875 0.124501884 1.61645198 1.24455678
    -0.116318583 0.582898319 0.85054034 0.432161868 -0.0886116028
    0.296886683 -0.0396128297 0.52548939 1.54994297 0.302169502
    -0.0532306433 1.21058702 0.562859535 0.963110745 1.10023999
    0.565845847 -0.552173972 1.53639233 1.54666436 -0.692670584
    0.958664179 1.29752028 0.84835732 1.07196724 -0.170990288
    0.996794462 -0.492801696 0.927577496 0.942628145 -0.525798559
    -0.526906669 0.41313976 1.10669768 1.64190042 1.33026838
    -0.701217711 0.163254857 0.935024321 0.987704635 1.39262414
    0.710040331 0.125740409 1.07829857 -0.4080998 1.05311966 0.538374722
    -0.0445619822 1.56046951 1.42881703 1.03362417 -0.503269672
    0.515734494 0.914054215 1.27558434 -0.235683203 1.2638526
    0.907856882 1.20280361 -0.347446948 -0.468447655 -0.599464238
    0.284199834 -0.22448948 -0.1261006 1.11664069 0.649600804
    -0.42098859 1.71487844 0.614051461 1.26391566 1.22510695 0.713256061
    -0.512663364 0.607212186 1.11951292 -0.00306379795 -0.400828421
    0.429851234 0.676064014 1.66215193 -0.11660248 1.57760477
    0.751013875 0.303594947 1.46019244 0.890667021 -0.157871246
    0.332314432 1.5706445 1.30410075 1.21356034 0.221625924 -0.374358624
    1.03969336 0.99331665 -0.391339183 0.52535218 0.809331477
    -0.0680746436 1.09483409 0.903042495 0.401519835 0.864665568
    1.78275442 -0.511172116 1.61077523 1.72464657 1.45251775 -0.73690325
    -0.0716027021 -0.357471049 0.538216054 -0.37101382 -0.200371981
    1.07198441 -0.355488122 1.67847478 1.48142552 1.43971682 0.840738237
    1.15213418 1.07003832 1.34971499 1.62575364 -0.650982618 1.07293057
    -0.718318462 0.963092744 -0.00368124247 -0.135814905 -0.576383531
    0.173815191 1.26601779 0.864953458 -0.243798614 -0.201641977
    -0.21000737 -0.645861328 0.647643209 -0.180618405 0.65039736
    -0.634855509 1.21166897 0.167447567 0.688561141 1.64510298
    -0.0356451869 1.45338535 1.57490373 0.0225613117 1.12337208
    -0.668344557 0.813571453 -0.535922766 1.53833365 1.38388991
    -0.502357364 -0.548380494 1.37490273 1.0543443 1.63102341
    0.387579441 -0.310392082 1.36002135 1.10468459 0.0728909373 1.668782
    0.590295553 1.39473152 0.0967417359 0.834163725 0.06032902
    0.409289777 0.346152306 0.0604225993 -0.150595367 -0.278922498
    0.512111247 -0.431097806 1.38295913 0.6387043 1.75277448 1.58992529
    0.738622963 0.123191535 0.185199916 1.64422429 0.993239343
    0.0257593393 0.441240788 -0.417960912 1.29869545 0.699258089
    -0.10026747 -0.082047224 1.5904026 0.417121053 0.728717923
    1.48012102 0.78717649 1.0914135 0.127957046 1.38181484 1.60280347
    1.02845502 1.4264667 1.207968 -0.474208951 -0.502096117 0.482489645
    0.877845526 1.45858467 0.876253188 0.979131222 0.258391321
    -0.317168802 -0.681237638 0.332729876 1.25939322 -0.36179617
    0.169264674 1.23084092 1.12435246 1.64996147 0.755628407 1.41887248
    0.338511646 0.290331125 1.0002141 0.468523622 -0.0336703658
    -0.395955682 1.58047843 0.0158638954 -0.798150659 0.717673421
    1.05509913 0.460580766 0.217007756 -0.533402205 1.30438471
    -0.18379277 0.0504032969 -0.582957327 -0.439263582 -0.316633642
    -0.0284451246 1.11943436 -0.463435829 1.06440926 1.30706525
    1.54711747 0.11537981 0.737666607 0.321959794 1.28669226 1.80269384
    0.0585576296 0.0565351844 -0.0124853253 -0.242201835 1.79055309
    0.471145093 0.605471611 1.20363665 0.033893168 0.599182308
    -0.316171706 -0.362093598 -0.516187191 -0.287985384 -0.172626793
    0.324195921 1.27307868 -0.570300937 -0.622265518 0.0313049555
    -0.0819981694 1.41925383 -0.547866285 -0.12161094 0.284820378
    0.0314255953 1.13693762 1.39159036 0.97326684 -0.0561936498
    1.25910449 0.478096545 -0.314312041 -0.523510814 1.35468173
    -0.289840281 0.305631578 1.21000373 0.579965234 -0.525583029
    1.65948939 0.420693696 0.00461924076 0.776158929 1.10844767
    -0.57201314 -0.700408995 0.015360713 0.429490089 0.178032875
    -0.63490057 0.375590503 1.27260971 1.01998615 0.87537384
    0.0481282473 0.873614609 1.13603973 1.31334543 -0.483202547
    0.540706456 1.63525939 -0.635297477 -0.134794235 0.0705256462
    1.2250061 0.141011059 0.547634959 -0.451658845 1.30023026
    0.840643525 0.890797734 -0.160039604 0.732148528 -0.220640838
    0.848053873 0.845652699 1.39712524 0.191462874 -0.198987663
    -0.347813398 -0.086695075 0.977074564 -0.287091076 -0.204041839
    1.4983232 -0.76660943 1.40690422 0.748576939 0.772904575 0.719489336
    -0.422228426 0.57853204 0.356256783 -0.674848497 1.08844137
    1.51093388 1.63762832 -0.589985728 0.967669904 1.40139341
    -0.439045697 0.40317291 -0.541801453 0.508774281 0.386476934
    0.948325872 -0.168273866 -0.0379006267 1.10294032 0.481281996
    0.963732004 0.957513094 -0.518587351 0.959187269 -0.286504865
    0.909080267 1.02858305 0.0309453607 0.101566255 0.554586053
    0.127832353 0.726571918 0.246099055 -0.711994886 1.64392626
    -0.0594297647 0.454593718 0.446069717 -0.343557298 1.14461315
    1.07245898 0.270721853 -0.0252853632 1.58130884 -0.445797384
    1.79131544 0.396553814 -0.588083088 0.263526976 0.250302434
    0.0767794847 -0.0116590858 1.52684498 -0.211263925 -0.5860008
    -0.170239836 -0.270098597 0.728107214 0.51897651 -0.325215042
    0.817621589 0.770686626 -0.347670943 0.837713242 1.70605314
    1.16390944 1.01830816 1.13477266 -0.07032758 0.00780934095
    1.30547523 0.799524724 -0.729465783 0.98217231 1.48873222
    -0.34450826 1.65075636 -0.593614101 0.520676553 -0.365671605
    1.40763187 1.02691221 -0.0682564378 -0.6424191 0.900757968
    0.702934444 1.04688156 -0.314429104 -0.362618119 -0.389396071
    0.662274659 -0.569725096 0.495717764 1.40151381 0.03987813
    -0.0807294846 -0.168783426 1.0226717 0.308493257 1.39531422
    0.215276361 -0.20138514 1.26724982 0.26568383 0.263134778
    0.0985063314 -0.292716682 0.350758255 0.587514579 0.747967303
    1.60299253 0.473338127 -0.279603422 1.36810541 -0.311102509
    0.852169633 0.683937669 -0.69065547 0.890942454 -0.641247511
    1.63500714 -0.507429123 0.28460598 1.604635 1.68481839 0.529617071
    -0.148254573 0.518287539 -0.293044299 0.0365718603 0.302667737
    -0.706002116 0.864925981 -0.669794023 0.61660248 0.477197707
    -0.112076163 1.06357849 -0.334648907 0.980651438 -0.694135904
    0.460277379 0.391938567 0.245922506 0.267509997 0.782616079
    0.690057635 -0.109917343 0.763357639 -0.720996618 0.304773688
    0.0141466856 1.32276344 1.08400035 0.963873982 -0.20746696
    1.48341966 -0.498190105 1.57315874 0.358608961 -0.439531147
    1.39721155 1.54778576 1.91107523 0.797025561 1.10713685 0.652774572
    -0.460119158 0.576490045 0.40676707 -0.0128880739 0.399854004
    1.44779086 0.116495609 0.455519497 0.922472477 1.42443514 1.54480243
    -0.334348142 1.24159753 1.33499098 0.740458608 -0.713074386
    0.265574574 0.763796926 1.09977114 1.37547421 1.66404986 1.41898775
    0.167582989 -0.0430937409 0.0479989648 0.227669537 1.29190397
    -0.307249218 -0.353102654 -0.313568503 1.06461549 -0.406249344
    0.0426675081 1.53243017 -0.330006599 1.04777765 0.927369654
    0.994732618 -0.477483958 1.2809025 1.0281105 -0.126901925 1.48802853
    -0.126462162 0.489389241 1.04165769 0.47556138 0.542421639
    0.931403935 -0.612353027 1.51070142 0.332194448 -0.622339785
    -0.664212406 0.434945643 -0.0292191505 -0.378087997 1.47620702
    -0.584614038 1.32528579 0.334149241 1.15265918 -0.0556543469
    1.19443321 -0.394573659 -0.183736742 0.113263249 1.27755356
    1.21497846 0.315431535 0.134338379 -0.351540208 -0.306127995
    1.20284271 0.871249855 -0.19294548 -0.370894164 -0.314900696
    -0.71600759 0.593155563 1.71350288 1.54185498 -0.0312449932
    1.0721612 0.141333699 0.529976904 0.634804189 0.99875176 0.629335046
    0.234509706 0.0692899823 1.52258015 -0.535014153 0.312036633
    1.28676212 0.842047036 1.0584681 -0.439064175 0.291457415
    -0.294007123 1.01284266 1.31475616 0.496954501 -0.539827526
    0.750176013 -0.398922831 0.901443899 0.0449460149 1.31607318
    -0.498122275 1.52486944 -0.0623768568 0.193510056 0.680248797
    -0.492465407 0.489890575 0.959323764 1.18685532 -0.297067076
    -0.140868843 0.616973937 0.452774346 1.15683711 1.1312896
    0.637548804 0.702718377 0.452553868 0.701208651 1.53691888
    0.539504826 0.872918069 0.308052897 0.857681453 -0.702465117
    -0.167300999 -0.134770513 0.739248395 0.94476378 1.17446661
    -0.318354517 -0.505721509 0.655981839 -0.0548092127 0.383960009
    0.428029895 1.47732663 0.312022567 -0.55824697 1.78273439 0.60072732
    0.0554631352 1.15037405 -0.0253356099 -0.593014598 1.37409127
    0.271216512 1.25209403 0.276594281 0.725935936 -0.306082755
    -0.762348592 1.26261306 0.340834975 0.481666505 -0.630623281
    -0.680777788 1.61510396 -0.536139607 1.8362565 -0.0616158843
    0.212474227 1.63191986 -0.160837501 -0.413104594 -0.0945386887
    -0.302803516 1.3722707 -0.540373087 0.0689764023 0.170659482
    0.191200495 0.307256222 1.23665595 0.671327889 0.828510404
    1.10702062 1.50520051 1.32893455 -0.0777193308 1.35816312
    -0.639746308 -0.558402598 1.44501305 1.3355763 1.37257946
    0.688349843 0.456392825 0.0211350918 0.2552827 0.717163682
    -0.760294914 -0.124472082 -0.790149391 1.44482851 0.47621733
    1.076967 -0.424070805 0.63547796 1.25226879 0.685384452 -0.459415793
    -0.192957491 1.30280304 0.192352891 -0.283512712 1.16200304
    0.516253412 0.0581046343 1.17302513 1.02827215 -0.622127652
    0.583688498 0.819612622 0.460670829 1.0740335 1.45846188 0.600246429
    -0.234794915 -0.595692813 1.33918905 1.54512095 1.45561409
    1.65515721 -0.77654767 0.975617826 0.457789302 -0.385536224
    0.311338902 0.193106353 -0.49015969 1.61039519 1.66290736 1.14926362
    1.12478399 1.01212239 1.58379889 1.25967884 -0.0544866323
    -0.493915677 -0.310758978 0.349210441 -0.00770682096 1.67038703
    0.491965711 -0.000831007957 0.308938265 -0.0180412531 1.25227213
    1.38295186 0.66934216 -0.0644292831 -0.0585634112 -0.38864845
    1.71666276 0.261603057 0.662294209 0.136449754 0.993136644 1.1397711
    0.174094796 0.60301578 0.923224211 1.64035606 1.37215734
    -0.602771103 1.43986285 -0.432838857 0.241081357 0.0891250968
    1.34396791 0.751489758 -0.215198755 1.01139617 1.66232777
    0.556300104 1.25454688 -0.335365146 1.63208652 1.13465595 1.19571972
    0.959158719 1.33572507 -0.107532263 0.865553677 1.65532184
    -0.386218727 -0.66884464 -0.378090709 1.54219675 0.290803254
    1.71231294 -0.501955867 0.556476951 1.47197127 0.760038674
    -0.304964423 -0.574613512 1.4955709 1.63153207 0.0247262716
    -0.328883797 0.866666436 0.617379844 -0.628850341 -0.572061658
    1.28914905 0.271883547 1.73293138 0.0351772904 1.08614182
    0.177317202 1.17891562 -0.608382702 0.185727417 0.968322992
    0.360194862 0.888490081 1.55624712 -0.420857579 0.308848321
    1.53343034 -0.037304461 0.385194778 1.0800128 0.380030394 1.43512499
    1.7507906 -0.708400428 -0.275285959 1.22813869 -0.327272683
    -0.687945426 0.0301463604 0.754631042 -0.107200384 0.58131665
    1.41909862 1.2368989 0.805086792 1.1162312 0.108136594 0.663559675
    1.14510727 0.0240910053 -0.230563015 1.76954412 -0.0530702472
    -0.230380625 0.70963484 0.903283298 0.77987349 1.58732331
    0.200571537 -0.731320977 1.04241514 1.68119669 0.68812108 1.38773775
    -0.241574615 0.946967602 1.6807797 -0.373129785 -0.0716528893
    0.188645363 0.257090449 0.439487934 -0.380038291 -0.462169468
    1.55130601 0.638559043 1.01162124 1.12868965 0.309791565 1.60997045
    -0.17203021 0.112857759 0.316920161 0.378880918 0.0645704269
    -0.509403706 0.92239666 1.61968017 1.68725729 1.30344129 0.430197895
    1.16661847 -0.209890425 -0.0631691217 -0.27736634 -0.256682247
    1.47326839 0.627733052 0.578483701 0.379918993 1.62237644
    -0.582323194 0.330595791 1.54399729 0.292914629 0.677332103
    -0.227781534 -0.2801117 0.577829242 -0.679029584 0.937920451
    1.66981006 0.617341042 0.0366877317 0.6361624 0.82031548 1.01956129
    -0.549959302 0.00982999802 -0.630334735 1.14673519 0.794013739
    0.635752976 -0.161851078 1.40321934 1.39480495 0.412230611
    0.333626628 -0.521507144 -0.546393514 1.48337293 -0.674080253
    1.61410952 0.302138746 -0.746045589 -0.760713577 0.513257265
    1.38151932 1.00639749 0.268520176 0.895387828 0.393192947
    -0.16394347 0.148156762 -0.354596913 0.119217575 1.19000649
    1.45046782 -0.703277111 1.21896851 0.50292021 1.16753983
    -0.354178131 1.5935483 0.126516759 0.677752674 1.11246586
    0.668394744 -0.715488434 0.022107482 1.30068505 -0.559599459
    -0.502029002 -0.0785298347 -0.0922281146 -0.629636347 0.742515922
    -0.144063354 0.179205954 0.549106002 -0.563519478 1.71605229
    -0.690017819 -0.0146552324 -0.676452339 -0.738123834 0.709719837
    1.54126072 -0.281619161 -0.0164852142 1.26257777 0.471403956
    0.0442400575 -0.593205988 -0.659829319 1.47181213 0.148537397
    1.51548076 1.01427734 1.16961575 1.46941257 1.2513411 -0.369749486
    1.6443857 0.197639406 0.857663512 0.237934232 0.748841047
    -0.621560574 0.416184247 0.2283867 0.165972531 1.50920486
    -0.297458231 0.964532793 -0.108039171 1.29544711 1.03298581
    1.06575418 -0.684871078 1.35254407 1.47260368 -0.515763044
    0.0908363461 0.865821898 0.36529094 -0.391115069 0.553980768
    -0.689105809 0.0137713552 0.840178192 0.0729560256 0.371700048
    1.53088331 0.970212042 0.379314184 1.32880139 1.36917114 0.706057012
    0.542381883 0.776563466 0.558194876 0.345561028 -0.124315858
    0.080871582 -0.611244678 1.61410689 0.640039921 0.327468455
    0.402603865 -0.115952492 1.35780346 1.59607971 -0.548788071
    0.740453601 0.740423024 1.32150745 -0.133649528 1.46754003
    0.980281353 1.24892688 0.896954179 0.901454628 1.06957412
    0.0507566929 1.41451979 -0.643161476 -0.309546053 -0.535578251
    1.68404031 -0.618959486 0.376808882 1.69908619 -0.73796308
    1.33752036 1.75430238 -0.161521554 1.01941454 -0.259486407
    -0.42992714 -0.26985693 0.438807726 1.83623767 0.572977126
    -0.10886085 -0.197836339 0.901934624 -0.442569554 1.27573884
    0.280991316 0.462631702 1.11195636 -0.271157414 -0.100152075
    -0.495103896 1.38598776 -0.681503356 1.17903244 -0.0515201092
    -0.294916362 0.727651894 1.46798921 0.990814924 -0.183662832
    1.40020943 0.328435183 1.77438164 -0.736612797 1.08867836 1.58951187
    1.62706661 0.914834023 1.29430711 -0.504835963 1.7459836
    -0.618733168 1.25776315 -0.308052212 1.34994996 -0.331089884
    -0.562654376 1.52293491 1.45804238 0.839241624 1.52532363
    -0.28931281 -0.251803815 0.682335377 0.6365574 1.60738802
    -0.416139364 -0.0134967566 -0.246433407 1.53497553 0.473769844
    -0.650714219 0.523233175 -0.582051277 -0.48441118 0.128332675
    1.2718575 -0.281135857 0.533164561 1.14562809 0.634047091
    -0.282384217 0.17660284 0.072332263 1.11112666 -0.490130305
    1.50971317 1.13186145 1.21719909 0.698466301 1.31809068 1.23911738
    0.462647378 0.681429446 -0.160450876 0.816039801 -0.232955456
    -0.407153994 0.727929354 1.24520397 -0.351373762 0.675520957
    0.222769618 0.754202902 0.716519535 -0.331435412 0.824113071
    0.847611904 -0.734046936 0.675062239 -0.292423576 -0.0637538433
    0.792628646 1.37236428 -0.0599470735 0.897733986 1.08121514
    0.965313017 0.512623727 -0.334767878 1.57802081 -0.262030035
    1.63124895 0.687955379 0.442616403 -0.212344885 -0.385246903
    -0.205686659 -0.494598687 0.742740929 1.72820783 0.890475094
    1.67331171 0.28398031 1.48073244 -0.168146968 0.83419019
    0.0665507317 0.560346246 0.384085834 0.885610878 1.37795901
    0.436554313 0.210895121 1.2718544 0.00206118822 1.12687755
    1.27978516 1.06460714 1.0692656 -0.17503047 1.34864688 1.573704
    0.167883992 0.35499543 1.48790216 0.963320136 -0.202569246
    -0.252396345 0.534929633 1.31112313 0.946555197 0.383956611
    1.36875665 -0.227319598 0.131724656 1.46933031 1.1719979 1.30343926
    -0.280913174 1.00473666 1.17225385 -0.406185865 1.20048094
    0.660708308 0.695342481 1.07018828 0.818075061 0.517299056
    1.71992421 1.03257203 0.62199533 -0.507330358 0.314629495 1.07254434
    1.66155028 -0.482784569 0.976020277 1.42654204 1.38383937
    0.126356781 0.32651031 0.62657243 -0.338604093 1.61546993
    0.608813405 -0.706479788 -0.216196775 0.233938694 1.05033994
    -0.623481572 -0.542000353 -0.0817491412 -0.112387121 1.47661877
    0.136156082 1.6035639 1.15755951 0.618219018 0.596254587 0.501757681
    0.782566309 -0.251284212 1.59853828 0.005456388 0.182266712
    1.55872154 -0.295197964 0.8262797 1.3696866 0.0896861553 1.08189142
    0.519904673 0.45300436 -0.182364762 -0.00284135342 1.3857007
    -0.131181836 -0.340111405 -0.473157108 -0.195946395 -0.357156664
    0.0638308525 -0.273827493 1.02219594 1.08239126 0.707053244
    0.247101963 1.08106863 0.41936928 -0.143025815 -0.358593643
    1.35088682 0.409497738 0.1050179 0.121873319 0.021627903 1.30148578
    -0.0134020448 0.974822819 0.353484929 -0.613666236 -0.608649373
    0.827478886 0.404239237 0.541065335 -0.131533742 1.59934902
    0.905674398 1.77292991 0.971520841 1.30389059 0.246601522 1.7361064
    0.874258757 1.50804996 -0.0401134491 0.577093422 1.43676662
    1.40334964 0.859281778 -0.179260015 -0.61999166 -0.0883796811
    0.58928287 -0.700629652 -0.688774884 0.609508514 -0.174952805
    1.58640432 1.62537646 -0.335289776 0.800295115 1.50923753
    -0.0767025352 1.43837357 -0.343663216 -0.170474827 0.688526928
    0.488197982 0.646279931 0.496934175 0.205859959 1.54905391
    0.826641321 1.01234794 0.717104614 -0.238061756 0.749344349
    -0.608301103 1.68778884 -0.0242486596 -0.302795529 0.046069324
    -0.611403048 0.984382808 0.107391596 -0.585696578 1.31637907
    -0.332680047 0.268106341 -0.15776825 0.202456176 0.252280712
    -0.236689389 0.685763359 0.511435151 0.834298611 -0.183575213
    0.266474247 0.0965265036 0.263850808 -0.238200575 1.66516817
    -0.695335507 0.673795283 1.59688604 0.335674107 1.24788308
    1.49109292 1.53392971 -0.594333351 -0.614434004 0.582357466
    1.68114066 0.317985177 0.394726276 1.53846288 0.266995192 1.66549683
    0.256314814 1.04290199 0.968649268 0.532488525 -0.663507283
    0.240070581 -0.405740678 -0.26600939 -0.340759158 -0.64667958
    1.21212101 0.398919702 0.293986857 -0.229061574 -0.350690335
    1.04992843 -0.36129123 0.529990435 -0.178017259 1.09355032
    -0.0662319064 0.062242806 0.0394849777 0.893568516 -0.0760239959
    1.17256713 1.65290332 0.269194603 0.973219216 -0.66700995
    0.149226844 -0.594163716 1.68372679 1.67577255 0.548143208
    0.598416388 0.479940653 -0.229083002 -0.351735175 -0.0457806587
    1.25746226 -0.583279371 0.764998317 1.48759353 0.333970189
    1.39293194 -0.469367683 1.19312477 1.42777741 0.909956574
    0.124308288 0.073967576 0.0687766075 0.110614896 1.29133797
    1.19719923 1.43402576 0.35528332 0.370309472 1.39076042 1.13948774
    -0.592509389 1.59821582 -0.331986368 0.570197582 0.600308359
    0.16815716 1.61368501 -0.447857738 -0.572069108 0.888907671
    0.798222601 0.893842816 0.753971457 1.37197781 1.08403277 1.00328302
    1.30978727 0.97304678 -0.552732229 1.71464229 1.04016542 1.08769393
    -0.589392602 -0.360993564 -0.0619586706 -0.205692291 -0.368415028
    0.966185868 0.174558103 0.93629539 1.41241884 1.04421592 1.61069536
    0.710765064 -0.599593341 0.516305327 1.49036026 1.59810913
    0.0342676044 0.543506801 -0.407071501 0.720340431 0.297228217
    -0.554249883 1.4722743 1.43083632 1.08293748 1.3460741 1.06784046
    1.03641129 -0.0340496898 0.563757956 1.29423845 -0.192667782
    0.0386089087 0.252599418 0.198406577 0.0950985551 -0.340827167
    1.47210979 0.772614002 1.8615396 0.241388112 -0.194806904
    0.930604815 0.3459723 -0.637867987 -0.24880749 -0.522055924
    0.950278938 1.06354523 -0.495560855 0.900460839 0.0730758309
    0.151303411 0.336865544 0.832397342 -0.0522691011 0.37568742
    0.416116953 -0.183571756 -0.0715038776 -0.575227439 0.900711715
    1.19115829 -0.436840773 0.787246943 -0.226586163 1.64825892
    1.32658815 1.07492709 -0.246982753 0.792875409 -0.559753418
    1.56596923 -0.0698478818 -0.548422456 1.22885656 -0.642236471
    1.72134948 1.05398321 -0.736326218 -0.471777022 0.669529498
    0.488993883 0.00534427166 0.433033943 1.50101256 0.940879107
    0.297569871 -0.427897274 -0.387439102 0.188402534 0.309996128
    0.30045253 0.00198352337 -0.740645349 0.10284245 1.66491699
    1.64587784 0.756461799 -0.350810438 0.457204282 -0.419034839
    0.640634239 -0.684651077 1.53655529 0.408590734 -0.267989576
    1.40474081 1.65405297 1.71029735 1.08112323 -0.579399824
    -0.634048998 0.1436885 0.23262006 -0.378623366 1.69786048 1.24026895
    0.431358635 0.46677047 1.27814198 -0.653071642 0.687558234 1.060848
    -0.544090092 -0.435800254 0.431995571 0.0282875896 -0.332193434
    -0.597406328 1.04065371 0.320380211 0.189959764 -0.486075401
    -0.538436055 0.224963844 1.11872172 0.053534925 0.661263227
    -0.440884024 1.35122204 -0.450683236 0.995927572 0.0283293724
    -0.200848222 1.07021427 0.472564638 0.547967434 1.21632648
    1.18997896 1.0473969 0.562009275 0.189340115 1.00042593 -0.513241529
    -0.459692717 1.32659769 0.751152813 0.422380209 1.68229818
    -0.301974803 1.69029927 0.554011285 0.516631722 -0.289282888
    -0.54782778 0.637852311 1.01168036 0.91391772 0.0761635303
    0.636880159 0.921565592 0.352273166 -0.731754005 0.852596045
    -0.2923024 1.49150038 0.0695533156 0.418210506 -0.609159946
    1.12274265 1.66801858 1.42490649 0.621101558 -0.00474905968
    1.58664215 0.819741488 -0.0759941936 0.570635438 0.0208280683
    0.650738299 0.773867428 -0.29837051 -0.0496118665 1.61375594
    0.632266879 -0.674332857 0.982436121 1.4851048 1.41563201 1.13228941
    -0.503747702 0.936932921 1.72377515 -0.653245389 0.882571101
    0.956702888 1.08758974 0.608381212 -0.201669514 1.21894598
    0.252381265 0.362659156 -0.222813159 0.980252028 0.207173944
    0.208344102 0.627443433 0.469790876 -0.63302058 -0.703676105
    0.807607055 1.36567366 0.587440073 0.474155962 0.500329137
    0.551862776 0.170506299 -0.0345233083 0.630103052 1.02257752
    -0.254065514 0.24863863 0.359943271 1.45084453 -0.234476328
    -0.0460991263 0.169398487 1.13962626 -0.326270044 0.746822119
    0.973529756 0.0692222118 -0.337178379 1.41703606 -0.02993536
    0.312047362 -0.166727781 -0.588490844 0.625083387 1.2729702
    1.03074002 -0.674899697 1.43304157 0.495480537 1.34658289
    0.659257114 0.119442821 0.518333554 0.626322031 -0.68920517
    1.29311156 1.55998921 -0.130524158 1.55272818 1.04036498 1.27358913
    0.22125113 -0.631687403 -0.503562033 0.408654511 -0.390402496
    0.869925678 0.72840476 1.33408988 1.53202212 0.0182622075 1.62386632
    -0.705475807 0.533488393 0.323390067 1.06843114 -0.379194766
    -0.321181953 0.307328105 1.43225205 -0.188927591 -0.460476398
    0.478827894 1.490242 -0.508355916 1.49543881 0.0360697508
    0.371321321 0.559639394 0.944747329 1.58760047 -0.0139072537
    -0.46453914 0.17992866 0.704377413 0.784366548 0.759056389
    0.246416628 -0.240724027 1.7047174 0.230112016 -0.653691769
    1.4376663 1.09110737 -0.0645385981 0.455927849 1.14784646
    0.757600367 1.6905477 1.5017271 -0.70645237 0.979400575 0.129694283
    0.194687665 0.435423851 -0.605566502 0.899112642 0.0268931985
    1.63110602 0.688501835 1.62234271 1.4274559 -0.0370252728
    0.0970568061 -0.663752615 -0.25148353 1.27691388 -0.31528762
    1.09489608 1.10078096 0.823149383 -0.666326404 1.27649164 1.20228338
    1.42048788 0.00826978683 1.46448529 0.707305968 1.17353654
    0.268992007 1.52104998 0.405983567 -0.709099174 1.16566682
    0.796886623 -0.21290189 0.231826544 0.682460427 0.58822 -0.593718588
    1.75231636 0.720862329 0.196188033 0.225200117 1.52936482
    0.106712818 0.932616591 0.402138948 0.790994167 0.84481281
    1.54836845 0.889115095 0.381477296 -0.756397903 0.855926514
    0.159294486 -0.267779529 -0.0645475388 -0.426832587 1.27202916
    0.302678704 -0.13857013 0.172924519 1.68286741 0.699554324
    -0.625277698 -0.36626333 -0.216528982 -0.0423120856 0.0956177711
    1.26441455 -0.652329206 -0.443196476 1.46520698 1.80609858
    -0.551195145 0.861674368 -0.22093147 0.703249991 0.364532113
    0.661149085 1.53292608 0.776497781 0.00781089067 0.887188375
    1.53132081 0.13615483 0.708980799 0.829879284 0.783153892
    0.127083719 0.598415196 -0.328402251 0.117117286 -0.506679773
    -0.231930137 1.03557158 1.38556445 -0.379559845 -0.0801644921
    -0.0984166861 1.02622044 0.998826802 0.0489436388 -0.0994325876
    1.31714761 0.336281478 0.739313126 0.698209226 0.227865219
    -0.238295913 1.20740485 -0.694966674 0.65227145 -0.120205641
    0.89131701 -0.155631542 0.774505198 1.09885323 0.421208858
    -0.352700979 1.26128531 -0.466518104 0.425318062 1.36102557
    0.223664343 1.20946479 1.12094116 0.594365597 1.1146158 1.41969264
    -0.254005849 1.5090127 -0.470671535 1.1407361 -0.402905792
    0.27492094 0.28514725 -0.482302129 -0.708142042 1.23616433
    -0.399460644 0.980192602 1.23493254 0.41046381 -0.729214489
    -0.688772082 -0.188294172 0.341545105 -0.353299707 0.442479253
    0.952917993 0.0879564285 -0.567494273 -0.0459648967 1.16829872
    1.17304695 1.23962343 1.19852102 -0.407866776 1.19901037 1.05313313
    0.0975866914 1.50035381 -0.215066969 1.35664594 -0.0399615169
    -0.46086657 1.3895247 -0.142181516 -0.690007269 0.181623995
    0.543651342 0.923440456 1.21690691 -0.172551155 0.451749682
    -0.479594558 0.236354053 1.0466764 0.234465778 1.05520356 1.13983774
    1.42187524 -0.265270293 1.16202736 0.540353239 -0.497790337
    0.0855808258 0.536535442 0.667553127 1.38557315 1.12598825
    -0.35230425 -0.145061374 1.75287652 -0.224370778 -0.223305702
    0.143324494 0.748759508 1.50181437 1.11782992 0.343616307
    -0.32767123 0.73797071 1.2981658 1.00682759 0.946918011 1.2797302
    0.734822333 -0.588858783 0.370931864 -0.567268968 -0.09034729
    0.0123065114 -0.299426675 1.38469207 0.74674207 0.0158452392
    1.11800385 0.589609385 0.532801986 0.0144674182 1.04396164
    -0.265883625 -0.443880349 -0.293099374 1.8055861 0.501558363
    1.58738256 0.829548538 -0.395306945 -0.525377393 1.32546377
    0.0635859966 0.505630374 1.8364352 0.976245105 0.396408498
    1.61545515 -0.408761859 1.55493116 0.00415295362 1.54367924
    -0.46748817 0.417730629 0.489568114 1.39001584 1.17654109
    0.877762377 -0.203190595 -0.402190268 0.0945693254 1.38153565
    1.47954237 0.799489021 1.18482518 0.983228922 1.31697178 0.62833488
    1.25802469 0.89122504 1.45033848 -0.102449 -0.0253659487 1.22372687
    -0.720009267 0.558996022 1.08039713 0.192235291 0.226993382
    0.331895828 0.167584777 0.233651817 -0.00955957174 0.666541994
    1.11476588 -0.384771615 0.645301878 1.62174833 -0.681604862
    0.540391564 0.363755763 -0.0896418095 0.71008873 1.14191008
    1.10568237 -0.428160846 -0.21540606 -0.580036879 1.30988646
    0.0956542492 0.0488219857 -0.629877031 -0.580585539 0.473834038
    0.451011479 0.428675115 1.07098019 1.67909765 -0.47683081
    0.726057053 -0.0328474641 -0.594319463 0.700410128 1.5255847
    0.0677933097 0.761436999 1.43910789 1.18608618 0.124911606
    1.17236185 -0.16704452 1.28914142 1.31513679 1.3063246 0.618898392
    -0.44834739 1.32589602 1.09520102 0.998116255 0.531084538 0.10762912
    1.11332393 1.69987655 -0.168670774 1.18514895 0.552364051
    -0.588025093 1.67332327 -0.590622783 0.172234118 0.164858043
    -0.258303195 -0.324030846 -0.0787392855 1.44059074 0.281185567
    0.764034331 0.054024756 1.14372444 0.381220162 -0.089238584
    1.23074746 -0.520674467 1.6543746 -0.628083229 -0.0582022667
    -0.34815985 -0.306613445 1.36933231 0.20214051 1.07750964
    0.885915995 1.66185474 -0.435820729 1.09384096 0.066780448
    0.0658798814 0.146440566 0.661066651 0.793422639 0.595165908
    1.35769415 0.355238676 0.290999413 0.548956335 0.777542889
    0.357045233 0.679089904 1.05367398 1.55104339 -0.121935427
    0.894058287 -0.00175321102 1.73117685 -0.167010844 1.28754318
    0.348306775 1.22863579 1.15511942 1.21774912 0.226320326 1.4585191
    1.35197687 1.46714067 0.0191120505 -0.246189356 0.433506608
    1.01572752 1.66616964 1.62728786 0.959542632 0.817942441 1.25666845
    0.820259273 -0.744941175 -0.698965728 1.22093701 0.670683563
    0.781593859 -0.697655201 0.714084506 1.41180754 0.972277224
    0.0214681029 -0.662078857 0.333526909 1.31661034 0.380771995
    0.987098575 0.383787155 -0.106206417 1.34505844 -0.382233053
    1.0377214 -0.285802245 0.384981394 1.64893734 1.28146672 1.53996944
    1.06821036 1.16177392 0.176048279 1.58592296 -0.616374195
    0.238268375 -0.309482485 -0.705206513 -0.0334299207 0.634001374
    0.721828163 -0.552112401 1.17032909 0.117553949 -0.234309435
    -0.279482037 -0.613961399 0.444535792 0.145676076 0.383367121
    1.67668962 -0.436402738 0.744928479 0.904451191 0.639722705
    -0.369253099 1.59576058 0.741792798 -0.529698849 0.134051025
    0.332660615 1.4414978 1.39832461 -0.312879771 1.63277042 1.29163766
    1.2168715 1.14853716 -0.123155475 -0.084643662 -0.422530442
    -0.701553524 0.241904199 -0.130565166 0.501089573 -0.270494848
    -0.0198138952 1.10320187 1.21221972 0.846101999 0.743192375
    0.872732937 1.64159679 1.13234615 0.189447939 1.19305134
    -0.536390364 0.420568585 0.45091629 0.805648446 0.828864396
    1.1289686 -0.167823017 0.910506368 0.560950637 0.505763113
    0.691091597 0.539078355 1.86465144 1.41360521 0.0872252882
    0.85705483 -0.275922626 -0.00854003429 0.71569103 0.793409705
    -0.591782033 -0.199796498 1.40465212 0.733812332 -0.154099166
    -0.224823892 0.0403217673 0.558198273 0.228724658 -0.19921267
    0.603584707 -0.535832524 0.589564145 1.48656082 -0.627277136
    1.20188296 -0.170276582 1.66580045 1.00454962 -0.117257118
    0.916505694 1.02039695 1.13437486 1.64025581 0.518042207 1.61078453
    -0.408777982 1.55787539 -0.118827879 0.537782252 1.47053647
    1.65981865 0.871814489 -0.383779556 -0.755157709 0.980782568
    1.45392442 0.526253283 1.4150641 1.12118638 0.026589632 1.40256882
    0.373701394 0.328491092 1.51088238 1.35661626 1.4451015 -0.386962116
    0.709070444 1.05377483 0.204724669 -0.530104399 0.289036751
    0.943673491 0.74943161 0.971863151 0.979363203 -0.0427896976
    1.30581307 -0.134736419 0.523312986 0.0975900888 0.84170562
    -0.208990544 0.064345479 -0.626489758 1.27348447 0.698197424
    0.831347585 1.55640423 0.996633112 -0.133611619 0.883657455
    -0.605892897 1.00402164 0.951951385 1.32206261 0.481876135
    0.664308965 0.694249928 0.25509268 -0.549029648 -0.149581969
    1.78011322 0.342732191 -0.182553768 0.265046716 0.890140295
    -0.508900106 1.39500165 0.275969148 0.604324698 0.979343712
    -0.202487946 1.28202033 -0.663339794 0.56886965 0.685568094
    1.08453953 -0.795284808 -0.693533599 0.559424937 -0.453861594
    0.305652618 -0.309028238 -0.484204888 1.19668317 1.08305788
    -0.356554389 -0.647704422 1.79596913 1.39557242 -0.510588765
    -0.590266585 -0.419946432 -0.0779511333 0.146251261 0.858983815
    1.55628264 0.608411193 -0.508234739 1.77102995 -0.433399886
    1.03705835 -0.486367345 0.133431911 -0.155852795 0.955098689
    1.43361759 -0.545608044 0.313704669 -0.745624125 -0.30174464
    0.831567824 -0.0188220143 1.29851878 0.601684809 -0.470400691
    1.45041382 0.266095221 -0.596243024 1.26266885 0.326459408
    0.899944544 1.43257141 0.284640312 0.515456498 -0.566132724
    0.926572978 0.348676443 0.0275848508 1.01759911 0.222854018
    0.0870411992 -0.201969266 1.73309684 1.63335347 1.350577 0.235067904
    0.469571829 1.72059977 -0.0747387409 -0.140376925 0.961645722
    0.443374217 1.54919124 0.697098494 1.55307353 0.10411334 0.29587096
    0.293500721 0.646774888 0.689463377 -0.615586758 0.334419549
    1.30044055 -0.296510637 0.577459276 0.847463489 0.516402602
    -0.165420473 -0.579472303 1.74853063 1.75009441 0.801643431
    0.837150991 0.404396951 1.23711479 1.37330818 0.253574908 1.10726702
    0.952990174 0.288518071 -0.39572379 1.21655679 -0.35594961
    1.26754069 0.809682548 1.0911212 -0.208772957 -0.400535733 1.5422895
    0.488358498 0.565809965 0.810658753 1.04610157 0.988256812
    1.14256811 -0.478768468 1.11019993 0.726162672 -0.613761663
    -0.243776858 0.723889112 0.930548429 1.09464717 1.09524965
    1.48497498 -0.808421731 -0.500945747 0.719227672 1.68063474
    0.0848964453 -0.548908949 1.95079947 1.42966008 -0.376035452
    -0.0254174471 0.846724391 1.72325706 -0.691500306 0.702321231
    0.401352644 0.238240957 1.53437734 -0.201255858 0.390455723
    1.14946818 0.0277975798 -0.17066884 0.863309383 -0.296229661
    0.16942656 -0.302182227 -0.406983078 -0.514593482 0.484444559
    -0.60094744 0.143332481 -0.0982003808 1.75273359 0.369045109
    0.634666324 0.509605467 0.38076967 0.15845412 0.700612843
    0.192850471 0.306572616 0.665775359 0.653009415 -0.423186064
    1.24877954 0.150185645 0.320372522 0.544667304 0.547584355
    0.330414593 0.213179171 -0.310947925 1.68042159 1.29241657
    1.49573147 -0.482269585 -0.505694807 -0.546753168 -0.0476212502
    0.774923265 1.55581832 1.44755042 0.547734618 -0.55778259
    0.409650862 0.0934641361 1.46961379 1.70319414 1.03683543
    -0.682858884 0.808392942 1.44217217 0.96450305 0.962580979
    1.61489844 0.364312291 -0.203737676 1.12723815 1.62423372
    0.205385447 1.39390767 -0.282367706 -0.645817339 0.240254879
    1.28747082 1.463557 0.826996028 1.33800554 1.44323659 0.0278994441
    -0.687951565 1.18288279 -0.257314503 1.40514243 0.204613566
    0.0825855732 -0.525451362 0.343649745 0.751913965 -0.501603365
    0.398391843 1.60722589 -0.245618552 0.192208052 0.202135921
    -0.509476662 1.12606645 -0.641132116 0.582553327 0.976600409
    0.344071269 -0.65270257 1.54436624 -0.243172109 1.64245415
    0.610114813 -0.40175572 0.467860579 -0.0411609411 -0.521237969
    1.5392586 0.471692562 0.0966192484 1.49048305 0.248779595 1.55248964
    -0.720893383 1.55452991 1.12176597 1.08870018 1.5856173 1.09653246
    1.60780919 0.668917418 0.700494528 1.50885797 1.57001328 0.837115347
    0.878220379 0.928098977 1.1278404 0.931924701 0.442260265 0.10756439
    1.40102839 0.424601734 1.49645555 0.294152677 1.5459367
    -0.0354779959 1.22044182 -0.390142858 0.0577129722 0.549317718
    -0.515347302 -0.488897264 0.412009954 -0.211289555 -0.362043172
    1.24487495 -0.0645052791 1.65203905 -0.285804152 0.293162942
    0.441318393 -0.735128403 1.26956642 0.101298213 0.919135273
    1.69407105 -0.148823261 -0.60441196 0.737415075 0.9680444 1.06302786
    -0.353851318 0.735644519 0.888091505 -0.515038073 1.32035136
    0.0639434457 -0.596183062 -0.0518834591 1.03881288 0.971210063
    0.602830887 0.282768607 0.968174219 -0.726918519 1.33138239
    0.881009638 0.694297016 -0.54735744 0.865682006 0.563078284
    1.41472924 1.26729023 -0.00055283308 -0.133922696 1.63054085
    0.49862659 -0.345246226 0.552212298 0.0792292356 -0.196615696
    1.26447701 0.181846917 1.55249465 0.598106146 -0.690159023
    -0.498224974 1.03339696 0.265890896 1.55312538 -0.0989502072
    1.0116998 1.1312921 0.712287962 0.285395145 0.398904741 -0.369490474
    -0.529504418 1.34573603 1.40851521 1.0308342 0.227014363 1.31854868
    0.381736636 1.45682812 1.32232273 1.17702675 0.644395471 1.74053597
    0.613688886 0.700944722 -0.306552917 0.733393431 1.50018537
    -0.101031005 0.376650453 1.40444827 -0.588361502 0.583463728
    1.38717294 0.530614257 -0.273703098 -0.811806083 1.2847116 1.2856698
    -0.210891485 0.109096766 -0.547226191 0.439982176 -0.513737559
    1.48977339 0.611624777 1.52005935 -0.163677752 0.221180022
    1.73538995 1.47739482 -0.503999472 -0.514638305 -0.404553026
    0.549356878 -0.439273417 -0.559883475 -0.118340135 -0.204687834
    -0.710145354 1.01478314 -0.53903091 0.972306252 -0.161371768
    -0.568576455 1.08983064 -0.590901971 1.4522078 0.569177926
    1.22301412 0.208624899 1.71930695 -0.674473166 -0.0694665313
    0.953338981 1.13939738 1.67038012 1.5168916 0.55568707 1.21489966
    1.05025029 1.39990854 1.34075737 -0.434840798 1.59145451 0.278926253
    1.41933346 0.554847002 1.06472993 0.531796634 0.948531091
    -0.328775883 -0.117574155 0.375109673 1.07173109 0.371014714
    -0.278187156 1.77190852 1.12281585 1.64872718 -0.63597548
    0.435344875 -0.493303895 0.591313124 -0.171345234 -0.816153884
    0.296107292 -0.720768631 -0.621266782 -0.127159119 1.03932786
    -0.404987216 1.10046625 -0.589201987 0.715694189 -0.622889817
    1.0499047 0.904788017 0.413150311 0.825062871 0.0162066221
    1.29174328 -0.80029273 1.50604224 -0.75604099 -0.559815288
    -0.0864216685 -0.115181327 1.14513588 0.995838583 -0.272367179
    1.11669958 0.710064769 0.107566476 1.38975024 -0.332951337
    1.51165152 0.0558040738 1.40721905 -0.307611972 -0.191239774
    0.952084959 0.462408125 1.0014931 -0.632207692 0.69018507
    0.897538185 -0.508723259 -0.087002039 -0.550801873 1.70618737
    1.54190683 1.15169525 -0.254020005 1.19118166 -0.0486931801
    0.0557819605 0.654645681 1.13445973 1.34480286 0.589116335
    1.17840433 0.808674872 1.71170914 0.362142146 -0.194635153
    -0.233805776 1.68150246 1.37127781 -0.587256193 -0.642438769
    -0.0858615637 0.629073739 0.620505631 1.19227147 0.992642343
    -0.117617965 0.136666536 1.68554592 -0.736811161 1.50278676
    -0.321513414 -0.210659921 0.903213084 0.431810439 -0.0778533816
    -0.62400949 0.409759521 1.36498356 -0.642503798 0.412408113
    0.639179945 -0.30753088 1.48265624 -0.412317097 0.777633011
    1.15277159 -0.204071403 0.560767353 1.27741599 1.39989555
    0.0821896195 1.73312831 -0.179017186 1.06305289 1.4811511
    -0.200421214 0.695085287 0.723857999 1.63817954 0.864667356
    1.45948744 1.59052598 -0.00124907494 0.305343211 0.29057014
    -0.113249481 0.800430059 1.21268237 1.374681 -0.587706923 1.59468687
    1.11275315 0.0311806202 0.548942924 1.22606397 -0.120680094
    -0.611444592 0.747698665 0.891172171 -0.303440928 0.926698446
    -0.221984148 0.742072284 0.030385673 0.0171100497 1.71914434
    -0.0793075562 -0.0261391401 -0.659383774 -0.159124494 1.67338336
    -0.308717877 -0.709208012 -0.330437183 -0.569118559 -0.0547372103
    0.333593249 0.40621978 0.429541171 0.19811511 0.837430716
    -0.752132118 0.261554956 0.279201746 1.13421512 -0.0837592483
    1.66989553 -0.470863283 1.6024754 1.69146061 -0.607911408
    -0.349551976 -0.528909206 1.60102391 0.318036497 0.113238692
    0.570168674 0.191652715 0.527720749 -0.0430056453 -0.575535595
    -0.278185874 0.922052622 0.768508375 0.505681992 -0.221845329
    -0.198293388 0.778611124 1.33887315 0.231336236 1.1971221
    0.150639534 -0.166408479 -0.771497488 1.42447376 1.46576786
    1.46473026 0.305922747 1.02720451 -0.848931551 0.665742278
    1.28575349 0.923897564 1.57446456 -0.642275274 -0.197170317
    -0.257513583 1.18460989 0.808026254 -0.287625313 1.43327439
    0.699629426 1.10659933 1.4082787 0.511259198 -0.333742052
    -0.34780699 -0.544018209 0.240674078 1.32086229 -0.0651248693
    0.225653887 0.916581154 1.65114248 1.05548513 -0.50563401 0.85538739
    -0.148746729 -0.158690274 1.17362046 0.0711590648 -0.577585697
    0.574528635 -0.452541441 0.909138978 0.706725776 0.768108308
    0.344900906 1.74643588 -0.131842613 0.322062135 -0.339278311
    0.216246784 0.985956252 -0.280716419 0.382872701 0.933821559
    1.08753705 0.0197960138 0.696515203 1.0823307 0.924521208 1.20592427
    1.57215905 1.59119439 -0.421874523 0.238440812 -0.0510252714
    0.570345223 1.15236354 0.0219602585 -0.439599276 -0.62332052
    0.500914574 1.19581962 -0.159157217 0.368652523 -0.0805500746
    1.24812722 1.44353235 1.58246648 0.171608031 0.480916083 1.64097881
    0.509432495 -0.129993618 -0.452819586 -0.309216112 0.896359622
    0.173810899 -0.387792587 -0.0270990133 0.479232609 -0.557381332
    0.922329128 0.00822550058 1.07707071 -0.749698281 -0.123085022
    -0.697976708 1.59939241 0.914393961 0.836588562 0.132650018
    0.534721076 -0.725863457 0.487489283 0.641723633 0.551858306
    -0.162711918 0.155783176 1.11881161 1.50398827 0.120078743
    1.56456852 1.33285928 0.817493677 0.664250314 -0.675160825
    1.46723652 0.345088482 -0.175058067 -0.424515247 0.416532815
    0.786643267 0.227141798 -0.344500333 1.50546229 0.148449779
    0.15905416 0.446451247 -0.127999783 -0.138592005 -0.398820519
    0.495960891 0.696924031 -0.268248796 1.37500191 -0.461270809
    1.16540265 1.70616746 1.34777439 1.1958034 -0.0848081112 1.46466088
    0.236474812 -0.283961356 0.965371966 0.836354971 0.531493902
    -0.510060966 0.79561913 -0.50471437 1.25644493 1.44793594 1.57161379
    -0.0758253932 1.1758256 1.54736865 0.997094631 0.0732555389
    0.66272521 1.54360831 0.320811391 1.18639994 -0.259392679
    0.286975265 -0.0636153221 0.462040067 0.132725954 -0.213295281
    1.68691552 0.764052808 0.61004734 1.72654653 0.509951949 0.118357718
    -0.672211885 -0.185759783 1.24874067 -0.0162751079 0.910995603
    -0.368912846 -0.399768919 0.7733922 0.594616532 1.17243373
    1.42785025 0.87636739 0.867739916 1.0314132 0.185852587 -0.246591985
    0.214293897 0.820097685 -0.0616156459 -0.382536829 0.480605721
    0.0508947372 1.48716772 1.2339679 0.982292593 -0.01809448
    -0.749465585 0.644854128 1.13484931 0.925457716 1.67119718
    -0.360678792 -0.111155152 -0.111347079 0.975954711 0.777548313
    1.61199248 -0.151503026 1.55862856 1.65057576 1.18002594 0.258185327
    1.55974674 0.0906866193 0.0812770128 1.23276734 1.5220077
    0.0204857588 1.4304893 0.174500048 0.940849543 0.222661853
    -0.229484916 1.67484856 -0.398211688 -0.221111894 -0.300426662
    0.788888156 -0.681999028 1.4130981 0.69619894 -0.191625834
    -0.396908611 0.139790297 1.50671434 0.65814662 -0.492474496
    0.053288281 -0.217725009 1.81703258 0.942220926 0.460079849
    -0.621806264 0.744152963 0.582283795 0.881578684 0.28164494
    0.470227182 -0.64334482 -0.506739616 1.28137183 0.602900743
    1.06805205 1.06930661 -0.359220505 1.15597594 -0.218026042
    1.17242765 1.38138366 0.337559223 1.38895905 0.782196403 1.20044494
    -0.191445529 0.305934787 1.70059431 1.23685277 1.24743807
    0.264434874 1.22208142 0.75968641 -0.331803441 -0.453199476
    0.0194652081 -0.550135076 0.745108426 -0.259048104 1.23100376
    1.6233964 -0.0850006342 0.317860842 1.12744355 0.544670403
    1.07911062 0.10320127 0.589091599 1.35043871 0.252794862
    -0.132413983 0.712821186 1.00018847 1.26502788 1.013677 1.39914179
    1.28943324 1.71846485 -0.0661838651 0.427218914 -0.187294722
    0.338259578 0.413051665 0.0735009313 0.270835936 1.51271462
    1.32541108 0.718637109 1.23255038 1.34207892 -0.315801263 1.20221817
    -0.340667784 -0.123227537 1.10997188 1.221995 1.72539568 0.781517923
    -0.556009889 1.36102962 -0.358801156 0.0889725089 -0.635868967
    -0.349648297 -0.244137704 -0.292794049 1.63556862 0.130244493
    0.063804388 0.612227798 0.84056288 1.43727636 1.36070204 0.200558126
    0.374584675 -0.321800858 -0.595408857 0.565931797 0.0283519626
    1.44267988 -0.548688531 -0.582175553 1.19592011 0.156708121
    1.38982534 0.235177755 1.12390852 0.908793747 -0.398893386 1.6874938
    1.21031868 0.794952989 -0.0942379236 0.294233024 0.969102204
    -0.309838176 0.786160946 1.37951696 1.11548734 0.324528813
    1.16390276 0.342143118 0.31815064 -0.657993138 0.127442002
    1.10666049 0.160371184 0.870313823 1.40774322 -0.26093927
    0.424469709 0.22864306 -0.199744433 -0.324212581 1.49387872
    1.50917459 -0.140303135 0.772225916 0.181982994 0.331034184
    -0.132842422 -0.0051087141 0.916028738 0.200584114 0.281292975
    -0.171557605 1.31158066 1.16023326 0.622039318 -0.0912642479
    0.374528468 -0.224998951 1.31542742 1.60883093 -0.524916947
    1.31865609 1.66533959 0.287880659 0.177086532 0.902862191
    0.467871249 1.03244972 0.694287658 0.731416881 -0.52184391
    0.240661561 -0.247080326 1.2573452 1.30723023 -0.056000948
    1.16672432 0.858688116 -0.791730106 1.52057958 1.20375133
    -0.581596017 -0.0563626885 -0.631918252 0.0137631893 1.65517139
    -0.389284134 1.38644803 0.68562907 0.951960504 -0.592523575
    -0.464009166 1.67837453 0.0597537756 0.659642875 0.1239326
    0.329700589 0.486626506 -0.623644888 -0.638367355 1.5469687
    1.17972505 -0.272090733 0.588290334 0.0802813172 -0.114029109
    1.02211356 1.50056982 1.00555086 1.46565008 0.727687597 0.32342267
    1.41831541 0.99723047 1.0208683 1.11644602 0.947047353 -0.604552746
    0.919447243 1.63781357 0.274189055 1.18796182 -0.672000647
    1.10470045 0.0488455892 1.5994432 -0.251193702 1.00926387
    -0.186100662 1.07881773 1.12283444 0.217106819 -0.171369314
    1.00794077 0.468706667 -0.215982795 0.42913723 0.185260952
    0.419128537 0.215407252 0.38091141 0.639409721 0.405018151
    0.616068542 -0.640066922 1.4340353 0.601791143 -0.474160999
    1.29020405 0.498308539 0.719733596 0.68176502 -0.511523843
    -0.355107665 -0.536474824 1.19136763 1.55986047 0.242456615
    0.421232224 -0.260888577 0.367768705 -0.489378095 0.167360008
    0.458433926 1.45031118 0.330929458 -0.472600311 1.00254977
    0.645794094 1.1999743 0.143211365 0.0827409625 0.831640601
    0.317727208 -0.470331311 -0.283656448 1.22252846 -0.736057043
    0.11476481 1.38473535 0.677251101 1.38941908 0.391295075 0.339139342
    1.14753294 -0.153678536 0.917274892 1.03419542 -0.509954453
    -0.408536226 -0.366706133 -0.600329399 0.900948822 1.28548098
    -0.423399538 0.0604475737 0.0785447359 -0.0590200424 1.82201982
    -0.234566033 -0.28769955 -0.156318188 0.69450146 -0.277201474
    0.491731942 0.180364788 1.70498753 0.112515748 -0.58144623
    0.778189898 0.440663517 1.12302709 1.47770178 1.50339794
    -0.0874511003 0.523246527 -0.439992756 -0.466034025 -0.511457145
    0.288874447 0.611048102 1.76098442 -0.520310104 -0.64874804
    1.22473669 1.72114635 1.05734348 0.0932994783 0.270160973
    0.046415329 1.58968496 0.423962772 -0.734705985 1.02736354
    -0.173800647 1.37670159 0.0348097086 0.000240802765 0.0597045422
    0.996596396 -0.646625042 0.391833544 1.47895312 0.974035621
    0.141042411 1.36203837 -0.632749081 0.903372407 1.25481033
    1.30734682 -0.182475209 0.467245698 0.934413552 -0.446595401
    1.29378939 1.33713996 1.01899195 0.813253403 1.80672181 0.141422033
    0.75551337 -0.530821919 1.17094684 0.478352726 1.44620156 1.03575587
    1.05027854 0.789297044 -0.536127567 -0.273088247 0.800698698
    0.149982214 -0.6652565 1.6747489 0.732107043 -0.347038239 0.90118897
    0.58638519 1.56508076 -0.451855779 0.458443701 0.498313785
    0.279851198 1.3960073 0.0362821817 -0.117673576 -0.756257176
    0.472993433 0.687750936 -0.0234444141 1.10668802 -0.0740371346
    0.706014395 1.5326761 0.135838628 0.0812265873 1.72196817
    0.0594385266 0.362116575 1.28494835 -0.28131035 -0.257982463
    -0.611505389 1.79101062 0.0511001945 0.0753009319 0.832703292
    -0.238444835 -0.0481895208 -0.520353198 0.236073613 0.383987188
    -0.433237433 1.11056852 -0.508769155 -0.562775254 1.17168677
    0.280199945 -0.144809067 -0.343321562 1.61189675 1.65021706
    0.0955544114 1.06842709 -0.189957917 0.149356604 -0.670843601
    0.0704764724 0.150691032 -0.225179374 1.35129178 -0.250752985
    0.752903879 0.643692911 0.0044350028 1.57295179 0.265351892
    1.01895714 0.441440701 0.877394199 1.35927272 1.58441544
    -0.0845061541 0.746402442 -0.581723452 -0.269927144 0.859917343
    -0.0930268168 0.765012383 -0.345679611 0.531783998 0.600922763
    1.64751744 1.47847414 0.376884162 0.710579515 1.36714768
    0.0841853023 0.817724645 1.50239968 1.56423259 1.32635796
    0.0750330687 -0.625750899 0.298345208 -0.575970531 0.783313453
    -0.389454097 1.29245508 0.894772649 0.153122842 -0.901211619
    0.132656276 1.39613843 1.07382417 0.466442168 1.09739685 -0.1187253
    0.80665338 1.08134139 0.776940644 0.515057623 0.102608204
    0.868136048 0.274658978 0.433071017 -0.352824926 0.249008596
    0.154798448 -0.276545763 0.641586661 1.38118982 0.733759224
    -0.461847365 1.62387609 0.828870952 1.39893162 1.02603459 1.59465694
    1.16927719 -0.712166011 0.323966682 0.0916984081 1.01131749
    0.471919119 0.415008664 1.16098988 -0.280003339 0.84316653
    0.0863478184 1.30826628 0.708173871 1.14290345 0.223755777
    -0.54152751 0.935647488 -0.571496606 -0.0724220872 0.398179173
    -0.401036888 -0.457986176 0.60444355 0.188254893 -0.335316837
    -0.383637637 -0.143467844 1.69653916 1.33930469 -0.0961312652
    1.50317454 -0.174626708 1.00303817 1.20971453 -0.512562633
    1.52609086 0.154522479 0.0175982118 1.27627158 -0.563617229
    -0.0794821382 -0.441198289 0.195422053 0.892684877 -0.165373504
    1.08919907 0.118821144 0.801223576 1.19833744 1.49518037 0.532334447
    0.663841009 1.5471971 -0.585275888 -0.0227128267 1.50471759
    1.61396801 1.70285845 -0.369449109 0.967859209 0.676897347
    0.244534433 0.130171657 1.16202545 -0.397631466 1.57344878
    0.0938545465 1.08044434 -0.198818922 1.5873996 1.6166048 0.443000436
    0.119363606 1.51380992 -0.27842772 -0.449911475 1.22511637
    0.49913305 0.475698531 0.0594961643 1.44410586 0.217668414
    0.305627167 0.668517947 1.29698598 0.150600076 1.73213005
    -0.679385066 1.11847615 -0.39782837 -0.443238974 -0.129562557
    -0.27728641 1.29282165 -0.215838253 -0.553689301 -0.0409107804
    0.0389367938 1.02825022 -0.0199145675 1.41711569 1.84126401
    -0.604579687 0.575855494 1.52635741 -0.442860186 -0.182343781
    1.33327925 0.110885084 0.392276525 1.33837652 0.726129234
    0.876986265 0.0285884142 1.6802609 -0.520061433 0.635721087
    1.12009895 0.660932899 0.757750332 0.578576028 1.56042647
    0.025647521 -0.0332217216 0.356032431 -0.596221089 1.38376236
    0.375864983 1.51021707 1.20718932 0.467032969 1.55175638 1.30452526
    -0.222376764 1.53407407 1.39163756 -0.379142821 0.733778417
    -0.161889255 0.875238419 0.788533509 0.738595963 0.589542568
    1.49505508 0.497507036 -0.338360131 0.913923979 0.184891343
    1.05375218 0.889090359 0.41450119 -0.0661015511 -0.315886259
    -0.570658207 0.114477336 1.26793921 -0.210971653 -0.131372511
    0.271045268 0.25110805 1.56474948 -0.220918179 -0.468711793
    1.59616041 0.076669693 -0.619514823 1.69670773 -0.136498928
    0.916295171 -0.592007399 0.400292635 0.365653098 0.104161322
    1.45477402 0.499778092 1.41623354 -0.41647467 -0.566712081
    -0.779498935 0.886324704 1.18695271 1.10322535 1.05248225
    0.0656134486 1.84152508 -0.573612392 -0.542699933 1.32380557
    0.343704283 1.43437028 0.359630227 -0.638793588 1.45988154 1.0194453
    0.342495382 -0.70039475 -0.322802901 1.69712424 1.6088587
    0.824326336 0.491426289 0.313235044 1.54249275 0.743054271
    0.653228164 -0.369693041 1.58501399 0.446384549 0.785688818
    -0.626557589 0.514833868 -0.567390323 0.912943363 1.29219151
    0.251978397 1.4534936 -0.0292383432 -0.345981538 -0.705939591
    -0.258894593 1.55930185 1.43199468 1.36745715 -0.682195663
    1.31009316 0.873739004 0.655000508 0.765447378 1.57036948 1.17418289
    1.46673608 1.53917193 -0.149682581 0.791718781 0.740339756
    -0.352567196 0.369236231 0.731584609 1.53869915 -0.0431786776
    0.827461123 0.247835159 0.793340802 1.39883304 0.450154006
    0.416315854 1.41442955 -0.0931934714 0.808593333 1.26230848
    0.852112114 -0.218551517 0.773364246 0.793428242 1.05220366
    0.765798032 0.558778703 0.984112144 1.58656609 1.54516339
    0.554098725 1.63165772 -0.130212843 -0.644593835 1.16335011
    0.683324873 0.728664637 0.699955285 1.41755772 -0.0457004309
    -0.632018268 0.776268542 1.47418213 -0.504061282 1.16889477
    0.49154377 0.842163742 1.20825577 0.886078179 0.748745203
    0.577615142 1.13168764 1.0555501 0.299494863 0.863463938 1.55064547
    -0.0843574405 0.837265253 0.249864697 0.987710714 -0.537366331
    1.36257887 -0.328818291 0.139277399 0.566129148 1.11547947
    -0.665233314 0.97790277 0.334467709 0.477632582 1.77425957
    -0.348729581 0.477048874 -0.583404362 0.609669387 0.56845367
    0.952222645 -0.126095772 0.361443877 0.74430722 1.15318131
    0.469839811 -0.276468754 1.37039971 1.42518592 -0.81517899
    0.955574393 1.20485711 1.6703918 0.440285742 1.47852862 -0.685815573
    0.19324106 -0.063341856 1.32985306 -0.363316149 1.22298956
    0.000670790672 0.500378609 -0.0452511907 1.10314739 1.71052182
    0.168288827 -0.412899613 -0.0625103116 1.38091862 0.918941617
    1.31198597 0.0612278581 -0.233970389 1.34453201 1.05654347
    -0.0226498246 0.975568116 0.833594501 1.70116973 1.38058805
    -0.144865394 1.30901861 -0.582046628 -0.173644483 1.39468288
    0.00934374332 0.739393651 1.58104634 1.3165369 -0.379684478
    -0.404384702 0.693398952 0.783201993 -0.204026759 0.702199161
    0.00593680143 0.116794646 0.716140389 1.45695686 1.33123064
    -0.433008224 1.49993491 0.233660638 0.595125258 -0.735138416
    0.0578882098 0.734558702 -0.443906456 -0.15540576 1.64928007
    -0.640574276 -0.464244485 1.07961035 0.777791679 -0.566222072
    0.803401291 0.363519967 0.867269099 1.04814148 0.41030395
    -0.028029561 -0.749451339 0.993143141 0.605102181 0.574541688
    0.546468198 0.626652539 0.599009573 -0.0702790618 0.695738852
    1.56326854 0.867133081 -0.67004627 0.977662265 1.25668764 1.39722872
    1.65270782 0.72232753 -0.785237193 1.1648078 0.681404471
    -0.0713953972 1.42361879 0.70516777 1.61369276 1.43394864
    0.571100593 1.39756918 0.668996572 1.80086136 0.100070179 1.53994012
    -0.090721488 0.220653534 -0.0692318678 1.39935744 0.830849469
    0.763633966 1.07044578 1.03372777 -0.331862032 1.00680709
    0.908581913 1.21473157 0.039652288 1.01699758 0.43830657 0.652584732
    -0.605882525 0.465440273 0.829405248 0.757528782 0.56088227
    0.167657137 -0.0300061107 -0.207791984 0.701307297 0.33790952
    0.83334142 -0.304668456 1.07367539 0.81550777 0.761130869
    -0.645502269 -0.446681917 -0.612356544 0.950107455 1.3107326
    0.566745639 -0.437164873 1.20905375 1.40001822 1.33695447
    0.428407431 1.02183604 0.259338558 -0.00236135721 -0.330187589
    0.840591192 0.776718736 0.167752206 1.73045731 1.43959999
    0.0381515026 0.111362219 -0.123596191 1.14952826 -0.250475228
    0.646650434 0.394347668 -0.54856348 0.383017123 0.440713704
    -0.285654902 1.45328963 0.44625324 1.06010318 1.39374721 1.26865983
    0.702730358 -0.567869723 -0.342077434 1.12628412 -0.61376369
    1.41219926 0.711516559 -0.532256603 1.50677609 -0.327801406
    -0.647437394 0.450915873 -0.338453621 1.06071544 1.78210068
    0.355523467 0.111340344 -0.250029415 0.595645785 -0.115338683
    -0.615997076 0.427876532 1.11298215 1.26171899 0.442362487
    1.15199304 -0.404869884 0.735630751 1.32325649 0.841447234
    -0.831846535 0.160613894 0.886847079 -0.568074346 1.40467668
    1.32836449 -0.491627485 -0.513573706 0.695916176 0.868746758
    0.061724484 1.47979903 -0.553847492 1.02091932 1.08825088
    0.657598853 0.67872566 -0.508319557 -0.254185259 0.45475775
    -0.0335130692 1.59281039 0.658776402 -0.534516871 1.60280752
    0.756309628 -0.307902992 1.15687346 0.943642735 1.57609987
    0.772742033 0.854506195 0.87562722 1.09962344 -0.412443489
    -0.422298789 1.1831243 0.898547053 1.07349896 0.538152277
    -0.684224784 1.66721797 0.800265074 0.901826203 0.951965392
    -0.550302446 1.53214538 0.0491126776 0.737206578 1.68248749
    -0.482640088 0.338591278 -0.202408731 1.45846999 1.11551297
    -0.393836081 1.49878109 0.904613853 0.771384895 1.18686378
    0.485968769 -0.234119415 -0.0896968842 1.07875526 0.478283465
    -0.579343677 0.571740448 1.28688455 -0.321847856 1.25368178
    0.268275082 0.823278844 1.04807103 0.973006308 1.26607847 1.54539013
    -0.395179152 1.44924593 1.27094364 0.956715763 0.87463057 0.70643121
    -0.00195914507 -0.285808444 1.20272064 -0.115445316 0.965139747
    1.59033012 0.297296345 0.716736913 0.192759395 1.6569469 1.01797605
    0.0253962874 0.233039021 0.384025156 -0.127421379 -0.0151028037
    -0.501499295 1.50181317 1.16093063 -0.49323836 1.15585911 1.62832546
    1.51407051 0.855745316 1.05532527 -0.309455872 0.0598962903
    1.54301095 -0.454579741 1.6936506 -0.0506613851 -0.0092946887
    0.00162017345 0.702724457 0.497080624 1.01437712 0.447325528
    1.14296794 1.73665333 -0.590322852 1.77822065 -0.0552765131
    -0.451818198 1.33594561 0.806406081 0.0997370481 1.1526196
    0.232814252 -0.743850768 1.59238052 0.00385540724 0.868618786
    0.0453786254 -0.570478618 -0.0723374486 0.893153071 0.433457077
    -0.479406595 -0.424020052 1.66543937 -0.0122464895 0.819520652
    0.317267656 -0.53993994 1.13952029 0.852686346 0.493541837
    1.60681331 0.341306984 0.404461324 0.038988173 -0.652524292
    0.6747455 1.44050157 -0.109265804 0.821295798 -0.54596293 1.07416224
    0.686736882 -0.343805075 1.70220852 -0.208322942 0.49052465
    0.82687974 0.61529386 -0.325500965 1.05901504 -0.181159854
    -0.63368988 0.641499698 -0.661815464 1.14666975 1.35972667
    -0.631046891 0.906932592 1.34649944 0.435781062 -0.339615881
    -0.575916052 0.456252813 0.894147396 0.8610605 -0.665044844
    1.03323269 -0.0911130905 0.186474502 -0.224153042 1.67976785
    0.647426248 1.37814844 -0.446248293 0.876631379 -0.197906792
    1.5386529 -0.59715116 0.249849677 0.137441039 -0.617725611
    0.962202191 -0.683117807 1.01635671 -0.193779469 -0.223677814
    0.393267214 0.846940696 -0.668450356 -0.013520658 0.541969061
    0.906403661 0.205310106 1.12026095 -0.737236142 -0.526180744
    -0.501787007 -0.293002546 1.48176551 1.37615705 1.11986375
    0.632463038 0.148312807 -0.503665209 0.586130798 -0.250485659
    0.663081825 1.18561697 1.17026567 -0.584350824 0.673235416 1.0132947
    -0.285839528 0.769872785 1.10550499 -0.509726107 0.834974647
    -0.443152189 0.684502006 0.287187219 0.553115606 -0.103068471
    -0.238906145 -0.310906589 -0.135466099 1.77089822 0.775538683
    0.184163392 1.04903412 -0.601629555 1.19813132 0.968347073
    -0.463495821 0.425535798 -0.198786914 1.49597037 0.361672878
    1.61853707 0.59436214 -0.0714701414 1.25238383 0.164312601
    0.37312001 0.683059335 1.6428808 0.108654916 0.929244995 1.75296628
    -0.47007224 0.169314861 1.48904538 0.438446581 1.46025205
    0.542994261 1.60969877 -0.605735779 0.0922869444 1.2419157
    1.11382616 -0.595748663 0.0311740637 0.790578663 -0.742645264
    0.54418689 1.39335549 0.757729769 -0.504900098 0.305052638
    -0.313109845 0.0879369974 1.7111212 -0.355481505 0.150317788
    -0.202072501 0.0601142645 0.216282666 1.15174341 -0.151779532
    -0.025069654 1.03349912 0.0999760032 0.874555886 0.331115365
    1.0332427 -0.753898203 -0.382498205 1.51695275 0.121990979
    1.65131593 1.58005059 -0.455923647 0.663213313 1.47999072
    -0.776569664 1.51139164 -0.121082783 -0.327948719 1.73245502
    0.927389562 -0.151803076 1.06343555 -0.655127525 1.11141515
    1.12401497 -0.442658454 0.602814257 -0.26934135 1.59452558
    1.09335685 0.722088933 -0.440326363 0.182209849 1.31666493
    1.02734852 1.06849003 1.19457626 0.415848255 0.645313978 1.80161679
    -0.639135242 -0.681328416 -0.446654677 1.51023161 0.448560417
    1.17288733 -0.35245955 -0.105299771 -0.400343239 1.50368953
    0.655262947 0.455128849 0.0408328772 0.848410368 -0.0367955565
    0.521449685 1.58181763 0.755022764 0.917286634 -0.266580343
    0.812068462 0.776402533 -0.478672594 -0.279999912 0.0573562384
    -0.337767035 0.247476101 0.972305119 1.14002752 0.918983042
    -0.577236414 1.62749708 -0.0997834802 -0.349851698 1.51273191
    -0.80661428 0.103692532 -0.0180898905 0.816569209 0.786689818
    -0.452245295 -0.614820719 0.551341057 0.132382154 0.651653409
    1.6606375 -0.464726776 1.28402376 -0.279290706 0.836846709
    -0.59006232 0.654634178 1.24084401 -0.565503836 1.4591887 1.59339213
    1.10905445 -0.594342947 1.4199084 0.531756282 0.0311074257 0.7285918
    -0.281629562 1.04812288 -0.0229790211 1.55020297 -0.678157866
    0.794090033 0.704887867 -0.548649073 -0.281250298 1.26573348
    0.338686705 0.151875794 -0.51003319 0.903836489 -0.373583108
    1.55809903 0.189963579 -0.113717556 -0.322848707 0.825060427
    -0.0233317614 0.0355539322 1.44662499 0.197126985 0.18163538
    0.687071323 1.44139004 0.552009284 0.561887801 -0.540168583
    1.06618917 0.669715881 0.599730194 1.24206018 1.05427575 0.90519309
    0.466613352 -0.553237796 -0.504612088 0.998401046 -0.299147159
    -0.0571557879 1.10186434 1.45946717 1.14703858 1.47197199
    0.774376035 -0.220817864 0.554298639 1.56909323 1.0331521
    -0.193500638 -0.0148199797 0.707500517 1.29363024 -0.781611443
    -0.020827353 1.65589571 0.013140738 0.69165957 1.50536001
    -0.576137841 0.945356131 1.71229851 -0.221220732 -0.131686628
    -0.542268276 -0.419348836 1.12439716 1.56496692 0.906165183
    -0.679601073 1.13379312 0.47128433 -0.528089046 0.692827463
    0.472308099 0.864490092 0.990598798 -0.0685642958 -0.15875113
    -0.244973421 0.833414316 0.830100656 0.923066258 1.61110616
    1.62837327 0.894645751 -0.2867392 -0.116320074 0.42668891
    0.229745388 0.348256528 0.829391897 -0.00365674496 -0.258128673
    1.27414584 1.76947379 1.38563466 -0.150536954 0.176246583 0.19199425
    1.73777056 0.251396775 -0.527786136 0.290061414 0.585045695
    -0.142865777 -0.477899641 -0.231920063 0.89842099 1.68450856
    -0.687996686 -0.127199531 1.10536575 -0.323306948 1.73754358
    -0.324611723 1.25346744 0.084068656 1.68647504 0.644680679
    -0.527862668 0.258054197 -0.116637707 -0.624092638 -0.0821281672
    1.69011497 1.13313818 0.401922345 -0.636792779 0.93894875
    0.324837089 0.782924175 -0.340619624 -0.0689690113 -0.0476205349
    0.496213615 -0.201172948 1.3938961 -0.250611305 -0.33288908
    0.119511545 1.4046104 -0.581463575 1.23913729 1.55671978 1.23063445
    1.46841335 1.25774074 0.216161847 1.57408226 0.596763253
    -0.603931427 -0.152146161 1.31304073 -0.342188179 0.852527142
    0.694653928 1.486763 1.02072477 1.44309545 0.769688964 -0.705741048
    0.470840156 -0.351088107 -0.470810503 1.46450007 -0.570221424
    0.59664768 -0.751958966 -0.190782964 1.56526423 0.242331505
    -0.193751931 -0.46946314 1.18504107 0.0438926816 -0.0770955086
    0.176169574 0.275278509 0.859970868 1.05826831 -0.133904696
    0.218691587 0.666542113 0.534923792 0.769856334 0.141018331
    1.09657717 0.049507618 1.0006299 0.984164894 1.33687568 -0.163859069
    0.176828206 1.14019728 1.35419679 -0.34795022 0.162384093 1.46564031
    1.4278903 -0.365597129 0.343517125 -0.322085559 1.28094709
    -0.398713648 0.51573199 -0.464536488 0.0464785099 0.577448726
    -0.0783705115 -0.189414442 1.39814794 1.29379952 0.764468372
    -0.353432447 -0.195450008 0.928618252 -0.269378483 1.1544435
    -0.541195035 0.708889186 0.495474339 1.55779088 0.852359116
    0.319930792 1.08161521 0.530721068 1.33792329 1.1020236 1.40262914
    0.595739841 0.848959804 0.301772237 0.76906395 0.609039187
    -0.727555096 0.333032012 0.525329351 1.54188323 -0.170109332
    -0.590457737 0.162445247 1.60691726 -0.618589282 0.348062456
    0.967868567 1.55853462 0.741658747 0.774337828 -0.071459949
    1.23747289 0.893130481 1.31053126 -0.435726851 0.911941409
    1.68469453 1.34236383 0.500250578 0.671078205 0.702928483 1.21133566
    1.40274405 0.346389949 -0.360571027 0.954870343 -0.186267495
    -0.16384089 1.3994205 -0.143773079 -0.0675171018 0.338659048
    -0.235619277 1.54110634 -0.299011588 0.451769829 0.960037351
    1.61120486 0.604634523 0.687664211 1.49555421 -0.378522158
    -0.53670752 0.292327106 1.13144445 0.362562716 1.54825807 1.27627492
    -0.105628848 -0.619499803 0.942449689 1.18966007 0.584668398
    1.74769139 1.26045716 0.293097496 1.63756585 0.926469922
    -0.507710814 -0.256397635 -0.266646981 -0.613007724 0.898856223
    0.255369961 -0.52736336 0.685182571 -0.401318043 0.763028502
    -0.168829799 1.56390953 0.926747441 1.4832046 1.17066622 0.941975713
    -0.117305458 0.512745738 0.476186275 0.650097787 1.59075618
    1.57567573 -0.308109701 0.806196868 -0.240577757 1.37527823
    1.4901216 0.823077738 1.63623691 -0.492123097 -0.386173785
    1.14243746 1.67997694 0.21432215 -0.64142704 0.435372472 1.45599794
    1.20715165 1.46131873 -0.702963471 0.989204764 0.341466367
    0.379970849 1.44236684 0.231958151 1.33362818 -0.577215016
    0.465441644 0.690568268 -0.422188401 1.50598526 1.47441602
    -0.567321241 -0.0200311542 -0.0527806282 -0.329278976 0.670587718
    -0.377433181 0.123092473 1.02679336 0.426953435 0.482832074
    1.36781979 -0.000909626484 -0.481620818 1.3154633 1.31541562
    0.957274675 0.367427528 0.842599869 -0.144252479 0.00651055574
    0.758532405 -0.148773551 -0.169149816 0.803258598 0.992327154
    -0.547631502 0.780008912 0.992112517 1.25667262 0.421502471
    -0.526223004 -0.346470773 1.1373179 1.74330473 -0.296673864
    0.218610644 0.0769650936 -0.305103451 1.25528073 1.00877094
    0.387389004 -0.726207316 0.626771152 1.47438002 1.06363297
    -0.057508707 1.41679001 -0.164397717 0.550277531 -0.404853463
    1.78564477 0.409917116 1.43041933 -0.370270342 1.20493174
    0.822960436 0.394217432 1.39604628 -0.462198734 0.492523849
    0.578249931 -0.0618219972 -0.457351357 -0.584903896 -0.485930949
    1.05089235 0.741773486 -0.66184938 -0.123904467 1.06100798
    0.482553542 1.22811866 0.172487199 -0.127135217 1.49562287
    1.20246589 1.41552639 0.771886826 1.08448768 0.143281341 0.218622208
    -0.138591647 0.763986409 0.189646006 -0.194859743 0.925968885
    0.799784899 1.54062605 0.52823621 0.0679922104 -0.628174841
    1.21361685 -0.176583111 -0.773359239 0.342388451 1.07954645
    -0.269468665 1.28985405 1.64168453 0.700486004 1.64194572
    -0.302162468 0.628685534 1.00538397 -0.712269485 -0.65424037
    0.0762896538 1.14154696 1.36149335 0.261365354 1.54649949
    0.533394992 1.32698977 -0.533320963 0.136310577 1.74162388
    -0.730201125 0.0875305533 0.512634158 0.56614399 0.275271595
    -0.266365111 1.68375874 -0.26469022 1.4826082 1.3712939 0.44285053
    1.5947094 -0.14733845 0.861631989 0.959673226 1.13604021 0.474033833
    1.30774403 0.816093147 -0.300261259 -0.192905784 1.66983986
    -0.682907462 0.86528486 1.38218164 1.25220931 1.18394399 0.140778661
    -0.399295986 1.39063013 -0.524091721 1.32071495 0.945334554
    0.701499641 -0.0609892607 0.962410569 0.721006274 -0.20810473
    -0.746391475 0.668360233 1.33131003 1.44443655 -0.238840878
    1.25235629 0.943739295 -0.23298347 -0.558379531 -0.0132346749
    1.56946611 1.72125912 -0.254382312 0.371149004 1.24034429
    0.290431023 1.74950743 0.0400077701 0.0628922582 -0.190305769
    1.22286212 -0.0320125818 1.612468 -0.0169787407 -0.355626404
    -0.602397203 0.233043611 1.37371504 1.51448178 1.6166023
    -0.0111550689 0.526412308 -0.701122344 1.77604997 0.517550528
    1.54940486 -0.309264362 0.683355033 1.63938904 1.44921184
    -0.644052923 -0.651273608 1.47272992 1.23254395 0.333874285
    0.591201723 0.255973995 -0.503997803 -0.380540967 1.47682595
    -0.617891431 0.401077807 -0.231791019 0.916057408 -0.0124723911
    1.65947521 0.870581806 1.69264746 1.12194586 1.37081766 1.08521688
    0.978350699 -0.704299808 -0.729393065 0.632782638 0.982303143
    0.489090204 1.20111644 0.125190914 1.16563606 0.903989077
    -0.720640123 1.4681015 0.25820899 1.54328585 0.960748911 0.422931671
    1.11200476 1.60640693 -0.0260774493 -0.131339371 0.0156741738
    -0.0184493661 1.66838109 0.35903573 -0.646888554 -0.381924093
    0.358391583 -0.347304702 -0.211798251 0.108323038 -0.662474334
    0.0926291347 -0.69845444 -0.486398309 -0.15338552 1.10807896
    0.0847225785 0.192522109 0.439515233 -0.335386634 0.922971785
    0.130005956 0.994748771 -0.60226953 -0.0218569636 1.22347498
    0.469602406 0.0762023926 -0.00953119993 0.241154194 1.42743528
    0.175172269 0.675935388 1.36572361 -0.574136257 1.17896533
    0.723006546 0.0916635394 1.08268106 -0.0927249193 0.707635403
    1.02989972 -0.255849093 0.978410482 0.52860719 1.45440948
    0.255417824 -0.0643313527 1.10741663 0.156297863 0.074333787
    -0.586710453 0.137804389 0.987961471 0.806197107 0.314593792
    -0.444756359 0.992825389 1.22948146 1.3878324 1.42974043 1.34109282
    -0.432799935 0.783358753 0.378390491 1.46271157 0.338900089
    0.68540889 0.261440694 -0.613705158 0.239763021 0.634305954
    -0.230462015 -0.314818144 -0.388701111 -0.734809279 1.53041124
    0.768846095 0.44851619 0.828097999 -0.607902706 1.51477039
    -0.463743031 0.948288143 -0.424905896 1.62598991 0.651203215
    -0.585923493 -0.621434689 0.630807877 1.15478134 0.958904207
    -0.46298945 0.599257648 0.944876969 0.454524457 0.197865188
    -0.78640306 0.891012013 0.303663194 0.645140946 0.958472013
    0.0481301546 -0.343441755 1.36729622 0.566943169 1.07272744
    -0.376743793 0.349478722 0.0439842939 0.702981472 1.64654541
    -0.273118854 0.856314957 0.205401242 0.674505949 1.28380001
    0.237017572 0.769002616 0.814831614 0.894645929 1.16234231
    1.14409447 0.560301483 -0.585978925 1.73010075 0.81225127
    0.729636967 0.220703602 0.81260097 -0.489030808 0.630653262
    -0.374949425 -0.447540402 -0.12585175 1.04009366 1.72746158
    0.76668036 1.08849764 -0.688302755 0.153035402 0.834281623
    -0.13538748 0.968034387 0.259275258 -0.0559377074 0.775892138
    -0.700965285 -0.585097373 1.23728824 0.101456821 1.34356344
    0.430872738 0.930853486 1.32511783 1.09067869 0.635176361
    -0.65762198 -0.655101776 1.48576915 0.680521011 1.0118618
    0.523769796 -0.774207354 -0.488070697 -0.346329868 -0.534092903
    -0.509601772 1.43116868 -0.0709683895 1.40328956 1.04893088
    0.681744277 -0.670528293 1.59930933 -0.595036864 1.33034337
    1.50547111 0.104356706 -0.649065137 0.172569692 -0.0734729767
    -0.132685483 0.434545875 0.746725202 0.457873106 -0.190110981
    1.10978377 0.903219759 1.58337367 0.190962613 0.226274312 1.67245555
    0.992874265 0.873608172 -0.184541136 0.0955579281 0.168854177
    1.0981338 0.234192908 0.581633389 1.0908103 0.196305871 0.23483783
    -0.0933709741 1.27596259 0.464780331 -0.312835246 0.212315977
    -0.0865359306 -0.355592579 1.34817958 -0.158872306 1.37375069
    0.691377759 -0.0786583424 -0.448129982 -0.295521915 -0.519492745
    0.625471711 -0.753821969 1.73466492 0.0815655589 0.705806851
    1.68935919 0.190273464 0.884485066 -0.35738799 -0.467600763
    0.0748684406 0.278749585 0.553969622 -0.39294818 0.58228004
    -0.310517967 1.49751639 -0.597151518 1.51980782 0.48334527
    1.69924188 -0.625433385 0.467166007 -0.259688735 -0.339219451
    1.40756917 1.40564191 0.462757528 -0.329338342 -0.0908815861
    -0.231241107 0.930340648 -0.0856989026 0.818534732 1.45086098
    0.790602863 0.679742336 -0.514111221 0.37741363 0.439103901
    0.28572911 1.092098 -0.353857726 0.761516988 0.965213716 1.02486014
    1.51501727 1.75205755 -0.160885751 0.476960897 0.633267224
    0.351693571 1.24491882 -0.524680436 1.77320504 1.00938869 0.77933234
    -0.461603254 -0.646010339 1.76511419 0.858350217 0.857659161
    -0.217902362 0.320170164 1.49577618 0.417375863 0.76048559
    1.67376304 1.68652093 0.750974774 0.0217784643 0.183380842
    1.34058762 1.46187627 0.0448325276 -0.620400429 1.42437589
    0.941756964 0.935838938 -0.701955199 1.181108 0.807590723
    0.431788385 -0.686011791 -0.232485443 0.862935364 0.484625638
    1.35294378 0.346503794 -0.395919323 0.443354011 0.586680353
    0.745065689 0.962780714 1.5594933 1.41966045 0.985349 -0.699349403
    0.135423601 0.32109946 0.666481256 0.785529196 -0.137784839
    0.882636547 1.06558335 1.33765042 0.151331484 1.65200496 -0.16244933
    0.70657146 0.0401787758 0.0439221263 0.843446434 1.20252013
    0.453547478 1.47020364 0.800434172 1.16738594 0.728247344 1.51495934
    1.3425529 1.18723631 0.183431387 1.37175715 0.227632046 1.1887846
    1.29564703 0.263182819 -0.0676180124 -0.451321959 1.13109469
    -0.571574152 1.1202966 1.27748823 -0.737570584 1.2535404 0.292583346
    0.394075036 1.12207842 1.15671349 0.727923214 0.65179199
    -0.108491957 -0.520257711 1.44508767 0.0783219934 1.27069688
    -0.11007607 -0.286437213 1.27362931 -0.032913506 0.421413183
    1.68619037 1.12159061 1.06482482 0.546405733 -0.467346668
    -0.673105717 1.21236718 0.754146397 0.0803545117 1.31930947
    1.44033241 -0.669701874 1.65887451 1.34722781 0.230872571
    0.177438557 0.720319152 -0.318425059 1.42797458 1.54457808
    -0.0416917801 0.265652657 -0.397590935 1.58636951 1.39572942
    -0.487780392 0.11719054 -0.505212545 1.67175174 -0.102395236
    -0.105863631 0.533999383 1.22624624 -0.0938377976 0.207279146
    0.988984704 1.35057616 0.066501379 -0.0998485088 0.688617587
    1.17169738 1.46607471 -0.402071208 0.477617621 -0.180574596
    0.87316221 1.12740064 0.506551027 0.845517278 1.18636346 1.64119828
    1.5821743 0.236967981 1.43102241 1.25298047 1.52773881 1.31213975
    1.19160914 0.381972969 -0.0807886124 0.486292779 0.512931347
    0.548283815 0.479870796 0.98645854 1.02501178 -0.685820818
    0.712596834 -0.549524307 1.6717999 -0.0962588191 -0.501742959
    0.0407258272 1.12831759 0.666184247 1.25980854 -0.468119949
    0.688700914 0.017057538 0.243774474 -0.27344799 0.270746589
    1.28223753 1.34875512 0.618142724 -0.0492085218 0.188432753
    0.628081083 1.29187763 0.143922329 1.06643724 1.49259472
    -0.0307603478 0.789906621 -0.00588941574 -0.468692124 -0.666342318
    0.0563396811 -0.554694533 1.07370186 0.733686924 1.20743668
    0.207704663 0.0732820034 0.275673449 0.869947553 -0.0331855416
    0.523665011 0.317353666 1.73373973 0.0107132792 1.62751818
    -0.224756658 0.171475768 1.43076324 0.776394963 0.786893427
    0.47820586 0.284923732 0.680211961 -0.540717065 1.38997126
    0.676180422 0.988582671 -0.759680271 -0.607919753 1.64076066
    -0.22063005 0.432339489 1.5774349 0.647118926 -0.11231184
    -0.309962451 1.29970145 0.430595338 -0.279987872 1.10727143
    1.02079785 -0.0919284821 1.14949751 -0.33292532 -0.498816013
    -0.0871290565 -0.37921685 0.432687342 0.79364562 -0.442322493
    -0.178373873 0.901963174 -0.1786924 0.831518888 0.260218382
    1.59165883 0.461090624 0.44651866 0.423198104 0.819746315 0.13354373
    1.15791976 0.703750432 0.456661344 0.31352365 0.837116957
    -0.564604282 0.539981008 -0.357118368 0.941151917 -0.318467349
    1.33634949 1.29410648 0.112219751 -0.715628982 0.688902795
    0.787899017 1.06724286 -0.511295915 0.823833287 0.12510258 1.2370019
    1.42741132 0.176910996 -0.390216619 -0.650457978 1.21393347
    0.683579564 0.664814591 1.22711849 1.15831637 1.14384604 0.864028752
    -0.601353526 0.459944725 0.140667081 0.911534369 -0.283495516
    -0.000237882137 1.72310925 -0.529088199 0.690723002 -0.679712534
    -0.638975739 0.283574045 0.0896323323 1.27784848 1.39221525
    -0.152438939 0.841478527 -0.304400831 -0.559482455 0.758339345
    0.19820416 1.84434843 -0.287516266 -0.42739439 -0.434377879
    -0.113948643 0.541411936 0.005625844 -0.741034806 -0.142871857
    -0.176437676 -0.568125367 1.59550452 -0.589697003 0.347333133
    -0.216226459 -0.667416513 1.039855 0.511065722 0.909817457
    -0.707440078 1.81599188 -0.233416826 1.64186931 0.460649908
    0.61270684 0.30446434 1.44688523 0.167255342 1.36963582 0.77910459
    -0.550383687 0.0349021554 0.501055479 -0.303765208 0.339458883
    1.21902847 0.788373351 0.768545449 -0.641771674 1.58993554
    1.21432638 1.44628119 0.940703154 0.918590605 1.71322083 0.697738469
    -0.0259826183 1.74910212 1.52602649 -0.0735088587 0.234750628
    1.60251713 1.4592936 1.58087957 1.6299603 0.396536827 -0.50692749
    -0.165388644 -0.681597948 -0.32764703 1.5409683 1.58304882
    -0.0243691802 -0.376493633 0.662289202 0.132309258 1.186306
    1.4881283 -0.598508954 1.06187499 -0.531115353 1.60117233 0.33105433
    0.927378535 1.06789422 1.05987227 0.274441719 -0.352072865
    1.06486249 -0.0018504858 1.58871436 0.450050056 0.882166147
    1.05280352 -0.606673002 0.135721207 0.766504288 1.19204605
    -0.180452287 0.512329936 1.16405201 1.36255264 -0.681299329
    1.44094062 1.67033052 0.914774656 -0.281647652 1.57311821
    0.0840694904 1.280146 0.448762834 0.802894413 0.975794256
    -0.447865099 0.26293391 -0.722710073 0.612901092 1.04834425
    1.19805145 1.12939835 0.579860628 0.955404878 0.633812726 0.59775126
    -0.406146467 0.919744849 -0.478917241 -0.62237227 -0.0146248341
    -0.612304568 -0.300265938 -0.406533033 1.67372406 1.14427328
    0.135117352 1.19676352 0.772303641 -0.369069725 0.423220992
    -0.527178943 0.150402844 -0.279759973 1.55374813 1.07507515
    0.351275861 1.14016461 0.52052772 0.789509952 1.13931417 0.966338396
    1.26118255 0.678881228 0.894400954 1.38599312 1.35058665 1.00018144
    1.51567054 -0.330022395 0.977763951 1.7690798 1.42561793 1.20126963
    0.110017776 -0.277713835 0.02562356 0.353293061 0.172440231
    1.44430041 0.189322829 1.41120982 -0.0406188369 0.655552506
    -0.535570145 -0.666003168 0.499443352 1.6038326 1.12383986
    0.999872446 -0.433790565 -0.524280429 0.343708336 1.43169665
    1.0703733 0.439244747 0.733164608 0.535756052 -0.551915169
    0.881477535 1.76038241 0.602717221 0.566458225 -0.0291045308
    -0.414501399 1.70916533 0.222429752 1.13717628 0.212506115
    -0.129986167 0.837088704 0.573181272 1.79412448 0.851333201
    0.326777875 0.896880984 1.35634971 0.447925627 0.129205585
    0.564200163 -0.125274062 1.68699932 1.53252542 0.0907830596
    1.63808298 0.224214673 0.972824395 -0.371385634 0.508075535
    0.13533324 0.325272381 0.0257234573 1.53370619 0.243173659
    1.67061043 -0.00575959682 -0.582437634 1.0001266 -0.778558671
    0.619489789 0.427578866 0.726333022 -0.444651425 1.66463518
    1.4458921 -0.60455215 0.807755053 -0.6836887 -0.634214699 0.59928751
    1.58739591 1.44361305 -0.587343693 -0.429442585 0.485094011
    0.424919009 0.865709126 0.270096183 -0.166795433 1.62894011
    -0.38049528 -0.551408529 0.381189764 0.631769776 0.946704149
    -0.236044049 0.671299577 1.70375752 0.031304121 -0.567792714
    0.863347769 0.997887909 1.17533493 -0.453117102 -0.323266894
    -0.0248444676 0.446511865 0.0206962824 0.980511129 -0.32984221
    -0.291718334 1.6543349 0.335349619 1.55982196 1.36534154 1.33282828
    1.03985119 1.5989852 0.069036901 1.51526284 0.674712241 0.156027794
    1.44244242 0.0314131975 0.928177238 -0.294021696 0.928307891
    -0.537630856 -0.280726314 0.820052266 -0.173895359 1.18863523
    0.461995065 0.451011777 1.70339859 0.251791716 0.412447751
    0.829934239 1.16448712 1.37596488 0.00340843201 0.912261903
    0.762969315 -0.422247827 0.94816798 -0.678131461 0.141635835
    1.66866708 0.923675299 1.07771051 0.0886899233 -0.757857919
    0.757688522 -0.506847501 1.81778777 1.15107226 -0.371947706
    0.496690989 1.3352077 1.37626016 1.0475769 -0.20392853 0.368193865
    -0.19900322 0.686702728 0.0878005028 1.74408746 0.800516248
    -0.752203405 0.914177597 0.185478091 -0.207440853 1.63647008
    1.58897841 0.636689186 -0.216954529 1.71594119 0.823559761
    1.62245333 -0.209665895 1.31873417 -0.428892106 1.19642222
    1.09493971 0.478368402 -0.393660456 0.0470499396 0.288154364
    0.690360248 0.447484255 -0.318739802 1.26455355 -0.162139595
    1.2250247 0.00370359421 0.183045149 -0.294863015 1.64176238
    0.490364313 1.44470775 -0.799429476 1.25269318 -0.426245391
    1.21935654 0.474316776 -0.490208894 -0.0667607784 0.110318482
    -0.1728037 -0.262288541 -0.0463849902 -0.183074415 0.803627849
    1.45889592 -0.77904731 1.15979195 0.272191942 1.39150596
    -0.796345711 1.19915915 0.478878915 1.40884018 1.62528658
    -0.707680881 0.779650688 -0.486118078 1.21086287 0.658296406
    -0.350176543 0.544808447 0.0735183954 0.856935501 0.0665038824
    1.43776965 0.000780463219 1.45527792 -0.490365744 0.218267441
    -0.0767207742 0.59898138 1.3958354 -0.0184505582 0.768287599
    -0.596328318 -0.412811428 0.150376558 0.219362795 -0.310990185
    1.04579401 0.669498801 1.05097818 -0.62369734 0.594615221
    0.282278538 1.21962678 -0.476490498 0.320515633 -0.279453367
    -0.261500299 1.69651484 0.961558521 1.32873893 0.855391741
    -0.642290115 1.65758002 -0.0499232411 1.64355493 -0.211787224
    1.12360275 1.06135297 1.21882057 1.68555439 1.39380598 -0.676537871
    1.00738335 1.26630092 1.32111299 0.128412247 1.30734611 1.23486423
    0.260751247 0.606769443 -0.611789048 0.346346557 0.777258158
    0.10275054 -0.702793896 0.257486522 0.68953079 0.036316216
    0.347573638 -0.0822569132 -0.410576493 0.11570704 -0.317207426
    1.71162462 -0.158202529 -0.352403134 0.203559399 1.61769617
    1.05418444 0.630737662 -0.154935777 0.368731797 0.00759214163
    -0.50290978 0.553976119 1.69854712 0.589615643 0.523621857
    -0.472498924 0.567984164 1.10970831 0.304791451 -0.189129114
    0.837431252 1.63746262 0.904601157 0.367738247 0.437701285
    1.53055334 1.13942564 1.37330031 0.5562464 1.59156418 0.0331130028
    1.18034172 -0.582518697 -0.189779222 1.51255751 0.846137106
    -0.019382298 0.363534987 0.695041001 -0.0680482388 1.51298249
    -0.0118694305 0.259128034 -0.00300359726 1.18883324 0.837602079
    -0.464337558 -0.486285329 0.261155128 1.20370507 1.4513073
    -0.508562922 -0.0131727457 -0.431162149 0.510466397 -0.585056365
    0.0249406695 -0.46124211 1.50258327 0.946097195 1.20778656
    1.12608111 0.0634377003 0.443389952 0.127064228 1.13819957
    -0.525999844 -0.161297679 -0.105794072 -0.283565342 1.47327685
    1.14310634 1.22278333 -0.470700294 -0.492873728 -0.682550907
    0.807904959 -0.531387329 0.206599295 1.25123453 0.952149689
    0.0237653852 1.02486873 0.324155033 1.36121964 0.0925872326
    0.723963261 1.52137065 0.645554245 -0.591910481 -0.588887274
    0.84942323 1.74653018 -0.688767731 -0.334499985 0.123412251
    0.0361927748 0.748909533 0.54975903 1.04201949 -0.628556907
    0.554462194 0.613536 0.537011206 0.595927656 0.758475304 1.00415528
    -0.391819715 1.29683161 0.103726506 -0.177099109 1.29855156
    0.443655789 1.65480506 1.05184126 0.144727945 1.72699833 1.75627804
    -0.235389024 1.07581758 -0.64262861 -0.190181196 0.514180839
    0.144052207 0.904575586 -0.139349461 -0.684067845 1.5564723
    1.31718373 -0.438987106 1.7374146 1.05941844 0.756360292 1.28916216
    0.084280014 0.691972435 -0.580700338 0.147406101 0.580933094
    1.32048869 0.298492134 0.899190247 -0.491944075 0.141913354
    0.797645509 1.02325487 -0.034972012 1.25066471 -0.341237992
    0.274440587 1.82674718 -0.609704673 1.71405196 0.872083306
    0.103646517 -0.432265162 0.72025913 0.52004838 -0.49707526
    0.815582573 1.52384973 0.630776882 -0.592841506 0.149864793
    -0.611090422 0.23745954 0.271968961 0.0730419755 -0.257147431
    -0.16572547 0.732357681 -0.0862272382 -0.410790563 1.58715034
    1.17465293 -0.405528098 0.0428357124 1.26846385 1.63226795
    0.610929966 1.34807312 1.14081013 0.624016643 0.312200665 1.27292395
    0.822753012 0.905983031 -0.520664811 0.0672707558 0.511119068
    0.146158218 0.76019156 -0.580779672 0.186634243 1.55193651
    -0.573316336 0.967606664 0.388445497 0.380905688 0.853787601
    1.41059196 -0.570170224 1.08050931 0.0109559894 0.474677026
    0.0315434933 0.92850256 0.354709685 0.439200938 -0.240289986
    1.28788185 0.861123145 0.997150421 0.0493423343 1.0745852
    -0.578076959 0.475682735 -0.0169962645 -0.566434026 1.05735636
    1.72311735 -0.732801437 1.19129658 0.199236751 0.0672054291
    -0.344424099 1.46229124 0.240024447 1.60926461 1.12529087
    -0.80156225 0.342648089 -0.813052535 0.702945411 0.36821121
    1.52851939 1.51996446 0.512389302 0.554282606 0.22705102 0.774840772
    1.40120912 0.874279618 -0.619126618 0.804273009 0.606891274
    0.950491965 1.72061324 0.721287429 1.36186397 1.28036022 1.35169041
    0.603893697 -0.54761678 1.41993356 1.68985641 0.468378663 1.4086194
    0.247776508 1.30314839 -0.179040372 0.253025413 0.805015743
    0.573439717 -0.432261437 -0.571018159 0.482205868 -0.764442801
    0.502791166 0.333317399 0.444454908 -0.381758034 1.47207463
    -0.193390548 1.20931947 0.29607904 1.32649529 1.30054855 1.397174
    -0.840272963 0.730907738 0.614677608 -0.12265116 -0.0122411847
    0.434469283 -0.773947954 0.85255301 1.22350442 -0.144249737
    0.708756089 0.806079566 0.349918067 1.39623356 1.08484685
    0.394437671 0.152900219 -0.711479425 0.659792185 -0.601881862
    1.56199884 -0.591379762 -0.525694847 0.820045888 0.283576071
    0.0556474924 0.982512176 0.494886994 0.776373148 0.597139537
    1.7230072 1.75621557 0.483968377 1.36204875 1.35603881 1.04422259
    0.232933104 1.02116537 -0.542961359 1.37846875 1.08476305
    -0.459091306 1.79140496 -0.550406933 1.54598069 0.103829145
    -0.468933225 0.482386351 1.07221961 0.450672746 -0.0055153966
    0.710040331 0.287161767 1.7565515 -0.239289492 0.532442451
    -0.236631572 -0.432657212 0.747550547 -0.328101367 0.212167859
    -0.708852887 -0.750006437 0.398525715 1.58703065 0.560188174
    0.502176464 0.144499004 -0.0299719572 1.09405899 1.53347111
    0.674813926 -0.235316217 1.47615743 0.870482743 0.604947209
    0.947023988 0.498008668 -0.413373291 1.31066108 0.107025981
    0.0661432147 1.375965 -0.5483917 -0.476174712 1.19595611
    -0.152138591 -0.675512671 -0.0810878277 1.40699673 -0.500662565
    0.247162521 -0.594968617 -0.450192034 1.36544406 -0.145503283
    -0.403177291 0.877433181 0.162590325 0.104980767 -0.720725894
    0.684206128 0.965993166 1.26253879 -0.628409743 -0.503435314
    0.850365877 0.432291806 0.521495223 1.55869579 -0.373665333
    1.7333461 -0.012129724 1.23556614 -0.0987676978 -0.484469593
    -0.640235782 0.480384111 -0.485351503 0.632158577 0.906189144
    -0.608686805 1.27210426 0.30066818 0.691125095 -0.380367965
    -0.392192274 0.569045961 0.50390178 0.242034793 -0.164312243
    1.64425802 -0.184242249 -0.367227912 0.0803212523 -0.661525667
    -0.719651997 1.61292148 -0.591875434 -0.128552258 0.437638581
    0.155815244 1.13759637 0.0615264177 1.40850711 0.0671026707
    0.207584441 0.547414958 0.20712322 0.441639781 0.965661526
    0.470426142 0.300465763 0.10418874 0.269164801 0.0320976377
    -0.292444825 0.694579244 1.53770244 0.0867784023 1.57386696
    1.30965924 0.882411659 0.0946469307 1.22605443 1.39212072 1.94118059
    0.222620964 0.0607180595 0.300840437 -0.289480358 1.30280519
    0.400425196 0.764039874 0.0616979599 -0.231398046 -0.659157574
    0.404578567 1.37962723 -0.49753648 -0.368133187 0.636526048
    0.201296866 1.58226848 -0.755230069 1.00690222 1.41215694
    0.467998207 -0.234659731 0.756634891 1.71647143 -0.45184201
    1.19164503 1.59927177 1.55057406 -0.0254791975 0.455928087
    0.723989427 -0.605408251 0.0797123909 -0.442402184 0.220408082
    -0.180787086 0.00697952509 0.208609819 0.907614827 1.60672116
    -0.156626701 -0.0835449696 0.220616877 -0.507155776 1.69081509
    0.414367855 0.217752695 -0.215200007 0.159199119 0.115714967
    0.288292587 0.951238215 0.59309268 0.70416826 -0.242397308
    -0.361418009 1.5526824 0.430782497 -0.434966117 -0.304189414
    0.522532403 1.56066549 -0.0476350188 -0.268940032 -0.645025313
    1.73491716 -0.154224992 0.539301336 -0.650059879 0.777654409
    0.226044416 1.43477726 -0.0945073366 0.245902121 1.51080287
    -0.0578918457 0.489525318 1.47892368 1.10566413 -0.707407892
    0.633193433 -0.556248486 0.943077326 0.285493672 0.111940324
    1.53992283 1.24679899 0.161641598 0.703235447 0.864243031 1.12552381
    1.64183331 0.0332912803 -0.154463291 0.720113337 1.03745461
    0.136272311 1.56507158 1.48722386 -0.0790196657 1.53499651
    0.43120575 0.750409842 -0.0735489726 1.62775469 1.0175705
    -0.110545576 0.128390491 0.334542334 0.974796534 0.617804706
    1.05607414 1.47022867 1.73345304 0.225728571 0.533184648
    -0.404079169 -0.700145423 1.2119267 1.40235269 1.16304219
    0.723612189 -0.519396782 -0.221044719 1.01375937 1.50587904
    0.914127052 -0.515571713 1.17008913 0.113478005 0.447639525
    0.158447862 1.66413283 0.546993732 0.487175703 1.0581193 0.654748082
    -0.537214756 0.680878699 -0.179740965 0.308327854 0.617483258
    0.436175704 0.437169015 0.12183696 1.10096562 0.789473057
    0.192691028 0.208788097 1.38768399 0.599852264 0.756027579
    0.630556762 0.594779193 1.16442454 0.039010942 1.7573781 1.26940727
    0.652666271 -0.392476827 0.514448583 -0.739387512 0.771514416
    1.54317951 0.898022175 0.0624993443 -0.792870402 0.611352324
    0.338840008 1.57600117 1.57651329 1.30593157 1.03374672 -0.784358799
    1.64899695 1.35214365 0.371498942 1.38193941 -0.0176522732
    1.20770478 0.891901374 0.916667402 1.14378691 -0.344081521
    1.40804267 1.86105442 0.0207718015 0.650423467 -0.586116612
    1.52398598 0.947481334 1.45954335 0.510279 1.22226262 1.66647756
    -0.726294339 0.976342916 0.127582848 -0.16034472 -0.420774579
    1.10960793 -0.514557004 1.20498991 -0.00550067425 -0.63049978
    -0.22382617 0.564795315 1.36935759 1.42428422 -0.469854116
    1.49549723 1.63953102 0.739713728 -0.3686499 -0.271620721
    -0.504672527 -0.173568517 0.909350693 1.68044388 0.586281061
    0.474236131 1.36291075 0.733748376 1.29873157 0.549034715 1.0564971
    -0.699188948 0.94562006 1.29941773 1.33120835 1.44071102 0.223834217
    1.10658383 1.54534674 1.66239607 -0.411329716 0.905780077
    0.513450205 0.303957522 0.567958295 -0.422232121 0.16219908
    1.24311996 1.35986328 -0.395556301 -0.742265284 0.993113756
    1.36594987 -0.111638188 0.121062815 1.13504708 -0.206723511
    -0.167159766 0.0798440576 0.950287938 -0.424967825 -0.269088835
    0.239496708 -0.581815124 1.5862546 0.539428532 0.710043311
    1.28612065 1.38577712 0.412839055 -0.21339035 1.53548503 1.36792755
    0.460529923 0.0753637552 1.31865227 1.46523559 -0.18694061
    1.32680678 0.639179587 1.16070843 -0.0924440026 -0.587302923
    -0.201070666 1.1014297 0.234228909 -0.567553878 0.638896704
    1.76456714 0.0507248044 0.0522814989 0.457149625 1.55018473
    0.143457115 1.26245642 -0.66272825 1.72129428 1.35134923
    -0.444394886 1.03350115 -0.143209577 1.61981368 1.67084146
    0.746802032 0.596916378 -0.213959396 1.18768358 0.391788781
    0.850237548 0.549299777 0.0240638852 0.880219877 -0.578528643
    -0.693523765 0.501086593 0.955071568 0.598360121 1.38268125
    -0.365037143 -0.182991207 -0.664064765 -0.322760165 0.48401165
    -0.578294575 1.63251495 -0.444388837 0.0612838268 0.299046278
    -0.630867422 -0.354706079 0.677247643 1.16353583 -0.446863115
    1.47189879 0.436496615 1.18588054 0.904249012 1.48756003 0.597514868
    0.913250685 0.526976168 -0.0595033765 1.62087226 0.974092841
    1.10437822 -0.151536465 0.23976469 0.921854377 0.0289174318
    -0.844364643 1.38993478 0.563111901 -0.316814065 -0.510715127
    0.460597694 1.07984018 0.157483697 1.43063283 -0.177249551
    0.762539744 0.904480517 0.240907013 -0.215712905 1.43633425
    -0.447817892 1.02846622 -0.751917481 1.56832647 0.71049571
    1.65464354 1.32213926 0.278436184 1.53185606 -0.361039519
    0.0947502851 -0.144002318 -0.309910387 0.769137561 0.307344258
    1.57961154 0.870120764 -0.0148851275 0.257644296 -0.489229798
    -0.280297726 0.763202846 -0.557264268 -0.352647811 0.359780014
    1.686692 -0.584468603 0.0599828959 1.25244868 -0.539981246
    0.529052138 0.472199738 -0.446266741 1.29452515 1.75809431
    0.158335209 1.36583304 -0.344195187 1.56314015 0.605359375
    0.268564641 0.744524837 0.233626127 0.949070573 0.328971565
    1.45680428 0.987263978 1.2707864 1.594347 -0.0409634113 1.61512065
    -0.689637959 -0.417635143 -0.587383091 1.70458865 0.862290204
    -0.307679951 -0.521962106 0.460261643 1.45107305 1.02207649
    -0.753600299 0.261743248 1.46372032 -0.623167455 -0.601552367
    1.14156651 1.12739742 0.420666635 1.21976352 0.0875732303
    0.123857796 1.27814543 -0.232443035 -0.337922841 -0.691738486
    1.6824497 0.250531197 1.80818677 -0.104137242 -0.152690053
    0.521153331 0.241419256 1.83610535 -0.143802732 1.11971307
    -0.183181643 0.915322781 0.738137007 1.33650649 -0.611195922
    -0.135132551 0.727625728 -0.410803288 0.488846004 -0.366393954
    1.09835362 0.459480643 0.324691713 0.508678436 1.23946393
    -0.42387706 0.0194498301 0.59404999 1.36525702 -0.502513111
    -0.815145493 1.52032876 1.44740796 1.40617466 0.162711322 0.46019721
    1.02816033 0.14232415 -0.480792284 0.201262832 0.585507333
    0.815142214 1.41464496 -0.706656992 -0.239807129 -0.516137064
    1.17399836 1.50403953 1.62709188 0.063611567 0.265224874
    0.0492124557 0.547206104 0.0732209086 0.823004305 1.21763718
    -0.246488631 0.374278665 -0.524318278 1.73649096 1.18360996
    1.38184965 0.618237734 -0.206740379 -0.440032989 1.43378174
    0.796892643 1.50572443 0.638030112 0.4365049 -0.438603133 1.8466686
    0.569442451 0.0389615893 -0.363110065 -0.470651776 0.0746296048
    1.12767589 0.843200743 -0.384416759 0.0475972891 1.51732934
    0.704609096 0.360396087 1.19078445 0.27339685 1.71139562 1.24533391
    0.369189858 0.222754955 1.15979385 -0.568490148 -0.214079916
    0.249404073 1.29308975 1.05511689 1.63288271 -0.331956327 1.15475321
    1.61702597 -0.713978112 -0.217796624 -0.319930285 0.0472680926
    0.550449908 0.600109696 -0.356066108 1.56295645 0.219176531
    -0.110390604 -0.31571579 0.566733718 0.615242004 0.926465392
    0.502761245 0.137601197 0.92928654 -0.174135268 1.23243713
    0.791249037 1.21302605 0.378210306 0.870378315 -0.699694514
    1.63560104 -0.315878719 -0.507164121 1.07890117 1.33468032 1.0142231
    0.286589026 -0.0802783966 1.64226222 0.0674215555 0.805634141
    0.795080662 0.463401794 0.820390046 0.783661604 0.954025745
    0.534724116 0.106618345 0.0232660174 0.814913809 0.684404075
    0.756434679 1.48471236 0.414880931 0.737830698 1.19656456
    0.0344890356 0.878739893 0.931974769 0.141273141 1.563977
    -0.10024792 1.61979389 0.171061039 0.429087698 -0.0469083786
    1.80667448 -0.236163735 0.546239674 0.628822923 0.49123764
    0.582144201 0.524335504 1.0706861 1.37030113 0.5706141 -0.399188191
    -0.336917907 0.557460368 1.09669626 -0.484568387 1.15099502
    -0.563802421 -0.0143077374 0.256114304 0.110421598 0.392986238
    1.58555388 0.906289697 0.217155337 0.216863096 0.158206463
    0.487773359 -0.127480388 -0.148479939 -0.770363152 1.6341722
    0.160962701 1.25399625 1.22553635 1.11202741 -0.250403374
    -0.532913208 0.507144213 0.794951558 -0.475335777 0.751466274
    0.80120188 1.50396669 -0.366188943 0.55969888 0.60309875 0.830931604
    -0.559519827 0.470352113 0.459112048 1.24624324 1.69215655
    1.59818053 1.72148871 1.51499844 -0.0699568391 -0.621517718
    1.4785974 -0.492495 0.659856081 -0.569278598 1.12249839 0.191789389
    -0.439970165 -0.376413018 0.698132992 -0.34859252 1.6172049
    1.50859094 0.443410516 1.29339767 -0.561359644 -0.164857447
    0.957683563 0.0503817797 -0.198591799 -0.219969958 1.58903813
    1.4398458 1.01982141 1.14245117 0.365266323 1.716887 1.47247231
    0.698702931 0.802818358 -0.148789227 0.777102292 1.44203436
    0.231636882 -0.155051827 0.286533535 1.2120384 1.02475297
    -0.50426656 -0.287554383 -0.464917421 1.23046708 1.60227418
    -0.422627777 0.0675502121 1.59726 -0.458078951 -0.180789679
    1.11750078 -0.255458862 0.271875739 -0.176708937 0.816135705
    1.22596085 0.806139708 -0.180362225 -0.385171384 1.22688222
    0.245126426 0.279821694 -0.586256921 1.26701856 0.92682749
    -0.777541339 0.954753637 1.27009273 1.01197529 0.0895602107
    -0.097692132 0.815047503 1.45915198 0.669439971 1.00364518
    0.903144777 -0.562155783 0.844828546 -0.184769124 -0.483985394
    1.01522517 -0.00470972061 -0.0596645474 1.04006314 0.143366039
    1.19328165 1.05258012 0.234320521 1.22056901 -0.714726031 1.41011822
    0.205515325 0.387223423 -0.0229779482 1.19519234 0.580858707
    0.549315512 -0.783900499 -0.288463831 -0.597531974 1.48223639
    1.34693623 -0.165634274 0.161730587 0.832725763 1.22038269
    -0.0475289226 1.49138451 1.61139441 0.452375054 1.12559772
    -0.263940841 -0.283405513 -0.440698326 1.00139546 0.353576362
    0.0693876147 0.674071133 -0.0246087909 -0.353421897 0.810649574
    0.270287812 -0.350931972 -0.229652971 -0.520427465 -0.312672973
    0.824555039 1.70615911 -0.230753303 0.268628538 0.892600477
    0.859282732 -0.0669808388 1.49616754 1.05121851 0.759817481
    1.36186302 0.805847168 0.483289599 -0.698771 1.15940666 1.45511198
    1.28377604 1.50606167 0.336466432 1.18615234 -0.333320111
    0.427118957 1.55281842 1.58630753 1.41378784 0.132827759 0.18525964
    -0.241903782 -0.395575643 1.54339123 1.61230075 -0.6685341
    0.662894011 -0.0110549927 0.760376215 1.03396106 0.0798190236
    0.578858972 0.132026434 -0.328606963 -0.640965402 1.21088493
    0.0634571314 0.662814438 0.849620402 -0.172000468 0.290734828
    0.994273484 -0.123055577 0.816085458 0.473078251 0.851801634
    1.58208394 1.40912783 1.33606243 -0.392477214 0.152286172
    0.919806421 0.741980016 1.64487123 0.0765109062 -0.214022487
    0.79195112 0.552067697 -0.370764077 0.515634179 1.46346354
    1.43994141 0.626627505 -0.549735665 0.309727192 -0.319335192
    1.3205564 -0.169701099 -0.65982312 0.0480681658 -0.141379416
    0.654121518 0.000689506531 1.00775778 1.47241497 -0.247689664
    0.18821156 1.3117162 1.41825438 -0.424221992 1.22114396 0.860206485
    0.369739234 -0.102226317 -0.408602566 1.04335189 1.63847947
    0.43802011 1.22037792 1.33728731 1.00833392 0.185372829 0.395149887
    1.02394819 1.2458142 -0.129725218 1.51053572 1.39651501 1.16805077
    -0.501699924 0.906506062 1.01393032 0.760929585 -0.713805199
    -0.691664696 -0.0535660386 0.135625541 0.592460155 0.590284586
    1.2814455 0.883069277 -0.474365473 1.48884153 0.0992475152
    -0.394081086 0.4108693 1.21818662 1.66801977 0.434301376
    -0.123981178 -0.207657635 -0.2026003 0.834656417 -0.561302423
    1.03456211 -0.660037518 0.398059726 -0.305786133 0.504451096
    1.0548377 0.0588723421 0.0806253552 0.190242946 1.62587738
    -0.27973628 0.935395181 0.663649201 0.394157588 -0.0154648423
    -0.628969014 -0.289074033 1.63772416 -0.0402196646 0.238138258
    -0.468073845 0.746072412 0.88257283 -0.401971549 1.19090581
    0.56911546 -0.706223547 1.36372066 1.14827025 -0.334613681
    1.39078903 0.579980493 1.27906394 1.04162908 1.38447762 0.475303113
    -0.170904219 -0.337620378 0.0175453424 0.803907812 0.947749317
    1.58673811 -0.0437968969 -0.0771741271 1.78030586 0.394264817
    1.77168858 -0.0359042883 1.75104845 -0.17105639 -0.00240647793
    -0.37094605 1.58007777 -0.455022871 0.230721474 0.361689448
    1.74142933 1.38642037 -0.251478016 0.602688551 0.718336403
    1.65123487 1.06016243 0.126205742 1.25881243 1.35233045 0.994278431
    0.79495728 0.281346679 1.60387504 1.07469988 1.23664665 -0.101598084
    0.327602625 1.50980949 -0.391195714 -0.394134879 1.0609293
    0.189128518 0.310490727 0.799979746 0.248680949 -0.0650315881
    0.724657297 0.724606276 0.160477459 0.632646382 0.671539485
    1.64780951 0.77867198 1.45461845 -0.688911438 -0.62202543
    0.594890773 0.045501411 1.6229614 -0.30109483 1.30437124 1.34735537
    0.515377462 -0.138674796 1.31939971 1.33668864 -0.329052925
    0.664955378 1.35676026 -0.480448782 1.41730666 -0.594216585
    -0.211189568 -0.639121056 1.57938409 -0.534192204 -0.436987966
    0.421070635 -0.120561004 0.298989952 1.00050163 1.28558099
    -0.455071986 0.245089591 0.0988882184 0.576079607 1.18608308
    1.6144197 1.5420382 -0.732286692 -0.660815179 1.03688657 0.930290282
    -0.597291887 -0.272954464 0.851244628 1.29874408 0.10954082
    1.45334148 -0.276520014 0.699056447 1.1200254 0.0699249506
    -0.102569044 -0.245827317 -0.738893867 0.193411946 0.110062301
    1.10072136 0.520499885 -0.636754632 1.07650161 -0.57003814
    -0.401224583 1.59266388 0.437860668 -0.51703608 0.408254087
    1.6191802 -0.381252587 1.58944142 0.121766031 -0.329062551
    -0.649914563 -0.319026381 0.131043315 0.551132083 1.6530484
    -0.0437039733 0.967623115 0.47446245 -0.769062459 0.382341802
    0.854198098 1.45696735 1.19688821 -0.733269632 0.231020629
    -0.0748713017 1.68110561 1.67318654 0.314007819 -0.664253116
    1.53357148 0.984812498 1.32661295 0.834819496 0.32405144
    -0.598996401 -0.209388793 -0.418946892 -0.636483073 1.18752146
    -0.349106222 1.62025332 0.638535142 -0.526706576 -0.361322373
    0.290787041 0.777853251 1.49680698 -0.00730907917 1.2157805
    0.740159869 -0.549101651 0.0103564262 1.18169475 -0.183287919
    -0.640205801 -0.663716674 0.242070794 -0.00145423412 0.708933115
    1.09155917 0.826485515 0.0639571548 0.388080239 0.757994473
    0.936582148 0.960939288 -0.0226496458 -0.047775507 0.564180076
    0.503773153 -0.671150386 0.338494301 0.935178697 -0.0109456182
    0.0590751171 -0.170225501 -0.509681582 -0.249058604 0.163468242
    -0.334239542 1.14210796 0.348718345 -0.525052071 0.889474928
    0.622488201 0.431409955 1.46708715 1.47846794 1.32480371 0.497159958
    0.781870544 0.0741799474 -0.243805617 -0.55453068 -0.597701192
    0.716423094 -0.190103829 -0.00414639711 1.0386343 0.362307131
    -0.351944327 0.630075693 -0.418036908 0.979789019 1.03486204
    -0.216820985 1.06486726 0.397017896 0.264475048 1.52493739
    0.895186961 1.5122664 -0.00493866205 -0.153496206 0.241858006
    1.07310581 0.451992035 1.53941631 -0.0832715631 1.30730081
    -0.29056412 1.64804816 -0.23695004 -0.565279186 1.13733745
    1.59312487 0.879141331 0.212310195 1.75296271 -0.658165097
    1.83675098 -0.124578893 -0.444892764 -0.27697295 -0.739409149
    0.820995748 0.905308843 1.54654074 1.51396465 -0.537515938
    -0.158272266 0.341644704 1.57404971 0.975416005 0.0243639946
    1.11565948 -0.0205972195 1.13481462 1.73902416 0.149478555
    0.0995595455 0.513557553 0.514502525 -0.217301071 -0.0933285952
    -0.527032495 1.85344601 0.289738834 -0.380943447 0.169707656
    0.344994485 0.618271112 0.564692497 1.21548319 1.25066924
    0.519280374 0.362237394 0.623305202 1.48952317 0.730553925
    -0.766527057 0.637514949 0.843671024 1.46174932 0.0502877235
    1.30381489 1.37676096 0.617694199 -0.0364578366 -0.562661707
    1.2658391 -0.472096235 0.253962338 1.40906501 -0.214191198
    1.17055273 0.552039564 1.63316584 1.37398505 -0.617009223 1.5497849
    1.43854117 -0.137661755 -0.521691144 -0.36158675 0.000662267208
    1.04303575 -0.176239371 -0.302795231 1.06854725 1.41281092
    0.472454607 1.2792244 1.05749011 0.0058029294 1.65164495 0.930912733
    -0.521963239 0.861233592 -0.130513549 -0.298395157 -0.307803124
    0.295786977 0.421822369 -0.468669891 1.05417156 -0.28366214
    -0.411372602 1.44306636 0.409172058 0.922224998 0.304000914
    0.475100517 1.41144109 0.945463479 0.126782119 1.32205558
    -0.450204223 1.54320979 -0.155230701 0.97199297 0.612704873
    0.472825646 0.571443379 -0.364290088 0.309433937 -0.124777794
    -0.750438273 1.18076134 1.46132898 -0.679118574 1.38753819
    0.87731874 -0.326693058 0.278286099 1.29763556 0.225490093
    0.271083474 1.52664399 1.72760344 0.462011278 0.0042489171
    0.571282327 -0.103114903 -0.140784621 -0.156155586 1.76902604
    -0.699593186 0.202498972 0.521297514 -0.564026773 0.471321762
    1.22222424 0.561119914 -0.67150712 -0.572847247 0.942694843
    0.831973851 1.17806506 -0.562793314 1.29242241 0.939405918
    1.42098999 -0.179418564 1.54937613 1.38450742 1.56415367 0.353161693
    -0.585522771 0.979697108 1.06578994 -0.538383365 -0.433849365
    0.807635427 1.05447841 1.11083388 -0.0190371275 -0.778014064
    -0.243034303 0.259348631 0.185220957 1.35078192 0.829547465
    1.51513064 -0.211358249 0.715293705 1.53724813 -0.291448712
    -0.335951149 0.399389625 0.00369352102 -0.558405161 0.495327711
    0.718171895 -0.0491342545 0.548934877 0.156043768 0.642126977
    -0.0562552214 1.21820736 1.23140001 0.427155197 -0.6601758
    1.55840206 1.37660372 1.23399615 1.15463638 0.593535006 0.453819573
    1.61360168 -0.184092939 1.27616048 0.291107714 1.08611727 1.19173133
    1.59268522 0.504972935 -0.753214717 0.2485919 1.00996923 1.26380742
    -0.542310357 0.62628001 0.894037902 -0.166096926 1.58744693
    0.976497948 1.50436354 1.23176408 0.43988353 1.57146227 -0.605626941
    -0.721781254 -0.359175473 -0.315932095 -0.74612689 0.363910794
    0.330261588 0.794776559 -0.265267044 0.991799474 0.271279514
    1.53047204 -0.0584127903 0.500226736 0.0020750165 -0.534820437
    -0.694663465 -1.15036964e-05 0.410725474 0.439073086 0.464579105
    -0.359724969 -0.234931648 -0.0378280878 1.76990151 0.151698768
    -0.616537809 1.52236092 1.73625457 -0.119827688 -0.153027654
    0.485560834 1.47090316 1.32266951 1.06569839 0.512111425
    -0.307906985 -0.357433259 -0.371473491 1.57059622 -0.468128234
    0.0137097836 1.009902 0.0375043154 -0.503549218 -0.44043684
    -0.520617127 0.801965535 -0.480343342 -0.0852227211 1.43080461
    -0.178961873 -0.0600438118 0.803041935 1.3305161 -0.805872083
    1.41990566 1.59429014 0.643017292 -0.789005876 0.747184634
    0.857621193 0.784963667 1.54004729 -0.28460595 0.478906423
    0.141214222 0.14306581 1.39751279 0.035112977 -0.169341028
    0.288869739 -0.399154425 1.16277266 -0.636011183 0.198569119
    -0.262185127 0.053018868 1.60187149 -0.363466561 1.22736108
    1.41704643 1.37817287 -0.724147379 1.41454291 -0.709155738
    -0.562089503 0.985755563 0.509747624 0.521142066 0.115169883
    0.958499134 0.787607551 -0.702290833 -0.627914608 1.15258992
    -0.55464983 0.416382313 -0.444768816 0.168017507 0.259892285
    0.65708375 -0.105858028 1.09387493 1.37359703 0.655805528
    -0.123689473 -0.290479332 1.41271937 -0.0225608349 1.62505579
    1.15178871 -0.674279511 1.45660782 0.94264251 1.27895212
    -0.629935682 1.57803011 0.974160731 1.52919364 -0.749858201
    -0.72884208 -0.253688425 0.748896182 0.329957306 0.135339499
    1.05155683 0.404708207 1.55516732 -0.257920742 0.985374033
    1.19695282 -0.470842779 0.103122532 -0.56299907 1.28886378
    1.53374517 0.110597074 -0.628807545 0.255700767 0.11859417
    -0.372492403 0.569167137 1.54846942 -0.126928747 -0.307447076
    0.340140164 1.26688695 0.358921349 1.35466087 1.49005008 0.796350777
    -0.212290823 0.884426773 -0.426197022 1.51476169 0.870747387
    -0.440736562 0.274281204 0.931574523 1.29464889 1.17305183
    0.467746198 -0.757331312 0.922035277 1.48286521 1.25058317
    -0.115629971 -0.632216096 0.54807353 0.074699223 -0.0940096378
    1.57709467 0.212776482 -0.0152999163 -0.032212317 1.52055311
    1.0190835 1.06378531 -0.262951136 -0.43792671 1.14187384
    -0.270824432 0.306930304 0.565333605 1.46814418 1.48494458
    1.38681507 1.35679412 0.684585214 1.33802724 -0.213884354 0.69566828
    0.521786153 1.08556032 -0.475735456 0.84044683 0.733301759
    0.436870039 0.652401805 -0.122845829 1.43127179 1.25607538
    0.79574573 1.39304566 1.29017377 0.267955303 -0.573061228 1.15407491
    0.744439244 0.446087122 -0.226237833 1.75714922 -0.0112432837
    0.203336537 1.13463998 1.56861353 -0.054005146 0.156148434
    0.635725319 0.456866801 0.0290645957 0.459918857 1.02401209
    0.736745477 -0.342015058 0.685867548 1.29972649 1.01583481
    -0.124475837 0.829636216 0.979790807 1.45553565 1.57555413
    0.837770045 -0.525830686 1.07852435 0.459044337 1.38641095
    -0.834134758 1.33147514 -0.41817987 0.796589255 1.41106844
    0.195352852 -0.496076047 1.31172121 1.33403802 1.20030832
    0.0876919627 -0.080047667 1.36173713 0.868681788 0.0891130567
    1.64562941 -0.428946555 0.862665772 1.36992383 1.06193566 1.43329453
    0.511167943 1.09782147 1.48086524 0.273765981 1.28074288
    -0.631349742 0.39984858 0.155922711 0.423488915 1.47146213
    1.03556967 1.45787275 1.59416151 0.607904911 0.255178452
    -0.475326061 0.0128542781 1.21309495 -0.6458655 0.268268228
    1.29549897 0.550407171 -0.238773286 0.382987261 0.764559865
    1.39086485 0.660935163 1.22101641 0.291613102 1.15636897 0.845933616
    1.40600967 1.17220044 0.266459107 -0.492976725 0.529140234
    -0.335285515 -0.467094302 -0.38178131 0.347346127 0.670255184
    -0.00693517923 -0.494479448 1.76624322 0.163982213 -0.391489267
    0.64094311 -0.497459054 -0.745301425 0.70204699 1.2076962
    -0.412363768 0.17671603 0.379531384 1.46832573 -0.0803935528
    0.502980113 0.314798295 -0.0957053304 1.52984381 1.7098546
    1.17898571 -0.124350071 1.72151566 -0.483345449 1.61699319
    1.14715099 0.475100994 1.19371426 0.430246294 1.0529995 0.233235061
    0.888969481 0.802600801 -0.368781507 1.06699133 -0.265791535
    -0.701464355 -0.0667402148 -0.058624506 1.14073646 1.55968118
    1.13885427 1.16721654 0.17183578 0.901960313 -0.727947235
    -0.821987748 0.871332884 1.53079188 1.07769012 1.37185442
    0.871373057 0.962274015 1.74113965 0.116413295 -0.421824992
    -0.0242054462 1.09858727 0.780297875 -0.737366617 0.80796206
    1.64160848 -0.744450569 -0.133475959 0.19050616 -0.412644058
    0.48341769 -0.738783598 -0.2860021 1.45369029 -0.488634139
    1.45426774 0.511178613 0.233855963 1.54302073 1.19612455 1.3804872
    -0.463925689 0.286799371 0.812453508 -0.275673538 -0.220499784
    1.7332809 -0.523799062 -0.448320389 0.718289971 1.40364468
    0.0767199397 0.755031824 -0.381181777 1.3682611 1.07851756
    0.541055202 1.18258405 0.0337021351 -0.236964107 0.33538413
    -0.324660122 0.588420391 0.681503892 -0.614688158 1.52944183
    -0.0352663994 -0.203098744 -0.0893624425 1.46332359 -0.43872267
    0.820862591 0.514938056 -0.353867382 1.54417396 0.73855269 1.2469821
    -0.311236501 -0.141319692 1.14460552 0.364189863 -0.447194457
    -0.273602247 0.493205845 -0.132382393 -0.214665711 0.787177861
    -0.283223003 1.32369161 -0.00173974037 1.21975398 1.46470523
    1.67435622 1.21030498 0.136659682 1.0513283 1.04762614 -0.657844782
    -0.1936602 1.59554493 0.74124217 0.0192283988 -0.596096516
    -0.137551785 -0.458827376 1.59572673 1.16253352 1.48380136
    0.541449785 -0.623051763 0.293744802 -0.0420647264 -0.471071005
    1.44822001 1.16632342 1.07439482 -0.523054123 0.799212039 1.50614333
    1.43831873 0.257871211 1.593256 1.04622781 0.896085918 0.166714907
    -0.509046912 -0.611445963 0.602302432 1.1816963 1.3832792
    0.410734594 0.94307071 -0.473325551 0.96476233 0.762896895
    1.14472759 0.0802369118 -0.187305152 0.836940527 0.501252413
    -0.0769266486 -0.0442785025 -0.0735784769 1.63964653 1.40702379
    0.185789704 0.175947905 1.30941653 0.308661819 -0.597238064
    0.806049585 -0.393623024 -0.202950239 0.632911146 1.097188
    -0.79848206 0.945614994 0.695147634 1.29827738 1.56995106 1.19668627
    1.6059823 -0.660559654 0.704448223 0.977294087 0.233348966
    -0.27504313 1.36115193 0.779630125 0.0570489168 -0.436487496
    1.06554484 -0.291354477 0.631206572 1.271595 1.28229296 0.521218359
    0.286149502 0.898768902 1.1539135 0.394192815 -0.600463212
    0.900577486 1.5208503 1.71295166 1.41920066 -0.26752615 1.31637788
    0.890236795 -0.640174329 1.69443953 -0.486368269 0.0302031636
    0.267872632 1.68789887 0.648963451 0.163596392 0.815793872
    -0.567317963 1.4270494 0.55835861 -0.411484212 1.62108898
    0.0265607238 0.843589008 -0.236712277 0.220593154 -0.703380108
    1.38985467 0.332158625 1.37237382 -0.430581629 -0.247506618
    1.41846228 0.951875508 0.375071824 -0.0919377804 1.15869474
    -0.421983898 0.904835165 0.31791389 -0.442549765 0.909708381
    -0.362672478 1.57847261 1.20733321 0.967643976 0.0969332457
    0.271546841 -0.774835765 0.569537222 1.2064271 0.868862748
    1.13559341 -0.558153272 1.0903827 1.07543039 -0.15293622
    -0.0023920536 0.389384389 0.0277349353 1.88465655 0.163500965
    -0.0557669401 1.00750482 1.22227585 1.01937294 -0.412164301
    -0.122133851 -0.245983988 1.73722672 0.0554744005 0.679068744
    0.839293242 1.28051794 -0.217317045 1.43003702 0.504659712
    0.145372272 0.0134905577 0.0355340838 0.596088648 1.3059032
    0.0234305263 -0.228115082 1.46390736 1.4364109 0.199544549
    1.36496079 0.413653433 0.374530613 -0.626601696 -0.0220569968
    0.683075726 0.00583207607 -0.0736662745 0.0444156528 -0.504787624
    1.47398007 -0.303403646 0.815356255 1.68685532 0.920738697
    -0.483759373 1.76452303 1.49870563 0.97973305 -0.150041461
    0.266699791 -0.0215522051 -0.313441515 1.34234262 -0.652649641
    -0.0794120431 0.0466389656 0.802932382 -0.553913236 1.6479919
    -0.118250251 1.34127712 -0.221440822 -0.573766828 -0.512391567
    -0.572904527 1.23768067 0.0407255888 0.293082297 1.65966797
    1.63409066 -0.593427598 1.30423975 -0.601859272 0.840566397
    -0.228002638 0.0756216645 -0.594656348 1.71489668 1.25345659
    1.69435108 1.00694788 0.513724625 0.400506556 0.0209403038
    0.35729146 0.27102679 0.551161051 1.03398061 0.1590783 0.710298121
    -0.0396196842 0.821276307 -0.320547044 0.94741416 0.952371359
    -0.101360917 1.55008984 0.421397507 1.65153348 1.19298458
    0.851553559 -0.222034246 1.6600709 1.37660325 0.00878685713
    0.0675244331 0.615667641 1.5569427 1.20043135 0.359671474
    -0.145905018 0.629410982 0.576979339 0.872156143 0.395699024
    0.172700763 1.10857344 0.228238404 0.425311565 -0.352789849
    0.269318879 0.6792171 0.636858463 0.0426833034 -0.484949678
    0.192605078 1.00810337 -0.752118349 0.71918422 1.49373817
    0.389137387 -0.476201266 0.794599235 0.382816553 0.502434611
    -0.411886811 -0.80141592 0.369707286 1.43314672 0.319140494
    -0.470677555 -0.569968224 1.60769725 1.41299725 1.21953559
    0.0150539279 0.653012693 -0.66661644 -0.213557959 0.528012037
    0.288027465 1.53002357 0.306396902 0.98635602 -0.101441622
    1.62017727 1.67732763 -0.674071848 0.439020157 0.790046215
    1.53396785 1.15478992 -0.248115778 -0.805486441 1.49915981
    1.47469521 0.0256748796 0.983782172 -0.495832354 0.617352903
    -0.254667819 0.27056694 0.507275701 1.10370195 0.340283692
    0.299254179 1.58970356 -0.670703232 1.33685935 0.428398848
    0.883535385 1.40518117 0.848281622 -0.175016701 0.30770272
    1.31982827 -0.526254117 -0.0752006173 1.37142396 0.294940233
    0.761015177 0.0597226024 -0.69015789 1.22258902 -0.685325027
    0.524554908 0.603926539 0.678682089 -0.0285394788 1.23073101
    -0.426429629 1.1428957 0.415548861 1.53067935 0.97656548 0.835753083
    1.07035875 1.31195521 0.0320696235 0.26183641 0.353903592
    0.415619254 0.561803758 0.488586545 -0.375075191 0.781983674
    -0.4065409 -0.21607697 0.534314096 1.36989152 -0.40015316
    -0.589146376 0.6413607 1.30706096 1.21166492 0.0891671777
    -0.55170995 1.10737324 1.12056911 1.36566103 1.061849 -0.162895858
    1.45254254 0.605413258 1.47566056 1.31645238 -0.652458847
    -0.166925371 1.491063 1.24206007 1.63388169 1.71201599 -0.5155195
    1.46625113 0.884437919 -0.463537276 0.891507328 1.32410395
    1.52810192 1.21581721 1.28576469 -0.434819877 0.223157525
    -0.399725914 0.767766416 0.0638432503 0.0953319073 0.154379487
    1.10877371 1.10498691 1.78103137 -0.32922101 0.767853498 1.45777607
    0.266720831 0.178328097 0.308243632 0.915663898 0.937733531
    -0.0171262622 -0.706571162 0.157043099 1.26444554 1.63224983
    1.5647881 1.55459023 -0.115773678 0.530063868 -0.0765260458
    1.38555634 1.06443727 1.55428672 -0.74251157 1.60092974 1.6237421
    0.516675234 -0.308985412 0.867527366 0.0998762846 0.910421968
    1.28503358 1.09495068 -0.270442575 -0.0159851313 1.07552409
    1.44201922 0.283702791 -0.191118717 1.64953899 0.106301069
    -0.420916438 -0.374549419 0.210065901 0.208898127 1.28565931
    1.6080029 1.53993726 -0.264035463 -0.235888481 1.65428877 1.53199124
    -0.558590293 0.502847314 0.863651276 1.7204721 1.10957122
    0.0927702188 -0.347410649 -0.498285115 0.0570461154 0.838516593
    1.75891495 0.45135957 -0.218354106 1.6235311 -0.681723475
    -0.261431605 1.23889351 -0.0243008733 -0.0126241446 -0.534343779
    1.40935564 -0.167758107 0.394740939 0.229528308 -0.331122309
    1.72661197 -0.563001335 0.36640954 -0.57934171 -0.400056839
    0.626472652 -0.147182703 1.02785254 -0.123863637 0.86683476
    -0.0923628211 0.635099113 1.66315901 0.787978232 0.82033813
    -0.184588432 0.312104642 0.922159851 1.62971771 0.934731662
    -0.76171428 -0.368583351 0.406746686 0.933165431 -0.66895926
    -0.616331875 1.00120914 0.557247877 -0.726165473 0.414186776
    0.113203824 1.32840586 1.37590289 1.10225368 0.217624605 1.06901252
    0.791571498 1.20166516 -0.623198867 1.31520414 0.043461144 1.3885051
    -0.0195739865 0.480783999 -0.0113866329 0.192584634 1.37350953
    1.11737847 1.15038192 -0.277198642 -0.491358697 -0.267463088
    1.24549043 -0.105438352 1.52831757 0.445260406 -0.187855721
    -0.102503598 0.775534034 0.836145759 0.285795152 0.093721509
    0.345542789 -0.139303446 0.110716164 0.381431997 1.16629457
    0.576766551 -0.26777029 0.434206426 -0.366880804 0.244419634
    1.11116874 0.88361603 0.851036489 0.906182468 0.842461467
    -0.692555845 1.32713568 -0.641396523 1.28546524 -0.580459177
    -0.0337609649 1.35203767 0.907880068 0.715943456 0.953472257
    -0.301122367 -0.385730982 -0.224933147 1.71288204 0.466746986
    -0.590838432 -0.127694249 0.698503137 -0.377609134 -0.465414554
    1.41221619 0.736905515 -0.701429844 1.11681318 0.789468706
    0.514513254 1.06358325 -0.052543819 0.983122587 0.442876041
    0.337008655 0.234004676 1.18010688 -0.392028064 1.10885203
    1.01621318 -0.202143073 -0.336564034 1.30928791 0.902437329
    1.46965289 1.22384369 -0.539119482 -0.673925638 0.0880718827
    -0.592216969 0.274741828 -0.0575229526 0.600928724 1.06223691
    0.781435668 1.41246581 -0.814688444 0.172451556 1.68903279
    0.57152003 0.413047969 0.295984924 1.31474388 1.56762385 0.319622874
    -0.152948678 1.151039 1.16939938 -0.621774256 0.64812988 0.418835461
    -0.529551923 -0.0933958888 1.13396239 0.355414391 0.359802902
    0.0693936348 1.18713665 0.657635927 0.725426674 -0.13733232
    0.506132007 1.45765102 0.547845423 1.5725565 0.025611937 0.759012341
    1.16186702 0.511213005 0.559628606 -0.410435021 1.0345943 1.57288551
    -0.133368909 -0.00609666109 -0.109134376 1.43545103 1.03367376
    1.56707406 0.0804572105 1.27452564 0.74172473 0.706870794
    -0.0564924777 0.420956165 0.723916054 0.0532220006 -0.00535082817
    0.172007799 -0.332964629 0.684978127 0.0113270879 1.33894384
    1.10299575 0.303242922 -0.343308985 1.02813995 0.487335205
    0.363498926 -0.240566015 -0.802421153 1.37375188 0.294994235
    1.2072084 1.01570487 -0.355365008 0.409111142 1.56003881
    -0.0691325665 -0.630806506 1.60560441 -0.518077493 -0.199411809
    0.412659705 -0.321571589 1.65616775 -0.338590682 -0.250845999
    1.58565128 -0.569595575 0.252042353 0.367937326 1.33429408
    -0.0131775141 -0.358347565 -0.312529564 0.962449431 1.5523864
    0.319550097 1.28671765 1.68167889 0.150934696 0.947351277 1.46535289
    0.64186579 0.827763915 -0.551318169 0.343667507 1.56910253
    0.617727876 -0.265623927 1.63927841 -0.120306671 -0.421193242
    1.52129507 1.76748896 -0.111195028 1.19887877 -0.655280173
    1.06984079 -0.349178582 0.453939795 0.683398962 0.0991055965
    -0.16847682 0.332458615 -0.0622712374 1.30186379 -0.613256752
    1.67410707 -0.128748655 0.145849705 0.815450907 0.807134867
    0.65143311 0.959560215 -0.245011479 0.889895618 0.927680612
    1.76904368 0.268852472 0.669236958 1.74336672 -0.561719656
    -0.237300515 0.172113717 1.27870405 1.0863719 0.873661101
    -0.515313148 -0.136010587 0.573408842 0.993402958 0.164858937
    0.672398508 0.231056273 0.0585252047 -0.686605752 0.944213569
    1.45675778 -0.223065197 1.48219848 1.02137065 0.370546877
    0.595367074 0.334568918 1.14448261 1.07263184 0.97874999 0.571888626
    1.50759804 0.909083426 0.267334878 -0.383990675 1.26239586
    0.856105506 0.745306134 0.822806895 1.49247587 1.2719152 1.10822511
    1.60719323 0.122939587 0.673328876 -0.233145416 1.13412571
    0.382214069 0.529731154 0.465860426 1.5600785 0.836665392 1.48306417
    0.346556962 1.4290067 -0.16666317 1.37465811 1.09214711 0.738876998
    -0.643591881 -0.0696802735 0.957681775 1.25566292 1.58158147
    1.01117277 0.192501009 -0.497087628 1.31826305 0.223630548
    1.68765116 -0.242767096 1.26233077 -0.499770552 1.25228882
    0.281432569 1.53873086 -0.168464124 0.978051484 1.69701934
    0.538014889 1.6391623 -0.0452086329 0.129387856 0.148322463
    1.17033076 1.03012609 1.58566642 0.973129153 0.618829429
    -0.0203644037 1.58960187 -0.428402245 0.141745687 0.999989688
    1.67337656 0.0181207061 -0.137960494 0.679956794 1.08435869
    0.354671299 0.419112921 0.309898555 -0.184702277 -0.122775555
    0.58212322 1.59917378 -0.580814362 0.807239592 0.965571344
    -0.51133132 1.42565799 -0.5822981 1.61352384 -0.0196943283
    -0.36186561 1.21722984 -0.0109006166 0.8473683 0.255756617
    1.37746465 0.610610247 1.62013054 1.12794089 1.64577556 1.19677126
    -0.119646668 0.180092394 1.40545774 1.61241579 -0.522672415
    0.099902153 1.21808314 0.447467566 1.10103059 0.569949687 1.13413894
    -0.645849884 -0.807873785 1.52314639 1.62084341 0.884940445
    0.984983325 1.10833955 1.2705915 1.30896115 -0.340153158 1.03804135
    -0.215274215 0.151870012 0.792568445 -0.64419204 0.770045161
    1.47151625 0.0542041063 -0.729527354 1.72787082 0.0717204213
    -0.135798335 1.15896237 1.18193161 -0.730028689 0.668676853
    0.746132731 -0.835519373 0.549404144 0.376908958 1.66695082
    1.15635729 0.572331429 0.365862489 -0.357166231 0.70169574
    1.31542015 0.50195837 1.22751689 0.605526268 0.107297957
    -0.160282016 0.440030575 -0.46584332 -0.0562167168 1.6731019
    0.619898558 -0.660230696 1.17085278 0.674482763 1.65527558
    -0.154086888 0.914490044 -0.545701981 1.46641207 0.165994883
    -0.399859309 -0.665595174 -0.719686627 0.456791043 -0.0242122412
    1.55872416 0.0670703053 0.28077811 -0.178131521 1.01807272
    -0.5807423 0.0482501388 1.49519813 0.491557121 0.785913289
    1.62084353 1.0088768 0.156940103 1.14106917 0.281355202
    -0.0812846422 0.581349432 -0.328035623 0.441337705 0.626367033
    -0.322254002 0.561822772 -0.663048148 0.737154007 -0.0964803696
    1.39451718 0.268193245 1.50321794 -0.748216152 1.11880624
    0.717950702 1.51535106 0.494911075 1.6464709 0.0806254148
    -0.00901889801 -0.00986844301 1.0506258 0.824323773 0.42021215
    1.6421392 1.36507928 0.503173411 1.30212164 0.673709333 1.32803559
    -0.237081081 1.03614509 1.43188238 1.61828923 -0.617835939
    1.74575734 -0.179344893 0.738478959 1.05720866 0.200120211
    1.19411743 -0.0690789223 -0.646949232 -0.19113642 1.51381075
    1.19683266 0.653615773 0.107009828 0.257418931 0.7543419 1.14785695
    -0.48353067 0.133731902 1.37031758 -0.0603230596 -0.0850335956
    0.880752206 0.959042609 -0.108313382 -0.0458502173 -0.455027878
    0.695377171 1.60755491 1.61895108 0.346850276 -0.00528657436
    0.0857079029 -0.0360285044 0.177199364 -0.511055589 1.59185684
    1.00242376 0.69596386 0.0579105616 1.02155328 0.961237907
    -0.513828993 1.04943824 -0.547356486 -0.187691748 0.298645198
    -0.653850317 1.31314826 0.189734221 0.763305604 0.119936109
    0.389769316 0.524299204 0.309247375 1.43487561 -0.627815008
    0.67995894 -0.076941669 1.64587498 1.19911289 -0.317136705
    0.562182307 0.0173228383 0.330984175 -0.354406953 1.42077923
    1.75238562 1.68427825 -0.229615033 0.696992517 0.564203143
    1.15045881 0.931600273 1.34123683 0.723056138 1.67572129 1.15409946
    0.0975545645 0.934936762 -0.460842729 0.510260284 -0.478680193
    0.615480781 0.666417956 -0.63658452 0.082133472 0.0735504031
    1.38255692 -0.404488206 0.110313058 -0.175819874 -0.0919143558
    0.472303033 1.44843602 -0.731516063 1.40553761 1.14586878
    0.195921004 0.586894512 0.729533732 0.0789883137 1.00653028
    0.330506802 1.65477657 0.424936891 1.32463479 1.41542029
    -0.0459294915 0.233170152 -0.327934951 -0.293043852 1.43405342
    1.67092955 1.6109705 0.377417564 1.52108645 -0.56816119 -0.270606488
    1.00295424 -0.157378972 1.40483236 0.0210248232 0.593548417
    1.34775567 1.30765069 0.41656357 1.18163002 0.967236519 -0.125428319
    -0.377700001 -0.0746232271 1.43036509 0.184664369 0.0606688261
    -0.187848151 -0.0867163539 0.376002908 0.513599455 -0.152633727
    -0.372459203 1.47834635 1.27690601 -0.732481956 -0.00564318895
    0.115561008 0.637939692 1.20316362 -0.136894405 0.357257426
    0.0624775887 -0.765539706 0.543449461 -0.618432879 -0.329710901
    0.176488042 -0.425170243 0.636209548 0.307879925 -0.448573828
    -0.435014874 0.0669226646 0.415385485 0.309798181 0.287493467
    0.933101594 -0.180129945 0.690395415 1.62157559 -0.273532152
    1.38435435 1.68546164 -0.710842133 1.42348146 -0.00648856163
    -0.706983984 0.955075502 1.58620977 0.338932514 0.95786047
    -0.2504583 0.409022868 1.36661065 0.380789161 0.863841057
    0.235141218 -0.304124802 -0.161242247 0.0367942452 1.37453067
    1.17185187 -0.225566208 1.04650462 -0.00318545103 -0.0402324796
    0.49995029 -0.127168477 -0.0486873388 1.64281058 -0.738214076
    1.05927503 1.47343755 0.969628453 1.4527843 1.37673521 -0.483624697
    1.39980793 0.772897959 -0.371308684 1.13669705 0.794122994
    0.95562923 1.32273829 0.201272905 -0.184932172 -0.580937624
    1.46511853 -0.345140487 0.90828377 0.623483658 -0.360689104
    -0.425710708 0.6644333 0.445038617 0.615102649 0.666407406
    0.506808162 1.10230422 0.101171434 0.00582498312 0.949504972
    1.25504279 -0.248414516 0.370535076 0.694124401 0.0638478994
    -0.51762569 1.17939496 0.0416945815 -0.236999691 -0.487886995
    0.692645848 1.25967813 0.747613072 0.0142009854 1.15537763
    -0.691236019 -0.0537638664 -0.390557528 0.214677393 1.6021769
    0.288710117 -0.281478643 0.872396886 -0.253063351 -0.196216166
    1.06289041 -0.21444726 0.672089696 1.19829178 0.551059544 1.34903669
    1.60142863 0.957808137 0.963480234 0.383383989 0.582761467
    0.477624297 1.08901477 0.412587285 0.279566348 -0.130569994
    -0.0261263847 0.62430948 1.48218548 0.729564071 1.56405306
    -0.480967849 0.924762607 1.36260319 1.48323834 1.01321411
    -0.584200501 0.948945343 0.0541673303 0.799421251 -0.529846013
    1.00021625 1.50738299 0.99604547 -0.193920374 0.293797612
    0.929439843 0.814030468 0.733476818 1.1812346 0.632916749
    0.191994429 -0.759465635 0.310414374 -0.00757354498 1.27417243
    0.728540659 -0.270223975 0.920861244 0.977692425 1.35277486
    1.34215128 0.390382707 -0.0339609385 -0.599459827 0.765827775
    0.292886496 -0.326317996 -0.227235764 -0.462614477 0.0220121145
    1.11629307 0.309070885 1.20959949 0.330954611 -0.0448514819
    -0.487921238 0.34719491 0.464681804 -0.154650867 0.109947145
    0.740769565 -0.704005897 1.71119595 -0.569629788 -0.527219355
    -0.491930723 0.608706176 0.227188706 0.133264422 -0.577283263
    1.20707965 0.172466457 0.201828778 0.810171962 -0.373704493
    0.787082911 -0.0479644537 1.70341647 1.24358416 -0.580472946
    -0.0196458101 1.21894503 -0.705464482 1.65162241 0.0573646426
    1.00902319 0.0208124518 0.834611952 -0.399195671 -0.589821577
    -0.343604296 -0.245611548 0.374345005 1.49990022 -0.640917301
    1.19362152 0.502107263 1.36239076 -0.324560612 0.294880807
    1.34953547 -0.604454279 1.20322871 -0.283021986 0.45927465
    1.71768832 -0.10086745 -0.120254576 0.323509097 -0.179281652
    0.708111048 -0.403515995 -0.280025542 1.3204205 -0.0797508955
    0.371445656 -0.752246141 -0.779962897 -0.670170069 1.24239087
    0.203039527 1.45876443 1.11302876 -0.700794637 0.605628967
    0.336036384 1.1916815 0.579097986 0.303389847 -0.087759316
    0.748477221 -0.136621118 1.50719202 1.54120088 0.892629504
    1.19504654 1.58871365 0.96906817 1.12147546 1.49230683 -0.64044565
    1.17146397 -0.424737304 -0.161213338 1.6980226 -0.444130659
    -0.497971117 0.120201111 -0.0450087786 0.584566951 0.663906693
    0.810111284 -0.391020954 -0.241781414 1.32116055 -0.549108207
    0.311945736 1.310287 -0.020544827 -0.18831861 -0.0271182656
    1.61233592 -0.286663264 1.49936128 -0.32503435 -0.702786565
    0.650256693 0.674833536 -0.206255078 1.93296826 0.0784116089
    1.37319469 1.27451062 1.60140634 1.31587887 -0.644626856 0.141661882
    1.11620307 0.601176143 1.56902409 0.805826366 0.435739756
    0.814245284 1.79194963 0.284114122 -0.653548837 1.01665771
    1.56495237 0.962252855 1.49523067 0.283373475 -0.467272192
    0.0562838316 1.59119773 1.14722109 -0.566865921 1.24041891
    0.95756644 -0.312086999 -0.425065458 -0.341253012 -0.308792859
    1.69498956 0.38186729 -0.743102491 1.01942396 1.62383509 1.52138793
    -0.0173786879 0.905539215 0.36302793 1.7624383 1.71355152
    -0.457671642 -0.563131809 1.65163493 1.55343056 0.999887288
    0.466814339 1.01130652 0.524665773 0.835433424 0.509109855 1.7824111
    -0.433559567 0.238482654 1.13008296 1.03938222 0.954087555
    -0.409500927 0.324518263 1.2637291 0.720825791 -0.454329729
    -0.694779992 1.41298997 0.82632947 0.311627686 0.145281911
    1.28656363 1.44480681 0.35027504 -0.684907794 0.769328475 1.11926174
    -0.669732392 0.786497712 0.862563848 -0.542446256 1.54019117
    0.536269486 0.463723302 -0.0165764093 -0.0933489203 0.280760288
    -0.41855368 1.31635046 -0.673981786 0.444286525 1.64011765
    -0.248693556 -0.148554027 -0.432707608 0.420888245 1.34017491
    1.61311436 0.36402607 0.300966442 0.827259183 0.927070141
    0.259138942 -0.545202196 1.44483757 0.417571306 1.52746296
    -0.266274869 -0.683571637 0.609321117 0.573034108 0.812696576
    1.24859452 1.62560201 -0.412213892 1.30484593 0.344475627
    0.798005998 1.01517963 1.73228037 0.566625476 0.190240026 1.41884887
    -0.697832942 1.26318669 1.26902175 0.90142554 -0.483498961
    0.0389196873 0.146579206 -0.561314225 0.735063016 0.826233864
    1.26637912 0.222537458 -0.54395318 0.0718624592 0.378315985
    1.38323963 0.832582057 -0.510071635 1.02718449 -0.257789314
    -0.419053435 1.1343565 0.467837095 1.17351747 -0.6454916 1.74155164
    -0.356400371 -0.24954766 0.31316638 1.33242297 -0.353996068
    -0.233087271 -0.498580486 -0.427936375 -0.301879466 1.62380266
    0.246830523 1.22952807 1.30470037 0.342908919 1.11473703 0.303467691
    0.354024351 1.16550243 -0.514602423 -0.0485765338 0.262518346
    -0.602328777 -0.234274089 -0.37410748 0.924183071 0.627135515
    0.0763329864 1.06340289 0.953441203 -0.542207122 -0.590121627
    1.48195672 0.861084104 1.48541498 -0.824573815 1.27034295 1.17481828
    1.65269399 1.4026866 1.04070294 0.688353777 0.947917998 1.52404785
    -0.706400394 0.558109999 -0.553988874 0.511817455 -0.190347075
    -0.413572013 1.47568095 -0.706550896 1.00101948 1.24431062
    -0.507096529 0.580070257 1.36787593 0.542765319 0.415142417
    1.55707049 -0.271767497 -0.376546949 -0.547459841 1.66524386
    -0.0396584868 0.838709652 0.720646322 -0.240179539 1.47934771
    1.52752554 0.862286389 0.617069602 1.29427266 1.17106116 1.6124804
    0.66963923 -0.324285686 1.1520021 1.35482562 -0.192493796
    -0.152469933 1.2687273 -0.217945218 1.59948397 1.18053067 1.55748343
    -0.122379541 1.03958893 1.21354079 1.08678293 0.750637889
    0.0391412377 -0.426797956 1.49826527 0.733302712 1.70575523
    0.758451879 1.70299065 1.50202131 1.40275764 -0.721488714
    -0.0705195665 0.851179779 1.26821315 -0.328736216 1.13192856
    0.156708777 1.32780814 0.767611027 1.67390001 1.16804612 0.683252394
    0.318180859 -0.0847854018 1.50565553 0.184704125 1.28424025
    0.11204046 1.37388778 0.594965935 1.4855125 -0.180264115
    -0.688005626 0.954529285 -0.52689147 -0.332618684 0.363366365
    1.35806954 1.67440796 -0.491883457 -0.727840722 0.552133322
    0.390733838 1.01882362 0.749484003 0.769450366 -0.168659508
    -0.186348379 -0.248346776 0.938060999 -0.329949349 0.459176242
    0.0414497852 1.29670548 1.06285763 -0.149693131 -0.17596519
    1.57431221 1.50590587 0.0729135275 -0.196110904 -0.639102101
    -0.429658473 0.926150978 0.422951043 1.65114117 1.31291938
    -0.276205778 -0.463605762 1.08846366 0.315998554 -0.147193611
    -0.666260839 0.462614834 -0.0197376013 1.17091823 0.407324553
    0.949193835 0.927662492 0.00863838196 1.05775762 0.654420018
    -0.493911564 0.770325601 0.65770489 0.302297831 0.224607587
    1.13325858 0.727843761 0.892997026 0.187400222 0.24167794
    0.981112003 0.208016336 -0.352512062 1.35142303 1.56535697
    0.865924001 1.14968097 -0.011585772 0.0628920794 0.191946328
    0.381167829 -0.289709985 1.2674489 0.650938928 -0.221433878
    0.960627854 0.650659978 0.570796251 0.913672209 -0.317711174
    0.99399519 0.815198362 0.0977227688 -0.158883035 1.53498185
    0.859863579 -0.169878006 1.05650091 1.20172143 0.639928341
    -0.675454021 0.170597434 -0.125016093 0.0887601972 1.49609816
    0.0891590118 -0.737896979 -0.448360234 0.192541242 -0.519795775
    0.68658793 1.69238472 -0.344320863 0.869431794 1.44534242 1.22142649
    -0.71977669 0.436671853 1.10271943 0.635239065 -0.713537037
    1.24140167 0.38910085 1.18576574 -0.262557834 -0.731142402
    -0.693110287 1.76933479 0.120510101 0.545755684 -0.0124156475
    -0.511562228 1.06918025 0.311077774 -0.697383404 0.682804346
    0.0403072834 1.38952303 0.720571578 1.45065188 0.638448596
    -0.574471951 0.410481572 0.732297659 1.03010571 0.535362422
    0.242587268 -0.637069583 0.131520331 0.993893862 -0.0111685991
    -0.0209257007 1.06305718 1.68821609 -0.688285112 1.10094285
    1.18844151 0.340672791 0.47957468 1.49036455 0.252297938
    -0.331478953 -0.394328028 -0.440614909 0.445915759 1.16345322
    0.3644889 0.748075724 1.47695327 0.796476722 -0.627188027
    -0.573224187 1.13582611 -0.084197402 -0.191512078 0.0855984688
    0.410262227 1.12463665 -0.275561929 1.07866812 0.38312608
    -0.588598251 0.677946866 0.373113692 -0.0693268776 -0.542006731
    0.150321782 -0.149536669 0.108537078 1.41375291 1.23815048
    -0.105118811 1.76504946 0.134805441 1.28491354 1.64355206 1.14449644
    -0.437935442 0.535933435 0.828434289 0.980462193 1.32962489
    0.88454324 0.299431443 -0.179806709 1.55130768 -0.719233334
    1.46585214 1.04754972 1.28756809 1.14230037 0.109374642 0.806932151
    0.557994545 -0.49602896 0.857014596 0.257838249 1.55815077
    -0.734636545 -0.0558455586 0.492173135 0.133438349 1.65603352
    -0.0982729197 0.845936 0.73828423 1.53226948 0.106587172 0.714779735
    -0.322887927 -0.415685326 -0.373356402 1.46372366 1.13246751
    -0.0689412951 1.19086492 0.975685 0.537922621 1.7066642 -0.600512862
    1.15605903 0.107525945 -0.457503617 0.754712939 -0.526286423
    1.78960979 0.746924102 0.15344286 1.02798319 0.44078809 -0.207347035
    0.392726898 1.65499079 0.983430803 -0.249452785 -0.473405033
    -0.353294253 0.689964175 0.859395266 -0.292772233 0.652670503
    -0.523615241 -0.137149215 0.602953196 -0.0689068437 0.689545989
    0.237629712 -0.599275708 1.02898693 -0.358969361 0.517902732
    -0.336470902 0.00429815054 0.322200298 0.371604383 0.456599355
    -0.331417918 0.98277241 0.587490678 -0.666594028 0.456695437
    0.97479099 1.45440745 1.40753698 -0.605033398 -0.226921946
    0.319291949 0.926423311 1.28283048 -0.121882796 1.58632028
    0.875260055 -0.732702971 -0.261447132 -0.0330144167 1.34072828
    0.127939045 -0.346922934 0.725316584 0.600329995 1.33075976
    0.31671685 1.18440163 1.25172126 0.592796564 -0.125156939
    0.857070029 0.745349824 0.224077404 -0.556338549 0.346943557
    -0.00515127182 1.0845561 0.484288156 1.18902862 1.41312361
    1.37763214 1.131881 -0.68434 1.43043339 1.01931286 -0.288740933
    0.52404213 0.0283511877 -0.0263059735 1.39827776 0.624290764
    0.453909636 -0.627886295 -0.59102416 -0.437464446 1.44181752
    0.750931144 -0.226301074 -0.105162323 -0.285656035 -0.124075294
    -0.345130533 -0.67924726 1.68555796 1.28203273 1.65114689
    -0.161975682 -0.483475387 0.737648606 0.710898936 -0.238990217
    -0.0158239603 1.06731844 -0.396382213 -0.520500541 -0.798792839
    0.476702809 -0.771104574 1.50487185 1.59789705 0.281119406
    1.60031223 0.499529004 0.0648998618 1.06979442 0.886886239
    0.505414486 -0.131173849 1.42592382 0.767965734 0.0874864459
    -0.697910726 0.198913336 0.208687186 0.0847271085 1.76281011
    0.95973593 -0.269738585 -0.108975708 -0.442009389 0.49431318
    1.08486962 0.14621079 0.537241936 0.798934877 1.20371413 1.04032946
    0.584926903 1.3925662 1.43424535 1.76326561 0.320229828 0.529263258
    0.752297401 -0.141726971 0.814521432 1.33097053 1.08411467
    -0.757190764 0.482027054 -0.535666227 -0.202224731 1.10023212
    0.8567608 0.784044087 0.850172818 0.0564758182 1.69396353
    -0.422680259 1.15434873 -0.538741171 1.04725146 1.72467279
    -0.735126913 1.27189326 0.68392837 0.365562916 0.652184725
    1.51636124 -0.605702519 1.00787449 0.230743289 0.256308675
    1.48640633 0.498545706 1.73043752 1.66265464 0.913531959 0.465224624
    0.529240489 1.2235533 0.331624329 0.498812377 1.11809325 0.548544049
    1.30327237 1.77702129 -0.301876575 0.286115885 0.880041063
    0.342333257 1.04599023 -0.362999558 0.648081541 -0.470621288
    0.384582222 -0.300998658 0.195931256 -0.449771166 1.50820494
    0.155415773 1.59551764 1.22785282 -0.565762997 0.384805322
    1.29425263 -0.118720591 1.47723055 1.1796546 0.807162464 0.933099329
    0.326488853 1.74239123 0.0201426744 0.546911776 1.00228715
    0.146476388 0.760525286 0.977399886 0.533384442 0.651761889
    0.505098283 0.522123992 -0.315124393 0.165948153 1.51267147
    1.23802686 0.735860705 0.445154607 0.13248539 -0.611027002
    -0.0623676181 0.972588301 1.07304358 -0.00616300106 0.122466862
    0.171426058 1.08844924 0.266403079 -0.475855321 -0.24570033
    0.614612818 -0.692298651 -0.385443807 0.89829421 1.81676626
    -0.293349594 0.152291119 0.133035898 -0.604866683 0.00122559071
    -0.107120574 1.1803751 1.41637421 -0.0188368559 0.160988152
    -0.570075095 -0.067558229 0.854021609 1.64849532 1.74698877
    0.0816450715 1.36423588 -0.120421499 0.56813705 -0.0305292606
    1.45131516 0.882731199 0.338464618 0.118675888 1.57800961 1.27113056
    0.200286746 1.63727081 -0.134067595 1.20504713 0.0790137649
    1.43337774 -0.22204113 1.52455878 1.52514195 1.39738679 1.26991296
    0.818257928 -0.417690575 0.407062054 -0.302170575 0.0331956148
    0.337846339 1.23926473 1.25374579 0.403727472 0.810979962 1.54892135
    0.768683255 1.3393712 -0.135878563 -0.162677646 0.253711462
    0.35300535 1.15194309 1.4014951 0.977520108 1.17848325 1.68527269
    1.29316163 0.247864366 0.692597747 0.86900121 0.155164421
    -0.240702152 0.298525214 1.11543846 0.3382321 -0.673256278
    0.106695414 0.733235776 -0.605321169 -0.0879968405 1.81059337
    -0.681747437 -0.228960335 0.674409389 0.88817364 1.64350891
    -0.0435325503 1.0099653 0.506284893 0.324975431 -0.453489184
    1.55481243 0.77457571 1.44675183 -0.693264127 -0.547366738
    0.14456892 0.518639028 0.273483694 1.17915034 0.448289692
    0.120995641 -0.138416409 -0.00766432285 1.43282509 1.50287819
    1.5937252 1.58506107 -0.16143018 0.243182182 -0.598196387
    0.823540032 -0.163370073 0.678115845 0.101724684 -0.381224334
    0.606775701 0.846917927 0.704040766 0.534101069 1.6586318
    0.356954217 1.61267269 1.57894611 1.15920615 1.24013734 1.53970027
    -0.363477647 1.49994731 0.91254735 1.63781703 -0.123592615
    1.00502419 -0.687555671 0.652052283 1.33076811 0.0679372549
    -0.284802437 1.07207036 -0.56242311 0.189228654 -0.712624907
    1.77297282 -0.567317724 -0.420772403 1.50634658 0.22296679
    1.11982083 -0.366390228 0.142823458 -0.281524628 1.66169262
    1.35745168 0.694151223 0.161646187 -0.653077364 -0.438048273
    0.222630143 -0.618580878 1.27061486 0.740943432 1.40172243
    1.03316689 -0.489400506 1.3858875 0.903977394 1.56678832 0.953832567
    0.0921484232 -0.748022616 1.1668129 1.68758166 1.21395874
    0.0398951173 1.17481303 0.0817687511 0.871669114 0.0109522939
    0.0784665346 1.22633934 0.181417286 0.981532812 -0.498985887
    0.811395824 -0.342503399 -0.254478604 0.736549079 0.19058013
    1.64925981 1.68296981 0.0404645205 -0.106735051 0.35330534
    0.119014323 1.64586282 1.23334098 -0.111555338 1.70955157 1.7255106
    0.96893549 0.812828898 -0.40260613 -0.612596691 -0.258475542
    -0.0746210217 -0.283790469 0.535485744 1.56413484 -0.076728344
    1.62407458 1.67642832 0.708094954 1.54510546 0.693836749
    -0.456649393 1.27626324 0.251927972 -0.336757749 0.0614708662
    0.327083349 0.128912091 1.19545221 0.814631402 0.894938827 1.0774852
    0.505039215 0.0562881827 0.940879226 1.2190975 -0.666104496
    -0.540205598 0.350177884 0.828041315 0.244531155 0.414707124
    0.786195874 -0.750202417 0.217679441 1.40900731 -0.498407811
    -0.505864859 -0.751811266 -0.121924758 0.0688361526 -0.416799396
    1.49128747 1.12857366 0.0508549809 0.518874705 0.768541336
    1.09284735 0.05827564 1.17709255 0.62929517 1.76742816 0.562657356
    0.683995187 1.38766623 1.5254941 1.24936283 1.17192912 -0.589841545
    0.515625417 0.075989306 -0.361411601 1.53421712 -0.156332314
    -0.119656146 -0.230039418 0.439323723 0.962192714 -0.280478716
    -0.447340518 -0.0718399286 1.26885796 0.0550749302 0.622348845
    0.298696637 0.300314844 0.400206804 0.269425035 1.96380138
    0.76117748 1.30428314 1.37481451 1.70654917 -0.128164828
    -0.717284262 -0.25715965 1.64829564 -0.535134912 -0.531023204
    0.0488259792 0.263052762 -0.642885745 0.0348812342 1.19279909
    0.773043513 -0.243377328 0.418959022 0.542137206 -0.149941027
    1.66160583 0.927807868 0.226553798 -0.655467868 1.39877331
    -0.689619005 1.40513754 0.3731969 0.221039534 0.113743961 1.0410744
    1.49239469 -0.253516018 1.75736737 -0.448139697 -0.279103756
    0.721653521 1.45871782 0.116326749 0.190506816 0.497703671
    1.71273661 -0.62874645 0.333312452 0.196323931 0.0801081657
    -0.0673991442 0.20856005 1.62274933 1.75253725 -0.410923332
    0.283845365 0.61887151 -0.217820406 0.326331794 0.899461806
    1.60569799 1.52526999 -0.026894033 1.15935612 -0.142406285
    1.49565589 1.18150079 0.0549161434 0.879080892 -0.238228381
    1.27994323 1.10470331 0.581069708 1.38767743 1.03974938 0.530344963
    -0.545342982 1.75880563 0.100342095 -0.114822328 0.444544375
    -0.581308126 0.116963327 -0.588326454 0.829002976 -0.0361008048
    1.12557912 1.66611385 -0.631350756 0.521093667 0.239573359
    0.743884444 1.74032044 -0.322729856 0.0454907417 0.15708375
    0.298714042 0.241867483 0.175001979 -0.601915777 0.238864601
    -0.462072313 0.881656826 1.59669983 1.62302697 -0.0206277966
    0.167164445 -0.014405489 1.30354118 0.604879856 -0.51660347
    0.62822336 1.59326947 1.34136677 0.215619862 1.01683593 -0.454133391
    -0.435287565 1.68486762 -0.375812829 0.635257006 1.69393969
    0.567862034 -0.00160104036 0.867065787 1.63412142 -0.536114931
    0.168235302 0.423965394 0.523940384 -0.754998028 0.462462783
    1.16313314 0.523787916 0.686805725 1.64633918 1.21324921 0.833733857
    -0.546196938 -0.716206074 -0.586610854 0.686503828 -0.196635127
    -0.202861488 0.954104304 0.0530566573 1.56242514 -0.689218462
    -0.631192744 0.764046192 1.66890717 0.4779374 -0.645802617
    1.27589381 -0.252259135 1.67470169 1.4595387 0.170297086 0.760607898
    0.00448924303 1.36657119 -0.462976068 0.617567301 -0.597745657
    0.92943126 -0.569419086 0.876078486 -0.185798466 0.948875666
    0.369786978 0.0809489489 -0.310908377 0.668859839 1.41017962
    0.798639536 0.283001781 0.069599092 -0.782328963 0.853239
    -0.618871212 0.801991701 1.25650489 -0.324594617 0.248011529
    0.488371134 -0.417421222 -0.539007246 1.24432683 0.834349036
    -0.56736207 -0.0574552417 0.853807151 0.621753275 0.313913822
    -0.515819848 -0.460348427 -0.47476238 1.45635366 1.03754783
    0.894625545 0.0230852365 1.41062331 -0.237725437 -0.262200832
    0.722325563 0.631262064 -0.288392484 1.10915148 -0.696443081
    0.921808064 0.639591038 -0.0880780816 0.608050048 1.70022357
    0.275960624 -0.156392872 -0.342432797 1.59534657 1.62880063
    1.28742385 1.15952492 -0.640738249 -0.288618028 0.935236037
    -0.266567975 0.191141725 0.908786237 -0.601759136 0.110521495
    -0.0437752008 -0.443490505 -0.357937694 1.10689139 -0.0212453008
    -0.0468467474 1.5466578 -0.0803082585 0.01733464 0.301792741
    0.721063793 0.293037057 -0.592538059 0.800115347 0.786296129
    1.47987127 -0.359283745 0.992288351 1.05168152 1.35537314 1.66458011
    0.575771391 -0.59769702 0.0909894705 1.09345078 1.68919766
    0.651668608 1.77905464 0.0362712741 0.335717827 -0.00926008821
    0.503119946 0.398121595 0.409072459 -0.499789268 0.905085862
    1.29905975 0.348859549 1.51155066 1.66459143 -0.370935827 1.15050721
    0.618014157 -0.380337775 1.33539891 1.58557868 0.185570598
    1.68537641 0.0926771164 0.023678422 0.0551496148 1.43385053
    0.246346295 1.32612348 1.05657434 0.381822169 0.434083998 1.34214044
    0.247953475 0.325540006 0.569924355 -0.108217716 1.46284366
    -0.343534529 -0.0590394139 0.670072138 0.163686037 -0.0910418034
    1.49452364 1.40105176 0.918811798 -0.3836357 0.00820654631
    1.25468087 0.567783475 0.634145081 0.140280306 0.940849423
    -0.676233828 -0.334719479 -0.228522211 0.305882156 0.768801808
    1.35827756 -0.00332814455 1.29139686 0.920818567 0.710906863
    -0.732786298 1.49218369 0.764442563 -0.183183908 -0.676518261
    -0.591275871 0.647652864 0.765162647 0.794566095 0.394330263
    -0.612009883 1.52232313 -0.272952944 0.0413472652 -0.699616611
    0.78491801 -0.113750696 0.783860862 1.05759239 -0.12379241
    -0.271676958 1.47129345 0.18420893 1.25946116 1.65046072 0.488842547
    0.203521192 0.80765599 1.62931025 -0.523421764 0.585429609
    1.32140505 0.627463102 1.75759971 0.00942528248 1.24780345
    0.873012483 0.38274312 0.312767267 -0.516350865 0.974981427
    -0.770047903 0.167817712 1.30027175 -0.710430324 -0.703319371
    0.452983081 -0.590833068 0.495324671 0.658602059 0.694176316
    1.23409235 0.841292441 1.04962385 0.417757273 -0.0218347311
    1.75783968 1.57028437 0.00796037912 0.663292289 -0.329845905
    1.2773459 -0.0281316042 1.18845809 -0.646585703 0.770427287
    0.0207900405 0.0698318481 1.25946212 0.164241612 0.818964899
    1.25539756 1.41052842 0.529189348 0.408637643 1.7418493 1.33714652
    0.535601854 0.284536839 0.804264247 1.72433448 0.155511439
    1.24293303 0.668871641 -0.369968146 -0.353134274 1.70384502
    0.739553571 -0.0927339792 1.22114539 1.51723754 0.196204185
    0.546651423 -0.306755215 0.994501412 -0.232164025 -0.608029008
    1.06021309 -0.42185843 1.30056 1.04911971 1.59096432 -0.102247596
    1.42286158 0.0121784806 0.894605219 0.323490739 1.19862795
    -0.576120377 0.620347142 1.45298982 1.48872638 0.625601113
    -0.52929014 0.935680687 -0.756750405 1.7079252 0.932705104
    0.44636929 1.37678838 -0.6217134 -0.0281541348 0.282866061
    -0.192552656 -0.0500097871 -0.383468002 0.839219451 0.709677517
    0.898194969 1.63290393 -0.357498169 -0.197997421 0.755280793
    1.63658595 0.576900601 0.188441038 -0.00161278248 1.42360282
    0.692976475 1.48750901 -0.206337571 1.15819311 -0.342950523
    0.906037807 -0.523281097 1.28387249 0.0524052978 1.20525861
    0.896206439 1.18232095 1.22255778 0.321884155 1.27560353 1.42531157
    0.0889636874 -0.0328758359 1.1231631 1.05442762 0.932581127
    1.43947887 0.741438568 1.40833807 0.782635033 -0.117499948
    0.265099585 -0.640546799 1.20823312 -0.480011761 1.5089246
    0.964563012 1.67077827 -0.49438715 -0.382120699 -0.448265672
    0.525128841 1.40723157 0.739155233 1.56496453 -0.417205513 1.2561779
    0.430988669 -0.267657042 -0.647331595 0.173989952 1.29276013
    -0.237724423 0.957373738 1.39032888 -0.68740207 1.53771579
    0.0902291536 1.08187604 0.610252202 -0.403063387 0.206170976
    -0.230534762 -0.458088726 0.37607488 1.6180048 1.84756851
    0.0759313703 0.876871467 0.205263078 1.5162766 1.33898664 1.13647318
    -0.322384238 0.57961905 0.0179914832 0.326093614 0.207113743
    1.75454092 -0.370341629 0.834078789 0.257568836 0.660395861
    -0.166628897 1.23317397 -0.230518222 0.0163389444 0.571253479
    -0.2560637 0.403971851 0.835940361 0.936477482 -0.294734687
    0.0251043439 -0.376132697 -0.407040983 -0.244856238 -0.597320437
    -0.358895957 1.3753978 0.749595344 1.32528138 0.166763067
    0.433837414 -0.504028976 1.53041172 0.150887609 0.364180803
    -0.447438359 0.302803814 -0.0317077637 0.643881679 -0.221787244
    0.608426929 0.979513168 1.5965786 0.403055847 0.791971087
    0.183293819 0.0666627884 1.6478951 -0.370253503 -0.177586854
    1.13837099 1.42185736 -0.601463974 1.03042328 1.4563489 -0.694006622
    0.810929716 0.0341895223 0.447615206 -0.44508487 0.400223792
    1.588431 0.211260259 1.12639737 0.828696489 -0.378240228 1.14200854
    0.874272108 1.54333591 -0.656109869 -0.681055784 1.47098553
    1.14256346 -0.52149266 0.88547653 -0.396573603 1.46093917
    -0.741653383 1.37821352 -0.637636483 -0.244678766 1.67137158
    -0.564597547 0.690636516 0.161506355 -0.6490165 0.156638503
    0.865401268 -0.141426861 1.63015449 1.17315519 0.78475368
    -0.798174918 0.702642798 0.791428387 0.986114919 -0.289169043
    1.42245388 -0.590057611 1.34928799 -0.701824784 1.68598032
    0.453263819 0.525336146 -0.601269603 1.2237711 0.661291301
    -0.469975114 0.666065276 -0.473192126 -0.509269714 0.438399553
    -0.502563357 0.0752167106 0.627737701 0.166333795 1.23208976
    0.14697814 0.568806589 1.64406407 0.853150308 0.00180459023
    -0.361145109 -0.379862696 -0.140969992 0.087287724 -0.352958143
    0.00970202684 0.194000304 0.96807301 1.28581071 0.703172326
    0.618595481 0.0279727578 1.67469776 1.69037485 0.378196776
    0.812157571 0.898740172 0.235765278 -0.217561126 1.74605882
    0.546345711 0.666209042 1.46789169 0.242984653 0.964968145
    -0.188074648 0.812831819 0.961445451 0.629772604 0.208860517
    -0.321257591 1.38681841 0.477560401 0.809140801 0.965197742
    1.71247363 0.0859491229 0.108490527 0.17985785 0.764990032
    -0.262255937 0.162494719 1.38714075 -0.368520617 1.75839949
    1.40958667 1.61917686 1.3049953 0.164797843 1.58609116 0.856682837
    0.752529144 0.284775794 1.35375237 0.197666824 -0.493991017
    0.214216352 -0.630539596 0.446544528 -0.147313744 0.827711403
    -0.34504047 1.70959806 -0.0574377775 -0.016307354 -0.627244592
    1.05952191 1.11928678 0.0396243334 1.39234543 0.981746316 1.61983013
    0.402147412 -0.719098687 -0.548462331 -0.553045154 0.460708618
    0.823955178 -0.0330831409 -0.75063622 1.51582575 -0.118459105
    -0.34451142 0.164770365 -0.55676043 0.556788743 -0.200340152
    -0.365950793 -0.265145302 -0.069418788 0.349002898 1.60042572
    1.73940563 -0.107531369 1.23968768 0.199706912 -0.149111152
    -0.514149189 -0.337434351 0.271779716 0.270650446 0.967344284
    1.6688292 1.0496521 1.4668622 -0.664056838 0.072371304 -0.150763512
    1.12868857 -0.568028569 0.880273998 0.71359998 0.891904712
    1.00906324 1.08282852 0.610989392 -0.364773512 -0.115493 0.752028108
    -0.628698409 1.4092716 -0.0854587555 1.47396171 1.32067704
    1.24268103 -0.294556051 -0.224246711 -0.536808431 1.40642214
    -0.673534036 0.0808303356 1.43077862 1.38883305 0.419723034
    -0.00717842579 0.808232665 0.560575068 0.363601446 0.0477639437
    0.528626859 -0.175153434 1.23332334 0.924260497 0.538663089
    0.159742951 0.401160717 0.702691197 0.542993605 -0.0184003711
    0.568831146 1.08228898 0.0778621435 -0.604354858 1.11266088
    -0.574895144 1.39286017 0.908843458 0.739827573 0.471155226
    0.302621305 0.465872109 0.21188581 0.0164822936 0.0480290055
    -0.450515866 0.395824254 0.487286806 0.733666182 0.231317043
    0.693585038 -0.681327462 1.78825915 1.12399602 0.557869256
    -0.143116713 0.0355043411 0.628478706 0.731482744 1.49494481
    -0.700745046 1.20002723 1.34274936 -0.124738336 0.128778696
    -0.073697269 0.318764865 0.735537767 -0.093085289 0.607852817
    1.33033013 0.477469385 0.313180983 0.600738764 -0.630880773
    0.497780144 1.51185894 -0.38856557 -0.564989448 0.854854107
    1.66330361 -0.774134636 1.31718874 0.0810806155 0.981129348
    0.181630492 1.64071083 0.0889523625 -0.460554421 0.91217804
    1.4578445 1.70690417 1.33662903 -0.652792215 -0.338540107
    -0.384319693 -0.255624294 1.6634537 0.0994846225 -0.338426024
    -0.697820604 0.258810103 1.4171443 0.089451015 1.36026096 1.64345551
    0.170551538 1.12165582 1.37571371 0.0766468048 0.565630913
    1.12055731 -0.0334433913 1.6988759 -0.711436212 0.29021585
    0.339553475 1.24102211 1.24225748 0.535322547 1.20819628 0.263573468
    0.876032233 1.02484369 -0.55798018 0.257183671 -0.424529344
    1.68683219 0.983360112 -0.672690809 0.877930284 0.867237628
    1.5364182 -0.814574897 -0.779842913 1.02658939 0.861708283 1.4893893
    0.248876512 -0.599411011 -0.040148437 0.0771057606 -0.169927239
    -0.695007682 1.75815272 1.74495435 -0.626154065 -0.64063406
    0.673035264 1.69029093 -0.0989592075 0.183927 0.328548789
    0.291220486 0.645511389 0.0776031017 -0.449644119 0.132838666
    1.39955664 -0.341427594 1.26412106 0.784898102 0.452146709
    -0.217591703 0.582597911 0.810156286 1.39655566 -0.427575797
    -0.579975128 -0.297705054 0.341032624 0.641577423 -0.177692711
    -0.547667146 -0.0694118738 0.0603763461 -0.397936165 -0.677297115
    -0.664058805 0.214830935 -0.297320217 0.451409459 -0.169421375
    -0.447379559 0.519854188 0.731767297 -0.346253365 1.4686693
    0.596706867 0.659694016 0.220676601 -0.640354991 0.299529314
    1.87027955 0.160436392 0.4671731 0.969286501 -0.259604067
    0.209377289 1.2735908 0.650044084 0.108178794 0.0525253415
    1.17753029 0.112649739 0.0557236671 0.646443248 1.11821401
    0.892934382 1.35288012 -0.631349862 0.925750732 0.756051779
    -0.473917067 0.148905396 0.0522688627 -0.187428892 -0.011496067
    -0.074142158 1.62839675 1.16287029 0.0280097127 -0.419004917
    0.111789405 1.08203363 1.41997576 0.617822409 0.0178054571
    0.220166206 1.17586112 0.68095994 1.40453959 -0.0343809128
    -0.65518266 0.0706103444 1.8288269 0.939036667 1.44393837
    -0.0801941752 0.554988444 -0.31635341 0.127823353 0.326726735
    0.809386432 1.29688525 -0.164138973 1.14250565 0.602140963
    1.68707788 1.49666977 -0.0523891449 -0.0792684555 0.301229954
    -0.0276129246 0.342700779 -0.446318805 -0.191645324 0.365024924
    -0.487048626 1.48193789 0.876301706 1.32240093 -0.0117541552
    0.937035084 -0.364268064 0.84658134 -0.109065294 1.3022964
    -0.816083252 0.225790024 0.0450773239 1.56815195 -0.47487089
    -0.325363189 0.69241786 1.64397633 1.0347929 0.164379597
    -0.355653197 1.75098586 0.65140456 -0.320461631 -0.585737407
    0.23178345 0.157627285 0.971935928 0.706514776 -0.171892047
    -0.508548498 0.700376451 1.53679395 0.411796987 1.55857658
    1.43966103 -0.407865316 0.745065689 1.41403747 1.13897693
    -0.574470043 -0.365671635 -0.0516284108 0.377889752 0.18781811
    1.5530231 -0.572870672 1.27930975 1.64537001 0.000332117081
    -0.304772824 0.296011746 0.903811038 1.76792824 -0.394785374
    -0.476244986 1.59221601 -0.127463758 0.00463110209 0.152231872
    1.15732872 0.800654769 0.544959307 -0.327932 1.79095912 -0.463636518
    0.217492461 1.67884541 0.783753574 -0.483320117 1.51867676
    1.47373915 0.896987677 0.0658089519 0.874608397 0.0321087837
    1.47644448 1.22944665 0.868830442 1.53842926 -0.346952468
    -0.0303638577 -0.101167858 1.66030526 -0.503519773 -0.38177523
    -0.540641606 0.947880149 1.30286777 -0.741158962 0.296679437
    -0.0651980042 0.369511902 0.444090486 1.62199163 1.34077775
    0.011395812 1.53399718 1.20677137 1.74022555 1.34350908 0.348248184
    0.609903634 1.0952034 -0.340591103 0.0642587543 1.67290616
    0.516209424 -0.72084254 1.11900711 0.875525415 0.225139439
    0.631734908 -0.400515288 -0.305060744 0.396255612 1.0487051
    -0.458608627 0.852093875 1.42751396 -0.584864557 -0.707977355
    1.6886481 1.35091114 -0.587074995 1.66706061 -0.00511699915
    -0.514448285 -0.2436409 1.64335203 0.632510841 1.07752919
    0.902014315 1.46420503 1.15783978 0.28474617 1.16021991 1.55239081
    0.974219918 -0.0817557573 0.987790108 1.73372638 0.0228390098
    1.6286298 -0.131313384 -0.396668881 1.51215494 -0.305835009
    0.979606807 0.238386452 -0.00423598289 0.952277839 0.189504445
    -0.126579225 -0.566548347 0.12758106 1.63702893 -0.198406279
    1.12732291 0.868956625 0.483392477 0.748901606 -0.595840096
    1.67739868 0.853791177 -0.309474081 1.63468063 -0.231007278
    1.73352098 -0.416716546 1.4893235 0.507059097 1.67917311 0.159174144
    0.0890538692 0.0994495749 0.280429184 1.57919991 1.31827772
    0.278116703 -0.440642059 -0.542342424 0.272534072 0.0428013206
    -0.420643717 0.648600936 1.35116518 -0.13984704 1.22298849
    -0.160445511 -0.208910108 -0.20054093 1.21962094 0.0753864646
    -0.476692736 1.09122658 1.13008356 0.240392447 1.54563284
    0.767128468 -0.572790265 1.44974589 0.642433882 0.633496046
    1.49541771 1.53744936 -0.665628314 0.958509684 0.996433973
    0.430449247 -0.432824224 -0.0169188976 1.16817498 1.28458476
    0.947746396 1.57574081 1.60927439 -0.741085231 1.40837026 1.79933071
    0.264118195 -0.440095037 -0.280347496 1.31770611 1.09915125
    0.7204054 0.121048689 -0.627160311 1.45477104 0.376695752
    -0.246764272 0.771716654 0.562339365 0.488565147 1.24663627
    0.370744109 -0.586452842 0.402940929 0.200696945 0.652928293
    -0.529786825 0.567157269 0.606633961 -0.142023146 1.39494562
    0.659787476 0.967608273 0.499780774 1.55738616 1.0407505 0.542810082
    0.0280450583 0.718738079 1.15569353 -0.514883041 0.727286696
    1.85246396 -0.459953547 -0.387186438 0.261566013 0.452111632
    0.16809389 1.01145661 -0.186607152 0.649764061 1.55563807
    0.298068881 -0.460070163 1.19976139 1.64346457 0.44928354
    0.640420198 0.0237879753 0.100076675 -0.551307797 -0.566368163
    0.396638036 -0.599141598 -0.355289102 0.726601005 -0.639871061
    0.951809704 -0.100998104 1.03708673 1.31177688 1.29747784
    -0.480046481 -0.339402288 1.74752545 1.0881803 1.4942224
    -0.703856051 0.138929904 0.729874671 1.57723093 1.65459847
    -0.0461970568 -0.322417468 -0.00746637583 0.88233906 -0.486392856
    0.0638564825 0.436168671 1.52006006 0.265045404 -0.342865855
    1.35445213 1.14403582 -0.120535254 1.67986012 -0.381830692
    -0.62818265 1.35342813 0.319414437 -0.0276557207 -0.208331525
    0.408731997 0.112850904 -0.128141463 -0.0762041807 -0.285836965
    0.692718685 0.504521072 0.40558064 -0.418548226 -0.45497635
    0.749779522 -0.665522218 1.20260012 0.426343203 0.978934467
    0.518440008 0.966017663 0.87597084 -0.157224238 0.385631144
    0.17419821 0.983078182 1.53094363 1.52344036 -0.312006235 1.33026433
    1.52330732 -0.533776522 0.903669596 -0.32071045 1.58765292
    1.47730911 0.452697515 1.49570358 0.98166579 -0.0132158399
    0.0914639235 -0.725723684 -0.677107155 0.16168493 1.00519633
    -0.509037018 1.00568068 0.453268468 -0.773601949 1.21264863
    -0.179526925 0.955910921 0.914377272 0.799560666 -0.604428172
    0.526228726 1.02354169 1.58981693 1.15480232 -0.0607175827
    1.08198774 -0.0539863706 1.12356734 -0.323117286 0.255718708
    0.850467145 1.51161718 1.52800226 0.899227738 -0.414915383
    0.992744267 -0.000942409039 -0.240513563 0.747030497 0.362185955
    -0.146632135 1.24106324 1.64512277 1.0006783 0.190602124 1.05595827
    0.412387371 -0.595167041 1.01121891 -0.0080472827 0.189200878
    1.20012212 0.142331898 -0.442220837 -0.148215771 0.80117476
    -0.369533449 -0.327215374 -0.573819339 -0.447161466 0.0255443454
    1.21099067 1.30193138 1.23871231 0.589463174 -0.0323181748
    0.690837502 0.0739449263 0.667893589 1.46395278 1.26425469
    1.09101129 -0.632313132 1.62086344 0.863840044 -0.160943568
    -0.196114004 0.593946338 0.659036994 -0.553325355 1.08975303
    1.45499599 -0.561117947 0.5361045 1.42857313 1.01631212 0.25275737
    -0.0362821221 1.42030287 0.465477765 1.59615493 0.770086825
    0.599290907 0.917027116 1.31624651 0.543953598 -0.64893496
    -0.205917269 1.25426602 0.983554959 1.24145031 1.14713478
    -0.18521291 0.562993944 1.50354838 -0.573054194 -0.648142397
    0.81823796 0.593705416 0.0731411576 1.15550947 1.0168519 1.57190943
    1.31360531 0.483387232 -0.359538615 0.26241076 1.27098179 1.37593913
    0.711223602 -0.208305299 0.34601754 0.68394649 0.692882061
    -0.459595382 -0.336552948 1.50094295 0.415375352 -0.0062893033
    1.74076557 0.0918822289 1.13486886 0.773263335 0.913990915
    0.255943656 1.5235424 -0.504648924 1.48019552 0.537210643
    0.0998649597 1.0838213 1.18775463 0.646908939 -0.633120239
    0.988149345 0.935708821 -0.480492502 -0.645658672 0.349478781
    0.898944497 -0.0207027793 1.55854058 0.129455209 -0.352042198
    0.464335501 -0.173117995 -0.194632888 -0.0722512007 1.43391418
    0.870287299 0.152561367 -0.600712001 1.27044225 -0.649052322
    1.45561409 -0.609717131 1.76110864 -0.024969995 -0.225464702
    0.0424680412 1.77662218 -0.00726234913 0.979589581 0.976382852
    0.183150113 1.53620863 1.19414115 -0.0645587444 1.2427783 1.71255362
    0.484802604 -0.204736531 0.028249979 0.215834737 1.59230173
    -0.240725964 0.712342799 1.00607562 0.461990118 0.915575683
    1.30830193 1.67071772 1.32986367 0.395742595 1.50965238 0.896515667
    -0.0681032538 -0.711165726 0.57095021 0.189166605 0.62504679
    -0.746023655 0.970955431 1.24665987 1.12370372 -0.240514219
    -0.0801525116 1.55773616 0.907983422 -0.207688928 0.792177856
    1.13998628 0.920845985 1.33744872 -0.389418632 0.906433821
    0.976427197 0.491433322 1.20222473 1.79911184 -0.426677912
    -0.193279505 0.676965177 -0.722722471 0.543199778 1.1796515
    1.72626185 0.578872383 0.971236229 0.448734522 0.346715927
    -0.539554238 -0.41805017 -0.327490062 0.40483737 0.464669406 1.79828
    -0.00372421741 0.118191659 0.229924202 -0.344091326 0.276411772
    0.903701365 0.22468698 -0.567456782 1.15561616 -0.0376892686
    0.3553074 1.49678016 0.994651735 0.459646404 -0.255705237 1.64873159
    0.909142375 1.5892185 -0.0816819072 -0.135256112 0.619668424
    0.31279552 -0.275601715 1.75374222 -0.645141125 1.60318756
    1.44563735 -0.620704114 1.22884655 -0.412066072 1.34071922
    0.902512491 1.04706919 -0.297787607 -0.441483974 1.5450511
    -0.378543347 0.18000555 -0.718627453 1.22545028 -0.109166086
    1.46931756 -0.3233549 1.24550998 0.318740249 1.01897156 -0.584218502
    1.58487535 0.021062851 -0.0279641747 -0.212839484 -0.534887552
    1.37512207 0.827338576 1.63116193 1.57586586 -0.230220377 1.53611088
    1.08605337 -0.731371343 -0.550395012 -0.118201017 0.650516808
    -0.0155929327 -0.297391057 1.21876788 1.39826441 1.2952069
    0.675410867 -0.156245053 0.00438630581 -0.723827004 -0.116511166
    0.345613182 0.403818965 1.20602739 0.287379801 0.63359195
    0.599837065 1.09849405 0.260964394 0.505878747 0.806368947 0.7292943
    0.899456978 -0.152552843 -0.540275812 0.154068887 1.2716167
    -0.427810371 0.384423792 -0.101499915 1.26445818 0.109769166
    0.110090196 -0.24570778 0.264662325 0.821179152 -0.73301661
    1.28131986 1.12029862 0.25693202 0.731104732 1.02253211 0.939137816
    -0.783079743 1.62934148 1.70563996 0.0657679439 0.794794679
    0.844242454 -0.294585943 1.09579539 1.06504154 1.42351043
    -0.16074717 -0.213656157 -0.367581993 -0.0351907015 1.39248061
    1.47932839 0.507845879 -0.405663431 1.10389006 0.565222442
    -0.401489139 -0.376547247 1.49881101 0.251533926 0.128895998
    -0.520784914 1.28474903 0.254075646 0.678446531 0.773658931
    1.20665514 1.53709245 0.971622586 -0.19053328 0.610559225 1.14559984
    0.371396601 0.58471173 1.14163935 1.56703687 -0.712669492
    0.909723878 -0.0224302411 0.114341617 -0.638341904 0.349777281
    0.750942886 1.44307899 0.147218883 -0.228767008 -0.493153691
    0.402774334 -0.120648265 0.3566854 0.0760538578 -0.328144401
    1.62528253 -0.377273023 0.230285704 0.0585116148 0.752838612
    0.601809144 -0.450849444 0.585840464 1.45973206 -0.496790886
    -0.37786141 -0.112990201 1.08384633 0.819802761 1.35920477 1.1140902
    -0.743750513 0.114051282 1.70085239 -0.600424588 -0.449933261
    1.49712825 -0.683440447 -0.388347119 1.45395637 1.31029916
    -0.339194238 0.607900739 -0.121039093 1.12211728 0.974280179
    0.774732828 0.994399548 0.326418936 0.355058491 -0.10520339
    0.583469689 -0.259395123 0.330156147 0.0306397676 1.71186614
    1.32920575 -0.0988383889 -0.135506511 0.479357123 0.277328253
    1.52396345 1.39362061 -0.463736653 -0.537709773 1.47168255
    -0.419799715 1.24267936 0.299445629 0.112180293 -0.142897785
    -0.648838997 1.53870821 1.14268792 1.5457015 0.491874874
    -0.614040613 0.904504716 1.73520827 0.405807614 0.112590551
    0.343646944 -0.145270735 1.68163252 0.269890726 -0.436572611
    1.56429672 -0.66950655 -0.453454584 0.461490452 -0.0295964479
    -0.0563829541 -0.54114151 1.61942267 0.458284914 1.10132694
    0.370514691 -0.648002088 1.2549572 0.769056022 0.515794277
    0.355166256 -0.0881067514 1.51640797 0.239015341 0.518638253
    1.35816669 -0.167272091 -0.434215099 0.951845467 1.17101991
    0.646094978 -0.282416761 -0.597215652 1.42571497 -0.23016119
    1.6192466 0.789458096 -0.280254245 1.27599001 0.295295119
    0.784841001 1.57074904 0.371213436 0.361923754 -0.619870007
    -0.211542368 0.39950937 0.158569932 0.292203367 -0.500651002
    -0.615451932 0.00277543068 1.77516305 -0.349226654 1.21472108
    -0.437956333 1.51812196 -0.169085622 1.65378129 -0.283674598
    -0.269913495 -0.333660781 0.798008978 1.5826776 1.42821097
    1.32844174 0.972037077 0.602658689 1.28819633 0.743269026 1.26981235
    0.67062825 0.0882698894 -0.134396553 0.69175297 1.35235107
    0.940609932 -0.416167557 1.52469778 0.814540505 0.927359641
    0.419143498 0.335432053 1.39142537 -0.540267348 1.47777462
    1.42038155 -0.0810072422 -0.367719144 1.61309457 0.19730866
    -0.397457451 0.525682509 -0.0385634899 1.77994585 -0.331897676
    0.413885653 -0.45075351 1.54589999 0.479742587 0.192800999
    1.52394211 0.674618781 1.69951153 0.141002774 -0.0450879931
    0.0139399171 -0.518328011 1.60770297 0.815675139 0.997691214
    0.685248971 -0.195929468 0.00978267193 1.4663558 0.267925262
    -0.412572682 0.983230054 -0.600347996 -0.189524233 -0.0341281295
    0.934808731 0.870757043 0.791289806 1.30278158 0.545116544
    0.0480190516 0.990979552 -0.105976343 0.208917618 0.635323286
    0.750103116 1.01259911 1.32037055 -0.635333836 0.773244262
    -0.154522419 0.333827794 0.946691155 0.682961702 1.44966173
    1.57739067 0.911339939 0.736958742 0.0273295045 -0.0556758046
    -0.536920846 1.48242402 -0.465199023 0.256785691 -0.601944208
    1.46732163 -0.210860014 0.392947018 -0.221350044 0.5581128
    0.256248057 -0.473045856 1.6561147 -0.3638978 1.19904923
    -0.531358004 -0.387629658 0.286706448 0.65978235 1.12933481
    -0.786657631 1.2056185 -0.662803173 1.35767996 1.42819524
    0.388224959 0.263266146 -0.610681295 1.0063715 0.0682088733
    1.15012693 -0.425630599 -0.0559092164 1.37726188 1.54190516
    0.041224122 -0.47195971 0.327689171 0.947535813 1.56264353
    0.0226940513 -0.549653709 0.944525599 0.596500397 -0.682653964
    1.23223782 0.419464409 0.495745301 1.60195732 0.923963964 1.33607149
    -0.0239275098 0.911588073 -0.520456374 1.49064493 0.345034838
    0.178028762 1.26283455 0.256926358 1.63445473 1.57036781 1.51941013
    0.206461489 -0.707689703 1.26004386 1.33874393 1.15294158
    -0.126474202 1.42751265 1.74136472 -0.0597363412 -0.00728347898
    1.27300084 1.02057886 -0.539932907 0.525957167 0.74184823
    -0.568019092 1.36945319 0.370746017 -0.616588712 1.71302819
    -0.654626846 1.68328714 0.321620703 1.05883515 -0.1023435
    0.532290876 1.12114024 0.17686969 0.471766353 1.10858274
    -0.0944669247 0.380132914 0.283558309 1.35912049 -0.111222208
    1.17889631 -0.628164947 1.09715772 -0.00151348114 1.65614414
    1.63497651 -0.0686845183 0.703493714 0.617234945 1.3771528
    -0.668851256 -0.531498969 1.04137254 -0.631436765 -0.0237715244
    -0.483391106 -0.0774796605 1.15211689 0.142047167 0.457708359
    -0.0756649375 0.717420042 1.73572373 0.142979324 0.159586906
    1.19002652 -0.472289354 0.845061004 0.49134624 0.578296959
    0.620253265 1.40845823 -0.142908156 0.865248919 0.152923942
    1.16185427 0.529809177 1.25441766 0.647599697 -0.633378804
    1.15150809 0.29565227 0.957322001 1.53527427 1.7073828 0.103929937
    0.533936203 -0.170572221 1.15249872 0.513341665 -0.599763453
    -0.654907942 1.19319034 -0.315563738 1.29672647 -0.513605535
    0.0216321349 -0.316113293 1.24342513 0.984337449 0.16438055
    0.384404182 0.539680243 -0.113700032 -0.619490623 0.955737054
    1.28921342 -0.339278698 1.06882119 0.554945946 1.38867116
    -0.476626128 0.450425208 1.39694536 0.620333672 0.463280857
    -0.719673574 1.42483306 0.916754842 0.603738189 -0.485933065
    1.33301795 1.64311802 -0.105927289 -0.747805595 1.11020994
    1.03078282 0.345006645 -0.698611617 1.78687334 1.20168996
    -0.700764358 0.856904268 -0.0948844552 0.424994111 0.687898338
    -0.43993485 0.459656298 0.210354865 0.868389726 1.24690962
    1.17103386 0.573072851 0.759286404 0.977755666 -0.0662059784
    0.369378626 1.76501107 -0.211617947 -0.389745474 -0.434466362
    1.25785708 1.59162652 0.892170966 1.460114 1.6310159 -0.546066761
    -0.0262235999 1.68179131 0.793420792 0.266584933 0.817205191
    1.63153434 0.549401462 -0.25324595 -0.223462999 -0.685230732
    0.985029042 1.10580134 -0.105893373 -0.208509386 0.00909590721
    -0.578402579 1.28664875 0.14029932 -0.633729815 1.73945475
    0.583533406 1.38829112 0.478271723 0.851644158 0.208936393
    1.40727925 0.550411761 -0.473217726 -0.250390649 1.23036981
    1.22001076 -0.0414150953 0.330237985 -0.0368733406 0.663926482
    -0.274720192 1.35853505 0.304902136 -0.8362602 1.62059951
    0.0571087599 0.842377126 1.72603405 -0.511431217 0.584234416
    1.0203588 0.000221014023 0.379472136 1.13974667 -0.550032735
    0.872430801 -0.273619741 -0.54609549 1.24486852 -0.326878905
    -0.170835018 0.603478134 0.39527303 0.470013022 0.15898931
    0.161031246 -0.132813573 0.985253811 1.28016663 0.938855767
    -0.241590142 1.46692204 0.514394581 1.12136436 1.69111252
    -0.667848706 -0.67781806 -0.22014755 0.693359435 0.177276373
    0.525579453 0.495516181 0.564692736 1.0182569 -0.0660989881
    -0.101012886 -0.234079242 0.986073971 -0.0898528695 1.17579722
    0.103935421 -0.441918015 1.53347778 0.974189281 1.74861503
    -0.626677155 -0.578376174 -0.206813455 0.00176072121 0.485115647
    -0.377819419 -0.382589877 -0.0910024047 1.21727109 0.978608191
    1.28643668 -0.142781675 0.632176459 -0.125004768 1.19540381
    0.559571028 1.15955019 1.67171168 0.666056275 0.577224195
    -0.194988549 -0.258541733 -0.525196075 1.89232886 -0.157321543
    -0.445000082 0.473452151 -0.312650353 1.54832649 0.580453515
    -0.409960121 1.40121984 0.429929435 1.18475509 0.84191817
    0.293268561 -0.0871123075 -0.43506521 0.735121727 1.10686707
    0.142048955 0.232601166 0.863014102 1.17319787 1.06717515 1.43844974
    -0.285657406 0.767818213 -0.383194059 1.28236318 -0.429353029
    1.23934412 0.198081017 -0.0966496468 -0.278220952 1.49758005
    1.41336703 -0.355397791 1.52982116 0.0855429173 1.08027136
    1.67272019 0.672458351 -0.316510051 0.561713874 -0.446724653
    -0.391769886 -0.521239161 1.53039742 -0.289102286 0.000123739243
    1.33519268 -0.210196793 -0.316723645 0.670120358 1.58671403
    0.487476945 0.566762388 1.54387498 1.36763036 1.17410338 0.885425746
    -0.717495322 0.356876671 0.207647204 1.76220632 -0.365808517
    0.784849524 0.576409042 -0.34046647 0.249547064 0.085483551
    -0.742574334 -0.18376255 0.721434772 1.59982181 -0.5164693
    0.341370523 0.125079334 1.54279017 -0.0226728916 -0.107142985
    1.09398937 1.54379237 1.14557087 0.359017313 0.866506755
    -0.099417448 1.60179782 -0.196913034 0.699596763 -0.271273851
    -0.502856553 0.177541912 1.56753564 0.426309109 1.1400001
    0.285856307 0.437169611 -0.462044924 -0.590047836 1.15506709
    -0.743172824 0.762946069 1.54578853 -0.281261981 -0.445795
    -0.335835367 1.61926186 1.68357563 0.297298372 0.999822438
    0.257670403 0.28975296 1.500296 0.0367230177 1.29108703 -0.646322668
    -0.421614468 -0.626113415 1.31058872 0.203671634 1.28752983
    1.46101069 -0.272322446 0.543114483 0.562323093 1.50173616
    1.35997534 0.662425756 1.19948697 0.0797851682 0.647088051
    -0.679323673 0.99080646 -0.101845384 -0.532587647 0.0207622647
    0.526100695 1.08883715 1.27937293 -0.703493595 0.627932131
    0.952859223 0.990237534 0.179035425 0.104620099 1.35789096
    0.488954246 0.814054728 1.29877615 0.303568244 1.5449506 0.147717237
    1.60718846 1.07809615 0.585804701 0.517060399 -0.348363727
    1.08955789 0.847071052 -0.532936037 0.994653821 0.385747194
    -0.210378706 0.227484345 0.105972409 0.956310749 -0.0597167015
    1.37424815 -0.360579729 -0.0394320488 -0.408754647 -0.62401855
    0.487282515 -0.176355362 1.37697315 -0.043015182 -0.412267983
    1.10108972 -0.685385406 0.839878201 0.482630789 0.646163046
    1.07541203 0.688677669 0.794503629 0.763297677 0.780191064
    -0.0256567597 1.1910584 1.47916508 0.905641854 0.517711401
    0.157215714 1.3631742 1.65603828 0.546629012 0.115818381 0.498442948
    0.824054062 -0.568496406 0.850433171 0.0432211161 1.25702858
    -0.102593541 1.13104534 1.6439538 1.51133978 -0.604962111
    0.0464997292 0.998919904 -0.694322467 -0.0333856344 1.44488323
    0.784984589 0.43927151 1.01429176 0.821137905 0.813786864
    -0.213235021 0.331066906 0.610368311 1.08029199 0.015362978
    1.52979779 -0.235104799 -0.471581221 1.61189198 0.635501087
    0.540755689 0.345458329 0.697730958 0.208070159 0.872129679
    1.08205044 1.33157897 1.71197438 1.26450181 -0.345781535 0.964625955
    -0.563022971 0.284231663 -0.188280165 0.223228455 0.0892877579
    -0.58625406 1.21577787 -0.694818377 0.438554287 1.74850738
    1.28291035 0.508649945 0.040599227 0.166656494 1.3342284
    -0.575225472 0.13140887 1.91278362 0.44415921 0.774286032 1.6438483
    1.59984207 0.815734327 -0.048622489 -0.173444569 0.0392807722
    0.310371578 0.68724519 0.951272905 0.215482771 0.768274903
    -0.436947882 1.71519625 -0.306907058 -0.428793907 -0.273060977
    1.00379801 1.35304439 -0.232914984 -0.574185848 0.675070584
    1.27098382 -0.422970593 1.18221331 -0.817154408 1.6417762
    0.782046437 0.503516972 1.15764213 0.612473786 0.811080873
    1.52752161 -0.298515677 0.300029337 -0.10274297 -0.59002161
    -0.198832333 0.110426009 0.063288331 1.35712099 1.47855628
    0.65819335 -0.604798079 0.404838681 -0.520560503 -0.458059371
    0.320257485 0.955387235 1.3566643 1.23035002 0.729916096 0.469675124
    1.41050017 0.714140892 1.30119157 0.35405159 1.4209187 0.0165787935
    -0.471315086 -0.664380193 0.400987387 0.598163426 1.32546413
    1.7255162 0.71797204 0.256877124 0.354977846 1.01409233 0.432023108
    -0.584483325 0.377610803 1.25289106 0.725830495 0.782862246
    -0.619783819 0.387183189 0.338869572 0.747540891 1.55279064
    -0.391661197 1.16148353 1.39853239 0.22038728 -0.57357049
    -0.144762695 0.915635228 1.82063925 0.268899918 1.35263729
    -0.181077361 0.0951160789 1.38762403 0.344686568 1.11609435
    0.0275233984 -0.065749526 0.899011731 -0.124310732 1.43998456
    1.45697272 0.24168849 0.180135727 1.02799702 -0.38833186 0.66549015
    0.982296407 1.56802416 -0.209946811 0.76785183 0.532446921
    1.64576054 -0.0633559227 1.26610947 -0.515006125 1.59161973
    -0.750545025 0.481166959 1.07463574 -0.398850471 -0.655624688
    -0.544888377 -0.367533356 0.154896855 0.51943469 -0.211256325
    1.1527698 0.544598222 1.50001264 0.0335478187 -0.134756327
    0.0932465792 1.13390398 1.28223896 -0.327823788 1.63684058
    0.805946767 0.393899262 1.28015518 1.59247684 -0.307503343
    1.27196217 0.495651066 1.4083755 -0.347956091 -0.499169052
    -0.493805587 0.445944846 1.29603791 -0.631179929 1.67018819
    0.145630538 1.28776193 0.528039873 1.16544044 1.12746 0.170131385
    1.40033257 0.292353511 0.712189257 0.717070282 1.02860522
    0.907449543 1.09901428 1.11064029 0.106316328 0.648250163
    0.150321782 -0.427843094 0.550437808 1.01994681 1.43685472
    0.532756209 0.376983464 0.280946136 1.14102495 -0.114988923
    1.47395074 0.0808541179 0.00913107395 0.0126358271 1.16635895
    0.168698907 0.304552138 -0.32379359 -0.406691104 -0.437908322
    0.926955879 -0.213567793 0.560313582 1.56724083 0.898775041
    0.353266478 0.267651141 -0.125346661 1.06518638 0.374314249
    -0.308402181 -0.37055397 0.251078427 -0.0724824667 -0.0146089792
    -0.562444329 -0.320750326 1.54353356 -0.245028675 1.7267518
    0.00575113297 0.767324984 -0.0976334214 0.60626924 1.36712718
    -0.576775372 0.810557008 0.368665397 1.24215746 1.32164741
    1.45684004 0.915740788 1.59785056 0.580836177 1.28365064
    -0.140569687 -0.592097759 0.0490806699 -0.655567408 -0.138218522
    1.40562558 1.22088385 -0.540268302 -0.530079007 1.16010904
    1.59834051 -0.243728846 -0.446248949 1.73606992 0.795433581
    1.83711886 -0.19105047 -0.450524092 0.580519021 0.897163391
    -0.349072278 0.229740143 -0.26268366 0.546300948 -0.598026395
    -0.613301933 0.742619455 1.48004365 -0.765678942 1.07691443
    -0.452421367 0.791345 0.945542991 1.3392818 -0.0238316655
    -0.351081431 1.23834777 0.954240799 0.282808721 1.67872143
    -0.0928397775 1.56425405 -0.451473087 0.508405924 -0.26396054
    0.0421496034 1.59488988 0.119742513 0.0353812575 1.17923999
    1.29823542 0.837166131 -0.144460857 -0.44139728 -0.688138902
    1.34650147 0.0765996575 0.171451807 1.42740285 -0.247088611
    0.326297045 1.17404366 -0.175823808 1.10558248 -0.694660485
    0.918697894 0.529613793 0.75014466 0.111205399 1.5147537
    -0.315029681 1.16805375 0.0993279815 1.24048686 0.859839976
    1.22688246 1.24780822 1.21446323 1.54394376 0.720992386 -0.508155882
    1.11193478 -0.47985214 -0.160054743 0.0945251584 -0.369759738
    1.62907565 -0.305350006 0.592793703 1.32756937 0.351140022
    0.798205733 1.59634733 0.00559270382 0.95810765 0.987231076
    1.06108284 1.03620458 -0.377801389 0.632353306 1.30586362
    0.812986672 1.16929102 1.61230218 0.773349822 0.447829127
    -0.769443274 1.52479994 0.101077914 0.423665285 -0.493565768
    1.22746432 1.27803338 -0.313997597 1.27421737 -0.628970683
    -0.0824691653 1.03417587 0.790110588 0.443496764 0.329968631
    1.07595861 1.26584697 -0.795146465 0.0901329517 1.51120734
    -0.40570277 -0.30007872 1.16641462 1.74206114 1.15054512
    -0.695870519 -0.117820263 1.58708847 0.610794842 -0.683755577
    -0.511039495 0.554571688 -0.109899223 -0.402093291 -0.395888656
    0.201920271 -0.320500284 -0.487573922 0.768499851 1.52145612
    -0.287398517 1.12109149 -0.369162202 0.563565671 -0.562657833
    1.54706538 1.6540674 -0.281441391 0.583982408 0.0947247148
    -0.123887241 -0.000791370869 -0.607910097 0.800658762 0.310063303
    0.372943699 -0.525461793 0.621969044 0.903034627 -0.286238074
    0.137945414 1.28036284 1.57901835 -0.318632185 0.458010375
    1.34493256 1.59562814 0.118981898 0.974168718 0.497629583
    -0.059986949 0.430798352 1.69801676 1.4933064 0.328516364
    -0.429735422 0.837140322 1.24443126 1.6110599 0.393723071 1.58413374
    1.03885651 -0.200622022 1.04440403 -0.317315102 1.66980433
    -0.634296536 0.718541145 1.45785713 -0.206804156 -0.474092484
    1.54224706 -0.183331549 0.559657693 1.48231316 0.237512708
    0.0295911431 1.70168304 0.138099194 1.46066904 1.71645284 1.08332062
    1.21316385 1.5297811 0.46775341 0.343383849 -0.385565251
    -0.550061464 1.31231308 0.305498958 0.3521595 1.01083541 1.20424151
    1.20372522 -0.577354312 -0.344685972 0.414562523 0.163484216
    -0.366035104 -0.374753118 0.729450524 0.988856912 1.51253057
    1.76488161 -0.706857502 1.29854655 0.0960026383 1.14404511
    1.42416596 -0.456034452 1.21160722 0.390932918 0.296430647
    0.330253661 1.20071054 -0.577947736 1.15657258 0.803858995
    0.314067006 0.548934937 0.999710023 0.102497697 0.343722284
    0.0617235899 0.708161235 1.25450671 0.415340245 1.18717432
    -0.576115608 1.2853303 0.983372271 0.941830516 1.7731005 0.98847878
    -0.46019727 -0.216631532 0.240092158 -0.641631901 0.46932441
    -0.21720165 -0.144137025 -0.233091772 0.745878518 0.932380676
    0.751288295 0.0586695075 1.46406078 -0.111776471 0.191362202
    0.894123852 1.34103274 1.69694424 0.436653197 -0.159059227
    0.779542565 0.197715282 0.130129635 0.882113218 0.314462364
    1.45395458 0.301605821 1.05720723 1.74258351 -0.210434318 1.58512735
    0.914129615 0.577121854 -0.726215065 1.79236114 1.00567317
    0.308937967 0.57993412 0.448921502 -0.185082614 -0.680805743
    -0.0497940183 1.11412489 1.11028528 1.20878243 -0.691906452
    1.43547177 1.46598053 -0.682448983 0.970187247 1.23138499 1.01862061
    0.456227899 0.543974102 0.518542707 0.641181231 1.08410859
    -0.560858071 0.789991081 0.495529234 0.168828964 0.0493075252
    -0.251963377 1.10355079 1.15981305 -0.545625806 0.787929714
    0.569844127 1.44837165 1.04800129 0.0610465407 1.20800686
    0.124014497 0.738239706 1.60717618 0.976584554 1.70339048
    0.262371063 0.740382135 0.375794291 0.232337952 -0.633311927
    0.880752921 0.98999244 -0.596592128 -0.171067238 1.25467575
    1.6696645 -0.149620354 0.813070893 0.376399517 -0.093675673
    0.476852417 -0.239964157 -0.384067595 -0.725770593 1.06451547
    0.658178926 -0.461670935 1.18530655 0.500088096 -0.416004479
    1.19771075 0.389832377 0.527874708 1.32249427 -0.12185967 1.00034213
    1.08276761 1.11472178 -0.022629261 0.0723961592 1.40971017
    1.78845644 -0.393655032 -0.42678526 -0.650099158 0.955710292
    0.40365237 1.29608715 0.914831161 0.328861952 0.137826025
    -0.0888576508 1.67841363 0.182049096 0.521689117 1.68695188
    1.19984603 1.08278811 1.48006988 -0.527902782 0.232098818 1.72758937
    1.58627534 -0.64361465 0.0953761935 0.214850962 -0.32051301
    1.19086075 -0.400416166 0.383703232 0.597511649 0.237386644
    0.187300265 1.16369534 1.21030617 1.40322125 0.128556907 0.32656759
    0.714907289 -0.204704791 0.219251513 1.21417487 0.633191109
    -0.355433673 1.28970385 1.00047207 1.17797875 -0.111855984
    0.457906961 1.06697285 0.874696851 -0.391672403 0.942844212
    1.27882648 -0.328018308 1.03645241 1.12926602 -0.161666155
    -0.723787665 0.455188751 0.163075805 -0.355271578 -0.283776373
    1.39453197 1.10204816 0.300161362 1.5337255 -0.280715823
    -0.376648337 -0.170859993 -0.485790133 0.551373899 1.68391585
    -0.353099018 0.486910284 -0.429040074 1.33361411 0.463038683
    0.181566298 0.0498737097 0.337613821 1.50519192 -0.507257223
    0.998095334 0.987625003 0.661634266 0.92175889 0.515040755
    0.634213567 -0.513170421 0.262385368 -0.0950413942 -0.3383587
    0.283357859 0.975329459 -0.515528917 -0.464222193 0.271496236
    0.462791145 0.850519121 0.984088063 0.585294366 0.862881541
    0.619491041 -0.351698011 1.66975403 -0.100343049 0.380680263
    1.25677395 -0.649649918 0.635874331 0.69914031 -0.107608616
    -0.445564866 1.05688381 0.695094943 0.627876759 0.199807405
    -0.520991683 0.816346645 1.65509701 -0.724778175 1.54491925
    -0.377250642 1.51572013 -0.5494048 -0.245573819 -0.340974241
    1.57801807 0.282061338 1.15612459 0.835638165 0.130646169
    0.0837749243 0.839904189 0.12849319 1.16561246 -0.525444865
    0.149521947 1.09795356 1.02289343 1.15891564 0.638933122 0.12764895
    -0.357493758 1.41806591 1.037817 -0.180227369 0.197301149
    0.0552611351 0.0593153238 1.44686484 -0.609644949 -0.389348209
    -0.209047288 1.44662476 0.85598141 0.714541495 -0.449565291
    0.835083067 0.214951098 -0.246892482 0.223692894 1.44881177
    1.52967381 -0.0415478349 -0.500408053 0.808297753 0.566306174
    -0.231731355 1.74549103 1.47596216 -0.498080075 0.581481695
    1.9772284 -0.322154194 1.52822053 0.696754813 -0.58110708
    0.705327928 1.06334722 -0.283395499 0.473658442 0.646334052
    1.13543439 1.40668142 0.743933856 1.64689445 -0.181227148 1.31417537
    0.72771579 1.22593069 -0.607951522 1.29782665 -0.545102596
    0.256512344 1.01185966 1.17426312 0.434497237 1.23314559 1.00383353
    0.428515375 1.65064776 0.362383842 1.20127225 0.849669278 1.42243874
    -0.0889428854 0.761965036 1.48755443 0.497781098 -0.137092173
    1.42482781 0.967519581 -0.789925754 1.06534755 0.446372569
    0.638007104 0.954323709 0.470794499 1.53115559 -0.425297022
    0.485656202 -0.382118225 -0.0603767037 1.16687822 0.0457657576
    0.578956962 1.21363831 1.10484004 -0.574487686 0.172967494
    1.02306628 0.903899968 -0.157801986 0.117123663 1.00010705
    -0.0147855282 -0.563168645 1.77173018 1.52688193 -0.693099201
    0.341480017 0.0649252534 -0.204214394 0.916998506 1.61743569
    0.772204638 0.333359897 1.14329565 -0.472350866 -0.607146263
    -0.227658808 0.0632948875 0.494599819 0.0692076087 1.6048106
    0.379576266 0.13059026 -0.156475306 0.379751861 1.57619047
    1.35195458 0.557160258 0.539416194 0.408294082 -0.0716831684
    0.650958419 0.312664986 -0.437512308 1.5363003 0.846078932
    1.25992751 0.074490428 0.315700412 1.38785386 0.12902236 1.59331465
    -0.689773917 1.23451233 0.60272193 0.803203583 1.44574237
    -0.635810316 -0.593728542 1.73690343 -0.543726265 0.847734928
    0.666795135 1.3473134 -0.463694215 1.07347274 1.24959183
    -0.0905702114 1.04748607 1.1111598 0.0184003711 1.82507777
    0.332433283 -0.320107728 0.245580792 0.457014859 -0.695507407
    -0.433690071 -0.62836659 0.738751531 -0.591074109 -0.161011517
    0.743689299 0.72645098 1.48961043 0.347269356 0.784222901
    0.731933236 0.710060716 0.566918731 0.543447316 0.548224747
    -0.0681369901 1.55788255 1.58616829 -0.341004044 1.76652062
    -0.429683626 0.84382987 -0.140643299 0.0245508552 -0.427264124
    1.49964547 0.90498668 0.179819822 -0.483817637 1.47998905 1.32709992
    -0.598024249 1.58293629 -0.132984161 -0.394020438 0.569024146
    1.5432632 0.548225939 -0.465042949 -0.00438773632 1.83216381
    -0.153049469 0.0496048331 -0.349601656 1.00093603 -0.118881047
    -0.383122355 1.34476542 -0.520850182 -0.489347488 1.05572081
    1.67197549 1.73525405 -0.00743466616 0.370647252 -0.0203210115
    0.437242329 1.58373415 1.41189826 1.72341967 1.39291954 1.32227743
    0.233773649 1.6088388 0.445991874 -0.0375176668 1.23047602
    1.29055142 1.28026652 0.198213935 1.59556699 1.16418242 0.607709348
    -0.126082897 1.43148291 0.403419256 0.261036098 -0.111525953
    1.84946346 -0.447632849 0.22147578 1.2861613 0.807632267 0.848600328
    1.26005626 -0.547302246 1.16346824 1.58017159 -0.293494761
    1.54468799 0.845728278 0.646691442 0.71521461 0.0783201456
    0.217192292 1.17664576 -0.205404937 1.16456199 0.421265304
    1.63908744 0.450856984 0.241640866 0.329692543 1.79294729
    0.348728061 -0.277939826 -0.00140333176 1.25966239 -0.341688991
    0.154429793 0.667152941 0.320030153 -0.361565262 0.178135157
    1.84055042 -0.360988647 -0.355930716 -0.00755298138 1.55382514
    0.150536954 1.69381595 1.49863851 0.00742042065 -0.699991584
    -0.0427902937 -0.191204488 1.85775161 1.78075695 0.457900107
    0.0278108716 0.338947117 0.952079415 0.602805674 0.699534714
    -0.32054168 0.62650919 0.592083514 0.50381434 1.78399038
    -0.0317798257 0.111601055 1.50332379 -0.296900541 0.35530901
    0.292668104 0.502572656 -0.6621297 0.825618327 1.4030118
    -0.164303422 1.48246503 1.55334496 0.703855634 0.874832094
    0.0237985253 1.2677505 1.57524276 1.35666037 0.740282714
    -0.677349925 1.25762558 0.936326504 -0.364712238 -0.563947082
    0.0923752189 -0.207076609 0.334671736 1.75495195 1.25339627
    0.566534519 -0.614620864 0.151487231 0.265181422 1.64401948
    0.920055985 1.86369205 -0.00930994749 0.439757109 -0.590120912
    1.85439944 0.531808794 1.10078228 -0.0901244283 0.769881785
    1.26095295 0.624718428 -0.493145108 -0.553635001 -0.503641963
    1.2370975 -0.268123418 0.890486538 1.03434002 1.02391124 0.601205766
    0.388992965 0.825490296 1.23430753 -0.581735015 0.313092947
    1.33255649 1.29313433 0.484069288 1.75575113 0.792426169 1.67625213
    -0.47680676 1.86729598 -0.0706487298 0.495444477 0.369906068
    0.13871479 0.00225663185 1.18389142 0.362500608 0.357166827
    0.868705094 1.27483582 0.619606376 0.752953351 -0.201926142
    1.43006241 -0.265438855 0.387390971 0.309948862 0.913046002
    -0.42686066 0.725746036 0.00948739052 1.33639884 0.718545794
    0.757668018 0.464514077 -0.187305242 1.496647 0.554888427
    0.614671707 -0.187506557 1.8161304 -0.387755603 1.11822414
    -0.520224154 1.26594067 0.548893392 -0.33744356 -0.100998461
    1.73208296 -0.0398619175 1.3799088 1.62243724 0.548558235
    -0.220312417 0.809781015 -0.129904926 1.26198494 1.77197981
    0.307655931 1.22462857 -0.0654972196 0.525874257 0.45754832
    0.447671056 1.2093699 0.419169068 -0.0317697525 -0.637578905
    1.27604413 -0.324357301 0.80217582 1.60672879 -0.641624451
    1.10105228 -0.378422797 -0.417012572 -0.62892282 -0.642794669
    1.18743205 0.715820014 1.12172103 1.06775415 1.30758035 0.957689345
    -0.189488471 -0.312870085 0.579146862 -0.464933276 0.010215342
    0.745289266 1.45238626 -0.118526697 1.85739422 0.303468227
    -0.247431695 0.587548316 -0.252714783 0.395969391 0.101194739
    -0.377061993 0.518506885 0.719889939 0.495638072 1.21024513
    0.581881702 1.68733597 0.983457506 0.578901291 1.07558787
    0.562550187 -0.54890275 -0.0565950274 -0.235989541 -0.459102094
    1.44108367 0.368196428 -0.27484712 0.863812804 1.55539656 1.06425071
    0.435789466 1.14068627 -0.300016701 -0.680977881 1.62116468
    -0.350417137 0.671564639 0.917496502 -0.489212483 1.29594946
    -0.613664389 1.14528275 1.7087307 0.652294815 0.310019135
    -0.243081778 0.404955387 0.98393172 0.513388991 0.478491545
    0.0744936466 1.64720178 0.928884804 0.322938681 -0.0999706984
    -0.221125752 0.157227099 1.61978006 -0.570950747 -0.0333487988
    -0.214227259 1.51137948 0.0597484708 -0.461651176 1.18527508
    -0.465305686 0.678898156 -0.0351107121 -0.292518348 -0.025044024
    -0.520065367 1.66755795 0.327555954 0.00107270479 0.714948773
    0.890922666 1.20088685 0.683005631 0.655942738 0.918376446
    -0.437040687 -0.523826241 0.846503079 1.51422501 -0.248112798
    -0.26589191 0.659085274 1.41177511 1.61585486 -0.0523324013
    0.337757647 0.96300751 1.1225841 0.486146808 0.521837234 1.27295053
    1.4222585 0.235769123 -0.0198395848 -0.162482619 0.95152688
    0.362765729 0.832405686 -0.332313091 0.0665081143 -0.342707306
    0.236628413 1.38248169 0.0203356147 1.63738918 -0.254308432
    1.74016452 1.6034261 0.61146158 0.440654457 -0.00787633657
    1.60621428 1.05490422 1.65629745 0.531836629 0.24083358 0.771924913
    1.45061469 0.0494171977 0.779726088 1.00011683 0.586604059
    1.18909228 1.29070449 0.841813743 -0.0241851211 1.74311268
    -0.406393051 1.00023568 0.897816837 1.47947204 0.622943223
    1.57500243 -0.418003082 0.962646246 1.50481892 0.223142624
    0.52969861 0.313780248 0.0620141625 0.131307691 1.56285775
    0.419234037 1.18138969 0.16860497 0.266335547 0.640884042 -0.3804335
    1.7454716 1.53376865 0.335494518 1.84729326 1.52418995 1.85625672
    0.211252868 1.18117237 1.13513947 1.73665941 0.390705168 0.207561791
    0.629432976 -0.507322967 0.857085824 0.773951948 1.60811234
    1.48858225 0.0135386586 0.228362858 0.112262964 -0.31336683
    0.938947499 0.470148087 0.69033581 -0.080907017 1.43417907
    0.917901635 1.86624122 0.564159691 -0.201624364 1.34132671
    1.23332012 1.75980711 0.531580389 0.979749799 0.719214082
    -0.250198007 1.50262606 -0.408529103 0.370433927 0.629499674
    1.6742295 0.672440171 0.793915749 1.92605078 1.4001348 -0.468037814
    1.89749432 0.154892206 0.373068452 1.7069366 0.0717038512 1.31333649
    1.72929168 0.156801224 0.206482112 0.610134959 -0.195331335
    1.46170449 0.5125193 0.744805276 1.54863763 0.956368268 0.837188959
    0.283036947 1.51854491 -0.515411437 1.0125227 0.689694703
    0.813976765 0.961165488 0.532201469 1.03544044 1.29940009
    0.310948193 0.728850186 0.351648986 0.0795652866 0.295657635
    1.43833303 1.72104406 0.147507787 -0.180999041 1.17896318
    0.977723777 -0.49894473 1.54639077 0.893976331 -0.0434283018
    -0.318260938 1.34586787 1.77144659 0.640197158 0.567624927
    1.19316387 1.17605424 0.546904087 0.544754744 1.33554327 1.41203558
    0.498514354 1.18299794 1.2761898 -0.022885263 1.4343996 -0.348175466
    0.648242593 1.09968376 0.116918743 1.14369786 -0.389479369
    0.152173638 1.4922514 0.18696481 1.40991008 1.08001423 1.57115221
    1.78020859 1.47191751 1.10191154 0.65294385 1.82455492 -0.485199183
    1.28776026 -0.432598621 0.363247395 0.0235835314 0.765235424
    1.37466645 -0.2433559 -0.541818619 -0.361306012 1.47631001 1.0471077
    0.877669871 0.501384258 1.88062096 1.0309329 1.25290573 1.1321981
    0.568398595 1.65433466 0.89404881 1.83727741 -0.00331294537
    1.09623647 0.739025235 0.203233838 0.376587033 0.261973977 1.9180088
    -0.305945754 -0.0929968655 1.09204626 0.186425686 -0.50354141
    -0.443895936 0.145370185 1.57463503 0.357293129 1.65263712
    0.952527523 0.143894136 0.691132486 1.60361075 -0.257221192
    0.382740259 1.55542231 0.108111203 1.15524173 1.34823811 1.30398655
    1.24441957 1.96422911 -0.506393313 -0.498140723 1.29570365
    0.35590899 1.20266891 -0.284858167 1.20896673 1.07456088
    -0.152824819 0.729131818 0.311378717 0.207772791 1.36257935
    1.45660055 1.54733634 0.0362532139 0.579313159 1.40065706
    0.298499942 0.53555727 0.112184525 1.44262624 1.93576241 1.20763385
    0.0419942439 1.4452883 -0.203636095 1.12984538 0.701606989
    0.88865298 2.08114743 0.700828671 0.627545059 -0.182798535
    0.85627681 1.57995844 0.838062227 0.567329884 0.187184691 1.38246977
    1.53108406 -0.436853528 1.65288877 1.38425326 0.351735175 1.63754535
    1.34579659 1.83341491 0.837135136 0.913617015 -0.265928924
    -0.106666118 0.504797876 0.468407154 1.25002027 0.263459265
    1.07602644 1.6548624 1.27434421 1.41531014 0.69974643 1.22549403
    0.822302938 -0.381420732 1.15428448 -0.424631 1.77258599 1.28568745
    0.175688982 1.65003848 0.944038749 1.06304276 -0.18566978
    0.0515719056 0.146900713 0.154221714 1.89193988 1.31630599
    -0.0171050727 0.82547313 1.70242774 0.46336776 1.76597369
    -0.0950369239 0.748419046 0.305373311 0.638823867 -0.304386079
    0.407067895 0.57379508 1.27650833 1.16233277 0.646968484 0.234301269
    1.67637599 -0.0239033103 1.38189793 0.509077847 1.48277783
    -0.0406606793 0.846986294 1.3302114 1.50718808 1.57240438
    0.404085308 0.0379734337 0.638388991 1.55212808 0.374457091
    1.55111265 -0.420407295 1.44649792 0.416463375 1.2763021 0.809962153
    1.33264399 1.37540436 -0.422418922 -0.0675994456 1.51362145
    0.220965415 0.67780149 0.469194055 0.109564245 -0.248174518
    0.384584874 0.0667078197 1.35751271 -0.371694207 0.674393475
    0.589571774 -0.118719518 0.183190823 0.67510277 -0.047916919
    1.47436404 1.76298046 1.7166388 0.377550334 -0.230881274 0.71769166
    0.779800534 1.83959961 1.18662083 -0.441224039 -0.459944218
    0.648133039 0.649528861 1.94976437 1.86584771 1.18511355 0.287856817
    1.93879056 1.84417224 1.11963558 -0.26151669 1.63880897 0.845061421
    -0.210350782 0.415184915 -0.00333961844 0.536233068 1.92894053
    0.248527616 0.00336515903 1.31366503 1.76577139 0.971873283
    -0.211448088 -0.280333936 1.96614099 1.08590841 0.634990811
    1.84891641 -0.375579238 1.12440038 1.40894079 1.24092948 0.497301102
    0.729413748 0.885231853 -0.043931365 -0.116576046 0.595555067
    0.826405525 1.50367069 -0.0366244018 1.79818344 -0.281597733
    -0.380216956 1.87247205 1.78216743 1.95412743 0.292692065
    0.0418716967 0.24146226 0.151106983 1.53317952 -0.0978559256
    0.717338324 0.320924878 1.09233475 0.346490264 1.52170992
    0.455873013 1.80618906 1.46570051 1.73591805 0.493106753 1.59337544
    0.294072896 1.05137765 1.26186168 0.230413973 1.08172202 0.999727726
    1.28962374 1.56718647 0.954033375 -0.387820661 -0.241802514
    0.135605365 -0.0243950188 -0.350219786 0.637135386 0.966270268
    1.1536293 1.16462493 -0.303794265 1.61344612 1.34768462 1.53167117
    0.283230573 -0.23395364 -0.00396695733 2.09320879 0.316539675
    0.0754630268 0.787013769 1.80526447 0.144977301 -0.117080152
    1.24864185 1.00424862 0.375562727 1.67692363 1.95132601 1.58571386
    1.61802614 1.63552952 1.84850407 0.0334437191 0.281495512
    0.370696813 1.98945427 0.374088645 0.370699853 0.422220379
    0.821426094 0.515885174 2.01381254 1.34376192 0.4301911 0.724794626
    1.78537786 0.861683369 -0.355215669 1.61950517 -0.0296089053
    1.15094364 1.00969601 0.87056154 0.788367152 1.47203159 2.0107305
    1.43515015 -0.361541837 1.32986367 0.475842118</data></my_img>
<your_img type_id="opencv-matrix">
  <rows>128</rows>
  <cols>256</cols>
  <dt>f</dt>
  <data>
    1.22003984 0.700217843 0.916945696 0.534759104 0.783783257
    0.445388913 0.806037545 0.736986935 1.16266382 0.442978412
    1.12632716 0.714629829 1.16533244 0.898541212 0.539454699
    0.587093174 1.15866458 1.25841737 1.0438323 0.586253405 1.25785148
    0.995679677 0.764864981 1.28439975 1.24616861 0.964553118 1.07670593
    0.605417252 1.25193584 1.06674933 0.620914817 1.42869961 0.711567581
    0.911326587 0.708393335 1.38293743 0.730459154 0.981046915
    1.23619115 0.483257502 0.55687499 1.17353463 1.09270597 0.378722936
    0.505110264 1.10706294 1.16167438 1.28475583 1.31175089 0.840742111
    0.822470844 1.25018823 1.17259336 1.355901 0.621263862 1.01230264
    0.810605884 0.953089893 0.742049336 0.502490461 1.03036237
    0.908518374 1.09897876 1.52244174 0.757768273 1.26545334 1.14987671
    1.28298092 1.3878243 0.79499191 0.865118802 0.796626031 0.83354485
    1.25509906 1.52378929 1.14907789 1.2675271 1.41963494 0.727816582
    1.28785884 1.16804683 1.45964289 1.01323259 1.04868293 0.859529316
    0.493805468 0.810410142 0.638319671 1.14931726 0.975451827
    0.670107543 1.04436183 0.850802779 0.572639287 0.886458337
    1.21063256 0.7264691 1.24226177 1.27586043 1.05182147 1.40740216
    1.14200449 0.478569627 0.922533989 0.726861656 1.46334124
    0.950279713 0.963922083 1.21671987 0.753992617 0.960675061 1.2171607
    0.807918131 0.908997118 0.654169679 1.31151557 0.932560623
    0.949436665 1.25624549 0.768272221 1.38461566 0.951802671 1.4596684
    0.460567534 0.767673552 0.427411914 1.39616144 1.0560143 0.711817861
    0.559829652 1.49067259 0.675188839 1.2960217 1.02405643 0.936286569
    1.46165192 0.691163123 0.455262333 1.35634518 0.844848156 1.40184546
    1.11515844 0.776377022 1.07374263 0.772942722 0.887951434 0.81716001
    0.939862967 1.4750731 1.00745797 1.31810451 1.33245015 1.40002096
    1.32596278 1.54713595 0.992508411 1.16247296 1.49854612 1.54595912
    0.772729278 0.586915374 1.53538799 1.49483502 0.71166414 1.40417242
    1.34525192 0.898317039 1.05060685 1.27206504 1.26616812 0.872288764
    0.505282521 0.93111366 1.2959286 0.835181952 1.12604558 1.07460701
    0.655385375 0.452765942 1.23041523 0.73740083 1.12891626 1.38962448
    0.505835772 1.20717704 0.874522865 0.957241595 1.35325611 1.06415212
    0.878558695 1.25566995 0.610211253 1.13137794 1.356179 0.908367157
    0.54989773 1.27122629 1.11971521 0.799163103 1.28348505 0.907073975
    1.31369412 0.569630384 1.01344311 0.538679481 0.513635874
    0.646041751 1.00180256 1.36797571 0.776998341 0.696843743
    0.904860497 0.872561455 0.803231835 1.1939106 0.786121786 1.44232929
    0.552812576 1.14683592 1.12668359 0.495944977 0.726401627 1.21141481
    0.544913411 1.02777565 0.414977551 1.15350282 0.512645125 0.86090219
    1.05151677 0.946424365 0.811571956 1.14768684 0.704448044 1.19767833
    0.948456824 0.693678141 0.676163971 0.848664403 1.15265501
    0.794519901 1.20308375 0.394083023 1.33549285 0.668720126
    0.904920697 0.455168545 0.662452638 0.965791047 0.921619594
    0.384723514 0.550930798 0.431018293 1.26295328 1.00666893 1.29081333
    0.797825456 1.26589835 0.771836877 0.932989717 1.0764786 1.12997305
    1.13516152 0.854161382 0.57136637 0.934799314 1.03371942 1.49680758
    0.886429071 1.13682449 1.36358082 1.32137847 0.845473886 1.0352689
    1.34130228 1.40511107 0.869946301 1.14702225 1.08898783 0.818071783
    0.661630988 0.774331212 1.23803377 0.882676363 0.984131694
    1.27465868 1.49560022 0.596759796 1.27795517 0.832817852 0.644502103
    1.47937059 1.22805512 1.01461864 1.19867384 1.33335161 0.601020277
    0.772160292 0.751237333 1.20157468 1.02091169 0.609427989
    0.997199893 0.612776756 0.581890464 0.944719374 0.86218977
    0.64413327 1.33065736 1.27064633 1.23763824 0.656877279 0.658970654
    0.655449033 1.39596939 0.804409504 0.653346717 1.60464752 1.58705914
    1.11889315 1.502051 1.68437815 1.20728171 1.08263767 1.17754936
    1.70586705 1.59173906 1.16731048 1.06122816 1.02999449 1.65962601
    1.03375089 1.59863436 1.64921379 1.45951307 0.879298985 1.00235045
    1.31099415 1.11077845 1.62445807 1.06705713 0.925820053 0.701641321
    0.913184583 1.31586707 0.713991046 1.56806171 1.18457496 1.26541173
    0.993421972 1.33856344 1.26477647 0.73539716 1.05512559 0.79199332
    1.15499663 1.12525558 0.854870498 1.48188519 1.19727755 0.848608851
    1.60242152 1.58995211 1.62669146 1.6008631 1.26298261 1.61517596
    1.43551004 1.39702678 1.07355917 0.647433996 0.992493451 0.683740258
    1.27088344 1.0477581 1.55438018 1.13922668 1.2795949 1.27474666
    0.797404408 0.75426054 0.760347605 0.59809655 1.3337785 0.863150597
    1.5534699 1.58746827 1.56247842 1.44244635 0.969255686 0.873099148
    1.04435706 1.22901738 0.904138803 0.903112471 0.6752069 1.26837027
    1.05367815 1.30720329 0.668244183 0.663116932 1.26994467 0.776381671
    1.115798 0.796354115 1.26002562 1.50268638 1.3217473 1.64975584
    1.52904797 1.24086809 1.00891685 0.998293459 1.46967244 1.46580136
    0.773697376 1.61645877 1.50598478 1.22361624 1.50232339 1.67602587
    1.05883408 1.64339936 0.93385452 1.49001634 1.26725781 0.9843871
    0.756204486 0.796755791 1.35621548 1.05115044 1.26330543 0.614564657
    1.10856307 1.18520761 0.79060322 0.94243753 1.20890808 0.725896657
    1.2013886 1.03106678 0.594019592 1.57331848 1.32429099 1.64569736
    1.62994158 1.63156033 1.34266603 0.744413733 1.19135189 1.40477753
    0.987083197 0.857200325 0.80508399 0.849170506 1.08702409
    0.559007287 0.553439319 1.29403603 0.643906534 0.770358384
    1.35423183 0.724532247 1.05717194 0.867799938 0.952940941 1.24416268
    1.20682621 0.924054086 1.59787476 1.41142023 1.4306556 1.33348942
    0.606619418 1.47051227 0.715268493 0.830352187 0.759014666
    1.52109659 1.0967226 0.772081196 1.23292422 0.919025183 1.50523531
    1.60412717 1.19530904 1.20039666 1.52549446 0.777180672 0.689029396
    1.46863186 1.33154047 1.200266 1.23986948 0.714763761 1.48695779
    1.01208591 0.708014667 0.900380731 0.819641709 1.16234481
    0.709942102 0.764014006 1.37967241 1.34929156 1.12141883 0.858683646
    0.58324492 0.793231666 0.787874579 0.822718322 1.0907284 1.15633202
    0.710440516 0.613513052 0.792568564 1.12697899 1.53575039 1.13497782
    0.734474123 0.81869036 0.661337972 1.33730268 0.724664032 1.17418551
    1.08421504 1.28503001 1.59625006 0.703057885 0.770227671 0.642988503
    1.0992378 1.40889335 1.48751855 1.09633541 1.4963156 1.16776478
    1.05953991 0.732253313 0.966821432 1.33279765 0.853286207 1.11843693
    1.04749417 1.15246141 1.27049506 1.65061915 0.821614027 0.825659871
    1.0744518 1.44208062 0.706656098 0.967586279 1.60855687 0.768488705
    0.918936372 0.73956579 0.622954547 0.95147413 1.35828912 0.957155704
    0.855156004 1.22210336 1.11945856 0.75217557 1.18448675 1.43825316
    0.845474064 1.04741311 1.21406305 1.12444019 1.58783567 1.51880383
    1.64509392 1.2295289 1.17122805 0.907020271 1.74209535 0.924549937
    1.74133587 1.86252391 1.15449214 1.21197891 1.65526986 1.41212761
    0.814578056 1.38015127 1.28411376 1.75485361 0.848049104 1.65277481
    1.03479528 1.72333944 0.937532544 1.68023014 1.66313374 1.5300312
    0.71383518 1.00072455 1.36688924 1.29264462 0.812168658 1.3051585
    1.23002815 0.804100811 1.60724509 0.886144221 0.82412231 1.39182496
    1.35954642 1.44213331 1.58542514 1.67096734 0.801627517 0.873855829
    1.57718766 1.46155703 1.4398433 0.747800469 1.52847302 0.96995306
    1.71228361 1.77918041 1.66389167 1.13925481 1.00510669 0.696971238
    0.718144119 1.35945654 0.855235994 1.12051249 1.6394738 0.906070769
    0.828351021 1.18080628 1.34092486 1.45651102 0.85558337 0.736930907
    1.48688745 1.07536757 0.721770406 1.69915664 1.75135124 1.38191509
    1.79701388 1.43226945 1.00476789 1.67988932 0.665654898 0.799667656
    1.31271327 0.904264927 1.6686151 1.22946465 0.856535316 0.706073165
    1.48096859 1.69488859 0.894165635 0.849803627 1.59558725 1.38220346
    1.36637068 1.3762027 0.79741025 0.876070797 1.28801668 1.4453001
    1.51478958 1.65374827 1.49446833 1.57376027 1.53160012 1.41699815
    1.18722272 1.01734018 1.43187809 1.54391336 1.27808714 0.744935215
    1.55427063 0.821916521 1.07908523 1.51961482 1.16012907 1.45903134
    1.1305939 1.14505172 1.66476679 1.40048516 1.43703926 1.21172512
    0.701598525 0.830754697 1.42851496 1.30482209 0.923624694 1.37055171
    1.47112322 1.67910635 1.44199884 1.26376665 1.29111946 1.4648279
    0.702453017 0.912129819 1.231475 1.2945286 1.56897151 1.2302618
    0.953827679 1.06129622 0.770527303 0.915279806 1.20020521 1.32710433
    1.59761095 1.47263515 1.33519828 0.865199804 1.15751445 0.70250535
    1.47012389 0.710255921 1.02323925 1.53776169 1.33815849 0.926851571
    1.48475015 0.836469293 0.989984453 0.918635726 1.45172632 1.19039357
    0.894206107 0.960122049 1.01678741 1.16523886 1.63400054 1.13621354
    1.2148782 1.63425136 1.64111888 1.22275138 1.08682883 0.727534473
    0.843898475 1.57337666 0.833425641 1.15226436 1.31853533 0.889828265
    0.786985517 0.780970931 0.640873969 0.83017087 1.40722132
    0.730950356 1.3064009 1.01547384 1.39181697 0.624078095 1.03430295
    1.28051937 1.28992224 0.718590617 1.15113783 1.1680392 1.00472999
    0.653856158 0.894683719 1.36652458 1.39351606 0.723546863 1.25019872
    1.66790235 1.11455786 1.46799362 0.870636165 1.69066584 1.67834115
    1.59008777 0.784601688 1.22415638 1.35434544 0.983422935 0.768306553
    1.12022221 1.52581358 0.736927271 1.21943152 0.67654705 0.974971592
    0.725256979 0.804259717 1.41302991 1.37039959 1.64754415 0.995404243
    1.7585566 1.38366961 1.35622919 0.908432007 1.61138296 0.73497659
    0.749477565 1.62233913 1.02296293 1.48729634 0.911828816 1.0587523
    1.65983903 1.05879962 1.3172127 1.47973263 1.24035144 1.06579351
    1.36292315 1.36159563 0.955478609 1.14143062 1.24067998 1.41926944
    1.35303903 1.60515356 1.74312997 1.4121356 1.7499522 1.02713192
    1.43932283 0.817161739 1.38919258 1.67431211 1.14860535 1.81437182
    1.77393401 1.64685762 1.78900027 1.42400622 1.12538004 1.25266576
    1.71940792 1.0402683 0.848009765 1.18646455 1.22190738 1.23534858
    0.953122973 1.11340857 1.7561481 1.0992043 1.5141809 0.805723906
    1.17273962 1.24557245 0.793356061 1.03928411 1.25814784 0.857339203
    1.25031197 1.67001033 0.779541552 1.52111864 1.47723174 0.995115936
    1.73117673 0.895964742 1.27285182 0.862050712 0.861012638 1.29759121
    1.51398885 1.05078232 1.2584157 1.59502888 0.79376018 1.49585104
    1.32640946 1.57431197 1.31195152 1.06169915 1.39888573 0.909986913
    1.24790001 0.895404398 0.940576851 0.923384964 1.54428279
    0.903322577 1.60868967 1.42992258 0.729742825 1.49435842 1.45191777
    1.28601229 1.21644282 0.857877851 0.954636812 1.51127887 1.84873497
    1.80245256 1.83283353 1.27233171 1.48904955 1.20161068 1.07404017
    0.818858385 1.17517817 1.07677054 1.55831981 1.51729059 1.32828319
    1.55254793 1.67095673 1.50469267 1.75982642 1.62582874 0.905642807
    1.79622996 1.43880403 1.36370885 1.10559189 1.70743513 0.995168209
    1.22342467 1.52570128 0.884374976 1.49271083 1.1579448 1.82242596
    1.80343533 1.31642556 1.40681744 1.75973666 1.13839614 1.40768969
    0.983844519 1.19294333 1.23401845 1.55654383 1.42027783 0.766785681
    1.25986087 1.21657979 1.53092897 1.3021872 0.73121798 0.778446257
    1.23607671 1.05990624 0.760292649 1.10287952 0.728235185 0.9305197
    0.761249483 0.751308501 0.843492329 1.55868137 0.820741594
    1.14408469 1.61056566 1.69313097 1.19886792 1.35963547 1.02316046
    1.4049443 1.09779334 1.2295047 1.1951381 1.68935096 1.28054988
    0.824489415 1.2499826 0.838817 1.37286079 1.00162446 1.60110366
    1.01545942 0.918572009 1.71749008 0.786741972 1.33199704 1.55209255
    1.40233421 1.05538917 0.917979419 1.0244931 0.878319919 1.41648078
    1.02031541 0.690664768 0.965753913 0.660999537 1.07485819
    0.769223213 1.46782398 1.26705289 1.26363182 1.67774093 1.35416436
    1.02676046 1.65288651 1.68836808 1.38909698 1.48284853 1.3428309
    1.32898211 1.28218055 1.04917896 0.669249296 1.16337383 1.07874799
    1.57960033 1.50356722 0.820322514 1.50968802 0.746565104 0.905825615
    1.08768415 1.74211252 1.47023785 1.526788 0.971970201 0.667474091
    1.05670834 1.33673787 1.09135759 1.11151111 1.11768985 0.760304332
    0.909037471 1.09537041 1.52196848 1.68097043 1.63496292 1.68888593
    1.85877132 1.42777801 1.18419778 1.37866473 0.998650789 0.785624862
    0.814842105 0.757431507 1.39029419 1.67698097 1.0418309 1.30862379
    0.886222005 1.06567156 1.01706314 0.731744826 0.883000612
    0.747964263 0.757203579 1.51707983 0.943389773 1.29636383 1.83069575
    1.21250379 1.15210736 1.48290706 0.85219121 1.45922041 0.992523968
    1.58503532 1.37158167 0.880598664 1.41026115 0.755933106 1.24943388
    0.86526078 1.57089567 0.973326266 1.44467878 0.904524386 0.850390196
    0.947256327 0.935670137 1.27056563 0.932029963 0.833250761
    0.961711407 1.06867504 0.768815219 0.978084445 1.39221227 0.93246299
    1.35812664 1.30218887 1.6123122 1.84361589 1.45626843 1.20609879
    1.22265124 1.53590822 1.49495518 1.82832456 1.8244344 1.59174633
    1.6327368 1.00567245 1.36791432 1.8013835 1.89553571 1.49752736
    1.85534894 0.989319623 1.82946932 1.52897525 1.03109741 1.69302928
    0.94507885 1.22485304 0.836030602 0.714435279 1.10389304 1.58462024
    1.09235275 1.76348674 1.56222928 1.35530233 1.04951298 1.21070194
    1.21187019 0.845985293 1.2488364 0.725897551 1.38646722 1.15204728
    0.971059859 1.60751212 0.883123934 0.83242631 1.36880887 1.78277743
    1.07430184 1.28030515 1.03590035 0.945559025 1.22874463 1.15883815
    1.2114495 0.787132442 1.28570497 1.20395029 0.826607347 0.965103209
    1.15909481 0.925109029 0.738300383 1.28978086 0.743992925 1.51482582
    1.40591133 1.09406447 1.01238036 1.28182769 0.851032495 1.55966485
    1.14864576 0.839846134 0.857393146 1.40944278 1.36386979 0.919380665
    0.877814174 1.65362787 1.70014179 1.71786642 1.87432253 1.80147076
    0.923906505 1.59192157 0.952237844 1.05616629 1.18447733 1.21445751
    1.55838859 1.38017654 1.03312004 1.42041743 1.15579998 1.83417833
    1.43192744 1.79175544 0.870189548 1.50568223 1.67761946 1.42575717
    1.17514873 1.51317096 1.34978259 1.29703486 1.01613081 1.21830034
    1.30345988 0.832259893 1.48704624 1.6908344 1.81683969 0.995460093
    0.928154767 0.844519734 0.879476786 1.20913553 1.63065422 1.45522249
    1.36342609 0.98219192 0.950272739 1.65541804 0.885864913 0.985343039
    0.770045817 1.34796095 1.37423074 1.5641923 0.799723327 1.1024009
    0.858700156 1.5502975 1.10781157 1.42830908 1.2345953 1.09558117
    1.29592991 1.00296438 1.51862371 1.57369959 1.72322869 1.37947607
    1.36511028 1.28698087 1.28481495 1.19054222 0.952566326 1.71348703
    1.19666302 0.973481834 1.44940591 1.21107781 1.65253472 1.60955226
    1.7464149 0.759482741 1.00079215 1.23937833 1.08355522 1.42588949
    1.33562434 1.74314094 1.7276125 1.53861201 1.54776263 0.893911779
    1.10996342 1.37442636 0.835893929 0.919860184 1.38884413 1.26067269
    1.73387444 1.06631553 1.26769876 0.66484201 1.55621195 1.2920146
    1.68061614 0.752682209 1.63655865 1.2600733 0.796084762 1.08305073
    1.52260602 1.77056444 1.66827857 1.6819452 0.726886153 1.49967563
    0.813405454 1.54790223 1.75497639 1.57121849 1.58744144 0.778449953
    1.71441662 0.820213497 1.58132231 1.45933223 0.986650884 1.4156667
    1.63471198 1.68774247 0.84674722 0.910327375 0.966635644 1.09312224
    1.01054275 0.813273132 1.40259123 1.23302352 1.54394329 1.62454569
    0.76506722 0.656070471 0.896202505 0.938058674 0.82218349 1.6955241
    1.12786782 1.43107319 1.72490513 1.84325957 1.63972569 1.5079186
    1.25419331 1.00967026 1.59457469 1.6286447 1.6362828 1.70715058
    1.00739574 1.48425841 1.10456991 0.774223387 0.811451733 1.2976687
    0.915357709 1.23678541 1.21768367 1.47648787 1.42060792 0.981051505
    1.79317868 1.22697723 0.929326415 1.71672583 1.4189887 1.62851274
    0.795681119 0.99743706 1.45091677 1.17278481 1.46803367 1.80622244
    1.42619133 1.87897706 1.65163052 1.23667443 1.00680816 1.04591894
    1.54519951 1.67037284 1.22723389 1.04637945 1.58797252 1.13133776
    1.6835767 1.68446946 1.94521952 1.80301833 1.80426693 1.14449012
    1.429739 1.42535996 1.61518872 0.931586385 1.0316478 1.41329026
    0.797297716 1.2731961 1.49438369 1.33229041 0.887324691 1.56820214
    1.81184506 1.56118238 1.59163535 0.997446001 1.15351105 1.14908361
    1.37192142 0.708929658 0.674522698 0.762915432 0.703300893
    1.11665475 1.50925505 0.79207778 1.21639979 1.60772336 1.29512262
    1.28973532 1.48942173 1.25700808 1.07475245 1.29875624 1.4885118
    1.35021913 1.39917457 1.11343133 1.55726612 1.07022357 0.794114649
    1.05968082 1.22794151 1.46592367 1.00259674 0.786855161 1.52316093
    1.39721239 1.22670174 1.8208586 1.56199777 1.01786232 1.02134085
    0.956620455 1.29763317 0.824861944 1.41863704 1.38443232 1.21279287
    1.56371248 1.65356135 1.02162087 1.69113171 1.59143794 0.876687706
    1.42275369 1.36253619 1.40603065 0.844776392 0.920593739 1.4742198
    1.52664256 1.27222848 1.22688758 1.45319712 1.43431246 0.984962106
    1.11553597 1.17570412 1.71977603 1.80362344 1.50080574 1.10081577
    0.982902288 1.47957277 0.867515743 0.74282521 1.39969409 1.12998557
    0.923450708 1.71653461 1.12815654 1.64550769 1.3226943 1.28404415
    1.70979071 1.54112494 1.46864855 1.79095924 1.25327373 1.15533972
    0.913471043 1.07565081 1.44288719 1.11341739 1.44825613 0.928293288
    1.47970223 0.87785399 0.997061729 1.68939126 1.23199534 1.15308857
    1.80935299 1.46261656 1.30183542 1.14658391 1.19915688 1.25584126
    1.72773528 1.55560362 1.45593488 0.827756941 1.73128545 1.64986086
    1.75743806 1.1219418 1.66967285 1.80154109 1.29610157 1.57735705
    1.38732815 1.07979381 0.948835731 1.53311276 1.56126034 1.74418712
    1.17274332 1.42511761 1.17533827 0.677521467 1.10363317 0.993372262
    1.54771543 1.20938849 0.839494586 1.16610003 1.26956594 1.73481488
    1.68488228 1.38113928 1.00366318 1.65275288 1.39006984 1.42582631
    1.13097787 1.19239557 1.03094637 1.19378555 1.08300889 0.806213558
    0.911849499 0.935498416 1.50392509 1.71945739 1.81049335 0.910540104
    1.52193594 0.864021838 1.37293828 1.27210629 1.33812642 1.28449547
    1.74268711 1.48081684 1.72691333 1.09046745 1.39775717 1.44990838
    0.891464829 1.54477417 1.60829067 1.18947494 1.6925931 1.77411699
    1.47668588 0.91198045 0.992921233 1.56329989 1.69418943 1.71942759
    1.09405625 1.5269438 1.26976871 1.08102858 1.02626443 0.79396075
    1.19814789 0.691876352 1.45231831 1.39939654 1.3889395 1.04134333
    1.63653517 1.60909498 1.52852023 1.7527442 1.76456666 1.31425822
    1.06005991 1.29440653 1.51945293 1.0176748 0.882346511 1.78112102
    1.48799205 1.40068614 1.14363825 1.15269744 0.759028614 1.43631673
    1.37838876 1.60927689 1.24933779 1.53704286 1.74657512 1.76815081
    1.80511439 1.5637145 1.75167656 1.09873283 1.63443911 1.3807745
    1.37811017 0.7995767 1.28697562 1.55907154 1.71999741 1.84009504
    1.52023637 1.60399199 1.29290748 0.917920172 0.762502074 1.414819
    1.18606997 1.31609631 0.810659587 1.28886652 1.32812881 1.70913363
    1.50295651 1.45288551 1.48601794 1.89252651 1.37912035 1.5823133
    1.5518775 0.872331917 1.18404186 1.05195808 1.25669003 1.16370416
    1.20295155 0.852520227 0.922521114 0.970136523 1.6403414 0.902231038
    1.76206052 1.57832992 1.61405373 0.912621677 0.940713048 1.30907595
    0.802587509 0.963666737 1.1917789 0.829456568 1.32688582 0.873092353
    1.06669104 1.6826297 1.34364355 1.44908679 1.32398748 1.63488555
    1.09908009 1.32900929 0.776721358 0.896774352 1.45350862 0.97533685
    1.53712749 1.24199378 0.870201886 1.30299115 1.26722479 1.41366684
    0.824867427 1.15549242 0.847201228 1.32504165 1.72685719 0.794719577
    1.72064102 1.16422451 1.50582707 0.709293902 1.39236665 1.35263073
    1.1035881 1.22495377 1.10016465 0.932108939 1.55759084 1.50655389
    1.59428287 1.50296652 1.72898567 1.58685696 1.38342416 0.714139521
    0.793429673 1.56320512 1.11358213 1.20044482 1.30438268 1.21248293
    1.72480619 1.40210795 0.985504985 1.55202866 0.778976858 1.69013906
    1.17115772 1.51884794 1.49911702 1.37538695 0.816399992 1.64780509
    1.44382715 0.83217597 0.792726874 1.10770869 1.14683843 1.62187588
    1.10441005 1.74722028 1.34153366 1.73250234 1.4921006 1.50018597
    0.939234555 1.74530828 0.820613801 1.46429801 1.37621713 1.22089231
    0.948825121 1.24742937 1.22045314 1.05701172 1.5318563 1.3994801
    1.45636225 1.34717429 1.6793983 1.25231242 1.37880492 1.47591364
    1.0536108 1.83596039 0.978503525 1.30717635 1.39567637 1.48522162
    0.888437033 0.949239731 0.861882329 1.16921902 0.78641665
    0.903387129 1.67492676 1.75511956 0.954508007 1.71662557 0.77815479
    1.13313615 1.3947432 1.46984088 1.01143789 1.53971589 0.92282027
    1.29602361 1.24649036 1.00147092 1.25778663 1.73482454 1.53947771
    1.7492131 0.943600237 1.12292695 1.53876746 0.90657562 1.46406627
    0.825661242 1.30252445 1.34212101 1.0071708 1.06016147 0.79726243
    1.28393078 0.748358309 1.12616634 0.831069708 1.45507455 1.69285917
    1.23584723 1.40875816 1.57786632 1.83727956 1.26031852 1.7196362
    1.73232365 1.26226497 1.20191574 1.13477027 1.61514831 1.78401601
    1.375314 0.97036469 1.28693068 1.37891889 1.19848108 1.83155179
    1.63332689 1.55038738 1.01770627 1.02104926 0.995283365 0.946127594
    1.55993533 1.1340915 1.49236429 1.1389128 1.55665386 0.914294422
    1.6354754 1.53175998 1.40383697 0.762925148 0.729876041 1.27728057
    1.5361855 1.05726111 1.36411715 0.939854324 0.94653964 1.20044351
    1.46576691 1.13889921 1.26867306 1.22158134 1.81915545 1.34712827
    1.3473196 1.3884424 1.20823145 1.78639424 1.20056832 1.67413068
    0.889459431 1.0946871 1.32864654 1.50194979 1.23167694 0.879192352
    0.99818337 1.55508077 0.838089168 1.00487256 1.15524304 1.812572
    1.13104212 1.74295676 0.896416545 1.04048455 0.806757212 1.39243782
    0.896064103 1.26647806 1.21361661 1.70920348 1.46482229 1.68324566
    0.914685428 1.71246147 1.06550717 1.0294261 1.23827684 0.87542969
    1.55231965 0.971982718 1.77295923 1.39821672 1.51461685 1.51004243
    1.72609532 1.63159716 1.37520683 1.89137805 1.81934988 1.78097653
    1.68193674 1.62272537 0.862791717 1.44399786 0.899259806 0.784267187
    1.09543169 1.68939018 1.77631819 1.58790672 1.58464158 1.76592839
    1.17072117 0.845050097 1.5718329 0.809673727 0.988330543 0.887038767
    1.09419048 1.12495911 0.769864202 1.32960701 1.60855663 0.981689215
    1.50186729 1.72679234 1.57620704 1.05934393 1.14057195 1.58670628
    0.99195981 0.677247405 1.09570754 1.69291627 1.56956708 0.946896374
    0.698183298 0.873244703 0.816327214 1.16117227 1.43135893 1.58829343
    0.795532882 1.19561231 0.787654817 1.29070175 1.27803063 0.989769816
    1.52413929 0.871986508 0.709074557 1.31701565 0.667974114 1.05678737
    0.720846772 1.26242852 1.30000198 1.29021668 0.796264708 0.979134917
    1.58571231 1.3484695 1.11743629 1.3940593 0.688744664 1.38316154
    1.4593637 0.958653808 1.0117681 0.737873912 0.958293676 1.61450291
    0.845678687 1.60148168 0.906027853 1.32635021 0.791145802 1.38094962
    1.77329791 0.784055114 0.82910955 1.61847377 1.2322036 0.83595866
    0.747089863 0.856066823 1.24719918 1.41843379 0.994962215 1.06038034
    1.7548635 1.57803714 1.22390199 0.861357868 1.70622051 1.81128192
    1.64613903 1.50706625 1.68959713 0.976935685 0.934332967 1.05042279
    0.928142905 1.18531382 1.67465448 1.32850957 1.61972678 1.19857359
    1.73744237 1.59933734 1.42873394 1.20729959 1.49119318 1.68602204
    1.75678182 1.25224018 1.44558203 1.4614023 1.5752784 1.71451294
    0.744937599 0.831558704 1.0815345 1.7094295 1.20743585 1.58122754
    1.50199234 1.67907739 1.0766232 1.25029445 1.57436991 1.30402207
    0.916741729 1.61781764 0.803564966 1.33335149 0.688396275
    0.918198764 1.02280509 0.855248988 0.951584041 0.939562321
    1.24294567 0.97722131 0.978203654 1.02769506 1.62833464 0.88018024
    1.23981595 0.804247975 1.3426882 0.871586084 0.895229399 0.721430182
    1.62976599 0.968580544 1.66936576 1.5208981 1.60612381 1.55570173
    1.73653376 1.8126967 1.32337654 1.51873183 1.77427876 1.03439724
    1.57206714 1.25414062 0.830695868 1.10053718 0.908971071 1.61599314
    1.80375576 1.15915549 1.75420606 1.60552061 1.73670936 1.81621242
    1.72206044 1.84509397 1.78794348 1.80948484 0.773882508 0.777294993
    1.65717864 0.942601144 1.68139744 0.997919083 1.65861034 1.55039573
    1.55967951 1.37703371 1.64204526 0.840894997 1.45839393 0.894986987
    1.52895224 1.18023252 1.17482841 1.72011566 1.49161518 1.41406274
    1.32912958 0.939033091 1.1426959 1.81201458 1.57795203 1.42401767
    0.925959349 1.68130589 1.79182863 1.58461618 1.20892584 1.79704034
    0.990009069 0.794708312 0.777541757 1.27786791 0.950017929
    1.41002572 0.949836433 0.795964658 1.66877818 0.829099834
    0.921585441 1.74513793 1.13909388 1.25602257 1.45256162 1.60321844
    0.788479328 0.81726557 1.25373316 0.816288888 1.67457235 0.944736362
    1.51728034 1.11990905 1.03580904 0.983721912 1.621526 1.336007
    0.807483971 1.72831059 1.77428794 1.39154065 0.843155324 1.18815923
    1.60151529 1.80750811 1.84934354 1.82979763 1.5991869 1.60403693
    1.1403234 1.01488948 1.1573565 1.13299978 0.98292768 1.55351949
    0.845422029 1.63344133 0.827791035 1.00877893 0.763097227 1.39376915
    1.24372268 1.25280607 1.38326097 1.52086735 1.32507837 1.72753668
    1.41197288 0.907213509 1.69706607 1.45495498 1.74633098 1.23745644
    1.5428561 0.850044072 1.37392461 0.90266037 1.56141162 0.902362406
    1.4956423 0.916323721 0.656989396 1.2920332 1.04423571 1.50789738
    0.779527724 1.11580515 0.954392195 0.866278827 0.711135328
    1.16982603 0.757765055 1.44123411 0.704146147 0.691990435
    0.683549762 1.0998224 1.38444531 1.38770199 1.70735443 1.68847954
    0.942592025 0.758036017 0.885978222 1.05029225 1.08396053
    0.988368869 1.00555897 0.969439089 0.823403418 1.56796873
    0.961282134 1.4443295 1.65904605 0.95085001 0.795528114 0.689208329
    1.60668623 1.10036266 0.876706958 0.805816591 0.907004952 1.48797905
    1.15333128 0.937757492 0.688830495 1.26997101 1.04270506 1.05492234
    1.51047051 1.11550963 1.43668902 0.799708068 0.827709734 1.45382392
    1.70027053 1.5568341 1.53960788 1.46754014 1.51821017 1.47871137
    1.54942298 1.6416409 0.972868443 1.7660991 0.931559801 1.07374144
    1.04168522 1.61908448 0.885762334 1.41674066 1.6050179 0.805077076
    1.3277576 1.27896345 1.5131247 1.23819709 0.968401134 1.22751868
    1.61541963 0.998154104 1.83307159 0.955967009 1.55567193 1.5005008
    1.74307001 1.44711578 1.11541879 0.967470169 1.33199084 1.61125767
    1.48342943 1.3266381 1.11397731 1.01615834 1.30276418 0.832555056
    1.07765639 1.41678798 0.753645897 1.48399806 1.02518225 1.25763261
    1.57160902 1.74919975 0.975247979 1.50507009 0.827886641 0.911894441
    1.37679958 1.4213897 1.66329479 1.20061409 1.03869677 1.30279481
    1.03648674 1.3363198 0.907236099 1.38705039 1.51106071 0.827885866
    1.33091235 0.806651831 1.5347482 0.652051628 0.838440478 1.27632058
    1.27792811 1.49655688 0.821300328 1.68220127 0.914176464 1.83393478
    1.33799267 1.9257139 1.54824078 1.06332064 1.34412956 0.916133404
    0.786045253 0.664665639 0.806302369 1.43184817 1.00983322 1.22034466
    1.242836 1.52168393 1.82202733 1.12478423 1.80935466 1.03554678
    1.34618044 1.46908057 1.34768236 0.860941529 0.937849283 1.45082664
    1.79393029 1.48314738 0.944676876 0.960583568 1.35000348 1.36608684
    1.25149941 1.29593956 0.945719302 1.75374818 1.42164087 1.41840065
    1.23636067 1.74656355 1.60275233 1.57923448 1.13372803 0.879810095
    1.51000881 1.43144834 1.31236172 0.851486266 1.15078211 1.39904106
    1.19471741 1.68271458 1.19514871 1.42267787 1.13216496 1.69046247
    1.34256542 1.09387362 1.37635851 1.685956 1.56340373 0.932508171
    1.65892231 1.19634533 1.41781187 1.12535965 1.20687854 0.855233669
    0.82972616 1.46033287 1.1988734 1.32936859 1.66312444 0.764710128
    0.916259766 1.44235003 0.977813482 1.41734552 0.896460533 1.34524238
    1.01983082 1.50795412 0.797539592 1.36926961 1.11552846 1.19193625
    1.69722533 1.26888788 1.4036572 0.857482731 0.941279292 1.53907955
    0.850788116 1.08722103 1.09142303 1.26212478 1.19778645 1.37201619
    0.904952586 1.69036698 0.817192852 0.710561097 1.65296149 1.38415384
    1.27642477 1.71321559 0.875392258 1.23614502 0.970054567 1.34996653
    1.39362907 1.6189853 0.939492226 1.59891307 1.7340883 1.48014712
    0.972436368 0.987195969 1.5963279 1.40592122 1.74129379 0.964318931
    0.857380986 0.877480268 0.996179104 0.967324972 1.23516297
    0.806974173 1.10464191 1.27327549 1.32308137 1.38802576 1.18103385
    1.59936714 1.05983579 1.36356986 0.790320814 1.02375317 1.03599477
    1.03818846 1.35999012 0.870501995 1.57212448 1.25153077 1.2469275
    1.16850638 0.99824363 1.33068085 1.37492037 1.09810388 1.75899148
    1.306427 1.2150954 1.30067575 0.78472966 1.77171421 1.47800422
    0.770571351 0.820456028 0.987000704 1.35897267 0.661068738
    1.35032856 0.663683653 0.783313096 1.03963327 1.39746082 1.00943708
    1.03149116 1.03659511 1.48995531 0.975834668 1.34099722 0.934837818
    0.997421443 1.54657876 1.51198852 1.39488614 0.98740834 1.74966645
    1.39110792 1.60839427 1.74092102 1.69565928 1.38109696 1.10694909
    0.935547531 1.61705625 1.67751014 1.3648715 1.20557046 0.960213661
    1.72568285 0.883560061 1.5266782 1.05227137 1.54986584 1.57535887
    1.59501207 1.11487222 1.53852451 1.31686342 1.64534748 1.74932516
    1.52448356 1.55516553 1.20818579 1.7443732 1.46651781 1.34437919
    1.79504967 1.73382795 0.980360806 0.769197464 1.25690079 1.0549649
    1.40858185 0.835321844 0.775887668 1.35870564 0.96744591 1.65035677
    1.04930747 1.22310507 0.943036616 1.18603969 1.11222458 0.756019771
    1.31859088 1.15983939 0.83965677 0.916587114 1.48728585 1.39573097
    1.01598525 1.67047274 1.48535752 1.62326646 1.23704338 0.926667571
    1.22535372 1.14057505 1.47881806 1.56511271 1.23123169 1.34550178
    0.688016951 1.06095934 1.60935652 0.753421664 1.07514 0.912949741
    1.71346033 1.57383335 1.34781802 1.21763325 0.948305964 1.83061814
    1.81462133 1.83284473 1.79443502 1.17624021 0.831825733 0.606636345
    0.546641588 0.623124957 0.745502353 1.09803998 1.05719066
    0.986706316 0.77639991 0.868329704 1.07833648 1.48791897 1.44134593
    1.44809604 1.67813623 1.14767492 0.939837277 1.70215118 0.814163923
    1.54660034 1.06629181 0.978299677 1.66234243 1.51561821 1.58777273
    1.7585845 1.47461641 1.79205918 0.869002163 1.47072792 1.01172733
    1.40311325 1.41022944 1.23015499 1.25445306 1.42051768 1.19179428
    1.40410352 1.77522945 1.81196713 1.74535871 0.923397183 1.4360584
    1.17203116 1.80714524 1.33978689 1.24170256 1.38745952 1.10098386
    1.21465027 0.943049967 1.60375702 0.889012218 1.39752722 0.854896188
    1.28031921 1.05505097 1.77166557 1.85676324 1.78544331 1.35748506
    1.75607634 0.761704385 1.24926031 1.18938529 1.66953897 1.62170565
    0.782465219 1.37305892 0.799326181 0.965163708 0.862810969
    1.26722765 1.63939416 1.13944972 0.969323874 1.71836424 1.28200698
    1.65989542 1.23380613 0.953051507 0.801656663 1.22853458 1.18975544
    1.67285931 1.44280994 1.59666574 1.10261762 0.906833768 1.39964604
    1.70506918 1.65862012 0.927711666 1.67383802 1.33602607 0.76224184
    0.852037132 0.691595435 1.08520162 0.84864068 1.33516908 0.806809306
    1.39658165 1.2595458 1.18453622 1.24347508 1.53635502 1.52971482
    0.956248224 1.08606708 0.84838593 1.27609742 1.14462078 1.77018547
    1.72765744 1.12918878 1.07505 1.03137612 1.53428996 0.715439618
    0.710159361 0.998890162 1.41047728 1.35844004 1.13126314 1.22592592
    1.61396158 1.14817345 1.25014377 1.5815779 1.28324234 1.41421783
    0.806618094 0.80259192 0.706362963 1.51097381 1.19175708 1.2737273
    0.838620782 0.924306035 0.993950188 1.1126895 1.78160107 1.44163215
    1.55731118 1.26189601 1.80040658 1.55689001 1.66526365 1.35948169
    1.57115757 0.936519682 1.34638619 0.909413755 1.16848135 0.993939042
    0.84414947 1.3839407 1.65646899 1.04403985 1.34429085 1.14338422
    0.730058432 1.41451287 1.48997939 1.14012039 0.749023497 1.45292437
    1.62492454 1.01634181 0.865195453 1.10353637 1.63519776 1.33581889
    1.19101036 1.49380791 0.93084228 1.32002652 1.35111797 1.44927073
    1.73118842 1.27272654 1.66425419 1.05334628 1.30849016 1.0546093
    1.08196795 1.17953873 1.57786548 1.02355778 0.937998235 1.65142858
    1.54430449 1.03107679 1.43191946 1.39090264 0.94526583 1.52701998
    1.69500697 1.87950611 1.29600644 1.25135076 1.23849761 1.61500239
    0.960200608 0.851562858 0.759686291 0.814497352 1.37684488 1.0841558
    1.3689065 1.29950154 1.48680246 0.897230029 0.993778408 1.66116142
    1.18924975 0.797555327 1.27025366 1.7067275 1.21973753 1.59027338
    0.80039376 1.05710006 1.51047158 1.17730081 1.16651547 0.782373846
    0.811027944 0.969834268 1.02327931 1.36763561 0.922457635 1.26262534
    0.868861079 1.09738755 1.43099463 1.77023375 1.6228956 0.834685385
    0.709620893 1.25952435 0.871386826 1.16167974 0.650013089
    0.974551678 0.971007109 1.56243634 0.835584342 1.30513787 1.00521195
    1.84744668 0.919802368 1.48397923 1.34968913 1.44395888 1.2503252
    0.807500541 1.07140338 0.789282382 0.784273088 0.719136119
    1.47096431 1.32552743 1.36135256 1.32137287 1.36499643 0.781725943
    1.01805151 1.55949914 1.71390176 1.56735468 0.814469457 1.34345508
    1.39040709 1.4117763 1.50824094 1.30285299 0.943899214 1.58130825
    1.65331411 1.68437028 1.24527681 1.48378336 0.977173865 1.42515993
    1.76928616 1.57767439 1.38505793 1.18387687 1.65370679 0.772903562
    1.15032804 1.10606349 1.14157546 1.77023089 1.59209836 0.969901681
    1.83286297 1.12783253 1.84237504 1.28770912 1.8712101 1.43587363
    1.12126756 1.39727938 0.961860776 1.36112273 1.08813226 1.41026127
    1.01676667 0.909258246 1.37913585 1.32460558 1.71730769 1.53798175
    1.82788873 0.934696794 1.19254243 0.891219258 0.806644142 1.14873743
    0.967811048 1.34296858 1.26576674 0.713153064 1.32807672 1.62996423
    0.92892468 1.21102571 1.75805855 1.05251133 0.79972738 1.08436882
    1.03599012 0.753585935 1.06868839 1.57969713 1.34944999 1.6097492
    1.35127568 1.08899999 1.01050234 0.743448913 1.38500905 1.05915511
    1.58209801 1.25033247 1.38479149 1.40877938 1.62478042 1.56080759
    1.58160889 1.25201404 0.710537851 0.857299566 0.815778255 1.06731033
    0.939707279 1.36717558 1.1088624 1.37638378 1.66490221 1.07937789
    1.25588095 1.63424194 1.37420559 1.5161593 0.970022738 1.57684708
    1.62715065 1.44184911 1.01865602 0.753483653 1.18144214 1.61560512
    1.00031149 1.55663502 1.40950739 1.63160706 1.51774609 1.70600939
    0.927006006 0.933512092 1.54537308 0.831463933 1.48325539 1.33747089
    1.02447498 0.780321896 1.44745946 1.46012771 0.718900979 1.21065152
    1.58804655 1.2006669 1.48899543 1.6214273 1.6800611 1.76990676
    1.4889971 1.51691186 1.03492212 1.7813102 1.1243906 1.28833735
    1.10138154 1.52019107 1.15028954 1.37626386 1.49642909 0.817190349
    1.63306403 0.99285531 1.17927217 1.22952282 1.01292312 1.53534818
    1.14228225 1.08808422 0.897961795 0.729711771 1.09279215 0.879727244
    1.56062305 1.55245888 0.778978288 0.89532721 1.01515913 1.48793674
    1.65311074 1.04352474 1.22216809 1.23774457 1.36417568 1.61087918
    1.11742043 1.17251909 0.893301547 1.29343057 0.807119429 1.57478392
    1.08094549 1.28843856 0.727630913 0.761221826 1.45724106 1.65538704
    0.833344996 1.0432862 1.69374871 1.43901825 1.24666023 0.838953495
    1.10133207 1.66844177 1.49251223 0.982668281 1.79408419 1.45895326
    1.00499523 0.825604916 0.75345391 0.85417521 1.06517911 1.74276888
    1.19691312 1.7742877 1.39361036 0.990068555 1.48069346 1.52313352
    1.08385646 1.37619615 0.931320548 1.05122769 1.71276808 1.35565078
    1.31749725 1.3099829 1.50205851 1.44606423 1.09513259 0.788511574
    1.63409388 1.4853977 0.944247305 0.785617411 0.951081991 1.57469678
    1.80558193 1.73527265 1.26208496 1.58451486 1.53974128 0.88527739
    1.24959528 0.877350867 0.826312602 0.940837741 0.826991856 1.5639894
    0.799445152 1.15003097 0.854898393 1.03121662 1.01153672 0.893163443
    1.85729373 1.74937999 1.60075998 1.16090035 1.26433682 0.593027949
    0.430559814 0.679620326 1.49935293 0.627243221 0.965502977 1.4420507
    0.81966126 1.03947186 0.814294875 1.26782846 1.48813653 1.2314167
    1.12471032 0.977973044 0.814666331 1.45612228 1.10779142 0.93679136
    1.55645359 1.03154302 1.24191797 1.49670529 1.53847277 1.82391751
    1.18146646 1.71640456 1.77613175 1.43492317 1.06708801 1.5172658
    1.08372104 1.62133217 1.04285181 1.51872361 1.00871348 1.16152227
    1.67895532 1.14811385 1.63805056 1.45217693 1.63707435 1.67793143
    1.84027135 0.92819041 1.86921859 1.64618742 1.3152895 1.55605364
    1.26892602 1.48540413 1.77075887 1.75775611 1.51297319 1.66308749
    1.05858898 1.39766824 1.60825908 1.69784784 1.79998565 1.00065613
    1.22537637 1.3428036 1.03443456 0.989105523 0.994313121 1.08415294
    0.939882934 0.699898005 1.42026639 0.789150357 1.47770989 1.19304609
    1.4528712 1.76132274 1.55395174 1.12223947 1.22859025 1.46068752
    0.954945803 1.2339077 0.850070179 1.20217681 1.73618722 0.80599004
    1.69078958 1.00985694 1.04254091 1.19993842 1.59969926 1.23338079
    1.62509334 1.421368 1.40580332 1.4895879 1.46831214 0.812509
    0.989883006 0.918691516 0.838613808 1.48892856 0.906799257
    1.22883093 1.75164557 1.75311553 1.43304455 1.74970436 0.854578018
    0.982533693 1.10434806 0.790096879 1.31218898 1.25590706 1.285025
    1.58071184 0.771501124 1.63002968 1.62097132 1.11057007 1.49962509
    1.12328136 1.3956989 1.78141952 1.67550874 1.55648899 1.57326615
    1.66963959 1.22245347 1.39614177 1.29154491 1.17767119 1.23899508
    1.02039361 0.797396481 1.05653155 0.798057854 1.0449264 1.76411831
    1.15876806 1.71518779 0.923879087 0.915880322 1.75732601 1.6757499
    1.75602853 1.30957127 1.7463702 0.925919294 1.50103331 1.00649428
    0.811728299 0.96339643 1.6090008 1.21893716 1.45321512 0.78268224
    1.22374368 1.09802389 1.7033869 1.48698926 0.860358298 1.61343861
    1.08458126 0.869913638 1.32444036 1.46851587 1.38871694 0.799901009
    1.64239252 1.21571076 1.20348561 1.31524134 1.23025072 1.84334564
    1.62209225 1.49834502 1.47054529 1.29658163 1.41049349 1.22531188
    1.21060574 0.740095556 1.0906657 0.806054473 1.71134782 1.05117428
    0.733905852 1.44440758 0.813273013 0.791008234 1.2954967 1.16193628
    1.14364409 1.6699028 0.899206817 1.28214931 1.48851728 1.58334398
    1.45790672 1.42656875 1.55074012 1.45497274 1.44378316 1.18447125
    1.56759906 1.39947355 1.73191857 1.62131894 1.22366035 1.76657557
    0.905848444 1.21002591 1.25755823 1.78584027 1.63889694 1.41172647
    1.2094655 0.890091658 1.58389783 1.06003571 0.994368434 0.777028859
    0.828079462 1.25275898 1.67782676 1.12973607 0.884251535 1.0714581
    1.20750725 0.746291399 1.41001892 1.13058567 1.27451456 1.70205283
    1.36961293 1.83602989 1.1044991 1.05012703 0.964425743 1.18823361
    1.28766322 1.41317201 1.67382216 0.777943015 0.778258145 1.4969337
    0.827213824 1.36165977 0.788006604 1.70401645 1.79718173 1.20407915
    1.26854622 0.818968713 1.625947 0.791245401 0.494853318 0.675083995
    0.824812233 0.860791326 1.09970593 0.699291229 1.17024589 1.34940135
    0.811387897 0.757353187 1.22200131 1.5006572 1.74671447 1.41301727
    1.10927892 1.33957255 1.60048771 1.81665182 1.7520417 1.52655113
    1.9441371 1.57197285 1.9253217 1.52196872 1.71961451 1.67233098
    1.28950214 1.56343699 0.863667428 1.58865142 1.59486997 0.972261906
    1.69030523 1.02362025 1.52084124 0.801925302 1.02092445 1.05570805
    1.61119807 1.67226791 1.75523818 1.34435344 0.986080468 0.997774482
    1.86983979 1.23474348 1.58716261 0.892538369 1.16013467 1.36857152
    1.27182364 0.812991977 1.35437942 0.806415319 1.48113215 1.76153946
    0.947578549 1.73462915 1.75738907 0.847602725 1.73265588 0.76383698
    1.50455844 0.988601923 1.1531713 1.20480216 1.04143238 1.55579734
    0.967931569 1.01170933 1.69615614 1.70595193 1.51657176 0.805454552
    0.895853937 1.62299836 1.78336012 1.41529274 1.77561116 1.2525152
    1.48992777 0.978841782 1.44697821 0.937511206 1.48179722 1.55223644
    1.78214574 0.835442066 1.4425056 0.847557008 1.48619688 0.84370631
    1.46216238 1.05043137 1.35655189 1.23560691 1.57941747 1.48504519
    1.39593256 0.805110574 1.60813475 1.21944606 1.03691852 1.43993592
    1.13568234 1.32789612 0.832870007 1.21522427 0.720413625 0.735194325
    0.736456394 1.08634591 1.58364761 1.13889074 1.05782545 0.973588109
    0.929572105 0.707188249 1.27218044 1.43132794 1.6929816 0.971869767
    1.68808818 1.69796193 1.39052701 1.44389987 1.28118503 1.47459722
    0.860588729 1.40022743 1.27023065 1.04917455 0.946555972 1.23227453
    1.02328157 1.12794614 1.56955326 1.3076123 1.31454849 1.43131626
    1.44531953 0.905668795 1.16037035 1.32753026 1.33569646 0.929641306
    1.1132375 0.881597221 1.68521142 0.727392137 0.774581552 0.957441926
    1.25548422 1.36599243 1.50506234 0.86826241 1.07610369 0.952464402
    1.37631047 0.809539258 0.870614886 1.23064017 1.13302064 1.04985034
    1.02909374 0.914854228 1.28232372 1.17617166 1.42896295 0.932830453
    1.76698208 1.21675611 1.51471341 1.84941638 1.58283782 1.78035212
    1.26410937 0.886577368 0.765679717 0.967205465 1.13269496 1.49243569
    1.49267375 1.58511293 1.02020192 1.32920384 1.64397013 1.18793106
    1.29655099 1.01993537 0.756371558 0.821379781 0.81895107 1.33485377
    1.11588395 0.993126988 1.74573827 1.22426283 0.89687103 1.77803004
    1.75566447 1.1320461 1.31694448 1.32738233 1.74329782 1.46299028
    1.30620003 1.22005868 0.886332989 0.917653561 1.24556255 1.78381586
    1.52687562 1.48312426 1.75970459 1.36417902 0.888195038 0.987552524
    1.70175815 0.86781323 1.1885792 1.24434578 0.766981602 1.17712367
    1.54101467 0.752794266 0.663657606 1.21465468 1.40913475 1.56062865
    1.63602841 1.4658078 1.86689901 1.22503328 1.33411074 0.850940704
    1.52148068 1.54651356 1.0200932 0.861744583 1.79710245 1.40697479
    1.79309142 0.960590601 0.779097438 1.37531984 0.7740888 0.814053774
    1.68901145 1.68059218 1.61618352 1.02443039 1.76613379 0.97617954
    1.0271157 0.714098871 1.15534401 1.07477963 1.47178388 1.377985
    0.669386089 1.21141112 1.36193383 1.466097 1.31463265 0.928780317
    1.71899855 1.57995236 1.85119104 1.72731328 0.898813546 1.51666617
    1.5647819 1.53120971 1.65800869 1.84492528 1.5855689 1.90941596
    1.56967497 1.70300984 1.45774031 0.965705395 1.14150488 0.817059278
    1.36485744 1.22153032 1.51297784 1.76180613 1.08377194 0.834476411
    1.0078001 1.02059877 1.54831028 1.6961602 1.78730607 0.949313045
    1.36943448 1.07130849 1.35206378 1.30407071 1.59608924 1.78175163
    1.78825617 1.67350137 1.31621921 1.42711568 0.882686555 1.36911929
    1.53560722 1.51613057 1.57768762 1.15370584 0.783275783 1.01871872
    1.16100073 0.902026772 1.65920353 1.66414249 1.16569722 1.08739245
    0.933737934 1.25319982 1.32566929 1.21933377 0.871424079 1.3698262
    1.02944672 1.26134765 1.37349141 1.26776099 1.24399006 1.62683511
    1.0859611 1.09152162 1.57256651 1.79446042 1.71747267 1.09354055
    1.68633389 1.27493894 0.954363167 1.30578244 1.77304256 1.55650353
    1.19505155 1.58569694 1.01481986 1.39258063 0.886946857 0.786279798
    1.4708885 1.71902323 0.923450291 0.940034032 0.914036989 0.870598018
    1.54824936 0.814947605 1.59561086 1.528759 1.51661325 1.48659229
    1.51541781 1.3685317 0.902850986 0.893559039 0.977911294 1.4585427
    1.29998398 1.2446295 0.786340892 1.6289748 1.00119567 1.06807125
    1.26748419 1.19825387 1.7989043 1.09746468 0.936101675 0.837934256
    0.78326273 0.75505954 0.911890328 1.61138988 1.27153814 1.19243097
    0.848418355 0.783028245 1.37839603 0.787951708 1.70336723 1.6250701
    1.33924007 0.800450027 1.35662282 0.80285275 1.55887508 1.60228884
    1.20040655 1.48011553 1.41487408 0.86402297 1.40935695 1.43107617
    1.54396284 0.779383838 1.04355168 1.27389991 1.40400541 0.929253757
    1.64137805 1.55756187 1.52939403 1.82433307 1.6539582 1.37792087
    1.68718016 1.66948867 1.15145111 1.491642 0.920437932 1.66709995
    0.913773417 1.22183597 1.34163916 1.08715677 1.52987123 1.36722994
    1.46566832 0.896797299 0.913158536 0.995085299 1.76389146 1.71265495
    0.762079537 0.701212645 0.858350575 0.749634802 1.00316048
    1.45132148 1.53658056 1.69861794 1.3719691 1.38422441 1.35216165
    1.64076006 1.40865934 0.751215279 1.37764704 0.940607786 0.879104793
    0.898353696 1.58149493 1.15654325 0.874555886 1.23807919 1.32399333
    1.36628866 1.57452917 1.46851194 0.894238055 1.61787975 1.03771293
    1.05736148 1.04962385 1.21098435 1.78842235 1.8437258 1.37479973
    1.68865609 0.934013546 1.33204269 1.4400363 1.56022787 0.841528952
    1.22047448 1.52217484 0.787921309 0.778789163 0.991603076
    0.693566263 1.30080664 1.01747751 0.976162374 0.900397301
    0.915531576 1.13506103 1.65891171 1.78627479 1.77725005 1.63718247
    1.79703307 1.06802022 1.03491282 1.75045347 1.45861089 1.73387671
    1.61582196 1.6734525 1.73386645 0.994593799 0.858071327 1.66173363
    1.54879379 0.815405011 1.28436875 1.04050148 1.22079623 0.956170738
    1.25931334 1.51365447 0.698091447 0.594209671 0.497346342 1.50750458
    0.71416539 1.39598644 1.29977274 1.44701111 1.02217805 1.02006173
    1.08637333 0.887273014 1.61581933 1.83428514 1.4666239 1.5897125
    1.2005738 1.82720876 1.77869964 1.77752769 1.99357259 1.74116921
    1.49369025 0.997984886 1.59354258 1.05368769 1.16682458 0.816348374
    1.0876559 1.14011955 1.06082344 1.68447661 1.25022769 1.04787564
    1.33893025 1.56899738 1.38109326 1.65164053 1.78891122 1.76501954
    0.997885168 1.26832545 1.56134021 1.29466653 1.22280824 1.32416046
    1.77731836 1.83022571 1.1404475 1.28254056 1.10581613 0.981761813
    1.05758929 1.00153852 0.995848894 1.37957108 1.11448061 0.768402874
    1.63451767 1.73739958 1.28223026 0.984677255 1.74108124 0.91995585
    0.763881803 1.14806175 1.26314127 0.804451883 0.952135026 1.19864953
    0.711526871 1.00793397 0.821643472 0.885541379 1.55676007 0.95264703
    1.09462047 0.939308405 0.872786999 1.62056243 1.74184394 1.66324556
    0.980073571 0.917685986 1.81014013 1.7181493 1.75269902 1.66078138
    1.19265413 1.12234867 0.969691396 1.60511982 0.712639928 0.854312837
    1.43281257 0.856257498 1.11106157 0.934556544 1.43720424 1.31385863
    1.05367076 1.53423285 0.8555004 1.08158791 1.67084157 1.09073663
    0.822871804 1.17878437 0.918193161 1.29787993 1.26725876 1.14287436
    1.18852079 1.3282218 1.69769847 0.951844811 0.937850833 0.704330206
    1.14424396 1.15291989 1.11012876 1.61282265 1.75470591 1.77167034
    0.897911489 0.946769118 1.1885035 0.996432245 1.4835397 1.16203475
    1.36373389 1.50449836 1.01076627 1.6362648 1.54534841 1.03241765
    1.16007066 0.864259124 1.73556077 0.986179888 1.02806926 1.46212852
    0.7907058 1.37534237 0.907738686 1.30335128 1.23651218 1.62439942
    1.35517538 1.08751237 1.47714543 1.17552257 1.19258809 1.21166968
    1.31158328 1.76553106 1.12391198 1.15512311 1.52118528 1.65918612
    1.62020266 1.49130392 1.67880583 1.26626611 0.839710295 1.49205279
    0.958512962 1.20857835 0.929977775 0.747069001 0.821838856
    0.920899332 1.15899301 1.79616582 0.894101799 1.73642898 1.59649539
    1.76974785 1.1719768 1.53950679 0.6640504 0.877934813 1.11787021
    1.27772272 1.44804382 1.56317329 1.20750451 1.08560693 0.804849982
    1.48246658 0.980477214 1.22498226 1.07240283 0.999070823 0.799870372
    1.63674629 1.65884316 0.723517954 1.21407962 1.06637895 1.0169034
    1.4703213 1.02568662 1.66717696 1.23565602 0.920696855 1.51290727
    1.43035364 1.1478647 1.61743176 1.13470304 1.015553 1.82900047
    1.18054676 1.55530071 1.25662601 1.75562298 1.22914398 1.45961082
    1.41607666 1.51100719 1.43212783 0.981596053 1.20289946 1.35461152
    0.76481694 1.02769721 0.878338277 1.65271533 0.824612498 1.06767678
    0.828434229 1.4059732 1.62031329 1.5176152 1.60711884 0.873420715
    1.10852444 1.1469177 0.96290344 1.06151068 1.20637548 1.54789031
    1.8642664 1.69535387 1.09385777 1.42869258 1.40077949 1.20587242
    1.56840515 0.951206028 1.35315859 1.36408186 0.896311879 1.63088417
    1.51596785 0.738792896 0.601744771 0.406552345 1.16969144 1.33394217
    1.26856828 1.00269425 1.516119 1.32341969 1.16238892 0.920979381
    1.10333014 1.68097782 1.47733462 1.28646481 1.69635046 1.59158289
    1.56299734 1.7986604 1.60668087 1.91680741 1.41174257 1.93569601
    1.57099879 1.56363213 0.974130571 1.0182178 1.48912442 0.881678164
    1.33232164 0.819440961 1.20696867 0.954413831 1.64728165 1.75238216
    1.19638705 1.61153138 1.70490134 1.06948495 1.41845989 0.834983528
    1.0856961 0.827192247 1.69236791 1.66530943 1.29824209 1.00106251
    1.02231383 1.63457215 0.898383439 1.57032955 1.12863278 1.42866147
    1.50451207 1.41180348 0.957355618 0.772747874 0.89247781 0.916570604
    1.11740041 1.71347761 1.66718316 1.25888348 0.832241118 1.15802312
    1.01085448 1.41014707 1.03680849 1.45712769 1.25287092 1.25722265
    1.52222109 0.787106097 0.833263338 0.676249623 1.29578173 1.47956383
    1.39917982 1.15524769 1.6901052 1.30138886 1.59311676 0.88906914
    1.81567538 1.32721567 1.8336612 1.71115005 1.52892458 1.39567375
    1.60070026 1.3912375 0.876243949 1.22886384 0.996212363 0.858358085
    1.56324983 0.885035753 1.530568 1.36309302 1.20047152 1.24951398
    1.60111868 1.24374127 1.40753019 1.24564469 1.5954324 1.12021697
    1.64055324 0.877099812 1.34048641 1.21840823 1.40018153 0.851343334
    1.22618878 1.56988084 0.70277977 0.83158493 0.804508805 0.665117085
    0.822241008 1.05933249 0.828939676 1.55779374 1.54930091 0.961894691
    1.58386302 1.31751597 1.21290302 1.16649425 1.06499803 1.57903111
    1.72943687 1.14411426 1.25793469 1.30233479 1.09208131 1.16304648
    1.50695992 1.00037289 1.6807338 1.76908875 1.34124982 1.76962614
    0.942190468 1.53376639 1.13541865 1.42111611 1.49864888 1.6343646
    0.805782139 1.44721925 1.55869877 1.5950321 1.72149158 1.55179393
    1.18061304 1.35035396 1.46205783 1.61335731 0.947050691 1.55987751
    1.25762105 1.71365011 0.902002335 1.35713673 1.40925705 0.714804173
    0.787028253 1.26251388 1.26044273 1.6228168 1.29859126 1.06754529
    1.77582204 1.29425907 0.85347873 1.27260518 1.72557998 1.05480313
    1.02804565 0.991919279 0.845903575 1.3916676 1.26276922 1.5248276
    1.4972018 1.43965614 0.946389019 0.908870935 1.25593066 0.817506194
    1.45371962 1.04382825 1.12835264 1.1984936 1.55979216 0.90162605
    1.18456852 1.6834507 0.707695723 0.803031147 1.16782486 1.02815235
    0.907853127 1.11108398 1.12428105 1.78931725 1.4349463 1.72144163
    1.07718515 1.14013588 1.4314599 1.1002636 1.71657729 1.49823177
    0.845041037 1.26369417 1.32653081 1.24731576 0.931571126 1.67069519
    1.64865196 0.805148482 1.17043674 0.73053956 0.689706802 1.34836257
    1.66109324 1.37667644 1.27886832 1.07241595 0.831426978 0.930053234
    1.77352941 1.46580315 1.5259639 1.14134347 0.840466559 1.37370658
    1.1986171 1.42031121 1.25397778 0.993555605 1.87038386 1.47149897
    1.29360521 1.26726031 1.06978595 0.963794649 1.41359437 1.22349679
    1.78901601 1.33926737 1.69913459 1.37852204 1.36856091 0.749028563
    1.43270671 0.679564416 1.1347084 1.06780589 1.41009116 0.975555718
    1.19789433 1.29583299 1.07406867 1.35357833 1.2956295 1.46610463
    1.16613507 0.916205943 1.65409017 0.981475115 1.91881239 1.01176381
    1.56927168 1.39963973 1.74011219 1.94513929 1.60922647 0.978629529
    1.43010187 1.40469944 1.58337224 1.54570878 1.72244084 1.40743697
    1.58960378 1.38799918 1.09423506 1.80464268 1.27979612 1.31836855
    0.998432219 0.819326639 1.01653314 1.0713985 1.15808427 1.23873425
    0.815281451 1.18545723 1.71279287 0.915053308 1.46609259 1.18317711
    1.56121123 1.76139164 1.23360574 1.18886459 1.35154724 1.20139229
    1.06548083 1.10117364 0.728337109 0.784498572 1.30000949 0.828835785
    1.19221807 1.52693915 1.52836883 1.48513997 1.24804997 0.888948321
    0.957196295 1.1920861 1.0740068 1.07367349 0.802232623 0.874936819
    1.55732775 0.939420938 1.30350935 0.987931728 1.44785774 1.44716942
    1.01593375 1.82017708 1.50120533 1.50598121 1.536852 1.20180333
    1.49206209 1.83550799 1.41035211 1.77965534 1.81285429 1.57495594
    0.843366086 1.37843955 1.65146804 1.25631011 1.25387681 1.04819298
    1.50232589 0.903359532 1.64807785 1.02059424 1.01275456 1.20831406
    1.52880239 1.66967201 0.938378215 1.32567966 0.897829354 0.789096117
    0.824614704 1.47446239 1.13888514 1.50307131 1.66763484 1.12226987
    0.924569964 0.737147987 1.13963842 0.838539302 1.14280879 1.60802877
    1.71455443 0.900751531 1.64043772 0.937870622 0.953835785 1.06047297
    0.68688333 1.0724802 1.43479609 1.75757802 1.18456829 1.44563556
    1.50341725 1.13234866 1.28006339 1.06509578 1.69989991 0.808780253
    1.35228121 0.855206132 1.50989187 0.865612507 1.82271647 1.5762409
    1.57556534 1.18260884 1.21749091 1.06701124 1.41366827 1.26481748
    1.28390586 0.850849867 0.939858854 1.69289672 0.832414806 1.39124036
    1.17603672 1.64302564 0.982757211 0.855042696 1.02912283 1.10203505
    1.29780304 1.76462936 1.40212381 1.18332195 0.700119972 0.89287895
    0.774355292 1.07202947 1.13070083 1.57655549 1.71209264 1.75609338
    1.05605662 1.08701682 1.25647676 0.883802474 1.45795357 0.866484165
    1.16936135 0.740318894 0.712720513 1.03274751 0.816827714 1.39725471
    1.6323359 1.11645663 1.39626575 1.40398562 1.45742118 1.3195647
    1.71617031 1.08881056 1.36652625 1.67288291 0.844835401 1.5496217
    0.930953264 0.911031067 1.05043566 1.58763444 1.35803688 1.32522166
    1.3686229 1.3868928 1.68353379 1.48818636 1.72341919 1.59090042
    0.982237339 1.32215786 0.869306207 1.49358344 0.913649082 1.11520505
    1.55097985 1.00554228 1.59350395 0.844754517 0.839532912 1.57697117
    1.0207988 1.12366104 1.02853811 1.37402391 1.18863249 0.93034482
    1.43373263 1.47615206 1.71016181 1.55111122 1.11580503 1.78301072
    1.72806001 0.973160148 0.976212621 1.26682913 1.57688022 1.5592289
    1.72138035 1.53114259 1.75848782 1.00011444 1.77768111 1.12277114
    1.65329242 0.787427723 1.04097867 1.68322647 1.43186879 1.76873958
    0.846675158 1.75307035 1.09478188 0.712338209 1.15920162 0.955726385
    1.36449409 1.12662089 1.78439403 1.45270276 1.53899634 1.37574828
    1.0081588 1.5238744 1.6714617 1.74921668 1.41994798 1.57666171
    1.60403645 1.79717088 1.49513781 1.64403629 1.5494988 1.85973346
    1.89839292 0.985490799 1.501405 1.65903401 1.28215325 1.81371212
    1.41290092 1.23231387 0.836420715 1.37348533 1.4627471 0.941048503
    1.57701659 0.918502748 1.62916684 1.71421754 1.5147332 1.12787843
    0.815722406 0.854441226 1.62827313 0.77795136 1.37697434 0.911569715
    0.727225542 0.734897554 1.09230447 1.49830127 0.787628829 1.74566305
    1.11962974 0.871990323 1.49451303 1.67395568 1.75826168 1.43297875
    0.788699329 1.66088057 1.60151231 0.992821157 0.730056882 1.04365754
    1.68090522 1.13229454 0.998922706 1.2040627 1.63465655 1.42142785
    0.771988034 1.59329808 0.762945533 1.42340434 1.32234776 0.695727766
    0.886733294 0.71612829 1.58519328 1.45549119 1.5548079 1.21904182
    1.80509388 1.60998058 0.856578469 1.6643393 1.59812653 1.43692219
    1.25576079 1.41977 1.09784126 1.69951653 1.24691498 1.54167092
    0.781473815 0.98190558 1.61081076 0.844466507 0.785985768 1.22645533
    1.7608223 1.49073088 1.44720542 1.1952188 0.873048067 1.0488894
    1.48197126 1.12237346 1.54149652 0.892762661 1.2745589 1.3881532
    0.935549438 1.12693059 1.28514183 1.23599553 1.56381285 1.43439543
    1.33475387 0.800897896 1.64358485 0.921420395 1.52777755 1.65456581
    0.875078082 0.794729233 0.699414611 0.993087828 1.09910238
    1.44775927 0.92363745 1.07911527 1.75985086 1.23429894 1.31614113
    1.06009471 1.60763764 1.23164248 1.42187822 1.69949961 1.09219837
    0.999329686 1.46023786 1.37412977 1.58826125 1.54666662 1.68578792
    1.64156246 1.08622169 1.22126055 1.02056861 1.34260213 0.874218583
    0.892439008 1.23681784 1.30977583 1.53464413 1.19362354 1.35183287
    0.999913931 1.43940639 1.67600751 1.64246905 1.70709157 1.36364138
    1.53724527 0.93164891 0.934195042 1.15588307 1.15854359 1.13909721
    0.93042028 0.913798928 1.70193279 1.52592552 1.61755157 1.66229224
    1.31076288 1.10822237 1.06790257 1.09100354 0.759127021 0.961115181
    0.936908782 1.21889508 1.27077186 1.60531127 1.3969419 1.24763572
    1.15757728 0.757245421 0.735587716 1.52057946 0.865403116 1.35463488
    0.867868423 0.974722087 1.31044078 1.02032781 0.834667802 1.25644362
    1.36236775 1.17959034 1.28586292 1.27447474 1.78267872 1.22898018
    1.85767388 1.72403669 1.06359935 1.01392519 1.02931428 1.11711717
    1.50159538 0.897678614 0.870330215 0.882606566 1.203264 1.12488914
    0.793692172 0.830250144 0.81292522 0.943614483 1.53323829
    0.918919265 0.844433427 1.49564564 1.23146605 0.948718965 1.63955796
    1.37278724 0.929372847 1.40780926 1.11096191 1.78995204 1.19262004
    1.58867729 1.05853784 0.856127858 0.974640846 1.57054067 1.26830363
    1.61116743 1.46572685 0.967765033 1.58283615 0.948908091 1.15912199
    0.802222192 1.58241451 1.34511971 0.942550421 1.30520713 1.22792017
    1.0474596 0.902407944 1.41980076 0.692364872 1.07782125 0.544890583
    1.56840575 1.61322355 1.55157745 1.37081337 1.41079628 1.621508
    1.76745677 0.935445964 1.07182658 0.887304783 1.19766414 0.795883834
    1.35501981 1.63619161 1.6438911 1.88131106 1.68023145 1.27211463
    1.46138656 1.17836976 1.39576399 1.67627656 1.28027308 1.76449692
    0.952322423 1.39136088 1.38648355 1.13711727 1.66971779 1.39664376
    1.74296021 1.58962393 1.35151505 1.33219147 1.10904443 1.44531536
    1.61839342 1.05949903 0.943702757 0.960453033 0.97506839 1.62256289
    1.04447472 1.11413407 0.843240976 1.04652989 1.35972297 1.72536707
    1.10896146 1.5113436 1.323874 1.52343047 1.65393746 1.61404061
    1.10505247 0.923994124 1.2805953 0.801798761 1.70099866 0.910272777
    1.48264694 1.15850735 1.57237494 1.80977774 0.994057775 1.04561675
    1.70495892 1.30444431 1.53970134 1.57419634 0.728527129 1.41276145
    1.58071935 0.709906578 0.924464881 0.993404508 1.48721135 1.28288603
    1.36242461 1.18826866 0.861406982 1.04065859 0.945051551 1.29144287
    1.52029848 1.05194998 1.47014809 1.34903848 1.07187796 1.58162332
    0.791498423 1.28046846 1.09018946 1.39537692 1.00192893 1.18806243
    1.1136179 0.970278084 1.71627033 1.21472394 1.29447687 1.5070976
    1.38576055 1.71940947 0.900126517 0.954648495 1.16911709 0.749701321
    1.2534858 0.983936429 1.31644809 0.916086555 1.70252752 1.41549921
    1.07358396 0.811506629 0.939179003 0.861906588 0.797671914
    1.16840124 1.55249739 1.11749113 1.59770405 1.41222632 0.986781597
    1.23700845 0.968778193 1.7224195 1.4227159 0.856553435 0.8135252
    1.24778104 0.925895631 1.07641053 1.55043304 0.962167859 1.35157847
    1.16773546 1.67491961 1.38096368 1.75892293 1.3588438 1.8183248
    1.11922407 1.75320256 0.771111727 0.866002321 1.20958471 0.91223979
    1.3792845 1.63606024 1.10287297 1.47324407 1.18841112 0.996782124
    1.53518188 1.78229916 1.18009531 1.19770169 1.4613204 1.44506335
    1.72535002 1.58853495 1.70937705 0.908117235 1.3628701 1.35225415
    1.44015455 0.970977068 0.932867527 1.63993943 0.907149792 1.72246587
    1.12331784 0.933600903 1.24381101 0.730381191 0.914285898
    0.782967746 1.11001027 1.40940785 0.833158433 0.948490381 1.22286737
    0.828304887 1.14854634 1.333076 1.46484721 1.14312887 1.18651462
    1.08179319 1.64323318 1.52059042 0.809349597 1.48167849 0.995205224
    1.37137222 1.09039283 1.28302658 1.12312365 0.969187081 1.13558352
    1.76908743 1.23581493 1.00361359 1.28907955 1.81819558 1.62350702
    0.938273966 1.58865535 1.06150699 1.56781852 1.19631577 1.3130703
    0.72991538 1.16616845 0.850935936 1.70601177 1.54290223 0.818016529
    0.980938494 1.29387152 1.75928056 1.68096924 1.82599473 1.44220853
    1.00188899 1.11210334 1.57772005 0.780466139 0.800839484 1.71007836
    1.23785257 1.08340573 1.05635977 1.17444587 1.18622804 1.18870091
    1.30866003 1.02255619 1.36074984 0.839392245 0.711458325 1.6280098
    1.06101 1.12389553 0.777186871 0.743825853 1.05917549 1.10843444
    0.920981407 1.21485555 1.54361486 1.50950515 1.46168768 1.03797865
    1.04700673 1.56229055 1.25780618 1.57400858 1.81129122 1.76883531
    1.19794691 0.948829889 0.851539254 1.4448725 1.27361214 0.73414588
    1.35281479 0.806434631 1.86792731 1.74178076 1.9445616 1.91380811
    1.40153658 1.47479486 1.77389872 1.87232363 1.73058021 1.58484662
    0.836415529 1.44393146 1.72478783 1.45530403 1.65970266 1.14615858
    1.27705276 1.40142357 1.04063666 1.24523866 1.73980749 1.23943949
    0.767197311 0.746205747 1.67537928 0.761810184 1.56732452 1.05122769
    0.687603593 0.718580604 1.02624297 0.728120029 0.954263568
    1.76407802 1.75894749 1.56598413 1.42855263 1.65681577 1.33099341
    1.71540034 1.22730839 1.22834539 0.953827977 0.907448649 1.4798274
    0.817096353 0.91645509 1.66365552 1.44814432 1.28412402 1.20757174
    1.53263295 1.01815784 1.03097785 0.983248174 0.999917507 1.31251621
    0.902000427 1.08208823 0.950865805 1.74537933 1.68331456 1.03643203
    1.57585239 1.55163527 0.915760815 1.28163576 0.794953108 1.700899
    1.75502241 1.25694489 1.33604145 1.50452435 1.20308363 1.41934144
    1.73889887 1.36191559 0.837984383 1.37961137 1.33082819 1.55722487
    1.28675735 0.924092352 1.05089962 1.6930567 1.60678828 0.875901818
    1.6905787 1.53688586 0.923447073 1.60532725 1.20482159 0.856278002
    1.18194342 1.52855039 0.863492072 1.74649417 0.885025382 1.64042997
    0.942143381 1.47485781 1.69996727 1.13102984 1.14446366 1.21970451
    1.60316515 0.738786757 1.56860769 1.71359372 0.792182446 1.092664
    0.901732028 0.818952858 0.816128552 1.39308381 0.94088608 1.25765419
    0.910256088 1.20845842 1.56052113 1.48004162 1.19331765 1.46514881
    1.7187928 1.46694064 1.35372925 1.18327951 1.7537241 1.37095034
    0.886815965 0.879227519 1.25913334 0.885616183 1.53767753
    0.891621768 1.4240526 1.42381263 1.77143157 1.10659158 1.80870795
    1.21785676 1.68677413 1.2442292 1.81213963 1.80327988 1.01513505
    1.36988461 0.815975904 0.892737389 1.46692133 1.30693007 1.13613987
    1.08327818 1.45500171 1.09584785 1.41718554 1.65173864 1.25472188
    1.53853106 1.04097164 0.885486901 1.45682573 1.42873001 1.65370846
    1.50927842 1.33851755 1.53796542 0.78363204 1.13941741 1.08344936
    1.16580486 1.34112513 1.39771438 1.60399687 0.91780144 1.3831805
    1.27236807 1.09024787 1.77860105 1.45356643 1.31821108 1.4925406
    1.24029481 1.49450493 1.10181427 1.5764786 1.61465025 1.37564456
    1.30785489 1.73259163 1.54360712 0.982365727 1.03029847 1.42254627
    1.73009038 1.42938817 1.45593989 0.781076849 1.29516935 1.56004417
    1.032341 1.02895975 1.50390351 1.43817627 1.33711982 1.48015964
    0.765841305 1.05368721 1.83322203 0.962845743 1.81721771 1.8319298
    1.15197301 0.975783944 0.966869056 0.830792546 1.21371019 1.14077604
    1.21562684 1.659428 1.66842914 1.6926527 1.24817443 1.20219254
    1.68828666 0.790742517 1.17244363 1.32181728 0.957189262 1.42424738
    0.873581171 0.977015197 1.01740849 1.30463266 0.88804394 1.70378184
    1.74049783 1.15372646 1.23454463 1.28224468 1.2670728 0.936089635
    0.526491582 1.47984242 1.32445157 0.841374516 0.989935994
    0.986228049 1.50512195 0.967344165 1.5243268 1.33343291 0.924469471
    1.10414505 0.781454384 0.942251325 1.383407 1.50945771 1.55697894
    1.28891695 1.5328989 1.76223266 1.19404411 1.51197922 1.21290529
    1.47306275 1.59805107 1.10823369 1.71569145 1.51940012 0.97947067
    0.981273115 1.59193242 1.81150484 1.25608492 1.66054404 1.59910786
    1.54422343 1.53326607 0.932465017 1.21033454 0.878659368 1.4307152
    1.13795912 0.938393235 0.921207547 1.11794984 1.57671165 1.43531942
    1.1156522 1.42218626 1.45187032 1.23715651 1.25595284 1.30138576
    1.15392792 1.45395923 1.7014755 1.57063389 0.840077579 1.21692538
    1.13373935 1.19354784 1.45752192 1.10539079 1.77996147 1.71567011
    1.3685118 1.71191525 1.73298812 1.06024134 1.4672128 0.834811568
    1.53823066 0.9065817 0.780926228 1.61754298 1.06304526 1.3275888
    1.13669229 1.58499718 0.816381991 1.07419801 1.37165225 1.49934828
    1.767506 1.18192792 1.09103954 1.50151956 0.937023342 1.25351882
    0.992153704 1.09059441 1.21711636 1.60943544 1.07413232 1.34265447
    1.02604222 1.29123306 1.65599513 0.995533526 1.6214118 1.50509834
    1.57590723 1.3222127 0.842696249 1.04373646 1.40250409 1.06106436
    0.775599658 1.37532926 1.22201622 1.00679588 1.26851571 1.58144486
    1.24561059 0.956336737 1.07038522 0.996537805 0.68721211 0.700630963
    0.763824522 1.01696885 0.88929373 1.58532584 1.36061561 0.961088717
    0.76676029 1.62278223 1.0219003 1.5324074 0.895884335 1.48348594
    1.69461787 1.67132366 1.17481458 1.48818064 1.41737843 1.2216506
    1.06295228 1.73898244 1.82476473 1.70507944 1.743958 1.17577732
    1.68439376 1.41792011 1.20475292 1.04036558 1.33113372 0.992421985
    1.27101099 1.39158833 1.14675045 1.48173916 1.13485503 1.52995563
    1.80203819 1.583606 1.45670807 1.33520186 1.01097226 1.55450249
    1.27970695 1.62502313 1.0105654 1.17932558 1.37190402 1.21920907
    1.34951532 0.98198235 1.08611178 0.847941399 0.810443282 1.47718227
    1.3244133 0.749233663 0.922344446 0.991610587 1.72127473 1.69449031
    1.22338557 1.38693583 0.85929805 1.12268615 0.987423062 1.37181818
    1.48781896 1.29217803 0.829262435 1.64716613 1.2962091 0.909235179
    1.7569809 1.64762998 1.47139537 1.40896535 1.40097225 1.02971804
    1.05715704 1.58286917 1.80594862 1.642676 1.54062653 0.936919749
    1.20282817 1.72211742 1.02790236 1.48479176 1.75258267 1.68186605
    1.41040754 0.972044051 1.47962677 1.65084612 1.41328704 1.72033608
    1.05786967 1.56869805 1.1240077 0.94787997 1.68753064 0.841650128
    1.32415032 1.79959738 1.59003103 1.68596482 1.61648285 1.17888796
    1.3199805 0.954709113 1.56141579 1.14507794 1.27725458 1.40823996
    0.920864344 1.44688904 1.6245383 0.951955795 1.25755024 1.79827154
    0.844013989 1.15225482 0.877021849 1.06134546 0.968851924 1.10851991
    0.876253784 1.4637208 1.63193858 1.21375418 0.941928506 1.51990891
    1.55402207 1.05083561 1.12754297 1.19673431 0.737513363 1.13511217
    1.29107988 1.22587681 0.870846212 1.57401943 0.785462379 0.933793783
    1.13044703 1.11212742 1.50014615 0.96115613 0.800731242 1.35225976
    0.766263485 1.51417053 1.33426332 1.66748226 1.59868741 1.43712068
    1.73780286 1.72642004 1.15283871 0.997929513 0.850210905 1.15644789
    1.58211172 0.879709601 1.20384836 0.853161275 1.3981601 1.54508066
    1.02440107 1.71384263 1.1764605 1.30437052 1.29946756 0.952422798
    1.64775062 1.19123852 0.975721061 0.74883014 0.772293091 1.73734486
    0.891916335 1.3831923 1.17571425 1.37704122 1.80610704 0.872032344
    1.76983404 1.37598586 1.74324644 1.30274928 1.68489301 1.81043065
    0.925431967 1.50423014 0.799076676 1.42025864 1.08279991 1.21595705
    1.38502896 1.11755109 1.48368478 1.58268178 1.29044163 0.790070832
    1.17678404 1.66300678 0.712070346 0.965628445 0.945393384 1.63461518
    1.60180986 1.02562737 1.62785697 1.57316256 1.1500839 1.1413461
    1.59989262 1.08172691 1.07005024 1.48982906 1.72697031 1.20254827
    1.53112173 1.05070794 1.13700187 1.76325607 1.57081997 1.51334119
    1.08799183 1.67811513 1.64705193 1.09653234 1.73775601 1.31081295
    1.62683403 1.34054792 1.15303206 1.65284145 0.963572621 0.917144477
    0.8384794 1.68522894 0.953399241 0.937952697 1.41623116 1.50016522
    1.70963967 1.34768331 1.16399562 1.70000517 1.11182213 0.767194271
    1.4852047 1.58683968 1.35817504 0.790616572 1.54161 0.97487402
    1.34873223 1.6787715 1.68574905 0.727374434 1.46160686 1.1823709
    1.38784039 0.907925546 1.26996922 1.44371533 1.43362892 1.60819626
    0.787497938 1.09088135 1.63336575 0.849902689 1.06259394 1.21011949
    1.88199198 1.72504675 1.60866606 0.856851757 0.811769128 1.28199661
    1.11591601 1.00208628 1.22292352 0.79321444 1.06922412 1.33442473
    1.63830972 1.01223981 1.07860887 1.67323422 1.05625212 1.21484029
    1.55405676 1.08125651 1.82837844 1.75647438 1.22825027 1.12061
    0.751532376 1.40399945 1.17765963 1.13680661 1.42447281 1.00846195
    1.36279774 1.07494521 0.944456697 0.993511677 1.2523613 0.719047904
    0.951102078 1.4522723 0.961211026 1.41987848 1.82912314 1.66737545
    1.53466463 1.76679862 1.51135182 1.39803267 1.7269367 0.818022966
    1.17109108 1.38274324 1.610618 1.08203256 1.27667749 1.24224055
    1.33661819 1.50087166 1.51852202 1.14970052 0.838567555 1.21829689
    0.916812301 1.62363744 1.27917564 1.6931597 1.38936508 1.63536704
    0.99171716 1.72002518 1.62294888 1.05629659 1.63817847 1.3246913
    1.18903005 1.76836467 1.09565067 0.943804562 1.69550622 1.66875732
    1.68446183 1.56391537 0.964710653 1.06688321 1.12260854 1.55750787
    1.4778055 1.8369112 1.26449275 1.06302273 1.05090344 0.799920201
    1.71655476 1.3573643 1.34248638 1.83330262 0.887297273 1.40364695
    1.67216396 1.42783391 1.79766488 1.62479007 1.74236655 1.48590505
    0.715199769 0.922446072 0.909038424 1.39810026 0.812616885
    0.686341643 1.058061 0.696642339 1.58100319 1.09966707 1.45044959
    1.0700947 0.751144648 1.10027277 0.874396026 0.614226639 1.2019273
    0.859467745 0.764671803 1.37959957 0.959010422 1.76912928 1.26262879
    1.16479182 1.37624621 0.880884469 0.963627875 0.815734923
    0.804353178 1.38981307 1.34876919 0.946094275 0.923113823 1.09558094
    1.35123158 1.24586558 1.34143126 1.25553346 1.06425595 1.41415513
    1.48724067 1.69005322 0.810068011 1.49662948 1.68735874 1.48573279
    1.83735514 1.56034374 1.05249119 1.18450356 0.803508878 1.58536232
    1.60124946 1.46013546 0.860246658 1.23905206 1.64886785 1.63273108
    1.72884822 1.69910741 1.11850524 1.60243702 0.949455738 1.1220932
    1.73416984 1.55078471 1.68555772 1.05032468 1.25828493 1.66113567
    1.41908967 1.59617794 0.802887738 0.809385836 1.18468261 0.976603627
    1.72825587 1.34480417 1.44430673 0.834517241 1.54567015 0.763084769
    1.20726526 0.749254286 1.1741786 1.43525982 0.828121066 1.57830548
    1.72630954 1.01748204 1.13586652 1.59619272 1.15167677 0.696339428
    1.01694727 0.840852261 1.15227056 1.35538781 1.48204672 0.875632226
    1.49222529 1.16321862 1.68274176 1.7101208 1.73713887 1.56047189
    1.48926151 1.82540548 1.50053847 1.42533505 1.06959736 1.59367728
    0.885280609 1.70069206 1.57543802 1.32900715 1.01681328 1.20557475
    0.875671744 1.10840547 0.911438227 1.03453052 1.57122076 1.46219432
    0.826599002 1.56687534 0.892691314 1.48262143 0.784558356 1.074103
    0.890072763 1.21672034 1.04293227 0.890492201 0.83151108 1.48808348
    1.63833392 0.769431114 0.740317166 0.726555407 0.743507028
    0.69051981 1.36396837 0.996397495 1.30405557 0.913692594 1.40912354
    0.823795438 1.7010752 1.507061 1.18341708 1.34577072 1.74538922
    1.33826184 1.29806268 1.07121766 1.7021631 1.32846057 1.24861121
    1.56378484 1.47890794 1.01548731 1.59428501 1.57515836 1.07119203
    1.56325376 0.921553016 1.31839776 1.15610516 1.36171281 0.895229816
    1.81003582 1.50534344 1.44267964 1.26086831 1.72448969 1.14010751
    1.44512904 1.68538117 0.953335941 0.886806369 0.911401451 1.71754801
    1.33798611 1.10595632 1.19998634 1.29877353 1.58656514 0.830817521
    1.21173096 1.02942562 0.807684481 1.24600065 1.05841267 1.50961673
    1.4181968 0.979669988 1.46834826 1.61533666 0.851707816 1.05954242
    1.38765192 1.03872573 1.3663311 0.758642077 1.29669285 1.75541067
    0.829084337 1.53071284 1.1238184 1.41114235 1.37187016 0.997021496
    1.36506844 1.06706285 1.23040533 1.55723321 1.71364069 1.12307692
    1.13489079 1.55049968 0.848345399 1.18879104 1.14405918 0.8864851
    1.21419156 1.5116806 1.56181085 1.80717671 1.11198199 1.72562683
    1.71556926 1.53623509 0.839857042 0.718273938 1.08372664 1.11991191
    1.75639319 1.14809978 1.62456286 1.55628967 1.67992747 1.71028531
    1.72828591 1.52386439 1.36068249 1.70049727 1.43228078 1.61824167
    1.60268462 1.6338861 1.44172478 1.54407454 1.29027998 0.879287243
    0.945464253 0.698548853 0.696315706 0.6473912 0.701637149 1.3471278
    0.598202109 0.881451786 1.3443737 1.49000895 1.55176353 1.1679368
    1.4751097 1.20085108 1.38972425 0.493061513 0.877502859 0.554931045
    1.04891956 0.939667761 0.973662555 1.63725364 1.77530909 1.64792573
    1.3994087 1.42259085 1.32009494 0.887908399 0.903328478 1.4626497
    1.5402509 0.738946557 1.05684018 0.802298009 0.665353 0.707287848
    1.27256262 0.869072914 1.06988847 0.932563066 1.16178131 1.50103724
    0.788449287 0.831410706 1.46150339 1.02219653 1.04607475 1.80220604
    1.65908551 1.36713922 1.69455361 1.04797637 1.73436415 1.29052234
    1.11882925 1.17996526 1.69255173 0.931317508 1.74283004 1.75054371
    1.29813671 1.09333611 0.981396854 1.21952677 0.868413508 1.34357738
    1.17873919 0.783963859 1.03917766 1.20701325 1.78203833 1.72926569
    0.84974277 1.57670891 1.34608722 1.66336405 1.08677673 1.46647036
    1.68654621 1.6395278 1.1123451 1.53367555 1.15951753 1.34282315
    1.00513804 1.30556881 1.03174937 1.13410902 0.862905443 1.00213778
    0.750846028 0.964804232 0.857297659 1.04943538 0.669568181
    0.720487952 1.54583299 0.951081693 1.05420327 1.61708903 1.04054129
    1.08637226 1.5675267 1.35868192 1.68586934 1.66146994 1.85203862
    0.905079246 1.13151813 1.60381019 1.68402255 1.53144205 1.7651366
    1.64188623 0.891976595 1.58305395 1.57319987 1.34975731 1.52088249
    1.02593839 1.23173618 1.03022349 1.17257261 0.95356971 0.710284591
    0.904753447 0.763064861 1.65231574 1.32637489 1.11233377 1.21336281
    1.57508302 1.71759057 1.19605875 1.32074738 1.18185759 1.06212676
    1.1225574 1.10296738 0.774997234 1.62346303 0.703226328 1.27323151
    0.817649126 1.18507922 1.41652012 1.63620245 1.66987216 0.798615813
    1.3277539 0.891485691 0.744914472 0.926324368 1.14220631 1.70664167
    1.74946225 0.937100351 1.6024437 1.51627576 1.67063046 1.27602804
    1.56909764 1.60923755 1.37388897 1.57199335 0.790799558 1.63851678
    0.9647668 1.01647568 1.59696424 1.80284488 1.76170671 1.47456491
    1.27954757 1.5850625 1.61093938 1.29656196 1.25784278 1.04693925
    1.21507418 1.56697214 1.44163013 1.27423775 1.66424358 1.01956201
    1.14657366 1.58703637 0.793193102 1.70042288 0.977189422 1.00478339
    1.13439357 0.999255717 1.66199195 1.3878448 1.35237753 1.37237489
    1.41053843 1.28455019 0.846892118 1.32352364 0.969412684 1.66864598
    1.24596202 1.01018953 1.01823783 1.22898388 1.11867142 1.75432432
    1.35144401 1.25972831 1.60630894 1.6452924 1.13397276 1.41621685
    1.62216353 1.51940632 0.958474398 1.74484837 1.47452176 1.15993893
    1.27616632 1.33159029 1.55316818 1.38982904 1.70204949 1.68333709
    1.26021838 1.31022906 1.42316818 1.4553616 1.13450909 1.70074797
    0.841486275 1.69158006 0.71518743 1.07886219 1.27263737 1.12128925
    1.38903511 0.913500667 1.78161001 1.36989498 1.79058945 1.37679517
    0.947831571 1.32709396 1.12282336 1.1966542 1.34633124 0.980717659
    1.40809882 0.936645091 1.70226169 1.07467759 0.738255143 1.60236132
    1.05037618 1.54720569 1.0242753 0.576549768 0.983861089 1.24754012
    0.820061028 0.815120637 0.994783401 1.1990242 0.823389947 1.66331911
    1.13002336 1.51771939 1.05086577 1.24221873 0.802693725 1.40463114
    1.55615819 1.7423569 0.960924149 1.07001996 0.997902453 1.45191228
    1.42025626 0.991447389 0.78494668 1.61067641 0.798977554 1.56947243
    0.721730411 0.689038157 0.663355947 1.23193228 0.707819164
    1.17127573 1.62982774 1.47519886 1.08547747 1.61741543 1.59410048
    1.20975924 1.20472455 0.715244889 1.49265504 0.91181159 1.27586865
    1.63904881 0.94966954 1.11211801 1.2415185 1.00436628 1.02387679
    1.10255873 1.63765121 1.3336612 1.22143662 1.06218219 1.02138913
    1.43327606 1.23600531 0.912740707 1.44354999 1.31852579 1.70664346
    1.10845125 0.781086981 0.864669442 1.25013578 0.994298279 1.34757233
    1.6771307 1.19333076 0.829041719 1.16898322 1.31054521 0.903205097
    1.4716326 1.4146322 1.09972024 1.04669654 0.977525949 1.59166563
    0.997190952 1.07485652 1.16986883 1.43853247 1.53007388 0.955242276
    1.3949455 1.39159429 0.998071134 0.658881009 1.137501 1.02103996
    0.921712279 1.10554624 1.07860005 0.938952744 1.2709341 1.55394161
    1.13886607 1.20203936 1.75536001 1.45971954 1.14688742 1.56422079
    0.949291945 0.867377281 1.20163035 1.16748571 1.65831506 1.04163766
    1.23806262 1.78159809 1.44234836 1.1350683 1.11372328 1.63179958
    0.901064575 0.878401458 1.25260079 1.11143208 0.786501527 1.31059408
    1.15832269 0.988815069 1.2558248 1.05202186 0.965789378 1.55446565
    1.41014767 0.792539179 1.42658913 0.999971211 0.94760561 1.74018085
    1.51419747 1.47554815 1.54268599 0.975282729 0.924298704 1.58756411
    0.960487366 0.945342064 0.760127127 1.17207289 1.42390609 1.66598165
    1.44384336 1.26454246 0.787680328 1.35508466 1.78002965 1.48265028
    1.81703722 1.27654493 1.81008887 1.01634443 1.57191682 1.58486545
    1.74501598 1.45020521 1.31847382 1.45957482 1.28381634 1.21256554
    1.38888788 1.79237938 0.89013195 1.37390208 0.968543053 1.27172768
    1.07978606 1.48634386 0.80263418 1.71850622 1.02298307 0.908036053
    1.18696725 1.58135414 0.995961368 1.33854318 1.56732094 1.81692004
    1.46885395 1.26241875 0.992564619 1.28722346 1.33782792 1.19042289
    0.851409495 0.784648597 1.17673337 1.69633031 0.895417988 1.45406771
    1.21694708 1.08693874 1.37418151 1.38612878 1.01028061 1.05009544
    1.05678201 1.43748426 0.840492904 1.0241847 1.01816618 1.19869697
    1.74560761 1.08734775 1.34809852 1.68448055 1.36032295 1.60630858
    1.21486437 1.5051868 1.71716464 1.67962945 1.69209933 1.50306118
    1.71134746 1.66109705 0.772294104 0.855874956 1.5156194 1.02930152
    1.25663316 0.804608345 1.67313075 1.2298224 0.792553544 1.17936385
    1.20008779 1.03092146 1.69276381 1.16816604 1.75211143 1.5708344
    1.26514721 1.53503871 1.18480086 1.20607793 0.99774754 0.970929205
    1.15426159 1.58325899 1.32996333 1.59034443 1.70600474 1.52183592
    1.32280707 1.25646806 1.02811778 0.964712799 1.12992203 0.802331865
    0.733308077 1.13508999 0.909021676 0.617719352 0.883359194
    0.895277381 1.40299714 0.70900774 1.45675254 1.64102137 1.02852452
    0.885368705 1.32369459 0.667481005 1.15099728 0.671060085 0.68454957
    1.53983974 1.69321442 1.86665487 1.75282967 1.78804445 1.20814967
    0.889661491 0.77293849 1.10146439 1.41245246 0.747377932 0.94582653
    1.39529085 1.14503276 1.06586933 1.30773985 0.88197583 1.52606928
    0.877474129 1.7864989 1.68434477 1.37172043 1.07322502 0.94627434
    0.730683565 1.4667598 1.12236118 1.37883878 1.43272209 1.07673895
    1.33551157 1.29548967 1.07455873 1.73337185 1.78311133 1.11607492
    1.32196426 1.44954312 1.31984091 1.33488488 0.848791838 1.65461838
    1.53953862 1.74903786 0.758282661 1.16814137 1.67767096 1.33334708
    0.914730728 1.32305098 1.29578781 0.866125703 0.958945215
    0.828152955 1.40198898 1.25115812 1.13243127 1.38308513 1.51613104
    1.12873113 1.59920001 1.55148506 1.28949368 1.40400469 1.09348118
    0.738062978 1.49811399 1.28092086 1.38998377 1.73992431 1.31698489
    1.54158926 1.15858805 0.745749116 1.00614214 1.57069981 1.28322625
    0.981061816 0.7684533 1.19011164 0.994820178 0.979626894 1.04380345
    1.00443661 1.77479088 1.19142377 1.25908411 1.52148414 0.811668277
    0.902294338 1.70611763 1.31931114 1.38987565 1.59641623 1.07336056
    1.5510993 1.1918782 1.19087887 1.07169104 1.24201977 1.40713882
    1.60986912 0.914734483 1.26772392 0.828014672 1.64648592 1.29706419
    0.937566519 1.37078178 1.06619275 1.39572144 1.63957584 1.5305829
    1.31084585 1.02154887 1.52865171 0.963259876 0.960677445 1.67243731
    1.3966217 0.955246449 1.46602845 1.2300036 1.25869179 1.41802192
    1.58497739 1.43999743 1.13939714 1.3126452 1.29046714 1.27142227
    0.913453698 1.40882874 1.50602567 1.79044902 1.39204323 0.888364017
    1.0716114 1.29215002 1.09415245 1.70331454 1.15349042 0.968029261
    0.988325238 1.08312905 1.10290015 1.64833319 1.28585207 1.30581141
    0.890251696 1.53296196 1.72629642 1.30958712 1.03013825 0.813350439
    1.22276855 1.42278671 1.10061789 1.14791977 0.941133499 1.50851917
    0.790935278 1.6999253 1.27485907 0.825783074 1.09066904 1.43985188
    1.56067789 1.24793804 1.49032068 0.937719822 0.895565629 1.25027549
    1.39616072 1.0152899 1.61433697 1.24903607 0.986892045 1.73697519
    1.18405521 1.69638693 0.836402655 1.097646 1.11067438 1.49405229
    1.36526859 1.3064959 1.47803295 1.30691254 1.5139935 1.50440335
    1.62686217 1.7721746 1.12118447 0.909253001 1.71863258 0.934861004
    1.24121523 1.71414328 1.02768409 1.2735424 1.45068336 1.15902185
    1.42581224 1.0451169 1.10628593 1.03080738 0.76009506 1.08544409
    0.989970863 1.06384385 1.30238438 0.788139343 1.01891935 1.19869506
    0.68429029 1.31194782 0.719270647 1.54536569 0.748145819 1.27976918
    1.21463907 1.07114184 1.52560806 1.01279938 1.04639447 1.63474822
    1.42339778 1.775913 1.25803316 1.20674956 0.836355567 0.75409025
    0.946808517 0.894312203 1.63596797 1.456738 0.765879035 1.6173439
    1.63494468 0.747734606 0.692838609 0.802441716 1.19441319 1.15407491
    1.3129468 1.54434216 0.784091473 1.48199785 1.19164073 1.65690768
    1.35844839 1.18700159 1.00020742 1.16504657 0.923347175 1.45928121
    1.26528764 1.71252263 1.85029411 1.61836493 0.927895129 0.972177982
    1.30435359 0.932428539 1.11568582 1.46182013 1.57321084 0.897978008
    1.32626688 0.956700146 1.04388022 0.7783795 1.77190256 1.55156076
    1.63818157 1.01414359 0.906423032 1.15172327 0.715556979 1.23985565
    1.08713531 1.39153063 1.13455892 0.920043349 1.60674238 1.47943938
    1.7187531 1.0944165 1.64485717 1.54148889 1.38733077 1.07906675
    0.832033992 1.56909215 1.72426856 1.01590252 1.0874536 1.12276471
    1.11228991 1.63849664 0.919091463 0.810381532 1.11012721 1.49722683
    0.920198441 1.25846684 1.56773245 0.873103201 1.0293169 1.41221344
    1.27392125 1.62386727 1.30670393 0.954594314 1.78558433 1.42643309
    1.75686824 1.43855 1.10841334 0.743556201 0.922923386 0.776809871
    1.41896999 1.83807492 1.78784895 1.50392723 1.15697694 1.0607748
    1.0506984 1.22746193 0.854431391 1.18908989 1.16905248 0.791292429
    1.21925092 1.28650534 1.59866321 1.72045445 1.00937927 1.70910585
    1.09210229 1.00805497 1.3304863 1.64047551 1.50012445 1.2878921
    1.26453555 1.57401848 1.27920401 1.69467115 0.900568604 0.937176406
    1.50129271 0.829398692 1.54897594 1.43349612 0.947568655 1.69147551
    1.25339317 1.73969758 1.61647391 1.5291028 1.30029309 1.04308951
    0.819809735 1.3239181 1.74444592 1.03414416 1.40366507 1.44928598
    1.7719841 1.81046379 1.75373518 1.14826834 1.63945961 1.32628548
    1.17634404 0.900029957 0.856395006 1.46099424 0.813516617 1.76064396
    0.82014215 0.757613599 0.811071038 1.53823459 0.816192091 1.16191483
    1.24568009 1.12008321 1.37675893 1.33018291 1.70651805 1.05360794
    0.9586007 1.51058495 1.04801714 0.933319807 0.699562192 0.984628022
    1.64714277 0.907603383 1.33180368 1.64161456 1.06186521 0.92196691
    1.66907585 1.4513973 1.33373308 1.25391054 0.879105151 1.63610685
    1.78092301 0.981542706 1.35470355 1.35264337 1.21689332 0.772509515
    1.31180155 1.42503607 1.08294725 1.78590405 1.67469966 1.56558836
    1.23809385 1.45308638 1.18560481 1.58765149 0.871367216 1.58500361
    0.855611324 1.54889202 1.07037008 1.00261605 1.54193842 1.48771477
    1.35981524 1.06744778 1.62831366 1.76041329 1.35862505 1.65787053
    1.81609225 1.44609308 1.19696498 1.50308204 1.73504055 1.09575081
    1.59252381 0.778547049 0.724082828 1.4023701 1.57342124 0.780436218
    0.88962096 1.80819678 1.01941919 1.60663724 1.2401588 1.08703303
    0.746861339 0.688338637 1.35806787 1.18725991 1.15000761 0.79831481
    1.42402303 0.943232477 1.32826805 0.913202882 1.17745697 1.40398383
    1.19184887 0.973838091 1.13529587 0.848177731 0.825547278 1.68602443
    1.4723568 1.00213349 0.878385425 1.65090477 0.831799388 1.23364735
    0.996909916 1.6742326 0.897208631 0.72802794 1.28687847 1.35661674
    0.877435684 1.60143137 1.42608881 1.52364767 1.49252582 0.928514957
    1.63299572 1.65369177 1.28914893 1.2076968 0.839027107 1.14166212
    1.04120111 1.08779204 0.970741391 1.33888924 1.65119576 1.39845753
    1.21889818 1.06961715 1.21856403 1.06470215 1.66611147 1.3453052
    0.988850653 1.11594379 1.13559198 1.04525006 0.907019615 0.930357337
    1.63833964 1.23116481 1.13466525 0.907394171 0.702004492 1.53470647
    0.744267762 1.45826173 1.24089217 1.79838157 1.61296153 1.2909745
    1.11129618 0.75055939 0.715664923 0.959437609 1.19508684 1.1571368
    1.57579398 1.20766664 1.33408594 1.15193284 1.30141389 1.67402482
    1.38899744 0.89430815 1.04183686 1.40427935 1.17295694 1.20356023
    0.785200894 0.83973372 1.27276564 1.47554624 1.05084586 1.17764974
    0.822073758 1.29289079 1.5747782 1.05011904 1.00531018 0.779130697
    1.37607574 1.55345178 1.54487944 1.36098719 0.902005017 0.84833914
    0.890668988 1.0302155 1.69378698 1.43006253 0.768542588 1.33859563
    0.810988069 1.63581085 0.934904754 1.75740051 1.65147984 1.68182719
    1.29735982 1.19413269 1.48092067 0.979138255 1.20201027 0.996908426
    1.10100329 0.845122516 1.4234724 1.19058394 1.53744388 0.855481029
    1.02365506 1.28308952 0.775261462 1.74453115 1.56634319 0.952489495
    0.938278079 0.937257767 1.1132859 0.86784929 1.15318251 1.37453866
    0.873129427 1.58609903 1.14293635 1.37095654 0.755846381 0.967605591
    0.763621449 1.30091846 0.920189023 1.53973055 1.27456915 0.777748227
    1.08158624 1.36966443 1.31831503 1.32190681 0.944284558 1.37240207
    0.826136768 1.77753162 0.848164439 0.911494792 1.83719146 1.68685293
    1.26500249 1.77716947 1.83163393 1.64664149 1.06918824 1.21579003
    1.02139342 1.3863281 1.37071836 1.28641868 1.17201412 1.43432009
    1.32442546 1.2629174 1.47877622 1.04666853 1.55001605 1.34133112
    1.5085783 0.882521451 1.43711567 0.735697806 0.761286199 1.05614614
    1.47163415 1.33022034 0.843812585 0.883561254 1.44612896 1.41414964
    0.959820807 0.845168352 1.10445905 1.23624718 0.931063592 1.40676641
    1.46433818 1.49157274 1.35654223 1.19247246 1.53531384 1.68569636
    1.22954297 1.08654368 1.04104698 1.4531374 1.03513908 1.67088842
    1.45739424 1.77210224 1.26430881 1.39731634 1.76170528 0.829553783
    1.7124486 1.63618815 0.90220964 1.52906978 1.28176689 1.76195586
    1.45244265 1.20022953 1.84023118 1.22074294 1.23692954 0.951864064
    1.51326394 1.50548124 1.69870222 1.12577248 1.41645908 1.57041848
    1.8110863 1.84507954 1.11933768 1.4454304 1.31898463 0.941151738
    0.733964026 0.987174451 0.821321368 0.84159559 1.50125253 1.40307152
    1.06440246 0.885994196 1.241552 0.698549151 1.02392852 0.679727435
    1.24042785 1.67307365 0.705600083 1.05757189 0.898730099 1.07873964
    1.40765953 1.40325379 0.9195261 0.76458472 0.763571918 1.23188245
    1.2206676 1.26450479 1.72893274 1.36254501 1.16091585 1.4933219
    1.61228406 0.777955115 1.75793588 0.843259692 0.776470125 1.11389089
    0.851743639 1.55709887 1.66279995 1.65975261 1.4127543 1.35968912
    1.71114802 1.38537419 0.914147377 0.804321468 1.3261559 1.47510386
    1.06157434 1.02325869 1.27402961 0.819745004 1.35457659 1.17051208
    1.18672943 1.6919297 0.763598382 1.2691586 0.62570864 1.01785982
    0.877927303 1.68394935 1.52932346 1.68589973 1.60906291 1.47794843
    1.21976566 1.0891943 1.5063796 0.739346743 0.776335478 0.745678365
    0.860549688 0.659394979 1.31791997 1.0623138 1.09736216 1.44979227
    1.29725587 1.30985701 1.75311959 1.40293479 1.27392161 1.7427752
    0.899099469 1.14041889 1.78794169 1.45056427 1.69198668 1.51331604
    0.954271853 1.34731078 1.83152437 1.70094454 1.61149728 1.13187945
    1.50868452 1.32914162 1.12352991 1.13736546 1.48941505 1.3187269
    1.76927245 1.40782475 1.46203721 0.870518565 0.751998365 1.37371016
    0.868898749 0.821254611 0.872143924 1.61144173 0.83560437 1.23457205
    0.733067393 1.63212979 1.18109012 0.719847977 1.18118632 1.03923869
    1.54675758 1.17814457 1.15839314 0.784129798 0.719981194 1.11994255
    1.39516294 1.57344341 1.77399135 1.73098373 1.04854631 1.32321966
    1.57468665 0.765389383 1.14302373 1.49627054 0.824083507 0.9807356
    0.942370296 1.73303735 1.13368237 1.35957265 1.09383166 1.75966609
    0.817215681 1.01374602 1.25241971 0.910559237 0.867991745 1.50712955
    1.44053292 0.916347206 0.805750728 1.65887427 1.36654806 0.853166759
    1.72158372 1.07360971 0.861477256 0.964328706 0.745264411 1.21438348
    1.37472355 1.51998949 1.69525075 0.777074575 0.747730911 1.59360993
    1.07709408 0.742823899 1.65353978 1.1451472 1.45435226 1.00839746
    1.55467343 0.921237886 1.25580156 1.38261449 1.81521201 1.1612711
    1.62264943 0.996493399 1.7332437 0.836634636 0.999742866 1.36421919
    1.31360185 1.59799826 1.26208508 1.55580556 0.974946678 0.746147335
    1.24984813 1.36562693 1.07319617 1.01382244 0.800655186 1.31814921
    1.08341277 1.10577381 1.25859416 1.43644178 0.856530309 1.13629496
    1.28123951 0.67983073 0.85229677 1.33157909 1.24758935 1.27354467
    1.5119518 0.953598201 1.5712682 0.893199205 1.65445507 1.25779843
    1.25764048 1.51769948 1.3341558 1.18115211 1.10308838 0.936240554
    0.702984989 0.852718294 1.60142541 1.05557775 1.28194726 0.960619926
    1.69111848 1.39644003 0.879212797 0.862393796 0.812877595
    0.759297729 0.833656371 0.834958196 1.76861215 1.61864173
    0.986588538 1.67853618 1.48305702 1.46595931 1.82403088 1.81617582
    0.993383646 1.72830725 1.28863597 1.50901473 1.61289191 1.83260965
    1.30028367 1.36179292 0.98251754 0.750457466 0.818427145 1.10797095
    1.62603617 1.63921905 1.10551703 1.74143791 1.73618793 1.2569555
    1.16573024 1.69429398 1.43810332 0.99737376 1.4075855 1.06798851
    1.66644347 1.35897338 0.939563453 1.67186391 1.58815229 0.862835944
    0.698888779 0.875743628 1.28844738 1.25876844 1.46937811 0.79959166
    1.38875544 0.808212817 1.6061089 1.48898196 1.68174469 1.38380408
    1.3625083 1.10671401 1.48171639 1.62565386 1.18733799 1.44518399
    1.21984756 1.38468158 0.782251894 1.77251303 0.978515685 1.42004931
    0.981910706 0.77895087 1.33636284 1.18160009 0.711972177 1.42782867
    0.728220403 1.4137131 1.51810896 1.34386516 1.32477748 0.854954481
    1.19553995 1.29312408 1.01308548 1.24714112 0.775102735 0.868850529
    1.03556633 0.925482631 1.7826339 1.75911152 1.7127434 1.7777344
    1.08029318 1.05116737 0.921679795 1.36257303 1.12191534 1.17560482
    0.91837579 1.01373112 0.649230421 0.719183683 0.835408151
    0.907411635 1.23992121 1.42874336 1.43065119 0.833790779 1.50812697
    1.74976885 1.62966549 1.01882994 1.38846254 1.81570137 1.18811929
    1.27762437 0.881306529 1.75861704 1.49534059 1.15258813 1.74713385
    1.6171937 1.2218616 1.11552548 0.830034375 1.70961773 1.73199546
    1.7418915 1.22591984 1.68748569 1.33390927 0.993713677 1.59306264
    1.03484309 0.830534935 1.21062481 0.781520903 1.51910722 1.28221607
    0.745880306 1.40229261 1.38876247 1.27383685 0.738086164 1.29741418
    1.20868349 1.43896842 0.967933297 0.85808146 1.60983777 1.50783443
    0.999293625 1.57315862 0.806434989 0.906645477 1.28800941 1.26883531
    1.54251468 1.32621419 1.61135364 0.807554066 1.32199216 1.42575741
    1.45437765 1.43317163 1.11736858 1.5616585 1.37949276 1.49293506
    1.61767805 0.881270111 1.46687245 1.12940657 0.823568225 0.953674436
    1.17629647 0.824258268 1.56368053 0.903240323 0.955836177 1.70076883
    1.63371599 1.67809689 1.19675958 1.11150122 1.65661752 0.913150728
    0.844128728 1.69697797 1.57757497 0.921753705 0.779667735
    0.946560919 1.22720218 0.807311475 1.28475881 0.930297256 1.17378581
    1.62808657 1.35467565 1.15071118 1.66223264 0.990606248 1.40105236
    1.5114181 1.4335804 1.30314934 1.36197877 1.57770467 0.909076989
    1.521415 1.10117829 1.46320474 1.81530309 1.83638012 1.24755919
    0.962620735 1.62082207 0.84861964 1.3080157 1.61448717 0.976011336
    1.47941637 1.12715328 1.59175086 1.31169021 1.26023126 1.38718128
    0.896340966 1.3463763 1.55054235 0.721737981 0.736062944 1.6330694
    1.67449832 1.17709339 1.60918283 1.39746559 1.55609798 1.37909853
    1.83053589 1.52497399 1.23429358 1.35010302 1.5704304 0.993448138
    1.36609495 0.824602425 0.909519017 1.42710805 1.28787148 1.40886021
    1.50762796 1.41973388 0.922059059 1.70460331 0.904492497 1.32049394
    1.20074439 1.07191312 0.814770818 1.55963421 1.60841537 1.76484323
    1.22590661 1.15410161 1.07183778 1.69540429 1.77800775 1.4255228
    1.61327851 0.999953091 1.07347643 1.6209873 1.70125031 0.958242118
    1.00194955 1.28041589 1.41428137 1.30628181 0.981758595 0.835119128
    1.19202757 1.60103083 1.6935097 1.33809006 1.13942671 0.901006579
    1.65296745 0.990686297 1.27276802 0.842966557 0.972642541
    0.855254531 1.15587258 1.47891736 1.26935732 1.67892182 0.976694703
    1.49478865 0.981632292 0.825828373 1.35134292 0.913751245 1.40409529
    1.32480621 1.11016071 0.892707169 1.12226975 1.71037984 1.23449171
    0.882775724 1.10777891 1.30660439 1.56187761 1.3312031 1.49353719
    1.02798879 0.780718088 0.736237109 1.35955811 0.847619772 1.78624058
    1.69391334 1.46571457 1.14612532 1.31529737 1.64073622 1.31813216
    1.05017138 1.38721406 0.866009474 1.46763837 1.0737251 1.08388209
    1.42301893 1.32244658 1.32338214 1.13936913 1.38904977 1.12178016
    0.663296282 0.906889498 1.76045346 1.20149219 1.70958757 1.15155423
    0.993671715 1.76406598 1.07339513 1.779181 0.80431062 1.40412641
    1.4366473 1.09241831 1.42510545 1.42024469 1.21015799 0.704561591
    1.05527186 1.01471734 1.18684196 1.21677732 0.830143392 0.937404096
    1.69914377 1.55845892 1.11801302 1.71559072 1.16986978 1.70680654
    1.37720466 1.27620745 1.52671874 1.02376747 1.17341089 0.887480557
    0.913563132 1.64125407 0.982156992 0.790981054 1.2326287 1.27442861
    1.01582849 1.23078227 1.53923786 1.27940381 1.01844585 0.811707258
    1.25768995 1.29359221 0.713378906 1.38996184 0.874635458 1.16519654
    1.18362474 1.0633204 0.94068104 1.13936996 0.879410744 1.24544358
    1.11734402 1.52260411 1.47228849 1.05479026 1.58155501 0.89143765
    1.09917104 1.20582187 1.57239842 0.864747405 0.864811122 1.53215241
    1.01428235 1.41096461 1.52912688 1.75926781 1.75122476 1.05170727
    0.920810282 0.937967658 1.24919617 1.84034109 1.16649818 1.78210199
    1.63992941 1.80457938 1.51983333 1.71910894 1.46341813 1.04195154
    1.05368853 1.14090049 0.90257895 1.00991249 1.126634 1.20265067
    1.4094615 1.37169421 1.60885739 1.50071669 1.62346947 1.41143072
    0.791093647 0.936222374 1.19496393 0.918873906 1.42045379 1.04733586
    1.36410689 1.40319681 0.748473048 1.25011408 1.50600386 1.00754333
    1.42434692 1.15408301 1.65507209 1.20703018 1.58845186 1.76608491
    1.33123159 0.886814237 1.3201189 1.12735081 1.3058306 1.77284908
    1.21498203 1.08229172 1.62123013 1.5427655 1.53468072 0.953870535
    0.996763766 1.549981 0.74331522 1.07899666 1.29453444 1.72194278
    1.42036736 1.78329718 0.849554539 1.67733943 1.42941344 1.76690233
    0.780881524 1.21696758 0.934925199 1.39889026 1.27583539 1.38010848
    0.829243422 1.53411019 1.45130992 1.21506393 1.14025819 1.27537465
    1.24472713 1.75344598 1.6524117 1.18395841 0.835970223 0.867792428
    1.1388818 1.68875897 1.20023918 1.76291513 1.11820793 1.8810991
    1.86835968 0.893922627 1.03720379 1.59924817 1.1023314 1.43888271
    1.33836126 0.742589593 0.98985827 1.46105731 1.23306143 1.67445517
    1.04447687 0.907392919 1.73486388 1.20651543 1.50629139 1.08087826
    1.64477837 1.22704613 1.09634542 1.05148375 1.35432923 1.15223479
    1.48015344 1.16450942 1.29913628 0.873224854 1.39306462 1.15086401
    1.5940007 0.85211122 1.1776334 1.2593081 0.852436304 1.10159838
    0.935934067 1.30199099 0.94797802 0.841192007 1.51672077 0.751796067
    0.816994667 0.882442355 0.678833246 0.857346117 1.16598737
    1.41000867 0.866606653 1.36811757 0.957758009 1.64730489 0.805125594
    1.51433146 1.27234924 0.821865976 1.65373933 1.65937483 1.59858716
    0.962698162 0.795909584 1.75733936 0.851075649 1.26491535
    0.783239067 0.930180967 0.882191062 1.71850705 1.26166141 1.76144266
    1.38284528 0.946082652 1.487396 1.1491611 1.38098907 0.652675152
    0.948163629 1.151685 0.938685894 1.19079471 0.77973789 1.42508769
    1.75586164 1.20845187 1.18447959 0.839367688 1.28472126 1.30470657
    0.714728236 1.70500112 1.5860157 1.23459709 1.53455448 1.39059472
    1.44432521 1.46143091 1.16817689 1.65413964 1.4668746 1.33315098
    1.5310955 1.6776917 1.02921605 1.05933762 1.4744513 0.891902983
    1.51860023 1.39690924 1.41499233 1.26240885 1.69276309 1.15374112
    1.76948488 1.64563382 1.3528111 1.85564494 1.79077387 1.50353038
    1.69105721 1.03846121 1.62385809 1.12769043 0.880734205 1.10636592
    0.942358553 0.857563674 0.807965219 0.915919006 1.52215779
    1.69367576 1.39714098 1.27087951 1.68646169 1.69837761 1.00927234
    1.15096235 0.982898235 1.25255227 1.53489494 1.43816471 1.09568262
    1.4077605 1.29552341 1.52627516 1.74096644 1.1509155 1.51538062
    1.12098682 1.54414713 1.40588856 1.23751497 1.41944396 0.941411078
    0.797394931 1.42881215 1.00888753 1.1482563 0.881885886 1.75239134
    1.34565437 1.45170152 1.4554832 1.10810578 1.47527838 1.04613185
    1.23609841 1.03867757 1.46538758 1.80044532 1.68610406 1.09508789
    1.44712353 1.14597082 1.36949372 1.72393191 1.72758579 1.19777679
    0.897049606 1.45323932 1.7387464 1.17960465 0.930875778 1.13140881
    1.05677831 1.05545497 1.13376701 0.839208066 1.65520787 0.79179132
    1.32768142 1.51467395 0.768415093 0.786797762 0.761707604
    0.875070751 1.34974098 1.26547682 1.27490389 1.33099854 1.64960492
    0.832479954 0.899583638 1.39559293 1.36194563 1.66035461 1.27599823
    1.72285259 0.996546507 1.56430292 1.15937984 1.76686263 1.77036917
    1.31753075 1.23642147 1.14518702 0.895231247 1.34106731 1.6692729
    1.74102116 0.939804256 1.74345839 0.995084822 0.936535478 1.59380281
    1.31155467 1.11402595 1.08373749 1.81924832 1.6458087 1.04932201
    1.36501157 0.835086882 1.39744794 1.63366055 1.70625818 1.61742401
    1.72399271 1.38320005 1.33822739 1.75162768 0.988254428 1.82240009
    1.60414863 1.02580047 1.28447998 1.04624033 1.02141786 0.951972783
    1.46275687 0.929250002 0.827474117 1.51730072 1.24379778 1.82736146
    1.81942999 1.34266031 1.62257004 1.8035239 1.79338193 1.17222905
    0.933043003 0.79854542 1.64073288 1.14139295 1.41984832 0.938599944
    1.14656818 1.2842418 0.807257175 1.1184448 1.77048063 1.74156976
    1.73248363 0.904284775 1.53956985 1.12567139 1.04999518 1.28335905
    0.77007252 1.18611872 0.938589811 1.29110289 1.42223012 1.07369077
    1.3034488 0.72458142 1.446769 0.722658873 1.20083082 0.766746998
    0.834503651 1.13441455 1.09998655 0.692719281 1.58763969 1.21834815
    1.30522084 1.43647444 0.778177798 0.859244645 0.99181056 1.33716285
    1.33159006 1.43616843 1.37456882 1.44309235 1.74586749 0.859823108
    1.70010912 1.53157377 1.26164687 0.801416695 1.05158162 1.00878084
    1.42550433 0.827353597 1.2833333 1.60409939 1.42810714 1.31614172
    0.984986663 1.07838321 1.67924523 1.53122854 1.10788429 1.5739696
    1.44236004 0.95163101 1.29427731 0.748789191 1.1829623 0.631914496
    0.718308628 0.840712965 1.41154957 1.68780005 1.60212219 1.28662324
    1.1789639 1.67873204 0.988736868 1.06131816 0.750668705 1.05367255
    1.21022427 0.945134103 1.32463038 1.67540991 1.12982583 0.941266716
    1.14694214 1.67321682 1.74432313 1.39829826 1.21374249 1.68558931
    1.33845353 1.16039944 1.60725713 1.51816571 1.37674701 1.09449053
    1.43439507 1.5453999 0.949724495 0.940001905 1.18115866 0.769769371
    1.13386858 1.01979995 0.985390007 1.20525706 1.46268606 1.38476419
    1.33566928 1.57967269 0.722627819 0.756831586 1.4153862 0.763724566
    0.753502369 0.667930484 1.2267859 1.35571563 1.66396081 1.36100996
    1.81621647 1.76723123 1.05227125 1.49347806 1.10184395 1.4559325
    1.4687717 1.52034354 1.61673582 0.918271661 0.988083065 1.38728952
    1.23502624 1.74708056 1.52108395 1.37327778 1.68888402 1.39251268
    1.05733418 1.59413838 1.66193807 1.32923257 1.01653409 0.797508001
    1.5139159 0.798126817 1.56709194 1.29550469 1.69198978 1.41340876
    1.03817451 1.30435097 1.5014683 1.18802035 0.9320876 1.09061325
    1.15385997 1.63339162 1.45495641 1.39597797 1.19346559 1.46712768
    1.56738365 1.76640189 1.78524756 0.881078839 0.931245387 1.09689844
    1.51748657 1.56693351 0.890674174 1.34698188 1.36456943 1.17957377
    1.63063502 1.58709407 1.63382423 1.50322187 0.846889317 1.42413437
    1.0339123 1.48000896 0.957405746 1.48507667 1.10316348 0.663153648
    0.70142144 0.940099716 1.71051717 1.44875181 1.68390179 1.67682731
    0.83399266 0.789653599 1.31908202 0.902213275 1.17630565 0.868414283
    1.09953797 0.918829262 1.41034305 1.17929709 1.51222336 1.10003996
    0.971340656 1.36017299 0.989829421 1.24164259 1.70979881 1.22952986
    1.01159465 1.35648417 1.25721312 1.67171073 1.14898777 1.63503289
    1.6253624 1.77036345 1.26491559 1.59666014 1.81597185 1.28339124
    0.968664706 1.04620957 1.51969886 1.60678267 1.04436886 1.49951577
    1.14564586 1.21046495 1.74164331 1.6941843 1.35137939 1.31880248
    1.6775043 1.72742975 1.23623729 0.894723833 1.47504258 1.30303919
    1.55399001 0.982427359 0.949493766 0.95654881 1.42671025 1.90798116
    1.4006083 1.62785625 1.32009673 1.76140642 0.823673069 1.32438886
    1.63375533 0.720784187 1.18543422 1.04836726 0.7024979 1.31305861
    1.25275779 1.40841901 1.72230196 0.908385038 1.15319145 1.15903997
    1.24733806 0.915377915 0.758595407 1.12517011 1.68428302 1.52680469
    0.987391055 1.67586434 1.01619613 1.65202081 1.07178795 0.69165051
    1.53815353 0.797995508 1.1594609 1.15828216 1.30760264 0.722882986
    1.12416911 1.69428802 0.811768353 1.22076023 0.737948418 1.13050675
    0.829330146 1.60813057 0.637979448 1.10271823 1.41999507 0.961430669
    1.42697501 0.893983483 1.11011934 1.5790329 1.82133031 1.71863818
    1.23725963 0.948383629 1.54486454 1.39950752 1.43140388 1.45417333
    1.53138685 0.939156353 1.5360167 1.15345931 1.72292626 0.815480173
    1.62702811 1.405985 1.61063588 0.887882054 1.01508141 1.72311223
    1.34823024 1.03351402 1.31591201 0.763818026 1.57913983 0.775058746
    0.813783228 1.53779221 1.04600966 1.49480736 1.31494248 1.72523296
    1.20371044 0.914497077 0.499038786 0.924020767 1.24254799 1.7209233
    1.75335801 1.62658608 1.25716031 1.31940162 0.853348792 1.68390739
    1.28687358 1.80748022 1.50266242 1.67531586 1.57397294 1.03631556
    1.20478153 0.970795751 1.04894233 0.997619212 1.0834651 1.21615541
    0.726456523 1.03528917 0.884821832 0.834620893 1.56344604 1.19294488
    1.84011126 1.32908571 1.3165555 0.884313762 1.47777188 1.24646258
    0.685883105 0.914332092 1.4271239 1.01618969 0.687481165 0.897249818
    0.995749414 0.749623656 1.24863195 1.20340025 0.976691842 1.64487123
    1.22634876 0.810903192 1.14129066 1.50272655 1.69016802 0.893289387
    0.919088542 1.45493186 1.73408937 0.929017007 1.19528234 1.628842
    1.05370343 0.876619101 1.09564972 1.24679863 1.00434387 0.956406593
    1.71327734 0.934561729 1.42714155 0.882405877 1.30624008 1.7467972
    1.0420208 0.852693558 1.40008688 0.977390409 1.07162631 0.967632651
    1.1308161 0.783346951 1.22688997 1.52314782 1.36177051 1.19130278
    1.054932 1.5103718 1.22617674 0.952075064 1.66389906 1.2790482
    1.56650651 1.19843411 1.44975066 1.12051296 1.41184258 1.76457608
    1.63901567 1.5718323 1.72471368 1.76338506 1.20965219 1.64451325
    0.948283851 1.5124985 1.49898529 1.28642321 1.54570997 1.06378222
    1.059057 1.4101162 0.746828437 1.24728751 0.947114348 1.20768929
    1.6724515 1.48338091 1.27866745 1.02664721 1.53175807 1.06844735
    1.15405571 1.42945826 0.759139061 0.898246229 1.55609953 1.27673626
    1.41844916 1.54015589 1.79273379 1.46356499 1.17995238 1.51332533
    1.55537307 1.1700623 1.61957479 1.00727856 1.58505082 1.38915527
    1.25722373 1.0676651 1.19346154 1.03392482 0.985606849 0.826213479
    1.1858604 1.00566018 1.57324827 1.68787384 1.63361001 1.68408406
    1.34673607 1.53876889 0.864033282 1.13971257 1.35013783 0.832929194
    1.11951196 0.909029961 1.37588418 0.947194934 0.945719659 1.09982789
    1.0688045 0.767731369 1.18832541 1.45744383 1.04061377 0.842042387
    1.48120475 1.02843785 1.26144254 1.85825014 1.77122188 1.53979707
    1.77725756 1.51521695 0.99890238 0.768254161 1.0392406 1.54549181
    0.745552003 0.863453627 0.759773672 1.0834372 1.2232666 0.836039066
    1.49430096 1.28094268 1.26006866 1.21074152 1.14341784 1.15125728
    0.833324313 0.763466597 1.62282717 1.09185565 1.75801563 0.790471315
    0.943458617 0.924583375 0.693754494 0.784629345 1.65987301
    1.55087304 1.09897161 1.09637463 1.1878866 1.68184245 1.59708023
    0.946600199 1.30127573 1.33936095 1.62807524 0.697812915 1.24943662
    0.985756516 1.11062205 0.797225714 1.32990766 1.72075665 0.93243283
    1.65815902 1.75919676 1.14129877 1.80895603 1.28506756 1.74390292
    1.20956695 0.952063143 1.70344138 1.60141897 0.915898502 0.86153692
    1.50189626 1.24567831 1.53857434 1.77687097 1.14379573 1.81351078
    1.63717151 1.16629553 1.40552795 1.38697517 1.29820979 0.870491266
    0.9931463 0.81019634 0.940389097 0.997474849 0.850073993 0.700552404
    1.45468533 1.70305598 1.46758652 1.17127359 0.859873593 0.680761755
    0.713560939 0.800271392 0.587186396 0.73859024 1.44173169 1.17227328
    1.32017469 1.01828015 0.745602429 0.908747733 1.20174134 1.36767626
    1.49795687 1.39302862 1.82507813 1.16934037 1.55509388 1.61681628
    1.26954436 1.42260814 1.37540412 0.787143707 1.15411961 0.674724758
    0.718999922 1.36316442 1.63445151 1.73025715 1.71542823 1.48496962
    1.40914834 1.67306459 1.12139034 1.15465844 1.51099408 0.679072559
    1.26967061 0.696940124 0.702072263 0.815976381 0.796316147
    1.53087628 1.35039937 1.4657737 0.890141726 1.09926486 0.857541621
    0.773264587 1.21975756 0.776157379 1.26175153 0.793064594
    0.793122292 1.48580694 1.63280952 1.18624663 1.77066088 1.08738029
    1.09417653 1.62896633 0.774609745 0.818031669 1.24016392 1.70520914
    1.30391216 1.31426048 0.909995854 1.15266585 1.13261759 1.25514495
    1.13152909 1.70290375 1.39133847 1.67618632 1.38356113 1.30470586
    1.51312721 1.52928758 1.48045433 1.56005764 0.875281513 0.868189216
    0.857212305 0.902400553 0.815027416 1.30697632 0.802069366
    0.88718915 0.870411396 0.920349658 1.43296063 0.86484772 0.779505491
    1.22588205 1.26249313 1.45937383 0.982531726 1.75583506 1.54396474
    1.30456138 1.04856396 1.51984656 0.84345603 1.21237087 0.996299863
    1.54300761 0.830873132 1.02806139 0.845017374 1.11375415 0.746368825
    1.42970014 1.54857528 1.17459285 1.07824588 0.823692858 1.17442977
    1.1611594 1.57789826 0.785854459 1.37930894 1.30827105 1.02740765
    1.43847084 0.869916677 1.11851084 1.75067496 1.41482294 1.83453333
    1.5571301 1.0312041 1.58860302 0.978657424 1.44656432 1.32097888
    1.40769315 1.72844779 1.32772613 0.845303059 1.12381613 0.703435481
    0.763568401 0.795288265 1.47105575 1.73858941 1.3689853 1.35434532
    1.50642097 1.84221601 1.43115008 0.902106524 1.50824118 1.25646019
    1.636608 1.33908129 1.43388641 1.5037446 1.34937382 1.24135089
    1.15995705 1.19229913 1.15269232 1.43813968 1.31180155 1.7019701
    0.822141886 0.739685178 1.70735383 1.15401936 1.16716623 1.77350104
    1.53061819 0.931776404 1.25418484 1.40076911 1.57633483 1.73115516
    1.6524471 1.46467769 1.44147217 1.49107671 1.39958763 1.35797453
    1.24731815 1.74120057 1.40898228 1.66880393 1.59193802 1.81009173
    1.65909779 1.79896128 1.58007824 1.58410621 0.919508636 0.854776859
    1.68960631 1.78456748 1.47526133 0.721390963 0.734304845 1.3040601
    1.67715228 0.862299383 0.927009702 1.31197023 0.749805212 1.16492951
    1.3537091 0.760475814 1.31216991 0.754248261 0.718062758 1.64395297
    1.03686213 0.782475889 1.14351654 0.648546636 0.848522305 1.67312539
    0.968554914 1.2817024 1.57327557 0.854867816 1.4928416 1.88165247
    1.43670154 0.843348086 1.02661455 1.30819488 1.72089052 1.61636198
    1.66655529 1.89901745 1.06650519 1.22030842 1.85037899 1.03925562
    1.27047718 1.81414735 1.48083258 1.81074047 1.6525532 1.15467262
    1.76669455 1.50984406 1.37465465 1.32742989 0.745014429 1.21916473
    1.28079832 0.731046796 1.35595155 1.62223649 0.867433965 1.20853329
    0.819034934 0.706134796 0.652082801 1.49250793 1.61362791 1.58762431
    0.778701603 1.04839528 1.0274713 0.702018499 1.45138848 1.59206772
    1.4946593 0.975357115 1.84306324 1.69209599 1.82055092 1.37496376
    1.66278827 1.46289325 1.12898505 1.72187948 1.60385799 0.724576771
    1.58613217 1.27283323 0.817621827 1.31119013 0.828307688 1.62252402
    1.68051767 1.47372055 1.29250371 1.01673961 1.05230165 1.43002832
    0.882758558 0.921934783 1.18036103 0.912136972 1.68934572
    0.914556921 1.25951564 1.13800871 1.4862045 1.52340829 1.11482608
    0.835683584 1.60264826 1.71406794 1.12648416 1.28515446 1.12905061
    0.759873986 1.64238155 1.19496191 0.81352216 1.27746093 1.62913108
    1.56234133 0.987423003 0.740320086 0.934880853 1.35283256 1.30077398
    1.30510974 1.00586438 1.18337393 1.76397753 1.50617599 1.36219919
    1.24389315 0.950607479 1.53504813 1.58359885 1.29045582 1.66850328
    0.933996022 1.33250058 1.38911116 1.18616819 1.74878645 1.75495529
    1.60333037 1.36666262 1.0159806 1.58793843 1.67128217 1.1321367
    0.850258172 1.07209671 1.01459479 1.03362191 1.50086534 0.992968023
    0.99344629 1.19056463 1.2072041 1.05570221 0.878657043 1.68554068
    1.42912173 1.01000881 1.65867782 1.79500258 1.51883829 1.29326713
    0.886083126 0.759521484 1.05442572 1.64652443 1.49287438 0.875410855
    0.895168722 1.74839032 1.73891711 0.812972128 0.954186082
    0.975673556 0.738673925 0.906767011 1.59129453 0.880635679
    1.08198547 1.78064919 1.47019565 1.21396899 1.27114463 1.20159686
    1.68330848 0.852622569 0.928019822 0.777810633 1.02195382 0.95017755
    1.3604449 1.45256639 0.891158879 0.917195439 1.49500465 0.83395803
    1.62252748 0.776333749 0.755316556 1.07754254 1.24250746 1.37988138
    1.82117569 1.56044042 1.84570789 1.21965516 1.53885353 1.5983187
    1.82131565 1.67108583 1.73412049 1.19985235 1.49319434 0.992890418
    0.771861672 1.20785856 1.28427577 0.822458565 1.50730491 0.90155226
    1.09335876 1.0415287 1.52381229 1.06128633 0.964867175 0.779999554
    1.07230067 1.20036972 1.20984149 1.46671879 1.69610977 0.997794151
    1.19602728 1.30513346 1.35120821 1.38823164 0.980769515 1.49921882
    1.02860713 1.80847585 1.75214589 1.527668 1.46610999 0.98897332
    1.15729427 1.66922951 1.1308651 1.62588441 1.06549037 1.69338775
    1.76084948 1.4374038 1.32359064 0.818861544 0.82872206 1.34407508
    0.84726578 1.29212379 1.34281659 1.39390743 1.38932264 1.02806783
    1.5776186 1.15603793 1.33109987 0.893301904 0.91020304 1.17215002
    1.18324649 0.696377993 1.25485265 1.26800454 0.712378144 1.04180443
    1.09867418 1.08310354 1.69972682 1.07208622 0.928830981 1.63527191
    1.63862395 1.3998301 1.60959542 1.65017176 1.10679984 1.1808064
    1.78275716 1.59629488 1.72803104 1.39002967 1.78420532 1.57444465
    0.910784125 1.18988645 1.18977463 1.48904431 0.960620522 1.49335027
    1.39849222 1.61639965 1.08179915 0.787754476 1.54450285 1.32736313
    0.665495634 1.15728199 1.11058807 1.348189 1.18059659 0.911786437
    1.32058656 1.47454166 1.55699396 0.792752087 1.14535916 1.25125515
    1.0968101 1.25014222 0.71879971 0.669124007 0.77675581 1.3510772
    1.75071168 1.03524506 1.32981753 1.85096884 1.21129942 1.15216947
    1.15961814 1.20612931 0.930369377 1.38337708 1.0995152 0.952658713
    1.52928197 1.27113104 0.753127575 0.907833874 0.81942904 0.91691184
    0.881753922 1.03917539 1.25406659 1.44056308 1.70313644 1.00142789
    1.62266457 1.38259423 0.79740411 1.22823989 1.40551138 1.58862531
    1.65371251 1.29352331 1.65391183 1.77722871 1.18604112 1.38335526
    1.52752471 1.54486048 1.1262871 1.14538634 1.52161264 1.34068847
    1.23305893 0.972964585 1.59570527 1.09383869 1.61265266 0.947957456
    0.764941633 0.892094672 0.816628218 0.690539122 0.841400743
    1.26350081 1.15889621 1.48347378 1.76900625 1.1272552 1.2731216
    1.06752348 0.787638843 1.26958823 1.0721879 1.08030403 0.847748756
    1.58310604 1.34559202 0.920930326 1.80291903 1.57756448 0.998449445
    0.847331345 1.69482672 1.78477192 1.74140513 1.73878872 0.857322514
    0.796866357 0.95851922 0.985667825 1.46480751 0.850499928 1.68350983
    1.43849516 0.881424248 1.57957888 0.935620904 1.17606366 1.69558394
    1.26801467 1.27335072 1.71826565 1.37287223 1.09324586 0.952310681
    0.840402722 1.61301315 1.37041855 1.50524974 0.897999704 1.56341755
    1.26707339 1.75495362 0.977904499 0.802400708 1.00455391 1.46933377
    1.2846601 1.44161725 1.10524035 1.35282028 1.63243186 1.35825717
    1.41775739 1.36314023 0.944013298 0.923538566 1.57310712 1.15189302
    1.72779691 1.58036995 1.17361867 1.03915036 1.05672252 1.74179661
    1.45303607 1.39553213 0.833230793 1.37234759 0.884426475 1.20144129
    0.810493171 0.796922266 1.71016467 1.02433753 1.06598115 1.65865195
    0.937794864 1.7433697 1.52301967 0.960229337 1.36022758 1.64439845
    1.64531589 0.849592924 1.45077884 0.983148158 1.71425247 1.06414926
    0.718855441 0.737716973 1.45796871 1.33854079 1.04275203 0.701333404
    1.24211836 1.16260755 0.89197892 1.00239956 1.76432288 1.79233086
    0.919964492 1.75467408 1.54954493 0.812970281 0.935100734 1.26199615
    1.32215631 0.971858025 0.847099483 1.05608058 1.16198063 1.66143358
    1.40914381 1.65954435 1.26225984 1.67180693 1.17724717 1.04266918
    1.69494414 1.46164703 1.55013895 0.980007172 1.64338827 1.19631541
    1.56862843 1.73536062 1.78855157 1.7318064 0.867781758 0.851759493
    1.47546923 1.30376554 0.744353354 0.994314969 1.21705627 1.70942795
    1.65678763 1.13999748 1.31684649 1.30731452 1.16206074 1.6203233
    0.742127001 0.713556767 0.679514706 0.983712435 1.17882729
    1.26929402 1.71453702 1.38997054 1.57445347 0.842891276 1.70758021
    1.70531452 1.79742002 1.57007205 1.16663861 0.841615677 1.64150453
    1.73943722 1.78215694 1.81520081 1.79286182 1.34576452 1.35096574
    1.16497827 0.978246093 0.990891099 1.3351841 1.75098836 0.883442998
    1.36163998 1.03908193 1.50546324 0.856589377 1.49568629 0.794725001
    0.708213925 0.796775043 1.6051681 1.39772487 0.890923023 1.18363094
    1.66001153 1.26849174 1.02620113 1.40770078 0.565572202 1.3740505
    1.39001441 0.918712795 0.737224519 1.33917475 1.20016098 1.48157179
    1.26090539 1.50604844 1.58701742 1.34140742 1.12725186 1.02982414
    1.27005029 1.46817136 1.03970683 1.5596689 0.832894742 0.940945268
    1.40521312 1.37001503 0.915775359 1.06938422 1.27807164 0.755221546
    1.50134313 1.66773689 1.02143967 1.48911083 1.66495454 1.46720278
    1.80692804 1.6076932 1.27514589 1.53329313 1.18986416 1.52247965
    1.4718194 1.36226201 1.77641904 0.90409559 0.941271305 1.5477227
    1.60756254 1.43833709 1.60173178 0.933659494 1.34013033 1.04918826
    1.7632097 1.04353786 1.62347209 1.60782123 1.49538946 1.2661339
    0.936511636 1.5493083 1.45207608 0.899670482 1.60228574 1.07893324
    1.71797323 0.968366385 1.73715246 1.24235594 1.41062522 1.27419138
    0.831575215 1.2223773 1.15306103 0.925526679 1.28866851 1.36404729
    1.56205797 1.71254349 0.889048755 1.33274281 1.7675997 1.36962199
    1.14082098 1.66639006 0.90369308 1.06594026 0.857202113 1.1823988
    1.69863248 1.25048316 0.934320152 1.33396399 0.781043351 1.07214522
    1.05624604 0.999421835 0.957507849 1.58061719 1.26518643 1.22332644
    1.70573294 1.26913691 1.35019493 1.46036375 1.60780895 1.55917609
    1.65367115 0.878009021 0.761955976 1.13158643 1.04096973 1.63427627
    1.69103551 1.80478072 1.32057726 0.885204613 1.72175372 0.871989787
    0.743692458 0.979861021 1.12003875 1.37219727 1.351264 1.76617575
    1.02591312 1.15583575 1.43250942 1.25925994 1.49393415 1.78226149
    1.48160279 0.739506781 0.803521574 0.823358476 0.774776578
    1.26845169 1.70093191 0.987354457 1.28989017 0.95373863 0.685604632
    1.04882824 1.41378081 1.56182396 1.68866014 1.29171681 1.54672122
    0.88633734 1.85259938 1.7847054 1.22241557 1.36521673 1.05379367
    1.21954572 1.19827116 1.57464135 1.07666731 1.06366742 1.56855261
    1.25725615 1.58173275 0.849963009 0.726466417 1.48011971 1.03766418
    1.00416386 1.48903394 1.50241899 1.40276873 1.13609159 1.3697449
    1.33990872 1.43972611 1.50146866 1.36660028 0.981872678 1.59959781
    1.11740077 0.848397076 1.39212227 1.5561651 0.989512503 1.10284507
    1.87711358 0.951590896 1.34604669 1.64102805 1.53948438 1.57382464
    0.897053838 1.5096339 1.63500988 1.15403938 1.33226705 1.51965463
    1.62775469 1.54125738 1.05779529 1.1236707 1.44663239 1.51224661
    1.6988622 1.00750375 1.29333127 1.58908057 0.796291173 0.868674159
    1.78038502 1.57043302 1.49790728 1.23858273 1.1883862 1.22548175
    1.74997401 1.70469928 1.34238636 0.858671308 1.01849461 1.74954557
    1.19362855 1.24411464 1.02171946 1.32935572 1.26403975 1.58388579
    1.81496644 1.00494993 0.83257848 1.49322927 1.34151435 1.46148968
    1.32501602 1.02397597 1.68060672 1.79531312 1.74023211 1.40496159
    1.79758644 1.30687094 1.11506796 1.24583781 0.885290682 0.789941788
    1.40336537 0.810950041 1.41585493 1.36580443 0.869557858 0.85285759
    1.47511089 0.893598855 1.68507445 0.711261451 0.861015677 1.20993483
    0.852995098 0.584845185 1.38303888 0.930779576 1.57548285 1.70813322
    1.34825647 1.4008553 1.4344579 1.05354691 1.08551836 0.820491552
    1.25647211 1.19895136 0.951360106 1.31724501 1.2067802 1.49029124
    1.07177424 1.67144144 1.74021542 0.971125305 1.13277388 0.739037454
    1.16634738 0.849052966 1.52218783 0.685302615 0.961555243 1.1849761
    1.34980845 1.14393485 1.14133584 1.09779572 1.4733398 1.06792045
    1.05439007 1.13980687 0.789586604 0.897322178 1.41197693 1.4019742
    1.41834271 1.80304372 1.8160634 0.816969752 0.979457259 1.55340278
    1.07063425 0.839125395 1.36668265 1.70023656 1.34928179 1.56466854
    1.59086609 1.40622544 0.843858361 1.10329139 1.48329735 1.77882564
    1.56853449 0.835756779 1.60578835 1.21208787 0.937411368 1.01392198
    1.74833214 1.14844382 1.49760258 1.67974126 1.81202543 1.08098543
    1.64583278 1.30489099 1.35920846 0.874364734 1.14136291 1.06411052
    1.46813345 1.07128811 1.37996018 0.897380829 0.938131213 0.961741447
    1.02918828 1.24530423 1.64471185 1.54028833 1.22855401 1.55311573
    0.784678817 1.07907486 1.54204226 1.28478086 0.776109755 1.18070519
    1.36839283 1.08233678 1.51927054 1.39825165 1.61683524 1.50362754
    1.73806179 1.12016785 1.22572052 0.857122481 0.759201229 1.449628
    1.02682734 0.787786782 1.2622838 1.15712917 0.983328283 1.01153815
    1.11378336 1.82106197 1.71967626 1.34108949 1.61835515 1.57547808
    1.24441898 1.69117785 1.4538939 1.6745559 1.28832948 1.59522462
    1.80842221 1.33802676 1.81266797 1.63708985 0.841829479 1.18969345
    1.27786374 1.51079357 1.61936641 0.899371743 1.31888771 1.33983529
    1.74147022 1.18863666 0.6697644 1.28851521 0.973594606 0.95245856
    1.31010795 1.24160469 1.55555046 1.67179775 0.908018947 1.38594353
    1.84877336 1.59369719 1.50659144 1.30573964 1.57203853 1.41775489
    1.67329347 1.44516003 0.898496151 1.55905008 1.08166611 1.00708771
    1.36719608 1.65756071 0.834542036 1.28294945 0.991057992 1.01024354
    1.79323387 0.880730569 1.30787754 1.33526385 0.826583982 0.944901407
    0.877983689 0.92777288 1.11234629 0.86507839 1.75995672 1.29783201
    1.50683379 1.6694119 1.42048001 1.08589673 1.7634207 1.69142628
    1.72497833 1.06737852 1.55655193 0.870607734 1.11453617 1.61129344
    1.55954731 1.40415025 1.05816674 1.65738332 1.46415246 1.64094067
    1.67379844 1.74914169 1.39593756 1.14941907 1.25887513 1.60417271
    1.09313357 1.76765597 0.958426356 1.45468032 0.950744271 1.63809025
    1.61171174 1.77846944 1.16311502 1.17090595 1.79736328 1.66766906
    1.72125709 0.979292095 1.1723336 1.50174522 1.16946745 1.72098649
    1.07821512 1.21991527 0.749938786 1.48543954 1.02442765 1.70217407
    1.2183342 1.02548826 1.06218815 1.48405182 1.34967422 1.47782135
    1.66382051 1.38906145 1.44482481 1.60370731 0.807302356 1.58744097
    0.99209094 1.203655 1.07984543 1.21913958 1.51751721 1.58519387
    1.54155838 1.31162131 0.835823536 0.942290604 0.92647326 1.41544974
    1.60784626 0.897941649 1.33451974 1.09046149 0.74373585 1.34449911
    0.770205855 1.47232175 1.48130012 1.17781401 1.37164593 1.53161645
    1.45232093 1.01720059 1.00967312 1.70279408 1.73177803 1.6212306
    1.68440354 1.04245579 0.962544262 1.09792686 1.46220171 1.68097889
    1.69416726 1.08148861 1.20251739 0.739488542 0.946157396 1.20209134
    0.810289979 0.931786299 0.73142767 1.27155292 0.878800333 1.26377642
    1.41206276 1.19867647 1.52073002 1.79053283 1.43019927 1.61695802
    1.70918465 0.86559999 1.21241248 1.57737458 1.86452413 1.60690928
    1.4976387 0.833437443 1.53303707 0.872544885 0.87249577 1.22730064
    0.905998647 0.949601769 1.4725889 0.923948705 1.19247258 1.19388676
    1.19345629 0.803765357 0.82165271 1.55875325 1.57460964 1.4790132
    1.60185409 1.69441497 1.53363824 1.73880255 1.05771339 1.60836565
    1.82496524 1.22370815 1.76923025 1.16208553 1.10559833 0.780215681
    1.24697173 1.66967523 1.25028884 1.80188739 1.703879 0.972553253
    1.34240127 1.36485839 1.61089706 1.20963943 1.54270959 1.22310805
    1.29955256 1.58487785 1.22780037 1.21222007 1.50803995 1.47805464
    1.43695664 1.2336396 1.3307271 1.65193605 1.40696597 1.21870923
    0.776003718 1.02341306 1.45636535 1.84653711 1.51322973 1.84051156
    0.981107533 1.55379498 1.07500422 0.840157807 1.49036574 1.26405668
    0.807410061 0.76883781 1.18767273 1.74563038 1.53337848 1.81837642
    1.76644623 1.78423798 1.28000247 0.952444553 0.875388622 1.58154166
    1.00307083 1.24649692 0.848142266 1.75287199 1.64909482 1.32681167
    1.13776433 1.10274005 1.10263216 1.66664934 1.34599125 1.00034785
    1.78136802 0.970275402 1.44920671 1.76935482 0.935942411 1.08749616
    1.45860314 0.731338561 0.739077568 1.5323472 1.23009181 0.830344021
    1.68092573 1.14320064 1.71248591 1.72040462 1.36194754 1.30689263
    0.883065045 1.45156372 0.807321787 0.917214036 0.983959019
    1.25483668 1.4707644 1.5929985 1.37507927 1.21400535 1.41433287
    1.08383477 0.796669006 1.53137743 1.7351805 1.48919106 1.57208848
    1.81955135 1.77242649 1.39904952 1.39590538 1.46850598 1.58300698
    0.944822907 1.14043438 0.982521713 1.34287703 1.19920313 1.55703318
    1.37440813 1.15899456 1.11787248 1.84987247 1.46275473 1.58696389
    0.847644567 1.32103586 1.31997478 1.83947849 1.85693502 1.08928096
    0.992667973 1.42509282 1.39492977 1.78580785 1.6628226 1.25186837
    1.0480485 0.831190109 1.39720309 1.1242162 0.868658483 1.34314001
    1.02346683 1.2316227 1.75308883 1.51517904 0.955931067 1.08478844
    1.634022 1.39473832 1.50670946 1.1788944 1.26470029 0.761991262
    1.66044426 1.15310955 0.91133672 1.59899282 0.973928511 1.01679754
    0.926423013 1.02557909 0.805722117 0.845859647 1.4862895 1.66374648
    1.32401025 1.20726645 1.25508153 0.845232785 1.49332154 1.05516839
    1.84432638 1.44379926 1.33493316 1.72878098 0.824722528 1.6433121
    1.1953882 1.68414366 1.75355327 1.04874361 1.56396782 1.08523238
    1.25871265 1.40927136 1.25628531 1.47639406 0.762569547 1.01533151
    1.26290941 0.953221619 0.701374829 0.900575042 1.47026908
    0.988703728 1.44950116 0.725314498 1.05776942 1.36356866 1.5107336
    0.804937363 1.06834936 1.04611719 1.68812704 1.88288856 1.82876289
    1.07900512 0.795994878 1.73719943 1.17256916 1.28867722 0.903072059
    1.12288666 1.35540223 0.829773724 0.955815017 1.23627353 0.769561827
    1.41990495 0.849344432 0.856114328 1.62573195 0.955800295 1.63517642
    1.17852283 1.63481653 1.89696908 1.3985647 1.73317981 1.37318158
    1.36095703 1.5121882 1.09729338 1.10208559 1.36879265 1.76030421
    1.37910771 1.75516784 1.34840655 0.827241123 1.67574883 1.75952113
    1.53475511 0.946402431 1.29168427 1.61113918 1.43577409 0.74988842
    0.835909188 1.50813091 1.24187732 1.53796566 1.3230716 1.86416197
    1.82798719 1.81733823 1.58986545 1.7771368 1.38898802 0.921185136
    1.56851923 1.72675216 0.941984415 1.29234481 1.55950058 1.44111061
    1.49303508 0.825202286 1.81200588 1.80534208 1.17600536 0.958163857
    1.71012282 1.48770225 1.2162447 1.05936849 1.73185384 1.34891891
    1.28499591 0.801187754 1.40497804 0.797159672 0.841066837
    0.902619779 0.993125379 1.26835978 1.55344927 0.799825788 1.36809909
    0.889446616 1.3232336 1.13635409 1.73404694 1.16711032 1.57373512
    1.25352585 1.0154928 1.4187969 1.20957839 0.908746541 1.07848012
    1.66889048 1.00483525 0.934946537 1.67546546 1.82728219 1.78772283
    1.83493042 0.894168079 1.36947846 0.807963789 1.01881051 1.45384681
    1.28166163 1.13611734 1.48132098 1.66869807 1.83838701 1.27482998
    1.73119664 1.17094779 0.959128439 1.21558928 1.5311842 1.46922696
    1.51538074 0.85819459 1.39678073 1.18108785 1.51177311 1.20874929
    1.39305985 0.710882306 0.995216608 0.855616212 1.18068516 1.63300467
    1.72227228 0.823531806 1.11921632 1.47096658 0.889933228 0.896380246
    1.59093297 1.77848864 1.57466841 1.20002282 1.39932263 1.22002566
    1.30406404 0.887597859 1.27208424 1.24980617 1.53835106 1.44793677
    0.73283869 1.20676565 0.997763693 1.3161267 0.971750975 1.47477674
    1.21637309 0.917633355 1.24324489 1.63092303 1.71888697 1.39225519
    1.10795879 1.70328248 1.62509751 1.3923403 1.60805559 1.36798918
    1.44101417 1.72936165 1.41944802 1.83754027 1.62610757 1.4658767
    1.23992598 1.14814031 1.40229368 1.55334818 1.50765467 1.60043359
    1.62642395 0.830917954 1.76965535 1.64533329 1.7231636 0.933537126
    1.19801259 1.12433672 1.42135775 0.908682227 1.18043256 1.81801498
    1.60021591 1.01165926 1.56776774 0.859618664 1.65670907 1.45882893
    1.12521827 1.09349644 1.62226999 1.34262717 1.16798139 0.762442291
    1.39764988 0.743312895 1.08196211 1.63325679 1.06609142 1.20116031
    1.46587658 0.881847501 1.3011651 0.833605468 0.804665089 1.42947412
    1.29032493 1.59100342 1.02419937 0.881882071 1.74628651 1.32577455
    1.04057276 1.12799525 1.41928077 1.33833349 0.820408821 1.71901631
    1.16245604 1.04549778 1.50192237 1.13550913 1.10187304 0.792112947
    1.71915209 1.1850791 1.72592378 1.36820674 1.38149714 1.50031936
    1.65922785 1.05123901 1.1074512 0.789009571 1.13896775 0.679999352
    0.694337308 0.813698769 0.759490311 1.66377127 1.60584986 1.35495269
    0.955830693 1.07817316 1.7521106 1.28802657 1.71312213 1.38037622
    1.26863015 0.944090843 1.62583077 1.07460451 0.900065482 0.943517745
    1.21562588 1.07664824 0.763114512 1.16386902 0.765785277 1.54659867
    1.2212863 1.42868447 1.4889524 0.949160218 1.16381383 1.19390285
    1.36836207 1.7915777 1.91674674 1.30809784 1.70046151 1.35174382
    1.42683005 1.69714618 1.30847657 1.52634513 1.72887146 1.10310745
    1.24198747 1.28216505 1.61094809 1.7584542 1.70964575 1.73550236
    1.19965708 0.782349467 1.32955182 1.52602983 1.21347821 1.03914523
    1.34520471 1.35412943 1.6304456 1.63861322 1.0657953 0.855861247
    0.886735916 0.987078607 1.17807376 1.08691549 0.955428123 1.09496701
    0.970368922 1.77879274 0.865881205 1.18739974 1.68615556 1.17530918
    1.41083217 1.58606458 1.66065967 0.957547247 0.932257652 1.56127787
    1.67043126 0.814542651 0.853665471 1.11264753 1.64997399 0.893754065
    1.78983378 1.63505852 1.40372694 0.78564322 0.96061635 1.62473893
    1.72251403 0.932413936 1.58106947 1.76216006 1.65466154 1.68067193
    1.1741327 1.18198371 1.65790939 1.10097826 1.71424413 1.60912073
    1.4859941 1.78114307 1.58137071 1.58416641 1.04032815 1.60511088
    1.45388281 1.69686592 0.836180091 1.20349467 1.64749503 1.5939678
    0.975137889 1.12631238 1.77136099 1.5702678 1.61019695 0.766659021
    0.823379517 1.45095575 1.35395956 1.13171458 1.10013545 1.30628288
    1.76367533 1.40935171 0.851347864 1.24051189 1.6795882 1.4703052
    1.13762569 1.84558392 1.05835295 0.966766357 1.78412354 1.15464282
    1.19385934 1.30538189 0.821742773 1.70011663 0.995560765 0.994712293
    1.68116057 1.44475877 0.977194011 1.70285225 1.67047739 1.16786373
    1.2525866 1.10601735 1.34080756 0.824439347 1.5064441 1.425861
    0.986712635 1.37337959 1.61709559 1.12612867 1.12135637 0.765192568
    1.27307606 1.54600787 1.02690268 0.86446923 1.58316123 1.53122091
    0.866663456 1.66365886 1.78784704 0.971829236 1.02945411 1.56296766
    1.02638328 1.2324158 1.57172132 0.937033832 0.928643286 1.50361896
    1.81449246 1.90525937 1.82178116 1.59368777 0.949998736 0.785541773
    1.46282303 1.54427612 1.81949127 1.64270353 1.59024799 1.39326751
    1.00925744 0.899394631 0.887485743 1.37547886 1.63216043 1.27348709
    1.77730274 0.817133605 1.74394321 1.34626186 1.79692185 1.33803797
    1.07710791 1.41441751 1.68727696 1.36300743 1.56553125 1.47438943
    1.08072567 1.39907289 1.09036636 0.921305478 1.63854563 1.11287677
    1.19435823 1.71384251 0.763085127 1.12997675 1.19724178 0.666870415
    0.776064038 0.986641109 1.08738518 1.15377069 1.06476235 1.73007393
    1.28060424 1.6529609 1.30557287 1.70237386 1.27453673 1.71332049
    0.868667066 1.03700686 1.14418876 0.738335729 0.831341028 1.17435586
    1.5608747 0.964058757 0.792235732 1.4261291 1.14580405 1.37062669
    0.915768623 1.59632564 1.3771441 0.751509488 0.894649804 1.59809518
    1.38772297 0.639589727 0.620039165 0.743643165 0.822828829
    1.33841956 1.5403229 0.944550753 0.852183878 1.69854617 1.59544671
    1.76792932 1.50896335 1.83033943 1.23436952 1.32248843 1.61231887
    1.66623986 1.2216059 0.996290863 1.51893616 1.5067724 1.48931623
    1.00618744 0.936433375 1.50527847 0.742524624 1.50188148 1.46439016
    1.00250983 1.38654101 1.44865453 1.22132027 1.42912078 0.93740803
    1.60069501 1.62704289 1.78308821 1.51814139 1.42422426 1.39656484
    0.97257638 0.967659771 0.954882979 1.24524593 1.29445863 1.10961759
    0.876835406 1.78549206 1.89970899 1.56390345 1.66686583 1.11293888
    1.15816295 1.02983987 1.15780699 1.01252937 1.33561659 1.14152646
    1.19565737 1.41305053 1.25856519 1.13611853 1.46603787 1.19280338
    1.66082287 1.54524064 0.848463178 1.64069879 1.02693164 1.71956038
    1.8037585 0.945916295 1.62185872 1.46742201 1.10223103 1.67684841
    1.16863 1.45580721 1.67152691 1.55795014 1.61899543 0.915143669
    1.11358023 1.08672512 0.936497986 1.14940596 0.964578331 1.52919924
    1.15351629 1.273224 1.76323938 1.48750389 1.24806511 1.07425261
    1.20113683 1.73078978 0.943778574 1.31633031 1.02718782 0.865888
    1.40035701 1.71342683 1.50615013 1.65935683 1.7901051 1.36940145
    1.32292199 1.36196089 1.21749592 1.04934621 1.25144041 0.987791896
    1.7053802 1.37063897 0.85035795 0.808382809 1.46762013 1.34082997
    0.977483273 1.33705556 1.02292264 1.16444695 1.55798459 1.07650876
    0.833569944 1.08346856 1.61771214 1.77593052 1.62055516 1.71557665
    1.52983439 1.34582031 1.72892749 1.6864593 1.57032657 1.84807944
    1.14194715 1.80675232 1.77791512 1.15087223 1.58644772 0.806340873
    1.43629575 1.44567657 1.0507232 1.72091413 1.40703285 1.16951168
    0.908202171 1.62514007 0.835660875 0.864866436 1.42119217 1.01634431
    1.0326283 1.08690691 0.78298223 0.924971461 1.06244504 1.14951217
    0.991317868 0.877289653 1.30097246 1.32588649 1.69362044 1.63820875
    1.65550506 1.63333952 1.03673744 1.45964599 1.56757176 1.73495924
    1.61525989 1.46642077 1.18867218 1.65216994 1.70338321 1.60293365
    1.72880018 1.67040861 1.55991006 1.26192439 1.00891578 1.67580318
    1.20107067 1.26592135 0.98708564 1.00589931 0.870412648 1.73425186
    0.924728811 1.60057974 0.816804886 1.18444204 1.23701191 1.3973254
    0.891271651 1.37355506 0.864821076 1.76881146 1.72124708 0.883912623
    1.61876225 1.51553214 1.49372911 1.79268122 1.06258249 1.29662859
    1.45715511 1.29754663 1.21950972 1.61261272 1.02355146 0.837957919
    1.35038376 0.99748528 0.811231673 1.46439815 1.54762387 1.3289516
    1.20263517 0.828140736 1.00072575 1.57517445 0.774776816 0.719707847
    0.804121137 1.04470289 1.5807116 1.64831936 1.02899754 1.37576449
    1.24066615 1.40062332 0.843547642 0.871468484 1.66880941 1.47784126
    0.818109035 1.38766813 1.08419442 0.950277448 1.37370229 0.753222764
    0.981485724 1.26604402 1.46639311 1.12507272 1.55440366 0.936037898
    1.50567496 1.15686834 0.800470769 1.26117551 1.05441797 1.09773815
    1.1052444 1.04749417 0.763978899 1.35484028 1.09730411 1.6020993
    0.812463582 1.17515588 1.73084855 1.39734948 1.7910471 1.76189864
    1.23737276 1.77434099 0.897508979 1.30846071 1.59498024 1.74719095
    1.46061754 1.57806218 1.55681264 1.79392135 1.07469082 1.71303439
    1.48995936 1.28945029 1.10093248 0.733752608 0.685383081 1.19276297
    0.693753004 0.882700324 1.05868435 0.983848035 1.38141429 1.09718418
    1.83402717 1.28045106 1.30677962 1.1649195 1.64591646 1.54500771
    0.755971074 0.970699966 0.8129673 1.16077816 1.70277464 1.78405201
    1.88629317 1.2726866 1.82685578 1.81335688 1.35848343 1.07071972
    1.76523852 1.14325857 0.801483691 1.12770724 1.08679998 1.68556571
    1.13933325 1.7579149 1.58875525 1.66737151 1.09791505 1.69953692
    1.2170279 1.2986685 0.813181341 1.50750709 1.39801514 1.66548467
    1.72908449 1.20257437 1.49526644 0.861969948 1.39359665 1.18495154
    1.13724232 1.32539892 1.17317343 1.08071959 0.75978297 0.757972658
    0.853972912 1.41101456 1.42085612 1.78552079 1.17343414 1.27602875
    1.40831184 0.919845104 1.04544199 1.16218174 0.788098812 0.948283017
    1.03895783 1.60849011 1.37936747 1.66898274 1.19829178 1.33486748
    1.46284306 1.69924092 1.44628465 1.4745568 1.166044 1.36915803
    1.73015583 0.898145616 1.39946926 0.907015562 1.19049501 1.3954767
    1.11322653 1.01165509 1.58099103 0.979207218 1.28105986 1.76993728
    1.66850173 0.901033044 0.760690749 0.793903947 0.935418427 1.3310231
    1.47172391 1.45944285 1.17710233 1.3270005 1.77904928 1.15944576
    1.12921023 1.1562928 1.29047728 1.57644677 1.50808978 1.2553643
    1.66329432 1.34055674 1.56669319 1.74032807 1.18669116 1.13366902
    1.37111008 0.879902303 1.00515926 0.734231114 0.844857812 1.11434937
    0.925674796 1.48328674 0.776185393 1.61474788 1.36519647 1.29022014
    1.12782943 1.08007491 0.878004968 0.959414959 1.13525021 1.13226449
    1.01784503 0.863528371 1.25679028 1.51905823 1.08334434 1.64539266
    0.986902654 1.51033664 1.29022408 1.35103297 1.6745131 1.52833498
    0.916330755 1.84140229 0.985485733 1.39681804 1.43395126 1.21619761
    1.45060325 0.89689678 1.61733091 1.81792557 1.68784547 1.68801439
    1.26587832 0.777578056 1.31151927 1.7334168 1.38929391 0.804955006
    1.42343903 0.845771253 1.05040491 0.882753432 0.97126168 1.1364423
    1.04228771 0.90649581 1.64531922 1.27026188 1.38852203 1.36841786
    1.12676775 1.73818767 1.20100892 1.09738386 1.44934189 0.812133133
    1.35952616 1.54027677 1.41534245 0.988471448 1.5782131 1.58882797
    0.844593346 1.29762757 1.16887009 1.51421523 1.13513327 1.59736574
    1.04947722 0.742518544 0.940064847 1.42772853 0.834069431 1.22337413
    1.63756442 0.857874811 1.74528372 0.87676686 1.60233164 1.12844157
    1.51303089 0.78334564 1.12693393 1.30321455 1.16499364 1.5432688
    1.07479858 1.20476699 1.27024317 1.28741693 1.58564818 0.850848973
    1.59801292 1.47826278 1.75425386 1.79175711 1.77804697 1.40303206
    1.31063521 1.0614363 0.949319303 0.670171738 0.610950112 1.31020808
    0.705388904 0.96571666 1.11865091 1.4181751 0.919748843 0.874421358
    1.26841521 1.82265902 1.69935727 1.7592082 1.75682247 1.609864
    0.953241765 1.7605015 1.47018754 0.929794669 1.48323894 1.30695474
    1.86331964 1.51537037 1.52501726 0.874247074 1.33203053 1.63507545
    1.6265074 0.74794066 0.886952221 0.900211096 1.26694548 1.20115829
    1.13707888 1.12585914 1.75278723 1.10307109 0.905490339 1.0687052
    1.55950856 1.66256726 1.43285918 0.977655292 1.61277032 0.682827413
    1.39715111 1.19980502 1.48903704 1.06038868 1.73709476 1.1233815
    1.13957274 1.5586797 1.15199983 1.5681417 1.3707639 1.73076868
    1.19207966 1.63898206 1.48007751 1.30164242 0.97434938 0.84209168
    1.14880514 1.18215883 1.29404819 0.845799506 1.40068281 1.40059125
    1.56378961 0.8453722 0.920903623 1.21059084 1.19076729 1.24455595
    0.975719392 1.20486367 1.24784899 1.82835293 1.68637228 1.4254719
    0.952110291 0.886767507 1.14529216 0.986714482 1.18783784 1.11167157
    1.79770851 1.77960956 1.62980258 1.69622123 1.42913532 1.45461977
    1.1668011 1.33767295 1.3087517 1.69883513 0.820057929 0.807724833
    1.33864498 1.72608757 1.84691846 1.32820559 1.77143562 1.21946919
    1.15664852 1.17577231 1.76627934 1.0006063 0.85638684 1.38549209
    1.45177531 0.922932148 1.55341327 1.57559693 0.978267193 1.24643946
    1.32815206 1.74132323 1.47916746 1.38108265 0.988620758 1.50053358
    0.78862083 1.59609091 1.61794555 1.63436067 1.72464347 1.93371761
    1.31945932 1.3312149 1.63335383 0.857798815 1.07845235 1.65129864
    1.43002141 0.863545299 0.986799121 1.67428839 1.64659309 0.980765045
    1.69245207 1.62573314 1.30946231 1.79547942 1.549927 1.52892613
    1.17474937 1.17925799 1.43139315 0.747196734 0.850496411 0.821300626
    1.2539953 1.0968405 1.45244193 1.05879796 1.69965053 1.7024616
    1.08682299 1.70107174 0.808767498 1.6536448 1.56160891 1.09170389
    1.67908335 1.72289228 1.32345033 1.26349986 1.52880788 0.93524152
    1.38364005 0.993917346 1.05265558 1.65785408 1.65245545 1.70733547
    1.09929037 1.76177156 1.29789162 1.35354531 0.993737638 0.920218885
    1.73949885 1.78870034 0.917279482 1.21461344 1.40901494 1.33356643
    1.27297783 1.10980904 1.76005387 1.19651639 1.49400473 1.4518044
    1.15579355 1.01542723 1.49285543 1.4033196 1.28805077 1.48160517
    1.06957042 0.906831443 0.92303741 1.64222145 0.920710444 1.53655577
    1.58338416 1.31672168 1.21719587 1.39827621 1.58555758 1.54880357
    1.72729754 1.59175408 1.49705744 1.51300585 0.984791517 1.20129204
    1.0320462 0.731325984 1.27451015 0.767480195 1.66161191 1.49478221
    1.5777415 1.59648132 1.77233887 1.74768066 1.47847903 1.83403063
    1.78647411 1.6141367 1.53161311 0.90030396 1.491732 1.50857437
    1.66080678 1.72796452 1.02709353 0.86485076 1.3859942 1.70322478
    0.974763811 1.54442692 1.05841184 1.37110412 1.44692206 1.01314569
    1.23659384 1.3163451 1.05002141 1.08754897 0.930303335 1.08679414
    0.809908092 1.65928483 1.56767488 0.72775656 0.393721402 0.973519146
    1.11559165 1.54359436 1.48897004 1.77726555 1.81152332 1.48739052
    1.45715165 1.14548767 1.48407733 1.84714842 1.13583827 1.74404037
    1.78880215 1.12335956 0.874715805 0.964090586 1.75553 1.29538035
    1.61660373 1.36137426 1.05719185 1.17348778 1.10961771 0.972827911
    1.05615807 1.03355253 1.39844453 1.64119267 1.10375583 0.873194516
    1.08713269 1.5064919 1.2890861 1.63788974 1.68201303 1.61544406
    0.743352473 1.38325429 0.644970953 1.23011112 0.730097234 1.35218954
    1.28645158 0.766581595 0.86331439 1.38021064 1.21319592 0.863144457
    1.76726902 1.05895686 1.07670796 0.832900703 1.05526519 1.27104795
    1.4583292 1.14651144 0.701523244 0.802352786 1.56617451 1.00970888
    0.917891383 1.4119277 1.45844281 1.52387989 1.51989591 0.943224669
    1.45119309 1.00013959 1.55427527 1.27131665 1.17032599 1.01331556
    1.34059608 1.02972078 1.85054469 1.42164671 1.357144 1.21623015
    1.61158407 1.60122716 0.805263996 0.86729753 1.59884119 1.77030349
    1.54049456 1.67138314 1.33207059 1.18585062 1.31609297 0.855970263
    1.28970528 1.49585199 0.860334992 1.66729283 1.02379382 1.69563854
    1.54549694 1.82123876 1.83760262 0.869453609 1.07590067 1.1950047
    1.09931409 0.794557273 1.57733369 1.42072546 1.42905951 1.2595942
    1.73761046 1.04201055 1.75570762 1.16197073 1.73535371 0.852485657
    1.07641971 0.796560049 1.0676719 1.50459921 1.50866163 1.53305733
    1.27062809 1.59832263 1.70423675 1.75548136 1.81921875 1.05341268
    1.27257299 1.57843733 1.32899284 0.961352408 1.03145266 1.71219504
    1.45838761 1.65868115 1.24187946 1.51384938 1.6235286 1.75297523
    0.981997252 1.29681313 1.20476782 1.14776886 1.02232528 1.5133456
    1.06354499 1.3192265 0.945543051 1.16802716 1.08193254 0.953254938
    0.790619612 1.25684488 0.78137517 1.73797417 1.55015099 0.818321109
    1.6500107 0.975130558 0.868468046 0.95113945 1.46771979 1.51984596
    1.46142018 1.07132149 1.03207922 1.66951883 1.18502927 1.14506793
    1.53929746 1.81632018 1.72782242 1.10441124 1.79131317 0.861954093
    1.59486043 0.803489387 1.36462438 1.33254445 1.44838834 0.818831027
    1.40948999 1.04915488 1.67876613 1.5639416 1.61282194 1.12227261
    1.59269798 0.852915645 1.42918646 1.21159446 1.49183118 1.06326258
    1.65982533 0.886262834 1.02696049 1.39634836 0.870314896 1.28258944
    1.2013371 0.853042305 1.48357177 1.13409758 1.22388041 1.01957309
    0.768996119 1.0769577 1.24977243 1.45580184 1.24565613 1.6692338
    1.81898332 1.47523236 1.30995357 0.773453474 0.939212263 1.10789597
    1.59136569 0.732519865 1.08558512 0.914921939 1.58619356 1.19062436
    1.38572729 1.2666868 1.85515988 1.06061578 0.924203038 1.7382257
    1.38989604 1.1644969 1.31317782 0.995506406 1.31524777 0.892488062
    0.97341758 1.11208034 1.39851344 1.69208992 0.975827694 1.63177955
    1.59886086 1.10937619 1.71531868 0.87918216 0.915544033 1.57012296
    1.34995234 1.52058303 1.7041899 0.923829854 1.18040597 0.994439542
    1.09855211 1.30861342 0.434325844 0.514157712 0.932726741 1.68983769
    1.33467114 1.54729104 0.930729985 1.13152957 1.47669899 1.16205275
    1.35459757 1.55649626 1.46180832 0.962356627 0.821930408 0.979900002
    0.983225524 1.70261502 1.75248027 1.42572773 1.7127744 1.46074796
    1.72435021 1.24351776 0.961180091 1.27624559 0.841398537 1.35618412
    0.831316471 1.07193589 1.69304931 1.4757427 1.3916173 1.10011935
    1.79762018 1.0187825 1.2311579 0.811711669 1.4888711 0.970665038
    0.72339505 0.716324508 0.695597947 1.10835063 0.90397656 0.709847748
    0.904989362 1.45747972 1.7865926 1.23482764 1.82264304 1.6632669
    1.72712719 0.900143027 1.55926287 1.17784953 0.703639567 0.849329352
    0.751888871 1.05596566 1.22834706 1.07570314 1.66901636 1.24805892
    0.775934637 1.23409796 1.16466081 1.38998902 1.6384424 1.16571796
    1.00096297 1.22487795 1.46355259 0.913415432 1.72527361 1.75880897
    1.38209534 1.09634781 1.74981177 1.72338915 1.78983021 1.51401818
    1.3378197 1.12268245 1.55340445 1.8291024 1.73586273 0.935705781
    1.38038015 0.84346807 1.06462419 0.879362702 0.876127779 1.28523684
    1.60220695 1.03609288 1.48683667 0.954968572 1.73836792 1.70733821
    1.67455018 1.34348667 1.50747514 1.298733 0.849134862 1.39176071
    1.08053792 1.29128313 1.01019466 1.57797527 1.36335385 1.76591063
    0.981224239 1.25425911 1.16725564 1.01899028 0.908789694 1.69110632
    0.817205131 0.808564365 1.06678617 1.30581498 0.997769117 1.51031828
    1.8978231 1.79037333 1.47994828 1.5266763 1.25108898 1.04504466
    1.31164002 1.04383719 1.17717052 0.821961582 0.794378698 1.68894362
    0.987864673 1.21032727 1.08047521 1.52213645 0.89131242 1.10616946
    1.45797753 1.69568646 0.768963993 1.17163873 1.07172537 1.32411325
    1.43752801 1.34552574 1.54366386 1.11010063 1.19671595 1.70976114
    1.72348404 1.27034128 0.820395827 1.30757487 1.01914108 1.37574732
    1.57678485 0.998787403 0.914215684 0.804063559 1.30771363 1.050861
    1.70935285 1.51559865 1.24972308 1.20445549 1.20897853 1.05969429
    1.31314063 1.68187904 1.15311885 1.17461693 1.37858343 1.66101503
    1.33779669 1.10502172 1.35295355 0.717208266 1.08962202 1.01740551
    1.17538226 1.41873312 1.28197348 1.10642791 0.760247588 0.903700173
    0.932190776 1.02993476 1.11052883 0.826525092 0.875248492
    0.863351882 1.19366479 0.755690813 1.00195813 1.30394304 1.62487817
    1.62042761 1.36782289 1.58649361 1.32007229 1.56598115 1.46153557
    1.28952658 0.992288589 0.992707253 1.72361028 0.956606567 1.78071749
    1.66382027 0.850072443 0.84014672 1.4684267 0.834172964 0.952931941
    1.24457955 0.849984527 1.45355821 1.28237891 1.7115382 1.56702006
    1.33714437 1.53312504 1.18182635 1.64479232 1.25451934 1.5060122
    1.70114505 1.46195352 0.93433547 1.52854478 0.880507708 0.893189073
    1.26398396 1.69351709 1.57429481 0.838043392 1.44667864 0.918436348
    1.32162905 1.13696694 1.29601002 0.852570355 1.33442092 1.60734248
    1.32255268 1.00981569 1.71061397 1.50928974 1.41321194 1.3561976
    0.619628787 0.939406574 1.09157038 0.945087075 1.66962457
    0.942828596 0.945655465 1.07642436 1.53395295 1.39781892 1.62976706
    1.23757827 1.49574387 1.69997692 1.60376954 1.70733976 1.72275019
    0.929902732 1.1247226 1.74708414 1.65984905 1.70361865 0.910397887
    1.1177088 0.88763696 0.763769805 0.985800505 1.40657365 1.27259099
    0.688946784 1.38829601 0.731663942 1.37007487 1.17455781 1.26005554
    1.40004921 1.3051219 0.952371716 1.20387065 1.20696199 1.212093
    1.10487282 1.54690659 0.678342581 0.710581601 0.791766405 1.65213346
    1.33547175 1.73276615 1.21833861 1.85439622 1.14499867 1.0674206
    1.23526478 1.13618827 1.430848 1.6594789 0.919849277 0.767798841
    0.813379526 0.69103533 0.894331932 1.26868284 1.21102428 1.15934455
    1.59554029 1.13872528 1.34362721 1.38659787 1.76871061 1.36389959
    0.797875941 0.746935546 1.70308805 1.20389593 0.927032769 1.41491091
    1.70807612 1.74262607 0.917535782 1.81773305 1.49144435 1.74580431
    1.02464581 1.02425039 1.27849865 1.4863317 1.73923039 1.21440411
    1.09728086 0.950835943 1.49931359 1.43391836 1.32344043 1.63883281
    1.46642041 0.831753373 0.855718613 0.755260348 1.1275115 1.44648302
    0.80957216 0.860269845 1.58989251 1.17643976 0.768567324 1.50949395
    1.28727877 1.05456197 1.65541792 1.25486779 1.80663764 1.70565939
    1.1253767 1.10659516 1.65971541 0.742337286 1.37551427 1.45393264
    1.27603662 1.40018606 1.34959233 1.32560217 1.36019504 1.88262534
    1.86996853 1.58106852 1.14200687 1.42823887 1.38301158 1.30159783
    1.25173771 1.42290449 0.890348554 1.42557085 0.835179031 1.20464563
    0.948366702 1.16095531 1.15989053 1.5004499 1.600052 1.56920671
    1.70410287 1.16423571 1.56044841 0.882451653 0.718541741 1.45539188
    1.51487517 1.43865991 0.816738784 1.04390383 1.07642066 1.0074296
    1.33040929 1.23386312 1.04857731 1.12910903 0.753095269 1.24386668
    1.6862942 0.963924766 1.48012865 1.27023911 1.65037775 1.28284442
    1.27853513 0.957788169 0.885209262 0.900077283 0.942864597
    0.763585508 1.35218763 1.03308046 1.00121033 1.21861982 0.891555548
    1.67422163 1.04196477 0.837285161 0.779518604 0.779848456
    0.818834305 0.809224308 1.14516008 1.13785207 1.36688137 1.55187833
    1.37791741 1.33004653 1.55765975 1.60106587 1.33707547 1.46122825
    1.22634459 0.868952513 1.09253347 1.23212552 0.978946507 0.840546846
    1.00090289 1.39757895 1.26391923 1.3745389 0.851702332 0.939103127
    1.12555671 1.02809322 1.01111805 1.15919375 1.3313334 1.08983755
    1.14893663 1.30213666 1.30336702 1.70091832 1.18388629 1.07650363
    1.41438878 1.07343197 1.4481504 0.794569135 0.991306603 1.42358422
    1.2268784 1.8367691 1.82080626 1.40625119 1.28132915 1.59497952
    1.08526945 1.13111401 1.72953403 1.02517366 0.764691174 1.35731018
    1.05504024 1.3011477 1.65882826 1.39448678 1.01649463 1.06752026
    0.873662651 0.756621122 0.994436562 0.873162568 1.11641359
    0.964008451 1.49320745 1.10608423 1.29827106 1.7307173 0.975336015
    1.49023211 1.34332347 1.30578494 0.778967142 1.37447786 1.13322365
    1.18899596 1.7984736 1.65658283 1.61763442 1.32568359 1.70404828
    0.87020278 0.913100064 1.10773313 1.57423198 1.33095765 0.944288552
    1.15741026 1.45121408 1.26021755 1.55672681 0.892924547 0.966693938
    1.3822546 1.38016176 1.60669279 1.38423741 0.810018539 1.65302277
    0.820514917 1.06392848 0.929839849 0.903201044 1.24573791 1.36723685
    1.33887756 1.75842655 1.72770035 1.16523492 0.879826188 1.20370376
    0.798716903 0.702799082 0.771219671 0.717682481 1.62527156
    1.06934345 1.39873195 1.39688909 1.71604919 1.29582298 1.48825848
    1.77732539 1.50783074 0.778288484 0.841489434 1.54423547 1.44677937
    1.66133964 1.02178311 0.911084592 0.765194833 0.672213852
    0.836386919 1.11705577 0.874417782 0.735739112 1.46088314 0.90138638
    0.960828602 1.53138864 1.7633177 1.00478673 0.999145687 1.71099377
    1.51406622 1.78198421 1.58842814 1.31689131 1.61169732 1.86168075
    1.29914486 1.5656575 1.27584052 1.44576466 1.66009486 1.01894665
    1.82217193 0.960433424 1.50306511 1.46714926 1.43958056 1.02638197
    1.40639579 1.42134261 0.908474624 0.893864572 1.51514137 0.97696358
    1.13678956 0.881516278 1.20285487 0.737884104 1.68645084 0.825000465
    0.775102139 1.1896894 1.51127136 0.817332566 1.10417485 1.7266432
    0.995936394 1.32600033 1.56261349 0.951293051 1.16358674 0.802601933
    1.20620799 0.752411008 0.999521673 1.58489418 1.01532829 1.51996076
    1.71250248 1.12216318 1.73980045 1.78385305 1.32435143 1.41797876
    1.58575928 1.4879601 1.07784235 1.02954936 1.6933161 1.20474672
    1.27048624 1.46269023 0.962794185 1.2202419 0.795507312 1.12305117
    0.727606714 1.24173081 0.883153319 1.4612596 1.0183636 1.41207695
    1.38296783 0.869176805 0.841353178 1.57352412 1.15508842 0.768338978
    1.29504955 1.21609962 1.07465899 0.976851761 1.35429621 1.08186924
    1.28533149 1.07943571 0.746694744 1.58594966 1.13256574 0.811316013
    1.59947276 0.814314604 0.871729016 1.45186412 1.03219378 1.68266308
    1.17289841 1.42820358 1.18243194 0.988267481 0.866292477 0.824974656
    1.23775089 1.02034569 1.33511782 1.35660887 1.19460261 1.61566973
    1.11507165 1.51759005 1.35719466 0.854757905 1.64158142 1.19179392
    1.69296706 1.0818944 1.09010673 1.44994736 0.794213891 1.50411618
    1.14440763 1.08863413 1.27238429 1.44181764 1.38282073 1.24975824
    1.60645545 1.42409801 1.45308185 0.752943754 1.44581425 1.10505545
    0.743885577 0.724356592 1.29674923 1.19275177 0.886388183 1.5051626
    0.791149139 1.35392904 1.25020111 1.59384441 0.952092111 1.44619691
    1.51319134 1.52517724 1.71681035 1.03539538 0.861922443 1.64568794
    1.48399067 1.78046143 1.66650236 0.908425093 1.03702879 0.783268273
    1.20591092 1.15829837 1.41932166 1.16636658 0.873991549 0.795908749
    1.59602129 1.51614392 1.79589796 1.24351346 1.59792531 0.880749404
    1.55310607 1.7114743 1.50134981 1.56834209 1.02813745 1.51845169
    1.74728906 1.43900895 1.39507246 1.50366449 1.3863281 1.77608943
    1.76318789 1.73035765 0.953209221 1.01823032 0.969649851 0.854430377
    1.09345591 1.80363274 1.06290841 1.6785115 1.03282094 0.915028274
    1.01708972 1.06272292 1.72496819 0.842225194 0.970733583 1.55217981
    1.55139899 1.59990776 1.22927535 1.63070762 0.929558575 0.790732384
    1.13173926 1.17696321 1.31385624 1.77428961 1.20566297 1.67821634
    1.35141313 1.17216551 1.44821846 0.850057364 0.808339775 1.35881293
    0.891346335 1.17797697 1.559497 1.65578985 1.65143061 1.0984652
    1.71686602 1.66300166 1.07362485 1.47500503 1.04894876 0.937542737
    0.941944838 1.14653075 1.06894517 1.84958065 1.81470704 1.26731241
    1.07910264 0.785287261 1.72548687 1.40557241 1.71737611 0.893753648
    1.41826057 1.24754941 0.910281539 1.21046567 1.4325881 0.746939361
    1.6697005 1.34264469 0.955065846 1.73801553 1.44265795 1.57409942
    1.66644311 1.41355395 1.10955584 0.850935221 0.960269928 1.01411629
    1.52084994 0.93190074 1.09604716 1.1906836 1.70848012 1.3059833
    0.935034156 1.0906136 1.67451847 0.926992536 1.77386355 1.83540881
    1.32267928 1.29478347 1.54168153 0.813369691 1.31386566 1.06418216
    1.12286437 0.767614126 1.51476836 1.00643802 1.2891891 1.39229941
    0.93933773 1.58507514 0.798795819 1.15244126 0.906658173 0.890765727
    1.63793933 1.80390894 1.1268028 1.79718792 1.04435897 1.42932081
    1.48169851 0.847300172 0.824165881 1.58007812 1.19790637 0.849090457
    1.35500562 1.12565827 0.977514029 1.31897914 1.69588554 1.47221267
    1.79793167 1.41236603 1.21985841 1.14023018 1.41869676 1.7518326
    0.90438956 1.72352934 1.32746899 1.68178546 1.30966079 1.23486245
    1.35303092 1.45915425 1.2080338 1.09105682 0.759372473 1.18238759
    1.38336539 1.34945536 1.28629863 1.12109005 0.955796897 1.23333395
    1.71253526 1.40863383 1.51929474 1.42577124 1.28258336 0.803596437
    1.51095486 1.16091096 0.896802127 1.27948868 1.2126044 1.08595085
    1.05342746 1.45716083 1.05170798 1.02602065 1.16632903 1.62941694
    0.861271918 1.04077041 1.75836265 1.52556956 1.5396893 1.72512734
    1.68511939 0.982093692 1.26487064 0.932227015 0.713657141 1.48215294
    1.29312193 0.91670084 1.49118185 1.60598457 0.977745593 1.50301683
    0.848738849 1.16911268 1.13066626 0.845799387 0.991732597 1.196118
    1.28352284 1.30496979 1.38725531 1.51182556 0.890465498 1.55858779
    1.26384532 0.873741269 1.10394347 1.48276258 0.938508093 1.16916597
    0.767305136 1.482023 0.969329238 0.931822181 0.866349816 1.3925401
    0.947297096 1.35815477 1.30028343 1.12605906 1.14935362 1.59495473
    0.797419608 1.56211388 0.764472246 0.731108367 0.974645257
    0.753819048 0.94524318 1.42285156 1.30209613 1.49804413 1.32195687
    1.38033032 0.824281335 0.819966495 0.726816714 1.20023143 1.72395408
    1.60810733 1.35904109 0.779378772 1.52664948 1.59477568 1.25155628
    1.51278889 1.2517662 1.63354814 1.43065166 1.10595977 0.995715261
    1.01553643 1.55855405 1.34173882 1.0168879 1.79704177 1.2175169
    1.50644708 1.26700258 1.12941587 0.9580971 0.839292526 1.09151828
    1.5688926 1.10333669 0.736286461 1.49781358 1.06619012 1.64454889
    1.75905824 1.61346185 0.878701925 1.69568038 0.806325734 1.59479868
    0.945408523 1.06506228 1.45891511 1.68805575 1.81499004 1.23995662
    1.43783534 1.37918019 0.831712365 1.63648021 1.57452059 1.60671127
    1.71392405 1.44011378 1.13957191 1.51562178 1.22682464 1.08232415
    1.02076244 0.8661502 1.58135855 1.13972473 0.932455659 1.34348893
    1.20900881 1.52941167 1.19297791 1.00714016 1.10587013 1.67363822
    1.1617018 1.06177247 1.40696669 1.32611537 1.35958934 1.67748833
    1.48973811 1.54807341 1.34921026 1.82558417 1.30921781 1.71982384
    0.886611581 0.939544916 1.68745804 1.39626503 1.52323675 1.23341823
    1.19453144 1.23719442 1.32614565 1.07257366 1.71648133 1.33482015
    1.19880378 0.801369667 1.238289 1.36535203 1.21988511 1.05023706
    1.57499158 1.14234173 1.1599443 1.31493556 1.08738029 1.17073512
    1.07874596 1.72874033 1.40221786 1.6697253 1.70864522 1.71322083
    1.44430923 1.77482831 1.60331714 1.05767143 1.81506658 1.63150597
    1.82474887 1.21441245 1.29183483 1.47798574 1.07641435 1.444942
    0.769990146 1.13001335 1.23624539 1.07679594 1.58187473 1.70337427
    0.918282509 0.77429986 0.716867805 1.54745162 0.841469347 1.18169093
    1.30685258 1.80664301 1.07429051 0.884539127 1.14038324 1.03219855
    0.87078625 1.68278015 0.729473948 0.841697395 1.43789792 1.22368789
    0.99807328 0.726810813 0.715992868 1.3702178 1.00360096 0.990865111
    0.972861111 1.26269794 1.13785291 1.22298801 1.17378962 1.59840226
    1.64979362 1.32532704 0.916716695 1.76725996 1.23915756 1.47907591
    1.71319938 1.00375831 1.39039147 1.20113707 1.06074083 1.46067798
    1.21215057 1.15917444 0.891722381 0.944465339 0.984577179 1.72253501
    1.27664959 1.60172856 1.75068915 0.993159711 1.068717 1.24349356
    1.12800348 1.61033785 1.56113911 0.782542229 1.03479671 0.770599663
    0.881314158 0.719491482 1.4615587 1.73007286 0.915005505 1.61668062
    0.979314923 1.3179394 1.56459606 1.38136172 1.48824871 1.57097077
    1.6913507 1.52851224 0.851128459 0.911197305 1.33967352 1.49625528
    1.40732729 1.78222477 1.75889385 1.16807282 1.71881878 1.77469528
    1.74806893 1.58069456 0.791633844 1.16149998 1.14299202 1.44950747
    1.74441516 1.32365406 1.1132648 1.34832966 1.13041282 1.02256751
    0.829049945 1.65818882 0.707365513 0.69389236 1.47737873 1.48729157
    0.771067798 0.902913928 1.68590939 1.56057918 1.60098279 1.22308719
    0.74841851 1.17014933 1.56882703 1.04595196 1.68363297 1.13750875
    1.68483269 1.07886851 1.38445616 1.48225343 1.17822337 1.29743242
    0.791327775 1.57277751 0.928930163 0.911311865 1.50368845 1.24646521
    0.888154447 1.46441162 1.34650397 0.790716767 0.799499691 1.27710652
    1.51774764 1.63287771 1.2424053 1.66845202 0.83136338 0.825484157
    1.11229348 0.784013808 0.968200445 1.39796007 1.48203743 1.29854894
    1.47048223 1.54472554 1.03848922 1.54514027 1.30991113 1.59949434
    0.70779556 0.70349282 0.704467714 0.74927032 1.1606003 1.58470225
    1.46838331 0.559274554 1.24113345 1.58962977 1.73476946 1.2426511
    1.59547162 1.62143898 0.758997858 0.7025038 1.25344312 1.35695636
    1.27956545 1.67428613 0.900176644 1.09257841 1.68845344 1.12762046
    0.976553082 1.33376682 1.55386746 0.767684817 1.06907737 1.40666783
    1.17476714 1.36902559 1.05230129 1.17677295 1.030007 1.50438929
    1.02468729 0.852291942 1.3249197 1.5421747 1.46906793 1.85966957
    1.87701714 1.23355412 1.03847635 1.70978606 0.817552805 0.918477058
    1.2844609 1.6556803 0.796097159 0.907597005 1.08122993 1.2742753
    1.81646359 1.2472887 1.42923284 0.797160387 1.05219197 1.21468246
    1.77201307 1.17756033 1.29184341 1.32954156 0.738600969 0.747658432
    1.68517685 1.07706666 1.06743515 1.08690894 0.876429379 1.47852945
    1.50745201 1.66751015 1.33618641 0.860000074 1.26120591 0.756743133
    1.49314034 1.24001491 0.961384833 1.38703811 0.822701931 1.42094779
    1.74997699 1.03162301 1.45404005 1.15228975 1.45710611 1.80574942
    0.851960003 0.951447248 1.25619364 1.44395459 1.34901023 0.97500813
    0.821067035 1.24912488 1.13605547 1.25328994 1.06714773 1.04068267
    1.35302234 0.959184647 1.61247623 0.861674905 0.871527553
    0.937061787 1.21489668 1.71719837 1.09179592 1.64321184 1.80513072
    1.81929505 1.67274117 1.32051396 1.28646028 1.68401361 0.996450663
    1.05383599 1.37783396 1.56470382 1.35370088 0.769723117 1.43450153
    0.827158689 0.903373063 0.870791554 0.723185837 0.929958522
    0.856951118 1.61066639 1.77013421 1.17422533 1.32654572 1.69298041
    1.40222573 1.45948958 1.42785013 1.53653228 1.37252223 0.852711916
    0.993833601 1.15449333 1.42069018 0.918307722 1.11487198 1.23183906
    1.48589826 1.24765658 1.26683712 1.30917561 1.56813109 1.19919372
    1.63009429 1.69584262 1.52315629 0.871052444 1.15928853 1.16467988
    1.40330327 0.81154108 0.834880292 0.841070712 0.948794782 1.12007475
    1.12444687 1.40558565 1.10699058 1.74326515 1.39501071 1.5889318
    0.858056068 1.67840099 1.42213297 1.5637393 1.52954185 1.28389573
    1.30101502 1.0445255 1.43193614 1.32861173 1.07387841 1.09200144
    1.78828514 1.66307127 0.912078798 0.877451241 1.39919293 1.2091136
    1.55009091 0.860140681 0.846277833 1.62395322 0.8750965 1.60104012
    0.986705363 1.81847644 1.30057788 0.951527834 1.69236195 0.872919023
    0.707619727 0.971299291 0.785877883 1.04816818 1.12162673
    0.818440378 1.45770931 0.750081182 1.09006524 1.61783814 1.02960324
    1.32690179 1.45430398 1.50080216 1.34505713 1.54176104 1.54163647
    1.56119907 0.940713346 1.18014538 0.806462765 1.35382175 1.34028947
    1.00992525 1.15920997 1.29278469 1.58376884 0.871946633 1.45561647
    1.06356418 1.03891993 1.40365946 0.766508281 0.89467144 1.42141867
    1.34038603 1.24073589 1.33248985 1.34642565 1.24339664 0.712510526
    1.43466091 0.87907666 1.1201911 1.26741862 1.00113904 1.44883466
    1.20365477 1.72950387 1.6133163 1.40666091 1.64064944 1.16327214
    1.12324095 1.42479765 0.64123857 1.18383074 1.14214516 1.14757049
    1.21142197 0.789726377 1.38014793 1.26350844 0.818530202 1.43364537
    1.26485229 1.78079772 0.763847053 1.36676359 1.10363579 1.29688299
    0.992907643 1.08234298 1.79402804 1.11325753 0.771345258 1.11424553
    1.24097371 1.11163795 1.13369513 0.928880811 1.45927787 0.806777596
    1.06071949 1.25916743 1.40989983 1.36839056 1.43814492 1.54147458
    0.734276831 1.43318033 1.55525827 0.927886426 1.31533539 1.86488819
    1.68964958 1.80539501 1.56520069 1.63835156 0.813525438 1.22788048
    1.29930091 0.995486021 1.61686969 1.34814048 1.17418623 1.42605865
    0.924426019 1.69860089 0.81482631 0.965202928 1.68103802 0.819314778
    1.00872004 1.37349284 1.1356653 0.822316289 1.64110136 1.01127326
    0.769582808 1.2405355 1.52951717 1.05409694 0.8972193 1.13722014
    1.73773634 1.78308666 0.868501663 1.27674711 1.64388728 1.40609908
    0.848049819 1.09190154 1.34051859 1.26075816 1.49860036 1.70331359
    1.04169405 1.50679708 1.78726816 1.06749105 1.15148044 1.25750148
    0.882762492 1.33695185 1.22947299 1.42028344 1.02205145 1.54380739
    1.6341064 1.04376686 1.47313237 0.792437315 1.50428593 1.45448041
    1.09608626 0.689356148 0.998976767 1.14347315 1.33449471 1.41232109
    1.0107137 1.60959506 1.69941056 1.10817301 1.57858086 1.01909661
    1.53357816 0.818464816 1.04451311 1.09823239 1.24672544 1.64140415
    1.48702562 1.10370028 1.2969768 1.02455831 1.37197471 1.40101922
    0.666459739 1.36971915 1.53762829 1.24806726 1.38668168 1.10215318
    1.10344446 1.10834026 1.75383484 1.19912219 1.53600061 1.17243028
    1.66526902 1.12545168 1.64426064 1.74402356 1.42240775 1.2748394
    1.40241694 1.39042246 1.27019608 0.987002254 1.80744207 1.05813277
    1.4848597 1.31821823 1.707201 0.807267725 1.44779706 1.14962447
    1.58876657 1.13823259 1.76759493 1.48289311 0.814258754 0.935418189
    1.59507406 1.22967756 0.735333443 1.29446352 1.0621556 1.03808951
    1.42187941 0.962308705 0.983247578 1.13741624 0.854635477 1.30255008
    1.43906581 1.68139315 1.17777658 1.03616536 1.39615893 1.54307652
    1.41733408 1.03037143 1.68387663 0.910679996 1.44664931 1.47831416
    1.04568577 1.33088195 0.924889326 1.2113806 1.72085166 1.11434186
    1.33649051 1.35590935 1.06882167 1.25659549 1.71628284 0.861918926
    1.72924685 1.38980424 0.938086987 1.30621397 1.01233923 0.953269064
    1.63290668 1.47774267 1.59406209 1.64989042 1.00248396 0.694791138
    0.650861502 1.20825386 1.47239447 1.07095838 1.72289753 1.02575529
    1.43554604 0.774878323 1.06372881 1.40681028 1.25308859 1.10804176
    1.62616265 0.862802863 0.71942693 1.70074463 1.50146806 1.41051102
    0.734082222 1.03219843 0.740812898 0.894235671 1.6769861 0.990843773
    0.706360638 0.870348513 1.35273337 0.972228527 0.927267671
    1.30246675 1.62742019 0.761678874 1.08548629 1.03243315 1.58636034
    0.933341265 1.07485914 0.902835369 1.03770387 0.97509855 1.07964706
    1.68593228 1.81341636 1.77415586 1.70732188 0.765205443 1.05614984
    0.659895301 1.31994545 0.841732562 0.908835232 1.46583867
    0.680585444 0.982026517 0.853370368 0.683613777 1.67649221
    1.12418497 1.63787782 1.21221721 1.18075538 1.32529509 1.43426025
    1.25482595 0.876971364 1.58286095 1.56843066 1.40268207 0.987398744
    1.5886271 0.859829187 0.763542712 1.17297363 1.22281766 1.48903131
    1.5769434 0.939096987 1.50903499 1.26602232 1.19529688 0.978913486
    0.78301388 1.52090442 0.909228086 1.39282191 0.871431768 1.39238679
    1.83490062 1.9293642 1.47051156 1.1483506 1.28691113 1.41878557
    0.826494157 0.762547553 1.285025 1.00987959 1.19824934 1.78286326
    1.32937837 1.76294291 1.30483079 0.765542209 1.05387115 1.58300745
    1.5294143 0.869962454 1.74868715 0.985081017 1.01302826 1.6977917
    1.45215368 1.07236803 1.63536286 1.29408038 1.12668931 1.78156102
    1.19336343 1.70649064 1.71603739 1.39493036 1.70284534 1.48314083
    1.08754218 1.26436925 1.17389417 0.883995175 1.48041582 0.867155731
    0.919838428 0.977943301 1.61265028 1.32893121 0.923825324 1.08147454
    1.79940212 1.14013731 1.67719054 0.832813144 0.830067396 0.776448011
    1.63600743 1.06951904 1.73019445 1.28068066 0.998389363 0.690437734
    1.40404892 0.980588734 0.766456544 0.756853402 1.29290819 1.38255715
    0.980999172 1.65368164 0.862387538 1.15183938 1.54037297 0.930115879
    1.59970748 1.20045912 1.31340277 0.993591607 1.4777714 1.1159122
    0.902380466 0.740624785 1.59356546 0.915210366 1.30422592 1.35486352
    0.99820596 1.24510431 0.730752647 1.25764203 0.768330574 1.37180614
    0.998339474 0.690519452 0.836399555 1.65925109 1.40383434
    0.976435244 0.792040706 1.31150055 1.04266441 1.75119662 1.1256094
    1.63311553 1.32167244 1.50281751 1.16769719 1.78050542 1.51307344
    1.43124533 1.30082536 1.75392783 0.823054254 1.70111907 1.63558161
    0.858141303 1.16970897 1.25342691 1.5788188 1.66477525 1.68701828
    1.29700983 1.47918546 1.78695166 1.41214645 1.14754331 0.691046238
    0.839868605 0.812903821 1.51110029 1.26595366 1.15566158 1.3945049
    1.07097495 1.11975348 1.71704829 1.53899324 0.817537785 0.870251536
    0.779013336 0.851824939 0.927823961 1.14597809 1.12789547 1.5687952
    1.37264025 1.64997888 1.15193176 1.53048229 1.68998289 0.818793595
    1.12738657 1.65084374 0.932912707 0.996763289 0.809695303 1.27076674
    0.864134192 1.6100415 1.82910192 1.66734207 1.84269786 1.17480779
    1.61095548 1.18731117 1.31285989 1.1821779 0.938752115 0.789251089
    0.891608953 0.925183356 1.27185619 0.952861071 0.748640299
    1.55157769 1.10378921 1.73509789 0.778405666 0.776155174 1.0249368
    1.5217005 0.857097507 0.887438178 1.27714288 1.19106936 0.929638088
    1.06365049 1.1823684 1.00594842 1.19151437 1.25923145 1.57725573
    0.877990007 1.17405486 1.60960484 0.838404775 1.32429254 1.6083709
    0.815551877 1.01293755 1.29800165 0.798450053 1.55935585 1.41726971
    0.791084886 0.897662997 0.791332006 1.08539414 1.57223582 1.50841904
    1.34530127 1.09573543 1.37733138 1.7521857 1.06982017 0.891462743
    1.20771599 0.87839067 1.28033555 1.15432596 0.939315617 0.690628052
    1.25409687 1.22289014 1.44147086 1.14318168 1.05334544 1.27969491
    1.64205241 0.949011207 1.00067413 1.17619908 0.732788086 0.753916264
    1.33237267 1.71864903 1.42089987 0.794807494 1.59890902 1.68506694
    0.97923094 0.747531414 1.30170369 1.34111321 1.43578386 1.43274307
    0.932654917 1.37431252 1.57968676 1.36976779 1.28532195 1.31571186
    1.54347026 1.08916497 1.48568249 1.07236719 1.61880779 1.23106194
    1.44664574 1.57291567 1.88773584 1.14690983 1.42738008 1.59408534
    1.46578121 1.38709235 1.05120671 1.45313752 1.45092404 1.37752008
    1.60791528 1.47807825 0.904356062 0.842020094 0.989944696
    0.978714645 1.51897955 1.00036097 1.1278255 1.21310914 0.889985085
    1.739959 1.51300788 0.835157573 1.4975754 1.33559275 1.7081753
    1.52216375 1.86137748 1.12956882 1.64854574 1.37341237 1.53801501
    1.42555332 1.1879158 1.38051033 1.11531126 1.39755321 0.909168422
    1.34765363 1.71400082 1.2927258 1.55084074 1.17166281 1.49536991
    1.75297534 1.77278161 1.57721758 0.995296419 0.876117766 1.25894856
    0.813834071 0.853504717 1.5059514 1.56976759 0.899751425 1.22364104
    1.16229856 1.00700724 0.860884905 1.58495486 1.69886827 1.74185538
    1.4242878 1.06529117 1.7513479 1.21880162 1.66939127 0.97847718
    1.75772238 1.41379023 1.70213473 1.29947734 0.932578087 0.869593441
    0.955412745 1.67891288 0.892581165 1.29762638 1.02434242 1.16658163
    1.60288537 1.54823911 0.664772332 1.00890779 0.91874665 0.829583466
    1.50340259 1.31978834 1.27777326 1.17206681 0.994626105 0.740248263
    1.24294019 1.04190052 1.04362833 1.29824758 1.38795352 1.84882414
    1.35315979 1.80799115 1.89474463 1.18073237 1.74957561 1.68107593
    1.45572376 1.67394102 1.32764435 0.935408056 0.776450515 1.53415322
    1.57993662 0.987819731 1.5195893 1.69448686 1.69970179 1.46312976
    0.863394856 1.78471017 1.69157398 0.986584544 1.55800414 1.60060644
    0.873906255 0.869858742 1.72286081 1.78698468 1.40779495 1.61774516
    1.6799866 1.60187113 1.88489676 1.64309561 0.925895452 1.19838071
    0.927048981 1.27922547 1.48285532 1.39078164 1.69300437 0.835332036
    0.828423321 1.00167298 0.961228073 1.02100885 1.6269592 1.59706414
    1.33920264 0.931110024 1.77594352 1.70780277 1.51684463 1.2590754
    1.37665606 1.2406919 1.50688553 1.32665646 1.80196488 1.1547749
    1.71970832 1.36956203 0.832363665 0.824005425 0.867946804 1.52816522
    1.41163445 1.29078519 0.743590951 1.09035456 1.20256412 0.764668882
    1.58005512 1.47661841 1.39164126 1.11854899 0.76368469 1.48552334
    1.2741375 1.00836182 1.22708929 1.63268542 0.817612827 1.62677968
    1.26863563 0.982916713 1.30484831 1.23904693 1.25464439 1.25135422
    1.27306437 1.51526868 0.848991573 1.23098695 0.734646559 1.18593907
    1.2535032 1.41885984 0.781451702 1.4650135 1.08861506 0.77953732
    0.99053812 1.07382452 1.54197669 1.25655949 1.26362836 1.65072727
    1.35371733 0.802027047 1.36627722 1.15117037 1.43444395 0.781249046
    1.66711104 0.82425034 1.5770812 1.48671579 0.939905405 1.47618151
    1.00580502 1.4803077 1.22325158 1.62508893 1.43411803 1.45767283
    1.27109277 1.21338022 0.742453516 1.34049296 1.31290114 0.837489784
    1.03204811 1.01208782 0.879419446 1.12687242 1.75765586 1.48804295
    1.4158504 1.59998643 1.39635682 1.01915705 1.73911583 1.42360651
    1.50265265 1.05013347 1.26464128 1.19867861 1.03818083 1.32727647
    1.51578772 1.46508849 1.36508155 1.39180744 1.28480732 0.982241154
    1.50303149 1.71817935 1.40985131 0.870385885 0.993588626 0.848119259
    1.42914593 1.34110391 0.931862473 1.51606143 1.58901775 1.15776885
    0.763990164 1.33163834 1.24000466 0.706907749 1.65820134 0.865165174
    1.27272153 1.26643753 1.51702738 1.09776962 1.77295876 0.918144584
    0.970161498 1.22226787 1.69710612 1.44247949 1.85388923 1.52557862
    1.87567186 1.29298115 1.3695097 1.03120303 0.794484317 1.04499459
    1.06411934 1.72584164 0.941910803 0.885025799 1.27586484 1.64077592
    1.60835469 1.44499147 1.1094563 0.938841939 1.2991575 1.2298162
    1.43104458 1.02891171 0.754762709 0.723796785 0.90587002 1.39988649
    1.0165807 1.15230143 0.962472737 1.09662282 0.741636574 1.27867115
    0.809827089 1.26669931 1.63556075 1.28418422 1.0570972 1.52083349
    1.56308007 1.32188451 0.880787611 0.940535426 1.26304746 1.15629196
    1.72293878 1.67800367 1.43606424 1.67484963 0.996572435 1.01990044
    1.58106303 1.13652158 1.25181377 1.72155964 1.4225713 0.754622817
    0.839260757 1.0360682 0.723872721 0.933181226 0.849400163
    0.993765354 0.773700356 0.722981155 1.31695712 1.38489079
    0.739437282 1.08225763 1.03216171 1.61459935 0.900651276 1.70465577
    1.59698641 1.20154285 1.43626618 1.06938756 1.85850692 1.33420086
    1.13396561 1.07398093 0.97061038 1.20642006 1.07689309 0.820849001
    0.873573601 0.862605095 0.979634583 1.3134259 1.54114974 1.26774061
    1.38124442 0.86652112 1.45121765 1.68326437 1.44326448 1.59833515
    1.18688595 0.731381595 1.54046011 1.37229466 1.60219622 1.62078667
    1.64762831 1.40065837 1.82919085 1.6271553 1.33006907 1.24787831
    0.93384707 1.28959882 0.905438602 1.40459931 0.961309075 0.861786246
    0.768512845 1.69292963 1.49947488 1.56109619 1.19476736 0.856947005
    1.43978906 1.42591465 1.54429436 1.27195978 1.76045084 1.6572727
    1.71261311 1.652789 1.74989522 0.927328646 1.59705317 1.53552663
    1.16233611 0.975930929 1.68898046 0.901240051 1.51072943 1.44541168
    1.13073814 0.844514668 0.795730829 0.938627601 1.48222971 1.69380319
    1.51823068 1.11361051 1.28581583 1.18511713 0.785540164 1.73380589
    0.97583884 1.57653844 1.12923157 0.958389938 0.672786653 0.64774096
    1.11052608 1.12385273 0.923275948 1.72142434 1.731197 1.40089369
    1.32644701 0.848270655 1.69816995 1.01866496 0.779247701 0.884480119
    1.27645981 0.778494179 1.16733658 1.0441587 1.55065572 1.32280481
    1.76538944 1.01223397 1.47663951 1.43597698 0.920390546 1.25954628
    1.52062929 1.28593934 1.6254679 0.886684775 1.37797785 0.710302234
    0.807396173 0.811124384 1.24004745 1.55538464 0.92354399 1.5923059
    1.02485573 0.484272301 1.03376794 1.64570045 0.814680099 1.53490424
    1.19193006 0.999616623 1.16867375 1.39229262 1.21025348 0.928143084
    1.00954211 1.33504009 0.788944066 1.29554284 1.49310505 0.816638708
    1.19655991 1.62152302 0.786153793 1.39372194 1.7817229 1.48645008
    0.839538693 1.76600266 1.55794263 1.80657363 1.19514453 0.82227695
    1.69091856 1.5623709 1.10863614 0.901684463 1.1907351 1.60500252
    1.75115132 1.62247097 1.75294447 1.19347692 1.19942367 0.993664026
    1.5102005 0.731967568 0.883720696 0.797343731 0.822482765
    0.814842939 0.904107392 0.865502357 0.847240865 0.795336485
    1.62196147 1.6890049 1.51496565 1.80981815 1.8156687 1.51729214
    1.65633142 0.805660963 0.97619611 1.40037334 1.34420669 0.813984752
    0.909879386 1.15305078 1.32303953 1.72216606 1.73257375 1.50143981
    1.09100771 1.0227406 1.52977228 1.61297739 1.47923303 1.35818255
    1.57288909 0.932278454 1.01017821 1.75614595 1.30573213 0.921208799
    1.46417987 1.3041538 1.5046283 1.318887 0.965043128 1.06521964
    1.17604113 1.35969532 1.4896363 1.38304067 1.39935303 0.963056982
    1.50045955 0.989778876 1.36821973 0.974350452 1.13493264 1.49754965
    1.2334348 0.92787087 1.22599673 1.70000696 0.960129023 0.893531382
    1.77570093 1.05076766 1.2643261 1.6555351 0.849845171 1.06841183
    0.922746301 1.079862 1.46539724 1.73254383 1.67749739 0.847542048
    1.04515922 1.67763686 1.18080211 1.34894192 1.16577327 0.686712623
    0.903285265 1.26022625 1.0497483 1.4237355 1.14044225 1.15843499
    1.48200333 1.68110168 0.76112324 1.26990736 0.946567237 1.70501018
    1.51507926 1.90836656 1.64882004 1.53206122 1.86035419 1.86791313
    1.22777426 0.818666041 1.61797655 1.13889587 1.19400799 1.15489829
    1.11702514 1.56631768 0.863683403 0.972384512 1.23565841 0.79675895
    0.868232429 1.58987808 1.75337243 0.860914052 1.18354106 0.791664004
    0.886155307 0.836655915 0.888800383 1.18565679 1.57693553 1.30090284
    1.1360234 1.72272885 1.556844 1.60329342 1.48244703 1.3449198
    1.07949746 1.7733084 1.7205205 1.74922419 1.5836066 1.42365813
    1.37878215 0.812813759 1.53782761 1.06638145 1.17247117 1.23575878
    1.27386689 1.71840417 1.50038314 1.83476627 1.35738409 1.53798568
    0.907859623 1.59239531 1.69500625 1.26489139 1.58367133 0.899658442
    1.41403353 0.964141786 1.07045746 1.58877158 1.77326596 1.334849
    1.66335058 0.965414107 1.18739116 0.99460578 1.49078608 0.988023758
    1.52856052 1.71647942 0.90323776 1.52769423 0.985216618 1.40620363
    1.49719644 1.19215679 1.70635557 1.05816638 0.631738544 1.31258833
    1.05382383 1.10709739 0.819438756 1.81010294 0.882269323 1.76712406
    1.32541025 1.50570095 0.750884175 0.714739919 1.18186557 1.61136675
    1.53554964 1.47247124 1.48298359 1.48075533 0.877765119 1.45612419
    1.40622568 1.70244539 1.37257361 1.47541916 1.38128173 1.2279489
    1.21150267 1.24485445 0.826951623 0.897909045 1.29678535 1.61068904
    1.15373552 1.57449472 0.942272425 1.10012853 1.52583146 0.817569971
    0.92633152 1.07779741 1.26075172 1.26431692 1.25178826 0.974485815
    1.34220076 1.67873669 0.860944152 0.83888042 0.793523312 1.33031833
    1.39846408 1.33364451 1.38233614 1.47675359 1.39847553 1.24953628
    1.67254388 1.17322433 1.50211728 0.894536316 1.2725426 1.46169972
    1.1537199 1.14242303 1.79355204 1.05441666 1.43535233 1.08650756
    0.886180758 0.970117271 1.18677235 1.56409752 1.70993507 1.89574707
    1.66472495 1.76450336 1.18075573 1.01865673 0.9523862 1.1841805
    1.232499 0.82419163 0.982729614 1.00038171 0.801369846 0.665046632
    1.08399892 1.62859142 0.687407732 0.993080795 1.31768477 1.70617807
    1.13293111 1.18474591 1.47394609 1.55603838 1.84224689 1.14662361
    0.782475591 1.62775588 1.29136693 1.25129724 1.01204801 1.49446976
    1.68145001 1.062415 1.71559298 1.03380036 1.73750317 0.888947606
    0.888869286 1.34185886 1.15319371 1.75885499 1.05676436 1.3134985
    1.46041906 1.19782889 0.776435077 1.5360148 1.23591673 0.911528647
    0.95372051 0.770653248 1.24678254 1.23006344 1.17841542 1.098171
    1.56377161 1.18007708 0.965845942 1.28078997 1.29822254 1.74693501
    1.60892665 1.66454041 1.45855546 1.20956969 0.816607475 1.32954323
    1.41112137 1.39542317 1.12455165 0.856029093 1.23381531 0.834276557
    0.886083782 1.35779214 0.751297235 1.33040965 1.17033374 0.738126338
    0.817545295 1.25857198 1.09080195 1.7805326 0.834044635 1.73203349
    1.21643341 0.724676371 1.35232651 1.12842607 1.50468838 1.51677895
    1.61092389 1.04506516 0.762313962 1.1404165 1.34245551 0.978976727
    1.40116131 1.60806882 0.989675641 1.72375441 1.6604929 1.44267547
    1.73680842 1.71486747 1.63695431 1.06229198 1.68207955 1.24494946
    1.26554942 1.1326803 1.12390518 0.934531569 1.41820514 1.63250792
    0.87048763 0.89040482 1.11408317 0.909238338 1.33666432 1.54290521
    1.00372708 1.18391097 1.34839475 0.821543992 1.32953763 1.47265089
    1.23055518 0.945980012 1.52371681 1.69575572 1.43457556 0.984987259
    1.04905844 1.08344841 1.62882411 1.73720372 1.06168807 0.981701374
    1.57057488 1.64805174 1.77510476 1.48386073 1.08151305 1.04620683
    1.07420862 1.37019241 1.33303761 1.45489275 1.56272924 1.28837824
    1.67786443 0.86760962 1.35429978 1.62124801 1.38602233 1.56552982
    1.69800305 1.73959458 1.398224 1.77602565 1.69734633 1.30390084
    0.877323151 0.86218071 1.00218379 1.80331647 1.10918403 1.06342745
    1.33944941 1.17467606 1.06873655 1.0455128 0.996969461 1.11244905
    1.17095935 0.883653045 1.12961304 1.7784934 1.66338217 1.0666281
    1.49333453 1.15694988 0.639064491 0.709887028 1.41500747 1.00834513
    1.39612031 1.77489901 0.981655896 1.72301567 1.27278233 0.863801539
    1.65049243 1.04300296 0.928437948 0.735839188 1.51394975 1.52964354
    0.882175803 1.57434773 1.46772766 1.50461674 1.75379694 0.930019021
    1.21955788 1.6365248 1.81907713 1.38257253 1.64550793 1.30738676
    1.55870152 1.19522238 0.970141649 1.02407646 1.47110748 1.20193577
    1.54019248 0.746600449 0.709631681 1.13304687 1.22189891 0.903300881
    1.33351588 1.17154098 1.113392 1.38510287 1.50234902 1.52879596
    1.2549448 1.52439356 1.18737352 1.67803097 1.42368662 1.66341245
    1.65521765 1.14891267 0.890933812 1.24361038 1.20446503 1.04311872
    1.41126108 0.918198407 1.37108231 1.01219654 0.866357267 1.6414448
    1.36988699 1.81589377 1.08138752 1.34347284 1.79013181 0.885930836
    1.75944257 1.62092435 1.81184781 1.82491481 1.10190928 1.0559113
    0.914654911 1.01396883 1.01380134 1.22872722 1.25637507 1.48272502
    0.962871552 1.22554278 1.41994596 0.976617932 1.46897256 1.09226894
    1.09056401 1.09861052 1.0875057 1.63937259 1.09315193 1.69536161
    1.84199572 1.2701242 1.25398445 1.01114941 1.52626526 1.43043375
    1.00030315 1.70984197 1.42424881 1.5206461 1.59840417 1.12962615
    1.16147923 1.39894235 1.21206343 1.62304342 1.81740355 1.13881242
    1.74615383 1.6089555 0.960383296 0.851958632 1.55464375 0.996593535
    1.64820969 0.801987886 1.68119287 1.74450052 1.66851354 1.66400659
    1.16132879 1.60044515 1.31336844 1.25647902 1.00598752 1.14098275
    1.06953883 1.76048493 0.974795818 1.5989151 1.36764503 1.50500321
    1.17361009 1.05630124 1.35675156 1.10931325 1.5929631 1.37198544
    1.64501703 1.45373142 1.77902067 1.33297634 1.58858359 0.929051518
    0.870256722 0.832609892 0.649869561 0.679784238 0.798747241
    1.07034194 1.42159653 0.906057358 1.76191247 1.74832523 1.64752626
    1.0277499 1.20578825 0.891282082 0.973836601 1.06878984 1.45522583
    0.743719101 1.70651817 1.72117198 1.05806732 1.12100446 0.751515567
    1.44200838 1.74193859 1.70349765 1.91200161 1.77965665 1.17853713
    1.86308408 1.25385618 1.3201555 1.29040289 1.65642703 1.46659589
    1.00972068 0.78104496 1.70177948 1.48577487 1.1213994 1.28802574
    0.904566526 1.5250181 0.942700863 1.32346499 1.29599762 1.10915959
    1.59665167 1.01370251 0.882809699 0.959507942 1.63370109 1.23097813
    1.62918413 1.49018741 1.75319159 0.852651715 0.787733734 1.48704171
    1.21861374 1.46636808 1.45921624 1.68091452 1.03745902 1.58202517
    1.21514595 1.35260975 0.912395179 0.88171649 1.52647829 0.953207493
    0.857383013 0.843308091 1.78740001 0.915418506 0.881999493
    0.903677821 1.64698267 0.988254368 1.59165251 0.862492919 1.08780384
    1.47564733 0.848556995 1.1102885 1.74440372 1.00536156 1.59900296
    1.36503279 1.64268661 1.44653225 1.73692262 0.866574585 1.49353886
    1.09028816 0.807139575 1.1375562 1.20641565 0.762736142 1.13241982
    1.39698732 1.47197032 1.35528255 0.985745192 1.1609 1.61711717
    0.840437472 1.05114496 0.696765423 1.3344698 0.698148787 1.2331109
    1.2534461 1.33395195 1.49222982 1.68554389 1.5074898 1.27348936
    1.19357359 1.61872888 0.95282197 1.03253579 1.35025692 1.7843864
    1.60793602 0.843694329 1.35544872 1.33357012 0.797733426 1.6424855
    1.01716292 1.48998344 1.59447134 1.07988381 0.870723426 1.76641893
    1.8028928 1.62964094 1.71863997 1.54810321 0.838006318 1.57522595
    1.32548726 0.86623019 0.699694753 1.25503361 1.39450896 0.867548943
    1.44193172 0.936877847 1.04837346 1.77841556 1.67221737 1.0462085
    1.23248804 1.63642991 1.11127257 1.73195541 1.65571356 0.880872607
    1.24881113 1.38664234 1.56151688 1.51442266 1.76649904 1.16533077
    1.01692009 1.04574692 1.33432388 1.35451698 1.64219189 1.73926735
    1.18984115 1.64995861 1.60467148 0.992373645 1.0670073 1.64027882
    1.14287865 1.79065359 1.69418502 1.55987298 1.45510852 1.59490299
    1.72595024 1.28275573 0.699200451 0.680618823 1.01113319 0.827308476
    0.814025044 1.45780241 0.918087661 0.899446905 1.46244204 1.63111413
    1.49570239 1.32688487 0.949032962 1.16564286 1.78324068 1.13036013
    1.81366944 1.20050263 1.76509857 1.70419478 1.39380252 0.911416531
    1.10055614 0.923767924 1.23209715 0.962059557 1.09274948 1.14969194
    1.42277372 1.50351274 1.73544729 1.51895416 1.63101113 1.00713503
    1.56370509 1.52331758 1.75511014 1.44997644 1.39983749 1.17389822
    0.809168875 1.42102003 1.73396933 1.45278049 1.3937037 0.781554937
    1.12260842 1.53387141 1.14261115 1.40199649 1.20556891 1.49233925
    1.11178529 1.02745855 1.54898369 1.55632544 1.78694475 1.67991471
    0.862762272 1.5391587 1.63292742 1.43319619 1.22517061 1.27605212
    1.78871989 1.20827377 1.81466043 1.6169498 1.24841678 0.910916924
    0.629192889 0.643445551 0.596755326 0.610441029 1.4915123 1.27015793
    0.868617415 0.807930768 1.76857173 1.0898596 0.837151825 1.04375792
    1.40979624 0.730057418 1.09799647 1.27201068 0.828988075 1.62013531
    1.32229984 0.79524976 1.69538379 0.856723964 1.12714303 1.00635791
    0.856913865 1.11298513 1.7144798 1.52923906 0.927642107 1.52881813
    1.34297216 1.55910683 1.39461088 0.842169404 1.76954663 1.68788052
    0.842274368 1.48398471 1.19562924 1.70109653 1.10692644 1.08864415
    1.07724297 1.19785488 0.960556269 1.12666368 1.20507085 1.10735857
    1.44896209 1.03936744 1.51946282 0.93612504 1.75938356 1.52457929
    0.781932116 0.803888321 1.6756835 0.79478848 1.13004327 1.26862431
    1.48351586 0.964595497 1.16476572 1.55011714 1.23700237 1.23346567
    0.964212954 1.50081778 1.50494003 0.82645458 0.969715536 1.13273871
    1.74776268 1.13139045 1.17002332 1.0990237 1.28210151 1.23019683
    0.959047616 0.965527534 1.27479458 1.63521218 1.05856669 1.45393503
    1.36571956 1.13155711 1.16094172 1.17650664 1.26589108 1.04141617
    0.84994936 1.64445984 1.76167953 0.97798264 1.7583164 1.06338155
    1.03836322 1.59441292 0.997861981 1.53404605 1.23791349 1.40983963
    0.88838464 0.995423913 1.10906899 0.925040901 1.14605629 1.32174802
    1.3814187 0.82025224 0.852385223 1.31582761 1.40315425 1.81459653
    1.35923052 1.6586436 0.883527339 1.76906049 0.802011251 1.57832801
    0.912917733 1.70959163 1.29750645 0.969806194 1.33872604 0.906036675
    1.12162912 1.52976978 1.41856182 1.18251109 0.895317018 1.56510782
    1.07057393 1.20895898 1.68474233 0.900336683 1.24808395 1.31132865
    1.61269712 1.51931703 1.76217401 1.76842427 1.39363313 1.40441728
    1.3396244 0.679344594 1.27628505 0.592375278 1.23964357 1.22700977
    1.0452323 1.05944872 1.81233215 1.45058048 0.908481717 1.02587402
    1.48175144 0.95982039 1.77668691 0.942133844 1.68061447 1.3130064
    1.24593592 1.41078734 0.847354114 1.73238099 0.840366721 1.30835009
    0.776066244 0.994724035 0.905491114 1.74513805 1.36777985 1.43721485
    1.84381974 1.08664799 1.35224497 1.9005779 0.97561872 1.78469384
    1.30369115 1.75290263 1.90750599 1.49485743 1.60092306 1.22324681
    0.808892667 0.949131191 1.56641495 1.47850394 1.04518569 1.57846069
    1.68255186 1.10234249 1.60999966 0.841824651 1.67197359 0.752810717
    1.61488795 0.770151198 1.01317585 1.37799299 1.27183223 1.74626434
    1.40757513 1.09918642 1.40507579 1.27018452 1.34150612 1.56669497
    0.7354213 1.37853014 1.01118326 1.07437849 0.818030834 0.934903145
    1.30782342 1.10418522 1.8597852 0.886893511 1.52851689 1.20914996
    1.5562408 1.10986996 0.724759459 1.28706741 1.34110594 1.22863436
    1.41403663 1.34692287 1.01550722 0.815211833 1.50475848 0.895699561
    1.16712439 1.67503023 1.33626604 1.53582144 0.908089876 1.4792279
    1.77330351 1.38181114 1.36333025 1.39874351 0.8558954 1.39007592
    0.909114599 1.76709259 1.65035784 1.79156971 1.73174763 1.43926477
    1.85413814 1.27109444 1.21120012 0.815626979 0.918061614 1.01020288
    0.988080025 1.44621003 0.776525021 1.18526101 1.72492564 1.22173047
    1.18987226 1.54945016 1.50376844 1.55880988 1.44525111 1.56464851
    1.25660098 1.10609293 0.854785502 1.10607672 0.899255395 1.42850661
    1.69670987 1.52443981 1.52882707 1.22899008 1.24191523 1.28429484
    1.63842702 1.58256042 1.13476264 1.10031307 1.19444168 1.43209779
    1.5469954 1.78270531 1.61147428 1.54794908 1.00473404 1.03222895
    1.41908705 1.6520375 1.49533355 0.748771787 1.10882378 0.915070295
    1.27333879 0.746998549 1.65910661 1.77641678 1.71192753 1.46688688
    0.780691266 0.833896339 1.56871378 1.01133657 0.842092097 0.97893703
    1.16056645 0.863521755 0.848933399 0.97924459 1.00739706 0.915454865
    1.49230254 1.11150265 1.6345768 0.799714208 1.26572371 1.10126686
    1.72650123 1.7581054 1.15167439 1.33392382 1.52107978 1.41783571
    1.5646441 1.73531318 1.76664197 1.61751533 1.67837679 0.800756872
    1.5898689 1.28197849 1.71813536 1.18508017 1.45203006 1.64372218
    0.905360162 0.891979456 1.62501633 1.32374823 0.874134779 1.78028905
    1.66087389 1.74804425 1.67600107 0.841278613 1.44028687 1.36055958
    1.65411961 1.05632055 1.30383933 1.24059212 1.75783467 1.77021551
    1.6714524 1.53517115 0.811041236 1.04848623 1.36138928 1.18063104
    1.32892835 1.07872093 1.3866595 0.901096284 1.47266626 0.962510109
    1.34281206 0.982756436 0.82113713 1.7185086 0.824595511 0.968422234
    1.70559967 1.51236224 1.13401473 1.3162086 1.28537691 1.06607854
    1.03714275 1.00395143 0.942749977 0.910764694 0.759576321
    0.935058653 1.1669122 1.77066493 1.26074862 0.813732624 1.74306667
    1.08366871 1.43054485 1.23257363 1.50228226 1.62199092 1.09224296
    1.35536122 1.07598686 0.87952292 0.728930354 1.30506933 1.27242219
    1.62963068 1.76122093 1.10726392 1.59256637 1.71143591 1.03828192
    1.0626688 1.20771396 1.17579758 0.884928703 1.40964055 1.37908483
    1.14477515 1.7506758 1.30227768 1.44370592 1.7252233 1.57581246
    0.912470281 0.997683227 1.22017407 1.74886298 1.57978737 1.92299581
    1.8073436 1.95518172 1.61799204 1.88497388 1.43007708 1.50525677
    1.37100542 1.41190445 1.00722528 1.18712187 1.75358176 1.65990853
    1.42207146 1.18298328 0.907695591 1.14420211 1.11391294 0.921992123
    1.68486667 1.19472814 1.57059944 0.686371565 0.985349178 1.19670761
    0.959010005 1.02820337 1.50404429 1.24447238 1.82040477 1.15068281
    1.81887007 1.51650286 0.897076607 1.08361042 1.04881239 0.841566384
    1.3455795 0.701236486 0.81959182 1.44063759 1.76009893 1.55566311
    1.77089775 1.80286396 0.999296665 1.52500367 0.793954432 1.5405153
    0.692819715 0.691721976 1.05854416 1.74413371 1.34806383 1.4736656
    1.38822639 0.871574461 1.04346848 0.865514457 1.18403971 1.23044813
    1.74807215 1.08673394 1.59430337 1.5031532 1.56849325 1.1824106
    0.894785285 1.73480535 0.994723558 0.791403949 0.854260504
    0.732404888 0.844648063 1.0644995 0.922322154 1.83447385 1.7758708
    1.66692424 1.76357162 1.23092437 1.28830433 1.06070292 1.11930048
    1.01381099 1.32245517 1.71492863 1.01732349 1.74455965 0.938507974
    1.6881237 1.66553128 1.60815358 1.42217612 0.92318207 0.893620372
    0.831916273 0.974618614 0.874140203 1.3795191 0.79607594 1.00291479
    1.30811656 0.889276683 1.34770572 1.33030653 1.06895554 1.35585439
    0.832586765 1.75226176 1.03310096 1.03909266 0.902769566 0.918655455
    1.01811922 1.24047196 1.30179214 1.45600176 1.5004276 0.843834102
    0.987141013 1.46292102 0.927777588 0.647515297 1.53941524
    0.800121725 1.41001129 1.2009598 0.780289888 0.805537879 1.77735853
    1.455971 1.31558013 0.91349113 1.52357161 1.09663916 1.48687875
    1.1322875 0.707209229 1.39901173 1.02972376 1.70279038 1.53777695
    1.62730205 1.55007792 1.2183013 0.968124628 1.53987217 1.03115439
    1.10231495 1.77827811 0.93093574 1.13263118 1.06447303 1.27358663
    1.69772995 1.8787998 1.86693633 1.50086308 1.45407128 1.30442977
    0.880479515 0.87598747 1.71954501 1.05983579 0.963065326 1.49209869
    1.42876339 0.962006867 1.36795187 1.29451811 1.36621869 0.895367563
    1.03006017 1.34351575 0.873820901 0.896858037 1.12743759 1.6863023
    1.27629757 1.05500317 0.805395067 1.36314607 1.32072628 1.57760561
    0.961422205 1.66356575 0.981611907 0.914970398 0.987492919 1.5197264
    1.52132761 0.867357433 1.15766358 0.988574326 1.24599814 1.31004632
    1.70620346 1.61478925 1.41881788 1.59498811 1.03503859 1.18907976
    0.866697311 0.990622401 1.71812046 1.06769502 1.66720486 1.46143496
    0.788224578 1.59841871 1.64395273 1.09715939 1.43797421 1.06027305
    0.947563827 0.876402676 1.75424552 1.16678429 1.089136 1.24631441
    1.02585745 1.62510395 1.288185 1.78143454 1.46830451 1.2963028
    1.30380464 1.23750067 0.848049402 1.4473207 0.766764462 1.22041845
    1.7780652 1.15134811 1.58217716 1.50692129 0.955801189 1.48585033
    1.66766691 1.60581982 1.15534604 0.979374707 1.3880533 0.893803954
    1.64659357 1.62793207 1.71394539 1.20145333 1.36454749 1.42582583
    1.7216742 1.1436727 1.04943836 1.54969871 1.55057454 0.999967098
    1.95632243 1.75224566 1.80933738 1.47093749 1.60962582 1.08107316
    1.83997083 1.80821776 1.50111926 1.37039757 1.35685813 0.836863101
    1.79709065 1.60729373 0.773317099 1.36295605 1.348719 0.83622992
    0.960960507 1.14380491 1.25389874 0.728233933 0.736619353
    0.671354532 1.38940799 1.6356672 0.8673172 1.17906761 1.29607403
    1.50087166 1.76153803 1.56979251 1.67623103 0.79667598 0.992892504
    1.04245794 0.716466844 0.89470309 0.818931043 1.44021082 0.961422205
    1.6245662 1.23996484 1.72214282 1.3376528 0.946612775 1.18950713
    1.59444094 0.949498236 1.22846842 0.794744074 1.2554034 1.75539219
    1.02359116 0.900882721 1.44935846 0.943796039 1.26219809 0.752138436
    1.43862379 1.11229563 1.09615815 0.841228187 0.826214731 0.729462266
    0.713954806 1.42151093 0.88252759 1.6084311 1.00994086 1.52536762
    0.700903296 1.70340133 0.868109345 1.67141593 0.889996171
    0.917787254 0.818157256 1.50911832 1.19101346 0.721500039 0.78053683
    1.41920197 1.54549921 1.41871762 1.34774601 0.769279838 0.943760872
    0.896963179 1.64287889 1.3036325 1.16570127 1.26656973 1.33270943
    0.862359941 1.5063802 1.56239259 1.29044759 1.03148925 0.94134593
    1.02870047 1.61060166 1.47131133 0.93850857 1.24048483 1.20057034
    0.943316996 1.32996345 1.17707336 1.73802149 1.00396585 1.35665417
    0.838754237 1.36791289 0.807590067 1.45476365 1.42121458 1.29728317
    0.779715419 0.680982471 0.799894691 1.37372828 0.588179886
    0.887638628 0.680719018 0.974247754 1.09900117 1.6807729 1.57947445
    1.67850447 1.44670355 0.970420539 1.52047026 1.18428516 1.544402
    1.05206215 1.09600365 1.49688101 1.50034654 0.769087076 1.25455594
    1.01720333 1.15835452 1.66273642 0.915303648 1.30151296 0.783894241
    1.56280112 1.51403856 0.88402015 1.10929716 1.62627828 1.38399279
    1.23159325 1.77180064 1.45086491 1.05076861 1.39995253 1.47094476
    1.66604865 1.5204829 1.35342848 1.5086 1.15025055 1.68318319
    1.61098337 1.20832551 1.18234074 1.13893986 1.6271385 1.30511343
    1.34065616 1.74410486 1.0782032 1.64258194 1.60268497 1.37184727
    1.79526114 1.30721295 1.06686711 1.53785026 1.392115 1.71060896
    1.77854764 1.53548872 1.39520693 0.921580136 1.19450319 0.972856164
    0.987659991 1.40895665 1.49960375 0.981463492 1.5832206 0.94384402
    1.54179668 1.77406812 1.77748442 1.19856083 0.86384809 1.4948777
    0.950070858 1.18658841 1.02772331 0.996992767 0.783068001 1.18467629
    1.75177515 0.992854595 1.28903091 0.870790422 1.1516633 1.67570484
    1.34349978 1.35412848 1.24137461 1.7615819 0.971823275 1.37738419
    0.936922312 1.60510921 1.16689742 1.01948953 1.35396063 1.84749365
    1.66200495 1.72107458 1.18645179 1.13156426 0.632987022 0.646617711
    1.28476834 1.81858003 1.72133052 1.81339633 0.977439761 0.7920506
    1.09224403 1.60924017 1.41920745 1.29204023 1.64930284 1.75948346
    1.1945678 1.86933303 1.71977079 1.18883061 1.85842049 1.89520431
    1.28290522 1.44804835 1.46259439 0.891679227 1.63367689 0.911558807
    1.54547119 1.53913593 1.91021109 1.8070451 1.1282841 1.27538729
    1.15700459 1.44886601 1.62736118 1.47953415 1.42351937 1.30599022
    1.84455478 1.78190088 0.815470636 1.69314671 0.977893114 0.745264232
    0.971754491 0.726052701 0.837899804 0.900839269 1.54981399
    1.06886113 0.888888061 0.864605546 1.16816771 1.1745435 1.44629467
    0.955009878 1.55636775 1.30295229 0.830379963 1.57004881 1.37344825
    0.840339124 1.05146849 0.711014748 1.40754318 0.988348365 0.79160732
    1.13935268 0.89555949 1.86111581 1.16008759 1.79625499 1.1026392
    0.751300871 0.697080433 0.988682151 1.01729321 1.12193549 1.34268677
    1.54939806 1.32594061 0.965858042 0.943592608 1.74926281 1.44655788
    1.50204968 1.18242335 1.06727993 1.05250478 0.714884818 0.855940878
    1.20323563 0.844486594 0.858132184 1.5885632 0.976360321 0.911632836
    0.886771679 0.833359659 1.58663833 1.31726205 1.08228636 0.898579836
    0.896989822 1.06677341 1.65231383 0.943263888 1.11112392 1.19136465
    1.33602965 1.00683308 1.53424954 1.02261293 1.58257139 1.46888113
    1.71444702 1.4268595 1.29929328 1.77886963 1.58878481 0.897619009
    1.75780749 1.53509271 1.78602076 1.71838605 1.29297435 0.919048309
    1.06956351 1.29087973 1.09127641 1.06741846 0.7514081 0.829127252
    1.1763196 0.968280315 1.03620028 1.55107272 1.14749897 1.23409283
    0.942128658 1.20016837 0.855813026 1.06855857 0.969013333 1.70360637
    1.63121271 1.21669495 0.901274264 0.765688121 0.684405625
    0.920113325 0.940300763 1.13535011 1.08954918 1.21076596 1.04459107
    1.31622255 1.49110675 1.17345774 0.800497115 1.33848226 1.28636885
    1.37608027 0.723808587 0.837263227 0.932673991 1.36818123 1.65058911
    1.20771801 1.51673126 1.10762095 1.63077414 1.35077858 0.875510216
    0.841873109 1.5603503 1.54644096 1.79785776 1.16155148 1.04714191
    1.46741259 1.40473783 1.02794874 1.54399216 1.26547456 1.33956313
    1.30963743 0.920209527 0.697923124 1.15667164 1.4082942 0.809611738
    1.37375975 0.826174796 1.78115523 1.50778294 1.7693615 1.02956307
    1.69490433 1.53680289 1.59725296 1.63878381 0.911870241 0.925310314
    1.22364902 1.3185271 1.46140432 1.67535377 1.52010822 1.57706535
    0.984822929 1.18964708 1.25410998 1.44756067 1.43394828 1.16687536
    1.70702088 1.09337461 1.75955164 0.993781269 1.68045819 1.49730372
    1.42239654 1.47757733 1.14871836 0.774329185 1.13288355 1.50930464
    1.68345737 1.2386868 1.09651434 1.28751397 0.825208962 1.09269416
    0.951671302 1.75327706 1.43619132 1.35361052 1.02621615 1.18596101
    0.942135513 0.927172065 1.67822826 1.75111461 1.27736056 1.67801309
    1.29518473 0.914437711 1.58962941 0.911879361 1.28275287 0.98456645
    0.884082913 1.74186707 1.65127563 1.1254431 0.518681347 0.748297453
    1.65397358 1.45694482 1.21325636 1.56846809 1.72278786 0.903098524
    0.891017616 1.10217535 1.31271887 1.55740786 1.8185612 1.36766231
    1.73552811 1.06389892 1.01719952 1.25732887 1.44378424 1.87005043
    1.72997558 1.4892745 1.28105772 1.43374789 1.1590904 0.897875249
    1.81971073 1.81646252 1.6626488 1.61588001 1.81802034 1.0185672
    1.19797754 0.967766762 0.828630149 1.70964336 0.984340847 1.36805379
    1.38280725 1.71973681 1.28703308 1.59244895 1.14815557 1.58224154
    1.43080008 0.775629044 0.907237053 0.616072178 0.662396789
    1.01216817 1.60369372 1.26278937 1.18471837 1.16563499 1.20545518
    0.92708689 1.5817287 1.72508574 1.34485698 0.923066795 1.0974791
    1.43996906 1.35046792 1.31544244 0.942726195 0.868255556 1.72297263
    1.30404866 1.75947154 1.64521348 1.07050204 1.19980037 1.23884702
    1.37812817 1.22592402 1.30740237 0.832922935 1.17225504 1.5754931
    1.80461431 1.27696335 1.461007 1.7213434 1.6896143 1.3823849
    1.75668311 0.974684298 1.467641 1.0561465 1.27613699 1.24273098
    0.736027002 1.01289284 1.645805 1.57813334 1.44757092 1.44821203
    0.853611887 1.27656722 1.71611834 0.879840732 0.87087512 1.32020724
    0.835028887 0.900586188 1.52717412 1.46893203 0.961999655
    0.940626383 1.7135154 1.27008545 1.59331977 0.918667853 1.21617067
    1.00421202 0.955357909 0.833344102 1.03848898 1.74544311 1.15659094
    1.51573801 1.44764352 1.13038099 1.17448604 1.55053842 1.77533185
    1.23902237 1.27000487 1.03236437 1.19828928 1.28716826 1.63701451
    1.58210778 1.39852333 1.6326431 1.30337846 1.22725809 1.30227458
    1.43782246 1.02224636 1.12340903 1.07528865 1.65364313 0.940238535
    1.38179755 0.726138532 1.00526583 0.829708934 0.858921826
    0.976172566 1.23607087 0.648023129 0.799182296 0.82924825 1.30300891
    1.63418174 1.26600277 1.24525058 1.06679189 1.68941236 1.26222563
    1.59081614 0.923783004 1.03653514 1.61523116 0.742100537 1.54246843
    1.01125669 1.10492325 1.58092356 1.04849625 0.939717352 1.11909103
    0.843998075 1.45290363 1.03473127 1.30924785 1.49628031 1.29966354
    1.71377611 1.821069 1.80839586 1.56799889 1.53887284 1.66235685
    1.30545652 1.11711013 0.905411601 1.07247841 0.829713404 1.31106114
    0.765458822 0.956859052 1.27480841 1.50867772 1.39884853 0.872983396
    1.43768108 0.856954515 1.23243046 1.61956573 1.16757846 1.79050076
    1.55273366 1.69196725 1.19380856 1.18660212 1.61545336 0.965297997
    1.30259454 1.72036457 1.40802562 1.19580019 1.59070992 0.976416886
    0.899507165 1.49937868 0.825935543 1.74825335 0.822889566
    0.878640771 1.56172132 1.62048864 1.15755725 0.894460201 0.776006222
    1.6973151 0.765017509 1.16320634 1.50716996 1.60494947 1.40958953
    1.00147235 0.955515683 1.70024025 1.24441385 1.64370179 1.50182009
    0.845894575 1.71252739 1.6758734 1.51130521 1.43096471 1.51262724
    1.03507888 1.44296718 1.49751592 0.993550181 0.821249843 1.58531833
    1.28209317 1.79244971 1.85424995 1.48330212 0.80635488 1.22115445
    1.00580299 0.75512737 1.2038449 0.829441071 1.20979857 1.37391615
    1.4036051 1.11760628 1.61992717 1.09271026 1.0896914 1.11328447
    1.40222251 1.68450356 1.81171203 1.57279456 0.94082731 1.6781795
    0.88811487 1.67176569 1.80069005 1.8345387 1.54023945 0.950340867
    1.25283802 1.0714277 1.02330267 0.947741151 1.28750372 0.988410473
    1.47225285 1.1015718 1.34410524 0.957290173 0.807280242 1.11904716
    1.18749642 1.4428519 1.03907681 1.73258471 0.91951102 1.30291498
    0.94382596 1.01862895 1.51390874 0.856319427 0.835666835 1.09181881
    1.02546072 1.21718061 0.906092107 1.64601219 1.37953639 1.5306741
    0.993914783 1.08957207 0.813974202 1.31014431 1.2794205 1.64870906
    1.03994775 0.763520718 1.02908134 1.23720324 0.765799999 1.04465973
    1.07544339 1.59729207 1.56891799 1.76424801 1.20928538 1.49501157
    1.42834103 1.31046116 1.70920932 0.791957617 1.55407727 1.3045069
    1.41717839 1.35550785 1.5913856 1.77403569 1.38806379 1.58994293
    1.46139872 1.0436697 1.51682556 0.817215025 1.47282839 1.04350948
    0.698271215 0.989186764 0.779978454 0.815437913 1.02010381
    1.14938581 0.840510547 1.73385549 0.933093667 1.63091707 0.781676888
    0.979281425 1.4481014 1.28497016 0.952112198 0.938827574 1.27260447
    1.27037811 1.7942481 1.0385859 1.81399751 1.72194099 1.35581696
    1.74780333 1.61803949 1.1097517 1.28083801 1.45610344 0.87463975
    1.08446789 1.05945706 1.01701927 1.24851763 1.7603333 1.41521621
    1.2775265 1.48646796 1.23083615 0.866986275 0.827240288 0.881245196
    1.1450634 1.25801277 1.15003252 1.30814981 1.44842291 0.841802776
    1.44911814 1.59404385 1.47910011 1.75777471 1.36245275 0.926107287
    1.47887206 1.03904462 0.731850088 0.719283104 0.644857228
    0.717635989 1.40455031 0.992476225 0.788673699 1.45841467 1.60102332
    0.777971447 1.67952311 1.06254613 0.897608757 1.12047446 1.39910936
    1.076949 1.00554991 0.919225335 1.51794195 1.73784959 0.858594716
    1.02492738 1.53740561 0.973903239 1.22006345 1.72330713 1.58915377
    1.69114017 1.45919633 1.08396292 1.58057618 1.44191873 1.5080266
    0.79515779 0.906968594 1.4245888 0.926886141 1.78120244 1.11036325
    1.06441307 0.876709163 0.960099697 1.14523041 0.825134933 1.16927421
    0.935268879 1.39800954 1.53897524 1.12397611 1.61736453 1.33159447
    1.53039157 1.78601229 1.10698545 1.61727178 1.53513503 1.50233865
    1.21101367 0.902214885 1.13891292 1.48605394 0.809123933 0.935113668
    1.14545012 1.57373762 1.39525425 0.843758047 1.21293724 1.12808371
    1.22649181 1.33885956 1.11933255 1.73509359 0.858268142 1.4685545
    0.85763526 1.65225446 1.29343402 1.15068746 0.77112478 1.13553035
    1.30156171 1.62413645 0.782645345 0.786440134 1.17523551 1.72849357
    0.827803493 1.56085837 1.00526977 1.47641635 1.29207242 0.910880685
    1.62935579 1.1612463 1.66586483 1.21297669 1.69856489 1.5161649
    0.958321154 1.28501296 0.875942588 1.25145173 0.999234676 1.82057905
    1.21389198 1.79513276 1.71306109 1.49386132 1.22109127 0.812152624
    1.0858202 0.572709262 1.32611227 1.69537318 1.76056767 1.10599256
    0.77408129 1.65025949 1.13253736 0.884098291 1.13434923 1.04151988
    1.2994771 1.61997461 0.853085876 1.69073069 1.73014688 1.42121911
    1.20107841 1.33914173 1.54412973 1.33085895 1.49844849 1.63310289
    1.27400756 1.39984715 1.52480531 1.80841446 1.52690685 1.22000194
    1.18073404 0.862591863 0.814028978 1.25360882 1.50108075 0.802868843
    1.23889363 1.29672742 1.03361893 0.974599361 1.63224483 1.10833001
    1.08066237 1.02559173 1.35988915 0.701997757 0.923001885 1.35099268
    1.35797739 0.843916178 1.51149857 1.36088252 1.0609504 1.16975927
    1.0526067 0.849937797 1.27349067 1.29001427 0.808104753 0.901089311
    0.900458395 1.2182796 1.48687351 1.57470429 1.60673749 1.46747255
    1.05350578 0.934715331 1.13570166 1.34142423 1.37829781 1.58687234
    1.12577832 1.17900252 0.970282853 1.5635556 0.966447949 1.69472265
    1.46000528 1.70302761 1.7652235 1.81906283 1.75266778 1.87145805
    1.87513232 1.14470637 1.28449488 1.08790779 0.754123211 1.37019038
    1.12530792 1.36130631 1.43322444 1.71010244 1.36709595 0.816452801
    1.59131324 1.28068817 1.29657197 1.31890595 0.86599046 1.59303331
    0.969449341 1.65878713 0.77583611 0.815750182 1.47398984 1.69748342
    1.28103542 1.21717799 1.7463733 1.57378912 0.952457249 1.49188995
    1.68561268 0.949892581 1.42616463 1.4937501 1.34463358 0.938691974
    0.946070015 1.27075028 1.51787484 1.16014409 1.23292828 1.67000222
    1.32856524 1.36956525 1.47564018 1.42145038 1.06140602 1.2215662
    1.1641959 1.67639446 1.27194476 1.24613535 0.814454257 1.34685397
    1.39097559 1.42800081 1.60778129 1.43762267 0.83251375 1.55772948
    0.914527893 0.625463247 1.42373562 0.784323037 1.45451438 1.55354059
    1.36574566 1.37813401 1.66403008 1.15626395 0.789622903 1.26010263
    1.42753279 1.5390805 1.2664721 1.56985426 0.951953709 1.11595464
    1.47361171 1.02010512 1.04869962 1.69262373 0.766179621 1.00080311
    1.25574648 1.0341953 0.744323492 1.28655267 0.853289723 1.2250216
    1.26726341 1.30745542 1.6912111 1.48024487 1.00328696 1.04212725
    1.16037524 0.876618385 1.04684925 1.34563076 1.16835809 1.23809993
    1.73806 1.72379351 0.958895266 0.968528092 1.61670101 0.813213706
    0.829633355 1.7565167 1.81484461 1.60980856 1.62552047 0.908681989
    0.991396904 0.997665346 1.80576158 1.52215958 1.30349612 1.76672125
    0.914363384 1.76768899 1.36540461 0.88952601 0.716256738 0.942777157
    1.13615751 1.46948874 1.08933914 1.29811263 1.20349371 1.5841769
    1.20659757 1.58390963 1.49933493 1.50844932 0.986426353 1.09460926
    1.48271024 0.832963407 1.51161873 1.33432543 1.70762777 1.49791467
    0.973014355 1.62035918 1.25093806 1.53287244 1.31989253 1.0722661
    1.68521178 1.78158963 1.70923698 1.5597713 1.85718107 1.83498836
    1.47628379 1.29850686 1.48618972 0.915573299 1.7743305 1.18669128
    1.65270674 0.840236366 1.73853254 1.73521793 1.34210181 1.51014233
    1.76851082 1.2152524 1.64996433 1.27745056 0.510297835 0.962389469
    1.20665634 1.13751972 0.987298369 1.16616213 1.03917491 1.2567699
    1.64515722 1.13922894 0.999747455 1.51687765 1.29820442 1.48759151
    1.56190217 1.3645972 0.927333832 1.75094116 1.76273847 0.905795336
    1.59284902 1.74745703 1.55804074 1.5985862 1.05814147 1.48989487
    0.904507875 1.47320902 1.46750951 0.851679802 0.80399406 1.14075184
    1.40262365 1.61637568 1.50864935 0.737106144 1.12197042 1.47695577
    1.53609729 1.70818079 1.42184174 1.15194702 1.48293912 0.859490871
    1.40441728 1.18125534 0.947719038 1.59043515 1.55955434 1.42167282
    0.827539146 1.23861384 1.40510476 1.54477918 0.937475324 1.50844371
    1.34457469 1.43186533 0.784113705 0.704558909 0.647272348 1.02116048
    0.863596916 0.938438296 1.4501605 1.27954888 0.877413988 1.74681711
    1.34957719 1.64129329 1.6388098 1.42036974 0.896633327 1.29233634
    1.46750391 1.02918291 0.906414747 1.28158116 1.42406845 1.84405148
    1.16906536 1.86859548 1.5673269 1.38879085 1.8037467 1.51341987
    1.04081213 1.19969177 1.68255711 1.5815717 1.53999364 1.14106417
    0.90477711 1.47221482 1.47131991 0.948116124 1.33783555 1.47046995
    1.12604189 1.55382705 1.43897808 1.20937335 1.36896372 1.72016847
    0.827435553 1.69180799 1.77148414 1.67723763 0.812773943 1.07029557
    0.96412766 1.3251754 0.969873488 1.03200686 1.52783048 0.968106389
    1.77912199 1.70680702 1.68102324 1.41834819 1.52144694 1.4876349
    1.60849881 1.73255944 0.849776268 1.53476703 0.822274148 1.45934129
    1.04533458 0.969831526 0.803517461 1.12196779 1.57178009 1.40406823
    0.927724183 0.903998017 0.88747555 0.737526715 1.28648221
    0.988794088 1.31216013 0.770587623 1.44892001 0.986527741 1.1499846
    1.50628352 0.853841186 1.48498666 1.58823729 1.01900887 1.47286928
    0.773753822 1.36049008 0.837917924 1.67162037 1.63142788 0.910599887
    0.912683964 1.67914879 1.54598391 1.74773729 1.23075032 0.94273293
    1.60386693 1.51067007 1.1002717 1.70992684 1.2532841 1.53867733
    1.00976837 1.29930687 1.00505912 1.14965475 1.12093914 0.998613894
    0.907689512 0.850601733 1.15222621 0.771197736 1.48637271 1.21183658
    1.67975533 1.64264822 1.32658803 1.103737 1.14692366 1.73659158
    1.48461246 1.09863305 1.25778902 0.917690992 1.59435487 1.36965632
    1.08386016 1.13186824 1.82265532 1.36870003 1.48283112 1.77389932
    1.5138818 1.65876961 1.29636633 1.78522158 1.84513414 1.57539296
    1.67551434 1.52100396 0.798322499 0.755780756 1.15342748 1.34458721
    1.59923828 1.37483335 1.40655625 1.11848152 0.897733748 0.763344109
    1.16391957 1.51491416 0.863336682 1.07125115 1.50176919 1.47608376
    1.69287992 1.35379827 1.63521659 1.23221612 1.21859181 1.48298347
    1.24837506 1.02865922 0.881109834 1.67362785 1.09231901 0.817705989
    1.46123123 1.62537527 1.39963579 1.28990638 0.96494925 1.6500231
    1.02948141 1.10279775 0.855760396 0.926338673 0.990063906 1.1155318
    1.58391881 0.982640028 1.60622609 1.71699083 1.81074166 1.22646332
    1.41323507 1.12244737 1.29737258 1.26369226 0.744097829 0.869837284
    0.931155801 0.898192883 1.73525798 1.23068011 1.2843281 1.5078814
    1.0328114 1.2506994 0.898740768 0.903739393 0.867409289 0.979758143
    1.04755628 1.25506818 1.63456178 0.914906621 0.915894747 1.20969903
    1.19170141 1.77889192 0.963450432 1.08085573 1.20686829 1.10050881
    1.54098225 1.63191545 1.43859255 0.99637866 1.48795164 1.17180014
    0.866038501 0.805190384 1.58190417 0.985442996 1.26998019 1.6589644
    1.41756058 0.963066399 1.78364742 1.25362539 1.05681252 1.3396486
    1.46085072 0.798088789 0.751052856 1.03911066 1.20284176 1.09831059
    0.774874508 1.18006611 1.53807342 1.43521035 1.36141992 1.00750601
    1.3009131 1.36792314 1.40999305 0.698607326 1.12650692 1.59580326
    0.732995331 0.947407603 1.03722191 1.50294423 1.09285533 1.27780282
    0.918324113 1.62902486 1.44595087 1.43640733 0.984004438 1.31029189
    0.937445641 1.38128781 1.40788925 1.64345539 1.17717874 1.0392915
    1.01920056 1.16005313 1.5931958 1.07239592 1.05711806 1.68386006
    0.771147668 1.63151491 1.38519704 1.39674759 1.37162542 0.921495974
    1.3282032 1.26057756 0.878611982 1.60044038 1.78167117 1.82238364
    0.903652668 1.46724129 1.59941423 0.850284994 1.17309046 0.813765049
    1.25739026 1.24314249 1.47484827 1.0266856 1.064852 1.51464665
    1.2803967 1.47956371 1.47663081 0.89068079 1.47232616 0.991202116
    1.46805596 1.5067457 1.08431959 1.081514 1.24052334 1.06707299
    1.31421483 1.15106082 0.806601942 1.75821853 1.08949232 1.27501523
    1.25206447 0.940579236 1.53293598 1.50541091 1.1656127 1.00332737
    1.5961169 0.787872136 1.69393289 1.18695426 0.828825414 1.15744293
    1.10749638 0.979359448 0.885632098 1.45068395 0.755985916
    0.633317828 0.853550076 0.874390006 1.30976629 1.24596405
    0.918949842 1.37055588 1.35676956 0.928674519 1.41183507 1.77324438
    1.57955098 1.53301227 1.57397747 1.07853925 1.08754432 1.58781624
    1.39296257 0.799954236 1.46962428 1.64522862 0.87890476 1.61953795
    0.710834682 1.14965165 0.815971136 1.52326453 1.36485827 0.911918461
    0.664020896 1.25879014 1.17260778 1.30605686 0.777962983 0.782442391
    0.804978967 1.25080144 0.791231394 1.23682678 1.6228112 1.12127507
    1.10506868 1.09237373 1.56953228 1.27921796 1.68224096 1.19553065
    1.0315212 1.63697696 1.2818166 1.30790305 1.25087583 1.09490287
    1.35302472 1.45895863 1.52943683 1.8565526 1.38494599 1.04972875
    1.65320551 0.937120795 1.34371412 1.24491727 0.705036044 1.35113013
    0.76258117 1.65296578 0.793335557 1.09761667 1.62222862 1.65864849
    1.20111692 0.919813514 1.17377257 0.859244704 1.00626183 1.13223183
    0.751573622 1.38979447 0.812337458 1.34766102 1.30424738 1.05700016
    1.48760664 0.905924022 1.4158169 0.774300992 1.26581228 1.28184497
    1.2680639 1.30958045 1.52517045 1.47728014 1.13214338 1.43631554
    0.821071208 1.21605647 1.11777008 1.65734184 1.58179414 1.53784144
    1.07157743 1.72771299 0.931599021 1.73104274 1.23892272 0.912843525
    1.60342443 1.56614208 1.52962267 0.864769399 1.15076411 1.09337592
    0.740636766 1.2076757 1.18057895 1.03035581 1.1920619 1.59367871
    1.05931556 1.19038403 1.37867939 1.59055221 1.65659273 0.93993634
    1.58794475 1.6445961 1.42514932 0.863847375 1.26955569 1.49384952
    1.64393258 1.74421334 1.81802309 1.67467725 1.15020573 1.0621134
    1.10608196 1.1753242 1.57856429 0.923211277 0.882649601 0.886039913
    1.43303406 0.880365849 1.10332012 1.74540377 1.05695617 1.62272096
    1.57449389 1.58105612 0.964776158 1.61925042 1.4936105 1.02826178
    1.66578102 1.03218007 1.27134061 1.48158991 1.24568152 1.25321424
    1.38978004 0.782071054 1.62531877 1.16702831 0.784130752 0.745681643
    1.15410769 0.94260931 0.783277392 1.50693011 0.710959136 1.48568773
    1.11069739 1.43797863 0.965097725 1.46373248 0.847692966 0.945215106
    1.08971965 1.57275438 1.56115329 1.195526 1.09959733 0.88885206
    0.906086802 1.50785792 1.38083255 0.954206884 0.873444378
    0.905369878 0.790390849 1.35228431 1.8178978 1.74023759 1.08889723
    1.49305081 1.1120615 1.26984525 1.32574284 1.47888839 1.34072876
    1.19703245 1.15684712 1.75674629 0.96910578 1.31965518 1.70344245
    1.50529277 1.53888571 0.893069386 1.13812792 0.882012963 1.38972175
    1.52538431 1.23913896 0.873070121 1.40061522 0.943453312 1.43765819
    1.09123838 1.59572339 0.888305008 1.68221414 1.04752028 1.14118207
    1.33794641 0.882057846 1.26267326 1.4188987 1.47202325 0.856069148
    0.900251329 1.20857906 1.18281937 1.518911 1.56459618 1.39995134
    1.42632902 1.31132662 1.39711797 1.71286356 1.30294073 1.40243649
    1.13929057 1.3269484 0.711628973 0.952228725 1.00689113 1.37741065
    1.4452064 1.48004735 0.819481552 0.676252306 1.08834469 0.80099225
    1.0069685 1.08652318 1.56089044 1.14347398 0.817910373 1.74504066
    1.28056514 1.06708419 1.50432312 1.05024529 0.838647962 1.6276809
    1.20479369 1.59253979 1.19960284 1.36772597 0.9585042 0.785719335
    1.59344161 1.22593713 1.25322556 0.760642946 0.685767531 1.55976093
    0.714193046 1.666587 0.929231048 1.02674818 1.56002295 0.828320622
    0.717817008 0.840485454 0.76737541 1.44542813 0.723845303
    0.999006867 1.06753039 1.09345651 1.15531027 1.54730713 1.36969936
    1.48690486 1.64622533 1.82522237 1.74280977 1.14471483 1.66206717
    0.851496398 0.89651376 1.72656536 1.7249161 1.76176381 1.49409199
    1.40090275 1.22937608 1.31708014 1.48379588 0.877415717 1.0982765
    0.807127535 1.65171313 1.23649824 1.44912255 0.855607808 1.28167772
    1.52136445 1.27582181 0.797728658 0.888986826 1.47819591 1.03885984
    0.843777061 1.40023029 1.14638019 0.982004046 1.44707513 1.41804969
    0.79054904 1.28911364 1.41165161 1.30146194 1.55655134 1.69121063
    1.31590867 0.948618293 0.794356704 1.57311213 1.68987262 1.694278
    1.81557941 0.89752382 1.61228704 1.41039431 1.058424 1.299734
    1.22658396 0.949195385 1.78810203 1.82231677 1.6227479 1.59624302
    1.52036166 1.70564461 1.53029239 0.976103008 0.786944032 0.863002777
    1.11624646 0.90575403 1.40875947 0.742722213 0.714309096 0.957497716
    0.911486804 1.46753633 1.55480468 1.28399503 0.991001606 0.983408749
    0.849013865 1.68089199 1.11339223 1.28120875 1.08934748 1.44880009
    1.53479159 1.18039691 1.37360859 1.51782691 1.81872416 1.72663558
    0.949075282 1.73328578 0.956533372 1.18429565 1.10530829 1.60548568
    1.38823068 1.01388347 1.49045026 1.72831786 1.27045953 1.52571368
    0.896883547 1.69666636 1.55078936 1.63083553 1.57506669 1.73656046
    1.16181695 1.52719223 1.80937123 0.977121174 0.849309742 0.96400255
    1.73279798 1.24647427 1.79900742 0.910190046 1.30424988 1.63656259
    1.32922304 0.90086019 0.801288366 1.6307615 1.69247401 1.05228066
    0.900870621 1.35076213 1.2342124 0.732339323 0.756910563 1.4917866
    1.08462727 1.64796007 0.974826217 1.39424169 1.04655814 1.45142221
    0.768212676 1.10348308 1.43366981 1.1991775 1.39913559 1.65216267
    0.873109698 1.15651107 1.62435722 0.980778158 1.1248163 1.40388846
    1.16896927 1.62851834 1.77673149 0.80340749 0.952679038 1.5238384
    0.899254322 0.757207096 1.05078852 1.35003626 1.02820361 1.32338345
    1.68880415 1.64955592 1.49572837 1.62041783 1.20801926 1.39513195
    1.53356481 1.0409379 0.902029037 1.66553295 0.94288379 0.89355576
    1.30740166 1.43907034 1.42560804 1.747087 1.17873216 0.786053777
    1.47154796 1.71862829 1.32045901 1.58446229 0.935123503 1.40991604
    1.70861065 0.899229825 0.994530976 1.0608896 1.05015874 1.09491825
    0.775581598 0.783966064 1.64986348 1.36953294 1.56939411 1.63152647
    1.29465055 1.78307092 1.05192077 1.1352073 1.1846956 1.1814394
    1.04458392 0.826277912 1.419698 1.73025429 1.7773422 1.60983706
    1.20908296 1.42448163 0.811798275 0.822419524 0.729489446
    0.769619405 1.50837839 1.23008955 1.24584544 1.18054986 1.6731391
    0.804000318 1.16136301 1.6395942 1.14882183 1.30499804 0.95949173
    0.952165782 1.29885185 0.806868255 1.44634271 1.73921299 1.33500743
    1.11952615 1.35374141 1.39873326 1.41812611 0.737389386 0.920309722
    0.664818466 1.37947035 1.24872124 1.17798924 0.844524562 1.44323456
    1.43907857 1.05891335 1.04809034 0.74179256 0.773855925 1.61155474
    0.7839697 1.68638563 1.16462541 0.762998939 0.799788594 1.36730003
    1.77418172 1.65629959 1.35156786 1.54698372 1.29252291 1.03896892
    1.16390085 1.0016973 1.23172045 1.68162584 1.78902972 0.936535537
    1.6850822 1.39044762 1.63534343 1.01835823 1.76860178 1.177351
    1.37588334 1.53070617 1.34691894 0.803959072 1.09553313 1.58197606
    0.81425935 0.800616205 0.946757495 0.932081521 0.706211627
    1.23008931 0.869902253 1.00811112 1.18490744 0.786997497 1.72362316
    0.806566179 1.09917128 0.864657283 0.861818492 1.43377137 1.73464119
    0.973869443 1.03662407 1.52640224 1.23048377 1.09651077 0.884976983
    0.904594719 1.79255664 1.31098151 1.86719608 1.66217792 1.69643593
    1.7858057 1.67917633 1.03183866 1.81270027 1.22069013 1.44296968
    1.1485548 1.29352498 0.692144215 1.05942166 0.977225542 0.974286139
    1.51674449 0.752685368 1.10507476 0.50510031 1.22362983 1.23994958
    1.33009553 0.690386236 1.52302575 1.57854211 0.793443322 1.02602422
    1.33131421 1.14080036 0.849672019 1.22950387 0.75175941 1.0469557
    1.39753973 1.1251756 1.27518201 1.75492597 1.5482235 1.31295419
    1.66915286 1.65496016 1.35869074 1.27254844 1.36810982 1.30947363
    1.25556803 1.0838176 1.16021287 0.867166102 1.71215367 1.29425454
    1.15339112 1.19868791 1.04189408 1.6756978 1.80174637 0.965043426
    1.46599531 1.45616746 1.67136955 1.08638835 1.71307683 1.52998877
    1.65370655 1.52154493 1.5123055 1.55491197 1.12662542 1.63179541
    0.789538205 0.903899074 0.818524003 1.71276498 0.830026507
    1.23196077 1.75300872 0.778336227 1.57760429 1.72558403 0.961807609
    1.41026413 0.879677355 0.784907699 0.837112546 1.12474012 1.69303477
    1.21041811 0.95759517 0.937513471 1.39012396 0.872035384 1.55179417
    1.16024351 1.23471904 1.48316073 0.91828084 0.955114126 0.773799062
    1.51534975 0.732198834 1.49660385 1.02545118 0.919547141 1.30297291
    1.57822108 1.37975729 0.914133549 1.54391003 1.13525391 1.72536373
    0.765656054 1.52298057 1.75152385 1.77506506 1.48536718 1.61149192
    0.873997688 1.72203946 0.756643891 1.46834397 0.831834197 1.47968304
    0.838534772 0.795362532 1.68052685 1.70179665 1.46867132 1.7112478
    0.951414704 0.928872764 1.27274251 1.24028063 1.61577964 0.822842419
    1.00222683 0.932602644 1.64335501 1.21208954 0.740852833 1.16707039
    0.69772917 0.726311922 0.996074855 1.51718128 0.994226515 1.38152373
    1.649032 1.4354521 1.0453167 1.18915665 1.11578751 1.49945462
    0.854025364 1.6390698 1.4993614 1.55368865 1.37371814 1.63234854
    1.59059596 1.24372339 1.27324486 0.886403739 1.23097777 0.808796406
    0.763511121 1.25395119 1.49710596 0.890375376 1.29741085 1.11510515
    1.31857419 1.29980707 0.885777235 1.34084845 1.35344934 0.74324429
    1.31607318 0.950219631 1.04922569 1.39361417 1.62832439 1.07380641
    1.46271396 1.53496027 1.46502733 1.22989726 0.830480337 1.53778362
    0.799746931 1.55054104 1.18346095 1.08408976 0.82115072 0.754505396
    0.841067553 0.745766044 1.26180422 1.689376 1.41144586 1.76366329
    1.23404312 1.69134915 1.01447904 1.39985359 1.12560344 1.37834454
    1.36993396 1.59324002 1.77206171 1.35526943 1.21866977 1.60632634
    1.10089648 1.56443644 1.65490925 1.59375775 1.60335827 1.11354601
    1.70821357 1.78668523 1.22302175 1.28939819 1.73016894 1.51828337
    1.04900968 1.02537668 1.34397972 1.66524434 1.52767622 1.28593421
    1.63253367 0.961668074 1.07342911 1.5755887 1.42779636 1.45276427
    0.820473075 1.35045934 1.46541357 0.900219738 1.58405614 1.40940642
    1.45076025 1.61459434 1.51521337 1.37242568 1.79956198 1.4776175
    1.27422512 0.81781584 1.15871477 1.49395704 1.77066219 0.97854507
    1.60954809 1.83572173 1.84729052 1.35181546 1.40488553 1.48510897
    1.06375647 1.79622352 1.36145914 0.801213801 0.947291076 1.07156861
    1.33972967 0.62415868 0.623000026 0.805600643 0.82543844 1.47262537
    0.897542715 1.33501744 1.00535154 0.954142213 1.05885065 1.09072816
    1.24441135 0.865825117 1.60660398 0.985288858 1.05526412 1.60039139
    0.877994478 1.32659936 1.54640961 1.04895318 1.4514631 1.25071919
    1.25793207 1.04780579 1.14619362 1.70261359 1.09067357 0.978869319
    0.890282094 0.9698385 0.900396764 1.09242606 1.00902832 1.56361771
    1.60562789 1.44921494 1.23753226 1.51972437 1.20619869 0.94860512
    0.864817441 1.57780766 1.25742841 1.16983044 1.18608856 1.14589155
    1.65130723 1.13817728 1.53469443 1.30026138 0.93328923 0.951393187
    1.51790679 1.33509612 1.36129498 1.06809103 1.71761918 1.41080654
    1.72907066 1.4119755 1.56214905 1.17668533 1.78365135 1.45333278
    1.69318187 1.06902707 1.29678595 1.62094665 1.58109891 1.32778549
    0.881737947 0.694201589 0.916724741 1.21411204 0.733019054
    0.754726768 1.27213478 0.970409632 1.66804588 1.68657863 0.919523954
    1.37425327 1.65092802 1.0121038 1.58442533 0.86038065 0.924765885
    1.27977467 1.2159282 1.27538323 1.19311655 1.05158615 1.56264508
    1.27000737 1.3416785 1.22955859 0.862520158 1.2676208 0.757322013
    1.69479096 1.04664946 0.941729486 1.06730711 0.789928198 1.40331078
    1.04349804 0.761391342 1.50006783 0.836802959 1.0671705 0.915047944
    1.09951258 1.17886269 1.03292632 1.40700233 1.30552554 1.37090695
    0.910178304 1.04465556 0.958268821 1.02900326 0.856181979 1.64674079
    0.752132714 1.30723178 1.66419172 1.14834821 1.4789089 1.53947711
    1.53532803 0.709902287 0.760622919 1.31650054 1.81663144 1.30755115
    1.32552958 1.74548829 1.20934439 1.73140872 1.15937662 1.46361578
    1.43674529 1.26987422 0.80699861 1.17566276 0.934834838 0.993748665
    0.951277018 0.805963278 1.51006925 1.16649985 1.1188246 0.925039589
    0.901242256 1.47146297 0.918961406 1.25753331 0.963659167 1.45370746
    0.994212687 1.04543889 1.03854108 1.37863266 1.0107758 1.52182066
    1.72655416 1.19036543 1.47412765 0.832795739 1.15793979 0.868272662
    1.7605809 1.7351886 1.24267173 1.20176804 1.10751116 0.808010221
    0.757320344 0.88023597 1.39810622 0.683898687 1.23517394 1.54859877
    1.11910021 1.56537259 0.873715997 1.58665049 1.73188901 1.54989314
    1.22244978 1.16116738 1.13014448 1.15065169 1.64962351 1.65163445
    1.75649893 1.31497765 1.28742325 1.66196465 1.54797447 0.858952165
    1.72517192 0.975114882 1.34208751 1.36225867 1.1988399 1.77132046
    0.958926022 0.910820067 1.48950839 1.45635927 1.49119473 1.42854679
    1.67554748 1.58675563 1.58801222 1.7272712 1.57897973 0.936799705
    1.78338873 1.48079515 1.46227205 0.759542525 0.817754388 0.934544623
    0.917576432 0.91880095 1.50977659 1.25056183 1.58408844 1.79140341
    1.64736438 1.84490144 1.43571293 0.849983335 1.22769499 1.57062876
    1.60749149 1.01751721 1.26455796 0.946258783 1.44989491 1.3433727
    1.05710232 1.88260639 1.86380219 1.69648302 1.75129855 1.58401597
    1.51655591 1.04471338 1.23352027 1.48047912 0.854988992 0.909205079
    0.952833235 0.909444809 0.874485672 0.733614326 1.46333838 1.1341697
    1.41820824 0.65554595 0.638977647 1.18890083 1.02107573 0.672520936
    0.853753209 0.76360184 1.35661876 1.40620899 0.795306742 1.35080588
    1.03071988 1.06405818 1.13593471 1.33519411 1.00547266 1.21605206
    1.28458059 1.08510423 1.13959324 0.921364427 1.46732187 1.54275405
    0.876300514 1.36223757 1.00398731 1.80500901 1.73064947 1.64999938
    1.11249304 1.47800183 0.884259105 1.65317047 0.959478319 0.759647369
    1.49058199 0.799390197 1.76386034 1.51689065 0.821431279 0.940471113
    1.41187108 1.3653692 1.19504583 1.37632596 1.80442953 1.57644212
    1.30354321 0.991438627 0.981718779 1.1770649 1.18786883 1.1525178
    1.02386594 0.740697622 1.09648073 1.73007822 1.73444605 1.38403773
    0.9457798 1.26066947 0.907866955 1.29949462 0.736216366 1.56896102
    1.1056608 0.850865424 1.54675126 1.68359411 1.73045027 1.48855674
    0.8330217 0.806490958 1.10899782 1.14614844 0.912983239 1.73384476
    1.55138516 1.22441661 1.22790599 1.54415262 0.789659321 1.31717515
    1.44363606 0.768742144 0.767382324 1.08312535 0.918213487
    0.780970037 0.682379186 1.3317734 1.05756509 1.02332413 0.783842385
    0.783968091 1.08869147 1.43152702 1.00383651 1.24559343 0.821819544
    1.54285645 0.839957297 1.40120769 1.01019681 0.92391026 1.45011413
    1.2563988 1.31964743 1.5869658 1.5397898 1.41484284 1.15291786
    0.955560565 1.25811946 0.683290482 0.751243889 1.51083124 1.32098329
    1.20243096 1.69019794 0.896302581 1.66410494 1.19118643 1.15708613
    0.84586978 0.791554928 1.33126915 1.53523099 1.5164212 1.1712029
    1.36416638 1.44816267 1.2039609 0.767358005 1.38894892 0.938091934
    1.63877511 1.07863939 1.22634876 0.841851711 1.54580235 1.77531958
    1.68550444 1.36863303 1.11788356 1.74467719 1.44830251 1.10390663
    1.35833561 1.12529278 1.34301019 1.36279726 0.924875855 1.02262497
    1.68272233 1.30105686 0.788700342 1.44986224 1.66019392 1.64302969
    1.53822041 0.90194875 1.4720341 1.77571952 0.825080991 1.41113997
    1.41551864 1.43029666 1.19498193 0.838194132 1.3805691 0.997646809
    1.04578841 0.826645434 1.32117271 1.04856074 1.08217764 1.27032864
    1.23092377 0.833805501 0.865651488 1.52216017 1.77510357 1.45873284
    1.37168086 1.34014809 1.34017491 1.19383371 1.12180507 1.37433982
    1.50631201 0.981957138 1.17518544 1.22394562 1.65199876 0.980465889
    1.04438758 1.12545919 1.51169741 0.945595026 1.38146055 1.48276341
    1.13954806 0.991265237 1.68856132 1.11688006 1.24693739 1.06814384
    0.936937153 1.46015573 1.74496698 1.63949335 0.927187026 1.70813119
    1.29751158 1.5903976 1.2769202 1.03957212 1.21157765 1.31214833
    0.869836152 1.71114731 1.8505168 1.19520378 1.85742331 1.63873851
    1.68648577 1.19767988 0.777407289 0.76049763 1.08190417 0.77008146
    1.30461442 1.30976498 1.61810756 1.7630291 1.2262007 1.89982271
    0.999713957 1.47399974 1.35135233 1.58730233 0.953524709 0.919149816
    1.12174726 1.52902913 0.866380155 0.73772651 1.08831155 1.46080875
    0.658836186 1.45121598 0.898093104 1.03251183 1.04033518 1.0392586
    1.2016201 0.724830449 0.65285629 0.967026472 1.21093667 1.27065682
    1.28121865 1.09628665 0.90989697 1.6742872 1.09435451 0.746581852
    1.56576848 1.41833234 0.959541082 1.18334174 1.50898612 1.42522645
    1.84604287 1.79225326 0.906407237 1.53316295 1.15613914 1.15497577
    1.2559073 0.891364694 1.54873192 1.25633347 1.90017974 1.50159943
    1.81459522 1.66982543 1.02372968 1.02702093 0.711919308 0.897106349
    1.53606868 0.941765904 1.5190835 1.54260635 1.46105599 0.908908129
    1.70667434 1.69877517 1.79119611 1.23227 1.791044 1.47380984
    1.63705599 1.26165032 1.72574425 1.24724054 0.769473255 1.48543346
    1.33251727 0.938326478 1.11698365 1.30305827 1.27820516 0.829709351
    1.76802158 1.36440682 1.13669467 1.1069845 1.57523775 0.988081872
    1.31682813 1.14285982 1.34028924 1.39555776 1.68845701 1.43189037
    1.22847593 0.772938669 1.40291083 1.12802887 0.962261915 1.04929328
    0.916860878 1.59469581 1.21977937 1.04865086 1.160586 1.71932507
    1.2714783 0.690334141 0.760364056 0.818199694 0.89934361 0.961301386
    1.41967201 0.665947437 0.759699047 1.53426397 1.6891458 0.768961906
    1.32133901 0.896199167 1.27556586 1.17009985 1.31928563 1.68100023
    1.37890172 1.05990458 1.39357817 1.64741659 1.11220098 1.34890282
    1.38762212 1.32925606 1.00556231 1.12578428 0.718456924 0.889733613
    0.681997895 0.851293683 1.40787995 1.56897306 0.866862655
    0.965278685 0.946324885 1.38435888 1.36453724 0.985247374
    0.938934803 1.53902602 1.21124721 1.40956199 1.40011537 1.19530809
    0.990383863 1.54504001 0.789572895 1.31789398 1.00974202 1.39945209
    0.977340162 1.33995378 1.48388827 1.24884224 0.982056379 1.65049517
    0.995395184 1.3639791 1.7431041 1.30309904 1.6953882 1.65930939
    1.43847549 1.61146295 1.68717372 0.989675403 1.6649437 0.888478518
    1.53215468 0.929871678 1.1938343 1.19666433 0.895539522 0.811615765
    1.58767557 0.959965348 1.50821412 1.59157896 1.2305764 0.74387157
    0.728439867 0.899928451 1.08027399 0.787091076 1.09581745 1.30132961
    0.968985975 0.722283244 0.945804775 1.45112908 1.47811353 1.52075005
    1.52186704 0.924927175 1.618155 1.62827003 1.29548228 1.8483609
    1.13499939 1.70550632 1.11856186 0.934169054 1.64806533 1.02000773
    0.777276933 1.10733104 1.26251864 1.4346348 1.55950856 1.00265288
    1.22675705 0.842935145 1.12024748 1.44680107 1.14315057 1.48582149
    1.53990126 1.6677947 1.01346588 1.57674348 1.33436346 0.941946208
    1.21047878 1.43655777 1.52058148 1.79352462 1.64811182 1.01289105
    1.0498054 1.75532258 0.941631854 0.932941079 1.11403036 1.43005466
    1.80798376 1.70425904 1.40327811 1.11233974 1.50119102 1.68585384
    1.51791358 1.41577697 1.46162009 1.18220079 0.628408134 1.01603782
    0.694568694 0.953396022 1.07262945 1.01987863 1.73825848 1.51958632
    1.23611069 1.64418375 1.38766098 1.30611777 1.0441587 1.40493369
    0.862064064 0.774763107 0.826280117 1.64340901 1.11872935 1.52699864
    1.21576595 0.734291673 0.695695639 1.41336656 0.837148368 0.8503263
    1.32212627 1.14411569 1.02707779 1.56999457 0.810063779 1.60987794
    1.01977909 1.64194739 0.851717889 1.18991756 1.20745897 1.5488385
    1.44761157 1.30748761 0.871184587 0.812348545 1.06892574 1.66016781
    1.77186871 1.54151082 1.68568122 1.56776726 1.65005815 1.34664726
    1.59941018 1.50087774 1.78330374 1.21638584 1.24821627 1.70109427
    0.874722838 1.31359982 1.46308315 1.07890558 1.08292806 1.14131355
    1.10416651 1.15879238 1.09039521 1.38900328 1.6028645 1.05047882
    1.48560846 1.88221693 0.970681131 1.43783569 1.34815443 1.15313876
    1.45740962 1.62043321 1.58874476 0.953558385 1.00138998 0.829898477
    1.5491302 1.04865468 1.0120585 0.745835543 0.787455797 1.23589647
    1.25475395 1.2529968 1.48431289 1.67914569 0.779142618 1.21534967
    0.907822847 0.710612535 1.26158476 1.62760246 1.0876435 1.38355291
    1.66257691 1.55947733 1.13027799 1.52923238 0.996509194 1.5798986
    1.6164465 1.64411879 1.39744651 0.983927011 1.66606688 1.52860177
    1.41922379 1.16968369 0.973335207 1.3770082 1.62768233 0.898788571
    1.42120981 1.16381228 0.723343134 1.63903809 0.776015759 1.09363186
    1.09417892 0.933687687 0.926517963 1.05514967 1.68900573 1.25432324
    1.4405576 1.13723123 1.53648484 1.20990729 1.01138151 1.51996994
    0.809285343 1.62585747 0.673933089 0.850832283 0.713886619
    0.743509233 1.45227075 1.05503178 1.44377375 1.36760116 1.64268887
    0.783411086 1.371418 0.971159875 0.977787256 1.02145398 1.24732685
    1.34100389 1.30881464 1.63400352 1.23762822 1.19389987 1.28584087
    1.37862933 1.22147274 1.35264289 1.4908061 1.66697788 0.989014089
    1.3841536 1.0553807 1.78016222 1.08008611 1.69201136 1.35242689
    1.72096705 1.70706034 1.74023533 1.35076642 1.82790887 1.76572931
    1.77445197 1.15782106 1.01460385 1.26372826 1.49711263 1.76367664
    1.75373518 1.48495924 1.42016411 1.58426416 1.41461825 0.81678009
    0.862590373 1.62648726 1.38237202 1.37026978 0.732806385 1.25145352
    1.51027143 1.32717216 0.953689396 0.695338964 1.10076022 1.49781275
    1.13453877 1.3782177 1.15189004 0.969128251 1.54991329 0.886703253
    1.48352206 1.02128923 1.3495121 1.89010787 1.75044632 1.81970894
    1.58691955 1.58203101 1.16778696 1.70084536 0.805923998 1.11777413
    0.896483481 0.763977885 1.06280816 1.3467952 1.37749743 0.852276862
    1.5051614 1.0763905 0.936523616 0.928994715 0.814098001 1.2501899
    1.14885485 1.2552346 1.77454245 0.958880782 1.45075548 1.55284548
    1.49044514 1.11714542 1.8747766 1.49227393 0.937306166 1.1534642
    1.19028509 1.59536147 1.57970202 0.958066285 1.81553483 1.76617992
    1.77378416 1.72648358 1.16763639 1.12446094 0.938769817 0.771099627
    1.06699038 0.841895342 1.03441262 0.706416547 0.820550859 1.31402612
    1.43006778 1.36536658 1.39150059 1.49092221 1.81815767 1.61354995
    1.21070659 1.55629063 0.823268831 1.15656435 1.14362943 1.27614987
    1.28527284 1.40608215 0.889349282 1.29960275 1.14124691 1.10629439
    1.18012655 1.12919438 1.63237107 1.36669207 0.678241611 0.959737182
    0.68944943 0.918181598 1.27163243 1.3383137 0.816973865 0.991564274
    1.63916731 1.37349689 1.0037297 0.948420227 1.01873815 1.18708313
    1.02390492 0.839863658 1.17319608 0.782723427 1.31231976 1.75066078
    0.972275436 1.6961863 1.11721241 1.7852118 1.4881078 1.0513134
    1.50460482 1.60362947 1.68360627 1.87154794 1.37965596 1.74508762
    0.893591344 1.63258827 0.959448636 1.21988273 1.60249126 1.69866145
    1.41615224 0.955091655 0.849257827 1.57215476 1.7892338 1.43968785
    1.78599381 1.65455043 1.20368004 1.72482455 1.30838835 1.29025424
    1.76340914 1.70350885 1.7262677 0.983200431 1.3891573 1.48926079
    1.11248016 0.787266374 1.1027137 1.38564086 1.34848702 1.46634638
    1.4726032 1.04291415 1.52271056 0.897624731 1.10968685 0.920198679
    1.22149527 0.839527309 0.990751445 0.770084739 1.5640018 1.36868083
    1.42405498 1.69256973 1.44613147 0.985791266 1.39437592 0.844337523
    1.52823198 1.5512414 1.7136941 1.36800516 1.39178753 1.33459187
    1.10313165 0.767681658 0.942450106 1.72495985 1.16016126 0.931549489
    1.09018505 1.34402418 0.824968219 1.61497355 1.20289898 1.34211648
    1.49572933 1.04444826 1.65501177 0.918604732 1.42318213 1.46534431
    1.59551418 0.814733326 0.808690667 1.26804614 0.841691077 1.112149
    0.833259046 0.724079907 1.35692537 1.30875397 0.768778801
    0.705281138 1.72072196 1.58899724 0.817806005 0.742006838
    0.768620729 0.88634336 0.980198443 1.27336991 1.56863058 1.22615528
    0.828001022 1.76276577 0.912380993 1.49082279 0.883578002 1.13663983
    1.04525054 1.50413656 1.69914997 0.900779843 1.20456958 0.754826903
    0.919651389 1.39254808 1.10602129 1.67554057 1.43956614 1.04411793
    1.81871748 1.36453366 1.02896321 1.75424743 1.36913216 1.57006061
    1.74718046 1.25969291 1.32237601 0.881294787 1.4690479 1.24602461
    1.12206435 1.50727963 1.18632424 1.12313676 1.01301503 1.80079174
    1.79736698 1.6945349 1.21891975 1.24288678 1.6707505 0.926055729
    0.89465332 1.3361882 1.15195835 1.61004829 1.29153621 1.63381052
    1.05691397 1.11992145 1.1114018 1.24612379 1.26784921 0.774181664
    1.18946278 1.62299037 1.0451659 1.41973352 1.52685738 1.36817956
    1.06011832 0.860671937 1.75464332 1.73713171 1.34286678 1.34109879
    1.17339861 1.53086412 1.62513816 1.21546793 1.55784059 1.48008156
    1.19409704 0.905996859 1.53075695 0.909928083 1.55306733 1.38139582
    1.50356007 1.00801706 0.955862045 1.7548027 1.37908459 1.44776428
    1.57392228 1.67612147 1.62920451 1.6439817 0.955948532 1.53808868
    1.34177113 0.776966333 0.923360825 1.36091268 1.53956163 1.69239604
    1.72891414 1.85489869 0.879455447 0.924428165 1.33782268 1.65246415
    0.95018214 0.629605889 1.56918299 1.35180783 0.66258657 0.85134095
    1.26345396 1.68152404 0.787834466 1.37314606 1.26962912 1.19673455
    1.67800748 0.953984261 1.1501776 1.42468977 0.978628039 0.91054672
    1.33116043 0.883435845 1.05872262 0.850357294 0.780703783
    0.719177425 1.10954559 0.685739696 0.953785777 0.765495539
    1.32684672 0.791225672 1.09079432 1.1799022 1.20326424 1.1492815
    1.38198137 1.20095885 1.26302874 1.40361404 1.37275171 0.905180573
    1.50587749 1.0170629 1.04064631 1.10961187 1.12126052 1.07901406
    1.10550427 0.982473612 1.82979524 1.69165218 1.73784053 0.906712592
    0.865555763 0.861899257 1.1089257 1.4871788 1.818748 1.75128043
    1.33594704 0.831613123 1.16123295 1.0167222 1.56210673 1.66635072
    1.42097628 0.766142309 1.38619232 1.67600799 1.53148651 1.56393051
    1.83671749 1.34229481 1.10078692 1.60468686 1.78357172 1.21085501
    1.67426085 1.0210315 0.896079481 1.26235604 1.68437731 1.75134873
    1.48476315 1.64996541 1.64205194 1.04173219 0.747129261 1.50417745
    0.971383095 1.65035355 1.17437029 1.09390366 0.798376977 1.07757306
    1.18309867 0.654764354 1.00140929 1.49805367 0.811994433 1.04651475
    1.1105119 0.870745361 1.51834822 0.799419165 1.24573576 1.37822473
    1.13420308 0.782378614 1.70915568 1.06488097 1.83677077 1.42355502
    0.985343814 1.27164829 1.02961886 0.83733964 1.67450142 1.27642155
    1.12204945 1.63849187 1.12355983 1.64300191 0.7847628 1.73058867
    1.59648979 1.59615695 1.79344714 1.60658181 1.82438993 1.47620344
    1.50586414 1.82398534 1.826702 1.49799752 1.46091163 1.43613303
    1.47891295 1.36986017 1.14109552 0.97382021 1.46246684 1.08588338
    1.54266322 1.11873078 1.65579772 1.04798317 1.515576 0.837124467
    0.974235833 1.14795339 0.727437198 0.742389202 1.11256766
    0.895840049 0.874528646 1.53891385 1.04079437 1.72743201 0.977571964
    1.23725605 1.33524895 0.900655448 1.69390452 1.2053889 1.48215687
    1.74505901 1.00392306 0.847498536 1.42147171 1.56062675 1.63256705
    1.09663749 1.54003167 1.60830307 1.05425394 1.7602824 1.23742032
    0.945642591 1.13270128 1.5420301 1.50225151 1.34662044 1.21298957
    1.47586107 0.80459398 1.61368692 1.43670928 1.36026537 0.879013658
    1.4645313 1.38261199 1.72408092 1.6241411 1.0521853 0.933751285
    1.59598577 1.15664148 0.848611295 1.23661482 1.07888436 0.983611703
    1.55437303 1.11021233 1.62503493 1.23005593 0.709440231 0.785077393
    1.40620577 1.1406523 1.68775702 1.06889439 1.51936221 1.56057
    1.37193179 1.17448306 1.19034052 0.869212449 0.791535616 1.51657724
    1.5367161 1.40201938 1.12232447 1.59650719 1.26415837 1.70264447
    1.6441083 1.57269502 1.34894955 1.76723254 1.31010222 1.33231461
    0.929808915 1.34448326 1.66578948 1.07127476 1.30798674 1.76131499
    1.01341152 1.49322855 1.80670226 1.44097316 1.08418608 0.832459211
    1.61783373 1.56695926 0.927962661 1.04431212 0.835611701 1.31773269
    1.03143299 1.86208868 1.49552417 1.7814765 1.03453207 1.10848892
    1.63508141 1.46149254 0.619781137 0.585521817 0.631745517 1.03687453
    0.696697176 0.711256921 0.948896348 0.959749699 0.782581747
    1.46567178 0.844220996 1.42072594 0.950906813 0.772709727 1.41739559
    0.763230801 1.58483613 1.25730896 1.52719414 1.11988187 1.68711734
    0.709232271 0.918635607 1.30782855 1.37285173 1.54730928 1.38853014
    0.843393505 1.1468482 1.29505086 1.58428299 1.63927925 0.968989789
    1.77799642 1.27487063 1.74111485 1.40303481 1.57836187 1.31523323
    1.40499926 0.830003262 0.863388777 1.03501666 1.30974531 1.05481303
    0.846331775 1.72180736 1.53147352 1.76601553 0.849397779 1.23649061
    0.856734455 1.31089818 1.06663001 0.86145252 1.30991971 0.870375872
    0.837085426 0.954709709 1.35932255 0.773028612 1.37394691
    0.725894332 1.26066291 0.762705386 1.46406138 1.45343733 1.30103564
    1.48442292 1.16627336 1.65380323 0.807967961 1.70203829 0.806030929
    0.879985511 1.06780255 1.06454945 1.5805074 1.54558432 1.06890297
    1.62736285 1.46148324 1.19531357 1.65614212 0.937784374 1.64856195
    1.08808756 1.64602423 0.991268158 1.03356576 1.45255888 1.20308352
    1.34989572 0.645148337 1.12026513 1.18271208 0.643066168 0.852602959
    0.734355688 1.68167055 1.6497066 1.49020278 0.905493855 1.4340477
    0.920644939 0.963538527 1.23630238 1.48655796 1.6345433 1.37739825
    1.61582875 1.44770694 1.76862133 1.21830797 1.01261318 1.02949417
    1.80449808 1.67072535 0.861891568 0.808460593 1.02984786 1.34729266
    1.39445925 1.65484798 1.58409917 1.13872135 1.23305893 1.84839153
    0.910425127 1.81168044 1.10381556 1.14200556 1.55352402 1.32136953
    1.07684231 0.825437188 1.19954467 1.53589368 0.703642845 1.09478033
    1.19528127 0.862880111 1.61649299 0.909538746 1.39018929 1.51656008
    0.947612405 1.21506846 1.47362936 1.50864589 0.979338109 1.63252473
    0.901647925 1.42365694 1.61611021 0.974764764 1.3530122 1.39956224
    1.81067681 1.55595934 1.81936347 1.8698225 1.20906985 1.28096187
    1.23061001 1.05226731 1.42716789 1.62711298 1.73431385 0.994192481
    1.87449694 1.69917297 1.28118742 1.48141396 1.72462237 1.15586913
    0.921797335 1.43000066 1.47603238 1.0038296 1.48148477 1.01339388
    1.37235296 1.07810867 1.0720427 1.75157976 1.05016541 1.08268213
    0.860437691 1.08943963 1.81415236 0.99329412 0.768557489 0.85954386
    0.745072305 0.968823671 1.16288447 1.23812687 1.27607596 1.18784606
    1.4203192 0.764176667 1.13088584 1.11407161 1.4336561 0.948598683
    1.64869857 0.82918191 1.66781271 1.71553504 0.810816944 0.905519068
    0.819521606 1.63832736 1.10703778 1.00285852 1.16160321 0.99912405
    1.13421178 0.934967518 0.770144582 0.934002697 1.44368422 1.40444565
    1.30872715 1.0250752 1.03337598 1.40879941 1.60999298 1.14974999
    1.51256227 1.10141993 0.997741342 0.801888287 1.72027636 1.78755987
    1.82168221 1.37686729 1.65125024 0.884388447 1.44955766 1.66543424
    1.48915434 1.69306386 0.762718618 0.918041646 0.93165648 1.58145487
    1.51774836 1.13144934 1.79657185 1.44213331 1.5168246 1.55453932
    1.13408542 0.74040705 0.68940413 0.598152161 0.922783792 1.3835336
    0.88529259 1.0559305 1.38271868 1.70382833 1.47490942 0.851995409
    1.37824416 0.978174508 0.971493602 1.49619126 1.06347013 0.815487087
    1.27987111 0.8915084 1.43995869 1.35668361 1.35755789 1.15537369
    1.67051148 0.903802633 1.05851436 0.750944555 0.864534736 1.00020981
    0.574241757 1.05872762 1.43356478 1.57257581 1.17374659 1.44005704
    1.59536362 1.54679406 1.66275704 1.7876128 1.74378264 0.875522017
    1.06091177 0.898913264 1.12150896 1.34254742 0.896904767 0.733819544
    0.707487524 1.21028674 1.52406287 0.998518467 1.2002064 1.03485119
    1.60221148 1.74025655 1.83807707 1.28232253 1.35491478 1.73068845
    1.19911635 0.882427812 0.728666723 0.787623584 1.27962089 1.02159369
    0.838001966 1.03021181 1.27573955 0.898921371 1.48736811 1.11566567
    1.5186913 0.78505218 1.03335607 0.817616284 1.73077667 1.46637857
    1.44088006 1.17846859 1.35738027 0.884136915 1.37538207 1.43383729
    1.37652433 1.06120372 1.15348423 1.51504779 1.67110431 1.14537847
    1.73665667 1.65167367 1.42801166 1.31715083 0.725558817 1.50309455
    1.00742543 0.776206434 0.688911319 1.06354976 1.26875794 1.09397638
    0.882287979 1.58968627 1.01798892 0.983053744 1.07346022 0.845678031
    0.867065012 0.812909245 1.22311294 1.34695995 0.986207962 1.63030517
    0.895168781 1.53709912 1.77684569 1.67226064 1.6344099 1.12051845
    1.69496882 1.17853928 0.970164359 1.49128103 1.48346305 1.39180124
    0.980929911 1.47381485 0.941312194 1.62554395 1.71028936 1.78319502
    1.16007197 1.67000794 1.81066096 1.56402254 1.16540623 1.36702096
    1.68293905 1.15746605 1.44699466 0.846961021 1.07558298 0.98512584
    1.24275076 1.14810097 1.02138066 1.75352681 1.36412036 1.2745961
    1.68769944 1.18655384 1.01035964 0.692120552 0.898577154 1.49063516
    1.0176152 1.40789998 0.942965031 0.982477248 1.50429785 1.48155332
    1.72921455 1.81943035 1.56557059 1.5174154 1.54530811 1.19647563
    1.03634083 1.24743474 1.52509153 1.21157897 1.11037445 1.46910667
    1.31239474 1.87838185 1.75582063 1.61339712 1.1700424 0.848153234
    1.38450146 1.57765388 1.49010038 1.76260638 0.931586385 1.00479579
    0.999830484 1.441764 1.3774209 1.71949434 1.04552054 1.74128056
    1.77937627 1.56425989 1.15210819 1.62395787 1.04147315 1.07379901
    1.5823158 1.75063705 1.18517292 1.73115838 1.20406747 1.46658027
    1.14975584 0.948375046 1.67889619 0.847766697 0.911420345
    0.883934081 1.31691372 0.738506436 1.56158042 1.27893746 0.923915863
    0.828071833 1.00884831 1.51143801 1.14387798 0.671917021 0.892459512
    0.819094181 1.66986847 1.37058783 1.21333206 0.810377061 1.36742115
    1.32450843 1.45796037 1.22206616 1.27864814 0.811492026 0.842389226
    1.54456067 1.29696107 1.51983976 1.56806064 1.05027044 1.67643917
    1.14196408 1.67617941 1.73122311 1.29659927 1.69260597 1.42968023
    1.55034959 0.947821975 1.11939299 1.69356072 1.5785358 1.65847886
    1.31496942 1.68439305 1.44348729 0.933902502 0.813790441 0.948711157
    0.687041044 1.17435002 0.77909708 1.38620341 1.57476079 0.944547653
    1.15176094 1.51475787 1.30319762 1.5035497 1.1005125 1.28406131
    1.59379601 1.17970145 1.04315472 1.3799659 1.49012923 1.58815312
    1.49184847 1.65112174 1.60936689 1.76501262 1.035272 1.19435573
    0.918806732 1.09044433 1.06004727 0.810692966 0.714496791 1.28562045
    1.43418467 1.35029936 1.62721074 1.68484247 1.02112377 1.60956919
    1.00653577 1.0947789 1.56667471 1.57015073 1.70778883 1.27694106
    0.716363668 1.45683932 0.769938529 0.93227905 0.643149734
    0.780019879 0.871704698 0.900223196 1.69009793 1.11875761 1.12707806
    1.39970887 1.55268466 1.82612538 1.79043782 1.2821393 1.26760197
    0.902177036 0.719963849 1.13897276 0.920845151 1.49345565
    0.740765095 0.76975143 1.5189482 1.14573741 1.64578807 1.18192124
    1.51413262 1.4188025 0.907606304 1.75158346 1.58955419 1.44221604
    1.09562147 1.24659848 1.51847696 1.02696037 1.47269785 1.7115047
    1.60187101 1.27425277 1.58344507 1.23743606 1.2103765 0.823297441
    1.14547741 1.55739379 1.20474982 1.47909284 1.6523447 0.937715352
    1.14241958 1.00855589 0.810765922 0.77057296 1.52658808 1.5809648
    0.958337069 1.30959284 1.04389703 1.06551123 0.851922154 0.885504723
    1.24231064 0.969036281 1.02679944 0.888024509 1.51237273 1.47953451
    1.2805723 1.00454736 1.20186973 0.998865068 1.64371145 1.78557324
    0.945415437 1.64464867 1.75027192 1.19701743 1.17248654 1.49198067
    1.34520316 1.56366634 1.40044355 1.37835038 0.854683459 1.14974773
    0.980083764 1.60952222 1.6685909 1.15096629 1.62553644 1.48581672
    0.817367017 1.70213795 1.53111064 0.771179795 0.945012569 0.73854202
    1.05059516 1.75005865 0.973086834 1.67346823 1.38071561 1.46271801
    0.827246666 0.84880048 1.66537941 1.00122476 1.2259022 1.02573586
    1.13046074 1.2177856 0.811661422 0.8527565 1.76871419 1.67647362
    1.13584995 1.47614849 1.25316453 1.13887787 1.55145597 1.72040009
    1.5220269 1.71644938 1.45432067 1.33545542 1.80582964 1.67221344
    1.7061075 1.76201499 1.7016747 1.07202768 1.62784994 1.85467637
    1.27358401 1.61022139 0.871629417 1.5635215 1.12408698 1.69782448
    0.935261667 1.42003918 0.963060319 1.47979569 1.51341927 1.170874
    1.0304054 1.49572802 1.26786661 0.972663045 1.20862257 1.12561309
    1.26572824 1.24988031 1.37337637 1.49723744 1.38722563 1.43084788
    0.894848764 1.6796217 1.32847345 0.879770577 1.54619753 1.21123815
    1.28574598 1.26427627 0.793241382 0.8593539 0.796704233 1.47753203
    1.60494161 1.04622483 1.06882775 0.758564472 0.985273838 0.656047881
    0.950013161 1.11096644 1.53795779 1.12121308 0.827224016 1.43583572
    1.33029246 1.57842219 1.17389083 1.14042222 1.40968525 1.18512309
    0.870566487 0.957487464 1.57866025 0.839532554 1.20484757 1.72525656
    1.4476248 1.71207368 1.2931422 1.25541246 1.56551659 1.04265046
    1.43593681 1.43966675 0.809126735 0.863892674 0.93291074 0.905727684
    1.53624272 1.68374252 0.961886823 1.08641922 1.03933668 0.956187427
    1.68500602 0.873461246 0.860950887 0.930069327 1.29211795
    0.945288658 1.28834903 1.19795549 1.80007398 1.14647937 0.842949629
    1.36865342 1.25455654 1.55614293 1.72147071 1.73655784 1.09768713
    1.3177942 0.929543436 0.922504544 0.91056639 1.22385669 1.33819664
    1.7684828 0.842195392 0.752810657 1.4182806 1.48209155 1.03261828
    0.723524272 1.00490832 1.06196725 1.74015176 1.29545319 0.825429916
    1.50112653 1.02011299 1.62336409 1.08119762 1.03881335 1.02489412
    1.36046433 0.700144351 1.10602808 1.52693689 1.30956745 0.966534257
    1.45781076 0.712102354 1.36448622 1.54562378 1.60449135 1.0654732
    1.38084233 1.62255883 1.11079347 1.78928494 1.76081133 1.56020164
    1.39236426 1.70695436 1.00550294 1.2337476 0.741537452 1.44642901
    1.21628749 1.63938868 1.49937558 1.50295007 1.3799634 0.838990808
    0.941754401 1.38601625 1.16909099 0.882736802 1.8215524 1.44836926
    1.01335979 1.50280094 1.38207591 1.77062368 0.970424235 1.31698656
    1.3209914 1.2276566 1.65922439 1.11155152 1.04497671 0.801371276
    1.31332469 1.42866635 1.15747356 1.57676816 1.06355691 1.31157923
    1.5840354 1.00650001 0.991435885 1.67081523 1.0508126 1.17940736
    1.51865888 0.862914145 0.840770125 0.680534363 1.61367595
    0.915967226 0.915249228 1.2161696 0.813413143 0.921242774 0.76632309
    1.08867669 1.16278696 0.858855963 1.49728286 0.894602716 0.901246846
    1.59297013 1.2240088 1.02867854 0.934256792 1.71606493 1.76046455
    1.17577374 1.56058145 1.03381526 1.11783123 0.741892993 1.00777602
    1.05120838 0.943294466 1.61749256 1.0255971 1.43509412 1.390746
    1.13272619 1.73136747 1.17167854 1.41227674 1.1556927 1.35650706
    1.61333632 1.75634491 1.11876714 1.43736696 0.894902766 0.996741116
    1.4154532 1.00992405 1.31834114 0.85211575 1.18365645 1.21878111
    1.653772 1.61719513 1.22125983 1.4013046 1.70714092 1.23379385
    1.52763367 1.77524114 1.76240778 1.62984788 1.11484838 0.841418982
    1.22137821 0.901655972 1.46930289 1.0501864 1.75651515 1.63895392
    1.37817955 0.988184631 1.40656805 1.88796949 1.71633208 1.41768682
    1.61471629 1.10252571 1.45018303 1.54344714 1.39537954 1.25127995
    1.04843891 1.3325907 1.11106372 1.19644225 0.907891691 1.15544331
    1.12258315 0.952259243 1.31042576 1.59832668 1.3470875 0.903589606
    1.78019321 1.53525114 1.81814659 1.69055414 1.89457965 1.69114387
    0.917347252 1.30151367 1.1863426 1.51429391 1.25947165 1.20065749
    1.47375488 0.899103463 1.34510565 1.05932975 1.55397689 1.31804609
    1.46508992 1.05516148 0.701140821 1.2432574 0.636020899 0.846544504
    1.06459522 0.783954322 0.781133056 1.21055734 1.06601083 0.89201808
    0.914034128 1.04506111 1.78870916 1.64911532 1.06868124 1.68379724
    1.01834369 1.48708808 1.5795399 0.912650526 1.72752798 1.19599378
    1.13628471 1.61376381 0.865966201 1.04655957 0.906095266 1.15980887
    1.42150164 0.976255596 1.45142055 1.07627118 1.3828181 1.59070635
    1.74064195 1.36221814 1.38068974 1.68541265 0.815770149 1.02898741
    1.63703942 1.69063568 1.73621881 0.930382311 1.47443974 1.38804317
    1.24929798 1.22428918 1.61728358 0.96108216 1.69382358 1.09305513
    1.49802172 1.03132558 1.76533055 1.78500462 1.31121647 1.16453278
    1.70638728 1.00781691 0.950861335 1.61581397 1.32978237 1.31408226
    1.13423264 1.64223611 1.07601833 0.960448384 0.896668673 1.19365561
    0.938947678 1.69361544 0.812462151 1.54271924 0.940294027 0.90362674
    1.00706112 0.928091109 1.52767634 0.915784478 0.768539011
    0.961505353 0.993889809 1.38417947 0.962888241 1.5089637 1.66058517
    0.707154214 1.20645905 1.6245296 0.893942416 1.04000401 1.68602431
    1.25663829 1.41057277 1.80289948 1.553653 1.57844985 1.18580961
    1.76446331 0.829860568 1.23871839 1.41276252 1.24404216 1.31676865
    1.28430009 1.70323789 1.10910892 1.07426083 1.20364964 0.809797525
    1.59293175 1.2256366 1.71751559 1.63388705 1.3574214 1.77674258
    1.66235077 1.052791 1.74084675 1.6802932 0.970301807 1.39396799
    1.03526735 1.45080769 1.42661774 1.40597892 1.34371972 1.70502794
    1.33863437 1.04434526 1.55256355 1.24670291 1.54802954 1.43421805
    1.20586693 0.996922851 0.904618442 0.828743696 1.11815476 1.56737924
    0.952333689 0.944891214 1.07924223 1.0570668 1.56128073 0.838276327
    0.716116726 1.51393151 0.91790396 0.669518113 1.61602569 0.929859102
    1.37110114 0.797421992 1.21202981 1.2233386 1.14113438 1.68196309
    1.29068804 1.62522364 0.885729551 0.83655411 0.782716393 1.47288144
    1.60308301 1.5436393 1.46749234 1.00826418 1.66058064 0.705316603
    0.750580668 1.54084074 1.20394349 1.66273916 1.25349617 0.865872025
    1.68124163 1.46832359 1.15202069 0.718332767 0.902369082 1.76816916
    1.78584707 1.48951674 1.34411287 1.2543987 1.72050774 1.38171649
    1.31576765 0.881948233 1.62112749 1.15626764 1.29517114 0.763066947
    1.24722672 0.862470627 1.48823762 1.66903901 1.26839626 1.72471845
    1.10239136 0.931366384 0.750274301 0.91320312 1.64883053 1.63302386
    1.64484847 0.87504065 1.70057702 1.57098365 1.52478039 1.60302258
    1.95035124 1.8091892 1.91034496 1.89586127 1.17410719 1.49389338
    1.43553996 0.978215277 1.23674393 1.34395838 1.61735117 0.951867819
    1.27608418 1.06059706 1.30264378 1.56668162 1.20245397 1.18724906
    1.57718945 0.987437785 1.35572731 1.55490434 1.42975724 1.06441653
    1.51848316 1.57805455 1.69432342 1.56443465 1.4596442 1.61268437
    1.84026146 1.80158532 1.36831629 1.73899436 1.00310779 0.781705737
    1.49377465 1.31785834 1.35444057 1.35703158 1.63536155 1.02784371
    0.743387759 1.24493313 1.48836303 0.708506525 1.39136147 1.15484512
    1.31092536 1.45354974 1.32308352 1.2840029 1.24916804 1.50495791
    1.50561965 1.22453523 1.45415735 1.72302151 1.07913136 1.44145358
    1.20927441 1.49431384 0.886382818 1.63231087 0.96697706 1.14279258
    1.2949487 1.49399579 0.791752398 1.45021307 1.20975935 1.26197636
    1.75148666 0.898118496 1.22288048 0.829024017 1.33571291 1.34493828
    1.50227404 1.06335199 1.23641992 1.37685657 1.53998721 1.28251505
    1.00170946 1.66009176 1.68734956 0.817534447 1.53768325 1.65963423
    1.85337901 1.34659946 1.70370984 0.796930075 1.1106447 1.01261258
    1.59015143 0.953618228 1.59277761 1.11332583 1.30908096 1.10406911
    1.57529652 1.82921445 1.22903895 1.00582886 1.14954257 1.71381354
    1.49822187 1.5612632 0.902591884 0.562437415 1.2097733 1.27839708
    0.973381519 1.43460763 1.41481006 1.76736176 1.62984455 1.00261509
    1.54317784 0.774097145 0.923619688 1.5410285 0.998694837 1.28704846
    1.61062741 1.48963809 0.802739322 0.786570847 1.23858666 1.31078076
    0.963219643 1.36128664 1.12720764 1.21124458 1.48123646 1.79417098
    1.74951315 1.04630554 1.78821635 1.25594318 1.3521136 0.778607547
    1.05233228 1.30315042 0.848464727 0.992468715 1.73335552 0.854106307
    0.926384628 1.51996005 1.37860763 0.829389334 1.36703718 1.21682024
    1.45287669 1.55341971 1.31353676 1.13102067 0.826899529 1.50087595
    1.34139013 1.32384145 1.30190265 1.32335734 1.31440604 1.07204413
    1.40134525 1.75612986 1.48442221 0.882307947 1.55144846 1.69076455
    1.75757849 1.83948755 1.43940079 0.812050462 1.55671191 1.35964823
    1.0708046 1.67382109 1.39509523 1.73432803 1.62532818 1.24781179
    1.55224013 1.25077915 1.67851698 0.983325779 1.51936948 0.854215562
    0.970469892 0.878116548 1.49526238 1.31844163 1.33249605 1.47986543
    1.48411489 0.957873046 1.48925662 1.44840288 1.54925144 1.06231534
    1.43478405 1.2235173 1.34407008 0.888949752 1.32779479 1.44692504
    1.3592397 1.20270288 0.989066482 0.894331932 0.847000241 1.25281358
    1.15826094 1.38828123 0.96266824 1.51718915 1.40987659 1.35593259
    0.762287796 0.824166417 0.794502676 1.47467566 1.66236544 1.37779677
    0.969305634 1.60320783 1.66703928 1.6241715 1.24031281 1.44487703
    1.11460686 0.992235243 0.865702569 1.35136032 1.36203635 1.15905333
    1.80202878 1.698704 1.13944232 1.14563334 1.01606059 1.47390246
    0.884729862 1.22567689 1.14940858 0.81956923 1.22998154 1.2902869
    1.03783381 1.75403285 1.39053178 1.66559601 1.83037829 1.80042255
    1.57039237 1.03741717 1.08195806 1.61794448 0.894703031 1.65417612
    1.33809268 0.802541792 1.55827808 0.796253085 0.655766606 1.10320461
    0.821792901 1.40065241 1.6942122 1.12819922 1.02749193 0.891822755
    1.24812996 1.00035429 0.844048798 1.30634344 1.62808633 1.72493184
    1.40876138 1.67476082 1.05429196 1.5109998 1.74890661 1.54002178
    0.83245647 1.1645143 1.40894103 0.823702812 1.61022174 1.60196376
    0.908424914 0.911952972 1.37905669 1.41066933 1.03698587 1.54345548
    0.718015015 1.34900451 1.41275132 1.2766602 1.29303455 0.806766391
    0.889467895 1.17719138 1.01297081 1.67900097 1.32554293 0.860226691
    1.71067035 1.39020574 0.988737285 1.57254696 1.48388147 1.7142818
    1.37857318 1.40352297 1.41482377 1.50173998 0.900463998 0.889475346
    1.52850318 1.43383133 1.51802456 1.30163205 0.797498047 1.70114899
    1.35146308 1.40192294 1.44442582 0.870535731 1.70187068 1.1218282
    1.3939445 1.76756239 0.917718589 1.24619794 1.04109621 1.70267713
    1.57232845 0.989317238 1.75504529 1.54027641 1.4945519 1.63617539
    1.30929101 0.965674937 0.976413369 1.42067218 1.19808185 0.805951238
    1.27934921 1.58047152 0.971066356 1.62342596 1.26744425 1.5013665
    1.59218526 1.56621885 1.69140363 1.8038187 1.00952268 1.64266455
    1.40083981 1.04564846 1.02631056 1.13313377 0.966353297 0.923064888
    1.55580509 1.06137288 1.48359656 1.70160306 1.1574142 1.29664409
    1.08420646 1.66579103 1.41678643 1.01594388 1.07409227 1.10567236
    0.886930048 0.936794817 0.778675735 1.60918152 1.51460445
    0.897886574 1.57619596 1.78458261 1.75038314 1.49218905 1.56662762
    1.02667952 1.17296803 1.75195968 0.950341761 1.7724719 1.06325912
    1.06996667 1.08071291 1.37928843 1.31804657 1.53273296 1.30576074
    1.56405377 1.77654338 0.837633729 1.75851047 1.04507363 0.910822928
    1.63298297 1.43146765 1.14412808 1.53923643 1.16455245 0.774601102
    1.69501364 1.06815207 1.40787983 1.09307206 0.8798877 1.113626
    1.51737297 1.34537899 0.989533424 1.02388513 1.86288309 1.20123231
    1.50525475 1.28067887 0.928200364 1.58848107 1.48425829 1.35324657
    1.79692447 1.28825259 1.28117061 1.09260368 0.778500259 1.27535152
    1.55560136 0.922122121 1.26282632 0.696745217 1.31186116 1.15002942
    0.763226509 1.61176527 0.919414759 1.25432634 1.42788219 1.36408782
    0.992102921 1.52035654 1.011096 0.804586887 1.28485382 0.770067692
    1.51116538 1.64092481 0.900206983 1.51925468 1.6640234 1.24495339
    0.863795638 0.714060783 1.10060704 1.28670847 1.30929255 0.748244822
    1.44809699 1.02687013 1.14522326 0.976250648 1.69948089 1.26661801
    1.54861188 0.865253747 1.44176066 1.05505681 1.74467731 0.895169616
    1.22089612 1.17083001 0.861471772 1.463462 0.79199928 1.43503153
    0.940169275 0.931106389 1.20035481 1.41202319 0.840029001 1.10380924
    1.31329632 1.44296992 1.15608275 1.49998176 0.741690636 0.7908535
    0.778172553 0.866301656 1.59338021 1.58801603 1.51831794 1.34845853
    1.17426395 0.938374877 1.39466655 1.09839511 1.48258173 1.69316089
    1.67290545 0.957780004 1.42453814 1.52345026 0.965520799 1.32926345
    1.40868592 0.727795899 1.22611344 0.715214074 1.17436683 1.04240966
    1.16958082 0.918557167 0.861119807 0.830414355 0.909549654
    1.69074643 1.33964539 1.14981687 1.53415871 0.921263695 1.65131223
    1.55811417 0.984639049 1.3412621 1.12154675 1.80754077 1.34381783
    1.78673851 1.32427597 1.024683 1.54021668 1.13008487 1.24222124
    1.39186597 1.78146231 1.16403282 1.44557464 1.70989728 0.778637528
    1.00356197 1.53919518 1.17543542 1.62219083 1.27135718 1.66666245
    0.770505846 1.04952693 1.52516997 1.4877044 0.810681462 1.04626453
    1.35053623 0.769411325 1.30710685 1.65391588 1.39428437 0.867769063
    1.16044748 0.910663784 1.08047009 1.73148346 0.925131679 1.12731516
    1.00133562 1.12515223 1.2021066 1.55989838 1.01707077 1.03553891
    1.43409634 1.06485188 1.3801614 1.17747188 1.46978867 0.784338176
    0.944291651 1.69683838 1.14557397 1.74348485 1.71716499 0.920782685
    1.36651242 1.70054984 0.832357287 1.75096726 1.11679494 1.02227724
    1.79256117 1.41775501 0.938066781 1.3837347 0.704878449 1.41726339
    1.44630933 0.864444017 1.32080412 1.02606952 1.7984376 1.61319113
    1.46222484 1.00224078 1.25429666 1.70367777 1.56201375 1.49002624
    1.3726927 0.836737394 0.947927415 1.57796669 0.730065882 0.782354891
    0.922481716 1.71764958 1.29519308 1.5500412 0.915957212 0.989928722
    0.871281803 1.62508273 1.28695154 1.18589354 0.986428618 1.2708708
    0.91104871 1.1490165 1.60946918 1.32537842 1.42286611 0.979567111
    1.41773093 1.40624356 0.903173208 0.971287668 1.09989476 0.951897621
    1.20137978 1.50681734 1.58807814 1.5079813 0.920813441 1.79181945
    1.11809886 1.03311169 1.77237642 0.854533613 1.19672644 1.1269238
    1.43427646 1.40135753 0.897896588 0.829601288 1.29083681 1.12692869
    1.32912338 1.71835792 0.868394613 1.55187821 0.940510392 1.39273155
    0.840502322 1.33670592 1.57742 0.893187404 1.72652006 1.80830193
    1.63446689 0.971506119 1.76920915 1.41828668 1.20242858 1.44646692
    1.02743554 1.55259895 1.14891303 1.78964078 0.925481439 1.50618613
    1.45385218 0.922295511 0.979666352 1.54088378 1.14057362 1.03587472
    0.746662855 1.28012645 0.756237566 1.49774742 0.948737502
    0.845260918 0.80963707 1.33471119 1.08132637 1.16315889 1.74196279
    1.2374047 1.19400978 1.35201156 1.6115315 1.24274325 1.25701964
    0.866305172 1.55455327 1.44010317 1.41413069 1.62720573 1.49150908
    1.3690151 1.15444887 0.740379632 0.768454134 1.38318336 0.898648202
    1.01409698 1.48140132 1.61905575 1.47985852 1.58548176 1.30034614
    0.919407368 1.26362574 1.71285903 1.53168654 1.05607593 1.12530327
    1.40830553 1.63619709 0.810100019 1.09375024 1.73624539 1.07021093
    1.32398462 1.65057635 0.859436333 1.48674345 1.798406 1.02171946
    1.03198636 0.85851109 0.916399777 1.53633428 1.70495689 1.41700065
    0.753501713 1.44109452 1.17795575 0.800121188 1.30098116 1.22682834
    1.38631821 1.44675064 1.05041671 1.04582882 1.04059625 1.48198009
    1.48446488 1.51416087 1.76777399 1.74371576 1.40754294 0.890210807
    0.908985853 1.08749104 0.990617752 1.03416824 1.2322557 0.915180027
    0.824392736 1.43024552 1.62387061 1.47623754 0.887071729 1.05201054
    1.10547113 1.75978398 1.21446478 0.934527516 1.26541936 1.37217641
    1.07829654 0.961171687 1.09221625 1.55842769 1.84803188 0.859853923
    1.02337444 1.47614539 0.912513196 1.74683833 0.969371378 1.61963177
    1.16893232 1.78218043 1.32751882 0.804208219 1.05209827 0.868997455
    0.680050194 0.948134303 1.70262396 1.50712836 1.20535326 0.779562652
    1.4067899 1.18574953 1.36950171 0.908925414 0.991614819 0.999698222
    1.23896563 0.999216855 1.63831627 0.974650502 0.905031979 1.05369997
    1.5539465 0.789074659 1.52576447 1.665815 1.54774308 1.66082895
    1.60600424 1.21796727 1.74378896 1.32640553 0.814273834 0.964815199
    1.52960479 0.877526045 1.35317886 1.30721152 1.64307988 1.4759835
    1.64274406 1.36936486 0.777700007 1.2398268 0.92097497 0.880976498
    1.65942383 0.8818295 1.36219132 0.84477663 1.06321156 1.72639835
    1.15531421 0.92748332 0.776005507 1.41219389 0.971178412 0.945911229
    1.08574533 1.1776129 1.46175265 1.57846069 1.1181699 1.24819958
    1.41705358 1.3656199 1.45627964 1.18231308 1.47888458 0.911193311
    1.06494927 1.09125984 1.41703725 0.951789975 1.16025865 1.58283508
    1.68101311 0.995963812 1.16212428 1.64469004 1.60995626 0.90189606
    1.17985761 0.905480146 1.50756121 0.807356834 1.13843691 0.752022028
    0.981368423 1.23514771 1.00979054 0.987173617 1.61863673 1.57459831
    1.35479486 0.897836566 0.951655447 1.39655733 0.940365314 1.52795339
    0.892221034 1.42006838 1.36997318 1.81754231 1.56049109 1.36136031
    1.66749001 1.44197488 1.73545086 1.60735083 1.69222653 1.35421705
    1.44358635 1.22163475 1.39842963 1.32086658 0.776385665 1.17821753
    1.24489808 1.64072645 0.975497603 0.830274522 1.15406752 1.73976767
    0.86809516 1.24780214 1.5038017 1.76089203 1.47037256 1.51072204
    1.19423604 1.70897198 1.55461276 1.68170631 0.955293357 1.46619308
    1.78109217 1.67430687 1.3698945 1.45200968 1.46793604 1.65527034
    1.69797289 1.2378726 0.909625053 1.38449585 0.895960152 0.871717811
    1.46556067 0.842817068 0.857622325 1.00648594 0.793223798 1.54138374
    0.90039593 1.29250968 1.56474829 1.8467859 1.42884088 1.40816927
    1.66886759 0.886044025 0.806970477 1.1517303 1.53419602 1.29318857
    1.79831517 1.68051457 1.08556831 0.82183677 1.38832211 1.46368432
    1.22648227 1.69467747 1.51906323 1.15356958 1.69141757 1.40842259
    0.824235439 0.894331455 0.868858099 0.736461818 1.36071455
    1.15439761 0.89457947 1.39928508 0.983091831 1.44857383 1.08587646
    1.76583624 1.50385332 1.70442402 1.56384397 1.45862973 1.03436327
    1.2942661 1.31053853 1.40308857 1.77052796 1.73334134 0.957230866
    1.38918793 1.00427687 1.67629802 1.73676312 1.45238042 1.7179991
    0.818511188 0.81917572 1.40810835 1.62704468 1.05930042 0.726121485
    1.15968609 1.58126891 1.51465535 1.64720273 0.819793224 1.49954498
    1.24536288 1.24817097 1.64141262 1.12752521 1.52282715 0.737869203
    1.12752712 1.20676899 0.76448065 1.5196501 1.50113165 0.692920208
    0.907875657 0.89842546 0.801384687 1.21852386 0.847233891 1.0954653
    1.49885833 1.30101907 1.34552932 1.69641161 1.14454317 0.948151112
    1.67143154 1.70290983 1.57582152 1.31561053 1.444947 1.00008857
    1.03034401 1.32752299 0.99612999 1.02482724 1.43474662 1.51384032
    0.884478867 1.36147928 1.38607252 1.42785907 1.05556178 0.6815871
    0.801129937 1.44775724 1.72681105 0.931654811 1.13554633 1.09527314
    0.966068566 1.5794121 1.45789158 1.18350852 0.740174711 1.29335916
    1.65423524 1.49528337 1.03003514 1.56940889 0.916202426 1.18853545
    0.824240923 1.70132911 1.17063236 1.58384442 0.901418865 1.5621438
    1.44833446 1.28392673 1.65479136 0.887126148 1.23509765 1.2522887
    0.991220236 0.83299917 0.792090356 0.850400805 1.46624577 1.33797359
    0.773271978 0.972801268 1.43913567 1.21806514 1.52170575 1.12783897
    1.03783453 1.70196247 1.60414958 1.69271207 1.42158127 1.50451517
    1.08320892 1.06782138 0.904336751 1.2602576 1.05147159 0.937059581
    1.42822289 1.42902839 1.75704002 1.36930072 1.18187058 0.899342477
    1.61940253 1.06504583 0.804650187 1.17170346 1.31677663 0.571970463
    1.20973289 1.5509994 1.32681549 1.78523207 1.06210458 1.43045533
    1.54934061 0.829886913 0.820777535 1.08914864 1.50535691 1.58669257
    1.137007 1.61458814 1.18353176 1.47870946 0.758113921 1.0556283
    1.72735643 0.773159564 1.09982073 1.25600064 1.26034153 1.1290971
    0.90254122 1.67106295 0.912192643 1.61463702 1.59185994 1.25467575
    1.75178564 1.11904383 1.57013738 1.64726388 1.73310959 1.47344911
    1.78078401 1.54576182 1.05355012 1.05206609 1.76994848 0.85207969
    1.47533309 1.67922258 1.60497129 1.54464364 1.10474277 0.879209816
    1.58650923 0.85556823 1.61894643 1.51072443 1.43341243 1.12685323
    1.50776339 1.39967275 1.04035938 0.859517694 1.45676684 1.74803853
    1.79376984 1.10256803 1.63963795 1.47144425 0.984114528 0.863378644
    1.1017648 1.74636781 1.817577 1.04724264 1.29164004 1.6157037
    1.21016705 1.74325883 1.03035438 1.00065625 0.867438376 1.40303326
    0.897121966 1.53237987 0.87961942 0.755625427 0.705719709 1.12079036
    1.67081678 1.80190098 1.86663246 1.19916761 1.35037339 0.801932991
    1.72839856 1.21601701 1.64218688 0.963588238 1.41682434 1.8298893
    1.73942196 0.859948337 0.796577752 1.59430027 1.49276125 1.15364659
    1.27150536 1.15511739 0.864529073 0.912794113 1.63028657 0.774980128
    1.1401695 0.871200144 1.33678043 1.011011 1.71833992 1.45145464
    1.79936361 1.59141755 1.70650411 1.60613465 1.56366169 0.884257853
    0.846271873 1.35841525 1.48187709 1.28678465 1.58432961 1.19112146
    1.61941385 1.504884 0.827600181 1.65396726 1.17631543 1.71655583
    1.53175139 1.34537315 1.60217583 1.73721552 1.01097679 0.898510516
    0.9182899 0.901639819 1.57821429 1.07524276 0.696448028 0.824479342
    1.14882362 0.904383361 0.983613372 1.12320244 0.819325805 1.10530663
    0.777306318 0.841320753 0.956092119 1.44034207 1.03037035 1.0678674
    1.15372527 0.828924775 1.30305266 0.977571845 1.31836796 0.699183881
    0.947466612 1.46781421 1.21378565 1.10741782 1.11675572 1.24889135
    1.73621893 1.24507737 1.43041742 1.69592988 0.946458042 1.66115463
    1.48518336 1.19891596 1.52613199 1.00535214 1.29263222 1.42236173
    0.94438684 1.46688569 1.31118512 1.67300963 1.17372203 1.00450349
    1.41451514 0.983651042 0.906376958 0.633438766 0.953327656
    1.34657717 1.32814693 1.16660202 0.889216006 1.47936296 1.59299076
    1.65215373 1.64474642 1.58336425 0.879520714 1.36975276 1.21967936
    1.63336563 1.15824664 1.2545383 1.06054151 0.704563797 1.04186845
    1.19789779 0.856557071 0.832464635 0.836890399 0.75465548 1.69894636
    1.42135131 1.28800976 1.41420448 0.828540504 1.64931548 0.856016099
    1.4011637 0.858475208 1.67451549 1.29394138 0.795972705 0.769221663
    1.24996042 1.45596302 1.38773668 0.842519999 1.28951919 1.45909965
    1.29582369 1.21489239 0.835282505 1.48444688 1.22246015 1.31464863
    1.39633954 1.01172197 0.851085246 1.53364086 1.24487329 1.48235965
    0.954117775 1.27653277 1.17694283 1.44110417 1.80881095 1.04601014
    1.4798826 1.19868243 1.31531882 1.41624236 0.793151677 0.980445921
    1.21346426 1.41382873 1.62707305 1.6695044 1.43656862 0.944503069
    1.80349755 1.4035387 1.34802246 1.14213371 1.37016034 0.844258368
    1.26571655 0.852222085 0.822699606 0.973015606 1.46756709 1.76850522
    1.39416897 1.50959086 0.783927679 1.08852875 1.3397311 0.952211916
    1.39590442 1.12624645 1.00802922 1.34161317 0.775020957 0.861088216
    1.6391809 1.25950325 1.79767752 1.45825446 1.65237749 1.78005123
    1.63791096 1.39783335 0.841275275 0.834276915 1.70391548 1.42169571
    1.56449187 1.35085142 0.802919865 0.881839514 0.921892643
    0.851959705 0.888869047 1.69574106 1.14536476 1.73912799 1.57914174
    1.39249015 0.825117946 1.71118772 0.878619134 1.68895018 1.80351853
    1.26290691 0.940768719 1.21325803 1.06799877 1.01518691 1.23352456
    1.36180973 1.24943638 0.991314828 1.50734365 1.43195927 1.69692957
    1.13475227 1.1258328 1.67138791 1.37771749 1.3045435 0.870015025
    0.968981743 0.985060394 1.33651829 1.00030804 1.17983365 1.46252882
    1.20600522 1.29099214 1.18160605 1.69338322 1.31673169 0.949202001
    1.11077476 0.978460968 0.891675174 1.61159503 1.07669926 1.71627676
    1.43554628 1.08125937 0.877686918 0.901816368 0.812152803 1.2862767
    0.766557395 1.76347113 1.11604965 1.35452878 1.72290659 1.10214436
    1.34531212 0.845236123 0.822744906 1.07683623 1.19671881 1.33425844
    0.976174951 1.37833822 1.05343246 1.78797948 0.968387842 1.7796613
    1.33194435 1.77724731 0.84802568 1.28348279 1.0171932 1.01019764
    1.70651174 1.68710887 1.27887106 0.937529981 1.03488648 1.01140046
    1.50790823 1.13122189 1.47581089 1.66743326 1.31869829 1.19229198
    0.672215462 1.01661539 1.06200135 1.02969849 1.37809026 0.839412451
    1.31199849 1.42168319 1.46548414 1.66533077 1.75404978 0.993180513
    1.24121201 1.30382037 1.1961503 1.54890573 0.851247549 1.74923754
    1.42870486 1.30677068 0.789875865 0.70416683 1.66011083 1.32036865
    1.34679592 0.956906497 1.20752251 1.7074281 1.31146944 1.46696937
    1.84139693 1.84956598 1.4738487 1.1840992 1.26116943 1.73476279
    1.77733672 1.17360735 0.843127787 1.58682799 1.36923134 1.37240767
    0.758826196 1.53545296 1.40313721 1.24632823 0.77800107 0.917773187
    1.30666435 1.11111856 1.41245019 0.99488163 0.719163477 1.09522855
    1.20781589 1.31775582 1.43853796 1.70184791 1.6664288 1.49537516
    0.817488909 1.13140631 1.20232069 1.33844006 1.37109423 0.973190963
    1.3320756 1.36738253 1.45578849 0.980855107 1.56756496 0.843347132
    1.17490995 0.918598413 0.955820441 1.33011115 1.53183353 1.27310669
    1.68384147 1.41573513 1.55434692 1.37368989 1.66785133 1.58263683
    1.50840497 1.11070621 1.57589793 1.113307 1.47879279 1.50633967
    1.09651315 0.977257788 0.846434891 1.50406492 0.869433701 1.56686354
    1.65056837 0.868591309 1.64740121 1.2461319 1.25090981 1.49988604
    1.48688316 1.30780792 1.28081679 0.996644914 0.859154761 1.66613901
    1.16593862 1.66866386 1.14305282 1.07603276 1.68311095 1.15532827
    1.30857384 1.73874223 1.37966597 1.14654207 0.857146621 0.677145958
    0.779068947 1.64441335 1.52176309 1.25412881 1.69678128 1.6868856
    0.813176155 1.70568192 1.57874811 1.14041913 1.11565888 1.32384706
    0.914046466 1.61544931 1.69159949 1.09808874 1.23606253 0.964988351
    1.72364509 1.61580658 0.845086277 1.06938899 0.825071931 1.69583833
    1.00444043 0.99805212 1.23837268 1.50663483 1.01411355 1.18810976
    1.56469798 1.75963628 1.27629387 1.20697808 1.48843622 1.6289407
    1.68649483 0.907660246 1.25505304 1.03552902 1.49965322 1.62210703
    1.36376226 1.46633327 1.57081664 1.73253286 1.70745242 1.19534874
    1.69712329 1.65547645 1.76638114 1.65155995 1.5554136 1.19646263
    1.00603044 1.26402247 1.33633125 1.40967107 1.40951252 1.59825766
    1.57442296 0.859913766 1.37892079 0.860697508 1.71255612 0.985568464
    0.796139956 0.99763757 1.42808783 1.25070906 1.48595667 0.804706812
    1.26067853 0.993329823 1.07381022 0.861289799 1.0652889 1.4472847
    1.453264 1.16347277 0.937939227 1.10545588 1.36208034 1.67988491
    1.24011087 1.57861066 1.70116568 1.05529082 1.34603393 1.02538228
    0.861988366 0.826135635 1.16033971 0.953587294 1.58945012 1.41401124
    1.54709268 1.11631417 1.06063092 1.16672385 1.42873335 1.09100592
    1.30716455 1.20999789 1.74538505 1.044752 1.66885769 0.946075201
    1.13105428 1.66163397 1.42603648 1.43833947 1.31765509 1.25788987
    1.44803238 1.00212681 1.77606356 1.47142065 1.54639077 0.817030251
    0.862079382 1.75459158 1.03593636 1.30209661 1.74631131 1.35699534
    1.02912748 0.934004009 1.57573736 1.25666773 1.00135458 1.55894101
    1.51099956 1.02248466 1.4334259 0.7766909 0.666521847 0.825703144
    0.740124941 1.10202169 1.28876948 0.839329004 0.973824143 1.41743386
    0.99806577 1.38990557 1.15537894 1.67914844 1.24778628 1.26161277
    1.26760316 1.42900908 1.15775859 1.55180585 1.35102296 1.2222271
    1.14279413 1.34506822 0.808415174 1.26552987 0.940293431 1.48116815
    1.01238692 1.6817292 1.67194355 1.20847571 0.888871431 1.44631004
    1.48470402 1.59925342 0.994585872 1.53656065 1.25261688 1.64005601
    1.64117122 1.08291161 0.82995528 0.734331429 1.5011009 1.32483661
    1.32625449 1.53481162 1.48085189 1.44140935 1.29778552 0.687104762
    1.07531369 0.927770615 1.23460913 0.795517981 0.958038867 1.68666351
    0.836737037 1.34383368 0.824736476 0.848989308 1.21091461 1.13245511
    1.59983516 1.63258553 0.987281799 1.32304454 0.818423867 0.683164597
    1.19217241 0.973269701 1.62412882 0.779269457 0.715549409
    0.717821121 0.874024272 1.18401325 1.02860367 0.774224877 1.03066313
    1.02748513 0.880077839 1.73163629 0.858043611 1.20797133 0.968100309
    0.78220135 1.45036972 1.23171866 1.37447429 0.717142642 1.70101631
    0.906812787 1.6723882 1.24618566 1.34012926 1.24889398 1.72294891
    1.23669207 1.71229756 1.46205401 0.905976832 1.10023952 1.25830114
    0.932017803 1.18795979 1.54250073 1.38510108 1.39968538 0.878867984
    1.79587698 1.67221606 1.76839173 1.56242239 1.53975904 1.82615983
    1.35659099 0.935144424 1.42486048 1.20941615 0.793773651 1.09723508
    1.75990844 1.76205802 1.81018186 1.78914845 1.25245988 0.859048307
    0.974867582 0.772962868 0.922620714 1.66745734 1.69364011 1.07477117
    0.959154606 1.39657307 1.20690858 1.6210438 1.71594453 0.864507377
    1.48618269 0.83450532 1.66616249 1.17215621 1.42361081 1.486269
    1.47313523 1.13945448 0.86834693 1.43104911 1.04829693 1.73291802
    1.33548439 1.53181124 1.59929836 0.920369446 1.16746294 1.36395395
    1.49475253 0.962079167 1.28004837 1.59239054 1.69842708 0.886678457
    1.69797981 1.76408792 1.44870257 0.968451798 1.70051301 1.12571311
    1.60486889 1.26915538 1.37907314 1.41055501 0.825909495 1.1109575
    0.761989713 1.35155487 1.58866191 1.69020891 1.67472494 1.4425528
    1.56705761 1.41425323 1.36682451 0.92340827 1.38298666 0.772789657
    0.679358125 0.906041324 0.671577573 0.802316546 0.773006737
    1.61183453 1.42385793 1.04062212 1.46499979 1.29171884 0.822036624
    1.10716689 0.725787878 1.02472746 0.918535531 1.70717323 1.55604792
    1.2725873 1.56238747 1.29099655 1.37491465 1.50248611 1.44146323
    1.57919466 1.38322592 1.50321317 1.72018993 1.70145488 1.52936661
    1.68553448 0.922433257 1.43206167 1.7683413 1.66125786 1.58758736
    1.1458143 0.965887666 1.05887961 1.17698169 1.11646426 1.64724708
    1.19395947 1.70526266 1.13925803 1.40196371 0.920746922 0.882250607
    1.38073075 1.86010575 1.69324386 1.62295353 1.00750041 0.927109063
    1.25317192 1.68655705 1.54745078 1.28927624 1.38332176 1.28239191
    0.838440835 1.40004587 1.75737119 1.31477153 1.30946386 1.07216287
    0.899372876 1.68943083 1.04225671 1.35076666 0.959249794 0.830168545
    1.24499214 1.19063723 1.72462857 1.39424515 1.21171415 1.43797195
    1.60507596 1.22597229 1.08637094 1.26578712 1.02314115 1.76786673
    1.72494578 1.15942895 1.76551342 1.20210361 1.48416162 0.938057423
    1.27918112 1.14437425 1.24172187 1.14503729 1.75962806 1.2685436
    1.83845103 1.17294717 0.931229174 1.54148877 0.843118906 1.4017663
    1.33355558 1.46323037 1.02251339 1.86910903 1.7738148 0.916950226
    1.39858878 0.743559182 0.729047835 1.21714437 1.63414741 1.60418737
    0.809290051 0.858430505 1.19640791 1.14600313 1.29571474 1.04091978
    0.852258921 1.54377961 0.751770616 0.706677079 1.11583114 1.25597596
    1.40805745 0.963897824 1.34519291 1.77153575 1.12384784 0.892332613
    1.45121944 1.48013043 1.4983145 0.790595114 0.784869552 0.870582521
    1.05341256 0.897139907 1.29036212 0.781641006 0.79520309 1.56278431
    1.05919826 1.57553315 1.54092503 1.56256831 1.47030365 1.70679951
    1.11792541 1.6921128 1.35310638 1.13511598 1.62812912 1.066414
    1.41861916 0.929947317 1.39442277 0.789011538 0.873265624 1.31888223
    0.95931679 1.53415 1.27613091 1.29861009 1.82014346 1.27581501
    1.35070908 1.50092721 1.59886551 1.64543867 1.083287 1.438609
    1.38998985 0.930914164 1.47132397 0.837661803 1.18089378 1.81231606
    1.53905344 1.60205305 1.20533466 0.85895133 1.42874396 0.85868293
    1.63735974 1.17005968 0.436885715 0.980556607 1.47733486 1.60296881
    1.52352798 1.03537428 1.237463 0.986175895 1.31668365 1.07453275
    1.73241174 1.37410307 0.778380275 1.45282197 1.18812644 1.0587312
    1.80531454 1.79043388 1.39652669 1.02308905 1.74812913 1.3691386
    1.6696583 0.95169121 1.56849515 0.903397679 1.5568099 1.51003277
    1.23618984 0.84825474 0.996247292 1.0989033 1.29742563 1.25068128
    0.985688925 1.6230247 1.04618883 1.55458879 1.02756369 1.06442297
    0.883286536 1.68768966 1.28852522 1.69337904 0.807237804 1.59596395
    0.915970445 1.54867768 1.24388576 0.854394555 1.01301289 1.07017231
    0.939963043 0.88171798 0.952129245 0.900473237 1.31176972 1.60984087
    0.785185397 1.60999274 1.31161976 1.78390622 0.933014095 1.71842718
    1.42084789 1.75104797 1.77488387 0.775327623 1.28026116 0.721866071
    1.3581003 1.12911785 0.734221339 1.09770632 0.937967002 1.2826035
    1.00814497 1.57459593 1.01393437 1.56859374 0.77421999 1.0436635
    0.954119503 1.26963067 1.6301955 1.08983159 1.39121294 0.839297295
    0.903860509 1.12879324 1.16863596 0.980818748 1.53770053 1.41124916
    1.57865691 0.927344441 1.39649701 1.24329627 1.57414532 0.875659406
    1.18407297 0.967796743 0.997696519 1.77575612 1.46366489 1.56859446
    1.35068727 0.760266602 1.697963 1.07945657 1.8012346 1.10148263
    1.62397146 1.57614958 1.61667562 1.80770195 1.73076928 0.961403191
    1.64869571 1.73199189 1.70453441 1.19114661 1.63905632 1.6112082
    1.22044396 1.33346391 0.824799061 1.1851275 1.35444582 1.09888947
    0.793061852 1.17471266 1.34174633 1.07131982 1.16605163 0.953034878
    0.776752651 0.955055594 0.776181638 1.58717179 0.882068753
    0.852780223 1.12690318 1.72699499 1.52597523 1.35151792 1.01565039
    1.19030488 1.03032923 0.840067506 1.28857625 1.76920772 1.34419882
    1.31426454 0.919763625 1.33175838 1.55003488 1.23902595 1.06151283
    1.49205756 1.8320117 1.55839694 1.35672212 1.38545597 1.80329502
    1.62316918 1.68655872 1.34776354 1.76086187 1.1629709 1.63039327
    0.953721106 1.12918854 1.81380379 1.54372561 1.15992618 1.24330497
    1.30923927 0.969906807 1.58566403 1.0039643 1.13131702 1.03239095
    1.4911294 1.3352499 0.800408483 0.773343086 1.05502689 1.41833317
    1.51023579 0.743850291 0.961919069 0.832361281 1.23023272
    0.810670793 1.06142962 0.894276202 1.69433558 1.49132514 1.5979104
    1.55442858 1.10633004 1.20374811 1.01686263 1.36528885 0.684271455
    0.829352736 0.867973268 0.822979867 1.53230226 1.40446019 1.42838275
    0.758694172 0.764670432 0.717708886 1.33096218 0.823558629
    1.13015747 1.55665267 1.44826186 1.08394098 1.4764967 1.19917846
    1.6079284 1.11113203 1.35358882 1.64735413 1.26754844 0.756833971
    0.76624608 1.36240673 1.74719846 0.807066202 0.969652653 1.18467593
    1.18916905 1.49114978 1.40104055 1.55878091 0.864673555 1.3167218
    1.35133171 1.34624994 1.3821677 1.43664384 1.51860917 0.964878738
    1.63918376 1.17592108 1.06145203 1.63485634 1.28868151 1.74097621
    1.43068755 0.936523378 1.35881269 1.25653589 0.659888983 1.32147658
    0.732694149 0.949044585 1.23814082 1.0953759 1.40015459 0.997339547
    0.788354814 1.67382801 1.58451331 0.904107094 1.77884543 1.53562379
    1.44032633 1.66372871 1.18260741 1.39088237 0.841985643 1.08574116
    1.23049688 1.51869214 1.13451982 1.40032208 0.886395574 1.16109312
    1.42226171 1.47918439 0.999631643 1.44612169 0.791179359 1.05090404
    1.70856929 0.800302923 1.75013006 1.42113459 1.09218967 0.839722753
    1.25859475 1.17966437 0.812702835 1.37873948 1.68768954 1.33787918
    0.841656506 1.12019432 0.81219399 1.14076567 1.14365983 1.04646242
    0.888470709 0.896306694 1.23287094 0.915898979 0.812727511
    1.63323116 1.50459099 0.922424674 1.14512587 1.67497623 1.85912943
    1.48697639 1.79638565 1.71283269 1.47666097 1.29151189 1.58544874
    1.32038343 1.28020334 0.672509432 0.880893588 1.04734695 0.904440582
    1.16762567 0.68346417 1.04186773 1.6287595 0.815776467 1.41523838
    1.16347516 1.15061224 1.35586715 1.6084429 0.854654253 1.50318635
    1.06881857 1.24679017 1.08440721 1.46212864 1.26547861 1.3248117
    1.07126355 1.6749357 1.50222015 1.54651165 1.15518403 1.53206801
    0.855024755 1.25075138 1.05397952 0.850022912 1.50150561 1.76038885
    0.76227808 1.47276652 1.0500356 1.00723147 0.893452227 1.67441988
    1.25737083 1.82897437 1.63401008 0.850022972 1.27582169 0.821844697
    1.44819272 1.35303652 1.82790208 1.80571949 1.36356795 1.34038734
    1.19685829 1.41200542 1.64910483 1.4171654 0.803713202 1.35730875
    1.2913096 1.44246197 1.75212049 1.35381567 1.59653425 1.54904222
    1.54869235 1.21288788 0.720519543 1.47760379 1.58369386 1.11427271
    1.50845921 1.09352195 1.56464398 1.02944624 1.22504926 1.4387207
    1.32348311 0.897964776 0.825562537 1.24699628 0.778648853 1.2926811
    1.22302747 1.25460756 0.928351462 1.66997898 1.03467345 1.61114728
    1.28373671 1.72343767 1.73753548 1.7859211 0.907638192 1.51588869
    1.44154358 1.10999048 1.1189152 1.28214872 0.821212113 1.48625398
    1.65452564 1.13364851 1.48530054 1.53253305 1.34705126 1.72779787
    1.55361879 1.22818899 1.09357226 0.738098741 1.28658998 0.805331707
    1.66247487 0.806233585 0.816184461 1.3243475 1.09513032 0.994060516
    1.35486615 1.16728461 1.29454327 1.25343394 1.72594059 1.74959552
    1.23983026 1.57963395 1.59381962 1.49578094 1.19092834 1.5016973
    0.871930838 1.6026423 1.44713128 0.794203341 1.64815879 0.713906765
    1.54869151 1.00294995 0.807277024 1.20129001 1.43014407 1.16388822
    0.963202059 1.24358833 1.09315908 1.68915367 0.916231692 1.23119652
    0.942579389 0.881148577 1.36186826 0.957180202 1.18737793 0.83447212
    0.82010287 1.25841892 1.69444454 1.24458456 1.19111598 1.05267084
    1.00844395 1.47432733 1.65890348 1.34427369 1.02895081 1.75128961
    1.53974295 1.42387974 1.52189922 1.31274068 0.952425182 1.65980625
    1.2283175 1.23285162 1.73025906 0.935596049 0.932492375 1.5761677
    1.03538167 0.817091048 1.04164934 1.62166131 0.851577818 1.0763495
    0.607730865 0.465520889 1.08580828 0.667906344 0.695225179
    1.27038181 1.01988721 1.01830423 0.722186923 1.31215525 1.45468557
    1.58325195 0.832161069 0.868767381 1.39866173 1.24328494 1.29794359
    1.72810411 0.979555726 1.80193937 1.08383393 1.52627337 0.95618093
    0.780310988 0.725629449 1.19893861 0.862307429 1.34603989 1.48908579
    0.904285073 1.61229026 1.15102696 1.21408534 0.730305672 0.720275044
    1.14096332 1.17905962 1.13401079 1.0005765 1.70466113 0.952121198
    0.844665587 1.01050472 0.739885211 0.758063138 1.70597064
    0.843540788 1.01611102 1.23041582 1.12008154 1.51202905 1.08492982
    1.5940913 1.02924788 1.04911041 1.16934621 1.05279326 1.18064892
    1.42048585 1.24550176 1.19714904 1.14571965 1.24638474 1.19294
    1.10308504 1.51820886 1.85071301 1.24719906 1.77427423 1.5934031
    1.34326172 0.960431933 1.35549998 1.39253092 1.59334302 0.908499002
    0.859955788 1.00072169 0.837610245 1.53309011 1.22238123 1.37605846
    1.08775687 0.965847671 0.808777809 1.24457908 1.63607812 0.885026753
    0.924854338 1.32933402 1.18713021 1.76949155 0.884780347 1.59824824
    1.75366282 1.35997331 1.0580281 1.42537272 1.77920783 0.90195334
    1.53354359 1.68778527 1.67059016 1.05707371 1.24931014 1.34232712
    0.781670213 1.00007272 0.76316303 1.03987205 0.938451588 1.08738124
    1.23073006 1.53664494 1.809255 1.09520578 1.10331857 1.22093093
    0.952777326 1.83892572 1.34234679 1.2438674 1.03334439 1.14885008
    1.12245214 1.19420445 1.45192599 1.29492307 1.3226527 0.952386677
    0.923409045 1.69286573 1.25188899 0.901736498 0.943074524 1.2568047
    1.64052224 0.96762085 0.841796875 0.67483145 1.60840237 0.869828343
    1.16041934 0.731337965 1.35097039 1.18992257 1.70214796 1.11055183
    1.23365223 1.71116567 1.07619643 1.28902841 1.68317473 1.53074551
    0.797084451 1.30283725 0.831168771 1.4364723 1.20427179 1.16808462
    1.76661086 1.6853348 1.28113806 1.50729227 1.57748556 1.6707902
    1.83986437 1.15756464 1.04748178 1.38436139 1.53048921 1.20532298
    1.79292977 1.77800083 1.17141747 1.8100009 1.37118304 1.47812426
    1.12095165 1.75254488 1.47813106 1.01547742 1.11059523 1.2026788
    1.45968616 1.31069624 1.46709323 1.60814011 1.69313526 1.08604181
    1.20035601 0.83704865 0.73938632 1.52151656 1.61750484 1.52054238
    1.32317257 0.813870668 0.936800361 1.43938267 1.64301264 1.40975893
    0.838003099 1.48872817 1.05143654 1.15815032 1.03025603 1.62624288
    1.2071501 1.21391034 1.47158539 1.32743537 0.842236221 1.28404367
    0.910340309 1.09181273 1.22311759 1.16272712 1.16950059 1.05147922
    1.44981432 1.35015905 1.14758468 1.19532788 1.69689739 1.40379596
    1.45921695 1.37739992 1.31070447 1.47491407 0.994545043 1.66902399
    1.49730337 1.27444255 0.875626087 1.26299453 0.820819318 1.46839619
    1.79887867 1.53388107 1.17304432 0.813495576 1.37818491 1.313905
    1.85579431 1.88219857 1.75067377 1.58867419 0.819201589 1.74310839
    1.60247099 1.19635141 1.5811125 1.02660394 1.49681711 1.30948532
    1.18325067 1.07201529 0.399021566 1.25970316 1.55660343 0.892851412
    1.16798294 0.708483219 1.58422053 1.41364634 1.66258776 1.30602777
    1.57353044 1.72271717 0.764953017 1.43600726 1.11668742 1.02421379
    0.936934531 1.53894305 0.877809644 1.5151993 1.00081718 0.736359119
    0.910077214 1.25972986 1.62574053 1.69226086 0.981878757 1.76693153
    1.78653848 1.34172142 0.794120431 0.747292459 0.632099211
    0.797168195 1.29264879 1.6714325 1.29122019 1.26246941 1.59521437
    1.31811762 1.52436543 1.24068582 1.47235703 0.806632042 1.45887303
    1.5880692 1.59375954 1.64518428 1.18313193 1.53828263 1.6936959
    1.70111656 0.846004903 1.35232592 1.21886373 1.17079306 1.29899991
    0.913010359 1.14274597 1.57702506 1.64644647 0.987252176 0.883445859
    1.5839963 1.7191143 1.09696102 1.13299608 1.46815288 0.874413371
    0.830313087 0.883605599 1.2004261 0.643586993 0.694548368
    0.907468975 0.630913794 1.55985558 1.22783685 1.3555032 1.61002767
    1.6517024 1.26807821 1.02753985 1.72048438 1.65008557 1.27883661
    1.12433994 1.63710189 1.73658943 1.13202035 1.76187217 1.4975785
    1.67785287 1.1408819 0.905714273 1.02649975 1.51202726 1.14943433
    0.824936271 1.30178082 1.74929094 1.0779233 1.07570362 1.2177304
    1.60926056 1.00406349 1.41573215 0.677830935 1.67633271 1.60417664
    0.953218222 1.55688047 1.08804882 1.76739585 1.77402997 1.40968132
    1.36135292 1.04857838 1.59513795 1.26021516 1.40969241 1.27199662
    1.06685269 1.41753864 0.84987551 0.797625184 1.25729585 1.44021094
    1.31814969 1.64359665 0.958575785 1.02595162 0.831521928 0.959089756
    1.2548275 0.796824932 1.6234194 0.776286662 0.95963496 1.04678142
    0.690476954 0.834925115 1.29901063 1.55263042 0.965781987 1.7465663
    1.34121656 1.62307525 1.49268866 1.7095325 1.34885538 1.45293105
    1.26904404 1.00624144 1.65590692 1.41081583 1.48586476 1.02306163
    1.21095073 1.51150024 1.18556893 0.866767585 1.7699362 1.4497236
    1.07630134 0.950941443 1.29544234 1.53000045 1.18388629 1.7106384
    1.09999263 1.48345423 1.54624879 1.28519511 1.10288489 1.74437642
    0.985604525 1.54308689 0.816034079 1.71148014 1.36912072 1.74693942
    1.61881435 1.19908345 1.67739236 0.912738979 1.07617223 0.967991471
    0.890793204 1.31403446 1.14252007 1.66420317 1.39693415 1.04037237
    1.11866176 0.797869623 0.873742342 1.28766751 0.76945287 0.849826038
    1.13144696 1.65854895 0.762773454 1.00824094 1.47370124 0.779404223
    1.22836947 1.24380732 0.916988611 1.61042178 1.76476276 1.08558822
    1.52082694 0.83675319 1.59814525 1.23053443 1.10066319 1.29077315
    1.10209131 1.41382515 1.21616769 1.72009552 1.58700597 1.71708059
    1.82433116 1.12353849 1.69882536 0.716240823 0.780388713 0.709394634
    1.63179731 1.32322001 0.883208036 0.837663949 1.27834737 1.71644115
    1.56891072 0.861541748 1.24181092 1.7088635 0.913541138 0.974793077
    1.71996105 1.7394191 1.42955709 1.67839253 1.16777217 1.14015579
    1.56668544 0.949952781 0.893629789 0.7518664 1.67879415 1.05733478
    1.53449368 0.576779604 0.465641946 0.89655 0.897422254 1.57992184
    0.82585901 1.35232723 0.888096273 1.38266218 1.3686986 1.63044906
    0.85655582 1.01893294 1.33994401 0.889939487 1.25687575 0.941791892
    1.53850305 1.29564893 1.23415136 1.28275108 1.54737914 0.883976698
    1.07513833 1.33664691 1.68066132 0.976973653 0.874577522 1.79216385
    1.71663535 1.60536087 1.00130451 1.02884996 1.22169757 0.899840355
    0.721204698 1.07196164 1.29077017 1.41748714 1.65425968 0.800590098
    0.966731191 0.859606266 1.54273725 1.68531871 1.72858584 1.09565926
    1.16744828 1.09956086 1.32735217 1.16431475 1.45339811 1.57724369
    0.966201425 1.19975579 0.863207281 1.775967 1.56637037 1.63090193
    1.31390953 0.984766066 0.905525923 1.66362512 1.43195188 1.71028936
    1.33945644 1.21013403 0.81407249 1.66682458 1.1235733 0.879251122
    0.693063259 0.632600963 0.835250914 1.2400465 1.13913882 0.699852169
    0.943274915 1.6027993 1.34827662 1.24946535 1.58840704 1.23090625
    1.79902399 1.61076033 1.25568855 1.18977213 1.57014382 0.92861104
    1.11943591 1.34941232 1.78674889 1.68441308 1.87074733 1.04150116
    1.58093691 1.72970426 0.785031259 0.96120137 0.912985325 1.05780447
    1.25541067 1.27377033 0.893610656 1.63470209 1.07387173 0.899893105
    0.794721723 1.16279328 1.23931885 1.42823768 1.30409813 1.16516769
    1.45807123 1.00482416 1.54992735 1.38285923 1.56319332 1.24040985
    1.43095505 0.801484644 1.70645893 0.935278356 0.873416245 1.51991308
    1.63272798 1.50062072 1.19842958 1.05021119 1.74263835 1.14325094
    1.44892001 1.45534146 1.33109748 1.4707284 1.43577731 1.46103156
    1.24447596 1.0325737 0.967802048 1.25822604 1.20648599 1.26482141
    1.60682023 1.2501086 1.43032372 1.6430465 1.19075072 1.50764275
    1.50263691 1.17155528 1.71615064 1.0376389 1.67973757 1.07014811
    1.14805412 0.960248291 1.70798016 0.933746099 1.27368855 1.33822501
    1.31630254 1.39411497 1.41767895 1.66121805 1.76882935 1.41194856
    0.990166724 0.996980131 1.35262477 1.57875824 0.971935868 1.628901
    0.96276921 1.18056488 1.28431344 1.21962571 1.31886113 1.77125967
    1.48226643 1.19235373 1.18149626 1.15953231 1.29098547 1.04421997
    1.02866757 0.774582386 1.71421301 1.12307894 1.53581572 1.50943446
    1.45827627 0.928662598 0.822538018 1.22664809 1.31639183 0.789588153
    1.2553668 1.26257265 1.53085709 0.794384718 1.17096472 1.20940471
    1.31304252 0.765742242 1.1650008 1.16655195 1.5011847 1.71595824
    1.71389365 1.76710153 1.653036 0.97870785 0.727616131 1.55393708
    0.797528148 1.26553071 0.784691691 1.45206273 1.09764075 0.882643104
    0.961325586 1.45318592 1.09756255 1.88477063 1.80607784 1.30750513
    1.54604065 0.730115652 0.840276539 1.27781212 0.942170084
    0.871680737 0.890634656 1.64265847 1.62850416 1.49646699 1.55759799
    1.24935853 1.78158104 1.70291924 1.44172132 1.54209566 1.2229991
    1.60493982 1.83017766 1.28754497 1.07341683 1.20981658 1.55079281
    1.4586184 0.843763888 0.926951706 0.84797734 1.45578742 1.46134007
    0.453449607 0.54753536 1.30798852 0.601652026 0.760541201 1.29565215
    0.782011032 1.03246593 0.91308558 1.36309874 1.56511235 1.41319358
    1.01822138 0.930585802 1.57039249 1.19845426 1.23307812 0.910988688
    1.65021527 1.51406562 0.83277899 1.50908601 1.63783538 1.55463111
    1.21662104 1.16479087 1.53200257 1.77944744 1.44267368 1.51453662
    1.38300979 0.704355359 1.18139923 0.750028908 0.655243993 1.30677617
    0.987131298 1.04185009 1.5255692 1.18808031 1.59278452 1.51808333
    1.18525398 1.57313442 0.806944609 1.62633848 1.12707198 1.19224012
    1.05953872 1.58823264 1.38880014 1.38661075 0.843500137 1.01165283
    0.876118302 1.69737864 1.64382911 1.03430629 1.13227165 1.36713755
    1.50600255 1.01085675 1.62631357 1.67930174 1.2078402 1.43428445
    0.836535573 0.786960065 0.698436141 1.25457919 0.99322027 0.87337029
    1.10060179 0.813463748 0.671015501 1.13666165 0.96348387 0.786996305
    0.909537137 0.854545772 0.969993889 1.42938232 1.77870297 1.01433337
    1.20084882 1.4364512 1.42483163 1.08750474 1.75569117 1.63784158
    1.56773734 1.82054007 1.58044553 1.40534413 0.884553552 1.57514584
    1.66346014 1.5747726 1.64801943 1.17851615 1.50340271 0.889647365
    1.17492247 1.61012673 1.61558032 1.53191674 1.00105286 1.00723827
    0.858406961 0.847938657 1.66806054 1.72517574 0.813426495 1.29834545
    0.998957634 1.29129517 1.41377807 1.06583035 1.2839005 1.12449014
    0.956011951 0.842470169 1.58523059 1.15421271 1.41317785 1.49478519
    1.07707465 1.22868478 1.48639214 1.05255592 1.44650137 1.34064794
    1.51766479 1.82503605 1.76323938 1.71637332 0.994006336 1.15203321
    1.4000541 1.28390026 1.60440385 0.97573787 0.883328736 1.32809293
    1.29376161 0.980082035 1.35584962 1.72590375 1.69256938 1.34181392
    0.860011101 1.18799424 0.923387587 1.53773499 0.909407735
    0.683604717 0.953650475 0.894240022 1.23929441 1.01537788 1.44492173
    1.66608584 1.04528379 1.28358817 1.77730083 1.82852948 1.07279432
    1.67995822 1.50936985 1.30288696 1.11730707 1.0056659 1.59201479
    1.8403033 1.37178349 1.67369163 1.70606971 1.55904841 1.21633494
    1.27706158 1.50400043 1.57602298 1.0335269 1.68398452 1.64506817
    1.5624001 0.910913825 1.46897721 1.50268412 1.37883759 0.768511415
    0.754441202 0.999730408 1.07539439 1.25518143 1.23869896 1.4865967
    1.30442715 0.745172679 1.50254738 0.956630468 0.784245908 1.13485396
    1.47647762 1.65519357 1.15258658 0.921218753 0.896323442 0.926563501
    1.36292863 0.815403521 1.41383827 0.705668032 1.10399103 0.843887806
    1.1967026 1.43706667 1.05257928 1.06444025 1.12069523 1.7206136
    1.02485192 1.57237506 1.51933694 1.41934121 1.21095657 0.877037466
    0.904428661 1.57296205 0.86526829 0.969207287 0.710980415 1.21461058
    1.29294193 0.815441787 1.46701813 1.23649311 0.740060449 1.56111395
    1.49638903 0.952997923 1.69125032 1.43614495 1.76252532 1.68105352
    1.7831738 1.37289703 1.07366705 0.983933747 1.10811746 1.40281916
    1.44881141 1.69708169 1.03915799 0.957170546 1.53866756 0.776482642
    1.22109616 0.662820816 1.4647845 0.75610429 0.845793605 0.722239435
    1.5198971 0.761572421 1.08547032 1.18888962 1.76979065 1.65082109
    1.02005279 1.37435007 1.4383328 1.82351124 1.60309923 1.23862851
    1.68123794 1.7154187 1.58236575 1.51984167 1.33662462 1.87123358
    1.6656599 1.71387064 1.15441144 1.27431226 1.67082334 0.840346456
    0.759459198 1.27647972 0.917458653 0.986302555 1.23360085 1.09374082
    1.04863119 1.41691601 1.4401108 1.21270561 1.37288594 1.36094725
    1.72553897 1.36526203 1.60926139 0.741135895 0.768803656 1.29060304
    1.14027107 1.82175243 1.09257245 1.72220898 1.71985674 1.36916757
    1.08892322 1.63142204 1.59841692 0.894926012 1.24627221 1.49771988
    0.772626698 1.52365887 0.732814968 0.867148876 0.666115224
    1.50025308 0.640303254 0.670718491 1.0212456 0.826135635 0.99881494
    1.26594841 1.36010373 0.654427409 0.932794631 0.911417544 1.16261911
    1.46822083 1.68249047 1.67446184 0.781649649 0.806361437 1.47137988
    1.41984999 0.813507676 0.952062488 1.43295741 1.67005038 1.2622714
    1.83292377 1.15969324 1.5167979 1.63671577 1.17756927 1.07957566
    1.00224245 0.79246223 1.14870632 1.10442066 1.47213411 1.20905733
    0.72094655 1.3788619 0.730579436 0.803810418 1.58993745 1.13821018
    0.78188175 1.186427 1.70858312 0.940514445 1.68709695 1.0494566
    0.817649186 0.670348346 0.818473876 1.03663003 1.24602056 1.72687244
    1.10583985 1.54225791 1.37669098 0.907592058 1.37343633 1.55181241
    1.75605714 1.60535669 0.810939729 1.18788242 1.09144568 1.81960833
    1.85562825 1.35144162 0.982133329 1.83740461 1.58730149 1.66838658
    1.41666842 1.15918958 0.749452114 0.88194102 0.814154863 0.770223141
    1.5403614 0.974218369 1.76209676 1.35840237 0.867685616 0.904368401
    1.15162826 1.34313869 1.61787021 0.999871135 1.44154274 1.2174021
    0.69682771 0.932877004 1.4309746 0.931373537 0.785933137 0.817779422
    1.23711336 1.21676278 1.55868876 1.72963095 1.60449028 1.26539636
    1.3581413 1.47864425 1.54046762 1.55594134 1.18755472 1.19848883
    1.44716525 1.41311347 0.927361131 1.29701686 1.50783491 1.11211264
    1.11912537 1.01286566 0.878548503 0.988471031 1.16560066 0.989712059
    1.59062374 1.29144692 0.941656947 1.47113526 1.32806587 1.22065973
    1.61437047 1.61792362 1.56108963 1.22593224 1.31699812 1.00963485
    0.853687823 0.713363647 0.699179471 1.24403989 0.926573575
    1.02820468 1.4398936 1.1468395 0.834060013 1.20466173 0.798359513
    1.36171794 1.38182461 0.866535008 1.34500802 1.08313489 1.06605554
    1.60959089 1.39478707 1.65196693 1.06208646 1.01814103 1.20552254
    1.58165884 1.40030837 1.87749541 1.24154222 1.73988068 1.01588106
    1.66993058 0.836576402 0.657799542 1.31666505 1.50722408 1.24115992
    0.992135763 1.60921609 0.663660228 1.64606261 0.879077494 0.77048105
    0.873017788 0.745354176 1.42351365 1.51706934 1.8133322 1.81157219
    0.985572577 1.10996377 1.2905097 1.76960826 1.52356648 1.13131428
    1.54657578 1.09038091 1.51938725 1.67772841 0.894600093 0.656539202
    0.735507846 0.891588926 0.70596832 0.807110369 0.660326779
    1.61128032 1.00853336 0.768915653 1.02804685 1.15077841 1.31089568
    1.33097827 1.61823821 1.65980172 1.39273322 1.34508431 1.45397687
    1.79218531 1.48833644 0.900796235 1.46943116 1.5714767 1.83009028
    1.27703023 1.75946748 1.75957012 1.41497791 1.09771621 0.821263909
    1.47184873 0.728540778 0.975605071 1.42036712 0.796580195 1.38684988
    1.21370327 1.71702194 1.67492175 0.917218566 1.76410556 1.68752778
    1.02567387 0.841898859 0.882541001 1.00805831 1.40321732 0.933977664
    0.935147822 1.54846454 1.75287485 1.42288017 1.75069892 1.65059519
    1.20419252 1.80571389 1.46338964 0.830026209 1.31345534 0.873281121
    0.778220296 0.767345071 1.00845301 1.06535637 0.712054074 1.30020058
    0.75558579 0.692736387 1.42648005 1.0437336 1.27444136 1.04285049
    1.09545684 1.43563211 1.22424853 0.903187275 1.41139865 0.776241958
    1.61823606 0.979417562 1.42664933 1.27515161 1.21035504 1.24795854
    0.876806796 1.14554989 0.990313768 0.781875968 1.59968293 1.76762927
    0.96468699 1.78491199 1.56058621 1.05060911 1.25742221 1.64057994
    1.20290053 1.2065866 1.6880151 1.75070977 1.21948862 0.990016818
    1.16666567 0.879006207 0.875680983 0.903677166 1.69616294
    0.748714566 1.124578 1.27819026 0.882117987 1.30015397 1.55845213
    1.22767103 0.674571991 0.680880487 1.28732431 1.28243327 1.47328627
    0.860062003 1.67061198 1.5982697 1.82881498 1.21300018 1.8874917
    1.79336762 1.81338871 1.27676773 0.864984155 1.47174752 1.52368903
    0.925875008 1.00760376 1.53327775 1.65710485 1.68376279 1.22161865
    0.881124854 1.03680038 1.17257094 1.08976543 1.52176809 1.32693887
    1.63246679 0.994579017 1.38357091 1.70388353 0.956745982 0.908405542
    1.18113494 1.02987254 0.816962838 1.22806692 1.29245186 0.953425407
    1.15177596 0.982680082 1.19233871 0.96125108 1.50715399 1.54772317
    1.27049518 0.901000142 1.84346342 1.82738781 1.78748906 1.73692894
    1.47949493 1.3899349 1.81929767 1.10314965 1.6865747 1.3239907
    1.66547549 1.72031093 1.86787808 1.41190362 0.882644713 1.25005496
    1.52747405 1.60936415 0.883587182 1.34219158 1.45170891 1.04749942
    1.75884557 1.54240179 1.76911497 1.6611613 1.32629442 1.7355268
    0.845071793 0.781267107 0.920957386 0.942762494 0.768633842
    1.18955469 1.15128684 1.3075155 0.877655149 1.37927508 1.12551391
    1.66108298 1.06567192 1.28837657 1.06253219 0.805228293 0.702658594
    0.955869615 1.11046886 1.11319792 1.10543811 0.764284194 0.824959517
    0.944748461 1.70858943 1.1103183 0.829945147 1.68583727 1.78649092
    1.08178878 1.10872781 1.415694 1.85079443 1.80108702 1.66162634
    1.35963035 0.934045434 0.824936986 0.764452875 1.50497794
    0.696929574 0.884357929 1.2755121 0.88765204 0.666508675 0.689806223
    0.673401475 1.22697306 0.769478083 0.980166316 1.62984359 1.0397892
    1.11728537 1.46986353 1.68053412 0.848004401 1.73924923 1.81764519
    1.43239474 0.840578377 1.41970289 1.44262481 1.37564087 1.58385074
    0.705131233 0.791601539 0.613452673 0.778823853 1.38495493
    0.907927096 0.851540089 1.03591597 0.760904491 1.38234377
    0.702756166 1.07794249 0.949290633 1.12000477 1.76724863 1.02538311
    1.67446935 1.76155126 1.74941981 0.91576755 1.75237858 0.920420587
    0.996755898 1.62570429 1.4469521 1.44544935 1.26944733 1.57346952
    1.46356714 0.820617855 0.787413418 1.43030417 0.713284075 1.06609094
    0.716217995 0.961633742 1.02898681 1.24569249 1.01941764 1.55155075
    1.688761 1.39927745 1.05679834 0.943604648 1.57832754 0.995849729
    1.63907003 1.45010841 0.748016775 1.6358676 1.50024092 1.69599879
    0.985961139 1.87237895 1.62843466 1.81417048 0.862316608 0.802581549
    0.918659627 1.24303544 1.01655066 0.898463666 1.24481094 0.997709334
    1.47288644 0.779913187 1.28552914 1.37376571 0.715650082 0.945823729
    0.702802718 1.45323038 1.55290246 0.967895567 0.640401602 0.96038121
    0.913204849 0.764028728 1.19942915 1.63543296 0.991147459
    0.906439006 1.13783371 1.4865495 1.13193953 1.53283703 1.6017983
    1.34832907 0.981709242 1.4588083 0.991884232 1.7949959 1.55301964
    1.02312338 1.28126359 1.52241981 1.65757847 1.59757376 1.3021425
    0.796516001 1.4301666 1.60957921 1.46418118 0.878642082 0.657580078
    1.14883018 1.02123868 1.01698029 1.71663725 1.20093644 1.1291821
    1.14208055 1.75865221 1.5247153 1.47346604 0.880421519 0.768428802
    1.38098907 0.842505634 1.11481047 1.29524732 1.74842358 1.83881783
    1.84844887 1.84542799 1.56061614 1.77418375 1.10481143 1.40181363
    1.29140723 1.50009906 0.895685852 1.43936992 1.4329747 1.35329866
    1.47209227 1.18621075 1.80065501 1.70622444 1.47748327 1.64898729
    1.55268788 1.12293136 0.801673055 1.51195955 1.38058341 1.27171123
    0.991345882 1.74352968 1.02764606 1.11395824 1.5008837 1.68670499
    1.04584634 1.10508382 1.25784969 1.14866078 0.961784482 1.14896894
    1.41905284 1.35505998 0.965351939 1.40437365 1.69348216 1.63287354
    1.21747315 1.58934546 1.61825454 1.76848125 1.78762102 1.47943652
    0.944918513 1.59436285 1.38403022 1.78526855 0.932037234 1.78125215
    1.06981516 1.51772547 1.73593342 1.24003398 0.954310179 1.65203011
    1.65397143 1.59331298 1.15370679 1.0952884 1.6811403 1.50911331
    1.21140838 1.81399655 0.971553862 1.45178545 1.63277137 1.50772762
    1.66082454 1.29880953 1.51937902 1.6503644 1.15482175 1.54620266
    0.805180728 1.24352002 1.18797398 1.32655585 1.74764955 1.55079973
    1.66502154 1.66151297 1.22915971 1.06382906 0.759609222 0.934756517
    1.39288414 0.672473848 1.06944811 1.52072072 1.26544797 0.980977118
    1.24203968 1.40558815 1.66805732 1.40957308 1.67722559 1.35825932
    1.71885812 1.57921624 1.74010479 1.56456721 1.12811315 0.771230876
    1.13590741 0.772729516 0.702959716 0.725229263 0.999821007
    1.11785793 0.858183622 0.697490454 1.63669968 1.05864406 0.884944379
    1.32137799 0.890679657 0.805053592 1.38694084 1.60727513 1.00588596
    1.27754509 1.37713957 1.79045403 1.13907325 1.32651508 1.21382105
    0.997065365 1.53745949 1.44759059 1.03407526 0.544411182 1.44540823
    0.697734773 1.58812106 1.42522812 1.15568054 1.42277634 1.11823726
    1.3824327 1.09495616 1.39331841 1.39594805 0.967530072 1.56462717
    1.06721056 0.912791431 1.16990972 1.16876602 1.63629866 1.80451286
    1.65498149 1.68030751 1.28993964 1.56634438 0.909608006 0.852249444
    1.48634291 1.69789934 1.46509647 1.53122413 1.29894769 1.3102144
    1.60285771 0.95502317 0.758561015 0.96297282 1.47198224 1.40239131
    0.830002546 1.4317838 1.72847736 0.746933401 0.95973134 1.08251619
    0.854757249 1.2184242 0.756408453 0.972856939 1.70533407 0.984807134
    1.78001463 1.42495668 1.31530988 1.80779755 1.62761509 1.64317501
    0.849897206 1.070521 1.20261824 0.7173599 0.715719581 1.49753988
    0.646861613 0.720019877 1.21803701 1.50903094 0.989745975 1.25357366
    0.809495986 1.5014925 1.37686801 1.13388288 1.35046077 0.879088223
    0.790075183 1.06731558 0.873883426 1.27858508 1.31956482 0.781008184
    1.58795547 0.947991252 0.887671173 0.953915119 1.59468138
    0.870738745 1.38837087 1.29693079 0.990793943 1.77488971 1.47769535
    1.67791951 1.05379677 1.11295295 1.61874044 1.30303788 0.962860465
    0.995360374 1.25499094 0.959207177 0.873776436 1.22825205 0.80034548
    1.47373044 1.02671432 1.58428776 1.73069143 1.83496904 1.66633308
    1.25964701 1.62788534 1.60135329 0.875009894 0.994315326 1.64795542
    1.27704358 0.977033377 0.751764417 0.99557668 0.962094486 1.85553575
    1.73603344 1.87438655 1.48625565 0.987863362 1.29545414 1.10472715
    0.891153693 1.62500083 1.51417387 1.49488688 0.895889163 1.45007086
    1.76472378 1.76813734 1.32320464 1.83932209 1.5857929 1.46576071
    1.12623489 0.83711642 0.807631552 1.3097496 1.55562723 1.63173699
    1.22895467 1.41735697 0.856013954 1.44166315 1.39450133 1.56476617
    1.14623666 1.0179131 1.3835603 1.20718503 0.952351034 0.976737559
    1.01168156 1.73655117 1.67911971 1.2290163 1.26349902 1.74346614
    1.35716999 0.968283176 1.46946919 0.955060005 1.01200891 1.34207404
    1.54514968 0.827692628 1.55202949 1.49009812 1.75139058 1.86262941
    1.70461464 1.84917724 0.945709348 1.47747898 1.57815611 1.27086091
    1.0553335 1.67567384 1.4246155 1.12708676 0.938245475 1.55159485
    1.03685308 1.40493464 1.64399946 1.62585855 1.30783224 1.2118125
    1.46345615 1.57199669 1.26710069 0.857910097 1.43082309 1.67451048
    1.76687646 1.68782461 1.06837487 1.73209488 1.58416724 0.969041944
    1.84106147 0.919575512 1.06445706 1.11723518 1.65135324 1.22287548
    1.01510489 1.27671087 0.756607413 1.57666147 1.26736951 0.911978424
    1.72661138 1.10402513 1.42860353 1.0208354 1.24057198 0.924543977
    1.78118968 1.36984015 1.74908674 0.98213762 0.99052763 1.58993649
    1.35763824 1.0930326 0.879899204 1.35546649 0.720319748 1.24031091
    1.02919281 0.775753319 1.36844301 0.919670343 1.71474361 1.57687807
    1.47770226 1.13095665 1.20787883 0.824396133 1.40261185 1.70516205
    1.59709907 1.68455684 0.968116164 1.56154668 1.49784017 0.939276874
    0.885233104 0.87673974 0.539663196 1.37266171 0.875603318
    0.910870194 1.38931978 1.48972857 1.39893472 0.817489266 0.929295778
    0.898893416 1.70649612 1.0679307 1.33270621 1.41731036 1.61966038
    1.06238663 1.73647845 1.38763762 1.24563253 1.18716717 1.19149816
    1.41975844 1.70649254 1.20018017 1.09210789 1.74883723 1.72452843
    1.21026409 1.62371528 1.19842386 1.13968265 0.720640481 0.943138182
    1.21155322 0.934485972 0.910685301 0.995071232 0.835259736
    1.65901148 0.975195765 1.40633631 1.72512901 1.39452994 0.828784764
    1.72473693 1.64529455 1.46554005 1.04193389 1.23141098 1.14211464
    1.04637134 1.7098881 0.933251739 1.16072226 1.20053971 1.47543216
    0.906938791 1.72021735 0.951637626 1.4424324 0.758728683 0.589059234
    0.62834543 0.650364518 1.41823125 0.995372951 1.12166119 1.66194415
    1.63939166 0.748313546 1.48032439 0.70766902 1.24450862 0.797051251
    0.912973762 0.677514136 1.64221442 1.52478087 1.73962831 1.46843088
    1.23799658 1.14559293 0.963357568 1.0996083 1.0950712 1.24623215
    1.46795738 1.13955474 1.36934018 1.09307873 1.46165144 1.03760874
    1.54868865 1.55035019 1.13350356 1.78785932 1.34042323 1.80552888
    1.5816009 1.39177442 0.911214292 1.6005863 1.4599551 0.929720342
    1.00526917 1.30109692 1.74653947 1.65249085 1.34173512 1.15940487
    1.48745906 1.48810923 1.60096323 1.38142741 1.24422157 1.55854487
    1.15470552 1.18296444 0.858384848 1.13622737 1.36711121 1.4216398
    1.23832572 1.05488884 1.32419026 1.62433481 0.889605701 1.40965092
    1.65877819 1.18693483 0.834806442 1.34536648 1.20851076 1.28488636
    0.960661769 0.84374398 1.33607328 1.75665951 1.28849542 0.922949016
    0.839672804 1.68176293 1.61800396 1.56024384 1.09381235 1.33614671
    0.800964057 0.971121907 1.27320242 1.20728517 1.73182273 1.27163911
    1.54287589 1.09302723 1.73000205 1.7009536 0.737460613 1.17798078
    1.35552371 1.69546497 1.57925618 1.05713582 0.872860432 1.80316567
    1.78044069 1.15109193 1.45449364 0.824166417 1.25650454 0.937218308
    1.18424678 1.31525648 1.58484304 1.31134498 1.31184649 1.82523572
    0.934525549 1.72693825 1.3787818 1.57169425 1.78263116 1.55201161
    1.12729192 1.28017366 1.63692772 0.875888944 1.04364824 1.63285983
    1.2375499 1.43968546 1.16047657 0.84395355 1.57419217 0.81527853
    1.30228221 1.34739685 1.3746829 1.07894993 1.55491185 0.903120518
    1.5424633 1.29863775 1.78888619 1.61864305 1.59520602 1.69003236
    1.75021255 1.18898833 1.21777904 1.20600784 1.19938385 1.23598588
    1.1902355 0.849849761 1.31828129 0.873897672 0.976180196 1.29630959
    1.63516402 0.932667613 0.848192453 1.34016252 1.63593602 1.64603662
    1.24366355 1.00955081 1.65238726 1.62066329 1.66741586 1.49452388
    0.958034873 1.5482918 1.18047345 1.50520217 1.43339944 0.664945424
    0.886695087 1.59196639 1.55609107 1.75785124 1.80954504 0.932028472
    1.7009728 1.46369982 0.93792671 1.49532354 1.70825291 1.83606744
    1.73709464 1.74967527 1.02620351 1.22876179 0.91573292 1.28554451
    0.881577432 0.725742579 0.558775723 1.09369254 1.27474022 1.65742159
    0.876147032 1.31419921 1.57217658 1.09256935 1.06803322 1.14529872
    1.40768814 1.42448747 1.04952133 0.785800993 1.14804542 1.61840796
    1.79669952 1.79582691 1.79764605 1.13090861 1.36896646 1.12446344
    1.70008671 1.57307327 1.76335549 0.855128944 1.76511085 1.74377573
    1.25998354 0.887078226 1.31623983 1.00380349 1.32201743 1.47331798
    1.39708757 0.86931324 1.00216746 1.4756515 1.64614689 1.18674266
    0.979292095 1.68341768 1.06286168 0.862149477 0.908730745 1.17833614
    1.21357894 1.65991461 1.80129313 1.77972448 1.06802952 1.07310855
    1.81573176 1.76685929 0.943284452 1.35772419 1.48937392 1.79125071
    1.48676896 1.00345778 0.760486603 0.669006646 0.903110564 1.25414121
    1.66825128 1.19672358 0.956177652 1.68058169 0.756420612 0.898645759
    1.46421969 0.938795269 0.917277336 0.697226226 1.47274387
    0.885636747 1.15902901 1.15164828 0.970172644 1.78225124 0.846679389
    1.16174686 0.74973464 0.816556692 1.24849141 0.987765074 1.48553753
    1.04413366 1.43199122 1.0543828 1.35761356 1.78785169 1.46392345
    1.48664117 1.09506214 1.29869461 1.54130638 1.80591345 1.49022436
    0.76197964 0.853016317 1.10542166 1.29057527 0.67941004 0.757999003
    1.46939111 1.35510683 0.883799732 1.3488878 1.25127184 1.76371551
    1.82300174 1.74025357 1.38785088 1.69136441 1.52955055 1.61941373
    0.826628625 1.53931379 1.03768861 1.60631335 1.10524797 1.3528477
    1.20160043 1.3121618 1.78014648 1.64759099 1.59395945 0.957822204
    0.817861438 0.882975221 1.4835279 0.972448647 1.64091408 1.24958253
    1.0411818 1.11285245 1.46802247 1.47050261 1.20900917 1.10015678
    1.19252348 1.01628304 1.12794113 1.23547959 1.53532517 1.29654467
    0.968805254 1.26197219 0.971890032 1.23956525 1.59710813 1.51080775
    1.47724891 1.455989 1.37584186 0.728864193 1.5206815 0.777461648
    1.57805276 0.875783622 1.12250686 1.70357299 1.54676735 1.44532239
    1.46245182 0.879345596 0.796480596 0.866990745 1.67637217 1.24354255
    0.869804025 1.07689524 1.40970874 0.983714223 0.944570541 1.68573987
    1.43906784 0.90668124 1.6610347 1.55575573 1.4450562 1.63886917
    1.1553359 1.50766432 1.24490929 1.18104339 1.1584388 1.56709862
    0.977847934 1.57207251 1.51018143 0.997284353 0.924630761 1.57625997
    1.4316746 1.65777898 1.54827845 0.836013556 0.78541553 1.10981858
    0.885864735 1.27855706 1.19568622 1.49275112 1.68976474 1.56224072
    1.7704072 0.84039098 1.18015349 1.74175262 1.27991819 1.20320296
    1.15543795 1.56218028 1.67793846 1.21129215 1.05016637 1.57220793
    1.56757796 0.844795108 1.34597576 1.28513157 0.957771182 1.16829741
    1.66825461 1.35267901 1.32087767 1.15969157 1.54618335 1.2802304
    1.25702405 0.881552041 1.1186558 1.49080038 1.14997876 1.59209311
    1.03507566 1.38040841 1.58066463 1.3428911 1.36660516 0.982316434
    1.54998314 1.76606035 1.10698152 1.18109238 1.17223573 1.79924452
    1.63199234 1.80795038 1.17711651 1.58273757 1.28099239 1.13580608
    0.663723171 0.661053896 0.952543259 0.87297827 0.961820066
    1.07010412 0.866014302 1.25044024 0.984951973 1.53580976 1.48265064
    1.19292378 0.935650885 1.46083272 1.2402209 1.20150971 0.991455913
    0.805563629 1.697209 1.28857064 1.64079833 1.54026568 0.981776297
    1.2761246 1.73082066 1.09405458 0.872702599 1.73747289 0.864720941
    0.939027965 1.13535726 0.821475506 1.60357261 0.832213759
    0.886753261 1.62520242 0.79830724 1.15602589 1.23500443 1.62120354
    1.06347799 0.890408397 0.886330843 1.38753331 1.6431725 1.20002329
    1.63093328 1.83033001 1.25149405 1.57243013 1.77039802 1.43225694
    1.48645711 0.930546105 1.27463317 1.75803995 1.39031339 1.04899871
    1.78197706 1.04247284 0.855105639 1.56260633 1.63535917 0.910449147
    1.45785022 0.763117969 1.4693625 0.924724698 1.23850787 1.31634533
    1.06633139 0.937231541 1.10546446 0.926389754 1.45371699 0.713540852
    1.64457881 0.977959752 1.13612521 1.44006085 1.44804025 1.36443746
    1.44050479 0.922854424 1.35346472 1.38496685 1.75501966 1.20009828
    1.36865592 1.7787025 0.853509188 0.980252087 1.15845942 1.6176542
    1.56309736 1.49538922 0.965083957 1.12378132 1.39657807 1.5293417
    1.14884043 1.28604198 1.05856252 0.971053421 0.701857686 1.39836562
    1.65901935 1.03576303 1.72423458 1.55254233 1.31880951 1.44990885
    1.40434003 1.77323699 1.76530707 1.71377349 1.50713456 1.80069447
    1.47848487 1.15309477 0.867379487 1.52695549 1.40459931 1.41241527
    1.50154889 1.81744158 1.75007749 1.65774155 1.77893746 1.10663056
    1.2560389 0.869763136 1.4088937 1.12681174 1.20319331 1.20975208
    1.68375063 1.4416548 1.71286654 1.25348806 1.64565444 0.992424726
    1.59603298 1.49907136 1.37055492 0.826261282 1.04769897 1.45544672
    1.58648992 1.730088 1.51688814 1.20235062 0.932337224 1.64256716
    1.18877351 1.72417903 0.916007102 1.47502422 0.784362197 1.50589335
    1.1635021 1.689996 1.04734683 1.53040171 1.82584834 1.3364408
    1.68771565 0.93220073 0.955826819 0.981550932 1.44570982 1.45934319
    1.72330582 1.49743283 1.34603167 1.06931424 1.68107271 0.881426752
    1.13387322 1.52609324 1.85474038 1.24860787 1.20023572 1.50773966
    1.625067 1.27794623 1.24481487 1.17002702 0.98859483 1.04958093
    1.35970366 1.76438236 0.874290943 1.37602723 1.40349352 0.813734591
    1.58969021 0.809385061 1.67406356 1.02466428 0.900534332 1.54891467
    1.10388458 1.48243284 1.28517401 1.75836587 1.47537327 1.87043738
    1.65581107 1.8211838 1.60085583 1.04769135 1.14685035 1.62143803
    1.70437932 0.867434859 1.12686765 1.59361017 1.32054043 1.59363365
    1.37735009 1.58364069 0.880797863 0.839054465 1.79382563 1.85914254
    1.57024729 1.58495414 1.58891177 1.600366 1.5606643 0.85466224
    1.3466332 0.816420794 0.945578456 1.201092 0.662583053 1.26380658
    1.58805096 1.07805204 0.806679785 1.79681456 1.16380072 1.09759712
    1.61985028 1.63533425 0.883203685 1.43420386 1.47331786 0.859117746
    1.39955974 1.3121289 1.792732 1.54314935 1.23483717 1.03168774
    0.57971859 0.803489387 1.18625975 1.05677068 1.4567728 1.24585664
    1.03619182 0.911425829 1.15544403 0.841890216 1.05550289 1.76424861
    1.33845925 0.805284858 1.50114357 1.29915273 1.70106769 1.02261782
    1.4876312 0.94222796 1.73412561 1.19194114 0.939154208 0.821968913
    0.804785073 1.27924871 1.09226906 1.69569564 1.06637228 1.09810102
    0.875742614 1.32736588 0.708941519 0.980439961 1.5830617 1.22029531
    1.37320614 1.74351585 1.53275013 1.18968582 1.5313735 1.13995457
    0.969062686 1.23378086 0.907481432 1.25942349 1.38801706 1.06219959
    1.4332639 0.951786578 1.48977244 1.14018834 1.69947934 1.23221254
    1.70049036 0.811389387 1.55638027 1.41575611 1.73111379 1.30526531
    1.71296358 1.0593009 1.01177824 1.02287686 1.45461285 1.3781482
    1.22762334 1.71541083 1.60674512 1.2650547 1.57040322 1.30582905
    1.53418863 0.890483916 1.37729084 1.54093218 1.63807154 0.794501305
    1.7723496 1.05898321 1.44219601 1.5585779 1.18349373 1.52833319
    0.999708474 0.771681249 0.979141831 1.68382144 1.57172012 1.34154081
    1.09738386 1.13852561 1.33780622 1.51459384 0.905257523 1.18217504
    1.69914937 1.15372992 1.14571857 1.50773168 1.49987686 1.02718234
    1.00030148 0.816903651 1.28753519 1.68650329 1.72716963 1.24120224
    1.10405064 1.14265001 1.11492252 1.24321795 1.03652382 1.92826414
    1.73187196 1.61024296 1.32296872 1.63639355 1.52893376 0.867882431
    1.43662345 0.798505306 0.964388192 1.20449483 0.893917382 1.72816765
    1.3095479 1.50606024 1.1736027 1.19018722 1.17731237 1.06530678
    1.50681996 0.6982072 1.21886468 0.944145799 1.66609156 1.53844643
    0.968518317 1.31449509 1.07664001 1.17940664 0.904090583 1.61376083
    1.75351775 1.72992992 0.979128122 1.35457277 1.31820631 1.55539358
    1.46141648 1.60793114 1.34712815 1.70598066 1.47539854 1.02778041
    1.32872498 0.768907547 1.17195487 0.82123363 1.29148638 1.33941483
    0.847442985 1.15049779 1.14896107 1.62566221 0.84277606 0.961108804
    0.81346494 0.873092115 1.16404736 1.62089586 0.80818218 1.65809238
    1.52962291 1.11125374 1.22450018 1.26156807 1.03131914 1.46117902
    1.27694654 1.86370659 1.41030121 1.76404893 1.76967227 1.14238012
    1.1958518 0.937725127 0.95504123 1.66094148 1.77925313 1.75708747
    1.2375747 1.6393683 0.773070455 0.872130275 1.38366079 0.946118236
    1.57951999 1.0470742 1.29444718 1.61797738 1.62965131 1.30162585
    1.61871827 1.54990292 1.13130927 1.03448975 1.14679325 1.71718872
    1.19629455 1.12305892 1.01590562 1.05635476 1.2434659 1.29978728
    1.05015326 0.99091804 1.75619972 1.70508611 0.920974374 1.2013644
    1.24569583 1.46181417 1.70565569 1.18718791 1.36329377 1.20418894
    0.821283996 1.28017247 0.771466017 0.834580123 0.985251307
    0.709793866 1.11122108 0.98902154 0.725357473 0.776864588 1.01501322
    1.18908429 1.1800586 1.19971323 1.48705065 1.07961941 1.44586825
    1.82006085 1.06441545 1.69691753 1.8026197 0.856560886 1.69364214
    1.12224078 0.835911393 1.46184099 1.65555394 1.06417358 1.15358794
    0.48363328 0.820523143 1.39739203 1.13455117 1.36598313 1.10595071
    0.872994304 0.93851918 1.06362724 1.64603007 1.59190059 1.02170455
    1.48000288 1.02536964 0.98901844 1.20730281 0.994492829 1.07935905
    1.78703022 0.855706453 1.53048253 1.65608644 1.4423002 1.64042819
    1.62754309 0.900045455 1.62015796 1.3308686 0.830774963 1.38537991
    1.23136103 1.30536294 1.47737384 1.07721984 0.970894039 0.86556083
    1.72141993 1.04162765 1.52331102 1.35637462 0.904931784 0.842316747
    1.27110398 1.2144022 1.33012772 1.40913856 1.39693952 1.65393853
    1.254668 1.19717038 1.53965521 1.62320173 0.995653927 1.21151459
    1.33180654 1.09489357 0.892006934 1.58070874 1.13440752 1.00674093
    0.892909229 1.35729647 1.58682406 1.38131034 1.08270013 1.52430999
    0.799683094 1.05640244 0.931837976 1.1709888 1.70481503 1.15658081
    0.896284699 1.32515883 0.87807411 0.916277289 1.44560707 0.990552187
    1.38687122 1.62055707 1.36278915 1.64332747 1.69395745 1.39866817
    1.38749695 1.1792202 1.29092145 1.26784706 1.49627876 1.19780982
    1.11507177 0.942790866 0.999769568 1.29610682 1.68375766 1.43108165
    1.78592587 0.990829229 1.54207242 1.69802845 1.71335948 1.48712385
    0.832556129 1.43834519 1.10188842 1.40538859 0.876807094 1.4684068
    1.66434264 1.47859061 1.05006826 1.3028326 1.6156863 1.60869706
    1.58411276 1.73891127 1.47810185 1.23909867 0.791702747 1.15891862
    1.00830626 1.52327216 1.34818077 1.01403141 1.53701186 1.57828951
    1.69411278 1.6154561 1.16392851 0.946715176 0.708774924 1.24669886
    1.05387402 0.799711883 0.845910132 0.788541615 1.02657783 1.4931488
    1.18852985 1.53294432 1.17165351 1.01389027 0.843187809 1.17769432
    1.2305547 0.997508764 1.11793339 1.38016427 0.805036724 1.72861922
    0.796001911 0.779159129 0.768266141 1.17910361 1.01455295
    0.976338148 0.715322971 1.45902133 1.09861708 1.14870095 1.40913749
    0.950259686 1.40928936 1.06720889 1.71320677 1.46240091 0.677800655
    0.879339576 1.40075779 0.711808383 1.70827794 1.1217494 1.49866939
    1.07452846 1.33906555 0.799667597 0.691731811 0.804666996
    0.905958474 1.23696232 1.75465333 0.95415628 1.68949461 1.40412462
    1.70813966 0.998228312 1.20238376 1.60526514 0.839813232 1.55897987
    0.969736874 1.23322749 1.69000745 0.937315464 0.91454196 1.10297906
    0.936065018 1.32262647 0.91578114 0.995052993 1.64821601 1.11192954
    1.29553676 0.850412846 0.835290313 0.873573065 1.62102103 1.20758164
    1.69347239 1.54649067 0.828395009 1.34821737 1.24963331 1.59080303
    1.34698367 1.24631822 1.116382 1.48536015 1.17602718 1.84440899
    1.86053455 1.59621322 1.7093159 1.86765027 1.61852407 1.65029371
    1.74636066 0.848577023 1.51111364 0.842250049 0.905273378 1.59105015
    0.70584929 0.665727198 0.918377221 0.89170742 1.18497992 1.24894667
    1.33243251 0.885577142 0.973566413 1.62697637 0.926236868 1.29257286
    1.69340599 1.15542471 1.0572207 1.09267545 1.72599554 0.975735188
    1.68028653 0.966873944 0.809535861 1.31092083 1.24150836 0.753358126
    1.39951003 0.66845578 1.38534689 1.48704433 1.67466712 1.5624913
    0.775016844 1.09222591 1.51624382 1.3600893 1.75640905 1.42553794
    1.22721481 1.32520676 1.68287563 1.09472942 0.765062392 1.48368824
    1.74448287 1.51068151 1.68117297 1.16034377 0.848613322 1.06780481
    1.69582629 1.53181577 0.840961635 1.51819205 1.36602485 0.831088483
    0.763815105 0.798558354 0.834299326 1.66593874 1.20159841
    0.817751229 1.56917679 1.84678078 1.7998414 1.14150238 1.43772674
    1.17888284 1.71962345 1.72006965 0.907434344 0.923377275 1.84568167
    1.82776594 1.59909606 1.36171877 1.53707695 1.29834211 1.37432039
    1.21148074 1.70414495 0.84581542 1.14560807 1.53670144 1.53007364
    1.50923181 0.980358005 1.27896142 1.64801097 1.41335952 0.921589673
    0.806571841 1.63558674 1.4134202 1.22213697 1.15810454 1.59202659
    1.61926246 1.14546502 0.703326702 1.2610898 1.40764678 0.734875619
    1.35619938 1.43270195 0.905191898 1.72311962 1.29744864 1.22268188
    0.990371585 0.942584932 1.10726058 0.8664518 1.5736289 0.784076691
    1.19375229 1.62835038 0.863678753 0.91209358 0.840803146 1.23300815
    1.64404976 1.7818917 1.30700386 1.29556346 1.51244009 1.54829001
    1.26346505 0.921094239 1.68808591 1.27250051 1.69547069 0.969353676
    0.785359502 1.28462505 1.28070629 1.40720034 1.62812614 1.82433772
    1.05017626 1.73301649 1.34735703 1.50756073 1.55596602 1.78475928
    1.27355707 1.08891833 1.56855047 0.761134088 1.57926476 1.62293923
    1.49187994 0.919444025 1.06813705 1.05893981 0.753548265 1.26421297
    1.30474544 1.46479499 1.02997816 0.71809113 0.981289029 1.14055204
    1.57518494 1.38273633 0.857558846 1.45384204 0.932558298 0.860819519
    1.46926785 1.21387684 1.51211417 0.821483433 1.77682328 0.935264885
    0.93518436 1.10751379 1.46446097 0.772120118 0.804488182 0.704694211
    0.756001115 0.845748901 1.65625739 1.16189516 1.58167303 1.62286901
    1.23821986 1.52831066 1.18395865 1.16069925 1.4264065 0.723485351
    0.907654464 1.07237411 0.797419012 1.00122941 0.976690531 1.48043704
    1.32192349 1.04473031 1.37394142 1.28747416 0.699191988 0.727024496
    1.61604059 1.43924654 1.72909915 0.842701554 1.67278039 1.62213767
    1.78035653 1.64328277 1.47117543 1.31008029 1.39904547 1.61780334
    0.724527538 1.20707822 0.756046832 1.17739999 0.926433444 0.8822245
    1.67699194 0.859119177 1.56232381 1.6727078 0.986227512 1.40935326
    1.70555294 1.36023474 1.28661096 1.7158277 0.986369908 0.945363104
    0.886335969 1.77448428 1.12135816 1.47590101 1.42648864 1.03551567
    1.71055353 1.7450459 1.52040005 1.46794116 1.76400089 1.72080028
    1.87600195 1.48169565 1.07923841 1.65091825 1.70910883 1.06142437
    1.03307331 1.55675232 0.944506466 1.62729812 1.41705573 1.52152109
    0.841497242 1.31144595 1.41950583 1.41050017 1.3011961 1.03404987
    0.86415261 1.64185894 1.37102938 1.78331017 1.43648028 1.81866074
    1.72935104 1.65670955 0.784967184 1.02318501 1.38614094 1.56436908
    0.956640422 1.53952098 1.13888192 1.53097296 1.17384481 1.33060706
    1.07588947 1.09630966 1.10716331 1.02773237 1.67221773 1.14495778
    1.5812453 1.14457941 1.66759372 1.35819459 1.66761851 0.954784691
    0.704495311 1.33087039 0.763807356 0.888927341 1.22624636 1.65598416
    1.77340484 0.872421443 0.73080337 1.21710896 1.16883767 1.44443846
    1.35787463 1.36371493 0.978730857 0.947691619 0.896432519 1.33749938
    0.827234328 1.14897192 1.01996768 1.56478238 1.53260279 1.11544132
    1.15121233 1.84418178 1.77614152 1.15058398 0.994691551 0.797386467
    0.881898642 1.4417572 1.2895155 1.81595814 1.70070422 1.06462073
    0.963207126 1.53142655 1.17427707 0.939244807 0.698325157 1.13585389
    0.964785933 1.47746623 1.23323143 1.50024235 1.53293407 1.19992137
    1.62949228 1.46234226 0.975569248 1.42995071 1.35586929 1.21164095
    1.18962848 1.55580091 1.39029181 1.43201721 1.11586189 1.0927453
    1.34617877 1.01963937 0.79896462 1.4932121 1.61767673 1.38234782
    1.51769722 1.06287265 1.07142282 1.08716965 1.12579358 0.845598161
    1.47425592 1.26448643 0.94723165 1.41129947 1.2623415 1.19479644
    1.30426931 0.821866274 1.37133825 1.35071886 1.11197484 1.03995538
    1.73007643 1.49342895 1.12541986 1.63711441 1.69760859 1.45618856
    0.907611549 1.20756483 1.05982745 1.11538386 1.64402783 1.07580602
    0.75668627 0.893909752 1.17880368 0.920584738 1.4015317 1.7938956
    0.991552591 1.47310352 1.69072735 1.57257593 0.764737129 1.18009555
    1.42836249 1.25745714 0.75802356 1.55605817 1.23371768 1.53555751
    0.937682092 0.733351469 0.744128883 1.72456038 1.08155334 1.23336673
    0.984481275 0.766494393 1.39287794 1.11664879 0.752592385 1.32495773
    1.08662295 1.61668658 1.33556414 1.60400951 1.27114964 0.79846406
    1.21556866 1.3802402 1.52113199 1.30965054 1.14556289 0.742312312
    0.996214151 1.30859828 0.906419098 0.920224607 1.38182747 1.6714555
    0.782429218 1.52297425 1.57787812 1.24517751 1.28632247 1.66537523
    1.15380144 0.89141202 0.833602488 0.798316956 1.16480303 1.49651515
    1.24470329 1.44558907 1.75221777 1.46755672 0.862299979 0.824357212
    1.43750012 0.906695843 0.845979929 0.974349797 1.14527678 1.47257066
    0.957479358 1.51844764 1.26587951 0.890677452 1.3761574 1.22252083
    1.00685465 0.778225064 1.021577 0.893656969 0.994205534 1.51706493
    1.46256042 0.958965719 1.73881984 1.15511096 1.66926563 1.85661387
    1.68634999 1.06721199 1.44125092 1.54138708 1.57680106 1.67835832
    1.46276474 1.19972372 0.998723149 1.68940616 0.819717944 1.71097791
    1.56831169 1.66491258 1.59270835 1.1619314 1.42432666 1.33197594
    0.946389794 1.51929939 1.31180155 1.82648814 0.898003995 1.13202918
    1.32955647 1.18150914 1.77369189 1.06396508 1.41175103 1.35218918
    1.65241528 1.0677048 1.26777685 0.820842803 0.771453023 0.802571952
    1.5586257 1.45595992 0.991438746 1.48548889 1.39957464 1.23424709
    1.71306157 0.825590253 1.54234803 1.14667201 0.924931228 1.37464654
    0.831481874 1.71950364 1.31192458 1.1074208 1.49091816 1.28095543
    1.01230431 1.173913 1.52593458 1.05414605 0.508386016 0.633166969
    0.843697548 1.34851503 1.44894314 0.996078312 1.36712873 0.911553979
    1.06580186 1.33407092 1.01969194 1.26339161 1.04611146 0.713760138
    1.38871944 0.899746478 1.30318487 0.988414943 1.09932351 1.16865218
    1.13851917 1.15405285 0.858931959 1.40615141 1.27817595 0.798692703
    1.24601555 1.44342804 1.61432076 1.56853616 0.753355861 0.898026526
    1.1339047 1.41212356 1.60475838 1.10929239 1.83285165 1.57154942
    0.917641282 1.05777168 1.0997752 1.60658872 1.11056197 0.92610395
    1.37134099 1.34789073 1.64610231 1.23997998 1.56161344 1.55180168
    1.24386954 0.911521435 1.26577568 1.21954584 1.03866541 0.781548977
    1.20266116 1.13272107 1.62044847 1.42464149 1.71906185 1.79087937
    1.733881 1.58754504 0.839424312 1.66599655 1.51170456 1.00079703
    1.30589139 1.07927263 1.01705837 1.53584588 1.19650018 1.10602951
    0.673440397 0.698831737 0.78420949 1.55292523 1.30483615 0.935582638
    0.983283162 0.898788929 0.940315485 0.8390764 0.714999497 1.66651726
    1.52581298 1.66874838 0.932339668 0.775271416 1.23227477 1.21957612
    0.867571115 0.992273986 1.45135629 0.90002346 0.880401671
    0.813833237 1.37658322 0.940504849 1.86097467 1.88271058 1.32368505
    1.7949183 1.32088494 1.11917877 1.48963487 1.4051193 1.26425242
    1.03316593 1.66367304 1.39911711 1.10986054 0.779170632 1.12846148
    1.14459479 1.10334659 1.75266266 1.40524745 0.886535287 0.933341503
    0.806459367 1.19347644 1.44370615 1.09129333 1.25557017 1.36498737
    1.53542733 1.48386455 1.31865215 1.63940859 1.63947439 1.74079418
    1.14659357 1.21765459 1.30856395 0.977677941 1.38240695 1.60847127
    1.5187602 0.779144347 1.24325001 0.822036922 0.953153908 1.4984802
    1.45103467 1.45782924 1.47522008 1.11695457 1.70409667 0.823113799
    1.42057419 0.753919601 1.39871144 1.69665301 0.75975275 1.57952034
    1.36576271 1.24487674 1.34771192 1.67147434 0.821906984 1.44625974
    1.12708104 1.12481332 1.60764599 1.24186742 1.77591038 1.8083744
    1.55726039 1.39378607 1.39693427 1.62693477 1.22232103 1.23276019
    1.42326498 1.16388285 1.45088625 1.64469802 0.844198763 1.09790564
    1.35873818 1.17901969 1.48031366 0.930410743 1.30700564 0.824429929
    1.10971272 0.800661922 0.982737482 0.733145475 1.52636564 1.02792621
    1.64098561 1.55973554 0.927511215 1.37177885 1.77728307 1.23999393
    1.86094058 1.72136569 1.54758239 1.56045461 1.27241039 1.77922702
    1.06617844 1.266536 1.46489596 1.16161752 1.43725324 1.53897524
    1.35516346 1.37577224 1.28796721 1.27888155 0.950417817 1.16030538
    1.72055852 1.63264871 1.43342507 1.29215395 1.13449299 0.820966423
    1.03141236 1.4412154 1.47701705 1.04529178 1.09539235 1.11556149
    1.46476674 1.11529195 0.800053775 0.889636695 1.24326336 0.747441053
    0.875135243 1.37024844 1.71440709 0.869448006 1.04308403 1.0483712
    0.776909649 1.04487467 1.02943122 1.54957461 1.62187183 1.01349998
    1.05090797 0.763461769 0.999975622 1.41552794 1.75778818 1.77870965
    1.03430939 1.37992656 0.581531107 0.841205239 0.819284618 1.56792808
    1.4440515 1.27258468 1.19329357 1.76411498 1.63648021 1.19471407
    1.71812391 0.964429557 1.44280744 0.976842225 1.5280472 0.927630723
    1.67718351 1.72411847 1.67433834 1.58458793 1.34762871 0.816820025
    1.127244 0.863012731 1.02284336 1.1733793 1.55236256 1.57584143
    1.24452353 1.39139271 1.65458405 1.31825995 1.52732253 0.952431619
    0.965889454 1.16934454 1.25835967 1.62465203 1.755651 1.59103525
    1.64608181 1.80487335 1.60867167 1.15978241 1.31291473 1.37944758
    1.1046201 0.951721013 1.16333854 1.47824931 1.15199208 0.721404374
    0.992152035 1.21648872 0.693294525 0.92556107 1.72420478 0.806846738
    1.05330002 1.46740985 1.58944821 1.89637399 1.20810211 1.57788718
    1.3322438 1.23139071 0.92002213 1.71875453 1.41488779 1.66257262
    0.787940264 0.806269228 1.04123354 1.15967 1.04308701 1.38954163
    1.0983181 0.973954618 0.885326326 0.961214781 1.56137431 1.61561406
    1.66503775 1.65614271 0.955087543 1.10731709 0.774017334 1.33545303
    0.940699399 1.25760639 1.01259422 0.805769324 1.18918252 1.29333222
    1.2601645 1.21527803 1.67899978 1.19956267 1.74345756 1.80014944
    1.69991052 1.76424801 1.86802983 1.0721643 1.75032282 1.47719014
    1.73740423 1.02792907 1.47167015 0.827286065 1.37950051 1.65604842
    1.1323688 0.949314177 1.44420779 0.78583914 1.08684039 0.738811016
    1.71278882 0.771045923 0.805000305 1.55138946 1.04684246 1.4096235
    0.836694419 1.06091595 0.925482333 1.72570407 1.64004731 1.4018631
    1.20380092 0.878764629 0.945257902 1.17932212 0.821084082 1.54206359
    1.32144427 1.59246254 1.47407293 0.902144253 1.65361118 1.45444739
    1.69374025 1.43127358 1.08816636 0.786221087 1.58990037 1.83621311
    1.65102994 1.15258574 1.54878557 1.07800496 1.37121964 1.03460407
    1.07505119 1.54498589 1.14780772 1.47602367 0.896238089 1.40400958
    0.930931449 0.948558033 1.33269858 1.12339842 1.70360887 1.71887803
    1.07392538 1.03151381 1.2507894 1.20886314 1.84742796 1.69519579
    1.14499342 1.82814062 1.79482436 1.45443881 1.34557641 0.823647022
    0.708091319 0.824125886 0.888673961 0.812252283 1.15475941
    1.59332156 0.980184436 1.66887903 1.68305039 1.26828241 1.54917967
    1.17314148 0.703718305 1.39007223 1.01155412 0.820957124 1.03512955
    1.21777749 1.22652602 1.72301173 1.62031817 1.66395676 1.7184304
    1.45745277 1.23837066 1.53462076 1.58386576 0.788641274 0.811775625
    1.16924214 1.38827717 1.19767213 1.29532325 1.4485445 0.824157119
    1.17299616 1.61370206 0.851707637 0.851785541 0.767651737 1.03300786
    1.11770952 0.922088444 1.6507746 1.47753978 1.0302521 1.20343649
    1.30138135 1.42828774 1.0216707 1.47219312 1.26816118 1.7184236
    1.23843193 1.28664422 1.57941735 1.64957309 1.54267108 1.49461222
    0.770222306 1.17457306 0.980891228 0.80854547 1.57465422 0.938059866
    0.991630673 0.983270764 1.26465535 1.4493233 0.908201754 0.796807408
    0.937508643 1.50419128 1.08265984 1.33650434 1.18372512 1.08190382
    0.949930727 0.682433248 1.40402377 1.14249122 1.51902354 1.64900029
    1.83165956 1.12745202 0.895356834 1.06105459 1.77357841 0.85537535
    0.795223534 0.979655087 1.05455697 0.729042113 1.05480134 1.56927192
    1.43654799 1.01960695 1.23144007 1.22499549 0.920224905 1.62793422
    1.35635257 1.10397899 0.782887876 1.61388636 0.809046447 1.63695741
    1.21680069 1.13057053 1.05887282 1.40441859 1.57930565 0.904016316
    1.72144175 0.889876246 0.999973893 1.43226087 1.74269259 1.21148074
    1.21322191 1.29404604 1.7274965 0.769893527 1.12868023 1.06774998
    1.01914322 0.964184344 1.07650256 1.63013041 1.67032516 0.801519394
    1.06596172 1.20686007 0.906095982 1.16424119 1.4399792 1.77072251
    1.78278625 1.19734108 1.66336739 1.12137628 1.72414458 1.56053829
    1.09556448 1.41836286 0.989121139 1.59475696 1.51694071 1.28853178
    1.57468545 1.40706289 1.18452334 0.747284412 1.64599669 0.980362475
    0.88351506 1.10259056 0.720398366 1.03958607 0.808298171 1.40222228
    1.07208872 1.51861691 1.71007574 0.777444661 1.21069419 1.08616042
    1.27857018 1.66737711 0.846936226 0.982408226 1.02391219 1.09261978
    1.08840084 1.08533347 0.817524016 1.1984092 0.986670256 1.57187843
    1.87889075 1.87089944 1.17546308 1.1939708 1.08566284 1.58931899
    1.31315231 0.888184547 1.37754226 1.79268956 1.70253801 1.2248112
    1.48564124 0.856751382 0.836326361 1.65815604 0.838585973 1.22548771
    1.62708795 1.17135429 0.942865312 1.28747451 1.59727645 0.756645501
    1.06537306 1.21210802 1.30359674 0.846576869 1.35370886 1.63553214
    1.36841166 1.40595829 1.75366807 1.5540601 1.37654054 0.817725241
    0.762074828 0.843292654 1.37434852 1.03963208 1.03012645 1.46884394
    1.09735966 1.68588388 0.819139004 0.883463204 1.47090077 1.83521807
    1.3422035 0.861797512 1.590083 0.978186846 1.73979056 1.66005719
    1.15740132 1.39155591 1.09948969 1.633991 0.900022149 1.30000055
    0.800812721 1.39771533 0.822289109 1.40834379 0.998161733 1.44086981
    1.21265233 1.11764574 0.99730587 1.41033506 1.71054256 1.45661068
    1.23804462 1.13807046 0.783934414 1.39823973 0.779998243 1.29708946
    1.4347682 0.786283135 1.0006938 1.10075772 0.766257644 0.746464133
    1.47241819 1.31642389 0.743610501 0.906513155 1.23021936 1.12388027
    1.00710642 0.704218149 0.765630484 0.817252398 1.65890419 1.58610201
    1.61108625 1.31766355 1.87478805 1.20481539 1.15076625 1.48098576
    1.37670374 0.944552779 1.4425416 0.716012001 1.37332308 1.30118847
    1.05507302 1.35531533 1.78635538 1.20200002 0.999738038 0.903951049
    1.66337991 1.68443787 1.55920255 1.51844811 0.81311202 0.948133528
    1.41454947 0.917785168 1.07362306 1.33546042 0.727371097 0.997995138
    0.935601592 0.791870475 0.843927503 1.4349376 1.00300884 1.01362252
    1.6696434 1.0449512 1.07198012 1.14893341 1.27056944 1.06630826
    0.699916244 1.25921977 1.28963745 1.60795712 0.932014108 1.49809515
    1.52962577 1.61600482 1.67298722 1.18663025 0.708462119 1.01218867
    1.45919466 1.72172248 1.28359377 1.61895919 0.757143378 0.661591053
    0.625953138 1.03416955 1.15153039 1.26143289 0.96830225 1.5551728
    1.71835792 1.32531941 1.73436081 1.72598696 0.860285044 1.41932642
    1.20711124 0.84744978 1.57707572 1.72291815 1.18943048 1.75206065
    1.07405591 1.00143468 0.996529818 1.5459789 1.10092473 1.54609156
    1.45746076 1.20429409 1.23403382 1.59108496 1.14661705 1.15458262
    1.22552681 0.941754639 1.55641055 0.850881398 0.97445035 1.27760792
    1.10145068 1.03169513 1.68428648 1.66282701 1.46436882 0.924461007
    1.03971744 1.49476731 1.20068467 1.21720374 1.01922321 1.33887994
    0.708999634 0.850069761 0.897753358 1.10762787 1.29186738 1.53608286
    1.02579439 1.56761312 1.45131803 1.39701724 0.850067496 1.73592889
    1.43981814 1.03774822 0.810278952 0.81611079 1.29366398 1.34284735
    1.36781168 1.22344804 0.830137372 1.66323185 0.938388824 1.04238117
    0.737284243 1.31481099 0.955331445 1.29178977 1.37840271 0.902001739
    0.858203232 1.58584356 1.12831032 1.59642053 1.77258372 1.31060767
    1.16891503 1.35806525 1.64020574 0.771005571 1.20876253 1.50960541
    1.2374047 1.67010462 0.971192002 1.46804166 1.34332132 1.18276739
    1.19941103 0.918205738 1.55175662 0.898572981 1.27676225 1.69921505
    0.863003016 0.816345274 1.24154401 0.823269486 1.2603184 1.35205126
    1.4151957 1.67235005 1.53286254 1.58644438 1.28665376 1.06245887
    1.72420526 1.61724353 0.973838449 1.20865095 0.803682446 1.43277383
    0.922560453 1.40889001 0.698394179 1.2784456 1.02329397 1.09540427
    1.6203053 1.23823547 1.52488542 1.69632363 1.72910452 1.34137213
    1.25351107 1.74504578 1.5583173 1.23466706 1.1566155 1.39733064
    1.7871362 1.17569542 1.59556389 1.35924673 0.94187361 0.943177462
    1.76126635 1.40748715 1.10649133 1.63256049 1.73658979 1.19567168
    1.32229054 0.986489236 1.50342834 1.01910555 0.867331028 1.5192802
    0.939970374 1.61771822 1.5050602 1.68803692 0.992888272 1.58225465
    1.04045689 1.40750861 1.19174719 1.52600777 0.812144697 1.28001344
    1.61921668 1.6453228 1.31162858 0.856738508 1.44280744 0.789285243
    1.76820409 1.45535791 1.23826265 1.56619906 0.737146795 0.940178275
    1.04030895 0.84066391 0.895260274 0.771603823 1.26813054 1.22751296
    1.29427242 1.56167507 0.755037189 0.80965662 1.19394815 1.56571174
    1.18330038 1.07881343 1.07639647 1.72512913 1.52049875 1.89028502
    1.24294782 1.7662679 1.13084102 1.55507779 0.908862472 1.53896427
    0.997636914 1.43791854 1.34076536 1.49481511 1.55115592 1.22204268
    1.59974408 1.63845074 1.08429849 1.01671827 1.46919024 1.4498595
    1.41055 1.62122786 1.35370409 1.61867917 1.36405945 0.991771579
    1.11701739 0.730103433 1.42807364 0.739209354 1.51368237 1.31361079
    1.61506009 0.78508383 0.849942923 0.85159111 1.26437521 1.62325335
    1.341941 1.62813473 0.806664705 1.43852806 1.10947645 0.863262951
    0.768569529 1.15223014 1.64295805 1.06188989 1.51766372 1.63377535
    0.736202538 1.54527164 0.951542735 1.36662281 1.22719288 0.855003119
    1.06720376 0.789565444 0.526728809 0.646546304 1.24435282 1.53388214
    0.992701113 1.41951859 1.23278725 1.79743576 1.74448621 1.64695179
    1.02074707 1.3048476 1.01979434 1.10299075 1.05220878 1.6856432
    0.887803137 1.3942076 1.17403185 1.30351841 0.934336305 1.45535159
    0.879415751 0.997567594 1.24483669 0.935165942 1.20106244 1.37130785
    1.41332293 0.931477606 1.05304873 0.882647932 0.851900399
    0.902801991 0.760185719 0.852614343 1.52780616 1.26744533 1.48578584
    1.04104507 1.17421663 0.835393786 1.65197945 1.10551631 1.16789699
    0.823066056 1.10015774 0.963299036 1.22912717 0.892248511 1.22102761
    1.37169611 1.6252234 1.16161096 1.32110703 1.09325695 1.06841922
    1.7113682 0.926659226 1.00684977 1.52632833 1.63684964 0.829562783
    1.45086634 1.59774828 0.73573786 1.32787955 1.02948046 1.20845222
    0.874428928 1.2198 1.69446361 1.15017319 1.5050993 1.384305
    0.90683037 1.49988723 1.37729692 1.62063956 0.742297113 0.739374995
    1.61330223 1.5191437 0.902260423 1.48243213 0.979542077 1.68013668
    0.754489183 1.53460991 0.714373171 0.875346363 1.65104067
    0.779128611 1.26053131 1.03977251 0.733237147 1.08346069 1.40659082
    1.05839264 1.79310465 1.63799894 1.49542809 0.866282701 1.43359351
    1.43315363 1.46979582 0.943431497 1.61314595 0.832661748 1.62342525
    0.863006055 1.84826875 1.38292468 1.39512157 0.912139118 1.5846349
    1.31814849 0.827134073 1.23508251 0.758386135 0.733151734 1.10787392
    0.744642138 0.981248021 1.21498084 1.06526005 1.53264034 1.15988255
    1.37884438 1.84740222 1.56238508 1.22016191 1.03693843 0.974137843
    1.01553798 1.06672549 0.870164752 1.01718998 1.12216139 1.46537781
    1.60896659 1.37283742 1.32516015 1.08519173 1.73038197 1.73062468
    1.21294212 1.39719236 1.44961679 1.198125 1.01768053 1.78620243
    1.31859231 1.37708199 1.70196056 1.2186538 1.49742019 1.03642273
    1.43355691 1.49249685 1.35008037 1.15173078 0.9067083 1.55802095
    1.20667028 1.35471678 1.42576432 1.70852959 1.0458833 1.03506958
    1.05349958 1.28080642 0.881055117 1.06187439 1.57470775 0.917310178
    1.78097475 1.65132987 1.72264647 1.57447827 1.09751475 1.63488472
    1.32224977 1.25215161 1.03817952 1.43882096 0.982960105 0.721565545
    1.0048486 0.665619612 1.07876277 0.843864799 1.24166095 0.806484818
    1.64527249 0.986848891 1.06109452 0.898210526 1.64464808 1.73498845
    1.34381187 1.87520111 1.67511106 1.8560493 1.28573704 0.756060302
    0.760072351 0.738199174 1.15693653 1.33909845 1.04171205 0.786286771
    1.68577635 1.02969575 0.918408036 1.09799671 0.803294182 1.24180746
    0.953102291 0.908464134 0.968171775 1.05639851 1.21694899 1.69385946
    1.7229712 0.960149825 1.44876194 1.00384319 0.852418661 0.723212898
    0.81923306 1.08272815 1.09818769 1.38959074 1.68136764 1.43962979
    1.58561552 0.718099952 0.983584285 0.88788271 1.40602446 0.784056187
    1.42301404 1.42581177 1.5415827 1.59226668 1.58147693 1.32008708
    0.844271541 0.870892525 1.18488991 0.660334289 1.50384688
    0.941453874 1.53114021 1.37054682 1.17151427 0.363506258 0.4927665
    0.563464165 1.48493683 0.782772601 1.16421819 1.75065911 1.75588012
    1.36162102 1.14690816 1.40154839 1.24170148 1.12450409 0.987741292
    1.18523538 0.927164137 1.50008738 1.38129044 1.20943356 1.03306997
    1.11830282 1.25593376 1.22808421 1.04107249 1.28293109 1.47757781
    1.06943047 0.799554765 1.48857033 0.836839259 1.6143719 1.41398084
    1.33913159 1.229931 1.15317619 1.18608356 1.03662336 0.916011333
    0.916862369 0.743881822 1.11924398 1.19583678 1.31751335 1.11957419
    1.28866434 0.735601902 1.70864296 1.45284593 1.23372614 0.9503479
    1.01264834 1.24769533 1.28997982 1.59496081 0.741371572 1.50944686
    1.5819658 1.00301194 1.08978426 0.995556772 1.13990569 1.29348874
    0.953683972 1.21909845 1.49874735 1.17312145 1.12519562 1.26189268
    0.798693776 1.25954688 1.67235959 0.933547437 0.870666444 1.43323255
    1.74954581 0.78117907 1.58987176 1.09321189 1.44397557 1.13321805
    1.71582305 1.11698413 0.921819329 1.48415256 1.70406079 1.77418232
    1.57135367 0.731587172 0.829348981 0.820826232 0.897048891
    1.66508591 1.03822708 0.857187688 0.734690547 1.15279222 1.65892386
    1.18129206 1.70799601 1.82524574 1.23950648 1.60171521 1.68549061
    1.15252554 1.31625998 1.51455569 1.0560267 1.74791527 0.820465803
    1.25148261 1.30788469 1.68109071 1.67413354 1.36696863 1.59259689
    1.17575252 1.3717171 1.39577472 0.752918065 1.07107604 0.807706356
    1.64426517 1.37248719 0.735483706 1.38100982 1.42583907 1.73909593
    0.857498884 0.90936774 1.64328694 1.56843746 1.77103162 1.22213721
    0.830689251 1.00951123 1.03535831 0.948203623 0.775342107 1.77093029
    1.76846552 0.814240992 0.787593067 1.29752135 1.69569659 0.983754814
    1.09061503 1.15886152 1.16509295 1.32034492 1.10415518 0.901288748
    1.14202023 1.65565205 0.981202304 1.6153332 1.42443419 1.28723693
    1.02447689 1.33874512 1.41941381 1.62020099 0.862870336 0.774077654
    0.884027064 1.14932311 1.27918804 0.950986981 0.786718845
    0.949726343 0.979299366 0.787369907 0.683728814 0.713907123
    1.10194802 0.940811813 1.26454163 1.03129268 0.920185268 1.29259038
    1.36827326 0.935886502 1.62659883 1.24078667 1.21129441 0.995128691
    0.643873453 1.02790856 1.66213286 0.992992759 1.1083473 1.30365789
    0.829050958 1.03430462 1.47560978 1.25871241 1.0928725 1.14027774
    1.66404319 1.32021618 1.34532177 1.58890545 1.74557376 1.59433866
    1.69223022 0.828396201 1.37546909 1.27806032 0.802122355 1.0805701
    1.08081472 1.01393342 1.09273183 1.05941617 1.70997059 1.50169182
    1.03386807 0.849025846 1.06954515 1.48353875 1.650123 1.34983814
    1.10498166 1.16255915 1.51028681 1.27902925 1.52042484 0.9179883
    0.66157341 0.964645803 1.68487358 1.35360289 1.55510783 0.950883985
    1.19372988 0.839815736 0.999857783 1.06616962 1.25256991 1.45594645
    0.911617458 1.48538458 1.35065937 1.85039413 1.81586802 1.19889569
    1.13260126 1.19398427 0.967125893 1.04127371 0.702660561 0.817891896
    1.07246494 0.758572817 1.50756788 1.17062986 1.1816088 0.459966004
    0.936776817 0.617068052 1.25206447 0.994753182 1.63346064
    0.851152599 1.28235626 1.20471418 1.76772606 0.905043185 0.902236521
    1.25783396 1.60770428 1.35939825 1.01877356 0.824355304 1.66145515
    1.22736585 0.841572583 0.750134289 1.10724759 1.12271285 1.47813666
    1.37608886 1.00688958 0.846246064 1.31461024 1.66539574 1.25303972
    1.72615612 1.6827302 0.954883397 1.40754676 1.65237439 1.4911958
    0.737060368 0.746855259 0.838721395 1.02242994 0.992485285 1.5851928
    0.793410838 1.53952932 1.67992246 1.0242902 0.908492148 1.15574181
    1.39990819 1.72549593 0.852691293 0.809110224 1.61674345 0.940992892
    1.00623715 1.08948827 1.5073278 1.36470926 1.24033201 0.867904484
    1.68010604 0.776714683 1.03159702 1.59955287 1.24894631 0.770501792
    1.58891249 1.60593808 1.40490413 1.09245443 1.42254698 1.10415661
    1.68605471 1.59635067 1.451617 1.70512938 0.955865502 1.08777249
    1.07289553 1.77431583 0.916095614 0.952301741 0.888201952 1.48302627
    1.62417591 0.793361843 1.15171671 0.957581639 1.10686672 1.14828813
    1.63955104 1.5458796 1.01733112 1.61478388 1.50795567 1.75828707
    1.64670789 1.28831148 1.40600646 1.5908463 1.01480079 1.16606402
    1.79666853 1.33580601 0.832371712 1.54188204 1.44391072 1.19785333
    1.37463295 0.990619779 1.04911077 1.33258104 1.58227909 0.965691864
    1.44901454 1.63654256 0.809913814 0.743109643 1.68479836 1.56154239
    0.808068216 1.69816351 1.03937602 0.848327756 0.984404325 1.76740181
    1.40504825 1.60781908 1.56379807 1.80049932 1.66983378 1.28728414
    1.5813688 1.68762302 1.42363119 0.989724755 1.41768932 1.734954
    1.07526171 1.69626915 0.976597607 0.849500954 1.59201932 0.869017005
    1.36417186 1.07027006 0.995157301 1.40677226 1.13488257 1.02467334
    0.854595304 1.13171887 1.7313627 1.01260567 1.53552532 1.43379271
    1.27664948 1.37907267 0.847614288 1.73943639 1.39557743 0.905302048
    1.64165175 0.900860131 1.68344188 0.849695027 1.60335958 1.20981896
    1.65248489 1.03445506 0.997303545 1.01166975 1.11171341 1.66229117
    1.59286857 1.20519495 0.93121618 0.896608114 1.22421491 1.14472282
    0.965517104 1.36185336 1.58210576 0.921026349 1.39952338 0.839352429
    0.841826141 0.871961057 1.44119155 0.984434724 0.756012499
    1.36867642 1.39036083 1.05136943 1.58813155 1.32449377 0.861129999
    1.73432708 1.49323678 1.54276443 1.89976084 1.89848554 0.987901628
    1.56918013 1.52251828 1.24007261 0.862684429 1.02358711 1.5163157
    1.59627712 1.48685455 1.73893809 1.73908186 0.790303528 1.60590887
    1.73160279 1.11390138 0.852589667 0.956693947 1.62725317 1.55332232
    1.38299513 1.11205769 0.783593357 1.56955075 1.1093111 0.83771956
    1.23529601 1.1736995 1.17179298 1.48295152 1.12996638 0.732482374
    1.09678733 0.996077418 1.16131866 0.694346368 1.13379836 1.1688956
    0.911965132 1.58261406 1.37639475 1.57416236 1.43084538 1.84039354
    1.58144319 1.29891622 1.00323558 1.2088269 1.35469806 0.706721485
    1.22131276 1.6743691 0.728495538 0.65530926 0.74725163 0.631393373
    0.639600217 1.16665697 0.854258716 1.29913926 1.72965252 1.27490985
    0.991090119 1.64189196 1.79118514 1.27382445 1.29185295 1.00159729
    0.998048306 0.721258044 0.706001937 1.09179389 0.717243671
    0.834931612 1.28325295 0.777322769 1.44747889 1.07802677 1.55541182
    1.6563375 1.61293817 0.869896591 0.908169389 1.75369751 1.538396
    1.73924243 0.893642306 1.23413074 1.46714747 1.77529466 1.73878324
    0.972363889 0.774547458 0.851580679 1.20424199 0.703705311
    0.97710824 1.17670691 1.62802923 1.13302064 0.886023104 1.56059074
    1.49393249 1.00715399 1.70408273 0.86824882 0.754087567 1.52391231
    1.11814737 1.00014818 0.96259433 1.23680854 1.12093282 0.994906783
    0.972622037 0.85407275 1.21431684 1.12190163 1.07301903 0.751988113
    0.76404798 1.2795006 0.766578913 1.530545 1.23430765 1.45522439
    1.28331196 1.47286558 1.44530225 1.03461075 1.23908341 1.1583066
    1.50256574 1.75083566 1.76614738 1.03097296 1.64696527 1.69825721
    0.879026592 1.43747854 0.92933625 1.63752496 1.54850769 1.12636793
    1.55052924 1.37931991 1.01408017 1.06259763 0.747104883 0.785837829
    1.14480948 1.50534165 0.92529583 1.52656972 1.3001821 0.812569857
    1.59912932 1.06572115 1.52399027 1.50417662 1.45132041 0.901664555
    1.36028039 1.57062888 1.80123222 1.6311816 1.14329481 1.5789659
    1.10887492 1.54468524 0.944489896 1.15105283 1.38269925 1.65651309
    1.68223774 1.44823134 0.933078408 1.48575974 1.10203159 1.03082418
    1.44679725 1.31169212 1.11727333 1.66921604 1.83040154 1.565341
    1.21903837 1.52990758 1.24871135 0.827663779 1.44606602 1.04742277
    1.13880503 1.54083455 1.10978425 0.856445074 0.950788379 1.31042385
    0.832774878 0.834179759 0.740066409 0.823064744 1.06034923
    1.56759703 1.61872029 1.58529449 1.31495547 1.05629635 1.32984197
    1.0794276 1.30872643 1.61375856 1.52987111 1.4618572 0.79158318
    1.67905235 1.36790276 0.9463135 0.927522779 1.24327445 1.27879453
    0.808415592 1.45786309 1.59252286 0.788616121 1.21967983 1.58617973
    1.45031965 1.1773628 1.08347178 1.67064977 1.3039124 1.76348805
    1.45846927 1.4146049 1.54634881 1.67286992 1.29861176 0.740748107
    0.848958313 1.40839267 1.32936716 1.46512175 1.4412396 0.908328831
    1.18257225 1.53247106 0.703271806 0.670442581 1.26337457 1.21313894
    1.0652535 1.55870044 1.5725987 1.84092796 1.75978971 1.42915845
    1.08159637 1.30435133 1.67228854 1.67161059 1.37563086 1.0056262
    1.24333513 1.40314806 1.420138 0.959236562 0.981422365 1.67084491
    1.20682931 1.01258874 1.69295692 1.06992233 1.52967513 1.42988026
    1.48708689 1.18896091 1.63625324 0.795307219 1.54472339 1.14812732
    0.963231921 1.35788453 1.42336583 1.23799193 0.746744454 1.37786126
    1.3342551 0.743790209 0.649955928 1.02422607 1.2367425 0.878525436
    1.51417649 0.986449122 0.86325562 1.27220774 1.10455048 1.14379585
    1.19499409 1.74466848 1.44995785 1.08795226 0.736437023 1.45236516
    0.701189041 1.54219913 0.722349346 1.60659802 0.795921385
    0.553399563 0.471161395 1.28323317 0.778865635 1.32639086 1.43472552
    1.18582511 1.74683034 1.61922693 1.12180042 1.62057745 1.77117324
    1.24113929 0.927439094 0.985007465 1.03473246 1.5636605 0.848808646
    1.25172532 1.40703988 1.23204064 1.44902897 1.64181685 1.81796527
    1.7018348 1.31906497 1.71306884 1.42054641 1.01639819 0.785323739
    1.34273577 1.25044155 1.45836139 0.934381485 1.60846782 1.68406832
    1.56300449 0.926858544 0.898361325 1.48789549 1.22074831 0.806039989
    1.24556899 1.43002284 1.36682403 1.52810717 0.839303493 1.35633504
    1.40380859 1.23217785 1.51142514 1.73317337 0.848648787 0.939316213
    1.29208887 0.769256115 1.30978024 1.5969317 1.81127834 1.31913519
    1.4172411 1.16384125 1.09200084 0.721179485 0.755255759 0.790755391
    1.10272694 1.16866934 1.74056292 1.05902958 1.11069846 1.14783895
    0.922409654 1.17488074 1.42766273 1.1559484 0.837020457 1.52466309
    1.09367931 1.29764974 1.77925241 1.57184768 1.32023096 0.99504745
    1.71706784 1.40684605 1.64501595 0.945928931 0.880942643 1.1588037
    1.05288267 0.86125952 1.70367301 0.786089718 1.68743718 1.6397109
    0.838725507 1.5755955 0.928775549 1.617975 1.44076526 1.50346637
    0.990505397 0.961185515 1.76728272 1.01928198 1.24156713 0.897741497
    1.67865229 1.16297996 1.77686203 1.05446291 1.64876962 1.26234221
    1.51324236 0.856594026 1.68694818 1.05975091 1.0475142 0.995771587
    0.891234756 1.65753102 1.44470525 1.76384544 1.75506449 1.06795835
    1.78314447 1.60668218 0.875264168 0.927822948 1.0791223 1.36190319
    1.07996261 0.959717751 1.55203676 1.61682975 1.57566798 1.34243917
    1.03361309 1.10738575 0.816187143 1.04186368 1.20259464 1.20197642
    1.48930371 1.10828519 1.25145638 1.27902269 1.53382921 1.24787295
    1.35340691 1.44742692 1.38306093 1.41731143 0.975116193 0.800226808
    1.05551136 1.47730112 0.798085392 1.12231541 0.953247786 1.51564991
    1.07518244 1.07811821 0.9424389 1.14580894 1.36610866 0.753091931
    1.5451411 1.4743973 1.13211119 1.32857144 1.46635032 1.45902133
    0.798002481 1.75464296 1.79061115 1.15459919 1.46358848 1.5128051
    1.09488726 1.65014482 1.60496604 1.67189908 0.957955122 0.869748473
    0.792162716 0.948510826 1.54412329 1.59168148 1.20058131 0.816500485
    1.38098168 1.14357114 0.745591938 0.759778738 1.52541935 1.07735276
    1.07921541 0.875390768 1.62681842 1.24366856 1.42288935 1.47319829
    1.65711367 1.79100132 1.54856277 1.06732428 1.37510192 1.5998677
    1.31402874 1.40194976 1.60216725 1.72895217 0.784644544 1.38095617
    0.9897995 1.04788351 0.790496588 1.23555386 1.43428445 1.69895506
    1.1358341 0.923188269 0.768886089 1.0892731 0.865368247 1.04994488
    0.95332551 0.82084614 1.6211077 0.855053723 1.1011287 1.02211082
    1.2641474 1.16908407 0.724003971 1.11177731 1.44223189 0.670060933
    0.743094444 0.911936283 1.47430754 1.460428 1.72814786 1.64607656
    0.887848258 1.17382872 1.74169624 0.7992872 0.847117245 1.61314285
    0.751111269 0.840761542 1.50315201 1.33622694 0.526219487
    0.713699877 0.543379009 1.23169649 1.32975268 1.35241079 1.49144173
    1.24556911 1.25673938 1.0725522 1.33501279 0.981886506 1.1820358
    1.03374219 1.66852391 1.49699616 0.924268126 0.918773174 1.19534433
    1.16381454 1.69895959 1.68133628 0.974965155 0.962338567 1.75859714
    0.994354248 1.60677767 1.18828225 1.0921489 1.01356792 0.870465457
    1.79959178 1.69094074 1.8680203 1.44472957 0.966804445 1.48952878
    1.72299397 1.11454725 0.942857206 1.0126915 0.831344128 1.58104551
    1.06017709 0.798282564 1.57961309 0.690160513 0.782078028 1.16439724
    0.998719454 1.00379515 0.820420265 1.6830281 1.24406457 1.52316654
    1.2747668 0.921146512 1.70444739 1.50315022 1.34939122 1.21571457
    0.985318482 1.58546305 1.06530201 1.16356599 1.48936391 0.901699305
    0.827923715 1.41297078 1.52307642 1.31745946 0.939414442 0.808744133
    1.60668373 0.956609964 1.67832768 1.3440783 0.932289243 1.58758867
    1.26043725 1.49808002 1.80593574 1.2908572 1.23328781 0.806141198
    0.937575877 1.14392829 1.00710046 1.01720262 0.685994089 0.658239603
    0.95151037 1.70894396 0.916804135 1.55580497 0.912141502 1.67864978
    1.00549173 1.7107569 0.94740051 0.95841068 0.950130582 1.41759706
    1.7550534 1.7218883 1.70119417 1.57441771 1.4452821 1.72878826
    1.51520872 1.70168555 1.43838823 1.18045855 1.06770837 1.36503696
    1.59824204 1.41664112 0.878079653 1.65490496 1.39735079 1.45862937
    1.2644124 1.2285552 1.65039182 0.914114714 1.74427128 1.74705398
    1.15401912 1.01286924 1.75359213 1.15504134 0.886940658 1.23118579
    1.01252937 1.74202919 0.924686253 1.23820615 0.928643584 1.75177729
    1.3607558 1.25899816 1.77705729 1.41665256 1.78427982 1.13194823
    1.03694904 1.06730556 0.897557735 1.78895283 1.51558471 1.58836067
    1.4309957 1.04133821 1.08190846 1.61812592 1.11106801 0.808222234
    1.32552421 0.684037566 0.851678848 0.944297194 1.36829734 1.38153255
    1.37586868 1.59538245 1.30035853 1.09454608 1.4473598 0.997183383
    1.10339379 1.26869023 1.33168733 1.4688139 1.61934268 0.860994399
    1.41171944 1.0436939 1.24341679 1.50997627 1.44038725 1.77588153
    1.8377378 1.54984939 1.41820121 1.06078732 0.965057492 0.752596021
    1.56153834 0.820356727 1.11815524 0.777207077 1.57307589 0.884704471
    1.09314299 0.824112892 1.12093031 1.01107097 0.744841814 1.60912001
    0.843812823 1.48696625 0.829862356 0.912587583 1.2135781 1.40098274
    1.61602962 0.86278975 1.63564301 0.893781602 1.69767308 1.73838711
    1.33003461 1.25936592 0.869743049 1.45331776 1.04068625 1.45021737
    0.847339451 1.04241884 1.66545737 1.76619124 1.16021657 0.897222281
    1.13914144 1.32528067 1.53074026 0.907642782 0.681317329 1.28465998
    1.17435706 0.706799388 1.49655032 1.20200539 1.23750103 1.64780533
    1.33974326 1.45669961 0.881858885 1.21777093 0.635227323 1.44180131
    1.04838037 1.07068717 1.58743393 1.24888217 1.81364715 1.77882123
    1.73250353 1.1876601 0.813927293 1.58811224 1.61468744 1.52397549
    0.977453053 1.51797032 1.53437924 0.67252785 0.510182738 1.09200847
    1.19091368 0.729394615 1.24211204 1.37054503 0.864013314 1.62258375
    1.22607946 0.83402586 1.74066305 0.790549278 1.69376135 1.14118421
    1.41788971 0.956351757 1.21756864 1.48447108 1.15631211 1.30852711
    1.5806452 1.11888778 1.31082118 1.27191317 1.67810524 1.06853068
    1.54416513 0.821704686 1.52497733 1.14545214 1.86348581 1.902583
    1.24746776 1.53471673 1.44875693 1.67151201 0.780784309 0.762603879
    1.33424604 0.655614734 0.90180856 0.740708411 0.923162997 1.41529322
    1.0062896 1.11700952 0.908433259 1.23744011 1.66622961 1.06527734
    1.09845877 1.53855503 0.926318705 1.49159741 1.40413523 1.48830056
    1.53049636 1.81658781 1.13582444 1.44883418 1.10666561 1.47670746
    1.22172046 1.50422513 1.2603184 0.758348048 1.47659361 1.16534233
    1.44210839 1.66945755 1.72350359 1.08192229 1.2474916 0.968007565
    1.47966623 1.21712935 0.782927215 0.80015105 1.5896728 1.04982567
    1.69363654 0.944240987 1.10035753 0.920970559 1.49781382 1.35808277
    0.99590379 1.04841053 1.09714353 0.860068023 0.713288128 1.3970747
    1.57823098 0.961453915 1.51626587 1.29985964 1.60881364 0.857394576
    1.22545624 1.61416781 1.33068669 1.28478527 0.833959818 1.69673777
    1.51679802 1.41539454 1.00697947 1.73332691 1.8483988 1.1331985
    0.853329599 1.56241667 1.50893605 1.20903659 0.767665684 1.72827888
    1.49957049 0.768717647 1.4026953 1.03398967 1.22631299 1.31108606
    0.868630588 1.25542641 1.20790124 1.50717831 1.66532767 1.60909319
    1.32550049 1.34216833 1.38077331 0.94701916 1.12828529 1.70552409
    0.963350832 0.938254952 0.976271808 1.70046043 1.87705886 1.6223762
    1.83807349 1.86859047 0.962827563 1.12251127 1.77383316 1.42923284
    1.25436866 1.51416993 1.86504114 1.43767822 1.08953512 1.06339931
    0.844821334 1.46472716 1.47052884 0.946514428 0.863002539
    0.922809422 0.69453007 1.46029651 1.05590403 0.800436318 1.77417088
    1.34781122 1.67042077 1.29373109 1.40512037 1.11268508 1.55134583
    1.20658004 0.826867878 0.960289896 1.58065367 1.58886003 1.08152294
    1.21481252 1.06836557 1.36130381 1.0187999 1.69191754 1.29529798
    0.838781297 1.76865911 1.09912205 1.35501337 1.67347813 0.791848123
    1.2384907 1.42513168 1.03059781 1.17375803 1.45736563 0.769185364
    1.30037105 0.82732439 0.709632218 1.41128147 0.792300761 0.860604107
    1.17902839 1.11988175 1.18195426 1.10582066 1.16085505 1.0909003
    1.54725099 1.66054976 1.51899028 1.0559355 1.73792553 1.36888587
    1.59602153 1.78400838 0.807146788 0.766175568 0.940000474 1.32864285
    1.18154359 1.37626326 1.39390695 1.40112364 1.51531851 1.01004314
    0.930360258 0.833838582 1.2926966 0.864433408 1.37379766 0.973705649
    0.793173432 1.61164808 1.42774832 1.75203347 0.80166918 0.78183502
    0.878587484 0.913447738 1.06145823 0.689899981 0.687576592
    0.843135297 1.43119597 1.4157362 1.58945298 1.05191445 1.36142409
    1.06096387 1.58204103 1.34075975 1.58819723 1.78501165 1.363415
    1.27672696 0.90038687 0.777170837 0.531313539 1.30341959 0.535550237
    0.620298326 1.1313951 0.907633126 1.67559552 1.29650307 0.896773875
    1.60227585 1.21548045 1.50714886 1.36544919 1.14662123 0.995368123
    0.855915248 1.31958401 1.47780955 1.12645435 1.19075 1.45767176
    1.58778656 1.55214989 1.70425725 1.02923751 1.4362129 0.96825695
    1.60952473 0.937190354 1.61762333 1.24937522 1.18345571 1.14837682
    1.85674655 1.80156529 1.05028868 1.71923232 1.07624292 1.41271043
    1.61610854 1.21668041 0.843394279 1.20906913 0.827892721 0.850078821
    0.781254411 1.56784022 0.840728641 0.956818342 1.49879432
    0.913970709 0.905194759 1.34040844 1.7607621 1.39206779 1.48565841
    1.92169011 1.87107432 1.76170468 1.56897497 0.844892204 1.20011806
    1.1155113 1.73062253 0.900877774 1.35356343 1.27027845 0.914939642
    1.16232741 1.10787117 0.781485677 0.98913312 1.3345443 1.67397225
    0.836857677 1.16474783 1.0660702 1.62202525 1.03676867 1.06143308
    1.58988881 1.78263581 1.59753954 1.23856604 1.39158034 0.968758643
    1.59919834 0.859957516 1.19688404 0.818289757 0.751005054 1.06361544
    1.66145444 1.25161684 1.5509994 1.21220136 1.25789464 0.886323512
    0.823033512 1.51843524 0.793225706 1.40528166 1.71327889 0.985232353
    0.92018491 0.975353122 1.76579213 1.80833888 1.26723564 1.53270686
    1.21798527 1.21405458 1.68352842 1.09431708 1.56068194 0.766290963
    0.839213014 0.767113149 1.55427289 1.1378442 1.55856657 1.5926851
    0.870859981 1.18133771 1.22104728 1.64897156 1.6461786 1.39711356
    1.59551895 1.11097789 1.27371776 0.696904361 1.32901251 0.91242981
    0.782997012 1.05794728 1.32408404 1.61884081 1.76205266 1.03030694
    1.57222712 1.68176186 1.64805913 1.27238989 1.19839764 1.67469084
    1.33590078 1.48737633 1.70839214 1.34048128 1.83338749 1.26548576
    1.81768203 1.58403277 1.35947895 1.29204595 0.900245905 1.41761541
    1.28903723 0.741432726 1.36635864 1.16623008 0.977693796 1.19162977
    1.17648613 1.52001464 1.10028231 1.62091768 0.885061085 0.96765554
    0.81057483 0.751821637 1.24322271 1.02643275 1.65423608 1.08313119
    0.917075336 1.49768174 0.792810977 1.40106952 1.27901638 1.36719418
    1.55125153 1.39164031 1.40595818 1.35223246 1.32504904 0.994140327
    1.47881842 1.60923421 1.40136528 1.25689614 1.1142168 1.57737923
    1.66991675 1.2075882 1.01588285 1.14586127 1.25397885 0.694699228
    1.25398529 0.953969955 1.46208882 0.971692681 1.51122403 1.76090074
    1.72966659 0.895272613 1.14020431 1.50987387 0.851275861 1.12757814
    1.715868 1.43997145 1.26984692 1.46977675 1.39559615 1.42747951
    1.07999325 1.34700382 1.47977054 1.64374948 1.1645242 1.6852746
    0.922032058 0.777557015 1.56532848 1.16414428 1.12565351 1.05782843
    1.21881425 1.05853546 1.35592043 1.46683812 1.56414664 1.68798041
    1.4731226 0.801187873 1.28006256 0.643344343 0.961622 0.792293072
    1.00204754 1.00805521 0.784978271 1.51843786 0.779155791 1.23862481
    1.77561378 1.61792421 1.33541262 1.15249431 1.18013895 1.59210229
    0.775543213 0.965642214 1.53389883 0.774529576 0.920119703
    1.45914757 1.58619177 1.35619521 1.04463959 0.9913041 1.05707181
    1.14671028 1.28311086 1.38284147 1.09821916 1.33194745 0.87696296
    1.73676145 0.951167941 0.913136601 0.99057883 1.50031507 1.63452148
    1.00655973 0.880457461 1.39082813 1.64366543 0.983679175 1.61583817
    0.826420844 1.80164218 1.48034394 1.39640725 1.68321013 1.48862636
    1.56830704 1.82666779 1.05702555 1.22750962 1.00698864 0.778098643
    0.923898697 1.06187665 1.07631111 1.61370873 1.67710888 1.35129714
    0.832590103 1.20157564 0.810729265 0.814098775 1.11043882 1.3631146
    1.54238153 1.53714514 1.40651953 1.37900305 1.81881726 1.59668338
    1.84501863 1.44123673 1.78709793 1.14248216 0.87880975 0.772490144
    1.19553113 1.28638983 1.57843125 1.73958457 1.35014153 1.18144834
    1.22713625 1.48425829 1.24245393 0.831767499 1.20564055 1.55041802
    1.33841813 1.34795475 0.787291646 1.20204067 1.22790706 1.4353745
    1.76815522 0.982973099 1.55580044 1.60879421 1.10207391 0.751352668
    0.900551498 1.3244158 1.70552087 1.12367141 1.58195925 1.00447798
    1.1303339 1.64553845 1.23250186 1.53228939 1.09964442 1.06213295
    1.45601904 1.07574427 1.70123696 1.68920171 1.17966545 1.13528311
    1.46594834 0.916067541 1.33424091 1.45419812 1.67200363 0.958997309
    1.34211242 1.2608577 1.70059657 1.01048899 1.50922191 0.79928571
    1.64481962 0.753111541 1.25564384 1.47468305 0.844899058 0.689078391
    0.708117723 0.799146712 1.05437386 1.24900615 0.994551063 1.53190851
    1.26092625 1.58379853 0.954906046 0.866193473 0.973875821 1.43326151
    1.56356943 1.00980818 1.86195016 1.60037506 1.47854841 1.8326478
    1.9227618 1.11698699 1.68088651 1.33612788 1.68590236 1.00050831
    0.960174143 0.983162522 1.37169361 1.71622276 0.954670489 1.85354006
    1.24022341 1.67056751 1.34053767 1.54529727 1.48218751 1.06804049
    1.54129958 1.11966574 1.31272709 1.34826064 1.50353265 1.48367012
    1.56883538 1.55900383 1.12366784 1.28473914 1.04426885 0.803630531
    1.21212006 1.44831264 1.65605235 1.3192029 1.25052238 1.19209826
    1.50658965 0.991582513 1.60301054 1.05983853 1.0593226 1.09471059
    1.56501389 1.16418457 1.18672395 0.906786621 0.856576204 0.846665561
    1.40405226 0.97994715 1.30133057 1.70610881 1.44012916 1.21234751
    1.15844369 0.982460499 1.4269985 1.12773979 0.839184105 0.805402994
    1.05962312 0.95343107 1.01096606 0.837970972 0.970473528 1.71892834
    1.00718331 1.76417398 1.07464397 1.38229024 1.06871736 1.37188172
    1.6786679 0.89590615 1.42457092 1.25472379 1.63264465 1.71808708
    1.81915212 1.62413061 1.87388933 1.42446709 1.63822758 1.01623118
    0.785148799 0.992944956 0.682894349 0.869154155 1.46979904 1.4011606
    0.721711159 0.749860823 1.44307256 1.62572765 0.890487671
    0.791444838 1.63450837 1.24626696 1.63009143 0.808283627 0.699768066
    1.12548554 1.2861129 0.827502489 1.07673252 0.899921715 1.23903966
    0.819264114 0.84788847 1.41297495 1.71444082 0.819054306 1.50744033
    0.850089788 1.25771058 1.18647969 1.15470505 0.632296801 0.694182634
    1.45387518 1.41208076 1.17153549 1.7131964 0.98992604 1.61479831
    0.800965607 1.17780578 0.894600689 1.05490506 1.70935225 1.15560067
    1.13697982 1.59145534 1.63851333 1.44149351 1.03194737 0.904818594
    0.824528694 1.66384864 1.2021513 1.26337719 1.76897824 1.11036873
    1.338763 1.67806542 1.15667307 1.67189598 0.967463434 1.59591198
    1.4187175 1.46290898 1.15679741 1.65871346 0.914934099 1.50768161
    1.12194252 1.61891234 1.50546694 1.66835558 1.67465448 1.64279175
    1.74344063 1.3832376 0.856158376 1.45141363 0.79352963 0.913327992
    1.04267907 0.923607349 1.78979075 1.10114181 1.50645065 1.81541193
    1.41105473 1.52956522 1.76301956 1.06418085 1.39964926 1.40630639
    1.4464432 1.44788766 0.906546116 1.32380199 1.60782468 1.42017782
    1.55341208 1.71288455 1.37435067 1.24838567 0.780651212 1.69113231
    1.1213969 1.2326864 0.871012568 1.57094216 1.6187973 1.00163102
    1.61411655 0.83875829 1.02393913 1.42503095 1.29499459 1.15132749
    1.13453555 1.47514617 1.58781302 0.798740745 1.15039515 1.70227671
    0.937739789 0.974699736 1.55777729 1.79565847 1.57540894 0.86648488
    1.11222661 1.78189957 1.36676276 0.816291809 0.854043305 1.25743067
    0.985081017 0.85326153 0.838052928 1.05729187 0.845011294
    0.787201405 1.30725396 1.62103927 0.909108937 1.45438278 0.869914353
    1.25959647 0.848710477 1.69519281 1.72222209 0.909829021 1.19431829
    0.968776047 0.887963831 0.96480155 0.760389209 1.34335709 1.15781319
    1.16383374 0.768950343 1.17748642 1.27047515 0.821557999 1.04015136
    1.56511128 1.76390398 1.0897193 1.44923913 1.82436883 1.91431332
    1.29001224 1.56670725 1.32601893 1.075755 1.26738703 1.77715027
    1.71446776 1.2700876 0.983760536 1.49355781 1.66098535 1.80903482
    1.32783163 1.79060221 1.55863106 1.03303814 1.47673011 0.900355875
    1.66708601 0.770054281 1.32327509 1.63737786 1.00418735 0.917927206
    1.71961713 1.03217983 1.29504383 1.61610031 1.08795738 0.99248749
    1.66425538 1.0852474 1.64002764 1.76117623 1.51535678 1.55612302
    1.65873373 1.21133959 1.13487852 0.844763875 0.809255958 1.58555758
    1.2146312 1.2315346 1.46701133 1.51813328 1.50781357 0.815345824
    0.93344599 1.26146281 1.18106139 0.981334984 0.975954533 1.40270674
    1.49088383 1.68279982 1.7649045 0.769216955 1.53954339 1.05148256
    1.46531808 1.58681285 0.869407356 1.55399966 1.25098205 1.21337152
    1.20718217 1.52223146 0.806284308 1.49817991 1.39420331 1.24183178
    1.35915017 1.5306052 1.16161442 1.25383484 1.16790652 1.4694407
    1.72809613 1.41433215 1.70569587 0.978936136 1.66994202 1.50712442
    1.44462025 1.72136331 1.36811006 0.766203761 0.840074897 1.00514269
    0.650557101 1.09535146 0.84537077 0.887968957 0.852971792 1.23524797
    1.31489849 1.25007725 0.969391346 1.50116909 0.85904181 0.973904788
    1.26515448 1.46366262 1.62421799 1.1491586 0.940199971 1.34593618
    1.15825713 1.17074978 1.48625517 1.25904906 1.67558014 1.16796827
    1.38081396 1.51452959 0.553695738 1.28430033 1.19742155 1.18126261
    0.726469755 1.73805821 1.42066181 1.11785865 1.19201362 1.11731756
    0.87374562 0.715947151 1.0246824 1.54332805 1.57759523 1.63099968
    0.880162299 1.70475233 1.68566132 0.806191087 1.44707251 1.5789777
    1.55420375 1.39093173 1.46414447 1.4700985 1.51364779 1.67919791
    1.0242306 1.55512428 1.43867612 1.30378902 1.24302387 1.09942126
    1.59709036 1.57243109 0.856105089 1.36226714 1.29197311 1.68184078
    1.57878995 1.23046982 1.70184124 1.27464998 1.50485277 1.82597065
    1.54428625 1.77731049 1.14205182 1.26615167 1.08639491 1.03975189
    0.755629838 1.42999971 1.54433846 0.966305435 1.15302062 1.7050209
    1.83105123 1.05154431 1.36338532 1.14634919 0.948112309 1.18001652
    0.914013863 0.884866297 0.783640146 1.51377082 1.35765684
    0.901773095 1.53095007 1.25602818 0.908491492 1.5719943 1.27802384
    1.33068502 1.62148654 1.0304774 1.46671331 1.50350988 1.51667738
    1.06087506 1.08364439 1.59107685 1.71056294 0.827028513 0.820155561
    0.775841832 1.47013652 1.29870486 1.66921222 1.50707388 1.24831879
    1.14393103 1.03972495 1.74026072 1.16942751 1.32451797 1.80385375
    1.6265918 1.57453597 1.70246279 0.879696012 1.15363574 1.72201562
    1.6406157 0.728141844 0.98952353 1.01581824 0.798895955 1.40316534
    0.80706811 1.14378011 1.2437526 1.10730195 1.09812701 1.50626576
    1.55529416 1.64752114 1.1402334 1.18354678 1.2938652 0.899411023
    1.056422 1.45044184 1.23178554 0.857298434 1.5138557 1.39201379
    1.43345654 0.891127348 1.09906089 1.35162759 1.31725144 0.882767022
    1.47877705 1.67097414 1.07782853 1.62921834 1.65054882 1.09990716
    0.82537061 1.24581122 1.10738325 0.904744208 0.944070339 1.61928701
    1.5129987 1.20510316 1.70339966 1.00552583 0.981755435 1.07167709
    0.953908026 1.35674286 1.77169871 0.922814667 1.21016443 0.831112981
    1.534567 1.21131814 1.11916828 1.08242869 1.20480275 1.66600108
    0.866201162 1.43633926 1.4003005 1.24091423 1.32838833 1.16902637
    1.23412836 0.806509078 1.13700163 1.01800597 0.933528662 1.17310274
    1.42334771 0.808632433 0.821729958 1.13411927 1.2436595 1.41135633
    1.45422029 1.27616 1.37340379 1.28527474 0.927121758 1.75921845
    1.09360349 1.2988019 1.64750099 0.88984251 1.386307 1.39962769
    1.07465649 0.935572982 1.51568377 1.36005116 1.31783557 1.14493954
    0.865893543 1.40668428 1.75307286 0.818674624 1.69368684 0.902561665
    1.61131632 0.780381203 0.909108758 0.907712877 1.70825458 1.23041213
    1.57293785 1.42670846 1.134305 1.12840533 1.46542597 1.22778571
    1.65609837 0.987229705 1.23766387 1.59129536 1.53843319 1.55943
    1.30811405 1.06127417 0.833437264 1.50318491 1.32657456 0.824666142
    0.967221498 0.920870304 0.930588245 1.47525203 0.667839885
    0.775030196 0.87285018 1.53574777 1.28846097 1.20269942 0.720363319
    1.22127962 0.991502464 0.832350314 1.04705167 1.56422937 1.6406678
    1.07192373 0.936328769 1.47323537 1.372208 1.02037144 1.73750305
    1.54019356 0.624674678 0.859067261 1.43380177 0.686196983 1.50978518
    1.22752464 0.742265642 1.24600363 1.36333442 0.803200662 1.08024204
    1.1609298 1.4010489 1.57873988 1.38532472 1.77943921 1.07344568
    1.65678108 1.40796447 1.56874084 0.813670874 1.56090879 0.87660116
    1.2672267 1.6363579 1.74619901 1.46733296 1.76417005 1.64845133
    1.40126014 1.87489986 1.36437356 1.68664205 1.53368914 1.73566079
    1.10993564 1.40262926 1.64418316 1.23231184 0.994604409 1.65182221
    1.52463233 0.871147156 1.61939049 1.37457144 1.44514585 1.56053638
    1.34898996 1.71743047 0.86929667 1.14357412 0.743785501 0.864204168
    1.39645147 1.02959371 1.30608594 1.59464657 1.56673694 0.902650356
    1.17668486 1.46688545 1.36311078 0.900984585 0.992975235 1.34684241
    0.968120813 0.787974417 1.74852216 1.6790458 0.802574396 1.18430257
    1.04922521 0.938969493 1.40323794 1.72358942 1.43241858 1.26800609
    1.56190896 0.885279179 0.802035153 0.935177982 1.04233408 1.20621419
    1.03144538 1.62579191 1.12615705 1.01826012 0.924079001 1.18496466
    1.7211026 1.68206811 1.39128101 1.37000895 1.281124 1.04553676
    1.29631877 1.15154052 0.866055965 1.66264939 1.41067743 1.58671212
    1.11757064 1.19759417 1.60756898 1.10183156 1.66286778 0.732554376
    1.44683599 1.16197622 1.21695852 1.46163535 0.64935559 0.696461558
    1.6479224 0.774848044 1.33390701 1.27128768 1.55426884 0.864646733
    1.4890188 1.57061517 1.03504789 1.4625634 1.46153259 1.0108465
    1.7042079 1.10753262 0.85399735 1.0861491 1.17057848 0.700422823
    0.776784897 0.681300282 1.21888363 0.715859592 0.925289094
    1.32966399 1.3621546 1.68656087 1.24534571 1.40711761 1.35726118
    1.31143999 1.22471821 1.19832635 1.19830859 0.957950175 1.60144305
    1.61444247 0.863209844 1.71364617 0.880825281 1.41089344 1.04372823
    1.12293315 0.944269717 1.67266965 1.38758457 1.05434477 0.771211028
    1.55311465 1.51417911 0.776389122 1.6484437 0.974153578 0.863286495
    1.22829378 1.58995473 1.17351127 0.750501037 0.91691941 1.63069475
    0.852743268 0.951548994 0.828820527 1.40429771 1.00105619
    0.916056573 1.59056187 0.836101115 0.838372886 1.45449924 1.70830429
    1.72539437 1.01354957 1.14057744 0.986851573 1.19267094 1.68347383
    1.65958047 1.81307375 1.69616294 1.67002285 1.23260903 1.76277363
    1.2933594 1.09727097 1.59514797 1.61253417 1.59768987 1.15639281
    1.70206368 1.53858316 1.33382773 1.0572809 1.66166937 1.2238729
    1.12145507 0.932240367 1.68567789 0.787411213 1.07909691 1.53522432
    1.37478042 1.38692141 1.52195847 0.784209311 1.45977652 1.65835488
    0.966183662 1.71820581 1.45174098 1.37327778 1.39840186 1.14270902
    1.18115079 1.52493632 0.943806231 1.44932592 1.12672997 1.57427025
    1.07823563 0.983518898 1.01784718 1.59052169 1.01006401 0.76229614
    0.897564948 1.43364489 0.828098536 1.01559186 1.18447387 1.01032615
    0.720715642 0.938661397 1.61705005 0.788917243 0.83788383 1.03083944
    1.70442593 1.19983876 1.82618713 1.73559189 1.10066056 0.751464009
    0.914487779 0.721068799 1.34543347 1.31095302 0.924831867
    0.830429554 0.986725688 1.24544656 1.11265445 1.13660932 0.711615145
    1.06554782 1.06504691 1.07742953 1.65184116 1.00311589 1.09726751
    1.65920627 0.947481215 1.19026852 1.13653779 1.19437158 0.741132915
    1.37498951 1.68341136 1.14138222 1.83354998 1.86382687 1.49583685
    1.52041972 1.15239251 1.63070202 1.7517736 1.66468167 1.41544557
    0.841407776 1.58044612 1.41767156 0.862541616 0.756225646 1.01704824
    0.930857003 1.18731689 1.77781248 1.59331846 1.31965744 0.853993595
    1.15593386 1.19221377 1.69678307 1.33734393 1.62056339 0.817167103
    0.979869306 0.617758393 1.64923465 1.1879915 1.44193661 0.982148886
    1.32104886 1.50731468 1.23072624 0.748244345 0.687955797 0.69326508
    1.3845973 0.81291616 1.30416477 1.40110648 1.42162991 1.2472738
    1.13062656 1.26959002 1.42374516 0.735215485 1.14130759 1.59593415
    1.59821856 1.25690484 1.70915675 1.28666079 1.60710025 0.746942937
    1.66210592 0.892447591 1.10917318 1.05508018 0.970643222 0.945701003
    1.45756841 1.19030368 1.23395228 1.46224523 1.61526346 1.3224591
    1.31820333 0.889361441 1.49685359 0.820406735 1.08560252 1.06938457
    1.31895328 0.796708763 1.25268543 0.979969501 1.50922477 1.26041281
    1.24746585 1.08931792 0.795866251 1.43475235 1.05508125 1.0859127
    0.801096201 1.62781179 0.788573027 1.39076662 0.743772686 1.4464674
    1.17710912 0.850753188 0.972830355 1.7097708 1.00824475 1.54555631
    1.61535633 1.16775131 0.852978945 1.2627058 0.907760441 1.46622038
    1.66171122 1.06559157 1.40381956 0.879071891 1.10653865 1.08861089
    1.1029793 1.41732705 1.11631453 0.948411345 0.713399351 1.45743477
    0.809197664 1.23551011 1.53958499 0.645229101 1.31926441 0.72541821
    0.706248343 0.635444343 0.664379299 1.43452477 1.29251039 1.48178971
    1.47749031 1.56938219 1.39837897 0.891488016 0.791242301 1.11622155
    0.710094631 0.91883415 1.23184073 1.52545381 0.903770089 1.66402638
    1.02857828 0.787389934 1.09800315 0.752816439 0.997589231
    0.868101478 0.674322486 1.04298115 1.16381586 1.1355505 1.47483253
    1.26743412 1.71344745 1.42604935 1.25366342 1.44001508 1.22432685
    0.757857382 0.913742661 0.820367396 0.738616705 1.51893151
    1.13877583 0.926566422 1.40015805 1.68446636 1.4973805 1.24884856
    1.5211792 0.945275664 0.787098289 1.68662834 0.897676468 1.28328967
    1.36352229 0.808278203 1.52486622 0.79472208 1.50360107 1.71458888
    1.26097441 1.07699025 0.817275465 1.05465949 1.28156674 1.10802042
    1.11271453 0.969168782 1.58019686 1.26771951 0.999335408 0.831124485
    0.816764951 1.01505184 1.6279434 0.785855412 1.01050377 0.952036917
    1.64218748 1.07046247 0.846796036 1.46910965 0.790133655 1.21086025
    0.89598161 0.766686559 0.859595478 0.657664835 1.50408244
    0.953503907 0.818695307 1.12749147 1.24230313 1.39640057 1.18945217
    1.14651918 1.20557976 0.639389575 0.601841927 1.16323113 1.46985757
    0.831358969 0.886963546 1.31338263 1.65578914 1.75139725 1.07581317
    1.17685795 1.34857047 1.3163693 0.939024925 0.78463006 1.01948214
    1.18706799 0.777496517 0.702663898 0.66459775 1.11538208 0.8798123
    1.04824674 0.570597708 0.733779311 0.609491348 0.898187876
    1.40801108 0.906210184 1.55811155 0.815795183 1.59549022 1.52385557
    1.11897087 1.06298745 0.933560789 1.64428234 1.49438274 1.76544881
    1.31359112 1.1527822 1.30675089 1.53219712 0.966204882 1.25839031
    1.35443926 1.19822657 1.43267953 1.46215343 1.2598114 0.881923974
    1.54756081 0.693011642 1.26303697 1.25034845 1.50014162 1.17138577
    1.5437609 0.762673497 1.31251132 1.52539051 0.992803514 1.04954207
    0.884322941 0.722331166 0.733317018 1.33407235 0.944814622
    1.29608905 0.92086333 0.965020895 1.11584055 0.716577947 1.54316771
    1.43217039 0.933223128 1.5158031 1.39114642 1.53660524 0.916056156
    1.33163011 1.33617115 1.56576836 1.00372589 0.89674747 1.05182767
    0.626123726 1.21404743 1.23430872 1.58451438 1.52024961 0.895312667
    0.938115478 0.865268588 0.684465766 1.16684556 0.972835481 1.0547545
    0.756412506 1.37180638 1.20067728 1.61041105 1.13749659 0.872332454
    1.50816453 1.46854782 1.65071797 1.11123753 1.2255218 1.0714047
    0.664178252 1.34979856 0.60409832 0.919965863 1.03122711 1.45429575
    1.08048534 1.1452961 1.59427369 1.36676002 0.59575969 1.4945693
    0.787700772 0.867097378 1.40300858 0.79247117 1.32269359 1.51651978
    0.903098524 0.909491062 1.05253267 0.737108946 1.41186261 1.07453251
    1.19152367 1.5091759 1.2547586 1.18246996 0.945971668 1.43251324
    0.647614479 1.27290416 1.16356766 1.21549821 1.26032519 1.06688356
    1.23596358 1.31278086 0.904612482 1.05917025 0.90299958 0.796173275
    0.895077765 1.36267793 1.48183262 0.859250426 0.722914517 1.25011134
    1.15715826 0.553229034 1.3368572 1.07343447 0.722711802 0.658103526
    1.37101555 1.58759868 1.1736697 1.16085994 1.40178204 1.3614707
    1.05982232 1.00776577 1.2899456 1.31859004 0.977236569 1.2713958
    1.32550597 0.810502768 1.36235452 0.632261276 1.00142598 1.17007935
    0.781337798 1.18222427 0.564799786 0.765689433 1.30332208
    0.828876615 1.37255979 1.3059243 1.54731798 1.64908326 1.52450275
    1.36513364 1.17012012 1.60565686 0.661895573 1.32306755 0.625920951
    0.944265068 0.835309863 1.15760159 1.42464638 0.802253187
    0.694879711 0.778913498 1.51375735 1.35097909 1.28179324 1.12197363
    1.64670086 1.28606117 1.34652352 1.28035522 1.0608989 1.51019001
    1.24125934 1.63597882 0.906249166 1.3079915 1.1263423 0.881431222
    0.934186757 0.8793571 1.52443564 0.646471679 0.731730938 1.18707561
    0.80397284 0.507323384 0.531494737 0.796141744 1.40754616
    0.969092786 1.50758827 1.25497031 0.960498393 1.19889045 1.57106137
    0.833804011 1.06835818 1.50386119 0.902975321 1.28025651 1.33019292
    1.30167341 1.26635146 1.52659619 0.524321139 0.519004643 1.25282943
    0.92938447 1.29692829 0.712194741 1.27319014 1.17792964 0.658732057
    0.995259821 0.845962167 0.84569037 1.35486376 1.45215881 1.54500246
    0.98989743 1.21721995 1.52349854 1.04172111 1.0653981 0.811163247
    1.22239363 1.26994443 0.863978446 0.485744566 1.08125508 0.453157306
    0.996979475 0.845195234 0.922637463 1.38145256 0.818753839
    0.78712368 0.490130037 0.943968356 1.27516532 1.01158011 0.920196593
    0.777378023 1.24985778 1.30127656 0.521149278 1.35715723 1.29024303
    0.94270581 1.49945807 1.4061476 1.58162558 1.13999927 1.11297166
    0.604931653 0.65174675 0.899603486 0.902127564 1.22779691
    0.849815547 1.17256546 1.38888967 1.2138207 1.24326253 0.946316659
    1.15410352 1.00517225 0.53959769 1.14865386 0.527963221 1.40111876
    1.21887612 0.784240961 1.34413624 1.01538658 0.997403622 0.453630745
    0.532480955 0.599693537 0.652401268 1.37826097 1.17083728
    0.650767088 0.988102257 1.34130585 0.852968216 1.34941638
    0.596909165 0.916187584 0.738107979 0.8745628 0.519327819
    0.824139595 0.910541654 1.18520641 1.11698484 0.884971082
    0.710758746 1.29267573 0.661960661 1.25763869 0.933626771 1.30648851
    0.67492801 0.994324744 1.16593814 1.22548449 1.2392087 0.76716423
    0.617926002 0.863508165 1.2452414 0.808960795 1.29520702 0.541874647
    1.30191529 0.921747565 1.26965976 1.07197726 1.23195457 1.1910392
    0.4298397 0.53808558 1.14922273 0.641091168 0.825664818 0.751119733
    0.621177077 0.500523508 0.768010855 0.651097596 1.14801455
    0.442359507 0.829144955 0.779974043 0.497873247 0.630293131
    0.85679704 0.612921476 1.24153292 1.35920036 1.32303154 0.772697747
    0.527661562 0.919847727 0.977684915 1.41833246 1.15965629
    0.497340173 0.469360292 0.899151444 0.914387763 1.4525975 1.44720876
    1.19800067 0.850818753 1.49258649 1.43298328 1.11533797 0.535046101
    1.24991179 0.911567271 0.476106048 0.717460871 0.568192005
    0.805142105 1.37002814 0.713850498 0.617058516 1.12949634 1.29493093
    0.958670616 0.47027874 0.437957406 1.34275723 1.0381794 0.911662936
    1.43080997 0.58009845 1.18209922 1.28778934 1.19333017 0.855709314
    0.902881563 0.936045468 0.562919438 0.54630357 0.847947478
    0.955783129 1.22100151 0.59531939 1.29267728 0.456920594 0.41838482
    1.31424439 1.28193283 1.33736849 0.66595155 0.568085909 0.674736917
    0.689450204 1.28702021 0.687494993 1.02828705 0.873821616 1.16814005
    0.858974636 1.2997334 0.855002344 1.36147749 1.21386933 1.32127225
    0.843353331 1.2895273 0.788413227 1.09001398 1.1794548 0.78908664
    1.14381063 1.12646186 1.24350321 1.33888936 1.07007027 0.505809426
    0.530110836 0.660005212 0.602286637 0.499456793 0.922532082
    1.07942355 1.15548015 1.14006913 0.534344971 1.26633942 1.14934945
    1.2065196 0.696225643 0.47731185 0.56125617 1.37683105 0.658614039
    0.547561347 0.831305981 1.25969076 0.646060228 0.579130173
    1.14682865 1.07841313 0.860762894 1.40268064 1.53137755 1.3916502
    1.39239371 1.37501252 1.42698979 0.678087234 0.752340972 0.777886391
    1.40234697 0.74228996 0.712648571 0.725085437 0.906252146 0.82677108
    1.44715655 1.186818 0.807704866 0.889992058 1.27604413 0.898698151
    0.427083582 1.23551989 0.631114483 1.14484131 1.13368237 1.1090219
    1.08909428 1.34766364 1.5239501 1.24059522 0.460474223 1.03492236
    0.582835078</data></your_img>
</opencv_storage>
