<?xml version="1.0"?>
<opencv_storage>
<g>1.0900000000000001</g>
<r>2</r>
<filter-type>1</filter-type>
<circular>0</circular>
<L2_diff>108.84357786959944</L2_diff>
<test_img type_id="opencv-matrix">
  <rows>128</rows>
  <cols>256</cols>
  <dt>f</dt>
  <data>
    0.0665090084 0.528873861 0.529311836 0.862823248 0.198611856
    0.214782625 0.710496426 0.477332979 0.590919614 0.375554502
    0.716986001 0.84993124 0.773993969 0.81599021 0.553575635
    0.467688233 0.0431959331 0.34051916 0.434070975 0.524791896
    0.181788862 0.301555336 0.694854975 0.764097214 0.948026657
    0.667778313 0.00013667345 0.0568235815 0.983324826 0.66425544
    0.441703081 0.720780611 0.701173663 0.0503100753 0.492628098
    0.0986804068 0.185342938 0.952131987 0.110574365 0.946310818
    0.680119932 0.981900811 0.22228691 0.757615328 0.310305953
    0.385931253 0.553879857 0.736219406 0.695894122 0.446721703
    0.810388684 0.365133405 0.540135264 0.307440996 0.975094557
    0.852478862 0.817964494 0.323526621 0.710242093 0.932597756
    0.350184381 0.407950222 0.408778787 0.360864371 0.21607998
    0.358660161 0.0780856311 0.359515637 0.847964466 0.569005966
    0.704579592 0.394026339 0.303159654 0.375368953 0.369799733
    0.860813856 0.209937871 0.861567378 0.39936614 0.185919553
    0.422740757 0.817084372 0.773207545 0.492541611 0.25367111
    0.504119277 0.329187095 0.344664752 0.674427152 0.561982393
    0.697606862 0.723274708 0.613072276 0.960297465 0.651547313
    0.157273918 0.600520968 0.803972721 0.333979189 0.972515941
    0.867696881 0.84448719 0.312229127 0.0520650148 0.438661158
    0.820996046 0.357088923 0.369141161 0.993247151 0.701259911
    0.959633827 0.0850678682 0.310534775 0.832970142 0.362250239
    0.447563708 0.855111718 0.425464869 0.422669381 0.723457575
    0.815464497 0.447071314 0.949771404 0.733440101 0.200326979
    0.711575031 0.91414237 0.577885509 0.594117403 0.0838169158
    0.829380989 0.367765963 0.799638152 0.783262491 0.0991997123
    0.390329599 0.493030608 0.0215506554 0.302545428 0.535844922
    0.943444014 0.401851535 0.746449709 0.926012695 0.446214795
    0.156640559 0.744044483 0.295671672 0.599434018 0.190725148
    0.220053226 0.902775526 0.358588547 0.794380903 0.21430254
    0.346364558 0.276921928 0.795161903 0.928275406 0.256209791
    0.1569677 0.418518931 0.228076845 0.887479007 0.576719701
    0.0241183043 0.345703393 0.897803366 0.974667549 0.944375813
    0.270424396 0.407937109 0.435718149 0.0322770178 0.805374146
    0.625660837 0.000791937113 0.151357621 0.524176657 0.339820027
    0.950478554 0.306939244 0.763196826 0.646251261 0.0961209238
    0.381700367 0.69638741 0.645699799 0.974869013 0.87790525
    0.620492041 0.0207405686 0.894608974 0.462430298 0.728796721
    0.194671392 0.920501709 0.394271106 0.212156057 0.392030001
    0.973545313 0.45676735 0.107115865 0.434722722 0.491361231
    0.723419309 0.588580608 0.735377312 0.77455467 0.383738637
    0.485985518 0.849637985 0.818079948 0.0217718184 0.872121453
    0.406259894 0.481354505 0.353709489 0.700146079 0.43430537
    0.730803847 0.62669158 0.00208637118 0.270279616 0.517297566
    0.0544860959 0.436750889 0.211319864 0.418423891 0.53523016
    0.678812265 0.987578988 0.967663646 0.234823853 0.34002322
    0.756553471 0.277432144 0.327378154 0.58933574 0.864969373
    0.0683235228 0.346721679 0.780981719 0.81504184 0.980972052
    0.993514776 0.92106545 0.496543169 0.0240119696 0.268150091
    0.746938109 0.789912701 0.19544515 0.0516556799 0.322267711
    0.452727199 0.162326813 0.990250826 0.432681382 0.251072288
    0.195311636 0.953906417 0.682809591 0.131746024 0.0679878891
    0.0673065186 0.812804222 0.40311259 0.987391233 0.931041002
    0.036495775 0.970503628 0.310426265 0.896468699 0.35674113
    0.882001638 0.949602365 0.250343353 0.37071842 0.28489393
    0.666818142 0.508324385 0.0784889758 0.895371854 0.160149962
    0.452818006 0.836272478 0.350192487 0.597812295 0.590040147
    0.957974911 0.242789418 0.956813812 0.0707783997 0.263638407
    0.402954072 0.79669857 0.587745547 0.615927875 0.75648427
    0.134845853 0.750191092 0.43447113 0.158100396 0.13405329
    0.0109587014 0.441736311 0.369966269 0.0955047309 0.677137613
    0.757184982 0.766974688 0.780827641 0.681877553 0.165052742
    0.355674207 0.102402747 0.316451848 0.243398458 0.241130888
    0.774820864 0.282943547 0.352939546 0.403703809 0.716140866
    0.450474232 0.0825618804 0.000124692917 0.752349377 0.750550747
    0.479991913 0.0706472695 0.705601275 0.10748437 0.402208388
    0.16370526 0.600135326 0.262323558 0.299824238 0.883410811
    0.86654222 0.581974208 0.930449605 0.540816784 0.363829434
    0.335369289 0.249287874 0.973697841 0.395701647 0.967297256
    0.361265928 0.296968937 0.558976054 0.904173136 0.341455072
    0.61572814 0.308885843 0.722236395 0.745632708 0.557686567
    0.380866945 0.947638392 0.788408756 0.514726579 0.0278644264
    0.832416236 0.491537005 0.810254455 0.0135194957 0.828490317
    0.304298192 0.391318858 0.404856771 0.78454566 0.0961872041
    0.0651765466 0.465371966 0.79068017 0.201742023 0.000494629145
    0.628142893 0.896106839 0.909996629 0.53284204 0.195640177
    0.0580031872 0.0954950452 0.988068461 0.527356029 0.891958892
    0.675831616 0.379573524 0.516961157 0.949250698 0.0896260738
    0.974423528 0.648973346 0.349840581 0.61435914 0.0542772412
    0.0751534998 0.663532615 0.520494878 0.214488089 0.937601328
    0.797118306 0.558009267 0.392046332 0.850525737 0.0708268583
    0.552251458 0.98544848 0.913945019 0.809439301 0.331703842
    0.328462124 0.464079589 0.865453482 0.75280118 0.248279124
    0.850807905 0.608798444 0.425802022 0.304393053 0.700735211
    0.0510856211 0.264785707 0.469282269 0.888724089 0.213791311
    0.427895904 0.494453073 0.180779636 0.915696561 0.511399448
    0.419462919 0.168176681 0.265190095 0.76021266 0.983911991
    0.140139967 0.580276191 0.696695387 0.700318336 0.589522779
    0.874549866 0.997476876 0.255122423 0.984979033 0.882776678
    0.775185466 0.992600322 0.479591578 0.753139853 0.130249113
    0.87458086 0.609521627 0.673531413 0.448661476 0.965853214
    0.747004509 0.572968364 0.131879956 0.572094262 0.744336367
    0.0403703153 0.225140214 0.0623956323 0.665561497 0.432074279
    0.0184016228 0.0510756671 0.341930628 0.124326289 0.979018331
    0.353743136 0.138107151 0.434105873 0.269598752 0.726402581
    0.309592962 0.350305319 0.833565831 0.271683156 0.0444684625
    0.48352319 0.984429836 0.0308213234 0.65875721 0.53171885
    0.352564842 0.441054881 0.0799188018 0.107526153 0.276374012
    0.908478796 0.401539326 0.302152991 0.490864664 0.402879119
    0.532667696 0.182801515 0.235359758 0.0697283447 0.687036395
    0.239080966 0.664540648 0.385289788 0.505184352 0.334587306
    0.719693363 0.066732347 0.387266338 0.0256396234 0.846775532
    0.297259867 0.0142498016 0.353808731 0.843233824 0.200278968
    0.825817704 0.217840463 0.00991624594 0.885184288 0.764346838
    0.642606139 0.450133294 0.529818594 0.621729374 0.712684095
    0.659802914 0.897239327 0.588472366 0.79840529 0.927170157
    0.556406021 0.528624833 0.603676617 0.632616162 0.0440226793
    0.117783159 0.518521309 0.120106608 0.504443347 0.884781539
    0.781462073 0.997877479 0.224311501 0.595620811 0.111294448
    0.459946662 0.488920927 0.276407599 0.500894368 0.383048505
    0.448978484 0.63241291 0.681537986 0.354406714 0.950531125
    0.0437785983 0.0893902183 0.234007806 0.74073422 0.619550526
    0.871759772 0.640132666 0.415796161 0.705408335 0.333907247
    0.500263333 0.017418623 0.585815012 0.789989114 0.164604366
    0.611227214 0.0161258876 0.0285852253 0.30199185 0.667945266
    0.761758327 0.387584329 0.641829967 0.318668962 0.895462632
    0.010227561 0.328114718 0.624735355 0.399634719 0.936782122
    0.231788754 0.141397387 0.417479545 0.811356664 0.137931526
    0.0346123278 0.496147215 0.383842856 0.395554692 0.226752907
    0.577841401 0.00269696116 0.536100388 0.187049568 0.380409002
    0.2392703 0.309668541 0.41906625 0.434050053 0.237375379 0.293289185
    0.78517431 0.600043178 0.248724073 0.619506359 0.587594092
    0.218649089 0.607516527 0.576118588 0.869865298 0.574364424
    0.71777463 0.67873323 0.986481667 0.505604744 0.607842684
    0.262231052 0.296268046 0.936708689 0.321825027 0.168533534
    0.248330623 0.368341774 0.01331532 0.928323984 0.141334027
    0.494498551 0.886050463 0.484845847 0.643924952 0.447654545
    0.356426001 0.843179584 0.611088276 0.418798745 0.777413964
    0.96219027 0.0557100475 0.675074339 0.901638746 0.750460863
    0.628812075 0.69295752 0.220630616 0.486199886 0.689258337
    0.343390465 0.839748502 0.858515918 0.783013165 0.729552388
    0.674929023 0.439925909 0.29354161 0.678803325 0.00213384628
    0.325521439 0.33549422 0.100632817 0.367923975 0.615522802
    0.547424316 0.0983231664 0.549222291 0.482130229 0.128871471
    0.537834108 0.883585632 0.805899322 0.370423615 0.988434553
    0.216260731 0.251909077 0.293261528 0.394420445 0.190132707
    0.103768647 0.182483166 0.966312766 0.82733953 0.777718604
    0.779164314 0.900968671 0.0341066718 0.710965514 0.136244535
    0.854108453 0.314316034 0.389502585 0.91151762 0.729937196
    0.0633227825 0.226361394 0.196228713 0.520723283 0.313691974
    0.219594121 0.996180654 0.290583432 0.402045667 0.109828115
    0.094542712 0.112341732 0.789645731 0.343439668 0.850470722
    0.666005135 0.146991074 0.788852096 0.00210779905 0.954986632
    0.327454269 0.772360146 0.00230300426 0.966389477 0.472288936
    0.359650344 0.878687143 0.865591168 0.277078152 0.845986485
    0.443714142 0.816689312 0.515748262 0.34152633 0.828179479
    0.997744381 0.914818466 0.52736491 0.59226805 0.232147545
    0.0547660887 0.707855821 0.748593569 0.68583262 0.934380889
    0.949894845 0.843795717 0.195931435 0.855244875 0.693004966
    0.44558239 0.841997981 0.511809766 0.0718949437 0.546380937
    0.972344398 0.802355886 0.862074018 0.43636319 0.629646122
    0.76327312 0.010666579 0.722326994 0.724476695 0.900692701
    0.0855571926 0.29745549 0.462675989 0.595700502 0.782621026
    0.692267299 0.163503557 0.594532132 0.938625932 0.65177846
    0.528678536 0.787567616 0.941461265 0.30701077 0.940977573
    0.984287143 0.743091345 0.435929179 0.91248399 0.619569063
    0.161912829 0.440694928 0.54608053 0.947372556 0.839778304
    0.79578805 0.95860064 0.701714814 0.951969683 0.413936853 0.15725407
    0.31066069 0.423371047 0.386173189 0.782927036 0.541567385
    0.671503186 0.60909909 0.477543533 0.0353369415 0.291491389
    0.175515115 0.499444187 0.935921192 0.195657402 0.794731617
    0.513023555 0.85924679 0.295449555 0.223888636 0.402830958
    0.027267009 0.52509141 0.119383246 0.395248324 0.736353338
    0.697110176 0.598178744 0.201116323 0.580690384 0.0921934545
    0.859149277 0.895819306 0.534233212 0.763655841 0.427572906
    0.891625404 0.800650597 0.6523 0.209544867 0.0154579282 0.520235121
    0.735575914 0.186274976 0.307363003 0.125376582 0.355999738
    0.35911864 0.852401376 0.33819297 0.575695634 0.664423347
    0.969559848 0.707033336 0.753727794 0.397753596 0.015201062
    0.921019971 0.0828473568 0.330791473 0.961286724 0.845151901
    0.541485667 0.237155855 0.407815397 0.611083746 0.268153906
    0.0115355551 0.772843003 0.602344155 0.661755741 0.0744185448
    0.492690414 0.690890849 0.15351665 0.790383518 0.51151967
    0.563744009 0.204251021 0.646908879 0.773369551 0.255916297
    0.651156723 0.219704539 0.649568021 0.459919989 0.906179428
    0.905779719 0.202450037 0.953920722 0.419755101 0.415403396
    0.383304507 0.161181182 0.284584582 0.393851876 0.944835544
    0.183477044 0.0469590127 0.114586115 0.155086398 0.00650930405
    0.0642537177 0.802902699 0.812270403 0.748720527 0.33507365
    0.894231856 0.929029047 0.856824398 0.635349095 0.649434924
    0.446948558 0.150505483 0.101370811 0.243204296 0.247406274
    0.854813337 0.571497679 0.0145213604 0.224110842 0.503216207
    0.353154957 0.765149474 0.470017821 0.155667752 0.577526748
    0.0700782537 0.464667797 0.831957698 0.0881045461 0.0380672812
    0.353549719 0.412421405 0.220023364 0.645714521 0.886008143
    0.377714723 0.915637255 0.854243875 0.965707421 0.195061743
    0.928476691 0.323449075 0.0467402339 0.0535654128 0.380616277
    0.488541156 0.827367842 0.473867953 0.287070632 0.325816333
    0.514905572 0.229178041 0.270049274 0.625858188 0.484085739
    0.413601309 0.0549799204 0.501744986 0.284556508 0.558408797
    0.285595268 0.839752853 0.547861874 0.559860408 0.622092426
    0.20649299 0.329334974 0.786595941 0.958885193 0.67473948
    0.364695072 0.280078232 0.99845171 0.681833744 0.631370008
    0.445456713 0.796671033 0.29603231 0.782311201 0.928436279
    0.318908036 0.346523941 0.3239609 0.787386239 0.00781801343
    0.942632318 0.339831889 0.32882607 0.0450569987 0.0572607815
    0.119798899 0.0697262287 0.208957851 0.337643772 0.156185627
    0.097352773 0.372294009 0.902252793 0.372055829 0.376468033
    0.815940261 0.160986632 0.703206062 0.190190524 0.730766714
    0.85819447 0.286522746 0.349594057 0.989051223 0.0724627972
    0.426207513 0.302785218 0.496600598 0.475696772 0.106362075
    0.996410966 0.227194101 0.750764847 0.24664706 0.842808366
    0.00162020326 0.656580091 0.448782474 0.406467557 0.392091155
    0.782044291 0.0372395217 0.956929922 0.871480823 0.54211843
    0.654643655 0.14883703 0.679009855 0.509523332 0.574693143
    0.240840405 0.0285512209 0.473247737 0.573776484 0.350122124
    0.104164958 0.632764876 0.0608152449 0.54462266 0.651391625
    0.309504032 0.0656072497 0.502320945 0.297997683 0.14282465
    0.900077105 0.706995726 0.144119769 0.926287055 0.288295567
    0.779387116 0.913832486 0.920130193 0.58486402 0.522473037
    0.13834703 0.233322948 0.475372165 0.545157611 0.977526546
    0.614556849 0.724362016 0.404899061 0.390218347 0.636138856
    0.418338239 0.0782824457 0.37304613 0.984197617 0.980860829
    0.12868464 0.26642105 0.10826382 0.602974474 0.863110304 0.134579778
    0.455506533 0.0697686672 0.617255688 0.120409429 0.919276237
    0.62004447 0.612803221 0.412970603 0.541526377 0.2936441 0.805943608
    0.983487844 0.685795724 0.89268446 0.890436649 0.74835825
    0.922798157 0.261650831 0.805282354 0.987343431 0.589767277
    0.34526521 0.964431167 0.619231701 0.676662147 0.244039416
    0.966170847 0.854414701 0.648540199 0.466221213 0.746743262
    0.293480933 0.522133172 0.378335595 0.711632252 0.817142904
    0.988112092 0.0816449821 0.915779233 0.145515025 0.674790978
    0.114306092 0.00163519382 0.0417588949 0.530528605 0.725025773
    0.496897697 0.012206763 0.789659023 0.224656969 0.543710172
    0.0474871695 0.0675564706 0.428513497 0.577057183 0.368291646
    0.489986897 0.323792398 0.767572045 0.525755286 0.814800382
    0.020203054 0.725202858 0.790466011 0.719548345 0.421037287
    0.271148622 0.273841977 0.382221103 0.766017735 0.146430641
    0.962506294 0.120894969 0.579240203 0.755291879 0.551945031
    0.469124794 0.784890771 0.637845635 0.970600605 0.382784188
    0.718541503 0.177781373 0.408815444 0.565466046 0.989506006
    0.988874912 0.126092523 0.911277294 0.495341688 0.0378781557
    0.852963269 0.531139493 0.638254046 0.25386399 0.683110118
    0.300433576 0.70776999 0.645646334 0.828361392 0.5637272 0.353118956
    0.238810062 0.126910031 0.14994213 0.582969069 0.189065784
    0.611955047 0.817301393 0.724629045 0.808515429 0.148678511
    0.534126163 0.220825821 0.965897441 0.28190735 0.353859127
    0.936641693 0.280333996 0.0898926854 0.045809567 0.66190666
    0.229584992 0.965120196 0.70534271 0.257535458 0.0755880773
    0.815333128 0.103486151 0.991800666 0.143707365 0.0546570718
    0.421503514 0.785445929 0.151721805 0.028945595 0.725652099
    0.571611166 0.725474656 0.25173986 0.414600492 0.312590271
    0.145563751 0.899936557 0.954668283 0.561612427 0.206467748
    0.409983307 0.528384209 0.27344811 0.606793106 0.053439647
    0.26525104 0.159474492 0.252176285 0.192028314 0.757882714
    0.181577593 0.648854733 0.788559437 0.387667537 0.446819067
    0.61081481 0.897718251 0.955354691 0.33830595 0.678969502
    0.249060601 0.0067923069 0.965458155 0.167192638 0.930179417
    0.836800575 0.169807017 0.61850512 0.359969437 0.300448835
    0.78328979 0.19789499 0.0123685002 0.375118852 0.774650812
    0.66546607 0.312197626 0.655179143 0.25948441 0.850065887
    0.700248122 0.543455482 0.156873614 0.155454874 0.346405089
    0.196221381 0.818327367 0.0456109047 0.163499147 0.58345741
    0.497257173 0.330554724 0.0276353955 0.898628473 0.016176641
    0.445739776 0.409202486 0.256484836 0.864672244 0.224152058
    0.971083164 0.532194495 0.244241685 0.529776156 0.671091437
    0.141890854 0.159337938 0.627979815 0.690461755 0.805504799
    0.467573762 0.884625316 0.923171043 0.465682626 0.139107943
    0.589110732 0.637203395 0.804284811 0.224165589 0.877925038
    0.646468043 0.866432309 0.125364363 0.380715281 0.315207124
    0.415381014 0.882966518 0.994064212 0.760074139 0.136976868
    0.584671438 0.295144737 0.462233216 0.744493246 0.628771424
    0.128754228 0.912943482 0.899072111 0.104605377 0.959780574
    0.110576242 0.661768079 0.243443549 0.0398930013 0.644966006
    0.469196439 0.00973594189 0.821077943 0.970015168 0.251379311
    0.221738189 0.0528073311 0.659765601 0.654319942 0.97592783
    0.494968534 0.667520165 0.636596203 0.132849663 0.10068655
    0.265494049 0.933667839 0.592817724 0.189890563 0.217950463
    0.194794357 0.991908193 0.636393011 0.00136250257 0.299737811
    0.117958903 0.588140905 0.323486358 0.593617082 0.015740931
    0.399256855 0.747398615 0.554299057 0.736065626 0.567985177
    0.359688163 0.621258914 0.143145651 0.326700807 0.890263379
    0.988586307 0.941573203 0.595584691 0.304651886 0.635032296
    0.879605532 0.928460121 0.335446954 0.00146397948 0.586310744
    0.257770807 0.598754644 0.320636004 0.70579356 0.214371979
    0.811761737 0.965816915 0.643466711 0.291455209 0.922588587
    0.178957462 0.283303231 0.281735241 0.00580891967 0.339515358
    0.178417414 0.231857717 0.672964334 0.794748783 0.524361908
    0.885359287 0.927898526 0.131151021 0.860289574 0.263223708
    0.668984175 0.872400761 0.643187165 0.0560434461 0.829302311
    0.770816386 0.549277186 0.447638333 0.157020271 0.659955561
    0.266080499 0.751443267 0.0678353608 0.291395009 0.556586146
    0.388293535 0.38953194 0.23152864 0.0626471341 0.591657341
    0.303540587 0.736473083 0.892471313 0.146169454 0.0175997317
    0.406433493 0.558576047 0.455193847 0.241109043 0.80701983
    0.771982908 0.221429795 0.360037923 0.686717212 0.0778587461
    0.471494615 0.273634255 0.339414418 0.90714252 0.497114807
    0.0273286998 0.735578239 0.149570137 0.236008227 0.128277808
    0.668509901 0.610726893 0.834805012 0.0141427815 0.0883791745
    0.628654361 0.130447388 0.108289301 0.837716818 0.589967847
    0.207180589 0.153597564 0.35555023 0.315227211 0.830512524
    0.814672112 0.741053641 0.250393987 0.358825594 0.0374518633
    0.7892977 0.41190055 0.462722003 0.00712418556 0.562552333
    0.950690448 0.605163872 0.520607173 0.191401273 0.666846871
    0.734977305 0.811465025 0.381666958 0.517304838 0.0950897336
    0.447813988 0.923897505 0.279392838 0.787459373 0.141290098
    0.266048193 0.621965826 0.526108921 0.894228816 0.398916721
    0.852187991 0.464478821 0.528554916 0.949437618 0.19503063
    0.693190098 0.924280524 0.108704239 0.490511358 0.0812740326
    0.79751879 0.899521291 0.611258149 0.753243685 0.682638347
    0.508862257 0.545617282 0.206390798 0.976720095 0.984887481
    0.532503843 0.083804369 0.377578437 0.172671616 0.886834383
    0.831371963 0.346721232 0.813964009 0.995456576 0.502908468
    0.0834345222 0.566387951 0.563690424 0.113499403 0.323762327
    0.453494012 0.479199052 0.263793141 0.732244909 0.924401879
    0.820052505 0.789935112 0.637690067 0.300567925 0.0391999185
    0.944825888 0.27398634 0.703107178 0.700819254 0.617954314
    0.727126002 0.373963892 0.929829895 0.990940213 0.762665749
    0.540963113 0.251679599 0.450810283 0.873230815 0.400021404
    0.273375958 0.333882511 0.265355468 0.899543405 0.775623679
    0.977279305 0.1986067 0.483983964 0.124963552 0.415548384
    0.942278385 0.0599105358 0.300239176 0.753160715 0.225725502
    0.805734515 0.046859622 0.382476956 0.845803857 0.246362716
    0.765093207 0.231691688 0.14523223 0.582100451 0.204727113
    0.560122848 0.703323007 0.282660216 0.627846539 0.773004472
    0.23439002 0.352856815 0.226017863 0.345874608 0.125538975
    0.961456954 0.836181164 0.66937685 0.0189285278 0.0774745047
    0.0624731779 0.171235979 0.100499302 0.754544616 0.716166079
    0.255046189 0.176849395 0.43705225 0.431330472 0.479529768
    0.412234098 0.183684498 0.0476936102 0.935508013 0.26377067
    0.433319122 0.555668533 0.523663223 0.165536642 0.142910004
    0.887029171 0.758886695 0.516921043 0.983766437 0.0389055014
    0.835150003 0.117332011 0.103804469 0.225299656 0.072181344
    0.040024519 0.213592082 0.712752819 0.900625944 0.0594541132
    0.467749894 0.0754366517 0.825347781 0.460411042 0.817400217
    0.349638283 0.559180021 0.929002285 0.65944922 0.455076247
    0.208005548 0.695161462 0.498062015 0.84806639 0.320496261
    0.891286373 0.654215336 0.353565246 0.451774538 0.933814108
    0.912855029 0.231979251 0.162842274 0.154115736 0.288951397
    0.184443921 0.603120387 0.223351151 0.59029156 0.50540483
    0.335305989 0.549229562 0.586631715 0.77562654 0.280326188
    0.344753325 0.56936121 0.703950107 0.949791551 0.371526122
    0.865716696 0.390076816 0.264137179 0.518858254 0.76092279
    0.225080222 0.607294917 0.34714514 0.0207729936 0.597183049
    0.122603983 0.345261574 0.167920887 0.384543926 0.346982241
    0.400551617 0.970314443 0.735679924 0.539305329 0.255476356
    0.0309508443 0.5438959 0.789730072 0.182182252 0.113304943
    0.294019133 0.170390934 0.209789187 0.360435396 0.494699568
    0.661740482 0.340900064 0.684527814 0.246330678 0.216868162
    0.996955156 0.0295960605 0.476588428 0.517626464 0.871861339
    0.851830363 0.506619573 0.170475751 0.846663237 0.649129272
    0.900642931 0.564504802 0.191739798 0.285316288 0.842356443
    0.544179678 0.119644344 0.0762600005 0.445873171 0.0622903407
    0.486105144 0.178931028 0.0182880461 0.146417052 0.934901595
    0.0805073977 0.564327538 0.26086539 0.248881429 0.876194358
    0.179015934 0.200019121 0.776811361 0.0734908283 0.0279754698
    0.0250371993 0.0767709613 0.221584231 0.198727846 0.856853247
    0.856812 0.0595190227 0.340283811 0.0549038351 0.999514937
    0.785287142 0.063652426 0.476268172 0.805106997 0.0444790423
    0.769645989 0.11993289 0.375166684 0.610890388 0.548402607
    0.762931168 0.0904173851 0.331723422 0.425023109 0.879768968
    0.77475208 0.379426062 0.100768834 0.232410848 0.432986617
    0.198385566 0.553061247 0.888517916 0.344930589 0.595534503
    0.364494771 0.975369096 0.554636598 0.388321668 0.439550042
    0.165790617 0.196285397 0.599863231 0.218841076 0.458505929
    0.730902314 0.811355412 0.18092525 0.181164473 0.210558176
    0.482292265 0.82371521 0.956258416 0.540550113 0.453491896 0.6578511
    0.394648761 0.479029089 0.918238699 0.486870319 0.972158432
    0.668723643 0.340461046 0.746945143 0.866108179 0.749664009
    0.424798191 0.251876891 0.516924858 0.216361284 0.839370131
    0.429543465 0.48640725 0.0356411934 0.989660382 0.956325114
    0.260626674 0.123200536 0.0507341325 0.576251447 0.968868256
    0.935657799 0.177685648 0.753133774 0.556171179 0.827242732
    0.96937561 0.0926769674 0.475774437 0.889031589 0.94655025
    0.365644634 0.986291945 0.255083323 0.212832153 0.686770916
    0.121372789 0.145549953 0.183316171 0.77342695 0.404030144
    0.791367292 0.474413455 0.150446028 0.475828797 0.51718235
    0.450378656 0.733933985 0.310909122 0.090934813 0.382383943
    0.165880382 0.762052178 0.953260958 0.951830983 0.206560582
    0.00782498717 0.04568097 0.437178791 0.969477415 0.803400755
    0.0977985859 0.111332357 0.27359724 0.166241497 0.0115061998
    0.90893203 0.751158357 0.837321162 0.916435003 0.1546188 0.290830195
    0.336750001 0.8836357 0.81172359 0.661774755 0.508375227 0.916573167
    0.838500917 0.403121412 0.86982429 0.660045266 0.812749028
    0.847116828 0.85124445 0.00899606943 0.823861122 0.632916451
    0.236449122 0.192155153 0.736848176 0.416752934 0.838636518
    0.18878457 0.234355062 0.808278441 0.586243093 0.82548368 0.5556373
    0.733654857 0.608382046 0.998144984 0.0659664273 0.0848844051
    0.132811815 0.73020494 0.489140809 0.680656791 0.56308794
    0.495211095 0.440682262 0.679192901 0.459926903 0.595182002
    0.0177719593 0.0548039079 0.0918513238 0.37056309 0.23805663
    0.962143898 0.0783869028 0.644386828 0.103773654 0.390847713
    0.288159132 0.00720223784 0.936142445 0.402661562 0.20700255
    0.345646739 0.727296889 0.355398446 0.709568262 0.00534847379
    0.187725574 0.16763407 0.271488845 0.780550659 0.850992441
    0.222062737 0.357442915 0.859329581 0.581350148 0.0452176929
    0.51201582 0.178095222 0.455014467 0.0690658987 0.141580075
    0.742943108 0.796911478 0.35770309 0.942573726 0.948993385
    0.862920463 0.178742439 0.202506095 0.0325259268 0.697358668
    0.877273321 0.701115251 0.819070816 0.879004002 0.431024402
    0.546777308 0.534236848 0.225591034 0.361365825 0.0784544349
    0.174269527 0.482885659 0.214110225 0.148214608 0.455928892
    0.884993792 0.303619504 0.909799457 0.368932664 0.922523737
    0.737418652 0.804728091 0.273619115 0.375883281 0.742042184
    0.294026792 0.204985768 0.0364043117 0.952553391 0.749911129
    0.775987387 0.293722719 0.927750707 0.103438437 0.0437846482
    0.0061776042 0.760805011 0.00226294994 0.657498837 0.0336898863
    0.975343704 0.42035529 0.665437222 0.523507297 0.416926444
    0.410480529 0.94960165 0.607190788 0.699168801 0.19401902
    0.0364453197 0.901126981 0.316062987 0.973575294 0.747369885
    0.823526084 0.656938553 0.134760529 0.663396239 0.360294342
    0.704204738 0.395007908 0.0114572346 0.845090032 0.543895721
    0.410437346 0.015370816 0.505939543 0.739118993 0.338429481
    0.779984891 0.436251879 0.0858673155 0.681476235 0.675071061
    0.0402602255 0.133760095 0.653309882 0.0359514952 0.453504235
    0.756539643 0.460603297 0.0364328027 0.37591067 0.045593828
    0.0372518003 0.339584768 0.361858785 0.76427424 0.221840173
    0.202267468 0.908299804 0.0485156178 0.177239388 0.618897557
    0.236883909 0.938642383 0.123781443 0.684521079 0.269073218
    0.44190371 0.777885139 0.305192232 0.808411479 0.431018591
    0.277608365 0.56992352 0.873860836 0.211488217 0.688384175
    0.30955559 0.21787405 0.913555264 0.579887807 0.781520486
    0.295853674 0.0293143988 0.376724929 0.478617549 0.97925806
    0.0826259851 0.509208679 0.555306673 0.450741917 0.437312216
    0.687222123 0.403149605 0.20233354 0.0993139744 0.244786263
    0.13946259 0.683682323 0.531618059 0.892723858 0.895006537
    0.442794621 0.547604442 0.407684296 0.213491827 0.568110704
    0.158251971 0.985643923 0.942032814 0.300588131 0.423155993
    0.473933101 0.0131878257 0.553105533 0.801217318 0.07019642
    0.0416188836 0.850481272 0.317195356 0.832762003 0.917870998
    0.0500235558 0.495973617 0.552819192 0.442014873 0.98704654
    0.948114753 0.323298156 0.281423181 0.193984836 0.147380888
    0.547141254 0.0442578793 0.781265259 0.924319625 0.231965035
    0.209687978 0.0468100607 0.739254236 0.436326802 0.921751201
    0.109612972 0.897999704 0.508566916 0.263522416 0.503028452
    0.436397463 0.8656407 0.877782941 0.130359948 0.326703429
    0.197778136 0.320433855 0.897159874 0.110444278 0.7670421 0.91900456
    0.968490958 0.985822022 0.508805335 0.100324929 0.563484609
    0.137179464 0.0652163923 0.785444736 0.280755132 0.849069118
    0.630017042 0.131652415 0.212424636 0.391099751 0.907262444
    0.969353557 0.922500789 0.959458947 0.336770952 0.230047882
    0.913391232 0.337579191 0.983265042 0.80337882 0.509352148
    0.483652502 0.523361266 0.969201744 0.444798827 0.367490679
    0.712419868 0.171453267 0.889475405 0.226506591 0.647585392
    0.109313607 0.703083098 0.602246583 0.203545362 0.713010192
    0.65812242 0.255582452 0.459050477 0.127764225 0.88179934
    0.389926285 0.923775792 0.793610513 0.469522297 0.113724858
    0.705378532 0.149655491 0.595337868 0.14064607 0.647519648
    0.705128074 0.326073021 0.534585655 0.0274507105 0.315116525
    0.316918075 0.245330989 0.636221886 0.949293971 0.450337529
    0.0349917412 0.0186853707 0.511258304 0.521880329 0.763391256
    0.749387741 0.188977629 0.323326796 0.944088101 0.961772561
    0.850319982 0.0396996439 0.761359751 0.22498396 0.905391574
    0.317368805 0.995173216 0.274742961 0.940218687 0.717108965
    0.872094631 0.385760367 0.912390053 0.254644424 0.538606346
    0.822073936 0.268689364 0.908460677 0.424337745 0.385623813
    0.365293324 0.151533246 0.4443371 0.108368933 0.912053108 0.39524278
    0.0840807855 0.784381926 0.917778909 0.606185436 0.496374428
    0.838520944 0.677444339 0.77198416 0.721445084 0.143925965
    0.669718981 0.841069162 0.847397089 0.932222009 0.91191864
    0.538781524 0.988075078 0.197103977 0.396192551 0.0930423439
    0.434895784 0.672613978 0.323377848 0.578248262 0.245891392
    0.599652767 0.190463692 0.525040388 0.756420732 0.799660206
    0.222884446 0.155793488 0.266209275 0.121561795 0.16695258
    0.277181506 0.33181566 0.98612833 0.0305035114 0.552523732
    0.429790825 0.676672876 0.808922529 0.0314460993 0.853537321
    0.847609162 0.404635578 0.910746813 0.689577997 0.511103988
    0.608391583 0.824422836 0.135232478 0.876738191 0.159961253
    0.549712062 0.0480040014 0.572849154 0.275733292 0.366065383
    0.603872299 0.99802196 0.282830864 0.322114676 0.165134162
    0.81256628 0.245324403 0.21075362 0.653840661 0.186922431
    0.988461852 0.926583469 0.443226188 0.543011546 0.656334281
    0.220302522 0.841592431 0.00978216529 0.988536239 0.676960409
    0.554174185 0.905073524 0.873404026 0.801847696 0.657909036
    0.917954326 0.702436686 0.657635152 0.775909781 0.850854516
    0.834375978 0.0174028277 0.960715175 0.102479905 0.974892974
    0.189156413 0.989501119 0.0168580413 0.244014293 0.900288582
    0.100236237 0.0526811481 0.938270628 0.149793863 0.210143685
    0.121744424 0.561553776 0.270955741 0.583724022 0.259604484
    0.0365564823 0.324696988 0.435749054 0.576994956 0.359580278
    0.951535225 0.0183552504 0.887191534 0.663796723 0.140715808
    0.0476544201 0.0336774886 0.6082533 0.980501771 0.97582233
    0.15613842 0.1891132 0.562144756 0.431707948 0.713367641 0.191652417
    0.683720946 0.758368254 0.0743973553 0.77345562 0.578763008
    0.243761003 0.0964598358 0.0569364727 0.858172417 0.195614576
    0.602521658 0.439313859 0.693067551 0.20581907 0.396365464
    0.223807067 0.380749524 0.356226027 0.731196225 0.835961223
    0.389419794 0.463785142 0.999630332 0.36731112 0.915194154
    0.391767055 0.316370249 0.280256212 0.452768892 0.502958119
    0.358543724 0.661310554 0.0848359466 0.770683289 0.898522258
    0.293361574 0.596105278 0.983963609 0.285103917 0.149161428
    0.0917180479 0.999723434 0.672616541 0.0948232114 0.129988283
    0.140159249 0.973549366 0.324878097 0.965269804 0.407346338
    0.304674685 0.130443215 0.977248311 0.0330325067 0.965713739
    0.951680243 0.393077314 0.7229321 0.113366395 0.491454333
    0.412346244 0.76049602 0.149104774 0.901365757 0.143765867
    0.625838041 0.9410218 0.224316895 0.555727839 0.840681136
    0.220201015 0.348431468 0.84277916 0.950910807 0.941357315
    0.490932524 0.285709679 0.324597657 0.34717685 0.682454646
    0.48378253 0.720324278 0.593165398 0.928996682 0.844168961
    0.466652542 0.426289767 0.317989856 0.630886018 0.994547665
    0.811896443 0.950871527 0.284827411 0.420406997 0.0650172234
    0.658485949 0.653444767 0.844542861 0.816402793 0.943250656
    0.956874967 0.489895076 0.641465962 0.41681993 0.87176013
    0.475597054 0.0144049823 0.771930635 0.365831316 0.801574707
    0.433782995 0.0608320236 0.205881923 0.883380473 0.653000832
    0.322794557 0.677391231 0.478828579 0.219029993 0.79129827
    0.961473286 0.142507732 0.574281633 0.177990347 0.612862229
    0.776769757 0.280168474 0.578133464 0.985050619 0.11332503
    0.878173709 0.24273929 0.794398785 0.442013443 0.976631105
    0.868264139 0.0303921402 0.18269366 0.948702812 0.474465072
    0.728917658 0.779850483 0.646745205 0.407633275 0.997721434
    0.845984936 0.128096461 0.316249341 0.391831636 0.832511544
    0.1598351 0.35939759 0.00184822083 0.189294636 0.543999553
    0.524307907 0.371334046 0.757426143 0.827218592 0.00632369518
    0.00727796555 0.243615657 0.91098845 0.136927664 0.97039032
    0.164350212 0.997253954 0.190745413 0.579535007 0.810300469
    0.18598184 0.386055887 0.235870421 0.0759492815 0.00587055087
    0.981799424 0.181096494 0.0809117258 0.068629235 0.610841036
    0.360041976 0.990318537 0.236761421 0.136831701 0.398036659
    0.533229411 0.974707305 0.744022489 0.963659286 0.673015594
    0.503890157 0.488100827 0.523626566 0.186354429 0.797194064
    0.777018785 0.558790624 0.282615513 0.148695558 0.0814346373
    0.698868871 0.676764548 0.188450217 0.653470457 0.0472515821
    0.121687829 0.332294077 0.38868615 0.298025966 0.88524878 0.13333407
    0.292922914 0.33212769 0.427373946 0.514213979 0.851762533
    0.0206221342 0.974390745 0.517119646 0.149254739 0.608503699
    0.915644884 0.52387464 0.92150867 0.99273026 0.45887202 0.545606732
    0.935487747 0.442457229 0.321108878 0.474654227 0.138954997
    0.213852495 0.0496942699 0.373881102 0.955270529 0.366205126
    0.833240032 0.513627231 0.307911277 0.431441128 0.425927728
    0.453079253 0.104973882 0.830857277 0.158932567 0.153678596
    0.049513787 0.990983188 0.580931306 0.132323891 0.40782553
    0.300778389 0.653854311 0.610361218 0.1295228 0.121851653
    0.137355804 0.0241678953 0.595869303 0.0605166852 0.166056156
    0.877903819 0.0510775447 0.399588108 0.693515003 0.694847107
    0.766498804 0.533489347 0.40847826 0.332911074 0.596849382
    0.154331446 0.308999062 0.0863056779 0.0237103999 0.266426861
    0.845792592 0.885585546 0.360694289 0.775618911 0.341519326
    0.288089275 0.4359079 0.71155858 0.319093883 0.869009614 0.826020956
    0.624549448 0.846171498 0.803391218 0.455619693 0.249261141
    0.129659951 0.206550241 0.0707288682 0.412306726 0.767795324
    0.557741046 0.2294406 0.921283007 0.573631525 0.158409119
    0.164884388 0.790658891 0.608232975 0.88425076 0.381840587
    0.0717967153 0.820269585 0.798330188 0.870869517 0.801042497
    0.150968403 0.317965388 0.38694936 0.689086974 0.776544094
    0.103379816 0.134742588 0.111645609 0.505805969 0.0682089925
    0.6790663 0.794780016 0.399751693 0.633414984 0.523246109
    0.775256336 0.528115511 0.787197828 0.496877253 0.35530445
    0.134225965 0.0575324595 0.485539764 0.124402195 0.988961041
    0.802481771 0.428203195 0.0469613373 0.646437109 0.946663499
    0.522605836 0.0635420978 0.54269135 0.697356701 0.868582726
    0.967192411 0.101662427 0.412173837 0.429409325 0.986581802
    0.0524669886 0.455959618 0.0381616056 0.785382867 0.99763459
    0.0884659886 0.673906207 0.731998086 0.659491301 0.379311085
    0.297785312 0.929512262 0.0338562429 0.850338459 0.684775352
    0.226798713 0.870842814 0.0775313973 0.166295946 0.00918218493
    0.818965554 0.0964144468 0.608630776 0.609449923 0.667324126
    0.5612486 0.668242872 0.035554111 0.110970378 0.11393407 0.451115787
    0.0811730325 0.34611854 0.976629376 0.355138123 0.476762861
    0.114797324 0.869891644 0.565069199 0.0348366201 0.980280519
    0.767049074 0.341275781 0.535604477 0.775167465 0.0319912732
    0.449446976 0.679000258 0.937298238 0.118416548 0.466734916
    0.580135465 0.753189266 0.312571943 0.606581509 0.786913931
    0.561620474 0.137353122 0.248498052 0.373927414 0.868219972
    0.30243516 0.163884819 0.747790456 0.866451442 0.980028987
    0.985354543 0.431109726 0.641506553 0.099260062 0.164874226
    0.185547024 0.514233112 0.280817509 0.584872127 0.786772013
    0.236742049 0.438220114 0.604871035 0.514181256 0.393589497
    0.695610881 0.0750483871 0.0277633965 0.350238085 0.200635642
    0.863119245 0.909442127 0.459819257 0.249545634 0.984522104
    0.796260297 0.114702582 0.884165227 0.0160918236 0.816634774
    0.144848198 0.771302879 0.62530452 0.997244239 0.640856981
    0.793083787 0.202936918 0.62045449 0.739812732 0.868768096
    0.90438658 0.743215621 0.0400974452 0.141424567 0.411335051
    0.320293963 0.884545743 0.683298945 0.510920882 0.898613214
    0.434405386 0.254315794 0.270512462 0.241333008 0.157008886
    0.863185644 0.61222744 0.0243666768 0.182316154 0.00935173035
    0.754486263 0.461440086 0.281024933 0.862510145 0.777488172
    0.237356484 0.863007605 0.518734872 0.160100013 0.898120761
    0.411592901 0.737581372 0.478132039 0.219336838 0.310242474
    0.0421975255 0.0455847681 0.92493993 0.100515693 0.60707283
    0.379039347 0.083470583 0.762081981 0.887141585 0.128959358
    0.961534142 0.545823455 0.956847131 0.536220789 0.608783424
    0.574879467 0.929598927 0.956786513 0.670164764 0.767012596
    0.839422584 0.702472329 0.160719663 0.118292421 0.0177691877
    0.624483049 0.0480989516 0.320993662 0.138060093 0.189436853
    0.158707857 0.575099349 0.118516952 0.903241992 0.0764900446
    0.837108254 0.387288868 0.247568041 0.297908545 0.271452218
    0.421185493 0.171256244 0.968483686 0.416305274 0.486724645
    0.580482125 0.417762101 0.0979995131 0.716540813 0.945408344
    0.581767797 0.638438761 0.539233088 0.850645721 0.278959751
    0.132213563 0.73764056 0.564136982 0.640136063 0.623980641
    0.162060797 0.0644036531 0.591388643 0.560305297 0.152497709
    0.948372126 0.947482109 0.300871551 0.700541675 0.375170082
    0.834493518 0.0174848437 0.967422724 0.474165827 0.0413500071
    0.570763588 0.269354641 0.669648349 0.883925319 0.461054444
    0.555830598 0.939875603 0.0789949894 0.840739489 0.82738483
    0.592124283 0.239338011 0.428817064 0.462618619 0.12942332
    0.695611835 0.472390801 0.646968246 0.645932078 0.906736434
    0.770867407 0.96856153 0.281667262 0.36770016 0.428771198
    0.874043226 0.595060706 0.786839545 0.690864801 0.446699619
    0.764375925 0.720187545 0.0128867328 0.621739805 0.665410101
    0.602288365 0.735423207 0.563466787 0.685538352 0.297523856
    0.0150979757 0.955097795 0.125316441 0.818265557 0.213174582
    0.724764705 0.77425766 0.00813597441 0.445482552 0.4395504
    0.978059769 0.895681143 0.646676123 0.028321743 0.891169608
    0.771008849 0.673468292 0.51339823 0.521587133 0.251547545
    0.561058462 0.738993645 0.40742588 0.122405291 0.677244246
    0.751226664 0.79256773 0.727196217 0.283173114 0.838156581 0.3474015
    0.163320214 0.717414498 0.279210299 0.570233345 0.289421886
    0.453440547 0.919616938 0.530197024 0.209770828 0.899254322
    0.201697797 0.201867104 0.45232892 0.336540997 0.934561133
    0.577238798 0.828157604 0.66012764 0.660247207 0.919654846
    0.262722433 0.973774195 0.771052122 0.362027168 0.727270603
    0.933894753 0.248757422 0.116168737 0.666319191 0.916082025
    0.668846488 0.568299651 0.564786375 0.737017691 0.422201157
    0.630985439 0.613490701 0.785120308 0.0353584588 0.0982813239
    0.871251345 0.698890567 0.389842123 0.643001258 0.734838963
    0.219681889 0.792910814 0.846553326 0.698104739 0.789268494
    0.761071205 0.416675925 0.35018602 0.566710174 0.707921743
    0.0348937511 0.297421038 0.0852289796 0.0940096378 0.178562909
    0.306660622 0.826169312 0.427220702 0.156660795 0.63676542
    0.771659732 0.667342782 0.430880189 0.0809490681 0.706569552
    0.125035316 0.322477937 0.0715340078 0.536000252 0.463162601
    0.728207111 0.342633784 0.502189517 0.414652258 0.72083205
    0.452883184 0.9246943 0.206930637 0.29684031 0.744686723 0.134877354
    0.41627866 0.51775682 0.62693119 0.651311815 0.666577101
    0.0303485096 0.769894004 0.75188452 0.938682199 0.809988558
    0.367230117 0.905039012 0.116866201 0.652238309 0.395790756
    0.156104058 0.185211509 0.646525621 0.288909316 0.00692144036
    0.953731179 0.032058984 0.142771542 0.66143769 0.349433661
    0.804718614 0.197754323 0.169952989 0.808667898 0.103430748
    0.623206019 0.585103512 0.659723997 0.855702162 0.893191159
    0.161669552 0.290061831 0.469304085 0.175262362 0.764246643
    0.520926237 0.808004558 0.51499635 0.225090325 0.942177773 0.7692945
    0.351825178 0.653547168 0.328180254 0.399385393 0.221797675
    0.215907067 0.769048333 0.85333395 0.127738625 0.00665476918
    0.0733881593 0.480762661 0.802135706 0.577880681 0.579578638
    0.279129922 0.055414319 0.370581031 0.156444788 0.262779266
    0.689072907 0.403058946 0.234916866 0.151118934 0.549567521
    0.509877264 0.0908533037 0.823453724 0.487771988 0.342004836
    0.693514287 0.97324729 0.876372814 0.306905687 0.741977751
    0.229051948 0.256644368 0.829963863 0.435689956 0.262473375
    0.463822722 0.264672339 0.80441153 0.302692354 0.0349165201
    0.246630043 0.124309361 0.415379316 0.94326818 0.214445114
    0.0653179884 0.811519206 0.984894276 0.207598984 0.448210597
    0.324567199 0.797590137 0.911599874 0.457794338 0.643339038
    0.883221328 0.42485705 0.102605492 0.401856005 0.440881014
    0.710613549 0.605739951 0.333907634 0.0446639955 0.813958287
    0.602030337 0.421533495 0.436914235 0.763932586 0.0276314616
    0.734024525 0.496096551 0.264075071 0.10248521 0.0939287245
    0.222301155 0.498747408 0.660932779 0.986691952 0.851624548
    0.639360249 0.743411958 0.0291262269 0.757122517 0.0462656617
    0.0743160844 0.0186364353 0.930600345 0.703640997 0.921248019
    0.26940459 0.896157146 0.810587108 0.866579294 0.97054404
    0.508350551 0.0426502228 0.524198592 0.717761278 0.653770089
    0.454398781 0.925120831 0.162390053 0.519933939 0.669598937
    0.133608907 0.852203727 0.547304869 0.40136534 0.467568815
    0.880946517 0.141002208 0.516901731 0.340945274 0.748121798
    0.505775332 0.329616904 0.85329318 0.884907842 0.731434166
    0.484830052 0.9688555 0.0668469071 0.91863656 0.577106357
    0.965587735 0.129888773 0.215722889 0.61152786 0.227408081
    0.157566607 0.992846549 0.403012604 0.651233196 0.797923446
    0.468611658 0.724041581 0.863858938 0.140740663 0.797760606
    0.334446102 0.275830746 0.484476835 0.553130209 0.373014092
    0.993602753 0.918915033 0.192679703 0.59756577 0.0995592177
    0.94377327 0.990873218 0.00995606184 0.307469994 0.405311376
    0.579989195 0.706309676 0.0183565319 0.518656969 0.723340034
    0.965330601 0.25394839 0.970303893 0.70887512 0.625436962 0.69165051
    0.159618825 0.969211459 0.933534384 0.436802566 0.645069778
    0.812533557 0.985575855 0.385666996 0.1176368 0.673460722
    0.189047754 0.766917825 0.587459266 0.493146062 0.701731145
    0.858510733 0.293914914 0.469218343 0.0894354582 0.517499924
    0.104302227 0.997024834 0.701083779 0.59478569 0.471296191
    0.438077092 0.614025354 0.492801279 0.336102635 0.963752031
    0.79704541 0.153499484 0.523863256 0.948456764 0.39117831
    0.722088456 0.241627812 0.913958371 0.0361807048 0.357017308
    0.444503933 0.233467311 0.198272884 0.839104176 0.866514146
    0.64185375 0.790124357 0.367057234 0.403408408 0.628565907
    0.232429206 0.752220333 0.970966458 0.0513831079 0.95782268
    0.427541375 0.158786446 0.0624974072 0.145102322 0.855190158
    0.585954189 0.0951007605 0.987524629 0.924352705 0.883017302
    0.178515792 0.553364396 0.976128221 0.632319093 0.220912874
    0.869198799 0.266917884 0.252356112 0.106417894 0.207642585
    0.627185643 0.316291511 0.602078617 0.986156046 0.580305398
    0.360336125 0.954452515 0.859121203 0.110027701 0.673288703
    0.504224002 0.385682404 0.171552867 0.683924437 0.00300189853
    0.870502472 0.822839737 0.362894654 0.451118082 0.976516843
    0.670611322 0.147383332 0.310548276 0.521013558 0.171222121
    0.551704407 0.990386665 0.491654754 0.562629282 0.869918942
    0.314904809 0.0656611919 0.437970757 0.160303771 0.28832987
    0.746573091 0.361547887 0.438119143 0.28308472 0.996275246
    0.389409751 0.109119326 0.203309625 0.986789942 0.355303168
    0.13571766 0.22974509 0.492189825 0.817733526 0.0796095431
    0.71520102 0.0821169019 0.549980402 0.205549985 0.414708853
    0.475528866 0.310445368 0.713977039 0.223174721 0.119534194
    0.193001956 0.105633497 0.941276312 0.690243244 0.329610109
    0.774925947 0.53090167 0.712284625 0.395119786 0.231394976
    0.75336355 0.0931123197 0.74135828 0.45067212 0.974474311
    0.930905581 0.856491923 0.00880369544 0.92484808 0.471973658
    0.642513335 0.435037822 0.914301276 0.208575875 0.835126758
    0.444718033 0.84987092 0.328757167 0.6144768 0.472256988 0.361362636
    0.282764494 0.51274848 0.451881558 0.875540972 0.00909841061
    0.802784145 0.514102161 0.345494211 0.645582736 0.674898148
    0.187303692 0.935178876 0.307562202 0.741742611 0.947579384
    0.97514981 0.791056037 0.492685735 0.556496084 0.601127386
    0.84418118 0.0860877335 0.599753857 0.878666639 0.950594664
    0.0401396751 0.498764783 0.90339762 0.152433455 0.181892186
    0.798952579 0.137224853 0.357539475 0.778646111 0.698813736
    0.710609436 0.562478721 0.99415648 0.741779268 0.343342036
    0.773545146 0.107619494 0.727987409 0.0850255191 0.919644594
    0.272954643 0.794148564 0.481243402 0.679387331 0.432260841
    0.398746371 0.630088687 0.676190376 0.976735711 0.342576355
    0.116577178 0.563179493 0.694736242 0.910505056 0.565355301
    0.732143044 0.271256506 0.829360247 0.165011108 0.942301631
    0.141302526 0.769291639 0.569700897 0.70085907 0.436466962
    0.824768782 0.124296457 0.913289785 0.753483534 0.909273624
    0.15827778 0.285827756 0.902466536 0.989640653 0.110866249
    0.352788955 0.148750871 0.229719549 0.982141256 0.140102565
    0.782483697 0.223533809 0.215863466 0.498288631 0.627953768
    0.573515475 0.725860238 0.946207881 0.695950747 0.75260216
    0.577196658 0.866875112 0.427975088 0.0103916526 0.894649386
    0.874987721 0.507615387 0.447248191 0.357748538 0.946708381
    0.810330272 0.712587595 0.906347513 0.728575468 0.273916602
    0.433537096 0.995635092 0.741826296 0.0960991979 0.7075634
    0.283644676 0.0479682386 0.449031413 0.361050844 0.0696148872
    0.341454148 0.333294868 0.436940819 0.806685269 0.370527953
    0.905546784 0.770266652 0.0837410092 0.251980305 0.235054046
    0.472433001 0.44477573 0.0290216506 0.135465115 0.386475712
    0.101614296 0.603869081 0.312348962 0.99057579 0.57966584
    0.746367574 0.927746058 0.744663894 0.426779479 0.395176739
    0.631261468 0.941051602 0.971493602 0.596571386 0.637846649
    0.419891924 0.790264368 0.714649141 0.862423003 0.773557901
    0.111915827 0.671337366 0.327163428 0.520847797 0.654481828
    0.0940425694 0.532988846 0.736612737 0.377209455 0.460074365
    0.148907095 0.427503526 0.297295332 0.266407967 0.347773194
    0.762299657 0.428395212 0.0617386103 0.363041043 0.950657606
    0.319143504 0.382080734 0.578453064 0.500110745 0.412121385
    0.801622272 0.763270676 0.69318825 0.438168645 0.8159796 0.822461009
    0.784469843 0.0657748878 0.228736192 0.00445896387 0.286581755
    0.742812574 0.408097565 0.112591445 0.648694038 0.178673625
    0.136169255 0.977592766 0.431541502 0.0723752081 0.392808616
    0.698018014 0.415813804 0.172406197 0.367276877 0.804069877
    0.0969017446 0.342828929 0.608558834 0.713991642 0.753521562
    0.234405071 0.522442818 0.291062415 0.211637288 0.595234454
    0.0334328115 0.298241556 0.249047309 0.453972697 0.739865303
    0.945497453 0.0786417723 0.992735624 0.382221818 0.313269675
    0.893614292 0.35236758 0.0109127462 0.447182596 0.599469543
    0.426350862 0.0312311947 0.804078937 0.499839187 0.636208534
    0.306619942 0.614680946 0.285819709 0.400899321 0.708918333
    0.223482519 0.200915843 0.521171987 0.349655867 0.800580025
    0.021692872 0.415177792 0.0244793296 0.993566871 0.856523752
    0.293290734 0.820630968 0.638374269 0.101212651 0.969066501
    0.914266586 0.776431084 0.350588381 0.736288548 0.296560526
    0.152384877 0.127159476 0.654975414 0.489723265 0.50626266
    0.403059214 0.897984147 0.322315902 0.70563966 0.95920825
    0.0996760428 0.267087221 0.0749801397 0.013681978 0.207751095
    0.182303369 0.774425268 0.74860239 0.72702837 0.408913553
    0.0501987338 0.105765045 0.356470585 0.749105215 0.000100880861
    0.995999336 0.0996819139 0.206660748 0.404093862 0.720161438
    0.095415622 0.484577805 0.367417186 0.75689888 0.839661241
    0.406445086 0.63737601 0.205940306 0.911631703 0.527068853
    0.643794656 0.703324974 0.293835402 0.408719093 0.305450082
    0.530278444 0.938109636 0.283485174 0.862340152 0.214162797
    0.115070045 0.0452383757 0.614717841 0.938437462 0.89452827
    0.701536298 0.946899116 0.207053751 0.990028322 0.616950095
    0.996381402 0.577813983 0.939579427 0.145579904 0.489089102
    0.528407216 0.196884751 0.04673177 0.619514644 0.897653818
    0.123797238 0.653098345 0.336163163 0.531755209 0.230183154
    0.406002879 0.973594427 0.315780282 0.0195585191 0.219234765
    0.175829828 0.0271950662 0.989524961 0.176336408 0.834987581
    0.0701551437 0.607927382 0.83603549 0.877187908 0.714848161
    0.0630898178 0.204788864 0.575574219 0.22364074 0.672770977
    0.828147709 0.0426830947 0.177806348 0.71121645 0.544425309
    0.856398046 0.992655277 0.486730099 0.127675951 0.446612537
    0.710984468 0.276641309 0.270474136 0.900907397 0.910063982
    0.881541908 0.107416123 0.0967532098 0.696261704 0.809117913
    0.307848006 0.581816196 0.0478066206 0.113709718 0.253358185
    0.453617245 0.092599988 0.405800462 0.79001236 0.220195919
    0.91842854 0.313270152 0.606402457 0.865148425 0.407002747
    0.768962264 0.558972836 0.78256458 0.0839005113 0.249807209
    0.476643592 0.375425577 0.701514542 0.311969489 0.467320502
    0.423382759 0.769841313 0.738090336 0.520017564 0.0119770765
    0.0889651179 0.676223457 0.507358134 0.316920459 0.0607331693
    0.196791738 0.207006156 0.217627913 0.327400059 0.799380541
    0.232729524 0.74802947 0.494011432 0.922119617 0.549945354
    0.884640336 0.490348011 0.425052464 0.191683143 0.317041934
    0.13261205 0.25870198 0.729436994 0.649863541 0.517737329
    0.00708183646 0.632675409 0.434084654 0.72495681 0.924428523
    0.278421938 0.218905419 0.618056536 0.783195138 0.80106914
    0.262847722 0.537065923 0.423787564 0.930459201 0.76662755
    0.225299835 0.123968601 0.956898987 0.816006541 0.124467611
    0.0235844553 0.265553594 0.64022094 0.708592296 0.783178926
    0.352605253 0.802661657 0.863580227 0.354256868 0.132032633
    0.204447001 0.990006149 0.172264129 0.365971386 0.880426526
    0.814957619 0.455186218 0.676495492 0.356181562 0.666739285
    0.0270335972 0.432505488 0.423457056 0.889142752 0.223501503
    0.752671719 0.865409613 0.613702059 0.26191783 0.865975499
    0.504346371 0.814013422 0.384546012 0.669965863 0.98728317
    0.129259944 0.944470525 0.625035524 0.693004966 0.949131489
    0.594828904 0.347231805 0.417310297 0.966939211 0.0481356084
    0.384375364 0.851898253 0.238984913 0.415998548 0.302001178
    0.763521016 0.150222838 0.660618961 0.375975281 0.508235276
    0.902913511 0.326061547 0.396204114 0.164613247 0.910527527
    0.820313811 0.124570757 0.903835058 0.566070139 0.43239525
    0.395129263 0.176421434 0.677719951 0.938842058 0.117417127
    0.479416668 0.882391632 0.485642046 0.60108906 0.838024676
    0.703896523 0.794483423 0.071644485 0.807717919 0.348373473
    0.858937144 0.920838237 0.254315406 0.858233809 0.605835199
    0.390720189 0.781929374 0.319088936 0.594677627 0.404377252
    0.60678488 0.795599937 0.0457881689 0.243412852 0.0787587166
    0.842314124 0.782606661 0.835324645 0.407236278 0.854963362
    0.27929464 0.518885851 0.0223764479 0.739670813 0.289806426
    0.800259471 0.955146313 0.948611915 0.0209642351 0.410993546
    0.792422414 0.310396194 0.960492253 0.652865529 0.219177276
    0.883452535 0.65490061 0.331474125 0.939346433 0.960992932
    0.564437389 0.873263419 0.736808777 0.111531734 0.798757553
    0.417014182 0.362549543 0.179226458 0.0306898355 0.17685765
    0.846556425 0.400792599 0.61248672 0.839943588 0.291594207
    0.893961549 0.727803111 0.129864931 0.246648341 0.897328556
    0.245472133 0.740930974 0.280160248 0.706337571 0.972128391
    0.73059094 0.275990486 0.599345088 0.474488765 0.299641728
    0.52706486 0.946665049 0.751725793 0.952726066 0.632023036
    0.830880642 0.878574967 0.570263863 0.342886478 0.404729664
    0.84245646 0.0455869436 0.618082643 0.280083477 0.398800045
    0.722001195 0.23519817 0.0609876215 0.172759771 0.937654138
    0.468432218 0.233478487 0.25373137 0.794169426 0.371945411
    0.187110335 0.0784472227 0.683032215 0.482358813 0.975756288
    0.566369176 0.129262239 0.310688734 0.407835305 0.836690426
    0.00179421902 0.292419374 0.681415081 0.316529751 0.241535097
    0.976812124 0.981246293 0.287983656 0.812398314 0.516800165
    0.374639511 0.96410346 0.194481313 0.780043602 0.644467771
    0.152189642 0.132972151 0.00290930271 0.347473264 0.982549787
    0.521760821 0.470293432 0.149844557 0.861172855 0.414206624
    0.546919107 0.899914384 0.0228425562 0.106783211 0.91797483
    0.46256876 0.936455727 0.253937006 0.982197881 0.71874392
    0.623504698 0.115972459 0.546101153 0.972026825 0.439690232
    0.189548343 0.566010237 0.9256953 0.199421644 0.0854071081
    0.875570893 0.411667168 0.444817454 0.383752853 0.129169703
    0.574142933 0.687475502 0.134830654 0.515726388 0.994997382
    0.0943447649 0.00839155912 0.575484216 0.697453558 0.260456055
    0.314932227 0.343991816 0.441462636 0.725199342 0.680456221
    0.119433463 0.698182583 0.392348975 0.502829969 0.189535081
    0.868911505 0.927960396 0.551779628 0.92445612 0.420481145
    0.16076383 0.834260345 0.601567209 0.855465055 0.345425695
    0.687810302 0.955068231 0.779890239 0.0515138209 0.620145321
    0.930901408 0.910003662 0.0901360512 0.202860951 0.305699021
    0.390226424 0.0581294894 0.900549889 0.930284917 0.324882925
    0.46250686 0.465829283 0.620249629 0.279303163 0.304445982
    0.0967685282 0.459899992 0.35921967 0.706809759 0.518777013
    0.129248083 0.9139359 0.0350416303 0.231080174 0.890540361
    0.482517123 0.148881316 0.573433995 0.755691707 0.390247136
    0.871667266 0.742525101 0.716815472 0.0226316154 0.655921578
    0.268612623 0.197540432 0.361923039 0.45316875 0.244387597
    0.589432836 0.129642755 0.769277096 0.86956954 0.443984628
    0.289865732 0.57630527 0.00069013238 0.0145211816 0.927774072
    0.588339388 0.755114317 0.948913574 0.383021832 0.533782184
    0.0628996491 0.561036825 0.312730134 0.989122927 0.297162324
    0.643931508 0.253928065 0.0766015649 0.143906146 0.898116469
    0.962008178 0.950229645 0.120587528 0.905444562 0.943940282
    0.103888214 0.578742623 0.307247847 0.648639917 0.118166924
    0.368633628 0.52840817 0.858724117 0.0590808392 0.74111855
    0.91656214 0.744473398 0.223879814 0.556115627 0.969478846
    0.592716813 0.850383997 0.0940783024 0.373447448 0.213932812
    0.136089265 0.966178477 0.291087449 0.81838578 0.57982713
    0.778123617 0.531035483 0.0737270415 0.171257913 0.503252864
    0.643529296 0.438444018 0.733050942 0.727598608 0.169310898
    0.390309662 0.49422729 0.640011072 0.961841226 0.980740309
    0.419480979 0.00966721773 0.920948505 0.592135191 0.335610092
    0.125850409 0.626885891 0.881523073 0.467845142 0.484781414
    0.969756365 0.552626371 0.445142716 0.0950879157 0.611902595
    0.958269477 0.923057795 0.9725402 0.0647473335 0.0675593913
    0.758255363 0.700796187 0.365121543 0.101911187 0.266891599
    0.86027205 0.780022562 0.157420754 0.670324743 0.0198284388
    0.146963328 0.355037928 0.237629354 0.47474581 0.775579095
    0.930200636 0.0896066427 0.721923888 0.340156317 0.734444618
    0.494331837 0.516433239 0.176765978 0.561717808 0.0972393155
    0.660136342 0.465849549 0.180615276 0.570839107 0.179124594
    0.470128775 0.263107181 0.646888733 0.92531395 0.462667435
    0.338786572 0.00477355719 0.767118394 0.237418681 0.503282726
    0.541120291 0.750746906 0.445263118 0.813969612 0.0960073471
    0.00628966093 0.339733243 0.965058863 0.781043708 0.0139994025
    0.756946206 0.00777986646 0.14110437 0.91233933 0.945516706
    0.373710871 0.329735219 0.343552649 0.406590253 0.0447685719
    0.883393884 0.633178592 0.0481729507 0.82183969 0.402762711
    0.0994242132 0.657075942 0.826251447 0.84620446 0.19774437
    0.768636942 0.416009903 0.438601851 0.927441657 0.653775156
    0.0365944505 0.0362825692 0.753957987 0.811322808 0.430255502
    0.892557502 0.063695848 0.538552284 0.694474399 0.461503029
    0.481695086 0.646015406 0.172759533 0.211050034 0.83078599
    0.697623014 0.931466579 0.803703547 0.384034276 0.391953707
    0.11501348 0.998937845 0.17090407 0.130170584 0.241847843
    0.981357336 0.227389485 0.870438695 0.798287034 0.136712939
    0.319120973 0.603763223 0.83340764 0.0387712121 0.350831062
    0.326951414 0.0242728889 0.117568076 0.773919106 0.841422379
    0.707709551 0.769713044 0.47275117 0.616651952 0.48886776
    0.808335602 0.591042399 0.488882929 0.646883726 0.616644859
    0.650317132 0.351046145 0.734273493 0.390775174 0.050850004
    0.907900095 0.48972407 0.761084437 0.00165313482 0.381078184
    0.131087214 0.0582683384 0.959166467 0.775689483 0.178332031
    0.901479363 0.260591 0.362968087 0.558866501 0.90119642 0.159314692
    0.162415981 0.577662826 0.932797313 0.625670135 0.719780445
    0.130806565 0.0831530094 0.918713093 0.124018908 0.700089216
    0.152521521 0.304267108 0.517646372 0.374534249 0.0579473078
    0.534327865 0.544190884 0.520087838 0.965523243 0.0132739544
    0.274562597 0.976353168 0.97050947 0.123715281 0.1780743 0.926867306
    0.933925033 0.0472750068 0.550987244 0.713515997 0.53150779
    0.669434249 0.860896826 0.079102248 0.541936398 0.364911795
    0.897195637 0.352493644 0.88058579 0.343127668 0.398223102
    0.667574942 0.278115928 0.42948395 0.890287399 0.478046268
    0.944076657 0.457200319 0.862042785 0.508071601 0.356836945
    0.164952338 0.224459857 0.683671296 0.325269282 0.0197266042
    0.899735808 0.800921321 0.740170002 0.0668058693 0.222860575
    0.127929151 0.805986106 0.24132967 0.929516494 0.22795558
    0.720879018 0.201521158 0.0685438216 0.638672113 0.107490808
    0.047691673 0.754562497 0.972055495 0.984093308 0.349230766
    0.60274142 0.0804901123 0.862080634 0.430484831 0.663786769
    0.652641475 0.757758617 0.178607285 0.504854083 0.371032715
    0.548363745 0.484907627 0.171659201 0.0841132402 0.358190358
    0.0572302639 0.739219785 0.24058044 0.320269048 0.401115119
    0.984124899 0.206573248 0.624245644 0.688830197 0.809652686
    0.204738587 0.778518677 0.805825412 0.994782329 0.348048091
    0.454339176 0.994075835 0.78014493 0.194205493 0.93080616
    0.153998137 0.0568224788 0.977797627 0.0720418096 0.702549875
    0.430842787 0.076084435 0.790613353 0.382878602 0.596853733
    0.336510479 0.511610508 0.476255268 0.0872663856 0.386242002
    0.286651194 0.270659626 0.337473363 0.40360117 0.931715012
    0.96137929 0.199984789 0.612861991 0.110506207 0.510650992 0.5546121
    0.139081359 0.729392588 0.279477298 0.183204353 0.489233941
    0.881566525 0.627738118 0.838541746 0.00965487957 0.618181229
    0.299328864 0.900429308 0.687967479 0.243192494 0.727886796
    0.832011819 0.568348587 0.853938282 0.0654221773 0.0331480503
    0.880694747 0.500577807 0.51443392 0.978751004 0.621447265
    0.657675862 0.171619177 0.591238439 0.212563336 0.133987844
    0.980204284 0.479273975 0.436619103 0.681467772 0.427997679
    0.732778907 0.588505268 0.892907381 0.295579076 0.150707394
    0.808592141 0.864716291 0.0424379408 0.96345222 0.996724844
    0.123770744 0.0238758624 0.502729475 0.40253371 0.945939422
    0.0781316459 0.53361845 0.504884124 0.0216679275 0.930384994
    0.018989563 0.213178128 0.499823928 0.464350939 0.799660385
    0.444218874 0.461004645 0.556982696 0.413697064 0.205875456
    0.17939201 0.540320396 0.824287951 0.18875137 0.607970595
    0.225049764 0.476591438 0.60622406 0.454664201 0.523826718
    0.247345388 0.136563569 0.527077019 0.387447685 0.781874001
    0.379079044 0.428427398 0.7299155 0.1901021 0.556498945 0.891920805
    0.845240831 0.472863764 0.295210242 0.835062742 0.932102442
    0.507223666 0.360587656 0.442762554 0.818565249 0.0864367485
    0.153247923 0.272923827 0.494102716 0.334628642 0.182732493
    0.0731691122 0.398426205 0.0584802628 0.548251867 0.490535557
    0.0963606536 0.0675912499 0.529445589 0.80012691 0.755010486
    0.122586191 0.800874531 0.249255747 0.149061918 0.439537793
    0.92915678 0.640333772 0.0999191105 0.81205231 0.628215611
    0.548499584 0.937843144 0.564850032 0.205031335 0.804334641
    0.375534415 0.993868589 0.0228537321 0.169581413 0.311299205
    0.661262751 0.610585392 0.107775182 0.313466311 0.659962296
    0.51560998 0.474146634 0.813186884 0.183927685 0.119008303
    0.444810778 0.762544394 0.284676313 0.860018194 0.576821566
    0.975350797 0.444984496 0.0572672486 0.281238139 0.790815115
    0.753577232 0.635845184 0.125188917 0.757187903 0.606646299
    0.363996089 0.306343049 0.432948768 0.527453542 0.0390267968
    0.389225066 0.369879842 0.684939861 0.0570766926 0.406042635
    0.956906915 0.0183278024 0.111908168 0.0618418455 0.967837214
    0.973780632 0.0131180584 0.821859241 0.608806252 0.473258317
    0.663717806 0.368591249 0.403983623 0.386045247 0.1286529
    0.111183107 0.69435823 0.526897967 0.0348553658 0.633998156
    0.101785809 0.571451902 0.334327489 0.414008856 0.908712924
    0.0983661413 0.999459445 0.0958980918 0.901632428 0.456836879
    0.566413641 0.189951479 0.819326639 0.65226388 0.484545112
    0.0637923181 0.891533375 0.96746093 0.251847744 0.206588149
    0.817388892 0.00467100739 0.407911986 0.236478388 0.818544507
    0.26295799 0.593584478 0.0339400172 0.168634295 0.0594985485
    0.13411203 0.384278834 0.908745587 0.150734186 0.33756119
    0.195126295 0.656559825 0.727292299 0.773678422 0.787529349
    0.454241097 0.561649561 0.889576077 0.658260524 0.950486064
    0.0232704878 0.958144784 0.271813512 0.525921822 0.686752677
    0.536730409 0.522078514 0.499231398 0.837735832 0.893821895
    0.602827191 0.455890447 0.98402977 0.897795737 0.59806782
    0.906378269 0.20399642 0.0317263603 0.444247574 0.816985846
    0.0757557452 0.262952268 0.528507411 0.537326157 0.0281803906
    0.58928597 0.583758712 0.736954212 0.892056108 0.815634251
    0.668376684 0.793327451 0.58546412 0.561526 0.578980803 0.152860373
    0.973140597 0.051692754 0.995852947 0.309134483 0.640519977
    0.924403071 0.104492396 0.980906129 0.0926679671 0.795778036
    0.847124457 0.615064442 0.143906474 0.571456611 0.907017827
    0.489610702 0.15002957 0.0513759851 0.754649401 0.954721749
    0.245827466 0.862641335 0.900912523 0.781664968 0.525710583
    0.700782776 0.700378776 0.846618772 0.693278551 0.761647701
    0.610396147 0.603775024 0.74730134 0.387438238 0.931738973
    0.450615942 0.881589711 0.210781515 0.420503944 0.814207315
    0.336234927 0.894545138 0.977795959 0.041637361 0.308442384
    0.833836317 0.133633882 0.514350355 0.513710737 0.405372262
    0.496477753 0.0796451867 0.135661513 0.749507308 0.911090314
    0.847623587 0.320281893 0.349981129 0.422012419 0.6694538
    0.241023511 0.641099334 0.336363435 0.746686637 0.304895639
    0.666231155 0.928977728 0.901426375 0.38516891 0.743439078
    0.506796837 0.926393151 0.188454479 0.597291172 0.32282418
    0.109667271 0.159882665 0.429570675 0.705746174 0.470052719
    0.828508675 0.827639103 0.718313873 0.339577645 0.829850554
    0.184468091 0.682199538 0.302865088 0.170098126 0.797737598
    0.818348229 0.83573997 0.814533114 0.332009554 0.72256434
    0.547493219 0.401177824 0.865921378 0.0899641514 0.430784732
    0.0422673225 0.532518983 0.544579804 0.0835115016 0.478123903
    0.726430595 0.9150846 0.78882277 0.985195696 0.350179553 0.284493208
    0.726168633 0.0485815406 0.79115057 0.173186064 0.789636672
    0.0107524395 0.665776134 0.158224285 0.0368943512 0.471641809
    0.391546398 0.949837208 0.976249337 0.481851906 0.502991378
    0.731346071 0.728376567 0.5725618 0.204348892 0.37356025 0.397787243
    0.145668626 0.461794794 0.975818038 0.735401213 0.683922768
    0.341619849 0.84617877 0.282593489 0.75498122 0.778148532
    0.564490438 0.947251797 0.605649114 0.0876054168 0.525371432
    0.672294796 0.397007138 0.29636699 0.970516026 0.246625394
    0.0514996648 0.691193879 0.945681989 0.769169092 0.848616362
    0.899302065 0.636632085 0.779863596 0.30422765 0.301683754
    0.156018704 0.613823354 0.358599186 0.59120208 0.296289623
    0.949280858 0.620663166 0.780780256 0.114668548 0.184558183
    0.486511767 0.0352841616 0.623367071 0.76095438 0.802657723
    0.650433183 0.193668216 0.316480875 0.945133686 0.623815
    0.0627967715 0.13075766 0.982694149 0.010836035 0.635095477
    0.0889055133 0.160698444 0.163958639 0.631822228 0.0356144011
    0.013268441 0.953879356 0.24503848 0.740182042 0.214188278
    0.787168682 0.84041518 0.0269539356 0.586036325 0.581101954
    0.510859072 0.975266814 0.720273077 0.107894272 0.376817107
    0.899189234 0.855259895 0.320514917 0.336715192 0.250555634
    0.924973965 0.436781496 0.866818428 0.186889768 0.841247141
    0.969880581 0.149309188 0.811399102 0.594573617 0.842731357
    0.553857625 0.672455668 0.895470262 0.076351285 0.648140788
    0.720149696 0.370193511 0.54044944 0.404502571 0.447135955
    0.261872828 0.789647698 0.778534114 0.956949949 0.0305292308
    0.790398777 0.41573447 0.126409858 0.0289599001 0.793855667
    0.939796329 0.149960101 0.782541692 0.425937891 0.372919947
    0.0803782344 0.641099334 0.997550547 0.00858181715 0.0802711844
    0.681459188 0.728150308 0.951516151 0.775442123 0.273186088
    0.771953583 0.946691275 0.0894690156 0.320876241 0.393722713
    0.630710423 0.956199706 0.222907394 0.936996818 0.749133289
    0.332393229 0.1921556 0.383428305 0.371622622 0.0974285007
    0.981619716 0.834428549 0.747107029 0.32406193 0.04728508
    0.168893069 0.231096834 0.378675997 0.773248315 0.737376869
    0.0566056073 0.0554641187 0.390802503 0.492843449 0.359383047
    0.726795793 0.786054492 0.435243577 0.907637835 0.851528764
    0.661519527 0.0851877034 0.861515403 0.0963216126 0.61014533
    0.703788519 0.614485323 0.0294584632 0.600484788 0.0237590075
    0.868581891 0.270147085 0.170636594 0.963053226 0.898331404
    0.864790857 0.822038889 0.71939522 0.807402253 0.6303249 0.456090063
    0.876332998 0.914089084 0.860667706 0.462960571 0.0269366205
    0.0767863691 0.713834584 0.460981309 0.395896912 0.562742949
    0.562716007 0.745831311 0.786137581 0.0100374222 0.697372556
    0.971382082 0.456776917 0.844947398 0.516275764 0.555087209
    0.986085653 0.632086396 0.311574876 0.0101852119 0.868863106
    0.60662514 0.637766778 0.943818033 0.825501978 0.556386232
    0.226522356 0.149207383 0.0904212296 0.43389225 0.778878808
    0.607010305 0.904906154 0.0126208067 0.385188878 0.46648702
    0.231471688 0.70347625 0.0421898961 0.189052194 0.935112238
    0.636316061 0.834701061 0.249518007 0.340219438 0.796170712
    0.946638584 0.804867864 0.0845409036 0.811736703 0.578629196
    0.52953279 0.755737782 0.682409525 0.529853106 0.0272145867
    0.5452528 0.330797046 0.589700699 0.650664628 0.194313556
    0.651149273 0.754436791 0.117438376 0.512536228 0.483436048
    0.77497685 0.745708942 0.144167662 0.368660152 0.766778588
    0.0858899057 0.511165202 0.0703549087 0.991209149 0.093210429
    0.167049885 0.342329085 0.385806739 0.0656137764 0.324327648
    0.11852017 0.0610153079 0.830527365 0.740609527 0.419060528
    0.0798606873 0.610790253 0.105335057 0.82994169 0.908705831
    0.517897964 0.249305874 0.078812778 0.787122965 0.190474331
    0.902984262 0.715042055 0.546392083 0.567704439 0.955032229
    0.140304744 0.572343051 0.0127046108 0.771320045 0.595413327
    0.940162539 0.451747507 0.425775021 0.50252372 0.662903547
    0.350720167 0.353324294 0.124213755 0.995079875 0.0292217731
    0.486635238 0.402659357 0.51954335 0.956243992 0.295572698
    0.990271926 0.269273162 0.905963302 0.206123352 0.506370902
    0.688485503 0.342921913 0.96412164 0.776090741 0.211183339
    0.304816842 0.812511265 0.777488589 0.923442125 0.196631283
    0.00516059995 0.906357646 0.288165212 0.704245567 0.0555960536
    0.0628077388 0.320088655 0.429672331 0.273169458 0.0789848566
    0.435157299 0.147570223 0.659575403 0.729614496 0.40551883
    0.0805948079 0.67913413 0.0321450233 0.688602805 0.257807434
    0.516086519 0.292866141 0.647579551 0.421180904 0.0780703127
    0.60330224 0.0158568323 0.786324859 0.303915977 0.613867581
    0.646858275 0.0421425104 0.86424154 0.0960280895 0.10110411
    0.857328653 0.142543703 0.750138223 0.605687022 0.859079838
    0.205854565 0.218087345 0.713948548 0.352477133 0.387521803
    0.0847099721 0.526536047 0.922409654 0.673519671 0.672403812
    0.893341184 0.0824871361 0.295678526 0.432481587 0.969748259
    0.0732364357 0.043397814 0.263589978 0.408011526 0.98651439
    0.328285992 0.517234027 0.737211525 0.616385937 0.351912618
    0.22761479 0.630118728 0.424943089 0.274936199 0.275306612
    0.688539982 0.00717055798 0.994236469 0.462876171 0.275283307
    0.329791963 0.302479923 0.0789518952 0.113406956 0.788117707
    0.563866794 0.810580492 0.517113626 0.526726067 0.949281216
    0.903788567 0.81064117 0.664331317 0.381183207 0.931849003
    0.525989175 0.938047647 0.591135502 0.522366762 0.60287267
    0.231588393 0.735768199 0.374490887 0.378445387 0.414546281
    0.360541075 0.788377285 0.756412029 0.779559255 0.96705848
    0.646308005 0.468646556 0.215946674 0.117962807 0.513032913
    0.533865333 0.0824261308 0.373327434 0.740214705 0.265036941
    0.122914344 0.756474495 0.446563154 0.23925671 0.313563377
    0.829117179 0.263008744 0.288051695 0.243508041 0.97907567
    0.155160487 0.31229341 0.578318596 0.292546332 0.516591847
    0.884849668 0.687259138 0.903981984 0.733176768 0.11872384
    0.796865702 0.89793998 0.255860567 0.836016774 0.509267747
    0.782867432 0.302905232 0.424674213 0.7707026 0.268378079
    0.769988537 0.137756258 0.550036013 0.247326374 0.812601447
    0.774683297 0.304948688 0.213213831 0.394658267 0.236685187
    0.1436674 0.907598972 0.921703935 0.00589945912 0.709989786
    0.998627841 0.831299186 0.672552288 0.440644026 0.405586392
    0.945796847 0.808009326 0.857864857 0.585145414 0.494651228
    0.737571716 0.296592295 0.216588825 0.614737988 0.764794707
    0.406219035 0.552557468 0.96681881 0.835558653 0.172834426
    0.995018005 0.524003208 0.564243615 0.457482666 0.640699208
    0.676957726 0.830381274 0.0967373252 0.0465486646 0.758144915
    0.318654358 0.375321299 0.364757001 0.493549466 0.881839752
    0.533292294 0.636816025 0.204091609 0.317257136 0.213891327
    0.414765537 0.653112471 0.818843782 0.313466012 0.563043475
    0.789228678 0.530139208 0.725484908 0.194589913 0.199039161
    0.101029605 0.93687284 0.34207505 0.139440358 0.118544579
    0.156832874 0.477137804 0.330123007 0.270909011 0.0849263668
    0.492694736 0.0454489589 0.77058816 0.435197026 0.482878417
    0.230383098 0.0113664567 0.0998980701 0.765960395 0.254056245
    0.910341501 0.0437717736 0.972194195 0.83430928 0.614208102
    0.277458727 0.376224697 0.360122442 0.454806119 0.379028112
    0.412357122 0.810433567 0.747398376 0.44512552 0.547100961
    0.860512614 0.261587381 0.442609429 0.140212417 0.293082952
    0.915201783 0.82417953 0.311596394 0.49234125 0.300248384 0.36489442
    0.0317370892 0.38181442 0.365490466 0.0696463585 0.505808413
    0.0891046524 0.890510023 0.559514761 0.970030785 0.0526027083
    0.659709096 0.224770218 0.925693274 0.844290614 0.582254946
    0.0953083336 0.206330806 0.0241570473 0.0212751627 0.355815828
    0.545591712 0.954576194 0.575473487 0.0763739944 0.190801829
    0.406700194 0.33346191 0.413796544 0.937648416 0.0875138938
    0.316780657 0.655896008 0.934308052 0.651091874 0.482013881
    0.174639493 0.759584844 0.628729105 0.643351614 0.539896846
    0.976340413 0.880291581 0.946991622 0.145824522 0.483357698
    0.00320777297 0.417702258 0.732176661 0.934032321 0.086499095
    0.381144047 0.66543746 0.230301857 0.853574395 0.834077597
    0.602431595 0.59222436 0.778214514 0.0181638598 0.113815039
    0.137600273 0.174467057 0.0438683629 0.229906589 0.469138891
    0.940330625 0.393604845 0.927031815 0.230475277 0.573125899
    0.145105779 0.346714258 0.665226936 0.69046396 0.88588357
    0.748372138 0.0336313844 0.949010253 0.628414094 0.41715911
    0.917064667 0.596789062 0.569196463 0.0204654336 0.201167405
    0.763018131 0.495871216 0.859558284 0.595480561 0.475544482
    0.206829965 0.0811310709 0.399654388 0.333261579 0.115156591
    0.261185765 0.235096037 0.253504753 0.368702561 0.164869249
    0.619733632 0.346794665 0.993167162 0.0579434931 0.681853175
    0.647202432 0.960840702 0.413531959 0.247890353 0.1563631
    0.830812812 0.977982044 0.392876595 0.301439494 0.132872671
    0.684306979 0.157402784 0.561216891 0.147764742 0.387718409
    0.914673507 0.518940032 0.679810047 0.240973592 0.313601255
    0.790729582 0.0189276636 0.242822438 0.33981809 0.872745514
    0.195897013 0.255511314 0.55619669 0.501311898 0.524168253
    0.00713536143 0.26138413 0.465172619 0.53235811 0.0955051184
    0.382810652 0.472104937 0.557676733 0.715712667 0.139486015
    0.936295509 0.556846678 0.747877955 0.973865986 0.129872411
    0.649195731 0.893422961 0.231576502 0.620996952 0.823366582
    0.216048241 0.805430233 0.0101161897 0.893757403 0.619151592
    0.225405216 0.86900568 0.48409006 0.66264689 0.477635503
    0.0811603367 0.176399827 0.0108028054 0.751548111 0.236292511
    0.63229388 0.0404615402 0.681547284 0.044698149 0.453342974
    0.778269291 0.402837157 0.344723105 0.0905431211 0.672815084
    0.169685781 0.467590898 0.150324851 0.936902642 0.252926111
    0.545178652 0.80164063 0.248815686 0.081671834 0.98850596
    0.268849462 0.652267098 0.468813092 0.667275071 0.732157052
    0.225481778 0.965266824 0.924701214 0.125149459 0.575715184
    0.645316601 0.370252788 0.198217303 0.899087548 0.0540133119
    0.381096274 0.0278089046 0.5137164 0.396138668 0.595460236
    0.531631589 0.0141685307 0.0625600815 0.814391971 0.709929228
    0.185040712 0.82095933 0.619443715 0.818164825 0.0851923823
    0.449739099 0.725718498 0.113754272 0.270001829 0.93451637
    0.564056337 0.579268396 0.42331326 0.685148239 0.313230246
    0.852259696 0.281112105 0.455941707 0.76374197 0.959799469
    0.0252079368 0.820175409 0.688051879 0.442225873 0.427116841
    0.971300662 0.451514065 0.771685779 0.779916525 0.215549648
    0.123127043 0.679148257 0.151446015 0.561852038 0.831151724
    0.8856287 0.0983526111 0.832648218 0.663045883 0.0376803577
    0.825704694 0.749224782 0.0275527239 0.542753398 0.933366597
    0.134406775 0.305798531 0.426455438 0.653223395 0.739478052
    0.995007157 0.0389983952 0.617258966 0.134806693 0.940054774
    0.944305539 0.460015208 0.589510918 0.432040244 0.348903179
    0.625523925 0.296732903 0.813705206 0.76071316 0.29132393
    0.172206908 0.290507644 0.712744117 0.794604421 0.0816989839
    0.634271741 0.408404082 0.255310476 0.365150928 0.132840633
    0.233792841 0.706713438 0.38665086 0.878027558 0.135477364
    0.272952974 0.281817913 0.334347427 0.685129702 0.829473436
    0.012447685 0.505474091 0.675631762 0.360714078 0.927618027
    0.330853671 0.458417654 0.894305587 0.0957221389 0.416228771
    0.445742399 0.904405832 0.51938051 0.712147772 0.0639741421
    0.521373391 0.754246294 0.0700797439 0.824824274 0.895551682
    0.875780761 0.981410027 0.394475818 0.276132047 0.580804586
    0.425306529 0.63567096 0.602633357 0.206186652 0.651889682
    0.637974679 0.388900161 0.467998922 0.00891810656 0.887085676
    0.147148639 0.516682982 0.42269671 0.035962373 0.206469297
    0.428161085 0.294494629 0.472452641 0.207380354 0.734935522
    0.189843118 0.14041248 0.133372188 0.338645101 0.964780331
    0.568564177 0.997146964 0.0725744963 0.414146245 0.716776431
    0.885002017 0.664151907 0.500129521 0.644206882 0.688520491
    0.515867531 0.860479832 0.0788511932 0.659029484 0.574542761
    0.800956249 0.0973757803 0.0279658735 0.427397311 0.0381474197
    0.313563943 0.0159601867 0.820753574 0.114145249 0.374184906
    0.210360616 0.163836092 0.998514175 0.180915296 0.649900496
    0.594425082 0.747399628 0.587444484 0.705461621 0.561044157
    0.120702744 0.359088242 0.588627219 0.859084368 0.921115279
    0.818845153 0.0569553673 0.99089402 0.292249352 0.589658558
    0.403155744 0.217359692 0.658655465 0.74409616 0.729202807
    0.703270018 0.0539277494 0.994538605 0.129927069 0.601865113
    0.217557162 0.772923946 0.232035488 0.854413807 0.222562045
    0.396148264 0.997161269 0.845379174 0.750568449 0.440654486
    0.0577105284 0.261598527 0.814165354 0.110507756 0.780861735
    0.221088976 0.563451409 0.943308353 0.392523021 0.808267236
    0.195898086 0.256866604 0.628201187 0.147618949 0.172984838
    0.58367008 0.357322484 0.0466191471 0.227670401 0.805749178
    0.561216235 0.927684605 0.678743482 0.383745074 0.164694846
    0.35416913 0.588128388 0.253340483 0.22157681 0.72616446 0.929771423
    0.586088657 0.460063636 0.0853948593 0.125703871 0.194532365
    0.190097153 0.212235749 0.36300993 0.0278339088 0.606719911
    0.783976376 0.114077598 0.306217015 0.539049208 0.758012295
    0.696833253 0.0964306891 0.962550282 0.652792394 0.860782206
    0.977176547 0.470790267 0.955570698 0.0630071759 0.0121370554
    0.00754737854 0.0320272148 0.374260664 0.897874773 0.510642648
    0.590872586 0.984968066 0.466013223 0.0238353014 0.490842402
    0.834231555 0.846598029 0.595984101 0.5352301 0.818709254
    0.445593178 0.0206532776 0.80470562 0.930662692 0.732577801
    0.109698594 0.672969639 0.3187868 0.897590637 0.51765132 0.225218207
    0.393186778 0.259797156 0.872784495 0.967777133 0.837242126
    0.372339308 0.0411049724 0.871500492 0.2115843 0.340776086
    0.0815991759 0.0641954243 0.930709124 0.200253189 0.700365007
    0.557507932 0.60133636 0.611056089 0.564438879 0.787952542
    0.551429152 0.81092149 0.776511908 0.544458091 0.0115991533
    0.0542498827 0.414004743 0.339058995 0.603796065 0.739991426
    0.719396412 0.558807552 0.154207826 0.285167515 0.661498666
    0.909864724 0.660379827 0.0525960624 0.297239602 0.0887146294
    0.726755679 0.855825484 0.281147271 0.516046762 0.164322406
    0.505197883 0.632138014 0.934700549 0.619559526 0.840542793
    0.835906863 0.648107469 0.443211019 0.258172542 0.468874305
    4.19616699e-05 0.420319557 0.581985474 0.445156664 0.427181333
    0.639785886 0.995028555 0.0424841344 0.985002637 0.396369219
    0.486323684 0.102903515 0.0300466716 0.382691979 0.155931652
    0.522238553 0.556289971 0.686360955 0.817141831 0.720031917
    0.688619256 0.325735092 0.872299373 0.893358469 0.660481691
    0.560209513 0.0760554671 0.0955242515 0.817200065 0.35662818
    0.59038341 0.346648335 0.91081357 0.918622613 0.150454015
    0.541229069 0.742575884 0.0799307525 0.681986213 0.692212284
    0.831363916 0.12766996 0.321137786 0.4967314 0.318169355 0.300316691
    0.530000389 0.214683235 0.0281016231 0.521360517 0.206504613
    0.876679838 0.00283864141 0.0195001662 0.0878845453 0.733959496
    0.963932872 0.353084445 0.660636365 0.600130856 0.991469204
    0.57029295 0.313200444 0.634903669 0.592003644 0.203730017
    0.78326261 0.957317352 0.966626763 0.899770021 0.606141925
    0.422454178 0.0124490559 0.473919719 0.722771883 0.572385132
    0.902782321 0.166140229 0.518176794 0.43358615 0.132516712
    0.448036849 0.87829423 0.315405071 0.465193987 0.0180127919
    0.408236533 0.518354654 0.76516813 0.736225128 0.483821362
    0.20956865 0.0394712687 0.806313515 0.458937913 0.454183161
    0.873809695 0.136713058 0.583402872 0.399934173 0.685025871
    0.899669349 0.128280878 0.00182801485 0.420101702 0.922012448
    0.165416986 0.460223049 0.353857517 0.758001924 0.827661872
    0.657662809 0.39103514 0.814103007 0.942409158 0.900999844 0.8688308
    0.117157817 0.782161117 0.196828932 0.442368954 0.782068372
    0.29408741 0.692653418 0.219825208 0.390688956 0.816024065
    0.15527752 0.692595363 0.463072121 0.439680517 0.637221217
    0.934191346 0.667705715 0.25446099 0.147637874 0.245446056
    0.0494960546 0.204846829 0.904647589 0.27270174 0.856620073
    0.418381423 0.379056931 0.48771292 0.443027914 0.188301802
    0.133376479 0.394338548 0.400571167 0.59405911 0.388818234
    0.698710918 0.366101801 0.695019484 0.00374826789 0.632910132
    0.108203799 0.166590303 0.80510056 0.667728543 0.38326925
    0.372822464 0.414858133 0.732087374 0.0136923492 0.746526599
    0.0225834548 0.499456972 0.141816169 0.622747302 0.145355344
    0.602686644 0.75644815 0.653443933 0.595535755 0.408460051
    0.444929957 0.220876813 0.310438931 0.998913169 0.761775017
    0.00296255946 0.800598621 0.879017949 0.407228827 0.797302246
    0.0907223225 0.263474524 0.0254480541 0.591260493 0.290979862
    0.130842 0.960006297 0.297210753 0.705218852 0.995884061 0.315129161
    0.201851487 0.570696414 0.769210815 0.257361978 0.393087476
    0.355799168 0.670273662 0.380140394 0.633150876 0.697063088
    0.192338318 0.588381886 0.00958529115 0.661528111 0.834343076
    0.277667463 0.824751616 0.176886559 0.764878154 0.564007044
    0.248444825 0.88907361 0.924212456 0.683862805 0.586199164
    0.461570144 0.452435762 0.692826509 0.448482871 0.369393587
    0.809368491 0.980718195 0.255429953 0.124492943 0.378983587
    0.979723096 0.0395462513 0.676131546 0.260237336 0.406340301
    0.604271412 0.11905843 0.510825276 0.317564011 0.518819749
    0.493190944 0.232455879 0.909359813 0.267853737 0.33322224
    0.962413728 0.500975907 0.861386895 0.449228466 0.307895929
    0.247320205 0.254843622 0.935899496 0.31411323 0.508394778
    0.036798805 0.415922672 0.420291215 0.159598023 0.13985467
    0.86335218 0.010191828 0.404893219 0.977478802 0.757292747
    0.307379603 0.547572732 0.0949504673 0.705231667 0.277078867
    0.115984559 0.655670941 0.753625453 0.328011751 0.242645025
    0.0383723974 0.627835035 0.779974341 0.679502726 0.233234674
    0.207004696 0.731068015 0.00212812424 0.51594615 0.843050182
    0.611743808 0.180407882 0.291966647 0.958451986 0.657417774
    0.101044625 0.777154207 0.499432087 0.314762771 0.118001193
    0.974270821 0.157812744 0.656041861 0.182310343 0.694396853
    0.556025565 0.0503775775 0.340540498 0.628703356 0.875971913
    0.491612524 0.537032664 0.788220644 0.832038522 0.882983983
    0.797616601 0.265240908 0.0285302699 0.341296852 0.62235415
    0.959416389 0.716020107 0.522725761 0.901279628 0.811751842
    0.680912673 0.907953858 0.472004622 0.0442633331 0.606520712
    0.24287793 0.157963336 0.187633902 0.438623786 0.946408033
    0.268565297 0.306849599 0.399233311 0.740537584 0.142300904
    0.140521079 0.465780407 0.514872432 0.755104542 0.206552207
    0.211590677 0.672884703 0.884012282 0.779068351 0.395005554
    0.18452993 0.939363539 0.967965364 0.108161867 0.543667674
    0.483027339 0.856781423 0.133914858 0.77669394 0.135421008
    0.823265851 0.231550694 0.248497814 0.35305351 0.67053318
    0.870120525 0.0584598184 0.591298282 0.363102555 0.72129631
    0.664865315 0.588103652 0.280420303 0.828990638 0.384497255
    0.598536968 0.671373963 0.188551933 0.184782237 0.849647999
    0.790521502 0.939160645 0.345575273 0.770908296 0.826490998
    0.503572106 0.117340326 0.958431304 0.146532953 0.251862347
    0.831474543 0.735322118 0.791799128 0.845066786 0.826853931
    0.847779751 0.240159869 0.022072345 0.30931142 0.197430521
    0.726983368 0.32702738 0.14526388 0.0632734597 0.614202321
    0.87414813 0.530669808 0.381585717 0.00237414241 0.104643732
    0.818377018 0.546189666 0.105608672 0.608538508 0.53518635
    0.20863378 0.924868822 0.225956887 0.690196812 0.236876428
    0.872793615 0.856053948 0.28262198 0.392944157 0.469730645
    0.712875724 0.591320455 0.958673477 0.234800011 0.652712405
    0.749410152 0.545846939 0.975060642 0.983792067 0.528679848
    0.343520939 0.419426382 0.343333244 0.969504297 0.0827480555
    0.65395093 0.189207047 0.776434541 0.335673958 0.159715801
    0.872306764 0.100936174 0.287270814 0.486226916 0.828749597
    0.177404255 0.614233792 0.779474795 0.459476948 0.764799893
    0.00593218207 0.00710326433 0.757346034 0.11356318 0.388301671
    0.54735893 0.559498668 0.328352839 0.400446236 0.063534379
    0.0861749649 0.787988305 0.590062499 0.233845234 0.794186771
    0.311519086 0.682341337 0.900906563 0.419697911 0.182709426
    0.788117886 0.341599226 0.516826987 0.976938844 0.264018983
    0.268997312 0.165456593 0.935856104 0.820271552 0.233817816
    0.421967983 0.389929384 0.536360025 0.376057446 0.589386106
    0.0165719092 0.04734689 0.274338931 0.0251761675 0.304492354
    0.671368957 0.225725859 0.271947235 0.680149853 0.0805615783
    0.51066792 0.69397068 0.168492049 0.45851481 0.0610782802
    0.421094239 0.400192976 0.262998462 0.25244391 0.58247 0.035523206
    0.706521273 0.579524577 0.404882789 0.411348879 0.262388438
    0.36087966 0.919242978 0.538915336 0.477321625 0.769260287
    0.140524745 0.72541827 0.385426909 0.482271016 0.0538930297
    0.0355317891 0.968861699 0.020013243 0.105374515 0.0806943178
    0.915316164 0.926905751 0.0855062008 0.739756405 0.69710499
    0.759022236 0.83801198 0.875594616 0.596073568 0.0669888556
    0.865644813 0.905128181 0.198913604 0.180574626 0.202469617
    0.620526671 0.557355106 0.604216933 0.531269729 0.415895015
    0.374477386 0.0166846514 0.487235457 0.0167770386 0.140010655
    0.584585845 0.587944746 0.755957127 0.89437741 0.382838488
    0.907919288 0.725494027 0.108039767 0.817220807 0.262079924
    0.726528823 0.274042577 0.31935364 0.416336983 0.673942506
    0.506918252 0.899877667 0.550242245 0.0333301127 0.479841173
    0.850411534 0.474974036 0.265519768 0.834000111 0.696161807
    0.113488764 0.0118054748 0.235729367 0.42276907 0.051782161
    0.263273746 0.0212069452 0.235426068 0.615814507 0.440573394
    0.999915242 0.198700637 0.215885848 0.114090234 0.0975043476
    0.35496369 0.40200299 0.675123453 0.834635377 0.641796172
    0.267314434 0.861819386 0.932454467 0.67745626 0.264938653
    0.581106126 0.468595862 0.809629202 0.977235913 0.27732712
    0.502354026 0.58627677 0.365063787 0.907562256 0.882946193
    0.797120631 0.705357552 0.689029992 0.679793775 0.930220366
    0.254790217 0.925098777 0.261469007 0.45961684 0.694832087
    0.932588339 0.515148699 0.190572947 0.66639185 0.270257413
    0.958918929 0.0398923755 0.3748613 0.291955233 0.397555023
    0.791930795 0.629648089 0.250089884 0.755605459 0.00695955753
    0.751673877 0.617143035 0.0498730838 0.610807955 0.799966455
    0.307615876 0.789540768 0.166008562 0.630023181 0.759940982
    0.750922024 0.361774594 0.420472533 0.653839648 0.755043387
    0.392803371 0.418026477 0.805773735 0.0941680372 0.52275598
    0.558760345 0.862392545 0.275945455 0.329828352 0.464618206
    0.136407703 0.40420112 0.731979966 0.640851438 0.114246517
    0.485556245 0.672454715 0.321131825 0.146062106 0.648816943
    0.255092144 0.803656936 0.278748572 0.00728848577 0.120554566
    0.944380879 0.426697254 0.59250015 0.732893527 0.257773101
    0.0919929445 0.99858439 0.641155243 0.358063519 0.299023539
    0.168614835 0.565717161 0.0703870654 0.262927085 0.151129812
    0.493426383 0.461275101 0.839688897 0.552900434 0.681510329
    0.210240155 0.750058174 0.135860384 0.957546949 0.845956802
    0.921441436 0.0981732309 0.517866194 0.973728418 0.371995032
    0.373238385 0.553437114 0.27062428 0.310189903 0.704351664
    0.905309737 0.489494145 0.896296322 0.456824213 0.611405253
    0.594038188 0.3198632 0.651576281 0.0176508427 0.58252281
    0.0337585807 0.0856648982 0.81971848 0.518830359 0.359321952
    0.229450583 0.2027044 0.984552085 0.145389378 0.880393147
    0.149579138 0.340828478 0.423974603 0.694265425 0.460698932
    0.56104058 0.023047179 0.170081586 0.29920426 0.66401732 0.626742542
    0.217612773 0.420140803 0.923514009 0.251718104 0.472424507
    0.207510293 0.361652732 0.149020344 0.146895111 0.551343501
    0.142017484 0.0799669325 0.667038441 0.667534113 0.778642774
    0.436370701 0.807532728 0.484273314 0.196279049 0.509825289
    0.505625665 0.783086598 0.982425094 0.254750013 0.875324547
    0.614226103 0.152493775 0.750916362 0.308145106 0.0164945126
    0.713148177 0.439302444 0.838234782 0.752198219 0.635082901
    0.0174112022 0.403205365 0.158305079 0.37918815 0.30823046
    0.95178622 0.330245018 0.758910596 0.812347412 0.584733248
    0.201605618 0.884941995 0.312909186 0.0473042727 0.312171906
    0.335325301 0.557578027 0.580201745 0.513117969 0.432185113
    0.20182851 0.11069417 0.601214886 0.922913373 0.614892662
    0.617884338 0.260402679 0.59703809 0.213989079 0.212460369
    0.940403044 0.891881287 0.301028132 0.466928571 0.163183063
    0.700618446 0.309597254 0.213425159 0.769101739 0.553562939
    0.56390202 0.796532571 0.797256112 0.215669334 0.817241788
    0.890798748 0.93727088 0.918055415 0.239129454 0.255973756
    0.33708635 0.720597506 0.112022102 0.131253898 0.921819985
    0.639422238 0.377872914 0.396139801 0.805499136 0.355529368
    0.831407309 0.357086897 0.173983514 0.772732019 0.0841549337
    0.444230616 0.0890996456 0.606685042 0.754222751 0.893936515
    0.243569553 0.0969412029 0.410961807 0.379847586 0.568721294
    0.0573885441 0.611112535 0.00673013926 0.427960008 0.228742063
    0.867232084 0.392562658 0.058686614 0.660110354 0.172542483
    0.269073784 0.0836934149 0.538591981 0.589158893 0.452128261
    0.149985909 0.340227306 0.926595032 0.941501617 0.31599164
    0.963361323 0.999535322 0.0772586167 0.0980164707 0.862247884
    0.682593048 0.588208675 0.698692799 0.770733476 0.245041609
    0.562510908 0.735229373 0.256985307 0.681117058 0.890605211
    0.0775447488 0.923520923 0.00640207529 0.579395473 0.987645864
    0.781556129 0.42258358 0.97519511 0.309651136 0.0447024703
    0.284995645 0.253278792 0.900081754 0.405847967 0.128182381
    0.26557377 0.403850555 0.357314318 0.889799118 0.967613697
    0.0151117146 0.677840233 0.929756641 0.617053032 0.310784817
    0.538206518 0.336077571 0.223672539 0.841272235 0.0312536955
    0.859674573 0.437540621 0.96723491 0.196399391 0.710891426
    0.249440163 0.755889297 0.672544479 0.719287634 0.857937872
    0.241156578 0.208954036 0.838861704 0.559303939 0.808070421
    0.97667402 0.379683822 0.670575857 0.093590945 0.202168882
    0.972107351 0.380891442 0.205331028 0.918163061 0.341197968
    0.677456915 0.839200795 0.761406362 0.294246793 0.16130513
    0.699742436 0.680211902 0.252171695 0.843393505 0.0450869799
    0.192392081 0.0522309542 0.866658449 0.268531144 0.864005566
    0.624208689 0.657189369 0.829554677 0.200380653 0.408321887
    0.35702768 0.555529058 0.720950544 0.493052363 0.870053887
    0.187803954 0.941130698 0.449705184 0.397301376 0.109220535
    0.491445184 0.49114415 0.152551264 0.32475251 0.616216302
    0.448571444 0.0537184775 0.376901835 0.940248132 0.978274345
    0.848607302 0.797895253 0.363834202 0.302879453 0.201059908
    0.241064548 0.329798222 0.386278689 0.378272712 0.294083446
    0.622708201 0.441530287 0.146907538 0.309884727 0.846954703
    0.569261968 0.469758004 0.443685174 0.693217099 0.542434335
    0.180439532 0.188853443 0.158538252 0.894806862 0.587316275
    0.252126276 0.834728837 0.503806949 0.717174709 0.526893556
    0.549845338 0.593619168 0.568976045 0.282042593 0.876142025
    0.845631063 0.739923656 0.217085361 0.80799526 0.444571435
    0.506036043 0.663033247 0.322225779 0.159660459 0.865202904
    0.282057077 0.846880376 0.782223344 0.0669204593 0.586347997
    0.134246707 0.72132057 0.730297208 0.686761856 0.803512454
    0.65899694 0.841349721 0.43737793 0.716030061 0.397476017
    0.488641173 0.112202883 0.224627137 0.564136088 0.6997931
    0.357375443 0.127290934 0.827383518 0.937496424 0.458638251
    0.807991743 0.12734288 0.92894721 0.178484082 0.113655895
    0.883642316 0.958405435 0.792467356 0.871157467 0.00122454762
    0.387136638 0.20532766 0.206415832 0.914034128 0.0746796727
    0.737616062 0.532728255 0.074047327 0.524767637 0.692049503
    0.681723356 0.0693379939 0.404213279 0.602313519 0.245312631
    0.530849636 0.647233367 0.20359543 0.258945882 0.575168848
    0.197658658 0.328068733 0.993242145 0.924515367 0.056756258
    0.876790762 0.316688567 0.962446988 0.679464638 0.314410686
    0.628145516 0.395291746 0.154349148 0.864867449 0.274303675
    0.0574423373 0.425031304 0.872791886 0.707888663 0.820101857
    0.172263563 0.422334701 0.539432406 0.0553840101 0.534178793
    0.30862847 0.091904223 0.455621332 0.188763231 0.795065999
    0.449067116 0.281771451 0.102045268 0.205723226 0.644840479
    0.05147928 0.48729983 0.161053509 0.0162609518 0.845258474
    0.794327974 0.938162923 0.627836645 0.668958008 0.0462064743
    0.35868454 0.0323735774 0.455038726 0.52061379 0.287711233
    0.839966774 0.354883462 0.935877681 0.149095982 0.853199601
    0.754070163 0.388742834 0.422282517 0.607146859 0.881983757
    0.977511287 0.585262239 0.0684899092 0.384543419 0.751575947
    0.502111733 0.320664823 0.117098838 0.245481193 0.0745255649
    0.753251314 0.879867494 0.9640975 0.960206211 0.937686503
    0.986360669 0.144242883 0.594299018 0.692346811 0.771769702
    0.308805615 0.869813323 0.942695737 0.749874353 0.541257918
    0.774310529 0.581597209 0.499341071 0.123860717 0.301250726
    0.525378764 0.484291643 0.425925761 0.879123569 0.891418338
    0.884523869 0.248313516 0.302852631 0.272458613 0.868432999
    0.904597163 0.863011241 0.207771331 0.914381146 0.659718633
    0.253287077 0.952424705 0.530514657 0.850248754 0.795468092
    0.552082658 0.862554193 0.386472315 0.8143332 0.582040071
    0.878988981 0.257626414 0.546067417 0.60292238 0.0020467937
    0.169975609 0.856181026 0.374411792 0.711442173 0.383465379
    0.644546032 0.116539478 0.397277564 0.0509924293 0.56760788
    0.23212263 0.0461164713 0.688185334 0.2272017 0.929990113 0.80444777
    0.277698815 0.522502005 0.906623363 0.552881539 0.923200727
    0.966065586 0.547470272 0.129032075 0.0749368966 0.666363657
    0.98307991 0.905760944 0.0977571309 0.819642067 0.405821204
    0.905163765 0.725929141 0.323467523 0.66642797 0.72629267
    0.867249489 0.385004401 0.683984101 0.485184103 0.483693928
    0.647277772 0.83554703 0.125091881 0.243633598 0.462813199
    0.0758986771 0.191689193 0.140648365 0.182562083 0.25701344
    0.588767529 0.556950688 0.449253798 0.698363543 0.325070143
    0.146504194 0.351985157 0.562783778 0.463982224 0.780713141
    0.614450157 0.748585343 0.85039717 0.786898732 0.147318006
    0.655930638 0.0827044845 0.0168642998 0.758211374 0.554442108
    0.512609363 0.960761905 0.556241035 0.0399068594 0.912125587
    0.232124746 0.624419391 0.63015914 0.896542311 0.518822551
    0.0877493024 0.978533626 0.255609155 0.484804094 0.371313393
    0.0444611609 0.0688346922 0.645853579 0.310267687 0.859588146
    0.674893916 0.207216412 0.348696619 0.725506663 0.878311396
    0.20153746 0.761473715 0.287808716 0.999168694 0.129468113
    0.0790661573 0.332477272 0.542915463 0.801406562 0.778784275
    0.558068573 0.828718007 0.321269691 0.400220692 0.515153527
    0.944980025 0.340790212 0.292130172 0.173936307 0.304449022
    0.868047237 0.102499276 0.960965514 0.640664756 0.202940643
    0.978244305 0.218257785 0.308319986 0.730006933 0.749571681
    0.0845009387 0.799550772 0.00622329116 0.980730891 0.126283467
    0.59174931 0.694929123 0.156929612 0.199752301 0.928471565
    0.182713151 0.998389363 0.590619087 0.362404883 0.26224643
    0.787594438 0.377209514 0.636653781 0.677673399 0.550081134
    0.327648222 0.479284704 0.981045306 0.609699607 0.362788379
    0.367762268 0.815306187 0.469367802 0.977962077 0.400880516
    0.381865084 0.762381673 0.351591885 0.671752274 0.497137457
    0.767822683 0.900345147 0.491775483 0.422464728 0.422793567
    0.543594003 0.959036827 0.888549209 0.122224331 0.265042216
    0.559144795 0.542715788 0.212798238 0.626228929 0.349093378
    0.46503374 0.969717383 0.694684207 0.207497656 0.874952912
    0.657920957 0.997702718 0.523098409 0.167058617 0.307875037
    0.0959706008 0.59384644 0.0332666636 0.643142641 0.615857363
    0.165406108 0.885920107 0.0816243291 0.203925669 0.809378028
    0.531243205 0.735464811 0.232658923 0.185319394 0.309710026
    0.366027057 0.910015941 0.456138819 0.747646391 0.961197078
    0.18462491 0.258234501 0.209137112 0.0692445934 0.978571296
    0.780562043 0.251166582 0.0936356485 0.286537707 0.607624233
    0.362946153 0.0216966867 0.746666193 0.0699188113 0.0418027341
    0.284902245 0.980939746 0.610648394 0.95118475 0.407188296
    0.829017401 0.836141467 0.844680905 0.0886176825 0.378063202
    0.25135693 0.58053118 0.334473938 0.515002131 0.842811227
    0.564167917 0.673058391 0.0798946619 0.778611898 0.33126983
    0.333392113 0.697395086 0.0666612387 0.943971574 0.31539914
    0.285864621 0.440095931 0.331224114 0.274482906 0.724031091
    0.554048181 0.724464238 0.228998601 0.755683362 0.814838171
    0.286618054 0.228559434 0.250250816 0.961304963 0.836997867
    0.590063393 0.393796235 0.828614771 0.30950278 0.126604199
    0.0306256413 0.909522295 0.619314194 0.641800046 0.0606524646
    0.526586175 0.167811364 0.282088578 0.0614508688 0.331482112
    0.695683122 0.654459715 0.737255216 0.393974572 0.138518661
    0.996367455 0.29610768 0.104726255 0.36519739 0.144965976
    0.144704074 0.198518544 0.0153024495 0.782066762 0.439553231
    0.489646286 0.42536971 0.614193201 0.217248976 0.998978674
    0.908392549 0.183272451 0.622380733 0.417017758 0.201897115
    0.180818379 0.181551695 0.263313234 0.399319828 0.975796819
    0.0422577262 0.104442984 0.28758812 0.583714247 0.732423484
    0.452789873 0.218176126 0.0039332211 0.580233216 0.616138041
    0.350068212 0.761257052 0.387121677 0.307637393 0.473098576
    0.971388817 0.793361008 0.891226768 0.99699378 0.494277 0.578783095
    0.83920157 0.518520415 0.284629375 0.908353806 0.456479251
    0.0333150625 0.232057124 0.805157661 0.549772382 0.0399117768
    0.241746277 0.338362992 0.973870933 0.283303082 0.584978044
    0.271071017 0.473107845 0.0744406283 0.622100472 0.893905342
    0.706228137 0.569557726 0.104556084 0.142815143 0.0687551796
    0.224892557 0.682959318 0.351257324 0.334485888 0.967749834
    0.638957143 0.0310893059 0.91973567 0.0159497857 0.263403356
    0.70829004 0.660239398 0.773038268 0.177300006 0.743389606
    0.820712328 0.238654107 0.511305571 0.600733459 0.982122302
    0.82273531 0.785025597 0.220605701 0.985087872 0.912736535
    0.467654496 0.247737437 0.129052103 0.251426756 0.0765036345
    0.0230253935 0.47448343 0.306917131 0.319042563 0.135996372
    0.115199864 0.344571531 0.728896081 0.808245361 0.343559533
    0.953508019 0.959444582 0.757279277 0.749785662 0.950874686
    0.801234722 0.938266873 0.00402113795 0.859904051 0.594061494
    0.101833373 0.694857121 0.60934031 0.675280333 0.85777086
    0.288903415 0.517849028 0.90901804 0.539472997 0.696076274
    0.938713431 0.258610308 0.815820575 0.00667202473 0.422270775
    0.185254902 0.341408521 0.903163552 0.443828523 0.754855514
    0.825807869 0.174016446 0.422011107 0.596598804 0.39963609
    0.81906271 0.281783104 0.866271615 0.353204608 0.646028161
    0.973721623 0.241030514 0.453695714 0.172379076 0.472542524
    0.691234827 0.121468544 0.231420368 0.48452577 0.128188312
    0.584886789 0.130302221 0.87253809 0.182707936 0.975887239
    0.660250783 0.600964725 0.0794273019 0.207878917 0.720100164
    0.518651366 0.6733886 0.611180246 0.54887116 0.759220839 0.659459174
    0.280411243 0.504492819 0.402275324 0.944182396 0.268869072
    0.46432808 0.922022879 0.0533128083 0.181706429 0.648280263
    0.250221491 0.0634830594 0.238483965 0.259840846 0.246821702
    0.454289854 0.667691112 0.551170349 0.59353888 0.530228317
    0.0725460649 0.945982337 0.126564443 0.525601208 0.560997128
    0.130393147 0.570747793 0.193291485 0.0104254186 0.602843106
    0.165349185 0.502073467 0.15720287 0.917445421 0.163020939
    0.711882174 0.57504499 0.808259845 0.727771282 0.158149481
    0.927484751 0.373930395 0.33285597 0.956720114 0.711798966
    0.837586403 0.41753906 0.0820797384 0.27264452 0.541894555
    0.31128338 0.645908415 0.43078813 0.0871997476 0.85291028
    0.00524631143 0.175412774 0.0834726989 0.444110751 0.883641601
    0.217413068 0.824555278 0.657108784 0.716161847 0.944669664
    0.591099024 0.874085546 0.283460617 0.453230351 0.76520586
    0.161415011 0.797891378 0.543231487 0.783715606 0.385105044
    0.229723305 0.717598975 0.349197716 0.71425277 0.257367909
    0.611758709 0.607222915 0.737781644 0.0761016905 0.28470242
    0.766469181 0.413214475 0.130319268 0.947047412 0.390127033
    0.31425029 0.227641791 0.000908941031 0.783657491 0.597113132
    0.876670599 0.249118 0.915301859 0.939585865 0.275417507 0.274646908
    0.500069141 0.59608382 0.109192759 0.695305705 0.634539008
    0.957930326 0.0714155436 0.0985724926 0.639508605 0.392773569
    0.594355702 0.252256691 0.509704828 0.965903401 0.534514427
    0.0331836343 0.611991763 0.433729082 0.343593061 0.232855797
    0.433874011 0.844381213 0.312796086 0.814822793 0.21598804
    0.0202929378 0.502530396 0.79214859 0.811765969 0.0481551588
    0.480616421 0.761403561 0.124719858 0.108732581 0.84566915
    0.824321926 0.862614214 0.59098506 0.589138389 0.390731126
    0.0511711836 0.249016553 0.903795838 0.582986355 0.788100004
    0.0519171655 0.109679043 0.918955803 0.0331025124 0.93386662
    0.0108981133 0.407085449 0.975660622 0.179588616 0.587148309
    0.287622035 0.0911094248 0.293923497 0.108293861 0.575964451
    0.476333469 0.0686205328 0.481905401 0.756789088 0.741871417
    0.304116786 0.72227633 0.12219575 0.134960949 0.080606997
    0.596407533 0.532513559 0.730916142 0.326138377 0.0274875164
    0.0696137846 0.256271243 0.757778466 0.944533825 0.495158404
    0.653238237 0.430789948 0.161066562 0.701757371 0.635422289
    0.347318321 0.493892759 0.824600697 0.779225588 0.33225444
    0.490140468 0.425406426 0.259794891 0.856429815 0.807883263
    0.753589869 0.870768547 0.643948078 0.467990339 0.905958772
    0.220123202 0.981752276 0.774927258 0.0984682143 0.0156965554
    0.910983741 0.662621021 0.367141604 0.463103533 0.156989872
    0.245005757 0.454921693 0.978414893 0.440464169 0.767516375
    0.556216598 0.0612642765 0.228367656 0.999349236 0.189736456
    0.430198878 0.277724028 0.0169504881 0.952487826 0.728977203
    0.962816477 0.736851752 0.204742491 0.016228199 0.585765362
    0.230402142 0.825912476 0.177203029 0.605600595 0.274958104
    0.959457994 0.993427515 0.798205256 0.23512885 0.958996654
    0.611493945 0.367782593 0.275790751 0.28435877 0.242932588
    0.988824069 0.132522225 0.921538472 0.806717157 0.247874081
    0.154133141 0.371233881 0.296980023 0.714682043 0.5768255 0.50945431
    0.174347162 0.679515064 0.629633904 0.394128859 0.0504597723
    0.144934505 0.619550765 0.314705193 0.563560367 0.988410592
    0.477350831 0.955536127 0.157664239 0.880847454 0.0484834909
    0.175398439 0.184065491 0.0251168609 0.123224288 0.979463398
    0.920135856 0.841875434 0.989701748 0.632549524 0.624952793
    0.291545451 0.386881322 0.568824172 0.155164421 0.62179023
    0.399647444 0.889770508 0.706710577 0.709759235 0.701280594
    0.269875467 0.338792324 0.376584888 0.909724414 0.432490915
    0.19558084 0.286914706 0.201569527 0.731233001 0.700514615
    0.714290738 0.745032847 0.198692292 0.911018252 0.381040305
    0.266949713 0.211344033 0.597680748 0.20588693 0.749215007
    0.0911676884 0.31981501 0.399278045 0.186293334 0.213295937
    0.749781132 0.667288542 0.599945426 0.305861652 0.2153579
    0.785808861 0.860052347 0.819960713 0.899075389 0.116568357
    0.637652278 0.971543312 0.108397424 0.777799964 0.732333183
    0.913150728 0.857743084 0.0461434424 0.912816167 0.0821622908
    0.019579947 0.492537051 0.824015737 0.484619856 0.817818999
    0.0482775569 0.123645246 0.225468069 0.638687611 0.0918638706
    0.511184573 0.823646247 0.991858065 0.49695313 0.816122293
    0.31731841 0.76925236 0.473858505 0.65288502 0.46716693 0.466000527
    0.540930152 0.0996853411 0.0638913512 0.518967569 0.49054867
    0.390309542 0.675256312 0.768387556 0.776748419 0.754784286
    0.867702961 0.0371305048 0.897966266 0.620738328 0.778517306
    0.786858439 0.66170013 0.693489313 0.1713835 0.14102143 0.348317146
    0.797770977 0.565113366 0.228868186 0.598561943 0.11552462
    0.65747577 0.835875034 0.131740242 0.712208271 0.369839072
    0.663956821 0.131264031 0.85137713 0.0877961516 0.979086518
    0.913514733 0.00990849733 0.0696537495 0.0759898126 0.24701497
    0.500506103 0.00155448914 0.0689589381 0.25294134 0.420161605
    0.46475777 0.810004771 0.680835247 0.991524458 0.478513628
    0.17900911 0.736825645 0.142438501 0.792883694 0.235191941
    0.650016606 0.709654868 0.30265516 0.798252702 0.839856982
    0.793235064 0.783692837 0.866086602 0.846134126 0.152693629
    0.0431712866 0.862389565 0.819680631 0.83090055 0.548628867
    0.733316422 0.366141617 0.0970759392 0.0598191023 0.07990852
    0.207007527 0.283055305 0.759472609 0.769594789 0.481330752
    0.762249589 0.326138705 0.330186665 0.26375854 0.0939888656
    0.332564831 0.230519414 0.319859207 0.0116932392 0.407010764
    0.334400594 0.697772622 0.427777648 0.38241452 0.151812464
    0.42830503 0.299002469 0.920353293 0.379696965 0.0304911137
    0.15979591 0.539137006 0.399373859 0.453571707 0.971815705
    0.940164208 0.202596664 0.459542036 0.408317506 0.622023284
    0.415822864 0.40422824 0.511111498 0.378494769 0.504711688
    0.640923142 0.458471239 0.610820949 0.503177464 0.604565263
    0.484158456 0.714609921 0.733035326 0.609428465 0.285444349
    0.650625229 0.750534892 0.305779874 0.88896805 0.412186205 0.6906991
    0.685027242 0.938444614 0.791760802 0.894613981 0.826554477
    0.202357262 0.541866004 0.309906393 0.234357923 0.325578183
    0.917220116 0.989855886 0.261663496 0.0920205414 0.946952105
    0.461594343 0.209417015 0.353813589 0.425610751 0.856854796
    0.667970777 0.763275623 0.513147414 0.0517064631 0.922223151
    0.33199203 0.274063349 0.894652367 0.963829279 0.539548218
    0.649318457 0.742585361 0.101698101 0.324707329 0.339251935
    0.167895794 0.439185619 0.487617373 0.439828843 0.646288157
    0.625392556 0.857756376 0.615606368 0.497696459 0.727141738
    0.806087852 0.904693604 0.337876558 0.00479751825 0.849190474
    0.029214114 0.680675268 0.149845093 0.868333697 0.606262505
    0.02427122 0.151318192 0.0597555935 0.792605758 0.450588822
    0.815868616 0.308197737 0.6843822 0.981239974 0.394889385
    0.283692658 0.432825446 0.119297892 0.280555189 0.00591236353
    0.814527452 0.884376287 0.739125669 0.71304661 0.585249364
    0.328025639 0.348701507 0.751920581 0.0257498622 0.783046246
    0.157725155 0.73757714 0.74351573 0.477827847 0.665998578
    0.306824267 0.975811839 0.74068749 0.851200223 0.728662848
    0.364072829 0.399758816 0.957293868 0.0141075253 0.627022326
    0.993170023 0.582123935 0.580672383 0.530210197 0.118598878
    0.922196507 0.993991017 0.86034894 0.0146374106 0.135506451
    0.93515712 0.00532338023 0.256308407 0.986282945 0.339420408
    0.392328769 0.642811179 0.27709502 0.764059544 0.175038964
    0.117511243 0.556239128 0.814308584 0.635893226 0.203918785
    0.38442719 0.872190714 0.625649869 0.293623924 0.67889452
    0.684394419 0.86147368 0.532263994 0.356810361 0.69603163
    0.305462599 0.472154737 0.56793195 0.141944945 0.941170335
    0.846550882 0.389246494 0.80420953 0.742502153 0.594698071
    0.227996439 0.734392166 0.738799751 0.449666381 0.0398795307
    0.130487323 0.0383274257 0.0665237904 0.660921037 0.641304076
    0.78408289 0.376762301 0.00526925921 0.919796824 0.943426371
    0.5127213 0.913462698 0.246448904 0.897099197 0.280340016
    0.995744586 0.562718928 0.665764272 0.690629125 0.93452549
    0.214892209 0.616239786 0.53834033 0.111755252 0.972172737
    0.157458186 0.746251106 0.065620631 0.663235366 0.431403607
    0.872882605 0.446359664 0.997834563 0.715965271 0.493537813
    0.997338414 0.788824797 0.0615718663 0.429335803 0.378620833
    0.412743777 0.0530690849 0.505691707 0.777313113 0.0422905087
    0.579226017 0.717467368 0.0678674281 0.954444468 0.025036335
    0.991903424 0.23808369 0.158351868 0.680481434 0.702332199
    0.433074385 0.283339679 0.635097861 0.164503723 0.320143342
    0.0995214581 0.331813425 0.0145224333 0.358393729 0.515063465
    0.28945893 0.0152183771 0.231107801 0.242542863 0.428359807
    0.297339231 0.962074399 0.975577474 0.580720484 0.187205404
    0.333287895 0.92457366 0.116863132 0.707546055 0.367858887
    0.878663898 0.911934555 0.0502774715 0.105676055 0.0463938117
    0.913737774 0.765710592 0.935157657 0.116097331 0.429974347
    0.326993406 0.0844762623 0.548202693 0.571418822 0.0153621435
    0.332695544 0.454124659 0.484185815 0.400433451 0.377931654
    0.755791187 0.783793092 0.841745138 0.197351903 0.954503298
    0.0495052636 0.723439991 0.865713358 0.16494441 0.876646101
    0.122289747 0.848536015 0.0449400842 0.279103279 0.737750769
    0.890886605 0.345382512 0.332361251 0.0197971165 0.428943783
    0.386006802 0.810379684 0.554513693 0.0592290461 0.964454889
    0.257370174 0.840749264 0.00792732835 0.676592588 0.937846065
    0.246334285 0.0502750278 0.792953134 0.331056416 0.917513251
    0.49773401 0.100547433 0.466407478 0.162561268 0.170298636
    0.756870508 0.672091722 0.700936675 0.520407617 0.272564292
    0.173185378 0.832305968 0.503372073 0.611615539 0.0973129869
    0.810162425 0.331837237 0.560593843 0.522157669 0.00598520041
    0.0763240755 0.360916257 0.282402039 0.400553763 0.00316545367
    0.356850952 0.711089253 0.450181305 0.557503402 0.753398895
    0.327935129 0.675031841 0.560042322 0.680033863 0.431155473
    0.140648901 0.0987989306 0.870715857 0.490257293 0.889901876
    0.362504452 0.962579012 0.201847255 0.737714827 0.695211411
    0.804848492 0.819348574 0.548196614 0.39239192 0.606018007
    0.159716249 0.476025969 0.634350538 0.368820846 0.633692205
    0.466675282 0.258854479 0.188631922 0.161467969 0.539285958
    0.801744342 0.197541535 0.247622401 0.655755639 0.517957747
    0.748812318 0.752994359 0.171294898 0.0417582691 0.943784416
    0.265230596 0.761242986 0.749617815 0.096816957 0.405072212
    0.679091811 0.278732181 0.188138366 0.100468785 0.422487259
    0.336521655 0.0127213597 0.0577342212 0.481577992 0.502074957
    0.411049366 0.626207113 0.732887387 0.240721852 0.785857797
    0.741027176 0.0119664669 0.442913175 0.601542115 0.110475749
    0.184180111 0.863579988 0.638278842 0.579903185 0.851571262
    0.643120289 0.529907584 0.72668469 0.353856921 0.905073881
    0.225348324 0.199002057 0.754502773 0.505803645 0.0390119553
    0.562512457 0.273992419 0.316200435 0.252971351 0.783258319
    0.510620654 0.507170856 0.483688951 0.266797006 0.160943925
    0.187028944 0.103700548 0.350697279 0.398973435 0.224737138
    0.434461802 0.472418875 0.500858188 0.153774887 0.29605937
    0.57287401 0.22446093 0.293199182 0.647557557 0.360102773
    0.737073958 0.174115747 0.633858383 0.749922514 0.547512352
    0.546175957 0.16367811 0.411926448 0.531254113 0.298364401
    0.469587564 0.277725101 0.510032296 0.181538552 0.559032202
    0.854419589 0.863505125 0.238489866 0.550531149 0.197459906
    0.182228416 0.218836159 0.292997837 0.958646655 0.698295116
    0.38416791 0.0560100973 0.164947301 0.16086939 0.519486785
    0.378598332 0.423634112 0.924796581 0.129254818 0.225787818
    0.586521924 0.979287624 0.395673543 0.225640565 0.289553404
    0.309562534 0.193242729 0.881840885 0.00513616204 0.932317734
    0.507812738 0.501242638 0.515345097 0.66427505 0.265560925
    0.653683543 0.429576695 0.374391675 0.792313933 0.632528663
    0.502598286 0.558646739 0.541047096 0.324248135 0.00131821632
    0.0575062931 0.203834802 0.767129183 0.672913313 0.147305369
    0.96096009 0.427278519 0.376009822 0.406981081 0.652288795
    0.945620239 0.908533692 0.515980482 0.649302602 0.588939965
    0.0505547822 0.197859019 0.659578323 0.0321549177 0.349440157
    0.0919173956 0.0960991383 0.588136137 0.674920201 0.410987794
    0.715060115 0.850669265 0.976203918 0.0141985416 0.708528042
    0.712870419 0.120490819 0.874982238 0.278068066 0.382534742
    0.97094357 0.429553181 0.882757306 0.040181905 0.529325247
    0.675420702 0.916817844 0.299746215 0.584213376 0.218482822
    0.0313163102 0.0915490091 0.465115607 0.623696506 0.0847614706
    0.353138745 0.494672805 0.237772644 0.821540177 0.611924708
    0.398359239 0.577102423 0.21332559 0.979115367 0.880721211
    0.959491611 0.836371005 0.317567587 0.0239157081 0.304090261
    0.597586572 0.896277785 0.494597554 0.527255476 0.821645796
    0.343141973 0.703022957 0.779596567 0.254448354 0.0943270028
    0.92594409 0.334663808 0.957632542 0.110271811 0.0785537362
    0.472271413 0.3394472 0.191647381 0.248425871 0.88179487
    0.0570248365 0.119382352 0.0758676827 0.982944846 0.622351348
    0.185126752 0.336166829 0.759234548 0.190358818 0.957618237
    0.395734429 0.983689785 0.597593248 0.652450383 0.779196262
    0.375960261 0.682347775 0.403240353 0.358532369 0.700697899
    0.827660203 0.485454768 0.664727569 0.146330684 0.691320777
    0.220232666 0.95637989 0.695394993 0.578954101 0.684086502
    0.181726962 0.499965459 0.946549654 0.602491379 0.59616524
    0.403943032 0.0483112633 0.228771329 0.526024818 0.1752882
    0.277801514 0.111792803 0.921964169 0.913413405 0.453371793
    0.580608785 0.696718514 0.980008125 0.792958558 0.798308432
    0.192688674 0.594412744 0.98656857 0.398924291 0.538976073
    0.611991763 0.710889459 0.634232938 0.979789734 0.418256521
    0.883884668 0.587608218 0.101507396 0.417911708 0.667752624
    0.589977026 0.445405513 0.94273442 0.303147912 0.792832434
    0.874054968 0.0304390788 0.75192523 0.76110667 0.00958195329
    0.7807796 0.858335733 0.338484138 0.526054144 0.22178185 0.144043833
    0.249970108 0.420367062 0.621748507 0.876429498 0.282953143
    0.954480648 0.048637569 0.578184485 0.258811533 0.414197177
    0.719415307 0.160283953 0.353731424 0.568659365 0.677651525
    0.886336207 0.891971946 0.46274361 0.715318263 0.644698858
    0.689149022 0.0564709306 0.242447734 0.08081761 0.703635633
    0.627716184 0.490812927 0.555878222 0.745870948 0.71069026
    0.507184207 0.868667126 0.818709195 0.371917367 0.955700517
    0.556243956 0.288773298 0.459546208 0.37132588 0.529815078
    0.634455323 0.619663239 0.957404017 0.0449280739 0.582454383
    0.719528079 0.668907225 0.658211291 0.5755198 0.874546766
    0.808283091 0.0700004399 0.802878559 0.294901609 0.694511116
    0.0850041509 0.514478028 0.286626101 0.757641733 0.96817708
    0.12729761 0.57540369 0.567655563 0.853573263 0.823453546
    0.878256083 0.000295192003 0.464174896 0.771728873 0.233875751
    0.137102962 0.154590994 0.48162362 0.743923903 0.557891965
    0.296151727 0.993377566 0.328913361 0.812427521 0.160811573
    0.00149291754 0.0854202807 0.314153016 0.658493042 0.267842978
    0.879777253 0.254072964 0.140793979 0.0820913017 0.857946754
    0.941691041 0.772607684 0.414835274 0.709019542 0.759741664
    0.236206025 0.578748643 0.0499839783 0.0286328197 0.834074855
    0.113154352 0.713613629 0.538464785 0.508845448 0.0657339692
    0.162345946 0.429281712 0.260028929 0.778927267 0.40413183
    0.241723955 0.840358973 0.338986576 0.392523915 0.875754952
    0.434082508 0.62093389 0.932554781 0.526417017 0.0984365046
    0.168665409 0.192140967 0.0729102492 0.665505409 0.413711071
    0.102599055 0.223080784 0.51322329 0.304365158 0.573942125
    0.643280447 0.845771551 0.271100879 0.382415533 0.6627388
    0.122660875 0.960419714 0.525908768 0.37061289 0.106956244
    0.0820454359 0.68812418 0.740165293 0.42825067 0.960957289 0.2163679
    0.752771616 0.540251732 0.98730123 0.512303352 0.479444504
    0.623625875 0.990267277 0.0668998659 0.755383492 0.897833586
    0.207815856 0.424533963 0.640048325 0.163505465 0.435634941
    0.0478663146 0.704730868 0.306733251 0.102952451 0.655715108
    0.216267914 0.706433773 0.639441669 0.403703511 0.786224842
    0.383252412 0.0850855708 0.653008401 0.66540122 0.584716976
    0.375444323 0.0724211633 0.940346837 0.208041161 0.594896555
    0.175027817 0.317563772 0.959173322 0.468749762 0.158491492
    0.677868843 0.0153692663 0.0253832936 0.297590017 0.218450189
    0.94605577 0.917013884 0.239750803 0.622909665 0.323243558
    0.888707757 0.134894669 0.18302089 0.522436082 0.810302496
    0.372826725 0.532714725 0.665391445 0.71344465 0.536522985
    0.00514677167 0.883120537 0.411492527 0.906350672 0.773644686
    0.815418839 0.951465726 0.991254568 0.616612494 0.865202248
    0.125319183 0.240716279 0.924492955 0.557323277 0.61402154
    0.30814442 0.217984945 0.550943553 0.721733809 0.298420221
    0.35465306 0.811212778 0.629160941 0.0160228908 0.699401855
    0.511905193 0.681610703 0.987838924 0.113420278 0.583896279
    0.263904065 0.53576529 0.496075183 0.337057769 0.378260702
    0.203874052 0.368302852 0.889817953 0.74025327 0.573291302
    0.623431861 0.793328762 0.176896811 0.898501992 0.0157249272
    0.396007985 0.723853588 0.0264161229 0.998280585 0.41191709
    0.132824272 0.463661373 0.203413248 0.336919427 0.617317915
    0.0035251081 0.343539417 0.335271418 0.842618942 0.408954352
    0.163363546 0.119024426 0.250598758 0.461724341 0.0767255425
    0.636952341 0.153036267 0.83407855 0.129053056 0.720457911
    0.289331704 0.245347202 0.535398245 0.51739043 0.561299026
    0.755056381 0.523210108 0.0955487192 0.194812298 0.614287496
    0.40256986 0.316711664 0.78195411 0.911198497 0.647498369
    0.302974641 0.53787142 0.292048454 0.568201303 0.863852143
    0.513045073 0.49469927 0.814634085 0.412490785 0.182821214
    0.648099899 0.938109338 0.0708688796 0.32181856 0.19122982
    0.906617939 0.668638587 0.342969716 0.978968382 0.769975901
    0.274677306 0.469495386 0.422520041 0.177928925 0.00661864877
    0.346662045 0.690884471 0.79473114 0.284959197 0.720903873
    0.627864957 0.674957275 0.099748075 0.887599409 0.220632374
    0.313072532 0.572180927 0.513703644 0.359854102 0.414986581
    0.00672149658 0.3041026 0.683059216 0.687872767 0.162818998
    0.481169432 0.0612905324 0.314425617 0.540931463 0.39800632
    0.441257894 0.40593335 0.589346528 0.879443586 0.26126039
    0.857192576 0.957150102 0.4478257 0.809240103 0.445136398
    0.704795778 0.244268328 0.254771411 0.110937506 0.227283746
    0.259024501 0.462303191 0.0935335159 0.0398098826 0.0334414244
    0.87166512 0.329328239 0.664243162 0.103048414 0.0999682248
    0.105550021 0.200768113 0.958828926 0.997492254 0.765356421
    0.569977045 0.487457752 0.387708336 0.640434861 0.454995573
    0.147761554 0.309725374 0.0273197293 0.108287156 0.550720453
    0.160409033 0.274359107 0.0998416543 0.936769187 0.936915815
    0.946896195 0.541585207 0.380534917 0.769024014 0.291642517
    0.447113454 0.133794129 0.917474151 0.665608048 0.972512245
    0.0530938804 0.748011172 0.154344916 0.231273174 0.932807922
    0.72951895 0.213958234 0.661604702 0.509072125 0.641795278
    0.81558001 0.194687963 0.718374193 0.485720009 0.0973547399
    0.619882882 0.134749472 0.393245697 0.505618036 0.372949302
    0.0438613594 0.178716391 0.811203837 0.172403663 0.410514802
    0.690995097 0.0730141103 0.147332281 0.417135596 0.345765322
    0.50952822 0.283937931 0.10264641 0.0643168092 0.169017613
    0.741324246 0.236030638 0.437517881 0.325808972 0.840656877
    0.73816663 0.856823862 0.219818354 0.0430305004 0.995038748
    0.436848879 0.305749804 0.485711306 0.758880258 0.537833869
    0.5020926 0.847519994 0.682429612 0.0341180563 0.789589405
    0.103869826 0.405659616 0.439196348 0.924349308 0.416836321
    0.268393278 0.869600415 0.974043369 0.305323958 0.871158361
    0.847227931 0.105088532 0.359423459 0.74042207 0.672570407
    0.715277076 0.780083537 0.649807692 0.592615306 0.836181879
    0.00641226768 0.562605381 0.0155920386 0.125191748 0.371195525
    0.056918323 0.426716 0.665575564 0.734273672 0.380032599
    0.0214269757 0.0183203816 0.379274547 0.198350161 0.334780961
    0.708989263 0.11477536 0.882938385 0.199750334 0.49248153 0.62591356
    0.0888569951 0.997031927 0.184719205 0.185737431 0.990062714
    0.831077397 0.600716114 0.270783842 0.561264277 0.162222534
    0.545215845 0.155945778 0.179853112 0.207518995 0.259216905
    0.740247071 0.603878617 0.908491135 0.212277353 0.795731246
    0.684729457 0.701053619 0.460747838 0.0323293805 0.712666512
    0.348950148 0.737152457 0.0800158381 0.585722566 0.178113848
    0.693065047 0.278571725 0.435804278 0.72628808 0.820289612
    0.814641953 0.503593087 0.65513885 0.365619004 0.0235938132
    0.431944072 0.260563552 0.796051979 0.128166139 0.50405097
    0.453527212 0.8418715 0.951029658 0.176915854 0.283012867
    0.557355285 0.0816401243 0.561192334 0.36387825 0.415472418
    0.0260556042 0.971755385 0.0704999268 0.0108124018 0.816750467
    0.926003873 0.0821668804 0.218414068 0.355435967 0.326352239
    0.586139679 0.279678404 0.612188041 0.0978140831 0.031324029
    0.70626688 0.979153752 0.419985414 0.610756338 0.790196419
    0.726263165 0.759261489 0.78691113 0.497538239 0.74633956
    0.901737452 0.0357565284 0.900363445 0.0698159039 0.154445589
    0.930485189 0.977350354 0.0403241217 0.224138379 0.469493508
    0.454827458 0.733320892 0.813934803 0.0129648745 0.928414583
    0.536168158 0.401604354 0.534380436 0.474997252 0.280062079
    0.430430382 0.48629421 0.84669137 0.888164759 0.873072207
    0.824181914 0.0255308449 0.392732501 0.217452437 0.0140592456
    0.622775674 0.703073502 0.175862312 0.712297857 0.867720544
    0.587825119 0.359227896 0.392686963 0.370182216 0.0305525959
    0.493190676 0.372207344 0.146683782 0.128630072 0.137884349
    0.576930106 0.709486663 0.945477128 0.190594882 0.95871824
    0.0364622772 0.177798092 0.592257321 0.686998367 0.861327171
    0.22394231 0.615680635 0.126318783 0.973978996 0.686662853
    0.374289811 0.612850308 0.750962913 0.440874219 0.672104061
    0.919947028 0.494684547 0.897369862 0.0432845354 0.430298179
    0.282187223 0.0383031368 0.466020048 0.488225132 0.0467534959
    0.215276003 0.506352663 0.89862287 0.422184527 0.280616462
    0.0791264474 0.446946979 0.248583317 0.842767179 0.512118578
    0.0943316519 0.127608657 0.73140198 0.0417788029 0.69532454
    0.749766707 0.914161503 0.547685385 0.715973258 0.992487907
    0.921059668 0.0875284672 0.688026667 0.0264833272 0.228986412
    0.0176610649 0.698883116 0.730607867 0.272935927 0.557377756
    0.476834834 0.204396486 0.267178416 0.070689708 0.459521919
    0.47146666 0.364928663 0.751654863 0.889442742 0.343878984
    0.676050723 0.891196966 0.230163366 0.519428194 0.597873747
    0.732710958 0.603371143 0.700317264 0.433808029 0.775697827
    0.448031068 0.514599085 0.432829618 0.675559402 0.304832041
    0.736537457 0.582971454 0.177571356 0.113797665 0.99420166
    0.449498773 0.991431713 0.803165555 0.586034715 0.499063134
    0.365177691 0.451657563 0.597037554 0.500779152 0.406012177
    0.649723351 0.71676296 0.910457015 0.103285879 0.584931672
    0.548686445 0.558726668 0.471917391 0.821604013 0.994282722
    0.085929513 0.326513231 0.0459104776 0.603380382 0.0510269105
    0.0675078332 0.414572984 0.89386034 0.83778429 0.365354836
    0.542285204 0.629429162 0.0381525457 0.743607044 0.0382079482
    0.577848554 0.623305976 0.827780128 0.321724594 0.304781079
    0.263873458 0.182521373 0.0180492401 0.300294995 0.867163062
    0.578641355 0.42713663 0.944372535 0.575443029 0.538338125
    0.153072506 0.4323484 0.922225237 0.820854902 0.290812492
    0.0504593849 0.102871656 0.233580053 0.362525821 0.729119301
    0.624400854 0.07467255 0.413050443 0.56608063 0.0793694854
    0.484430015 0.444290519 0.320912063 0.793985367 0.769719243
    0.0650684237 0.476570815 0.506556153 0.899986386 0.632252157
    0.996519268 0.149521917 0.449174762 0.798058867 0.650794089
    0.983704627 0.525509238 0.72872293 0.934207201 0.347480237
    0.552598536 0.479397655 0.469156474 0.405424714 0.254126728
    0.415497601 0.956685007 0.0145141482 0.242420733 0.118011892
    0.985149562 0.296369076 0.511853099 0.428464979 0.124346048
    0.203876168 0.426193386 0.232366711 0.186435074 0.158876628
    0.301588833 0.521128297 0.193098843 0.551643968 0.238986164
    0.325208902 0.913419724 0.631614804 0.706092477 0.766974986
    0.965968072 0.768492758 0.230832338 0.272978544 0.96087712
    0.550590158 0.0901246667 0.712529123 0.674880385 0.558126867
    0.522224069 0.776963115 0.758567452 0.143801868 0.22379604
    0.690973401 0.248266727 0.25873673 0.800940454 0.959162831
    0.0918118954 0.637211502 0.392668605 0.285901964 0.455836505
    0.987883806 0.22189495 0.787040532 0.162764847 0.0548527837
    0.480505258 0.833222508 0.491488308 0.547393858 0.0299514532
    0.0810882747 0.932291269 0.0661475956 0.252926052 0.14835611
    0.064160943 0.30172962 0.45657903 0.0858528316 0.230353147
    0.50636071 0.402482957 0.841286898 0.993671894 0.866645217
    0.0920289755 0.0522372127 0.463692486 0.132796556 0.194527179
    0.808092594 0.518675923 0.138027191 0.552445292 0.776771307
    0.476277888 0.0978346169 0.53321898 0.411957085 0.00714293122
    0.718197286 0.774372637 0.574520707 0.328584015 0.326247692
    0.595436633 0.169360399 0.745992482 0.839677572 0.660917521
    0.631605446 0.735331893 0.446791619 0.0456595123 0.299101859
    0.158699065 0.676521897 0.330374658 0.699004889 0.25218752
    0.0549777746 0.492006063 0.188628256 0.494300008 0.311851978
    0.505530894 0.354121983 0.849131703 0.987201095 0.227827072
    0.0919236541 0.340751648 0.0807933807 0.93689996 0.889191508
    0.840970397 0.720900178 0.360620975 0.575951934 0.32696104
    0.778540134 0.54398787 0.959480166 0.755030513 0.143278629
    0.863768816 0.283026099 0.981734872 0.442423344 0.996876359
    0.6400069 0.513268709 0.0182528198 0.408640206 0.331036747
    0.352010489 0.245716065 0.203007817 0.160192311 0.55333519
    0.328430444 0.290942848 0.842077732 0.504548252 0.216212362
    0.00332793593 0.604807258 0.483581007 0.977162242 0.320433319
    0.516681433 0.820561886 0.209948033 0.767303705 0.485153377
    0.743769288 0.725603223 0.106916755 0.358380616 0.555526376
    0.369395137 0.685345948 0.506052077 0.656337619 0.894919455
    0.855051875 0.630620062 0.580855787 0.33859095 0.418650478
    0.231753886 0.48855871 0.572393179 0.0693780482 0.992894769
    0.844563127 0.757892251 0.316025674 0.140136361 0.286961257
    0.134274155 0.0291279256 0.919009089 0.011670351 0.726680756
    0.240179598 0.588003576 0.0516800284 0.939747572 0.403536946
    0.4179039 0.920065165 0.933981359 0.0233648717 0.297148943
    0.908124804 0.897794545 0.117452443 0.571517289 0.487642884
    0.724107563 0.952732086 0.161104351 0.461987406 0.641709805
    0.189592153 0.0247751772 0.609980404 0.0256070197 0.107353389
    0.781639218 0.275361896 0.681422949 0.919939637 0.554436088
    0.39012897 0.828607917 0.0769769251 0.0526874363 0.795777202
    0.619105041 0.354565978 0.853184164 0.765069604 0.984556794
    0.432545871 0.31632787 0.454365939 0.137278169 0.901709914
    0.743474245 0.00377714634 0.886766076 0.33358866 0.713445306
    0.817291558 0.184213012 0.862871408 0.718800187 0.310784608
    0.495706469 0.130405873 0.250631213 0.869038224 0.249960899
    0.686742604 0.84717834 0.863034844 0.836925268 0.915927291
    0.75163734 0.686457634 0.352622628 0.705355883 0.989939392
    0.946097851 0.447970539 0.418024719 0.859087348 0.894332886
    0.397465676 0.518382549 0.118372291 0.487698615 0.946074605
    0.848576307 0.134555012 0.348901808 0.519666374 0.929146051
    0.38873294 0.853025675 0.631915569 0.667842507 0.21072939
    0.654407322 0.712402523 0.79231596 0.923962712 0.129901767
    0.0926754475 0.741471887 0.176673591 0.657797694 0.120749623
    0.711028636 0.435926348 0.754759312 0.187068731 0.773483872
    0.17724666 0.833881259 0.850633919 0.296639502 0.368794829
    0.680214286 0.0803784132 0.985398591 0.0273046792 0.182679564
    0.629396677 0.0475581288 0.137675554 0.774055481 0.321853578
    0.0388794541 0.595567405 0.835165739 0.510708094 0.489160329
    0.438637763 0.968389452 0.093010515 0.829278648 0.052582711
    0.996843457 0.794674277 0.822092652 0.656635106 0.542865813
    0.560654521 0.732092619 0.858804882 0.432890445 0.447279543
    0.707195401 0.697146177 0.941606581 0.00136622787 0.0407362282
    0.369859815 0.210297704 0.872497916 0.494997084 0.62223959
    0.633004963 0.737647176 0.203474879 0.0817207694 0.259166062
    0.41322571 0.9169029 0.709553003 0.00889235735 0.913717091
    0.779470921 0.804978728 0.10227558 0.852351904 0.486157566
    0.107311398 0.00252389908 0.0363332331 0.275320947 0.94492352
    0.563080549 0.745631397 0.623598218 0.0595324039 0.853529155
    0.133325636 0.893618226 0.60998112 0.868345797 0.71328789
    0.833094716 0.555356681 0.564616382 0.130476236 0.191825628
    0.658512771 0.955717683 0.0179169178 0.217641383 0.830214143
    0.337390304 0.362932384 0.350919455 0.869743705 0.268129826
    0.805329323 0.0154911876 0.170032412 0.140914649 0.702144504
    0.989161372 0.16533646 0.465271086 0.027713418 0.142162412
    0.956779718 0.469631821 0.307311594 0.266831875 0.626833439
    0.33650893 0.224752247 0.989665985 0.961669922 0.214602351
    0.842439771 0.411363333 0.154858321 0.772662878 0.842512488
    0.156388909 0.7098912 0.548051715 0.843769073 0.668588519
    0.350411117 0.889813185 0.640625238 0.66835475 0.502319336
    0.557880402 0.509689212 0.177791327 0.281768501 0.400174052
    0.816143095 0.815293074 0.334218979 0.947526217 0.686054528
    0.928292036 0.775946617 0.922540307 0.478423923 0.0722958148
    0.112981081 0.704077721 0.509668887 0.919889808 0.908946037
    0.846144319 0.293109864 0.576430678 0.632909775 0.235808283
    0.035736531 0.881641984 0.475499928 0.279817939 0.0888946354
    0.751408041 0.743176937 0.803787827 0.371427357 0.442037582
    0.907045364 0.0308181942 0.767487884 0.529253423 0.198414326
    0.481206 0.880323529 0.63869065 0.812322736 0.930082917 0.65185535
    0.808333755 0.497967273 0.420000553 0.400532067 0.463299155
    0.617556393 0.579564273 0.950306535 0.619715989 0.970794201
    0.466338128 0.948359251 0.886937916 0.852421284 0.425616801
    0.898229837 0.153557688 0.0737866461 0.984882593 0.777265608
    0.465968758 0.170351297 0.960823715 0.961082458 0.123862058
    0.925776899 0.377800286 0.210769594 0.774370909 0.633377135
    0.0194252133 0.487497598 0.802375555 0.341139615 0.461406171
    0.782993734 0.716097713 0.184882194 0.0503240228 0.141509503
    0.197095335 0.883187115 0.656900227 0.677122355 0.917379856
    0.632172465 0.237423509 0.731253505 0.969285488 0.501090169
    0.135765702 0.81825316 0.658905387 0.897141695 0.313495398
    0.284259558 0.777635694 0.0453341007 0.579019785 0.976285219
    0.366157204 0.931307316 0.522419333 0.354613066 0.643233955
    0.407691121 0.265321195 0.386281848 0.163594991 0.454938084
    0.0527364016 0.0542970896 0.981656373 0.278965712 0.0803190172
    0.555792034 0.491387993 0.58948952 0.541997313 0.397978902
    0.178610057 0.547801435 0.636659265 0.591805577 0.930272996
    0.0489175022 0.977859378 0.0992642939 0.708936095 0.901629806
    0.642552257 0.931401968 0.654019952 0.406269312 0.997098207
    0.466516078 0.621784449 0.652938128 0.169411659 0.653178751
    0.853737533 0.911329508 0.00938224792 0.932337761 0.76843226
    0.608638108 0.0792537034 0.946728289 0.0276803672 0.162007719
    0.539028943 0.251452684 0.0584230125 0.0663516521 0.141020417
    0.885767519 0.886435747 0.450011253 0.85632956 0.859907448
    0.778976381 0.799689054 0.335169137 0.30331701 0.204713017
    0.730539382 0.504264951 0.635991633 0.915717602 0.903805375
    0.785058975 0.0481823385 0.998521447 0.667574763 0.659839571
    0.951524734 0.73371911 0.757684827 0.239760339 0.176716328
    0.976585269 0.171163499 0.565512061 0.611263752 0.488897383
    0.376250565 0.512241662 0.0666609406 0.798277497 0.681251287
    0.661835074 0.77170825 0.631765068 0.505575657 0.767758608
    0.640337348 0.9793998 0.253366232 0.625574708 0.826402545 0.3697761
    0.363078624 0.455146432 0.0817812383 0.062515825 0.669876337
    0.891473413 0.771429956 0.364238918 0.724911928 0.834117472
    0.975309491 0.919211328 0.385291964 0.184736103 0.820148945
    0.791023374 0.0492014587 0.582963824 0.0914949179 0.631661594
    0.0952560306 0.225149333 0.271056384 0.521524608 0.0972382128
    0.496046007 0.829642951 0.714785814 0.233501762 0.727454245
    0.349722773 0.270300686 0.503893316 0.978382111 0.0037291348
    0.789891243 0.0900176764 0.525287628 0.69212985 0.608475089
    0.225631654 0.751513422 0.277292013 0.839153886 0.0882990956
    0.377065659 0.606879413 0.651620626 0.396945983 0.507504404
    0.851719618 0.773497701 0.504377663 0.86702168 0.851908207
    0.41910255 0.265433252 0.0763808191 0.362050235 0.270434082
    0.502344251 0.219315141 0.811169684 0.270222634 0.8035115
    0.502032638 0.921704352 0.192432135 0.505486548 0.205259562
    0.281761825 0.0577799678 0.989926577 0.236482054 0.582360208
    0.98959136 0.0627650619 0.30403775 0.767829418 0.264488131
    0.389535904 0.820132852 0.918958306 0.391324192 0.161547691
    0.574371636 0.871312201 0.391864449 0.315241575 0.0862854421
    0.574869394 0.757377625 0.472144395 0.0164172649 0.613419235
    0.310140729 0.612590432 0.861230135 0.96472919 0.420954704
    0.693818629 0.0758298934 0.256276876 0.374455214 0.660668731
    0.343564004 0.714551449 0.698897958 0.63607198 0.752148509
    0.118197083 0.606374443 0.693989277 0.514717579 0.578904986
    0.183567464 0.0961961448 0.138617873 0.817793489 0.585746169
    0.554778993 0.292492509 0.968381822 0.288138092 0.435906917
    0.92961973 0.661450386 0.0925705433 0.502466083 0.148717344
    0.614549339 0.817281127 0.57774955 0.470331401 0.927833438
    0.340061307 0.222187549 0.6805619 0.543743074 0.133905381
    0.0447157025 0.749763727 0.415810645 0.281218469 0.821870446
    0.660783827 0.659021914 0.693022132 0.564864039 0.580085993
    0.731904626 0.264027536 0.806961954 0.797083497 0.340826333
    0.833928347 0.40386802 0.242729545 0.245388508 0.111399502
    0.495126098 0.068736583 0.0721905828 0.0839399695 0.110035926
    0.0614524782 0.335166276 0.795917571 0.75712347 0.0207218826
    0.0382167399 0.761980414 0.200947881 0.4634749 0.0619641542
    0.0906523764 0.530399144 0.97779119 0.972973347 0.734989643
    0.091339618 0.887942314 0.778036475 0.735168576 0.454008907
    0.238273919 0.140540957 0.923791528 0.0755771101 0.597267985
    0.742951453 0.386684179 0.567942202 0.285058975 0.479559898
    0.222722977 0.475206256 0.296172529 0.963267624 0.563612878
    0.937669039 0.268840849 0.306573242 0.288894325 0.161016792
    0.299204528 0.740502238 0.674473047 0.754406393 0.892473698
    0.703696966 0.265543699 0.286158264 0.914120317 0.516556501
    0.0501963794 0.613452315 0.520722985 0.934497952 0.296582609
    0.597039342 0.902351737 0.46349299 0.374091625 0.352188468
    0.999957442 0.0828619301 0.85456872 0.299717158 0.210772485
    0.102505207 0.810210705 0.952117801 0.725304008 0.939685106
    0.410668433 0.87843585 0.165944397 0.322229862 0.518101692
    0.783052683 0.0164491832 0.505368292 0.510468721 0.336235344
    0.151542634 0.353375643 0.970201075 0.199528813 0.929285765
    0.49862051 0.315998316 0.568476021 0.673070967 0.93237251
    0.370705932 0.497655839 0.775820255 0.762777805 0.223370284
    0.497517705 0.778822303 0.420386612 0.773641407 0.940548778
    0.89545083 0.771192074 0.937084854 0.145431221 0.501635611
    0.772889972 0.582656622 0.0908465683 0.247110844 0.785497546
    0.952265501 0.180939645 0.570652127 0.900241375 0.945781112
    0.828457475 0.173003942 0.722413778 0.970101833 0.539388597
    0.993928552 0.274345398 0.263809085 0.827821016 0.0380936563
    0.269998163 0.208814621 0.474548161 0.840315282 0.67731154
    0.387747318 0.454691529 0.354318351 0.62590915 0.719619513
    0.934079528 0.0609990358 0.902766705 0.80308181 0.555847406
    0.156711459 0.923558116 0.736745119 0.0479710698 0.223016173
    0.845154583 0.963788509 0.341064245 0.249574095 0.888755143
    0.364981771 0.740045309 0.653142869 0.473371446 0.356106162
    0.826192915 0.861181855 0.337959796 0.529623449 0.462620735
    0.50301367 0.195155621 0.486563504 0.481478781 0.536521733
    0.338906646 0.635001183 0.96852988 0.0350719392 0.855364144
    0.542315662 0.295623124 0.63738513 0.588357806 0.651678681
    0.0300792456 0.440938801 0.434728354 0.971482038 0.0426061153
    0.896376371 0.466758192 0.720112205 0.692374527 0.847717583
    0.0105228126 0.610650837 0.862469554 0.0548588634 0.990768433
    0.462750137 0.561808825 0.496293545 0.129327625 0.31962496
    0.947847784 0.625165224 0.755227983 0.678763032 0.948418617
    0.889840901 0.323878527 0.217038631 0.011046201 0.188663542
    0.275598556 0.313438594 0.745624185 0.419979572 0.997213006
    0.63484633 0.963801742 0.318074584 0.272658408 0.157200664
    0.382179916 0.771192193 0.267677873 0.790864408 0.935029447
    0.571822166 0.662071228 0.770656347 0.93384099 0.196083575
    0.529612541 0.252255321 0.813909292 0.784857035 0.49399969
    0.906440616 0.034637481 0.155974209 0.488141805 0.0802143514
    0.812231302 0.834378064 0.13465476 0.55063045 0.183351576
    0.911147475 0.420000106 0.851310968 0.34524712 0.587426066
    0.987917483 0.546462119 0.798434496 0.365615129 0.916145444
    0.436591893 0.863466501 0.0185644031 0.496869922 0.880655766
    0.955375552 0.350230992 0.299384117 0.321810901 0.415225744
    0.51303643 0.731643736 0.73156029 0.662659764 0.0778175294
    0.0772497952 0.0135855973 0.83272171 0.213551104 0.0720017552
    0.9645859 0.0492263436 0.641819 0.43391493 0.830096364 0.365207106
    0.08751598 0.0927340686 0.219186038 0.132557541 0.879146218
    0.24191156 0.124815553 0.498138964 0.197269291 0.803544998
    0.740032613 0.218771935 0.976990044 0.305597931 0.475435227
    0.00525721908 0.0302291214 0.0850051343 0.167773813 0.71267283
    0.303795934 0.471032143 0.0236368775 0.459035844 0.783380508
    0.697641015 0.269187987 0.339787722 0.651398301 0.843963921
    0.0729835033 0.997101307 0.254365385 0.0334762335 0.952900827
    0.0324125588 0.358584642 0.52160573 0.77679503 0.995820045
    0.546984673 0.771483541 0.987769008 0.547966599 0.0474798679
    0.014624238 0.0208999515 0.673977494 0.380729884 0.237878352
    0.626475692 0.671289086 0.50637728 0.513500571 0.224737883
    0.580685079 0.13681981 0.547001958 0.863064051 0.0270255804
    0.37924695 0.625590205 0.201959968 0.510790765 0.911545038
    0.83601737 0.961602688 0.0410856307 0.851509809 0.479177326
    0.580110371 0.0679865777 0.691390336 0.825375736 0.340529859
    0.877914548 0.752200484 0.994372606 0.592620432 0.705933988
    0.531924486 0.241102099 0.611489117 0.34174484 0.790237486
    0.85056895 0.545265377 0.979521632 0.968906641 0.694801331
    0.236998171 0.729529798 0.241265506 0.914285302 0.147065282
    0.842886806 0.535867333 0.504320502 0.885271668 0.324175745
    0.104747683 0.73951149 0.432763785 0.0808650553 0.406368375
    0.716488004 0.625512183 0.842053771 0.0811455846 0.884159803
    0.394272655 0.766057789 0.914051533 0.671754956 0.276303947
    0.333414376 0.821052849 0.466827869 0.430385858 0.828961253
    0.43306163 0.41933915 0.72785151 0.81769979 0.500173748 0.0321328938
    0.460561961 0.590971947 0.237637192 0.900862455 0.969426155
    0.465521455 0.144658506 0.27660352 0.376356035 0.745524347
    0.653160632 0.506559014 0.353282392 0.875931442 0.066470325
    0.520915866 0.352926135 0.500728905 0.891880751 0.675838828
    0.125047773 0.648439407 0.485574186 0.0520085096 0.30187583
    0.547231436 0.516892314 0.249894589 0.854452968 0.947961509
    0.514174819 0.164647162 0.972049236 0.626836061 0.793857694
    0.967750967 0.517034948 0.356056899 0.37377578 0.642864227
    0.899401069 0.0414023995 0.748350143 0.60556078 0.46097815
    0.745883107 0.0708471835 0.308030277 0.284819007 0.0967120826
    0.506058216 0.13259536 0.87034142 0.980455756 0.354824096
    0.761729598 0.977942705 0.908611178 0.832131267 0.123645604
    0.50283277 0.838947356 0.443311304 0.433600783 0.817990422
    0.746624827 0.00759115815 0.549554706 0.0743947923 0.954234838
    0.263929963 0.539144456 0.0276839137 0.498594314 0.953095376
    0.75757134 0.675520003 0.255017161 0.493250072 0.11691153
    0.709245861 0.234555811 0.700746655 0.640640974 0.638741672
    0.861524582 0.821503639 0.978030205 0.176784664 0.601874709
    0.916083574 0.287680656 0.626739979 0.383348882 0.193207681
    0.181979388 0.0253276527 0.169840515 0.470789373 0.490227044
    0.235574454 0.87687093 0.216611058 0.472863168 0.632858753
    0.427120537 0.598516941 0.21327427 0.388046414 0.304730028
    0.0129388273 0.110796452 0.944105864 0.698714733 0.782242239
    0.537818432 0.367449433 0.824047327 0.228555292 0.228413701
    0.466025531 0.755063415 0.614585817 0.363463759 0.71249485
    0.142459542 0.658367455 0.125807822 0.452083558 0.390618116
    0.0346239805 0.329649389 0.040959537 0.0663266182 0.553959072
    0.102288336 0.0809212625 0.215325862 0.631424963 0.675859809
    0.635751069 0.474591851 0.83961153 0.445109487 0.968884468
    0.946394086 0.203260541 0.86707294 0.0466066003 0.633425117
    0.845673442 0.552355647 0.522032142 0.875716329 0.382192433
    0.10026294 0.142852843 0.88604486 0.812423527 0.291232169
    0.487412155 0.550194979 0.584109306 0.382667422 0.284957707
    0.464305133 0.821691871 0.470760733 0.207382202 0.863958538
    0.021560818 0.029633522 0.270916313 0.156095505 0.411006987
    0.304139465 0.039080143 0.537523746 0.093495518 0.232300371
    0.490128756 0.431841046 0.969381034 0.454616278 0.681130171
    0.0385330021 0.830278754 0.597771943 0.336177588 0.64210403
    0.12051475 0.583814144 0.279780746 0.354651332 0.429561287
    0.534776628 0.757612407 0.205472857 0.00324743986 0.930673182
    0.260651052 0.429322124 0.475122154 0.70061326 0.315391511
    0.205026269 0.365262091 0.0799884796 0.0596071184 0.424657881
    0.0833521783 0.907435298 0.240802616 0.946377158 0.120858014
    0.835873127 0.0816901624 0.242738754 0.369631171 0.229471475
    0.177935332 0.223634779 0.194234222 0.00795185566 0.576373696
    0.249691874 0.1104711 0.469231963 0.0949374735 0.257036507
    0.35920459 0.409787774 0.527531922 0.831080675 0.166144967
    0.254372507 0.42346859 0.871563077 0.747944474 0.544960737
    0.126089215 0.799296021 0.352289379 0.970886707 0.668275058
    0.806358218 0.621678233 0.629308045 0.375526428 0.190834939
    0.636364102 0.319839627 0.613442361 0.250474572 0.752727151
    0.525574446 0.0817451477 0.145438462 0.727254212 0.180928677
    0.852370977 0.824297309 0.123069495 0.147636563 0.760236919
    0.67341888 0.871702909 0.778056443 0.126001239 0.561738551
    0.577265799 0.296560585 0.247118354 0.638117433 0.405960143
    0.230758727 0.310988009 0.428633183 0.943991184 0.160729706
    0.193061948 0.903734565 0.0204359591 0.751808226 0.885222435
    0.345962524 0.0446751714 0.826284528 0.763953507 0.492911279
    0.770234108 0.222083747 0.347901225 0.424706668 0.360691488
    0.445661813 0.392799675 0.401776731 0.803362072 0.035366714
    0.953680933 0.233801037 0.00128549337 0.762126625 0.995026708
    0.397189021 0.630121827 0.0448882282 0.50023663 0.961541057
    0.0250489712 0.368571103 0.637931466 0.786264479 0.598129272
    0.714215457 0.527667224 0.764267921 0.530177355 0.0796135068
    0.0218786597 0.864785075 0.0123401284 0.223083109 0.629385114
    0.235742807 0.31080845 0.251628458 0.631818235 0.442251712
    0.770572364 0.48055172 0.416211486 0.560571849 0.331264019
    0.707257748 0.338511825 0.907533288 0.55547452 0.817372441
    0.0632513463 0.800194919 0.728684068 0.731186092 0.558537841
    0.965148151 0.785666108 0.964915752 0.923924804 0.695378125
    0.63069737 0.535368741 0.418129027 0.250526249 0.993236125
    0.717417002 0.363607109 0.39233616 0.702391982 0.804263949
    0.56307286 0.394309938 0.694326282 0.0825177729 0.310409546
    0.338582516 0.60548389 0.532081962 0.225166112 0.698279858
    0.590859294 0.376310438 0.0880420506 0.34446919 0.0170722008
    0.201257914 0.840052843 0.629586935 0.0380728245 0.54049933
    0.660238981 0.0318470895 0.502716899 0.0700924993 0.841587603
    0.416445851 0.643479824 0.746620655 0.53362906 0.897041798
    0.630716443 0.513611913 0.928614974 0.707805812 0.582200289
    0.0639557838 0.678789675 0.89626652 0.263199002 0.0716130733
    0.320848227 0.971790612 0.116195112 0.0557890832 0.725977182
    0.158929735 0.531665325 0.128944546 0.512283385 0.425536811
    0.522786617 0.239227533 0.00181522965 0.810767472 0.705522239
    0.165892333 0.990742326 0.483507365 0.739638031 0.00915136933
    0.121583283 0.511044502 0.673960328 0.782053113 0.316830069
    0.926362514 0.129631966 0.0385780632 0.121442437 0.812438488
    0.00479757786 0.617551923 0.53095305 0.113617003 0.0588768721
    0.866463006 0.438189507 0.797159195 0.504097462 0.688376784
    0.981136322 0.878299415 0.0422178209 0.632717371 0.782720625
    0.0238232315 0.869265079 0.958944976 0.0683964789 0.474043757
    0.103525251 0.664409518 0.735560894 0.957243383 0.676228523
    0.119880378 0.901672721 0.439762264 0.532287538 0.0243763328
    0.609810054 0.0068334341 0.0711936057 0.429162085 0.106003016
    0.104420662 0.379080832 0.838916063 0.964634895 0.0806005001
    0.867592812 0.542182922 0.648291647 0.501325309 0.592462063
    0.673865318 0.121462613 0.425800979 0.710707784 0.994670391
    0.613738835 0.580148339 0.799034119 0.909896672 0.996540308
    0.642950535 0.277559906 0.866944194 0.294600368 0.270289302
    0.279022813 0.444637775 0.184401184 0.886885047 0.484657347
    0.836291194 0.0704649389 0.991580725 0.444018364 0.885703623
    0.625935376 0.0922532082 0.431166261 0.630096912 0.334694862
    0.464291394 0.918777227 0.216047764 0.128423512 0.131473184
    0.270071536 0.556657255 0.0625005364 0.256972253 0.954686642
    0.685640931 0.19805178 0.0601756573 0.623279214 0.122206897
    0.0988281071 0.025180459 0.90128845 0.551517248 0.704611182
    0.0579342842 0.964035749 0.702312768 0.352216423 0.047952801
    0.748566031 0.501004994 0.426008672 0.344121486 0.0939837396
    0.602995276 0.929617345 0.162878186 0.619611025 0.11296472
    0.356768191 0.0490185916 0.117482215 0.910982072 0.0713154078
    0.590842485 0.642239451 0.806155324 0.0210035741 0.933055282
    0.387718737 0.00839561224 0.485799998 0.63350749 0.37078166
    0.337044537 0.258176148 0.498105079 0.896278799 0.338207096
    0.0274083316 0.836627245 0.925354242 0.815637708 0.820159912
    0.325526834 0.17160064 0.0210731626 0.700678289 0.707279086
    0.427494168 0.964778543 0.595977664 0.299500465 0.823108435
    0.00903251767 0.205010444 0.963665009 0.0132549703 0.350681156
    0.756746888 0.131947368 0.12263146 0.373782516 0.000856816769
    0.546243727 0.34078449 0.80027771 0.710466802 0.988100767
    0.538911581 0.339993358 0.454250813 0.728202403 0.714637399
    0.419741929 0.616086185 0.263309002 0.05904603 0.773745775
    0.574412465 0.283013493 0.875777483 0.827710211 0.790811062
    0.202764958 0.761780024 0.095649302 0.62359941 0.561026216
    0.477267116 0.356627852 0.598092854 0.436917692 0.569446266
    0.972860575 0.444451958 0.433938086 0.347375095 0.0520597696
    0.591989577 0.324895382 0.521836102 0.76827085 0.449382097
    0.479965538 0.396433711 0.602325916 0.740269423 0.0643439293
    0.749751329 0.661134183 0.161824018 0.491039664 0.689222276
    0.576694071 0.486867994 0.832949042 0.46113345 0.130071938
    0.677171469 0.252636373 0.139814258 0.168254435 0.327131212
    0.90035522 0.00318834186 0.952774644 0.129495561 0.813901663
    0.882866383 0.859750867 0.10754022 0.0420678854 0.732178569
    0.24886626 0.863529086 0.125901669 0.92901063 0.327946067 0.55471766
    0.531537771 0.512313366 0.481699675 0.336910397 0.555385828
    0.858790576 0.16811797 0.619293034 0.634082973 0.796408892
    0.149579555 0.840540528 0.458366513 0.124525726 0.0620017946
    0.821007907 0.903166234 0.384906352 0.438926637 0.794580519
    0.643706262 0.948938847 0.258825302 0.151500165 0.558279157
    0.493967831 0.646701217 0.697431743 0.948361099 0.304266125
    0.599583566 0.0495822728 0.316502988 0.51543951 0.357617676
    0.548213303 0.728943825 0.75992161 0.104691356 0.601999164
    0.87562561 0.576700032 0.851414442 0.738441944 0.767241716
    0.670842767 0.548614621 0.246433467 0.627596498 0.280643195
    0.755107939 0.0928992033 0.492058873 0.665970385 0.0850154757
    0.772671819 0.0998976827 0.227889746 0.649345636 0.41079843
    0.531803668 0.0945952237 0.477813661 0.347673893 0.762928963
    0.644203007 0.428418875 0.183820814 0.0317822993 0.983640432
    0.315259844 0.0961531997 0.473935664 0.857908607 0.733359754
    0.281189561 0.195479959 0.191256791 0.097229749 0.499731272
    0.56978941 0.7378245 0.764944553 0.785805225 0.682769299 0.287621707
    0.275581539 0.414686441 0.0779075623 0.481361508 0.612740934
    0.441117167 0.0774022043 0.15800342 0.935185313 0.655756414
    0.734003305 0.778806686 0.930627108 0.885962665 0.0988106132
    0.671794415 0.702398539 0.0675398111 0.434045136 0.711346745
    0.270007879 0.464219391 0.173876882 0.669741273 0.958227336
    0.0442328751 0.462368786 0.0723515451 0.0636330545 0.042766571
    0.569924176 0.339502513 0.610845268 0.14209947 0.657064378
    0.953402162 0.0884018242 0.538509071 0.961901546 0.727076054
    0.0604485571 0.248526961 0.783440113 0.728401303 0.441708297
    0.268725157 0.106600195 0.976879001 0.336737186 0.162427396
    0.436605126 0.645965815 0.514711678 0.350551426 0.665255606
    0.454388171 0.589361548 0.505247116 0.564004362 0.371263623 0.97744
    0.531845093 0.971791148 0.57752645 0.502998948 0.57278198
    0.513403237 0.191148579 0.667397618 0.752694488 0.814384341
    0.0181716383 0.188792497 0.613126814 0.575918019 0.926856935
    0.236456841 0.0568449199 0.885349274 0.841947317 0.353574663
    0.997668445 0.0973753333 0.0272374153 0.534614623 0.164526612
    0.847432494 0.506266534 0.544102192 0.755862236 0.755604744
    0.769086242 0.766605198 0.493503541 0.158113927 0.0954652429
    0.705955803 0.0346321762 0.0747969449 0.106177866 0.806459188
    0.489800632 0.346565276 0.353132904 0.666962028 0.0486193895
    0.415796697 0.419482291 0.152071059 0.273769081 0.382639021
    0.908732831 0.465177029 0.937112689 0.602001309 0.839547873
    0.129228085 0.333887875 0.227655143 0.817242742 0.351297021
    0.886421263 0.882179141 0.558954239 0.120788991 0.613168299
    0.0220557451 0.532012105 0.102324098 0.502155244 0.139871538
    0.660749733 0.457147926 0.367157429 0.547393739 0.53263557
    0.564374268 0.942726493 0.0348150134 0.0768971145 0.832067132
    0.891503215 0.155819178 0.268259495 0.353669196 0.0216986537
    0.09099859 0.403306693 0.884893537 0.783041239 0.164422959
    0.199804127 0.0781777799 0.0922606587 0.607686877 0.198063552
    0.00769427419 0.0404182971 0.2877132 0.000186562538 0.783546269
    0.35556972 0.649993062 0.0809877515 0.887215257 0.448330998
    0.691392541 0.232451379 0.65031451 0.206335396 0.234930038
    0.0733909011 0.72655654 0.442695528 0.499404848 0.19902429
    0.134650141 0.14014405 0.809188724 0.619775176 0.462751061
    0.523116291 0.688869953 0.168261826 0.138616681 0.600463271
    0.834399343 0.205812693 0.434697986 0.225352436 0.434604645
    0.190759838 0.106407881 0.852437437 0.530078173 0.515846312
    0.558132052 0.666040063 0.0508637726 0.522322476 0.929446578
    0.119043797 0.220830828 0.784825563 0.244024754 0.494683415
    0.628938198 0.590349317 0.952392101 0.172519565 0.044899106
    0.364193678 0.997364759 0.0132763982 0.124800563 0.641052842
    0.214253306 0.100604594 0.161484867 0.711165667 0.74886018
    0.0436913073 0.155890137 0.674743593 0.400217921 0.435140729
    0.200267911 0.378230453 0.0173621178 0.404191136 0.383634269
    0.874705434 0.352284193 0.0171879232 0.541537404 0.508792996
    0.415266544 0.514401853 0.47323969 0.64919436 0.503198624
    0.329560101 0.734519064 0.989596426 0.316636026 0.473612547
    0.017172575 0.323536277 0.500614583 0.0525789559 0.262719631
    0.285546362 0.148877442 0.34867084 0.702253342 0.863052428
    0.560160756 0.969884813 0.517253041 0.344029486 0.307027638
    0.885413766 0.538885295 0.953106165 0.917304635 0.577752352
    0.566149354 0.15223664 0.809016585 0.241524398 0.00996142626
    0.865260482 0.782205343 0.583928466 0.0437451303 0.552954674
    0.384942293 0.072004348 0.081964016 0.24214673 0.821590722
    0.432428002 0.702508688 0.807750702 0.29361093 0.574102402
    0.474892169 0.336116076 0.903104126 0.181533158 0.350254476
    0.229802787 0.411452115 0.36703518 0.0892552137 0.963153601
    0.179185987 0.821776807 0.36513111 0.80707562 0.0791314542
    0.0281579792 0.0165522993 0.707969725 0.309922129 0.187769532
    0.194113761 0.564871728 0.733830869 0.489302695 0.936998606
    0.982704163 0.902432263 0.413021445 0.362531483 0.122770607
    0.99256742 0.928733468 0.683475137 0.41081351 0.998980045
    0.577694416 0.19064644 0.569057107 0.177781612 0.403688163
    0.913377106 0.459522843 0.368774474 0.128319532 0.908084512
    0.229318172 0.193220556 0.57451576 0.459420145 0.113322347
    0.861508131 0.792663693 0.690113127 0.270848274 0.733549416
    0.80422461 0.723106384 0.175205499 0.94730711 0.523040175
    0.966542721 0.537338495 0.58537972 0.399157792 0.476169825
    0.339995801 0.363515854 0.247972548 0.252282023 0.377642453
    0.321675241 0.849359274 0.799361587 0.873361528 0.247844517
    0.769421816 0.105812758 0.111610681 0.805868983 0.982571244
    0.95598805 0.0470007658 0.00882202387 0.27906549 0.780407786
    0.0793618858 0.880371213 0.246814877 0.280633271 0.432843506
    0.292049855 0.950624287 0.865401864 0.345137119 0.16160056
    0.276319414 0.761090398 0.615105391 0.798356891 0.19858855
    0.642222464 0.0999590456 0.102219641 0.911884785 0.909925103
    0.545985281 0.0344885886 0.92583549 0.110106319 0.845076203
    0.435464144 0.046020478 0.481632411 0.160373747 0.291444749
    0.545879424 0.53823936 0.600045085 0.511338115 0.325856626 0.9013592
    0.293269753 0.19302091 0.132950425 0.00447693467 0.271220893
    0.484594047 0.826551616 0.798584342 0.66053009 0.523537934
    0.800248206 0.47330603 0.267113864 0.751318455 0.0362766981
    0.90720284 0.292186707 0.032084316 0.703088284 0.581124246
    0.713148415 0.582241535 0.16750735 0.367030859 0.38653025
    0.884043813 0.148630559 0.714003444 0.967239678 0.696846545
    0.758159697 0.991229653 0.994857013 0.564213037 0.46676749
    0.903919101 0.536381781 0.129163533 0.854776978 0.114978373
    0.335875392 0.29793793 0.484227955 0.517667115 0.198762655
    0.168561429 0.795471668 0.297101736 0.493819147 0.13585335
    0.672710538 0.458935678 0.283037841 0.547700644 0.431603223
    0.475738645 0.0154367089 0.266938478 0.366308212 0.0667665005
    0.345519572 0.143747658 0.110396564 0.799054861 0.988299012
    0.219500065 0.597947061 0.0592107475 0.1109761 0.785152078
    0.54845202 0.25499478 0.365418136 0.264057696 0.525035679
    0.779129982 0.853112578 0.04814592 0.261736691 0.541890204
    0.376289457 0.52021426 0.363844573 0.569777727 0.833217144
    0.536540568 0.256273389 0.519356191 0.605238855 0.197709501
    0.625497699 0.80558157 0.34738493 0.750457287 0.506921887
    0.321576357 0.743175268 0.510592222 0.753073394 0.113727748
    0.779207706 0.78804934 0.537716269 0.0676813722 0.698870301
    0.754021764 0.697326362 0.286851525 0.106393307 0.679417968
    0.545687437 0.378199786 0.382857561 0.128158182 0.926307201
    0.841496885 0.665854275 0.0900652409 0.41772902 0.565738916
    0.871470213 0.545335233 0.224428803 0.596105874 0.333938062
    0.679251432 0.140430629 0.488196731 0.353581131 0.945731819
    0.347347915 0.00188040733 0.914574325 0.554749489 0.808649182
    0.943266034 0.103982508 0.410276443 0.0593777299 0.989981174
    0.011226356 0.476291209 0.0908622742 0.266076088 0.511419177
    0.929123163 0.877805054 0.416088104 0.766908765 0.235574096
    0.810290337 0.0657598078 0.187762678 0.906065524 0.984249055
    0.578508019 0.618752718 0.276372671 0.316969097 0.27673912
    0.270041347 0.526535451 0.537901938 0.529519081 0.369418353
    0.404420614 0.853402853 0.488682777 0.7163679 0.142717123
    0.897628427 0.689852059 0.712804258 0.775007606 0.245097756
    0.0521282852 0.690091133 0.371541739 0.878722548 0.651644468
    0.154781848 0.298213214 0.327732235 0.931415915 0.619402885
    0.463281661 0.731778979 0.957897186 0.588198066 0.926265717
    0.221751571 0.447320789 0.997168779 0.0339978337 0.676916361
    0.710373104 0.725652397 0.80287087 0.749399066 0.366392851
    0.192898721 0.492547363 0.0693396032 0.968001425 0.493455291
    0.676932335 0.332351089 0.156278402 0.217472911 0.836403668
    0.165745229 0.513796329 0.476641297 0.429736376 0.234255016
    0.346149445 0.325218141 0.943869114 0.326865673 0.573025703
    0.0449118912 0.168000221 0.473135054 0.278035462 0.825485229
    0.45690462 0.864665866 0.37634176 0.682614028 0.638026595
    0.929870009 0.0641740263 0.954625249 0.00865280628 0.0270088911
    0.61499548 0.897291958 0.541597009 0.418113917 0.973231673
    0.886221707 0.259587228 0.165066957 0.0322427452 0.382043064
    0.542024553 0.776910901 0.998284698 0.134914786 0.279246926
    0.674100399 0.762724102 0.304533541 0.478942156 0.123636186
    0.0683695078 0.532602727 0.635230124 0.630994439 0.540861368
    0.795429111 0.380317748 0.137696058 0.787654042 0.827775121
    0.315545917 0.20190838 0.150967449 0.352003962 0.684475183
    0.53373611 0.626813769 0.520294726 0.93605566 0.355099171 0.80926919
    0.424028933 0.870729864 0.962522686 0.220125318 0.644882798
    0.53119266 0.454189956 0.684982121 0.845507741 0.988668203
    0.0757779479 0.148813695 0.907116592 0.120936692 0.180779278
    0.310123801 0.418999761 0.048119396 0.110134125 0.865050018
    0.0391152799 0.317121089 0.711875439 0.468565255 0.305427969
    0.723530769 0.304426491 0.441592008 0.446521968 0.324738473
    0.439569056 0.66482234 0.490902811 0.554187059 0.329789788
    0.140344471 0.812380075 0.762601018 0.711747169 0.178470135
    0.690926075 0.852239609 0.0826976597 0.705713749 0.830926538
    0.484726846 0.912041247 0.366351902 0.337520063 0.860283613
    0.39667964 0.196876645 0.851041555 0.596382499 0.44028455
    0.783909917 0.119414389 0.444450885 0.846619368 0.403671771
    0.259283185 0.236899376 0.932919502 0.949311316 0.76148057
    0.121444136 0.632760108 0.967681587 0.0275040567 0.525242031
    0.791086793 0.847508669 0.0954184532 0.0361937284 0.633999586
    0.160723567 0.662359118 0.547591507 0.102969497 0.947230041
    0.842857242 0.560303211 0.426681519 0.0353748202 0.141551524
    0.776386261 0.187020034 0.924489856 0.599512041 0.0694869161
    0.96549952 0.974986792 0.578568339 0.702139854 0.43214938
    0.974228382 0.74575609 0.982937455 0.448474556 0.290855289
    0.197176278 0.156426668 0.00441271067 0.227757871 0.335084796
    0.813640893 0.842121243 0.311472237 0.383865982 0.529461384
    0.996020794 0.632339835 0.319889843 0.397085071 0.062856257
    0.567075908 0.642517149 0.00791311264 0.703791976 0.149316043
    0.81595993 0.381814092 0.520539582 0.00975459814 0.976208687
    0.826785326 0.892789364 0.692769468 0.463974625 0.884223104
    0.473042011 0.432269782 0.46052587 0.598607004 0.227361381
    0.388808399 0.00377371907 0.973112047 0.088355571 0.930975795
    0.134106278 0.941141963 0.437902391 0.460618258 0.0593236983
    0.524331033 0.398025036 0.0809355676 0.380872756 0.535960615
    0.617967367 0.129865021 0.299566686 0.27652815 0.00680214167
    0.36105302 0.345248103 0.589837134 0.886687517 0.555884421
    0.970186532 0.647850394 0.290479571 0.339397311 0.255864382
    0.988356531 0.718392611 0.219530493 0.708266616 0.219430685
    0.871951818 0.918206334 0.754179716 0.75901711 0.753416538
    0.207424879 0.907735169 0.913627982 0.028095752 0.174779326
    0.866884708 0.628930688 0.631254554 0.512126744 0.873005867
    0.147081375 0.897792816 0.439838171 0.400543213 0.603635788
    0.352585435 0.937178612 0.436095953 0.291061938 0.358377278
    0.776033044 0.996062636 0.0871462822 0.905735791 0.34598285
    0.83163929 0.874943852 0.11440298 0.556468189 0.50792557 0.975442648
    0.725448191 0.886430502 0.530249953 0.326683551 0.279843807
    0.980513215 0.410826683 0.310548425 0.699655175 0.66370815
    0.896747589 0.578743339 0.473987222 0.413999766 0.799193501
    0.150626183 0.994419277 0.0340302587 0.946056962 0.417065084
    0.0219306052 0.616352141 0.0246821046 0.661207378 0.245065212
    0.264937997 0.409875154 0.274254262 0.200965375 0.571727633
    0.946600258 0.406843334 0.0524246097 0.208704233 0.244924098
    0.500249386 0.956610501 0.499643296 0.332559824 0.428056926
    0.391974211 0.454942524 0.539072871 0.598421037 0.321793437
    0.519677579 0.0885308981 0.457219243 0.0419940352 0.530977607
    0.967085838 0.720819414 0.556232452 0.272578716 0.404211432
    0.396190763 0.714315057 0.291722 0.728033245 0.0351653993
    0.808175266 0.700711966 0.00262224674 0.584585071 0.0541555285
    0.375706762 0.369584143 0.300922453 0.988461435 0.397416204
    0.703194618 0.635708869 0.952517033 0.957591355 0.100243479
    0.980272412 0.127252758 0.201826602 0.74022311 0.982750535
    0.170589566 0.867796183 0.486538529 0.931691527 0.912078798
    0.549315453 0.39760071 0.285613716 0.258321583 0.574734211
    0.0243656933 0.180939764 0.164058149 0.66588372 0.959302783
    0.123322546 0.395256996 0.100474507 0.937832952 0.429220974
    0.0949121714 0.0500312746 0.881907105 0.318772495 0.0660139918
    0.16693002 0.624631643 0.47058776 0.10261634 0.933596969 0.184649408
    0.573819995 0.793609381 0.363768578 0.471004725 0.66870147
    0.442608356 0.745665669 0.119888693 0.268305421 0.0385554433
    0.927773952 0.845226407 0.80188024 0.699093759 0.0431722701
    0.994536042 0.807597995 0.786908984 0.113153368 0.190721273
    0.71540916 0.127897978 0.755270958 0.0878033638 0.420796931
    0.553566456 0.803219438 0.935753107 0.299451888 0.686322153
    0.802543283 0.417452633 0.597605586 0.931625843 0.124819964
    0.884078383 0.568295062 0.526221335 0.584222853 0.746723652
    0.79512918 0.722604632 0.251739442 0.859611511 0.653676808
    0.298153937 0.415630758 0.906610966 0.310807168 0.578006268
    0.596148729 0.0957838595 0.00723588467 0.733907998 0.440896034
    0.731889486 0.384798199 0.298456907 0.247748554 0.960939884
    0.496415943 0.547875166 0.473110944 0.126804411 0.530299306
    0.181010485 0.953438342 0.684055448 0.600577712 0.30994603
    0.827462971 0.75075233 0.586761534 0.68262893 0.71303302 0.772367597
    0.2965433 0.993597448 0.955992818 0.197865367 0.271587402
    0.0739319026 0.906316876 0.540150821 0.0634558201 0.817070127
    0.246547967 0.688476443 0.181131542 0.143257856 0.742369711
    0.232440263 0.671500087 0.859169722 0.571122229 0.202314347
    0.321421266 0.48249802 0.117806107 0.0596508384 0.807695627
    0.765439808 0.994583964 0.852259874 0.68331176 0.711341262
    0.48713544 0.99661684 0.160439581 0.572679281 0.77050817
    0.0273293853 0.151645362 0.529773951 0.844542384 0.868386984
    0.0970110297 0.509367168 0.86068058 0.308901608 0.57375139
    0.191992283 0.877042234 0.184697717 0.0816718042 0.0145067573
    0.965438187 0.164440751 0.225526601 0.856607258 0.683993101
    0.937846899 0.509336293 0.540483594 0.511932731 0.193544507
    0.219505221 0.305655122 0.710862696 0.40213424 0.0646835268
    0.18210116 0.0301865935 0.679863095 0.500170052 0.816168368
    0.534708679 0.708765268 0.441785365 0.462802768 0.360472053
    0.62342906 0.648028612 0.834822893 0.514169335 0.487257332
    0.428781152 0.946332932 0.998875618 0.0521693826 0.206567943
    0.349891841 0.853744626 0.0203166902 0.0640980899 0.804917812
    0.173258424 0.820042849 0.979148805 0.191083312 0.173297912
    0.171570837 0.253335685 0.643171668 0.685425699 0.159834504
    0.0428763628 0.297985971 0.284511983 0.0970824957 0.27710551
    0.447266221 0.793794692 0.107456058 0.209150642 0.434190869
    0.878750145 0.293597996 0.427481622 0.441443861 0.77964592
    0.769429803 0.64982903 0.983935416 0.007404387 0.634968758
    0.495055109 0.193743467 0.708515763 0.486678898 0.978446126
    0.608602643 0.0757448971 0.755849004 0.183717698 0.296201229
    0.870778918 0.315293014 0.0803653896 0.742490411 0.569505334
    0.373823822 0.357550383 0.741744637 0.594315886 0.0674078763
    0.223356664 0.518683732 0.639848769 0.274713039 0.508605301
    0.0278638899 0.750117421 0.751243114 0.834804296 0.850040436
    0.407690495 0.774496675 0.293750048 0.0278872848 0.877463937
    0.377791643 0.231584638 0.978955984 0.43801862 0.839775205
    0.909589529 0.161278933 0.019158572 0.00348269939 0.167933613
    0.0991399288 0.0824600458 0.413029909 0.877373815 0.643771708
    0.475518674 0.618084908 0.83277142 0.664344192 0.521254599
    0.949918389 0.341997027 0.584283888 0.448006451 0.157643408
    0.0647345483 0.622320116 0.365352124 0.0060865283 0.337234259
    0.0600794256 0.877562165 0.915567219 0.976488948 0.878477931
    0.676486015 0.426412344 0.268175662 0.722408831 0.330150366
    0.645292342 0.813816309 0.119566739 0.896835446 0.169542879
    0.173052073 0.20615989 0.60644567 0.514473259 0.259763867
    0.519992113 0.155929327 0.542541802 0.850249648 0.309893787
    0.983923554 0.100879312 0.814304948 0.366304278 0.131159127
    0.65753448 0.16855821 0.446391225 0.330820262 0.512675941
    0.0164990723 0.641953468 0.812610865 0.156477809 0.0139849186
    0.497426778 0.976200819 0.585551143 0.63311708 0.506908894
    0.136387229 0.36262247 0.58056432 0.108727753 0.292940557
    0.0845290422 0.919456899 0.684230268 0.673195541 0.844499946
    0.650828242 0.5429914 0.441051841 0.60644269 0.300102502 0.191844195
    0.951281428 0.522134304 0.959633589 0.616783261 0.100967944
    0.406608552 0.884820223 0.170233458 0.973772109 0.955292463
    0.303477019 0.684621334 0.187425345 0.0950317979 0.243249655
    0.153831005 0.558000445 0.727024734 0.241979629 0.256311774
    0.419436246 0.78314507 0.341736495 0.413798928 0.57732594
    0.624454021 0.338199496 0.951251805 0.816368937 0.886289477
    0.208358705 0.839630127 0.867654085 0.846415043 0.932051182
    0.185620576 0.165431738 0.726200223 0.859594107 0.47733739
    0.330147058 0.572714865 0.33395344 0.692067444 0.754572868
    0.468202323 0.892840803 0.726638854 0.966473281 0.519251883
    0.866113424 0.349721432 0.380075097 0.796516776 0.793036044
    0.0499165356 0.889047146 0.433701098 0.846251547 0.15045619
    0.719274759 0.565491378 0.00920253992 0.127229571 0.427691907
    0.861384809 0.863403916 0.687541246 0.950907886 0.263832986
    0.198781461 0.921985388 0.840972245 0.150567144 0.389205337
    0.762393177 0.538141131 0.36467728 0.0558373034 0.12727046 0.9665277
    0.942806005 0.699532211 0.77460891 0.971658349 0.819302499
    0.917639852 0.736735761 0.382235408 0.185843766 0.274254233
    0.828297377 0.271173418 0.399889886 0.833717346 0.55056119
    0.811830997 0.983855963 0.801581383 0.127573967 0.28219673
    0.420770794 0.652487874 0.535620213 0.600755095 0.946201146
    0.047511369 0.924909592 0.673772871 0.197896272 0.0769252777
    0.98288846 0.18377766 0.334416151 0.0476337373 0.847011209
    0.50538075 0.217398793 0.156359792 0.907755017 0.710239351
    0.597169518 0.554581285 0.0618018508 0.0415253341 0.106550962
    0.0538284779 0.726990819 0.0455429256 0.133703023 0.518115401
    0.518426597 0.423410982 0.877318799 0.024941951 0.590383589
    0.070649296 0.898775935 0.304138333 0.988612652 0.939063013
    0.990348101 0.997977138 0.579799652 0.202734709 0.322265297
    0.997192621 0.0415572524 0.546177089 0.834452331 0.514244258
    0.180582404 0.365789533 0.716950595 0.157456219 0.448257297
    0.304716676 0.366219431 0.112103313 0.48315233 0.483535469
    0.0853449106 0.321056902 0.974563479 0.428881794 0.166088849
    0.742942035 0.754793644 0.981445134 0.690515041 0.507106006
    0.142133445 0.114588559 0.249103993 0.141880363 0.716077864
    0.113401115 0.593569279 0.779928565 0.393476546 0.741899729
    0.412083536 0.473824978 0.027403146 0.273756534 0.959872127
    0.770851493 0.882618487 0.0605686307 0.079768002 0.751571774
    0.389025599 0.420544922 0.184517264 0.498820305 0.748662472
    0.0442397594 0.52441299 0.170665771 0.41091454 0.888621867
    0.180227786 0.482620418 0.194088399 0.159766406 0.555945277
    0.0100513399 0.409038335 0.475003719 0.691211641 0.413182735
    0.933147669 0.460863829 0.944577217 0.1608226 0.904941082 0.94966805
    0.0134653747 0.441200733 0.640440404 0.743438184 0.0672071278
    0.042096436 0.387361914 0.673587322 0.424786359 0.816538692
    0.766022205 0.0195084512 0.275329888 0.463697314 0.286007941
    0.131741136 0.833169341 0.809805989 0.0352692604 0.762416542
    0.893344283 0.713457227 0.394561291 0.83955276 0.0163584352
    0.432185888 0.148285061 0.00335988402 0.951703072 0.0496380925
    0.841502428 0.205720693 0.807743073 0.938738108 0.542240798
    0.20293799 0.498982906 0.201254576 0.0478155315 0.548299789
    0.128623962 0.906234741 0.816834569 0.197203875 0.700585663
    0.947876811 0.642112613 0.154822111 0.00103437901 0.858927727
    0.428810894 0.195404738 0.0063509047 0.00230512023 0.6198771
    0.663506448 0.926851273 0.892440796 0.0994587839 0.286560178
    0.384302348 0.888818145 0.668989003 0.115768373 0.639389992
    0.368731141 0.204416662 0.61190027 0.313506246 0.921013713
    0.284084857 0.273207366 0.505413055 0.136075884 0.754368842
    0.711027145 0.554734409 0.508960664 0.426694036 0.436204016
    0.855921626 0.632474065 0.451295942 0.544725657 0.952662408
    0.807490826 0.249746293 0.518386781 0.64459157 0.994945765
    0.21669814 0.338217974 0.0704532564 0.491488963 0.108754605
    0.450439811 0.260106504 0.722861707 0.0192026198 0.742112219
    0.124909401 0.290785432 0.0544506013 0.40361166 0.991471171
    0.340044886 0.463741988 0.684419513 0.134118378 0.661696613
    0.329356194 0.255587161 0.430490911 0.331366181 0.340089411
    0.481708586 0.0966637731 0.86041069 0.665899992 0.929899216
    0.871210873 0.837798119 0.695559382 0.722521305 0.34055987
    0.0852174163 0.191327035 0.0666396618 0.969641387 0.638298571
    0.547144711 0.516000211 0.406847477 0.420118213 0.204170406
    0.711428463 0.358749866 0.904418826 0.599276543 0.519872248
    0.371880352 0.359474599 0.385633588 0.00112509727 0.937508047
    0.424226522 0.534338653 0.199066043 0.798169494 0.597679615
    0.915026367 0.0876972973 0.629566431 0.0731624365 0.978841424
    0.867498815 0.997417331 0.95282495 0.0695366561 0.48088336
    0.0746548176 0.549500406 0.0854430199 0.398376107 0.0492568314
    0.620896816 0.977059841 0.426309884 0.290771753 0.641847491
    0.169390857 0.348086238 0.664875805 0.685541749 0.446775973
    0.455315381 0.394900382 0.789253712 0.576492429 0.508303642
    0.432697505 0.0953094959 0.98044765 0.470070183 0.735330522
    0.474770546 0.133397162 0.74246943 0.342184067 0.489967674
    0.901451409 0.772510171 0.112392813 0.190964341 0.96253109
    0.414015293 0.714138865 0.812685907 0.446322143 0.831875682
    0.462072045 0.648957968 0.791897774 0.670671642 0.908642173
    0.986587524 0.869315505 0.511758983 0.472732574 0.901780427
    0.231046617 0.694832921 0.62630868 0.686012805 0.868030787
    0.317237794 0.204413801 0.0107064247 0.281687945 0.661270618
    0.929276526 0.383909464 0.483834535 0.284456044 0.323333591
    0.839014292 0.87671864 0.110522926 0.0985791981 0.471089154
    0.144645154 0.090367496 0.244541824 0.611972392 0.198691189
    0.411939263 0.526393831 0.395718157 0.484175831 0.0819433928
    0.0633700788 0.103481919 0.804455519 0.213962466 0.314224631
    0.21860823 0.457139403 0.985804796 0.333304703 0.584155202
    0.345647931 0.165590972 0.296815157 0.156073302 0.900443733
    0.559632421 0.996132731 0.753236413 0.965176105 0.496877551
    0.403192222 0.478595227 0.459228575 0.946735799 0.169079512
    0.0678892136 0.951225638 0.429701656 0.00966507196 0.411425024
    0.556541145 0.198210061 0.662620425 0.838513017 0.543801904
    0.18798241 0.58996582 0.375207454 0.246789515 0.829198241
    0.611239374 0.900797665 0.157504886 0.190335959 0.115445971
    0.698273122 0.775642276 0.152645499 0.487378001 0.476926088
    0.523215473 0.566533327 0.441085041 0.755213857 0.998909235
    0.942669272 0.360411614 0.108176589 0.808775425 0.636710465
    0.596772432 0.973952055 0.251700997 0.124931306 0.781770945
    0.383594215 0.302552283 0.722885907 0.922425628 0.737529814
    0.614838541 0.187510669 0.232944578 0.15134874 0.916056871
    0.166703194 0.158619165 0.329511881 0.539527416 0.377146542
    0.617751956 0.369767964 0.726062179 0.760061741 0.645131588
    0.0444352329 0.232524306 0.483100325 0.383280039 0.405296177
    0.180458605 0.0754743516 0.946253657 0.251482368 0.854776502
    0.643090487 0.789094806 0.455389708 0.0340002477 0.391524523
    0.0178196132 0.15059492 0.156591058 0.821452379 0.77880007
    0.710969985 0.339246273 0.231301248 0.88613081 0.0663536489
    0.755240262 0.386427045 0.625350058 0.0977134407 0.265930027
    0.885227978 0.261446476 0.97769022 0.929563642 0.734308362
    0.0772308409 0.21464476 0.9740206 0.901404917 0.62283504 0.933160543
    0.0270444453 0.17892167 0.971026659 0.241347134 0.66876483
    0.637299657 0.373209953 0.219949663 0.109703481 0.206927449
    0.957503915 0.80630064 0.81127429 0.322911322 0.193831891 0.40730691
    0.221490443 0.0958724022 0.490715504 0.179076791 0.660499096
    0.710627317 0.474371284 0.196468979 0.400595993 0.225486368
    0.438119233 0.946510077 0.440991074 0.654659212 0.0706802309
    0.618160903 0.588762879 0.414948761 0.063449502 0.269172013
    0.850527227 0.928482413 0.244617283 0.650331736 0.347334206
    0.555639744 0.998497486 0.957582712 0.486377239 0.878589511
    0.379259586 0.48937726 0.560292661 0.407237411 0.807561994
    0.0583399236 0.807023287 0.138868988 0.120391279 0.425061196
    0.138007909 0.390406042 0.690356374 0.0854295492 0.0304861069
    0.953823566 0.0835343003 0.00783327222 0.706864119 0.836336315
    0.99678278 0.164402187 0.813914418 0.326802135 0.285461605
    0.239224255 0.94276005 0.148718923 0.115845591 0.211272329
    0.00700515509 0.0951978266 0.104369253 0.050914079 0.775223136
    0.491238534 0.570097327 0.464503497 0.853643298 0.0542724431
    0.101110935 0.560614526 0.828340113 0.841363788 0.823717594
    0.178372085 0.975196719 0.636370122 0.361095458 0.644163251
    0.0356520414 0.206075102 0.104395986 0.361342788 0.384076923
    0.458120674 0.497771204 0.553573966 0.559277475 0.0201117992
    0.667427659 0.623338103 0.280871451 0.530237257 0.848858595
    0.300920904 0.590866089 0.218618572 0.898180246 0.366783857
    0.717936456 0.239729375 0.174948782 0.891897082 0.44661516
    0.465809077 0.787886858 0.715576708 0.271633327 0.718985438
    0.202169508 0.147464693 0.685657024 0.177767217 0.356764287
    0.347975314 0.873371959 0.83616519 0.587218404 0.625902474
    0.336177349 0.738860607 0.413271368 0.622848034 0.745194376
    0.392690063 0.406603605 0.404516429 0.913777351 0.729322672
    0.563144326 0.502152681 0.122087866 0.179805756 0.937065482
    0.127283365 0.245180398 0.516324937 0.248247743 0.167965502
    0.288338721 0.796553254 0.874255657 0.78053391 0.281801581
    0.434367239 0.734762669 0.780849099 0.270950019 0.662240386
    0.391097665 0.797746003 0.886393428 0.709197164 0.139716655
    0.641713977 0.817755461 0.042408824 0.842424154 0.648435235
    0.39530471 0.756895185 0.818692088 0.0824449658 0.559587479
    0.780638099 0.908603132 0.84806633 0.135885864 0.660780072
    0.0589159727 0.430902243 0.316096306 0.566040635 0.329615086
    0.0280069411 0.676384568 0.389355302 0.247050047 0.579802334
    0.312607646 0.84733963 0.941891551 0.526402473 0.481234938
    0.591619253 0.827664495 0.634535193 0.757041931 0.804183006
    0.282350183 0.294948936 0.878269494 0.47145772 0.539402127
    0.320364475 0.469164163 0.586592257 0.967198312 0.52413547
    0.521783531 0.966237903 0.313270032 0.00881141424 0.159423828
    0.389202803 0.400520205 0.0389145911 0.999708533 0.566085279
    0.781756043 0.235911876 0.51750648 0.268238336 0.0462351143
    0.278732359 0.196130067 0.117064387 0.828018308 0.923808336
    0.716246665 0.11786145 0.156581372 0.554570973 0.980593562
    0.237417042 0.142083377 0.319136858 0.627312899 0.0939663053
    0.907400191 0.140560776 0.083670646 0.556328535 0.973623335
    0.247802138 0.787898064 0.236269861 0.0628483891 0.303315997
    0.458809346 0.0049726367 0.974941969 0.443519533 0.329160541
    0.36956054 0.9646281 0.372884274 0.19920364 0.0263570249 0.414489388
    0.829585195 0.161396444 0.0335343182 0.911524415 0.279271901
    0.716759682 0.541945696 0.582022429 0.0498993695 0.495324582
    0.320988774 0.752659917 0.781411767 0.681189358 0.895388603
    0.470337033 0.2691257 0.25171411 0.825028896 0.859943449
    0.0893757641 0.64613843 0.782394886 0.780174613 0.809011936
    0.904659748 0.941350222 0.529520512 0.157410175 0.0825151205
    0.165675908 0.939960957 0.633024693 0.819290638 0.618032813
    0.908135235 0.0822491944 0.0836470127 0.567343831 0.920881987
    0.503621459 0.46470809 0.633329093 0.966504693 0.944864273
    0.99019444 0.622776985 0.219424725 0.786292195 0.598479152
    0.518787205 0.392258674 0.208011299 0.649924457 0.00381168723
    0.102098167 0.835666656 0.173524082 0.273112893 0.856819749
    0.0488342643 0.851746678 0.737365007 0.950186849 0.824896216
    0.120337009 0.494577914 0.763681293 0.386980683 0.905272126
    0.914721131 0.157345384 0.946059048 0.0843598545 0.180342555
    0.406846106 0.21667856 0.764142573 0.0617883801 0.71131289
    0.663079619 0.825507045 0.848718166 0.0751957297 0.951546907
    0.0881201029 0.657132149 0.521423638 0.45009765 0.769163013
    0.713982046 0.192269623 0.876003683 0.825855672 0.173506707
    0.237497568 0.812513232 0.760704994 0.243817329 0.138453931
    0.1354644 0.00519135594 0.00621756911 0.439682275 0.31885469
    0.389260709 0.256097317 0.707868338 0.967814505 0.622138023
    0.142359048 0.804610372 0.857800305 0.518522859 0.788247108
    0.0791301131 0.923980355 0.792620063 0.112853318 0.721909165
    0.0548618734 0.843040049 0.435171723 0.292746365 0.0365505219
    0.170376033 0.389983147 0.206771731 0.996592641 0.416172743
    0.0255735219 0.343468159 0.919620335 0.71673125 0.566802084
    0.325802326 0.872211933 0.0795617998 0.98020637 0.0334399641
    0.202454627 0.297382712 0.00743961334 0.78960216 0.000221669674
    0.594086409 0.402999103 0.789683104 0.726201892 0.160292923
    0.836171627 0.880667806 0.904925704 0.945326328 0.970501661
    0.5362463 0.538387895 0.92443943 0.471780747 0.752501011 0.991823018
    0.0765011311 0.433108002 0.720005572 0.482479334 0.485819161
    0.334837705 0.495701134 0.752159417 0.445867687 0.907114148
    0.437552541 0.654026628 0.900057912 0.656282544 0.551906168
    0.328352123 0.26974228 0.1284872 0.718497396 0.252607495 0.365360916
    0.472130269 0.410140336 0.494961411 0.619585514 0.128958762
    0.680940509 0.207796305 0.151861936 0.619014859 0.469233423
    0.986845732 0.729473293 0.237561971 0.860530198 0.126018286
    0.121620864 0.73997134 0.0202609301 0.684053481 0.558317542
    0.441048533 0.634963274 0.890976787 0.777166128 0.368487418
    0.0636785626 0.646867931 0.865552902 0.180739194 0.244638324
    0.207986265 0.906364918 0.453063607 0.755587459 0.696960747
    0.144393146 0.0123108327 0.129493773 0.352637529 0.915086031
    0.793495297 0.510256708 0.972949505 0.757773519 0.633387208
    0.576692343 0.0408680737 0.628612995 0.428893119 0.723476529
    0.133916378 0.0219180882 0.496149033 0.28754583 0.137088716
    0.576142669 0.777864814 0.482590288 0.550086915 0.85466218
    0.12051487 0.559026182 0.513929367 0.849414706 0.652756393
    0.106156975 0.522145808 0.0832812786 0.568715632 0.214377195
    0.98221159 0.114716828 0.483666807 0.657384634 0.911710501
    0.363180041 0.462216258 0.0923067629 0.895545423 0.804866612
    0.862234354 0.463202745 0.382547498 0.320299149 0.460831076
    0.988530755 0.361637056 0.847516656 0.979170322 0.206770271
    0.108607382 0.983753085 0.331526071 0.0769189596 0.231742203
    0.504135609 0.122735858 0.655056953 0.48357594 0.798439264
    0.625834584 0.673030615 0.424004585 0.986332476 0.501356184
    0.183645487 0.954199672 0.19409731 0.724855781 0.940057576
    0.756904185 0.829485774 0.911649704 0.273828387 0.488828123
    0.485480487 0.996002436 0.843504369 0.251731753 0.307686806
    0.119797438 0.304809034 0.56085515 0.969843805 0.983345151
    0.557625592 0.645278931 0.32328558 0.591028452 0.957828283
    0.741854727 0.776001215 0.875665963 0.612918079 0.885801494
    0.721136093 0.944032788 0.391768903 0.565847635 0.593543112
    0.156700045 0.966384709 0.177006632 0.279135227 0.521514237
    0.595177889 0.416042864 0.710081518 0.825123072 0.241053313
    0.747287154 0.954304874 0.611353815 0.63629806 0.200292587
    0.930338264 0.703178883 0.782110155 0.726407707 0.737217605
    0.836008608 0.0568388999 0.0340163708 0.951903462 0.105306834
    0.494478852 0.169086874 0.23882398 0.281021535 0.202713013
    0.935277939 0.843962193 0.860887527 0.0762121677 0.30960232
    0.95918119 0.934908867 0.528703034 0.674347699 0.65274477
    0.685041487 0.106837988 0.866822124 0.787808418 0.346491039
    0.370594144 0.57735306 0.757624686 0.52592814 0.827269793
    0.567353845 0.543783724 0.22449109 0.947446823 0.138570696
    0.238640457 0.20818156 0.602847278 0.783651888 0.876341343
    0.989278555 0.246752769 0.382535636 0.228688449 0.587040901
    0.367740333 0.760722816 0.301975846 0.318601668 0.990946293
    0.0582532883 0.454429388 0.431554645 0.0724369884 0.913569808
    0.615543485 0.846727073 0.96347779 0.847774386 0.570052803
    0.57478404 0.900449395 0.126745224 0.88926518 0.938998878
    0.228135288 0.0773504674 0.605733693 0.172202855 0.211164743
    0.679114282 0.283683747 0.931759596 0.449287772 0.0768574476
    0.787329912 0.747214794 0.707909465 0.780685663 0.19296509
    0.206744283 0.300264835 0.278841972 0.90779531 0.727448344
    0.187877297 0.843480229 0.274241179 0.845519185 0.672270238
    0.756115079 0.0095141232 0.697324038 0.362537861 0.407670408
    0.19132632 0.498248845 0.537820816 0.598571479 0.943738818
    0.507846177 0.180448472 0.750299573 0.607595086 0.126844049
    0.348296165 0.627742708 0.235588729 0.615107417 0.373559177
    0.371503711 0.812454998 0.681112289 0.199568689 0.508653343
    0.100638777 0.569548965 0.0258559585 0.555684507 0.72893244 0.478625
    0.39121604 0.303256035 0.11193189 0.250315189 0.293191135
    0.00236043334 0.040168792 0.899000883 0.614591956 0.795042217
    0.458624125 0.169171184 0.530792415 0.353815734 0.0743240416
    0.736865163 0.0845562816 0.991268158 0.805260897 0.162733912
    0.413462132 0.282935619 0.134300172 0.377337039 0.511705875
    0.771300614 0.934789658 0.531591654 0.11077711 0.433019459
    0.816270828 0.374405742 0.603405535 0.800308049 0.812362552
    0.571761429 0.990060508 0.404082179 0.976875782 0.282153875
    0.671292424 0.310905725 0.885756552 0.793354988 0.0107300282
    0.631147981 0.858517587 0.877730072 0.891523838 0.415172249
    0.0836377442 0.658822298 0.723293066 0.835120499 0.458130658
    0.74143064 0.0666261911 0.424568444 0.740603745 0.129512429
    0.832443058 0.770079255 0.421706259 0.769396782 0.885311723
    0.637315631 0.725343645 0.655112028 0.976722836 0.593194306
    0.235756606 0.323718101 0.879446805 0.223597944 0.187075764
    0.143350661 0.90700841 0.742908299 0.0583235919 0.174447566
    0.331275702 0.0760471523 0.605843365 0.977391958 0.250283986
    0.41972664 0.0790799558 0.0556268096 0.796109498 0.472547978
    0.315324843 0.825733185 0.68247366 0.565762758 0.0470494926
    0.803875685 0.21386227 0.332644403 0.350295335 0.0173582137
    0.401906848 0.232808471 0.499070257 0.217765272 0.761354446
    0.844004273 0.080717057 0.275237322 0.629146397 0.656039596
    0.296958029 0.957741261 0.982386112 0.856532633 0.901039839
    0.202367932 0.723405182 0.41064316 0.473555952 0.431376636
    0.982146382 0.906232119 0.564855576 0.595315754 0.86352706
    0.922159672 0.966365337 0.541859508 0.395615458 0.782964587
    0.39444536 0.0434187353 0.45546779 0.21983698 0.274646401
    0.157829314 0.994149208 0.233094126 0.719510376 0.214742869
    0.970924139 0.188904822 0.723959148 0.823179185 0.389633477
    0.448304594 0.00373581052 0.218933821 0.244606644 0.189410657
    0.926173449 0.119261652 0.851750255 0.481596559 0.247575492
    0.703374624 0.317301333 0.538063765 0.842642426 0.827515841
    0.773126662 0.594234288 0.313012421 0.800233841 0.62597394
    0.421096534 0.328691423 0.420848608 0.733878374 0.47881946
    0.359296083 0.909789264 0.326071978 0.158367693 0.504923761
    0.796936691 0.381938934 0.898046613 0.336262167 0.980569005
    0.858387887 0.731659055 0.306585729 0.761683643 0.272669852
    0.797090113 0.582749605 0.351785302 0.398966432 0.375138819
    0.581729889 0.791044712 0.945104897 0.161037505 0.281764746
    0.996126413 0.545159638 0.838510633 0.679784775 0.716439426
    0.332192421 0.158346236 0.00900962949 0.330661595 0.267615378
    0.597117662 0.376597732 0.731076717 0.436706007 0.116050482
    0.0256180465 0.46625039 0.467114896 0.700587511 0.0986833572
    0.915327907 0.0576426387 0.30349344 0.211019814 0.845134377
    0.557158709 0.022221446 0.273746431 0.533567131 0.689731717
    0.839017391 0.92444706 0.36121887 0.61921376 0.0498180389
    0.948294103 0.732343316 0.448545963 0.557468176 0.114450097
    0.647221625 0.0202916265 0.928305507 0.211534083 0.425283372
    0.20418483 0.394576669 0.136935413 0.747775257 0.0368337929
    0.748571217 0.667793393 0.633810103 0.914229155 0.708471358
    0.871728241 0.773616433 0.997138739 0.462654054 0.943588257
    0.47232613 0.872653484 0.296205401 0.688834846 0.804065943
    0.339339405 0.992358088 0.0292848349 0.512619138 0.178517848
    0.0696649551 0.245472193 0.762645066 0.595650911 0.612600267
    0.26211971 0.711567819 0.0757641792 0.529940069 0.152834654
    0.782549798 0.982537448 0.0831103623 0.0382076204 0.969870448
    0.214506805 0.240455568 0.74593097 0.016901195 0.302762806
    0.544644356 0.319719255 0.546836555 0.362606287 0.814401388
    0.209983081 0.503796041 0.681179345 0.937029302 0.955869436
    0.54150039 0.804439425 0.297511816 0.62900269 0.825200796
    0.498890191 0.322705805 0.237161398 0.0432293415 0.416367829
    0.816298604 0.287262917 0.76394093 0.333892047 0.479658365
    0.917801499 0.154975414 0.502023935 0.0226871967 0.763892412
    0.524882495 0.43520838 0.412691653 0.123158216 0.246586382
    0.777339935 0.329722762 0.410147667 0.0242567956 0.554880142
    0.297695518 0.353424668 0.434569806 0.287690878 0.503596067
    0.617245495 0.11180523 0.575272024 0.476137847 0.0650565922
    0.771752417 0.3493132 0.957633615 0.980385959 0.945628047
    0.847313762 0.819970608 0.596138418 0.376301825 0.557173848
    0.0372922719 0.17275995 0.202581525 0.399088591 0.029274404
    0.545213044 0.330360353 0.270950854 0.299522579 0.125768781
    0.437660128 0.70284313 0.730613232 0.405802041 0.638461232
    0.382557601 0.186079144 0.915164113 0.205798179 0.494420618
    0.96213901 0.324204683 0.90630579 0.239121467 0.792301536
    0.605845571 0.89256978 0.0931845903 0.00718986988 0.157062262
    0.974039555 0.00723668933 0.867669106 0.402726114 0.327063918
    0.731797993 0.38449043 0.304932892 0.946975946 0.586910903
    0.885095239 0.00236225128 0.377411544 0.647040904 0.5074175
    0.7194677 0.953340769 0.0322979689 0.0665865839 0.596418738
    0.373482764 0.468236834 0.28024292 0.23204729 0.279301167
    0.755699873 0.121089339 0.211499691 0.893574178 0.0394963622
    0.467698187 0.198209524 0.681133866 0.267872661 0.875894904
    0.777175784 0.345403463 0.134108365 0.404205382 0.06810835
    0.317860365 0.209680587 0.304621607 0.416258156 0.142858863
    0.686432838 0.391881108 0.978823185 0.0211124718 0.141656786
    0.304803371 0.300507486 0.946450591 0.191779912 0.505817413
    0.811208248 0.959105849 0.358466983 0.797443449 0.405618906
    0.51371789 0.49705413 0.523396909 0.264618158 0.969628513
    0.105346709 0.978360534 0.528676331 0.245704055 0.541152954
    0.677689433 0.0605369508 0.550882518 0.0821340084 0.635627806
    0.15393585 0.354500592 0.689273119 0.47363615 0.0660304427
    0.0807015598 0.325896084 0.339689016 0.705519259 0.602711916
    0.590989292 0.00790765882 0.209949732 0.943816483 0.30869332
    0.21578303 0.225320071 0.590457797 0.0216739476 0.325632453
    0.639823258 0.868316531 0.623765469 0.654541612 0.934633195
    0.424381644 0.163734168 0.438836217 0.387331486 0.990423858
    0.292000294 0.364192158 0.015240401 0.459834337 0.601852357
    0.609241068 0.779068708 0.220508665 0.757963061 0.50284344
    0.777348399 0.768407702 0.228441834 0.161901623 0.846792698
    0.347952902 0.553257227 0.430562019 0.0120787621 0.264876842
    0.474359602 0.808348894 0.795552373 0.291095257 0.0266082287
    0.548867762 0.718813896 0.831629634 0.911832571 0.475037277
    0.308498502 0.797478557 0.958233297 0.112298816 0.807183266
    0.491713554 0.34377718 0.381751508 0.927363038 0.459934473 0.5548805
    0.724623919 0.258678705 0.948228121 0.839520693 0.589391887
    0.211136818 0.960279703 0.440546095 0.446349889 0.184023321
    0.167915165 0.336980492 0.950019121 0.823668599 0.0606253445
    0.528548062 0.417689234 0.503316641 0.968554497 0.164219201
    0.701195955 0.872597933 0.572626173 0.754227161 0.307479024
    0.21523717 0.929071903 0.0439976454 0.837138176 0.325037539
    0.387585789 0.0733442307 0.728023648 0.505427122 0.707059741
    0.0492089391 0.667482257 0.848708093 0.836458206 0.634562016
    0.189807475 0.492119759 0.748314738 0.239160061 0.295085549
    0.134322315 0.70947814 0.866500199 0.728005111 0.508342803
    0.742612898 0.723215163 0.26973927 0.976391315 0.251313806
    0.320707321 0.717728913 0.520416319 0.985599041 0.692605019
    0.897064626 0.678145766 0.405741423 0.590967536 0.709627509
    0.0153346956 0.202369601 0.798128486 0.770152152 0.572697997
    0.29341656 0.242155135 0.938940167 0.345000744 0.378302932
    0.668642163 0.320886731 0.897224426 0.782537103 0.235736698
    0.474825472 0.0295561254 0.710881591 0.172264367 0.810502946
    0.847220242 0.441011369 0.867199302 0.13845253 0.888965607
    0.583314896 0.965300798 0.867449045 0.811516643 0.96497494
    0.610747814 0.399703681 0.584528625 0.898079336 0.556688249
    0.0303931236 0.47950691 0.400712252 0.849119425 0.968531013
    0.217742115 0.447363973 0.566111147 0.555279374 0.886860251
    0.0216673017 0.338215977 0.375250399 0.130164117 0.24309209
    0.886433721 0.857796073 0.444546193 0.542211592 0.309101105
    0.423375219 0.142303228 0.398040771 0.77535975 0.45622775 0.77046454
    0.605000019 0.259834886 0.596808374 0.488321334 0.717148185
    0.33033824 0.846778572 0.828243971 0.33770743 0.622780979
    0.508672476 0.20020175 0.365760624 0.194661021 0.575375855
    0.39847523 0.230846256 0.246068925 0.482285529 0.18161732 0.19833383
    0.752922654 0.831949055 0.558429897 0.800344348 0.922231078
    0.292915314 0.012694031 0.550472677 0.168210566 0.640180469
    0.943999112 0.174196541 0.10099104 0.589234829 0.113112479
    0.444186568 0.956749201 0.710211575 0.138298899 0.626447856
    0.396780074 0.878323019 0.525120556 0.966268897 0.680083454
    0.862027168 0.637721062 0.758994401 0.274045289 0.433161825
    0.0439422429 0.0553478301 0.9681229 0.886828721 0.196719348
    0.988358021 0.310079515 0.200682312 0.881229877 0.900683761
    0.759032965 0.606323183 0.586459696 0.879665256 0.316648781
    0.234677672 0.277182341 0.833676577 0.491728336 0.0789955556
    0.213320255 0.365063071 0.60625875 0.178722709 0.573081732
    0.0126489997 0.209509164 0.746691883 0.0316854715 0.0239892006
    0.20198971 0.513904512 0.916137457 0.4881666 0.0330031812
    0.882446826 0.515307009 0.507526994 0.112942129 0.79947257
    0.262261152 0.583836138 0.0284008384 0.371739924 0.434069812
    0.091499567 0.588484347 0.0279260874 0.0822285414 0.768750906
    0.627828717 0.421133935 0.25036788 0.987955928 0.896534801
    0.187708676 0.958291769 0.206147552 0.0241653621 0.169649571
    0.69111228 0.270752072 0.309411198 0.354587674 0.681076407
    0.876402676 0.190794796 0.996734202 0.132034868 0.568899989
    0.465872616 0.45968616 0.826002955 0.846601486 0.340097785
    0.313593507 0.513838351 0.24207902 0.0217107236 0.910145998
    0.668162823 0.112961471 0.0627965331 0.825983286 0.474871993
    0.465263814 0.270815611 0.463926375 0.857130289 0.954918623
    0.275924414 0.6818887 0.982242823 0.952350855 0.666154206
    0.204981923 0.152861536 0.711309433 0.1144225 0.21520254 0.762245178
    0.686072171 0.464318752 0.877906978 0.430417001 0.570235968
    0.515704036 0.926745176 0.646877468 0.468688577 0.142061353
    0.901955903 0.858741641 0.0664304495 0.493130744 0.925397754
    0.90239346 0.92502296 0.390853822 0.585178912 0.318240404
    0.472643316 0.77560699 0.443892479 0.217770725 0.759381771
    0.565626979 0.471859843 0.612950981 0.0496982634 0.319475889
    0.730404973 0.903628111 0.347984314 0.941435516 0.523721039
    0.202299088 0.251977742 0.00516840816 0.305430233 0.321097672
    0.639961362 0.173620701 0.208721966 0.177009284 0.713583767
    0.153282523 0.948204875 0.680844307 0.277637392 0.214105546
    0.662938118 0.3777529 0.411434472 0.312286824 0.010237813
    0.168956548 0.712763667 0.984682858 0.88329488 0.605223715
    0.990740776 0.325066268 0.00392955542 0.637877762 0.426764369
    0.524433315 0.459424615 0.635128975 0.100523978 0.259271562
    0.814048648 0.235826313 0.777445912 0.165906399 0.618394554
    0.565117836 0.233623385 0.698453128 0.839603305 0.649462879
    0.709177494 0.384022444 0.758363724 0.298240036 0.123291135
    0.144596905 0.378115088 0.5106498 0.282637656 0.632347763
    0.496333539 0.340662777 0.74886179 0.51982069 0.243784666
    0.734153807 0.944575906 0.578840554 0.816973209 0.109032005
    0.331559539 0.228592604 0.0563800633 0.958006024 0.00135821104
    0.0579347014 0.0765474439 0.522882819 0.477327645 0.00608074665
    0.458419919 0.684860647 0.624364913 0.999840379 0.50221312
    0.132470518 0.166494936 0.874001741 0.218314379 0.458895653
    0.0601919591 0.354587764 0.0241268873 0.391737074 0.816140592
    0.499887019 0.0473945141 0.790697575 0.555988908 0.927941322
    0.774485111 0.496348083 0.409582883 0.276856661 0.999569476
    0.955410242 0.390605062 0.417016506 0.138158172 0.111535609
    0.0689605474 0.801328003 0.915938854 0.414695948 0.405848205
    0.616296828 0.0119056404 0.247415721 0.754107237 0.77596736
    0.643606424 0.492727667 0.692450166 0.142752349 0.877862692
    0.211335599 0.394917607 0.959751368 0.337540925 0.427890897
    0.450241029 0.868249655 0.628487945 0.790957868 0.409704626
    0.296356052 0.578268349 0.23860237 0.11283043 0.619836986
    0.947506666 0.931626678 0.509974599 0.983952641 0.914812863
    0.482054204 0.995699525 0.235859513 0.81099987 0.801823139
    0.792121172 0.995070457 0.647502482 0.559897721 0.537727714
    0.688084602 0.55903548 0.298345596 0.377828628 0.640660167
    0.117638528 0.707599699 0.12223196 0.570360661 0.90160948
    0.225625932 0.0227639973 0.291933239 0.294875741 0.920180082
    0.62501967 0.623496711 0.842681885 0.579915583 0.824162483
    0.65463239 0.958112121 0.953604341 0.172875941 0.233905047
    0.557053745 0.459725529 0.458170891 0.542374253 0.764388561
    0.155139416 0.516522169 0.546332061 0.582753539 0.870500803
    0.449424505 0.629569769 0.777677476 0.677387834 0.0500513017
    0.854659796 0.459545761 0.213116854 0.752527118 0.316437662
    0.306579053 0.808309078 0.320912331 0.744391799 0.311675757
    0.432089418 0.474709898 0.537892401 0.650488794 0.314411998
    0.535220206 0.410953254 0.698168576 0.822320044 0.661190271
    0.680038929 0.997618079 0.701896608 0.485109001 0.397675455
    0.96157372 0.580828786 0.736735046 0.749917924 0.126781493
    0.291786373 0.72306931 0.454681158 0.0221843123 0.765064359
    0.0523672402 0.691207051 0.396011323 0.0024959743 0.586576819
    0.234229773 0.305762082 0.478215694 0.709844112 0.338383019
    0.440697461 0.0291060507 0.527495027 0.376817614 0.533192396
    0.975460291 0.196440756 0.615944207 0.766548097 0.0782080293
    0.998534441 0.0992007256 0.354125023 0.599770606 0.352188945
    0.229924738 0.104604959 0.729743958 0.0267309546 0.127972484
    0.533090055 0.293596089 0.413863808 0.927517891 0.648980856
    0.235378563 0.247481018 0.857991815 0.899753928 0.00684246421
    0.137054622 0.280222774 0.829410672 0.858151197 0.00997549295
    0.717625022 0.491556525 0.243139923 0.301925331 0.608758092
    0.299268782 0.00132206082 0.307967305 0.259359062 0.862025976
    0.794448972 0.198159844 0.617246985 0.307902694 0.846525073
    0.16585803 0.0863946676 0.0146961212 0.518811524 0.818697691
    0.150042504 0.252856702 0.413877457 0.226823747 0.69174701
    0.0405288935 0.017336458 0.239847988 0.957570314 0.032882303
    0.860317886 0.412889302 0.108269483 0.117400736 0.796613574
    0.674389243 0.252944767 0.0305603445 0.810411453 0.785594821
    0.500967681 0.977350473 0.207868457 0.497550219 0.770397723
    0.928490162 0.591143966 0.615777373 0.105669618 0.157596052
    0.190980136 0.772427619 0.158783376 0.129140645 0.710466385
    0.667289734 0.760189891 0.0915658176 0.874050498 0.869549036
    0.552509189 0.648790479 0.80881691 0.400489837 0.927030027
    0.0815479159 0.996588588 0.886905074 0.318107635 0.0118550658
    0.925340533 0.522277296 0.545115769 0.324788302 0.048404187
    0.62239778 0.493594706 0.154028326 0.0743813515 0.0103148222
    0.571994483 0.166022003 0.799075007 0.0914372504 0.527021587
    0.404180139 0.165128589 0.286172509 0.784356892 0.331644535
    0.906247258 0.435376942 0.796704531 0.835260749 0.0792319179
    0.423274994 0.024550736 0.39124167 0.363350689 0.84985894
    0.995395303 0.155232161 0.49905327 0.756151736 0.000136971474
    0.228463858 0.573820591 0.431942165 0.202544093 0.853011012
    0.265326947 0.531634331 0.0791862607 0.64513588 0.153841853
    0.801844239 0.624657154 0.942740679 0.16999352 0.14473328
    0.0633612871 0.975748539 0.429663301 0.246743441 0.453751266
    0.764718533 0.173018515 0.444285095 0.729141414 0.291913688
    0.00702771544 0.0439586043 0.51749742 0.750306666 0.580457151
    0.379787505 0.328974724 0.0358830094 0.914097667 0.00828680396
    0.295533091 0.446673155 0.83741951 0.0448943377 0.989249587
    0.621281743 0.887836516 0.941190302 0.640653133 0.624911666
    0.418355078 0.955900431 0.579800248 0.728830218 0.158982277
    0.800213099 0.067817688 0.0752294362 0.701430798 0.0154233575
    0.324443758 0.282524705 0.575483918 0.35919556 0.78314805
    0.905830741 0.485233784 0.775401592 0.089592725 0.908134818
    0.0801750124 0.92002362 0.36293608 0.509011447 0.867024362
    0.424587756 0.618973613 0.0276702344 0.628867269 0.309211254
    0.655421615 0.846033692 0.705093086 0.142174125 0.508949041
    0.319699705 0.237895519 0.333101511 0.076393038 0.852241039
    0.550424755 0.391797781 0.542441487 0.574468136 0.355374068
    0.745178401 0.895648301 0.654728591 0.117426097 0.0451631248
    0.0769662261 0.666179299 0.811112344 0.839352131 0.288146138
    0.917816162 0.119675428 0.292026401 0.610065401 0.855307221
    0.668772459 0.625278592 0.67351532 0.0957928896 0.383100271
    0.977923095 0.321676314 0.645421028 0.168734312 0.680689156
    0.0376629233 0.539492249 0.915689349 0.748302221 0.893118739
    0.185869604 0.984620452 0.00749024749 0.735881567 0.373034179
    0.069271028 0.831179917 0.618633151 0.495391399 0.0446583331
    0.628441215 0.987137914 0.281346083 0.924759269 0.264447629
    0.174343526 0.185943156 0.104685128 0.592639029 0.795781553
    0.911700845 0.32481578 0.791371942 0.349395216 0.741658092
    0.911247194 0.11299172 0.713774085 0.0599253774 0.913987994
    0.22314465 0.065007776 0.0697283745 0.342817694 0.9409585
    0.237658978 0.163824648 0.849561572 0.467781216 0.230572283
    0.983733952 0.970606863 0.233530462 0.924106598 0.153008759
    0.780943871 0.0635952055 0.589592099 0.557466149 0.981398821
    0.167998701 0.340548813 0.133577019 0.244822413 0.405665576
    0.822237492 0.228012592 0.359482616 0.547654808 0.763735533
    0.516707122 0.120261788 0.991467357 0.127041638 0.711367667
    0.000772088766 0.511473596 0.947834849 0.98740679 0.750385165
    0.857995987 0.473506987 0.610452294 0.716980815 0.506468594
    0.708255708 0.731728792 0.620554984 0.532867491 0.519149601
    0.342201293 0.921426415 0.966284215 0.366421431 0.705170333
    0.66196686 0.343670607 0.950968623 0.59989059 0.572402716
    0.915264249 0.801031768 0.866051495 0.753749013 0.911971569
    0.691829443 0.261056602 0.385757864 0.224610955 0.484863251
    0.12080127 0.972570956 0.415677071 0.311721355 0.259250879
    0.431034327 0.232584476 0.360295713 0.528447151 0.8455199
    0.985560894 0.0588318706 0.404187709 0.611857414 0.599720359
    0.749330997 0.796863556 0.0485780537 0.616408706 0.601005077
    0.571287394 0.369492441 0.491109967 0.608884394 0.155644208
    0.393418968 0.584726155 0.695769489 0.711249232 0.351901293
    0.455690742 0.26206249 0.495916784 0.970597506 0.795657694
    0.209335893 0.777582169 0.503624201 0.898608685 0.728479981
    0.965314209 0.563246727 0.179566443 0.230925679 0.905505538
    0.166449368 0.147265822 0.881110311 0.0974319279 0.045407176
    0.0584760606 0.840621531 0.164659679 0.619431674 0.468364507
    0.403388828 0.661786854 0.344595671 0.264393568 0.700266004
    0.410426259 0.415977836 0.150976449 0.794523239 0.021759361
    0.13012296 0.717097104 0.690675795 0.376471072 0.571067989
    0.991758347 0.914059937 0.0451831818 0.594509423 0.763616443
    0.883713722 0.310281247 0.632354498 0.747434855 0.836293459
    0.676379204 0.377917171 0.0976361036 0.303636789 0.102471471
    0.665003538 0.276119113 0.746129692 0.0792458951 0.976248562
    0.0546986163 0.687027574 0.307761908 0.707868934 0.313603103
    0.979137719 0.857435822 0.826994956 0.60361141 0.73862201
    0.0879715979 0.90493995 0.477356762 0.511287332 0.672747195
    0.191570878 0.102433622 0.176431656 0.55597955 0.855980635
    0.846588373 0.652477086 0.100425512 0.536186039 0.605630338
    0.965968668 0.450141579 0.199913502 0.800537467 0.394041985
    0.211486369 0.364977062 0.159100264 0.82233566 0.132078737
    0.272308648 0.849199116 0.161061555 0.702355146 0.285575211
    0.237645507 0.812496066 0.602699995 0.172397643 0.0790922344
    0.155521363 0.262339354 0.998130143 0.137999743 0.417916775
    0.963545084 0.157649696 0.989813089 0.950698376 0.889045238
    0.986162543 0.726391971 0.901158214 0.911147356 0.49705714 0.928985
    0.676643133 0.952772498 0.412532121 0.758943141 0.205585361
    0.420144916 0.0578268766 0.596218944 0.454375178 0.483967364
    0.777061462 0.658664882 0.380821735 0.387938142 0.360339761
    0.809244573 0.83648473 0.26769951 0.855245709 0.474670738
    0.394238442 0.819091678 0.487424314 0.117237151 0.278678298
    0.685941994 0.800854802 0.139132202 0.96123147 0.00569051504
    0.85795629 0.452112198 0.407224178 0.463813365 0.0155847073
    0.695779622 0.737379789 0.931093812 0.591339707 0.173631042
    0.849156976 0.828299999 0.66539073 0.361929953 0.932523072
    0.397332668 0.148068935 0.758942842 0.563031197 0.456186742
    0.274250388 0.150883913 0.917267025 0.863250017 0.248686612
    0.438053817 0.19160679 0.965991139 0.336498141 0.102537423
    0.521018684 0.445234269 0.113788098 0.422981381 0.691111386
    0.0123138428 0.285505652 0.124973476 0.0845782161 0.00039061904
    0.351677179 0.709784865 0.160244793 0.0299876928 0.312051624
    0.196801692 0.434678495 0.918015301 0.600810766 0.336456597
    0.470582217 0.554979503 0.520269811 0.641401708 0.950744748
    0.616482317 0.814410806 0.0629481971 0.932039142 0.921812296
    0.660620511 0.800851226 0.987070084 0.884727478 0.0318235755
    0.887498379 0.193137705 0.738365769 0.748314798 0.180463731
    0.8535465 0.422099829 0.845157862 0.172131956 0.311575413
    0.578621089 0.521656334 0.902620852 0.144450396 0.61035037
    0.0290222466 0.1354689 0.0185432732 0.64956063 0.956846595
    0.560453594 0.548044384 0.909667373 0.401882321 0.358730793
    0.611584187 0.896532953 0.0830757916 0.858734727 0.94384855
    0.451463163 0.501735628 0.61335665 0.61385107 0.331405461
    0.446639448 0.367072493 0.184651375 0.800403357 0.0870392323
    0.230129778 0.819880009 0.490021139 0.73821342 0.731951654
    0.443238318 0.74121654 0.59458077 0.517552912 0.288334846
    0.159691274 0.571560621 0.599314213 0.6847682 0.177928448
    0.581577718 0.740879953 0.652897477 0.233277798 0.805919409
    0.0568765402 0.914468229 0.566409051 0.686601877 0.227611214
    0.280071437 0.702457726 0.954422712 0.295547426 0.366725862
    0.0302206874 0.0366990864 0.0725142062 0.18177408 0.607688367
    0.567174435 0.554711163 0.804195285 0.0288648903 0.253992289
    0.363356858 0.0726703703 0.648845851 0.517933011 0.072892189
    0.501549244 0.834106684 0.0660144389 0.765958071 0.564605057
    0.772945523 0.139670312 0.039924562 0.439853191 0.780737042
    0.880643249 0.630618989 0.631303966 0.504400074 0.831272542
    0.153149068 0.856507182 0.100387871 0.0363872051 0.425104201
    0.643633008 0.557360888 0.249293298 0.690736055 0.887393117
    0.563061893 0.731239915 0.137297392 0.355243832 0.214214742
    0.230696917 0.148055375 0.873547196 0.84650135 0.17227152 0.56376332
    0.523912251 0.543132484 0.0032542944 0.369285136 0.436427653
    0.754186571 0.978378654 0.00515028834 0.345583349 0.566401422
    0.475130737 0.518939376 0.892648935 0.794015467 0.637863159
    0.0189070404 0.877508879 0.485851288 0.754357934 0.317213744
    0.884755015 0.443303853 0.586630404 0.985340357 0.882722616
    0.261068463 0.785028696 0.848223448 0.309735924 0.622829258
    0.767021954 0.909094751 0.718565583 0.451354116 0.261042148
    0.624503672 0.167970598 0.702961862 0.0898560584 0.93699038
    0.360628128 0.0438523293 0.684898734 0.382695019 0.78219974
    0.267072201 0.581978202 0.604219556 0.3871966 0.60677743 0.556441426
    0.385464966 0.778243482 0.00293314457 0.773595929 0.0990081429
    0.853143156 0.620611668 0.60544908 0.993626356 0.0377855897
    0.411969662 0.196655244 0.681644201 0.470061779 0.684689462
    0.756453753 0.520634353 0.943146348 0.722762406 0.169680983
    0.250047326 0.610469997 0.283896744 0.923135161 0.163409501
    0.399932176 0.375993192 0.813484788 0.88690567 0.160352975
    0.180799276 0.0248006582 0.69550699 0.776574492 0.598782063
    0.296050698 0.160247147 0.198534817 0.323034823 0.515338778
    0.517214775 0.880294561 0.275694191 0.203724205 0.759674549
    0.458495885 0.655052245 0.793466151 0.359630108 0.0959659219
    0.874601483 0.309496194 0.629820585 0.441885173 0.000764608383
    0.90318346 0.809552014 0.722620249 0.866349339 0.294174343
    0.815376878 0.96531415 0.824534178 0.761821747 0.353173167
    0.53877753 0.768540144 0.150390238 0.822439075 0.930896163
    0.497295499 0.968981504 0.370429814 0.472199857 0.342439771
    0.390618414 0.500103891 0.27154693 0.51579088 0.489721 0.901738763
    0.290776938 0.129035741 0.446730882 0.148263156 0.657910168
    0.779348254 0.654122949 0.575111449 0.314976037 0.757896364
    0.762748361 0.340706438 0.954555213 0.431156337 0.907616258
    0.187623918 0.176935822 0.0341434777 0.328884065 0.396380424
    0.309627235 0.0720254779 0.210184962 0.513437986 0.436157495
    0.320969164 0.0522218049 0.0445451736 0.726987481 0.532052696
    0.85980022 0.445808768 0.0130595267 0.980102301 0.377467692
    0.0806449354 0.129971325 0.441202909 0.488171577 0.24679786
    0.180813342 0.180674106 0.891847908 0.904857039 0.503935158
    0.230711818 0.843715549 0.776682675 0.572146475 0.212333083
    0.526641369 0.476633996 0.898604572 0.2851215 0.689232349
    0.859525323 0.464431375 0.533633173 0.466546178 0.03116557
    0.230657101 0.0839038789 0.0367365181 0.954268992 0.62253648
    0.885901332 0.104720265 0.537356019 0.790449381 0.485887289
    0.55444169 0.0294368863 0.878311038 0.495826542 0.390769839
    0.56813103 0.0656150877 0.19137007 0.849367142 0.263338238
    0.0982241929 0.913713336 0.960149765 0.736696661 0.661489427
    0.602885723 0.715120316 0.300136358 0.20872885 0.594571531
    0.166175276 0.326494932 0.137948722 0.211781502 0.919981599
    0.0192365646 0.368917942 0.868216693 0.560176551 0.440798223
    0.306906521 0.180407196 0.331268191 0.155477911 0.304350644
    0.146532685 0.413186193 0.52378875 0.424865723 0.719346762
    0.179984659 0.732826412 0.720111489 0.430028617 0.0522065759
    0.643635094 0.802031636 0.634872139 0.775501847 0.192113042
    0.476746619 0.393507421 0.524906874 0.952126741 0.194372982
    0.895814061 0.0727396905 0.735410273 0.534327507 0.138799846
    0.784271121 0.519123554 0.412236452 0.153221548 0.811012506
    0.997286141 0.797719657 0.822185874 0.547690451 0.857573152
    0.735702097 0.810235023 0.0465469062 0.145689398 0.655119658
    0.837516189 0.82866168 0.759647071 0.884329379 0.120955467
    0.943602562 0.385805905 0.818148136 0.71160382 0.378997982
    0.55763346 0.745092154 0.0187084377 0.687194705 0.345207155
    0.895010352 0.6314345 0.286202461 0.0497100651 0.331901282
    0.904989004 0.855512381 0.545504868 0.436442554 0.764410138
    0.929011345 0.797914982 0.432001352 0.139501929 0.466870248
    0.75603956 0.642603636 0.862975776 0.780170798 0.561252773
    0.686728597 0.0823397338 0.132970601 0.680477917 0.279670417
    0.952570081 0.281579077 0.113497376 0.964735985 0.165093869
    0.871069908 0.538687527 0.750648141 0.462299585 0.106312096
    0.789278805 0.536998451 0.921339393 0.718507826 0.0474875867
    0.0934301615 0.654606104 0.176849514 0.35067293 0.564205229
    0.379564703 0.491970688 0.0962643027 0.876788557 0.618911207
    0.586503267 0.284110874 0.542534173 0.855151236 0.165512264
    0.344006777 0.96289283 0.91089797 0.673934817 0.652453482
    0.305392921 0.160719723 0.525265157 0.320098937 0.104121536
    0.0713512003 0.193038046 0.0732293725 0.706757665 0.863654017
    0.915332973 0.479805142 0.723671436 0.27882421 0.989013314
    0.371656656 0.491069496 0.697187126 0.171751499 0.978131711
    0.88685894 0.806047678 0.870999038 0.214172065 0.29426387
    0.419387102 0.51957494 0.927880764 0.352889359 0.0322571993
    0.00205826759 0.463580161 0.593709648 0.408223957 0.953101099
    0.532198429 0.171048671 0.245414227 0.487752438 0.2938281
    0.293361127 0.999936104 0.23182416 0.614435196 0.183928162
    0.0881439745 0.653921127 0.724399388 0.931643963 0.730327725
    0.449807853 0.298759997 0.56240356 0.730313599 0.228343219
    0.0083027482 0.411299556 0.861573815 0.607175827 0.433341742
    0.824476302 0.668787181 0.753140092 0.00464642048 0.0275313258
    0.778458238 0.383523345 0.201198697 0.0774061084 0.445635736
    0.274777144 0.0447094738 0.374376208 0.0740966201 0.444013715
    0.349705458 0.126098633 0.609739244 0.497869253 0.799458742
    0.370204926 0.48928529 0.737976074 0.893401027 0.37472707 0.21374464
    0.903361678 0.178577095 0.295365989 0.844292402 0.370217562
    0.0230106711 0.569257796 0.369368315 0.0334965587 0.0131899118
    0.52030313 0.799740195 0.711086988 0.618744791 0.323397934
    0.392175257 0.282741427 0.446960926 0.536340475 0.0944661796
    0.66039145 0.39611581 0.267717242 0.0294564366 0.0582963526
    0.629959404 0.656275511 0.469616443 0.04364568 0.617381871
    0.730368435 0.715499818 0.168176115 0.32047832 0.0662837327
    0.189383239 0.94581461 0.533375978 0.91159904 0.251254946
    0.567611992 0.661809444 0.403354287 0.21288535 0.941118836
    0.743725598 0.855017304 0.293744355 0.551879346 0.280677021
    0.865059018 0.534949303 0.398657203 0.00847443938 0.287753493
    0.410732776 0.294213057 0.646557271 0.934748292 0.173760444
    0.579798102 0.327138484 0.566472054 0.198900908 0.869385958
    0.0865562856 0.955318213 0.0753632188 0.00790607929 0.11945951
    0.975488544 0.307397813 0.280679107 0.381664187 0.0340518951
    0.142947763 0.224263728 0.552794933 0.766037583 0.279100239
    0.748592496 0.540626466 0.400454462 0.471151352 0.902673721
    0.96334219 0.692244947 0.488893181 0.635235786 0.993288279
    0.897571504 0.904515862 0.676240146 0.443902045 0.802112281
    0.112921238 0.148182333 0.794522524 0.954938412 0.543195963
    0.69455421 0.131522596 0.0829073489 0.868445635 0.153141081
    0.259915054 0.946385741 0.493014514 0.222234517 0.0344484746
    0.638632357 0.4091115 0.110493898 0.455190301 0.43882978 0.50333041
    0.762510717 0.7434389 0.91457808 0.991424263 4.44054604e-05
    0.80630374 0.993851662 0.090484947 0.306060672 0.867983639
    0.638353705 0.938736737 0.321008921 0.0837667882 0.29981935
    0.103158265 0.779037058 0.158662558 0.149435133 0.183757722
    0.550926924 0.637040317 0.534052968 0.936992526 0.798671961
    0.144610107 0.66422832 0.299234629 0.63037312 0.453418583 0.2514112
    0.430369198 0.807488441 0.176856428 0.0993026793 0.085624367
    0.905577064 0.879630268 0.613762319 0.753071308 0.306005269
    0.451201737 0.161039382 0.117850065 0.660085201 0.704993129
    0.700049043 0.738638818 0.581462383 0.71075207 0.0858249664
    0.3877289 0.52259618 0.865106583 0.660465598 0.674129725 0.591983855
    0.125764281 0.148221076 0.90228641 0.775690079 0.597220659
    0.641823173 0.173191786 0.476141483 0.293195069 0.0471327007
    0.893266916 0.841903329 0.291002035 0.757490635 0.781695127
    0.161940783 0.45343104 0.575549364 0.125973195 0.320801437
    0.474245012 0.629385114 0.567475855 0.107741028 0.395352304
    0.551463842 0.961595416 0.158992141 0.306711495 0.957668722
    0.897527099 0.555689156 0.55561924 0.177851945 0.929246545
    0.700939298 0.245777041 0.233591139 0.133003861 0.688560009
    0.0341629684 0.730605364 0.502817571 0.226359099 0.422066063
    0.332811505 0.411224484 0.774046004 0.947387457 0.507172167
    0.477673143 0.837352395 0.637160659 0.514251769 0.46337527
    0.555312812 0.302616477 0.53234148 0.0384506583 0.135878265
    0.548978806 0.959409475 0.461770505 0.230621994 0.238852531
    0.488562286 0.707452118 0.473260283 0.324016571 0.326740503
    0.665733099 0.47987473 0.0772390962 0.140740544 0.478518397
    0.496165216 0.953731656 0.971183658 0.793837428 0.117985755 0.916143
    0.922191024 0.193695456 0.676248729 0.19774282 0.0752504468
    0.774393439 0.00378724933 0.18928647 0.171093225 0.755336523
    0.881483555 0.88188386 0.319518209 0.853058815 0.988224387
    0.754307806 0.718675375 0.749656618 0.516912997 0.486912012
    0.386979997 0.426701427 0.720108628 0.979597449 0.328224063
    0.673593581 0.186267555 0.541570544 0.9737131 0.76184094 0.287199199
    0.176176697 0.573956549 0.50194478 0.121721506 0.610126019
    0.139013231 0.920827389 0.340007126 0.174765706 0.257169366
    0.0156420767 0.844120502 0.213546813 0.799252391 0.189595461
    0.344249427 0.773416579 0.0232517421 0.610512018 0.778219938
    0.747642934 0.398296982 0.631749511 0.945206583 0.783364177
    0.715665579 0.96105969 0.0271501243 0.511741042 0.915663838
    0.712843955 0.716524005 0.597237587 0.295264184 0.736672282
    0.076746732 0.653926551 0.885344863 0.643270493 0.188051969
    0.731598318 0.256240547 0.216269404 0.932471871 0.0189947486
    0.846346617 0.827639818 0.521167457 0.683845878 0.27256459
    0.418953001 0.159277886 0.283902168 0.472568095 0.960009873
    0.638303876 0.207914233 0.390618324 0.693413258 0.90801537
    0.978161991 0.0503709614 0.899677396 0.971133947 0.418571591
    0.351280719 0.141922563 0.696185172 0.833955407 0.706878304
    0.601045012 0.495114744 0.707918942 0.449164182 0.66354537
    0.29259783 0.620776772 0.476064324 0.47647804 0.446742713
    0.0890116096 0.292265832 0.572872758 0.930897474 0.640694737
    0.600621283 0.026202023 0.150634468 0.147118926 0.0982449651
    0.637102246 0.113041282 0.121484339 0.375564933 0.986979723
    0.348792791 0.903424621 0.50316 0.974655986 0.468425602 0.240118325
    0.376372606 0.999234378 0.378182888 0.141469389 0.423977256
    0.518028796 0.881151974 0.561117828 0.814667702 0.0365861952
    0.353256881 0.386035234 0.754373133 0.326732665 0.00819668174
    0.136602372 0.334589422 0.0311181843 0.589859009 0.237106383
    0.94460535 0.691586196 0.363929033 0.0753861666 0.124395669
    0.599615395 0.27723968 0.505339444 0.0733042657 0.156860143
    0.923183382 0.715363264 0.0309411883 0.0279299617 0.422576934
    0.301990747 0.197436571 0.12500146 0.218757123 0.33794567 0.25389114
    0.35698688 0.13215512 0.0655826032 0.582295656 0.9092834
    0.0564016104 0.793500304 0.502668619 0.401407719 0.0178411305
    0.213796556 0.0697948039 0.808232546 0.378501594 0.840107918
    0.895954609 0.00633993745 0.0617610216 0.416627586 0.228486717
    0.17579776 0.671277583 0.0070400238 0.935268283 0.633058548
    0.0600167215 0.229761779 0.474958897 0.953700304 0.680792391
    0.345827967 0.786708474 0.753211498 0.50748384 0.103254706
    0.364989251 0.113988668 0.0204022527 0.935086906 0.729862213
    0.353529453 0.867295504 0.0843828022 0.977634311 0.536022067
    0.935626268 0.444480747 0.899513841 0.711298823 0.612698317
    0.625872672 0.286525279 0.0734812617 0.205615848 0.920188427
    0.0497406125 0.600635529 0.386464715 0.413336396 0.267395645
    0.639986515 0.246779293 0.894252539 0.855183601 0.229289234
    0.204259187 0.30569613 0.835647702 0.207950354 0.539079309
    0.0692941844 0.367754996 0.415078044 0.296646655 0.719590306
    0.770875812 0.00354653597 0.840211034 0.461647481 0.24007985
    0.994368136 0.555918515 0.889015019 0.403401941 0.149782985
    0.716881216 0.916171432 0.944297612 0.0242090523 0.22713697
    0.872320175 0.727354705 0.166742384 0.444121599 0.695382833
    0.327197343 0.613755345 0.97570926 0.45526734 0.215078712
    0.815250039 0.74097991 0.630500555 0.780018687 0.781722426
    0.498684049 0.24226436 0.602214754 0.59352386 0.576951861
    0.311822116 0.717288494 0.290480256 0.708431602 0.0537901819
    0.953912377 0.886786103 0.722764969 0.245230108 0.504131436
    0.0161150396 0.102891117 0.921498179 0.55177933 0.349057585
    0.191249013 0.993606269 0.771967232 0.737837374 0.928865016
    0.690643251 0.419797361 0.258445621 0.698243856 0.491019279
    0.406700343 0.970387399 0.627756476 0.427929163 0.84613812
    0.589214921 0.863758445 0.11805442 0.496744931 0.295276999
    0.720205247 0.0387740731 0.246558517 0.0606528223 0.719791889
    0.87945509 0.991145849 0.494704276 0.136971533 0.258209407
    0.164166212 0.588051498 0.686964333 0.568332672 0.211752236
    0.945658565 0.173852205 0.142952561 0.291362435 0.647093177
    0.0237644315 0.3233639 0.61313796 0.676099956 0.039401114
    0.917852283 0.264858127 0.482277602 0.572540641 0.910518587
    0.196942061 0.430216789 0.568872571 0.64876771 0.480514377
    0.476412058 0.898118556 0.891388774 0.753762841 0.435448855
    0.475745648 0.172647178 0.704251587 0.315071285 0.467016816
    0.846801758 0.522713363 0.131255925 0.919004321 0.423439533
    0.777696371 0.180921465 0.75872004 0.472152263 0.248000562
    0.882041037 0.332011938 0.41968146 0.746313691 0.790977836
    0.927203536 0.0229486823 0.933990359 0.242276728 0.0369722545
    0.930577278 0.780507684 0.781905353 0.032066673 0.434000641
    0.0215373635 0.272325784 0.0515676737 0.868653178 0.831672072
    0.777165055 0.607819974 0.488900125 0.339448243 0.966154218
    0.712399125 0.951524138 0.460719138 0.385866642 0.629065514
    0.124769717 0.436402678 0.314349592 0.0522635281 0.300368905
    0.84098655 0.760987282 0.202428937 0.708448708 0.909231603
    0.405698597 0.517878771 0.668670654 0.874646544 0.204290599
    0.750434577 0.0609515607 0.446094096 0.976949334 0.89636898
    0.182595104 0.100430876 0.606574833 0.638796985 0.637517095
    0.302234769 0.282296002 0.733951211 0.27978912 0.562620342
    0.737039506 0.0139033794 0.701542914 0.458633423 0.796394229
    0.672941625 0.821665049 0.642517209 0.955303788 0.877786517
    0.0103688538 0.167697787 0.972244263 0.758285999 0.87398088
    0.770391822 0.568650246 0.953868628 0.0666330457 0.588333368
    0.970511615 0.843589187 0.902658224 0.313943028 0.804908395
    0.0839766562 0.736896992 0.619799912 0.939401269 0.0015308857
    0.442328691 0.607407093 0.644548535 0.250587016 0.616447091
    0.406576633 0.580250263 0.945411086 0.659071803 0.641017199
    0.541440904 0.0569226444 0.482600331 0.05760625 0.904738426
    0.570736825 0.294693112 0.166198701 0.676892281 0.321639538
    0.0374875069 0.913191557 0.639255881 0.545639694 0.400016665
    0.211880445 0.441287398 0.637820363 0.588992119 0.178290308
    0.395623714 0.694078088 0.0620552599 0.748848081 0.121482521
    0.440166295 0.286450088 0.146725267 0.558887362 0.747584343
    0.334347129 0.260824442 0.406446218 0.446115941 0.909123242
    0.186510444 0.217118025 0.413104296 0.627278924 0.8652215
    0.114070147 0.981474876 0.225721419 0.067530185 0.738667488
    0.155599356 0.286715358 0.471948564 0.0236088634 0.965794921
    0.691306412 0.0668679178 0.991476417 0.138517767 0.497639507
    0.978779972 0.245338529 0.4506585 0.764326751 0.176716477
    0.0450488031 0.108340502 0.841914415 0.83264184 0.709998071
    0.853363097 0.603546917 0.733819306 0.642857194 0.363598347
    0.408632398 0.685919046 0.539731622 0.804059565 0.370580643
    0.635044575 0.860648096 0.15295589 0.214265436 0.954333603
    0.470349967 0.814968884 0.489469528 0.182443202 0.594416678
    0.954499722 0.887086213 0.534802496 0.659834027 0.280036032
    0.741413772 0.27662909 0.0274920464 0.477523357 0.747909904
    0.582256019 0.644439399 0.101095557 0.767639279 0.302704901
    0.573677301 0.411006808 0.358601451 0.80351609 0.442005783
    0.135947913 0.690675199 0.823399246 0.364146411 0.552965522
    0.18370387 0.291048139 0.944492579 0.397097439 0.500816703
    0.872148275 0.474729508 0.972417057 0.683791399 0.609186053
    0.168396533 0.436589807 0.441904843 0.00754892826 0.976022243
    0.226131767 0.181821316 0.558962762 0.849150181 0.456850022
    0.77796936 0.27368018 0.778960347 0.414834619 0.296356618
    0.117186934 0.878553331 0.0910997689 0.662771165 0.838093042
    0.643472195 0.22380811 0.226005226 0.606014192 0.971957088
    0.530772567 0.437574983 0.422838718 0.271758199 0.287979841
    0.610788345 0.779472649 0.269144118 0.118649244 0.440322936
    0.173253953 0.926399231 0.945032477 0.389690161 0.551594615
    0.265305161 0.406619787 0.204912961 0.0299000442 0.887535214
    0.665383399 0.811878681 0.0580427349 0.58662653 0.246213764
    0.022834897 0.383095145 0.584200203 0.518044591 0.622224033
    0.939610004 0.0302994847 0.530988038 0.830369115 0.865062714
    0.659761906 0.453195751 0.094604373 0.34905076 0.274683118
    0.930923939 0.0162627995 0.812659264 0.880851626 0.860570192
    0.588595986 0.0236690938 0.706351697 0.769175053 0.825929523
    0.124343485 0.397200555 0.182558805 0.189015627 0.440132201
    0.662667572 0.382211387 0.692610681 0.200485885 0.118596941
    0.9180215 0.894471347 0.219663709 0.57760483 0.373510718
    0.0322993398 0.0491512716 0.880645514 0.629665196 0.760133386
    0.746192694 0.931937873 0.755453944 0.250324875 0.636889338
    0.394288898 0.0874735415 0.736018717 0.280470878 0.0645723939
    0.313146472 0.81840539 0.790706873 0.806891441 0.727588356
    0.410598814 0.411599427 0.196537822 0.56639111 0.46398893
    0.368560463 0.502699196 0.736803114 0.985451579 0.360706866
    0.0229210556 0.893627822 0.699762344 0.332678854 0.0899010301
    0.852112889 0.335313261 0.943165898 0.519226909 0.488036066
    0.634830832 0.4574821 0.418802887 0.351812005 0.502123475
    0.502544761 0.417377353 0.338689446 0.820337653 0.674605072
    0.183972359 0.261717319 0.230268747 0.552124262 0.995997906
    0.787324667 0.397713482 0.105474681 0.334454983 0.103972852
    0.101573706 0.286980152 0.375674009 0.989335537 0.927840114
    0.363125175 0.830698967 0.675620854 0.484176934 0.84321332
    0.0940322578 0.456386745 0.23462677 0.320105374 0.353644788
    0.829822659 0.802174091 0.952680588 0.360003352 0.116050482
    0.132934898 0.671006024 0.122850835 0.174308687 0.505228341
    0.680095732 0.0581776798 0.521670222 0.910869598 0.503233969
    0.718555212 0.671691895 0.123344928 0.182201147 0.0487225056
    0.665700674 0.395382285 0.363276273 0.235217035 0.445494711
    0.412762403 0.435907662 0.0849665701 0.724147677 0.290572762
    0.361384094 0.549201429 0.162996054 0.282544196 0.414696366
    0.00939396024 0.923423171 0.627911687 0.120111078 0.452103019
    0.320299357 0.271762997 0.576322973 0.278880388 0.787844956
    0.834750175 0.758732319 0.413628727 0.885815382 0.125651419
    0.682663858 0.784352362 0.503807425 0.617545009 0.0853706002
    0.654609084 0.729643464 0.037540853 0.00613299012 0.695646048
    0.45114097 0.864023209 0.578218937 0.0413730443 0.248518258
    0.644899964 0.475947589 0.20081529 0.357238233 0.141983956
    0.642225564 0.312867463 0.551698565 0.799219012 0.0450975299
    0.553010881 0.815835595 0.993440211 0.581154466 0.712790132
    0.50136435 0.38535738 0.040132761 0.106669396 0.952029586
    0.743806779 0.559139132 0.545075834 0.161042988 0.551039696
    0.0842772424 0.618805885 0.999191761 0.363076448 0.118768722
    0.9760288 0.354543269 0.923708379 0.0834792554 0.892820358
    0.999100327 0.802774847 0.847749352 0.146917671 0.402302414
    0.134560555 0.45887953 0.637101948 0.284627765 0.973948956
    0.558075368 0.487868905 0.781186223 0.817664385 0.623953938
    0.710016131 0.6456846 0.729023099 0.385700554 0.0281867981
    0.121687144 0.557865739 0.35089314 0.496915519 0.470641434
    0.492797971 0.847325802 0.06528157 0.775206685 0.0996242464
    0.615110695 0.224714369 0.939161181 0.482260257 0.263559312
    0.139336616 0.935884595 0.393714428 0.930467725 0.963278472
    0.574578702 0.00944569707 0.87844336 0.849291623 0.576838553
    0.37961477 0.342314661 0.701147735 0.12589103 0.45292902 0.9383533
    0.816598654 0.391593963 0.540000141 0.37269634 0.211443067
    0.883229017 0.917465806 0.0620990396 0.953117609 0.843696356
    0.592992008 0.4313398 0.744985759 0.25849238 0.0759803653
    0.367112517 0.666656911 0.725771308 0.914750636 0.156065732
    0.297433674 0.362541467 0.908474088 0.955923498 0.75773567
    0.327825487 0.726713061 0.742641866 0.87864542 0.701528788
    0.495016158 0.629471481 0.184849381 0.266110897 0.114347637
    0.0951441228 0.329033971 0.971379817 0.356825411 0.703337193
    0.410513133 0.363759756 0.213048041 0.436982691 0.239560097
    0.0987433195 0.135566384 0.710296631 0.308873534 0.168708086
    0.922955632 0.750075698 0.505060911 0.776642561 0.665502727
    0.89401114 0.490728945 0.574650347 0.806310773 0.92653513
    0.672946692 0.356344879 0.919876337 0.462421536 0.201951414
    0.760685086 0.771993041 0.848054707 0.206304699 0.362362921
    0.603285432 0.986422062 0.159918457 0.572212934 0.69044435
    0.695710242 0.33036831 0.772978067 0.0725521743 0.439090937
    0.924593985 0.988537669 0.777797818 0.820116341 0.377779663
    0.677249312 0.0426184237 0.135823458 0.0922335088 0.759061456
    0.271716416 0.34843877 0.589072049 0.481689751 0.699257433
    0.927124619 0.530325353 0.858304858 0.530742645 0.335170656
    0.418342888 0.523574889 0.717080593 0.00244820118 0.231231123
    0.677584052 0.600076079 0.066599071 0.535050869 0.815116465
    0.773521304 0.820606112 0.760607123 0.0826618075 0.409923881
    0.212397635 0.404378504 0.738613605 0.920570552 0.26619935
    0.00234940648 0.358489633 0.778518438 0.362183869 0.50493443
    0.652987361 0.547519445 0.102203131 0.124045342 0.206300497
    0.0237673819 0.666505158 0.262457073 0.57267803 0.729629755
    0.103804022 0.0528664589 0.804800093 0.930579185 0.142275363
    0.921916127 0.673526824 0.564214349 0.333939135 0.350148708
    0.7273646 0.883271456 0.50052017 0.535836577 0.832118273 0.115384251
    0.0777598023 0.862268806 0.418207645 0.67462033 0.363923699
    0.476333976 0.209905505 0.554709315 0.207286239 0.514016807
    0.105534047 0.0934010446 0.179827869 0.164366126 0.613703072
    0.426659167 0.355758607 0.299165457 0.622955799 0.210135221
    0.208025128 0.342295289 0.394247532 0.300403923 0.184286565
    0.725135863 0.551418126 0.337432504 0.458796322 0.9969365
    0.00410240889 0.071926415 0.395794183 0.13615045 0.278747559
    0.390970409 0.395587325 0.950801015 0.845322609 0.852301717
    0.329645246 0.107851774 0.0929519832 0.331916183 0.2425071
    0.235013038 0.445476353 0.877022028 0.495761186 0.588514328
    0.0580953956 0.886751533 0.849519074 0.811510921 0.627746105
    0.73969698 0.606374621 0.370590597 0.671576381 0.775411367
    0.0901542008 0.0124791861 0.436456442 0.545138955 0.01547575
    0.362740397 0.622285068 0.699219882 0.286316633 0.40342325
    0.114394188 0.94021976 0.320665479 0.114180386 0.246712595
    0.587625146 0.798766315 0.973792195 0.311828732 0.284102559
    0.947264314 0.453261822 0.297747284 0.0292551517 0.408635318
    0.283032298 0.32024771 0.891887546 0.0938540697 0.470237434
    0.744633317 0.265941411 0.10793376 0.370213747 0.796011686
    0.429579556 0.186804235 0.318105638 0.826209307 0.248140693
    0.708713055 0.897215962 0.845296264 0.906038046 0.0204037726
    0.230392665 0.120461524 0.102950692 0.383385092 0.772186458
    0.868779421 0.618665695 0.328483999 0.281598926 0.263592035
    0.789029956 0.0276267231 0.860451758 0.832042634 0.218799323
    0.962494731 0.519102216 0.911534429 0.924478412 0.46511516
    0.937758803 0.908980548 0.835742593 0.0991994441 0.571263909
    0.145497322 0.982394695 0.422508508 0.704505324 0.222037762
    0.197033733 0.154396117 0.0861510634 0.525941432 0.304528505
    0.35899657 0.407361507 0.27931872 0.996113837 0.446214676
    0.485143065 0.717207849 0.785483241 0.921033621 0.680750966
    0.291268051 0.693133116 0.336870909 0.660225153 0.657903314
    0.860465407 0.235618323 0.563333094 0.855883956 0.298361838
    0.560664475 0.327543467 0.839294791 0.656197727 0.695538759
    0.453814238 0.340327978 0.516191006 0.0912826955 0.544801891
    0.0796591938 0.796319723 0.52669096 0.170731097 0.757215858
    0.776870608 0.245286614 0.347339958 0.813809633 0.335132837
    0.983166575 0.994522214 0.755959988 0.448897362 0.821975827
    0.288808525 0.355261743 0.616351724 0.433655351 0.546338201
    0.519847274 0.634629905 0.207668871 0.485273778 0.210363746
    0.179305404 0.31974721 0.0763600469 0.275134861 0.931418896
    0.947310925 0.0425055623 0.678834617 0.63284725 0.111641288
    0.189548343 0.824604273 0.0981331766 0.910289526 0.796671867
    0.364672184 0.346958339 0.788862288 0.23297292 0.439700514
    0.910850942 0.742363214 0.561884582 0.232424438 0.698132098
    0.269043565 0.242016941 0.995272994 0.567248166 0.640525162
    0.810519934 0.233445346 0.705119014 0.283908427 0.39340952
    0.100993335 0.45573175 0.0977564454 0.0223121047 0.437413216
    0.867996454 0.305627644 0.863386989 0.0447901487 0.108765811
    0.899444818 0.263519645 0.670598626 0.594988704 0.120030999
    0.400179327 0.11810106 0.19243446 0.322914541 0.327126145
    0.032856822 0.823137045 0.90901792 0.638459325 0.188102454
    0.388441443 0.101204813 0.43785876 0.914088964 0.972548127
    0.25872004 0.32798332 0.990272105 0.803258359 0.621317863
    0.000352948904 0.749217749 0.584514201 0.95121038 0.573425412
    0.816039801 0.609342933 0.504379332 0.341288209 0.147451192
    0.557676852 0.929054379 0.885706544 0.832578897 0.18810004
    0.00292328 0.587430954 0.775199294 0.362530172 0.542814612
    0.458319724 0.617331266 0.156127572 0.383030236 0.466660231
    0.557430565 0.738529086 0.571469426 0.53633672 0.949869871
    0.409164488 0.169727683 0.974051952 0.131014317 0.0243911743
    0.360185444 0.651047409 0.032279253 0.570578396 0.890027404
    0.11110279 0.0884800851 0.130533218 0.167910576 0.432175219
    0.186606228 0.0481345654 0.478286386 0.270922095 0.699692011
    0.859133899 0.483712137 0.561036468 0.873111606 0.927573323
    0.187914431 0.174975425 0.276805282 0.701982737 0.366660118
    0.71241796 0.737156272 0.883514881 0.729364932 0.355593175
    0.970108867 0.00872170925 0.424110651 0.530551016 0.197269589
    0.225749999 0.12450251 0.000618934631 0.993964911 0.794259667
    0.176328778 0.648704052 0.354926109 0.305436552 0.632509351
    0.867021501 0.507225633 0.65214169 0.0432853401 0.412696451
    0.73586905 0.104040921 0.285985976 0.93489027 0.0444324017
    0.691706777 0.0338044763 0.817083597 0.451733381 0.0480054021
    0.415681928 0.294134498 0.733973742 0.676638126 0.929891944
    0.586976528 0.386740983 0.687719107 0.403132141 0.866539955
    0.372136772 0.194368809 0.970757425 0.312558144 0.377215892
    0.0943612158 0.111682355 0.570018828 0.814997196 0.318274558
    0.420398057 0.774341941 0.772521257 0.798054814 0.310911268
    0.612650812 0.742366672 0.878736496 0.948130608 0.32211569
    0.291448474 0.420963943 0.390081495 0.0289159417 0.83322072
    0.747224391 0.950588703 0.638709426 0.906975091 0.780471683
    0.361039221 0.44182837 0.469762027 0.72995013 0.242755622
    0.888100863 0.941743016 0.497392565 0.992875576 0.223982155
    0.329734325 0.000426799059 0.249685079 0.113687605 0.10449174
    0.74563545 0.985083818 0.49721998 0.488400728 0.644373596
    0.745716035 0.3304286 0.242274314 0.24265793 0.227260143
    0.00207874179 0.279021144 0.677572906 0.498375475 0.0783793628
    0.995101213 0.17511484 0.755325615 0.154390246 0.845438659
    0.407804281 0.204316646 0.289120287 0.944263101 0.655188084
    0.646421432 0.808705986 0.30118686 0.00189492106 0.222186029
    0.433721483 0.667835832 0.504770935 0.0711213052 0.75022912
    0.587574959 0.411312759 0.663483799 0.60443294 0.225791395
    0.0563578606 0.813955903 0.832973897 0.117764205 0.786796212
    0.0960770547 0.585565507 0.48205775 0.135705173 0.144974381
    0.623150051 0.548952818 0.173999876 0.563625216 0.369971931
    0.827690482 0.799324274 0.310556799 0.469873726 0.646646678
    0.936497808 0.240878791 0.746817112 0.0358732343 0.166981906
    0.380460322 0.49786678 0.120487958 0.0533284545 0.340850055
    0.780604005 0.522694409 0.207552373 0.191227108 0.712150693
    0.243130684 0.22791791 0.478759706 0.0706415474 0.781580091
    0.159389973 0.620080233 0.379678249 0.748421669 0.877855301
    0.518939018 0.704696238 0.300067157 0.0933160782 0.770316362
    0.528774858 0.909674406 0.412207305 0.87841171 0.493081242
    0.0176356435 0.16776213 0.601294816 0.472758144 0.605479479
    0.946418405 0.933584392 0.729303777 0.512865126 0.268123865
    0.427551925 0.374614745 0.906846046 0.338491619 0.40392065
    0.215784401 0.55833596 0.586407185 0.483847827 0.72834748
    0.867399871 0.185842812 0.874563336 0.232300967 0.783491075
    0.115423948 0.570115626 0.233921915 0.893338203 0.245416939
    0.0921370983 0.909393668 0.98472023 0.230767965 0.827700078
    0.676810145 0.917550683 0.849086285 0.584034801 0.649488747
    0.954857707 0.44358319 0.0566197634 0.547131836 0.255280554
    0.718127728 0.303598464 0.282200098 0.884641111 0.600989342
    0.374173194 0.331581622 0.829668224 0.904536664 0.0541413128
    0.813881636 0.769278526 0.472267836 0.545297563 0.138329357
    0.114464641 0.957879543 0.606991529 0.385749757 0.853508353
    0.670134008 0.299047053 0.48650834 0.99853313 0.386948466 0.99969995
    0.582910955 0.178296447 0.407845706 0.370283663 0.257592976
    0.87116468 0.262387455 0.0840147138 0.00308024883 0.279627383
    0.522229016 0.328651249 0.997900486 0.181036711 0.777691305
    0.778306007 0.207732677 0.322989523 0.948804021 0.866055131
    0.365010649 0.774155021 0.255245209 0.776756048 0.890719235
    0.350723952 0.661217749 0.221874297 0.49211362 0.185918391
    0.685050607 0.840536177 0.594956756 0.715299666 0.155429542
    0.535346448 0.0515040457 0.927206516 0.538709521 0.351010591
    0.536674857 0.730835259 0.909614563 0.80679363 0.307827055
    0.0322770178 0.709635258 0.909145594 0.145837188 0.30497545
    0.384364396 0.845810115 0.977508426 0.51773864 0.952475071
    0.803846002 0.0578089058 0.952009678 0.329477966 0.299867123
    0.433415443 0.932276726 0.360929728 0.555681109 0.849527836
    0.82315582 0.662900209 0.943839371 0.917079091 0.0541976094
    0.962815583 0.280254841 0.174079925 0.350673378 0.299429089
    0.320548028 0.797852755 0.974310994 0.737113416 0.808014095
    0.463898212 0.900189757 0.263609648 0.70823735 0.899448395
    0.517435253 0.627398849 0.424804866 0.895353317 0.791658401
    0.768988013 0.714293003 0.101961493 0.313538969 0.149664223
    0.609287322 0.21081838 0.209938675 0.633152544 0.347162545
    0.252978027 0.302776635 0.947382689 0.331957459 0.384084821
    0.299852282 0.0144288838 0.436857432 0.978332281 0.391874343
    0.612961352 0.451078862 0.476639807 0.361158609 0.64570272
    0.781767368 0.485871255 0.608511627 0.357228458 0.897165537
    0.610702157 0.603971124 0.279759675 0.514067352 0.598398209
    0.613585711 0.648483336 0.109731555 0.364218533 0.553099275
    0.233944803 0.56279999 0.578939557 0.351206869 0.817708969
    0.963271856 0.85728091 0.498282015 0.734177589 0.863948822
    0.990429282 0.317186832 0.897411704 0.665575862 0.279329807
    0.72432375 0.507104695 0.216140717 0.840883076 0.47369498
    0.446401179 0.250626773 0.21408689 0.0159277022 0.932999849
    0.865912259 0.143409073 0.823810518 0.0661250353 0.701795876
    0.556061745 0.600704193 0.391587019 0.182504833 0.888430357
    0.31379813 0.893721461 0.453089535 0.663466632 0.0022714138
    0.175919622 0.983093977 0.834658146 0.732842326 0.94867456
    0.645871043 0.739997983 0.540498078 0.478989124 0.556684613
    0.311450779 0.484092832 0.696172833 0.640326262 0.254477024
    0.938135207 0.392651528 0.488143861 0.974562585 0.789325118
    0.316444039 0.926842451 0.514673591 0.558769882 0.105952501
    0.929985046 0.367903054 0.723064184 0.266752005 0.238673359
    0.768160164 0.284195065 0.400806934 0.464735627 0.563728929
    0.0895325541 0.199232906 0.172206938 0.504701138 0.64575386
    0.700470388 0.637305737 0.83935523 0.0549588799 0.599565566
    0.0883513987 0.783487499 0.846990466 0.504660964 0.384740889
    0.127733588 0.690197945 0.787559867 0.150370479 0.698603153
    0.916666687 0.21433565 0.314337313 0.0752319396 0.249045342
    0.580224395 0.663870037 0.60980022 0.284946054 0.430538416 0.730609
    0.472278148 0.888548493 0.438687593 0.930143476 0.0042553544
    0.815073311 0.175168842 0.999693751 0.685858071 0.0848908722
    0.841332555 0.357111931 0.208644629 0.937421978 0.357103646
    0.489721924 0.798381329 0.0842376947 0.0552835166 0.447095454
    0.310925364 0.467500448 0.424952149 0.632066131 0.490897149
    0.608278215 0.617919981 0.747053027 0.759070337 0.221801788
    0.34594664 0.716781318 0.51615119 0.422283441 0.477057725
    0.990828514 0.309894681 0.16809833 0.167404383 0.289083451
    0.464640439 0.181003928 0.925766706 0.120374024 0.201660305
    0.945312023 0.715934217 0.469365597 0.72221911 0.427587569
    0.763600767 0.628684282 0.962451041 0.880383372 0.0331912041
    0.421496809 0.697759688 0.565972209 0.628912747 0.721514821
    0.309321225 0.063622117 0.229389518 0.910892785 0.842299819
    0.255865693 0.500715494 0.513940394 0.873001575 0.354236662
    0.901592851 0.389170945 0.683843672 0.466370583 0.0953226388
    0.580381036 0.0409602821 0.162265122 0.137448817 0.329776049
    0.542818189 0.494834989 0.27528435 0.510169685 0.150213212
    0.942880929 0.629901707 0.345937014 0.971571207 0.703304589
    0.505492747 0.32977885 0.869593024 0.907930851 0.195910633
    0.594152927 0.378153145 0.892284572 0.929874659 0.836567163
    0.0942220688 0.431813449 0.27747491 0.637416959 0.972840071
    0.761554122 0.118758172 0.658159494 0.145192534 0.243495762
    0.411296219 0.679343939 0.410844415 0.286632717 0.0807321072
    0.740858793 0.4531596 0.574203014 0.346533269 0.47178039 0.464871109
    0.742804766 0.814297855 0.672542155 0.418822557 0.0277359188
    0.416581243 0.5312168 0.755075693 0.984582543 0.785215378
    0.0808678269 0.292728275 0.908930063 0.457220584 0.226296365
    0.652491808 0.719913423 0.41274941 0.691179514 0.559290469
    0.436932147 0.968363881 0.902447999 0.401429564 0.333095312
    0.784882784 0.873295963 0.323251128 0.728088498 0.320994735
    0.648691177 0.678092122 0.56067872 0.60081625 0.801216483
    0.892255068 0.596642733 0.826360226 0.573812783 0.90725708
    0.648771346 0.761140585 0.310249448 0.385293186 0.577265263
    0.805497587 0.336370885 0.278682888 0.780989707 0.170391262
    0.617209852 0.83938086 0.0816478729 0.418334931 0.193519354
    0.911323428 0.723781466 0.77270335 0.580548108 0.310589075
    0.881569982 0.39163205 0.366999745 0.62662065 0.845972061
    0.169104576 0.905032754 0.865653396 0.222830594 0.538316309
    0.884224772 0.725676417 0.485717595 0.469443172 0.544857979
    0.954777241 0.444820553 0.725976527 0.144300669 0.304634213
    0.328967839 0.63717711 0.54059428 0.770099401 0.705371559
    0.212719738 0.233308882 0.385265797 0.00272133946 0.224775672
    0.430983543 0.572165012 0.578083575 0.234159738 0.663183033
    0.230632693 0.332831264 0.759540796 0.983089328 0.116365373
    0.198917478 0.814184189 0.0795789957 0.631181598 0.23936832
    0.525898695 0.431813538 0.702757418 0.453683615 0.145671576
    0.378767967 0.86600399 0.881315589 0.904626846 0.45932892 0.26339215
    0.312624484 0.518529117 0.530647278 0.990488052 0.526151597
    0.385333002 0.854303777 0.381962419 0.209876508 0.366773069
    0.386059403 0.169958144 0.0733180642 0.940205216 0.444601566
    0.829503298 0.893864036 0.162355572 0.85580653 0.0560250878
    0.986468554 0.00603795052 0.172444761 0.686466455 0.554964483
    0.394398391 0.224417239 0.959466696 0.394231021 0.583519518
    0.512729168 0.736174166 0.023976922 0.151734442 0.390448153
    0.212616742 0.00530728698 0.156549573 0.531208217 0.758958459
    0.531184852 0.339204431 0.207991451 0.812912345 0.759518385
    0.350500584 0.14985466 0.5000664 0.173419267 0.655473769 0.911786079
    0.352703393 0.0645285547 0.542284131 0.63722533 0.242232978
    0.826120019 0.470966756 0.483536512 0.617259145 0.338312805
    0.460954398 0.0873586535 0.178031772 0.831791997 0.649371684
    0.653357029 0.303967893 0.573478878 0.954938054 0.692470193
    0.241811961 0.708698153 0.207159489 0.222230285 0.570305824
    0.47388804 0.449716121 0.471235603 0.152042836 0.385163754
    0.0854475796 0.422390461 0.543933153 0.741390705 0.161651194
    0.39400056 0.32346344 0.0484967232 0.208851904 0.621853232
    0.716584265 0.412996203 0.715284586 0.459393173 0.178298324
    0.754514098 0.314683944 0.635913491 0.365365028 0.927235723
    0.685642481 0.576874971 0.903235495 0.319379032 0.746450603
    0.350136101 0.153945714 0.298538625 0.55019325 0.857685685
    0.611317158 0.325448334 0.966861486 0.566036463 0.809354544
    0.686753809 0.334377617 0.882726908 0.209103435 0.537092984
    0.181340903 0.649004638 0.786697149 0.639537871 0.722943187
    0.0414901376 0.747582436 0.790131509 0.0327696204 0.297933161
    0.354292333 0.48384285 0.950046003 0.244250506 0.398812145
    0.0728604496 0.992636621 0.165332377 0.478085965 0.146650642
    0.288392603 0.275659084 0.731191695 0.971475124 0.817223907
    0.0380631685 0.670347333 0.415260255 0.245912075 0.662683904
    0.524161696 0.139053822 0.669095635 0.622531652 0.309763551
    0.713296294 0.751489758 0.84269011 0.20729652 0.232588232
    0.196688086 0.182297111 0.886974812 0.708806753 0.180345088
    0.201147735 0.421064764 0.428475678 0.754611433 0.900201917
    0.548803151 0.373481154 0.645212889 0.949161172 0.189535797
    0.516584098 0.144742459 0.803166091 0.478622794 0.212305188
    0.768805265 0.72110939 0.474252909 0.917412639 0.44048804
    0.0861299634 0.273678541 0.631378174 0.209797323 0.906364918
    0.240836769 0.640620291 0.911778033 0.974198341 0.0282880068
    0.851047516 0.981416285 0.183977127 0.580949903 0.208829373
    0.96946764 0.889914036 0.457075953 0.0316801071 0.699623346
    0.0261614323 0.202361763 0.581685066 0.275822639 0.839309454
    0.117178082 0.0610212982 0.95445168 0.527695656 0.135080785
    0.950500965 0.965605021 0.937361777 0.100973725 0.279583246
    0.387479544 0.159942418 0.194158077 0.0245203078 0.79567498
    0.218479902 0.679771781 0.956941128 0.293897539 0.691983938
    0.335312009 0.375534445 0.150047779 0.249625057 0.494614124
    0.67313236 0.74511987 0.874678314 0.588321507 0.268719196
    0.0333671868 0.0347678065 0.574463725 0.296708614 0.806605458
    0.841570973 0.748712957 0.674726069 0.996863723 0.406643987
    0.0752015412 0.846708715 0.0257553458 0.532154024 0.684286714
    0.356900781 0.460852206 0.830267251 0.790909767 0.363538802
    0.893348098 0.22993508 0.316292763 0.597591162 0.277188897
    0.634793699 0.0550238192 0.591436267 0.20320943 0.958675563
    0.764874697 0.358048707 0.253223658 0.936996698 0.467689633
    0.961845398 0.957609892 0.449548006 0.0536909997 0.0495948493
    0.303666711 0.749925673 0.713776529 0.737190783 0.217824906
    0.904732883 0.120797366 0.918670297 0.623755574 0.691126704
    0.174595088 0.677026451 0.838638783 0.217565477 0.603985846
    0.721172929 0.260650814 0.478008598 0.27112776 0.606116474
    0.692519903 0.0736525059 0.849255919 0.180887699 0.0760424435
    0.111196756 0.0723330975 0.300670207 0.774761796 0.781793773
    0.932621598 0.127777189 0.769146979 0.555427551 0.723880947
    0.957493424 0.765418589 0.932579756 0.199691981 0.467132777
    0.72492671 0.374216795 0.666982651 0.19395715 0.0538480282
    0.753633857 0.475684971 0.663606882 0.335840046 0.730333686
    0.633211017 0.69170475 0.700991869 0.401005387 0.055662483
    0.299858361 0.831195235 0.933627129 0.24318254 0.859675884
    0.176534504 0.623507857 0.683630943 0.172515839 0.944905043
    0.676234186 0.331566513 0.444903612 0.645019054 0.0756089985
    0.82587719 0.657604814 0.987151146 0.220034778 0.558157504
    0.138125509 0.772192717 0.963246942 0.743568897 0.771605313
    0.221049696 0.259667933 0.985802829 0.0933161378 0.684226692
    0.773512363 0.191545069 0.504007936 0.0490326881 0.63714087
    0.695701957 0.0150061548 0.90576762 0.135021418 0.36746335
    0.794965804 0.668949246 0.902528524 0.958502054 0.237661719
    0.358017981 0.708607614 0.38692832 0.452702522 0.987782836
    0.986019254 0.27764082 0.503058672 0.502617121 0.765111685
    0.356853187 0.614016652 0.111630201 0.0555309057 0.85524261
    0.0260684788 0.242270797 0.610698998 0.847180843 0.822637796
    0.176766127 0.32691583 0.430326313 0.365539968 0.873076916
    0.998639345 0.475045919 0.265113831 0.306464791 0.58567965
    0.577707231 0.234237909 0.306550682 0.355162829 0.700828969
    0.158970624 0.698064029 0.523123324 0.649918318 0.655991435
    0.945453346 0.317394435 0.92744863 0.169569463 0.3303895 0.407466888
    0.501014948 0.871898711 0.99585861 0.231294274 0.79734391
    0.721438289 0.0916298926 0.982196033 0.436030865 0.798011243
    0.561421394 0.755186796 0.30793491 0.265681565 0.310507596
    0.554491639 0.929706335 0.763114214 0.702275693 0.510483861
    0.783570409 0.342404634 0.942079663 0.865697384 0.842477918
    0.607446432 0.53936708 0.166682005 0.195065886 0.0270789862
    0.102338284 0.516532302 0.949364185 0.346033335 0.565070033
    0.389659345 0.59733361 0.297196627 0.579635739 0.456769198
    0.976262033 0.440077394 0.904721498 0.983205318 0.371630251
    0.794433892 0.349099845 0.160840899 0.978827477 0.198663771
    0.930633903 0.00659960508 0.846323013 0.613307297 0.262866437
    0.0437194407 0.553489864 0.506773889 0.750066102 0.813123584
    0.343603522 0.599855185 0.81857121 0.660815477 0.617916465
    0.431568682 0.207496375 0.689974785 0.586312413 0.282997549
    0.531857431 0.340626776 0.352377206 0.00662788749 0.318556398
    0.285176963 0.219007105 0.00706082582 0.455917299 0.587612927
    0.852948308 0.825199723 0.469140768 0.22563687 0.129083484
    0.442596167 0.525939822 0.448702246 0.27537632 0.976809978
    0.343881935 0.443180621 0.957840025 0.948696375 0.0352343917
    0.927064538 0.122915119 0.00965932012 0.0370171666 0.0943172872
    0.72088486 0.184466869 0.0147714615 0.55630827 0.266212404
    0.174762189 0.608534813 0.369865507 0.226147056 0.469423652
    0.778562427 0.260117799 0.781159997 0.713862002 0.315521955
    0.736613035 0.676230192 0.176655889 0.118425846 0.506915629
    0.406667382 0.301182777 0.893353343 0.293818593 0.314150512
    0.460504055 0.68028599 0.945232868 0.631880224 0.652295947
    0.393115699 0.859929442 0.876383543 0.0936814249 0.537960052
    0.611456454 0.123788387 0.758312106 0.684558451 0.616559207
    0.935741067 0.0732939243 0.0683404505 0.230605841 0.42261225
    0.386836082 0.82365036 0.378641307 0.755907059 0.0376870632
    0.497431636 0.299453318 0.203793466 0.318655968 0.888488293
    0.0250014663 0.71564579 0.478394568 0.897273719 0.642680943
    0.627430916 0.665545583 0.503407955 0.29745084 0.794944584
    0.726234078 0.0531056821 0.687056065 0.448075831 0.34902066
    0.213549048 0.42463848 0.183641762 0.406498283 0.169683844
    0.343874276 0.0539022982 0.162303805 0.906187534 0.594947338
    0.568533361 0.173172027 0.686082721 0.383381367 0.74055022
    0.346636713 0.561484933 0.900981545 0.0278042257 0.154905617
    0.146469116 0.0461563766 0.891457915 0.818921745 0.322376698
    0.610663891 0.236281991 0.308874786 0.455178171 0.0915107429
    0.033548981 0.420798182 0.00348725915 0.559088111 0.0294060111
    0.624112189 0.975423574 0.0278184414 0.797020912 0.542168736
    0.0751696825 0.268545806 0.223293483 0.799560308 0.509334624
    0.986249685 0.899727404 0.19327563 0.346058279 0.180675507
    0.539698243 0.231376082 0.0999615192 0.617363036 0.693891406
    0.166659385 0.196461469 0.300324321 0.923049212 0.132310599
    0.977249742 0.221628368 0.695960224 0.72465378 0.386344224
    0.547921538 0.729155421 0.303026646 0.13824892 0.251435995
    0.523421645 0.781163335 0.469673365 0.59520793 0.0085965097
    0.905765772 0.751872897 0.241044998 0.226878673 0.691456914
    0.431068689 0.548046887 0.579289019 0.894738793 0.928961873
    0.930321693 0.484085232 0.454124242 0.0195552111 0.583034337
    0.860293746 0.211460173 0.0559601784 0.750777364 0.557491362
    0.48359856 0.246621609 0.826797128 0.513239622 0.76050365
    0.640221834 0.99748373 0.170018733 0.904436469 0.705995023
    0.290934831 0.390533179 0.949094474 0.871275663 0.945783854
    0.313332081 0.714795947 0.162120342 0.237952739 0.69736135
    0.312890232 0.582602441 0.784510016 0.478000373 0.216629267
    0.245531827 0.209300578 0.752156258 0.288007081 0.386193454
    0.502904415 0.379599631 0.68045032 0.695366919 0.480133176
    0.719773173 0.147267997 0.000349491835 0.414963543 0.171431661
    0.663865566 0.706251264 0.0282095969 0.473205358 0.860092759
    0.578694463 0.796046495 0.654334962 0.413684845 0.602494955
    0.874501646 0.367867053 0.720849454 0.312485099 0.180182308
    0.396353453 0.51785773 0.468370676 0.174934953 0.942475319
    0.156321943 0.107839912 0.136681646 0.989418149 0.121501833
    0.322754979 0.845809698 0.490029216 0.73979336 0.21011281
    0.0414961278 0.19648239 0.027061075 0.121710837 0.374092281
    0.834591627 0.152926177 0.395864546 0.299712479 0.843776822
    0.133226246 0.576917529 0.731531262 0.986894846 0.255921602
    0.894390106 0.27240628 0.135077327 0.158822 0.413351059 0.503226399
    0.665134132 0.560227394 0.0552219152 0.193306386 0.289953679
    0.522264004 0.050180465 0.476842642 0.510867 0.469843239 0.946684897
    0.391620904 0.188579679 0.87212038 0.623930991 0.586325049
    0.707199574 0.650856733 0.766358435 0.505606174 0.882662654
    0.916577697 0.0207670033 0.477052003 0.408103079 0.334379137
    0.865207672 0.0189554095 0.361173809 0.402378023 0.611592591
    0.491772115 0.304189801 0.0374287963 0.339824915 0.872258544
    0.329906106 0.770338655 0.241326451 0.736927748 0.0809697211
    0.557543218 0.552555263 0.349859983 0.754219532 0.608667076
    0.70164156 0.880167127 0.408229083 0.736890495 0.759588063
    0.636137962 0.544301271 0.640125334 0.429527998 0.31024906
    0.0303313434 0.387339294 0.847507834 0.267710805 0.97077632
    0.0265352428 0.136816323 0.738057971 0.671984375 0.593400121
    0.0729442835 0.952524304 0.922502637 0.682130158 0.50220567
    0.572936237 0.923281431 0.850964367 0.832051814 0.312484711
    0.76943326 0.648751199 0.78626579 0.662254274 0.551814735 0.29681319
    0.963289618 0.991032183 0.151067287 0.612619042 0.192628473
    0.938318729 0.925021052 0.321971178 0.76843375 0.236494243
    0.517597854 0.695134401 0.990612388 0.917071819 0.318378747
    0.303915322 0.556900918 0.8784585 0.0645249784 0.409135163
    0.760091782 0.315740824 0.74461627 0.305110037 0.995123148
    0.791494787 0.432366818 0.0821994543 0.360671133 0.618332028
    0.681260824 0.95138371 0.405666411 0.852740526 0.64659363
    0.0315344334 0.222057164 0.0786253214 0.89300251 0.496812344
    0.633732319 0.714793384 0.886370003 0.931003332 0.150035024
    0.135256439 0.486088306 0.604780316 0.734788537 0.221621007
    0.154841036 0.417829275 0.524733126 0.148673534 0.433844626
    0.148409635 0.286032468 0.988657773 0.0233506262 0.202865481
    0.0286306739 0.554408312 0.473004341 0.988829792 0.853158355
    0.0197688341 0.445413291 0.793758035 0.920121253 0.540996015
    0.266676307 0.996820211 0.649662971 0.67716068 0.238814831
    0.946708202 0.439379305 0.168961316 0.211855471 0.682727814
    0.212292582 0.0821358562 0.497852713 0.639355719 0.430961907
    0.913894415 0.39090991 0.146033615 0.119713545 0.797478795
    0.820140302 0.297454506 0.785368323 0.803848684 0.247962177
    0.624963343 0.684785783 0.0652369261 0.405067146 0.298550248
    0.0470634699 0.913618922 0.556197107 0.780540943 0.706236005
    0.782759666 0.275032699 0.76727283 0.591722548 0.445373476
    0.585548341 0.723193645 0.122375429 0.722717702 0.702327013
    0.143043429 0.399403423 0.822306275 0.04958722 0.65906626
    0.318429112 0.550460935 0.959721744 0.456985056 0.137739122
    0.635456502 0.441105992 0.00861293077 0.850367427 0.847567379
    0.469758183 0.243730277 0.956719637 0.491782874 0.908270478
    0.233739555 0.554063261 0.411890984 0.493346274 0.206278116
    0.314036012 0.300511956 0.558062315 0.883886516 0.129728317
    0.855136395 0.020054549 0.583999038 0.983093977 0.685289502
    0.680496871 0.279094189 0.654201508 0.553815186 0.6814273
    0.0827585459 0.771374941 0.496875763 0.694259048 0.428666055
    0.505065382 0.0669569969 0.493103713 0.396129519 0.113867581
    0.766562104 0.505289733 0.231638432 0.627308488 0.956891716
    0.580822706 0.266512215 0.0774767101 0.979418397 0.63119626
    0.632442594 0.59013778 0.293942511 0.214133084 0.770751595
    0.379508376 0.0380120575 0.866066456 0.530082703 0.830229104
    0.0893731713 0.997921824 0.380270779 0.193731904 0.136549264
    0.292157561 0.631234586 0.721077442 0.323094189 0.271206677
    0.798340321 0.125110984 0.776256979 0.844028413 0.677339733
    0.353743881 0.940626383 0.0449534059 0.678499877 0.53796941
    0.266527712 0.261130512 0.45973891 0.245052129 0.0217728019
    0.399924994 0.946001828 0.681394994 0.203282714 0.962076366
    0.142842382 0.356601357 0.484597445 0.629153252 0.759593427
    0.694979072 0.48221314 0.961935222 0.994585574 0.517495036
    0.553964317 0.508724451 0.832352161 0.508615792 0.387349069
    0.9494735 0.088011235 0.615962625 0.263520718 0.276549578
    0.925935328 0.297138393 0.411525816 0.0810648501 0.994894385
    0.811464429 0.976634502 0.0358466208 0.924402952 0.902456939
    0.410699874 0.30387646 0.783361435 0.24835071 0.377141774
    0.224167675 0.127887428 0.814884543 0.25059247 0.589560986
    0.155897558 0.242880672 0.140429735 0.836158514 0.843891084
    0.0725563169 0.867815673 0.600560308 0.00379115343 0.845166445
    0.0542054772 0.576936185 0.943278313 0.978761315 0.175792128
    0.788182914 0.987384796 0.0153523982 0.494915277 0.408812284
    0.539289117 0.711087525 0.840227008 0.992421269 0.614878297
    0.831461549 0.385346591 0.454889923 0.141058862 0.362087071
    0.505772173 0.196270525 0.364757508 0.425230891 0.759218931
    0.524020135 0.324956149 0.889187932 0.908071041 0.73320657
    0.681574106 0.928055823 0.0891619027 0.761814952 0.865342259
    0.832295716 0.980858505 0.805974722 0.407813072 0.384284496
    0.393134236 0.0271341503 0.331673563 0.121638715 0.30973357
    0.742839456 0.582909226 0.624200046 0.268570065 0.709944367
    0.00298672915 0.304897487 0.378544152 0.231473863 0.414183259
    0.632880092 0.224775046 0.685137331 0.810331225 0.96236819
    0.218737245 0.149071455 0.330233812 0.0390978158 0.583356261
    0.341741621 0.937378645 0.62810576 0.093819201 0.850063205
    0.546118915 0.134385079 0.195746362 0.840425372 0.855792046
    0.814760327 0.340045244 0.171688497 0.884408712 0.992548585
    0.14691779 0.766717196 0.0483912826 0.322001815 0.823242009
    0.279646456 0.641323686 0.665744305 0.185254663 0.404724568
    0.668784022 0.249980062 0.128499836 0.767627358 0.810289562
    0.210754722 0.81066829 0.288482726 0.874986053 0.707642674
    0.0803366601 0.715463758 0.461608112 0.182353765 0.340310842
    0.280506372 0.0690394342 0.278013945 0.955382109 0.729839981
    0.412905306 0.888303161 0.603133321 0.943008125 0.609517872
    0.56406492 0.162157089 0.586830437 0.100268722 0.692754149
    0.151158005 0.934534192 0.844754219 0.913825512 0.346179634
    0.972833455 0.964034438 0.266667277 0.59340322 0.675155044
    0.0132839978 0.0475351214 0.540076613 0.17314136 0.176219851
    0.670118272 0.454918802 0.716927171 0.327475369 0.890172064
    0.0522055328 0.0912036002 0.524412751 0.954578042 0.413054436
    0.705377102 0.225524068 0.0389804244 0.337976158 0.276592523
    0.365895748 0.678709447 0.399974436 0.275527656 0.415534437
    0.633245587 0.47917226 0.896738887 0.30669713 0.272822708
    0.852957249 0.934567928 0.669044018 0.941778839 0.159458816
    0.366155207 0.479721189 0.621226251 0.146059692 0.275883824
    0.6123209 0.610592067 0.395723999 0.91995585 0.173701286
    0.0301721394 0.0218574703 0.489779651 0.0976681411 0.258186549
    0.44209367 0.821786284 0.561300755 0.110314965 0.141916275
    0.491606563 0.610467792 0.444934189 0.45229733 0.673390388
    0.793955624 0.496747643 0.55118233 0.928499877 0.499921173
    0.822685122 0.685302734 0.828362346 0.31892848 0.665847778
    0.924151957 0.546707273 0.409038782 0.0334744155 0.126979709
    0.00601810217 0.280874014 0.424539715 0.604105473 0.866382122
    0.121053219 0.847597182 0.324753881 0.954177856 0.556768775
    0.93354851 0.836351037 0.0096322298 0.132493377 0.584769726
    0.0166809857 0.431167871 0.847135365 0.906983078 0.495429903
    0.518678844 0.511898577 0.448171914 0.529016733 0.501372695
    0.413595587 0.755908489 0.655383289 0.312140673 0.876491964
    0.867737651 0.654919147 0.622871876 0.380229592 0.00554952025
    0.101812273 0.624090731 0.969750583 0.21512562 0.148311049
    0.777585208 0.404075712 0.876081049 0.514009953 0.524438441
    0.445046782 0.546892703 0.242156297 0.922856569 0.0602514148
    0.759501815 0.482288152 0.755149484 0.775579453 0.598897755
    0.623780012 0.111721247 0.130838275 0.674259305 0.825833499
    0.291447729 0.934828997 0.0932070613 0.364958823 0.15615195
    0.319218814 0.97464931 0.313364804 0.769429922 0.0536004007
    0.729031801 0.0184299946 0.865225792 0.226746142 0.536449552
    0.00067949295 0.322808444 0.191023082 0.118699849 0.00380736589
    0.968043387 0.621336877 0.117184877 0.562476099 0.79529345
    0.0906302929 0.594061732 0.803856254 0.208122939 0.0554216802
    0.214716226 0.255185425 0.613264561 0.280671954 0.208602697
    0.217625558 0.973178983 0.207365692 0.49337709 0.655652583
    0.403685808 0.20337218 0.468962371 0.267763317 0.621202648
    0.619747937 0.153935313 0.112660378 0.846884608 0.411224246
    0.582956135 0.108505517 0.64590168 0.622190237 0.582734525
    0.90085113 0.594243586 0.334453225 0.75945437 0.501215816
    0.551782429 0.42194885 0.974140823 0.671726286 0.752060175
    0.957278132 0.442938805 0.959415436 0.272855759 0.995510519
    0.941553235 0.927180767 0.40150255 0.336712718 0.358316064
    0.743984163 0.582571268 0.734766901 0.564415455 0.655723989
    0.859056592 0.232861906 0.161822885 0.308673233 0.439891517
    0.435708582 0.0178352892 0.61704278 0.597498119 0.0574792027
    0.518716574 0.0311299264 0.574867904 0.633563697 0.890741169
    0.0572824776 0.128646672 0.798529506 0.403845161 0.5863446
    0.10589081 0.0193633139 0.170670539 0.458346993 0.355367661
    0.259973496 0.615661979 0.508154809 0.384112775 0.112250537
    0.780606627 0.534757197 0.136545837 0.932663858 0.6905967
    0.405392647 0.0447419584 0.445742846 0.977914631 0.0394842923
    0.5009951 0.304868281 0.109075427 0.941967487 0.0122847557
    0.12016508 0.245783895 0.388573468 0.662037313 0.309383571
    0.664958298 0.361563563 0.510700405 0.756416619 0.791192293
    0.0283091068 0.175663084 0.167158306 0.150832534 0.136342615
    0.261052817 0.64098841 0.745308757 0.324620068 0.831759691
    0.350038171 0.0576506257 0.723075986 0.416305125 0.99246186
    0.824779391 0.461921811 0.372730374 0.940120459 0.155492395
    0.519685209 0.286923021 0.420145392 0.692246377 0.450423181
    0.592728972 0.735325217 0.643714309 0.0442675948 0.41688785
    0.408890575 0.51038307 0.704216719 0.975371122 0.791839123
    0.798823118 0.140690476 0.128845841 0.766881466 0.216838121
    0.285548002 0.521849096 0.919309318 0.646070182 0.414623678
    0.739430189 0.329853594 0.806388974 0.479623288 0.752651334
    0.944345236 0.520312011 0.744580209 0.819605947 0.948821783
    0.493299067 0.411168545 0.642593384 0.148466825 0.73164618
    0.351476878 0.00996431708 0.768744588 0.409153074 0.0313104689
    0.555580974 0.101976603 0.682558417 0.629749477 0.165991783
    0.50105989 0.422061175 0.41738537 0.26201877 0.871479332
    0.0408526957 0.21542412 0.102467209 0.875039339 0.705071092
    0.983094275 0.22442019 0.241022915 0.551796198 0.00165328383
    0.583157182 0.243610591 0.513186812 0.453584135 0.799333692
    0.161548078 0.0646502972 0.697720289 0.824258864 0.904505372
    0.448629171 0.653494596 0.698022723 0.169499993 0.919335186
    0.187569946 0.74040848 0.261964917 0.59476465 0.943082094
    0.517107725 0.963965833 0.222431183 0.795498967 0.478533894
    0.204223365 0.431976855 0.435422122 0.628352225 0.391697168
    0.722727537 0.0895218253 0.784522653 0.579613686 0.376733541
    0.853071094 0.505239844 0.282150567 0.956387997 0.527239859
    0.792630553 0.185470074 0.00939038396 0.996254504 0.382770181
    0.918977141 0.732529044 0.527221859 0.736949623 0.470156699
    0.805630684 0.923083603 0.215163887 0.0977318287 0.678256631
    0.38515994 0.172299594 0.496069312 0.0201365948 0.156225502
    0.436515152 0.788739085 0.767289758 0.0765721798 0.0872809887
    0.449231774 0.66336906 0.396655738 0.531965733 0.346395284 0.9218297
    0.421641022 0.518572211 0.71531862 0.609761357 0.139328897
    0.691284239 0.764041543 0.771706283 0.65343225 0.171942502
    0.780160069 0.989141285 0.619090497 0.0342786312 0.110393614
    0.799848616 0.793865502 0.544163287 0.134005755 0.0717839897
    0.899312019 0.867956698 0.265912235 0.631215334 0.385444283
    0.840313554 0.170770943 0.403564215 0.981768847 0.756043196
    0.33332184 0.123152256 0.774520516 0.242847294 0.95973897
    0.111533999 0.029581368 0.339758128 0.242255241 0.0483985543
    0.932383001 0.494838387 0.796150088 0.909781635 0.599347949
    0.338186681 0.72345674 0.116992295 0.0435340703 0.695702612
    0.403288931 0.805468917 0.247364104 0.0082257092 0.156727672
    0.346058726 0.790292025 0.502808988 0.538274705 0.815989912
    0.241722941 0.242439955 0.645183623 0.88465637 0.735531867
    0.799181581 0.69716233 0.525429308 0.472496033 0.0235190392
    0.735461235 0.0380973518 0.896672368 0.373479366 0.645247042
    0.645776153 0.28826791 0.347456992 0.0890737772 0.205704153
    0.854250193 0.18561393 0.148254484 0.438075781 0.0641008914
    0.000209033489 0.791311026 0.250213414 0.104615778 0.53696996
    0.413036585 0.0821623504 0.964904666 0.158922076 0.584061384
    0.235017627 0.600007474 0.766585588 0.382318527 0.228037655
    0.44511807 0.942768872 0.358641863 0.678531051 0.853695452
    0.126140088 0.217540443 0.495686501 0.546563625 0.538125098
    0.915044785 0.206770122 0.640726566 0.661225677 0.369314909
    0.936854601 0.471722752 0.784342527 0.356257707 0.692320585
    0.200407684 0.0190054774 0.0391238034 0.661944926 0.123588741
    0.939630032 0.978952646 0.073040545 0.603433549 0.606518865
    0.0797459781 0.0655027032 0.131823957 0.271430165 0.433645517
    0.840231419 0.531340957 0.0784550309 0.905995369 0.658518076
    0.201245457 0.168213576 0.413238943 0.737777233 0.0827033818
    0.72952354 0.881142199 0.704751611 0.340533376 0.825881541
    0.145757854 0.209784478 0.471592367 0.0187996924 0.56774956
    0.516314805 0.801315069 0.651086807 0.577167809 0.867064714
    0.481300116 0.61743021 0.171705276 0.882470965 0.656607091
    0.320601285 0.896062613 0.31551373 0.89522481 0.758521438
    0.901479244 0.328668565 0.567453742 0.500446677 0.965613544
    0.390967757 0.46785903 0.36859569 0.840987086 0.268240035
    0.991366625 0.906990767 0.0581874549 0.346905172 0.418052882
    0.0552535355 0.831827521 0.254953116 0.95868504 0.573242605
    0.14497605 0.223974645 0.400134265 0.573965073 0.276040912
    0.22542724 0.237632036 0.673648119 0.325855732 0.374294519
    0.761192679 0.3606444 0.0442393124 0.714399219 0.388279766
    0.892244756 0.295311362 0.213388234 0.485770941 0.124871343
    0.583710313 0.350498497 0.886566281 0.546549737 0.558321595
    0.59708488 0.537670434 0.835670948 0.846754789 0.800444365
    0.413084149 0.925085425 0.70785892 0.348219931 0.203586668
    0.0562498868 0.074998498 0.797010303 0.0613298118 0.186718822
    0.535431683 0.122657657 0.251648784 0.942556381 0.0057528913
    0.475254804 0.0937964022 0.508416712 0.00301477313 0.122416705
    0.218909651 0.258707732 0.495688766 0.481333315 0.114036798
    0.678553462 0.47570613 0.367428482 0.48907581 0.345265567
    0.0805413723 0.580952048 0.901173532 0.82854712 0.953578949
    0.52989006 0.930389404 0.074847728 0.601129472 0.436300755
    0.31256175 0.355187654 0.0164910257 0.303490579 0.255793214
    0.889916241 0.930404305 0.323877156 0.955135703 0.660576761
    0.394616097 0.217442006 0.139258593 0.261455715 0.751540482
    0.421190083 0.552310169 0.913933337 0.252520561 0.151825845
    0.132589728 0.430327028 0.0568419695 0.454176962 0.915338397
    0.192824483 0.663166761 0.0769146383 0.448562384 0.773662329
    0.455926657 0.902819276 0.748648584 0.320756078 0.924565554
    0.980200469 0.580889702 0.566146493 0.785048127 0.98908782
    0.851947427 0.736088514 0.969881058 0.151309431 0.578799725
    0.162442982 0.14815864 0.38995558 0.36443454 0.1169554 0.943385363
    0.227222323 0.0903747678 0.350727439 0.458845377 0.425322413
    0.474513531 0.979801774 0.5790658 0.641147852 0.912451267
    0.791262627 0.537846744 0.0154992342 0.914029121 0.60286361
    0.0979020894 0.429985583 0.31466037 0.422395676 0.098528564
    0.85839355 0.579829991 0.0956345201 0.708684802 0.235831499
    0.307753205 0.908699512 0.523801863 0.891270041 0.344721258
    0.465807527 0.676644206 0.323904216 0.301408172 0.434103936
    0.684956729 0.6195274 0.109002382 0.171273142 0.739295423
    0.866035461 0.269175291 0.0660528243 0.796195924 0.659269691
    0.845632792 0.103171349 0.4469679 0.423505515 0.753098488
    0.964802027 0.704998136 0.546750426 0.701440215 0.775278926
    0.148851424 0.562976301 0.183122426 0.33960557 0.163046718
    0.605418026 0.726087987 0.623481631 0.569178224 0.160102278
    0.205279142 0.769592762 0.41089803 0.217282474 0.136191964
    0.0793115497 0.727975368 0.344199598 0.751983047 0.544342935
    0.857948661 0.373868912 0.770054579 0.925476253 0.387802929
    0.0445530713 0.284023345 0.834397674 0.90344733 0.13319388
    0.0338704884 0.43608284 0.699085712 0.475764811 0.246612221
    0.547537625 0.379062802 0.669604182 0.0305066407 0.425206661
    0.694158673 0.392404258 0.458033264 0.484011889 0.861981809
    0.203908026 0.820792317 0.48189187 0.0678760707 0.840702534
    0.605019331 0.24645564 0.395660788 0.800750971 0.41066277
    0.131724536 0.300229788 0.705222309 0.934605002 0.898797512
    0.231174141 0.411814809 0.986021996 0.868016481 0.603589952
    0.187039405 0.470802635 0.93145293 0.0659149587 0.910495758
    0.450332969 0.690191567 0.422958434 0.829295874 0.749345183
    0.643301785 0.474740565 0.619988441 0.314601302 0.837114811
    0.433447957 0.398629487 0.317492187 0.0150866508 0.142833114
    0.420909405 0.415545255 0.836992979 0.6677109 0.548420668
    0.388093859 0.99716115 0.793261528 0.477826416 0.376038909
    0.225320458 0.659456551 0.110990494 0.195438534 0.121789277
    0.505301774 0.712774873 0.918470502 0.592024565 0.569081724
    0.800244451 0.763604641 0.994198263 0.814062953 0.0708613098
    0.664181709 0.328758299 0.894639254 0.578732967 0.567036271
    0.212924004 0.155521452 0.339566648 0.965713978 0.724544048
    0.537312567 0.0994624197 0.0164742172 0.595638156 0.474932373
    0.641097963 0.565446734 0.449662 0.915073514 0.587710798 0.134760439
    0.526349664 0.107230723 0.848947227 0.775813103 0.540245652
    0.572241604 0.431791514 0.017403096 0.381048679 0.795884967
    0.97136277 0.964235783 0.942687154 0.0631876886 0.81272161
    0.645933628 0.385403931 0.348490924 0.626207352 0.480946481
    0.647765994 0.630046427 0.156439751 0.165805072 0.0877517462
    0.695826113 0.544223011 0.442607135 0.00129339099 0.894066513
    0.506918132 0.525273979 0.635794878 0.405725569 0.141219974
    0.741381288 0.163020432 0.316044182 0.0489411056 0.978888035
    0.172273546 0.839500308 0.610278845 0.209664255 0.623960733
    0.138753682 0.829266369 0.60646075 0.823332429 0.622459769
    0.544244647 0.643070221 0.938884676 0.216222823 0.940416455
    0.637597799 0.700430572 0.592005014 0.655351877 0.0893425345
    0.680518925 0.257137358 0.0563525259 0.0471017063 0.788550913
    0.514419138 0.761791348 0.923327029 0.815960884 0.421165586
    0.69705683 0.990922451 0.805216908 0.16072765 0.123110324
    0.324875206 0.858530641 0.683752894 0.665067971 0.956343651
    0.221549958 0.437214524 0.307988286 0.141827524 0.724950552
    0.884762645 0.411665559 0.0692211688 0.108477235 0.387290299
    0.453238457 0.267621517 0.523457646 0.651750565 0.66958195
    0.330624938 0.961568952 0.553994 0.943127871 0.488107443 0.736542165
    0.0159898102 0.473623395 0.608705699 0.331134796 0.00826856494
    0.41934967 0.259793431 0.754619837 0.494175017 0.782500148
    0.936805248 0.912710071 0.540119827 0.0391886532 0.92487514
    0.738406777 0.541571736 0.798349023 0.843112946 0.161385715
    0.66079092 0.788360894 0.383502007 0.568223536 0.947798491
    0.825718999 0.215066135 0.505876482 0.662549198 0.611653566
    0.556748927 0.785549521 0.892180085 0.1536327 0.618872225
    0.0437827408 0.188967407 0.0833216012 0.9913131 0.984736204
    0.97517246 0.370548964 0.834206998 0.714697897 0.626926184
    0.741979539 0.483673453 0.116535991 0.877517343 0.16372025
    0.00125667453 0.58349061 0.957073033 0.904052854 0.00344839692
    0.106081545 0.638596594 0.219091386 0.61594969 0.720251501
    0.639932275 0.730799198 0.782110214 0.0606943369 0.635418892
    0.188894093 0.891621232 0.607591629 0.513796568 0.807350159
    0.630535662 0.711983442 0.558493435 0.480827242 0.946207762
    0.778092265 0.640766263 0.635629296 0.854156852 0.278437436
    0.558335781 0.779877722 0.638802052 0.697908759 0.915585995
    0.0407704115 0.833883464 0.486665845 0.842911243 0.599874258
    0.475782096 0.562169075 0.365789235 0.365100056 0.514123201
    0.357903749 0.895353556 0.777100861 0.605348051 0.395061165
    0.637827516 0.651105881 0.924765408 0.668740511 0.188351035
    0.661308527 0.71254003 0.662942886 0.940700173 0.399887204
    0.949072719 0.230653048 0.985462546 0.215215147 0.429599911
    0.815962553 0.335581303 0.447540939 0.787907958 0.441536009
    0.987668633 0.0452612936 0.999447584 0.922427058 0.765870988
    0.67517817 0.97670722 0.136499286 0.556457102 0.260845959
    0.281771481 0.163789809 0.409497797 0.196787685 0.162313432
    0.699837327 0.502898812 0.925021768 0.416086793 0.2738702
    0.338426858 0.465157241 0.391875774 0.906431913 0.696436226
    0.126040727 0.852655172 0.715611517 0.450548023 0.344451547
    0.713469148 0.321382523 0.248260826 0.962819517 0.205381006
    0.370442331 0.122442484 0.936903477 0.174878865 0.944968939
    0.561284363 0.0751647055 0.190112263 0.774161279 0.298147738
    0.963914752 0.175371557 0.977308273 0.741901517 0.73949492
    0.939890146 0.368545592 0.0057207644 0.368033707 0.24176082
    0.434885889 0.47147426 0.0634215176 0.162966847 0.758254647
    0.451983064 0.874382615 0.994386673 0.0523548126 0.501264632
    0.864539206 0.139677644 0.463692039 0.816129327 0.714430094
    0.608814716 0.797525883 0.689705968 0.524649322 0.821485758
    0.615468085 0.444965363 0.923592925 0.528057396 0.758462667
    0.771663249 0.178729087 0.165307462 0.645527542 0.185015202
    0.814532995 0.146550685 0.261327296 0.659776986 0.903472424
    0.263446182 0.92601037 0.748542547 0.430051059 0.60654217
    0.697544336 0.419212788 0.0920794308 0.854568124 0.831270218
    0.501672983 0.3235479 0.315312624 0.832046688 0.133629918 0.68282336
    0.715421557 0.384150714 0.215293914 0.057795912 0.766791463
    0.0867510736 0.515388131 0.306333989 0.368428349 0.534746587
    0.421570957 0.325167835 0.12926358 0.890833557 0.507365525
    0.317560077 0.262381852 0.454672545 0.220489264 0.545146108
    0.0940176845 0.747727156 0.964025021 0.679188251 0.380353212
    0.835122645 0.341514885 0.171766222 0.428931177 0.831144929
    0.292847216 0.612401128 0.177874833 0.942816913 0.486729622
    0.0682243109 0.65776968 0.0329232216 0.156729043 0.00368916988
    0.336715937 0.583476603 0.0635881424 0.5131616 0.393369913
    0.0334020853 0.7952407 0.48147285 0.622448504 0.231698722
    0.950412393 0.755591691 0.395139694 0.395404875 0.0972760618
    0.0261903107 0.220135629 0.875392258 0.405659616 0.337433219
    0.380227625 0.375426322 0.188272893 0.644967079 0.826374352
    0.790246665 0.662331223 0.458620012 0.351416171 0.955227852
    0.0902153552 0.866152048 0.65691185 0.793493271 0.749815702
    0.477402747 0.115546942 0.721619487 0.271375775 0.430110127
    0.884408176 0.106215954 0.630765438 0.336578727 0.964004457
    0.556620598 0.546542108 0.817476988 0.536732554 0.590902269
    0.497902155 0.185920477 0.327222675 0.139852047 0.918634832
    0.254709303 0.304930031 0.872849643 0.276370764 0.215385407
    0.72407496 0.732659757 0.852723598 0.0994518399 0.737181365
    0.501186848 0.162551939 0.513077557 0.272147 0.382884741
    0.0516414046 0.444904029 0.742076397 0.425642431 0.471338123
    0.948006511 0.932997227 0.0272283852 0.802496374 0.00405809283
    0.969443262 0.266827315 0.357416749 0.722305059 0.182357669
    0.415558636 0.585320771 0.218057483 0.243814945 0.558630228
    0.126816094 0.143134326 0.86352098 0.347760558 0.27504009 0.71601963
    0.487229586 0.848931849 0.987674594 0.176544309 0.175151676
    0.767442942 0.735480547 0.556871831 0.343264401 0.331698954
    0.543849885 0.35496372 0.412208498 0.506581604 0.172553062
    0.887043357 0.928925753 0.56674695 0.1652022 0.447929144 0.760361195
    0.0399432778 0.273564041 0.847269535 0.781823516 0.771794796
    0.968370736 0.757631958 0.386123508 0.909355223 0.0195104182
    0.646519661 0.278884619 0.011241585 0.806867361 0.540970027
    0.561809003 0.436758578 0.614705265 0.43551138 0.836914182
    0.169606864 0.919544339 0.672109842 0.0969720483 0.960759044
    0.719722569 0.425669998 0.907728076 0.177751899 0.694703996
    0.400765836 0.349832892 0.37473315 0.789594293 0.215623796
    0.699515581 0.893474698 0.290995836 0.967071176 0.760315716
    0.922935128 0.539332271 0.504583955 0.329525799 0.268151581
    0.291886359 0.489366293 0.734554768 0.975413263 0.877301753
    0.92757237 0.34608683 0.374383271 0.768769383 0.60744226 0.955181837
    0.185450882 0.771330714 0.421334982 0.437940478 0.145843059
    0.0258171856 0.712382078 0.135797977 0.0406701565 0.332943529
    0.153267652 0.407976091 0.0121591091 0.137603939 0.393107712
    0.999393642 0.358942151 0.257441103 0.752068877 0.0752677321
    0.23850435 0.348514706 0.216904372 0.576627314 0.740906119
    0.679120004 0.326533109 0.89389801 0.294639915 0.00494533777
    0.0189931691 0.264913201 0.154029161 0.258528918 0.10306707
    0.116714001 0.88848418 0.382374346 0.832615852 0.00177395344
    0.103447497 0.35784483 0.647421122 0.988133907 0.780739307
    0.760743678 0.0613782704 0.334592402 0.549732149 0.600322664
    0.525958419 0.00648355484 0.0339223742 0.30824244 0.446139842
    0.0119685531 0.217473805 0.260460138 0.17315349 0.382862091
    0.0494587719 0.978006184 0.279924601 0.968766332 0.784895718
    0.798039079 0.0790024698 0.746670783 0.344489068 0.99041748
    0.184689939 0.422920316 0.723849058 0.542706609 0.814719617
    0.985485911 0.239756733 0.721014261 0.967399716 0.00883954763
    0.603390932 0.627842426 0.542366683 0.479084283 0.61689496
    0.615727007 0.900437355 0.544589221 0.773852527 0.804567456
    0.132693499 0.0533672869 0.515907526 0.807445288 0.385481715
    0.0232686996 0.163130313 0.986581326 0.484975994 0.113642186
    0.839369893 0.128203422 0.786356926 0.0805775523 0.973125339
    0.0193544626 0.666932285 0.869246125 0.295102417 0.45347172
    0.483088344 0.586676002 0.774829984 0.619376421 0.497967184
    0.261705577 0.393183082 0.215549022 0.208150595 0.979957998
    0.47641781 0.0643373132 0.797091246 0.357765436 0.483300805
    0.0205364823 0.86998409 0.931588769 0.169352889 0.571579218
    0.981896043 0.190843761 0.0825535655 0.14756605 0.683141768
    0.103557706 0.385919452 0.144576788 0.459122658 0.961918235
    0.735218406 0.536554217 0.288074374 0.993001103 0.355930269
    0.0401722491 0.450202048 0.831837356 0.706076145 0.996242285
    0.75291431 0.305060685 0.957310796 0.149903476 0.0896153748
    0.875322461 0.640511394 0.54712075 0.857147157 0.105127722
    0.0172257721 0.834514856 0.825094104 0.79012084 0.327728391
    0.0765168369 0.304909945 0.0761508048 0.711070299 0.165053695
    0.830854893 0.431454182 0.251374602 0.169644654 0.696010828
    0.649266005 0.946716666 0.689803362 0.862160563 0.215026945
    0.256424546 0.738761067 0.59604913 0.11276713 0.12978071 0.6626212
    0.505160093 0.559093118 0.97892195 0.0979570746 0.1193887
    0.758702278 0.559626937 0.0803623199 0.135585457 0.440201044
    0.26148057 0.538906276 0.836790562 0.592435122 0.0857340693
    0.191564679 0.146341771 0.770199299 0.921315551 0.929603934
    0.637306809 0.45520243 0.578894436 0.932375073 0.170660704
    0.305190563 0.286636412 0.844593167 0.682224035 0.134603381
    0.695058107 0.716477811 0.170666277 0.0954816341 0.931960583
    0.609347343 0.790146708 0.371097744 0.779670358 0.52742064
    0.790159225 0.0477682352 0.0411777496 0.0338360369 0.0797688067
    0.918237448 0.716296256 0.0289427042 0.991075814 0.248920053
    0.882231712 0.664788365 0.174999028 0.00411993265 0.765908122
    0.590335429 0.846163332 0.637021184 0.339154661 0.832353354
    0.782140732 0.903300881 0.927761436 0.86777097 0.422646999
    0.964725018 0.301247597 0.188101202 0.466725171 0.434839576
    0.0879199505 0.486616284 0.81204915 0.789958715 0.199642301
    0.0119926929 0.985907078 0.0649732053 0.683036506 0.38836658
    0.316768229 0.896707833 0.390621781 0.572358012 0.132410556
    0.780526161 0.0433366001 0.14301762 0.910812259 0.366033196
    0.511701941 0.207099557 0.912992179 0.690257907 0.396036595
    0.957134008 0.904363751 0.515018046 0.657383084 0.262788713
    0.330715805 0.406262457 0.177395105 0.742936552 0.501575947
    0.350319505 0.767352462 0.823015153 0.388242811 0.512107432
    0.685889244 0.747409463 0.866072476 0.616436362 0.344348997
    0.478316784 0.382457167 0.906596899 0.204588354 0.96523881
    0.0798715055 0.322992444 0.68624872 0.110499054 0.869219422
    0.559956491 0.862279952 0.826540709 0.340987891 0.721873522
    0.540093184 0.267563224 0.78180033 0.31393519 0.641797006
    0.594916821 0.142726868 0.112521023 0.0257852376 0.359487057
    0.344547391 0.956983805 0.974757016 0.809567928 0.111192763
    0.890616894 0.230471224 0.337950289 0.244659305 0.306740761
    0.523931682 0.165194035 0.818976402 0.521781743 0.0696026981
    0.286729038 0.213895857 0.0517253876 0.459925681 0.548088491
    0.586284637 0.610079765 0.179516196 0.603916109 0.775821567
    0.339405298 0.995754838 0.302905083 0.195802599 0.224783599
    0.305412412 0.744443238 0.344460189 0.0862203836 0.160685867
    0.6428262 0.626608193 0.184314519 0.80279386 0.289223194 0.469500571
    0.858461976 0.462614208 0.618301868 0.0384298563 0.260012031
    0.537014306 0.209120095 0.224405229 0.522669256 0.782553554
    0.938281775 0.039896816 0.590107381 0.592889726 0.842402041
    0.227951765 0.880533159 0.0400784016 0.256313264 0.0490441322
    0.72311753 0.142038107 0.553128302 0.812087178 0.222104788
    0.916174591 0.0404738784 0.482936591 0.691757023 0.914799571
    0.10125947 0.549125016 0.87552619 0.794224262 0.588447034
    0.585526884 0.693196058 0.0318295658 0.921180367 0.0425462425
    0.0691795647 0.891986728 0.771533012 0.137273282 0.510653019
    0.785822213 0.246524006 0.0893599689 0.981069207 0.525181234
    0.671513855 0.308842272 0.232012242 0.686367214 0.172101825
    0.145364761 0.862645686 0.184153914 0.528327167 0.244579643
    0.113073289 0.218854904 0.309678346 0.583860099 0.338365525
    0.343643129 0.00608485937 0.566943824 0.804011524 0.221710205
    0.975446999 0.948357522 0.686613739 0.836423874 0.589713275
    0.688455462 0.449140787 0.185841262 0.606614232 0.358220756
    0.479047686 0.014532119 0.0687513947 0.4684273 0.902913272
    0.0554446876 0.552828193 0.828471065 0.393290043 0.456324369
    0.131008625 0.663420141 0.646915317 0.381925672 0.207557082
    0.130988866 0.553787351 0.600434065 0.184444904 0.655538261
    0.0134157836 0.786588311 0.138122737 0.0258331895 0.642406583
    0.871017098 0.564315915 0.260610968 0.559719443 0.183757871
    0.325536788 0.30017972 0.116973341 0.167240977 0.218512386
    0.0144072771 0.0258074403 0.254264235 0.875017703 0.186319381
    0.122264892 0.776429415 0.346135855 0.975086093 0.337756038
    0.355251193 0.380824775 0.751848698 0.298572004 0.0606484711
    0.513370931 0.43407017 0.924447477 0.885469556 0.262588918
    0.246937841 0.341193855 0.607369244 0.134290427 0.421849132
    0.480936378 0.75309974 0.343332648 0.694556594 0.448234051
    0.804037809 0.93565619 0.364798903 0.98207593 0.318004012
    0.977356553 0.680496097 0.922832131 0.930987716 0.340503275
    0.823061943 0.768845201 0.12118879 0.142489046 0.648758233
    0.424640328 0.220192134 0.295447588 0.674816966 0.88368845
    0.725525558 0.21898374 0.829173088 0.784805894 0.70368588
    0.527900457 0.508487284 0.34932965 0.432984412 0.212949038
    0.414626837 0.957963705 0.216119558 0.317760199 0.526276946
    0.234241515 0.0550815463 0.128886998 0.715659738 0.574587047
    0.068623811 0.0736577213 0.120331585 0.777791739 0.450618118
    0.406492233 0.689011991 0.885156393 0.483855695 0.00473323464
    0.735477686 0.118592203 0.752217472 0.823456585 0.438105702
    0.28842634 0.490719348 0.457451135 0.284882069 0.783035338
    0.312620014 0.634428203 0.352438211 0.533518255 0.975569725
    0.520919085 0.965218008 0.790125072 0.592658758 0.326859891
    0.485978782 0.93758738 0.271571577 0.415528029 0.6175313 0.775405884
    0.256085366 0.529040396 0.583991826 0.424281359 0.74583441
    0.528021276 0.386063784 0.889349639 0.65502876 0.32314074 0.13172698
    0.789785266 0.760529995 0.984390974 0.285628617 0.211104929
    0.954128146 0.394922435 0.0981102288 0.105142146 0.109392375
    0.72147572 0.223258138 0.135816306 0.401389599 0.599496663
    0.801277518 0.435789555 0.649443507 0.965773821 0.194460392
    0.932218075 0.816363573 0.0429696739 0.408126265 0.502983332
    0.688092351 0.0733754337 0.306851268 0.961196661 0.990321636
    0.628593683 0.42774561 0.318509519 0.0733673573 0.671868324
    0.0147186816 0.593055546 0.970707417 0.657780468 0.425086737
    0.000113815069 0.652329504 0.117504328 0.328518331 0.689955473
    0.754876912 0.89476651 0.897088408 0.912832618 0.183739871
    0.134854883 0.52524662 0.140462369 0.947573423 0.391990364
    0.605430543 0.160460144 0.374790132 0.498000622 0.687981904
    0.984663963 0.674656391 0.257985294 0.964776456 0.914170861
    0.203533292 0.0268968046 0.0919871628 0.75635016 0.183822602
    0.717366338 0.658238232 0.148951143 0.206060171 0.825158715
    0.641039491 0.699764013 0.690907061 0.490222931 0.394566476
    0.769698679 0.947864652 0.617671728 0.858898222 0.586118937
    0.419593096 0.645818233 0.729143023 0.92841208 0.980660319
    0.706187546 0.0380427539 0.849488854 0.144614965 0.772179842
    0.756741047 0.999510884 0.844051719 0.80089438 0.21762681
    0.352894545 0.00694277883 0.56817615 0.0967488289 0.00466918945
    0.673954368 0.868301153 0.231694967 0.349448293 0.9919765 0.90504837
    0.410969436 0.221647829 0.656739175 0.644272089 0.084949702
    0.884947419 0.186747581 0.076049149 0.276601464 0.586424112
    0.951743245 0.0734944344 0.511488855 0.587590814 0.43907088
    0.438743263 0.121377021 0.577169895 0.959672093 0.530776322
    0.360556901 0.276812553 0.935664892 0.460109919 0.903624237
    0.661780179 0.33684957 0.805546999 0.215670794 0.406410754
    0.259071589 0.515806317 0.696822405 0.281980217 0.485839963
    0.00878533721 0.484787643 0.583017349 0.441194355 0.727960527
    0.0717698038 0.846790493 0.251916409 0.450956345 0.597143769
    0.158779234 0.236480087 0.361152589 0.889906645 0.194449365
    0.293991923 0.672320724 0.18696177 0.276249468 0.795293212
    0.339462519 0.0478472412 0.258753926 0.253938198 0.217220306
    0.520693839 0.836833477 0.787780881 0.742219448 0.189080209
    0.988944769 0.786524177 0.060185343 0.763516665 0.868846655
    0.516319573 0.870072961 0.168071449 0.79918462 0.955768406
    0.899109125 0.243931621 0.358017385 0.754781127 0.457716763
    0.932581246 0.154001445 0.980980575 0.547355354 0.94214952
    0.354988635 0.267707437 0.228942811 0.250346512 0.673146665
    0.597659171 0.839678168 0.45271036 0.0487764776 0.16526565
    0.459229499 0.115374655 0.246107727 0.407726258 0.418053836
    0.137813479 0.0905553997 0.0837823451 0.942167461 0.00658267736
    0.808906376 0.158235431 0.174990922 0.0216638744 0.350720763
    0.115368754 0.900538445 0.41535455 0.754226208 0.945685625
    0.0829381943 0.461080611 0.324930072 0.836095929 0.792656183
    0.796348453 0.867853642 0.752916694 0.230830014 0.632231116
    0.0924842358 0.00270619988 0.050534606 0.0277443826 0.734826565
    0.455670118 0.899504364 0.626172662 0.00270307064 0.114558846
    0.74205029 0.0157158673 0.546437979 0.910108924 0.929123402
    0.164660692 0.883587301 0.376297861 0.0963069201 0.711988866
    0.177482575 0.189048648 0.547795415 0.726189435 0.870125175
    0.85224843 0.570230067 0.741641164 0.775969148 0.575809956
    0.664828122 0.152835846 0.471108198 0.761287332 0.896146238
    0.584860504 0.558079481 0.862862945 0.0116202831 0.956608415
    0.69608736 5.7220459e-05 0.0887566805 0.487269998 0.844286084
    0.516820669 0.916116357 0.26680249 0.0577730238 0.856228769
    0.836775899 0.473851264 0.360479593 0.593445539 0.503083408
    0.291038543 0.056022346 0.98840934 0.660340071 0.0361474454
    0.0396921635 0.625542104 0.119384885 0.361023605 0.534583688
    0.555264831 0.835019886 0.640168011 0.783283353 0.549738288
    0.629585922 0.973895788 0.0612436831 0.447940409 0.154061496
    0.851888299 0.934822261 0.592742205 0.381998211 0.0656413734
    0.325127304 0.834691167 0.11920929 0.303308994 0.663477957
    0.779503345 0.264761746 0.0630720258 0.888532758 0.672826648
    0.160570234 0.282660961 0.771297216 0.657759905 0.170727551
    0.212385744 0.502689838 0.681095362 0.635932267 0.320564985
    0.266286254 0.700431705 0.600650132 0.255373001 0.107487977
    0.914764047 0.420372754 0.670422554 0.0494767129 0.422559798
    0.985043287 0.203555971 0.400828868 0.141772538 0.58309859
    0.139225841 0.921171665 0.536112845 0.830487311 0.326257825
    0.0814654231 0.790637493 0.308053553 0.795018196 0.260110795
    0.642968416 0.357057571 0.804210722 0.299993753 0.538181961
    0.281416625 0.983450532 0.866269946 0.679396749 0.89359045
    0.362592906 0.0485321879 0.512521386 0.546993434 0.397922516
    0.89126265 0.729614198 0.180185527 0.503293931 0.221725464
    0.554564178 0.72661823 0.874270439 0.273501396 0.757957935
    0.984987855 0.925739408 0.286292702 0.0273245871 0.568196774
    0.8780123 0.0767359734 0.67499876 0.378215194 0.424623966
    0.173311114 0.423568189 0.47962147 0.860422611 0.0401073098
    0.870978415 0.709927678 0.956937551 0.277799398 0.987611234
    0.475854754 0.132679313 0.138405561 0.793434024 0.941303313
    0.403137177 0.0956301391 0.246861517 0.999332905 0.147255212
    0.372157633 0.0677557588 0.00289705396 0.494263113 0.378410816
    0.0705572367 0.812442362 0.229469419 0.3684614 0.695262194
    0.19623217 0.0639673769 0.765167952 0.490213931 0.322494447
    0.739684522 0.769569278 0.159448236 0.247943491 0.104710788
    0.00577309728 0.570582271 0.290421844 0.792170048 0.652352273
    0.0157622397 0.612263083 0.394177884 0.718982458 0.817620099
    0.624094605 0.785816014 0.575998783 0.0256761909 0.268550098
    0.243783057 0.350248575 0.716710329 0.169901967 0.814295888
    0.184947729 0.295024723 0.159289211 0.602346659 0.192309886
    0.66084224 0.519696295 0.105373949 0.698190868 0.285005003
    0.760957479 0.193243891 0.270329982 0.231690645 0.727376878
    0.805974305 0.674374342 0.508187532 0.372834444 0.911583185
    0.0536285937 0.953746498 0.224632025 0.139380217 0.2620956
    0.432251424 0.964022994 0.104775429 0.107290119 0.573500216
    0.284995139 0.723989904 0.77137053 0.371962249 0.478133947
    0.94156611 0.967374384 0.625872672 0.0530841947 0.995700657
    0.619229674 0.864456832 0.245036036 0.623462915 0.265221834
    0.989454806 0.673281968 0.28614223 0.156681448 0.840170264
    0.488607019 0.270836949 0.189706177 0.576363802 0.296574116
    0.330772042 0.476265937 0.233193129 0.215278059 0.441497236
    0.424578995 0.869636059 0.709412277 0.460583657 0.344330668
    0.793644667 0.393597186 0.0274475515 0.539859056 0.151937604
    0.395989716 0.784658074 0.950091481 0.217618704 0.0352777541
    0.139427096 0.0923265517 0.242957532 0.485851049 0.268398255
    0.794572234 0.759759367 0.0981017947 0.817172229 0.00349271297
    0.387333721 0.338642508 0.833911479 0.967487037 0.160417795
    0.620857298 0.558032751 0.474651724 0.422869653 0.632992804
    0.759688675 0.160126567 0.288376272 0.416019052 0.0717633069
    0.34337461 0.895510674 0.880339921 0.222663134 0.602909863
    0.235815614 0.857067943 0.431418359 0.61695528 0.149737239
    0.978004456 0.254516602 0.311223686 0.996515274 0.79777956
    0.45445329 0.0446011722 0.044064045 0.628351569 0.743445635
    0.489962041 0.801711798 0.196323007 0.848936856 0.202234566
    0.0511123538 0.679458737 0.162047952 0.881130576 0.56532526
    0.546025872 0.411490202 0.893923402 0.979206681 0.565349698
    0.914902329 0.759461224 0.633513749 0.152823776 0.965622306
    0.753961921 0.999892116 0.251510948 0.479954511 0.30678755
    0.331308156 0.600656629 0.799527407 0.384368211 0.960123956
    0.164516568 0.780881763 0.556907952 0.498469353 0.331530869
    0.0217198133 0.39325276 0.554835141 0.22991094 0.373573244
    0.372846335 0.814174891 0.957648098 0.778870344 0.22487399
    0.879897594 0.308528662 0.932433367 0.549328327 0.988188624
    0.927078247 0.384487152 0.75422734 0.472840309 0.441955805
    0.594869435 0.921960354 0.535811186 0.790695548 0.333158314
    0.882145524 0.468100011 0.699797869 0.222723246 0.045927316
    0.39057079 0.950240135 0.63145709 0.635616004 0.993951321
    0.827617705 0.56126529 0.186694771 0.959542096 0.913047314
    0.178623796 0.302581429 0.0571929514 0.0183645487 0.223015934
    0.0972342491 0.620383382 0.789008856 0.629939198 0.183846295
    0.0184252858 0.201052457 0.742058575 0.818840623 0.399122149
    0.908004045 0.713747442 0.0283080041 0.368457675 0.357992887
    0.743162394 0.917161882 0.753948569 0.852780342 0.782797337
    0.815968633 0.81265831 0.17851755 0.87966311 0.673502922 0.236988634
    0.39624539 0.755320668 0.666198134 0.713429332 0.777023017
    0.783634245 0.78579098 0.825466275 0.996253729 0.411513805
    0.231337547 0.596888185 0.971450388 0.994831204 0.786324263
    0.444083869 0.684057415 0.188766927 0.186395556 0.137536973
    0.86374867 0.860860586 0.144332796 0.319805115 0.13576141
    0.573973656 0.858489394 0.00796610117 0.942522705 0.538865149
    0.380576253 0.781922638 0.418068051 0.493229151 0.880489171
    0.593804538 0.638223886 0.237162441 0.134517998 0.934089303
    0.67887485 0.628112197 0.887307882 0.00193810463 0.241589069
    0.00117868185 0.0609116554 0.584609389 0.678596258 0.861804664
    0.266374588 0.32525143 0.880670667 0.814666033 0.111362934
    0.261313081 0.723284304 0.782512963 0.332810789 0.426102936
    0.980254173 0.192267746 0.577586114 0.358058333 0.333689541
    0.393952549 0.621868253 0.0805515051 0.820891559 0.59759593
    0.149609566 0.650627196 0.482942581 0.319146216 0.983911395
    0.997457385 0.15141812 0.263942838 0.276266098 0.254556537
    0.890792429 0.206732363 0.78840971 0.610529661 0.540067315
    0.392868787 0.652515054 0.322240233 0.406312436 0.0584854484
    0.703855038 0.769399166 0.487074018 0.410806477 0.559522033
    0.230138659 0.474022627 0.456129611 0.706495404 0.135165721
    0.716697097 0.567735136 0.969180346 0.570702434 0.82490015
    0.248357475 0.0353937149 0.945262313 0.288412809 0.593158126
    0.360920966 0.101447016 0.676418543 0.20039013 0.72052896
    0.896636665 0.415038854 0.918398619 0.841126144 0.404549539
    0.90931499 0.62947768 0.459985405 0.359267056 0.0979309976
    0.0984741747 0.602219462 0.165626466 0.480234683 0.392139614
    0.609989107 0.958802104 0.762777925 0.743939042 0.84132123
    0.251415342 0.591778934 0.359796643 0.469070762 0.689749599
    0.664955556 0.370865405 0.191952139 0.161953509 0.47132659
    0.327167809 0.344829917 0.666034698 0.562913239 0.324913442
    0.517944992 0.319394946 0.0297797024 0.417902231 0.442322642
    0.971449554 0.377141178 0.87528193 0.6684165 0.216328651 0.271141231
    0.0991037488 0.825094342 0.52030611 0.391933203 0.97953409
    0.778296113 0.216200799 0.870029092 0.667397499 0.674212098
    0.971133709 0.026481688 0.695719242 0.738412321 0.94960165
    0.629042268 0.773053646 0.719622672 0.288008332 0.221238613
    0.182315201 0.634262204 0.916790247 0.985467434 0.849067211
    0.78504169 0.40230906 0.722704172 0.768791795 0.591108263
    0.961840153 0.687072992 0.221135646 0.890278101 0.255956292
    0.723757029 0.229477078 0.100367695 0.494268715 0.142808557
    0.0856496692 0.085020721 0.817465067 0.869686365 0.64236176
    0.400200874 0.498538613 0.260601342 0.0831051171 0.304630905
    0.73819375 0.388294846 0.437576115 0.290662289 0.0460476577
    0.702654183 0.138285697 0.229529053 0.898398459 0.161305189
    0.0776261091 0.3471632 0.0469240844 0.0570097268 0.936279058
    0.199130744 0.811714768 0.565778792 0.442330688 0.145838618
    0.0983119309 0.39541325 0.959992647 0.036600858 0.558420122
    0.213894486 0.862537026 0.716676712 0.0773737431 0.616470397
    0.8415066 0.72500968 0.794371426 0.415088624 0.418630898 0.271199405
    0.683845878 0.877416611 0.779604197 0.629132748 0.413980663
    0.773278117 0.840630174 0.578838825 0.323651671 0.257740438
    0.217598706 0.869135559 0.402753174 0.862271786 0.115611136
    0.522451997 0.947644114 0.937377453 0.203662813 0.578849018
    0.135267586 0.50687319 0.00713202357 0.438632518 0.348327756
    0.676864505 0.692383409 0.636350513 0.104662538 0.399104178
    0.954896629 0.799982429 0.668976068 0.0254644156 0.95271337
    0.762602329 0.536066711 0.696697593 0.69369328 0.932806611
    0.514639914 0.876387954 0.0526685715 0.506168187 0.34367162
    0.647114456 0.685449004 0.0061468184 0.0394953787 0.156933486
    0.0225510895 0.809996843 0.286269516 0.657988608 0.577610612
    0.54436636 0.632879257 0.946447611 0.103555441 0.868201494
    0.652783096 0.809805155 0.665753365 0.893740535 0.0582585633
    0.726780832 0.285304636 0.0748874247 0.639560461 0.876974702
    0.840023279 0.991592288 0.111182898 0.45123288 0.102781415
    0.778581023 0.245505035 0.211536735 0.597880721 0.407263458
    0.138230413 0.0761622488 0.513550878 0.694626212 0.87446022
    0.0649218857 0.146162003 0.840530872 0.281814516 0.313673437
    0.708227038 0.719328403 0.133873343 0.398524016 0.557559013
    0.445526361 0.719055355 0.628389478 0.0228295922 0.9597857 0.3805269
    0.963208437 0.620931745 0.0466859937 0.506712735 0.763675988
    0.758921504 0.364000618 0.910594344 0.368186355 0.358017504
    0.762155831 0.454741955 0.00949335098 0.11541447 0.997460842
    0.672313213 0.454915464 0.336366534 0.199336827 0.991696954
    0.0662287772 0.276619375 0.0730418265 0.729064703 0.474297315
    0.0254298747 0.942405701 0.782467961 0.664780557 0.13053748
    0.00521939993 0.680605352 0.930217505 0.161230624 0.415234506
    0.969231963 0.90861845 0.816839337 0.827551603 0.882450819
    0.660676062 0.382435262 0.272309005 0.699402928 0.22132659
    0.0441782176 0.995521784 0.847578645 0.987903297 0.170914739
    0.3189601 0.382076204 0.186260372 0.878728032 0.255637795
    0.150895417 0.414431393 0.364498675 0.200240105 0.0738882422
    0.375644088 0.0327651799 0.661407173 0.800123215 0.40566197
    0.683449626 0.355954826 0.51298207 0.102704406 0.992741764
    0.999047875 0.733419359 0.0216852427 0.686898053 0.773911417
    0.212879777 0.907127738 0.484523535 0.375112474 0.739444137
    0.413465619 0.537715852 0.547915041 0.92062366 0.943569899
    0.318983376 0.517576694 0.635103703 0.566085756 0.43664363
    0.535298705 0.444862694 0.0730840862 0.960277319 0.64473772
    0.122865587 0.764843464 0.953293204 0.365737677 0.442281693
    0.0585152507 0.237054557 0.0157029629 0.724140584 0.302838147
    0.747566283 0.394857764 0.489345521 0.421610385 0.890797853
    0.320731401 0.97657764 0.313218147 0.0520845652 0.411118954
    0.146174818 0.198664486 0.701447368 0.878452659 0.300797522
    0.896922886 0.129532456 0.784285128 0.911286891 0.362063289
    0.879581809 0.513328493 0.448943347 0.370993167 0.267480999
    0.745278001 0.894097388 0.579261482 0.959950209 0.0728953779
    0.421312511 0.353017867 0.557697415 0.550105751 0.079815805
    0.92659843 0.58647269 0.774447978 0.753240824 0.955847979
    0.403847396 0.536889195 0.745571256 0.126179188 0.480982751
    0.133329958 0.936619878 0.775508404 0.28996408 0.383414626
    0.127657622 0.298747063 0.671813071 0.45920378 0.796657979
    0.65724504 0.323724866 0.451900661 0.958117008 0.876918912
    0.726466715 0.290514737 0.896239281 0.00108641386 0.55599916
    0.117028624 0.0379689932 0.715611637 0.823967695 0.977251112
    0.735329211 0.727923751 0.584065437 0.896471143 0.293379664
    0.500629067 0.309134394 0.821171641 0.253759265 0.757997274
    0.68661356 0.910349011 0.60089016 0.233692795 0.0395103097
    0.55404675 0.632960916 0.17463845 0.692669392 0.645824671 0.9176507
    0.906495988 0.0451779962 0.469501615 0.408468127 0.873853207
    0.99942863 0.655104816 0.886627078 0.00198176503 0.672800004
    0.0124516487 0.425599128 0.121062845 0.406360865 0.588861227
    0.907167315 0.832854152 0.28324765 0.75298965 0.34206897 0.826550245
    0.845665574 0.630482197 0.889078438 0.805592597 0.926713467
    0.0770072341 0.451294929 0.644713759 0.213899225 0.81317687
    0.600461662 0.682066679 0.675663948 0.630981326 0.44409585
    0.240783513 0.319370598 0.643997669 0.607511401 0.662940919
    0.182695717 0.801639616 0.140263736 0.100326031 0.270652235
    0.150946885 0.964669943 0.0368035436 0.359942973 0.92155683
    0.778779984 0.0656806231 0.971078873 0.459448278 0.460272253
    0.673490763 0.287934363 0.746658921 0.334939063 0.166283935
    0.275545776 0.370649874 0.565625548 0.90744698 0.274002373
    0.635321796 0.922782421 0.778315902 0.9387182 0.242279917
    0.381274462 0.789481997 0.584132433 0.234532237 0.229702264
    0.380348086 0.349487126 0.783874154 0.0713714361 0.336047471
    0.851597786 0.135949463 0.918601274 0.695243657 0.785133362
    0.70218116 0.103572875 0.842469573 0.928489447 0.508744776
    0.420856476 0.531101346 0.239250332 0.901142299 0.540879071
    0.0233693719 0.700974226 0.918084443 0.233552665 0.410188168
    0.966593981 0.881646693 0.934953749 0.352962255 0.495928258
    0.389589846 0.459501594 0.922789216 0.717661977 0.407281995
    0.655876398 0.349391043 0.396377921 0.537096143 0.514286697
    0.765011251 0.309222341 0.964433312 0.983919442 0.0155840218
    0.259826452 0.14255625 0.0190303326 0.202676713 0.615915358
    0.993025005 0.116852194 0.763707995 0.828590751 0.939969778
    0.350033462 0.360197008 0.60651201 0.762980521 0.86218679
    0.378912389 0.233773321 0.73157239 0.13884297 0.452182233
    0.282329381 0.932482958 0.443077207 0.538988352 0.328319907
    0.244366825 0.997672915 0.473002195 0.263297856 0.888707995
    0.28317064 0.35577774 0.520085156 0.94141674 0.390882283 0.651418626
    0.0246445835 0.617241859 0.846282721 0.887069583 0.163708925
    0.056424439 0.238320142 0.712082148 0.876197219 0.365153193
    0.325610697 0.384440958 0.00458005071 0.0217653513 0.611126244
    0.891712964 0.0481262505 0.0753896534 0.819189966 0.117430329
    0.480433166 0.870608091 0.6790874 0.8919276 0.220698059 0.48077026
    0.0294252932 0.739220977 0.497491896 0.00419998169 0.643723011
    0.883291245 0.200301141 0.306820244 0.0854304433 0.735364676
    0.889243841 0.00774094462 0.100163668 0.545751452 0.772499919
    0.695553422 0.351610184 0.866605997 0.542671621 0.792738557
    0.945471168 0.752423525 0.321782529 0.297409832 0.632667422
    0.838715374 0.344927788 0.121786267 0.481327504 0.00364923477
    0.725874543 0.336269438 0.687638044 0.822078943 0.570076048
    0.751074374 0.754460573 0.310879081 0.105289489 0.335296601
    0.740825236 0.59857583 0.182804108 0.949624717 0.242485076
    0.101718277 0.291306853 0.444267124 0.494446129 0.168979764
    0.444749862 0.303817481 0.721085668 0.722839057 0.377002776
    0.45187068 0.403250068 0.19181633 0.356549293 0.916707516
    0.518985629 0.131199986 0.478230983 0.292836547 0.463692933
    0.890036404 0.150870383 0.520057559 0.827734411 0.0327094793
    0.986178994 0.87290132 0.245098293 0.676994443 0.791726172
    0.174936563 0.183635116 0.0415968299 0.984589338 0.107661426
    0.0635043681 0.709864795 0.614226878 0.937696218 0.979517341
    0.280301511 0.034681648 0.690965533 0.415313482 0.346857846
    0.439901799 0.819864333 0.965007424 0.62211144 0.79666698
    0.0178655684 0.446229577 0.650407791 0.58163327 0.118961573
    0.0103393793 0.112995446 0.739417791 0.29393205 0.29856509
    0.22886911 0.0252128243 0.477555931 0.242174804 0.190535575
    0.608948112 0.462364674 0.899284303 0.959654093 0.705046415
    0.920084238 0.41974169 0.218567967 0.0593762994 0.710144997
    0.145592213 0.152762234 0.871967256 0.524326384 0.0202790797
    0.386794209 0.308647633 0.311049283 0.468699038 0.998529434
    0.347274363 0.447317511 0.0766581595 0.855645835 0.0968233347
    0.305116534 0.32493788 0.241568774 0.823209405 0.759061337
    0.243084043 0.734501541 0.350137889 0.933233142 0.558769345
    0.979896426 0.0694359243 0.418135703 0.410663843 0.551363885
    0.261061609 0.413092375 0.239746898 0.403319001 0.0680466592
    0.136709243 0.590593636 0.619137228 0.346802324 0.14293769
    0.65068543 0.358913183 0.826877236 0.190557808 0.98617053
    0.262411952 0.234391958 0.510543704 0.440716863 0.730236292
    0.877855539 0.48638159 0.817209244 0.625887334 0.972373426
    0.250425816 0.771238208 0.195424348 0.922241449 0.149632484
    0.319629312 0.344860375 0.396173924 0.436481059 0.725826979
    0.925636411 0.691077173 0.193467587 0.00842633843 0.451931
    0.137536228 0.086078614 0.697169721 0.993182242 0.134616524
    0.68434304 0.502517343 0.298111051 0.543238282 0.704393744
    0.426935017 0.451670349 0.344230831 0.410076499 0.368380934
    0.512179494 0.505557656 0.904041767 0.813242555 0.55834353
    0.0355624557 0.305033028 0.0371960104 0.590656698 0.125966042
    0.622855306 0.49203074 0.82580924 0.615400612 0.494114786
    0.201084077 0.102199823 0.0157426 0.642344952 0.750187814
    0.976553559 0.00409796834 0.635205746 0.695981324 0.111643434
    0.043418169 0.070577234 0.528109729 0.0881801546 0.738804102
    0.535460293 0.936374068 0.28884995 0.582597792 0.177468777
    0.802924037 0.226849347 0.598377526 0.175883412 0.384061515
    0.153266072 0.10799405 0.136665076 0.760375082 0.913919091
    0.823123693 0.660608947 0.609222114 0.643424869 0.370570838
    0.0807002783 0.145625591 0.928614795 0.79184854 0.838774085
    0.423134208 0.464587748 0.761983693 0.748823464 0.295098305
    0.708198488 0.342802852 0.0572035313 0.159999102 0.527235508
    0.458000004 0.147693127 0.0331905484 0.441581786 0.475650102
    0.843874514 0.583953083 0.815968394 0.74587214 0.76025033
    0.117405176 0.994548202 0.605646849 0.210341245 0.491379946
    0.617185652 0.410385489 0.0644648671 0.0639315546 0.34161371
    0.136663079 0.148399115 0.597734034 0.106672466 0.333913624
    0.142848641 0.988912761 0.440708131 0.679732561 0.613101125
    0.577848673 0.4007833 0.81705761 0.0947639942 0.0605383813
    0.32314086 0.720009923 0.846016765 0.813979983 0.533599436
    0.264750957 0.733567238 0.193586856 0.264904618 0.154080868
    0.116394341 0.941671252 0.33051616 0.0139124393 0.122978359
    0.562487423 0.150686443 0.578694582 0.934440136 0.0521790087
    0.403495222 0.809777975 0.814303219 0.899467289 0.508078873
    0.903761923 0.461785257 0.215958595 0.419655144 0.165436119
    0.212010324 0.533052325 0.671428263 0.753072262 0.353887171
    0.52894932 0.122457087 0.177786231 0.100099593 0.383894682
    0.365919828 0.692701697 0.642200172 0.852384925 0.303346336
    0.800454557 0.497122437 0.0116513669 0.848396778 0.475224733
    0.387893558 0.184139341 0.618718147 0.58990109 0.436325014
    0.684553981 0.551585734 0.291367054 0.112273276 0.425177097
    0.385345042 0.71336031 0.477967471 0.619771123 0.517069757
    0.136058241 0.0183571875 0.566862166 0.506928027 0.946341336
    0.110758662 0.202140182 0.373287678 0.251552582 0.67498374
    0.913031042 0.187399238 0.50215596 0.0711631179 0.835585535
    0.850338936 0.0224457979 0.876251757 0.464921057 0.809686065
    0.308605611 0.461793721 0.619037211 0.43660602 0.924621701
    0.942076147 0.703798294 0.0880012214 0.658961654 0.566701889
    0.254474461 0.914895356 0.399374247 0.942190826 0.766772747
    0.984425068 0.412258118 0.0946980417 0.390274316 0.866677642
    0.745756686 0.745030403 0.655446112 0.125812352 0.50949043
    0.393260807 0.241189957 0.537593126 0.346244544 0.825175643
    0.217252403 0.378956288 0.122176558 0.28388238 0.0210976005
    0.297313154 0.362439394 0.189684093 0.684622169 0.907609224
    0.703224063 0.385403872 0.0662609041 0.147095501 0.617494226
    0.564711094 0.179445773 0.49984628 0.251883954 0.356183529
    0.517466247 0.011256814 0.0583627522 0.201980859 0.141293198
    0.786405206 0.166097552 0.997033477 0.0607433021 0.404063046
    0.748592079 0.441374272 0.739021242 0.96475172 0.166997671
    0.559408069 0.453890085 0.132889539 0.478383809 0.576899409
    0.676534712 0.671489656 0.139307827 0.889009178 0.189030409
    0.954512179 0.635086894 0.594490886 0.356119812 0.826210678
    0.405212671 0.806266844 0.152230322 0.673269391 0.68520093
    0.25604251 0.231899649 0.152315497 0.912841678 0.374027669
    0.71479249 0.555058479 0.528833449 0.219751447 0.608036995
    0.659077287 0.971717596 0.12743032 0.264302552 0.821520627
    0.150009364 0.615512311 0.546323001 0.464078873 0.651215434
    0.978008628 0.351711869 0.733605444 0.62796849 0.262960792
    0.168012023 0.680749178 0.282311559 0.970165074 0.79053241
    0.760077596 0.600853264 0.424818128 0.233593822 0.508076489
    0.29729569 0.768937349 0.196642339 0.66425693 0.895911336
    0.195739925 0.320075363 0.281438082 0.697757065 0.232708395
    0.783342302 0.216290325 0.110692322 0.0592803061 0.836402416
    0.268216372 0.842502356 0.844248056 0.650403976 0.0293646157
    0.115075082 0.336417615 0.641949058 0.315549195 0.0659453571
    0.470644891 0.892212152 0.787858725 0.659209907 0.488431394
    0.0105128288 0.244658381 0.604916096 0.636966705 0.340032101
    0.522179484 0.720351696 0.563641608 0.353870094 0.0127560198
    0.632886052 0.686181307 0.433696181 0.223454982 0.875648022
    0.914742351 0.401124477 0.887481809 0.659180284 0.49508664
    0.260146677 0.499821901 0.757549763 0.785339773 0.581991792
    0.165712804 0.0255646706 0.177837938 0.317589134 0.348094165
    0.34904176 0.920834959 0.688013852 0.202471763 0.966480255
    0.251948535 0.211134195 0.00964602828 0.119972497 0.353378415
    0.332086712 0.196351051 0.0134689212 0.112084508 0.96181953
    0.124606699 0.315899521 0.801892638 0.594777465 0.0355055928
    0.397771031 0.1974231 0.65149951 0.382741064 0.539455831 0.146047831
    0.679603398 0.582366407 0.442755342 0.346639991 0.196480542
    0.37332958 0.00952762365 0.349425316 0.475568682 0.0106496811
    0.460642368 0.860448122 0.391640425 0.285761416 0.572046459
    0.889080226 0.0249936581 0.854674518 0.591670096 0.575856924
    0.717283368 0.493418962 0.365162373 0.62934339 0.504952908
    0.607027054 0.761361241 0.416825831 0.774797082 0.32315439
    0.193671405 0.247982174 0.469459295 0.230231792 0.905385494
    0.981245399 0.872046113 0.573308945 0.284565926 0.72044313
    0.400836289 0.0445304513 0.179831237 0.135603189 0.987155676
    0.891204774 0.0892289281 0.398123145 0.0956526697 0.987422705
    0.547339439 0.231546909 0.98747015 0.625264466 0.0895410776
    0.424820602 0.0449901521 0.795157373 0.491713405 0.380660146
    0.998594165 0.975858867 0.0759904981 0.0338003933 0.621798456
    0.449440479 0.111258954 0.264447689 0.783829331 0.943390131
    0.775818467 0.307280511 0.22444123 0.354289055 0.494814545
    0.0414941907 0.941544294 0.0120559037 0.470769882 0.795023561
    0.274380505 0.0603308678 0.45929274 0.0576009154 0.0539351106
    0.584909797 0.44944647 0.473258317 0.205688119 0.620396793
    0.847558141 0.656002402 0.3014099 0.360648394 0.12601155 0.535716653
    0.836856127 0.953469276 0.585423172 0.12567839 0.0396071076
    0.105526447 0.820794463 0.362169564 0.274155736 0.317937315
    0.368991882 0.76807785 0.0414784849 0.962623835 0.144032538
    0.926105022 0.798480749 0.266887963 0.0395039618 0.127462864
    0.765945733 0.944002032 0.7645787 0.8553496 0.379877269 0.941527963
    0.468151748 0.888468742 0.382171601 0.423279524 0.92631793
    0.331178069 0.197263598 0.784721971 0.374275148 0.0097656548
    0.705197096 0.367606789 0.481103331 0.362473547 0.485813022
    0.625641823 0.458654463 0.734336197 0.368557751 0.0425882041
    0.604257822 0.498760998 0.606386185 0.811592042 0.627936423
    0.58202368 0.181576341 0.399748147 0.426748693 0.233974397
    0.802771807 0.0506420434 0.505209565 0.898388267 0.151424974
    0.551596582 0.476428688 0.534026265 0.854887605 0.124299169
    0.481067717 0.364263415 0.301167786 0.486732632 0.192987055
    0.104225218 0.323148727 0.262529105 0.774484515 0.709483147
    0.160955548 0.324572444 0.187139839 0.0209262371 0.640714824
    0.641597867 0.571424663 0.611474574 0.671079457 0.786963463
    0.868416846 0.180776507 0.0670953691 0.145645976 0.780020595
    0.774657249 0.944846094 0.103613079 0.118286252 0.879032552
    0.442417443 0.747786045 0.724936903 0.864353538 0.276415169
    0.732744098 0.964683175 0.234838426 0.634952724 0.505545735
    0.683800638 0.564169765 0.529063463 0.096873492 0.923376083
    0.312791407 0.790217638 0.341091454 0.901614785 0.342301726
    0.719324827 0.496768713 0.522642434 0.382171988 0.0110744536
    0.744500756 0.118291289 0.0307913721 0.760078013 0.931132615
    0.957600951 0.976860285 0.773394465 0.803542256 0.326831281
    0.750579596 0.0582416058 0.328042626 0.434683383 0.467348963
    0.80403465 0.468403369 0.991224468 0.958928108 0.809625745
    0.818418503 0.801134706 0.505042732 0.912964344 0.346323639
    0.943334222 0.73738116 0.0168121159 0.158669382 0.337101996
    0.775293052 0.993398666 0.477989227 0.267809629 0.807035327
    0.05737409 0.948751569 0.623929024 0.340261281 0.732996106
    0.473762363 0.685826004 0.514828384 0.108879894 0.755678892
    0.702689767 0.314817041 0.759425402 0.481274933 0.0527019203
    0.415068686 0.238953531 0.628382683 0.273741841 0.236818671
    0.115110934 0.805087268 0.314391434 0.622145891 0.434841305
    0.390230983 0.308841169 0.650432825 0.684753537 0.953283846
    0.046692878 0.880947948 0.677394211 0.824286997 0.875470042
    0.603192449 0.185953945 0.791288018 0.435532212 0.725778461
    0.130675822 0.179455668 0.606006145 0.648889422 0.275942624
    0.422788262 0.666827142 0.0593399107 0.798297524 0.260425597
    0.675272942 0.449005991 0.91159904 0.651961088 0.466246486
    0.491636068 0.945012152 0.0199918449 0.858953595 0.488465309
    0.274465919 0.764672756 0.507441223 0.562678456 0.219890058
    0.626566947 0.372319549 0.605017245 0.8548733 0.918694615
    0.840949059 0.771149874 0.244803309 0.87918669 0.235607058
    0.693300486 0.556972623 0.337473691 0.708624721 0.371069342
    0.867596865 0.267316937 0.0562317073 0.130755961 0.162516534
    0.0758465827 0.888757825 0.88850379 0.499552727 0.910306096
    0.746903002 0.726714849 0.365197957 0.738308311 0.254927844
    0.246885687 0.375255764 0.357665002 0.341725081 0.191176265
    0.482474506 0.0993666053 0.149625421 0.301616132 0.157494068
    0.154858291 0.614658535 0.737026453 0.25949806 0.663925946
    0.0683877766 0.341129422 0.0155200958 0.807630539 0.367637396
    0.178491235 0.523534596 0.708523214 0.0902144909 0.61268723
    0.299512237 0.559596002 0.612625122 0.417861938 0.626560748
    0.297236681 0.422474146 0.630279183 0.776801109 0.60117501
    0.405651093 0.512595892 0.676057577 0.137035131 0.992631078
    0.77567488 0.151218921 0.219301075 0.0971387923 0.469768405
    0.252823591 0.331444234 0.103677601 0.738868237 0.666597128
    0.1947335 0.804662704 0.0991120636 0.824790001 0.916914105
    0.204145759 0.808526456 0.934732497 0.113191992 0.113861471
    0.628158987 0.585500658 0.332614064 0.348644435 0.282942116
    0.0577153563 0.647185564 0.224835992 0.511026144 0.45586586
    0.484747231 0.139724165 0.925782561 0.916989505 0.977271914
    0.994065762 0.865961552 0.125350207 0.150788099 0.869691849
    0.83876735 0.820751309 0.597902179 0.374072522 0.245599091
    0.570197284 0.0345361829 0.569695711 0.263689548 0.543803275
    0.630979657 0.0784578621 0.854701042 0.794103265 0.928835511
    0.51051861 0.171260893 0.337348253 0.94844985 0.703454137
    0.331591129 0.427986711 0.348991156 0.602666378 0.376556009
    0.716476858 0.201622099 0.415571451 0.475008219 0.240307868
    0.826446056 0.415358603 0.886247873 0.509372354 0.472480625
    0.212040693 0.803164363 0.542364478 0.914343596 0.723844707
    0.425271273 0.981595516 0.685292602 0.285296053 0.0161469579
    0.633888185 0.190580159 0.195310563 0.983447015 0.662610054
    0.186935097 0.554458857 0.357270777 0.404684603 0.182526022
    0.378270864 0.753857732 0.734638572 0.996409297 0.689522505
    0.678936839 0.842889905 0.142409265 0.688430309 0.92109859
    0.875069141 0.184938759 0.483086556 0.867175341 0.524932981
    0.920987964 0.610605001 0.30686152 0.4638879 0.45541963 0.350113094
    0.93348527 0.083173126 0.444121659 0.740818024 0.0171174109
    0.0924787819 0.446201891 0.560176432 0.14334482 0.457765758
    0.778759122 0.405099034 0.459121883 0.390030682 0.831270695
    0.610754967 0.799611926 0.919290543 0.555795908 0.18596071
    0.666125894 0.272064716 0.560560763 0.287704825 0.71541208
    0.234792411 0.878802896 0.683539152 0.412595481 0.337880611
    0.030292809 0.610068619 0.666668594 0.915234625 0.28835237
    0.798771143 0.559223413 0.015961498 0.0816561282 0.881520391
    0.976596236 0.841236115 0.383663535 0.56772244 0.272439003
    0.937796593 0.10137099 0.204378694 0.143080562 0.780752003
    0.136048406 0.360005021 0.714668334 0.145045102 0.847409606
    0.707892418 0.184625 0.0199467242 0.0177444816 0.0173204243
    0.0359767675 0.276857525 0.410581648 0.207374543 0.321474433
    0.865842283 0.831889272 0.775726438 0.718730867 0.927256584
    0.114004642 0.923105657 0.342019945 0.458896846 0.252714038
    0.830633402 0.509925365 0.729044855 0.172951937 0.532116532
    0.753730536 0.583672464 0.520516634 0.817690372 0.602827668
    0.727633357 0.454620689 0.103917092 0.189978302 0.158467531
    0.749211788 0.403974444 0.866237104 0.0175718963 0.959036648
    0.543457568 0.254360199 0.448285669 0.986772776 0.579447925
    0.223039091 0.0781181455 0.174043775 0.406205058 0.159929484
    0.543940127 0.968127131 0.184843481 0.747840941 0.154607683
    0.919400454 0.663292289 0.11441192 0.0666761696 0.130473793
    0.737521946 0.162345797 0.218115658 0.951673388 0.554269671
    0.744442642 0.47379303 0.0291154385 0.860198498 0.366976559
    0.488117129 0.807321548 0.060749352 0.713390231 0.70516026
    0.30593884 0.0263833106 0.0152781606 0.142083138 0.871042788
    0.827834725 0.699215472 0.557218313 0.0643997788 0.397735715
    0.944126785 0.0666689277 0.183502078 0.826745808 0.869811535
    0.228114039 0.889833987 0.752464652 0.961171627 0.764136791
    0.401993036 0.47961393 0.182358414 0.397745788 0.902416945
    0.753719926 0.416836709 0.985576272 0.949838579 0.548696816
    0.604174435 0.102999598 0.404665232 0.15950945 0.880894244
    0.417499959 0.99938184 0.296246827 0.535119116 0.549503088
    0.763031602 0.577062011 0.23253873 0.797532618 0.157446712
    0.18482095 0.305131704 0.517918587 0.0654541552 0.154359847
    0.26131919 0.44731614 0.146309942 0.0407519937 0.243522316
    0.192068249 0.524354756 0.918105304 0.088081181 0.575266898
    0.459929585 0.24361819 0.295767009 0.672445059 0.720254004
    0.609600723 0.639422774 0.575430512 0.976374149 0.787950516
    0.565275073 0.277785361 0.690516233 0.991505146 0.664247036
    0.079754442 0.97789216 0.519203544 0.19135794 0.779142261
    0.325518698 0.516779602 0.963315368 0.927420497 0.410910755
    0.293220878 0.225774825 0.223217517 0.820158124 0.199095309
    0.133896589 0.0669733286 0.856472373 0.169920057 0.279629469
    0.441038638 0.201724619 0.694569707 0.205294639 0.817247987
    0.028670162 0.127910107 0.384754956 0.742921889 0.883350909
    0.482845634 0.756115079 0.855440795 0.811588407 0.489661694
    0.277882695 0.713172197 0.962768912 0.683863103 0.0769315958
    0.76216656 0.782012641 0.0672814548 0.206289113 0.765686631
    0.682988942 0.267785728 0.0802969933 0.0239650011 0.601717353
    0.271809995 0.208201498 0.12509501 0.816911101 0.911589503
    0.457838684 0.982555032 0.626661539 0.0286839008 0.985756993
    0.0680995286 0.0229507685 0.405018419 0.811537683 0.343724489
    0.114599615 0.404258698 0.805045605 0.57680589 0.801268935
    0.974657297 0.80980432 0.176296592 0.321157575 0.386676401
    0.42251426 0.0200384855 0.222292155 0.0690276623 0.531561315
    0.273259133 0.124754727 0.333529592 0.72112298 0.206602156
    0.00337490439 0.100542039 0.246326625 0.873995006 0.197239637
    0.683723986 0.695135295 0.623519897 0.897898793 0.599724054
    0.470402211 0.527133524 0.139192432 0.597121775 0.309194982
    0.785551548 0.522930026 0.267326474 0.461931556 0.709246993
    0.515216529 0.991376638 0.475584239 0.743917465 0.356457233
    0.602927983 0.181222409 0.807951689 0.38295275 0.182006538
    0.689893067 0.975390375 0.448854089 0.363736391 0.73350364
    0.490087777 0.387959957 0.60585767 0.857132852 0.282652199
    0.988270283 0.0703138411 0.338569254 0.977058232 0.803647757
    0.848354578 0.847405016 0.476403147 0.872227073 0.24106589
    0.400338322 0.328709424 0.543483615 0.152658373 0.684356868
    0.87418437 0.751514316 0.709792018 0.440262944 0.439912766
    0.71268481 0.635112882 0.346034706 0.317975104 0.391295552
    0.906737804 0.949650168 0.614590168 0.746448159 0.631343007
    0.491139531 0.674200773 0.66508919 0.576969981 0.229838669
    0.0838357806 0.903671026 0.668134689 0.148961544 0.848018289
    0.741468549 0.953083873 0.873557091 0.125923395 0.371106267
    0.542403936 0.954279542 0.667092562 0.73836267 0.639961481
    0.587599337 0.0620115399 0.571773589 0.8034603 0.4967978 0.677715898
    0.3188591 0.701926827 0.726016164 0.865887642 0.348063827
    0.697726667 0.412460089 0.888678551 0.349885762 0.927717388
    0.988319159 0.0616885126 0.186375499 0.908550978 0.828765988
    0.712594628 0.445106745 0.668532968 0.591004908 0.0337493122
    0.559699476 0.526903033 0.0731633604 0.536802828 0.979751706
    0.104203463 0.984156072 0.414714545 0.451536089 0.267079949
    0.781080723 0.103848189 0.395006895 0.159431159 0.0663644075
    0.258050948 0.716763556 0.249625385 0.739106238 0.0115660727
    0.214587957 0.426000625 0.458010763 0.711937547 0.915730238
    0.771864295 0.810287714 0.902502894 0.416116655 0.997957706
    0.908058822 0.507630467 0.00157520175 0.118593305 0.258505762
    0.450883687 0.623001575 0.394738376 0.808814228 0.889440775
    0.959137499 0.790768504 0.388852417 0.862632155 0.54838717
    0.209806204 0.537998199 0.889082909 0.377797961 0.758852005
    0.00653320551 0.969609797 0.38033089 0.328791857 0.778717875
    0.20927155 0.56244278 0.0185056031 0.154642463 0.780497551
    0.151942402 0.139585167 0.0980943739 0.298111975 0.927038074
    0.743387103 0.969980061 0.276818395 0.125698268 0.862362027
    0.358139277 0.282012612 0.550351143 0.0467042625 0.722867966
    0.0839972198 0.960590959 0.920052767 0.99335897 0.92276597
    0.641804338 0.612442076 0.586586595 0.308449149 0.524676502
    0.0904330313 0.823106647 0.0140858889 0.798660457 0.489504665
    0.161374658 0.204137236 0.791491389 0.942188263 0.711313665
    0.158974349 0.608168542 0.338849664 0.628065825 0.432384282
    0.957167149 0.18334502 0.584969997 0.11019522 0.604024887
    0.498150319 0.255339801 0.488473624 0.260974646 0.277489901
    0.472523272 0.120254248 0.778007269 0.304240435 0.868062139
    0.243129551 0.190756679 0.705483973 0.783965707 0.946456134
    0.419321299 0.765851498 0.374569178 0.456379682 0.771135569
    0.115580648 0.936217308 0.527206957 0.578986228 0.89122355
    0.32692647 0.321302235 0.169173241 0.940000355 0.365199983
    0.574347734 0.623117149 0.652111411 0.703451753 0.0491795242
    0.168772608 0.128796548 0.174884498 0.43820402 0.509181261
    0.0637336373 0.782937288 0.757716417 0.547735095 0.733029008
    0.386516571 0.746061683 0.00281238556 0.457452923 0.0871496499
    0.917539716 0.803474307 0.439212322 0.273903787 0.0679472685
    0.402477145 0.546542883 0.64593935 0.410166621 0.189072192
    0.152767777 0.427252769 0.624275148 0.860293627 0.66672945
    0.599826932 0.794769526 0.862229884 0.27871874 0.742122352
    0.801853776 0.903433681 0.399430394 0.933359861 0.800744176
    0.188969523 0.15175885 0.641849995 0.0759453475 0.603386283
    0.140137643 0.101106107 0.61949569 0.819661736 0.737187505
    0.699559093 0.0034622848 0.597734094 0.0932663381 0.887534618
    0.126310825 0.666194379 0.683380187 0.632001042 0.77883184
    0.532321215 0.945820212 0.541150212 0.208370209 0.201852798
    0.185689181 0.875288785 0.0152275562 0.11205861 0.165851891
    0.598313272 0.19924742 0.200987607 0.0373413563 0.911078572
    0.712624192 0.189582825 0.617245674 0.729809344 0.816723764
    0.454608232 0.894445777 0.0632286966 0.572399735 0.470183223
    0.407650322 0.671141505 0.953072846 0.905589223 0.352686405
    0.401591241 0.670715094 0.762298226 0.34746778 0.880055487
    0.63779676 0.357250631 0.704171836 0.0485614538 0.83975035
    0.280655384 0.745463192 0.0930358469 0.208607346 0.530555725
    0.457568437 0.216409177 0.338725209 0.281286955 0.91411829
    0.0629810393 0.641428113 0.0132715702 0.722304761 0.0379075408
    0.689395308 0.332851946 0.0358248353 0.922967672 0.30163765
    0.839903951 0.602062047 0.719629169 0.0499027967 0.866717577
    0.434822351 0.978529811 0.321494877 0.544151723 0.0934826434
    0.848238945 0.472668439 0.865025043 0.30707252 0.474445909
    0.895397425 0.52505213 0.794226348 0.366998494 0.242613703
    0.110514969 0.942553401 0.972501576 0.998360157 0.0300570726
    0.275733709 0.663125873 0.272027016 0.251006275 0.817690134
    0.41028887 0.134845406 0.376413286 0.554428101 0.469345778
    0.418649316 0.408453286 0.230134219 0.668311298 0.297410846
    0.176651061 0.603559732 0.49302882 0.131949663 0.460924119
    0.497598231 0.917835772 0.724920869 0.0278379321 0.0969689786
    0.311796576 0.851620555 0.879226804 0.125740558 0.757522106
    0.174495786 0.443517178 0.227467686 0.964339137 0.0515196919
    0.126864284 0.871614158 0.323331773 0.0401404202 0.984891415
    0.999168277 0.555395544 0.344459772 0.0155775249 0.227498829
    0.436425328 0.594703257 0.958680868 0.968039811 0.206471503
    0.766609311 0.42834878 0.847202778 0.403047115 0.116873384
    0.123645544 0.742658854 0.918482304 0.946275711 0.380639076
    0.0631172359 0.597288251 0.582111001 0.165676862 0.719885707
    0.954445601 0.937177062 0.218607455 0.388120651 0.401062608
    0.90927875 0.782788157 0.129260689 0.265189409 0.722268462
    0.943010569 0.911138594 0.294465184 0.897163868 0.102093011
    0.344701678 0.753970385 0.404262483 0.179588228 0.605985999
    0.53524816 0.667677045 0.256138384 0.182663143 0.395873576
    0.174479842 0.526716828 0.755064607 0.80656749 0.774998426
    0.386553556 0.0938665569 0.670414329 0.593655527 0.449706793
    0.0478428602 0.530088186 0.24106741 0.0487084389 0.592843711
    0.98600316 0.226356566 0.399026871 0.567874312 0.818726063
    0.092541039 0.0891851187 0.332502753 0.131973714 0.546973825
    0.0487184227 0.545015037 0.290042669 0.629052639 0.46166566
    0.705576777 0.534648955 0.777230859 0.855367422 0.458985239
    0.555672348 0.636196613 0.599510193 0.781727195 0.825204253
    0.460984021 0.166267604 0.916738689 0.0182350576 0.316439986
    0.311682642 0.46405679 0.838790298 0.967291594 0.541009963
    0.372443616 0.728755832 0.858730078 0.142335355 0.853326082
    0.894710839 0.0632964373 0.460225493 0.829256535 0.820447922
    0.0331322551 0.57424885 0.10451436 0.945019066 0.459621191
    0.0701192021 0.514842272 0.236061811 0.83642292 0.247016698
    0.355886102 0.0837607682 0.203071922 0.424081564 0.371649146
    0.199929446 0.170062214 0.818754911 0.517296612 0.169095039
    0.484323412 0.629919171 0.995946884 0.883965492 0.996329665
    0.703653216 0.682771564 0.0685167909 0.119324654 0.101240814
    0.639442742 0.701025069 0.781099677 0.378820062 0.250987798
    0.649569988 0.815305114 0.400205106 0.608923018 0.242965132
    0.0725798607 0.0291513205 0.378578693 0.937016308 0.320488423
    0.720317483 0.391550392 0.053060174 0.345063001 0.627829552
    0.447131097 0.93390286 0.0174416006 0.213771343 0.362789452
    0.928577065 0.056512922 0.488364816 0.518209279 0.993587375
    0.0208754241 0.733851314 0.286631107 0.194483727 0.363067746
    0.550830126 0.701123118 0.549762249 0.0588307977 0.7063936
    0.419328213 0.283514202 0.972502351 0.672998369 0.832831264
    0.886350274 0.269919664 0.390552968 0.224412829 0.420990646
    0.00783491135 0.0848324001 0.161571056 0.791882098 0.802053809
    0.0640313029 0.668043077 0.430133402 0.717875898 0.190092444
    0.311020464 0.514266074 0.659812629 0.793897748 0.789285123
    0.782331467 0.379793167 0.561347187 0.292094529 0.77562201 0.1161654
    0.434485376 0.718858242 0.395051241 0.247124761 0.897585273
    0.227617145 0.69873637 0.75407052 0.537547648 0.406196952
    0.170592934 0.420181841 0.991211534 0.911347508 0.529723644
    0.328766406 0.952000141 0.88592279 0.5586555 0.0118725002
    0.0669133961 0.560038269 0.525070548 0.706412196 0.0616293252
    0.739113986 0.505104661 0.450831532 0.0853205323 0.867498159
    0.533106148 0.349260271 0.0044182539 0.561141491 0.866640031
    0.556259453 0.275537431 0.172965497 0.602833509 0.821961045
    0.820739686 0.449382544 0.327984989 0.473496854 0.457889169
    0.158671975 0.141961724 0.852761149 0.674527109 0.92482698
    0.983525693 0.330389082 0.250224292 0.634246469 0.888144791
    0.537032425 0.604948401 0.91039896 0.497848779 0.5232324 0.785501599
    0.390273809 0.0369075239 0.325177699 0.61307174 0.191725999
    0.406874776 0.355988801 0.893085241 0.619159281 0.104560614
    0.160306036 0.645214498 0.881349742 0.480659902 0.924644351
    0.829081595 0.611460567 0.186005235 0.620449007 0.00363460183
    0.0152017474 0.236214787 0.376484483 0.992232919 0.185724497
    0.984282851 0.72957778 0.409049273 0.669485629 0.812898397
    0.930357456 0.268962502 0.724455833 0.133097768 0.266184181
    0.857862592 0.445438236 0.531978309 0.667963386 0.741214573
    0.912078261 0.805054665 0.104888916 0.664200902 0.941144109
    0.557552516 0.255986035 0.622874737 0.305046082 0.0132393539
    0.930354297 0.0380133092 0.0535096228 0.188610554 0.104444951
    0.659034967 0.317784935 0.741455555 0.426067233 0.941353798
    0.101412386 0.0167275369 0.433442712 0.0883974135 0.438982844
    0.966915369 0.724337459 0.819514751 0.609069109 0.404210806
    0.45574981 0.384477973 0.559683621 0.884294152 0.260737389
    0.0710917413 0.245944798 0.598510563 0.183131456 0.551769793
    0.10643661 0.819985986 0.697877169 0.860651135 0.234747499
    0.50853163 0.0974452794 0.481402159 0.256011605 0.316651165
    0.351076186 0.538729012 0.516220868 0.72677213 0.0918774903
    0.630581856 0.576911867 0.905336738 0.230806679 0.780789971
    0.160132229 0.406683445 0.755672693 0.911454797 0.200232714
    0.447691113 0.709349871 0.718168437 0.977904677 0.533678591
    0.242438853 0.741950333 0.844961643 0.425977796 0.237260789
    0.17406556 0.454487711 0.976733208 0.691885591 0.511844337
    0.024404794 0.0326690376 0.479084224 0.298318684 0.687685251
    0.975919843 0.0138115883 0.832853138 0.573725641 0.252210498
    0.567571402 0.411154568 0.105493873 0.4410173 0.573984683
    0.751443982 0.880093932 0.764357567 0.964301467 0.149717122
    0.0496481657 0.456135869 0.717452765 0.192436218 0.997150958
    0.598193884 0.903214693 0.715275288 0.000889062881 0.922530174
    0.000725626945 0.252592862 0.398449212 0.110147625 0.135213941
    0.17761308 0.455982059 0.110242516 0.409061283 0.688093245
    0.00387480855 0.109840125 0.267719537 0.648702502 0.0367707908
    0.236877382 0.259396732 0.884415507 0.182100028 0.938903689
    0.449029237 0.00572821498 0.367085874 0.100141257 0.55181694
    0.609610498 0.508595645 0.874550462 0.121169329 0.521767259
    0.0728385746 0.0281983614 0.215720803 0.605148554 0.933827162
    0.646458626 0.161114693 0.0638847351 0.428163946 0.0412663221
    0.463487536 0.914178491 0.0514738858 0.0374042094 0.471185237
    0.222524673 0.53595227 0.074267894 0.972435951 0.420166314
    0.843719721 0.075425446 0.671149135 0.411853552 0.900991559
    0.760229647 0.924944878 0.341392189 0.988672435 0.0490889847
    0.877834916 0.942563474 0.378791749 0.79720664 0.355015606
    0.198683739 0.697335541 0.910446107 0.652274609 0.141799122
    0.499671489 0.962400079 0.933903694 0.404196322 0.814052463
    0.316599846 0.521977544 0.570409179 0.324884653 0.0531464815
    0.994771719 0.994713306 0.624360621 0.56560415 0.293574631
    0.850692272 0.296416581 0.540260971 0.497573048 0.895143747
    0.585322022 0.246217191 0.256851912 0.765506983 0.326182246
    0.755867004 0.0801362395 0.0391149223 0.494973809 0.245485604
    0.795343399 0.245918036 0.398745179 0.34320423 0.0387828946
    0.0123694539 0.667029262 0.563670754 0.867519021 0.412439466
    0.803966403 0.848908305 0.704841197 0.736759722 0.134365082
    0.278197289 0.136130154 0.128433794 0.825062275 0.339279652
    0.609046757 0.938581467 0.738565803 0.22280702 0.849371016
    0.903621316 0.448361129 0.41670242 0.32066834 0.583071232
    0.356525481 0.0152043998 0.960233688 0.736119688 0.873109818
    0.523134172 0.61188978 0.650421739 0.500142157 0.820985198
    0.958927989 0.693754256 0.853041112 0.389161319 0.468199074
    0.558163941 0.153065145 0.448401421 0.858520627 0.38893646
    0.445011199 0.717796147 0.878124356 0.4782148 0.82200861 0.10428974
    0.661334038 0.906774282 0.170377374 0.83725214 0.352810115
    0.177529693 0.752165854 0.940568924 0.288552105 0.63709259
    0.701056182 0.939100266 0.101209939 0.600983381 0.582092583
    0.416395396 0.642825186 0.0629729629 0.0701399744 0.0268600583
    0.102192193 0.939375877 0.503738999 0.732691526 0.401195258
    0.803074718 0.909305334 0.0869623423 0.681729496 0.353286564
    0.43737483 0.913046598 0.768253446 0.382692039 0.512396932
    0.693507016 0.658796251 0.990860224 0.727447033 0.121274114
    0.607415676 0.651881695 0.782079697 0.665333688 0.48095569
    0.394916683 0.958702743 0.0390022099 0.490005195 0.110047787
    0.667375803 0.927497387 0.474441618 0.0644884706 0.631188512
    0.193847984 0.802519679 0.916604638 0.622908115 0.26865834
    0.504498303 0.441076875 0.5625332 0.92125833 0.905659914 0.260548621
    0.199427783 0.247878015 0.058575958 0.263810992 0.451096177
    0.30889985 0.175051779 0.515523016 0.627811551 0.839736283
    0.711755753 0.425195605 0.0303801298 0.919871747 0.325679153
    0.811472178 0.1812163 0.206712514 0.285142124 0.292595565
    0.391269892 0.924127579 0.616336942 0.00188618898 0.707906842
    0.190920711 0.200324208 0.215608358 0.63367486 0.384185016
    0.360135555 0.937621415 0.263436735 0.503762066 0.0221426487
    0.19303298 0.888908327 0.685198724 0.606595457 0.424268484
    0.706368685 0.390612125 0.0617952943 0.889573336 0.904178143
    0.497151345 0.806966186 0.939550042 0.81602329 0.681968212
    0.32581833 0.465823919 0.841195583 0.0331249535 0.596538484
    0.657612503 0.55037725 0.921802878 0.133974135 0.932806849
    0.936682463 0.694081604 0.891258717 0.311483473 0.0135353208
    0.871962488 0.399221569 0.904035211 0.203706533 0.530156136
    0.0562166572 0.0477463305 0.786874354 0.670576453 0.234374076
    0.262132317 0.71458137 0.130272657 0.0644429624 0.191820353
    0.501078546 0.827666521 0.960630357 0.912404537 0.978109002
    0.692885578 0.307815075 0.578514993 0.658035457 0.72143966
    0.347958565 0.225381494 0.512154818 0.162596196 0.523150384
    0.328001916 0.891784787 0.0796656311 0.81356585 0.371252865
    0.0415551066 0.0556965768 0.370022178 0.82386744 0.932986379
    0.786186159 0.713688135 0.450385898 0.887361169 0.523547769
    0.270709455 0.38124752 0.0799669623 0.265088707 0.105618268
    0.200349599 0.06818223 0.118049681 0.404727548 0.65141958
    0.120213389 0.428925693 0.274041533 0.0913521945 0.138507128
    0.0336107314 0.652673423 0.225653619 0.885389388 0.828822136
    0.660131752 0.292728066 0.361104697 0.99252528 0.0096193552
    0.104761302 0.0142190456 0.979017913 0.0641683638 0.995288372
    0.917480052 0.653851151 0.900956154 0.188090593 0.734330058
    0.240817904 0.41031906 0.623296499 0.415262014 0.958206594
    0.0562264919 0.742280543 0.548650503 0.19153294 0.957574844
    0.776396275 0.306092352 0.98241359 0.461355209 0.308257937
    0.906144977 0.701602101 0.222530484 0.233318567 0.32642287
    0.36346209 0.622586012 0.345257729 0.711856723 0.5076316 0.729124188
    0.0990024507 0.464568347 0.185361803 0.855608344 0.305961788
    0.438953966 0.698477685 0.960445762 0.896653414 0.921857953
    0.770892501 0.650878429 0.804916263 0.486237109 0.852865219
    0.144951016 0.8018682 0.519964635 0.140048057 0.868610859 0.38848871
    0.564749956 0.395145267 0.938783288 0.614054561 0.0605122447
    0.978715241 0.770373702 0.336401999 0.281099737 0.0931504369
    0.68934083 0.376307338 0.791939855 0.489932358 0.390050411
    0.575461805 0.876571238 0.196095139 0.691805065 0.965988278
    0.0912637711 0.850926042 0.450507581 0.748243928 0.409505188
    0.82928443 0.437072515 0.946868539 0.500617146 0.0288320482
    0.709632099 0.840636075 0.513868749 0.153493017 0.444688708
    0.398854047 0.272286624 0.983257711 0.95020628 0.83978796
    0.821027756 0.838643134 0.976791024 0.940400481 0.412682712
    0.231380075 0.991619945 0.221300334 0.83560276 0.37674287 0.12269482
    0.935039461 0.644655585 0.721726716 0.950579286 0.186232179
    0.220682204 0.388434023 0.639758229 0.368239105 0.258064359
    0.780511796 0.369921565 0.659063101 0.538285911 0.937865853
    0.378298074 0.428478092 0.9537884 0.651082098 0.530964077
    0.473200679 0.880349874 0.587798119 0.207092911 0.0457195044
    0.433809996 0.432350338 0.666917324 0.303921223 0.954870164
    0.922490895 0.450649083 0.329671204 0.18626371 0.208595604
    0.722318709 0.742251754 0.239982873 0.656125188 0.598770738
    0.224485934 0.522373557 0.353829086 0.0141972601 0.26535055
    0.102899492 0.133380651 0.431222677 0.937898815 0.837297678
    0.626669586 0.587040901 0.541022062 0.237233341 0.17269066
    0.406284153 0.909432888 0.458355397 0.529148757 0.864063799
    0.0871426761 0.37233901 0.135593593 0.765011728 0.711525083
    0.30454731 0.838688195 0.0280311108 0.18017897 0.647643924
    0.849072158 0.672878623 0.366945863 0.639166117 0.276274264
    0.967595577 0.814477861 0.688474059 0.921851754 0.70231241
    0.94881475 0.164175034 0.416750193 0.620931923 0.413008392
    0.651420772 0.292322338 0.421128154 0.90466857 0.0579980016
    0.78784591 0.763265133 0.593337297 0.369526714 0.521286368
    0.0614349246 0.874198198 0.433048248 0.541444838 0.409158915
    0.0149472058 0.747258186 0.366078228 0.602352858 0.447916806
    0.717398345 0.790692568 0.221850097 0.968252301 0.597334683
    0.346108198 0.667109072 0.431688309 0.987722516 0.3268466
    0.289777905 0.858391404 0.395263582 0.597591221 0.209700406
    0.117180079 0.533265412 0.6770432 0.734495938 0.527707219
    0.772113442 0.903291345 0.515894055 0.645965278 0.877294421
    0.427238733 0.471469164 0.218892038 0.97568047 0.63324821
    0.978875279 0.962735176 0.702253819 0.588771343 0.0204616487
    0.285254598 0.404457271 0.624882877 0.84305042 0.37268731
    0.0221109092 0.00296783447 0.660591125 0.356726706 0.154820859
    0.827414393 0.0761581659 0.0681746602 0.308858216 0.245333642
    0.132019609 0.543563128 0.47625795 0.625871837 0.111706287
    0.922786832 0.838258147 0.97201407 0.460988492 0.695303798
    0.596744895 0.238257706 0.0212520659 0.223500043 0.149572998
    0.13794741 0.260465086 0.0133123994 0.628501654 0.666786849
    0.213648647 0.661709249 0.32335785 0.799035549 0.451987773
    0.203511417 0.283060431 0.657100976 0.122214913 0.283079624
    0.942336321 0.0893407464 0.106704593 0.756238103 0.819885612
    0.183548003 0.00366872549 0.950362504 0.287106931 0.215912163
    0.0335550308 0.553540945 0.269746363 0.612628222 0.773324788
    0.85072422 0.0256620347 0.397669375 0.260333538 0.46723038
    0.265143335 0.197122693 0.625477135 0.412917644 0.192742676
    0.307861835 0.762237191 0.690379739 0.686172843 0.929856837
    0.727282405 0.151593536 0.672414362 0.730778217 0.414398164
    0.979236364 0.199646384 0.369126081 0.0437663794 0.858089864
    0.888575196 0.887915492 0.402107626 0.346310973 0.466495395
    0.104067862 0.940210938 0.394575208 0.905482113 0.898599386
    0.556366324 0.807991385 0.284911096 0.825706482 0.0550597906
    0.0554186106 0.283681899 0.711762846 0.318684816 0.886764288
    0.54592526 0.854189396 0.0190322697 0.971539438 0.840818524
    0.44571954 0.056137532 0.0885773301 0.711624026 0.0342310667
    0.794394374 0.530721784 0.24472481 0.217188239 0.119258761
    0.852566361 0.807918191 0.145174593 0.88857162 0.0441417098
    0.620457649 0.951819658 0.0199208558 0.330765963 0.164931327
    0.432567447 0.974159598 0.194398642 0.513121188 0.368167788
    0.5105232 0.0908374786 0.113908738 0.292333782 0.442718297
    0.600859523 0.9977988 0.664196849 0.665045023 0.999805033
    0.562505901 0.879631042 0.163495034 0.669536233 0.308207422
    0.443841785 0.753878117 0.177629948 0.0991696715 0.133269042
    0.36267978 0.587814271 0.16943866 0.753741026 0.99148047 0.787799478
    0.0547521412 0.00495883822 0.627300203 0.319986343 0.628031731
    0.211349815 0.327567816 0.224563628 0.465363055 0.654417276
    0.702362955 0.235198945 0.867132425 0.790986419 0.849556863
    0.305182397 0.869675875 0.116883397 0.0835972428 0.577569544
    0.747601867 0.390585929 0.160269529 0.568700016 0.990570307
    0.712814927 0.755308688 0.0518333018 0.971574187 0.73979336
    0.528332591 0.802640676 0.0950279832 0.720571637 0.717563093
    0.494447023 0.662213743 0.927738845 0.157099456 0.945580244
    0.950293541 0.961139917 0.561240077 0.913051367 0.966638923
    0.488721043 0.454116732 0.673743129 0.0310613215 0.399440825
    0.419610083 0.63719666 0.688835263 0.778452992 0.66085887
    0.473370701 0.179013699 0.887601376 0.652829587 0.111905128
    0.323156655 0.749198556 0.500518501 0.838949561 0.50826335
    0.579462528 0.544703841 0.816923678 0.226021588 0.301481396
    0.0676445365 0.388018906 0.62327683 0.229088604 0.631907463
    0.597832799 0.797070026 0.997611046 0.662570179 0.641792774
    0.473504901 0.0374504328 0.594591498 0.794329882 0.736905575
    0.961085498 0.233085781 0.961519241 0.415115684 0.901855469
    0.66489327 0.407402843 0.833750665 0.755039692 0.36516875
    0.197079659 0.0122535527 0.443524033 0.666508734 0.918808818
    0.642773449 0.928550005 0.917367041 0.67387259 0.0959050357
    0.978309751 0.193356752 0.200640291 0.177593499 0.0593967736
    0.903078318 0.184767991 0.153637886 0.89914155 0.190137088
    0.306977868 0.169735134 0.917764664 0.227576941 0.222894639
    0.0908942521 0.49702388 0.908766985 0.541920662 0.956493974
    0.412446082 0.677893996 0.141266286 0.666243672 0.224927425
    0.112595081 0.51240468 0.223219514 0.877399087 0.352698743
    0.385552615 0.654826343 0.209729522 0.52205205 0.607585907
    0.565035462 0.274005502 0.576420903 0.583878219 0.171768039
    0.882795811 0.681110144 0.290095866 0.658278167 0.93077141
    0.738853812 0.457394063 0.807140708 0.582170606 0.186787963
    0.231310099 0.811122656 0.220357001 0.0617056489 0.204805911
    0.207555532 0.42865181 0.280808449 0.896210372 0.239047527
    0.537035108 0.0861126781 0.31759584 0.721029043 0.264545202
    0.7590186 0.349605978 0.995843351 0.611159623 0.435176462
    0.570118189 0.278514206 0.651669025 0.467535704 0.517878234
    0.228313178 0.494590074 0.592448115 0.696821392 0.50974232
    0.201762587 0.395375729 0.131750941 0.489213169 0.845504165
    0.486952126 0.314815581 0.909861803 0.494379848 0.494396448
    0.566290498 0.431583345 0.76676321 0.110073239 0.54194212
    0.715454519 0.383725971 0.449894071 0.214754075 0.017611742
    0.00395184755 0.882089913 0.829265833 0.977042973 0.923563957
    0.315000176 0.0736479461 0.359024048 0.902731657 0.163244009
    0.236733049 0.0798273683 0.811496377 0.617832899 0.583598793
    0.468791693 0.77040112 0.61974144 0.430805475 0.236669332
    0.680528164 0.65363431 0.0996316075 0.561625719 0.352972507
    0.541598737 0.436886847 0.3185274 0.576368988 0.447651029
    0.288546503 0.52017349 0.523285508 0.60620749 0.697382092
    0.351328909 0.329695582 0.696164429 0.973984241 0.294355869
    0.818979979 0.925285816 0.578974307 0.848438263 0.903514266
    0.0571079552 0.849528491 0.126572371 0.181831986 0.843605042
    0.541198492 0.519194603 0.838455439 0.124802411 0.0550958216
    0.447286069 0.757748842 0.496058643 0.658908546 0.0751678348
    0.46373415 0.262522578 0.645319283 0.116583943 0.990200996
    0.77890569 0.874206424 0.788812459 0.26331377 0.395661175
    0.518047035 0.288370132 0.775932312 0.876805186 0.297213495
    0.0143657327 0.855242372 0.426367402 0.808607757 0.0341446698
    0.619645715 0.976427853 0.891282797 0.287914217 0.873032928
    0.403546691 0.290195584 0.630892873 0.832503378 0.952297747
    0.661326408 0.00805512071 0.792277575 0.147408068 0.48875463
    0.551157773 0.783032537 0.905119419 0.658971846 0.608008444
    0.271574199 0.322323263 0.131654322 0.140903354 0.500189483
    0.137886912 0.160292149 0.864443302 0.807652175 0.249813169
    0.0291551948 0.0990095735 0.64780277 0.303817064 0.943160295
    0.51597774 0.0507898927 0.0774404705 0.741884649 0.551074207
    0.583506584 0.420405388 0.519906938 0.122819513 0.547314227
    0.0229583085 0.311544925 0.118471026 0.203156501 0.688056529
    0.155743748 0.395113945 0.576499343 0.638299525 0.733243465
    0.26148355 0.0808559954 0.362057745 0.139888734 0.686382413
    0.430674851 0.160201401 0.56481576 0.92800492 0.551581025 0.6974473
    0.966210127 0.74098134 0.261159509 0.439538538 0.556213081
    0.438689083 0.646582305 0.461275607 0.547758758 0.200314373
    0.193349123 0.417654961 0.684281707 0.993477881 0.211800367
    0.662332833 0.793668687 0.636181176 0.459018618 0.941339135
    0.431184649 0.474205166 0.122992992 0.431131244 0.312451541
    0.0433997214 0.117427617 0.100052208 0.750625253 0.749335587
    0.796133697 0.520115972 0.804831922 0.967456698 0.618102074
    0.55480206 0.908067226 0.051428467 0.234026968 0.461000443
    0.504665196 0.651625752 0.135608882 0.27263394 0.976364076
    0.192170948 0.616098344 0.647562325 0.724551141 0.993275166
    0.0877982676 0.511651874 0.402692854 0.697793365 0.932407379
    0.609649718 0.892576873 0.166184753 0.316440523 0.138506413
    0.311573803 0.619753063 0.0884800553 0.135248482 0.826711953
    0.577742517 0.928312063 0.442224145 0.178064972 0.0319795609
    0.790755749 0.233770519 0.796338558 0.247740597 0.963854313
    0.299988866 0.841622293 0.747474074 0.329356611 0.978482127
    0.314943284 0.666831672 0.805024505 0.847494364 0.866774619
    0.440094024 0.667020023 0.963734269 0.0860602856 0.814730763
    0.452456176 0.839993358 0.795708239 0.870001316 0.487390697
    0.427891523 0.165790141 0.930927217 0.740920067 0.269087672
    0.874577641 0.13523224 0.572228611 0.818230271 0.45475018
    0.0529938936 0.829367697 0.0277813971 0.0104960799 0.432942212
    0.700523615 0.813382864 0.0144384205 0.401553214 0.40035677
    0.540697217 0.366206706 0.721543252 0.0403405428 0.978598654
    0.25380224 0.737333298 0.342347801 0.0784526169 0.391896397
    0.0197236836 0.165480405 0.160076767 0.383303344 0.722563982
    0.323583424 0.13168928 0.665265918 0.445881218 0.0305150151
    0.150173843 0.388245493 0.668086529 0.249217629 0.131161183
    0.297008812 0.438471586 0.0650669932 0.426818073 0.455387533
    0.675395846 0.230454773 0.577628732 0.674234271 0.994466424
    0.551395535 0.820897341 0.467543006 0.498782724 0.906850576
    0.18536064 0.305454016 0.291550338 0.744726419 0.763445556
    0.14327243 0.24080804 0.160030693 0.391489536 0.220545292
    0.988946676 0.251195878 0.0238334835 0.244050682 0.920474172
    0.379100114 0.365734518 0.58338809 0.367402613 0.404151022
    0.268632591 0.870107234 0.785265326 0.223229706 0.605580628
    0.314700872 0.569038272 0.390692055 0.0287845433 0.715451896
    0.382494688 0.0953932703 0.910262227 0.209911525 0.0744469762
    0.253614366 0.711200833 0.317470431 0.123408765 0.568047702
    0.0146621168 0.545548797 0.164477706 0.607312441 0.386397988
    0.83437866 0.559824407 0.162165016 0.849292994 0.974180818
    0.745204687 0.542098939 0.475854874 0.799520731 0.557865381
    0.856348753 0.387127489 0.239173561 0.209725469 0.979688585
    0.940104425 0.89406848 0.197926044 0.908664703 0.548797786
    0.400736451 0.384030521 0.130199373 0.678993225 0.166734338
    0.969886303 0.481953591 0.305905342 0.775740504 0.825811744
    0.259644628 0.640917182 0.950864077 0.497508883 0.77751708
    0.915258408 0.735983729 0.52709347 0.76126045 0.339826286
    0.056437403 0.475831687 0.465812087 0.56319958 0.654626489
    0.196167201 0.377411485 0.495855749 0.897693753 0.805022836
    0.476211727 0.497701257 0.917176604 0.918613195 0.670978427
    0.360093594 0.475871146 0.977588236 0.912028193 0.315972567
    0.338465571 0.445205688 0.693370938 0.643277049 0.0291296244
    0.13622877 0.0957510471 0.192808479 0.144203007 0.360087901
    0.682835042 0.680913866 0.97663492 0.614204884 0.710359752
    0.413974941 0.780476332 0.768189788 0.781081796 0.105902374
    0.0632056594 0.653506517 0.662231743 0.800119221 0.578005672
    0.713721037 0.294519305 0.862141252 0.816344559 0.925126076
    0.72189641 0.853738308 0.0750317574 0.128931642 0.311588794
    0.367641926 0.153390557 0.122859478 0.211026758 0.366538525
    0.637006044 0.22265166 0.946586847 0.749561608 0.0266594887
    0.419581771 0.692960143 0.188239187 0.720297217 0.228363693
    0.746731997 0.139681846 0.288791478 0.0306909978 0.95931983
    0.197247446 0.928166866 0.451308578 0.537032068 0.939309061
    0.8164891 0.318197459 0.174435973 0.911309958 0.0763251781
    0.183578461 0.0194069743 0.706823885 0.0183709562 0.0748282671
    0.450416774 0.771486104 0.363449216 0.873658955 0.1309838
    0.698385894 0.77611649 0.222335964 0.823478162 0.737629354
    0.472754955 0.370356381 0.396591842 0.391343445 0.781482339
    0.372627616 0.502176821 0.946142316 0.417741895 0.820002198
    0.291747451 0.950181127 0.893238068 0.0255439281 0.627290726
    0.941143453 0.529567301 0.890501618 0.891306281 0.273750722
    0.232170522 0.561002314 0.23406294 0.264276713 0.888995767
    0.504909992 0.795220256 0.951636672 0.135664731 0.0256583691
    0.474554986 0.073371917 0.460136801 0.555586874 0.845004797
    0.298606068 0.96138525 0.44006446 0.371329308 0.96219188 0.345253408
    0.179998845 0.935982227 0.523551702 0.899376869 0.643020332
    0.280168235 0.212413013 0.91703546 0.433867693 0.263719082
    0.221480429 0.357662857 0.702786803 0.512260139 0.296269178
    0.399803698 0.912788272 0.307065338 0.139941901 0.406504571
    0.946135521 0.57851845 0.82114619 0.758050084 0.285046846
    0.729206443 0.0295820534 0.786182821 0.910529852 0.743872166
    0.383806318 0.217994899 0.186323106 0.990063906 0.178756654
    0.500047088 0.555481374 0.684817612 0.827906013 0.0747892559
    0.480814397 0.239412457 0.519582927 0.964707971 0.183880061
    0.248543978 0.745765567 0.796493232 0.16132614 0.256218314
    0.36651206 0.560523808 0.0775282085 0.711360395 0.382226527
    0.238481909 0.27082637 0.178303003 0.796667933 0.822389364
    0.98915273 0.200194389 0.767284751 0.101377189 0.184291065
    0.255926162 0.996637881 0.246597499 0.499198616 0.0534193516
    0.85209167 0.453392833 0.834848642 0.59694016 0.95340848
    0.0998706222 0.414457679 0.206649035 0.93249464 0.627049088
    0.209789634 0.113875955 0.586342394 0.452007174 0.956069231
    0.800082505 0.00383937359 0.410961926 0.452332199 0.186524153
    0.69101584 0.476576656 0.771175444 0.657750189 0.386373073
    0.685905457 0.972697854 0.689346492 0.175650477 0.0440475047
    0.862689674 0.393075109 0.32183519 0.585464299 0.298029542
    0.537353933 0.978620172 0.634629309 0.722257257 0.93456161
    0.785375059 0.851926327 0.524996758 0.753333926 0.836301446
    0.55633378 0.00884252787 0.585021496 0.264008552 0.498181492
    0.9681077 0.50942868 0.840046763 0.161250502 0.96595186 0.589630365
    0.33098048 0.364472598 0.0640209317 0.827338219 0.247468859
    0.709968328 0.0035777986 0.195042998 0.244184583 0.845862985
    0.615921319 0.285714179 0.230824739 0.994259953 0.812822878
    0.259262949 0.421695888 0.979473591 0.760662079 0.342125595
    0.271355569 0.758627772 0.661036491 0.706614375 0.158367902
    0.0440553725 0.80299896 0.522622287 0.199961901 0.469810426
    0.399226576 0.131849676 0.468209296 0.136289656 0.933196127
    0.801360369 0.176555932 0.550660908 0.630326033 0.820769548
    0.436105669 0.234291792 0.397802919 0.464502275 0.428300053
    0.4103975 0.349073023 0.639412403 0.635208011 0.601917684
    0.700104952 0.742064714 0.0496899486 0.722090125 0.44974339
    0.718648374 0.197749376 0.626125336 0.119535863 0.909029841
    0.267182291 0.120852709 0.626264572 0.141998231 0.812821507
    0.953214526 0.117462099 0.221120358 0.889811873 0.915190935
    0.461200833 0.672995627 0.0985988677 0.0592781603 0.0340310931
    0.627503037 0.43307054 0.121128529 0.54882741 0.450447917
    0.271615326 0.926112413 0.895089567 0.931308866 0.867407441
    0.159595966 0.818412244 0.417869657 0.890959144 0.463951826
    0.246380329 0.531789482 0.303995192 0.190442234 0.192064524
    0.693408132 0.326591879 0.167381227 0.125781178 0.478242636
    0.238775164 0.9141469 0.511418164 0.622164965 0.739027381
    0.461014479 0.910330415 0.912719071 0.967369199 0.0522601902
    0.00783738494 0.761279702 0.237993568 0.160991311 0.61070168
    0.186470479 0.846702456 0.135133296 0.185839504 0.543527365
    0.81472218 0.545118332 0.254055083 0.503829002 0.22216475
    0.464249253 0.993870378 0.358005583 0.423940063 0.255462885
    0.386987239 0.346162379 0.539384902 0.15984267 0.065400809
    0.656260252 0.625463486 0.642474353 0.829924941 0.399009436
    0.547015607 0.212527424 0.120423794 0.474149704 0.788615346
    0.289346755 0.98310864 0.370279551 0.969615817 0.441006899
    0.174589247 0.0796815753 0.805991411 0.748863935 0.945402265
    0.754420996 0.571478009 0.511693895 0.888136268 0.287233055
    0.996162534 0.810383558 0.0285354853 0.445185095 0.0276751816
    0.710061491 0.887850583 0.5845204 0.198619336 0.110179216
    0.414329886 0.653758109 0.783230722 0.259506762 0.919621706
    0.573156834 0.259126961 0.460254073 0.595659733 0.176213235
    0.443608552 0.140657008 0.390138298 0.0886915624 0.478911787
    0.69836688 0.243980438 0.953824878 0.769491136 0.0571498573
    0.422461629 0.45831427 0.14893207 0.385592788 0.190227836 0.3635827
    0.730476141 0.13315475 0.526792228 0.81614542 0.717805266
    0.210424334 0.488919586 0.0387028456 0.982260466 0.586758316
    0.866897583 0.511774302 0.0126801729 0.951619148 0.311756074
    0.00885596871 0.575778604 0.196876168 0.529069722 0.377833962
    0.540517092 0.235575676 0.759277582 0.888539553 0.973934233
    0.378948718 0.288314223 0.841162086 0.614815712 0.641674221
    0.243079007 0.729000151 0.151899695 0.103312463 0.706455231
    0.909289122 0.829086065 0.406533897 0.616414905 0.820836425
    0.812764347 0.42687127 0.439752102 0.643905878 0.652858377
    0.53202498 0.924819708 0.75732857 0.00366291404 0.91170913
    0.880255342 0.583428264 0.569724858 0.997254968 0.396113217
    0.79127723 0.728640854 0.603949904 0.460741967 0.00265112519
    0.438287139 0.294845998 0.265629351 0.942290664 0.919151008
    0.778382957 0.641529918 0.767705262 0.37971282 0.926415682
    0.328121066 0.70141089 0.557258844 0.104127139 0.180516303
    0.345237285 0.0814577341 0.625071466 0.857757628 0.363428712
    0.205836475 0.166715264 0.912739754 0.441080302 0.83096838
    0.954609454 0.710947871 0.252609402 0.463763475 0.103484452
    0.0786606669 0.57614702 0.163769096 0.287503958 0.688585162
    0.371119976 0.308378458 0.870895863 0.428869545 0.335489631
    0.500665843 0.88331008 0.577958405 0.688588142 0.789428949
    0.668473065 0.172757506 0.0868038535 0.617499828 0.14383775
    0.14452216 0.839510679 0.0569691062 0.0529277921 0.637077689
    0.783305287 0.691644907 0.0694580376 0.454965442 0.00647380948
    0.935909152 0.216887712 0.788564026 0.941512227 0.131354272
    0.538868546 0.554705679 0.36115101 0.211669087 0.699216604
    0.875517964 0.254142225 0.701552629 0.895117879 0.326576173
    0.208586782 0.999531865 0.228518546 0.507860124 0.273699552
    0.018927604 0.250914395 0.494187981 0.300878078 0.585030079
    0.959385395 0.257018924 0.244857997 0.31525135 0.458761156
    0.282841146 0.0258483291 0.431473702 0.499471039 0.155460685
    0.244071037 0.0581175089 0.414181352 0.968044937 0.851356864
    0.447013825 0.290718198 0.189530134 0.870416343 0.939994693
    0.369318247 0.466736168 0.597848713 0.598016024 0.934662759
    0.725385666 0.504287958 0.573243618 0.30730021 0.617176414
    0.826834559 0.765507221 0.32423383 0.79712832 0.00974991918
    0.444038182 0.988375902 0.523895979 0.45091486 0.861609161
    0.871016204 0.245838374 0.457908601 0.717692196 0.370398104
    0.989206433 0.94548142 0.810219407 0.166828543 0.406504899
    0.728379369 0.414473444 0.187175035 0.561099648 0.589237511
    0.797034383 0.588395596 0.818324685 0.644407749 0.550286055
    0.378231198 0.663154542 0.497020811 0.652144074 0.576198161
    0.496721894 0.707116723 0.539803267 0.326656938 0.279248536
    0.300436497 0.902355909 0.989405274 0.468158036 0.360715866
    0.303986609 0.281257033 0.520837426 0.0112261772 0.794014812
    0.00225132704 0.314550579 0.131914139 0.139249951 0.609576285
    0.649493217 0.609228134 0.699977279 0.830886841 0.665772855
    0.393811703 0.336549163 0.739130735 0.983965516 0.617698729
    0.301885664 0.859762013 0.87322557 0.339126945 0.26154542
    0.773194909 0.494527191 0.0786189139 0.96364665 0.781778812
    0.302054226 0.425410897 0.0125060678 0.55186373 0.0143231153
    0.942831278 0.819898605 0.461500973 0.668609142 0.984816074
    0.568684101 0.832370877 0.0751280487 0.842156827 0.01980865
    0.652497709 0.151030242 0.761243343 0.763783336 0.00485736132
    0.797687888 0.339269876 0.63950479 0.0223942697 0.558746934
    0.540927649 0.638132751 0.110697508 0.648590147 0.937163055
    0.491249144 0.07269454 0.661871493 0.0449233055 0.578990281
    0.413432121 0.805506587 0.353201598 0.142950237 0.324830055
    0.288728565 0.650543272 0.990056276 0.0243281424 0.410191447
    0.562339544 0.971202493 0.174278021 0.390712023 0.744388521
    0.337797284 0.988316 0.882712781 0.527594447 0.144417942 0.456059545
    0.144869745 0.626678586 0.972156525 0.304898262 0.0224218071
    0.50463289 0.659707665 0.84172368 0.602786422 0.230612397
    0.845644951 0.291092157 0.260291219 0.411605 0.927965462 0.278546244
    0.509640336 0.205290288 0.714170277 0.0698195398 0.0488466918
    0.41205436 0.63007921 0.805766106 0.181068778 0.832462072
    0.318862498 0.0260354877 0.0671291649 0.0248810649 0.15013662
    0.843661308 0.223275214 0.222739547 0.727752447 0.894284844
    0.639271796 0.577933729 0.852635622 0.912447393 0.7519449
    0.0521633625 0.594284177 0.404328853 0.18710947 0.157520145
    0.401274741 0.335027337 0.71534276 0.163356602 0.327893615
    0.49658829 0.642164469 0.679946303 0.356471956 0.941583037
    0.957895339 0.723554015 0.841525495 0.167543024 0.779084623
    0.172586262 0.310190499 0.753557086 0.629375041 0.961471915
    0.0166929662 0.839609265 0.200415522 0.53885448 0.248136967
    0.681536794 0.878922284 0.918088078 0.66410017 0.514244199
    0.922537088 0.611048222 0.225011319 0.775708318 0.46664831
    0.628535748 0.401988775 0.855008125 0.131348133 0.831209183
    0.613590956 0.904407859 0.436497033 0.455002099 0.9732306
    0.102377743 0.440035582 0.937122345 0.841039717 0.333604038
    0.462340057 0.703202486 0.804477811 0.243022561 0.465536237
    0.542788327 0.0319734812 0.221170634 0.0540416837 0.432258517
    0.469522834 0.384768784 0.0932469964 0.818399489 0.668895125
    0.00642359257 0.898902178 0.393291593 0.0538679659 0.317219019
    0.51085794 0.257810801 0.517105103 0.435110748 0.858497977
    0.108471334 0.214479238 0.192676634 0.465634435 0.999857485
    0.74669677 0.496719033 0.806384861 0.467848003 0.0244117975
    0.782096267 0.315672934 0.924926877 0.590511322 0.256659091
    0.731244504 0.571977198 0.602766514 0.176124036 0.0011844635
    0.0776798725 0.804116011 0.648689926 0.369502306 0.210344046
    0.78069222 0.976628542 0.886123061 0.570849836 0.401878774
    0.99685359 0.926748157 0.496376097 0.901286244 0.81878078
    0.348479152 0.780418098 0.768349648 0.097135663 0.428892076
    0.300301671 0.87552166 0.728280306 0.164797366 0.872308433
    0.888724566 0.437377632 0.313301563 0.536220074 0.0161379278
    0.424958944 0.451621085 0.332748711 0.678901076 0.413790435
    0.408592999 0.0663728714 0.841937244 0.744442701 0.877219558
    0.648688495 0.378745139 0.733733475 0.996846437 0.321974427
    0.848029971 0.987577081 0.909577072 0.0969181657 0.267300785
    0.45087561 0.0514423251 0.753847003 0.0285066664 0.643744469
    0.922182798 0.0392840207 0.704908609 0.0547710657 0.0835774243
    0.490179121 0.727133453 0.927465916 0.0439046621 0.662682056
    0.498432398 0.587247729 0.723025084 0.6878708 0.607319355
    0.105984658 0.954955578 0.454277396 0.99995476 0.674906671
    0.481541276 0.331632704 0.040392518 0.45212841 0.934022188
    0.274523586 0.571509361 0.983045578 0.893829823 0.974017978
    0.666071594 0.925714314 0.493748814 0.906016111 0.254039705
    0.789351881 0.0931948423 0.769032657 0.433870614 0.40492335
    0.430171013 0.607938111 0.725763679 0.65090251 0.0634342134
    0.0472043455 0.322583854 0.896565199 0.875573754 0.293943405
    0.538110495 0.856111765 0.311245352 0.76733005 0.446733803
    0.627326369 0.718840539 0.954532623 0.771857083 0.763911605
    0.0736842453 0.705561101 0.376096129 0.51098758 0.0979687274
    0.434453487 0.74736321 0.0212126076 0.166094303 0.24640277
    0.677533388 0.908972502 0.673538029 0.466125548 0.152366042
    0.140604317 0.710117877 0.959780574 0.392252892 0.981361985
    0.170284063 0.979842961 0.138822019 0.598555446 0.769390166
    0.602936983 0.700794458 0.276224971 0.437076092 0.934412301
    0.0134560764 0.408359438 0.741597652 0.0780190229 0.42598334
    0.307489961 0.605657697 0.428499579 0.707062721 0.961850822
    0.451244354 0.864189863 0.424891353 0.611759067 0.34281233
    0.424390346 0.741495967 0.441904664 0.802669168 0.574363768
    0.926955223 0.504588246 0.716000438 0.310798824 0.0629190505
    0.456365675 0.886744142 0.467472434 0.82231462 0.113400906
    0.829971492 0.566260815 0.270029813 0.169609487 0.143314213
    0.84235996 0.710339427 0.986608684 0.815704048 0.706816971 0.5542382
    0.0125057399 0.316965908 0.230242521 0.0854772925 0.885600924
    0.833252847 0.949534059 0.41749686 0.0680179596 0.41452688
    0.795872808 0.00722149014 0.0421595871 0.756167173 0.0501590371
    0.296000898 0.298711181 0.0494139493 0.363022625 0.520955682
    0.0985096991 0.0419068038 0.0259102285 0.456724077 0.183374405
    0.742967427 0.556102753 0.504981816 0.111608893 0.552153707
    0.953518867 0.892715096 0.299209476 0.394931197 0.376429677
    0.6254583 0.373908192 0.291650474 0.0283774734 0.540727556
    0.308297098 0.35474503 0.450626373 0.65427351 0.951422334
    0.129674554 0.521049798 0.0854032934 0.673852205 0.520060003
    0.062055558 0.363882661 0.677509665 0.750666857 0.468679667
    0.952552319 0.951797605 0.401021004 0.0509109199 0.152475655
    0.112443447 0.779378831 0.812743545 0.368883491 0.555645525
    0.373525798 0.440410644 0.31487444 0.979621768 0.904868186
    0.589687407 0.140854329 0.56114471 0.521694422 0.984783709
    0.798364162 0.73392725 0.306937575 0.55903089 0.861154914
    0.400366664 0.178985804 0.665806651 0.455827981 0.947438121
    0.150675744 0.235019177 0.101331949 0.430475384 0.345574319
    0.891988873 0.286447257 0.458232522 0.819833994 0.920236766
    0.304243416 0.113019854 0.752433777 0.771487117 0.382415682
    0.19227913 0.473432779 0.362265944 0.132178873 0.893362641
    0.636511803 0.412113726 0.720974803 0.642005265 0.303746462
    0.224161208 0.82885021 0.0628221035 0.0159363449 0.444770038
    0.0605380535 0.602880538 0.136493444 0.232160002 0.694006562
    0.807197213 0.0902230144 0.479944617 0.109192878 0.503188193
    0.293345541 0.728138328 0.806557477 0.695675731 0.804473341
    0.454707354 0.468596131 0.526064038 0.361533165 0.156041592
    0.996433198 0.0250300467 0.0913256109 0.615967631 0.488175303
    0.741502285 0.595131338 0.523103476 0.306957215 0.576366425
    0.603046119 0.755842209 0.590551436 0.703225493 0.144269139
    0.117848337 0.158447355 0.71156764 0.533240855 0.696430385
    0.64827472 0.449551165 0.605577052 0.980030835 0.737237811
    0.445329577 0.333980978 0.173345834 0.990189791 0.622668386
    0.382660687 0.674762964 0.607878327 0.889716268 0.892279983
    0.756711483 0.0300301313 0.365552604 0.343220472 0.0233712494
    0.491222292 0.793287277 0.0756888688 0.0934208035 0.110133737
    0.209366769 0.312292546 0.978042364 0.737493813 0.780925035
    0.14294526 0.911836505 0.119521022 0.380370498 0.160412967
    0.208833277 0.474959612 0.301012814 0.701369107 0.506983995
    0.155882627 0.167375296 0.444678515 0.738088131 0.0143706799
    0.380404264 0.719000876 0.499901831 0.423132807 0.589805901
    0.731351018 0.243978739 0.62557292 0.603801191 0.978745341
    0.759006023 0.0397925675 0.205096453 0.16766423 0.72786057
    0.993614674 0.777330637 0.644408524 0.54903692 0.958898187
    0.875163257 0.672356427 0.9427737 0.178755671 0.763718963 0.35641712
    0.076171577 0.658339977 0.97219646 0.690512657 0.629564166
    0.280352622 0.98496604 0.351983666 0.75976789 0.258122951
    0.525582969 0.34140417 0.400285333 0.546788812 0.197331756
    0.19064784 0.836564958 0.975070715 0.683647335 0.242072344
    0.332154393 0.818559945 0.180591494 0.209335297 0.645862341
    0.0544196665 0.210675567 0.532173991 0.116102129 0.0629101396
    0.159106284 0.236025482 0.000859647989 0.842119217 0.826847672
    0.666038811 0.78196609 0.258804142 0.148382902 0.0654653907
    0.378034621 0.107980311 0.858391047 0.0974029005 0.620786309
    0.717203498 0.201910615 0.554438472 0.627657473 0.968714058
    0.0956776142 0.649273157 0.622917235 0.411128849 0.863378882
    0.198940247 0.0631074607 0.84549582 0.16278553 0.665064096
    0.508243799 0.983766556 0.407241076 0.113474429 0.213590324
    0.146521211 0.480189413 0.228128403 0.30527094 0.297558427
    0.652906299 0.964391589 0.906210124 0.0912253857 0.88045013
    0.721229434 0.35377413 0.216744721 0.947198629 0.317295015
    0.891771197 0.582396626 0.7279706 0.841287971 0.373183787
    0.205040783 0.773011327 0.60111922 0.432415962 0.683154404
    0.842419386 0.615465283 0.979245663 0.379050255 0.543434381
    0.679104865 0.0596797466 0.0171140134 0.803676724 0.314727128
    0.830455184 0.593937397 0.045597136 0.263296813 0.26295805
    0.152010053 0.547555804 0.201184273 0.135708302 0.115465283
    0.0200549066 0.96001637 0.0666363537 0.640534163 0.376300246
    0.128206253 0.22168085 0.404276133 0.637500286 0.551707685
    0.453826249 0.0320197642 0.521957815 0.545843601 0.130212605
    0.0754180849 0.855613232 0.473339766 0.344081938 0.126531601
    0.32855925 0.40563783 0.582093358 0.323363185 0.275483608 0.23870635
    0.705512762 0.513842523 0.651649594 0.640068769 0.403762966
    0.378442615 0.199842662 0.360991299 0.408042014 0.730238497
    0.611206293 0.138476938 0.00667911768 0.0500688851 0.582841218
    0.559612453 0.589070439 0.183498979 0.792315722 0.149446547
    0.91040951 0.790035725 0.803624868 0.616971433 0.336401671
    0.802134037 0.205463469 0.564113975 0.518275082 0.51310581
    0.561231852 0.12539947 0.5916394 0.500851452 0.139277756 0.53362
    0.637846351 0.452597111 0.614932656 0.608238637 0.0552888513
    0.146823287 0.793638289 0.434458703 0.421846867 0.814596593
    0.325775683 0.371181369 0.507149756 0.789166152 0.769947052
    0.372286052 0.378084838 0.407037735 0.306317091 0.066683352
    0.879752994 0.404914975 0.619811177 0.591833115 0.789282799
    0.266909897 0.752196729 0.0113984644 0.295227885 0.680645347
    0.566355586 0.96720022 0.820211232 0.626085699 0.216591448
    0.374630094 0.428266585 0.382571101 0.550634921 0.145546764
    0.26052931 0.0263443589 0.979701638 0.712547779 0.337361693
    0.185798109 0.170323372 0.109502047 0.892628312 0.696711659
    0.594692528 0.884453416 0.348729789 0.963754833 0.384822339
    0.0758571625 0.599971235 0.279737234 0.924193144 0.142850608
    0.216805488 0.237826735 0.618991256 0.136967033 0.0472833812
    0.142701924 0.566452444 0.228244156 0.724294186 0.827199638
    0.568258703 0.189773321 0.73187542 0.98172462 0.508283854
    0.168570995 0.110097647 0.810340405 0.0870078206 0.600534737
    0.118953198 0.544334292 0.97797513 0.151970655 0.907816052
    0.0737752318 0.754190803 0.0276355147 0.408965766 0.579434991
    0.724479496 0.396890014 0.0770936608 0.448573858 0.740619898
    0.345252931 0.0758131742 0.88769716 0.483549833 0.452595949
    0.334183931 0.879622161 0.807352781 0.607356369 0.103660077
    0.75632298 0.623727322 0.621847987 0.236807227 0.244964838
    0.280970991 0.360787809 0.557703197 0.637223363 0.905192316
    0.217988431 0.674031615 0.789499879 0.69994688 0.453285962
    0.791504622 0.00735884905 0.823261499 0.666139245 0.353578687
    0.994093597 0.226453274 0.388192207 0.627482116 0.805930138
    0.922531426 0.433330536 0.277720451 0.46651727 0.93819201
    0.111561447 0.637097478 0.530872464 0.856516838 0.724748611
    0.933778286 0.336027384 0.425376058 0.442146689 0.774956107
    0.418678343 0.684775054 0.326587677 0.371084392 0.470957011
    0.104626805 0.46643135 0.0887080729 0.4120152 0.568311572
    0.899294972 0.810979843 0.1557118 0.917180657 0.63209039 0.76971662
    0.710629582 0.0794506967 0.046933651 0.869776428 0.667549253
    0.65425539 0.763392687 0.0678782165 0.0261218548 0.845603704
    0.506559551 0.12973246 0.0934608877 0.281868547 0.196546048
    0.00375047326 0.342534125 0.652086258 0.914458394 0.104406655
    0.0344489813 0.96212554 0.103807956 0.0751591027 0.562471151
    0.385024846 0.834417462 0.355649471 0.81574297 0.208306134
    0.0202463567 0.750205517 0.280037105 0.436016321 0.216979206
    0.469616383 0.158067971 0.713294983 0.551422834 0.462115616
    0.557924986 0.435619652 0.100696802 0.874604344 0.110945106
    0.91278708 0.921437442 0.177099347 0.898545742 0.492099643
    0.777398169 0.934766352 0.509979725 0.888015807 0.0240090191
    0.756718993 0.481801718 0.291252255 0.853274107 0.764861941
    0.143906027 0.221738398 0.240500778 0.347995222 0.431740761
    0.296761751 0.497544587 0.427646965 0.890402496 0.117597729
    0.796622634 0.681274772 0.271809936 0.279339194 0.826792479
    0.320623934 0.272112608 0.206394702 0.747926474 0.819072127
    0.889185667 0.190882415 0.776450872 0.0928822458 0.221892238
    0.409518123 0.716039062 0.422359943 0.230271935 0.409677625
    0.982611537 0.887511253 0.838732481 0.77914983 0.765852332
    0.973316312 0.0654117465 0.243336618 0.0772577822 0.504571736
    0.184327424 0.897919774 0.509805083 0.155751139 0.287334144
    0.193695873 0.822798967 0.587716937 0.642111421 0.463132381
    0.35528487 0.0351488888 0.829188466 0.039052248 0.439425975
    0.98111558 0.135912925 0.17283991 0.248966038 0.692046583
    0.886618495 0.230607927 0.852669358 0.113726735 0.847532153
    0.117394269 0.192105025 0.870814562 0.101089984 0.0467387736
    0.770950437 0.808733821 0.63150841 0.264315188 0.193591684
    0.410955369 0.0949605703 0.904518902 0.52445209 0.162541568
    0.179829001 0.813440382 0.930157661 0.266023099 0.20448342
    0.315724939 0.159879893 0.325733483 0.73547101 0.213590771
    0.0609611571 0.125021189 0.528850913 0.286419451 0.536473393
    0.886549115 0.205350846 0.797724843 0.139619261 0.353025675
    0.99399817 0.202706873 0.636156082 0.190020114 0.794099569
    0.113804013 0.234533697 0.142766267 0.370704025 0.748036623
    0.58199811 0.683168411 0.719061375 0.199379534 0.254949927
    0.00834307075 0.427052677 0.577848375 0.501158535 0.0585673749
    0.79507637 0.403406799 0.873764634 0.233901948 0.271746606
    0.0680654943 0.0705937743 0.444085568 0.802476943 0.749638259
    0.823043287 0.511818588 0.215192378 0.932295918 0.208553582
    0.216700733 0.709849477 0.79319346 0.864981353 0.640929818
    0.479021549 0.532205522 0.90310359 0.688329995 0.605152547
    0.49579677 0.902112484 0.172147214 0.8458606 0.582636833 0.688220501
    0.474350393 0.26806885 0.303726017 0.0225579441 0.640230358
    0.414178789 0.0645416677 0.136223823 0.881038666 0.187667221
    0.00655597448 0.363544881 0.0526711941 0.449232042 0.865160882
    0.398373932 0.495904088 0.331304848 0.768757641 0.0330915153
    0.951683164 0.198049545 0.062590152 0.759331703 0.88188386
    0.228009135 0.57171005 0.441496193 0.469416589 0.584968328
    0.452661186 0.710047424 0.71311301 0.724098146 0.532310963
    0.27641052 0.615715981 0.0708478093 0.145718485 0.29592514
    0.625567079 0.565909803 0.922830462 0.615055025 0.457793087
    0.612315476 0.464916766 0.753796339 0.788884521 0.0783306956
    0.348284662 0.792940021 0.175896019 0.0333664715 0.822081983
    0.203416526 0.425226063 0.0326218903 0.195271671 0.634096622
    0.567950904 0.219726592 0.484211653 0.419705898 0.0472113788
    0.583292484 0.114142537 0.99968791 0.512807131 0.123491943
    0.0479369462 0.906109333 0.807357192 0.163781554 0.321715891
    0.720541179 0.565333784 0.435751945 0.727669239 0.233669937
    0.508773565 0.247424841 0.241955221 0.54841584 0.493934244
    0.0202219188 0.812643647 0.891058564 0.0282087028 0.968624413
    0.178413928 0.268180192 0.996402144 0.165207326 0.0361334682
    0.373054206 0.767010808 0.548455179 0.51254791 0.674903989
    0.232735842 0.994579911 0.806720495 0.942319453 0.28265655
    0.965010822 0.308842361 0.00782427192 0.203888565 0.391741902
    0.349956632 0.724999487 0.646150529 0.209672034 0.788161814
    0.882888198 0.153376728 0.512596846 0.390430957 0.67360878
    0.867042542 0.228185564 0.135575145 0.44506073 0.504379332
    0.633551538 0.64274919 0.814808726 0.52179718 0.46578908 0.66819483
    0.431944728 0.337421596 0.756015718 0.958945453 0.33376044
    0.260488033 0.924116135 0.369982004 0.928984284 0.42873916
    0.117345572 0.343326449 0.901843667 0.750523627 0.14572835
    0.572250366 0.0521393716 0.516770065 0.417870015 0.598888874
    0.716873765 0.553138196 0.411374032 0.319409072 0.425112724
    0.325594366 0.35522604 0.848785043 0.340411931 0.43948409
    0.0818676054 0.0671826005 0.419600278 0.402954221 0.719699562
    0.51988405 0.575005531 0.0696462393 0.0926376283 0.21429652
    0.901368499 0.689663708 0.224840254 0.527182519 0.0393404663
    0.71359247 0.411034465 0.564680696 0.942967772 0.914052606
    0.483229399 0.0510272384 0.584699988 0.664498389 0.714947402
    0.848568082 0.716001511 0.91821897 0.156438202 0.765259504
    0.238230199 0.461397678 0.610136926 0.570803583 0.0264184475
    0.0845035017 0.834823012 0.917161167 0.266585767 0.0100593865
    0.828324854 0.132589221 0.284525454 0.4721255 0.462789953
    0.456317961 0.885033607 0.642212927 0.148154199 0.286159933
    0.885974348 0.00376528502 0.0550583601 0.496877849 0.546012759
    0.235416532 0.204437405 0.134343535 0.768275261 0.548473179
    0.927080274 0.836908698 0.262980461 0.531834364 0.617221653
    0.275559545 0.245605826 0.635725498 0.136996776 0.0746343434
    0.16438964 0.163574934 0.892414987 0.602591574 0.403556734
    0.416937858 0.0140091777 0.131544322 0.734879017 0.0839677453
    0.835078299 0.0479895473 0.530820787 0.946857214 0.944934011
    0.033013761 0.819685936 0.15700227 0.213086188 0.550915122
    0.668644488 0.113246948 0.513007104 0.104362369 0.492968172
    0.197012335 0.34323889 0.129610509 0.395223022 0.820995212
    0.87811166 0.505320132 0.254281342 0.283507049 0.856927514
    0.363295436 0.377962559 0.0720021129 0.12445578 0.942548692
    0.576641858 0.677823067 0.0126378834 0.436915994 0.188576996
    0.924566507 0.990057707 0.294473588 0.762858748 0.820443869
    0.986203909 0.956631303 0.93277657 0.526477575 0.968125165
    0.873143435 0.0595293045 0.885612786 0.538392127 0.0867767334
    0.88650763 0.0708188117 0.433686256 0.216800243 0.670052469
    0.381985664 0.778170586 0.936423242 0.828590155 0.788161695
    0.110320628 0.460419923 0.562924147 0.46885249 0.975642979
    0.707488537 0.0794755518 0.142408937 0.31242615 0.679384947
    0.909447491 0.0506206453 0.0502470434 0.957622647 0.853842616
    0.21930182 0.902494311 0.0943926573 0.110206693 0.943673551
    0.879221022 0.562721193 0.659597993 0.669644356 0.60824573
    0.909784555 0.0941996872 0.254603684 0.991723418 0.722648382
    0.794756055 0.0239453018 0.823157132 0.9765172 0.941640735
    0.240103245 0.706008494 0.633053303 0.0787453055 0.689398825
    0.858011365 0.663849294 0.894343555 0.351071239 0.547047257
    0.340114355 0.192405403 0.708984673 0.573343396 0.878051579
    0.679362059 0.470489025 0.181763202 0.107865214 0.724570334
    0.745146632 0.737798333 0.633426726 0.174992234 0.413631201
    0.291195035 0.663776994 0.699711442 0.80656147 0.983093739
    0.216859281 0.0605294108 0.267171919 0.03442204 0.141951561
    0.120615184 0.615335763 0.535200417 0.168143839 0.159065932
    0.133469433 0.989789605 0.888372421 0.698489726 0.77718699
    0.474163651 0.242585152 0.551090479 0.0279259384 0.395336181
    0.0110620558 0.922322631 0.908660531 0.487604797 0.315992475
    0.627621412 0.783066869 0.206051737 0.554715097 0.281796455
    0.802232087 0.764841318 0.331575215 0.407939553 0.766616285
    0.0450674295 0.479551852 0.199267238 0.322289824 0.186769456
    0.12957567 0.15566352 0.150630593 0.845894217 0.548090398
    0.491583258 0.676660419 0.177300066 0.442625523 0.668220401
    0.33319217 0.676213086 0.540461838 0.903599262 0.594866872
    0.542917132 0.564162374 0.629532754 0.728573501 0.563311219
    0.673532426 0.0377617776 0.698860466 0.931422234 0.767837644
    0.0463659465 0.558931112 0.361358732 0.209254175 0.891362071
    0.854570746 0.380503476 0.0073377192 0.437434345 0.568870485
    0.652475178 0.454184741 0.956128418 0.40138036 0.685758293
    0.0133149326 0.595077455 0.315856785 0.876769423 0.232199818
    0.692854643 0.594327629 0.104343832 0.627915025 0.431304842
    0.164194465 0.906676054 0.903846502 0.201762289 0.871295571
    0.888855398 0.259067774 0.105972737 0.762478173 0.924876094
    0.125588298 0.264620215 0.458680868 0.89021492 0.784784973
    0.460527658 0.489059389 0.766803145 0.51871711 0.401660144
    0.396837354 0.336837649 0.514830172 0.230227321 0.926103711
    0.738251805 0.190471053 0.269606173 0.92395556 0.422561377
    0.606551588 0.810530424 0.385966152 0.646934628 0.429066837
    0.355634391 0.324369192 0.829005599 0.909740329 0.250943065
    0.153185159 0.915730774 0.944337606 0.616948962 0.73277247
    0.30494687 0.740416229 0.200371593 0.139501989 0.88420403
    0.833289921 0.958468437 0.974893034 0.0878027081 0.363687634
    0.0538353026 0.358059883 0.656536937 0.138095498 0.744918466
    0.939589858 0.760959923 0.283973306 0.5436095 0.744130611
    0.856445789 0.126218021 0.17701599 0.974997342 0.850017369
    0.236659318 0.550644219 0.205801368 0.508936286 0.515736401
    0.469548047 0.719430387 0.613749266 0.372235119 0.164316744
    0.992679954 0.264165163 0.686187446 0.061306119 0.68589288
    0.443109751 0.584361196 0.296689838 0.214315176 0.29610008
    0.441609263 0.635560691 0.0943452418 0.124536157 0.738380909
    0.48460722 0.729052782 0.563717842 0.533584058 0.898391724
    0.112730026 0.381060094 0.121643782 0.403378814 0.0610422194
    0.536340594 0.577501953 0.0412131846 0.717729688 0.67956233
    0.416451097 0.700225055 0.969410419 0.664325714 0.925831258
    0.688679159 0.976620436 0.482675403 0.838858485 0.489693493
    0.824199915 0.186863691 0.745959461 0.896146894 0.0850110352
    0.246480078 0.19678852 0.865046024 0.256392896 0.950756431
    0.804656625 0.51129359 0.596984148 0.795407891 0.411175489
    0.56821686 0.635886192 0.0264489949 0.650148392 0.841350079
    0.427899003 0.977798045 0.920850039 0.123482853 0.228956133
    0.662178934 0.888626456 0.548027694 0.716147125 0.709412336
    0.316417605 0.550686777 0.832163513 0.121851861 0.320606798
    0.188776612 0.0401432812 0.648600936 0.686579943 0.457224786
    0.37464571 0.474884033 0.74030143 0.174501985 0.0579389036
    0.397770137 0.231889606 0.901425123 0.176375568 0.576096714
    0.704560399 0.0341611505 0.891341805 0.502430677 0.965745211
    0.263417006 0.0879300833 0.745671988 0.571842551 0.853179455
    0.658572137 0.694779158 0.948145151 0.170339376 0.663807273
    0.968822956 0.717653215 0.206741303 0.640795231 0.933069348
    0.996883035 0.449867696 0.485739976 0.178319335 0.0924320221
    0.176732957 0.885889053 0.755974412 0.14282459 0.975448847
    0.182885557 0.544136584 0.581549048 0.9341048 0.00246369839
    0.910490632 0.397604048 0.833504677 0.519120097 0.522850215
    0.311828375 0.238719702 0.597945631 0.678415954 0.628787696
    0.718728006 0.414536685 0.250078499 0.922684669 0.545909584
    0.132309347 0.442109466 0.437503815 0.545117021 0.867581069
    0.273016334 0.440096378 0.568810642 0.213755846 0.248293042
    0.537522316 0.415087044 0.548130572 0.652734399 0.72364831
    0.463299096 0.623385012 0.888802946 0.00382757187 0.623294175
    0.606748879 0.212893307 0.0711501837 0.189534098 0.940195322
    0.0255721211 0.699126601 0.687755167 0.717706203 0.996437907
    0.218655318 0.483686417 0.130028903 0.080337733 0.310070992
    0.516301572 0.947198629 0.722233355 0.0698730052 0.158320218
    0.373574018 0.247071713 0.568236351 0.077511102 0.83590734
    0.254419208 0.0721075237 0.863753557 0.98189199 0.093277961
    0.753671467 0.57028991 0.517319679 0.871071696 0.338010937
    0.135020882 0.892618775 0.7446087 0.113856435 0.591715813 0.80076468
    0.462413698 0.102434695 0.076323092 0.91338551 0.750207901
    0.444004476 0.109761506 0.0436727107 0.0707483292 0.793887258
    0.454549372 0.272884011 0.688322604 0.321952611 0.774017572
    0.510987759 0.920487821 0.521855414 0.326238096 0.249562889
    0.808501124 0.29576093 0.569503307 0.942673683 0.505032122
    0.705991507 0.624704123 0.35484457 0.227462441 0.0278813243
    0.568162441 0.167243272 0.0966453552 0.439877868 0.285634041
    0.943923712 0.697613835 0.216848254 0.248653203 0.301856279
    0.614340663 0.52475518 0.133432627 0.99476409 0.71491456 0.980090618
    0.312844366 0.17400223 0.175628543 0.487583011 0.650633931
    0.246287763 0.577317834 0.392060369 0.150604129 0.501920879
    0.334088713 0.0467448831 0.104525059 0.971432686 0.916134238
    0.0160810947 0.459102809 0.0201308131 0.949947119 0.437894225
    0.667739689 0.210851818 0.263187468 0.375598192 0.285291523
    0.625308335 0.493799657 0.821743369 0.278638899 0.00439125299
    0.450075835 0.0986120999 0.386784583 0.244992495 0.25254184
    0.928398132 0.57692641 0.912574053 0.0670936406 0.340292215
    0.307660043 0.424722552 0.247826785 0.973383725 0.455547541
    0.294617951 0.18468973 0.759775102 0.0850431621 0.907761097
    0.25951463 0.0263965726 0.24472937 0.972743273 0.453325629
    0.989226818 0.858210087 0.0745428503 0.457696646 0.644365191
    0.683178186 0.445316315 0.521896303 0.0569092631 0.754533708
    0.539877057 0.695606589 0.143079072 0.551504672 0.449498177
    0.903726578 0.151274502 0.539269567 0.305481911 0.0293413699
    0.0329646766 0.938282013 0.910418987 0.893222094 0.568289399
    0.192977458 0.985801935 0.192771763 0.93755126 0.909687042
    0.790057063 0.0551649928 0.376724809 0.676032484 0.338293076
    0.37967515 0.0862377286 0.428908497 0.323205173 0.119180799
    0.662782252 0.92051518 0.716748118 0.487125665 0.304464996
    0.587109745 0.663213432 0.151583731 0.546157897 0.572402179
    0.636049688 0.873812079 0.309454829 0.701027989 0.717550516
    0.927351594 0.00915914774 0.00906893611 0.794528127 0.0410172939
    0.294925779 0.813776851 0.161472291 0.0975275636 0.873327971
    0.654199719 0.159485996 0.0557149649 0.233907372 0.132320702
    0.339252234 0.978433251 0.290470481 0.417022824 0.593349457
    0.270634055 0.262275159 0.952680171 0.834013224 0.834937811
    0.898539007 0.662791908 0.121387541 0.524989605 0.846461594
    0.497388661 0.0766984224 0.222588778 0.511114836 0.00900402665
    0.0627663732 0.226417154 0.193528533 0.946562767 0.0266996026
    0.0657269955 0.333346933 0.75532937 0.326227784 0.429663539
    0.332763195 0.857901454 0.642939806 0.0547432601 0.515768409
    0.356369615 0.18773675 0.723312557 0.347128153 0.959538221
    0.976970792 0.626239896 0.105015993 0.808548093 0.0556572378
    0.846592665 0.219422549 0.966416597 0.493171453 0.548260331
    0.676288486 0.420869946 0.13882184 0.133333713 0.99262166
    0.773635507 0.10770148 0.581918955 0.72735405 0.919886231
    0.956238389 0.165995061 0.70914793 0.978661895 0.972615361
    0.320918381 0.519483387 0.513837218 0.161866575 0.0466328859
    0.171643764 0.467523187 0.872314095 0.949688435 0.937941313
    0.124666065 0.48199597 0.379994154 0.165105432 0.856210113
    0.0434881747 0.0588709712 0.768755198 0.742242217 0.787346244
    0.0302414596 0.430749059 0.792780995 0.978924155 0.854020238
    0.0139125884 0.00804722309 0.750487447 0.803758681 0.877732396
    0.649102211 0.638579965 0.151078284 0.499714464 0.130517542
    0.112806976 0.445196778 0.457603484 0.815535784 0.782388568
    0.644428432 0.796419382 0.491148621 0.56241709 0.454310715
    0.000864565372 0.0262941122 0.32935667 0.73872602 0.648422122
    0.82165432 0.502752542 0.816242635 0.264980376 0.0694487691
    0.204870701 0.574977577 0.973225236 0.453755349 0.309009492
    0.00902351737 0.289850652 0.0858326256 0.767864585 0.322185516
    0.33727324 0.515572608 0.0966159999 0.407586068 0.118856102
    0.31156671 0.891440988 0.726201534 0.0115948617 0.462829798
    0.656120181 0.197081 0.259182185 0.259305686 0.477479488 0.766399086
    0.475943476 0.597285926 0.779416084 0.795748591 0.0494834483
    0.0988248885 0.736740708 0.352743834 0.833520174 0.00365570188
    0.691613972 0.959190607 0.248579204 0.618817329 0.726951003
    0.768010199 0.0561365485 0.528273582 0.191131532 0.168957412
    0.387603045 0.664861798 0.805233002 0.180403113 0.82194531
    0.737891376 0.156015009 0.928243637 0.150167078 0.609198809
    0.7279073 0.18468523 0.153993249 0.605062068 0.476696134 0.830282569
    0.286664903 0.984174132 0.101815641 0.926821828 0.874817491
    0.800318003 0.422913373 0.233261108 0.194947213 0.0199737251
    0.00977134705 0.736689627 0.0978782177 0.242556065 0.202894747
    0.388605922 0.108908117 0.662918568 0.90856266 0.0320952833
    0.437488914 0.337126076 0.5323174 0.277096421 0.291928232
    0.287779391 0.209394991 0.876924038 0.26149112 0.21244216
    0.0692686439 0.0417940617 0.259084821 0.495262891 0.28365016
    0.98781848 0.707491457 0.136416435 0.851945817 0.405601114
    0.534688354 0.547566056 0.917398036 0.99844265 0.665902376
    0.875097871 0.496379435 0.717078209 0.0119799078 0.376408339
    0.246796817 0.343000084 0.116971999 0.484903246 0.00794026256
    0.122365803 0.0106393993 0.52607429 0.507502317 0.822899938
    0.153804213 0.882230639 0.0524265766 0.113204479 0.191412389
    0.359927148 0.179615587 0.848943532 0.221285075 0.944978714
    0.278740048 0.615021527 0.10384354 0.192666322 0.553640544
    0.386588663 0.899566054 0.584053874 0.963647485 0.0701523721
    0.583789349 0.894834638 0.504067183 0.756841421 0.855690956
    0.0412863195 0.646038175 0.087854445 0.361581862 0.176441371
    0.833778858 0.917427421 0.404466361 0.693505526 0.783962131
    0.108825237 0.20517087 0.125808626 0.869417667 0.987788737
    0.145936966 0.449326962 0.811601222 0.121605635 0.322752953
    0.911866188 0.0560665131 0.76222074 0.715565979 0.252555847
    0.752249479 0.219390363 0.379560381 0.96464318 0.387359917
    0.638827384 0.189333737 0.591214836 0.116941422 0.917568922
    0.0403374434 0.928500652 0.68099165 0.644173384 0.195774972
    0.245057374 0.737403989 0.236955583 0.525986791 0.391617358
    0.0777409673 0.16084823 0.44430992 0.996889889 0.87911427
    0.490281463 0.666588962 0.665061653 0.268278301 0.0590412617
    0.544872582 0.00937625766 0.844760895 0.964426696 0.626748502
    0.78222549 0.316330791 0.0472308397 0.536713243 0.715495408
    0.0815769434 0.98206985 0.552068233 0.154054016 0.940340757
    0.0597746968 0.613633871 0.128414482 0.640805602 0.211588055
    0.0789058208 0.14210403 0.597820878 0.865678549 0.198899001
    0.934680462 0.117288828 0.809187174 0.189497918 0.662495971
    0.828891873 0.622984111 0.912887692 0.0104241669 0.647369564
    0.92718029 0.778004766 0.869018674 0.121640444 0.556440651
    0.516461432 0.807717025 0.763485551 0.983894229 0.845565438
    0.477614462 0.580773592 0.896387875 0.110165507 0.566452742
    0.706595182 0.822374046 0.149539322 0.064810127 0.849435806
    0.927957833 0.947113574 0.641729772 0.849285543 0.940840662
    0.395468235 0.37294966 0.119849056 0.82494688 0.754425168 0.49086836
    0.465508282 0.05207932 0.648429155 0.429077983 0.355048746
    0.267801881 0.197679937 0.972076416 0.50282836 0.0360898674
    0.42600444 0.495029449 0.639431596 0.385748059 0.889457941
    0.643126667 0.0590426624 0.212946534 0.621649861 0.648144543
    0.820436478 0.656472504 0.350128591 0.717052698 0.438319236
    0.77646184 0.37800011 0.281420767 0.826688528 0.558811426
    0.717302799 0.955849767 0.558223367 0.761312604 0.693251669
    0.370475113 0.324696392 0.556719005 0.965991199 0.302220047
    0.684658706 0.495085806 0.516891718 0.935257912 0.713766992
    0.0868008733 0.306968004 0.453632027 0.913343668 0.415864527
    0.547947049 0.797279835 0.880774796 0.594677925 0.644659579
    0.526295304 0.964985013 0.544800043 0.918038726 0.441643953
    0.434936166 0.248883843 0.984150052 0.787170887 0.14078474
    0.978013396 0.148992598 0.240213096 0.302931547 0.00473377109
    0.21443975 0.901040792 0.848233819 0.0176351964 0.565609694
    0.39870584 0.20432207 0.450959265 0.89561367 0.144869059 0.206132501
    0.441240668 0.448051751 0.137472779 0.235620856 0.326215863
    0.766757965 0.853262544 0.582945168 0.00946232677 0.150038749
    0.443719655 0.863579452 0.0578617454 0.17795819 0.135525405
    0.681165218 0.353111476 0.885927796 0.687875092 0.656083405
    0.703612804 0.0190807879 0.465477914 0.802574217 0.466675639
    0.5744735 0.292468727 0.981118917 0.310854673 0.294911683 0.60704881
    0.237656862 0.382493287 0.601370931 0.0252780616 0.174187899
    0.549633682 0.309855342 0.109006882 0.351838589 0.420876503
    0.212157458 0.0541818142 0.693539858 0.524998009 0.800783813
    0.300866038 0.411896259 0.555200219 0.281313837 0.248119414
    0.481849849 0.798962355 0.398706913 0.917780399 0.848276496
    0.655473471 0.908229768 0.00306484103 0.830736816 0.494384229
    0.950411201 0.0535482466 0.581962109 0.392406821 0.934346676
    0.445916682 0.918562174 0.723055184 0.744828641 0.216740847
    0.413117111 0.648665667 0.762216449 0.124876469 0.086581409
    0.629798412 0.204182714 0.0155694783 0.452819765 0.515892088
    0.309380829 0.860865176 0.189146161 0.805679679 0.455745816
    0.336338341 0.897957206 0.18207857 0.781961143 0.876897335
    0.282034189 0.868762016 0.93689394 0.861851037 0.154181838
    0.10779345 0.822371662 0.330893755 0.0840134025 0.471456617
    0.522284985 0.411414385 0.704737067 0.200212479 0.276195765
    0.382957399 0.916304111 0.45269075 0.176523358 0.199263901
    0.375207156 0.418582559 0.878472149 0.145404369 0.171973556
    0.985540509 0.296817839 0.971616924 0.269193113 0.355071485
    0.333126724 0.230417043 0.238567948 0.450534374 0.877488971
    0.35910213 0.0770221055 0.434045732 0.195255905 0.863625705
    0.533748984 0.341773868 0.752711952 0.412941307 0.85822618
    0.522467196 0.0782465935 0.690380752 0.902408183 0.915447354
    0.0972783864 0.671602845 0.322510511 0.674065948 0.206485868
    0.517728209 0.297891259 0.334314644 0.154591411 0.285634637
    0.991244316 0.509364247 0.446448028 0.508375168 0.433218449
    0.587410033 0.559005082 0.893907666 0.697316885 0.386422426
    0.680620372 0.753554583 0.464708328 0.259121895 0.64044261
    0.730260372 0.103939354 0.361016989 0.762909532 0.450059235
    0.452885926 0.112515271 0.222028702 0.0475814939 0.53124541
    0.399715811 0.925994992 0.907088041 0.212574065 0.341609478
    0.577049196 0.531584263 0.517099619 0.645052433 0.382444113
    0.600533366 0.0712508261 0.010482043 0.647314787 0.0162146389
    0.535395026 0.380106002 0.240614921 0.605847299 0.539469481
    0.672930002 0.745129824 0.317363292 0.0863836408 0.111764461
    0.123316228 0.568184793 0.446764648 0.357134372 0.805697083
    0.03708902 0.687146246 0.389965266 0.850361943 0.346866012
    0.540058136 0.645302594 0.724549413 0.900052547 0.26453644
    0.261477888 0.830657959 0.803547144 0.237736523 0.587258935
    0.903501034 0.592605233 0.629961848 0.995768249 0.56698966
    0.568291128 0.847192228 0.408509046 0.644206882 0.145432621
    0.763798356 0.191812396 0.00286132097 0.0838695765 0.772755086
    0.0325391591 0.796017945 0.855050683 0.79259032 0.426560342
    0.909346342 0.288049579 0.141529858 0.863586664 0.969289839
    0.612394452 0.888761401 0.598879993 0.217796266 0.885936975
    0.50879693 0.00432306528 0.201871067 0.575915396 0.602486014
    0.646140814 0.307967812 0.988625288 0.795751572 0.718779087
    0.896367192 0.753034592 0.358220905 0.754186153 0.226531893
    0.685934603 0.0775545239 0.390824825 0.90988183 0.218265653
    0.197760552 0.868319035 0.0810264349 0.55295825 0.973896861
    0.287737131 0.470204622 0.445750058 0.653521955 0.467709273
    0.485438704 0.374826878 0.764427543 0.527962565 0.545488417
    0.236086547 0.168627888 0.973103881 0.417185485 0.120677412
    0.897962689 0.510343015 0.486448765 0.360208929 0.655469298
    0.402751267 0.971975863 0.3575086 0.0555331111 0.589505255
    0.968237936 0.373911262 0.253238738 0.290936112 0.910265207
    0.0489870906 0.491497397 0.274119556 0.265594095 0.402620912
    0.507808745 0.30987671 0.682079315 0.850506127 0.282383561
    0.0598836839 0.41845417 0.535764039 0.023617357 0.371283293
    0.708146513 0.412966192 0.796407402 0.16632244 0.00962623954
    0.266013145 0.932851791 0.425756752 0.0485217571 0.757043004
    0.242570192 0.767405331 0.31518662 0.583969831 0.306916535
    0.828032613 0.501484692 0.379918218 0.067719996 0.0544344485
    0.754580379 0.804506361 0.0806592703 0.00088840723 0.888308883
    0.27850163 0.92889142 0.298946679 0.34470427 0.138970107 0.914926648
    0.700594902 0.565721512 0.294687152 0.670712471 0.185968608
    0.100695789 0.847855926 0.189121634 0.540895164 0.427178234
    0.947347522 0.549362004 0.415600181 0.278942436 0.63102138
    0.20899877 0.25575915 0.322330534 0.0838652253 0.917206824
    0.414417118 0.534337342 0.95422399 0.433860779 0.212876171
    0.717069864 0.646404028 0.30086118 0.718325436 0.957635164
    0.224184036 0.750549078 0.00192770362 0.811056733 0.785438359
    0.173160255 0.329552561 0.878463984 0.922539234 0.607475519
    0.628588498 0.940155864 0.871289492 0.804091573 0.0456342101
    0.266064107 0.459371567 0.591537118 0.269034326 0.427437276
    0.260762691 0.431546479 0.355095327 0.713578939 0.634702563
    0.738791525 0.306644976 0.0689654648 0.509454846 0.635094762
    0.0580783188 0.295926511 0.50870806 0.646183729 0.217388928
    0.709288895 0.891464293 0.893135071 0.412722915 0.891599894
    0.635638475 0.504443645 0.226378888 0.29604876 0.660443783
    0.743152738 0.578966916 0.635694146 0.0403573215 0.0813398063
    0.987421036 0.297025174 0.812405586 0.0698236227 0.74098599
    0.645875514 0.23077023 0.99761796 0.166035026 0.557092488
    0.488552779 0.645529628 0.31605953 0.244166732 0.864757299
    0.51554656 0.52388382 0.787158072 0.0966632962 0.44965142 0.5705024
    0.961154222 0.258087635 0.983309865 0.648009062 0.21631366
    0.614641488 0.800571501 0.0535084009 0.157005936 0.849229991
    0.188827485 0.127194911 0.831569076 0.134209573 0.367443144
    0.463086516 0.133621544 0.113915145 0.071151644 0.796481431
    0.752567649 0.612232029 0.0768683851 0.592830598 0.931222796
    0.728566945 0.0742287338 0.936996818 0.180997908 0.286204457
    0.0610977709 0.433473259 0.118481874 0.294647992 0.438754737
    0.918496609 0.681086779 0.141769797 0.797483921 0.32259509
    0.632774532 0.0535279512 0.663628936 0.783902645 0.00104784966
    0.0939016938 0.652718842 0.261930943 0.40518257 0.31075117
    0.467564642 0.610807061 0.400754064 0.972819567 0.47374177
    0.915293574 0.16026926 0.114709616 0.54404974 0.664153576
    0.0378687382 0.804897845 0.65306592 0.515523076 0.642450869
    0.139345676 0.727945447 0.406882823 0.332923234 0.896739304
    0.0508613288 0.232841879 0.121600032 0.153542548 0.792407393
    0.0323583782 0.767311573 0.354180217 0.984757543 0.785260797
    0.48414439 0.940253973 0.350895137 0.0729776025 0.644682288
    0.719275653 0.332862854 0.404120564 0.949927747 0.0694356859
    0.0655440092 0.346670449 0.778785527 0.228630334 0.495215863
    0.801615596 0.204276621 0.708434701 0.0260163844 0.422626585
    0.675535321 0.199294776 0.603004813 0.00925606489 0.239653617
    0.175493538 0.724662244 0.103445172 0.946670771 0.598207235
    0.224255949 0.380995333 0.418976218 0.524862647 0.312501431
    0.561346114 0.557971597 0.404530197 0.439673245 0.283801317
    0.251111448 0.697787881 0.275633216 0.728867471 0.0727076828
    0.639267445 0.0687994063 0.339015186 0.67507422 0.555348754
    0.720847309 0.0973215103 0.171514779 0.72981286 0.414471626
    0.546433032 0.65272522 0.377522171 0.983940244 0.528804302
    0.0110589564 0.993258357 0.930698752 0.925733328 0.525034785
    0.311681747 0.133289188 0.804993033 0.412990093 0.0897319913
    0.540611267 0.111479193 0.163027018 0.155746639 0.196984768
    0.984792829 0.491517723 0.585264981 0.231975704 0.202857643
    0.881528854 0.891974807 0.551092863 0.621746659 0.962713361
    0.856992722 0.627885699 0.94717741 0.411860943 0.508283257
    0.439403504 0.180580944 0.349360347 0.0548568368 0.497252136
    0.289018333 0.398540765 0.133587331 0.652860463 0.761228383
    0.824350357 0.219406605 0.345790207 0.66324544 0.306733638
    0.520741642 0.592331707 0.181300521 0.557865322 0.643180192
    0.359296322 0.729153156 0.0791931748 0.134222507 0.914554894
    0.478672445 0.544307053 0.715753973 0.896456063 0.954713643
    0.587933242 0.357400715 0.424611926 0.196821511 0.237210602
    0.681782484 0.616460681 0.67299068 0.366169751 0.665190935
    0.908325791 0.901417136 0.684212506 0.958934903 0.711933374
    0.525382757 0.198857456 0.417036831 0.933272302 0.0874578059
    0.557190537 0.0872536004 0.26194489 0.223033696 0.393599033
    0.0287390351 0.671879172 0.759661376 0.308900476 0.709395707
    0.930566311 0.295210093 0.569711804 0.886621356 0.970072567
    0.576823533 0.951544046 0.204994202 0.647543669 0.919061601
    0.236526489 0.859545469 0.95951128 0.100848466 0.686012626
    0.95211792 0.499763727 0.797069907 0.61794579 0.627602577
    0.805095434 0.188153476 0.0160255134 0.56004411 0.105739564
    0.788441658 0.684434652 0.615195274 0.720638633 0.77556169
    0.0496937931 0.270183355 0.589926779 0.420405447 0.499856889
    0.317636192 0.991064847 0.000507950783 0.00381445885 0.105774254
    0.839003325 0.621909142 0.426358134 0.41221112 0.619175196
    0.958082914 0.139881253 0.342684627 0.0169169605 0.769306183
    0.168189615 0.395950228 0.155136347 0.28578639 0.122807145
    0.0950026512 0.949678063 0.975098968 0.399683535 0.0353880525
    0.32593596 0.184396774 0.207415819 0.660762191 0.786892176
    0.665646017 0.387215734 0.817098498 0.993169188 0.452056319
    0.378403962 0.795316339 0.116909683 0.99330008 0.871627808
    0.319976419 0.336573482 0.355911195 0.474865317 0.15653944
    0.712005734 0.157350391 0.730664253 0.28025344 0.00777521729
    0.306429863 0.362758458 0.687806368 0.111801714 0.0646180511
    0.633960247 0.680164576 0.286542684 0.759889841 0.371801019
    0.180092156 0.466169298 0.536371589 0.848745525 0.871458173
    0.251132071 0.847450912 0.492524534 0.0840154588 0.867736101
    0.243410647 0.71376425 0.572502136 0.487018466 0.996466041
    0.472824603 0.370381176 0.12844798 0.436443418 0.587529242
    0.982708633 0.166204542 0.488228261 0.877744794 0.871903539
    0.353945374 0.944571137 0.886273265 0.989470363 0.934712172
    0.977829814 0.294246256 0.991983831 0.459678441 0.695965886
    0.692617655 0.959044814 0.360200286 0.543476582 0.720875919
    0.237684906 0.0206249356 0.865596354 0.800261021 0.368509591
    0.287305415 0.269736409 0.42771703 0.244606048 0.278547376
    0.339489728 0.0952279568 0.0769560039 0.373611033 0.960470378
    0.325664669 0.229260534 0.621066153 0.504469514 0.31274879
    0.889532804 0.86633563 0.0829309821 0.151387542 0.0825502574
    0.882036507 0.476729155 0.121274531 0.402356416 0.772904038
    0.499868125 0.816185296 0.639575422 0.0454949141 0.574855268
    0.126293749 0.908017933 0.318827957 0.0341810286 0.669587553
    0.309451878 0.276157141 0.011923492 0.347141087 0.606961191
    0.339955002 0.0653127432 0.479773313 0.619110346 0.0566942096
    0.763298869 0.969507873 0.132978708 0.457985699 0.793757796
    0.392127991 0.631049454 0.422549188 0.323906422 0.884616494
    0.474769175 0.373272061 0.187179118 0.96861428 0.542553961
    0.87919569 0.790224075 0.962787032 0.509673417 0.291570038
    0.0480801463 0.333705097 0.233065009 0.42753613 0.061083585
    0.971650302 0.364932239 0.847388029 0.0189170241 0.12855798
    0.475214541 0.531768858 0.493191332 0.340305507 0.904475451
    0.654026747 0.821107388 0.971546054 0.893447518 0.165070593
    0.931172013 0.112067223 0.590046465 0.0352261066 0.31493485
    0.777270794 0.51069057 0.367952526 0.739076316 0.556739628
    0.64680016 0.484393328 0.383037239 0.695536315 0.551261842
    0.214313984 0.107006758 0.958053112 0.751226902 0.298222959
    0.298678875 0.515898526 0.173789233 0.645031929 0.452801794
    0.473395377 0.424479723 0.637631774 0.421790004 0.828097701
    0.393182307 0.484691232 0.454073131 0.122175664 0.310207069
    0.931862175 0.812462926 0.517352104 0.619312346 0.223026186
    0.510300159 0.321459383 0.30689764 0.473702401 0.726457477
    0.579968929 0.769472957 0.601063132 0.92057544 0.951896906
    0.934441209 0.298935115 0.498422772 0.489244223 0.777296901
    0.618560374 0.510484934 0.18956244 0.738325834 0.366331428
    0.904111981 0.117291629 0.931785345 0.0399646461 0.509673119
    0.460160762 0.637003243 0.493640751 0.0513550341 0.116610706
    0.921964169 0.582971275 0.19127664 0.442251414 0.83213377
    0.981304407 0.650705695 0.629457593 0.492453158 0.849533439
    0.679326355 0.0326044559 0.471466392 0.0803151429 0.0707639158
    0.819713235 0.714475751 0.126280129 0.982486486 0.808373034
    0.415553451 0.0760413706 0.457239866 0.185057878 0.129750371
    0.520098269 0.345404983 0.895246685 0.753385425 0.459140688
    0.603538871 0.408721447 0.688998938 0.63488692 0.527501285
    0.355115831 0.438313901 0.902115345 0.941545725 0.789802015
    0.277573764 0.729585052 0.868310273 0.256710052 0.762774825
    0.00328198075 0.684295535 0.489579469 0.248947442 0.0499406755
    0.249773592 0.277700305 0.686885238 0.18211785 0.780572236
    0.216296643 0.598398387 0.432376474 0.309115171 0.143978864
    0.111467063 0.783803582 0.798078358 0.487871468 0.661602616
    0.320496231 0.526101112 0.71540308 0.442348719 0.918221176
    0.868088067 0.307086498 0.965407729 0.129327387 0.450334609
    0.135491997 0.402968645 0.907683432 0.606098652 0.0309804082
    0.724242926 0.302630186 0.249618351 0.908816218 0.705249488
    0.00666368008 0.803770304 0.617759705 0.157821685 0.420121223
    0.164576471 0.40238291 0.633707583 0.412920713 0.104461461
    0.645492613 0.848472714 0.564206362 0.99074316 0.246048331
    0.974482715 0.522311747 0.802627802 0.936288357 0.493988991
    0.0637723804 0.954363227 0.630351782 0.415847421 0.395267785
    0.228919089 0.767369628 0.172945768 0.242991239 0.0395469666
    0.174564153 0.508585989 0.218207121 0.995654464 0.250232577
    0.605607688 0.237397522 0.718777299 0.199985713 0.488028765
    0.721771479 0.692798615 0.773979545 0.17451939 0.99556756
    0.043738395 0.821352959 0.820370078 0.718622625 0.534580648
    0.608627856 0.352606654 0.937305689 0.357515872 0.681957126
    0.703537405 0.372986019 0.941475272 0.427265108 0.191755801
    0.271440327 0.709744811 0.239662081 0.316834867 0.817788839
    0.507280171 0.524334013 0.331792116 0.966257215 0.202962846
    0.918499589 0.867641211 0.434212983 0.740800023 0.960267305
    0.578810453 0.428955853 0.251129746 0.882886291 0.503947318
    0.387041003 0.198010951 0.646408856 0.821236849 0.579780817
    0.0883338749 0.967106223 0.547851682 0.795146346 0.626002192
    0.17592901 0.737132549 0.000195980072 0.764899731 0.147463888
    0.829449236 0.114861578 0.827223301 0.306067973 0.0344831944
    0.496913642 0.575568557 0.59344238 0.106074452 0.413957834
    0.0416845977 0.38162303 0.526902139 0.545123816 0.543963969
    0.294130474 0.416913122 0.363815248 0.799375474 0.856222868
    0.979124248 0.515081704 0.868487716 0.68349421 0.830915034 0.7050367
    0.437637717 0.438314915 0.79574281 0.547612607 0.183292925
    0.235987157 0.965066791 0.183933765 0.0684212744 0.333159506
    0.860630155 0.299499452 0.0534944832 0.763164163 0.678670287
    0.198930204 0.647080302 0.966933966 0.0873663425 0.761143446
    0.984662294 0.716472328 0.0655198097 0.810558081 0.354342818
    0.0670795441 0.636071086 0.428060144 0.239327073 0.684799433
    0.0320938528 0.033716917 0.869041562 0.145752341 0.104580134
    0.579882026 0.856894851 0.997463644 0.785842776 0.168581814
    0.227368563 0.384244889 0.927584231 0.448852092 0.264206111
    0.0218454301 0.337797582 0.191899806 0.458178133 0.517408609
    0.733386874 0.582313299 0.54844588 0.768302262 0.542383254
    0.299392939 0.605249882 0.062535584 0.0465595722 0.310568511
    0.33237946 0.932182431 0.945573211 0.306161225 0.949842215
    0.293915898 0.250925243 0.25225094 0.0728191137 0.559760928
    0.363656461 0.864025712 0.222563863 0.231301337 0.297806799
    0.470866233 0.445344448 0.0650944412 0.637266517 0.509128571
    0.00991651416 0.736115634 0.721424758 0.340735942 0.631023109
    0.777900934 0.831355453 0.470810682 0.376604021 0.0963155925
    0.0113534927 0.115142524 0.542533278 0.612496078 0.729572654
    0.781437755 0.218886614 0.987140656 0.514949083 0.865698934
    0.164164394 0.533676863 0.816551447 0.743957222 0.412981063
    0.395257503 0.667700291 0.866017103 0.941425681 0.349604607
    0.41925028 0.527147174 0.307937741 0.773497283 0.698737919
    0.993026257 0.124993622 0.794930279 0.405684799 0.904792309
    0.955811381 0.736011088 0.21910128 0.752272964 0.231837213
    0.934205949 0.0293308496 0.727057457 0.449795187 0.61763221
    0.638446093 0.63173902 0.321053654 0.917088628 0.374568909
    0.336732805 0.772400379 0.808202863 0.266696781 0.945515394
    0.5162974 0.562159598 0.403288484 0.759034932 0.568167329
    0.906649709 0.675833285 0.779664755 0.848217726 0.475227773
    0.075470984 0.817121029 0.0150004923 0.743968129 0.767050982
    0.760929883 0.718100548 0.28108269 0.80101943 0.483374894
    0.890897512 0.896946907 0.300192386 0.467495948 0.629520893
    0.693889022 0.517848372 0.884251952 0.403048992 0.195955068
    0.966607809 0.756195426 0.220517963 0.634034514 0.983069897
    0.853485227 0.298434258 0.673588634 0.365240991 0.305494726
    0.00346660614 0.136680305 0.257196069 0.540337861 0.446655303
    0.917791367 0.0886896551 0.854579747 0.20246768 0.0149800777
    0.0700143576 0.242367059 0.293072104 0.191753507 0.276076943
    0.987569749 0.595369935 0.498436272 0.493829966 0.937613726
    0.60078454 0.380329281 0.225235969 0.834991455 0.272462249
    0.248101264 0.834623933 0.413003266 0.838495314 0.944097817
    0.158735365 0.515365541 0.139512062 0.519423068 0.607613325
    0.0684298575 0.0357304811 0.888920486 0.773531199 0.452180564
    0.39015317 0.895675242 0.833555102 0.86691463 0.266628921
    0.195711523 0.637238085 0.228732556 0.454045922 0.571091592
    0.783436418 0.750255466 0.537349582 0.61386621 0.086124599
    0.034224689 0.570970774 0.970261574 0.698624611 0.914089561
    0.0319063067 0.775364637 0.0979532003 0.796054363 0.14789167
    0.435310096 0.736405849 0.392744899 0.620612741 0.735010028
    0.0987728238 0.422065496 0.311751455 0.63839668 0.313534379
    0.242214352 0.227195591 0.815187454 0.464019626 0.126380116
    0.0969456434 0.379162014 0.58176744 0.910545111 0.295911908
    0.915073216 0.0202307403 0.291191339 0.958393455 0.204425603
    0.354065835 0.554861128 0.601249993 0.436552763 0.428070068
    0.515007734 0.117591411 0.914592206 0.613332093 0.697463393
    0.452801645 0.118541807 0.916791022 0.701557755 0.743549824
    0.711549878 0.525656641 0.519345939 0.947970867 0.75569272
    0.902160764 0.13828066 0.410193801 0.75806886 0.606887162
    0.876620889 0.0851580203 0.397432774 0.116336077 0.355778873
    0.698067963 0.783354282 0.861450434 0.976116657 0.259773344
    0.548824847 0.635720551 0.970001817 0.157887697 0.955249369
    0.981773138 0.517598212 0.694165766 0.88775903 0.821915388
    0.976723075 0.443874002 0.262248456 0.0126201212 0.945486188
    0.09022066 0.0752441287 0.876907229 0.274515986 0.399396986
    0.328924417 0.713581502 0.740194559 0.634634793 0.934258878
    0.626919031 0.729491651 0.153535813 0.948287368 0.185334146
    0.769753218 0.971737385 0.959085703 0.400365055 0.651185989
    0.176747531 0.452996969 0.831368566 0.298398852 0.844665766
    0.365323961 0.562798738 0.719951093 0.843061686 0.0239598155
    0.525202751 0.0695512295 0.876834512 0.371965706 0.424013376
    0.852055788 0.724959612 0.0014654696 0.214717656 0.143378854
    0.201708347 0.628071368 0.780899763 0.448678404 0.298932135
    0.464089513 0.758881032 0.131411165 0.278752565 0.972544432
    0.445200771 0.517444909 0.544513166 0.943045974 0.571182489
    0.676843941 0.783597112 0.671678364 0.887237966 0.874769092
    0.0115317404 0.847481072 0.943972707 0.197687894 0.741595864
    0.389687419 0.633383036 0.430492103 0.28642711 0.715244591
    0.370746613 0.883816242 0.627485812 0.940213323 0.86423552
    0.382092476 0.188712269 0.537660897 0.701739192 0.299400866
    0.873605132 0.75881052 0.00285559893 0.378428102 0.580500066
    0.809553623 0.971240222 0.72065109 0.867591262 0.20430392
    0.0833028853 0.954730034 0.131696999 0.402708352 0.00812810659
    0.097833544 0.380094379 0.229172051 0.46566534 0.326906443
    0.0471410453 0.137078643 0.770991683 0.567410529 0.169505209
    0.579911828 0.2364766 0.436055541 0.888161659 0.145171404
    0.751805782 0.0643530488 0.221874684 0.0691818595 0.206335157
    0.648689508 0.636636972 0.721987665 0.261508882 0.394903541
    0.118723571 0.68839252 0.765167713 0.619449556 0.664620161
    0.214585543 0.850916207 0.201135755 0.637177289 0.403046221
    0.805457234 0.114238679 0.692115784 0.895565152 0.404989004
    0.645037115 0.49050957 0.446429253 0.37406376 0.215590656
    0.718387842 0.661768854 0.992483556 0.31081295 0.287287265
    0.0287186801 0.620018065 0.452554941 0.446745664 0.474340588
    0.271271139 0.914145589 0.182462245 0.571596563 0.503898978
    0.672562361 0.54243511 0.289762139 0.302724749 0.107815564
    0.435518056 0.621553123 0.0623492897 0.144100249 0.787244678
    0.0717660487 0.184703112 0.314686954 0.343143016 0.0902612209
    0.471513599 0.602084756 0.186415017 0.0771963 0.52804029 0.663760304
    0.479530483 0.576598644 0.411062241 0.392458379 0.703987718
    0.924795389 0.572821677 0.645637214 0.903452635 0.501131237
    0.55061698 0.273840725 0.329719573 0.977190256 0.0274187326
    0.99643749 0.547498703 0.53993392 0.0397504866 0.424479008
    0.971310616 0.646903634 0.577217221 0.128193021 0.901785135
    0.332594872 0.684957266 0.568508089 0.576107204 0.477588385
    0.23389709 0.403599352 0.794799149 0.583537996 0.175517499
    0.443247467 0.815318704 0.842437863 0.954740882 0.721971035
    0.581713855 0.341944754 0.381837845 0.945440888 0.940715075
    0.934458494 0.822322607 0.841501832 0.266309142 0.770424783
    0.450684875 0.9295578 0.0837815702 0.536898017 0.473073542
    0.0784897804 0.779228628 0.846921802 0.77508539 0.074339956
    0.922792852 0.325600207 0.742399454 0.569794774 0.861911178
    0.237266123 0.456617683 0.0197889507 0.233880699 0.960481763
    0.0237976313 0.907289684 0.740364611 0.723302245 0.169160753
    0.609335899 0.296310097 0.990224242 0.220305085 0.145495504
    0.272477031 0.315956175 0.719100118 0.697670639 0.508116841
    0.678708971 0.738077879 0.168735176 0.815721869 0.191193849
    0.622856677 0.520739138 0.924767852 0.208932787 0.443248212
    0.156099439 0.465806067 0.671010733 0.305255026 0.737634242
    0.0638562441 0.176473528 0.61180526 0.818076253 0.593718708
    0.664491892 0.553722799 0.81152451 0.673708498 0.490213275
    0.661563993 0.724670708 0.735369086 0.890455723 0.768830419
    0.146574914 0.412182093 0.978896856 0.839610159 0.212284863
    0.504538536 0.305779666 0.995783329 0.258071095 0.671909094
    0.222515196 0.754416585 0.730079055 0.787507415 0.505981922
    0.0484758615 0.269863158 0.848543763 0.623627305 0.0477782488
    0.659019947 0.320624709 0.0234538615 0.618175447 0.0500946045
    0.744149685 0.0650392175 0.0351615846 0.074942708 0.867566168
    0.0961997509 0.419945776 0.644331932 0.359196901 0.542821884
    0.358729661 0.831781745 0.906103969 0.945900321 0.103972614
    0.855496883 0.29459548 0.0457619429 0.659981191 0.0812330544
    0.946757555 0.36404711 0.498496652 0.456736505 0.481268048
    0.343170285 0.230245382 0.994590878 0.904702544 0.357252538
    0.856071115 0.755805492 0.465340227 0.85234499 0.416875958
    0.947388172 0.101795048 0.34363398 0.710086167 0.0674264431
    0.282871306 0.2090258 0.509832084 0.865415871 0.46691829 0.452864796
    0.53526783 0.293404222 0.495385081 0.665516376 0.324143857
    0.120162338 0.644230962 0.384084523 0.606906772 0.796970248
    0.185257524 0.0839042664 0.268365502 0.467667639 0.309287518
    0.885698617 0.0302459598 0.673872054 0.00987505913 0.294275612
    0.604443192 0.698080361 0.708685875 0.733168364 0.257968307
    0.75759697 0.351115465 0.621183455 0.151470095 0.233885318
    0.0050149262 0.250855982 0.191223294 0.845523834 0.604797125
    0.603108406 0.861708879 0.986492872 0.864036858 0.370262206
    0.16650176 0.545541584 0.353521794 0.0247359574 0.723746896
    0.031542182 0.395339012 0.141201705 0.323576152 0.0566306114
    0.948436856 0.812073469 0.140824765 0.66390866 0.0267368555
    0.274194598 0.0374240577 0.503008604 0.582995474 0.496992558
    0.0569089353 0.974212646 0.0148357451 0.940135241 0.331591666
    0.554170072 0.483417362 0.646102726 0.125013322 0.656015217
    0.168924212 0.89349544 0.366959631 0.868152499 0.460430741
    0.0873619318 0.766182184 0.0921150148 0.0401422083 0.462038517
    0.664640307 0.26455608 0.256305188 0.0789767802 0.988794208
    0.587661386 0.397977054 0.761120379 0.34294939 0.36214307
    0.840554297 0.82628262 0.821680546 0.833391547 0.21505177
    0.960315347 0.298797041 0.823474526 0.40838322 0.503164709
    0.786859989 0.563876987 0.875261545 0.647781014 0.80388391
    0.69467783 0.948634505 0.00500983 0.470907986 0.457946837
    0.0484126508 0.607933342 0.150821149 0.93677485 0.990008831
    0.509831011 0.31727314 0.687474072 0.671343088 0.409767449
    0.427875161 0.700330853 0.237041146 0.0777113736 0.377915263
    0.685254872 0.7499668 0.568510115 0.389491975 0.718265176
    0.590490818 0.00328195095 0.486278206 0.344888955 0.920296192
    0.36804679 0.206720889 0.588591158 0.209815443 0.228299558
    0.861051679 0.929696321 0.759573936 0.747051716 0.540641546
    0.650676131 0.784420192 0.399321675 0.125258714 0.653603435
    0.209620774 0.704371989 0.453726947 0.459543407 0.651588559
    0.614633918 0.441052288 0.834445119 0.482384771 0.591153264
    0.744983554 0.733935833 0.819440246 0.420339674 0.913631201
    0.258571029 0.9838866 0.68611002 0.967631698 0.741029859 0.784033298
    0.64783299 0.44525212 0.484630048 0.669843435 0.289752841 0.16329357
    0.800394893 0.753005564 0.469556808 0.498858362 0.363103449
    0.737403095 0.513549924 0.827737451 0.107826293 0.0579482615
    0.145191997 0.190753579 0.947033525 0.789728165 0.654427648
    0.734104753 0.834437907 0.83664465 0.0731673539 0.456312299
    0.317180991 0.566421032 0.51461035 0.712373495 0.527375758
    0.126278967 0.062936157 0.277489811 0.514062524 0.209755361
    0.268061876 0.230780035 0.212184221 0.0451396406 0.30967021
    0.163085639 0.927317858 0.837874651 0.134328336 0.424960643
    0.319478154 0.413779318 0.944297314 0.388518691 0.365139127
    0.172994733 0.322322279 0.406155765 0.95569849 0.744914055
    0.0798944831 0.167377889 0.688901305 0.578315854 0.689208806
    0.492628902 0.819303989 0.647915721 0.000394672155 0.19067046
    0.249618471 0.53838706 0.122795552 0.118886709 0.421477228
    0.320161879 0.0799767375 0.905919194 0.465780646 0.338360429
    0.451923311 0.880499721 0.741886437 0.759299159 0.896059215
    0.807804644 0.472946167 0.0882487595 0.16248396 0.4156847
    0.340732872 0.553270936 0.678202093 0.542908669 0.394220412
    0.59108454 0.841859281 0.962009788 0.612628579 0.172516674
    0.314243078 0.602178514 0.179401189 0.0255042613 0.215199262
    0.664737999 0.334923863 0.613798857 0.765777707 0.722042203
    0.0697532296 0.293127477 0.231077254 0.221482426 0.470697552
    0.467580408 0.348271787 0.112356365 0.0663083494 0.339263201
    0.261754185 0.799077153 0.18956539 0.761820495 0.325081348
    0.971756101 0.123089492 0.483227253 0.823812008 0.0979128778
    0.248094499 0.655048609 0.183373302 0.567241669 0.226328641
    0.89850378 0.613607824 0.22289896 0.446877867 0.652769387
    0.907007873 0.857041717 0.0492585301 0.273828298 0.461506218
    0.262090921 0.39781329 0.362076283 0.785502911 0.800434887
    0.588149846 0.0937536955 0.96533668 0.448231459 0.842895627
    0.901414394 0.352734327 0.228337705 0.737362623 0.379556596
    0.468797982 0.817996502 0.912660241 0.461446941 0.456741631
    0.345691115 0.492399395 0.538844347 0.0737053454 0.0492869616
    0.259724498 0.435632229 0.90609622 0.589088202 0.214253992
    0.442761004 0.268548846 0.720410407 0.904419661 0.477687925
    0.113794297 0.839971721 0.283871323 0.84633249 0.768182993
    0.377050877 0.251815766 0.128439367 0.181160837 0.603520393
    0.897763252 0.828797221 0.989554822 0.367145419 0.59323281
    0.808090925 0.456893265 0.437457681 0.64133203 0.754681349
    0.0014796257 0.83907485 0.555216074 0.194415957 0.822791815
    0.876487136 0.033041805 0.7958709 0.649357378 0.469216168
    0.729643643 0.996256828 0.43764919 0.990995765 0.356046051
    0.496734798 0.94869262 0.68348062 0.845763803 0.63758117 0.314211369
    0.597191334 0.100798637 0.7312572</data></test_img>
<my_img type_id="opencv-matrix">
  <rows>128</rows>
  <cols>256</cols>
  <dt>f</dt>
  <data>
    -0.0441105664 0.772411764 0.712428868 1.45223927 0.103170156
    0.0992568731 1.10236144 0.658410132 0.942992091 0.459372759
    1.06961155 1.24297953 1.04255486 1.17960846 0.727323234 0.623759627
    -0.231538624 0.370646149 0.518001437 0.687767029 0.00155335665
    0.273716807 1.05458677 1.12950182 1.50225365 1.01486063 -0.270797014
    -0.167280987 1.6798656 0.965989947 0.4930574 1.0741266 1.05034637
    -0.277002633 0.686177135 -0.10695371 0.0690863132 1.66184521
    -0.116719171 1.5502646 0.920265675 1.56185782 0.0272341967
    1.19288397 0.291428894 0.449770331 0.781750619 1.17466986 1.13054299
    0.619560003 1.35701621 0.426209927 0.783223033 0.214185983
    1.50065589 1.20669425 1.19109344 0.240666837 1.09048295 1.58383405
    0.41787684 0.577785909 0.59022963 0.489061981 0.194190472
    0.517841339 -0.0804683268 0.414422452 1.34714592 0.778773904
    1.13712966 0.522651196 0.310856283 0.439186126 0.422232807
    1.44132471 0.072483182 1.45121741 0.540679753 0.119755566
    0.555507779 1.30603313 1.19088542 0.614343703 0.129875064
    0.663135827 0.30949524 0.354648501 1.04769826 0.798278689 1.0382421
    1.04091144 0.777197182 1.51560116 0.954763055 -0.0187352002
    0.863883376 1.23985171 0.245253056 1.54631341 1.30024934 1.29018867
    0.271017909 -0.213547379 0.544620872 1.26794231 0.30297634
    0.35206309 1.61714435 0.956384063 1.53107631 -0.200746283
    0.303185046 1.37002718 0.39138481 0.56253916 1.38225722 0.512073398
    0.556398034 1.1636622 1.29517949 0.49680081 1.56969452 1.15635478
    0.0123461783 0.98263675 1.37155163 0.761113465 0.926983118
    -0.0953898877 1.38948214 0.322131544 1.17019463 1.16311574
    -0.177726477 0.48701793 0.705276489 -0.274834067 0.281160563
    0.68219775 1.49860859 0.397576511 1.13949752 1.55125225 0.599033952
    -0.0106233954 1.18368101 0.226844996 0.85450983 0.0196052194
    0.0877476335 1.48388982 0.346968949 1.30193841 0.106410444
    0.347024292 0.141197741 1.18614733 1.51224041 0.207951605
    0.0324204564 0.53403157 0.0877521932 1.43875968 0.807260752
    -0.299335659 0.355096638 1.41533017 1.5363369 1.55475163 0.238936007
    0.541671157 0.602424264 -0.234040707 1.35641813 0.986209273
    -0.288008928 0.0036008358 0.736349463 0.334301233 1.61313939
    0.247678697 1.15738869 0.938304067 -0.136045262 0.446594357
    1.00792491 0.81965369 1.46445537 1.28382802 0.840896189 -0.359293789
    1.41651297 0.467132866 1.03466535 -0.0653604567 1.48253489
    0.46081844 0.126423389 0.441007376 1.59312165 0.548859596
    -0.141724735 0.506339312 0.585630417 1.08403003 0.812026858
    1.09626651 1.19775939 0.455110013 0.686946571 1.39371252 1.31721163
    -0.293716669 1.52016723 0.553161502 0.703614116 0.391379237
    1.06265521 0.505064249 1.15768957 0.991984606 -0.273076981
    0.275874972 0.774812222 -0.190337375 0.616837025 0.172839373
    0.596417069 0.746064901 0.940358877 1.54528654 1.54149711
    0.0868242979 0.35223037 1.25366116 0.305613816 0.403318703
    0.860766351 1.40143442 -0.204150021 0.394926131 1.2253325 1.20772314
    1.51308548 1.56131172 1.49393654 0.712489307 -0.221053302
    0.248090088 1.17079401 1.25848079 0.0944094062 -0.151088566
    0.43244344 0.768115878 0.0692558885 1.61016464 0.388623059
    0.087628454 0.00379487872 1.49850357 0.885167658 -0.186578214
    -0.243102774 -0.270321429 1.16695094 0.157231152 1.29681921
    1.2376864 -0.515263557 1.49290466 0.11186409 1.31419683 0.143727124
    1.20643246 1.36618376 -0.0550416708 0.195527196 -0.0180499554
    0.775409639 0.524714053 -0.262677401 1.48114347 -0.0934972763
    0.465371102 1.22429752 0.165168762 0.638262033 0.604818463
    1.41709733 5.1677227e-05 1.55319619 -0.252158463 0.144076705
    0.339084089 1.0689491 0.621526897 0.715514123 1.04198718
    -0.240039319 1.04685068 0.402768314 -0.104674965 -0.0583733022
    -0.292952329 0.540485978 0.329693943 -0.302011728 0.804799497
    0.875933528 0.882643521 0.977068126 0.878025174 -0.115568191
    0.317573518 -0.20341146 0.256928563 0.12218371 0.121628314
    1.24952435 0.25146535 0.370970786 0.368091494 0.940756798
    0.423965991 -0.254996657 -0.410096586 1.11607766 1.10300124
    0.556577086 -0.316050231 0.979549646 -0.247513145 0.444355249
    -0.0346130133 0.801673293 0.0371266007 0.116824925 1.33009315
    1.26977611 0.668901563 1.42067993 0.640146136 0.298999816
    0.246272504 0.0267288387 1.48336482 0.241467297 1.45432138
    0.269859493 0.17708379 0.664748073 1.33623576 0.152595103
    0.698726058 0.03388381 0.912688434 1.01278639 0.668880463
    0.267137885 1.36938858 1.02076101 0.485849857 -0.540236235
    1.08797491 0.374567389 1.11896098 -0.489500105 1.22204781
    0.146905273 0.318271756 0.305824399 1.14806354 -0.187518194
    -0.241230384 0.523022056 1.1554513 -0.0553157628 -0.459127516
    0.765883803 1.19935369 1.21977282 0.561593056 0.014342159
    -0.231458724 -0.266049266 1.45598483 0.416565537 1.18462694
    0.82251215 0.27522397 0.539520562 1.41366661 -0.398127139 1.41065407
    0.74749577 0.198772132 0.798068166 -0.338060051 -0.291572303
    0.869793713 0.519834876 -0.132267296 1.35966623 1.08675587
    0.631713092 0.2906124 1.27770841 -0.287568718 0.713986695 1.54692793
    1.33423424 1.10062659 0.167863488 0.257263631 0.545915246 1.31817758
    1.05057263 -0.0194931626 1.2085042 0.701731324 0.321116209
    0.0242313743 0.85818541 -0.383213222 0.154387385 0.570949912
    1.44839168 0.0758649409 0.512620926 0.600404859 -0.116558313
    1.3574059 0.49447161 0.336149335 -0.137655377 0.0658090711
    1.03618586 1.49760211 -0.198528409 0.721059561 0.869850278
    0.787849963 0.533418298 1.17725897 1.52293742 0.000683128834
    1.46150529 1.19494915 0.963936508 1.4295752 0.414481878 1.0884316
    -0.153660119 1.35703027 0.731391251 0.850929797 0.363908231
    1.39137125 0.93543452 0.644635916 -0.238157868 0.6485129 1.00395417
    -0.385596097 0.0600181222 -0.324228883 0.886819124 0.440398037
    -0.372360289 -0.31300965 0.272795677 -0.222141832 1.51520455
    0.220034838 -0.179199636 0.483185768 0.138725817 1.03722084
    0.129555523 0.219023705 1.25681138 0.158729583 -0.275291204
    0.546869636 1.46205091 -0.581043303 0.7411744 0.503946424
    0.167092085 0.42841211 -0.234328493 -0.187288284 0.0591933727
    1.33293462 0.333594203 0.181349844 0.539383531 0.259828687
    0.462764919 -0.250016332 -0.0507156551 -0.314562321 0.997746587
    0.0383576453 0.886724234 0.279647946 0.556475043 0.254153341
    1.1344316 -0.101898834 0.499245077 -0.457106262 1.19436622
    0.13885653 -0.400639057 0.204676807 1.14710259 -0.142282724
    1.23860073 -0.0223213434 -0.525799096 1.1655817 0.810580313
    0.593777776 0.295348287 0.493554235 0.658724666 0.841701865
    0.731221437 1.20172477 0.528827429 0.957514822 1.23319137
    0.467552722 0.414169848 0.612760425 0.775353551 -0.340550005
    -0.141450912 0.652817309 -0.255405605 0.458173215 1.15703893
    0.899031162 1.4026103 -0.107365251 0.777614594 -0.157373935
    0.568631649 0.548422098 0.0203832388 0.460822642 0.223968983
    0.357940495 0.725851417 0.838787198 0.20077312 1.53440797
    -0.239368141 -0.0905930251 0.141814232 1.09145308 0.725261211
    1.14569545 0.632140219 0.209511697 0.882688344 0.18827945
    0.594503343 -0.437953293 0.690069139 1.11330187 -0.151619554
    0.805951476 -0.426250935 -0.389202714 0.160322815 0.872710049
    1.03178263 0.26188612 0.841379702 0.192243874 1.39810979 -0.43315348
    0.234281033 0.799431264 0.270264387 1.40716147 0.000867396593
    -0.185546875 0.310917377 1.10326397 -0.242670804 -0.415213287
    0.520822763 0.262876272 0.313822985 -0.0256900787 0.693481863
    -0.506667733 0.617456853 -0.111668974 0.286570132 0.00844711065
    0.209942788 0.447339386 0.419452965 -0.0244865417 0.0898680091
    1.09269047 0.683433592 -0.0498666763 0.729519427 0.671020746
    -0.105046868 0.67403841 0.582275748 1.19455779 0.57365793
    0.849887788 0.752510965 1.42653275 0.463786662 0.692418635
    -0.0207099319 0.0455906391 1.36931026 0.13549906 -0.0780503452
    0.143087268 0.378464729 -0.390927643 1.50553358 -0.182342559
    0.459384143 1.2174139 0.426824927 0.868316889 0.55743134 0.371945947
    1.26490521 0.629864514 0.143101573 0.879127383 1.32451272
    -0.524058223 0.723606288 1.15543199 0.857336819 0.632453322
    0.843863249 -0.0299607813 0.581021547 1.00294018 0.217826486
    1.14588833 1.14609015 1.01843691 0.909850121 0.805974841 0.353316069
    0.068294704 0.920370519 -0.424030721 0.253387809 0.223926067
    -0.310157806 0.241639614 0.819063902 0.744418144 -0.213213444
    0.661652327 0.487797618 -0.291912585 0.478120208 1.15050411
    0.990657151 0.0846055746 1.426265 -0.0659809709 0.0929062963
    0.195057839 0.443972588 0.0760900378 -0.121066928 -0.0809938014
    1.40873933 1.05133986 0.968220413 1.03040934 1.37014794 -0.394272625
    0.974420309 -0.275954098 1.24907327 0.159230411 0.278258085
    1.28973424 0.908202827 -0.410955787 -0.0249674022 -0.1231682
    0.492498398 0.0375258923 -0.159073293 1.47465742 0.0399073958
    0.314351022 -0.27276665 -0.296008468 -0.2780056 1.08002448
    0.0618028045 1.07067156 0.732536077 -0.256149709 1.13492131
    -0.536830425 1.41239941 0.140939355 1.15699315 -0.452381998
    1.49814963 0.466313779 0.254195094 1.30782306 1.273844 0.0645371675
    1.25286365 0.43296811 1.25795567 0.658294678 0.265477896 1.19816542
    1.49950719 1.32203054 0.521845639 0.725985348 0.0568340421
    -0.353542805 0.901370049 0.932979405 0.783438742 1.2788713
    1.31003332 1.16087282 -0.101627856 1.26594603 0.8633883 0.341164887
    1.21755338 0.581712067 -0.329797387 0.59763515 1.40781319 1.03784156
    1.2196269 0.37534976 0.782395184 1.08528435 -0.469177336 0.968076289
    0.932608843 1.34778237 -0.254821807 0.327129543 0.643024266 0.691863
    0.98989743 0.883456707 -0.140188545 0.696157277 1.3199513
    0.731039524 0.536676228 1.11945534 1.43601227 0.0317459106
    1.26586866 1.36029339 0.925226569 0.307512879 1.2808696 0.669238687
    -0.250576258 0.354431152 0.534509599 1.3006562 1.04590344
    0.948951423 1.26842546 0.745194197 1.3580271 0.366637677
    -0.0909655094 0.193841279 0.337481558 0.167743027 0.930450559
    0.432160378 0.781136751 0.743459582 0.542754292 -0.349217325
    0.159008592 -0.141749322 0.486701548 1.38555217 -0.159917951
    1.07463574 0.481134295 1.23767972 0.0852358937 -0.03826949
    0.429844558 -0.257673293 0.774500906 -0.168071792 0.269667625
    0.876117289 0.816062093 0.710686803 -0.0445930958 0.775821686
    -0.282024622 1.20944512 1.2017312 0.469133735 1.01561236 0.350001156
    1.31519461 1.09472179 0.768482506 -0.142100096 -0.545050561
    0.488183081 0.947672665 -0.14679569 0.156257361 -0.20825237
    0.252062112 0.208893776 1.18619347 0.0963249207 0.620379508
    0.804927826 1.38039005 0.791640759 0.953056991 0.3080948
    -0.472197771 1.41298795 -0.304856777 0.200794518 1.43908787
    1.14739478 0.530310035 -0.0522837341 0.343810439 0.802538872
    0.137301087 -0.393031776 1.16044307 0.802690148 0.939135194
    -0.325711489 0.504193544 0.925023913 -0.193428189 1.11149836
    0.529174685 0.666716814 -0.0849764645 0.797541142 1.02634084
    -0.0598920584 0.772922516 -0.113808006 0.78782481 0.362178504
    1.27032876 1.28822684 -0.155634671 1.42144823 0.334747553 0.38989079
    0.386091739 -0.0500400066 0.177510619 0.324619085 1.41093194
    -0.159320354 -0.370836318 -0.169310138 -0.0540081561 -0.389695615
    -0.37654227 1.03045678 0.966937304 0.826641738 -0.00117433071
    1.18075335 1.22617054 1.0788238 0.652657866 0.700888515 0.329319417
    -0.177967787 -0.20739089 0.0765095651 0.0181050897 1.1984973
    0.57715857 -0.541560292 -0.0683108568 0.526064694 0.213047266
    1.06195712 0.462971628 -0.15357399 0.743982553 -0.313429683
    0.512013197 1.30255163 -0.185219705 -0.251384228 0.370898455
    0.430589885 -0.0421258211 0.745903313 1.15866852 0.0807943344
    1.22436762 1.10405195 1.37696171 -0.149627298 1.45260012 0.232118487
    -0.285089046 -0.194710612 0.492717624 0.590671301 1.14711261
    0.357334197 -0.0204603672 0.0998322368 0.588260055 0.0642518997
    0.119802535 0.789173007 0.48449254 0.406158328 -0.32404384
    0.542909384 0.0839896202 0.733916581 0.166265696 1.22617555
    0.553121269 0.603010058 0.778728127 -0.0650174916 0.183420539
    1.08022022 1.38687027 0.824229777 0.237613261 0.0386376977
    1.45376635 0.76314491 0.71880728 0.404789627 1.17901599 0.121650755
    1.08937752 1.39822817 0.191838145 0.266876161 0.16149807 1.08733523
    -0.558351338 1.37635756 0.138255119 0.159123778 -0.417179167
    -0.363989323 -0.183339655 -0.251605183 0.0355367362 0.252331674
    -0.176945776 -0.340274572 0.169929802 1.28066468 0.260430217
    0.290977657 1.15877461 -0.239807755 0.887921453 -0.194571257
    0.904264748 1.16946507 0.0165964365 0.156306744 1.49110866
    -0.392385244 0.361566067 0.0990403891 0.511281669 0.466956675
    -0.327914 1.52102089 -0.065765053 1.03550875 -0.0150720477
    1.29136014 -0.430229902 0.871319175 0.38788712 0.340592444
    0.36036256 1.26064682 -0.239160582 1.44097412 1.16655231 0.535395801
    0.834605038 -0.254525036 0.781342447 0.431420088 0.632375419
    -0.0143598318 -0.43224898 0.475230932 0.61813134 0.113232136
    -0.386029422 0.739362001 -0.464857161 0.51891166 0.772313237
    0.150697172 -0.33522296 0.501510084 0.00635200739 -0.365756214
    1.16154182 0.750083506 -0.365016907 1.37164617 0.114848942
    1.11302257 1.30475581 1.24877989 0.516251445 0.427202106
    -0.267292976 0.0172477067 0.540364742 0.646519125 1.48305929
    0.682076871 0.922138691 0.279660463 0.237697005 0.739254296
    0.32263118 -0.343836218 0.25529933 1.49824309 1.55245185
    -0.113202751 0.217426747 -0.158788741 0.756164074 1.18795609
    -0.313642889 0.473042786 -0.251855433 0.88888377 -0.24491176
    1.28090239 0.591107905 0.623531938 0.268040061 0.574238598
    0.0667749643 1.09861493 1.41703439 0.783300102 1.23268247 1.24354494
    0.970968366 1.36862183 -0.0029027462 1.12797165 1.52486134
    0.710672557 0.168758571 1.41618741 0.693032861 0.832261801
    -0.1049155 1.32598889 1.07976639 0.724236488 0.398117363 1.01804519
    0.128836304 0.620956898 0.256750166 0.859353065 1.01480663
    1.38120794 -0.456950963 1.36226106 -0.172402173 0.945606053
    -0.247459739 -0.452076197 -0.323685646 0.667052627 1.01283169
    0.536057353 -0.46985805 1.12482154 -0.0502347052 0.660162926
    -0.377332866 -0.388265133 0.327953458 0.63770622 0.224285722
    0.518218935 0.180684626 1.06275034 0.518995047 1.15821838
    -0.455716252 0.973879814 1.04219472 0.91302681 0.361205757
    0.0948736072 0.0971069932 0.275511444 1.04633975 -0.223235369
    1.50960755 -0.236924767 0.740600824 1.09926307 0.598141074
    0.320904493 0.927713394 0.637459457 1.36736941 0.149660766
    0.867323518 -0.210654855 0.304820359 0.592229187 1.45003486
    1.52255082 -0.184878618 1.48229229 0.590319455 -0.418869227
    1.22933912 0.548496187 0.815174401 0.0661387146 0.962320924
    0.102880955 0.915730715 0.793469727 1.19094431 0.652996123
    0.249725968 0.0870102942 -0.0689553916 -0.00519457459 0.865937114
    -0.00486317277 0.788947642 1.08289182 0.814558744 1.03928173
    -0.270440936 0.550508261 -0.0893931985 1.50139189 0.0926739872
    0.23913914 1.47042751 0.18332541 -0.140800625 -0.286979496
    0.900808334 -0.0470583737 1.44892895 0.892853498 0.0463356674
    -0.238382712 1.30121744 -0.263308346 1.54688156 -0.18623507
    -0.334998935 0.405319244 1.18414283 -0.0609484315 -0.334231079
    1.00131524 0.620711029 0.991408825 0.0623577833 0.406761229
    0.146903753 -0.281353772 1.2219193 1.34710741 0.598848879
    -0.124858499 0.268506408 0.536543548 0.0782253742 0.828504682
    -0.318143785 0.103933305 -0.151893348 0.0372379124 -0.053188473
    1.13775778 -0.124350011 0.768632114 1.01421905 0.189816713
    0.350146174 0.697572947 1.27758658 1.42757225 0.207354456
    0.965345263 0.0974346399 -0.400628448 1.5757668 -0.16152516
    1.31820703 1.07864547 -0.255825579 0.719009936 0.186007023
    0.086178124 1.13032794 -0.0760178566 -0.516168118 0.174100161
    1.01762891 0.83883512 0.13880527 0.858882725 -0.023881793 1.1510818
    0.842316806 0.561044097 -0.192234457 -0.138281316 0.283058971
    -0.065189451 1.2308166 -0.317581087 -0.0582096279 0.749299228
    0.551865578 0.234464586 -0.420524776 1.43716407 -0.321914911
    0.370206475 0.252476454 -0.0117331147 1.27648664 -0.107541233
    1.39943123 0.485020041 -0.0735489726 0.554939806 0.886351228
    -0.20567131 -0.234095812 0.664369047 0.787447035 1.0830214
    0.399461389 1.21530831 1.29146385 0.458333492 -0.130222172
    0.771204114 0.773058534 1.0268569 -0.246992737 1.13216519
    0.720382392 1.27013922 -0.225182772 0.269447148 0.0676249266
    0.24411273 1.17692471 1.40452003 1.00728178 -0.191560715 0.770796418
    0.100796878 0.351464689 0.905393064 0.71809864 -0.269164532
    1.35708809 1.31812239 -0.299421847 1.51460588 -0.28325519
    0.837377667 -0.010317862 -0.365431815 0.946670294 0.592260957
    -0.421174347 1.17401028 1.45229006 0.00365495682 0.0102812946
    -0.306312412 0.928566456 0.830747962 1.45813215 0.465452075
    0.827212512 0.776118159 -0.209755749 -0.243149847 0.0313721895
    1.3334682 0.61106801 -0.1599437 -0.0283795297 -0.0722360015
    1.5338614 0.767648518 -0.50337863 0.158673614 -0.258888602
    0.681204438 0.146031499 0.743537068 -0.501236498 0.192770302
    0.845678568 0.465418279 0.908183992 0.620318413 0.262872994
    0.872081935 -0.124238014 0.178297102 1.22646976 1.34207749 1.2451359
    0.619553268 0.120919108 0.821463108 1.29257786 1.41675806
    0.236399382 -0.459736794 0.718796492 0.00880491734 0.709040284
    0.120419681 0.951551735 -0.0596682429 1.13972378 1.40293717
    0.724092245 -0.000597655773 1.34269881 -0.130310446 0.153626174
    0.121085048 -0.51231879 0.209021211 -0.0581111312 0.0352262855
    0.868073523 1.0849905 0.528323412 1.29009283 1.40040112 -0.247371823
    1.27907372 0.0260127783 0.830575585 1.21723962 0.77351135
    -0.411488175 1.1649344 0.965302348 0.476599813 0.299713552
    -0.272876173 0.790961325 0.00930047035 1.08895302 -0.326746732
    0.0814970136 0.586512327 0.280267835 0.385472178 0.116981953
    -0.238369286 0.819098949 0.138597012 0.988368571 1.34641349
    -0.137210816 -0.412354827 0.31014657 0.579589128 0.397165
    -0.0119512677 1.16638494 1.10277843 0.0192213356 0.375645369
    1.07867396 -0.199035272 0.597402036 0.111330122 0.136559844
    1.26458883 0.47020781 -0.434878081 1.05944777 -0.155285954
    0.0299496055 -0.223091483 0.860534608 0.708243668 1.22122121
    -0.409226596 -0.235414535 0.879188836 -0.17729336 -0.307767391
    1.13909793 0.683016121 0.0078780055 -0.0642842054 0.286657155
    0.110381424 1.17583251 1.18662262 1.06155896 0.086956799 0.388716072
    -0.28961283 1.20354724 0.384269208 0.520766854 -0.415910214
    0.69910121 1.44364703 0.68748343 0.490244091 -0.199019074
    0.827051282 0.986849904 1.16319752 0.339042634 0.718168736
    -0.124574408 0.578257918 1.50902724 0.101900995 1.13403749
    -0.184022695 0.119848758 0.829483151 0.5139938 1.19269764
    0.180949926 1.19402242 0.382031381 0.475093007 1.36953843
    -0.152287334 0.914523065 1.41837454 -0.257284522 0.545443416
    -0.34583801 1.07306242 1.23352647 0.627892435 0.926420331
    0.812720597 0.528769195 0.68242085 -0.00927180052 1.52859139
    1.46211076 0.516255856 -0.358497262 0.305212259 -0.149775714
    1.23952484 1.04898548 0.0597426295 1.09884119 1.55631042 0.630581439
    -0.207530618 0.747117639 0.723174214 -0.177896723 0.245346755
    0.476749629 0.56827569 0.148420572 1.07182872 1.49911225 1.24856162
    1.02773499 0.741857469 0.119512856 -0.419930995 1.41791403
    -0.0450616479 0.819364667 0.807216465 0.642318964 0.917402744
    0.205746591 1.2861011 1.31876802 0.86926055 0.524578989
    -0.0105115771 0.359700084 1.19944072 0.28127414 0.118917435
    0.259064078 0.0162056088 1.1940062 0.872627676 1.37617373
    -0.113889098 0.569565535 -0.198067248 0.313251853 1.37369347
    -0.440384805 0.0311607122 0.915307581 -0.167255044 1.14227283
    -0.369981855 0.281099677 1.1412394 -0.13431704 1.01775885
    -0.0232093036 -0.182770938 0.721045971 -0.0673644543 0.680468678
    0.982764423 0.0877918005 0.783652484 1.09293199 0.0130734444
    0.324343562 0.0692607462 0.242952645 -0.301939458 1.41288066
    1.19154179 0.951414347 -0.325680047 -0.213865548 -0.296323001
    -0.129228413 -0.360158443 0.984292924 1.01631522 0.172736794
    -0.0200274885 0.391100764 0.309519887 0.476590395 0.45084092
    0.00238609314 -0.342842609 1.48680532 0.108637124 0.435397297
    0.617909849 0.535247087 -0.153781652 -0.162156969 1.34456158
    0.976483762 0.390957952 1.3644017 -0.557961702 1.15630877
    -0.284282714 -0.237997442 0.0554946363 -0.296419799 -0.459494412
    -0.222774029 0.750264287 1.21980989 -0.40532583 0.476110876
    -0.381229252 1.18715334 0.444144666 1.1835897 0.178404689
    0.582590759 1.33431053 0.779059887 0.379464924 -0.136317849
    0.826140285 0.368128538 1.1103394 0.0151711702 1.23094106
    0.848746955 0.322710276 0.492971539 1.40848446 1.36182427
    0.0146398544 -0.0993172526 -0.159504741 0.0762106776 -0.171446383
    0.697008431 -0.0563920736 0.766632318 0.613851011 0.23473227
    0.603460789 0.608502567 1.02542329 0.0583391786 0.194744706
    0.615393221 0.876802802 1.41753483 0.220256269 1.24179769
    0.298124194 0.104097664 0.620852113 1.06906056 -0.0655289292
    0.788060784 0.345527619 -0.268110156 0.92602694 -0.130483866
    0.248117089 -0.174076378 0.30248785 0.249669701 0.313277423
    1.44403434 0.969261169 0.637398243 0.111176074 -0.357372642
    0.680597126 1.18312454 -0.0724237263 -0.19049792 0.201071262
    -0.0840057135 -0.0527590811 0.220326006 0.499870479 0.89394486
    0.241704226 0.936398864 0.0191161931 -0.0572331548 1.52558982
    -0.518568218 0.407435775 0.495663166 1.27231526 1.27634931
    0.605347037 -0.0758009553 1.26588237 0.767606497 1.32331443
    0.722246766 -0.0243111253 0.0954790115 1.16522217 0.528175771
    -0.312249303 -0.371301293 0.43576622 -0.303696394 0.616349459
    -0.0307732522 -0.369529277 -0.0980155468 1.5364182 -0.31303376
    0.616507113 -0.0352543592 -0.0382323265 1.28700495 -0.140154958
    -0.0583277047 1.19069529 -0.206027627 -0.233067781 -0.230798751
    -0.177925393 0.0370630026 -0.115483642 1.18675637 1.22093916
    -0.350577176 0.258482218 -0.447049797 1.39368629 0.949178815
    -0.458880782 0.448427677 1.11185634 -0.493904293 1.02899122
    -0.33061561 0.197398841 0.702115655 0.601125181 1.07801473
    -0.331550896 0.133361876 0.278924823 1.20722711 1.01882672
    0.260914147 -0.24625586 0.066028893 0.44964233 -0.112332225
    0.591221511 1.31214285 0.217707932 0.739747167 0.173945904
    1.37650776 0.539190114 0.280239999 0.447832733 -0.0608227253
    0.0257440507 0.810320258 -0.0288142264 0.481951594 1.04438436
    1.22645044 -0.00533118844 0.0360000432 0.0437901914 0.639899969
    1.20983171 1.3623836 0.544068873 0.443384588 0.90573287 0.330646157
    0.434982896 1.27590978 0.326729417 1.34641886 0.776316047
    0.123400271 0.891607642 1.05947304 0.866013229 0.313665509
    0.0364945233 0.567771792 -0.138790041 1.1552248 0.378129482
    0.55922401 -0.435549289 1.40892768 1.26674318 -0.08502388
    -0.213731587 -0.289714932 0.743471026 1.42042375 1.29941893
    -0.222669274 1.00121522 0.530398428 1.0626483 1.42133331
    -0.334110171 0.434597433 1.23253655 1.37699914 0.232851505
    1.58794045 0.0874300003 -0.0278413296 0.920507371 -0.262441516
    -0.189253598 -0.116597682 1.08392239 0.302036345 1.14881539
    0.555567384 -0.103167951 0.498771906 0.502179146 0.33618319
    0.972532034 0.219580829 -0.127227783 0.471060812 -0.0513237417
    1.11631501 1.41072607 1.36909962 -0.0897111893 -0.392848969
    -0.301829189 0.439258903 1.46976233 1.13752079 -0.261990547
    -0.213730052 0.119505525 -0.0631509423 -0.37066263 1.42441773
    0.998354495 1.16555119 1.38400614 -0.183298081 0.0772852898
    0.138594806 1.23991013 1.06983197 0.77047199 0.454337478 1.31781125
    1.19576335 0.317017615 1.29577756 0.83157891 1.07059109 1.06303
    1.10894156 -0.53267163 1.23504519 0.84711504 0.0198363364
    -0.109688431 0.977381527 0.273465931 1.11443794 -0.274078131
    -0.183947235 1.0367527 0.614695966 1.12824094 0.558311939
    0.938055873 0.660381675 1.47933447 -0.377999783 -0.266596317
    -0.198707402 0.987644553 0.462685883 0.86969012 0.623733997
    0.465099037 0.323400557 0.816787004 0.409645319 0.770636439
    -0.379563451 -0.298557073 -0.275202036 0.232984424 -0.0941288769
    1.42902684 -0.373173654 0.82962507 -0.300783038 0.29929769
    0.0870024562 -0.525496602 1.3839922 0.324344635 -0.00679299235
    0.2531299 0.979513943 0.201576471 1.00331521 -0.390194535
    0.0453107953 0.000700116158 0.156200171 1.12795222 1.22620308
    -0.0772559941 0.1828686 1.17650139 0.610711873 -0.435875565
    0.610664725 -0.0239951611 0.587944567 -0.247139513 -0.173453838
    1.02345991 1.14537525 0.251639575 1.4468261 1.42149091 1.26329279
    -0.106449574 -0.0347872078 -0.429454207 0.916717172 1.28818822
    0.895030439 1.08685756 1.20500588 0.294791341 0.557251751
    0.559087992 -0.0659938455 0.224551857 -0.360762596 -0.169461429
    0.467993677 -0.0635631979 -0.169655949 0.439748764 1.2586863
    -0.0024882555 1.27026367 0.147178173 1.28498483 0.907734096
    1.12151647 0.0936299264 0.337196976 1.08883858 0.153312564
    -0.0228744447 -0.422265172 1.41734695 0.979760885 1.06719565
    0.0927029848 1.46891069 -0.194355652 -0.281057268 -0.33404997
    1.24549055 -0.383211851 0.926157594 -0.436378896 1.44586754
    0.210403621 0.735457599 0.522732913 0.357546747 0.285360515
    1.29122281 0.551655531 0.819917321 -0.178327799 -0.510694921
    1.26538706 0.0309476256 1.42082334 0.958354712 1.12149453
    0.804956019 -0.230819076 0.90335381 0.246646762 0.930993855
    0.294216216 -0.483625114 1.24963117 0.626177967 0.408058763
    -0.369508892 0.622910261 1.04872179 0.203019321 1.16529346
    0.466577888 -0.333320558 0.830903828 0.861706913 -0.369144261
    -0.156187773 0.919528663 -0.365268379 0.461222261 1.02800679
    0.41491878 -0.434026778 0.318680257 -0.291080713 -0.276660025
    0.311465442 0.40547207 1.17459655 -0.0711314976 -0.103657693
    1.41291833 -0.33385548 -0.0537419915 0.81095314 -0.0830281079
    1.30008173 -0.409824103 0.840038598 0.0264942646 0.336942911
    0.982090294 0.0321470499 1.16082335 0.417233795 0.0597192049
    0.564062953 1.16694188 -0.131697983 0.951004386 0.156565636
    -0.129325867 1.25532484 0.599790275 1.11062992 0.161628366
    -0.424025118 0.174548864 0.304049909 1.38111401 -0.446057379
    0.431067109 0.502897084 0.310048342 0.304597497 0.806237698
    0.234025538 -0.103063017 -0.263108402 0.0583972633 -0.172011852
    0.904183984 0.53086549 1.28928506 1.3117671 0.381016433 0.631184042
    0.351927876 -0.048524797 0.74388057 -0.0973209441 1.54907703
    1.40264595 0.0909487605 0.407095492 0.605174422 -0.301238149
    0.769099116 1.21324658 -0.344396025 -0.46214518 1.18746376
    0.105358839 1.21344852 1.42444873 -0.342126548 0.589152336
    0.672448754 0.371876061 1.42683816 1.3853116 0.237394542 0.224413514
    -0.0270044506 -0.21447131 0.602447927 -0.432282686 1.09076726
    1.3906796 -0.0141019523 -0.0550262034 -0.417106748 1.02253199
    0.372205555 1.35883152 -0.355607033 1.28408551 0.475622296
    -0.0255288482 0.460334182 0.28969425 1.1971693 1.29833794
    -0.18460083 0.257254124 -0.0306893885 0.164901972 1.30963564
    -0.387902141 0.918248773 1.1882149 1.28420639 1.37797403 0.492450058
    -0.294950038 0.680696249 -0.212031871 -0.395497054 1.08329535
    0.0454185605 1.22721958 0.766337037 -0.237818509 -0.0737551153
    0.242483437 1.29021251 1.40946674 1.26685214 1.33223855 0.132070363
    0.0292755663 1.49268341 0.240728259 1.50337672 1.06954956
    0.450178981 0.428047836 0.542344093 1.48523307 0.406163037
    0.244410336 0.925612152 -0.245852649 1.25973105 -0.0448188484
    0.917912006 -0.234982073 0.92259866 0.704567134 -0.075717628
    1.02904928 0.939504743 0.10043025 0.488750637 -0.27264902 1.24409115
    0.204239845 1.30604172 1.00815487 0.353061855 -0.345434427
    0.935873866 -0.147742808 0.864123106 -0.0804848969 0.888578057
    0.913742721 0.104643285 0.555907786 -0.519605935 0.0628727674
    0.104642987 0.0125215054 0.826558053 1.43789649 0.373263896
    -0.498510718 -0.56561327 0.418894768 0.45222491 1.01118112
    1.02803659 -0.130957574 0.102523625 1.32156944 1.32629323 1.12698507
    -0.507525682 1.05342066 -0.0604588091 1.3002336 0.0134028196
    1.4462688 -0.0341041684 1.31312776 0.786924124 1.1227479 0.196456134
    1.39529157 0.033567518 0.574884355 1.17266202 0.0566498041
    1.37164092 0.325508893 0.248244047 0.213317931 -0.209604412
    0.460155219 -0.197152466 1.49007475 0.40781197 -0.263977766
    1.12882662 1.33699501 0.664267778 0.409619808 1.0799644 0.736535907
    0.972434461 0.902413905 -0.325829566 0.726909697 1.07962441
    1.0951401 1.26511729 1.22277021 0.430774331 1.38289022 -0.205758512
    0.246041059 -0.402901113 0.332915008 0.901532531 0.203938872
    0.70533818 -0.000532984734 0.791796386 -0.0270103216 0.625628591
    1.05403066 1.1779027 0.0476687551 -0.0933360457 0.091177702
    -0.188476384 -0.0212129951 0.211901456 0.212550789 1.48001695
    -0.485057831 0.6714046 0.401699573 0.891632259 1.18891954
    -0.457770109 1.1948024 1.19540095 0.328583658 1.42987454 1.02009642
    0.642655849 0.797037005 1.3332293 -0.013627708 1.41406584
    -0.123549014 0.689067602 -0.332780927 0.790929198 0.146097869
    0.243144572 0.621298611 1.39493322 -0.0457351208 0.107506514
    -0.214178026 1.13093936 -0.0148752332 -0.0460520983 0.870581388
    -0.19270578 1.36420012 1.23478389 0.346478939 0.654494643
    0.898288965 -0.0808668435 1.16060972 -0.58254087 1.48781586
    0.903979003 0.679443359 1.33248758 1.17174709 0.997777641
    0.716412723 1.28463411 0.851464748 0.76142633 0.981600761 1.12138176
    1.15781713 -0.458924651 1.52534842 -0.278063089 1.53247499
    -0.168918043 1.45991731 -0.57201755 -0.115080178 1.27157176
    -0.31955117 -0.399645269 1.42946458 -0.1587964 0.0211188197
    -0.198293298 0.699551702 0.12606141 0.809590101 0.150644183
    -0.319740534 0.222500652 0.407007754 0.715072572 0.250780284
    1.45332468 -0.509072423 1.29371095 0.8640517 -0.121784866
    -0.243548736 -0.31275785 0.714206696 1.31545424 1.34958971
    -0.158856273 0.0139324367 0.740501046 0.386767268 0.967951477
    -0.0940015018 0.922919869 1.08664465 -0.298016548 1.18010187
    0.785933912 0.10347414 -0.214256018 -0.334496975 1.2810055
    -0.157450497 0.674052536 0.344282627 0.904350936 -0.0878063142
    0.320815146 -0.00473943353 0.380858481 0.34525612 1.09747231
    1.27398849 0.283019781 0.348245561 1.38745904 0.0335019231
    1.19608688 0.199114084 0.16781348 0.135474116 0.479031682
    0.558767438 0.200210154 0.786425233 -0.442717135 0.941754043
    1.22636282 0.0722903609 0.758887708 1.54880285 0.0950683951
    -0.188315392 -0.39940086 1.42831707 0.834282398 -0.251292884
    -0.170814872 -0.210909873 1.46507537 0.0516437888 1.36674964
    0.236295938 0.0764675736 -0.259995252 1.51109552 -0.516652107
    1.3354032 1.27750361 0.193817556 1.00977302 -0.19286707 0.549834967
    0.292512715 1.02217722 -0.185448587 1.42590714 -0.158119738
    0.819231093 1.4409678 -0.0943937302 0.551716328 1.13785708
    -0.14211449 0.104640186 1.09049308 1.28994894 1.30559945 0.474934757
    0.166952133 0.290404171 0.283194482 0.90725112 0.439441144
    0.88619107 0.595137298 1.31804812 1.18283558 0.409276903 0.311986506
    0.0891687274 0.751455188 1.47579336 1.02300358 1.28311539
    -0.041326046 0.348891377 -0.353263855 0.840753853 0.751949847
    1.08860421 1.00197423 1.27016115 1.32160997 0.396916389 0.75171876
    0.249084294 1.17039251 0.398757577 -0.522730291 0.999235213
    0.0875017643 1.02098298 0.326983392 -0.385646462 -0.096142143
    1.26307058 0.814230502 0.191293865 0.920799851 0.483830333
    -0.0633238554 1.09574854 1.4388566 -0.23150453 0.698830545
    -0.118477166 0.817900062 1.17179167 0.0856211483 0.647081196
    1.48287725 -0.357420504 1.20068467 -0.126061916 1.05279028
    0.298193514 1.37467504 1.17754865 -0.52270931 -0.253904283
    1.28344214 0.299246311 0.835088968 0.963638246 0.759302914
    0.269021034 1.43835402 1.14263558 -0.24658376 0.185201228
    0.285047829 1.18685365 -0.154027522 0.311375558 -0.45959124
    -0.09915483 0.666162312 0.659964204 0.298982114 1.05062282
    1.25860548 -0.350048363 -0.377007127 -0.0430042744 1.24300241
    -0.351614296 1.44820666 -0.206839591 1.57250416 -0.0731302202
    0.708276451 1.13380647 -0.159851968 0.291143179 0.0137131214
    -0.272821784 -0.457018346 1.52117872 -0.0361697674 -0.090136379
    -0.236985371 0.862374961 0.322652489 1.62410879 0.0568200052
    -0.167505026 0.309735 0.502949536 1.35294116 0.853177726 1.35686564
    0.807221472 0.503589571 0.520241141 0.615111351 -0.132856965
    1.03342628 0.894056499 0.46575731 0.0176178217 -0.149834692
    -0.279914975 0.926766753 0.806809902 -0.235989064 0.758374035
    -0.40723893 -0.162088245 0.245826215 0.272163332 0.00216144323
    1.1962316 -0.336398274 0.0391823053 0.120308816 0.306182981
    0.492354155 1.2516129 -0.444374412 1.50965405 0.530952394
    -0.209031463 0.742857754 1.35344434 0.501274884 1.2713778 1.42057514
    0.372978687 0.550931454 1.34707081 0.394449055 0.22471118
    0.572332978 -0.116694868 0.0483882725 -0.314409643 0.322602987
    1.51927817 0.28346923 1.26027036 0.617370844 0.186522931 0.414181858
    0.391321778 0.448420614 -0.254478157 1.31126404 -0.0574203134
    -0.0889490247 -0.445204169 1.36373949 0.530560911 -0.254525393
    0.396749586 0.125576496 0.778433561 0.669128776 -0.279641569
    -0.248292267 -0.201726854 -0.439738184 0.77940774 -0.260820627
    0.0120980442 1.4866606 -0.270787925 0.410205811 0.956881642
    0.914314985 1.06832767 0.63031888 0.416341841 0.258233756
    0.800470889 -0.106672376 0.23049432 -0.220000789 -0.336895525
    0.114944488 1.21232009 1.22644091 0.109927833 0.985084534
    0.160454392 0.139116883 0.45251745 1.00328493 0.142197192 1.19501972
    1.03562927 0.605984926 1.04832077 0.972660244 0.355081618
    0.0406598449 -0.158160895 0.0220513046 -0.277647972 0.336360276
    1.00655389 0.643224478 0.0377168357 1.45350146 0.692632556
    -0.189743459 -0.242607474 1.00335026 0.641839087 1.27970099
    0.273203075 -0.374865025 1.11270165 0.954242826 1.09388709
    1.06935728 -0.15373373 0.229807168 0.283340096 0.812612712
    1.01422834 -0.298650503 -0.172415584 -0.223118976 0.548426986
    -0.412860274 0.845968306 1.07554364 0.261348724 0.778920531
    0.527468264 0.972106636 0.389178872 0.942216754 0.417889237
    0.218716979 -0.186669886 -0.338795632 0.539158642 -0.272629619
    1.43503129 1.0009836 0.266222179 -0.492247343 0.732612073 1.33192468
    0.479777217 -0.433997929 0.536203682 0.765530705 1.08064878
    1.36864543 -0.308682203 0.37909925 0.354351878 1.47597766
    -0.47331509 0.365160704 -0.547515512 0.963366508 1.41287184
    -0.446218491 0.784909368 0.925893545 0.834552109 0.253848672
    -0.000155687332 1.27767372 -0.544039786 1.21150923 0.872772694
    -0.110221237 1.22835672 -0.350667149 -0.0815829933 -0.424860269
    1.21541142 -0.324171305 0.716415703 0.695370972 0.805748522
    0.574120283 0.829281092 -0.412127823 -0.205586657 -0.220799491
    0.458207041 -0.324125588 0.180588603 1.44882429 0.174055934
    0.45861274 -0.358411789 1.15382004 0.582763314 -0.452798158
    1.46982312 0.990683138 0.132305145 0.523868918 1.00679731
    -0.524779439 0.311251819 0.708265543 1.26816761 -0.331050694
    0.439493179 0.621260047 0.956127167 0.0864032507 0.734337986
    1.09399652 0.644266129 -0.168244034 0.0805871487 0.244548738
    1.19617271 0.0719985962 -0.137921631 1.03403187 1.16033852
    1.33010662 1.35681581 0.257807732 0.797904849 -0.215244904
    -0.0510942042 -0.0984230638 0.524793625 0.0410630703 0.668386757
    1.11157727 0.0127206445 0.390907168 0.685659587 0.630791903
    0.473224819 1.00117254 -0.273909509 -0.367242873 0.267698824
    -0.0566207469 1.31929922 1.39709949 0.449483871 -0.0368546247
    1.42226303 1.00694561 -0.375491321 1.30220211 -0.46015811 1.20495784
    -0.25591144 0.980537713 0.62958169 1.42228973 0.755460799 1.18278003
    -0.00706297159 0.790432036 0.933725119 1.14663124 1.24117661
    1.02265346 -0.322062612 -0.101537496 0.375210851 0.0748195648
    1.20425868 0.83025223 0.510216236 1.3274622 0.398422062 0.061098665
    0.107524872 0.0318486691 -0.211804181 1.22814226 0.74761939
    -0.456595749 -0.158507407 -0.578871369 0.922320902 0.318741143
    -0.0229766369 1.17209446 0.996018648 -0.0553993881 1.32512915
    0.646327674 -0.0773531497 1.46601427 0.404011369 1.03030431
    0.506148279 0.00919729471 0.201754153 -0.359427273 -0.357054532
    1.46886015 -0.261336535 0.795991004 0.335016191 -0.298078001
    1.07042348 1.3039453 -0.328719676 1.35311937 0.512801528 1.45039153
    0.605097413 0.71449846 0.550132155 1.23761654 1.33172822 0.802120388
    1.02249193 1.15153968 0.914002597 -0.0874277353 -0.0963745713
    -0.312661529 0.94614172 -0.2690413 0.238858491 -0.210573018
    -0.0930219591 -0.0890028775 0.823614657 -0.159837484 1.41999149
    -0.339762837 1.26274717 0.388352156 0.164951593 0.25215131
    0.122864425 0.387510031 -0.180961221 1.45276749 0.353615642
    0.571833014 0.766342044 0.404429436 -0.302566111 0.885103166
    1.27596688 0.517200768 0.644705713 0.426000595 1.13007367
    0.0544012189 -0.177116692 1.09675956 0.718590021 0.817120135
    0.749512136 -0.138219208 -0.287842691 0.766820073 0.672284722
    -0.184353411 1.43616712 1.4090966 0.0842483044 0.939067185
    0.253195345 1.21783042 -0.50009495 1.41894889 0.347924769
    -0.490573496 0.716896296 0.0976914763 0.823419273 1.1623354
    0.294129133 0.57499516 1.42921102 -0.35877648 1.22034574 1.17832041
    0.681742728 -0.0658244491 0.331211209 0.441555262 -0.231526166
    0.892184258 0.341109693 0.681265473 0.70044589 1.27293777 1.02672279
    1.48941493 0.0905963778 0.262433887 0.338642895 1.24669969
    0.695391476 1.09828091 0.832832515 0.25122726 0.908649564
    0.879731655 -0.559292078 0.674779058 0.730034888 0.643542409
    1.02161407 0.709841251 0.92489785 0.0717473626 -0.52871877
    1.42579436 -0.345931143 1.03671396 -0.262580931 0.817215264
    0.967101574 -0.538831711 0.43865931 0.365316391 1.3653897 1.15939593
    0.717570722 -0.518465877 1.26446199 0.985621631 0.815800965
    0.56169951 0.632347703 0.0599988401 0.654554844 0.98250097
    0.296595871 -0.286683857 0.825148702 0.91272378 1.01252365
    0.969357133 0.0927020013 1.22597444 0.196291029 -0.175048381
    0.943822563 0.00119107962 0.642714381 0.0621781349 0.332516253
    1.27278137 0.548810303 -0.0653152168 1.33818543 -0.0972931683
    -0.0549098849 0.420680344 0.108704507 1.31340957 0.516227365
    0.996258676 0.657458186 0.725841582 1.31554604 -0.0712109208
    1.40388286 1.01472902 0.166945875 0.891378164 1.33470452
    -0.0201048851 -0.262116194 0.823155284 1.27806497 0.769329667
    0.57093215 0.547672033 0.901709616 0.235107422 0.658201694
    0.649731815 1.12794125 -0.299326509 -0.191250756 1.27145016
    0.846322238 0.214636505 0.723540843 0.92041105 -0.117558628
    1.05482364 1.14230657 0.970003128 1.17008209 1.00806665 0.329358637
    0.200113058 0.634076834 0.973411083 -0.384610772 0.174534023
    -0.256188601 -0.257674158 -0.152157545 0.042925179 1.09800625
    0.310869277 -0.190233111 0.807583094 1.0529325 0.821735978 0.3113029
    -0.453579366 0.871356606 -0.246001482 0.242739886 -0.312005997
    0.566991687 0.3436867 0.884522736 0.137546897 0.566224098
    0.412051529 0.974308133 0.312919497 1.27953506 -0.161430538
    0.0645409226 1.03140068 -0.163802236 0.465269834 0.653256238
    0.848724604 0.840649068 0.819411993 -0.506573439 1.04017162
    0.969242811 1.32627952 1.04794335 0.146748424 1.28179646
    -0.392047107 0.744604826 0.285932839 -0.159322262 -0.0721458197
    0.924123287 0.193911195 -0.449686527 1.46695983 -0.41868338
    -0.153765559 0.862388134 0.156470656 1.1406281 -0.070350796
    -0.13762337 1.16013098 -0.296474278 0.782190859 0.638340235
    0.76592797 1.18794322 1.29836941 -0.181919932 0.112395376
    0.476101816 -0.198645085 0.937167764 0.371700883 0.978091598
    0.407680154 -0.172089815 1.31687355 0.992633939 0.234911978
    0.956776857 0.297331154 0.454717785 0.0755388439 -0.0229091644
    1.04782319 1.25492394 -0.179126024 -0.40250963 -0.285295784
    0.523440242 1.15843868 0.69764626 0.758422911 0.173571229
    -0.299285382 0.346264452 -0.120407701 0.0542981625 0.929742396
    0.387588531 0.092374146 -0.0823345482 0.715237021 0.585909128
    -0.355543315 1.11775529 0.401679158 0.0870258808 0.802245915
    1.40692616 1.25659871 0.0978916287 1.03926289 0.0128313005
    0.0507676303 1.20584226 0.430347651 0.128395468 0.534849644
    0.0911846757 1.20677567 0.15678826 -0.383661985 0.0733008981
    -0.210878998 0.343902767 1.46100402 0.0101224482 -0.318132401
    1.13506794 1.46415615 -0.0930144787 0.433019698 0.0850738883
    0.979746401 1.22489023 0.333928525 0.746422112 1.26517582
    0.346744061 -0.305393159 0.293728113 0.312776983 0.848421514
    0.705173671 0.224017382 -0.416232198 1.09868133 0.625906289
    0.256958842 0.287366688 0.9817276 -0.533140182 0.964503109
    0.498941839 0.0509573221 -0.255919248 -0.258659124 -0.0226207972
    0.473609149 0.713646412 1.33649647 1.09874463 0.743020892
    0.996357799 -0.494110823 1.04509902 -0.387748122 -0.285688281
    -0.44542411 1.36810708 0.831229448 1.25325334 -0.139965355
    1.13838792 0.952059329 1.09083509 1.37254989 0.519340992
    -0.389225125 0.545488775 0.809878707 0.625197709 0.294224739
    1.37590301 -0.218163311 0.499715626 0.851170599 -0.22874108
    1.27089918 0.644054592 0.317086637 0.386744678 1.2468102
    -0.257273316 0.49394232 0.040420115 0.878776491 0.444562197
    0.118198991 1.18536425 1.24154139 0.932863355 0.403424501 1.41781604
    -0.440968245 1.32408142 0.565018773 1.39779282 -0.262067467
    -0.0649516284 0.724515796 -0.0373953283 -0.124174953 1.5890497
    0.260475218 0.675035357 0.921392679 0.232086062 0.790744543
    1.13213611 -0.326843828 1.05753517 0.0939503908 -0.00518023968
    0.418120503 0.518457651 0.124641657 1.44115102 1.33082438
    -0.165128201 0.644356132 -0.454689831 1.28712237 1.44441605
    -0.531706989 0.080945313 0.25062418 0.642971754 1.0070169
    -0.342625499 0.638376355 0.917877674 1.38480186 -0.0693215728
    1.42193258 0.866206527 0.697468996 0.821748555 -0.287504584
    1.53107274 1.3887974 0.226360202 0.680616438 1.03452981 1.42217958
    0.288397014 -0.190175325 0.938198686 -0.105220407 1.11265445
    0.720841885 0.441004753 0.780816436 1.10747194 -0.0022418499
    0.410486579 -0.349759221 0.573615134 -0.330590963 1.44964814
    0.827497303 0.690069973 0.504140139 0.461109936 0.81611228
    0.521879077 0.151333451 1.45209754 1.14758134 -0.168476135
    0.542349398 1.34730458 0.175144732 0.90995729 -0.0471084714
    1.42906082 -0.321922868 0.359137774 0.501442015 0.0510486662
    -0.0480169654 1.2238878 1.23493433 0.737226546 1.01995826
    0.129092634 0.215079427 0.698766828 -0.147361606 0.89686209
    1.3833878 -0.447357893 1.48876452 0.374526978 -0.171412557
    -0.342567146 -0.193282425 1.25017977 0.706943989 -0.340876341
    1.40441418 1.21230865 1.22266579 -0.126803607 0.648585498 1.46930265
    0.759176016 -0.0783659518 1.26153529 -0.00715267658 -0.0143336654
    -0.26438427 -0.00818583369 0.869437099 0.191446304 0.730147123
    1.46565318 0.584639311 0.113025188 1.36689353 1.200912 -0.367332757
    0.807528853 0.521050394 0.344635546 -0.0888809562 0.978322506
    -0.476827443 1.23443234 1.06304359 0.141977668 0.373685658
    1.46477854 0.842427254 -0.195470959 0.182646364 0.647968173
    -0.0643544793 0.693274796 1.55511785 0.516834259 0.682581782
    1.33419228 0.223921001 -0.258609563 0.512326598 -0.0709763169
    0.174911201 1.07379031 0.229795098 0.392079175 0.0658667684
    1.52416456 0.253151476 -0.294779837 -0.108836085 1.4753623
    0.175245583 -0.195495397 0.0216812789 0.525033057 1.2209146
    -0.26315555 1.09187067 -0.229375795 0.739422441 0.0131758451
    0.43157196 0.51300633 0.127472579 0.951971233 -0.0354478061
    -0.164074451 -0.0112783313 -0.311306059 1.37334263 0.895997047
    0.161636889 1.03560734 0.479243934 0.866659939 0.224987149
    -0.115285426 0.99993819 -0.325845003 1.04322529 0.383765817
    1.39072752 1.26808083 1.21272266 -0.45199573 1.43274391 0.4052158
    0.753564954 0.354697824 1.36954081 -0.129690886 1.12413931
    0.281973779 1.17430234 0.156107306 0.804617226 0.514665544
    0.234750211 0.0018491745 0.422000468 0.261260629 1.1898973
    -0.523870826 1.19138515 0.583819985 0.21165514 0.849564791
    0.931729555 -0.137353659 1.33206201 -0.042868197 0.810913622
    1.20860791 1.30243301 0.994682968 0.436703384 0.61196059 0.738571644
    1.25911236 -0.384621084 0.571667314 1.10783577 1.3619628
    -0.402270764 0.571970463 1.3719697 -0.179301471 -0.110185593
    1.15933585 -0.179501027 0.285790294 1.06280088 0.840072453
    0.895122528 0.572630584 1.40356112 0.85369277 0.0783212185 1.0379405
    -0.344009519 0.932217002 -0.442280889 1.2701242 -0.082288444
    1.03968215 0.40973568 0.831096053 0.337205946 0.283528805
    0.730673909 0.789626122 1.46693814 0.246304661 -0.186595991
    0.653364301 0.761127651 1.10877752 0.393477678 0.792997241
    -0.102206588 1.11703944 -0.274846882 1.34352183 -0.312679261
    0.996625304 0.574216127 0.850945473 0.289810061 1.13770735
    -0.267213434 1.34598613 0.907087982 1.21494651 -0.245248109
    0.0935150981 1.33600795 1.49650431 -0.277732342 0.290045559
    -0.119058281 0.00426456332 1.51355624 -0.240668476 1.13802457
    -0.0381213129 -0.0905307531 0.466647089 0.716093779 0.615890026
    1.05512142 1.37514925 0.70539856 0.853832185 0.539290488 1.20588112
    0.397428185 -0.443136632 1.31169271 1.23125541 0.532308221
    0.434267879 0.155596137 1.2576251 0.929504395 0.779016674 1.27346504
    0.991816223 0.0820169151 0.360653877 1.45255351 0.913138509
    -0.400972843 0.913967371 0.105177343 -0.313387752 0.507987857
    0.255771786 -0.376390219 0.232619613 0.248060912 0.431101024
    1.15105844 0.21494472 1.3318727 1.08847082 -0.273427904 0.119164675
    0.0518549085 0.509263515 0.473501235 -0.386744082 -0.216465533
    0.258772492 -0.366951197 0.658865511 0.0486335754 1.48608804
    0.639880896 0.953379571 1.27423894 0.90743655 0.321308792
    0.281904697 0.730560958 1.334656 1.41302001 0.684012771 0.812792897
    0.359150231 1.06873667 0.813871145 1.11006379 1.03985882 -0.22800751
    0.935700655 0.152170599 0.530722439 0.829859138 -0.32260856
    0.571628928 0.977882564 0.260306776 0.470629722 -0.174483746
    0.413728505 0.153603643 0.083040297 0.229602367 1.06989622
    0.367149115 -0.391550481 0.215045393 1.43118334 0.160816669
    0.322891235 0.695217073 0.492096841 0.288823605 1.06311035
    0.94781965 0.801821828 0.256875932 1.02359736 1.07981062 1.09987807
    -0.330604851 0.0431762934 -0.408160269 0.140224814 1.01229084
    0.286226094 -0.297302037 0.89363718 -0.0120081604 -0.12305361
    1.54742134 0.39913255 -0.327293992 0.290977955 0.875601053
    0.324283004 -0.12249437 0.27517727 1.1699698 -0.27207154 0.233024627
    0.685679913 0.844254911 0.990774572 -0.0136275291 0.605963111
    0.141424328 0.0220889151 0.859542429 -0.31279707 0.210131735
    0.0723292828 0.440233648 0.946201742 1.34673738 -0.416984975
    1.54992485 0.31633693 0.158913642 1.30877745 0.165252626
    -0.516267657 0.388295114 0.678487539 0.314853132 -0.516536832
    1.06402957 0.416932762 0.755106807 0.120047748 0.755674481
    0.0328209996 0.232804716 0.861025333 -0.0781995952 -0.0370146036
    0.615829289 0.197962165 1.14371407 -0.435495883 0.406786472
    -0.468884736 1.44355392 1.11086988 -0.0138597488 1.15075898
    0.797952175 -0.346392512 1.41614938 1.27359891 0.978754818
    0.0970246792 0.961557448 0.137706697 -0.122287989 -0.21992895
    0.836119175 0.494867027 0.523298502 0.246452272 1.22642732
    -0.00660830736 0.741745114 1.26834047 -0.41757375 0.0522662997
    -0.304240584 -0.448176771 -0.084959954 -0.178695917 0.999294162
    0.870286524 0.829914153 0.286925435 -0.33378306 -0.201660082
    0.271711975 1.07304776 -0.51460427 1.57090282 -0.209272668
    0.0419353843 0.334192276 0.893640757 -0.416050851 0.391411185
    0.095672071 0.886874735 1.11960649 0.310901821 0.842058659
    -0.0906827152 1.30317652 0.417230248 0.63194412 0.817051411
    0.0569123626 0.337724924 0.107951045 0.528980196 1.31882834
    -0.0658794641 1.19546723 -0.0597037673 -0.193588525 -0.404312134
    0.604512811 1.1507231 1.04832315 0.691477418 1.28249693 -0.199328095
    1.43369555 0.641492069 1.45923924 0.62488693 1.43010056 -0.215061456
    0.464998424 0.54914391 -0.101078331 -0.452632159 0.63824749
    1.20594656 -0.29463008 0.882397592 0.164465606 0.540151656
    -0.0443187952 0.350105822 1.53057289 0.146785915 -0.473475605
    -0.0137087405 -0.0519224107 -0.376140326 1.57375395 -0.180128336
    1.15883017 -0.431774318 0.821108818 1.16122568 1.0883832 0.78985852
    -0.475351542 -0.108895719 0.712706208 -0.0438936353 0.816375375
    1.1467526 -0.399017721 -0.0929029882 0.925526321 0.470614433
    1.09806001 1.42996788 0.437550068 -0.260916412 0.433464885
    0.976845384 0.0340756774 -0.010133028 1.28771782 1.31847382
    1.33120894 -0.213870764 -0.261841148 0.918213129 1.16352403
    0.1922566 0.808064103 -0.319122642 -0.200852454 0.075106889
    0.470529914 -0.276198983 0.411613971 1.18984556 -0.0934304297
    1.31854963 0.0968875885 0.742484391 1.27095485 0.297745526
    1.02733183 0.555859625 1.03269219 -0.35762164 0.0583594739
    0.531200111 0.261700511 0.891838908 0.0736184716 0.417235017
    0.300248921 0.953960299 0.875936627 0.508516848 -0.472904384
    -0.310401559 0.878920913 0.486456335 0.08742553 -0.385778666
    -0.0441415012 -0.033166647 -0.0614513159 0.134208739 1.13910234
    -0.0305929184 0.981659174 0.386808813 1.31148767 0.581418931
    1.28030932 0.487812161 0.44331938 0.000245451927 0.236230046
    -0.169704944 0.0831701159 1.03286958 0.820550978 0.538968027
    -0.480199307 0.839342892 0.35257268 0.902730882 1.35751975
    0.0645773411 -0.0812706947 0.687425613 0.995648146 1.0398562
    -0.0476223826 0.565649211 0.344533622 1.41582859 1.11417031
    0.00643956661 -0.244861871 1.45072973 1.1730783 -0.206771731
    -0.382070005 0.0514568686 0.729564607 0.87520647 1.07931304
    0.14123714 1.01470542 1.17844009 0.216526031 -0.22951898
    -0.129545242 1.52898109 -0.142812729 0.17261368 1.12419152
    1.02368414 0.413214207 0.953994751 0.300235242 0.977121472
    -0.342521369 0.461191058 0.384412587 1.34543443 -0.0811594725
    0.931429446 1.14562201 0.703536034 0.0342626572 1.29998899
    0.506839514 1.11335111 0.225034475 0.850536525 1.50832748
    -0.296162605 1.41231179 0.714051187 0.79554826 1.34049809
    0.678671956 0.193820059 0.309105396 1.4446938 -0.470579356
    0.226570666 1.25076103 0.0539293289 0.438796401 0.164353579
    1.12401378 -0.135229439 0.938182056 0.297309726 0.476183057
    1.24026167 0.0587304831 0.26050204 -0.205863684 1.31150413
    1.10640728 -0.313270122 1.30462146 0.562098026 0.306323647
    0.290949881 -0.138660997 0.884230852 1.42569029 -0.260953069
    0.463999867 1.21903324 0.352126122 0.595561624 1.07828331 0.84378612
    1.15812707 -0.296791226 1.17687917 0.134956241 1.16688848 1.28426301
    -0.145249188 1.09898877 0.642442524 0.297469258 1.1773454
    0.226244688 0.790995061 0.349326819 0.702114105 1.10931504
    -0.339405715 0.109509259 -0.344105422 1.15125489 1.00430524
    1.09896159 0.164833963 1.09746444 -0.0184277296 0.612107396
    -0.362167627 1.10036922 0.0586120486 0.999974668 1.24968266
    1.28607643 -0.540759861 0.328286707 1.12994158 0.102574766
    1.41140354 0.745507121 -0.146835119 1.26679075 0.827823102
    0.144064903 1.32107019 1.27643681 0.41520977 1.05935454 0.821943223
    -0.404054761 1.08048701 0.293080091 0.193262041 -0.125484526
    -0.356503069 -0.0727060735 1.2228601 0.247283459 0.707410753
    1.15525651 -0.0584801435 1.20287716 0.96382308 -0.210299671
    -0.0270702243 1.24720883 -0.124750137 0.950860739 0.0401302576
    0.934153438 1.45789552 1.00015903 0.143978596 0.832538009
    0.505698562 0.0693660378 0.501521587 1.39151073 1.11773586
    1.52329147 0.699526906 1.11041164 1.26616573 0.660252273 0.186941087
    0.297497988 1.20715559 -0.419149816 0.825566947 0.101930916
    0.278608084 0.92470479 -0.0440187752 -0.348248243 -0.115295917
    1.44765174 0.480920583 0.0343185067 0.0721301734 1.16339517
    0.263255835 -0.126439691 -0.366483986 0.884740293 0.451682091
    1.47790575 0.667791069 -0.178208917 0.222495019 0.402086437
    1.28370452 -0.459036022 0.130981892 0.946752548 0.233459294
    0.051818043 1.44113088 1.35603285 -0.0456051826 1.10990095
    0.515047669 0.234732091 1.43900204 -0.230087399 1.00005722
    0.83259517 -0.0716872215 -0.0711129606 -0.382534236 0.227975816
    1.45844638 0.50882411 0.436140656 -0.272914857 1.19954479
    0.322481632 0.612834454 1.32594943 -0.479124427 -0.288959146
    1.36923754 0.413344085 1.42454946 -0.0147101879 1.49022555
    0.960182846 0.796784639 -0.28307423 0.524796724 1.35911322
    0.303171277 -0.156544536 0.607978702 1.36538994 -0.0610736012
    -0.258454055 1.37080359 0.412256032 0.47808823 0.292021096
    -0.297156364 0.618415952 0.8972404 -0.22010383 0.53618288 1.49576259
    -0.318612039 -0.398293316 0.766250491 0.920463502 -0.0343116522
    0.102065206 0.17513901 0.369483531 0.952777207 0.856433094
    -0.297158033 0.95565635 0.343321741 0.569054604 -0.0852080882
    1.33584404 1.4114356 0.526745081 1.2411195 0.216288388 -0.286087722
    1.09502351 0.566757858 1.11914396 0.117284954 0.845877588 1.37227106
    1.03449488 -0.432652295 0.700163484 1.24900675 1.25189328
    -0.300224602 0.0131260157 0.198833227 0.36429584 -0.320960701
    1.40031397 1.42888272 0.182770878 0.44190383 0.354513466 0.66427052
    0.0412935019 0.167781532 -0.2563923 0.448811591 0.161452115
    0.881500304 0.546514273 -0.254392505 1.34620547 -0.517540216
    -0.13799724 1.22667813 0.43919313 -0.197097093 0.662962079
    1.00239301 0.249452531 1.2734493 0.993393123 0.972000122
    -0.390209585 0.973247766 0.136216462 -0.0464467406 0.271966219
    0.464271247 0.0438616574 0.71991086 -0.333252907 0.974881589
    1.24432814 0.382808328 0.0111095309 0.630805135 -0.480643004
    -0.471590579 1.33810639 0.581708431 0.926544607 1.35877693
    0.236018121 0.610039234 -0.356311977 0.631953239 0.0331370831
    1.42330074 0.00767219067 0.769376695 0.0240790248 -0.267668903
    -0.171444029 1.25106454 1.27977669 1.25836933 -0.438842714
    1.20945883 1.33332026 -0.316830099 0.736673176 0.162876755
    0.885981679 -0.192084819 0.286055416 0.502275169 1.17607689
    -0.38299185 1.09746289 1.40967512 0.99433887 -0.124162078
    0.520801127 1.34139276 0.577137947 1.22435069 -0.217671484
    0.429859638 0.0691082478 -0.172762364 1.43336797 -0.103819311
    0.968353271 0.532916546 1.02511513 0.586152673 -0.322749466
    -0.158737361 0.469649613 0.728285551 0.281156123 0.910797536
    0.938209236 -0.215862393 0.22448194 0.400883496 0.671748102
    1.36594558 1.48437452 0.389342368 -0.457868874 1.41771746
    0.779742122 0.325420171 -0.159204483 0.75850141 1.23130894
    0.355819702 0.355283499 1.34974325 0.519245684 0.363805234
    -0.353004932 0.652075589 1.28874218 1.18541205 1.34649014
    -0.437684596 -0.411643028 0.974083304 0.899072886 0.305443168
    -0.218310729 0.0674754977 1.23119855 1.03998053 -0.220871657
    0.972936511 -0.295935899 -0.176304966 0.207242727 -0.0388822258
    0.452367008 1.05966783 1.3852396 -0.326994807 1.03644729 0.237647653
    1.00342846 0.434154689 0.506493211 -0.093108803 0.784820557
    -0.215940356 0.893932462 0.495494306 -0.0583480597 0.748078942
    -0.0869787633 0.522550106 0.0451161265 0.74727869 1.27194989
    0.35560143 0.190937877 -0.456403404 1.12931144 -0.0100283027
    0.516326249 0.577022552 0.998201191 0.336349964 1.13683176
    -0.246454284 -0.381589442 0.177513719 1.33175802 0.958838284
    -0.574388087 1.01275921 -0.523747265 -0.257194489 1.29732823
    1.37640429 0.288682282 0.276777387 0.313892424 0.428709418
    -0.414146662 1.22754467 0.709001839 -0.466253936 1.1323365
    0.265494585 -0.320382863 0.797663808 1.07559526 1.16280413
    -0.145568252 0.994053423 0.240464151 0.334935784 1.36833453
    0.805247068 -0.4337973 -0.409068853 1.04291153 1.08534193
    0.266718566 1.29930711 -0.361231387 0.62395364 0.927382052
    0.460896015 0.496035755 0.824803352 -0.12240994 -0.0299830437
    1.21065331 0.879648924 1.34513235 1.09769344 0.265794575 0.299327493
    -0.282711774 1.60903287 -0.0441591144 -0.136868536 0.00306707621
    1.49929929 -0.0609358251 1.29008269 1.13420248 -0.246162802
    0.117961705 0.687945604 1.19379354 -0.406629413 0.286644757
    0.251844525 -0.418499947 -0.327444315 0.946739972 1.06682575
    0.810941935 0.937522411 0.300368309 0.61344403 0.37000674 1.04870617
    0.607792139 0.429691434 0.808077574 0.766229451 0.807231009
    0.149918735 1.0000751 0.389366657 -0.288849115 1.4381566 0.522427917
    1.1184057 -0.430708796 0.372435451 -0.168063849 -0.39358604
    1.40680242 1.03030157 -0.148412794 1.43274081 0.126028121 0.26789993
    0.554555297 1.26275861 -0.198101521 -0.178054869 0.616148412
    1.30179155 0.650917828 0.90928787 -0.219346821 -0.304841042
    1.37327123 -0.299048573 0.970775962 -0.130950153 0.156564623
    0.582881153 0.337501019 -0.285020083 0.67220819 0.627735019
    0.528061986 1.46476436 -0.460175246 0.102495134 1.48688579
    1.42167735 -0.297382295 -0.170877397 1.30898416 1.31569421
    -0.437357306 0.653163791 0.940244615 0.483496547 0.701628745
    1.11669064 -0.407942086 0.627872765 0.229911149 1.30030656
    0.149134755 1.25929642 0.169453621 0.336875498 0.957972348
    0.16767332 0.407188326 1.2427721 0.303782046 1.26301098 0.270336986
    1.17214155 0.519710839 0.271853536 -0.135925382 -0.0363528132
    0.944803536 0.226923764 -0.458048344 1.26522517 1.02516329
    0.991718113 -0.329467893 0.0175255835 -0.184912384 1.19249618
    -0.0644186139 1.33838177 -0.0934344828 1.01005769 0.0101154149
    -0.228620961 0.951430917 -0.193652049 -0.414511383 0.92027986
    1.2948997 1.35163975 0.106910706 0.732416391 -0.293251961 1.30747938
    0.325995803 0.775939107 0.756314993 0.994091988 -0.193231344
    0.520379305 0.263443947 0.6179322 0.473641574 -0.142117113
    -0.272283733 0.328490168 -0.325894713 1.05422127 0.0482462049
    0.283099502 0.421866328 1.56471586 -0.0983107686 0.714578748
    0.77964437 1.0570792 -0.129119933 1.07500815 1.05035353 1.3627243
    -0.0203943849 0.197267234 1.35987592 0.991925716 -0.20898667
    1.3140732 -0.245264679 -0.371140391 1.55556762 -0.375090629
    0.897106647 0.331064463 -0.349452972 1.25905299 0.464902043
    0.75106442 0.154450715 0.528908849 0.449011207 -0.398770928
    0.216629207 0.0480527878 0.0718343258 0.24489218 0.330598295
    1.34136522 1.42756844 -0.0436079502 0.876871109 -0.202439085
    0.601516366 0.702326655 -0.166195184 1.0347774 0.0772894025
    -0.146042317 0.422044337 1.15640903 0.60379523 1.12412214
    -0.498259991 0.808469057 0.0944911838 1.29620576 0.836988926
    -0.0964315534 0.888953149 1.07255018 0.548516929 1.2643199
    -0.284463704 -0.421793848 1.19139028 0.362376332 0.459964693
    1.46932817 0.731957376 0.81398344 -0.192690164 0.728161752
    -0.0160832107 -0.211382031 1.50910425 0.469959319 0.345588148
    0.778428137 0.240758061 0.895867109 0.579800785 1.24687707
    0.0600155592 -0.281276733 1.00675631 1.13991213 -0.542462587
    1.33959937 1.41010857 -0.338137418 -0.505083382 0.515312076
    0.338345885 1.47320306 -0.380339742 0.522682309 0.443541288
    -0.510435462 1.48032629 -0.391974032 -0.0137169063 0.551973701
    0.437536001 1.11692786 0.404013276 0.46438095 0.653916359
    0.324275255 -0.155040592 -0.241861761 0.531019986 1.17963743
    -0.116973341 0.768372715 0.00568449497 0.549559116 0.773589611
    0.412758827 0.562049687 0.000381469727 -0.244344115 0.536830187
    0.208635271 1.01670527 0.203821778 0.351154923 1.01704621
    -0.0777659416 0.668049574 1.29654706 1.16299665 0.391655385
    -0.00743257999 1.06005216 1.24767542 0.392945468 0.106456697
    0.278727591 1.09600925 -0.358171821 -0.16177386 0.0960605741
    0.56315577 0.240932584 -0.0769954026 -0.309888363 0.349790394
    -0.400759041 0.606738567 0.53768152 -0.205121651 -0.251400411
    0.651173234 1.15118647 1.04286397 -0.261220813 1.16660619
    0.0563655496 -0.110913604 0.409535885 1.28266811 0.64912504
    -0.417355001 1.09536982 0.69051379 0.492303729 1.30754662
    0.605787635 -0.0706395805 1.16736102 0.232615292 1.5630089
    -0.365088582 0.00631478429 0.259367287 0.908405066 0.780991971
    -0.273527205 0.118075609 0.805139303 0.473162711 0.372212648
    1.13520336 -0.096801877 -0.225881904 0.416623175 1.09182334
    0.0781571269 1.16521704 0.491557956 1.37904 0.381978393 -0.378505081
    0.0346918106 1.00439262 0.908473849 0.738644183 -0.289680898
    0.986722052 0.669200778 0.221755624 0.129319131 0.404369533
    0.639762044 -0.357222974 0.353577971 0.276354641 0.904211998
    -0.460555196 0.190248728 1.31869483 -0.571793973 -0.294092476
    -0.395743966 1.45212555 1.47907233 -0.463810951 1.24531424
    0.754280925 0.40218699 0.773678422 0.195783198 0.32462889
    0.340918362 -0.145227969 -0.186272427 0.977719784 0.618835211
    -0.383131504 0.85913682 -0.269493729 0.717753053 0.241895288
    0.412469894 1.37473142 -0.43280524 1.41777754 -0.415421903
    1.30870473 0.414299011 0.697871268 -0.0903913975 1.18124127
    0.820402622 0.487368941 -0.378186762 1.34527624 1.49454808
    0.00376087427 -0.0907375515 1.21103072 -0.427727401 0.428879172
    0.0415237248 1.23447108 0.0613953769 0.784123957 -0.346890867
    -0.0781199634 -0.305228114 -0.142688662 0.284456313 1.27314448
    -0.272559762 0.214267075 -0.0957645774 0.755179644 0.811028898
    0.897035122 0.952677965 0.271387875 0.49214673 1.17164254
    0.713258564 1.38754249 -0.513439655 1.43259287 -0.00893807411
    0.508704603 0.854455352 0.611103117 0.711398125 0.639454842
    1.17702413 1.26171398 0.697507024 0.401524246 1.4495554 1.211537
    0.584381282 1.30903423 -0.0469452739 -0.394606173 0.400672853
    1.19813728 -0.277109981 0.105588943 0.615109503 0.633521497
    -0.422052681 0.728631139 0.686242878 0.973603845 1.24125946
    1.03948331 0.737885773 1.018785 0.609635293 0.591577291 0.637871385
    -0.272976547 1.41286778 -0.526772141 1.45796347 0.0395552516
    0.723555386 1.30948472 -0.368643761 1.52028441 -0.349925697
    1.01585007 1.09031987 0.696997106 -0.227588624 0.642612159
    1.34059882 0.51510644 -0.158720404 -0.383762211 1.02239156
    1.42166841 -0.023989439 1.24169385 1.25223374 0.96988821 0.417649031
    0.781778216 0.833912849 1.19700408 0.856969476 0.941882551
    0.60945642 0.586243093 0.854735792 0.10729599 1.28625047 0.322287917
    1.27739882 -0.0804558694 0.357503176 1.16009426 0.115157962
    1.23423171 1.45760286 -0.385666788 0.212723702 1.27573323
    -0.215115756 0.569821715 0.542357385 0.283156633 0.472495735
    -0.368926108 -0.259124994 0.949330449 1.22496343 1.11880279
    0.0862037539 0.164860845 0.296101511 0.844978571 0.0174011886
    0.881914914 0.220417231 1.05094934 0.119156897 0.833708823
    1.31263542 1.21758425 0.151212275 0.942177534 0.465251684 1.32986951
    -0.202665061 0.665040851 0.103480756 -0.305712223 -0.203777343
    0.287648857 0.813787937 0.334084094 1.08957469 1.06531 0.835465252
    0.0698658228 1.13899088 -0.153568059 0.945948005 0.222787678
    -0.0254605412 1.21936798 1.15211177 1.12387085 1.08735538
    0.131410956 1.02186871 0.715201139 0.394132525 1.30622745
    -0.311522007 0.461336672 -0.363884091 0.575980008 0.595680356
    -0.310070872 0.474389672 0.855267048 1.14834762 0.874718189
    1.35200953 0.109127343 -0.0106183887 0.909625173 -0.465885192
    1.10454154 -0.201730311 1.11314678 -0.446223676 0.986453652
    -0.0431813002 -0.329947352 0.502003074 0.264125407 1.37060881
    1.41074967 0.414094031 0.45517838 0.876537919 0.881349266
    0.678439379 0.00420486927 0.343162864 0.375527889 -0.157640457
    0.409251332 1.35609627 0.847487867 0.86633718 0.250009269 1.28819871
    0.0524893999 1.01280904 1.07578421 0.628867626 1.3823688 0.666142046
    -0.351360321 0.602990091 0.919890404 0.370083064 0.149632573
    1.50280499 -0.0153147578 -0.381284744 0.937802553 1.38244987
    0.959499061 1.14168119 1.26546812 0.703034341 0.999795496
    0.0623167753 0.139384836 -0.137561262 0.793409228 0.223981023
    0.673947155 0.0259593129 1.38245761 0.739491165 1.15487325
    -0.194449827 -0.0541569889 0.592907429 -0.344240069 0.809480667
    1.02261126 1.12193799 0.861517429 -0.0773381889 0.104217708
    1.33139217 0.679241419 -0.422282696 -0.276501626 1.49777734
    -0.485619843 0.848280311 -0.29265362 -0.141610682 -0.148734629
    0.831219971 -0.399635166 -0.479637951 1.42447472 -0.0806412101
    1.0079906 -0.00914734602 1.18503773 1.24998569 -0.44429785
    0.753293991 0.774630964 0.629582167 1.56311262 1.05494118
    -0.16786769 0.335301995 1.31807947 1.22148728 0.157591164
    0.201269209 -0.0201506019 1.33696032 0.303648293 1.23318875
    -0.184605122 1.12860084 1.36293125 -0.33147648 1.08802533
    0.662750483 1.19684935 0.596241653 0.825177968 1.2858243
    -0.359566122 0.982856095 1.09147084 0.207634926 0.540842116
    0.316751122 0.427238047 -0.0326532125 0.971006691 0.897415221
    1.32511711 -0.485105962 1.17077971 0.388890028 -0.18300283
    -0.354880422 1.20189881 1.45567083 -0.221371591 1.06477821
    0.305709422 0.216424823 -0.396171272 0.739183128 1.47731519
    -0.554661751 -0.385465413 0.865633547 0.946546316 1.3928833
    1.01810622 -0.0351030827 0.995406747 1.37698841 -0.362718165
    0.146315455 0.274253488 0.72887677 1.40039158 -0.120845556
    1.34387898 0.955384672 0.181040764 -0.0603046715 0.289445341
    0.245389938 -0.296890378 1.54776442 1.21287465 1.02565229
    0.172490954 -0.386142105 -0.175132334 -0.10515216 0.164995313
    0.949093521 0.863437355 -0.508151412 -0.463386476 0.231184065
    0.415719807 0.105935752 0.836473405 0.942002535 0.215591252
    1.20915222 1.12718475 0.812153697 -0.332062006 1.30342221
    -0.29991281 0.723835051 0.844064832 0.66793251 -0.479052782
    0.731625438 -0.51134491 1.25784326 0.0655533671 -0.122905046
    1.46694911 1.26863813 1.20654869 1.12664425 0.861108482 1.01454067
    0.701423883 0.383068621 1.2233454 1.27410316 1.21727562 0.473415017
    -0.382029295 -0.278305501 1.01571083 0.445364356 0.26276046
    0.575084448 0.561463118 0.947891712 1.05670595 -0.573407531
    0.799697578 1.33337069 0.278774023 1.15923536 0.53732419 0.589132786
    1.41822565 0.688124418 0.0749077201 -0.564143062 1.17798686
    0.614898264 0.672793269 1.30211329 1.09655035 0.631548524
    0.0526311398 -0.0672892928 -0.272419065 0.301888108 0.942973077
    0.623045027 1.34717655 -0.430492818 0.378898382 0.502140522
    -0.0539084375 0.965802372 -0.338977963 -0.0922669768 1.31493568
    0.650753558 1.15018749 -0.0217831731 0.090560019 0.905128777
    1.16297269 0.950908124 -0.437262982 1.11355448 0.629414558
    0.556437254 1.02228093 0.846967459 0.57018131 -0.419568062
    0.664878607 0.191428632 0.721949875 0.832082987 -0.174271673
    0.719165623 0.944185197 -0.327516496 0.489536047 0.351974845
    0.963847339 1.04118013 -0.109306097 0.334408313 1.14446211
    -0.253648847 0.586548924 -0.458419323 1.42038584 -0.36656338
    -0.117623031 0.278027952 0.380740285 -0.295651406 0.214975625
    -0.253711253 -0.429176986 1.1442647 0.979782224 0.352218628
    -0.325369 0.810744047 -0.252610803 1.20698118 1.35055089 0.583357334
    0.0639678538 -0.312525511 1.1219939 -0.173597842 1.26060057
    0.860376894 0.561733484 0.663997233 1.5189147 -0.155738622
    0.741384208 -0.461571902 1.07675862 0.673761189 1.39041424
    0.390518606 0.36629039 0.544623196 0.89407599 0.26777038 0.251741201
    -0.313757807 1.47390413 -0.480163783 0.538173258 0.356217235
    0.52994132 1.37332582 -0.0117896795 1.46251678 -0.0435823798
    1.30662298 -0.106562972 0.552538395 0.958145618 0.246012598
    1.50293517 1.08296084 -0.0786628723 0.0976951718 1.09163105
    0.995684087 1.37617111 -0.0366168022 -0.422107041 1.41565502
    0.123790085 1.03650427 -0.274407148 -0.280482858 0.165663898
    0.368518233 0.108346999 -0.270423651 0.427569836 -0.230126411
    0.788851917 0.927666247 0.312872291 -0.305144489 0.976115048
    -0.351120502 1.00082052 0.018499136 0.48402673 -0.0047454834
    0.775982559 0.384955972 -0.284322441 0.794800758 -0.487243295
    1.08204174 0.119055688 0.924811363 0.978253186 -0.4371472 1.24445486
    -0.296025127 -0.24520418 1.27226591 -0.32737273 0.870422781
    0.578284025 1.17755234 -0.138555765 -0.0978828073 0.977964938
    0.285110474 0.387918115 -0.270008743 0.556524038 1.26976037
    0.742979646 0.81856519 1.32983077 -0.351111859 0.0932366252
    0.347866595 1.45077181 -0.394745171 -0.436061531 0.020275414
    0.328669488 1.54564905 0.17145282 0.577146471 1.05245888 0.795065999
    0.201066852 -0.116308153 0.70634824 0.313054025 0.0340877771
    0.0657504797 0.983381748 -0.44224593 1.54253936 0.394775391
    0.0256243944 0.164241731 0.130948067 -0.31655848 -0.243731633
    1.13132703 0.605403602 1.10520983 0.517799258 0.527068198 1.35968792
    1.24598694 1.06671476 0.771680057 0.186437726 1.34577167 0.501553774
    1.36195612 0.632137775 0.489839733 0.696166635 -0.0150791109
    1.07773042 0.333141267 0.338061601 0.367566794 0.172253072
    1.01431704 0.94936192 0.999148726 1.36347604 0.70386076 0.428336084
    -0.00767245889 -0.227260605 0.514438987 0.514643967 -0.413963139
    0.210136592 1.00575483 0.0669164062 -0.23424533 1.02584457
    0.373409986 -0.00185167789 0.173953116 1.23833072 0.0649770498
    0.129495442 0.00875198841 1.5066421 -0.20587799 0.151048481
    0.700381756 0.0820406675 0.514250457 1.2201705 0.748586833
    1.18717408 0.892975509 -0.30813235 1.10412383 1.2690258
    -0.0549083352 1.21170592 0.53855747 1.07741535 0.0402272344
    0.25353545 0.951445043 -0.0709976554 1.03688908 -0.219214678
    0.671774745 -0.000375330448 1.09583497 0.962767601 0.027603209
    -0.0659125447 0.37439239 0.048214376 -0.206523329 1.31552839
    1.36537528 -0.489698768 0.924131036 1.39496064 1.00046885
    0.746589839 0.354795992 0.279903948 1.32861614 0.995137155
    1.13990545 0.630613089 0.465702295 1.00069332 0.126143068
    -0.0360796154 0.757042229 1.05743134 0.32590121 0.622374654
    1.45728862 1.17986703 -0.199139893 1.50112605 0.503767967
    0.608206987 0.407277286 0.761565089 0.775870621 1.12708712
    -0.267996728 -0.322200954 1.09294116 0.157761037 0.324868262
    0.28810221 0.468128085 1.23122382 0.541137457 0.810649514
    -0.0342175663 0.266115874 0.046522826 0.415157884 0.875359297
    1.18112576 0.0854589343 0.612998605 1.1290381 0.6171453 1.03445101
    -0.0721307695 -0.0851562023 -0.310911208 1.47297978 0.291233599
    -0.107908845 -0.158397958 -0.124509305 0.456914544 0.115075409
    0.0476467013 -0.289757788 0.564475775 -0.369067937 1.15508866
    0.425121576 0.471428216 -0.060615778 -0.481547832 -0.293456793
    1.06277418 -0.0351883173 1.35227346 -0.43592149 1.44325256
    1.06928468 0.65211606 0.0640893579 0.305348396 0.238851428
    0.40058738 0.202603221 0.22912699 1.026299 0.889357269 0.300988853
    0.573233962 1.26700282 0.0575388074 0.460434407 -0.222590536
    0.0223478675 1.30938864 1.13610196 0.0558698177 0.443900406
    0.108576059 0.315235347 -0.353928626 0.359646857 0.299804807
    -0.299493819 0.665360749 -0.226139009 1.32720745 0.548859656
    1.44487703 -0.376253307 0.938223004 -0.0264632404 1.31098127
    1.06941986 0.602706254 -0.272340119 0.0561712682 -0.28126955
    -0.317388624 0.276874691 0.554135919 1.35396564 0.641406596
    -0.247295097 0.0545649827 0.441071182 0.191892743 0.309864461
    1.4561528 -0.153491795 0.318929642 0.859911561 1.38746953
    0.851217628 0.538120508 -0.15568769 0.983494461 0.67402178
    0.731286764 0.549355567 1.45297575 1.21539116 1.3666929 -0.204372495
    0.60607183 -0.405914307 0.331656992 0.853756905 1.27153254
    -0.404765785 0.273992419 0.901055694 -0.000733315945 1.22905576
    1.11721563 0.648269355 0.672390461 1.11378145 -0.417254567
    -0.196201205 -0.139325112 -0.0642008781 -0.391468167 -0.0866263211
    0.346571803 1.31627834 0.219263315 1.39532971 -0.021027267
    0.719143867 -0.160021216 0.229453057 0.808571637 0.802214622
    1.23255944 1.02591252 -0.398924232 1.50798845 0.786349356
    0.292545915 1.30575693 0.680347443 0.724013448 -0.387064338
    -0.0814249218 1.00795674 0.421541035 1.18994069 0.670751929
    0.488901556 -0.00532916188 -0.261698604 0.359557569 0.189626515
    -0.258151531 0.0772320926 0.0532413125 0.0921694934 0.291766196
    -0.192528546 0.700861931 0.0817145705 1.41543651 -0.535901368
    0.750225723 0.675453842 1.39825428 0.343077958 0.0262426734
    -0.198137015 1.18906355 1.53044581 0.368817598 0.231940657
    -0.104161233 1.00007141 -0.151732326 0.720946193 -0.0956749916
    0.364792824 1.37520742 0.523037136 0.901950955 -0.00189244747
    0.121601343 1.13255417 -0.434372127 0.0333620012 0.201002955
    1.29516292 -0.132518798 -0.0603110194 0.494432449 0.387919307
    0.533195615 -0.492826641 0.0164417028 0.432680726 0.605409563
    -0.278582692 0.302076161 0.426631868 0.55138582 0.878288567
    -0.301968932 1.36786425 0.575975537 0.987542152 1.46614003
    -0.318894506 0.734102666 1.26969361 -0.0499589443 0.782049954
    1.16863966 -0.165545106 1.02921677 -0.589822769 1.3249867
    0.754178941 -0.139077693 1.15197372 0.378312588 0.822295904
    0.476051033 -0.363159418 -0.187820196 -0.539752662 1.01849008
    -0.0275748074 0.839982867 -0.36241892 0.996030211 -0.358588576
    0.449743539 1.12672317 0.369615912 0.235862225 -0.343922049
    0.827813983 -0.239050031 0.415014565 -0.204410851 1.44941199
    -0.00964176655 0.567938566 1.15224075 0.0878958404 -0.296838939
    1.49144602 -0.00961941481 0.867572546 0.509307146 0.89044559
    1.00581098 -0.051323235 1.49183547 1.45473099 -0.161012858
    0.73882699 0.836247146 0.2818847 -0.0832443535 1.33591104
    -0.427697271 0.307603478 -0.414389431 0.563849807 0.283921957
    0.686012685 0.567624152 -0.461725354 -0.318047702 1.28189981
    1.10749042 0.0140268505 1.25932837 0.75393182 1.1767509 -0.320341229
    0.415928423 0.984214604 -0.238934413 0.0828883648 1.38505065
    0.577687502 0.652590573 0.351908624 0.875365973 0.0763214827
    1.23529017 0.0620381832 0.325126231 0.861993611 1.34090781
    -0.488264233 1.1827538 0.871654928 0.354975581 0.316592157
    1.43156934 0.319583833 0.959095597 0.971483409 -0.167503595
    -0.297201663 0.935748219 -0.135291696 0.667797506 1.15883279
    1.27926934 -0.32662949 1.19936037 0.842422485 -0.435947925
    1.21384335 1.06329584 -0.427869678 0.615020096 1.40687096
    -0.226755828 0.129568219 0.290943086 0.688095272 0.906069994
    1.56991398 -0.333609372 0.838588119 -0.311301261 1.25081599
    1.28317237 0.399866462 0.790271044 0.529562235 0.334874779
    0.802366674 -0.000776648521 1.0550983 1.06028342 0.241804093
    0.0266985297 0.159963161 0.931478977 1.0981214 -0.30301106
    1.00965774 0.514432549 0.016617775 0.178081632 -0.28483966
    -0.0652729571 0.88608706 0.195353031 1.25984919 -0.22046268
    0.106886744 0.101196647 0.138618231 0.832921982 1.20372534
    -0.418200344 0.588781238 0.848897576 0.113850355 1.29925787
    0.11941278 0.439563692 1.39933348 -0.225334406 0.400752246
    0.365529478 1.26824927 0.465864837 0.921034515 -0.377691746
    0.595695376 1.10530055 -0.321487248 1.15804529 1.1741904 1.08287299
    1.37700069 0.283940136 0.0969141126 0.716281593 0.380183399
    0.814452767 0.708512902 -0.18349883 0.712212563 0.710250139
    0.260677099 0.493797004 -0.470128953 1.29878175 -0.288842201
    0.507447481 0.39915508 -0.309123307 0.0759833157 0.487742782
    0.137887746 0.477686584 -0.06554842 1.0729804 -0.0100429058
    -0.0699055493 -0.0909646153 0.297182322 1.55491078 0.667110384
    1.5289681 -0.377224565 0.354678035 0.936296284 1.22028661
    0.731397629 0.391940296 0.701065481 0.798077524 0.432388783
    1.1467061 -0.48743695 0.720047355 0.549236059 1.07002556
    -0.313764244 -0.366664559 0.534641266 -0.259822458 0.272741199
    -0.431347013 1.21978915 -0.196130663 0.404728055 0.0355001986
    -0.150415778 1.52643085 -0.174508691 0.832078218 0.712642133
    1.04094815 0.724364579 0.948107064 0.6134817 -0.288736641
    0.253431171 0.717213154 1.18304276 1.25079441 1.10578227 -0.40604347
    1.54657483 0.0827403069 0.734218955 0.364204884 -0.0594039559
    0.802120328 0.970359147 0.970655501 0.922791004 -0.462591648
    1.49169707 -0.294328898 0.70486778 -0.128037781 0.988007009
    -0.139952838 1.19246149 -0.140332907 0.149985135 1.33806324
    1.04226184 0.940770566 0.398105681 -0.341575772 0.0420873761
    1.11544085 -0.366623938 1.08062458 -0.0471246243 0.656873345
    1.42122078 0.270830214 1.15630031 -0.0850427151 0.0692501962
    0.8306427 -0.177068561 -0.109797269 0.75434804 0.316098452
    -0.276915193 0.0888299644 1.19879079 0.589589179 1.32296228
    0.841695428 0.298610389 -0.113502175 0.275824457 0.754917741
    0.0932179093 0.0436083674 1.0082016 1.34120345 0.647325635
    0.462306857 -0.275725931 -0.176193953 -0.0144868195 -0.0227377117
    0.00435742736 0.338044256 -0.370414257 0.742290378 1.07850993
    -0.248206109 0.165373921 0.586324513 1.03871155 0.972999752
    -0.267171443 1.48286569 0.769417584 1.17549455 1.44635391 0.43834728
    1.4693948 -0.370157957 -0.408677906 -0.373028129 -0.35666135
    0.280461192 1.33442986 0.497736394 0.604835689 1.44541383
    0.469260752 -0.445484638 0.420309961 1.07397985 1.13873816
    0.690348566 0.601357937 1.19332361 0.438935846 -0.438484192
    1.08803821 1.23089933 0.855591774 -0.363251865 0.826027155
    0.0967107415 1.32276785 0.523529291 -0.0720782876 0.298962653
    -0.0226772428 1.18396521 1.37120831 1.16705406 0.283783793
    -0.3785083 1.32059956 -0.0691340268 0.246371984 -0.285217106
    -0.382566392 1.38574815 -0.137040138 0.895250857 0.587613344
    0.695861757 0.685618758 0.522805929 0.983383954 0.518453836
    1.05320168 0.965345144 0.528903604 -0.467621922 -0.291814178
    0.422342002 0.133054554 0.581402898 0.882950425 0.933193147
    0.680866838 -0.106889367 0.161060214 0.859493494 1.29930663
    0.798594534 -0.354599804 0.266825169 -0.182920188 1.02687621
    1.20991039 0.0420907736 0.626064777 0.0197509825 0.724464357
    0.793290913 1.326123 0.655074418 1.11415553 1.11466646 0.780454576
    0.427526414 0.08999753 0.556245804 -0.41362986 0.429860145
    0.712967157 0.426525295 0.412557632 0.82808733 1.52113318
    -0.489738584 1.48327065 0.265918911 0.482171834 -0.243752003
    -0.318260819 0.41615653 -0.125363082 0.566181481 0.594338834
    0.845482886 1.0952611 0.895247698 0.889827967 0.161704838 1.20742774
    1.11592031 0.610795081 0.542804122 -0.297235787 -0.22958152
    1.21702385 0.236619115 0.704703152 0.131942213 1.27036405 1.30934882
    -0.265146792 0.561017096 1.03004456 -0.319273978 0.886457026
    0.874730825 1.22984576 -0.159636497 0.270832211 0.626839876
    0.236147821 0.171775877 0.638944149 0.017444849 -0.322855353
    0.703753352 -0.0070797801 1.36550248 -0.436891973 -0.409895122
    -0.369118094 0.867793918 1.33705401 0.118752956 0.78938216
    0.643613636 1.43403876 0.538745582 -0.00493091345 0.673731506
    0.595110059 -0.231550694 0.931574166 1.24268508 1.26506019
    1.22986519 0.772575736 0.512825131 -0.284165472 0.663298368
    1.09006143 0.657551587 1.31645715 -0.137225419 0.680490255
    0.513191223 -0.150796056 0.459625244 1.33038425 0.144726753
    0.452183902 -0.468011886 0.355944693 0.530809283 0.964341342
    0.897150099 0.45739162 -0.0443071723 -0.465500385 1.01793814
    0.297707856 0.366023958 1.27192152 -0.259313881 0.69426024
    0.307913899 0.85770613 1.28020251 -0.275676221 -0.475423038
    0.381229967 1.36974359 -0.228316277 0.422192276 0.213743269
    1.00818622 1.0909133 0.717325807 0.170235813 1.04419756 1.25232327
    1.1157403 1.09482026 -0.369521767 1.13430703 -0.00917235017
    0.458069354 1.04873002 -0.0193818808 0.856089175 -0.0858631134
    0.243417084 1.10224485 -0.243517399 0.915913403 0.463525653
    0.424303144 0.781335711 1.34428358 0.804671228 0.000288724899
    -0.167884171 0.0808930099 -0.314253449 -0.0271250904 1.37220359
    0.00496393442 1.22290146 0.362537622 0.352553278 0.613490462
    0.522994637 -0.0213383436 -0.180269778 0.304365158 0.306685328
    0.754749417 0.349215984 0.989884436 0.311629623 1.03769135
    -0.390730739 0.925270915 -0.17032595 -0.102412254 1.1349901
    0.832228959 0.29193294 0.259749174 0.299221277 0.993436754
    -0.440446913 1.08533835 -0.492141664 0.447919607 -0.318488717
    0.712689817 -0.265435636 0.662185669 0.960669518 0.773000002
    0.717797935 0.386505455 0.475782126 -0.0224076211 0.0852711201
    1.44318509 0.986047745 -0.505237758 1.1403029 1.21385837 0.205509424
    1.07341349 -0.313213408 0.121364355 -0.381354332 0.761650324
    0.113591522 -0.285282016 1.35843039 -0.043466568 0.830956578
    1.48667681 0.159557849 -0.04229635 0.691533864 1.11036968
    0.0636714399 0.306391239 0.152779937 0.788663745 0.240792871
    0.842222571 0.985608578 -0.0951584578 0.758634925 -0.410413951
    0.920433521 1.20813489 -0.00974088907 1.12631989 -0.204512894
    1.03422534 0.614706337 -0.0807994008 1.16439533 1.19806039
    0.766732514 0.639743626 0.386633039 0.356428862 0.912029862
    0.479888529 0.302601844 1.12811089 1.43718779 -0.0273658633
    -0.223726451 0.353538066 1.64054036 -0.321721315 0.956050932
    0.0313827991 0.351081312 0.843733966 -0.113775 0.67937845
    0.194961458 0.559399307 0.527715147 0.0439121127 1.55794704
    0.259257764 0.192272305 1.39154696 0.408059061 1.17892504
    0.370379984 0.150105059 0.0504820347 0.0401436985 1.46164203
    0.209777206 0.642384887 -0.377270758 0.372793794 0.378217995
    -0.161668718 -0.218012363 1.28361607 -0.506682217 0.288799882
    1.48987257 1.11814189 0.254999042 0.768967628 -0.179089546
    1.07330608 0.108274251 -0.332476795 0.717732847 0.930767357
    0.108694792 -0.032889843 -0.527190745 0.588560104 0.900559008
    0.843990862 0.0522590578 -0.0252011716 1.01594901 -0.474130452
    0.598438442 1.20481682 0.687921524 -0.180677533 0.0467782021
    1.4002645 0.819655776 -0.262203813 1.14166856 0.555511653
    0.237988383 -0.158519492 1.55579853 -0.20230791 0.839999855
    -0.149427265 0.916857898 0.671321929 -0.312793136 0.279270798
    0.779045403 1.2504673 0.500604987 0.62753284 1.07807267 1.0475812
    1.10034263 0.970981359 -0.0465955138 -0.467604101 0.184288561
    0.69340682 1.33270097 0.838837743 0.457540035 1.20648313 0.976516604
    0.718289018 1.25082231 0.435506046 -0.349451303 0.910720229
    0.206943601 0.0274369717 -0.00995132327 0.368280828 1.37173307
    0.0354523063 0.215904266 0.439686358 1.15424275 -0.0942478478
    -0.121727735 0.497074574 0.536831081 1.03741336 -0.0661340952
    -0.0920339823 0.741548896 1.12293243 1.00474191 0.330131829
    -0.135065913 1.31277943 1.33554649 -0.386103868 0.58759445
    0.472691536 1.24947309 -0.287344068 0.99957931 -0.355235755
    1.1502018 -0.0213347673 -0.00788295269 0.138884187 0.772521853
    1.22406375 -0.425803989 0.688277185 0.153888226 0.832021773
    0.698159933 0.572148561 -0.066650331 1.05991721 0.154690564
    0.664299905 0.910704374 -0.0191495419 -0.0766953826 1.1688385
    0.964895308 1.31791759 0.141193688 1.01500893 1.10933352 0.474724948
    -0.29149729 1.4884243 -0.200739652 -0.0330121517 1.09784842
    0.880691826 1.03538966 1.16409373 1.13764477 1.2426846 0.0481729805
    -0.402446866 0.136733413 -0.138970256 0.99217391 0.213811338
    -0.113589019 -0.271654546 0.818766475 1.28201652 0.565978348
    0.338344574 -0.386840761 -0.196857199 1.22657788 0.63283205
    -0.271012902 0.806199193 0.678488374 -0.0171560049 1.42342615
    -0.0725602806 0.905904472 -0.0406021178 1.24877906 1.20456934
    0.0911229253 0.390627891 0.49678728 0.909445584 0.614119351
    1.39749098 -0.0652970076 0.82517153 0.961108863 0.446474791
    1.32008052 1.41468954 0.586606741 0.275140524 0.432876199
    0.221141398 1.49160624 -0.332912415 0.87625432 -0.164685845
    1.00036311 0.107710063 -0.190535247 1.36756682 -0.190113902
    0.165026039 0.468035817 1.12702441 -0.221846014 0.679009318
    0.981937706 0.303620934 1.02849698 -0.423405677 -0.38714096
    1.12842059 -0.248457506 0.296738982 0.578154564 0.573027015
    0.11214143 0.331717491 -0.316989481 -0.284229815 1.14801526
    0.760158241 0.044762224 1.19081688 0.149728 0.871595442 1.27726412
    0.296864808 -0.153656244 1.11856651 0.145765185 0.428447962
    1.36597276 -0.0262152553 0.0915203691 -0.139363885 1.37696111
    1.12033439 -0.0283454657 0.411319792 0.33355999 0.631864786
    0.308387369 0.776612759 -0.378616154 -0.276590735 0.189031512
    -0.371759892 0.184325129 0.965035498 0.0814701319 0.200971007
    1.03754067 -0.250544667 0.609141588 0.99290061 -0.0701007843
    0.615237236 -0.183121264 0.387902886 0.261879742 -0.0214178562
    -0.00793796778 0.727038503 -0.397872865 0.956749737 0.623437762
    0.258986533 0.336401701 0.0674311221 0.259702176 1.39455736
    0.603690684 0.511669993 1.12813377 -0.217080504 0.970882118
    0.227035046 0.450151801 -0.346579731 -0.325463116 1.62571108
    -0.325446874 -0.136827275 -0.288318753 1.31163621 1.27367759
    -0.46411705 0.937233746 0.876294553 0.981994867 1.0760442 1.1726836
    0.727566659 -0.296420336 1.30224407 1.32859218 -0.0861500204
    -0.0777046978 -0.0581959188 0.797990084 0.657573819 0.695312917
    0.481577039 0.278950393 0.284712523 -0.419617116 0.604608357
    -0.313670129 -0.100485772 0.68008095 0.603978634 0.969651699
    1.289994 0.222347617 1.33919287 1.02967811 -0.253985733 1.13768291
    -0.0679012537 0.933989048 0.0135403275 0.0927997231 0.234211326
    0.693600893 0.318431616 1.20869803 0.612310529 -0.385764062
    0.48679781 1.16059661 0.37865442 -0.0244207382 1.11499786
    0.791000843 -0.354374409 -0.474753827 0.0360639095 0.452408195
    -0.288185388 0.20488736 -0.272524804 0.110960841 0.787739098
    0.366071403 1.57858682 -0.027328819 0.0224925578 -0.196162969
    -0.198203459 0.362232327 0.40792352 0.879830301 1.17733145
    0.833080769 0.061763823 1.20298994 1.28747594 0.820314288
    0.041351378 0.690571189 0.384802282 1.06377435 1.46233904
    0.0809987485 0.585291207 0.740737438 0.211084008 1.25406909
    1.17593694 1.04102516 0.873318791 0.80637449 0.749073803 1.26654637
    -0.125109434 1.34236312 0.0367160439 0.421058238 0.784284949
    1.23190534 0.425387084 -0.202873856 0.79234612 -0.0313299298
    1.4347024 -0.417680651 0.334427595 0.102755845 0.209112704
    0.986427128 0.700345874 -0.0353581905 0.995486498 -0.610067725
    0.967525244 0.735764384 -0.40951699 0.785680175 1.16166234
    0.0700891018 1.02167916 -0.301834732 0.665089309 0.956924379
    1.01143074 0.28003943 0.390961677 0.792929769 0.977130055 0.25621289
    0.321583569 1.15130281 -0.296565264 0.570330262 0.586575389
    1.25514174 0.130912483 0.301333606 0.557719171 -0.20191139
    0.28699553 0.942711294 0.786745489 -0.258778483 0.508861005
    0.854456842 0.111846447 -0.254146069 0.782271147 -0.0469716787
    1.11581457 0.0809765458 -0.448093116 -0.29298833 1.32136881
    0.224756718 0.625793397 0.994995117 0.0277372003 -0.389373004
    1.41684532 0.646916449 0.115506768 0.0904914141 -0.135134906
    0.690229356 -0.323199958 0.130085081 -0.0994262993 0.542788982
    0.384699702 1.13747537 0.583028376 0.943969011 0.025575608 1.1594882
    -0.201140493 1.38076663 1.07662177 1.27762699 -0.400890201
    0.453023136 1.40715384 0.23963809 0.333351165 0.708332062
    0.0698655248 0.105414212 0.863811135 1.23460436 0.37599355
    1.29400277 0.462930679 0.821636319 0.754219234 0.165602744
    0.900381327 -0.402575433 0.766739607 -0.367596924 -0.293628097
    1.13512135 0.453908086 0.144945443 -0.0966283679 -0.153577179
    1.46622777 -0.259180278 1.36111856 -0.0934534371 0.284550995
    0.369655013 0.899718463 0.455569923 0.730947256 -0.330844074
    -0.00695210695 0.193840623 0.882625282 0.827162623 0.0240142643
    0.424019814 1.43666148 0.0620896816 0.593509197 0.0833500922
    0.385417879 -0.102679878 -0.132967681 0.688993931 -0.177000999
    -0.290342629 1.02102566 1.02705312 1.10108519 0.349090219 1.14737058
    0.493322372 -0.113838345 0.503685355 0.442339003 0.986241639
    1.41918278 -0.0524295568 1.26940513 0.732683241 -0.221010506
    1.04156947 0.145963341 -0.462034225 0.937371373 0.32436049
    1.16398883 1.03717577 0.88065815 -0.382850021 0.391128272
    -0.120045871 0.332268059 0.0935381055 1.34251368 0.0249519348
    0.932643294 1.06147337 0.64139986 -0.130868942 1.26422191
    0.0882073641 -0.360338509 0.245990574 0.207030654 0.562754035
    0.610308528 0.534910321 0.415957332 -0.0414562523 -0.24801901
    0.713574946 1.30802667 0.635707676 0.688485503 0.0147644281
    0.807726681 0.0902947485 0.0481973588 1.42428005 1.23402786
    0.0221904516 0.420525789 -0.209112823 0.925334752 0.161063641
    -0.0558066964 1.02320874 0.557394505 0.608913004 1.0960896
    1.10326338 -0.122476459 1.05533624 1.14124477 1.27422595 1.35356247
    0.0481020808 0.0831756294 0.151687145 0.911529958 -0.311254442
    -0.279879749 1.31741095 0.753424406 0.264928341 0.317565978
    1.18018794 0.262872636 1.29580402 0.333146393 -0.0687068105
    1.15671277 -0.286069453 0.451410651 -0.322339892 0.720027208
    1.02192223 1.37788498 0.0945814848 -0.202539757 0.39142859
    0.278052986 0.705770969 -0.328640461 0.794584394 -0.505786657
    0.375608981 -0.0376896262 1.29950833 0.326579005 -0.368808001
    0.89498204 -0.0671619475 0.187721908 -0.212349519 0.637475908
    0.608064353 0.267208576 -0.343145967 0.055662334 1.2594862 1.3073802
    0.0296802521 1.37974119 1.50225163 -0.317187965 -0.280598223
    1.18005359 0.73648572 0.582508743 0.847665071 1.0000155
    -0.0830345154 0.613475204 1.01537561 0.00568914413 0.8039307
    1.18938315 -0.454487205 1.40953493 -0.479106367 0.64693749
    1.43404984 1.02679682 0.339642584 1.54104304 0.176842958
    -0.386636525 0.0533825159 -0.0990293026 1.19335234 0.169349968
    -0.331293762 0.0490368009 0.360724896 0.182734966 1.20261061
    1.37253618 -0.582110763 0.769086242 1.2888906 0.701221526
    0.0861766338 0.551218331 0.177664816 0.0130987167 1.31881022
    -0.408170611 1.26080227 0.299867511 1.35935688 -0.220867157
    0.930198371 0.00296723843 1.04069877 0.815069437 0.8482337
    1.12952018 -0.0884817243 -0.115316629 1.19226491 0.599945366
    1.06324244 1.34621298 0.107263982 0.7781955 -0.354967803
    -0.109727383 1.44861686 0.178001642 -0.197704643 1.29738224
    0.130866289 0.852768004 1.18325567 1.08642483 0.222415209
    -0.0559123755 0.956285477 0.827594042 -0.0899333954 1.18967044
    -0.365863234 0.0294757485 -0.277147293 1.3430599 -0.00115013123
    1.18792558 0.688791513 0.769125581 1.12038732 -0.179722399
    0.32110095 0.259938955 0.641806662 0.927799881 0.393739879
    1.11795497 -0.326574773 1.31229568 0.401966572 0.368717551
    -0.265544772 0.473486543 0.502846062 -0.128709495 0.237674117
    0.814396858 0.480394959 -0.3447043 0.230050147 1.2838037 1.32224393
    1.08851385 1.04214311 0.191091299 0.118766308 -0.0467832088
    0.0613197982 0.248497277 0.363563597 0.349565566 0.184633642
    0.911585808 0.600184202 0.00113981962 0.25074783 1.25986123
    0.657000124 0.47129184 0.385160208 0.885118067 0.657144904
    0.0225613713 0.067546308 -0.0773684382 1.36595356 0.685033858
    -0.0278152227 1.16850209 0.484199822 1.0525229 0.70669502
    0.608378947 0.689993441 0.657551527 0.0317344069 1.21027899
    1.09051776 0.869017303 -0.18712455 1.07685387 0.340233803
    0.484841049 0.822882652 0.119267523 -0.209962964 1.29631281
    0.0704566836 1.18022823 1.03027749 -0.402396768 0.758494973
    -0.128681809 1.0788604 1.01697564 0.859403849 1.05478573 0.726596415
    1.12642908 0.303622007 0.87379384 0.226458609 0.495940268
    -0.244551644 -0.0418061316 0.650084615 1.0052309 0.360600382
    -0.186359823 1.1215682 1.27612782 0.311866164 1.10777414
    -0.264505655 1.44196939 -0.135594308 -0.356968284 1.15854859
    1.32445383 1.06355309 1.32472467 -0.42650786 0.366662592
    -0.0944707692 -0.166190654 1.31364322 -0.399264485 1.00656927
    0.624472141 -0.291557491 0.593444526 0.87411797 0.880519092
    -0.355333567 0.328062296 0.733831823 -0.00481200218 0.538367331
    0.73707372 -0.150636435 0.0189590454 0.715149999 -0.0830910802
    0.0941601396 1.424371 1.34457159 -0.434363186 1.22466946
    0.0272298455 1.3857969 0.810462058 0.0913978815 0.785276473
    0.301368892 -0.218156248 1.27472925 0.103019416 -0.314983815
    0.379592299 1.20039725 0.798046112 1.06719148 -0.196542591
    0.404055893 0.690138102 -0.327656001 0.637263775 0.158581734
    -0.27578181 0.492578536 -0.0793085694 1.14778721 0.387052357
    0.054622829 -0.246761277 0.0188121796 0.930253088 -0.303575099
    0.64419663 -0.0298256278 -0.417466342 1.17013335 0.968741059
    1.26208186 0.649616718 0.775081754 -0.490903527 0.179765105
    -0.505512714 0.420859277 0.648214459 0.167452037 1.22674215
    0.150187612 1.36361217 -0.294670552 1.15324545 0.966664433
    0.26507926 0.380546451 0.709818959 1.15402007 1.32284391 0.625004113
    -0.317195654 0.360925317 1.03707433 0.449116588 0.0976718068
    -0.276288092 0.00712090731 -0.343958139 1.07002318 1.28671169
    1.38956022 1.31017637 1.24270904 1.4430747 -0.170020342 0.80068028
    0.908386707 1.00132275 0.0498260856 1.21698117 1.31598067
    0.930836856 0.561502218 1.04772639 0.618199766 0.483905137
    -0.243039757 0.125726998 0.541678905 0.403606534 0.254110694
    1.19785464 1.24528766 1.2864145 0.0215340555 0.139864355
    -0.0184399486 1.10203528 1.16035628 1.17689514 -0.137361705
    1.30401659 0.76046145 -0.0971729159 1.33073306 0.443926096
    1.13452864 1.06221902 0.575292349 1.2176311 0.239073813 1.12408161
    0.589439511 1.20793295 -0.0598068237 0.552250028 0.720176101
    -0.433906019 -0.0546780527 1.30990076 0.224560857 0.873389602
    0.195692718 0.839018106 -0.175705954 0.418904305 -0.326109737
    0.736560464 -0.00416520238 -0.457693905 0.842410743 -0.116818726
    1.37386608 1.15540147 0.0975683033 0.584637046 1.31716156
    0.501980007 1.2057569 1.28973556 0.519728482 -0.206491023
    -0.280994147 0.856431782 1.45226049 1.35716867 -0.236048207
    1.28523326 0.379412472 1.40963721 1.03393924 0.125020146 0.7290501
    0.797973514 1.12735677 0.194148302 0.859456718 0.442609906
    0.447399139 0.812443495 1.24239564 -0.177755803 0.129054457
    0.618270755 -0.164458528 0.0931005776 -0.0394003391 -0.0138818622
    0.0831393301 0.741322994 0.645449221 0.377176762 0.893924415
    0.215589076 -0.0341013074 0.396914363 0.719590008 0.393220782
    1.00566661 0.654529989 0.930472493 1.16583884 1.17960525
    -0.100491226 0.814345658 -0.395661265 -0.525120556 0.983228266
    0.493476808 0.371994138 1.34519839 0.561006308 -0.496372193
    1.3557024 -0.0223324597 0.775030434 0.734105706 1.31225324
    0.59655714 -0.31500423 1.45260799 -0.0723125935 0.493979037
    0.353424966 -0.269090921 -0.241936266 0.856034875 0.0206726789
    1.08056176 0.730561614 -0.124457747 0.23396039 1.00115347 1.32159829
    -0.0558721125 1.12206554 0.0882384181 1.53230023 -0.238498956
    -0.25043273 0.26188764 0.581603467 1.04921639 0.995538712
    0.532487094 1.12212777 0.130953074 0.323202968 0.476875961
    1.29487526 0.0754635334 0.0601106286 -0.148418248 0.113937378
    1.27142119 -0.34873265 1.39515054 0.694937468 -0.185899556
    1.50959611 0.0215899646 0.24344644 1.05579519 1.0622561 -0.286275029
    1.23298585 -0.443011999 1.58910012 -0.183769047 0.75793916
    0.935418189 -0.186390996 -0.112150848 1.37144327 -0.237912208
    1.39160049 0.519609511 0.10287416 -0.0887088776 0.972259879
    0.114274919 0.67174989 0.773517489 0.570125699 0.155070186
    0.429407239 1.40479445 0.644072413 0.231988311 0.28326264 1.120386
    0.278658509 1.31874657 0.177564144 0.216798127 1.0588131 0.23356092
    0.924705029 0.545314431 1.07784522 1.33957303 0.497167289
    0.349797845 0.307834566 0.530524731 1.42983663 1.36180139
    -0.181561291 0.0984621942 0.672844172 0.646640658 -0.0143111944
    0.824180841 0.147868216 0.293382943 1.33645535 0.837688863
    -0.111615896 1.27843654 0.797672808 1.52155459 0.592822611
    -0.0719309151 0.244422227 -0.248340204 0.744103551 -0.451341271
    0.779061437 0.670579016 -0.267086208 1.32066202 -0.280850887
    -0.0829295218 1.03824258 0.417717695 0.945899785 0.0124709606
    -0.069968909 0.119489372 0.190982401 1.34940636 0.418305814
    0.993797302 1.43309116 -0.141724914 0.0301748514 -0.0946744382
    -0.435101986 1.39987826 1.02174544 0.0659064353 -0.185610563
    0.161607444 0.782421827 0.276311547 -0.468112111 1.00173569
    -0.373768508 -0.384330094 0.0699609518 1.43032134 0.636184871
    1.39281452 0.271187127 1.12111545 1.12339401 1.18687248 -0.325880468
    0.306313872 0.0437784493 0.753937483 0.231701463 0.50797081
    1.07257283 0.474756181 0.779520512 -0.421937048 1.01700401
    0.0943077207 0.118311048 0.868556082 -0.456711829 1.3593626
    0.0327916741 -0.0204251409 0.331913531 0.166154504 0.066203177
    0.946808219 0.55661273 0.940861166 -0.071403116 1.04607248
    1.21922946 0.169842541 0.0695520639 0.0728520751 1.45792818
    1.13772404 0.661814749 0.301000059 1.21267343 0.147836149
    -0.200445354 -0.431733996 1.31632674 0.667871296 0.752124071
    -0.424461484 0.58605212 -0.116997242 0.112365961 -0.407506526
    0.0921015739 0.790623784 0.682848215 0.926154137 0.325634003
    -0.186405003 1.53063822 0.0460524559 -0.288120985 0.330236435
    -0.0954783261 -0.116103083 -0.0338696539 -0.428282797 1.12255001
    0.328426361 0.416713834 0.332692742 0.773363352 -0.0965220928
    1.43774056 1.22049844 -0.240583301 0.73075825 0.351183653
    -0.0221071541 0.0181529224 0.0589478612 0.199519068 0.428032279
    1.61164069 -0.340766639 -0.243155122 0.0964877009 0.692878842
    1.00240207 0.469527096 0.0565516651 -0.390692443 0.724287391
    0.694658697 0.0823137164 0.95972997 0.220911384 0.0953876376
    0.573183298 1.61136746 1.09095764 1.2505827 1.45609736 0.393981934
    0.568947196 1.1416198 0.52135253 0.0325784683 1.29999423 0.410051048
    -0.379554778 -0.00226783752 1.11299634 0.629184544 -0.3502087
    0.0203701258 0.0882320404 1.37385869 0.0141084194 0.770854354
    0.218806833 0.662144244 -0.274879426 0.698310018 1.16760468
    0.846089661 0.720372498 -0.175955772 -0.121498376 -0.307234943
    -0.00171899796 0.932355881 0.202570736 0.122294843 1.46633685
    0.866964102 -0.363054991 1.4683454 -0.441527158 0.0359534621
    0.888374031 0.766958773 1.05861485 -0.185347199 0.90480572
    1.03740549 -0.0845902264 0.572863817 0.760298669 1.49800897
    1.11658096 1.0242914 -0.188811749 1.38262749 1.30166721 0.520670176
    0.181367874 -0.0738084018 0.0917554498 -0.309764415 -0.406971723
    0.538082004 0.195152164 0.242155671 -0.128978878 -0.190437138
    0.24301067 0.984577358 1.0907352 0.0842251778 1.32720542 1.30920005
    0.899466753 0.895198762 1.26593494 0.918719411 1.25312746
    -0.644636691 1.16303873 0.649749696 -0.339732885 0.854201198
    0.598752022 0.759279132 1.25298166 0.0947025418 0.462288141
    1.18468928 0.434202075 0.83780688 1.40697932 0.00807338953
    1.17100072 -0.510513365 0.364368916 -0.151044279 0.159834862
    1.33896279 0.356544077 0.960345745 1.11657298 -0.181393623
    0.397265196 0.764400244 0.276666164 1.076895 -0.0445129871 1.2394532
    0.2182374 0.804608941 1.42682195 -0.106261373 0.404382408
    -0.142913431 0.440086603 0.834644854 -0.366983443 -0.0929278135
    0.518212438 -0.177305132 0.755808711 -0.216330647 1.33628058
    -0.137728781 1.45429897 0.770827353 0.72035867 -0.288670301
    -0.0717610419 0.900269032 0.483471215 0.871802926 0.779395342
    0.623808503 1.00330198 0.785542786 0.0437315106 0.519304812
    0.23827368 1.36402798 0.0475056767 0.514396012 1.46912432
    -0.361815304 -0.152305752 0.791371167 0.0382940471 -0.270124733
    0.0936441422 0.117939711 0.0925144553 0.512672007 0.939917088
    0.720142007 0.826702237 0.618232965 -0.476792634 1.26989007
    -0.431166351 0.42987752 0.532848537 -0.304419339 0.70419544
    -0.00341254473 -0.359786093 0.84846139 -0.102013469 0.552503228
    -0.254075557 1.27168941 -0.294623226 0.894524574 0.621061385
    1.09584069 0.932268441 -0.248381525 1.37506819 0.254634321
    0.16426456 1.40916562 0.85199666 1.13568211 0.344620824 -0.297239065
    0.0587025881 0.562871456 0.0968257189 0.83986944 0.40973857
    -0.297513425 1.33843994 -0.366384268 0.0117286444 -0.259566396
    0.400419533 1.29769087 -0.107539445 1.11308241 0.755675912
    0.915206254 1.38701701 0.58716917 1.14485645 -0.0550800562
    0.344305634 1.04507017 -0.167240053 1.14563823 0.562064528 1.0416081
    0.187104881 -0.171196669 0.85715729 0.153160155 0.948198378
    -0.014134407 0.768133819 0.8102476 1.09573519 -0.276610255
    0.152179211 1.14872456 0.436619908 -0.169774741 1.47216082
    0.306885123 0.205538541 0.0325454175 -0.537347078 0.963271558
    0.527690649 1.16791725 -0.0954599977 1.30321491 1.39730179
    0.104902565 0.158054858 0.606719017 0.783801675 -0.215693891
    1.00524902 0.824698865 1.47771907 -0.35213989 -0.305500001
    0.796743035 0.289540648 0.720576823 -0.0185107589 0.459793568
    1.35686386 0.475737035 -0.513223469 0.746151745 0.509360552
    0.328584939 -0.0152375996 0.354368627 1.16641951 0.0437686443
    1.13505626 -0.0412450135 -0.413219869 0.519917667 1.02965593
    1.1256237 -0.358931124 0.511921525 1.03833818 -0.226881385
    -0.211973444 1.23776579 1.05453932 1.0742259 0.582378328 0.742494881
    0.471216142 -0.199509591 0.120466202 1.34989774 0.632830262
    1.14182937 -0.289117455 -0.15328218 1.4776355 -0.431433141
    1.41371131 -0.522830546 0.302734852 1.46686673 -0.192661852
    0.714065135 0.146263748 -0.236370683 0.185130149 -0.242842332
    0.664117396 0.415938437 -0.430799812 0.397292078 0.887276649
    0.848814487 0.0443486571 1.03617847 -0.19499433 -0.236900449
    -0.429713935 0.609161377 0.45293349 0.884279728 0.167739451
    -0.274143219 -0.10194999 0.22749427 1.15491867 1.46513867
    0.496168077 0.832157791 0.412197977 -0.108806998 1.03652132
    0.907140374 0.289684415 0.529986501 1.15950775 1.06446886
    0.152987123 0.488819718 0.34275347 -0.0687429309 1.07010055
    0.933715165 0.892256439 1.21286595 0.754003882 0.379482508
    1.30467141 -0.124279618 1.45001745 1.04075623 -0.287105113
    -0.444017887 1.30691588 0.686439812 0.101310194 0.39848572
    -0.168403119 0.0238855481 0.421714962 1.49882436 0.387505949
    1.07536864 0.651648462 -0.366214991 -0.064806968 1.48819506
    -0.176053494 0.402088135 0.115588069 -0.490364641 1.33674645
    0.788633525 1.30402136 0.927251697 -0.097365737 -0.482558668
    0.667060316 -0.0874676406 1.18361688 -0.161408633 0.688909471
    -0.0746292472 1.29172063 1.35361588 1.03650951 -0.0416994989
    1.49318433 0.786214471 0.313015819 0.0896118581 0.0168060064
    -0.105589151 1.51948738 -0.229329288 1.3558805 1.09645915
    0.0137677193 -0.136269271 0.27475822 0.0442535877 0.856089115
    0.585365057 0.529845715 -0.148648053 0.846499622 0.7466591
    0.334280938 -0.361774027 -0.195687771 0.780956924 0.115097463
    0.606669605 1.53413618 0.530683517 1.55618191 -0.111818254
    1.40089333 -0.32406649 -0.0511886775 -0.0384468436 -0.392462909
    -0.268886 1.40038347 1.20288718 1.02017426 1.33603787 0.663855791
    0.783284247 0.183503479 0.410535991 0.789434552 -0.100059092
    0.815814376 0.275123239 1.25436532 0.888311386 0.932579517
    0.927657306 0.0205357075 0.150473714 0.203415036 1.29210758
    0.305692792 -0.127538681 0.10865593 -0.102531374 0.943274438
    0.872947216 0.95806551 1.0562042 -0.142141849 1.28166163 0.202221513
    0.0407885313 -0.0253503919 0.789043427 -0.0333566964 1.14488018
    -0.175683945 0.285558522 0.391318232 -0.098113358 -0.100099683
    0.940299094 0.737711906 0.623021781 0.0144847035 -0.222283274
    0.916581273 1.0755682 1.04286003 1.27889431 -0.302863955 0.760934472
    1.39616108 -0.425160527 0.98145628 0.876421094 1.25786567 1.17952609
    -0.503316164 1.32320762 -0.314751953 -0.364927351 0.590572715
    1.2394737 0.525436282 1.224998 -0.343806297 -0.160859436
    0.00863584876 0.854570329 -0.260854661 0.595318377 1.17575777
    1.4492923 0.36373347 1.04392028 0.0510573983 1.00542796 0.374461949
    0.776008129 0.434629798 0.448811114 0.618210196 -0.277317941
    -0.365181386 0.539505601 0.479445815 0.305644333 0.882649481
    1.01567459 1.00938487 0.967341065 1.20183396 -0.549263775 1.21491146
    0.619750559 0.968944311 1.05501032 0.974232554 1.070871
    -0.0850600302 -0.134557694 0.281191617 1.19772494 0.738854766
    0.0748519301 0.822504103 -0.291434765 0.757205069 1.18478608
    -0.208832353 0.948271215 0.177968204 0.846421182 -0.238636374
    1.20481682 -0.481805146 1.31913805 1.22944188 -0.506053507
    -0.256487191 -0.227871314 0.0750347376 0.565870523 -0.454175472
    -0.256269276 0.148056746 0.44269824 0.45813638 1.12805104 0.82831049
    1.4709599 0.406468272 -0.215645462 0.954865932 -0.270069897
    1.12756085 -0.0155441761 0.831200957 0.945114374 0.0953093171
    1.10771441 1.17554462 1.06301093 0.998376548 1.14382374 1.18069851
    -0.140051186 -0.346539855 1.28199577 1.11719036 1.10592961
    0.499355614 0.927523553 0.314345479 -0.0898683518 -0.141849861
    -0.171440467 0.00266644359 0.0734888315 1.01144254 1.04205251
    0.499246061 1.13722563 0.258561909 0.300020546 0.168495268
    -0.218074828 0.260272354 0.0701412559 0.286137789 -0.360983223
    0.415853232 0.149820745 0.781858325 0.205144763 0.219995975
    -0.173350513 0.384502769 0.0453811288 1.33064198 0.246239007
    -0.463541448 -0.197779924 0.6401366 0.386739165 0.420070887
    1.37321448 1.27771068 -0.18555209 0.445363343 0.380242556
    0.815484047 0.376033187 0.354658186 0.574955225 0.328748882
    0.625480652 0.862389088 0.410364926 0.729392707 0.541111231
    0.742931724 0.40267092 0.777555525 0.790455043 0.592392683
    0.00232177973 0.820311904 1.02089024 0.0619618297 1.26797628
    0.272384703 0.852555335 0.822419226 1.31610394 0.931393325 1.0833602
    1.01517963 -0.141354501 0.660230398 0.232270002 0.0967112184
    0.204960883 1.31648684 1.45648479 0.0178326368 -0.332056642
    1.38547659 0.398925424 -0.0298791528 0.276126981 0.356690764
    1.20993543 0.77785182 0.96792078 0.491331041 -0.449936569 1.36911249
    0.193068743 0.125842422 1.38626885 1.45235586 0.513830245
    0.722986579 0.938332379 -0.326019704 0.211727321 0.254357874
    -0.126696914 0.435315043 0.561736226 0.46465224 0.859820426
    0.776487947 1.22082901 0.686839461 0.43751955 0.893745959 1.0265336
    1.28572226 0.241553783 -0.366312325 1.3728888 -0.392069995
    0.934750438 -0.228456289 1.21821415 0.678702831 -0.475229591
    -0.174183428 -0.379944324 1.13917065 0.420468271 1.14506567
    0.0199971199 0.77392596 1.43204379 0.282069802 0.0869796872
    0.385794222 -0.288973093 0.0416429043 -0.560346663 1.059376
    1.16650867 0.908925056 0.935258865 0.72738713 0.201654196
    0.226456165 1.08316135 -0.39207685 1.20579171 -0.110433191
    1.07692254 1.03091145 0.409793615 0.792910755 0.0695669055
    1.45198846 0.894875884 1.06443477 0.80089879 0.0974594951
    0.254233301 1.46280384 -0.541306734 0.657208145 1.37001836
    0.534893513 0.589599311 0.520452738 -0.336554646 1.31888461
    1.48420179 1.31798005 -0.351032615 -0.121075094 1.50664163
    -0.440810323 0.0519516766 1.55879915 0.231098026 0.332770258
    0.834550977 0.0623179674 1.05588913 -0.173425376 -0.28452605
    0.578883052 1.08719051 0.775163889 -0.0998556018 0.204666853
    1.17058706 0.677626252 0.00759315491 0.8189466 0.84470278 1.2262764
    0.547031879 0.207721353 0.951498628 0.117649555 0.409436166
    0.600996196 -0.282480031 1.36611462 1.17083955 0.216904461
    1.03703761 0.874486327 0.643425822 0.0876363218 1.1438427 1.09551942
    0.557008624 -0.254168302 -0.0659873784 -0.263932496 -0.236767769
    0.92526722 0.795641065 1.07130647 0.295880467 -0.441594481
    1.37389851 1.35013914 0.484306037 1.34780741 -0.0715105534
    1.24557757 -0.0863956809 1.41452241 0.5757429 0.839640796
    0.894801438 1.4291333 -0.0157569647 0.86589843 0.718841076
    -0.193481877 1.54645622 -0.201165915 1.02104568 -0.414345026
    0.7818712 0.246665001 1.17345834 0.307575226 1.47465801 0.91916132
    0.479132712 1.50799274 1.06265295 -0.435087353 0.346560895
    0.272792161 0.396383315 -0.364699066 0.511182785 1.08355105
    -0.379648179 0.723848641 0.936419785 -0.441827863 1.40344787
    -0.572031379 1.47237563 0.0301940441 -0.0187780559 1.07347906
    1.07870924 0.477781564 0.103530318 0.784350812 -0.198956341
    0.169371933 -0.248945758 0.272057891 -0.357585996 0.369694769
    0.691319466 0.236680895 -0.321925372 0.109420002 0.0999756157
    0.442774743 0.0819011331 1.38491881 1.43615592 0.738735795
    -0.0063636601 0.233065754 1.3626163 -0.341558188 0.93382138
    0.225767493 1.27678382 1.39475524 -0.335429698 -0.26127106
    -0.530753374 1.18571925 0.90536809 1.36696804 -0.228572905
    0.495081395 0.290201336 -0.237712413 0.712676704 0.792154193
    -0.330670118 0.286014646 0.445773482 0.464769006 0.281237066
    0.180850685 0.872093499 0.892548859 1.07638133 -0.191781849
    1.44495714 -0.429607779 0.944959879 1.21839285 -0.246561497
    1.23215032 -0.348946303 1.19176197 -0.461436033 -0.0375714302
    0.804313481 1.14736378 0.165854514 0.279485494 -0.293773204
    0.561351776 0.353123754 1.11191726 0.598917663 -0.343934059
    1.53243101 -0.0151426792 1.2112112 -0.499571681 0.863499343
    1.38019538 -0.039868474 -0.468898475 1.00635028 0.0026216507
    1.24076045 0.439576864 -0.253146887 0.583358526 -0.113435119
    -0.216378957 0.924594283 0.728681684 0.832570374 0.550320566
    0.109088302 -0.113570601 1.2199738 0.548926532 0.804950356
    -0.301769555 1.12699735 0.109228671 0.625844777 0.609143972
    -0.421494663 -0.274759322 0.278507113 0.0969057977 0.409744978
    -0.339017093 0.381467313 1.02083993 0.389151752 0.584282398
    1.00705719 0.147957504 0.895231545 0.646526217 0.874641061
    0.359027088 -0.227782339 -0.336487025 1.20901275 0.359362483
    1.1969161 0.142502844 1.45691001 -0.106659591 0.978920221
    0.839031577 1.03776026 1.05946517 0.51346153 0.221606255 0.695947528
    -0.218552142 0.438247263 0.758242667 0.228194416 0.822395861
    0.481013656 0.0402431488 -0.107677072 -0.184498936 0.581781387
    1.14852452 -0.0885097682 -0.0121588111 0.789076447 0.468369961
    0.928197682 0.943793595 -0.220702976 -0.457216561 1.39522409
    -0.106520116 0.860635161 0.868376911 -0.383835912 0.320962369
    0.859736085 -0.0107614398 -0.156928569 -0.259977639 0.45085451
    0.25629276 -0.433726043 -0.34600997 0.490988791 0.490164042
    0.322003484 0.793200314 1.0002811 -0.0569980741 1.06335998
    1.00527143 -0.479121983 0.374267519 0.665499866 -0.297725737
    -0.116409749 1.21110845 0.678298771 0.570854545 1.1328429
    0.684215486 0.473549426 0.929965138 0.198646009 1.40400851
    0.0248585045 -0.0601704419 1.02824783 0.506417513 -0.43933928
    0.649623394 0.0638884306 0.168237239 -0.0177006125 1.03463745
    0.52893126 0.719972491 0.65010339 0.105595291 -0.0941848159
    -0.00622436404 -0.169997692 0.337337971 0.395889968 -0.0275992155
    0.38563019 0.505583286 0.642048836 -0.0832323134 0.100527704
    0.604506671 -0.0953482687 0.0630331635 0.767792523 0.136172414
    0.906698883 -0.290183544 0.653191328 0.885373652 0.482619464
    0.57114774 -0.12500158 0.419531405 0.645543694 0.128804415
    0.449822485 0.0302911401 0.545997202 -0.116120011 0.593747258
    1.09456944 1.10466003 -0.137817949 0.550155103 -0.161077887
    -0.15401271 -0.0743311942 0.0409581065 1.40469015 0.901922286
    0.351997554 -0.242625684 -0.02583763 -0.128555655 0.578169227
    0.299540848 0.344369531 1.33082533 -0.321935356 -0.120820045
    0.603545785 1.45306659 0.328264266 0.052149117 0.219165146
    0.269261956 -0.00955751538 1.35772395 -0.52383256 1.41092348
    0.542450488 0.538238704 0.576396883 0.927461982 0.149271697
    0.999722004 0.545336962 0.390597075 1.187464 0.806946814 0.527258098
    0.640956461 0.601555526 0.173245668 -0.456349909 -0.336085856
    -0.101854384 0.998258471 0.795336604 -0.275124997 1.43371725
    0.352739275 0.330625236 0.437786549 0.87949121 1.36322236 1.20349598
    0.405516684 0.795853376 0.808797479 -0.235874325 0.0607919395
    0.981011748 -0.338847816 0.370113969 -0.138835698 -0.197427288
    0.714684486 0.824526846 0.24478817 0.826193452 1.03100491 1.30699992
    -0.582037389 0.969865084 1.03023601 -0.192137957 1.3434906
    0.0563447475 0.269295752 1.49482834 0.359234035 1.32741582
    -0.413350284 0.531605422 0.707388282 1.21808934 0.0682346225
    0.791381121 0.107056439 -0.276231557 -0.252719581 0.430171669
    0.805594444 -0.227565646 0.314092904 0.525241852 -0.0582492054
    1.12606263 0.652796745 0.231316566 0.654797196 -0.145969748
    1.34173584 1.07264495 1.25343919 1.08934426 0.164517909 -0.348167658
    0.183910668 0.679772139 1.2469734 0.409056365 0.50598824 1.19352198
    0.256540596 0.977536738 1.09965265 0.0544967353 -0.249421179
    1.42912507 0.130868018 1.43455386 -0.269797862 -0.267394304
    0.592236161 0.351520002 0.0408599079 0.0885342658 1.3852098
    -0.26429671 -0.094926849 -0.285740614 1.47950816 0.710685968
    -0.13685441 0.210074425 1.05991054 -0.183753014 1.40286088
    0.257199645 1.52461255 0.733480752 0.822570503 1.04451025 0.15993005
    0.773965418 0.229763329 0.186704695 0.870192111 1.08004546
    0.372984886 0.811997116 -0.221393228 0.906330884 -0.119098485
    1.38511372 0.816060841 0.570524454 0.835740805 -0.145109802
    0.526174724 1.40957582 0.664309025 0.649879754 0.258768499
    -0.45828101 -0.0740084052 0.533462107 -0.185634106 0.0670480728
    -0.288494438 1.3426975 1.30058706 0.365154684 0.632493496
    0.826610684 1.35521257 0.96909523 1.08669782 -0.0973182917
    0.700219274 1.47573614 0.306828439 0.650382996 0.769096792
    0.92478013 0.73955214 1.4647727 0.299409032 1.27831781 0.694025218
    -0.288295746 0.363279939 0.852338076 0.667598307 0.373588622
    1.41439605 0.0303385854 1.0265491 1.25210071 -0.477894038
    0.984688401 0.994275987 -0.548712194 1.03755105 1.16691327
    0.107705057 0.550558984 -0.0407884419 -0.146082103 0.114900857
    0.432246 0.779585302 1.29725552 0.0891624093 1.52840364 -0.332126558
    0.768128157 0.0492560565 0.345935285 1.05345428 0.0573255718
    0.420688838 0.735976219 0.905353248 1.31592178 1.32812095
    0.445755541 0.974271059 0.827020526 0.960973978 -0.293566048
    0.131842107 -0.24809289 0.944225729 0.722779334 0.472270668
    0.639870465 1.00652885 0.898240864 0.459740996 1.17974281 1.01754904
    0.059183836 1.32660389 0.601724565 0.139577478 0.510775208
    0.271625817 0.540657103 0.729025543 0.696108818 1.44920504
    -0.39417538 0.677708447 0.836710393 0.716404915 0.788048863
    0.665565789 1.26892304 1.12293601 -0.404316187 1.09197664
    -0.0251734257 0.854332089 -0.295324057 0.679414868 0.189422548
    1.11603844 1.52911377 -0.23768872 0.633967519 0.55785203 1.15356922
    1.07594872 1.18771076 -0.575640619 0.467010736 1.15132511
    0.0906557739 -0.0747529864 -0.0952664018 0.501515508 1.01460755
    0.641088486 0.106307745 1.53117013 0.109942913 1.17165148
    -0.0720247626 -0.318397045 -0.150235906 0.230921656 0.842468619
    -0.0155066252 1.2887702 0.0384260416 -0.158133864 -0.292029619
    1.26398683 1.35459185 0.959161401 0.208622873 0.829408228
    0.961714387 -0.0724286437 0.748884201 -0.247666582 -0.283182621
    1.3091898 -0.292785347 0.928095102 0.612922847 0.651171923
    -0.208785981 -0.0192610025 0.4814758 0.0945538878 1.2094835
    0.494976521 0.169073135 1.31928563 0.125387073 0.146185219 1.1435523
    0.230490744 0.604825377 1.27455449 0.529031515 -0.244632795
    -0.0156746805 0.0634714961 -0.220118746 0.95730114 0.405933291
    -0.230594724 0.022258997 0.596346021 0.0989236832 0.563142478
    0.635034323 1.10479474 0.0136429667 0.325481743 0.974228024
    -0.140659392 1.51961529 0.526350796 0.249658406 -0.191752285
    -0.2307989 0.958310246 0.99927181 0.284630597 1.36186326
    -0.147966176 1.01282501 0.510746777 1.35317349 0.324044883
    0.273174226 0.62642312 1.49511003 -0.34755829 1.06530166 1.30931211
    -0.112846881 0.366683304 0.83215946 -0.10024631 0.517284632
    -0.348632574 0.973759115 0.192088664 -0.211185724 0.900234818
    -0.0375445783 0.992316306 0.86822325 0.384334743 1.19421613
    0.4155083 -0.167753726 0.949132204 0.895716608 0.755804658
    0.386309445 -0.288424075 1.40546012 -0.170221359 0.683124959
    -0.146156132 0.145308018 1.42939162 0.37966758 -0.228393853
    0.909324527 -0.443254739 -0.422189802 0.11117959 -0.136914581
    1.30725455 1.28617501 -0.0488677025 0.744954169 0.0814945102
    1.27520728 -0.251091659 -0.123297721 0.559824944 1.10326707
    0.127867758 0.432064116 0.710897684 0.846584141 0.560533047
    -0.510644019 1.26198602 0.202434719 1.20377421 0.924727082
    1.02064514 1.29373431 1.37940574 0.673534155 1.31965387 -0.158423454
    0.0363084674 1.39766288 0.635507882 0.778651297 0.103130817
    -0.166567981 0.500734091 0.951273263 0.1775271 0.277576864
    1.17111874 0.81911397 -0.437709033 0.92852819 0.453878164
    0.764529228 1.43346858 -0.324443817 0.704724133 0.0615992844
    0.644650817 0.557593942 0.191328883 0.230017126 -0.158747584
    0.166876197 1.22694612 0.917007208 0.616771102 0.752253234
    1.11382997 -0.135908604 1.41701496 -0.446924895 0.285449982
    0.945582807 -0.498014748 1.55184197 0.366980463 -0.179063231
    0.50875175 -0.0464514196 0.227732658 0.813902974 -0.44175902
    0.290311426 0.243155569 1.26776564 0.379708588 -0.049346596
    0.00589434803 0.186197162 0.459698379 -0.427228928 0.718536556
    -0.286574304 1.16535449 -0.268624872 1.00714612 0.150760055
    0.0860524774 0.682267666 0.604927659 0.621112049 0.964815736
    0.503294826 -0.319084823 -0.0826777518 0.771549582 0.311876237
    0.104686201 1.01064622 1.24653292 0.746456087 0.10815376 0.660157025
    0.173992306 0.694235444 1.20652509 0.448047042 0.458197951
    1.19018459 0.40739435 -0.103031695 0.767273486 1.36021519
    -0.350624949 0.238654554 -0.107632309 1.27177238 0.745853186
    0.0626766682 1.35149956 0.934146762 -0.00690680742 0.462313473
    0.375313938 -0.135080963 -0.489865959 0.204154849 0.864736497
    1.04633904 -0.00707155466 0.869405925 0.638765335 0.818743825
    -0.277964264 1.40312362 0.0372588933 0.233872443 0.706661224
    0.527374089 0.213553071 0.366331637 -0.465477467 0.119882286
    0.859571099 0.903053641 -0.0843674242 0.657073379 -0.24544093
    0.177890331 0.547762871 0.217115819 0.358031452 0.368332386
    0.796493471 1.38860095 0.00792497396 1.12962079 1.31137586
    0.291697145 1.04956245 0.295400441 0.920262337 0.0885986388
    0.220230371 -0.0567626953 0.128366143 0.119554251 0.523216248
    -0.181667477 -0.210651219 -0.239049911 1.39941096 0.172531426
    0.874093115 -0.232218593 -0.16014412 -0.121566132 -0.0229190588
    1.37566996 1.33925974 0.880372167 0.562692106 0.43511349 0.221267998
    0.768038869 0.460651577 -0.0917704403 0.287749261 -0.313163668
    -0.196045205 0.684353471 -0.124905378 0.117306679 -0.295437932
    1.37106299 1.2984705 1.32395446 0.560683548 0.294005811 1.14341307
    0.195042998 0.51708293 -0.248312742 1.29162288 0.809021235
    1.57855773 -0.286931723 1.12442148 -0.177119613 -0.0897135139
    1.33902264 0.965010762 -0.0845854282 0.803675413 0.43699348
    0.684074283 1.03046918 -0.263025761 0.858847737 0.401807964
    -0.411256433 0.71398437 -0.210278064 0.378193468 0.636550844
    0.421299875 -0.253198683 -0.0689385235 1.18543339 -0.112015635
    0.404522151 0.98757726 -0.262070566 -0.0869991183 0.442150116
    0.250863761 0.593766212 0.175091922 -0.175033957 -0.295835972
    -0.144040823 1.02850986 0.0168243945 0.454642445 0.143768311
    1.13108504 0.896082699 1.1966666 -0.0716464818 -0.451461256
    1.50347543 0.364917517 0.13665086 0.520048738 1.07964468 0.590114951
    0.443691432 1.12137759 0.843959391 -0.445217639 1.10944343
    -0.354596496 0.268902957 0.335185111 1.36158657 0.320043802
    -0.0132204294 1.17360902 1.35217726 -0.0443037748 1.14704013
    1.14990747 -0.33978802 0.182128847 0.925896585 0.731363654
    0.784899354 0.909112573 0.613864303 0.475919604 1.06976175
    -0.481635451 0.822737932 -0.302226037 -0.112473756 0.40187794
    -0.259220302 0.416795373 0.785899341 0.901842952 0.26997745
    -0.356088996 -0.34828034 0.359429955 -0.0266290605 0.243751824
    0.949246705 -0.3719396 1.21876979 -0.15252471 0.529807091
    0.856552243 -0.242163718 1.64793611 -0.0835960507 -0.152409077
    1.45149064 1.0951395 0.623109818 -0.040266335 0.627983868
    -0.155153215 0.638679564 -0.182104588 -0.0844556987 0.0395570397
    0.154351294 1.08262396 0.716272652 1.31790113 -0.14675349 1.10160387
    0.920312345 0.986345053 0.518833518 -0.359613001 1.03275168
    0.248470843 1.04524326 -0.35624367 0.710083604 -0.0849919021
    1.06243753 0.317843795 0.481154352 0.906705499 1.0590601 1.07784915
    0.44599551 0.767125428 0.198603749 -0.468389064 0.397956014
    0.0147110224 1.12247622 -0.250265509 0.521915019 0.354661465
    1.15021837 1.45248961 -0.0979030728 0.105886102 0.66253978
    -0.311881959 0.662854135 0.202798545 0.324353576 -0.455247492
    1.5463109 -0.290542245 -0.42838493 1.15944719 1.3663826 -0.31543988
    0.0421022475 0.352305204 0.255979508 0.730094314 0.0710173249
    0.830895066 -0.177412227 -0.388953865 0.843959033 1.32651675
    0.15995878 0.528693259 0.890644312 0.828539073 0.980492115
    1.06725788 0.46128428 0.99027437 1.32151914 -0.509916663 1.30409968
    -0.389627427 -0.260519266 1.26787901 1.42737448 -0.376905859
    0.0533188283 0.533222198 0.462382913 0.975490391 1.10247302
    -0.544310093 1.40952682 0.619886518 0.346704006 0.598425269
    0.466520905 0.0976115465 0.446200609 0.549966216 1.249879 1.26996839
    1.1992228 1.13460302 -0.442518264 0.405670732 0.0758917034
    -0.419148564 0.72312218 0.87561518 -0.167242885 0.944028378
    1.24513841 0.710292101 0.330974936 0.482347012 0.454988182
    -0.301156729 0.586157084 0.290293455 -0.134833127 -0.0868943334
    -0.0607293546 0.755400062 0.943444252 1.44586933 -0.0926965475
    1.54974043 -0.316323698 -0.0437895656 0.658882022 0.732140362
    1.138484 -0.0849430859 0.786471486 -0.255378067 1.46761727
    0.862481952 0.261787772 0.811177015 1.11978805 0.441363484
    0.869566023 1.36553645 0.462272286 1.2736007 -0.531477928
    0.279952049 0.0257687569 -0.392214775 0.557756066 0.637198687
    -0.253208458 0.0573482811 0.531317234 1.25802922 0.319405556
    0.150586367 -0.210467696 0.535355389 0.0597533286 1.22877979
    0.514797926 -0.32940352 -0.275702327 0.958272278 -0.460091174
    0.902387917 0.974419415 1.28141832 0.465240359 0.762736857
    1.34262908 1.29478264 -0.318373531 0.997442007 -0.353570193
    0.100472689 -0.389855921 0.915826023 0.946899414 0.0507864952
    0.674572468 0.518305838 -0.0109318793 0.12784645 -0.323966682
    0.465146422 0.526227236 0.343441963 1.13029003 1.38149869
    0.225142062 0.908437669 1.38088822 0.0252775848 0.58329916
    0.652478933 0.862374961 0.603774786 0.895713031 0.3956936 1.09778714
    0.397134602 0.5213539 0.329587221 0.837414026 0.0526461005
    0.917089701 0.608627975 -0.166457593 -0.293715835 1.47757566
    0.315519452 1.46056485 1.06140542 0.62496537 0.492825449 0.221064448
    0.340272367 0.580605268 0.353048325 0.149763882 0.682374239
    0.87015456 1.32036614 -0.345772237 0.633511543 0.518255293
    0.539011598 0.330889046 0.983852029 1.36869383 -0.357839763
    0.307109475 -0.221883237 0.956198215 -0.173718512 -0.178938746
    0.40079537 1.2701751 1.14112639 0.241731346 0.705363631 0.91461575
    -0.348845929 1.09730411 -0.423263252 0.619470417 0.674557209
    1.15151238 0.153427303 0.137762606 0.0905373693 -0.01837942
    -0.364714116 0.131623328 1.19099939 0.525241852 0.220440328
    1.32611322 0.614496708 0.649554789 -0.091746062 0.4573448 1.43965185
    1.24610531 0.193039924 -0.29155454 -0.251866192 -0.0696952939
    0.15410918 0.904938817 0.723755419 -0.346534491 0.390478581
    0.709314108 -0.295049667 0.52933538 0.381020725 0.056438446
    1.02774656 1.05449557 -0.323406816 0.585744679 0.752404332
    1.36698222 0.647274971 1.42311668 -0.287414283 0.336446285
    1.02970946 0.730894387 1.45520568 0.486768186 0.889070153 1.34890842
    0.200672328 0.669109225 0.479917169 0.425655127 0.32618463
    0.0249550939 0.294837594 1.39321828 -0.522881806 -0.0210260153
    -0.308688283 1.49806845 0.0648604035 0.508027375 0.366743267
    -0.226945579 -0.082596153 0.359931231 -0.00461521745 -0.0373719037
    -0.0619898438 0.227804095 0.65206039 -0.0879497528 0.639755726
    0.0326984525 0.202927113 1.30660844 0.61510402 0.745822072
    0.847110569 1.24593496 0.902579904 -0.110285401 0.00738579035
    1.40015221 0.521504164 -0.427549362 0.896051228 0.871714473
    0.671185255 0.539979994 0.986697078 1.00130606 -0.1452775
    0.0477102697 0.961605608 -0.00121736526 -0.0270460844 1.05591607
    1.39241624 -0.397066355 0.772653639 0.308852553 0.0916652083
    0.408064485 1.50178862 -0.0757089853 1.14471889 -0.139901906
    -0.386032939 0.459122479 1.18081033 0.515574574 0.731073797
    -0.288992256 -0.256450295 1.40757132 -0.392285019 0.0639929771
    -0.155689716 -0.355850697 0.158793151 0.537241936 -0.205233067
    0.0604119897 0.567426801 0.285740495 1.15519631 1.47654426
    1.27483702 -0.285583407 -0.380472243 0.445848227 -0.249624074
    -0.150781512 1.1073283 0.593859911 -0.108275294 0.692212343
    1.05452275 0.426077008 -0.324694932 0.59358573 0.328767002
    -0.553893209 0.900607228 1.04761028 0.692490816 0.201105714
    0.145772636 0.646129727 -0.253098994 0.935549796 1.08073568
    0.703997195 0.700472832 0.992543459 0.468860269 -0.287779152
    0.316308409 0.0493125319 1.05652213 0.179690182 0.856095254
    -0.0288394094 -0.343110949 0.619005501 -0.024183929 0.560351789
    0.116659522 0.494901359 0.155380189 1.12629771 1.40636504
    -0.0856989324 -0.296492875 0.233005553 -0.341734111 1.33530462
    1.09585404 0.982477129 0.866669476 0.232700646 0.708545923
    0.196839333 1.13580346 0.573130906 1.36232257 0.954047918
    -0.242991835 1.3187499 0.1252774 1.56346846 0.374476016 1.4988302
    0.8053388 0.6497159 -0.3304663 0.425845236 0.19310841 0.243137777
    0.0545812249 -0.0133723319 -0.100274771 0.691205502 0.149062693
    -0.0307854414 1.08271265 0.458423734 -0.0406940281 -0.453530282
    0.754243672 0.409063339 1.40640688 0.0729224682 0.485896528
    1.08449686 -0.17715621 1.03538537 0.428270757 0.89834851 0.85373646
    -0.385694206 0.166081011 0.587859035 0.229854345 0.910708427
    0.496667325 0.716923892 1.14128375 1.06138754 0.634852767
    0.563470185 0.0963744521 0.302043557 -0.0945549905 0.431806445
    0.654699087 -0.387622416 1.43463945 1.05773139 0.959102392
    0.153699338 -0.148775488 0.217951745 -0.0437058806 -0.306808174
    1.44319999 -0.506873906 0.978077829 -0.0258611441 0.757003665
    -0.327085614 1.49427605 0.312722147 0.269598663 1.2471807 1.29889381
    -0.505107522 0.10419178 1.34468198 1.33869159 -0.200925216
    0.776483238 0.4864676 0.832006156 1.27376771 -0.335962921
    0.316086352 0.737639904 -0.0994537175 -0.377663791 0.827774227
    -0.421540052 -0.262862623 1.14497197 0.0755273402 0.858250082
    1.28502369 0.503904998 0.161020935 1.10562158 -0.391513288
    -0.415401489 1.11230206 0.759941339 0.225635707 1.19434893
    0.896281958 1.35115242 0.333143055 0.193682641 0.490759403
    -0.0838901103 1.38346291 0.919324994 -0.58856672 1.29292405
    0.100228369 0.85637182 1.0819416 -0.236959547 1.15845704 0.865040421
    0.0580447912 0.498424411 -0.211955577 0.0635924935 1.35524893
    0.0559319556 0.900824785 1.106686 1.07446063 1.05095911 1.26133347
    0.946671128 0.831644773 0.120391726 0.814683497 1.41576207
    1.38372719 0.366532028 0.274831355 1.19113231 1.32531595 0.358579904
    0.649903774 -0.19812651 0.476626039 1.34192109 1.16645026
    -0.261899322 0.171916366 0.467495501 1.28447914 0.148482561
    1.13253236 0.734040618 0.905554533 -0.0164127946 0.85762614
    0.896477759 1.01724446 1.34967375 -0.197612911 -0.254411101
    1.02623105 -0.201706529 0.856390238 -0.179005533 1.0453999
    0.385612607 1.00044417 -0.212009877 0.999150753 -0.241178423
    1.12422085 1.16887128 0.0516207814 0.21004349 0.828333735
    -0.44838655 1.47486389 -0.457556576 -0.094091624 0.842163682
    -0.382276058 -0.215900898 1.11182976 0.208332658 -0.366223514
    0.733186662 1.16142941 0.481865525 0.47771287 0.405171871 1.53229153
    -0.266191423 1.32511818 -0.296023786 1.59121466 1.09599793
    1.14211082 0.780216396 0.499000549 0.515480757 0.901967525
    1.19746542 0.314353585 0.336905301 0.836803734 0.792305112
    1.41205227 -0.398103714 -0.303235203 0.290271819 -0.1104334
    1.23182797 0.405442238 0.667115271 0.710344553 0.948398769
    -0.133310199 -0.334474981 0.0363203883 0.267143965 1.24625611
    0.850208163 -0.578229368 1.24934411 0.928664029 1.04810357
    -0.346304953 1.26440954 0.57940197 -0.10154058 -0.266829193
    -0.265932202 0.0695171356 1.35305762 0.55741626 0.986672044
    0.777686417 -0.384729266 1.23708105 -0.318043649 1.24242306
    0.611406386 1.08594465 0.762134492 1.12383854 0.658392072 0.75374198
    -0.121036261 -0.0933910906 0.693535864 1.26138103 -0.583049595
    -0.0958820879 1.14280272 0.0769097209 0.118031085 0.0768278837
    1.17641664 -0.040212512 1.12725234 -0.443910748 -0.0545114577
    -0.165038258 0.888380826 1.45816231 -0.158865839 0.59297514
    -0.289138705 -0.12092194 1.50084805 0.467920244 0.148455501
    0.0774840415 0.832077622 0.224720985 -0.0396330059 1.46479726
    1.34724212 -0.149468571 1.26943851 0.421984553 -0.161202431
    1.00857544 1.11090446 -0.262085706 0.910866797 0.524251759
    1.12155628 0.783328116 0.135161757 1.22394037 0.679546535
    0.784021437 0.483641982 0.595706165 0.489584506 -0.17371273
    0.0385253429 0.184502542 0.96111685 0.997226536 0.0854583383
    1.39688659 0.8373124 1.3348577 1.00388145 1.32247066 0.472768426
    -0.328113854 -0.330376089 0.79591924 0.389236689 1.30495596
    1.34029186 1.29779506 0.216888785 0.769827366 0.824343622
    0.00564873219 -0.433047622 1.29236674 0.497384638 0.145541966
    -0.297317356 1.00550246 0.901343226 0.965677023 0.112404168
    0.376621425 1.38645065 -0.503395677 1.0095892 0.594548523
    -0.0279836655 0.481772661 1.16884887 0.615945876 1.02707148
    1.31430149 0.76065737 1.13399661 0.509922028 0.337705195 0.29657197
    0.430405617 0.749340594 0.662978113 1.38972187 0.631276965
    1.34325933 0.284446478 1.27636516 1.16285479 1.12206793 0.26047045
    1.31765175 -0.180861026 -0.404699385 1.38850927 0.968707144
    0.460758567 -0.0930899084 1.50213253 1.55665326 -0.181847483
    1.35944319 0.234508812 -0.0984876454 1.04588318 0.731085062
    -0.544410825 0.433667719 1.08524919 0.144389391 0.40650326
    1.05136871 0.931040525 -0.101546377 -0.331163585 -0.147470683
    -0.108222485 1.19850683 0.643165231 0.694168448 1.26084256
    0.734606028 -0.0682741702 0.920480132 1.3547889 0.36130929
    -0.370316058 1.06574559 0.704355299 1.20038903 0.0388216972
    0.0472123623 1.12059426 -0.423655748 0.594634414 1.33619857
    0.0836415887 1.35697401 0.572571456 0.227357268 0.810344338
    0.338929713 0.0951394737 0.395578474 -0.032423526 0.603483677
    -0.260760307 -0.378493249 1.44594598 0.0406866074 -0.237479642
    0.749217153 0.521675766 0.710162938 0.683661342 0.45896852
    -0.0309518278 0.604898036 0.675089955 0.553262115 1.31165195
    -0.48720175 1.42147374 -0.444764197 0.845915318 1.27744818
    0.756801546 1.35592079 0.789906561 0.306932569 1.5374167 0.429078221
    0.792207718 0.881172836 -0.13494125 0.852083921 1.23857939
    1.33259082 -0.589619637 1.28992116 0.950322747 0.694410443
    -0.327544808 1.54838419 -0.313479304 -0.0399431586 0.655025065
    -0.00494557619 -0.396379173 -0.394098818 -0.31726864 1.17523289
    1.18646967 0.288203299 1.11638999 1.12483335 0.96618706 1.01897669
    0.129205406 0.181837976 -0.000576585531 1.01823115 0.459576905
    0.678495288 1.216326 1.17569256 0.975700259 -0.507629514 1.50451827
    0.8591851 0.866985202 1.39286828 0.835720241 0.904023409
    -0.108608365 -0.261017412 1.37209928 -0.254198372 0.641462445
    0.751984954 0.525431514 0.377734184 0.734335363 -0.242447689
    1.15500462 0.829956889 0.772955716 0.990245521 0.708682001
    0.452670217 0.961469173 0.666392326 1.38935602 -0.132586539
    0.590908051 1.00731087 0.15107739 0.225985408 0.474445224
    -0.240094304 -0.313884079 0.785623193 1.14902353 0.949589014
    0.120271742 0.802365303 0.976107657 1.27494156 1.22376037
    0.209593475 -0.18603313 1.11477017 1.1280998 -0.313008964 0.77433598
    -0.366158783 0.750312626 -0.269356132 0.0587958395 0.110957414
    0.572323442 -0.339185894 0.474918127 1.1311878 0.87943238
    -0.095251441 0.98132658 0.222340107 0.0226501822 0.466416001
    1.49983287 -0.463126093 1.20511627 -0.308302045 0.494122505
    0.802762926 0.689128399 -0.0813827217 0.973851383 -0.0602570772
    1.12830019 -0.39194864 0.201675653 0.620404482 0.715743065
    0.240555346 0.468286693 1.14278388 1.00680017 0.489629269 1.18541908
    1.0716548 0.22281003 0.0287727118 -0.336087048 0.200817347
    -0.0366979241 0.438356221 -0.13206017 1.16158223 0.0492959023
    1.08404565 0.376369536 1.26838422 -0.203984916 0.502483666
    -0.0386375189 0.184413999 -0.333720237 1.54453278 -0.0280543566
    0.669143975 1.47902203 -0.397077143 0.172944665 1.11318028
    0.00829041004 0.205192327 1.0337652 1.25839102 0.262306392
    -0.151324242 0.664693594 1.21895123 0.259779274 0.177872896
    -0.3437289 0.55584681 0.886156499 0.338164687 -0.545949042
    0.724592626 0.0716115832 0.671856165 1.15854096 1.36742115
    0.267139256 0.901294649 -0.325411677 0.0543776155 0.219631314
    0.738818944 0.0369510651 0.762651801 0.680950105 0.560113311
    0.892723918 -0.305217296 0.790456414 0.953579664 0.530256093
    0.68808943 -0.0605042577 -0.242231235 -0.236122966 1.22264099
    0.782792568 0.585883319 0.0677540898 1.52381206 0.0927506089
    0.358793437 1.36025357 0.809669614 -0.365249038 0.492861986
    -0.274378568 0.62916559 1.03508401 0.622781456 0.488356471
    1.46666074 0.202885747 -0.131100595 0.750137031 0.478295982
    -0.285606951 -0.393441468 1.07774603 0.332841098 -0.00753808022
    1.06301904 0.716120303 0.735565484 0.812978685 0.550232589
    0.605852246 0.955665648 -0.000234544277 1.10969532 1.01469755
    0.00700247288 1.05665016 0.238382697 -0.00932997465 0.0316987634
    -0.250642419 0.592924476 -0.218305632 -0.187609062 -0.1931988
    -0.125549242 -0.202027276 0.280048937 1.11345625 1.05248475
    -0.393392354 -0.380585521 1.05652261 -0.0858371258 0.58848846
    -0.157414064 -0.158788383 0.582502484 1.3813107 1.34431684
    0.914473534 -0.36891216 1.25658178 0.96641922 0.891140103 0.39555645
    0.0408360362 -0.148480982 1.46461964 -0.340786785 0.69754082
    1.00671768 0.320352554 0.727219224 0.112153441 0.461993635
    -0.108765393 0.417638242 0.00970369577 1.34525776 0.521710157
    1.41658187 0.144124836 0.288910866 0.267902106 -0.0386387408
    0.171932459 1.05244875 0.904403627 1.01618719 1.22581792 0.830545068
    -0.0267738104 -0.00229197741 1.23923612 0.42681855 -0.492312074
    0.693131745 0.528399944 1.44817543 0.123630166 0.705219567
    1.28671801 0.331511974 0.100637197 0.0238161087 1.41665447
    -0.454729319 1.17380095 0.0968476534 0.0175080299 -0.233540848
    1.11322069 1.33913791 0.898015559 1.36126196 0.230503082 1.23367047
    -0.189116329 0.167092144 0.579088688 1.17450309 -0.381984413
    0.599676013 0.549823463 0.199915826 -0.180707633 0.186681271
    1.43778753 -0.209764987 1.24479842 0.326713204 0.0126562119
    0.579380512 0.747619927 1.27760339 0.193899512 0.5067693 1.06289458
    1.06234217 -0.0437185764 0.430639923 0.918766856 0.1717152
    0.912134647 1.21555233 1.09585452 0.857409298 1.28569365
    -0.274466753 0.455302715 0.962251306 0.616269588 -0.324233949
    -0.0112851262 1.05918157 1.43443751 -0.102238357 0.703328252
    1.30308485 1.35263562 1.13748944 -0.224566102 0.861450374 1.35298717
    0.507926643 1.52218843 0.0672279 0.0636059642 1.24019957
    -0.385920823 0.113490462 -0.0508040488 0.438645959 1.13575661
    0.782113016 0.221796811 0.373025835 0.122508109 0.660666049
    0.872509301 1.3638742 -0.460279256 1.24508929 1.02545404 0.564024746
    -0.261482149 1.28208482 0.895108581 -0.473530591 -0.101901054
    1.15160561 1.43022895 0.221400946 0.0340497792 1.27501333
    0.128052056 0.950848579 0.837418795 0.492632657 0.19012779
    1.06184053 1.10151744 0.0805927515 0.551125944 0.454356134
    0.608757377 0.0102843046 0.563066244 0.460951805 0.54689157
    0.133419871 0.742530763 1.47254181 -0.422165573 1.30691528
    0.636605144 0.0777995586 0.724757433 0.591505527 0.769338608
    -0.456957519 0.401597738 0.315575719 1.41328239 -0.496926785
    1.26439273 0.310962141 0.842400968 0.84307164 1.22973275
    -0.510547101 0.707189977 1.19894481 -0.527330458 1.40014434
    0.332588196 0.642977715 0.621395946 -0.112052619 0.205065638
    1.41970086 0.696139455 0.907970071 0.650424659 1.18477583 1.16031623
    0.0966499448 -0.0793479979 -0.499938667 -0.0988892615 0.119962245
    0.192785919 1.04438412 0.331201494 1.62994897 0.849811316 1.43064117
    0.162172914 0.146054238 -0.112007856 0.280408084 1.04836249
    0.0162608027 1.10388017 1.34457326 0.525363386 0.670057476
    0.901901901 1.33193171 -0.109588474 0.621293545 0.011321485
    1.10846448 0.979430318 0.381997883 1.32162464 -0.445107043
    -0.199429452 0.487086058 -0.392143518 1.04672539 1.05805337
    -0.341876328 0.579474747 -0.174422234 1.35685074 0.355825484
    1.27887142 0.184633672 0.607624114 1.39625525 0.486939311 1.06383324
    0.211946368 1.37691188 0.373372316 1.3178786 -0.361195147
    0.651203156 1.39869738 1.56805968 0.367973089 0.220812678
    0.142746568 0.289693892 0.522885978 0.976260424 0.957484126
    0.886657834 -0.180177212 -0.103191778 -0.338800848 1.21396327
    -0.147007197 -0.445871174 1.45507908 -0.407649875 0.811957061
    0.320513964 1.15922678 0.301047504 -0.153757945 -0.109781399
    0.11872232 -0.137677848 1.3541863 0.0468860269 -0.144938558
    0.615533352 -0.0890826881 1.10292816 0.946161032 -0.140924424
    1.4240737 0.000487208366 0.381167948 -0.495334327 -0.312304795
    -0.144382715 -0.00819918513 1.04865468 0.132299542 0.474815845
    -0.476462156 0.366060913 1.01739097 0.915991068 0.0784003735
    0.148845255 0.714278579 1.15599227 -0.403149873 1.52132034
    -0.00341051817 -0.414805889 1.50907123 -0.454003185 0.179708064
    0.486228824 0.977841258 1.41927648 0.543676555 1.0606761 1.51927853
    0.68567884 -0.226291373 -0.267740548 -0.359307408 0.905058563
    0.281203568 -0.0248478949 0.727076113 0.782318473 0.465691984
    0.527157724 -0.0461570024 0.73018831 -0.190968037 0.620364845
    1.27910924 -0.396860898 0.356281936 0.823514938 -0.0893435776
    0.50549984 1.24002206 1.03298354 1.36428392 -0.478828132 1.19608319
    0.393944085 0.668751836 -0.374661207 0.86463207 1.13241053
    0.166364849 1.27154303 0.9579795 1.4653914 0.636938035 0.857959926
    0.474977136 -0.141575038 0.657966435 0.1250934 1.02794361 1.11918235
    0.523922801 1.4691453 1.43818879 0.886485219 -0.00333449244
    1.06899047 0.0143276155 1.34428537 -0.294904947 1.185969 0.559754193
    0.453865707 1.24328399 0.135583818 -0.281268418 1.04428411
    0.41627261 -0.282160878 0.425156057 1.03994262 0.758338511
    1.13197279 -0.47759372 1.23316336 0.235755265 0.976418316 1.2271893
    0.713437498 -0.0735973716 0.0787605643 1.0986805 0.354220092
    0.297824323 1.16379547 0.344553173 0.287270129 0.923286498
    1.15164399 0.52751106 -0.43155396 0.488415629 0.770746171
    -0.0302433372 1.24374104 1.34704423 0.388060629 -0.148564249
    0.156546801 0.253787756 0.880127907 0.652507842 0.434305131
    0.195272744 1.31692505 -0.331175506 0.661648035 0.281359226
    0.506243289 1.28581774 0.871192157 -0.259150624 0.822195888
    0.513293624 -0.341358423 0.17276594 0.641651094 0.539118588
    -0.0745236874 1.16329718 1.42309022 0.561802864 -0.238881409
    1.36823964 0.628013551 0.972178042 1.35957527 0.482953191
    0.204105973 0.268142998 0.819321334 1.32924175 -0.475913197
    0.982385337 0.658023179 0.372612357 1.05588174 -0.26169157
    0.237648249 0.123527288 -0.321856081 0.518108487 -0.311447233
    1.11722863 1.31430471 0.102145374 1.00175261 1.4075768 1.24889588
    1.1541456 -0.269347399 0.496020138 1.15250766 0.379336178
    0.533359408 1.26305461 1.0219655 -0.421192586 0.778497994
    -0.261438251 1.51772213 0.0712473094 0.666735291 -0.443838447
    0.427718878 1.28489518 0.861916721 0.738918424 -0.0525274277
    0.527740419 -0.240116149 0.945169508 -0.131103963 0.788311958
    0.674440861 0.711277187 1.17963731 1.07146859 1.41714704
    -0.246457696 0.566285849 1.17188072 -0.0914842486 0.689047933
    0.238777041 -0.101023376 -0.0664846599 -0.36364302 -0.117557555
    0.404654682 0.402822912 -0.108090669 1.24479997 -0.144863814
    0.375361204 0.721503735 0.353482604 0.798507214 0.0335882604
    0.374183565 0.2006329 -0.372774512 -0.203641444 1.42602277
    0.833606899 1.01336908 0.549392045 0.237650752 1.26780844
    0.132729411 0.147003889 0.520370722 1.02843642 0.743948758
    0.231603563 0.97242713 -0.170506865 0.928059578 -0.218663752
    0.443793118 0.374982476 -0.283856034 0.358539939 -0.276592702
    -0.294889987 0.677490234 -0.236249134 -0.259411067 -0.0282942653
    0.77071923 0.816082597 0.712276638 0.376245737 1.16179085
    0.348515391 1.42567968 1.42697167 -0.00668731332 1.43819356
    -0.319596589 0.826051593 1.23091793 0.636000633 0.561483741
    1.25545621 0.262209475 -0.218984514 -0.137761265 1.27251112
    1.05018449 0.0118008852 0.441532791 0.568832636 0.714174151
    0.380217969 0.165877402 0.454967082 1.13144302 0.377074301
    -0.192883044 1.20021081 -0.436397254 -0.32584852 0.163601488
    -0.0743048787 0.515599012 0.314414889 -0.275727808 0.734672785
    -0.205717713 0.0338687897 0.479848087 0.279539704 1.37723064
    0.31746316 0.82725513 -0.466205657 1.20512855 0.691195726
    0.157911718 0.847235858 -0.251007974 0.699725032 0.100138843
    0.254410088 0.323154509 0.455422997 0.930168629 -0.142736584
    -0.532746792 1.39082265 0.0122922063 0.385214865 0.456707001
    0.931314111 0.186185807 8.33272934e-05 0.335832655 -0.25607127
    -0.282755733 0.462984949 -0.325138986 1.3077147 -0.114104033
    1.37075233 -0.370465249 1.13114023 -0.389346242 -0.0362025499
    0.220871568 -0.0092419982 -0.0354862809 0.0553070009 -0.0770142674
    -0.525213659 0.654236674 -0.00728321075 -0.30355531 0.409214854
    -0.365444303 0.0336483121 0.261245847 0.327948987 0.576582372
    1.27369177 -0.0631470084 0.0940646529 0.33912915 1.17331672
    0.9039222 0.543839216 -0.298492759 1.05221272 0.0350781679
    1.30330634 0.720121682 1.0587194 0.676421881 0.712823033 0.233350992
    -0.138260305 0.787241757 0.152716756 0.798754513 0.04164958
    1.09320676 0.670654178 -0.204950094 -0.125348389 0.963258505
    -0.259184182 1.16038477 1.20878422 -0.123197168 -0.0340470374
    1.14395118 0.802737534 1.13256979 0.991409957 -0.281430334
    0.641959727 0.670147896 0.130550802 0.0525295436 0.820147812
    0.304813683 -0.00978043675 0.190674394 0.402217418 1.47467148
    -0.127376139 -0.0673592091 1.39288771 -0.458743691 1.03678489
    1.29805779 0.2304883 -0.380520105 1.16418982 0.953493655 0.357053161
    0.937375665 -0.145259321 0.196094275 0.389073759 0.268489391
    0.440148503 0.295346022 0.289231658 1.13431358 -0.46048224
    1.46514106 -0.000775337219 -0.452648908 1.10541236 1.53548145
    0.259588897 0.755838633 -0.482070029 0.404057324 1.38573909
    -0.458539873 0.261217713 0.692269921 0.921458304 0.555988073
    0.846417546 0.470163763 0.987567842 0.613798738 -0.120748237
    -0.322498053 1.32703233 -0.388564169 0.077683717 0.869922161
    0.0448016822 0.243894398 0.131796896 0.881769478 0.384171665
    0.969830275 0.334096968 0.234306157 0.596717298 0.173775613
    0.968818963 0.143034399 1.25512576 0.489787042 1.07818198
    -0.450937986 1.07571185 0.879918158 0.875873983 0.517630458
    1.30450666 0.847263515 1.21519649 1.19950962 0.824203312 0.790970981
    0.675633907 0.457751691 0.0395537317 1.49552631 0.899483621
    0.187610805 0.235194862 0.833047271 1.02546287 0.569777429
    0.300716519 1.01553166 -0.201955989 0.267770827 0.284896344
    0.805960834 0.610090792 -0.0876074731 0.852838457 0.630259216
    0.238817453 -0.288633347 0.315823972 -0.339364707 -0.00782346725
    1.23396325 0.765998363 -0.441898882 0.613418698 0.870729446
    -0.396384001 0.62428087 -0.301803291 1.27386677 0.414293617
    0.943721831 1.15692353 0.65384233 1.35352564 0.789088488 0.566246569
    1.41660905 0.90081346 0.611088514 -0.452631176 0.851417899
    1.31690097 0.027602911 -0.369489372 0.0900447369 1.44424009
    -0.25495106 -0.321849942 1.06194329 -0.161152929 0.605438113
    -0.225866973 0.554152012 0.339686096 0.601902843 0.110035092
    -0.437216043 1.09157729 0.829071462 -0.250550747 1.46819186
    0.431518912 1.08924913 -0.354135573 -0.184464663 0.504876852
    0.791252375 1.02337313 0.0425588489 1.34468675 -0.174796313
    -0.234589845 -0.0844863355 1.2846148 -0.432426721 0.827553988
    0.642619848 -0.190620184 -0.292557746 1.35232508 0.405935407
    1.09979343 0.432739615 0.78235358 1.38004518 1.20124102 -0.48944515
    0.761318922 1.0799768 -0.511677802 1.20243084 1.37938643
    -0.401430368 0.499451518 -0.307314754 0.802161872 0.920467794
    1.40999484 0.862576067 -0.280754894 1.36707926 0.413352787
    0.62185514 -0.407266915 0.877725482 -0.308969617 -0.154592082
    0.570443988 -0.108833298 -0.133255929 0.343158334 1.18531466
    1.40267205 -0.441730082 1.20315981 0.564639151 0.857791007
    0.550718427 0.710981369 0.945131779 -0.135974765 0.435101956
    0.905292988 1.46716642 0.737255573 0.727120638 1.16926503 1.34442306
    1.50793397 0.794556856 0.0269067883 1.22463036 0.0408519506
    0.0630837679 0.15521881 0.50957191 -0.106407285 1.27029467
    0.396399379 1.17234254 -0.385186642 1.50990582 0.270307302
    1.12110114 0.611039937 -0.436423063 0.269925416 0.687905133
    0.137993038 0.435327649 1.36556149 -0.0427573025 -0.128897965
    -0.122052222 0.119986475 0.754656792 -0.212552801 0.120514423
    1.41800737 0.818096876 -0.108095884 -0.296596527 0.965980828
    -0.0291315317 -0.130761087 -0.434812367 1.26836109 0.544881225
    0.938929975 -0.423094153 1.4290874 0.928968906 0.247370183
    -0.422621071 1.02715516 0.570916414 0.44039157 0.225765198
    -0.319256306 0.767775118 1.47040129 -0.136424243 0.812084079
    -0.227666587 0.326881766 -0.290967196 -0.206552312 1.35787439
    -0.442949474 0.606264591 0.691837132 1.08996594 -0.484028012
    1.43983316 0.307850003 -0.499053597 0.440939665 0.71654582
    0.205317557 0.184885859 0.0344702005 0.541083574 1.37144029
    0.171587706 -0.536248982 1.11993241 1.33063078 1.12228632 1.10928416
    0.114239037 -0.0901667476 -0.378020048 0.914714634 0.798833013
    0.175998926 1.30825162 0.588783503 0.0691203475 1.29421258
    -0.23817496 0.0864565969 1.5243609 -0.446525663 0.252390206
    1.0465771 -0.236526251 -0.200239986 0.350603998 -0.418172538
    0.694698513 0.192682028 1.0985837 0.91782546 1.53528142 0.616430998
    0.180899978 0.367143631 0.888509333 0.858399272 0.306328654
    0.79494381 0.0840874314 -0.380079299 1.0590353 0.60054636
    -0.0750483274 1.07451594 0.935932577 0.901289046 -0.240325689
    1.0304296 -0.268670201 0.860679865 0.670159161 0.424571455
    0.142834783 0.631280959 0.27731967 0.548348606 1.41517699
    0.377821326 0.434673965 0.321642339 -0.253176481 0.861127019
    0.242629081 0.585991681 1.06119561 0.381256878 0.432389975
    0.250910699 0.695818186 1.05137444 -0.278363258 1.13966346
    0.870088995 -0.202074766 0.521371126 0.962767124 0.72919631
    0.546320677 1.28027678 0.496380955 -0.233472586 0.897107005
    0.0836045146 -0.061484158 0.00109690428 0.250114858 1.38200295
    -0.481621593 1.52045393 -0.238223374 1.12484396 1.23291445
    1.21653211 -0.293162704 -0.393065304 1.05175114 0.00768101215
    1.2382071 -0.310372531 1.42359769 0.215030402 0.699335694 0.64913702
    0.600843668 0.524469018 0.20200336 0.641546786 1.32220542
    -0.0515311062 0.827623367 0.708138406 1.0121417 -0.300846487
    1.13761151 0.389973521 -0.166463107 -0.256619543 1.2013247
    1.26582909 0.20511651 0.356190264 1.0813911 0.776522577 1.52115667
    0.174728066 -0.0825884938 0.686775982 0.508254766 0.786324918
    0.886276484 1.4648335 0.145200431 0.764979362 -0.357997596
    0.184797168 0.540969074 0.158699334 0.505194604 0.871300161
    0.987652421 -0.328059971 0.739187181 1.28973389 0.58349812
    1.13061595 0.96674341 1.07381177 0.871085227 0.633871913
    0.0164348483 0.790439367 0.0401852727 1.05516493 -0.277873397
    0.567452192 0.925388694 -0.268336564 1.21326244 -0.130194545
    0.162605286 1.01555097 0.48785457 0.706959367 -0.263735265
    0.489016235 0.187422514 1.01504588 0.749955475 0.360036552
    -0.0808240175 -0.425974071 1.51145434 0.166527033 -0.248684883
    0.431839347 1.10787189 0.879101634 0.0773887038 -0.00383669138
    -0.0237819254 -0.277558476 0.529088795 0.658753574 0.978512049
    1.00227308 1.0460639 0.865408003 0.0825277567 0.0745873451
    0.358879805 -0.351273805 0.475617409 0.73287046 0.384886861
    -0.381669194 -0.299331784 1.22881627 0.654964745 0.884128392
    0.982638896 1.30156565 1.28675091 -0.325565517 0.817191601
    0.919169307 -0.279402673 0.51742959 1.05032682 0.157689214
    0.636822462 -0.0258490145 0.843677819 1.39549661 -0.415208071
    0.539331257 -0.228896424 -0.194963649 -0.257192463 0.741701365
    0.165806472 0.730073333 -0.204313755 0.85441339 1.44303393
    -0.322015405 0.640867233 1.46691012 0.954370677 -0.385698855
    0.0155446529 1.08498454 0.973693192 0.455283761 0.169262469
    -0.187710702 1.57104218 0.258113593 -0.0366084874 0.519069672
    0.859534681 0.518861175 0.150753617 0.752151132 0.265674531
    0.589742661 0.495019734 0.661132157 0.236461699 1.42035139
    0.411085665 1.33267593 0.570437312 0.468116522 0.648625016
    0.553068399 -0.111029595 0.860337019 0.979849577 1.08168364
    -0.526755035 -0.130587995 0.716920972 0.632979155 1.46404386
    0.0924082994 -0.361387163 1.24114573 1.08265615 0.0299771428
    1.41083395 -0.346628189 -0.371157885 0.810787439 -0.0350100696
    1.22676802 0.494091034 0.548123598 0.927434087 0.921583772
    0.993813932 1.05040097 0.56495744 -0.0750704706 -0.221446112
    1.01936841 -0.369416058 -0.265143991 -0.235178247 1.1523428
    0.428404093 0.106991172 0.139115334 0.858658314 -0.343197703
    0.48453626 0.46854949 -0.178087413 -0.000324189663 0.18877244
    1.27003574 0.328091502 1.30419922 0.631308615 1.20634365
    -0.190549016 0.270880431 0.00836855173 1.17221117 0.120190799
    1.15518618 1.14222527 0.558995008 -0.26989767 0.797317207
    -0.422353089 0.666435003 -0.196967617 0.64589107 -0.147251248
    0.894001245 0.423421741 0.182332873 0.531370699 0.517710805
    0.603540719 1.44855917 -0.368544757 -0.305226088 1.19138885
    1.32885587 -0.130649418 0.152126819 0.335227877 -0.37695837
    -0.269910276 0.32729274 1.28719854 1.09292698 -0.0965089798
    0.0965048373 -0.114344805 -0.135741979 0.881376565 0.0199510455
    -0.383698404 -0.373410553 0.0639660358 -0.589014053 1.05308318
    0.219237804 0.891316295 -0.310736179 1.31636 0.363420427 0.88327992
    -0.0287032723 0.883235574 -0.0369688272 0.0162066221 -0.345028728
    1.00060415 0.421453416 0.561093509 -0.0398410857 -0.147102088
    -0.201003224 1.05110848 0.592134416 0.29482007 0.43513602
    0.821919024 -0.153231382 -0.175159603 0.686232984 1.11463356
    -0.117309034 0.430315346 -0.0199502707 0.427825809 -0.0194404721
    -0.18337664 1.30676413 0.586570978 0.55348742 0.611997306
    0.825734735 -0.418485641 0.587179959 1.45187223 -0.198311746
    0.0149508119 1.15092015 -0.00881236792 0.483175635 0.738075733
    0.670016348 1.47516298 -0.0852229595 -0.336914986 0.255747855
    1.54233456 -0.48526457 -0.278288454 0.775375009 -0.0395620167
    -0.190926477 -0.0767126679 0.985896945 1.04013538 -0.359750301
    -0.0920806825 0.957881331 0.367179543 0.444664508 -0.0233156383
    0.395680964 -0.33255592 0.442603558 0.337993741 1.33984542
    0.266756475 -0.452059031 0.562928796 0.4629246 0.335294068
    0.596771002 0.476612568 0.810705066 0.534270585 0.154981673
    0.899484694 1.38247037 0.0565924644 0.524604559 -0.350548387
    0.268596858 0.601625562 -0.340465188 0.0716109574 0.0616838336
    -0.253659219 0.169650257 0.901557565 1.20385015 0.545553327
    1.4344815 0.572620094 0.246009827 0.113396168 1.27173543 0.537854731
    1.36164045 1.21510446 0.482258618 0.496149421 -0.323797017
    1.09985089 -0.0109378099 -0.495039523 1.20696211 1.04853106
    0.757986188 -0.32422328 0.704088092 0.375555396 -0.199768275
    -0.195073545 -0.00610506535 1.11253762 0.346630931 0.95955497
    1.19059944 0.137694865 0.713891506 0.476610303 0.189204216
    1.40499914 -0.0804856122 0.261376441 0.0126343668 0.435384631
    0.34857437 -0.313341796 1.42303419 -0.240959406 1.09623063
    0.134105325 1.10891747 -0.288131058 -0.285667926 -0.323119968
    1.02062571 0.147714019 -0.0723517537 -0.0645297766 0.652882695
    0.977538407 0.451304257 1.32863462 1.37070262 1.22472894 0.289907992
    0.262409717 -0.270608932 1.41336381 1.19502938 0.717554033
    0.207148135 1.45598841 0.60234493 -0.155957967 0.66914767
    -0.13992393 0.315092325 1.36648035 0.449166238 0.269335568
    -0.297115684 1.3085258 -0.0159708261 -0.0108596981 0.732118607
    0.391688764 -0.393552423 1.10620475 0.942047 0.809740067 0.037620008
    1.13206077 1.26307392 0.921064138 -0.259051532 1.33743 0.391565263
    1.27644634 0.392841041 0.564931929 0.297661066 0.566327751
    0.313043088 0.36005345 0.125233382 0.113611519 0.31417197
    0.125098646 1.18570924 1.08212352 1.25476146 -0.0142080784
    1.14674222 -0.182668328 -0.18792811 1.17730618 1.47131658 1.41515517
    -0.434341848 -0.498167753 0.0322889686 1.07851315 -0.332342684
    1.39876676 0.100682259 0.139011085 0.372575819 -0.0326142907
    1.24616742 1.0865891 0.13025105 -0.158148825 0.0819847882 1.059919
    0.76093632 1.20979452 -0.0110596418 0.87336719 -0.297362924
    -0.327845544 1.27066994 1.20534372 0.507097781 -0.466400206
    1.46575904 -0.199483186 1.29220855 0.366366804 -0.439858288
    0.546441317 -0.0488069355 0.226843655 0.696475744 0.625600576
    0.727207482 0.542760551 0.186266512 1.43490005 0.220421344
    0.0636458397 -0.0513247252 -0.350679249 0.173022717 0.578327656
    1.21585834 1.08073735 0.775220692 0.523710847 1.16266179 0.528264046
    0.0761636198 1.02737308 -0.496386468 1.3357836 0.0919783711
    -0.424282968 0.958123922 0.661032259 0.893055677 0.61136806
    -0.194031149 0.286071658 0.332550704 1.36001039 -0.228558689
    0.823835611 1.26465321 0.73342526 0.913262367 1.41618431 1.48362613
    0.664213061 0.45150739 1.33869767 0.640787005 -0.146417201
    1.35183072 -0.188721716 0.313389629 0.191723794 0.487348378
    0.548871577 -0.0772280991 -0.151465833 1.14946342 0.135366529
    0.552932382 -0.203002661 0.919679761 0.459982276 0.0735736489
    0.625649095 0.396802783 0.497344613 -0.475934118 0.0602019131
    0.341026932 -0.237578362 0.30460307 -0.139941216 -0.226586863
    1.10389853 1.43430984 -0.0877972245 0.819138765 -0.275295556
    -0.245362505 1.10471749 0.675255179 0.109119624 0.296972215
    0.0513952971 0.577188849 1.09909284 1.31087399 -0.310151994
    0.112540007 0.648771167 0.300066739 0.600394607 0.210449815
    0.555029333 1.10726953 0.564709604 0.00919431448 0.544421434
    0.745764494 -0.101004153 0.71299094 1.02496529 0.105935156
    1.03002167 0.592190981 0.224805266 1.05688739 0.547195613 1.0811466
    -0.275869131 1.0521425 1.07346487 0.623478711 -0.334117234
    0.907170236 0.93709904 0.823682249 0.0472192764 -0.271624088
    0.878892899 0.508381188 0.135926068 0.166088462 -0.390780061
    1.21746087 1.02578092 0.716903865 -0.392133176 0.369908631
    0.672656894 1.26031923 0.614667594 0.0413405597 0.83338362
    0.216457814 0.913999677 -0.151191175 0.60072732 0.22526592
    1.36313319 0.121705115 -0.555163383 1.3669765 0.616169691 1.12448537
    1.40327144 -0.284809291 0.422834873 -0.308412194 1.60586858
    -0.437840819 0.580947638 -0.189504236 0.109808475 0.463051438
    1.21818113 1.09918928 0.180286229 0.982539356 -0.033988595
    1.26334083 -0.266799718 -0.0908253789 1.32399273 1.4900012
    0.679956853 0.767784238 0.0439546704 0.118793309 0.00614088774
    -0.0393607616 0.49218595 0.565608144 0.626260281 0.295104355
    0.270907581 1.14401269 0.414638698 0.924108863 -0.291121036
    1.28147769 0.88067317 0.967792332 1.14328551 0.0757850111
    -0.335457623 0.956419826 0.228408277 1.2191695 0.748414874
    -0.202706337 0.154237926 0.180246949 1.37636757 0.667649925
    0.269741118 0.792959869 1.30560982 0.620036483 1.49207842
    0.0106971562 0.300682247 1.42412663 -0.569847524 0.74263078
    0.753826261 0.761993527 0.986700475 1.00675929 0.300818264
    -0.0473456681 0.57357192 -0.330635071 1.49690199 0.478909791
    0.86579746 0.148680151 -0.205607384 -0.0712199211 1.21719825
    -0.174484134 0.570328832 0.500793815 0.387272418 -0.0607025027
    0.157187521 0.145746112 1.46080041 0.155208647 0.674390852
    -0.389791012 -0.0903695524 0.570918918 0.1187644 1.1486609
    0.260201335 1.0491426 0.0672408938 0.814521909 0.790780544
    1.39228702 -0.451124281 1.43406844 -0.463239074 -0.417361021
    0.723539054 1.26529121 0.523316383 0.208965361 1.31614244 1.21341252
    0.041218102 -0.078794539 -0.352649689 0.32676515 0.611442447
    1.09131813 1.59373295 -0.14379856 0.158210039 0.927329183 1.09275746
    0.163102359 0.570951819 -0.158163697 -0.315081596 0.626818061
    0.885399103 0.933696508 0.743030548 1.22754228 0.295243233
    -0.295040369 1.01104569 1.1328181 0.146130681 -0.0324826837
    -0.128669798 0.248445898 0.890009582 0.555416584 0.756462038
    0.555371106 1.43895197 0.200958014 1.08289409 0.203833938 1.13132477
    1.41339862 -0.0495986342 0.83442688 0.560055494 0.369098485
    0.777374983 1.05205166 1.39207697 -0.451722562 -0.285882533
    1.33985424 -0.209437162 -0.0453696847 0.207239717 0.456080735
    -0.309599251 -0.23669818 1.32690191 -0.366292536 0.159903109
    0.890865266 0.399819672 0.127159715 1.02052879 0.160337806
    0.449165851 0.417790234 0.133841932 0.361794412 0.81141746
    0.433412671 0.575389624 0.147452116 -0.208781779 1.19358814
    1.08269691 1.01832092 -0.0528023541 1.01647043 1.36109185
    -0.274613202 0.899433613 1.0914259 0.444443762 1.43949103
    0.328187436 0.201896429 1.25329781 0.355201155 -0.0360331535
    1.26442599 0.713903308 0.40336591 1.1114974 -0.255424142 0.456729233
    1.27992439 0.351134926 0.0783795416 -0.0140058994 1.3258642
    1.30618143 0.968177855 -0.300700516 0.760408401 1.45494485
    -0.446674824 0.597114027 1.04555762 1.10893786 -0.399870455
    -0.454879642 0.828065097 -0.176641792 0.79372704 0.526519537
    -0.353117764 1.42006207 1.17028451 0.61144644 0.434172601
    -0.323555887 -0.153761983 1.07588172 -0.216934502 1.31811857
    0.675085902 -0.441875517 1.34422958 1.33312547 0.557687223
    0.827225268 0.213236749 1.30969191 0.848879158 1.42120266
    0.391363204 0.0906669497 -0.105384231 -0.146502167 -0.406444192
    0.0436933637 0.179643989 1.12436748 1.21271729 0.132730484
    0.241001844 0.482092381 1.46117187 0.775293112 0.197005719
    0.373448491 -0.37521565 0.639361262 0.838333189 -0.423870951
    1.0269227 -0.194737941 1.15730143 0.288469374 0.65139091
    -0.431226313 1.45965779 1.02755284 1.13168836 0.729325414
    0.285771847 1.22258925 0.438444138 0.390231371 0.407657266
    0.639739156 -0.132726312 0.242426157 -0.542724371 1.47378087
    -0.39343974 1.38455462 -0.237539619 1.46217465 0.403860927
    0.47412926 -0.334491611 0.619548798 0.326899767 -0.327711135
    0.30537653 0.614489675 0.773975492 -0.239554912 0.131098479
    0.102043688 -0.437268049 0.310159415 0.242242664 0.675899565
    1.23389232 0.55119729 1.4501791 0.784774959 0.0260167718 0.094455719
    -0.138863862 1.34028172 0.780884266 -0.217385769 0.886988103
    0.0573849082 1.32790351 1.25919664 0.92869997 0.975221634
    0.928034306 -0.281612992 1.15824664 1.25065458 -0.479140818
    -0.136271179 1.27876377 0.771668434 0.761336207 0.476734817 1.261729
    -0.190303117 1.38378692 0.418314397 0.350984097 0.758167326
    0.16838336 1.33543909 0.30689621 0.0605852008 0.204880536 1.05283189
    1.53772449 -0.334095746 1.35126328 0.167353511 1.22437406 1.38487816
    -0.161709622 0.709332347 0.476768553 1.33852124 0.766304314
    1.12586045 0.459309816 0.102451861 0.00636363029 1.43920445
    0.261544168 0.0902401209 0.883995652 0.747554481 1.21481788
    0.560491025 0.317531347 0.188973427 1.08583307 -0.17072022
    1.61486316 -0.406989783 1.49118924 0.387167126 -0.442565531
    0.795446515 -0.443644941 0.881476521 0.0344400406 0.121106803
    0.458871305 0.18560645 -0.00836017728 0.698712885 1.47559094
    0.417493612 -0.257137567 0.0819212794 0.118502229 0.560371995
    1.41198468 0.444987357 0.184363008 0.453462839 0.366036445
    0.456816316 0.606673181 0.721739292 0.142472625 0.554979563
    -0.347036302 0.426271975 -0.441100657 0.538214087 1.3703208
    0.83937639 0.570235789 0.0395449996 0.295214891 0.242026389
    0.913337529 0.0291188359 0.929262519 -0.497449219 1.12496662
    0.898406267 -0.500531375 0.79531002 -0.289360374 0.372414976
    0.352952003 0.164748877 1.52419913 0.28201288 0.96250248 0.778748631
    1.35689902 1.38457894 -0.328935891 1.56697202 -0.180311024
    -0.0683072805 0.948086381 1.40916336 -0.270883709 1.19197977
    0.391383111 1.33219767 1.31856978 0.599960625 0.313242733
    0.0754238963 0.00388711691 0.672310114 -0.453466177 -0.0712272823
    -0.0713251829 0.92537725 1.50247931 -0.188881129 0.437872499
    -0.209332019 1.43187678 0.330223322 -0.293961167 -0.380198419
    1.28060913 0.10967648 -0.358299315 -0.160464585 0.759913385
    0.443199813 -0.311661392 1.46908259 -0.043002367 0.716284513
    1.07119346 0.172735989 0.469600081 0.905690551 0.378644884
    0.972601771 -0.301757574 0.015948832 -0.542555988 1.26666617
    1.14122248 1.1153388 0.941766441 -0.44442147 1.4563458 1.03515053
    1.05865121 -0.295117259 -0.111535937 1.01590371 -0.176760346
    1.15259886 -0.251359463 0.395375073 0.588730931 1.04575014
    1.32612956 0.00182682276 0.753656209 0.98173368 0.238423288
    0.64239639 1.33272481 -0.366214275 1.19841146 0.563915014
    0.546301246 0.708359718 1.05675483 1.17047501 1.02982688
    0.0301772952 1.26442099 0.812328398 0.0557497144 0.264847398
    1.25951815 0.0169693232 0.617047608 0.75245291 -0.189057633
    -0.348070979 1.1218679 0.447922021 1.02525711 0.30066067 0.109237015
    -0.0643181205 1.35367382 0.408070862 0.61319381 0.507181525
    -0.241054833 0.558647633 -0.232561678 1.30425811 0.708445847
    0.571795583 0.0397379994 1.15704942 0.960193813 0.586094856
    0.79267633 0.861311853 0.994377196 0.00312852859 1.45890999
    1.45419705 -0.00525534153 0.192263991 -0.289477915 1.37272811
    0.616575539 -0.327388197 1.26315498 0.0496978164 0.953984976
    -0.0978102684 -0.171167761 1.06711161 -0.0146141648 0.866109431
    1.21687698 0.626633704 -0.105637938 0.13087374 0.428654194
    -0.345447779 -0.488254189 1.04936898 0.965812266 1.42715025
    1.06822252 0.693095565 0.805715084 0.390846491 1.52729285
    -0.0270896554 0.692692101 0.964578748 -0.56056565 -0.285822749
    0.43940407 1.02822185 1.08576989 -0.424683034 0.534019232 1.26507282
    0.0707119703 0.635574818 -0.151342899 1.26135111 -0.141149938
    -0.279239476 -0.433074772 1.51509392 -0.116615534 0.0400870442
    1.26743674 0.771639884 1.25835967 0.409697413 0.510068655
    0.483602047 -0.0987299383 -0.0142526627 0.0941806436 0.908631802
    0.332678318 -0.289509058 -0.0147053003 -0.370876253 0.904641569
    0.444036841 1.02156043 0.37505883 0.760551631 0.270405531
    0.331422865 0.0892495513 0.630476832 0.691038668 1.09633613
    0.460907102 0.43074584 0.278539956 1.31281388 1.46013629
    -0.415673614 -0.0571354628 0.189253926 1.20107818 -0.514319956
    -0.364962995 1.22224903 -0.112362355 1.17286181 1.48362327
    -0.0903597176 -0.0600805581 -0.0520008802 0.0877023041 0.829137683
    0.892391384 -0.129413962 -0.298661828 0.259314209 0.260960609
    -0.126191273 0.146780968 0.36396271 1.08620942 -0.23655726
    0.00644785166 0.38987875 1.25796306 0.0635919571 0.403277397
    0.467253059 1.17526639 1.12823296 0.840191007 1.54076433
    -0.475932658 0.805203438 0.481556833 -0.131600678 0.937390208
    0.429576755 1.44975924 0.728973389 -0.35046494 1.05937195
    -0.163189918 0.00636428595 1.16766596 0.0676900148 -0.353813291
    1.05603039 0.716704011 0.306798309 0.225537837 0.983023822
    0.683086157 -0.380568534 -0.0636244118 0.503704429 0.758745015
    0.0608020425 0.615307331 -0.373693854 1.06252241 0.954702795
    1.08620811 1.14181566 0.25365603 1.04789209 0.0430123806 -0.53357029
    1.25707877 0.249846935 -0.0867407322 1.40082407 0.248040974
    1.13173687 1.38910413 -0.0410855412 -0.284825355 -0.327824414
    0.0161716044 -0.122654572 -0.212045282 0.351392865 1.2490927
    0.791196167 0.440188885 0.69624722 1.18052149 0.897672892
    0.560359716 1.36209273 0.0780358911 0.660050511 0.493955135
    -0.0417545736 -0.288567424 0.813784361 0.317087144 -0.381853312
    0.282352298 -0.372416288 1.26731992 1.31995535 1.43988299 1.20302463
    0.776893139 0.315686643 0.0435863733 1.02376485 0.194430023
    0.794904053 1.12692964 -0.29291141 1.36026931 -0.122943103
    -0.0915745497 -0.0481381416 0.75920558 0.580022514 0.0412285924
    0.518168628 -0.29169789 0.51952076 1.14988422 -0.0188426375
    1.42045665 -0.331416428 1.19616961 0.246464312 -0.260142654
    0.81137526 -0.218264967 0.405685484 0.220931947 0.623523831
    -0.43149966 0.84389174 1.1749661 -0.201354533 -0.486357957
    0.489278078 1.391505 0.527744949 0.678837001 0.499188125
    -0.184992969 0.365501732 0.858379126 -0.118868381 0.229655176
    -0.298311204 1.36479521 0.83916235 0.769354463 1.05772007
    0.663922369 0.54428637 0.422531575 0.812231302 0.187814325
    -0.0978528559 1.37568891 0.404878736 1.31340575 0.660403907
    -0.366361886 0.22273469 1.17599332 -0.287572145 1.41598022
    1.37848818 0.024526 0.860661149 -0.0632906556 -0.12528272
    0.202510238 -0.102181494 0.600225687 0.926326394 -0.00111663342
    0.0990459621 0.422240168 1.13029051 0.198397994 0.364915758
    0.701567411 0.779473722 0.133915126 1.34500587 1.04853415 1.25382948
    -0.118319511 1.19681489 1.23522592 1.16457474 1.33491921
    -0.210125238 -0.277469009 0.830706775 1.10477531 0.36628443
    0.0872270465 0.632386446 0.310445338 0.991605043 0.96685493
    0.351135135 1.23778355 0.84503305 1.2878561 0.349674761 1.1638763
    0.195250869 0.28565824 1.13103533 1.14197016 -0.390824467 1.33615804
    0.392509818 1.31060767 -0.146860629 1.00630271 0.739678025
    -0.350677341 -0.1680004 0.29493618 1.09245586 1.09451497 0.756705225
    1.37521076 0.0524848998 -0.0533352792 1.39355254 1.21451402
    -0.156056195 0.387434363 1.15521634 0.676299095 0.311712086
    -0.376640022 -0.345839083 1.2626071 1.15516114 0.68601799
    0.883482039 1.31804276 1.03720188 1.29166222 0.975553155 0.29137975
    -0.12123242 -0.00523501635 1.09996557 -0.0197333097 0.330299854
    1.24416208 0.585279346 1.06178784 1.40764689 1.07918763 -0.246000409
    0.113139719 0.35711509 0.814527214 0.616068006 0.779787838
    1.48676276 -0.42392993 1.35765326 0.845340788 -0.064850837
    -0.292092919 1.59009635 -0.0271385014 0.331395686 -0.355281115
    1.16236246 0.414835691 -0.0969984531 -0.18430075 1.33695149
    0.900934935 0.71903336 0.718074739 -0.237928018 -0.248811334
    -0.153540373 -0.365709662 1.0022068 -0.358365536 -0.14668119
    0.627497315 0.60134542 0.349881113 1.24902558 -0.514580727
    0.719849229 -0.358192146 1.32951486 0.0292848945 1.38670516
    1.24917424 1.4034152 1.46616697 0.624473095 -0.111177444 0.161993384
    1.57162905 -0.417893499 0.630815268 1.22914279 0.555573583
    -0.170126051 0.221117377 1.01657104 -0.112752378 0.473064244
    0.12350148 0.202073455 -0.366392612 0.398081779 0.429684758
    -0.359016985 0.111135721 1.41184449 0.264352381 -0.272309124
    0.878107131 0.842481375 1.32376099 0.772514224 0.50596565
    -0.106606275 -0.0906767845 0.165691942 -0.108359337 1.08274162
    -0.170258522 0.780231476 1.10214555 0.259852946 0.94420886
    0.240288675 0.44515425 -0.409268856 0.0561990738 1.35309327
    0.897971511 1.24079013 -0.283113569 -0.16257681 1.18043482
    0.39468357 0.506849468 0.0173675418 0.618681073 1.09506285
    -0.411416531 0.561383963 -0.194428831 0.301382482 1.34279954
    -0.0616762936 0.587040842 -0.0382368267 -0.115891337 0.711393178
    -0.436905801 0.3514148 0.437315702 0.901955426 0.34802264 1.42386472
    0.43245858 1.4652741 -0.19933778 1.26628256 1.3243103 -0.604391992
    0.280975044 0.678848267 0.96488589 -0.324744523 -0.335941017
    0.332057953 0.888947785 0.368216693 1.17443943 1.07795 -0.407763362
    0.178920627 0.551929712 0.143549263 -0.228908569 1.17685914
    1.12488246 -0.483861685 0.970947862 1.19061661 0.852984726
    0.249067605 1.22617376 -0.447869837 0.483498186 -0.0297200978
    -0.324882269 1.54390788 -0.464493752 1.15026081 -0.191351235
    1.01975679 1.28626812 0.533683062 -0.103489339 0.546649456
    -0.0654897094 -0.422128916 0.575088739 -0.326185137 1.26581264
    1.08218718 -0.182867467 0.821416199 1.30337369 0.748813272
    -0.189766377 -0.523200214 1.24624658 0.37774533 -0.0408756733
    -0.378746808 -0.394883841 0.814857602 0.809374988 1.32752752
    1.31233311 -0.260221958 0.162808657 0.324588984 1.32380772
    0.859171212 -0.280014306 0.814212143 0.223764956 -0.181728423
    0.623214126 0.0361868143 1.37884307 0.0763222575 0.0412916541
    0.527099073 -0.216287345 1.08497596 0.942623556 0.548498571
    0.437908351 0.277111709 0.278135896 1.17824471 0.891408622
    0.587625921 0.625233769 1.42808151 1.13084793 -0.05591923
    0.418598533 0.607760012 1.39554119 -0.0796414018 0.259227693
    -0.312225401 0.558344245 -0.240006715 0.455091476 0.0584814548
    1.05895495 -0.417853296 1.05557859 -0.210044444 0.18586418
    -0.342559934 0.283801019 1.44364429 0.0604451895 0.295382321
    0.78676784 -0.273546338 0.883523643 0.204354793 0.0575344563
    0.427612513 0.21856004 0.219765365 0.521730959 -0.2485044 1.34609222
    0.851961374 1.24475002 0.99722749 0.920545638 0.698618412
    0.856103063 0.158076286 -0.291785032 -0.0124786794 -0.27617386
    1.54655433 0.782510221 0.554787397 0.510021091 0.334740341
    0.386263698 -0.0953940153 0.895260334 0.0913168788 1.22782636
    0.663906634 0.577876627 0.289586157 0.253816843 0.313274145
    -0.493214369 1.43655229 0.318700373 0.497613609 -0.194382399
    1.11363649 0.707997382 1.37140083 -0.331993967 0.79737401 -0.438005
    1.34552813 1.07086325 1.40941191 1.40690148 -0.395759463 0.475232899
    -0.343471318 0.713704944 -0.180798963 0.524350286 -0.241373271
    0.830109596 1.50862241 0.40925768 0.179436356 0.921495438
    -0.0892865956 0.230233461 0.868330717 0.925216496 0.415283561
    0.391931295 0.223294377 1.01400018 0.548915565 0.428522646
    0.318619013 -0.390272766 1.44241953 0.420688689 1.03464603
    0.548553169 -0.11787802 1.13740897 0.255195677 0.505545557
    1.29414129 1.03443003 -0.267958015 -0.0879632533 1.50121176
    0.369517237 0.98849988 1.12488842 0.294352412 1.1009742 0.366471767
    0.73019141 0.9577685 0.698158622 1.21108818 1.36084747 1.14274359
    0.457822621 0.41418761 1.35347819 0.0119891763 0.99748975
    0.807235897 0.879228234 1.28702104 0.219822377 0.00657367706
    -0.435440987 0.0708937645 0.781436861 1.32617545 0.283387661
    0.582413912 0.130121469 0.0752056241 1.06447017 1.2349292
    -0.180042505 -0.155677736 0.55247438 -0.129799724 -0.212299779
    0.0615041852 0.775704563 -0.0786321461 0.392341942 0.639802873
    0.358231634 0.548311472 -0.227477133 -0.212162584 -0.186219722
    1.18637872 -0.0526913702 0.213889152 0.0312647223 0.455878943
    1.47659445 0.101829231 0.646830142 0.182815492 -0.136099964
    0.155164808 -0.227026939 1.19482136 0.439694643 1.39512599
    0.922582686 1.39676738 0.486592948 0.38529706 0.588570595
    0.499953657 1.48066759 -0.107353985 -0.321003139 1.47173476
    0.387752831 -0.457475305 0.39026925 0.699570537 -0.104789436
    0.747434974 1.08566976 0.536152065 -0.191879332 0.612555981
    0.151055276 -0.116091907 1.11486864 0.69129163 1.35865283
    -0.0852819681 0.0289221704 -0.225152344 0.880719543 1.02200246
    -0.266610563 0.420727611 0.393126726 0.499863505 0.581372917
    0.301341832 0.950617433 1.46029401 1.38773119 0.24422574
    -0.284620404 1.12834442 0.746654212 0.640518486 1.43364024
    0.0116211772 -0.17934528 1.17148638 0.295624971 0.102741361
    0.942205846 1.33872342 0.978962064 0.742716014 -0.166795939
    -0.101783544 -0.283573627 1.35515547 -0.129429162 -0.112329215
    0.195100933 0.588854313 0.256590128 0.777500629 0.248972416
    0.932536602 0.936594725 0.714259923 -0.458877444 -0.0222713351
    0.510784864 0.351163596 0.459913194 -0.0096603334 -0.291848451
    1.46377349 -0.0415769219 1.14752865 0.649028897 1.00436127
    0.515227914 -0.182985216 0.464186281 -0.341399938 -0.0719594061
    -0.121410102 1.12292659 0.891782165 0.762075782 0.145029187
    0.0472440422 1.4236846 -0.337229788 1.07289171 0.323008746
    0.874732256 -0.19666861 0.123134911 1.35486293 0.0315315127
    1.53547549 1.40641403 0.957764566 -0.414449036 -0.139706165
    1.39603376 1.25734544 0.744364977 1.45410562 -0.380734086
    -0.0707885027 1.52224147 -0.0135840178 0.890363991 0.816082835
    0.282766938 0.0156283975 -0.200529173 -0.1078583 1.28900695
    0.92170459 1.03889334 0.150016725 -0.049949199 0.428543746
    0.0551170707 -0.229388386 0.559208572 -0.11890319 0.845352709
    0.913202643 0.429589212 -0.125266969 0.296193361 -0.098454237
    0.316437781 1.36345994 0.322294772 0.817954063 -0.347013026
    0.811700284 0.728766441 0.348813057 -0.4128308 -0.0590482354
    1.07062602 1.24214935 -0.0931209326 0.832180738 0.221293092
    0.605589986 1.42972422 1.27468801 0.255156279 1.06535888
    0.0904120803 0.444975376 0.660004675 0.31981045 1.14727736
    -0.37642768 1.22944021 -0.152628213 -0.226111352 0.337909639
    -0.282279432 0.296237707 0.97348088 -0.275259972 -0.416766763
    1.4876287 -0.297293693 -0.437883258 0.964405417 1.17148387
    1.47724128 -0.267411649 1.11383688 0.145152092 0.0943347216
    -0.0458121002 1.35127831 -0.297566772 -0.287886918 0.0130524635
    -0.335183114 -0.158853382 -0.199305192 -0.407026201 0.994136393
    0.394345641 0.630984485 0.430129945 1.2677176 -0.328996241
    -0.234037459 0.612281144 1.06792939 1.07756639 1.06650615
    -0.308949292 1.29631329 0.601089001 0.0797370672 0.717755795
    -0.474233329 -0.0424501002 -0.243451968 0.261162788 0.276313901
    0.415725648 0.467878938 0.549263239 0.617401481 -0.40127039
    0.958523333 0.800294161 0.0437883139 0.547780991 1.24197996
    0.179949701 0.842733741 0.0280971527 1.3457582 0.169018626
    0.95742625 0.0565974116 -0.103169948 1.31038499 0.40394187 0.4773283
    1.08137834 0.884108245 -0.0038112402 0.990778804 -0.0562450588
    -0.180186152 0.956603229 -0.0301410556 0.379038334 0.277285039
    1.2616446 1.17579198 0.73789227 0.863234997 0.211070389 0.989039302
    0.280477464 0.715294898 1.02918649 0.380068988 0.394226283
    0.257381856 1.20240498 0.800956786 0.504888058 0.448693931
    -0.280992776 -0.124457926 1.50296152 -0.139723957 0.0920201242
    0.62417376 0.0907543302 -0.0689683259 0.0984553695 1.06674635
    1.20211649 1.04853916 0.0515580177 0.317001641 0.832021713
    0.899215698 -0.103426993 0.7694754 0.203664064 1.01021147 1.15828621
    0.805624068 -0.3494488 0.743145227 1.2015847 -0.378460884 1.21848905
    0.754457951 0.246646821 1.02365375 1.1533767 -0.392827809
    0.555312335 0.946880758 1.18174815 1.05957842 -0.401309371
    0.774558485 -0.369004667 0.464450449 0.19777742 0.681077123
    0.18079412 -0.426666737 0.960272908 0.372046113 0.0465212464
    0.700093508 0.0945473909 1.14050984 1.30784273 0.501328588
    0.47174269 0.691928685 1.12212026 0.660988629 0.929789126 1.12404549
    0.126818061 0.155545294 1.31904733 0.455147207 0.625551999
    0.161908686 0.412063122 0.585208297 1.35938859 0.467749357
    0.50211072 1.49238849 0.228102654 -0.342502117 -0.0274797082
    0.433219612 0.431655586 -0.408449024 1.45834661 0.46724838
    0.978919625 0.0536930561 0.883702457 0.318803102 -0.157806993
    0.267529607 -0.0200642049 -0.335164905 1.00100482 1.16044974
    0.84934324 -0.242149606 -0.106225044 0.677444637 1.51958275
    -0.000575244427 -0.124761879 0.281897724 0.898479342 -0.26993084
    1.41074216 -0.194905281 -0.364547402 0.562433183 1.42952979
    -0.0910425186 1.02675128 -0.0729822218 -0.379573643 0.132042825
    0.477132708 -0.473709852 1.51672125 0.415032208 0.196359634
    0.250323415 1.47654247 0.303640962 0.0172879398 -0.401841462
    0.246171772 1.06669831 -0.209220558 -0.380134583 1.4295398
    0.0455269814 0.931089342 0.586102784 0.733989 -0.333881229
    0.556171536 0.0985206962 0.938632429 0.982365608 0.761098683
    1.22875965 0.411145389 0.0229161978 -0.0475938916 1.14859009
    1.28707075 -0.28345862 0.848333061 1.08429337 1.03200769 1.01416588
    1.1359179 1.22854459 0.484944761 -0.176033288 -0.291504562
    -0.180050433 1.31598878 0.602497578 0.976216793 0.546438038
    1.20590878 -0.403004408 -0.354092777 0.606237829 1.3256005 0.4884215
    0.398793101 0.692827165 1.35606766 1.33402133 1.49487531 0.798816025
    -0.0217311978 1.11728215 0.661220849 0.501776338 0.321611613
    -0.0170499384 0.872503161 -0.535742342 -0.388067126 1.12553096
    -0.223844856 0.0146229267 1.23304212 -0.50289005 1.09644699
    0.833262444 1.33722734 1.18793344 -0.180953681 0.61044085 1.12354827
    0.279597759 1.28619826 1.27401328 -0.282853752 1.38934803
    -0.357773423 -0.0783270299 0.385172427 -0.129719287 0.922581315
    -0.53890717 0.845396101 0.708082497 0.991767347 1.06315315
    -0.486216247 1.39714265 -0.347750068 0.90284431 0.647362113
    0.458172381 1.05883265 0.940244794 -0.138230771 1.27392507
    1.21387911 -0.071082741 0.0199024975 1.10163629 0.971625984
    -0.0143793225 -0.128590524 -0.0971739292 -0.400484592 -0.456239581
    0.393003345 0.115669072 0.290875316 0.0393025279 0.913395345
    1.35864758 0.662852705 -0.281750619 1.05804884 1.12020707
    0.434619725 1.0504415 -0.402017504 1.36076331 1.11564541
    -0.241602942 1.05824506 -0.361827999 1.23142123 0.365047574
    0.113533944 -0.401847243 -0.162678123 0.263037562 -0.127999187
    1.52154875 0.35816741 -0.403892815 0.2049312 1.29497504 0.825672925
    0.533953488 0.0716430545 1.28079319 -0.316003561 1.58964837
    -0.366422296 0.00144895911 0.165030986 -0.503053844 1.1188817
    -0.502138197 0.701041222 0.195098519 0.953324676 0.865174353
    -0.288595021 1.0846684 1.14855754 1.21129012 1.32361352 1.41987157
    0.530432105 0.483865559 1.23479939 0.301543951 0.939956307
    1.49237132 -0.378389239 0.347421169 0.885197103 0.402105093
    0.488585413 0.210640997 0.533287168 1.02128422 0.292428374 1.1946907
    0.220174849 0.692373931 1.21347678 0.732246399 0.586753726
    0.209315062 0.131774902 -0.177170306 1.05157316 0.100508422
    0.327627182 0.513607621 0.344271839 0.478768587 0.715600848
    -0.312697351 0.849658787 -0.0993126631 -0.171881914 0.787330091
    0.392698884 1.40790582 0.883912265 -0.0725465715 1.30433798
    -0.212674886 -0.269675046 1.0074904 -0.459319532 0.930644512
    0.627811432 0.333775759 0.68618077 1.18153572 0.962595344 0.21292001
    -0.309012502 0.948016763 1.40755987 0.0101878345 0.172734052
    0.0334446132 1.34474468 0.281971991 0.935135782 1.00078797
    0.106299728 -0.22237666 -0.0179533958 0.362746447 1.42847228
    1.07663393 0.379614234 1.27197862 0.882800937 0.774359822
    0.760224462 -0.346022248 0.845073223 0.407323837 1.04047024
    -0.173746556 -0.405721277 0.596497655 0.183906913 -0.150166035
    0.680074036 1.01692808 0.362903655 0.487209499 1.14620483
    -0.322073489 0.613447905 0.475405097 1.16608906 0.800255954
    -0.29913038 0.588580132 -0.336298198 0.655674219 -0.0977861583
    1.52353048 -0.258748978 0.472811937 0.743186712 1.28796697
    0.254429698 0.49732554 -0.360766262 1.21322036 0.987730622
    1.17788434 0.470066071 0.367971182 0.200738817 0.392252982 1.3994807
    0.0510476232 1.05111277 1.34745026 -0.173285097 -0.322604656
    1.47335005 0.103163064 -0.364056528 0.0222329497 0.591632128
    -0.265327096 0.777659118 0.379862964 1.01715946 0.64888835
    0.781724632 0.339243054 1.58723199 0.581015944 -0.148936778
    1.37869418 -0.280498147 0.778365731 1.25888324 0.979058325
    1.18650579 1.33521152 -0.00576257706 0.467911303 0.416530073
    1.38072538 1.05019426 -0.0817354321 0.143269718 -0.192080498
    0.189654619 0.647998631 1.42618561 1.46108651 0.63529861 0.865744114
    0.194952339 0.697695315 1.37067699 0.890780687 1.01129413 1.23426461
    0.645474195 1.17070079 0.769253075 1.18977916 0.0542661548
    0.502463281 0.66443038 -0.202785432 1.49112463 -0.144505501
    0.0445979238 0.482222199 0.591029882 0.217575967 0.87333566
    1.15511942 -0.09116292 0.877266407 1.26588082 0.600699186
    0.704649508 -0.217296928 1.2907511 0.839041531 1.03426945
    0.933927119 0.975926697 1.22418451 -0.348359585 -0.403860271
    1.45649433 -0.314144492 0.532191396 -0.139813006 0.0197303593
    0.129079908 -0.0762464702 1.3677659 1.17175865 1.32266498
    -0.205246001 0.257071853 1.50334406 1.38521147 0.520564854
    0.828878522 0.809002221 0.902705669 -0.345464945 1.15167809
    0.972773194 0.103390813 0.157196224 0.562734962 0.935317397
    0.457222641 1.09548044 0.579734266 0.586521685 -0.0447368622
    1.47747254 -0.185095161 0.0240553916 -0.0666718781 0.758170784
    1.10822594 1.22653222 1.44148004 -0.0675364137 0.24956876
    -0.0530323386 0.682291865 0.16258961 0.951383054 0.0200730562
    0.0760940313 1.48824537 -0.425163776 0.454956055 0.451314986
    -0.28782171 1.42441106 0.717905283 1.11632776 1.34651613 1.17399311
    0.610313416 0.542731225 1.18313718 -0.40610832 1.19272375 1.30864882
    -0.0935157835 -0.339589417 0.769194961 -0.133354992 -0.0564835072
    0.866001546 -0.0342363119 1.30395079 0.373554945 -0.314435065
    1.16579556 0.997244537 0.856685936 1.0504992 -0.0886088014
    -0.0114600956 0.181164652 0.0703741312 1.27610922 0.864043951
    -0.203553796 1.20702314 -0.0180707574 1.11647224 0.749020159
    0.998131096 -0.480320394 0.981396675 0.290984392 0.398122758
    -0.0860010386 0.505796194 0.558817327 0.659568369 1.38713026
    0.532537699 -0.118777126 1.06573415 0.791999102 -0.185052931
    0.242539912 0.784128606 -0.0307974219 0.781715751 0.282546729
    0.243345916 1.10608315 0.83075881 -0.134581596 0.513659239
    -0.368206412 0.587015152 -0.579277635 0.485335469 0.844628096
    0.398879766 0.31107229 0.16766873 -0.22368288 0.0988177359
    0.233673036 -0.382622033 -0.389260143 1.30659711 0.710567355
    1.24390876 0.708076835 -0.0171760917 0.678426743 0.279229134
    -0.346856028 0.994954169 -0.415320516 1.42286968 1.04177785
    -0.225856245 0.385492504 0.185880333 -0.127164572 0.317790508
    0.558008909 1.08043742 1.42948663 0.65762198 -0.167507455
    0.453177005 1.15753746 0.179207027 0.622851253 1.00792384 1.04986084
    0.567726851 1.40544176 0.122128189 1.32700062 -0.0370403528
    0.858480096 0.108900368 1.26556325 1.07668543 -0.514185786
    0.782265782 1.22631598 1.22520971 1.22393239 0.279228151
    -0.339024067 0.852570951 0.914224923 1.07834435 0.279365599
    0.955862999 -0.343545079 0.430898309 1.03906107 -0.309295118
    1.10514748 0.970762551 0.249642253 0.96183461 1.22045541 0.735165477
    0.923739672 0.778312445 1.48008382 0.741863966 0.0436794758
    0.199773341 1.30555558 -0.0592165291 -0.100644439 -0.225782216
    1.30273342 0.984854043 -0.349290073 -0.0624618828 0.21713987
    -0.426041782 0.5620296 1.2803396 -0.196942627 0.258588493
    -0.374145627 -0.402428538 1.1583159 0.51695168 0.158220947 1.1312108
    0.824987829 0.674207866 -0.344101191 1.25611269 0.0308170319
    0.255272567 0.245350093 -0.486622453 0.29637444 -0.0527727008
    0.513540208 -0.112036556 0.960852265 1.12952626 -0.414369524
    0.00125783682 0.688035607 0.700405955 -0.0877450109 1.23725748
    1.26232481 1.03283024 1.20937133 -0.15794006 1.00798059 0.407492757
    0.514665604 0.331953943 1.40199268 1.22604156 0.544074297
    0.612625182 1.1182065 1.18160677 1.27114677 0.437976301 0.189493477
    1.04846954 0.297272265 -0.412641943 0.418997705 -0.101300567
    0.00126576424 -0.217063934 1.60270739 0.0334087014 1.00203919
    -0.0756531954 1.52682519 -0.0844863057 1.02811313 1.21507716
    0.307700515 0.447311968 -0.457300156 0.0457808077 0.149453878
    -0.0193208456 1.40653729 -0.336789846 1.17769635 0.39938271
    -0.0561781526 0.954004884 0.156304419 0.554052889 1.14082134
    1.1200676 1.03625274 0.688388526 0.10233748 1.08612573 0.694207668
    0.285681248 0.153356016 0.396258026 1.07011521 0.54983604
    0.271641016 1.37137508 0.149649501 -0.229206383 0.399516284
    0.975809038 0.160518467 1.28075039 0.102558494 1.4044261 1.11661148
    0.888157189 0.0512966514 1.01217127 -0.017152071 1.09109581
    0.697880447 0.272492617 0.358747303 0.249374628 0.615098 0.991759241
    1.32722938 -0.22969082 0.0315587521 1.4397707 0.454596817 1.1011169
    0.808056951 0.946842194 0.255675286 -0.0405113995 -0.376980096
    0.258964539 0.123779863 0.795970321 0.26005888 0.949439466
    0.42160511 -0.127898082 -0.326724529 0.504073858 0.45253557
    0.943676353 -0.296474993 1.42633986 -0.351134896 0.118689477
    -0.161544919 1.16627216 0.659861565 -0.410306156 0.0520923138
    0.497117043 0.789019585 1.14711332 1.39283395 0.249658048
    0.798276544 -0.407024145 1.42538786 0.946273148 0.357095063
    0.586290717 -0.332257092 0.829863489 -0.439118505 1.4409318
    -0.0595440269 0.425957292 -0.0139540732 0.399104923 -0.125096381
    1.13718307 -0.406547457 0.980395854 0.750365794 0.715260983
    1.33931708 0.870761096 1.14024377 0.897641718 1.38052011 0.29302913
    1.30492377 0.330939174 1.22397041 0.0756496787 0.899767816
    1.15186489 0.226779193 1.61146712 -0.421487063 0.56331104
    -0.111714572 -0.211776942 0.185789913 1.07762718 0.666124701
    0.741049945 0.0326952934 0.964926839 -0.35831672 0.590568364
    -0.208172768 1.09430957 1.51831138 -0.316647321 -0.392939419
    1.53123522 -0.0586181581 -0.0273293257 1.01416123 -0.447668284
    0.197659791 0.635427237 0.0776329637 0.528221726 0.140036166
    1.09085977 -0.15566653 0.436027288 0.734490395 1.20952094 1.28119874
    0.520061374 1.13330841 0.0420412421 0.678114176 1.11658239
    0.507478237 0.13294071 -0.0981188118 -0.525675058 0.26883775
    1.15257096 0.0704237819 1.0424757 0.129523575 0.430181563 1.33802128
    -0.234558702 0.530303836 -0.473109215 1.03456211 0.505869448
    0.31796509 0.294958591 -0.286496729 -0.0465406179 1.02764487
    0.0954467654 0.287531197 -0.523857594 0.571829557 0.0684703588
    0.242950886 0.424519241 0.10035187 0.583892703 0.882034063
    -0.210991994 0.64301753 0.419973612 -0.347823262 1.17497945
    0.22603035 1.37031579 1.32105935 1.23317325 1.07967818 1.09493399
    0.678954601 0.248786688 0.675518036 -0.338637978 -0.0463531017
    -0.0422783792 0.347285509 -0.413899362 0.652813017 0.205146492
    0.120809317 0.207821548 -0.181825161 0.391430318 0.855834782
    0.877822101 0.211477518 0.713374138 0.20046556 -0.187088013
    1.34707308 -0.140330255 0.440790296 1.40286469 0.0467366576
    1.2018404 -0.250698835 0.910014093 0.598477006 1.30954194
    -0.264789462 -0.408517003 -0.132067114 1.51895273 -0.545011461
    1.24281859 0.293613791 0.101959646 0.858642638 0.0958346725
    -0.0552014112 1.30693865 0.593915284 1.31088531 -0.427009135
    0.362403333 0.847011328 0.490389884 0.903945982 1.43861961
    -0.382879138 -0.286506623 0.758269906 0.256073594 0.461244941
    0.0720227957 -0.0436536372 0.0343248248 1.05497313 -0.18673113
    0.0589337647 1.48959303 -0.296892285 0.564608216 -0.0488387644
    0.937125087 0.0413038731 1.27819705 1.09173381 0.235745549
    -0.201566428 0.322979927 -0.424544394 0.0716741085 -0.127507806
    0.149330527 0.42819649 -0.177787602 0.883899748 0.211242497
    1.47573936 -0.404392481 -0.0778920949 0.248951167 0.16610834
    1.42570269 -0.183407724 0.46473825 1.05500603 1.3360852 0.100431383
    1.03352904 0.198332191 0.379604578 0.328999639 0.427989066
    -0.0707787275 1.42802393 -0.353673577 1.49809861 0.617866516
    0.045008868 0.592280567 0.841943145 -0.4378739 0.577032983
    -0.37911272 0.817662776 -0.228624731 0.101388156 0.772442698
    0.380482495 -0.391960263 -0.297287285 0.271867305 0.309960008
    1.0102967 0.742384493 0.761794984 -0.390774578 -0.0128789842
    1.44488847 0.171179771 0.0791831017 0.110276997 0.833735585
    -0.390537053 0.210734516 0.841111898 1.30807352 0.784054399
    0.792025328 1.33193672 0.328618765 -0.115955234 0.466389507
    0.288796186 1.4963429 0.0369514823 0.225401163 -0.454076707
    0.502424479 0.786364615 0.754065037 1.06729031 -0.10110271
    1.04084826 0.516697645 1.07060122 1.04561734 -0.04622069
    -0.177942067 1.2226162 0.175434649 0.645298481 0.453162998
    -0.372882307 0.165089816 0.544723868 1.12859154 1.05915666
    0.0737056732 -0.447958827 0.550299823 0.775800109 0.955500603
    1.16127777 0.328754127 0.0206316113 1.0238483 1.36983466
    -0.366084427 1.06891394 0.422695875 0.18341893 0.285243869
    1.42011356 0.469553173 0.704078972 1.15171003 0.180145442 1.43400049
    1.1429162 0.649704337 -0.108110309 1.47220731 0.414648771
    0.439956516 -0.133997023 -0.205786079 0.104726315 1.3469646
    1.07966352 -0.466854334 0.579447389 0.370684266 0.52415365
    1.51179218 -0.129765838 0.94161588 1.20413351 0.548397183
    0.958718896 0.0726567507 -0.0948638916 1.36978412 -0.547817826
    1.06116748 0.0408269763 0.280555248 -0.351467311 0.937569618
    0.425300181 0.900547981 -0.434000671 0.796278059 1.10272539
    1.08859897 0.735420823 -0.138513297 0.491798043 1.0058105
    -0.0324801505 0.128225327 -0.226106107 0.911424279 1.21186161
    0.934921622 0.488120914 0.994809449 0.963360548 -0.000236392021
    1.47894204 -0.0187668204 0.113035679 0.93917793 0.553006768
    1.52334166 0.884968162 1.31382871 0.888417065 0.343208492
    0.742882371 1.04095602 -0.346481323 0.00436380506 1.11079335
    0.982918143 0.644293249 0.145749301 -0.00281041861 1.35075331
    0.0780463815 0.177713931 0.828185797 0.132818937 1.31822491
    1.04380608 -0.0773074329 0.486479402 -0.414995849 1.00620174
    -0.109245449 1.20140517 1.22472942 0.37873137 1.32067657
    -0.179598093 1.35906625 0.653819382 1.36952877 1.11569262 1.00347996
    1.36791515 0.700217128 0.299260736 0.664676964 1.29176998
    0.573331296 -0.519274533 0.40943706 0.203437328 1.0954721 1.35583198
    -0.124720007 0.458854198 0.759114563 0.716515839 1.36899078
    -0.442380458 0.221111 0.302427649 -0.200481385 -0.0291773081
    1.21344233 1.12322748 0.268224061 0.480659544 0.0437787175
    0.393645346 -0.0960635543 0.429603487 1.14216936 0.396977127
    1.01072061 0.73890245 0.141236603 0.844401956 0.526025176
    0.972117186 0.169928789 1.21121228 1.12877142 0.0879270434
    0.714208484 0.58000195 0.0207940042 0.366057068 -0.0125923157
    0.777010322 0.417546749 0.0882594883 0.11286065 0.575158179
    -0.077896595 -0.0685952902 1.06454778 1.21290255 0.605034888
    1.05251217 1.31010842 0.0943778157 -0.396824896 0.72935468
    -0.165217727 0.695741594 1.34166193 -0.10326159 -0.136824116
    0.890950799 -0.161732435 0.403772116 1.35676301 0.833853841
    -0.31109342 0.732827783 0.259410083 1.26296568 0.473854661
    1.30983043 0.680567503 1.10108733 0.678442419 0.988584578
    0.0423308611 0.429055244 -0.336138338 -0.35653919 1.42729211
    1.23959899 -0.144314319 1.52113557 0.107759714 -0.128435493
    1.23430538 1.22279477 0.936502099 0.688376784 0.734231114 1.38947451
    0.197163731 -0.0289941728 -0.0118291974 1.11271191 0.451610863
    -0.31428808 -0.0273757279 0.234273911 0.752260685 -0.0906140506
    0.748184264 -0.431972235 -0.0511770844 1.049528 -0.422193915
    -0.420505971 -0.0873274803 0.489392936 1.31220055 0.50293231
    -0.380943269 1.35719275 0.541249692 0.527182639 -0.29765439
    1.1456809 0.0834620893 0.812847912 -0.358672947 0.289080918
    0.361086726 -0.364352286 0.687931001 -0.47040844 -0.388948798
    0.994583666 0.707981229 0.297016144 -0.0727951527 1.47227776
    1.32395768 -0.109404773 1.54237223 0.00652104616 -0.394182444
    -0.164107352 0.909181237 0.0896904171 0.180227578 0.169882059
    0.726940572 1.09526968 -0.308553189 1.43419194 -0.312223673
    0.610474467 0.384345174 0.370356083 1.10683 1.1605885 0.175406754
    0.140277386 0.549924552 0.0164997578 -0.413418353 1.52214181
    1.05603945 -0.238347679 -0.412700862 1.15186822 0.431216598
    0.441195548 0.0435417891 0.405238628 1.16351175 1.34160781
    -0.105471015 0.683365345 1.30934393 1.3333292 0.825187624
    -0.108051568 -0.243348718 0.923030436 -0.263826251 -0.0479412973
    1.01247466 0.802847505 0.364992082 1.27255654 0.357948244
    0.639435768 0.489137113 1.33424568 0.803579926 0.509745598
    -0.173749804 1.32683194 1.19948244 -0.399737448 0.503036261
    1.31691098 1.18859053 1.25140154 0.211671531 0.666858435 0.110244095
    0.424653888 1.07749176 0.436013699 -0.0427348912 1.00901842
    0.575273573 0.417958617 0.757036507 -0.379468203 0.179155648
    0.96975708 1.30759573 0.198216558 1.4645884 0.596736014
    -0.0528639555 0.0342835784 -0.5266518 0.0965573192 0.157987714
    0.830127895 -0.149095982 -0.0226307809 -0.01014027 1.09307921
    -0.218464851 1.32298732 0.815048575 0.103818923 -0.013910085
    0.869350374 0.276554644 0.379822135 0.214918911 -0.379695415
    -0.094378531 0.931861997 1.41597188 1.17975378 0.625087857
    1.49815345 0.179632932 -0.48959282 0.796383858 0.380159438
    0.636906683 0.487418741 0.806484044 -0.32551527 -0.00339835882
    1.12748814 -0.0993692875 1.04375339 -0.180997819 0.822265625
    0.705404282 -0.0533688366 0.864888012 1.1520462 0.757382393
    0.892847776 0.230474234 1.03045607 0.118689597 -0.178075671
    -0.111961216 0.318458229 0.52722609 0.0389742255 0.778482974
    0.514329314 0.207281411 1.00251639 0.4342978 -0.176214397
    0.851952851 1.32826173 0.653099656 1.25142181 -0.179588303
    0.281800598 0.0506023467 -0.369525284 1.44446599 -0.508074105
    -0.28923741 -0.269355297 0.555077016 0.422272086 -0.549050093
    0.346736729 0.752580166 0.606075227 1.43275583 0.500980139
    -0.191824734 -0.115127683 1.36760402 0.00819516182 0.516795158
    -0.282707632 0.379838884 -0.297351807 0.41727069 1.22013152
    0.537141979 -0.3875314 1.13481271 0.56740129 1.31514001 1.05211282
    0.556033194 0.406037778 0.0581472516 1.46290874 1.38118243
    0.315569043 0.453555107 -0.100135744 -0.171131775 -0.375757337
    1.00822127 1.24871922 0.319566309 0.37106964 0.826821566
    -0.442708671 -0.0406634212 0.878608882 0.880615175 0.655963123
    0.388833582 0.87441957 -0.185839117 1.39354515 0.00255200267
    0.318681955 1.39089096 0.0849227905 0.342546761 0.409331262
    1.26303267 0.731930614 1.03545022 0.217986763 -0.00695335865
    0.655431211 0.0588264763 -0.167179242 0.799322665 1.36655247
    1.29364085 0.414535463 1.4145596 1.32113671 0.461590648 1.52554309
    -0.0628574491 1.17322683 1.17986977 1.1369828 1.49943233 0.763317347
    0.645121276 0.64721036 0.949978948 0.638984203 0.0848600864
    0.302079618 0.881812096 -0.251878023 0.951398313 -0.276915669
    0.608150125 1.2662251 -0.0876096189 -0.435017318 0.142517537
    0.0978351235 1.3395766 0.695162952 0.704400301 1.19021797
    0.631700993 1.10706508 0.753733397 1.3990469 1.40954864 -0.158889055
    0.0128761828 0.672993243 0.45266968 0.445573151 0.584024191
    1.01052785 -0.238040298 0.566886246 0.629036784 0.636341035
    1.16403842 0.269128501 0.655595243 0.981178164 0.83060956
    -0.427225053 1.26197195 0.42671603 -0.122807115 0.986273766
    0.103752732 0.0913643837 1.14404917 0.162798524 1.08819795
    0.290541559 0.602486789 0.581364751 0.636517525 0.81040746
    0.111760974 0.603104055 0.324904382 0.854744792 1.03522539
    0.655365288 0.677766144 1.34915924 0.806943059 0.451299846
    0.286877513 1.4162302 0.579478443 0.925206006 1.03318214 -0.21396476
    0.105738342 0.958765864 0.375949681 -0.533675373 1.02134705
    -0.468148828 0.869693696 0.28279537 -0.511082888 0.718845904
    -0.017860353 0.101923764 0.44088155 0.953336835 0.187783599
    0.344416261 -0.58497721 0.448805451 0.178120017 0.532492757
    1.46942091 -0.144652694 0.73758477 1.08306909 -0.354542613
    1.51418114 -0.356528878 0.239970624 0.779708147 0.260729104
    -0.0132533014 -0.325283527 0.974007249 -0.4153907 -0.144850641
    0.707461834 0.197098583 0.376789331 1.35454059 0.770271242
    -0.0351078808 -0.0101368427 1.2219007 1.33434153 -0.435091108
    -0.119521797 0.0933873951 1.12384009 1.20324874 -0.449124664
    1.07825637 0.584360659 0.050323993 0.168541163 0.843119919
    0.244853973 -0.398515671 0.148210913 -0.0851681232 1.070665
    0.94176501 -0.20459953 0.758129299 0.137684226 1.27272868
    -0.099275589 -0.236572385 -0.443618417 0.555599988 1.22127342
    -0.110506713 0.115222901 0.421244234 -0.0102007687 0.968867302
    -0.319066584 -0.349172205 0.0123942792 1.41902184 -0.514909208
    1.23438179 0.340996146 -0.228228897 -0.195539728 1.19361913
    0.92887795 0.0465585589 -0.470477968 1.079144 0.994649291
    0.404759824 1.42429459 -0.148999214 0.43361342 0.931532621
    1.22532678 0.539526343 0.660643816 -0.305035532 -0.142597586
    -0.0960725546 1.1093924 -0.138985246 -0.228800297 0.90631628
    0.803890765 1.04598165 -0.351750135 1.20384693 1.14157212
    0.484548688 0.661450744 0.952359021 0.0978505015 1.26360357
    -0.404118299 1.5556258 1.34529233 0.203216136 -0.440505713 1.4129169
    0.58965677 0.733391225 0.338364124 -0.265028328 0.865125954
    0.575048923 -0.132930338 -0.339528292 -0.517391026 0.645131409
    -0.200266778 1.14047623 -0.327434987 0.5457201 0.267887592
    -0.190406501 0.0824306011 1.11332083 0.186047614 1.39679909
    0.349861443 1.02977157 1.14712954 -0.324331939 0.444768935
    -0.387249529 0.37143749 0.244408548 1.14679515 1.41162312
    -0.320862979 0.402733445 0.995800912 -0.487286478 0.0023534894
    0.675483763 0.326938391 -0.204593629 1.1607728 0.010678947
    0.624415874 -0.338918269 0.809217274 -0.228975743 1.09675694
    0.707311928 1.45923626 -0.00819951296 -0.0349394381 -0.346113563
    1.42462611 0.279718637 -0.0662202835 0.343536735 0.988954723
    -0.197791874 0.387210727 0.985543847 0.133110821 -0.397279382
    -0.354423642 0.54120636 1.00107288 0.677353144 0.275832355
    0.187469482 -0.417917222 1.39566994 -0.496005684 0.128211915
    0.43366155 1.21762097 -0.485064924 1.41626012 0.610680699 1.18716276
    1.32159233 0.715237677 0.708206415 0.291171432 1.41768861
    0.635506511 0.954491258 -0.243040681 1.09865677 -0.403401852
    -0.383592129 0.940612614 -0.41655907 0.266041875 0.136261344
    0.696899056 0.173292458 0.956781387 1.17448425 0.349988461
    1.02073455 -0.385834485 1.30996048 -0.451066017 1.30252552
    0.149715722 0.468477368 1.27358031 0.411701679 0.821934819
    -0.451592475 0.748372853 0.0418631434 0.773316503 1.19174647
    0.917125523 -0.244151145 0.555121481 0.30045712 0.21160087
    0.295753598 -0.303693533 1.27318108 0.639320791 0.308181286
    0.590254664 0.625061929 0.12395978 0.874340415 1.15967095
    0.719385207 -0.267227083 -0.341462493 -0.339291096 0.788845539
    1.06289816 1.16545033 0.0730916262 1.41983414 -0.243376255
    0.0998283029 0.708322406 1.16217685 0.745972812 0.638174474
    0.755813301 -0.396684438 0.209634244 1.42015362 0.0594176054
    0.767734706 -0.222345263 0.85213542 -0.480083883 0.543290555
    1.27519298 0.91651696 1.27114713 -0.161346048 1.52707648
    -0.508176625 1.00558817 0.248777688 -0.403234959 1.1512171 0.7451123
    0.568281829 -0.380253762 0.760955453 1.46944022 -0.00681829453
    1.36343646 0.0773590207 -0.0265292823 0.00810346007 -0.187367007
    0.745362163 1.04398572 1.25037503 0.0801560879 1.07413602
    0.111921132 0.934699118 1.36831069 -0.22384204 1.02477169
    -0.397209287 1.38402319 -0.00691711903 -0.311701745 -0.322530568
    0.213864386 1.44214582 -0.0101762414 -0.137033403 1.29144681
    0.454146624 -0.127789229 1.36864221 1.3605963 -0.108628809
    1.38518667 -0.187856585 1.16699076 -0.312299162 0.744312167
    0.611356258 1.49839306 -0.124942005 0.302028269 -0.117520094
    0.105865568 0.407304287 1.25818789 0.0723801851 0.367608279
    0.662513733 1.05117869 0.578143239 -0.221544027 1.62002718
    -0.125442564 1.10921967 -0.449137002 0.5343768 1.41125023 1.47469473
    0.946141243 1.15353441 0.335159183 0.612293124 0.866606593
    0.436799884 0.807815194 0.822413206 0.612671852 0.484921813
    0.515877008 0.156870067 1.32597721 1.40816295 0.172976136
    0.857641339 0.715427876 0.0134632587 1.2918663 0.604335606
    0.544521511 1.21255088 0.944595516 1.05978787 0.8196069 1.18429208
    0.792179048 -0.0368254781 0.265349984 -0.026411742 0.560272098
    -0.249671102 1.44055319 0.305288255 0.214005828 0.195616513
    0.577887654 0.144449383 0.359126508 0.615627289 1.19023752
    1.48285627 -0.408257782 0.321287632 0.746135592 0.696626067
    0.961817384 1.08350182 -0.41843918 0.734460354 0.641687274
    0.599500179 0.21411854 0.461654484 0.710276425 -0.180252433
    0.373656034 0.775772452 0.979554772 0.997550249 0.233076632
    0.404846132 -0.0416437984 0.404677272 1.34296572 1.01295996
    -0.117402405 1.07685065 0.450862706 1.25231647 0.894324839
    1.40475667 0.621383667 -0.11985293 -0.00650212169 1.39170909
    -0.152057469 -0.22570771 1.29235864 -0.251638532 -0.24798426
    -0.247714937 1.24718976 -0.250170887 0.734219491 0.467297852
    0.299818814 0.796655059 0.167727828 0.0460080504 0.985882103
    0.462236822 0.560003757 -0.0157360137 1.2393409 -0.429711252
    -0.237887681 0.95196116 0.914500952 0.290287286 0.665415108
    1.5144031 1.3780489 -0.42055425 0.705330789 1.01166975 1.21127689
    -0.000393509865 0.667243004 0.870710135 1.05285716 0.799452543
    0.293049335 -0.233350128 0.160727829 -0.334105551 0.7984671
    0.00543415546 1.03876281 -0.343622565 1.53661132 -0.339685947
    1.0152297 0.219017386 1.02100992 0.0889933109 1.34375024 1.04794288
    1.02829337 0.59866935 0.913079262 -0.413471878 1.30794573
    0.432381034 0.528115869 0.900015831 -0.0409324467 -0.196046263
    -0.0977606475 0.61149925 1.17663813 1.13244534 0.761542261
    -0.324380726 0.618298113 0.727688491 1.47047234 0.536979318
    0.0887406766 1.24827671 0.379452676 -0.0239790976 0.265066296
    -0.218937546 1.11679769 -0.31136477 0.00263625383 1.16936922
    -0.305428386 0.878737271 0.122934192 0.0522939861 1.1613369
    0.650208473 -0.243132979 -0.401631653 -0.209788471 0.00598531961
    1.52444804 -0.270044774 0.281034231 1.35418653 -0.384219825
    1.30804586 1.23858488 1.17864347 1.40174603 0.834157467 1.20675707
    1.27246714 0.434614778 1.33511233 0.812629044 1.37957072 0.215729654
    0.947644234 -0.140412837 0.367105424 -0.384614497 0.72405678
    0.418194115 0.467030466 1.04349935 0.77198261 0.239611149
    0.324561447 0.243586838 1.08050394 1.08816934 -0.0847955346
    1.1676861 0.444232702 0.363828421 1.28197622 0.588852763 -0.22931923
    -0.00207805634 0.767075121 1.0124166 -0.351779312 1.36353254
    -0.601260066 1.24816465 0.449823052 0.365925729 0.47279045
    -0.463521481 0.970706105 1.04143393 1.3982985 0.654281676
    -0.213578701 1.23030043 1.21267438 0.864644885 0.179211557
    1.31211448 0.202851534 -0.248430878 1.07046866 0.670006871
    0.473743618 0.11892572 -0.190365613 1.3100636 1.17571306
    -0.0370708704 0.427718163 -0.0765914321 1.52557755 0.237420022
    -0.214552537 0.654984057 0.506453395 -0.182262138 0.405413598
    0.944738507 -0.432034671 0.135100275 -0.216155231 -0.263108194
    -0.420577288 0.250315666 0.903229654 -0.283312649 -0.535035372
    0.0790798664 -0.165581912 0.279542029 1.24816108 0.613517165
    0.0855143666 0.336448312 0.483956158 0.412447333 0.688537776
    1.37299907 0.700559914 1.11702132 -0.461773068 1.31922483 1.24235487
    0.657402039 0.934413016 1.36053824 1.24066162 -0.489775717 1.2606709
    -0.26671809 0.816113651 0.849098623 -0.275982559 1.17363644
    0.286436439 1.19684172 -0.165664583 0.132118404 0.631547272
    0.471824825 1.34134531 -0.112181515 0.945091248 -0.228741258
    0.00335985422 -0.307864577 0.867864788 1.39221025 0.555825233
    0.57811588 1.37780631 0.360551775 0.251494884 0.686849535 1.25543869
    -0.398020208 1.21761787 1.35923052 0.351180673 0.518862605
    0.798160553 0.824398994 0.255717486 0.51068449 0.348031044
    -0.0584565401 1.18109238 -0.344515443 -0.0705230534 1.13776946
    0.390413046 0.826116025 0.824433088 0.31422317 0.9703089 0.637405455
    0.471050739 0.014385581 -0.239820242 0.621545136 0.691427708
    0.898527682 -0.123320758 0.749048471 1.07827806 0.901831269
    0.0764458179 1.28584254 -0.370162964 1.31246936 0.575485528
    0.899589419 -0.0174526572 0.0507916808 0.879422128 1.43395329
    0.127207577 0.330437541 -0.297206342 -0.215998396 -0.14916949
    0.0201079249 0.839414954 0.681785822 0.609118402 1.13471711
    -0.473034173 -0.0250513554 0.192838848 -0.391574174 0.818158507
    0.542911947 -0.383623928 0.495048523 1.18956757 -0.406376928
    1.02609646 0.581816018 1.06219339 -0.155867964 -0.298359245
    0.464324117 1.04281759 1.20034933 0.722020268 0.785324633
    0.549349546 1.25881946 -0.116885483 1.3865633 -0.167099416
    -0.325976521 0.367519677 0.707021356 0.513346732 -0.108442247
    0.785973132 1.1936394 0.579959333 0.987554252 -0.23683542
    0.226545393 -0.0242583156 0.0829495788 -0.0919865966 1.3251003
    1.18666887 -0.25048247 0.565979362 0.53218925 0.660999835
    -0.433681577 0.267345548 0.376623988 1.18141484 1.6391716
    -0.455705315 0.279841036 0.709055901 0.422505617 0.408844411
    1.13973975 0.976902246 0.713209867 -0.587300956 1.17218947
    0.398355067 1.06398952 0.160111547 1.25312114 0.278505027
    0.570101321 1.39559329 1.21552813 -0.0582661629 1.01644087
    1.15319633 0.0303331614 0.64868927 0.903102517 1.15315819 0.77562207
    0.306953609 -0.0460548401 0.689036429 -0.286280334 0.869728506
    -0.357186377 1.41876578 0.189568996 -0.513967276 0.784792364
    0.161142588 1.03958797 -0.0127943754 0.631544709 0.673967123
    0.259306371 0.738376856 0.588872612 0.18433249 1.01815343
    -0.562496543 1.05091369 -0.393275559 1.17404461 0.709518135
    0.679785609 1.51630318 -0.420947224 0.395008892 -0.0425409377
    0.943990171 0.410100579 0.770722926 0.894324481 0.403824985
    1.30709004 0.927052557 -0.145882577 0.026717186 0.738933802
    0.0304711461 1.40213633 -0.113824904 0.379624546 0.247322142
    1.10179067 1.26733685 -0.193799078 -0.0937510431 -0.418186545
    0.899967551 0.989711702 0.654990733 0.120907485 -0.123221695
    -0.0643822849 0.18896386 0.592833996 0.520311773 1.1768322
    -0.0776488185 -0.154621422 1.04575491 0.418818831 0.820053875
    1.15356684 0.341456771 -0.17769964 1.42334414 0.219262838
    0.849815011 0.423858494 -0.520106137 1.31990743 1.10552883
    0.951781511 1.26161397 0.0296790004 1.06563854 1.3593092 1.10170174
    1.01654267 0.14801836 0.469705164 0.928011239 -0.315677077
    1.12122595 1.33408058 0.403382361 1.37055969 0.135607064 0.417939186
    0.227066457 0.358050644 0.546053052 -0.0167595148 0.41039443
    0.313034594 1.20695913 0.0306113362 -0.213633716 0.486488223
    -0.166784763 0.802334309 0.96894002 0.724464476 0.6380862
    0.126242936 1.01960802 0.995467186 0.0981830359 1.35678458
    0.245055318 1.27829528 -0.125486463 -0.0474355221 -0.289959788
    0.366768241 0.523563027 0.284926713 -0.319772124 -0.113837689
    0.49112916 0.337218225 0.156377375 -0.306500971 -0.308340758
    1.00493276 0.510484993 1.2290349 0.426137388 -0.479836822 1.52873147
    0.333666414 -0.201685086 -0.0846373737 0.532022119 0.622495651
    0.153120756 0.00922846794 -0.0918821692 1.27255404 1.2504735
    0.436308801 -0.146559477 1.05211711 0.901721656 0.577728689
    -0.104101002 0.548959315 0.445109785 1.33814955 0.0528070927
    0.889199078 1.24584281 0.44152683 0.635831475 0.555839717
    -0.328166068 0.0709072053 -0.27335909 -0.437408149 1.39250565
    0.655362308 1.25520563 -0.294899285 0.627955258 1.11742067
    0.450018823 0.612703264 -0.429657102 1.40506029 0.672079086
    0.479715914 0.815388918 -0.275776356 -0.0488221943 1.28613329
    0.0294530988 -0.348447949 1.32852745 1.43273222 1.00874853
    0.873857021 0.714301586 0.930411041 0.100759685 -0.0660067201
    0.751219392 -0.129110515 0.207741827 -0.190383404 -0.0548304021
    1.41927314 -0.445897281 0.239731669 1.19389844 0.531955719
    0.333365619 0.103888571 -0.119565666 0.252846748 -0.0633056164
    0.267195731 -0.0564980805 0.456633717 0.567993343 0.27789408
    0.917651951 -0.183678597 0.928196013 0.887031972 0.346335888
    -0.394035518 0.814412951 1.11813569 0.831277132 1.2145015
    -0.0203411579 0.485057771 0.270336449 0.54984051 1.45540667
    -0.0883665681 1.43268728 -0.283652902 1.03519559 0.610783458
    -0.0565706193 1.19763601 0.58372879 0.385586262 -0.220199943
    1.00938034 1.29370284 0.868243098 0.967998326 0.424824715 1.05068517
    0.773940325 0.99645853 -0.471207887 -0.222923607 0.784314096
    1.12187064 1.04903579 0.83173722 1.11354852 -0.406636149 1.3468765
    0.206726313 1.11671603 0.878858447 0.177661002 0.523547471
    0.923733354 -0.501094699 0.966204643 0.222351462 1.31216526
    0.782232285 0.135908842 -0.341434121 0.189682007 1.29739547
    1.13139606 0.475209415 0.251089454 0.937538803 1.28425384 1.02584052
    0.33189255 -0.211434901 0.428837836 0.927786827 0.638892055
    1.12543631 1.02807331 0.640007436 0.939891815 -0.306699097
    -0.209450215 0.940224051 0.124400198 1.52366614 0.100079209
    -0.295979917 1.4058373 -0.320229679 1.14939511 0.466305673
    0.940192223 0.424890339 -0.244530439 1.16690147 0.572709858
    1.32525396 0.954465687 -0.309773564 -0.17120634 0.904420018
    -0.193754315 0.150675237 0.641505182 0.321578711 0.591076612
    -0.274421811 1.29430866 0.743397653 0.701885402 0.0817096829
    0.600990355 1.2451551 -0.181301713 0.161727309 1.39856672 1.28233147
    0.798817992 0.765275002 0.0750645399 -0.194224387 0.625323176
    0.293709159 -0.134685174 -0.265719712 -0.057695955 -0.342215419
    0.936301529 1.22483051 1.31311727 0.418896437 0.93099159
    -0.0477972031 1.40016985 0.10485363 0.35756135 0.836532116
    -0.208791852 1.44578171 1.2020936 1.05077612 1.24368882 -0.103957891
    0.0530753136 0.306967318 0.51137054 1.36650109 0.211858332
    -0.371873975 -0.394489497 0.496784538 0.641599357 0.171618879
    1.31210089 0.527581155 -0.113759577 0.0760489106 0.579218268
    0.172608554 0.114738077 1.51718366 -0.078148365 0.783537924
    -0.0942281783 -0.329667151 0.791006148 0.874894917 1.26526797
    0.844433546 0.303719819 0.0635364652 0.681615949 1.07066512
    0.0540032685 -0.389340818 0.414627403 1.2941587 0.735258341
    0.363544405 1.18182373 0.909316838 1.1646601 -0.398576796
    -0.439953506 1.07896638 0.316780031 0.0146537423 -0.261106908
    0.464927912 0.163526833 -0.228907585 0.456920952 -0.228769079
    0.535717368 0.3872118 -0.0815788507 0.80659914 0.405846238
    0.956631362 0.0929465294 0.372067094 0.840892494 1.1459496
    0.162615597 -0.0821069777 1.37183905 -0.130367607 0.117028773
    1.25915492 0.30457297 -0.397622108 0.718339443 0.289878875
    -0.376732975 -0.397368431 0.607040882 1.08222306 0.815845907
    0.610415578 0.0299460292 0.238289237 0.0683189034 0.422386408
    0.595518649 -0.342463195 0.826365769 0.297599077 0.100073725
    -0.326384008 -0.271365941 0.832558453 0.8272717 0.469891846
    -0.371706069 0.802909732 0.959585607 0.900209248 -0.185189873
    0.208937734 -0.309167683 -0.115810454 1.41633153 0.581660032
    1.4222244 0.060439378 0.700044453 0.882006645 0.359126836
    -0.0648423433 1.38478673 0.955679297 1.20925665 0.0202541947
    0.543818891 -0.00597947836 1.23118472 0.557845354 0.324039042
    -0.440878898 0.148689985 0.406242758 0.143238485 0.78609246
    1.31545722 -0.24529162 0.652056873 0.13574791 0.652682364
    -0.0814063549 1.31305289 -0.403096646 1.37318897 -0.360133171
    -0.382145733 -0.164472446 1.55456686 0.13486886 0.0873445868
    0.317820728 -0.393255442 -0.162185907 -0.00828999281 0.638515413
    1.11367142 0.261625886 1.18286443 0.644932389 0.310571015
    0.369579911 1.16458249 1.25469017 0.713608325 0.291410387
    0.549515069 1.26425171 1.07724094 1.14345741 0.762777567 0.363015234
    1.14524555 -0.303467155 -0.324316859 0.897189915 1.22307181
    0.454365909 0.857551932 -0.264399081 -0.366795778 1.2624352
    -0.216987103 -0.0184627175 1.39498496 0.521323919 0.048576355
    -0.344967544 0.844336569 0.333656371 -0.258752942 0.480244637
    0.422750443 0.509888768 1.01184964 0.942495406 1.26084363 1.42411637
    -0.599220634 1.09702206 1.50396585 -0.332552373 0.0824049711
    1.12732661 0.563629568 1.23471808 0.094868958 -0.266296268
    0.213720739 -0.221164182 1.18740726 -0.0875793397 -0.11654979
    -0.110722184 0.590516627 0.726929665 0.478389144 1.31382799
    1.04774201 -0.296592116 0.821741045 0.135786325 0.89544034
    0.529670596 0.0677365065 0.389445961 1.18962431 -0.0483860672
    -0.194372356 -0.297320187 1.34926617 1.27640629 0.731361628
    1.05858111 0.176916242 0.517250657 -0.0865372121 -0.232529894
    0.817204714 0.888795435 0.901138008 0.993863463 0.687105894
    0.993841052 -0.294204772 0.312382549 0.538720965 1.23011792
    0.837794304 0.92148602 0.822250128 -0.0932402015 -0.0946432948
    1.38301075 1.0802263 0.693006694 0.776021421 -0.178537428
    0.502718031 0.155639052 -0.410586536 1.23327398 1.06980515
    -0.0603734851 0.947229564 1.07443929 -0.15679571 0.423616171
    0.648719072 -0.264500558 0.171519965 0.478248 0.761622906
    0.643774927 -0.267523199 0.322448134 0.599378705 1.47316384
    -0.149808615 0.106619656 1.32885337 1.15303349 0.526560664
    0.660103679 -0.0595422387 1.49388516 0.987880945 0.0356649458
    -0.00281637907 -0.248132467 0.908853471 -0.440575689 1.00424218
    0.509164512 -0.0843088627 0.285816908 0.0513072014 0.18612802
    0.948891521 1.3661859 0.527319849 0.507160187 1.25424671 0.828352869
    0.556898475 0.427763641 0.630248129 0.132810026 0.634865403
    -0.370393395 -0.16920042 0.628399193 1.43905354 0.45504576
    0.072986275 0.115835875 0.578320384 1.00369215 0.576368928
    0.336619765 0.324814856 0.97015965 0.570185483 -0.232842192
    -0.0929782987 0.525204897 0.416174889 1.28205085 1.32525599
    0.986896396 -0.445676476 1.20298409 1.29902077 -0.133674175
    0.8786605 -0.112068444 -0.333265543 1.16915917 -0.388475388
    -0.00114703178 -0.0987375975 1.06244469 1.29359043 1.29338884
    0.0806643963 1.08446765 1.30209637 0.862784684 0.85510844
    0.950097144 0.488087535 0.449323177 0.258619308 0.337831676
    0.92159456 1.46289313 0.150995553 0.930179596 -0.0893748403
    0.563595891 1.3955431 1.01489818 0.131012768 -0.114797503
    0.607968688 0.432604194 -0.270792991 0.837663531 -0.130987138
    1.4675076 0.215169668 -0.13850531 0.063538909 -0.427258968
    1.24484229 -0.137919247 1.08598173 -0.197419077 0.0697263479
    0.97307688 -0.519913733 0.7179901 1.02237296 0.948468328 0.216947377
    0.678250015 1.33354688 1.01610398 0.874879599 1.42012894
    -0.477304608 0.509416521 1.28975236 0.866555691 0.929650664
    0.749391913 0.164689749 1.08213103 -0.372300863 0.706253827
    1.15453744 0.794027686 -0.00492751598 1.14322555 0.0902571678
    -0.0502166748 1.42663121 -0.46770674 1.24451578 1.17886257
    0.558255136 0.926217318 0.11348033 0.554175019 0.0630011857
    0.173949063 0.442013979 1.37319469 0.685297787 -0.18522352
    0.204275131 0.77385819 1.13021398 1.27516448 -0.603540063 1.1810472
    1.34878898 0.28590554 0.233415067 -0.21097219 0.821122229
    0.974213243 0.707935035 0.594398081 0.479455233 0.970790863
    0.413034201 0.844912767 0.0740786195 0.739170849 0.433183908
    0.489874542 0.490071833 -0.246261358 0.13257131 0.661693275
    1.38474417 0.794977367 0.744440198 -0.436798275 -0.168750077
    -0.201536238 -0.373479605 0.738913476 -0.279397517 -0.236395419
    0.247616947 1.51350236 0.144569814 1.19189835 0.286611915 1.34753609
    0.473999441 0.134099633 0.411029965 1.65084994 0.332879394
    -0.17006436 0.375666738 0.502035201 1.20590568 0.520172 1.05811381
    -0.548963845 0.136975646 0.225391209 1.03396499 0.219202965
    -0.368124217 -0.0677440464 0.329054445 -0.345309407 0.795360386
    0.0268397927 1.44262719 0.875888288 0.207286954 -0.379557252
    -0.277858257 0.73171252 0.092112422 0.607242763 -0.265817225
    -0.137944996 1.36875033 0.932381392 -0.446717888 -0.46598798
    0.353865921 0.186081499 0.0440553725 -0.135200918 -0.0138345361
    0.210274458 0.0556438863 0.295651644 -0.136145711 -0.273203045
    0.709166288 1.31280613 -0.46034947 1.08333111 0.479954958
    0.326400578 -0.41059652 0.0149612427 -0.362629384 1.05713189
    0.12112534 1.12139928 1.269943 -0.536935031 -0.378196776 0.357266188
    -0.0332701504 -0.124635786 0.91987884 -0.495576262 1.36763251
    0.714776099 -0.420103252 -0.0494976938 0.401537776 1.3764205
    0.844986022 0.121065199 0.946442723 0.879233778 0.497539341
    -0.240118176 0.321953326 -0.218743652 -0.444832146 1.42446756
    0.976598084 0.173450172 1.23007607 -0.41170615 1.44088888
    0.529594421 1.40212798 0.373131394 1.27536905 0.834803343
    0.635534704 0.737855017 0.113586247 -0.307294339 -0.059949398
    1.4063313 -0.42747438 0.720766962 0.309702486 0.423307151
    0.139789402 0.888210833 -0.0134170055 1.25637746 1.18360066
    -0.0201592743 0.012155354 0.207472414 1.26020658 -0.0400990844
    0.724928081 -0.201754674 0.393210262 0.406874895 0.110687613
    1.00945175 1.1519841 -0.471136779 1.18674195 0.333740234
    -0.118063033 1.47476292 0.522837639 1.18338907 0.231215477
    -0.2299321 0.925470829 1.32971144 1.45508575 -0.385564178
    0.0780778527 1.40196419 1.06374955 -0.158729047 0.339656174
    0.846811295 0.0856123567 0.619131327 1.33326626 0.289421976
    -0.173644245 1.0778091 0.918036103 0.711666584 1.07487535 1.11384678
    0.505319476 -0.0775793791 0.647305489 0.635437429 0.610435367
    0.0312504768 0.85513103 0.0217709541 0.992573142 -0.386685699
    1.37730241 1.18382919 0.909737229 -0.00424450636 0.574235022
    -0.420690566 -0.234160781 1.43180573 0.629277647 0.207243145
    -0.164184898 1.45740986 0.976814985 0.868712902 1.22054863
    0.772160888 0.314103246 -0.00269210339 0.865695417 0.425989091
    0.273666799 1.43049145 0.665803492 0.212150633 1.07736683
    0.597512424 1.26332951 -0.267487228 0.48906517 0.0474417806
    0.968570054 -0.387852222 0.0904395878 -0.32142961 0.941501141
    1.11968422 1.32576203 0.443711162 -0.132206172 0.17943421
    -0.0712178051 0.70407033 0.849179506 0.602421522 -0.16735369
    1.3461113 -0.212705076 -0.201125741 0.172932357 1.03430974
    -0.183447689 0.295607746 0.762361169 0.823481441 -0.474547863
    1.39940977 -0.000194430351 0.357879221 0.462231219 1.19829893
    -0.203337163 0.299936175 0.587879658 0.818431973 0.513780475
    0.456954539 1.2161113 1.09796286 0.824407279 0.278905869 0.47496444
    -0.143263847 0.910086691 0.061216116 0.380653799 1.19090199
    0.570912421 -0.191857308 1.44502354 0.373147607 1.10188079
    -0.146828622 1.05068576 0.456845641 -0.00780397654 1.30370545
    0.171599329 0.373133719 1.01285744 1.08079982 1.43632555
    -0.392300934 1.47237861 -0.0366926193 -0.525866151 1.26226413
    0.921795011 1.01995111 -0.370989203 0.577419341 -0.320927024
    0.124402314 -0.393296093 1.24393141 1.11219406 0.992095172
    0.630309224 0.35581851 0.0293388963 1.35676789 0.870702446
    1.42202616 0.446788132 0.331825137 0.881077111 -0.142856508
    0.484042883 0.183265448 -0.379305601 0.108234644 1.16655779
    0.968571484 -0.162571341 0.931110561 1.3719523 0.34697026
    0.593119502 0.903272212 1.33948874 -0.0786200464 1.02562785
    -0.39440608 0.4377186 1.4873395 1.28025818 -0.123229831 -0.206569433
    0.831808269 0.868852496 0.897335768 0.213101655 0.132683963
    1.04855454 0.0703282356 0.580013335 0.907212913 -0.556322575
    0.901948094 0.388670862 1.12943053 0.906965137 1.21285665
    0.801778495 1.41177225 1.24393237 -0.557596624 -0.252139509
    1.40546489 0.961558878 1.22427309 1.04508662 0.644904971 1.46038485
    -0.395768195 0.626256347 1.34606481 1.07260621 1.23422599
    0.0435703993 1.08779788 -0.424947947 0.913389981 0.650177836
    1.35985589 -0.522554517 0.418950319 0.742071569 0.837055922
    0.0154812932 0.728890777 0.263750851 0.617016435 1.35420346
    0.743383408 0.721966028 0.563737631 -0.403106123 0.479191363
    -0.45349732 1.28700018 0.62121129 0.111347198 -0.140700191
    0.901026785 0.168056846 -0.394477963 1.43298149 0.85406208
    0.701484203 0.455590963 0.0526265204 0.427677512 0.71069473
    0.565749168 -0.239835411 0.280080497 0.939140201 -0.379954696
    1.06249022 -0.194280893 0.53732419 0.255656779 -0.0626544058
    0.686361432 0.975285709 0.10219872 0.0143078566 0.365412146
    0.421585679 1.35903883 -0.122364491 -0.0265246928 0.340583265
    0.72138679 1.2422719 -0.292989016 1.46232164 -0.142038584
    -0.40476501 1.07016671 -0.110326141 0.181775093 0.584362447
    -0.398922741 1.46492958 0.875812709 -0.379854739 1.54298854
    -0.26376158 0.486073852 1.49290311 -0.0462775826 0.362004638
    1.03472042 -0.113572121 -0.326275021 -0.22114338 1.22256851
    1.12999439 0.831548929 1.11294186 0.617252052 0.940333068
    0.805293679 0.269210815 0.342052162 0.828933895 0.454275787
    1.01565158 0.157919168 0.749620378 1.26897478 -0.166164845
    -0.0721395612 1.40378904 0.371629715 1.10229731 0.445614278
    -0.19212091 0.596605539 1.29969335 1.2378695 0.599205971 0.857097685
    0.00680881739 0.970306575 0.0737207532 -0.405963302 0.472821712
    0.955616117 0.601689637 0.798977852 -0.264743745 1.14483047
    0.144499511 0.679759145 0.33892554 0.259675562 1.21343517 0.43429336
    -0.304698497 0.73244524 1.00105977 0.167863786 0.712344646
    0.0245198309 0.208081603 1.43185091 0.182931185 0.386986732
    1.18009233 0.376408517 1.46836376 0.928041577 0.846079111
    0.0498436689 0.597094774 0.504649282 -0.481866211 1.48437035
    -0.0637086928 -0.138975382 0.586086273 1.08668375 0.200325012
    0.910856545 -0.038625896 1.08798432 0.369222432 0.166187376
    -0.213987574 1.31054699 -0.427619398 0.682933331 1.04810619
    0.729203582 -0.0711938143 -0.0750032365 0.651185274 1.37519419
    0.466974139 0.331910014 0.416114688 0.184276402 0.170746654
    0.740928948 1.06831241 0.0535001159 -0.227539852 0.427976519
    -0.183949023 1.33562768 1.39098382 0.289929509 0.637106597
    0.014996171 0.338533223 -0.0127376914 -0.372827649 1.33072901
    0.770322382 1.03557658 -0.533106446 0.643254101 0.0761250556
    -0.3063429 0.382029533 0.707050145 0.518187642 0.684403181
    1.32521284 -0.539786994 0.51114136 1.0708164 1.09024584 0.69611603
    0.364401042 -0.293319464 0.269030392 0.0666769147 1.39296222
    -0.502978861 1.14465022 1.22064173 1.17466784 0.657550633
    -0.522174954 0.868106604 1.01200926 1.17990518 -0.256418854
    0.315714478 -0.148756295 -0.14356041 0.393828213 0.855027437
    0.235278249 0.873144567 -0.145285279 -0.352596551 1.27045107
    1.25057626 -0.107086778 0.652073324 0.269789696 -0.355200559
    -0.299541831 1.3772763 0.807150126 1.06174767 0.979360282 1.31544709
    0.961024284 -0.0614757538 0.764193594 0.292442024 -0.325505883
    1.02029657 0.0809867978 -0.334691405 0.18636176 1.18578553
    1.04447067 1.02695727 0.85002476 0.203933716 0.250095308
    -0.175443172 0.593361139 0.381821811 0.157084465 0.364699066
    0.78323257 1.30917811 0.101234794 -0.530409336 1.26758075
    0.843528509 0.131255209 -0.330197275 1.23270619 0.0863870382
    1.34348571 0.518425882 0.477448583 0.742727637 0.368264556
    0.309458613 0.144266188 0.421750844 0.436115742 0.312570393
    0.185976267 1.18501973 0.847113013 -0.201383531 -0.0223933458
    -0.0668582916 0.570608258 1.46103871 1.09182954 0.403194487
    -0.152213663 0.314252526 -0.156975046 -0.130054459 0.222543716
    0.270258129 1.39872742 1.2209723 0.0839758515 1.09443927 0.789036095
    0.43573904 1.25775504 -0.245129168 0.542028189 0.106484264
    0.284098089 0.25067693 1.11749172 1.0375905 1.42483711 0.250326693
    -0.268401325 -0.275695562 0.868132949 -0.19589144 -0.0652669966
    0.574173212 0.926434755 -0.390764862 0.482566059 1.26174879
    0.487683058 1.00481725 0.937959075 -0.161602825 0.00446105003
    -0.318326265 0.87786448 0.325929284 0.349995613 0.115187645
    0.525016069 0.40805611 0.428153783 -0.313885927 0.999364376
    0.111354262 0.339706928 0.766533732 -0.103416532 0.0724077821
    0.314884186 -0.584314287 1.27730465 0.707569242 -0.262211353
    0.46518147 0.166281581 0.0177559853 0.607088447 -0.0526740551
    1.00145733 1.13316 0.996015251 0.271558464 1.28075933 -0.296875507
    0.832840919 1.02261531 0.461708844 0.765188038 -0.30909586
    0.837010443 0.98167944 -0.38217473 -0.40695864 0.966618776
    0.368121862 1.22787869 0.734935045 -0.301655293 0.0896780193
    0.839213848 0.481676221 -0.0415470004 0.332565218 -0.110521019
    0.891672909 0.138837695 0.607685268 1.14031053 -0.426890194
    0.614239752 1.12961531 1.46643198 0.612589121 0.952569067
    0.592159152 0.408398449 -0.348284572 -0.359106213 1.27880561
    0.850179136 0.561413586 0.629052103 -0.117007822 0.726956487
    -0.205192834 1.01424718 1.68340039 0.255453765 -0.276949584
    1.49870491 0.20359695 1.37344301 -0.459965438 1.13861609 1.31557262
    0.946873665 1.14624214 -0.224203259 0.359127015 -0.163789153
    0.528999746 0.862391174 0.0436533093 1.42188764 0.566593051
    0.45137912 1.04847062 1.09548402 0.674464226 0.845247269 0.708693266
    0.929780245 0.350868046 -0.275669396 -0.119507223 0.655789614
    0.15033859 0.495251656 0.500644684 0.533771336 1.21968257
    -0.435578585 1.08708405 -0.261461943 0.836921155 -0.0161620677
    1.44592142 0.531549811 0.110480666 -0.227786839 1.34269667
    0.213161111 1.35352898 1.42869806 0.698199868 -0.406501412
    1.35170019 1.19440579 0.609918237 0.209532797 0.116564214 0.86114037
    -0.342370868 0.310415208 1.31117892 1.11803913 0.330730587
    0.699888885 0.322101027 -0.125954241 1.18785644 1.28614163
    -0.465382904 1.35012388 1.10450804 0.647125602 0.340984821
    0.967625737 -0.0234080553 -0.341506094 0.25488466 0.802534938
    0.869300663 1.28572786 -0.246153027 0.0374477506 0.1059497 1.2224977
    1.36710501 0.983617008 0.0455420017 0.831064284 0.867242634
    1.20524251 0.939990103 0.619397044 0.941156983 -0.0178207159
    0.115306288 -0.216554716 -0.296839416 0.106933713 1.38951111
    0.11296922 0.886757016 0.32786113 0.242980599 -0.0929394364
    0.393991292 0.0475347638 -0.226821512 -0.220932275 0.900310338
    0.038079679 -0.267136663 1.30028963 0.96858269 0.468292594
    1.00309575 0.752824187 1.23505294 0.369242013 0.474030793
    0.917784572 1.239568 0.811344802 0.172798276 1.36554289 0.489181429
    -0.0264810622 1.04183841 0.959192514 1.13627553 -0.124713153
    0.197500229 0.652010679 1.47871161 -0.203453243 0.627750576
    0.81301415 0.799375951 0.0522611737 1.01587558 -0.422672272
    0.328219593 1.31801379 1.45201826 1.01719451 1.08962679 0.156454861
    0.853888631 -0.326772869 -0.0402938426 -0.147049367 1.22340846
    0.217246652 0.353857219 0.758581936 0.390522599 0.735947847
    1.20663786 0.423278928 1.14510202 0.532392323 0.223501146
    0.431023151 0.631627917 1.04942 -0.435996652 -0.0245013535
    0.829584181 0.661972761 -0.40548718 0.591595948 1.11975002
    0.955236971 1.06757092 1.06031084 -0.268569767 0.418454975
    -0.00341689587 0.341160774 0.91710484 1.26243663 -0.0144789815
    -0.484850496 0.27865383 1.17359972 0.334026217 0.61751771
    0.891410947 0.721235991 -0.102251619 -0.0213939846 0.0908772647
    -0.373571962 0.924071193 0.073099643 0.7213763 1.06551671
    -0.205033973 -0.330621034 1.15341854 1.38750362 -0.222254843
    1.39669371 0.855942845 0.677989542 0.258944154 0.282526076
    0.985209644 1.21782851 0.392554641 0.502368033 1.18508768
    -0.244297206 -0.327926278 1.2160871 0.219031572 0.77450192
    0.170954466 0.416413367 -0.144631535 0.619577229 -0.0386419296
    0.621080875 -0.225551426 -0.214753374 -0.0411312282 -0.156467825
    0.697250903 0.308542311 0.25363481 0.212917328 0.876643419
    -0.0434547663 -0.0836230814 0.204427481 0.372351855 0.24317193
    -0.0250656307 0.997113764 0.580968559 0.162474751 0.416376472
    1.51726961 -0.521390975 -0.329545677 0.351784676 -0.202209443
    0.0901834965 0.323289186 0.287910283 1.32008076 1.00938845
    1.09558451 0.154262125 -0.191604689 -0.152538165 0.364773184
    0.17316094 0.219024807 0.521146417 1.27319765 0.47175622 0.727323771
    -0.357202381 1.32393146 1.1664989 1.02965403 0.636758685 0.910770059
    0.701513469 0.251849055 0.861268759 1.0830965 -0.286011815
    -0.449945331 0.351093054 0.564614296 -0.458737105 0.279330581
    0.730000019 0.836150348 -0.00637477636 0.252740383 -0.384397715
    1.34149098 0.160345733 -0.156638771 0.108444422 0.734158397
    1.10720038 1.48876238 0.176809579 0.132077307 1.48092747 0.435729027
    0.1272811 -0.39797622 0.420453817 0.133127034 0.157365024 1.33955717
    -0.318138838 0.420803428 0.958989799 0.0167449117 -0.280050546
    0.221313894 1.12240398 0.431121111 -0.0882031918 0.112831593
    1.16640437 -0.0239351392 0.890873909 1.22519267 1.13533688
    1.33396089 -0.454315722 0.0219310224 -0.19700399 -0.258066773
    0.261184037 0.976622999 1.1167227 0.634033442 0.103799701
    0.0250716209 -0.0176794529 1.08843851 -0.512366235 1.22302186
    1.22453666 -0.00249356031 1.48592091 0.423205972 1.16755915
    1.23181224 0.33034271 1.28307939 1.15694833 1.03464174 -0.408373952
    0.615437567 -0.336249441 1.33083344 0.158955455 0.841607213
    -0.0429188013 -0.000646829605 -0.0416410565 -0.196733221 0.658762336
    0.146943539 0.237735808 0.284098983 -0.0592195392 1.42558706
    0.33351475 0.449902773 0.905842066 1.00931025 1.29416347 0.833920419
    0.0552817583 0.880734265 0.113955855 0.807033241 0.819488227
    1.25399685 -0.0272827148 0.643813193 1.1893909 -0.0295690298
    0.520798206 0.0549240112 1.09240937 0.658592105 0.779866993
    0.389570177 0.229046226 0.636093855 -0.189362213 0.769834161
    -0.317642689 1.06353879 0.525213361 -0.158408552 1.03041792
    1.03299153 -0.0438746214 0.185648739 1.11925423 0.0779768229
    1.4010309 1.39366913 0.901054978 0.289148569 1.07809925
    -0.0182608962 0.168220341 0.745655656 0.354891479 0.565729976
    0.535178185 0.876197338 0.0551948547 0.610762954 0.0124170482
    -0.0316647589 0.269369632 -0.264943004 0.0681166053 1.30750132
    1.28145182 -0.563298404 0.815227628 0.776549757 -0.23515822
    -0.065679878 1.23259211 -0.28071624 1.39318395 1.10725856
    0.203403533 0.1932621 1.13069725 -0.0619452894 0.274970233
    1.18429327 0.86680007 0.587750733 -0.0384337902 0.965129137
    0.101875961 0.0205965042 1.51167285 0.584068835 0.783023417
    1.20797896 0.0452368259 1.03443956 0.13691175 0.350322753
    -0.239197567 0.57998836 -0.0944539458 -0.258341283 0.534427047
    1.35881639 0.151046216 1.33344841 -0.345619917 -0.216355488
    1.39936304 0.00593912601 0.772346973 0.6099931 -0.30486539
    0.338900179 -0.204720512 -0.0135512948 0.247666925 0.207856238
    -0.501189053 1.03826118 1.19647384 0.736504853 -0.062282145
    0.43172732 -0.219007775 0.332298994 1.1912303 1.29841161
    -0.117809415 0.0761011243 1.4620719 1.10661721 0.799356997
    -0.471746951 1.07184255 0.721868753 1.48605371 0.655634761
    1.11272681 0.68587923 0.521866679 0.228872925 -0.165438503
    0.651738524 1.35593557 1.23644185 1.19962847 -0.0272608101
    -0.403594077 0.708174586 1.05045581 0.237465322 0.604845524
    0.363982439 0.731962442 -0.143749744 0.333265275 0.441043198
    0.562760234 0.91277653 0.541768014 0.393141031 1.23725379
    0.242406964 -0.108110607 1.64112973 -0.0766600966 -0.289162755
    0.395653695 1.06658077 -0.319893003 0.628602684 1.2903055
    -0.253990322 -0.273555279 -0.218939543 -0.180744559 0.341189027
    -0.165706754 -0.421220839 0.511124372 0.0776183605 0.895900607
    1.1738323 0.440555632 0.609851837 1.18649936 1.33274448
    -0.0806981325 -0.0828929842 0.0396709442 0.865730405 0.16644454
    0.904741645 0.939595699 1.23374867 0.96820116 0.240625501 1.53133965
    -0.463070333 0.417153925 0.658418059 0.00737017393 0.0721167028
    -0.187032402 -0.502372265 1.52759981 1.10583901 -0.138986737
    0.888964057 0.250455141 0.0823103786 0.721006453 1.19155979
    0.462706149 0.843211055 -0.394332558 0.32339251 0.983298182
    -0.269075185 0.135438323 1.4543035 -0.425645262 0.901198208
    -0.549914479 1.03252411 0.333461463 -0.373161674 0.469903827
    0.181414962 1.01536489 0.83038497 1.32533121 0.579773545 0.13471967
    0.767396986 0.226297677 1.27649999 0.28397572 -0.132507741
    1.44073546 0.103622675 0.321637064 -0.25559783 -0.320247233
    0.506846964 0.968752503 -0.0280826688 0.231494725 0.943608224
    0.905418456 1.02782345 0.102089345 0.712211907 0.88860029 1.11346185
    1.27654374 0.0451212525 0.0595333576 0.376566708 0.339036942
    -0.422029316 1.19561529 0.958648443 1.38910365 0.743762612
    1.27665985 1.01839161 0.17625922 0.31478256 0.292208552 0.799900532
    -0.204041004 1.16357303 1.30115366 0.39159447 1.42867208
    -0.144097954 0.152091086 -0.470184118 0.071420908 -0.251869678
    -0.358562112 0.898528337 1.4038285 0.462847769 0.472856283
    0.757942557 0.978930533 0.206547469 0.100703597 0.132028043
    0.141321033 -0.328634948 0.130851209 0.847472906 0.501995921
    -0.312585175 1.59241581 -0.142145008 1.0496856 -0.259520978
    1.15100551 0.262850225 -0.141541779 -0.00984567404 1.3011111
    0.679978848 0.676543593 1.07527375 0.110675931 -0.466214836
    -0.0425173938 0.340463817 0.826603711 0.545932949 -0.327163219
    1.05886137 0.702556491 0.36582008 0.927426398 0.829585552
    0.0292206109 -0.412830204 1.07965171 1.1243434 -0.338782668
    1.06251574 -0.370973498 0.658923328 0.457505763 -0.25519073
    -0.287821114 0.668878019 0.551905632 -0.186478615 0.641030073
    0.207251608 1.08497155 0.996084154 0.0283845663 0.397305608
    0.765599072 1.40644908 0.0262392461 1.12591588 -0.381322265
    -0.164970696 0.250343382 0.534682333 -0.185011506 -0.308406949
    0.23503986 1.10372877 0.606970668 0.0409309268 0.0318739712
    1.06604433 0.0295345485 -0.0343714654 0.484861314 -0.322997868
    1.21688962 -0.122181863 0.726487696 0.131715834 0.846178949
    1.11854291 0.436697841 0.914866507 0.16045326 -0.234790206
    1.14365995 0.586963713 1.31180525 0.184486747 1.14861596 0.450728476
    -0.40959695 -0.0497059524 0.782196879 0.378472149 0.548052251
    1.22456694 1.22789097 0.862844527 0.473812938 0.0142019391
    0.375513613 0.251766384 1.33491349 0.155638993 0.319074094
    -0.0785876811 0.613794148 0.664515972 0.458794653 0.99376744
    1.32410288 -0.103029758 1.26688194 -0.130138546 1.05679989
    -0.256447732 0.704352319 -0.0650402606 1.3038547 0.0181660056
    -0.31478101 1.28071022 1.41657507 -0.0760753155 1.19384062
    0.805488884 1.22548628 1.07054281 0.539474308 0.646656573 1.30455756
    0.394252002 -0.273162156 0.778356254 0.142098188 1.06298196
    0.18298167 0.243954509 1.45643687 0.707460523 0.21662271 0.151874423
    1.18193829 1.34822893 -0.402318805 1.17135668 1.06902671 0.465210676
    0.636503696 -0.197617561 -0.299591243 1.38214254 0.657347381
    0.200148523 1.13045573 0.789134741 0.116932273 0.538714886
    1.58563352 0.272599638 1.51516247 0.647289395 -0.173744589
    0.310402215 0.230880558 -0.0240982175 1.25391459 0.0486926138
    -0.249720514 -0.381833702 0.207981676 0.674996614 0.197189748
    1.54451346 -0.204932183 1.00205016 1.03775334 -0.0561226308
    0.210455924 1.44464898 1.21130991 0.162921667 1.04508603
    0.00404930115 1.11384332 1.30440283 0.136284471 0.823708117
    -0.0477926135 0.521564066 -0.148162156 0.823619604 1.06699872
    0.538616717 0.900018454 -0.113870114 0.722285926 -0.37981087
    1.33814144 0.484913647 0.124140203 0.554334998 0.95138365 1.26509941
    1.03224206 0.0766447783 -0.421821982 0.945181012 1.30658102
    -0.228787303 0.175977647 0.307633072 1.16098905 1.35620737
    0.399747908 1.3599937 1.10903215 -0.422836572 1.44508481 0.182159066
    0.143777698 0.347545147 1.30386925 0.0961751938 0.517555654
    1.1305536 1.07040393 0.741671383 1.34306943 1.29989338 -0.510300457
    1.37805104 -0.0288301706 -0.231577873 0.146894515 0.0708122849
    0.110848725 1.01251829 1.26953304 0.754048049 0.967586458
    0.313315749 1.26103115 -0.0727735162 0.799920797 1.18471563
    0.48262614 0.820785761 0.421733469 1.36593032 1.08337092 0.975150764
    0.884433448 -0.284889519 0.223158419 -0.155522555 0.774734378
    -0.0128580034 0.0258682072 0.914771199 0.34161818 0.137361139
    0.13048625 1.38199925 0.138815284 0.341432869 0.208514005
    -0.407056123 0.380313635 1.39737415 0.149809003 0.697808623
    0.443395376 0.474256933 0.147834063 0.697569013 0.985699773
    0.400288463 0.714541793 0.213382304 1.30574298 0.67880863
    0.676328003 0.0182827115 0.507356644 0.665367246 0.691351652
    0.790685475 -0.289240181 0.28156653 0.690181375 -0.0209192634
    0.584442735 0.593528867 0.120384812 1.03983867 1.29038119 1.08859706
    0.395086169 0.89821744 1.11634195 1.35916758 -0.00435698032
    1.25706553 0.815535009 0.00998729467 0.889984846 0.449693263
    -0.0922910869 1.20990813 0.415730417 0.391458035 0.0435651541
    0.0243961811 -0.38631317 1.4510026 1.24236083 -0.265985221 1.1904285
    -0.370227247 0.932939827 0.586541235 0.705130994 0.340451181
    -0.0932220221 1.32129121 0.0943039656 1.30482399 0.384423077
    0.88221246 -0.430729687 -0.131499112 1.40401232 1.01804817
    0.796797097 1.24791312 0.638813555 0.891336322 0.548564553
    0.47610575 0.666268349 0.155328512 0.463612974 0.835115612
    0.706353247 -0.0489171147 1.45201612 0.354569942 0.51298213
    1.45010328 1.02897012 0.0205975175 1.26789784 0.439549327 0.62496382
    -0.269287407 1.43455982 0.224796057 0.941853523 -0.0141336918
    -0.0421726406 1.1070025 0.115824729 0.350865662 0.467770159
    0.682444453 -0.266899228 -0.0278216004 -0.147419572 0.477059126
    0.764680564 0.908201516 0.762797594 1.14144397 -0.484971523
    0.726855636 -0.324765563 1.04709196 1.13602328 0.459144115
    0.220130265 -0.368576676 0.755361438 0.96982336 -0.320757687
    0.82914716 1.32105088 -0.0181509256 0.315251827 -0.156219244
    0.125774622 0.687987149 0.822239637 0.845929265 0.202726811
    0.367156506 0.950733304 0.379440188 1.22088933 0.326492667
    1.42369866 -0.508098006 1.16923022 -0.1794765 1.5201838 0.87460047
    -0.373230815 1.17242599 0.159573317 -0.132543921 1.38971186
    0.20878613 0.531638741 1.21368766 -0.235861853 -0.311191946
    0.426466286 0.104869127 0.465129793 0.402109861 0.806368232
    0.443024516 0.66423136 0.748072624 1.09301698 1.16333115
    0.0519160926 0.249875009 0.953231394 0.544536173 0.354343474
    0.394213736 1.44877815 0.121735692 -0.114509046 -0.151401699
    0.0622634888 0.423000216 -0.166949511 1.4151963 -0.230701625
    -0.105758011 1.34716964 0.850190103 0.396563113 0.963388681
    0.311425924 0.927495658 0.58462429 1.29813242 1.2449708 -0.379452884
    0.44965747 0.924942493 0.565356791 0.697117686 0.966861665
    0.197596639 -0.30293417 -0.0531503856 1.27577543 1.1580056
    0.0131643414 0.527669549 0.524108469 1.31249225 0.267095804
    1.35145068 0.182178438 0.770069897 0.358777761 -0.358797312
    0.72255981 -0.353712052 -0.0975925922 -0.153256625 0.22397542
    0.587047696 0.421387911 -0.0407402515 0.446906745 -0.344262213
    1.28386092 0.647054732 0.0843206048 1.41243863 0.864963293
    0.449044585 0.0741075277 1.20435286 1.30667448 -0.153154612
    0.652821779 0.109296918 1.09629345 1.16883433 1.06898212
    -0.365689605 0.39042455 0.0228075981 0.649951041 1.27823222
    0.921234787 -0.291217506 0.879909873 -0.216054827 -0.0375731587
    0.300884426 0.888814867 0.399606526 0.176467806 -0.291857511
    1.05851555 0.481951207 0.747668624 0.262622237 0.538938642
    0.520241737 1.03567362 1.12494683 0.836466193 0.352048218
    -0.420912892 0.403861821 0.57382983 0.931219041 1.38102055
    1.04176819 -0.340543091 0.114649802 1.35345125 0.375352502
    -0.113940358 0.765552282 0.893373311 0.237305522 0.81880182
    0.587187886 0.368313968 1.45596719 1.27823353 0.216896296
    0.0831498504 1.05864096 1.28877854 0.164909005 1.00187397 0.10565114
    0.732173979 0.779138803 0.525159299 0.538604259 0.901947439
    1.13250542 0.584555626 1.0635767 0.484161198 1.17520821 0.668315947
    0.932848871 0.0407110453 0.221396804 0.599696755 1.11806047
    0.212317199 0.0773342252 1.08925152 -0.180477798 0.765427351
    1.2565248 -0.329030037 0.299860895 -0.225035459 1.25944221
    0.850278854 0.982185006 0.64588052 0.102890193 1.28401828
    0.256816208 0.192439854 0.721676469 1.19909501 -0.201213509
    1.33324671 1.29071212 -0.00605544448 0.583523512 1.18707395
    0.840131402 0.360624969 0.299595118 0.441037297 1.30830693
    0.252124786 0.883930326 -0.229574531 0.18694219 0.219752401
    0.805397391 0.585485935 1.07020569 0.95757103 -0.0272319019
    0.0119440556 0.278863788 -0.531341314 -0.0686886311 0.326594055
    0.629780173 0.713477552 0.0327709615 0.903547525 -0.0393430889
    0.12225455 0.952510834 1.43237972 -0.27291739 -0.00531712174
    1.30578315 -0.244746462 0.890972495 0.0632075369 0.622914433
    0.353476048 0.870931506 0.352768421 -0.268791527 0.205120683
    1.17382264 1.19825602 1.31600106 0.446503282 0.0309909582
    0.106395483 0.508090794 0.485260904 1.4070816 0.436353326
    0.176629424 1.20097923 0.24392277 -0.0744537115 0.326687664
    0.452224582 0.0482500494 -0.221523613 1.43126857 0.309975088
    1.23709118 1.51025927 -0.16141066 1.21034551 -0.512487173 1.41037893
    -0.575386286 -0.126330972 0.987520576 0.70010221 0.315181553
    -0.129791588 1.36353767 0.216549277 0.636507452 0.496303916
    0.994977951 -0.454892695 -0.161767185 0.360706061 0.0323105454
    -0.366556317 -0.0815915465 0.618802667 1.03609729 0.575685859
    0.217340499 -0.0773619711 1.10917759 0.969926238 0.17312932
    -0.18910569 0.580346704 -0.0674767494 0.914438486 1.41738665
    0.287015915 -0.327541292 0.547471881 0.677086651 -0.0817150474
    1.21766305 0.481912136 0.474640965 0.718872368 0.114578128
    0.402357399 -0.302131236 -0.117690921 1.14049935 0.707079887
    0.769700289 0.0952314734 0.638442278 1.36586297 0.77580905
    -0.150804758 0.899806142 -0.0589489043 -0.0319432914 0.614061058
    0.369534075 0.355651259 0.501450896 -0.0643792152 0.428642958
    -0.302056402 0.289818525 0.526757777 1.00766253 -0.15021494
    0.336868644 0.206809908 -0.353574425 -0.0838715434 0.706347167
    0.907518148 0.306251168 0.968869209 0.476825655 -0.097155571
    1.07736635 0.147327602 0.821603596 0.220583618 1.33442235
    0.778388262 0.522766113 1.20904672 0.0326899886 0.991038322
    0.196590841 -0.218414962 0.0674659014 0.553128719 1.16460299
    0.674497724 0.117401838 1.4608686 0.587435484 1.05698502 0.777732253
    0.0478608012 1.26228523 -0.0678881705 0.6197052 -0.20086351
    0.656835377 0.892069459 0.67701894 0.979700387 -0.403728068
    1.04078448 1.09583545 -0.498256713 0.0760045648 0.239063025
    0.519522846 1.4625957 -0.00695741177 0.360923856 -0.29799965
    1.62584853 -0.10118708 0.55570811 -0.131285131 0.135091722
    0.0224515796 0.896988988 1.4095068 1.1683867 -0.428886324
    0.833390653 0.246901631 -0.106468201 0.801342964 0.569898069
    -0.201487184 0.890989065 0.763132453 0.0819352865 0.896086276
    0.953868508 1.16664171 -0.0887703598 0.00437009335 -0.107868969
    -0.202447742 1.22218549 0.846966803 -0.210187018 -0.120815039
    0.347107947 0.339965165 0.971528828 1.23179412 0.493820548
    0.117125392 0.642343998 1.2645185 -0.267733246 0.490833163
    -0.286542296 1.02553964 0.330940127 -0.208871603 0.950007498
    0.874663413 0.397075415 1.33746862 0.383952737 -0.315726548
    0.0371133089 0.734579206 -0.152390569 1.30432272 -0.0835865736
    0.715355933 1.19848895 1.30683744 -0.645060241 1.0771215 1.40992117
    -0.128440261 0.771214604 -0.0395471752 1.46269572 1.23379946
    0.355643332 -0.459696561 0.974764228 -0.432244033 -0.0594208539
    0.731483638 0.030084312 1.13969541 -0.357069373 -0.475183666
    1.3260994 0.417247653 -0.38149488 1.30996275 1.36285937 1.40401435
    -0.252711892 0.132431507 0.343244314 -0.127630442 -0.0708476007
    -0.437825263 1.20567024 0.00162050128 0.902342856 1.43497109
    0.0387622714 0.869900465 0.1551494 0.288194805 -0.160956681
    0.0336496532 0.512905002 0.831691682 0.908468068 1.16836166
    0.681133091 0.155832708 -0.268455923 -0.276516676 0.816140592
    0.19445771 1.18258488 1.18187046 0.977525234 0.841888785 1.52835441
    0.288645566 -0.44631502 1.15545583 -0.488685191 0.63881731
    0.969436884 0.262657583 0.417679369 1.10861421 0.986367047
    0.109111488 1.25634301 -0.104685575 0.0860274434 0.709315777
    0.0977855325 0.918240607 -0.210803211 0.91341126 -0.0179382861
    1.44378412 1.10972548 0.463518679 0.107102752 1.43638587 0.395705163
    1.39871025 1.43126988 0.480264664 -0.275540769 -0.307976902
    0.13880837 0.96491605 0.822090805 0.893433392 -0.150832981 1.2923919
    -0.314438403 1.40710235 0.815221429 0.971026182 -0.0888536572
    0.946422458 1.25475955 -0.0576477051 0.723491132 0.951584399
    0.00233143568 0.450026095 -0.0232437849 0.661799669 0.876244307
    -0.387326211 1.27765894 -0.0429071486 -0.238724545 -0.172956347
    -0.248440877 0.154283613 0.995835602 0.936216354 1.31880236
    -0.250541329 1.12619412 0.631391168 0.907307982 1.33600867
    0.939779103 1.37102211 -0.0966687799 0.434611857 0.936813951
    0.2388919 0.904570341 -0.0844916403 -0.418995202 1.01285899
    0.41691941 0.80443269 0.123138368 0.927015662 0.689101458
    0.817866743 0.898654819 0.355291009 -0.312068373 0.183713943
    1.21529078 1.35127044 -0.0963616967 1.26121306 -0.102539003
    0.838644445 0.966006517 -0.101248235 1.46951985 0.886871397
    0.189984143 0.409974158 0.792517185 -0.39027667 1.17430091
    0.780119002 1.45642161 -0.108243555 0.626169741 -0.291538507
    0.937107146 1.28483963 0.891224921 1.07683837 0.0162298381
    0.0824317038 1.52590096 -0.387290597 0.814261675 1.00757408
    -0.12904796 0.584262252 -0.378324389 0.824759901 0.95103544
    -0.464431614 1.39468682 -0.195728213 0.283032447 1.09163702
    0.73481971 1.17065656 1.30979252 -0.0804048777 0.27776131 1.01568699
    0.276139379 0.329843581 1.38465309 1.38621426 -0.00888776779
    0.536479115 0.545418501 1.09813845 0.276190817 0.854789317
    -0.179807007 -0.334088892 1.32617652 -0.337402284 0.125879139
    0.758730769 1.10462379 1.04483628 -0.196198821 0.197670758
    0.389110625 0.185397565 1.19079244 1.45008254 0.446355164 0.11386025
    0.208350033 0.733498931 0.6796543 -0.0458626449 0.102910042
    0.218269825 0.963080585 -0.179116637 0.927251816 0.547704041
    0.76006037 0.723181069 1.35344028 0.0821232796 1.35143089
    -0.262950987 0.0397242308 0.189055085 0.398840368 1.18023038
    1.44125795 -0.149039298 1.06772268 0.987128258 -0.309812635
    1.4728868 0.287505507 1.05036259 0.535974622 0.938158333
    0.0514077544 0.00322365761 0.0997480154 0.580451965 1.30851316
    0.922138274 0.8118155 0.448904395 1.0152632 0.00911128521 1.16681743
    1.02012324 1.05739951 0.637837529 0.586031318 -0.0904272497
    0.0167071521 -0.364416689 -0.315964043 0.45234555 1.38638175
    0.226097316 0.738038301 0.363858283 0.774997592 0.135095328
    0.689673841 0.379934072 1.44801843 0.293431878 1.19498706 1.36307704
    0.154820681 1.08742809 0.192196965 -0.171999723 1.54170322
    -0.0931333303 1.46615994 -0.430137068 1.29098141 0.756616712
    0.0357629061 -0.418330312 0.598325729 0.440898538 0.908443093
    1.05028343 0.128843129 0.712002277 1.19190764 0.872616529
    0.774968028 0.372274995 -0.125823975 0.84571141 0.671124637
    0.164689869 0.77046001 0.354738146 0.346602529 -0.396145344
    0.185694993 0.0476328731 -0.0798592269 -0.48975119 0.457598478
    0.72650212 1.26065481 1.21382272 0.523107648 0.0372411907
    -0.177360535 0.465110451 0.604871452 0.383473396 -0.0223326683
    1.44105625 0.12361145 0.295089662 1.33719063 1.35729504 -0.478913844
    1.474684 -0.0787155032 -0.246280402 -0.26724565 -0.276653409
    1.06344342 0.150735691 -0.303823769 0.749706507 0.0857464969
    -0.14339 0.769488513 0.328183502 0.053553313 0.501188159 1.07161069
    -0.0555263162 0.993101537 0.846452713 0.0421077013 0.928832829
    0.818618834 -0.183030754 -0.282819211 0.525451779 0.29961729
    0.0622001886 1.31997299 0.108531177 0.146721125 0.404353797
    0.83256036 1.39539886 0.75184381 0.786245584 0.236217797 1.22301066
    1.33058333 -0.206505224 0.737272978 0.857638478 -0.198295683
    1.0389514 0.782745659 0.612651408 1.35867882 -0.319764495
    -0.283826113 -0.00575223565 0.290217161 0.123792946 1.00312805
    0.121183693 0.98995924 -0.479585975 0.481088042 0.0992687345
    -0.0632911623 0.176812112 1.36594844 -0.426265329 0.992645979
    0.425712407 1.24090052 0.687452435 0.670004725 0.804528654
    0.525809824 0.106279135 1.12679052 0.976514161 -0.461015642
    0.802871108 0.300145209 0.164303184 -0.0591350496 0.380854905
    -0.146698713 0.311802983 -0.168438733 0.240280986 -0.342548311
    -0.184609205 1.28083086 0.627878487 0.612151921 -0.227425456
    0.80469954 0.188241541 0.992310464 0.173621476 0.534882188
    1.18243945 -0.558504105 -0.144511342 -0.0863636732 -0.350680232
    1.27961111 1.03453791 -0.0117461085 0.6608482 -0.00378629565
    0.213403821 0.515236735 -0.23567 -0.326320291 0.470726252
    -0.443943173 0.69906199 -0.453392118 0.674105287 1.32485342
    -0.635497272 1.06705213 0.659178793 -0.250477791 0.111856639
    -0.0824739337 1.01629639 0.320882618 1.30380034 1.24393058
    -0.0717944205 0.301306129 -0.086900264 0.628428817 0.00817632675
    -0.256266475 0.753154993 0.874961555 -0.133143395 0.00389647484
    0.137664735 1.31293297 -0.361177951 1.48364997 -0.0117233396
    0.981916904 0.985972643 0.234942555 0.567221165 1.01040745
    0.216942877 -0.112842977 0.0666909218 0.614991069 1.17637968
    0.532968044 0.775573313 -0.511229515 1.28240943 0.97291714
    -0.014521718 -0.0733464658 0.789473951 0.229391158 0.527332127
    0.588430345 1.18985176 1.23435163 1.26867878 0.378168583 0.348979652
    -0.510904253 0.683801115 1.25832558 -0.0343562365 -0.310771525
    1.07030857 0.581066728 0.403967619 -0.109552145 1.09727597
    0.493640304 1.05101657 0.758565485 1.43612313 -0.325787157
    1.20236599 0.808395863 -0.00687032938 0.201880157 1.27861524
    1.0554781 1.26951146 0.0517724156 0.980316579 -0.108732671
    0.0533230603 0.978736281 0.142068148 0.64097482 1.00904131
    0.404874742 -0.0596314669 0.0483463705 -0.0411689878 1.05985105
    0.100715756 0.31271103 0.511263967 0.221184194 0.826832533
    0.803958893 0.347433746 0.929752827 -0.170812309 -0.440370083
    0.380944908 -0.197057605 0.825185299 0.9753896 -0.394734561
    0.500091076 1.23921299 0.609882891 1.05268741 0.759328306
    0.229917407 0.564264238 1.120893 0.119166195 0.923535824 0.124849498
    -0.116193086 0.352915585 0.633384109 0.535205722 -0.135464549
    1.43518114 -0.136470348 -0.167464182 -0.128114134 1.62346768
    -0.207896262 0.149143875 1.19518018 0.482170403 1.05097246
    -0.0337295532 -0.375047982 -0.0321421027 -0.353273302 -0.151759326
    0.330117255 1.26108944 -0.146404326 0.379589736 0.157572806
    1.2597034 -0.239043236 0.647412181 0.877118647 1.37411833
    -0.102841973 1.27199888 0.027933538 -0.127477646 0.0177482367
    0.494982451 0.573311329 0.960117757 0.894346535 -0.21924971
    0.0551237166 0.212539762 0.65372169 -0.33389762 0.551771045
    0.564312339 0.404924393 1.38761616 0.255591154 -0.181815267
    1.2335633 0.74515003 0.669906378 0.89387852 0.771680117 1.03502536
    0.493077636 1.24994254 1.32495117 -0.49271816 0.479732871
    0.302570224 0.108253777 1.20376897 -0.529522896 0.220253825
    0.287900865 0.699944973 0.478879273 0.176965386 -0.30714187
    0.304962575 1.35328639 0.154738963 1.01408911 -0.104767084
    0.963804722 -0.345695317 0.725271463 0.731005311 0.233990818
    0.972624421 0.587121665 0.745269716 1.12309098 0.158131599
    0.863661945 0.944681883 0.74508059 0.589676976 0.793983936
    0.388577878 0.193801165 -0.401592016 0.265131056 1.16303897
    -0.0555819869 1.44198239 -0.472860992 -0.196936607 1.02686191
    0.822728992 0.629603922 -0.484031737 1.31007576 1.23959756
    0.771045625 0.437031448 0.605787337 1.3215766 1.17498374 1.20680356
    0.196205199 1.14740348 0.808716714 1.01657295 0.770392776
    0.608058631 0.0884096622 1.42683506 1.45621061 -0.268998027
    0.726690412 -0.192725211 1.30177832 1.32789838 0.187467307
    1.17326391 0.0175153315 0.464766145 0.696026921 1.30331028
    1.25682068 0.124659777 0.149715334 0.686931729 1.38581169
    -0.284642965 0.400411904 1.06200242 0.0932614207 0.95461303
    -0.0380179882 1.35796762 0.999330342 0.391175449 -0.22663033
    0.368236214 0.833149254 0.874058962 1.36782718 0.167052269
    1.08395791 0.756112635 -0.379871309 0.048856765 -0.342671633
    1.27224064 0.441358745 0.74616462 0.864462793 1.16701102 1.31291294
    -0.229362339 -0.260444492 0.430484951 0.683811843 1.01887989
    0.0343560874 -0.071064204 0.453064382 0.653683662 -0.159010649
    0.424555421 -0.142228067 0.146355569 1.59069252 -0.386005044
    0.0567598641 -0.306299418 0.730748355 0.453708053 1.43252873
    1.18515873 -0.456181705 0.382272124 0.968596339 1.22500539
    0.539771795 -0.00243669748 1.45625854 0.691820025 0.773441732
    -0.12323603 1.37464905 0.386877716 -0.128942579 -0.0585722923
    0.957446098 0.040708214 -0.280886948 0.456914783 0.680966616
    0.2462672 1.29323316 0.252150118 -0.255463988 -0.366833538 1.008986
    1.08163667 0.0209504962 1.02930427 1.07216525 -0.0852931142
    0.653473377 0.777112782 -0.43014124 0.357657403 0.19222787
    -0.306058556 1.43174458 0.577419698 1.00577831 0.842983365
    1.00813842 -0.0208224654 1.04351342 0.717244327 0.423458397
    0.685858369 0.991066813 -0.218362302 1.03166783 0.986282349
    -0.183316737 0.283430517 1.11288476 -0.450056314 0.898329854
    0.179928541 0.582428694 1.37611198 0.363837957 -0.214221954
    0.877919793 0.469649583 -0.491439879 1.17412484 1.11719191
    0.329433024 -0.165719867 1.28213477 0.307306767 1.21343136
    -0.128851533 0.621487081 0.375069141 0.591045976 0.0578353405
    0.298952073 0.2039873 0.686427832 1.38300622 -0.177764326 1.30813336
    -0.467029601 0.67109549 1.45275545 0.841697991 0.878208339
    0.0427708626 0.822893262 0.651820183 0.993740261 -0.190679178
    1.23819304 0.591634989 0.956315994 0.406468034 0.595905781
    -0.303059995 0.582353592 0.368715286 -0.281743169 0.977944911
    0.41048497 -0.114786237 0.694505572 1.35510039 0.639566004
    0.0746720731 -0.321986496 1.53306663 0.909752846 0.96714294
    0.820905685 0.236067206 0.0372054279 1.1381861 0.325554848
    -0.399308443 1.26172233 0.53712678 1.21471822 -0.306125879
    1.56615329 0.283766866 -0.0543893576 -0.183075219 0.0674111247
    0.740309775 0.973377168 0.17067337 0.0116131306 1.08972549
    -0.284464628 1.05024111 1.12672424 0.765720308 0.115699768
    1.37739778 -0.477943987 0.82330209 0.517058671 -0.00780022144
    0.0530748367 0.514303267 0.052860111 -0.462650597 0.275007784
    1.40281296 0.908341944 -0.0217530429 1.59215212 -0.115794301
    0.295641959 0.476434171 0.694932759 0.923619092 0.76545155
    0.292347074 1.25622475 1.31015754 0.361547291 0.53332305 0.509463787
    1.20934963 0.573732972 0.362811685 1.50204659 -0.38556549
    0.678316414 -0.0288675427 0.0338001251 1.42265224 0.144549966
    0.376631021 -0.377665043 1.44787252 1.00168598 1.3409375
    -0.611541212 1.22531593 1.18099475 0.198532701 0.00297892094
    1.05420542 0.0385453999 0.360175937 -0.00907793641 -0.283890158
    1.13016391 -0.023196578 0.718651593 -0.184260458 -0.0423498154
    -0.303459704 1.13739264 1.18442273 -0.420868874 1.19643188
    0.662952125 -0.502253592 1.2788291 -0.415062398 0.561965346
    1.19860899 1.27970326 -0.278926492 1.09452391 1.53891695
    -0.496350855 0.509339154 0.338521063 0.583436072 0.89308995
    1.13660288 1.44333684 0.622953355 1.05131423 0.180939078 0.457176596
    -0.11163193 0.339552045 0.580454707 -0.113972396 0.21259582
    0.316202581 1.01767921 0.600383759 0.25999999 1.41164434 1.33755755
    0.87550205 0.770963967 1.34369421 -0.420430362 0.916051686
    1.11331773 1.07670832 1.42732346 1.12600136 0.365288109 0.369852215
    0.439894199 -0.294355869 0.343860984 -0.112871468 0.209768653
    1.03517795 0.689115822 0.784044385 0.0513233542 1.04592264
    -0.349247158 0.281784147 0.371020436 -0.0269901156 0.289856315
    0.785116196 -0.0154041946 0.86683917 1.00753999 1.34603035
    -0.0802880526 -0.165935785 0.174381256 -0.488425732 0.612882257
    0.0830997229 1.32698309 0.739627063 -0.319540381 1.25071323
    0.621641994 -0.201465219 -0.124904633 1.09251451 1.05828297
    1.01217735 0.0996093154 -0.225617707 1.20517433 1.38572145
    -0.341001779 1.05183208 -0.384400725 0.141778529 1.11717343
    -0.0409715772 0.698637128 0.774252057 -0.155631304 0.357616246
    0.972209871 0.148282558 -0.174504727 1.03549397 1.08794844
    -0.141717911 1.12647367 0.0462579727 1.28217864 0.964580417
    -0.326622009 0.957102835 0.413013935 -0.102690876 0.29449898
    0.193541825 -0.281004816 0.056186974 1.40507805 0.980939925
    0.374749392 1.33363652 0.660579383 1.34287024 0.696608961
    0.671270311 -0.123455346 0.79512006 -0.249554053 0.900403798
    -0.28761214 1.31373715 1.06625545 1.19796848 0.05781883 1.39609492
    1.4018935 0.0062713623 0.754484594 0.994240522 -0.309392542
    -0.22890991 0.745558619 -0.0372548401 -0.0285411775 0.953264773
    0.438622534 0.955621958 0.110073447 1.27094579 -0.429809928
    -0.325764894 0.517952323 1.39102101 0.327233434 1.04165626
    0.123889238 -0.249308705 0.327543914 0.135822088 0.265301734
    0.902475238 0.344405532 0.104955852 0.406110317 0.822795033
    0.40937978 1.23931885 0.0198683143 -0.078312099 1.08265054
    1.26099896 0.77050364 1.41022658 -0.144729108 0.43470183 0.625395775
    0.825781107 -0.148862243 0.0843583345 0.721469998 0.743519127
    0.325305581 1.40506554 -0.118085474 -0.358895272 -0.406888098
    0.500239432 -0.312307358 0.0864472389 0.481554955 1.21166492
    0.641189694 -0.227769077 -0.1222893 0.521577239 0.688504934
    0.345046937 0.339873075 0.739100873 0.977078617 0.382377684
    0.501844227 1.27456236 0.370151639 1.05458474 0.787919819 1.11567295
    0.084641993 0.82410574 1.35676706 0.572610557 0.327782691
    -0.374287665 -0.099811852 -0.339895189 0.187087268 0.423490047
    0.734033048 1.23926055 -0.340666533 1.14349627 0.00712895393
    1.28311253 0.433630049 1.25900769 1.1546334 -0.488167703
    -0.198016047 0.793992877 -0.36536184 0.410038561 1.13341916
    1.20257628 0.40257585 0.536735892 0.574285984 0.476731122
    0.661019683 0.560521364 0.281394601 0.916591346 0.704842448
    0.0213839412 1.19523489 1.15647602 0.709673584 0.662507415
    0.240816116 -0.429805189 -0.216672599 0.795157909 1.4719696
    -0.0796245337 -0.192279577 1.118168 0.315631747 1.25557923
    0.445903659 0.452302158 0.329511523 0.584933996 -0.0609211922
    1.38551402 -0.363096118 1.08355355 0.437432289 0.921889603
    0.899994433 0.568420947 0.718627572 -0.300853699 -0.269270539
    0.831391692 1.12347174 0.011854291 1.36274159 -0.393030524
    0.19458437 -0.215712458 0.118143916 1.44726825 0.0648350716
    1.07370019 -0.380763233 1.03097129 -0.475177914 1.27768528
    -0.0584142208 0.592855692 -0.487778246 0.270832479 0.0419994295
    -0.152357236 -0.489764452 1.44360757 0.736405849 -0.239805743
    0.681357384 1.07509875 -0.460767925 0.591675639 1.10266113
    -0.0235316157 -0.27570653 0.0470033586 0.108117223 0.85170877
    0.164026558 0.00387302041 -0.0403902829 1.46575236 -0.142876476
    0.487336934 0.855157852 0.366820276 -0.0172926486 0.537179232
    0.0877942741 0.769906282 0.719481885 -0.227817684 -0.269203275
    1.24149859 0.274280906 0.634088397 -0.294421732 0.878873587
    0.828923702 0.679672062 1.24827862 0.582538366 0.0821579099
    1.01516831 0.497807443 0.605698228 0.331309319 1.44927526
    0.733826458 0.842545033 1.29325318 0.282509446 1.40599513
    -0.0551179051 1.37682509 1.2609129 1.33531141 0.357068747
    0.275363147 0.25127092 0.940020263 0.540739357 0.831625342
    0.485250473 0.730679333 1.22275019 0.0223784745 -0.0167652071
    0.269496769 0.438697815 0.393666983 -0.456200808 0.817867577
    0.799772441 -0.321064651 0.637692809 -0.403357834 0.663563251
    0.734236002 1.33144259 -0.298791766 -0.132348716 1.17183983
    0.237849355 0.590838492 -0.339698672 -0.442683429 -0.13001883
    0.435742974 0.218600571 0.0381793976 0.786404669 0.570766151
    0.340986311 -0.243242219 1.10083115 0.583521664 -0.256834537
    1.34705508 0.824318111 0.28310883 -0.434119046 0.393636048
    1.53207254 -0.354952574 0.660339117 0.276797861 -0.131924987
    1.58920836 -0.336544663 -0.0990436077 0.0987275243 0.314286739
    0.852381408 0.102938533 0.848252356 0.241371632 0.537369132
    0.992008507 1.06860924 -0.451818317 -0.0664512813 -0.0281243622
    -0.050519824 -0.104275703 0.116407603 0.839597344 1.0001781
    0.111171842 1.1867162 0.222087324 -0.374804705 0.951509416
    0.239345014 1.40908647 1.03726554 0.269280195 0.0894604921
    1.32169104 -0.21363619 0.68373251 0.349932015 0.544192791
    0.984069467 0.437238991 0.661301434 0.910728037 0.783482134
    -0.404780269 0.395676643 0.434975624 0.679447651 1.00952315
    1.47491026 1.06861949 1.14122367 -0.175603032 -0.22595343 1.07669878
    0.00546449423 0.211021096 0.615881085 1.33171153 0.753336251
    0.281797707 0.906478524 0.00851964951 1.02089548 0.344423652
    0.89596355 1.31071067 0.457670331 0.925868452 1.06514168 1.33519185
    0.390212834 0.227724016 0.750900507 -0.229720563 1.03874862
    0.317246705 -0.363115996 1.16533828 0.35272789 -0.446297884
    0.652327716 -0.325921804 0.818960428 0.653326392 -0.323532701
    0.395780504 0.266179383 0.305712879 0.0104691982 1.31290936
    -0.341807127 0.0674545765 -0.273159742 1.17228341 0.727108598
    1.34580708 -0.113050997 0.0332292914 0.726158619 -0.418119639
    0.765943289 -0.0142299533 0.474284768 0.316990912 1.08557999
    -0.169670731 -0.366401494 0.885003984 1.11339068 1.35212982
    0.484600574 0.891897678 0.912039757 -0.208426386 1.38478613
    -0.131682575 1.02695286 0.011002183 0.643926144 1.31024694
    0.423662245 1.42888165 -0.0501310229 1.16689205 0.5228827
    -0.0379872024 0.379321694 0.301953256 0.660110116 0.160591364
    0.884164929 -0.40829131 1.03475952 0.587237418 0.148370862
    1.12803066 0.406322956 -0.0318589807 1.42669082 0.6052773 1.23425615
    -0.0250848234 -0.462125421 1.53959346 0.24696666 1.3793242
    1.00904894 0.571509838 0.98541081 0.432869911 1.15135992 1.4490248
    0.0691726506 -0.117218286 1.08014917 0.41688934 -0.0823524296
    0.59345293 -0.357020915 -0.0999201238 0.381453097 1.05291891
    1.04040074 -0.296431631 -0.184041411 0.549640894 0.891738653
    0.250717759 0.513147533 0.135134399 1.34403718 0.303285658
    0.509960055 0.930780947 0.744723439 -0.202617317 0.958223104
    1.10512435 1.12045777 0.855799139 -0.218764693 0.979787588
    1.42422557 0.726413906 -0.426512271 -0.255774021 1.16170585
    1.14734054 0.650611877 -0.190267235 -0.384145975 1.22846186
    1.15778291 0.00627189875 0.830169976 0.305480421 1.2541368
    -0.154048532 0.243406296 1.35231531 0.896730423 0.110352457
    -0.279094785 1.04691219 -0.135639727 1.31519771 -0.421488583
    -0.494780689 0.224594533 0.0176646411 -0.46551922 1.28963947
    0.314892948 0.893527865 1.11815441 0.522293329 0.0590253472
    0.995224535 -0.127861172 -0.256791592 1.03333735 0.374875247
    1.21649075 0.0870499909 -0.372429043 -0.0675158203 0.292387456
    1.17877519 0.520975113 0.551493406 1.16076541 0.0207272172
    -0.00666242838 0.721673846 1.13035774 0.811810613 1.03219998
    0.934739113 0.626109719 0.510814905 -0.419053048 1.08527911
    -0.384863585 1.39651775 0.310695916 0.847516179 0.807528555
    0.101627767 0.275959581 -0.285681814 -0.078794539 1.27294576
    -0.11777553 -0.209940135 0.416619658 -0.289201021 -0.397987217
    1.23610544 0.11789763 -0.173711717 0.728842616 0.468270689
    -0.249985725 1.55434322 -0.16542539 0.681686878 -0.0684611499
    0.703776479 1.04201949 0.218591332 -0.0914037526 0.395987809
    1.47569919 0.275647581 0.913600028 1.24997902 -0.263111174
    -0.0867385268 0.449312031 0.520643473 0.50363487 1.34974623
    -0.0704300106 0.82843858 0.821410477 0.148190141 1.2795012
    0.295942128 0.974561453 0.148572385 0.967104197 0.0609115362
    -0.192476034 -0.185827643 0.986277282 -0.229209661 1.36192596
    1.39891815 -0.427818328 0.725402772 0.746837139 -0.295692354
    -0.294543982 -0.2182464 -0.00549501181 0.323007703 1.23198271
    0.632878542 -0.370128751 1.30530047 0.889098287 0.0508630276
    -0.0738153756 0.318161488 0.982173502 -0.367899299 0.922167301
    1.17702949 0.835841179 0.121215105 1.1421746 -0.258783758
    -0.0898146033 0.448779941 -0.54257226 0.565405071 0.433284461
    1.02495039 0.748965263 0.620704532 1.21800637 0.45789814 0.805580139
    -0.158228844 1.27551699 0.838728666 0.182563841 1.33925438
    0.0133528113 1.1422317 0.871114194 1.24917197 0.098625958
    0.573641539 0.397594929 1.41099429 0.319523275 0.526115656
    0.250494123 1.13768506 -0.138667881 1.35721087 1.27204657
    -0.39377147 0.242480665 0.392309874 -0.375672102 1.2064662
    -0.0598342419 1.36752272 0.615306139 -0.152121007 0.0594234765
    0.369164973 0.695178151 0.10484612 0.0188862979 -0.0144319236
    0.828642488 0.101588488 0.220862448 1.01953328 0.185803354
    -0.461668968 0.914306641 0.193564534 1.25478792 0.0841268301
    -0.000216007233 0.596324325 -0.175204247 0.727058411 0.135638595
    1.18218231 0.47874409 0.531477928 0.613755763 0.456364393 1.03386521
    1.07259774 1.03429222 0.232469559 1.27053106 0.820439816 0.143426478
    -0.0313363075 -0.227359951 -0.182856798 1.22595298 -0.404721975
    -0.166359305 0.604788303 -0.197869152 0.0509589911 1.43333411
    -0.529073298 0.469871998 -0.297362566 0.630500555 -0.38039571
    -0.109309077 0.106189698 0.168804616 0.618920863 0.55875504
    -0.249300823 0.865514696 0.429173708 0.283879697 0.634781599
    0.342987597 -0.321364075 0.562739849 1.13177156 0.983625889
    1.28324509 0.418423533 1.31262112 -0.389717996 0.745278955
    0.411204755 0.17235747 0.270318896 -0.417562038 0.213412941
    0.0847381949 1.29397869 1.26701307 -0.0127089024 1.38820028
    0.86692214 0.342891365 -0.0348187387 -0.198920578 0.0571703017
    1.08241892 0.350502551 0.541229665 1.31146669 0.051640749
    -0.10022065 -0.176048815 0.423829705 -0.376972914 0.374925673
    1.27841663 -0.188454151 0.880631924 -0.329384804 0.372258544
    0.969856143 0.282067001 1.24690843 0.976449132 0.101357222
    1.31710327 1.36489987 0.499175727 0.448847413 0.866326988 1.29069042
    1.05732894 0.885182023 1.49864805 -0.0709300339 0.843373537
    -0.0943026543 -0.177081436 0.301909328 0.259317636 -0.232925847
    1.48690307 -0.0379765034 -0.344084918 0.209251881 0.469558597
    0.413425118 0.467395842 1.42968845 0.508666039 0.583346605
    1.14742994 0.984771252 0.593858302 -0.426606596 1.42350507
    0.741225183 -0.28393805 0.462404788 0.255383998 0.481317341
    -0.253367186 1.27877378 0.720451951 -0.262446284 0.998799503
    -0.0159781873 0.094335556 1.30191255 0.4802441 1.28341067
    0.211728156 0.502812088 0.952704191 0.242062271 0.20693928
    0.470748961 0.992709756 0.866322041 -0.201660097 -0.116737008
    0.984818399 1.19733334 -0.041333437 -0.443140656 1.09646678
    0.803991795 1.18017173 -0.353252023 0.36768204 0.260469973
    0.913940012 1.38123131 0.851300478 0.507549345 0.8234815 0.985508084
    -0.278386593 0.661938012 -0.0875236988 0.222499847 -0.211669892
    0.63531822 0.8407619 0.6382429 0.610329628 -0.130135328 0.0499628782
    1.33492875 0.6263749 0.0943762064 -0.203173786 -0.453609079
    0.859870672 0.0914636254 0.939922631 0.495747209 1.20317936
    0.247161448 1.07194686 1.37676859 0.291800559 -0.348591864
    0.143693328 1.16069329 1.22942257 -0.251582682 -0.301120639
    0.515187919 0.956732213 0.46444726 -0.0153127909 0.552372992
    0.151475132 0.800887704 -0.456505626 0.394992948 0.954740763
    0.326006114 0.434922755 0.439084411 1.19398141 -0.213459611
    1.05472231 0.378015518 -0.462177128 1.11664319 0.623968482
    -0.0658167601 0.247635961 1.06063914 0.300992429 -0.204217494
    0.099413991 0.801478744 1.17714357 1.12530959 -0.165179104
    0.251116991 1.38615036 1.095734 0.60520786 -0.167565346 0.45202136
    1.39493322 -0.427773535 1.30070305 0.302407205 0.816685915
    0.278847754 1.12799263 0.980832815 0.787622273 0.424334884
    0.677168846 -0.000110864639 1.14505959 0.412392527 0.38276431
    0.191239446 -0.450710863 -0.173070341 0.396580219 0.318332732
    1.12637424 0.775799692 0.568281651 0.221316814 1.4667387 1.06458759
    0.437210619 0.224280894 -0.0898540914 0.864821911 -0.222715169
    -0.0477717817 -0.249630183 0.474068046 0.807127535 1.2079345
    0.591963887 0.588403523 1.04929686 0.92460084 1.37439775 1.04878771
    -0.408097684 0.839451015 0.0603916049 1.19915438 0.600273371
    0.723156214 0.107447952 -0.0218889415 0.242453754 1.43519855
    0.905288398 0.602033198 -0.215652451 -0.419116914 0.709166288
    0.444313824 0.808731556 0.66057092 0.426505685 1.40167117
    0.753607392 -0.120266497 0.722282171 -0.222125411 1.2370069
    1.03257942 0.525705516 0.649129748 0.470771044 -0.34737885
    0.336714625 1.05641031 1.2764169 1.18728471 1.16886854 -0.610909045
    0.982817888 0.706085265 0.297860444 0.289690137 0.848767042
    0.511657834 0.851996005 0.869029522 -0.0357383788 -0.0269950628
    -0.32517302 0.804960489 0.448510945 0.311124206 -0.525910497
    1.34410286 0.534284711 0.605306149 0.83212471 0.323686838
    -0.254758537 0.972457588 -0.203951865 0.199574888 -0.342630535
    1.55227542 -0.157322973 1.21055079 0.679341793 -0.171200663
    0.735542655 -0.225547433 1.23317635 0.721142292 1.11560786
    0.675571144 0.517835557 0.737457752 1.34626865 -0.224187464
    1.23458743 0.603343487 0.748925865 0.533981025 0.708096921
    -0.432204783 0.84667021 0.0721911192 -0.251889259 -0.322650731
    1.12466717 0.517676711 1.02419746 1.34926534 1.13425612 0.309558094
    0.843975306 1.43459606 1.12802935 -0.0839380622 -0.127426267
    0.190776527 1.18604374 0.76886338 0.716664016 1.34542513
    -0.109430313 0.451785266 0.239097834 -0.164421141 0.960851014
    1.30920923 0.434214354 -0.191613287 -0.111044422 0.399558246
    0.475037605 0.0582534671 0.535029829 0.752179027 0.803344309
    0.0847648382 1.34891438 0.495226502 1.3556931 0.442135155
    0.996735871 -0.464529663 0.51136601 0.783280492 0.207892984
    -0.43333596 0.458502293 0.130288482 1.1285888 0.515408814 1.05291176
    1.34557939 1.31590986 0.580739617 -0.468046248 1.34960079
    0.951687634 0.523400545 1.02215075 1.11376548 -0.304515153
    0.711462557 0.985209525 0.196128845 0.613192141 1.42935562
    1.23555744 -0.00550860167 0.566934764 0.845249295 0.703073382
    0.550743282 1.02113521 1.29560208 -0.193943352 0.818758786
    -0.257789254 0.133006483 -0.234454751 1.50669932 1.377388 1.34819889
    0.105430603 1.04799783 0.780206263 0.641505122 0.956197917
    0.46209085 -0.287328154 1.34972596 -0.0787140429 -0.440193146
    0.649774969 1.34381914 1.30374503 -0.455114603 -0.23167868
    0.80819118 -0.101922452 0.723732591 0.920126855 0.743681848
    0.980379403 1.16429162 -0.320600182 0.848448396 -0.122808188
    1.28793406 0.6525653 0.466475844 1.06611252 0.650261104 0.833440602
    0.560852408 0.379301369 1.30980825 0.983362198 0.728640378
    0.721857071 1.23677421 0.118188292 0.678481579 1.00636721
    0.604060829 0.734336615 1.25280094 -0.560009122 1.07051063
    0.344836175 1.12935412 0.66283083 0.422568619 0.635186195
    0.261993647 0.257337391 0.544564962 0.178742409 1.25057995
    0.993206561 0.679104149 0.290880382 0.799510896 0.757768929
    1.26864457 0.777195513 -0.150960118 0.840353608 0.911242962
    0.781498075 1.37379289 0.286985278 1.42577314 -0.146046072
    1.41624832 -0.133762121 0.329322994 1.10902703 0.128776789
    0.399698615 1.10677767 0.376687765 1.53288913 -0.448612094
    1.49402392 1.30698085 0.961577892 0.722382963 1.37868416
    -0.262738585 0.654182971 -0.0242372751 -0.04428792 -0.321158677
    0.232733727 -0.123834461 -0.181449711 0.87395066 0.4174124
    1.34498847 0.406120241 0.194236547 0.287726462 0.450893641
    0.20668906 1.24913383 0.88336283 -0.226190865 1.26315355 0.907023668
    0.341693163 0.146105587 0.930823147 0.0913724899 -0.0892516375
    1.43507171 -0.0449567437 0.371770024 -0.191871643 1.41578519
    -0.234515071 1.36380458 0.62917608 -0.287226528 -0.0546677113
    1.06010437 -0.0408661962 1.27116668 -0.42234987 1.25937223
    0.807973862 0.844241202 1.34965622 0.29781428 -0.39392668
    0.304283708 -0.0569132566 0.292698503 0.416792393 -0.321263969
    -0.0725535452 1.0850538 0.313393176 1.13000822 1.44923353
    -0.424603343 0.499120116 1.24298215 -0.205624223 0.503809333
    1.19635046 0.944426179 0.733150482 1.16725743 0.973024607
    0.608898401 1.19607365 0.771438479 0.393394113 1.32377696
    0.474028945 0.998784125 1.08150578 -0.114632577 -0.127309203
    0.858099937 -0.133990675 1.1560477 -0.261134386 -0.0610719919
    0.706035852 1.1776278 -0.142127931 1.29478323 1.00196338 0.405976504
    0.78976649 0.991708875 0.484901071 -0.165767774 1.30915415
    1.12502074 0.429063082 0.110650599 0.121371865 1.20755339
    -0.287852854 0.761510253 0.777088702 0.190409958 0.0157976151
    -0.246123403 1.15838528 -0.358640432 0.510024905 0.106880486
    0.293819338 0.686515391 0.483573318 0.307048321 -0.145512134
    1.35088754 0.545356631 0.251244098 0.209600091 0.588051677
    0.0248743892 0.645209193 -0.364092469 0.901952863 1.32352495
    0.798251271 0.205076635 1.12492013 0.113501072 -0.197173804
    0.317866623 1.1339972 0.0366011858 0.714021921 -0.205713451
    1.41825128 0.519366086 -0.304661393 0.955786943 -0.352097243
    -0.120506823 -0.491945535 0.148875892 0.659574509 -0.395067751
    0.545712352 0.268013299 -0.515020132 1.05545557 0.422394216
    0.757603228 -0.0944242179 1.3297677 0.951951623 0.304807663
    0.339429021 -0.280509233 -0.381966442 0.0203070343 1.31613123
    0.306691349 0.188598216 0.279898107 0.258984804 -0.138356298
    0.77519536 1.14711308 1.22942591 1.06197762 0.472391576 0.10403496
    1.2923944 -0.483364493 1.17874527 0.731999755 1.01525068 0.967014313
    0.446945965 -0.292402089 0.986695886 0.0755708218 0.425694942
    1.3663305 -0.298338056 0.731000185 0.074878037 1.42410314
    0.621437311 0.576354384 1.11355639 0.562430501 0.719315886
    0.536532044 -0.0893396735 0.258678555 -0.123061001 1.45924664
    0.000167429447 0.013271451 1.17565799 -0.00827044249 -0.137185335
    0.850448549 0.872807622 1.19829512 -0.378239512 0.885495722
    0.377938807 -0.287937343 0.490285635 0.0386379361 0.332267642
    -0.339168876 0.399876773 0.906202137 0.213593483 0.322126269
    1.3266511 1.33984041 -0.513287902 1.08592701 -0.609764099 1.43666792
    0.0556756258 0.318434387 1.090137 -0.0630440712 0.371896654
    0.672783852 -0.0894172192 0.0209038854 0.733009815 -0.178861856
    -0.249499291 1.15808237 0.0961863399 -0.0120570064 0.899107575
    0.390924752 1.10202599 1.38976347 -0.209453642 -0.148939848
    1.02981937 0.908933043 0.570803583 0.159569561 0.149083436
    0.638080835 0.262079805 0.352317095 0.557337224 -0.123883635
    1.30375862 1.31282806 0.564658821 -0.261686563 0.298239768
    1.01298952 -0.348476231 0.163539141 1.24217701 0.980559289
    0.896315217 1.32915187 0.974056602 0.238617599 1.31148529
    -0.541490078 0.839903653 0.161950827 -0.391956836 1.18621194
    0.573097467 0.586138368 0.290338457 0.696081281 0.385246694
    1.20615447 -0.257737279 1.28345144 0.804842055 -0.367530763
    1.40753651 0.876768351 0.310654581 1.43435276 -0.00410875678
    1.0574739 0.363605767 0.182419121 0.198686063 1.0946846
    -0.0689155459 0.902533293 1.23842168 -0.0420449376 1.37402236
    0.918231368 1.21993303 0.412871957 0.377960026 0.0956069827
    0.068361491 0.139828593 0.465740085 0.854688585 1.28657079
    1.11850667 1.33023596 0.192567885 0.254188359 1.01430607 0.616000235
    1.38506842 -0.149833113 1.0458405 0.281733572 0.401232719
    -0.119745791 -0.404390246 0.96420902 -0.224958599 -0.379862726
    0.237235606 -0.168187261 0.352607727 -0.430704445 -0.168524653
    0.273982584 1.49735975 0.216018081 0.0438211858 1.08268416
    -0.296041578 0.0731830895 0.268198937 -0.0779571235 0.61584276
    0.907204986 0.725994706 -0.0191975832 1.21914935 0.0722794533
    -0.412376553 -0.327281952 0.170580685 -0.0765114427 0.162563443
    -0.166289538 -0.243147716 1.24184799 0.170732319 1.1939491
    -0.468488395 -0.250523537 0.19975543 0.677905083 1.3361392
    0.990140378 1.08942485 -0.312734634 0.219970405 0.619372129
    0.732252419 0.65284729 -0.358488768 -0.300132275 0.237111837
    0.511817694 -0.417655468 -0.0383901894 0.0530122519 -0.0713673532
    0.391995639 -0.339689791 1.5401485 0.0248355269 1.3913722
    0.935519814 0.996658564 -0.38961786 1.06194043 0.203993618 1.5525949
    -0.141079396 0.273012459 0.834394395 0.472349942 1.05893826
    1.42926848 -0.0787332058 0.977879941 1.5388087 -0.421953261
    0.824446678 0.84622395 0.629606187 0.476625085 0.778977931
    0.792523086 1.3804574 0.607456982 1.03283 1.08335161 -0.246394604
    -0.355542421 0.549000502 1.07741404 0.244632542 -0.415001661
    -0.121122837 1.59450197 0.60920918 -0.165914178 1.26258218
    -0.260218114 1.16179681 -0.279039145 1.56817687 -0.476271808
    0.800058842 1.20398235 0.1624946 0.612165213 0.494206667 0.58806181
    0.954511642 0.700160325 0.51444602 0.0238406658 0.300179839
    -0.0307354629 -0.0430487394 1.5127722 0.440099239 -0.385594785
    1.15918303 0.225703478 0.481152475 -0.517513454 1.1938045 1.33079088
    -0.178931087 0.678940415 1.5069778 -0.104378253 -0.276642859
    -0.160939217 0.940033257 -0.231449157 0.394442469 -0.127716154
    0.43382901 1.35471463 0.868023217 0.546521664 0.0282298923
    1.42095101 0.10681051 -0.477745056 0.363421381 1.09195447
    0.805961847 1.44551468 1.00351477 0.107754588 1.49411702
    -0.136073232 -0.277090728 1.25143361 0.704535365 0.522273123
    1.19213986 -0.325137585 -0.486998081 1.15990305 1.09484565
    1.06276035 0.206726104 -0.221622705 0.259262532 -0.275307536
    1.00128937 -0.160214394 1.25579381 0.485027224 0.156842351
    -0.0526494086 0.923589349 0.727739155 1.35317767 0.84594202
    1.20816755 -0.141535819 -0.0945231318 0.856281042 0.604629219
    -0.324218333 -0.307102114 0.760632098 0.454648495 0.615657032
    1.54029679 -0.239344463 -0.176331878 1.13631868 0.748843431
    -0.225156695 -0.185356855 0.371093571 -0.00673556328 0.54690218
    1.1310159 0.701828003 -0.210743248 0.0302889645 -0.201978296
    0.9506405 1.21382546 1.27557135 0.732498527 0.366970479 0.616310835
    1.40156209 -0.0978932977 0.23843804 0.161047101 1.26009381
    0.900233865 -0.281930476 0.83022064 0.911623418 -0.136442155
    -0.291492283 1.37956691 0.663956225 1.08174467 0.251161575
    1.09148121 0.561439931 1.18755817 -0.25792405 -0.232333809
    -0.28467983 -0.257366717 1.41366911 0.942289114 -0.503245056
    1.49117088 -0.0868136883 1.22339916 0.794289291 -0.174862295
    -0.516053438 1.02766299 0.601080775 1.11468422 0.710434496
    0.144020796 1.18537557 1.02066076 1.18527436 1.19363761 1.10975027
    0.247508705 1.42785048 0.0847914219 -0.13666144 0.423543453
    0.361349404 -0.356355608 0.419042587 1.04591334 1.05783987
    -0.0757091641 -0.478452116 1.4828589 -0.445768058 0.895822346
    0.303749442 0.124073803 1.33455813 0.357446343 0.774910212
    -0.212593704 1.11088133 -0.374299884 -0.170508236 1.36127567
    0.220372498 0.576372623 -0.0794584751 1.30204368 0.767837763
    0.124896228 1.27967942 1.19629002 0.472058833 0.898200512 0.17609188
    0.323227435 0.440093905 -0.0551683903 1.12357116 0.625204206
    0.288476706 1.08986974 1.16080225 0.280387163 0.600400627
    0.985941887 1.05708098 1.20823634 0.645173669 0.122471988
    0.459276378 0.256069481 1.32920444 -0.117581069 1.53066719
    -0.245542586 0.294325143 1.00210881 -0.268470973 1.29492092
    0.638316214 1.25430655 1.20140529 0.219711214 1.0083046 0.602112174
    0.00138300657 1.03175914 -0.00833404064 0.639475107 0.598987281
    -0.231984705 -0.216041356 -0.372715414 0.302921832 0.182691097
    1.33565187 1.32104409 1.01407301 -0.411180526 1.25771785
    -0.0515286922 0.2140733 0.0319626927 0.161726922 0.586783588
    -0.199414521 1.13760114 0.527093291 -0.348715514 0.163830191
    0.00923067331 -0.393303394 0.366098464 0.527156353 0.682267725
    0.777898848 -0.167216033 0.690936685 1.11352968 0.257254303
    1.59990931 0.155685693 0.0201193094 0.100246906 0.165747106
    1.00355613 0.200622439 -0.287870526 -0.159675062 0.78429687
    0.701115787 -0.221271843 1.21603167 0.319844782 0.492565095
    1.17297614 0.348305047 0.774827421 -0.373633206 0.0467182398
    0.588447094 -0.0494705737 0.0101929009 0.578863084 1.0780797
    1.43792272 -0.403954089 0.693361521 0.628956497 1.15513527
    -0.0898343027 1.32673061 -0.349624842 0.133744836 -0.348474443
    1.01898193 -0.221910626 0.56914705 1.07030153 -0.100903094
    1.45264137 -0.336948305 0.508072138 0.817164838 1.26492286
    -0.362628758 0.571662068 1.19703507 1.04669809 0.657176673
    0.614578724 0.793962717 -0.579493284 1.31368124 -0.481946975
    -0.409972548 1.33428955 1.16871858 -0.139359772 0.535786867
    1.05431473 -0.0408294797 -0.340841413 1.53659105 0.564849496
    0.816184819 0.035194993 -0.0991606712 0.923750222 -0.0618464053
    -0.119748235 1.29154181 -0.179413915 0.553859115 0.0135436654
    -0.191311985 0.0545827746 0.177559078 0.642056167 0.067204237
    0.0977344513 -0.559372485 0.633942604 1.13726759 -0.118411124
    1.34973848 1.23620772 0.715647161 1.05359006 0.57393533 0.865209639
    0.4487876 -0.0580170453 0.851907194 0.355430216 0.605943561
    -0.363512397 -0.253962696 0.525065541 1.36424804 -0.452327162
    0.535205901 1.09978771 0.270274878 0.501415253 -0.15421012
    0.885639608 0.770567119 0.235237837 -0.0567906201 -0.216540456
    0.593009055 0.667417049 -0.132264286 0.925770402 -0.405142456
    1.18277836 -0.173524857 -0.414646506 0.772130728 1.14718604
    0.559000015 0.0512398481 0.70657742 -0.137757778 0.114612639
    0.0843496323 -0.242739961 -0.113332361 0.0191311538 -0.324851811
    -0.2348755 0.203069538 1.42017114 -0.058272332 -0.224278688
    1.10628366 0.173412681 1.45114505 0.112920463 0.166904688
    0.251864672 1.08634901 0.177330524 -0.350425959 0.522185624
    0.304647684 1.33191383 1.27984047 -0.00594723225 -0.0428910851
    0.141357362 0.697965264 -0.260329783 0.358151376 0.46013093
    1.03385782 0.22570622 0.987722516 0.458177865 1.15996861 1.37185621
    0.108451605 1.37879133 0.0322118998 1.41868591 0.744745016
    1.22535956 1.30691028 0.141177952 1.12523198 1.00301993 -0.266125858
    -0.169676542 0.850958347 0.355858028 -0.0488831997 0.0963206887
    0.821656168 1.22156596 0.912680507 -0.152241975 1.0607934
    0.933715403 0.76887095 0.409829021 0.416986346 0.186201513
    0.472902417 0.0632573068 0.433267891 1.50342166 -0.0553386509
    0.170808673 0.655401587 0.11280632 -0.264034688 -0.168091953
    1.02650797 0.75043869 -0.271646351 -0.255999953 -0.191215813
    1.14709961 0.438703537 0.306552231 0.838192284 1.2447598 0.499189138
    -0.401833236 1.16341853 -0.159765348 1.06634557 1.14164662
    0.33332324 0.0177603364 0.438122332 0.418033719 0.0932667255
    1.10020113 0.0683891773 0.710083723 0.0847468972 0.420575798
    1.33908439 0.43653208 1.43561339 1.16509247 0.851123095 0.302143633
    0.507266223 1.30610716 -0.120151758 0.222357631 0.694475293
    1.08914256 0.0573779643 0.642823577 0.749439836 0.358315885
    0.954463065 0.48789829 0.201840699 1.2682333 0.865438342 0.270313859
    -0.123488277 1.17668712 1.01809132 1.43992579 -0.00139141083
    -0.159082592 1.36627018 0.23103559 -0.307317466 -0.259420753
    -0.275099397 1.03196573 0.0818194151 -0.0969080627 0.331870556
    0.632902503 1.05708122 0.341971397 0.794240236 1.43492627
    -0.197503239 1.36612034 1.27829897 -0.146816239 0.395602673
    0.439395428 0.8296206 -0.349571049 0.187712878 1.47107029 1.44045615
    0.715373933 0.379271746 0.174894571 -0.358224809 0.916044891
    -0.420856684 0.701997638 1.36165071 0.742116451 0.407097191
    -0.389477611 1.00579059 -0.0969462097 0.282444686 0.908846378
    0.925578773 1.13269424 1.12092018 1.24185181 -0.153650761
    -0.196788698 0.593112707 -0.258005738 1.41387343 0.259480715
    0.680196822 -0.283549339 0.182213724 0.471306562 0.852440059
    1.44570136 0.819653213 -0.0220040083 1.43680954 1.31201386
    -0.104335189 -0.353267819 -0.210140884 1.07506967 -0.160852134
    0.990911901 0.877066612 -0.209106416 -0.111302942 1.16771412
    0.766812027 0.858730793 0.844925165 0.491591513 0.308011949
    1.01574206 1.33445132 0.674096227 1.24554873 0.721399009 0.363712788
    0.785834491 0.914554298 1.30871463 1.42291236 0.895416975
    -0.446874589 1.27131855 -0.232593805 0.977481782 0.833061814
    1.29004264 0.990984499 1.01191247 -0.0505743921 0.33084321
    -0.38920182 0.76872015 -0.196728542 -0.394646734 0.941756129
    1.2988441 -0.0436587036 0.174882114 1.45824635 1.22489095
    0.192920268 -0.166557193 0.775039136 0.791185975 -0.338976443
    1.35319769 -0.0548706651 -0.240302071 0.1081613 0.624699056
    1.37907743 -0.355113506 0.612354338 0.746819317 0.410461664
    0.428495467 -0.228677124 0.623389602 1.2966826 0.412504017
    0.17745018 0.0767223835 1.42886305 0.377477825 1.30639315
    0.860627949 0.2180444 1.23462665 0.090580225 0.541685402 0.168994963
    0.607653499 0.967053771 0.113103539 0.505389154 -0.546719313
    0.420264542 0.635942876 0.364863873 1.0052762 -0.316549242
    1.30778801 0.012876451 0.381215096 0.709065259 -0.150166839
    0.0119138062 0.233831882 1.34712315 -0.0538800359 0.189150214
    0.983257294 -0.0520268381 0.0865590274 1.14266157 0.228336751
    -0.329272151 0.106467426 0.0650277734 -0.0428347588 0.509709477
    1.07169521 0.948782921 0.872117162 -0.315679401 1.33215785
    0.997687817 -0.41082561 1.06045246 1.25077152 0.526542246 1.26454318
    -0.236640662 1.06300843 1.40221322 1.30468869 -0.0667179823
    0.133138835 0.921899259 0.274658382 1.26183879 -0.322587043
    1.45354557 0.558444619 1.40412426 0.241520584 0.132456779
    0.0655156672 0.0496904254 0.878436744 0.716580749 1.24172342
    0.49267593 -0.27301842 -0.0134794712 0.574105501 -0.160844296
    0.0983731449 0.430573046 0.476405233 -0.0720181167 -0.169388264
    -0.250844508 1.44254875 -0.58051908 1.11195087 -0.151937246
    -0.0350683331 -0.340226024 0.30792284 -0.274877608 1.31006289
    0.315107703 1.02019906 1.39997268 -0.355127186 0.495706975
    0.182167441 1.1613183 0.999615788 0.962763608 1.09951568 0.900980949
    -0.151787907 0.699025214 -0.34763971 -0.395699739 -0.26145035
    -0.432075322 0.911815822 0.297046602 1.25829661 0.74560833
    -0.503574252 -0.262296915 1.0626502 -0.425835162 0.613117993
    1.25598502 1.30236745 -0.229791015 1.29246891 0.284906507
    -0.222077101 1.075073 -0.0735922456 -0.0880647302 0.611146271
    0.925132096 1.14793241 1.06607842 0.53214705 0.979452312 1.08133864
    0.664762616 0.909937203 -0.0794977844 0.567420959 1.05550504
    1.22033095 0.522976637 0.499554396 1.22035122 -0.49090749 1.49174738
    0.976876616 -0.33131668 -0.0597382486 0.556788802 1.15079522
    0.460315466 1.38376081 0.0883829594 -0.39775458 1.16508043
    1.08721519 0.374254405 0.198028028 0.71800679 0.557078958
    0.143505901 -0.40534234 1.43723464 0.786703408 -0.356971115
    -0.256988823 0.968389452 -0.0922960788 0.358349919 0.563650548
    0.44225359 0.95877862 0.582425117 0.969260037 0.561083376
    0.748366654 1.48344243 -0.381544173 0.42957288 -0.226224661
    1.19099164 1.33656526 0.626870155 0.243264616 -0.358416259
    0.190960228 1.24300218 -0.270999432 0.053455174 0.765654445
    1.08823693 0.134271085 -0.287285626 1.35932362 0.894356966
    -0.150928557 0.077924788 1.05051994 0.821742415 -0.155054092
    -0.0955812037 0.41107291 0.732785285 0.679976761 0.0549482703
    -0.080755949 0.810935318 0.628028512 -0.0676688552 -0.387122899
    1.28603983 0.274934828 0.83356297 -0.462742299 0.274888277
    1.43809009 -0.140314937 0.326101899 -0.205812305 0.672938168
    -0.351440847 1.19376791 0.391306877 1.12481737 0.222821623
    -0.229245052 1.21806908 0.181866229 1.20566273 0.0510976315
    0.750149608 0.0964303017 1.06968999 0.0491833091 0.516373217
    -0.0718981028 1.36136031 1.09456563 0.697990775 1.21396244
    0.224161327 -0.369873226 0.60719347 0.663186908 0.264152706
    1.19119966 0.879336417 -0.15144676 0.571727514 -0.0562967062
    0.592843413 0.958726704 1.31677198 0.0404774547 0.924719334
    1.32211804 1.26891851 0.0251137614 -0.522076964 0.563179255
    1.23508382 -0.385462672 0.864768267 0.266606808 0.466555178
    0.0204402506 0.51906544 0.5671345 1.34634006 -0.370847553 1.2854327
    0.858138025 1.38167739 0.0302208066 1.55757117 0.509202957
    -0.203286648 -0.234881312 1.05150795 1.32642186 0.299891293
    -0.21598582 0.087641716 1.56824386 -0.234369755 0.28256622
    -0.323129117 -0.477464348 0.514818132 0.254554689 -0.389240563
    1.17994583 -0.0106436014 0.300749421 1.01268601 -0.0229030252
    -0.38775143 0.950519562 0.332992077 -0.00678181648 0.84019357
    0.88692987 -0.313053548 -0.00740838051 -0.235225469 -0.453735799
    0.650171518 -0.0241267085 0.981759667 0.713055849 -0.569496989
    0.718004763 0.294557512 0.958654523 1.08885741 0.605870187
    0.954284489 0.635160923 -0.404329658 0.10756883 0.00329488516
    0.215301394 1.00784862 -0.143341452 1.17127848 -0.148958296
    0.0936230421 -0.177580088 0.771602869 -0.0691581666 0.906830966
    0.639171541 -0.178095326 1.04306889 0.115261048 1.10192895
    -0.0264689028 0.184260368 0.0820447206 1.04558825 1.16127145
    0.883263826 0.546790361 0.267154813 1.4087497 -0.37458241 1.4586606
    -0.0994910002 -0.233742058 0.0499370098 0.364801764 1.46945
    -0.256852418 -0.234597459 0.644680381 -0.0586888194 0.818510711
    0.943535507 0.185462713 0.432594121 1.35926485 1.44778252
    0.847242236 -0.326873779 1.55276024 0.690658927 1.19911802
    -0.0637669563 0.743331254 -0.0350529552 1.46261787 0.887396932
    0.178857714 -0.138369113 1.16697526 0.420932889 0.0291277766
    -0.124270707 0.700515211 0.158810735 0.242044508 0.551246881
    0.0647091269 0.0163469017 0.405488193 0.235110581 1.08581185
    0.796471596 0.367338359 0.164513111 1.11740756 0.332288593
    -0.382524729 0.675010026 -0.201453924 0.208638668 0.924497485
    1.27523112 -0.121987402 -0.360809207 -0.0936738253 -0.180730373
    0.21837455 0.732169271 0.0942110121 1.0845077 1.00944722
    -0.311507463 1.24393761 -0.477627903 0.239186466 0.055403471
    1.04852748 1.35173702 -0.275287271 0.728772998 0.641176403
    0.484445095 0.347096503 0.807687759 1.16348171 -0.0349135697
    0.224491924 0.477571934 -0.29036504 0.127065957 1.11934972
    1.05773544 -0.239726424 0.638282776 -0.0879144967 1.20988607
    0.335054696 0.754612565 -0.236668974 1.47045112 -0.0202016234
    0.104060173 1.50987101 1.12736368 0.505617499 -0.302809954
    -0.342882395 0.812636495 0.99944824 0.454523742 1.17103148
    -0.0145658553 1.33547831 -0.0792269111 -0.414821982 0.896942079
    -0.22656244 1.24190211 0.636416197 0.666119695 0.327002227
    1.19538116 1.31714964 0.473716199 1.21157432 0.907681525 0.690556526
    -0.305064619 1.35374093 0.866974175 1.40630388 -0.0639109612
    0.47069025 0.084122777 0.063755095 0.579923451 1.02611709
    0.226548851 1.49327683 -0.1424326 1.0874567 0.519805551 0.366416812
    0.0836638808 -0.474823952 0.332837105 0.650479019 -0.0515335798
    0.230135143 0.176223934 1.01714146 1.30218697 1.0004437 -0.102448672
    1.25949132 0.0323784351 1.30583 0.47524792 1.37762785 1.31565475
    0.293914378 1.08814716 0.439197898 0.328768373 0.610943079
    1.26780534 0.511542499 1.1400497 0.21148473 1.30265427 0.381626725
    0.888031781 -0.0144014657 -0.345807463 0.264241397 1.31543279
    0.663022876 0.717836618 1.45792639 1.13009882 0.649992764
    -0.102029443 1.4663409 1.3551842 -0.101595372 0.244531602
    -0.251166135 -0.353254765 0.0819161236 -0.18884851 0.792845666
    1.01394534 0.69492501 -0.118522435 -0.403584838 -0.0605998337
    1.00044274 1.11807275 0.202331603 1.23411584 0.893669426
    -0.431410849 0.283487201 0.203812838 0.985638201 1.34677517
    0.982566953 1.1420176 0.966097713 1.05726457 1.0882864 -0.231552333
    1.23175049 0.847711146 0.016699791 0.375174433 1.04437029
    0.748701572 0.80889231 0.95492363 0.967259169 0.94458878 1.02129865
    1.45409214 0.35819006 0.026496321 0.71143502 1.3901937 1.40599418
    1.0171144 0.357916892 0.884391785 -0.118979245 -0.0944792032
    -0.24799341 1.14450908 1.09245896 -0.28581351 0.236402124
    -0.127303123 0.685942471 1.21497059 -0.559531093 1.37204814
    0.500124097 0.178116262 1.04305744 0.323892891 0.511252224
    1.30064905 0.668778956 0.790925086 0.035913974 -0.147791058
    1.47925925 0.917191386 0.822694838 1.3995291 -0.413911074
    0.0838211775 -0.449827015 -0.377699763 0.633005321 0.780184984
    1.19582379 -0.0109564662 0.074873209 1.1901052 1.09924579
    -0.287277788 0.0187224746 0.942037165 1.12282872 0.235385567
    0.342924893 1.38625324 -0.284991056 0.580377221 0.219528615
    0.201098621 0.273132563 0.743646622 -0.323443174 1.22872961
    0.713062406 -0.229989529 0.849067628 0.513753355 0.107232034
    1.38534379 1.42878699 -0.170166284 0.17963177 0.159092963
    0.0207647681 1.31709838 -0.114645034 1.09385669 0.745278358
    0.632625222 0.321652293 0.858808815 0.204021752 0.4222368
    -0.346869379 0.867495835 0.915029526 0.36231941 0.30061841
    0.667281508 -0.0338335931 0.4566378 0.423856914 0.948355258
    -0.263566762 0.895003796 0.500674367 1.33079076 0.616797686
    1.29750955 0.148856282 -0.323677242 1.62035501 0.301311493
    0.796806335 0.249278247 -0.289018691 0.953893304 -0.0204312801
    1.01436305 1.29911351 0.230785906 1.22181678 1.03360462 0.155297935
    1.26501846 0.761533678 0.474451959 0.268554479 -0.265411079
    -0.228565723 0.813908875 -0.145090401 0.479010403 0.24418956
    0.586910963 1.21828794 0.825658977 0.87302494 1.1494323
    -0.0309029222 0.717067242 0.227399468 0.391362846 0.778123498
    0.749221623 0.257666171 -0.0392384827 -0.1286107 0.490784824
    0.228548586 0.310869902 0.958730459 0.688114166 0.172445476
    0.601959825 0.252751291 -0.300843626 0.469790578 0.4233886
    1.46886444 0.202804625 1.21509099 0.800326049 -0.0529226363
    0.09756428 -0.377852738 1.0105536 0.384352565 0.151376247 1.33774102
    0.92427808 -0.18709448 1.17956769 0.70846498 0.697783947 1.37019253
    -0.50890702 0.897618353 0.899377525 1.26299548 0.586127162
    0.939250112 0.891840219 0.0611619949 -0.0181068778 -0.124371022
    0.730499387 1.27059603 1.41234207 1.13578308 1.03611732 0.26565969
    0.909691572 0.969619632 0.575114906 1.33728468 0.817730069
    -0.0638007224 1.36029291 -0.00346416235 0.943385124 -0.0820653439
    -0.336604476 0.488944232 -0.208722144 -0.277598739 -0.32354486
    1.10364556 1.19386578 0.772274196 0.30708307 0.555737376
    0.0970341861 -0.306829005 0.0688325167 0.928118229 0.244122267
    0.444457263 0.173011422 -0.410810202 0.883134544 -0.297274679
    -0.101493806 1.28980601 -0.184491366 -0.276642412 0.278213203
    -0.419513822 -0.448803008 1.42080688 -0.0341759324 1.27974141
    0.750810206 0.512304783 -0.0784404278 -0.251223117 0.225440919
    1.36995292 -0.479883343 0.649303794 -0.116915882 1.1839937
    0.882867396 -0.428853959 0.6870206 1.16283214 0.944338977 1.0839498
    0.29764545 0.336470306 0.0236803889 0.823260665 1.14617419
    0.904285491 0.612102509 0.198132992 0.964396536 1.11741531
    0.605110943 0.118354678 -0.000319123268 -0.121662021 1.18228126
    0.203265309 1.21600771 -0.305761218 0.509180605 1.31656408
    1.27814043 -0.185462505 0.647657096 -0.299375951 0.446090937
    -0.595379412 0.341065526 0.185295582 0.873916626 0.907528341
    0.828185678 -0.282580435 0.220809817 1.27653348 1.00251532
    0.880534232 -0.392666727 1.469841 0.990188718 0.510699093
    0.826715291 0.762052894 1.22545588 0.369129777 1.21392059
    -0.406448483 0.556203187 0.153294563 0.739269018 0.863522768
    -0.462771893 -0.34346509 -0.100099951 -0.415255845 1.21309781
    0.154597461 0.959477067 0.758036256 0.589610636 0.661411107
    1.29248464 -0.417677194 1.19217396 0.68335712 0.950427532
    0.674653053 1.24674654 -0.468313903 0.907007873 0.056425333
    -0.298233151 0.81362462 1.18531895 1.07089758 1.44097626
    -0.300883442 0.463200718 -0.292734802 1.11114383 0.0493907332
    -0.00743880868 0.75966382 0.348144472 -0.191423357 -0.321261764
    0.510023534 0.796060324 1.24790525 -0.256522179 -0.0289918184
    1.33989942 0.113174558 0.154257596 0.914422631 0.901280046
    -0.266531706 0.328986168 0.631495953 0.366571903 0.951539576
    0.810946405 -0.448771566 1.4367249 0.178845227 1.43604338
    0.805582047 -0.354110479 0.543927848 0.99732554 0.96555382
    0.135610998 1.26082933 0.115225732 0.085134387 0.949346721
    0.385213494 -0.449502826 -0.195236534 1.6271745 1.01829028
    0.648867428 0.280422956 -0.048017323 1.61858082 -0.279931396
    0.166899413 -0.335646242 0.929456055 0.354936957 -0.60156399
    1.28585672 0.948008597 0.737449229 -0.292357624 -0.484912843
    0.921539903 1.45277703 -0.133649558 0.342469275 1.42572594
    1.25552225 1.0065074 0.970761895 1.0800705 0.6540308 0.110029399
    -0.0853801966 0.877490878 -0.0333443284 -0.400235444 1.47781634
    1.06002069 1.37678802 -0.188888282 0.226619363 0.356629074
    -0.0939515531 1.34888768 0.079697907 -0.13469708 0.39178735
    0.281504095 -0.0489434004 -0.261798859 0.440909117 -0.285326064
    0.933770895 1.15169334 0.284547567 0.816412449 0.154745936
    0.56931746 -0.307137519 1.40372455 1.34404087 0.885724664
    -0.536250591 0.778482378 0.911134422 -0.219775468 1.27210426
    0.406514883 0.189207673 0.985871971 0.345151961 0.558170438
    0.459418595 1.16779506 1.25713539 0.0414669514 0.499968529
    0.770696163 0.679684103 0.411021948 0.555739164 0.336960256
    -0.464220405 1.3379916 0.691566885 -0.341257036 1.00361395 1.379915
    0.146566331 0.320527315 -0.393345237 0.0884721875 -0.368138313
    1.02411056 0.0675309896 1.00401485 0.325309604 0.562231064
    0.447821289 1.44933116 0.195668578 1.46088886 0.098290205
    -0.326845795 0.470155656 -0.100719988 -0.0261031091 0.932083726
    1.19719911 -0.0371290445 1.27538538 -0.2314156 1.16904914 1.38501072
    0.183957219 1.27084243 0.525542438 0.394558549 0.277347893
    0.113899648 1.09414458 1.33357298 0.605310202 1.4331758 -0.294834793
    0.472801775 0.259607494 0.660067201 0.691198945 -0.310537279
    1.33538151 0.539367974 0.922460496 0.873674572 1.31351078
    0.210674942 0.533872962 0.988000989 -0.295291126 0.474120021
    -0.251318604 1.39195967 1.06656575 0.114073336 0.335002035
    -0.253612608 0.0140799284 0.739319921 0.284253836 1.01060593
    0.781672895 0.136981368 0.374422491 1.36991429 1.19776738
    0.904595971 -0.00138956308 1.31618118 -0.462873459 0.746997058
    -0.1878445 -0.425105333 0.906531334 1.0826354 1.38109708 0.874701738
    0.891732395 0.63539964 1.3294661 0.116394997 0.562379718 0.116678834
    1.1631496 -0.00153142214 1.02211142 0.794932485 1.25203872
    0.691929996 0.0126428604 -0.409412175 0.593295515 0.743211746
    -0.233477056 0.752374887 0.577203393 1.15952027 1.23148274
    -0.432351559 0.535897732 0.367873698 1.23133397 1.46632409
    0.843787074 1.41668892 -0.433013618 0.913602471 -0.501791298
    0.40190506 -0.167903423 0.410458207 0.674846351 1.24231482
    1.09249043 -0.0315561295 0.9066571 -0.019007504 0.959369957
    1.03426909 0.667673767 1.22638249 1.03171301 1.38013852 -0.255909681
    0.518634915 0.807732403 -0.16756922 1.09490287 0.717316091
    0.944766462 0.935757756 0.847351551 0.505584598 0.0954579413
    0.193033367 0.793799102 0.685367703 0.802516937 -0.217539579
    1.07433105 -0.193257987 -0.127061203 0.237667501 -0.0982106924
    1.57460237 -0.379257858 0.200163841 1.31963968 1.095752 -0.339805424
    1.51998305 0.404451966 0.371214926 0.824852288 0.0591166019
    1.02849245 0.172044337 -0.142224789 0.145878464 0.352650791
    0.67067045 1.28107953 -0.0915359259 0.640812695 1.22888827
    0.937919796 1.30224609 -0.116894782 0.20755589 1.10221171
    0.718984425 0.030441165 0.132582664 0.475348622 0.306552052
    1.19539845 -0.277404428 0.291567773 1.36672187 -0.194239676
    1.33254886 0.825861335 1.04224873 0.884556472 -0.386200786
    1.13063478 1.33637881 0.508333385 0.341204345 0.60864222
    0.0231890976 1.35062718 0.537385225 -0.588310122 0.760373354
    1.18447387 -0.222215086 0.151026726 1.29980063 1.1471262 1.34148574
    0.217320859 0.538672626 0.266167939 0.344150841 1.29792166
    0.934865534 0.339795947 0.848440588 0.193335295 0.325139225
    0.679209113 0.647110403 1.1476264 0.171818614 1.5005635 1.53798258
    -0.404435396 0.162935019 -0.110078037 -0.408280969 -0.0767268836
    0.702942193 1.4782933 -0.291633308 1.0365026 1.06010544 1.27034998
    0.140570223 0.213246346 0.63821274 0.871208727 1.10335755
    0.200225651 -0.00965020061 1.06904101 -0.159785151 0.48282823
    0.0578617454 1.31203055 0.232746661 0.46950388 0.112808406
    -0.0193534493 1.57314396 0.519411564 0.070812881 1.30198371
    0.00763487816 0.164795995 0.47613281 1.34057188 0.2366274
    0.847364962 -0.425034523 0.789912701 1.22975719 1.35797453
    -0.0685901344 -0.291091919 -0.00205567479 0.901094019 1.23883343
    0.232371628 0.206586421 0.371947527 -0.378817022 -0.365406841
    0.791663051 1.40863526 -0.249279007 -0.207593769 1.23838806
    -0.313015759 0.366942406 1.11853945 0.721363366 1.24694633
    -0.0366670489 0.567853093 -0.43292743 0.946920455 0.423480034
    -0.554526389 0.800426185 1.3035413 -0.0972774327 0.138483047
    -0.36311388 0.945047617 1.33533263 -0.354623795 -0.143380344
    0.660403967 1.06051123 0.944359958 0.246785551 1.24193656
    0.462260783 0.907231212 1.19129682 0.843326688 0.049376905
    0.0479952097 0.721926272 1.1502918 0.201119602 -0.198377103
    0.534161508 -0.485814512 1.0560379 0.277725458 0.984668136
    1.19660759 0.621734977 0.975847483 1.00853384 0.179422498
    -0.196054801 0.190301538 0.90757072 0.586668611 -0.255724669
    1.3725816 -0.0254970193 -0.230696708 0.205172777 0.553452134
    0.651138544 -0.124318182 0.320710063 -0.0621502399 0.804167271
    0.878932774 0.234299183 0.445079684 0.411618352 0.00768309832
    0.284893632 1.35936058 0.527083576 -0.225368172 0.517085552
    0.109845698 0.46942696 1.39319777 -0.161588877 0.560826182
    1.20666313 -0.474766761 1.39394295 1.0653739 -0.229532659
    0.737696171 1.0779531 -0.0905436277 -0.0272899568 -0.389047593
    1.53456211 -0.256591141 -0.332857072 0.955107987 0.69071728
    1.35465479 1.51386523 0.176558375 -0.299190342 0.988318086
    0.335399985 0.174595952 0.32426399 1.02807605 1.28245425 0.579475939
    1.00443554 -0.540525973 0.360208273 0.738413215 0.662093222
    -0.147820592 -0.330303282 -0.215395004 0.997410178 0.0520167947
    0.102604806 0.0181553066 -0.36610195 0.589902997 0.103505015
    -0.0336419642 0.753370523 0.347651064 1.20456743 1.35502172
    0.887393653 1.39081323 0.418488294 0.0610321164 -0.283377886
    1.04931843 -0.110456616 -0.107469678 1.29527307 0.510698438
    -0.471478015 0.374861062 0.213319451 0.149639726 0.371419311
    1.45125163 0.167949378 0.432103872 -0.34401089 1.29955387
    -0.234240845 0.208044946 0.175097883 -0.0973359942 1.03897858
    0.883143842 -0.157022834 0.901156545 0.100047767 1.31456304
    0.518006802 1.41832757 -0.408658743 0.39571631 0.500657201
    0.79158473 0.120095193 0.449767262 0.066506356 0.364926428
    -0.346640617 -0.22090894 0.678279877 0.731093407 0.210977793
    -0.180966169 0.854191482 0.178386509 1.11964679 -0.191761643
    1.53049278 0.104031444 0.089214325 0.638819933 0.446405798
    0.986804724 1.22358012 0.372879863 1.03375888 0.577356815 1.29572344
    -0.126195431 1.07236028 -0.0830659568 1.43043172 -0.182002783
    0.166002989 0.195989847 0.312930584 0.402926207 0.98424536
    1.41035247 0.990255117 0.0279615521 -0.353885949 0.526440024
    -0.173483014 -0.341071486 0.892640173 1.54268765 -0.205119103
    0.940888405 0.54507786 0.108818293 0.587577462 0.906143725
    0.355996251 0.407263935 0.128633499 0.245118618 0.19518429
    0.510717809 0.428291023 1.1752038 0.996360421 0.567708492
    -0.414627552 0.212283224 -0.344387472 0.772689283 -0.252048701
    0.731312692 0.414455235 1.10511053 0.718492508 0.548720121
    0.00161442161 -0.185011536 -0.429672509 0.767801523 0.944167912
    1.45406234 -0.544043899 0.75939399 0.886746585 -0.268197298
    -0.33270216 -0.268301517 0.634221911 -0.308654964 1.06503201
    0.616456091 1.40062141 0.0110293031 0.614352167 -0.208512247
    1.1437552 -0.0122963488 0.825815976 -0.0228770971 0.392709821
    -0.0787558854 -0.146494627 -0.173348814 0.979557872 1.22711015
    1.04096758 0.727437019 0.651931703 0.777010143 0.296068013
    -0.242435828 -0.160121232 1.3381387 1.00931704 1.1823566 0.353830516
    0.412893593 1.02123201 1.01500189 0.0740015507 0.951364994
    0.288704693 -0.194876552 -0.00933662057 0.617790282 0.383040369
    -0.234246373 -0.401807219 0.459353536 0.45163554 1.10590887
    0.504903972 1.03131008 0.956691384 0.999909878 -0.404691219
    1.39399529 0.676077306 -0.0120115876 0.614093125 0.837957144
    0.393550813 -0.294475377 -0.289782822 0.24563849 -0.221876591
    -0.205112278 0.777436018 -0.174770147 0.298985392 -0.206526458
    1.46319795 0.287246704 0.768833816 0.637147307 0.627379358
    0.308668554 1.22343659 -0.204066977 -0.249464154 0.190879226
    0.858314157 1.03186274 1.00571966 0.550908983 0.0931550264
    1.11464059 0.0317848027 0.209110796 -0.0975167155 -0.30705902
    1.38574886 0.189666808 -0.403446108 -0.164143115 0.753181934
    -0.109991848 0.744442463 1.45078015 -0.36334908 0.368628383
    1.10960364 1.02472758 1.20801115 0.43330729 1.29552007 0.440476477
    0.0200528502 0.48813352 -0.0462990403 0.0325562358 0.631029487
    0.821698487 0.955714703 0.141015291 0.566140532 -0.176219314
    0.0152493417 -0.156598702 0.394926399 0.312305272 0.917922378
    0.722326279 1.14039707 0.0296946764 1.10363173 0.518271387
    -0.477796614 1.22519922 0.456178904 0.379558533 -0.00583964586
    0.811047196 0.663914263 0.333322585 0.885138929 0.677890182
    0.199125022 -0.174583316 0.434105605 0.287391067 0.905232608
    0.355240524 0.629750788 0.479902685 -0.207129717 -0.402687609
    0.728814006 0.552909493 1.41895807 -0.311035335 -0.0471022129
    0.333150208 0.0103653073 0.841999769 1.40257382 -0.00281891227
    0.690897763 -0.311659336 1.11906719 1.12195563 -0.496399999
    1.33775818 0.427110255 1.12387705 0.127518415 0.465624273
    0.742293894 0.30533123 1.28041077 1.32221675 0.886176288
    -0.375847727 0.789075613 0.553476989 -0.147709131 1.25089598
    0.264594615 1.46024704 1.19369209 1.66275215 0.428001881
    -0.226298675 0.299859464 1.19193435 0.943148196 1.00207281
    0.859406948 -0.212547421 0.620464206 0.381906956 0.0406140387
    0.626347542 0.184435844 1.17997634 -0.0112416744 0.42334348
    -0.0752201378 0.261764109 -0.328106552 0.159134239 0.229817271
    -0.157950372 0.803923965 1.17631745 0.764202416 0.240598917
    -0.291481674 -0.0996940434 0.834259927 0.691383302 -0.129969358
    0.538464487 0.0636509955 0.328782916 0.678045154 -0.383248776
    -0.268905938 0.0695211291 -0.0583589375 1.23746514 -0.109281421
    1.59245193 -0.39524889 0.29630357 0.994740963 0.317206204
    0.927852929 1.46989214 -0.12496987 0.682912946 0.41970402
    -0.28012988 0.40901804 0.590071976 0.799947083 0.799061537
    -0.337878466 1.18624425 -0.275575072 1.3627969 0.760244131
    0.754689336 0.271855325 1.21113014 0.314982116 1.16099429
    -0.222583652 0.840590656 0.894668341 0.0858853757 0.100500643
    -0.0876764059 1.40718269 0.191251159 0.888040662 0.604016185
    0.59098959 -0.0795913637 0.672325909 0.771748364 1.49946368
    -0.183728695 0.115774006 1.25830781 -0.170376211 0.752519429
    0.578747511 0.409747362 0.772200227 1.44015646 0.168310821
    0.998957455 0.8138237 0.0977120697 -0.0780646503 1.00431359
    0.143929154 1.47141171 0.979180694 0.89370513 0.634416223
    0.362626851 0.00941762328 0.566746831 0.105498254 1.11548591
    -0.0781241059 0.836285233 1.30864429 -0.0880281329 0.190512598
    0.0552213192 0.878903151 -0.101474464 1.05751991 -0.0764726698
    -0.186491683 -0.219418332 1.36285543 0.0543655157 1.1449213
    1.13920915 0.840749145 -0.34717232 -0.18754819 0.157259703
    0.725839496 0.0563146472 -0.448953569 0.371254683 1.18961215
    0.929339051 0.732735872 0.52494514 -0.404972255 0.0372249782
    0.739816964 0.831604779 0.254618227 0.617701173 0.983965397
    0.653344393 0.261697054 -0.426020563 0.823779821 0.866632164
    0.311113 -0.13868174 1.20324969 1.29925728 0.26319623 1.29360032
    0.861925542 0.588908315 0.0773481727 0.445050538 0.839679182
    0.855808079 0.530920446 -0.17026943 -0.35744068 -0.0177201629
    0.286917299 0.345416844 0.261509925 1.33296847 0.808315814
    -0.166324258 1.45181179 -0.0198468566 -0.0469874442 -0.432201833
    -0.233103633 0.218901575 0.198520899 -0.0651990473 -0.492373496
    -0.333618224 1.46526647 -0.24536705 0.113175035 1.07671404
    0.704417109 -0.35183531 0.452953905 0.00547218323 0.869434237
    0.224689305 0.551922083 -0.236363232 0.881611943 0.704053104
    0.481125385 0.336996108 0.0216988325 0.340683967 -0.478553653
    0.180842102 0.446146548 -0.474618345 0.478573531 1.30824423
    0.340834558 0.10064742 0.686985791 1.39743018 -0.404930055
    1.23836327 0.626049221 0.602308691 0.937714458 0.533645332
    0.298068851 0.805646539 0.47717905 0.654052079 0.9644472 0.229745209
    0.982602298 0.100193977 -0.086900562 0.0657556057 0.499591589
    -0.0887217224 1.23728442 1.40653634 1.27686489 0.724001169
    0.0937906504 0.962630332 0.35033673 -0.288319051 0.0269447267
    -0.172252864 1.44479942 1.22260523 -0.34730947 0.336284548
    -0.36128062 1.46579039 0.587445915 -0.0664352775 1.47200441
    0.71830374 -0.377507001 0.342602015 -0.440726519 1.09802544
    0.431913316 0.173722684 1.42369175 1.40114617 -0.389331937
    -0.433969378 0.87520802 0.514653802 -0.26644063 0.0412963629
    1.03360355 1.27616584 0.95087254 0.0654200315 -0.0283743143
    0.277399749 0.567716062 -0.404673994 1.47486746 -0.421753049
    0.55691731 1.23647368 0.201611727 -0.221067876 0.5757792
    -0.275177896 -0.308563948 0.713599563 0.385844707 0.450750768
    -0.148650438 0.639344335 1.13540339 0.869995892 0.251433045
    0.403841496 -0.132117987 0.646678805 1.20944703 1.46210456
    0.786900699 -0.0697008669 -0.208571807 -0.123561949 1.29612219
    0.33952719 0.185309529 0.257462531 0.332818449 1.16204166
    -0.38153255 1.47954011 -0.28026396 1.31681442 1.0474484 0.0397638083
    -0.325941205 -0.168905824 1.05564904 1.34944975 0.946785331
    1.13568401 0.16105032 1.36647236 0.382842958 1.23825502 0.164670706
    0.23882252 1.31023455 0.139114857 -0.102613628 1.09617186
    0.225510716 -0.495548517 1.00211656 0.304392606 0.541641176
    0.318663329 0.592829943 0.845766127 0.410949588 0.932577491
    0.204361677 -0.413940728 0.772188663 0.501835585 0.626187742
    0.994281411 0.660449028 0.652809143 -0.123618603 0.377738595
    0.440672278 -0.0117786229 1.15925407 -0.391214758 0.530076444
    1.32685769 -0.210397124 0.630906284 0.469504774 0.599467754
    1.28806067 -0.210133225 0.510836959 0.165578187 -0.0488037467
    0.346657515 -0.178919584 -0.244462773 0.283274263 0.103031665
    1.05252922 0.882293344 -0.204547733 0.19686842 -0.0348203778
    -0.348989934 0.906330466 0.834791064 0.642159402 0.699494302
    0.802009284 1.07295239 1.32630599 -0.0649561286 -0.337787122
    -0.256419659 0.989138782 0.957382023 1.38045931 -0.279323697
    -0.224268004 1.31385779 0.359164834 0.977454722 0.905151546
    1.17982495 -0.0653112531 0.868771315 1.3962009 -0.0276042223
    0.847945869 0.517930925 0.818668842 0.568951488 0.563028574
    -0.30485481 1.38898182 0.0845041275 1.08291459 0.131040633
    1.27878404 0.0986100435 0.886204004 0.442955375 0.550207376
    0.312628657 -0.448557198 1.074628 -0.226723269 -0.427574605
    1.02399886 1.29011512 1.27025712 1.29978561 0.95982492 1.1470027
    0.210037291 1.08289993 -0.380463481 0.166548014 0.334843695
    0.331590831 1.01361799 0.312137485 1.3596077 1.27544904 1.03913116
    1.14421773 1.12025952 0.464003325 1.30268049 0.137596786 1.4164865
    1.03943825 -0.394753844 -0.0767346621 0.204273701 1.00942445
    1.47872543 0.489007413 0.104768962 1.24880171 -0.35646525 1.43880308
    0.76197499 0.200868547 0.99477452 0.42433387 0.903572142 0.612435162
    -0.225777403 1.06741536 0.901827276 0.0570946336 0.996962309
    0.493411839 -0.352059007 0.399892509 0.0344804823 0.84758687
    0.104747444 0.050709188 -0.228681579 1.12376499 0.0582668185
    0.740893543 0.415684134 0.36461404 0.148965031 0.756828606
    0.772537827 1.35796428 -0.505174339 1.24220347 0.824732304
    1.13007689 1.21426046 0.651965976 -0.194994926 1.0524497 0.267986
    0.88749969 -0.263211727 -0.0710820556 0.815418839 0.860862017
    0.103856891 0.472835422 0.995303035 -0.347600877 1.0848856
    -0.0791903138 0.846880794 0.432503104 1.39869702 0.859899223
    0.505469322 0.539373338 1.44146419 -0.473913819 1.30839562
    0.511347592 -0.00170344114 0.955892384 0.40320158 0.532576621
    -0.174667895 0.711097121 0.228465796 0.745178223 1.36952591
    1.46405196 1.16801596 1.00120032 -0.123350441 1.17699683
    -0.153317422 0.845695138 0.607141495 0.166450977 0.926871836
    0.198704958 1.26531208 0.126565218 -0.215451181 -0.0439770222
    8.01682472e-06 -0.261254013 1.33147347 1.30591738 0.485751629
    1.27995181 0.930556118 0.953886092 0.19692409 0.922647595
    -0.0518212914 0.0539199114 0.413761407 0.39879629 0.344007045
    -0.0404341817 0.482115209 -0.319772333 -0.120686054 0.292932093
    0.00373139977 -0.0975614488 0.778678894 1.07046282 0.134869248
    0.972001433 -0.285991848 0.306286186 -0.409623533 1.14767623
    0.179070294 -0.218852848 0.522772551 0.982167602 -0.247471318
    0.820177495 0.078191638 0.550408244 0.641587377 0.239697278
    0.709954262 0.0903551579 0.386965096 0.786808908 1.02993941
    0.608750582 0.192125261 0.470480263 0.878732145 -0.248464704
    1.48947191 1.06891489 -0.116602778 0.0672898293 -0.251814365
    0.483976632 0.0332987905 0.171728134 -0.380244672 0.900885999
    0.806003451 -0.0960830748 1.20743155 -0.308253169 1.08879709
    1.19550943 -0.270972848 1.02462316 1.32428384 -0.301666975
    -0.239880919 0.826232791 0.755091906 0.270131946 0.292126238
    0.120686561 -0.372665644 0.83476311 -0.0546415448 0.538551748
    0.420182645 0.506102264 -0.225298554 1.32855892 1.23113775
    1.36497164 1.47094607 1.3071394 -0.144334972 -0.108212441 1.26575112
    1.13139558 1.1631794 0.826693058 0.453543514 0.18714866 0.787972331
    -0.417589486 0.658239901 -0.00161576271 0.551959276 0.741545677
    -0.363951176 1.25126362 1.05775714 1.29812002 0.433475435
    -0.263459116 0.0655456185 1.33447731 0.860786855 0.136364281
    0.347069919 0.13015455 0.613198996 0.163273752 0.913962781
    -0.153258383 0.324581742 0.493524671 -0.00865513086 1.16034269
    0.233636439 1.17864299 0.440077245 0.446522951 -0.0778277218
    1.1259923 0.534975171 1.27935803 0.907301843 0.320232868 1.46674347
    0.868982732 0.140706062 -0.346774817 0.930463731 -0.0350121856
    -0.0772755444 1.49013102 0.781981707 -0.188099235 0.582556963
    0.141669095 0.245666981 -0.179462612 0.229151011 0.955640852
    0.864358187 1.40950894 0.795051813 0.776717126 1.09587979
    -0.397411525 0.701412082 1.16681707 1.12181401 -0.224018276
    0.44694531 1.20376968 0.421761036 1.25658703 0.708601415 0.202587843
    0.597339511 0.556308031 0.261008561 1.42376995 -0.36460036
    0.379615307 1.0098623 -0.45204109 -0.289802551 0.40861994
    0.649089813 -0.191749483 0.469454408 1.11569858 0.308836341
    0.428267539 0.29409343 1.17785692 0.649121642 0.985016525 1.22977924
    0.537628412 -0.167293161 0.874942183 0.0926652253 0.715262175
    0.149194717 1.0702194 0.0607638657 1.34081924 0.895531416
    0.371719092 0.293671817 -0.33093524 0.78133148 0.788568377
    1.31763649 0.0883074999 1.18442249 0.667964458 -0.471613228
    -0.383623928 1.1709404 1.3047781 1.05255318 0.147498548 0.569163382
    -0.0065395236 1.46520495 -0.191208452 0.0327110291 -0.165128142
    1.12691426 -0.192628533 0.300155729 1.01035917 -0.253998816
    1.14289641 0.858599663 -0.146733075 -0.404458076 -0.348796368
    -0.319530308 -0.323918551 0.112566799 0.38807705 -0.0401247144
    0.110448062 1.13705349 1.0272584 0.926452696 0.82814759 1.30344594
    -0.356712759 1.33129072 0.142401934 0.542874336 0.0910332501
    1.15601683 0.445890963 0.889513075 -0.275742918 0.469595671
    0.925090015 0.580454051 0.461905181 1.09365535 0.661643684
    0.97305572 0.518043101 -0.116571724 0.0492133796 -0.109188795
    1.01102352 0.210352361 1.18141055 -0.58739841 1.33278191 0.486863673
    -0.0206096768 0.397320449 1.45762944 0.609891355 -0.0393956006
    -0.256564915 -0.0345390141 0.438410938 -0.121686429 0.608040571
    1.48325086 -0.0823921859 1.15807807 -0.110482842 1.38496697
    0.818577707 -0.250684559 -0.311323106 -0.229008496 1.02017748
    -0.120842189 0.00321501493 1.44217014 0.533542514 0.916959584
    0.381141961 -0.5022825 1.26695132 0.253723204 0.488301098 1.11049581
    -0.478166431 0.872975528 0.891076505 0.150202662 -0.380394727
    -0.444700241 -0.271360725 1.17360532 1.06103969 0.833177209
    0.611594081 -0.405269176 0.217773557 1.38784266 -0.287846565
    -0.0197684467 1.18388569 1.20294297 -0.106557578 1.27315116
    0.928525686 1.3490715 1.00542641 0.333284438 0.549831748
    -0.0873464346 0.236448705 1.18350935 0.874003768 0.173625946
    1.36706233 1.3649044 0.597930789 0.757264912 -0.218579099
    0.475941479 -0.0407595932 1.40976059 0.363376558 1.53406358
    0.0809008479 0.600157857 0.629263937 1.08081365 0.680171609
    -0.103657752 1.00909936 -0.337579042 -0.25725016 0.0367927551
    0.570407212 -0.328186125 -0.210362703 -0.040913403 0.430909991
    -0.0499368608 -0.190748215 0.206540078 0.0071567595 0.599475026
    1.36526322 -0.393149614 0.593294322 0.362451553 -0.0408489108
    0.0445885062 0.75516206 0.846860886 0.669575274 0.74303174
    0.545234799 1.32803202 0.973692358 0.596917152 0.0281444788
    0.851238072 1.44554031 0.790933967 -0.384995043 1.5215255
    0.611208677 -0.0571120381 1.13672292 0.169412613 0.532604635
    1.39592624 1.30819428 0.275240183 0.0654468536 -0.0581608117
    -0.0761607289 1.13546419 -0.135596037 -0.204908609 -0.34274286
    1.31178737 -0.0511234701 0.210966766 0.489872038 -0.103353977
    0.835271418 -0.246094376 1.06734967 -0.476415008 -0.21657902
    0.291298985 1.0061605 1.29064 0.418761134 0.91269809 1.06457949
    0.996688962 0.413234293 0.0209383965 0.874993801 1.31119871
    0.703174293 -0.535988867 0.949240983 1.07328951 -0.362191468
    -0.12618345 0.937482178 0.771669447 0.0499231815 -0.207449019
    -0.321229488 0.816352308 0.100421906 -0.00978663564 -0.196260154
    1.18157041 1.34599495 0.424062729 1.53208852 0.781398416
    -0.465729415 1.56021571 -0.294536829 -0.375587761 0.332392156
    1.10869718 0.147074521 -0.320646256 0.227471113 0.995349228
    0.498283565 0.994698405 1.38926351 1.08864343 -0.162704349
    0.181640327 0.330977738 0.461517155 -0.327616155 0.0570236444
    -0.335572422 0.629643083 0.146689981 -0.163335413 0.181476533
    0.954033256 -0.0133008659 -0.31790325 -0.111715198 0.124016076
    1.38769042 -0.0748783648 0.828001797 0.735723794 0.558761477
    1.17579782 0.615810454 0.404252589 0.598879039 -0.121347696
    0.855991125 0.165326327 1.06422782 0.523352385 0.0546076894
    0.486166924 0.964918435 0.476205468 1.43428898 0.431151032
    1.10963809 0.382858038 0.911203504 -0.0464602113 1.1687957
    0.265149832 -0.159699887 0.801668048 1.30186939 0.220412135
    0.0847170353 0.853150725 0.36230731 0.174951077 0.605684698
    1.1591208 0.154143244 1.70494127 -0.328829825 0.160359204 1.43969119
    1.06516862 1.16305482 1.1450491 0.339580297 1.15979791 -0.110975742
    0.297967672 0.211918831 0.717835546 -0.0774054527 0.974269629
    1.266307 0.924520671 0.81651777 0.28874743 0.288093746 0.806004286
    0.661585033 0.164731741 0.16223979 0.264804423 1.28669608 1.41829824
    0.817055345 1.13334811 0.863930225 0.524846733 0.874440789
    0.867007613 0.719720423 0.00290349126 -0.345470428 1.30155492
    0.805926144 -0.227847487 1.22862673 0.935887516 1.35760164
    1.27544296 -0.220215887 0.246991813 0.510934889 1.3028717
    0.691423416 0.878843427 0.733412087 0.687005758 -0.394616008
    0.629756749 1.06289744 0.398609281 0.818455696 0.147694468
    0.978078306 0.994630039 1.23136473 0.109491289 0.845506787
    0.292654455 1.32710648 0.178965688 1.32588136 1.50361025
    -0.296960592 -0.0588446558 1.29337311 1.06971574 0.873512805
    0.327141047 0.772045672 0.637507915 -0.453258276 0.707089543
    0.67386806 -0.295979649 0.56545645 1.3937279 -0.451991498 1.39507878
    0.220630527 0.331502616 -0.0328521729 1.08292055 -0.233211517
    0.462261111 -0.0262335837 -0.297203779 -0.00464010239 0.90159899
    -0.0485072732 1.00943136 -0.497472465 -0.0716461539 0.361000717
    0.41095227 0.911351442 1.28702092 0.917960942 0.969121456 1.24152911
    0.324207902 1.52954972 1.31887949 0.582411647 -0.343146443
    -0.0558133423 0.206841111 0.531542897 0.784190297 0.234882295
    1.06821847 1.20662475 1.3595289 1.05947971 0.241462708 1.22443855
    0.586346149 -0.104258895 0.557344675 1.24724102 0.147513509
    0.946988523 -0.594559252 1.46117175 0.267564774 0.15989399
    1.07872891 -0.114974827 0.662593305 -0.411130905 -0.121038675
    1.1694622 -0.113244534 -0.143666655 -0.299875349 0.0628206134
    1.34038365 0.948777914 1.48531103 0.0804359615 -0.286634445
    1.23485434 0.261315972 0.165940493 0.743255734 -0.305468559
    1.07237685 -0.360657662 1.3382988 1.16508818 1.3161962 1.22915578
    0.727071404 0.728550076 0.711618125 0.153990299 0.591844678
    -0.382118464 1.07251525 -0.63793993 1.06234694 0.516245484
    -0.12825042 -0.116845906 0.98367393 1.2423017 0.802230299
    -0.272852004 0.743625045 0.218741864 0.755040884 0.23435837
    1.35463881 -0.101771086 0.837301552 -0.208101794 0.738975585
    0.527539194 0.0760434568 0.568975627 0.0606841445 0.0617004633
    0.449559987 -0.282955229 1.09738207 0.0805105567 1.25611925
    0.0386060774 -0.0110852122 0.988159776 1.06233513 1.39889312
    0.299198687 0.974496067 0.111462533 0.283002436 0.971813738
    -0.386397183 1.32970619 0.517410159 0.671535194 1.35479856
    0.254252344 0.326847315 -0.0223625004 1.47501922 0.22856319
    0.706087351 0.813032269 0.822743952 0.966014683 -0.242667943
    0.124466911 0.0232137442 0.0245519876 0.498014331 0.621341825
    -0.360883892 1.03813827 0.914267123 0.471094847 0.880392492
    0.179737508 0.977979243 -0.497218996 0.495113552 -0.340590507
    1.2894206 1.02940404 0.333277583 0.0648498535 -0.327984542
    0.326745927 0.570166647 0.816405654 0.420187503 0.015160203
    -0.0983251631 0.347868085 0.651542902 1.14953697 0.772755682
    0.578705132 0.943784893 1.13028049 -0.0570642948 0.896079779
    1.02513242 1.23377562 0.137546003 1.29280198 1.23583639 0.0880708396
    -0.108342707 0.832831562 -0.381403685 0.743715525 -0.20129624
    -0.319533169 0.680037975 1.07104635 0.974814415 1.00131106
    -0.402926117 0.83267504 -0.248798698 1.36865175 -0.295625031
    0.753259599 0.778223634 0.715735793 1.01429415 0.421117425 1.2451154
    0.464427173 -0.131258994 -0.107841343 -0.149954647 1.33652604
    -0.365069985 -0.146074697 -0.123052925 0.706876934 -0.109927684
    -0.0485053957 -0.392880917 1.36627841 0.909842134 -0.179800302
    0.727829039 0.977733672 1.15340316 0.348332047 1.22879028
    -0.468731821 0.664695323 0.470524848 0.30590564 0.781366467
    1.30060732 1.20054328 0.102934301 0.271572471 0.872416198 1.04952574
    0.123740137 1.20915926 0.756682873 0.220820308 0.933448851
    -0.453450531 1.20231462 0.0429336429 1.05698121 -0.252827078
    -0.0240350068 0.576287806 0.393342495 -0.0360885859 0.295787841
    0.123708546 1.34855032 -0.460053682 0.751165688 -0.574017763
    0.901870668 -0.483256012 0.965250492 0.288641721 -0.31648159
    1.50400221 0.144780129 1.20668697 0.658254921 0.88805604
    -0.476205409 1.26029325 0.338385403 1.47687149 0.179854721
    0.727416039 -0.213603824 1.28301978 0.401506007 1.18005061
    0.0346544981 0.412642658 1.30741656 0.54652065 1.12797821
    0.273008525 0.0292181671 -0.325132132 1.27987933 1.28208327
    1.40449643 -0.515554726 0.0148527622 0.80684334 0.0484876633
    0.0808257163 1.28957629 0.43886441 -0.186186135 0.21424979
    0.52626425 0.350328088 0.230279207 0.187838852 -0.153306663
    0.845917225 0.162132382 -0.063239485 0.769412041 0.484239697
    -0.26193592 0.425331414 0.443352222 1.28264737 0.94573915
    -0.408425093 -0.253418148 0.135261178 1.23691678 1.33102727
    -0.211861938 1.08773482 -0.124717444 0.497604966 0.0498182476
    1.52802014 -0.432807386 -0.324574202 1.22062874 0.145353258
    -0.412818134 1.49353647 1.49744105 0.641220272 0.262205005
    -0.421282589 -0.0164677203 0.374343693 0.652341068 1.32000852
    1.26831222 -0.313707978 0.897911191 0.219532132 1.1390872
    0.307342291 -0.205091715 -0.203033417 1.00998664 1.31160045
    1.37236583 0.264149249 -0.323013544 0.79410243 0.687157512
    -0.27987501 0.830310822 1.35839748 1.39411688 -0.0700030923
    0.269756973 0.214615047 1.17650187 0.946161985 -0.257475913
    0.105945796 0.997464895 1.40724277 1.38198066 0.134798259 1.38672614
    -0.277318418 0.211238086 1.01808453 0.28169173 -0.179031014
    0.660732925 0.475085795 0.82316637 0.0592277944 -0.0857668817
    0.321264327 -0.182755321 0.491409302 0.913277447 1.00419831
    0.959187746 0.193706572 -0.400008798 0.791061103 0.646741033
    0.374941766 -0.442570865 0.63057363 0.104117513 -0.312135816
    0.734742582 1.50900126 -0.0488141179 0.345566988 0.697722912
    1.26754785 -0.13873066 -0.0916356146 0.370824724 -0.128508389
    0.684822202 -0.352306813 0.700247407 0.131453127 0.784421802
    0.392503321 0.849242985 0.437185287 0.940571189 1.17248607
    0.426739991 0.634283125 0.733047903 0.597692132 0.97601819
    1.14014053 0.490286618 -0.0984556079 1.43163788 -0.424824059
    0.259467781 0.258587837 0.483757824 1.10054231 1.27459073
    0.434590936 0.154325783 0.896087587 1.1626817 -0.304910123
    1.19140124 1.28346109 -0.442609161 0.342686474 1.04593313 1.09173369
    -0.312109411 0.863127828 -0.26801914 1.42801666 0.451724589
    -0.295055032 0.649680376 -0.0033159852 1.15353608 -0.0793055892
    0.244230211 -0.253099769 -0.0229421258 0.379239738 0.260536492
    -0.0619490743 -0.152631432 1.10520136 0.448823929 -0.217927873
    0.460672677 0.690818369 1.35373974 1.09558558 1.41281438 0.922811508
    0.986987591 -0.20663172 -0.0527094156 -0.155311674 0.813376129
    0.853072286 1.07069564 0.312921643 0.0413555801 0.794981182
    1.11060786 0.297487974 0.787339091 0.0409943461 -0.32099545
    -0.470481992 0.164136291 1.29545522 0.0710306764 1.00852144
    0.377258956 -0.367334902 0.155544698 0.685720325 0.290183604
    1.33032465 -0.525725484 -0.0744121075 0.212477863 1.38636601
    -0.367112845 0.56129396 0.57505697 1.56835079 -0.425113559
    1.08007598 0.182468086 0.035006851 0.340609699 0.64318347
    0.960431516 0.718262315 -0.296464413 1.00045907 0.380911171
    0.0893788338 1.46695399 0.776823461 1.09520614 1.25525928
    0.0785776675 0.431740552 0.105998755 0.490354478 -0.403487027
    -0.299896538 -0.231821418 1.0385859 1.11588955 -0.350553095
    0.921351194 0.403295785 1.00814319 -0.0852583051 0.145101845
    0.534785509 0.819024801 1.0828476 1.06761527 1.06223536 0.223972201
    0.621482968 0.117465824 1.20282984 -0.146261126 0.445465535
    0.91685313 0.171442866 -0.137233138 1.26186132 -0.104658812
    0.8847633 1.00801051 0.565792739 0.296404839 -0.183469266
    0.310186625 1.42727089 1.24485767 0.494486809 0.0573285818
    1.29844594 1.17938089 0.620526969 -0.377173901 -0.237668023
    0.682515323 0.532166481 0.948011041 -0.380414724 0.941594243
    0.375799954 0.329186976 -0.337465942 1.30287468 0.584234297
    0.22376138 -0.458444923 0.699736118 1.28171253 0.60988462
    0.0667229295 -0.126781225 0.729566813 1.13696718 1.11822677
    0.381917119 0.187649786 0.482920647 0.405548215 -0.194140285
    -0.18069151 1.28276324 0.843616784 1.30811787 1.44026434 0.145254076
    -0.018955946 0.708472967 1.20086443 0.48709172 0.646954358 1.3091172
    0.529964566 0.658714116 1.18049765 0.280031085 -0.505395889
    0.0945273042 0.740000963 -0.105706364 0.318342686 0.157433867
    1.25468183 0.720315814 -0.276210725 -0.123478919 0.839493155
    1.25550437 0.338866651 1.17564464 0.985857844 0.672131002
    -0.133119732 0.743768156 -0.545217752 -0.454390258 0.0341800451
    0.292379588 1.56442595 -0.129523903 1.47917485 0.898163736
    0.216845334 0.722848713 0.991402566 1.29172885 0.00868707895
    1.01273823 -0.236252248 -0.021517396 1.14072168 0.252278924
    0.440103829 0.731999278 0.906190276 1.28193784 1.06454754
    -0.381711304 0.794986188 1.36650848 0.592446148 0.0149210691
    0.803334475 0.135975838 -0.487763464 1.42272806 -0.401022732
    -0.32325238 -0.0185548961 -0.164632678 0.981862247 0.187734574
    1.00224507 0.330439329 1.44207525 -0.257349759 -0.399019301
    0.465416461 -0.307957143 0.326758206 1.3410759 0.824133575
    1.10135412 0.770878077 0.388185143 0.437313974 0.188716233
    0.494501412 1.20989585 0.0151705146 -0.328067839 0.0301134586
    0.79026866 -0.0457611382 0.711004615 -0.312957108 1.02651513
    0.702468455 1.11920571 -0.0941503048 0.499548078 -0.369472414
    0.433479905 -0.0200805068 0.133628666 0.193541408 0.506316483
    0.391246021 0.912335932 -0.171495691 0.908767521 0.643514335
    1.31911016 -0.0214638412 1.17686403 -0.142080069 0.301251173
    0.981211662 1.34371114 -0.0655872822 0.453312993 0.908670902
    0.854325056 1.43775725 0.606964052 0.00633943081 0.959551871
    1.12535882 0.293548346 -0.0347605348 -0.161964536 0.346535385
    1.37557745 0.82307303 0.560340285 -0.339423835 -0.244603276
    0.677909255 0.177061975 0.821180463 1.36124098 -0.570218027
    1.23357081 0.703388631 -0.020542562 0.614551365 0.344404817
    -0.219357997 0.508714199 0.763766408 1.05868375 1.20436954
    0.888714671 1.38114905 -0.164070874 -0.284055114 0.55128485
    1.04156137 -0.132099032 1.47159624 0.618077457 1.30015731
    0.968044102 -0.490249276 1.47453129 -0.390654802 0.113456994
    0.330975652 -0.270502031 -0.160314858 -0.0553874969 0.549320161
    -0.141268611 0.420410693 0.904367626 -0.515156686 -0.239895403
    0.0605637133 0.814945281 -0.427376568 0.0150480568 -0.00487929583
    1.22220719 -0.262446582 1.36950994 0.445513338 -0.404538602
    0.351743013 -0.231348738 0.682794631 0.73038286 0.424404442
    1.15854347 -0.334686428 0.628240824 -0.253926039 -0.382918268
    -0.0602453649 0.70091629 1.37895799 0.832358181 -0.109043956
    -0.315003216 0.392922401 -0.432089031 0.44717747 1.39948845
    -0.331325144 -0.278386354 0.643657684 0.0607959628 0.616764307
    -0.443951905 1.34971023 0.165718079 1.10000539 -0.435928434
    0.835325599 0.264376819 1.24392867 0.947122633 1.3078239
    0.0804017186 1.45186579 -0.470873654 1.21770191 1.27298677
    0.114725173 1.1031065 0.29752183 0.00399819016 0.977310181
    1.35702324 0.818771243 -0.266585737 0.38017416 1.27797937 1.27502811
    0.236888289 1.10140038 0.0966700912 0.600939035 0.756615937
    0.25114727 -0.371102005 1.53007925 1.53211403 0.802870691
    0.678246975 0.056240499 1.20183372 0.0921030641 0.636074185
    0.523715377 1.35468006 0.777565539 0.108943731 0.0638965666
    1.01161623 0.00834828615 0.931935191 -0.340856791 -0.343036234
    0.550439358 -0.0377961993 1.14039874 0.0417174101 0.361163437
    0.26109463 -0.34632194 -0.455627084 0.821569383 0.56606859
    1.20795512 0.279280424 1.10282862 1.17878747 0.853922665 0.926013708
    -0.263182074 0.137675881 -0.128361851 -0.223617733 1.14736462
    0.0808435082 0.564358175 1.22881436 0.901967824 -0.106215864
    1.20085001 1.32370329 0.414719343 0.387855977 0.198154598
    0.748636007 0.27085796 -0.50777787 1.37640953 0.864613473 1.13177586
    0.401799798 0.643424273 0.798609138 0.511763155 1.14642072
    1.36809659 0.77488178 1.1211971 0.165526748 0.308305383 0.483191907
    -0.340843052 0.300701559 1.17046976 0.190189004 0.291020989
    0.854861617 1.20893645 0.414148152 1.20279396 -0.272622108
    0.847304046 1.37149024 -0.113026232 1.28037643 0.255973756
    -0.120880932 1.00728345 1.32019067 -0.0399544239 0.746204376
    0.937437892 1.48071837 -0.252479762 0.752147675 0.631537378
    0.237474799 0.732988834 -0.404637218 -0.2904284 -0.339126408
    -0.269893736 1.34918666 0.380245268 0.879658341 0.242051244
    1.11060405 1.3445363 -0.349262953 0.898748815 0.198100328
    0.335693955 1.24542236 0.890454412 0.137165844 0.498612165
    0.915750802 0.829066038 1.50681877 0.963669002 -0.312931597
    0.640851557 0.652701437 0.886250019 0.722670972 0.569174886
    0.35705635 1.41711378 -0.4637492 0.538982511 -0.256843954
    0.854909062 1.35936332 0.41675663 -0.416382253 0.786355793
    -0.165288001 1.02035379 1.23400831 0.698046565 0.0440860391
    0.548976183 0.364168763 0.548817277 1.2790041 1.31896615
    0.0512472689 -0.0865358114 -0.0209602714 -0.390972495 0.0803988576
    0.498770684 0.232991338 -0.0536012053 0.559734166 0.667134643
    1.0916065 0.926183164 0.413974583 -0.421824396 1.37354624
    0.0973609686 1.13542187 -0.137318164 -0.049069047 0.134164691
    0.13172096 0.256795883 1.28664351 0.677199066 -0.477716058
    1.07458305 -0.00812724233 -0.00400573015 -0.0148802102 0.792555869
    0.245700061 0.210455418 1.46448684 0.129987717 0.685890675
    -0.331542432 -0.0763433278 1.2705586 0.853486896 0.761037469
    0.420833349 1.04642248 0.413247168 -0.348328888 1.26122117
    1.26979017 0.443541169 1.07251799 1.35559773 1.16639495 0.932961524
    0.150040448 0.378009915 1.15973639 -0.46538651 0.78013134 0.90215838
    0.60409385 1.33803225 -0.312340558 1.31157756 1.25375938 0.730948627
    1.2029748 0.103209019 -0.461044699 1.28135729 0.214761019 1.25345433
    -0.153791577 0.626926184 -0.284011483 -0.325244069 1.13796282
    0.875565112 -0.0286455154 0.028986156 1.02356851 -0.134106249
    -0.257923603 -0.023673743 0.555937529 1.14078546 1.30950427
    1.1439364 1.31762362 0.831221938 0.108204424 0.655720294 0.745407581
    0.857471704 0.131579578 -0.0858244002 0.519731104 -0.208116949
    0.497094333 0.020105958 1.21597767 -0.407770336 1.17718375
    0.284972668 -0.381141275 -0.351263583 0.258559167 1.11142898
    1.25046158 0.932374239 0.847815156 0.334854126 1.222983 0.477527916
    0.0201727152 0.314901203 -0.282025665 0.0899264514 -0.293650866
    -0.118534029 -0.362634897 -0.229052693 0.342981458 0.818907797
    -0.298621595 0.337620974 -0.00268775225 -0.356860161 -0.178489596
    -0.333280027 0.950765133 -0.0248186886 1.24018419 1.07726443
    0.815221727 0.165693671 0.318660736 1.59377337 -0.427679062
    -0.161157236 -0.371092856 1.60647094 -0.29125005 1.61554408
    1.36319494 0.774726629 1.30536342 -0.170733124 0.965303302
    -0.0664479136 0.2802037 0.690963864 0.247042716 1.44075692
    -0.382188827 1.03970385 0.613869131 -0.136701524 1.4138906
    1.00670028 0.0657675862 1.51758122 0.441329241 0.105049253 1.3246181
    0.93359679 0.0102032125 0.0627046824 0.232246935 0.246485889
    0.731494248 0.131523728 0.882289112 0.462726474 0.976212204
    -0.302399755 0.461952627 -0.147323668 1.19990087 0.00824952126
    0.29241091 0.843844414 1.35091567 1.17984354 1.26099634 0.993803859
    0.758925974 1.07642531 0.392114878 1.13553131 -0.348072261
    1.06820011 0.576555014 -0.165480137 1.31737471 0.30205065
    0.699394703 0.316125572 1.41456294 0.757956266 -0.411927193
    1.4272629 0.964128375 0.100318015 0.0172035694 -0.363051325
    0.899103284 0.228507996 1.04693341 0.406199515 0.230721235
    0.662783384 1.37195969 -0.00459191203 0.939631939 1.37869668
    -0.495943725 1.11318898 0.313428938 0.965275288 0.283897877
    1.17087436 0.319925189 1.35561085 0.416050673 -0.594150305
    0.797185659 1.09436905 0.48943156 -0.19329682 0.448343635
    0.348229885 0.0328444839 1.43029797 1.27320409 0.982252955
    0.927970946 1.04985881 1.56987023 1.467134 0.285064518 -0.0238116384
    1.60713291 -0.0387295783 1.18944526 0.227361917 -0.282376707
    1.40977859 0.79409194 0.934239209 1.375669 -0.211224914
    -0.0798801184 0.300393879 0.823799551 0.245828569 -0.048245132
    0.992075086 0.199052632 0.893951535 0.637421608 1.43014693
    0.270733714 0.389924109 1.46650863 0.843543649 0.628094792
    0.489025503 1.28117561 0.668798506 -0.0586352944 -0.367859811
    0.382355094 0.300267577 0.749515414 -0.0231322646 1.34344482
    1.32614946 0.423789382 0.230430037 -0.0852321684 -0.119552732
    0.923300147 1.0429908 0.0685659349 0.946355939 0.819114566
    0.0262704194 0.619529843 0.233178198 -0.490339994 0.0898541808
    -0.144283146 -0.0456704795 0.490186661 1.40786433 1.11285758
    0.699766994 0.692610502 0.653014541 0.0539511144 -0.0816254914
    0.330063164 1.27294564 0.26979655 0.39856869 1.11310649 -0.442590296
    0.247282803 -0.187803 1.09998882 0.915837824 0.0554414988 1.24412584
    -0.389063776 -0.128296614 0.709834218 1.07035184 0.748636007
    0.131822586 0.658856928 -0.146449506 1.29418516 1.03694212
    0.81866473 1.25964999 0.75814265 1.31471062 -0.248906314 0.338577569
    0.789318442 0.309980512 0.744356871 -0.00152605772 0.286304772
    1.28482628 -0.469018817 1.09138393 1.06276321 0.738047481
    0.289919436 0.57477361 -0.469210386 1.14665794 0.212548852
    0.515598893 0.339963734 -0.462963998 0.992102623 0.151823103
    0.707473218 0.442949712 0.980841756 1.08769512 -0.150573581
    1.36124563 0.615521669 0.153662205 0.828346074 0.337649882
    1.56801069 0.2595689 0.150008827 1.2272284 0.201317787 0.659361839
    -0.0928707123 -0.2973786 0.48743403 0.740258992 0.90007782
    0.534488797 1.0889194 1.3705219 0.526915967 0.75449425 1.24502897
    0.360194027 0.475749373 -0.0969241858 1.41928315 0.660938025
    1.37475657 1.36246991 0.871633053 0.726692319 -0.374789506
    0.18284446 0.340767503 0.693637729 1.13349342 0.232294261
    -0.445100576 -0.510402083 0.873146892 0.31210357 -0.103049457
    1.27129185 -0.259808451 -0.253989875 0.207790047 0.0351086557
    -0.223135978 0.624991477 0.468766809 0.77842617 -0.295916915
    1.34658098 1.09750402 1.3881191 0.407234132 0.963024855 0.790467143
    0.0472430587 -0.449619234 -0.0644218922 -0.212480873 -0.206218302
    0.0849639773 -0.455646932 0.763639212 0.864008129 -0.0037548542
    0.950410962 0.196316302 1.14118695 0.420899928 -0.071483016
    0.0882404447 0.872576058 -0.227318734 0.0954302847 1.47031951
    -0.291381717 -0.291437775 0.994926989 1.11547542 -0.193112135
    -0.59168148 1.34036899 -0.0459957123 -0.15526709 -0.509816229
    0.576256037 -0.0282349586 0.684611678 1.02810669 1.22345006
    -0.418016553 0.434900969 0.150039941 0.560283124 0.1254327
    -0.0677115023 0.772486269 0.3546561 -0.069119215 0.125864446
    1.01964998 0.854937613 0.829728484 1.32407856 0.917053044
    -0.288956851 0.757219732 0.875900924 0.248693287 1.46395802
    -0.100841641 0.294720501 -0.447218537 1.15686107 1.17962623
    1.19022608 0.215034068 0.151205957 0.447929382 -0.306538641
    1.39308023 0.197348356 1.22614312 1.19824266 0.495598614 1.04129076
    -0.0151705146 1.19176757 -0.3297396 -0.305165589 0.0948770344
    0.88453275 -0.00150239468 1.14424133 0.420129001 1.15784621
    -0.361614347 1.59571922 1.25095797 0.458869994 -0.361296862
    -0.356195331 0.897273779 -0.496453345 1.14016807 0.606187999
    0.00803637505 -0.052711159 -0.261723459 1.27250183 1.18019509
    -0.22451821 1.3247242 -0.42439878 0.739029288 1.39607787
    -0.482264668 0.24341926 -0.131694734 0.351674855 1.47643232
    -0.114240527 0.556564152 0.260454297 0.600767016 -0.246205151
    -0.208153933 0.154013962 0.4721995 0.762580097 1.50884342
    0.748994231 0.712977946 1.38999712 0.49020052 1.20247555
    -0.241144538 0.860639095 0.117390394 0.342837691 0.950156748
    -0.1913414 -0.280224144 -0.187027395 0.299330026 0.781948328
    -0.103446782 1.0460422 1.48379683 1.12756968 -0.274268508
    -0.337564766 0.90205121 0.162519395 0.741074502 -0.113601357
    0.189634264 0.016885519 0.527725816 0.893785059 0.941142082
    -0.0957985222 1.14801264 0.916505456 1.03663015 -0.0292773843
    1.26258564 -0.207133949 -0.275123656 0.675804555 0.990036845
    0.283633292 -0.144943893 0.67582047 1.44205141 0.793594837
    0.931553721 -0.47092095 1.43352211 0.862473905 0.361696601
    0.978535116 -0.440959722 0.848931313 0.83441627 0.405215859
    0.761346579 1.29506421 -0.325203717 1.30687261 1.3062036 1.35130978
    0.523082256 1.22599673 1.32392144 0.33932662 0.292515635 0.821505189
    -0.426655889 0.388708621 0.40787676 0.804541349 0.858331144
    1.04303944 0.859632552 0.498182774 -0.190201849 1.23974609
    0.839690089 -0.186450571 0.223532438 1.0154326 0.415173769
    1.08108687 0.444627404 0.680577099 0.595927 1.11627173 -0.072314322
    0.1809071 -0.295871019 0.312881291 0.780644655 -0.013346225
    0.851573765 0.747652829 1.07587862 1.42684269 0.747033834
    0.774346173 0.465438366 -0.462829113 0.63606143 1.00286245
    0.911422789 1.45875657 -0.0293026268 1.43827891 0.217692256
    1.2067163 0.712252736 0.147487938 1.02588809 0.939979613 0.242490113
    -0.0541476607 -0.462482512 0.36952579 0.776128292 1.30971408
    0.753062904 1.32162631 1.30791116 0.902491391 -0.234734371
    1.61262953 -0.00283107162 0.0342292488 -0.0306989849 -0.323041469
    1.37686002 -0.156843215 -0.232017189 1.31722999 -0.15027073
    0.0931915045 -0.229141802 1.34425187 -0.00777646899 0.0760705173
    -0.169263855 0.637512326 1.40592813 0.553718328 1.39320016
    0.290847242 0.886373222 -0.257299244 0.799575269 -0.0856961012
    -0.253295362 0.609236479 -0.00302803516 1.34008992 0.246589541
    0.33688885 0.914063692 -0.00103056431 0.621746719 0.737829208
    0.645933986 0.0636513829 0.661129117 0.620738029 -0.238625765
    1.28759336 0.877947807 0.0211402178 0.732057571 1.28147912
    0.913220882 0.368152976 1.13296628 0.704208672 -0.0921891928
    -0.000622034073 1.24292874 0.0868797004 -0.223139226 0.0265932083
    -0.0157335699 0.405710876 0.0793124437 1.4116199 0.0847589672
    0.685772002 -0.306056142 0.130925179 0.918265224 -0.0747816563
    0.953868449 0.0797737241 1.39720571 0.603334606 0.274713457
    0.595979869 0.0167128444 0.785931766 0.362036765 0.450006723
    -0.153227538 0.397070587 0.613293648 0.880933106 0.540108204
    -0.0991841853 0.262947559 -0.346875817 0.345646083 1.08770537
    0.391180336 0.0466258526 1.26521802 0.429971278 0.512040555
    0.697268486 0.377116442 1.02840114 -0.354518354 0.545641363
    0.90696317 0.294720471 0.628292859 0.140634745 -0.381091923
    -0.476838022 1.30241096 1.15497828 1.44294429 1.35814238 0.159430385
    -0.302839041 0.277252018 1.39341676 -0.145435035 0.0122929811
    -0.335628331 1.1662842 0.770340979 0.733919144 0.483962834
    1.08906209 0.804823756 0.444524676 0.0157325864 0.899933279
    0.841570318 -0.282960892 0.717451453 0.314197898 0.727158785
    0.501655221 0.238939196 0.779204905 0.511023998 0.130784184
    0.551399887 0.525853455 0.661983848 0.818442822 0.114644706
    0.0928218365 0.825707376 1.37550402 -0.0416158438 1.03429747
    1.24680746 0.566042125 1.16787744 1.3297776 -0.363593131 1.34375298
    -0.186068535 -0.172497392 1.13904083 0.576400399 0.637726307
    1.35021663 -0.130801886 -0.314954191 0.434693635 1.08021355
    0.576057553 0.924860358 -0.309838057 0.484357625 0.0401623249
    0.816552222 -0.336924434 1.40945101 0.909512639 1.11358476
    1.03125596 0.0680567026 0.38965106 0.598394215 0.0736481547
    1.0852499 1.31001043 0.10183382 -0.524078548 1.18167901 0.297085166
    1.18190026 -0.410105348 0.705046892 1.35037851 1.21897292
    0.0420614481 1.27463913 0.298443198 0.0644041896 0.710879564
    1.05012131 1.27917576 0.709582627 -0.60334295 1.05027771
    -0.338653892 0.319991231 0.437209487 0.934280515 1.19676304
    0.719977736 0.69522059 0.0799057186 0.255412668 -0.126881599
    -0.177604318 0.484645426 -0.283490747 -0.225025773 1.1900959
    1.04660022 -0.000523924828 -0.329605967 -0.192814916 0.861851931
    0.0579339266 1.34119439 0.488517165 -0.385918945 -0.335968494
    0.964850128 0.563853025 0.69511956 0.362606645 0.54539156
    -0.284960002 0.608114719 -0.485932648 0.118399739 -0.309566319
    -0.163797438 0.883449674 -0.151986003 0.367091298 0.682567477
    0.726286173 0.905206859 -0.0111917257 -0.319958597 0.253370523
    -0.292627811 0.792179883 0.27832669 -0.274673641 0.495399177
    1.18966985 0.450834095 0.836301625 1.42408454 0.965069652
    -0.0153328776 0.356869161 0.578822672 0.302663565 0.708152473
    0.357107818 0.659872234 0.0396745205 0.0471826196 0.481721908
    0.981014609 1.58336496 -0.0928996801 0.772705138 1.00065005
    0.681834698 0.332588553 1.37136984 0.333753586 0.437265217
    -0.243387699 0.505892813 0.333229899 -0.239251584 -0.165177628
    -0.319989264 0.925642908 0.873152733 0.99229002 0.426803112
    0.977620244 1.29405391 0.623739362 0.590517044 1.43077445
    -0.290504068 0.0850597918 0.528588653 0.617370605 0.949935377
    -0.119703948 0.0957258046 1.48236752 -0.175288767 0.701688886
    0.747400641 0.90752846 1.48980749 -0.361789823 0.552914143
    0.292704523 0.824332535 1.26715696 0.644024134 1.32387018
    -0.139035672 0.205636948 -0.163543731 0.164415002 0.812663913
    -0.255005658 -0.18326202 1.19711375 0.658192873 1.40053928
    0.437101007 -0.0125910938 -0.273430407 1.26388395 0.0543329418
    1.21205044 0.0155837536 1.4381367 -0.0073184371 1.07640851
    0.863361418 0.0160335302 1.40313935 0.0474793315 0.778906941
    1.00356638 1.06341648 1.16667998 0.340000331 0.807573676 1.41129756
    -0.395419359 1.15041161 0.368847311 1.13373196 1.0114696 1.15727675
    0.377500713 0.290216446 -0.255821496 1.30816007 0.89676249
    -0.0696003437 1.21162438 -0.343236744 0.569420636 1.14180195
    0.45579797 -0.358384222 1.31537724 -0.205543429 -0.260152251
    0.459806859 0.889281571 1.09973168 -0.495098501 0.35215196
    0.343222439 0.660986066 0.303191662 1.00204825 -0.456225932
    1.50240529 -0.00815922022 1.00591087 0.190243423 -0.326815516
    0.385190606 -0.377972424 -0.115826905 -0.164767176 0.284349859
    0.997557223 0.190904438 -0.211358488 0.883394003 0.471556753
    -0.30773139 -0.0408383906 0.393079221 0.929291606 0.0771033168
    -0.138044029 0.172542065 0.427083254 -0.343384504 0.394976676
    0.394449472 0.833302736 -0.109186232 0.542975366 0.680229127
    1.35389102 0.45423609 1.03615618 0.290694237 0.335550129 1.24742651
    -0.121112704 0.223065466 0.164225847 1.01273322 1.01853967
    -0.222714126 0.0202279389 -0.131082386 0.396895438 0.0422345102
    1.59441614 0.0442896783 -0.417464763 0.0144104958 1.41563797
    0.293959826 0.248702586 0.698214889 0.270933509 0.330770254
    -0.0272777677 1.18007588 1.05017328 -0.0326137543 0.812375665
    0.206859648 0.722026885 0.312523186 -0.488045394 0.933576941
    0.259872139 -0.337006927 1.38190866 0.01887694 -0.207634702
    0.0485163629 0.883586287 0.106391191 -0.215545803 0.716833591
    -0.455599964 0.634022117 -0.230001867 0.610043347 0.122078657
    1.12196755 0.631985843 -0.205342531 1.13612199 1.34649348
    0.916065037 0.533109546 0.364975929 0.997123837 0.498846531
    1.21578765 0.376973659 0.133566976 -0.00762021542 1.4613502
    1.31316996 1.22536206 -0.242491692 1.24235559 0.575469375
    0.352959722 0.329164237 -0.208009899 0.93553865 -0.187518805
    1.45254493 0.481721938 0.128603578 1.04034662 1.11412287
    -0.0677862763 0.693344533 1.32112789 0.378481746 0.944256246
    1.22480369 0.888106883 0.484435678 0.991216481 0.175224781
    -0.329804689 0.555457056 0.464032829 0.594631314 0.772779822
    -0.136545032 0.273749173 0.482175648 1.24857605 1.03238034
    0.405088305 0.485483408 1.29887867 1.23269486 0.724901557
    0.111704886 0.356546462 1.42125821 1.34509993 0.135011494
    0.157779336 0.347339094 0.863379121 0.798665822 -0.403003991
    -0.0860829949 -0.129688159 0.00992676616 -0.211791873 0.176421583
    0.840628445 0.782939792 1.33010459 0.571708024 0.832217038
    0.267397583 1.03601146 1.00735497 1.12103343 -0.156172141
    -0.192941025 0.996772766 0.941373646 1.14874446 0.589497983
    0.809658825 -0.062445879 1.11866319 0.958861411 1.14673328
    0.773965061 1.17606282 -0.301550031 -0.102727711 0.265738308
    0.351841152 -0.0821644962 -0.119912952 0.0380497873 0.275563508
    0.766982853 -0.135122269 1.361148 0.981272221 -0.492892414
    0.321784079 0.905710816 -0.110172719 0.998814523 -0.0855874121
    0.968623698 -0.235182256 0.15846011 -0.375779092 1.52143753
    -0.123643607 1.37841928 0.418615401 0.600603998 1.3437376 1.03189635
    0.0470878482 -0.179676205 1.45291197 -0.164245501 0.0978550613
    -0.327466905 1.05912685 -0.356826097 -0.259889573 0.439818978
    1.01918006 0.0837510824 1.11714137 -0.415862203 0.795505345
    0.993655205 -0.160675287 1.0334928 0.836022973 0.375754952
    0.259677112 0.326510429 0.299261808 1.12589896 0.263840497
    0.483050168 1.37343669 0.270987391 1.12146068 0.0149476528
    1.37457967 1.24993587 -0.568296492 0.647805154 1.26754653 0.39951092
    1.13059855 1.13928819 -0.035158515 0.021705687 0.75660634
    0.0986825824 0.289624929 1.51840973 0.528149128 1.01757085
    1.38019609 -0.16439414 -0.315835804 0.570443153 -0.324462324
    0.451069713 0.619465768 1.20499933 0.0402492881 1.39859557
    0.322486103 0.226001024 1.51528573 0.285157233 -0.0557557046
    1.46149898 0.556835949 1.34544611 0.835690081 0.102972776
    -0.0705137253 1.34531975 0.375183582 0.128832847 0.0824912786
    0.318617046 0.983411431 0.58539778 0.150940001 0.326942146
    1.36154771 0.128895223 -0.201353967 0.319173992 1.41915369
    0.613781154 1.0378778 0.849097848 -0.121987939 0.857594669
    -0.583232105 0.953166485 1.17171001 0.877712488 0.251462936
    0.0104449093 -0.0479454696 1.58001518 -0.130418986 0.538773775
    0.626122117 0.908277392 1.27983534 -0.260297686 0.544459581
    -0.00551754236 0.545559645 1.44007111 -0.17833069 -0.00718396902
    1.01983547 1.1212554 -0.141598314 0.107686251 0.306379825
    0.667980433 -0.329420269 1.02224255 0.339900732 0.0476908386
    0.108869821 -0.145040244 1.07048714 1.10668898 1.50903869
    -0.0782099366 1.16272938 -0.138697505 0.0625538826 0.0860711634
    1.52592635 -0.00181919336 0.569546938 -0.3995516 1.23886514
    0.410553932 1.19139147 0.636650801 1.3478359 -0.391599625
    0.335758507 -0.103390664 1.33278465 0.678625941 -0.0899757445
    -0.221046478 0.717689753 0.344711363 1.3459574 1.08006227
    -0.449359387 0.447962821 0.434655786 -0.258253157 0.750532389
    0.34437108 0.978388131 0.730483353 0.184769392 0.833442867
    1.44822693 0.933726847 -0.0400488079 -0.346134424 1.23490644
    0.207261682 0.0894565582 0.646292925 0.0160303116 0.4522174
    1.31977654 0.610846579 0.801056445 1.20057464 0.862677157 1.0225172
    0.375301838 0.910297096 1.16918361 0.651220024 -0.483878851
    0.682407737 -0.0401278138 0.420464993 1.40484428 0.442306757
    1.11081028 -0.321233034 1.39351916 0.687037349 0.202557027
    0.25924021 -0.436333299 1.08688605 -0.142873108 0.854663253
    -0.570005417 -0.120399714 -0.0171962976 1.20589137 0.721883297
    0.0566371083 -0.0382598937 1.58824825 1.27479053 0.170813978
    0.458789676 1.50105989 1.00270748 0.181930482 0.029358685
    0.954264939 0.698842227 0.835657239 -0.267682105 -0.531557083
    1.04191363 0.549366474 0.00376978517 0.617115498 0.445489913
    -0.14827618 0.519502044 -0.247223347 1.34437633 1.0685122
    -0.233355314 0.487978697 0.613233685 1.04846025 0.329809785
    -0.00764101744 0.364061207 0.477992922 0.390686274 0.396298349
    0.310049444 0.887647033 0.817671776 0.714908183 0.891633332
    0.985431135 -0.390643001 1.02997398 0.383962572 0.918599784
    -0.106156677 0.846691489 -0.220553666 1.40359223 0.0898439884
    -0.194197029 0.805267632 -0.278747559 1.08257723 1.38399601
    -0.295470417 -0.0725553334 1.21346736 1.19988704 0.318548262
    0.860792041 -0.256551325 -0.244140059 -0.264821351 0.897619009
    0.440166593 -0.173150927 0.738657594 0.49874565 0.0625745058
    1.3321383 1.18710947 1.24072361 1.12544966 -0.299232543 1.12095785
    0.266329587 1.24964929 0.437771916 0.080042243 0.706242323
    0.224675775 -0.00451141596 -0.00994750857 0.998126686 0.210425079
    -0.137596905 -0.272177696 0.418996811 -0.0966295302 1.32524288
    0.472959697 0.639274895 0.843597114 0.266446829 1.17281842
    1.15967011 1.36637235 -0.413930118 -0.450233698 1.1605171
    0.199097544 -0.00942340493 0.727693796 -0.271090925 1.14969456
    -0.189487278 -0.00173556805 0.700300097 1.18011999 0.568209171
    -0.0390729308 0.484329641 -0.138167113 0.33085084 1.4531672
    0.176219881 0.365592539 0.0491147339 0.294308543 0.142219126
    0.55539155 -0.16306898 -0.331032723 0.866502404 0.742261112
    0.728577912 1.12945354 0.290632486 0.642759085 -0.0605026186
    -0.285293162 0.429281294 1.08184028 0.0135644078 1.43195844
    0.162987173 1.44891894 0.378284156 -0.157016933 -0.399315238
    1.03327632 0.879982352 1.31020045 0.922973335 0.519411087
    0.361766994 1.16482615 -0.0235260725 1.52984905 1.21866775
    -0.358738452 0.513559222 -0.38717711 0.992087543 1.32831442
    0.726913333 -0.017260164 -0.204308301 0.355708897 0.775382757
    0.992638409 -0.123915195 1.29276204 0.635123074 -0.0187108517
    0.362716556 0.684270322 -0.0994702876 0.48756507 -0.171186537
    0.355263799 -0.255579114 0.53631711 0.963719487 -0.00134843588
    1.42532086 0.980740428 -0.478470892 0.369849622 0.51555711
    -0.0792919993 0.461298227 0.0285910964 0.259134531 0.940820694
    -0.28187722 0.526582122 1.06456447 0.863694549 -0.126152337
    0.492292821 -0.484804779 1.44153535 0.624133945 1.25040984
    0.527412713 -0.531222045 1.43782735 0.174617231 -0.401138991
    0.756849051 -0.106600463 0.519568801 0.208510756 0.627093196
    0.00155061483 0.981792569 1.14681101 1.35648465 0.2118662
    0.0508611202 1.17230582 0.67741555 0.724525094 -0.0956293344
    1.01452816 -0.0639784336 -0.170656353 0.940019727 1.24755073
    1.09388769 0.271980762 0.693004251 1.02676415 0.978314459
    0.233730018 0.280694187 0.651958525 0.618855 0.329362333 1.15547264
    0.89949578 -0.571855962 1.3564142 1.27570176 0.619835675 0.558808208
    1.46669161 0.229130507 1.01680624 0.845828593 0.617364049
    0.407371521 -0.475493461 0.46251896 0.168946832 0.0527603626
    1.3443954 1.23808384 0.99433744 0.777197719 1.0684588 0.247602224
    1.39013886 0.163321793 0.94530189 0.631914735 -0.296118855
    -0.0913264453 0.292771518 -0.266631633 0.812671721 1.29316926
    0.333515078 0.0148159862 -0.167289048 1.31583524 0.320501268
    1.10280108 1.31043863 0.81990099 -0.0569291115 0.451364636
    -0.259937346 -0.273853004 0.790609777 -0.0740631521 0.143289566
    0.938117266 0.275226235 0.128572881 1.24119163 0.296852827
    0.137434304 0.495451212 1.27281058 0.613878489 0.834808648
    1.04093361 0.807508171 -0.19019562 -0.359007686 0.75713414
    -0.208428532 -0.209822774 1.26531816 -0.306050241 -0.347835541
    0.742183983 0.996013403 0.879411817 -0.331701964 0.500908136
    -0.455679059 1.46741593 -0.0794326365 1.02853358 1.30985951
    -0.362979025 0.502179086 0.570491195 0.209427893 -0.137904197
    0.810440123 1.18869781 -0.0415490866 0.940704703 1.39179707
    0.235941142 -0.0616293252 1.53730083 -0.0383275449 0.602778912
    0.136335462 -0.400195062 0.0371976793 0.456852555 -0.0280023217
    0.548513591 1.38595057 -0.0218129754 -0.0376609564 0.119903386
    0.483392566 0.183199793 -0.326820701 0.537470698 0.709234238
    -0.00169843435 0.154829979 -0.263583362 0.43144536 1.49488175
    1.19090056 0.377555609 0.0941278934 -0.15367043 1.1980648 1.33530891
    0.1734308 0.365377486 0.606894791 0.609924912 1.34713793 0.961636543
    0.592527807 0.894210935 0.314508051 0.72941947 1.02662754
    0.911041737 0.0936555266 1.17657757 -0.434563994 0.420594037
    1.47985888 0.484211266 0.32380116 1.16509938 1.18930674
    -0.0888311267 0.386092007 0.963010788 0.259506941 1.5194751
    1.37049794 1.10717392 -0.150095522 0.375823438 0.979789615
    0.251180053 -0.261174083 0.514592111 0.591429055 1.03407598
    0.589017987 1.06069911 0.691491961 0.498087585 0.151503026
    0.752275407 0.403691649 0.758432686 0.671140075 0.539925992
    0.924511075 0.508193016 0.0658603907 -0.0216756463 -0.0308154821
    1.16892922 1.36876798 0.363981366 0.229419112 0.163269401
    0.148765802 0.683821499 -0.379143238 1.22045326 -0.459834695
    0.207719147 -0.149628162 -0.162558109 0.736872435 0.742974699
    0.617896259 0.781091928 1.03781915 0.731068075 0.235957742
    0.104496539 0.865305126 1.40097499 0.76305306 0.160849184 1.29961801
    1.33624041 0.264795303 0.0812781155 1.08124757 0.47600764
    -0.412296504 1.41132641 1.08916593 0.177795529 0.46487534
    -0.403297961 0.73674953 -0.410801619 1.41809702 1.08971918
    0.351326823 0.743580401 1.34482503 0.516789019 1.15929723
    -0.386692673 1.19032991 -0.563010514 0.761759758 -0.253601909
    1.06057858 1.09021974 -0.500428975 1.16589594 0.238269448 0.85391444
    -0.500212312 0.544662893 0.481447995 0.730723381 -0.357121587
    0.678924382 1.22205019 0.378305674 -0.364358366 0.905422211
    -0.424907744 0.648811162 0.285298407 1.10993016 0.214502931
    -0.14950633 0.253186584 0.115639389 0.783356547 1.4655273
    -0.523985028 0.274684012 0.530819356 1.36807466 -0.234208524
    0.255078137 0.959945977 0.050932765 1.3299551 1.06737518 0.396414578
    -0.298012257 0.406757414 -0.247836888 0.707957268 1.41574502
    0.107293546 -0.42223385 0.516858637 0.762499094 1.17980099
    0.774822116 0.0254250765 1.27330732 0.101226866 0.0239083767
    0.284109116 1.34278512 0.0101594925 0.493005276 -0.157890975
    0.92057246 -0.374273479 -0.383795649 0.344669938 0.760282397
    1.12462425 -0.171620339 1.22146177 0.218428761 -0.345601439
    -0.25582844 -0.333422571 -0.0918396413 1.279181 -0.0587520897
    -0.0766582191 0.895459175 1.16787076 0.654330254 0.56380868
    1.12826681 1.26827431 1.01569057 -0.374370068 0.772861362
    0.375389665 -0.0606996715 -0.117942899 0.341023356 0.131370008
    0.913331747 -0.210307479 0.122562349 0.427092731 0.718628407
    0.829826534 0.156480134 1.33047318 1.33243227 0.856278002 1.16282797
    -0.175331265 1.12691045 -0.108672053 0.233230084 1.12517738
    0.739994109 1.36102176 -0.583321691 1.18879938 -0.109958857
    0.628384411 0.0342181325 0.902744114 1.24028039 1.29656804
    0.770258904 0.405694902 1.22706366 0.653889716 -0.0629955828
    1.08617949 0.410599828 0.766601145 0.321829975 1.2850126
    -0.216152549 1.21634269 0.721219957 1.35953081 0.436191857
    0.483512312 1.58582854 -0.191861555 0.477814585 1.4101069 1.15576077
    0.122025371 0.416680515 0.916481674 1.15771985 0.0401028991
    0.507971644 0.648802042 -0.375429243 0.107382596 -0.202969685
    0.551950991 0.584069133 0.379434794 -0.279961288 1.18589818
    0.89190495 -0.46593222 1.35497355 0.251983523 -0.449924111
    0.126166046 0.555427909 0.0333510041 0.531511724 0.304616213
    1.22338462 -0.210633531 0.176317096 0.0343290865 0.370237112
    1.34923744 0.804861009 0.352591813 1.12750793 0.545961797
    -0.37737152 1.09366214 0.0158081055 1.25426149 0.585796237
    -0.0574299097 0.969377935 0.653283 0.724210083 -0.16929689
    -0.546178937 -0.405706823 1.11734104 0.832232237 0.253658414
    -0.148952186 0.963046968 1.34915709 1.18740439 0.553014755
    0.186029673 1.40357053 1.25538325 0.35798502 1.19894993 1.06609142
    0.153777182 1.08774972 1.08351827 -0.281224817 0.402111709
    0.0693528056 1.23387742 0.936642587 -0.254157633 1.16777754
    1.1870687 0.294592917 0.0986126065 0.641253591 -0.370238394
    0.501824498 0.538448274 0.266509295 0.952448845 0.384826392
    0.40565902 -0.316105545 1.20979619 0.913385153 1.17934394 0.72947228
    0.177195847 0.923264563 1.50450683 0.123568773 1.17123616 1.39139402
    1.28830504 -0.284800977 0.0932216644 0.439935803 -0.375174701
    1.14493716 -0.382517785 0.825402856 1.36193776 -0.502540648
    0.868783593 -0.44128266 -0.307869792 0.539400935 0.996793449
    1.434479 -0.38830319 0.839004874 0.440443754 0.647033811 0.910010576
    0.783844411 0.635392427 -0.368545264 1.40398312 0.339180052
    1.47089076 0.801784158 0.435822666 0.173626423 -0.409810752
    0.433912218 1.4440378 0.0943131447 0.675558507 1.4316678 1.15955639
    1.30062699 0.691723406 1.26547992 0.326651931 1.16871166
    -0.100844562 1.14984655 -0.256171674 1.10584831 0.342038929
    0.268199563 0.323653162 0.687685907 0.936766505 0.813231885
    -0.366356075 -0.385131687 0.159256399 1.32098579 1.26883578
    0.0458421111 0.532418132 1.22325706 0.147992969 1.11972523
    0.412452698 0.705212533 0.802831948 1.26656914 0.935149968
    1.00851774 -0.380818456 0.927465677 0.264820874 0.654468775
    -0.158231929 0.461660206 1.03300786 -0.46375978 -0.112621665
    0.0437600017 0.894073963 1.35379028 0.870392621 0.467027962
    -0.145383984 -0.187108427 0.921499908 1.39895797 0.231238186
    1.50706959 -0.150858968 1.53635573 -0.264285445 0.635363162
    0.948479533 0.643423259 0.984061003 0.202427536 0.51326263
    1.46978498 -0.508182704 0.296321034 1.01490664 -0.364881873
    0.289359927 -0.0277849436 0.595515192 0.231575966 0.778840244
    1.30968118 0.328436971 1.2630899 0.334325731 0.719563186 0.204115391
    0.393149436 1.00225449 0.314355016 1.06148601 0.610121489 1.35248148
    0.462854147 0.93353802 0.146417797 -0.359355003 0.392103493
    1.19651175 0.264985263 1.03504014 -0.35950762 1.2018683 0.690921426
    0.120939881 -0.0761395693 -0.19868651 1.1867888 0.893148601
    1.46911359 1.12979388 0.971791148 0.729156137 -0.380481422
    0.225010693 -0.0119336247 -0.412506491 1.12760115 0.959578574
    1.30259669 0.36729306 -0.278765738 0.41704908 1.19478059
    -0.434304804 -0.361109138 1.11042619 -0.395683795 0.0989739299
    0.13618654 -0.36170882 0.253640115 0.589696944 -0.203723267
    -0.300532967 -0.416742206 0.415346682 -0.165737212 1.00442791
    0.609475434 0.538677692 -0.246738389 0.611025333 1.36122799
    1.2757473 0.181230336 0.476492435 0.422572374 0.901930213
    0.384392112 0.231273025 -0.344990194 0.675555825 0.125638545
    0.156772912 0.346909344 0.785978317 1.40572548 -0.265861273
    0.619526982 -0.307095885 0.856472075 0.540739655 -0.321208119
    0.457124829 0.965079188 0.936097205 0.291618168 1.27990973
    1.29260588 0.26478672 -0.31583631 -0.0820401013 -0.281326056
    0.982271791 1.0180012 0.149500728 0.597660661 0.261945069 0.45111838
    0.168449193 1.48398781 1.30815566 0.681669891 -0.221222937
    0.678453028 0.573859334 1.47265816 1.02433729 0.904287636
    0.0779339075 0.64103806 1.26177454 0.275906503 -0.201926261
    0.794234037 0.326718807 1.39417982 -0.161996365 0.071832478
    -0.219589949 0.440129071 0.219823062 1.32949495 0.0566001534
    0.388243318 1.10351562 1.31801963 0.0732878447 -0.313058317
    1.01178491 1.10280859 0.386553615 0.0184766948 0.570524216
    0.310393572 -0.195958823 1.36411536 0.814953625 0.316942036
    0.89605701 0.703841746 0.0431035757 -0.0690066218 1.23295403
    -0.327059031 -0.40854612 0.44867897 -0.427070886 0.691553831
    -0.185484916 0.0985192657 1.02292752 1.19530106 -0.28946048
    0.576382101 -0.192509159 0.567389607 0.0439245105 0.872241378
    0.99333936 0.804143786 1.10819292 0.405213714 0.426587582
    0.573830903 0.266267568 -0.193507612 1.53781676 -0.450425386
    -0.314136326 0.715880215 0.426385999 0.958758891 0.630020618
    0.476314485 0.0440047383 0.619059086 0.708301306 1.07944369
    0.735622525 0.943830788 -0.187766463 -0.196626365 -0.165532678
    0.88343513 0.432926476 0.733016491 0.63604641 0.258683324 0.60076189
    1.38782597 0.949857891 0.453097224 0.254449129 -0.159624249
    1.4751904 0.706688941 0.204922438 0.778533399 0.611043692 1.22866297
    1.31915724 1.10874438 -0.416050136 0.227187634 0.156277657
    -0.498175591 0.483116329 1.14406013 -0.286538243 -0.209646896
    -0.182477966 -0.019316107 0.112796366 1.41692185 0.873000681
    0.992019176 -0.271005332 1.40803242 -0.168948129 0.445981592
    -0.022000283 -0.00841856003 0.48217082 0.115935743 0.958185673
    0.544390619 -0.186424136 -0.142332911 0.452805102 1.0904187
    -0.394605905 0.331622839 0.968361616 0.492546082 0.335639238
    0.69144696 1.03505731 0.0527942777 0.804929554 0.658586323
    1.36962569 0.939441442 -0.43548888 0.0212194622 -0.0949935615
    0.929462612 1.39797711 0.982591033 0.784856856 0.596560061
    1.39761686 1.19673944 0.794469237 1.37091959 -0.259805739
    0.950138628 0.168108225 -0.370581686 0.798841178 1.41933823
    0.874689043 0.781880975 0.0148041844 1.45190716 0.152335107
    1.0322727 -0.0274584293 0.532372534 0.200596511 0.373807609
    0.67789793 -0.0836186707 -0.162750334 1.07538939 1.29951477
    0.750350475 -0.0646899343 0.17554903 1.2098757 -0.0960504413
    -0.0359903872 0.86132288 -0.369583607 -0.059599936 0.594672441
    -0.239794746 -0.298427761 -0.0602922738 0.109758168 -0.45179078
    1.16111207 1.00880313 0.651097655 0.992333353 0.0658734739
    -0.0726395249 -0.270774424 0.343532681 -0.218324408 1.36054468
    -0.250221997 0.783996344 0.9406178 -0.111340404 0.656445384
    0.776283264 1.47551346 -0.282476366 0.914593458 0.813297629
    0.305472076 1.21864009 -0.168727249 -0.431148529 1.25006711
    -0.153308123 0.818831921 0.383513153 1.39223027 0.327012718
    -0.163457438 0.0699063838 -0.0870628059 0.627452791 0.139549345
    0.296879709 0.196009964 0.793915272 1.33841014 1.22888303
    -0.443493009 1.1796838 0.872882664 0.194136918 -0.0509560406
    1.46382201 0.124456048 1.33482766 0.820539296 1.02573705 1.14819849
    0.226868391 -0.12919414 0.996774077 0.702941895 0.479830265
    1.02369034 1.2699728 0.710149646 1.45839226 0.228600025 0.573677659
    0.913343072 -0.270842046 -0.379628509 1.13849545 0.0787943006
    1.20792222 0.768793106 -0.360528946 0.0557674766 0.00789570808
    -0.225252241 0.654734254 -0.0108547211 -0.131668419 -0.178962305
    -0.395254493 1.54183388 -0.34884274 0.822258949 0.280654013
    -0.164488137 0.0723537207 0.417597979 0.847956061 0.636865497
    0.443549335 -0.43296653 0.531040013 0.543741822 -0.271787196
    -0.346894711 1.23790359 0.38481158 0.146155357 -0.221991837
    0.244383425 0.390835613 0.737466335 0.184931636 0.0531451702
    -0.0736960471 0.877843022 0.492421985 0.823885262 0.853309155
    0.394811332 0.371615887 0.0306479037 0.347913712 0.366477519
    0.978309095 0.752883136 -0.14231351 -0.351665467 -0.296793133
    0.727697074 0.648009837 0.763920426 -0.0354293883 1.19597054
    -0.26920858 1.18842494 0.886621952 0.968730032 0.674992263
    0.167757094 1.17034721 -0.0765062869 0.672280073 0.566269934
    0.5528602 0.669576406 -0.267466784 0.636533558 0.419497371
    -0.33509925 0.473595798 0.724387825 0.413925231 0.78544116
    0.786756873 -0.3382999 -0.176605612 1.12426257 0.416189522
    0.450231761 1.24381566 0.149677515 0.172594845 0.396333933
    0.972404897 0.986523628 0.222123146 0.255641639 0.345203578
    0.196856946 -0.313682765 1.30678177 0.295038879 0.767162383
    0.673258364 1.0167625 -0.0990524888 0.957171381 -0.509659648
    0.141812861 0.942662835 0.653928518 1.43848431 1.13597059
    0.801256478 0.00606143475 0.341329426 0.440312624 0.359056622
    0.734822869 -0.120429009 0.0720663369 -0.499777585 1.42306614
    0.900486827 0.233456165 -0.0087223053 -0.053566277 -0.236362517
    1.35394907 0.930210292 0.717067897 1.31549668 0.183474541 1.4951272
    0.37482515 -0.208490193 0.8610937 0.130951911 1.42991877
    -0.210169852 -0.0348891616 0.00586372614 0.808743238 -0.138103873
    -0.299650073 -0.166169047 0.633491635 -0.128649294 0.901611686
    1.18819666 0.750992298 -0.0343693495 0.975584269 1.39079893
    0.425615072 -0.204120666 -0.31647712 1.12401664 -0.356907338
    0.766854167 -0.242334381 0.576499581 1.44534826 -0.221501052
    1.39636922 -0.395260394 0.992606401 -0.484945059 0.360421658
    0.718797684 1.02942824 0.378534794 -0.311450988 0.375157475
    0.946837366 0.184120476 -0.322024554 1.36204469 0.51165837
    0.448446244 0.110979199 1.12247658 0.960532963 0.63505429
    -0.359768957 1.00365067 0.729169726 0.75018996 0.000643402338
    0.0694027245 0.131462097 0.262913883 0.662635088 0.813654423
    1.38030291 -0.0237075984 0.905575454 1.07697821 0.857257962
    0.344309151 1.09098315 -0.455776453 1.3091011 0.952465415
    0.249559909 1.5978353 0.0499104559 0.398335576 0.814681113
    1.07817721 1.29841566 0.336549282 0.0432880521 0.425089777
    1.43006313 -0.278423369 0.785834968 0.524933219 1.17367363
    0.861939967 1.31126642 0.130343914 0.354203105 0.344049275
    0.97089982 0.222727358 0.856447101 0.188524663 0.308263779
    0.533522844 -0.19097124 0.607916117 -0.162976041 0.466170043
    0.657904983 1.2216661 1.0200187 -0.344094515 1.19738626 0.603806317
    0.976878583 0.939652801 -0.340207785 -0.449393898 1.23604822
    0.954647303 0.904579639 1.06164312 -0.280849278 -0.366787523
    1.23163855 0.543546438 -0.114780605 -0.153928384 0.168538004
    -0.0696458817 -0.474039137 0.221255541 0.826078236 1.4166162
    -0.169083312 -0.329611421 1.49807727 -0.326954544 -0.334252298
    0.729937553 0.341265261 1.21604657 0.192955673 1.20142269
    -0.00777226686 -0.380337119 1.13186336 0.138152897 0.456184238
    0.0002361238 0.543343961 -0.116062343 1.02153039 0.689627886
    0.513656139 0.679984152 0.371787906 -0.338407218 1.31031895
    -0.280782849 1.34879661 1.3441267 -0.174394667 1.36062515
    0.473228455 1.00453377 1.32565117 0.494286954 1.33602762
    -0.464764208 1.03302932 0.425538003 0.00136327744 1.15047038
    0.985130072 -0.234964967 0.0159278214 0.104063123 0.326572895
    0.491129398 0.202302694 0.579468846 0.371409178 1.30793619
    -0.301922768 1.15598536 0.981150985 0.149075925 0.0974983871
    1.17460418 0.154308736 0.129806668 -0.0260635912 0.977654397
    0.999296844 1.12072444 -0.282187581 1.02927482 -0.305009753
    0.000700861216 0.354523599 0.957324326 0.339756966 -0.069157362
    0.277135253 1.4314816 1.18559337 1.06788707 0.944580436 0.915701687
    1.42508888 -0.339448512 0.0766341984 -0.296848774 0.600756049
    -0.081251502 1.37360215 0.594343185 -0.0913280249 0.171998441
    -0.0885007679 1.14790404 0.606557488 0.727679193 0.421371996
    0.279026449 -0.366792798 1.27734184 -0.376657665 0.430361331
    1.54173791 -0.163609624 -0.0499377549 0.0249139667 0.837552488
    1.21104944 -0.109757453 1.27411664 -0.211830556 1.32599998
    -0.248247057 -0.176126301 1.22661018 -0.279315352 -0.320879549
    1.13932884 1.14921355 0.792375386 0.0649825931 -0.0779158771
    0.379614472 -0.292592466 1.34519601 0.54308629 -0.155853122
    -0.120856494 1.11902022 1.31296563 -0.028765142 -0.083312422
    0.184926927 -0.145642519 0.15618366 1.00409627 0.0271220803
    -0.180268303 -0.0928210914 0.619607806 0.0566285849 0.616464257
    1.37576854 -0.0610251129 1.2029171 -0.116337925 0.308842093
    1.57444286 -0.119130492 0.763911724 -0.178978145 1.13375759
    -0.199823216 0.0967183411 -0.13594529 0.249546468 0.989560366
    0.665217102 0.904624999 1.00847125 -0.0267243683 0.116958261
    -0.442436874 0.333182931 0.611308873 0.511427343 -0.384779334
    1.12781036 0.309329033 1.32691646 0.038839072 0.177722573
    -0.194996238 -0.189453453 0.483965963 1.07530117 0.909554482
    1.14319086 0.583444953 -0.0289417505 1.45645368 -0.0343323648
    -0.060379684 0.844143093 0.949412763 1.11333871 0.671738207
    0.360664248 0.492206454 1.29267716 0.906315804 0.769272447
    0.50370276 1.32776642 -0.183681995 1.21985579 0.671871722
    0.927328348 0.506420255 0.0952664614 0.184954733 -0.450169176
    0.774920523 0.333763778 -0.318107426 -0.173230708 1.32333231
    -0.1057446 -0.386632055 0.406532675 -0.310372502 0.376187265
    1.15692222 0.230286241 0.520095229 0.199510694 1.10906482
    -0.462556571 1.3929522 -0.187389672 -0.467920482 0.907464981
    1.11610937 -0.200578779 0.564757645 0.294293821 0.33184725
    0.564258635 0.32705909 0.907966197 0.922504067 0.978775203
    0.640819073 0.155700922 0.914990246 -0.206893533 -0.13083747
    0.0594589114 0.669248164 0.478194058 1.15569997 0.529710472
    0.310091376 0.743174314 0.471187711 1.02171373 1.07124269
    -0.26553753 0.335826486 1.21516848 0.00659793615 -0.324830621
    1.19234157 -0.0911544859 0.508146524 -0.274549335 -0.0348255932
    0.806854486 0.682092309 -0.0269037783 0.522184908 0.401312798
    -0.362622201 0.721035659 -0.32695803 1.508497 0.552400112
    -0.205367237 -0.390338659 1.33466935 1.10013151 -0.227010608
    0.129481137 0.978224635 0.646267891 0.339475751 0.931074023
    -0.052798152 0.59256959 0.0665436685 0.0307317972 0.644658804
    0.505194187 -0.536758959 1.06979358 1.25488186 -0.492054373
    1.49229574 -0.164726913 0.00187754631 1.50399446 -0.213272244
    -0.477984548 0.176857293 0.987563193 0.588526428 0.554112673
    0.870278716 -0.12325725 1.40118158 0.99778825 1.3261807
    0.00676327944 1.49184608 0.189545542 -0.398361146 -0.0116869211
    0.35574621 0.273343503 1.04934144 0.875512719 -0.0380632579
    1.14333224 1.31597352 -0.185153842 0.603704333 0.341493338
    0.894530535 1.2882905 -0.0312678516 -0.249871641 0.312856972
    0.370461881 0.6506567 0.719360232 1.14297318 0.606332898 0.513547897
    0.882984519 0.324241221 0.0965391994 0.954404414 1.3629384
    0.0524253249 -0.101167917 1.29123902 0.131376743 1.28405392
    0.287501454 -0.248974383 0.255982459 1.36921716 1.05737519
    -0.159228116 0.748179317 -0.311447024 0.692006886 0.469293118
    0.789328814 0.970242858 0.589547873 0.298894048 0.154669762
    0.430558741 0.234161377 0.264739901 1.26005411 0.184513688
    0.431016892 -0.24548614 -0.27306205 0.375067353 0.249262989
    0.880090237 0.485830367 0.659902811 -0.327040434 -0.242129788
    -0.0170834363 1.33751965 0.852950573 -0.0613915622 0.642707109
    -0.391302973 0.958432913 0.310313404 0.61041671 1.33734202
    1.29142392 0.5029881 -0.346987545 0.723607838 0.838190973 0.88972497
    1.0883404 0.782232761 1.29265249 -0.176939368 1.1540451 0.0387758911
    0.437264919 0.717305541 0.730591476 -0.294246167 -0.195660859
    1.25381255 1.37171578 0.0532683134 -0.478335768 1.19199586
    -0.226616144 0.138858676 0.479299068 0.406807661 0.405203998
    1.29269671 0.771256208 -0.20207271 0.163331479 1.44583344
    -0.408554673 -0.367388546 0.477915347 0.575626552 -0.0316779613
    -0.0521335304 -0.164441586 1.15140891 0.628385186 1.34878826
    1.16036129 0.000151753426 0.554276049 0.742735624 0.0904649198
    0.041454047 0.851242959 -0.126996517 -0.184062183 -0.00409287214
    -0.115715265 1.26849461 0.628255188 0.292629063 0.398403436
    -0.443605751 -0.21916613 1.06260395 -0.325432301 1.13652873
    -0.577536523 0.409659147 1.27376735 1.32031441 -0.517664015
    1.16788828 -0.193238765 -0.112615675 0.508617878 0.744074285
    -0.32748574 0.598225951 -0.212597489 0.615657985 0.00908592343
    0.338818192 -0.119721383 0.310561121 1.05825067 1.20010591
    0.553823173 0.0637166202 0.0542734265 1.25897729 0.336457193
    0.421177119 -0.284160554 -0.294517398 1.3433969 0.623058438
    0.933697224 -0.409684151 0.455504209 -0.146624416 1.29609394
    1.44627905 0.0480047464 0.963453293 0.991110384 1.34143281
    1.32796025 1.30308568 0.435557604 1.34504056 1.20676017 -0.424911678
    1.30958486 0.592344105 -0.321335703 1.39512086 -0.229946658
    0.565078497 0.0403533578 0.874274969 0.174577832 0.908489883
    1.17742133 1.00314522 1.06772828 -0.22689262 0.520410001 0.682067871
    0.469207942 1.64249492 1.12436295 -0.240528911 -0.0944954157
    0.199687511 0.858036578 1.32945275 -0.377831638 -0.37706849
    1.40053105 1.12162662 -0.158117563 1.33641362 -0.304186821
    -0.275977939 1.41097927 1.23744297 0.551866591 0.751890481
    0.835405707 0.763793945 1.37990403 -0.356555104 -0.0592045784
    1.4192946 0.83466059 1.03312647 -0.549418211 1.07404208 1.35780025
    1.33970881 -0.0319415927 0.985559702 0.819035232 -0.37798509
    0.831618011 1.10447156 0.686020255 1.255162 0.202834368 0.622611225
    0.178895712 -0.16899392 0.850853622 0.571859479 1.24051356
    0.81878978 0.41596961 -0.0974455476 -0.22556296 1.00305557
    0.961299181 0.876349986 0.664627194 -0.21015659 0.349102557
    0.0944162607 0.884001076 0.988075972 1.20355618 1.56027865
    -0.022369355 -0.327200651 0.132121772 -0.334909528 -0.132218808
    -0.22868821 0.759456992 0.590841472 -0.131980538 -0.121565908
    -0.222305179 1.47330034 1.19360685 0.761301339 0.921632886
    0.334458888 -0.0754389763 0.633134067 -0.430183709 0.330908239
    -0.511656344 1.32668281 1.23691916 0.329252064 -0.0160565376
    0.687095165 1.0835824 -0.0567740202 0.684735775 0.0437863469
    1.06559372 1.02103424 0.156797588 0.2951864 1.06807804 -0.375441283
    0.547957063 -0.0317603946 0.242914021 -0.0524069965 -0.200722545
    -0.169815063 -0.208007663 1.22694349 0.624974847 0.53805542
    0.927698374 -0.142855942 0.376680315 0.85811758 0.214360237
    0.945910692 0.60497719 1.32023275 0.684365273 0.579830229
    0.597689629 0.721647799 0.96839112 0.681634665 0.923815012
    -0.442312568 0.900130093 1.38805723 1.09925842 -0.371690929
    0.670702696 0.211573184 -0.174938321 1.14861286 1.07602525
    0.251860082 -0.40255627 0.446559459 0.632114708 0.782167017
    0.337947249 1.34289134 0.219899535 0.910354257 -0.45354259
    0.727221191 0.0777278543 1.22973323 -0.0453444719 1.01461101
    0.845713258 -0.224652022 0.802478671 0.365563333 -0.22793141
    1.29483581 1.34622133 -0.0756574571 1.27565503 1.29607964
    0.0325649381 -0.29013589 1.04675937 1.43835449 -0.174104661
    0.0773954988 0.420870364 1.27645993 1.02723813 0.371107161
    0.46362108 1.0704453 0.59000051 0.344477028 0.283963263 0.133088052
    0.521155059 -0.0932663381 1.31990743 0.993930101 -0.0370672047
    0.0951917768 1.3599658 0.334468424 0.820362985 1.29666173
    0.367538065 0.817192972 0.324342668 0.222567797 0.190924883
    1.21292233 1.36559343 0.0201980472 -0.215813637 1.2751224 1.29522634
    0.626445353 0.871424973 0.00917392969 0.985056102 -0.102440059
    -0.245311081 1.23711479 1.05090356 1.32018161 1.4775852 -0.229633227
    0.414962769 -0.238410503 0.379813522 1.0013423 -0.12203905
    0.998166323 1.25213265 0.904959738 0.0561467409 0.656012595
    1.01641035 1.24858284 -0.186167151 -0.0727033615 1.4770391
    1.13058805 -0.127316207 0.628755867 0.00993803144 0.666735351
    0.624792337 0.433685064 0.876124382 0.681423724 0.263194621
    -0.187476456 1.46443236 -0.0516846776 0.890652001 -0.426267385
    0.793412805 0.262542784 0.65825516 0.154527754 -0.0177896917
    0.116459072 0.411817312 0.863611341 -0.181065828 -0.0994250476
    1.10300851 0.475815177 0.903764486 0.486026764 0.402521372
    1.24760985 -0.245213196 0.421398222 -0.102539599 0.459653467
    -0.265051425 0.803420424 0.818254113 -0.394149512 1.00372112
    0.908868134 0.315094173 0.87547946 1.4459784 0.770407259 1.22706115
    0.720583439 1.39808536 0.436332047 1.21593451 0.465456247 1.12263227
    -0.199978143 0.978978157 1.27922654 -0.393351316 -0.0465147495
    -0.184396714 1.22014761 -0.0408420563 1.34239101 0.994213521
    0.434482038 0.657462895 1.05701685 0.236778975 0.582791448
    0.779958606 -0.446592242 0.843459189 1.18116069 0.232087731
    1.32604945 1.26044846 -0.274557948 0.0288740098 0.921401918
    1.3298049 0.52378273 0.792996407 0.790427148 0.0409535766
    0.568458617 1.20453036 -0.202028066 0.216817468 -0.116413534
    -0.467412561 0.773828387 0.854091942 0.429486394 0.302647114
    0.509391785 1.06110847 -0.0988990664 -0.335984796 0.346714824
    -0.0439749658 1.33684409 -0.138766289 0.753379643 1.04276192
    -0.395089954 1.33154345 0.497629046 1.50991249 0.0930629373
    -0.310928613 0.952039897 0.507499516 1.0555563 0.638994753
    0.780317247 1.43446398 -0.114410669 0.904728174 1.51515436
    0.974982142 -0.128531814 0.725094616 1.27912641 1.39382386
    0.325386107 0.544749141 0.0299010277 -0.118333653 -0.0516676009
    1.26666164 0.948293567 -0.285874605 1.47689319 -0.142487228
    0.653069019 0.690876663 1.37526786 -0.578451335 1.31111801
    0.244228601 1.19932008 0.569313765 0.565339565 0.130641818
    0.00687545538 0.758934498 0.897981226 0.77728951 1.00347817
    0.428764373 0.0660456121 1.38168097 0.576309085 -0.213144094
    0.466047704 0.392117441 0.541612148 1.22330666 0.0442377329
    0.411204696 0.663011312 -0.0731242597 0.00917822123 0.629472971
    0.394737661 0.648803055 0.80725342 0.877647996 0.238371491
    0.567451835 1.27340841 -0.439454794 0.837234378 0.750924528
    -0.0554715991 -0.359305024 -0.186950862 1.35918975 -0.49758932
    0.933706164 0.884958267 0.915307403 1.47971904 -0.118374258
    0.523641706 -0.120340049 -0.231743842 0.125965416 0.43379879
    1.29212379 0.866787732 -0.423190355 -0.216771096 0.222151458
    -0.00754088163 0.72592032 -0.294861794 1.26713347 0.0901757777
    -0.284272611 1.25384927 1.39050293 -0.489963114 0.920738697
    0.595077753 0.511401951 1.26358247 0.196928203 -0.206788331
    1.35651827 1.04395366 -0.292225569 0.63590771 1.0530498 0.463468015
    -0.190275833 -0.347062349 1.23774254 0.917477787 0.440452397
    -0.157051727 -0.328448862 -0.379690617 1.06532788 0.381334543
    0.0346760154 0.892543733 0.137716413 1.12034822 0.531808615
    1.28480566 0.417340934 0.0424518585 -0.10322094 1.06732368
    0.0191488266 0.602613628 1.35998988 0.427300453 0.858575284
    0.723591805 0.225173354 0.036130935 -0.351220936 0.758862495
    -0.0911055803 -0.218450725 0.507537246 0.0974056423 1.33050466
    0.782731414 -0.12846303 0.0159827471 0.130224168 0.800426483
    0.671331108 -0.186524391 1.46440542 0.806964397 1.4339149
    0.181014687 0.002684623 0.0121845901 0.586390376 0.83295548
    -0.0687660575 0.66327548 0.362437695 -0.14114517 0.557321548
    0.258780658 -0.277341336 -0.228422463 1.42765498 1.26967871
    -0.512147367 0.494278491 -0.439268172 1.46685433 0.406346679
    0.929804921 0.0169398487 0.127021343 0.321300983 0.072758317
    0.699498475 0.367522776 1.08160341 0.032361567 -0.455433846
    0.539854705 -0.158014312 0.453360021 0.179614812 0.280734181
    1.49768043 0.624200642 1.32196605 -0.398454726 0.175787985
    0.0823457241 0.309365213 -0.106049657 1.35532355 0.287860215
    0.0384489298 -0.114587367 1.09191799 -0.376459658 1.30594051
    -0.00708961487 -0.466446429 -0.0520413518 1.42743874 0.290828049
    1.35487604 1.12576437 -0.412137568 0.404935956 0.78089875
    0.898314476 0.426757157 0.586063266 -0.382999361 1.06561744
    0.621941566 0.981798649 -0.180916816 0.596742272 0.317870259
    1.27785897 -0.225518048 0.661909699 0.233991206 -0.326293081
    -0.388210297 1.37246954 1.20891929 1.18019962 0.607386053
    -0.0911780298 1.60451317 -0.0377261341 1.47334397 1.36144924
    1.10697484 -0.434694678 0.225456893 0.870149612 0.206727266
    0.333150715 -0.266211152 0.432997793 0.184818298 -0.284711242
    0.772553325 1.25801706 0.873997867 0.48867923 0.168424934
    0.750397563 0.882207096 -0.179646999 0.664431334 0.729074955
    0.847553611 1.30708408 0.0791802406 0.816318214 0.786270678
    1.28429818 -0.491785526 -0.414919704 1.2283783 -0.345572293
    0.177259296 1.24056494 -0.157051891 -0.371517599 1.18283391
    0.780187964 -0.101377904 -0.181929782 0.237059444 -0.0661592185
    0.184945822 1.41571784 -0.0128592849 0.281514764 0.701445401
    0.0704501271 -0.0129229426 1.32031679 1.02134466 1.00805712
    1.1767931 0.787705481 -0.261761665 0.59174031 1.26502347 0.554086447
    -0.342587292 -0.0757734776 0.537715316 -0.447478682 -0.266517073
    0.0804306865 -0.0594766438 1.46376371 -0.434937209 -0.325219929
    0.201523632 1.02206135 0.128644645 0.395585537 0.180938423
    1.25005317 0.838959694 -0.357775033 0.606421113 0.278427005
    -0.0948805213 0.967824221 0.0949964523 1.27761233 1.31091881
    0.707269609 -0.26159817 1.21880615 -0.380622178 1.27556109
    -0.0650028586 1.41058445 0.388410747 0.550560653 0.861112177
    0.354351342 -0.21672523 -0.256276131 1.50934649 1.1258496
    -0.150655136 0.813745856 0.936654747 1.17213285 1.24127269
    -0.304737449 0.880918086 1.43129182 1.46010399 0.188660175
    0.660104692 0.644941092 -0.116268933 -0.358848512 -0.126893371
    0.393904686 1.16409218 1.31360149 1.32092381 -0.312364012
    0.470464706 0.262260199 -0.155865192 1.31579661 -0.37245217
    -0.343486726 1.08581352 0.965492606 1.0943222 -0.361476898
    0.515799642 1.12353551 1.34584391 1.12116528 -0.460823417
    -0.392706633 1.09201741 1.09942484 1.19671774 0.71560508 0.718680382
    -0.260197431 0.533986866 -0.185064495 -0.269791722 0.312696755
    0.286154687 1.05858707 1.02046943 0.733418822 1.03562188 0.367814422
    0.492240787 0.307811677 -0.542510211 -0.431938589 0.185233891
    1.01581359 0.81461823 1.14906573 0.473113835 1.1917479 0.137797117
    -0.275452793 -0.134636372 0.513578594 1.35384655 0.357715964
    0.127356231 -0.450108171 0.187267542 -0.258158028 1.06161916
    0.0599859357 0.13121593 0.617959023 -0.155959025 0.501197577
    -0.177686289 0.140718043 1.32141376 1.02410185 -0.423028558
    0.492907435 0.899399519 0.0289734602 0.203737348 0.116814435
    0.43539542 0.981928587 0.414273262 0.720339358 1.11371851 1.1527822
    -0.386342078 -0.291062564 1.00993252 0.201795936 1.22929871
    -0.509822607 0.862014592 1.38310623 -0.0547411442 0.756063461
    0.973670304 1.07808983 -0.367937863 0.645083427 -0.00536501408
    0.0747246742 0.362397641 0.797652602 1.08665144 -0.199437648
    1.12640703 0.959750593 -0.232970953 1.35720325 -0.319052011
    0.634849548 0.971461654 -0.0540808439 -0.118153781 0.72186929
    0.379810452 1.14210808 0.0279387832 1.43677855 -0.466243774
    1.20613599 1.06426573 0.964047849 0.293087304 -0.0219223201
    -0.0570524335 -0.379241318 -0.397115052 1.08035159 -0.287537932
    0.0071105957 -0.0683620274 0.347263724 -0.222424403 0.898250103
    1.39090228 -0.404832363 0.443542987 0.195715666 0.638585806
    0.185655057 0.210487276 0.114853203 -0.13410008 1.23707867
    0.0286218524 0.0366760194 -0.21546559 -0.299230307 0.0851298869
    0.524739504 0.0537893176 1.47878575 0.855126143 -0.322223842
    1.2434032 0.397672981 0.682949603 0.631120741 1.33643699 1.49616957
    0.784318805 1.19054341 0.413268864 0.939049304 -0.483748734
    0.275675833 0.0107654929 0.268023878 -0.171582624 0.570769727
    -0.445955008 -0.190420508 -0.439391971 0.536394417 0.406035423
    1.11192083 -0.170087546 1.41787744 -0.278202564 -0.123083889
    0.0377996862 0.378367156 -0.0377922356 1.27978218 -0.085557133
    1.45508051 0.143967062 0.934733868 -0.0747932792 0.0708253384
    0.675244689 0.18928653 1.22656059 0.603122175 1.46640646 -0.34672606
    0.688349843 1.24194181 0.353037655 0.851151288 1.09117234
    -0.527911007 0.799213052 -0.345638692 0.243435383 -0.137364656
    1.19069791 1.32213211 0.282194674 0.959698439 1.20980465
    -0.180555135 -0.0226073265 -0.274993211 1.2190212 1.4893856
    -0.213206142 0.424512208 1.17358541 -0.249559492 0.163411379
    1.39272821 -0.3653045 1.11769772 1.03094423 0.0853667855 1.10910738
    -0.055288285 0.201240242 1.34776819 0.153833687 0.765626967
    -0.106467634 0.745865107 -0.258523583 1.39140081 -0.50534296
    1.2711668 0.736516416 0.703842223 -0.176086217 -0.00775063038
    1.07583451 0.0132904053 0.575675488 0.359732389 -0.192810744
    -0.0611798763 0.349534869 1.35260761 1.1211679 0.414958537
    0.802954674 0.763479829 -0.01190418 -0.331264675 0.752741039
    -0.383281916 1.28899193 1.47438097 0.750557661 1.07893336
    0.0984749198 -0.493862271 0.508426666 0.919579148 -0.353032589
    1.5459404 0.666527927 -0.135256737 1.51770091 -0.353680193
    0.753457904 -0.260299355 0.885051429 0.0724018216 -0.221047238
    -0.227346003 0.60478574 1.17812192 -0.135830194 1.41976202
    -0.332866609 1.08625984 -0.226637989 0.706829488 1.02549863
    0.662252247 1.38579249 -0.436862588 0.841931462 1.32884049
    0.980726779 1.20961761 -0.294108689 0.629150629 0.500420988
    1.02608347 0.874745905 1.37860978 1.20238805 0.491452754 0.672950506
    1.29164445 -0.37219286 0.537867546 0.811074734 1.12574315
    -0.173303664 -0.337097764 1.19525194 1.23328757 1.23613226
    0.668467045 1.19713664 1.44573188 0.350138932 0.328231126
    -0.228324831 1.20682073 1.07726169 0.592679143 0.582827687
    -0.318422526 0.844205976 0.3507424 0.235193789 0.099666357
    -0.0683853626 1.48841786 0.528613806 -0.356520057 0.483441591
    0.58220011 0.84108156 0.271779299 1.29905987 0.812394798
    -0.359720528 -0.0186015069 0.81710732 0.808024883 1.09569454
    0.739259481 0.150274158 0.970037699 0.390223563 1.10104167
    0.29513821 0.062607646 1.13889146 0.569388866 0.919439375 1.43506503
    0.666615903 1.2440573 1.01561677 0.233629644 0.118286431 0.554384887
    1.36547351 0.0200709701 0.880979955 0.464583695 0.434298217
    1.28957295 0.919186532 -0.295847714 0.14411971 0.352234304
    1.23916626 0.200597346 0.495710373 0.993428051 1.14283085
    0.548596323 0.670199692 0.448041201 1.40908968 0.607446849
    1.47280586 0.524798989 0.496392816 0.0308989286 1.48045695
    1.04758883 -0.274523854 1.51596594 -0.156165123 0.077739507
    0.215981573 -0.428521335 -0.0747345686 1.26400137 1.17742205
    -0.449401259 0.734119177 0.357804507 -0.0620574653 0.45150122
    1.4113543 -0.0970951915 0.0520615876 0.513935268 0.480228662
    -0.218875825 -0.0709939301 0.0391491652 0.903482854 1.11249042
    0.653225124 -0.43319121 -0.123881042 0.412736237 1.24947238
    -0.404835165 -0.125837088 -0.223056406 0.88667196 0.186814547
    1.2961185 0.848872721 0.779692352 0.964952886 -0.397461832
    0.505663037 1.17875051 0.503655314 0.730892479 0.0619164109
    1.43070674 0.0673223138 0.124477774 0.844755411 0.102637053
    0.396519393 0.863197207 -0.321323127 -0.0615544617 0.657903731
    0.161621153 -0.229198635 0.285283178 0.442698896 0.0507708788
    -0.262999892 0.989098072 0.506584048 1.0344559 0.0479548573
    0.353597939 0.674713016 0.0868654847 -0.00680714846 0.443112552
    1.07121587 0.23016125 1.3182404 1.17519784 0.783092797 1.33264399
    -0.539174497 1.18179762 0.462068319 1.437644 -0.380076617
    0.763498783 0.351401061 1.42877328 0.334717035 1.27111697
    0.908597112 1.05129099 -0.0375788808 0.335414052 0.834551871
    1.102808 -0.201061964 -0.277833879 0.833744884 -0.0360135436
    -0.404496729 0.470160782 0.553020656 0.0864752531 1.22406399
    -0.152568579 1.15511763 0.417761445 0.183779478 1.3873477
    -0.130382329 1.03812456 1.16954803 -0.0739830732 1.18789554
    1.37697732 1.26974833 -0.179435849 -0.290271223 1.19573867
    0.242182016 -0.186727583 0.598759413 0.572027087 0.226311684
    0.852234423 -0.134117395 0.00930273533 0.171132803 1.31444073
    0.463808477 -0.0219304264 0.026483357 0.329132676 0.355478048
    1.3172071 -0.179229707 -0.136329144 1.50385475 0.00884914398
    1.42392242 0.0192739964 0.23864913 0.207304209 0.0219411254
    0.0294219553 0.399349272 1.25740767 0.242538929 -0.251096427
    0.525297642 -0.040445596 1.26240265 0.539209962 0.13082099
    0.95704025 0.209877551 1.13595331 0.465225816 -0.470445067
    0.723916471 1.13092399 1.26119733 -0.315762132 0.925133705
    0.158071518 0.859192669 -0.112322092 0.571985781 0.151983052
    0.233695 -0.201999366 -0.0422614813 1.35872269 0.40092808 0.36127758
    0.516708255 0.350919843 0.683350623 0.604049623 1.23457134
    0.803863227 0.206493735 0.848367691 0.977209985 0.344779909
    -0.122348189 0.64285481 0.872689486 -0.348766446 0.230509877
    1.06875968 0.414669514 0.430920601 -0.256876528 0.0212699473
    -0.302020073 0.674855113 0.293042481 1.30829215 1.29755163
    -0.0632374883 0.232733279 0.669739604 0.515492022 0.502625167
    0.839343607 0.308804452 0.757923961 -0.313834429 -0.433387637
    0.851050556 -0.482148856 0.635754704 0.330930024 0.0214898884
    0.733338773 0.51957953 0.743095577 0.917708755 0.100682497
    -0.3238343 -0.222233549 -0.178943753 0.689914346 0.380250931
    0.199580848 1.13719821 -0.477273136 0.941994071 0.48359248
    1.36555731 0.235468268 0.609262109 0.768792152 0.914483249
    1.33532906 0.0419203639 -0.0277062058 1.07539558 1.03929925
    -0.0553148389 0.680055201 1.27605462 0.592880845 0.657746077
    1.42767763 0.572193742 0.589837074 1.15969491 0.270522416
    0.819133818 -0.217182398 1.04136205 -0.127466261 -0.44519034
    -0.25529021 1.14530838 -0.463105768 1.05204058 1.12607169 1.00383472
    0.297064602 1.41509831 0.202545285 -0.119410336 1.30015182 1.4272064
    0.626937151 1.22733355 0.696100891 -0.0801390707 1.29279852
    0.537249267 -0.4501158 0.0046980381 0.788231492 0.809873223
    0.872815192 0.132625043 1.4904145 1.03473759 0.834168851 1.17706704
    0.911876559 0.176486552 1.08846605 0.00735926628 0.954829633
    -0.290943831 0.393647134 1.47847736 0.019172132 -0.0672212541
    1.28773475 -0.392780662 0.522279441 1.35736632 -0.0102886558
    0.441844583 0.381251216 0.812892377 0.456951439 0.494053125
    0.223359227 1.00984263 0.529530466 0.629214048 0.0748122931
    -0.0483222306 1.56013274 0.382641822 -0.208538443 1.3670913
    0.510430217 0.496128619 0.272561252 0.881112754 0.323306441
    1.52567554 0.298184186 -0.330755353 0.708527744 1.45691609
    0.263239324 0.059538722 0.111009896 1.37883234 -0.381970763
    0.570868731 0.0934667885 0.0425565839 0.29979068 0.500449002
    0.0697085857 0.838200033 1.22711098 0.107233316 -0.323351383
    0.421561867 0.674217522 -0.39384532 0.286304206 0.936650991
    0.293968618 1.10261965 -0.160281211 -0.449316472 0.0422661304
    1.40199077 0.40154016 -0.332901925 1.13252819 0.01707986 1.09213209
    0.166696161 0.727108955 0.0934175253 1.15736246 0.486001194
    0.243266642 -0.391665161 -0.428478777 1.01292205 1.16143215
    -0.279126614 -0.46047017 1.3179239 0.00942820311 1.39067006
    0.122019947 0.259031951 -0.176693887 1.38837647 0.885326624
    0.617742956 0.136519432 0.999222696 -0.0308095515 -0.314910501
    1.16889381 -0.19304961 0.557521164 0.261997283 1.28636718
    0.481049359 0.304962218 0.110626936 0.889177918 0.023743093
    0.121907979 0.262376696 -0.252821267 1.42141044 0.304168582
    0.52009207 1.39811206 0.353815615 -0.0830673873 0.977377713
    0.868310809 0.140207261 0.926273704 1.39019608 -0.0708516538
    1.12407732 -0.421567172 1.18770552 1.07197952 -0.181292117
    0.151629269 1.23646665 1.25969791 0.574104726 0.625655413 1.25160241
    1.04441714 0.91582489 -0.54004848 0.0471262932 0.488258183
    0.768681049 0.112170309 0.443491161 0.073343277 0.414239585
    0.23872155 0.934769392 0.672664702 0.840459943 -0.00266432762
    -0.437264323 0.481281877 0.771695495 -0.366700977 0.118155658
    0.480202317 0.754805923 -0.0974549353 0.914060712 1.25710523
    1.27786756 0.290998161 1.2774775 0.755476177 0.524729788
    -0.0383172929 0.072815299 0.778594255 0.949730515 0.672411263
    0.859009504 -0.378702104 -0.373130322 1.41346693 -0.0576666594
    1.09003496 -0.396016359 1.00134361 0.765803337 -0.141235203
    1.46608436 -0.219500929 0.599755764 0.434799433 0.801034391
    0.143641949 -0.0411310792 1.22261167 0.524047077 0.603262782
    1.18582678 -0.270121157 0.396434069 0.549478471 1.3383007
    -0.0898509622 1.46960902 0.84609437 0.00864192843 0.806222558
    1.16334307 -0.365017235 -0.153808445 1.25868297 -0.0554320514
    -0.000378996134 1.39923847 -0.159858286 0.266319871 0.438536465
    -0.222245693 -0.236940056 -0.369056314 1.05894256 0.943177938
    0.730236411 -0.332220644 0.683541059 1.32927752 0.945086181
    -0.376429617 1.44010115 -0.102359682 0.124119341 -0.405798644
    0.364398479 -0.208862945 0.207846433 0.464099526 1.44195879
    0.972701192 -0.179642439 1.12513304 0.101818383 0.71938467
    -0.547912121 0.7062819 1.02977896 -0.484923869 -0.232502446
    0.88374579 -0.0271837711 0.236304879 0.058229208 0.401794434
    0.71359235 0.267858088 1.43386269 0.407245398 1.40856349
    -0.0889110565 -0.158521101 0.707256317 0.921779871 -0.432662666
    1.11177349 0.782565653 0.497250617 0.741026402 -0.303471208
    0.960928619 0.324130177 0.19880262 1.41343319 -0.306440502
    0.0791713297 -0.189976066 -0.152770102 1.14779091 -0.468632013
    1.05518401 0.133485019 1.38323617 0.978902698 0.383220255 1.34143126
    0.136022449 -0.413071185 0.788341761 0.962346494 0.177460313
    0.306075096 1.44498706 -0.31441766 -0.285717785 0.216465116
    1.05598783 -0.0869803429 0.442162931 1.03376389 -0.213910013
    0.872889638 -0.533716798 0.286092699 0.825526059 -0.107041776
    0.788690209 -0.465003431 -0.022628665 -0.152949899 1.02095914
    -0.311306596 1.4137131 0.745559335 0.0213598907 0.314235479
    0.354332268 0.586335063 0.156274229 0.651508808 0.622059941
    0.345801026 0.503157616 0.22450459 0.148971438 1.05319881
    0.122832596 1.02077389 -0.35251981 0.859145224 -0.307583988
    0.27170521 0.927254736 0.583871067 0.936918616 -0.233886749
    -0.0138047934 1.07706869 0.333811641 0.604255855 0.851657569
    0.237904668 1.43266356 0.478377342 -0.573856652 1.48143327 1.3589561
    1.35927141 0.526212335 0.133113384 -0.165905714 1.2371726
    0.381486058 -0.285405397 0.703257084 -0.137546688 -0.0113396049
    -0.0765711069 -0.0827945173 1.48877609 0.46305126 0.735666037
    0.04970783 -0.0649131536 1.25114918 1.2383697 0.539463222
    0.661121726 1.31435704 1.06872869 0.626059115 1.35147846 0.281807601
    0.549112082 0.483263612 -0.0299773514 0.298286021 -0.364919811
    0.491395891 0.00903701782 0.239879668 -0.278098881 0.846188784
    1.07398486 1.20235252 -0.0219672918 0.252388954 0.845760286
    0.0401563048 0.504712105 0.73443234 -0.0615810454 0.688539386
    0.807917178 0.223454595 1.01498079 -0.375363648 -0.340924561
    1.21275055 0.264800072 0.378270686 0.723457515 1.13368976 1.35029531
    0.701594889 0.303449243 0.49266547 0.0229515731 0.0515654683
    0.909167171 0.730407655 0.828912497 0.159620643 0.728643775
    1.20198369 1.2077601 0.770252705 1.35706186 0.914699733 0.601425767
    -0.104896098 0.287405252 1.38760734 -0.313882172 0.676238537
    -0.324561268 0.0502077937 -0.0177046955 0.332054108 -0.450081021
    0.875313401 1.04820895 0.0739585161 0.856262624 1.32423091
    0.0703932643 0.677499652 1.2798537 1.35243011 0.475364804 1.30566216
    -0.162636459 0.787876368 1.33589768 -0.0910912156 1.18903625
    1.38444495 -0.382206321 0.817401886 1.31960142 0.373116434
    1.00124025 0.610068977 0.645609975 1.09818006 -0.0936996341
    -0.410802335 0.706773877 -0.310395688 1.02719069 0.765507877
    0.620758832 0.857327282 1.05140495 -0.37569657 0.0871149898
    0.747489393 0.426136017 0.577988029 0.154121399 1.63365936
    -0.236691281 -0.268005073 -0.22066249 1.22037423 0.771201491
    0.390608072 0.327084005 0.676849246 1.3533057 -0.283829957
    0.233196944 -0.441047728 1.07985663 -0.178129077 0.370500088
    -0.0710303783 0.203032762 -0.151951075 -0.246936485 1.44092107
    1.44035268 0.327473044 -0.318614632 0.304593414 -0.012631923
    0.0232099891 0.906350791 1.08276117 0.794916391 0.188358366
    1.03597689 1.40023494 0.348899305 0.271998882 1.14980471
    -0.316320896 1.46136117 1.21203101 0.099927187 0.133696437
    0.163713872 0.435742378 -0.224277109 0.913707137 -0.230569541
    1.0373714 0.169957995 -0.377787083 0.207280219 0.272665173
    0.950391889 -0.200938344 -0.295102745 0.821525633 0.867834449
    0.0433944464 1.05052376 0.274657845 -0.0944155157 0.518549621
    0.661163747 1.29157782 1.30333304 -0.0435519218 1.1763165
    0.452358186 -0.405658305 1.19493937 -0.127000213 0.845564604
    0.528914809 0.338805079 1.4181366 0.376049221 0.249112487
    -0.188976854 0.433951735 0.694042504 1.52675748 -0.157014519
    0.47480911 1.23100901 1.21247542 0.12744844 1.29961324 1.11682677
    1.35170794 1.28347182 1.38873875 -0.00966769457 1.51021898
    0.449752808 0.951900303 0.902222931 1.43619692 0.216387987
    0.589358807 0.915244043 -0.0679041147 -0.497499615 1.21961761
    1.06747079 0.218018115 0.0859420896 0.0307111144 0.352136552
    0.025693506 0.15244922 0.293807656 -0.205566883 -0.252417445
    0.30079335 1.47032762 0.17838347 0.0497714877 0.901963711
    0.643036962 0.160867065 1.26177132 1.2241416 -0.280436605
    -0.0657142699 -0.282733381 1.30187368 0.46667695 -0.246639699
    0.272868633 0.951806545 0.371556997 1.07009673 0.731363654
    -0.470817149 0.664347649 -0.290379405 1.33773303 0.152048767
    -0.416096747 0.910764575 0.180659741 0.161547005 -0.344117105
    0.347809672 0.840790391 0.235720813 -0.376042068 0.494799018
    0.835133076 -0.340948611 1.04991245 1.41862488 -0.327897906
    0.336865187 1.00731528 0.160290778 0.665083826 0.245195568
    0.0436830521 1.20255721 0.387267232 0.250072181 -0.145103633
    1.4350791 0.535838306 1.23843575 1.02391183 1.38605154 0.518854856
    0.157663256 -0.342348367 0.204392463 -0.0101552904 0.424161315
    -0.385771513 1.41781282 0.109798789 1.19396269 -0.415387392
    -0.153637201 0.520255089 0.61173898 0.533412814 0.184785426
    1.28510344 0.682281494 0.996795416 1.33203101 1.21882653
    -0.286894202 1.32465529 -0.309871018 0.800584733 -0.284845084
    0.28638199 1.16119409 0.521538138 0.189048588 0.959142625
    0.577993393 0.745739043 0.367476106 0.108730555 0.729851544
    0.470102251 -0.139147371 -0.335688353 1.38329005 0.928731441
    0.0577055812 0.140528768 0.609701514 -0.112332851 0.891990304
    0.512867451 0.534091353 0.381214321 0.805613756 0.349742591
    1.16547656 0.232537806 0.464874685 0.460019499 -0.246597886
    0.0550112128 1.25212002 0.963758111 0.410787463 0.715613425
    -0.10784331 0.465498745 0.0984644294 0.0780082941 0.40709728
    0.94480145 0.616116405 0.947782278 0.560287476 1.20633113 1.27596164
    1.31651473 0.0822690725 0.550604522 0.545529604 1.12250519
    0.727589846 0.430482149 -0.27764681 0.883203983 0.158465147
    1.35438108 -0.251384616 1.44580913 -0.3967219 0.622774243 0.50211066
    0.834911406 0.598787069 -0.142891437 -0.0719734877 1.40258884
    0.62128222 -0.172617197 0.340026259 1.0910058 1.36170053 0.715970755
    0.781857073 0.554086924 1.27036643 0.887550056 -0.440124512
    0.533697128 -0.232521996 -0.256120801 1.27375925 1.02793694
    -0.257211477 1.46754766 1.13097095 0.402054399 -0.250142097
    0.574437499 0.0113147795 -0.162447482 0.572619498 0.161249995
    1.26337636 0.920942128 0.325094521 0.678534687 0.274976134
    0.84070158 0.721004903 0.481681705 0.11294204 0.292815387 1.25750303
    1.36641431 1.13695812 0.112978995 1.00228393 1.2372272 -0.0227277279
    1.09773815 -0.447025508 0.94723165 0.499029338 0.0329905748
    -0.299126953 0.135829896 0.111392289 0.887703359 -0.175473124
    1.1005547 -0.0633118749 0.717427373 0.350437999 0.118715465
    -0.187825412 -0.271218538 1.06643832 1.04270434 0.387453139
    0.763327956 0.0646530986 0.49396801 0.858002424 0.227340341
    1.15189075 1.04161942 -0.0398672819 1.45478034 -0.206244767
    0.477965951 -0.227986217 0.284163952 1.31990004 0.687415659
    -0.5265975 0.918856502 0.0508136153 -0.112650335 1.18455887
    0.777356029 -0.642174065 1.00661445 0.638692498 -0.251829624
    0.34573704 -0.178597212 0.283110499 0.738511026 0.297195256
    -0.360931486 0.713454962 1.12187147 0.517278075 1.38507903
    -0.142036855 1.43451023 0.510899186 1.08342028 1.35883999
    0.475715876 -0.395107448 1.46687174 0.823125482 0.405044436
    0.318666875 -0.0928691626 1.05985141 -0.0840282142 0.12205416
    -0.315878749 -0.111147791 0.486725986 -0.139596373 1.56623268
    0.0622660518 0.757420421 -0.0614403188 0.970014632 -0.107309431
    0.416025281 0.836582541 0.789094985 1.01127434 -0.181934088
    1.5984664 -0.359854937 1.21517253 1.14766812 0.936345398 0.569873571
    0.724179387 0.196844459 1.45557189 0.304096848 1.00531077 1.02915382
    0.317931533 1.49624848 0.436170727 -0.0471914709 0.0607026815
    0.902980149 -0.0846896768 0.0761315227 1.07646501 0.429728329
    0.522115588 0.13077873 1.43849635 -0.177652746 1.265167 1.14739001
    0.278422654 0.89191407 1.31626225 0.5784356 0.333814502
    -0.0517437458 1.23865604 0.518776059 0.401450664 0.0121037662
    0.827662408 1.1339438 0.679516494 -0.357668996 1.36837864
    0.432807863 1.02723706 0.818636656 -0.0471889377 1.1097455
    -0.456813008 1.11365211 -0.23227936 1.12781191 -0.406156898
    1.08994269 0.0784416795 -0.396528542 0.558722973 0.645433545
    0.673597097 -0.275081664 0.447705835 -0.313037932 0.336895794
    0.57481271 0.588083744 0.58791852 0.0690149069 0.311379373
    0.155366778 0.988967061 1.07190681 1.39522254 0.504524708 1.22220409
    0.77007246 1.09292793 0.916360736 0.408751607 0.401072383 1.15638041
    0.697237134 -0.0279253125 0.0248034894 1.47277272 -0.149996072
    -0.364223778 0.164957821 1.26603651 0.135627657 -0.358444184
    1.10418522 0.879227519 -0.198230416 0.683651209 1.39052033
    -0.373801112 1.01970792 1.42934966 0.876040697 -0.455817193
    1.11679482 0.209399164 -0.385578811 0.722553909 0.218562484
    -0.200284541 0.760674238 -0.511687696 -0.463616729 1.25590229
    -0.25634256 -0.326502025 0.636729479 1.14426589 1.38715792
    0.98332864 -0.197744548 0.000805169344 0.317655444 1.42660499
    0.448093385 0.0841547251 -0.450273126 0.172975302 -0.0810196698
    0.648552656 0.692296445 0.940980196 0.587186754 0.533114135
    0.944261491 0.428706467 -0.0615903735 0.635863364 -0.422769994
    -0.42623964 0.102334797 0.139056921 1.40864325 1.46319401 0.16441974
    1.53209496 0.154256791 0.0618456304 0.0678551495 -0.341049492
    0.62786746 0.203537405 1.27098048 -0.0228587985 0.028440088
    0.149272919 0.47814095 0.409385502 -0.412376702 0.750731707
    0.474435329 -0.586115003 0.895351648 0.87089169 0.124848366
    0.745260715 1.00779867 1.07789397 0.33090502 0.200629532
    -0.278966844 -0.417066455 -0.273346514 0.553444982 0.703405619
    0.97434783 1.09161794 -0.115823358 1.45912075 0.496667683 1.29278398
    -0.122686356 0.636553407 1.1872685 1.04081106 0.362760782
    0.282146096 0.779640555 1.17705917 1.39601493 0.226107299
    0.380453408 0.567115009 0.0463942885 0.963854492 0.804055452
    1.45202553 -0.357679129 1.01090097 0.144416332 1.11452997 1.20610011
    0.822449028 -0.165865541 1.02810287 -0.0195976198 1.42931366
    -0.493120432 0.945555091 0.363750339 0.716412306 0.761794865
    0.767556846 0.0949433446 1.28343928 0.152173519 0.0633377433
    0.904009879 0.975601137 -0.0749934912 1.42040181 0.561956763
    0.643541455 0.274616599 0.990922272 0.547120631 1.22363245
    0.752601683 0.958531439 1.08330655 0.330676079 -0.485910714
    1.06022775 -0.600461602 0.943781555 0.992496967 0.975087821
    0.91531688 0.0668194294 1.19676018 0.51071167 1.30728412 1.32645035
    0.164299309 0.587766886 0.927360654 0.983202219 0.508629858
    1.24720359 0.304591835 -0.0964857936 1.47055006 1.0033195
    -0.0978282094 0.751930118 1.43577552 1.17812073 0.082143724
    0.912545919 0.28932488 0.190613657 -0.413628131 -0.153552383
    0.0514399409 0.613751829 0.383652747 1.32972848 -0.416003287
    1.21949697 -0.0521469116 -0.376146764 -0.269627571 0.0572631359
    0.146938771 -0.061876893 0.0909970403 1.50298023 0.631027222
    0.441806912 0.433194935 1.33345532 0.670585811 0.294214785
    -0.0226517022 1.20387101 -0.0159451962 -0.136073589 1.04773092
    0.194354653 1.10306263 1.34631824 -0.220554024 0.593142807
    -0.19114691 0.56533885 0.772950649 -0.26778698 -0.342725456
    1.30884123 0.992520034 0.359212279 0.235436499 1.22999215 1.08105826
    1.22383237 0.0797034204 0.00193613768 0.939641595 0.0608450174
    0.481416881 0.680142343 1.08805132 1.00068367 0.586380064
    0.830464959 -0.199914023 -0.332887977 0.695715606 1.46280313
    0.888284683 1.38609028 -0.409302652 1.13897908 -0.309692174
    1.12706637 -0.240408063 0.343510628 0.954964161 0.207935214
    0.635679603 0.877646029 -0.364988148 0.374051154 0.107197642
    0.735184371 0.0678140521 -0.0416734815 -0.064219296 1.16785979
    0.478915066 -0.177210748 -0.255309373 0.255660713 0.622448385
    1.32848561 0.0727783442 1.36956048 -0.482601672 0.0958275199
    1.48348784 -0.0779978931 0.239176393 0.597844422 0.629961371
    0.314590156 0.358468711 0.511703134 -0.406821787 1.2132895
    0.596278787 0.83536303 0.428715587 -0.240250722 1.31833982
    0.744431436 0.793295741 0.772872448 0.465585113 0.473094225
    1.3346616 0.935064256 1.28711283 -0.27477622 0.273905277 0.953086913
    0.651296079 1.29273939 -0.319972396 0.318244159 -0.272609681
    0.23294431 0.923251629 1.05540109 1.17578781 1.44952917 0.132282883
    0.768141508 0.785865605 1.46000814 -0.254555255 1.33033013
    1.34013271 0.377331018 0.764526546 1.21204913 1.11272287 1.4467082
    0.353084564 0.0144475102 -0.46754086 1.51801646 -0.239032283
    -0.289040387 1.34004653 0.0814633369 0.342910647 0.13727951
    0.87886709 0.920678973 0.7239694 1.37188447 0.726697326 0.940043151
    -0.239499301 1.45023298 -0.140143454 1.03717542 1.3790983 1.31299543
    0.190584719 0.803785801 -0.138379872 0.391785085 1.10287714
    -0.0263851881 1.17063689 0.242660522 0.656551659 0.911055744
    1.14601207 -0.521057844 0.543030977 -0.445551753 1.18562913
    0.106284976 0.246426463 1.20165968 0.993462741 -0.495268553
    -0.0423469543 -0.167746037 -0.0604010522 0.736079156 0.9701249
    0.291729748 0.0549650192 0.442198634 1.05579352 -0.269048095
    -0.000125527382 1.41324329 0.328944266 0.496088624 0.523475826
    1.33861566 0.555519879 0.743447661 0.961972356 0.767595887
    1.25679946 1.28617549 -0.471826345 1.27725768 1.47225499
    -0.109964103 1.00067556 0.269126058 0.787129462 0.370298564
    0.0569258332 0.915879369 0.164293349 1.17229939 0.553538442
    1.20903325 1.13345718 0.223590314 -0.100596517 0.646108031
    0.945248902 0.0310978293 1.1610055 0.935150981 -0.577510417
    0.207907617 0.596642435 1.07106423 1.3791368 0.812620163 1.16053116
    -0.152425855 -0.415758908 1.37524343 -0.297009945 0.341044903
    -0.453054994 -0.265958607 0.309205145 -0.0167491138 0.507215261
    0.282758683 -0.279110074 -0.174823076 1.02793896 0.585138738
    -0.166518062 0.728644252 -0.0220350921 0.360219777 1.28840542
    -0.273163944 1.01839423 -0.351807833 0.0294986963 -0.295975655
    -0.0517777801 0.860624075 0.882892013 1.10510874 0.145265073
    0.400099397 -0.240773439 0.872739911 1.00441527 0.739742458
    0.918723345 0.0205866098 1.31950355 -0.0751975775 0.821828127
    0.330301285 1.15879285 -0.330331981 0.838036239 1.28111923
    0.303593397 0.838537276 0.559032083 0.50911355 0.330947042
    -0.0813779235 0.890488029 0.691794634 1.33949172 -0.0372026563
    0.00535565615 -0.454159081 0.832150459 0.502409518 0.499509871
    0.544301689 0.107248455 1.47776997 -0.0495720804 0.700977445
    0.509720683 0.839104176 0.529765546 -0.00432580709 0.0835129619
    -0.241314322 0.506792128 0.940044641 -0.213979408 -0.0960930884
    1.1792599 -0.326400071 -0.0920535028 0.164849013 0.239078164
    -0.261207759 0.545899391 0.803103685 -0.0931470394 -0.351342946
    0.554966033 0.829733014 0.46284914 0.664829791 0.298752844
    0.24319303 0.88675648 1.34111035 0.607221425 0.772109866 1.31092083
    0.488168061 0.661872506 0.138903648 0.223080039 1.50282407
    -0.518105447 1.5046922 0.575218558 0.599321902 -0.392173886
    0.393645823 1.44534922 0.700721622 0.55509305 -0.353434145
    1.27600718 0.0981951952 0.864018977 0.631763637 0.65586257
    0.480088651 -0.036083281 0.238935828 0.989493489 0.581089497
    -0.213523179 0.320257425 1.03240049 1.05914307 1.30474412
    0.887045264 0.705032051 0.236365169 0.198636115 1.20753396
    1.13087797 1.16933596 1.01266909 1.08790052 -0.109091461 0.954426467
    0.313664019 1.37351334 -0.334918559 0.613396764 0.452314019
    -0.393364221 1.03520012 1.16099167 1.04383636 -0.404302388 1.3559016
    0.0965800881 0.933880627 0.565589845 1.3191998 0.206534624
    0.551306307 -0.382497817 0.02795434 1.44547749 -0.605176449
    1.18485594 0.825074434 0.842566729 -0.253734827 0.688236713
    0.0595768094 1.58187938 0.0512524545 -0.0650362372 0.199277908
    0.228234768 0.987006783 0.918174922 0.523885071 0.852504373
    0.947769105 -0.24734959 1.11275244 -0.191963196 0.687271595
    0.455629468 1.33028793 -0.100160241 0.432151675 -0.204998404
    0.347257376 0.727289498 -0.00216913223 0.983352602 -0.348010421
    -0.117203802 0.718719423 1.10332036 0.658879101 0.857674778
    0.606015921 1.06825507 0.781208575 0.470392227 0.853082001
    0.935102105 0.888088167 1.1944139 1.01292062 -0.179002166
    0.424873769 1.59070837 1.27993929 -0.0338712633 0.545373559
    0.0492902398 1.43075097 -0.079485476 0.871541381 -0.0226249099
    1.07043052 0.986466467 1.08493018 0.511753738 -0.393572807
    0.0822645724 1.26885486 0.810651541 -0.377049565 0.88901633
    0.199029684 -0.393155873 0.856313944 -0.305275321 1.18048275
    -0.226678193 -0.315790594 -0.311178982 1.30325937 -0.268911302
    0.431667507 0.879303515 0.248908222 0.597765326 0.185100377
    1.12451017 1.23196661 1.32766819 -0.392056376 1.22859478 0.152163118
    -0.295663714 0.95724535 -0.353814542 1.37344384 0.174858689
    0.516552567 0.436335027 0.494953156 0.237637341 -0.038680017
    1.47131252 1.30041409 0.245261669 1.29254031 1.04977179 0.469789565
    1.3033241 0.384023458 1.51646006 -0.211232498 0.271330744 1.00328088
    -0.304610282 0.173664004 -0.0470241606 0.4932338 1.2556175
    0.522078872 0.540939093 0.693178475 0.142608762 0.512399197
    0.859478891 0.207685649 -0.162231296 0.914679885 0.301771879
    0.711227775 1.1362958 -0.0376666188 -0.17881082 0.216520041
    0.63127166 0.260877371 1.38737774 -0.441081405 0.925978124
    -0.430264443 0.147111624 0.75899595 0.952583194 0.986884296
    1.05143166 0.0656946003 1.08668053 0.215468705 0.823459089
    -0.0652331114 0.170655638 -0.299721658 0.179045647 -0.0225084424
    1.25086904 0.666948318 0.59109652 1.09577227 1.40324926 1.24766588
    0.319750071 -0.0463590324 0.747565091 0.347566903 -0.336149484
    1.10516942 -0.354902923 0.402596772 -0.123713374 0.257675886
    -0.369525969 1.38439798 1.08923411 -0.200293005 1.01318681
    -0.262054414 0.27660495 -0.224604517 0.674568415 0.758161068
    0.56195426 -0.349725902 1.57431042 -0.427983761 1.47641408
    0.168508351 0.620928586 0.499452889 0.889738202 -0.195308596
    0.879564285 -0.165002167 1.31227756 0.164366484 1.20425653
    0.398135483 -0.336678743 1.1066438 -0.266601771 -0.343989015
    0.552872777 1.00478804 0.191421777 0.127691001 -0.342130423
    1.50119996 0.674353302 0.309600592 1.09481442 0.223670274
    0.208988011 1.13367653 1.07157087 1.07713401 1.12929416 -0.160561651
    1.40623105 0.0729054213 1.22217298 0.387996435 0.577232361
    1.09472013 0.52099508 1.10986733 0.669448078 1.05438578 0.819030285
    1.34341335 -0.584863842 0.419617414 0.424636722 -0.360359669
    0.831007779 -0.227245659 1.26976979 1.32071364 0.354240716
    0.0177710652 0.830745578 0.807587147 0.268942058 0.307730794
    0.897041261 -0.00357249379 -0.297305703 0.29755199 0.878032148
    0.945704579 0.537067652 0.187102675 0.907174468 0.692734778
    -0.473112583 0.531688273 0.197549522 1.47645891 0.591974437
    0.18630743 0.96797365 0.153026551 0.112295032 1.32445741 1.38697267
    1.02455449 1.05702305 0.681470752 0.920918703 1.21301651 0.475198358
    -0.0231357217 1.10540247 0.153661102 1.13016081 0.551528037
    0.541051686 0.931558192 0.844974041 0.480604976 1.30575705
    0.576772094 0.798514426 1.08465981 1.03031874 1.22837925 0.449171603
    1.52136934 0.138250738 1.58745933 0.913605511 1.50430882 1.07465661
    1.22744966 0.974397182 0.529605627 0.580992281 0.982279956
    0.231739134 -0.050265491 1.20690143 1.09460771 0.557251513
    0.646286845 0.331709594 1.0611701 0.57874608 1.31202328
    -0.0687034279 -0.121608034 0.0171325803 0.0417111218 1.56493855
    1.20156419 0.889446378 1.02743745 1.25348878 1.33624089 -0.188917696
    0.609183967 0.275561929 0.772739232 0.678778291 1.1295656
    0.774767995 -0.0333746672 -0.134763509 0.309862465 0.786646485
    0.173534542 0.324938178 0.252664745 0.224428698 -0.108403303
    0.444998801 0.081186384 1.57139754 1.35548806 -0.0465813875
    0.595898032 0.344302148 0.489502132 1.56478441 0.411204249
    0.374286175 -0.02944085 0.282299846 0.430693507 1.55756927 1.1905458
    -0.0979693085 0.0778564215 1.07362068 0.772196054 1.00481665
    0.611796141 1.30085003 0.998316526 -0.272283077 0.118113369
    0.160866112 0.751287699 -0.0613076985 -0.0600641072 0.547744751
    0.336980879 -0.18642284 1.49614096 0.597031474 0.381050199
    0.59006846 1.42494321 1.13222933 1.17715251 1.43174732 1.23226106
    0.597540975 -0.108757034 0.0821139812 0.587478757 0.386787623
    0.775536597 1.01804364 0.77908051 0.493515968 0.851943493 1.29381728
    1.51724672 0.863345504 0.0639934838 0.41000253 1.00840628
    0.143557236 -0.178037822 0.163068056 1.05493319 0.357230186
    0.925011635 1.2061764 1.11387265 -0.205514714 0.294629276
    0.179362923 0.156786799 0.650464356 0.636539042 0.442124575
    0.033210218 -0.0201702267 0.526440144 0.296902537 1.3427434
    0.00863185525 1.16006517 0.203430772 1.53684914 -0.207269788
    0.593564987 1.37305367 -0.0762867928 0.248042494 1.08642983
    0.102208823 0.893230021 0.150372028 1.53086245 0.958639264
    0.177115977 0.589799404 0.900601625 1.39507985 1.3882395
    -0.172088653 0.354765415 0.749927282 0.316544414 0.546908617
    0.399029046 1.23743665 1.26586568 0.856342316 -0.166076556
    1.61185813 0.487634152 1.29439521 1.44679189 0.379716128 0.156570375
    1.19477391 0.416534066 0.555236936 1.22130203 1.41598344 0.547976732
    0.607569635 0.399690896 0.728290439 0.862033606 -0.0793519169
    -0.11849416 0.301158428 0.598310828 1.49416876 0.808323026
    0.0689586997 0.579039097 0.198389202 1.09528637 1.44162297
    0.548856974 -0.207907781 1.30139661 0.136075616 1.30099535
    1.14921069 0.399298131 0.215087682 -0.00758984685 0.0600855649
    0.832360685 1.33963788 1.14955199 1.51912808 0.274006873 0.756112576
    1.22332573 0.55257684 0.541460037 0.966278911 1.23648596
    -0.322259903 1.36742449 0.704034805 -0.0769786239 1.23872769
    1.38607836 -0.345070451 1.24154687 0.92903477 0.545262933 1.07201076
    1.65088308 0.515869617 1.66638684 0.315024018 0.569827914 1.47766232
    0.918329954 1.28504145 0.922304511 0.326960921 0.938257337
    -0.122947708 1.22997808</data></my_img>
<your_img type_id="opencv-matrix">
  <rows>128</rows>
  <cols>256</cols>
  <dt>f</dt>
  <data>
    0.249623388 0.861808419 0.923144758 1.21388459 0.510540485
    0.564421356 1.09307241 0.816548824 0.882949531 0.701090634 1.1458751
    1.38330805 1.34908652 1.34180117 0.983225584 0.821396947 0.365014076
    0.681558073 0.823277891 0.933839977 0.560174227 0.658089161
    1.09251511 1.23155844 1.4271487 1.04857445 0.271219343 0.342865884
    1.35860801 1.0865593 0.871805072 1.15308535 1.11628032 0.432460725
    0.836043775 0.411876202 0.503623307 1.2802428 0.458393961 1.37383592
    1.18130493 1.47221565 0.659632385 1.14814734 0.667416513 0.742757261
    0.929738104 1.1002481 1.01976979 0.760810077 1.14708483 0.702052295
    0.885794818 0.735806704 1.51238632 1.42746556 1.33641696 0.759030402
    1.1041652 1.29789305 0.664192915 0.682780266 0.672896802 0.626008928
    0.473496675 0.590418577 0.321752876 0.69648087 1.27306426
    0.979454577 1.0400213 0.694890201 0.625907004 0.720703959
    0.720448375 1.21859026 0.576224864 1.21102571 0.6933617 0.454735845
    0.750761151 1.21875763 1.19832587 0.90760982 0.653968692 0.894592762
    0.707692921 0.710365593 1.03628159 0.938246906 1.1173631 1.19400752
    1.1171962 1.45171809 1.05851817 0.504711628 0.991726458 1.2444241
    0.786742628 1.45876062 1.380934 1.31927669 0.693770111 0.374428272
    0.810842156 1.26893544 0.800428391 0.78858304 1.45198929 1.21050906
    1.4341923 0.463606 0.656367421 1.20385051 0.727968454 0.820432663
    1.26003802 0.80261296 0.749650359 1.07182157 1.22460592 0.884649575
    1.36509907 1.1099751 0.606664181 1.21613002 1.45314825 1.0245527
    0.908839762 0.354384154 1.17330515 0.814265251 1.30068731 1.25716531
    0.484253585 0.719100535 0.818188131 0.341425627 0.653704762
    0.973563015 1.41663337 0.844144762 1.16703224 1.3101269 0.779769719
    0.494642764 1.11541641 0.686780512 0.997741342 0.569735467
    0.59221679 1.30568659 0.761069715 1.15269852 0.555784404 0.723242223
    0.71449101 1.27090287 1.35613048 0.583736718 0.452609748 0.75919193
    0.617005289 1.30355048 0.97480315 0.373861253 0.713126838 1.35888219
    1.4753859 1.36336958 0.596675336 0.718854487 0.743944764 0.333776653
    1.13218796 0.947082758 0.290456027 0.464094251 0.883356512
    0.715742648 1.32383943 0.700763583 1.20088947 1.05861223 0.433058888
    0.73285979 1.1439122 1.17555869 1.54788995 1.42889905 1.07642424
    0.423382223 1.34782863 0.961776674 1.21731651 0.666895032 1.36181545
    0.75747925 0.529138863 0.770365238 1.41513336 0.86255151 0.472712755
    0.836953819 0.932675779 1.1513356 1.00668728 1.17604935 1.19561446
    0.730642378 0.814748704 1.23166871 1.21065545 0.360991567 1.17468822
    0.702181518 0.783771276 0.701583028 1.1007961 0.836939394 1.10049438
    0.94449228 0.279523879 0.559289038 0.823637307 0.358699411
    0.732723296 0.480139047 0.696512699 0.907796264 1.15717101
    1.50633264 1.44858372 0.638781428 0.698441386 1.08408916 0.551651537
    0.608279765 0.960281074 1.27132094 0.415269643 0.676443815 1.1879009
    1.31075621 1.51811826 1.50864875 1.3521558 0.82182914 0.295250297
    0.580493689 1.1372447 1.18234944 0.50951612 0.310704619 0.563363791
    0.630811095 0.432333946 1.44971037 0.94836241 0.688184977
    0.599718034 1.44906723 1.22471392 0.593673408 0.45318538 0.478298604
    1.34461415 1.08838677 1.75421989 1.63923013 0.628035545 1.50595152
    0.847353101 1.45589137 0.958603084 1.51895261 1.56808758 0.828602731
    0.949992716 0.898372173 1.28505838 1.04600835 0.505208313 1.28555548
    0.588360608 0.93383652 1.35978448 0.916926026 1.20897794 1.2184056
    1.54304492 0.750167608 1.40335834 0.4708637 0.670565963 0.906044006
    1.39284945 1.19460678 1.18770301 1.29554915 0.656712949 1.27123964
    0.939747512 0.593205154 0.472597957 0.326814711 0.824479222
    0.813501835 0.597121358 1.28755569 1.46376824 1.48730814 1.43568933
    1.22897649 0.625581145 0.781459808 0.519835949 0.720907569
    0.629917502 0.623466134 1.14467216 0.622830153 0.719612479
    0.879353285 1.27211845 0.967999339 0.510112762 0.4104819 1.20868206
    1.21620047 0.926598012 0.534350276 1.20075846 0.579639852
    0.798468649 0.540462255 1.05274487 0.773453116 0.809631884
    1.39964616 1.40783918 1.12939882 1.45440936 1.03097773 0.825233161
    0.790018618 0.743570685 1.52536142 0.981250882 1.53462696
    0.846452236 0.74055028 1.06248796 1.45765924 0.902500987 1.20387399
    0.920573473 1.31902206 1.29121876 1.054371 0.909741044 1.55881405
    1.41542208 1.10465539 0.62633729 1.4841913 1.14428198 1.38472521
    0.531275392 1.3379873 0.793376148 0.890903592 0.945183039 1.27618253
    0.484736651 0.44262594 0.914977193 1.28775048 0.678698599
    0.460655898 1.1750778 1.56961644 1.59211683 1.08488894 0.590186
    0.410688549 0.561128914 1.59714663 1.21296465 1.57152605 1.26580763
    0.897658229 1.05788946 1.51951802 0.675071657 1.60031474 1.25783169
    0.882235289 1.1003015 0.505776703 0.523796558 1.18052197 1.0884943
    0.795035481 1.53752184 1.37633955 1.09253561 0.920810878 1.35041606
    0.506423712 0.992470324 1.49810791 1.48985577 1.40054083 0.857101321
    0.75768429 0.88809067 1.35607362 1.27558315 0.786675692 1.42049205
    1.17945588 0.994612098 0.916343093 1.30708623 0.541067839
    0.663800418 0.879132271 1.29776561 0.584750295 0.809577465
    0.927455187 0.675167382 1.47209656 1.08575273 0.959991097
    0.657321393 0.753628314 1.31287122 1.54268587 0.631560981 1.07199395
    1.28293836 1.37613368 1.28820717 1.52509999 1.55926597 0.787645161
    1.58207977 1.53283083 1.43138659 1.63755965 1.06745601 1.23877048
    0.556129813 1.34542453 1.15203059 1.23028219 1.02245569 1.59311497
    1.37280953 1.12583637 0.645666897 1.1192584 1.29604518 0.510340393
    0.635665059 0.517031372 1.16976595 0.894711554 0.429221243
    0.470833421 0.783770025 0.60631007 1.50996208 0.873031497
    0.605950773 0.858201444 0.694334269 1.20736313 0.827086747
    0.863419712 1.31890702 0.680771291 0.412698746 0.947217047
    1.57983744 0.676281154 1.29438531 1.13906467 0.9223333 0.934447467
    0.481277585 0.519544065 0.794802189 1.47426498 0.907162249
    0.752302885 0.977388322 0.985067844 1.18317819 0.81487304
    0.777977288 0.530022919 1.12519574 0.700402498 1.16670632
    0.910897434 1.0045445 0.779721379 1.08942091 0.308101773 0.697407961
    0.536332667 1.42217004 0.779676437 0.444670945 0.888592124
    1.45849001 0.761144757 1.3131758 0.695448399 0.556440294 1.56963778
    1.55125153 1.39187515 1.09556365 1.14358521 1.26241922 1.36049199
    1.30756974 1.57074487 1.28955221 1.5095576 1.63176429 1.25174189
    1.21928096 1.25260031 1.17943037 0.476580113 0.505400836 0.949413419
    0.626534939 1.10055673 1.57693624 1.51568663 1.68083107 0.800487816
    1.06285369 0.501273692 0.852603555 0.962343514 0.833716273
    1.08694088 0.959650874 1.02940297 1.22830439 1.26716518 0.894343555
    1.40273321 0.374644011 0.366808742 0.58126986 1.19741571 1.18914986
    1.54804218 1.34586978 1.07529819 1.2970233 0.843493938 0.951310337
    0.491776824 1.12009931 1.32776451 0.660247028 1.08274066 0.476079941
    0.477531075 0.772831917 1.19124091 1.32205057 0.935749471 1.14187491
    0.792443156 1.36886978 0.464756697 0.779593468 1.13100088
    0.964606881 1.48749518 0.715359926 0.622464836 0.979094386
    1.40382802 0.668879271 0.522165358 1.01227212 0.923198164
    0.908441067 0.726356566 1.09204805 0.515001297 1.03909326
    0.689652145 0.888893604 0.730898142 0.746932983 0.847575307
    0.921761751 0.757976413 0.816395581 1.33349824 1.17069983
    0.818424165 1.18475533 1.14464498 0.78067255 1.2031877 1.19793069
    1.49332595 1.20112813 1.36803591 1.3447746 1.62169552 1.09853196
    1.18581533 0.831003904 0.869877636 1.52511954 0.858940303
    0.598818898 0.624254405 0.759711325 0.432072014 1.36298752
    0.619064689 1.06861639 1.52048218 1.07134879 1.12141132 0.825821221
    0.72941041 1.34051979 1.25839818 1.15098655 1.52308178 1.6486553
    0.696202219 1.36237347 1.63063157 1.46158731 1.31057608 1.29737556
    0.71170938 0.921336114 1.12686825 0.843250036 1.44893467 1.50672412
    1.40107358 1.34446681 1.27955568 1.006055 0.838748813 1.17713177
    0.430624276 0.752473474 0.812750995 0.621113181 0.895245433
    1.0829016 0.94712311 0.517032027 1.0354445 1.00198483 0.690125406
    1.18378723 1.57977545 1.49957168 1.0600034 1.62799788 0.734226584
    0.685492694 0.711120307 0.774786592 0.511420071 0.441712052
    0.644866765 1.57716727 1.50513911 1.43493009 1.37720835 1.41384518
    0.49966228 1.22246313 0.696949661 1.39012182 0.812006056 0.92530483
    1.52685523 1.34730315 0.606623113 0.724424124 0.729514897 1.11653662
    0.931782246 0.837619126 1.6035409 0.85799551 0.927970052 0.61213547
    0.588145435 0.625141501 1.35998082 0.999425769 1.55728292 1.32541978
    0.710352123 1.3026315 0.543343544 1.53850937 0.870894253 1.22959971
    0.459498286 1.48799372 0.99305898 0.857124448 1.40732026 1.40083265
    0.791634262 1.36123455 0.938108623 1.26561439 0.935367465
    0.789838374 1.36090922 1.58352292 1.5047586 1.10771179 1.10412288
    0.660501897 0.522769988 1.28590441 1.38017476 1.33578408 1.60836565
    1.62514174 1.44645584 0.707055926 1.3767606 1.27799702 1.03568459
    1.38422048 0.999780059 0.55195266 1.09068203 1.59673119 1.44143796
    1.44418192 0.973012447 1.16321135 1.2732296 0.502137065 1.26391423
    1.30602407 1.43535805 0.51919347 0.592007935 0.786644518 1.14885151
    1.42840147 1.25564921 0.645414591 1.14094698 1.58040297 1.28295577
    1.09694052 1.31412876 1.47310305 0.916917324 1.641752 1.68115389
    1.37092566 1.03950822 1.53870583 1.24522996 0.750886917 1.00731611
    1.15287912 1.62672496 1.54901147 1.51003373 1.6936506 1.42310464
    1.58355939 0.912427187 0.576880574 0.766100228 0.970734954
    1.02553201 1.48879397 1.24128282 1.29380822 1.13865662 0.932855189
    0.458408415 0.741699755 0.684091032 1.05658102 1.50644445
    0.764499307 1.38108504 1.10410857 1.41739297 0.827703297 0.730085373
    0.814903021 0.341928363 0.84803158 0.536965966 0.951649666
    1.39921439 1.3380084 1.13768554 0.666042507 1.01851165 0.566902399
    1.44532621 1.56635046 1.18164694 1.34408414 0.971199095 1.43992794
    1.37928867 1.24712443 0.789593816 0.592815578 1.1193434 1.32525694
    0.722385406 0.793494284 0.595666051 0.847977102 0.900782764
    1.44772661 0.948691249 1.1585201 1.24814045 1.61554992 1.39309227
    1.3759619 0.920963824 0.519169033 1.43296385 0.56085515 0.821351051
    1.53128815 1.46412456 1.1428808 0.785095274 0.916339159 1.08570993
    0.691294491 0.428676575 1.22764182 1.05855334 1.10569012 0.555664837
    1.01821983 1.20982885 0.667794645 1.33078682 1.05142105 1.07525218
    0.716112077 1.20140731 1.36337101 0.850673497 1.23915172 0.792695105
    1.21934044 1.05897427 1.52976573 1.51063251 0.781205297 1.52616692
    0.962295711 0.893705666 0.798319161 0.548089802 0.701855719
    0.892383158 1.50861001 0.726264417 0.515939713 0.523381233
    0.533225119 0.409809291 0.575086296 1.45051253 1.54297841 1.48690486
    1.03655195 1.58242285 1.6445291 1.56876361 1.31057084 1.30586541
    1.05175161 0.64302969 0.520626724 0.674991727 0.746380329 1.44287574
    1.1887691 0.586431324 0.760813296 1.02887344 0.878201544 1.30235469
    0.989383459 0.634587407 1.04057515 0.529971421 0.923810363
    1.26819766 0.457462698 0.369012117 0.721570253 0.84379226
    0.721998036 1.2493546 1.57909656 1.08634436 1.6049515 1.53556168
    1.60707414 0.752368033 1.41639268 0.76733923 0.429516405 0.360227704
    0.683386624 0.918920934 1.40945411 1.10691774 0.907508492
    0.906940281 1.0027982 0.643908262 0.714649737 1.14472878 1.01133227
    0.871869743 0.4939318 1.00748265 0.795289993 0.991566718 0.716223717
    1.36866069 1.13977206 1.12695861 1.14353752 0.703080833 0.834224463
    1.35036123 1.57608497 1.26071513 0.889294446 0.826804042 1.63144946
    1.34372127 1.23212612 0.971671641 1.28269744 0.793089151 1.32796407
    1.47064006 0.793587685 0.803882897 0.839541078 1.3456881 0.582509041
    1.53637636 0.911825359 0.856948793 0.556405365 0.540925205
    0.553518236 0.467059165 0.610143065 0.790987551 0.659559309
    0.641094685 0.980458617 1.50729644 0.889222264 0.872308612
    1.36248064 0.737256408 1.28498518 0.782259881 1.35380447 1.48235571
    0.868758857 0.92393893 1.56505966 0.616295218 0.95541507 0.836565971
    1.02321422 1.00294638 0.656572759 1.55788922 0.767794788 1.28435457
    0.777211428 1.31291783 0.435236305 1.15751326 0.998850584 0.91539222
    0.85119921 1.15587008 0.354230702 1.51593935 1.52632344 1.13975024
    1.18824387 0.714431405 1.31679785 1.14300704 1.14342642 0.758556664
    0.520472288 0.987104595 1.15483797 0.968645334 0.707899094
    1.21588123 0.652776182 1.16397238 1.24048674 0.805670321 0.537949383
    1.05066168 0.914460838 0.807084382 1.61969638 1.43453336 0.810346901
    1.49058068 0.775984287 1.29528368 1.51898658 1.59442234 1.29097843
    1.18723965 0.694785357 0.703720212 0.928535223 1.03801787 1.53749764
    1.21690381 1.31614006 0.971477747 0.968077779 1.2264148 0.970033944
    0.585729003 0.897413194 1.54292738 1.47840822 0.51083833 0.605814278
    0.493323922 1.10702705 1.47905469 0.729494333 0.934472382
    0.467440665 1.01843631 0.616976857 1.55966103 1.32482934 1.27003002
    1.00803912 1.09907806 0.840585291 1.39175081 1.621943 1.33580863
    1.52571249 1.50790441 1.3414588 1.48282456 0.811403751 1.36035085
    1.52603006 1.11170828 0.898110926 1.563905 1.22039294 1.25862432
    0.858997285 1.65947902 1.56037498 1.27975261 1.0425061 1.28939152
    0.778019667 0.992434561 0.912306786 1.33959055 1.51016486 1.67205846
    0.709233999 1.46749675 0.622043669 1.13949811 0.600665629
    0.457128942 0.452720642 0.9722808 1.22749782 0.999356568 0.507576883
    1.31522489 0.74442476 1.01990151 0.524068236 0.597014666 0.996153176
    1.14540052 0.913735449 0.995840609 0.819833934 1.30904722 1.10558867
    1.35951483 0.518143713 1.26699698 1.40034533 1.3103776 0.939799428
    0.742975652 0.749064803 0.905551791 1.32065499 0.675706029
    1.46453691 0.610490203 1.04925144 1.23458874 1.10736907 1.12869108
    1.49759901 1.33348346 1.63178635 1.03314233 1.35296977 0.759999335
    0.958419383 1.15506089 1.60753858 1.53307283 0.574504495 1.33355463
    0.940286398 0.535912871 1.40631723 1.09272492 1.1570307 0.718300998
    1.14848936 0.825458825 1.2712785 1.20157754 1.3686924 1.08892095
    0.841411591 0.650912762 0.461107373 0.468515754 0.935437262
    0.589076579 1.10199356 1.44256961 1.42454517 1.45903087 0.729857504
    1.09994161 0.771744967 1.48323119 0.778419733 0.854285538 1.42379546
    0.682906628 0.418569028 0.42853108 1.14448321 0.756475985 1.53329253
    1.28665543 0.749448895 0.471949905 1.21816182 0.58308053 1.51778245
    0.630290806 0.503889263 0.897126615 1.24288511 0.529768884
    0.423672974 1.24094975 1.14556742 1.2503078 0.715518415 0.874354303
    0.819000185 0.73114568 1.55888462 1.60281754 1.1365335 0.762843788
    0.998341978 1.09616363 0.766729295 1.0464859 0.483272344 0.715692341
    0.644669533 0.741986752 0.64655596 1.20409989 0.685424685 1.23632908
    1.42242968 1.00807595 1.03052461 1.18984485 1.49636292 1.52447379
    0.838010967 1.13267052 0.672162592 0.421616733 1.40749884
    0.678150415 1.55604732 1.50706828 0.780529261 1.19217086 0.926298559
    0.842208743 1.29003751 0.687513351 0.554386795 0.985017121
    1.37604225 1.21745503 0.825885415 1.16562092 0.825688779 1.4756217
    1.32145 1.11823332 0.676973939 0.618636847 0.787332714 0.671513557
    1.29781485 0.458518744 0.563422024 1.05358422 0.984659135
    0.786949515 0.505918086 1.33959794 0.371900737 1.00712943 1.0119592
    0.804271221 1.39535081 0.800171077 1.60121584 1.1594609 0.828255773
    1.08206856 1.18732131 0.644114077 0.726450026 1.2760886 1.34607983
    1.40598845 1.04534161 1.51818395 1.56113493 0.980625868 0.560065746
    1.04914808 1.19589984 1.45838332 0.939664483 1.58062315 1.27720392
    1.40713668 0.612558663 0.90696305 0.906365097 1.03941464 1.55144179
    1.66713846 1.34134746 0.614819229 1.03583825 0.81120038 1.07683599
    1.39509118 1.22480512 0.667015076 1.46390724 1.46001041 0.622652471
    1.45111609 0.624935746 1.20748568 0.762558401 0.488701195 1.04627454
    0.857556045 0.451258451 1.36312056 1.54505658 0.773107052
    0.674889684 0.469487101 1.11010921 1.19110072 1.55748487 1.06400073
    1.23542476 1.1909641 0.620261252 0.554271221 0.789004445 1.55156553
    1.22073877 0.746705532 0.701846361 0.674150646 1.53113484 1.19880605
    0.507588744 0.767516255 0.623381615 1.13615096 0.853541315
    1.09073973 0.549875975 1.04093337 1.46378326 1.24736583 1.36625874
    1.13475573 0.848563433 1.04760814 0.566558003 0.831208527 1.52444398
    1.71265435 1.66432548 1.22080338 0.820455253 1.14078665 1.42540324
    1.45218372 0.800131798 0.464260548 1.09290373 0.787706852 1.14111161
    0.870345533 1.22935033 0.722077608 1.36861992 1.58143711 1.26421988
    0.901194274 1.50810003 0.683288991 0.721780777 0.74947685
    0.530268371 0.840081215 0.609420955 0.681214035 1.2113862 1.37078321
    1.09195483 1.44566739 1.46680522 0.652628481 1.37922108 0.787348509
    1.2365855 1.47847879 1.21393704 0.584662497 1.39760995 1.41652024
    1.22066665 1.08348882 0.7580688 1.24830127 0.812888265 1.23300672
    0.536358058 0.818913579 1.13333881 0.919559181 0.818181515
    0.598441541 0.4319489 1.00912225 0.799343407 1.28733325 1.41132283
    0.588874459 0.466737956 0.945732951 1.14641094 1.00938404
    0.756978214 1.32730639 1.28264892 0.664996743 0.736871839 1.04328215
    0.439618766 0.859516323 0.734199762 0.91223073 1.53848147 1.06587684
    0.519323766 1.21348894 0.617457688 0.699315786 0.619469821
    1.20516098 1.17890239 1.35832632 0.452927858 0.508506179 1.06335318
    0.580375731 0.64238131 1.44944704 1.13998461 0.632310033 0.538900673
    0.811993062 0.863670647 1.39045119 1.33071423 1.22829676 0.686760604
    0.720054984 0.405339092 1.23538268 0.888503611 0.909044206
    0.437923908 1.03918564 1.49398637 1.18247283 1.11843204 0.790448844
    1.23350561 1.28422999 1.34422958 0.840308309 0.880303144 0.418401688
    0.805487275 1.34581614 0.761422813 1.29921198 0.620609164
    0.702240169 1.09239113 1.11168289 1.57046938 1.05170262 1.43923843
    1.05320823 1.15814173 1.56422377 0.754932046 1.2274344 1.43765235
    0.593180597 0.970236719 0.59697485 1.39127076 1.54599428 1.26089525
    1.40110254 1.29663193 1.0436151 1.00353658 0.647019446 1.48947358
    1.58119166 1.12918091 0.617452741 0.861505091 0.683331013 1.50079334
    1.51995385 1.01162589 1.41630757 1.51965034 0.923405707 0.465343267
    1.00302124 1.01862919 0.528609872 0.755078852 0.924546838 0.9124493
    0.666700184 1.19080806 1.35728943 1.28540063 1.4131645 1.22860491
    0.80924201 0.541058719 1.501598 0.891679466 1.35323644 1.35831511
    1.26715982 1.32941675 0.949801803 1.58707333 1.74323714 1.48737645
    1.14699697 0.788201451 1.03330374 1.49884236 0.954791903 0.725814283
    0.772632897 0.803742766 1.58558309 1.52404952 1.64361942 0.727583826
    0.925944865 0.584204555 0.970792651 1.5379467 0.625508308
    0.896578431 1.41195893 0.864746869 1.3474468 0.514778078 0.900754154
    1.47229469 0.895577848 1.34637916 0.739136577 0.63153851 1.07764447
    0.699971199 1.05031097 1.19050372 0.7856282 1.15639341 1.29565179
    0.711191714 0.765983999 0.629134476 0.825799823 0.689854741
    1.55802119 1.39225805 1.11696017 0.384169161 0.453261763 0.489365101
    0.658347607 0.670701385 1.34724987 1.19663799 0.615355968
    0.566492081 0.9593907 1.02329123 1.00515652 0.822962463 0.565198898
    0.490215957 1.40391445 0.706414223 0.903558791 1.09910595 1.08287227
    0.665289938 0.603748918 1.39635861 1.36847603 1.20632815 1.67543638
    0.678179681 1.42430484 0.646838725 0.558753252 0.640681326
    0.519460142 0.583170235 0.882773578 1.45214188 1.5631243 0.589039087
    0.969236314 0.614328563 1.36317134 0.97852546 1.34217691 0.901977599
    1.14527559 1.53630638 1.25863814 1.02672064 0.779055059 1.32190859
    1.17088318 1.51018584 0.975162387 1.52313399 1.17277849 0.769806325
    0.903011799 1.47700107 1.45889783 0.702176094 0.602499843
    0.635722339 0.816649079 0.741378069 1.16663361 0.746547163
    1.05736852 0.947849929 0.80136323 1.09365857 1.20418942 1.37126267
    0.807868719 0.870543063 1.14393282 1.29840302 1.51732111 0.927759409
    1.43326688 0.907213151 0.71208626 0.982419968 1.2821908 0.761026859
    1.08848059 0.727150917 0.332298726 0.919268727 0.509330153
    0.818741262 0.692951918 0.885752857 0.822505414 0.924427152
    1.55423737 1.30398989 1.02905524 0.678245842 0.453010827 1.00004137
    1.25714135 0.635366917 0.540610254 0.707447827 0.610513687
    0.701007605 0.893419385 1.02875113 1.15083325 0.811676979 1.17879212
    0.742045641 0.727355778 1.55500162 0.610020041 1.0652225 1.10380268
    1.42173624 1.35580647 0.960107446 0.60257107 1.35030711 1.23820305
    1.45967221 1.02207315 0.616787076 0.78614825 1.43765926 1.15333939
    0.68195039 0.60694468 0.941981852 0.496173561 0.885715485
    0.583670139 0.426039338 0.550444245 1.3524276 0.561801612 1.1272651
    0.841328442 0.807275891 1.42043567 0.693314314 0.676386833
    1.20965183 0.43311435 0.31951195 0.308163702 0.415147752 0.647632301
    0.729552686 1.46092021 1.42660987 0.534491003 0.792994738
    0.616702616 1.6948148 1.47735846 0.655566692 1.02324092 1.37592411
    0.631344497 1.34921491 0.701208234 0.96186614 1.18553567 1.09343874
    1.27944255 0.610940635 0.891663492 1.03439653 1.51125896 1.37515712
    0.911512315 0.557631552 0.65212059 0.888286352 0.725343645
    1.11773765 1.43337762 0.848127604 1.10045433 0.952342987 1.63738275
    1.17463696 0.919674039 0.910376847 0.573115706 0.580777824
    1.04325724 0.705033123 0.934831738 1.21410382 1.28063786 0.564390242
    0.523798168 0.60683459 0.850383043 1.33544827 1.59245479 1.12623107
    0.957905412 1.12702715 0.888818502 1.04521692 1.56144774 1.1776998
    1.65755057 1.29003978 0.928624272 1.41645288 1.61680114 1.45044851
    0.998960793 0.741805077 1.02952611 0.807346404 1.43842888
    0.949159801 0.943774462 0.545680523 1.64912271 1.68830144
    0.890360296 0.594421268 0.446483374 1.03714585 1.5733794 1.59176362
    0.771717906 1.32596803 1.18817043 1.4935317 1.57403743 0.620481908
    1.03554559 1.51457095 1.54784119 0.896990418 1.45970154 0.700777471
    0.685492754 1.20161474 0.637483478 0.639002979 0.683044672
    1.30596685 0.946416855 1.2965095 0.910370171 0.568046212 0.97153908
    1.09591436 1.05548692 1.29532409 0.741128325 0.408216417 0.710505605
    0.563894153 1.23842621 1.53485048 1.57205808 0.727983356 0.417028219
    0.442983389 0.911623538 1.52592278 1.34498751 0.564188182
    0.557747006 0.725909948 0.576837122 0.40621683 1.38418233 1.32272482
    1.42177129 1.44777799 0.661070168 0.821380019 0.901962638 1.49052429
    1.43839395 1.27441192 1.11654186 1.51440001 1.39520454 0.92862761
    1.39197946 1.20796084 1.44080341 1.55456114 1.52140379 0.560469568
    1.31068563 1.1085968 0.710791409 0.703447819 1.29947925 1.0143007
    1.47694886 0.857422531 0.9081043 1.46082783 1.19679523 1.42250371
    1.15860736 1.32893765 1.2195189 1.60493338 0.581836045 0.528889179
    0.609095931 1.26868868 1.04875922 1.23353934 1.11620772 1.06510317
    1.03830767 1.28191888 1.01152885 1.06847596 0.434478819 0.467901111
    0.559022665 0.912055552 0.829723895 1.54399776 0.615389168
    1.16153026 0.621443689 0.908421755 0.803409338 0.547751546
    1.50868785 0.919879675 0.64643091 0.814918518 1.26783347 0.896604776
    1.18925071 0.406721354 0.53476119 0.517289162 0.682700336 1.28394938
    1.4033637 0.763429821 0.921629965 1.47882712 1.18566024 0.57559824
    0.971464217 0.574309349 0.818050146 0.460553139 0.610936344
    1.27223432 1.31708109 0.853662968 1.46572661 1.51089871 1.40313125
    0.658763707 0.660530984 0.529959261 1.23812115 1.42258644 1.27141559
    1.44407141 1.51111662 1.03707409 1.13229012 1.09170377 0.763070107
    0.892068624 0.603186786 0.707954228 1.02412295 0.725163817
    0.627639055 0.969071567 1.4759444 0.940672636 1.5410167 0.99282366
    1.56561363 1.37088954 1.36509323 0.751853108 0.824282408 1.20407176
    0.755230188 0.656280458 0.534754395 1.52604318 1.33746457 1.33060539
    0.81490016 1.39783895 0.513980389 0.416351795 0.353138745 1.10539711
    0.39020437 1.10551381 0.540480614 1.56794465 1.0884943 1.32074344
    1.09490466 0.930755973 0.98302424 1.64304626 1.32456398 1.3405143
    0.777846575 0.623310924 1.51909518 0.945687056 1.58752441 1.35101807
    1.42320108 1.22498417 0.647229135 1.14654064 0.866662741 1.24499881
    0.926358163 0.519028008 1.36169708 1.05445981 0.860192657
    0.417004645 0.940442979 1.23515594 0.842727721 1.24485993
    0.881440401 0.598650515 1.27485764 1.22426271 0.493548363
    0.569506407 1.09919882 0.476358473 0.940105736 1.30970073 1.00834548
    0.546604097 0.842883646 0.431965619 0.391768128 0.737851501
    0.712671578 1.187011 0.756617606 0.728664219 1.39372802 0.483768791
    0.6014117 1.10144031 0.814999342 1.6003232 0.792308748 1.27513146
    0.804941952 1.02853954 1.42157483 0.910896957 1.3371681 0.914613605
    0.798090696 1.19700074 1.53328812 0.785196602 1.17610276 0.79996109
    0.802556694 1.56756079 1.19206309 1.30426836 0.752559483 0.514606595
    0.989531219 1.17487848 1.64479351 0.70137167 1.14238775 1.21300042
    1.08274424 1.04669714 1.31727862 1.01170671 0.72827369 0.569988608
    0.697992265 0.602951229 1.20839441 1.11183429 1.46923172 1.45380318
    0.987218916 1.0609138 0.907816648 0.708214521 1.01158154 0.586319566
    1.49656272 1.50823545 0.837868571 0.900456429 0.859278798
    0.341988474 0.939997077 1.26251495 0.56130296 0.590747595 1.44052339
    0.874774814 1.35978591 1.41177261 0.496699423 0.943406105 1.03576255
    0.99394995 1.62313581 1.54436302 0.761596739 0.6451841 0.626417637
    0.669878244 1.08821857 0.569039464 1.32334244 1.46546805 0.730873823
    0.702962041 0.561749876 1.26176357 0.976044238 1.48937976
    0.694311023 1.4907335 1.09584939 0.839813113 1.09402382 1.05877388
    1.47766042 1.41401136 0.587413013 0.752259433 0.641823888
    0.825238645 1.46258843 0.729174852 1.45191121 1.65150917 1.70843077
    1.66821611 1.07975841 0.604954064 1.0604713 0.635916412 0.597015679
    1.3437289 0.822114825 1.39640403 1.18041575 0.644624412 0.730147183
    0.966014683 1.51322854 1.58583581 1.58367527 1.63248968 0.908551872
    0.681572378 1.32969546 0.802391529 1.53491223 1.41289091 1.12371922
    1.06643844 1.07484221 1.50960028 0.968265295 0.891135871 1.2757653
    0.775643229 1.48874795 0.744724274 1.0831269 0.572761178 1.24992812
    1.15637469 0.704672873 1.17415214 1.09409356 0.689319551 0.929715335
    0.667440474 1.48066878 1.00063241 1.54842544 1.44410181 1.09776199
    0.696844161 1.2437458 0.610178292 0.97547096 0.515081346 1.1122576
    1.2651031 0.902922213 1.09596193 0.604428649 0.910837352 0.874633908
    0.745551229 1.13936758 1.49542201 1.01827919 0.606635213 0.623351038
    1.16089344 1.16038525 1.34769785 1.28757155 0.714898467 0.896556258
    1.59566295 1.64558399 1.50050354 0.630197585 1.29918098 0.755659223
    1.49742639 0.967266858 1.62881637 0.883059919 1.59214783 1.42894268
    1.57202435 0.99554348 1.42399371 0.753283739 1.08940923 1.36754644
    0.77360028 1.43550253 0.985694706 0.943333566 0.915438414 0.67784214
    0.912846446 0.532012522 1.32816947 0.813488245 0.523787379
    1.29491365 1.4989419 1.20884538 1.12417722 1.51106513 1.35676706
    1.41299665 1.32685137 0.770560801 1.34252191 1.51927936 1.52331674
    1.61544859 1.59505844 1.23406053 1.6702615 0.81480968 0.978193939
    0.690402031 1.01091301 1.17684484 0.795298636 1.08144891 0.760337472
    1.06113076 0.615543127 0.996746182 1.28330934 1.29304731 0.641044199
    0.574737966 0.731408954 0.564102352 0.5370965 0.644589365
    0.812759578 1.5671196 0.579313695 1.03589368 0.92635411 1.19928682
    1.31065106 0.554938555 1.44262803 1.42371118 0.921740174 1.38433313
    1.11069965 0.936655521 1.08289289 1.21423733 0.431496024 1.29505515
    0.617829263 1.0095427 0.481113285 0.979174793 0.705918014
    0.887997389 1.24466681 1.68895471 0.919682562 0.887827873
    0.724442542 1.37989032 0.772927642 0.697280824 1.14978623
    0.770296097 1.69014692 1.6283592 1.02309 1.02341104 1.12978399
    0.761601508 1.43991089 0.612767816 1.56676114 1.18782866 1.03295493
    1.46418953 1.52707148 1.47993183 1.31652629 1.55184472 1.31906474
    1.27066624 1.41596031 1.50775886 1.42040467 0.512699366 1.4432615
    0.594726086 1.47994435 0.753411472 1.59764099 0.624108851
    0.869084299 1.51031983 0.629281163 0.562430024 1.46979177
    0.621659517 0.628225148 0.574483633 1.03564942 0.711191773 0.9941172
    0.651533663 0.432700068 0.780813038 0.93945688 1.06784189
    0.860322773 1.48691916 0.565790236 1.44771099 1.18708026 0.556596696
    0.390800893 0.416821301 1.16529596 1.71429622 1.66570151 0.641323984
    0.570427358 0.996526241 0.947210312 1.23635459 0.686207473
    1.18977785 1.25671327 0.527904391 1.20987594 1.00244379 0.649747312
    0.512316883 0.510430694 1.37074709 0.761899531 1.18773949 1.0131973
    1.2372278 0.723787248 0.903954148 0.696303189 0.795657575
    0.755482316 1.161924 1.30913174 0.920287371 1.08485055 1.70139885
    1.10148931 1.631863 1.011446 0.809770644 0.730517626 0.920024157
    0.995373309 0.907689989 1.25702441 0.704860151 1.43965721 1.550071
    0.834196866 1.08307755 1.49164474 0.785902679 0.649224222
    0.682809651 1.66082835 1.24410272 0.544296682 0.572478652 0.64400202
    1.54319227 0.9522295 1.61593401 1.02240431 0.864977121 0.663064837
    1.50860178 0.618722439 1.64865232 1.66318846 1.02079141 1.22408712
    0.54316932 0.968758881 0.981637239 1.32775545 0.646182358 1.35931301
    0.602356315 1.11460841 1.4667896 0.787532926 1.16548264 1.45984769
    0.822535694 0.972012997 1.51369452 1.6483655 1.60319459 1.04204679
    0.715890706 0.712602615 0.789582014 1.20153368 1.05544698 1.33961093
    1.23774385 1.55255163 1.42564654 1.03267956 1.0052489 0.893419921
    1.19798255 1.59735906 1.4857564 1.6550777 0.921442688 0.950166225
    0.554167092 1.1939677 1.26719439 1.52103317 1.52071047 1.64448333
    1.63513362 1.11685944 1.23041105 1.03888941 1.5233463 1.07083738
    0.567241609 1.38603032 1.04291689 1.45588291 1.01340604 0.573617339
    0.732317328 1.46657503 1.20354199 0.806141257 1.17233908 0.99574995
    0.740126491 1.34936309 1.53209603 0.671853423 1.07569969 0.668467343
    1.07584417 1.22842693 0.780099452 1.13935113 1.56092918 0.707594752
    1.5128721 0.87612623 1.40190196 1.06762815 1.64311504 1.50538743
    0.616621077 0.818427682 1.64804959 1.16685081 1.41726649 1.44609976
    1.2391398 0.990565836 1.64460528 1.47145796 0.642401814 0.792009294
    0.92571187 1.385607 0.647917986 0.799162924 0.465302229 0.684075236
    1.01479638 0.960147202 0.84844017 1.28982401 1.29750001 0.369588584
    0.399496078 0.795776606 1.57195187 0.774720728 1.55029941
    0.714681745 1.50901055 0.662533581 1.08248663 1.37002182 0.734535813
    0.901769519 0.715126455 0.507505 0.475158304 1.51258147 0.595757961
    0.340153605 0.449049711 1.02512395 0.789877176 1.43597567
    0.674772799 0.590314984 0.920198321 1.14472938 1.65890431 1.4458518
    1.6208415 1.27239668 1.05343103 0.987990439 1.00289476 0.708692133
    1.42990351 1.50693154 1.26090574 0.855664074 0.609304011 0.531548023
    1.23273802 1.28439248 0.818300307 1.26084971 0.553246319 0.53810364
    0.780962408 0.928876877 0.918738782 1.53918719 0.74840045
    0.865949512 0.905965745 1.01440251 1.09656715 1.38033342 0.508096814
    1.50121319 1.06694746 0.670228601 1.13741875 1.47589827 1.1174978
    1.57608402 1.64696133 1.04493594 1.13499343 1.54358637 0.97274369
    0.767515182 0.894348562 0.546065748 0.61241591 0.467964888
    0.832689643 1.43250763 0.848104656 1.31444132 0.969737351
    0.764922857 0.918971241 0.924794912 0.951594293 0.578847468
    1.25608504 0.548521936 0.563815832 0.598201752 1.69839847 1.26451671
    0.663406312 0.863431275 0.803828716 1.24197614 1.21688747
    0.679867029 0.624813855 0.626156271 0.514416993 1.06182849
    0.447817177 0.501015484 1.22606206 0.428617537 0.824521363
    1.18607962 1.23276258 1.30015373 1.01816332 0.845856071 0.770461559
    1.04379368 0.583556533 0.724312782 0.486685336 0.410160601
    0.708314538 1.40117908 1.51001859 1.00461745 1.41157806 0.89484036
    0.751078904 0.894438028 1.19543111 0.843802989 1.49021995 1.51677549
    1.32387292 1.56634927 1.50981867 1.05278313 0.729557097 0.558810055
    0.616189003 0.496200234 0.937667489 1.36593354 1.08019531
    0.671254575 1.39326298 1.07988882 0.679227591 0.752100289 1.43978584
    1.23760092 1.45263374 0.906684339 0.596716762 1.42193127 1.51259744
    1.59709966 1.40586412 0.620226026 0.752705932 0.912333369 1.31666601
    1.38529301 0.618094146 0.588770151 0.568103909 1.01451349
    0.623626053 1.25234652 1.38032651 0.973884106 1.17833173 1.08936238
    1.42343557 1.24269795 1.49022448 1.11746156 0.879173815 0.601428092
    0.516570926 0.961159289 0.657032311 1.62085855 1.47868502 1.05692577
    0.637357831 1.26487875 1.59326565 1.13507473 0.63034296 1.1407125
    1.38930142 1.60327196 1.6199789 0.622819126 0.894518018 0.972522974
    1.57256007 0.635438144 1.04375458 0.665434897 1.46346664 1.66981912
    0.719578445 1.29746091 1.33598053 1.20327592 0.918222666 0.920312285
    1.59451926 0.648655593 1.41603661 1.24318314 0.811029255 1.46254754
    0.590239048 0.595437407 0.453233182 1.3151921 0.622091949 1.16425335
    1.18782938 1.25628293 1.16013801 1.23558927 0.521989942 0.54848516
    0.57285583 0.935740769 0.574950278 0.888917625 1.56896055
    0.923320889 1.01458454 0.713135481 1.53414524 1.16330051 0.560443342
    1.5592438 1.37949848 0.922237039 1.13114893 1.38847005 0.623632491
    1.07753944 1.38984525 1.62808383 0.696957707 1.00271773 1.17135859
    1.37122774 0.879444063 1.13999891 1.33756757 1.0911411 0.592665136
    0.687271833 0.910886943 1.48662698 0.862526119 0.644325793
    1.27664065 1.51699638 1.69818294 1.68792975 1.07432127 1.18435037
    0.52195847 0.560555518 0.67176342 1.06418669 0.826663017 1.13886821
    1.31954813 0.718812346 0.963192999 1.18339193 0.958028138
    0.742966712 1.148265 0.505808949 0.453031778 0.81453687 0.67658484
    1.34773922 1.41307676 0.971357644 0.807950616 1.61991036 1.4534986
    0.729922295 1.42986834 0.509881854 1.31844366 0.703492343 1.40278816
    1.30260932 1.65919495 1.22478724 1.26784885 0.634137988 1.12677228
    1.35229623 1.53786194 1.55337799 1.27388287 0.44596377 0.53853941
    0.895814538 0.914888799 1.52898788 1.2811414 1.06852925 1.44925261
    0.943890631 0.724737108 0.728358686 0.713870287 0.696961582
    1.43910134 1.14416337 0.531888664 0.721864343 0.607768238 1.40904176
    1.10710871 0.891343653 1.49306178 1.40641999 0.788830817 1.34156442
    0.956563115 0.572062254 1.30917883 0.867810607 1.24882209 0.9712798
    0.668553472 0.756895065 0.48981756 0.497911513 1.38920414
    0.571929991 1.07986403 0.836215436 0.556002021 1.28440988 1.43732214
    0.727204084 1.61802101 1.17379296 1.50626612 1.05182481 1.16664219
    1.2262454 1.63484418 1.62474227 1.26868868 1.34757698 1.44227612
    1.25663698 0.584051549 0.461898148 0.367568344 0.983510852
    0.417667091 0.753011882 0.637178659 0.67838186 0.579410195
    0.953442216 0.5260548 1.37102628 0.576117039 1.32391739 0.808370531
    0.600033641 0.668386161 0.715922832 0.913953245 0.71014303
    1.53984714 0.932767689 0.932146132 1.02734768 0.886455476
    0.605384529 1.32900798 1.64534497 1.28046167 1.32806993 1.24022961
    1.49842143 0.807584405 0.585656643 1.18254983 1.02459323 1.16090035
    1.17858815 0.638987064 0.486849964 1.06057084 1.05905855 0.655571342
    1.49430275 1.51862311 0.845444739 1.22560656 0.906080306 1.36075461
    0.554123104 1.57038724 1.1172477 0.618344843 1.04676318 0.734614372
    1.2457943 1.56899393 1.13052917 1.14252126 1.47500455 0.60287106
    1.37753916 1.37829888 1.14792132 0.805378914 0.993833423 0.987936318
    0.631444275 1.25725627 1.11857796 1.31786656 1.29548419 1.52887785
    1.35525739 1.50344026 0.779755354 0.873759687 0.986260056 1.45409393
    1.14334607 1.33305335 1.30193973 1.12907457 1.45327199 1.34564781
    0.599112034 1.2463969 1.32608235 1.21752858 1.25084352 1.0312711
    1.19341564 0.847601354 0.575371504 1.52545786 0.733158946 1.49172664
    0.921290457 1.42230749 1.42535472 0.563971877 0.937881827
    0.992894292 1.65681493 1.60825896 1.28065836 0.605980039 1.48925221
    1.39679563 1.26521611 1.024701 0.979356527 0.71728307 1.07911575
    1.30098939 0.96235019 0.664916337 1.26753604 1.40856659 1.43651056
    1.27767932 0.782302976 1.36392939 0.877179682 0.679707825 1.2729882
    0.861568689 1.11930668 0.832135499 1.06861496 1.56883502 1.08949852
    0.713507116 1.44051039 0.720539391 0.678679228 0.977016032
    0.93120718 1.57438433 1.26744068 1.56274831 1.38233626 1.31432223
    1.52618754 0.883023262 1.60507929 1.36782205 0.951718092 1.35588801
    1.55103028 0.788765311 0.621077657 1.23577094 1.5526284 1.29740596
    1.18511379 1.19751775 1.3756752 1.06949413 1.29154336 1.24595451
    1.29808056 0.408584088 0.494940072 1.42071652 1.31324971 0.989975631
    1.26333296 1.35024142 0.796375692 1.39527082 1.47354317 1.18714035
    1.26875758 1.34364343 0.958169937 0.881961703 1.11705768 1.21406698
    0.492432386 0.744497061 0.519546151 0.548163891 0.703916907
    0.904656053 1.45485699 1.00924277 0.674314916 1.16002214 1.33149612
    1.24035323 1.02011693 0.703712046 1.31194329 0.632360637 0.753716946
    0.533046007 1.08924913 1.08748567 1.3656373 0.921191633 0.985541523
    0.869224012 1.25306284 1.08648956 1.57777023 0.800846279 0.852695644
    1.26968133 0.580573261 0.821031153 0.946612298 1.08849275 1.17190444
    1.24031126 0.60035038 1.33880091 1.35408032 1.57424843 1.45492136
    0.987992704 1.51477396 0.753163636 1.27081144 0.937060595
    0.641683817 0.644449413 1.07364082 0.698818564 0.471073776
    1.48006952 0.517745554 0.594929636 1.1814543 0.923279405 1.34595239
    0.681411624 0.662778139 1.33865273 0.616075218 1.14351571 1.16962957
    1.27261937 1.45617616 1.46159136 0.681478858 0.783895731 0.97404778
    0.740205765 1.42435431 1.23796117 1.51864243 1.18365848 0.867618918
    1.59445572 1.38448608 0.852227807 1.06268394 0.716745913 0.779383063
    0.609815955 0.690061986 1.32853627 1.38187802 0.573838353
    0.423072875 0.512065232 0.962116361 1.32016051 1.08800495 1.03247511
    0.688940227 0.470515668 0.798830926 0.603822112 0.757689655
    1.19949305 0.857863605 0.633518934 0.549292028 0.982926607
    0.989611566 0.636279941 1.4267168 1.10553622 0.96976912 1.34071326
    1.6004082 1.45139325 0.850446939 1.25344837 0.694939256 0.742263496
    1.35874617 0.915934324 0.682647288 0.898362517 0.726652801
    1.27885592 0.778531134 0.491554052 0.688785911 0.594994903
    0.939619303 1.4536947 0.652512908 0.519964993 1.37252629 1.57916725
    0.734495282 0.951951027 0.917838752 1.48480713 1.5919534 1.08065605
    1.24149561 1.46397817 0.966064274 0.622444093 0.948006928 1.04954541
    1.34737432 1.1665628 0.807757199 0.554243922 1.41644979 1.23436749
    1.04557955 1.06269825 1.37882411 0.618521392 1.30363262 1.03399646
    0.765034616 0.572598577 0.548898876 0.709531367 1.06752038
    1.32863605 1.7123816 1.53277516 1.23260248 1.30078506 0.584110916
    1.29440951 0.530709088 0.51532495 0.503010631 1.50744808 1.34302127
    1.5934031 0.97242552 1.63073778 1.55265486 1.58689475 1.62643135
    1.05146217 0.521014273 1.07428491 1.40800369 1.39495194 1.10986733
    1.48272038 0.719948649 1.10688031 1.21789002 0.641592562 1.36241031
    1.04711747 0.923132241 1.05804288 1.47531438 0.692970157 1.10328412
    1.01310074 1.43291986 1.11828363 0.900317252 1.45131171 1.49282384
    1.32726812 1.09470046 1.57594752 0.647525251 1.51450562 1.2182399
    1.58587325 0.663423896 0.731535375 1.16510522 0.740086317
    0.611055732 1.47884631 0.984833598 1.33727527 1.54419088 1.21592402
    1.44654393 1.53718793 0.761732578 1.40754533 0.939488173 0.857497096
    1.07891285 1.1907146 1.02797186 1.62908149 1.50862312 0.760508418
    1.20212209 0.76232779 1.62913704 1.61738205 0.562471151 0.86913687
    1.00178802 1.14919484 1.17548001 0.399347246 0.964273751 1.31724298
    1.59806967 0.854022145 1.57630634 1.32421756 1.23513126 1.31545162
    0.78072685 1.46379066 1.49582386 1.1233598 1.31264913 1.47619879
    1.62324977 0.903313994 0.553673089 1.14279497 0.689378023 1.25712168
    1.09440732 1.0828166 1.38753283 1.54532623 0.910439014 1.03939795
    0.626114786 1.02545953 0.652884901 1.63115859 1.33885157 1.14781785
    0.952165008 0.892548382 1.08122611 1.0008769 0.887223601 1.52589631
    1.31528902 0.642789543 1.076388 1.58342683 1.03359628 1.3212961
    0.793738425 1.39507055 0.433721244 0.744045734 0.872075081
    0.670365393 0.660680175 1.36894405 1.44259429 1.24610138 1.42152596
    1.0051142 1.03145254 1.24350178 0.865567803 1.4274987 1.61689866
    0.606131792 1.47090769 0.94657588 0.662062705 0.535684168
    0.641648531 1.39235771 1.1036545 0.63473767 1.64703679 1.64394116
    1.50585783 0.678417444 1.06131041 1.54693353 1.19468999 0.760986745
    1.42428899 0.831928968 0.794114053 0.593215525 0.649801433
    1.06856644 0.785894454 1.13027573 1.58156908 1.20850432 1.0004133
    1.5823648 1.45377254 0.707318366 1.27293324 1.03700173 0.847123086
    0.618979275 1.13500392 0.486103266 1.45542026 1.47953129 0.979367018
    1.02026916 1.55265844 1.22976172 0.650885463 0.776947796 0.961963713
    0.593430877 1.01149189 1.50517702 1.00237894 1.05594277 1.35385728
    0.749134839 0.461502671 0.84100306 0.566314995 0.716028094
    1.23312056 0.887387872 0.961709082 0.808864951 1.55432594
    0.950124741 0.631958604 0.737062812 1.57381868 0.922641218
    0.614862978 0.688231051 0.995833516 1.30588198 0.509149015
    1.11810052 0.483117014 0.960016966 0.621973574 0.849878371
    0.956377923 0.83180362 1.25421786 0.725057781 0.533435047
    0.607654333 0.637713492 1.53520131 1.23685455 0.856858373 1.35891366
    1.16124213 1.33429945 0.995933056 0.83029598 1.32795525 0.613562107
    1.24757183 1.00881088 1.62039816 1.60841727 1.43383741 0.479199111
    1.42503667 1.05318284 1.23180127 0.989569068 1.45565009 0.774190307
    1.45640242 1.09220505 1.4517988 0.859752417 1.09411609 0.944608569
    0.881860316 0.871893048 1.16239226 1.1350534 1.51552427 0.551984847
    1.28921783 1.00475574 0.855921984 1.14528596 1.15370572 0.716122031
    1.55764067 0.99323535 1.481071 1.71941221 1.71077991 1.44968021
    1.08569562 1.10761225 1.11891198 1.34940743 0.650632203 1.28157198
    1.60724425 1.5753746 0.526302338 0.969212592 1.41952884 0.650320828
    0.672232509 1.30942762 0.603525817 0.819006622 1.34321547 1.31926215
    1.30066061 1.16542876 1.66838253 1.43840528 0.982605636 1.35231388
    0.676553786 1.31726408 0.705009758 1.57157767 0.925718307 1.4142369
    1.07730639 1.26821077 0.998480082 0.948597491 1.21630013 1.29980206
    1.55117524 0.812256217 0.546819508 1.0868603 1.38560736 1.70468307
    1.35347021 1.46932471 0.940389216 1.44568372 0.784731209 1.5681901
    0.749303997 1.38048601 1.18615973 1.31470907 1.05887282 1.41082823
    0.651289523 1.47607946 1.4211762 1.59470904 0.734326363 0.7896927
    1.45261347 1.56148517 0.620309055 0.800072312 0.578698456 0.70556885
    1.52126026 0.673585415 1.27985001 0.728840768 0.757548869 1.07306468
    1.22428334 1.15627289 1.1877867 1.5486331 1.44508922 1.47170854
    1.2442472 1.47276294 0.925014853 0.475246876 1.45277393 1.47245669
    1.03622329 0.947728992 0.949846804 1.66770375 1.57441616 1.42287898
    1.52714872 1.25948191 0.764385402 0.978975773 1.62395895 1.37910461
    0.697919428 1.27240348 0.771284759 0.461609572 0.879519224
    0.859875381 0.591500282 0.822473645 0.781820238 0.919046164
    1.34159899 0.929986537 1.46626687 1.29165304 0.532187641 0.659454465
    0.67446208 0.95055449 0.900855839 0.476421028 0.635052741 0.93543762
    0.680939376 1.2070899 0.916524649 1.57479119 1.1512866 1.35289645
    1.5924964 1.39357495 0.997439742 0.939191401 1.22003686 1.57319343
    1.58889544 1.15939283 1.1581533 0.938315868 1.37318027 1.39439476
    1.5548234 1.35043514 0.573827386 1.13873184 0.85876441 1.0786972
    1.19248974 0.613200068 1.07530653 1.29825079 0.905270398 0.951000035
    0.634606659 0.907257318 0.765038908 0.740160406 0.845016837
    1.2856096 0.956592083 0.582322776 0.906751394 1.50634861 0.825336814
    0.857738256 1.09220278 1.05324543 0.984631479 1.41390252 1.41068673
    1.34012985 1.09706509 1.49777973 1.46159387 1.32413375 0.533849239
    0.663618565 0.421938479 0.74531287 1.28300011 0.974795401 0.64520967
    1.11082745 0.564109623 0.543816566 1.47334015 0.934330761
    0.550933421 0.922800541 1.28127456 0.96058166 0.655229509
    0.859708369 1.31460619 0.571497977 0.826316714 1.194767 1.36197925
    1.33760715 0.737939239 1.00838518 0.757958531 0.631870329
    0.979732037 0.416104496 0.711434722 0.697226882 0.962541938
    1.33998215 1.57484972 0.659988105 1.51762819 0.86472851 0.809089661
    1.45249069 0.923563182 0.549988031 0.9934991 1.17387331 1.00257087
    0.613041162 1.42057431 1.12757039 1.21077752 0.827407897 1.14368975
    0.850361824 1.00597417 1.32953227 0.768760502 0.657844543 0.99459213
    0.882474482 1.33007824 0.502526879 0.876112878 0.544525921
    1.62656772 1.53578854 0.920128047 1.38499081 1.1746242 0.659139574
    1.57826614 1.55148506 1.42041731 0.986293495 1.31357419 0.778665304
    0.593157291 0.612851799 1.18775487 1.0183779 1.04105318 0.999000669
    1.54834354 1.00256443 1.43868136 1.69561303 0.725572705 0.773033202
    0.535929203 0.490454078 0.726910889 0.742013335 1.39367986
    1.44289482 1.41660357 0.976617455 0.488897145 0.528474033
    0.829782188 1.24168742 0.514915943 1.50673509 0.517289817
    0.596646369 0.914457738 1.33165812 0.710885167 1.10593414 1.03964698
    1.45194304 1.47494686 0.945013583 1.12743318 0.727038264 1.51376534
    1.21141255 1.35738146 1.35622263 0.851039052 0.925217032 0.835889637
    1.10958028 1.57993031 0.941848576 1.46916378 0.72146678 0.549154997
    0.544098735 1.29496527 1.74904883 1.71576917 1.47626972 1.64342141
    0.839124262 1.62549198 1.26488376 1.6195792 1.16055846 1.47319996
    0.664903343 1.04628682 1.08363438 0.709452152 0.597033381 1.27605283
    1.56780374 0.677163541 1.13567638 0.874278545 1.10297191 0.755584776
    0.904443085 1.47783399 0.828975141 0.533911467 0.691144168
    0.595236599 0.46017313 1.48387814 0.725007832 1.42128134 0.648553729
    1.05738688 1.42212403 1.62212741 1.4190222 0.670299053 0.741693318
    1.06581819 0.734943509 1.26248693 1.41222382 0.530908465 0.642324626
    1.27213252 1.21165979 1.54821002 1.63733697 1.06644607 0.655435085
    0.946567833 1.22009659 0.820745945 0.845898092 1.49608588 1.49362373
    1.39275563 0.54578656 0.560808599 1.2332356 1.33665037 0.758993745
    0.989748061 0.466845125 0.552215517 0.70776993 0.931147397
    0.562332928 0.842309475 1.25129259 0.773835838 1.51939464
    0.871117175 1.13129926 1.40235388 0.959892988 1.34876144 1.17136645
    1.38543224 0.616874158 0.713544786 0.941628635 0.898364544 1.275841
    0.89036721 1.02678525 1.00800383 1.42484939 1.40476263 1.09833741
    0.509913623 0.585303843 1.21060967 1.08128047 0.891858578
    0.573444128 0.652227998 0.67281574 0.733921587 0.87745744 1.33098352
    0.74972719 1.32975197 1.13968658 1.53786206 1.11791217 1.45322919
    1.0273633 0.87009275 0.59205544 0.743429542 0.579476178 0.716219008
    1.22109067 1.18752742 1.06084037 0.502082169 1.11562419 0.988748848
    1.33738565 1.49896431 0.795746446 0.757688403 1.22236907 1.42442489
    1.43544769 0.859821856 1.09388435 0.964969873 1.45929027 1.25470889
    0.689736903 0.627924919 1.50608814 1.34838188 0.591376662
    0.454945982 0.769103706 1.24871814 1.31434381 1.34070981 0.948312998
    1.46551907 1.4900229 0.878127694 0.63749975 0.761286378 1.53013778
    0.675108731 0.958237886 1.59632647 1.49453485 0.993311226 1.13637626
    0.800365806 1.08310294 0.426055193 0.875250876 0.924069703
    1.40201664 0.77177912 1.39432609 1.52849376 1.19280338 0.775063396
    1.37587535 1.0515908 1.40195048 0.963212609 1.2196579 1.54237747
    0.695575893 1.5061022 1.21730864 1.34583712 1.59231818 1.15934932
    0.879126191 0.980383396 1.54314828 0.619318426 0.961149216
    1.38160467 0.684533954 0.846639216 0.768830061 1.23526621
    0.599417984 1.10313058 0.864453912 1.09426391 1.54974103 0.94879967
    0.963768661 0.714518666 1.50202584 1.42836249 0.698193789 1.48822904
    1.18705869 1.02977765 0.92999953 0.683803201 1.20992386 1.47533166
    0.623771966 1.01739752 1.50755692 1.14850783 1.26180363 1.51121294
    1.33125412 1.29682684 0.518172681 1.31896925 0.94151777 1.48722732
    1.56112719 0.931083798 1.55295384 1.22958815 0.909856141 1.23881638
    0.759740174 1.04655886 0.900198877 1.1728512 1.34908891 0.480891168
    0.642636418 0.587469876 1.45149589 1.41394949 1.48219144 1.09352624
    1.54437232 0.881448209 0.991249919 0.431310892 1.18521357
    0.836889863 1.47282708 1.70171964 1.64513433 0.605539441 0.941683352
    1.31864357 0.856549442 1.55651748 1.27184737 0.824092865 1.46307755
    1.19581974 0.880190074 1.58151031 1.69303131 1.32890177 1.63902938
    1.45479596 0.748687804 1.38767397 0.995493591 0.92701602 0.679294229
    0.451334655 0.619196177 1.39299929 0.991165638 1.18517327 1.4401691
    0.959506273 1.55946398 1.28508866 0.611582279 0.789213598 1.52553642
    0.883259058 1.33861589 0.825564921 1.24842966 1.54598117 1.2573669
    0.708832026 1.01943827 0.96047163 0.856526911 1.12710881 1.53368425
    1.20509684 1.420632 1.25342417 1.45700955 1.44863093 1.10186303
    0.872578144 0.953116655 1.39603484 0.560013473 1.08430839
    0.763527036 0.953683972 1.30627906 0.7707811 0.536699951 0.649123549
    1.4496994 0.966534972 0.687129974 0.711899817 1.2905885 0.886055529
    0.704610646 0.608885884 1.22582924 1.03880668 1.53718114 1.0822897
    0.577629209 0.737533152 0.858124733 1.30166876 0.464580119
    0.772593915 1.15882015 0.744617581 0.694525421 1.57721841 1.67601836
    0.935474634 1.40040982 1.08186483 0.922904015 1.54007769 0.83103466
    1.41027737 1.15881026 0.541953146 0.481996924 0.391523987
    0.845716596 1.57763231 1.10341692 1.01706612 0.735934496 1.46147943
    0.957416952 1.07714558 1.45478606 0.549707949 0.618919253 1.46730471
    1.01599336 1.46909869 0.799375594 1.54476583 1.26073575 1.12984478
    0.641429126 1.16265583 1.64444959 1.05547154 0.742248952 1.14099288
    1.49500871 0.677286506 0.522362113 1.33471048 0.859795511 0.89639771
    0.893775225 0.696290731 1.15568566 1.22705901 0.636730611 1.05741155
    1.57877934 0.610137463 0.424223244 1.01199579 1.23466814 0.839120805
    0.871075392 0.887795627 0.994635999 1.2880888 1.24617672 0.666207433
    1.20172775 0.869036615 0.984690011 0.670871556 1.34909248 1.45596206
    1.17825413 1.61545002 1.08299839 0.78284812 1.48284101 1.29208481
    1.52424288 0.950080335 1.27945626 1.57888973 1.37536585 0.591829896
    1.21608543 1.62747848 1.56001794 0.578744948 0.613714278 0.745776772
    0.841503859 0.500580847 1.38238513 1.44569767 0.821117401
    0.987242401 1.08489907 1.25230074 0.821753263 0.77295655 0.555406928
    0.972279429 0.948536694 1.30254185 1.05650675 0.653769076 1.4778564
    0.625818789 0.852035046 1.52509165 1.05178487 0.657140315 1.10894895
    1.33269441 0.956411004 1.4200027 1.30100954 1.24295974 0.460141301
    1.05354989 0.693796515 0.656846583 0.846375883 0.936020195
    0.711295962 1.10143661 0.733848929 1.40218472 1.44264174 0.989104152
    0.884575605 1.14997804 0.48277548 0.516461074 1.52871561 1.23626018
    1.40675867 1.57336605 0.947519362 1.03934777 0.550671875 1.1016506
    0.933199167 1.63308918 0.910559416 1.2203716 0.760558724 0.504367769
    0.61611402 1.52411532 1.69282842 1.67784011 0.81145817 1.58836484
    1.5834552 0.637844622 1.05164146 0.78651911 1.11831558 0.557220697
    0.853022516 1.13050616 1.47738063 0.565551639 1.19259346 1.42250192
    1.3060838 0.815950751 1.19759607 1.65429699 1.25435698 1.40333593
    0.508373499 0.724092901 0.591944158 0.593278229 1.55212367
    1.00327945 1.56045878 1.25874925 1.37928689 1.05474699 0.550566018
    0.687924385 1.08540177 1.26022017 1.07363594 1.35432994 1.31007051
    0.739033043 0.981575012 1.12627888 1.30588603 1.60614395 1.5461129
    0.906853795 0.487740606 1.42801356 1.04995561 0.711615026
    0.548082173 1.17857599 1.49259746 1.08982182 1.1426909 1.64680398
    1.18836975 1.01168585 0.646826565 1.23870349 1.67231047 1.6668365
    1.6586591 0.637753844 0.620401561 1.36892581 1.26638734 0.822782457
    0.533216298 0.757219553 1.42704225 1.37028921 0.707301736 1.09836686
    0.357205778 0.630421638 0.88982445 0.773156941 1.01459754 1.33687174
    1.48908031 0.603879392 1.19429755 0.813435316 1.26600552 1.09333062
    1.08928549 0.639315724 0.950887442 0.516409814 1.14588881
    0.943980813 0.616449237 1.01581395 0.640473723 0.930147827
    0.767885089 1.25160754 1.58727026 1.07404101 0.855912745 0.471153677
    1.24108446 0.743651986 1.03881741 1.09503901 1.32160676 1.03951311
    1.37833428 0.543116927 0.401024461 0.872262001 1.65027404 1.45458674
    0.617646158 1.32620454 0.54778707 0.693206906 1.52180016 1.54524231
    0.866084337 0.742104471 0.747685254 0.827654481 0.552481472
    1.50214243 1.24751997 0.615108371 1.407148 0.979042232 0.62760365
    1.23270082 1.47752178 1.45196772 0.756598353 1.38103473 1.04500663
    1.0203439 1.49746013 1.21491826 0.546874166 0.521181941 1.28681874
    1.42164564 1.06277096 1.45869553 0.558051646 1.04017293 1.21854389
    0.96514833 0.992402136 1.17138422 0.656236887 0.682127595 1.35647535
    1.2760061 1.53309953 1.38575053 0.920871258 0.911809504 0.638103485
    1.47768497 0.57225275 0.5390957 0.744242728 1.533095 0.763569295
    1.39957273 1.33250463 0.668605804 0.86812222 1.17768276 1.38143623
    0.526432395 0.797423184 0.758435369 0.493503183 0.690729737
    1.44467008 1.53316939 1.3758806 1.44089091 1.1604327 1.29201066
    1.1405946 1.44905078 1.21852887 1.08095682 1.19079316 1.13920319
    1.20224893 0.934813797 1.26882994 0.818128586 0.445975631 1.36725473
    0.990819514 1.23334515 0.435816944 0.805096149 0.573123395
    0.573635221 1.55702198 1.36657894 0.699458718 1.35283041 0.679198086
    0.853671432 1.17234218 1.52193832 0.690383911 0.679920256 1.16882968
    1.5805521 1.28240287 1.31483376 0.62353909 0.561783791 1.46555221
    0.68226701 1.19249976 0.602241695 0.783620775 1.01664615 0.819809854
    0.464077204 0.978864849 1.05381465 1.07900941 1.51870251 0.501191795
    0.745903313 1.53004563 1.57719696 0.679662347 0.721126914 1.55503571
    1.57013428 0.583437026 1.04938674 1.26451993 1.15886259 1.36692309
    1.5434804 0.652368009 1.04671073 0.897666276 1.4720279 0.940070689
    1.46171355 0.890810907 0.893633842 1.1048342 0.691704869 0.919917047
    1.5082159 1.17338085 1.65418589 1.14241219 1.49157071 1.05023038
    0.830772698 0.645628035 0.729933739 1.16774082 0.778158367
    0.51900357 1.5149585 1.44968355 1.2954073 0.53589803 0.671113551
    0.580213487 1.29800093 0.810127258 1.53382421 0.79781723 1.21745837
    0.612584949 0.440421343 1.02206588 0.525798619 0.561878741 1.4113183
    1.70875168 1.68920863 0.972212315 1.13005471 0.541966379 1.35634959
    1.00420225 1.27516198 1.26034725 1.34738219 0.745127678 1.03961992
    0.883047104 1.07651174 1.02472293 0.672544062 0.53219372 0.778318048
    0.502736211 1.22996783 0.695147276 0.706531882 0.817579389
    1.47623026 0.736622095 1.21434033 1.34884083 1.44474757 0.761762202
    1.33061457 1.43964684 1.71115327 1.09586287 1.20664084 1.71181834
    1.41872215 0.809081674 1.5621177 0.721118927 0.546721876 1.46582699
    0.597699821 1.27377248 1.00023973 0.584553897 1.1839422 0.718192816
    1.09321356 0.885366678 1.05196762 1.02261758 0.66842401 0.976858616
    0.837699473 0.764503896 0.797900498 0.916529298 1.53763413
    1.54309368 0.661560953 1.01687241 0.543903232 0.976395309 1.01142466
    0.595956624 1.21904576 0.786295593 0.712143779 1.08968866 1.5676316
    1.33591557 1.46697187 0.528093636 1.10171092 0.830434978 1.48612082
    1.28883064 0.847896397 1.36021709 1.49836636 1.20768023 1.37434947
    0.486618221 0.524221241 1.52995634 1.18440914 1.12963617 1.55501246
    1.18831468 1.2182349 0.722993433 1.09876502 0.672903895 0.625404537
    1.51972699 1.0109973 1.00356483 1.32730734 1.08175468 1.36841989
    1.23868048 1.51220667 0.853323758 0.746962726 1.49179351 1.53206122
    0.673595786 1.63746786 1.66977119 0.720588982 0.578859746 1.03812194
    0.905483365 1.44974971 0.621766567 1.12619865 1.1165508 0.5773893
    1.3945632 0.450651884 0.67243737 0.992482245 0.997308314 1.35402262
    0.968623042 0.960123479 1.06716013 0.954048693 0.791195869
    0.796183109 1.13856995 1.36741233 0.700215101 1.11025643 0.68971926
    0.923108399 1.09964275 0.992153585 1.05657482 0.763915777
    0.666325569 1.09183788 0.988577962 1.39928555 0.967532396
    0.972685754 1.23839283 0.665181458 1.05153215 1.45948827 1.44879746
    1.06949353 0.919632316 1.52029169 1.63252127 1.17437553 1.00775921
    1.08940864 1.43335712 0.625261366 0.635309875 0.747274101
    0.963621676 0.793069899 0.641638815 0.53598094 0.881346583
    0.581462979 1.08735967 0.978073299 0.502876103 0.460257351
    0.984813571 1.32120585 1.29011834 0.640012145 1.30809605 0.713834763
    0.571514964 0.948635876 1.58842647 1.3295064 0.726104975 1.41387188
    1.25067246 1.20255995 1.59038854 1.13959897 0.70418638 1.31803298
    0.927786052 1.50804508 0.435706615 0.517691731 0.702547193
    1.13489687 1.10571694 0.606552541 0.850535214 1.23414421 1.12007213
    1.09290051 1.37754405 0.665138423 0.593617558 0.957842112 1.26443887
    0.801492691 1.49223924 1.29082084 1.634794 0.993023753 0.555460811
    0.834334016 1.43922591 1.42007995 1.22611737 0.676514626 1.3529886
    1.20533645 0.902992368 0.817280948 0.933442116 0.990069449
    0.477815807 0.849127531 0.866574049 1.21225214 0.63692224 1.06442308
    1.63814759 0.628426909 0.639888763 0.586835265 1.53849125 1.52990985
    0.504345775 1.29423082 1.12693036 1.06018126 1.27720952 0.943163753
    0.923680484 0.851961493 0.542765439 0.529828191 1.16784716
    1.00927961 0.490834624 1.09991753 0.584011912 1.04803336 0.791176677
    0.866817355 1.43319142 0.736756623 1.67055225 0.711746931 1.47733951
    0.99732703 1.05234694 0.677341402 1.35047817 1.1950928 1.0098753
    0.575304985 1.40956187 1.49490631 0.774448633 0.729094923 1.31470084
    0.442160785 0.831568778 0.68919456 1.29483128 0.751144767 1.05005205
    0.451765537 0.59920001 0.489078641 0.557094872 0.902965307
    1.53487957 0.738328516 0.828796923 0.698704839 1.27359021 1.43630433
    1.49363124 1.48078787 1.13221717 1.24335039 1.57714748 1.32076657
    1.54945946 0.585345507 1.52807462 0.848841965 1.1163938 1.26761043
    1.0473938 0.901824474 0.903170168 1.41157949 1.50019562 1.16522896
    1.00717723 1.59109664 1.56265175 1.26364827 1.49167478 0.677294195
    0.492640674 0.972052157 1.32634902 0.511195183 0.706933618
    1.01797843 1.02681637 0.509130061 1.09226239 1.11757159 1.30358481
    1.51519394 1.48082638 1.3273983 1.43259692 1.19944882 1.143538
    1.15117931 0.745315194 1.5941366 0.686502755 1.61922228 0.915670335
    1.25565124 1.5469209 0.691525221 1.5107156 0.636269748 1.44310391
    1.52729475 1.20355201 0.672259629 1.12318873 1.46208632 0.997790635
    0.622311771 0.542514026 1.30947506 1.52842176 0.783596277 1.42386782
    1.53158581 1.4454565 1.20679665 1.38364053 1.33025765 1.41904795
    1.28526139 1.41160882 1.27666783 1.27942181 1.45442545 1.0898881
    1.59282279 1.07011521 1.44671345 0.731770754 0.94185406 1.35580647
    0.923808038 1.52991271 1.56378675 0.514326274 0.74036324 1.30082107
    0.628044486 1.019521 1.04500878 0.969443619 1.06162059 0.615029693
    0.678319037 1.36664712 1.59030557 1.50035393 0.903467238 0.916580856
    1.00791681 1.22363377 0.727361441 1.09908211 0.818945765 1.25631249
    0.822970629 1.22494543 1.55790579 1.56782317 1.03895962 1.35504925
    1.10075045 1.53268528 0.784989297 1.18058884 0.894046009 0.64458406
    0.697814763 1.03972447 1.3669678 1.11837876 1.47051716 1.49209487
    1.38412464 0.979429126 1.42524743 0.72357446 1.16204858 0.713065505
    0.551063776 1.24564123 1.37658417 1.45856559 1.42955208 0.894498527
    1.21085525 0.976553023 0.845506966 1.36946964 0.589511216 0.86978817
    0.494490147 1.06950366 1.08707118 0.568121374 1.00301325 1.38940334
    1.67926383 1.56274414 1.69224513 0.972927511 0.88970232 1.33423591
    0.616002142 1.34011364 0.736875236 1.32683063 0.479448766 1.07079446
    0.5320943 0.443950862 0.955370128 0.945752978 1.56438804 1.60586083
    1.07482839 1.09906495 1.38332152 1.36933422 1.09077668 0.627233148
    0.811138272 0.853634655 0.607756555 1.01769459 1.65918148 1.42490184
    1.24698412 0.805596113 1.32649374 0.820724487 1.3200829 1.32869482
    1.11540782 1.54463923 1.2053138 0.622061074 1.02040768 1.15750051
    0.856669009 0.766141415 1.49608946 0.777387202 0.540418744 1.1979866
    1.53970754 1.41723347 1.48054349 1.51337504 1.26415873 1.40998304
    0.877746642 0.79281795 0.619659066 1.10330498 0.884090424 1.15286732
    0.889575601 1.55082023 1.17835796 1.25773764 0.548775673 0.624441803
    0.91041404 0.453268081 1.11672354 1.32873762 1.35827446 1.14832115
    0.675772905 0.873708248 1.58907092 1.24834692 0.616324723
    0.680542827 1.53874767 0.519103229 1.11416471 0.567371666
    0.638168931 0.655366838 1.1211108 0.509683609 0.520637453 1.52301252
    0.83781004 1.27917206 0.670989096 1.2473135 1.34689713 0.527585506
    1.05755818 1.02097416 0.948972404 1.45046186 1.17070258 0.501260996
    0.829062879 1.46041524 1.42126572 0.832799911 0.839180708
    0.794367433 1.52120924 1.04600668 1.44528019 0.762094557 1.47085261
    1.63399971 0.792841852 1.41919792 1.17448199 1.40719068 1.11517847
    1.25270998 1.48117864 0.595491648 1.01989901 1.13379169 0.936262965
    1.1291467 0.933161795 0.954412043 0.841840267 1.46900475 1.50825536
    1.63185835 0.579441249 1.27155232 0.895729482 0.573609293
    0.444366515 1.25111532 1.44829977 0.684748232 1.35327554 1.0104388
    0.935897768 0.644539952 1.24181378 1.60511589 0.581179559
    0.633503377 1.24007535 1.30343807 1.54730165 1.3780098 0.879248083
    1.38992977 1.54828763 0.639177382 0.845192134 0.942349672 1.22001839
    1.5542655 0.80962944 1.55144131 1.35943723 0.846054256 0.65406543
    0.895348132 0.902923942 0.597944498 1.48544049 1.36550963 1.28290844
    0.828860462 0.532253027 0.697011948 0.819241345 1.0051136 1.44024372
    1.41505718 0.683062792 0.634770572 0.976395786 1.10716629 1.00455797
    1.4093256 1.48690569 1.12931144 1.59544885 1.50403917 1.23194182
    0.595292032 1.35866034 0.597546577 1.16151404 1.33064175 1.23082709
    0.570079327 1.12387264 0.584760249 1.42607474 0.76920104 0.650172114
    1.50888526 1.50720584 1.46565497 1.41345596 1.36182272 1.48033226
    1.24628007 1.02624965 1.48452353 1.55043209 1.44218743 0.957133114
    0.465263456 0.515575349 1.19003797 0.979067862 0.960560977
    1.16379142 1.1773293 1.35672712 1.37245917 0.604423165 1.35518372
    1.66820002 1.13266659 1.45165217 1.05796802 1.12608683 1.62877905
    1.26502252 0.887858689 0.595615447 1.50680017 1.25957346 1.29790604
    1.6142844 1.45425069 1.08768499 0.647322953 0.528340101 0.551820636
    1.03883886 1.46376252 1.25261676 1.44898331 0.469491154 0.811335146
    0.939304411 0.76915592 1.20793927 0.469344676 0.676438272 1.57456124
    1.31546307 1.42903864 0.79279387 0.960718155 1.55503869 1.76214051
    1.53613365 0.698494494 1.39471197 1.15854967 1.07981908 1.31294882
    1.2616781 1.06706476 0.503661156 1.01995254 0.830734253 1.10022521
    1.17847073 0.774700522 1.29288554 1.3870244 0.690401196 1.09420085
    1.14184248 1.43083119 1.26306045 0.554784179 0.804751575 1.22488368
    0.519048691 0.992951572 0.675816 1.64245069 0.654583633 0.633807182
    0.779768944 0.811402619 0.498397946 0.787196815 0.619938552
    0.617714286 1.42206478 1.30870116 0.942678392 0.572138548 1.07659781
    0.578096092 1.3575387 1.45735025 1.01694739 0.706387281 0.556056976
    1.31021619 0.762163579 1.52962065 1.34910321 1.12661803 1.09020936
    1.43213499 0.589280248 1.02715588 0.500829101 1.30662024 1.16606593
    1.5146879 1.00538111 0.94935447 1.00817513 1.15429592 0.815955043
    0.840030849 0.69757843 1.60089266 0.570459008 0.965529621
    0.888000131 1.07544768 1.58146811 0.925109327 1.59742355 0.875636399
    1.49280357 0.743484139 1.01214767 1.16927457 0.813616097 1.47620046
    1.31515944 0.731219411 0.844188988 1.41902876 1.40675557 1.47726488
    0.644207537 0.43805328 1.3849901 0.766640484 1.13961458 0.44619897
    0.474558771 0.823410094 0.959169209 0.735746622 0.51448679
    0.917066216 0.686118424 1.24923623 1.32684255 0.940180838
    0.554182351 1.12240934 0.450448632 1.12696218 0.778125823 1.11068058
    0.909701765 1.22503829 0.916492999 0.525559723 1.06940317
    0.536240935 1.34770203 0.820044696 0.97203958 1.02053893 0.567367494
    1.4260515 0.592751861 0.557615936 1.37687957 0.767832935 1.44750428
    1.29328895 1.47700441 0.774646342 0.771772683 1.22813606 0.804043889
    0.809524179 0.53176254 1.07047236 1.58048534 1.33819616 1.25916266
    1.43059349 0.605997145 0.820410073 0.988501489 1.54575038
    0.621045828 0.570160747 0.794217587 0.93208617 1.50268042 0.84295094
    1.02110672 1.22552466 1.10956657 0.886343122 0.819637835 1.2407186
    1.00002003 0.815465093 0.784946918 1.14420676 0.464403003 1.5296514
    1.03551197 0.825001061 0.854815423 0.803714871 0.560519814
    0.594159126 1.30395675 1.13694477 1.39948404 1.08008182 1.10051525
    1.57359099 1.54671979 1.43816662 1.28110373 0.991418362 1.5336417
    1.12375271 1.53661108 1.19447088 1.12427366 1.1667099 0.730687261
    1.19579327 0.824035525 0.831334651 0.913381159 0.941818893 1.4217689
    1.38795125 1.40968943 1.62473476 1.29323101 1.01978171 0.674947739
    0.591765642 1.07083273 1.13499987 0.668659866 0.943445206 1.28150856
    0.752047718 0.614050686 1.3116616 1.00647008 0.741154909 0.794957697
    1.32364142 0.747720003 0.760584176 0.743687868 1.51870191
    0.685323894 0.813938081 1.08662271 0.821927488 1.08201838 1.51401496
    1.37504387 1.60613048 1.37254059 0.674989104 1.35819113 1.5056088
    0.845517516 1.37158597 1.03507984 1.341645 0.895749927 1.05870795
    1.43002594 0.9002859 1.34237564 0.644881487 1.02783656 0.764613867
    1.41510355 1.43100381 0.914688289 0.724743307 0.845101655 0.6831429
    0.650455654 1.4889524 1.48268986 0.507928073 1.26973736 1.69079947
    1.56824565 1.33159661 1.00679398 0.973357975 1.59389615 1.50161171
    1.5108968 1.1774863 1.06277001 1.27840328 0.790327072 0.705339074
    1.14249814 1.30578434 0.929315567 1.08502793 1.53018153 1.40200925
    0.733198166 1.57347965 1.11540186 1.13530588 1.0063442 1.21819544
    1.3159287 1.43879104 0.566915035 0.46603635 1.24972665 0.826880991
    0.834874511 0.838997006 1.05693972 1.49366105 1.10673559 1.157112
    0.664860666 0.714208603 0.61440134 0.866467595 1.14275813 1.34910154
    0.883151054 1.12680578 1.30967855 1.02098489 1.20729744 0.673413575
    0.700187147 0.623092771 1.42195725 0.765778244 0.538779557
    0.524700701 0.609122813 1.01744127 0.90500468 0.789462149 0.55218029
    0.95795095 0.509505153 1.2260288 0.919637203 1.020666 0.772499561
    0.516670227 0.602141857 1.30404353 0.820222199 1.4606818 0.571176291
    1.56082737 1.50873101 1.24578714 0.793258071 0.8571859 0.873926938
    1.00476336 0.968593717 1.04505646 1.47794068 1.42010367 1.07444894
    1.1173079 1.39198112 0.750766218 0.907228708 0.655846894 0.88327843
    1.51858497 1.4106127 0.90696305 1.07743406 0.819191515 0.812288344
    0.451996207 0.820159614 0.829560757 0.514701009 0.89758724
    0.501472354 1.42446864 1.18004096 1.55251801 0.53879565 1.10027814
    0.721003234 1.54941082 1.53943801 1.19646156 0.566842854 0.581390858
    0.355914921 0.383128881 0.822596252 1.13174248 1.59567487 1.13680661
    0.483290702 0.535012722 0.815632522 0.838504553 0.968766928
    1.44118083 0.423909724 0.65992254 1.16680717 1.49954236 1.16065621
    0.95130229 0.695323765 1.36362278 1.26875114 1.25666976 1.11892557
    1.56391609 1.50470972 1.55951118 0.654970229 0.887503386 0.415826291
    0.959042966 1.40866888 1.61462736 0.672048032 0.903742611 1.155146
    0.712365985 1.40848911 1.46008396 1.21324444 1.15758264 1.2909013
    0.473380864 0.547889769 0.564509928 0.603304148 0.527021468
    0.797037661 1.1030674 1.58934319 0.996975541 1.4691987 0.733195901
    1.05181527 0.60839808 0.841894031 1.24697959 1.33131909 1.5048207
    1.28655744 0.502845228 1.42445338 1.15545022 0.996475756 1.52797294
    1.16373086 1.03480363 0.450302511 0.703032196 1.34976923 1.11070108
    1.46609437 1.16928303 0.980530918 0.644433737 0.512393594
    0.875374496 0.840151727 0.613985419 0.729831934 0.673205435
    0.691160202 0.847524762 0.701974511 1.21411502 0.989880979
    1.65345001 0.714946806 1.35670066 1.32440162 1.57074344 0.934735835
    0.739738524 0.681298971 1.37814808 1.49151886 0.845171094
    0.699507356 0.514737785 1.1144371 0.638106942 1.01321411 0.552268028
    0.83325702 1.45113373 1.08048761 1.19866192 0.746500909 0.847426534
    1.31080019 0.492858648 0.716959298 0.849034905 1.40162075
    0.737840593 0.849841118 1.22421527 1.16113436 1.08648431 0.514874876
    0.791235268 1.00470269 1.03957713 0.573693454 0.88080883 1.03217244
    1.17183542 1.33326352 0.732980728 1.52528882 1.14468062 1.32340086
    1.54310584 0.7202003 1.2719121 1.49098349 0.765530348 1.13683057
    1.37556326 0.833134174 1.45956266 0.621081829 1.43672359 1.15899956
    0.835579932 1.53325379 1.11752558 1.22528291 0.999842644 0.613944829
    0.732895732 0.573133349 1.30379367 0.757718623 1.11380529
    0.487445086 1.1099509 0.49670583 0.951086223 1.27812886 0.875150919
    0.829332113 0.623700321 1.25118458 0.763379097 1.02984142
    0.668914735 1.4456172 0.791183531 1.11666358 1.32482874 0.680944562
    0.549204886 1.56303763 0.840364218 1.14793277 0.939325392 1.1714344
    1.25655437 0.748061955 1.49083912 1.40259576 0.547724724 1.04013288
    1.15778112 0.862196445 0.695735812 1.44226956 0.594598413
    0.869984031 0.500318944 1.02353394 0.940146506 1.15395939 1.07511735
    0.505506158 0.511358321 1.23457134 1.08619094 0.557748914 1.27743602
    1.16014922 1.35137844 0.58358568 0.973765314 1.25825548 0.590435088
    0.751417279 1.50260484 1.16524661 1.13734865 0.956129372 1.24174213
    0.891559958 1.39819229 0.806598246 1.08373368 1.49796915 1.62487257
    0.566156745 1.35158825 1.25442541 1.01150239 1.00319886 1.56974971
    1.07559454 1.42541349 1.43845856 0.833552063 0.67766428 1.16281986
    0.603259861 1.06832528 1.40942621 1.45732331 0.630539119 1.37352252
    1.20638931 0.552380204 1.33758414 1.25180876 0.513007641 1.06208789
    1.47723186 0.642072737 0.815349281 1.02680433 1.33036518 1.37891722
    1.50465822 0.454114467 1.06874204 0.727853954 1.65395331 1.63473189
    1.02158046 1.03131771 0.805442214 0.743236005 1.13050234 0.917681396
    1.45925093 1.29032028 0.658386767 0.505420744 0.737705469 1.27090037
    1.35720623 0.55546093 0.950241983 0.747536063 0.772291601
    0.950234592 0.695317209 0.787692785 1.29765737 0.999398112
    1.45325613 0.639087796 0.736537933 0.769620717 0.894515276 1.2841289
    1.35934746 0.456663668 0.973133683 1.23880458 1.00075614 1.56708193
    0.902924955 0.976946831 1.36407077 0.52111578 0.885394573 1.01181448
    1.52636492 1.13902104 1.27950215 0.575371861 1.01534843 1.22532046
    0.538033664 1.39066172 1.59306431 1.62328947 1.6555562 0.934990168
    0.756333828 1.07840466 0.934013724 1.14977062 1.15362418 0.820615649
    1.30212641 1.26109171 0.941024363 0.952319682 0.497685939 1.44231296
    0.743531466 1.08910298 0.906977773 0.420247048 0.562006831
    0.835274994 0.772100687 0.982192099 0.706353664 1.19797027
    0.596658051 0.503780067 0.50308466 0.7492311 1.42626035 1.08975291
    1.55221605 0.601479828 0.925033927 1.27854276 1.51436973 1.32083189
    1.15345991 1.28953373 1.32945085 1.16164184 1.51217651 0.731087029
    1.3163538 1.22610104 1.40492928 0.614655375 0.453079104 0.786016464
    0.377697915 0.696171403 0.480663985 1.31633949 0.54883945
    0.751503348 0.614514112 0.656669199 1.55897796 0.733536959
    1.17611432 1.12413132 1.26851666 1.09083891 1.23176944 1.12014472
    0.661708057 0.856151462 1.10164487 1.47152805 1.59545171 1.42444921
    0.582035542 1.5152874 0.820310175 1.08782589 0.881546319 0.731045425
    1.23312509 1.32889807 1.28258121 1.2503134 0.629228354 1.5814271
    0.695803523 1.15489542 0.800289452 1.40032792 0.856942356 1.44767725
    0.8280496 1.07411301 1.74316514 1.56995976 1.37848592 0.963516712
    0.519901276 0.7662521 1.40033007 0.708092868 1.33223808 0.730289578
    1.08419156 1.49360216 0.942065895 1.34124541 0.690367699 0.724467576
    1.11049891 0.633211076 0.644320428 1.04919243 0.788028061
    0.420968354 0.614671588 1.29097414 1.14456892 1.54358304 1.25562203
    0.887161911 0.622409284 0.818558097 1.06239891 0.689604163
    0.641063988 1.23564672 1.53179026 1.1636883 0.959289789 0.539595962
    0.564618886 0.615591824 0.61013788 0.651450932 0.783656478
    0.456421018 1.13247406 1.34397697 0.600705922 0.780836642 1.0793376
    1.30354643 1.18021488 0.565142274 1.49141479 1.24771082 1.48432243
    1.57312167 1.01639462 1.48331869 0.564850211 0.446181446 0.396349549
    0.455625445 0.876004279 1.44000328 1.08014929 1.22096074 1.59813762
    0.970720053 0.519135654 1.09639311 1.50379562 1.47724962 1.15124238
    1.05250299 1.33648801 0.937947094 0.502302885 1.39850223 1.64484835
    1.40807378 0.702220559 1.25344908 0.888340473 1.45078719 1.07601333
    0.76800251 0.915984571 0.82545048 1.51293898 1.61922312 1.42002416
    0.866744637 0.505522728 1.37233698 0.722929478 0.806626141
    0.537358522 0.580930293 1.49014306 0.75582242 1.26887703 1.13508606
    1.16226768 1.20254445 1.22131038 1.45138943 1.18546224 1.45254564
    1.43407667 1.15347183 0.503463387 0.459446341 0.85693264 0.914637685
    1.28432703 1.40362322 1.28974175 1.04584861 0.583391488 0.720107436
    1.18453741 1.51217532 1.24197912 0.517121673 0.651645184 0.457048386
    1.21879888 1.43459034 0.826654196 0.968519688 0.488005251
    0.836597204 1.16001546 1.5621016 1.2593646 1.48312175 1.46828592
    1.22219753 0.94199568 0.707755625 0.892575741 0.4137595 0.8689273
    1.08536792 0.949008763 0.907432616 1.14885104 1.55350506 0.621014535
    1.56038749 0.958862007 1.02056825 0.561723888 0.411105007
    0.766361773 0.607191861 1.04753566 1.12459719 1.27537251 1.42970717
    1.32965088 1.2380054 0.844816566 1.48797739 1.64455724 1.43009329
    1.18824327 0.532247126 0.524751484 1.3081243 0.865361989 1.11958158
    0.939201117 1.54404986 1.52919495 0.730049729 1.1113807 1.26451492
    0.56626004 1.22088039 1.26420522 1.33906877 0.554136634 0.721483529
    0.908060193 0.746995449 0.756202698 0.998757064 0.645926356
    0.409689367 0.907250643 0.645179093 1.34343827 0.445663333
    0.47015059 0.640681326 1.400141 1.64149845 0.972278059 1.25198424
    1.21079063 1.62960124 1.2234596 0.972720265 1.28812075 1.23418128
    0.861076474 1.4887073 1.71542561 1.72181654 1.55042434 1.10040283
    0.792558253 0.322633088 0.801113486 1.14330363 1.11111844 1.47314024
    0.650598705 0.920675933 0.826589942 0.560272753 0.924808621
    1.3835448 0.829874992 0.985265493 0.523671389 0.905506194 1.07090664
    1.40002823 1.37778556 1.03761625 0.691874266 0.587466598 1.47357047
    1.12041032 1.03740215 1.42815053 0.681757212 1.10845459 0.927882731
    1.25902367 1.49977589 0.672064066 0.481071621 0.916884243 1.47927499
    0.739454865 0.999897003 0.879676461 1.33403969 1.46656179 1.31485224
    1.03806269 1.47138083 1.65972102 1.66834927 1.58986712 0.731539488
    1.28257084 0.617373705 0.908850729 1.36786139 0.92811197 1.28420997
    0.76512301 0.963811874 1.41926956 0.723324835 1.22420621 0.967367113
    0.934309661 1.18767774 1.54236758 1.25853944 0.785995781 0.624085128
    0.677535295 0.467196226 0.660101831 1.42315745 0.837684572 1.4240545
    0.930260897 0.818732619 0.893542469 0.84596169 0.603190839
    0.592403114 0.91414088 0.931079507 1.08089328 0.852232337 1.16913235
    0.819624901 1.10991895 0.402312845 1.03042138 0.504675686
    0.617176354 1.35277069 1.23105228 0.892369092 0.892272294
    0.982690334 1.26871312 0.482756257 1.22142887 0.561924517 1.09540248
    0.756700814 1.21159911 0.714583695 1.20011604 1.37675512 1.24614179
    1.12240744 0.875636101 0.899051368 0.704917014 0.873985112
    1.64345658 1.36783707 0.514392078 1.33354688 1.50230694 1.0528276
    1.39025056 0.593545437 0.692771971 0.459988832 1.06534469
    0.785536289 0.689583778 1.60798919 0.961847842 1.34816968 1.5906049
    0.814191282 0.666017413 1.07191801 1.26649177 0.731577098
    0.908249021 0.946639597 1.28248191 0.93384105 1.11421371 1.16831625
    0.689483881 1.05946505 0.440032512 1.12368834 1.3699851 0.867733359
    1.42216265 0.751092315 1.32924807 1.12807548 0.848493874 1.58284211
    1.65775597 1.3464036 1.17161191 1.03961861 1.04159772 1.22880399
    0.905923486 0.838824272 1.37283778 1.59323144 0.816644371
    0.608409643 0.817521214 1.38680398 0.443919241 1.13319552
    0.772750556 0.90451026 1.02346468 0.481665552 0.899071574
    0.786311448 1.04375374 0.996244907 0.674376607 1.25197482
    0.568410277 0.837384462 1.58231163 1.13995647 1.48276043 1.01773608
    0.801293314 0.713737309 0.747323036 1.43028724 0.760832727
    0.928554893 0.490979046 0.912407219 0.920481861 0.654826641
    0.650163293 1.38414228 0.538174927 0.962320149 1.53053689 1.22189283
    0.694803953 0.923032165 0.472486466 1.10585976 0.747899413
    0.690869153 1.30829048 1.39793527 0.90486145 0.782662988 0.64576143
    1.3514502 1.50956166 1.25567257 0.66843617 0.664845645 1.24305117
    0.480706275 0.995835185 1.40020835 1.20236695 0.738137841
    0.855398774 1.56135225 1.21176517 0.574431717 1.25973797 0.987733543
    0.734628618 0.523143172 1.45469832 0.689949274 1.18716955 0.71276623
    1.22882831 1.04679704 0.468459845 0.772999287 1.16364789 1.45628595
    1.0184778 1.03189814 1.35752904 1.52341795 1.62807798 1.49365389
    0.866190076 0.555762589 0.870318711 1.22966754 1.63189566 1.37366438
    1.15768254 1.57847095 1.53179657 1.38573122 1.55475509 1.0229882
    0.48622492 0.963428855 0.54354912 0.460669786 0.589739978
    0.987066686 1.55266774 0.794414461 0.732260942 0.793944597 1.1340183
    0.53395766 0.555937767 0.942186892 1.05412471 1.29585958 0.704380393
    0.745849133 1.33766484 1.60866547 1.40257919 0.890435278 0.705263495
    1.589854 1.65546679 0.720324039 1.09233856 1.01986277 1.39798141
    0.701140881 1.40040493 0.773686707 1.39368975 0.73682642 0.77574122
    0.952051103 1.2994256 1.46460867 0.606444895 1.13883448 0.968098581
    1.39678371 1.35627413 1.24509168 0.933148861 1.5016638 1.0334059
    1.18517923 1.16384113 0.601774931 0.647672474 1.45657396 1.4778161
    1.58408868 0.926633835 1.36709774 1.44452357 1.08131278 0.654078841
    1.47312844 0.653526485 0.81126678 1.47140789 1.39145374 1.41126955
    1.44716263 1.41733396 1.37695479 0.69392103 0.470650315 0.819038928
    0.74903053 1.25420463 0.796703279 0.562454462 0.467169523 1.07911861
    1.41910112 1.07379138 0.840755165 0.394176871 0.520206273 1.30220711
    1.05489397 0.597343743 1.07418478 0.97523737 0.661834419 1.43441856
    0.770767093 1.22680378 0.772550285 1.44815338 1.44063735 0.782178998
    0.823569596 0.954680383 1.29334044 1.21306086 1.56480992 0.790829003
    1.19170976 1.35456848 1.24019229 1.69285691 1.62522793 1.04701412
    0.786339104 0.863151312 0.839758396 1.50416207 0.588603914 1.144454
    0.749335706 1.39881957 0.929522395 0.684057117 1.32786107 0.50200665
    0.722640753 1.03440535 1.4338119 0.770025074 1.21897316 1.42663944
    1.11616278 1.3347348 0.441736132 0.409090042 1.21177864 0.599367738
    0.903113127 1.11318445 1.15582407 0.902468801 0.905661464
    0.513310671 0.550510466 1.28686857 1.06313491 0.67781955 1.26322019
    0.812865973 1.23683918 1.5065372 1.00000179 0.71822834 1.31671774
    0.909776449 1.16854727 1.65276825 0.842033923 0.739681304
    0.650624752 1.51483428 1.41430473 0.750842512 0.892561316
    0.871321797 1.02548766 0.853630126 1.04459035 0.429823369 0.4228926
    0.65867573 0.449554294 0.756556273 1.10949457 0.616022766
    0.639346004 1.06412232 0.49947992 0.9688223 1.15146875 0.590741217
    0.801573575 0.371853143 0.913278282 0.974716604 0.834083021
    0.787989676 1.07279372 0.507639587 1.22640109 1.16729295 0.992101431
    0.934666336 0.743349135 0.855416 1.44590342 1.06155765 0.963253856
    1.24888051 0.65130198 1.27066028 0.963934064 1.04006553 0.513109267
    0.435256332 1.36807156 0.387287825 0.46243453 0.537664115 1.51669097
    1.59046113 0.728331268 1.3486135 1.27775991 1.36338389 1.51341283
    1.53290379 1.11430061 0.503415883 1.37259841 1.46825385 0.700793028
    0.635680258 0.683827102 1.11943746 1.0646534 1.17171741 1.16004646
    1.00616503 0.872422576 0.47117269 0.90094924 0.365511149 0.533118725
    1.12628937 1.21277058 1.36625588 1.47363234 0.960623324 1.46627772
    1.21209848 0.587828577 1.38752937 0.877728283 1.31098497 0.833251178
    0.894002974 1.05227005 1.38888144 1.24794567 1.57192385 1.08793795
    0.488754153 0.995911419 1.46717489 1.08901536 0.844876647 1.46206248
    1.36013913 0.7050547 0.511232674 0.692339778 0.853948236 0.448192298
    0.608628452 0.338054329 0.616505682 1.11512768 0.995300353
    1.51115119 0.641313732 0.644594729 0.548701823 0.49949187
    0.734605432 0.834265769 1.20630121 1.40169191 1.15006936 0.764237761
    1.46003187 1.59380841 1.27302563 0.77730906 1.10504675 1.06315899
    1.43798006 1.55731988 0.775942087 0.966982722 1.07085776 0.916963041
    1.55029821 1.55236685 1.42207778 1.30623591 1.32272816 1.35148895
    1.60783458 0.912411153 1.51619208 0.771223128 0.999157786 1.36274624
    1.64979267 1.16642237 0.791744351 1.26680481 0.866425276 1.52835715
    0.540948033 0.823893845 0.799385726 1.01933229 1.460639 1.24526668
    0.808135867 1.33933437 0.631572664 1.35514712 1.17120743 0.563624859
    1.1017164 1.31023395 0.880443931 1.41800189 0.814801037 1.28168237
    1.39129317 1.30891836 0.837843955 0.908298433 1.22743464 1.35595417
    0.957549393 0.970118284 1.33853805 0.587544501 1.04498577 1.13999403
    1.40965116 0.721759021 0.717836082 0.877951145 0.623411238
    0.961985886 1.3191067 1.19348538 0.611800253 0.991507828 1.22342813
    0.880450904 0.705478013 1.22257316 0.835206389 1.36748552
    0.780356586 0.470614493 0.665502012 1.59676802 1.09373784 1.20503199
    1.26964593 0.768781662 0.673631191 1.66878045 1.33425319 0.990909576
    0.833491325 0.656154752 1.05783665 0.540696025 0.682359576
    0.566417396 0.981898487 1.04064035 1.45716333 1.12543404 1.1618979
    0.624066472 1.15819156 0.62094909 1.57805359 1.53738463 1.56962717
    0.704245448 1.14718342 1.60166705 0.909826577 0.819955409 1.00178862
    0.766363561 0.853072584 1.31263554 1.56280279 1.13654327 1.47555292
    0.948656142 1.06760597 1.08135879 0.822774529 1.11298943 0.457116544
    1.03325593 0.471910954 0.558332622 1.39780879 1.14927757 0.96535939
    0.805630744 0.77993381 1.57603812 0.708433449 1.3592962 0.555652916
    0.768609047 0.940426469 1.2455616 0.967989802 1.00266814 0.402059883
    0.532504082 0.730700493 1.16918826 1.10947192 0.648409188
    0.874215305 1.41699684 0.715719342 0.866282523 0.557856739
    0.732089102 0.56315273 0.586873591 1.01465738 0.615835011
    0.537440419 1.04012311 1.03562737 1.30492103 0.999295235 1.34790564
    1.00308216 0.72034055 1.0716747 1.12004423 1.43349588 1.61651063
    0.83960706 1.43534768 1.16527534 0.692216277 1.2787621 0.806205034
    0.513002217 1.26625645 1.03308403 1.42615664 1.28711677 1.08174801
    0.436650574 0.854776323 0.609208524 0.839423358 0.858893991
    1.59850585 0.995505154 1.41239047 1.44868004 1.1654259 0.753830433
    1.47024882 0.878682077 0.506508708 0.718620658 0.82912451 1.16016197
    1.18251503 1.05062413 0.919494629 0.665106416 0.59006393 1.14417899
    1.54377556 1.2643106 1.22077715 0.789879858 1.03712106 0.570931435
    0.608305156 1.48156536 1.52188528 0.907986403 1.02228355 0.713348508
    1.2395761 0.795591891 0.715290368 1.35331559 1.15311503 1.13354421
    1.36519587 1.3602581 0.788894832 1.46994078 1.61132336 1.62194109
    1.4832288 0.690807939 0.707783282 0.889909744 1.31511629 0.657402813
    0.685454309 1.53101289 1.22239041 0.902698994 0.906506121 1.30880439
    0.835713089 1.2732445 0.770252049 0.606315851 1.23102915 0.546108246
    0.921261966 0.59765774 1.15462947 1.30862606 1.38437879 0.658048451
    0.502088189 0.87844342 0.895676076 1.05157781 0.505971014 1.09375334
    0.526582778 0.946787357 0.744502664 1.38023865 0.886439681
    0.55014956 1.14475906 0.600318134 0.643716156 0.470962167 1.02677333
    1.21243656 1.12986791 0.806602418 0.995640039 1.60369253 1.60185981
    0.946734071 1.5970453 1.58631253 0.555917025 0.583469093 1.48429227
    1.37272668 1.23505616 1.31129563 1.38155079 0.840212941 1.1246835
    1.25648308 0.788395464 1.30072093 1.5625869 0.694100499 1.44414473
    0.498888761 1.14339447 1.61777592 1.38821173 0.966140628 1.47230971
    0.77997911 0.52476722 0.827254057 0.881660879 1.58790028 1.08472025
    0.727377295 0.771586061 0.887173355 0.921366215 1.54686868
    1.61739016 0.628805876 1.32544005 1.58405745 1.20547235 0.874148369
    1.11183977 0.860814869 0.678049445 1.28072095 0.50474453 1.39559233
    1.05213296 1.62939906 0.827741325 1.26645613 0.767802835 1.29499912
    1.26309299 1.37436509 1.52150786 0.833655536 0.760984659 1.39981771
    1.12830377 1.4336952 1.67170978 1.06595898 1.29388392 0.644163728
    0.73442924 1.55519497 0.998952925 0.832177401 1.53974164 0.92343545
    1.24057388 1.40987468 1.26632082 0.686807394 0.55434525 1.20591867
    1.27426076 0.869143903 1.41641545 0.505181968 0.565015852
    0.438540936 1.33491468 0.830911338 1.4818517 1.24001336 1.26158953
    1.44293666 0.798898578 0.940613687 0.84327662 1.07477808 1.29993725
    1.12979198 1.57051158 0.906889021 1.59579825 0.98762244 0.858943701
    0.603036225 1.04507899 1.01478946 0.600092888 0.765811205 1.08971167
    0.905690789 0.510694385 0.934576452 1.62156308 1.70062387 1.53368258
    1.42335331 0.933156252 0.817131281 0.668058336 0.68356961
    0.770579278 0.830037534 0.819297194 0.724084198 1.01258254
    0.764144361 0.452804506 0.70679599 1.35722876 1.10201931 0.980260313
    0.985826969 1.25692272 1.01897717 0.534996748 0.516010761
    0.567251623 1.39899969 1.12977338 0.806885421 1.41080987 1.07256377
    1.16354692 0.921406031 1.09064317 1.14428961 1.10058451 0.839777231
    1.49699998 1.52248228 1.41734695 0.857918262 1.41985142 1.03349185
    1.07881021 1.22589004 0.876410127 0.703313708 1.37716424 0.801099658
    1.43663216 1.38679266 0.609180987 1.05332029 0.543504119 1.15002012
    1.23964274 1.26269031 1.42806792 1.30970418 1.47334158 1.04787588
    1.33873916 1.00174224 1.01396096 0.591258585 0.735904098 1.0930959
    1.15712988 0.743689716 0.579688847 1.43504679 1.62073588 1.10532606
    1.38892031 0.657995164 1.42847753 0.687110126 0.70816505 1.57190621
    1.63701892 1.38517106 1.36715186 0.430291682 0.829589546 0.728933275
    0.804015636 1.51072216 0.630024791 1.27266431 1.02165818 0.520363688
    1.0280875 1.26431501 1.22600603 0.569587946 0.920956731 1.12731683
    0.762828052 1.10195804 1.26287746 0.779746413 0.78118372 1.06212175
    0.693856299 0.919572175 1.64474714 1.51218104 0.609739959 1.48461413
    0.951337874 1.58816433 1.28908372 0.880131066 1.15569305 0.920082569
    0.695095122 1.39771116 0.744578898 0.492480636 0.933754444 1.4965297
    1.38932991 1.46692324 0.728837073 0.900958359 0.976708055
    0.498792678 1.01334858 0.795080185 0.559765816 0.915291369
    0.662586987 1.30896676 1.00056505 0.816051006 0.562081158
    0.616872549 1.06230402 0.462646067 0.861559868 0.527481019
    0.467712671 1.44171536 1.48573244 1.63684154 1.2903986 1.29199851
    0.633681536 0.928570092 0.605546892 0.985210359 0.96048218
    0.721575618 1.36875522 0.946402371 1.52824986 0.755377114 1.48314142
    1.36341238 0.936136186 0.924306512 1.16626489 1.57130957 1.69766593
    1.18345606 0.528829515 0.82731384 1.28529537 1.10240865 0.893182516
    0.638123453 0.751415908 0.574242115 1.25752342 1.43207884 1.58950114
    1.65686083 1.65474236 1.60477972 0.615730822 1.03570366 1.23096478
    1.38344574 0.904383242 1.47074199 1.5969491 1.38627481 1.11098468
    1.34489322 1.17893553 1.05905879 0.625769377 0.805137694 1.08174157
    1.09285462 1.06199992 1.51863718 1.50919497 1.44676423 0.745754719
    0.795950353 0.860337198 1.58142281 1.63484883 1.48980975 0.779375017
    1.52142119 1.27806914 0.879830062 1.61225939 1.19536424 1.49274004
    1.39577746 1.13064301 1.44766128 0.95512569 1.3922081 1.20906436
    1.50814295 0.855872393 1.13509834 1.14285409 0.440230668 0.579902709
    1.33569872 0.932371438 1.32496679 0.989215195 1.15262914 0.535812974
    0.808683395 0.483676374 1.01734805 0.721424103 0.600193799
    1.28408194 0.818871975 1.49980319 1.33034217 0.760520995 1.02989423
    1.48430455 1.206424 1.64693332 1.69540715 1.17195463 0.605200171
    0.512549222 1.20263195 1.58545625 1.44163275 0.538117766 1.24746072
    0.874575078 1.38731885 1.20918179 0.874494493 1.33021224 1.44627082
    1.5524441 0.995515227 1.25405407 1.05660892 1.0472151 1.18764472
    1.33944464 0.564289808 0.623773277 0.811822057 0.398985445
    0.49921906 0.474003762 0.577998638 0.711032212 1.07796872 1.07552838
    1.01101756 1.26401901 0.788877547 0.486799359 0.690719783 1.01941204
    1.04048431 1.40673709 1.24412107 1.38265622 1.46188831 1.25191188
    0.555703878 1.21247995 0.651217997 0.577231288 1.35964477 1.21974933
    1.2119689 1.62355578 1.15777838 0.619684398 1.46276569 0.739597917
    1.1544255 1.21308601 1.45806241 1.00660455 0.586149573 1.5710609
    0.862144947 1.00406563 0.793933392 0.406475872 0.454635471
    1.13965273 0.938054502 1.5755657 1.35486054 0.76475656 0.843512118
    1.2406621 1.39238381 0.678622842 1.23088813 0.801090598 1.55513084
    0.638555467 0.494747162 0.765467167 1.09600532 1.42712986 1.41090477
    1.19194484 1.43861091 0.861770272 0.91347903 1.11494851 1.62511301
    0.977578223 0.842571616 0.685881376 0.826810062 1.41084468
    0.665455341 1.57423282 1.28471661 0.812986135 1.51317883 0.652826667
    0.709262311 1.19992614 1.25392044 0.547382951 1.23762608 0.462241977
    1.44135845 0.573984921 1.07056618 1.21191275 0.67130357 0.729385495
    1.49753392 0.802495778 1.69342256 1.30540335 1.01695704 0.899050355
    1.46140707 1.05130255 1.29551029 1.32049334 1.12962496 0.857362747
    1.05158246 1.62663555 1.2398994 0.889027774 0.853122771 1.39891005
    1.17168808 1.70315623 1.06115663 0.963165045 1.29694629 0.852858007
    1.15100944 0.990840375 1.29472697 1.44249356 1.02241898 0.955618143
    0.998597622 1.14918065 1.5335871 1.38381553 0.5592345 0.720518231
    1.05491316 1.03035104 0.671857774 1.11086655 0.930830419 1.14357126
    1.65997136 1.30888546 0.752783656 1.4251678 1.23530293 1.56134665
    1.02355146 0.588142097 0.706911683 0.544889331 1.09088194
    0.554135323 1.20824933 1.23242021 0.77819109 1.41683102 0.533070147
    0.713059843 1.46273565 1.22382379 1.3266865 0.706445098 0.642605841
    0.83751452 0.940041184 1.46254289 0.991163194 1.31642997 1.53700793
    0.7122159 0.767769694 0.740908086 0.64906776 1.62390709 1.39019132
    0.710198343 0.474944651 0.723794043 1.09513712 0.845192075
    0.535154879 1.30546296 0.589817584 0.513500512 0.810386956
    1.60078239 1.25071859 1.54634643 0.987024665 1.4405483 1.46028304
    1.42319143 0.599709153 0.861901402 0.732914388 1.03990388 0.80182302
    1.08338583 1.53171384 1.26852298 1.30022991 0.6688115 1.38890684
    0.929316163 0.911870539 1.28639472 0.66269511 1.55750954 0.941791594
    0.903746784 1.02798295 0.857327998 0.781948984 1.29044783 1.15539598
    1.29773331 0.779008865 1.28898919 1.29862046 0.715807199 0.636696637
    0.700422943 1.51250422 1.44859958 1.16148114 0.915830255 1.34774625
    0.80852741 0.591652334 0.526367247 1.49409711 1.24580967 1.23103809
    0.61187762 1.04109919 0.635534286 0.759287715 0.597389758 0.93217814
    1.35903704 1.33943236 1.35196459 0.891747475 0.614427686 1.54813695
    0.868920326 0.611725032 0.798223555 0.543423176 0.56323868
    0.647291899 0.475567371 1.29403639 1.02979302 1.09629309 0.981699646
    1.1244936 0.767821431 1.6491034 1.5864346 0.806895018 1.19239831
    0.937401235 0.645969272 0.540575862 0.502046883 0.614118814
    0.805866003 1.40357149 0.471342981 0.565883994 0.792159557
    1.11079824 1.26078653 0.929593682 0.6176126 0.402846098 1.0686332
    1.20920789 0.999397159 1.3925544 0.97529453 0.855211914 0.888691306
    1.39022398 1.36052799 1.50330806 1.62461352 1.13333392 1.21949255
    1.45151305 1.08087564 0.846926272 1.50681889 1.00046992 0.482498407
    0.71932435 1.37494075 1.06961215 0.473536104 0.72662586 0.957309663
    1.6354022 0.861298084 1.03672779 0.618802607 0.79975903 0.504900932
    1.22398043 1.59456289 1.3361553 1.03956091 0.499034047 0.562797129
    0.519688368 0.696637034 1.17798841 0.882814288 0.911266506
    1.52401006 1.10741341 0.459120929 1.3736378 0.490812033 0.777962863
    1.30024219 1.27318096 1.33007336 0.733204246 1.39226806 1.4985956
    0.822031319 1.00707042 1.09596777 1.53674912 1.42567098 1.40143776
    0.870483398 1.66129398 1.5186888 0.924382329 0.584140837 0.47257939
    0.685153246 0.546160698 0.478120238 0.928071737 0.75322181
    0.743685842 0.549207628 0.546404719 0.821715355 1.26771152
    1.40674293 0.977373719 1.61913431 1.65548372 1.44052625 1.42163897
    1.67226768 1.55709589 1.64611721 0.657061934 1.49406469 1.18590033
    0.654397905 1.29290724 1.28410959 1.32733703 1.39753032 0.798008978
    1.1378653 1.6241765 1.23276949 1.31306863 1.49364519 0.791032493
    1.34988487 0.531129837 0.940447807 0.723481894 0.895117521
    1.45181262 1.01488602 1.37215781 1.43517339 0.719104409 0.906749129
    1.07909 0.958209336 1.45400882 0.915222824 1.43732607 0.873164773
    1.19161808 1.58197808 0.851045549 0.997537374 0.675564766 1.02006972
    1.30127072 0.742321372 0.808016777 0.978972077 0.573407054 1.0514915
    0.618964493 1.35986209 0.702296317 1.56119275 1.26934767 1.13662231
    0.534100592 0.714106858 1.32484043 1.11916149 1.2089678 1.10915172
    1.0722034 1.34269047 1.25218606 0.822739244 1.03957796 1.00475717
    1.55349576 0.783299804 0.920377791 1.37992644 0.526551902
    0.713778615 1.21181488 0.734890342 0.466287345 0.643271387
    0.684968591 0.670164645 0.891083598 1.12324846 0.98297441 1.00733292
    1.02017248 0.70095998 1.65319538 0.822250545 1.19423032 1.20063257
    0.70733422 1.05941522 0.600683212 0.392000645 1.01432371 0.612942457
    0.998903751 0.739832401 1.56321681 0.798358083 1.3051914 1.15582764
    1.40168214 1.31654489 0.737063527 1.49085987 0.900810599 0.864260375
    1.54709947 1.34746206 1.45245993 0.94557488 0.550865531 0.783768952
    1.11158276 0.865040004 1.15598762 0.921396732 0.566960692 1.29705274
    0.382595301 0.530296862 0.517497003 0.971882701 1.43276167
    0.779345751 1.43479347 1.27479029 1.29773378 1.53201234 1.23932683
    1.55606782 0.93097347 1.05617619 1.31941593 0.666012466 1.31984615
    1.11652076 1.38007307 1.00286973 0.881041586 1.36022341 0.925860703
    1.25884271 0.809401274 1.12220049 1.06607115 1.18401003 0.511764526
    0.727551222 1.21966517 0.840212762 0.572461247 1.45421576
    0.898607373 0.765494823 0.670867741 0.540155649 1.45823014
    1.31738877 1.54099488 0.865234613 1.52506793 1.50601864 0.746137619
    0.69060415 0.938494682 1.05809736 0.553099513 1.14324558 1.13602662
    1.48228574 0.572813869 0.610089064 1.17933857 0.924129605 1.11598229
    0.797983944 1.11519444 1.62777758 1.1759125 0.615760982 1.14490283
    0.830862284 0.73311764 0.734761953 0.986302137 1.44271827
    0.922771215 1.3827461 0.708648026 0.475925028 1.03290129 1.41808319
    1.38273311 0.507730603 0.973183274 1.31439888 0.612265766
    0.547957122 1.37535191 1.49261546 1.59125197 1.24376547 1.07794273
    0.736142993 0.357628554 0.648994923 1.4428314 1.16859758 1.29339969
    0.449541479 0.49219045 1.36193788 0.533719957 1.4719367 0.55650574
    0.955159128 1.54792452 0.747590661 1.10022306 0.742488384
    0.517898858 0.72309345 0.577470362 1.11561286 1.05593204 0.642837107
    1.09179556 1.45120168 1.44356823 0.895372212 1.19565547 0.572579205
    0.65392977 0.678789616 1.23373795 1.19253349 1.37425101 0.840028167
    0.359079629 0.317056596 0.564383924 1.1866169 1.45347071 1.03387141
    1.18634832 0.918942928 0.606502652 1.13190901 1.05631447 0.783529162
    0.996142149 1.38850844 1.34333825 0.873679101 1.02571428 0.971752346
    0.871509075 1.5762676 1.56264412 1.43633628 1.47780883 1.23579562
    1.06660759 1.4947412 0.804460406 1.58359718 1.35376894 0.591371834
    0.492520154 1.50802398 1.36105919 1.03315735 1.0325042 0.653501809
    0.733182251 0.983993053 1.52447748 0.973528385 1.2962569 1.06706071
    0.555521607 0.77046299 1.59979415 0.762339175 0.927226424
    0.742579162 0.542741656 1.6064409 1.46390617 1.67108142 1.3496201
    0.730020046 0.532703817 1.14295459 0.799410284 1.36845255
    0.708965957 1.18239629 0.924249768 1.67300451 1.71607506 1.42994475
    0.768247545 1.4701153 1.10330176 0.823432386 0.762581527 0.8618626
    0.856250942 1.53597891 0.638822973 1.49167335 1.39629674 0.752163231
    0.612540603 0.872354507 0.873414695 1.35227859 1.19702578 1.04436803
    0.687380731 1.25320184 1.19890976 0.883577287 0.517694712
    0.643535376 1.13345504 0.857341588 1.13473201 1.52005267 0.944330573
    1.39642477 0.599000752 1.32092535 0.47388047 0.593169928 0.607209206
    0.470073998 0.649648964 1.62615848 1.64033258 1.58122087 1.72214067
    1.29072225 1.14781988 0.71737206 0.784927249 0.968232214 0.579517126
    1.10551751 0.95978725 1.49502552 1.29542446 1.26057649 1.23929965
    0.813379467 0.896394551 0.960232258 1.51894081 1.03070414
    0.731883466 0.777910531 0.725381196 1.31623554 1.29164314 1.24909282
    1.24594736 0.756101072 1.5333848 0.975193083 0.784086168 0.678403497
    1.05779004 0.66954726 1.17019415 0.457392097 0.702669859 0.842450857
    0.673759699 0.759184122 1.37652445 1.32420969 1.23080969 0.930627763
    0.887739241 1.51156795 1.58199382 1.49081862 1.49924862 0.663060129
    1.20941114 1.60590756 0.76010865 1.42194557 1.38648844 1.56377006
    1.47089994 0.645899296 1.49739432 0.568633497 0.425429374
    0.931366861 1.3067348 0.972039104 1.30206275 0.492983907 0.542923212
    0.688060522 1.11897445 0.544713974 0.984241843 1.36930919 1.61554909
    1.17185187 1.47789764 0.929456651 1.37156188 1.08976078 1.24140668
    1.00891602 0.991130471 1.05326402 0.585345626 0.562605619 1.06410408
    1.03634953 0.900412202 1.20389247 1.35864282 1.39076769 1.36494231
    1.47936821 0.663997173 1.55980432 1.29833078 1.43667424 1.37638223
    1.07042086 1.07201099 0.61463505 0.570313811 0.795108438 1.26738739
    1.00734556 0.632350743 1.02705228 0.64840579 1.27439511 1.39806771
    0.615909696 1.25245225 0.964834511 1.20520544 0.644242227 1.42593861
    0.753095269 1.70623934 1.5933187 0.536670804 0.471717238 0.462679833
    0.688241482 0.9806934 0.458978772 0.469352424 0.633531988
    0.855601132 0.977965176 1.37486362 1.27547038 1.59285057 1.07213879
    0.768783629 1.3219254 0.710205019 1.3224498 0.742287278 1.17735028
    1.24771917 0.83989507 1.35888648 1.4196136 1.38808525 1.42323422
    1.5323838 1.43385601 0.611874521 0.479939133 1.38278782 1.41562271
    1.46155298 1.19590759 1.33842421 0.817032099 0.389832973 0.326690882
    0.41835779 0.636986732 0.80115205 1.33532786 1.33599544 0.988066018
    1.21812558 0.749206662 0.720256269 0.646518528 0.508500397
    0.767352998 0.642163813 0.702227175 0.39711532 0.841810048
    0.883477092 1.374259 1.11668825 0.961664915 0.642451048 0.938959718
    0.878536522 1.51324964 0.927024603 0.557758987 0.691549242
    1.02579677 0.847325981 0.981465578 1.62969601 1.62739682 0.81157583
    0.974621534 0.88145858 1.10656786 0.908859432 0.894407034 1.00437927
    0.840799928 0.934078515 1.11806345 1.00631118 1.1580441 1.01370704
    1.12517488 1.09337866 1.43058908 1.47462404 1.29074132 0.879701316
    1.1901201 1.2982626 0.882898033 1.47893512 1.00127065 1.2817049
    1.29431486 1.58368981 1.51514745 1.68099689 1.53887379 0.766638398
    1.0141356 0.725340724 0.627454758 0.801075697 1.51772332 1.60216975
    0.790707529 0.616400123 1.54060531 1.02740109 0.676977754 0.81715703
    0.958446443 1.43774593 1.28617787 1.39060092 1.09429443 0.609709561
    1.48055696 0.83278662 0.721013367 1.37820709 1.52587652 1.15337384
    1.28340757 1.35625637 0.640266895 0.791618407 0.79393059 0.645494938
    0.921768546 0.945001483 0.894418895 1.13721001 1.1559751 1.42963827
    1.21538413 1.10036254 1.353122 1.46427786 1.50978112 0.80248487
    0.381136686 1.25110972 0.482341677 1.16853619 0.691477597 1.46493709
    1.19464839 0.550227702 0.641756713 0.564589143 1.30998099 0.97185123
    1.37596834 0.932333827 1.34081495 1.59998775 0.938138425 0.789630651
    0.951636434 0.657603562 0.82527262 0.578615844 1.45751393 1.56621408
    1.3749733 1.2680552 1.08103335 0.811944962 0.851031482 1.24027324
    0.471643835 1.21382117 0.59780395 1.20219076 1.26655209 1.0666945
    1.26502478 0.878520131 1.56327033 1.39384842 1.56577408 1.45066941
    1.02752554 0.981021464 1.49523413 0.584899068 1.28029084 1.69887698
    1.2638694 1.2046783 1.1178968 0.703025222 1.53070271 1.58723032
    1.34049833 0.396262288 0.539790094 1.38299382 0.457259566
    0.740041256 1.48881495 0.817711055 0.879525721 1.15173554
    0.793905616 1.30505502 0.714295745 0.647635758 1.1398958 1.42902291
    1.18974614 0.729964674 0.983213186 1.52448225 1.25563192 0.899704874
    1.27883744 1.27007592 1.43567729 1.09766388 0.894822657 1.19923902
    0.826229811 1.04952204 1.1539135 0.7210899 1.54210162 1.44500279
    0.985867143 1.44797003 1.41984534 1.19419122 0.616872609 1.12542915
    1.18737185 0.832460463 0.377396017 0.469193161 0.382364273
    0.442326277 1.11697888 1.18598843 1.35150957 0.868315101 0.457876533
    1.46827376 1.56504822 1.10000277 1.47479224 0.833037555 1.52645886
    0.952646375 1.66232836 1.16305876 1.21757078 1.23924267 1.45855045
    0.679773867 1.03828251 0.944630563 0.538805664 1.45755756
    0.687711716 1.28487027 0.617112756 1.26752603 1.08637226 1.52374899
    1.07167614 1.60865092 1.29317153 1.04589903 1.57378316 1.37481582
    0.625344574 0.980086684 0.897146225 0.878995061 0.52868253
    1.05140471 1.3183465 0.510325849 1.06595981 1.28055441 0.651538134
    1.54578555 0.649393618 1.59260607 0.705484569 0.50808531 1.02920854
    1.09149718 0.86041826 0.771989286 1.17810154 0.707272887 0.819871008
    0.556467056 0.753245533 0.402460337 0.737741828 0.900226712
    0.657747149 0.368950218 0.604703128 0.649481833 0.88085711
    0.836877048 1.5878911 1.57837856 1.05569029 0.584828377 0.796793759
    1.49431646 0.702665329 1.25249588 0.910916448 1.43828762 1.42312253
    0.490787089 0.58780998 0.674110234 1.63773048 1.46067774 1.52266908
    0.587313652 0.833539367 0.720208347 0.498744041 0.981269598
    0.973529994 0.378139079 0.742014587 0.957471669 1.03136516
    0.956102371 0.986958146 1.46330106 1.52937174 1.52461135 0.801599264
    1.50445819 0.582579076 1.29046977 1.45666146 0.756239712 1.47668624
    0.726821542 1.43021429 0.600300908 0.900000572 1.47533631 1.6054759
    0.90137738 0.747510791 0.354946315 0.764084458 0.83963728 1.392156
    1.11452961 0.526951849 1.44773471 0.81041652 1.38670397 0.524067104
    1.22717178 1.51774895 0.801041365 0.624248266 1.44387507 1.02034271
    1.59435546 1.09842122 0.563838482 0.857840538 0.615749419
    0.742601871 1.41413558 1.34808171 1.33332396 1.05773914 0.733135283
    0.64871341 1.3518517 1.00649309 1.08494163 0.602466702 1.37640452
    0.916148305 1.10639012 1.00432324 0.439988911 0.510600686
    0.836723983 0.775716543 0.827966154 0.348798335 0.721202075
    1.1764257 1.00190842 1.13840318 1.32094526 0.865361989 1.19061685
    1.08400452 1.22666359 0.973243296 0.66238749 0.641775787 1.48149908
    1.15553248 1.55288064 0.97763592 1.51745903 0.730367541 1.30061853
    1.30917156 1.44922149 1.47232187 1.18046594 0.990884781 1.17664802
    0.712075353 1.032673 1.2019006 0.911462009 1.1357131 0.961012959
    0.759617209 0.690549731 0.683434963 1.08461213 1.32886541
    0.698913097 0.77731204 1.2372086 1.13211942 1.3856324 1.38295901
    0.750004292 0.58624965 1.52106977 0.926082611 1.49160564 1.44794202
    0.683000326 0.930710733 1.23865771 0.872043848 0.738276064
    0.570426166 0.854631126 0.783559203 0.473035038 0.524408638
    0.997087121 1.06124759 0.948139071 1.14177978 1.26434076 0.800828576
    1.36494064 1.28450263 0.51609838 0.994334161 1.1932652 0.639095783
    0.685526252 1.45735359 1.29398286 1.22104621 1.49851239 1.3030262
    1.16386509 1.31549048 0.894771874 1.3926698 0.671467841 0.675086737
    1.30316591 1.05651569 0.559886217 1.0885402 0.782748222 0.808822095
    0.799382091 1.38563073 1.04888666 0.847185493 0.844495535
    0.718807518 0.591501534 0.584143758 0.490432411 0.746316671
    0.836937964 0.722036898 0.956856787 0.954191089 0.905603051
    0.558396697 0.814295769 1.16567397 0.788932562 0.842952311
    1.23316038 0.976545155 1.37085974 0.828201115 1.30543101 1.43188703
    1.20919371 1.11653602 0.630766869 0.853321314 0.996031463
    0.793141544 1.00120306 0.827879429 1.03000247 0.677074134 1.13366222
    1.54558694 1.56357086 0.874751627 1.15098619 0.771228909 0.717098594
    0.750534832 0.864405215 1.55752802 1.25580966 0.835081279
    0.415696889 0.535524845 0.625642061 1.02704489 0.870328009
    0.964659929 1.52679598 0.721332788 0.818504333 1.20880699 1.57293212
    0.89436698 0.645080268 0.675554931 0.687286317 0.606677532
    1.36716449 0.53970331 1.46993828 1.02669084 1.01060104 1.01601958
    1.12514794 0.671311557 1.0201602 0.78205502 0.766273201 1.26078618
    1.14756668 1.02577066 1.08526194 1.07028008 0.828681052 0.460423231
    0.513780236 0.731703937 1.37217057 1.28396571 0.730298519 1.5356493
    0.967551351 0.831245065 0.819784999 1.13608122 1.55874419 1.60387325
    1.18886304 1.21049166 1.0110271 0.392088622 0.550592422 1.05708528
    0.438206524 0.709656119 0.422860444 0.49437362 1.10265625 1.26097667
    1.02516401 1.38334239 1.59756327 1.70947027 0.625910819 1.21948659
    1.17253351 0.564454556 1.36020446 0.802885532 0.912736595 1.50538731
    0.968085408 1.40030408 0.537512362 1.10400951 1.3796618 1.61487782
    0.857981205 1.01383817 0.568055511 0.372998983 0.535606027
    1.00703549 1.12162781 0.489478588 0.777105868 1.00329709 0.792966664
    1.41249645 1.2380507 0.999613583 1.12844932 0.8051458 1.68373072
    1.64878356 1.71139002 1.49504209 0.816765904 0.422067165 0.755728245
    1.16677034 1.52252507 1.11925018 1.12323105 1.3453635 0.803768158
    1.19480419 1.30930078 0.7317487 0.540891588 1.43204212 0.903242946
    1.52453065 0.610537887 0.510125339 0.867082477 0.697371781
    0.551330507 0.679101706 1.33953631 0.440503508 0.463818252
    0.520171762 1.55779123 1.21237981 0.708896041 0.828681111 1.28612423
    0.771961689 1.5561794 0.965619683 1.5149889 1.11308241 1.19350123
    1.36320627 1.00178719 1.33448911 1.01624942 0.9211604 1.29496431
    1.47742462 1.12707043 1.24201119 0.673555076 1.22985041 0.799617469
    1.57010019 1.33270967 1.21844375 1.27808654 0.706646085 1.01871848
    1.5152626 1.19738936 1.19227087 0.989415526 0.60756284 0.780911863
    1.09195447 0.727274597 0.79135859 0.633934259 1.50617182 1.52186036
    1.0357641 1.16158772 1.32624972 1.67301261 1.48114669 1.38007534
    0.692726254 1.13651609 1.57276082 0.92584759 1.01505303 1.12195766
    1.27186835 1.22022748 1.56277764 0.993003488 1.45288587 1.12168419
    0.601953566 0.928067327 1.21101749 1.15543079 1.0027144 1.49865329
    0.906388462 1.42330313 1.44872904 0.571950853 1.33876061 1.35754359
    0.578320384 1.37505794 1.48534417 0.938210964 1.07494843 0.726094365
    0.591177583 0.657506764 0.866688192 1.14161754 1.41091156
    0.785162747 1.42094171 0.482416719 1.01846194 0.750471532
    0.933933973 1.16953897 0.437951773 0.672341287 1.02118123 1.18859005
    1.42285693 1.42807233 0.984122097 1.23606241 1.16509891 1.16849649
    0.468061268 0.617321372 0.497819304 1.23000836 1.21686375 1.04434133
    1.07779324 1.29821241 1.29779196 1.10745811 1.50443864 1.51226234
    1.0900408 1.62651074 1.11706924 0.752732038 0.909222603 0.875771105
    1.09647143 1.23144138 1.21865046 1.50917339 0.533003151 1.12207556
    1.38663149 1.35051835 1.2458241 1.11279047 1.43342662 1.3746587
    0.620617628 1.38891816 0.936419368 1.29170716 0.557986915
    0.910322189 0.696252108 1.22507453 1.4625535 0.631038249 1.14402986
    1.19620371 1.48397207 1.46852279 1.52610052 0.576552749 0.967289686
    1.23331714 0.632020295 0.498401135 0.572952569 0.986701369
    1.28411734 1.08279765 0.808801055 1.53836644 0.90639931 1.33874941
    0.568932533 0.323010206 0.414184541 0.739811122 1.19227493
    0.843141437 1.4297415 0.746659458 0.593187332 0.545691669 1.38706851
    1.55523348 1.42819631 1.07321811 1.36146224 1.38588738 0.802305222
    1.03944921 0.402117103 0.371657968 1.26810145 0.642432272 1.27697086
    1.05093324 0.921160519 0.411903977 0.520909965 0.845004737
    0.70893544 1.19740164 0.753790855 0.577853799 1.2774235 0.92208159
    1.06671369 1.56253028 1.11082423 1.3138603 1.60703993 1.09759712
    0.548801661 0.53685075 0.530244112 0.445411444 1.0991106 0.87243396
    0.54762584 0.667060554 0.989514053 0.841564596 1.21033871 1.35270226
    1.50863945 0.824058771 0.856182277 1.07363486 0.519681513 1.44808173
    1.09870732 0.895535409 0.522247016 0.484319299 1.16799343 1.28783894
    1.0386641 1.60749459 0.816543043 1.31323934 1.15863109 1.69758737
    1.25897241 1.20830917 1.30058086 1.56481576 0.55427891 1.26883328
    1.46499372 0.754997909 0.945126653 1.14558983 0.605478227
    0.828827262 0.496539503 1.20385921 0.755717039 0.529308856
    1.12592483 0.705812454 1.19056404 1.10765147 0.863109171 1.23521864
    0.768741608 0.430668086 1.06866372 1.16037309 1.05097091 0.773813486
    0.512205482 1.5002116 0.813068569 1.15510547 0.686992109 0.835964024
    1.53445399 1.0687691 0.718132615 1.18529022 0.490745783 0.50062418
    0.80837369 0.811925411 1.61605775 1.54739773 0.789697647 1.17983663
    0.91732806 1.47089958 0.667916179 0.688832283 1.05450261 1.40056765
    1.02416682 1.21402419 1.34516191 1.35795975 1.09732282 0.526547492
    1.4668566 1.06907725 1.59684932 1.46583498 1.49899912 1.64629495
    1.68357086 1.23179853 1.35382104 0.545659781 0.707504749 1.45902038
    1.08662105 1.11867535 0.849035382 0.840141416 1.20168138 1.27888429
    0.744591355 0.818301082 1.33552873 1.12499344 0.487219751 1.23262358
    1.12790895 1.34164774 1.61895359 0.674912572 1.09951544 0.753864288
    1.0108639 0.975278378 0.850179613 0.938808382 0.788718402
    0.971179605 1.52259147 1.37037539 1.15469897 1.17415118 1.33755589
    0.682519794 1.35935605 0.495514929 0.9382146 1.2911247 0.579640567
    1.5328449 0.905843377 0.589490235 0.923961878 0.674998283
    0.813348293 1.09360921 0.452651531 0.771225393 0.792833149
    1.33592701 0.883960307 0.554139972 0.361891121 0.588152945
    0.96702981 0.664310873 1.24964619 0.759456336 1.4119482 0.66739887
    1.21906888 0.743274987 0.672070384 0.972112894 0.993808866
    1.11330199 1.36830842 1.1134243 0.614330292 0.684647739 1.12659883
    0.932064652 0.873952866 1.40559196 1.56907046 1.25431383 0.828037798
    1.00186563 0.728437424 1.06150663 1.46277797 1.13726223 1.07042277
    1.32703471 0.867202163 0.667949259 1.23535526 1.53854275 0.569609761
    0.755764723 0.698532522 1.52967715 1.32024002 0.997099757 1.67351282
    1.44507861 0.855659723 0.988427222 0.930272996 0.68488133
    0.510317564 0.867030799 1.27009642 1.40938008 0.887595415 1.35818708
    1.30133736 1.26687419 0.586185813 1.3395586 0.64449507 0.7335217
    1.06137776 1.05997014 0.898396134 0.915976942 0.486246884
    0.819794714 1.25108182 1.22247326 0.587478161 0.829740167
    0.434828699 0.79368484 1.1237154 1.01272368 1.00545537 0.886001766
    1.02458739 1.32887983 0.799369633 1.51910424 1.64621794 1.09208441
    1.45098948 1.08007097 1.25755656 0.666190505 0.567013264 0.399559587
    0.573940635 0.680831492 0.905300558 0.470686018 0.333663762
    0.342383951 1.29403424 0.845092833 1.17841828 0.550638199
    0.469045967 0.44771564 0.643292487 1.58711159 1.74299121 1.48457921
    1.19853687 1.07113087 0.976750731 1.21090484 0.945284724 0.548353612
    0.669302166 0.397581637 0.530652523 1.01737273 0.620569229
    0.730462968 0.603948653 1.52355373 1.59659934 1.60195482 1.11281466
    0.881847024 1.23287117 0.706132352 0.864497662 0.661736548
    1.54337227 1.24770761 1.42650497 0.450991809 1.18693316 0.654045403
    0.804347634 1.5433538 1.28920269 0.745716393 1.24068308 1.13603938
    1.2990731 1.4896729 0.864611626 1.36092854 1.09906697 0.712082684
    1.2014538 0.626653969 0.836935759 0.925808847 0.731113493
    0.388730258 0.62117213 1.3211863 0.644742966 0.863968611 1.14759767
    0.48768416 0.542255878 0.846798897 0.817551017 0.980676055
    0.702276349 0.492211431 0.494574904 0.666305304 1.26218212
    0.712510347 0.897287786 0.862981379 1.46654475 1.38485217 1.45091915
    0.750885129 0.584425509 1.57119441 0.984945536 0.808116019
    0.980799198 1.26529527 1.07179177 1.10777473 1.49745917 1.2647481
    0.550642371 1.33038783 0.675554335 0.984585226 1.02193165 1.49465287
    0.967980504 0.842555761 1.51345623 1.65761673 0.987754822 1.54483914
    1.46802688 0.664511621 0.928489625 1.36200762 1.34687889 1.4253068
    1.5013454 1.39404142 1.35526168 1.51404011 0.501449287 0.915712774
    0.350405395 0.499316245 0.745116174 0.435097933 0.901757061
    1.2707293 1.36706269 0.90432328 0.422298372 0.404890329 0.812528431
    0.639531076 0.790721357 1.24153006 0.726595461 1.5095098 0.769753218
    0.991960764 1.07752073 0.516731858 1.43289256 0.654378414
    0.726337731 1.60780311 1.47288954 1.23310292 0.876988411 1.10632265
    0.656420827 1.04603732 0.663977027 0.640201747 0.601676643
    0.646628916 1.20473957 1.1497122 1.48933649 0.802690506 1.35720575
    1.19550169 1.17991066 0.904877365 0.459510773 1.16938782 0.829785049
    1.23255789 0.603492618 1.09979916 0.635363698 1.07913351 0.542942822
    0.8654809 1.33752465 1.47563457 1.43939447 1.11010706 1.25725365
    0.93115896 0.541293979 0.936751246 0.790430367 1.33732438
    0.646298885 1.03560257 1.04673767 1.4511646 1.48619199 0.644573092
    0.76862359 1.05968797 0.564149976 1.07123017 0.921585202 0.959456146
    0.53575933 1.45641315 0.508387029 0.461795211 1.3643117 1.49496937
    0.56933552 0.632797122 0.745991886 0.752448857 1.08107746 0.79318893
    1.06076586 0.479657799 0.485745072 1.33840561 1.69906831 1.13779616
    1.35854387 1.55106258 1.41561413 1.36562574 1.36429751 1.07610881
    1.31591499 1.46484947 0.620404303 1.47802329 0.605358541 0.737756133
    1.60732019 1.59263813 0.501507342 0.639268756 0.917512715
    0.943033934 1.2904712 1.4125855 0.584371567 1.45927417 1.0368731
    0.894253433 1.05281031 1.00122058 0.767780304 0.883829296
    0.952682972 1.36639738 1.47446072 1.49857032 1.41211915 0.521408617
    0.807872713 0.596036315 0.462591618 1.20125473 1.29688203
    0.710657418 1.25697207 1.43611813 1.10608745 0.779039264 0.731055737
    0.688874841 0.395564228 0.937802076 0.85982728 0.588086009
    0.484361231 0.486791968 1.02731395 1.24886954 1.47565496 0.681634724
    1.4126991 0.428992122 0.593185604 1.17119312 1.3906846 1.52301693
    0.776924729 1.1159817 0.645703137 1.541978 1.25930631 0.894767761
    1.08253038 1.20068729 0.920937896 1.20723557 1.47709978 1.06630301
    1.49927223 0.665227175 1.04966938 0.846189737 0.51057148 0.882245898
    0.871416926 0.397676766 0.607854605 1.03331244 1.51871538
    0.985144615 0.716518581 0.454968452 0.845710754 0.708369076
    1.37537074 1.06764853 0.620888293 0.67001307 1.30175984 0.589187682
    1.24616492 1.34235978 1.54334056 1.22710752 1.4496206 1.72415853
    1.55129158 0.588836491 1.12856042 0.435403645 0.607095361
    0.444428533 1.2437228 1.31067884 0.792585492 1.04772472 0.955113769
    0.642516971 0.697734833 0.542397857 0.954776287 0.930604696
    0.784187555 1.19232345 1.36687934 0.837444067 1.18055904 1.37291038
    0.685927272 1.021734 1.19495106 1.40170181 1.26064193 1.26826727
    0.944773197 1.299119 0.987281382 1.0687573 1.00785625 1.25006461
    0.889284849 1.35881102 1.19275391 0.715153098 0.645350635 1.59450758
    1.07343161 1.60295916 1.42037618 1.18588185 1.04927969 0.907334685
    1.05534959 1.26424074 1.1943593 1.10481381 1.32527101 1.344643
    1.49294615 0.664925635 1.17392755 1.17718589 1.18745375 1.12733567
    1.55490446 1.70363986 0.623361826 0.70181638 0.363746583 0.908247173
    0.331391722 0.387537986 0.880235076 1.49185336 1.44762707
    0.887215078 0.970297694 1.03032029 0.4667373 1.20044172 0.541325808
    1.16608155 1.25145829 1.40632832 0.840701699 0.804010987 0.724831641
    0.58237046 0.420486242 0.796288192 1.48853433 1.26276004 1.09941185
    1.59199774 1.16362226 1.01390994 0.564740121 0.878611803 1.41002417
    1.29033637 0.705570757 0.447474003 0.56973958 0.791457653
    0.966095686 1.34803987 1.2056433 0.577272594 0.885847211 1.03987515
    0.540301383 0.967553318 0.991836905 0.935179949 1.42566824
    1.32393694 0.524468184 0.886859179 0.812854171 1.41397583 1.30638409
    1.65612793 0.749437094 1.05150378 1.43629241 1.28005934 1.58444166
    1.1370554 1.36268365 1.53779185 0.873041749 1.03842032 1.00142157
    1.02403843 0.926577806 0.760296464 0.989049852 1.56293833
    0.567730546 0.770106137 0.673345029 1.54604375 0.850919962
    1.07359874 0.957213461 0.611174822 0.712573469 0.957006276
    0.722628355 0.613456309 0.552918553 0.704105437 0.958226025
    0.684625149 1.0648241 0.705768824 0.801968396 1.51585865 1.33658576
    1.43600368 1.52284205 1.73890638 1.47206259 0.823557258 0.836117864
    1.56895792 1.17981946 0.70603472 1.3056637 1.21366596 1.05342698
    1.07369232 1.41411901 1.34266722 0.589625239 0.643819511 1.17350221
    0.768361568 0.826542497 1.41899002 1.57139695 0.680765033 1.19632995
    0.904493511 0.791771889 1.0004704 1.55077243 0.7613644 1.28723633
    0.642845333 0.555528104 1.02563894 1.39384723 1.00312436 0.960373282
    0.381542236 0.507013023 1.47320867 0.596681118 0.717548549
    0.614110112 0.554108024 0.773551345 0.873587251 0.470518291
    0.651379287 0.997227848 0.957931995 1.44438016 1.59390199 1.4030968
    0.569952846 0.541885257 0.986961484 0.659965396 0.751870453
    1.38967776 1.00884867 0.53477931 1.01484346 1.34570062 1.04562163
    0.627003908 1.05406094 0.94418031 0.575964808 1.31862235 1.34520125
    1.08277822 0.814218819 0.862332761 1.19376957 0.77642256 1.36956692
    1.51386797 1.33823788 1.25118804 1.27963209 0.911725819 0.428867042
    0.607916355 0.441067606 1.03393042 0.84116751 1.30382991 0.808098733
    0.512992263 0.901293218 0.607045233 0.967035234 0.846963167
    1.0671891 0.938856721 1.49751925 1.64408636 0.789684534 0.580536902
    0.819917083 0.591385663 1.55971622 1.6517477 1.61612141 1.36091208
    0.881618142 1.07114553 0.813470304 1.26988554 1.10779154 1.60247123
    1.37899649 0.685722828 1.35029578 0.749273241 1.47009242 0.992612123
    1.5815177 1.17228258 0.936284482 0.386867464 0.836852968 0.829795122
    0.84457463 0.704681456 0.640666544 0.595269024 1.01860023
    0.865787327 0.929798961 1.51930737 1.1006304 0.708790243 0.463813573
    1.11461079 1.08520186 1.61302435 0.91721642 1.11064911 1.45103931
    0.825895607 1.33558309 1.07085323 1.39989865 1.38837755 0.716067076
    0.941315055 1.12871742 0.911576688 1.20701051 1.06703365 1.31115937
    1.62401748 1.58072281 1.31376314 1.23137403 0.94987154 0.991586447
    0.810674489 1.07783985 1.11399567 0.602000594 1.63340545 1.55196869
    1.38278461 0.822820008 0.581796885 0.668758512 0.458613038
    0.396813452 1.39653814 0.542935312 1.26736581 0.76801604 1.05992746
    0.486776918 1.40954399 0.934207022 1.02172446 1.59582055 1.58710849
    0.577305019 0.813998461 1.46142364 1.43549347 0.563853264
    0.989505231 1.02034891 1.40548623 1.6701746 0.83377552 1.11145473
    1.24524343 0.685293436 0.454219133 1.05706525 0.500665724
    0.594584584 1.27029324 0.775340915 1.24734676 1.55758977 1.20930254
    1.04447746 1.45477676 0.629371941 0.578205645 1.34664953 1.15309322
    0.869973183 1.44199002 1.46778309 1.69112813 1.00342369 0.783770442
    0.913231432 0.508079648 1.40282071 1.37801039 0.600238085 1.44718313
    0.930560589 1.34817421 1.44348919 0.806177855 1.5078156 1.35605204
    0.902279675 1.03330851 0.614909708 0.710857928 1.3300792 0.716447234
    1.22120976 1.51109517 1.5923171 1.53513992 1.56888187 1.37588835
    1.2895093 0.969212115 1.36486614 1.64315081 1.53971517 1.01769698
    1.01686513 1.46344769 1.4381727 0.869589031 0.951898277 0.563896835
    1.03036273 1.58144939 1.45565057 0.677674413 0.906190157 1.13827372
    1.58658206 1.05270219 1.50331676 1.21857846 1.15807879 0.667566538
    1.16449249 1.30484605 1.43101192 1.50537097 0.599009395 0.54077816
    1.26491714 0.747627914 1.17620468 0.552121878 1.15167868 0.961399853
    1.33176196 0.790052176 1.39091456 0.788870692 1.45247221 1.45958745
    0.864995301 0.929532528 1.27352858 0.696755767 1.57001781
    0.541928053 0.658571482 1.1026721 0.529230654 0.641318321 1.28000152
    0.786194861 0.486361057 1.10711658 1.41923285 1.09622252 1.03379261
    0.950218797 1.46003187 0.553593993 1.23735285 0.458504379 1.48903167
    1.35954571 1.39815545 1.24878609 1.17845488 1.21694183 1.36019862
    1.45624173 1.023278 1.04518843 1.34843016 1.36187661 1.49751198
    0.402325332 0.429110169 0.852594972 0.76025331 1.4641906 1.12409866
    1.25560498 1.24564075 1.33093107 0.762047529 0.586992145 0.764502823
    1.00972354 1.58697391 1.34231067 0.605706751 1.5740416 1.47990119
    1.43928075 0.662336528 1.36935794 0.922824919 0.433132797
    0.274628013 0.378201902 0.781224608 1.56675601 1.18250263 1.31732893
    1.14923215 0.568684399 1.40032411 0.730019987 1.51885748 1.27343524
    1.59724402 1.44192505 1.45042396 1.0576601 0.99092263 0.52420783
    0.686132312 1.34126854 1.69178665 0.638412893 0.768393993 1.42255902
    0.965626299 1.00343001 1.00751317 1.51109147 0.868733644 1.36121523
    0.491778463 0.57991159 0.600464582 1.28124559 1.59834635 0.669755518
    0.844712496 0.374773204 0.56020385 1.45560122 0.983242035
    0.801137328 0.747026503 1.10483766 0.81509155 0.734117508 1.59327066
    1.62431788 0.812589705 1.33370042 0.849128187 0.639714599 1.37895262
    1.49245918 0.745327353 1.28269708 1.16922796 1.48569 1.2826103
    0.94760865 1.52558231 1.29998553 1.28119469 1.06852472 1.12814438
    1.08535516 0.723087907 0.832139254 1.05203533 1.56076527 1.52202916
    0.947278142 1.5309695 1.28259623 1.53356457 1.39379346 1.52817881
    1.00556147 0.55150795 0.679487765 1.37968099 1.1856401 1.5375036
    1.46835136 1.31679094 0.68882072 1.01134348 1.13134754 0.722998857
    0.543473482 1.43190682 0.971910179 0.719095469 0.572001815
    1.31634843 1.39507353 1.51802719 1.03530645 0.989274681 1.41631949
    0.598623812 1.36194825 1.04084456 0.641083896 1.00515389 1.55135083
    1.35760832 1.48300576 1.55965471 1.25357556 1.36375463 1.02879679
    0.960096478 0.941072106 1.00118876 1.15890861 1.12787545 1.54672527
    1.28364539 1.65649486 1.15653825 1.65406501 1.57778323 1.51191401
    1.05468547 1.45787835 0.655354261 0.632700086 1.654778 1.43304348
    0.979084909 0.619475424 1.46681273 1.41309142 0.564581275 1.50120735
    0.932894111 0.749765635 1.34692276 1.22605026 0.604434729 1.07269979
    1.39409113 0.909732103 1.01924181 1.36808181 1.28170145 0.67283237
    0.486664832 0.584734976 0.717247069 1.53054142 1.38665628 1.3981396
    1.57386124 1.21880686 0.801912725 1.33909321 1.64030337 1.18705928
    0.789832115 1.4626565 1.33166242 1.57177866 0.929879189 0.831149697
    1.2823 0.563738048 1.19453669 1.68052256 1.04778421 1.52076554
    1.04170418 0.868397117 1.1772486 0.920835853 0.724703133 0.798032463
    0.537932038 0.802275062 0.42371574 0.546271265 1.58737206
    0.821317494 0.485665351 0.96818018 0.996713102 1.11135972
    0.991110325 0.770786345 0.582856894 1.08780837 1.29218721 1.27541697
    1.5628916 0.638356924 1.60011172 0.751490772 1.34469712 1.50858796
    1.22868502 1.5221113 1.23101509 0.948439658 1.54361689 1.01245654
    1.12910628 1.13640606 0.658423245 1.16623843 1.39946949 1.48341739
    0.618610859 1.59100235 1.42413294 1.18628132 0.572438717 1.37700629
    0.399011642 0.540547013 1.01057434 0.781934381 0.576906323
    0.599125385 0.753021717 1.5617888 1.55261672 1.1023314 1.52966845
    1.53228056 1.44084978 1.45206249 0.906467199 0.755411565 0.633139789
    1.2391355 1.0986017 1.28671896 1.61324155 1.61706614 1.45013189
    0.656512976 1.58091295 1.20362091 1.17191899 1.54734313 1.43147182
    1.43722272 0.849467814 0.807070911 1.6455493 0.783093691 1.10596979
    1.13682008 0.985261321 0.784880102 0.84849143 0.448429972 1.31167281
    1.27510965 1.27211475 1.394333 1.2434721 1.10955858 1.410905
    1.31225014 1.63698936 0.915488183 1.34211767 1.54627299 0.991530716
    0.895927548 0.931957304 0.492798358 0.507057905 1.28429472
    1.60562932 1.43412948 1.00522649 1.43761253 1.60131526 1.73876488
    1.61660242 0.9809587 0.756867707 1.41949022 1.31616247 0.465041488
    1.02702224 0.648878038 1.20152175 0.563697219 0.636915624
    0.726606786 1.03918755 0.639652073 1.05786407 1.43240881 1.32925582
    0.816771984 1.26650703 0.858303249 0.812578917 1.09061432 1.52336776
    0.474649161 1.2356478 0.586456716 1.1290164 1.33591843 1.19105947
    0.77858448 1.34832513 0.917089343 1.46468532 0.664792836 0.963457346
    1.25485289 1.29776466 0.98600781 1.09990191 1.48902977 1.38330758
    1.06889772 1.49367774 1.56074154 1.07221675 0.791415989 0.572103798
    0.917917907 0.872339249 1.11388743 0.809744 1.3449322 0.785692096
    1.3988049 1.17491126 1.57968223 0.798600197 1.05946994 0.672889531
    0.686230123 0.512260318 1.5143404 0.758783937 1.13034916 1.57881522
    0.59102118 0.766532004 1.25941265 0.808978021 0.998473525 1.50044525
    1.58119023 0.946885288 0.650506616 1.11011469 1.47340357 0.951081812
    0.796223581 0.610350907 1.22049963 1.45414019 1.12076151 0.596678317
    1.17087281 0.88672328 1.22104836 1.50266004 1.61359191 1.0336107
    1.24260497 0.559726119 0.737517893 0.93743521 1.30264735 1.02466166
    1.44531226 1.47864461 1.40534914 1.43141496 0.670446277 1.08324051
    1.19084716 1.06022131 1.10072696 0.627727747 0.539477348 0.664452136
    1.30434084 1.02716315 1.12838376 0.836047769 1.46848774 0.797596097
    0.988158882 1.51227117 1.23421216 0.651292026 1.05975807 0.73391521
    1.26979184 1.49031472 1.16246474 0.964967549 1.40034473 0.847903669
    0.817660153 1.35279918 1.20187008 0.699374557 0.531612933 1.23902392
    0.952013791 0.876503229 1.47656059 1.32570171 1.30081224 1.32845962
    1.19519722 1.18661356 1.30591953 0.816079617 1.3838172 1.44829059
    1.04615104 1.52018845 1.00956941 0.759364247 0.726551712 0.594866872
    0.937015116 0.430701703 0.410677999 0.45257327 0.465560257
    0.391915441 0.755614877 1.34592915 1.28702664 0.457422972
    0.498675287 1.29799688 0.706766069 0.84364897 0.348883331
    0.438904256 1.05643082 1.64006412 1.66217077 1.35664451 0.651151538
    1.48716009 1.4377135 1.38053083 1.00733101 0.695430338 0.582752466
    1.38989615 0.574320018 1.14801717 1.28900242 0.874501586 1.02772224
    0.768678784 1.01984656 0.796979427 1.05074906 0.905469418 1.63123918
    1.21985364 1.48081541 0.686593413 0.658400416 0.62478137 0.536180556
    0.752609551 1.23570299 1.17971814 1.31492865 1.53192568 1.34387851
    0.847303808 0.886521041 1.58539569 1.16934097 0.647418797 1.20243585
    1.08063412 1.4394232 0.792810142 1.13963211 1.50154889 1.10068142
    1.05530584 1.06444633 1.67321396 0.710772634 1.46681654 0.829278409
    0.63377893 0.550281882 1.39033043 1.60290599 1.34317386 1.54236484
    1.0384624 1.48069632 0.701884508 0.828598142 1.02184558 1.2451297
    0.432812363 0.961911917 1.02752483 0.839051366 0.648974359
    0.905249417 1.56013358 0.826309025 1.62669456 1.21402419 0.963778436
    1.17721045 1.33216929 1.60342765 0.951581776 1.03098726 1.33439004
    1.29464126 0.733932734 1.10668969 1.48779392 1.12727952 1.4784174
    1.69074333 1.67108858 1.52557421 1.60989845 0.723849177 1.09475124
    1.42597878 1.18413937 0.604949832 0.77485764 1.36800599 1.50806296
    0.661341846 1.05998671 1.47866094 1.56982791 1.42244411 0.75914824
    1.37080824 1.64462757 1.15878403 1.54905069 0.780499399 0.751564085
    1.31776726 0.50363028 0.720803857 0.696041226 1.02770793 1.46081758
    1.31077969 0.97634238 1.03197098 0.972335577 1.27339339 1.35111499
    1.52243149 0.648766339 1.54445982 1.45606863 1.15354371 0.745720565
    1.57170963 1.38143384 0.621761203 0.791020989 1.45992196 1.54787743
    0.832487524 0.737134159 1.47123992 0.999741495 1.33589149 1.18079269
    0.970085084 0.910240233 1.49109578 1.55953479 0.963702917 1.08541048
    0.975141943 0.945554912 0.592746556 0.940414965 1.02681768
    1.11096048 0.91380173 1.21962285 1.52021551 0.530537844 1.33615994
    1.03915036 0.835675895 1.24476278 1.22652006 1.24434841 0.549902439
    0.960903108 1.02773488 1.58859718 0.628579676 1.50541019 1.1313206
    1.38274574 1.2963655 1.3897146 0.543062687 1.17972112 1.46608615
    0.696844339 1.66133034 1.09730971 1.0930115 0.912151039 0.511675
    0.782575488 1.50914896 1.23562121 1.42568445 1.44695318 1.74583769
    1.58929205 0.90413475 0.749997377 0.534071445 0.681859612
    0.731637299 0.775739312 1.25959456 0.96653533 1.45143914 1.11186373
    1.54750609 0.820677638 0.696460247 0.597757876 0.900527775
    1.33462155 0.810863793 1.33989084 1.54466772 1.24156713 1.37574255
    1.47942626 1.55363691 0.715486765 1.0152092 0.768147469 1.40651512
    1.44577777 1.14446115 1.47927678 0.552136838 0.681389689 1.02127218
    0.640005767 1.46306932 1.52017474 0.757959604 1.12197328 0.740978658
    1.45859492 0.941974878 1.35167944 0.882179916 1.20752239 1.65640974
    1.20162868 1.40332937 0.91780442 1.45397758 0.975696683 1.35023284
    0.418559194 0.884124875 1.32252896 1.38405061 0.71424067 0.704284251
    0.851649046 0.993353605 1.06239665 1.28451872 1.30303729 1.16096079
    0.420633405 0.341893613 0.380780339 1.35914683 0.806880116
    0.668356657 1.52549148 0.559759259 1.17126358 1.0202831 1.40577102
    0.827442408 0.424182355 0.396329582 0.558562517 0.54728061
    1.36237562 0.700620711 0.530618608 0.923716068 0.698644757
    1.38002598 1.34053981 0.816929638 1.59482551 0.943810284 1.08792698
    0.511579037 0.405712783 0.407048553 0.526620269 1.15350437
    0.806429863 0.980673492 0.549500048 1.05235982 1.40325475 1.23971963
    0.753390551 0.901098788 1.29854226 1.45185614 0.628668904 1.55972278
    0.789399564 0.518247485 1.43539238 0.554158032 0.928318501
    1.12553298 1.42245555 1.65780735 1.14650607 1.32320809 1.53292751
    1.00753808 0.373004198 0.312929451 0.423888266 1.17753184
    0.895251811 0.759891927 1.2087338 1.29196477 1.09901381 1.05955887
    0.740597069 1.06412876 0.613741279 1.06987119 1.38775873 0.480369955
    0.815591216 1.10955882 0.713399827 1.07284367 1.57665217 1.55031002
    1.60706854 0.605782628 1.43508208 1.08671367 1.12378931 0.584739745
    1.27176416 1.41800058 0.885872424 1.44121277 1.36632001 1.60721982
    1.19425893 1.32337606 1.16866958 0.886580408 1.23153496 0.93089807
    1.41389012 1.50907564 1.16094732 1.55757642 1.55573273 1.26045096
    0.735658884 1.18525672 0.731182814 1.48085618 0.749336541 1.41855133
    1.09607577 1.10448456 1.4922055 0.866119266 0.604938805 1.24080646
    0.92096746 0.532033861 0.830522239 1.17400527 1.17449415 1.46997344
    0.728333712 1.49889052 0.982547343 1.3907001 1.59722984 1.36228538
    0.927376568 0.951489747 1.43837285 1.08827806 1.03206789 1.39769483
    0.993607163 1.0084877 1.32577455 1.37504828 1.01802588 0.530844569
    0.934720874 1.05535722 0.764542282 1.53992391 1.64848256 1.05040073
    0.595559061 0.698157907 0.909152448 1.42354226 1.36575854 1.13096201
    0.896369874 1.38970304 0.53656882 0.947981894 0.809182525 1.04100907
    1.47009373 1.21714973 0.645548284 1.18148184 0.987130702 0.502064764
    0.760030389 1.04929411 1.05807877 0.846697807 1.47696245 1.50611091
    1.02699721 0.747641087 1.63539243 1.30890977 1.48084223 1.63077521
    1.11468482 0.896109819 0.886824191 1.16712916 1.44990754 0.60384655
    1.33001649 1.21315956 1.05181015 1.24889708 0.480609387 0.71416527
    0.756563485 0.620696306 1.04561138 0.721166849 1.57212639 1.71530366
    0.994261026 1.35199189 1.61426628 1.55871248 1.41714001 0.651412249
    1.05773318 1.4398396 0.990495741 0.806466997 1.26453578 1.28510535
    0.444649249 0.919625998 0.491318107 1.4308635 0.744296253
    0.999221087 0.529381752 1.11293769 1.66016948 1.47897875 1.3484385
    0.840530455 0.996402204 0.601372778 1.24640024 0.855881393
    1.37699533 1.30513978 1.2624346 1.48247361 1.4669776 1.60496628
    0.792722285 1.29350698 1.65881753 0.98041743 1.24757874 0.945770919
    0.698035121 0.628800988 0.441905528 0.642364681 1.05008447
    1.11197865 0.836015761 1.46473098 0.814191997 1.08578598 1.23402989
    0.966319859 1.05091012 0.625429273 0.824879825 0.74098295
    0.412755489 0.546002448 1.49126434 1.32542169 1.40375948 1.11246681
    0.897767961 1.27849782 0.573506534 0.558794498 0.91964823 1.30470955
    1.15512145 0.891499519 1.229182 0.610706866 1.10629582 0.607410014
    0.953145087 0.832027495 0.390844166 0.660076678 0.403157681
    0.499839216 1.03424323 0.552320123 0.509457767 0.69365114 1.18038392
    1.27232409 1.25219429 1.0902431 1.43260884 1.02687287 1.56817341
    1.4973861 0.634762347 1.24106181 0.463611007 1.1312319 1.382213
    1.07077837 1.05159557 1.45050728 0.918765128 0.52879703 0.579176545
    1.46536744 1.46020436 0.888106644 1.06457078 1.13126993 1.09072363
    0.802224338 0.714641929 0.979735792 1.40758491 1.0775764 0.833694041
    1.46942115 0.503020108 0.417416096 0.673529863 0.556640029
    0.754412532 0.625376046 0.396485448 0.926275671 0.494618863
    0.683939457 1.03464973 1.05484915 1.61815679 1.08730114 1.27743697
    0.58527261 1.36043274 1.15591955 0.880876899 1.13686562 0.623398483
    1.10426068 0.764383674 0.841462493 1.00418997 1.19703686 1.41085362
    0.777647793 0.542781353 1.48495758 0.79311949 0.941390514 1.01142049
    1.23358083 0.788374007 0.633447886 0.792827189 0.503235698
    0.466941774 0.849207878 0.582697153 1.4962604 0.85818404 1.5535531
    0.743916452 1.45170784 0.641768813 0.786265373 0.921288669
    0.718308926 0.585306466 0.635724425 0.677197993 0.549784899
    1.1267581 0.778831124 0.644910991 1.040712 0.658801138 0.760594547
    0.848696351 0.938295186 1.05349123 1.29434752 0.576534927
    0.691946447 0.969388902 1.5198133 1.4072262 1.14008951 0.688108504
    1.41761196 1.053496 1.69673359 1.34484828 1.43292749 1.24456382
    1.23173892 0.927025795 0.727940321 1.1791234 0.83558774 1.09678233
    0.732316852 1.23272026 0.95337075 0.457542658 0.574753225 1.28395712
    0.818253756 1.47344172 1.33829451 0.503481865 0.490244001 1.20518088
    1.27812672 1.56099212 1.41278446 0.670774162 1.09381235 1.11360335
    0.785821378 0.711066127 1.15163505 0.949603081 0.722824872
    0.770278513 0.922259092 1.44226122 0.624030888 0.663920641 1.399652
    0.521890759 1.28630257 1.43727958 0.838535905 0.51856631 1.38902938
    1.40712261 1.16604269 1.4426477 0.831498146 0.878920496 0.923269928
    0.846047401 0.936946452 0.918404996 0.952258587 1.34807527
    0.569765449 1.48173308 0.723220527 0.456621081 1.24955893 1.53915107
    0.967725217 1.19123781 0.620774627 1.1416738 1.58542275 0.535941184
    0.877667069 1.27893829 1.50809884 1.2922312 1.36050832 1.16032779
    1.37402022 1.02444923 0.366753936 0.390103102 1.34515357 0.426695168
    0.611643016 1.07487774 0.683643639 0.71650368 0.645735025 1.07054889
    0.982386053 1.41123843 1.15080774 1.05178726 1.13544977 0.84983021
    1.21660745 0.902967215 1.54915226 1.22662914 1.44749904 0.646384656
    1.39689052 1.37171566 1.38349104 1.20825148 1.67780125 1.58044469
    1.7663933 1.65541792 1.3245151 1.15788388 0.978655457 0.834266961
    0.734572411 1.57357335 1.31733489 0.935935199 0.977123857 1.33734393
    1.45971251 1.17011774 0.917701185 1.12993658 0.456935912 0.691394687
    0.761323512 1.06498444 1.03404236 0.783370733 1.30484641 1.19549608
    0.923981905 0.56068325 0.74858582 0.392117769 0.629710376 1.36180007
    1.17942536 0.559543908 1.05672419 1.16940904 0.494791508 0.929114401
    0.518389106 1.32663894 0.872524023 1.04463089 1.15013433 0.99507153
    1.41833353 1.15982533 1.0208143 1.45281112 1.28630638 1.18791032
    0.650254607 1.24604213 1.45256269 0.785681963 0.590773821
    0.901376307 1.55859292 0.613994002 0.494238198 1.18132603 0.65224576
    1.03740776 0.624305606 1.02880359 0.975222528 1.01350784 0.629177988
    0.442825139 1.41369414 1.35099232 0.763158083 1.59320211 1.06251884
    1.19623232 0.382413268 0.560157061 1.0742507 1.29128516 1.39317095
    0.936446011 1.51777351 0.575359046 0.353796095 0.45974344 1.22582018
    0.44725126 1.08068144 0.998025119 0.541696668 0.474487245 1.32504559
    0.948070168 1.36342847 1.12492156 1.34473062 1.65166605 1.51270413
    0.619898319 1.1937778 1.33862996 0.585291505 1.48359823 1.58375359
    0.612775445 0.965343654 0.627207756 1.25086343 1.35241532 1.54788733
    1.22696996 0.651185334 1.41908944 0.945512593 1.02291334 0.482589841
    1.00658751 0.33008489 0.374580353 0.755666852 0.436382622
    0.455915838 0.828201413 1.40693593 1.57804966 0.690785587 1.47770202
    1.11070585 1.14543021 0.998376727 1.11972642 1.13711202 0.511294246
    0.880623102 1.29079401 1.6063652 1.15919733 1.06553769 1.29975045
    1.46715772 1.57137549 1.19216025 0.830753207 1.45422721 0.869463205
    0.772110045 0.706961691 0.864358842 0.676207006 1.47018015
    1.10119164 1.41179729 0.602923334 1.5540787 1.10170949 1.61572301
    1.32310033 0.721485376 1.06237841 1.25909436 0.896214068 0.999332726
    1.47346008 0.710344911 0.525726676 0.528304398 0.714534581
    0.965414047 0.405679464 0.673529863 1.5319742 1.30053377 0.720075846
    0.482539326 0.959951937 0.406750828 0.436139971 0.512620032
    1.51662016 1.15930712 1.23831856 0.602111101 1.54978299 1.24117756
    0.840978444 0.570795178 1.28591383 0.977189004 0.875975251
    0.837570131 0.609666109 1.0954802 1.4021163 0.639717817 1.10251403
    0.576727569 0.775531888 0.442434549 0.569572389 1.45706034
    0.663314164 1.21943879 1.29268277 1.40105414 0.548929036 1.44330764
    0.890200913 0.524995983 1.06018233 1.24099231 0.940397799
    0.856581748 0.763294041 0.998061061 1.39806128 0.873472214
    0.620940685 1.46524572 1.52871382 1.3980341 1.42500997 0.891638875
    0.620412767 0.443136126 1.25038123 1.38665938 1.14495802 1.67291427
    1.25278735 0.856336117 1.24919236 0.266085446 0.547025681 1.4533639
    0.487483531 0.831214547 1.29177082 0.644243658 0.57917124
    0.804383993 0.420820117 0.99319458 0.860342026 1.37427449 1.27751696
    1.51795006 1.04880583 0.869679511 1.03649139 1.36163604 1.34983027
    0.99067378 1.1087625 0.729537308 0.562531531 1.33183908 1.17438817
    0.949559867 1.6316365 1.62169194 1.54231703 0.86686945 1.32347059
    0.564226568 1.06624246 1.06341195 1.05018389 0.959145308 1.21682596
    1.07275605 1.21124041 1.59096229 0.995535254 0.906194687 0.751746714
    0.414041191 0.968120694 0.761297703 1.02648187 1.31276131 1.00733376
    1.05070353 0.974069595 1.16536891 1.236058 0.477186024 1.17706811
    1.17281568 0.702110946 0.99594146 1.16692972 1.05278826 0.958101451
    1.29353571 0.928521395 0.635394812 1.19535279 0.697041929
    0.493510246 0.518809319 0.760720551 1.40009463 0.491473526
    1.42361975 0.638364613 1.39011216 1.4951427 1.44009817 0.625461996
    0.523055077 1.2106806 0.761315763 1.43009782 0.69940871 1.44704521
    0.798322976 1.01474178 0.993314803 0.982204676 0.963982999
    0.839049816 1.07459545 1.3314575 0.571015537 1.0859921 1.25117815
    1.44876194 0.763047338 1.45965874 1.02637899 0.551247656 0.448205084
    1.33558977 1.52495444 0.984244108 1.0000931 1.37386274 1.21252978
    1.41106439 0.62504214 0.55072403 1.03830671 1.01810586 1.21198177
    1.2687875 1.4656024 0.794981897 1.08773375 0.511206806 0.793197095
    1.05173898 0.946339369 1.1887846 1.38113618 1.36050546 0.651556373
    1.12099016 1.41594934 1.19850492 1.50025451 1.31504214 1.29696512
    1.20181894 1.06134725 0.745044529 1.14883363 0.827002168 1.27811849
    0.564931929 0.953009725 1.13245988 0.53103441 1.1742934 0.438878417
    0.541574001 0.99092716 0.781512558 0.936313927 0.556034565
    0.98742795 0.886889815 1.34240448 1.2406317 0.96377784 0.648830295
    0.524181247 1.52799463 0.80762589 0.545798242 1.03262186 1.54306567
    1.38698006 0.791487038 0.607869804 0.614765406 0.5779984 1.01508081
    1.10189569 1.30136573 1.36140573 1.38207424 1.24434924 0.806223333
    0.776959538 0.922501326 0.592008173 1.01178968 1.1604991 0.978165209
    0.62084204 0.78756237 1.6609062 1.37132263 1.38394189 1.42387366
    1.57407212 1.45087361 0.63089031 1.25865316 1.25124216 0.488100648
    0.823769867 1.14773476 0.676635087 0.797615469 0.56312865 1.22582281
    1.56542575 0.551887691 0.889388204 0.452462703 0.391589791
    0.389341176 1.01936436 0.883256316 1.15743852 0.643401086 1.1759156
    1.5029788 0.595177054 1.02312589 1.50536573 1.29229426 0.572484851
    0.752403617 1.33584535 1.27706683 0.909594834 0.661098182
    0.517105341 1.44751382 0.782404304 0.538509071 0.830040276
    1.13649976 1.07159793 0.932450175 1.30348873 1.13838506 1.23138452
    1.06619394 1.08164132 0.910742879 1.59993827 1.23231566 1.67015874
    1.21411943 1.08615017 1.12127137 1.03334761 0.701678753 1.2019217
    1.34597635 1.43476415 0.582905352 0.713956773 1.17764091 1.14660752
    1.39994419 0.638243318 0.537037969 1.49458349 1.51896119 1.06256866
    1.67196155 0.647517979 0.455321521 0.841171801 0.543397307 1.3917985
    1.07027245 1.13315225 1.40818012 1.41323483 1.38266265 1.31840909
    0.959968507 0.563642442 0.516433716 1.16203499 0.476429582
    0.496266574 0.563267887 1.33961606 1.08507979 0.9638955 0.952065349
    1.2022543 0.493431598 0.800275505 0.827650845 0.647986948
    0.846270621 0.993582189 1.53794861 1.10930562 1.59147882 1.2288754
    1.38785911 0.589863837 0.760833204 0.695085764 1.35306895
    0.965317011 1.58385575 1.58370829 1.16817355 0.643135726 1.09737289
    0.490505368 0.977482498 0.513149083 0.905768752 0.579454243
    1.14771533 0.989165246 0.952183545 1.1600759 1.12813306 1.14037585
    1.46446574 0.476123214 0.542838156 1.37969851 1.42588902 0.612130642
    0.676794946 0.757609904 0.444007218 0.551095903 0.918925107
    1.44712245 1.32667029 0.604575932 0.520889878 0.355914176
    0.420827419 0.996375859 0.592065334 0.407473683 0.498303086
    0.825067699 0.58959049 1.36807489 0.879472613 1.11716223 0.560988367
    1.42513514 1.02192235 1.25312293 0.746978045 1.12623632 0.674545169
    0.709727168 0.571806669 1.24445558 0.946475804 0.982067406
    0.654826164 0.563171029 0.634048283 1.44928467 1.32297099 1.13508081
    1.18129325 1.30668914 0.673160434 0.603485107 1.16919863 1.46366036
    0.753270268 0.912901461 0.716289282 0.915102601 0.608888328
    0.51217705 1.32726765 1.05137062 1.04047763 1.11263084 1.23232901
    0.575654685 1.02679646 1.42011774 0.566157043 0.667416453 1.27419078
    0.762848794 1.04539609 1.20534337 1.154163 1.46772861 0.618308485
    0.475653231 0.869610608 1.53952253 0.526288629 0.663922131
    1.20547831 0.701604724 0.501794636 0.575700939 1.21160495 1.27384257
    0.49475643 0.573781133 1.12707639 0.869493842 0.899920285
    0.642143548 0.773051143 0.386204869 0.806347013 0.84743607
    1.36299431 0.821801722 0.50516969 1.11042178 1.1092459 0.947879553
    0.992730677 0.985698104 1.19530547 1.02061307 0.863359034 1.37017918
    1.67538273 0.921812773 0.938858211 0.4036116 0.731130123 0.945273399
    0.502934217 0.740192652 0.820654392 0.713690519 0.90774262
    1.26840532 1.46298194 1.18534327 1.56246257 1.02569175 0.817041218
    0.835319221 1.46419311 1.12730086 1.58345759 1.61936688 1.30299604
    1.25325203 0.794208169 1.40001023 0.757248163 0.525820315 1.46669269
    1.36848354 1.04635274 0.459395736 1.00454187 0.813916206 0.422261685
    0.448342383 0.754338443 1.42617774 0.989571512 1.2111969 1.30535018
    0.7695629 1.06008494 0.99080652 0.849394381 1.38559258 0.641423047
    0.820909917 0.6974563 0.836002469 0.785564363 0.589140356 1.55311048
    0.794643998 1.44305968 0.994149745 1.38494623 0.532647192
    0.372676075 0.374266565 1.16700077 0.809945405 0.652559638
    0.664341271 1.09257102 1.28999901 1.06064117 1.56669116 1.66585326
    1.56378663 0.986328363 0.857812524 0.649970174 1.6536696 1.674757
    1.39438415 1.06226563 1.63085997 1.18273079 0.745055497 1.08923888
    0.689269066 0.932304084 1.45585501 0.970759451 0.870177507
    0.693623006 1.49745548 0.724564016 0.60791117 1.04313505 1.02791941
    0.743718445 1.55585539 1.50728393 1.32270944 0.799301147 1.13460684
    1.22198009 1.31333458 0.800436556 1.5897491 1.22462881 1.71017087
    1.26753485 1.24389136 0.935736537 0.905036986 0.737543941
    0.763210535 0.641001761 0.665939927 0.852743268 0.868877828
    1.43881094 1.38790369 1.44392574 0.780047655 1.23077118 0.509629726
    0.532805085 1.3128289 1.56482852 1.5388478 0.579574227 0.525427878
    0.830023468 1.3329469 0.577570915 1.32158029 0.661975741 0.728145719
    0.964910567 0.935048461 1.69126153 1.58750296 0.936222672
    0.657494545 0.771842182 1.29185033 1.13973939 1.25712824 0.624698281
    1.11110032 0.606236279 0.643704295 1.54705405 1.60632467 1.17999673
    0.572969973 1.39507258 0.539711654 1.31907701 0.97921741 0.582061529
    0.9418028 0.54436177 0.673720658 0.990291536 1.03755903 1.12693179
    1.03727412 0.820630491 1.35029995 0.685782194 0.532788754
    0.462141544 0.36451304 0.665049791 0.919067979 1.33818626 1.38688827
    1.26581728 1.09402156 1.3101052 0.934251547 0.749218166 1.2942009
    0.608481407 1.46747315 0.810878575 0.523423553 1.21441889 1.13464165
    1.31057298 1.18775845 0.711628854 0.848053634 0.861827791 1.37168503
    0.68782711 1.38243508 1.72411728 1.41983068 1.42945087 1.6467154
    1.59048188 1.07920527 0.990804195 1.45441222 1.0166328 0.545532525
    1.28943014 0.544004977 0.72446537 0.728904426 1.00891602 1.05071986
    0.6914047 0.672320604 1.30854404 0.78267777 0.972968757 0.622789443
    1.15899575 0.958128989 0.801013291 1.06674588 0.936851144
    0.972687781 0.523633599 0.764638007 0.790865421 0.443886787
    0.763052404 0.584121525 0.567712307 1.36518097 1.61953402
    0.766052425 1.02851772 0.458256781 0.588278592 1.32140243 1.01946151
    0.678814173 0.832169831 0.764543056 1.0451715 1.30841863 1.32524371
    0.458922923 0.696226418 1.02566946 0.86266762 1.00706744 0.913829923
    1.20558393 1.46737146 1.0932008 0.782690465 1.06038916 1.1244235
    0.71192652 1.2197969 1.46428168 0.967484355 1.28889132 0.974197686
    0.768865645 1.23952425 1.03053427 1.24585021 0.627287865 1.35560918
    1.36160755 1.03806448 0.543252647 1.25233901 1.39282811 1.33105612
    0.839151919 0.600379407 1.22050858 1.17779303 1.03271139 1.01694155
    0.786788881 1.64482844 1.57444441 1.34058583 0.670434773 0.920874059
    1.07547641 1.43252373 1.07041824 0.652144492 1.00858355 0.815410852
    1.18488729 0.585121751 0.907800555 0.867299736 1.55917811
    0.951599896 0.560973823 1.45905817 1.09800625 1.37424052 1.51142061
    0.606115222 0.844919324 0.491889387 1.45317328 0.472530246
    0.890792251 0.470268697 0.712366581 1.11723387 1.65280926 1.61322832
    1.10542607 1.38720894 0.761912584 1.24045634 0.469997466 0.671012044
    1.47574973 1.5513283 1.10763288 1.14416182 0.810036898 0.860641301
    0.848983049 0.873788476 1.13480854 1.09650874 1.00995386 0.846398294
    0.978752196 1.49300218 1.09539127 1.28946805 0.732116938 1.49219418
    1.25096977 1.2347728 1.25148797 0.681567013 0.49653402 1.17596173
    0.919655681 1.49608314 1.26516652 0.680982232 0.767240942
    0.832445681 1.50170767 1.24630487 1.16179919 1.46823716 1.65429246
    1.19749558 1.37008262 0.674515128 1.08153903 1.65712488 0.67490083
    1.34904075 1.4412266 1.48027241 1.49417055 1.30888391 0.831335664
    0.643402696 0.948399425 0.544894516 1.4942224 1.04586709 1.22592342
    0.878284752 0.688507617 0.74321115 1.36728907 0.686636865 1.0173018
    0.972027779 0.940613091 0.784550607 0.912414253 0.859177947
    1.45575523 0.854806364 1.09625864 0.528568745 0.609490216
    0.891068339 0.740365148 1.4020884 1.15163398 1.62267494 1.09565508
    1.29475534 1.18072164 1.48101127 0.64942199 1.51572359 0.489976227
    0.500818491 1.17679703 1.50734103 1.15021849 1.08300662 1.69114363
    1.52501261 0.760906458 0.588851392 0.452279747 0.853747964 1.0634135
    1.30933666 1.4909668 0.560685277 0.704663038 1.15564108 1.26406002
    0.777906299 0.908979475 0.540199578 0.526343405 1.01892447
    1.07746208 1.01607633 0.928231061 1.23033369 0.879938602 0.720521212
    1.42280531 1.4250071 0.828906119 0.656379521 0.595159233 0.839246273
    1.22501874 1.09382796 1.1803925 1.05233955 1.45345998 0.896298528
    1.41774786 1.10641539 1.55923045 1.5607965 0.72978586 1.15826094
    1.08132982 1.03434837 1.33921969 1.56056714 1.66290784 0.68587631
    0.745716751 1.46313608 0.583131552 0.60397774 0.751042783
    0.838628471 0.458288193 0.577012599 1.3461026 0.487158746
    0.820001066 1.30883002 1.04804707 0.81661272 1.21518123 0.780340075
    0.915353417 0.96196264 0.869599998 0.996473968 1.24288344 1.08347714
    1.13704824 0.871598363 0.64244622 1.31666625 1.27374029 1.18097782
    0.604275107 1.11849129 1.27232862 0.530148923 1.28122187 1.47613716
    1.05336225 1.37871647 0.803839982 0.841040552 1.40497851 0.87053895
    0.644382 1.36529231 1.12891865 0.957113385 1.31078422 0.624414623
    0.91662395 1.33612955 0.896210849 0.7228055 0.746024966 1.55685711
    1.62719047 1.3847971 0.675962865 1.1948204 1.53519118 0.531662345
    1.02588379 1.39890075 1.50986385 0.694713473 0.56671828 1.1309936
    0.673277557 1.25296259 1.16553831 0.671293557 1.50687885 1.43414462
    1.11989057 0.88427335 0.43286407 0.591156125 1.32315183 0.794826448
    1.53855515 1.17740631 0.656590164 1.63916409 1.67958379 1.23008883
    1.34238696 1.12210488 1.70067382 1.45550728 1.6160742 0.994423151
    0.808075905 0.714658916 0.62986064 0.42007944 0.660078406
    0.855768085 1.38978267 1.38943732 0.829718709 0.945144176 1.1539433
    1.61653233 1.17863703 0.791453958 0.853544414 0.569441438 1.11290336
    1.14704466 0.448322505 1.14779449 0.656124592 1.36401463 0.891336203
    0.957076311 0.461367995 1.55682695 1.52721381 1.62703085 1.41133225
    1.14790976 1.50966012 1.02325571 0.945482314 1.01536763 1.20995641
    0.835272968 0.958991706 0.554385126 1.53313541 0.666458428
    1.49216068 0.651928008 1.44595397 0.949257493 0.949181139
    0.517801881 1.00063407 0.902997613 0.577802062 0.871520281
    1.04162872 1.1355437 0.640837789 0.794562578 0.752428353 0.458286643
    0.805494428 0.824573874 1.14669728 1.50597215 1.16648567 1.54769742
    1.21708286 0.871565223 0.954281867 0.929484844 1.71373999 1.43894875
    0.895735025 1.30155575 0.620655894 1.36642754 1.57806098 1.4017154
    1.37014127 1.40002275 0.922555923 1.64665496 1.57245588 0.565956652
    0.676339269 1.39990997 1.17172742 1.18924022 1.10573685 1.4358592
    0.64478457 1.3903929 0.940785527 0.886694491 1.10706723 0.921105683
    1.56044281 1.04064023 0.838796198 0.902505279 1.34511018 1.54010904
    0.603377759 1.44746041 0.901733518 1.34539127 1.31869841 0.51521486
    1.01015425 1.09272134 1.67559648 1.47533059 1.61320972 1.1791625
    0.907000303 0.858353674 1.5905813 1.00791025 0.869354427 1.27793884
    1.3033036 1.5561322 1.22782588 1.14708912 1.09028602 1.38367486
    0.636155069 1.45789242 0.512143254 1.43212664 0.901563942
    0.510331094 1.10908163 0.51991266 1.16165423 0.72281146 0.697551608
    0.807642996 0.661839247 0.629343152 1.06792557 1.44940376 0.8396523
    0.41912964 0.562974811 0.638313174 0.985398591 1.54394186 1.09891057
    0.843246877 0.869233012 0.845163882 0.948956013 1.05906188 1.1273818
    0.851869106 1.05082405 0.620596766 0.98653543 0.570862293 1.10250664
    1.61797464 1.38795555 1.14852262 0.802723229 0.953798294 0.982203126
    1.29389596 0.872302115 1.32036018 0.606110275 1.3722949 1.26679361
    0.50863409 1.01105797 0.456700921 0.788518906 0.789062917
    0.765101552 1.5301466 0.946003139 1.21036887 1.18559182 1.58637869
    1.57437837 0.638688207 1.46206963 0.573522031 0.691951454 1.339203
    1.62753582 0.798005462 1.48951042 1.11202085 1.54672921 1.49975371
    1.09742415 0.915343463 0.807122469 0.794326663 1.10361862
    0.528756261 0.630331159 0.578264892 1.13220346 1.46176636
    0.569947839 0.783471584 0.519798338 1.46602702 0.996069551
    0.587239802 0.534795046 1.444484 0.875330508 0.562282503 0.676278353
    1.17019832 1.01091635 0.628745854 1.41573191 0.613569081 1.05681932
    1.38105941 0.951308906 0.985804558 1.16059697 0.989014924 1.33150518
    0.672213614 0.813115001 0.661692321 1.60015547 1.47052717 1.36247122
    1.21843326 0.577823699 1.61677074 1.46032739 1.37289739 0.644761205
    0.700864613 1.19471061 0.571965039 1.18118846 0.522671819
    0.904887438 1.12178934 1.436198 1.56534767 0.923479557 1.36707914
    1.4981252 1.05150533 1.2042048 1.54599905 0.751908064 1.53339088
    1.19211674 1.07972264 1.09688878 1.25062108 1.28647399 1.20302141
    0.747697592 1.39177859 1.20753288 0.865545869 1.01945162 1.54190981
    0.943424821 1.1689918 1.0896467 0.485029817 0.370429844 1.14590788
    0.914446712 1.23628139 0.888365686 0.812994838 0.829861104
    1.61563063 1.12585437 1.07974052 0.954731226 0.632880449 1.07997727
    0.791884184 1.64186621 1.40528548 1.28398955 0.917995274 1.39981127
    1.35963094 1.22699821 1.31664717 1.34196019 1.39223874 0.913190067
    1.61130607 1.49982071 0.616659343 0.646941066 0.517927408 1.427791
    1.05249047 0.523466647 1.26159155 0.712135434 1.1734072 0.657506704
    0.6138345 1.22681069 0.732854605 1.20882583 1.43795729 1.13813412
    0.730789244 0.862317979 1.06226468 0.709468722 0.672575295
    1.44641054 1.39939666 1.64611411 1.56526041 1.4183377 1.39232945
    1.11440206 1.55225313 0.52284795 1.07688677 1.41629159 0.645013452
    0.754406929 1.1975975 1.5814141 1.59754598 0.724447072 1.03992522
    1.39443004 0.88379401 1.13731706 0.744598985 1.44870937 0.711865842
    0.531605363 0.477900684 1.46811008 0.624737442 0.656790197
    1.37947977 1.34189892 1.63958728 1.16415167 1.1600256 1.09827006
    0.696782529 0.692523837 0.850293696 1.28793395 0.909916461
    0.489381164 0.577397883 0.464152873 1.19613528 1.10148871 1.50039983
    1.27719116 1.42953312 1.0947113 1.09863782 1.02460909 1.29591894
    1.31136966 1.48326647 1.12787616 1.07487929 1.04639387 1.61135483
    1.6263895 0.576877058 0.695430338 0.891911864 1.43699265 0.577098429
    0.563026011 1.26494706 0.647730887 1.36107063 1.54194665 0.680807173
    0.595571101 0.58215487 0.695104897 1.15826273 1.22557402 0.623302639
    0.431149781 0.661462486 0.618181407 0.42617619 0.70947504 1.01808989
    1.36661625 0.568596542 0.639827609 0.951771021 1.45737481
    0.843625844 0.917640865 0.896808445 1.23383951 1.24930513 1.16778064
    1.49959612 0.498812228 1.15684998 1.04816341 0.730268002 1.25192344
    1.07426107 1.57363939 1.15160882 0.584516704 1.27620149 0.730877578
    0.90889746 1.52304089 0.906565547 0.602142274 1.23826492 1.04306746
    0.848317266 0.879292846 1.30896699 1.15334988 0.588858843
    0.753796518 1.09902823 1.21838772 0.788061261 0.956282973 0.45979327
    1.25534046 1.36663842 1.49333715 1.48480928 1.00610757 1.34530246
    0.864675343 0.619741976 1.45428491 0.917529166 0.802337408
    1.62415016 1.10543668 1.46316838 1.42152739 0.539437413 0.344025314
    0.338585973 0.502743244 0.42899695 0.466846764 0.924869537 1.4619925
    1.19805837 1.02916384 1.21363509 1.39274216 1.15515065 1.05031705
    1.57315516 0.97873497 1.1453867 0.890384793 0.528872669 0.488597274
    1.10918486 0.811850965 0.400660723 0.75970161 0.558061719 1.44434702
    1.50914729 1.57746768 1.51147234 1.31344879 1.0019275 0.785076439
    1.20847833 0.825734556 1.19904923 1.38776278 0.662372649 1.41095221
    0.646830618 0.626305401 0.6851722 1.11471152 1.00969982 0.761441708
    1.08860695 0.773519456 1.15693331 1.47738707 0.976414442 1.61986721
    0.643133521 1.32003284 0.885415912 0.665424287 1.22040641
    0.739109814 0.97366339 0.801302552 0.960644841 0.482481807
    1.13974452 1.33600152 0.684870958 0.529571354 1.04777062 1.62495553
    1.2816081 1.27749467 1.06716037 0.606429517 0.755001664 0.935564637
    0.454837143 0.675531089 0.559505939 1.4763267 1.27510929 1.31081986
    1.55178463 1.34713686 1.13355696 0.940318644 1.06167662 0.73950249
    0.690651476 1.56377053 1.20851624 1.65186203 1.24545646 0.678352833
    1.03368568 1.55810118 0.813593626 1.5929755 1.57336557 0.913217902
    1.25481868 0.642435014 0.418930948 0.549131215 0.577519357
    1.12399566 1.32018006 0.748833656 0.692957401 0.873817861 1.28962779
    0.857567787 0.913722932 1.08236969 1.15008914 0.911121309 1.59436202
    1.47404587 1.48480499 0.762147903 1.39764237 1.4458251 1.45084774
    1.54511893 0.783692837 0.788653016 1.413252 1.55137062 1.10868812
    0.932927251 1.13730252 0.721470773 1.14688325 1.36477518 1.09561002
    1.52109444 1.40028107 1.69854629 1.25481367 1.51241434 0.885388374
    0.888773799 1.33020163 1.30851126 0.545066535 1.41099763 0.94762665
    1.30430973 0.611770272 1.21625626 1.00769031 0.379113168 0.561139703
    1.02663183 1.56922305 1.57340312 1.36779726 1.5630945 0.76275903
    0.667569995 1.45538235 1.3840903 0.621308625 0.815210104 1.20057857
    0.986557007 0.815140724 0.549177229 0.739104867 1.72396338
    1.75810957 1.47553658 1.51005948 1.6843816 1.49444282 1.54384482
    1.30096042 0.889727652 0.695489585 0.852680564 1.45947349
    0.857659221 0.905359924 1.33202457 1.11595488 1.44676995 1.63246787
    1.39769888 0.640203893 0.75884819 0.943066657 1.20166028 1.03899848
    1.07654536 1.43699872 0.570740044 1.50031734 1.23661733 0.676350296
    0.529792011 1.44702899 0.595011413 0.701950192 0.502469361
    1.45490217 1.14679086 0.768760622 0.667452514 1.46801162 1.29370463
    1.12622046 0.995581448 0.428895712 0.377124697 0.482782841
    0.532039642 1.24419487 0.499093264 0.559823573 0.973479271
    1.00059283 0.958458781 1.46188962 0.59165138 1.10443616 0.576498389
    1.44770277 0.910502613 1.66810787 1.65253055 1.65676045 1.61758244
    1.16710782 0.737627685 0.833806396 1.50969625 0.546305418 1.05687201
    1.34931481 1.03344119 0.728125691 0.909172237 1.19880629 0.599292159
    0.912050784 0.818073094 0.929544568 0.71279186 1.09485888 1.06443989
    0.622732759 0.880930066 1.59955668 1.06089234 0.785523772 1.4175837
    1.48983085 1.70890462 1.36117709 1.06099188 0.545798659 0.444755465
    0.604039371 0.546769619 1.12993896 0.52066797 1.05389762 1.30783367
    0.955989718 1.34826136 1.03304946 1.01896489 0.493944615 0.789708614
    1.61291182 1.48395956 1.4865011 0.470270634 0.409059942 1.141922
    0.807405531 0.792634368 0.552790761 0.922673702 1.21830416
    0.548117399 1.05905223 0.721786022 0.968343496 1.40304208
    0.618580103 0.904256165 0.637969971 0.60956949 1.00647771 0.4679645
    0.912513673 1.03044581 1.23388851 0.92871201 1.45956159 0.991610646
    1.45346951 0.696279526 1.52998543 1.61016369 0.645999968 1.08233523
    1.30011249 1.33233821 0.532414556 0.466018945 0.864890397 1.19243693
    0.944373071 1.34866512 1.28905857 0.468044519 0.671848774
    0.880894899 0.740215361 0.635988593 1.39763403 1.37741804
    0.592843711 1.38491929 1.56981719 1.35159814 0.970126808 1.36804426
    0.498417467 0.851956248 0.48792091 0.335264325 1.39685464
    0.617875576 1.44998157 0.827028096 1.47616935 1.61443257 1.14184093
    0.730567753 0.995207727 0.687366307 0.569878876 1.11915755
    0.723633111 1.53445268 1.44183147 0.792227507 1.34339356 1.62556577
    1.23531473 0.668166697 0.526396394 1.40784025 0.947280347
    0.644676387 0.398371041 0.402006656 1.10056269 1.24085999 1.53644276
    1.44530892 0.567549646 0.72266233 0.862905264 1.4226402 1.20800495
    0.637738585 1.16150296 0.915614247 0.81337589 1.26755762 0.932547569
    1.4670893 0.801499963 0.80291903 1.03462732 0.636761785 1.24602377
    1.25445032 1.1656307 1.13478005 1.04137266 1.06973457 1.46655321
    1.06293619 0.806878567 1.0579685 1.51564527 1.3642987 0.827635229
    1.18321669 1.38402796 1.67884099 0.74923861 0.785865843 0.529925942
    0.960356534 0.576058507 0.936767459 0.745247602 1.17468774
    0.477189451 1.23754811 0.5960145 0.712662756 0.510812223 0.963359058
    1.62000167 0.990293622 1.13758051 1.3280884 0.687972128 1.16111887
    0.813355803 0.732229888 0.902604401 0.80536145 0.831110954
    0.966748595 0.547195435 1.31257677 1.20566964 1.62863839 1.69481409
    1.66825056 1.45066023 1.37648773 0.89425379 0.555106878 0.60367924
    0.482090324 1.44963765 1.18983233 1.13588965 1.08441949 0.922418356
    0.911901593 0.72628057 1.30305374 1.01722014 1.56682789 1.18785787
    1.02852857 0.85952419 0.856959581 0.878333628 0.496690899 1.46034753
    0.992159545 1.15349293 0.809496462 1.35270727 1.13883269 1.45603073
    0.602978587 1.14798629 0.664076865 1.67909181 1.60970807 1.67260754
    1.53732765 0.61062777 1.01069677 0.574154735 0.984251261 0.444817901
    0.706631899 0.39357689 1.08846152 1.51049256 0.908039808 0.71904844
    1.06181335 0.612704337 0.845353067 1.18613553 1.1931076 0.965254128
    1.01499307 0.996947825 1.42479372 1.23244596 1.14213538 1.0184164
    0.684779108 1.58716381 1.03182817 1.23752522 0.918487847 0.530075252
    1.15682161 0.802153051 1.00845456 1.49134362 1.35262644 0.61525178
    0.678043008 1.47300923 0.909790039 1.21818924 1.38631094 1.08478308
    1.46952152 1.0613308 1.27508879 1.48919559 1.37421691 1.59661603
    1.6877079 1.54344118 1.12351263 1.046556 1.43302321 0.701944828
    1.149544 1.12805796 1.24055135 1.39519393 0.760442436 0.625064969
    0.4685238 0.799521923 1.26188958 1.54528892 0.902892649 0.91263473
    0.748847723 0.92389518 1.52808404 1.47413135 0.521558285 0.460287482
    0.903191149 0.576753259 0.491535336 0.694130063 1.11529016
    0.692587912 0.880550385 0.986754 0.864537477 0.947791874 0.480682135
    0.407976061 0.505978823 1.29938889 0.713835359 0.757064998
    0.644234717 0.956681788 1.56954253 0.928082347 1.15820944
    0.885236621 0.647776067 0.761994064 0.709293485 1.58754981 1.2895695
    1.68292415 1.40491772 1.58562696 1.04875863 0.860566914 0.890288711
    0.919062674 1.44474602 0.629809618 0.530780792 1.4675523 0.94002527
    0.48734042 0.881034136 1.02014148 0.717258513 1.3000623 1.50533545
    1.14419568 0.772744954 1.21043837 1.00833583 0.878671467 1.44735408
    1.19743788 1.42481196 0.571972072 0.559215963 0.581880331 1.2769444
    1.37473202 0.738285244 1.0852704 1.08057499 1.11687219 1.16921508
    1.06161094 1.38299346 1.62633562 1.5251168 0.869446099 0.618886054
    1.37077165 1.22078109 1.20350826 1.57587171 0.766134858 0.565383077
    1.24418581 0.889681101 0.832145214 1.29151165 1.51157176 1.30000508
    1.15713513 0.74620378 0.821582198 0.751241267 1.47546029 0.644542038
    0.602462471 0.823090792 1.07828557 0.908792615 1.1313529 0.893610716
    1.31099558 1.41199601 1.27919674 0.596182406 0.740771413 0.981995106
    0.833171725 0.792451978 0.567277372 0.52506417 1.46015036
    0.818657517 1.49373078 1.3381207 1.43394184 0.891926289 0.288045973
    0.745624542 0.39646253 0.537297726 0.605276465 1.41536129 1.51470995
    1.43482149 0.903241873 0.667476773 1.31445968 0.542262554 1.26080072
    0.871050835 1.05759943 0.498603076 0.698588908 1.3804915 0.7763381
    1.48558748 1.46593761 1.31124818 0.653092384 0.802958488 1.61368978
    1.52799571 1.18019533 1.42936063 0.464301348 0.623656452 1.47823083
    0.759346664 1.17611945 1.15317309 0.870451808 0.664016068
    0.539513052 0.747264147 1.66968 1.56976438 1.46794426 0.847779274
    0.64888972 0.830034614 0.629288435 0.52563417 0.957102299
    0.672250509 1.19558942 1.28263569 1.03621805 0.732356131 0.941648304
    0.795207083 1.03735065 1.56125617 1.0403676 1.20494282 0.565414965
    1.09841692 1.09051085 0.933378577 0.608889759 0.890789807 1.55750334
    1.62686133 0.848988414 1.17734432 0.85196954 1.11133683 1.65563297
    1.68424261 1.24774945 1.64948261 1.08150017 1.0672003 1.07129955
    0.938553154 1.3480891 0.556698084 1.26426172 0.581733346 0.598120451
    0.975529432 0.708723903 0.910116971 1.1597203 0.539237261
    0.510968864 1.45968616 0.555414677 0.462088048 1.21980476 1.41279542
    1.60281754 0.775414467 1.40115869 0.864666581 0.787741661
    0.785015047 1.56185031 0.757108331 0.645849884 0.639779031
    0.356829107 0.453014702 0.521806121 0.564350724 1.40130305
    1.12358141 1.13061619 1.00518584 1.37004018 0.496698081 0.546470344
    1.12001777 1.49164164 1.52224779 1.47878134 0.860119104 1.71704423
    1.36529446 1.0360477 1.27270865 0.58439815 0.679222226 0.566035569
    0.855386496 0.910483837 0.99986726 1.07023418 1.16128027 1.11076581
    0.463415861 1.10382807 1.12582064 0.824104488 1.09065211 1.38099313
    0.749895871 0.983042479 0.647434294 1.42961872 0.964343429 1.2609973
    0.684166372 0.643761694 1.44557703 0.976098955 0.962021768
    1.35319221 1.32702374 0.843158245 1.23088622 0.680948794 0.635852039
    1.16207707 0.579441786 0.72336334 0.797958672 1.43707478 1.40795839
    1.07661259 1.07080376 0.827717602 1.29404008 0.99653101 1.20930552
    1.27346408 0.833343327 0.862178862 0.992573857 1.62116706 1.45265031
    1.23522806 1.10295796 0.658244312 0.680057645 1.39257097 0.533029497
    0.665587306 0.971270263 0.676331282 0.587981761 0.792511344
    1.39460313 1.49933362 1.36331058 0.81920886 1.02519321 1.4383949
    1.51360786 0.940662682 1.27684736 1.00482762 1.45482373 1.58066964
    1.38579512 0.78117317 1.23975098 1.32527971 0.509504139 1.38460159
    1.24920678 0.974844754 1.31515241 1.37638187 0.64758271 1.17381299
    1.4652909 1.62583554 1.5609467 0.821196675 1.26725197 0.551055014
    0.867037535 0.778960168 1.0679884 0.837716579 0.51320821 1.1297555
    0.831061721 0.716863453 1.09149575 0.871410251 1.47776961 1.60260212
    1.12525511 1.01527321 1.1361748 1.43536305 1.29972506 1.40947044
    1.36088002 0.745643914 0.755846858 1.39480531 1.00165713 1.04120052
    0.828017533 1.03765416 1.22736168 1.62925422 1.15182924 1.11020041
    1.49328673 0.739901721 0.36972937 0.520099342 0.769417107
    0.805951893 0.528695107 1.6307528 1.28195524 1.43670654 0.67527467
    0.71539247 0.510053277 0.300673485 0.593753397 0.626106083
    0.696893871 1.55757189 1.69411802 1.36385882 0.606341481 0.590061486
    1.03617966 1.51045144 0.734193861 0.5637995 0.704235196 1.03991747
    0.560286701 1.39312446 0.629238069 0.623089731 1.15662205 1.57896638
    0.856751144 1.4078536 0.803056002 0.573775172 0.805203676
    0.940588117 0.489075333 1.49584925 0.955443144 0.820746422
    0.891618729 1.50415838 0.848571539 0.598251283 0.483284652 1.0346005
    1.49671984 0.707935572 0.483755618 1.38707066 0.817423165 1.28369808
    1.08850932 1.06446028 0.488070279 0.974381387 0.893334568 1.38708663
    1.43219662 1.34377658 1.53799117 1.04219592 0.808682144 0.825390697
    1.40074933 1.37015462 0.559629679 1.14823472 1.33330691 1.37873197
    1.48568118 1.65948069 1.68022776 1.15127361 0.662430763 0.546476305
    0.691988945 1.58849037 1.35354877 1.55539119 1.36328328 1.60022914
    0.657154322 0.61256206 1.14685452 1.51992476 1.06776869 1.03715491
    1.26415968 1.63043177 1.58560932 1.56482553 1.12556493 0.699753523
    1.31236076 1.18807983 1.10127616 0.890467644 0.65980494 1.13576353
    0.547520518 0.703550518 1.45667899 0.760034323 0.829295874
    1.41453087 0.653787911 1.53545034 1.44519544 1.59885001 1.36099589
    0.552795053 0.917804897 1.2362268 0.916172564 1.51109266 1.55247509
    0.769051015 1.53397453 0.618445396 0.635585546 0.871982038
    0.799255967 1.43861926 0.729833186 1.35256064 1.34083331 1.55904925
    1.5593859 0.718571067 1.54313731 0.620041192 1.12769401 0.963836908
    0.932629406 1.31788111 1.26595962 0.732343912 1.4329263 1.33801484
    0.607218385 0.713964999 1.40902972 1.3789525 0.76777482 0.556413174
    0.515758932 0.416525811 0.475451857 0.965614855 0.869591892
    0.911940217 0.752038181 1.27391779 1.63189912 1.25955367 0.72164011
    1.42819715 1.53039598 1.16761601 1.3852421 0.646529496 1.49433601
    1.33355057 0.590319753 1.17245424 0.531351209 1.37357259 0.979633093
    0.791052282 0.51478833 0.689140022 0.942010343 0.766923726
    1.55792248 0.927806377 0.482914984 0.856385469 1.54665184 1.38902664
    1.21746492 0.935086131 1.41434169 0.561849475 1.43918943 0.469751775
    0.624135792 0.753881574 0.526042223 1.32098901 0.502823174
    1.13468575 1.05016863 1.48679614 1.37878942 0.783900142 1.49910176
    1.57270598 1.5849303 1.59744489 1.57897854 1.12656891 1.17975295
    1.62171829 1.15625858 1.38527179 1.57236183 0.614777744 0.990882516
    1.33962023 1.08875608 1.01259577 0.824007511 0.998429358 1.30288839
    1.08530283 1.60829198 1.1318624 1.32856846 1.56770205 1.29566669
    1.11863625 0.805293024 0.701728761 0.574195743 1.16858375
    0.680048764 0.801338136 0.945274889 0.923061788 1.05066216
    1.19891834 0.711179912 1.25444734 0.741403341 0.641135335 1.12542582
    1.05723238 1.64144742 1.37016022 0.806612968 1.35470033 0.602071345
    0.645483553 1.27902114 0.521925807 1.18308079 1.09738982 1.02906418
    1.27585578 1.57158244 1.43884802 0.925706089 0.505779266 1.05080509
    1.26699877 0.548296213 0.583198369 0.609232903 1.45592308 1.11799455
    1.39962935 1.15282071 0.339875042 0.260417134 0.418089151
    0.726903558 1.39914346 1.37526643 1.19707894 1.73443532 1.45871925
    1.18280661 1.02175486 0.472304612 1.09734094 0.917955875 1.19507217
    0.587548196 0.473448217 0.93660289 0.704609752 0.573770165
    1.10020685 1.38667428 1.12830043 1.2125591 1.49470127 0.694464445
    1.1139431 1.1126368 1.45860255 1.21676123 0.627155542 1.02485049
    0.593637407 1.10165703 0.760211706 1.5115031 0.61322397 1.0217185
    1.28813183 1.52921844 0.867796719 0.930922747 0.645994186 1.55401504
    1.49930727 1.48642004 0.961230516 0.814100564 0.78898555 1.03171504
    1.65507936 1.0664109 1.56771374 1.67818582 0.812205136 0.658201516
    1.56644702 0.921252489 0.601736128 0.693850338 0.966147006
    0.644580901 1.24646688 1.11438668 1.45001793 1.28494048 1.29794002
    0.970931113 1.46053553 0.968174636 0.716401279 1.56978285
    0.880258858 1.46143866 1.64589477 1.35977554 1.37660527 1.48178613
    0.851892352 1.04256761 1.08360469 1.69692218 1.55623424 0.859586477
    0.807482541 0.562254548 0.752205253 1.08504367 1.57063162 1.57745004
    1.0877645 1.12816775 0.804000199 1.1285826 1.5890125 1.40155041
    1.38654947 1.47154331 1.24844277 1.5664258 1.45905757 1.72728217
    1.15629983 1.24600601 1.16961789 0.686988592 1.49500418 0.691456079
    0.817929924 1.12925684 1.24806976 1.06799638 1.32081628 1.39451087
    0.836017668 1.43185079 1.68292129 1.28838408 1.26151156 0.836201012
    1.58399403 1.33378124 1.38245094 1.31067264 1.30207574 1.3590821
    0.523991823 0.508970857 1.48488748 0.639542639 0.995748281
    0.662291408 0.718235731 0.739276648 0.702629745 1.52224278
    1.43608463 1.33747745 0.440741628 0.699599385 1.46052599 1.50365698
    1.11312759 1.25485587 1.20797908 1.21407247 0.675594449 1.5268023
    1.46155477 0.96726656 0.987939656 1.22128606 1.40574276 1.1678952
    1.46078324 1.17338908 1.09377015 0.738414288 1.45013797 0.613278568
    0.71334362 0.709952831 1.10462725 1.31325841 1.48136258 1.61539066
    0.830002546 0.932466388 0.759679675 1.13166451 0.973728001
    1.39925039 0.913032234 0.908384979 1.57377875 0.605166376
    0.949230731 0.882188976 0.511651993 1.39851964 1.18412411 1.50005901
    1.63063025 1.44562972 1.15114963 1.23335135 1.59925139 0.797751069
    1.55510557 1.59285772 0.798453748 0.578602374 1.10252225 0.665461838
    0.708982646 1.23246157 0.910819113 1.57518637 1.01474428 0.551924527
    1.26705372 1.31164908 1.3307544 1.36181951 0.684870958 0.650299907
    0.746653736 0.791247606 1.52897835 1.38377142 0.784094632 1.39933085
    0.865475953 1.49618196 1.32829487 1.33826447 0.509719074 1.17333448
    0.829257607 0.861578822 0.677199364 1.03379285 1.10304892 1.19001734
    1.52902269 1.03670704 0.676362991 1.25269151 1.08546972 0.577001035
    0.833695352 1.15559638 0.758766651 1.11896622 0.871751189
    0.904600561 1.40440297 1.27387822 0.751248896 1.0580796 0.679180264
    1.17289114 0.659172535 1.23172975 1.40777326 1.08007133 0.897785246
    0.769392371 0.569552541 0.674656153 0.672287583 0.389915794
    0.51338172 1.47131574 1.18852186 1.21277165 0.709071636 0.539915085
    0.961721838 0.814061522 0.576517344 1.2819593 0.676599443 1.640149
    1.44647837 0.728704035 0.89210552 0.688390732 0.542152166
    0.848181009 1.02316225 1.30288148 1.45901346 0.9849962 0.509808719
    0.884853125 1.36473942 0.97770673 1.24167204 1.46502793 1.46033943
    1.19901586 1.65384531 1.12648582 1.69154549 0.908895791 1.21581352
    0.851798296 1.47142458 1.37478161 0.547341645 1.16798162 1.42650342
    1.48697627 1.53087628 1.00365412 0.59746474 1.18318987 1.32075071
    1.50217807 1.13625813 1.33515763 0.549419999 0.881018221 1.24940443
    0.709488511 1.46710169 1.40878236 1.0534302 1.41560149 1.5151577
    1.2341398 1.31757224 1.2459836 1.53798985 1.09110641 0.684808433
    0.800515532 1.41193497 0.75013423 0.678708434 0.668735743 1.49992251
    1.3107326 0.529509962 0.601504922 0.806502104 0.661027431 1.31002641
    1.73980153 0.970320106 1.03836668 0.618502676 0.57431531 1.30166256
    0.943221629 0.816132843 1.42030466 1.28385568 1.07399905 0.489484131
    1.22786319 0.6300174 0.772598565 0.837062418 0.540259302 0.945517659
    0.772150874 1.02858686 0.784931242 1.39173305 1.47844708 0.66378516
    0.849225461 1.25602674 1.32675636 1.00534534 1.72216308 1.7732482
    1.6138556 1.57484186 0.783257127 1.22734153 0.861394465 0.948622286
    1.00099981 1.63283956 1.57421553 1.20132947 1.22690058 1.55009198
    1.66786659 1.71492207 1.23636961 1.03295827 1.37089086 0.921563864
    0.546805859 0.988397777 0.780596852 0.847391605 0.704756558
    1.46921372 0.686852157 1.22124779 0.739208698 1.4733305 0.668202162
    1.20892072 1.32854652 0.896266937 0.937949181 0.468843818
    0.630724728 0.606380701 0.604599714 1.45533872 0.705308378
    1.45421183 1.0887506 0.821186364 1.2194227 0.824156702 1.10856414
    1.46294379 1.43695641 1.35270858 1.14779544 0.864870965 1.3865968
    1.24005175 1.01550698 0.862300515 0.904164195 1.19756901 0.92971611
    0.838583887 1.43987381 0.857912838 0.718562603 1.16069818 1.48672533
    1.01967287 1.49421358 0.936491668 1.62553191 1.53580701 1.37266922
    0.896053314 1.34143126 0.859701991 1.37191248 1.10281587 0.814523935
    0.874059021 0.909804404 1.18244731 1.45256889 1.59314466 0.72729671
    0.839094341 1.63826001 1.22994637 1.48988092 1.29247797 1.26695573
    0.77079922 0.52980125 0.404819936 0.762779772 0.703151703 1.04912329
    0.90362823 1.3095876 0.927816391 0.486494064 0.405884355 0.936639845
    0.990849495 1.22113907 0.601406574 1.40202332 0.529250622
    0.819105268 0.813596189 1.44519317 1.06175888 0.478970349
    0.793784022 1.15160549 1.34225142 1.44545031 1.46370745 0.866508186
    1.11509395 0.560961962 1.50484097 1.31666768 1.02891195 1.13628602
    0.6859079 1.17005134 0.501819611 1.42753232 0.713184357 0.888168216
    0.644885242 0.820136964 0.548226774 1.17344248 0.520363808
    1.33268917 1.31311572 1.24321222 1.48565102 1.3184154 1.55339646
    1.49283314 1.70063865 1.13657188 1.61076391 1.1285485 1.47252893
    0.839625001 1.22873187 1.3326987 0.821779609 1.45491934 0.511977136
    1.0206821 0.663334727 0.42704168 0.572719216 1.27894604 1.17443657
    1.15188491 0.777254641 1.2338177 0.592427969 1.04694641 0.680431843
    1.32376921 1.5177294 0.573458374 0.511000991 1.46566463 0.721444249
    0.770337045 1.2907654 0.49989292 0.737877369 1.04752386 0.910299599
    1.16150343 0.980417252 1.42564034 0.804514349 1.12070251 1.3703537
    1.68589962 1.67243791 1.15317488 1.35240936 0.877270401 1.26550412
    1.4332881 1.03409255 0.864220262 0.830947578 0.659253716 1.0177387
    1.36979187 0.817218542 1.318102 0.902202845 1.05196273 1.49798536
    0.713432729 1.02095008 0.543212652 1.32586539 1.11601746 1.02682877
    0.980258524 0.667055607 0.808492661 1.37433553 0.923396587
    0.979825079 0.59881103 1.14275002 0.851408839 0.849131227
    0.918301463 0.788613021 0.97221905 1.02525461 0.556470156 1.13457298
    1.0512923 0.548848093 1.20973563 0.853347421 1.5887723 1.70833325
    1.68881762 1.53852129 1.43877518 1.163113 0.913985968 1.04614913
    0.453871131 0.58018142 0.668255329 0.885898292 0.504357278
    1.03189528 0.815667033 0.716428816 0.717703223 0.570450723
    0.960939527 1.31595051 1.37977278 1.04245102 1.25947106 0.981637478
    0.762072563 1.48078406 0.776246548 1.08696949 1.57014477 0.955055892
    1.5986445 0.989584088 1.53819776 1.27358568 1.44849873 0.552729845
    0.43073374 0.61738956 1.49082947 0.567372918 1.43827903 0.950809896
    0.908667922 1.40261328 1.09224069 0.997444093 1.61921704 1.21963942
    1.42405903 0.434308499 0.803798258 1.15234506 1.07753015 1.31920922
    1.50720346 0.482679904 0.492259085 1.08466399 0.897988141 0.98560679
    0.793927789 0.760679722 0.828715801 1.28013945 0.560897171
    0.594600201 1.27155125 0.418936104 0.880579174 0.661306262
    1.16757858 0.78642267 1.42831826 1.30973935 0.831551135 0.615961313
    0.926014721 0.634999156 0.910514414 0.775420785 0.791950285
    0.858041167 0.619221509 1.23717761 0.999670148 1.54882419
    0.469630092 0.515611589 0.69289124 0.762459755 1.4988296 0.776007712
    1.09823751 1.45162749 1.62755179 1.00723171 1.4305712 1.05503035
    1.20778358 1.20689774 1.18930721 0.888448834 1.56812823 0.679194927
    1.52503562 1.01574326 0.714216709 1.07988214 1.25211716 0.624933124
    1.12519395 0.632906795 1.14642715 0.704286575 0.994018674 1.35741127
    1.08305323 0.595994413 0.546655118 0.735151589 0.739679098
    1.16975772 1.11999536 1.06436193 0.415209204 0.661623597 1.47150445
    0.782682538 0.587586462 0.585962057 0.990778923 0.457509577
    0.79546982 1.13594198 1.37502444 1.14338088 1.23050821 1.55607986
    0.982720494 0.621893883 0.889614344 0.908058047 1.56406701
    0.865329504 0.89995259 0.501169503 0.918463707 1.07335913 1.12848997
    1.34003186 0.782474399 1.30125773 1.03708863 1.33140528 1.32876241
    0.752105951 0.678218067 1.39397311 0.899739921 1.06426632
    0.877273679 0.410205722 0.653379619 0.92104739 1.36920655 1.39910018
    0.825778663 0.530178249 1.14570153 1.44533467 1.61423492 1.65628481
    1.13911104 0.932628691 1.44036031 1.59110618 0.713087738 1.42528236
    1.09669912 0.878852546 0.894368291 1.44543827 0.951644361 1.01050174
    1.08737791 0.619171739 1.49602437 1.45120275 1.17151666 0.760523081
    1.49505687 0.946638644 0.939264596 0.70262903 0.724643946
    0.936543524 1.58859444 1.46547246 0.654186666 1.05376613 0.9199754
    1.03109467 1.48104131 0.637203097 1.22507966 1.49219406 1.2210176
    1.37184286 0.877453446 0.759946704 1.50104821 0.683770597 1.52558947
    0.963539004 0.917084873 0.578100979 1.3120234 1.1364696 1.28426659
    0.586056292 1.26624203 1.51978254 1.49605691 1.22537589 0.725018382
    1.02885199 1.30648208 0.771484792 0.783588946 0.641161978 1.28086317
    1.46562409 1.31461418 1.08265829 1.29986441 1.27137423 0.833730757
    1.53810692 0.795326471 0.877949953 1.27860439 1.0550797 1.52215934
    1.25518131 1.45810103 1.20705342 0.910532534 1.08320749 1.15179288
    0.393865526 0.620958209 1.35542369 1.39685202 1.12534356 0.760907829
    0.751069784 1.5505718 0.988006055 0.991242111 1.2379185 0.858721077
    1.45419872 1.37423372 0.80573386 0.980731368 0.506324291 1.1904223
    0.641542435 1.30304873 1.39318109 0.983993769 1.35896933 0.607416391
    1.38783753 1.1486237 1.61325085 1.56472492 1.50410652 1.61385727
    1.18699348 0.935823619 1.14151645 1.48329508 1.14683557 0.61318928
    1.0722394 1.03476357 1.52830684 1.63692868 0.797542989 0.923500478
    0.990168929 0.9992975 1.37140727 0.509332418 0.823976398 0.857096076
    0.602688551 0.78033185 1.52563787 1.52736235 1.10542369 1.19477427
    0.911343694 0.91458416 0.535780549 0.800342441 1.25369227 1.0127666
    1.37001467 1.13054764 0.661653221 0.999735832 0.982887805 1.24387074
    0.850816309 1.4053334 1.43050241 0.955588818 1.21018469 0.991795957
    0.597829461 0.764143229 0.614094853 1.0009011 0.813741684
    0.625055492 0.647492409 0.91510421 0.639094055 0.68144685 1.26198328
    1.35782003 1.12051356 1.42055178 1.53958559 0.810730398 0.436049432
    0.971605897 0.684988379 1.28241599 1.57529521 0.641528904
    0.448886454 0.929784775 0.511250019 0.968764424 1.59959197
    1.36070001 0.738437116 1.202896 0.966640472 1.45105243 1.14876783
    1.67594028 1.42089033 1.56257665 1.29211569 1.35670817 0.804469109
    0.909414768 0.471919835 0.527563989 1.56420779 1.50070179
    0.752177119 1.5328908 0.850386024 0.748543739 1.48869503 1.56031799
    1.40890992 1.18516195 1.07792926 1.32869112 0.781281054 0.754148185
    0.868322432 1.46334887 1.06782973 0.558384359 0.686535299
    0.893770993 1.12107885 0.642867267 1.02263832 0.471057683
    0.698560417 1.25774992 0.520102024 0.494632602 0.71147573 1.09857213
    1.51866424 1.00550246 0.48292312 1.36956799 1.05104899 1.04107571
    0.646645606 1.32468939 0.726924896 0.991205752 0.446431607
    0.859595537 0.980188966 0.647085965 1.13048565 0.556700051
    0.643034995 1.38085663 1.23200953 1.00428784 0.84643209 1.58050609
    1.44633496 0.689424574 1.41874933 0.630474865 0.468853474
    0.688324511 1.22635567 0.74693352 0.775853038 0.925793827 1.37758553
    1.61281478 0.898109019 1.64571679 0.720211387 1.14742649 1.05520117
    1.05007398 1.44551921 1.45541012 0.875495434 0.82872653 1.03783596
    0.731524408 0.480504483 1.29020929 1.00858366 0.587398589
    0.606742144 1.40042007 1.03613782 0.996469557 0.793278456 1.02829397
    1.48502088 1.60909069 0.95807749 1.42367077 1.72578621 1.60943484
    1.23322892 0.74144572 0.715690792 1.2749157 0.617391765 0.712917089
    1.34286296 1.31711543 1.06975293 1.44017613 0.972040296 1.12259328
    1.10438836 1.52939689 1.19527149 0.938502073 0.612719417 1.46021175
    1.45402908 0.60500747 1.02073765 1.54256809 1.59980512 1.60691929
    0.996066868 1.14134431 0.873118818 1.03581405 1.319134 0.935614109
    0.715646386 1.33747125 1.17251372 1.0400883 1.13698196 0.533035815
    0.808024764 1.28719437 1.48461509 0.877054989 1.44444728 1.02156198
    0.677968144 0.744327605 0.542622149 0.84722209 0.834204078 1.1473527
    0.685583949 0.667581677 0.557098985 1.11189473 0.692107797
    1.60696578 1.28876019 0.754080594 0.675496221 1.17912841 0.89070183
    0.891510308 0.750047326 0.411330312 0.616454244 1.27057779
    1.62669814 1.54962742 1.24505353 1.56323564 0.82482183 0.50173521
    1.17465854 0.938542426 0.983592272 0.932203293 1.15606439
    0.636134386 0.804547548 1.38792217 0.828072488 1.3585546 0.693648636
    1.08857346 1.04080999 0.775265098 1.29333198 1.44232798 1.24945796
    1.29851067 0.956155121 1.31288791 0.802872121 0.559045255 0.55876559
    0.849917412 1.05068183 0.834376156 1.17547166 1.01934135 0.845366597
    1.31146657 1.17194808 0.929508984 1.41658247 1.59047794 1.13551772
    1.27302539 0.516497195 0.742718339 0.655748844 0.543739676
    1.51577258 0.512270987 0.468255579 0.505886912 1.0606308 1.05267036
    0.567839622 1.06978083 1.36363912 1.32321239 1.65675092 1.05085838
    0.601158619 0.629597008 1.33306134 0.66639632 0.901192427
    0.468700856 0.715837359 0.371903896 0.793196857 1.30174303
    1.00750899 0.533980489 1.30844283 1.15060449 1.55219865 1.34104621
    0.977682352 0.859573245 0.797339797 1.62576067 1.57103515
    0.891400635 0.835025907 0.527044475 0.515776873 0.588845432
    1.46788216 1.581532 0.961844146 0.883001268 1.07753563 0.479497135
    0.805177987 1.45158243 1.51712406 1.33278072 1.13369489 1.2652514
    0.626943827 1.31905055 0.650474966 0.901613474 1.57474077
    0.958078742 0.979636133 0.981913567 1.41985881 1.21009719 1.40860975
    1.04800057 0.922693551 1.13141799 0.678454876 0.515825272 1.11597359
    1.56124318 1.58508563 1.161286 1.62585402 1.50563514 1.02795672
    1.55116844 0.791663349 1.33276272 1.29776371 1.31067157 1.5753355
    1.23746526 1.08496273 1.0143683 1.17620242 1.08843553 0.837027788
    0.865410864 1.09782779 0.615381181 1.23508477 0.654612422 1.15426421
    1.51974809 0.784793735 0.5053581 0.759556115 0.813330889 1.50378001
    1.23614788 1.22220457 1.41366923 1.16023815 1.43959689 1.26908064
    1.56151938 1.53708875 0.693075716 0.709890425 1.04830265 0.967882156
    0.970174849 1.09191227 1.35143292 0.717421055 1.02916729 1.05912924
    1.16436732 1.52580893 1.11959314 1.28977537 1.42184532 1.262519
    0.581883609 1.37892699 0.993280292 0.781338155 1.33903503 0.87403959
    0.855964959 1.35362589 0.828820586 1.21197283 0.672536492
    0.732669473 0.885488808 1.02557003 1.19960296 0.859772146 1.05072641
    0.944941163 1.30259609 1.5057435 1.38771272 1.42355406 1.73348033
    1.36191738 1.04768705 0.941939652 1.55503261 1.21528244 1.35130525
    1.28406405 0.605719626 0.795881569 1.2755183 1.02901518 0.602224767
    1.34270179 0.629963577 1.26613605 0.940879643 0.51879549 1.09367645
    0.741630316 0.842880964 1.03680491 1.24008155 0.857819855 1.01733899
    0.674914837 1.18115425 0.986246347 1.11507177 1.54475129 0.751654625
    1.16568279 1.28556442 0.596205413 1.57129025 0.663059175 0.854275703
    1.07358313 0.827534795 0.723720729 0.648512781 1.28090155
    0.497989267 0.540285587 0.939786553 0.710113287 0.902049839
    1.51148987 1.23507953 0.762427568 0.77485323 1.42929399 1.44589806
    0.456234336 0.543020546 0.772501051 1.43903887 1.44843841
    0.479948938 1.13920498 0.934548974 0.700978398 0.764408112
    1.03794253 0.679886639 0.402600884 0.803408086 0.88658762 1.59299529
    1.51308227 0.816913366 1.14916396 0.813735068 1.34303379 0.611776888
    0.503531992 0.489029467 1.04752767 1.30850244 0.574137986
    0.666104317 0.857637107 0.711086214 1.16863096 0.44430089
    0.402741849 0.728736043 1.5398705 0.616515577 1.4240005 0.934831738
    0.562781632 0.558307946 1.2679168 1.15498483 0.735040724 0.564909399
    1.42502725 1.43283856 1.14323044 1.59571826 0.791312754 1.10381663
    1.44899631 1.64370787 1.28710866 1.24210835 0.631554663 0.629569411
    0.686201215 1.27740896 0.629625857 0.62784487 1.28902483 1.25803447
    1.30300498 0.634688556 1.4969691 1.54533458 1.22270465 1.34331167
    1.54688513 1.1396631 1.60091913 0.656101406 1.52383304 1.39524448
    0.779736459 0.477137864 1.44638538 1.02418005 0.951016545
    0.665231705 0.414597273 1.0580833 0.950158715 0.608877957
    0.569366693 0.549263775 1.1223315 0.713274777 1.32866549 0.609976053
    1.08277667 0.981029153 0.700653732 0.801842391 1.31034195
    0.838733971 1.40350509 0.995453298 1.43204546 1.43382609 0.569158614
    0.863150835 0.463111341 0.837499261 0.878345072 1.47926903
    1.66414833 0.800530374 1.13934112 1.3407079 0.48770979 0.70359987
    1.0976218 1.00776291 0.830454886 1.47503126 0.809181333 1.01833415
    0.583603799 1.18425262 0.704347074 1.38094163 1.22287869 1.45383239
    0.533479571 0.482165307 0.54189992 1.59043705 1.04794109 0.828657448
    1.05855465 1.37402558 0.732419193 0.985630214 1.26750302 0.768902481
    0.418994993 0.490255743 1.05786061 1.31737459 1.11625946 0.897711039
    0.829062402 0.528795719 1.4288919 0.521611869 0.784985304
    0.946558535 1.37000537 0.623788357 1.64052093 1.30907989 1.55625212
    1.58668578 1.26438046 1.22277069 1.00154579 1.53604388 1.15607631
    1.29759407 0.734295905 1.37400174 0.61295855 0.616051137 1.22680867
    0.464217216 0.736489296 0.736739993 1.08134627 0.936621904
    1.46314621 1.6245327 1.1493839 1.3752563 0.662675977 1.49617612
    0.698806763 1.54034758 0.971756816 1.10436809 1.40552497 0.900274456
    1.09069347 0.53709352 1.19482696 0.91359961 1.25193632 1.42249739
    1.26161206 0.683469176 1.01753116 0.687414944 0.52349627 0.733529985
    0.539748013 1.36024356 1.06149161 0.902473867 1.08588958 1.15004456
    0.974146068 1.42826092 1.60788238 1.3037262 0.630073726 0.481016546
    0.577116787 1.26964855 1.44343865 1.42814767 0.817279935 1.4162178
    0.613173366 0.802533269 1.17677963 1.48072231 1.32053411 1.29393649
    1.32534897 0.692684472 0.974145651 1.60162878 0.934562266 1.22661626
    0.743734241 1.25119412 0.596462369 1.12374055 1.55428708 1.39573681
    1.48858976 0.735683143 1.51540077 0.531321526 1.26828587 0.903897941
    0.617282391 1.41712892 1.16646409 0.962477565 0.518248022 1.18092775
    1.58081591 0.876177609 1.4940697 0.739784241 0.565250754 0.566460967
    0.510844052 1.08589244 1.41497922 1.56678057 0.923524737 1.37120318
    0.967710018 1.35702443 1.44744325 0.572986484 1.18079019 0.582378626
    1.44019973 0.696434081 0.512575805 0.537991285 0.845442355
    1.46541595 0.74454248 0.643251538 1.33369851 0.991297424 0.840257347
    1.67109585 1.63857877 0.830238044 1.4703027 0.660653651 1.24612582
    0.508808374 1.0775274 1.11121416 1.53412926 0.644057989 0.750267565
    0.53027308 0.65063566 0.846202433 1.28252602 0.632178724 0.743192971
    1.02973962 1.30876422 1.01848185 0.593152881 1.44360685 0.518001199
    1.08890653 0.451522797 1.04607666 1.51755953 1.57639229 1.37254882
    1.49767315 1.12797749 1.27400446 1.34886396 1.12818813 1.38069499
    1.43862879 1.30484295 1.16163862 1.08829534 0.900531948 1.52123046
    1.57765543 0.959266007 1.32133508 1.33004963 1.04847884 1.64662671
    1.24932611 1.22420299 1.61561537 1.53059268 1.61631119 1.50947738
    1.63370001 1.3455739 0.843490362 0.926641822 0.72045964 0.93795532
    0.622947097 1.56469107 0.979153931 0.749213099 0.60546869
    0.754008353 0.574236631 0.754187226 1.01727438 1.42241895 1.56252694
    0.590048254 0.927652359 1.14450383 1.15650988 1.35361528 1.37880671
    0.568545341 1.17024255 1.21541846 1.16577792 0.92761308 1.05587542
    1.17117631 0.661193073 0.842008591 1.03103125 1.17037296 1.20020986
    0.854298353 1.0032382 0.851416945 1.12770581 1.6561805 1.44562221
    0.764250278 1.32587826 1.10533619 1.5243845 1.35667837 1.57806408
    1.11904871 0.674713194 0.720062435 1.40630317 0.666386008
    0.680759192 1.43027222 0.552703202 0.388292491 0.428405941
    1.35033071 0.758969367 1.17982435 0.979948461 0.946652651 1.24826634
    0.897072852 0.77096808 1.17793977 0.805980325 0.725367725
    0.482253224 1.21573591 0.496947646 0.63996762 1.26386893 1.21968722
    0.873008251 1.09918499 1.55013013 1.44639623 0.560170293 1.13170338
    1.34790504 1.51939857 0.959162533 1.28673255 1.4388634 1.53128958
    1.29055929 0.874714792 0.535045683 0.777509749 0.650742352
    1.25639391 0.84777391 1.26677787 0.588492334 1.47999668 0.508704662
    1.10768545 0.731966972 1.16630507 0.880040288 1.68178546 1.60153389
    1.52712083 1.26648974 1.3692627 0.685304224 1.48831868 1.04265141
    1.05176198 1.17877305 0.632886529 0.512566209 0.642934561 1.10647774
    1.46834195 1.48351288 1.25461197 0.63469559 1.03851676 1.1437093
    1.5143708 0.85395813 0.528992057 1.22538412 0.838137031 0.677471995
    0.862712801 0.710557282 1.42421949 0.719488144 0.83879745 1.45465624
    0.803108454 1.29154015 0.759493172 0.682030618 1.34927595 1.21213448
    0.775841653 0.646026611 0.6903494 0.804643154 1.55977416 0.696464002
    1.01032865 1.62316787 0.871357381 1.75047648 1.69907308 1.56850648
    1.64549625 1.41039383 1.57782197 1.54297817 1.10129166 1.53545129
    1.27819812 1.56449628 1.05899465 1.39749002 0.775671661 0.93114239
    0.563299477 1.11825967 0.985825181 1.02842867 1.35762072 1.26329184
    0.937128067 0.874167442 0.869862974 1.42006171 1.49656856
    0.911987007 1.47502303 1.02249992 0.854368329 1.24901712 0.917288423
    0.591582 0.863193989 1.35248578 1.46222472 0.781697869 1.60667276
    0.618843675 1.40292025 0.947203696 0.892397046 0.960392833
    0.511678219 1.17925298 1.23706961 1.47878134 1.17295814 0.750098586
    1.39359462 1.34677267 1.19141245 0.939152062 1.56938183 1.02490652
    0.70596385 1.27466476 1.06975949 0.935873449 0.728507996 0.656596839
    1.52429152 1.49172938 0.805512488 0.925868154 0.668656349 1.45933485
    0.802359223 0.531393111 0.954963744 0.869320512 0.533867359
    0.901598871 1.19079578 0.470084399 0.747112155 0.602323294
    0.524454892 0.421784282 0.836366832 1.29000556 0.778469026
    0.627697349 0.885159552 0.773699224 1.06361461 1.5885061 1.24298823
    0.954136491 1.11765075 1.23093045 1.19518638 1.29339349 1.56480217
    1.2043705 1.39950812 0.656282902 1.56077611 1.60604501 1.38391542
    1.54021728 1.6895082 1.49314606 0.588110566 1.48169911 0.863513529
    1.46543658 1.46319413 0.833615541 1.46382225 1.01785207 1.41469598
    0.697552323 0.830649614 1.15639186 1.14009333 1.44775307 0.558533192
    0.940891385 0.318419993 0.415239006 0.365163267 1.13927758
    1.56444573 1.1759764 1.11534131 1.43306589 0.881264627 0.856983185
    1.20294571 1.51484811 0.654724538 1.43587244 1.55726159 1.04384065
    1.03150058 1.09711146 1.07240081 0.768325388 0.869431436 0.786222994
    0.629029274 1.29215407 0.61346668 0.781624079 1.3956598 1.12375236
    1.45496345 1.43729746 1.05538321 1.32005012 1.19984913 1.12818766
    0.876569211 0.733266175 1.14457715 1.1604532 1.21740615 0.673119664
    1.04802656 1.21104109 1.11562192 0.644382596 1.20444834 0.545911491
    1.51323748 1.1747185 1.22201037 0.720771313 0.814629078 1.29117227
    1.51521289 0.786033988 0.802745402 0.390588284 0.329398543
    0.373238385 0.541573942 1.03834212 1.07078314 1.1049391 1.35024631
    0.562226653 0.809887528 0.929933727 0.616125643 1.18677509
    1.05750096 0.608860791 1.05473864 1.38782191 0.610361516 1.34071398
    1.16281366 1.32620823 0.587449193 0.421726137 0.89482224 1.3696599
    1.52083838 1.2265923 1.16540468 1.00924659 1.30981278 0.590116084
    1.26004398 0.477297962 0.438412964 0.946052253 1.2818048 1.20889843
    0.87875855 1.34840119 1.54840541 1.15990186 1.27197707 0.661084354
    0.871157944 0.686181903 0.629903853 0.549477696 1.37416041
    1.42902017 0.782801509 1.17604935 1.08669972 1.01727951 0.443737358
    0.873745501 0.971937537 1.14902163 1.38401854 0.471619636
    0.788011551 1.04112446 1.04564834 1.19467831 1.61854529 1.47660553
    1.25778735 0.645723701 1.53931296 1.1029253 1.26697648 0.820078969
    1.4807719 1.09130394 1.24258661 1.64910853 1.51208472 0.864967644
    1.40929782 1.46781409 0.926750898 1.27585316 1.46699524 1.65594459
    1.44474554 1.08773065 0.852674901 1.24067998 0.805309415 1.3024236
    0.634841561 1.47653437 0.924771905 0.649470985 1.33154464 1.02138507
    1.37740922 0.838047445 1.16676795 1.19307125 0.937131107 1.13656545
    1.13053143 1.00675428 1.38661897 0.571559966 1.33949769 0.699210703
    1.46216774 1.20817184 1.19105196 1.55400229 0.537704706 0.877977312
    0.650205612 1.16229045 1.04239047 1.34496748 1.44311762 1.20493519
    1.60723233 1.30628324 0.670196831 0.745929003 1.14741838 0.84676975
    1.45035136 0.618760228 0.856165826 0.914496899 1.41187739 1.47320175
    0.689289749 0.652420819 0.494820565 1.24914908 1.40990341 1.19524574
    0.793889225 0.618385375 0.677854836 0.809213698 0.9995628 1.07788193
    1.54327798 0.929543853 0.784129202 1.30163944 0.997933447 1.20405757
    1.29824352 0.769800246 0.474234343 1.27917445 0.737080514 1.09633064
    0.941566646 0.522468805 1.4709295 1.39598691 1.28111517 1.41540551
    0.879319787 1.4538759 1.62351143 1.4461087 1.33748639 0.943286836
    1.19511724 1.44677782 0.780382812 1.42011082 1.54238844 1.13326085
    1.62359297 1.00902104 1.04115832 0.831072509 0.84896028 0.999267936
    0.855839491 1.18339944 1.2002033 1.57941365 0.867889345 0.6123541
    0.893910289 0.624917924 1.23060811 1.43924606 1.29677546 1.13900816
    0.847032964 1.32229185 1.36142528 0.954599798 1.59279108 1.08721781
    1.52623892 0.705244422 0.594167233 0.395463109 0.649483502
    0.70125252 0.671821356 0.542330861 0.763309121 1.09539425 1.01050842
    0.83541733 0.467866302 0.445985317 1.24145854 1.13355768 1.42774761
    0.951411664 0.520190835 1.49978459 0.832708836 0.450877935
    0.486248761 0.831294954 0.88595444 0.609484613 0.549484789 0.6501652
    1.48325598 1.54553473 1.12085092 0.859459043 1.55496395 1.49822783
    1.19020391 0.760210276 1.07836258 1.02768922 1.43853855 0.828218341
    1.24052894 1.41009033 0.993566096 1.01309502 0.885788023 0.424467683
    0.641823292 0.53262198 0.550923944 1.55618548 1.26827538 1.48222935
    0.618484855 1.03247488 1.32506776 1.05137289 1.10052145 0.520617068
    1.30892086 0.860025048 0.727762938 0.940136015 0.47852698
    0.640155733 1.33841121 0.784262061 0.65196079 1.49484682 1.53413033
    1.26764417 1.17014539 1.14861524 1.2793107 0.826661646 0.710978925
    1.08600664 0.642592132 0.801127493 0.616644919 0.709235132
    1.42347002 0.505338311 0.900224745 1.48889112 1.19898987 1.02870095
    0.84445256 0.677023888 0.770771921 0.543732405 0.673247695
    0.509284079 0.820111632 1.05051386 1.03494096 1.30512965 0.739831209
    1.33623767 1.33811259 0.982452512 0.55535382 1.17441952 1.36014223
    1.13047767 1.18179917 0.613970399 0.988089204 0.945601523 1.07212162
    1.48666501 0.688979089 1.33537805 0.50841856 1.23722219 1.04028857
    0.485462129 1.22576165 1.02036297 0.888224423 0.693654597 1.49664819
    1.78791118 1.59671056 1.57255602 1.26753867 1.59921575 1.49937916
    1.5071677 0.615037858 0.673103869 1.24000549 1.46605444 1.51152885
    1.51557219 1.61902905 0.780388534 1.56885529 0.985413909 1.41136169
    1.31999743 0.993442655 1.19953978 1.37860143 0.558903813 1.15722704
    0.844338715 1.45341671 1.16890037 0.748456776 0.495038241
    0.835892916 1.49902046 1.51213706 1.2104007 1.09751809 1.42448854
    1.58639133 1.4397167 1.00299168 0.642495811 1.0137912 1.4083755
    1.34675324 1.54115868 1.38265443 1.09426379 1.18209958 0.561128974
    0.62032944 1.16245282 0.73978138 1.41977537 0.7700001 0.646686733
    1.57519698 0.830369711 1.54221094 1.19823873 1.37931049 1.00361538
    0.573034823 1.27197015 1.08661532 1.52168489 1.26572347 0.456510216
    0.459905535 1.11831284 0.740219235 0.932904124 1.10188901
    0.851276278 0.929112732 0.571878493 1.41496789 1.16903794 1.11040962
    0.796192944 1.07544029 1.39726233 0.69273454 0.9012537 1.57677186
    1.53234327 1.2836405 1.25080621 0.868599653 0.690848291 0.997746229
    0.695396543 0.45642072 0.486194968 0.654183507 0.568494201
    1.24757957 1.44386041 1.51526165 1.06370139 1.30515301 0.909363925
    1.65588129 1.04356551 1.15984344 1.31777608 0.73950392 1.57664526
    1.53830051 1.43991113 1.44769824 0.765749574 0.85619992 0.988938808
    1.09411609 1.50065053 0.878569841 0.471548676 0.400849581
    0.935678184 1.19296348 1.08979321 1.63298154 1.11691189 0.64229995
    0.682281017 0.927936792 0.73532033 0.791747749 1.57261872
    0.794485033 1.11506677 0.662566185 0.602032006 1.2296102 1.36349905
    1.61351192 1.41227901 1.08618653 0.859631836 1.05621099 1.18600392
    0.651577234 0.414996296 0.856288254 1.36810434 1.14091492 0.97548157
    1.36580813 1.1572355 1.16254282 0.412934273 0.525025308 1.32646942
    0.868307173 0.60705018 0.500291765 0.912086487 0.685534537
    0.367059886 0.699901462 0.4577277 0.836284935 0.693378031
    0.471223563 1.07749522 1.13256979 1.51369607 1.05098665 1.13982439
    1.4394536 1.61465967 0.995291114 0.742577851 1.41954839 0.682170808
    0.795652151 1.34970856 0.839399397 0.468725026 1.04066706
    0.851469219 0.480237305 0.438125253 1.00069582 1.38897419 1.38141286
    1.3015058 0.969353676 0.973532259 0.805352092 0.95872283 1.06177354
    0.634363651 1.21424389 0.926398754 0.727172554 0.417404354
    0.451501608 1.11401606 1.20061958 0.981222868 0.506571233 1.10480034
    1.29725289 1.31068516 0.704854131 0.781340301 0.513984382
    0.701004684 1.50623572 1.0664717 1.39461648 0.715938449 1.05387664
    1.16298449 0.887237906 0.722658098 1.52327049 1.34243262 1.43274677
    0.887415707 1.16148841 0.873271346 1.44184768 1.09514797 0.907811701
    0.467064917 0.740468204 0.862921596 0.765879869 1.21176958
    1.57291484 0.782211304 1.13951921 0.87511003 1.09771633 0.696010172
    1.37334955 0.670555651 1.57874429 0.593005538 0.40657559 0.533602297
    1.45969284 0.814990342 0.779953897 0.861521542 0.49847579
    0.603894472 0.701264918 1.06962085 1.25338471 0.600793839 1.13028634
    1.02560341 0.926833212 1.08627772 1.62467933 1.72203743 1.42542839
    1.21926939 1.41336346 1.80500913 1.69625497 1.65149665 1.32680452
    1.00864208 1.3332814 0.652393758 0.782200336 1.55788457 1.72768784
    1.22410965 1.28862059 0.670803964 0.622979522 1.42106187 0.690193057
    0.821600258 1.52934694 1.00209081 0.638128281 0.451413304 1.12903738
    0.930498183 0.600179136 0.926293373 0.933233619 1.04540217
    1.34430838 1.35473084 1.56520247 1.63938475 0.599357843 1.39445651
    1.56703568 0.612150908 0.863322437 1.55474293 1.40888345 1.66597843
    0.897048593 0.525135636 0.71272105 0.539923191 1.21981728
    0.577846646 0.578304291 0.678533554 1.11184752 1.24152482 1.17183435
    1.58147895 1.42015433 0.743437409 1.23072445 0.788848698 1.05241263
    0.871392846 0.709124088 0.940394938 1.30551493 0.594872415
    0.501217663 0.561899483 1.44896698 1.44165123 1.16516387 1.26840925
    0.768640101 0.876962781 0.584148884 0.596686602 1.2224586 1.28963339
    1.26201344 1.28853047 1.10961282 1.20238292 0.559403896 0.885699809
    1.07610118 1.44306147 1.20304441 1.16157484 1.00698006 0.481851786
    0.552646458 1.40505421 1.31665599 1.15240502 1.20721221 0.713700175
    0.968559206 0.750333786 0.556226611 1.5269208 1.53167617 0.959569693
    1.3934164 1.34099877 0.657192707 0.977485716 1.12972856 0.653757632
    0.819756567 0.987169087 1.18317699 1.10972548 0.600442946
    0.899190485 1.10464454 1.49816608 0.641094327 0.841118872 1.63034284
    1.62032533 1.19051874 1.05675972 0.609104812 1.37748671 1.17802143
    0.723786116 0.72461307 0.659114361 1.21879685 0.546139359 1.25332856
    1.04454184 0.783758521 1.01836717 0.977080464 1.08455563 1.44291067
    1.56124139 1.03984213 0.968849897 1.3331722 1.1404736 1.03213954
    1.00406599 1.08566844 0.802274883 1.01006973 0.489205956 0.58906436
    1.06794536 1.52552176 0.971825123 0.639635623 0.62221843 0.931337059
    1.1823349 0.886005402 0.664591432 0.684813321 1.08695567 0.912627399
    0.471510947 0.527866602 0.953417003 1.11697543 1.66498005 1.67570162
    1.46606123 0.810252309 1.62789786 1.55054939 0.732193172 1.21094811
    0.723093748 0.565789402 1.2237165 0.400177926 0.586042225
    0.627415657 1.27154517 1.43019378 1.43163228 0.906646967 1.55148411
    1.75151682 1.46802652 1.36559856 1.36634183 1.10917354 1.05523491
    0.937148809 0.980675817 1.30354106 1.56406307 0.863216817 1.15122461
    0.664941549 1.10985696 1.61323047 1.33919036 0.756432712 0.659183502
    1.16555703 1.1184051 0.646912456 1.04762578 0.560538054 1.37784886
    0.835452318 0.678531349 0.731114507 0.475592941 1.36348999
    0.797778904 1.38370812 0.783269048 0.994004428 1.41678023
    0.591761649 1.16849196 1.3823266 1.36174846 1.01379025 1.27385592
    1.58714151 1.40449131 1.33652699 1.54954553 0.561198473 1.07186341
    1.53964877 1.33613205 1.28440857 1.09607232 0.747676551 1.19418633
    0.609448314 1.31437933 1.58117819 1.19367802 0.586008132 1.11741328
    0.701526105 0.71848911 1.45470691 0.526400506 1.37069523 1.37854445
    1.05215228 1.1868664 0.728744268 0.740389764 0.429167449 0.703308642
    1.01822138 1.59323573 1.28706121 0.827678561 1.00273561 1.3687886
    1.67555368 1.74735606 0.759186447 1.59895587 1.65201509 1.00748062
    0.852042377 0.649512887 1.33008993 1.60270894 1.47631884 1.26283097
    1.05044925 1.21667862 0.97488308 1.20544243 0.830048561 1.17902946
    1.03785491 0.982442558 0.890363216 0.52130723 0.770530164 1.10848355
    1.49172902 1.18476927 1.11147952 0.517762482 0.634210587 0.656133711
    0.677056551 1.22973239 0.628695071 0.611781955 0.912878692
    1.53626478 0.933199883 1.599684 1.26815248 1.66415083 0.97343564
    0.607865989 0.75196141 1.43678427 0.835705757 0.607204735 0.93442297
    1.0986737 1.51685381 1.21368206 1.45920944 0.6620152 0.954588115
    0.967457712 1.29704797 0.790401042 0.393451959 0.489845425
    0.704826891 0.441464633 1.02730405 0.705819011 1.47620332 1.26111305
    0.917253733 0.612500548 0.662240863 1.121099 0.764558196 0.954256117
    0.492327392 0.622642875 1.48388636 1.27809107 0.542326152
    0.552291512 0.951896787 0.747069955 0.566023648 0.521455467
    0.689794004 0.83397758 0.72887975 0.807437778 0.544505 0.475853294
    1.09012723 1.49687958 0.634630442 1.36858499 1.07329106 0.913949192
    0.465725601 0.645670176 0.57829535 1.44030666 1.04844463 1.47453415
    1.49855673 0.556525469 0.569038332 0.930113137 0.739294112
    0.667850971 1.15436888 0.517329991 1.5223465 1.24137485 0.605554938
    0.759461582 1.06608522 1.57051361 1.25866246 0.947543204 1.48448646
    1.44818997 1.07058561 0.559175253 0.80586344 0.570968628 0.507875085
    1.46495092 1.27867627 0.918955863 1.44986701 0.672448993 1.58000124
    1.12671375 1.48895729 1.00031412 1.50412869 1.36311007 1.25770307
    1.19609153 0.771776855 0.534351408 0.695302367 1.43705094
    0.581172884 1.13519681 0.884473443 0.85390228 0.686463177 1.08934748
    0.775964975 1.50686288 1.45891678 0.728662968 0.619005561
    0.737128615 1.32194483 0.682665706 0.940826893 0.415873677
    0.743152678 0.875716329 0.805950522 1.21408224 1.23002219 0.48209554
    1.40951014 1.09275043 0.859909713 1.59783471 1.1949507 1.5636673
    1.01529658 0.692761481 1.28969216 1.50125837 1.46279383 0.460370094
    0.623775423 1.29350507 1.18377638 0.67396307 1.03267956 1.30192161
    0.925427377 1.27737272 1.68167531 1.11735415 0.838237405 1.44131351
    1.37159181 1.23658001 1.33538246 1.30167568 1.03561425 0.826176286
    1.21353805 1.19855142 1.172346 0.932279825 1.36129045 0.875813007
    1.19648051 0.552897274 1.57028675 1.55633974 1.32360649 0.762005448
    0.983531058 0.470486045 0.5520944 1.41562366 1.07572043 0.871344805
    0.755144358 1.61283338 1.40856385 1.41120458 1.64964449 1.36192679
    0.983070672 0.801288962 1.29187799 1.09126055 0.983037412 1.56800568
    1.27396393 1.11015046 1.53720009 1.22316158 1.40568399 0.632275343
    1.04587674 0.864964128 1.25686431 0.507664084 0.671426237 0.50884676
    1.28265584 1.59783185 1.73687863 1.08492517 0.555448174 0.61843282
    0.57849139 1.11300886 1.27354026 1.15372646 0.821667969 1.57597363
    0.749908388 0.642849207 0.727377534 0.965208232 0.256879807
    0.703586698 1.13223517 1.26566732 0.596297324 1.43675375 0.818606019
    1.13235855 1.30691957 1.6152035 0.811888158 1.02943373 1.16993642
    1.18626022 0.971009016 1.01515877 1.55907512 1.65642822 1.50471997
    1.06663108 0.99508965 0.676743627 1.26605082 0.912354171 1.06242812
    1.42571545 1.04427183 0.597438097 1.39469993 0.935280502 1.30120087
    0.705875993 1.29375911 1.00210488 0.774125636 1.42180145 0.854317546
    0.923682034 1.29325187 1.36332166 1.42873323 0.463212341 1.41365159
    0.785327733 0.640110433 1.61321974 1.4899739 1.39613628 0.47007519
    0.763642609 0.387477487 0.717084289 0.5526402 1.44020677 1.45767272
    1.40934491 1.24785459 1.15488291 1.01955616 1.62864876 1.33061087
    1.51818335 0.976833999 0.86050272 1.06273532 0.528394938 0.864441395
    0.788074791 0.540799916 0.819905281 1.43209076 1.38287902
    0.788076758 1.25799584 1.43757343 0.906638443 1.00712585 1.16292
    1.36316907 0.709877968 1.29321492 0.582746387 0.940712214 1.53143394
    1.48952186 0.68744868 0.516900778 1.04250801 1.10503018 1.07259202
    0.720803797 0.739610672 1.21935475 0.79422015 1.15848351 1.37023902
    0.599283934 1.26581955 1.0285064 1.33142781 1.17242444 1.32608843
    1.18359959 1.54011643 1.46842802 0.589636445 0.770325541 1.5987699
    1.38154483 1.4763279 1.33542418 1.11222434 1.48706925 0.601664245
    1.1916939 1.65281582 1.53408444 1.55498779 0.926513553 1.399369
    0.684435725 1.36362171 1.2650038 1.54289401 0.527285039 0.94784528
    1.13481641 1.15459919 0.758832633 1.17593074 0.992570996 1.17595696
    1.56711674 1.29314852 1.25877714 1.1093148 0.578997135 1.0120436
    0.631500721 1.5086416 1.14236546 0.799254477 0.654254198 1.19057047
    0.8258093 0.510314345 1.38878047 1.12123859 0.984542489 0.780460536
    0.60208416 0.935900509 1.2601701 1.25423634 0.79075247 0.94239676
    1.20556104 0.571705461 1.25145042 0.569661915 0.822789609
    0.629473984 0.516035438 1.04060054 1.33474982 0.930933952
    0.791639745 0.890506685 0.956912637 1.45015192 0.698681831
    0.697419405 0.935909033 1.21690512 1.43126249 0.645465791 1.57043576
    0.839517832 0.613433242 1.2123158 0.59112817 0.704175472 0.873958588
    0.471874177 1.51937664 1.26032412 0.586476624 1.52067363 0.691781521
    1.05163217 1.53152704 0.804373682 1.0305301 1.32704926 0.659626007
    0.465475827 0.555915475 1.37894702 1.44286895 1.3623451 1.52395022
    1.24770796 1.32716846 1.18113506 0.854308069 0.920621932 1.29055607
    1.21349502 1.46889246 0.987175047 1.21266747 1.39042795 0.638798475
    0.73421973 1.54510176 1.0817517 1.41595638 1.06684661 0.755870342
    1.24014211 1.64971077 1.50322711 1.05333364 1.1817894 0.858502507
    1.32066214 0.781063139 0.490913719 1.00272548 1.3554256 1.19748151
    1.19233978 0.577129066 1.22717476 0.790858686 1.09290373 0.931085527
    0.848402917 1.26942956 0.931504488 0.72477752 1.40174103 1.543244
    0.957348704 0.996318817 0.543125153 0.691257179 1.48663104
    1.04409993 1.16053689 1.51484585 1.09050572 1.53640509 1.18487382
    1.03630579 0.470501602 0.751967728 0.860836685 0.505192339
    1.53153837 0.762455821 0.70080328 1.14110875 1.53719032 1.2113415
    1.49306881 0.88429749 1.31900311 0.912616551 0.749554574 0.576095223
    1.40418279 0.709117591 1.36502945 1.54160142 1.25912547 0.762760878
    0.773359418 1.22139847 1.6281532 1.17311323 1.02019668 0.890456975
    0.655456305 0.719111085 1.14640713 1.340258 0.778155208 0.594165981
    0.9326213 0.719303727 1.52694607 1.52916658 0.914213061 1.06732082
    0.804796755 0.917921901 0.645918787 0.465218842 1.41175485
    1.28571248 1.47312832 0.712458372 1.16942179 0.684675395 0.376902699
    0.801734507 1.09812832 1.0825702 1.23826897 1.5781821 0.633412421
    1.12961173 1.4950242 1.58279788 1.34254825 1.03597379 0.585646927
    0.809536397 0.782094002 1.48359275 0.553230882 1.36646676 1.50118971
    1.48449421 1.16121101 0.595312357 1.31452024 1.36474168 1.37221706
    0.640640199 0.91163522 0.712862968 0.727618694 0.966180265
    1.19261527 0.945755005 1.26702249 0.764786661 0.719061017 1.56623542
    1.51334012 0.785847664 1.13272548 0.884358406 0.455005527
    0.451419264 1.34391832 1.13851523 1.28706443 1.32637513 1.56424105
    1.37332845 0.834979653 1.20379448 0.925910711 0.595799088 1.25400138
    0.785668254 0.534220159 0.781260848 1.34308708 1.39881361 1.46633708
    1.39822316 1.06481671 1.02174687 0.782745063 1.1567874 1.05190408
    0.981767297 1.18864155 1.49348915 1.73586738 1.01334953 0.601235449
    1.49372911 1.31873715 0.896722436 0.607991397 1.40032279 0.949730992
    1.57089686 1.08598518 1.03058279 1.21889949 1.0453552 0.984642327
    0.942832887 1.12981081 1.11674762 0.977125704 0.860574186 1.34982359
    1.23741663 0.769858122 0.831099868 0.778388798 1.13545573 1.61659491
    1.34100366 0.825740159 0.47813046 0.719213367 0.478251159
    0.443917155 0.664224982 0.890574634 1.65831947 1.64605379 1.03808093
    1.47242033 1.2986325 1.0603677 1.34777415 0.535688877 0.868206799
    0.618512392 0.705027521 0.84208554 1.4466604 1.44112754 1.51894581
    0.862083673 0.626997292 0.686464489 1.20527565 0.575500548
    0.603880942 0.986982346 1.17506099 0.570533931 1.12939489 1.55283833
    1.06730986 1.21551836 1.13756883 0.542738676 0.558540463 0.468878835
    1.17915058 0.895801961 0.772528112 0.611633122 0.85156256
    0.867379606 0.91880089 0.576432705 1.23825192 0.786515594
    0.776969969 0.93049866 0.60707432 0.800653756 0.966527581
    0.613341451 1.57607305 1.23267782 0.633354545 0.931816876
    0.823443413 0.821991622 1.17374933 0.914414465 1.43298364 1.44621813
    1.34846771 1.00655437 1.45641029 0.685138404 1.27659047 1.4010334
    1.09505618 1.14302611 0.572891057 1.18573153 1.27291882 0.498175949
    0.425909549 1.18292749 1.0259037 1.44195306 1.05176139 0.429497987
    0.678243399 1.15352702 0.989001811 0.662066221 0.771300912
    0.549251437 1.09280407 0.827922761 1.09706318 1.32927632 0.566241562
    1.09456384 1.39131677 1.60329831 1.18317819 1.24995244 0.957056701
    0.782355905 0.472294807 0.688714564 1.66296577 1.44818377 1.1663264
    1.05523205 0.614630759 0.975756109 0.465609491 0.89786309 1.40410209
    0.866452456 0.643944919 1.51722419 0.891941786 1.48081601 0.71791631
    1.62019873 1.77164733 1.5337007 1.47330332 0.678178847 0.883987486
    0.579581201 0.888938069 1.10625386 0.835846484 1.58761454 1.15785992
    1.05613577 1.36539483 1.43109894 1.25355351 1.34870255 1.2864722
    1.32290125 0.840946615 0.362766564 0.495520502 1.06801546
    0.933921158 1.04021728 0.953637302 0.988974392 1.39855409
    0.637298644 1.30830455 0.56930089 1.06377089 0.710529506 1.45608675
    0.958634317 0.703917623 0.658336997 1.54918659 1.00341642 1.52161646
    1.54783237 1.07724822 0.435688615 1.36268985 1.42990541 1.17251301
    0.963476837 0.941188097 1.30540609 0.731374085 1.08913541 1.58833277
    1.40525067 0.879294634 0.968711495 0.829530716 0.779313326
    1.54132116 1.54882765 0.657268822 1.59500945 1.50251365 1.18521976
    0.991855145 1.33438015 0.822149396 0.576285481 0.879492939
    1.25743484 1.37333274 1.54085171 0.728396118 0.881622314 1.01430345
    1.58468723 1.58669865 1.35778618 0.967438698 1.41447902 1.42752087
    1.50977182 1.22773373 0.910202861 1.00390995 0.589005351 0.706976414
    0.56988889 0.590834796 0.909781337 1.61205256 0.989621341 1.28655493
    0.940624475 0.881037056 0.751257956 0.956285238 0.692705929
    0.531938374 0.639832377 1.29450619 0.916339457 0.788444757
    1.55164313 1.34915125 1.0923456 1.39672983 1.30357945 1.52744138
    1.14711046 1.30163872 1.57371569 1.6234256 1.26806056 0.928307354
    1.47687495 0.93970108 0.650510967 1.30867851 1.42626584 1.48421359
    0.762194693 0.922201216 1.21214128 1.5693326 0.697601259 1.1403873
    1.32045889 1.35036874 0.968576968 1.37262654 0.646858513 1.02857137
    1.53898144 1.6025629 1.38620079 1.44453263 1.01088417 1.23881173
    0.458463788 0.459988326 0.432050943 1.12209153 0.62235713
    0.722818613 1.06165075 1.09789872 1.42475772 1.65817714 1.21542645
    1.50705993 1.10760248 0.812176228 0.861656368 0.986218512 1.16635907
    0.443561554 0.739005566 1.26415062 1.19226229 0.611278355 1.06171131
    1.39895988 1.43494391 1.4681021 1.28996503 0.523994684 0.848209798
    0.659725606 0.908368766 1.36521125 1.58212626 0.837035 0.492110133
    0.829079151 1.23202229 0.785121977 0.942729712 1.12632012
    0.970598996 0.418059289 0.40469414 0.546591341 0.44701317 1.13542974
    0.737892807 1.04819882 1.18903923 0.525788426 0.493978322 1.33341384
    1.48798597 0.661885738 1.45202708 1.22525501 1.06543291 0.772927701
    0.79943341 1.26234686 1.51148033 1.15405273 1.15336692 1.38615775
    0.600834548 0.568204105 1.44832349 1.07322991 1.31007504 0.95356971
    1.05545866 0.793239594 1.09447455 0.679156423 0.967231154
    0.551651597 0.503362596 0.596799254 0.664359212 1.19909155
    1.00983465 0.845659316 0.711504042 1.04829001 0.692772567
    0.726420701 0.853265107 0.845872998 0.685076237 0.594511151
    1.24355614 1.12291336 0.880191684 1.00130415 1.56326413 0.534067392
    0.551798224 0.871219277 0.622914374 0.771146476 0.884809494
    0.93445456 1.61789441 1.60265839 1.53802776 0.864341617 0.5248667
    0.439759761 0.660847902 0.576186001 0.507165492 0.855375528
    1.43680036 1.06014585 1.09118545 0.536717176 1.41613078 1.45851493
    1.47791481 1.30297685 1.37489367 1.17218411 0.893275797 1.21390224
    1.31292462 0.564588308 0.488506019 0.997557342 1.11986506
    0.506557226 0.841537356 1.19286084 1.32443905 0.891093194
    0.993837476 0.73787576 1.56378818 0.830510616 0.509456098
    0.653897583 1.08160317 1.36098742 1.52025545 0.786741197 0.745799601
    1.44611931 0.964850008 0.792757928 0.488374621 0.842229307
    0.741442859 0.832200468 1.4163754 0.608147919 1.03223026 1.34192705
    0.805014014 0.613565803 0.922646582 1.33727229 0.896279633
    0.665428281 0.870114744 1.38658237 0.790689886 1.29904926 1.54720461
    1.47662854 1.46569657 0.517363429 0.689982295 0.56923008 0.576184452
    0.923475921 1.40943301 1.56780565 1.27764356 0.911215842 0.845069051
    0.83217895 1.34966421 0.597732782 1.43577409 1.34647512 0.678583443
    1.48818791 1.18081987 1.6490823 1.62482607 1.10686314 1.61459517
    1.65180159 1.54780304 0.714900255 1.14976799 0.78583616 1.70476615
    1.14659584 1.33531427 0.72901547 0.609481037 0.518725157 0.462939978
    0.966396689 0.794049621 0.871563613 0.974648058 0.922314346
    1.65240479 1.04528856 1.04918921 1.31033027 1.41783297 1.55183029
    1.26960003 0.844736576 1.26104701 0.92697525 1.23306251 1.21343303
    1.4048413 0.755343318 1.09688604 1.45529056 0.951507151 1.21165502
    0.957185209 1.50101161 1.36905885 1.36934793 1.01271582 0.822567225
    0.958936334 0.471425802 0.913603663 0.563789546 1.39708924
    1.10226166 0.685967684 1.30937886 1.36753869 0.801810265 0.887631774
    1.39541757 0.957583785 1.63695371 1.67940462 1.4348613 1.09794426
    1.46180594 0.910679221 0.929538369 1.15887117 0.985103667 1.12245512
    1.07114995 1.08480906 0.586501956 0.88873297 0.637606919 0.585718453
    0.718649209 0.50089556 0.782050133 1.57058311 1.64573896 0.694640636
    1.2823714 1.17894828 0.580129743 0.651384294 1.31543505 0.583947778
    1.41961074 1.3544575 0.923433483 0.878839076 1.30688715 0.781831682
    1.08370435 1.63023615 1.42710209 1.14847267 0.756625295 1.19209909
    0.729468644 0.727235913 1.5637207 1.16872787 1.1961993 1.29652762
    0.676109314 1.14437819 0.740365267 0.865312576 0.551267028
    0.828222692 0.39652136 0.327285707 0.81717968 1.32329261 0.793343127
    1.33441734 0.484021485 0.552441776 1.37992156 0.808336496 1.29980278
    1.22852194 0.675761163 0.897653997 0.569652855 0.608173788
    0.750138998 0.802963495 0.602716625 1.50523221 1.61239183 1.23633456
    0.643518746 0.768556774 0.531730652 1.0206846 1.63330472 1.70676231
    0.917254388 0.93736732 1.59786904 1.37545109 1.12051511 0.472837567
    1.24324024 1.08428001 1.45318639 1.1162498 1.40883613 1.19699061
    1.03666544 0.825707614 0.621062696 1.0714829 1.51484251 1.50039148
    1.37304044 0.608489871 0.412627101 1.10698712 1.34491014 0.882752895
    1.07245159 1.05222547 1.17559123 0.626183927 0.850298166 1.00093687
    1.15970016 1.36927843 1.22407246 1.26413953 1.69784415 1.02191126
    0.632569134 1.36869073 0.481494337 0.364531428 0.717319369
    0.94515568 0.419635892 1.13448453 1.45987916 0.597297966 0.546958745
    0.622287154 0.699588299 0.994232476 0.742320001 0.569956601
    0.966780543 0.759530902 1.26614773 1.48089135 1.05411482 1.12375081
    1.51141536 1.53345716 0.661353767 0.623567045 0.815657377 1.30339622
    0.966535151 1.29662979 1.33821726 1.49631214 1.28553653 0.858157396
    1.46629667 0.490020454 0.893347979 0.980984628 0.602192938
    0.62545079 0.571745157 0.504284799 1.54375172 1.34842336 0.683842659
    1.11553144 0.846266508 0.861488581 1.23344743 1.48753643 1.10462117
    1.17190671 0.528084278 0.951839566 1.29053724 0.590561628
    0.748258352 1.43450749 0.562941372 1.23617566 0.654370368 1.49226415
    1.06239474 0.521498382 0.81455332 0.727460682 1.25261414 1.260427
    1.54803491 1.23398376 1.06031001 1.35765517 1.01938069 1.4011085
    0.865926921 0.733107388 1.55890501 0.862182081 0.843960047
    0.547174037 0.665345788 1.25451124 1.5495888 1.0115509 1.06753516
    1.4491086 1.48167205 1.43816578 0.858626366 1.18087912 1.40531266
    1.60183382 1.65317976 0.950216115 0.841042399 0.924211919
    0.866314828 0.5113796 1.3790369 1.35027504 1.54821551 1.22984946
    1.52589309 1.39326596 0.939351976 1.05046713 1.15935612 1.45564544
    0.954155922 1.58065867 1.60883224 1.14534855 1.63931346 0.836202741
    0.86678797 0.4715029 0.700105965 0.603164315 0.681441486 1.40548515
    1.64008057 1.07356203 1.03630197 1.23317194 1.32533216 0.814476848
    0.647924006 0.617785037 0.560912788 0.335058302 0.731324077
    1.24622726 1.03798425 0.554777443 1.48244691 0.683249891 1.28427052
    0.736586809 1.46140003 0.997265041 0.772880256 0.90322727 1.61666203
    1.34455228 1.32089865 1.42362773 0.819991469 0.472070038 0.729072213
    0.999735653 1.23700905 1.01380908 0.546928108 1.25934649 1.11305022
    0.905136228 1.12273848 1.03811228 0.668474853 0.586975932 1.43547201
    1.4495461 0.702674031 1.36868453 0.667851567 1.15047407 1.03205264
    0.674519718 0.735791862 1.25665569 1.14435852 0.7241382 1.10057187
    0.935961664 1.472592 1.47382796 0.931235969 1.05460429 1.23253906
    1.48732924 0.718076348 1.18174911 0.492170542 0.680944741
    0.925279081 1.00372612 0.557319283 0.473191857 0.81818682 1.30833757
    1.00815499 0.600405872 0.559017777 1.13450134 0.721739292
    0.738637805 0.99450618 0.54128027 1.19819272 0.61469686 1.18956029
    1.04148996 1.46644402 1.59403002 1.16682374 1.26264501 0.76675421
    0.523136854 1.23661757 1.04695058 1.49908864 1.08923388 1.56567633
    1.07289255 0.464091092 0.568090916 1.07580411 1.08235061 1.32287931
    1.69986582 1.65688491 1.39070427 1.11094034 0.814300716 0.945621848
    0.90579319 1.46724081 0.890299976 0.92904073 0.745361447 1.11146402
    1.14748228 1.03629506 1.25682616 1.35616279 0.677284002 1.43551874
    0.847948372 1.36418748 0.6131078 1.0573051 0.787858903 1.45656037
    0.740172267 0.599484622 1.52931607 1.62621033 0.789148271 1.3637526
    1.28585446 1.60974538 1.55313396 1.26519322 1.36026371 1.6459527
    0.976420045 0.448117167 0.912281215 0.6467188 1.15603268 0.755137563
    0.62804383 1.27710414 1.14959657 0.939572513 0.872712791 1.38173652
    1.44678938 0.569615424 1.34353757 1.30804396 0.994096935 1.04846585
    0.625055313 0.653286994 1.57770503 1.21825635 0.991818309 1.50688517
    1.28157938 0.807123184 0.964595854 1.49983406 0.923071086 1.57391036
    1.15390551 0.724680662 0.949840903 0.913295984 0.820060432
    1.43798423 0.762084544 0.509325981 0.3913517 0.656066954 0.93869108
    0.818342626 1.53899908 0.764335692 1.401016 1.36721218 0.698016644
    0.787581682 1.48715544 1.46480048 0.964961231 1.34705293 0.784658372
    1.28633285 1.44791973 0.947452426 1.21945477 0.733384252 0.999067068
    0.722650051 1.29318678 1.53025818 1.29979968 1.31025755 0.594147444
    0.931934536 0.538958371 1.52692652 1.17969894 0.960482538 1.10399032
    1.3068974 1.54560947 1.46075046 0.874540806 0.521557987 1.24759197
    1.50267887 0.679424226 0.766396523 0.880052865 1.45256424 1.66429353
    1.20006454 1.58315432 1.37485206 0.601466179 1.49662507 0.835927904
    0.782811701 0.991708577 1.57686579 1.01909769 1.19949889 1.4944874
    1.47314775 1.30669034 1.5733943 1.53388107 0.677771091 1.597049
    0.89481771 0.769484818 0.936686158 0.854423642 0.879644632
    1.45284677 1.74108779 1.52363241 1.52917695 1.12012982 1.52055514
    0.887327373 1.38853264 1.59457994 1.11624897 1.11787665 0.890913665
    1.40071142 1.36285341 1.40102232 1.32273197 0.599950612 0.745676994
    0.61798501 1.10796356 0.664286733 0.622842312 1.04167008 0.731114089
    0.644340992 0.805093527 1.54541337 0.886933327 0.845389247
    0.718029618 0.451641351 0.969575882 1.62567258 1.06108284 1.19624186
    0.950438261 0.998560071 0.968146026 1.29765248 1.42996132 1.10105371
    1.16575909 0.890453637 1.46649849 1.20826113 1.18994284 0.846174717
    1.08111143 1.18368316 1.20462823 1.21312821 0.62831074 0.843868732
    1.01889539 0.743808746 1.1546092 1.1953944 0.964844406 1.48688197
    1.68612885 1.56040096 1.14460516 1.37039125 1.55326009 1.7012589
    0.984464347 1.51593661 1.24109447 0.853141844 1.34817564 1.11726022
    0.76016587 1.38842046 1.04798698 0.987921655 0.730871499 0.637132347
    0.435529739 1.4319669 1.43330812 0.70911926 1.35514593 0.574553609
    1.23560941 1.13168955 1.15104496 0.869552672 0.657161891 1.42395854
    0.875332296 1.45677531 1.01562357 1.16789949 0.437748313 0.67509079
    1.63374817 1.56104541 1.4676857 1.68349123 1.35692787 1.39525735
    1.12157452 1.00397074 1.05388701 0.80705446 1.03223383 1.3160584
    1.27225482 0.835251033 1.44682169 0.858723223 0.995382369 1.56129515
    1.41004443 0.957214534 1.59604526 1.15079212 1.1016351 0.596680582
    1.43909407 0.912024319 1.29241478 0.838397384 0.779673338 1.26661241
    0.762338042 0.887627661 0.968262911 1.05947793 0.543554842
    0.643451273 0.679539084 1.08246732 1.23069894 1.25625193 1.20647717
    1.45216382 0.654794455 1.12580204 0.597771347 1.37388432 1.48117721
    1.10025811 0.968719006 0.763273537 1.37735021 1.46373665 0.785402477
    1.32953656 1.51144898 0.680447996 0.656050444 0.388685912
    0.643775523 1.10490632 1.2291187 1.03835344 0.677756488 0.963207126
    1.30684841 1.07989931 1.52472556 1.02905202 1.4504447 0.521247029
    1.3493464 0.720748305 1.56886995 1.24470091 0.635543644 1.42729175
    0.943902552 0.777255774 1.50692225 0.894664049 0.981602073
    1.25331068 0.496156275 0.482018024 0.955058694 0.855890214
    0.97944659 0.910992265 1.14671612 1.07384765 1.21534848 1.16130018
    1.21537685 1.18219614 0.633451462 0.819100142 1.26162291 1.05037093
    0.950512409 1.07989466 1.6128819 0.835838854 0.633932889 0.668681264
    0.831004381 1.0127387 0.726251662 1.44542277 0.602657437 0.728888392
    1.57384467 1.3620466 1.0537765 1.26826835 1.00981975 1.43203068
    1.35801017 1.67584157 1.47541368 0.482013732 0.852767706 1.23113489
    1.18349731 1.24622262 1.26261902 0.758205891 0.499526501 0.761964083
    1.53888345 1.44470084 0.777460635 1.01954138 1.06396735 1.3850826
    0.827495456 1.43447137 1.02035964 1.34300721 1.08230734 0.653344333
    1.07081759 0.480279326 0.598991752 0.577973485 0.795032561
    1.09026051 1.10765219 0.891368926 1.12951756 0.808421016 1.62964118
    1.29934156 0.984624803 1.58971632 1.3082478 1.11292803 0.944909036
    1.48268962 1.49883199 0.758518457 1.18311071 1.05919623 1.6608659
    1.7044785 1.5160104 0.656835794 0.943879008 0.834589839 1.31966746
    1.72784364 1.43196726 0.658180237 1.15380311 0.664699674 0.789975107
    0.970020831 1.21035802 0.86990273 0.709227324 0.541319668 1.23073816
    0.918311954 1.02661884 0.80816561 0.91886276 0.916209936 1.25959313
    1.39123356 1.24168897 0.942113519 0.50661695 0.883374274 1.06763005
    1.4019649 1.66133952 1.38454735 0.590424716 0.789880574 1.45514262
    1.03745914 0.813196063 1.25064743 1.331159 1.03809035 1.31694293
    1.14101958 0.981806338 1.53627717 1.51033056 1.02352095 0.946114659
    1.36664689 1.40970588 0.833936989 1.24791944 0.886222601 1.27228177
    1.3161658 1.20733786 1.31791806 1.57381153 1.62456274 1.2590704
    1.48987651 1.28892016 1.62821615 1.33638752 1.41907561 0.91795969
    0.969159067 1.18405282 1.3709271 0.827068746 0.783795893 1.32400668
    0.706986785 1.14175117 1.33716214 0.581321955 0.992794037
    0.823010385 1.55654716 1.38620591 1.40546834 1.14801323 0.85683006
    1.44003284 0.953326821 0.941589534 1.21458137 1.41495872 0.723746657
    1.4633044 1.38415682 0.694601953 1.07987392 1.54518056 1.40220869
    1.14024234 1.15098429 1.24257386 1.64195466 1.12237072 1.35933721
    0.675463438 0.754377484 0.796758294 1.16347992 1.08495033 1.30940163
    1.22202706 0.684535921 0.708980381 0.911607563 0.539750278
    0.763245463 1.00514507 1.1382097 1.07280064 0.690782726 1.14568794
    0.751998127 0.906194031 1.39447021 1.60536635 0.632486403 0.61997211
    1.21004593 0.490645587 1.05937874 0.676440597 1.00211251 0.980827808
    1.30058885 1.04911387 0.718916655 0.965272307 1.50212967 1.52500916
    1.47929597 0.972823143 0.782890797 0.859614134 1.09416413 1.15443921
    1.65352666 1.18945503 1.01404953 1.43881953 0.936341047 0.722972095
    0.806641161 0.740698993 0.476920605 0.448076427 1.47396553
    1.06384373 1.32607388 1.25178063 0.663089335 1.43409646 0.685604692
    1.6378088 0.594043553 0.659185231 1.13366091 1.01473808 0.903509498
    0.823240757 1.60121453 1.00162446 1.1665678 1.08802927 1.2798003
    0.528981328 0.630626678 0.845778763 0.624675214 0.382955819
    0.56532979 1.02263069 1.3090843 1.06567526 0.830801249 0.72005558
    1.40272141 1.37698555 0.909917533 0.652156591 0.964858472
    0.603342354 1.11097538 1.40003228 0.802837431 0.526934564 1.12818611
    1.29193962 0.830214977 1.33504784 0.973375082 1.01948678 1.18845844
    0.930808425 1.02199173 0.572069466 0.667809069 1.42973793 1.29947853
    1.24917293 0.844029307 1.13360739 1.58489573 1.36392367 0.898003697
    1.29007113 0.699071765 0.718634903 1.14818382 1.09477997 1.03397155
    0.954667091 0.534191608 0.761513114 0.566089451 1.01536787
    1.15399575 1.28323483 0.649717093 0.880593061 0.792692065
    0.503429294 0.729223847 1.2151792 1.30672729 0.969907045 1.24136019
    0.942699194 0.648097456 1.2540822 0.825045764 1.14336908 0.908394277
    1.53073597 1.34024715 1.25977755 1.58195102 0.954191148 1.31549418
    0.885329723 0.694107234 0.855018437 1.14696836 1.48564577 1.21447229
    0.888233483 1.5267334 1.16161704 1.44392061 1.34433711 0.985365987
    1.46534073 0.714017808 1.0399121 0.761206865 1.34858894 1.53882456
    1.29915297 1.25419414 0.531932592 1.26924527 1.34567082 0.599514902
    0.844608963 0.855700374 0.975551546 1.47304642 0.761691451
    0.871405602 0.523138463 1.4413985 0.612064183 0.921577573
    0.584435582 0.756041467 0.829334915 1.36239326 1.59235144 1.35683501
    0.546501517 1.23798251 1.0362525 0.866336524 1.24635041 1.04976165
    0.631163478 1.17651641 1.16049039 0.875234067 1.30799937 1.36823487
    1.43727064 0.729316652 0.714327455 0.715635061 0.765745819
    1.51856673 1.34324598 0.767453313 0.742361486 0.953982115
    0.984024704 1.36022043 1.54982996 1.20198119 1.03693128 1.35136378
    1.66838944 0.8533988 1.10541177 0.733796477 1.45624352 1.14800429
    0.864894688 1.42560089 1.35356462 1.06836617 1.49733627 0.977155328
    0.581868231 0.808553398 1.2163794 0.800664306 1.4963448 0.827772141
    1.26416075 1.61890531 1.70343542 0.732470214 1.5526154 1.62265515
    0.696929574 1.02392066 0.68482995 1.53295934 1.51603508 1.05672133
    0.5575881 1.18707204 0.513082862 0.684718728 1.06592321 0.82220757
    1.45377076 0.719149649 0.663739443 1.62315619 1.21333182 0.798894525
    1.62708533 1.62086022 1.49243343 0.56472069 0.731480777 0.854067564
    0.621852517 0.670796096 0.513593078 1.25296533 0.673482358
    1.19815207 1.52197683 0.86938107 1.26832998 0.880964696 0.872206628
    0.624604285 0.73769176 1.01545262 1.24828732 1.39395237 1.53439426
    1.13678038 0.674509645 0.371560544 0.383949131 0.958952367
    0.722371995 1.30982602 1.41858375 1.3359977 1.24301469 1.55195451
    0.967884362 0.678687811 1.4608742 0.568269193 1.0055387 1.14500904
    0.840165854 1.00635409 1.45691168 1.45754421 1.01422334 1.50410259
    0.81518501 0.891317189 1.13724089 0.758728087 1.0432719 0.380826801
    0.914126813 0.645855367 1.51852334 1.25373733 0.64285177 0.675358355
    1.45893407 1.04945576 1.57339203 1.52774477 0.90883863 0.441446006
    0.461225063 0.799521744 1.35235441 1.38347876 1.38448608 0.823912024
    1.5032326 0.687702119 1.43158889 1.11218333 1.16455543 0.628352463
    1.14558923 1.3366344 0.729925036 1.14282513 1.27683997 0.803079605
    1.02702045 0.861028492 1.21110022 1.26364219 0.614912391 1.34654188
    0.601850152 0.473695695 0.516554356 0.471950173 0.774787307
    1.39817846 1.47952652 1.56299853 0.645372808 1.25047004 1.08487999
    1.32948422 1.62264621 1.42536438 1.51064944 0.713717043 1.0088284
    1.30320942 0.91743803 1.15640604 0.683819234 0.58538568 1.31586981
    1.05294716 1.24611247 0.914607406 1.32971549 1.26752043 1.31950104
    1.26740992 0.883815646 0.484065473 0.742848396 1.35310256 1.53363764
    0.847795784 1.39518547 0.648030639 1.08799481 1.14641309 0.634322226
    1.45023668 1.20269227 0.834556401 0.964778006 1.20059168 0.62390852
    1.37765944 1.25187993 1.59387541 0.788151026 1.09853697 0.718346298
    1.44896841 1.69159365 1.40640306 1.30742204 0.666813791 0.719942212
    1.52022982 0.675637424 1.29999876 1.38257897 0.720922172 0.973122239
    0.529835343 1.1440053 1.19868362 0.51080054 1.40413523 0.612944424
    0.85242933 1.36480737 1.33223343 1.61815655 1.65197873 0.81477958
    0.828514218 1.17391062 0.919469118 1.06900716 1.66759598 1.6605854
    0.866798043 1.01797223 1.00766838 1.26605666 0.826485515 1.04252207
    0.524744332 0.505679369 1.31652319 0.417953879 0.622737646
    1.12832916 1.51316512 1.49711454 0.742406189 0.812499106 0.940597653
    0.944120944 1.50701511 1.63571322 1.02153671 0.705341458 0.738626182
    1.07625115 1.105461 0.769657671 0.844331563 0.879183292 1.20248091
    0.670335829 1.22976625 1.06874704 1.2481873 1.30383241 1.56801045
    0.898625612 1.51438522 0.786920607 0.981179297 1.07001746 1.14929593
    1.51393664 1.6359452 0.863738537 1.39607 1.24211609 0.592949033
    1.56209874 1.05982995 1.41549206 1.19881749 1.39536881 0.900111079
    0.817732453 0.859720528 1.13292718 1.56427944 1.43588471 1.35821629
    1.12849081 1.40596938 1.04891908 1.74420857 1.65488172 1.54585731
    1.23917198 1.0806129 0.605474651 0.586046338 0.448090732 0.632189333
    1.14373946 1.54715359 0.843145728 1.00802815 0.840189159 1.07076323
    0.783242285 1.10140061 1.0314827 1.56863117 1.06640732 1.60060251
    1.67502737 0.993516862 1.36737251 0.886521518 0.668998122 1.48287356
    0.707004428 1.40949881 0.450529873 1.32415664 1.13850284 0.776494384
    0.553423405 1.11195803 1.12503266 1.40926111 1.46226847 0.932891786
    1.1415503 1.33747745 1.1693033 1.13439381 0.96127218 0.766987741
    1.28631079 1.14058065 0.709772587 0.872979462 0.69779861 0.742243052
    0.4166255 0.798644304 0.833563983 0.756591201 0.511569202
    0.951186001 1.08922184 1.37495542 1.33604443 0.926537216 0.65997684
    0.576228499 0.902511716 1.02028251 1.00301659 0.873245418 1.57728648
    0.938983858 1.07433844 1.62253499 1.57417679 0.587788045 1.38994539
    0.458523273 0.276127666 0.381628692 0.568093836 1.16409087
    0.419266909 0.349467576 0.969286084 0.736849844 0.683405101
    1.11088395 0.814700902 0.645241082 0.949330866 1.33414721
    0.859290361 1.42068291 1.35938096 0.932855129 1.34730136 1.27093256
    0.728897452 0.648755074 1.04091752 0.956984997 0.868454695
    1.44048893 0.799368262 0.824003994 1.0186038 1.26952338 1.52537072
    1.20066607 1.22934878 0.978509784 1.4341712 1.37744176 0.495980829
    0.925023556 1.03176188 0.580801785 1.30423307 1.33254004 1.29251659
    1.5327611 0.546242654 0.494998127 0.718324304 1.01565468 1.07153058
    1.54195154 1.04881799 1.3457936 0.596038997 1.05597579 0.826041937
    0.693012953 0.807834804 1.37948036 0.503519833 1.21869934 1.05252683
    1.53167522 1.29843175 1.26875675 1.25200725 1.02972066 0.812844038
    1.32958817 1.26754904 0.625112176 1.32013214 1.08440912 0.914170682
    0.719001591 0.93127799 0.71415174 0.94427675 0.692761838 0.822290421
    0.509106457 0.686127961 1.51928866 1.2105087 1.14461613 0.762526989
    1.31529605 0.996406853 1.29598975 0.897485852 1.20010614 1.60159349
    0.644419193 0.62316972 0.538953245 0.493303448 1.47499394 1.49593019
    1.00789022 1.22610319 0.733897626 0.741019249 0.891263843 0.51843816
    0.429986626 0.829540074 0.454718828 1.02852035 0.544256568
    1.25440145 1.68920529 0.72145623 1.39574265 1.01612258 0.482752115
    0.717949867 0.772450745 1.45434487 1.2529614 1.74371135 1.53622699
    0.669016123 0.768014014 0.645187616 1.03923881 0.706775784
    0.565147638 1.15449679 1.26916277 0.64812088 0.603169441 0.790337443
    1.53928912 0.770017743 1.53605175 0.696554959 1.1686002 1.25320745
    0.958861113 1.1258564 1.2426827 0.719409466 0.540032148 0.710246325
    1.0023818 1.23741519 0.918322682 1.06361914 0.537792742 1.51640666
    1.35037017 0.759350777 0.774401605 1.34712791 1.10261106 1.16613269
    1.20157278 1.57489109 1.63614058 1.60601532 1.1176548 1.05426431
    0.571329832 1.11777496 1.39998209 0.687768102 0.483688444 1.2495935
    1.14158165 1.09035194 0.871612906 1.45752728 1.09227026 1.29893959
    1.21972001 1.64610171 0.851145029 1.59234273 1.37312865 0.905858934
    1.0048672 1.65408659 1.63676369 1.65296066 0.916423798 1.22840285
    0.609684467 0.681950867 1.17611027 0.824762642 1.15926671 1.41509461
    1.07214642 0.729015827 0.710347056 0.687907815 1.26431179
    0.789226115 0.880626738 1.04271066 0.95177871 1.2757591 1.34472489
    1.13617766 1.29434633 0.625870347 0.44145003 0.901292443 0.726781487
    1.22615933 1.20692694 0.481902212 0.9621135 1.4184736 1.1782831
    1.40709615 1.26256657 1.04836869 1.29744518 1.58131719 1.01754296
    1.3038888 0.840729475 0.672956347 0.871816635 0.96679616 0.912059665
    0.676013589 1.47706759 0.619505167 0.500689507 0.550460339
    1.43383443 0.58333689 0.848169029 1.41837168 1.03201985 1.23498893
    0.682978094 0.503271043 0.63927269 0.436891973 0.52784586
    0.825827837 1.31779873 0.618946195 0.843631744 0.768538773
    1.34756696 0.650712311 1.13526285 1.38331306 1.67538667 0.893639684
    1.49166644 0.813801885 0.544866621 0.473011762 0.782272339
    0.981658161 1.09514666 0.83675611 0.389885396 0.542192996
    0.683417022 0.960074067 0.4889552 0.921672761 1.01426673 1.04689109
    1.53764021 0.954517543 0.764526546 1.46128881 1.18279672 1.14183819
    1.29136825 1.23946714 1.33302224 1.06924546 1.47748506 1.50727403
    0.556888163 0.994357765 0.958468318 0.92497772 1.46972275
    0.588095129 0.895773232 0.955447137 1.1898762 1.04069662 0.762981057
    0.422796845 0.745096385 1.34199262 0.864670932 1.36625719
    0.850465834 1.31330204 0.595891714 0.997537017 0.976390421
    0.847076595 1.35791397 1.29365957 1.42280269 1.59662545 1.10329628
    1.41332972 1.4024452 1.2205857 1.09221387 1.18400323 0.938663721
    0.764868379 0.49531588 0.931747317 1.45576024 0.882808387 1.55771649
    0.55485481 0.619699061 1.25373733 1.25370276 1.2040025 0.709429622
    1.63322437 1.61093557 1.33673656 1.11478412 1.16458559 1.53136301
    1.45449615 1.36423659 0.769372582 1.23014534 1.19592452 1.41298831
    1.27597296 1.09704876 0.8287431 1.54973006 1.60607898 0.735795915
    1.16630244 0.787947178 1.59762669 1.53041673 0.807423651 1.20119643
    0.713251889 1.13461113 1.45193839 1.75768197 1.57693124 0.859130561
    0.789383054 1.03389215 1.32862508 0.48402518 0.863815784 1.28668118
    0.882377803 1.34625113 0.98080802 1.71696281 1.44638848 0.944837928
    0.480626673 0.746237636 1.07749677 1.23103702 1.57194853 1.08645689
    1.55101025 1.24186158 0.477312714 0.637299836 0.58562386 1.48713696
    1.09379148 1.21206832 1.34424877 1.57187223 1.56388736 0.692970514
    0.678386867 1.07152784 1.18495941 1.25161672 0.650452733 0.549522996
    0.838028073 0.967741668 0.618411839 0.916024387 0.600813866
    0.737484753 1.46425998 0.458158523 0.570094407 0.394768238
    0.982373297 1.00787544 1.6229552 1.45110059 0.517267406 0.994054973
    1.48411596 1.61816931 1.13190579 0.826466441 1.62391579 1.31563854
    1.31898475 0.861173928 1.55067945 0.970804334 0.651033044
    0.713205636 1.15218282 0.61527586 0.534686744 1.0814501 1.29464257
    1.08540511 1.53070056 0.955761492 0.706707895 0.736748457 1.45522344
    1.4525969 0.898183882 1.39748383 1.41172719 0.851496339 1.27766335
    1.33887529 0.631723285 0.894000113 0.730292439 0.45148468 1.39133787
    1.14122939 1.40609312 1.33928573 1.41058886 0.870673537 1.32735968
    1.1111784 0.952745676 1.12348592 1.24360168 0.596502364 1.20152998
    1.1839081 0.625320911 0.950726092 1.42804158 0.603280783 1.13818479
    0.804017425 1.11849558 1.58942819 1.04824579 0.639835835 1.08564079
    0.893367946 0.51805383 1.45351052 1.50179124 1.12211978 0.918846428
    1.67412889 1.21230233 1.59312427 0.851106763 1.09056842 0.897674084
    0.933394074 0.579564035 0.671419203 0.724594653 1.03798473
    1.34820318 0.578624785 1.33423805 0.528998137 1.13346148 1.58500504
    1.2758466 1.224527 0.819630146 1.19858944 1.05946875 1.11187005
    0.446403116 1.1453557 0.943711221 1.18894446 0.918110073 0.964746237
    0.509957135 0.941336811 0.855324924 0.633593976 1.39073205
    1.15086031 0.830549061 1.24387753 1.60169506 1.15517616 0.748850644
    0.561389565 1.4933362 1.04064345 0.987104595 1.00261998 0.672215104
    0.624465764 1.24343622 0.847126007 0.516765594 1.41442299 1.10082889
    1.35068965 0.58228898 1.51742518 0.891269863 0.653021038 0.605012417
    0.835355639 1.2102052 1.25475216 0.827687681 0.826415479 1.37714601
    0.671057522 1.34839296 1.4813236 1.32725954 0.977368772 1.52913773
    0.616850019 1.2732625 1.14526677 0.831370831 0.753818452 0.906289995
    0.704350948 0.529928565 0.960760474 1.52033281 1.19716859
    0.649896622 1.38066375 0.557177246 0.806256235 1.02097201 1.24915075
    1.42352474 1.38203382 1.19769168 1.71615505 1.76311195 1.23751235
    1.17842662 1.06249464 1.36261868 0.997889757 0.834097028 1.43182659
    0.657520235 1.22500813 0.843146503 0.820738018 1.43848801
    0.773607612 0.894983768 0.62815541 1.62635112 1.50573909 1.67686307
    0.722307324 1.63108921 1.60759735 1.07052994 0.935999393 1.36638129
    0.728858232 0.805192113 0.70175606 0.679062366 1.3878293 0.797527313
    1.10309196 0.665983915 0.79285121 0.737387538 1.44633722 1.42320073
    0.645067871 1.48511863 1.19277918 0.513968349 1.3327353 0.582557321
    1.22076738 1.71612108 1.7446692 0.822124183 1.34096122 1.51210201
    0.543789804 1.01994896 0.924708843 1.08296728 1.30417049 1.45969856
    1.62324476 1.27702069 1.5179019 1.00978196 0.94843334 0.547503769
    0.779296935 0.982381284 0.720448375 0.914504886 0.997760892
    1.32830727 1.01883852 0.744114459 1.33594632 1.468382 1.3901062
    1.33509994 1.52399838 0.695940614 1.43795657 1.56058979 1.49508536
    1.60352933 1.36446047 0.894854248 0.817586899 0.774890602
    0.378200412 0.681010246 0.48873508 0.747308075 1.26019597 1.11207366
    1.14473367 0.778558135 1.14780545 0.358476132 0.660349131
    0.798680961 0.742244363 0.989969909 1.17048323 0.709959149 1.2502352
    1.49638367 1.6276871 0.756186128 0.626566589 0.846041203 0.609238029
    1.18968868 0.972881734 1.5695169 1.2012198 0.609441757 1.37598205
    1.0658654 0.616715133 0.729760826 1.50440001 1.58611441 1.50543201
    0.95113039 0.756135106 1.52764857 1.68125379 0.794977665 1.31732404
    0.533929825 0.853207111 1.42664433 0.905079126 1.28305316 1.28289783
    0.728068173 0.892982721 1.0943327 0.624155819 0.571569264 1.33647442
    1.41584635 0.792950034 1.37849128 0.84515357 1.42152822 1.22203541
    0.574862242 1.25368023 1.01335514 0.666163981 0.757061601 0.67322284
    0.494336694 0.802876115 1.54705262 1.27426565 0.901127994 1.41122007
    1.20310247 1.57102501 1.18680131 1.07169032 0.624520779 1.01818597
    0.559384406 1.24020648 0.754690528 1.57397377 1.54403508 1.62575233
    1.01187623 1.60996044 1.57697308 0.817730486 1.07913136 1.09198856
    0.350440085 0.375793427 0.923278093 0.572261572 0.573060453
    1.11740065 0.96707654 1.25968301 0.901825309 1.47968578 0.591125011
    0.607584059 1.10248303 1.5586251 0.949104726 1.137959 0.572980165
    0.369758219 0.716802418 0.718848765 0.865316093 1.19473696
    0.891515434 0.746424675 0.877891064 1.13393378 1.07126224 1.53160453
    0.927825868 0.921334147 1.55298746 1.6268158 1.29684246 1.49987006
    0.637456834 0.696717799 0.856942654 1.09380805 0.600186706
    0.768122673 1.17060161 1.14321041 0.897481561 1.43759811 0.65482235
    0.452127188 0.47442767 1.01317966 0.614101887 0.711349189
    0.884514451 1.32765484 1.09322965 0.568642318 0.560810626
    0.997487068 1.19784057 1.0297997 1.05772555 1.34167552 1.47624409
    1.15257251 1.2013092 1.59450245 1.17460477 1.48751235 1.32966554
    1.44396663 0.900846958 1.23336387 1.49886239 1.11671495 0.936147094
    0.477723628 0.492179245 0.358491123 0.680813491 0.888337731
    1.13265276 1.43786037 0.714721024 1.47557878 0.9963606 1.66529703
    1.28678536 1.6256572 1.42969131 0.517931402 0.607420564 1.01294553
    0.416906059 0.922270179 1.48422921 1.60000134 1.12830257 1.06598175
    1.00748062 0.908120096 0.973641992 0.988720238 0.996615648
    1.41916597 1.320292 0.943130791 1.51312518 1.52483332 1.31402659
    1.26216662 0.934093237 0.446953237 0.531272531 1.13328254 1.52455974
    0.744362652 0.650560796 1.28457022 0.932962239 1.45151114 1.14238727
    1.16821265 1.04568291 1.10496438 0.809184194 1.46611261 0.549273014
    1.26330698 1.05283809 1.41152227 1.49654603 1.28217316 1.20885265
    0.646072268 0.673560739 1.25206971 1.42835379 0.888719201 1.52587998
    0.681040227 0.93313843 0.698221982 0.868242204 1.56439829
    0.903462112 1.30383837 0.546388447 1.22173703 0.532126606 1.39586246
    0.759059727 1.06477356 0.489877909 0.726645529 0.548261881
    0.519139767 0.501529157 1.54764652 1.1835252 0.601907074 1.05669367
    1.38235795 0.74081552 1.24397516 1.38125455 0.66663152 0.446959555
    0.616469741 0.680405736 1.04327869 0.703249753 0.640709281
    0.712853193 1.54137075 0.783636451 1.03719819 1.17080867 0.880568802
    0.645712674 0.911914468 0.7395944 1.14960992 1.19553936 0.7034778
    0.617323875 1.37537479 0.996402025 1.1672461 0.62970376 1.11696255
    1.09364414 1.12097752 1.5353514 1.25367427 0.951302469 1.33154571
    1.05094945 1.09930956 0.972512603 1.56081975 1.34180772 1.48132086
    1.66473627 1.08617139 1.55859864 0.898242116 1.69930243 1.6484865
    1.52967727 0.883574247 0.765079141 0.855925739 1.35889077 1.25940597
    1.43880427 1.25879323 1.29550767 1.43173456 0.697164714 0.516798019
    0.684303522 0.920566976 0.952672541 0.511311948 1.08879459
    1.04649675 0.498675436 0.965141475 0.499549329 1.11277866 1.22347593
    1.42094755 0.475794554 0.529866934 1.29561627 1.0100323 1.22096634
    0.66690129 0.502516031 0.657390773 0.980549276 0.879485488
    0.765138686 1.11599088 0.999432147 0.845922112 0.590096295 1.3112433
    1.06887805 0.678761184 1.53487623 1.30962586 0.969554365 0.572371662
    0.983709335 1.48968363 0.47695902 0.887735844 0.665245116
    0.468968064 1.32147121 0.374504566 0.470353693 0.660744727
    0.886405289 1.19331396 0.853056729 1.20646882 0.875859797 1.04069519
    1.34531879 1.37617493 0.539293468 0.609250247 0.544643521
    0.516592383 0.525574386 0.690245569 1.1410569 1.30282593 0.891904175
    1.3834213 0.859530568 0.552945256 1.28279543 1.04703784 1.65762067
    1.51130283 1.15805829 1.06227636 1.58328128 0.694107592 0.922094822
    0.536660135 0.754056513 1.15497196 0.954568565 1.17023098 1.36142683
    1.20559525 0.541567147 0.892506838 0.828496277 0.897635996
    1.16650653 1.53898644 1.37816346 1.32713974 0.610336602 0.624087095
    1.29296482 0.664565325 0.671322227 0.996632636 1.50895417 1.24302065
    0.99938947 1.37836075 1.010728 1.47084641 1.13761234 1.4297291
    1.60731602 1.15009367 1.37488437 1.46744072 1.59666741 1.13408124
    1.04278684 1.23471308 0.688483059 1.22203803 0.768816888 0.393905729
    1.21008253 0.911555052 0.543047309 1.0644176 0.641029537 1.29014504
    1.29259956 0.836447299 1.15249467 1.03798962 0.984007895 0.799168766
    1.37996185 0.468041927 0.598205984 0.58978337 1.5315882 1.45156097
    1.69195426 0.806509316 0.71153152 0.978891611 0.423228294 1.03601241
    0.766986668 1.11146247 1.08458412 1.38436115 0.668854237 0.566170931
    1.27095163 1.43356931 1.44279182 0.901663542 1.12740052 1.24485052
    0.732181311 1.45595968 0.71127367 1.26090932 0.798469424 1.19389677
    1.60387659 1.17420065 1.54977262 0.737443328 1.2911998 0.955786943
    0.669037461 0.955486774 1.04350114 1.28149819 1.04975283 1.34906304
    0.684913754 1.3894155 1.20376909 1.01573586 1.50795889 1.15486813
    0.903704107 1.528548 1.02389383 1.21497226 0.598187387 0.491141677
    1.53883302 0.935793221 1.46031523 1.2544657 1.05760562 1.29176342
    1.01991427 1.33803892 1.40330362 0.595683753 0.419209629 1.01566398
    0.773254931 0.614758193 0.939401209 0.419243008 0.58265698
    0.967378616 1.38428485 1.33052444 0.533039629 0.453739643
    0.838485181 1.15807176 0.974948466 1.13062656 0.935226917 1.50441658
    0.999585152 1.09242821 1.27955353 1.13943911 0.633143544 1.17784512
    1.25576401 1.26411462 1.16330647 0.750066996 1.43090701 1.6322211
    1.18657577 0.532433271 0.596890271 1.30982625 1.30570388 1.03085279
    0.604345083 0.605958462 1.55041242 1.52420318 0.815396845 1.12028539
    0.885542393 1.3424319 0.681730688 1.00360715 1.68135035 1.43944311
    0.91961199 0.659635305 1.34635615 0.886037886 1.65039575 0.766128659
    0.586187124 0.825258076 0.730904043 0.61507076 1.59142423 1.21415758
    1.56657612 1.69307077 1.32969201 0.98597157 1.24025691 0.489367366
    0.391311914 1.11638367 0.871287584 1.27240825 0.677305102 0.39784649
    0.551804364 0.776934028 1.26322711 1.03270471 1.11177552 1.36064351
    0.726196647 0.755801857 1.27194357 1.60323048 1.4609828 1.43727112
    1.21949255 0.997466862 0.949197829 0.491726846 1.18729615
    0.502584457 1.37419987 0.843355358 1.14629722 1.18791974 0.789120078
    0.797682524 0.560919821 0.714420438 1.3666873 0.691322625
    0.668046534 0.937034428 0.48727271 0.398633152 1.20904553
    0.655261874 0.496974468 0.93039459 0.808012366 0.503867388
    1.42721212 0.656494677 1.12306285 0.794665635 1.15024662 1.32673001
    0.962772846 0.796040118 0.97942704 1.43745673 0.832555771 1.183061
    1.38793981 0.652884007 0.758938432 1.08235919 1.16823816 1.15917182
    1.4777422 0.709349632 1.15140641 1.22177696 0.992992938 1.61537957
    1.16168118 1.44905698 0.952263892 1.17216647 0.558348238 0.251202971
    0.306720227 1.05913258 0.611098886 1.54153085 1.62604558 0.653513551
    1.13920689 1.1273061 0.542107463 0.496947318 0.625582397 0.84421432
    1.01695681 1.36433232 1.00896502 0.612554789 1.49422526 1.14572251
    0.570985377 0.593595386 0.95874685 1.29755819 0.623452723 1.33206046
    1.54569995 1.34184134 0.931033134 1.40979934 0.709175467 0.738048553
    1.00844049 0.600663424 1.18894112 1.16212833 1.4511131 1.26289284
    1.16274393 1.46122372 1.02931929 1.10227919 0.68879813 1.45131838
    1.19018722 0.808094203 1.42957914 0.961584628 1.62401283 1.47271717
    1.53639889 0.916959941 1.17979038 1.14878535 1.57275128 0.88856709
    0.919568658 0.888466597 1.46096504 0.967529595 1.70611179 1.53055489
    0.573570669 0.82945627 0.899473548 0.546405494 1.36388099
    0.847639382 1.59481394 1.15601349 0.600097001 0.632658124
    0.867249966 1.07837391 0.748120308 0.67768389 0.748714924 1.25293016
    0.905305624 0.935707629 1.33255208 0.928587914 0.598368526
    1.29318702 1.00621998 1.50224829 0.828385234 0.659585714 0.904707909
    0.561056674 1.07660651 0.947401762 1.55730748 1.21009457 1.19373572
    1.23123658 1.20503736 1.54835796 1.5438745 1.43908083 1.04396033
    1.58798289 1.3668443 0.932572901 0.660419106 0.401172072 0.41460216
    1.2368089 0.594231069 0.743320465 1.04969549 0.576881349 0.726635695
    1.4791652 0.546849728 0.998665333 0.587193489 0.940507054 0.38971135
    0.487576723 0.570241153 0.63060236 0.912757456 0.928564847
    0.601674557 1.23121548 1.04075825 0.851474285 0.876462519
    0.723883092 0.570236862 1.23240209 1.65285444 1.57658482 1.66331387
    1.21893668 1.56228209 0.620997429 1.11221123 0.936964512 0.793458343
    0.827210903 0.468519211 0.724372923 0.705662847 1.45586264
    1.60793626 1.01348937 1.56316888 1.17426002 0.876472354 0.706714511
    0.629229665 0.750727832 1.2398411 0.950974882 1.16540885 1.51258731
    0.728647828 0.569362521 0.585751057 0.905880809 0.552614629
    1.02848113 1.54997885 0.78428185 1.16855347 0.567051053 1.01379931
    1.42076039 1.1267463 1.54280317 1.33687508 0.889779031 1.53980422
    1.66391981 1.29577363 1.30054522 1.55947161 1.76559091 1.57518864
    1.38933146 1.49828446 0.53847611 0.945117593 0.596251428 0.634891629
    0.903053343 0.866785109 0.594318032 1.42815769 0.74009347
    0.623342872 0.874495924 0.948273659 0.900821209 0.998850942
    1.59789908 1.28064728 1.39780009 1.67204463 1.46023023 1.06808817
    0.474499166 1.40084481 1.1216234 0.586455524 0.866250634 0.716916502
    0.823885262 0.557820439 1.37366235 1.07122278 0.557956994 1.19103658
    0.744697511 0.856621861 1.50596893 1.13830352 1.47061372 0.85346055
    0.936533213 1.13812637 0.758801758 0.724411964 0.870632172 1.1238066
    1.04801762 0.53847748 0.645971 1.29960442 1.47871625 0.873085022
    0.647243977 1.36377883 1.23315156 1.43283355 0.672051549 1.01344872
    1.04816198 1.4131341 1.60000706 1.32714379 1.18190944 1.34396887
    1.41010368 0.738337576 1.07765877 0.65337199 0.826881349 0.715484321
    1.23542333 1.40285003 1.28831542 1.14843106 0.624851406 0.584349632
    1.04311287 0.643299997 0.577026546 0.624006927 0.698681772
    1.38957322 0.972113132 1.3837049 1.18627226 1.44788206 0.908093452
    1.30752182 1.48295307 0.906510532 0.486260831 0.733938813 1.41759562
    1.56222963 0.663151801 0.405780494 0.832307994 1.20344257 1.00566602
    0.777344584 1.13951814 1.01982903 1.26818907 0.550771117 0.918895602
    1.19020951 0.886523008 0.980400026 1.05651236 1.46954226 0.843535483
    1.4815259 1.11103022 0.67191422 1.4811275 1.2455411 0.827364683
    0.974955797 1.41368151 0.96795553 0.611246288 0.828296065 1.37765825
    1.71078575 1.65197468 0.879507303 1.0213908 1.66065753 1.58643687
    1.25988507 0.745517135 1.00275886 1.48325634 0.631450772 1.51272881
    1.0891217 1.31600595 1.0280937 1.43453145 1.33464396 1.20018029
    1.04261351 1.23859537 0.972228765 1.44162512 0.926961601 0.849000812
    0.789811432 0.497328579 0.614424586 0.904029787 0.965702057
    1.45993412 1.28742707 1.12633824 0.977893293 1.61448932 1.38659036
    1.0392729 0.937679291 0.786094308 1.17289889 0.565675795 0.651676893
    0.625959039 1.08731449 1.39534676 1.63013935 1.23739207 1.17005908
    1.42345846 1.43493736 1.69767499 1.46666682 0.627059162 1.21287048
    0.955471516 1.56528103 1.18801165 1.02898586 0.55048722 0.502450228
    0.80680722 1.54885769 1.3335526 1.05826259 0.522991359 0.470022231
    1.13135564 1.02322721 1.17226124 1.08665943 0.962949932 1.42590594
    1.06241894 0.536676228 0.904138327 0.553468406 1.38624012 1.36468303
    1.14365363 1.11909676 0.863464713 0.401154399 0.84072578 1.40287423
    1.7250942 1.79220402 1.74403465 0.806159019 1.52849185 1.28984964
    0.893037617 0.787146866 1.08621359 0.974466741 1.14960086 1.07781398
    0.519137263 0.539332747 0.596325934 1.34514225 1.23313808 1.05653179
    0.529907107 1.41856265 1.03209221 1.01779056 1.13248134 0.930005133
    0.691128254 1.31841052 0.707684934 0.777001619 0.493858606
    1.47248864 0.689648151 1.38350523 1.20641983 0.819063365 1.19249606
    0.654296339 1.32925665 1.15282142 1.42848933 1.24782944 1.16388035
    1.24962926 1.55488503 0.892315984 1.67129934 1.36683381 1.41540456
    1.29531455 1.31694031 0.708273232 1.25613332 0.722363353 0.426018536
    0.468194991 1.31195521 1.07187843 1.32973778 1.50381517 1.38706291
    0.991843581 1.30993032 1.62735438 1.36009085 0.580586493 0.507837176
    0.813087881 1.46681595 1.34393299 1.33839619 1.6096766 0.794019639
    0.899207652 0.712585926 0.602668226 1.27924609 1.42470729
    0.837832212 0.4055067 0.446239084 0.797168791 0.92546916 0.768697023
    1.08245432 1.26173019 1.26566386 0.936866224 1.62233365 1.21661508
    1.55857217 1.06611681 1.27917957 0.513938189 0.952130258 1.09762013
    0.815313578 0.458885908 0.837288201 0.672473252 1.20318639
    1.01159203 1.36501372 1.54914868 1.50436437 1.08823073 0.589139104
    1.50826323 1.32998931 1.150056 1.44474769 1.49145353 0.803196967
    1.33038116 1.45082569 0.988892436 1.14261854 1.49934173 1.31591439
    0.670063019 0.996223569 1.2020278 1.18693626 1.16961086 1.40621281
    1.46123421 0.668668389 1.0935564 0.39307794 0.45090282 0.491918534
    1.55645812 1.66544688 1.66508389 1.0395658 1.52970183 1.42821026
    1.29569685 1.336519 1.03246009 0.6474244 1.36180258 0.584609568
    0.4440763 1.15321112 1.61353648 1.48977828 0.465770155 0.559470654
    1.1650722 0.778914869 1.17955184 1.30545044 1.23370886 1.27779019
    1.25242889 0.50814569 1.11499596 0.706490934 1.46717536 1.22489274
    1.12115538 1.42859936 1.29809391 1.36658823 1.1648922 1.10645473
    1.61397386 1.42094278 1.25132728 1.24223733 1.40257049 0.742183387
    1.04677594 1.4034549 1.3698374 1.4222014 1.57635987 0.685989678
    1.50618935 1.15896118 1.47524166 1.19078064 1.04759812 1.10191619
    0.868295074 0.870821714 1.04407573 0.92718029 1.51606262 1.40803528
    1.19142139 0.929858685 1.17137611 1.25414824 1.58888054 1.2892127
    0.732964814 1.20308971 1.29050577 1.26699543 1.53297067 0.948666155
    1.50686157 0.858763993 1.62883115 0.798776805 0.998140812 1.41229737
    0.908169448 0.983202815 1.32785797 0.987658501 1.51900697
    0.588469505 1.59426928 1.54331875 1.40496349 1.36391747 1.63934135
    0.684521377 1.06526947 0.830251336 0.914961874 0.827269256
    1.03261435 0.731908441 0.682998121 1.2885468 1.13654506 1.51332879
    0.879587948 0.652022421 0.758012533 0.986442327 1.00420702
    1.55174065 1.26862514 0.615656734 1.37155092 1.30421603 1.05050015
    0.918249607 1.27379644 0.901699483 0.856377423 1.54004061
    0.679584026 0.772896767 0.570218921 1.4792465 0.774890721 1.55614948
    1.10519266 0.519485474 0.642114699 1.33205402 0.962142706 1.70732999
    0.964248061 1.76051033 1.48450196 1.44079816 1.55460417 0.840991616
    0.411603808 0.832940459 0.803954303 1.05109906 1.0400629 0.517236471
    0.576121151 1.25795305 1.08323443 1.57183433 1.62342119 0.586379707
    1.04978764 1.42844415 0.637228191 0.928999186 1.32548916 1.26316285
    1.14808702 1.29709744 1.15816689 1.01226807 1.34231734 1.13035786
    0.981548786 1.53012502 1.15766847 1.34486544 1.30293357 0.666905463
    0.638109267 1.13658023 0.705687642 1.36085927 0.713975966
    0.868573308 1.33267498 1.61410213 0.956176519 1.56658888 1.31103313
    0.922881246 1.08444881 1.1637032 0.810466468 0.450293183 1.33146131
    1.44360411 1.12110651 0.889112413 0.852944076 1.36347091 0.700769305
    1.34841383 1.43356395 0.996615827 0.649460614 0.424712807 1.21100032
    0.626701295 1.08252442 0.839691579 0.844624281 0.965851545
    0.819080889 0.697720289 0.544936538 1.40178812 1.02240276
    0.730016649 0.601159811 0.816886485 0.656437397 1.03929234
    0.654607117 1.40852404 1.6553123 1.30044043 0.970214725 1.45560861
    0.941779912 0.727931321 1.00753069 1.43424058 0.868296683 1.17829752
    0.755346715 1.49505305 0.984628439 0.515474498 1.07672131
    0.453830063 0.604799509 0.503345132 0.89157635 1.14336812
    0.591555178 1.03995705 0.947499752 0.618232608 1.4018383 1.06535697
    1.16576254 0.810373366 1.60700655 1.38282669 0.916173935 0.882371962
    0.581092298 0.46289444 0.65991205 1.38883078 0.946796834 0.854070425
    0.895005226 0.901082575 0.720119476 1.21775293 1.40638363 1.21243632
    0.984625816 0.944744289 0.981841087 1.65925968 0.762129843
    1.49766469 1.29785788 1.43664348 1.3499161 1.0282284 0.649442136
    1.24310827 0.762980342 0.903345346 1.36649072 0.62654531 1.21806502
    0.965150237 1.55467057 1.09852028 1.11246073 1.41244745 1.09607315
    1.10657203 1.00198567 0.663833916 0.752439499 0.555203795 1.37933505
    0.786884308 0.928962231 1.52144742 0.86225611 0.802726269 1.3869431
    1.39111102 1.43662095 0.685545683 1.39239466 1.17072856 0.790222645
    1.09512413 0.802296221 0.850846291 0.498740822 0.974876702
    1.38681388 1.10164165 1.13430846 1.60268903 1.54312098 0.597423673
    1.39378679 0.622303665 1.55891156 0.768820822 0.785983324 1.14178562
    0.626529276 0.912179589 1.13585734 0.763214886 0.732484281
    0.993157625 0.570723593 0.691784382 1.5101974 0.978393734
    0.861930966 1.31339312 1.11461473 1.5211736 1.6621511 0.754975557
    0.690158546 1.34157932 1.3637017 1.14993036 0.901117504 0.875866354
    1.04241538 0.834758043 0.921407163 1.0079999 0.657072604 1.43720531
    1.55755234 1.18658948 0.772161305 1.08586144 1.33652651 0.47190091
    0.681773722 1.37588573 1.43527544 1.48853076 1.66311359 1.36702621
    0.954504132 1.49842227 0.601777196 1.15784204 0.699802637 0.42669332
    1.30700827 1.09850001 1.14985156 1.05924559 1.20335805 0.960483491
    1.37991035 0.781822562 1.5579406 1.27197742 0.667174339 1.56120872
    1.34717441 1.00466561 1.37052703 0.553362072 1.08916152 0.874760687
    0.898564458 0.959239304 1.3451618 0.735193074 1.25897002 1.52241516
    0.941222072 1.61422753 1.43114424 1.63193655 1.25366473 1.18120432
    0.922627807 0.760226846 0.762100279 1.04640174 1.41508555 1.72745633
    1.59235585 1.53596258 0.876840353 0.902656019 1.36119139 1.26099646
    1.56644356 0.72287631 1.33757126 1.02019155 0.95200336 0.570400834
    0.48416537 1.23705149 0.644574285 0.505533576 0.791559935
    0.641784251 0.908038318 0.468276113 0.593720794 0.94072032
    1.59076667 0.893113136 0.751671791 1.24120867 0.528618872
    0.663795352 0.808711588 0.748191655 1.16593552 1.382195 1.37248611
    1.02818489 1.54299533 0.838157833 0.427657634 0.385970831
    0.648001134 0.552461505 0.636290967 0.484766781 0.603793979
    1.50356805 1.0108043 1.37883389 0.473969936 0.570176303 0.905985117
    1.32262611 1.71719468 1.42234409 1.26127303 0.502393484 0.81392014
    1.07930028 1.12274456 0.972364247 0.378522962 0.404952377
    0.715357304 0.866754472 0.454638273 0.71038419 0.751809537
    0.606411636 0.791048229 0.492517442 1.48189056 0.840131521
    1.60211587 1.48980796 1.46928215 0.633735418 1.2452724 0.860477567
    1.50779498 0.71177125 1.03381121 1.40229928 1.20461345 1.45854545
    1.61588299 0.819581509 1.25005424 1.4504565 0.449267417 1.04003131
    1.09380913 1.04630685 1.00374544 1.12722754 1.11007333 1.40189397
    1.0753237 1.35837424 1.40276182 0.656417489 0.520447373 1.04515374
    1.41759193 0.946505964 0.486901909 0.625195563 1.45403433
    0.889366686 0.517068505 1.33107078 0.656366646 1.26804614
    0.528023779 1.43878055 0.536077082 1.26076198 1.48198819 0.749371886
    0.789062381 0.998536289 1.22476709 1.439713 1.21371293 1.02427268
    0.784829557 0.914756 0.696781933 0.686234057 1.51529801 1.03203177
    0.584397078 1.30382907 0.879791737 1.01224697 0.580971181 1.49444628
    1.54781842 0.702231586 1.0872395 1.52708089 0.694085538 0.531733334
    0.616918266 1.17087483 0.551442504 0.798048675 0.57445842
    0.984860003 1.61761272 1.40380168 1.111431 0.86191994 1.64742231
    0.993014038 0.601877213 1.02770293 1.47842288 1.3758136 1.63287389
    1.32299054 0.834882855 1.4639734 0.599274993 0.554002225 1.45331287
    1.27464473 1.16832995 1.45644486 0.649982274 0.540225685 1.4187479
    1.45469499 1.37871289 0.805954635 0.458059698 0.682909191
    0.510613501 1.19591784 0.670230329 1.31154788 0.848166227
    0.619905174 0.576851428 1.22708416 1.27849269 1.57217681 1.28555024
    1.45590842 0.805969238 0.886874914 1.42649066 1.23716271 0.672668695
    0.708124518 1.28686738 1.10629618 1.11194074 1.48457193 0.542031765
    0.545242965 1.20807135 0.980403841 0.473476261 0.604315877
    0.989127636 0.814710498 1.1183182 1.45466697 1.12879658 0.475661516
    0.561645925 0.654174328 1.42927539 1.63303947 1.59690487 1.23677957
    1.03960502 1.17247307 1.47947693 0.625234842 0.704600692 0.724659383
    1.34969902 1.20783842 0.697854936 1.31750894 1.30229294 0.663800895
    0.586530566 1.50019133 1.21892715 1.35980868 0.895530403 1.31770015
    1.06828988 1.2540338 0.40552786 0.359573036 0.389233261 0.503852308
    1.4236846 1.27106643 0.59267807 1.57125342 0.85597676 1.50269699
    1.25990677 0.715609252 0.528784037 1.33899319 1.22305572 1.49996042
    1.25796103 0.903967142 1.38659632 1.39615417 1.60592532 1.67314529
    1.57166195 1.05847049 1.55314994 0.846063614 0.717894197 1.0186373
    0.982304871 0.628028274 1.08460164 1.46331859 1.38313258 0.692603886
    0.515509546 1.56359375 0.646535277 1.21476042 0.896303296
    0.854740024 1.43626904 0.849574983 0.993676007 0.621742249
    1.30094457 0.508209944 0.612432659 1.45313418 0.910670102 1.00478625
    0.719396055 1.5191021 1.36505914 1.09885693 1.67786491 1.59819388
    1.11934698 1.13311327 0.635925293 0.698684394 0.815257072
    0.603319228 1.17210293 0.924665451 0.79401058 1.28124952 1.38231456
    0.919283092 0.982011378 1.13345575 1.25241423 1.46792758 1.25961471
    0.941566527 1.01872253 0.925723135 1.47217989 0.749759078 1.45192063
    0.492345572 0.703721404 1.11839974 0.609913051 1.39096713 1.09194934
    1.41013849 1.35260546 0.8339414 1.22228456 1.0667758 0.825387299
    1.38400388 0.978393853 1.34367776 1.23930573 0.673010647 0.563731372
    0.452391803 0.807893157 0.881960392 1.62142801 1.69095516 1.48749173
    0.754766226 1.49428821 0.763684809 0.830193162 0.724034488
    0.786102057 1.03216529 0.70986408 1.39303601 1.08521235 0.563787878
    0.722162485 0.65170753 0.553134859 1.05507195 1.16643703 1.12935185
    1.10724771 0.721921086 1.1751641 1.28375888 0.791508079 1.47697318
    0.780290961 0.584910691 0.594334424 0.777977288 1.29677355
    0.863759518 0.554291546 0.656194389 1.20203626 1.23510361 0.79080379
    1.26460135 0.573854864 0.958191693 1.47967136 1.08117282 1.13572526
    0.492381573 0.756718874 1.07092714 0.69565165 0.683219314 1.03618491
    1.34001088 1.46136808 0.52723527 1.13007021 1.20307291 1.44788706
    0.794205308 1.39411676 0.473467112 0.658263147 0.500020802
    1.21545112 0.660808444 1.1400193 1.43904769 0.787206948 1.3783381
    0.462012619 0.984201849 1.32036436 1.56180775 0.67552048 1.12513423
    1.50834095 1.40745473 1.16112471 1.19469941 1.34801316 0.67784667
    1.53276622 0.613414824 0.623737335 1.42194939 1.21531844 0.56353426
    1.04213095 1.37387598 0.802588701 0.616963744 1.49491274 1.05796051
    1.25879312 0.919127524 0.816078544 1.19712448 0.593641102
    0.568925381 1.37403333 0.748449504 1.07867181 0.742207468
    0.540708482 0.621678889 0.779347062 1.16207159 0.978345275
    0.964122832 0.57817471 1.11791372 1.34712803 0.803495586 1.66439283
    1.69421709 1.40598929 1.53095984 1.24827886 1.26211762 0.939057469
    0.632266521 1.02253067 0.751471877 0.874313831 0.408416659
    0.466404527 0.922374845 1.42575395 0.623651266 1.17303324 1.46018791
    0.944991291 0.908627093 0.559026778 1.16432858 1.22840118
    0.944912493 0.698141932 0.621296108 1.11819375 1.18792439
    0.702199101 1.09984279 0.446597159 1.24777949 0.600324094
    0.494471133 1.21290553 1.54425681 1.18473613 0.754048049 1.02295566
    0.705569625 0.891296089 0.84320569 0.604187608 0.630107045
    0.65607214 0.369370282 0.314620495 0.582606912 1.28363359
    0.633999228 0.602077186 1.29288328 0.896147132 1.56187105
    0.930745721 0.930821478 0.924883902 1.23686337 0.74525702
    0.537829757 1.06413054 1.03662908 1.52462864 1.45626044 0.81734705
    0.805929065 0.912931561 1.17880571 0.675287187 0.945362389
    1.02596247 1.2932204 0.835191727 1.1584574 0.926865339 1.32450819
    1.51932144 1.01877713 1.65582323 0.95042038 1.6013459 1.357988
    1.62619174 1.56984174 0.910977066 1.41802943 1.37271178 0.640599251
    0.609967709 1.15370452 0.956280649 0.729276836 0.816612363
    1.26352823 1.50903118 1.32919335 0.828901708 1.50135148 1.49133492
    1.40551841 1.22138345 1.15423942 0.8932271 0.8650195 0.594755232
    0.84792906 1.45668614 0.723148048 0.811070323 0.970794261
    0.611000001 0.434236795 0.566352785 1.1848805 1.02503538 0.483693928
    0.483602285 0.563040376 1.25627685 0.953706443 0.949508786
    1.29085469 1.49037337 0.99592495 0.416458994 1.10920739 0.526215255
    1.25800645 1.40283442 1.02042353 0.873476982 1.07820046 0.995490253
    0.787018895 1.31937814 0.897606611 1.25029945 1.00428712 1.22799563
    1.67542613 1.17310798 1.54691029 1.27639401 0.980192363 0.707853496
    0.994408309 1.59103787 0.959307849 1.06162405 1.21369648 1.30686164
    0.733925879 0.991911173 1.05509496 0.95271349 1.35016537 1.14368749
    0.991096377 1.47985697 1.15860057 0.728190958 0.530524611 1.26374948
    1.33194625 1.60184228 0.88398385 0.811396837 1.58198583 0.989274681
    0.610478044 0.584309995 0.613121808 1.19739425 0.60804826
    0.516580462 0.908423364 1.21954215 1.41886628 1.00461829 1.21254015
    1.54931474 0.798385859 1.51443362 1.24426448 0.279592514 0.865507483
    1.1148231 1.29658484 0.576301098 0.760457516 1.49902749 1.61963773
    1.22698057 0.942462146 0.809299886 0.584929943 1.16002834
    0.466337353 1.13054407 1.63783526 1.2904253 0.906420708 0.389829308
    1.00990748 0.460034579 0.732676923 1.22311604 1.40699077 1.6321342
    1.65108287 1.57880116 0.721406937 0.613490224 1.02989924 0.692034364
    1.51412845 0.951769531 1.19058347 0.779371083 0.975887716 1.06751537
    1.27342403 1.59691024 1.26503515 0.819178522 1.54434979 1.51277423
    0.733253062 0.436378956 0.494381189 1.2620523 0.728864014 1.22575009
    1.15688944 0.669365406 0.748028934 1.38202631 1.21400011 1.30353999
    1.28997767 1.02319729 0.911198437 1.36262691 1.59445035 1.23450947
    1.40844667 1.08970845 0.932829857 1.20974386 1.33849776 1.56007874
    1.60732806 1.28670251 0.564426661 1.35360205 0.679454088 1.40855408
    1.5052681 1.79844606 1.61713529 1.46285129 0.723041177 0.759600937
    0.410655022 0.986944199 0.495682448 0.409074545 1.14076293
    1.38420641 0.759596109 0.904913127 1.60696113 1.57170844 1.07697535
    0.851448953 1.25428498 1.19961476 0.601471066 1.38128972 0.631920695
    0.475293905 0.746537149 1.18735147 1.56180906 0.582211316
    0.968146145 1.06883621 0.946267426 0.927221179 0.603732109
    1.16006553 1.66870415 1.22759497 0.936670661 0.778628409 1.46234143
    1.04426181 1.48580575 1.18427277 0.822820842 1.25451362 0.5758425
    0.714123845 0.631536186 0.986188054 1.18612742 0.758215368
    0.995856285 0.573866069 1.07772923 1.16558063 0.998426795 1.24412179
    0.538317919 1.3087945 0.765545249 1.01224005 1.13610899 0.640794575
    0.718809724 0.88212961 1.40268826 0.654728591 0.719284832 1.09421372
    0.629738748 0.767051876 1.31479442 0.820602357 0.477120161
    0.693082213 0.719641268 0.714045465 1.09923446 1.51412022 1.48546016
    1.42134094 0.899937272 1.72368157 1.4326719 0.59679836 1.29881406
    1.43396461 1.06888521 1.42398226 0.755981386 1.40647197 1.55111122
    1.47355855 0.820466638 0.973134875 1.4103744 1.13968647 1.61983728
    0.798451483 1.57768416 1.13288343 1.50711775 0.855394363 0.69475925
    0.641917646 0.723880351 1.20158648 1.1301862 1.35288227 0.906199098
    0.423737794 0.524150312 0.844913602 0.517351985 0.662099719
    0.829301059 0.81538111 0.497861773 0.449204475 0.509731948
    1.46874869 0.600859523 1.38756979 0.640884697 0.575790286
    0.407167345 0.775804281 0.631366968 1.47260094 0.968337774
    1.31035995 1.52219582 0.611406207 0.929032087 0.821866453 1.4222182
    1.44969177 1.4979533 1.58215225 1.42553163 0.86505264 1.25456905
    0.633415997 0.404061884 0.41760233 0.517805457 1.35879827 1.11097407
    1.52117193 1.18926513 0.511926711 0.616283774 1.23028517 0.474397212
    1.07537544 1.55625141 1.56862378 0.738592565 1.43781579 0.87785393
    0.51966542 1.1249727 0.62201339 0.672225118 1.08154166 1.31879318
    1.54075444 1.56736922 1.22986376 1.31221879 1.31640613 1.11449003
    1.14438164 0.551760495 0.888303399 1.29687297 1.54876101 1.28424227
    1.22491121 1.4458952 0.526814163 1.46417272 1.17403328 0.331493437
    0.333996356 0.948875606 1.45804894 1.13666046 1.44703877 0.736036718
    0.576273263 1.4806664 1.4984225 1.08994603 0.915853918 1.11573982
    0.997448742 0.755803168 0.578451455 1.61695039 1.25374734
    0.468666703 0.379637599 0.964535594 0.461195379 0.757213056
    1.08821297 1.27351475 1.62143278 1.39569414 1.45108557 1.13760805
    1.19705379 1.52589548 0.570787191 0.954562962 0.70227468 1.44134307
    1.55203557 1.20470321 0.937109947 0.561248124 0.813683152 1.33619356
    0.639356136 0.883769572 1.28449237 1.32042837 0.683842719
    0.482178211 1.38624263 1.18467736 0.647090495 0.795497596 1.33278847
    1.21073568 0.682602286 0.751853108 1.14223862 1.37179959 1.28505385
    0.935597539 0.903580546 1.35339868 1.22798038 0.85677141 0.719260752
    1.54058111 1.0240171 1.23804259 0.615625381 1.03082144 1.60569358
    0.769302905 0.912459254 0.643889487 1.12883651 0.781648636 1.6526525
    1.2652818 1.44138849 0.785315096 0.480973214 1.22500074 0.770019233
    1.25094354 0.752644718 1.23662281 1.00687754 1.41532111 0.877797306
    1.14660907 0.941475391 1.67750192 1.58220851 1.40134501 1.54723215
    0.896250725 0.519837677 0.97649765 1.02702272 0.965427816 1.56280208
    1.3751713 0.708220065 0.983450651 0.741428435 1.12075984 1.28652358
    1.38472366 0.804641902 1.41737068 1.72149432 1.59161627 0.859530687
    0.606509924 1.19254875 1.47797406 0.622576892 1.2209779 0.902078152
    0.845532894 0.515091062 0.789760292 0.914895833 1.31236577
    0.49477917 1.4058907 1.33553839 1.57525957 0.828179359 1.49414754
    0.961188197 0.613265693 0.662554502 1.40020323 1.5822053 0.945802629
    0.511482954 0.675160348 1.51969492 0.689388454 0.867400885
    0.532494426 0.48641628 1.01245487 0.914734721 0.607262373 1.33050108
    0.719704092 0.837796271 1.13567424 0.629260421 0.585410595
    1.41384935 1.18176901 1.0032897 1.44543159 1.49103916 0.805748641
    0.773553729 0.558781803 0.471574664 1.11292768 0.921530187
    1.46604574 1.30271256 0.618202329 1.17388809 0.923452139 1.2630012
    1.43758857 1.32258224 1.47388709 1.14467537 0.483669043 0.722250938
    0.749994755 0.866966724 1.20678627 0.668338537 1.34489584
    0.720446825 0.818003356 0.669783831 1.08964837 0.663395703
    1.13517141 0.966690063 0.503700852 1.1143409 0.765404403 1.2494297
    0.623592556 0.65105927 0.633879423 1.20200622 1.32918906 1.20055294
    1.02350914 0.88490361 1.40804231 0.540294766 1.48841596 0.793603897
    0.664426863 0.759938419 0.970855117 1.50938094 0.580608487
    0.566123962 1.12743533 0.939323783 1.41861808 1.43999934 0.963900626
    1.04483974 1.55017447 1.54140449 1.08670425 0.490903974 1.52395487
    1.2227608 1.47205353 0.820928156 1.18316913 0.854588389 1.59479737
    1.1930443 0.705321729 0.622514784 1.42915094 1.08886266 0.807758331
    0.710462868 1.08044887 0.757603347 0.780041099 0.920414865
    0.655857563 0.648862302 0.958738267 1.07683849 1.60136342 1.39561236
    1.05586505 0.89946866 1.3349545 0.88392669 0.467337668 0.993154526
    0.670941114 1.01496959 1.50009584 1.66055167 0.794429243 0.469817489
    0.524503589 0.466019362 0.532364249 0.769110441 0.735139608
    1.37072039 1.33820915 0.614642084 1.28112447 0.488420367 0.957674801
    0.991001785 1.52825892 1.63779795 0.770978272 1.18967617 1.08314478
    0.982228696 0.959570706 1.14826 1.18395627 0.52970463 0.66659081
    0.807927012 0.51211369 0.93396157 1.64777827 1.66251481 0.927755356
    1.22470868 0.816584587 1.43845391 0.99802798 1.15177929 0.699357033
    1.55158257 0.80665791 0.857621014 1.56936109 1.33777511 0.898643076
    0.440627635 0.479040295 1.12896991 1.29779887 1.05945897 1.30625796
    0.621203959 1.28773665 0.704131722 0.572759211 1.20258534 0.72729063
    1.48079133 1.11043882 1.02110028 0.944502532 1.5668422 1.70859897
    1.27321446 1.61547375 1.43905365 1.26700091 0.777290046 1.63003182
    1.4627682 1.68336284 0.841079772 1.01236916 0.863850772 0.959987164
    1.27610564 1.4444226 0.961148918 1.47350609 0.650788844 1.32546782
    1.20104003 1.17385352 0.940766573 0.541938186 0.882313967 1.06396151
    0.76195842 0.924206078 0.975871265 1.4986589 1.65694571 1.4062655
    0.797309399 1.45939219 0.920975089 1.57538915 1.22217667 1.67587495
    1.54901707 0.894150913 1.24241543 1.0218786 1.03687501 1.22720337
    1.58105242 1.1441139 1.30319941 0.817974448 1.42317533 1.06480229
    1.27434361 0.702616274 0.487722874 0.942622364 1.6208092 1.28817964
    1.24621677 1.61338329 1.42723989 1.08431697 0.678916335 1.49864423
    1.46613216 0.653542876 0.690445065 0.427892387 0.410001218
    0.607203126 0.489302337 1.12413907 1.42409205 1.25158703 0.68660754
    0.460519075 0.681851864 1.29251814 1.41214466 1.03095591 1.57161677
    1.31181014 0.518882573 0.855046928 0.902385294 1.31073368 1.4872551
    1.34713423 1.4930737 1.45274615 1.46407855 1.42282772 0.783171535
    1.48640835 1.23341298 0.715595007 0.849223852 1.28957057 1.30985069
    1.39560437 1.44607759 1.4541707 1.48350537 1.52939212 1.62433183
    0.913387597 0.68833667 1.13294947 1.61158812 1.66803443 1.41262758
    1.01430225 1.22934556 0.702269077 0.670441508 0.672982633 1.52447426
    1.56760013 0.731801927 0.751795769 0.546805918 1.08763611 1.43776178
    0.584146321 1.5403471 1.16496933 0.997864425 1.37308347 0.96793741
    1.01282597 1.42006254 1.16607702 1.1811868 0.69691807 0.563451648
    1.40707684 1.18053186 1.11817181 1.34225225 0.419899762 0.66268909
    0.453469127 0.565916777 1.17343771 1.31667745 1.46715271 0.834053874
    0.930153668 1.53116703 1.41807222 0.63138926 0.788735032 1.29291129
    1.29513633 0.792999685 0.973733127 1.64273226 0.879098475 1.20436394
    0.886871636 0.830002069 0.944180727 1.1779263 0.572347403 1.30782521
    1.13350904 0.692283154 1.1613704 0.978539109 0.878929794 1.65494239
    1.65335643 0.638048291 0.635951579 0.69456929 0.76581496 1.4354502
    0.753448069 1.34232914 1.14125824 1.03618276 0.892312288 1.15746272
    0.791700482 0.833268642 0.527589381 1.3074162 1.46241379 1.1427393
    0.968773663 1.06164157 0.744962037 1.00809216 0.985583603 1.23471546
    0.681228936 1.31959009 1.25362718 1.66397655 1.14667284 1.25143194
    0.618568301 0.433043808 1.30050552 0.589884162 1.03605235
    0.865967512 0.602490067 1.13624001 0.639636815 1.21207142 1.47149372
    1.05168414 1.6160351 1.56547511 1.09476018 1.54476476 1.18355238
    0.94690299 0.841580629 0.56801784 0.532850981 1.04694927 0.656876147
    1.00491476 0.967521787 1.29795539 1.74441063 1.53132486 1.42574656
    1.45025039 0.807776272 1.11152959 0.884372175 1.05806589 1.35320282
    1.30549109 0.888307869 0.632370651 0.629047036 0.965614259
    0.782400012 0.754654586 1.09931672 1.05128777 0.831537127
    0.998490274 0.73417908 0.392862916 0.821527302 0.943388402
    1.53291464 0.962561667 1.48953021 1.26508105 0.721378148 0.740262151
    0.684083283 1.53898787 1.22339332 1.05969727 1.6890192 1.48065686
    0.855154991 1.50882208 1.35379314 1.38553143 1.63061059 0.590735555
    1.25215411 1.38231659 1.67127359 1.35761344 1.44948578 1.3317939
    0.82878381 0.701734185 0.687724948 1.22937071 1.56228566 1.63275242
    1.48783469 1.38966143 0.977475226 1.32346416 1.40594685 1.25140953
    1.63480127 1.30532551 0.74710989 1.39066637 0.794369102 1.29302418
    0.791149497 0.646740615 1.03834605 0.650000572 0.542256296
    0.586258829 1.42232156 1.49346495 1.21262372 0.929537594 0.984746933
    0.708223879 0.563623846 0.872476935 1.35290051 0.955708861
    0.907652974 0.725135028 0.553097427 1.28806698 0.724577487
    0.810738564 1.48624527 0.68292433 0.516507149 0.794521093
    0.564509213 0.624963105 1.4722954 0.649489999 1.22845721 0.997446299
    0.854497015 0.529081702 0.555006981 0.996386051 1.59642422
    0.592979968 1.07621443 0.777849793 1.48124564 1.33166361 0.667938709
    1.21787286 1.43742311 1.29594088 1.37065792 0.984978318 0.95709914
    0.81432569 1.28982306 1.56504321 1.50469148 1.33191764 1.08106732
    1.42503273 1.48013198 1.18350112 0.881729007 0.796737075 0.794042051
    1.50334764 1.041242 1.44841206 0.662999749 1.105196 1.61165607
    1.61835599 0.814780593 1.14098632 0.717352688 1.12014723 0.617417455
    1.01430905 0.891037166 1.21759486 1.23193634 1.13813758 0.605987728
    1.01242197 1.67409718 1.46943033 1.18660176 0.471351773 1.47404337
    1.36625242 1.14574707 1.3260802 1.38145936 1.6569165 1.22110748
    1.49411821 0.569194376 1.00785649 0.908650756 1.2603147 1.25451469
    0.481765538 0.465505809 0.585024416 0.484938771 1.28979242
    0.729975283 1.0737077 1.02678049 1.09248149 1.29418588 1.63203859
    0.737663507 1.49056864 1.33374274 1.55187047 1.38252485 1.51491165
    0.648332775 1.33874488 0.825166047 0.52963531 1.16261721 1.52453279
    1.52477443 1.62304413 0.644438624 0.931108892 0.610329449 1.29467154
    0.709219873 0.661087275 1.08778763 0.910299599 0.618555307
    0.556603193 1.07684875 1.35033476 1.45417678 0.45713082 0.480632395
    1.25734115 0.757632315 0.814993382 1.27399898 1.32144475 0.680200338
    0.902453005 1.0913614 1.01010454 1.27034152 1.13077712 0.519315064
    1.5290128 0.996982872 1.54027057 1.11309707 0.49837026 1.02181447
    1.36243331 1.37951362 0.989150941 1.55290711 1.02247012 1.02113974
    1.40571463 1.0199393 0.478837311 0.551867306 1.45497942 1.05915761
    0.756821334 0.758949578 0.663968086 1.44576275 0.484578341
    0.687854469 0.561345577 1.32335389 1.11064184 0.680142283 1.62617671
    1.4698174 1.31672263 0.695718467 0.501040757 1.18153059 1.4215951
    0.63185215 0.940605342 1.56920087 1.55210865 1.51752615 1.58637261
    1.64670253 1.38745832 1.07169569 0.926814973 1.28366423 0.717243493
    0.536746144 1.59834599 1.55899739 1.67583334 0.71701479 0.75896734
    0.823986471 0.669496059 1.36638188 0.7102229 0.60096395 0.888805628
    0.844796777 0.66768539 0.490113556 0.719831169 0.386570454
    1.10997725 1.32068741 0.968947947 1.29544699 0.945154607 1.01579702
    0.624494135 1.66384745 1.7430172 1.38054121 0.603258014 1.34403265
    1.48025191 0.877573907 1.53092051 1.09066296 0.96988982 1.29901052
    0.932456732 1.10337162 1.23363888 1.67693198 1.65849543 0.944191694
    1.09934354 1.19177425 1.06952083 0.938206851 1.09833384 1.03766561
    0.690050244 1.62926543 1.30067253 0.720911682 1.3597523 1.56576109
    0.983563125 1.04612303 0.574157417 0.644026339 0.416660488
    1.21348393 0.868238926 1.30596495 0.894800901 0.949846566 0.85495472
    1.30323422 0.7953915 1.55673587 0.869553804 0.487787187 0.800201893
    0.552400172 0.639976382 1.23538864 1.51721954 0.966593385 1.49610639
    0.631670833 1.25439179 1.43086588 0.934818387 1.44706535 1.0606426
    0.992676437 0.869020998 0.712616682 1.20876443 1.42918801 1.18460774
    1.53307056 0.52008158 0.829053879 0.831217706 1.06321776 1.00862789
    0.557168007 1.52780747 1.27283275 1.4705838 1.45383954 1.64005947
    1.03721356 1.12511468 1.31581426 0.685184896 1.01211667 0.663308144
    1.5021956 1.32975519 0.781915605 0.849749088 0.648074567 0.909048438
    1.33658254 1.13468575 1.45106721 1.24921405 0.863328457 1.02195048
    1.59066713 1.51191211 1.34018624 0.899080157 1.45319819 0.466230452
    0.971040368 0.549462974 0.542429507 1.30470872 1.46342456 1.63860881
    1.39746559 1.35755205 1.16936255 1.44062972 0.790148139 0.984564006
    0.838546455 1.37427092 0.785647571 1.32010007 1.32670343 1.56093955
    1.16482067 0.709467947 0.531499028 1.11870885 1.21263742 0.773109794
    1.38797367 1.41839468 1.67602038 1.56958997 0.571951568 0.914862275
    0.894292831 1.46887243 1.62191045 1.18048692 1.32298863 0.43913731
    1.1653496 0.540266871 0.913196206 0.541987598 0.845196843 1.14473486
    1.56083226 1.48102891 0.906791389 1.4200809 1.07600045 1.59467041
    1.57883763 1.28051603 1.52086997 1.45756805 1.48340619 0.493862063
    0.875866473 1.18443322 0.828517795 1.41781378 1.1381104 1.1628195
    1.15204382 1.10238063 0.866671503 0.648563087 0.793821752 1.19615376
    1.19184268 1.24597061 0.782069385 1.40273535 0.626672804 0.437068582
    0.598647892 0.564636528 1.40622795 0.492980778 0.912059903
    1.52797091 1.31067801 0.542758465 1.48065066 1.01524317 1.05102634
    1.25623405 0.83060056 1.27868354 0.862917423 0.656042159 0.705558002
    0.792657316 1.07711244 1.52293158 0.938203216 1.32233167 1.62250948
    1.46707642 1.5983932 0.86553973 0.970582068 1.33728778 1.08598471
    0.694263518 0.577197373 0.699926913 0.773363173 1.22677267
    0.49794212 0.7468189 1.26471531 0.614323497 1.50592911 1.32244158
    1.38381338 1.28518331 0.706240952 1.47259617 1.53265369 1.0636878
    0.959242165 1.03246093 0.716094434 1.43390262 1.13393116 0.660521507
    1.40563703 1.65240717 0.943892717 1.11645472 1.68697476 1.57716203
    1.54752123 0.87333256 0.993745685 0.937664747 1.0757091 1.55349708
    1.28270996 0.918705404 1.17821741 0.8862831 0.899668515 0.980417907
    0.942035437 1.21625829 0.783678472 1.47953534 1.50232863 0.452590019
    0.639928758 0.550576806 0.467084676 0.702997923 1.2002362 1.59015393
    0.652706563 1.32335496 1.50023985 1.63415658 0.941033185 0.899762332
    1.23590934 1.4864012 1.5607996 0.970613599 0.732009768 1.19151771
    0.588809907 0.914414883 0.814536035 1.56934178 1.13636184 1.19597018
    0.901700139 0.774447024 1.50966525 0.942165196 0.742777467
    1.44412398 0.86736244 0.934557319 1.1309303 1.56840575 0.971198857
    1.16551864 0.501186371 1.11736465 1.38525641 1.38307047 0.574450731
    0.465443552 0.738464952 1.29923975 1.46861601 0.895951748
    0.799550593 0.81597501 0.392969429 0.432661742 1.09671712 1.34675789
    0.397989213 0.440547824 1.29290903 0.675875485 1.11759615 1.57163942
    1.3770169 1.50910997 0.718624055 0.917727053 0.523851693 1.33727241
    1.11377001 0.567504346 1.18867791 1.42582881 0.716207922 0.809591532
    0.627093971 1.32722926 1.412431 0.378543347 0.452886075 1.02596807
    1.32651365 1.20490015 0.83968991 1.43587613 1.21459448 1.54233086
    1.73020923 1.48166192 0.944931149 0.871001184 1.23301601 1.44133878
    0.864707291 0.5746966 0.953140557 0.497090578 1.18691456 0.761347115
    1.14013338 1.34361637 1.13979995 1.34497237 1.32274938 0.781193972
    0.521399319 0.845764995 1.38157916 1.26293087 0.820589364 1.56175876
    0.774775922 0.545006156 0.694965363 0.819333255 0.876700044
    0.646465659 1.05356705 1.00094628 1.42398739 1.35463989 0.930639386
    0.951200664 0.834424376 0.585029364 0.816843688 1.47326553
    1.07658207 0.630776167 0.960648179 0.79501915 0.963384271 1.35701466
    0.627778351 1.04615164 1.35103631 0.575839043 1.65335011 1.63189113
    0.986886442 1.35421658 1.3684808 0.631097555 0.594722509 0.517581761
    1.50781882 0.589264929 0.529085636 1.23837423 1.20724392 1.54282641
    1.51284337 0.689573288 0.406356633 1.14676547 0.947918653
    0.897194862 1.03503251 1.50530469 1.69941866 1.3428483 1.45726538
    0.595730603 1.01864111 1.27134681 1.13515353 0.515411854 0.362251967
    0.564550996 1.28739083 0.856233299 0.819961369 0.689050257
    0.444009513 0.88574481 0.644815087 0.622396946 1.12827909 1.08105588
    1.57422101 1.61030936 1.2911998 1.45224702 0.878513575 0.614342928
    0.466850638 1.14502966 0.56033653 0.579504967 1.39910579 1.10947001
    0.534140408 0.820333064 0.740401685 0.811502635 1.07686079
    1.63420427 0.905128419 0.950107276 0.580884576 1.3443917 0.533424973
    0.734765172 0.82896018 0.843783498 1.50473845 1.46235561 0.908152521
    1.36845326 0.981878459 1.56912732 1.20859051 1.6095525 0.623215854
    0.896323025 0.768294096 0.9121297 0.686585188 0.82668817 0.674311578
    0.881329298 0.556904793 0.643340468 1.14665437 1.18204057 0.86064136
    0.62264359 1.15642655 0.930655301 1.43540382 0.780585229 1.51677418
    0.706821442 0.635056794 0.938760161 0.915409327 1.26962543
    1.48899353 1.13003922 1.49141753 1.35663509 1.70891047 0.900011182
    1.31076574 0.686927199 1.41929436 0.644367099 0.821651638
    0.869628727 0.911246896 0.945800245 1.25855994 1.44986403 1.14517331
    0.569853425 0.379923373 0.870026827 0.598469973 0.607054353
    1.26161432 1.52624536 0.621084154 1.17373168 1.0077008 0.812344909
    1.09102881 1.27043283 0.963232934 0.9883973 0.935039818 1.02201784
    0.943112791 1.07191694 1.13388228 1.6182853 1.51655912 1.15757298
    0.52451551 0.730268776 0.459323108 1.05243993 0.64128381 1.19331014
    1.10591972 1.44664001 1.18309546 0.978094637 0.619735479 0.500808954
    0.478317171 1.21704435 1.37391257 1.56348825 0.556706667 1.20339167
    1.26383567 0.613175511 0.466864347 0.486385167 0.997637033
    0.581131637 1.21787262 1.03811622 1.49277449 0.881517053 1.18587506
    0.756890774 1.33727992 0.71326077 1.02317071 0.566356838 0.794040263
    0.552348077 0.480196297 0.595643938 1.37000108 1.59689999 1.50248468
    1.31384456 1.23056459 1.2111727 0.848995864 0.491799682 0.610104382
    1.53128123 1.43749487 1.40945542 0.95365417 1.02268255 1.33329749
    1.29886258 0.837852359 1.2369684 0.770556152 0.371635467 0.503733814
    1.01136744 1.03217959 0.690618098 0.504365921 0.905134201 1.01812327
    1.50166333 1.29951108 1.49003232 1.34805357 1.34926379 0.767473161
    1.67915857 1.19537127 0.661965966 0.904270947 1.06914651 0.874540389
    0.493671805 0.487331331 0.809947848 0.644165456 0.663665533
    1.0695622 0.504388094 0.732807696 0.647928774 1.59254253 1.07454145
    1.33153987 1.25733519 1.15817297 0.929751813 1.30127156 0.496887714
    0.436527789 0.807626009 1.36651647 1.58232927 1.50947845 1.09791327
    0.724925458 1.1520822 0.566398561 0.609444439 0.573626637
    0.666717529 1.52401519 0.831628144 0.446435511 0.544146299
    0.984904289 0.575613022 1.0437237 1.4366399 0.524582207 0.878171802
    1.39261019 1.49146938 1.57134283 1.1366564 1.49710417 0.986439943
    0.647259235 0.808600843 0.557496667 0.622555673 1.01610219 1.2530148
    1.37127864 0.952495992 1.06831288 0.554611683 0.534110069
    0.465906411 0.791308165 0.818386972 1.22252584 1.26207232 1.49347222
    0.907645464 1.36977291 1.01783681 0.51379931 1.39634693 1.01226544
    0.819032609 0.574830234 1.10079193 1.15888011 1.01492178 1.23013282
    1.02650976 0.701199234 0.52150774 0.879691601 0.90332514 1.29905081
    1.12167895 1.28534198 1.11784291 0.627549767 0.459411293 1.02279007
    1.01349819 1.50523663 0.653279603 0.671715379 0.820308805
    0.766932189 1.24370015 1.41869187 0.581882536 0.860764146
    0.531553328 1.46289206 1.50559175 0.565757513 1.36985981 1.00949574
    1.37805295 0.826072931 0.961318314 1.17053103 1.0437814 1.57667017
    1.58879864 1.28856051 0.647771537 1.24711585 1.19763196 0.934035182
    1.57613075 0.969471812 1.45112264 1.1756357 1.3791213 0.84587568
    0.518915653 0.906088114 1.4860996 1.36123991 1.300071 1.16592145
    0.601307511 0.953861237 0.83326894 0.704662919 1.03481531
    0.885459781 1.36981642 0.682551563 0.747631431 0.452745736
    0.615432441 0.393298149 0.759563446 0.890120506 0.744074225
    1.31155849 1.62819517 1.40875995 0.950299084 0.49622786 0.554219186
    1.07379735 1.05357397 0.684456766 1.00606048 0.714670479 0.771824181
    0.920925558 0.418032229 0.449246854 0.554599762 0.494954914
    1.19252694 0.622522831 1.48838162 0.582945704 0.952251315 1.31840849
    1.0466404 1.35572255 1.51119077 0.640992761 1.04565799 0.982816339
    0.690758586 1.06918788 1.1925472 1.29054523 1.27584147 0.768339634
    1.56079412 0.859679103 1.58664584 1.20217443 1.08228755 0.828554869
    1.34186077 0.937125027 1.33037031 0.692975342 1.23981178 1.22260249
    0.705285966 0.616069257 0.558331251 1.41349804 0.964494407
    1.32066822 1.11111462 1.04310584 0.758623302 1.20650852 1.26480055
    1.50314367 0.577488363 0.70092088 1.28019094 0.633905172 1.14941347
    1.10939062 1.02425635 1.24005544 1.58189011 0.918478966 1.26788342
    1.12659883 0.714836776 0.597221792 1.09920132 0.728413522 1.52639854
    1.4635644 1.4549346 1.22222042 0.950061202 0.712387204 1.00320959
    0.813145399 1.26053047 0.685748875 1.21626866 1.45972168 0.692864537
    0.798520267 0.81442225 1.27716613 0.820543408 1.36300802 0.744809806
    0.528530955 0.402594477 1.22162819 0.774423122 1.45841086 1.46951735
    1.1689992 0.437909007 0.5431301 0.882270634 1.25778317 0.918732285
    0.652724683 1.08303797 1.56732345 1.50514436 1.30422282 0.984307885
    0.437456876 0.718769431 1.12937379 1.13662255 0.796080947
    0.995833337 1.24192131 1.08830822 0.831761539 0.465436667 1.1318382
    1.25366795 1.02900815 0.82915765 1.50250268 1.52729654 0.976278365
    1.44871831 1.17494142 0.940909326 0.726505041 1.09939909 1.50114954
    1.57089186 1.267434 0.682322025 0.436435521 0.567239404 0.694433093
    0.730194151 0.817029119 1.51241171 1.3176471 0.791961968 1.53461218
    0.798367858 0.699392021 0.462008029 0.603818655 0.873037755
    0.827627003 0.671923757 0.533992469 0.679959297 1.50675595
    0.63040179 0.862954497 1.40113413 1.13344526 0.461547703 0.776158631
    0.604565263 1.14369917 0.957980633 1.11499643 0.687651038 1.21836245
    1.0954591 0.88698858 0.734121442 0.585426092 0.812904418 0.507993937
    0.898882151 1.02336085 0.507525921 0.944811404 1.35054052 0.86933434
    0.782355309 1.08063781 1.34982765 0.482160479 1.40258098 1.20221138
    1.1770891 1.27869117 0.991019249 0.830282927 1.1390245 1.08312547
    1.22166145 1.38815904 1.05824649 1.41152072 0.89835304 0.685345173
    0.700509369 0.951037645 0.800137997 1.56035674 1.62551212 1.41775775
    1.0475235 0.785517991 1.26353884 0.88824743 0.425918102 0.52873379
    0.591266692 1.60551155 1.53121758 0.623026848 0.893916011
    0.656847298 1.58534586 1.10383296 0.781915247 1.57927847 1.21376336
    0.65418905 0.970093668 0.579746068 1.35901093 1.08748102 1.0025171
    1.6619643 1.61425781 0.624142587 0.538412631 1.04614925 0.874117255
    0.610230803 0.775847018 1.38842905 1.63890958 1.44640648 0.884076774
    0.721897721 0.817353427 0.961260855 0.532890975 1.43450451
    0.459005713 0.897761583 1.22014916 0.646224022 0.407490283
    0.843435466 0.453164756 0.475223422 1.0937717 1.00294495 1.01161742
    0.784226775 1.27768183 1.48355126 1.15705132 0.679923534 0.710561931
    0.521493673 1.00868559 1.37643838 1.48411548 1.02205694 0.458047062
    0.33095783 0.449638635 1.24013269 0.779576778 0.661831677
    0.724963844 0.80736649 1.21131873 0.509701073 1.49496746 0.725324512
    1.54485011 1.41985714 0.784920037 0.448008448 0.562766016 1.31112325
    1.56751657 1.41576302 1.50734639 1.01277041 1.54284906 1.06374586
    1.50711346 1.01623952 1.06911123 1.5520879 0.884225368 0.712158144
    1.328619 0.930999517 0.525724351 1.17694247 0.831512451 0.944968045
    0.801379979 0.908332348 1.08746719 1.0062927 1.33652127 0.9344818
    0.545538306 1.09496796 1.03933597 1.24754548 1.51353788 1.27987456
    1.14564395 0.684689522 0.857483149 0.877981126 0.73475951 1.32131076
    0.547698617 1.031021 1.44916189 0.678300321 1.0735271 1.0026598
    1.05067337 1.35354209 0.594217658 0.975662231 0.959995687
    0.979412258 1.15734637 0.775249541 0.566518664 0.71525526
    0.708183289 1.34062791 1.31000972 0.701900482 0.806060433
    0.613082588 0.413652003 1.07347834 1.14774632 1.1235429 1.18996215
    1.27162623 1.35876465 1.35710204 0.623555541 0.545111835 0.706465721
    1.42112482 1.43630898 1.53911507 0.599488139 0.589772463 1.40235269
    1.00790513 1.33320415 1.33490348 1.49102747 0.91943419 1.39540792
    1.58467019 0.75325495 1.11405802 1.04420531 1.29427505 1.1743331
    1.07177758 0.604193866 1.46425033 0.882021248 1.35885799 0.92293191
    1.50720549 0.959102273 1.3365097 1.09206009 1.06475782 0.868282735
    0.482777327 1.22587931 0.592243373 0.522719979 1.3246423 1.58708477
    1.68872976 1.71871257 1.42996395 1.33594286 0.799871325 1.23639107
    0.56043005 0.847103715 1.00832796 1.11251736 1.47084904 1.13522875
    1.70327568 1.68763876 1.46261227 1.38469529 1.35524666 1.0965786
    1.51837909 0.932543218 1.49841619 1.23906958 0.446703285 0.567022979
    0.837371469 1.38623118 1.59087622 0.987979293 0.722762823 1.24493742
    0.53375119 1.49283922 1.1659658 0.85053879 1.27018356 1.03959179
    1.21563017 0.978384495 0.562216282 1.26763237 1.26948404 0.915690064
    1.34966218 0.993727684 0.514907956 0.882669747 0.703885853
    1.09411561 0.741114795 0.681060553 0.584374309 1.36395454
    0.913202763 1.18153715 0.927975476 0.841199696 0.805354178
    1.25300884 1.34335065 1.58768272 0.649455369 1.47992551 1.26841593
    1.4169699 1.49094188 1.21189868 0.769592762 1.3926301 1.07780862
    1.35515583 0.667000055 0.6256001 1.05714023 1.14420629 0.748805761
    0.833580315 1.06519282 0.530961215 1.3818537 0.883905292 1.2397126
    0.954925358 1.41814399 1.15466058 0.935232341 0.979782045 1.47862339
    0.535688579 1.34577107 0.998010159 0.84980315 1.40694642 1.16479182
    1.20609975 0.854128182 1.22499466 0.9220016 1.12432516 1.27203262
    1.37471437 1.4305166 1.38165283 0.879792631 1.53969002 0.881343186
    1.29660332 1.11390376 0.876342714 1.26277852 0.947899282 1.41556215
    0.699444056 0.389207155 0.448012888 0.502168119 0.495619953
    1.41478825 1.43955934 1.05786633 1.53289413 1.37737417 1.29166269
    0.931537628 1.35872507 0.839548409 0.708956838 0.745778799
    0.706388593 0.71192354 0.631168842 1.00873101 0.626815021
    0.583028674 0.639061749 0.482925266 0.576073527 1.12061608 1.206949
    0.66697979 1.07952976 0.497310042 0.747803748 0.457580686 1.34790206
    0.956929266 0.770390689 1.09494936 1.20716906 0.526234031 1.07302606
    0.847301185 1.17874348 1.25142419 1.05149615 1.22611856 0.828106165
    0.918480039 1.16075373 1.37037599 1.24888015 1.06133652 1.11344111
    1.21028566 0.671903253 1.57775807 1.32792044 0.583869278 0.61035049
    0.551973283 0.967607737 0.747926116 0.852434576 0.700608492
    1.38221693 1.25378168 0.697809637 1.27897632 0.614509404 1.45980406
    1.63775527 0.901783288 1.47372353 1.56403959 0.65143019 0.591712832
    1.11477852 1.05410516 0.757645488 0.785185039 0.753604591
    0.551006138 1.16504037 0.749384701 1.04051912 0.988442838
    0.991766691 0.657046258 1.53210914 1.60235989 1.65479851 1.60071707
    1.36868179 0.531667113 0.574147642 1.42159665 1.46039546 1.37294197
    1.02082467 0.702340543 0.571752548 0.973937273 0.524306297
    1.10211992 0.816416383 1.12839293 1.2081815 0.606386065 1.38976264
    1.39602196 1.57198167 1.14402711 0.79265523 0.976860464 1.59623277
    1.31288648 0.888252318 0.975408971 0.948228061 1.24904013 1.00028431
    1.29995072 0.776270747 0.959534109 0.974250734 0.751206458
    1.39337575 1.04982162 1.55986297 1.13388336 1.01344216 0.733033359
    1.35578561 1.14093113 1.54596364 1.32937837 0.993855357 1.5663867
    1.24857128 0.740858793 0.396668941 1.02825081 0.623904943
    0.680785239 1.54872024 1.26548338 0.765728712 1.13072085 0.962297559
    1.00480843 0.743467927 0.939705968 1.37377965 1.40567505 1.66939592
    1.3355726 1.32119763 1.50865006 0.837456167 1.42583764 1.67937756
    1.58214962 0.795479059 1.04579222 1.47580206 1.20028186 1.58926582
    1.17816794 0.745614171 0.836074054 0.850938678 0.820840895
    1.46069956 0.621605277 0.992720604 1.2792654 0.504933834 0.575561941
    0.970143974 1.0818553 0.63468498 0.945041776 1.29066706 0.942919672
    0.990419149 0.911101401 1.39076948 1.23811126 1.48578441 1.61082852
    1.17978096 0.741911769 1.1833868 0.748014688 1.0168705 0.739813268
    1.14040387 0.664744675 1.37468171 1.21660459 0.903200924 0.750379324
    0.424539983 1.10378051 1.27143764 1.51043844 0.802701294 1.28378034
    1.06003594 0.520934224 0.635941327 1.55295777 1.71290433 1.5468663
    1.03802192 1.18509901 0.848375976 1.43258667 0.504444778 0.598819196
    0.607247114 1.28560936 0.613018095 0.812259793 1.1979661 0.702188194
    1.47559929 1.32878792 0.7172243 0.466093391 0.403626859 0.373050362
    0.435086757 0.742923021 0.880620301 0.680912018 0.882907927
    1.53839922 1.54327929 1.47054195 1.39273071 1.56177688 0.708987117
    1.52110589 0.914439738 0.875116944 0.689853132 1.41064036 1.1297785
    1.36323547 0.810164392 1.17464435 1.40393746 1.22309387 1.14649117
    1.43300784 1.20109391 1.27533138 0.886734843 0.437675565 0.537819564
    0.598853528 1.30404091 1.0379287 1.49526215 0.641695619 1.63064146
    1.19242024 0.806582689 0.987882257 1.59149837 1.18060279 0.728586435
    0.497949988 0.57233423 0.816762626 0.615868509 1.07273436 1.50826204
    0.653558552 1.15275049 0.588220656 1.45598042 1.23099542 0.60421741
    0.517352521 0.632172525 1.25876534 0.622490704 0.67076236 1.49850047
    1.17915094 1.38336813 1.08287859 0.592249274 1.39106214 0.88023442
    1.01998079 1.38412762 0.665881932 1.33140039 1.28786874 0.795148373
    0.461919069 0.491909772 0.710397601 1.51791692 1.49696958 1.32739866
    1.11021054 0.604264438 1.01122975 1.52950919 0.493853509 0.586789846
    1.37075877 1.48477483 0.811429918 1.47643578 1.39659011 1.62094891
    1.35575616 0.908874094 0.932175279 0.650833964 0.992585778
    1.60495901 1.45499063 1.11439943 1.67836857 1.57009697 1.09754229
    1.10963404 0.53684783 0.774474025 0.533643723 1.31220269 0.926698327
    1.55402625 0.834501863 1.0533601 1.06870067 1.27695405 1.1029501
    0.822202504 1.45527649 0.824089408 0.828346908 0.906064153
    1.02996111 0.530439436 0.687334657 0.848389685 0.951296866
    0.502034485 0.316671848 0.545943856 0.586334109 1.02078116
    1.47168207 0.665320396 1.18428051 1.05873084 0.793629169 0.869331479
    1.32269323 1.37872398 1.21409082 1.23278475 1.23284554 1.68896413
    1.46107483 1.14978278 0.830212295 1.28245699 1.61821079 1.26158941
    0.631436288 1.50016129 0.993130386 0.648408055 1.2708267 0.836440146
    1.06424439 1.58071804 1.55753493 0.994474053 0.840605676 0.755805016
    0.765902877 1.39882445 0.75080061 0.618649065 0.549690425 1.33471227
    0.576176465 0.653088331 0.872937381 0.72668308 1.31094909
    0.880454779 1.45794654 0.565005839 0.611821234 0.897593856
    1.28946805 1.4389143 1.07323182 1.42369759 1.57873249 1.51111925
    1.09982038 0.837719202 1.32870817 1.66375721 1.40996265 0.773707569
    1.40585363 1.34312952 0.570091188 0.763616741 1.42848957 1.33876634
    0.777534842 0.455566764 0.395281345 1.04295433 0.739470959
    0.65312928 0.582803726 1.34268486 1.47081673 0.99065876 1.50400662
    1.15498579 0.554362714 1.48577332 0.504964352 0.446505666
    0.919114769 1.39895427 0.915034115 0.67475903 1.02168822 1.49224174
    1.28404677 1.48122263 1.62242758 1.41365194 0.707460821 0.810736597
    0.863852322 0.844051838 0.38953501 0.629859209 0.548867822
    1.01288128 0.697680712 0.548827529 0.849129975 1.2742368 0.65170145
    0.328331709 0.422390103 0.637133181 1.31295407 0.684348881 1.2847054
    1.4122442 1.36791503 1.59870946 1.23733687 1.04929018 1.02996349
    0.551452339 0.989115238 0.79008615 1.3631264 1.0925014 0.771431088
    0.941201568 1.22665489 1.11581349 1.62906492 1.03840423 1.18906689
    0.71859479 0.951843858 0.606437445 1.327775 0.918174148 0.722100079
    1.33010149 1.71208692 1.16654706 1.03922844 1.41337562 1.15206385
    1.0238452 1.26641536 1.48941958 0.71925205 1.34881401 0.546099544
    0.885819733 1.57941866 1.41810298 1.45836079 1.47343218 1.13250542
    1.53538382 0.855869353 0.939077735 0.803793311 0.961528778
    0.54911983 1.14039314 1.4349227 1.39765859 1.3767395 1.07166505
    1.07123673 1.39619172 1.30091381 0.904515564 0.820303261 0.944298744
    1.51512361 1.51612079 1.08202827 1.17317665 1.08691955 0.992774427
    1.20883965 1.18811798 1.06311691 0.70729804 0.604522943 1.49078858
    1.25861001 0.688138783 1.39174974 1.35525024 1.5874275 1.42384851
    0.60931915 0.89972657 1.16509318 1.64585209 1.3698926 1.40269721
    1.24406886 1.12867618 0.586231649 1.13702357 1.41979492 1.13649583
    1.27568638 0.837580144 1.19087553 1.24875998 1.44422817 0.966026008
    1.31046855 0.981847107 1.41891026 0.902181268 1.54076529 1.55029595
    0.487578154 0.634744942 1.51404953 1.49117124 1.32840455 1.04823875
    1.29372108 1.18869734 0.557543635 1.0223819 0.954262257 0.522054374
    1.09326434 1.63370478 0.773980141 1.64596367 1.06083739 1.06374395
    0.858129084 1.33061898 0.554102421 0.758310139 0.518875837
    0.502269804 0.80201751 1.31320035 0.81984973 1.27440703 0.533211589
    0.734722972 0.95534116 1.00430107 1.28853559 1.54258537 1.46709979
    1.53466749 1.54720485 0.961592495 1.55413949 1.48702228 0.986166477
    0.348013818 0.422266692 0.591941655 0.86168772 1.14088452
    0.984859288 1.43101752 1.54174721 1.60420597 1.38399494 0.960091174
    1.44109476 1.10817015 0.752560079 1.10506964 1.50002515 1.01988232
    1.39786422 0.614746928 1.53492248 0.907657683 0.856072783 1.32750928
    0.761623919 1.07535493 0.468313217 0.598883867 1.24227512
    0.582746565 0.574984848 0.602986991 0.858345449 1.52416396
    1.34828818 1.51192749 0.774932921 0.675042152 1.42984438 0.845334351
    0.705478549 0.957329333 0.449784726 1.16128516 0.620209098
    1.62992716 1.6778748 1.7532829 1.62219107 1.25610399 1.16389596
    1.10093439 0.799117565 1.02940571 0.661556602 1.47088444 0.681465387
    1.40551376 0.996323884 0.62689805 0.747629941 1.46203446 1.66905987
    1.39572895 0.76408273 1.13561571 0.828303635 1.18568254 1.10170901
    1.60300767 0.668307126 0.970255733 0.548605025 1.12746131 1.01174521
    0.712956488 0.940407932 0.745727539 0.795743465 1.01053691
    0.654540837 1.30666029 0.859592438 1.42619276 0.712664247
    0.600523293 1.19178581 1.36011899 1.52565634 0.996504188 1.39198518
    1.04595625 1.12721086 1.41099524 0.74354142 1.56320524 1.11165941
    1.11753225 1.3990823 0.755950332 0.665976644 0.545107841 1.42958188
    0.899904728 1.06864715 1.11239982 1.19228041 1.20765114 0.394632667
    0.397040427 0.374767542 0.515841126 0.856036127 0.952028275
    0.557820797 1.38113797 1.4270767 1.22140658 1.38466704 1.01459873
    1.32735133 0.505909264 0.918415964 0.609882951 1.54577708 1.45333147
    1.02388859 0.781512797 0.537941575 0.916908443 1.11865079 1.17954695
    0.847227335 0.569072843 0.570377529 0.972342968 1.27746725
    1.50877035 1.28743839 1.27476013 1.51205289 1.53400981 0.918305099
    1.39707828 1.45259583 1.55783451 1.09669387 1.59127998 1.23846316
    0.49584499 0.577277541 1.15048492 0.61607486 1.12074792 0.63432163
    0.631950974 1.2342037 1.46170843 1.3030951 1.1603266 0.413624555
    1.01432335 0.536991715 1.37383032 0.685925424 1.30528104 1.33342111
    1.23714745 1.39229608 1.223755 1.6774689 1.20772696 0.775122881
    0.731566489 0.7237342 1.36811638 0.412123144 0.492335796 0.6355353
    1.14191103 0.72560209 0.669557095 0.508265734 1.44895434 1.29216671
    0.765611351 1.17946017 1.27737725 1.37027335 1.05640745 1.53504717
    0.664108455 1.10401988 0.98234129 0.953733802 1.2924608 1.64438784
    1.59772742 0.986866713 0.969344437 1.20009351 1.30597568 0.949935377
    1.51021218 1.21410906 0.883084118 1.24244213 0.603505492 1.39251387
    0.824291468 1.24650002 0.540307879 0.668631673 1.06312943 1.02054405
    0.704792976 0.750873089 0.74546808 1.47607517 0.654664934 1.23084724
    0.615026832 1.33005118 0.600390255 1.16498101 0.739870846 0.42718038
    1.34796786 0.787280202 1.3886162 1.20211685 1.33559811 0.630405009
    1.4178642 1.00521564 1.54678583 0.813564479 0.954012811 0.502465248
    1.33803844 1.05903935 1.49287677 0.914199591 1.05339527 1.45936131
    1.07589054 1.32618117 0.861016929 0.72045815 0.666623473 1.63261068
    1.72294664 1.68043637 0.608431041 0.837164402 1.24221563 0.792075813
    0.694783747 1.23708606 0.828928173 0.602858424 0.948867321 1.1869185
    1.09995043 1.0633471 1.07428181 0.864421308 1.21916473 0.75686717
    0.609091163 1.09558749 1.03921926 0.669660449 0.998924077 1.09422624
    1.55346513 1.29426634 0.494444311 0.553052366 0.828190267 1.39459074
    1.38578355 0.600400329 1.25300848 0.663909435 0.872863173 0.6530568
    1.45178783 0.592003226 0.716584802 1.47265911 0.853742003
    0.536852002 1.5497781 1.58998883 1.07495201 0.802175641 0.469417125
    0.719439089 0.974210501 1.18529201 1.64231539 1.72293091 0.95170486
    1.47091174 1.10406566 1.47876942 0.938073277 0.566230476 0.585098147
    1.28482926 1.52651 1.55162609 0.912025571 0.518045843 1.05151832
    1.11156547 0.791816592 1.39413595 1.59083951 1.50176048 0.745500028
    0.929535925 1.02466834 1.63316941 1.47265339 0.656891465 0.713489532
    1.2343446 1.50665987 1.43343759 0.775099158 1.38551033 0.592785835
    0.853890121 1.31168389 0.967479348 0.733958602 1.21176386 1.1788311
    1.23995554 0.732239783 0.650195956 0.901985049 0.721898079
    1.13614571 1.41987228 1.48809516 1.43555725 1.00074387 0.690056503
    1.28051913 1.1876545 1.01465213 0.590405285 1.00739884 0.640780807
    0.462644815 1.09714448 1.53774846 0.748255968 0.887425959 1.05700874
    1.26231575 0.424682498 0.36721766 0.65660876 0.536307156 1.00532687
    0.502846718 0.983849108 0.764778674 1.15935087 1.03404355 1.33098936
    1.21487987 1.46107221 1.47059929 0.991524398 1.08274448 1.23279965
    1.25479436 1.43951893 1.40974045 0.934153974 0.612222552 1.40108466
    0.481170416 0.718331754 0.704511523 0.950177729 1.49131966
    1.71434021 1.23712993 0.99652499 1.35576785 1.49079418 0.74472636
    1.44537652 1.48119545 0.638195217 1.0794102 1.5164696 1.44345033
    0.414488107 0.911301017 0.590968549 1.49209237 0.968504846
    0.511723399 0.941182256 0.732747018 1.43101072 0.842587113
    0.855457902 0.511920512 0.650434375 0.931172252 0.887859344
    0.679731131 0.678123653 1.42475128 1.14962256 0.740431547 1.03588653
    1.2556318 1.72373593 1.63586783 1.66584444 1.251477 1.12277639
    0.41834864 0.421422601 0.468145788 1.16250193 1.31309521 1.34290254
    0.857632279 0.734196782 1.21219015 1.40868497 0.939145803 1.09423304
    0.709767938 0.545267165 0.56055963 1.00567186 1.59992516 0.919278562
    1.21725953 0.832631826 0.53129077 0.910699964 1.25427306 1.09145141
    1.55543518 0.579620004 0.734965563 0.90854156 1.4829371 0.541737795
    0.947753251 1.02620971 1.50183427 0.489618629 1.18752444 0.703222036
    0.56594789 0.78126967 1.05888164 1.20603883 0.980503201 0.478251547
    1.18229723 0.914813101 0.786680043 1.53807819 1.30274153 1.47824252
    1.48356295 0.755474031 0.775068104 0.587436795 0.810506642
    0.427696913 0.562028646 0.731076002 1.40832961 1.36245668
    0.548409879 1.14290202 0.925816417 1.21009326 0.67264396 0.815951407
    1.05429673 1.21979618 1.37029636 1.37127554 1.35516894 0.949588656
    1.11307991 0.785106301 1.19384217 0.505212188 0.897094309 1.30441892
    1.04926538 0.900848627 1.51167703 0.807995915 1.27433217 1.32206738
    1.09522951 0.958743691 0.710601389 0.988175213 1.63557267 1.57120609
    1.14235926 0.958559632 1.64323449 1.55812049 1.10571849 0.413859904
    0.444430411 1.04800296 1.09030151 1.2348026 0.570849299 1.34226787
    1.18497348 1.06388259 0.601106405 1.37769461 1.06306374 0.855452836
    0.472097307 1.03419113 1.39620507 1.10895705 0.784687757 0.66124469
    1.13318872 1.40289247 1.41785896 1.006675 0.825823843 0.980184615
    1.00932932 0.684436738 0.619353235 1.3522687 1.24067199 1.54959738
    1.59882998 0.875648201 0.792148948 1.2513485 1.54350293 1.17233849
    1.22233629 1.50401568 1.00838828 0.958073914 1.24670243 0.925915003
    0.619440138 0.910271823 1.15439069 0.698139787 0.938900352
    0.942571521 1.50495148 1.19288635 0.599303007 0.618824542 1.15421975
    1.4678663 1.14637244 1.68150651 1.57600427 1.21728218 0.707875907
    1.17341912 0.556448698 0.501363635 0.695723712 0.870957434
    1.50157368 0.703412592 1.56225908 1.35623145 1.04711688 1.34586191
    1.52045357 1.58307564 0.822407067 1.22583032 0.647524297 0.844026506
    1.51007378 1.12412524 1.20370913 1.33200741 1.38416266 1.53638387
    1.42307127 0.705818117 1.25739455 1.54162693 1.130391 0.77607578
    1.1213485 0.806616545 0.528673053 1.45206678 0.518483818 0.488597125
    0.601361573 0.48736757 1.05455589 0.794220865 1.28885257 0.986108422
    1.46670794 0.570713997 0.450707406 0.873921514 0.581105113
    1.02969873 1.6466924 1.41406918 1.43094635 1.1111455 0.860826194
    0.970952928 0.999320686 1.23492098 1.52257323 0.790507972
    0.547741354 0.729855955 1.059129 0.611637294 0.993964076 0.64184624
    1.50724161 1.4539721 1.54020655 0.819519997 1.07181466 0.670578361
    1.05405271 0.811156332 0.84482348 0.891284049 1.15835619 1.20387638
    1.33339012 0.455397159 1.03973043 1.13914347 1.47838032 0.734656453
    1.23577702 0.636888742 0.955400646 1.35381699 1.47268414 0.684306324
    0.930052578 1.28322017 1.36481535 1.58396828 1.04210281 0.7427966
    1.33307457 1.48557258 1.02272308 0.767896414 0.699827015 1.05783165
    1.64252806 1.31485343 1.02125883 0.414834708 0.345550597 0.802460968
    0.744742751 1.30376697 1.65435123 0.612895846 1.33994544 1.06942356
    0.799872994 1.1392442 0.926062882 0.545334101 0.854029298 1.00984633
    1.26327813 1.51512074 1.47315013 1.59854269 0.626696765 0.437467992
    0.85817498 1.17536771 0.726726949 1.60960007 1.23034167 1.49077606
    1.24215651 0.492996484 1.37608695 0.39289698 0.667054892 0.900232434
    0.610858202 0.578125894 0.604211926 0.859664381 0.481918007
    0.843588769 1.2218405 0.527129829 0.579301357 0.766689658 1.18954551
    0.54099834 0.716903031 0.8064152 1.51063669 0.825135708 1.53170252
    0.941986978 0.422238767 0.782552361 0.540785134 1.02231967
    1.15331364 1.14715612 1.54381728 0.70909965 0.984020054 0.478997201
    0.470051199 0.726822674 1.16899288 1.50656807 1.16519904 0.606888354
    0.512407005 0.930104196 0.559602022 0.984999061 1.42532325
    0.490379393 0.393965393 0.812304735 0.626805305 1.0393281
    0.673439622 1.65511668 1.1325959 1.50708854 0.668993056 1.23852527
    1.00825059 1.54013526 1.40198696 1.55025578 0.974500179 1.60313201
    0.622558534 1.49480796 1.63953447 1.05574131 1.36026192 0.799476445
    0.609934509 1.17745674 1.45625532 1.19675732 0.704744995 1.16381073
    1.69583702 1.61073434 1.0120784 1.41402185 0.881623507 1.01197159
    1.00594854 0.752746284 0.535324693 1.54376543 1.54155016 1.12640357
    1.06946981 0.85090512 1.42680538 0.823824108 1.03333223 1.01378536
    1.41131401 1.03107953 0.651867449 0.729775906 1.35380042 0.999554932
    1.40369368 0.58847779 0.463901311 0.979029596 0.796346605 1.31721234
    0.718169272 0.870959163 0.799406469 0.466161102 0.493848711
    1.23955095 1.17567396 1.47267854 0.99515754 1.38142765 1.44433916
    1.3240366 1.35057378 0.678370118 0.721953809 0.549004018 0.620478153
    1.40207791 0.967530549 1.3175962 1.67140245 1.38020051 0.794689476
    1.42370641 1.46848667 0.970716536 0.899754524 0.792710543 1.05305409
    0.830805719 0.554759443 1.59071255 1.40999651 1.5661335 1.21468472
    1.24731517 1.21119404 1.03367615 1.39042354 1.59499073 1.36881888
    1.51469982 1.0369817 1.13842976 1.24153471 0.813814282 1.08485878
    1.48235893 1.01162469 1.08406365 1.3631283 1.50446784 1.06353545
    1.33721256 0.594877422 1.19621813 1.43044233 0.639492333 1.30673265
    0.834209442 0.66944772 1.31690919 1.58616722 0.931580544 1.22241175
    1.22882569 1.42110145 0.565218508 1.10489094 1.16712856 1.04918694
    1.25334108 0.599223673 0.507160962 0.422123998 0.585667551 1.5534848
    1.17630827 1.38435853 0.99764204 1.37089682 1.46521723 0.617976606
    1.20779538 0.893555105 1.01579416 1.57589161 1.48344874 1.04535258
    1.08469439 1.22718585 1.20661438 1.55493927 1.28414226 0.687668622
    1.23606288 1.36161292 1.5303762 1.33321023 0.91697824 0.863236189
    1.54527771 0.584266126 0.975133598 0.596891642 1.20728219 1.50660372
    1.04926801 0.615651667 1.1640166 0.764278293 1.45943213 1.5983001
    1.22673953 0.786068261 1.00992346 0.998758614 1.18941021 1.56768417
    1.47952294 0.753847957 0.702767611 0.786903322 0.571972311
    0.734777033 0.895116508 0.721509099 0.594511211 1.03323197
    1.27280331 1.5031786 1.27314222 0.899879932 0.515698969 1.46885753
    0.908987582 1.37202704 0.697276592 0.687810659 0.74692452
    0.772399366 0.952228129 1.56891072 1.22728205 0.483544379 1.11284912
    0.598072171 0.623007476 0.681110084 1.16549933 0.941431642
    0.90236336 1.43276334 0.684031785 0.870734155 0.39996314 0.672815204
    1.47616804 1.26377726 1.11334252 0.890156269 1.13625669 0.793744266
    0.539276361 1.48756039 1.52412033 1.09265649 1.42100739 1.54761183
    1.35511696 1.17432034 0.85673815 1.06138611 1.43955779 0.567742586
    1.06317246 1.12986422 1.0965718 1.51033854 0.726320624 1.57079566
    1.64058948 1.41376352 1.55101478 0.859274805 0.502868772 1.4130069
    1.01883364 1.54001439 0.783244729 1.01125622 0.457720906 0.472780287
    1.29347885 1.19651604 0.75286144 0.78100276 1.18448794 0.53664875
    0.45705232 0.616398692 0.992395222 1.41670406 1.6588434 1.67539358
    1.70473337 1.30979455 0.842944205 1.13189089 1.28792191 1.37177682
    0.943612337 0.782253146 1.06282723 0.710539103 1.11944044
    0.993419886 1.53963733 0.653937161 1.33673465 0.862198651
    0.509546518 0.523365974 0.884809315 1.4343214 1.63246644 1.49694097
    1.357481 1.05683827 1.51896298 1.14023471 0.816319585 0.863153577
    0.529123545 0.729197681 0.62001133 0.737614274 0.573318005
    0.593826175 0.907626748 1.19397867 0.6700809 0.987759411 0.849476159
    0.63913846 0.606476605 0.437137216 1.06599569 0.722088397 1.49566901
    1.483796 1.22458541 0.738836169 0.797152758 1.47312975 0.457402885
    0.484869659 0.415029705 1.41869426 0.489530325 1.45989704 1.47181833
    1.24567354 1.4785912 0.751933038 1.30377674 0.810575247 0.987682104
    1.23502231 1.03611672 1.52010131 0.555928707 1.25394309 1.08146095
    0.728538334 1.54501557 1.39236426 0.880057752 1.51807678 0.984258294
    0.84746778 1.47536981 1.23435366 0.677416027 0.658249617 0.776399791
    0.876611948 1.1922965 0.935322583 1.31734812 1.10585535 1.27678144
    0.608317196 0.973563612 0.720091581 1.44392908 0.937172353
    1.06395686 1.31445169 1.61686158 1.59081554 1.58754456 1.38825405
    1.25228834 1.41076589 1.11035788 1.49982226 0.795970976 1.4095726
    1.03013575 0.598228633 1.36663282 0.898379445 1.04568267 0.904873252
    1.48627746 1.13947237 0.598910034 1.59696722 1.41632652 0.939164042
    0.851394594 0.650886297 1.23095989 0.934281588 1.40016091 1.10769153
    0.974534512 1.11539364 1.33664548 0.610525846 1.19804561 1.60620701
    0.777948737 1.51617265 1.07863951 1.34679842 0.981473148 1.39161456
    1.0306288 1.57021308 1.13085628 0.683241367 1.39557755 1.5031966
    1.09842288 0.667590261 0.925744355 0.884229064 0.808521211
    1.60796833 1.66293335 1.61269188 1.60900474 1.54154837 1.44841397
    1.43870354 0.99012506 0.738776028 1.45697284 0.72254765 1.39256728
    0.936773658 0.661503673 1.47949338 1.19789386 1.29589629 1.56162095
    0.786682367 0.76178813 0.899867237 1.15305328 0.892030239
    0.845663905 1.41970634 0.944004953 1.14255345 1.02588189 1.46785867
    0.898207366 0.93407321 1.48069763 1.16830015 1.01258421 0.973164618
    1.43910551 1.14749765 0.69855231 0.509133101 0.958117843 1.03569508
    1.31125915 0.962248862 1.60710406 1.52434742 0.968716204 0.788254023
    0.660787046 0.764113247 1.30866468 1.25056696 0.672981143 1.0810709
    1.03108704 0.667391121 0.994604528 0.860153675 0.53420949
    0.730079055 0.462242544 0.45781672 0.842291415 1.49024308 1.47439229
    1.23664212 1.12134588 1.01874363 0.679099917 0.61523962 0.925354898
    1.537202 1.14652157 1.2365011 1.55685043 0.711861134 0.903244734
    0.606787205 1.26389742 1.28277469 0.885609686 1.34742057 0.475679904
    0.685049653 1.29138553 1.55328131 1.3305589 1.00204015 1.31616628
    1.00013697 1.69568515 1.47979462 1.30872011 1.58887196 1.41200256
    1.61712706 0.756207228 0.949180543 1.12936127 0.966215491 1.26853347
    0.904802084 1.01498115 1.51059949 0.648232639 1.34306002 1.29572606
    1.09536493 0.851918161 1.03600132 0.659044325 1.55461454 1.1255703
    1.1574657 0.924337268 0.509150863 1.31692517 0.979358613 1.15379703
    0.941113353 1.23591924 1.35554492 0.836090326 1.6306541 1.23024261
    0.915812135 1.2330209 0.99626708 1.48405182 0.750387073 0.745404899
    1.42520106 1.02004671 1.18719494 0.740844965 0.659465075 1.16035604
    1.35180438 1.36951458 1.09612656 1.29691112 1.42064846 1.06719661
    1.24153829 1.46581066 0.959973752 0.981090367 0.773300588 1.59556949
    1.2957989 1.64996803 1.6123817 1.29833126 1.09261107 0.438015968
    0.698592305 0.909005463 1.23725045 1.47153246 0.919309616
    0.513423264 0.519572616 1.16807973 0.790181935 0.581445932
    1.28541851 0.495137215 0.464649647 0.746581793 0.722972333
    0.631076634 1.05461848 1.0028702 1.15551782 0.64108932 1.50483036
    1.49271369 1.61540437 1.01722026 1.18546379 1.05347455 0.688973188
    0.515288174 0.755037069 0.674661458 0.632475793 0.719873071
    0.496782333 1.17843103 1.19636321 0.663929164 1.09427059 0.802859485
    1.32783294 0.97574228 0.700333297 0.786416292 1.157866 0.604962826
    0.779285729 1.44149971 0.567444623 0.621154904 1.34184873 1.41797113
    0.760275543 0.603017926 1.59625113 0.933156133 0.822435677
    0.61350131 1.13418531 0.861751199 1.20840955 1.36146688 1.40528774
    0.497312278 0.79389745 0.654390693 0.883458734 0.693860173
    0.676820576 1.16023803 0.921259463 0.664694071 0.825428605
    1.33566284 1.27833569 1.29054558 1.5491792 1.33024955 0.757380784
    1.32054067 1.38220382 1.03179705 1.56188226 0.717749 0.845879138
    0.582456708 1.49463665 1.56607103 1.55343282 1.02747846 0.918895006
    0.99354136 0.628108263 1.51217151 1.02188909 1.57179654 1.57842946
    1.22357345 1.45540261 0.895545721 1.35966539 0.499874353 0.476409078
    0.781700015 1.31481445 0.98623848 1.59586024 1.26678026 1.48159909
    0.420424074 1.40633738 1.34717119 0.918403327 0.534761846
    0.629899323 1.30164444 0.602227449 1.31451058 1.03374231 0.748163283
    0.723822773 0.630233049 1.36192822 1.31627202 0.673107624 1.4209621
    0.560796678 1.17818487 1.54504502 0.543820083 0.778647602
    0.641332567 0.984958589 1.53372073 0.714932323 1.02898049
    0.877184212 0.976749659 0.52689296 0.560132027 0.74929744
    0.895799994 1.0940758 1.57435477 1.30337417 1.34201133 1.69940031
    1.24794269 1.51558447 0.746344209 1.20822787 0.834970653 1.02863336
    1.3793267 0.740217924 0.586658478 0.598828793 0.821350455 1.03439772
    0.627012253 1.28301752 1.57987773 1.30673075 0.443452567 0.352887571
    1.03630638 0.826238453 1.19954348 0.766672313 0.822550297
    0.677016079 0.910246074 1.12836421 1.22915947 0.822563231 1.53142655
    1.52764261 1.5885005 0.972290993 1.42471278 0.568303645 0.533439159
    1.10888529 1.32005286 0.923277199 0.640176773 1.0814625 1.61881077
    1.40900338 1.40235019 0.631085873 1.56864214 1.42348754 1.27085125
    1.50162458 0.734596133 1.377635 1.38285363 1.12262559 1.28489387
    1.57164884 0.810640991 1.61497045 1.63020349 1.61861265 1.21114969
    1.59533203 1.66299295 1.17082155 1.11070514 1.26036108 0.522635341
    0.845563471 0.888718367 1.16439629 1.27016985 1.36238027 1.18242133
    0.964532614 0.743354082 1.5029422 1.17755342 0.532237351 0.775021613
    1.29959095 1.13142836 1.5112673 1.12590647 1.10996211 1.08720791
    1.40802252 0.770721078 0.750670433 0.504892707 0.886097193
    1.14528072 0.72123003 1.10102034 1.0996505 1.38706779 1.65577555
    1.30030811 1.20879328 0.99769181 0.578550875 1.20122623 1.45161676
    1.36561537 1.51099765 0.749537647 1.53281546 1.0650152 1.58001697
    1.34226751 1.1113869 1.55040145 1.39309299 0.885881424 0.663123846
    0.500346005 1.00096345 1.28338373 1.52940512 1.23310721 1.54759336
    1.52675295 1.17977488 0.531080902 1.41034782 0.600303471 0.585749209
    0.579462945 0.506577492 1.41365194 0.727776349 0.706758261
    1.46111739 0.73779434 0.855370164 0.753623426 1.49164104 0.710989177
    0.612673938 0.450127095 0.898291469 1.40216184 1.12081647 1.56236625
    0.983611226 1.20831919 0.693812013 1.25911772 0.780721843 0.60121417
    0.974093974 0.692776382 1.37107325 0.843249559 0.854468763
    1.10934973 0.64909482 0.991394103 1.13961124 1.10002565 0.783025622
    1.12001145 1.18344569 0.769388974 1.44024575 1.22668254 0.875255942
    1.30202186 1.59460461 1.36983728 1.04519475 1.36109841 1.09469855
    0.669364035 0.715370178 1.26344025 0.594023466 0.413809687
    0.606257021 0.657080173 0.918823242 0.78838563 1.35767007
    0.653897882 0.97366643 0.57214427 0.850445986 1.30971456 0.892226338
    1.39149904 1.00050867 1.67995036 1.28514862 1.06998181 1.1656853
    0.843895972 1.22772551 1.08264863 1.15023696 0.858715177 1.13121283
    1.21737111 1.27224493 1.03499556 0.722630501 0.958763421 0.753986359
    1.16602266 1.52490234 1.11350179 0.926154315 1.54625499 1.09766245
    1.01564455 1.05256915 0.956476033 1.34089732 0.69464469 1.12895977
    1.3037914 0.890992761 0.761879802 0.522955358 0.435512215
    0.489049226 1.42324698 1.4074533 1.57611859 1.49567032 0.81392014
    0.530411184 0.83213228 1.39602411 0.649858952 0.719212174
    0.582294941 1.34123957 1.13876259 1.06940103 0.964603424 1.29147732
    1.11017728 0.886664212 0.715575576 1.20289874 1.17815971 0.590822577
    1.01797199 0.776487172 0.946381271 0.848325193 0.745310426
    1.00177526 0.872217655 0.760824502 1.05593622 1.09109879 1.21119714
    1.33646786 0.97096169 0.925937593 1.32544065 1.63410735 0.951175332
    1.49635077 1.61232555 1.22298849 1.45379686 1.46208155 0.540056705
    1.28129005 0.577177107 0.734358191 1.46769869 1.09590292 0.96658504
    1.24061072 0.516441405 0.485200256 0.947420299 1.26123035
    0.956763685 1.11116695 0.542106688 0.948580861 0.771032453
    1.17748439 0.697168827 1.65026987 1.49730599 1.58771324 1.40617454
    0.745582879 0.832941949 1.00237107 0.817415595 1.31238103 1.3993175
    0.816555858 0.56846875 1.46101987 1.02039003 1.31669772 0.515612423
    1.20965838 1.66678369 1.53509092 0.847593427 1.42303252 0.948516011
    0.832300186 1.23857939 1.52231407 1.66342425 1.33391607 0.628233314
    1.39786005 0.794144869 1.19026065 1.26586807 1.48529005 1.60005581
    1.31624532 1.18352556 0.759258449 0.740566254 0.533693433
    0.612995625 1.06094003 0.709561408 0.72032851 1.48103392 1.44904506
    0.772446573 0.419695556 0.498754561 1.1398586 0.880860865 1.5731709
    1.10585392 0.542859674 0.575259566 1.3275733 1.13896632 1.10791576
    0.936445951 1.06112099 0.664472401 1.08308613 0.556873858
    0.844274104 0.675641775 0.791551054 1.24264503 0.633234203
    0.853810847 1.09881544 1.24605942 1.36051536 0.819175899 0.569803536
    0.865387917 0.724883974 1.32874179 1.05245864 0.769696057 1.24988163
    1.67786539 1.25355124 1.31881058 1.5615046 1.32456267 0.822315753
    1.00130498 1.13987577 1.05288565 1.2897867 1.06823385 1.03270233
    0.579296887 0.550266206 0.80883193 1.13341582 1.48648179 0.747362792
    1.27390349 1.45178628 1.28396523 1.08577895 1.53736806 0.99860698
    1.02802873 0.623436034 0.826302707 0.632245362 0.37335676
    0.528029025 0.629150629 1.39378905 1.44229436 1.46776319 1.18035519
    1.50931048 1.69538724 1.28619599 1.12382138 1.3751533 0.449417979
    0.638083518 0.895902634 0.942044795 1.06358814 0.538735449
    0.746712983 1.53459764 0.76909703 1.20205498 1.25356698 1.33133447
    1.5794127 0.633086443 1.02809012 0.951616466 1.33184898 1.61398184
    1.23979354 1.4341923 0.652546585 0.772164345 0.591528594 0.798348069
    1.102373 0.528409064 0.601179838 1.35742629 1.12703156 1.46794498
    0.929371595 0.562811911 0.372247249 1.17955136 0.668017983
    1.24863565 0.749934614 1.54017317 0.934284031 1.52420449 1.44633353
    1.00167847 1.62037051 0.925695479 1.28160286 1.48395932 1.55534101
    1.51165366 1.01989019 1.25351834 1.56664133 0.661345661 1.36710644
    1.02924228 1.46184754 1.44726896 1.5310272 1.12853658 1.03196836
    0.768112957 1.56840503 1.39268053 0.901081204 1.49082053 0.761104405
    1.19876564 1.38652956 0.94938004 0.522135317 1.24736893 0.291387945
    0.292585135 0.877984583 1.27533638 1.41362131 0.539713204
    0.888647437 0.89387989 1.00976849 0.828387082 1.22752035 0.580878139
    1.52146459 0.792408168 1.27244914 0.867611349 0.569234133
    0.825769365 0.438918591 0.627161324 0.659404397 0.900057435
    1.23516548 0.808968306 0.618278384 1.17227769 0.906216264
    0.402022719 0.504875541 0.806599438 1.13509572 0.692979157
    0.54333204 0.745215237 0.92779392 0.544441462 0.923891187 1.01269805
    1.25367045 0.821291566 1.24189734 1.40315485 1.71901035 1.24957621
    1.50041664 1.15401375 1.20568848 1.55474186 0.693877041 0.720787466
    0.736664653 1.28847146 1.34050703 0.665425897 0.723868906
    0.625577211 0.812807202 0.639250398 1.461429 0.73190552 0.491110235
    0.739706039 1.42862725 0.877459526 0.881417096 1.10445428
    0.864340544 0.918056428 0.857352495 1.50855541 1.37629652
    0.722393513 1.05886841 0.765566051 1.03630137 0.89471525 0.576989532
    1.27716947 0.922036409 0.631772161 1.43080163 0.629749656
    0.437675864 0.735152006 1.31402445 0.874592423 0.596878886
    1.03843391 0.500905931 1.05172372 0.738237858 1.26655221 1.07189107
    1.45626259 1.09787154 0.706432462 1.48819339 1.66372526 1.38661754
    1.14197612 1.10541558 1.47339523 1.22495735 1.43032992 0.819250286
    0.60547936 0.655671954 1.56588757 1.59175277 1.53730953 0.85408324
    1.56541848 1.12031579 0.885315955 0.857490122 0.610325933 1.16255045
    0.702727914 1.54440367 1.0075146 0.816644013 1.35669136 1.4376353
    0.8700881 1.28708959 1.61704206 1.15882075 1.4582715 1.6033448
    1.38608277 1.14428306 1.36107838 0.874838531 0.504196227 0.914862871
    0.975326538 1.14565539 1.25001609 0.742701709 0.892452359 1.05001867
    1.52529764 1.45514023 1.06640589 1.05241346 1.53519702 1.60581982
    1.34842181 1.00098419 1.11389542 1.59948957 1.47306728 0.84134382
    0.888079345 1.02834654 1.27913725 1.18906021 0.493014544 0.507029891
    0.425558895 0.585851431 0.657379031 0.936250031 1.26933181
    1.32108402 1.68769741 1.32618499 1.36279464 1.01178503 1.37566042
    1.36635137 1.29250932 0.483410448 0.388246506 1.02256238 1.10492241
    1.32362401 1.19653964 1.3957392 0.972510397 1.54535329 1.56364346
    1.71190619 1.45669496 1.46198857 0.533398151 0.501126528 0.697071016
    0.784172416 0.556141317 0.499548733 0.614022851 0.857040584
    1.20136583 0.823115826 1.56380546 1.3348732 0.575270236 0.974723637
    1.23553586 0.691831827 1.22690392 0.791231275 1.33877814 0.666799128
    0.733905613 0.470614344 1.44286084 0.733138204 1.48961639
    0.975928128 1.05882525 1.55872738 1.49105501 0.936142325 0.718683422
    1.3630358 0.400090337 0.469402403 0.387434453 1.12495899 0.413592309
    0.491108954 0.951968968 1.36471224 1.03930688 1.58246481 0.820602179
    1.3625071 1.40454459 0.847693324 1.51105464 1.44325173 1.08505785
    0.884724081 0.898958385 0.909989476 1.28888142 0.887578964
    1.06867623 1.550143 1.01983511 1.41234601 0.886551976 1.56148005
    1.51016974 0.647227108 1.29052329 1.64058685 1.23685217 1.62105143
    1.61484814 0.881048203 0.695701182 0.976890802 0.62457186
    0.526990116 1.22858715 1.03202271 1.43965971 1.56036127 0.583598197
    0.395120203 0.89593178 0.551181555 0.970752895 1.09729767 1.40606546
    0.882443488 1.5720849 1.03731322 0.921406448 1.45788717 0.781675756
    0.611952126 1.43068612 1.06093872 1.43362844 1.15124273 0.762747109
    0.726869941 1.48831987 0.965467572 0.686059117 0.601883173
    0.786561251 1.18819976 0.997485995 0.764531732 0.9084512 1.45896816
    0.819936633 0.633774459 0.936925113 1.50440502 1.173841 1.49946392
    1.49327695 1.0027827 1.39565313 0.674640834 1.47613823 1.64182723
    1.42085242 0.934498608 0.66315937 0.62368387 1.4792825 0.682777107
    1.00637174 1.09031534 1.20780909 1.27839422 0.491396517 0.94125694
    0.745301962 1.05995166 1.54087651 0.746519983 0.77518487 1.28458023
    1.3399086 0.640096128 0.684028327 0.82614243 1.06403816 0.568982482
    1.17586112 0.841179252 0.689218283 0.727983594 0.695996463
    1.39121664 1.43449414 1.54744315 0.696810603 1.20818055 0.451952994
    0.506905496 0.704740703 1.55368483 0.763805509 0.972976744
    0.564617395 1.39409816 0.990429938 1.38829088 1.20789433 1.59819627
    0.700199962 0.944915712 0.741936147 1.5486238 1.25895572 0.738225698
    0.572923243 1.09410834 1.05199063 1.60829663 1.39219284 0.461223036
    0.821909547 0.963050663 0.834612787 1.3847065 1.12825084 1.40454388
    1.30196488 1.00912344 1.2860049 1.55740952 1.19635379 0.582808793
    0.482241213 1.43080473 1.00734031 0.905014157 1.16279173 0.904880941
    1.20820618 1.70415986 1.35015786 1.43071854 1.68722069 1.56413162
    1.60993516 1.24693823 1.41750479 1.4149878 1.06785131 0.511202276
    1.12530863 0.855914295 1.11891592 1.58660841 1.13182795 1.48493421
    0.819497108 1.59127212 1.13492048 0.820172668 0.866980076
    0.634157956 1.46958899 0.907551885 1.33913887 0.581060767
    0.723082602 0.771726668 1.40782523 1.18131363 0.826219738
    0.751508355 1.48401511 1.23683214 0.630308568 0.844250619 1.52551353
    1.34773827 0.875237584 0.809130013 1.38989484 1.34376049 1.34778118
    0.757038891 0.667687953 1.43935323 1.0655365 0.614112496 0.834598839
    0.78812027 0.555691719 0.92726469 0.668358326 1.53919971 1.40769148
    0.77891314 1.21356356 1.33447373 1.48771751 1.01775682 0.731602669
    0.865149796 0.957319081 0.932760894 0.871829927 0.768586278
    1.08813727 1.14512098 1.1450175 1.27169096 1.30754876 0.544184864
    1.20128441 1.00574458 1.30202365 0.717202246 1.08803582 0.589919567
    1.40531003 0.735749364 0.5676319 1.12988997 0.717522085 1.42904139
    1.56143701 0.658428371 0.755817235 1.53605127 1.62805283 1.10656226
    1.21876442 0.561221778 0.427309543 0.369977415 1.04136539 0.8980214
    0.547438025 0.957219124 0.893138409 0.776716828 1.529549 1.57871747
    1.63702083 1.55483949 0.792384088 1.40793598 1.02488768 1.50341439
    0.995839238 0.681272984 0.936987221 0.714669347 0.592977881
    0.603426814 1.14450443 0.798743844 0.654804826 0.660841525
    1.05877292 0.83444488 1.49947107 1.10732245 1.28321493 1.43999755
    1.15808785 1.64010251 1.66063178 1.62279868 0.575414062 0.474451184
    1.19183719 0.536302567 0.506886542 1.15937436 0.847284675 1.46661603
    0.607049167 0.57597971 0.979199409 1.33737159 1.11620665 0.824103117
    1.07250202 0.824656188 1.1036793 1.61789238 0.930017352 0.94438225
    0.740265608 0.901482046 0.927422643 1.11130786 0.656982899
    0.533121169 1.16134179 1.1904211 1.25666785 1.43501449 0.942306638
    1.04751921 0.717212379 0.657402694 1.03584135 1.35498118 0.880517066
    1.60584736 0.981176674 1.547194 0.984427154 0.696497679 0.645531356
    1.45723712 1.43400717 1.61109245 1.40818763 1.24645603 1.21936703
    1.57951486 0.911076128 1.54829311 1.28541744 0.446913093 0.862062633
    0.472693384 1.20200241 1.41514385 1.07925463 0.630993903 0.544762135
    0.924570441 1.24472988 1.42754447 0.925791025 1.54886901 1.13593161
    0.819413245 1.05946851 1.15631831 0.643969178 0.883185387
    0.605816662 0.850263536 0.529636025 0.943520367 1.19423413
    0.755247951 1.52199805 1.3969872 0.655063987 0.935556829 0.900633991
    0.539492071 0.730183482 0.559212923 0.864336014 1.31635046
    0.693325341 1.10120583 1.45732474 1.35432363 0.776363611 1.01846862
    0.604396582 1.59364951 1.18894923 1.4283036 1.05396998 0.570403814
    1.50267577 0.788708985 0.428503931 1.0223068 0.714947701 1.11525655
    0.958996177 1.04310465 0.726378143 1.36437523 1.5987761 1.6529721
    0.959085226 0.840029836 1.42688501 1.22236502 1.25824833 0.846743524
    1.23808229 0.533348441 0.489891857 1.24292696 1.56215262 1.46798813
    0.984209001 1.21171796 1.50962031 1.53312743 1.08530223 1.0781399
    1.33771074 1.39847744 1.31459486 1.7022202 1.44064951 0.583174467
    1.46076691 1.44428742 1.18295765 1.20164168 1.61482608 0.994859278
    1.4282403 1.40567148 1.24884117 1.01632118 0.483685434 0.891788244
    0.742127359 0.768034339 1.5672828 1.60209298 1.41086578 1.20512974
    1.3037504 0.92571038 1.47248554 0.850572288 1.2220577 1.09001517
    0.617871761 0.649121821 0.774011672 0.518335998 1.11879909
    1.35730183 0.789479673 0.621218741 0.682439268 1.50453055 1.04243672
    1.4648912 1.63930452 1.37692797 0.837492228 0.981664479 0.579704344
    0.516914427 0.989684463 0.580109656 0.745097637 1.18961084
    0.871534467 0.824316561 1.44987667 1.02835405 0.899228632 1.05160618
    1.45661759 1.17201293 1.2929287 1.39840186 1.25807357 0.724016368
    0.627231598 1.1509403 0.652887225 0.65639621 1.3287698 0.482084781
    0.511382401 1.22638619 1.42439997 1.2577709 0.546327293 0.904935122
    0.475683153 1.42454338 0.749615669 1.40812933 1.59941328 0.768863738
    1.16292477 1.14354944 0.906528711 0.79196161 1.35013914 1.51665258
    0.826848626 1.22709286 1.37411714 0.773179293 0.706162453 1.55125272
    0.744449854 0.966508985 0.709396064 0.458681315 0.738127768
    1.07018828 0.957715571 1.2592293 1.57855022 0.816001415 0.794272065
    0.854223251 0.934179366 0.690779328 0.406692058 0.795782983
    0.83413142 0.482071996 0.599349558 0.443166494 0.848374963
    1.49637711 1.43979204 1.00371718 0.804191291 0.73931849 1.49152172
    1.56927466 0.96776253 1.0768373 1.24045777 1.2379446 1.54097009
    1.27980518 0.965721965 0.877111733 0.635049582 1.1776557 1.52829134
    1.45437574 0.908226967 1.28654897 0.464691252 0.951483965 1.57422256
    1.13462722 1.06952584 1.49727297 1.50213337 0.848471761 1.02884555
    1.2546581 0.885023236 1.53717268 1.5510397 1.39640403 0.66559577
    0.88027668 1.27090263 1.02954292 0.839545012 1.21920586 1.2293148
    1.42876041 1.22912455 1.46792412 1.29972792 1.20229638 1.01723135
    1.29687214 1.13210273 1.25669241 1.10931218 0.994944692 1.26047945
    1.15979922 0.943509519 0.884553671 0.959164321 1.61935043 1.68849432
    1.08262694 0.885192931 0.776049197 0.720318437 0.925566137
    0.413832128 1.23305249 0.466791332 0.764242113 0.557242751
    0.592840493 1.14671838 1.26395953 1.26461864 1.38183784 1.52962124
    1.32617009 0.980920494 0.935440421 1.4186089 1.63947856 1.14563596
    0.771977484 1.3570466 1.36202669 0.783106983 0.72689724 1.30792475
    1.05208147 0.655229092 1.56634164 1.32653058 0.755552053 0.849644303
    0.441941679 0.968509376 0.455059975 1.49525142 1.44376743 1.07471108
    1.32242191 1.69825661 1.2404449 1.41272891 0.61883831 1.41193461
    0.624219239 1.25445819 0.720285296 1.29166317 1.26987088 0.515438199
    1.29895973 0.810074449 1.12215543 0.569410563 1.1818651 1.19001853
    1.24110663 0.699176848 1.32521915 1.67378354 1.13965416 0.588984489
    1.13976061 0.563720822 1.1402688 0.992206872 1.37908518 0.876890063
    0.591222525 0.75053829 0.776531935 1.22682202 1.59374654 0.599159002
    0.992807567 1.20680988 1.63294101 0.772727609 0.952222049 1.34021461
    0.992860794 1.72394109 1.66020727 1.23385239 0.744263649 1.00246656
    0.695484459 1.2284795 1.58821881 0.834842086 0.491517276 1.04245698
    1.27599764 1.42112529 1.08778799 0.687167108 1.33973563 0.798247814
    0.780391574 0.987750351 1.52462804 0.850548446 1.08178341
    0.792237937 1.28621387 0.590015888 0.534731865 0.92857796 1.18666232
    1.36519289 0.731122911 1.35084605 0.766856372 0.42605108 0.46325767
    0.410305023 0.555761755 1.32773244 0.748672545 0.764923394
    1.35329604 1.59546936 1.32101953 1.22200644 1.50637722 1.55118823
    1.30781913 0.535554886 1.0634768 0.873986483 0.638867915 0.604680181
    0.898915589 0.903864443 1.29707742 0.715079248 0.890628874
    1.10736501 1.26565969 1.27120757 0.945018113 1.57901824 1.62746418
    1.37950385 1.43748558 0.693039179 1.28046083 0.641963542 0.725258589
    1.20331407 1.20477462 1.60992646 0.634902954 1.40559316 0.729242802
    1.03667593 0.73252511 1.20320463 1.47558939 1.54032409 1.28181064
    1.18331969 1.62357593 1.23424923 0.758280516 1.31075919 1.03134358
    1.17557442 0.920315325 1.35696256 0.622018278 1.3520937 1.17477608
    1.43508947 0.912583947 0.922444165 1.42145395 0.508208692
    0.881895304 1.48560119 1.44305205 0.908811033 1.01195025 1.25641394
    1.32811666 0.710836828 0.930535376 1.02841389 0.474227339
    0.576034725 0.36995852 0.783727825 0.866756439 0.809500694
    0.568094492 1.3429563 1.174981 0.485781103 1.42263412 0.963287413
    0.616376162 0.854040742 1.02312315 0.763284326 1.06634307 1.03987586
    1.4293741 0.545809984 0.486423761 0.561041713 1.06857336 1.74032223
    1.50243187 1.18227017 1.36422122 0.899688601 0.452803969 1.32301545
    0.959621251 1.60376251 1.23888385 0.850506485 1.29016769 1.11412656
    1.13833845 0.713520169 0.549838901 0.645737588 1.36737728 1.17221951
    0.888103724 0.798915267 1.44929206 1.66862524 1.5507158 1.21091115
    1.05577588 1.67670727 1.60826838 1.17581701 1.58602452 1.46394122
    0.923023522 1.32374227 1.2906822 0.581374049 0.923164725 0.858579338
    1.47148454 1.31374359 0.763381481 1.52765548 1.55909014 1.05690408
    0.869489253 1.01566648 0.420104653 0.811298668 0.857060969
    0.761684179 1.14535558 0.893786073 0.856893361 0.521197677
    1.39179003 1.38694274 1.53126454 1.27497494 0.99312675 1.34397173
    1.5757488 0.871332228 1.44917643 1.66021931 1.52228808 0.584278107
    0.73273778 0.95326978 0.534131527 1.18445003 0.470603406 1.16376746
    1.487607 0.623928189 1.30938399 0.610525191 0.566124022 0.975252509
    1.25004888 1.43139064 0.523968577 1.20868266 1.09971237 1.16756177
    1.32413697 1.34167647 1.24122429 0.69603771 1.5468297 1.06453717
    1.61896944 1.28367734 1.05213976 0.851118624 0.534623623 0.963164508
    1.44209063 0.753964722 1.09040534 1.60594296 1.60237765 1.70908833
    1.36643779 1.5949775 1.19903183 1.63087797 0.885827243 1.28925085
    0.544143796 1.27046263 0.998621285 0.983013511 1.0055753 1.19084299
    1.30584311 1.19805694 0.562367797 0.530993104 0.837527692 1.44940078
    1.43668711 0.862443089 1.13034332 1.42212832 0.813755155 1.25132465
    0.967954695 1.23322594 1.41838527 1.68293643 1.44988847 1.35196912
    0.608502805 1.25271809 0.897316158 0.924482942 0.460955322
    0.880801082 1.27634442 0.529306769 0.625853002 0.717624605
    1.19950426 1.45493484 1.21083987 0.97329998 0.616195083 0.621575773
    1.27276421 1.56676376 0.980823159 1.52533901 0.677036703 1.49135911
    0.69324553 1.21417308 1.428936 1.21965194 1.18139386 0.651107669
    0.837302506 1.41754901 0.549762011 0.965509534 1.27663016
    0.605960667 1.02692854 0.977928936 1.27596712 1.09248781 1.40598357
    1.66243792 1.06590807 1.40725672 0.978588521 1.17077219 0.85517472
    0.918216765 1.28896821 1.05113029 1.41876185 1.16466236 1.51181018
    1.09632337 1.27890337 0.813950658 0.553774834 1.01806641 1.5435276
    1.17950463 1.50591207 0.709916353 1.3627435 1.05882454 0.71345222
    0.600232959 0.641527474 1.41610348 1.30180025 1.57950723 1.39073181
    1.21227336 0.983439863 0.419124156 0.754413962 0.723383009
    0.676631272 1.60890567 1.61517262 1.63146341 0.922772169 0.488941193
    0.86383903 1.2644664 0.456619143 0.491382271 1.22613037 0.550675213
    0.815668762 0.786831021 0.51439786 0.868099868 1.02005613
    0.508118212 0.430024922 0.496804804 0.995930731 0.732363999
    1.29134154 1.10888219 1.02171612 0.591609836 1.09512961 1.58514535
    1.48274243 0.743326962 0.743844926 0.7405954 1.03073585 0.770984113
    0.669926941 0.432676613 0.995292425 0.826999485 0.939389229
    1.04552615 1.23572671 1.53416955 0.666555703 0.990516901 0.570992053
    1.22573113 1.06624591 0.512959778 0.667272568 1.12842572 1.38346326
    1.15660203 1.66347706 1.64844859 0.974368215 0.473151028 0.553189874
    0.628776252 1.4260087 1.49337637 0.990349233 1.11928403 0.892249584
    0.909750521 0.804512799 1.54304361 1.48788714 1.14046419 0.656462789
    1.05548406 1.03817642 1.57032347 1.44260788 1.36354756 0.870503187
    1.08636737 1.39919412 0.961226523 0.754992485 1.26310861 1.08178961
    1.53340399 0.627584398 0.654376864 0.532705724 0.890039861
    0.848001599 1.42675078 0.828521907 1.02769518 1.42977166 1.52551186
    0.866824329 0.662289619 1.3132354 1.28108656 0.795110822 0.575665832
    0.892383099 0.809008241 0.604391515 1.39637518 1.15186775
    0.956489325 1.33175516 1.27995467 0.895472944 0.761664748 1.32819307
    0.521179438 0.457789361 0.925660431 0.614133418 1.17134714
    0.607249618 0.618855238 1.12155271 1.29893827 0.568249583
    0.906646788 0.529915094 0.987461865 0.862513185 1.37770605 1.4989233
    1.34549427 1.37762988 0.999832094 1.02137434 1.05170691 0.850869834
    0.675676107 1.54116166 0.527768314 0.59633249 1.18745983 1.08207572
    1.33248305 1.20893514 1.14007533 0.904493093 1.16191328 1.15511119
    1.25610876 1.0891813 1.22913599 0.633558095 0.560777724 0.655134976
    1.31530893 1.2147876 1.41895342 1.36712241 1.13042986 1.2704711
    1.64046943 1.3282069 0.922971129 0.777552068 0.695262849 1.58449602
    1.21735632 0.977499068 1.30648422 1.26730037 1.52056038 1.43798792
    1.22949398 0.508843303 0.902369916 0.904273629 0.570392668
    1.03476059 1.30719757 0.520416796 0.498317122 0.522791147
    0.666259408 0.852187634 1.60522914 1.40585518 1.42103899 0.712706149
    1.40954244 0.538268089 0.729363203 0.517676353 0.653713346
    0.985454381 0.814193785 1.20904493 1.02218986 0.66810143 0.659522593
    0.921251535 1.19027364 0.439011276 0.843826354 1.25335097 1.05215061
    0.971841097 1.13105345 1.22481751 0.701100111 1.12809074 1.20715928
    1.65469754 1.40588725 0.558447957 0.612528563 0.613076031 1.31962657
    1.67229211 1.41936052 1.20636547 1.09996402 1.56537855 1.50751507
    1.28311205 1.54225111 0.812160671 1.40975308 0.933220625 0.605951846
    1.23542941 1.58474886 1.25899518 1.16347229 0.851485312 1.59163797
    0.935294509 1.31541014 0.825058401 1.09167886 0.854342341
    0.863074124 1.01167953 0.69337374 0.751852214 1.50959635 1.71345377
    1.36211979 0.812693477 0.850807965 1.31947458 0.654078186
    0.682836473 1.13439167 0.53774035 0.710587382 1.04974532 0.59855026
    0.492820114 0.551930726 0.61956054 0.454447061 1.44103634 1.54615617
    1.40696228 1.42394185 0.733831346 0.531142652 0.473062426
    0.824594259 0.551983535 1.29188359 0.551196873 1.13423336 1.27554107
    0.735244215 1.05676961 1.16317844 1.51781321 0.578120172 1.09166062
    1.11151659 0.96491611 1.44920063 0.78345263 0.626150608 1.36251497
    0.656315386 1.23621619 1.18696022 1.6476084 0.931362152 0.514093399
    0.590087712 0.53981334 0.856332421 0.56536746 0.646407545
    0.723445594 1.22356522 1.64155996 1.57130635 0.725379527 1.54090726
    1.35571623 0.899025142 0.720697224 1.46302176 0.855985463 1.42074525
    0.979066312 1.22369206 1.45138133 0.926269531 0.762770116 1.39183104
    1.15451646 0.856335044 1.08725679 1.33310306 1.19163799 1.56747687
    0.942665279 1.10553455 1.18509102 0.455252469 0.432510883 1.34486568
    0.893712461 1.35818434 1.06647348 0.501424193 0.757819712
    0.804644585 0.694963336 1.03721321 0.632514119 0.551007092
    0.535750091 0.45722416 1.42461658 0.554749131 1.1569916 0.882113755
    0.560645461 0.612640142 0.831615329 1.12191987 1.06791115
    0.958773792 0.531907558 1.08180964 1.14291477 0.674144149
    0.579936683 1.40594125 1.07780826 0.917057753 0.612974584
    0.770864725 0.862585306 1.06120205 0.814260602 0.79809916
    0.811298728 1.30219126 1.09535146 1.18971205 1.12450325 0.852816343
    0.797771811 0.586865962 0.767549455 0.894372344 1.27812791
    1.13574421 0.570207298 0.372303933 0.451505959 1.07328212 1.08119261
    1.0563072 0.602441192 1.25228512 0.730998278 1.62474036 1.55458832
    1.5144707 1.23144948 0.871724129 1.30824697 0.711388409 1.07083213
    1.03520012 1.03263676 1.06463003 0.654951215 1.19163215 1.12813365
    0.765467465 1.17528999 1.24655747 0.984599829 1.11470079 1.0927006
    0.509142458 0.630289555 1.32807982 0.926287889 0.853275061
    1.27328789 0.856969297 0.974355638 1.17075884 1.46611845 1.39261281
    0.928240895 0.912640572 0.912542999 0.749662876 0.519734383
    1.41165483 0.956148446 1.14805412 1.1555059 1.42212141 0.923804045
    1.36711657 0.544880867 0.770441294 1.16053116 1.09611022 1.55016434
    1.39848208 1.13334835 0.66320616 0.816277564 0.88303107 0.823088109
    0.966638982 0.570168495 0.732969224 0.581181645 1.60421193
    1.30128586 0.808991432 0.582838476 0.579865456 0.57472378 1.40427244
    1.22262871 1.12053204 1.41746438 0.894100547 1.48287523 0.814275861
    0.442888767 0.992817402 0.733436108 1.42583799 0.651578248
    0.704818189 0.729020834 1.10393977 0.561331987 0.44575572
    0.607117951 1.11684632 0.833923638 1.33645737 1.36785018 1.00492704
    0.620768964 1.28591073 1.64273024 1.14498186 0.725005031 0.656678915
    1.37993538 0.625761509 1.08879828 0.609899759 1.10549343 1.57659483
    0.691090345 1.40878236 0.623225749 1.33784318 0.570338666
    0.903282583 1.07165647 1.2092135 0.84785533 0.549670398 1.01093566
    1.34167802 0.882711053 0.556287289 1.3809396 0.982510686 0.950075209
    0.921649158 1.5955559 1.53418708 1.24167705 0.680078626 1.33338726
    1.19814765 1.17132032 0.731090963 0.687538683 0.736738265
    0.851920426 1.06066775 1.15536582 1.41674125 0.697291851 1.1771822
    1.36257648 1.30557787 1.05634451 1.35476613 0.478515327 1.23477697
    1.10590482 0.842998266 1.47391367 0.649830163 0.801178336 1.12423861
    1.41214681 1.5522064 1.002442 0.814868093 1.0164485 1.46895027
    0.623148263 1.18279612 1.11546254 1.47296369 1.37753308 1.5741086
    0.907980621 0.960208833 1.02218401 1.42371452 1.07098877 1.25950778
    0.820631266 0.838387012 0.921734333 0.5142681 0.833356738 0.43708396
    0.806956887 1.09817779 1.55715537 1.48590899 0.82524389 1.63670206
    1.34935296 1.40154588 1.25619256 0.585710466 0.594419003 1.45156097
    1.10808003 1.1170696 1.29724026 0.490592927 0.447504073 1.38127685
    1.02172267 0.515653968 0.442722529 0.702435791 0.676973104
    0.485628128 0.837174833 1.1888684 1.40906024 0.491699904 0.436058819
    1.47489059 0.647721052 0.566493988 1.00809836 0.848461568 1.36230338
    0.90600121 1.31922305 0.651438296 0.442898393 1.18627167 0.727161705
    0.891106188 0.670229614 0.907770574 0.604492366 1.18255115
    1.01426864 0.914281011 1.04400396 0.974276781 0.649560273 1.39220846
    0.623603165 1.47171545 1.50311506 0.721631646 1.41588116 1.04735947
    1.39762664 1.56277692 1.08155048 1.40794122 0.538952053 1.30523241
    1.06322932 0.898606241 1.48614669 1.37829316 0.679634631 0.669243753
    0.63908428 0.748732269 0.842949629 0.714691103 0.957943976
    0.950019956 1.44340742 0.665299773 1.30557859 1.12398803 0.69081676
    0.76565975 1.38018465 0.836419225 0.711021245 0.663823247 1.33343852
    1.53163588 1.62685919 0.872014225 1.36995852 0.592015922 0.68494612
    0.91088742 1.25523627 0.96533531 0.780697644 0.988768518 1.60478795
    1.55681646 1.52379644 1.46299243 1.45078194 1.5824585 0.541570783
    0.675275981 0.53557533 0.958370626 0.650823176 1.40096986
    0.980954528 0.572599053 0.715864003 0.687020957 1.3945446 1.2094878
    1.25644505 1.00970709 0.818803728 0.475402832 1.28485048 0.497329116
    0.927464962 1.48990917 0.583580613 0.584012985 0.744391084
    1.30087149 1.52860177 0.822335899 1.3606317 0.563246131 1.29287434
    0.610995352 0.769730926 1.46420693 0.591683388 0.465302318
    1.24290788 1.349774 1.15898561 0.751751304 0.676114142 0.890237629
    0.586020648 1.44976747 1.07747054 0.658106565 0.676528096 1.39451051
    1.5612216 0.850776434 0.715166211 0.790663123 0.639671445
    0.850332797 1.26850927 0.632873356 0.368638337 0.479136527
    1.01454151 0.828407526 1.04123855 1.3636682 0.695559263 1.26205266
    0.5477615 0.782007277 1.49701142 0.745494723 1.20181048 0.766140282
    1.32001007 0.551477671 0.627990723 0.577093065 0.895928979
    1.32187283 1.13315701 1.20636535 1.21342826 0.642807126 0.670837045
    0.468216956 0.986409783 1.1742425 1.03715253 0.565752566 1.32897568
    0.937198043 1.37301624 0.68391794 0.66197449 0.405318618 0.407588214
    0.888258457 1.40435278 1.40682769 1.40001285 0.998074472 0.693886161
    1.42434072 0.678762972 0.729984939 1.34929168 1.50155509 1.55945373
    1.30873489 1.11951232 1.15230858 1.497913 1.22062385 1.10064888
    1.02830935 1.45976114 0.715616882 1.39385343 1.12847614 1.19927299
    0.959322393 0.733066261 0.753558695 0.519873261 1.20339119
    0.946048796 0.51754123 0.594162285 1.39907718 0.685636342
    0.406890035 0.716820955 0.473126471 1.01193976 1.51642489 1.00068927
    1.0122484 0.824221253 1.2663964 0.564809322 1.5477488 0.799362779
    0.661324024 1.43886995 1.60891187 0.905127168 1.20182645 1.06992948
    1.11864984 1.24329352 1.07166398 1.28608036 1.28101516 1.25868809
    1.00402176 0.69840759 0.987572134 0.425813198 0.581107616
    0.854949772 1.26375413 1.27046728 1.6958462 1.37080956 1.10448921
    1.1488806 0.965405166 1.30751693 1.36641049 0.507579386 0.740373075
    1.23501611 0.536920726 0.427932978 1.34789181 0.719711483
    0.805802107 0.375350982 0.638215065 1.15250397 1.0728761 0.705858886
    0.974029124 0.895578444 0.508505285 1.08133817 0.679658473
    1.58053863 1.03217387 0.586957276 0.538463891 1.46520865 1.3946023
    0.733095646 0.864620984 1.24824762 1.10061359 1.0069977 1.31742394
    0.774838209 0.979540646 0.69799906 0.716909885 1.04994619 1.02106261
    0.599244654 1.44127524 1.49848902 0.579219222 1.50075376 0.716025829
    0.826799273 1.57488799 0.72376287 0.589636981 0.975880265 1.38250017
    1.10620022 1.02966034 1.21517456 0.842411041 1.67207026 1.49497819
    1.58558643 0.866645455 1.49003732 0.764777303 0.422538191
    0.641702592 0.854736269 0.808022439 1.190907 1.12109232 0.685949922
    1.29208779 1.4121511 0.659087896 0.98022002 0.864938319 1.18692064
    1.39087105 0.736361265 0.668798804 1.06238067 1.1880703 1.30701756
    1.26673472 1.37478566 1.00602043 0.925740361 1.18173742 1.01046801
    0.946093678 1.38168418 1.6002028 0.978894413 0.906076014 1.56427979
    1.01186752 1.58650744 1.03730249 0.611572206 0.804896295 1.41747975
    1.26174271 0.60952872 1.02007437 0.472557694 0.904812634 0.821925282
    1.06123793 1.24489713 1.11964917 0.972251713 0.832304358 0.883039594
    0.771925151 0.832908511 1.36269164 0.867359102 0.926989019
    0.498457074 0.480656326 0.921497524 0.995865524 1.34378135
    1.12061131 1.11686432 0.542247355 0.528380036 0.679259717 1.44770885
    1.27811038 0.756147981 0.986286819 0.512865007 1.24656773
    0.959783077 1.13444674 1.57642853 1.5329988 0.990190744 0.504661679
    1.0831151 1.21510911 1.31946254 1.53373492 1.4302119 1.54464412
    0.660333455 1.21060681 0.697355509 0.988453865 1.16801751 1.03319156
    0.375879169 0.456776679 1.32579052 1.4623121 0.770481646 0.509419203
    1.36752796 0.636316776 0.740324974 0.97956872 1.02321339 1.00481844
    1.44205713 1.21318173 0.659869194 0.720902801 1.2918272 0.420189381
    0.537518859 1.05743718 1.11155295 0.75911504 0.683845043 0.579563081
    1.22256148 1.06639683 1.51588988 1.42568672 0.81245786 1.08909225
    1.16447926 0.761014044 0.717467964 1.11314893 0.550316513
    0.414682269 0.512056887 0.621161878 1.48906767 1.23375261 0.9543612
    0.88993454 0.486894101 0.625638127 1.2081722 0.58489269 1.44386315
    0.725824237 1.23057699 1.65202141 1.59953153 0.61967659 1.36494136
    0.678375781 0.771052003 1.19370973 1.32203722 0.677418828
    0.986965954 0.535077214 0.907613635 0.599682212 0.721790016
    0.520217896 0.910678089 1.47862446 1.51325917 1.00761616 0.722012758
    0.821763337 1.38892877 0.78612572 0.746727169 0.50664705 0.679085732
    1.56907845 1.15876508 1.16077602 0.448735207 0.894566238 0.729327321
    1.56081641 1.61299932 0.861918569 1.39378011 1.54406095 1.7059375
    1.62803054 1.57919395 1.19125807 1.64646626 1.49125302 0.608857214
    1.42695856 1.07128751 0.589475811 1.34418774 0.448776722 0.775012016
    0.629559398 1.19618714 1.00575781 1.49605739 1.71612668 1.55719841
    1.3676914 0.567783415 0.902287602 1.0573678 0.979546309 1.37224174
    1.06177664 0.486108333 0.534539044 0.765709341 1.24126291 1.48074007
    0.534249365 0.532331824 1.5585227 1.51674712 0.835760176 1.45229387
    0.595860183 0.61651659 1.50497198 1.47935009 1.18694186 1.2862674
    1.23379552 1.11568534 1.43133008 0.647632122 0.84592998 1.64513087
    1.39832282 1.42266977 0.623409092 1.46951354 1.65963781 1.56996107
    0.773860633 1.19600666 1.13709939 0.621308088 1.2986244 1.54678345
    1.36527395 1.50835967 0.88197583 1.06776476 0.872057498 0.763526559
    1.33990896 1.19977164 1.47266591 1.2804389 1.03784156 0.659093857
    0.558866441 1.23586667 1.34120393 1.40344691 1.29266143 0.750882685
    0.929017842 0.805376351 1.16706991 1.17403233 1.28871882 1.47748101
    0.69246453 0.514236569 0.693439484 0.44127357 0.570849121 0.60138917
    1.14193058 1.06292784 0.651545048 0.613079607 0.634725749 1.58514965
    1.55146396 1.3970319 1.47987485 1.13070679 0.825027108 1.06973541
    0.516474843 0.890680611 0.545838118 1.52329421 1.57084191 1.17744672
    0.992473364 1.25225496 1.33609426 0.693473935 1.02933383 0.826964736
    1.41330338 1.34232545 0.867769837 0.965346754 1.30076635 0.514699697
    0.933858275 0.647496164 0.752961516 0.629524648 0.601111293
    0.650815308 0.673456252 1.38686979 1.0686245 0.980936766 1.16318238
    0.690713108 0.991032541 1.20668352 0.815203607 1.14358783 1.06504989
    1.47188902 1.15377319 1.09778368 1.14557207 1.22360849 1.28290093
    1.05899715 1.15740013 0.558996439 1.25934875 1.49003756 1.27335989
    0.51496166 1.05639446 0.905025244 0.82153374 1.60569596 1.5645982
    0.923895597 0.425229818 0.905112743 1.12569523 1.23398125 1.06548357
    1.61154532 1.02036572 1.20863879 0.494685739 1.11156821 0.898269594
    1.47948432 0.76284194 1.12630975 0.990759015 0.547074497 1.13777876
    0.967168629 0.735292315 1.50679326 1.44666433 0.699102879 1.41664827
    1.45048356 0.767954469 0.617591619 1.30929828 1.41951275 0.562172472
    0.740280986 0.996453524 1.47430432 1.3977474 1.05192327 1.04757237
    1.29897642 1.01283526 0.896652758 0.94226414 0.907740414 1.0696702
    0.804668725 1.54175305 1.28726792 0.625622749 0.737891316 1.49505699
    0.971246183 1.05388141 1.20787728 0.825097322 1.18183494 1.00147378
    0.876342416 0.811375976 1.34870505 1.44550419 0.755216002
    0.689155817 1.5544858 1.62277687 1.2799269 1.39284205 0.933111966
    1.3028301 0.721588254 0.67637223 1.4950757 1.52396238 1.64148593
    1.53483427 0.500943601 0.708832026 0.404761612 0.726591527
    1.02735686 0.548754156 1.3036319 1.65120006 1.44640648 0.821330786
    1.02374077 1.28295326 1.39783454 0.576180875 0.61968267 1.53570282
    1.49596572 0.858593464 1.07273471 0.625988245 0.905877829
    0.968833208 1.01721847 1.34691548 1.21506155 0.887011945 0.695215225
    1.60294878 0.867955089 1.22966719 0.615703344 1.32599616 1.10666633
    1.147421 0.762243807 0.680023611 0.798490107 0.952755332 1.10027122
    0.472592652 0.484241813 1.17858851 1.02162111 1.34900868 1.25586152
    1.24625325 1.52842057 0.593549013 0.756077528 0.478418916
    0.786787152 0.453671902 0.853872061 0.966226876 0.521498263
    1.21406364 1.19097936 0.971739709 1.28821588 1.54949975 1.282359
    1.63375747 1.40743506 1.6196717 1.05513489 1.37613809 1.04769671
    1.42414546 0.777386844 1.32603669 1.48986721 0.656035423 0.808138132
    0.792473316 1.45284462 0.833096147 1.59544635 1.49217534 1.14541519
    1.18721819 1.40079343 1.03375328 1.17299867 1.18492973 0.528319597
    1.16549933 1.41861105 1.0901202 1.69534647 1.5849781 0.656120002
    0.678600371 1.12473094 1.41605091 1.16962278 1.41989815 1.40165699
    0.936776817 1.13316357 1.36685479 0.578550339 0.773857534
    0.699733257 0.591455281 1.23034859 1.26743996 0.983338058
    0.855008066 0.957999945 1.22642291 0.63811022 0.51501596 0.88239491
    0.760513783 1.44855952 0.683766723 1.02675915 1.13432968 0.500647902
    1.42270279 1.05488181 1.4742403 0.720895648 0.582632542 1.35208666
    1.25949407 1.58076835 1.39599299 1.36655033 1.49530458 0.640759289
    1.14643633 1.47850835 1.24256635 0.767362475 1.25496256 1.60405791
    1.6865449 1.06470501 0.956187367 0.521105647 0.403948605 0.597772419
    1.47073543 1.38766754 0.727202594 1.53724384 0.707603574 1.02831304
    1.10610998 1.51111603 0.58606416 1.502298 0.984367847 1.3762095
    1.03476739 1.0502677 0.832907856 0.730768442 1.08871746 1.19832408
    1.16566443 1.21739137 0.852154016 0.706696987 1.46941471 1.1105516
    0.621980011 0.900070488 0.959769428 1.14279962 1.45751894
    0.799382746 0.948693097 1.09461355 0.733629823 0.758047283
    1.03147101 0.887881279 1.04492044 1.20969582 1.35842526 1.19322264
    1.35880768 1.47299278 0.451282024 1.08874452 1.1239295 0.713311911
    0.579159141 0.77261126 1.54601395 0.576607168 1.22659504 1.24020529
    1.30240476 1.59927416 0.794019103 0.970949352 0.522129357
    0.479987413 0.832153976 1.16157317 1.63471997 1.36491323 0.639097929
    0.705980599 0.932192206 0.770992517 1.02993 0.534371138 1.31582022
    0.695979536 0.507084846 1.41514921 1.64354336 0.778191984 1.40810609
    1.16711795 1.08711588 1.42802894 0.847525537 0.624002755 1.40167379
    1.2568872 0.644041896 1.19249403 1.42131305 0.965390325 0.506799042
    0.582900703 1.58461869 1.40066469 0.931521416 0.496214777
    0.463397533 0.598302901 1.38778377 1.02322316 0.808535576 1.23437309
    0.857117116 1.27136612 1.04714358 1.55950165 1.19519222 0.965623796
    0.874370277 1.4309448 0.894752443 1.15715158 1.55287194 1.13324881
    1.32293856 1.20674396 0.871296406 0.66672796 0.437374234 0.996759355
    0.607887328 0.517084837 0.851685405 0.785203576 1.58621979
    1.37289536 0.798524082 0.752355635 0.802511752 1.0978862 0.950162411
    0.598831177 1.60941577 1.40212154 1.59456515 0.785674334 0.534982324
    0.530507565 0.920241058 1.17750335 0.829795301 1.12063658
    0.849028826 0.606511891 0.993614018 0.773553491 0.42178306
    0.551404834 1.57407224 1.56117606 0.561837912 0.924349189
    0.501472354 1.46848238 0.946746469 1.13351071 0.634592235
    0.686227977 0.839297354 0.808792412 1.2327044 1.15831816 1.45758367
    0.828632593 0.469002783 0.85087961 0.462725699 0.741804302
    0.57741195 0.49962011 1.37106979 1.15850198 1.49788785 0.605774105
    0.875714958 0.868323743 1.00302756 0.871834457 1.65243208 1.11978173
    0.871920466 0.685278654 1.25578701 0.639243066 1.4990412 0.808989882
    0.548011839 0.808255076 1.57833779 1.10994828 1.70183468 1.52610481
    0.64247489 1.00934672 1.2101897 1.21270621 0.949270308 1.02659631
    0.558848977 1.26589167 1.04627872 1.16762578 0.623031199 1.10740709
    1.07107913 1.51465631 0.692956328 1.00443327 0.709947884 0.416957915
    0.490071207 1.52682197 1.60427535 1.57985663 1.14862812 0.687478423
    1.44161487 0.633390903 1.42368937 1.44948375 1.33430135 0.605154395
    0.938622713 1.21879077 0.838598311 0.840045452 0.532685697
    0.892329395 0.813885629 0.65297991 1.27544391 1.58637488 1.34075391
    1.0165391 0.772372007 1.06377161 1.16712236 0.648040712 1.02319646
    1.03964782 1.11783981 1.39299536 0.877035201 1.34985816 1.4309603
    1.58121812 0.520087183 0.442942709 1.22671366 0.472315729 0.73406136
    1.27400565 0.65600127 0.672877789 1.51574957 1.24128926 0.594189644
    0.354089051 0.485714346 0.475030184 0.863343656 1.60764086
    0.910412967 1.0070858 1.13200438 0.765809059 0.823353112 1.62346506
    1.55575621 1.57190084 1.59969246 1.2603215 0.636849105 1.03047752
    1.3505429 0.982844532 0.579585433 0.763572872 1.04162955 0.475301147
    0.460465193 0.619198322 0.657479823 1.46111524 0.517439008
    0.528316379 0.828518391 1.31190646 0.879399359 0.932074785
    0.847299814 1.40086234 1.14772427 0.526931763 0.987303317
    0.822755158 0.674987078 1.26721156 0.977629483 1.68736088 1.70792079
    1.22781157 0.586097538 1.27960742 0.552603006 1.34041023 0.743018627
    1.5756427 1.13548899 1.14356375 1.22861922 0.946136773 0.645684838
    0.668277323 1.55785441 1.2646842 0.483452708 0.984383702 1.31086946
    1.67031562 1.71350384 0.817662179 1.31034911 1.5927732 1.5452776
    0.802977681 0.945098996 0.94281584 0.61643666 0.502944052
    0.657272577 1.05074191 1.53135848 1.62093592 1.57731485 0.697582126
    1.0189029 0.911921799 0.666041017 1.32989264 0.506830692 0.525398076
    1.28964007 1.32803595 1.33857763 0.454922944 0.815214932 1.32615781
    1.67903161 1.51775742 0.503813326 0.417572588 1.22698879 1.38418961
    1.51547539 1.29012084 1.25453174 0.727029264 1.01013076 0.588363707
    0.618365288 1.06296134 1.12784004 1.46141839 1.39711118 1.25786507
    1.42531407 1.14983475 1.245628 1.09600842 0.545181692 0.513187349
    0.832478225 1.26684964 1.18900621 1.38984609 1.08039141 1.33044195
    0.680992305 0.490049481 0.767686903 1.26310217 1.65341926 1.04438794
    0.827483118 0.477990836 0.708371043 0.523380816 1.31108236
    0.93556726 0.910958409 0.97516042 0.454502434 0.758243322
    0.544951677 0.822023094 1.43313873 1.21986091 0.458856702
    0.937236607 1.12801182 0.580006897 0.597135544 0.684440076
    1.04001617 1.38624477 1.05639219 1.12527418 1.29467714 1.30608094
    0.539245844 0.596431434 1.26659644 0.888182461 1.34627867 0.52111882
    1.27507257 1.58079278 0.822850823 1.15608203 1.27260828 1.29506159
    0.541399777 0.987281978 0.595961452 0.44735375 0.835295737
    1.25677049 1.40151858 0.756883204 1.41340387 1.32033372 0.715057373
    1.51106954 0.783068359 1.24757481 1.27777195 0.624758244 0.593992889
    1.14777255 1.09318066 1.42346501 0.857855797 1.60431945 0.780854106
    1.65774345 1.63892031 1.50893474 1.01371503 0.742699146 0.659439325
    0.440960139 0.42730853 1.19601929 0.589981675 0.742387652
    0.695306778 0.853528559 0.558950484 1.1501683 1.41655636 0.504006803
    0.908297777 0.84600389 1.00627494 0.670572996 0.691570997
    0.774385095 0.781130672 1.47261655 0.779385686 0.619770288
    0.429505706 0.428373963 0.715442181 1.00562286 0.822689593
    1.57357323 1.33102238 0.743750572 1.38910949 0.855634451 0.969237387
    1.06085849 1.49832296 1.58901811 1.27331936 1.51350904 1.1205436
    1.27672255 0.520766675 0.887425959 0.751836717 0.791846395
    0.533026099 0.92758131 0.470490456 0.568530858 0.472267687
    1.08917522 1.16214681 1.4308399 0.645342588 1.30821526 0.440200686
    0.472885698 0.553664625 0.733807743 0.592804432 1.34345341
    0.769328117 1.46490371 0.717339694 0.965682685 0.395669758
    0.524513602 1.0355047 1.00527251 1.55309844 1.20160437 1.5112642
    0.563496888 1.11555922 1.5230974 1.20453012 1.48748863 1.55291283
    0.65548563 1.19704473 0.617108941 0.873852551 0.682568491 1.38567889
    1.51271856 0.967606366 1.18323362 1.21263838 0.51682514 0.656585336
    0.663741887 1.46747935 1.56288147 0.664151371 0.963908076 1.33426225
    0.625320971 0.833895266 1.42493832 0.538550079 1.23756433 1.18015456
    0.695030808 1.21534348 0.733204484 0.971601427 1.63297915 1.04310834
    1.20834959 0.69150883 1.08098876 0.61987263 1.44388711 0.62998569
    1.59790039 1.36774766 1.28665352 0.781030834 0.764977872 1.20274389
    0.718902349 1.04962373 0.850365162 0.433030307 0.558200896
    1.02338278 1.72778225 1.59529519 1.10001123 1.25680518 1.29156077
    0.840884149 0.513702154 0.930915236 0.412254483 1.32131922
    1.50569737 1.18609512 1.33814335 0.878987193 0.639805555 1.15001714
    1.29130161 0.60510534 1.48865557 1.03936303 0.61128366 1.38795197
    0.53838402 1.14267075 0.657100201 1.09503794 0.581405282 0.464866221
    0.666447461 1.24248075 1.49682474 0.75042814 1.4684006 0.695289135
    1.41412866 0.812186539 1.34028316 1.53577721 1.26276875 1.43503046
    0.469073296 1.15844059 1.53614652 1.4233079 1.47565007 0.669977725
    1.09025109 1.09544492 1.46976221 1.48442447 1.6616236 1.41040921
    0.984376013 1.12163985 1.47819412 0.712604284 1.21247137 1.37230456
    1.41539264 0.635380208 0.537361026 1.42950463 1.63410223 1.69044876
    1.31447792 1.42715561 1.46146584 0.871857941 0.824183285 0.598658502
    1.34226513 1.25391209 0.924104095 0.855592906 0.479347616 1.15944016
    0.975108624 0.861906886 0.727841496 0.679216385 1.51529837
    1.02512586 0.468037784 0.832912087 0.947440982 1.13476205
    0.920182228 1.44936514 1.17486656 0.542162299 0.676606357 1.10379076
    1.19474185 1.43945408 1.28924048 0.931623161 1.24565518 0.964182854
    1.2982254 0.872882068 0.806982517 1.4155761 1.15733838 1.29702616
    1.51851058 1.0582943 1.10839868 1.12653089 0.911138535 0.885025382
    1.16587687 1.61943936 0.913788974 1.23461545 1.06523144 1.16289723
    1.60037386 1.28635347 0.564062417 0.804411292 1.04948866 1.58306551
    1.08442402 1.19744599 1.47016668 1.57876337 1.28895843 1.32179844
    1.17821133 1.57271397 1.07598531 1.3639338 0.839880884 0.847559929
    0.738152146 1.56056666 1.38476908 0.709548771 1.50609553 0.616552293
    0.664519012 0.720076859 0.443148702 0.737353384 1.52021456
    1.44362044 0.503894031 1.01361477 0.874196529 0.693412662
    0.941962898 1.35609198 0.544740558 0.584887922 0.849498391
    0.904251218 0.643666685 0.799062431 0.968857884 1.46579921
    1.52409089 1.14807534 0.462429792 0.587500811 0.958357513 1.41898799
    0.58362788 0.675727844 0.641829908 1.21812856 0.904299974 1.44139838
    1.27666128 1.2476052 1.20921063 0.456421494 0.932663739 1.30120385
    0.938372433 1.0442307 0.841811895 1.60095084 0.893218637 0.786799371
    1.03102541 0.631722629 0.785384953 0.995039046 0.399432331
    0.599795043 1.0404644 0.795831859 0.566029906 0.801898003
    0.857809484 0.604795635 0.43042174 1.15394008 1.11565983 1.4399662
    0.881721258 0.919161499 1.04085565 0.78239429 0.773496151 1.04580331
    1.39757776 1.00184321 1.51770091 1.4459765 1.24232018 1.473786
    0.5486449 1.38517904 1.06557894 1.49912655 0.545540631 1.03476417
    0.86113596 1.45835793 1.04316556 1.56724024 1.3256433 1.25022948
    0.707308054 0.941117764 1.16982496 1.25244069 0.586930275 0.5453704
    1.11233222 0.666938126 0.45260638 0.929052293 1.04108596 0.869511485
    1.43600929 0.737030208 1.33443248 0.990493119 0.855506003 1.38734007
    0.693005145 1.37813544 1.54006469 0.945468724 1.49657893 1.51802516
    1.39337146 0.655857682 0.623353004 1.34538984 0.780279756
    0.446328968 0.858041584 1.04183364 1.04495883 1.32540321 0.75277406
    0.844142139 1.01220548 1.51693904 0.935006022 0.56738764 0.589242041
    0.830257416 0.937942028 1.39727175 0.628529191 0.66772747 1.5414654
    0.908317983 1.57837391 0.812532723 0.85852176 0.822057366
    0.690047503 0.707753003 0.992801964 1.45403337 0.867086649
    0.489094764 0.815903664 0.643786371 1.40620089 1.11007452
    0.925260186 1.36883974 1.06611109 1.51596558 1.14919794 0.712227046
    1.40936005 1.65751719 1.56753504 0.616352439 1.15011907 0.838486016
    1.22367108 0.75036341 1.02779448 0.768500984 0.799337268 0.679686904
    0.924872518 1.7042222 1.17300761 1.01824689 1.05417097 0.987725139
    1.13174653 1.12327611 1.52760339 1.35084605 0.987551451 1.2547493
    1.35127378 1.09116888 0.923034787 1.33611286 1.38381505 0.669939101
    0.885032594 1.28863072 0.976013541 0.968496919 0.604548693
    0.664798737 0.449046791 0.966693223 0.942079365 1.5530324 1.50535059
    0.720091283 0.822839975 1.11334252 1.12710333 1.09521282 1.15386832
    0.872947872 1.09772408 0.533999503 0.465777159 1.14915204
    0.532252192 1.01861596 0.843597531 0.722010195 1.13872933 1.14738107
    1.33625805 1.3847425 0.879970074 0.590759814 0.567585707 0.559990942
    1.06577659 1.00025177 0.903964281 1.35240579 0.591878235 1.18128777
    0.721400142 1.26206124 0.836347699 1.0595175 1.22519279 1.32437456
    1.44583333 0.775497198 0.835672855 1.49133778 1.44366145 0.789920688
    1.13457501 1.51576364 1.23826933 1.288836 1.6492461 1.17980421
    1.1661824 1.45812905 0.991770625 1.1714654 0.666569114 1.31877494
    0.720166504 0.454031825 0.514447272 1.24250495 0.563651741
    1.40765464 1.51603484 1.44526947 1.02100682 1.39478195 0.687527895
    0.556737602 1.36833107 1.56789923 1.26536167 1.51893926 1.15443814
    0.753129482 1.44474661 1.03493333 0.463474005 0.619083583
    0.991347134 1.0518086 1.12375987 0.818995535 1.56443775 1.42413461
    1.38685846 1.59270763 1.41500032 0.930416048 1.24196923 0.692624271
    1.16470814 0.530587316 0.814001679 1.33305752 0.655268729
    0.678301334 1.39537108 0.643152356 1.18636155 1.65197504 0.89939642
    1.01108766 0.9961164 1.20649064 0.988270223 1.00595236 0.934855938
    1.35223842 1.10187387 1.05634511 0.654695153 0.569382429 1.44675827
    0.906461418 0.581431687 1.4076134 1.06652975 1.00699806 0.840484262
    1.14428735 0.921194911 1.4777298 0.806517422 0.502352595 1.11304355
    1.53493917 0.892146468 0.722968996 0.787982762 1.43388712
    0.533340812 0.947858214 0.753562629 0.77812922 0.944307923
    1.06868005 0.887810409 1.26942515 1.40095305 0.765331924 0.508392036
    0.871461511 0.98129338 0.466823012 0.860961199 1.25152183 0.98209703
    1.35827911 0.674217641 0.479061544 0.779714406 1.48052132
    0.914048195 0.48283416 1.20673466 0.732461989 1.27915049 0.807230473
    1.07735777 0.854954541 1.40125835 1.06358647 0.930680692 0.600920022
    0.596681178 1.31873131 1.32449245 0.528363824 0.463215381 1.42695057
    0.851141751 1.47960448 0.801725209 0.806104243 0.606111526
    1.43874669 1.27951157 1.13033652 0.774063885 1.0732789 0.605452597
    0.626060426 1.45098114 0.777435601 1.11384475 1.0579834 1.64093661
    1.21647918 0.979242325 0.751305223 1.06067812 0.6220631 0.66838783
    0.733624697 0.511964858 1.41275859 0.976380348 1.13101029 1.55043995
    0.98681432 0.7408548 1.23836827 1.12907767 0.789453745 1.29335189
    1.56889653 0.763580263 1.19511926 0.427523732 1.31845975 1.35502493
    0.71635735 0.866688132 1.47798717 1.59094834 1.30299461 1.31668317
    1.65347922 1.64786732 1.56881809 0.681058168 0.775011778 0.931199908
    1.0591687 0.719145715 0.87729013 0.732413352 0.919239044 0.858523011
    1.27018952 1.28856611 1.44240594 0.950197339 0.650367498 1.09293377
    1.19074726 0.546162963 0.796257317 1.09170556 1.24190187 0.769186616
    1.27764201 1.49751937 1.48191977 0.984315634 1.47756624 1.20864666
    1.03400099 0.737828016 0.841975391 1.26217699 1.3466115 1.11659646
    1.10528541 0.503406227 0.624470353 1.63766408 0.975474477 1.42029846
    0.611771286 1.28830314 1.22995198 0.854315221 1.61655498 0.732549131
    1.12166011 1.07482862 1.19365227 0.832982004 0.795606315 1.44948852
    1.06899178 1.01553822 1.24649155 0.568810701 0.992988706 1.21337402
    1.63166595 0.887341857 1.56881857 1.15625358 0.65976727 1.09301972
    1.3104229 0.530358195 0.638956785 1.36543775 0.638908982 0.393411279
    1.17031002 0.574565828 0.869079411 0.992400885 0.635136306
    0.588937819 0.588914871 1.40218508 1.38225627 1.16156054 0.569743991
    1.14830554 1.54820096 1.3061856 0.605796456 1.45521891 0.661643207
    0.760252416 0.594590724 0.975033939 0.574971974 0.702615917
    0.891652584 1.39619577 1.13185692 0.617711008 1.33909225 0.895000458
    1.2358886 0.71331352 1.34433138 1.39248013 0.488161713 0.522658706
    1.13315547 0.836550295 1.01570928 0.901991844 1.04298031 1.17380142
    0.970471919 1.57214975 1.05661666 1.41969371 0.584143102 0.512973845
    0.973857403 1.13045466 0.549677014 1.37536108 1.23540795 1.09571576
    1.24414682 0.73404932 1.28842282 0.933137715 0.829930246 1.35749137
    0.463602066 0.640310049 0.565720141 0.627216518 1.30074787
    0.56861937 1.31580889 0.960931957 1.65966475 1.44755316 1.11278594
    1.56395364 0.948243499 0.638571978 1.20372653 1.26021528 0.851085901
    0.942657411 1.49028969 0.528973937 0.488248765 0.85474658 1.35045934
    0.793448031 1.08805406 1.44322824 0.845124781 1.31617355 0.61410743
    1.01982343 1.26187813 0.722862601 1.0745945 0.49360469 0.763158321
    0.695225 1.21824729 0.63095212 1.5114994 1.10290098 0.671590924
    0.863040149 0.940304279 1.03549063 0.809355199 1.08305061 1.10207224
    0.904197276 0.855432689 0.652441502 0.626963019 1.10296571
    0.728874028 1.2314266 0.577186584 1.11619115 0.520174086 0.775851727
    1.15872467 1.13215661 1.29049945 0.534610152 0.543785453 1.17805302
    0.946905673 1.0842222 1.1652633 0.928638816 1.60771179 1.15562785
    0.608028769 1.58773494 1.51690304 1.50124466 1.09614515 0.829983234
    0.577769339 1.25025594 0.894653261 0.562677264 0.967231631
    0.482017398 0.515093088 0.557828188 0.691477418 1.55423379
    1.05573833 1.07280278 0.667097092 0.691743255 1.47277486 1.5178324
    1.16341364 1.26007545 1.66042733 1.57937884 1.31410754 1.57529986
    0.9908427 1.02148318 0.874493241 0.587972522 0.781237364 0.534427464
    1.04511321 0.884029627 0.991611183 0.690883696 1.17115009 1.27821088
    1.34489024 0.699933648 0.816102862 1.20366812 0.907650769 1.10437965
    1.09587252 0.621799648 1.03526437 1.17950964 0.886770964 1.23810256
    0.620070457 0.755672038 1.61322391 1.21429789 1.30363822 1.48822212
    1.63635957 1.59976983 1.11511886 0.800919056 0.819385469 0.585226893
    0.681415319 1.19754076 1.17445576 1.25062871 0.971843898 1.32679617
    1.604743 1.57761884 1.34396386 1.60604715 1.28517449 1.02200711
    0.719365656 1.00123858 1.49620414 0.58412677 1.04548025 0.594174922
    0.759201884 0.706878841 0.884166896 0.53888464 1.20079327 1.29914474
    0.880543947 1.33577025 1.55121899 0.841805935 1.08290982 1.4598062
    1.64509428 1.30701983 1.63460898 0.796068549 1.21303356 1.50400269
    0.821957946 1.46695912 1.58044481 0.693828106 1.3023771 1.62244296
    1.17115343 1.4617058 1.29938352 1.2936821 1.38956487 0.675093889
    0.460321128 1.02376235 0.637130976 1.40909421 1.34939528 1.28019452
    1.36944604 1.34508049 0.529250383 0.747751594 1.07538438 0.872916818
    0.966569722 0.827374399 1.42873096 0.238260865 0.279791743
    0.547504902 1.37214601 1.15049779 0.926838577 0.9466483 1.23640215
    1.60717046 0.716063023 0.825698495 0.49332124 1.2972995 0.697834969
    0.852986157 0.550401688 0.680047214 0.531425178 0.54049468
    1.49358416 1.57270348 0.907549143 0.427963704 0.702548802
    0.582417965 0.617704928 1.13540435 1.34873569 1.26192975 1.0081383
    1.48885751 1.66865802 1.04795468 0.897269368 1.30772281 0.677571833
    1.60793602 1.48129892 0.888799906 0.906315506 0.936051726 1.03159142
    0.707983971 1.28639054 0.716782212 1.22038126 0.696025133
    0.401812524 0.739588082 0.848258495 1.17492974 0.546405673
    0.494772553 1.13741159 1.23387408 0.842022538 1.29753602 0.874207258
    0.650900304 0.921913445 0.996224523 1.33104575 1.3894726 0.819549978
    1.44230664 1.06954253 0.665266156 1.4863652 0.879138947 1.35996687
    1.24011683 1.16608191 1.66094339 1.0849787 0.895365298 0.585881114
    0.914658427 1.12142289 1.50981236 0.670586526 1.03381622 1.48122251
    1.4817065 0.96624285 1.61911142 1.62175763 1.70575559 1.60478866
    1.63275528 0.918888569 1.55501103 0.970653594 1.19863427 1.2379657
    1.52725148 0.896630824 1.08998382 1.31226254 0.802350461 0.5612306
    1.45507503 1.40533566 0.920676529 0.801831663 0.802774429
    0.969509125 0.730139136 0.708262205 0.755215526 0.499821246
    0.490211546 0.853664756 1.49752593 0.827920318 0.658643663
    1.01713073 0.915773928 0.805526674 1.48688495 1.45283544 0.536693394
    0.533501804 0.537813663 1.42361903 1.00641608 0.621378064
    0.970412612 1.43646681 1.17303538 1.45191586 1.24492443 0.611396372
    1.11195505 0.680627048 1.46804237 0.833129585 0.521716177 1.15826094
    0.775546551 0.691778481 0.380960703 0.724856257 1.03471971
    0.814740181 0.577858388 0.987700522 1.07791805 0.516133726
    1.30868113 1.57715428 0.738802016 1.07831061 1.4453963 1.05138469
    1.28485882 1.06048143 0.957187831 1.53090787 1.07976937 0.903338432
    0.723487139 1.55793905 1.14065361 1.47827888 1.41788054 1.58896029
    1.05603611 0.743288159 0.490916044 0.826756239 0.730326116
    0.89692539 0.574519753 1.58458662 1.01784182 1.42446625 0.473841012
    0.550881326 0.948157847 1.03142679 0.990548313 0.866758585
    1.50972569 1.33866119 1.54042637 1.67004609 1.54192638 0.796962321
    1.55266619 0.656158805 1.02265882 0.393693745 0.686766684 1.24057269
    1.05649567 0.947924733 1.32460308 1.14233208 1.25287342 1.12929928
    1.07485449 1.41935563 1.23329675 0.801377594 0.666339338 1.57709396
    1.39255965 0.863803387 0.782388926 0.984424889 0.649341583
    1.10115838 0.886290073 0.928700328 0.930428028 1.16466856
    0.953588545 1.39334536 0.98239553 1.03282118 0.943066478 0.624120712
    0.903528631 1.627334 1.54675233 1.18783057 1.19806159 0.796994209
    1.11132872 0.894845009 0.870305419 1.05664313 1.29995203 1.1759876
    1.4298892 1.29699755 1.63824701 1.66539979 1.57090855 0.841440439
    0.989521861 0.966235042 1.27934229 1.18376172 1.14691627 0.863394797
    1.3982228 0.973498881 1.43932509 0.613815725 1.43340766 0.52021265
    0.952115655 0.919786096 1.13342857 0.926562905 0.301578462
    0.432300597 1.44628048 1.18009901 0.7636621 1.0265305 1.48028767
    1.67052996 1.29470968 1.16316688 0.967593372 1.35469186 1.21156836
    0.540872276 0.923133969 0.480695814 0.474781275 1.25915468
    1.17979312 0.647417009 1.56833553 1.36690152 0.882005751 0.485109955
    0.838433743 0.560514033 0.563376129 1.03448415 0.906051397
    1.50293589 1.40701878 1.09365022 1.18640053 0.987973094 1.28830516
    1.24079573 1.14829719 0.98436588 1.06157458 1.53003335 1.54296184
    1.30353022 0.744723916 1.25213385 1.44585145 0.815961778 1.2592361
    0.457166791 1.16724157 1.0137713 0.736257017 0.453443617 0.635970473
    0.746701717 1.23477197 0.738217354 1.31141341 0.731668472 1.13162374
    0.985605299 0.836450398 0.632720113 0.615651786 1.35551488
    1.42335773 1.12006974 1.2810241 0.925680339 1.13168442 1.35259318
    1.13951719 1.68541253 1.64077282 0.988764584 1.52832949 0.605866373
    0.91356796 0.646656454 0.961009085 1.4848417 1.1854291 0.622327089
    1.31905401 0.884313643 0.883971095 1.62368321 1.40186489 0.662765026
    1.47703576 1.27018511 0.739498615 0.95243758 0.687138438 0.960252702
    1.21964538 0.978729665 0.68371737 1.28111732 1.49990928 1.22611964
    1.67631721 0.902326286 1.57664132 1.10304415 1.39669955 1.53429115
    1.05071008 0.592164099 1.48211062 1.12466145 0.879924119 0.902710557
    0.800229192 1.31132066 0.618430674 0.628788769 0.43807891
    0.650551021 1.08480477 0.813856423 1.5103395 0.710952699 1.11390734
    0.794998705 1.25100732 0.725265324 1.09198368 1.39369118 1.35165274
    1.38032246 0.721199095 1.47783732 0.495006561 1.32280827 1.38727546
    1.2841984 1.08198071 1.15648079 0.89271003 1.4407028 0.800627172
    1.1019367 1.1447767 0.834595323 1.4129101 0.884078383 0.639716864
    0.778047919 1.29013121 0.82524544 0.902888179 1.45050251 1.13776731
    1.09807646 0.89445889 1.54723847 0.804808021 1.57299685 1.53362131
    1.0632956 1.39715803 1.65096378 1.21008861 0.991659105 0.827734768
    1.48946261 1.03842115 0.794506013 0.599750042 1.16974092 1.40367806
    1.11200619 0.630620658 1.61997938 1.26005375 1.42976522 1.11571014
    0.590809584 1.16799414 0.457418531 1.24988794 0.687942803 1.43518615
    0.761079073 1.46617734 0.867308319 0.50308162 0.976740181 1.13307333
    1.16013992 0.602851748 0.831423819 0.441843361 0.84231931 1.05331492
    1.09634888 1.09293008 0.839848161 0.97688216 0.96882236 1.48110318
    1.5738219 1.63027155 1.08707786 1.46142292 1.34192467 1.47459948
    1.26220262 0.943548918 0.953320682 1.30246496 0.994885862
    0.594300389 0.704396844 1.50928378 0.718351364 0.575645506
    0.864505053 1.39331055 0.789825678 0.523742199 1.25399208 1.21786368
    0.812924802 1.31582689 1.59730542 0.643763244 1.33222544 1.61325705
    1.33785868 0.65827328 1.38782966 0.88552022 0.592854619 1.24290574
    1.10414338 0.939805269 1.35535598 0.610857666 0.567802012 1.42943597
    0.706717193 0.649654567 1.15510595 1.5035392 1.6950047 1.44492555
    0.718662381 0.701763749 0.869661212 1.43963039 0.938859582
    0.732242227 0.517775476 0.870819211 0.673990071 0.767217815
    0.906496108 1.3251853 1.2121613 1.16158378 1.4297924 1.24725795
    0.986714542 1.23435867 0.616004884 0.570108712 0.857321918
    0.887995541 1.47180033 1.45862722 0.781618416 1.4029175 0.753943264
    0.713513374 0.711600304 0.566060543 1.10179377 0.920161068
    1.39885902 0.710581124 0.686280966 0.770950019 0.976835668
    0.966728806 0.613518417 1.21842182 1.09877205 0.616757035 1.37924564
    1.3583107 0.928025663 1.20460057 1.39591515 1.49099445 1.12389994
    0.963077009 0.576582015 0.452148706 0.62913686 1.12298286 1.18920732
    1.28003156 1.32302475 0.792182982 1.59114385 1.0945251 1.38222587
    0.629954278 1.01250827 1.33587539 1.25801682 0.913350701 0.939199626
    1.28355324 1.49893379 1.51299047 0.854170918 0.915030003 1.06176984
    0.905133307 1.42625213 1.35504472 1.61642575 0.743909359 1.44543362
    1.10914958 1.68127823 1.74735701 1.45182526 0.842888415 1.29642069
    0.73597461 1.45738268 0.583752811 1.30105233 1.02611685 1.1920712
    1.21100366 1.18451667 0.897112489 1.55036461 1.00524437 0.977166712
    1.48270738 1.52174568 0.899086535 1.50124073 1.03340209 1.09353161
    0.971544862 1.35449564 1.20851636 1.57791531 1.33572316 1.45063257
    1.53768623 1.13777769 0.719115973 1.46467614 0.646812975 1.35507989
    1.37769055 1.37618554 1.30361378 0.801726103 1.27838981 0.982916832
    1.4455893 1.44511557 0.763295114 0.856795549 1.01785886 1.1609149
    1.09152162 1.48513496 0.940829575 0.701986969 1.51626813 1.33332419
    0.779228687 1.20723665 1.60191023 1.45914865 0.840018094 1.16884291
    0.839269757 0.75336504 0.42433992 0.575894475 0.743295908 1.05589211
    0.996512115 1.50624681 0.690054357 1.4211545 0.677772045 0.422435194
    0.485971898 0.691651046 0.758653998 0.654395223 0.762080729
    1.54861045 1.20866585 1.09836125 1.0927397 1.56377125 1.18583846
    0.881002724 0.718630791 1.37625253 0.857853532 0.902706563
    1.53125715 1.08182538 1.48788798 1.57094407 0.711046219 0.99933672
    0.622239232 1.03967834 1.10457456 0.479235232 0.4531326 1.43792295
    1.39769137 1.03802574 0.970136821 1.53764415 1.494627 1.45493388
    0.744179904 0.602812469 1.02942407 0.645938575 0.921584904
    1.08453071 1.33276725 1.31760573 1.07403016 1.06638157 0.466039032
    0.438642293 1.06858408 1.53530502 1.27046537 1.43844664 0.507893145
    1.25689757 0.61236757 1.3327415 0.697393358 1.00159752 1.32052994
    1.00564659 1.28201389 1.3935349 0.670196116 0.930131257 0.856114388
    1.23746133 0.901007175 0.790115893 0.76625371 1.35106945 0.95490551
    0.567725301 0.55487138 0.915949941 1.1752131 1.48509884 0.841589451
    1.45801568 0.545114756 0.803953707 1.47794783 0.709672928
    0.854887068 1.11667645 1.22790122 1.03435791 0.964267731 1.07967091
    0.770179272 1.61280036 1.29891753 1.31979883 0.97044152 0.606544912
    1.51454437 1.42338204 1.50427318 1.42581654 1.15869391 1.13168478
    1.59456837 1.4000262 1.50056398 0.702063501 0.993593633 1.389346
    1.2239852 1.4160192 0.583110631 0.90982312 0.632088125 0.866412401
    1.23377836 1.36516368 1.486094 1.56667137 0.670416713 0.927727282
    1.1785109 1.53729737 0.742428243 1.62139058 1.6935463 1.22204757
    1.38044572 1.53112638 1.42699575 1.57136631 1.01848602 0.795900226
    0.50653702 1.40353584 0.5178141 0.521544814 1.36959672 0.766791046
    0.891225994 0.879096925 1.32609987 1.36652207 1.23705196 1.51497555
    1.21048248 1.31408608 0.713925064 1.47997499 0.712825954 1.34136212
    1.62357044 1.65057945 1.04654336 1.20837903 0.684529781 1.00797558
    1.4660517 0.948437512 1.43938041 0.886190593 1.08249652 1.31359315
    1.45904863 0.595093608 1.07984543 0.660465121 1.52378953 1.04308903
    1.06377494 1.43119264 1.2466625 0.499796897 0.705824494 0.610786676
    0.683679819 1.20466137 1.44285548 1.09468651 0.868735194 0.991837978
    1.28914893 0.675108612 0.861470997 1.59191895 1.04672623 1.1028161
    1.1590699 1.57539642 1.20943391 1.34800017 1.45934272 1.3078903
    1.48476577 1.41686106 0.507459462 1.3414588 1.44462085 0.720819652
    1.29085565 0.935008049 1.17002416 0.959922075 0.828133941 1.29422641
    0.981313705 1.55869281 1.38539267 1.69622576 1.53703046 0.957075417
    0.68371743 1.01526415 1.22312522 0.894050837 1.53843451 1.40957355
    0.586334288 0.961435199 1.19710279 1.43045652 1.62199533 1.41419172
    1.52032578 0.783724964 0.673164785 1.57487237 0.703953624
    0.903323889 0.478170812 0.568264246 0.865286469 0.724890769
    0.931690633 0.727382123 0.424775898 0.598396063 1.35442531
    1.16815984 0.690289199 1.06328332 0.752747715 0.987191856 1.45601416
    0.721743643 1.30468559 0.550658822 0.656094134 0.509747565
    0.689353466 1.14382648 1.08431637 1.12583315 0.662797332 0.820152521
    0.607629299 1.2543931 1.35995293 1.1743567 1.1349529 0.642482698
    1.30982757 0.69670701 1.14704978 0.915111482 1.33007014 0.683329463
    1.30060148 1.48617709 0.94782263 1.15462756 0.956642509 0.870352983
    0.824909985 0.747552991 1.32933044 1.35307109 1.7272824 0.997614622
    0.882362068 0.542899787 1.08370543 0.895985246 0.880934179
    0.92141068 0.730979443 1.3469398 0.613380432 1.06525588 1.04732716
    1.23911357 1.14635897 0.899690866 0.851906478 0.574464381
    0.838958681 0.980554402 0.406638712 0.541362822 1.25332618
    0.548157156 0.662786186 0.807533681 0.821233809 0.540114999
    0.911077619 1.05733824 0.669169545 0.589879513 1.0766784 1.2212863
    1.01890004 1.11686003 0.971429348 0.969503403 1.28856552 1.51650739
    1.16279757 1.22290921 1.48074782 1.06032741 1.03953385 0.707264304
    0.795753419 1.51669383 0.602829337 1.57429969 1.11655235 1.0690738
    0.515002906 0.91799432 1.55600035 1.29821074 1.22850811 0.7495507
    1.51050866 0.929522932 1.25249887 1.12492645 1.12430859 0.995659471
    0.758825302 1.00818622 1.46643579 1.2220428 0.75587225 1.0493772
    1.4869343 1.5439899 1.64540505 1.34384525 1.09246373 0.820244133
    0.981242895 1.71387839 1.7759316 1.71814096 1.52830791 1.51234019
    0.93198663 1.42618608 1.07895231 1.4988203 0.593803525 1.04561806
    1.00948322 0.635897636 1.37261641 1.45599675 1.35117757 0.634012818
    1.49552834 0.90952456 1.36013365 1.19507611 1.34410572 0.526617706
    0.859642386 0.443645716 0.694736958 1.52241123 0.678711116
    1.61866927 1.46265221 1.39243722 0.776441514 1.19461119 0.856021345
    1.4779135 0.629490256 0.514617383 0.642676115 0.748069823 1.23501253
    1.23762739 1.04619586 1.24470627 1.33289158 0.76874125 1.40782809
    0.782752216 1.23735559 1.15345442 1.52724481 0.745762587 0.937485278
    0.687345624 1.09208345 1.34613359 0.945407152 1.29593718 0.545326173
    0.662506938 1.17175877 1.42453539 1.17571175 1.19560528 1.10498762
    1.43935561 1.3005507 1.04436672 1.19115078 1.30413032 1.38420224
    1.55709434 1.36276555 0.631918609 0.84876895 1.43408287 1.31445611
    0.689831495 1.01365054 0.895568967 1.64621961 0.876925051 1.20465767
    0.710196912 1.26071668 1.26947773 1.34846771 1.05173039 0.543363214
    0.751612604 1.35314536 1.11635685 0.52468431 1.14735532 0.791700602
    0.465628356 1.05384827 0.460067689 1.11893976 0.427649379
    0.424439907 0.542751968 1.37752008 0.566168547 0.865965009
    1.11168206 0.861010194 1.07955432 0.923374355 1.44569528 1.56789458
    1.59516382 0.713331699 1.41489065 0.758136928 0.437068075 1.08209646
    0.604824662 1.552037 0.950046957 1.02380204 0.974980772 0.992165029
    0.822758794 0.750138223 1.60197318 1.49511671 0.858648598 1.35271943
    1.28566718 0.968111694 1.33042181 0.904123247 1.41096938 0.525779247
    0.790498197 1.19088531 0.51295799 0.70040828 0.69291389 1.08214724
    1.41851747 0.920698643 0.8584131 0.960799158 0.76401031 1.01834071
    1.19696665 0.793918848 0.533532917 1.07599378 0.885049284 1.16411412
    1.32634234 0.610112429 0.438075036 0.612729371 0.813821256
    0.69482106 1.34943104 0.534541428 1.15628648 0.460778326 0.762199998
    1.10873342 1.20448518 1.20295513 1.21405864 0.731427372 1.25429416
    0.869478166 1.09599781 0.533275783 0.552049935 0.315217793
    0.596099317 0.613388419 1.3617996 1.20187473 1.2725085 1.566908
    1.64501393 1.42220795 0.824360132 0.560849428 0.938158393
    0.744815469 0.412583619 1.13120854 0.45236823 0.819000781
    0.560026705 0.742174447 0.544514596 1.54627192 1.42007291
    0.635441542 1.03829098 0.344671309 0.570656359 0.340244889
    0.879728198 1.04329491 0.973752737 0.525574505 1.43600667 0.4738262
    1.42860377 0.856109917 1.09145689 0.994306684 1.10671914 0.581599832
    1.14752269 0.686978042 1.44862318 0.969538808 1.47833478 1.0245955
    0.606627107 1.26085913 0.551237106 0.468028456 0.874826193
    1.04895067 0.626056492 0.664292037 0.586168647 1.55417407 1.14152026
    0.920148492 1.25704753 0.836043358 0.91003406 1.46363616 1.48164248
    1.46185887 1.44588566 0.825071633 1.5611434 0.8503775 1.32236314
    0.873907685 0.977546692 1.33667719 1.22138488 1.5946908 1.33219516
    1.4296155 1.3275243 1.58786714 0.600344241 1.03548825 0.99041903
    0.509954751 1.04750621 0.693283021 1.62486446 1.73841369 1.22113729
    0.962602913 1.29354942 1.26686299 0.997239351 1.01440346 1.26698112
    0.736029625 0.537433863 0.870206237 1.23940539 1.37169278 1.21962857
    1.01642764 1.31226492 1.13188183 0.483253807 0.970911324 0.868157327
    1.36725628 0.545290112 0.45246011 0.850772977 0.495303184
    0.593150616 1.33619225 1.48578882 1.32252896 1.25136673 0.989111602
    1.08967054 1.21084189 0.758705676 0.410185158 0.914232194
    0.494067103 1.04634857 0.850488186 0.878937423 1.08185053 1.05424476
    0.882246614 1.27267838 0.913796902 1.02814913 1.2173394 1.23754299
    1.30369115 0.84967804 1.30175102 0.6607337 1.45275021 1.20647442
    1.48567319 1.21512568 1.1952132 1.02740681 0.846223414 0.916514516
    1.08753622 0.663597167 0.554842591 1.2663188 1.2321794 0.893678963
    0.895185471 0.790280044 1.21740544 1.00812316 1.24568546 0.401886672
    0.30066815 0.431510717 0.547717452 1.361395 1.23869586 1.13273501
    1.24094629 1.32492447 1.24899113 0.41500476 0.800821066 0.704527318
    0.97750175 0.911367714 1.07166851 0.854822993 0.423576683
    0.329236209 0.547581077 0.801806688 0.474609524 0.503373027
    0.460445553 0.431220531 0.247884795 0.511882186 0.422748238
    1.29401457 1.23354471 0.461655974 0.71723032 0.642885387 0.789075971
    1.35309434 0.789318502 0.75399375 0.563994646 0.713675976
    0.824327826 1.39553905 1.1112386 0.344843298 0.439341217 1.05508435
    1.01479995 1.12483847 0.910427153 1.23079932 1.00374305 0.273502618
    0.471058369 0.610454977 0.912328362 0.44074592 0.427424073
    0.754619896 0.652319312 0.433550954 1.30314934 0.842230678
    0.664483547 0.806374609 1.29580092 1.16019988 1.16908193 1.33707571
    1.26385522 0.863862753 0.381445736 0.419961452 0.696986914
    0.666076899 0.934070647 1.07760084 0.898507237 0.724625051
    0.974507749 1.30752778 1.45536363 1.0296768 0.469083041 0.561008632
    0.852325439 0.41079244 0.256846011 0.501897693 0.999107182
    0.677684546 0.971626878 1.16007674 1.11723781 0.421052188
    0.611134648 0.534665883 0.527593911 0.803991139 0.808284461
    0.634035289 0.313970983 0.225063026 0.52188313 0.511917889 1.126405
    0.577125192 1.19396019 0.801070571 1.46587729 0.587616265
    0.899607241 1.17252529 0.378837615 0.518569469 0.93767035
    0.464414716 0.859546721 0.548983514 1.24551415 0.937408924 0.5116418
    0.791053236 1.11645579 1.40757442 1.26001942 0.324297547 0.491364002
    0.676126957 0.493316531 0.682334423 0.719786704 1.18976736
    1.20747817 0.961040676 0.45577547 1.37103212 0.897401035 1.31015229
    1.33857858 0.710232913 0.548993111 1.08367658 0.7562958 0.893348813
    1.30630732 1.40413666 0.877894342 0.803762078 0.668494642
    0.793223679 0.802995503 0.307101429 0.270790875 0.501390278
    0.74779278 1.30566847 1.01195955 0.593086123 0.789092481 0.631426752
    1.13078177 1.35303378 0.927198768 0.559532166 1.29411602 0.741086721
    1.31417203 1.22447479 0.765789092 0.563023031 0.404467523
    0.499701411 1.03251743 1.43445063 1.41143143 1.53859639 0.860472441
    1.0769769 1.2736752 0.859223366 0.810284197 1.01543701 1.09547937
    0.326831967 1.22531676 1.01158285 0.677723944 1.30369902 1.32226694
    0.447169572 1.21769416 1.07747948 0.904615045 1.1825881 1.42755044
    0.836466312 1.39578998 0.785158277 0.965082645 1.45379794 1.19362521
    1.32836866 1.04782128 0.643952191 0.907063842 0.434415489 1.0296067</data></your_img>
</opencv_storage>
