<?xml version="1.0"?>
<opencv_storage>
<g>1.1000000000000001</g>
<r>8</r>
<filter-type>1</filter-type>
<circular>0</circular>
<L2_diff>111.24026251774342</L2_diff>
<test_img type_id="opencv-matrix">
  <rows>128</rows>
  <cols>256</cols>
  <dt>f</dt>
  <data>
    0.142528385 0.383930534 0.00767233968 0.19154188 0.0595842898
    0.4282538 0.179115772 0.684322894 0.309432328 0.289332569 0.95251596
    0.316228867 0.322011948 0.872985065 0.215479851 0.238346875
    0.674885869 0.0596578121 0.0444735885 0.421199501 0.805207491
    0.606468379 0.798269153 0.325365782 0.152036995 0.887576222
    0.34668231 0.639336467 0.490997702 0.446037471 0.473418236
    0.979412794 0.409173518 0.497880995 0.988800883 0.724968374
    0.410200536 0.548613548 0.812679052 0.753344059 0.0823102593
    0.179536432 0.518744051 0.995223641 0.339501172 0.178273022
    0.0763705373 0.504439414 0.560339928 0.166257888 0.806225896
    0.0931199491 0.395207107 0.219506145 0.277186513 0.275114596
    0.635643899 0.436007798 0.0641265213 0.345204473 0.479694098
    0.641161561 0.18919012 0.897796154 0.253030181 0.277765691
    0.618190348 0.289462924 0.582956016 0.0403118432 0.621749163
    0.537037253 0.099794358 0.897313178 0.887873292 0.830380738
    0.311744332 0.868844748 0.764532089 0.853892446 0.699370921
    0.484313577 0.34988296 0.867213726 0.000768363476 0.973306775
    0.618525028 0.687113881 0.687329531 0.707736611 0.878188133
    0.13189289 0.627295911 0.980915904 0.989531875 0.700217366
    0.216695577 0.436351776 0.374813139 0.703780115 0.928221285
    0.765577316 0.546760559 0.762848616 0.48838982 0.0734384656
    0.166759759 0.136265874 0.635182083 0.920655012 0.267738581
    0.303155869 0.801199675 0.0791648924 0.898563206 0.849862814
    0.428361803 0.152087092 0.493771434 0.0310527384 0.629701853
    0.668900371 0.0985376239 0.0658311248 0.817471385 0.553449631
    0.733405173 0.631319761 0.640009642 0.546607137 0.943174839
    0.230264097 0.720064759 0.159512997 0.919905901 0.695279777
    0.107553154 0.796555281 0.694890201 0.791957378 0.199715734
    0.578056633 0.896314621 0.436298221 0.317859113 0.580999374
    0.181886196 0.240728527 0.98463428 0.813210607 0.465323925
    0.310520232 0.454324156 0.893007994 0.156266153 0.604450226
    0.784307539 0.139515042 0.675276518 0.309186071 0.905630469
    0.0433234572 0.637823403 0.983014703 0.819894314 0.583397269
    0.663757563 0.441535741 0.571358681 0.111468613 0.909851074
    0.671070457 0.350836694 0.247255921 0.860851705 0.170848042
    0.610991359 0.404082477 0.33517462 0.730297983 0.377088785
    0.389008522 0.755853832 0.0892551839 0.852333903 0.696163833
    0.215389788 0.299169958 0.543070555 0.0668447912 0.534740329
    0.858721375 0.530657172 0.329283059 0.558816969 0.839598596
    0.0111572444 0.262787193 0.570493937 0.136186719 0.81428653
    0.583773017 0.381668627 0.711968243 0.478053033 0.842702746
    0.618761122 0.388308436 0.291835725 0.293745041 0.975676417
    0.349214494 0.90757525 0.086386174 0.722121656 0.860696077
    0.714146912 0.430248082 0.819424272 0.704480588 0.453857392
    0.00867080688 0.620265543 0.945179045 0.651278734 0.156080157
    0.751030505 0.2974433 0.13833499 0.120035768 0.129145116 0.971387327
    0.635764122 0.833907962 0.98203218 0.0631482899 0.484816939
    0.182160944 0.148771763 0.730003774 0.50341028 0.257477403
    0.320860833 0.0372877717 0.612153888 0.133860767 0.990717173
    0.333221912 0.421355069 0.0925788581 0.8717677 0.880218625
    0.11021781 0.822795272 0.487033993 0.347932637 0.652639687
    0.93247205 0.487793356 0.790143013 0.751638532 0.944547832
    0.977195919 0.206665665 0.0451696813 0.644315481 0.991245806
    0.226332843 0.492605031 0.476533592 0.74675411 0.485376924
    0.426165283 0.607519507 0.671738565 0.100336254 0.160103679
    0.508118272 0.494284391 0.292920411 0.92134881 0.995746493
    0.896363378 0.265745163 0.683275104 0.864865899 0.709537506
    0.975484133 0.768150806 0.977306485 0.249303013 0.0632298291
    0.104862094 0.554224253 0.763766289 0.745489061 0.32356441
    0.774259567 0.697197199 0.439679891 0.872063458 0.014347285
    0.537352741 0.388703614 0.620503068 0.837128997 0.839093566
    0.745450616 0.634180903 0.187947422 0.726501286 0.657914519
    0.230202347 0.56063658 0.53707701 0.312172532 0.654384315
    0.414282203 0.0672274232 0.88031739 0.948587894 0.0101825893
    0.379319608 0.0769852996 0.163240224 0.0165729821 0.363540411
    0.129954547 0.681622863 0.941828549 0.189005971 0.427130312
    0.380975544 0.10936591 0.749523222 0.424083024 0.424119443
    0.0910052061 0.428438425 0.31938529 0.498536229 0.551247418
    0.85660851 0.229169428 0.39652428 0.231477171 0.566703022
    0.152089089 0.954308093 0.678728998 0.304124594 0.795136511
    0.202393591 0.153413385 0.888169169 0.708591998 0.0278561413
    0.39000538 0.121724367 0.0515006185 0.803631961 0.548824608
    0.295156568 0.819320083 0.0634949207 0.639109969 0.132478714
    0.829453707 0.762218833 0.875284672 0.305855393 0.210624665
    0.958628774 0.733942032 0.929614007 0.210666209 0.112541169
    0.935563207 0.611524463 0.204975039 0.562078118 0.591783166
    0.36146763 0.00906088948 0.375050962 0.143063247 0.0755752921
    0.560775995 0.0459488332 0.617918789 0.368113101 0.466209233
    0.828009129 0.55517447 0.325136125 0.471745789 0.617255032
    0.788562417 0.188175857 0.0348878801 0.283194184 0.5121364
    0.617875218 0.551746964 0.362870216 0.668195128 0.905281603
    0.887048602 0.917233884 0.576317549 0.707199097 0.776769042
    0.730828404 0.272187144 0.20323658 0.189558297 0.869110942
    0.993579745 0.54591614 0.468554407 0.23180452 0.512641013
    0.911480904 0.837491512 0.539188623 0.391599208 0.0602278113
    0.253331363 0.91628325 0.274914831 0.833305478 0.234788746
    0.310510993 0.21472612 0.423277557 0.106451124 0.957579136
    0.158722878 0.868513465 0.330215991 0.761430264 0.697258413
    0.537846088 0.354104519 0.395450115 0.837571084 0.0496634245
    0.0544534922 0.331381977 0.073944509 0.788328588 0.309707344
    0.776933551 0.67384702 0.0117423534 0.141500115 0.860407591
    0.981995225 0.571095109 0.963988602 0.708466768 0.0623710454
    0.240133166 0.817947865 0.980381846 0.302138388 0.328395933
    0.805208802 0.475252777 0.178596348 0.64531374 0.738063574
    0.802007794 0.981272042 0.692145467 0.190354645 0.803811073
    0.557371616 0.8833341 0.114920408 0.900180995 0.318629414
    0.0431274176 0.999360442 0.587450922 0.0242394209 0.0364946723
    0.844916999 0.982937753 0.875509262 0.346660137 0.276325226
    0.626452446 0.112352103 0.570408642 0.0612769425 0.0701647699
    0.665487766 0.032469511 0.909350634 0.88553226 0.609246016
    0.453288436 0.0410578251 0.0931344032 0.486102998 0.324677229
    0.852537036 0.879973412 0.68700099 0.551759839 0.336534441
    0.581119478 0.489399791 0.894471526 0.332185864 0.279476643
    0.193499267 0.514157653 0.304498613 0.174346924 0.0367720723
    0.949647188 0.846298635 0.0783402026 0.987800598 0.405934453
    0.0324731469 0.913642049 0.00511613488 0.554571986 0.801405013
    0.0205835998 0.0932133794 0.694242954 0.426817 0.305125117
    0.995889962 0.923232019 0.361322105 0.226906776 0.493267626
    0.221294492 0.450448841 0.0947059393 0.781392455 0.0015155673
    0.837661028 0.996717334 0.0215530992 0.0948645473 0.969754696
    0.911806703 0.538761437 0.697842479 0.63660562 0.562394023
    0.835477948 0.549140573 0.517905891 0.348900765 0.164645106
    0.117327034 0.656122804 0.303753316 0.408258736 0.181041658
    0.970432997 0.88529253 0.25554657 0.227475345 0.296471 0.1789442
    0.0382831097 0.19958204 0.650963366 0.750197887 0.470763683
    0.881027281 0.889088392 0.303724498 0.463594228 0.0181846321
    0.704708934 0.612229109 0.956377745 0.770069003 0.442365319
    0.83970201 0.859580994 0.874050677 0.327506542 0.599164665
    0.0242122114 0.742305875 0.0801557004 0.385129064 0.969544888
    0.58750701 0.0225505233 0.332197428 0.648348749 0.0779615641
    0.0683300197 0.540869534 0.839241266 0.114117295 0.448415995
    0.905924559 0.25691998 0.530830145 0.869355083 0.815282702
    0.458644211 0.1175327 0.878195465 0.926127911 0.834316134
    0.529968381 0.648181498 0.914167523 0.062933892 0.78394413
    0.178898156 0.873432159 0.0284404457 0.669255257 0.207023203
    0.125407189 0.494029194 0.164529771 0.203684449 0.104352146
    0.215289116 0.461262196 0.569822907 0.0684943795 0.122308731
    0.804572225 0.436419189 0.19808355 0.275804877 0.0134873986
    0.0671351254 0.621127784 0.372124374 0.152395308 0.291045249
    0.815778613 0.635383725 0.0414870381 0.36459285 0.386211157
    0.753787994 0.105093569 0.0999166071 0.923227072 0.820137978
    0.15380612 0.865480185 0.715398312 0.963720977 0.767655611
    0.709755361 0.45340988 0.451277435 0.915036798 0.977776766
    0.207571298 0.79085964 0.523923278 0.998904347 0.319252491
    0.323957473 0.281392694 0.424888492 0.706662536 0.295008272
    0.295283735 0.26301223 0.286893189 0.154111266 0.173987418
    0.189040303 0.0916903615 0.843523324 0.354778528 0.697672844
    0.320218682 0.950612009 0.0388442278 0.872085929 0.971386671
    0.781962454 0.11789152 0.803233981 0.839370608 0.280308187
    0.479121178 0.174668819 0.608705878 0.998031378 0.947514713
    0.817890584 0.0826985836 0.0567077994 0.637165666 0.890510798
    0.130818069 0.945623279 0.458006024 0.773492098 0.730595708
    0.106417596 0.0383629799 0.920574248 0.332338512 0.873345673
    0.992608786 0.373962164 0.340507686 0.120479703 0.153204918
    0.445637584 0.901567698 0.682341158 0.126619548 0.240632802
    0.337363362 0.0278457701 0.704492152 0.508966148 0.352909237
    0.0495350957 0.491644233 0.88609159 0.452639282 0.823526502
    0.862105668 0.781044483 0.253491819 0.653700829 0.800022006
    0.39091906 0.740811765 0.238213956 0.631558418 0.0862418413
    0.212148577 0.563995719 0.518099427 0.0311319232 0.901322067
    0.265051544 0.761998534 0.57235986 0.531688452 0.174619168
    0.402740985 0.522621036 0.767541468 0.724158883 0.528486848
    0.498283684 0.591877341 0.79133594 0.4136886 0.759086967 0.312093198
    0.607617855 0.590500593 0.808031201 0.0815226138 0.711651862
    0.719474792 0.919209361 0.932618856 0.84092021 0.363801003
    0.366066217 0.550754547 0.70998311 0.0361536741 0.718952835
    0.140895844 0.629882693 0.980605125 0.651310802 0.707404554
    0.889567733 0.619431078 0.753832757 0.341810465 0.116711348
    0.800084472 0.360863507 0.549686313 0.427555293 0.395736724
    0.84972024 0.121921688 0.254767954 0.750335515 0.0460240841
    0.282544374 0.375856608 0.494568586 0.0782533884 0.375485659
    0.022793591 0.829365849 0.0205815732 0.762324214 0.672787368
    0.956023693 0.177761257 0.0704264343 0.521315932 0.85266149
    0.88946557 0.575353265 0.473554969 0.625412464 0.421931118
    0.839309096 0.168244123 0.747828603 0.975799203 0.375259697
    0.678310037 0.0574304163 0.750719726 0.340901315 0.0344215333
    0.351068377 0.978873789 0.287664652 0.8100155 0.287974954
    0.647441745 0.31915307 0.887874007 0.576770544 0.263155937
    0.141085058 0.210521549 0.714133978 0.40393132 0.205503821
    0.473421335 0.924449384 0.785754561 0.7675668 0.363516331
    0.523639739 0.150301576 0.0599204004 0.995392203 0.575658143
    0.166524202 0.545363903 0.514348924 0.755802333 0.130030841
    0.784383118 0.822920561 0.880971193 0.8110165 0.29453373 0.786043763
    0.230523348 0.161431015 0.427555442 0.367709666 0.396344334
    0.330286056 0.484996498 0.350501776 0.715282023 0.356097937
    0.889289021 0.324523777 0.298667669 0.143083185 0.82736975
    0.758734584 0.177518338 0.0995185673 0.336748421 0.411134541
    0.323666543 0.0226320624 0.131047696 0.336604834 0.324071109
    0.23462078 0.944103956 0.715737104 0.789985001 0.59952575
    0.643263817 0.75917995 0.736562192 0.0508308113 0.392617613
    0.831332207 0.377172709 0.722434819 0.391611934 0.224051923
    0.506390333 0.152544975 0.671454906 0.219596386 0.0878803432
    0.530408204 0.610390186 0.738169193 0.463576227 0.419843197
    0.324674815 0.0321598947 0.275066197 0.131493092 0.779221416
    0.878889203 0.291233957 0.132095873 0.0648490787 0.067660749
    0.750701308 0.778318286 0.187515229 0.149553359 0.488268822
    0.871584773 0.185259342 0.345485061 0.865094006 0.0597019196
    0.0023547411 0.62105006 0.645077229 0.912207365 0.505370915
    0.0347961485 0.86118716 0.0313298404 0.737417579 0.417724401
    0.701274812 0.878154159 0.566836953 0.42075482 0.873873234
    0.812935591 0.240378201 0.177253932 0.00925001502 0.121522039
    0.158270836 0.94849813 0.509774387 0.902223349 0.48867631
    0.503559113 0.084418118 0.573785484 0.666248679 0.501727998
    0.0992550552 0.110715896 0.693192244 0.420515776 0.22095114
    0.323369861 0.234410524 0.48862657 0.5936867 0.467993438 0.155301094
    0.130786389 0.600355446 0.638880789 0.18669197 0.0945458114
    0.878635883 0.550451815 0.772153735 0.760546207 0.742474556
    0.309608817 0.927319348 0.626330256 0.636640728 0.69109118
    0.948976517 0.913580716 0.473752052 0.782352686 0.828174829
    0.687406957 0.335302025 0.0190632641 0.980017662 0.299712956
    0.514882386 0.489185721 0.133712947 0.0231363475 0.264908075
    0.590806842 0.93988961 0.937353373 0.499518842 0.860474646
    0.974271774 0.386575222 0.352743924 0.442742705 0.507915854
    0.08092466 0.265907526 0.245991081 0.930884004 0.126066387
    0.31121546 0.188329935 0.146977007 0.0416163802 0.193085223
    0.75118053 0.102789164 0.1356242 0.0135039389 0.943069935
    0.377463579 0.324720472 0.171275228 0.827302158 0.94281131
    0.176070035 0.545254886 0.897052765 0.226911962 0.404328585
    0.927951694 0.860759974 0.310642123 0.795596957 0.136102796
    0.889305115 0.905969501 0.163951337 0.720088065 0.361656368
    0.387253106 0.769292593 0.253071934 0.84336257 0.512038827
    0.621106684 0.121782184 0.030465126 0.377217561 0.540434599
    0.912430465 0.886457622 0.282316804 0.501300097 0.0793814361
    0.124969035 0.0155026019 0.774544597 0.0524040163 0.200787067
    0.949167252 0.381007642 0.160844505 0.777889907 0.658676982
    0.463068664 0.713258386 0.329206347 0.433026254 0.888986766
    0.735776961 0.653509438 0.0244556069 0.678572476 0.890965044
    0.712172747 0.865955472 0.172328025 0.73809886 0.255256921
    0.36521697 0.507370532 0.881894231 0.883909762 0.616014183
    0.908113718 0.573099911 0.722655654 0.809262872 0.508052588
    0.804863691 0.170132279 0.0706636608 0.313458383 0.29616648
    0.461866468 0.444774628 0.467030376 0.787899613 0.889259696
    0.378519177 0.173458129 0.126791388 0.83453995 0.448248982
    0.75485003 0.625142813 0.169118643 0.429826438 0.0671488941
    0.614614606 0.922847211 0.422980636 0.894747496 0.225197345
    0.977329731 0.263120472 0.323687077 0.147392631 0.663073659
    0.605676532 0.710317373 0.602171898 0.413108557 0.825558543
    0.259787738 0.774798393 0.954630971 0.739043713 0.747636557
    0.926473498 0.562899232 0.392969698 0.597318172 0.138434231
    0.0674423873 0.810777247 0.982700169 0.64674592 0.905371308
    0.0877639055 0.226569414 0.359925926 0.442637563 0.164346963
    0.538106143 0.380060881 0.138059616 0.236260623 0.29684931
    0.557158232 0.751294851 0.961807489 0.579514086 0.618386686
    0.435094446 0.387500405 0.727548778 0.444132239 0.25366044
    0.439382672 0.606377065 0.11204654 0.74984026 0.434158355
    0.607102215 0.197789311 0.0176047087 0.344820023 0.687380791
    0.76965332 0.412759632 0.0219680667 0.384647906 0.425525725
    0.434673131 0.00611209869 0.779736102 0.431175947 0.623416305
    0.728460789 0.517417908 0.896407962 0.886613965 0.188847661
    0.188371718 0.962789655 0.579070866 0.0930286348 0.329983085
    0.161248982 0.945428133 0.947983861 0.636621892 0.366826415
    0.0422650874 0.669835925 0.363737226 0.536062121 0.514202654
    0.91221571 0.740994751 0.682330012 0.333666384 0.845650077
    0.292043954 0.534542501 0.972054601 0.180464178 0.897933125
    0.789878011 0.0796885788 0.526513815 0.441760302 0.893633485
    0.42041713 0.687665641 0.0575816929 0.454409063 0.605937123
    0.614260435 0.751983523 0.941150546 0.873880506 0.888771653
    0.89274013 0.501718283 0.290385455 0.744924188 0.951532364
    0.291672826 0.984126449 0.69092387 0.35031563 0.827028632
    0.00665065646 0.516012907 0.894456208 0.240995586 0.826078594
    0.47850287 0.416725457 0.350709021 0.236431569 0.845413804
    0.0221072137 0.0506410003 0.656025469 0.536115587 0.842735648
    0.0481753349 0.808786154 0.413954824 0.822717786 0.136043698
    0.717440844 0.0575483441 0.947636187 0.919153214 0.641454637
    0.90659523 0.49385646 0.514283299 0.818238318 0.0392130613
    0.953534305 0.765252829 0.306375444 0.699517012 0.382246196
    0.0570993721 0.96214366 0.549096107 0.473857045 0.947779298
    0.519550741 0.733630061 0.809313416 0.697681963 0.944705367
    0.650298119 0.952393889 0.446822345 0.259901822 0.473514944
    0.144962966 0.747694135 0.540119648 0.410903662 0.149161875
    0.496040255 0.955832183 0.876904964 0.514147401 0.924245 0.731927574
    0.923005104 0.930828094 0.100486428 0.64506793 0.0562495291
    0.320976436 0.49794808 0.00862663984 0.339822918 0.672029078
    0.667351365 0.197354317 0.78377676 0.427511483 0.845067739
    0.369369149 0.859607756 0.560972154 0.765698433 0.570193291
    0.826218128 0.651601255 0.680447459 0.712703168 0.584935069
    0.646140397 0.166040748 0.713122487 0.592698812 0.00344860554
    0.427175552 0.677629173 0.924885988 0.452568024 0.243085414
    0.31590414 0.801336944 0.811624527 0.246214747 0.174419433
    0.554420233 0.530383408 0.360628277 0.207337588 0.546643019
    0.584466279 0.318319499 0.890992761 0.19631052 0.760781527
    0.811978221 0.22287932 0.11530596 0.771319091 0.126236618
    0.800790668 0.840321958 0.664197326 0.399657071 0.616267502
    0.760299563 0.148698211 0.442610711 0.687359333 0.639185548
    0.400391251 0.526081681 0.857673168 0.109039456 0.320979953
    0.610738635 0.943534672 0.291606843 0.878341258 0.767628491
    0.237911075 0.512825251 0.841729462 0.35890609 0.275267601
    0.955446839 0.868432403 0.698512316 0.446715504 0.486638039
    0.96175462 0.300919265 0.346116483 0.40308392 0.648826957
    0.740574896 0.781392574 0.516044259 0.823379934 0.667298973
    0.700024426 0.984989703 0.936319232 0.894575536 0.566363454
    0.736708522 0.127053797 0.0665851235 0.227639288 0.604265332
    0.599881887 0.416980743 0.204748213 0.325374365 0.476538301
    0.204609931 0.332615316 0.543721616 0.750223994 0.361499339
    0.0709103048 0.209511459 0.395877838 0.569155991 0.48921892
    0.767862797 0.135796666 0.283767968 0.119966239 0.166435838
    0.694662869 0.240873545 0.599933922 0.317916453 0.328665674
    0.840640247 0.659819067 0.307302356 0.707093 0.93047452 0.0412269533
    0.953264713 0.394366205 0.356212497 0.353705168 0.990827143
    0.949605286 0.337102741 0.363458455 0.772637546 0.5724262
    0.487054825 0.946576834 0.530790448 0.906432688 0.80574286
    0.733706236 0.890714765 0.436445266 0.215113819 0.121515542
    0.915385127 0.323637724 0.823558509 0.304529816 0.882930636
    0.379480958 0.462492675 0.16550073 0.718567371 0.607994318
    0.342156589 0.938458979 0.953712463 0.241982728 0.684703708
    0.742483437 0.217380017 0.0582751334 0.0874476135 0.642122328
    0.197537363 0.0330316722 0.500214934 0.1832259 0.757572532
    0.885070622 0.940626681 0.680422902 0.43130064 0.454798549
    0.910703897 0.644343019 0.800772309 0.62883848 0.311617732
    0.609043717 0.00935530663 0.661195755 0.918287039 0.713410378
    0.560986459 0.139968634 0.218371034 0.763168573 0.346357316
    0.452618271 0.354500562 0.73397696 0.563425303 0.38336581
    0.874912024 0.674639046 0.313830495 0.197134376 0.475140631
    0.051299572 0.974794924 0.348171055 0.698911965 0.861629963
    0.766563177 0.776809931 0.162212521 0.581894577 0.174668998
    0.116735548 0.497395843 0.780842006 0.332182318 0.829801142
    0.851546347 0.659119964 0.611468434 0.404889405 0.288534522
    0.4974612 0.96042347 0.973664403 0.242152959 0.0152488351
    0.710704207 0.50132972 0.765776038 0.162561119 0.931769609
    0.169726253 0.539647639 0.216789484 0.382936597 0.233251899
    0.324505031 0.609706402 0.320496589 0.871225715 0.0249567926
    0.967569947 0.795804143 0.904244781 0.680144489 0.683145225
    0.524183035 0.711960673 0.533814549 0.375796378 0.865186334
    0.416540504 0.924951434 0.609386384 0.0245004296 0.19878152
    0.815038681 0.108971238 0.955650508 0.285477519 0.837756336
    0.52820307 0.729578733 0.112828344 0.157226264 0.573522985
    0.917848349 0.376304954 0.291025668 0.966553569 0.740515232
    0.991992772 0.97194463 0.66909647 0.507668197 0.231247783
    0.402039737 0.960017622 0.938250184 0.46387592 0.724384665
    0.101063371 0.0779162645 0.326893061 0.143049121 0.983773112
    0.436390966 0.342217922 0.920956016 0.383382678 0.809964299
    0.717075586 0.389163733 0.121421903 0.731365442 0.317839861
    0.37458396 0.274549246 0.105471581 0.0966320634 0.680212498
    0.446202815 0.299096167 0.99035126 0.200296909 0.526521981
    0.573448479 0.83165431 0.158194065 0.662031412 0.149797767
    0.465226471 0.710610926 0.128406018 0.876432955 0.954994559
    0.381979376 0.416684628 0.861021876 0.523208678 0.132651448
    0.12417236 0.668694437 0.0409748256 0.604285955 0.331782937
    0.550565302 0.983208835 0.455862939 0.203663856 0.445670813
    0.598594368 0.47977668 0.942890882 0.240952283 0.200018197
    0.999662995 0.732477188 0.190479338 0.55796206 0.669694245 0.9690274
    0.461302102 0.649637282 0.23014307 0.582016349 0.550394535
    0.38406235 0.707689047 0.146755695 0.429602981 0.229354709
    0.179297984 0.783889949 0.217488527 0.0759159923 0.368896633
    0.861317515 0.229431689 0.923507392 0.0987760723 0.76621455
    0.52373302 0.313118637 0.843453884 0.653470397 0.432143599
    0.364928603 0.43363139 0.70476687 0.0249076188 0.925063372
    0.775494277 0.721518636 0.208001167 0.72428751 0.651186526
    0.807482481 0.594864726 0.566882849 0.470760912 0.310763776
    0.29194808 0.350257486 0.111466497 0.419608772 0.33659628
    0.708519757 0.334533989 0.827237487 0.961206198 0.598939657
    0.169565439 0.390677512 0.559575677 0.174884319 0.689831793
    0.399627984 0.507074237 0.556168914 0.0268962383 0.142262399
    0.978871703 0.386053979 0.232136577 0.627925873 0.496864676
    0.683662653 0.928299367 0.986775756 0.909698427 0.0381554365
    0.507418871 0.975349128 0.779190779 0.338725597 0.466073245
    0.220556289 0.473178536 0.654662728 0.710585952 0.749992847
    0.795108676 0.274449974 0.492587477 0.695047259 0.121316314
    0.33522287 0.559204102 0.675552428 0.69785738 0.12540549 0.246368766
    0.379443526 0.772580147 0.0534963608 0.082708478 0.356652558
    0.513294637 0.0270125866 0.607945025 0.116220027 0.959575295
    0.607255459 0.841414273 0.0844649673 0.459015071 0.885814428
    0.121142447 0.65220654 0.367928445 0.932745337 0.239547133
    0.118421257 0.503655612 0.747893929 0.587251544 0.296842605
    0.192039728 0.824538946 0.876920164 0.188978702 0.691907048
    0.700697243 0.00399342179 0.978411913 0.0166192949 0.694499135
    0.195293456 0.0171399713 0.765810728 0.501639009 0.63937974
    0.972497702 0.433022618 0.318713963 0.909944415 0.530568421
    0.879528403 0.180064261 0.806851923 0.425583571 0.751702785
    0.478898972 0.198416591 0.566816568 0.139265269 0.605219364
    0.741173744 0.908053994 0.687812865 0.782942891 0.5805372
    0.823773861 0.999646306 0.674842536 0.149814725 0.769848526
    0.190745264 0.70905304 0.756994367 0.137602955 0.424917281
    0.0985245109 0.993418276 0.645806909 0.207693487 0.969610691
    0.317753255 0.775700808 0.751364529 0.625940979 0.115050077
    0.528501511 0.154224157 0.643294573 0.607668996 0.115806609
    0.448127627 0.539158881 0.488095403 0.146906495 0.264882982
    0.623891234 0.118177056 0.771257222 0.417893827 0.794136167
    0.337282628 0.364021957 0.962605 0.338777304 0.352396369 0.248441011
    0.262448072 0.687407911 0.747718692 0.53095448 0.701843441
    0.505397379 0.581036091 0.434162498 0.956118703 0.870273232
    0.181173712 0.985923171 0.874399185 0.925718248 0.340523362
    0.504423678 0.598192871 0.639415443 0.0793423653 0.256674469
    0.299333215 0.805393577 0.512332618 0.751945794 0.25710845
    0.401936948 0.292491138 0.669008672 0.185237408 0.817768574
    0.253877103 0.44874081 0.877519131 0.644140124 0.950902581
    0.338989437 0.746148407 0.918454528 0.624307454 0.597074211
    0.4304474 0.576440334 0.271769166 0.270124525 0.752954006
    0.322806865 0.966644406 0.573540807 0.620183468 0.997817993
    0.630392551 0.276028514 0.626231194 0.091942668 0.258833289
    0.588366568 0.105811745 0.332409739 0.064042896 0.673947215
    0.211277455 0.297142684 0.244575083 0.0669053793 0.935064435
    0.731380582 0.359894514 0.138177395 0.726380408 0.649812698
    0.975962102 0.711371541 0.79717654 0.3671422 0.916884422 0.694678128
    0.296237826 0.153452933 0.446763396 0.361581147 0.282012463
    0.510717213 0.598730326 0.63260901 0.936960876 0.841969073
    0.99141556 0.354682237 0.623951972 0.151323915 0.228988469
    0.591579795 0.451247036 0.0416992903 0.39117372 0.110318482
    0.0997738242 0.215224236 0.786735058 0.725267053 0.382023603
    0.00831496716 0.590553641 0.530724227 0.352945745 0.730679512
    0.498746067 0.946865618 0.0683931708 0.296295464 0.830725431
    0.0312767625 0.00501200557 0.770325661 0.0655126274 0.330545723
    0.85521841 0.798092902 0.338800251 0.578004599 0.902334571
    0.680562496 0.0730193257 0.589334965 0.55086267 0.865912735
    0.269826949 0.735349119 0.287739158 0.839146376 0.838970721
    0.162362248 0.383585632 0.291051656 0.899096251 0.566238761
    0.295925528 0.1885432 0.576190829 0.745834529 0.141593307 0.61111778
    0.393765092 0.749317527 0.640426338 0.548222423 0.460785449
    0.274273872 0.287740916 0.0900566578 0.637545347 0.770804465
    0.720534921 0.0615311861 0.981051683 0.820127189 0.910859585
    0.255584121 0.576507509 0.457161665 0.299181104 0.20278424
    0.595888495 0.4470478 0.239050239 0.911922812 0.503112137
    0.946133018 0.696750998 0.493152857 0.277609527 0.671788216
    0.611394584 0.601666868 0.845495582 0.882990956 0.995765865
    0.273554742 0.41964978 0.540493488 0.466153085 0.418180496
    0.0521961451 0.818087697 0.741287947 0.315615177 0.200407952
    0.253122628 0.335974485 0.713097215 0.529382825 0.272093177
    0.931207299 0.73475194 0.932672739 0.344856292 0.695266128
    0.848380387 0.833456874 0.491515696 0.0798407495 0.433230996
    0.351928174 0.611665547 0.631791949 0.199244708 0.390717745
    0.56962651 0.0791536272 0.513938427 0.412369609 0.178560197
    0.864161253 0.524731934 0.931550145 0.174558342 0.0187774003
    0.766301632 0.528119743 0.0226848423 0.190498531 0.538565576
    0.581773996 0.299664289 0.745260715 0.66094923 0.109801024
    0.566218615 0.0836518407 0.787828207 0.0650990903 0.856603622
    0.396241516 0.717426777 0.603885174 0.608100653 0.749566495
    0.699870765 0.283585668 0.092620939 0.274731308 0.537763953
    0.867196202 0.995426893 0.614656031 0.242244422 0.525416553
    0.531755388 0.492970198 0.513220608 0.602215707 0.760059953
    0.975087523 0.166189224 0.179472387 0.700628638 0.14836368
    0.55112803 0.0521567464 0.0984298289 0.915777445 0.765928864
    0.305131614 0.465755701 0.435915917 0.488872796 0.858520329
    0.402804792 0.15741536 0.167490244 0.225555062 0.33186242
    0.274345279 0.184476495 0.662140429 0.497673661 0.364859343
    0.869719028 0.867379069 0.0608818829 0.473353088 0.732766092
    0.49093917 0.297044814 0.430266798 0.980547965 0.636508942
    0.641235411 0.699182272 0.975778937 0.684149146 0.316165239
    0.743470669 0.969335794 0.674561262 0.156443685 0.52195251
    0.507858634 0.18575874 0.733347118 0.0462930799 0.25237298
    0.270846725 0.901618958 0.790232062 0.893722892 0.102548599
    0.212083846 0.46750021 0.853491426 0.340085715 0.575281143
    0.0932013392 0.70179981 0.62208581 0.346511006 0.160225093
    0.209670484 0.850275278 0.00566762686 0.0643973351 0.951342762
    0.214339852 0.530232608 0.773982346 0.407372594 0.341249287
    0.459523201 0.0586753488 0.806573391 0.766674757 0.482179672
    0.242197931 0.113664389 0.83612591 0.195655197 0.626755238
    0.712599993 0.899725199 0.399796456 0.111138612 0.0905686021
    0.873468161 0.191353887 0.922815323 0.361515969 0.501757383
    0.627397358 0.883695602 0.541548312 0.205859452 0.123598278
    0.811322689 0.144749492 0.640143752 0.214892596 0.51424247
    0.969938874 0.416494429 0.869487405 0.785785437 0.670145988
    0.154054999 0.774927735 0.854720056 0.701067805 0.128942192
    0.713127255 0.278947383 0.471418619 0.13569504 0.254460573
    0.411307216 0.887232602 0.096909076 0.12114647 0.871068358
    0.117571801 0.919635415 0.655203938 0.758673489 0.821799576
    0.0249711871 0.594440877 0.934400737 0.251823127 0.461439669
    0.123585969 0.626577616 0.693072677 0.346324861 0.320142955
    0.424141884 0.276051581 0.249348313 0.381288409 0.281656504
    0.952765286 0.797428548 0.201809853 0.206784934 0.0226790905
    0.409642339 0.956235051 0.232622951 0.940192103 0.393860042
    0.318769574 0.733983755 0.240267187 0.904825091 0.0676471591
    0.990177035 0.196257949 0.194833398 0.454953343 0.439617395
    0.657951474 0.678396821 0.995138347 0.379585207 0.358507395
    0.477036357 0.89139396 0.251125574 0.937739491 0.568310499
    0.646710217 0.828101397 0.56912291 0.638343453 0.727093577
    0.393138289 0.379064322 0.0155038834 0.37473473 0.389646947
    0.666663408 0.977491319 0.551933348 0.395616561 0.647973835
    0.159132779 0.468099505 0.558923542 0.962432444 0.164305925
    0.23303026 0.848338187 0.807689786 0.743471026 0.329288661
    0.250696987 0.203797936 0.506634414 0.104855746 0.97633028
    0.788871706 0.178185582 0.700942278 0.439459771 0.37970674
    0.0495758653 0.758295894 0.355558693 0.426247954 0.151982963
    0.896230757 0.400677502 0.65726608 0.344288826 0.743729174
    0.770501137 0.366150618 0.27855432 0.847086787 0.445468336
    0.0472291708 0.276762694 0.45104152 0.449402153 0.76329124
    0.989998579 0.478998214 0.0248754323 0.152199477 0.991282463
    0.63116169 0.0633497536 0.41475445 0.755433977 0.258720577
    0.649384499 0.75599885 0.951000452 0.979857683 0.293913782
    0.763268471 0.857774138 0.841086149 0.0231353343 0.679674387
    0.209276766 0.951472044 0.56008184 0.382740378 0.359751433
    0.66797173 0.331750333 0.01965639 0.892924011 0.189803421
    0.359094203 0.990837216 0.347164154 0.194984555 0.0725741684
    0.91105473 0.792980671 0.864762843 0.285646617 0.873134971
    0.510358095 0.529052794 0.93738544 0.49028489 0.839249849
    0.238326252 0.609115958 0.488408566 0.827073693 0.000144571066
    0.624608934 0.0944955945 0.60525918 0.583069682 0.984125137
    0.763774753 0.592150331 0.195988566 0.727932632 0.652705252
    0.998202443 0.954887867 0.438585877 0.093873471 0.563510418
    0.12922287 0.7029351 0.00212219357 0.730839849 0.185622633
    0.269087017 0.762519836 0.370901704 0.592125952 0.97321558
    0.838897645 0.00189584494 0.400461465 0.647974372 0.363996327
    0.733187139 0.61645335 0.14629668 0.203510642 0.557118058
    0.261563659 0.572678864 0.286081344 0.950290799 0.786380529
    0.77525121 0.0343446434 0.818103909 0.772371173 0.378532857
    0.249510437 0.360518396 0.595678449 0.496349961 0.792149425
    0.179390341 0.903356135 0.389878601 0.558546722 0.136311382
    0.0312135518 0.777510762 0.94174099 0.760938764 0.0222349167
    0.0680199564 0.4464643 0.555420578 0.169311672 0.805603743
    0.956166625 0.912518263 0.349500775 0.0330844522 0.357351542
    0.948918343 0.80035907 0.61207068 0.46222505 0.462384313 0.888598859
    0.686908245 0.590960383 0.845056891 0.985250235 0.785565078
    0.81013453 0.697499514 0.843667865 0.444182783 0.880364656
    0.364041686 0.171268374 0.452094913 0.511931837 0.911236763
    0.407939196 0.206487775 0.395666778 0.738476574 0.0633173883
    0.402433634 0.519886255 0.550530076 0.25503999 0.296931267
    0.726698101 0.629077077 0.91727376 0.819127321 0.552257717
    0.374495625 0.158967704 0.765780568 0.197641462 0.443604648
    0.0651100278 0.172298491 0.696535766 0.368006438 0.815416396
    0.439929634 0.936703444 0.945112109 0.65549463 0.0210236013
    0.740631163 0.334980249 0.221848369 0.590729833 0.995188951
    0.116845161 0.790014863 0.830602527 0.800529957 0.135842204
    0.698287368 0.762363911 0.412567616 0.0520051122 0.419089317
    0.0968240201 0.970831752 0.983363569 0.374017417 0.800780416
    0.347141564 0.958424985 0.213429302 0.819473684 0.789027452
    0.896056652 0.27913183 0.922273874 0.539572954 0.941791117
    0.67647016 0.264832824 0.291311026 0.904506922 0.432118684
    0.654577494 0.959061384 0.557847261 0.0709234774 0.515622914
    0.360010266 0.748850584 0.961237133 0.365018189 0.674343228
    0.892693698 0.564935565 0.112317741 0.64602834 0.32819128
    0.409656852 0.149960577 0.158447623 0.797699869 0.408221155
    0.907156825 0.294528991 0.801669359 0.685128629 0.583491802
    0.813929319 0.0880161524 0.792137265 0.423422903 0.028463155
    0.783680797 0.350533277 0.348002851 0.0481765866 0.802620292
    0.280956924 0.830177426 0.0800984204 0.521967113 0.434827566
    0.369551718 0.26881066 0.223949194 0.942976534 0.254782408
    0.532168746 0.00557494164 0.761152148 0.692279279 0.155548871
    0.277395427 0.338374346 0.965206981 0.563927233 0.628448009
    0.412816644 0.657955527 0.522499502 0.538838565 0.388707936
    0.817569733 0.77613306 0.168752044 0.9847278 0.20265156 0.670064628
    0.605797768 0.952589393 0.881737173 0.694863558 0.496632129
    0.626281559 0.745377421 0.761255741 0.653589964 0.627376795
    0.242487788 0.207336694 0.262428164 0.492579907 0.542390227
    0.395477563 0.496483773 0.592959166 0.364816636 0.434033126
    0.501564682 0.495026499 0.152762085 0.803119004 0.909426928
    0.291316777 0.513640702 0.801019073 0.738735914 0.935680568
    0.905016422 0.825152397 0.555891991 0.0838004351 0.147843271
    0.568261445 0.619325936 0.213522166 0.863501012 0.22809431
    0.988372028 0.0700903833 0.643690646 0.97820735 0.800142169
    0.636951566 0.0919266343 0.269816816 0.98280561 0.347999752
    0.483015776 0.904220581 0.544380605 0.823689699 0.617581844
    0.687312365 0.0272520185 0.012165755 0.10248217 0.585855961
    0.737497449 0.413001895 0.593818307 0.166989774 0.875906467
    0.136667013 0.521911502 0.656614244 0.31749171 0.406218201
    0.803076625 0.744683206 0.926909864 0.515583694 0.115261108
    0.0971516669 0.0944818854 0.752959728 0.83104372 0.0506961048
    0.95758003 0.515902817 0.975408792 0.7611202 0.582035601 0.347195506
    0.522631645 0.664227366 0.401969045 0.326719195 0.163319588
    0.885526776 0.406306595 0.369710207 0.320598304 0.11580649
    0.401327372 0.656549037 0.351676822 0.952627182 0.560301661
    0.820849657 0.0234703422 0.930086613 0.483333141 0.295564473
    0.635409772 0.866202593 0.427152723 0.682890177 0.870722055
    0.473130763 0.434747279 0.284832984 0.00907552242 0.724362731
    0.270198584 0.23335287 0.143854082 0.493970007 0.4318178
    0.0437756181 0.723615468 0.626145184 0.715866148 0.18034178
    0.313835889 0.0648218095 0.813211203 0.655071437 0.596364975
    0.998811364 0.186318785 0.0993707776 0.772162318 0.402199447
    0.75902617 0.593808115 0.529486716 0.036703974 0.616670251
    0.448150396 0.760698199 0.785989106 0.570922792 0.194230288
    0.306291044 0.140806973 0.352205187 0.861533284 0.909288049
    0.699600458 0.00552633405 0.093847692 0.600175321 0.340852916
    0.287445426 0.045340389 0.620341897 0.647224545 0.549987257
    0.712640345 0.757339776 0.560289979 0.0416727364 0.0388238132
    0.276151538 0.896579623 0.298043132 0.142233968 0.984160304
    0.458844215 0.150042951 0.306695998 0.416946232 0.406419277
    0.619499683 0.550508738 0.772295833 0.686111629 0.236470848
    0.433180541 0.846981287 0.727630436 0.531793654 0.953608871
    0.208041072 0.236349493 0.663511634 0.972099662 0.554779887
    0.0204984248 0.965326667 0.114006639 0.163940877 0.527719319
    0.333234012 0.600915313 0.952038407 0.320858955 0.699947357
    0.252889454 0.825697422 0.330826581 0.0647209287 0.150622785
    0.623615205 0.0459507108 0.326329678 0.840759754 0.77306807
    0.456996918 0.775216401 0.963557124 0.9805848 0.0537233353
    0.771116853 0.33587718 0.881170094 0.869707227 0.943920135
    0.0160288513 0.522863507 0.949699044 0.79121685 0.565434337
    0.999882221 0.995215178 0.403233767 0.0895970166 0.857983828
    0.930311263 0.846132159 0.920207083 0.718308449 0.533229113
    0.893170238 0.485376865 0.774116635 0.0994040966 0.0245455801
    0.384800315 0.491354555 0.124949247 0.603159726 0.860820055
    0.100973964 0.590791285 0.0651753843 0.569607437 0.197437525
    0.861000896 0.78758806 0.796543598 0.363506019 0.955670893
    0.636493981 0.680244684 0.255110085 0.305333555 0.795465708
    0.605998516 0.432345957 0.937086582 0.0909099877 0.860794961
    0.87468195 0.927531242 0.255193055 0.268470883 0.336780429
    0.0503056645 0.997531056 0.530756354 0.996031642 0.0960505605
    0.334380984 0.269977391 0.538241744 0.934536636 0.0401445031
    0.478629738 0.561298788 0.967976332 0.821009874 0.0711291134
    0.280494571 0.0857217312 0.66579318 0.498849869 0.26968953
    0.133811772 0.490734994 0.998990953 0.483715445 0.166856587
    0.557074308 0.425412327 0.41363436 0.0218240917 0.840790629
    0.648311377 0.684897304 0.0223231912 0.364125401 0.34465158
    0.715732574 0.0246434212 0.214704871 0.0552574992 0.526330292
    0.222071499 0.170000792 0.35019812 0.0758378804 0.435238361
    0.0979164243 0.541882217 0.585458398 0.0617581606 0.365047663
    0.513300359 0.443840176 0.146295071 0.622000098 0.510292649
    0.0525445044 0.669905961 0.125840336 0.410650522 0.0782884359
    0.308452427 0.983822763 0.855061352 0.0517309904 0.810783625
    0.732405424 0.771144986 0.926787853 0.994035006 0.841532052
    0.635428727 0.70671773 0.0902097821 0.535336614 0.91945684
    0.51305896 0.57302022 0.139642745 0.875182629 0.593122303
    0.0634463131 0.437346637 0.453601182 0.630991101 0.558752298
    0.144999713 0.0239022076 0.509133101 0.23310402 0.35227412
    0.942117393 0.399235547 0.0643773377 0.233246863 0.79081291
    0.638507426 0.163897693 0.223915339 0.412931591 0.894985199
    0.238095105 0.813830316 0.393720984 0.595749557 0.831091166
    0.717918992 0.14105323 0.187530965 0.234411806 0.102363646
    0.497458696 0.0763182044 0.811143041 0.0308483839 0.721008182
    0.780988455 0.522084236 0.62663275 0.171323419 0.156605035
    0.178798527 0.846295953 0.187275797 0.768688023 0.357045054
    0.898797512 0.33331883 0.694963753 0.675297737 0.448088437
    0.79624927 0.906722546 0.167448968 0.577248275 0.575264394
    0.261661798 0.755709291 0.494106948 0.353799462 0.898171306
    0.631674826 0.116348177 0.635423779 0.487239897 0.0922961533
    0.695381165 0.96491003 0.00773507357 0.844347119 0.995640397
    0.14742282 0.635077477 0.961467266 0.556953609 0.642486036
    0.869436145 0.30692482 0.519273221 0.65446496 0.837277889
    0.418847412 0.408471048 0.564367831 0.11060065 0.823977113
    0.116466403 0.0964313149 0.0305612683 0.498518109 0.545018137
    0.0289776325 0.498871237 0.20655939 0.646097779 0.489695251
    0.48671332 0.546140492 0.507220268 0.54105562 0.951763034 0.93018496
    0.476131111 0.551659644 0.816585958 0.728323221 0.930315852
    0.0874726772 0.0598853827 0.317137867 0.889059901 0.284613192
    0.95207566 0.827804804 0.0534710288 0.723121166 0.129770547
    0.704734564 0.103729934 0.376215577 0.913750708 0.994847536
    0.480612904 0.587545335 0.152094364 0.766427636 0.489309907
    0.595698416 0.569572806 0.457061917 0.439685166 0.0354287326
    0.415681213 0.552273631 0.246542543 0.868696213 0.451071322
    0.0372050405 0.425453871 0.640915692 0.161786795 0.385886699
    0.325146019 0.107848823 0.499032468 0.539668083 0.285601348
    0.773790479 0.586008728 0.421960533 0.448391318 0.391158044
    0.019859463 0.663119256 0.0216034949 0.424863368 0.755468607
    0.554974794 0.112602115 0.232875675 0.300941795 0.172753811
    0.379562408 0.942307949 0.718617678 0.0982745588 0.0975451171
    0.731706619 0.854718447 0.46101743 0.399427205 0.257475495
    0.353894204 0.599525094 0.561296999 0.50898689 0.68073529 0.52999866
    0.554451644 0.241212845 0.0770375729 0.330284983 0.476207495
    0.245407611 0.754428685 0.837728739 0.495271206 0.990651965
    0.132958561 0.454900205 0.881383479 0.0771261752 0.59256041
    0.720525742 0.608109593 0.185116589 0.864115119 0.304130316
    0.500051677 0.50104624 0.0740825534 0.465854377 0.789442301
    0.516977787 0.758932471 0.47010383 0.718153834 0.232765317
    0.0525488853 0.114555448 0.464923978 0.86992085 0.924191594
    0.912703454 0.2294406 0.172644258 0.122785926 0.837250948
    0.750240326 0.427999318 0.97199893 0.688302994 0.872976661
    0.873029232 0.743186414 0.651637852 0.56881386 0.514342964
    0.413057506 0.363907874 0.634319663 0.724173427 0.0302297771
    0.86919868 0.919909954 0.251562536 0.0382711887 0.0834544301
    0.543334723 0.0947969556 0.87406832 0.8163867 0.992735147
    0.756731629 0.368354678 0.840250611 0.041405499 0.53616631
    0.109968245 0.676320195 0.781590343 0.426297367 0.828962266
    0.877972364 0.893194199 0.109939605 0.382796347 0.0299598277
    0.619792402 0.325520158 0.702457786 0.337616295 0.609314919
    0.275104761 0.467624247 0.334623754 0.731649637 0.407224178
    0.792779922 0.504564941 0.982322693 0.357068539 0.784118354
    0.850715995 0.442016482 0.295702666 0.848487318 0.52750355
    0.81982255 0.783038616 0.0572935045 0.376214683 0.824206591
    0.38328281 0.338548601 0.546662271 0.139678538 0.564684391
    0.971439421 0.58464998 0.0277830064 0.308444858 0.00515922904
    0.683932304 0.34514156 0.916053295 0.978179336 0.384423584
    0.641568422 0.427996963 0.358766824 0.829585314 0.876452088
    0.748733878 0.0754749775 0.461233467 0.300628603 0.719298601
    0.175058275 0.327061951 0.794970393 0.635455966 6.80983067e-05
    0.579925597 0.238634884 0.242844313 0.756337404 0.678430617
    0.845954239 0.639034808 0.116290361 0.799522281 0.104499668
    0.705555201 0.160957098 0.514226735 0.399179518 0.809927821
    0.930952191 0.236502647 0.555876553 0.810588658 0.155361444
    0.374346852 0.690193772 0.27240175 0.362017423 0.0624688566
    0.343720317 0.720085025 0.754710674 0.841596842 0.398536086
    0.141593993 0.0296095908 0.579576492 0.803400397 0.997155428
    0.187659293 0.914482951 0.734533727 0.316213906 0.77941972
    0.110280246 0.788423002 0.306943268 0.621544123 0.243151158
    0.617655754 0.216413438 0.621678829 0.533945918 0.620592475
    0.0503079891 0.263120711 0.902354002 0.424872577 0.3187567
    0.463749081 0.0984841585 0.644106567 0.18954283 0.286071658
    0.826807141 0.419670939 0.0689388812 0.673103511 0.457909703
    0.0162061453 0.79480505 0.173006207 0.129051924 0.103032976
    0.875924766 0.91034615 0.231205195 0.698414087 0.561818063
    0.648680925 0.686961949 0.630075574 0.848650217 0.498896807
    0.162707061 0.63157177 0.570053637 0.314119458 0.21004343
    0.0201846063 0.595870972 0.444502771 0.5762254 0.026878953
    0.20686084 0.66449821 0.300903976 0.154179484 0.025031805
    0.0324982405 0.332390845 0.502843082 0.846747577 0.241610318
    0.272604316 0.958921731 0.409727752 0.773558378 0.106675416
    0.581166089 0.0127127767 0.186948776 0.899660349 0.982388377
    0.211870551 0.902931094 0.263165504 0.590306282 0.12907055
    0.884248018 0.434508234 0.542652488 0.860245526 0.0711952746
    0.19033733 0.725996435 0.507402062 0.819095612 0.4855147 0.804912567
    0.490516245 0.879645348 0.553167045 0.230994642 0.353729784
    0.496317118 0.0659578443 0.610695243 0.110048383 0.95763278
    0.731464267 0.416167319 0.84141016 0.602441311 0.443469048
    0.276816726 0.138437808 0.795309186 0.746987522 0.508398473
    0.746838927 0.256494761 0.449261636 0.937444448 0.630003572
    0.804387212 0.206168085 0.204447269 0.50989747 0.786451817
    0.756946683 0.767294943 0.0981750786 0.679412425 0.573025286
    0.956375718 0.645926476 0.90162456 0.455763847 0.148183197
    0.231394559 0.841235697 0.562396884 0.187487721 0.55068326
    0.0674943626 0.910760999 0.989800334 0.457288682 0.951797009
    0.808767021 0.296214193 0.544295371 0.249842227 0.0861825943
    0.844454467 0.796276808 0.476607293 0.386467278 0.972363949
    0.616780162 0.632866502 0.300415218 0.123505354 0.795356631
    0.793774009 0.499138355 0.741933286 0.0965026617 0.595604837
    0.356679946 0.301284164 0.171673238 0.550130665 0.109502017
    0.168082088 0.592243075 0.22878018 0.127653748 0.63184911
    0.550453186 0.286316633 0.381628424 0.961063743 0.845865488
    0.592040062 0.0583311319 0.773467541 0.113123715 0.931647182
    0.0856078863 0.795700788 0.21678713 0.275466502 0.315662622
    0.266205043 0.939567208 0.873745441 0.601067781 0.572465122
    0.283943474 0.252840519 0.138614118 0.338962913 0.533321619
    0.74898994 0.754494607 0.601112902 0.348694682 0.999747872
    0.923036337 0.811737776 0.301528275 0.650142431 0.98354125
    0.688918948 0.567981601 0.276642323 0.371369004 0.678343296
    0.970959365 0.273825586 0.785105824 0.267430902 0.821560979
    0.414872378 0.678602219 0.249731779 0.314907283 0.891275048 0.637474
    0.982918501 0.635375082 0.0915370882 0.167162865 0.342809081
    0.19595921 0.147020042 0.850082994 0.468778878 0.914878845
    0.414957434 0.85845077 0.0726365149 0.88367033 0.046693027
    0.706335723 0.648021698 0.950112641 0.163908452 0.278678417
    0.468004405 0.469043702 0.925780535 0.177154005 0.412088841
    0.26651907 0.903231144 0.125623614 0.495999128 0.327842414
    0.610348403 0.698779106 0.384091496 0.204289317 0.165879011
    0.469809592 0.779910803 0.24625805 0.028006196 0.347740114
    0.715349138 0.912345886 0.405807287 0.81523931 0.147730529
    0.630596757 0.777916551 0.369664609 0.716729879 0.125271142
    0.769399643 0.120166183 0.380302012 0.874244213 0.0789967477
    0.414552778 0.877405107 0.548343003 0.900265813 0.353338778
    0.187182248 0.19013986 0.948512912 0.732059121 0.107202649
    0.0920417607 0.883971095 0.424946934 0.825400114 0.897676528
    0.414002895 0.268542975 0.879474878 0.823651195 0.657277524
    0.324889988 0.904352367 0.425003499 0.125772834 0.517610013
    0.555424452 0.206819743 0.694340348 0.578407466 0.446348548
    0.957909822 0.901190758 0.566888928 0.779919028 0.511218548
    0.229348272 0.669187427 0.418755084 0.615197778 0.314651608
    0.749159336 0.269382268 0.609547138 0.390689254 0.792691112
    0.282582521 0.324828476 0.223990798 0.493121475 0.605897307
    0.0996012986 0.608876824 0.0286685228 0.542007148 0.227774978
    0.49573341 0.239899844 0.110345721 0.745824814 0.600787461
    0.478405595 0.98515296 0.971979499 0.51270467 0.527590513
    0.751189709 0.673450232 0.287509888 0.0335089266 0.827983975
    0.529157579 0.867366195 0.428321958 0.43249312 0.980988741
    0.0704011023 0.401887357 0.921741366 0.492606491 0.855814815
    0.735471129 0.00817885995 0.226533085 0.579503655 0.936567187
    0.995609045 0.993966699 0.85215348 0.375405729 0.855461538
    0.0645137429 0.71329844 0.76055634 0.498354614 0.770324588
    0.817152262 0.766924977 0.579367399 0.948445916 0.37956214
    0.579619765 0.0869932771 0.991472006 0.680513084 0.379465163
    0.710118771 0.206974834 0.536431134 0.135790318 0.356972933
    0.137966394 0.443561614 0.115993172 0.686878145 0.132350624
    0.501493573 0.0809646249 0.885801077 0.134939253 0.722495437
    0.639189482 0.958755732 0.0299600661 0.561738431 0.233188868
    0.808390141 0.814141035 0.374316841 0.509177089 0.546966672
    0.0370172858 0.685936511 0.422793716 0.630746901 0.974207163
    0.52243346 0.80203867 0.641207099 0.248008251 0.926451445
    0.856904268 0.695381522 0.494821399 0.0910943449 0.335316539
    0.580536127 0.841965079 0.842268586 0.413072407 0.309931517
    0.110896409 0.466300875 0.301499933 0.214275748 0.20791927
    0.205546379 0.224704862 0.865975142 0.286794066 0.547796905
    0.955208182 0.933068156 0.382629454 0.775851011 0.807737947
    0.466114342 0.824284554 0.428604156 0.889075816 0.653308272
    0.415502936 0.686787248 0.492774129 0.318435401 0.663610339
    0.388351709 0.39936009 0.292302191 0.668586552 0.253007501
    0.964274466 0.305770099 0.7319507 0.334088475 0.430802852 0.57985574
    0.494256079 0.507196367 0.654725015 0.126701921 0.343350589
    0.677456081 0.771834135 0.802584648 0.246037573 0.0380923748
    0.748390794 0.381428689 0.260276437 0.731784225 0.761588275
    0.516378522 0.615087926 0.92395556 0.821485698 0.570041418
    0.617465138 0.782235503 0.0806492269 0.167674571 0.0827866793
    0.173674762 0.337640584 0.601892352 0.270286471 0.87633884
    0.241461158 0.336093068 0.644311905 0.479630291 0.900377691
    0.467190951 0.701443732 0.244920492 0.63390553 0.797245979
    0.876277983 0.0413121283 0.818386555 0.191751063 0.875274301
    0.825487614 0.665707469 0.552612901 0.0368257761 0.652130723
    0.938304007 0.906014621 0.0131549835 0.905827403 0.0254298151
    0.113262922 0.217118919 0.876456141 0.237553865 0.0865242481
    0.590064645 0.953930497 0.824801683 0.0953906178 0.473503619
    0.363781363 0.151394576 0.451150537 0.71345675 0.562295258
    0.412586302 0.665852249 0.221952498 0.870466471 0.360629201
    0.555360079 0.190326512 0.648206532 0.790208459 0.41204983
    0.255796611 0.591860116 0.602676988 0.35197562 0.478528321
    0.320906699 0.297137916 0.177757949 0.0837620795 0.297286153
    0.650497198 0.360124856 0.415663332 0.736393332 0.737372398
    0.11671564 0.797910094 0.12270698 0.916766882 0.758696198
    0.657199621 0.0325484276 0.216816813 0.115242839 0.582731605
    0.00406700373 0.470448107 0.757420421 0.694337785 0.799099386
    0.119118959 0.569226921 0.355943322 0.978521228 0.434468508
    0.604693055 0.0705980957 0.674228072 0.691308022 0.895427227
    0.265285075 0.0831835568 0.824865341 0.176305264 0.513031244
    0.745011151 0.150536269 0.702999234 0.53123951 0.493446857
    0.306138992 0.641283274 0.355683029 0.27098006 0.195602089
    0.491645843 0.0165650845 0.601130009 0.305399835 0.409167469
    0.34764576 0.976895809 0.213386923 0.122029334 0.327748775
    0.743490636 0.899952888 0.648790717 0.587061644 0.517022014
    0.891889095 0.568981171 0.653327584 0.788027406 0.175221652
    0.958458364 0.192024827 0.95721817 0.537389636 0.26766789
    0.422753096 0.604827046 0.976025879 0.936169207 0.66685462
    0.431854188 0.857445717 0.943799376 0.930514634 0.0906041861
    0.274212927 0.933052957 0.0971298814 0.449127018 0.142462522
    0.238133162 0.998170316 0.152355552 0.229477197 0.0408119559
    0.383816361 0.43869105 0.0743291974 0.690573871 0.773970604
    0.604318798 0.567773223 0.56697458 0.720512271 0.747043073
    0.325494111 0.650764048 0.853010893 0.92887938 0.107725322
    0.985759735 0.0204361379 0.725578368 0.123934478 0.688184559
    0.87382251 0.936481476 0.194123119 0.285353631 0.0896422565
    0.49481383 0.117765605 0.582424641 0.569060326 0.174633175
    0.778897762 0.972850382 0.976004243 0.354550779 0.000779181719
    0.628449619 0.707477272 0.644633114 0.485758543 0.405953109
    0.987426639 0.406825215 0.486994237 0.760428429 0.164247632
    0.726069152 0.437026471 0.63384378 0.402220488 0.604822397
    0.0998408496 0.0363571048 0.143807024 0.576556683 0.863125443
    0.726074755 0.815569758 0.721315145 0.67924273 0.12415728
    0.767992139 0.964771152 0.64643985 0.471441597 0.400018662
    0.37279439 0.356254995 0.786282599 0.749642015 0.133239269
    0.58731854 0.979168355 0.90729028 0.65966469 0.0724003613
    0.680028081 0.906309187 0.638422668 0.301430047 0.367858112
    0.148189604 0.310110658 0.121609181 0.630845666 0.660076559
    0.543999553 0.226434737 0.945915997 0.0811349452 0.0296527147
    0.753989697 0.262197554 0.615105569 0.0607259274 0.250529647
    0.0959213078 0.19355756 0.494485617 0.93386972 0.511457264
    0.947681427 0.263874352 0.700388551 0.817508221 0.703467488
    0.998566628 0.138326496 0.607067764 0.824860573 0.631661654
    0.207435757 0.280401707 0.538208246 0.124432862 0.946929336
    0.362169921 0.244826406 0.610545099 0.0504473746 0.823349118
    0.236320436 0.372404337 0.4736 0.344082952 0.126092315 0.541193068
    0.347249091 0.565750837 0.896151781 0.244817436 0.289103895
    0.0442534983 0.574339271 0.641851902 0.195772588 0.428120315
    0.254100055 0.693513513 0.0904277265 0.769627631 0.782365024
    0.00592494011 0.848616898 0.66216439 0.588050067 0.499239832
    0.907529473 0.43798697 0.506257653 0.646924376 0.531031013
    0.919215202 0.592544913 0.282957435 0.898423314 0.467057765
    0.974013209 0.989584267 0.7649194 0.421517611 0.547581494
    0.814873815 0.814802349 0.832920194 0.721011221 0.974645019
    0.0261784196 0.156265825 0.251965016 0.158770144 0.291407436
    0.937291861 0.583943963 0.506853819 0.426184773 0.564219356
    0.680257082 0.16937837 0.936051369 0.977275908 0.817401826
    0.145180136 0.167292327 0.0736864805 0.381912559 0.63283658
    0.108745605 0.409801006 0.648639798 0.240551174 0.445078522
    0.333226383 0.280247688 0.153788418 0.468818039 0.0372639894
    0.204179168 0.740101635 0.154131293 0.686273277 0.444522232
    0.990768373 0.141437858 0.156116009 0.401660115 0.0734961331
    0.88405925 0.18807745 0.99925077 0.409422338 0.417930216
    0.0919508934 0.255940557 0.186882406 0.30559364 0.457737565
    0.152724147 0.166398317 0.132983357 0.84096992 0.369478047
    0.108776093 0.623996854 0.176371604 0.387765408 0.633171797
    0.494004786 0.444380969 0.767905116 0.498166203 0.581341863
    0.671577394 0.368090421 0.69689393 0.720942318 0.492269456
    0.0936228931 0.835704505 0.516257942 0.786120117 0.932994068
    0.959828496 0.988271832 0.159369886 0.257175863 0.139064282
    0.653554678 0.896796823 0.513890743 0.0903287232 0.0806654096
    0.115145326 0.976637959 0.0258655846 0.0907295346 0.140485823
    0.0785644054 0.610879838 0.104931712 0.225989163 0.00279384851
    0.252148747 0.646598041 0.862078309 0.173445284 0.0854228437
    0.0680139661 0.470689982 0.904547095 0.280501008 0.543721676
    0.0980389714 0.510911226 0.0999443233 0.906638741 0.481446683
    0.0621757507 0.136660427 0.978797793 0.869945884 0.449543744
    0.326160014 0.605623603 0.727050841 0.133479983 0.336370587
    0.812282264 0.147081077 0.966280222 0.573754311 0.691565335
    0.617118835 0.585767567 0.794118762 0.107906371 0.652336895
    0.169982105 0.324305922 0.786688805 0.783779144 0.845303655
    0.404864728 0.310996115 0.454106778 0.575329959 0.962621808
    0.249826908 0.403790623 0.67741096 0.359194756 0.355621159
    0.86034447 0.91407162 0.811715841 0.713955164 0.895469129
    0.899963498 0.563015938 0.691925883 0.607401371 0.930138946
    0.712608218 0.819652259 0.522195399 0.537568152 0.570099413
    0.750309169 0.242186487 0.955987453 0.00840815902 0.248553723
    0.96750319 0.663449347 0.270372212 0.480504692 0.932898402
    0.103412032 0.87391603 0.227006406 0.862707615 0.369462132
    0.170075625 0.663320482 0.354849428 0.656025827 0.316073745
    0.247563928 0.961742759 0.524487257 0.877664328 0.216401041
    0.886120319 0.258111954 0.448849648 0.796982229 0.376625896
    0.735870779 0.0665742755 0.453091294 0.166382164 0.412821472
    0.175704062 0.91918695 0.762093186 0.793709636 0.899433494
    0.00658038259 0.447322696 0.0759338439 0.810023725 0.0118824244
    0.0833222866 0.606482267 0.241772354 0.729088485 0.219652325
    0.459128052 0.867596626 0.722343504 0.656171799 0.572476506
    0.293477505 0.811026692 0.248980433 0.652596891 0.208232492
    0.461580396 0.828054428 0.672565818 0.487736136 0.74448806
    0.841996193 0.251047939 0.992028475 0.632981241 0.790387988
    0.640356898 0.0354116857 0.675460219 0.902781844 0.351162374
    0.810112596 0.999531984 0.512339652 0.978565633 0.720721245
    0.155661672 0.535316706 0.795004189 0.652043402 0.568853676
    0.67526263 0.187651306 0.69715333 0.848231554 0.111444473
    0.351234406 0.514935195 0.766400814 0.361033827 0.504458845
    0.769584775 0.0979931951 0.933381915 0.127615422 0.0432190895
    0.570003271 0.213223726 0.148454726 0.233835518 0.734465361
    0.892205358 0.0569826961 0.22418049 0.266474426 0.991680562
    0.436982989 0.324822336 0.991535306 0.350135267 0.0758851171
    0.99522382 0.254517019 0.9393574 0.743833184 0.601915479 0.979838967
    0.241062671 0.559318006 0.272141486 0.917273998 0.984238565
    0.0115708709 0.476680815 0.561057687 0.526465118 0.738429487
    0.368248522 0.805103779 0.968081236 0.267466992 0.137117565
    0.276344299 0.899106979 0.394083649 0.987930238 0.225974053
    0.243943423 0.186627567 0.539799333 0.416765004 0.788896143
    0.39586401 0.687310934 0.267412484 0.642087758 0.33721292
    0.278508723 0.978602827 0.181167006 0.84240514 0.584359884
    0.932420611 0.79839325 0.152315468 0.097451061 0.214220524
    0.483585089 0.135384709 0.172903508 0.988710821 0.918673873
    0.776593924 0.927418292 0.285114318 0.787923217 0.886886001
    0.818935156 0.604433656 0.592060685 0.583705902 0.511723101
    0.442413837 0.169236988 0.872291327 0.130561113 0.502946377
    0.0842147171 0.832556009 0.663015485 0.219310522 0.838823915
    0.315920949 0.324766427 0.591066062 0.258563578 0.872550607
    0.847882688 0.716552556 0.0887034237 0.825899363 0.786028385
    0.293018252 0.585240901 0.492273539 0.407495767 0.985996366
    0.632615924 0.0939053893 0.527824283 0.875709176 0.495519996
    0.0454185009 0.247857958 0.16486463 0.918151677 0.981129169
    0.898652852 0.728705883 0.57321471 0.284431726 0.235766917
    0.769116521 0.282084167 0.170365334 0.48782137 0.57552743
    0.920231223 0.855705261 0.411604911 0.315638006 0.0169064403
    0.252113879 0.568447888 0.349236429 0.874904275 0.6332587
    0.0686199069 0.670165062 0.658574462 0.418834269 0.305841386
    0.611112654 0.86266458 0.672330022 0.848645031 0.541326404
    0.883003712 0.74816829 0.374604106 0.413943112 0.657127619
    0.0160632133 0.928453267 0.595517933 0.0638798773 0.881587029
    0.453942388 0.810853839 0.16781953 0.329549909 0.430904865
    0.138706803 0.599258602 0.761725187 0.647941709 0.0537421405
    0.596861064 0.957276702 0.2866835 0.753748298 0.105675906
    0.776438475 0.476804614 0.457146466 0.941432118 0.543705881
    0.0361299515 0.706770897 0.0349037647 0.317898452 0.791399002
    0.421563476 0.196796924 0.733812392 0.195141405 0.203682333
    0.0109497905 0.795142293 0.78236115 0.634184003 0.309842318
    0.48232016 0.435055554 0.239071995 0.944999158 0.191537648
    0.206209064 0.504124403 0.0643854141 0.0664612651 0.311306119
    0.494085371 0.106156081 0.0169309974 0.0326067209 0.14660275
    0.330440313 0.0754208565 0.864900708 0.631878316 0.196795672
    0.949365735 0.142601103 0.708265364 0.734482765 0.472557187
    0.569761515 0.317541659 0.388994694 0.890364289 0.880807936
    0.928677857 0.500436664 0.71692878 0.573092043 0.9133026 0.178822398
    0.806433141 0.387157857 0.799741685 0.798373699 0.990254462
    0.877485633 0.0718228817 0.0600507855 0.0113989413 0.182258368
    0.702835321 0.92289269 0.673381329 0.645295799 0.750003695
    0.489732444 0.911942601 0.582983434 0.544228971 0.546584487
    0.823644519 0.0549502075 0.861971617 0.563846707 0.77310288
    0.966123939 0.321987152 0.015676707 0.705562949 0.782284021
    0.747472286 0.354466736 0.111075193 0.592924118 0.155761182
    0.606183887 0.710040808 0.741896689 0.546117783 0.568597853
    0.575477839 0.656115472 0.685627699 0.0902979672 0.664735913
    0.726656556 0.950840235 0.906065822 0.477050811 0.920817018
    0.128966331 0.813892484 0.781471133 0.628326833 0.79264158
    0.0567926764 0.944696426 0.579901218 0.917847991 0.563749552
    0.108725488 0.776797891 0.176317781 0.61487627 0.37656948
    0.837785482 0.572230279 0.343602329 0.930300653 0.332205653
    0.972643614 0.994887888 0.502066493 0.839090168 0.430186391
    0.518697739 0.425265461 0.337681055 0.335033178 0.979527116
    0.939041913 0.149018556 0.399113715 0.312543929 0.709200978
    0.5208112 0.722288013 0.406656027 0.764578283 0.905872583
    0.708536088 0.247142643 0.968259335 0.294157088 0.867833853
    0.428484738 0.67105639 0.180069417 0.992239833 0.510796607
    0.487602174 0.701779962 0.882528782 0.981382012 0.598719299
    0.370279074 0.164456576 0.480360955 0.912510991 0.34451592
    0.273313761 0.0267425179 0.0834534466 0.627702177 0.213712901
    0.784891844 0.910962462 0.16429612 0.511331916 0.45855391
    0.944192827 0.198734909 0.0811322927 0.104980618 0.538380027
    0.0969267786 0.806057692 0.345239431 0.632785439 0.143597394
    0.419105858 0.200184315 0.763605356 0.628502905 0.0483050942
    0.212425381 0.434285641 0.0583465993 0.388786554 0.515948355
    0.291206181 0.882091999 0.197954237 0.588905156 0.553993225
    0.603811562 0.718716502 0.9087255 0.242814481 0.328436285
    0.345960617 0.914501786 0.979796648 0.0737608075 0.388114452
    0.448452413 0.851934969 0.127272993 0.321626127 0.278587341
    0.797368646 0.915700793 0.508240044 0.386105895 0.924207211
    0.440511227 0.230021685 0.858496666 0.427326083 0.774563909
    0.856794357 0.597803295 0.602770209 0.0668156147 0.0885089338
    0.929058671 0.800055027 0.831089497 0.228032082 0.122243196
    0.262708664 0.338877439 0.586801112 0.722539306 0.401464254
    0.26539284 0.67097342 0.205057383 0.293646932 0.0275845826
    0.840170205 0.543112874 0.482504249 0.26806882 0.521609008
    0.941896439 0.296820939 0.652670979 0.267856061 0.162855953
    0.0458642542 0.607388973 0.771526098 0.143124789 0.326154649
    0.690926194 0.43209964 0.852485418 0.98487246 0.376969874
    0.0583104193 0.0666069388 0.51385361 0.209749997 0.225006878
    0.119685829 0.253226519 0.0740795732 0.96575439 0.399154514
    0.0760063827 0.55213213 0.314276069 0.83594662 0.594453573
    0.735224009 0.910661817 0.017657578 0.539910793 0.609980643
    0.153504908 0.509118259 0.524116457 0.0619762242 0.864836276
    0.989490867 0.903661132 0.867898762 0.3248896 0.529445946
    0.593157649 0.372220695 0.525439143 0.195246398 0.519824922
    0.624672413 0.902715564 0.146219134 0.650538862 0.319118887
    0.223875672 0.723117352 0.899199784 0.260082394 0.00315883756
    0.88722837 0.42065677 0.298352063 0.774332881 0.0741070509
    0.375375032 0.646320224 0.347731948 0.423341304 0.807345927
    0.447391719 0.578332961 0.792186737 0.0476199687 0.123787016
    0.0926768184 0.945931852 0.693217397 0.785642982 0.269770741
    0.742067933 0.610714912 0.808433533 0.101535678 0.93690598
    0.0701568723 0.221081972 0.719451666 0.589422703 0.107806981
    0.634459794 0.0816316307 0.291688621 0.333261371 0.719215989
    0.15269348 0.210235804 0.131142199 0.730136454 0.595071495
    0.368934214 0.174851239 0.811662078 0.450804025 0.386115611
    0.381537437 0.93611002 0.917813122 0.30186069 0.613615513
    0.283204436 0.328282028 0.67365557 0.968701541 0.810129166
    0.22123915 0.371979147 0.958305418 0.723649383 0.308689982
    0.257536232 0.184360266 0.574561894 0.488076985 0.640352249
    0.0979608893 0.757585227 0.327594578 0.111251891 0.411426842
    0.418982655 0.0541144013 0.36769259 0.793229222 0.938741207
    0.682848096 0.46285677 0.529989898 0.978195131 0.776781321
    0.424867898 0.64020133 0.7677809 0.891286671 0.963921964
    0.0741430223 0.381828398 0.834038138 0.0494548976 0.471274853
    0.660358846 0.44206053 0.271541178 0.413544238 0.522850871
    0.451250881 0.946239829 0.23676756 0.355804801 0.431496561
    0.592907608 0.456612408 0.785399675 0.436654389 0.0483269393
    0.743323863 0.468239546 0.845012426 0.7842049 0.512515903
    0.815177441 0.172680289 0.549015999 0.0147355199 0.907518983
    0.721455812 0.0259470642 0.892633379 0.691724002 0.836778164
    0.633136332 0.087654382 0.473645627 0.277114749 0.192531407
    0.811578393 0.825233638 0.590797961 0.5631634 0.0846010745
    0.14022091 0.502168894 0.818928003 0.55172503 0.106096298
    0.815892518 0.507326841 0.640113771 0.99491626 0.464197457
    0.119595528 0.301080942 0.00518140197 0.936584949 0.0123113692
    0.671230793 0.628684342 0.727474749 0.211874425 0.597977936
    0.702193499 0.962997794 0.414385706 0.726863146 0.116860151
    0.105959505 0.4449628 0.62975049 0.540555418 0.352739036 0.771641731
    0.278767884 0.108735621 0.867171288 0.870538831 0.788713932
    0.879903197 0.103884965 0.41518265 0.617765725 0.877948046
    0.784694731 0.876205742 0.114286512 0.737587988 0.191458941
    0.225085646 0.0407020152 0.611632109 0.908797026 0.814697385
    0.0107814372 0.605471492 0.318698347 0.353412598 0.829070628
    0.799705863 0.868557811 0.0837094188 0.358925223 0.838364244
    0.106176704 0.174852103 0.176080793 0.917207122 0.375800133
    0.867699981 0.689729333 0.803923488 0.139710754 0.433327466
    0.0697779655 0.707983315 0.209144562 0.669309735 0.605684936
    0.994061887 0.625287533 0.343682021 0.757045805 0.831111431
    0.510921955 0.832617402 0.990788341 0.31269449 0.610635698
    0.839870155 0.784903407 0.433057994 0.000167399645 0.015997231
    0.587034225 0.278319836 0.34740591 0.608090162 0.0415078104
    0.415809155 0.223925233 0.822207928 0.0297365487 0.42818138
    0.795998335 0.385005057 0.521577716 0.57749176 0.321051151
    0.858751893 0.974714875 0.115180731 0.192172527 0.0982598364
    0.519463956 0.335772246 0.0603701174 0.356051683 0.812599301
    0.113744348 0.672447205 0.670169652 0.948976398 0.243329734
    0.335024208 0.562252223 0.215598255 0.712105155 0.276930749
    0.42862916 0.137064487 0.696805656 0.822236896 0.949448526
    0.457749397 0.169597238 0.200266242 0.520900071 0.0746590793
    0.565941155 0.175911456 0.821796894 0.833108664 0.80945003
    0.428533018 0.418729007 0.630031407 0.354854763 0.69220531
    0.481788814 0.288438439 0.192567557 0.238569111 0.423824668
    0.109539539 0.790460408 0.666633248 0.68704915 0.713856518
    0.838280439 0.529088974 0.217813313 0.0579067171 0.490825802
    0.302964419 0.680764914 0.296363622 0.286950827 0.0147990882
    0.299459338 0.777499914 0.742747724 0.218068868 0.112982213
    0.580881357 0.147336155 0.670167446 0.517306626 0.986034989
    0.067991823 0.42001757 0.673459649 0.0300569832 0.19492054
    0.0210364759 0.987988949 0.483238161 0.0953598619 0.650666118
    0.725373626 0.817008615 0.48189497 0.0607964098 0.882607102
    0.77396822 0.730917156 0.982880712 0.504848897 0.123458117
    0.524401426 0.942247868 0.18241632 0.848168612 0.231631398
    0.168380558 0.744623899 0.732513309 0.991773069 0.807755053
    0.619663119 0.236569524 0.340667009 0.350129724 0.144252121
    0.630653322 0.479111254 0.0452474952 0.155458301 0.171949118
    0.630003452 0.655040383 0.443461567 0.980854511 0.84338975
    0.30200088 0.697682381 0.431591958 0.248466879 0.858362794
    0.749085665 0.902961552 0.432048917 0.105346799 0.889033437
    0.291373432 0.962848425 0.791174173 0.868402839 0.634299159
    0.071572274 0.224726051 0.184918374 0.415805042 0.795061231
    0.70875442 0.268092036 0.729567945 0.73659265 0.152573466
    0.340708286 0.675218582 0.895496428 0.808561325 0.874672294
    0.188166082 0.0872165859 0.141411543 0.324391603 0.568655491
    0.523258924 0.402435362 0.872562766 0.0412296951 0.89392662
    0.535917163 0.126939505 0.149917245 0.117075861 0.17394796
    0.812676251 0.173210919 0.394224256 0.779143512 0.754232228
    0.764140606 0.870348394 0.834534466 0.117087007 0.806851029
    0.920312762 0.229579955 0.900072932 0.0980540216 0.0738972127
    0.177706391 0.719268799 0.255378842 0.369341373 0.599030674
    0.510049641 0.850322843 0.761910975 0.528675556 0.21128878
    0.562603891 0.785216928 0.142351061 0.542758644 0.714130044
    0.897651434 0.72996521 0.0917676985 0.665126085 0.916922927
    0.0925351381 0.309458792 0.804152608 0.0799211264 0.0859391093
    0.820383787 0.437142581 0.209854692 0.523651659 0.520282984
    0.541696131 0.244207472 0.56582123 0.369109631 0.24157849
    0.346784115 0.770101786 0.669901967 0.199181199 0.574299455
    0.965340137 0.489296019 0.309945464 0.578615785 0.964419305
    0.695929945 0.722193718 0.409837663 0.824060977 0.788832545
    0.173035711 0.568590879 0.850904226 0.0187527835 0.129696369
    0.696287096 0.772349715 0.630746365 0.141291559 0.605029464
    0.507651627 0.361883909 0.139995158 0.786216557 0.221907943
    0.932756424 0.151136607 0.913692176 0.265782118 0.758244872
    0.735829949 0.97664547 0.977393806 0.620057464 0.194805086
    0.283842921 0.237604737 0.689946055 0.816341281 0.501930118
    0.205017775 0.77591598 0.794791758 0.180998415 0.675571442
    0.743719459 0.457593441 0.0807536244 0.50401473 0.10666123
    0.600446939 0.504073381 0.494162321 0.861584425 0.729594827
    0.316398501 0.120682389 0.597041428 0.153686255 0.503573179
    0.404320598 0.563595295 0.323236376 0.538545787 0.321275324
    0.032980293 0.668581784 0.858694911 0.782402635 0.480439126
    0.186427116 0.313890934 0.187483191 0.884733856 0.631721973
    0.320903718 0.340660542 0.113197148 0.0767404139 0.227164686
    0.121471256 0.894679964 0.761121035 0.7292943 0.250315607 0.38082701
    0.269723475 0.515583754 0.78614676 0.245027483 0.620531797
    0.440412879 0.41696322 0.376047373 0.688931286 0.416812599
    0.0680330992 0.0908738673 0.425026834 0.093244046 0.631275415
    0.527258754 0.966801882 0.0389772952 0.694151759 0.755947232
    0.750208139 0.703041553 0.672686577 0.989898086 0.778418243
    0.505589724 0.101812541 0.952001214 0.328700215 0.0038344264
    0.220945477 0.0327736437 0.944511414 0.234392613 0.289986074
    0.226253539 0.677669644 0.766311288 0.373918742 0.0120547116
    0.0597505271 0.824452639 0.279215097 0.0604717433 0.95153141
    0.731508374 0.545741677 0.202138245 0.657088399 0.949841559
    0.247679114 0.163096011 0.283578843 0.55644685 0.966163516
    0.733569145 0.193465233 0.178387016 0.114525586 0.172134161
    0.734837472 0.145651579 0.0637983978 0.635576606 0.535673559
    0.674657464 0.133409619 0.292064846 0.297636271 0.221494168
    0.676812768 0.163755357 0.130479813 0.173541427 0.217031509
    0.972304642 0.694529057 0.207083613 0.462278008 0.763845921
    0.756050766 0.116258353 0.281570762 0.365271121 0.694646657
    0.569661438 0.952242255 0.890227556 0.84382987 0.0170522928
    0.714228392 0.756365776 0.967224479 0.569044709 0.100573808
    0.980960727 0.315637052 0.0299645662 0.239929497 0.144980282
    0.782200098 0.911855221 0.82249099 0.453690767 0.185019135
    0.0619495809 0.825637221 0.277968258 0.991377711 0.396242827
    0.78062129 0.381849945 0.996699095 0.626721919 0.685201466
    0.0759558082 0.736702979 0.8348791 0.0936449766 0.330205858
    0.886232138 0.967570961 0.113495022 0.879172921 0.00170850754
    0.429755807 0.676623762 0.902859807 0.247865736 0.520767868
    0.206882983 0.642147481 0.681520462 0.538371503 0.218882233
    0.764449596 0.268465638 0.769500971 0.731889248 0.474776834
    0.283334672 0.542941689 0.248366654 0.0432168841 0.919390321
    0.85944587 0.630867481 0.301815033 0.519877017 0.19398424
    0.536499202 0.342974186 0.420535117 0.288380146 0.066360265
    0.508328438 0.728364348 0.383964509 0.892962813 0.643731713
    0.711096823 0.477033168 0.287932575 0.430829525 0.703716934
    0.246728599 0.308131546 0.105261177 0.871019483 0.584909737
    0.874386787 0.576098919 0.512534857 0.622962236 0.550720155
    0.909337282 0.0759904385 0.509040952 0.0314274728 0.246082842
    0.921632886 0.0638752878 0.313940704 0.668043196 0.31843093
    0.111117482 0.811079621 0.82155025 0.527917087 0.343845785
    0.622822165 0.515469015 0.672025144 0.706394494 0.574610353
    0.418939054 0.573848188 0.562579989 0.148030102 0.60321492
    0.738102376 0.134381354 0.511593759 0.790093064 0.161961019
    0.0988337696 0.708001494 0.24135983 0.730271339 0.729829788
    0.487429619 0.523765743 0.856103539 0.495250106 0.38659507
    0.704743505 0.671879649 0.972742975 0.416200578 0.39103514
    0.580620766 0.0125271082 0.835716963 0.399703324 0.28677249
    0.158483773 0.466174215 0.155474663 0.336380482 0.938038766
    0.847907305 0.281835258 0.428792536 0.070630759 0.97719276
    0.477076709 0.876307845 0.753314972 0.892168701 0.858772933
    0.0825009644 0.193037421 0.121463656 0.594780922 0.583352506
    0.554697156 0.693949759 0.907500684 0.669540524 0.13045305
    0.306347787 0.891072869 0.390402794 0.320489943 0.17107287
    0.688864291 0.396591485 0.125731349 0.00625583529 0.851403177
    0.082434535 0.168254822 0.609044075 0.781926215 0.709898233
    0.826273918 0.183933854 0.212387085 0.96414113 0.0995218456
    0.89951992 0.999893248 0.185332477 0.0678862333 0.678922117
    0.865665376 0.621419251 0.964372396 0.965848565 0.0563777387
    0.0472927392 0.847016573 0.182505488 0.295985222 0.852701783
    0.208672196 0.297358751 0.564449549 0.0769210756 0.730777442
    0.164499462 0.433953971 0.79007864 0.469098538 0.0656209588
    0.484425724 0.997077107 0.610924244 0.156497598 0.479500055
    0.654082716 0.514384866 0.588979065 0.983183503 0.926556468
    0.240771741 0.400715411 0.589263082 0.255042493 0.523923814
    0.767655671 0.409750313 0.940499246 0.142906874 0.427283436
    0.646077931 0.612003624 0.393635511 0.819037974 0.306588054
    0.957252085 0.472472429 0.178718895 0.930407584 0.55865705
    0.340657532 0.353171706 0.395152926 0.974141598 0.956790447
    0.325160146 0.344508797 0.205804467 0.427431643 0.132553369
    0.142414182 0.638326168 0.416350394 0.149950564 0.415890187
    0.767006636 0.91986084 0.907983005 0.871390104 0.938716292
    0.859411597 0.455778062 0.52509433 0.942109764 0.782538176
    0.407716215 0.308986962 0.94707799 0.672241032 0.104205847
    0.0430625975 0.763291836 0.312940478 0.982510805 0.285419941
    0.677405953 0.689857304 0.894143641 0.364144862 0.398489326
    0.0394961834 0.84977901 0.613473415 0.919970751 0.980598986
    0.577377439 0.377993524 0.576602519 0.375972301 0.743018985
    0.801368475 0.812484622 0.218861133 0.772447944 0.0450761318
    0.998925567 0.0318890512 0.355687082 0.79039067 0.724327326
    0.408084452 0.470827311 0.685878575 0.598737895 0.913850307
    0.144901246 0.537490189 0.519299686 0.26889503 0.187770516
    0.72300005 0.973294377 0.603069544 0.38559705 0.244855106
    0.249398142 0.744468212 0.729120314 0.866943598 0.7732476
    0.020273149 0.899299204 0.401241273 0.0248225629 0.238544852
    0.15149188 0.180752456 0.583740413 0.778306007 0.41533494
    0.236898333 0.084269464 0.423685133 0.37658447 0.439840615
    0.89484036 0.76848954 0.519980907 0.0376144946 0.596288502
    0.84200877 0.0511596501 0.83563292 0.372057945 0.826625466
    0.710932434 0.54590863 0.0864212811 0.81772393 0.339208066
    0.0742809772 0.100656927 0.332731038 0.560966909 0.34574452
    0.265153527 0.876010418 0.600009382 0.248289317 0.37620306
    0.875192761 0.337986588 0.539482236 0.218279064 0.520080149
    0.736719608 0.0458473861 0.061386168 0.206072986 0.431558549
    0.80746448 0.515675247 0.836136222 0.872053981 0.237580746
    0.721812308 0.362164646 0.052921474 0.656621814 0.434340686
    0.636802495 0.53774786 0.241159528 0.881025314 0.79896909
    0.399090588 0.448126197 0.748878181 0.413903207 0.15836221
    0.0237535238 0.0215811431 0.588935733 0.044254452 0.31263122
    0.74029845 0.879844546 0.861880302 0.43397516 0.369443059
    0.823565185 0.657413006 0.704264283 0.0404901803 0.967118979
    0.0353454947 0.964443028 0.715220094 0.782071471 0.589555025
    0.396645635 0.825123787 0.6990605 0.415612638 0.628455281
    0.0871299207 0.794344783 0.932737708 0.414524436 0.574119091
    0.433670759 0.117591888 0.423549592 0.748213232 0.0478349328
    0.705062151 0.766982079 0.490525514 0.859575391 0.68387264
    0.0755110085 0.558727443 0.658565998 0.695288599 0.770204008
    0.555514336 0.722929239 0.688673913 0.565998852 0.483222246
    0.668474674 0.715242982 0.903141022 0.635624111 0.447158575
    0.300666034 0.167946756 0.710337937 0.781104386 0.709720016
    0.757837653 0.496909052 0.210767597 0.35351187 0.776700914
    0.954087734 0.946092367 0.0857860744 0.0859882832 0.61297226
    0.917067409 0.873005152 0.808090806 0.774734497 0.176940769
    0.308104396 0.79861486 0.814401388 0.391861439 0.211580962
    0.159194231 0.690371096 0.745097518 0.766319692 0.352272749
    0.248796254 0.230188817 0.0793792903 0.282735378 0.313893348
    0.339826733 0.420425147 0.363317072 0.470552266 0.432076186
    0.509726524 0.757016838 0.444802344 0.0120188296 0.192096949
    0.338620633 0.804515004 0.521453977 0.533096731 0.41025719
    0.0744661987 0.268208325 0.917228103 0.379823536 0.361696482
    0.422889829 0.820928216 0.967030406 0.461500645 0.87475282
    0.880732179 0.99631542 0.00745558739 0.735319614 0.408957154
    0.576283574 0.807606339 0.928225577 0.179009467 0.26286906
    0.120844245 0.490456045 0.649416327 0.964181125 0.819666386
    0.723075569 0.784067988 0.0117291808 0.555965126 0.773860574
    0.0585690141 0.988452315 0.0951417983 0.884803772 0.167170286
    0.0317236185 0.775778055 0.487824798 0.219531 0.256880343
    0.876812696 0.876984835 0.864114165 0.319534481 0.524167001
    0.390899509 0.0771847665 0.299964011 0.852331638 0.554740012
    0.6483078 0.308280885 0.474577993 0.165882945 0.557029963
    0.386066616 0.618817985 0.674110055 0.238306254 0.619105399
    0.876315296 0.415033042 0.301630914 0.942027211 0.268902421
    0.178245634 0.0221160054 0.258519799 0.152154386 0.451120436
    0.580833793 0.556032181 0.3658427 0.24882412 0.907821178 0.427433014
    0.177118003 0.0416546166 0.758739114 0.843237162 0.550341308
    0.311486989 0.0493724644 0.0739735663 0.706804872 0.176149309
    0.63033253 0.109422833 0.240088612 0.899325907 0.510474324
    0.114260823 0.784987092 0.513533831 0.685425341 0.911218345
    0.671232283 0.452238649 0.824921846 0.780503273 0.568661511
    0.217257828 0.42200321 0.86115551 0.89895916 0.510531902 0.178503513
    0.0940196514 0.683614731 0.159765035 0.0335730612 0.732707083
    0.0856387317 0.252494782 0.864454508 0.413842201 0.0573995709
    0.267174482 0.709351122 0.348478526 0.861802816 0.18031925
    0.46633184 0.484792888 0.93507278 0.348402321 0.305092394 0.65294838
    0.146868348 0.714635253 0.942233503 0.601240575 0.541199267
    0.199538469 0.867542267 0.835914791 0.696598172 0.0123316348
    0.927695751 0.353086144 0.437972307 0.148631126 0.0260280967
    0.441967219 0.183594793 0.522568464 0.0456524789 0.641726136
    0.722477615 0.822863817 0.61515224 0.448819399 0.635771871
    0.968716741 0.727623105 0.314895093 0.63063401 0.329061449
    0.361326516 0.550205529 0.803396225 0.478901893 0.259388864
    0.376693219 0.823800921 0.851904213 0.0312559307 0.184785843
    0.253924549 0.142462671 0.515104771 0.699255586 0.67611444
    0.714208841 0.0302946866 0.561241806 0.460812598 0.919547141
    0.196918488 0.0852452219 0.0159976184 0.974136591 0.603928268
    0.847147822 0.791663468 0.223574132 0.0942540765 0.739349186
    0.584602237 0.959674895 0.659273863 0.399745673 0.222033471
    0.0746133029 0.0845604837 0.561623216 0.84542954 0.797346234
    0.794544041 0.00279074907 0.836511731 0.53292501 0.574507058
    0.606226027 0.60078299 0.139394462 0.956524372 0.908301592
    0.656979799 0.589220285 0.665954351 0.481314659 0.0500013232
    0.018145144 0.842727184 0.480840623 0.808481216 0.87720263
    0.787992835 0.296244234 0.741680145 0.896834493 0.935607791
    0.731328011 0.609447718 0.318754911 0.184970796 0.426968157
    0.526157618 0.606720805 0.405243069 0.144501597 0.0326800942
    0.283335209 0.131365865 0.0914073586 0.79448688 0.443111479
    0.595662117 0.943325043 0.967131853 0.849758029 0.0855279863
    0.770883739 0.470224202 0.161648631 0.121974349 0.49860248
    0.147439718 0.834291697 0.103407413 0.409217298 0.000111460686
    0.82759732 0.159553498 0.816179037 0.100401133 0.271749854
    0.885316491 0.448328614 0.96771729 0.372672856 0.0671797395
    0.513732851 0.681103826 0.50772512 0.400134951 0.667632699
    0.935969114 0.823482692 0.521509886 0.169677436 0.656840205
    0.888613343 0.679420888 0.0754729807 0.311232626 0.509396672
    0.572307587 0.38144657 0.340732604 0.708007455 0.778181076
    0.131870657 0.809603691 0.128688365 0.574992537 0.41092211
    0.484940678 0.30304718 0.593681216 0.326680243 0.115421653
    0.0512603223 0.00272598863 0.457002372 0.0467824936 0.584249198
    0.691580176 0.614711046 0.575827718 0.38090682 0.914444804
    0.391513944 0.680125833 0.260959983 0.61241442 0.998131514
    0.383031666 0.95180434 0.642404437 0.528068185 0.665014029
    0.174449712 0.350183576 0.9976511 0.0377026498 0.601684809
    0.394980222 0.415678263 0.613540411 0.776714921 0.515207946
    0.0988584161 0.103429556 0.529218137 0.581320584 0.760290146
    0.357286274 0.495713592 0.310050905 0.781056523 0.251168966
    0.998313785 0.153489292 0.256788492 0.00858443975 0.406638265
    0.743788779 0.404310137 0.735541224 0.996049523 0.0895956457
    0.556904316 0.424057722 0.190258861 0.339165449 0.34008944
    0.701919079 0.34798187 0.594031215 0.128257871 0.0404157937
    0.246811748 0.103459775 0.117560506 0.283078253 0.454888165
    0.951524019 0.135748535 0.643324077 0.302285969 0.493397057
    0.482714683 0.540605545 0.659247637 0.800912499 0.646778643
    0.545087457 0.28406322 0.938549697 0.812702417 0.280127794
    0.0458798409 0.107082427 0.250355363 0.869404316 0.48829484
    0.923085213 0.742182434 0.680069983 0.504307568 0.321773529
    0.543987334 0.866145432 0.366521806 0.54454422 0.222839713
    0.716814756 0.0266062319 0.18307206 0.835544229 0.94666183
    0.224617839 0.808183968 0.186166257 0.293407738 0.0380934179
    0.217593938 0.240751296 0.755103946 0.310597301 0.827984452
    0.046565026 0.40452823 0.89458859 0.336729765 0.712056041 0.30600071
    0.8034271 0.172360986 0.390362918 0.00476741791 0.980710626
    0.211060494 0.705548108 0.0449014604 0.54101342 0.446065575
    0.995115757 0.796532094 0.630251527 0.522036731 0.565265119
    0.0905148089 0.305270165 0.430440158 0.996822178 0.0413327217
    0.997603655 0.647322893 0.0420629978 0.558999419 0.357410967
    0.773964643 0.365327477 0.979129195 0.287436306 0.99270761
    0.512519479 0.903946877 0.994277477 0.863737702 0.500411093
    0.584174395 0.202203214 0.523204803 0.733239353 0.340347946
    0.919853926 0.470576406 0.736963391 0.0339294374 0.0859124362
    0.457087189 0.561500728 0.864997804 0.665043414 0.118853927
    0.279380441 0.867019653 0.885384083 0.505440056 0.593271613
    0.196267515 0.915941477 0.0247370005 0.45214349 0.502999485
    0.950850129 0.790938258 0.349783599 0.254992545 0.00871089101
    0.669217467 0.937804401 0.769634843 0.443150491 0.176106781
    0.283892035 0.913521886 0.411088139 0.393716991 0.706519186
    0.111954808 0.297714353 0.469909608 0.782563329 0.251404136
    0.319513083 0.707385778 0.75662148 0.66975081 0.865570784 0.38956359
    0.414184153 0.621388078 0.481404394 0.0203270018 0.722392797
    0.329318285 0.715219975 0.152155727 0.525667727 0.610127747
    0.894303322 0.101051837 0.299509883 0.950615287 0.0643339753
    0.967759371 0.114911973 0.886049151 0.0348419547 0.514086008
    0.865258634 0.318757623 0.516028583 0.439684629 0.713418901
    0.260121763 0.397034675 0.866878808 0.696292996 0.277319729
    0.316927016 0.165723473 0.6658566 0.183533877 0.867763579
    0.754342914 0.0185640454 0.994933844 0.694958925 0.199641556
    0.884037614 0.0940180719 0.413243175 0.577556252 0.337885886
    0.800469697 0.300478458 0.35963133 0.331083357 0.872339368
    0.192891091 0.138322771 0.594078004 0.59633857 0.280947715
    0.22309339 0.17575261 0.742560029 0.470260322 0.75749737 0.386456728
    0.995377541 0.374492884 0.986192822 0.742206395 0.609570265
    0.798122764 0.968314409 0.890657187 0.92845434 0.172393411
    0.422020733 0.765591562 0.872086048 0.383983374 0.730411291
    0.485521466 0.0952905118 0.563166499 0.877908289 0.76093328
    0.0602150559 0.380420208 0.239379913 0.0186056793 0.629998803
    0.377521306 0.765306354 0.342666864 0.442778409 0.390227377
    0.971040428 0.282946706 0.395070761 0.0677898824 0.992942452
    0.229823917 0.750740409 0.793062329 0.930778325 0.862941861
    0.327146113 0.261931956 0.664150536 0.28785497 0.958069384
    0.855197191 0.685875893 0.31109792 0.240210533 0.0849916339
    0.19735533 0.519853175 0.0783128738 0.933719873 0.299230874
    0.658655643 0.569642127 0.784180522 0.946106255 0.645935416
    0.48531729 0.87084049 0.518210173 0.772388041 0.155919135 0.53836149
    0.260973781 0.433434904 0.947558761 0.672417283 0.21265924
    0.579483986 0.455069184 0.275801569 0.0959882438 0.734686553
    0.470483601 0.976573348 0.631545722 0.516625702 0.945388079
    0.324684978 0.759104371 0.0432459116 0.272160828 0.218215615
    0.32264176 0.0365849733 0.95164305 0.712037623 0.426647902
    0.865756273 0.0342557728 0.93884325 0.843889236 0.980902195
    0.524972498 0.439632684 0.601253211 0.606637061 0.683267653
    0.338333488 0.353038847 0.0897568762 0.704799294 0.265413523
    0.3968499 0.204431146 0.687378764 0.308466673 0.691489458
    0.885529935 0.676816046 0.360715002 0.311065853 0.80494082
    0.0797804594 0.405204803 0.642183065 0.298321545 0.428055406
    0.350345373 0.851782203 0.664874434 0.598865688 0.880328715
    0.41621834 0.815822065 0.623512208 0.982373953 0.750470161
    0.698206306 0.27783969 0.662762523 0.991987526 0.441755831
    0.564662874 0.0606729388 0.535709262 0.676804066 0.468208402
    0.223879784 0.800352871 0.946092367 0.116400063 0.509390056
    0.386419892 0.611112058 0.921666503 0.460059822 0.0809035897
    0.206620485 0.734385431 0.0711528659 0.0783841312 0.419496149
    0.635293305 0.587565184 0.0889907181 0.15675506 0.410171628
    0.423338354 0.30995667 0.823462427 0.394987822 0.382069767
    0.57854718 0.648702741 0.329941213 0.2414639 0.286250889 0.125132501
    0.452420473 0.400993586 0.213462144 0.495276183 0.454648703
    0.978381872 0.144581378 0.0992260575 0.243335217 0.441409707
    0.117774487 0.937249541 0.100567788 0.208782524 0.704432726
    0.335076392 0.393195421 0.0261184871 0.595347881 0.652774155
    0.131924272 0.923468947 0.693362415 0.942477226 0.519171953
    0.746022284 0.404002398 0.474397987 0.00584760308 0.797339797
    0.543214202 0.2206707 0.0982611775 0.026026845 0.22436896 0.46485129
    0.960919201 5.06639481e-07 0.656591535 0.232299 0.886348724
    0.914062023 0.551245213 0.798010647 0.34851107 0.747080505
    0.157848924 0.853077173 0.0318792462 0.576090336 0.675028682
    0.404406548 0.593855262 0.675737202 0.430656791 0.217757881
    0.235594928 0.330512404 0.0632159412 0.946564853 0.442704558
    0.860841691 0.247268319 0.281872213 0.0888764858 0.448536307
    0.609503269 0.267265141 0.333742499 0.99942553 0.373016119
    0.783050597 0.208915532 0.593902051 0.221461654 0.774466634
    0.416448772 0.772268236 0.0980444252 0.874919355 0.516251147
    0.536615729 0.507872164 0.526768565 0.092323333 0.279519528
    0.628816724 0.338821054 0.678577304 0.0654413402 0.924339414
    0.048166275 0.373095065 0.814043641 0.827276945 0.983299494
    0.305072725 0.741344929 0.163754225 0.943473101 0.384388417
    0.0983596444 0.62253499 0.37792331 0.488168329 0.206439197
    0.887398481 0.64908731 0.811952174 0.940812349 0.988500953
    0.0312783122 0.99075079 0.605726898 0.40902108 0.947043777
    0.88959676 0.496665299 0.426252484 0.409621835 0.170143068
    0.626356542 0.307495654 0.323770493 0.502930284 0.325380445
    0.080627054 0.554373562 0.59702909 0.925671935 0.0169404447
    0.709298968 0.72335422 0.926096082 0.942961872 0.750295997
    0.704034626 0.71695298 0.358038515 0.169799685 0.970707774
    0.156263053 0.411330312 0.436773092 0.849437654 0.752431095
    0.464511871 0.456227541 0.695264459 0.690997064 0.371362001
    0.227493376 0.0966340899 0.672017694 0.262113094 0.163903564
    0.215722114 0.45726645 0.0558193922 0.538550496 0.955191731
    0.580456257 0.714983106 0.352319598 0.513689756 0.575824797
    0.124025553 0.00648891926 0.927940249 0.120518208 0.979820132
    0.712770879 0.429699868 0.836142778 0.877821445 0.0821749568
    0.540466845 0.913720012 0.272838086 0.565273523 0.763834119
    0.0138442516 0.647822142 0.935774982 0.354897231 0.469129711
    0.0212198198 0.523376703 0.896060586 0.785409093 0.139800429
    0.481467843 0.341457069 0.347840339 0.0958489478 0.93842268
    0.46519044 0.312291622 0.539655924 0.287603199 0.799882472
    0.758079052 0.690621138 0.395412147 0.105755061 0.156164736
    0.268642426 0.272470504 0.0817033947 0.754212737 0.209841907
    0.902887166 0.839575171 0.00310221314 0.256073028 0.46466285
    0.642136693 0.965584636 0.775072694 0.38631466 0.420689017
    0.403500617 0.271882117 0.556762934 0.250225902 0.264550567
    0.0714443624 0.930544019 0.887952268 0.667308092 0.950364709
    0.429150879 0.10598883 0.539157033 0.513517678 0.500179172
    0.936771274 0.293463945 0.529996276 0.729619026 0.611312926
    0.43894273 0.0478328466 0.587569416 0.156499237 0.660333157
    0.602109194 0.432643026 0.147880435 0.589728832 0.0359963477
    0.686306298 0.748049676 0.328181565 0.908052564 0.311853975
    0.748613954 0.192697316 0.327812076 0.798775434 0.335533023
    0.900466681 0.848254323 0.927319884 0.288931727 0.561044395
    0.370088696 0.548870146 0.378047049 0.354463458 0.316928685
    0.0516711175 0.93448776 0.773830891 0.361953765 0.531236351
    0.403059542 0.85873419 0.938188314 0.597974062 0.920516968
    0.594187617 0.155956089 0.849018037 0.340488404 0.17811504
    0.861598492 0.101488352 0.149191111 0.251218855 0.448575139
    0.0822327137 0.478058487 0.768096268 0.145040631 0.298564315
    0.0776015222 0.0417249501 0.0776909292 0.410088718 0.897210002
    0.641801119 0.515144885 0.881512642 0.147078753 0.557181537
    0.512453318 0.279375076 0.935973525 0.529491246 0.728904009
    0.770950794 0.196797729 0.658216536 0.877329171 0.397134453
    0.682228029 0.681232691 0.992386818 0.316081196 0.645490885
    0.633548915 0.340546548 0.0529057086 0.506202698 0.164090186
    0.159814477 0.858202875 0.368608654 0.254619271 0.0677545369
    0.298208773 0.374146909 0.208241373 0.175550997 0.294540286
    0.193052948 0.828843355 0.372381091 0.118181467 0.245810777
    0.359317601 0.859253466 0.516096592 0.512029767 0.81787467
    0.189153165 0.283537209 0.508514881 0.387400925 0.548060834
    0.898461342 0.299086094 0.37102747 0.0131639838 0.564079344
    0.198097169 0.948386788 0.262576759 0.947950602 0.567280054
    0.183756113 0.603895009 0.762378037 0.613741279 0.964942932
    0.87905395 0.669093132 0.339065045 0.43930915 0.239522457
    0.980725527 0.706012845 0.612113714 0.142857134 0.20995298
    0.84102726 0.428114712 0.604947865 0.663176298 0.973556817
    0.659542859 0.155243963 0.956224442 0.340210557 0.646230459
    0.208573729 0.144584179 0.201474994 0.347313821 0.41053009
    0.977605999 0.392015606 0.192428887 0.528986037 0.43332094
    0.878943563 0.498992264 0.944751561 0.256618708 0.0807982981
    0.160257697 0.906060457 0.573369384 0.323745549 0.107791454
    0.480722398 0.729088664 0.0407637656 0.255056083 0.868590355
    0.502263248 0.118504822 0.234357059 0.45885241 0.528526425
    0.863356352 0.0545553565 0.793464303 0.830354512 0.0633653104
    0.505356491 0.0140376687 0.179450691 0.303745806 0.687230289
    0.558233976 0.14921692 0.543021977 0.78960681 0.497658223
    0.845307589 0.924245834 0.395058513 0.20186013 0.215811223
    0.449514955 0.85704124 0.710285783 0.159047097 0.566770613
    0.141768306 0.315476537 0.0243385434 0.993389249 0.717035949
    0.760988951 0.741958022 0.381033242 0.489275485 0.927946806
    0.46050176 0.530056238 0.0474348068 0.351656497 0.292058706
    0.61228615 0.547130466 0.101209074 0.510148168 0.538790226
    0.11419341 0.195855677 0.2601282 0.391547382 0.528718472 0.369978815
    0.754940152 0.471706331 0.546186209 0.192361593 0.464256197
    0.29614082 0.651434124 0.63983494 0.0203246176 0.30426985
    0.628535092 0.158147275 0.851566792 0.0877229869 0.406232357
    0.265314221 0.779147506 0.948217034 0.980866194 0.286056578
    0.891548514 0.313579023 0.0642830133 0.254759729 0.0733864009
    0.840299129 0.0951682329 0.49270618 0.143295795 0.190160275
    0.255078793 0.409516931 0.643371642 0.552206635 0.343056142
    0.862312555 0.0581287146 0.107856929 0.943991542 0.879719675
    0.0577949584 0.53892988 0.690171957 0.802572608 0.639844656
    0.311177075 0.621959805 0.895548105 0.977514744 0.719912767
    0.339389294 0.489888549 0.263714254 0.0091586411 0.172041267
    0.739653707 0.313751608 0.765651405 0.574461162 0.632326305
    0.215569437 0.88202709 0.393287092 0.130681604 0.0570793748
    0.343903095 0.723610163 0.94424665 0.864023566 0.0817694664
    0.314099997 0.863909483 0.494902402 0.354655862 0.181597292
    0.332206726 0.21964559 0.61104697 0.556348443 0.947500348
    0.538428664 0.594188094 0.00720486045 0.188755959 0.0918574035
    0.39143607 0.264761388 0.894959569 0.539438486 0.288885355
    0.120947182 0.523805201 0.506722987 0.601753473 0.242800146
    0.240171373 0.706360698 0.459654927 0.254976213 0.122083783
    0.88966161 0.758447707 0.575787306 0.0391356647 0.353455096
    0.463708282 0.252188325 0.926543474 0.255877376 0.142596424
    0.293956518 0.542684674 0.462250262 0.889070034 0.00136443973
    0.200251609 0.359430879 0.99396801 0.227640122 0.515792131
    0.887774825 0.110842019 0.419556737 0.417114109 0.469954729
    0.728983045 0.669334054 0.345922649 0.155315816 0.292637885
    0.0339504778 0.209673733 0.283528686 0.333551228 0.391630203
    0.00974425673 0.86279428 0.424672902 0.712909997 0.526806414
    0.974547505 0.269601882 0.430767775 0.861697137 0.0142491758
    0.18083778 0.321121961 0.17456764 0.6911515 0.201592416 0.65911293
    0.859334111 0.633967996 0.00151786208 0.105693102 0.631098688
    0.847519279 0.474879384 0.430757999 0.849223614 0.808476448
    0.0895828307 0.685034037 0.152528346 0.581206441 0.719361186
    0.646336913 0.590071797 0.298899114 0.336533606 0.871450067
    0.234241217 0.607354581 0.421915054 0.668968379 0.355079651
    0.975118935 0.926843643 0.773726225 0.321297348 0.0559052527
    0.111935467 0.41050747 0.995918274 0.725291312 0.392379671
    0.500585079 0.280330718 0.470723599 0.00122976303 0.29953441
    0.863055229 0.5668118 0.705505729 0.0984828472 0.219921172
    0.79028213 0.433487743 0.72238183 0.0219109356 0.566845536
    0.701801538 0.807021022 0.235396236 0.541059077 0.59902364
    0.610595226 0.327535003 0.727808356 0.523913622 0.886323452
    0.852953553 0.179317921 0.516629279 0.936522543 0.0545598567
    0.437458605 0.147621483 0.209737271 0.218184561 0.167069346
    0.398056328 0.453886986 0.376182139 0.86306119 0.336394668 0.6134094
    0.28175205 0.816740513 0.897271454 0.653976083 0.473034948
    0.169299155 0.667436659 0.00360789895 0.284487784 0.373515487
    0.980415106 0.427076459 0.378101736 0.806923032 0.036624372
    0.482485652 0.0699268878 0.789669275 0.927913308 0.531899631
    0.509251893 0.992439389 0.0187419951 0.0863851905 0.988038063
    0.843641758 0.908215165 0.401854753 0.718226671 0.318563819
    0.287237376 0.36625123 0.404382348 0.250669062 0.938576698
    0.128401577 0.7733922 0.237342119 0.278422862 0.297651023
    0.947407603 0.831205487 0.694711268 0.275191009 0.472762764
    0.963160634 0.46163097 0.136124045 0.684541225 0.637742043
    0.839354515 0.991270542 0.352555424 0.916519403 0.409621537
    0.712369919 0.692403018 0.922170639 0.54076618 0.105562985
    0.178801805 0.0536826849 0.0960765183 0.676490843 0.783604264
    0.806555331 0.444010347 0.129532635 0.754124403 0.334610045
    0.513237774 0.939910352 0.875244141 0.076506108 0.994406283
    0.894759417 0.906635582 0.9131428 0.00712957978 0.923057914
    0.448554575 0.250115514 0.412857115 0.599220097 0.713375211
    0.468147457 0.114216179 0.712449253 0.784453034 0.0120272934
    0.0737079382 0.278288782 0.395866573 0.87013042 0.801683426
    0.766916156 0.581046462 0.34773463 0.0783086121 0.910976648
    0.41309911 0.575461149 0.840820968 0.938890576 0.677946568
    0.283614576 0.947121918 0.620360851 0.928301752 0.0119540989
    0.156305522 0.142411113 0.211863399 0.891937852 0.205598772
    0.0179671943 0.587289512 0.890092254 0.638635278 0.49061501
    0.455409855 0.31524235 0.547800004 0.130130529 0.247743696
    0.891119123 0.685671031 0.390900195 0.898222685 0.951050997
    0.00128009915 0.35156697 0.375593156 0.418760031 0.820473075
    0.825541496 0.872082114 0.915822029 0.721328378 0.256229877
    0.885689318 0.503834307 0.506784141 0.291304111 0.807960272
    0.98605597 0.169674009 0.929930687 0.825945318 0.320841819
    0.511708319 0.746520817 0.00197604299 0.462028384 0.414990157
    0.536137044 0.929151893 0.0690104663 0.904781699 0.672772706
    0.184013277 0.363216549 0.263183534 0.997720838 0.324715197
    0.100636601 0.745940328 0.328665555 0.975143313 0.471149415
    0.53526479 0.408065408 0.0545687675 0.303337097 0.557180345
    0.803396583 0.492113233 0.108779877 0.919407666 0.61133945
    0.0777356625 0.457537889 0.938318729 0.995536745 0.8345415
    0.0621939898 0.0624819398 0.100774139 0.902676702 0.230030835
    0.647139549 0.44953984 0.375832438 0.0387101471 0.143640637
    0.300062656 0.281038463 0.186227828 0.255327761 0.381773412
    0.987163305 0.492916524 0.109032273 0.616063237 0.575534463
    0.438997537 0.778756082 0.971025467 0.871585369 0.76271379
    0.0527196527 0.47159338 0.196906835 0.334934235 0.969518244
    0.771903157 0.444952667 0.728441358 0.349923253 0.118840873
    0.538339257 0.17586872 0.411680609 0.327343225 0.867274463
    0.986211598 0.424937725 0.880888939 0.668998957 0.456105173
    0.800822437 0.621511936 0.200428456 0.422368616 0.998392582
    0.2858693 0.358367324 0.422303915 0.529775262 0.133693933
    0.135742486 0.959282756 0.0525768101 0.157112807 0.106858879
    0.474199742 0.943326116 0.242332369 0.883768916 0.417421162
    0.183879465 0.241780907 0.334452808 0.167619467 0.325929105
    0.264015317 0.41133225 0.346829206 0.520416975 0.625470102
    0.690064609 0.346963584 0.108288795 0.792955816 0.318892926
    0.449290752 0.559970438 0.395297766 0.370221019 0.830240965
    0.422391653 0.00762760639 0.0984832644 0.973583579 0.287915766
    0.754631877 0.234820962 0.0344212353 0.224158615 0.0391272306
    0.158736587 0.321361184 0.519987643 0.403694302 0.778146684
    0.242588282 0.300038487 0.971840262 0.92632544 0.366183996
    0.482785046 0.624726832 0.628639221 0.486346424 0.699253738
    0.430054039 0.182592303 0.467717081 0.858029246 0.573613942
    0.383377433 0.442309171 0.00819504261 0.650854051 0.821827888
    0.655242562 0.417345196 0.661621511 0.318920851 0.505221367
    0.460210413 0.251684427 0.491742194 0.777951002 0.470480889
    0.751165986 0.316227138 0.976498127 0.464077771 0.124278307
    0.956497669 0.507033825 0.339135617 0.385871768 0.229817867
    0.393543005 0.831071973 0.492880046 0.391810119 0.679634035
    0.665012002 0.600696802 0.943632603 0.735438466 0.646742523
    0.00835967064 0.129025072 0.489519209 0.229121715 0.864394546
    0.147831351 0.227515012 0.336516201 0.590422451 0.0548241436
    0.0731077194 0.727136493 0.818434954 0.400570959 0.683117807
    0.809033215 0.263409287 0.264129102 0.936402082 0.367783248
    0.70819068 0.0961637795 0.228808045 0.735029519 0.289309442
    0.323445171 0.693328142 0.772449553 0.946243167 0.229749501
    0.206593722 0.611910045 0.830647826 0.680451214 0.332690924
    0.968918025 0.206689537 0.687456131 0.459640384 0.275942147
    0.92331624 0.773927093 0.0211613774 0.315487653 0.993526101
    0.256104767 0.0620909929 0.793597817 0.984254479 0.397177845
    0.133846909 0.971166492 0.200019151 0.337000787 0.0174289048
    0.472463876 0.824888468 0.25712347 0.685421944 0.425955087
    0.743724585 0.996759236 0.0256997049 0.0559034646 0.517603695
    0.785966873 0.86007762 0.202302903 0.727694273 0.788060963
    0.650267899 0.902717352 0.414152592 0.0740737319 0.0705035031
    0.0578464568 0.0503067672 0.97395736 0.547314048 0.0456086695
    0.100031346 0.930398166 0.300870001 0.941414535 0.622577667
    0.514225841 0.0735165179 0.522700608 0.66780597 0.233464807
    0.862654448 0.42725721 0.487357169 0.448216289 0.969582677
    0.511104643 0.878120184 0.580705702 0.532582521 0.588979781
    0.81934005 0.327034652 0.106179744 0.216679692 0.0546087623
    0.322580576 0.621922076 0.0515315533 0.432266235 0.440415621
    0.440527052 0.681028128 0.973086596 0.562202692 0.285923123
    0.674084902 0.272111386 0.595049024 0.581046283 0.409310102
    0.921649337 0.382104784 0.0114194453 0.0636765063 0.608163357
    0.976682901 0.748530984 0.235853076 0.101189524 0.59885627
    0.272026837 0.386638075 0.619787812 0.305658221 0.792117238
    0.0804867744 0.573519826 0.331368029 0.0926397443 0.227118313
    0.92284888 0.980825663 0.982263684 0.99882865 0.612908781
    0.104311168 0.868231416 0.132237881 0.301610857 0.562707782
    0.630624413 0.0407521427 0.483596802 0.136352777 0.0406456292
    0.777816534 0.373004258 0.355329871 0.799319029 0.846609175
    0.196700364 0.359719902 0.747468591 0.535964727 0.453884125
    0.533359706 0.17018494 0.172692895 0.26038757 0.0959770977
    0.750053525 0.504565418 0.529389203 0.929672539 0.524445951
    0.195758134 0.331298828 0.530164957 0.762243152 0.0311766565
    0.752284408 0.340816379 0.650432587 0.14729619 0.474216819
    0.859460354 0.854377866 0.0379961431 0.942816615 0.904421568
    0.495586812 0.0953416824 0.659269333 0.285360634 0.93644619
    0.432346523 0.0949670672 0.55214572 0.880114555 0.0909989476
    0.143980622 0.022605747 0.428566724 0.160845608 0.434315622
    0.766274154 0.66806066 0.215140998 0.920202971 0.358800501
    0.991044521 0.0297556818 0.526005507 0.819523692 0.076302588
    0.129822761 0.554826856 0.529088736 0.465995461 0.705968618
    0.357132137 0.528935254 0.933094144 0.951974094 0.751100779
    0.931585729 0.394597948 0.480211675 0.0399959087 0.0933287442
    0.224356711 0.131819218 0.652033925 0.128596157 0.0744838417
    0.802957714 0.875046313 0.50955075 0.510995746 0.964226425
    0.986343026 0.0908886492 0.387780845 0.830042005 0.571316957
    0.132447273 0.183044642 0.433571994 0.425980747 0.306086719
    0.151756257 0.0445023179 0.370910108 0.110980183 0.896938503
    0.212308556 0.255649984 0.0793069303 0.897361159 0.18933624
    0.635004342 0.0077854991 0.210212827 0.355875552 0.0705784261
    0.359245241 0.00671818852 0.203810036 0.383773774 0.683004797
    0.153367728 0.6282565 0.129494309 0.0579119921 0.621716619
    0.875264764 0.136438549 0.0268270373 0.266544759 0.57915163
    0.014781177 0.72260946 0.278479666 0.34274739 0.424437881
    0.0240289271 0.310066164 0.769089222 0.319795072 0.504686356
    0.777185142 0.521630347 0.806963682 0.438073248 0.755024552
    0.754697919 0.280356169 0.113354534 0.273417294 0.557293355
    0.110931903 0.729634523 0.583565891 0.44435662 0.556043565
    0.740029991 0.0874861479 0.620769083 0.365070492 0.464793682
    0.876672864 0.61596787 0.876098573 0.332313061 0.286596537
    0.405536532 0.67552799 0.909008145 0.165325701 0.515155494
    0.737416029 0.51374191 0.30411607 0.529127836 0.167210013
    0.350131452 0.519985437 0.754066467 0.921416223 0.209595799
    0.702786326 0.360225797 0.603014588 0.442756504 0.011259526
    0.373740375 0.503703535 0.887509525 0.920570254 0.654414833
    0.385657907 0.884665132 0.00225865841 0.978329897 0.219655216
    0.0743917823 0.222458839 0.246862799 0.140996188 0.864303231
    0.950224161 0.341707706 0.254497111 0.99791348 0.332612246
    0.954354525 0.157338351 0.0396513343 0.768931985 0.966516793
    0.767467141 0.206851304 0.644733489 0.633945227 0.665899932
    0.338884234 0.235699385 0.920764208 0.306279778 0.595094562
    0.0232973397 0.280016124 0.300292015 0.104342043 0.792835593
    0.930138707 0.145605206 0.19256258 0.0919358432 0.820639491
    0.150115937 0.120357752 0.128559113 0.551958561 0.763535023
    0.365794808 0.195289284 0.790001214 0.504622698 0.821331024
    0.359981716 0.929718256 0.730758667 0.995907247 0.14008075
    0.172415197 0.852305055 0.237494171 0.905034184 0.446525097
    0.591042399 0.714737773 0.830207229 0.249338955 0.167149872
    0.641084313 0.474599153 0.660916269 0.10615766 0.437413484
    0.488820046 0.880991459 0.945934892 0.604995251 0.831570327
    0.919044077 0.526268363 0.436082482 0.996441901 0.506813347
    0.153321862 0.529699326 0.788191795 0.591115177 0.12545228
    0.604273617 0.0383430123 0.999444723 0.818700373 0.640552223
    0.436729312 0.327669472 0.125728458 0.080658406 0.419283062
    0.0554004908 0.54733032 0.871487379 0.441366732 0.900228143
    0.487379134 0.785900831 0.965651393 0.415745527 0.346872091
    0.587624907 0.177350163 0.58939147 0.442107558 0.140417725
    0.0777216852 0.361471534 0.30673629 0.973982215 0.801647604
    0.419764012 0.801494956 0.249867648 0.334123492 0.976994336
    0.669640839 0.188209772 0.594813764 0.687408686 0.228318423
    0.50812149 0.746733487 0.119906396 0.717167497 0.166138351
    0.992868423 0.88800323 0.275905907 0.828509569 0.626659155
    0.730838895 0.011931926 0.492381513 0.447174311 0.498521656
    0.922437191 0.519030094 0.24240157 0.426880002 0.948141694
    0.517846465 0.113258779 0.544640779 0.641045988 0.300225914
    0.223257154 0.549657106 0.274517536 0.85289681 0.0141862035
    0.0615140498 0.25974372 0.692431331 0.275971234 0.103415757
    0.713528574 0.343473554 0.451236963 0.77550602 0.0725057125
    0.341955066 0.360983402 0.437368393 0.271358103 0.0424224138
    0.341878593 0.380090892 0.437181592 0.354485124 0.68016988
    0.872679591 0.252225995 0.416460127 0.162043393 0.895628095
    0.0260308683 0.590461195 0.486993164 0.147835463 0.0384691358
    0.701584578 0.558326602 0.0300988555 0.147561759 0.288574815
    0.570989013 0.494829446 0.304955184 0.413965046 0.921530604
    0.0330558717 0.608768702 0.139836907 0.361226857 0.825449705
    0.512110651 0.693839729 0.241678178 0.447207838 0.169810265
    0.978111148 0.644963443 0.489726871 0.961179018 0.15380916
    0.0237797797 0.754710674 0.890493393 0.425338894 0.930568397
    0.927523613 0.650909007 0.822063029 0.366706818 0.583087087
    0.051443398 0.883366525 0.200283498 0.167905062 0.566071093
    0.861459732 0.143515319 0.538738489 0.354363561 0.726421654
    0.656998396 0.879580736 0.793345571 0.611947119 0.471153527
    0.267142028 0.500983119 0.937394798 0.520077348 0.797292948
    0.298562288 0.110504031 0.864124358 0.915378392 0.91298306
    0.799695313 0.853308558 0.947615743 0.0671435893 0.383377582
    0.630754173 0.172069877 0.163194388 0.853976607 0.76273489
    0.81494379 0.106682569 0.786800385 0.513869643 0.695566654
    0.616208196 0.895625472 0.789813817 0.441192031 0.849277496
    0.0162095726 0.502455056 0.812172532 0.618139505 0.143737078
    0.729042888 0.707454562 0.40268454 0.739114523 0.304535329
    0.128462344 0.31993705 0.495456457 0.438451558 0.912158132
    0.300779223 0.00372797251 0.457260787 0.751732349 0.014845252
    0.549827218 0.586244226 0.0660382509 0.473400474 0.190038115
    0.229939997 0.84904331 0.185425818 0.671649337 0.781456709
    0.083461225 0.216432065 0.236615092 0.516856492 0.623292446
    0.64981705 0.132855177 0.411310554 0.0914332867 0.804397166
    0.703497112 0.897445917 0.129812777 0.603391051 0.332546175
    0.0404408574 0.986093163 0.752538562 0.812128663 0.56750387 0.717179
    0.630202115 0.877741814 0.841309249 0.00757995248 0.93955636
    0.286303252 0.473125875 0.929816127 0.131278813 0.607401073
    0.0293173194 0.598833799 0.156083345 0.825240493 0.273635566
    0.188319206 0.692387342 0.781079531 0.681968808 0.97862637
    0.765372396 0.0861675143 0.245406747 0.543665826 0.303087831
    0.153153598 0.827848434 0.61709398 0.68063575 0.831042767
    0.256470382 0.320382059 0.725461423 0.432156831 0.403042018
    0.939183533 0.291731298 0.902906179 0.391497046 0.68424046
    0.806504428 0.862063885 0.162505955 0.35127008 0.363681972
    0.940269828 0.248415619 0.231004447 0.547629476 0.833667815
    0.0229448974 0.604228735 0.676100552 0.473857224 0.389793456
    0.225044876 0.477557212 0.0636257231 0.101421803 0.742741704
    0.557034016 0.540331841 0.853114247 0.503249049 0.0932900906
    0.285460919 0.74203527 0.450544715 0.99139297 0.254628122
    0.743176818 0.762269258 0.204188406 0.547372878 0.865613163
    0.32002604 0.856887281 0.41877383 0.123885095 0.58507067 0.1368604
    0.717330456 0.982474685 0.834923506 0.887854338 0.0637874007
    0.853883982 0.731464267 0.0679553449 0.304470241 0.18518874
    0.506794095 0.813522935 0.238661528 0.360767066 0.747162223
    0.723651648 0.877658665 0.401202053 0.746658921 0.0484290719
    0.982607245 0.192165941 0.307192147 0.462969869 0.390477329
    0.898754776 0.349788904 0.487234443 0.675599813 0.807126045
    0.576779723 0.711029947 0.265558064 0.149766237 0.7942366
    0.136889577 0.122125357 0.206401885 0.288801342 0.133910239
    0.430205315 0.933974147 0.524901569 0.137892276 0.982842445
    0.122147322 0.662843347 0.956069767 0.840637922 0.97836262
    0.937489748 0.141159445 0.541653812 0.562899232 0.473377466
    0.975204706 0.886188745 0.212819576 0.358948231 0.207974315
    0.250618577 0.84434557 0.670972705 0.554291487 0.337922394
    0.981041551 0.35469079 0.993122935 0.463846773 0.578303874
    0.369260669 0.13890931 0.563370645 0.813130021 0.0230257511
    0.30970335 0.295195103 0.0900132954 0.391029775 0.49266839 0.630346
    0.498213857 0.256037086 0.608703732 0.919558764 0.954406679
    0.0208014846 0.753876209 0.687952816 0.40290308 0.382115006
    0.00425240397 0.147658229 0.255746812 0.736074448 0.713365078
    0.290691048 0.148278117 0.806188345 0.110163957 0.677194238
    0.330564499 0.748772323 0.0393420756 0.159564108 0.186043918
    0.546085238 0.835262835 0.474764347 0.146275997 0.178139746
    0.851283908 0.0977431238 0.731061697 0.167527676 0.430498183
    0.967918873 0.397994846 0.160408378 0.402603835 0.982460856
    0.209845811 0.97828728 0.444638669 0.0927076042 0.297114044
    0.427286923 0.643231511 0.81088531 0.0821237564 0.511682332
    0.893045127 0.285413206 0.550722718 0.531851709 0.493050069
    0.637079358 0.778977096 0.0111138225 0.642754674 0.481412172
    0.414060295 0.611962438 0.892583489 0.9830181 0.60304606 0.661647677
    0.472126961 0.802629471 0.550688565 0.212986082 0.0801388025
    0.614597261 0.18589434 0.047303021 0.261844277 0.287675649
    0.889999926 0.507177532 0.370020568 0.516444445 0.241223693
    0.376830339 0.815754652 0.451916218 0.120040625 0.946145713
    0.339018524 0.211369008 0.261298358 0.328056753 0.555562496
    0.56829232 0.545280218 0.844622254 0.947291374 0.55686909
    0.795439005 0.56150198 0.754865527 0.87466979 0.768974125
    0.224632502 0.00294420123 0.623048604 0.384586751 0.693831265
    0.260938823 0.271699905 0.218259454 0.403361171 0.0157439113
    0.0485848188 0.840308189 0.948667049 0.948204398 0.505592406
    0.168421745 0.557558656 0.00730410218 0.352935344 0.256302297
    0.398101151 0.891434073 0.0852680802 0.978428721 0.195917457
    0.165366441 0.877953291 0.166850835 0.317371666 0.948717237
    0.833636999 0.490967453 0.126347661 0.907161355 0.475107491
    0.346012414 0.284009129 0.496234834 0.666220903 0.831299841
    0.227951497 0.966188788 0.637782633 0.454902798 0.476182461
    0.82507211 0.527977824 0.745566368 0.605957866 0.911714911
    0.394483566 0.669738233 0.848463714 0.780083597 0.177980036
    0.431682497 0.947294474 0.765357852 0.91472137 0.652033567
    0.221798956 0.904206634 0.473978877 0.820645988 0.27060771
    0.798363328 0.665757358 0.562358379 0.522764087 0.596867442
    0.36273995 0.148004442 0.330963969 0.653140485 0.959164381
    0.0234911442 0.81279242 0.0373554826 0.126167655 0.851702213
    0.0055320859 0.104271948 0.536876857 0.565568984 0.0612444878
    0.939736187 0.572501659 0.723971963 0.638867736 0.599224031
    0.574626029 0.889361978 0.637866914 0.526778817 0.22839129
    0.141611099 0.0793243349 0.147991389 0.165089786 0.996987224
    0.704997122 0.703790784 0.656536698 0.4243747 0.928952992
    0.486873984 0.11940527 0.846887589 0.73811543 0.592823386
    0.919079423 0.156114757 0.714453697 0.0506365597 0.579343557
    0.303378403 0.0829354525 0.266699076 0.805285156 0.479593903
    0.257705748 0.444425017 0.882225394 0.212566644 0.763894379
    0.120902449 0.00482070446 0.685241461 0.0996766686 0.963994741
    0.295719028 0.714562416 0.482357264 0.205209017 0.138239831
    0.670036197 0.344251513 0.632936895 0.125829458 0.853783906
    0.249260873 0.281080961 0.527891338 0.521955132 0.945708752
    0.17402932 0.354064465 0.408515453 0.210176647 0.419308692
    0.318689138 0.34321481 0.123680055 0.659867823 0.848084629
    0.305087388 0.337346137 0.0453172624 0.565718353 0.567140579
    0.355576813 0.211298764 0.777730525 0.884468913 0.239965975
    0.597359896 0.102228463 0.494667649 0.69709444 0.722220063
    0.551537454 0.104319811 0.468508571 0.607341528 0.908793092
    0.341467321 0.380561918 0.375954539 0.888434172 0.0129932463
    0.498563975 0.848024011 0.186342865 0.468745112 0.277573943
    0.0991643071 0.700805783 0.0486379862 0.489385486 0.833127618
    0.740291715 0.226192206 0.478906959 0.926447451 0.672974706
    0.825449288 0.108794659 0.316238105 0.669963241 0.994806886
    0.195256501 0.490446597 0.597987056 0.797995269 0.298440993
    0.626751781 0.96666038 0.716279685 0.24238652 0.429677427
    0.489176124 0.51846379 0.265576124 0.410627514 0.700176895
    0.990466774 0.234341025 0.881705403 0.844557643 0.0547811985
    0.980066657 0.954476357 0.318370759 0.341482759 0.122073561
    0.568526745 0.680701852 0.408136487 0.403290331 0.709389091
    0.688024879 0.440954298 0.511274159 0.402609944 0.581079304
    0.364231408 0.766726851 0.54948616 0.668482959 0.710062265
    0.0961857736 0.506674945 0.465399086 0.937630415 0.876997113
    0.109406471 0.664469957 0.297224402 0.11816594 0.732401967
    0.889827669 0.812990308 0.709290206 0.733973861 0.271603733
    0.0432220995 0.487562776 0.5209167 0.741208076 0.541620135
    0.761442661 0.556843221 0.73203963 0.459745467 0.3602027 0.997117996
    0.624021947 0.796313763 0.170269787 0.0131487846 0.654761672
    0.138652742 0.630304933 0.130470127 0.664036393 0.934294939
    0.786874235 0.913936734 0.656033516 0.283127844 0.711841464
    0.845860958 0.77798897 0.356542677 0.00164577365 0.589267075
    0.487205505 0.72456193 0.929489732 0.643723428 0.178681195
    0.636409819 0.280960739 0.9995749 0.46249488 0.593753874 0.647535205
    0.499536902 0.421373129 0.125412524 0.710450649 0.203779399
    0.857808232 0.0207647085 0.827373266 0.34433639 0.739710391
    0.739168942 0.727643311 0.698607206 0.556525946 0.520461619
    0.978101373 0.650994599 0.583922386 0.173605233 0.385415941
    0.237776339 0.127665401 0.107909322 0.110429645 0.456935376
    0.450901985 0.464749783 0.296019584 0.750198603 0.366366386
    0.287351847 0.391517758 0.949691415 0.730154157 0.864270806
    0.6710217 0.164125502 0.994634151 0.32991308 0.0108712316
    0.119963109 0.053288579 0.753184319 0.79756099 0.94491303
    0.280387759 0.25589633 0.64806366 0.919394016 0.0969728827
    0.456380367 0.559378862 0.951830626 0.494397461 0.916344881
    0.0786417425 0.781433463 0.640982509 0.0102522075 0.162498713
    0.441918105 0.651498437 0.465770632 0.645423889 0.527282
    0.0915490091 0.823595226 0.0893210769 0.70721525 0.406133801
    0.270206034 0.784533262 0.127999038 0.516058624 0.0435987413
    0.0967980325 0.379737377 0.684083402 0.899769664 0.149352908
    0.422219574 0.663235366 0.656072617 0.0725285411 0.605934203
    0.595825672 0.466675133 0.603790045 0.157133698 0.427588284
    0.126321763 0.1092619 0.12841934 0.967450798 0.812007189 0.332673252
    0.773133874 0.283886075 0.246112347 0.366843253 0.609980702
    0.324799478 0.325256437 0.493881136 0.733553648 0.873668969
    0.514145195 0.215300828 0.268087745 0.937639594 0.962229252
    0.264526963 0.983532667 0.0811536014 0.658000827 0.41160506
    0.591519117 0.0826210678 0.249556452 0.587327182 0.148768514
    0.566528559 0.938472807 0.100166649 0.91805917 0.879080892
    0.421278358 0.500742257 0.633655071 0.72838062 0.679696023
    0.412377954 0.335768521 0.329802632 0.255792022 0.143693268
    0.358403206 0.856762648 0.351946712 0.514044166 0.291505247
    0.662122309 0.299268782 0.232763499 0.792237282 0.773042798
    0.756545424 0.45102936 0.796918869 0.115430623 0.619056642
    0.759385109 0.642281294 0.757329583 0.395878226 0.468222439
    0.534975827 0.833986521 0.649597049 0.880812824 0.241071284
    0.937376857 0.677708149 0.374418199 0.15523994 0.269226909
    0.921810567 0.137492687 0.059977442 0.760562778 0.42512542
    0.431345224 0.234717935 0.676510692 0.311271012 0.308236957
    0.633272588 0.270299911 0.0425131023 0.890111685 0.316103339
    0.0470331907 0.267780989 0.687488735 0.898900568 0.70217669
    0.0365309119 0.287070543 0.0457909107 0.354094684 0.303067386
    0.799225211 0.799177885 0.832713723 0.916083574 0.690554678
    0.830484569 0.0868620872 0.436570525 0.260629475 0.921504736
    0.395529091 0.24971813 0.97547555 0.0352092683 0.891035318
    0.406888098 0.46401155 0.331386268 0.117628664 0.00377479196
    0.348062694 0.943243623 0.0424012542 0.277354777 0.637282729
    0.941712856 0.606002688 0.148106456 0.163066328 0.517690539
    0.165127784 0.114144057 0.0898097456 0.0388461351 0.988989353
    0.0916166902 0.638739467 0.683217824 0.0695519447 0.608315527
    0.330506444 0.332377851 0.81060499 0.631645441 0.449381292
    0.520285845 0.9011392 0.360569298 0.711830139 0.970869064
    0.00307786465 0.388844132 0.80016458 0.257755011 0.0993002057
    0.858184218 0.20525229 0.202657729 0.721001089 0.724866331
    0.338317662 0.138783962 0.335596174 0.26548028 0.116798341
    0.377391219 0.44718492 0.219103068 0.2025024 0.809669137 0.707379639
    0.00116786361 0.149671972 0.161910594 0.761742651 0.805714846
    0.0965968668 0.814739347 0.119124472 0.334435195 0.0038767457
    0.297910094 0.28783378 0.275858492 0.729670644 0.305579364
    0.651080787 0.364894867 0.773405075 0.00857633352 0.962793231
    0.562510431 0.0863443613 0.844036579 0.993436813 0.133628398
    0.737379074 0.445657074 0.344694793 0.489424616 0.672879279
    0.0446720123 0.95967257 0.629178882 0.505381465 0.252638996
    0.292471945 0.737538517 0.640814781 0.845921636 0.710403204
    0.140023708 0.72629267 0.780745268 0.269331813 0.706790626
    0.0385941267 0.654259503 0.209947437 0.76592648 0.624961257
    0.245674402 0.573518276 0.444161355 0.695926845 0.828092694
    0.195982397 0.361234546 0.122427881 0.961929917 0.119654149
    0.273609877 0.273555607 0.795495033 0.729269147 0.823967934
    0.191558778 0.803570032 0.758195758 0.443487406 0.872548699
    0.97937727 0.918825984 0.862053573 0.468053192 0.0331960022
    0.347529233 0.484703243 0.907859087 0.620791376 0.914935946
    0.49404335 0.67709893 0.478982329 0.733392119 0.42647177
    0.0926579237 0.324049234 0.826214194 0.95319128 0.505950272
    0.400465995 0.438598961 0.843629837 0.705678761 0.83102411
    0.541477382 0.169091225 0.390512407 0.11798647 0.435725808
    0.204283714 0.515120268 0.258962512 0.838582158 0.521535635
    0.149664998 0.788923144 0.818713188 0.427207768 0.723316371
    0.396450192 0.755322456 0.123492897 0.881394207 0.17189908
    0.773750484 0.997703195 0.252866447 0.387505502 0.420239359
    0.957315326 0.0196738541 0.867439151 0.701253116 0.188713908
    0.35413295 0.0399892032 0.295870423 0.766770899 0.859612942
    0.033729583 0.924830675 0.747263193 0.107122838 0.806665897
    0.0326578319 0.87095505 0.731737614 0.151317209 0.6583125 0.75243789
    0.95971477 0.256434143 0.628793001 0.949351549 0.838171363
    0.484943539 0.572113633 0.710403979 0.124990374 0.813748538
    0.69049114 0.845588028 0.395432949 0.821576238 0.0200570226
    0.525569022 0.627230883 0.888534665 0.384186804 0.822779119
    0.134949654 0.626186252 0.563151717 0.83261013 0.31949091
    0.947960794 0.691042542 0.329019099 0.376781762 0.314823478
    0.881895185 0.780004203 0.247834533 0.356473744 0.919755101
    0.173834294 0.863955259 0.610346735 0.92299217 0.0180788338
    0.53024888 0.995452344 0.951996088 0.0519971251 0.734837592
    0.161636859 0.445643038 0.0527946949 0.474149913 0.467852622
    0.467663646 0.732839763 0.858270884 0.203959972 0.846516252
    0.334022224 0.845122337 0.995347321 0.704838753 0.814469755
    0.636264205 0.57059741 0.131266803 0.275143623 0.686756551
    0.416148603 0.779555202 0.0475665033 0.161297381 0.665562987
    0.294146061 0.162397295 0.204049736 0.216208667 0.694200039
    0.302130461 0.0878015459 0.00546815991 0.231137276 0.431481332
    0.513777971 0.017090857 0.0797770023 0.279457271 0.539021254
    0.394022107 0.985953569 0.142680347 0.327556193 0.964517951
    0.545527041 0.774329185 0.388919413 0.608914614 0.346664637
    0.984523892 0.587793231 0.580545902 0.483366609 0.866333961
    0.360445827 0.705161572 0.380041212 0.379105568 0.95243156
    0.729410827 0.352127552 0.654966831 0.876409411 0.208074003
    0.630788803 0.495831162 0.278894663 0.467425436 0.29985249
    0.749883533 0.470334321 0.257012993 0.557213843 0.0349331498
    0.970909297 0.235765547 0.800456941 0.639950395 0.867838144
    0.647254825 0.455519378 0.137768239 0.104536504 0.628800213
    0.94795835 0.689771056 0.749650121 0.925905287 0.295452088
    0.56814158 0.161988527 0.515353322 0.773985803 0.301125646
    0.0419872701 0.397578508 0.620028913 0.48000434 0.630946815
    0.283426642 0.234037757 0.229258984 0.910116792 0.936668873
    0.453730404 0.923426867 0.0455711186 0.837019265 0.261803985
    0.519770324 0.00152531266 0.188504606 0.604432464 0.846925259
    0.327392757 0.958217144 0.858330607 0.276419073 0.795618415
    0.577153802 0.970798612 0.170455784 0.774416685 0.481685191
    0.635717154 0.00339186192 0.0834097564 0.776839912 0.0759955049
    0.458596498 0.131624341 0.545387268 0.999233723 0.664339423
    0.603069127 0.387720972 0.00186792016 0.322746724 0.464790136
    0.83259362 0.634861052 0.177912861 0.0274134576 0.127296031
    0.978462696 0.0370570123 0.374002278 0.231060326 0.676602006
    0.63652885 0.803622246 0.638067186 0.183006674 0.381213635
    0.141316265 0.57068485 0.0358674824 0.70862788 0.351738155
    0.151364863 0.341507137 0.258835524 0.783116817 0.675841749
    0.213454306 0.717891216 0.162880719 0.360131085 0.150642902
    0.719017923 0.454844296 0.137007147 0.465016067 0.0766361356
    0.687604845 0.319895506 0.944201112 0.210156292 0.774684787
    0.732513785 0.336209774 0.143665224 0.846065044 0.874341071
    0.524663866 0.206165284 0.355659127 0.437648237 0.529916644
    0.437270522 0.686124384 0.627844334 0.0338174999 0.431545466
    0.744041502 0.547400355 0.689092696 0.00704437494 0.270636618
    0.613283694 0.89597702 0.192018926 0.0499587953 0.193933576
    0.617925823 0.792907238 0.982095242 0.745177507 0.607619345
    0.354011536 0.469237059 0.683024168 0.164770186 0.585444033
    0.567691743 0.644716561 0.331605107 0.617424846 0.109496981
    0.945321798 0.384522438 0.870869398 0.904556036 0.324114323
    0.662366807 0.311960757 0.00515243411 0.672355175 0.869122148
    0.827789545 0.10430488 0.498035729 0.689639688 0.773035884
    0.512923062 0.162919909 0.11371693 0.568116605 0.45125553
    0.667383492 0.355501771 0.420436203 0.613402247 0.888240218
    0.809903383 0.585006595 0.623426437 0.574797451 0.538853824
    0.278531909 0.130411446 0.434027851 0.055719167 0.109035045
    0.312060058 0.644672155 0.344801933 0.206581563 0.637359977
    0.561814249 0.441265643 0.147102624 0.296055436 0.982213736
    0.743639052 0.918214917 0.707491159 0.190950215 0.58401823
    0.938846946 0.576429486 0.335272133 0.433392346 0.352795929
    0.00666406751 0.555279136 0.903032184 0.59275949 0.429156125
    0.366753101 0.678646445 0.738915205 0.0669938028 0.707454741
    0.0808756053 0.893164039 0.114108652 0.838244677 0.262056649
    0.419234633 0.628311396 0.642127752 0.313971937 0.0955858231
    0.551296651 0.898049891 0.449203849 0.536171734 0.367240787
    0.536843956 0.353276968 0.40219444 0.495446563 0.326948732
    0.325113505 0.920285344 0.563321948 0.700877786 0.055105865
    0.635169029 0.312301606 0.572663069 0.691019595 0.0604657233
    0.130784214 0.925720453 0.022405386 0.741408348 0.371613622
    0.359713793 0.688322067 0.543105245 0.732667208 0.237517715
    0.864190459 0.387519568 0.50705266 0.486802459 0.4934735 0.760770738
    0.741224408 0.829283118 0.406292439 0.419477612 0.372754067
    0.111291766 0.617748618 0.00382357836 0.49770242 0.922661364
    0.460356802 0.681428194 0.437666625 0.382030964 0.942572355
    0.462038338 0.646849155 0.590731323 0.233382344 0.317959428
    0.70703876 0.987690151 0.751353562 0.153069198 0.98902154
    0.574616134 0.436140478 0.900388539 0.821564853 0.155271381
    0.465866327 0.754562736 0.729376554 0.815006673 0.329859912
    0.338450551 0.700830996 0.0438545048 0.234077334 0.831934094
    0.296119452 0.756404757 0.280106246 0.934330225 0.693214774
    0.0291846395 0.209898353 0.560586751 0.700665116 0.960659981
    0.694164157 0.449704885 0.769042671 0.830792904 0.661405325
    0.0812628865 0.237817705 0.852266192 0.26216495 0.240874559
    0.936243594 0.692418396 0.719185948 0.37228924 0.182718158
    0.0169402361 0.69759959 0.442509651 0.344852746 0.216241568
    0.449450552 0.742248178 0.24087894 0.297925711 0.571856797
    0.446500748 0.757264614 0.493635297 0.146723151 0.545862973
    0.361089766 0.758040786 0.577276647 0.00726753473 0.649441898
    0.959082127 0.773282707 0.771256685 0.643019617 0.607291698
    0.714870691 0.550129294 0.0328519344 0.553415239 0.830599904
    0.492108583 0.187368989 0.223815978 0.0732254982 0.035957098
    0.529914618 0.504036725 0.755703211 0.536672413 0.791108012
    0.27583465 0.356746733 0.279812455 0.861637831 0.409407675
    0.888470411 0.407556027 0.455885857 0.18333146 0.222313136
    0.324425995 0.791056931 0.813997507 0.253227234 0.931940377
    0.282481313 0.147759497 0.0253587365 0.0203844011 0.238547355
    0.545928836 0.0542887151 0.277071685 0.07231462 0.220793426
    0.18636626 0.471420586 0.763975143 0.213764399 0.0294256508
    0.90536499 0.788101673 0.394331157 0.393019259 0.136355191
    0.194795221 0.715703249 0.0590174198 0.908482432 0.418470323
    0.730820179 0.11864692 0.775179148 0.151555479 0.138565004
    0.0332240164 0.736131549 0.127097547 0.627041817 0.92215538
    0.906812727 0.520176291 0.187560588 0.722287714 0.271434963
    0.301153868 0.521725714 0.93992424 0.938825727 0.680002153
    0.799413204 0.080478549 0.804118037 0.340514362 0.570857704
    0.346672058 0.835003316 0.938157797 0.649137378 0.423383355
    0.845493197 0.924367666 0.375319034 0.725503445 0.110836029
    0.772912264 0.237918466 0.795670152 0.275893807 0.988636255
    0.387199521 0.870601773 0.70460856 0.417514533 0.701627374
    0.675976336 0.169219732 0.748918295 0.141639411 0.773823738
    0.794345558 0.395545512 0.221114516 0.83362186 0.500728667
    0.0977259874 0.265260071 0.986449361 0.538699687 0.767623007
    0.252032578 0.0780643225 0.250813484 0.659821868 0.981097758
    0.979967713 0.407209843 0.212706596 0.498695254 0.571988583
    0.0674913228 0.27261728 0.00688135624 0.940403759 0.391242236
    0.664949656 0.783824742 0.202944517 0.936175346 0.330315292
    0.155887902 0.789968371 0.402810812 0.765930235 0.713257194
    0.366633534 0.348762512 0.637669086 0.805319905 0.526135862
    0.872350931 0.600432754 0.194127083 0.121715873 0.548231423
    0.378419161 0.755300224 0.810588956 0.279935926 0.366169959
    0.000578016043 0.639845431 0.995931625 0.0195238292 0.835268021
    0.381978273 0.751510262 0.517820358 0.961474001 0.607644439
    0.534239233 0.857706308 0.726081252 0.586608648 0.369602203
    0.167016715 0.425846636 0.905478954 0.0804092586 0.490157753
    0.471152693 0.681903422 0.51034677 0.0597455502 0.996033847
    0.0402780473 0.449273139 0.0606240928 0.842651367 0.0793167353
    0.772308648 0.800706208 0.702776134 0.225586027 0.0577591658
    0.916330695 0.271002233 0.514540672 0.458216548 0.592708588
    0.760491848 0.869858623 0.867980719 0.746935725 0.621465385
    0.586998224 0.281102538 0.578579426 0.47412917 0.235813826
    0.848460555 0.0512005091 0.0602860749 0.896529734 0.873640776
    0.405626416 0.571182668 0.833941221 0.387808949 0.751244187
    0.520404756 0.983403802 0.855264068 0.459978193 0.376420587
    0.806979179 0.250592947 0.440935761 0.171457142 0.418375313
    0.940121651 0.393448949 0.708380818 0.830816031 0.486935824
    0.247503281 0.188041955 0.297275484 0.702875376 0.428303152
    0.214182347 0.242384344 0.57276082 0.394539714 0.705390096
    0.822059095 0.593085647 0.943517745 0.379972786 0.420975924
    0.668482363 0.0777756274 0.682826281 0.979605794 0.384064227
    0.561401129 0.865926623 0.0628517866 0.299933195 0.130160987
    0.564471304 0.623042107 0.42335698 0.466302365 0.79261899
    0.0863396823 0.116047323 0.957142711 0.23675251 0.0264846385
    0.968145669 0.806662321 0.409659624 0.703614056 0.133241147
    0.100646317 0.527533472 0.938079417 0.839960814 0.86099875
    0.735798359 0.605396688 0.0352648199 0.995828331 0.121197879
    0.878757834 0.383362353 0.273849279 0.245268464 0.161011398
    0.485924661 0.285230488 0.487636417 0.733433366 0.256682456
    0.748620629 0.204063475 0.554796278 0.154438823 0.115250766
    0.000129014254 0.432580471 0.825852513 0.440755129 0.0892333686
    0.650814533 0.979246259 0.104029536 0.0766949058 0.110649645
    0.0929983258 0.605895996 0.446650356 0.126656264 0.445222288
    0.720507503 0.424900711 0.0415760577 0.382459939 0.42067191
    0.821662009 0.984016657 0.0835617483 0.242231339 0.963943183
    0.955504358 0.0181320906 0.162210792 0.119221717 0.971997201
    0.544781923 0.196683466 0.809791505 0.6397205 0.468187869
    0.283020318 0.911558747 0.960634351 0.429871559 0.180806279
    0.0459624529 0.0385020971 0.317698956 0.606824756 0.845797002
    0.87088567 0.247506469 0.171959579 0.143652916 0.373998761
    0.119411498 0.098677665 0.705477238 0.232792675 0.753504753
    0.639681935 0.999877334 0.792554259 0.0418809652 0.908610284
    0.542784512 0.343702674 0.563678145 0.953503728 0.162307441
    0.852166653 0.595795989 0.764242649 0.0403712392 0.0513700843
    0.348067552 0.109304577 0.475856215 0.527653039 0.873018742
    0.401212156 0.771098971 0.214331269 0.33627069 0.482138395
    0.208978176 0.260373175 0.667007148 0.213931292 0.955418527
    0.0128943622 0.816496015 0.901086569 0.71113193 0.930648804
    0.55954349 0.476346761 0.966444135 0.988402605 0.961513877
    0.709027171 0.593631625 0.536012292 0.588637412 0.54878968
    0.657719553 0.386293858 0.953322053 0.0817175508 0.250908464
    0.495758891 0.204304218 0.294534028 0.497630447 0.889796615
    0.885301054 0.279363006 0.247705281 0.212837219 0.362644941
    0.486963928 0.0843415558 0.811273932 0.592095077 0.410753429
    0.746516943 0.323895216 0.344208568 0.321859002 0.548445582
    0.0966814756 0.738350332 0.76735568 0.87345922 0.558826208
    0.560361624 0.470340014 0.69055748 0.701894283 0.288491011
    0.248497486 0.381556451 0.121754318 0.738016009 0.0675980151
    0.406247467 0.34743619 0.544413745 0.226008266 0.332116902
    0.271438181 0.80827415 0.00929650664 0.258983135 0.198419839
    0.00078061223 0.542032778 0.63924861 0.493390143 0.935883105
    0.573197842 0.567882717 0.41406256 0.712462485 0.861824989
    0.974771023 0.816280723 0.0956956744 0.25121212 0.448956966
    0.208688825 0.22988829 0.100771695 0.882927179 0.239421666
    0.194768637 0.9592067 0.378526062 0.0523079336 0.345112711
    0.463420451 0.528766334 0.538340449 0.373398006 0.469069421
    0.82833159 0.130429924 0.995926976 0.367100596 0.372198164
    0.225690186 0.125378132 0.107537806 0.0912889242 0.842881739
    0.133865654 0.000586420298 0.995101094 0.181176484 0.136745006
    0.871604443 0.914741695 0.642598093 0.259483933 0.616767228
    0.181014061 0.136515915 0.806079686 0.89860487 0.783385634
    0.95767343 0.432694674 0.375491053 0.440972298 0.407527983
    0.0688929558 0.243759692 0.0638724267 0.256749541 0.174405098
    0.894510448 0.0801734924 0.655454278 0.856543601 0.0840922594
    0.229447812 0.874416947 0.00403892994 0.828533351 0.339771092
    0.0844081044 0.907503664 0.579836965 0.932677388 0.44725436
    0.91386342 0.559274673 0.43190068 0.310959816 0.112190872
    0.857765675 0.170283198 0.996504545 0.542448223 0.772155523
    0.306739956 0.357672602 0.30116266 0.582661927 0.975745738
    0.354366779 0.49191615 0.815445483 0.937068582 0.927302957
    0.292165756 0.414777756 0.275387287 0.591403663 0.733385205
    0.867867708 0.763238549 0.722977817 0.65787226 0.132445604
    0.423552483 0.711560249 0.388126522 0.539386034 0.782563567
    0.126164079 0.0222088695 0.125963181 0.0647842884 0.702468157
    0.322125614 0.128038317 0.754134178 0.457854241 0.0610876679
    0.932375491 0.339200258 0.811779022 0.108959615 0.669521213
    0.344064534 0.258384347 0.450292706 0.287201405 0.549586415
    0.95024848 0.389786959 0.396576077 0.374249637 0.897371531
    0.0161923766 0.901744723 0.596091628 0.905340075 0.537239373
    0.425193191 0.74296689 0.529867649 0.956459582 0.289094567
    0.105299085 0.482067108 0.54463011 0.978889108 0.110508889
    0.704989374 0.83921206 0.43736887 0.261034697 0.902583539
    0.678364933 0.609620094 0.0408012271 0.577897727 0.443672448
    0.0838322341 0.501000702 0.588450313 0.403980732 0.558787048
    0.0948589146 0.849120259 0.284480631 0.41959399 0.0371060371
    0.820253015 0.510557353 0.404874444 0.103066176 0.634733856
    0.805595517 0.7185269 0.0477066934 0.561849415 0.594340861
    0.582214773 0.755868793 0.0970211625 0.948010325 0.265319496
    0.0674801469 0.763286829 0.144792944 0.522877574 0.906351268
    0.810612559 0.272010207 0.477910012 0.469648331 0.823195338
    0.181400657 0.878544211 0.300759733 0.458549947 0.241980791
    0.188325346 0.618576765 0.365161121 0.400260687 0.0943244398
    0.572409034 0.644858658 0.350534618 0.634418011 0.0797060728
    0.653475046 0.249645233 0.828695714 0.993301988 0.0356507897
    0.0104902983 0.908084095 0.200793445 0.695957661 0.752604842
    0.869505167 0.348232329 0.435540318 0.88157022 0.437311083
    0.854751229 0.597859442 0.75381875 0.587299109 0.436441213
    0.356961668 0.299731255 0.922079682 0.194343865 0.368564188
    0.686247289 0.881064296 0.742938459 0.715622187 0.393565476
    0.469543785 0.260597587 0.394642055 0.388992935 0.206541479
    0.225102991 0.0464716852 0.0415795743 0.865778327 0.578849435
    0.0596643984 0.100382447 0.702675939 0.325861037 0.956764042
    0.616506338 0.454970837 0.278983951 0.822563052 0.554443002
    0.0192129016 0.41244939 0.935031176 0.140477002 0.0693986416
    0.514582515 0.842481136 0.813986599 0.835964441 0.0503472984
    0.644979 0.155056655 0.995577276 0.296965301 0.465187699 0.907422483
    0.0442323089 0.393965989 0.0240147114 0.892286241 0.820223987
    0.905632257 0.210632712 0.813495696 0.0698800087 0.0369066596
    0.242517561 0.645203292 0.62398541 0.644932449 0.239660829
    0.205694854 0.220484823 0.978269339 0.0173768997 0.332193017
    0.412748337 0.859646559 0.555615246 0.550629079 0.319941282
    0.364995867 0.504101038 0.1854963 0.796246767 0.194111764
    0.829873443 0.36263752 0.0175695717 0.997126222 0.883873463
    0.604557157 0.721469522 0.830044627 0.0277745128 0.352213323
    0.580952287 0.213600487 0.240448356 0.663052201 0.198739856
    0.754061759 0.959593773 0.352724999 0.169848889 0.150807381
    0.921533287 0.8924793 0.0201663077 0.0316044986 0.824983656
    0.529294133 0.792987823 0.597496152 0.604225934 0.688671231
    0.309334606 0.405772805 0.355745137 0.83566457 0.814549565
    0.606334567 0.780093968 0.299660265 0.468505591 0.508034468
    0.353929698 0.0193765163 0.557858229 0.146974683 0.319401562
    0.244375199 0.926932931 0.00295877457 0.41753304 0.416039288
    0.683521748 0.966691315 0.155173302 0.899413168 0.618973017
    0.252993643 0.709398746 0.685234666 0.288749456 0.572927117
    0.889955878 0.589069903 0.998174071 0.635532379 0.387761593
    0.290940046 0.291125864 0.0471562445 0.727508307 0.322765529
    0.622269332 0.445494145 0.921038985 0.00424081087 0.602612376
    0.86556375 0.13869077 0.474916667 0.559067667 0.740420401
    0.781148076 0.74346441 0.694929123 0.913713157 0.221932501
    0.94717133 0.0653225183 0.947025359 0.985138416 0.582830369
    0.0348610878 0.277284592 0.347000539 0.674658537 0.494180918
    0.0374908447 0.159701169 0.734233022 0.781296015 0.601160944
    0.524335086 0.0600804389 0.178100944 0.150903046 0.0340138972
    0.826743007 0.538987398 0.679457784 0.976297259 0.960942388
    0.604314208 0.894144535 0.115062296 0.0920236409 0.588732421
    0.195574313 0.416529357 0.427062511 0.374918997 0.623556674
    0.842832685 0.539352596 0.467192233 0.250899136 0.512391567
    0.524188399 0.0125216544 0.245602459 0.452205956 0.236796021
    0.651189744 0.798941433 0.620621502 0.561125636 0.299101859
    0.839584351 0.825985909 0.700799465 0.25971806 0.0804772675
    0.260755301 0.241999269 0.480179191 0.371270895 0.830078363
    0.0142884851 0.566115022 0.774731636 0.996688783 0.0825342238
    0.548910022 0.989853084 0.656074941 0.0169019103 0.55228442
    0.040399611 0.131089151 0.168076366 0.205825448 0.774680197
    0.29466337 0.74718672 0.247501045 0.0340943336 0.974472642
    0.651230335 0.131257623 0.828493655 0.254066229 0.0794159472
    0.763972819 0.688505411 0.959003091 0.277669907 0.0362068117
    0.645882308 0.928385139 0.074660331 0.10022521 0.503698587
    0.859085441 0.774162054 0.0782178044 0.340587139 0.377639353
    0.866294384 0.0312551558 0.767228305 0.966451466 0.330206513
    0.366081715 0.0145962834 0.143894553 0.588642418 0.453223884
    0.833949208 0.0534688532 0.598646402 0.377714813 0.826688409
    0.399909645 0.999214172 0.978398919 0.51996249 0.731900513
    0.935946167 0.0733675957 0.230744362 0.98189187 0.316003144
    0.883806586 0.0101571977 0.625472784 0.159122765 0.908543289
    0.0463338196 0.387045145 0.782439351 0.790661573 0.834502637
    0.0616915524 0.180545568 0.999256372 0.673646212 0.17067194
    0.0622792542 0.406308591 0.261171252 0.89384681 0.299000442
    0.31595397 0.37012136 0.696563125 0.0584363639 0.748180151
    0.239400208 0.562252939 0.217932075 0.412678689 0.17951265
    0.167193353 0.26176095 0.824894428 0.149079859 0.617019892
    0.00585126877 0.133733213 0.496529102 0.885648131 0.882083833
    0.215907961 0.941716909 0.517715037 0.294166893 0.4358311
    0.798916578 0.705603898 0.827445865 0.556327939 0.343963444
    0.178977847 0.706594586 0.549295485 0.797769248 0.0613149107
    0.166417688 0.849066973 0.121506453 0.950076342 0.106179029
    0.392681181 0.0149306357 0.713398576 0.990977943 0.375577062
    0.791790664 0.701039791 0.480937004 0.289909303 0.912861109
    0.927184939 0.376923203 0.00855365396 0.969616354 0.225827932
    0.131761193 0.579743207 0.820281625 0.40128541 0.389188051
    0.595758557 0.305893779 0.335260391 0.486390591 0.768240213
    0.816285729 0.209043801 0.167186558 0.304358333 0.310239136
    0.0757338107 0.0466000736 0.0844133794 0.596815765 0.65516305
    0.468827426 0.764167905 0.421287894 0.913919687 0.5463956
    0.154601693 0.960219622 0.89544028 0.660692453 0.638478875
    0.558073521 0.640889168 0.16607818 0.446879178 0.346470833
    0.225708187 0.239855409 0.680950999 0.257202238 0.453645974
    0.349737287 0.629036248 0.0937404633 0.188096434 0.760600388
    0.942851365 0.287274599 0.629882097 0.460797757 0.483218372
    0.319386959 0.391744465 0.987171948 0.858879805 0.342311144
    0.251707017 0.673937261 0.590990841 0.240824431 0.928486824
    0.245351493 0.981419861 0.636621475 0.483650535 0.780644 0.291966617
    0.842003584 0.846353173 0.984070897 0.0343480706 0.923439145
    0.826540828 0.406973302 0.595031619 0.166908264 0.490606993
    0.088108629 0.757506609 0.482156664 0.81054008 0.225260973
    0.21263811 0.369908273 0.135408968 0.441542774 0.759585023
    0.269642472 0.660268068 0.897233546 0.660754442 0.631903887
    0.584087729 0.0698308945 0.15067935 0.363420963 0.663967788
    0.322296202 0.250924498 0.849595547 0.262447208 0.439159095
    0.697923541 0.338664323 0.152189642 0.503318548 0.363912225
    0.795674205 0.784307063 0.313157856 0.747659624 0.427454948
    0.686192214 0.757506669 0.950347066 0.402569979 0.229988366
    0.956954241 0.930472791 0.828429043 0.565397799 0.19489336
    0.175387919 0.197802544 0.901712775 0.537793696 0.482307434
    0.55018127 0.570119143 0.0845133066 0.700735211 0.985939264
    0.170334369 0.598811746 0.0477286577 0.111480922 0.742479622
    0.267704427 0.70630455 0.726332963 0.164408743 0.333958864
    0.585915565 0.108681649 0.77635622 0.848770738 0.994493484
    0.284047365 0.0242294967 0.000576853752 0.146184474 0.702583194
    0.0350474715 0.533008993 0.402836859 0.566705048 0.858627379
    0.267647684 0.4933514 0.814004064 0.924531221 0.383809119
    0.727788627 0.133376002 0.0274968147 0.601247549 0.259215266
    0.374149263 0.617714107 0.079813689 0.32331425 0.018876791
    0.153891683 0.676826358 0.277583718 0.969392121 0.420787424
    0.340093076 0.279984176 0.862953126 0.125997961 0.388516843
    0.533808351 0.616062284 0.961862922 0.596525013 0.748913765
    0.227226764 0.287796766 0.596045613 0.642807126 0.607222319
    0.349734426 0.258988321 0.191311598 0.982995212 0.297613382
    0.784250557 0.374552608 0.880967617 0.976173759 0.604720414
    0.336759031 0.640275061 0.969015539 0.160721242 0.572898567
    0.378344595 0.026075542 0.153289378 0.209661484 0.545380294
    0.0715046525 0.898222864 0.139876783 0.562183022 0.0435228944
    0.00297284126 0.390659124 0.889429092 0.776134789 0.32679525
    0.348292351 0.0677728355 0.465003222 0.832992852 0.0931310654
    0.781186342 0.53975302 0.214590877 0.0398853421 0.770801783
    0.968467474 0.498397946 0.0998777151 0.833896875 0.103686631
    0.282012165 0.355718374 0.599584043 0.44103834 0.27396524
    0.956093967 0.868017793 0.389277935 0.528830051 0.942836881
    0.317807376 0.665227652 0.38608712 0.505503356 0.699504018
    0.228725165 0.450020373 0.799268186 0.310776114 0.895018041
    0.359393448 0.86828047 0.700233817 0.594843268 0.050545603
    0.588561893 0.515281796 0.24605003 0.175149262 0.989875197
    0.758727551 0.205225885 0.992585897 0.490346998 0.380342454
    0.0521555245 0.0379432142 0.322628558 0.92441988 0.194865465
    0.646417081 0.682840526 0.613758743 0.829745412 0.188657761
    0.96030736 0.581332862 0.608239055 0.817174673 0.501910388
    0.460561752 0.1779024 0.403053015 0.496208221 0.558485329
    0.596643031 0.316763639 0.335254788 0.919236541 0.135455817
    0.260631979 0.0908184648 0.675624609 0.551518679 0.486194521
    0.755294204 0.0557416379 0.97762084 0.0380575657 0.975647211
    0.986148238 0.536593497 0.698403239 0.524648488 0.969106019
    0.972832561 0.608420908 0.0345824063 0.231404603 0.422896892
    0.915974975 0.610473931 0.939810872 0.175763905 0.115116417
    0.555153251 0.45818454 0.517478347 0.131046891 0.442848176
    0.703132987 0.989340723 0.940432191 0.545038521 0.441235721
    0.286048174 0.727168739 0.0996770263 0.582466125 0.0972233713
    0.809321463 0.657963991 0.463249862 0.247963876 0.231624842
    0.0759246647 0.0746810734 0.0747108161 0.931878746 0.540077746
    0.732527614 0.646579027 0.859404564 0.23165369 0.115976542
    0.157339454 0.898869872 0.674863338 0.316812873 0.539132118
    0.49095884 0.0598401129 0.74127841 0.571194232 0.527902961
    0.296227396 0.995305479 0.505293608 0.181044966 0.562339127
    0.377818346 0.153851956 0.873721361 0.902262926 0.924867034
    0.171611071 0.266911328 0.00690406561 0.848403573 0.548176885
    0.704917789 0.587901771 0.412033528 0.886751831 0.946239114
    0.625919521 0.287366688 0.44959712 0.459851712 0.957640767
    0.588861227 0.292342454 0.0193231702 0.34860453 0.327409208
    0.630925238 0.29047519 0.700728416 0.686820626 0.276729226
    0.345907241 0.467224151 0.6254884 0.808628082 0.240577072
    0.0634485483 0.954701066 0.686917603 0.651507318 0.229090363
    0.901728272 0.585370839 0.526262164 0.121338487 0.0383341014
    0.819691062 0.086784631 0.573269725 0.385033637 0.0624579787
    0.0576698482 0.358707339 0.148736984 0.211726546 0.274603009
    0.19838053 0.113460809 0.855275512 0.762188911 0.78032124
    0.0853418708 0.0725181401 0.692670584 0.166453272 0.947689712
    0.343069196 0.743184209 0.00729331374 0.353715062 0.695668697
    0.178241044 0.43094179 0.748653531 0.508568108 0.103084475
    0.326720715 0.308543891 0.0540890694 0.330647707 0.436340123
    0.744765043 0.561844826 0.0835767686 0.865234196 0.596564472
    0.449235499 0.330380321 0.910892606 0.742507696 0.602945507
    0.111183345 0.991958201 0.902204275 0.361946821 0.477300823
    0.0314359367 0.768885374 0.30118385 0.246582031 0.390955031
    0.604781449 0.375977665 0.115357131 0.672344863 0.412207723
    0.471684515 0.620030046 0.408442378 0.932678819 0.889790714
    0.856184542 0.313721418 0.495685101 0.640086293 0.17285189
    0.264207512 0.360940456 0.597200096 0.665173829 0.254102677
    0.090552032 0.873090863 0.881516933 0.447548628 0.440048546
    0.307617396 0.240309149 0.654520333 0.500258982 0.00755864382
    0.604866147 0.48678714 0.0440291464 0.26546818 0.842797756
    0.490609825 0.930060983 0.703778446 0.957674742 0.984504223
    0.144228935 0.22897768 0.253393292 0.79572463 0.274738818
    0.204486281 0.874100924 0.42190069 0.709749758 0.965725422
    0.832310915 0.550578833 0.250279844 0.0375523269 0.629200935
    0.894583702 0.493921727 0.0250854194 0.326217234 0.469491839
    0.347663045 0.384588271 0.314081341 0.172011137 0.264040589
    0.0346014202 0.52004379 0.0942801237 0.413243502 0.970588326
    0.309106737 0.17554754 0.455222219 0.365582258 0.906720936
    0.122383982 0.522180498 0.809427381 0.249113053 0.662276268
    0.915975451 0.885345221 0.17504096 0.560841084 0.73967284
    0.443181098 0.0782192051 0.110223174 0.847008407 0.925302267
    0.097874254 0.292169631 0.701450169 0.241162568 0.578778625
    0.3894445 0.482587904 0.329128236 0.144988567 0.681467712 0.74617964
    0.0554616153 0.843785942 0.539672971 0.282908499 0.261315167
    0.0988956094 0.3923392 0.0425993502 0.444923133 0.63645792
    0.175318897 0.900112331 0.955916762 0.376589656 0.861648202
    0.373203099 0.902367592 0.682725668 0.548830926 0.183111399
    0.881695509 0.421913385 0.697231054 0.500704765 0.496180773
    0.389498472 0.396808624 0.950503469 0.28370142 0.850729525
    0.770072401 0.0550484359 0.346195072 0.238798141 0.721669436
    0.00431957841 0.5896281 0.446393609 0.705238879 0.395047814
    0.876836777 0.251347154 0.487936676 0.828228533 0.284672976
    0.694441557 0.817929626 0.778283179 0.660319805 0.675643146
    0.926553786 0.105152518 0.967733145 0.544091344 0.835754693
    0.68073231 0.982098043 0.0335741341 0.501834393 0.915513992
    0.7148875 0.0659588873 0.731774569 0.850820005 0.19004643
    0.895228505 0.140443385 0.594247758 0.658210933 0.532298982
    0.170039564 0.323717356 0.903690219 0.0501711071 0.27623421
    0.610887766 0.229411662 0.638810217 0.0879961848 0.401444644
    0.216978788 0.398025483 0.549079657 0.977520585 0.922435999
    0.639751434 0.723676443 0.291974038 0.460829765 0.634885252
    0.830215812 0.886917472 0.718503833 0.664834201 0.637763441
    0.436546296 0.296846688 0.886375129 0.667658567 0.986499786
    0.216342241 0.427868485 0.0226014256 0.541185915 0.23213616
    0.226821959 0.63245064 0.231670976 0.669717133 0.703309298
    0.0191735029 0.374449641 0.00847172737 0.876454055 0.732444763
    0.77225101 0.0316718817 0.321629107 0.65430665 0.192532539
    0.762714505 0.158185273 0.921365023 0.122126043 0.118074089
    0.397029549 0.554901183 0.275712252 0.55109936 0.410770863
    0.617075682 0.98557961 0.490409553 0.296193719 0.85082984 0.98720479
    0.737070501 0.541602671 0.695703447 0.232280791 0.94851613
    0.0284713507 0.822412491 0.925276875 0.0155953765 0.192012489
    0.395671278 0.811623096 0.758232832 0.00200098753 0.248813659
    0.189838767 0.957242727 0.724869967 0.463335603 0.462304801
    0.976991594 0.827403307 0.66415441 0.539520025 0.696479261
    0.238197565 0.557100534 0.375537634 0.611317754 0.970557213
    0.317966461 0.790689945 0.54822278 0.152694046 0.24458608
    0.519766748 0.248326361 0.701687813 0.824274063 0.290549308
    0.481501728 0.523609221 0.311278105 0.260227591 0.750152588
    0.81789875 0.93165338 0.429108441 0.0669889748 0.562339246
    0.249622226 0.981770396 0.656158388 0.324241608 0.819170833
    0.274567634 0.319074869 0.728473783 0.138274163 0.0388422012
    0.392566115 0.585520089 0.429698259 0.117591977 0.972133756
    0.531630397 0.121836752 0.564811528 0.852600574 0.701678753
    0.895425498 0.518088996 0.324483931 0.0513952076 0.232667774
    0.170171678 0.848899484 0.748868108 0.321362078 0.56472832
    0.966927528 0.115425766 0.572493672 0.325606316 0.59918499
    0.666306913 0.891987801 0.112298459 0.0137160718 0.11757794
    0.13731578 0.0870673954 0.00309225917 0.813598275 0.541193724
    0.10098356 0.538919926 0.505157948 0.768289268 0.400056779
    0.246290892 0.211122721 0.705600739 0.253516525 0.969870031
    0.0265106261 0.452463001 0.75952208 0.3518067 0.0695635676
    0.81150341 0.945729256 0.47616449 0.739653826 0.193387777
    0.513817906 0.503844976 0.166638553 0.414336801 0.764462352
    0.774567783 0.127297789 0.645947576 0.658295274 0.944128096
    0.251171947 0.5353598 0.0580944419 0.720777571 0.429451227
    0.231000125 0.0739828944 0.662724495 0.368761599 0.936214685
    0.513373196 0.812573791 0.024173677 0.631715059 0.373222649
    0.318453312 0.8601197 0.187981218 0.489695579 0.709128499
    0.849892974 0.319461405 0.460827589 0.291516066 0.643670499
    0.352370828 0.3525213 0.27124691 0.235444933 0.254869312 0.490710318
    0.941037297 0.34877342 0.204894811 0.878917694 0.117084831
    0.175702423 0.883835077 0.769694448 0.541539729 0.439527631
    0.759991825 0.321660757 0.324668467 0.989645243 0.466737419
    0.519558132 0.483643055 0.714501441 0.272526056 0.403020203
    0.582256973 0.937894821 0.786566138 0.259337097 0.416812181
    0.980782509 0.253835022 0.86161685 0.530096769 0.078989476
    0.720939398 0.0652649403 0.631427646 0.159094751 0.724351764
    0.798466802 0.676104724 0.300060064 0.539366007 0.835673869
    0.954098761 0.0860824585 0.188315302 0.838814557 0.291421294
    0.104999542 0.417443216 0.770653605 0.849879384 0.346478879
    0.191249669 0.230903387 0.5568434 0.808299661 0.534865201 0.82159543
    0.731316328 0.69777292 0.139543444 0.484948218 0.514664412
    0.180789411 0.0566499531 0.0676050484 0.0214631855 0.80292809
    0.549980044 0.875816345 0.498086572 0.523692608 0.572623074
    0.785363078 0.975280285 0.276961744 0.865715265 0.932565629
    0.556012273 0.706707835 0.420906633 0.448045522 0.0916216075
    0.422458887 0.407412916 0.112122089 0.760257244 0.406051874
    0.956997335 0.545557678 0.369099617 0.715810537 0.1868563
    0.211717397 0.789398193 0.682139575 0.405203938 0.300914854
    0.0287424624 0.517127156 0.189542413 0.640346646 0.0793580413
    0.590998828 0.931493282 0.958440304 0.116408348 0.817991138
    0.257547855 0.322596788 0.347627521 0.487884998 0.612148941
    0.202632904 0.988107324 0.252052009 0.0104228854 0.259079933
    0.311312824 0.173703998 0.584187448 0.781105757 0.883952856
    0.686746657 0.571654081 0.902089596 0.443955958 0.949531555
    0.789322972 0.500191212 0.641715407 0.803665996 0.984787285
    0.0781730711 0.98918426 0.63989979 0.22590676 0.148465961
    0.828154445 0.360867053 0.886110425 0.538041055 0.69734776
    0.812173247 0.0536063313 0.466404825 0.188801259 0.656360149
    0.701435328 0.0934374928 0.409714937 0.484564811 0.36053744
    0.995302677 0.233050674 0.671518326 0.107399076 0.348611027
    0.522222579 0.623258889 0.772906899 0.509606719 0.731315851
    0.170126557 0.773688793 0.753791451 0.20799014 0.372623354
    0.574739337 0.551699996 0.511155188 0.351722896 0.36168915
    0.362852752 0.724326015 0.753489077 0.815195203 0.403947771
    0.00586879253 0.813154101 0.000673264265 0.807930827 0.420994878
    0.517696261 0.0352439582 0.765188694 0.964670658 0.720828176
    0.406062305 0.16078648 0.000345826149 0.957437038 0.737979949
    0.712240279 0.378500164 0.379876494 0.745446801 0.219685584
    0.45686537 0.139160722 0.288332105 0.554343343 0.141595215
    0.53048116 0.367563486 0.274588615 0.219120413 0.269874692
    0.955196619 0.902747393 0.379615545 0.149763763 0.810262918
    0.0559843183 0.246728778 0.726324737 0.187874854 0.72220546
    0.240436524 0.82497263 0.503595591 0.217982739 0.790403962
    0.408349425 0.26144433 0.723273039 0.290133059 0.263225287
    0.0100679994 0.60465157 0.475403666 0.431355268 0.974627614
    0.963458419 0.437618643 0.939846396 0.120450616 0.874223351
    0.587231815 0.102715999 0.952031612 0.187489092 0.774179161
    0.274933755 0.00458222628 0.255983531 0.685905695 0.864956021
    0.306115985 0.514870048 0.273453087 0.0284440219 0.277521729
    0.951943159 0.907892287 0.0167917311 0.977564931 0.409711242
    0.202390045 0.622537434 0.0579052269 0.4515751 0.432768047
    0.869464517 0.448714107 0.244612128 0.222840071 0.637046576
    0.699615419 0.103690863 0.82326591 0.905299544 0.994484305
    0.0885718465 0.751049817 0.0919270217 0.68506068 0.20228973
    0.959746599 0.402914643 0.0740500689 0.517504096 0.20841518
    0.450443804 0.884380579 0.237897396 0.527489066 0.904963136
    0.314080238 0.00709083676 0.762969971 0.633196354 0.478084654
    0.878488541 0.838224888 0.708927453 0.562075078 0.0609484017
    0.353022814 0.427683234 0.327698618 0.681645155 0.283599824
    0.397937685 0.680256367 0.670139909 0.94542551 0.579799771
    0.460612863 0.697826147 0.899427533 0.270895958 0.138957977
    0.245098919 0.0812722743 0.134060472 0.166531861 0.116073936
    0.740602195 0.210934132 0.15517059 0.0828810334 0.847665727
    0.881366968 0.503353715 0.0973724127 0.505429149 0.606927037
    0.281357646 0.559807241 0.380233347 0.391425788 0.013576746
    0.763058066 0.0578747094 0.540884733 0.755053699 0.783813953
    0.658189118 0.701034129 0.343049139 0.821533442 0.699694395
    0.62837708 0.229009002 0.898519695 0.911768913 0.578315616
    0.762825668 0.34382695 0.668013334 0.112956017 0.07168293
    0.457020223 0.181825876 0.663405776 0.961495578 0.198118597
    0.37736842 0.270049274 0.58652854 0.387232304 0.481705636
    0.399405032 0.0776413977 0.816849232 0.517171681 0.0661067963
    0.517527759 0.135822654 0.786135137 0.839399695 0.701942146
    0.656629205 0.883179426 0.823691964 0.114182919 0.166200876
    0.0845199525 0.705022812 0.599932849 0.0385755002 0.991721153
    0.25892657 0.690124154 0.259368479 0.234399199 0.0781239867
    0.300268263 0.207701981 0.49228102 0.327792525 0.726115346
    0.189978808 0.743331492 0.356263936 0.405471385 0.0509598553
    0.865095377 0.351217955 0.694813251 0.885794997 0.84456408
    0.706563652 0.0181879103 0.801523805 0.917910337 0.32054916
    0.64852494 0.532036304 0.786535621 0.332285315 0.423490882
    0.550705969 0.270449281 0.854836166 0.454824209 0.703372002
    0.439955205 0.83793515 0.463286281 0.587320328 0.0604803264
    0.572978616 0.841552496 0.366938174 0.741228044 0.793542206
    0.296284735 0.507439971 0.760027528 0.64232564 0.856251836
    0.13790372 0.661947489 0.439092606 0.822756052 0.642958641
    0.963007033 0.158337861 0.983637691 0.046151042 0.663093567
    0.877120018 0.710122824 0.830192804 0.926778674 0.436273038
    0.551937819 0.656479061 0.263070196 0.00634968281 0.293511927
    0.710157156 0.248779833 0.90648973 0.371097267 0.760904372
    0.390830398 0.571520507 0.457188904 0.35696274 0.111854196
    0.640170515 0.754638731 0.325528175 0.498814225 0.780442715
    0.388298392 0.664615273 0.50179112 0.676059484 0.714802265
    0.912071526 0.828360438 0.519948006 0.297267616 0.309924245
    0.609095871 0.330283463 0.343780577 0.128716946 0.275819778
    0.178570211 0.300433725 0.444512904 0.381911248 0.756435812
    0.0626594424 0.807135224 0.908264399 0.495815188 0.40315187
    0.577125669 0.930649042 0.509527802 0.998079479 0.550755739
    0.725859284 0.753817439 0.330021679 0.03606233 0.562776387
    0.969418049 0.649101913 0.0984593034 0.63247329 0.378779382
    0.179041922 0.975592613 0.3220568 0.806171358 0.1049411 0.140603721
    0.581755757 0.600208223 0.0659644902 0.319393992 0.691040397
    0.922832489 0.156968623 0.0858638287 0.593317091 0.135277689
    0.520895541 0.771705508 0.925571918 0.580723643 0.292727947
    0.307037979 0.61543411 0.812601447 0.765578866 0.21082446
    0.798900604 0.461055219 0.722527981 0.145737827 0.277017802
    0.840912461 0.666549385 0.625659823 0.719455779 0.820890069
    0.9631235 0.57627964 0.27494055 0.920514107 0.636824787 0.429755688
    0.18830198 0.740186393 0.990066588 0.522288859 0.855224729
    0.657454193 0.980742872 0.798268795 0.927459955 0.468845576
    0.818943024 0.0383291543 0.700024366 0.611318767 0.795326471
    0.739778996 0.261334062 0.881958961 0.666116178 0.438634068
    0.122257233 0.0827339888 0.762985826 0.724890769 0.899070621
    0.278549194 0.0705092251 0.421218514 0.879675806 0.555860221
    0.313971937 0.797279835 0.415629685 0.721753001 0.168548256
    0.400898039 0.118273973 0.344392121 0.559388816 0.677119911
    0.911944389 0.317983449 0.3308824 0.120654166 0.490598589
    0.342266738 0.216899067 0.411927581 0.680366218 0.327161491
    0.815552533 0.958343625 0.233302563 0.560023606 0.136321545
    0.67391932 0.828873575 0.10519731 0.856626868 0.240653306
    0.827696085 0.641953707 0.561383128 0.305016935 0.786604345
    0.573055208 0.267834008 0.957006216 0.702348709 0.74204278
    0.051698029 0.563661695 0.602580607 0.584007323 0.480545104
    0.416698545 0.469534457 0.260307759 0.38653791 0.627405643
    0.494554818 0.945744395 0.456823051 0.831726909 0.0222933292
    0.39518714 0.567889869 0.378665388 0.359269083 0.377076834
    0.506886542 0.946725547 0.265182227 0.377087474 0.765884995
    0.785090625 0.449902058 0.81197691 0.228503466 0.378432602
    0.796317518 0.260020971 0.926167786 0.606031954 0.132365286
    0.847389102 0.219999433 0.108358204 0.0354345441 0.387953758
    0.110560358 0.726857901 0.854640841 0.466990292 0.732247651
    0.723253667 0.909000278 0.493460864 0.31453687 0.385225445
    0.756423116 0.268121213 0.310866952 0.185501665 0.529249966
    0.0010869205 0.84985584 0.101086587 0.398124158 0.105791777
    0.472142041 0.605502784 0.636228085 0.894722104 0.471753746
    0.437502772 0.209158242 0.445007205 0.286372244 0.931415558
    0.0627149642 0.198218673 0.991613388 0.110689133 0.503693163
    0.58144635 0.0312705934 0.288249612 0.31087321 0.0231808424
    0.0907782316 0.402860403 0.184758067 0.775451839 0.0117239356
    0.820274115 0.28484109 0.0572029054 0.744199276 0.141833156
    0.30502665 0.888779521 0.143428087 0.196030855 0.0600387156
    0.141918212 0.79350996 0.820066929 0.882897556 0.606056929
    0.260845304 0.909042597 0.451573014 0.501776218 0.233112991
    0.85061413 0.295900196 0.838519931 0.153293222 0.817944765
    0.661326885 0.430644423 0.127245724 0.845800996 0.601686001
    0.709418595 0.77998507 0.26560837 0.374917895 0.189795673
    0.0618054569 0.304493368 0.188050717 0.356793493 0.835126996
    0.817122459 0.873864472 0.100862294 0.382425785 0.571570039
    0.665678918 0.735224307 0.0972917676 0.902455568 0.337012976
    0.455608159 0.978296995 0.620612502 0.499449551 0.0759459138
    0.483766735 0.244321078 0.444711596 0.111661047 0.147386193
    0.169038236 0.2812168 0.650967598 0.745095193 0.85953629 0.831647038
    0.832132638 0.106652021 0.907259226 0.812051058 0.450993985
    0.140126407 0.886784077 0.149656802 0.127710789 0.209578693
    0.688126683 0.562733829 0.844076514 0.712117255 0.0626758337
    0.673159957 0.416928291 0.927859426 0.824756324 0.54787451
    0.704460144 0.53190136 0.988584876 0.863523722 0.955788016
    0.637516797 0.128003627 0.37650755 0.347694844 0.333107144
    0.671717167 0.39962855 0.750239193 0.268184304 0.456628174
    0.386650383 0.321565092 0.979953408 0.489864767 0.363711774
    0.210261285 0.458770603 0.000455021858 0.766511381 0.41160813
    0.813128591 0.810205221 0.953080773 0.429483145 0.625436664
    0.87986654 0.51307708 0.289727509 0.962864161 0.73065877 0.224490672
    0.181445003 0.970306754 0.914610744 0.26233691 0.307879925
    0.279323399 0.125322908 0.330254436 0.141628623 0.368306994
    0.975433588 0.106184542 0.565663517 0.0146316588 0.865685105
    0.877262712 0.551069319 0.262435198 0.558764696 0.351338923
    0.459131688 0.0985305011 0.0919246078 0.2080006 0.0347250998
    0.759477437 0.854660749 0.0472667217 0.450041443 0.999578536
    0.424859047 0.0243451297 0.459808081 0.177968085 0.384126067
    0.916453958 0.695789278 0.38785854 0.806972265 0.149171263
    0.363089502 0.854423225 0.106502831 0.931382179 0.225504488
    0.617082059 0.545256436 0.279917598 0.607619703 0.72358501
    0.980555296 0.228948504 0.738627791 0.55863595 0.775740266
    0.778976917 0.0649753213 0.727258742 0.710235715 0.557827234
    0.607420623 0.413779587 0.699800253 0.558771133 0.150063068
    0.999887824 0.0489861369 0.979452252 0.273472071 0.85394311
    0.198203295 0.966980219 0.555280983 0.96092397 0.41089648
    0.660259068 0.55634737 0.898387194 0.254925311 0.485897362
    0.942943096 0.18045643 0.50002867 0.409920812 0.199916095
    0.562633574 0.382954091 0.453995615 0.106112778 0.0937152207
    0.0322849154 0.735627949 0.506171942 0.786090851 0.655342102
    0.672340035 0.816601276 0.783988953 0.350939333 0.125515193
    0.0508556366 0.0802928209 0.724186718 0.0709457695 0.553727627
    0.956172824 0.265100896 0.891330183 0.137241423 0.341865778
    0.569413722 0.503339648 0.356754839 0.569715321 0.12836495
    0.111035258 0.782505572 0.826110482 0.0166937709 0.990448415
    0.704905868 0.980311573 0.691559315 0.790615439 0.554372787
    0.611742735 0.26522541 0.444050372 0.689633727 0.0523727834
    0.0396667123 0.669689715 0.678732812 0.874843121 0.632861793
    0.296038032 0.302690923 0.356488585 0.0512138307 0.165184706
    0.578778148 0.637087822 0.35646069 0.284380555 0.213783205
    0.259094357 0.00696098804 0.182434887 0.616577685 0.45263204
    0.145060152 0.41705817 0.494067043 0.46585837 0.332667112
    0.903873086 0.107233644 0.317398727 0.912555099 0.201516241
    0.374099493 0.931411147 0.249644995 0.259209245 0.359539002
    0.388245642 0.521074593 0.0942085683 0.678620875 0.830805779
    0.449402958 0.929131985 0.675849199 0.278056979 0.375835001
    0.884163022 0.256007493 0.018152386 0.732822061 0.243751556
    0.941236496 0.695270777 0.101277888 0.17928943 0.280460775
    0.161984354 0.512363791 0.266699374 0.0653899312 0.297426105
    0.858395815 0.365393311 0.238528639 0.890268207 0.74710691
    0.97718817 0.191287369 0.180109054 0.697773874 0.143416405
    0.29787147 0.643354654 0.422284871 0.150587618 0.338998616
    0.891257882 0.260425001 0.833791018 0.0257561803 0.986096978
    0.857561469 0.667220116 0.0616201162 0.989896059 0.770626783
    0.986768961 0.107211083 0.223727018 0.354902416 0.50130558
    0.0485535264 0.986115575 0.857201517 0.497303814 0.863706112
    0.511970878 0.943206668 0.321537644 0.0749452114 0.515731394
    0.643558621 0.207615435 0.516747713 0.261865795 0.642436683
    0.811306119 0.660945833 0.455375314 0.538427413 0.588157892
    0.722596407 0.123145014 0.64270854 0.457946599 0.313435644
    0.99978292 0.874909282 0.486881107 0.897386134 0.725392878
    0.853635907 0.447488964 0.562444091 0.79234159 0.433048993
    0.892243385 0.58524853 0.0985632241 0.966984153 0.676115751
    0.0860249102 0.522377014 0.367333889 0.795228124 0.801571071
    0.958920836 0.545051277 0.992385387 0.419862151 0.184176534
    0.822774649 0.371959448 0.922166467 0.683028042 0.091314882
    0.624580145 0.100506842 0.518191934 0.657281518 0.435849071
    0.320075512 0.710665047 0.0558900833 0.323301971 0.535480559
    0.596676171 0.384772331 0.312438786 0.617973447 0.98645407
    0.287438989 0.417250574 0.59680146 0.613294721 0.079749018
    0.971803963 0.92261827 0.564593017 0.243104756 0.863196611
    0.131227374 0.676680744 0.68978411 0.835877657 0.71789974
    0.957978964 0.654149711 0.406151533 0.426315159 0.436876476
    0.850257874 0.496041328 0.698910117 0.812457323 0.384655952
    0.556845963 0.544511974 0.0863809884 0.191814423 0.370182812
    0.976030707 0.944326162 0.958915114 0.51973033 0.595827162
    0.542923152 0.693658471 0.0962150395 0.458482623 0.101275891
    0.411975354 0.994677663 0.234373391 0.760580182 0.597405016
    0.435709268 0.201736152 0.116437972 0.962841272 0.513928354
    0.364159703 0.044146806 0.0412242711 0.588828266 0.751344264
    0.775182128 0.0847757161 0.948165476 0.405778289 0.814117253
    0.193522632 0.549332142 0.333690703 0.560480535 0.738069415
    0.137111992 0.945692599 0.092235148 0.0500462949 0.793241382
    0.693228006 0.465658963 0.94939959 0.524796605 0.333820403
    0.264528811 0.988006473 0.425036371 0.0618569553 0.00905919075
    0.572862089 0.87806493 0.475518465 0.524423838 0.014378041
    0.265227616 0.689041555 0.895347118 0.936254621 0.646126628
    0.942573667 0.952130497 0.141945928 0.520347357 0.434834659
    0.713844299 0.531857729 0.235374302 0.339301199 0.63525635
    0.41867888 0.0476242602 0.255369037 0.803318918 0.506265938
    0.116123199 0.778121769 0.343050808 0.161668569 0.276087344
    0.833019555 0.0798911154 0.837839961 0.475011915 0.0611945689
    0.603893459 0.874691606 0.427688241 0.721899748 0.780329227
    0.705855966 0.931491077 0.6089468 0.640053034 0.781994879
    0.221815884 0.28947717 0.919258595 0.674619138 0.443460166
    0.21274215 0.745685458 0.0419344902 0.149851322 0.334966421
    0.872831762 0.0865767896 0.438263774 0.798940301 0.708981335
    0.963857591 0.847388506 0.847747445 0.334065199 0.701939702
    0.772531629 0.635422945 0.651072323 0.190398246 0.463055462
    0.50350529 0.412390947 0.961099207 0.413298666 0.545594752
    0.305728674 0.695408046 0.932567358 0.601021409 0.0574146509
    0.244823664 0.0766042173 0.819051981 0.128430098 0.531475306
    0.156024218 0.0738941133 0.418360591 0.870786667 0.716586173
    0.698881328 0.495693922 0.627499104 0.143813193 0.869763076
    0.0247696638 0.97375381 0.407836229 0.0766263604 0.752397001
    0.447120696 0.149791598 0.264980674 0.873184085 0.945443988
    0.649355412 0.0502873659 0.316866457 0.593571544 0.504680991
    0.150564581 0.658346713 0.0270369649 0.836671114 0.132634193
    0.536528528 0.132736862 0.198603362 0.829421341 0.61910677
    0.842951715 0.545241714 0.519546092 0.573181808 0.740114391
    0.741016805 0.671029031 0.920634747 0.386685282 0.775846362
    0.256221235 0.885090172 0.455571383 0.91854167 0.0428373218
    0.517350316 0.23687157 0.463475436 0.417428702 0.734280586
    0.828622282 0.654201746 0.0198954642 0.0765848756 0.162943214
    0.504134059 0.61962682 0.515447795 0.553177059 0.292427897
    0.835590243 0.323535442 0.615799248 0.744799078 0.483702123
    0.791964173 0.338345528 0.899273813 0.987703621 0.411297023
    0.197924048 0.751402378 0.723448277 0.147145599 0.851946712
    0.644887388 0.391159892 0.131092668 0.0267271101 0.636159658
    0.815769732 0.774747014 0.937832117 0.764679909 0.346503764
    0.758252323 0.883855581 0.450813711 0.358819127 0.397614062
    0.989025474 0.155686736 0.517704427 0.516150236 0.627610028
    0.898597836 0.874120057 0.122612655 0.125527263 0.789755702
    0.190727621 0.983713329 0.805073023 0.370108187 0.630533814
    0.279785544 0.48423779 0.720280886 0.00474861264 0.727696836
    0.850494266 0.537088335 0.304417491 0.449154407 0.998827159
    0.54042232 0.417744577 0.507558644 0.0376545191 0.700231075
    0.818159044 0.29793331 0.884320855 0.385509044 0.0493201613
    0.688695967 0.405494869 0.686083615 0.931738317 0.896767378
    0.88808465 0.658035994 0.219128788 0.0984328687 0.161791772
    0.474280864 0.106749922 0.825438559 0.686659217 0.277758598
    0.996320367 0.549326956 0.814143419 0.00302511454 0.438912421
    0.552176058 0.545396507 0.632402182 0.544595599 0.490854621
    0.82502687 0.761450291 0.311788082 0.515099823 0.581447124
    0.625925541 0.879822016 0.2161915 0.646269262 0.825569272
    0.204859883 0.186202496 0.190272182 0.326424062 0.458186686
    0.17783609 0.91127789 0.719407916 0.419813573 0.57566005 0.623250842
    0.120835841 0.140271574 0.638801932 0.0373714566 0.92256844
    0.0603927672 0.863551259 0.782309294 0.675873637 0.381171465
    0.68167448 0.733137608 0.590079188 0.752308488 0.735506773
    0.219174743 0.256679833 0.235521168 0.594384372 0.834361553
    0.908863127 0.469168425 0.255368769 0.946461201 0.319886565
    0.600899637 0.33179307 0.761924744 0.286500245 0.36207366
    0.540679812 0.514961004 0.800333977 0.737584531 0.312610507
    0.371242464 0.256519526 0.236779988 0.885976136 0.505828679
    0.551594734 0.688100696 0.487056822 0.656342745 0.594485641
    0.0127896667 0.456853867 0.512829542 0.792086899 0.459097058
    0.0914051235 0.738262355 0.450058639 0.377562433 0.681172132
    0.672720671 0.567780912 0.270182133 0.0157551169 0.471175939
    0.999115586 0.539843678 0.331895053 0.688593388 0.976660609
    0.0668471754 0.101661116 0.362993777 0.670919299 0.288021863
    0.107792288 0.305558562 0.0894790292 0.812936187 0.537170827
    0.834810138 0.879458249 0.562194169 0.57564044 0.629725218
    0.0172164738 0.777416945 0.164996922 0.263441652 0.846162438
    0.0628653765 0.00724497437 0.251099825 0.964941263 0.597126544
    0.36990574 0.499850392 0.886048079 0.955240965 0.259439468
    0.872859061 0.386128724 0.414650172 0.124476671 0.484320164
    0.667554379 0.725244999 0.291892409 0.366681844 0.352773428
    0.897061586 0.569338024 0.343156695 0.647733033 0.811809719
    0.829851389 0.316173911 0.0330821276 0.576256216 0.609402001
    0.286320686 0.154798627 0.311639726 0.123918802 0.712433159
    0.820057631 0.726330638 0.0467572808 0.412016571 0.25149256
    0.918093562 0.465255857 0.948180079 0.984379053 0.828143001
    0.273261964 0.235492259 0.672801912 0.769241214 0.273518145
    0.109302253 0.384244978 0.699976087 0.0226753652 0.653514624
    0.0852246583 0.0640005171 0.0849565268 0.30761975 0.586185932
    0.522762418 0.627136588 0.785755038 0.21850273 0.745116651
    0.579958916 0.737694383 0.648844719 0.366139829 0.28485319
    0.546850681 0.584542632 0.679507971 0.166068941 0.376768172
    0.613362908 0.397001922 0.786432505 0.457750648 0.270452082
    0.948555112 0.0267460346 0.0750622749 0.859131217 0.0951610208
    0.943107724 0.681794405 0.582383454 0.440929294 0.597110629
    0.299665719 0.0969962478 0.218058199 0.954185247 0.941001296
    0.275096267 0.354144573 0.196080148 0.307561904 0.0904968381
    0.673683107 0.616804004 0.025162667 0.523111224 0.761865497
    0.588272452 0.379099846 0.351993889 0.454803944 0.000453710556
    0.408207476 0.610873938 0.636484146 0.128344059 0.14797914
    0.66358304 0.640957415 0.198702276 0.101561725 0.549009323
    0.728154063 0.451805055 0.645507276 0.398279488 0.438025802
    0.0841344893 0.402468562 0.876842022 0.986546755 0.566861987
    0.70097971 0.709967971 0.686515808 0.733067632 0.934155107
    0.551944435 0.833411217 0.963279486 0.145991117 0.0725115538
    0.180490553 0.59216392 0.905274689 0.94039762 0.549809933
    0.648045301 0.67153585 0.0371483862 0.411852956 0.174201846
    0.530285537 0.910429895 0.89947021 0.705658555 0.949761271
    0.317314923 0.626601219 0.200371891 0.0558467209 0.876210153
    0.51763016 0.0644633174 0.30624032 0.184683651 0.576572418
    0.693766594 0.733821034 0.762813926 0.687497795 0.922045529
    0.0857306421 0.516170323 0.834623694 0.82927376 0.0152242482
    0.59790659 0.582595825 0.942141056 0.196970493 0.838992178
    0.616855443 0.228605866 0.242108941 0.164607882 0.507602453
    0.208464056 0.538815498 0.106975198 0.834123135 0.323852152
    0.716938376 0.657927394 0.430388749 0.748566031 0.777672172
    0.605860233 0.276401162 0.902571082 0.91220963 0.0166488588
    0.471312016 0.798263133 0.882704973 0.785247326 0.88003397
    0.493893892 0.894264579 0.866084397 0.00862801075 0.815016508
    0.396244377 0.531186819 0.733143449 0.618586957 0.628941834
    0.328543335 0.0555206537 0.176708341 0.136338204 0.112788051
    0.896162152 0.187656701 0.864703059 0.897966266 0.817593813
    0.0890607238 0.95025599 0.597010553 0.881130159 0.742412865
    0.334426582 0.798421979 0.133342773 0.388665497 0.914966702
    0.761232138 0.49526754 0.6901021 0.267055601 0.0185432732
    0.505285203 0.746856391 0.403379798 0.661955178 0.762708068
    0.782543421 0.140108585 0.0835599899 0.270946622 0.602710247
    0.445278108 0.549388587 0.511295915 0.335143745 0.515662253
    0.188256502 0.446660399 0.625465453 0.608182132 0.942318439
    0.153391182 0.948210239 0.968735754 0.0205911696 0.640074134
    0.805720091 0.522916198 0.933380485 0.928926468 0.220882654
    0.439409494 0.968547344 0.846564651 0.731669366 0.0702140629
    0.236299813 0.941143036 0.901038766 0.252153635 0.458523154
    0.411221832 0.180357665 0.43110314 0.713853717 0.530696154
    0.60831058 0.5622558 0.093308717 0.143191785 0.94483912 0.308841765
    0.907225728 0.122665077 0.531186163 0.0806441307 0.725056052
    0.782058597 0.690457821 0.584042788 0.857094049 0.012770623
    0.300230831 0.951904655 0.497923493 0.632810533 0.868462682
    0.955653906 0.560747266 0.465605468 0.323596299 0.879324496
    0.350736648 0.419640839 0.689244092 0.373805225 0.192634314
    0.699478447 0.614623129 0.309603035 0.665194571 0.563698709
    0.321572751 0.485689312 0.741770089 0.505124867 0.51262188
    0.483350635 0.289586306 0.719930947 0.796128154 0.582799792
    0.711099267 0.992373466 0.580038607 0.237282902 0.246136844
    0.329554796 0.687323093 0.981726885 0.296692848 0.467091829
    0.227850229 0.206053227 0.0563577712 0.63672328 0.798044205
    0.28924191 0.274087548 0.802100897 0.565520108 0.372545063
    0.542908788 0.896525264 0.28608337 0.53148514 0.286189526 0.10204646
    0.0403078198 0.898313046 0.466732502 0.397258341 0.11335209
    0.570089936 0.178390354 0.983565271 0.802271128 0.110468268
    0.0944311917 0.0257675648 0.29046613 0.142827541 0.0214099586
    0.794920623 0.193901271 0.410313785 0.0873845518 0.107626617
    0.318956196 0.285611749 0.0413775742 0.662953973 0.435902297
    0.588892758 0.618684649 0.76383388 0.048274368 0.91594553
    0.566281438 0.807396412 0.731368661 0.834227085 0.596977234
    0.692553043 0.3664186 0.253197819 0.0619343817 0.571456015
    0.0782654285 0.343781054 0.166662753 0.967765212 0.876444101
    0.0986758173 0.522236288 0.424222201 0.32969293 0.898507595
    0.807496905 0.66892451 0.641140401 0.0805864632 0.362720668
    0.183089942 0.807699203 0.678869724 0.062779814 0.0426924229
    0.00209289789 0.87660718 0.972159863 0.325627148 0.798564553
    0.549974144 0.843218088 0.0247963667 0.844754696 0.0178194642
    0.395046741 0.23720181 0.836129189 0.844211936 0.659519076
    0.630446553 0.335967839 0.711967587 0.590286016 0.89473629
    0.0220707059 0.651739836 0.73494786 0.753175139 0.780987024
    0.0327135324 0.384308636 0.825548172 0.940623283 0.536831379
    0.969479322 0.434392989 0.424855322 0.366361558 0.826345921
    0.68171525 0.741278648 0.707076073 0.579259992 0.194124162
    0.878360391 0.00354585052 0.0969835818 0.133153617 0.267219186
    0.878876448 0.832881808 0.811407089 0.104068309 0.678140879
    0.0309919119 0.491013646 0.846177876 0.136680007 0.834359407
    0.248412609 0.714431047 0.198327065 0.0439707935 0.491636723
    0.378974289 0.467779458 0.591020405 0.0925638974 0.00724411011
    0.233381569 0.747260273 0.155894548 0.922036409 0.897309899
    0.521852136 0.928419113 0.964746535 0.537818491 0.33378309
    0.970948219 0.42625922 0.516460419 0.5320912 0.15488261 0.817705572
    0.689024687 0.903311551 0.977725208 0.778314352 0.944605291
    0.419702619 0.875389874 0.422439367 0.742373705 0.666069686
    0.200349361 0.771987915 0.463566661 0.106384844 0.931803107
    0.694536924 0.305905998 0.88924104 0.140225619 0.872849405
    0.461348414 0.973709881 0.950654268 0.922974646 0.735921144
    0.548025906 0.472360075 0.650844216 0.112285882 0.141550779
    0.936267257 0.773474932 0.702446878 0.5807603 0.654906273 0.52746594
    0.999693751 0.725994349 0.68730849 0.888648212 0.707950056
    0.322167218 0.35529688 0.398512572 0.444771111 0.860138893
    0.526468873 0.930394471 0.57419765 0.551145017 0.425519109
    0.627452314 0.828331828 0.764303684 0.963428974 0.583699882
    0.715001106 0.618025124 0.382774204 0.690163791 0.672039032
    0.174747676 0.982139945 0.606532037 0.439558923 0.783336878
    0.523434877 0.537804425 0.868746817 0.651308298 0.865746439
    0.822588205 0.219056129 0.638859928 0.0966391563 0.0567834675
    0.167553246 0.664723039 0.354525059 0.948229909 0.843134761
    0.685879588 0.225613892 0.675564766 0.0875138938 0.00206807256
    0.36730814 0.902706742 0.765253246 0.62826401 0.285805136
    0.209103227 0.15219593 0.802832842 0.73080492 0.775394738
    0.790587187 0.0253140032 0.633853734 0.203594655 0.786847949
    0.652187526 0.662761152 0.542292833 0.428232431 0.427252084
    0.561419666 0.0320788026 0.0916593373 0.237557083 0.4835141
    0.837208629 0.749417961 0.675814152 0.356644154 0.540200472
    0.391689181 0.184966832 0.546103179 0.215238333 0.292930275
    0.325211406 0.910229087 0.127134621 0.2610659 0.224279493
    0.856021762 0.276836514 0.0172268152 0.273545146 0.666241825
    0.221868992 0.885438323 0.379371017 0.756896496 0.00695219636
    0.506823123 0.409338295 0.0293919444 0.406850874 0.303991199
    0.843815804 0.979507089 0.169904649 0.273926854 0.0854944587
    0.631201088 0.910436273 0.342318475 0.183743507 0.139094532
    0.272149205 0.151327938 0.267395973 0.686506331 0.871471405
    0.973931313 0.474687696 0.953610659 0.852022886 0.231474131
    0.439784527 0.51492101 0.772876978 0.347115457 0.477052152
    0.375199646 0.278421164 0.313358903 0.579390347 0.415907055
    0.709221244 0.0832847655 0.53717649 0.651729822 0.185917765
    0.118182063 0.419244766 0.0365477204 0.292216778 0.741774797
    0.821077108 0.517579913 0.945567012 0.881320238 0.567513049
    0.552046478 0.0135127902 0.0859364271 0.793456256 0.765889883
    0.252866775 0.1900931 0.764776707 0.787764192 0.955288291
    0.523551822 0.0828688443 0.781655312 0.472360164 0.583252549
    0.322918773 0.950947523 0.628120363 0.91693306 0.784765124
    0.0622622669 0.706935108 0.151360929 0.343352109 0.713134885
    0.995264173 0.50103116 0.365151882 0.907504916 0.902372837
    0.418718278 0.521963775 0.290991247 0.935572386 0.127047062
    0.0700895786 0.313700169 0.645257235 0.778178096 0.208251238
    0.726997852 0.533138692 0.738436937 0.141640484 0.127697349
    0.942258298 0.823763192 0.0890222788 0.493965536 0.505446076
    0.00916048884 0.779378772 0.284622252 0.78249526 0.857289314
    0.0239683986 0.984138608 0.938064575 0.935269117 0.334133714
    0.832678676 0.597517788 0.251440287 0.372381032 0.586543143
    0.694772184 0.936127841 0.102697492 0.862594128 0.209416658
    0.954212308 0.286713958 0.215013206 0.714972019 0.0995082259
    0.502785146 0.189816833 0.541141033 0.768722832 0.333112955
    0.979217112 0.44390744 0.171720803 0.762390375 0.208623707
    0.964838982 0.997589827 0.433624893 0.873082638 0.929594576
    0.777788281 0.660303295 0.423701823 0.566725016 0.977938116
    0.86657691 0.138448 0.676708341 0.155520827 0.159171402 0.104798853
    0.665178418 0.657159209 0.00646558404 0.872314095 0.981775045
    0.178168774 0.759907722 0.821411788 0.413089633 0.998955548
    0.149374753 0.26562196 0.763094664 0.0242337883 0.413138121
    0.289164782 0.407827199 0.840050638 0.881164312 0.281701207
    0.14256385 0.913371563 0.150097102 0.817701936 0.274981946
    0.509950757 0.513846874 0.961799145 0.0183400214 0.694641411
    0.355154455 0.1971533 0.281871706 0.570907712 0.332531989
    0.716233552 0.801524222 0.536692441 0.785876334 0.824538946
    0.369271457 0.771563172 0.435978949 0.871269286 0.466611713
    0.691753626 0.361526847 0.952127337 0.365251064 0.722330034
    0.849594116 0.324151874 0.631148577 0.547649384 0.193630457
    0.178702503 0.41723007 0.162499815 0.0841526985 0.323693693
    0.764162779 0.259067297 0.064114213 0.620573223 0.804671526
    0.673066497 0.289550662 0.746619225 0.155714691 0.0459744632
    0.998087287 0.474253714 0.739313841 0.969932079 0.587477148
    0.272994608 0.853895545 0.516125441 0.55694592 0.785065055
    0.392160267 0.216184527 0.898762822 0.91294384 0.340700746
    0.0615874827 0.958131731 0.447543919 0.529591739 0.902942061
    0.499315143 0.0610926449 0.859575033 0.23939541 0.861209393
    0.408028007 0.0604278743 0.203249782 0.799096704 0.502014697
    0.447558403 0.0742650628 0.0649173856 0.947901368 0.339096785
    0.77330178 0.707131207 0.0991489887 0.212336928 0.58424598
    0.239858478 0.721724927 0.463670075 0.289534539 0.354440987
    0.00448766351 0.387340903 0.659862638 0.924186885 0.00013923645
    0.560140252 0.567993164 0.852680504 0.437524468 0.221564651
    0.664567232 0.437393129 0.411990047 0.205162227 0.577638268
    0.356682777 0.98586762 0.486741006 0.189872473 0.149343371
    0.663451433 0.443986863 0.1315777 0.719100595 0.048812598
    0.289833784 0.111441284 0.562212944 0.676367164 0.882618189
    0.792154074 0.175987035 0.519064069 0.773182273 0.342842996
    0.0651965439 0.352065384 0.275030285 0.623112381 0.705542624
    0.967646301 0.0314178765 0.614421248 0.0224171579 0.461980313
    0.0745177567 0.0740374029 0.613279521 0.310414732 0.030842036
    0.773998141 0.903817952 0.22806111 0.534125388 0.713542938
    0.647920012 0.906422853 0.606257141 0.232337534 0.459907323
    0.460233778 0.299172163 0.306612909 0.128359258 0.572351754
    0.816331744 0.649971128 0.0161605477 0.624484599 0.211055189
    0.595812738 0.903241575 0.472318679 0.520182133 0.697064519
    0.0912179947 0.370302081 0.640849292 0.0630576611 0.367787063
    0.769912601 0.913905263 0.266221285 0.0835629106 0.525215805
    0.897927284 0.642916381 0.634726882 0.363991261 0.0965421498
    0.811152697 0.00503998995 0.109559238 0.642425895 0.332973301
    0.506329536 0.581306934 0.822574377 0.804377317 0.777011037
    0.107904702 0.369697511 0.349937171 0.0739164054 0.666904092
    0.40799135 0.168989837 0.992837191 0.634297729 0.580826521
    0.796398163 0.857477844 0.908462465 0.909305453 0.923291802
    0.409821928 0.196448416 0.855725884 0.598380744 0.612629414
    0.918300569 0.599429131 0.459941268 0.977983177 0.951045632
    0.455724895 0.203229845 0.39018032 0.770100594 0.395155489
    0.0261261463 0.536285758 0.174372584 0.00689196587 0.28087604
    0.815008819 0.596740484 0.430589199 0.536815047 0.116990149
    0.493855923 0.612329006 0.797731042 0.496501148 0.00913277268
    0.573162079 0.980411291 0.10974139 0.934590459 0.304756641
    0.189397812 0.169386327 0.181541115 0.272063076 0.67585814
    0.933044851 0.629972219 0.434102684 0.288391322 0.261850119
    0.937495947 0.472477883 0.997112155 0.166118175 0.721264005
    0.482598364 0.470300049 0.200339496 0.391545266 0.042821914
    0.00243255496 0.217025936 0.989091635 0.426399946 0.40259248
    0.587794542 0.312800169 0.102987379 0.66726011 0.897455812
    0.987121463 0.0188754499 0.713013411 0.725910485 0.694675863
    0.819850445 0.216613293 0.521726727 0.217306525 0.183218926
    0.27052018 0.541395843 0.206130803 0.709788024 0.0217058361
    0.212833852 0.517870128 0.218204111 0.954180777 0.222027659
    0.832832217 0.41271916 0.324190885 0.386752784 0.396773458
    0.709496915 0.355491161 0.0524761081 0.181781918 0.147642344
    0.228529364 0.895950317 0.979400396 0.7107535 0.47613278 0.634537876
    0.832927585 0.375027448 0.473133534 0.893657207 0.692785442
    0.701815963 0.183327466 0.780414701 0.281400919 0.551147878
    0.24061051 0.81099993 0.02108109 0.676802218 0.625853539 0.685129225
    0.644783974 0.2154935 0.960855961 0.445672482 0.839833081
    0.919478178 0.327777654 0.452449471 0.0889365673 0.441348433
    0.428142756 0.656279027 0.392737091 0.560235798 0.796225905
    0.140698612 0.894790173 0.453273743 0.403126299 0.768251657
    0.460732341 0.508221745 0.411376089 0.848506927 0.101707935
    0.525838733 0.543507993 0.125717551 0.826170087 0.138846546
    0.128335923 0.0187475085 0.39483878 0.647870541 0.301902354
    0.124891013 0.539007723 0.18788752 0.216513962 0.183041245
    0.826904595 0.852388024 0.810821891 0.0445741713 0.376672894
    0.728623867 0.180243731 0.653312266 0.954943299 0.195729524
    0.414518952 0.68476069 0.831454158 0.474880517 0.330317587
    0.816726625 0.557908416 0.0684461296 0.673199236 0.477072358
    0.475407004 0.86935401 0.548914433 0.103224754 0.49780938
    0.982770681 0.381061673 0.225376487 0.867237329 0.752573431
    0.00335842371 0.591165721 0.427584648 0.411020875 0.0460490584
    0.397157997 0.347640127 0.475732386 0.845314264 0.693970084
    0.928109765 0.125782639 0.583748162 0.0966788232 0.631695986
    0.968348444 0.89705503 0.750032127 0.996189713 0.527086735
    0.160031468 0.584467769 0.190766215 0.439964861 0.57465601
    0.705518365 0.238287985 0.727021992 0.724485099 0.996571243
    0.211725682 0.750756264 0.183523476 0.864824653 0.0350328088
    0.53725332 0.794016361 0.579338372 0.424720228 0.733553112
    0.968494892 0.606831014 0.261423469 0.280949563 0.42266041
    0.226587117 0.225359291 0.58556807 0.436803043 0.684160352
    0.369520545 0.225843012 0.618521333 0.128924131 0.155869573
    0.0301862657 0.111569643 0.0438660681 0.39386031 0.686943829
    0.44417268 0.0924556553 0.638183892 0.849658012 0.765258193
    0.913383067 0.296091497 0.949584842 0.763849378 0.407991827
    0.519055545 0.651216745 0.722227693 0.35323441 0.126464814
    0.776274443 0.516063154 0.797722697 0.953773975 0.121029437
    0.287371516 0.593375325 0.118268281 0.823532939 0.0968321264
    0.976069689 0.618911624 0.417348325 0.474237531 0.225961566
    0.600689054 0.391801357 0.173600852 0.547241628 0.184521675
    0.428972483 0.129592091 0.0908926427 0.145171821 0.862661123
    0.740283489 0.0523919463 0.118406206 0.831529021 0.221677899
    0.527694404 0.0713756979 0.427987128 0.193284094 0.501415014
    0.468271494 0.811215758 0.731253266 0.26807934 0.0418104827
    0.999486089 0.599343777 0.486503333 0.369787753 0.650887311
    0.336709499 0.166243702 0.447406173 0.638123751 0.630990446
    0.287913144 0.952421784 0.401166022 0.898357987 0.626595914
    0.183222711 0.14740032 0.710165918 0.232477754 0.780142844
    0.458389699 0.0222309828 0.52355355 0.449459493 0.304133505
    0.22435537 0.79741478 0.390895069 0.0779524446 0.600666523
    0.83796519 0.624013305 0.922960639 0.204393208 0.595660806
    0.50946027 0.101851374 0.36057052 0.680205941 0.887557805 0.16722551
    0.196797341 0.948533952 0.904144824 0.414359868 0.395608634
    0.157811254 0.540717661 0.879148483 0.168499231 0.0788035095
    0.571588159 0.670772374 0.0242622793 0.528707147 0.846405745
    0.583985269 0.647571504 0.278817177 0.303487718 0.806833804
    0.878347754 0.495117456 0.87945658 0.0885375142 0.381770611
    0.0971421301 0.43329823 0.0318365991 0.704174459 0.504485667
    0.980146527 0.601837158 0.218796194 0.34632349 0.225880295
    0.865273714 0.0803514421 0.456049621 0.977647662 0.179585099
    0.436627537 0.3064937 0.265702784 0.245834082 0.618741274
    0.628270388 0.998851359 0.12126708 0.533419609 0.41875416
    0.311218023 0.14878282 0.693689823 0.707953274 0.900128484
    0.361387789 0.88281101 0.336696923 0.752152085 0.353078663
    0.0721902251 0.905660033 0.04819116 0.0342182517 0.974546552
    0.499143928 0.219041944 0.909368157 0.620720327 0.438168943
    0.740800858 0.365332663 0.549835205 0.434287101 0.361679792
    0.480759919 0.722151399 0.129780322 0.522988141 0.95473969
    0.276395559 0.08915326 0.196885884 0.295659065 0.760292292
    0.512868643 0.359773278 0.449863195 0.204699397 0.597740889
    0.0638049841 0.373758614 0.776019335 0.518081367 0.791142344
    0.363459617 0.251868278 0.194669336 0.0361080468 0.950855613
    0.0249906182 0.196545333 0.723494172 0.779722571 0.465596676
    0.286085218 0.941442013 0.211043239 0.380842954 0.161137462
    0.633672118 0.0613307059 0.380343556 0.517647386 0.0189813375
    0.643454015 0.181864053 0.316046953 0.126603127 0.851959586
    0.469697535 0.491633147 0.694584131 0.83545965 0.545478821
    0.241906136 0.692491889 0.344801724 0.872196138 0.969865799
    0.139354169 0.753112078 0.24071449 0.864198864 0.486620009
    0.253445745 0.637778461 0.796793044 0.993445873 0.78233242 0.1780608
    0.180854738 0.621425688 0.948784232 0.828806043 0.108524859
    0.534278214 0.336296499 0.882212162 0.53508985 0.390267909
    0.917793751 0.697949588 0.889050603 0.634509683 0.630999625
    0.628888547 0.439321369 0.159124047 0.445879966 0.763287485
    0.416417301 0.935157061 0.151921511 0.683713794 0.616239548
    0.879410148 0.837866187 0.257737815 0.218638271 0.31773296
    0.766926169 0.405222118 0.206144273 0.959751606 0.358219206
    0.59640938 0.417575091 0.0422191918 0.215305656 0.504397392
    0.830070794 0.122179776 0.758893371 0.352236569 0.491138428
    0.700387776 0.516865492 0.366515279 0.88312161 0.033103466
    0.616531193 0.0844329596 0.00386232138 0.0745112002 0.786922514
    0.42956841 0.390001267 0.185602307 0.414428115 0.90168041
    0.511677802 0.387284666 0.71877265 0.727315068 0.905632496
    0.563195586 0.767479479 0.101590246 0.339279771 0.40202558
    0.226980209 0.430642843 0.779791474 0.293159038 0.936930418
    0.381004989 0.858679891 0.804922879 0.808503449 0.15511471
    0.0165553987 0.55312264 0.50237906 0.698395729 0.959465861
    0.60203743 0.940116405 0.569664896 0.158358097 0.967588782
    0.501445711 0.427515119 0.191332489 0.962242007 0.316303372
    0.805364847 0.819133759 0.12384066 0.65634948 0.828621387
    0.529441953 0.584954083 0.488702834 0.0483326018 0.649378657
    0.834456921 0.861599684 0.634830713 0.26662901 0.0688502192
    0.454571277 0.472444147 0.566097736 0.291773915 0.580672801
    0.740960836 0.777764976 0.179983318 0.702220678 0.559045494
    0.0328225493 0.856206656 0.891908646 0.446769655 0.956400275
    0.208972186 0.0782363415 0.312464714 0.998597741 0.798312843
    0.685253024 0.726145446 0.333524287 0.357640505 0.141939938
    0.363056839 0.491664469 0.737865329 0.907582223 0.770166337
    0.517970741 0.197695285 0.00122749805 0.868047774 0.703794062
    0.589011669 0.453355938 0.220077366 0.710677385 0.972221434
    0.699057758 0.0176811814 0.690444827 0.717523217 0.000542640686
    0.299556434 0.172062814 0.560735524 0.262011737 0.157163799
    0.742991567 0.843651295 0.866096199 0.9240973 0.172998011
    0.241032302 0.772926331 0.463162005 0.237642914 0.363299429
    0.64084518 0.637078047 0.715246201 0.00110095739 0.673632026
    0.388550103 0.651720881 0.412515581 0.392568737 0.661467195
    0.182400405 0.616778731 0.650425315 0.053678304 0.595379591
    0.494186282 0.062695086 0.408617586 0.0157078505 0.404759318
    0.434775531 0.341023654 0.662689447 0.0958932936 0.340033054
    0.868990183 0.0658736229 0.288630158 0.633912385 0.345821559
    0.155332744 0.36741662 0.87339747 0.652921319 0.676313937
    0.979808211 0.214599222 0.707350612 0.442816526 0.269607902
    0.954191327 0.369831115 0.117229789 0.402400404 0.471164018
    0.913624525 0.332502037 0.414429069 0.886015534 0.164619595
    0.390705824 0.955826759 0.21442917 0.420544356 0.906558931
    0.217002094 0.156962842 0.079562664 0.633958876 0.426372796
    0.818574488 0.750137508 0.958211064 0.525370896 0.924030006
    0.476277322 0.829156816 0.502724707 0.189995319 0.0224329233
    0.906649947 0.555661619 0.0182217956 0.904475152 0.55591023
    0.172774404 0.961678147 0.22653684 0.467302501 0.411087841
    0.663755596 0.471548796 0.126682341 0.0993673801 0.478381902
    0.168127269 0.967627347 0.770562053 0.396620721 0.986298203
    0.406777442 0.152318567 0.381841034 0.492279708 0.443025261
    0.808912277 0.704683661 0.909981012 0.386537492 0.85861659
    0.521370888 0.57698679 0.460831136 0.150603712 0.319231182
    0.0444715917 0.773157835 0.0617584884 0.15048486 0.481821835
    0.0271224678 0.673786879 0.817291677 0.336801887 0.268723875
    0.34624967 0.737344444 0.27654326 0.200517356 0.207621157
    0.766351342 0.250747621 0.723778129 0.752113819 0.312475622
    0.931490898 0.330578893 0.608935058 0.828924894 0.0470244288
    0.910897493 0.0714964271 0.445243686 0.0720084012 0.0704288781
    0.327638984 0.759190381 0.220281154 0.386265039 0.995161772
    0.892915487 0.0350925624 0.968833208 0.119991034 0.654060185
    0.027330935 0.505400002 0.612927794 0.0061532557 0.742125094
    0.957653582 0.0626967251 0.698804796 0.119861931 0.805303693
    0.857823193 0.841764569 0.622294307 0.393097132 0.671606541
    0.295993149 0.685082436 0.136711061 0.862694263 0.430722892
    0.750030696 0.902952433 0.885187566 0.216326237 0.785789669
    0.070958823 0.415661365 0.407487005 0.42359364 0.462973595
    0.189308107 0.497644663 0.416246891 0.470796824 0.405243665
    0.187251151 0.744358957 0.51079917 0.258302689 0.817133605
    0.287532926 0.23688978 0.339512289 0.105086654 0.217604756
    0.125553787 0.761917531 0.699675143 0.656731546 0.716547787
    0.762500644 0.925934732 0.989495933 0.584704578 0.033806324
    0.539153993 0.179061294 0.4822613 0.768715858 0.913894534
    0.576371372 0.531504154 0.584621608 0.591128051 0.350821674
    0.46978718 0.950634003 0.455928415 0.892917812 0.892898083
    0.690517664 0.377092302 0.383084953 0.0421902239 0.178957164
    0.523983836 0.423748136 0.977009833 0.346489966 0.31182754
    0.330021143 0.0156188607 0.0190576911 0.671700716 0.846299291
    0.714162052 0.0360713303 0.868056238 0.442578197 0.893132865
    0.875944376 0.653360963 0.380414605 0.055840075 0.412564129
    0.0959693193 0.49432531 0.178225338 0.445361167 0.0830945969
    0.296326637 0.644539058 0.303853035 0.731650352 0.135997444
    0.034771204 0.726903558 0.624908507 0.197901487 0.574511826
    0.755298913 0.461250067 0.463606745 0.6841259 0.191665053
    0.146949708 0.976222396 0.96485883 0.769102454 0.58661139
    0.468706131 0.942717314 0.775253773 0.289206028 0.131896377
    0.874151111 0.86584115 0.059014827 0.311537057 0.439297318
    0.215324104 0.371773928 0.570469975 0.523647726 0.711082458
    0.717403769 0.697736263 0.695580542 0.880140245 0.160477906
    0.883706152 0.764769197 0.418235779 0.599695683 0.871420026
    0.393703103 0.159461558 0.980907202 0.567904353 0.90200758
    0.0676613748 0.253208816 0.727885783 0.390845954 0.497508675
    0.458021104 0.497811586 0.579722762 0.879343152 0.186302692
    0.765450358 0.91459173 0.958572268 0.836493611 0.909297466
    0.767956495 0.294971824 0.00551819801 0.659796476 0.74403286
    0.955531955 0.444644958 0.281810194 0.49589473 0.527991533
    0.739561021 0.689091086 0.812215328 0.18714875 0.60159272
    0.0527970195 0.0094255507 0.499619484 0.707185984 0.597369313
    0.767732859 0.124728054 0.189500183 0.801429152 0.76354605
    0.295501798 0.095605433 0.720871091 0.322079509 0.502979279
    0.0373874307 0.755313516 0.787976086 0.361459732 0.331756771
    0.73831141 0.976826429 0.55639565 0.583025992 0.259936482
    0.316672325 0.163129002 0.461732745 0.178085655 0.120566785
    0.92892158 0.345062494 0.311959684 0.873834908 0.286130071
    0.448075175 0.236581177 0.821972847 0.213474065 0.0913895071
    0.504441738 0.896383524 0.628539741 0.891432166 0.356422275
    0.828490734 0.222644687 0.435036987 0.494919777 0.327598006
    0.607965887 0.101727337 0.129592985 0.939870298 0.568257451
    0.100663364 0.916478395 0.239771187 0.304624438 0.0269801617
    0.285201073 0.880489826 0.87680757 0.517454267 0.863973081
    0.493588924 0.310708582 0.155688614 0.355989516 0.589814663
    0.394610465 0.204395354 0.785777569 0.524371624 0.0236219168
    0.362581372 0.386199653 0.447268039 0.692463338 0.483584851
    0.48959741 0.43266353 0.0331873894 0.0214896798 0.586362123
    0.0780678988 0.948127568 0.162773997 0.247371107 0.173745513
    0.495851964 0.220210195 0.0556967556 0.529012144 0.0249175727
    0.0750453472 0.748191595 0.646917045 0.434697956 0.227136344
    0.548727214 0.451096386 0.0587969124 0.212021559 0.587035418
    0.933979154 0.415234029 0.614605129 0.892537355 0.191929936
    0.523822784 0.771103024 0.560703754 0.140673846 0.423143357
    0.794990182 0.874914408 0.915427923 0.380345345 0.654901445
    0.215884447 0.951074481 0.77282691 0.513351202 0.439983219
    0.058953464 0.565971375 0.69306016 0.990354359 0.579587817
    0.386318445 0.226584494 0.444909841 0.0525380969 0.566345811
    0.631103814 0.378273249 0.547959745 0.526960492 0.539651334
    0.824533045 0.916432142 0.253840387 0.930244684 0.927131176
    0.656417608 0.344845831 0.881188989 0.124244839 0.33212471
    0.668904781 0.646211267 0.101342976 0.0627645552 0.461180449
    0.528878212 0.0181446671 0.779836714 0.914834499 0.952742636
    0.3518278 0.847857475 0.778861582 0.811326504 0.532699943
    0.956457973 0.876380801 0.95287925 0.491342485 0.354122788
    0.330121815 0.986872554 0.0773747265 0.359645635 0.297665387
    0.546885788 0.862922311 0.616647542 0.970418572 0.38730526
    0.559055448 0.105084479 0.696413994 0.297139347 0.573257923
    0.292693257 0.191036731 0.338127643 0.316385865 0.129021585
    0.302659154 0.643038511 0.556149602 0.906454802 0.50807631
    0.873854935 0.215331018 0.485733032 0.468967885 0.687295198
    0.695375085 0.496160358 0.53131032 0.476518601 0.571536064
    0.772837758 0.144169718 0.454149723 0.783986509 0.878610849
    0.491463244 0.869199276 0.294128448 0.132033765 0.700555503
    0.596567392 0.333342195 0.313622266 0.00896978378 0.865131557
    0.208362818 0.963753402 0.184387863 0.566045761 0.433353186
    0.0501966178 0.947147608 0.0828047693 0.865003049 0.959130108
    0.187189609 0.660295248 0.910178065 0.439651102 0.273416489
    0.955668688 0.780089498 0.281358302 0.666031361 0.545305073
    0.37103349 0.502958536 0.616170645 0.533353388 0.927345276
    0.82266897 0.93693614 0.271548152 0.015296489 0.0621054173
    0.0848038793 0.888639212 0.252819866 0.837693214 0.735113621
    0.401109219 0.962360084 0.449124515 0.0389957726 0.313084185
    0.378188729 0.469507128 0.998915076 0.352189064 0.230651796
    0.754043698 0.327624649 0.962621808 0.0635101199 0.129985839
    0.474133909 0.667764306 0.0526031852 0.0149929225 0.465922952
    0.693839669 0.795866728 0.629360855 0.106140286 0.139785498
    0.343483269 0.82717967 0.949823856 0.511218905 0.426163644
    0.126938134 0.197159171 0.450323403 0.470507085 0.588953197
    0.118021309 0.411822081 0.417212337 0.242893428 0.835535824
    0.486047685 0.632585049 0.563039303 0.797954738 0.773379028
    0.774916828 0.322605878 0.790783167 0.264469802 0.242984742
    0.594935656 0.879365563 0.483554602 0.373377264 0.0670498013
    0.068700403 0.48065868 0.364198208 0.997646868 0.656376183
    0.816974163 0.235411823 0.179613918 0.281788021 0.280588329
    0.862125814 0.824563146 0.787795722 0.0844684839 0.287590563
    0.535119295 0.859964728 0.872111082 0.198374957 0.148134023
    0.73865366 0.909205675 0.876906872 0.994608521 0.851798415
    0.608563304 0.141314149 0.215156466 0.0256222785 0.59654963
    0.167116523 0.563265264 0.0749028921 0.82747817 0.240805507
    0.66503489 0.0152053535 0.402776778 0.99425137 0.744404733
    0.633668423 0.128020138 0.535392284 0.580550671 0.3600775
    0.715202034 0.0176177919 0.772562861 0.199347645 0.0811045468
    0.36093834 0.44930464 0.533626437 0.197299868 0.860641122
    0.062182039 0.201400995 0.288465023 0.685596287 0.188069582
    0.394151777 0.705913365 0.0295377374 0.641023457 0.750466883
    0.413805455 0.420868993 0.105640531 0.377625406 0.093244642
    0.788146079 0.8275702 0.597911 0.541695237 0.241348863 0.645626187
    0.135821223 0.724905014 0.0129076838 0.0834191442 0.055727005
    0.268531203 0.934899211 0.0504591167 0.158321589 0.835679233
    0.351561576 0.92788887 0.804341555 0.0166678727 0.382977486
    0.320156395 0.112907678 0.86817044 0.0796169043 0.0990580618
    0.0338636041 0.834889948 0.0535699427 0.265703976 0.952001035
    0.90023458 0.364499807 0.70960474 0.606307805 0.47408244 0.533417523
    0.488387764 0.915575385 0.308332801 0.851919413 0.851692915
    0.752491951 0.177181751 0.171716809 0.912873507 0.101089418
    0.583862901 0.593833387 0.220998913 0.674274147 0.570239544
    0.241073996 0.116217583 0.0859456956 0.972331822 0.445662469
    0.375126094 0.824584961 0.57156086 0.932332873 0.793992758
    0.433040798 0.0278550386 0.299844384 0.893615007 0.397449881
    0.903706074 0.135337949 0.877960682 0.41745621 0.860815644
    0.446044773 0.162309766 0.925152481 0.292810798 0.808600307
    0.534059584 0.133934408 0.980334044 0.936521292 0.634957492
    0.810676694 0.186177105 0.116330802 0.177983344 0.499822825
    0.546034336 0.293225706 0.747255087 0.522883892 0.248163968
    0.49732092 0.545713246 0.74834609 0.317359746 0.0857974887
    0.589150727 0.245250583 0.0338608325 0.403126657 0.363312721
    0.652495861 0.478606522 0.257394582 0.701946139 0.893093228
    0.895450175 0.274064124 0.235285044 0.573422611 0.42446354
    0.993070602 0.803239107 0.616676927 0.0120737851 0.954041243
    0.833155632 0.0207880735 0.1977247 0.683872402 0.445286632
    0.701156735 0.277644753 0.872913957 0.838293672 0.92618084
    0.421227694 0.537104309 0.792707205 0.310190856 0.505414665
    0.312851071 0.993886471 0.8788293 0.928952456 0.818917274
    0.150421143 0.0115354061 0.00938031077 0.798647523 0.181294352
    0.552774966 0.594341159 0.811439931 0.303755552 0.300304025
    0.62608695 0.0924938917 0.653842926 0.69120872 0.573758364
    0.743814826 0.798686743 0.629180789 0.761161327 0.154952437
    0.686433256 0.713551939 0.82123971 0.321956396 0.172250867
    0.837358832 0.80777514 0.581691325 0.769239902 0.159812987
    0.466214478 0.0505247414 0.195766479 0.65889138 0.715333641
    0.29035756 0.830016375 0.879566908 0.240887612 0.639305294
    0.0996498764 0.378755003 0.875111759 0.392406017 0.511890531
    0.1722655 0.110052705 0.998647392 0.706221104 0.425462604
    0.0180415511 0.261727929 0.811271667 0.933165371 0.266444802
    0.377264857 0.00221431255 0.571696043 0.0367076993 0.405456901
    0.361094356 0.566337883 0.11531201 0.479878783 0.29044348
    0.190471917 0.577044725 0.116143405 0.299648166 0.37782079
    0.201665759 0.366960168 0.606746912 0.705180883 0.537393451
    0.289932907 0.98822391 0.558502436 0.803273678 0.415811896
    0.170086592 0.631641746 0.0205062926 0.0258765817 0.511554241
    0.586686313 0.0620520711 0.638769388 0.83444953 0.447784752
    0.403278857 0.660589457 0.326783657 0.318006814 0.737079382
    0.124263197 0.0886439383 0.566416919 0.417559624 0.638515115
    0.436153293 0.926878572 0.797827125 0.27317363 0.557026803
    0.486172706 0.532229841 0.660987079 0.164661109 0.206727326
    0.919385672 0.190677762 0.561900973 0.969840169 0.823229909
    0.428071827 0.436584055 0.101329505 0.171304762 0.449682951
    0.0215903819 0.925159097 0.761635184 0.145714492 0.650809467
    0.654484153 0.239388019 0.443170309 0.746970534 0.750921965
    0.0686378777 0.498395771 0.948121727 0.699430585 0.765378118
    0.344576687 0.594182253 0.131313175 0.145321846 0.152504623
    0.237848788 0.230372846 0.274547756 0.474011153 0.045881778
    0.766882777 0.402666777 0.0407459438 0.331264734 0.295564413
    0.453656673 0.226373315 0.216866612 0.206094533 0.362067521
    0.808651388 0.764385283 0.733178496 0.013820231 0.803678513
    0.470476061 0.145406932 0.483911872 0.502316415 0.154195577
    0.135586977 0.432048768 0.711247444 0.724576414 0.70642668
    0.723256946 0.290922642 0.317147046 0.607658982 0.840511322
    0.605755568 0.722710073 0.0543420613 0.480906785 0.370007694
    0.0681943595 0.154037535 0.0985273719 0.0693539977 0.047398597
    0.211675674 0.42086786 0.870691061 0.222198457 0.930790603
    0.346271157 0.216325283 0.393697709 0.963205874 0.199337512
    0.324544072 0.879203081 0.826254368 0.0724492967 0.489311516
    0.45598802 0.839887738 0.468427837 0.728396058 0.526023984
    0.220924854 0.0495283008 0.166305512 0.14791891 0.647658408
    0.956180811 0.0863533914 0.31331104 0.0811585784 0.471110523
    0.136394799 0.925152898 0.332022607 0.754497409 0.468141079
    0.931571126 0.638687134 0.677284539 0.571597815 0.0905891061
    0.251825869 0.514862835 0.138807118 0.369549334 0.774727941
    0.00166150928 0.968823314 0.0147629678 0.66914314 0.301411569
    0.366895854 0.477815896 0.595422506 0.542445481 0.420689195
    0.358951688 0.374289453 0.991130114 0.787203789 0.369249403
    0.515197396 0.0580141842 0.36237222 0.29717204 0.305589437
    0.564114809 0.290478915 0.958501935 0.906674385 0.957147598
    0.637483835 0.355857491 0.584408224 0.934455991 0.862746358
    0.818355083 0.283838451 0.362079978 0.63347894 0.922578096
    0.142125785 0.367797971 0.765286684 0.320771217 0.193751305
    0.18840763 0.329898 0.0392449498 0.219180822 0.020909518 0.917100191
    0.967463493 0.677384615 0.979878247 0.272603869 0.028439492
    0.520622015 0.863154888 0.0459136963 0.674132466 0.626797438
    0.118845791 0.899124503 0.976649106 0.0882323384 0.616794109
    0.19959563 0.272879213 0.387090802 0.454881012 0.0961928368
    0.994086027 0.0202305913 0.839647412 0.306295186 0.339953363
    0.965283036 0.83849901 0.0431404412 0.695352554 0.91744864
    0.813947618 0.489821345 0.913363636 0.250546753 0.0156468153
    0.0996697545 0.0480787754 0.240054488 0.662037253 0.345055431
    0.378858119 0.621758997 0.629302442 0.889426231 0.273259103
    0.983250797 0.0466086268 0.738691032 0.394182742 0.626374543
    0.666847527 0.726347744 0.867960215 0.617366076 0.219235837
    0.544198632 0.2820521 0.647934973 0.305070162 0.617708623 0.98823595
    0.46792841 0.522683203 0.961603403 0.462898195 0.704058468
    0.477573514 0.824132562 0.806125879 0.127472281 0.57037127
    0.0106579065 0.145350665 0.0876185 0.699511707 0.465046883
    0.0282181501 0.862801969 0.168309301 0.464739323 0.174972385
    0.858831763 0.926542401 0.628855109 0.181586146 0.995149374
    0.582939088 0.556231678 0.89039427 0.679126859 0.705138803
    0.709630489 0.963877916 0.552520931 0.423585802 0.015283078
    0.470142245 0.213027894 0.396090984 0.948027194 0.171960533
    0.0565166771 0.747449875 0.889663756 0.945544004 0.0616313219
    0.0544588864 0.356892765 0.424094707 0.0281941593 0.100857645
    0.247841746 0.0813858211 0.552971303 0.562458634 0.245668799
    0.145857543 0.855292976 0.191781342 0.118345052 0.439477324
    0.523102999 0.813787103 0.579788864 0.87117368 0.690631092
    0.368583113 0.0250124931 0.653674424 0.555683076 0.670436084
    0.416631758 0.697502971 0.0943789482 0.749633431 0.867071033
    0.0447477102 0.637241244 0.111216009 0.0478509963 0.575966656
    0.91021198 0.609163284 0.955613017 0.995380223 0.125863433
    0.277513087 0.234540701 0.757159173 0.457941264 0.203210294
    0.0567694902 0.812520564 0.983634233 0.867864609 0.0429418981
    0.952354491 0.676168442 0.807221413 0.533297479 0.558995605
    0.0139953196 0.518780887 0.82361412 0.8100214 0.0809949636
    0.790618837 0.562309265 0.434987724 0.118228227 0.521666884
    0.736490846 0.499267042 0.144375563 0.018065542 0.166295022
    0.779861569 0.947711468 0.678443611 0.221395135 0.861748695
    0.899332166 0.0183105767 0.984102011 0.454897463 0.164841712
    0.218975514 0.692023873 0.91438818 0.921397924 0.136354893
    0.286115825 0.00958308578 0.176081121 0.269516349 0.464485914
    0.974945068 0.892385125 0.0990442932 0.108460814 0.382071048
    0.593921006 0.427241564 0.292359293 0.0842137337 0.087954402
    0.0200164616 0.0141524076 0.46883136 0.483828843 0.993744969
    0.504320502 0.418128431 0.804266334 0.404263616 0.994088769
    0.375022054 0.553607821 0.170714676 0.658997774 0.542102575
    0.311125517 0.591812074 0.905030906 0.0533802509 0.968190372
    0.414669126 0.275209308 0.0934588313 0.821338654 0.078663826
    0.274862498 0.865485728 0.553215742 0.32615307 0.860845447
    0.245495379 0.21092388 0.481346965 0.114805698 0.449519485
    0.000363111496 0.375309527 0.547800004 0.641284943 0.738283634
    0.376255989 0.923401952 0.685550034 0.178468257 0.744834661
    0.486103237 0.734414697 0.523201942 0.974626303 0.782904267
    0.405304372 0.948110282 0.0992875695 0.157179773 0.0341744721
    0.307238877 0.765166998 0.981761217 0.0828205347 0.634347796
    0.325817049 0.308118373 0.0675807595 0.821202457 0.303833187
    0.42223087 0.702560186 0.484955132 0.751189113 0.429269254
    0.564791381 0.732121944 0.950994492 0.166592151 0.84521687
    0.443615437 0.662323534 0.422371835 0.0901812911 0.905095458
    0.149749041 0.94875586 0.356028259 0.515408814 0.117643803
    0.470233619 0.468078554 0.736609399 0.0237597823 0.219448805
    0.480751365 0.778366327 0.980535388 0.910448074 0.644955993
    0.353696495 0.487902135 0.137572646 0.498443156 0.648269653
    0.121624708 0.369009584 0.662143171 0.947987139 0.706975758
    0.333763719 0.0274303257 0.0458012819 0.0637821853 0.312666118
    0.246082157 0.0151226521 0.746780634 0.952274919 0.0180427432
    0.179595947 0.386485726 0.226567715 0.74494189 0.942461729
    0.0774453878 0.609336972 0.727498412 0.856345892 0.814660013
    0.865690112 0.052862227 0.358005673 0.882835746 0.935392916
    0.64694041 0.916968107 0.359777749 0.686646461 0.597809851
    0.251029909 0.79483676 0.827739835 0.289468437 0.0832954645
    0.87805438 0.687502265 0.0617496073 0.236852288 0.892517924
    0.981259406 0.0433960259 0.0793600082 0.454966694 0.517940283
    0.64178735 0.34495753 0.0604051352 0.528044999 0.421585172
    0.828031182 0.853861928 0.979858279 0.465790451 0.172695756
    0.737578928 0.309984446 0.0868063867 0.0907498002 0.749330997
    0.908294082 0.411920339 0.631549656 0.374236643 0.696444154
    0.931759477 0.169970602 0.687044978 0.0499648452 0.986901879
    0.173103154 0.591902733 0.0445632339 0.366146266 0.168997914
    0.654146254 0.886298656 0.369920582 0.161357075 0.0144266784
    0.415053308 0.014924705 0.432845473 0.720159054 0.48763606
    0.790692449 0.229287088 0.620950699 0.921287298 0.844080091
    0.185316712 0.940085411 0.0179727077 0.777698457 0.697505116
    0.906719685 0.217607349 0.127969086 0.756784856 0.912888229
    0.0361748636 0.970229506 0.730296612 0.0880221725 0.990348279
    0.675932109 0.996186256 0.763703227 0.964415014 0.0471870601
    0.0886801183 0.970253944 0.626348257 0.789421201 0.26939404
    0.551238358 0.335568219 0.447866946 0.548450172 0.92239809
    0.169539481 0.327287674 0.320215106 0.284242392 0.535155118
    0.663963497 0.205694646 0.705423295 0.615464568 0.0844467878
    0.234532714 0.149279475 0.121485859 0.81681639 0.885754108
    0.644945681 0.430186421 0.515468419 0.189534396 0.337205827
    0.738730311 0.058296442 0.142735988 0.778538764 0.674434364
    0.216131359 0.00603115559 0.925924182 0.400240451 0.938945711
    0.466998518 0.0151032805 0.00486835837 0.450632572 0.551768899
    0.866413474 0.548101306 0.550644755 0.85672009 0.897831321
    0.321721911 0.378562212 0.0304990113 0.541058779 0.523696482
    0.345891058 0.331218064 0.385673165 0.110208809 0.289322555
    0.251203895 0.52780056 0.750005901 0.358821392 0.943317175
    0.0522721112 0.294195265 0.268406063 0.832991362 0.348969728
    0.737823009 0.422588944 0.701758027 0.883221388 0.908805251
    0.300766915 0.960899472 0.517576396 0.59559679 0.732676148
    0.120994061 0.908110023 0.559865713 0.433567971 0.561912298
    0.947490692 0.0307970345 0.8147614 0.6025787 0.0845052004
    0.995367289 0.124894947 0.826613307 0.71958226 0.706709206
    0.579936683 0.254952729 0.197173923 0.370162338 0.899974823
    0.253981411 0.201877594 0.446232468 0.594758153 0.616685092
    0.548086345 0.158296704 0.973446369 0.870086312 0.37569201
    0.392716765 0.884467244 0.233829051 0.733128846 0.907276213
    0.318078965 0.356911838 0.854090869 0.0628802478 0.277564883
    0.947168469 0.630579412 0.228222817 0.809454918 0.416113675
    0.437966466 0.15510723 0.0686763823 0.0531254113 0.158736616
    0.610819697 0.380883664 0.936880231 0.165056169 0.658543527
    0.753151298 0.635294974 0.845391035 0.0101664066 0.90508914
    0.428347528 0.570473015 0.266926974 0.389323145 0.41986236
    0.85900259 0.376558185 0.881500602 0.180853754 0.549856484
    0.925584078 0.0640453398 0.430577159 0.731503069 0.699557781
    0.911363006 0.741317332 0.445031345 0.113377988 0.473986983
    0.00125423074 0.6120947 0.256802022 0.175104588 0.692924559
    0.641801178 0.113748014 0.21838364 0.622335494 0.275298417
    0.402359664 0.202751249 0.0422735214 0.304569811 0.691528738
    0.236456186 0.376865804 0.652897358 0.929499507 0.396762162
    0.284383893 0.726401687 0.609855831 0.911450386 0.437243134
    0.492934018 0.00355696678 0.89955163 0.0256849229 0.524657369
    0.302083462 0.566413939 0.73148334 0.749566913 0.492186189
    0.429890305 0.810285449 0.832124472 0.954080939 0.0487557054
    0.0879096389 0.730806828 0.822447956 0.0517618656 0.37297672
    0.772575319 0.263100445 0.89824605 0.617058694 0.678897798
    0.497180134 0.516152978 0.2424694 0.0760746896 0.579442203
    0.87267065 0.139609635 0.347987175 0.876951694 0.0712754428
    0.115421534 0.308379978 0.116560608 0.602986217 0.680284858
    0.951607704 0.476216733 0.468947023 0.866250634 0.406699777
    0.980005026 0.0292726755 0.0780720115 0.399799109 0.210321575
    0.55317986 0.0599377453 0.772893965 0.322579563 0.499508351
    0.261884689 0.933461189 0.117291957 0.777650714 0.246252298
    0.889005065 0.603673458 0.764832377 0.754686534 0.63058579
    0.139621347 0.857121885 0.998675823 0.452062219 0.291647434
    0.569163382 0.483501375 0.538710654 0.139376104 0.330506414
    0.934197783 0.570532143 0.383588612 0.219191164 0.706627786
    0.746519566 0.442859143 0.223342538 0.624347389 0.364765406
    0.587436795 0.30386132 0.304679394 0.317003548 0.29806006
    0.204183072 0.390818655 0.647156239 0.9664675 0.304031134
    0.888136625 0.813083172 0.905489445 0.0922875404 0.869141102
    0.881200433 0.748189569 0.434049755 0.0755769014 0.195173979
    0.546379805 0.99772644 0.541091621 0.768835306 0.685435176
    0.920088291 0.482795686 0.480475068 0.715159535 0.258249998
    0.402389109 0.687440455 0.771569848 0.299247146 0.794076025
    0.08398664 0.534003079 0.396256864 0.343235314 0.25320816
    0.454492331 0.639211655 0.832188249 0.599027693 0.820226431
    0.468894452 0.749693513 0.511219621 0.201349884 0.222952724
    0.690947294 0.287008911 0.778653741 0.325858176 0.265198171
    0.132484794 0.420411468 0.0340863466 0.841282368 0.127292335
    0.781574488 0.793387055 0.638653517 0.893416345 0.493604273
    0.401702642 0.731793463 0.548710883 0.645807624 0.416605473
    0.780654669 0.122278214 0.540394723 0.71265763 0.490908861
    0.70419848 0.0715750158 0.894984484 0.209696978 0.440159142
    0.812814713 0.251632035 0.158620536 0.168016493 0.907010913
    0.831121564 0.235718101 0.753713846 0.72993958 0.628792763
    0.144885004 0.242953509 0.794535518 0.847700357 0.54841572
    0.436715305 0.898406446 0.815163493 0.093183279 0.908109665
    0.533795476 0.306808263 0.0938015282 0.698328197 0.87542057
    0.452115148 0.165797979 0.0898433924 0.255615532 0.329404593
    0.916368008 0.959757209 0.0775364339 0.11457181 0.516615808
    0.493059158 0.896869659 0.902576923 0.632436156 0.903323531
    0.416899949 0.474789381 0.341659606 0.494398713 0.0687783062
    0.334395945 0.512172997 0.729261994 0.531798303 0.239431202
    0.258420169 0.916482449 0.048191607 0.416557699 0.777374208
    0.961589932 0.936190009 0.790436983 0.339192003 0.7126261 0.2818214
    0.850584567 0.258525252 0.700901747 0.0840882659 0.550219893
    0.74976933 0.421800226 0.461656719 0.97084713 0.0321900249
    0.458321631 0.985630989 0.0451568365 0.85712111 0.98769623
    0.33562991 0.354894996 0.419607908 0.0725616217 0.251628458
    0.67333138 0.621861041 0.358982742 0.934950113 0.625766754
    0.0256135166 0.234069794 0.915508509 0.551772177 0.963096261
    0.186785519 0.0565559566 0.327174962 0.776346803 0.36368978
    0.45361042 0.513707578 0.0127645433 0.529839754 0.761586308
    0.78685987 0.466669917 0.697642088 0.114126205 0.418895662
    0.993360281 0.703065634 0.155532628 0.693702877 0.33433044
    0.272192597 0.59773469 0.864198208 0.199354589 0.106791854
    0.203841239 0.100681067 0.79694128 0.173980087 0.0534970164
    0.437869877 0.0152014792 0.148733735 0.746210217 0.529925168
    0.292073369 0.480659336 0.336079895 0.368884206 0.941541553
    0.757338583 0.890057802 0.631305695 0.0267069638 0.128586203
    0.451842785 0.161433101 0.368912101 0.197733611 0.310274035
    0.158360869 0.594413102 0.440245748 0.591835022 0.420054227
    0.156333566 0.79269141 0.565225899 0.128081113 0.677386522
    0.305927992 0.510052085 0.352502733 0.233972758 0.223797739
    0.532327235 0.752145529 0.609734237 0.941411376 0.407352626
    0.70802629 0.540194869 0.0598803759 0.0461781025 0.574308991
    0.646412373 0.432106823 0.130910516 0.263190597 0.993174851
    0.405775666 0.660984993 0.134935826 0.753062248 0.176109165
    0.127227455 0.222859144 0.453977883 0.771577537 0.949322581
    0.00534757972 0.616632164 0.410149753 0.815901995 0.1706945
    0.462461412 0.729502976 0.156793982 0.477071404 0.136762947
    0.202441156 0.74034673 0.454145074 0.411647916 0.665405333
    0.164866596 0.615149617 0.700810969 0.84369272 0.699332654
    0.726685286 0.206180543 0.878536344 0.367052883 0.0802019536
    0.16135788 0.533061802 0.597823024 0.882691503 0.601204097
    0.221098393 0.236270308 0.613848269 0.207173735 0.702851593
    0.269328535 0.346761167 0.317685544 0.04321751 0.25468716
    0.501060665 0.0587102473 0.787942231 0.773117781 0.694337606
    0.162354916 0.485761464 0.889226258 0.300275743 0.00943508744
    0.629611433 0.757322907 0.832196951 0.438592553 0.917298019
    0.987676859 0.223862797 0.585928857 0.159932762 0.882252574
    0.212622523 0.347150624 0.598070383 0.382815301 0.88029778
    0.00723585486 0.220783889 0.960705578 0.801367283 0.831888676
    0.268104911 0.450773746 0.772200286 0.0743158758 0.28260076
    0.698155224 0.963800311 0.528463364 0.596934974 0.93163693
    0.241262436 0.752960443 0.669422507 0.689805567 0.51171726
    0.549219847 0.486268312 0.592176676 0.671776593 0.726319194
    0.420039594 0.952632189 0.149527073 0.157557011 0.506498516
    0.824855804 0.638899207 0.493708432 0.660871148 0.6251598
    0.0666888654 0.879084408 0.959449291 0.273513198 0.258013397
    0.259621322 0.63882947 0.244441211 0.552039504 0.338102788
    0.445468366 0.738026738 0.31312871 0.0788620412 0.769066215
    0.279148847 0.550912559 0.267389774 0.991966724 0.609265327
    0.0550573766 0.876760721 0.767739654 0.779381454 0.948469937
    0.845516562 0.859429061 0.793192506 0.375452071 0.494847476
    0.289722741 0.437613785 0.136323541 0.152142912 0.396123469
    0.319552869 0.243165225 0.880045056 0.476993144 0.611660182
    0.43967551 0.711282969 0.790392399 0.518236995 0.572188437
    0.272270888 0.661832988 0.649041295 0.166967094 0.988312602
    0.940022588 0.635981441 0.906981707 0.806400001 0.244544178
    0.874070227 0.825060248 0.460734904 0.481532991 0.193384558
    0.709813118 0.673659801 0.944907188 0.350529492 0.448988616
    0.419842094 0.882586718 0.989004135 0.887871981 0.381137371
    0.257212251 0.365533918 0.633866727 0.300082684 0.342024922
    0.714123487 0.101053208 0.305561006 0.870018482 0.442112267
    0.880487084 0.329632401 0.593948781 0.791255713 0.145423293
    0.518942654 0.130633473 0.996325016 0.266270518 0.412643671
    0.426694602 0.848468423 0.709512532 0.273667991 0.59216851
    0.303475201 0.324296951 0.16840291 0.564546585 0.23645556
    0.138401598 0.244637102 0.758586049 0.399827868 0.643787503
    0.872016072 0.695429623 0.237838358 0.969742119 0.256705701
    0.454865217 0.415005744 0.520151794 0.489428252 0.914639592
    0.671781957 0.0179647803 0.223333776 0.541844845 0.188222349
    0.927515268 0.0503614545 0.358907938 0.395597935 0.32650423
    0.260011494 0.497739732 0.445680827 0.328649521 0.56142962
    0.226593792 0.271375656 0.546381474 0.605540693 0.944051027
    0.534657478 0.325813085 0.594302714 0.0685124993 0.901813745
    0.100833058 0.0797561705 0.0959408283 0.7242378 0.500230253
    0.971165776 0.94810915 0.880281806 0.892448664 0.797385037
    0.270563275 0.913091481 0.655349731 0.725850046 0.718736649
    0.685928464 0.443883061 0.192923456 0.142055154 0.0969404578
    0.277357221 0.44762975 0.96767807 0.207000703 0.975536644
    0.362245351 0.919480026 0.964365661 0.788993835 0.0575883985
    0.89141655 0.534579992 0.631246626 0.487837136 0.544916153
    0.819429278 0.00683400035 0.203420848 0.282530367 0.250471532
    0.197659135 0.418002963 0.119412273 0.177849323 0.458880991
    0.169360548 0.0528912842 0.269720614 0.734496057 0.961040139
    0.557768464 0.136760235 0.226648092 0.458641261 0.380458295
    0.694567919 0.467277765 0.259630799 0.484827101 0.225946665
    0.526683986 0.0408579409 0.821053267 0.94865191 0.488773972
    0.553482413 0.956111729 0.38026005 0.0970980227 0.56688416
    0.764480948 0.935653985 0.648245215 0.817583382 0.728012443
    0.00850221515 0.838299513 0.111638069 0.137906343 0.561288178
    0.809488535 0.3243891 0.697964966 0.525468767 0.237015843
    0.162562132 0.203679264 0.984771132 0.125535965 0.108573616
    0.968540549 0.93271637 0.51757586 0.248974144 0.487971008
    0.202789903 0.0605064034 0.919606209 0.970605254 0.940920293
    0.192217648 0.822481275 0.12101987 0.207478106 0.316211343
    0.499512255 0.504117429 0.89182955 0.0160737336 0.343516827
    0.503822207 0.960820019 0.0231275558 0.0600429773 0.194149137
    0.364945561 0.313346237 0.0775220394 0.177664787 0.682537913
    0.434853226 0.271279693 0.831793547 0.14924562 0.181502521
    0.655103743 0.425268918 0.498601437 0.957048774 0.111085653
    0.783343852 0.748059332 0.897010744 0.835797906 0.0237608254
    0.465020299 0.366410732 0.562682927 0.501421034 0.953713179
    0.248355806 0.0746172965 0.456020415 0.677272201 0.0769978464
    0.240572423 0.46541363 0.218332648 0.256430835 0.0157045722
    0.245231748 0.386024892 0.689489841 0.246097714 0.42805469
    0.206644416 0.666114509 0.788261831 0.958055496 0.464792997
    0.301415533 0.514000893 0.994770646 0.779421091 0.798316836
    0.577721775 0.702630162 0.171885788 0.474005163 0.972516894
    0.0277310014 0.316122383 0.260656744 0.601454973 0.874044597
    0.215834826 0.0324470699 0.402794302 0.412486851 0.291447014
    0.74443686 0.956981838 0.10272795 0.0139423609 0.383481473
    0.790558696 0.77929461 0.484710872 0.0812185109 0.269667029
    0.346797645 0.850917459 0.222881317 0.385931075 0.757906199
    0.929304242 0.55469799 0.647308648 0.251950443 0.974397421
    0.352735579 0.284163952 0.748838067 0.40211314 0.477630198
    0.366379499 0.194637835 0.805405736 0.224380881 0.895039082
    0.0159496367 0.467024803 0.797037244 0.171889782 0.519815207
    0.604471505 0.470586836 0.0042630434 0.885847092 0.787635207
    0.977657795 0.959370613 0.0164065361 0.939620435 0.376013637
    0.688624382 0.986672938 0.409972221 0.0177915096 0.726906002
    0.761582255 0.838660598 0.831462145 0.923648715 0.81585139
    0.482977629 0.436484098 0.011892736 0.434954613 0.796990991
    0.0908532441 0.00501400232 0.75947082 0.00925526023 0.99015224
    0.0787419379 0.288933456 0.340663344 0.537263811 0.459557295
    0.181622624 0.272365808 0.775699973 0.0571817458 0.805623114
    0.652157068 0.878945708 0.688217103 0.767330885 0.729662061
    0.765663385 0.0189200342 0.888473153 0.360827595 0.212479532
    0.716070831 0.690595508 0.217651308 0.223556548 0.94639796
    0.456366122 0.0258007944 0.803008318 0.163581491 0.353896618
    0.718172431 0.432724357 0.0575074553 0.420858651 0.465556383
    0.133840293 0.431524068 0.405762196 0.128005236 0.868723691
    0.545249939 0.109702736 0.8808887 0.73828733 0.808030009 0.303017378
    0.256585211 0.485535562 0.405031592 0.797779202 0.0278510451
    0.550532937 0.089573741 0.343369365 0.972130835 0.0721691847
    0.828867316 0.25327456 0.392621219 0.310573757 0.519099653
    0.17876786 0.472615212 0.98412919 0.380017757 0.550849676 0.90103817
    0.817581952 0.424974978 0.714735568 0.746708274 0.310817778
    0.19446975 0.140792817 0.893168271 0.446664751 0.475041419
    0.882929981 0.938966393 0.703248024 0.162983924 0.649971068
    0.286406964 0.933434963 0.916330934 0.955826879 0.880893469
    0.607444584 0.47690621 0.24508664 0.493879646 0.102293968
    0.117834747 0.514400542 0.796735644 0.0674960613 0.298287809
    0.817876935 0.326967895 0.487042218 0.368380696 0.930173159
    0.485613048 0.156656951 0.814385355 0.316357493 0.854027629
    0.317356229 0.882413685 0.124023497 0.397360742 0.107123256
    0.381623209 0.0902438164 0.996198773 0.922920287 0.388316393
    0.00410491228 0.607264817 0.972558141 0.379796267 0.922763824
    0.0657994151 0.464933127 0.375093818 0.219424754 0.60934639
    0.169795334 0.775849342 0.273398012 0.402347356 0.464827031
    0.721680224 0.553474367 0.578272521 0.214626223 0.0597328842
    0.3664262 0.331641257 0.035449177 0.997818053 0.763208985 0.16006434
    0.428143978 0.12496841 0.601769686 0.85843122 0.315246969
    0.552628636 0.064021498 0.450888425 0.483062953 0.830574572
    0.798767686 0.50728327 0.835588992 0.543491781 0.990695477
    0.234839976 0.856311917 0.357510865 0.957348585 0.148024082
    0.00954565406 0.334272861 0.87860167 0.471964985 0.267649114
    0.726471007 0.28565836 0.999730468 0.111023873 0.45539856
    0.965439558 0.652960181 0.899843097 0.684633613 0.591325879
    0.55485481 0.645764351 0.0260870159 0.137132496 0.217396319
    0.251779735 0.295081913 0.407386065 0.352384627 0.626306534
    0.105041832 0.0854677558 0.754388571 0.376265168 0.0392334163
    0.503996909 0.607218683 0.388444752 0.915926099 0.968291104
    0.552073538 0.177534491 0.817029238 0.558059514 0.110054463
    0.858133912 0.146241039 0.116939813 0.557138085 0.828460574
    0.401714534 0.970511138 0.954994977 0.203104228 0.894783139
    0.382577121 0.313285738 0.381902695 0.433651954 0.114657491
    0.00806906819 0.960130811 0.216289639 0.587419689 0.641678929
    0.17432037 0.72128284 0.338709533 0.407835364 0.443910569
    0.0408619046 0.69170928 0.880653441 0.458105981 0.884788036
    0.302845836 0.29863143 0.00353702903 0.888607621 0.665494144
    0.985412598 0.354570329 0.0103484392 0.280252069 0.311530471
    0.323101103 0.960967183 0.000172585249 0.523793817 0.763278723
    0.0940416753 0.589302361 0.523004711 0.203576058 0.66753304
    0.171146929 0.219658703 0.865388036 0.459825426 0.0156363547
    0.481874496 0.0793042481 0.185823202 0.919509053 0.345286131
    0.589878142 0.237605453 0.231186211 0.607155383 0.436627448
    0.170015216 0.901949763 0.932302475 0.872137129 0.531790078
    0.966232061 0.148535311 0.422459126 0.0593466759 0.391948193
    0.807186246 0.0206758678 0.359020859 0.968559384 0.541215539
    0.271685064 0.744895816 0.922020435 0.684381068 0.480975002
    0.848708034 0.526453793 0.939471245 0.119391888 0.184992254
    0.88556993 0.0836555958 0.0620184541 0.866500139 0.609617114
    0.964789867 0.602878094 0.136107028 0.674715638 0.282584071
    0.981933296 0.812446713 0.764449835 0.591544986 0.555564463
    0.723555803 0.606982172 0.830968261 0.0192963481 0.297270536
    0.715482593 0.0975065231 0.308168352 0.0679362714 0.662407279
    0.759346485 0.294863194 0.402671695 0.950532436 0.683294773
    0.81459558 0.337735474 0.351280451 0.55563575 0.566876769 0.7503829
    0.895140707 0.478507131 0.976139545 0.297837377 0.245446861
    0.630666018 0.282809556 0.99286592 0.0579780936 0.717736185
    0.0192072392 0.439998627 0.917432308 0.968167245 0.0916478634
    0.117948651 0.706782103 0.850349963 0.734076619 0.00747615099
    0.0554815829 0.86313659 0.431391746 0.339767933 0.0910373032
    0.470603883 0.0495201051 0.574052453 0.837415457 0.000171333551
    0.445873827 0.773393869 0.149703562 0.868170559 0.642126858
    0.165603757 0.635683358 0.0948903859 0.779573441 0.587994456
    0.29349637 0.891554236 0.58006978 0.453881621 0.84360981
    0.0723237395 0.531268179 0.0101415217 0.769160032 0.36267823
    0.587026298 0.499341607 0.56954962 0.349454761 0.550803602
    0.441811204 0.101287186 0.924609244 0.896420956 0.497612387
    0.934344411 0.293700725 0.927059293 0.943036079 0.987794459
    0.684574783 0.925783038 0.580265522 0.954893529 0.341126144
    0.743435025 0.986336648 0.265260011 0.115352958 0.808005452
    0.870069265 0.430523634 0.256042749 0.52044487 0.414553583
    0.284090638 0.194777906 0.505763113 0.454631686 0.208488464
    0.214793205 0.0925788581 0.760973811 0.308654547 0.455971569
    0.748354375 0.98254019 0.348930538 0.263606787 0.31691277
    0.338900208 0.861735106 0.440886676 0.0430993736 0.651397228
    0.403534353 0.701915979 0.562994421 0.747750342 0.494201452
    0.620927453 0.131056964 0.720846713 0.723968446 0.844255924
    0.160085261 0.173149526 0.608484864 0.515285671 0.599283516
    0.0826891959 0.299844861 0.0467559993 0.946816444 0.933370113
    0.192153186 0.119901508 0.482097894 0.266394228 0.998457193
    0.991307855 0.718860567 0.986617208 0.625821471 0.105865389
    0.394896686 0.310857713 0.838152051 0.462750614 0.544732153
    0.527416766 0.799787879 0.917078853 0.831904531 0.964677811
    0.589635789 0.894083142 0.55624485 0.155743748 0.175109893
    0.690998554 0.326957107 0.00241687894 0.828028202 0.337680519
    0.466203809 0.932667613 0.307892263 0.427848488 0.828601182
    0.373784065 0.184410334 0.157982171 0.162126601 0.755752206
    0.854190528 0.776921153 0.518311977 0.413573027 0.811592817
    0.0568421781 0.598330379 0.547169089 0.930038095 0.224743873
    0.444280833 0.105828106 0.462410629 0.0409483016 0.824359238
    0.72091347 0.320161402 0.936599255 0.59286648 0.825111747
    0.390614867 0.234328091 0.720487177 0.725866079 0.720080376
    0.602120638 0.784465075 0.407771051 0.651179016 0.241091877
    0.868536472 0.595270395 0.639783978 0.505877972 0.23357892
    0.77762413 0.47496444 0.574134946 0.39015907 0.0113528669
    0.769284844 0.87893486 0.399240732 0.940420032 0.33625719
    0.891734779 0.191683412 0.186642081 0.749312699 0.471082568
    0.0499268472 0.777899504 0.383899331 0.820906103 0.184234619
    0.0780864358 0.926047742 0.602458954 0.662528276 0.645221949
    0.107672334 0.834143221 0.613984346 0.945276618 0.402483374
    0.697318017 0.493910819 0.158691168 0.178236783 0.691662908
    0.229129732 0.150637329 0.7746979 0.566506267 0.365149051
    0.330892533 0.290186346 0.545730472 0.132262975 0.231234699
    0.99154067 0.275290489 0.073189646 0.878272712 0.172172338
    0.490396112 0.552035511 0.229339093 0.757964671 0.10322088
    0.78656733 0.796382904 0.0624575913 0.51335144 0.952857375
    0.119541436 0.377599716 0.600295901 0.580088615 0.780677557
    0.118855327 0.271462917 0.48200199 0.380368918 0.463857263
    0.590859115 0.345606297 0.856629491 0.823978066 0.595613718
    0.0777321756 0.988348484 0.728647172 0.737684011 0.284471393
    0.600987554 0.81827122 0.709048986 0.287452638 0.880733967
    0.00636330247 0.62161988 0.175064385 0.0358093679 0.123461127
    0.452485383 0.343341053 0.196886063 0.495608151 0.322351843
    0.287464738 0.0710475147 0.0032197535 0.758196831 0.548890293
    0.292131156 0.0392608345 0.929022312 0.501957178 0.759895265
    0.200253338 0.942424536 0.374859869 0.349107355 0.861350119
    0.500747681 0.685303986 0.745493293 0.134265661 0.857623756
    0.22097379 0.139956057 0.674289823 0.0969494879 0.972516 0.979637623
    0.640431762 0.485316366 0.878216028 0.316150248 0.265335351
    0.0148476362 0.285854131 0.872332036 0.63171947 0.0306000412
    0.236040652 0.800860405 0.802035689 0.950906396 0.243298113
    0.800096631 0.388038427 0.755281866 0.920980811 0.0345409811
    0.477994978 0.988937855 0.706571639 0.640083075 0.789361835
    0.756343663 0.0245549381 0.806312919 0.300866514 0.822056711
    0.447359651 0.0782985389 0.193963975 0.711292744 0.947356582
    0.429209143 0.0460777879 0.364709377 0.85271585 0.678468764
    0.950347066 0.38649112 0.686391354 0.327365339 0.569813848
    0.96825105 0.615929186 0.907890439 0.443165362 0.208078027
    0.195209265 0.711250305 0.139688551 0.687319577 0.706396163
    0.914053559 0.211494327 0.0449675024 0.227194577 0.807637811
    0.0545884073 0.824407339 0.0924315453 0.245707095 0.414197087
    0.0627551377 0.88390249 0.553309441 0.245908231 0.947163463
    0.221684247 0.705592394 0.538497329 0.120009005 0.0107845962
    0.11411339 0.396639287 0.266028225 0.438729614 0.979492188
    0.63892436 0.102674872 0.700490236 0.31819281 0.900176525
    0.521414578 0.0841168463 0.95066762 0.823989987 0.874686599
    0.721171319 0.963625908 0.239012569 0.624358833 0.766029119
    0.677123427 0.145647019 0.219469666 0.228399396 0.30390048
    0.664595842 0.0325051546 0.945972681 0.546429813 0.587486684
    0.298082858 0.447252095 0.100141376 0.0938148201 0.0173229873
    0.422978491 0.921169519 0.263558716 0.754458427 0.349642694
    0.519419551 0.234973937 0.708436608 0.614413857 0.854119062
    0.307266563 0.754484892 0.483385056 0.849103749 0.895640016
    0.549728215 0.895304322 0.320950985 0.307721257 0.607422352
    0.443975538 0.185051382 0.885684073 0.282180727 0.190800756
    0.423265964 0.984649956 0.197835624 0.591749012 0.372872174
    0.209746867 0.270062923 0.975441933 0.496585429 0.294884294
    0.588714063 0.283379644 0.44242847 0.734159768 0.654770613
    0.916673183 0.763756394 0.871402919 0.218293041 0.146908402
    0.713962555 0.105891556 0.815555215 0.858386397 0.378846884
    0.992434621 0.272263736 0.569404423 0.721293569 0.229489833
    0.449502915 0.701352835 0.628859043 0.00365141034 0.726158619
    0.328020632 0.0183015168 0.431410909 0.184743404 0.406455725
    0.713917017 0.914839745 0.287051171 0.730051756 0.170811653
    0.321988404 0.534333527 0.0501627028 0.489619344 0.827498376
    0.0339529812 0.00728240609 0.233121365 0.463088453 0.263176173
    0.667436838 0.507685363 0.0862945914 0.646380961 0.982522011
    0.276956409 0.619241357 0.308382154 0.5531919 0.987531662
    0.497112691 0.375872791 0.107080758 0.576850533 0.156601042
    0.951561809 0.129535198 0.863704324 0.818038702 0.571644425
    0.00758180022 0.776435137 0.0958508253 0.426139981 0.183382452
    0.444811374 0.422149986 0.111875206 0.952515841 0.554747939
    0.498560965 0.565826356 0.88150835 0.0066100359 0.309915245
    0.971176624 0.73681289 0.0752359629 0.311496794 0.802860618
    0.366054773 0.496930361 0.713685751 0.328927815 0.372762501
    0.877889991 0.442442924 0.567518353 0.558981419 0.208714157
    0.932085037 0.448446363 0.580639243 0.461010098 0.22533077
    0.304300785 0.697704077 0.738384008 0.765797913 0.23451221
    0.421909451 0.638873577 0.815193534 0.632409275 0.510136604
    0.438492894 0.942597866 0.882053137 0.029791981 0.454669297
    0.408955991 0.204625845 0.589585125 0.240588069 0.717187464
    0.653452575 0.641213 0.891362011 0.057462126 0.0465553999
    0.487440705 0.187583834 0.922033906 0.40683198 0.222581774
    0.376277477 0.713186681 0.680432737 0.00500196218 0.133964121
    0.140635729 0.120192617 0.400348902 0.676185489 0.996104002
    0.706369996 0.453673542 0.153189331 0.808063149 0.982711196
    0.997458696 0.839157999 0.534282088 0.652598619 0.635823429
    0.985234141 0.935963869 0.733234227 0.414294153 0.84971869
    0.00368028879 0.147198409 0.287709475 0.598807693 0.263178229
    0.583011985 0.003082335 0.490920871 0.544450462 0.103790045
    0.445201159 0.468131363 0.847404838 0.397833347 0.793158829
    0.0350358486 0.913914263 0.00251412392 0.635254562 0.15113765
    0.958954215 0.692891359 0.944864213 0.691912889 0.182168126
    0.398642033 0.408650279 0.424014807 0.739968061 0.788076282
    0.114281714 0.0220876634 0.428713024 0.69341743 0.729542494
    0.11822167 0.44962424 0.228633612 0.703447223 0.821884036
    0.802046418 0.905584276 0.566844225 0.868475318 0.417560011
    0.994432688 0.462246835 0.18136853 0.0694495142 0.00553774834
    0.38231951 0.30297327 0.828738809 0.337286443 0.789384842 0.43257767
    0.134135187 0.0314378142 0.934175968 0.0151534975 0.67007035
    0.0742588639 0.0156349242 0.711222887 0.823669791 0.475660622
    0.4940449 0.901502609 0.52769196 0.429399282 0.379168361 0.547963142
    0.342490613 0.0970861316 0.951370955 0.97151494 0.733680844
    0.662599564 0.998857975 0.337883472 0.211294919 0.427994788
    0.117925018 0.130119592 0.637637556 0.521426082 0.344073802
    0.0419731438 0.818750322 0.355783373 0.679709792 0.518352807
    0.988605142 0.156537324 0.208232224 0.350177407 0.768693566
    0.782534242 0.562509537 0.412120551 0.425276935 0.685639918
    0.778885365 0.538583398 0.758261681 0.729447246 0.755303383
    0.670397758 0.552295566 0.0684185028 0.509178221 0.413075
    0.757744133 0.507079303 0.371150225 0.247466952 0.706961751
    0.948475718 0.216262907 0.889351547 0.808740854 0.0209364295
    0.979621053 0.125750452 0.411542445 0.0262675285 0.0541886389
    0.862712204 0.694758415 0.613510251 0.272034883 0.612200022
    0.830053091 0.385882825 0.0901643038 0.23972702 0.240700901
    0.425900042 0.649952531 0.384134978 0.966460943 0.691965282
    0.608285069 0.956363082 0.311668158 0.584819376 0.629066944
    0.108802855 0.686293066 0.121558368 0.518726289 0.0881488919
    0.497506499 0.159195572 0.478852004 0.297823578 0.715214074
    0.0959191024 0.787617683 0.116970062 0.0223126411 0.0176004171
    0.164067328 0.880917907 0.384641528 0.0366100371 0.250784725
    0.0297634602 0.33259052 0.397447705 0.473503679 0.843730688
    0.446202487 0.0675559342 0.253599197 0.930649042 0.439396679
    0.874658585 0.998830616 0.0711988807 0.882202685 0.545437038
    0.444275081 0.644061685 0.716264844 0.610366821 0.435295224
    0.983477831 0.48313576 0.282362223 0.421114832 0.647484124
    0.890403986 0.0989461243 0.573705554 0.396475613 0.758182764
    0.705441296 0.653372943 0.67750597 0.253252268 0.489504337
    0.905258656 0.807812691 0.547815204 0.928747654 0.302636534
    0.362949252 0.812714815 0.922966659 0.573839545 0.448112905
    0.310754955 0.44475767 0.180377811 0.547110438 0.790607214
    0.0361725092 0.979071379 0.245673776 0.648827851 0.0920299888
    0.657291889 0.833979249 0.806672513 0.827978015 0.481449902
    0.660728812 0.938269138 0.460459054 0.160722703 0.63259244
    0.888012826 0.338701248 0.79036814 0.7787323 0.125033408 0.408530921
    0.997304201 0.0649984479 0.494893879 0.113198012 0.725058913
    0.522310853 0.663650334 0.490062356 0.229507953 0.951425672
    0.790954947 0.768577099 0.151604533 0.546988726 0.699122488
    0.262056649 0.587153375 0.478587359 0.438955903 0.428512394
    0.265669346 0.757928312 0.76430738 0.909547567 0.288339943
    0.802891731 0.407687813 0.0105113685 0.310682178 0.603227973
    0.973241687 0.666703463 0.875388384 0.500115514 0.388666421
    0.261259139 0.243474454 0.641679108 0.185922384 0.933759212
    0.0631181896 0.55091536 0.210142046 0.792430639 0.560996652
    0.71113044 0.104566574 0.222636014 0.462914646 0.932763457
    0.0544693768 0.14284426 0.12595734 0.977713227 0.287520826
    0.701500237 0.7409693 0.049495995 0.258065999 0.522820055 0.04311198
    0.61277163 0.318045765 0.306773484 0.983128428 0.655264199
    0.846704483 0.460537881 0.832994342 0.251981437 0.242821008
    0.167717576 0.70600158 0.146182835 0.638074756 0.232233733
    0.771237493 0.815518618 0.681439281 0.714797854 0.741927981
    0.540666699 0.830171824 0.847768366 0.860648215 0.945296168
    0.42546913 0.484419495 0.957837224 0.382203668 0.580887973
    0.531166017 0.896413445 0.950812101 0.47568658 0.508529723
    0.256315172 0.366770566 0.333843291 0.947997212 0.566967726
    0.188020498 0.893904805 0.175308436 0.968972206 0.548942924
    0.919729233 0.834011436 0.553861141 0.577524245 0.479428142
    0.598177254 0.591929555 0.395142823 0.752770603 0.350911021
    0.84627682 0.175810039 0.943871558 0.152756751 0.19952631
    0.616056204 0.869861126 0.916683674 0.796408892 0.0286103487
    0.544602275 0.215815663 0.0467511714 0.991694212 0.654909194
    0.30219698 0.045735538 0.374700129 0.380784482 0.48126775
    0.637817144 0.261768401 0.900112152 0.294929951 0.645424962
    0.0311516225 0.826614738 0.629759073 0.592040777 0.031340301
    0.78168273 0.108029127 0.734119236 0.810378194 0.0640180409
    0.159383506 0.269753098 0.873986125 0.177406281 0.0154359043
    0.421658188 0.73720938 0.552031338 0.83216691 0.544141471
    0.910455406 0.766700923 0.888487458 0.177376896 0.537626326
    0.776371002 0.485721469 0.917756796 0.484073967 0.977711976
    0.494318306 0.666469872 0.864741087 0.638411641 0.028907299
    0.777634263 0.61426872 0.338910669 0.725889087 0.774829865
    0.749031126 0.325983286 0.928345919 0.538220882 0.942180455
    0.909666896 0.614868104 0.378477722 0.365011156 0.19400546
    0.0801169872 0.186089009 0.751918077 0.5042786 0.144945025
    0.520308673 0.651271522 0.544951975 0.999143004 0.263400674
    0.336453468 0.506854832 0.970178664 0.127761781 0.498190671
    0.0869471729 0.0556210876 0.0955629647 0.404162616 0.769178987
    0.814253747 0.410544872 0.989186883 0.406590044 0.80623734
    0.921550632 0.308561027 0.182730645 0.131210268 0.407770008
    0.65433681 0.410760313 0.588279843 0.804879785 0.712937236
    0.778424025 0.0736688077 0.832877994 0.578877568 0.194789708
    0.664656699 0.429208905 0.0244491696 0.748675227 0.178688169
    0.921279609 0.324759394 0.657211065 0.485684484 0.374635577
    0.226605266 0.178153336 0.019051522 0.535309911 0.711449087
    0.382798314 0.664422274 0.693015099 0.836571753 0.0236373842
    0.738454819 0.266175866 0.539265811 0.27670756 0.348493934
    0.510045886 0.432219297 0.744052172 0.295973182 0.62330246
    0.492841512 0.992590666 0.424900472 0.590216339 0.527547002
    0.858074427 0.742158949 0.150851816 0.0363995433 0.486005634
    0.868181646 0.0523834527 0.230600893 0.673561692 0.925771713
    0.521303236 0.943582356 0.956409812 0.760440826 0.333260536
    0.827766895 0.222906172 0.192129076 0.669755578 0.917261839
    0.186166823 0.0233068764 0.712913871 0.472176552 0.103273004
    0.585734665 0.770641923 0.786664724 0.75622648 0.6841501
    0.0912167728 0.825631499 0.231440991 0.0197119415 0.352169067
    0.695495844 0.551641703 0.775429368 0.778162718 0.937592626
    0.345480055 0.492999434 0.873670459 0.561848164 0.0717853606
    0.828083396 0.752387404 0.764996052 0.126297683 0.404713482
    0.861920118 0.884150386 0.872394085 0.969335198 0.0489822328
    0.216224223 0.775716066 0.130629778 0.134741455 0.251211435
    0.850007117 0.128434271 0.407312453 0.607958555 0.0863426328
    0.496252686 0.542047143 0.0011536479 0.84404552 0.807305038
    0.392025352 0.875426292 0.468919367 0.788625777 0.401160836
    0.199893564 0.959461689 0.570964992 0.575249434 0.168623537
    0.800870836 0.244551152 0.687075555 0.902040005 0.45503059
    0.384837449 0.47219646 0.847248256 0.395767629 0.943374395
    0.096369803 0.574644804 0.732414126 0.360039294 0.0897890925
    0.238576204 0.000461310148 0.980140448 0.829090238 0.140697956
    0.141103387 0.321147382 0.0430503488 0.0921788812 0.770096898
    0.270813644 0.737307072 0.321142673 0.273722231 0.231915206
    0.0366183221 0.883167207 0.890736938 0.596907854 0.686584949
    0.512749135 0.236020625 0.374632359 0.887046695 0.598422945
    0.0684489012 0.408482403 0.391990751 0.328703463 0.502347112
    0.156183571 0.80688107 0.757138789 0.726395309 0.665411413
    0.876535237 0.395474851 0.675615132 0.416526198 0.585802913
    0.5511446 0.549452901 0.782386184 0.11814329 0.747587562 0.977461576
    0.893164217 0.20887959 0.907690525 0.489201784 0.547659934
    0.123655766 0.229639709 0.108589321 0.527383327 0.984606266
    0.535153806 0.777349293 0.335456431 0.286020041 0.240241259
    0.853782892 0.936272621 0.267400086 0.806972027 0.371712387
    0.217524946 0.143883586 0.801485062 0.521866381 0.860333443
    0.813454032 0.893908441 0.708015203 0.475639313 0.287076354
    0.0989464521 0.139831752 0.962485671 0.690782547 0.319856703
    0.543802261 0.899452746 0.165271878 0.130584568 0.916780949
    0.413754642 0.649659097 0.0510510802 0.424682677 0.231470793
    0.00876110792 0.0422803164 0.190670758 0.526924849 0.973330498
    0.464212835 0.587068379 0.559657156 0.570775032 0.584664643
    0.520458579 0.379538178 0.931560278 0.792827129 0.599344909
    0.142678738 0.145522058 0.0516397655 0.830219746 0.204345345
    0.468296617 0.52323842 0.887412786 0.0450350344 0.902260005
    0.530383408 0.182459176 0.811861396 0.992943048 0.182478875
    0.243933082 0.487148017 0.211970091 0.316657752 0.608819366
    0.880407453 0.268432915 0.371447742 0.966518879 0.135702848
    0.837039828 0.46808818 0.0811775327 0.2983464 0.531657219
    0.982204556 0.573738873 0.331051886 0.343205333 0.401749641
    0.218144625 0.217680871 0.304930866 0.122383118 0.34901011
    0.832717001 0.188001812 0.677527845 0.584819376 0.681019425
    0.176667303 0.235257447 0.623892903 0.0520026386 0.289179027
    0.267501116 0.989019513 0.751538515 0.200691015 0.00673905015
    0.289171994 0.51969403 0.76193279 0.194202453 0.980460823
    0.531599581 0.995677352 0.84308207 0.148588836 0.622683167
    0.334635198 0.965253234 0.152657807 0.286197186 0.52097857
    0.470382571 0.896554828 0.784886479 0.139268547 0.131462961
    0.723484635 0.0648589134 0.918583453 0.867637515 0.629880071
    0.215347469 0.677629828 0.899372697 0.185536325 0.0229920149
    0.769351482 0.137200624 0.982247412 0.338993669 0.540864646
    0.768486261 0.0429761112 0.497379273 0.963980556 0.75206393
    0.752285719 0.948770404 0.783896327 0.275025994 0.487521648
    0.989122629 0.170073718 0.523889422 0.573596537 0.787653327
    0.557771266 0.665287495 0.638797164 0.227290601 0.0940562785
    0.944741726 0.946556807 0.234258354 0.864611149 0.894036531
    0.462344378 0.229641944 0.298248649 0.631760538 0.0454438925
    0.768839955 0.790529549 0.103769898 0.59900558 0.58553493
    0.856892347 0.144620091 0.89235729 0.296279818 0.268036991
    0.210820377 0.902579188 0.133220911 0.414732665 0.837045908
    0.120180696 0.253852189 0.85077858 0.87940079 0.584331453
    0.255739033 0.695661962 0.953792512 0.0891050696 0.0278798938
    0.128082186 0.432841182 0.789684892 0.935016513 0.170840114
    0.478236765 0.773584902 0.329040408 0.643157005 0.634701014
    0.658067822 0.0107699931 0.33538723 0.345166475 0.561463654
    0.0173868835 0.613152921 0.524228334 0.189259201 0.093006134
    0.420535713 0.128355175 0.783785701 0.169571668 0.323513746
    0.0523857772 0.96668005 0.959794283 0.561908543 0.437380731
    0.235234171 0.702447176 0.543113053 0.428216636 0.266305536
    0.38955456 0.958188295 0.0441844165 0.704583704 0.755189657
    0.851282477 0.0781926811 0.565354228 0.647839248 0.502926171
    0.799158633 0.173971385 0.632777035 0.431280404 0.833237708
    0.92013818 0.718061626 0.352411389 0.768425167 0.428532958
    0.826510072 0.498005897 0.462353259 0.0119571984 0.699053168
    0.477827221 0.780100167 0.197838306 0.475719273 0.40798521
    0.755499601 0.196999162 0.696093678 0.541863739 0.0425846875
    0.557298958 0.465452135 0.90089941 0.344031155 0.795027614
    0.137360126 0.779732227 0.49040246 0.237244874 0.792902589
    0.815898061 0.113087296 0.960039258 0.601887643 0.28209424
    0.610509753 0.619567394 0.24364689 0.0667059124 0.596690238
    0.668461263 0.837605298 0.0156984627 0.733461201 0.948034048
    0.158721238 0.988887429 0.285890698 0.783755302 0.288069665
    0.824673533 0.822464585 0.285804987 0.414349109 0.0104455948
    0.448455095 0.293480039 0.214639932 0.641190767 0.924817383
    0.238881111 0.82775116 0.279149085 0.568625271 0.972615838
    0.172008872 0.0703528225 0.208129197 0.677098632 0.233575463
    0.27774027 0.964188218 0.140891016 0.175750822 0.324878514
    0.381110996 0.144734621 0.598270595 0.497266263 0.5286358
    0.434745312 0.924763083 0.835960269 0.460024536 0.174058288
    0.280335099 0.596647978 0.958303154 0.230365753 0.509529412
    0.487525821 0.0656832457 0.64382875 0.010422349 0.409880072
    0.12241289 0.673884273 0.613335371 0.775483012 0.799581885
    0.859496772 0.664496839 0.725390196 0.426345706 0.188415319
    0.104148775 0.673830152 0.831548452 0.297804266 0.711421847
    0.604674816 0.812303782 0.063862592 0.770892501 0.66745168
    0.225029349 0.79013592 0.0904029012 0.825368404 0.572872758
    0.932380855 0.574843764 0.230850101 0.779957533 0.500221908
    0.118240476 0.316999972 0.171456367 0.594803393 0.768259645
    0.427987099 0.050761193 0.165335178 0.688026905 0.881042004
    0.346375942 0.368768811 0.194635004 0.559958637 0.815067649
    0.678768039 0.0192463696 0.743559122 0.855300903 0.917494178
    0.505311251 0.429614127 0.272857219 0.881185472 0.53926295
    0.744456589 0.580499589 0.187664986 0.641243577 0.735576034
    0.644743681 0.211891443 0.453235835 0.385280311 0.295817971
    0.302087247 0.371583402 0.912118375 0.416534305 0.066796124
    0.24391678 0.989456654 0.931360602 0.178848356 0.0219718516
    0.0328173041 0.665955603 0.415346146 0.464368671 0.0451040566
    0.491122812 0.682804585 0.612282395 0.959530115 0.192419559
    0.145437181 0.267472297 0.467075825 0.747863948 0.911626101
    0.601360559 0.303041369 0.657943249 0.98413074 0.0244063139
    0.229874671 0.433847755 0.469342649 0.484156519 0.536320806
    0.694109499 0.532223582 0.287396789 0.943668842 0.462641478
    0.0710488558 0.0187520385 0.0966983736 0.965127707 0.650903523
    0.0815427899 0.8278054 0.0211320221 0.937096 0.6583125 0.0258894563
    0.946497142 0.8836689 0.891673744 0.722126365 0.622341812
    0.708420515 0.195940226 0.91192311 0.576197803 0.232053638
    0.756529331 0.803876042 0.86800462 0.944931149 0.619940102
    0.049767077 0.581198752 0.947877169 0.373360872 0.699158669
    0.99622488 0.0788235962 0.391158938 0.860750318 0.798563778
    0.817073584 0.624646425 0.176635385 0.4656654 0.52423352 0.346275568
    0.23703146 0.831013799 0.551519513 0.163913131 0.875571609
    0.936901867 0.279764771 0.672026396 0.98102808 0.633113384
    0.78183198 0.296730846 0.605940878 0.635843039 0.249941349
    0.184946895 0.796098411 0.723789275 0.161790788 0.0860661566
    0.88173914 0.964979351 0.638885617 0.444194496 0.184745699
    0.861462831 0.0468790531 0.428949565 0.0968396068 0.60862875
    0.0372081101 0.208764613 0.0243841708 0.764621139 0.776462853
    0.750955462 0.409320295 0.42886591 0.0565341115 0.573777676
    0.356375933 0.523737729 0.810261965 0.21535933 0.761876166
    0.978529572 0.310439229 0.152675867 0.826931477 0.648870647
    0.980473757 0.704780281 0.993762374 0.68411684 0.524053097
    0.902458191 0.43348974 0.0640259683 0.361975253 0.40801239
    0.219953895 0.178982168 0.174306959 0.683947265 0.26033026
    0.975151837 0.996761739 0.0728185475 0.475904614 0.548172235
    0.730355144 0.644458175 0.723463178 0.91439867 0.65149039
    0.160822868 0.522304654 0.880391896 0.0777885318 0.0122726262
    0.74313128 0.786360562 0.506905854 0.780271471 0.235717595
    0.539863706 0.395878553 0.891046643 0.80224669 0.0780883133
    0.386802346 0.284583122 0.365957856 0.114124119 0.368512899
    0.574666202 0.766035497 0.514339864 0.456971198 0.258153379
    0.998352349 0.326385558 0.225750864 0.32450515 0.765199542
    0.523926914 0.0133516788 0.602751553 0.425003201 0.988956809
    0.210531414 0.181840986 0.31403923 0.710719943 0.579402924
    0.623259306 0.013161093 0.859061956 0.289884359 0.112434626
    0.266423583 0.193093508 0.74966383 0.66328454 0.917926371
    0.397220105 0.893993497 0.00273758173 0.463663965 0.394507885
    0.560909629 0.00370401144 0.657509863 0.387764156 0.021166712
    0.070712626 0.36517185 0.833561063 0.569886267 0.992316782
    0.151808023 0.602782726 0.300929844 0.672680318 0.446688861
    0.568853259 0.345876575 0.721140265 0.71718049 0.393937051
    0.373524696 0.0380214453 0.373521507 0.293936491 0.997310638
    0.123176694 0.813303351 0.902613163 0.850954056 0.0671986938
    0.413081676 0.0292867422 0.630645752 0.680869937 0.894740105
    0.741310596 0.996644437 0.831362605 0.668738902 0.804115474
    0.022352457 0.14395228 0.553655207 0.977626324 0.300549805
    0.340530276 0.133834988 0.455138862 0.777710438 0.188851833
    0.778507233 0.460910141 0.69781816 0.625127137 0.445946157
    0.364193857 0.645892859 0.252212137 0.598103702 0.675652087
    0.702803135 0.393171072 0.0833311379 0.139906019 0.948323607
    0.900304556 0.203249305 0.451003134 0.104216963 0.887055039
    0.883099735 0.639913619 0.292838335 0.261943519 0.81832695
    0.526854217 0.409685642 0.90485549 0.47751379 0.434148133
    0.544324517 0.131988168 0.978282094 0.250130177 0.110577643
    0.245898575 0.86207962 0.172291607 0.235058665 0.978218675
    0.0538163185 0.911438465 0.916128635 0.684372485 0.363233328
    0.0541764498 0.00916785002 0.769574165 0.664480329 0.660610139
    0.681363046 0.11942324 0.0827284455 0.428144395 0.0867049992
    0.058899045 0.979028344 0.495590866 0.0344417691 0.140336037
    0.460258365 0.882061124 0.282207847 0.66317904 0.199829191 0.3755548
    0.877923846 0.473105133 0.517353594 0.181534439 0.572237492
    0.909687638 0.458949506 0.0783219635 0.361872792 0.180611461
    0.564063251 0.751398861 0.132689118 0.407164007 0.0743831396
    0.0776101351 0.299754471 0.427768409 0.495880693 0.810798585
    0.70763135 0.634696126 0.717806876 0.93512255 0.866925716
    0.445920169 0.276840031 0.0155898929 0.872400165 0.324889421
    0.245905846 0.338272929 0.513689935 0.730980992 0.888459563
    0.895546198 0.102609098 0.898957431 0.16978544 0.0760647357
    0.706023693 0.252526522 0.617189229 0.0377344787 0.998886645
    0.432246506 0.00749418139 0.391416669 0.255093545 0.403718829
    0.622029603 0.90042001 0.647066355 0.920933843 0.962960482
    0.899673939 0.734590769 0.588909686 0.226134837 0.0439476669
    0.871834636 0.892101407 0.73252809 0.147139877 0.603478789
    0.763293147 0.0324854553 0.663149595 0.399221301 0.526757836
    0.0526718199 0.934809446 0.0705243349 0.0677267015 0.579017937
    0.475663245 0.604326546 0.465809405 0.637095988 0.0469943285
    0.684369802 0.0134661496 0.0414109528 0.0874457061 0.763643384
    0.454853535 0.405633479 0.56883496 0.808150828 0.943114519
    0.362571508 0.933160782 0.76441443 0.0262655616 0.648034275
    0.902017355 0.724299908 0.100567579 0.831500649 0.886834562
    0.542168438 0.46999678 0.353189409 0.877553582 0.214914292
    0.388813734 0.183966488 0.839089394 0.50917846 0.483270586
    0.359769136 0.728759468 0.284120947 0.829885364 0.487057358
    0.991327763 0.92768085 0.224839866 0.998481274 0.712876558
    0.660709143 0.151556432 0.141322762 0.124944061 0.963690341
    0.835948825 0.290062368 0.318654835 0.147186965 0.266975284
    0.419750303 0.393769532 0.917463303 0.614683628 0.866971016
    0.0437498093 0.233465135 0.650274396 0.267016113 0.670422137
    0.560537875 0.442945719 0.356095552 0.751283884 0.213530242
    0.69535327 0.962422013 0.20532617 0.451688945 0.713189602
    0.975716591 0.311264843 0.971268058 0.173134685 0.8316468
    0.299232036 0.143704653 0.812871814 0.504158974 0.0522453785
    0.573242843 0.683036208 0.797304869 0.707037926 0.558751941
    0.943089962 0.464194268 0.701341748 0.409556359 0.140018642
    0.447364122 0.168983698 0.164980471 0.0329705477 0.125792056
    0.171079457 0.7682271 0.94992137 0.0768595636 0.545968175
    0.678832769 0.901555061 0.204242229 0.906999469 0.657204032
    0.135066777 0.0686136782 0.977894366 0.338008821 0.268271297
    0.344145387 0.260897338 0.145305187 0.284556121 0.542765141
    0.929814935 0.33889389 0.179667711 0.482224792 0.717585862
    0.333607614 0.74134165 0.453356326 0.068075031 0.86416626
    0.0300382078 0.323722064 0.0851227939 0.921754241 0.214533091
    0.722700775 0.502834082 0.625576198 0.563271403 0.0813527405
    0.286010832 0.133209378 0.784143567 0.369200975 0.060649693
    0.931643724 0.793430448 0.734426498 0.633022726 0.266651839
    0.475839913 0.0201748908 0.767221868 0.0642921031 0.574217856
    0.925906301 0.606494129 0.729244292 0.0543053746 0.0264886618
    0.412374735 0.999230981 0.182487488 0.665554702 0.291280508
    0.970921755 0.720316052 0.202902257 0.536651909 0.777446747
    0.744398475 0.635551691 0.272828192 0.800096095 0.190900862
    0.47521013 0.966628432 0.153221905 0.379335999 0.336673647
    0.666368484 0.868265867 0.454491615 0.354564577 0.93674022
    0.847911477 0.885468841 0.0630257726 0.986263633 0.893692136
    0.163752019 0.293216556 0.00646138191 0.123140275 0.808755636
    0.318562806 0.344765842 0.572532177 0.893150151 0.534190178
    0.841539323 0.640913129 0.587151229 0.779442668 0.428379655
    0.604880333 0.945977628 0.352527469 0.866332293 0.758210838
    0.479512721 0.00437581539 0.303200871 0.244631559 0.799616694
    0.583963394 0.820689499 0.340198636 0.0839871466 0.411827743
    0.237787873 0.399952531 0.217194706 0.285002887 0.960796237
    0.139020056 0.0658888519 0.934014976 0.875206947 0.146673888
    0.543588042 0.446925372 0.394417882 0.5716663 0.709406495
    0.518016875 0.78769052 0.64664793 0.810459375 0.186208904
    0.699897647 0.683679938 0.475714415 0.244399756 0.334020555
    0.782542348 0.0285903215 0.971825719 0.4291825 0.270590544
    0.350786507 0.647399485 0.437136501 0.634988308 0.0689761937
    0.790425301 0.664170742 0.709480405 0.636542439 0.017560035
    0.584708512 0.917088032 0.814400911 0.796448767 0.545528889
    0.526694596 0.998483658 0.792664647 0.0288859904 0.498621255
    0.266717702 0.646168172 0.0280589461 0.321512431 0.7231552
    0.194754034 0.0981854796 0.969218373 0.90297246 0.500978887
    0.0635305941 0.886042595 0.599727631 0.709547162 0.890945077
    0.311356664 0.599062681 0.963445842 0.0440976918 0.140960544
    0.0824299157 0.532203853 0.706713974 0.235577047 0.432991117
    0.594138563 0.598807454 0.145948797 0.978112936 0.650954604
    0.593750834 0.143204659 0.156397134 0.202581376 0.0374218524
    0.33274582 0.78454721 0.735198557 0.703460336 0.57555747 0.407435536
    0.497210741 0.307213128 0.913721681 0.405549526 0.717122197
    0.533898771 0.887900054 0.59203577 0.421613514 0.0205896497
    0.401917368 0.665005624 0.929175019 0.440389723 0.217566878
    0.643505037 0.567217112 0.930489779 0.31940186 0.75899899
    0.670225918 0.345364809 0.823973656 0.166065633 0.59308666
    0.276415139 0.741569281 0.397609204 0.119146794 0.143857062
    0.0985849202 0.696781874 0.779897213 0.225739896 0.265535057
    0.467048705 0.0258280039 0.1774773 0.0648690462 0.149512142
    0.149166942 0.895978034 0.0387505889 0.133864671 0.531004488
    0.328998655 0.959308147 0.472091258 0.595540106 0.0614924729
    0.371523768 0.949373007 0.15311116 0.525891185 0.851121783
    0.674239278 0.0262082517 0.791242778 0.528815806 0.430258602
    0.313034892 0.717754364 0.18039903 0.384502769 0.539935172
    0.871418715 0.58895427 0.266509563 0.369101137 0.0626351237
    0.409371793 0.175269604 0.183808953 0.815738797 0.0687083006
    0.74312377 0.974636555 0.708690703 0.115914017 0.912603736
    0.203199387 0.276135266 0.583624125 0.585538805 0.208844632
    0.29888767 0.00207066536 0.979703426 0.998698235 0.606494188
    0.169235855 0.629068613 0.125939399 0.980684161 0.844864309
    0.0157444179 0.946089387 0.919412613 0.126586854 0.871848464
    0.481162786 0.171177715 0.624069333 0.480611145 0.468071342
    0.665340602 0.683313787 0.0401674807 0.293720573 0.997606754
    0.221767902 0.661086619 0.0913491845 0.223095804 0.0205646157
    0.0329609513 0.605206847 0.456009775 0.873176336 0.820243597
    0.830988288 0.936843514 0.531780958 0.568042576 0.722964287
    0.26226005 0.291678548 0.149040937 0.321724355 0.411242425
    0.170590401 0.933481932 0.735038221 0.394178331 0.968289793
    0.720615506 0.10312745 0.842879891 0.713189721 0.941119552
    0.743893504 0.876354277 0.894317031 0.52300936 0.0245209336
    0.503108144 0.344657421 0.538416684 0.483265042 0.0560286343
    0.205622405 0.472253472 0.630077243 0.514820695 0.0269373357
    0.615146637 0.00511351228 0.311935246 0.966914535 0.345311582
    0.876640439 0.317142069 0.833735645 0.209827393 0.869221568
    0.903166413 0.749847949 0.661176026 0.312379062 0.965524077
    0.883980513 0.637160361 0.0186151266 0.232173383 0.712770998
    0.590908885 0.879547954 0.363493592 0.6541242 0.00882861018
    0.954939365 0.192541629 0.3893736 0.579936504 0.564466417
    0.725307107 0.0455548167 0.227100968 0.915660858 0.757754266
    0.238703668 0.18103376 0.422313571 0.891772032 0.270499945
    0.347634912 0.898787081 0.175689161 0.397010565 0.78020823
    0.812621832 0.635208726 0.982068121 0.145978004 0.0402621031
    0.0568523407 0.340217352 0.122858942 0.80169338 0.362020701
    0.467218161 0.757482648 0.771506011 0.631816626 0.592826903
    0.179091185 0.889896154 0.894336939 0.693113029 0.631553173
    0.98372972 0.720930278 0.752212405 0.242004365 0.338957787
    0.550865531 0.0585889518 0.0503133237 0.180272996 0.873076975
    0.461599708 0.454512298 0.0285471976 0.45097068 0.0513321757
    0.0581626892 0.3654176 0.0896751881 0.979852915 0.561429679
    0.226813048 0.603054702 0.527567029 0.308054984 0.93667531
    0.28012985 0.799318194 0.280273259 0.736112118 0.286056459
    0.854164898 0.184424341 0.357408702 0.244674146 0.403205603
    0.428335667 0.385772735 0.434805065 0.555963039 0.153889358
    0.964345753 0.0733157694 0.357438684 0.650609791 0.868352592
    0.464177042 0.829437971 0.713490069 0.974906087 0.715008378
    0.720665693 0.618117571 0.26881671 0.414527237 0.476220608
    0.012170881 0.891779602 0.592489004 0.00289440155 0.681189239
    0.857884288 0.0945433378 0.193331003 0.770632088 0.338677287
    0.380940139 0.489996225 0.572095394 0.616408944 0.798932076
    0.472655416 0.110538185 0.425398558 0.964902282 0.165609866
    0.660636187 0.645235777 0.338878006 0.855749547 0.455620885
    0.0704364479 0.115182519 0.0469228923 0.969467461 0.653645754
    0.158897728 0.711640477 0.471007615 0.711383939 0.232637703
    0.0765010715 0.206377804 0.75791049 0.337812245 0.666418076
    0.514643967 0.214277446 0.0151048601 0.654442668 0.806688845
    0.590490818 0.24311322 0.0475475192 0.538659751 0.928872347
    0.252396882 0.173360258 0.802531004 0.307077944 0.857051373
    0.914614916 0.81663394 0.433903396 0.0564379692 0.191852212
    0.29107666 0.733530641 0.0981498957 0.549047709 0.516222298
    0.561505497 0.881485581 0.813002706 0.326168388 0.140917927
    0.895784497 0.508996844 0.507204652 0.301428378 0.791531563
    0.777544618 0.379220814 0.324361861 0.123253942 0.422834277
    0.489435077 0.778029323 0.576235533 0.806543112 0.665600061
    0.864900529 0.766201735 0.487834722 0.466086537 0.188716799 0.285007
    0.108771771 0.0153506696 0.0700244606 0.81875968 0.230021238
    0.550618052 0.500116348 0.115573674 0.551542401 0.430650055
    0.389172345 0.89580071 0.162856758 0.965841591 0.915676832
    0.378680646 0.445453316 0.348637998 0.196118206 0.548071325
    0.0794656575 0.855780005 0.0619770586 0.98536849 0.302731216
    0.858807564 0.705848455 0.266280413 0.776474714 0.576051712
    0.739749432 0.143784493 0.0280324519 0.136660546 0.866193175
    0.847530365 0.449875534 0.839061975 0.0194967389 0.629880667
    0.231666118 0.03451401 0.770310938 0.603919566 0.647244334
    0.409139395 0.814936876 0.676889658 0.902028322 0.125891477
    0.323066831 0.59179455 0.877152562 0.254582226 0.887059212
    0.147943944 0.885093927 0.526394606 0.831814408 0.97153163 0.4989039
    0.0496862233 0.706818938 0.802688122 0.54202348 0.120936781
    0.836759567 0.0987620056 0.640998006 0.51356554 0.123563856
    0.996711493 0.364618599 0.126440167 0.401324719 0.529312015
    0.907246292 0.519913316 0.694972515 0.47015819 0.863532782
    0.085008651 0.37188831 0.263584524 0.40447855 0.695346236
    0.260641217 0.0138592422 0.0677871406 0.929950893 0.331448853
    0.071483463 0.879184008 0.314981699 0.424486369 0.393461257
    0.128809869 0.883225024 0.0654376149 0.314368784 0.786060631
    0.53527838 0.13842535 0.266223162 0.221303672 0.572756469
    0.325878531 0.199340671 0.830247819 0.850384831 0.885741055
    0.939873815 0.7574507 0.205415905 0.961635709 0.3577981 0.479126483
    0.25770694 0.308561832 0.516260028 0.606668234 0.0403513312
    0.0161441565 0.121653378 0.761163473 0.304027975 0.537707269
    0.967705369 0.422876298 0.597937942 0.733590543 0.695622742
    0.647190928 0.973787487 0.178756356 0.913795829 0.876266003
    0.0802350342 0.0456240177 0.555453897 0.218061864 0.262403548
    0.790558696 0.115457356 0.0271098614 0.738087058 0.576516867
    0.193376929 0.0788699985 0.283576906 0.36838007 0.165303469
    0.725095153 0.781543672 0.540344715 0.8826015 0.970138073
    0.173972309 0.696353436 0.462849051 0.0233334601 0.17076993
    0.977413177 0.854622602 0.877597988 0.345220089 0.838204622
    0.45702216 0.152657628 0.838562369 0.00162160397 0.352051586
    0.527433872 0.253611863 0.205971152 0.765907407 0.232095271
    0.163772315 0.508239448 0.96691525 0.659012496 0.35482654
    0.237762779 0.767872572 0.981023133 0.78183639 0.808129787
    0.801671267 0.408695161 0.443075478 0.0941162407 0.0628912151
    0.0992503166 0.606229365 0.731915712 0.854035616 0.834155202
    0.443461508 0.0583543181 0.856871784 0.394058764 0.752929628
    0.172556847 0.729718924 0.738484919 0.201359242 0.104668111
    0.372615844 0.912926972 0.15329349 0.761390746 0.574912786
    0.66778636 0.431056947 0.746246994 0.700433254 0.991669297
    0.874758005 0.089895308 0.697880208 0.0234530866 0.0699734688
    0.817535758 0.849698782 0.426781625 0.0467483699 0.61940372
    0.0153152049 0.451549917 0.68818903 0.973201036 0.0642014742
    0.320223331 0.742363095 0.829047084 0.315021932 0.568449855
    0.946600318 0.652605414 0.86894536 0.355749637 0.493125588
    0.27398634 0.808840215 0.454897761 0.263194919 0.955215156
    0.564296663 0.851047754 0.910229445 0.57758671 0.22349292
    0.069983989 0.109474182 0.343501568 0.875079989 0.262306392
    0.0106110871 0.533942878 0.0321079195 0.596749306 0.162846416
    0.657154739 0.40321508 0.0474364758 0.345295727 0.910106182
    0.859719157 0.585135102 0.482432604 0.416439712 0.247467071
    0.76223278 0.976603508 0.627867579 0.484421432 0.411911756
    0.323803425 0.708088279 0.0625280738 0.736078501 0.845656395
    0.171326488 0.301680744 0.311111808 0.622843921 0.981337965
    0.430065334 0.709718227 0.0195628107 0.00617727637 0.558521748
    0.591786206 0.259085238 0.486618042 0.313996017 0.491331369
    0.828805685 0.964644253 0.886213899 0.662259758 0.186130643
    0.420582592 0.959297657 0.018053174 0.00179982185 0.469943792
    0.375926852 0.688721716 0.686888576 0.410945117 0.530355096
    0.884355545 0.351585805 0.32167843 0.0716252327 0.252363324
    0.970759869 0.338903308 0.4910357 0.456442237 0.56178695 0.286043346
    0.576087534 0.677071035 0.437155455 0.978181481 0.0135001838
    0.798941433 0.426869899 0.882847548 0.577052295 0.352510363
    0.901531339 0.793931484 0.859256327 0.337395012 0.527260482
    0.408123136 0.702138245 0.465075254 0.829495668 0.276172817
    0.482907534 0.396597564 0.84593606 0.694139957 0.539629459
    0.325603306 0.76043725 0.164747417 0.802870572 0.326841593
    0.948980927 0.00292465091 0.0504672527 0.931516528 0.911369503
    0.504958093 0.998853385 0.691467404 0.27161175 0.152121156
    0.273968935 0.423113704 0.256921232 0.991134942 0.365330696
    0.863219082 0.933274031 0.249101847 0.293204457 0.885984063
    0.821776509 0.0264835358 0.0758928359 0.806781888 0.569092572
    0.468949735 0.282905459 0.446420491 0.351525187 0.267790645
    0.154662162 0.159170598 0.763302624 0.121567935 0.272099614
    0.0644311607 0.181102276 0.662579775 0.347009212 0.652184963
    0.894727588 0.601330757 0.844225883 0.309491813 0.885256767
    0.834986448 0.754959881 0.852932453 0.365484595 0.531752586
    0.788625062 0.91612643 0.344664574 0.863503098 0.0221070051
    0.11004892 0.281534731 0.865080118 0.696736097 0.116965294
    0.761056662 0.141147584 0.461236775 0.107055932 0.289898723
    0.632039189 0.774263859 0.433550835 0.403696835 0.672448218
    0.554970145 0.507596672 0.904437542 0.457285464 0.225805908
    0.0836767256 0.953928649 0.266989708 0.15207836 0.6089167
    0.0873331726 0.563242197 0.566754341 0.845383406 0.947437763
    0.227172643 0.930216074 0.597980976 0.755425572 0.522762597
    0.80727911 0.0351938307 0.77860713 0.390012652 0.209628165
    0.0918815136 0.508655131 0.935162187 0.684135795 0.722417712
    0.897863567 0.0562605262 0.884503782 0.840152025 0.856570959
    0.549147189 0.867758274 0.0457666218 0.715345979 0.0408762991
    0.570495248 0.245170534 0.633046865 0.282867134 0.877408385
    0.55639708 0.581887484 0.331516623 0.410217404 0.328126907
    0.436516255 0.474893361 0.185746372 0.140317231 0.153167814
    0.452581942 0.583041728 0.0734035373 0.830260098 0.765167236
    0.994171262 0.497111082 0.789161205 0.664577723 0.595890284
    0.415189922 0.937948465 0.528925598 0.811615467 0.676537335
    0.187392622 0.333095133 0.65481925 0.726155877 0.210922122
    0.976883769 0.183728188 0.0883486867 0.961467266 0.937936366
    0.282048047 0.282124281 0.484931558 0.114228755 0.336098611
    0.459349394 0.583357453 0.490722239 0.8720873 0.346757084
    0.456726223 0.349721789 0.892674208 0.643375039 0.712260008
    0.606729686 0.661882102 0.940633893 0.215553641 0.596632898
    0.103352189 0.37774241 0.229086906 0.639894903 0.123986691
    0.901390314 0.41054225 0.146112114 0.0514594018 0.728910446
    0.74189657 0.948074877 0.379955351 0.941044688 0.251223147
    0.469969332 0.141819686 0.0211488605 0.916791022 0.0317410529
    0.564425051 0.539566278 0.529244184 0.054202646 0.59818995
    0.492808461 0.944497824 0.588621855 0.897385478 0.0431715548
    0.518391311 0.0496025681 0.243096858 0.76611954 0.58902663
    0.0260340273 0.778933406 0.438939959 0.394586295 0.412013471
    0.349268734 0.49980402 0.411736965 0.115357935 0.229381591
    0.635257244 0.0591165423 0.0201547742 0.492946208 0.0546214879
    0.697071433 0.664092004 0.533461154 0.523798764 0.924481869
    0.962345421 0.0451585054 0.252672255 0.188114554 0.218247443
    0.0967955887 0.91210109 0.616504967 0.201270878 0.214847654
    0.152920902 0.943082035 0.324896157 0.355709672 0.15906927
    0.604524612 0.34444949 0.382312804 0.53313297 0.391182989
    0.271139145 0.452410877 0.738076925 0.353007555 0.848181248
    0.437738925 0.342800081 0.222741187 0.109039724 0.426489353
    0.0165379941 0.911309004 0.629086435 0.0927405655 0.946612775
    0.242899984 0.37280345 0.686431706 0.277768433 0.156418443
    0.123055071 0.912691832 0.625173926 0.750998378 0.201070786
    0.437556922 0.108431458 0.583189964 0.655692577 0.603428423
    0.880838633 0.0129035115 0.903618693 0.832786202 0.0161555111
    0.179968357 0.997860789 0.070715487 0.227610081 0.615615726
    0.672435403 0.738719046 0.404338986 0.691891968 0.44984743
    0.367022157 0.084032625 0.996366799 0.487998575 0.446181923
    0.0263379216 0.0240516663 0.324082941 0.264818609 0.955708385
    0.407453477 0.0618337095 0.3641707 0.229629159 0.848852515
    0.692476094 0.951987267 0.0823780596 0.23612836 0.746868491
    0.707674146 0.0246317089 0.825727582 0.520060837 0.52505517
    0.0850529075 0.950245857 0.352205038 0.238091648 0.744034469
    0.47419396 0.0872791111 0.0043053925 0.680405617 0.654656649
    0.688785136 0.136984348 0.25752157 0.531659663 0.303727865
    0.321320891 0.737212121 0.751709104 0.117397517 0.109129786
    0.938628674 0.87106055 0.144944042 0.791169405 0.231911987
    0.591018796 0.0916636586 0.881009221 0.37469694 0.519938946
    0.644678771 0.149664551 0.627340794 0.173479438 0.281197578
    0.49984479 0.402692616 0.423378885 0.853106618 0.0617990494
    0.875941634 0.883336425 0.44316259 0.0346979499 0.325922787
    0.282668948 0.143661976 0.875715852 0.0357763171 0.837048411
    0.666916251 0.542302489 0.423135072 0.433587551 0.22313115
    0.939253807 0.77164638 0.889499247 0.669481754 0.0929599702
    0.447944552 0.99701488 0.530872881 0.302163124 0.436580747
    0.752633333 0.915930271 0.806548297 0.59720552 0.113196224
    0.852368712 0.137647718 0.0737210512 0.479521334 0.877269566
    0.405569255 0.760816753 0.201360196 0.603478432 0.999802351
    0.33029747 0.458251834 0.755258083 0.894529879 0.119057655
    0.664277792 0.0571195185 0.047912091 0.864356756 0.843821526
    0.721613824 0.91070199 0.703835249 0.174972892 0.769366801
    0.101419985 0.147036821 0.521105886 0.0346082151 0.329401255
    0.410880595 0.0920877457 0.264914185 0.0990804434 0.885718584
    0.410674691 0.279534817 0.356685102 0.230918407 0.841175318
    0.890186191 0.901618958 0.0557020307 0.223288804 0.489282876
    0.991466999 0.814889848 0.822034478 0.680012941 0.741580844
    0.0666106939 0.955906749 0.422265023 0.667442441 0.994049847
    0.274627566 0.847792149 0.0234570205 0.950281858 0.360013664
    0.677506328 0.726283848 0.262072265 0.972521544 0.0432193577
    0.351463795 0.476951748 0.650240839 0.615005136 0.435297608
    0.831608772 0.520921946 0.983200133 0.459156781 0.377574861
    0.0733678341 0.284689993 0.836022615 0.682047486 0.017867893
    0.0529081821 0.530135155 0.874167979 0.445356786 0.25550136
    0.872031868 0.605114102 0.00168657303 0.559508383 0.678964555
    0.790553212 0.103808165 0.86624825 0.268215179 0.737648249
    0.90893805 0.464748025 0.37660864 0.217252344 0.697703838
    0.637275994 0.764983416 0.3387191 0.00844499469 0.124756753
    0.49396798 0.572106481 0.43185398 0.960182905 0.0273033082
    0.249330163 0.987290919 0.638130546 0.142568886 0.302758098
    0.983247399 0.988674879 0.428966463 0.902627349 0.167979062
    0.0726706088 0.875099301 0.432994217 0.271449238 0.232497633
    0.566906631 0.487118393 0.161999166 0.603987396 0.408514172
    0.550980031 0.955540061 0.932381511 0.734149992 0.616191804
    0.234015435 0.672473311 0.448417664 0.712753892 0.348977864
    0.207325041 0.172237724 0.795525193 0.225967228 0.130555451
    0.41428861 0.692938566 0.15442878 0.407977402 0.825991392
    0.875548124 0.689463079 0.246010363 0.501717448 0.864995897
    0.956924617 0.4885858 0.933859825 0.919454873 0.514566839
    0.452501655 0.198963255 0.875460505 0.0166171491 0.830964923
    0.758620918 0.240596533 0.917874932 0.39175567 0.814441681
    0.440849245 0.139261514 0.518556833 0.65292877 0.588338852
    0.837524056 0.842770696 0.088265121 0.611139238 0.810946941
    0.196337372 0.591922581 0.974457264 0.738718629 0.780947626
    0.170783222 0.0504589379 0.00697314739 0.216981977 0.536913991
    0.47785002 0.786012411 0.233316511 0.51216644 0.603337646 0.69785744
    0.75588882 0.0639736652 0.0984254181 0.302976727 0.734836578
    0.80472672 0.18052122 0.268998027 0.720632732 0.380530685
    0.696475387 0.688207805 0.0245770812 0.483222932 0.110701323
    0.888843894 0.342075109 0.858617425 0.307450175 0.293965816
    0.754215717 0.673457921 0.686394632 0.22324729 0.915226877
    0.335267127 0.267944276 0.886454821 0.262844205 0.496365368
    0.0809338987 0.362267077 0.698990464 0.761063457 0.657297134
    0.967158198 0.556205869 0.142211795 0.8831954 0.205137104
    0.214839101 0.776771367 0.610483348 0.288465321 0.137950748
    0.684320807 0.964062333 0.981136441 0.639510691 0.095813781
    0.649137855 0.193711251 0.996497631 0.723195195 0.26544404
    0.584779024 0.773315907 0.991144001 0.714021921 0.0545829535
    0.530678153 0.0691699386 0.196773469 0.142568558 0.20944345
    0.493857801 0.743133485 0.897934794 0.327677071 0.446764112
    0.896133065 0.678292036 0.0597112775 0.239611834 0.742852271
    0.0857607126 0.714686513 0.701448321 0.760479689 0.220962107
    0.24263528 0.722362041 0.844636619 0.791807473 0.312270463
    0.682738304 0.769680858 0.378460824 0.169717401 0.325273335
    0.690249443 0.363382399 0.0783013105 0.62415725 0.30103749
    0.353836745 0.920297742 0.0930083096 0.0162715316 0.486225218
    0.388752043 0.90070498 0.276087075 0.19118765 0.46977821 0.228458792
    0.496957332 0.288393021 0.591522455 0.617706597 0.576903164
    0.496924907 0.110880673 0.825010777 0.481080085 0.361220449
    0.751472592 0.105540067 0.5114609 0.308904469 0.908833742
    0.039785862 0.281513035 0.365241349 0.895446777 0.311596304
    0.945777059 0.781890631 0.787635326 0.764400005 0.902176142
    0.966904283 0.820827127 0.609767556 0.901042521 0.772188306
    0.502092242 0.0400505364 0.861465752 0.220237941 0.154207349
    0.429585069 0.134116322 0.964391947 0.345005751 0.624424636
    0.952150047 0.168323547 0.273391068 0.815826595 0.54725337
    0.0423905551 0.538445354 0.898470998 0.982482016 0.165832847
    0.512952268 0.900538087 0.830743551 0.651543379 0.0780491829
    0.172527134 0.158339769 0.80801177 0.393464744 0.925713778
    0.0911331177 0.518030643 0.414502382 0.132838219 0.950820684
    0.96705842 0.988069534 0.888645351 0.115900487 0.81954813
    0.408632338 0.305083364 0.502697885 0.442589909 0.0700798035
    0.0427558124 0.0348932445 0.972382903 0.290784091 0.729107618
    0.38564831 0.457425624 0.692592025 0.227309912 0.613161266
    0.969866157 0.491585433 0.66766727 0.270133585 0.438371688
    0.175549179 0.843951106 0.528558433 0.535106421 0.580679953
    0.751421809 0.809157491 0.524765909 0.616695106 0.716457963
    0.973997653 0.300368667 0.985314786 0.684091508 0.342312843
    0.92764163 0.941285014 0.30457297 0.322985351 0.165273815
    0.739866734 0.247338176 0.537942231 0.332231045 0.132448047
    0.654588163 0.353148103 0.832378328 0.785789251 0.905505419
    0.304823369 0.931661844 0.27584374 0.342982113 0.523860455
    0.282788396 0.897347748 0.856567264 0.615160763 0.675697148
    0.663764417 0.977332354 0.639583588 0.248112679 0.606978834
    0.141986907 0.839356899 0.717554808 0.708020151 0.157330632
    0.159224838 0.994225442 0.741505861 0.182413697 0.548243165
    0.48867017 0.356162548 0.679646611 0.14630127 0.663483381
    0.792569578 0.285577685 0.962791979 0.241081923 0.428342938
    0.194769979 0.0163466334 0.38546586 0.967910945 0.480759978
    0.133002192 0.358030558 0.759581327 0.529648602 0.511516213
    0.921537519 0.12771675 0.596782327 0.369481266 0.545479298
    0.619464636 0.974509835 0.301081598 0.315598786 0.410289288
    0.167210519 0.30925107 0.184571207 0.0191492438 0.882883906
    0.647338331 0.634540975 0.783558428 0.752668858 0.397662103
    0.272993982 0.79809916 0.711495221 0.95076263 0.209541053
    0.00258693099 0.311497331 0.0247610509 0.0760997832 0.883230329
    0.873475969 0.366647243 0.57573849 0.901683331 0.438020885
    0.418764949 0.125387669 0.638347328 0.905926168 0.397643209
    0.112532735 0.0491568744 0.291878104 0.922482133 0.137926906
    0.288769782 0.233224422 0.452029645 0.1107952 0.866699755
    0.824047208 0.24909541 0.598698616 0.195486844 0.549762726
    0.0352066457 0.887091517 0.678854465 0.085339427 0.0948655605
    0.240893841 0.753753722 0.470190138 0.275405705 0.338104963
    0.971195102 0.338656008 0.511563838 0.115783483 0.224308163
    0.875028849 0.974206686 0.226709545 0.309185207 0.00284218788
    0.170067936 0.184397578 0.912406802 0.211080164 0.319336593
    0.779184103 0.484962374 0.0312950313 0.590256691 0.111540765
    0.956148505 0.53959769 0.609569669 0.793157101 0.937349319
    0.126415789 0.41306749 0.732769489 0.546630085 0.391320497
    0.872277975 0.191245258 0.782741547 0.566296697 0.247462183
    0.725075603 0.101027369 0.100559831 0.644112766 0.00370553136
    0.0810671449 0.434375376 0.0945869386 0.241461903 0.0963681936
    0.633948803 0.26365158 0.487403035 0.00261551142 0.00403043628
    0.788937569 0.233161449 0.371351331 0.49251616 0.0141968727
    0.337499261 0.375869125 0.483000934 0.883265257 0.481689394
    0.62004298 0.787031889 0.00952929258 0.287858784 0.19960469
    0.651093245 0.950333953 0.219962806 0.569073498 0.331865638
    0.614067852 0.749114633 0.219400257 0.328198761 0.223121166
    0.970216155 0.446065784 0.154803723 0.394509554 0.890178025
    0.574878395 0.866046071 0.666610301 0.854389489 0.651433289
    0.322368115 0.883312821 0.373600662 0.296418697 0.0486222506
    0.730868936 0.543791413 0.686152935 0.244405508 0.706514299
    0.723455429 0.601561904 0.13580057 0.764587522 0.628312826
    0.676611423 0.145339549 0.765054941 0.204293609 0.512273908
    0.642218471 0.690809906 0.232669264 0.0422484875 0.490242153
    0.226479858 0.0279179811 0.327452838 0.686580718 0.0927891135
    0.0406722426 0.290521652 0.0449048281 0.0979529321 0.550869226
    0.929453135 0.478127658 0.661342978 0.560114622 0.857498169
    0.449077576 0.978013515 0.305217266 0.267774642 0.203864038
    0.571344256 0.715658784 0.287567466 0.20027104 0.17382127
    0.972389996 0.00962364674 0.245904058 0.664970875 0.8192029
    0.539230585 0.110384077 0.642431796 0.632681787 0.392511874
    0.962656379 0.433816999 0.234742194 0.573256552 0.0480719507
    0.895624876 0.819391251 0.924718976 0.490747958 0.468613416
    0.912211537 0.786394119 0.674778521 0.228601962 0.716759145
    0.475677252 0.803264618 0.0622657239 0.540204346 0.135307789
    0.357817292 0.347391248 0.806644797 0.4950324 0.749515653
    0.168539494 0.121406108 0.59861058 0.904887378 0.282124043
    0.828615904 0.299382985 0.808669567 0.614118695 0.358617961
    0.677901208 0.808342457 0.553086102 0.184848577 0.758523226
    0.641432047 0.0599613786 0.488752395 0.998808384 0.885416985
    0.458586186 0.231621236 0.541662812 0.460259259 0.108443707
    0.668386459 0.594303727 0.181362361 0.902836204 0.321691513
    0.256964624 0.11758098 0.303879291 0.685649633 0.475015372
    0.911975384 0.962087333 0.390723228 0.0580744147 0.114042878
    0.827982187 0.658953667 0.345467508 0.132235855 0.798732281
    0.603999615 0.815266132 0.209719449 0.164836854 0.709233403
    0.986501575 0.174006581 0.872429609 0.977058887 0.254972041
    0.866176903 0.398389578 0.460906655 0.542828739 0.842417717
    0.121155232 0.932700992 0.720250845 0.133256316 0.920931458
    0.837731361 0.643534362 0.29106909 0.998249054 0.37735796
    0.803925276 0.210392714 0.521492898 0.554164112 0.212570488
    0.629603267 0.424767107 0.948228598 0.464608282 0.0246617198
    0.135988235 0.517516136 0.0706977844 0.0427755713 0.358133316
    0.0598596036 0.45950368 0.208652377 0.738162637 0.834118724
    0.40117839 0.434880912 0.434906393 0.290432036 0.425678998
    0.96930033 0.857070267 0.346378535 0.235466748 0.769446611
    0.520099223 0.504117608 0.988386512 0.808589578 0.820706367
    0.963338673 0.97511965 0.335860729 0.190927237 0.530332863
    0.220160514 0.437181205 0.258190513 0.146207184 0.622330606
    0.328330815 0.0325738788 0.321731925 0.44063729 0.570553303
    0.0772826076 0.402254045 0.104653567 0.151147425 0.960119605
    0.616926491 0.493188351 0.0413003564 0.182191432 0.155978918
    0.0702207386 0.983836532 0.426447004 0.760486126 0.270998061
    0.878986001 0.395394206 0.243177742 0.679423094 0.552404642
    0.404234678 0.56659025 0.398780644 0.888272107 0.677429557
    0.0568140447 0.871231079 0.289958119 0.0824745893 0.530492306
    0.883571386 0.8917346 0.373284757 0.788288653 0.309643447
    0.192957073 0.0547578931 0.0804146826 0.531029344 0.288179278
    0.896854281 0.27272293 0.661316454 0.390035391 0.890294671
    0.37839219 0.895011544 0.922548771 0.121188879 0.236982912
    0.121530771 0.0482468307 0.68828702 0.705908895 0.897142887
    0.735133946 0.710355341 0.993155718 0.51095444 0.271578848
    0.270854056 0.101773262 0.0076110065 0.587996483 0.81674087
    0.740437388 0.929540753 0.969023526 0.439263642 0.0166597664
    0.839872241 0.0574531257 0.182980239 0.00471186638 0.0723451972
    0.733763218 0.467918456 0.0766334534 0.698942006 0.36026758
    0.928105593 0.348038912 0.681808114 0.255301654 0.591064215
    0.240899801 0.60107857 0.868134618 0.25589174 0.517826438
    0.583153307 0.623553991 0.932152629 0.875014186 0.810359478
    0.0596784055 0.603564978 0.561843932 0.139726251 0.42445603
    0.131351858 0.55589509 0.406931698 0.324622124 0.257312685
    0.16170457 0.0787880719 0.859939933 0.940072536 0.161214471
    0.658291698 0.405796528 0.998649001 0.438084215 0.349472761
    0.834622145 0.655857742 0.595878601 0.509427965 0.783046663
    0.574641824 0.195737988 0.569032669 0.397480309 0.0222388804
    0.81723702 0.618276477 0.755191088 0.797617376 0.362853765
    0.447853714 0.365012467 0.435376853 0.598292291 0.759907722
    0.224138021 0.528906703 0.0196518898 0.421553433 0.453770697
    0.410523593 0.364442855 0.313064188 0.682879806 0.827570438
    0.0899047256 0.95473516 0.948936939 0.972190678 0.225169569
    0.940390825 0.510584533 0.977000296 0.357656777 0.816995144
    0.198209733 0.369659603 0.355760992 0.905828297 0.16391927
    0.904159188 0.475712866 0.354251683 0.852221012 0.445574969
    0.77523005 0.0503659844 0.937027812 0.183649689 0.348303348
    0.701591134 0.999801278 0.118627936 0.0527018309 0.842742324
    0.98004961 0.966124535 0.547146082 0.983722687 0.479587495
    0.87510705 0.474482983 0.9733302 0.205617011 0.227407962 0.965910017
    0.804815292 0.350919425 0.688582361 0.00248637795 0.00722408295
    0.588705361 0.73364222 0.144188941 0.965246916 0.42436707 0.5954445
    0.769338489 0.506462455 0.981167734 0.671564519 0.790614545
    0.396949917 0.558254361 0.245797545 0.75652796 0.18285507
    0.803036213 0.258240759 0.141789019 0.602770209 0.320447147
    0.990987659 0.683906376 0.680465281 0.987223148 0.61687243
    0.545419216 0.606001079 0.353696048 0.410057217 0.670361459
    0.212096959 0.584062517 0.897556901 0.874748707 0.549948037
    0.311366826 0.755580306 0.939810872 0.401981801 0.460288823
    0.481560111 0.45819962 0.817625165 0.748738408 0.680986047
    0.736071229 0.817627728 0.212302595 0.567654788 0.0127295256
    0.870637655 0.792676687 0.284508169 0.849202514 0.588534832
    0.0567917526 0.728532493 0.471329629 0.626909316 0.856399179
    0.958832502 0.435679674 0.372754991 0.872028291 0.134396315
    0.972675085 0.356126308 0.000854820013 0.41672042 0.116987616
    0.461178541 0.384887367 0.422690451 0.514624476 0.740564942
    0.149810851 0.466044933 0.00171223283 0.0784863234 0.23293072
    0.0225615799 0.886793613 0.684733033 0.400722742 0.806965888
    0.210333496 0.498624712 0.439697176 0.0906004012 0.803466082
    0.687155366 0.596074164 0.510384023 0.458409786 0.537961245
    0.886288583 0.377057105 0.878337979 0.901110709 0.0491090417
    0.385208845 0.720743418 0.236414552 0.0278321803 0.849840105
    0.516380668 0.556551754 0.91742599 0.0733197629 0.267537326
    0.200381875 0.877324581 0.185735047 0.666647017 0.144634128
    0.927326441 0.843165398 0.415747285 0.291515082 0.422289371
    0.0480001271 0.0501309633 0.321118593 0.118703991 0.703905344
    0.5964095 0.610728502 0.545745254 0.454785734 0.453504354 0.41563803
    0.173546642 0.463152468 0.67622602 0.0905971825 0.1466887
    0.100592971 0.812330127 0.13690415 0.466437787 0.438720882
    0.806853414 0.621597826 0.548787653 0.632503033 0.916774571
    0.982783139 0.536777377 0.0443244874 0.713362932 0.251868546
    0.284137547 0.992976189 0.399662763 0.3384341 0.551348329
    0.867615283 0.465542912 0.185054272 0.642226219 0.747180879
    0.440383196 0.414868474 0.483850837 0.610476673 0.877647042
    0.0407721996 0.164008975 0.588974476 0.97017622 0.270909667
    0.30945611 0.742050052 0.217630357 0.696552694 0.700825334
    0.0490016043 0.307664067 0.97805506 0.689517617 0.902621508
    0.426562786 0.563528895 0.183101118 0.517870307 0.992752254
    0.587106943 0.78540802 0.716424108 0.499984175 0.123501301
    0.576371312 0.94340384 0.16105932 0.419008136 0.448468715
    0.752597451 0.655285597 0.0294806063 0.86755681 0.180806011
    0.175142109 0.243625939 0.845523596 0.663857341 0.644018531
    0.0575461984 0.295101494 0.525647402 0.254217833 0.206914306
    0.440849125 0.267569184 0.599475741 0.48695001 0.648986936
    0.427252412 0.0747473538 0.148469359 0.310530931 0.53025496
    0.659225047 0.433785737 0.859047532 0.835931599 0.150235444
    0.64370954 0.551374495 0.0742058456 0.141108602 0.012283951
    0.183923811 0.581814706 0.432679653 0.0378541648 0.830375433
    0.968770742 0.0720822513 0.633868158 0.562356949 0.214875013
    0.0622355342 0.529438138 0.538145542 0.553728282 0.377144933
    0.493282437 0.472190201 0.0454039574 0.718106747 0.788376331
    0.899875581 0.394590735 0.881601572 0.456117004 0.974875808
    0.834856093 0.0828669369 0.341870248 0.968598425 0.981721401
    0.974161625 0.0210212469 0.148788482 0.603645563 0.595205665
    0.60572046 0.829208136 0.509288907 0.285023004 0.294577986
    0.395879149 0.795459986 0.890103459 0.208538592 0.0861693919
    0.171213359 0.489836156 0.213603556 0.480455965 0.157961041
    0.401369333 0.466900766 0.78505522 0.599433005 0.184794903
    0.500748217 0.715262473 0.377546132 0.734529734 0.233615756
    0.988270164 0.9461689 0.562524378 0.16119957 0.20923841 0.567808568
    0.770673037 0.233724654 0.973633051 0.445323229 0.16434145
    0.514116466 0.728285909 0.394702643 0.746281683 0.892401338
    0.680098176 0.582090557 0.405652732 0.455307752 0.629968345
    0.304476082 0.932232261 0.547530413 0.414826661 0.529476047
    0.236354351 0.914090633 0.772653937 0.438676059 0.937148213
    0.144187927 0.862457395 0.179953545 0.591528118 0.794096112
    0.413274676 0.904346824 0.0891056657 0.334850073 0.670060635
    0.359778881 0.452534914 0.394798398 0.104845375 0.513407409
    0.310656756 0.60850805 0.722694755 0.150657594 0.590418875
    0.350738823 0.175729692 0.631947696 0.345663339 0.0657381117
    0.39501515 0.902958989 0.470634282 0.993588209 0.748045564
    0.35905087 0.767629623 0.654827118 0.70825237 0.131515503 0.14600721
    0.753211737 0.997735858 0.00731256604 0.426883906 0.817833781
    0.550403416 0.445980787 0.965850294 0.854691803 0.369372904
    0.254738063 0.333213657 0.203731716 0.0426250994 0.227372587
    0.58176142 0.207489103 0.234137058 0.0288881958 0.695767701
    0.683529079 0.933618426 0.0707941949 0.461449564 0.323008597
    0.794491649 0.931006193 0.520682633 0.613873363 0.0248206556
    0.216547489 0.485070556 0.252103686 0.319259763 0.992613792
    0.634804904 0.299185157 0.908689857 0.525955558 0.875383854
    0.339015484 0.452995539 0.621576488 0.26023975 0.320205033
    0.402264893 0.949413776 0.755362153 0.562615156 0.0785343945
    0.896215737 0.904054582 0.790531695 0.66347611 0.997505426
    0.443911105 0.0833821893 0.68805778 0.694878399 0.0553063452
    0.629683971 0.46949178 0.816290617 0.733749986 0.010388732
    0.483148187 0.872860193 0.335836589 0.90326941 0.758882642
    0.27224052 0.598630607 0.0956766307 0.657821178 0.933008552
    0.334528863 0.72328949 0.759204984 0.0827988684 0.565539956
    0.342130125 0.751377106 0.448812217 0.871575236 0.06995067
    0.266189039 0.12985 0.742350817 0.937972426 0.41165486 0.676396012
    0.633313835 0.272106707 0.482584149 0.284455836 0.878794968
    0.105737358 0.814357102 0.326185048 0.741495669 0.529936254
    0.463824302 0.204694986 0.563728154 0.982563496 0.495573282
    0.750806808 0.791848004 0.16936782 0.642810941 0.917716503
    0.921002865 0.952633262 0.607016623 0.199061841 0.292033076
    0.81114465 0.862128019 0.135039538 0.566772163 0.433750063
    0.213760763 0.96869123 0.955132484 0.216020316 0.113311648
    0.182391196 0.892156839 0.758537054 0.709104061 0.68607676
    0.265721977 0.461181253 0.614782453 0.230092466 0.423116952
    0.951106429 0.994209349 0.714628339 0.220764011 0.313350171
    0.885290384 0.577441692 0.441980004 0.100116909 0.660846829
    0.584054649 0.619914651 0.399796605 0.884108782 0.777027488
    0.766454697 0.476354539 0.932443857 0.530137002 0.978863657
    0.731859863 0.121355116 0.320826948 0.837700784 0.43192786
    0.0332413912 0.924913049 0.59906745 0.0337085724 0.662634194
    0.512346745 0.207709461 0.348401308 0.0600317717 0.990789711
    0.471066505 0.555220723 0.335107327 0.817380667 0.624698699
    0.658263564 0.713155985 0.985751331 0.754462361 0.545978367
    0.0700414479 0.931684494 0.439551085 0.296995282 0.381116956
    0.757061243 0.723218083 0.388114065 0.195597112 0.113250434
    0.0237001777 0.766402721 0.536156416 0.647349238 0.794390202
    0.486090481 0.916137934 0.991131783 0.158073366 0.144077897
    0.177618116 0.992853105 0.568154752 0.256807685 0.233011484
    0.184068888 0.0733371079 0.336220533 0.409794033 0.748031199
    0.48353228 0.578525841 0.134797633 0.0532245338 0.626520753
    0.0436393917 0.0718376935 0.235531777 0.731753886 0.190522015
    0.238096267 0.838533759 0.815472722 0.244958997 0.545875549
    0.793182671 0.0362133682 0.745723724 0.772574186 0.584283233
    0.321583152 0.894413829 0.97637558 0.283391297 0.377871037
    0.85698992 0.24496299 0.053201437 0.78575778 0.536301076 0.299207449
    0.965187907 0.26140666 0.622157216 0.338224083 0.481085062
    0.474009126 0.676181734 0.22549057 0.341202885 0.220522821
    0.774807334 0.634008765 0.191167116 0.879675865 0.216986835
    0.167981625 0.721028209 0.592426598 0.897074342 0.666061878
    0.371695697 0.87462616 0.689652324 0.236798614 0.561413229
    0.165954173 0.622022033 0.88690722 0.651340544 0.414352268
    0.792138517 0.122613341 0.923768282 0.39673242 0.571198463
    0.622329414 0.937095523 0.592239261 0.186349988 0.931298614
    0.682924628 0.90056622 0.503722727 0.37211436 0.469190627
    0.543097198 0.399000466 0.367719889 0.561696291 0.199177921
    0.670736313 0.25713712 0.75495398 0.780358195 0.981738806
    0.813048482 0.0974714756 0.809723914 0.821382523 0.220469564
    0.97512579 0.235923469 0.348043233 0.356291354 0.344397128
    0.802330732 0.00210240483 0.591426075 0.812777042 0.0996868014
    0.574188769 0.793223619 0.774604559 0.232951462 0.560631931
    0.0408517718 0.650818288 0.441929936 0.518214107 0.732683599
    0.516057789 0.196456343 0.071234107 0.830334425 0.88584286
    0.648683786 0.73613447 0.219288528 0.209049702 0.827946782
    0.732963443 0.165638238 0.749926865 0.863134503 0.680227995
    0.867609024 0.744080067 0.171339691 0.442024559 0.00500810146
    0.040690124 0.910847783 0.448359281 0.928985119 0.332602501
    0.223072529 0.654953361 0.760921717 0.719803512 0.175932646
    0.388241619 0.418381393 0.559465289 0.972466111 0.880630374
    0.0263665617 0.813206315 0.102861792 0.0841196775 0.306025624
    0.17857483 0.0944828093 0.760642529 0.544722378 0.360487223
    0.989541292 0.73630476 0.231093019 0.6568923 0.962568879 0.994789243
    0.520374119 0.6175102 0.346717954 0.595296919 0.71432513 0.846848965
    0.408752531 0.83828342 0.401493162 0.0716964006 0.726492643
    0.491049826 0.787884235 0.212167263 0.474203199 0.52566117
    0.500840545 0.188883483 0.171959013 0.189467758 0.180411041
    0.157623291 0.663193524 0.431392282 0.0708286464 0.333032817
    0.367965162 0.934581041 0.309105694 0.989908338 0.743360102
    0.0449222028 0.895622611 0.587709308 0.349733472 0.065071553
    0.553756595 0.744738877 0.705248177 0.64451164 0.197118819
    0.139293194 0.732164979 0.341453433 0.0940342247 0.0782163739
    0.222393125 0.568256438 0.377325743 0.647318304 0.646863759
    0.492847115 0.655034423 0.519679308 0.92667079 0.910944104
    0.39950639 0.394044459 0.461599201 0.793827772 0.937123179
    0.256243497 0.490987301 0.77596283 0.568473577 0.151003063
    0.590870261 0.493765384 0.504337549 0.47309348 0.0834238827
    0.70405072 0.892665863 0.172868192 0.531256557 0.157115698
    0.882043839 0.427070796 0.305327952 0.807815492 0.874027133
    0.355554938 0.879463911 0.377661556 0.561804593 0.198558241
    0.476093411 0.503924787 0.885753512 0.959667146 0.733712673
    0.117763996 0.582328975 0.738461137 0.628780365 0.957482696
    0.91592896 0.707963228 0.739547789 0.562199593 0.426928461
    0.320833921 0.0459072888 0.0771265924 0.120607555 0.0414027572
    0.994913578 0.165352702 0.367829323 0.271620452 0.291436791
    0.386514723 0.493345469 0.324195802 0.378207564 0.41928798
    0.621270418 0.292862713 0.66237092 0.699508905 0.296783745
    0.517780662 0.732734621 0.191607684 0.662994742 0.490473628
    0.00797018409 0.243095934 0.282882869 0.718234718 0.0235415101
    0.320830524 0.0231063366 0.502710104 0.653621316 0.497077346
    0.828652918 0.876166701 0.131081641 0.566993177 0.0632661879
    0.453296751 0.83852154 0.293417573 0.464279562 0.0925575793
    0.609267831 0.69941771 0.0705693066 0.658078015 0.3223176
    0.439559519 0.469639301 0.487169027 0.0137519836 0.329977781
    0.683469713 0.148059607 0.0749259591 0.218353063 0.714755416
    0.725584209 0.0349030197 0.513625145 0.138785779 0.998316407
    0.752088547 0.771216393 0.304747015 0.0124863088 0.234012038
    0.733307779 0.94434917 0.717675984 0.919519663 0.0565159321
    0.710419536 0.822604299 0.258891463 0.294462919 0.521901369
    0.472521573 0.118158132 0.0118981898 0.146852046 0.644916892
    0.820972919 0.521997213 0.676295459 0.820760727 0.0457918644
    0.560089707 0.824948788 0.615493596 0.514097393 0.233011216
    0.805205107 0.0978247225 0.294851303 0.970983386 0.719702244
    0.399306774 0.708352864 0.192288548 0.575970113 0.6226753
    0.522131801 0.942081213 0.178222299 0.0693399012 0.628006876
    0.653118014 0.386667937 0.7359308 0.658111155 0.727407455 0.90838635
    0.71343112 0.172823519 0.778863072 0.682640612 0.793284059
    0.922928572 0.369045734 0.125732988 0.727447391 0.0109052956
    0.71020484 0.603794515 0.358005226 0.985341787 0.960923135
    0.694575012 0.769036293 0.0274225771 0.399710298 0.565588415
    0.647450686 0.942419767 0.996110559 0.352502137 0.83425045
    0.291398466 0.993322968 0.397023827 0.574338377 0.0545462072
    0.95941031 0.910368204 0.866102338 0.794933319 0.997137606
    0.568187177 0.773028135 0.0241382718 0.848459959 0.400836051
    0.814857125 0.136473298 0.565542042 0.817422748 0.0832239091
    0.26139003 0.658172369 0.371165842 0.448850185 0.227241278
    0.98780477 0.338919401 0.908666849 0.869841933 0.711225152
    0.821406722 0.561721504 0.439931273 0.225279093 0.884235382
    0.433901608 0.967056274 0.298476785 0.509093761 0.321012735
    0.848298788 0.471058905 0.755227625 0.92323035 0.770381689
    0.100940585 0.539479136 0.111617565 0.793157816 0.0656818449
    0.273570478 0.493101716 0.693392634 0.15037322 0.118914992
    0.391018122 0.145542413 0.213616043 0.200189918 0.626557827
    0.316238731 0.559251845 0.743787408 0.070703119 0.300372362
    0.15738669 0.698961496 0.589767396 0.681289554 0.329175591
    0.818224072 0.68479538 0.117044747 0.534352362 0.152488887
    0.369854152 0.705345988 0.633015215 0.918427289 0.238667369
    0.303154409 0.403191388 0.036916405 0.565290451 0.608597875
    0.354567289 0.683980763 0.317913294 0.467465222 0.0372956991
    0.866808057 0.200762063 0.202404201 0.650054455 0.417814076
    0.622753561 0.626167536 0.0782481134 0.407027543 0.553312004
    0.645138741 0.650062084 0.0311122239 0.588187933 0.051826328
    0.445389092 0.449310303 0.98657763 0.407642603 0.411218494
    0.962311924 0.546196818 0.622666538 0.82345283 0.954959571
    0.953534365 0.934494853 0.778259993 0.29960227 0.000669121742
    0.736656427 0.931490958 0.991522789 0.884162903 0.332900465
    0.499920338 0.837214708 0.628025413 0.252805591 0.223684311
    0.299777031 0.987074316 0.919549882 0.277433038 0.078381896
    0.818200231 0.396938622 0.452551872 0.662466168 0.58833164
    0.126162738 0.201513708 0.723581016 0.271763206 0.411386073
    0.698696733 0.155844182 0.921960056 0.0497457981 0.174936175
    0.672994971 0.217144012 0.901187539 0.509505808 0.75202024
    0.45440793 0.117938578 0.302830219 0.413297147 0.0166246593
    0.399326086 0.190677643 0.776363313 0.392606854 0.265488416
    0.0287225544 0.631968737 0.484526396 0.781344891 0.269950241
    0.188943863 0.619141817 0.630557358 0.961178064 0.295073509
    0.456882417 0.449241638 0.0616332591 0.466929853 0.681174934
    0.640413284 0.343497157 0.460181713 0.629468441 0.254010558
    0.564817309 0.816756785 0.79953891 0.440244794 0.404442668
    0.627438188 0.486906767 0.159163028 0.0319958925 0.464105159
    0.709647179 0.180665135 0.958423018 0.276042312 0.38734448
    0.204786569 0.0234397948 0.495700121 0.0282596946 0.048561424
    0.668163538 0.00846886635 0.063587755 0.162434191 0.974734426
    0.653710485 0.159189492 0.888090968 0.793908477 0.304995835
    0.0274873078 0.515604854 0.115227073 0.745687127 0.641388297
    0.911124706 0.579893529 0.792170525 0.214054286 0.253237247
    0.97874999 0.736920297 0.0264702141 0.168036014 0.323730767
    0.399549484 0.571794689 0.328024983 0.00500813127 0.298211068
    0.753239989 0.266486466 0.644056499 0.755958796 0.372931957
    0.95902735 0.11160329 0.383136272 0.183928549 0.656981945 0.49973768
    0.0639032125 0.847182751 0.366505533 0.566606522 0.0465268493
    0.470571995 0.598266244 0.0112867951 0.229107618 0.235078305
    0.833133578 0.0395314395 0.00347927213 0.496162117 0.799316585
    0.62273258 0.779939055 0.00557339191 0.411608398 0.0380422771
    0.614609063 0.0497247577 0.806118131 0.94360429 0.229428291
    0.52776134 0.294689298 0.306753993 0.113450855 0.399026036
    0.294078261 0.980737686 0.992441893 0.425123453 0.728836536
    0.137323916 0.749102712 0.902321696 0.270954728 0.464629233
    0.462276608 0.618834734 0.443467557 0.679298282 0.773298264
    0.460623682 0.91594696 0.669739604 0.0786649585 0.801398039
    0.251521766 0.138927788 0.327867925 0.268630624 0.84048903
    0.454078764 0.290495098 0.289193779 0.597968042 0.828164458
    0.3970626 0.480543971 0.623104692 0.540500879 0.668622732 0.76095736
    0.43743518 0.403412282 0.548205197 0.798251748 0.664053261
    0.596165359 0.474993706 0.941259027 0.156804383 0.433903992
    0.711610615 0.415052712 0.975355268 0.525376201 0.765517473
    0.56273222 0.535281897 0.773483157 0.35528034 0.0349348783
    0.228180021 0.75564605 0.0246473253 0.500482082 0.848369718
    0.114642024 0.942756295 0.399181545 0.0377255082 0.310953856
    0.788426876 0.293034792 0.511260033 0.063321054 0.742914021
    0.433553487 0.510845006 0.00173473358 0.683652818 0.713139415
    0.992490888 0.635009825 0.776251316 0.181411296 0.515033007
    0.951752663 0.313557118 0.429999143 0.460906059 0.0658129752
    0.740867853 0.19377479 0.697229505 0.809459448 0.902878046
    0.442619443 0.237250477 0.960867763 0.0672591329 0.892594814
    0.687460661 0.640591919 0.75679034 0.461521566 0.973898828
    0.434605867 0.993207812 0.0419687331 0.638931036 0.592187703
    0.993467689 0.601684928 0.632643878 0.756444931 0.731778026
    0.395623863 0.335677415 0.54653722 0.690622449 0.996972203
    0.268398643 0.716615081 0.382169276 0.207027882 0.0121275485
    0.98598969 0.310827434 0.538509607 0.529170811 0.921025157
    0.519232392 0.278508961 0.328562528 0.201568842 0.833981931
    0.930264771 0.991807938 0.271046698 0.272089809 0.904328942
    0.883353829 0.405943394 0.374094367 0.7144894 0.909164906 0.25141868
    0.00863876939 0.517316878 0.990487695 0.697155595 0.673686683
    0.514295697 0.0718322992 0.649082839 0.11626476 0.189720124
    0.0934894383 0.217367023 0.33058852 0.207466871 0.238906026
    0.267606378 0.211974829 0.667895913 0.691177249 0.973762631
    0.577799082 0.838714302 0.621516466 0.0221961737 0.108719438
    0.362670362 0.109980553 0.458142549 0.950248182 0.731980205
    0.0665949881 0.643458247 0.382025838 0.335968792 0.193158239
    0.473166078 0.242049932 0.515107989 0.558835864 0.237357527
    0.62133795 0.319089711 0.780280709 0.647677481 0.712801576
    0.26144731 0.821377337 0.177447051 0.265651494 0.510195971
    0.852808833 0.169470429 0.136239499 0.983100414 0.87530148
    0.107060969 0.342166752 0.0347390771 0.619166672 0.822473764
    0.307198942 0.908815682 0.774236202 0.416226029 0.774446309
    0.503128886 0.240404636 0.962844551 0.1602301 0.271042645
    0.598273993 0.310608953 0.989822745 0.579766214 0.770962477
    0.154115677 0.451357722 0.390957862 0.473075628 0.997487068 0.328722
    0.396811873 0.174058557 0.455725878 0.383840114 0.179844171
    0.0138863325 0.314582258 0.896650314 0.65901792 0.543524861
    0.96768254 0.358228147 0.774459958 0.849603653 0.0231162012
    0.844014108 0.00567114353 0.93956387 0.721601188 0.29597342
    0.744032979 0.889295995 0.794962466 0.762675285 0.637275219
    0.30963397 0.405449837 0.405698359 0.612970471 0.284807146
    0.603554249 0.213264704 0.562153578 0.0690446198 0.0308628678
    0.170724958 0.530828953 0.441330314 0.918522239 0.519116759
    0.74141854 0.376096994 0.984617233 0.153063923 0.847272038
    0.733273864 0.0448206663 0.817568898 0.886009574 0.215674579
    0.115835845 0.275309622 0.251623631 0.692806125 0.214134723 0.542714
    0.538931966 0.0405631065 0.0549652278 0.559621155 0.590230763
    0.095400691 0.212406576 0.694366813 0.640893459 0.0645682514
    0.302027524 0.802226782 0.505355358 0.695590615 0.660623491
    0.477871537 0.413835287 0.414589286 0.221535593 0.66369611
    0.416903675 0.235207736 0.233181268 0.770700574 0.0261730552
    0.464074403 0.332846642 0.446038872 0.743761182 0.981779337
    0.757931709 0.725632071 0.357133746 0.415034056 0.676348805
    0.808673978 0.881148636 0.94613272 0.585055768 0.610343099
    0.457119435 0.417345315 0.57236737 0.849272132 0.948478341
    0.701120675 0.572253227 0.231485397 0.846030116 0.556824565
    0.738338053 0.207609117 0.240731567 0.00149288774 0.976548553
    0.0822430253 0.340510011 0.553418219 0.901530147 0.920867383
    0.406065464 0.871507406 0.349570096 0.593829811 0.0782732368
    0.40738377 0.0918715298 0.467516959 0.830725908 0.908946931
    0.172930598 0.457001269 0.390214264 0.938370466 0.639382958
    0.557363689 0.792424798 0.418433756 0.683683157 0.636011243
    0.762380362 0.236906111 0.674023509 0.311259121 0.302310616
    0.921438456 0.43233636 0.743303776 0.942168951 0.443915457
    0.83300668 0.0325093567 0.141474575 0.448039144 0.418436348
    0.758484662 0.875505567 0.900630832 0.704585791 0.282157153
    0.419197559 0.608567119 0.0221055746 0.736613691 0.7190063
    0.739434004 0.110346496 0.538608968 0.668280482 0.283952177
    0.52569437 0.565427721 0.289867699 0.228428125 0.567682028
    0.821110606 0.531697273 0.879007459 0.234885812 0.368204623
    0.382381678 0.270698637 0.972947717 0.460714489 0.00327351689
    0.0201655626 0.286911607 0.458836019 0.881132245 0.36811614
    0.590231895 0.733317018 0.308497012 0.221206278 0.784305215
    0.80912298 0.0439676344 0.384164095 0.426036984 0.540349901
    0.290804386 0.800009847 0.890324712 0.505617499 0.595580041
    0.326448441 0.362578571 0.675021827 0.512145519 0.181553721
    0.546930313 0.770466447 0.499190599 0.319789588 0.465307623
    0.382624805 0.345518053 0.105831474 0.568966627 0.961990476
    0.786873162 0.819018364 0.379968792 0.860792339 0.170856029
    0.0625444353 0.849567592 0.0169474185 0.876489818 0.425442517
    0.589534283 0.127218336 0.164831698 0.758494854 0.849566698
    0.852609873 0.300021857 0.178107381 0.943217993 0.648383915
    0.787023723 0.781353056 0.487170935 0.423085332 0.268588781
    0.0515676141 0.0420513451 0.422432601 0.710644007 0.112652302
    0.595335007 0.370471179 0.91943562 0.714615226 0.00827276707
    0.126236141 0.38350755 0.286522388 0.00930801034 0.328810334
    0.632715464 0.382209092 0.797663748 0.789912224 0.473103225
    0.114972025 0.323285699 0.876154244 0.462946534 0.245792091
    0.220231444 0.56957233 0.750735343 0.013531059 0.77718991
    0.158577293 0.281850576 0.120265067 0.199631453 0.419606566
    0.955208361 0.520624042 0.452304751 0.210212857 0.426879108
    0.235139519 0.13218382 0.80649066 0.432137936 0.264056176
    0.428558022 0.850315034 0.30720216 0.0319333971 0.602181435
    0.553091466 0.784185112 0.841553926 0.759869456 0.255382389
    0.987790585 0.464505672 0.115907758 0.616726279 0.878611922
    0.636079192 0.61674726 0.419515848 0.476654947 0.586942017
    0.616240144 0.383417547 0.635926425 0.825845003 0.16049403
    0.442133605 0.743510604 0.172520548 0.260935843 0.809886754
    0.284582496 0.782701612 0.457316488 0.560178816 0.390096545
    0.289156973 0.79781884 0.907902122 0.0895546675 0.758487344
    0.884510517 0.231268704 0.888792932 0.147082478 0.888805628
    0.260881007 0.891612053 0.152557492 0.284316361 0.679284751
    0.0821999013 0.607895076 0.16330266 0.1412054 0.0886843801
    0.0673402846 0.314402461 0.292370915 0.770564079 0.374364793
    0.515036762 0.832163453 0.0207054019 0.163018614 0.45891726
    0.852883697 0.265667319 0.541571379 0.971419871 0.953463793
    0.66638124 0.057493031 0.332693756 0.127396315 0.23391518
    0.728262424 0.052490294 0.989389777 0.722315133 0.672050476
    0.53409934 0.909766197 0.644180477 0.885283887 0.488692224
    0.145420223 0.0216474235 0.285902798 0.806786299 0.335101396
    0.15142101 0.691719174 0.453682423 0.696340084 0.178392291
    0.272949159 0.929621696 0.00750201941 0.978205442 0.165672719
    0.136366814 0.43899852 0.315902799 0.300409973 0.999291658
    0.590678632 0.417813212 0.974903822 0.0462403595 0.753235102
    0.927847147 0.358238786 0.0847313702 0.994646311 0.341712892
    0.597611547 0.528495789 0.0896831155 0.190584272 0.662815452
    0.721354485 0.161703616 0.690232635 0.892969608 0.0136060119
    0.79316932 0.695159972 0.53893137 0.0467892885 0.285007477
    0.404220402 0.732688248 0.870785236 0.563400626 0.37163648
    0.233781725 0.546636522 0.131968826 0.512916982 0.0156857371
    0.161268771 0.481436014 0.0490393043 0.553645611 0.172602028
    0.583091974 0.989134073 0.28542465 0.0346448421 0.618170202
    0.481685758 0.108994484 0.866554201 0.778632998 0.810837746
    0.473248005 0.658575058 0.913238347 0.311276942 0.871662021
    0.664061964 0.604362428 0.706692517 0.137479872 0.0416007936
    0.253480285 0.0856541991 0.709493995 0.314158589 0.0500032008
    0.595041871 0.532604873 0.153919697 0.942339897 0.460335732
    0.022077024 0.385104328 0.581790924 0.65369308 0.322742164
    0.670571625 0.0620734096 0.969683886 0.53693372 0.284129441
    0.140223652 0.0538649857 0.449303985 0.362787008 0.124969035
    0.28965804 0.426212341 0.629971027 0.568563521 0.767793059
    0.185156524 0.0953192115 0.554254234 0.815953493 0.667756319
    0.777040005 0.154677927 0.900914013 0.948814988 0.435359329
    0.581202984 0.172954708 0.658116817 0.460353643 0.636945844
    0.201659352 0.78805697 0.456442535 0.663211405 0.79134053
    0.491218418 0.928870022 0.309539706 0.555202246 0.0851504803
    0.702485919 0.309851706 0.819548845 0.598920405 0.665456653
    0.201233089 0.64416194 0.281239688 0.163063079 0.424198776
    0.764160991 0.863139391 0.151055723 0.301153988 0.840304136
    0.35444659 0.418433219 0.636847138 0.6157161 0.881289601 0.312476844
    0.042476058 0.55933243 0.421258211 0.469247431 0.679416776
    0.736813605 0.581206441 0.437366605 0.297689915 0.722340643
    0.460747421 0.561331451 0.126688659 0.464176059 0.50860858
    0.405235678 0.164647937 0.84301126 0.860257387 0.701087058
    0.715036154 0.989799023 0.512678921 0.852070212 0.57792449
    0.439293474 0.289809108 0.254186451 0.886080444 0.618751407
    0.34330821 0.682179272 0.876194596 0.197939366 0.957829058
    0.000821828842 0.981135964 0.963523269 0.17792204 0.994098663
    0.132820964 0.163670421 0.916630924 0.192520261 0.766873837
    0.372501254 0.807076931 0.592817605 0.601538241 0.22275126
    0.294026732 0.84482044 0.62609762 0.579751909 0.143806159
    0.0912683308 0.146835744 0.850511312 0.0304321349 0.550005198
    0.950455904 0.235836416 0.30539453 0.349869072 0.514559686
    0.250137627 0.00519514084 0.810050726 0.0767171085 0.392201781
    0.712265432 0.380407035 0.0628097951 0.299901634 0.478200406
    0.375184059 0.0436399877 0.0289453566 0.690989017 0.782407284
    0.392743826 0.570389569 0.463649809 0.53179878 0.538075328
    0.145905524 0.521407962 0.0166108608 0.274461746 0.00170344114
    0.249841094 0.220256686 0.0102428198 0.75673151 0.886783063
    0.417841613 0.335988313 0.468594104 0.295867026 0.434310377
    0.409462035 0.682153404 0.29742521 0.498141646 0.719522715
    0.845787525 0.702497363 0.555989623 0.632642746 0.0641976595
    0.902333498 0.27385509 0.405483276 0.247106165 0.837316573
    0.572040617 0.766973257 0.687050164 0.776176512 0.515922487
    0.690166473 0.759010613 0.308724105 0.895591497 0.927508771
    0.202277899 0.801001072 0.961594522 0.690237343 0.232769012
    0.983977199 0.510505259 0.791503191 0.691024423 0.146316409
    0.0513705611 0.0393034816 0.583692908 0.516636789 0.469651252
    0.447634608 0.301667333 0.534824431 0.425421685 0.87236166
    0.250019968 0.974970579 0.385458559 0.839109719 0.320226848
    0.676535368 0.268711269 0.488941491 0.606860697 0.0464389324
    0.140868157 0.72229749 0.678617835 0.38739422 0.644806504
    0.912456989 0.745916188 0.291468024 0.560499132 0.224423409
    0.20256114 0.799907565 0.341262221 0.933174491 0.239986449
    0.940494359 0.159869254 0.370703161 0.687821448 0.764897883
    0.684938133 0.836297154 0.241831601 0.102230966 0.761293888
    0.711749017 0.609358549 0.639809251 0.0498032272 0.894009352
    0.133750498 0.436444461 0.593315244 0.0397466719 0.447829187
    0.981217444 0.571490526 0.152624339 0.329079986 0.205764711
    0.774097264 0.172277302 0.0583272874 0.729006767 0.302808762
    0.955581903 0.298432261 0.204614252 0.294295311 0.536545873
    0.859358549 0.910681844 0.694023788 0.749793828 0.176812172
    0.377696753 0.332090318 0.470575035 0.896711588 0.443047374
    0.0019737184 0.694851518 0.266585022 0.363637775 0.803489327
    0.298535585 0.370516837 0.718983769 0.610720932 0.763867259
    0.936252654 0.682778597 0.576031029 0.180202335 0.574641943
    0.170931965 0.567564905 0.766019523 0.754978538 0.802551508
    0.714748681 0.557663977 0.2387622 0.528755844 0.621548116
    0.382893592 0.705557227 0.61190176 0.504402518 0.298040032
    0.372335225 0.163614988 0.755810142 0.498045981 0.665871739
    0.361828685 0.616881132 0.635714471 0.992270231 0.560947776
    0.138052016 0.963835597 0.13682422 0.817357957 0.00274401903
    0.221533865 0.748664439 0.85746932 0.938520968 0.840785861
    0.756462276 0.413960248 0.516677737 0.620981991 0.560650527
    0.517799318 0.126907319 0.820010483 0.241106719 0.321830511
    0.999104619 0.166814297 0.441030324 0.522485852 0.479538232
    0.234571666 0.705645323 0.912736118 0.0381447375 0.218690574
    0.104266793 0.0518699288 0.94774127 0.711075962 0.894779563
    0.415883511 0.908270061 0.817908883 0.695305645 0.286167771
    0.0661222935 0.366646886 0.0965600312 0.612696528 0.63188374
    0.483613044 0.789595842 0.24947077 0.644249737 0.0521352589
    0.501178622 0.207634419 0.482455671 0.266501188 0.992137313
    0.350007802 0.755613387 0.78971076 0.162811458 0.319128662
    0.0250217319 0.196466893 0.239450216 0.375473112 0.72515285
    0.877599955 0.447861403 0.10737139 0.575465679 0.87847209
    0.232964098 0.334635794 0.851406038 0.468941003 0.282542169
    0.623914838 0.0387932062 0.270316839 0.544252038 0.370671809
    0.972433686 0.663334727 0.313835889 0.986762524 0.830732644
    0.299645364 0.494570255 0.999190331 0.393603504 0.44194448
    0.351289541 0.506626904 0.810064077 0.363594234 0.971225679
    0.236646205 0.0739582777 0.589713156 0.330734849 0.590811014
    0.945065618 0.493034631 0.422901273 0.00391793251 0.387880385
    0.00440400839 0.7554515 0.111566484 0.0171135068 0.96199733
    0.395863414 0.833362401 0.0261290669 0.851603508 0.153922409
    0.335339785 0.603078127 0.45703426 0.401774824 0.000186830759
    0.157786608 0.591587901 0.180947065 0.985813856 0.16101563
    0.812944055 0.437803626 0.932406783 0.332386285 0.522564828
    0.206498563 0.0797221363 0.392011672 0.981143355 0.411279649
    0.318210572 0.0123276711 0.275397599 0.826156139 0.582019329
    0.72325778 0.545903862 0.594807506 0.94623667 0.855898261
    0.699849904 0.938274443 0.442385614 0.856059313 0.481469959
    0.793715656 0.361529142 0.0064163506 0.153447181 0.271171451
    0.66536057 0.287290633 0.905964792 0.232022583 0.496746153
    0.875371993 0.700184643 0.476365626 0.437511832 0.972052157
    0.203774244 0.238080591 0.850406289 0.689552963 0.609251082
    0.186531395 0.897571146 0.394965529 0.668648005 0.814978778
    0.45241186 0.352265209 0.653316855 0.852223694 0.0588360131
    0.695412993 0.066005826 0.641235113 0.694615602 0.713282049
    0.0366131961 0.148781687 0.420078516 0.594770193 0.182899386
    0.134813368 0.675231993 0.585979402 0.747673452 0.289784312
    0.550897598 0.0353370011 0.367966652 0.627384007 0.896099925
    0.367445707 0.0891771019 0.901870489 0.321317405 0.770449519
    0.258752644 0.903028548 0.993337035 0.790968895 0.540808856
    0.506420374 0.706854463 0.845762432 0.841530502 0.993351519
    0.65507412 0.215433747 0.0496838391 0.681151867 0.201368988
    0.773409963 0.307027161 0.170873314 0.361271799 0.972314239
    0.817260742 0.239107043 0.210178107 0.897392988 0.842127621
    0.30770728 0.927652717 0.328983754 0.109592497 0.241929889
    0.303777993 0.971310139 0.880793154 0.873018146 0.81136322
    0.448820889 0.924648881 0.589240551 0.65295732 0.468969107
    0.167619586 0.953585267 0.0213186145 0.520192027 0.697260618
    0.0716206729 0.55299294 0.796317577 0.827646196 0.907154918
    0.231467843 0.18989414 0.510526001 0.585678637 0.717718482
    0.686085522 0.0353989899 0.524368703 0.49443078 0.396860659
    0.210725754 0.164594024 0.513335168 0.426797986 0.748699605
    0.566070914 0.35207963 0.938323736 0.508388996 0.928588331
    0.266919196 0.515661836 0.936624765 0.879838943 0.0862329602
    0.0745780468 0.918493986 0.405040503 0.054207772 0.409716725
    0.968191743 0.00289055705 0.10394147 0.77876097 0.556046724
    0.639609277 0.161645383 0.366464555 0.400869757 0.671562076 0.832488
    0.716645598 0.223069221 0.559839606 0.0127977133 0.336455613
    0.481115401 0.0180294812 0.993325174 0.445398778 0.808748841
    0.253350139 0.697599053 0.108869314 0.740103126 0.764635801
    0.592641234 0.895951807 0.613458455 0.602583587 0.16262275
    0.311193764 0.487912238 0.852751374 0.520578861 0.667050421
    0.198515505 0.953207374 0.865053773 0.578905404 0.193292379
    0.884492278 0.338025361 0.795891762 0.760928631 0.335051954
    0.44675535 0.324325621 0.88985759 0.684681892 0.898067355
    0.460583419 0.174127162 0.843325138 0.272676706 0.0480025113
    0.324055135 0.931741357 0.0550955236 0.444670081 0.0789661407
    0.581627786 0.174837232 0.0111087561 0.585860789 0.946487784
    0.859537959 0.294326335 0.414082855 0.725730538 0.701704681
    0.692537248 0.185101449 0.386099696 0.435978532 0.158588111
    0.556827009 0.827837527 0.000330001116 0.742702603 0.118322819
    0.374132633 0.791643381 0.80586648 0.605995655 0.949733973
    0.00196364522 0.79319346 0.89864105 0.915690064 0.399609625
    0.736976266 0.815852761 0.480729252 0.343853027 0.327955931
    0.541275263 0.869116902 0.879155755 0.245192319 0.524159491
    0.785468698 0.682948709 0.998863459 0.710642815 0.936850071
    0.772089481 0.00711369514 0.528343081 0.761471033 0.706092238
    0.631269455 0.968043089 0.93120724 0.0112754405 0.320651114
    0.056045562 0.549440026 0.123103261 0.178263217 0.0143776238
    0.319449604 0.0797404051 0.363517255 0.904495716 0.676520348
    0.862794459 0.902916968 0.242951274 0.39517206 0.227989763
    0.598508239 0.511129975 0.474509269 0.693034291 0.0743740499
    0.109873593 0.759280801 0.537666857 0.4724392 0.276493698
    0.0587691665 0.0255247355 0.725231409 0.884933472 0.0511101186
    0.177428603 0.734226942 0.965403557 0.606197178 0.378629446
    0.969490588 0.378477067 0.924674511 0.472347915 0.0813824534
    0.597965777 0.703517854 0.470785588 0.132745981 0.776816607
    0.737594187 0.190498143 0.470979244 0.405957103 0.531009197
    0.0641309619 0.460607678 0.624522805 0.990761638 0.855440736
    0.765248418 0.105139315 0.875964224 0.554331183 0.351433098
    0.21309793 0.549922645 0.706180274 0.773265302 0.680273056
    0.605754435 0.681133091 0.987966001 0.552503049 0.108228177
    0.661877275 0.61053443 0.0104451776 0.633587301 0.637239695
    0.579608977 0.702733397 0.569271922 0.0729419589 0.515463233
    0.758389473 0.482562035 0.801718235 0.568425536 0.152133942
    0.0956830978 0.455381542 0.803100169 0.0518969297 0.760178924
    0.810356855 0.602799416 0.203686148 0.798738658 0.0465542376
    0.498435825 0.680637598 0.148133814 0.035531044 0.48132965
    0.773219228 0.457268983 0.544271946 0.824055135 0.171387851
    0.0103530288 0.985834718 0.713884413 0.251407921 0.278657287
    0.263421804 0.777140141 0.982528925 0.794824719 0.54448843
    0.122186393 0.301224649 0.0451684892 0.872756481 0.991637588
    0.197560996 0.0924219787 0.351488292 0.0493787825 0.811796188
    0.103855222 0.49009636 0.279744565 0.301335692 0.24374494
    0.706222594 0.42930299 0.72616303 0.702159703 0.759190023
    0.00497865677 0.0630160868 0.895294547 0.938267589 0.128393352
    0.05784899 0.295208216 0.955484867 0.641079783 0.905608356
    0.626858711 0.182041645 0.491857111 0.850529552 0.501528919
    0.0930003822 0.011834383 0.0297214091 0.991613507 0.075103879
    0.34916535 0.307939053 0.201631933 0.47854495 0.983020544
    0.203938931 0.836148083 0.390239894 0.745888293 0.329900086
    0.853008866 0.930625021 0.171948463 0.415778995 0.242664009
    0.197643071 0.28788504 0.633706212 0.36538142 0.107309371
    0.347708642 0.300426662 0.843381763 0.403215051 0.465611577
    0.945355535 0.603054285 0.490447462 0.522474229 0.179250062
    0.298571587 0.0749828815 0.888283193 0.995337605 0.387750924
    0.653674603 0.587682605 0.525205195 0.00893324614 0.834221005
    0.944876254 0.421206653 0.211246133 0.0857244432 0.530221343
    0.42529273 0.266069829 0.565991282 0.987639487 0.756011963
    0.750101209 0.469512224 0.892515302 0.223410308 0.618851662
    0.870098591 0.976557255 0.806331754 0.410650253 0.107807189
    0.447513938 0.0984860361 0.699796796 0.801756918 0.930282474
    0.923192859 0.133374751 0.958049417 0.940096021 0.687571466
    0.406910151 0.608001471 0.7578758 0.441490084 0.571927965
    0.862653673 0.292340398 0.285539895 0.798990488 0.592025459
    0.470122308 0.373070657 0.283897787 0.0569624901 0.0299891829
    0.583050072 0.17822504 0.839132428 0.361905694 0.32511425
    0.899167538 0.523497641 0.895635545 0.631991506 0.881336749
    0.095610559 0.735074162 0.254207313 0.768288136 0.693805754
    0.780561924 0.238887936 0.0386328101 0.40962106 0.909843445
    0.20285359 0.246821433 0.3749865 0.528287232 0.566592216 0.508343637
    0.96037358 0.253000319 0.439774036 0.231202096 0.30473268
    0.184096605 0.974364281 0.195951879 0.153960824 0.462640554
    0.285013795 0.9338094 0.0692207813 0.733499527 0.726739764
    0.523308158 0.107049465 0.211738616 0.255055845 0.196049541
    0.671979606 0.743932605 0.738723218 0.596710443 0.982327282
    0.0590997636 0.473551989 0.502281845 0.385194242 0.224431068
    0.879418075 0.780388236 0.0823760629 0.501078725 0.674327433
    0.138108402 0.974969029 0.384964973 0.120891154 0.231700599
    0.688226998 0.45542568 0.0326733887 0.639104366 0.769829452
    0.672555387 0.345338911 0.361002445 0.824317217 0.197229236
    0.548279524 0.418931752 0.0659602284 0.773630559 0.5340873
    0.536489487 0.0399555266 0.212505311 0.434165746 0.213682055
    0.520876169 0.287276685 0.00865831971 0.131914884 0.241178811
    0.498843759 0.296060085 0.999884009 0.250324428 0.803565025
    0.980071425 0.882658482 0.0127087533 0.0977509916 0.572121501
    0.866710424 0.596031368 0.690820754 0.951160252 0.74623543
    0.954772115 0.432246238 0.820878267 0.810909986 0.734567583
    0.155554771 0.589700222 0.285906434 0.368687898 0.254517436
    0.366521776 0.341775179 0.586287498 0.930991292 0.0205264688
    0.647252977 0.896879315 0.800044537 0.495959252 0.910826325
    0.0851644874 0.418208063 0.0492956638 0.22797668 0.518136084
    0.803985 0.568882763 0.199584633 0.149626225 0.16609326 0.674447238
    0.16547069 0.160815328 0.185220152 0.76512605 0.391425312
    0.832604527 0.93599236 0.396645874 0.212055415 0.889388323
    0.0647886992 0.251402557 0.788062334 0.00511282682 0.237145513
    0.475317538 0.9224087 0.296107948 0.571856439 0.140805006
    0.531616509 0.532877505 0.0891008377 0.402484447 0.747918129
    0.526225209 0.854064882 0.846674204 0.0819750726 0.0162626803
    0.737139225 0.848330498 0.568807483 0.816335917 0.00983244181
    0.757600129 0.083478719 0.168851227 0.540360034 0.834094524
    0.0767615139 0.610007763 0.396926969 0.0854877234 0.378106713
    0.242877215 0.0251045525 0.199907839 0.137109488 0.506940663
    0.203552336 0.25592503 0.553083837 0.27178961 0.177314371
    0.141428709 0.510679483 0.848923624 0.901494682 0.45650661
    0.039400965 0.449957788 0.507995963 0.475319475 0.958337665
    0.353520006 0.633488894 0.96147877 0.677617967 0.0763078332
    0.780783534 0.477616102 0.570020199 0.591550708 0.920445085
    0.125780046 0.502671599 0.103205621 0.788740396 0.217815489
    0.0155013204 0.299478114 0.166085869 0.0561797917 0.522082388
    0.853675246 0.852645397 0.35908705 0.042809546 0.2584804
    0.0807116926 0.695542932 0.89232111 0.172246844 0.948325574
    0.587822437 0.266221374 0.592336297 0.304233819 0.415842056
    0.612881899 0.657159746 0.366562068 0.32582891 0.776072025
    0.723797202 0.0698244274 0.422354847 0.008774966 0.643456697
    0.616350353 0.683094501 0.874964833 0.250439316 0.821205497
    0.562581658 0.0476227999 0.389157951 0.0904989541 0.785046816
    0.960739374 0.925594509 0.761736214 0.925399303 0.29709816
    0.461354077 0.30326277 0.00922882557 0.40184629 0.171751499
    0.933329105 0.426795959 0.797971666 0.566727757 0.0927603543
    0.574180245 0.350717425 0.99992615 0.846565843 0.261291027
    0.275959849 0.693607509 0.770360887 0.858482361 0.705803752
    0.466717184 0.577438056 0.662973464 0.679623127 0.891471386
    0.542006016 0.995894074 0.630022883 0.323999047 0.227986068
    0.814589143 0.310967267 0.100132704 0.904851675 0.121976733
    0.123497903 0.915298939 0.868826807 0.0609734654 0.466881275
    0.819250822 0.058138907 0.801560402 0.829344153 0.435577869
    0.915282249 0.865670085 0.445035994 0.728181362 0.449223429
    0.892043233 0.809010386 0.603690863 0.961634398 0.903694451
    0.0690295398 0.0221680999 0.98264277 0.894013166 0.821154118
    0.210102111 0.220391959 0.819661736 0.293611079 0.0243040621
    0.42988506 0.689134121 0.88435173 0.721407712 0.367302597
    0.603283763 0.0246511996 0.569523335 0.181877434 0.375424653
    0.244687021 0.418156147 0.264845431 0.498782516 0.81472671
    0.52767849 0.750590205 0.113375366 0.32991606 0.0803023577
    0.21657899 0.914239883 0.904387534 0.990584373 0.658144832
    0.871155381 0.869681716 0.562935472 0.942282677 0.728231788
    0.318372071 0.476546943 0.432982624 0.332791805 0.980709791
    0.247717738 0.399453044 0.93314606 0.491674185 0.255956024
    0.193386674 0.220477939 0.489759296 0.854309082 0.915748239
    0.684620738 0.883817792 0.279403508 0.374045938 0.959172487
    0.451396108 0.810262442 0.544664621 0.754608691 0.257646918
    0.904389977 0.14495635 0.225124508 0.463660538 0.61446929 0.07040295
    0.570807099 0.38359946 0.130144179 0.273909688 0.674806535
    0.377848446 0.848511696 0.880264163 0.990657687 0.48901704
    0.0547229946 0.57583034 0.101231456 0.905316591 0.348926425
    0.0736962557 0.106698602 0.310342312 0.369128495 0.423377097
    0.33184433 0.983623087 0.128563076 0.794246435 0.245028734
    0.312615216 0.726940095 0.341736495 0.99790597 0.821968675
    0.558830619 0.954329014 0.251034498 0.722285032 0.524541795
    0.173719317 0.000808626413 0.739664733 0.648456037 0.372672617
    0.557858527 0.119937509 0.510591567 0.883971095 0.890051842
    0.08044824 0.49969402 0.619383335 0.164650977 0.586343169
    0.993989944 0.0797802806 0.512603343 0.340958625 0.298314393
    0.908549488 0.930891156 0.117095292 0.770954132 0.0440995991
    0.877656937 0.137057811 0.36952877 0.682429016 0.731158555
    0.0576201081 0.348527253 0.58630228 0.644394875 0.905854166
    0.478405267 0.951440334 0.766782463 0.957324266 0.856521964
    0.710868895 0.235665262 0.25509584 0.272003353 0.524542511
    0.589205265 0.958711565 0.660962641 0.880498409 0.255691707
    0.0520740747 0.171872497 0.113102645 0.669168472 0.140352219
    0.208328009 0.266613662 0.806803823 0.603459418 0.75033772
    0.427080095 0.561722636 0.216282219 0.615184844 0.116155177
    0.966068983 0.148221254 0.00371384621 0.262884378 0.343071043
    0.480322003 0.73144865 0.473150373 0.370052546 0.321508646
    0.149512351 0.992107034 0.0878418982 0.181981236 0.810218334
    0.997171342 0.938731849 0.730082512 0.383219928 0.176117331
    0.627896249 0.839786887 0.987684071 0.292600065 0.947740793
    0.694470346 0.325993896 0.708194733 0.710413098 0.106888413
    0.0025010407 0.351963699 0.221448869 0.427253932 0.248631567
    0.442923009 0.323134035 0.0422063768 0.645726681 0.91815412
    0.114040434 0.327180207 0.0755694211 0.926936924 0.704681933
    0.0269199014 0.374137878 0.158466876 0.111955851 0.06906268
    0.61927098 0.0722647011 0.758843899 0.489551067 0.517832994
    0.618984818 0.361658275 0.637865186 0.683097482 0.820498943
    0.932766557 0.552567482 0.564254761 0.880162477 0.0277236104
    0.340516537 0.311801314 0.0153177977 0.197291553 0.362225831
    0.104458749 0.0570939779 0.102822214 0.0623381734 0.068407625
    0.0587991774 0.249910384 0.934031963 0.594127536 0.338990092
    0.944806635 0.343360305 0.650034666 0.476126671 0.833423078
    0.288284123 0.543525934 0.999824643 0.572254241 0.489501506
    0.363183856 0.0522603393 0.738800824 0.790838957 0.96405369
    0.54910934 0.804066062 0.00722566247 0.16913715 0.952890217
    0.454342633 0.213566989 0.144710749 0.0869789124 0.834367335
    0.921701014 0.467127919 0.639610767 0.383335501 0.981767297
    0.0314953923 0.8806355 0.561335564 0.829915762 0.337237835
    0.382815868 0.15997231 0.484657317 0.552011371 0.06289047
    0.446881354 0.862033606 0.636106312 0.533475757 0.250057817
    0.240229785 0.186572164 0.174066901 0.611716628 0.687723398
    0.17497167 0.132750839 0.546630859 0.756459296 0.415354043
    0.268941283 0.198143601 0.393705338 0.122867286 0.337227941
    0.534188867 0.367278874 0.663646102 0.0343211889 0.156193227
    0.736910224 0.954949558 0.000100880861 0.345688373 0.296365023
    0.296881199 0.356644511 0.630093217 0.334881067 0.79916966
    0.365695477 0.931282997 0.947376847 0.803285718 0.325924277
    0.973840117 0.501735866 0.928637683 0.308997989 0.924696803
    0.740024209 0.425958157 0.426530123 0.656041145 0.0187243819
    0.594910026 0.162813812 0.33658582 0.248427689 0.846172929
    0.109301358 0.19453308 0.390384585 0.365119666 0.33378619
    0.133179367 0.373351216 0.464684784 0.208269507 0.497620314
    0.349906623 0.422887057 0.508511901 0.839454651 0.933145344
    0.918144584 0.774625063 0.676936984 0.797062397 0.0214975774
    0.831267118 0.882276654 0.374547601 0.630782127 0.682577074
    0.609273732 0.849033952 0.766134024 0.342617512 0.185742319
    0.295372725 0.223610312 0.81635499 0.301686466 0.465089262
    0.871935725 0.146996081 0.788031518 0.892100573 0.182789743
    0.530513227 0.195691049 0.748641372 0.251549542 0.620425642
    0.73350215 0.975510061 0.833328605 0.774918795 0.0651757419
    0.841448188 0.297284067 0.233872145 0.78977704 0.241865188
    0.793161929 0.36490494 0.788709104 0.119596064 0.361021161
    0.562010288 0.184638768 0.6519382 0.621763706 0.148738176
    0.570997894 0.195140958 0.247323185 0.79762876 0.469748974
    0.214217484 0.307603866 0.361415505 0.477493048 0.194878727
    0.909449637 0.888909519 0.302404642 0.985578239 0.402844161
    0.368796021 0.34229368 0.379623234 0.698736787 0.663655281
    0.396058023 0.215864062 0.381896853 0.374718249 0.615282059
    0.813336492 0.80992204 0.34316501 0.90644896 0.884840846 0.597465098
    0.598258197 0.377227366 0.458656758 0.753022671 0.169174284
    0.420524478 0.711045206 0.985430717 0.3691594 0.580324531
    0.759361148 0.88248986 0.536212444 0.0267357528 0.204276562
    0.253837854 0.0199398398 0.759032965 0.143923521 0.433233768
    0.686106682 0.0266927481 0.704651952 0.67321223 0.403001964
    0.176078111 0.603883803 0.997226357 0.429443479 0.917423189
    0.0414178073 0.95407486 0.507472813 0.85718143 0.863495111
    0.521734715 0.751119256 0.821011961 0.438167989 0.549388528
    0.983583152 0.776634991 0.83444941 0.150837988 0.620309651
    0.673441648 0.990002871 0.127243042 0.185431391 0.426935077
    0.801016629 0.199356586 0.522654533 0.603175938 0.593029082
    0.785768509 0.205383837 0.687443674 0.102612615 0.607342064
    0.996405184 0.270694375 0.531511068 0.463951528 0.447812915
    0.978117228 0.407173693 0.189246237 0.611276388 0.499154538
    0.848940372 0.744534135 0.438819259 0.718242049 0.389239848
    0.889467955 0.425843805 0.269443393 0.274145186 0.672481775
    0.888831854 0.295934856 0.767687678 0.815414667 0.460591823
    0.702781856 0.577003121 0.541074812 0.47568658 0.535827279
    0.668858051 0.144075155 0.343671918 0.986249864 0.485235453
    0.241234213 0.0508464277 0.786794186 0.0688622892 0.58351469
    0.206451654 0.304668546 0.249956101 0.933382988 0.850993514
    0.558618069 0.723676801 0.668644607 0.0498676598 0.580936432
    0.1496737 0.845436215 0.951270342 0.102077872 0.961085796
    0.154996067 0.610327661 0.972965956 0.523556352 0.703337669
    0.829586804 0.641639233 0.165793151 0.764719605 0.35133782
    0.773994267 0.604142308 0.4687213 0.188496381 0.373187631
    0.420071065 0.983558714 0.528209507 0.793331146 0.34814322
    0.861809254 0.252437711 0.68544358 0.365250826 0.201425046
    0.885971904 0.220695555 0.982734501 0.937256336 0.0747843385
    0.0679274201 0.909683466 0.876486897 0.100606412 0.869087517
    0.233840644 0.151261538 0.27851969 0.0837155879 0.170938909
    0.844631851 0.388787895 0.517759383 0.519163728 0.194963574
    0.204216063 0.734537125 0.616468608 0.989386797 0.0760056376
    0.818116784 0.71405977 0.936255693 0.748193085 0.88481909 0.70546329
    0.904151499 0.758324504 0.00435635448 0.124224335 0.667126715
    0.413406193 0.424408197 0.87679106 0.0350342989 0.0727600753
    0.490079552 0.910183132 0.654790699 0.771834135 0.933355212
    0.185800821 0.196659118 0.041839689 0.773473024 0.423882306
    0.426308692 0.346001327 0.7891559 0.934108257 0.74256146 0.606418848
    0.492600858 0.907106042 0.507770658 0.456376612 0.389574289
    0.401239514 0.802895784 0.95996201 0.618368626 0.143110126
    0.659821987 0.82543993 0.921903968 0.761353254 0.367415607
    0.826486886 0.664162159 0.207794726 0.876220167 0.779422045
    0.613417387 0.463798374 0.911934197 0.465841234 0.399370521
    0.425769061 0.53982228 0.0674249828 0.142290175 0.373140216
    0.222481132 0.048637569 0.0809993148 0.371052384 0.783078551
    0.517440617 0.348765135 0.314466476 0.887351155 0.522232771
    0.882481337 0.47746706 0.319105208 0.656667829 0.898720503
    0.80843246 0.860025525 0.0226489305 0.543676376 0.697836041
    0.868416905 0.588222444 0.71224308 0.505314112 0.812788963
    0.143499494 0.629956365 0.413873136 0.489061922 0.821481228
    0.339689702 0.82090646 0.355784118 0.745244265 0.500869215
    0.438572317 0.65591681 0.891839504 0.604153991 0.929870963
    0.997681439 0.392507911 0.244548857 0.60754168 0.0878584385
    0.609620273 0.875209808 0.318122208 0.0540678203 0.129331112
    0.254550397 0.880266368 0.180387139 0.204132646 0.683112264
    0.200944573 0.554738939 0.894203544 0.224184096 0.0577744842
    0.912173271 0.153730929 0.114535451 0.825354338 0.679649115
    0.248298198 0.0450787842 0.177294403 0.367595971 0.269812346
    0.228183836 0.495014399 0.806216419 0.887310266 0.529082358
    0.358583629 0.369323671 0.82665664 0.875906706 0.221019089
    0.488873571 0.655680537 0.312732607 0.538871229 0.691118121
    0.890740216 0.0598983169 0.127182335 0.340097338 0.18488571
    0.53599751 0.214203864 0.551181316 0.986979008 0.0949251652
    0.114539593 0.794510007 0.744242668 0.959142625 0.368621349
    0.578888237 0.797342837 0.663518012 0.373897314 0.777925611
    0.269497603 0.539736509 0.677579939 0.572901905 0.471548676
    0.0884602666 0.939432979 0.245077759 0.504169583 0.362682343
    0.746578276 0.849474788 0.555682063 0.167165816 0.868315339
    0.668899655 0.724062681 0.0716297925 0.340076327 0.09119156
    0.514149904 0.924459457 0.0358860493 0.664493084 0.477686167
    0.425372839 0.904016078 0.108593941 0.521468699 0.199041307
    0.788033724 0.742563426 0.301953256 0.00580382347 0.491724432
    0.724289238 0.626344144 0.101433247 0.585642815 0.0851347446
    0.303728044 0.416482061 0.450408876 0.596627951 0.685027838
    0.226412952 0.401361614 0.983244121 0.530591846 0.984143615
    0.775256991 0.91135776 0.450114071 0.150477439 0.636586666
    0.53348434 0.572528005 0.0170190334 0.530501366 0.760216415
    0.71850276 0.118702531 0.899799347 0.725334048 0.411312282
    0.815563679 0.00696057081 0.593138158 0.0212005377 0.756070614
    0.700481296 0.840671957 0.62508589 0.33468926 0.728319943 0.63075614
    0.709148765 0.0182850659 0.793133974 0.324194252 0.261471301
    0.135819793 0.197216839 0.531548381 0.209039867 0.579426825
    0.787085176 0.0530985594 0.00518912077 0.550311387 0.779836655
    0.451818943 0.63117981 0.873365879 0.188197643 0.921569824
    0.978451967 0.567487776 0.542603433 0.0312854648 0.179435998
    0.435925424 0.159125477 0.992765367 0.6524207 0.764947772
    0.953192532 0.0661955774 0.109331816 0.600251973 0.713285565
    0.220021635 0.755588055 0.398596168 0.0390076041 0.082564503
    0.435171366 0.949874818 0.680578172 0.116759181 0.587980688
    0.0926167965 0.209281474 0.00288227201 0.891025066 0.786818027
    0.472678185 0.107179284 0.477876604 0.679975033 0.419618249
    0.163558722 0.912494898 0.457179457 0.958367527 0.811980009
    0.232968062 0.85835433 0.662328064 0.369983494 0.596042097
    0.0499073267 0.140891373 0.37977469 0.575468481 0.7497769
    0.892114937 0.726974189 0.0209240019 0.849400282 0.70651716
    0.650745153 0.855523705 0.734241009 0.664727569 0.323678285
    0.319269001 0.0464465618 0.886528432 0.143683016 0.0179236531
    0.49907133 0.67758882 0.88552475 0.853833973 0.245331556
    0.0555515587 0.933433294 0.00512892008 0.534283042 0.111004978
    0.0906484425 0.750834584 0.268292189 0.0737649202 0.60187012
    0.626130879 0.476111442 0.304911941 0.36540246 0.346442401
    0.764581323 0.204126179 0.746534467 0.861490965 0.644231737
    0.385732979 0.552216351 0.938689351 0.117651165 0.306491911
    0.16484341 0.798694968 0.542059064 0.482987434 0.143594414
    0.651333511 0.53672868 0.33613506 0.733065724 0.915959597
    0.698061466 0.0361376107 0.765874326 0.77178669 0.944850564
    0.429607421 0.873142302 0.320688844 0.170178741 0.275443554
    0.247385085 0.438551754 0.863928795 0.595996439 0.137371242
    0.885517836 0.873666406 0.622153223 0.221946865 0.762532234
    0.221366197 0.550050855 0.437618494 0.283339113 0.863965869
    0.127337098 0.633101702 0.116584867 0.238185972 0.259560108
    0.93429023 0.322385967 0.982180715 0.149125159 0.707055092
    0.393180788 0.992154121 0.565321982 0.0656969845 0.0950416625
    0.891182125 0.861030519 0.0347997844 0.914299488 0.851893663
    0.537868619 0.917037487 0.925106287 0.556797087 0.879106283
    0.000238955021 0.00179556012 0.808143914 0.003513515 0.27656886
    0.228250325 0.705573857 0.997968972 0.227015764 0.0702987313
    0.862123668 0.312518805 0.489868492 0.131901592 0.00805228949
    0.185206383 0.813918233 0.952099621 0.818379641 0.592372358
    0.548491657 0.241498619 0.335067332 0.612488985 0.310335517
    0.996029556 0.150890499 0.250082552 0.050586015 0.917093396
    0.702031255 0.354300708 0.545073748 0.510884643 0.164195836
    0.739325762 0.102747589 0.299869001 0.649714053 0.988127232
    0.228896409 0.278664351 0.0363545418 0.214624107 0.0786958039
    0.13224116 0.152922034 0.0519961417 0.26682049 0.0247998536
    0.708133519 0.64351505 0.397632122 0.985909045 0.368971586
    0.954248786 0.244882405 0.476449132 0.496878713 0.725275755
    0.740469456 0.47961551 0.0418336391 0.944903791 0.468932837
    0.146496743 0.872645617 0.32934159 0.521714866 0.600326538
    0.505603194 0.614623368 0.747289538 0.160195231 0.305961907
    0.230194896 0.721627593 0.693433762 0.764495671 0.516954601
    0.841036439 0.184752345 0.0965033472 0.993602395 0.88993156
    0.973511934 0.798288822 0.0235325694 0.559207678 0.256542593
    0.121043801 0.649448156 0.791382253 0.284537256 0.772022605
    0.0429682434 0.755719543 0.960938573 0.180972695 0.419103116
    0.875546455 0.0954228044 0.230061233 0.810421348 0.236231774
    0.381259412 0.292310178 0.404804736 0.195621192 0.434387147
    0.197165519 0.360653222 0.417376101 0.456968009 0.221423835
    0.140648514 0.226088494 0.732338548 0.334157586 0.408673912
    0.991761923 0.435859591 0.558015227 0.797549367 0.106620967
    0.596987247 0.217214704 0.519257665 0.641750932 0.484227598
    0.184409767 0.702190101 0.116695523 0.984469712 0.900869012
    0.111217678 0.659057856 0.40666306 0.588206053 0.325188458
    0.780474067 0.576599061 0.740958571 0.664982557 0.159610718
    0.754268169 0.286131203 0.280221581 0.232517332 0.984227717
    0.948332489 0.641144991 0.0806657076 0.00910514593 0.556431413
    0.693450093 0.447394967 0.326418221 0.378999472 0.0121786296
    0.684655905 0.245954841 0.611435354 0.400447458 0.566027999
    0.430627376 0.279710174 0.193905354 0.630718827 0.583885252
    0.106693447 0.721698165 0.735280931 0.951037645 0.0755966306
    0.684700489 0.5126279 0.636642635 0.504858792 0.46483469 0.821357846
    0.13797754 0.771385431 0.0992816389 0.954768419 0.636408567
    0.587572277 0.582674623 0.50948298 0.278007895 0.857575297
    0.540714622 0.293261915 0.0113673508 0.478599608 0.15509963
    0.992687702 0.960683703 0.287868142 0.239533246 0.224406898
    0.0315263867 0.597964525 0.392898232 0.933996081 0.21501115
    0.316424429 0.302898377 0.437887549 0.125496835 0.357365936
    0.166906565 0.232344091 0.725985289 0.429708302 0.127989948
    0.986258864 0.844795942 0.0781518817 0.406575471 0.988364816
    0.827388167 0.726295352 0.0780495703 0.913677692 0.84386915
    0.968534827 0.969855905 0.493744582 0.731594086 0.0622360706
    0.651294827 0.123601079 0.880702496 0.228507847 0.402447462
    0.851213455 0.828552723 0.906785607 0.438709229 0.100976199
    0.828707218 0.574324489 0.629118085 0.668157041 0.0643567145
    0.943169713 0.255275279 0.796124518 0.516843915 0.526198506
    0.97484076 0.427551627 0.700774252 0.926472664 0.322863877
    0.998005629 0.529964924 0.599911273 0.235821098 0.510682344
    0.765598178 0.590288818 0.280680418 0.863038898 0.185953587
    0.164627343 0.445579588 0.902163744 0.945261776 0.146759212
    0.389805526 0.837214053 0.0109057724 0.828437805 0.738497198
    0.51502341 0.324741006 0.966638088 0.542605162 0.5383268 0.136851102
    0.74079597 0.833437085 0.911131024 0.617241025 0.114984006
    0.321837366 0.654200256 0.79190731 0.441960275 0.684622705
    0.865882993 0.482600391 0.907309413 0.235369205 0.804368019
    0.43380639 0.946997762 0.670413613 0.718897939 0.162677526
    0.881433487 0.379566312 0.424360812 0.5444538 0.417927742
    0.641787887 0.355287135 0.739181876 0.359019905 0.462033063
    0.348289907 0.347936094 0.396663964 0.215876997 0.114097774
    0.752634764 0.905118763 0.603011966 0.561722577 0.199179173
    0.74799931 0.870536268 0.420481384 0.402392417 0.161539912
    0.33255437 0.718886495 0.901219845 0.227560729 0.130845129
    0.534374893 0.00347876549 0.718628466 0.0676114857 0.496915549
    0.348687977 0.497389108 0.4200854 0.227698624 0.923664808
    0.201504439 0.479552776 0.612135172 0.419761419 0.694823623
    0.701748371 0.854846358 0.0641011 0.45267278 0.849311948 0.538692892
    0.740783095 0.344757497 0.103956014 0.556169748 0.0741757452
    0.0743001401 0.175434202 0.984059572 0.00836345553 0.0861907601
    0.834328771 0.390752047 0.440542012 0.690198779 0.709446907
    0.264193296 0.735985219 0.360417157 0.844164968 0.111775398
    0.354226679 0.143828779 0.323181987 0.101110965 0.40142864
    0.0203081369 0.124449641 0.115227848 0.159947008 0.752803087
    0.797002435 0.519945621 0.210578829 0.242541432 0.828659058
    0.765917778 0.799394965 0.396672726 0.141775042 0.128555208
    0.535630882 0.897166491 0.471500725 0.235660583 0.920432925
    0.0606137812 0.222289473 0.0260485113 0.41027993 0.680673838
    0.397826552 0.192531258 0.400470614 0.931047499 0.485905021
    0.868734837 0.984464109 0.598197818 0.0478039384 0.169068515
    0.361649275 0.632194817 0.460871667 0.0297587812 0.0690427721
    0.11271733 0.320825219 0.105693758 0.240432054 0.262414068
    0.179413766 0.396254271 0.623579919 0.613826752 0.409341305
    0.212579042 0.140942067 0.852998853 0.844923437 0.81821233
    0.949165583 0.131634414 0.836057067 0.709862828 0.34650588
    0.282424152 0.400771856 0.866623402 0.927955687 0.869640827
    0.977663338 0.488110363 0.265400797 0.475144416 0.388175637
    0.396519452 0.633161724 0.0219836235 0.221936136 0.309483409
    0.766526878 0.0885695219 0.629803896 0.136513621 0.437278211
    0.669634461 0.927508354 0.61666137 0.839458764 0.640241206
    0.966281772 0.27772975 0.12317583 0.193466276 0.46465528 0.923615634
    0.036724925 0.548820436 0.914962411 0.69329977 0.790921509
    0.403241575 0.26717487 0.41122219 0.449483156 0.705687165
    0.996384382 0.130953521 0.63972789 0.756520867 0.762079597
    0.792367935 0.186493903 0.876041412 0.648385942 0.293199956
    0.912112474 0.555087745 0.628662825 0.868066072 0.415798455
    0.367714167 0.747343242 0.646772861 0.141012281 0.921743512
    0.763740897 0.0447866917 0.863696575 0.520935178 0.679790854
    0.267839909 0.78471297 0.991127431 0.77042985 0.86953634 0.803017139
    0.0216454864 0.664444864 0.880249739 0.829861879 0.961015463
    0.872584343 0.520055771 0.0718323886 0.873994172 0.378527671
    0.200100213 0.140333563 0.253110051 0.698625088 0.468033284
    0.448538631 0.0287837684 0.220239252 0.00669792295 0.673348963
    0.945291519 0.0854075551 0.517124414 0.00741270185 0.783752501
    0.801879168 0.329999059 0.0842975974 0.385514021 0.585144997
    0.306708902 0.417068064 0.175868452 0.241092891 0.28379336
    0.0342322886 0.0287910402 0.723457217 0.82474941 0.29437533
    0.577183604 0.896212637 0.692506194 0.613126278 0.198658824
    0.357237875 0.500177681 0.0802924037 0.637979031 0.36268118
    0.412767887 0.193820953 0.422992408 0.332709163 0.668740034
    0.449016124 0.39312017 0.171276689 0.170596093 0.587983966
    0.277236164 0.099350214 0.225301415 0.0983276963 0.0554994345
    0.927227497 0.0925404727 0.480763614 0.476888239 0.468008965
    0.423337817 0.58983624 0.88628006 0.114038587 0.531004727
    0.545126498 0.807957888 0.511693478 0.292703927 0.392727762
    0.306747437 0.0951088071 0.264574647 0.650603056 0.771328092
    0.0646239519 0.271598488 0.271126419 0.320037812 0.333130181
    0.16452381 0.620939851 0.0406506956 0.111786485 0.568335354
    0.644801855 0.686554313 0.284897566 0.865680814 0.733742297
    0.174469084 0.677132845 0.935848057 0.221557468 0.312737435
    0.23513031 0.0094615519 0.77625668 0.495859832 0.731261373
    0.693107247 0.791516304 0.0100820959 0.0691952705 0.378295064
    0.141960263 0.0276910961 0.769475281 0.235575378 0.68271178
    0.603282452 0.854920387 0.671006918 0.356018096 0.120272577
    0.10438174 0.159113795 0.503414094 0.459745049 0.133388489
    0.00353646278 0.193756878 0.821200073 0.309342325 0.781495988
    0.114442527 0.628610611 0.202364564 0.43926245 0.381683648
    0.423195034 0.459944874 0.514641285 0.538054764 0.435680419
    0.66610527 0.269534349 0.776936173 0.623696625 0.487337232
    0.631145537 0.805494666 0.162456483 0.391283542 0.469851762
    0.240236431 0.399336696 0.0552392304 0.23774007 0.474311829
    0.387886941 0.121726304 0.642365813 0.789916635 0.889541507
    0.35958305 0.403518766 0.365408659 0.645885825 0.250654995
    0.102056146 0.0902424157 0.663450956 0.226142615 0.368781984
    0.403728217 0.12573719 0.58129102 0.0441605151 0.65382874
    0.563610911 0.224374622 0.238085926 0.637351036 0.900518894
    0.347046405 0.752478957 0.557185113 0.137515038 0.588539004
    0.608155429 0.101952195 0.068097651 0.0951441526 0.649581552
    0.335482895 0.308702528 0.971019268 0.154049367 0.425090313
    0.0637714267 0.320883512 0.428534359 0.304089844 0.40813145
    0.0555657744 0.0226207674 0.0414409041 0.365736783 0.664942861
    0.529454231 0.309720635 0.226998538 0.782488167 0.848555803
    0.0756983459 0.0316806138 0.525285542 0.816635966 0.86794138
    0.184530914 0.603254974 0.558379292 0.0591315329 0.794962585
    0.514093876 0.831974268 0.460081816 0.420057803 0.763736963
    0.671943188 0.430417985 0.365142882 0.997774005 0.918480635
    0.773530185 0.423642874 0.0697601736 0.121620357 0.700570166
    0.800786734 0.877645493 0.243835449 0.826590896 0.0975115001
    0.150156558 0.103350461 0.522648036 0.945094943 0.307809114
    0.210664928 0.671919823 0.350426555 0.692290485 0.488023788
    0.281890869 0.429687142 0.250487179 0.609876156 0.427663833
    0.0103043914 0.158414751 0.0159499645 0.661628544 0.299816608
    0.456724733 0.355005354 0.21989283 0.213362306 0.43126303 0.82571727
    0.652088642 0.499855429 0.565494418 0.908805788 0.800486326
    0.0307502151 0.359536797 0.640592039 0.390920043 0.157552063
    0.463917851 0.703847885 0.842966437 0.0933459699 0.0756537616
    0.394989491 0.16722244 0.150522053 0.60506624 0.595033765
    0.213551253 0.703454256 0.1727193 0.0136017501 0.450872928
    0.722432494 0.955897093 0.890999198 0.677048028 0.25786218
    0.203923881 0.673261166 0.684971392 0.096042484 0.419698507
    0.483924389 0.159688681 0.0523123741 0.670320749 0.901072085
    0.793049335 0.943253934 0.0679771006 0.613781691 0.985372841
    0.518644094 0.660253048 0.56588906 0.578626156 0.144462377
    0.48872444 0.347697616 0.28866744 0.662309289 0.884553075
    0.471703619 0.829139471 0.139077276 0.881916642 0.992969394
    0.993967831 0.459900618 0.433421642 0.0194093883 0.00872069597
    0.0197035968 0.986305594 0.619152129 0.448740125 0.687771261
    0.266341805 0.671596766 0.777841449 0.909686863 0.798849165
    0.668983519 0.732056081 0.29846549 0.391019553 0.6262362 0.696769416
    0.570411146 0.754192114 0.739886761 0.740478039 0.568851352 0.888439
    0.711628437 0.674389362 0.873715758 0.277573705 0.59363544
    0.687790155 0.501275957 0.644135177 0.067127198 0.814689159
    0.81447047 0.440834641 0.474737018 0.359382033 0.318256497
    0.773246527 0.126835585 0.591288388 0.935978353 0.583797574
    0.816417098 0.536213338 0.736636102 0.378913999 0.888207138
    0.465255678 0.542448699 0.389915943 0.969686389 0.89153111
    0.43960458 0.118785858 0.721191883 0.318547219 0.452593029
    0.0428703427 0.239998817 0.666493297 0.626050413 0.846110821
    0.680422068 0.54140234 0.532663286 0.571738958 0.127493262
    0.288050711 0.270212412 0.163757414 0.551776707 0.628796399
    0.929281235 0.0619536638 0.175858259 0.770266175 0.697469831
    0.684105158 0.464565277 0.456667781 0.838039279 0.558172643
    0.56784308 0.742189825 0.281531572 0.324732006 0.505952418
    0.338752151 0.14439252 0.275073707 0.349040002 0.668146074
    0.203163594 0.292400539 0.025189966 0.643224478 0.843524575
    0.0583643317 0.750937939 0.459526747 0.125883907 0.872761726
    0.337660015 0.300520211 0.176418841 0.543282628 0.895329952
    0.512958646 0.0747316778 0.927106023 0.94717896 0.143756121
    0.85574472 0.848347723 0.240988642 0.542379379 0.450127035
    0.706650674 0.684036374 0.676103711 0.886290848 0.920004964
    0.94577837 0.699388683 0.541393578 0.118835717 0.790706456
    0.941697896 0.241872489 0.605869055 0.221333057 0.879181206
    0.85781759 0.0934477746 0.696509421 0.0318452418 0.043831706
    0.360975504 0.944267392 0.827641308 0.473136395 0.882488847
    0.533895671 0.0173797607 0.846880198 0.688558757 0.192270428
    0.951087177 0.366651177 0.991591513 0.885519624 0.679264784
    0.928177297 0.433966249 0.718282223 0.598716915 0.667861223
    0.385412157 0.447055787 0.485890478 0.953505218 0.336897284
    0.63065958 0.239817083 0.591100931 0.903292894 0.385083765
    0.557698131 0.429325581 0.394803464 0.825265288 0.84190321
    0.429693073 0.794296265 0.562402844 0.269199014 0.529035509
    0.986934066 0.799257636 0.401031315 0.949961185 0.78845793
    0.976112008 0.355653763 0.173712641 0.10661447 0.396777034
    0.17367658 0.950475931 0.218922317 0.525664508 0.543127477
    0.903308392 0.139813393 0.663192153 0.417047381 0.814612687
    0.297597051 0.260395467 0.569179296 0.958733678 0.445759088
    0.124601901 0.488255113 0.352488637 0.198015988 0.595420241
    0.864133477 0.268501997 0.691880226 0.782207966 0.580290973
    0.0920840502 0.532596171 0.727847338 0.228446811 0.10041216
    0.0861110687 0.209528834 0.223404586 0.942205369 0.377140701
    0.291378409 0.35411936 0.0503416061 0.684200883 0.975134254
    0.45317626 0.825943053 0.14537254 0.991499424 0.576846778
    0.354558617 0.203377306 0.835813284 0.928382397 0.41209802
    0.489556462 0.470709324 0.4767676 0.336758256 0.751574337
    0.923856974 0.0518313646 0.20832032 0.875003695 0.256759822
    0.916427732 0.98281014 0.796346068 0.353351891 0.683304489
    0.839374661 0.849734247 0.708341479 0.092929244 0.241615057
    0.800913811 0.927357793 0.563026667 0.193864793 0.16734606
    0.971376836 0.274695277 0.105047286 0.0356295407 0.332873702
    0.866514444 0.508105874 0.828884065 0.825039327 0.625365973
    0.90678221 0.398066282 0.978141904 0.411811948 0.642298698
    0.505613327 0.781122804 0.716298163 0.912858844 0.113369644
    0.775756121 0.75453788 0.41922456 0.414057076 0.66818589 0.697947621
    0.324623704 0.28474766 0.305699408 0.0810691416 0.960757017
    0.651797235 0.573315263 0.372336209 0.153978139 0.564929605
    0.968586683 0.235479534 0.605876803 0.550518453 0.0581293404
    0.709520578 0.71861434 0.765731812 0.801794827 0.136532843
    0.697589099 0.947052479 0.594299793 0.627140582 0.565122128
    0.15917486 0.682723224 0.189144582 0.768572867 0.743800282
    0.420575976 0.409604549 0.330251157 0.70684427 0.212679893
    0.770047009 0.745961189 0.278820336 0.73260504 0.998462379
    0.200351208 0.770736575 0.308813542 0.346030056 0.962250412
    0.378616512 0.128906339 0.829447091 0.212702185 0.977719128
    0.791010737 0.553658366 0.936793685 0.534303606 0.526346743
    0.783986866 0.646230817 0.187777966 0.221894443 0.14744857
    0.000854253769 0.922680378 0.755230546 0.281171471 0.0679133832
    0.919314444 0.497904509 0.376967639 0.240337402 0.784364283
    0.56758976 0.460732311 0.674358606 0.111188591 0.0031953454
    0.522684216 0.870974302 0.940398574 0.505839229 0.914304972
    0.779487252 0.620362401 0.0487195551 0.409520447 0.324499696
    0.801021516 0.372012019 0.0753369927 0.979935825 0.0878326297
    0.393725574 0.503745437 0.00479918718 0.760610819 0.82342881
    0.939863801 0.888747215 0.555145502 0.503598869 0.814190865
    0.928432345 0.248821199 0.531374574 0.578782201 0.159765571
    0.735065103 0.524375916 0.527454078 0.355462134 0.263380408
    0.494290322 0.571156859 0.342908502 0.196455061 0.0333955288
    0.0635790825 0.889541745 0.0117257237 0.541422606 0.553762317
    0.821320534 0.462426543 0.572086632 0.914524198 0.991039395
    0.368810922 0.207594573 0.587914228 0.099160701 0.597688556
    0.108056635 0.097933948 0.354247093 0.599993169 0.790791094
    0.58270961 0.925524771 0.940273941 0.089966476 0.704569638
    0.425378889 0.620662093 0.332665026 0.418765724 0.274373114
    0.506591022 0.978111744 0.141428113 0.811844647 0.164179474
    0.336821616 0.226568699 0.268124044 0.34431082 0.0953296125
    0.61416328 0.144600689 0.78768146 0.250901699 0.410959125
    0.0235287547 0.155192822 0.259138852 0.997896075 0.0311207175
    0.936650991 0.929525793 0.831423283 0.485815078 0.0763358474
    0.0902542472 0.059972614 0.901682734 0.247841179 0.0218556523
    0.180524081 0.970245957 0.722049177 0.720999718 0.199168563
    0.859051824 0.259622723 0.0403834879 0.0814584494 0.360606849
    0.786969125 0.24390325 0.359694451 0.975073099 0.552714705
    0.792531133 0.534861505 0.090067327 0.0470573902 0.181862116
    0.355435252 0.0181553066 0.567538023 0.252861023 0.256618291
    0.373129606 0.44469896 0.503389359 0.893111706 0.125331581
    0.404884338 0.437586337 0.894135714 0.402035922 0.0898922086
    0.514761329 0.00902763009 0.239668041 0.581534207 0.0760682523
    0.410500795 0.047016412 0.566337824 0.444012552 0.63534987
    0.741201699 0.794127345 0.45950675 0.612442434 0.0798073113
    0.27938056 0.930689096 0.459922582 0.706673265 0.56743592
    0.438107491 0.197098196 0.117742926 0.200498402 0.0749916434
    0.584118485 0.812092662 0.786211967 0.139845133 0.792294621
    0.88425833 0.310322672 0.869748116 0.276981294 0.37081629
    0.240805328 0.720313787 0.69022727 0.3655352 0.68010354 0.512382865
    0.698554039 0.306464612 0.110429585 0.796884894 0.554123461
    0.643318653 0.99824959 0.0429083407 0.465215504 0.138493001
    0.0468861759 0.104019344 0.0447674394 0.368680358 0.488008678
    0.564283013 0.120411426 0.587968826 0.853720784 0.817524731
    0.830404878 0.248988807 0.579681456 0.989919543 0.978767037
    0.50323385 0.528109789 0.754671812 0.0353004634 0.482233584
    0.0973194838 0.884283781 0.573022068 0.904170275 0.414146572
    0.613139212 0.930883706 0.544228017 0.984838963 0.502100825
    0.840143204 0.809930444 0.247170389 0.478108853 0.638760269
    0.231212467 0.216895819 0.477990597 0.664645433 0.207987368
    0.348586828 0.395644248 0.584423184 0.850007057 0.691814303
    0.827453792 0.5053671 0.617359638 0.42978242 0.251872122 0.651459634
    0.360520601 0.662982404 0.609351635 0.903965294 0.753532767
    0.57535094 0.652858675 0.943161905 0.266570538 0.436421841
    0.937057376 0.733471453 0.397927374 0.129431456 0.188695133
    0.530850291 0.375882804 0.0725452304 0.0566283464 0.267739803
    0.783458471 0.953471065 0.903897285 0.930019319 0.484256566
    0.497802049 0.928471386 0.335245907 0.860206783 0.685914874
    0.523484409 0.569124341 0.891126156 0.369458497 0.698050916
    0.677435756 0.831910133 0.892037868 0.804145157 0.362462223
    0.390735149 0.635542989 0.718316317 0.368339241 0.125550777
    0.130823582 0.350885749 0.895932734 0.994688749 0.935220897
    0.3188878 0.596048474 0.49676162 0.816309273 0.171035767 0.458868682
    0.669602156 0.565524459 0.682614803 0.00872635841 0.3380467
    0.953285694 0.0255170465 0.409356534 0.117801249 0.837866664
    0.62517041 0.859102249 0.931206703 0.830606341 0.481335998
    0.033941865 0.129883051 0.270335793 0.767310321 0.267454714
    0.542127192 0.103445619 0.23435998 0.276068151 0.0811908841
    0.968662143 0.542447448 0.893024445 0.337093502 0.112185895
    0.481974065 0.344787598 0.711127758 0.241213083 0.70524931
    0.711985707 0.947081447 0.092348814 0.204448611 0.0594816208
    0.182809949 0.358363926 0.510374725 0.596848547 0.707869649
    0.599484742 0.759847879 0.693145216 0.874707818 0.74098897
    0.659894705 0.906563401 0.533616364 0.584160566 0.520176947
    0.840596199 0.926694274 0.600141764 0.228736043 0.874684155
    0.262681365 0.936667383 0.881378472 0.958134294 0.802013636
    0.647672296 0.648489714 0.000578612089 0.693829 0.99638176
    0.620515764 0.440811336 0.927356005 0.147070169 0.0373698771
    0.307487398 0.218405485 0.738456964 0.0922724903 0.489740759
    0.270599663 0.202890158 0.7452299 0.889784575 0.410691589
    0.085809201 0.455831051 0.107045442 0.252608597 0.443297833
    0.966861248 0.813031912 0.464850366 0.846628487 0.0048532486
    0.730712473 0.205868721 0.659527898 0.0519810617 0.235159665
    0.00420755148 0.683083892 0.992356777 0.464407772 0.458125919
    0.849431098 0.718287826 0.883458674 0.887141824 0.36355412
    0.893019557 0.0733255446 0.44191283 0.713887453 0.955463171
    0.893264532 0.177914888 0.152805954 0.643352807 0.786887348
    0.256979525 0.412036657 0.989738464 0.0498927832 0.500730157
    0.79772836 0.915618896 0.211188346 0.663563788 0.0892418921
    0.910992563 0.893613815 0.586420894 0.542128205 0.168462932
    0.659740329 0.540373027 0.649390817 0.401054472 0.939264297
    0.523991406 0.93997252 0.441147566 0.402715385 0.767188191
    0.68852061 0.465448797 0.497383416 0.461073518 0.536382377
    0.327192247 0.863382697 0.997217417 0.510724127 0.891318321
    0.0414726436 0.301370233 0.438533068 0.898445845 0.183652222
    0.199497849 0.263230801 0.189030379 0.497094601 0.787223637
    0.28406629 0.650460482 0.608663142 0.744289398 0.202041656
    0.362845659 0.984726548 0.223449498 0.264937818 0.339932024
    0.677612126 0.995649219 0.479858071 0.46345371 0.734825253
    0.55133903 0.991692722 0.436613798 0.597104609 0.833137453
    0.426355302 0.702389479 0.348999381 0.460200429 0.777107596
    0.64725852 0.110717148 0.30183804 0.651560783 0.84020251 0.379032135
    0.3789545 0.638260782 0.265342057 0.274946481 0.285969496
    0.335019231 0.988483787 0.920284867 0.404789269 0.00533223152
    0.90635097 0.0121530294 0.78713572 0.65771842 0.185472906
    0.547615588 0.337816834 0.707099378 0.365619242 0.063065052
    0.106735498 0.536556482 0.447666764 0.193023741 0.0122893453
    0.458815992 0.572975159 0.0807204247 0.486620992 0.972851515
    0.0929091871 0.267888784 0.0995942056 0.0577076972 0.533024132
    0.768042862 0.283726484 0.793018281 0.162054807 0.374973893
    0.107920051 0.707163274 0.394179165 0.135851204 0.572128594
    0.369983524 0.23669681 0.5561257 0.132646263 0.250399202
    0.0998306274 0.984817147 0.658387244 0.601747155 0.597319245
    0.978807628 0.199753374 0.909805059 0.182356507 0.679571092
    0.750130296 0.0126266181 0.710362792 0.912709355 0.16824618
    0.147394389 0.239977717 0.387571394 0.284441471 0.661624193
    0.968203962 0.368245453 0.581763566 0.380341589 0.093618542
    0.5611552 0.963514686 0.691585243 0.81626606 0.240703255 0.251236379
    0.545155644 0.163919538 0.485598624 0.40369314 0.0672483444
    0.325818062 0.331538022 0.872392058 0.591597378 0.969888926
    0.72399658 0.0434775352 0.037338376 0.317524433 0.680256605
    0.917028069 0.272037089 0.858601987 0.471236914 0.813491106
    0.805439413 0.538267016 0.410677552 0.677565098 0.524908602
    0.985502899 0.767064095 0.707833886 0.926349521 0.654714942
    0.508229375 0.479291588 0.148207903 0.0674972236 0.0111679435
    0.202088803 0.385654449 0.905923307 0.721806109 0.893954396
    0.918251395 0.0510439873 0.613826573 0.443103522 0.972869039
    0.211298764 0.317099452 0.54600358 0.320922554 0.0747447014
    0.630590856 0.920368493 0.355985612 0.842003107 0.748568296
    0.161851317 0.795868099 0.774107099 0.297837853 0.787442088
    0.56705153 0.743622124 0.377511442 0.563088357 0.904197812
    0.859241486 0.396341503 0.378807753 0.384729981 0.329921365
    0.261821717 0.993334174 0.0365362763 0.370001018 0.0878890157
    0.581649601 0.474464595 0.149209946 0.705323458 0.430699199
    0.50756216 0.358753204 0.178260177 0.312210262 0.977807999
    0.641215205 0.306713194 0.934936523 0.0868580043 0.152960062
    0.403914839 0.86343646 0.984665692 0.448632985 0.578613102
    0.443879485 0.960682631 0.783314705 0.125699222 0.73915875
    0.882625282 0.62086308 0.670395672 0.0276299715 0.605277717
    0.917717576 0.313884139 0.638711393 0.00360238552 0.322222412
    0.226354808 0.389767289 0.95468235 0.40480566 0.251184911 0.56495738
    0.899670243 0.0859772563 0.32341361 0.420274436 0.884567738
    0.659288287 0.819348693 0.238036335 0.965381265 0.489824623
    0.708099544 0.746311665 0.619138837 0.398457557 0.645764172
    0.705648422 0.278450996 0.015663892 0.549408674 0.567180157
    0.477581263 0.334954649 0.31960696 0.340265274 0.240737706
    0.904652834 0.943325281 0.984640241 0.884955585 0.768425941
    0.524536967 0.832689047 0.230148435 0.649627566 0.405453205
    0.542044163 0.931206584 0.360382676 0.189013541 0.792979836
    0.4545196 0.227258623 0.0160648227 0.196268201 0.747425795
    0.59910059 0.556900978 0.536112189 0.479712397 0.0233772397
    0.0233552754 0.610954344 0.950610638 0.838508785 0.636794686
    0.431524813 0.170912385 0.57507509 0.594721675 0.119877428
    0.809786439 0.334450185 0.0660679936 0.967141986 0.0939145386
    0.525803745 0.979188085 0.92334199 0.81423068 0.189823806
    0.0841456652 0.650283039 0.111779988 0.655757546 0.214732617
    0.140686661 0.383950323 0.514230907 0.766738594 0.627874732
    0.356901288 0.267192721 0.976878822 0.230169326 0.484810978
    0.764656425 0.927553415 0.110807627 0.409704208 0.507888079
    0.9105739 0.0321193635 0.501460612 0.968041778 0.360691428
    0.485347241 0.139532506 0.479382753 0.441238493 0.70706439
    0.425289631 0.926160693 0.454722315 0.431949198 0.881815016
    0.714157403 0.210898221 0.0101035833 0.343791127 0.976754904
    0.780660629 0.274547458 0.709712088 0.183746189 0.850233316
    0.874604821 0.330091625 0.23175931 0.541057289 0.377323955
    0.647703528 0.343720943 0.827551544 0.817336023 0.915984511
    0.794131041 0.489969403 0.308944404 0.783320367 0.958274961
    0.0815888345 0.825332046 0.617480278 0.194669574 0.139473677
    0.659324169 0.37166214 0.92207408 0.925992846 0.162063539
    0.141442657 0.828461051 0.977443755 0.817240357 0.780505002
    0.775378585 0.919533074 0.125748605 0.225281745 0.99166441
    0.808228135 0.706088901 0.353819251 0.0945995748 0.381717265
    0.76845324 0.864907384 0.00539714098 0.145757556 0.44799912
    0.276318192 0.297360539 0.210945666 0.759379327 0.982578039
    0.954839945 0.469505191 0.602458477 0.60703969 0.894592822
    0.113061219 0.70984602 0.518643856 0.433600754 0.310993791
    0.947177887 0.724682927 0.982663572 0.232317239 0.152698457
    0.502609074 0.152108312 0.713806093 0.0590529442 0.174371153
    0.450177908 0.377797484 0.624943674 0.582235992 0.0567153096
    0.198670268 0.723894894 0.70184803 0.63360703 0.146488875
    0.711871028 0.650561213 0.504184902 0.267228246 0.449331909
    0.209222138 0.161547005 0.761638761 0.867848396 0.504726291
    0.140064478 0.130235583 0.468087941 0.828648686 0.423523545
    0.750510216 0.514530361 0.817670703 0.0973599255 0.634159386
    0.354451001 0.66376543 0.181933761 0.847849965 0.902414858
    0.797900677 0.163382977 0.0929445624 0.64912802 0.12212649
    0.497135371 0.812933147 0.754196048 0.0451150239 0.785729051
    0.851090729 0.318365276 0.58337009 0.480863333 0.469843298
    0.590489566 0.532395959 0.16896069 0.276240557 0.641099274
    0.698282123 0.917993069 0.436542451 0.0509760678 0.363571882
    0.593238711 0.680910766 0.591002226 0.692884922 0.842711568
    0.439000368 0.314553499 0.568285048 0.465821683 0.244039744
    0.0952631831 0.561193883 0.418470263 0.754770637 0.304597557
    0.311453998 0.518791616 0.499262035 0.70915693 0.604012907
    0.581585109 0.522630811 0.484279424 0.574062407 0.334489822
    0.161674172 0.784246922 0.171113312 0.139214844 0.806259871
    0.107539028 0.00781458616 0.470714182 0.886591017 0.631165504
    0.956621349 0.327305257 0.0630222559 0.349781632 0.437385917
    0.41841346 0.604610085 0.602231562 0.0420423448 0.416657031
    0.0120787919 0.527277231 0.761170149 0.457403958 0.446013123
    0.898533344 0.820399642 0.236792803 0.910778284 0.19900322
    0.0651082695 0.629422069 0.568015933 0.532572806 0.61408025
    0.444909006 0.902599931 0.890810251 0.6563887 0.133707017
    0.607143939 0.0455447137 0.597048402 0.597030938 0.915353537
    0.858284652 0.120112866 0.952234626 0.246049404 0.818656683
    0.448485762 0.0453444421 0.34109807 0.630495548 0.986437678
    0.75731343 0.444298714 0.358669549 0.449925065 0.9733181 0.101694882
    0.661641598 0.212104887 0.930358529 0.263715476 0.146126926
    0.469195843 0.868256688 0.678551078 0.210035622 0.695067286
    0.252565622 0.00513961911 0.864883423 0.307382464 0.232112229
    0.617655456 0.568665028 0.941247463 0.605951965 0.164619505
    0.68781817 0.550434291 0.608222008 0.787823439 0.0123236179
    0.0161184072 0.494526029 0.214011848 0.609304845 0.187537313
    0.359904587 0.367865443 0.990743637 0.34132427 0.422762871
    0.857504785 0.0988574326 0.500624895 0.0613681674 0.0823583305
    0.810247898 0.017459929 0.0823097527 0.848490715 0.527575552
    0.350584149 0.307357132 0.440711111 0.580761433 0.802095175
    0.551079154 0.164158881 0.505486369 0.192097425 0.586672604
    0.137573451 0.33123377 0.153023928 0.343955576 0.986239433
    0.366621017 0.195147425 0.0670238435 0.670228779 0.380357504
    0.444016039 0.604777873 0.05699417 0.00442504883 0.476412833
    0.50322932 0.0722447634 0.00281620026 0.742942929 0.705551803
    0.0346517265 0.59299767 0.293069601 0.768963933 0.688263834
    0.179320723 0.236622542 0.339305758 0.638812244 0.25040555
    0.65576601 0.50906539 0.779906869 0.790315509 0.692523003
    0.672154188 0.640678465 0.386825085 0.380943775 0.580023289
    0.82886374 0.493771672 0.00952965021 0.579957485 0.748753071
    0.909766674 0.286747724 0.34994632 0.362230957 0.393100321
    0.392403513 0.735247731 0.170658559 0.231872439 0.0667972863
    0.10445556 0.311766595 0.525561988 0.936318636 0.610953093
    0.69411689 0.035066396 0.927396297 0.532252729 0.20077461 0.93892771
    0.0426314175 0.944168866 0.653223276 0.113036424 0.530682027
    0.524339676 0.844670773 0.420200914 0.484121501 0.596790493
    0.151113123 0.607584476 0.928364038 0.14109838 0.0135984421
    0.770985842 0.849272251 0.666574776 0.690190732 0.380165339
    0.758999944 0.0232716203 0.840345323 0.697489679 0.534287453
    0.0136504173 0.517372608 0.505323172 0.710677385 0.821530938
    0.359295875 0.255709648 0.103361338 0.690444171 0.407393515
    0.624493718 0.17184025 0.530200899 0.156338215 0.637984633
    0.0161223412 0.563631415 0.782088161 0.889071584 0.2351062
    0.867043614 0.711422086 0.903497875 0.587273836 0.720216632
    0.948255539 0.969379902 0.799327374 0.895447612 0.0832179487
    0.90899837 0.435308635 0.194827259 0.608748138 0.510270417
    0.410496324 0.23147577 0.00446540117 0.122758776 0.465476036
    0.800728202 0.285607398 0.857356727 0.248230219 0.0345848799
    0.792330563 0.0536904931 0.186506391 0.520169675 0.364970297
    0.566583812 0.315205336 0.923873961 0.223703682 0.692679226
    0.912952662 0.0589380562 0.382795513 0.970946431 0.680241466
    0.175144315 0.0407347977 0.201512098 0.28851673 0.20913139
    0.723545015 0.81392777 0.150160372 0.703351557 0.491230488
    0.558924317 0.0213629305 0.201492041 0.497086316 0.715996146
    0.0842936933 0.206582576 0.745439053 0.136206865 0.521662772
    0.883833289 0.858725905 0.111782908 0.475056231 0.604834378
    0.117426783 0.480843425 0.0743533969 0.592844546 0.355542064
    0.910808384 0.962991476 0.855749249 0.765583158 0.928141475
    0.915726423 0.0769088566 0.46381259 0.0813957155 0.319068223
    0.995766997 0.610228896 0.811010599 0.580332041 0.808681071
    0.223415524 0.80931443 0.563616574 0.929242015 0.95555222
    0.476823241 0.37011379 0.0420009196 0.71310848 0.954140961
    0.96804899 0.424082249 0.11433512 0.887227416 0.146166921
    0.640717506 0.967838407 0.911852539 0.221674263 0.0770556331
    0.0334827304 0.286044955 0.931480527 0.708880544 0.269251704
    0.886310399 0.710955322 0.229851276 0.915324748 0.0597717166
    0.602803409 0.309629351 0.364333808 0.736079335 0.366536766
    0.567263424 0.114872277 0.198429734 0.2972368 0.470231801
    0.908584714 0.82581377 0.168424845 0.531561494 0.686498582
    0.788245559 0.318429589 0.749419868 0.158005357 0.695247173
    0.142123789 0.792019367 0.530904353 0.688719273 0.595188737
    0.369743168 0.853933811 0.756032705 0.604608178 0.819896281
    0.567774892 0.0394022465 0.516634166 0.802291036 0.0239573121
    0.995409727 0.0331484079 0.603263736 0.717327058 0.199471891
    0.705851555 0.223813891 0.363407165 0.566419721 0.0528974831
    0.648602366 0.0021893084 0.753221631 0.175348371 0.727876723
    0.678720653 0.753633499 0.563718677 0.324046552 0.381713122
    0.752791762 0.17775321 0.326215178 0.440562099 0.919075906
    0.975144386 0.99043715 0.0213614106 0.336961478 0.246546149
    0.821033657 0.533995628 0.981337786 0.78479296 0.909653306
    0.313813686 0.478632271 0.894981861 0.618292689 0.295588762
    0.119547963 0.640999198 0.882836819 0.943258166 0.671093464
    0.718490124 0.903419137 0.297323644 0.0973402858 0.39231956
    0.243275225 0.662643075 0.758117557 0.570911467 0.694960952
    0.179417074 0.617007971 0.426099479 0.167302251 0.116080284
    0.899966359 0.758175731 0.948019624 0.958121955 0.489274114
    0.851207554 0.609834433 0.140958309 0.771810889 0.507756293
    0.895311952 0.85255456 0.443838567 0.910404921 0.402938843
    0.76579839 0.0414789319 0.330922484 0.972518563 0.946390629
    0.331556916 0.296053469 0.62672478 0.739397764 0.535602212
    0.176871479 0.0820230246 0.171262413 0.144906998 0.225408763
    0.808507323 0.622232318 0.214407861 0.33601433 0.349552989
    0.557685733 0.199204892 0.857504904 0.740672827 0.0732592344
    0.43864277 0.0314572453 0.402255237 0.4961721 0.935064793
    0.690504193 0.793038249 0.687210202 0.866387844 0.847915649
    0.451086789 0.545091093 0.0501255989 0.00390183926 0.264568746
    0.535126805 0.123375058 0.63937676 0.408472836 0.0226676464
    0.307331413 0.767042279 0.220144778 0.117314607 0.146207601
    0.219623417 0.745592117 0.784422874 0.663201749 0.420007646
    0.115934342 0.307550788 0.471058339 0.607398331 0.271139026
    0.620442748 0.327259898 0.858074188 0.77283597 0.418508649
    0.325417817 0.731600404 0.997726083 0.385151684 0.34155646
    0.0764920413 0.315321147 0.0888274014 0.304401875 0.381558001
    0.0692723989 0.837187767 0.414105177 0.556921124 0.954345703
    0.307363927 0.00955724716 0.070576787 0.942400575 0.042353332
    0.412120521 0.98077023 0.240658969 0.469216168 0.181239933
    0.0798050165 0.601657808 0.0594462156 0.702620208 0.229095161
    0.4608697 0.348106712 0.576542497 0.432748705 0.309725344
    0.361570954 0.627646208 0.949390888 0.808773279 0.385254264
    0.314751744 0.715837598 0.425009906 0.891607881 0.490836799
    0.280395389 0.0830438435 0.666124821 0.411879331 0.862800479
    0.865035474 0.866848826 0.456080794 0.0580317676 0.652674437
    0.157127291 0.0681023896 0.317100048 0.214968294 0.630341351
    0.793269098 0.661465347 0.412023425 0.414340675 0.157972485
    0.210520416 0.268945813 0.81882596 0.911722898 0.200590879
    0.973749876 0.142885655 0.64460206 0.362039536 0.436922163
    0.00176218152 0.0580145717 0.687232733 0.504034102 0.712146521
    0.883677959 0.332661092 0.695282459 0.771831393 0.948857188
    0.829152644 0.658928692 0.692305744 0.0852100253 0.375831217
    0.458765328 0.126172513 0.22951138 0.411881864 0.993570626
    0.493522018 0.16736415 0.804410934 0.461071789 0.105806708
    0.0723671019 0.37304765 0.987556577 0.0299399495 0.963761151
    0.0485997796 0.454889238 0.180367798 0.867116868 0.298623264
    0.235831529 0.884501457 0.906120896 0.380070835 0.451282889
    0.377974093 0.371713936 0.575029433 0.338021398 0.270996749
    0.235320657 0.66516155 0.5028826 0.0892712772 0.854040504
    0.942545176 0.100066662 0.384316385 0.413285851 0.597793341
    0.885899901 0.868333399 0.993157864 0.845129848 0.346887827
    0.340098828 0.527496457 0.954690456 0.242254376 0.691043496
    0.965081573 0.493497133 0.31109044 0.647459269 0.499486476
    0.613719523 0.451323986 0.359122038 0.0273714066 0.343165398
    0.516101718 0.545188427 0.147250026 0.421084523 0.942448974
    0.830487728 0.480467319 0.955860853 0.20405823 0.632745147
    0.112262577 0.401974261 0.0935104489 0.734226882 0.30331099
    0.523019016 0.56408453 0.84380722 0.340357035 0.33058548
    0.00103923678 0.178222567 0.120271504 0.65811336 0.44252196
    0.95112741 0.048175782 0.19489187 0.636454284 0.765051603
    0.875223517 0.508169413 0.147616833 0.327177286 0.792453289
    0.488490611 0.469033688 0.166315258 0.248776376 0.260291219
    0.0387955904 0.731722832 0.329999089 0.806289792 0.951628804
    0.375034243 0.603226781 0.927456915 0.624245226 0.409715056
    0.769056797 0.68436718 0.759146273 0.913236856 0.400375187 0.9122172
    0.336213797 0.577020049 0.748347998 0.454777658 0.643921256
    0.307915688 0.424979419 0.272729218 0.660501599 0.445118129
    0.973135114 0.612669706 0.482970148 0.710122347 0.347343624
    0.00641387701 0.713338971 0.894563913 0.552359819 0.294798195
    0.339483708 0.0719344318 0.0238871574 0.916690826 0.779497683
    0.438069761 0.972958088 0.192809463 0.230406076 0.422722757
    0.0216227174 0.617717922 0.615631044 0.411993057 0.880717754
    0.0794059336 0.652214289 0.0578525364 0.0208543837 0.84719491
    0.804554999 0.881675184 0.617520332 0.937996864 0.721131444
    0.104751438 0.482632488 0.59668535 0.738570213 0.367449403
    0.379441977 0.362084478 0.0549652576 0.874745131 0.147116095
    0.46315071 0.83210969 0.934874654 0.403363705 0.899422705
    0.962970257 0.545258641 0.0176417828 0.843469977 0.310462773
    0.191064864 0.0129235387 0.642649174 0.464639336 0.822039664
    0.912283778 0.534507155 0.166390419 0.966088533 0.900563598
    0.974541545 0.541104615 0.421407163 0.459312201 0.674723387
    0.36135602 0.541374326 0.545429587 0.982786059 0.190861255
    0.0266836882 0.52721566 0.665624142 0.84175694 0.80170989
    0.643720567 0.77538836 0.512565136 0.907042146 0.0899318755
    0.694063306 0.0830368996 0.857893586 0.263346255 0.13748309
    0.921115041 0.376948863 0.262826979 0.111342728 0.212728649
    0.340432763 0.847153127 0.81859082 0.637207031 0.644190371
    0.390292168 0.435418159 0.848318815 0.263796568 0.390041351
    0.506904006 0.232336104 0.754154384 0.0744536519 0.451898813
    0.0722588897 0.181175232 0.586567223 0.965722024 0.873924255
    0.773104072 0.797622979 0.381878167 0.739997745 0.022870332
    0.155930191 0.89434427 0.830460787 0.731693387 0.386493027
    0.790058732 0.565591693 0.344762564 0.982495546 0.894449472
    0.380212069 0.838439941 0.373146415 0.892731845 0.648522019
    0.802834392 0.834865928 0.498309672 0.903305769 0.806054473
    0.14620021 0.12258926 0.597427368 0.00267931819 0.0829942822
    0.572519302 0.884755731 0.0598209202 0.487202853 0.828666568
    0.539849222 0.528315961 0.982543409 0.930182815 0.345263481
    0.208181411 0.511856019 0.0832505524 0.917709529 0.987318635
    0.817590773 0.395772219 0.554902732 0.196746826 0.477926731
    0.00193893909 0.613234758 0.895493686 0.48042503 0.00939625502
    0.125608474 0.0101157725 0.502623439 0.353529572 0.143483788
    0.577970326 0.369024456 0.790592194 0.526257873 0.977980137
    0.296652347 0.610228121 0.731837988 0.256253839 0.464695543
    0.970447004 0.28896156 0.982057214 0.199018568 0.802326918
    0.625406981 0.810343981 0.377101898 0.669849217 0.0221337378
    0.518844843 0.75256145 0.0180491805 0.243409842 0.24431324
    0.0129703879 0.400633335 0.143776625 0.92581749 0.168175548
    0.23408106 0.184202701 0.672974706 0.40650624 0.394629985
    0.0883173347 0.925102353 0.501425624 0.371407747 0.20294106
    0.267343521 0.481460541 0.22304216 0.372695982 0.903646231
    0.0610379279 0.586241543 0.696096659 0.0276897848 0.858186007
    0.0754277706 0.462234318 0.173355192 0.746944487 0.436653495
    0.0230810046 0.0195215046 0.112149656 0.326036036 0.350297689
    0.88353014 0.138108313 0.926224589 0.368502498 0.488886029
    0.639651895 0.313762605 0.926499367 0.208375394 0.32914412
    0.168631405 0.307975054 0.850506306 0.236460567 0.51734668 0.5919379
    0.587111115 0.216942936 0.463989049 0.919248641 0.222607493
    0.290092677 0.875278354 0.212230772 0.411657214 0.176319271
    0.905826926 0.352891624 0.962946713 0.45224309 0.582651675
    0.895586848 0.701596022 0.716326714 0.618212461 0.728267312
    0.242229044 0.028054744 0.656020164 0.660403788 0.585229576
    0.529041409 0.535076499 0.705410898 0.585120618 0.224020422
    0.56226927 0.256754816 0.753780961 0.88664186 0.201541305
    0.799302101 0.563371062 0.856319666 0.589522302 0.681593776
    0.192862272 0.691262066 0.27960813 0.972239971 0.922793448
    0.733592391 0.201869994 0.706415474 0.123559147 0.228584915
    0.579191446 0.956800461 0.634659886 0.266868412 0.878194749
    0.00749772787 0.798618197 0.960142136 0.118022829 0.33063069
    0.0796651244 0.738132358 0.383295804 0.870237887 0.13173461
    0.377143949 0.876786947 0.904458642 0.74467361 0.156815261
    0.703723133 0.520617008 0.233311504 0.124883503 0.00172311068
    0.906615376 0.170967877 0.344022512 0.122579098 0.54166168
    0.623081207 0.529271483 0.627107918 0.084415406 0.943042219
    0.887962818 0.38036868 0.0198541582 0.8587448 0.33744356 0.838283658
    0.324766994 0.902763605 0.183403879 0.284380376 0.213639408
    0.943063974 0.328520596 0.0798646808 0.596381724 0.925167084
    0.556647837 0.451702952 0.393788904 0.0869516432 0.978327453
    0.482422739 0.273345053 0.547424495 0.148600221 0.386265129
    0.417522371 0.105059117 0.718061388 0.540644705 0.350614905
    0.571389019 0.628266335 0.8728652 0.337946355 0.735648096
    0.555624723 0.825851083 0.794575989 0.473481238 0.370292217
    0.578672707 0.369224906 0.00224986672 0.110183567 0.0574750602
    0.0179752111 0.625388145 0.838193774 0.421671927 0.0326234698
    0.902767301 0.032957375 0.512879729 0.407495469 0.101064414
    0.374919772 0.677709222 0.347784519 0.206089079 0.198563486
    0.615555584 0.536308944 0.305211008 0.901490271 0.544590354
    0.0856915414 0.0550663173 0.389323801 0.30079776 0.5025388
    0.491266668 0.871718884 0.0254594684 0.962833583 0.0277511179
    0.417163014 0.976008058 0.0520783663 0.999425471 0.21900925
    0.70430702 0.332491308 0.793970346 0.537913799 0.425637066
    0.263459802 0.555187523 0.126305163 0.792492747 0.242478818
    0.618380427 0.501416922 0.164575845 0.973548651 0.678788006
    0.632727921 0.620436847 0.438888043 0.0312058032 0.3351852
    0.561524689 0.46568051 0.391445458 0.292603344 0.351892442
    0.159253955 0.713962257 0.913460374 0.147727758 0.936995983
    0.726571739 0.960497975 0.821172237 0.452963591 0.646751106
    0.0893974602 0.113367915 0.283215582 0.690402269 0.514842212
    0.0159185827 0.976358473 0.334584296 0.97604394 0.672806919
    0.560064912 0.699183941 0.101882845 0.583466768 0.948092937
    0.705537736 0.492650151 0.319624096 0.800744295 0.239775479
    0.898821473 0.150473207 0.190261066 0.871856093 0.59506315
    0.510559678 0.205155462 0.420648754 0.88049221 0.760270357
    0.56501627 0.812394857 0.608055651 0.342455387 0.637123585
    0.75083971 0.633996785 0.581023812 0.0697233379 0.254366279
    0.878539205 0.236916542 0.419693887 0.219835788 0.075209111
    0.930359364 0.905605376 0.706823111 0.355372488 0.159244031
    0.186946452 0.0830003917 0.556677938 0.0725628436 0.00420406461
    0.857488036 0.507651091 0.713366807 0.769211292 0.682718754
    0.268229216 0.504581213 0.495775133 0.500024855 0.0210547745
    0.449992448 0.594292164 0.723574579 0.423447073 0.425688267
    0.421166241 0.255572647 0.712236106 0.186013222 0.292918086
    0.265975922 0.850808561 0.77223742 0.0828561485 0.767476916
    0.92888552 0.833592296 0.37767446 0.730121017 0.126407444
    0.791017294 0.482151836 0.483538002 0.12172541 0.0533321202
    0.538804889 0.276533425 0.939855456 0.756954968 0.786717474
    0.75488919 0.326996386 0.0220624208 0.108061463 0.687925696
    0.902402759 0.0808580816 0.0124677122 0.156494319 0.248607039
    0.685263276 0.752193332 0.759177446 0.265094638 0.612266243
    0.241544187 0.873939693 0.263111651 0.00452336669 0.583201408
    0.729019761 0.126120687 0.531506598 0.906133056 0.553185701
    0.390969813 0.0355867445 0.557894707 0.693594217 0.975257516
    0.119685769 0.278242826 0.777282 0.512707174 0.644010127 0.751735866
    0.927766919 0.291144431 0.551382899 0.249605626 0.954600692
    0.383195549 0.700114012 0.346282065 0.850768983 0.290335834
    0.314328223 0.721616149 0.751008928 0.576249063 0.926102757
    0.0488786697 0.0824712813 0.0384946465 0.794822097 0.677197158
    0.671555102 0.00819954276 0.477152139 0.10038206 0.28677702
    0.170061111 0.230764419 0.335498422 0.343764246 0.0464152694
    0.1323255 0.484649688 0.497987568 0.962035418 0.206886768 0.97466439
    0.365301907 0.134253174 0.00804585218 0.535663128 0.733257532
    0.0549761355 0.207933486 0.407015324 0.496092975 0.728612781
    0.244195044 0.484835625 0.95026356 0.700511754 0.346481472
    0.486114144 0.114743263 0.786448002 0.796247005 0.617874324
    0.171741515 0.397773921 0.0355463624 0.356550634 0.305998743
    0.803198874 0.757161617 0.858354568 0.434948206 0.213600904
    0.801149845 0.479094863 0.848673582 0.801300824 0.12690106
    0.916044235 0.827764988 0.440055698 0.935341597 0.852003336
    0.450900048 0.0449583828 0.756819487 0.814679146 0.856027722
    0.216177553 0.530216038 0.484002739 0.0780338347 0.310343444
    0.165621638 0.92921567 0.220398694 0.828134775 0.784219503
    0.705124199 0.511049628 0.959151804 0.758179545 0.940307617
    0.130661845 0.355742216 0.585651875 0.878852487 0.393831164
    0.416480392 0.0893690586 0.0274352133 0.810254693 0.827772617
    0.214605719 0.579143167 0.0790584385 0.853102326 0.351918638
    0.614006937 0.383842051 0.805120349 0.181444556 0.2214064
    0.208089381 0.634772182 0.0588694215 0.572629333 0.0283060968
    0.640029132 0.355976582 0.119234264 0.797551632 0.878136694
    0.872352123 0.465907246 0.0363933444 0.768058658 0.903979301
    0.39475739 0.219349146 0.784445107 0.691244066 0.651949465
    0.513350666 0.397817314 0.500091374 0.735726833 0.613316059
    0.585835755 0.957660615 0.675620019 0.809717059 0.574341297
    0.316175789 0.584198236 0.978692114 0.480687112 0.535898507
    0.679433703 0.0304082632 0.522482991 0.800632775 0.413201034
    0.116548896 0.414318532 0.18902874 0.682388604 0.922219872
    0.231782526 0.708134651 0.216281205 0.638727009 0.844025373
    0.307126284 0.157155156 0.307311118 0.587966204 0.532014966
    0.326827347 0.173626482 0.0755018294 0.782022059 0.977237403
    0.503249228 0.229682356 0.879635453 0.0766763985 0.556799114
    0.357813805 0.96840024 0.103678167 0.85886085 0.902613699
    0.940544248 0.0201754868 0.784083962 0.227325648 0.856278419
    0.192226112 0.59681201 0.159262419 0.776923776 0.772668719
    0.468096584 0.385297894 0.262177527 0.487604916 0.42589128
    0.00558921695 0.142514855 0.0840560794 0.573270261 0.278389513
    0.815214813 0.527736247 0.375444323 0.684723079 0.190767825
    0.0118743479 0.0245302916 0.789915204 0.259051621 0.0934509933
    0.789371848 0.251197696 0.292073309 0.812021434 0.524895549
    0.921350539 0.249158978 0.884215057 0.629420757 0.576555252
    0.999841452 0.0332040489 0.229986131 0.88762486 0.834656 0.33280921
    0.884852529 0.481589586 0.643672824 0.225568324 0.129327863
    0.260165304 0.310379565 0.540925503 0.148393631 0.666342735
    0.959933162 0.487722725 0.464785367 0.789832234 0.503718555
    0.0797930956 0.484226018 0.501897097 0.892173231 0.523126662
    0.79287231 0.830617666 0.422417104 0.00719076395 0.310194731
    0.261967719 0.756450295 0.324330986 0.747833967 0.686154902
    0.824544787 0.561461091 0.592972398 0.330888361 0.148480117
    0.463591218 0.574902415 0.599236667 0.492714375 0.132024378
    0.469382942 0.299885184 0.563105702 0.243357509 0.465884149
    0.632939517 0.835569322 0.592310488 0.311614901 0.0862667859
    0.283645511 0.942238569 0.893274665 0.382405281 0.67935288
    0.403777778 0.766010106 0.414001107 0.775951743 0.25626266
    0.634861767 0.466491908 0.352564067 0.643463373 0.13439101
    0.743136883 0.872144938 0.815554142 0.776477754 0.855005026
    0.351835787 0.901194513 0.00424391031 0.823556244 0.494971097
    0.830994248 0.319348752 0.833844304 0.536590636 0.305618763
    0.890471578 0.613366246 0.43192333 0.665280044 0.29359436
    0.209424883 0.451465398 0.0451236367 0.180903018 0.0525368154
    0.258036613 0.153692514 0.110786766 0.540626526 0.54905051
    0.00669208169 0.634064317 0.520308018 0.191280425 0.132680476
    0.68941009 0.587856352 0.748954892 0.609334052 0.48829174
    0.672965527 0.266058207 0.585096657 0.198874921 0.0541481376
    0.057066679 0.0446369648 0.255980879 0.647096515 0.647359848
    0.186298609 0.156928539 0.706548393 0.844041228 0.0864043534
    0.754731596 0.131774098 0.425892413 0.183331579 0.840519667
    0.737174213 0.143823653 0.580866814 0.8861022 0.582561135 0.29721576
    0.895090818 0.246612698 0.782923222 0.830724835 0.298327863
    0.52323544 0.523371756 0.890891492 0.501000524 0.871184826
    0.00587007403 0.166457415 0.125503391 0.0904428959 0.565389633
    0.76668334 0.693438649 0.990663052 0.257181823 0.85842979 0.52042836
    0.413458705 0.966549993 0.27415213 0.952862024 0.31923297
    0.401998252 0.0157776773 0.922468066 0.00611385703 0.55643791
    0.920417368 0.653928995 0.916503787 0.375125676 0.607830882
    0.380461633 0.79796958 0.0696057975 0.580757499 0.798807979
    0.3424927 0.643114924 0.899205446 0.00446325541 0.400243521
    0.494217008 0.665242314 0.528541803 0.552568972 0.058899492
    0.0745067 0.266581416 0.873494506 0.499267995 0.419938684
    0.145576209 0.511209786 0.733763874 0.7073282 0.152291417
    0.856941879 0.638976395 0.686725795 0.764542103 0.759447575
    0.878353655 0.601335704 0.319662213 0.370645523 0.713604569
    0.60377413 0.985234976 0.104152083 0.582271814 0.967935324
    0.575304627 0.291348666 0.263281524 0.383602202 0.253378212
    0.755852163 0.996513724 0.517333567 0.372025132 0.0613529384
    0.815047443 0.831215441 0.579938829 0.862836957 0.0461018085
    0.782654464 0.0360830426 0.619133115 0.362951159 0.162113637
    0.313749194 0.359964311 0.588427901 0.804354548 0.903624713
    0.035669744 0.722473502 0.817307115 0.391233563 0.396591336
    0.792138696 0.243884951 0.320367873 0.602246225 0.466585547
    0.8837111 0.737289548 0.75555855 0.00596994162 0.643908322
    0.442578077 0.453107983 0.981521249 0.979844213 0.547152519
    0.618567646 0.34570536 0.524083853 0.280562997 0.776128769
    0.454384983 0.663326681 0.232722938 0.226799756 0.825464487
    0.484290242 0.655945063 0.601083517 0.00552353263 0.420110643
    0.764180899 0.439438254 0.631678462 0.290217251 0.0994515121
    0.889779747 0.702191114 0.28253448 0.153994501 0.565873921
    0.346115381 0.717265248 0.639338374 0.558398604 0.925790608
    0.810221314 0.827494919 0.619029045 0.292643666 0.501302838
    0.872232497 0.220554739 0.00468209386 0.310305715 0.211137176
    0.537332654 0.924680948 0.251272917 0.960649908 0.780542016
    0.192604572 0.841847897 0.0717366338 0.862905264 0.615415514
    0.9757514 0.850038171 0.954351664 0.35744378 0.525111794 0.819635332
    0.141029835 0.493558496 0.632617593 0.489421248 0.264562517
    0.00942534208 0.505911827 0.93215847 0.668838203 0.473633885
    0.849205136 0.732460022 0.976609945 0.339664876 0.78263557
    0.982063711 0.573164344 0.943866372 0.450020105 0.710973442
    0.898321688 0.924953222 0.204570204 0.983006895 0.0530234277
    0.332715988 0.993186235 0.616333663 0.0279569924 0.0361640751
    0.477962196 0.0507106185 0.816819549 0.784096539 0.0358524919
    0.61398077 0.044320792 0.648032188 0.797106683 0.839487612
    0.201783836 0.168670446 0.698167324 0.207308859 0.739010692
    0.271749794 0.38011688 0.0806759 0.94434917 0.691799164 0.0871752501
    0.310093284 0.85731554 0.0894337296 0.561886549 0.919641852
    0.163849771 0.420139939 0.281774879 0.0999679267 0.584593952
    0.617734134 0.298793048 0.932017803 0.175494343 0.37666887
    0.899981856 0.659373641 0.833241522 0.290869921 0.417208403
    0.328098714 0.626971006 0.232243657 0.320475429 0.42373386
    0.598738194 0.656074405 0.956947982 0.439321816 0.0301225781
    0.698732793 0.678647161 0.911637902 0.284138858 0.382903069
    0.414444596 0.768426895 0.15308848 0.318431795 0.897865474 0.589203
    0.849171519 0.521760881 0.557608545 0.778332233 0.9747895
    0.0991796255 0.375445426 0.970967412 0.463329375 0.493119955
    0.34370029 0.609315455 0.87351054 0.441365957 0.441730917
    0.0156966746 0.161684871 0.88991642 0.4864375 0.112645924
    0.519457579 0.308229715 0.872950315 0.452739924 0.590276301
    0.250127375 0.248302281 0.1352624 0.374162674 0.722104132
    0.614439547 0.675293684 0.837028623 0.563404024 0.24174124
    0.559321463 0.814248681 0.277076721 0.00576129556 0.226752639
    0.0250641108 0.0638386607 0.351836443 0.0992359817 0.731774271
    0.0117972195 0.873778701 0.352828145 0.961370587 0.398122609
    0.744557202 0.0360870957 0.0269866288 0.282275259 0.0595833957
    0.346587479 0.411056101 0.908363461 0.0195178688 0.746256948
    0.288660407 0.0137777627 0.134444386 0.74363941 0.825346231
    0.282315969 0.975569844 0.259061962 0.503486753 0.811747193
    0.376990676 0.396077275 0.733255565 0.503719807 0.194351196
    0.811292708 0.332947612 0.983960629 0.648999274 0.613675058
    0.188503593 0.443669885 0.151400566 0.38263613 0.721331358
    0.124781311 0.44077459 0.071385026 0.0958801806 0.597038209
    0.547655225 0.515352488 0.862532854 0.766170859 0.162261546
    0.106198996 0.669239104 0.0946397781 0.757700562 0.23134318
    0.876350999 0.0851820707 0.0325619876 0.414874822 0.489926904
    0.519963503 0.193624407 0.656557441 0.970379889 0.613259315
    0.484460086 0.33429563 0.953846395 0.815165877 0.503381371
    0.376790106 0.907006383 0.970661819 0.755068779 0.416666597
    0.565240979 0.105339736 0.918598056 0.269952536 0.703417897
    0.766427636 0.599310875 0.825491369 0.572586894 0.536874413
    0.836947799 0.827588558 0.873274684 0.603625894 0.83104372
    0.11318928 0.26209414 0.886290073 0.148922086 0.780350506
    0.821086884 0.403128564 0.655714154 0.0584783852 0.453101724
    0.245802522 0.116926908 0.140061259 0.0201182067 0.392580003
    0.138856858 0.634383678 0.67726928 0.571558297 0.900870204
    0.697867274 0.354140401 0.393496394 0.506242931 0.775793791
    0.168946236 0.529296815 0.753950238 0.858499289 0.52450788
    0.814262629 0.153932333 0.133015871 0.107366592 0.306336313
    0.659639299 0.253527373 0.171101063 0.739742875 0.727865756
    0.456733882 0.928200424 0.348798811 0.36866653 0.396375269
    0.627547443 0.161296844 0.303031594 0.593708634 0.347416401
    0.0401637256 0.42944783 0.278488696 0.234833866 0.694647491
    0.24342224 0.432538003 0.0961460173 0.811161637 0.23958829
    0.24496156 0.14791593 0.796590447 0.636592627 0.494565278
    0.0129770637 0.497530103 0.105580479 0.446206957 0.859562397
    0.479981124 0.754202962 0.355576873 0.00369486213 0.572163999
    0.136814564 0.143846065 0.824942052 0.718354106 0.623064041
    0.113162965 0.106213629 0.984687448 0.634576082 0.282459646
    0.795097232 0.468628675 0.686399639 0.614129782 0.655296683
    0.677184701 0.966510236 0.260255098 0.867881775 0.554840147
    0.972840846 0.900342584 0.225268334 0.333176374 0.720871508
    0.832116842 0.322013855 0.963498712 0.399040163 0.95217526
    0.138235629 0.906613588 0.390672743 0.0399440527 0.317635596
    0.644402862 0.792770505 0.39565438 0.682705224 0.00382092595
    0.116976202 0.400165915 0.314508677 0.147323966 0.866826236
    0.307490796 0.0440426171 0.051659435 0.41183725 0.548017263
    0.562205195 0.302749693 0.872219801 0.922759533 0.477498055
    0.0515126586 0.497945726 0.965591133 0.0171979368 0.643725514
    0.926568031 0.464435697 0.519055068 0.940430284 0.195250511
    0.886528373 0.0666516423 0.929199219 0.267976314 0.611303687
    0.370915592 0.894515991 0.0873510838 0.87942028 0.717994809
    0.625960469 0.472138256 0.387003928 0.521605432 0.05018574
    0.782251954 0.387665868 0.327402413 0.684099913 0.829271436
    0.851942897 0.216708541 0.317099452 0.490683943 0.4368532
    0.0116263628 0.888718724 0.367087692 0.297699928 0.830536485
    0.73255533 0.757716298 0.789685845 0.638363361 0.425717264
    0.876075089 0.530901551 0.648271501 0.948649645 0.610743523
    0.794570565 0.73483932 0.334144443 0.358626306 0.372592866
    0.891180396 0.586239219 0.142659545 0.375066966 0.269357085
    0.116206288 0.98025167 0.787828863 0.146733612 0.134405166
    0.73518604 0.0752957463 0.626081824 0.459809065 0.118841767
    0.690747023 0.10889408 0.0702352226 0.560426235 0.0672175288
    0.556885719 0.329968989 0.746985435 0.816270947 0.600704312
    0.200359732 0.2158252 0.997284889 0.719359756 0.5615381 0.486769497
    0.739890337 0.455243707 0.570105255 0.935764432 0.969597995
    0.709213138 0.581871629 0.772204876 0.452729911 0.985127985
    0.655510306 0.297725856 0.0573083162 0.980522871 0.247804791
    0.0566076338 0.667511404 0.756353617 0.767892182 0.828151405
    0.306738377 0.610182285 0.48281011 0.644778132 0.111397564
    0.0465713739 0.230984479 0.94865644 0.583805382 0.172109962
    0.055298388 0.977302909 0.701071918 0.361502647 0.280129761
    0.990619302 0.658766389 0.0754695833 0.449597836 0.862905324
    0.0766893625 0.335425854 0.794538617 0.843113363 0.434012234
    0.846725881 0.803726017 0.37371555 0.569330454 0.601807892
    0.697952986 0.514419973 0.320767611 0.274544656 0.0179853439
    0.533716559 0.278214335 0.0355805159 0.725916564 0.112435162
    0.796565056 0.669564486 0.165729135 0.952910542 0.0330739319
    0.300109565 0.250240117 0.282769024 0.463227332 0.653514981
    0.211380482 0.201279789 0.779036164 0.418607056 0.035713166
    0.634364843 0.0951565504 0.427320629 0.862342358 0.451789379
    0.776656985 0.868024826 0.185055882 0.657288313 0.763726532
    0.29723981 0.0392715931 0.413357437 0.0317738056 0.711874485
    0.595576644 0.472874075 0.372622609 0.221064478 0.432216555
    0.559853852 0.94095999 0.698812425 0.209387034 0.8259027 0.43315345
    0.125704378 0.543550193 0.438364029 0.713628352 0.767987013
    0.696606219 0.828708887 0.541769445 0.248815745 0.744832337
    0.894387603 0.95342648 0.801616788 0.417678297 0.937592804
    0.497800291 0.94193387 0.0408614576 0.652060091 0.257787466
    0.108359843 0.427640736 0.787694931 0.0567946136 0.472253442
    0.11835593 0.112009674 0.587168038 0.486836106 0.766121745
    0.535197914 0.185496718 0.954648674 0.797778904 0.869225323
    0.583226502 0.718378544 0.601872981 0.169884086 0.605146468
    0.102073491 0.273728848 0.0513928533 0.797397673 0.644401908
    0.174525559 0.52797848 0.504596293 0.360764265 0.973266125
    0.831158519 0.481935263 0.517376125 0.300249696 0.837816119
    0.617096007 0.682240009 0.453155339 0.572009802 0.228592724
    0.479259491 0.935441375 0.350450486 0.0570622087 0.428483248
    0.576253116 0.239837855 0.194069773 0.397037923 0.812105179
    0.663073003 0.0138010681 0.554658532 0.994452357 0.571367145
    0.954953551 0.366534591 0.499665886 0.29913947 0.0187194645
    0.940534353 0.389059573 0.73861587 0.31537205 0.912996233
    0.360511959 0.318042457 0.774319232 0.0302738845 0.478611648
    0.583980918 0.853026986 0.996015072 0.932432294 0.0592629313
    0.638106942 0.522184789 0.987012088 0.848285198 0.268613487
    0.702473402 0.158941001 0.36811319 0.0278088748 0.619586349
    0.170033932 0.432983398 0.707999468 0.298235595 0.901762903
    0.357490063 0.558342814 0.713868022 0.170790762 0.0645087659
    0.312445521 0.344663799 0.273889601 0.834300458 0.139433384
    0.535902441 0.816247821 0.838758469 0.601904988 0.129354239
    0.0395568311 0.135174364 0.12408939 0.186056972 0.7062217
    0.146483451 0.675529599 0.251617849 0.455565244 0.740375578
    0.0572184324 0.446773767 0.563504577 0.449747652 0.116538465
    0.362487316 0.361321688 0.192838401 0.395928681 0.277502775
    0.691051304 0.436180979 0.504470229 0.892074704 0.988343477
    0.0815697908 0.805936754 0.208409339 0.435240239 0.359140396
    0.820530176 0.852821529 0.850878119 0.416770577 0.966402531
    0.853423595 0.803159058 0.0998710096 0.0921735168 0.963373423
    0.709853292 0.400265902 0.852418423 0.071315527 0.604635298
    0.608201265 0.706809044 0.540686369 0.0535168052 0.48284471
    0.629008949 0.487967461 0.597894013 0.556784153 0.561651409
    0.664099932 0.547585547 0.945809841 0.382507652 0.263703883
    0.276007354 0.24908492 0.00358831882 0.632089734 0.494582206
    0.664202929 0.919969797 0.9489851 0.789975584 0.491478294
    0.545096636 0.780105948 0.0371543169 0.215062767 0.509916604
    0.578764439 0.747689426 0.0332593918 0.373209238 0.75445801
    0.329729497 0.577295959 0.42159155 0.39913702 0.936162531
    0.223597586 0.543796837 0.210819811 0.392446309 0.612733662
    0.480199426 0.731431007 0.0305475593 0.37578994 0.3626104
    0.096002847 0.118021905 0.926660299 0.759943485 0.29124552
    0.476074725 0.999263287 0.898388505 0.590654492 0.554094017
    0.429308176 0.879346669 0.805224895 0.590314925 0.346123219
    0.480712473 0.915672898 0.838859916 0.337290317 0.227300823
    0.145468205 0.0901694298 0.272340655 0.893556952 0.479426235
    0.164980978 0.103540033 0.104516178 0.858819366 0.836236715
    0.67145443 0.351979256 0.649125934 0.49516353 0.812884927
    0.714414895 0.403165221 0.284904212 0.926949978 0.590746105
    0.181574196 0.282448053 0.288163841 0.67619276 0.0332208574
    0.0751852989 0.496765316 0.300001502 0.0619598031 0.190745413
    0.883875906 0.82164979 0.522761524 0.654199481 0.312972665
    0.643969417 0.538713336 0.62224412 0.0680800676 0.768862486
    0.893685579 0.114739239 0.740886986 0.871824026 0.708902359
    0.714356065 0.945177078 0.510322571 0.484602332 0.142392218
    0.0697269738 0.994153976 0.200322896 0.699290037 0.942113042
    0.750760853 0.894138098 0.0042694211 0.51775825 0.38390094
    0.0716121793 0.9041816 0.725927234 0.121268362 0.774631739
    0.576050878 0.361005425 0.182689428 0.327293694 0.91510582
    0.37145102 0.726021528 0.983951807 0.960007846 0.745247543
    0.0072286129 0.307980001 0.308440298 0.213292152 0.662124753
    0.346948504 0.192872792 0.188822836 0.964211464 0.0708380044
    0.994905949 0.982314229 0.343551695 0.16724062 0.982882261
    0.276843518 0.929665565 0.798966467 0.0960618556 0.184220076
    0.746265531 0.435932994 0.882075429 0.928744674 0.488788456
    0.822648048 0.0309508443 0.244638264 0.877030194 0.251164734
    0.450195134 0.464342624 0.300822258 0.612804294 0.102723688
    0.583423913 0.345564574 0.13226679 0.579684615 0.546221375
    0.322766602 0.63081646 0.591278017 0.886523485 0.0582342148
    0.665337682 0.309333086 0.0685514212 0.887557626 0.587680697
    0.858929455 0.0288254917 0.154993802 0.844403923 0.651730597
    0.668416262 0.0710284114 0.774984479 0.461181462 0.276732743
    0.463248938 0.252379954 0.0372976959 0.257166147 0.602517188
    0.563232005 0.729894876 0.897111177 0.0298802853 0.325643629
    0.164560586 0.901419401 0.768306971 0.624485552 0.326730847
    0.150597751 0.671625376 0.760919809 0.81394738 0.40951407
    0.996782064 0.197194368 0.502555013 0.164646208 0.242032081
    0.662563801 0.566109538 0.503922999 0.755538642 0.290923417
    0.535697281 0.823980987 0.77709794 0.587861657 0.445534527
    0.154845327 0.949715614 0.905798197 0.0957270265 0.214837462
    0.0425668955 0.694154918 0.575656474 0.577408791 0.981927991
    0.215586603 0.078365922 0.157833397 0.0379658043 0.720294595
    0.585705757 0.672242641 0.318647742 0.233163923 0.282425493
    0.771125555 0.195174664 0.342203259 0.867738962 0.341857105
    0.88787365 0.0169662237 0.185752273 0.481694192 0.12011826
    0.571338773 0.943637133 0.0653623939 0.742066681 0.906625271
    0.780004382 0.776375294 0.578600049 0.0833030045 0.147347748
    0.830679893 0.055098772 0.327667892 0.498286754 0.17774266
    0.618067443 0.871955335 0.48616603 0.711521149 0.0812195837
    0.885264754 0.615670502 0.432507992 0.364061981 0.623841584
    0.808001816 0.378384143 0.600519836 0.712243855 0.0692144334
    0.150050342 0.540364861 0.388008416 0.71318388 0.541571021
    0.435897708 0.950693488 0.0529715419 0.184549361 0.660016954
    0.445686609 0.109350115 0.771663845 0.935810328 0.460154533
    0.297315866 0.476849884 0.0485048592 0.307753056 0.804537475
    0.0775165856 0.543217242 0.300577313 0.12706694 0.816597104
    0.558819294 0.239958584 0.00318294764 0.994975567 0.883056581
    0.47723484 0.196472943 0.476762414 0.28559649 0.623833358
    0.201704949 0.344554663 0.91960156 0.541859388 0.457374573
    0.770419121 0.201669604 0.534489572 0.857789636 0.635136485
    0.841139913 0.417460918 0.993561625 0.411406696 0.46363163
    0.496057838 0.576789081 0.101664722 0.47553584 0.856198788
    0.514225185 0.967413306 0.0469262004 0.387887597 0.249908805
    0.872652054 0.351319492 0.708512664 0.700120091 0.0675324798
    0.309535623 0.54636085 0.245775372 0.515483856 0.0804963112
    0.527046263 0.936316252 0.921508968 0.569473386 0.979902029
    0.806921065 0.785018563 0.409839988 0.0853316188 0.852656722
    0.632010937 0.439750761 0.634447336 0.0464259386 0.642642975
    0.167498469 0.685212851 0.711875737 0.794329047 0.533579111
    0.207413614 0.413359612 0.142892569 0.490915209 0.732260346
    0.758857012 0.513807833 0.0824806094 0.089443326 0.250288367
    0.696399212 0.451866567 0.871161819 0.320138037 0.232462615
    0.54054749 0.614066005 0.429140568 0.640719295 0.24376142
    0.649515808 0.459499031 0.860941052 0.325196385 0.369418859
    0.129898667 0.0435278416 0.589233339 0.0529690087 0.794681072
    0.976343095 0.0576040745 0.738288701 0.646696687 0.693085194
    0.0620530546 0.555550873 0.573801517 0.999391735 0.0670504868
    0.64301002 0.245047152 0.889208436 0.914506197 0.492911011
    0.46822679 0.915544391 0.204428345 0.279051602 0.155666679
    0.662908971 0.151406884 0.721566916 0.496614039 0.806229234
    0.819765568 0.339636922 0.74607408 0.280159891 0.7102198 0.259343326
    0.518989086 0.00624465942 0.352578938 0.33665061 0.90881598
    0.464112043 0.159623981 0.650249898 0.186171979 0.668070793
    0.894192815 0.769864798 0.721384645 0.554959774 0.0787785947
    0.114359021 0.689222336 0.401131094 0.0311434567 0.606604934
    0.704967558 0.543449938 0.344164371 0.115375876 0.541536093
    0.822919726 0.0229200125 0.553179085 0.507932663 0.0765219331
    0.31677103 0.745879769 0.00189203024 0.249559551 0.71961534
    0.534264565 0.682253897 0.425511599 0.769680262 0.98742044
    0.244873136 0.703883886 0.155007452 0.563950419 0.61602509
    0.00440776348 0.0307099819 0.575344682 0.500497282 0.400525689
    0.288553506 0.62929213 0.215844452 0.843874037 0.108913004
    0.194691896 0.980690718 0.907154381 0.363412589 0.518856347
    0.448640436 0.501489639 0.563227296 0.706405222 0.220365733
    0.65757823 0.239370912 0.17023021 0.790829062 0.677009225
    0.336625129 0.798929036 0.964495957 0.178811878 0.639660001
    0.993520856 0.779887557 0.404159546 0.438194394 0.501048863
    0.936328411 0.10755527 0.121772915 0.271487713 0.912456274
    0.475212038 0.284860611 0.72170049 0.687113166 0.119616717
    0.93582356 0.250397623 0.284867644 0.114756405 0.00449055433
    0.134808332 0.640839636 0.0275222063 0.421645403 0.911545277
    0.376597971 0.512262762 0.38938427 0.303448558 0.874196291
    0.749716759 0.983656406 0.916677952 0.557969213 0.809945345
    0.664806843 0.137657642 0.906086385 0.809379041 0.963843942
    0.0628474951 0.294114769 0.222600758 0.916508019 0.597377419
    0.585761428 0.361844242 0.496535867 0.0276503861 0.937888026
    0.993509114 0.1125485 0.57273376 0.0942363739 0.389181972
    0.102866888 0.147991985 0.968132615 0.0960179865 0.384221286
    0.41620183 0.505232334 0.68990016 0.572122216 0.289720446
    0.708547711 0.600174844 0.652602673 0.351154804 0.575920641
    0.630005717 0.0331437886 0.239233524 0.928110242 0.176456988
    0.0739555061 0.713552117 0.0596371591 0.831938386 0.261354268
    0.33470577 0.0234121382 0.855447531 0.265470833 0.403799355
    0.420282722 0.288761079 0.719430327 0.950573206 0.414159149
    0.297128886 0.816599727 0.159433126 0.343993992 0.602802396
    0.979612529 0.135078669 0.931867003 0.544554889 0.181198478
    0.248439699 0.254781127 0.533822 0.793569565 0.288257897 0.893808365
    0.617392361 0.130588531 0.425928235 0.325209469 0.0236565173
    0.117448479 0.983571708 0.394998342 0.755750179 0.146633923
    0.954377055 0.178660691 0.580518663 0.931822062 0.466729283
    0.878055453 0.732200563 0.000475555658 0.301289201 0.929236412
    0.0359648466 0.0641240776 0.775189519 0.852176249 0.174981207
    0.938633144 0.807450414 0.843163848 0.861772239 0.578778684
    0.812902749 0.223726958 0.670487642 0.03142941 0.814531088
    0.00968444347 0.952718973 0.839802444 0.989467621 0.408971786
    0.609086692 0.0226216316 0.0163898766 0.675572455 0.0060275197
    0.480864435 0.368877172 0.441932142 0.161928922 0.0914954245
    0.81187588 0.315670848 0.926240802 0.949804306 0.243440807
    0.839865565 0.000520139933 0.0987331569 0.68645066 0.232230395
    0.135302752 0.47166425 0.408084393 0.460731804 0.597405851
    0.0380410552 0.597747087 0.709000826 0.553216398 0.836828172
    0.357849568 0.0748062432 0.0156992376 0.849232852 0.0573017001
    0.3636204 0.423028171 0.576489449 0.834153533 0.359841019
    0.832019866 0.877041936 0.625880778 0.579197049 0.31143266
    0.0839354694 0.0132551789 0.999480486 0.178326547 0.700894296
    0.482327849 0.908055663 0.00234416127 0.614962935 0.987229705
    0.336325884 0.999022484 0.378242791 0.743328214 0.409753114
    0.645858109 0.339044064 0.866153359 0.15914306 0.451426327
    0.813108146 0.860416412 0.128053874 0.810171843 0.327143103
    0.494729578 0.933827639 0.102274477 0.972647905 0.543586433
    0.16820839 0.505740941 0.897195935 0.24055475 0.240913332
    0.223912835 0.605017364 0.0823682547 0.258161485 0.491733402
    0.171651006 0.226746202 0.413643241 0.602518559 0.34998703
    0.117077619 0.03703475 0.180046469 0.532695234 0.0264326632
    0.736604393 0.612970769 0.180167139 0.88291961 0.630323172
    0.531808913 0.126991987 0.800048292 0.922536552 0.994866848
    0.775710821 0.00293621421 0.794673026 0.382027328 0.0644013584
    0.909177065 0.70980674 0.209158957 0.224747121 0.723559439
    0.174767137 0.178617358 0.147482216 0.97482127 0.125766248
    0.174953699 0.633421719 0.0410188437 0.18208307 0.161291391
    0.427182257 0.020697087 0.0786624849 0.504063547 0.95433414
    0.371489704 0.491971165 0.220687538 0.147051126 0.273933113
    0.180982143 0.513764501 0.695659637 0.817952216 0.135886163
    0.263279021 0.896675825 0.742953897 0.37391904 0.802802563
    0.313904822 0.749695301 0.123518854 0.223375529 0.788653374
    0.164206475 0.994189739 0.611322999 0.0542126298 0.969918251
    0.781598449 0.664503276 0.573551834 0.103160203 0.910612643
    0.64410919 0.475348711 0.691978812 0.0678307414 0.164809793
    0.553331017 0.333003372 0.760597229 0.745656013 0.86534065
    0.0680552125 0.933019817 0.16828841 0.0817365348 0.654657483
    0.630605817 0.902108073 0.162470937 0.346143097 0.432104945
    0.524034619 0.994725943 0.715354621 0.591273427 0.476288736
    0.558098853 0.806569576 0.521380663 0.680824041 0.89270103
    0.93444699 0.136078954 0.0129145682 0.353060305 0.18586114
    0.99818337 0.478568017 0.368596017 0.427182108 0.72451055 0.13230744
    0.69261086 0.0603511631 0.994655609 0.699512064 0.676828742
    0.434995532 0.333087385 0.130237609 0.102781564 0.115265906
    0.356504977 0.627719522 0.654675484 0.575364649 0.810300827
    0.795377016 0.748329282 0.855993688 0.650273561 0.309367925
    0.505833209 0.68862623 0.815258801 0.384801924 0.00402244925
    0.0726688802 0.655359209 0.979910791 0.625253737 0.694345653
    0.688569188 0.558924377 0.946858823 0.839217424 0.525723398
    0.295823663 0.96141696 0.161204815 0.0824604928 0.755547285
    0.755329132 0.714940071 0.784733176 0.511514366 0.794635773
    0.938400209 0.951164722 0.949030638 0.711864352 0.54429388
    0.616198599 0.247927666 0.778228164 0.842076063 0.562284768
    0.235388726 0.227975249 0.301832676 0.813263953 0.227947384
    0.775111437 0.407606184 0.798390627 0.873913527 0.076235801
    0.225725621 0.312743694 0.903915167 0.893680573 0.257842064
    0.333848238 0.666792512 0.602471709 0.251847625 0.297544152
    0.965932846 0.492214441 0.911606133 0.797461987 0.0716222525
    0.576420724 0.975248218 0.862874985 0.673285842 0.926611125
    0.934782743 0.591286719 0.117626756 0.667559981 0.191616684
    0.684647977 0.969684005 0.49112919 0.527359009 0.0279041827
    0.571883798 0.10544008 0.496122926 0.734530926 0.759617686
    0.816652715 0.639886498 0.267987281 0.587238073 0.205857217
    0.18554607 0.894455671 0.570292473 0.453603715 0.707749009
    0.969005108 0.195439368 0.269544125 0.808610082 0.117376328
    0.868197024 0.274170578 0.0686010718 0.533691525 0.969150186
    0.363361955 0.905445218 0.845123172 0.954702139 0.782014847
    0.593727887 0.789634407 0.797590852 0.149475068 0.304988474
    0.912200689 0.202230304 0.0735910833 0.883117437 0.390426338
    0.693445802 0.852535725 0.523730636 0.00943812728 0.382636547
    0.102919698 0.912653267 0.34400177 0.675943792 0.990834713
    0.584113836 0.65889138 0.636343181 0.0736871362 0.378717095
    0.828086495 0.164405793 0.44939816 0.747060299 0.588138998
    0.798198342 0.574179411 0.114081353 0.672271252 0.555600464
    0.171536744 0.841938615 0.780927181 0.0987760425 0.259883702
    0.442810953 0.441697091 0.713259101 0.0724368095 0.807989955
    0.023863256 0.0387049913 0.47534889 0.908956289 0.0676920414
    0.895632386 0.945126772 0.797030628 0.337065935 0.230592728
    0.300288022 0.0106371939 0.447712064 0.407227486 0.746712387
    0.915000021 0.578842402 0.976850927 0.92580235 0.691352129
    0.971378326 0.577945173 0.0768964291 0.995817304 0.146677434
    0.454274893 0.999109566 0.81951642 0.480023474 0.124558538
    0.874729335 0.662522733 0.883321047 0.203379214 0.543131769
    0.112173319 0.0118303001 0.511332631 0.614407659 0.156333327
    0.263284564 0.0615577102 0.265612692 0.146417558 0.429457098
    0.398236722 0.964963496 0.792296529 0.844668448 0.658052623
    0.0454976857 0.439514577 0.566955566 0.516633749 0.643202841
    0.288069367 0.360839814 0.540689647 0.428481698 0.726633549
    0.479334265 0.0691130459 0.534831285 0.491448492 0.797355831
    0.343961388 0.81110549 0.626358151 0.979779005 0.958182693
    0.221205026 0.57800585 0.319779813 0.661976516 0.170800239
    0.201013684 0.367211103 0.206722379 0.535642564 0.535158396
    0.587924957 0.866571188 0.112635583 0.0201343 0.493206531
    0.679267406 0.0520258546 0.54274869 0.276510775 0.460116416
    0.587150991 0.855963469 0.712656856 0.824993849 0.592740655
    0.566557109 0.428692222 0.445207804 0.601792216 0.792597234
    0.298159271 0.682041645 0.506890178 0.0421945453 0.279320359
    0.0588010252 0.403403044 0.62057066 0.847394466 0.91195935
    0.0532358587 0.726583719 0.810865283 0.76104629 0.907792211
    0.621752024 0.656294823 0.619090617 0.997413337 0.425234467
    0.168448567 0.631327271 0.898046613 0.420673937 0.862003088
    0.870571792 0.648682952 0.314754069 0.35400179 0.00665998459
    0.202499837 0.260809481 0.524089277 0.577540338 0.788423359
    0.67164582 0.577139735 0.839767337 0.298740923 0.709636092
    0.753137529 0.72835201 0.732529104 0.593313456 0.838150501
    0.660313725 0.357527614 0.555592895 0.303369522 0.5005427
    0.295627773 0.668470025 0.972537041 0.813933611 0.9004969
    0.362692952 0.691783667 0.961473942 0.803951085 0.138513058
    0.999266386 0.812572241 0.41968143 0.5434286 0.760053813 0.416104794
    0.435687989 0.508486509 0.521562815 0.555065572 0.353540063
    0.560832322 0.939463377 0.467538148 0.827629805 0.283650935
    0.650116086 0.464912504 0.0274673402 0.965277433 0.601065934
    0.38181901 0.316939414 0.101334095 0.363128006 0.488297671
    0.465253562 0.363337636 0.546731472 0.543569863 0.951959848
    0.319587976 0.924322367 0.44530654 0.544203341 0.758573294
    0.159772843 0.450328231 0.945832729 0.725885689 0.0964720845
    0.25586766 0.400675833 0.164589345 0.835916281 0.752818346
    0.475979358 0.521842778 0.130392611 0.426133394 0.0388940573
    0.662733972 0.706596255 0.134373635 0.0824200511 0.789456844
    0.352126241 0.41529575 0.960790157 0.461899132 0.895920753
    0.637237847 0.826469243 0.726259649 0.0626081824 0.292511761
    0.768343866 0.485191584 0.216631025 0.647700131 0.83281666
    0.926056325 0.535207033 0.224147826 0.375138223 0.11852017
    0.353885233 0.502390444 0.981440544 0.0786806345 0.466696054
    0.0419315398 0.259471148 0.952640235 0.149282068 0.0126222372
    0.109106034 0.804389417 0.258108318 0.569186628 0.0478653312
    0.0825348198 0.256283224 0.448058039 0.322702646 0.855497122
    0.53207922 0.352328449 0.651420295 0.583747447 0.42449522
    0.482655466 0.50787133 0.0382556915 0.952706814 0.204013556
    0.536292613 0.729928017 0.92968595 0.244993329 0.488402307
    0.021882236 0.604020715 0.0801641047 0.404258519 0.302718759
    0.21274659 0.449452341 0.230244964 0.909509897 0.615886927
    0.477364779 0.170462042 0.355012476 0.320448548 0.872277379
    0.42847985 0.585741103 0.977415323 0.592093825 0.101617604
    0.698085785 0.539824009 0.454812765 0.464069486 0.0492189229
    0.54162091 0.46202305 0.837546349 0.50957334 0.136552423 0.96576345
    0.64612329 0.622121811 0.938771963 0.942631483 0.442345858
    0.468180984 0.975770354 0.443638057 0.935369253 0.863309205
    0.316997528 0.530179143 0.438098043 0.431057841 0.874195278
    0.600940347 0.0420697331 0.675079405 0.111855626 0.283513546
    0.041534692 0.31532383 0.226767093 0.641333818 0.522942483
    0.602365375 0.051315546 0.0935722291 0.64172256 0.183189899
    0.79563725 0.0656991899 0.116372585 0.0871448517 0.686206877
    0.307373166 0.524655819 0.107229501 0.346108079 0.548560858
    0.231130958 0.168246657 0.255316317 0.853130341 0.0552652478
    0.486149877 0.120109141 0.542021334 0.457740188 0.427356809
    0.691857159 0.261205137 0.0250197947 0.486812353 0.219310671
    0.710260391 0.0266234875 0.797788262 0.936802685 0.343090713
    0.301052094 0.68326503 0.207281739 0.490262628 0.650800884
    0.426335156 0.653399289 0.847579122 0.96875602 0.715019643
    0.664122224 0.604062438 0.329259515 0.402746439 0.632596493
    0.443034142 0.718324363 0.150749475 0.815662026 0.944431603
    0.784301817 0.789972425 0.424037546 0.328107178 0.249076098
    0.10441187 0.296913207 0.376633406 0.0561624765 0.251253188
    0.706279039 0.0712364018 0.738381743 0.899391055 0.263847917
    0.416131079 0.844802916 0.705714107 0.148434758 0.0672440231
    0.823433816 0.826052427 0.250535607 0.566281855 0.293055028
    0.810634494 0.125685424 0.808495104 0.133911282 0.903854728
    0.162967622 0.277294219 0.610175788 0.739864886 0.27155149
    0.902718544 0.999004126 0.694101036 0.913174391 0.997373462
    0.852714062 0.530714333 0.353328943 0.338063776 0.0122925341
    0.211058676 0.0624231696 0.469359845 0.407266319 0.747225881
    0.0923867226 0.790899515 0.601700366 0.295354605 0.658558011
    0.988948584</data></test_img>
<my_img type_id="opencv-matrix">
  <rows>128</rows>
  <cols>256</cols>
  <dt>f</dt>
  <data>
    0.126882121 0.596366942 -0.224624336 0.139214903 -0.152620003
    0.611666441 0.0816198289 1.13683546 0.343972027 0.297248602
    1.68631911 0.348241508 0.360990286 1.52070975 0.143927753
    0.196268618 1.11656713 -0.174222812 -0.207234815 0.580313802
    1.38012505 0.954201043 1.34770584 0.344770998 -0.0273667276
    1.51107979 0.37130639 0.98431921 0.672808528 0.579551697 0.639460921
    1.70618939 0.514870107 0.709285438 1.74919486 1.20319724 0.547869265
    0.841422439 1.39562213 1.26831591 -0.144570693 0.0560281873
    0.76705265 1.76932621 0.397058725 0.0651283264 -0.142580122
    0.760327816 0.878622472 0.0495448411 1.39109957 -0.108471081
    0.524385571 0.154694229 0.276180834 0.272961378 1.03271437
    0.617843509 -0.158613682 0.435228437 0.718958437 1.05712914
    0.105449706 1.59131408 0.237178266 0.291033059 1.00974929
    0.323498368 0.94171381 -0.200705081 1.01152372 0.819927096
    -0.113719925 1.54660535 1.51566577 1.38926971 0.299489051 1.47255719
    1.25981319 1.45625448 1.14126849 0.697923481 0.421785355 1.51153922
    -0.307316035 1.73428631 0.988479614 1.13162673 1.13066077 1.17115891
    1.52496064 -0.0474880636 0.98714608 1.72454011 1.73935747 1.12957704
    0.112747133 0.573708475 0.445653737 1.13899386 1.61430192 1.27830732
    0.824745774 1.28404045 0.712236762 -0.155347869 0.0429817736
    -0.020113349 1.02611518 1.62193274 0.245954126 0.315801471
    1.35918736 -0.156978592 1.56708419 1.47125697 0.59486258
    0.0243242979 0.750953913 -0.213202834 1.04892159 1.13383245
    -0.06415461 -0.134719416 1.44016159 0.881531119 1.25480628
    1.03653717 1.05199146 0.854543805 1.68766153 0.190921843 1.21945465
    0.0410851836 1.63561106 1.16143489 -0.074977234 1.37149704
    1.15974545 1.36688423 0.126944363 0.924302101 1.59324837 0.624726295
    0.369547874 0.912082672 0.061268121 0.170698017 1.72036302
    1.35140896 0.617202163 0.293373495 0.600084782 1.52855361
    -0.0107660294 0.938064396 1.32350791 -0.0236845613 1.10610294
    0.338950306 1.59020543 -0.223625764 1.02154958 1.74494076 1.40392137
    0.911930799 1.08770382 0.629376531 0.909689069 -0.0509137958
    1.62671256 1.12244892 0.444282532 0.220677793 1.50446367
    0.0529074669 0.975263715 0.538229585 0.389048576 1.21237731
    0.462581456 0.480069578 1.24547362 -0.155198529 1.45110083
    1.13127363 0.131882012 0.31800434 0.838659942 -0.156071097
    0.828458548 1.5078243 0.815128803 0.387440622 0.864595234 1.45004857
    -0.292695701 0.233365893 0.876676679 -0.0389914215 1.38121343
    0.894343495 0.468689024 1.16357601 0.675643444 1.44678593
    0.983003497 0.505054235 0.306819618 0.312284023 1.7414161
    0.419579387 1.58364654 -0.150098383 1.17616093 1.46015191 1.14769471
    0.549654245 1.36686027 1.12676489 0.601799846 -0.332210302
    0.952542543 1.63552749 1.02014351 -0.0165000558 1.23708785
    0.288999319 -0.0433551073 -0.0822302997 -0.0654970109 1.70213342
    1.00020838 1.42510486 1.750229 -0.162549958 0.738756776 0.115349472
    0.051966846 1.27364838 0.793919861 0.26911974 0.391060859
    -0.216573775 0.979679942 -0.0329398811 1.76054215 0.375655293
    0.557968736 -0.133743644 1.50456107 1.53065825 -0.0684133917
    1.45703828 0.790940583 0.544729412 1.152794 1.69361854 0.721764445
    1.32966256 1.23133755 1.62495971 1.68566835 0.0609501302
    -0.284599453 0.968532383 1.6929673 0.0843527317 0.643737197
    0.612240613 1.18318605 0.638136268 0.517083645 0.898998618
    1.03285491 -0.17047672 -0.0514882207 0.670612216 0.631839037
    0.198445022 1.50932527 1.65866041 1.44554329 0.119475156 0.996500015
    1.37971985 1.05726612 1.62179375 1.19483888 1.64467609 0.127336413
    -0.253017485 -0.158100665 0.789403081 1.22890675 1.18659818
    0.294716507 1.23502147 1.06960392 0.528890729 1.4411521 -0.352880061
    0.752846718 0.445626169 0.933624864 1.38646364 1.38675082 1.18609929
    0.948774159 0.00918504596 1.13924241 0.995742559 0.100394607
    0.799817979 0.756652534 0.289957225 1.01173246 0.507761359
    -0.223230869 1.48174214 1.62444496 -0.34484151 0.433933944
    -0.196677268 -0.0132864416 -0.323977947 0.395545781 -0.109573126
    1.03224742 1.5629046 -0.0301933885 0.463899076 0.366725177
    -0.199524701 1.15259671 0.479761422 0.491415679 -0.197799414
    0.519007206 0.295075864 0.673158288 0.783687234 1.42408991
    0.104852378 0.453765839 0.103644073 0.802363634 -0.0744669139
    1.60344815 1.01826334 0.226754665 1.25382531 0.00595480204
    -0.0983403921 1.44565451 1.07151389 -0.353237957 0.413589746
    -0.14350009 -0.285386264 1.29872656 0.767827511 0.238203466
    1.34081888 -0.247383103 0.957639575 -0.111741453 1.34651947
    1.20232558 1.43997145 0.24824664 0.0558442771 1.63679731 1.17582273
    1.59677982 0.0953370035 -0.105239019 1.62617302 0.945889711
    0.0904933214 0.836660504 0.894089222 0.404287487 -0.34156087
    0.422525138 -0.0668605566 -0.207844898 0.813059986 -0.265762925
    0.936699867 0.412152529 0.61756146 1.37649322 0.804204404
    0.323758483 0.635383844 0.944591165 1.30613923 0.0439952314
    -0.282932341 0.229265779 0.697465003 0.904707909 0.750044942
    0.339986622 0.972067595 1.46714449 1.43167198 1.50173545 0.794902802
    1.07892454 1.23350167 1.14546084 0.189771056 0.0501439273
    0.0232578814 1.44885564 1.70676005 0.762875199 0.598758817
    0.10343942 0.69846499 1.54389405 1.39741302 0.778837323 0.473484993
    -0.222825944 0.177651882 1.56147122 0.205942929 1.37199605
    0.111617237 0.268375784 0.0646278262 0.497799873 -0.17479907
    1.60315585 -0.0834022164 1.40124702 0.26991877 1.18028831 1.05544341
    0.733080387 0.359450132 0.456137568 1.39055395 -0.26229614
    -0.254265785 0.322057366 -0.22501336 1.26878977 0.2584095 1.23601627
    1.01725399 -0.375452161 -0.105426937 1.40217102 1.65686715
    0.79496038 1.6232754 1.09156287 -0.258590281 0.122200966 1.34235978
    1.68825972 0.265101165 0.315994382 1.30890405 0.604807615
    -0.0300730765 0.939105868 1.12538385 1.25405288 1.62811017
    1.02039301 -0.0324017107 1.25694752 0.740066946 1.42475498
    -0.188717127 1.4613632 0.242374957 -0.33294946 1.67902756
    0.815680623 -0.366755486 -0.341928631 1.35688436 1.6523056
    1.43829751 0.344335049 0.2155644 0.968025208 -0.0985342562
    0.870598793 -0.197570756 -0.18345055 1.05690503 -0.285775423
    1.54079735 1.47700298 0.886236489 0.551181436 -0.319243699
    -0.211963177 0.613948643 0.280190974 1.40159225 1.48313105
    1.11438739 0.87816292 0.481713414 0.962155759 0.714395404 1.52078247
    0.308940411 0.178572834 -0.0146129131 0.65023452 0.202768207
    -0.0773560107 -0.371438086 1.54142952 1.32199073 -0.29088375
    1.62059414 0.401245922 -0.380126119 1.47297609 -0.434124589
    0.718953252 1.23440933 -0.41111517 -0.266592443 0.986378551
    0.41462037 0.150394708 1.59384847 1.43639362 0.254106402
    -0.0281745493 0.533373117 -0.0330232978 0.45591104 -0.280684233
    1.17412043 -0.450007349 1.31842434 1.6617682 -0.381044745
    -0.227396742 1.60522163 1.47592628 0.683952332 1.01197135
    0.881369233 0.728582859 1.30899119 0.715620637 0.655537486
    0.301948607 -0.087780714 -0.192651182 0.932518601 0.18628341
    0.400960416 -0.0789372027 1.57817292 1.40192842 0.0857214332
    0.034781903 0.187528878 -0.0537696481 -0.347025335 -0.00937604904
    0.936208129 1.14356792 0.557433724 1.4219594 1.44296944 0.216111243
    0.549513698 -0.394563258 1.03276992 0.821827888 1.52849269
    1.12476707 0.430659294 1.26526725 1.31201935 1.35147762 0.215866715
    0.799827695 -0.395181626 1.12322271 -0.260273129 0.383313268
    1.61077297 0.806996107 -0.382490993 0.263508976 0.922402859
    -0.281700134 -0.30858624 0.676482677 1.29578817 -0.233153492
    0.463018239 1.41893244 0.0532615781 0.629007936 1.34294212
    1.23453283 0.49219659 -0.217761531 1.38532472 1.49104631 1.30327761
    0.668419838 0.919758201 1.47793996 -0.313646674 1.19414675
    -0.0830554068 1.37163079 -0.402799219 0.947519541 -0.0147695541
    -0.175102502 0.610441029 -0.0712914467 0.0193016827 -0.183895811
    0.0522357225 0.569355726 0.796031296 -0.260540903 -0.153201371
    1.27177072 0.49064064 -0.016346097 0.143614441 -0.40592888
    -0.289055109 0.879989266 0.362164587 -0.0955834389 0.198016763
    1.30141735 0.924985886 -0.318386734 0.36427623 0.412856311
    1.18503308 -0.18103908 -0.199804947 1.51716459 1.28612256
    -0.129133672 1.34920847 1.02101254 1.53430748 1.12132907 1.0045203
    0.474952877 0.48124364 1.46520877 1.60562885 -0.00351750851
    1.22852039 0.672793806 1.6716994 0.242367536 0.248001218 0.154142529
    0.453510612 1.04716647 0.188170522 0.196899503 0.137813509
    0.195158094 -0.0804302096 -0.0410229564 -0.0167438686 -0.231981099
    1.33611155 0.301940173 1.01807046 0.223298281 1.54491472
    -0.374361992 1.36790395 1.56624162 1.15858972 -0.242461547
    1.19584846 1.27731538 0.114423811 0.545692682 -0.0803289413
    0.841392159 1.66464949 1.55941963 1.28368831 -0.266937613
    -0.329292357 0.882265985 1.40855229 -0.190361321 1.51901007
    0.49382332 1.15572047 1.06610632 -0.242199302 -0.381089658
    1.47724497 0.248496324 1.39219391 1.65049398 0.358149111 0.29250285
    -0.169158041 -0.106212556 0.497351646 1.44098043 0.966225088
    -0.213553548 0.0162383914 0.213225543 -0.439376473 0.98084569
    0.571262836 0.24486357 -0.391255558 0.537642241 1.36597157
    0.45580855 1.23528838 1.31763077 1.14971292 0.0427196026 0.883940935
    1.19184983 0.336101651 1.07886374 0.0368970037 0.880626023
    -0.245300487 0.0360503495 0.787722051 0.698631883 -0.322736204
    1.500422 0.154289573 1.18377483 0.769028842 0.667729497
    -0.0948248804 0.375123173 0.621733069 1.13521743 1.04762852
    0.646151543 0.600842118 0.827301741 1.28928161 0.55117619 1.33947778
    0.363677979 0.922258019 0.837026596 1.25969851 -0.28724128 1.0227685
    1.03042364 1.44259524 1.46415007 1.26691902 0.261363089 0.264114678
    0.651710749 0.987171352 -0.426258862 1.00941968 -0.202726066
    0.824471891 1.56027341 0.866279364 0.979210675 1.35499501
    0.779741526 1.05307078 0.180032253 -0.299581826 1.13032389
    0.204984903 0.600910664 0.346477628 0.284921169 1.24714804
    -0.269277304 0.0240087509 1.07985175 -0.385081857 0.122510761
    0.324706703 0.574331403 -0.304592699 0.311038494 -0.439871877
    1.24575233 -0.456902385 1.10200644 0.91974932 1.52211094
    -0.106819928 -0.331049293 0.612380803 1.30136728 1.37039423
    0.702133596 0.481332302 0.795419812 0.365915179 1.24406481
    -0.158829093 1.06752598 1.55625081 0.303260416 0.944292068
    -0.358748615 1.09575438 0.234183967 -0.409316421 0.257792175
    1.57959795 0.130170852 1.2249732 0.1206218 0.862054348 0.156750143
    1.33562076 0.670250356 0.00618511438 -0.249307543 -0.09748438
    0.97047627 0.332634509 -0.0688355565 0.508077443 1.46760702
    1.18492448 1.15060413 0.301880091 0.63512969 -0.154210657
    -0.350466788 1.60737932 0.718827963 -0.147110999 0.641161323
    0.568454742 1.06844437 -0.252845138 1.11515701 1.19227409 1.31424022
    1.17019463 0.0907267928 1.12950754 -0.0306010246 -0.169530243
    0.395399094 0.276086539 0.341966093 0.207488209 0.532253444
    0.245178342 1.00356412 0.241041839 1.35574436 0.169433713
    0.120141566 -0.197555244 1.2511158 1.1185267 -0.0922655761
    -0.248393327 0.254459321 0.413368732 0.230283737 -0.403087199
    -0.179330885 0.245935947 0.210248858 0.0122360885 1.49373603
    1.00986171 1.16760254 0.77405405 0.875011623 1.12757695 1.08789396
    -0.346066415 0.376118809 1.30205166 0.353599787 1.08330667
    0.391309649 0.0381934941 0.624905825 -0.128630072 0.946905017
    -0.0177509189 -0.310485125 0.603375614 0.759706259 1.02155316
    0.445638716 0.360636055 0.171443582 -0.430788845 0.0897969306
    -0.20343107 1.16419864 1.37948298 0.149068147 -0.184822321
    -0.329384446 -0.329075396 1.09965205 1.15483773 -0.0843839347
    -0.158982128 0.56019032 1.37313282 -0.0619578362 0.27641052
    1.36380649 -0.336223423 -0.46860823 0.819125891 0.861697555
    1.41911745 0.563345313 -0.426271081 1.30522227 -0.444833636
    1.02753913 0.3459481 0.934628606 1.30508208 0.657060862 0.361577094
    1.32686365 1.21187508 0.0188378692 -0.109261841 -0.462607235
    -0.231878847 -0.162483543 1.48868775 0.559868634 1.37863564
    0.507248223 0.537680387 -0.34242177 0.68662709 0.88403523
    0.544293046 -0.293745577 -0.26162228 0.969515741 0.404933482
    -0.00659123063 0.214748055 0.0318291485 0.565035343 0.77840507
    0.50206697 -0.170616299 -0.238453984 0.733575523 0.804193616
    -0.151578784 -0.347410351 1.29881525 0.611347437 1.07920742
    1.05688643 1.02040958 0.111639678 1.40808666 0.774681568 0.795153081
    0.90943414 1.4503864 1.37673187 0.454753518 1.10774493 1.21334326
    0.931624115 0.209155768 -0.437281787 1.59580743 0.178639591
    0.637529969 0.585536897 -0.163768768 -0.404480577 0.0901427567
    0.757931828 1.47411942 1.4545033 0.524693489 1.27747154 1.51727796
    0.290045321 0.233131468 0.445563972 0.617722273 -0.230631173
    0.217835039 0.243788451 1.63659024 -0.12095046 0.214740157
    -0.0797007084 -0.188798845 -0.423392951 -0.113778114 1.05149031
    -0.31579873 -0.250230283 -0.508897901 1.44241631 0.25504452
    0.145483255 -0.175589621 1.203089 1.44658613 -0.163911372
    0.610340297 1.34658122 -0.0649452806 0.302086294 1.39522338
    1.24704242 0.0855247974 1.09790576 -0.29206565 1.28614485 1.31980419
    -0.236995846 0.935891092 0.192150235 0.2581743 1.07505453
    0.00645822287 1.26066184 0.576545238 0.812621117 -0.234819502
    -0.43057853 0.289148271 0.621152401 1.39291203 1.33236909
    0.0629525185 0.526805997 -0.352804065 -0.252396882 -0.481538415
    1.10846424 -0.415672868 -0.11355412 1.4478333 0.246050656
    -0.222877473 1.06913197 0.819274306 0.414442658 0.949839354
    0.155226111 0.384059429 1.34901071 1.03049374 0.857827961
    -0.463567823 0.909883201 1.35720444 0.984070241 1.30819261
    -0.151017219 1.0292325 0.00265216827 0.218700707 0.502781451
    1.2781477 1.27773404 0.716926694 1.33754194 0.645759344 0.974800944
    1.17343545 0.556741595 1.19385099 -0.129647702 -0.334729224
    0.173665971 0.132094145 0.472005099 0.427295506 0.465809107
    1.13183093 1.33797503 0.258308351 -0.179811925 -0.285143107
    1.1935029 0.375712812 1.01527345 0.742567182 -0.212622225
    0.339687347 -0.415435135 0.741163969 1.39573264 0.353813052
    1.35266113 -0.0461443961 1.53831005 0.0379630327 0.159281135
    -0.220357716 0.852503598 0.725793839 0.945021212 0.723502517
    0.336252689 1.21463585 0.0379768014 1.12841821 1.51250994 1.06321907
    1.08306086 1.45898247 0.694310904 0.333535343 0.75581634
    -0.218366861 -0.3793827 1.17149115 1.52703714 0.823260486 1.3740989
    -0.331305295 -0.0274449885 0.263992935 0.447197765 -0.129748583
    0.662124097 0.337099671 -0.165721774 0.0431438684 0.168296754
    0.70724225 1.10291123 1.52958894 0.710561216 0.776412368 0.377131701
    0.26708132 0.976384819 0.383671939 -0.00784391165 0.394153953
    0.757553577 -0.270166457 1.07664847 0.419742584 0.787238061
    -0.0703732073 -0.450075358 0.23205924 0.944195628 1.10987997
    0.356439233 -0.463602155 0.302437842 0.395578921 0.422026902
    -0.472534418 1.15321624 0.417058647 0.812135458 1.02133846
    0.567547977 1.35687375 1.33414865 -0.131280065 -0.132575125
    1.4906311 0.677873135 -0.353136122 0.134101093 -0.227294564
    1.41795123 1.42821097 0.784356356 0.229889691 -0.44051522
    0.884803057 0.244836152 0.604973555 0.55322969 1.38133168 1.01423216
    0.884653211 0.148335636 1.22165418 0.0591483116 0.569463074
    1.49111319 -0.165810734 1.34923935 1.13192892 -0.349736929
    0.597256243 0.427099764 1.38267136 0.394089311 0.958100557
    -0.366807312 0.458224356 0.763021886 0.763306439 1.03525567
    1.41806543 1.26656508 1.29217386 1.29895985 0.478356719 0.0375391841
    0.995951474 1.43357253 0.0508401394 1.50580323 0.888567328
    0.169797838 1.166713 -0.559258223 0.50754559 1.30192518
    -0.0687243938 1.1651516 0.444454491 0.327329099 0.203208148
    -0.0221054256 1.26897705 -0.450309634 -0.383547068 0.891154885
    0.639254868 1.27790618 -0.400778234 1.18165731 0.336082697
    1.17945695 -0.273704141 0.94211477 -0.441113591 1.43832052
    1.39702678 0.841970682 1.43832374 0.623518169 0.729436457 1.43799472
    -0.255825728 1.59263575 1.14108491 0.139243066 0.941826701
    0.262438715 -0.428077817 1.46701157 0.595721006 0.436480224
    1.43177843 0.533861995 0.985346138 1.1463933 0.913312733 1.43265176
    0.814351559 1.44724798 0.383379221 -0.012637496 0.431652248
    -0.263028175 0.997728229 0.556931853 0.281388223 -0.272642076
    0.451732039 1.41396666 1.2466011 0.485695004 1.35119486 0.955505967
    1.36823487 1.39828277 -0.330961585 0.826389611 -0.398892105
    0.163965642 0.537211835 -0.49350965 0.194360197 0.881707668
    0.861994326 -0.132357806 1.09636998 0.349904954 1.2313273
    0.235704958 1.26532412 0.633942604 1.05625582 0.636127114 1.16324091
    0.787371039 0.840389252 0.903194964 0.634338379 0.768231452
    -0.229526997 0.932886004 0.693342686 -0.533751428 0.362029612
    0.88998729 1.40973628 0.417476237 -0.022183001 0.131412923
    1.15025926 1.16795397 -0.0278247595 -0.190783381 0.593289912
    0.529580534 0.163269103 -0.162118137 0.553342342 0.64129734
    0.0954579115 1.31426096 -0.126669019 1.07558274 1.19757283
    -0.0301061571 -0.253104568 1.12114644 -0.241371155 1.16444433
    1.23653877 0.857159257 0.293214083 0.741300642 1.03666365
    -0.255050778 0.355047882 0.861905992 0.754832625 0.249543428
    0.51331085 1.21189928 -0.355709791 0.0959144831 0.712226391
    1.42008996 0.0610716343 1.30331218 1.07935619 -0.0278511345
    0.548054039 1.23133206 0.20615077 0.0188216567 1.44013321 1.25694203
    0.906413436 0.388163805 0.48462832 1.49350953 0.113523781
    0.213306785 0.334923625 0.851730049 1.0444752 1.12915826 0.568240583
    1.20673406 0.867832303 0.923363626 1.51013184 1.40085268 1.31368327
    0.631731331 1.00151014 -0.264990032 -0.37840426 -0.028024286
    0.773094058 0.773206472 0.397757262 -0.0413697064 0.215262026
    0.530961394 -0.0478329659 0.208882421 0.636796057 1.05441284
    0.222743094 -0.401083708 -0.11918211 0.268426716 0.635708749
    0.477048695 1.07449627 -0.24035126 0.0800515413 -0.257582128
    -0.155439138 0.956516087 0.00387328863 0.755091429 0.156335235
    0.170213997 1.23697114 0.852049351 0.111248612 0.954175889
    1.42972732 -0.431058258 1.48944783 0.317257106 0.234114528
    0.222177327 1.55124629 1.45670533 0.166410208 0.221612215 1.08215594
    0.662266195 0.480408788 1.43861878 0.555246055 1.33370662 1.11488557
    0.961094141 1.29383171 0.347182274 -0.108618677 -0.296985328
    1.37510467 0.133793831 1.18140304 0.0859958529 1.2943213 0.23166877
    0.401854873 -0.223996699 0.93691206 0.705355525 0.148455143
    1.40407228 1.44253278 -0.0423567295 0.898330569 1.03023398
    -0.0636737347 -0.39060995 -0.323985934 0.844527841 -0.0878054202
    -0.436202049 0.535908937 -0.143316269 1.04578221 1.29679322
    1.39988899 0.844149113 0.316324115 0.36515969 1.32420063 0.769182205
    1.10324764 0.747636795 0.0859099627 0.711856723 -0.549708366
    0.813618898 1.34640765 0.909794688 0.584335804 -0.301811486
    -0.136586666 1.01171219 0.144083321 0.377327561 0.182399988
    0.990398824 0.641351759 0.271018147 1.31000686 0.894592345
    0.140137792 -0.105945557 0.471940875 -0.429923922 1.49459362
    0.163721144 0.888830364 1.22568965 1.0300951 1.06467772 -0.2038261
    0.709328949 -0.103199154 -0.170636937 0.693286717 1.35962069
    0.345517874 1.31571555 1.30271268 0.858697534 0.734747946
    0.287943125 0.036737144 0.471535504 1.44211578 1.47135854
    -0.0619179606 -0.534284472 0.93029213 0.494318604 1.05179358
    -0.214413673 1.39987135 -0.203467935 0.569374979 -0.113803297
    0.230129063 -0.0884966254 0.0995808244 0.695967138 0.0868881941
    1.24135065 -0.538079202 1.43917549 1.07728267 1.30568922 0.838499367
    0.851524234 0.527422309 0.933302879 0.571520448 0.251331449
    1.28867197 0.352340877 1.42148685 0.756317973 -0.478434026
    -0.121653914 1.16274071 -0.328300864 1.44503975 0.036875546
    1.19893289 0.550531745 0.972803652 -0.326620787 -0.240203619
    0.625499487 1.3391037 0.193489611 0.00702011585 1.42036772
    0.944582939 1.47750044 1.44601142 0.824719846 0.501059055
    -0.0666233003 0.300521255 1.47621369 1.43201947 0.435330153
    0.981580436 -0.328642726 -0.380029202 0.136947513 -0.258838385
    1.49427629 0.331330001 0.121354043 1.32818866 0.197025836 1.09688139
    0.911528826 0.237048328 -0.308109283 0.991361022 0.140279472
    0.273868799 0.0724902749 -0.281132877 -0.305218041 0.910038173
    0.405738533 0.0844236612 1.52575636 -0.14223066 0.535767734
    0.626934528 1.16191435 -0.25884667 0.793515682 -0.286335647
    0.373746634 0.889699519 -0.330428988 1.24497128 1.41692364
    0.222730219 0.306614399 1.25198007 0.554342628 -0.256562829
    -0.269548506 0.871268749 -0.455878705 0.714375138 0.129483461
    0.581617117 1.4901967 0.389901936 -0.128577828 0.392332137
    0.723962963 0.480778098 1.4563911 -0.0171847939 -0.1033355
    1.57588792 1.01423025 -0.127028793 0.638106585 0.861440718
    1.47588027 0.396357954 0.782515049 -0.100575805 0.643233538
    0.587153554 0.250997663 0.944745719 -0.21942395 0.386882126
    -0.0223219693 -0.11716938 1.16042221 -0.0243793726 -0.321842253
    0.287360996 1.31106508 -0.0298367441 1.4125936 -0.334243417
    1.05406666 0.535859644 0.0900788307 1.20729315 0.817337573
    0.364092708 0.234214306 0.386667967 0.960882068 -0.463912249
    1.42751861 1.11233687 0.995038271 -0.0908342004 0.983827651
    0.821162403 1.14326596 0.695147932 0.638652563 0.442381263
    0.112791181 0.0791191459 0.204674125 -0.297103167 0.346947312
    0.167807162 0.944748402 0.158583105 1.19535744 1.47915196
    0.719314396 -0.185014457 0.272277296 0.616650164 -0.201680005
    0.87183851 0.258438826 0.484337568 0.59095633 -0.515655279
    -0.26882562 1.49057198 0.246129572 -0.0787365735 0.748713076
    0.469902039 0.860021651 1.37269223 1.49568963 1.33456254 -0.49495703
    0.49129349 1.47664356 1.07069802 0.155282617 0.433676898
    -0.0715435147 0.46733278 0.854740858 0.976283371 1.06131554
    1.15590179 0.0585712194 0.507562578 0.919942617 -0.30047977
    0.133861005 0.592584014 0.829181731 0.872542918 -0.329182655
    -0.0726842284 0.211998761 1.04428995 -0.459261 -0.392593741
    0.184227943 0.510239482 -0.518174648 0.692303896 -0.349348009
    1.41418123 0.670597792 1.16140878 -0.425678253 0.366168857
    1.26944041 -0.328898996 0.793972969 0.203318834 1.39564836
    -0.0532836914 -0.300685823 0.514901578 1.03120863 0.692464173
    0.0744670033 -0.158189476 1.15571475 1.25428271 -0.195016772
    0.866197467 0.899736345 -0.538559139 1.54222703 -0.432801038
    1.04632843 0.0631594658 -0.239890546 1.24863172 0.616938055
    0.84550786 1.50332808 0.345252752 0.0917834044 1.32689381
    0.527561247 1.26088428 -0.203867584 1.1181891 0.324599147 1.01604438
    0.448770523 -0.136997163 0.637365699 -0.262524873 0.711263299
    0.990638137 1.3338697 0.865364075 1.06095779 0.633590817 1.14406919
    1.51416314 0.832670093 -0.269660383 1.0322268 -0.183679193
    0.90605849 1.00973964 -0.285662144 0.325422704 -0.350988507
    1.53782892 0.816630483 -0.0962900519 1.50760603 0.139395118
    1.09876168 1.04210496 0.770503163 -0.311975956 0.54700923
    -0.245635331 0.777996659 0.702937782 -0.330144703 0.36633271
    0.55344975 0.440690637 -0.282512307 -0.0421796441 0.705179632
    -0.363010228 1.00374174 0.260684371 1.05537868 0.106671154
    0.178210318 1.45192504 0.156529009 0.195684791 -0.0169463754
    0.0149296522 0.90673393 1.03148842 0.573042274 0.926783025
    0.506168127 0.653642058 0.332190156 1.41497958 1.22324455
    -0.231315732 1.45732093 1.22778046 1.34578776 0.131291747 0.49274689
    0.708200872 0.811963499 -0.350262135 0.0299357772 0.119696975
    1.17534852 0.548081934 1.03721869 -0.0150731206 0.278401017
    0.0392634273 0.822346747 -0.201468527 1.11971116 -0.0699399114
    0.335775793 1.23469496 0.744666576 1.39100111 0.109272659
    0.969267726 1.33880949 0.73164922 0.687227905 0.351118922
    0.670297265 0.0395960212 0.0400084853 1.04998016 0.136709869
    1.47546434 0.637353539 0.728464544 1.5222497 0.758326471
    0.0252938271 0.772696972 -0.340121746 0.0148411393 0.708032131
    -0.306086719 0.169157267 -0.393996298 0.887319207 -0.0862261653
    0.0881394744 -0.0335842371 -0.42190662 1.38584685 0.945709586
    0.159666836 -0.304822087 0.937667549 0.788231075 1.48692894
    0.946049035 1.14009869 0.249812305 1.41567945 0.958172858
    0.127644479 -0.16993022 0.443124622 0.257247984 0.0792108774
    0.546200275 0.716807842 0.774597228 1.40421367 1.20071054 1.51724231
    0.187819183 0.762838721 -0.220780343 -0.0519164801 0.712338626
    0.418789089 -0.441456556 0.290556014 -0.303487599 -0.332971394
    -0.0997557938 1.09146953 0.955960572 0.232570827 -0.551148236
    0.676110804 0.556776643 0.190409601 0.989269197 0.50565654 1.4483124
    -0.396431088 0.0823391676 1.20697725 -0.468033671 -0.520283937
    1.08732104 -0.396281898 0.152439952 1.24354565 1.11290562
    0.139911532 0.636649728 1.31498671 0.848734438 -0.42644918
    0.658958316 0.578851283 1.24091887 -0.0108934641 0.965773582
    0.0257697701 1.1853205 1.18719459 -0.231136113 0.235166669
    0.041185081 1.3176899 0.619860113 0.0566933751 -0.160551906
    0.663564444 1.02942252 -0.231697679 0.759767234 0.306326151
    1.05381894 0.823310137 0.624442577 0.43155843 0.0281170607
    0.0429480076 -0.38430953 0.75644356 1.03060246 0.922843933
    -0.459873319 1.47412109 1.1417532 1.33948112 -0.0297432542
    0.649746537 0.400510848 0.0652431846 -0.145420402 0.669264615
    0.346159518 -0.0992699862 1.30902696 0.448401332 1.37956309
    0.858685017 0.43511945 -0.0133695602 0.819092512 0.696342528
    0.680807054 1.19949925 1.28640103 1.53224742 0.0224962831 0.33161366
    0.580561936 0.414124846 0.299938679 -0.479817837 1.12408686
    0.968364537 0.0906646848 -0.124903321 0.0220083594 0.242014378
    1.09031558 0.7698704 0.300320327 1.5950402 1.10445046 1.45783448
    0.179732561 0.88855505 1.19541311 1.15713072 0.436932206
    -0.425674111 0.322568774 0.159863412 0.714692652 0.765481234
    -0.135832131 0.270290196 0.646737516 -0.386210442 0.520745575
    0.299603581 -0.200097531 1.23315954 0.516649902 1.37010276
    -0.217754275 -0.541797698 1.03115416 0.533780456 -0.525406659
    -0.17089209 0.562533438 0.656360567 0.0682213306 1.00997102
    0.83962065 -0.310815781 0.653803825 -0.354820102 1.12596011
    -0.391920865 1.26782417 0.296096623 0.962898433 0.714591384
    0.712962747 1.00135541 0.891097605 0.0142714381 -0.388545573
    -0.00815612078 0.54050535 1.22818279 1.49268591 0.687924385
    -0.098634243 0.491472542 0.501133323 0.419286788 0.466400862
    0.663786411 1.01054454 1.47901249 -0.204349995 -0.164778858
    0.936568499 -0.219898224 0.62543577 -0.424928993 -0.332405746
    1.3771683 1.05269837 0.0722789764 0.395988882 0.320001423
    0.420268476 1.18978715 0.231888652 -0.278881133 -0.247951686
    -0.112451941 0.12714684 0.0238890052 -0.148425698 0.867761552
    0.529395461 0.249937594 1.30241919 1.28513837 -0.42271024
    0.430308938 0.964478493 0.447106421 0.0318237543 0.303268373
    1.45205426 0.725461483 0.734542727 0.857833803 1.44161224
    0.833196878 0.064866066 0.967817307 1.45059085 0.843179643
    -0.231047451 0.550810695 0.533611059 -0.134608179 1.01804209
    -0.429524183 -0.00674515963 0.0193684697 1.33260667 1.09302616
    1.31185997 -0.342012107 -0.101858348 0.444627941 1.26213527
    0.186087072 0.679172873 -0.334854722 0.942820668 0.776920438
    0.200384498 -0.191321254 -0.0928402841 1.24081695 -0.549522221
    -0.44415015 1.40252972 -0.155257732 0.505144119 1.02091742
    0.260296226 0.134508252 0.398138881 -0.428877532 1.15529919
    1.08341813 0.49586606 -0.00041526556 -0.265200555 1.25321805
    -0.0941325426 0.80453074 0.97437191 1.35442066 0.291416883
    -0.324868083 -0.372860968 1.27260303 -0.154196054 1.38845205
    0.215236247 0.512200177 0.776237786 1.31354618 0.593547344
    -0.113789439 -0.290527195 1.14738941 -0.260295302 0.772250056
    -0.126789927 0.498620093 1.45544505 0.296552598 1.25392067
    1.08628702 0.851868749 -0.22435835 1.08596814 1.25840235 0.939767361
    -0.257045865 0.974277437 0.064843297 0.468148768 -0.241841823
    -0.00138688087 0.316796243 1.30546749 -0.363106877 -0.319061458
    1.25054765 -0.335686743 1.34591079 0.789128065 1.00601101 1.13956356
    -0.531842649 0.666085899 1.38353455 -0.0447413325 0.400759876
    -0.304057777 0.754709959 0.89409852 0.164054334 0.108236611
    0.328915238 0.0240877867 -0.0234375 0.262217164 0.0603559017
    1.47473741 1.15099716 -0.0999498963 -0.0927146971 -0.485746682
    0.317525089 1.45466948 -0.0760730207 1.40057504 0.246908307
    0.0853698254 0.956001341 -0.0793503523 1.31926179 -0.433430135
    1.51102781 -0.149520755 -0.147061527 0.400439799 0.364606261
    0.814791322 0.846782684 1.50125456 0.200094759 0.151029706
    0.397298932 1.26705194 -0.076772809 1.36660337 0.592250466
    0.759293854 1.14262044 0.602569818 0.75416857 0.949005783
    0.257700264 0.23683244 -0.522270203 0.229464471 0.252097428
    0.821252942 1.46315598 0.565120518 0.24253124 0.789188266
    -0.210178286 0.475888491 0.713377357 1.61746407 0.00669825077
    0.221391678 1.42582083 1.26228142 1.06415939 0.148855507
    -0.0453057885 -0.160266042 0.467586875 -0.378562689 1.45391321
    1.06737947 -0.205866158 0.902503014 0.362776697 0.244775534
    -0.444404811 1.04432416 0.194907069 0.336566508 -0.247993052
    1.30581486 0.259008408 0.795140147 0.138657629 0.981236935 1.0424931
    0.198577583 0.0195734501 1.21786368 0.378395677 -0.454028815
    0.031617403 0.401529372 0.403103709 1.06746411 1.54875374
    0.479921937 -0.470667183 -0.202617437 1.55867982 0.799784124
    -0.397462368 0.332685888 1.03746009 -0.017567575 0.792247653
    1.0082072 1.4132328 1.47098541 0.0281861424 1.01068306 1.20633006
    1.16815138 -0.552784264 0.823117733 -0.167844951 1.38814735
    0.566448987 0.198543608 0.160060167 0.821508288 0.131241262
    -0.50946784 1.33611238 -0.132804722 0.226789117 1.55360413
    0.199518025 -0.125150859 -0.389797688 1.36039233 1.09898281
    1.23593247 0.00664001703 1.22991073 0.461785555 0.500090241
    1.36117876 0.430422187 1.17465818 -0.0730631948 0.721114099
    0.482678235 1.20601273 -0.523921013 0.786987007 -0.333570242
    0.727170527 0.667035341 1.49650419 1.02346265 0.653448164
    -0.186953604 0.921663344 0.757484436 1.48044324 1.39125443
    0.311598003 -0.406617612 0.585517883 -0.320730746 0.890500546
    -0.572028577 0.970471025 -0.160489738 0.0284115672 1.07584333
    0.260184109 0.726452887 1.52205372 1.23117566 -0.53732723
    0.290438473 0.806050897 0.211543322 0.993348062 0.756036699
    -0.224370956 -0.1005885 0.641173661 0.0177071095 0.668901265
    0.0675689578 1.46559 1.12563944 1.1033622 -0.457394779 1.17638445
    1.06207705 0.214486241 -0.0755105019 0.144036591 0.631658316
    0.424372852 1.05318117 -0.221224189 1.31440902 0.250997186
    0.618755877 -0.256316632 -0.46697703 1.10904431 1.46185434
    1.08786643 -0.460590243 -0.36603567 0.421974003 0.639989197
    -0.183070898 1.1430037 1.45392501 1.36230993 0.183251321
    -0.478064567 0.204515278 1.445472 1.13071752 0.732088983 0.414509356
    0.411959529 1.30346036 0.875059843 0.667575061 1.19504738 1.4842298
    1.06113756 1.11128473 0.876644194 1.18917298 0.359288454 1.28629827
    0.213454843 -0.180420369 0.418328822 0.550955653 1.39531612
    0.342462361 -0.0797585845 0.314642012 1.0277102 -0.400326967
    0.300069153 0.535908163 0.591193199 -0.0368205309 0.0446048975
    0.941344619 0.731785297 1.33421886 1.12750924 0.568891644
    0.199297965 -0.248831719 1.03177977 -0.153542906 0.370595455
    -0.417891473 -0.189697504 0.910544515 0.217551589 1.15443707
    0.365945935 1.41306257 1.43766117 0.837086678 -0.488042653 1.0282253
    0.178815186 -0.0594184399 0.711039186 1.55305862 -0.300859094
    1.10292602 1.17889285 1.1087935 -0.291487366 0.887049794 1.02071667
    0.287547171 -0.466697931 0.309295356 -0.360410392 1.48151731
    1.51329112 0.235074818 1.12807345 0.167828321 1.44146299
    -0.132769585 1.13258433 1.06465149 1.28705215 -0.00937896967
    1.34055901 0.536537349 1.38055563 0.823948979 -0.0395078063
    0.0187532902 1.31181979 0.327594817 0.804276228 1.45241475
    0.614565194 -0.40972966 0.516398191 0.177849114 0.984080911
    1.42584515 0.17930609 0.845548213 1.33144426 0.680772245
    -0.222750753 0.954713643 0.352202564 0.593149662 -0.0321228206
    -0.0920090377 1.18656218 0.32153523 1.33813179 0.0331120491
    1.0883739 0.840179861 0.628557086 1.11939418 -0.395993501 1.0930301
    0.327645183 -0.494994581 1.0943439 0.184561133 0.175281227
    -0.460893691 1.11534214 0.0116462111 1.16025722 -0.415971637
    0.514559031 0.336974442 0.206312895 0.00120562315 -0.0869148076
    1.42857981 -0.011662066 0.575661957 -0.526032925 1.06467736
    0.924793184 -0.197711319 0.062681973 0.19429487 1.51314652
    0.67081213 0.80557549 0.35018295 0.860164464 0.567527175 0.590304255
    0.261912882 1.15068197 1.05464029 -0.226172984 1.48441458
    -0.159896016 0.819436193 0.682843208 1.40911186 1.25819099
    0.86365366 0.44485265 0.7148996 0.965303659 1.00253224 0.784607887
    0.741336823 -0.0538247228 -0.115046024 0.0112832785 0.502500534
    0.612154484 0.305225253 0.51621145 0.714505553 0.228265285
    0.363151789 0.491573274 0.464330077 -0.267142236 1.08863342
    1.30579233 0.00623977184 0.474958301 1.08392072 0.961176097
    1.38566923 1.33377743 1.17904639 0.624452829 -0.360619605
    -0.226049244 0.650613844 0.747267008 -0.117120922 1.23599553
    -0.108044624 1.47918844 -0.45778805 0.738426387 1.43535602
    1.06014264 0.721317768 -0.416252017 -0.0346435308 1.47032475
    0.144468486 0.435540497 1.33010173 0.586993217 1.18723464
    0.766781151 0.922886491 -0.45789066 -0.488301814 -0.302152425
    0.70653677 1.01717544 0.329330981 0.706412852 -0.188347548
    1.30472839 -0.243344128 0.568284571 0.850707114 0.134492695
    0.316151261 1.147228 1.02636456 1.41404438 0.556546748 -0.281638503
    -0.324205905 -0.342481911 1.02071011 1.16221225 -0.497646451
    1.3911227 0.455604434 1.42048144 0.97714597 0.612778485 0.134342611
    0.516824841 0.826713204 0.286451042 0.137878835 -0.196028173
    1.33070743 0.333991885 0.264883697 0.1652807 -0.267293334
    0.324447513 0.850064158 0.200553954 1.45748937 0.632685125
    1.18094754 -0.493651301 1.40812922 0.465013206 0.0651003718
    0.77334255 1.25366521 0.328149557 0.861938417 1.25287652 0.413754404
    0.328561366 0.00915491581 -0.574460566 0.924503326 -0.0292734504
    -0.102167606 -0.28087765 0.467300653 0.351344585 -0.449001968
    0.990876257 0.795108199 0.98955828 -0.132216364 0.146982908
    -0.38093859 1.18207288 0.838710546 0.703249097 1.53765774
    -0.177479386 -0.367374569 1.03907251 0.256362498 1.00123239
    0.651716113 0.516733289 -0.515376449 0.707483172 0.359512269
    1.02367508 1.08587217 0.643092453 -0.140561908 0.0983678699
    -0.249821603 0.190437078 1.25610876 1.35460556 0.916108012
    -0.535998344 -0.343712866 0.726972938 0.187895954 0.0786704421
    -0.430346996 0.772588253 0.821264923 0.607787967 0.93999362
    1.02568936 0.606071174 -0.48681885 -0.495247453 0.0019543767
    1.30587721 0.0518503785 -0.270148158 1.50532627 0.409066379
    -0.233408898 0.0976837873 0.32699132 0.298593104 0.737543106
    0.584559202 1.0447135 0.860982656 -0.0848819017 0.32733959 1.1948756
    0.942690551 0.52932632 1.41430271 -0.151566505 -0.0905139148
    0.810855746 1.46554232 0.597325385 -0.517149925 1.47068977
    -0.319072098 -0.221699834 0.531127632 0.112918198 0.670869052
    1.41335785 0.10399437 0.926905572 0.0253095627 1.27467191 0.29144907
    -0.203181222 0.0465098023 0.971177757 -0.319049627 0.205585241
    1.23768365 1.06289792 0.379107773 1.036268 1.42715645 1.46364069
    -0.476911664 1.03745794 0.132489562 1.2850163 1.26621723 1.42425907
    -0.525088072 0.535550356 1.42659032 1.08746696 0.607346475
    1.51733303 1.50871825 0.270115018 -0.381797075 1.23897219 1.39752793
    1.22668958 1.38751125 0.968182027 0.584187567 1.34420013 0.491964698
    1.10328794 -0.308662027 -0.460947782 0.299612701 0.526415288
    -0.242066562 0.762018681 1.30080223 -0.29978478 0.720144391
    -0.395880342 0.649777591 -0.143865049 1.24075425 1.08170962
    1.09848952 0.188225627 1.43081665 0.759962976 0.850513458
    -0.0440776944 0.0591130853 1.08564436 0.685268342 0.320395768
    1.38308358 -0.388070881 1.23705316 1.27539301 1.39571643
    -0.00755578279 0.0281221271 0.177808285 -0.419959784 1.57036757
    0.587710559 1.55900466 -0.340572834 0.147159278 -0.000898241997
    0.550547004 1.37352204 -0.51046598 0.408164978 0.581528783
    1.43773019 1.13297331 -0.435089588 0.0131748915 -0.385697246
    0.841488123 0.496696711 0.0161125064 -0.274113238 0.466490567
    1.52327812 0.430531383 -0.243816495 0.566651583 0.281431317
    0.248363495 -0.579795837 1.13928723 0.74003607 0.825336993
    -0.556135237 0.171269357 0.139615417 0.928241014 -0.511615574
    -0.0993837118 -0.420898318 0.579388201 -0.0513566732 -0.156293035
    0.22373569 -0.353755772 0.397920609 -0.314637333 0.614208698
    0.70414716 -0.395234466 0.24271667 0.553804398 0.405477643
    -0.224297494 0.767431319 0.526647031 -0.436879456 0.862591326
    -0.273368359 0.332647085 -0.361643255 0.117697954 1.52346325
    1.23336601 -0.47638458 1.09632587 0.915791631 0.988902986 1.31516492
    1.46218801 1.15234351 0.732554913 0.894337118 -0.38975817
    0.553682208 1.36860585 0.524163127 0.661446452 -0.23618558
    1.32000637 0.735497952 -0.375374973 0.405223727 0.431631744
    0.796627522 0.640844285 -0.229340315 -0.484180868 0.532049537
    -0.0527519882 0.189788818 1.42080581 0.273732007 -0.434933364
    -0.0844872892 1.08309686 0.76049459 -0.239254326 -0.116980642
    0.275359273 1.28182125 -0.103013664 1.10351312 0.223963082
    0.65678066 1.16484451 0.943818569 -0.250549495 -0.138518989
    -0.029939115 -0.301397026 0.529857159 -0.357257843 1.1794399
    -0.468803465 0.968816757 1.08253753 0.528330863 0.739336789
    -0.223420918 -0.259572774 -0.217314482 1.18161392 -0.203295559
    1.01936507 0.15885365 1.30234003 0.12132895 0.888827741 0.856512666
    0.388231814 1.12700844 1.36291218 -0.189917445 0.666985452
    0.658242941 -0.00349265337 1.03405952 0.488749623 0.200200975
    1.35102189 0.797519803 -0.280903637 0.8091802 0.493831158
    -0.34289676 0.914997041 1.47225618 -0.545390904 1.2058059 1.5191865
    -0.265393823 0.756550848 1.44234669 0.595843732 0.781183064
    1.26620626 0.0929998755 0.546227872 0.833594263 1.21671009
    0.333267033 0.30458194 0.625461638 -0.331555188 1.16470397
    -0.322183013 -0.365146041 -0.505449116 0.474919736 0.569495797
    -0.516081333 0.469585121 -0.14357698 0.782804906 0.459802389
    0.460040569 0.590572119 0.51088506 0.579072535 1.43395877 1.37814975
    0.415437758 0.569860637 1.1306715 0.960339963 1.41011441
    -0.323759913 -0.336293131 0.258912206 1.52326238 0.322769791
    1.66660547 1.32875645 -0.361674041 0.995965242 -0.283183753
    0.903708696 -0.369997561 0.19687885 1.32531667 1.49999392
    0.426160395 0.657738447 -0.251351595 1.04222345 0.461200297
    0.683445513 0.625609219 0.385915935 0.345785439 -0.505948186
    0.293427825 0.584282041 -0.0510355234 1.26335323 0.393745661
    -0.469374061 0.35051316 0.806537747 -0.196667254 0.277218938
    0.152913272 -0.299574792 0.52695322 0.61773181 0.089851439
    1.11998081 0.729635954 0.387063354 0.443121493 0.32093209
    -0.463796526 0.878089488 -0.48135677 0.352413833 1.03569579
    0.607360899 -0.324742734 -0.0722658932 0.0715252757 -0.196974277
    0.237740576 1.41853571 0.946676075 -0.359275103 -0.364594311
    0.963677526 1.22075295 0.395216346 0.269053042 -0.0244410038
    0.182783425 0.704133451 0.629967272 0.527509093 0.895662069
    0.585619748 0.640970647 -0.0167787075 -0.365475148 0.157998919
    0.452786505 -0.0435692668 1.01467204 1.18132198 0.456773281
    1.49406123 -0.309653968 0.36496377 1.25985932 -0.427080691
    0.659563839 0.935127079 0.705901802 -0.177353442 1.24963355
    0.0700731277 0.474267721 0.467441201 -0.438683629 0.375691295
    1.04641068 0.465026021 0.96432817 0.35182941 0.871510625
    -0.142843276 -0.512093544 -0.370185316 0.377700865 1.24032712
    1.36646914 1.35594296 -0.0648369491 -0.170926154 -0.265636712
    1.24191284 1.06335807 0.389403105 1.53341591 0.938445568 1.3259418
    1.32530963 1.05164123 0.857980132 0.681236148 0.561712444
    0.341496646 0.229102552 0.786894977 0.968158722 -0.49141264
    1.27410984 1.3879478 -0.0067949295 -0.450096101 -0.358086705
    0.596645415 -0.363155961 1.25241685 1.11179066 1.46741176
    0.964101076 0.147382081 1.14251864 -0.527189434 0.521777689
    -0.364166677 0.833212018 1.06095529 0.321699858 1.17549133
    1.28992343 1.33549023 -0.295807958 0.287656546 -0.448866725
    0.788229704 0.165514588 0.952004433 0.183415294 0.752926409
    0.0495781898 0.449326456 0.16288799 0.987324715 0.297396958
    1.09934664 0.488050163 1.48661768 0.169983029 1.06416249 1.20127296
    0.339264095 0.0267251134 1.17996442 0.498024225 1.10668302
    1.02994061 -0.486880571 0.196637034 1.15492463 0.247252345
    0.168856502 0.61658287 -0.232481211 0.660832882 1.51168346
    0.692730665 -0.486200392 0.0918927193 -0.556763411 0.858575344
    0.139059663 1.3322885 1.45914125 0.210021615 0.74956876 0.302328229
    0.160655856 1.15462136 1.25951099 0.997846723 -0.408514738
    0.409564257 0.0803332329 0.966859102 -0.171916008 0.147581577
    1.12713838 0.787653387 -0.550500572 0.666022241 -0.0477434993
    -0.0334100723 1.05266106 0.895677209 1.25194538 0.818123221
    -0.28307873 1.14529073 -0.321788669 0.93240571 -0.218542695
    0.51713568 0.270009637 1.12791204 1.37887621 -0.0795549452
    0.594579637 1.13627887 -0.229710937 0.239927828 0.912089825
    0.0395686626 0.228123605 -0.404643893 0.180024028 0.964719415
    1.03395939 1.2147218 0.283150554 -0.257533699 -0.494991392
    0.657220602 1.12373447 1.52802658 -0.173762381 1.35246634
    0.977043509 0.102970123 1.08075488 -0.320339233 1.10432518
    0.0895315409 0.742571175 -0.0618740916 0.715938032 -0.131097347
    0.723355949 0.552406311 0.757983983 -0.405344009 0.0854739547
    1.48168552 0.541594744 0.387538731 0.642177284 -0.202157021
    0.878999054 -0.124225616 0.0456470847 1.16104496 0.294747651
    -0.447331727 0.820157647 0.371152699 -0.552125037 1.08802938
    -0.214148223 -0.304237187 -0.358619809 1.2635107 1.33408082
    -0.0932689309 0.887312114 0.60132122 0.78824544 0.875921667
    0.765617847 1.23367965 0.506602585 -0.194726706 0.792018235
    0.663305461 0.125712037 -0.0923291147 -0.489769638 0.72193563
    0.408563733 0.69073832 -0.456822783 -0.0732716918 0.892518878
    0.131724 -0.175214529 -0.44808057 -0.437275767 0.183760047
    0.530242264 1.24101806 -0.0385700464 0.0217742324 1.46249866
    0.311521232 1.07844734 -0.319485128 0.678403139 -0.515904427
    -0.152454555 1.33997631 1.50869608 -0.114056408 1.33465862
    -0.0092124939 0.678425431 -0.289117247 1.2972815 0.354661584
    0.58536762 1.25924802 -0.388997495 -0.129515588 1.00227928
    0.54580152 1.1982497 0.490649104 1.15108705 0.480668962 1.28879523
    0.59625262 -0.0851131976 0.168829918 0.463426113 -0.445423424
    0.693226755 -0.360833913 1.41896462 0.947445035 0.289947271
    1.18721199 0.686824203 0.350555658 -0.00514048338 -0.303386152
    1.06729388 0.957463503 0.447129607 0.937488616 -0.102217436
    0.295218825 1.31788528 0.67649883 1.05225337 -0.190423459
    -0.178728551 0.478649616 1.07540262 1.03004575 1.06743193
    -0.324193865 0.905875623 0.68907702 1.49848008 0.850688696
    1.39225769 0.460437596 -0.182181984 -0.00582024455 1.27401185
    0.684913039 -0.109201908 0.643638313 -0.383034527 1.37521219
    1.52921951 0.402917981 1.43903267 1.14228213 0.0729209185
    0.602446258 -0.010886848 -0.355960935 1.22803831 1.11251783
    0.424049199 0.218643606 1.4365232 0.682844102 0.714437783
    0.0177131295 -0.34973374 1.06696653 1.06915832 0.455875874
    0.970697701 -0.379103631 0.676159322 0.185162365 0.0820159316
    -0.176469982 0.629666209 -0.289438248 -0.165482581 0.72346431
    -0.0421451032 -0.254934877 0.803475559 0.630558968 0.0702521801
    0.262174845 1.46915567 1.21865129 0.678124607 -0.448670477
    1.04808247 -0.342688978 1.37319231 -0.406576335 1.08031893
    -0.141713589 -0.0278568268 0.046369791 -0.0651627779 1.34720898
    1.21454978 0.654790521 0.611891568 0.0241525173 -0.0256152153
    -0.254817247 0.171473563 0.580594301 1.03096867 1.03722 0.707259297
    0.167483449 1.52415299 1.35362124 1.11220467 0.0356484652 0.76532048
    1.46504855 0.848159134 0.597897768 -0.00779187679 0.198128164
    0.850163698 1.47115695 0.0136101246 1.09355712 0.0128398538
    1.18280339 0.332745135 0.88748759 -0.0152580738 0.117729127
    1.32429242 0.789610684 1.51733923 0.792618513 -0.341767192
    -0.17615819 0.197457492 -0.109824002 -0.215329021 1.25584936
    0.448940039 1.3788116 0.322143674 1.24681246 -0.410085738 1.2871573
    -0.474536359 0.910391808 0.792030215 1.43443584 -0.2050367
    0.0473900437 0.455155015 0.463039994 1.42290568 -0.15289861
    0.334357321 0.0227358341 1.35592794 -0.279462188 0.496579051
    0.141858995 0.732653201 0.915617585 0.251327753 -0.129107028
    -0.212014854 0.425608754 1.07863593 -0.0383836031 -0.492700487
    0.181590974 0.953054667 1.36245227 0.291193783 1.14182091
    -0.268181771 0.740960479 1.05241442 0.206308961 0.956531107
    -0.25319159 1.14214015 -0.168052226 0.440847784 1.54748511
    -0.168946832 0.457492799 1.36430728 0.624795854 1.33169544
    0.163936734 -0.195453674 -0.19443208 1.39653993 0.943903685
    -0.365175307 -0.393164009 1.2725389 0.31043905 1.15176773 1.30343604
    0.287518978 -0.016902864 1.26844525 1.15563965 0.814395189
    0.126978576 1.35544014 0.358980775 -0.262254715 0.563496828
    0.641968906 -0.0934740901 0.926326454 0.679845989 0.401058018
    1.47628653 1.36026216 0.662979245 1.11577868 0.556770086
    -0.0304553807 0.896244526 0.371925652 0.783229589 0.147723436
    1.05232704 0.0349827409 0.74046737 0.275036037 1.11761904
    0.0487502217 0.14223218 -0.0647044778 0.504707038 0.743980825
    -0.319286406 0.747534394 -0.47608012 0.595736623 -0.070009768
    0.489008904 -0.049945116 -0.323292345 1.00950909 0.70205164
    0.44375205 1.50922513 1.48785198 0.533054829 0.575854421 1.05469525
    0.896092236 0.0850394368 -0.454251558 1.20546007 0.569574594
    1.2727747 0.345430553 0.350065887 1.49739635 -0.421658844
    0.266225517 1.34871888 0.440849602 1.1998477 0.947742224
    -0.576639652 -0.114247233 0.628913045 1.37738848 1.49684453
    1.48641396 1.17997837 0.169742644 1.1674639 -0.505451083 0.845522583
    0.9357149 0.381043851 0.95545578 1.06354868 0.973586798 0.598552644
    1.3936913 0.219166458 0.659061968 -0.358189017 1.55505073
    0.911040485 0.284892917 0.983751655 -0.0676125884 0.631246269
    -0.202606559 0.268209517 -0.188113809 0.452934682 -0.240275308
    0.948490858 -0.229659706 0.530347407 -0.367621005 1.30969143
    -0.275189072 0.956174314 0.784073532 1.46092319 -0.482025355
    0.639866233 -0.0495834947 1.15357578 1.15608358 0.220278561
    0.491576672 0.560879946 -0.516668558 0.841848433 0.286710978
    0.722578526 1.4447943 0.497965574 1.08840275 0.75451988
    -0.0663828254 1.36450982 1.2278533 0.900255203 0.491460383
    -0.345570982 0.174119592 0.691786945 1.24153256 1.24240386
    0.34250921 0.126124322 -0.294265807 0.445638657 0.0906744003
    -0.102176189 -0.123351365 -0.134871393 -0.100022912 1.24162364
    0.0208855867 0.565395236 1.41739178 1.36620712 0.203541756
    1.01924443 1.07496858 0.348573923 1.09754086 0.270617425 1.2489326
    0.769514084 0.28681457 0.870874286 0.473431885 0.112898529
    0.839656353 0.261071503 0.28166312 0.0519663095 0.835150778
    -0.0461887121 1.43891215 0.0484710932 0.938185573 0.100348651
    0.303701222 0.61980617 0.445584357 0.48101604 0.799610257
    -0.300774246 0.160721421 0.867652237 1.07017756 1.13915467
    -0.0247716904 -0.457986265 1.03493881 0.263152063 0.00581669807
    0.992830157 1.05398703 0.541303694 0.753707945 1.40987277 1.20139647
    0.677979887 0.778710365 1.12251735 -0.3549757 -0.177054644
    -0.361110508 -0.176610172 0.160627663 0.707933664 0.00477617979
    1.27315462 -0.0600396991 0.143865347 0.800549567 0.467696548
    1.36389136 0.464936495 0.962500572 0.00381183624 0.815955639
    1.15176415 1.31074262 -0.447602093 1.18089867 -0.137354314
    1.29616189 1.18931496 0.851332605 0.61069721 -0.475489706
    0.813878417 1.41340375 1.34641099 -0.525899291 1.35179651
    -0.495052397 -0.311539054 -0.0976842046 1.28004622 -0.0699188709
    -0.394881517 0.657068491 1.42168427 1.1592958 -0.353572667
    0.470880449 0.28230083 -0.110346913 0.582701445 1.20428491
    0.840250075 0.44633621 0.91229105 -0.0682559907 1.26227212
    0.173495591 0.573012114 -0.198089838 0.761896491 1.06152511
    0.269986153 -0.0547596216 0.653530896 0.678558946 0.153228223
    0.420066476 0.0903410316 0.0433278084 -0.202465028 -0.392230362
    0.0676723123 0.823200941 0.227415442 0.355391204 1.03579652
    1.03893709 -0.268527746 1.15458488 -0.271417141 1.38924408
    1.05268526 0.83809644 -0.472786129 -0.0828614235 -0.292587429
    0.692819178 -0.518835008 0.463129938 1.06749034 0.934402943
    1.15113616 -0.283036619 0.654765427 0.201032579 1.5056864
    0.364392042 0.726516128 -0.388679624 0.885001421 0.926306784
    1.35826612 0.0356801152 -0.349110484 1.20296741 -0.165773511
    0.534851968 1.01768053 -0.233131826 0.924764395 0.560743451
    0.476288736 0.0793853402 0.782592952 0.188242137 0.0202629566
    -0.12534821 0.506851971 -0.485039264 0.742955804 0.117159367
    0.328395307 0.193278134 1.51032257 -0.0961979628 -0.290993214
    0.136343539 1.00133705 1.31940889 0.779856682 0.640467286
    0.486898601 1.27256167 0.59622407 0.777111948 1.06246626
    -0.224842072 1.4162147 -0.200287938 1.39733183 0.505117536
    -0.0734171867 0.238578737 0.608074665 1.37724411 1.2884264
    0.725480676 0.242016971 1.15300322 1.35641599 1.35231996
    -0.387677342 0.0203129053 1.42216694 -0.319774389 0.427290142
    -0.211984605 -0.00734567642 1.59405947 -0.173868805 -0.00238835812
    -0.389828265 0.335938632 0.451147705 -0.319995701 0.962331533
    1.12188983 0.749192655 0.657108426 0.643085718 0.958060145
    1.01103902 0.127160609 0.81381917 1.24412155 1.40818334 -0.313973784
    1.52897716 -0.502609193 0.971384406 -0.299689144 0.877411306
    1.26029253 1.38486052 -0.18134442 0.00400435925 -0.411051869
    0.438390017 -0.351740181 0.627558827 0.604242086 -0.218298435
    1.05894208 1.47617304 1.49350142 0.198123753 -0.537982523
    0.783969641 0.952472448 0.822533906 0.491317689 0.323857307
    1.54160655 0.314872921 0.473758817 1.03872418 -0.219989061
    0.954584301 0.34308672 0.751526356 0.260292828 0.681645691
    -0.382505834 -0.520061731 -0.300192416 0.599694729 1.19117832
    0.894797742 1.07917452 0.884125173 0.805178285 -0.347234875
    1.01878548 1.44395745 0.783832073 0.42151171 0.27445662 0.219162583
    0.185319602 1.08715081 1.00647151 -0.294313878 0.651643276
    1.46670914 1.30954528 0.786069393 -0.447620094 0.83156848 1.31329536
    0.76068759 0.0635755062 0.212882936 -0.241494775 0.103042603
    -0.290193826 0.781547248 0.845949709 0.604653001 -0.0610332787
    1.4493587 -0.368592441 -0.478810072 1.04179358 0.0118570328
    0.758528829 -0.398135722 0.0070400238 -0.313379645 -0.107402712
    0.522636533 1.44196725 0.551046968 1.46220624 0.0201491714
    0.929373264 1.16713357 0.920575321 1.53634095 -0.269130141
    0.721800745 1.18996894 0.798188567 -0.0796187818 0.0838621855
    0.629717469 -0.240953237 1.47968698 0.242852509 -0.011877656
    0.750281274 -0.429798216 1.19094563 -0.0435353518 0.240431011
    0.450858474 0.17589879 -0.285316944 0.582823098 0.17305088
    0.631562769 1.32716799 -0.0381758213 0.0564289689 -0.458494186
    0.651058674 0.787015378 -0.156949341 0.323669672 -0.0477989316
    0.873966336 -0.386104852 1.05675817 1.11225355 -0.476834238
    1.34695423 1.02053761 0.937470436 0.702692688 1.4794035 0.42674008
    0.521784663 0.786485851 0.525954902 1.33265388 0.642846525
    -0.00853323936 1.28535914 0.382229626 1.45058894 1.48656332
    1.01815367 0.29926008 0.566229165 1.1299032 1.13384867 1.17850947
    0.953482866 1.50013447 -0.475424409 -0.18639335 0.0268572569
    -0.16225791 0.115881801 1.4655354 0.712657452 0.539042711
    0.359158397 0.641186714 0.880553305 -0.194360375 1.41576493
    1.5028038 1.16797566 -0.242189407 -0.194038808 -0.388555855
    0.259386659 0.785101831 -0.319133818 0.308644533 0.807446301
    -0.0496615767 0.383078158 0.154034615 0.0496792793 -0.209539771
    0.457945704 -0.444398373 -0.0923017859 1.03142262 -0.204278082
    0.906467676 0.392163396 1.53479505 -0.251403898 -0.223099589
    0.288550079 -0.406863213 1.29019713 -0.173665136 1.53382266
    0.304259717 0.33449775 -0.339688718 0.0106024146 -0.133407205
    0.112499595 0.428004861 -0.215171844 -0.187345743 -0.257676244
    1.22806692 0.233980238 -0.321693897 0.748784661 -0.204903513
    0.227352619 0.734443665 0.439083457 0.335856855 1.01902294
    0.455550134 0.630561829 0.816785753 0.172069967 0.852229357
    0.890407622 0.396327257 -0.455846131 1.0889523 0.407321811
    0.968586683 1.27927494 1.34559798 1.42320633 -0.293754548
    -0.0625991225 -0.28486973 0.819097519 1.34803152 0.556135058
    -0.327395171 -0.345086932 -0.270547509 1.54307771 -0.444990814
    -0.298045844 -0.182814062 -0.305373847 0.814026296 -0.253618896
    -0.0109440386 -0.495088547 0.0128921866 0.827072084 1.26889586
    -0.183532655 -0.371300042 -0.408276111 0.438286304 1.35240805
    0.0455746651 0.60165 -0.332056284 0.53505981 -0.329977632 1.36019921
    0.461270154 -0.426896542 -0.280583322 1.47591496 1.23594713
    0.344548047 0.0814164281 0.669112802 0.928029418 -0.313012421
    0.119226277 1.12656569 -0.2614398 1.46834588 0.652730942 0.906678975
    0.754683673 0.692173779 1.13237965 -0.306412339 0.836029351
    -0.181790501 0.133462965 1.09428155 1.07931018 1.202806 0.273832381
    0.0729953051 0.368765354 0.618233681 1.42726564 -0.0725975037
    0.24832952 0.820097148 0.146538854 0.132109046 1.18598366 1.29636097
    1.08391798 0.886034846 1.27738953 1.29704845 0.597836435 0.87429142
    0.700817108 1.38213372 0.929421306 1.15851188 0.536400318
    0.568421364 0.632739007 1.00436866 -0.0712687373 1.41957831
    -0.576281309 -0.0745867491 1.43707561 0.804969728 -0.00966221094
    0.443570554 1.40468633 -0.329701275 1.29244256 -0.0647224486
    1.27079892 0.236180305 -0.181324989 0.855238855 0.207259119
    0.838698328 0.123811781 -0.0194097757 1.48392975 0.571747303
    1.32085311 -0.0613847673 1.34895706 0.0310583115 0.43023622
    1.15882373 0.273130655 1.02337289 -0.388030291 0.415881097
    -0.194679558 0.315936863 -0.185028464 1.37879872 1.05706835
    1.13545156 1.37169826 -0.490825891 0.443245113 -0.334565759
    1.20259476 -0.482535928 -0.3430942 0.746194065 -0.0257762074
    0.99426502 -0.0767429173 0.425666213 1.2828989 0.976532698
    0.834770083 0.655036986 0.0645095706 1.14753008 -0.0345181227
    0.81375438 -0.117569268 0.415814996 1.18507969 0.855741382
    0.462946475 0.995994449 1.19396615 -0.053447485 1.500283 0.750483871
    1.09535575 0.807497084 -0.421680927 0.977643013 1.52208591
    0.438360125 1.35360682 1.6700778 0.579850316 1.51052868 0.938716888
    -0.264422655 0.525014818 1.06720233 0.766150951 0.593111396
    0.819768012 -0.199683994 0.874620974 1.19647777 -0.347501159
    0.158999622 0.505424857 1.03773737 0.193490624 0.505585372
    1.07745051 -0.315497696 1.45567465 -0.223449856 -0.39403826
    0.711226463 -0.0460779369 -0.195061117 -0.0300475359 1.00795841
    1.32849944 -0.432735741 -0.0869827569 -0.0015514493 1.5179528
    0.350482643 0.113925219 1.51481128 0.170666575 -0.402481973
    1.53001094 -0.0255196095 1.41185617 1.00161862 0.705609441
    1.50352561 -0.0421712995 0.632214129 0.0346066356 1.39484513
    1.53952122 -0.5007689 0.475143254 0.6479581 0.569161057 1.00804114
    0.226368904 1.14118338 1.48088825 0.00531166792 -0.275298297
    0.010871172 1.31493425 0.256779015 1.51132572 -0.0779994428
    -0.0313130021 -0.14664197 0.596187592 0.335963249 1.11657572
    0.292434037 0.907676876 0.0293363333 0.817721665 0.17515862
    0.0446715355 1.50368166 -0.184832454 1.19131994 0.640274405
    1.36708069 1.08600235 -0.267158031 -0.379182696 -0.133198172
    0.429371476 -0.309725106 -0.242208898 1.45731187 1.29526234
    0.981540263 1.28508925 -0.0738770962 0.977040768 1.18685758
    1.05326819 0.619517148 0.616388083 0.623827994 0.497738957
    0.374663115 -0.18262133 1.30361819 -0.250734031 0.531202257
    -0.348108947 1.22658753 0.878860593 -0.0413460732 1.27225518
    0.1840159 0.206690997 0.76311934 0.0554911196 1.33158398 1.26666141
    0.979246259 -0.347460747 1.19577074 1.10891771 0.0712460279
    0.682993412 0.487806201 0.311647296 1.52976561 0.791718423
    -0.336405754 0.57636404 1.30580461 0.502652407 -0.45115158
    -0.0388818979 -0.22907263 1.33740914 1.45781112 1.27901542
    0.922873735 0.601226807 0.0015527606 -0.0932805538 1.03528404
    0.0215092897 -0.203894764 0.471132219 0.661717057 1.39002109
    1.25775003 0.327376723 0.126944363 -0.50290066 -0.015625298
    0.63849026 0.167358339 1.26282239 0.750602126 -0.438190877
    0.821920812 0.792770326 0.283881307 0.0423074365 0.681622624
    1.21037602 0.812352419 1.18289852 0.53609097 1.25188768 0.968605459
    0.18675369 0.274643481 0.791859686 -0.548609078 1.37154305
    0.674889088 -0.439252853 1.28147221 0.388870835 1.14503384
    -0.200068742 0.141862214 0.352300644 -0.26789692 0.689402938
    1.01994777 0.771873116 -0.481503397 0.658888698 1.42140603
    0.0243923664 1.018417 -0.329950333 1.08740067 0.462717712
    0.422447681 1.43890429 0.603358567 -0.462720692 0.945502937
    -0.465900719 0.127574921 1.12141645 0.346005559 -0.122190207
    1.01168919 -0.112393558 -0.0881474018 -0.488900512 1.1594069
    1.13237286 0.820031524 0.136985123 0.495551765 0.39021349
    -0.0298555493 1.44351125 -0.14572686 -0.117144376 0.512393713
    -0.401501536 -0.384375423 0.143650651 0.538540065 -0.270120144
    -0.458237171 -0.432488799 -0.204189628 0.170268714 -0.374728322
    1.27794683 0.786999047 -0.125566572 1.45658541 -0.236177027
    0.951549947 1.00402927 0.449367166 0.647563457 0.112474144
    0.259243429 1.31173253 1.29304266 1.39491141 0.49587214 0.948649526
    0.643140852 1.35249686 -0.196137547 1.11520648 0.231231272
    1.09970903 1.10874987 1.53696895 1.34058428 -0.295457006
    -0.251471072 -0.276965141 0.0373284519 1.04932499 1.44416451
    0.871738911 0.782673359 0.986634016 0.432908118 1.31718373
    0.626113474 0.54674226 0.555265844 1.14225221 -0.466858387
    1.23324561 0.610978663 1.05341864 1.46100259 0.111870944
    -0.525012672 0.934187651 1.10989094 1.05373836 0.245017529
    -0.253041685 0.765647411 -0.153134823 0.784627199 0.989104211
    1.0404104 0.614088833 0.648334026 0.652831137 0.813677728
    0.868751347 -0.388731778 0.811590731 0.938401997 1.40956628
    1.31976032 0.424500227 1.3621062 -0.29671976 1.14463711 1.0797112
    0.761613846 1.11105323 -0.429776907 1.43881536 0.676209688
    1.38992858 0.649947047 -0.302772403 1.10044503 -0.163633347
    0.752437711 0.246700048 1.21150529 0.6514045 0.168664396 1.39619851
    0.132972658 1.47090948 1.51272118 0.478509963 1.1916225 0.341219246
    0.53371644 0.340998411 0.158205509 0.152617991 1.50873411 1.42928803
    -0.222022027 0.310674131 0.133578539 0.966593206 0.565585017
    0.978660166 0.30252248 1.04150343 1.32844794 0.908858716
    -0.0607280731 1.45633781 0.0433956981 1.24870872 0.322861195
    0.824127734 -0.218581051 1.4728992 0.446893036 0.383671641
    0.821671367 1.19260597 1.39611673 0.594084799 0.121650577
    -0.296892256 0.385889649 1.31484652 0.143790066 0.013576746
    -0.490868479 -0.364946783 0.778479099 -0.0934252143 1.10425591
    1.37114465 -0.188693345 0.552494884 0.456100345 1.48829508
    -0.0700266957 -0.316573709 -0.272505164 0.627770007 -0.308860302
    1.17190313 0.198646903 0.798972011 -0.231699616 0.342643499
    -0.121798664 1.05831099 0.77411586 -0.442135125 -0.0930045545
    0.377652228 -0.408049017 0.286628246 0.549915552 0.068836689
    1.29512978 -0.159792125 0.643460512 0.55656296 0.655053496
    0.89751935 1.30249453 -0.0877614021 0.100855529 0.14729917
    1.35104156 1.49788737 -0.396087646 0.270626843 0.401778877
    1.25184071 -0.268688887 0.138906598 0.0441160798 1.12515581
    1.36224961 0.495348155 0.230820537 1.35683846 0.338780522
    -0.105976254 1.20898783 0.297963858 1.02323663 1.19593024
    0.656102538 0.673522949 -0.445177317 -0.394603431 1.37395287
    1.10574675 1.17379999 -0.0896711051 -0.30934453 -0.0134688616
    0.146006823 0.665549994 0.950669706 0.279100239 -0.000997245312
    0.858329415 -0.113430262 0.076421082 -0.483760357 1.21608031
    0.581133604 0.440792799 -0.0218275189 0.501959443 1.3820827
    0.0318942666 0.790391266 -0.00352209806 -0.209796965 -0.444880396
    0.740370989 1.08692944 -0.233278245 0.149968326 0.91472882
    0.370072961 1.25160789 1.52823043 0.250557661 -0.41798535
    -0.397701561 0.546701193 -0.0857326388 -0.0476451516 -0.264385492
    0.0188373327 -0.355678022 1.51745987 0.32675451 -0.355278939
    0.637823224 0.128603756 1.21400559 0.699473679 0.993329763
    1.36678886 -0.49785015 0.612165034 0.772554338 -0.176570475
    0.57372123 0.601917982 -0.377874792 1.29580832 1.54585361 1.35687447
    1.27804816 0.138362646 0.571748316 0.709958732 0.24982214
    0.572994411 -0.122375607 0.554384291 0.767688274 1.34486973
    -0.248290181 0.809548974 0.114545643 -0.0842131376 0.964730918
    1.33317852 -0.0116656423 -0.555507362 1.29543364 0.309171438
    0.0481449366 1.04797637 -0.413060665 0.242347956 0.849983275
    0.278344452 0.506579638 1.39116681 0.600298464 0.794900298 1.1769731
    -0.435044229 -0.305019438 -0.38579756 1.39947641 0.86709851
    1.06134498 -0.0199140906 0.97533977 0.704658747 1.12512326
    -0.353954464 1.404037 -0.41358465 -0.095153451 0.953968823
    0.686028302 -0.31647718 0.802069306 -0.344108939 0.111738741
    0.211119741 1.02831817 -0.161395699 -0.0476550162 -0.226605654
    1.01577342 0.716322422 0.227209091 -0.192240208 1.13418627
    0.366671622 0.220595956 0.202608526 1.36284888 1.32528651
    0.0380437374 0.701623917 0.0172471404 0.119774044 0.851323485
    1.47607422 1.14717436 -0.0859772861 0.232781291 1.46515703
    0.973157227 0.103874445 -0.000457406044 -0.150612235 0.670662224
    0.488023639 0.80494976 -0.337741315 1.044649 0.139450192
    -0.317806304 0.307498336 0.31565088 -0.458323061 0.194283843
    1.08704925 1.39582276 0.864034116 0.406172931 0.54905498 1.49149179
    1.07051516 0.33767736 0.799610615 1.07948375 1.35007584 1.51027882
    -0.355783224 0.287027717 1.22819948 -0.431626648 0.441846251
    0.828896821 0.364416897 0.00441938639 0.303879738 0.534770966
    0.38395977 1.41946983 -0.0788753629 0.159536481 0.304917812
    0.629980266 0.331105113 1.01190555 0.272857785 -0.545623302
    0.914824605 0.342001557 1.14265227 1.02896714 0.47423178 1.12614965
    -0.208529085 0.591282368 -0.527022898 1.3459301 0.950960398
    -0.512402833 1.30955863 0.896305084 1.21461296 0.803383052
    -0.327233136 0.493616939 0.0847847164 -0.0950459838 1.19903409
    1.22200346 0.724649012 0.663625658 -0.34380579 -0.230819613
    0.523079336 1.18063998 0.61293155 -0.326551318 1.16383517
    0.519235075 0.802901447 1.55270934 0.440041125 -0.286492348
    0.0856255889 -0.550615489 1.38679981 -0.572077572 0.798290253
    0.703556478 0.913157284 -0.162592262 0.657515168 0.88634932
    1.4446398 0.303187072 0.969766259 -0.302030087 -0.318027645
    0.398465812 0.788959265 0.602184415 0.205951035 1.0798471
    0.0352656245 -0.333962977 1.24734187 1.24670744 1.07141268
    1.26109648 -0.371015429 0.277910709 0.697775841 1.24065518
    1.04640269 1.245713 -0.342707455 0.9788481 -0.157041788
    -0.0781258345 -0.459805101 0.742408335 1.36736119 1.16855931
    -0.523107469 0.721258104 0.114836395 0.185769498 1.18607569
    1.12928259 1.2809751 -0.360694826 0.221240044 1.22671318
    -0.317797661 -0.185817122 -0.198254377 1.34325349 0.195125163
    1.22366548 0.853346407 1.10429335 -0.275392532 0.35722816
    -0.393242836 0.955406904 -0.0884426534 0.878260195 0.743431628
    1.55705476 0.780523062 0.18672061 1.05206203 1.20481646 0.531013966
    1.2069757 1.54199433 0.122338593 0.753398597 1.23990154 1.12909794
    0.394440353 -0.511670589 -0.477889657 0.718063831 0.0621652007
    0.19601953 0.731922567 -0.466272026 0.317767501 -0.0797668099
    1.18778312 -0.4629713 0.386434615 1.16721892 0.306112468 0.588346601
    0.695828915 0.145136833 1.26346469 1.49950409 -0.307791591
    -0.143760085 -0.33515954 0.555867136 0.176003635 -0.399261594
    0.220751524 1.17510104 -0.29954201 0.866458058 0.856495023
    1.44023466 -0.0410068035 0.152555883 0.630091906 -0.0992194414
    0.940941215 0.0232025385 0.336732626 -0.281516016 0.889577031
    1.15199745 1.42623675 0.413467824 -0.155735612 -0.0375813842
    0.704865515 -0.153230473 0.857221484 -0.0408819318 1.24903834
    1.22446132 1.14492559 0.329887033 0.303186119 0.745720506
    0.168105602 0.878230631 0.438941836 0.0372422934 -0.159542263
    -0.0581546426 0.334130049 -0.323824704 1.10717869 0.849128962
    0.896159887 0.959583163 1.23076606 0.592963815 -0.0490337014
    -0.374764115 0.540382385 0.146486461 0.934168935 0.115611851
    0.0813356638 -0.505631983 0.0776254535 1.06865525 0.983416975
    -0.129877985 -0.362394929 0.610819042 -0.303856492 0.796278238
    0.483840287 1.47999954 -0.435436428 0.314359605 0.854896307
    -0.490239799 -0.140214592 -0.50330472 1.52696609 0.465164661
    -0.351140082 0.815482259 0.97522223 1.17214775 0.472247422
    -0.410537511 1.31499052 1.08530283 0.993385732 1.52075112
    0.513655484 -0.292916626 0.540802956 1.40973258 -0.192813754
    1.20285654 -0.0907832384 -0.220540136 0.991589963 0.967033029
    1.5132401 1.13102698 0.7453866 -0.0459689498 0.187787056 0.221529126
    -0.201123178 0.824518442 0.504508674 -0.413783848 -0.19343096
    -0.170600951 0.781315625 0.827240109 0.379737794 1.50771856
    1.21848416 0.0794296861 0.905229032 0.337756753 -0.0578013062
    1.21069646 0.969158888 1.28199613 0.285691857 -0.405136675
    1.23866701 -0.0160852075 1.3963728 1.04073787 1.21081531 0.728480458
    -0.443262875 -0.112418115 -0.190313607 0.295717597 1.08897305
    0.90313983 -0.0248148441 0.946922779 0.971287787 -0.240183473
    0.172841847 0.892084718 1.3673737 1.191607 1.33166647 -0.112226933
    -0.326402307 -0.214592218 0.168841422 0.680129468 0.580525517
    0.318802178 1.29568529 -0.460194826 1.32326019 0.568174124
    -0.289440989 -0.237479061 -0.301896632 -0.18033421 1.15870261
    -0.192630857 0.257514119 1.0486809 0.980097473 0.989340305
    1.20870686 1.13699055 -0.361647755 1.09699798 1.34604347
    -0.0933302641 1.32579482 -0.347744107 -0.38897866 -0.163801372
    0.978423536 0.00690639019 0.246764421 0.726844251 0.533622265
    1.23820841 1.04003477 0.538756371 -0.135354817 0.599130273 1.0650605
    -0.287112325 0.549398124 0.904258549 1.28690112 0.937661052
    -0.393265009 0.825456798 1.37081599 -0.345140219 0.122369468
    1.16887879 -0.348590881 -0.336851358 1.20111966 0.389280558
    -0.0956656337 0.556778729 0.546211123 0.591313303 -0.0298317075
    0.651212752 0.243395686 -0.0212476254 0.197915077 1.07964921
    0.856426299 -0.148108333 0.623389184 1.43193913 0.426555276
    0.0526264906 0.627870858 1.45396197 0.907746196 0.978284359
    0.333453178 1.20943952 1.13748717 -0.156233668 0.672437608
    1.26267052 -0.488252163 -0.259536296 0.925166011 1.08032227
    0.779528618 -0.249231935 0.725956082 0.525366902 0.224769711
    -0.234660208 1.12941027 -0.0499512553 1.44517875 -0.198854029
    1.39449692 0.0214894414 1.04278803 0.986092091 1.48888063 1.49525988
    0.755559206 -0.1244286 0.074798882 -0.0141671598 0.937757969
    1.19915128 0.530069232 -0.104132056 1.08545375 1.11884594
    -0.171649933 0.869812429 1.01930773 0.425752461 -0.358603537
    0.534630358 -0.299476564 0.734151185 0.525397897 0.497579515
    1.26395321 0.984788895 0.117286921 -0.293216795 0.706831574
    -0.226065338 0.50593406 0.29383862 0.623886704 0.114050448
    0.562267661 0.104460895 -0.495777726 0.855799437 1.28764176
    1.1785773 0.612233043 0.0739160776 0.335027903 -0.00804579258
    1.39040422 0.810796499 0.12812227 0.15455687 -0.329069316
    -0.406701207 -0.0908450484 -0.311985433 1.31282473 1.03505039
    0.971273541 -0.0309837461 0.245644689 0.0140410066 0.531600893
    1.10196745 -0.0304844975 0.763836861 0.392871857 0.35160774
    0.273791432 0.938229918 0.371514559 -0.360063761 -0.316372275
    0.376113653 -0.333211869 0.782747209 0.550681591 1.46110654
    -0.499727011 0.864230752 0.982143283 0.961215436 0.859224439
    0.799440145 1.47606516 1.04561234 0.486427307 -0.350157917
    1.44377851 0.140206277 -0.539554417 -0.0835361481 -0.481528819
    1.42893302 -0.065748781 0.0508353114 -0.0794229805 0.874802291
    1.06745148 0.248038828 -0.509119987 -0.407980025 1.19799364
    0.0519003868 -0.410991788 1.45379734 0.982576072 0.582717657
    -0.147159189 0.80399704 1.41770804 -0.0559146404 -0.23285988
    0.020950973 0.597030997 1.4641372 0.987792194 -0.130812228
    -0.145330727 -0.264119804 -0.132403612 1.05447912 -0.183504045
    -0.361518472 0.829221606 0.608409286 0.890561521 -0.253075778
    0.0755968094 0.0846527219 -0.0782735646 0.873433471 -0.210735381
    -0.289580345 -0.209255993 -0.128411919 1.44787598 0.856645167
    -0.172465354 0.360124886 0.992246509 0.975737512 -0.367339969
    -0.0189055204 0.159541309 0.854758024 0.59645921 1.40418887
    1.27642274 1.17841482 -0.561269581 0.899016857 0.986186326 1.4330461
    0.607644498 -0.360187411 1.50730395 0.127708137 -0.458211243
    -0.00858056545 -0.204140097 1.13487589 1.40797818 1.22102213
    0.447684824 -0.117419511 -0.380356312 1.21388245 0.0508363247
    1.53541207 0.274540544 1.07479382 0.2356112 1.52844429 0.754871547
    0.879293978 -0.40232116 0.977475047 1.17124486 -0.400042534
    0.0832839608 1.24218154 1.41161251 -0.376903296 1.24000883
    -0.591828227 0.318355024 0.848053038 1.33408666 -0.031062603
    0.551229239 -0.100718737 0.81882298 0.9049775 0.60572809
    -0.0670793951 1.07239246 0.0208969116 1.06049323 0.970043838
    0.42254144 0.0173313618 0.561274946 -0.058812201 -0.492855251
    1.34335136 1.21587813 0.739712358 0.0587823987 0.532148957
    -0.134501666 0.601580739 0.208708286 0.380139351 0.105905712
    -0.362438679 0.559348464 1.01233304 0.27980572 1.34109044
    0.813463986 0.95398283 0.464533448 0.0711422563 0.37472713
    0.949697793 -0.0122883916 0.109365463 -0.329371989 1.26270449
    0.645450592 1.24040532 0.607908607 0.476839662 0.719615221
    0.584136009 1.35575962 -0.377177179 0.545507371 -0.449231535
    0.00535464287 1.42458105 -0.377985775 0.144854963 0.884904444
    0.145433903 -0.297314584 1.16441071 1.17832947 0.556018949
    0.166967928 0.754655004 0.534946322 0.872207224 0.954321325
    0.686187267 0.363667488 0.687183678 0.655357063 -0.228563517
    0.713090837 0.98511827 -0.287282556 0.508052945 1.10227704
    -0.20455417 -0.324940532 0.963300407 -0.0128518939 1.01226163
    1.00538754 0.4884004 0.557519019 1.25033212 0.490982711 0.264852643
    0.938224673 0.875657916 1.51417625 0.350260377 0.298773348
    0.694935262 -0.50312227 1.21956158 0.299253702 0.0601214767
    -0.209513038 0.436419725 -0.217342257 0.159955204 1.42029428
    1.22770023 0.0354691744 0.340477169 -0.414373279 1.48819566
    0.441900313 1.29436946 1.06507015 1.4043901 1.39965951 -0.152254358
    0.0850438476 -0.141573548 0.787399411 0.715334296 0.625167012
    0.902489603 1.34493935 0.843969524 -0.288751483 0.0802555084
    1.30734205 0.256449401 0.110646307 -0.201136082 0.887947559
    0.275823653 -0.29077065 -0.538193345 1.24154735 -0.367606699
    -0.181556106 0.749446869 1.11748409 0.970873594 1.21831489
    -0.130057573 -0.0735821426 1.49789286 -0.328135967 1.34010577
    1.53884482 -0.183345765 -0.441694856 0.830082178 1.21153879
    0.691290736 1.41042638 1.41909587 -0.479387105 -0.484567821
    1.20796824 -0.177316219 0.0679963827 1.24049008 -0.111663163
    0.0725607872 0.628701985 -0.400463641 0.969029665 -0.219462544
    0.351890266 1.10850513 0.444005013 -0.395475745 0.489780068
    1.5698421 0.760643303 -0.1940175 0.480470657 0.839726746 0.53584671
    0.680916548 1.49818981 1.37246501 -0.0712916255 0.263634026
    0.659827352 -0.0400909185 0.529945374 1.05139756 0.314362943
    1.44614029 -0.210866272 0.401880473 0.872131705 0.805997312
    0.347255826 1.23522246 0.150065303 1.50639057 0.479152858
    -0.144842297 1.42802691 0.642622709 0.179166377 0.198449254
    0.278123081 1.48476315 1.4392705 0.10430485 0.137413263 -0.159710497
    0.301588178 -0.320099682 -0.300030679 0.741118252 0.27455461
    -0.285669953 0.272040427 1.00892866 1.32979441 1.30544424 1.22877932
    1.36865497 1.1991725 0.349256337 0.495202363 1.37649524 1.05294991
    0.281961679 0.0928724408 1.44994533 0.886769772 -0.296586365
    -0.419445872 1.09632421 0.153936148 1.56321728 0.102418393
    0.925721765 0.94768703 1.36633086 0.238539517 0.294250011
    -0.474117965 1.2170887 0.715928495 1.35865045 1.48732328 0.640749753
    0.219165444 0.628881752 0.196829915 0.95566088 1.06775618 1.08512664
    -0.160906434 1.00778437 -0.510041714 1.50437939 -0.514713168
    0.176494002 1.09987378 0.970673203 0.314970732 0.453606904
    0.911112487 0.732557654 1.39677024 -0.219154298 0.59950006
    0.551621854 0.0132134557 -0.168615133 0.947690845 1.47003889
    0.691582799 0.234265745 -0.0629128814 -0.0552477241 0.984394073
    0.956728578 1.25587749 1.07326674 -0.49173829 1.36998641 0.337176442
    -0.444887519 0.00704163313 -0.17824322 -0.123739272 0.713009894
    1.11217499 0.342483938 -0.0363290012 -0.358258367 0.355571747
    0.258811235 0.39363116 1.34989452 1.08179855 0.55274719 -0.472444326
    0.685460985 1.1858182 -0.487305135 1.15420794 0.182984352 1.1479423
    0.920832515 0.592789531 -0.354280174 1.19613516 0.201195061
    -0.349591613 -0.292166352 0.195332587 0.673557639 0.218849897
    0.0441632271 1.3179189 0.726642549 -0.0249019861 0.232726216
    1.27368164 0.144805372 0.573588729 -0.0906179249 0.556006074
    1.02258873 -0.421561718 -0.389456749 -0.0933794379 0.366367042
    1.1405443 0.514960945 1.18124342 1.25738859 -0.0679005086
    0.959748566 0.21647495 -0.422647208 0.851695657 0.386849642
    0.809961259 0.597434819 -0.0302017331 1.30951023 1.13517904
    0.295835972 0.401688039 1.03737712 0.338792384 -0.193857223
    -0.47494483 -0.480391145 0.707556903 -0.440692097 0.119436741
    1.01613688 1.30895853 1.27057791 0.369932711 0.231352627 1.18184423
    0.830418825 0.926771522 -0.468759358 1.47621179 -0.480820239
    1.47349977 0.961794317 1.12751639 0.767086983 0.424283177 1.40068972
    1.14855886 0.478080243 0.860868812 -0.323604882 1.13164604
    1.40711308 0.312719107 0.646280468 0.349969327 -0.315477341
    0.324109793 1.00384521 -0.468525946 0.911461532 1.04192162
    0.462773263 1.24123859 0.877780974 -0.392607003 0.629336596
    0.845154285 0.926739752 1.08729827 0.639130175 0.992231071
    0.920287192 0.660090566 0.48096174 0.862043202 0.950933576
    1.33534467 0.763262033 0.356852472 0.0388528705 -0.248757005
    0.884937227 1.03428459 0.8908059 1.00276804 0.467213213 -0.123009592
    0.184158623 1.07694018 1.44990659 1.43072712 -0.380006433
    -0.385533303 0.715953469 1.35243261 1.26301074 1.13521647 1.07689786
    -0.16591832 0.120140254 1.15846193 1.19723153 0.313022852
    -0.0651974678 -0.17919156 0.928016126 1.0308063 1.06141281
    0.178233385 -0.049353838 -0.0952287316 -0.414849699 0.0124871135
    0.0817886591 0.144658267 0.326740801 0.2237252 0.467265606
    0.404604673 0.582924008 1.11267948 0.462374657 -0.446287513
    -0.0727899373 0.226904452 1.19632316 0.593351841 0.610705256
    0.345959544 -0.365974694 0.0326507688 1.38616955 0.247576237
    0.200163901 0.320827723 1.15012407 1.45148313 0.38558495 1.24997783
    1.26024783 1.50239611 -0.574464858 0.953581333 0.266975105
    0.616251767 1.09970856 1.35038614 -0.224856734 -0.050149262
    -0.350444078 0.423631668 0.756954551 1.4202714 1.12383556
    0.932948947 1.07660985 -0.528553426 0.629741669 1.10006654
    -0.392799944 1.56622505 -0.30481562 1.35869884 -0.14309144
    -0.422642648 1.14121747 0.533175051 -0.0406007767 0.0222919583
    1.30621028 1.28997087 1.25017762 0.099129498 0.525482178 0.244537234
    -0.416141778 0.0474121571 1.19995677 0.565559864 0.752367973
    0.0302925706 0.37558645 -0.270923346 0.557178974 0.208285332
    0.709000528 0.837469578 -0.0662992597 0.743452072 1.29202652
    0.330411434 0.0981021523 1.4484508 0.0394876599 -0.148147136
    -0.477125794 0.0133883357 -0.219762415 0.395498991 0.656659842
    0.597152412 0.194775581 -0.0512956381 1.33333015 0.325178206
    -0.19969061 -0.481894732 1.02950191 1.21580076 0.612270117
    0.123483002 -0.41435796 -0.351852238 0.984248877 -0.127448171
    0.824081898 -0.276220322 -0.0104361176 1.36554646 0.542443097
    -0.293147683 1.11380935 0.544149041 0.90618813 1.38131487
    0.877350926 0.414476573 1.19020343 1.08549321 0.62663132
    -0.125295281 0.293921769 1.21124125 1.29310775 0.486991704
    -0.195575655 -0.355671823 0.899731278 -0.185556948 -0.439880252
    1.03509068 -0.320317149 0.031994015 1.31788301 0.370459735
    -0.382843107 0.0478367805 0.962037504 0.187161446 1.2494601
    -0.192518264 0.405081451 0.449434459 1.40698373 0.190371156
    0.113724828 0.853022575 -0.208843291 0.976521015 1.44091141
    0.709193051 0.569082677 -0.15713948 1.24361837 1.18152618
    0.897723019 -0.527817905 1.40582204 0.20846951 0.392225921
    -0.213541597 -0.472075403 0.399001002 -0.146427453 0.56303364
    -0.439820588 0.811971843 0.982567847 1.19542968 0.761431038
    0.413234472 0.805675209 1.50301492 0.994341493 0.125961244
    0.788747668 0.155697644 0.222639203 0.616743624 1.1452235
    0.460995376 -0.00120228529 0.244996488 1.18460679 1.24457765
    -0.478105426 -0.153060734 0.00161367655 -0.210538119 0.612033606
    1.05776477 1.08366442 1.17929506 -0.331476867 0.719973087 0.4617908
    1.3954289 -0.137196928 -0.37791121 -0.525159597 1.48500085
    0.704794407 1.21077216 1.08965039 -0.107731521 -0.382129014
    0.971122503 0.646760106 1.43875563 0.815476596 0.280401468
    -0.0829128325 -0.384316504 -0.357847273 0.647319973 1.24541616
    1.1452179 1.13904858 -0.525503337 1.22185564 0.578692138 0.659011304
    0.717122257 0.696475446 -0.282156467 1.42442369 1.31601512
    0.784656405 0.64415139 0.811362386 0.432489574 -0.463908553
    -0.523804307 1.21161652 0.45234108 1.13782012 1.27726579 1.08439493
    0.0456880331 0.977555931 1.30424976 1.39235163 0.975480616
    0.734123349 0.138578236 -0.129869133 0.388113201 0.603373408
    0.776514649 0.354190737 -0.197623998 -0.441687584 0.0706828237
    -0.265187353 -0.36649549 1.09562624 0.347388327 0.662867725
    1.3936305 1.44981217 1.21503973 -0.373873055 1.08433592 0.472001135
    -0.15814659 -0.226900101 0.573906779 -0.158348918 1.28469396
    -0.25375104 0.381929606 -0.484491467 1.24580896 -0.163852364
    1.20738411 -0.304444969 0.0447112322 1.32149148 0.392371893
    1.47365928 0.217441618 -0.428798914 0.50542444 0.853904784
    0.486722827 0.258209348 0.819023132 1.38220024 1.14589787
    0.511186063 -0.229359597 0.79139924 1.27469194 0.8320961
    -0.438802898 0.0536387563 0.46825701 0.601396799 0.204678953
    0.127563119 0.910939872 1.07288074 -0.2697649 1.16638494
    -0.252993703 0.692216933 0.353659153 0.51470983 0.139093637
    0.75620687 0.201980352 -0.238897473 -0.375527889 -0.486727029
    0.452474117 -0.426614463 0.685236692 0.897201538 0.727103293
    0.640305459 0.227544665 1.34374869 0.239362895 0.83735013
    -0.0519309044 0.677598953 1.48065519 0.185594559 1.38162208
    0.738219321 0.508377433 0.808596671 -0.208185375 0.172912061
    1.54250896 -0.466068059 0.723672748 0.293655872 0.341251552
    0.760402203 1.10500538 0.554037988 -0.326721609 -0.32692945
    0.555147707 0.654248655 1.02357459 0.175015867 0.466183901
    0.078322947 1.07027626 -0.0390280485 1.53465557 -0.232842416
    -0.00796025991 -0.520572782 0.32399565 1.04046655 0.335125148
    1.03589785 1.58495426 -0.320403665 0.655682802 0.369663298
    -0.128237933 0.179130018 0.178189933 0.936603427 0.193638563
    0.711167395 -0.266165674 -0.450721413 -0.0201627612 -0.327655733
    -0.30844444 0.0269195437 0.376061916 1.41046214 -0.306268573
    0.762166858 0.0540866256 0.467882991 0.460299492 0.597189605
    0.860085428 1.16818619 0.85207057 0.64324069 0.0988951027 1.4762038
    1.21278584 0.0908559561 -0.410863549 -0.298258275 -0.0171734691
    1.26381707 0.449777484 1.35826135 0.984074056 0.867040515 0.51545012
    0.148660779 0.626036346 1.30510449 0.250271499 0.611483693
    -0.0793996453 0.943340003 -0.51654309 -0.192733467 1.17871881
    1.41826725 -0.0879869461 1.14892077 -0.146427989 0.0866110325
    -0.444892108 -0.0663581491 -0.0180872083 1.06046891 0.124765396
    1.20885277 -0.434473813 0.315325916 1.34347796 0.1719051 0.960151076
    0.107577324 1.15186834 -0.173456132 0.2850281 -0.523208618
    1.52766228 -0.089048326 0.946888983 -0.443274856 0.596817613
    0.39814955 1.55344129 1.13954711 0.792992234 0.566966891 0.659427881
    -0.330345035 0.139326513 0.438650519 1.6839453 -0.250302315
    1.77288985 0.96315515 -0.370916188 0.667871594 0.215246439
    1.07524419 0.21114248 1.49834478 0.0436287522 1.52120042 0.506570637
    1.32171667 1.50427389 1.22446954 0.457671344 0.632690012
    -0.164994627 0.51813978 0.971730292 0.159686267 1.38785076
    0.45245707 1.01674891 -0.456862867 -0.346847713 0.432473004
    0.650691271 1.28626323 0.862761557 -0.289316893 0.0405845046
    1.26615965 1.29570818 0.489271998 0.668041646 -0.16805464 1.34513521
    -0.521904171 0.381189644 0.493249476 1.4364202 1.1005671 0.17151314
    -0.0327394009 -0.556633592 0.824381649 1.38355923 1.02983022
    0.34925878 -0.200578392 0.0415738225 1.38078094 0.342040658
    0.318871975 0.985996962 -0.255255222 0.138826698 0.501052082
    1.15279639 0.0270759463 0.154253006 0.949409068 1.03187537
    0.831237257 1.22882032 0.222596467 0.275443077 0.718867242
    0.439459682 -0.510409415 0.984197497 0.177851677 1.00533283
    -0.163541198 0.630028248 0.812445998 1.41053426 -0.257384062
    0.154842317 1.5170145 -0.350045949 1.54099965 -0.258198261
    1.35098243 -0.449071705 0.544028878 1.26930594 0.112563193
    0.521674514 0.358601153 0.931776881 -0.021999836 0.26255846
    1.24593771 0.885775566 0.00495022535 0.0881168842 -0.229094625
    0.820731759 -0.19331491 1.24043214 0.998253167 -0.550581396
    1.49625993 0.864884019 -0.173254371 1.26951957 -0.37997812
    0.302564263 0.661077917 0.170046329 1.1515249 0.109241962
    0.239308238 0.184065104 1.32597876 -0.0942225456 -0.201103508
    0.763847172 0.773085594 0.111059427 -0.0173636973 -0.129133463
    1.04578936 0.458865225 1.04975033 0.262056649 1.5347569 0.225536287
    1.50362086 0.982943714 0.695392728 1.08227646 1.431602 1.26173127
    1.33727551 -0.250002801 0.279397547 1.0107255 1.24730217 0.236469984
    0.976518929 0.471840143 -0.34166199 0.644217849 1.30687428
    1.06308579 -0.406766772 0.265799701 -0.0335131288 -0.504219174
    0.770174146 0.229098737 1.03494132 0.142609179 0.35181886
    0.242848337 1.46563101 0.0252031088 0.266439974 -0.413839847
    1.5369767 -0.05803743 1.04212534 1.13587761 1.42949104 1.29115951
    0.169014633 0.0332593918 0.876569808 0.0822579265 1.48413444
    1.26234865 0.902105033 0.112375081 -0.0379071236 -0.363409042
    -0.126286894 0.552182734 -0.374784708 1.41898346 0.0806113482
    0.826185584 0.629167855 1.07089853 1.40514946 0.772729635
    0.437817335 1.25337899 0.522104084 1.06715047 -0.215148151
    0.599744081 0.0270849466 0.3971439 1.48256946 0.910330176
    -0.0501852632 0.72312355 0.460017532 0.0747291446 -0.318870634
    1.00172603 0.426500022 1.47425365 0.74444598 0.508896768 1.42340076
    0.138411522 1.06831288 -0.423075765 0.0616723895 -0.0554891229
    0.152981341 -0.461614102 1.44597065 0.931640267 0.325589359
    1.2462703 -0.496325344 1.41131997 1.22225487 1.52088666 0.571946919
    0.398574412 0.740877032 0.753001511 0.913297892 0.187131166
    0.215177298 -0.341605842 0.945870638 0.0196315646 0.293435335
    -0.111788303 0.902576447 0.10791415 0.914507687 1.32523811
    0.89062041 0.229736984 0.125748038 1.16082239 -0.364062995
    0.319048941 0.819722295 0.102563798 0.380442321 0.221058488
    1.27514029 0.882806897 0.748972833 1.35585928 0.414804727 1.30741262
    0.974003017 1.7395196 1.17861724 1.00629556 0.077344656 0.856991351
    1.53414512 0.373107016 0.629641235 -0.430914402 0.562738299
    0.851825178 0.40518719 -0.117391884 1.08481419 1.38446045
    -0.360821545 0.468170881 0.219637692 0.706065834 1.37440646
    0.419751823 -0.365047157 -0.0936827958 1.01886082 -0.372473836
    -0.357138038 0.358783841 0.81134665 0.70891577 -0.341924787
    -0.206036538 0.318085194 0.33726728 0.091458559 1.16550088
    0.264347374 0.238883972 0.654115021 0.803446472 0.135121584
    -0.0522007942 0.0382508039 -0.305610687 0.374521852 0.258847952
    -0.140528381 0.448701262 0.366591454 1.47600269 -0.260006219
    -0.33654815 -0.0155896544 0.417064369 -0.249437913 1.48138547
    -0.268524945 -0.037650913 1.00338519 0.222219378 0.332993954
    -0.455295116 0.718645096 0.815678358 -0.299130797 1.34723794
    0.856340885 1.38114667 0.501964867 0.994648814 0.29584372 0.46391654
    -0.501998782 1.17555761 0.653814077 -0.0153963268 -0.267607898
    -0.417125672 -0.000800520182 0.502099991 1.54112852 -0.480948389
    0.89241457 -0.00714319944 1.35504508 1.39956248 0.623531282
    1.12956691 0.177367806 1.01094627 -0.227128893 1.23309112
    -0.49211368 0.647897243 0.85148412 0.279826999 0.675517917
    0.847088456 0.333436012 -0.112632036 -0.0748308599 0.122147202
    -0.443645179 1.40637445 0.343275726 1.21916533 -0.0672655702
    0.0116735101 -0.383314013 0.384230137 0.734855175 0.0265398026
    0.173669219 1.57649159 0.264408112 1.12823713 -0.0734324455
    0.741033375 -0.0332745016 1.13683379 0.391286612 1.14156854
    -0.277706146 1.3453877 0.58084923 0.611992776 0.541930079
    0.574421227 -0.344124317 0.0421113968 0.767095327 0.147787452
    0.851237059 -0.445748866 1.34986889 -0.497193485 0.180357993
    1.10524297 1.13670468 1.47330379 0.0616542697 0.992027879
    -0.208584726 1.43746328 0.267623186 -0.331953049 0.767985642
    0.253685236 0.484714329 -0.108572751 1.31733394 0.809814394
    1.14340568 1.4052304 1.49940538 -0.513353169 1.50186634 0.695384145
    0.285811901 1.42107344 1.30771017 0.491406798 0.352972984
    0.325840414 -0.172097355 0.788182139 0.119755507 0.154976487
    0.532072783 0.159416556 -0.355770707 0.635791004 0.720695078
    1.40554142 -0.50762856 0.943091869 0.970837593 1.3971591 1.43429017
    1.03160357 0.935248315 0.96012938 0.20102495 -0.20214054 1.47207427
    -0.243938982 0.288780212 0.341535866 1.20992041 1.00934219
    0.40989542 0.399381578 0.909886479 0.910179377 0.24777019
    -0.0462569296 -0.314276099 0.901229143 0.047320962 -0.15401116
    -0.0452645719 0.454673409 -0.403274506 0.590461254 1.44528854
    0.643225074 0.920393646 0.164375186 0.51716888 0.666033149
    -0.26493755 -0.499000043 1.44186521 -0.255012035 1.54163527
    0.969528258 0.362622499 1.20500278 1.2843256 -0.390477359
    0.572787821 1.36216879 0.0248350501 0.648791373 1.07376862
    -0.4954983 0.838785172 1.44439387 0.224076211 0.462227166
    -0.481553257 0.568055034 1.34511375 1.1074158 -0.252107501 0.4634251
    0.169843495 0.185838401 -0.338565469 1.4368906 0.449225485
    0.132792056 0.611393034 0.0805401206 1.15501761 1.06838799
    0.931913495 0.319399238 -0.281550199 -0.171262205 0.0652558506
    0.0715853572 -0.32663101 1.09908068 -0.0125980377 1.49464679
    1.43091285 -0.317832232 0.139814794 0.51591301 0.843266964
    1.49463546 1.08099747 0.259445548 0.330174029 0.291839361
    0.0112230182 0.60172683 -0.0516348481 -0.0326505899 -0.448690355
    1.34661007 1.25196087 0.790800214 1.39460647 0.315724432 -0.34425652
    0.583374143 0.544388056 0.526565433 1.44953585 0.100937068
    0.598074853 1.017084 0.768370688 0.40468967 -0.420022726 0.707365632
    -0.205620825 0.844595551 0.715655506 0.356810033 -0.241526484
    0.687889636 -0.473844945 0.89089787 1.01818538 0.131551921
    1.34287655 0.0831713676 0.991948187 -0.183327645 0.0960810184
    1.08538246 0.11963284 1.31965137 1.2281152 1.41465378 0.0927638412
    0.680487514 0.291978031 0.676766992 0.32472527 0.278287739
    0.198999465 -0.364361823 1.47737241 1.12140262 0.23379612
    0.564400315 0.272871435 1.21304655 1.37189341 0.659477711 1.34704506
    0.678263128 -0.223238885 1.2508688 0.198707879 -0.129419953
    1.3155303 -0.27407831 -0.169490665 0.047630012 0.463644147
    -0.30554083 0.525107741 1.13151956 -0.181795239 0.132086247
    -0.343598366 -0.432679534 -0.370922804 0.315876901 1.33192074
    0.793951631 0.529178739 1.30050743 -0.241390169 0.617221355
    0.518371403 0.0241440535 1.39950347 0.544813454 0.964917004
    1.05544531 -0.148586929 0.818858624 1.27408206 0.25918591
    0.851012528 0.845150471 1.49964058 0.085411489 0.787515163
    0.774579704 0.171209753 -0.423764348 0.533767581 -0.182146817
    -0.190098166 1.27713084 0.251233995 0.0165768862 -0.368622482
    0.124527454 0.291918695 -0.0504422188 -0.118254125 0.12830767
    -0.0910212994 1.23698521 0.272050023 -0.267151564 -0.00524544716
    0.225016713 1.26458669 0.532006443 0.512682617 1.14545655
    -0.182756931 0.00827813148 0.475220919 0.218501031 0.558169246
    1.30181694 0.0547249317 0.218961716 -0.52150321 0.642270267
    -0.124207795 1.45029831 0.00717765093 1.44404411 0.642909229
    -0.164796799 0.71369499 1.04076767 0.722374797 1.45392537 1.270401
    0.829054832 0.137380779 0.350137591 -0.0662652254 1.49541903
    0.926145136 0.738740623 -0.236191124 -0.0868326724 1.24320984
    0.377068818 0.74765408 0.868859887 1.51994181 0.860038877
    -0.199990392 1.47938466 0.181474984 0.818475008 -0.1065754
    -0.24568224 -0.129080415 0.17727834 0.311918199 1.50509632
    0.27641809 -0.144800484 0.557087302 0.349735975 1.28025818
    0.479664564 1.4153583 -0.0295740366 -0.398304462 -0.231803238
    1.33487701 0.638275862 0.118577898 -0.328231573 0.462837219
    0.992914379 -0.444557548 0.0143612027 1.31153965 0.549030662
    -0.255001307 -0.0168836117 0.441844165 0.570215106 1.25490916
    -0.457878947 1.08857095 1.17069721 -0.427589893 0.517347991
    -0.497718543 -0.137385577 0.131315827 0.938710451 0.664066553
    -0.202267081 0.615076244 1.12270188 0.500557363 1.22448158
    1.38846505 0.280080616 -0.119214058 -0.0815654993 0.416230679
    1.27689481 0.970653057 -0.187153161 0.667487144 -0.227733433
    0.132959247 -0.484302849 1.54422295 0.957618296 1.04556501
    1.00357902 0.246879935 0.478561342 1.40707135 0.434124351
    0.588533163 -0.418854386 0.221875727 0.0955891013 0.76724565
    0.632620752 -0.297018528 0.571037233 0.639778137 -0.247282282
    -0.0764164627 0.0551381111 0.331699014 0.631776631 0.328979135
    1.18870592 0.662632346 0.821883142 0.00546741486 0.51504308
    0.117374361 0.83624649 0.798678637 -0.507393301 0.0872481465
    0.765777946 -0.22637248 1.22212565 -0.391667604 0.265650868
    -0.0417776704 1.02688837 1.37487102 1.44387555 -0.00681805611
    1.28057158 0.0870479941 -0.415974736 0.00180387497 -0.366287827
    1.25209296 -0.309655845 0.525338531 -0.209340125 -0.112130702
    0.0217838287 0.342279792 0.827344298 0.628651261 0.182692349
    1.26812732 -0.421772659 -0.316057384 1.4420675 1.30785584
    -0.420551062 0.585411847 0.895955265 1.12370896 0.772788346
    0.0734404325 0.718513608 1.29015779 1.46525693 0.934424698
    0.151806355 0.487628341 0.0335939527 -0.482690066 -0.125125796
    1.07872868 0.193274051 1.14859724 0.749639094 0.869871259
    -0.0126420259 1.37381625 0.328150988 -0.246238679 -0.425503075
    0.154868007 0.936175525 1.39198685 1.22579825 -0.407154351
    0.0960573554 1.26732755 0.508244514 0.22621268 -0.127589256
    0.195587695 -0.036018014 0.78960228 0.677813649 1.50181317
    0.644186854 0.761682987 -0.473160505 -0.0968260169 -0.308746994
    0.309109628 0.0305687189 1.34201968 0.586426973 0.0556090474
    -0.296503097 0.552587032 0.520253778 0.721285582 -0.0347187519
    -0.0455203056 0.927689731 0.404998422 -0.026632607 -0.304404467
    1.31040287 1.03731775 0.652654469 -0.479789555 0.172296047
    0.394962072 -0.0550299883 1.36043417 -0.0430276394 -0.271247625
    0.0583630204 0.592078507 0.431475282 1.3322053 -0.531028032
    -0.114054114 0.219062924 1.55204487 -0.0542230606 0.556761205
    1.34665966 -0.276030302 0.380896091 0.380876124 0.493846893
    1.03710401 0.909515619 0.227445722 -0.176428348 0.105774105
    -0.446879178 -0.0899620056 0.0516494513 0.145254076 0.257852495
    -0.551418185 1.23341823 0.308001339 0.910510421 0.521136642
    1.46803784 -0.00240391493 0.34711659 1.26078296 -0.514505863
    -0.164916188 0.126800656 -0.185086489 0.89668864 -0.132997334
    0.826332748 1.24475837 0.768328428 -0.563072085 -0.347151011
    0.755654931 1.21141338 0.430739462 0.33988452 1.2206738 1.1389668
    -0.363904953 0.896239102 -0.211000681 0.698554337 0.994224668
    0.841980636 0.722547293 0.109133065 0.186787724 1.30960155
    -0.0290156901 0.752547204 0.359014988 0.871463954 0.204736531
    1.50015044 1.3943789 1.07192981 0.123206079 -0.432158083
    -0.313977212 0.310463727 1.53503132 0.961392164 0.259028494
    0.485938966 0.0247063041 0.424645543 -0.562829912 0.0593439341
    1.23837221 0.613528609 0.905454397 -0.364889205 -0.102546126
    1.10451889 0.364897072 0.982539058 -0.477528423 0.67579031
    0.963435292 1.18200374 -0.0280733407 0.59878546 0.704459429
    0.715613782 0.11578387 0.959271669 0.540656388 1.31543207 1.25970483
    -0.142494112 0.575215876 1.4627887 -0.388296843 0.413010716
    -0.201921701 -0.0803981423 -0.0724630356 -0.188165069 0.292449534
    0.409991741 0.25133729 1.28092647 0.181267917 0.767027438
    0.0710860491 1.19242239 1.35773611 0.841990709 0.456212878
    -0.188566566 0.850613892 -0.549700618 0.0362487435 0.22208035
    1.49921513 0.343530238 0.250305593 1.16177213 -0.44566074
    0.497930884 -0.365913093 1.14475167 1.43438101 0.605296433
    0.565144122 1.5899123 -0.445878357 -0.299452484 1.5925591 1.2846837
    1.41973388 0.367750019 1.06251287 0.2746903 0.277713925 0.443318069
    0.450276375 0.0666161776 1.46713495 -0.26126641 1.07971752
    -0.0517082214 0.0321648121 0.0696589351 1.42985225 1.17887712
    0.883542359 -0.00805807114 0.395839393 1.4149158 0.353583515
    -0.331172109 0.827523172 0.744540036 1.18879294 1.53001225
    0.208754361 1.40804231 0.352773011 0.991807878 0.949079394
    1.42887735 0.624450743 -0.293825269 -0.145158678 -0.414258808
    -0.331887066 0.881617606 1.10360754 1.15289307 0.395055294
    -0.26133886 1.05230081 0.169434667 0.539928257 1.42826521 1.28337836
    -0.404004872 1.5140568 1.29760456 1.32078624 1.33929098 -0.551518202
    1.3895359 0.412875116 0.0162322521 0.375259697 0.781375647
    1.03276956 0.526946187 -0.209766865 1.04896998 1.19828916
    -0.432041883 -0.316432476 0.0935120583 0.31786859 1.29022741
    1.12593722 1.03830314 0.641223907 0.153483987 -0.403689265
    1.35807717 0.326239288 0.679556549 1.24571109 1.45802426 0.91437465
    0.0893655419 1.48563516 0.802233815 1.45147705 -0.471512377
    -0.168495834 -0.200624645 -0.0604383349 1.35929489 -0.0922676027
    -0.496593535 0.689962864 1.32006633 0.790265977 0.482316136
    0.413223743 0.123807847 0.614668965 -0.263999999 -0.0221271515
    1.3227334 0.886010826 0.264545798 1.33082438 1.44460964 -0.547432303
    0.187007606 0.231333733 0.312766671 1.14587116 1.14883828 1.24399281
    1.33928776 0.939259231 -0.0264940858 1.30604839 0.511916637
    0.521822393 0.0694526434 1.15283263 1.5246377 -0.190655649
    1.40727746 1.19309068 0.13994199 0.549713254 1.05309367 -0.501895726
    0.470804095 0.376149774 0.632479429 1.45770061 -0.350996017
    1.39747739 0.899435639 -0.140750289 0.220919788 -0.000931978226
    1.53275347 0.113202214 -0.362667263 0.988081396 0.109435618
    1.46818709 0.415335476 0.557858527 0.299020231 -0.437588215
    0.0864223838 0.61716485 1.13030815 0.472412169 -0.334962726 1.367208
    0.720992088 -0.398696601 0.399134398 1.40887427 1.52914882
    1.19252384 -0.42712754 -0.42479533 -0.343546271 1.34079766
    -0.06994012 0.810982287 0.404571474 0.260496259 -0.437473834
    -0.210341036 0.120447099 0.0800561905 -0.12049976 0.0237583518
    0.289682627 1.56170368 0.522987962 -0.286873877 0.770878971
    0.676548898 0.380927503 1.08795714 1.48898387 1.28002238 1.05205476
    -0.439725935 0.436477661 -0.145240605 0.14021492 1.47110415
    1.05723369 0.372518718 0.967006445 0.168069065 -0.325230598
    0.547031343 -0.220965624 0.271720111 0.0972337723 1.23813248
    1.49821508 0.331001461 1.30166495 0.869871438 0.434027851 1.16469181
    0.788719594 -0.101882279 0.352383733 1.5486629 0.0405730009
    0.187171638 0.322198153 0.553890467 -0.268080056 -0.252643287
    1.48805892 -0.405373514 -0.176425189 -0.276043087 0.497331262
    1.47957945 -0.000312566757 1.33583784 0.345610738 -0.152156264
    -0.0328007936 0.164842248 -0.17888993 0.160068393 0.033998549
    0.342945457 0.2034747 0.561659038 0.774748087 0.902375698
    0.173734903 -0.334518522 1.09771073 0.0996112823 0.374011695
    0.610887349 0.273222804 0.231876612 1.21028316 0.365059197
    -0.498068869 -0.304307252 1.53276539 0.0918930173 1.0740068
    -0.0108180046 -0.422195673 -0.0155391693 -0.400444806 -0.151336193
    0.185118318 0.601638317 0.369311035 1.18688893 0.114649653
    0.304793209 1.71476722 1.5462234 0.309349179 0.510235429 0.780901372
    0.774681449 0.46899575 0.912618637 0.3439188 -0.179688573
    0.413530946 1.22645903 0.620655835 0.211788595 0.325292706
    -0.594962895 0.75184238 1.11611414 0.780329287 0.30144161
    0.837580919 0.139727771 0.547846496 0.463682711 0.0290007889
    0.530831099 1.12647903 0.474007845 1.05626643 0.135885894 1.51562881
    0.433653414 -0.283647805 1.46339202 0.523048759 0.176629543
    0.28138876 -0.041775912 0.30229491 1.21789885 0.500781417
    0.279574156 0.873592198 0.833018303 0.690779924 1.40947413
    0.977604032 0.803106964 -0.520591974 -0.248913705 0.526296079
    -0.00469252467 1.34340656 -0.149647713 0.0274204314 0.26343742
    0.799373865 -0.32754302 -0.297943771 1.06118596 1.23345172
    0.334380984 0.90592736 1.15183389 -0.00680398941 -0.0112798214
    1.40233493 0.215325475 0.940874755 -0.333632767 -0.0458474159
    1.02319407 0.0911498666 0.165465534 0.944190741 1.11248994
    1.47925901 -0.0242141783 -0.0733116865 0.775490344 1.22979343
    0.907302916 0.168525934 1.49589157 -0.112048119 0.892362356
    0.412088871 0.0279487967 1.39269197 1.08539343 -0.489277244
    0.132290244 1.5554527 0.00237089396 -0.411211997 1.11940241
    1.51684284 0.284262657 -0.266418993 1.49396646 -0.126981288
    0.154069662 -0.52695322 0.417165875 1.14823294 -0.0482359529
    0.853119791 0.315056026 0.992073298 1.53296614 -0.499283433
    -0.432718188 0.536845684 1.09897077 1.25271535 -0.129599571
    0.974290371 1.10377002 0.820259213 1.35834038 0.342795134
    -0.36094898 -0.358781576 -0.3776806 -0.388302088 1.55325985
    0.655522883 -0.405538052 -0.303666353 1.42451501 0.0866458416
    1.41950047 0.741455793 0.50868088 -0.42075038 0.519500494
    0.822804153 -0.0879568458 1.23810589 0.329837024 0.461737394
    0.38260752 1.47689164 0.510469615 1.27712917 0.649133921 0.54709518
    0.667357028 1.15439749 0.124535859 -0.335640669 -0.100373983
    -0.43815887 0.127334476 0.758521795 -0.438280076 0.360716999
    0.376234829 0.37589699 0.883565903 1.5035497 0.650365412
    0.0803974867 0.903576076 0.0634903908 0.742985427 0.71371901
    0.353760123 1.43177748 0.301233053 -0.476302356 -0.36938265
    0.766893744 1.53039694 1.04042244 -0.0448594093 -0.332773268
    0.70982188 0.0220053196 0.259929776 0.744978189 0.0802772045
    1.09821868 -0.396892339 0.640213013 0.133200288 -0.370531678
    -0.0947525203 1.35512662 1.46494818 1.45830154 1.48845029
    0.679608881 -0.381295323 1.23441744 -0.297830075 0.0732425451
    0.63693738 0.793070138 -0.436401844 0.497063577 -0.235163867
    -0.444672108 1.092834 0.232586741 0.189810753 1.12091768 1.22252488
    -0.136814445 0.212761223 1.03624094 0.602971554 0.442498326
    0.61906594 -0.137971848 -0.133241504 0.0434869528 -0.314172029
    1.04576254 0.520033181 0.567631483 1.41018248 0.565895677
    -0.116915792 0.172469854 0.589594722 1.07181287 -0.471835673
    1.03249216 0.158329189 0.799465358 -0.263821483 0.418513954
    1.22693598 1.21897388 -0.48915869 1.42045116 1.35194337 0.506210625
    -0.322794199 0.869417429 0.0874376297 1.45414662 0.393994451
    -0.313757718 0.65135169 1.34760451 -0.303215653 -0.189548194
    -0.446987271 0.40076372 -0.161131501 0.426548153 1.15657461
    1.00436163 0.123926699 1.60739481 0.355733454 1.62304115
    -0.439818442 0.574059129 1.17459369 -0.394542903 -0.286916584
    0.601693213 0.544209301 0.407865822 0.907430768 0.168976128
    0.522642493 1.36224318 1.39327884 0.967316389 1.34964919 0.234287679
    0.433864713 -0.467321932 -0.3324669 -0.0390689969 -0.22234115
    0.872968912 -0.23032251 -0.352386177 1.16701818 1.30820251
    0.531724572 0.527499974 1.47419739 1.51844752 -0.360623777
    0.268401861 1.20564699 0.67151624 -0.242606014 -0.133160114
    0.392130136 0.370999157 0.111190796 -0.223122835 -0.458254308
    0.219989419 -0.32752192 1.32789159 -0.0992878377 0.00671118498
    -0.347832322 1.38564992 -0.0871947706 0.861767054 -0.443752199
    -0.00838518143 0.305292696 -0.290550888 0.313566178 -0.435640335
    -0.0359727144 0.323311687 0.931698501 -0.200079829 0.78101325
    -0.277406305 -0.433142066 0.751984954 1.28975952 -0.253577709
    -0.47558102 0.0347729325 0.695581913 -0.486542135 1.00227118
    0.0714483857 0.208048761 0.379924297 -0.462197661 0.135088682
    1.09360075 0.142593324 0.522521019 1.08658481 0.543205976 1.13851535
    0.362641096 1.03028584 1.03442609 0.0455067158 -0.297716439
    0.0451936722 0.645372331 -0.292119384 1.00325239 0.690561831
    0.392551661 0.62372458 1.00957799 -0.359354824 0.761740386
    0.222652495 0.425198197 1.28011 0.721040428 1.25778222 0.110838771
    0.015705049 0.270836115 0.846149743 1.34461772 -0.211041421
    0.526345491 0.993544638 0.523407102 0.0827035904 0.555201411
    -0.204284012 0.181536853 0.542204082 1.03992772 1.4005971
    -0.0837252438 0.962751329 0.252761126 0.769577026 0.435778201
    -0.472257614 0.280441761 0.539550424 1.32856846 1.38137698
    0.809825957 0.237204611 1.28059864 -0.57539916 1.47246504
    -0.121247023 -0.4246158 -0.109452665 -0.053550005 -0.272235125
    1.24778116 1.42626691 0.144400597 -0.042186439 1.51690733
    0.120450437 1.42983747 -0.238402426 -0.478997171 1.05881405
    1.47939587 1.06567979 -0.108240366 0.813684583 0.791102648
    0.856246471 0.166116178 -0.0534104705 1.38534427 0.0992718339
    0.713829994 -0.477034539 0.0710340142 0.119462013 -0.288571894
    1.15956712 1.45069182 -0.192551523 -0.0892301798 -0.297494709
    1.23142052 -0.183242708 -0.256555438 -0.251619071 0.626786649
    1.06336653 0.222800434 -0.139254272 1.10474288 0.499860525
    1.15986061 0.187988698 1.38419092 0.967834592 1.52497637
    -0.276415199 -0.217112988 1.19782352 -0.1064834 1.28487945
    0.316978395 0.622111619 0.88947171 1.14432192 -0.0609309077
    -0.216736734 0.795265019 0.460718751 0.863188207 -0.295827568
    0.399905741 0.502719104 1.31886172 1.44734573 0.726314783 1.19940352
    1.38206804 0.558426738 0.372023523 1.55509341 0.536718845
    -0.192936331 0.609045446 1.15939403 0.745845556 -0.240137398
    0.75101316 -0.45378989 1.55165565 1.16558766 0.792597055 0.371513367
    0.151119232 -0.266823441 -0.361059666 0.345039964 -0.428253084
    0.59349525 1.26303244 0.350434124 1.3081162 0.438663185 1.06714487
    1.44952297 0.30258894 0.168236494 0.685933053 -0.163235724
    0.713039339 0.411263287 -0.219100296 -0.351435781 0.242153704
    0.126296401 1.53013849 1.17288971 0.374476731 1.17663121
    0.0149754286 0.18772918 1.53959143 0.909792542 -0.0659001172
    0.844181061 1.11098862 0.157914221 0.673235178 1.11397421
    -0.247039258 0.977619648 -0.197262645 1.52874446 1.30244923
    0.0127641559 1.17052364 0.744677961 0.961553097 -0.551199913
    0.453103542 0.350491107 0.450037003 1.33499336 0.489126563
    -0.081784904 0.323521137 1.44027448 0.559300125 -0.271832108
    0.645054102 0.849628568 0.128100693 -0.0446389019 0.62753427
    0.0373987556 1.24202371 -0.526257396 -0.430833548 -0.0154049993
    0.8959198 0.0279504657 -0.324656487 0.967447639 0.200241208
    0.43255657 1.11530137 -0.364100188 0.195070684 0.225396514
    0.376188695 0.0204042196 -0.462308764 0.170662761 0.259842694
    0.392384827 0.231684089 0.928284228 1.34427357 0.0528110564
    0.408578515 -0.115466654 1.43323934 -0.38899833 0.794682741
    0.568973064 -0.156741828 -0.403629541 0.970937848 0.653113902
    -0.469879657 -0.232495397 0.0586442947 0.651939988 0.495449543
    0.102475047 0.337386191 1.40872204 -0.453137904 0.759469986
    -0.221700102 0.246068537 1.22257113 0.56342864 0.941108227
    -0.0149618387 0.408207595 -0.183894306 1.50441992 0.797279179
    0.466685355 1.45602417 -0.237004519 -0.504507601 1.03812766
    1.33209324 0.363576591 1.4316926 1.42956662 0.848707378 1.20430386
    0.241770387 0.689776897 -0.43101269 1.31426263 -0.119977355
    -0.18759644 0.64606595 1.25974929 -0.257412791 0.561593235
    0.165142715 0.94142592 0.796037138 1.26771843 1.09362447 0.719325364
    0.428621888 0.00255727768 0.494908214 1.41259873 0.538084626
    1.12225378 0.0764645934 -0.316941977 1.26811385 1.3798461 1.38187456
    1.15297723 1.27551222 1.48267412 -0.359407544 0.30693543 0.823626816
    -0.149263471 -0.18269217 1.25033677 1.04210687 1.13924885
    -0.356012166 1.06817544 0.492596269 0.872955084 0.706364214 1.294963
    1.07646549 0.347971261 1.20717895 -0.542317033 0.476451337 1.1234982
    0.713877261 -0.28287822 0.948329866 0.907888412 0.274507999
    0.988934934 0.0841813684 -0.278422952 0.128935039 0.501019239
    0.383207381 1.37710667 0.090010345 -0.538620472 0.409119904
    1.02536905 -0.520206153 0.6092152 0.694595039 -0.38871479
    0.473838151 -0.115867019 -0.0275682509 1.27756262 -0.109472275
    0.918676853 1.1547389 -0.310412943 -0.0363216698 -0.00421023369
    0.571475804 0.782756865 0.828406394 -0.265189707 0.313216805
    -0.365242332 1.1258049 0.908986747 1.31364346 -0.29876408
    0.696218908 0.126115739 -0.493000895 1.48328829 0.980076909
    1.09293127 0.570190012 0.880959809 0.701163173 1.22934735 1.16556132
    -0.570545018 1.4033823 0.0481657386 0.455862463 1.42706907
    -0.242108315 0.760577619 -0.455102295 0.736970723 -0.19768557
    1.20409369 0.0427719951 -0.139527678 0.916871011 1.10230422
    0.897209048 1.52773118 1.0912571 -0.324061453 0.017257899 0.64279294
    0.127717018 -0.203621984 1.19470346 0.737289429 0.862813354
    1.17908132 -0.0206100941 0.123011887 0.981086791 0.366965652
    0.30205822 1.4196279 0.0490764976 1.321877 0.239528954 0.849915385
    1.10627937 1.22659719 -0.235875607 0.169259608 0.205478907
    1.42741728 -0.0144603252 -0.0414022207 0.629946113 1.23330522
    -0.470216155 0.747436345 0.89580375 0.471175015 0.296055675
    -0.0496215522 0.478845894 -0.394562125 -0.318614155 1.03200364
    0.660573721 0.663872242 1.37960505 0.719230413 -0.119909629
    0.212016732 1.11043072 0.452832013 1.55738068 -0.00953096151
    1.0046773 1.03772998 -0.138514429 0.58044982 1.24864221 0.103111804
    1.22987056 0.307184517 -0.318516403 0.641992152 -0.305506319
    0.912742078 1.47680783 1.18204379 1.31276822 -0.396863967 1.27966499
    1.03249002 -0.359854221 0.129696608 -0.13349843 0.527401268
    1.15888464 -0.057667315 0.193228543 1.00231791 0.953226686
    1.27969027 0.285396636 1.02017212 -0.435365111 1.53711271
    -0.115182877 0.130065143 0.455948651 0.298546553 1.35729611
    0.195688128 0.477693677 0.871489763 1.15140414 0.675474226
    0.968162358 0.0432052612 -0.190059662 1.17236495 -0.199004412
    -0.22100094 -0.0348642766 0.14614442 -0.174599379 0.446965516
    1.49778032 0.626980782 -0.200593561 1.55866361 -0.262601495
    0.861962974 1.47028351 1.22324157 1.51148272 1.42685986 -0.242391467
    0.602401912 0.651305616 0.46762675 1.52660429 1.34542918
    -0.0640804172 0.244744778 -0.0747082233 0.00845247507 1.24611771
    0.871460855 0.615869164 0.152561665 1.4968226 0.179069459 1.52180862
    0.415742815 0.664398372 0.235250533 -0.238574684 0.66152823
    1.19307709 -0.462163985 0.13942188 0.104445577 -0.333809733
    0.290468514 0.498024523 0.783831477 0.505410373 -0.00333631039
    0.734890699 1.38185143 1.44664955 -0.523753583 1.00719512
    0.864215732 0.266019225 0.225995302 -0.561531603 -0.255017251
    -0.0239655972 0.987010121 0.941884875 0.0576429367 -0.23658964
    1.1498735 -0.308333308 0.884682953 0.158372283 1.03884232
    -0.44648689 -0.187568486 -0.124431789 0.638676584 1.2509501
    0.494238496 -0.200153142 -0.144126475 1.25425744 -0.345464885
    0.968859851 -0.226169884 0.318821073 1.44379437 0.244733989
    -0.25517413 0.253584683 1.47284961 -0.146661937 1.46974242
    0.350285649 -0.389336318 0.0378692746 0.309214592 0.762274444
    1.1154108 -0.412000239 0.495234728 1.30262041 0.0345084071
    0.599723876 0.567671537 0.491640031 0.797286272 1.09651947
    -0.517724693 0.804598331 0.460095823 0.312862933 0.724744797
    1.31391525 1.5078125 0.717470109 0.849146962 0.458636045 1.1590637
    0.635918558 -0.0667132437 -0.337406784 0.794121742 -0.098238498
    -0.386136532 0.0615670979 0.10718295 1.35974705 0.542801142
    0.242797315 0.539819837 -0.0467859507 0.229569793 1.14467144
    0.375799775 -0.32363838 1.41028523 0.134594738 -0.136266798
    -0.0378316045 0.093231976 0.560283244 0.577848017 0.524139762
    1.15256977 1.37343204 0.563010693 1.07653677 0.598912776 1.02006221
    1.28639793 1.07857931 -0.0526083112 -0.509500742 0.79769367
    0.298391044 0.947366536 0.0367218852 0.0580921173 -0.0562807024
    0.328517199 -0.489662945 -0.424368143 1.23814774 1.47011685
    1.47739172 0.555990398 -0.148108542 0.665377259 -0.502591908
    0.204946995 -0.0177317262 0.264367282 1.29186153 -0.401148975
    1.48102653 -0.152643561 -0.208438873 1.29153323 -0.203318298
    0.106768966 1.42381883 1.17357373 0.447543502 -0.320669174
    1.32046151 0.418110073 0.154331446 0.0328324437 0.487805486
    0.854349017 1.21023548 -0.0488733053 1.50644541 0.818603575
    0.433019996 0.47398752 1.20276487 0.576782882 1.03217816 0.736204743
    1.37410772 0.282708287 0.858035624 1.23931932 1.11736894
    -0.105387032 0.489112973 1.64827335 1.29900074 1.54191232
    0.929886222 -0.0199006796 1.38028264 0.455300152 1.17026067
    0.00759673119 1.11192632 0.832778037 0.617048562 0.535521388
    0.692085147 0.198987842 -0.257559478 0.118873656 0.788401306
    1.42846024 -0.532180846 1.13681912 -0.475968838 -0.272071242
    1.26590419 -0.503534496 -0.296760619 0.60378468 0.651220918
    -0.421276331 1.41308331 0.635429204 0.951100767 0.772466779
    0.690607667 0.641523242 1.30701542 0.785914958 0.561241031
    -0.0558331609 -0.230414569 -0.356659114 -0.212387234 -0.180240124
    1.55937243 0.93869555 0.930536151 0.830326021 0.346809566 1.41402292
    0.495504856 -0.267184198 1.26826954 1.04620767 0.747196436
    1.43861365 -0.156435043 1.02322781 -0.365741432 0.745321751
    0.16085577 -0.31113115 0.0630816817 1.18236482 0.488000572
    0.0138269067 0.399955511 1.31459737 -0.0944610536 1.06171823
    -0.288728565 -0.531265736 0.90075922 -0.32389915 1.4983232
    0.103382707 0.989745438 0.504887521 -0.080088228 -0.228554666
    0.877635956 0.182108641 0.777963281 -0.294991434 1.22887158
    -0.0412242413 0.0296193361 0.555471659 0.553255737 1.45452642
    -0.155359685 0.231607556 0.352566719 -0.0608157516 0.376695693
    0.159238994 0.201347351 -0.269860536 0.848116755 1.23834634
    0.0961629748 0.163620055 -0.451340675 0.636905849 0.632934809
    0.180251718 -0.130102843 1.05587459 1.28099394 -0.0688368082
    0.687168002 -0.348092496 0.479522228 0.907102823 0.963893354
    0.611071467 -0.32017836 0.452585399 0.750072837 1.38691258
    0.197196782 0.280322909 0.272795379 1.3525517 -0.481707156
    0.541551948 1.27688468 -0.115601271 0.470186889 0.056392014
    -0.333430052 0.914134026 -0.468803167 0.447365582 1.16368985
    0.966274679 -0.115063399 0.414767027 1.35442722 0.822899103
    1.14487326 -0.358619153 0.0771817565 0.819099009 1.49975514
    -0.17978996 0.441341937 0.669385552 1.09254599 0.047903657
    0.742575407 1.46308506 0.944456339 -0.0435750484 0.354778647
    0.482315123 0.544319093 0.0108096004 0.310677767 0.912694395
    1.5160954 -0.0762514472 1.28178096 1.20625472 -0.446012288
    1.50458264 1.45764494 0.127875566 0.182439089 -0.271402031
    0.675331652 0.921755552 0.359776586 0.35580048 0.999029875 0.9483248
    0.418840826 0.553695858 0.312370002 0.674776196 0.20886606
    1.04432154 0.581161201 0.82624644 0.910873711 -0.380060196
    0.479910851 0.389147162 1.37426925 1.23915982 -0.38030228
    0.780544996 0.00895673037 -0.362601429 0.935930908 1.27756643
    1.12825334 0.922061265 0.985811174 0.026131928 -0.441965729
    0.501787186 0.580588281 1.04966486 0.634612739 1.09874558 0.67048192
    1.0394069 0.466842711 0.254198372 1.58674848 0.797808766 1.15676868
    -0.157081515 -0.483153641 0.86770463 -0.216692001 0.808276117
    -0.256370574 0.84500581 1.39313149 1.06867957 1.32773554 0.786266923
    0.00931197405 0.918874443 1.20899856 1.07138824 0.18716085
    -0.56116432 0.667183578 0.447380185 0.94205457 1.3718828 0.774656951
    -0.196344346 0.772119045 0.033780694 1.55097389 0.431020141
    0.713937044 0.832829356 0.525186718 0.361396849 -0.262664109
    0.96137023 -0.107627571 1.26207232 -0.499590725 1.18906033
    0.168614924 0.992920339 0.989970922 0.973956048 0.937728286
    0.684293509 0.673033237 1.71231842 1.06652081 0.855778337
    -0.0663129985 0.33136946 -0.0129881799 -0.267051697 -0.322234333
    -0.324324608 0.400316656 0.388340712 0.420244336 0.0684616566
    1.02410483 0.217225611 0.0462519526 0.257444024 1.42204094
    0.956721246 1.23933482 0.840428412 -0.213822782 1.54232013
    0.156064689 -0.509965241 -0.283437639 -0.431604058 1.02669859
    1.10962296 1.41302729 0.0160158277 -0.033159256 0.793802917
    1.36638105 -0.358957976 0.397764504 0.617468834 1.44640779
    0.492310166 1.38436985 -0.370673478 1.10581648 0.808223546
    -0.522320926 -0.208568484 0.373869717 0.814218163 0.429109991
    0.814689875 0.576669216 -0.329661012 1.21436977 -0.323188841
    0.977740765 0.348776042 0.0679763556 1.15381253 -0.219694793
    0.597527504 -0.396986991 -0.291070163 0.295017004 0.925993562
    1.37183142 -0.209850162 0.358338952 0.859389603 0.839522421
    -0.390652359 0.725698769 0.702651083 0.432856023 0.725974679
    -0.203340441 0.37530762 -0.248490334 -0.280478656 -0.242933691
    1.51110077 1.17423916 0.157027185 1.07300866 0.0391029119
    -0.0435308814 0.210705876 0.726398885 0.136193037 0.148358226
    0.514583945 1.02883172 1.33189571 0.582911432 -0.0425959826
    0.0650819242 1.46291351 1.50273705 0.0246474147 1.52407312
    -0.377804816 0.830712974 0.312834322 0.689637363 -0.382496715
    -0.0375128984 0.664934397 -0.261944294 0.6133672 1.39664888
    -0.359374821 1.36393595 1.28646183 0.328545094 0.498388112
    0.782944024 0.989403129 0.897649705 0.346998036 0.194578707
    0.18771559 0.0346929431 -0.200209647 0.251062453 1.29840827
    0.23876828 0.578567386 0.108197689 0.879417419 0.10697484
    -0.0464847386 1.11382198 1.06001449 1.01544118 0.368049562
    1.09191799 -0.339393288 0.717802882 1.01209521 0.765655637 1.0069015
    0.248046339 0.39990592 0.538958549 1.1654079 0.776931882 1.26308882
    -0.0780431628 1.3868649 0.844149351 0.210217535 -0.246914893
    -0.00291693211 1.3728714 -0.268371135 -0.42723158 1.04554462
    0.340650678 0.350586176 -0.0674388707 0.854373634 0.0813686848
    0.0705174208 0.751222849 -0.009298563 -0.482348561 1.30388033
    0.104044139 -0.456153661 0.0125151873 0.900186241 1.35335696
    0.952134371 -0.433181703 0.102303267 -0.400181025 0.245096505
    0.130065024 1.16039705 1.14675379 1.20328474 1.3659749 0.881024718
    1.16720641 -0.399639875 0.33160764 -0.040469408 1.34452832
    0.235470116 -0.0765200853 1.44194531 -0.536403775 1.2607162
    0.248839319 0.378113687 0.111818314 -0.324346304 -0.552074373
    0.179884017 1.43763399 -0.447216958 0.0541460514 0.818585336
    1.46602297 0.768128097 -0.187790334 -0.152099341 0.595873415
    -0.14193958 -0.248320609 -0.301980019 -0.413627654 1.57570219
    -0.313533962 0.832947075 0.925532699 -0.364981592 0.760763586
    0.166044891 0.153075814 1.13868701 0.745348454 0.350059748
    0.493064165 1.29377413 0.16442591 0.910658121 1.46318555
    -0.563199103 0.250002503 1.11398292 -0.0270962119 -0.361760795
    1.23098147 -0.138944626 -0.140644908 0.953308284 0.967788935
    0.16302526 -0.249326825 0.17021805 0.0282668471 -0.280146778
    0.268027723 0.412986517 -0.0699572563 -0.110333234 1.15887356
    0.939166009 -0.549337745 -0.244364262 -0.226014495 1.02720594
    1.1187017 -0.360109091 1.17562795 -0.237143397 0.282082886
    -0.33210364 0.331262141 0.240854323 0.155240119 1.06061995
    0.135019898 0.837509871 0.223352373 1.07516551 -0.532241702
    1.47405136 0.637555122 -0.359459519 1.23365307 1.54638886
    -0.264205098 0.996130466 0.375454366 0.157456875 0.458820343
    0.845810175 -0.469515502 1.45760751 0.767564774 0.507490754
    -0.0277400017 0.0482506752 0.974034727 0.76539278 1.19612765
    0.91635114 -0.273553908 0.964854956 1.08352757 0.0103140473
    0.927930593 -0.476221919 0.816751361 -0.113889366 1.05692077
    0.763770938 -0.0320692062 0.654578149 0.37815541 0.90223819
    1.17646837 -0.149758399 0.203063488 -0.289036453 1.4851017
    -0.273984939 0.0565588474 0.0603613853 1.15811896 1.01997042
    1.22103596 -0.102964491 1.18724036 1.09555578 0.434871554 1.33334589
    1.55296564 1.42065287 1.29667389 0.464769423 -0.453040093
    0.201110482 0.48219198 1.3631165 0.752994537 1.36575007 0.481153131
    0.870100677 0.463272452 1.00958097 0.3754884 -0.320457757
    0.163929343 1.21182466 1.46970081 0.522008121 0.293812633
    0.369296432 1.21794128 0.929613948 1.19809556 0.598831892
    -0.172036767 0.304888606 -0.256769091 0.418796897 -0.0621111989
    0.59143573 0.0487525165 1.25570059 0.575915396 -0.220262229
    1.1096344 1.16387868 0.338162899 0.959353983 0.272412121 1.02335429
    -0.308059722 1.27798486 -0.216350019 1.04735422 1.52154374
    -0.0367591381 0.252690971 0.326415956 1.45831442 -0.50698334
    1.28001237 0.940004826 -0.124067992 0.235978186 -0.413214386
    0.131480068 1.12372899 1.31909466 -0.416171432 1.45346308 1.07742596
    -0.271671414 1.18979669 -0.446663976 1.3005116 0.993450046
    -0.238768101 0.815569222 1.00755262 1.44156492 -0.0337902308
    0.751181066 1.42603278 1.19306695 0.450556755 0.632064342
    0.920986295 -0.310128212 1.13367391 0.872487366 1.19667161
    0.252173424 1.14951801 -0.531490684 0.531391919 0.745894194
    1.29529536 0.2382586 1.16227722 -0.278365731 0.755388856 0.623021603
    1.18712568 0.105663538 1.42007661 0.874925077 0.10930419 0.205832362
    0.0744345784 1.26737952 1.0587275 -0.0531475544 0.179535687
    1.36574459 -0.197267085 1.25668287 0.732268453 1.40069199
    -0.485873044 0.601605117 1.58633971 1.49682593 -0.397748172
    1.02648556 -0.190662175 0.390675724 -0.448468208 0.423447907
    0.401709557 0.395680189 0.949344456 1.21012318 -0.166479111
    1.17903996 0.0985360742 1.16860926 1.48365927 0.877319813 1.11657476
    0.755591154 0.632890582 -0.275536656 0.0372629166 0.908003449
    0.343521714 1.10911644 -0.423919767 -0.178996205 0.886757255
    0.113420725 -0.157426387 -0.0655169785 -0.0364058912 0.970320106
    0.148522645 -0.303033799 -0.479752809 -0.011654824 0.403107703
    0.570696771 -0.477356464 -0.352287322 0.0570614934 0.588128209
    0.266201794 1.49249792 -0.292571843 0.0868041515 1.42153788
    0.544214606 1.0308677 0.229649305 0.700000525 0.156086326 1.50064588
    0.670680046 0.656838477 0.454044163 1.25974655 0.199729383
    0.927550852 0.249500692 0.2526474 1.46232212 0.999178231 0.211435258
    0.850534916 1.31685615 -0.0884988904 0.795008481 0.505667508
    0.043368876 0.432725787 0.0753502846 1.0143404 0.41993773
    -0.0354833603 0.588988066 -0.507230341 1.47077465 -0.0429571271
    1.19332337 0.925265133 1.4850421 1.06850564 0.59680748 -0.13106513
    -0.248584613 0.817633688 1.46595049 0.912575543 1.03491402
    1.40651059 0.0872579813 0.665324271 -0.184552401 0.558958948
    1.10028112 0.101742804 -0.450406194 0.287486076 0.74669975
    0.446269691 0.75944066 0.0269204974 -0.0779179335 -0.0896574855
    1.33630204 1.3862325 0.36556679 1.34640718 -0.497365326 1.17096114
    -0.0258902311 0.529144406 -0.548342347 -0.14992547 0.723449469
    1.22896254 0.133048952 1.45349264 1.24213386 0.0205153227 1.11214495
    0.653753281 1.47907782 -0.205501407 1.05900705 0.441332936
    0.766196311 -0.555695474 -0.377514839 1.09126163 -0.368902385
    0.443834305 -0.237465858 0.633333743 1.58645153 0.883762121
    0.757586658 0.309668839 -0.496339798 0.17960757 0.47788775
    1.24802279 0.829407454 -0.134101212 -0.454855084 -0.250635058
    1.52951562 -0.456301421 0.241390467 -0.068680644 0.859395027
    0.772254765 1.12622046 0.787128031 -0.156295061 0.27119422
    -0.226299316 0.675747812 -0.451496989 0.955516636 0.200854063
    -0.22353065 0.173406005 -0.000809907913 1.10166311 0.880825877
    -0.0825794935 0.986342847 -0.168838292 0.254655719 -0.178202122
    1.0192771 0.464107186 -0.209227085 0.468039811 -0.362761557
    0.903737903 0.117823541 1.41973495 -0.125762284 1.05873191
    0.969739795 0.135047913 -0.273301899 1.19720757 1.25357544
    0.520875633 -0.142178357 0.179503024 0.360008538 0.560136437
    0.37085402 0.898284137 0.783630192 -0.453918725 0.394489765
    1.0644356 0.663360834 0.969422936 -0.458780587 0.0949798226
    0.812344193 1.40184069 -0.0831430554 -0.390123159 -0.0991926491
    0.777152002 1.12966549 1.51225579 1.00325572 0.707477212 0.173641503
    0.419173539 0.874221563 -0.207226723 0.680760682 0.6456002
    0.806988657 0.147184312 0.744651616 -0.325213939 1.42596197
    0.244681835 1.2634263 1.33392072 0.116177022 0.82704407 0.0905309319
    -0.554972231 0.844373405 1.25712013 1.17067289 -0.347395211
    0.479280293 0.879640222 1.05148506 0.500510991 -0.239967048
    -0.348376155 0.601388395 0.353336275 0.80720371 0.155595362
    0.298226893 0.70948267 1.29092503 1.12867033 0.658167243 0.741603971
    0.645829618 0.581065059 0.0480972528 -0.249562383 0.398739636
    -0.390259266 -0.279291004 0.139803171 0.825593174 0.180067122
    -0.125946254 0.764193356 0.596126676 0.337158918 -0.283157289
    0.028197825 1.46833324 0.96547997 1.33009255 0.886649728
    -0.196190029 0.6350317 1.39119041 0.645144522 0.155270219
    0.376078069 0.216728151 -0.505879939 0.646727681 1.37573957
    0.724893034 0.384867907 0.25876534 0.918962479 1.05020595
    -0.357684284 0.989714146 -0.324011087 1.38334012 -0.253484786
    1.26415062 0.0488367677 0.372368574 0.804261744 0.825140595
    0.125908256 -0.34558937 0.596175611 1.30776668 0.351375639
    0.523959875 0.164713085 0.52169311 0.141112506 0.25110209
    0.455202878 0.10982126 0.113574803 1.37011743 0.626070142
    0.918983936 -0.433638632 0.787351549 0.111866832 0.661993861
    0.914180815 -0.406112492 -0.25392136 1.41938424 -0.474579692
    1.03633475 0.258430064 0.228693008 0.911845684 0.598823667
    0.988830268 -0.0582471788 1.2520256 0.24505043 0.489302516
    0.440470994 0.450129867 1.01409328 0.987700701 1.20465875
    0.368368059 0.466074109 0.449608117 -0.0562843382 0.937942922
    -0.41204232 0.57781285 1.43689871 0.446754932 0.903238654
    0.391710937 0.279729843 1.46401548 0.461412847 0.852332056
    0.734904408 -0.0185533464 0.152607203 0.961015761 1.54053688
    1.03419089 -0.232322723 1.51411676 0.635146677 0.337356448
    1.30599785 1.13406074 -0.271386564 0.376008391 0.980008483
    0.931332231 1.12243652 0.119545579 0.15495199 0.929424107
    -0.443388909 -0.0444885194 1.20541167 0.0724261999 1.03150976
    0.0265294313 1.39841843 0.891881347 -0.502644718 -0.124337673
    0.608697057 0.899170518 1.44180489 0.882789254 0.374758482
    1.05569911 1.19940567 0.857978284 -0.347614676 -0.010168016
    1.28426528 0.0458780527 0.00114738941 1.46250618 0.953508556
    1.01363969 0.287942171 -0.108923465 -0.458259791 0.967881441
    0.427307308 0.215667367 -0.0620115995 0.41878432 1.02363789
    -0.0398715734 0.0691119432 0.63551563 0.367537856 1.02133751
    0.474558413 -0.2429277 0.606208444 0.225185335 1.06120825 0.68065536
    -0.518228769 0.829373837 1.47985363 1.09005904 1.08664298
    0.818617165 0.746442318 0.977600217 0.63827461 -0.440743059
    0.659009933 1.24589252 0.537090302 -0.104585588 -0.0346171856
    -0.362736702 -0.456028283 0.565086663 0.497314155 1.01695156
    0.553113461 1.08614504 0.0035379529 0.170957983 0.00568878651
    1.22373176 0.272134125 1.28125405 0.278730869 0.389671445
    -0.172760665 -0.0829805434 0.138186038 1.12419653 1.18107545
    0.0141017437 1.45305395 0.103315204 -0.167040586 -0.415147096
    -0.421453953 0.0360601842 0.677470446 -0.36210686 0.0954286158
    -0.346626341 -0.0490037203 -0.136867374 0.446662605 1.04753351
    -0.116901338 -0.507462084 1.33481097 1.09647906 0.279916942
    0.287792802 -0.243521869 -0.11663717 0.977931201 -0.403254271
    1.37752318 0.34455806 0.995467126 -0.294921547 1.07967591
    -0.23225534 -0.26070568 -0.483845562 0.989317179 -0.292947501
    0.753148735 1.37019968 1.33574259 0.522137344 -0.179353446
    0.939025044 -0.0128793716 0.043926537 0.50182122 1.37586939
    1.37041402 0.825826168 1.07837105 -0.426290244 1.1011076 0.134606481
    0.623086452 0.154111266 1.18003333 1.3973279 0.794185758 0.328371346
    1.22681522 1.40563202 0.26487571 1.00866222 -0.279572129 1.10669041
    -0.0276961327 1.12821412 0.0202620625 1.50160003 0.228637457
    1.23829699 0.888620257 0.286679745 0.885577261 0.832915902
    -0.230638474 0.987579346 -0.285020381 1.04816508 1.10161638
    0.278397262 -0.0719593465 1.22863519 0.538746715 -0.304499626
    0.0458751321 1.55667138 0.614501059 1.09637165 0.0163033009
    -0.346104264 0.0190616846 0.878616154 1.55334663 1.55106544
    0.348781228 -0.0605894625 0.537339985 0.686570108 -0.379241526
    0.0437115431 -0.52381289 1.42499018 0.258043766 0.818205595
    1.05334079 -0.176953524 1.35679793 0.083930254 -0.278221756
    1.06050897 0.256108046 1.02744281 0.925673366 0.206201851
    0.176731229 0.790932953 1.14910853 0.567801774 1.29846656
    0.729771256 -0.120839179 -0.27020523 0.628372252 0.275186539
    1.06921494 1.18643403 0.070571363 0.247377872 -0.528096735
    0.804772377 1.5424515 -0.517286301 1.18797517 0.230432749 1.00132966
    0.505433798 1.4331789 0.688561201 0.539810181 1.23604929 0.993164659
    0.752889097 0.367158324 0.0228907466 0.602758765 1.54016018
    -0.253154814 0.561171651 0.490443349 0.917524219 0.553903818
    -0.387630254 1.58694768 -0.410800755 0.455191344 -0.358839273
    1.28230798 -0.325337738 1.12216663 1.17206168 0.955221415
    -0.0592339337 -0.425280273 1.36416435 -0.00436013937 0.495996416
    0.368864775 0.644143522 0.991120219 1.21800947 1.21463299
    0.967792571 0.718564808 0.664670587 0.0415975451 0.680799603
    0.468444228 -0.033106029 1.24668717 -0.436939955 -0.42704916
    1.32258081 1.27120614 0.287181139 0.634425282 1.18495297 0.244755149
    1.00390363 0.51486516 1.48633194 1.22118115 0.400870681 0.240413487
    1.16148794 0.00963276625 0.422377169 -0.13584128 0.385770768
    1.48197603 0.334181547 0.99706316 1.25685418 0.536891937
    0.0350794196 -0.0914802253 0.13325128 0.977700949 0.391554415
    -0.0683552325 -0.0195578933 0.664097726 0.280131042 0.923104942
    1.15956306 0.67312026 1.40834308 0.22930187 0.324208796 0.853543162
    -0.379959881 0.894744635 1.52013683 0.271656573 0.647483766
    1.29124033 -0.391857564 0.108400941 -0.247140229 0.665799856
    0.790880084 0.374135673 0.467306495 1.15522695 -0.326433539
    -0.264529943 1.49860787 -0.0210126638 -0.473685443 1.49050689
    1.13737118 0.292241812 0.902212858 -0.298616856 -0.368393987
    0.527237296 1.38648915 1.17655754 1.21708906 0.952700555 0.682728171
    -0.506126285 1.5218153 -0.303567559 1.29676652 0.264664114
    0.0420644283 -0.00834059715 -0.173920721 0.522410393 0.115282714
    0.553208828 1.07819891 0.0805114508 1.1113162 -0.0390687883
    0.686707616 -0.168154031 -0.265452325 -0.522983611 0.369637311
    1.18187296 0.36201334 -0.382304311 0.796616554 1.49222541
    -0.334709257 -0.378700852 -0.293997169 -0.320739329 0.762625873
    0.430541277 -0.242361844 0.424471557 0.999079049 0.373219132
    -0.437365055 0.272763729 0.348055482 1.18589926 1.52194464
    -0.374388218 -0.0464166999 1.46377563 1.44147491 -0.531653166
    -0.2336891 -0.329783916 1.45409107 0.550376654 -0.186540842
    1.09659505 0.736933708 0.375579715 -0.0121947527 1.31164801
    1.42170322 0.316392601 -0.198336035 -0.475940585 -0.489859343
    0.0956969857 0.701225579 1.2035234 1.26061749 -0.0399980545
    -0.187662631 -0.235079437 0.258806229 -0.270097136 -0.31409353
    0.952245355 -0.0537876785 1.02411079 0.769950986 1.51670337
    1.07682478 -0.498573273 1.32564986 0.563462436 0.150245667
    0.615671039 1.43655443 -0.222616762 1.22975397 0.698787689
    1.06362188 -0.443225205 -0.407485306 0.223855972 -0.274939775
    0.492738307 0.59675324 1.31843781 0.326662421 1.10362864
    -0.0654528737 0.19012934 0.494061828 -0.0823786855 0.0231744051
    0.87598896 -0.0770516992 1.47749913 -0.505815387 1.17612958
    1.34639883 0.938162088 1.38774681 0.595515132 0.40802598 1.42550087
    1.46442342 1.40532041 0.877559125 0.64189887 0.529829204 0.650280654
    0.576069355 0.81417346 0.253366351 1.45322871 -0.368296444
    -0.00551724434 0.514414608 -0.0938024819 0.0976590514 0.526213884
    1.35199034 1.34503102 0.0751335621 0.00985598564 -0.0644156039
    0.245968938 0.499784887 -0.356066227 1.15883863 0.68702817
    0.296200037 0.993250847 0.100469589 0.139266312 0.0894266367
    0.564525068 -0.382138103 0.974035859 1.05426884 1.31170809
    0.703415155 0.775650501 0.666394949 1.15588534 1.10936856
    0.180879384 0.0523495078 0.304018557 -0.252850294 1.0425036
    -0.35651505 0.366023719 0.253364474 0.673988402 0.00635549426
    0.226309359 0.0926476121 1.21104443 -0.477422178 0.0346691608
    -0.106766343 -0.53807199 0.581822991 0.769830048 0.450455785
    1.37036157 0.602517366 0.587861419 0.264197707 0.893330932
    1.21562243 1.46750379 1.15305638 -0.341323614 -0.000958025455
    0.420494854 -0.0857774019 -0.0486313999 -0.329731703 1.30316305
    -0.0552520156 -0.15279761 1.45077085 0.230676889 -0.455768704
    0.15587008 0.399943113 0.532175243 0.550125599 0.206299305
    0.416231036 1.1862793 -0.260229886 1.57731414 0.273968518
    0.296084046 -0.00593066216 -0.215204716 -0.253299087 -0.287848055
    1.29100657 -0.197551876 -0.477952808 1.60725033 -0.108910978
    -0.212531358 1.31789494 1.3956449 0.8127563 -0.000929296017
    0.742224216 -0.179652274 -0.27939406 1.1216979 1.31417346 1.07411182
    1.44600511 0.350725055 0.236522794 0.37886709 0.313157141
    -0.392340779 -0.0177543759 -0.387541473 0.0237726569 -0.145202518
    1.36780715 -0.343357086 0.863388538 1.2837739 -0.34031257
    -0.0371150076 1.31492138 -0.516232967 1.21066356 0.177824557
    -0.367623389 1.35083747 0.652616024 1.38573146 0.361667335 1.3399291
    0.594175696 0.325424969 0.0678972006 -0.354011118 1.20755744
    -0.237904131 1.5010283 0.556246638 1.05015278 0.085159719
    0.202850223 0.0936886072 0.693355083 1.52921629 0.236385584
    0.539634943 1.23359644 1.50205433 1.48999739 0.158674359 0.411889255
    0.109339207 0.75856787 1.039235 1.3045063 1.06854093 0.969640136
    0.821594298 -0.290277839 0.317435026 0.923902214 0.252234995
    0.58226949 1.10771143 -0.256022215 -0.462320894 -0.236414313
    -0.360711306 0.979395747 0.180291981 -0.22951147 1.08088255
    0.452854514 -0.387354434 1.43494177 0.182084799 1.16688049
    -0.316447914 0.854091167 0.164284408 -0.0214385986 0.375150084
    0.0256635547 0.568525732 1.40101552 0.216455162 0.224896789
    0.174998105 1.27317572 -0.575907111 1.28738308 0.651683927
    1.30981255 0.547203481 0.32103318 0.994363487 0.548299193 1.44200325
    0.0363076329 -0.353075355 0.437806308 0.572942376 1.49226689
    -0.320897102 0.938420653 1.22881269 0.388580382 0.0145017505
    1.35198045 0.868005753 0.71016115 -0.492847562 0.632081211
    0.353582501 -0.394747555 0.491106272 0.68309474 0.301638365
    0.629675031 -0.3436867 1.24062037 0.0577210188 0.347790778
    -0.446157068 1.20866942 0.565718353 0.346690297 -0.288638532
    0.823261976 1.17767477 0.992124438 -0.418786854 0.658137679
    0.722845852 0.691878259 1.05079007 -0.337791353 1.44621217
    0.0099709034 -0.408155918 1.04981506 -0.253404856 0.534529984
    1.33180618 1.12084007 -0.0211778283 0.401047051 0.374989748
    1.11303461 -0.234887123 1.23341393 0.0281467438 0.369364262
    -0.0746966004 -0.177506119 0.735560477 0.212847829 0.296078682
    -0.336883605 0.675341129 0.833682358 0.219730377 0.818066537
    -0.344560415 0.863002181 0.0177518129 1.23570132 1.58097172
    -0.433863223 -0.494121552 1.38042831 -0.117483944 0.909412622
    1.01632333 1.25192022 0.149557531 0.328407228 1.26280808 0.329570115
    1.20909441 0.675764382 1.0155201 0.687564075 0.406259894 0.291114777
    0.238345295 1.62303185 0.111925513 0.407270879 1.01467216 1.38095856
    1.06600082 1.00090408 0.329291195 0.500488639 0.0746924579
    0.367315322 0.361379534 -0.022289753 0.0119815469 -0.370726824
    -0.390663952 1.32931423 0.714323401 -0.390945971 -0.322811007
    0.923934758 0.115675449 1.42747426 0.704786062 0.361437023
    -0.0092831254 1.13347316 0.573846877 -0.54193151 0.296807528
    1.41027331 -0.241859883 -0.379438907 0.560108542 1.24622309
    1.17869854 1.21491408 -0.444256842 0.797570169 -0.234921932
    1.5282464 0.0604367256 0.412311435 1.33803034 -0.478911787
    0.250451922 -0.529308259 1.29561722 1.15248752 1.34743369
    -0.0918075442 1.19635415 -0.345190823 -0.40027824 0.0390882194
    0.886620522 0.84038496 0.881714344 0.0284371078 -0.0450357199
    -0.0166930258 1.56942248 -0.457560986 0.190722823 0.344664872
    1.26861954 0.618713498 0.601067126 0.11318475 0.20546639 0.495096326
    -0.176885009 1.10381675 -0.160736471 1.17724955 0.200245261
    -0.520435512 1.54104257 1.3088392 0.73012352 0.985706091 1.22436953
    -0.451853514 0.234698236 0.715796351 -0.0582331419 -0.00620400906
    0.87529546 -0.106295943 1.05330086 1.47877753 0.19839102 -0.19118458
    -0.23668766 1.37535548 1.30839813 -0.528817654 -0.508362889
    1.15611744 0.53506279 1.08787489 0.67538166 0.685022712 0.856892228
    0.0552210808 0.255299091 0.153662443 1.17010677 1.13762593
    0.713349104 1.08971763 0.0910322666 0.454755068 0.548471212
    0.237321675 -0.450646162 0.694853187 -0.154886484 0.21525526
    0.0591523349 1.48643148 -0.466341197 0.386992067 0.36410135
    0.90776974 1.48689532 -0.229589373 1.32473636 0.729978979
    -0.0402185917 0.920979857 0.878093958 0.0576097369 0.668761969
    1.34890163 0.729451835 1.59760761 0.841914773 0.324750513
    0.123282164 0.123269379 -0.392267585 1.030864 0.173079908
    0.792682707 0.411797583 1.40062523 -0.533649147 0.715238512
    1.26048648 -0.272545189 0.425943613 0.594084799 0.965413392
    1.04112947 0.954289615 0.847399056 1.30583215 -0.144622564
    1.38281703 -0.462510049 1.39749396 1.4875052 0.653303564
    -0.488577247 0.0258072019 0.172390103 0.856291234 0.470051527
    -0.496490836 -0.245129764 0.960067272 1.06208682 0.691827595
    0.541318893 -0.422837317 -0.16723001 -0.223190218 -0.473510683
    1.18204188 0.567127824 0.85541904 1.47737002 1.45033062 0.711149573
    1.33242691 -0.292607516 -0.333167791 0.713239431 -0.113111913
    0.347923338 0.368240356 0.260110497 0.787194014 1.2551434
    0.624241173 0.476018965 0.0211519003 0.566250384 0.586110711
    -0.49272877 -0.00782412291 0.420353174 -0.0385320783 0.823239684
    1.12504363 0.743250608 0.613544822 0.0600016713 1.19267702
    1.16218424 0.89671731 -0.0335999727 -0.416033 -0.0452335477
    -0.0931620002 0.399581969 0.164986789 1.12620687 -0.585560143
    0.578312933 1.02483845 1.50088489 -0.407936603 0.581244469
    1.51639664 0.824399054 -0.508930266 0.624475181 -0.442366838
    -0.245667815 -0.16343531 -0.0810680985 1.11697936 0.112974524
    1.06713831 0.019505322 -0.430621207 1.5375241 0.847967207
    -0.257404745 1.1923933 -0.0273960829 -0.40583998 1.02274811
    0.85752213 1.42216301 -0.00922083855 -0.514012516 0.77276057
    1.3762331 -0.400752187 -0.322843969 0.560930371 1.35841274
    1.24588418 -0.140008405 0.418354124 0.425687551 1.39279103
    -0.402236581 1.12043035 1.53320742 0.203525275 0.291406691
    -0.433762491 -0.152019054 0.786219597 0.499729931 1.29307973
    -0.354224682 0.781141579 0.307153583 1.2386322 0.328238904
    1.57000244 1.50857544 0.529561341 0.96257633 1.3846792 -0.428642005
    -0.0971162915 1.48305464 0.0885092616 1.28794384 -0.536426544
    0.768510282 -0.197673768 1.38505507 -0.422840059 0.289156199
    1.11132312 1.11856437 1.20137393 -0.428352535 -0.182349324
    1.53485596 0.850364745 -0.207028508 -0.436829805 0.282398999
    -0.0264445543 1.29969931 0.0518251657 0.094905138 0.223490417
    0.928975821 -0.388784111 1.08040416 0.0270000994 0.71311301
    -0.00837901235 0.39753595 -0.0970462859 -0.127871394 0.0660244823
    1.24376082 -0.182162076 0.790232539 -0.507037222 -0.254375875
    0.492901742 1.29973578 1.28770185 -0.110703677 1.41597629
    0.527465522 0.0580696464 0.354611337 1.11582756 0.92005986
    1.17696214 0.609051347 0.166143775 -0.174758255 0.941984773
    0.62296313 1.15666211 -0.380203664 -0.153666824 1.28051305
    -0.25104785 1.482337 -0.2989043 0.292641044 -0.510765612 0.947071552
    1.5223465 0.224249125 1.09431887 0.900463343 0.43668294 0.0350589752
    1.3439877 1.37539828 0.221050262 -0.553420782 1.46195793
    -0.105646282 -0.30995819 0.624397039 1.12596822 0.248587668
    0.231244385 0.676848233 0.0813273191 0.154771686 0.48258251
    1.0836736 1.19492733 -0.0681782663 -0.142054468 0.160186321
    0.185257047 -0.299598634 -0.359937042 -0.287513852 0.774920464
    0.879154921 0.467876911 1.07096434 0.337486982 1.36258292 0.58516705
    -0.240979761 1.45060086 1.3176074 0.831699491 0.79551965 0.639018416
    0.825341165 -0.160458684 0.438093424 0.233894438 -0.0149241984
    0.0184733272 0.945997834 0.0541259348 0.461477011 0.235053748
    0.811040163 -0.324378699 -0.137419552 1.05488348 1.4293313
    0.0454633832 0.758092701 0.395156562 0.43331933 0.0797966123
    0.222409129 1.46604037 1.1932106 0.109767795 -0.0753216743
    0.819109559 0.654668808 -0.0699412227 1.38511574 -0.0393499136
    1.51371002 0.792590737 0.468601108 1.0847044 0.0473453999 1.19059992
    1.18974459 1.47302842 -0.52203095 1.3506484 1.15749025 0.288843095
    0.695225358 -0.197665721 0.482722223 -0.36690253 1.03188539
    0.449187756 1.13887215 -0.083815217 -0.0992168486 0.245358825
    -0.234384567 0.417524338 1.08891797 0.0579910278 0.87270093
    1.3647213 0.865252495 0.805650234 0.709919631 -0.364939749
    -0.191878021 0.254782915 0.882388771 0.159641743 0.00417798758
    1.25501704 0.0140079856 0.376126647 0.908623457 0.14343375
    -0.257346332 0.473987103 0.177639902 1.08266711 1.05834913
    0.068225503 0.978687406 0.302325845 0.84016943 0.983882904
    1.38399959 0.230263412 -0.132871479 1.39599133 1.34540153 1.13913202
    0.596088648 -0.171586156 -0.203514159 -0.148436695 1.33715916
    0.580103457 0.471130013 0.620719671 0.668507576 -0.346126854
    0.952533424 1.55685842 -0.149866134 0.755342662 -0.400110155
    -0.269551098 1.04626071 0.0354596376 0.940482616 0.96690917
    -0.226437271 0.119212091 0.64115721 -0.365964502 1.03446579
    1.18791854 1.4987576 0.0165042877 -0.515296996 -0.545948744
    -0.213736773 0.992127061 -0.358935595 0.751219034 0.551452875
    0.894206524 1.43692088 0.137249023 0.570471048 1.22169983 1.44854486
    0.319090724 1.05284476 -0.184168816 -0.398255378 0.808929563
    0.0872621536 0.321735054 0.825184226 -0.312637568 0.190683246
    -0.457639009 -0.186001748 0.897319555 0.0426036716 1.48028207
    0.317188442 0.142569065 0.0159304738 1.24272895 -0.300950974
    0.254476249 0.565562963 0.746112347 1.48191428 0.724637151 1.0509367
    -0.0436729193 0.0789845586 0.717552543 0.805415928 0.721167028
    0.173351407 -0.0210340023 -0.165511042 1.49636626 0.0563976169
    1.07739699 0.215536177 1.27688253 1.4756844 0.697409511 0.141640067
    0.792494476 1.50113869 -0.175777048 0.708919346 0.314194441
    -0.418514013 -0.151018977 -0.0373068452 0.660754025 -0.341635764
    1.38772631 -0.211265534 0.668138444 -0.4313429 -0.529724956
    0.269617736 1.3039279 1.05774927 0.112360299 0.161578417
    -0.420850098 0.419241309 1.19526386 -0.357752323 1.08575487
    0.577222168 -0.107014 -0.474632949 1.06182492 1.4817301 0.503115892
    -0.322658777 1.23040974 -0.293547809 0.0864311457 0.241359532
    0.748951793 0.40787214 0.0460535288 1.46632206 1.26936293
    0.253987849 0.539378464 1.40409768 0.08980757 0.819441199
    0.235565901 0.489852071 0.901240945 -0.0840379 0.38253957 1.11485767
    0.0852687359 1.30549264 0.172702014 1.23366117 0.876060009
    0.656169832 -0.4796215 0.661579907 0.520662785 -0.0332036018
    -0.172055513 1.54741633 1.07116985 -0.0805163383 1.58528233
    0.54328841 0.323979169 -0.357996821 -0.386841565 0.204613835
    1.45560431 -0.0934751034 0.836769402 0.898654759 0.743182302
    1.19049311 -0.158548057 1.46079636 0.665969491 0.725621462
    1.17028046 0.516356826 0.438875437 -0.145351142 0.336506069
    0.539786875 0.677034378 0.762631178 0.179439038 0.220305413
    1.44523454 -0.205785573 0.0485488176 -0.319195032 0.896790564
    0.624517858 0.477157831 1.03393245 -0.442150772 1.48708022
    -0.493480444 1.46718383 1.48096848 0.529254675 0.864163578
    0.497972488 1.43514001 1.45086634 0.696392775 -0.495957166
    -0.0698207915 0.343956172 1.38843858 0.751695037 1.44263291
    -0.168833137 -0.308089197 0.600645304 0.381345093 0.492244124
    -0.328505158 0.32282716 0.872928619 1.48341084 1.39391804
    0.577705503 0.370217264 0.0502112508 0.97727257 -0.343241453
    0.668718815 -0.348792374 1.15358996 0.847108722 0.45280534
    0.0137051344 -0.0114649534 -0.335251659 -0.341028452 -0.348299623
    1.44369984 0.615228355 1.01747131 0.839317679 1.28989184
    -0.0256378949 -0.268584847 -0.184954762 1.3669225 0.890217543
    0.130864918 0.588116705 0.476023316 -0.442299485 0.976048708
    0.60827446 0.510601521 0.0207511187 1.48821664 0.460346699
    -0.21962738 0.58077544 0.191060483 -0.282854259 1.22494125
    1.28212261 1.3281244 -0.253385812 -0.0506325364 -0.591950655
    1.18255544 0.56059289 0.899352431 0.661588013 0.298697412 1.30079341
    1.43029785 0.762694597 0.0568535924 0.4025774 0.429599643 1.48104203
    0.71400249 0.0992901921 -0.467243016 0.226219535 0.177188456
    0.803027391 0.071703434 0.91501838 0.86929965 -0.00461083651
    0.132118344 0.382263005 0.712395966 1.09784675 -0.0911560059
    -0.455610037 1.42864132 0.883128405 0.830435276 -0.028288722
    1.42270112 0.809168696 0.748659551 -0.0295896828 -0.214333624
    1.35602987 -0.241771609 0.738921046 0.32100445 -0.362820178
    -0.368741155 0.272328168 -0.159975916 -0.02172333 0.111065447
    -0.0528330207 -0.237573162 1.31370389 1.11243665 1.14554179
    -0.319607496 -0.355185091 0.934981823 -0.184562385 1.44194317
    0.161535203 0.996660829 -0.54891628 0.181596875 0.904224992
    -0.177954018 0.358003259 1.03127372 0.534306765 -0.309817791
    0.164019704 0.125443161 -0.41420123 0.157392383 0.368783295
    1.00661802 0.615013957 -0.393584579 1.24512911 0.68018949 0.37057817
    0.121338427 1.34090185 0.98747474 0.695049524 -0.335085154
    1.52090454 1.34386683 0.224685729 0.483951509 -0.436670899
    1.12307286 0.145910919 0.0301103592 0.327439696 0.768377721
    0.279316485 -0.27590543 0.88640523 0.332722425 0.448357701
    0.74864918 0.292175472 1.38279629 1.28716958 1.21727419 0.0844777822
    0.475812316 0.787507415 -0.188068181 0.00605767965 0.208300769
    0.702230394 0.842270911 -0.0228869915 -0.365659177 1.28190827
    1.30767965 0.40662396 0.401262701 0.131283045 -0.00596410036
    0.862722635 0.532999158 -0.511157572 0.731116056 0.470290124
    -0.471455485 -0.015462935 1.19118547 0.449386954 1.3733902
    0.90137136 1.43979216 1.50213802 -0.256722927 -0.0745776892
    -0.0214719772 1.11601472 0.0176161528 -0.137133062 1.26033342
    0.302044928 0.900770664 1.4384551 1.16423202 0.582850873
    -0.0357493162 -0.471941441 0.77946502 1.34387267 0.509537399
    -0.467027098 0.174652338 0.485534847 0.239566088 0.323956996
    0.177961469 -0.124407291 0.059243232 -0.435830325 0.569737017
    -0.335003376 0.328126073 1.49553514 0.106318951 -0.173138142
    0.416509628 0.23172462 1.37298346 -0.268405497 0.57718581 1.18624759
    0.0157161951 0.889095545 1.42727864 1.36807394 -0.119359195
    0.692458391 1.06603765 0.437590629 -0.338103652 -0.282492101
    1.25228035 1.40515685 -0.342346311 0.0576885343 0.910581827
    -0.0622240901 0.640298963 0.235973656 0.425538778 0.0983538032
    -0.29053238 0.837400198 0.97962606 -0.460471272 1.20843482
    0.585010707 0.0602184534 0.026716888 -0.307062328 0.310599625
    -0.429206312 0.403516352 0.788953006 -0.198942274 1.30442357
    1.40579414 0.178326249 1.19217324 0.168719828 1.28859615 0.840695322
    0.575201154 -0.179066837 1.29825878 0.338094771 0.917554557
    0.505524397 0.498782277 0.281779408 0.307851553 1.48430037
    0.0961404145 1.2952652 1.12846172 -0.376918972 0.226529479
    -0.00798052549 0.99906081 -0.510990441 0.718646824 0.419964135
    0.965229511 0.313337743 1.32193613 0.00317823887 0.493552327
    1.20032191 0.0482368469 0.89626509 1.14081478 1.04316986 0.783728778
    0.808825672 1.33307123 -0.391133547 1.42305732 0.535788894
    1.14924669 0.822771966 1.45346701 -0.540860474 0.441057265
    1.30947685 0.888985991 -0.471008658 0.931710839 1.18871355
    -0.190812409 1.2991308 -0.278941214 0.678853333 0.815892339
    0.553007841 -0.205791295 0.119354427 1.34068942 -0.446580827
    0.0349729657 0.746430695 -0.0455146432 0.821816266 -0.332922101
    0.319859922 -0.0805773139 0.281548142 0.579255342 1.46223855
    1.33485126 0.734912992 0.909455061 0.00388860703 0.362413466
    0.734752476 1.15521979 1.2895155 0.955012918 0.86592263 0.838793516
    0.455513984 0.213245481 1.5145117 1.12636054 1.77701473 0.0885247588
    0.473305881 -0.41961509 0.645461321 -0.0119777918 -0.0217054784
    0.83594954 9.59038734e-05 0.92385602 0.994284451 -0.445693344
    0.295600861 -0.476975381 1.34316802 1.03923988 1.12060857
    -0.439847857 0.159628451 0.845453084 -0.137821734 1.0483011
    -0.22748518 1.37394309 -0.30194214 -0.305775613 0.284853697
    0.621581137 0.0406157374 0.624692559 0.335666299 0.771645665
    1.54418647 0.49855727 0.0813065767 1.23546219 1.51180792 0.978815854
    0.563756347 0.884307027 -0.0896197259 1.41474319 -0.515759408
    1.15388227 1.37226176 -0.535710573 -0.161961526 0.271267831
    1.15367568 1.05321407 -0.522219181 0.00753575563 -0.108414382
    1.50615442 1.01615977 0.460942924 0.45074296 1.52285147 1.20052791
    0.850066781 0.581450641 0.903352737 -0.0675827265 0.593392849
    0.205216348 0.69742322 1.45401812 0.0904958248 1.09273362
    0.592463911 -0.231528103 -0.0351031423 0.542993724 -0.0286448002
    0.920992672 1.17688537 0.0571164489 0.462492824 0.558812857
    0.12225318 0.0237928033 1.05866838 1.20277739 1.43827772 0.375113726
    -0.396576941 0.630571902 -0.0389502048 1.48787606 0.797509849
    0.0981091261 1.13886762 -0.000261247158 0.0993097425 0.966367245
    -0.265904099 -0.4686912 0.277991652 0.684468925 0.355625629
    -0.304037541 1.48367059 0.550081491 -0.319387019 0.604366124
    1.20740986 0.894573808 1.30970693 0.527463436 0.129636467
    -0.436661661 -0.0509608388 -0.17792657 1.25177026 1.04687428
    0.155377984 0.67377758 1.52481818 -0.259538352 0.699941099
    0.176692009 0.743345976 0.875806749 1.34355962 -0.296882123
    -0.504136443 -0.283932388 -0.239451855 -0.341053009 -0.513088882
    1.19344759 0.625285745 -0.296012521 0.626354992 0.558821797
    1.11514974 0.34585613 0.0269898176 -0.0440175235 0.994540393
    0.0416643322 1.53870463 -0.452747911 0.429748058 1.06203008
    0.194779038 -0.407227218 1.14345622 1.4192977 0.427675605
    0.975782394 -0.176187932 0.493334115 0.470657587 -0.236536086
    0.28791225 1.03207123 1.06603277 -0.277612209 0.82867533 0.870022058
    1.48178029 0.0316994488 0.626116991 -0.386535764 0.987596869
    0.35432744 -0.085398376 -0.435677886 0.784214497 0.155972838
    1.34280097 0.456522465 1.09252858 -0.550418019 0.741442025
    0.214277744 0.112822771 1.25966609 -0.146749735 0.490093052
    0.954911172 1.25731635 0.152832389 0.461427629 0.115979075
    0.862104058 0.25184679 0.247868329 0.0694773197 -0.0142145753
    0.0198656917 0.51122576 1.45642412 0.213543296 -0.0881694257
    1.32596612 -0.277167141 -0.159025848 1.32188201 1.07452631
    0.584370792 0.356529593 1.01324856 0.0769004226 0.070635438
    1.45994794 0.360019147 0.473026097 0.401801467 0.890078187
    -0.0363058448 0.237585545 0.612571955 1.35770559 1.03890586
    -0.0682883263 0.263231337 1.45031548 -0.0716628432 1.21187532
    0.52401638 -0.414245367 0.940329552 -0.432931215 0.756635725
    -0.2365655 0.94923532 1.10422516 0.848272681 0.0623264313
    0.571145296 1.20206618 1.45987678 -0.355499119 -0.139134079
    1.22077107 0.0574538112 -0.352821052 0.283454657 1.00886989
    1.16486716 0.103831112 -0.220814914 -0.133085638 0.558690071
    1.09677958 0.535651565 1.15534043 0.986674547 0.941143632
    -0.200615138 0.564524353 0.678331494 0.040325284 -0.149752557
    -0.153959155 -0.323379993 1.25675154 0.68197155 1.34027863
    0.536140978 0.58850944 0.694250166 1.14446175 1.54585564
    0.0795544386 1.31439745 1.4528203 0.661444485 0.978874326
    0.380613744 0.438459754 -0.312361509 0.375128865 0.331857622
    -0.301940978 1.04651237 0.294309855 1.44802499 0.585178494 0.2188887
    0.95201236 -0.153502762 -0.0961083174 1.1220479 0.901499748
    0.321947217 0.101364195 -0.475824118 0.540820181 -0.157048136
    0.780032516 -0.405513942 0.664232314 1.37594438 1.43154025
    -0.336408913 1.13912773 -0.0342236161 0.106349945 0.16261971
    0.461012781 0.726696789 -0.126901597 1.5305264 -0.00690227747
    -0.507003307 0.0202173591 0.131580651 -0.159364343 0.69760102
    1.10415602 1.31209314 0.890060782 0.640765548 1.32843995 0.360314906
    1.41635299 1.07481647 0.464144111 0.76059103 1.10322452 1.48917031
    -0.40727073 1.51293731 0.785409749 -0.0800227225 -0.240873367
    1.18679786 0.205117464 1.30872107 0.580668807 0.9207111 1.17009306
    -0.414354295 0.459455013 -0.120133281 0.860539317 0.948693573
    -0.338733971 0.312113285 0.455305755 0.182667315 1.50714421
    -0.0968392491 0.825637043 -0.353567064 0.160909474 0.534090042
    0.754861593 1.07628942 0.528547525 0.996828735 -0.181257188
    1.08467603 1.03960037 -0.11181125 0.226917267 0.64340198 0.588492095
    0.500687838 0.167610765 0.193778515 0.203339696 0.968357444
    1.03430283 1.16637087 0.304035842 -0.531414092 1.16461551
    -0.539474189 1.16013098 0.353326142 0.561975241 -0.447500974
    1.08603811 1.50306106 0.988159657 0.325290799 -0.189754248
    -0.524759591 1.48891401 1.03285384 0.984368145 0.288921356
    0.296295285 1.06658626 -0.0366101861 0.46176374 -0.2041803
    0.111304075 0.672663808 -0.191347659 0.62633431 0.282305717
    0.0814769864 -0.0442377925 0.0505638719 1.47720408 1.35444331
    0.245329082 -0.245978177 1.13439977 -0.454930007 -0.0590875149
    0.94415319 -0.189526051 0.931709886 -0.0786852241 1.15289164
    0.485343277 -0.102915436 1.11417365 0.329305947 0.0391189456
    1.02452826 0.125277251 0.0711319447 -0.466912657 0.766441822
    0.472744584 0.354935825 1.47053504 1.42602825 0.306031466 1.35103679
    -0.3735331 1.21114182 0.615463912 -0.390105009 1.40930176
    -0.179438382 1.06850219 0.0325753093 -0.526906967 0.00652354956
    0.914405048 1.2966671 0.130725443 0.578070462 0.0783572197
    -0.432033688 0.0910183787 1.50266981 1.40322924 -0.475227177
    1.53703177 0.34141165 -0.0946264267 0.787804008 -0.398573816
    0.425989687 0.383038998 1.29549003 0.406192839 -0.029753387
    -0.0866670907 0.76870656 0.882762671 -0.385555595 1.11252141
    1.27792668 1.46436393 -0.434647501 0.962057054 -0.417664647
    0.830268502 -0.183199883 1.40631604 0.235277593 -0.456767648
    0.473959088 -0.17476055 0.33609885 1.25233173 -0.0974113047
    0.519902706 1.32221913 0.087923944 -0.553610802 1.03295982
    0.756962717 0.427258492 1.26449478 1.17813063 0.908047259
    0.604019403 -0.441150099 0.179973423 0.343088031 0.134083867
    0.870636582 0.0207644105 0.242166519 0.815701902 0.779265523
    1.34876704 0.579625309 0.333638668 0.839479744 1.27325141
    -0.0337202549 -0.295297682 -0.0530210137 -0.374988675 -0.238542616
    -0.139579862 -0.205675408 1.15730095 0.10797897 0.0611839294
    -0.125375196 1.40617514 1.41384077 0.57414031 -0.306690931
    0.536833704 0.746110797 0.0632927418 0.65017122 0.275513351
    0.300739288 -0.491365612 1.08437729 -0.393142849 0.625746191
    1.08038282 1.14391994 0.879831195 0.964009643 0.201238513 1.19192529
    0.921803176 0.761236548 -0.0832234323 1.3220197 1.35317349
    0.657775581 1.05047786 0.175755441 0.861069739 -0.300547421
    -0.385653973 0.421930313 -0.16120851 0.841961205 1.45916498
    -0.152380645 0.21756804 -0.0119966269 0.649444938 0.229682684
    0.428072214 0.257354736 -0.414453089 1.14264083 0.517837286
    -0.425110877 0.526999831 -0.270205885 1.10037899 1.21706629
    0.932665646 0.840869665 1.3181783 1.19252419 -0.300491631
    -0.19639349 -0.37470448 0.921033442 0.692890108 -0.491704226
    1.50517523 -0.0369939804 0.866437137 -0.0389784575 -0.0909055769
    -0.417454302 0.0516881943 -0.139346361 0.461520195 0.119813502
    0.959913373 -0.162541598 1.00270724 0.192891061 0.300321817
    -0.438237637 1.27898133 0.209102392 0.93890506 1.34543729 1.25966895
    0.965445101 -0.490107119 1.14108443 1.36991048 0.100559413
    0.777892828 0.52697289 1.06130362 0.112659156 0.313047051
    0.590823412 0.0126789808 1.24919486 0.415902495 0.941890061
    0.390123665 1.22562289 0.437825739 0.696681261 -0.412373722
    0.659472406 1.21743941 0.214843452 0.997049451 1.10597789
    0.0632504821 0.509942234 1.04285932 0.7975685 1.24668956
    -0.263356686 0.834080517 0.362607539 1.16635895 0.790082216
    1.46701241 -0.215785742 1.52467966 -0.438268095 0.860989034
    1.31269264 0.963705838 1.21815276 1.42417729 0.398864746 0.647778749
    0.874181271 0.0543388128 -0.480213761 0.124510527 0.998787165
    0.0286648273 1.40980446 0.286833316 1.10734713 0.331850559
    0.710617185 0.466715008 0.2487818 -0.276868999 0.819644094
    1.04698217 0.13309288 0.48680079 1.07016063 0.240700781 0.816430509
    0.470801711 0.834226131 0.914387226 1.32996213 1.15807796 0.51722616
    0.0598413944 0.100519061 0.745937884 0.179294288 0.22631526
    -0.21060288 0.1065135 -0.0986672938 0.146898091 0.43013078
    0.272969127 1.03192854 -0.450959623 1.0921979 1.29053771 0.416629076
    0.219610214 0.587037086 1.33591974 0.462690592 1.5040288 0.581976295
    0.967105448 1.04058814 0.161287069 -0.448864192 0.662778139
    1.52178025 0.854130566 -0.296981156 0.828089893 0.296554625
    -0.124379307 1.54388404 0.166033804 1.17774689 -0.297981977
    -0.224575102 0.701725185 0.740367353 -0.382952273 0.146346331
    0.923043072 1.40532529 -0.208469838 -0.364990503 0.689396918
    -0.287426263 0.504585028 1.01408029 1.32425594 0.593738198
    -0.010994792 0.0235692263 0.677801847 1.09719348 1.00135636
    -0.162872136 1.07096553 0.359401047 0.906191885 -0.306511074
    -0.0310484171 1.15560699 0.794993699 0.718033135 0.925479114
    1.14916754 1.45511568 0.646100819 0.0119616985 1.36289191
    0.761168063 0.320178986 -0.191585511 0.965884328 1.49205685
    0.514275789 1.21883583 0.807946026 1.48671138 1.09617412 1.35360265
    0.372433186 1.0895412 -0.563100576 0.820131123 0.635180891
    1.02855372 0.922068536 -0.0701487064 1.24791634 0.811492324
    0.354090452 -0.287744194 -0.344945103 1.11427748 1.07395649
    1.49105477 0.250725657 -0.115993276 0.580594361 1.4667356
    0.721282363 0.165000319 1.14932048 0.332111895 0.96903187
    -0.193282306 0.296279669 -0.294007301 0.18492198 0.641253114
    0.894290924 1.39443994 0.1544559 0.188268602 -0.248888671 0.52888602
    0.212693632 -0.0607936978 0.334685922 0.88319844 0.128882825
    1.14656949 1.4438206 -0.0766941905 0.613551199 -0.271603376
    0.862074912 1.19126391 -0.325179994 1.25408697 -0.040933311
    1.18729091 0.790262818 0.613837957 0.0687743425 1.07531345
    0.623853922 -0.019533217 1.42645383 0.891138375 0.975857913
    -0.470569611 0.60916245 0.695574343 0.661063612 0.447592258
    0.316664875 0.430711925 -0.00583899021 0.262011826 0.770965636
    0.49458307 1.44339895 0.416100979 1.20026636 -0.504980028
    0.271337032 0.626674831 0.223807216 0.179162264 0.214839101
    0.487414479 1.4118669 -0.0186388493 0.216036022 1.03108978
    1.06937814 0.363591015 1.12423563 -0.0985594988 0.221087337
    1.10500622 -0.0142266154 1.39290905 0.730154037 -0.254388273
    1.25793624 -0.0511536002 -0.281183302 -0.435755074 0.297069371
    -0.29867205 0.978852093 1.2298317 0.400432587 0.947057784
    0.923903406 1.31617558 0.451077342 0.0861135125 0.246518791
    1.0372057 0.0212634802 0.117330253 -0.142721474 0.579810023
    -0.529579759 1.25300407 -0.318650126 0.305701673 -0.309234798
    0.456611633 0.731752038 0.791348517 1.33023477 0.439186335
    0.366046965 -0.114796728 0.379558384 0.0441215038 1.39522171
    -0.434563637 -0.156571925 1.50437927 -0.347009867 0.481869042
    0.652716517 -0.492895156 0.0563905835 0.111952722 -0.485923171
    -0.339457542 0.319864988 -0.134263009 1.11129558 -0.486141711
    1.21894908 0.100689381 -0.373532951 1.06961477 -0.197419256
    0.143104881 1.36832142 -0.195876271 -0.0838319957 -0.368417561
    -0.19818005 1.16541111 1.21298897 1.33350849 0.739037395
    0.00106871128 1.34960103 0.378948212 0.476665139 -0.0929279029
    1.20009518 0.0326480269 1.17102027 -0.267593116 1.13119912
    0.808109462 0.332526207 -0.292096078 1.23305726 0.739304423
    0.985317528 1.15184379 0.0848098993 0.319869876 -0.0732123852
    -0.355672002 0.131837964 -0.140179515 0.186010063 1.16513717
    1.10856605 1.21550584 -0.41386199 0.176188886 0.575777292
    0.779601216 0.936273932 -0.388363272 1.32007003 0.150975704
    0.416251361 1.52611995 0.783088386 0.533984721 -0.352207661
    0.50595808 0.00406730175 0.424643815 -0.276301742 -0.203761399
    -0.16190666 0.0704711676 0.844840765 1.04206586 1.28301001
    1.22534025 1.22646785 -0.298843831 1.37887597 1.17461109 0.411492467
    -0.247256517 1.31295204 -0.246717542 -0.308165908 -0.154003769
    0.834108055 0.558572292 1.14407539 0.868245125 -0.489644974
    0.800481617 0.269186258 1.34612048 1.13109279 0.548622072
    0.874843955 0.509101868 1.46552157 1.2018404 1.39763618 0.735028446
    -0.325333565 0.208127022 0.159440875 0.137203097 0.852587342
    0.280320108 1.01163316 -0.00764584541 0.380160332 0.225903749
    0.084629178 1.46524072 0.437313259 0.17485404 -0.145298898
    0.37506038 -0.595372915 0.999736905 0.237386048 1.06430423
    1.04725182 1.34362423 0.247978747 0.668496728 1.21428037 0.457160234
    0.00303083658 1.43329847 0.965702176 -0.0749546289 -0.139751375
    1.54730523 1.46971965 0.15100193 0.309166878 0.319395155
    -0.044844836 0.307136208 -0.156472594 0.268900216 1.51086831
    -0.332695723 0.62423861 -0.534748435 1.25400031 1.28282857
    0.604615033 0.00682663918 0.638519347 0.212763429 0.448080957
    -0.30180943 -0.311127543 -0.0659086108 -0.433416545 1.07957077
    1.26622319 -0.44449088 0.387887776 1.53251672 0.321454287
    -0.518830955 0.39876163 -0.189454198 0.247345388 1.36802173
    0.907050133 0.261374474 1.14026046 -0.244894743 0.198690712
    1.22491515 -0.350462377 1.37891817 -0.10488987 0.716192484
    0.564423919 0.00636655092 0.695093572 0.941040397 1.48473048
    -0.0891316533 0.985764623 0.611527264 1.07013202 1.07933903
    -0.417811185 0.975762546 0.944135725 0.628496289 0.736231387
    0.331327856 0.930445135 0.629869163 -0.234815478 1.54259944
    -0.459661901 1.49083638 0.00739306211 1.22741604 -0.14833647
    1.46608472 0.598514736 1.44438624 0.281424463 0.797591746
    0.575623095 1.29462004 -0.051227808 0.442687988 1.41287088
    -0.17646417 0.507471442 0.331071258 -0.0973896682 0.673428357
    0.300082982 0.446305513 -0.294093549 -0.335852385 -0.48362416
    0.97512114 0.478212953 1.0569334 0.77981782 0.819009006 1.13010871
    1.07245612 0.174673796 -0.287910074 -0.435420066 -0.367284
    0.988253057 -0.382478893 0.632168293 1.47933304 0.031468749
    1.35034311 -0.231028616 0.197603106 0.671390176 0.526440561
    0.211471379 0.65144217 -0.281070203 -0.322304845 1.08463883
    1.17269087 -0.531253576 1.50726068 0.899588764 1.47080028
    0.860838711 1.07083726 0.581658423 0.712480843 -0.00371044874
    0.382390022 0.906909764 -0.424930513 -0.44654727 0.880706251
    0.904699624 1.32244873 0.820521772 0.117909312 0.133986354
    0.245772541 -0.398590595 -0.16184783 0.706022799 0.829623818
    0.241834462 0.0910696983 -0.0593565404 0.0309983492 -0.50628233
    -0.14844811 0.751155972 0.394626319 -0.263327271 0.298403025
    0.452953815 0.389079511 0.10675323 1.30518723 -0.367363036
    0.0757083297 1.32969165 -0.156704128 0.215562522 1.39969635
    -0.0145632029 0.0254583955 0.256259978 0.334025741 0.624280751
    -0.269242942 0.950978935 1.25476599 0.430535913 1.41039443
    0.851043105 -0.00846147537 0.179401457 1.2356658 -0.0888834596
    -0.589261234 0.913879573 -0.107108057 1.36809278 0.866453826
    -0.363237202 -0.18070519 0.0485325456 -0.18752411 0.556367815
    0.0447093844 -0.377495706 0.107699394 1.28217077 0.24291867
    -0.0271868706 1.33889008 1.0365243 1.51955652 -0.129595459
    -0.150548577 0.939425647 -0.222581685 0.102398813 0.826040626
    0.357725322 -0.217989683 0.171749413 1.32437921 -0.00938248634
    1.18226302 -0.530170918 1.46942878 1.18379629 0.773204744
    -0.502523065 1.4494946 0.996541858 1.46039057 -0.377870798
    -0.127491742 0.150710225 0.457531989 -0.496308804 1.46807921
    1.19332325 0.435235322 1.20563579 0.472122848 1.38722062
    0.0938384533 -0.411192119 0.524388075 0.798902571 -0.11582607
    0.529548764 -0.0123321414 0.77823925 1.12369168 0.800460517
    0.363284349 0.535376191 0.639070928 0.92094183 -0.340897441
    0.741702735 0.340640724 0.0216596127 1.44921017 1.17914987
    0.363692164 1.23212504 0.881359935 1.16226745 0.321576953
    0.576270819 1.07390761 0.337682307 1.32291937 0.702809632
    -0.289581478 1.572788 1.01253974 -0.164331809 0.822570562
    0.460290611 1.27958155 1.224213 1.50231338 0.598192811 1.51720548
    0.304906726 -0.193089724 1.14947438 0.20865804 1.3734591 0.882694781
    -0.347693026 0.783700824 -0.307542711 0.576433659 0.872429252
    0.408910096 0.16317153 0.976008713 -0.410644591 0.136749327
    0.569078267 0.687701285 0.237699926 0.0856207013 0.729289532
    1.50550973 0.0401266217 0.314176261 0.692589939 0.727870584
    -0.393515825 1.47695947 1.36944818 0.613656759 -0.0642983317
    1.23694599 -0.299926162 0.845880985 0.873347938 1.17957497
    0.931986094 1.43789911 0.803286433 0.286616623 0.333334506
    0.359151185 1.22979665 0.488318086 0.916950941 1.15921164
    0.266702533 0.634932876 0.614868701 -0.343471527 -0.122355282
    0.248565972 1.51468801 1.44102263 1.4662441 0.540443301 0.699345469
    0.589266181 0.906550884 -0.349592209 0.405299067 -0.355083704
    0.284191549 1.49534535 -0.108906835 0.994773448 0.657326996
    0.328026056 -0.150742233 -0.315405458 1.47739983 0.549893975
    0.249705553 -0.41223985 -0.414429963 0.73161602 1.06134379 1.0940547
    -0.37555331 1.4194845 0.266620278 1.11674333 -0.187544048
    0.563547134 0.118052244 0.603568554 0.986319184 -0.266269147
    1.44039929 -0.3451491 -0.429350436 1.13394177 0.926692963
    0.453110278 1.47479963 0.589477301 0.193018973 0.0479723811
    1.56339788 0.373338461 -0.39971596 -0.522005618 0.652270079
    1.2854178 0.435420871 0.534377635 -0.540292859 -0.0190888047
    0.863264143 1.28905177 1.37032211 0.761555731 1.389503 1.41879177
    -0.271340907 0.534305751 0.364316046 0.957514763 0.580968261
    -0.0374505222 0.185271561 0.811401963 0.360807002 -0.416220725
    0.0197101235 1.16738749 0.539375722 -0.282460064 1.10741484
    0.195092082 -0.184430063 0.0560213327 1.22332048 -0.362278342
    1.22318172 0.452799797 -0.425863892 0.703494787 1.26172018
    0.314697087 0.926365852 1.04549885 0.887828946 1.36213744
    0.686670065 0.754791737 1.05757785 -0.111902863 0.0399858356
    1.37642443 0.880274951 0.414769173 -0.0501642823 1.08509815
    -0.383345813 -0.155865639 0.224340528 1.33760095 -0.336098433
    0.376442432 1.10817122 0.896501422 1.41480446 1.1586045 1.15303361
    0.0726018548 0.846963346 1.00133646 0.724239767 0.772289813
    -0.177256525 0.414044082 0.515566885 0.336535335 1.49593878
    0.347767234 0.622830272 0.112806082 0.923105001 1.41388988
    0.712535262 -0.43084234 -0.0363225341 -0.386172205 1.17767453
    -0.267329395 0.583893239 -0.201355875 -0.372729897 0.348785698
    1.29438603 0.964457691 0.920011282 0.484701931 0.751099646
    -0.277638227 1.23163557 -0.558547676 1.42060733 0.223353207
    -0.474327743 0.949064374 0.317286551 -0.295059353 -0.041959703
    1.24310601 1.39918399 0.777423143 -0.483964503 0.0703533292
    0.645897031 0.455317497 -0.289093524 0.780809164 -0.536529303
    1.17552996 -0.289500177 0.570284367 -0.269301206 -0.127818942
    1.19511819 0.747928739 1.20927393 0.573549807 0.509587765
    0.613660455 0.958619654 0.956854403 0.807095051 1.32695079
    0.196967602 1.00212801 -0.102449775 1.20752728 0.301277697
    1.27616048 -0.554251552 0.453380823 -0.124912292 0.361031175
    0.274566948 0.951598465 1.1649344 0.81708163 -0.49235785
    -0.345180213 -0.126346588 0.640003204 0.944731057 0.797286272
    0.849033237 0.22225821 1.29411066 0.165734529 0.743201613
    0.991918206 0.431777477 1.07481766 0.123536408 1.30844522 1.50545359
    0.30860883 -0.12560305 1.04864717 0.998423576 -0.206478447
    1.27622724 0.842566967 0.308064282 -0.243706048 -0.4724181
    0.79494071 1.15999115 1.06453252 1.40216565 1.03812742 0.161262393
    1.02705622 1.29154539 0.381612241 0.188057303 0.269321203 1.5104394
    -0.241470397 0.516059458 0.510553718 0.743580818 1.31336641
    1.26380134 -0.31234324 -0.304890275 1.09058356 -0.166573107
    1.50065982 1.1287781 0.219057441 0.769677281 0.0360974669
    0.467521787 0.965480566 -0.533988178 0.989332259 1.25491512
    0.6055215 0.124761522 0.43420583 1.58944798 0.624115467 0.360917151
    0.542925954 -0.449257374 0.93833667 1.18440127 0.0920550823
    1.32286429 0.271977007 -0.442380518 0.886854172 0.275161624
    0.848341942 1.35362887 1.27682781 1.26269412 0.789617062
    -0.119224429 -0.357455373 -0.207959265 0.465014517 -0.291104674
    1.22922897 0.942008257 0.0790481567 1.5755856 0.618933439 1.15539932
    -0.564908624 0.338434994 0.570792377 0.556784093 0.743264198
    0.564780235 0.458942413 1.16820729 1.04245007 0.106079459
    0.540348232 0.685470641 0.78331542 1.32131064 -0.0661440492
    0.844333649 1.22839546 -0.0695538819 -0.107895464 -0.103694856
    0.172780037 0.436491966 -0.166761786 1.36086941 0.948252976
    0.313773453 0.637931108 0.735912323 -0.322533429 -0.287229031
    0.753718495 -0.513549209 1.3449986 -0.462029994 1.23146367 1.0700376
    0.855923891 0.245511591 0.883289158 0.996502519 0.699523687
    1.04347134 1.01078355 -0.0719950795 0.0060147047 -0.0411735773
    0.70797801 1.2074157 1.36187243 0.438760519 -0.00879824162
    1.44350779 0.127295673 0.715231299 0.147284269 1.04658771
    0.0429378152 0.195493877 0.563184857 0.5012483 1.09401083
    0.957464635 0.0627028346 0.185926437 -0.0530822277 -0.0914210677
    1.27538919 0.481761813 0.58406496 0.879456699 0.470005929
    0.841884613 0.730615377 -0.472830027 0.474115849 0.599767447
    1.18638802 0.479053438 -0.307682872 1.03082991 0.402618706
    0.227139413 0.843184233 0.808130562 0.574474812 -0.0590002537
    -0.596683204 0.360817909 1.47602618 0.523214281 0.102287829
    0.86918062 1.49203467 -0.403496504 -0.320067108 0.233382702
    0.879006267 0.0682206154 -0.32084164 0.0825642347 -0.3808375
    1.13295126 0.553769171 1.18309069 1.28397655 0.625628889 0.661396146
    0.781090558 -0.501378477 1.09644556 -0.191370904 0.0108491778
    1.22794485 -0.425116152 -0.551493645 -0.050542295 1.43555188
    0.64886272 0.157885551 0.419386089 1.22378349 1.36883378
    -0.086404264 1.21297836 0.205269814 0.279243469 -0.319539726
    0.442592025 0.828440785 0.946161032 0.0296068192 0.179333627
    0.143992662 1.28363407 0.596234679 0.127364576 0.777438283
    1.13546133 1.18654561 0.118868113 -0.469361633 0.67234236
    0.738242149 0.0515478253 -0.235964 0.0813797116 -0.323901892
    0.903581738 1.12341321 0.921736121 -0.510794282 0.247764349
    -0.0998225212 1.28957987 0.331786752 1.34555578 1.42732465
    1.10938394 -0.0448752046 -0.115337342 0.80998224 1.018682
    -0.0148563981 -0.348601699 0.243631959 0.926213622 -0.470411181
    0.889987707 -0.254542112 -0.236866146 -0.120243609 0.332922548
    0.839658439 0.638627648 0.805073917 1.10151839 -0.112934947
    0.979731977 0.627427638 0.959528506 0.780382812 0.199059188
    0.0431572199 0.607900739 0.698536575 0.904943526 -0.170004457
    0.273332119 0.770582199 0.315082371 1.12878108 0.431160867
    0.0274928808 1.44121087 -0.502367616 -0.404633135 1.2419579
    -0.361488342 1.41898489 0.868653297 0.656716645 0.356877744
    0.683162808 0.0574061275 -0.369294584 -0.116261125 1.42911816
    1.402071 0.0057489872 0.174919188 -0.153437555 0.0837038159
    -0.369641811 0.857484758 0.741147399 -0.497658014 0.551320195
    1.05526209 0.692254066 0.253795326 0.198300779 0.417318225
    -0.530848682 0.33448261 0.770572782 0.834026814 -0.225722909
    -0.181831181 0.899959326 0.848246932 -0.0859723091 -0.29507798
    0.640244901 1.01354218 0.431542039 0.835593522 0.31089437
    0.384186447 -0.374048352 0.275996268 1.25493765 1.47349548
    0.58756125 0.871860087 0.899328768 0.861676633 0.97386235 1.41232324
    0.626978874 1.23443961 1.51892114 -0.192920893 -0.351491868
    -0.137388229 0.709403038 1.34825492 1.40674722 0.576514006
    0.778990149 0.829393983 -0.499515623 0.291768372 -0.202367902
    0.550931096 1.35563993 1.33991671 0.940736949 1.46033573 0.138191581
    0.794038415 -0.0938180685 -0.389685512 1.34035611 0.59236896
    -0.359136522 0.143369168 -0.122546852 0.685932159 0.915908396
    0.98591876 1.03616738 0.872439325 1.36273217 -0.393583775
    0.509838045 1.17640376 1.16217828 -0.549732566 0.673698843
    0.643569231 1.40271974 -0.156138748 1.1984129 0.737651169
    -0.072901547 -0.0410369039 -0.201944053 0.519728959 -0.108326584
    0.584156454 -0.325986773 1.19668913 0.120241761 0.941872895
    0.817037702 0.340132713 1.00958061 1.07091033 0.708706558
    0.0144119263 1.32753944 1.34600568 -0.536566556 0.415933728
    1.09859276 1.27109361 1.06211114 1.25800967 0.446040213 1.28811741
    1.23198867 -0.56459856 1.13274181 0.257641673 0.546036124
    0.977092087 0.747036815 0.782643139 0.167824328 -0.389855325
    -0.122934878 -0.200433105 -0.249105126 1.39019704 -0.108746499
    1.29737186 1.34824872 1.15899444 -0.391564012 1.39851081 0.64089781
    1.22619426 0.929588556 0.0735692978 1.05558026 -0.327891886
    0.225124478 1.34814882 1.04182506 0.495807469 0.911926806
    0.0243845582 -0.502738655 0.508344531 1.0009197 0.264466703
    0.796194792 1.00258589 1.04628563 -0.295170844 -0.40335682
    0.000779867172 0.706652522 0.382815182 0.605389893 0.526851535
    0.155335605 0.530282021 -0.163780034 0.370710492 0.736703515
    0.689670146 1.37944674 -0.289707989 1.36814666 1.4026444
    -0.592654467 0.709890604 1.06514108 0.483960569 1.36228967
    1.36948919 -0.104342252 0.36298728 1.4761858 1.21648705 0.967617512
    -0.430727541 -0.0906536877 1.38311458 1.2963649 -0.0631150007
    0.378732979 0.292428017 -0.177861929 0.362326086 0.965483844
    0.584765136 0.74590826 0.641569793 -0.355040014 -0.263873279
    1.40667701 0.06057477 1.30908823 -0.344956636 0.506753087
    -0.447171956 0.897835374 1.01068687 0.815794647 0.595897973
    1.17776895 -0.584298074 0.0293912292 1.40430331 0.454477072
    0.739715278 1.23788381 1.42787409 0.609542191 0.425746083
    0.150297225 1.35067654 0.288305402 0.495283931 1.13546085
    0.471342027 0.0141889453 1.01258075 0.783114195 0.10679704
    0.830471396 0.603634655 0.0889234543 0.433727324 0.978615761
    0.493909121 0.524488688 0.477407455 0.0811463594 0.990427732
    1.15187907 0.703110814 0.972025394 1.56160331 0.692519486
    -0.0329540074 -0.0227897167 0.144070446 0.889546096 1.50564992
    0.0678782463 0.426232636 -0.0779328942 -0.12800014 -0.448664695
    0.764392972 1.09948564 0.0293219686 -0.00286018848 1.10638511
    0.611089349 0.208251238 0.569263697 1.31594872 0.0385704041
    0.558223367 0.0474358201 -0.334805638 -0.459608257 1.34673882
    0.443454683 0.298655331 -0.298166692 0.659640431 -0.163311571
    1.52970695 1.15492642 -0.28826946 -0.310258567 -0.443074673
    0.122318566 -0.182468951 -0.435604841 1.18708479 -0.0785497129
    0.371568352 -0.311349928 -0.273429304 0.166276515 0.0909160376
    -0.429683626 0.864427209 0.372582972 0.676169097 0.722578883
    1.01609671 -0.491469622 1.33189511 0.604069054 1.1197325 0.972557425
    1.20335364 0.721928954 0.938806355 0.265732825 0.0324268341
    -0.373330295 0.684360325 -0.368129522 0.172323287 -0.212983102
    1.46115208 1.26675761 -0.365061253 0.527286351 0.324990034
    0.130354047 1.32958603 1.14442921 0.860387683 0.809957027
    -0.359965324 0.23882556 -0.131929994 1.18656576 0.922536969
    -0.365577191 -0.404339135 -0.490668714 1.33989239 1.52970576
    0.157610714 1.13486314 0.598752618 1.20388889 -0.520435512
    1.19975054 -0.535429955 0.258907735 -0.0711269081 1.18739808
    1.20492601 0.818101645 0.758324981 0.141578734 0.933666468
    0.680544436 1.32175875 -0.509221315 0.813854873 0.988067269
    1.02546859 1.08180261 -0.492670894 0.241360664 1.16374469 1.4015609
    0.551278114 1.46003747 0.33741349 0.317724407 0.193519175 1.1565578
    0.849796712 0.97372663 0.902062833 0.634916186 -0.172450572
    1.2639066 -0.575005949 -0.381106347 -0.306958824 -0.0256015658
    1.26099718 1.16824007 1.1279161 -0.353303969 0.856079519
    -0.499285638 0.471561193 1.22499967 -0.254558325 1.22296405
    0.00488185883 0.993596792 -0.0835506618 -0.405582786 0.532089591
    0.289042354 0.465063155 0.709692955 -0.354271978 -0.552874982
    -0.0973595083 0.963690281 -0.292087823 1.30989563 1.25874734
    0.479367554 1.34820676 1.44268262 0.56399107 0.150432825 1.49794102
    0.356989026 0.542739213 0.565613091 -0.242003083 1.13147807
    0.84357667 1.28133941 1.43310761 1.01852298 1.37838972 0.28945148
    1.25900841 0.317932427 0.996559381 0.839899898 -0.136969715
    1.06187344 0.41067785 -0.345154226 1.38111007 0.874776423
    0.0497682691 1.26515341 -0.317386299 1.21292782 0.343166292
    1.41738272 1.37238312 1.32282281 0.943724811 0.566737354 0.426073015
    0.815689504 -0.305513412 -0.24146384 1.42370939 1.07326925
    0.913093507 0.646482289 0.792903244 0.51930356 1.51083755 0.94180727
    0.872171223 1.30976248 0.945512176 0.147097766 0.222956657
    0.313486457 0.403722584 1.26412678 0.549026608 1.38344336 0.62373817
    0.566096783 0.294759154 0.712245286 1.12734759 0.987170935
    1.40229392 0.606554985 0.889318466 0.696076691 0.213087082
    0.867025614 0.832675338 -0.211398304 1.48228645 0.693068683
    0.345447838 1.07463121 0.541325927 0.591360569 1.31745172
    0.907347441 1.42001545 1.40467465 0.145305991 0.951946914
    -0.250385523 -0.38307029 -0.184237748 0.838147342 0.173628449
    1.41391897 1.19246125 0.868087649 -0.0876753628 0.870768547
    -0.350797534 -0.520688832 0.250776589 1.37530541 1.08473945
    0.795809269 0.0753343701 -0.0885242224 -0.212595731 1.14675713
    0.988905489 1.07853043 1.10979509 -0.495843649 0.782160521
    -0.124641836 1.09337151 0.801427007 0.815211773 0.556551099
    0.314665973 0.312850118 0.596622348 -0.511279404 -0.381785214
    -0.0709462464 0.450370491 1.19811773 1.01873302 0.869833469
    0.205853283 0.597887218 0.291457713 -0.140042186 0.617517889
    -0.0808698535 0.0778256059 0.142346621 1.37099361 -0.2686508
    0.0218367577 -0.043107599 1.29657793 0.0924853683 -0.443812758
    0.100340396 0.92699194 -0.00690966845 1.38338423 0.315395594
    1.10157537 -0.480383813 0.561009109 0.346459091 -0.462830931
    0.316457212 0.0857443213 1.20657945 1.48267221 -0.221402854
    -0.00245076418 -0.393739581 0.759056628 1.35543847 0.174950302
    -0.142942101 -0.222044528 0.0680869818 -0.181863546 0.0577854514
    0.926385581 1.29963732 1.49980235 0.440165162 1.43934941 1.22415853
    -0.077432394 0.362571239 0.523688853 1.06921244 0.180038989
    0.459060729 0.251782417 0.0557938814 0.135462642 0.699396908
    0.361382902 0.982654214 -0.327264428 0.629382908 0.871395469
    -0.10904026 -0.257385105 0.364822447 -0.45174855 0.0708563328
    1.00199664 1.15840459 0.515339434 1.41246355 1.27971101 0.624950886
    0.597242653 -0.52903229 -0.372934371 1.11585915 1.05930018
    -0.0181432366 -0.150688499 1.05457163 1.10042715 1.45001674
    0.540737331 -0.387966692 1.07642043 0.423393726 0.652732432
    0.102412343 1.41877127 0.739078701 1.34507203 1.06833386
    -0.448535264 0.903988361 -0.266081721 0.132537425 0.905378401
    1.49713922 0.460915804 0.179391742 1.32278752 1.31427431 0.299204946
    0.515051723 0.0289058089 1.38260102 -0.312967926 -0.42843926
    0.0883613825 0.789094806 1.07181406 -0.122376651 0.969995201
    0.567687213 1.00558758 -0.239189833 -0.259647638 1.45843482
    1.21555853 -0.323970169 0.527366698 0.549611032 -0.497892737
    1.11020446 0.0573937893 1.08509076 1.22252762 -0.546880007
    1.45412827 1.34978449 1.34538293 0.0938056707 1.15766573 0.68333292
    -0.0255221725 0.241791725 0.698010087 0.924159706 1.42292762
    -0.341623783 1.23481989 -0.158339143 1.38616586 -0.0284674168
    -0.182945818 0.872788191 -0.406708837 0.45564729 -0.187476158
    0.561050534 1.04544008 0.133588374 1.49090123 0.364887595
    -0.209605664 1.02613735 -0.142122597 1.44022489 1.50301552
    0.312224865 1.228881 1.34268904 1.02125454 0.775026679 0.283011794
    0.59253782 1.46996474 1.25381732 -0.256629467 0.889024258
    -0.195320696 -0.184993774 -0.303133011 0.864434242 0.835454643
    -0.543769002 1.26301193 1.48397112 -0.206855088 1.01763165
    1.15639544 0.313073397 1.5592078 -0.211751103 0.0403163433
    1.08597612 -0.471847683 0.333246827 0.0583571792 0.293583632
    1.18919802 1.26587987 -0.00100892782 -0.29982236 1.31332159
    -0.292831123 1.10951626 -0.0250365138 0.477853179 0.497347951
    1.44833827 -0.526391566 0.895146668 0.179895997 -0.156546682
    0.0181815624 0.625249088 0.128954291 0.944363773 1.14099371
    0.614168823 1.18300819 1.32646227 0.44641152 1.30328178 0.525149643
    1.37787366 0.481767446 0.92354387 0.210853457 1.43966985 0.201164424
    0.949314713 1.22037721 0.125020325 0.780617595 0.616589129
    -0.118735611 -0.146375597 0.35427779 -0.182743579 -0.348441124
    0.1536057 1.0764184 0.0121976137 -0.402988374 0.760284841 1.144086
    0.867799759 0.0636804104 1.02257204 -0.223299026 -0.462814718
    1.52516866 0.41456306 0.963814616 1.44511318 0.642703176
    -0.0140746832 1.21197772 0.509480476 0.601343572 1.08613849
    0.26620245 -0.0984086692 1.34102726 1.37795019 0.183717012
    -0.396605492 1.48794687 0.412639618 0.577993989 1.35389161
    0.49935627 -0.423784226 1.2556932 -0.0388569832 1.27906561
    0.341759264 -0.37305373 -0.0597563684 1.20259583 0.585598469
    0.474292487 -0.31091395 -0.33582747 1.50992811 0.221212327
    1.12149382 0.970507979 -0.317595214 -0.0908920765 0.679485559
    -0.0520291328 0.954544067 0.410557687 0.0453659296 0.184599161
    -0.545570612 0.265982687 0.848202467 1.41571486 -0.512930334
    0.671419263 0.690138757 1.28356481 0.40127486 -0.0651788116
    0.852851689 0.367025912 0.308753431 -0.126857638 0.656848788
    0.195308924 1.52034712 0.476773739 -0.140737176 -0.219080955
    0.866729259 0.411723375 -0.240074575 0.99673605 -0.4078058
    0.10141623 -0.270861536 0.677221775 0.916897058 1.34731412
    1.15182531 -0.150479734 0.559394538 1.08116865 0.166359603
    -0.425789714 0.171020091 0.00744277239 0.740724623 0.91920352
    1.47666001 -0.48186335 0.749286771 -0.489135265 0.435538709
    -0.379511833 -0.383985877 0.743221402 0.100743175 -0.492312878
    1.06244016 1.32949615 -0.0939899087 0.545178413 0.919698894
    0.780614734 1.32380915 0.694165707 -0.0901482403 0.388282955
    0.387824714 0.0462074876 0.0564139485 -0.323883593 0.604281068
    1.11622798 0.769610584 -0.555692434 0.728494942 -0.135361552
    0.674861193 1.32009339 0.414073169 0.514325678 0.887866437
    -0.380218476 0.211506486 0.784616351 -0.424941838 0.217262864
    1.06359458 1.36856043 0.0119985342 -0.366764486 0.565881789
    1.3531009 0.822018027 0.808377206 0.242798448 -0.317419887
    1.18220925 -0.515488982 -0.306076884 0.797767043 0.129612744
    0.474716663 0.617132366 1.11670709 1.08109391 1.03585696
    -0.351134419 0.218898416 0.19522953 -0.372236073 0.87741524
    0.329654694 -0.183583796 1.52885282 0.753686011 0.617625773
    1.04925752 1.16391432 1.26715803 1.27555084 1.31931436 0.257918358
    -0.174897373 1.22095084 0.686851263 0.719233453 1.36107194
    0.689318895 0.394030213 1.47834206 1.41825652 0.374851942
    -0.158371329 0.230992854 1.02603471 0.237021625 -0.537836671
    0.535902739 -0.218293637 -0.560860038 0.0276432633 1.16593277
    0.72512418 0.39059788 0.62307173 -0.256417394 0.530854702
    0.770330906 1.14735651 0.501370132 -0.534799397 0.63866663
    1.48801255 -0.340347797 1.39911628 0.0893421769 -0.137292445
    -0.165471137 -0.13084808 0.0612085462 0.903824389 1.43299866
    0.782533169 0.357809186 0.0400996804 -0.0251479149 1.38562906
    0.402514338 1.49959159 -0.247090101 0.921340585 0.427336872
    0.41196537 -0.143807828 0.266795814 -0.460677505 -0.545858979
    -0.0990557671 1.51603019 0.32947135 0.277597249 0.668814421
    0.0991573334 -0.325184405 0.888308585 1.41688037 1.66734028
    -0.289932132 1.17790794 1.13261521 1.00726736 1.22599173
    -0.0692563057 0.554920733 -0.093664825 -0.170395881 0.0104517341
    0.580711603 -0.118767977 0.946169376 -0.490355939 -0.0826848149
    0.561076999 -0.0681245923 1.47628701 -0.0612041056 1.22175598
    0.338563204 0.150345206 0.276956081 0.293408692 0.94755733
    0.203753412 -0.432591915 -0.163662821 -0.242040098 -0.0826814473
    1.3064661 1.47048974 0.898504794 0.403012216 0.737422824 1.15963221
    0.206936598 0.422610164 1.31390834 0.898871183 0.922844589
    -0.161917955 1.09704995 0.0556447506 0.629068851 -0.0179746747
    1.18012512 -0.484345734 0.8822366 0.76331979 0.877004147 0.785995841
    -0.115682185 1.45533359 0.384753883 1.22783184 1.41307878
    0.188524097 0.466869056 -0.284403741 0.462753505 0.435971707
    0.91008687 0.346627027 0.685307145 1.16636944 -0.224290669
    1.34807003 0.412332594 0.300591826 1.06369543 0.416395605
    0.516387343 0.314266741 1.23460507 -0.330114394 0.566241443
    0.610652328 -0.257679284 1.22118926 -0.217431724 -0.239737093
    -0.475070417 0.305407584 0.826457798 0.0907686949 -0.286990136
    0.579488814 -0.158443093 -0.0966957211 -0.164275825 1.19237685
    1.25155807 1.17127037 -0.430603504 0.272322893 1.01553512
    -0.134238005 0.859636307 1.49372506 -0.0997091234 0.360319436
    0.927990139 1.23536444 0.484203517 0.176377177 1.19162166
    0.640064299 -0.397170037 0.863616049 0.443780541 0.434881091
    1.26012087 0.589184821 -0.341168314 0.495425165 1.52280867
    0.267562091 -0.0536667705 1.29580867 1.05257761 -0.526440382
    0.699770033 0.346422553 0.302497149 -0.472452611 0.257817924
    0.149196923 0.415957689 1.19255686 0.876952171 1.37233937
    -0.309498191 0.653990507 -0.369259775 0.751269877 1.45292962
    1.29626143 0.98075062 1.49326408 0.507897735 -0.259618044
    0.638440013 -0.180344433 0.348526359 0.634382784 0.908784807
    -0.0739507079 0.951436102 0.947665393 1.52308273 -0.119146764
    1.01829541 -0.168571621 1.26466894 -0.476228595 0.579994202
    1.12085259 0.672319889 0.349889338 1.00008106 1.4956038 0.738258004
    0.015784502 0.0593568087 0.35837853 -0.0547992587 -0.0639042258
    0.680689991 0.352666616 0.855332613 0.181500316 -0.125726074
    0.702896237 -0.31213361 -0.23709482 -0.480783403 -0.292318344
    -0.422854006 0.315736413 0.926017702 0.403433383 -0.35444808
    0.767798066 1.18676257 0.987331748 1.28385937 -0.0168731809
    1.36184597 0.986529589 0.256742537 0.506060898 0.795678318
    0.951394975 0.178969443 -0.297519803 1.06486011 0.516404986
    1.10505819 1.43058252 -0.3195149 0.0293019414 0.671559095
    -0.32576108 1.15676236 -0.366709709 1.48359752 0.739713907
    0.324700952 0.455516398 -0.0516093075 0.750409245 0.323905706
    -0.126665622 0.659121335 -0.106846154 0.397699893 -0.242560357
    -0.336839467 -0.235776126 1.25874162 0.993843257 -0.453090727
    -0.309471786 1.19940567 -0.0663389564 0.590317786 -0.358046383
    0.393783092 -0.103241563 0.534179449 0.451920867 1.16005337
    0.981477082 2.00271606e-05 -0.482843727 1.52183282 0.677389145
    0.439590454 0.197993875 0.796000957 0.146347642 -0.201441556
    0.396836877 0.801210642 0.785385668 0.0609494448 1.44989157
    0.286551893 1.32749844 0.757653177 -0.166804761 -0.226385862
    0.983762562 0.0256818235 1.23766494 0.637334824 -0.275068671
    0.70571965 0.49109453 0.1430839 -0.0509995818 1.13830996 0.277775705
    -0.382918388 0.712352753 1.21024799 0.762062848 1.39290929
    -0.11144489 0.713771224 0.534836233 -0.320636392 0.223155499
    0.89669466 1.33496845 -0.176281214 -0.114515483 1.46064675
    1.36312497 0.331251144 0.28968513 -0.212172121 0.587055147
    1.28952241 -0.213710308 -0.413812399 0.611029804 0.812731326
    -0.546326578 0.51644659 1.19138479 0.651858628 0.797842145
    0.0337910652 0.0934832692 1.15519691 1.30797994 0.506205857
    1.31760383 -0.338672698 0.279903054 -0.320172817 0.377064466
    -0.47987473 0.916613817 0.482958436 1.4724288 0.675082207
    -0.125559986 0.152707219 -0.083997786 1.27938163 -0.346607089
    0.463869959 1.57606435 -0.0891786218 0.453667343 0.175969005
    0.0793755054 0.0225124955 0.788806736 0.793095946 1.55996871
    -0.289756984 0.572649181 0.331977904 0.108095944 -0.230238914
    0.916906953 0.949859798 1.35700667 0.230211914 1.33002996
    0.188171685 1.06352043 0.225429595 -0.368105233 1.37561488
    -0.433370441 -0.470260799 1.49862635 0.497185707 -0.0922348201
    1.35775924 0.753509998 0.373174548 1.01389635 0.231878698
    0.627054691 0.391837358 0.244237185 0.496954322 1.00373411
    -0.241860509 0.582661033 1.48859286 0.0635031462 -0.330087185
    -0.104312867 0.101843953 1.07509398 0.551569164 0.224370897
    0.406345785 -0.116079122 0.702356637 -0.42399925 0.224617302
    1.07066858 0.533922851 1.11483979 0.225456953 -0.00054872036
    -0.115044951 -0.446866393 1.47074199 -0.48093912 -0.131192058
    0.962988079 1.06949949 0.399584234 0.0151338577 1.38773417
    -0.145820498 0.214820623 -0.240573168 0.758372784 -0.439007699
    0.232547939 0.518943429 -0.533127844 0.771675229 -0.205095589
    0.0702520013 -0.331353784 1.19217014 0.39316237 0.446425021
    0.880971909 1.18264341 0.576568782 -0.0619114637 0.882056296
    0.150262237 1.25888824 1.46791029 -0.269991845 1.02481318
    -0.0463085771 1.26613951 0.475470424 -0.0124588609 0.795847237
    1.13098264 1.5444262 1.10035861 -0.169169277 -0.163818717
    0.762208462 1.45118022 1.20113945 -0.310899645 0.579531074
    0.155376136 1.28969407 0.547304094 0.233236849 1.33788157
    0.881587684 1.29611659 0.779151976 0.790834785 0.803137898
    0.416512847 -0.167837203 0.429857254 1.08423018 0.33674413
    1.40224302 -0.268037677 0.825880408 0.668637037 1.21576297
    1.13381839 -0.0703214407 -0.134996355 0.0896605849 1.04581094
    0.293503284 -0.121596843 1.46097207 0.195726812 0.694132566
    0.316099524 -0.473721683 -0.110572934 0.497612715 1.18341076
    -0.299960822 1.04148436 0.192329824 0.488964856 0.934048176
    0.554982007 0.24755919 1.34303033 -0.430591792 0.803650618
    -0.308288723 -0.477267921 -0.332810402 1.15571022 0.395237923
    0.300212324 -0.141680837 0.325906157 1.33961964 0.516364098
    0.258334994 0.964611888 0.997043669 1.38578916 0.677417994
    1.11051631 -0.29050982 0.200623035 0.321578443 -0.0563155115
    0.362112045 1.08746946 0.0583939552 1.40396059 0.23248744 1.2347945
    1.12526202 1.13992739 -0.223180145 -0.505214572 0.628467977
    0.525548756 0.93682003 1.48188627 0.725209594 1.42894971 0.646611989
    -0.217715859 1.48722959 0.523653567 0.397034287 -0.053603977
    1.62705946 0.345079511 1.36739492 1.32411528 -0.195217818
    0.880500317 1.21663952 0.576132417 0.688424706 0.485215366
    -0.44062534 0.820622861 1.20787382 1.26397085 0.788142085
    0.0149270892 -0.400198132 0.410372794 0.45016855 0.6520226
    0.0822877884 0.693840086 1.03284585 1.10835171 -0.151147604
    0.940858603 0.63533783 -0.475449145 1.24619389 1.31160629
    0.366500139 1.42707455 -0.149692655 -0.428030431 0.0649852157
    1.51152396 1.10080707 0.877019107 0.977463245 0.164899409
    0.224166512 -0.224671632 0.240456581 0.510732532 1.02860451
    1.38597918 1.09667408 0.561365008 -0.122890025 -0.552016079
    1.25048935 0.888931215 0.636351466 0.346469998 -0.141416043
    0.898270488 1.46401882 0.912674963 -0.492881358 0.944893003
    1.02189898 -0.470616579 0.161897391 -0.109630585 0.695431232
    0.0520000458 -0.186237931 1.02725363 1.22700953 1.26818502
    1.38890076 -0.185770363 -0.0382544398 1.08393121 0.438456714
    -0.0304580033 0.238103151 0.825249255 0.820222974 0.985397816
    -0.516595364 0.890598178 0.284500122 0.828943491 0.319070697
    0.272138178 0.834124029 -0.172317207 0.740474939 0.812261939
    -0.438827455 0.701784134 0.494553447 -0.40501225 0.329219997
    -0.488566667 0.333049655 0.398281038 0.200690031 0.87397182
    -0.318202496 0.192911923 1.30260468 -0.384405345 0.0836364031
    0.80898875 0.203587174 -0.198069811 0.243635774 1.30061269
    0.831150234 0.87398994 1.50643647 -0.103112042 0.93199563
    0.380055428 0.0223125219 1.46734059 0.247522593 -0.277929366
    0.321674526 0.462152958 1.3828249 0.150183618 0.307789028 1.2845943
    -0.241806448 0.22565645 1.41031682 -0.143478066 0.296915591
    1.32676911 -0.112620592 -0.233506918 -0.3950454 0.765877664
    0.323912323 1.14073181 0.990205228 1.42190897 0.510259569 1.3482244
    0.411704302 1.15960717 0.481743395 -0.169909477 -0.519928217
    1.33494699 0.594819069 -0.535898745 1.32618475 0.598229408
    -0.199912757 1.46306038 -0.075301826 0.434174955 0.319331527
    0.852558732 0.450718522 -0.272231728 -0.329796493 0.463955939
    -0.190449536 1.48513472 1.06918049 0.283024609 1.52211475
    0.306032002 -0.230353653 0.24597919 0.46924305 0.356150746
    1.11833274 0.899129391 1.33702326 0.250546575 1.25767303 0.566244364
    0.698213041 0.465458393 -0.180918962 0.170598984 -0.416512728
    1.09641743 -0.420046777 -0.258424312 0.414686322 -0.556374311
    0.794899821 1.09993386 0.10350883 -0.0231161118 0.155769646
    0.990023077 0.0300928354 -0.125977427 -0.110439032 1.0614543
    -0.0227789879 0.968382955 1.02657676 0.103566647 1.40584469
    0.147977293 0.738655448 1.20807147 -0.426848888 1.39292526
    -0.365470529 0.422617316 -0.357318282 -0.355133832 0.191487432
    1.10284936 -0.025888741 0.322151035 1.59771276 1.37728763
    -0.432143182 1.51824594 -0.276441067 0.831811428 -0.494940013
    0.503641307 0.731773317 -0.532562971 1.02778053 1.49549031
    -0.371970415 0.969442725 -0.247288585 1.18591416 1.28736651
    1.24510193 0.776300013 0.288013041 0.866289377 0.0711844563
    0.884103179 -0.268685699 1.25848329 0.357379079 1.03553331
    1.36440313 1.33339143 -0.067276597 1.12918687 -0.374066532
    0.344215333 0.319988191 0.34774816 0.428005576 -0.142448038
    0.520001233 0.378189117 0.538660586 0.462937921 0.079084605
    1.23763359 0.674263716 0.0838320255 1.21409953 0.0761481524
    -0.0413553715 0.172212064 -0.318124473 -0.0801190138 -0.273040861
    1.06114817 0.926784337 0.833127797 0.954911768 1.04901838 1.39203417
    1.52888584 0.686478615 -0.460596949 0.609197974 -0.141362131
    0.495892048 1.09390807 1.39299202 0.676739275 0.573560894
    0.675117433 0.678078473 0.164101899 0.407005608 1.41327751
    0.374284804 1.29626644 1.30426908 0.890798092 0.247303605
    0.275413215 -0.427803665 -0.131673008 0.596476078 0.385101676
    1.54429054 0.21709913 0.14081192 0.174014211 -0.495591164
    -0.502630234 0.849775851 1.19765329 0.902772307 -0.533486307
    1.20753169 0.314782202 1.2691803 1.2490449 0.804087043 0.257273853
    -0.398046911 0.372522533 -0.278299272 0.563468933 -0.103641659
    0.446575105 -0.330144972 0.099484086 0.813689709 0.0862154365
    0.978515744 -0.272792816 -0.481590539 0.978364825 0.771558583
    -0.117578536 0.680410504 1.06671429 0.454112887 0.460849166
    0.921789885 -0.119033843 -0.22241804 1.50841975 1.47498596
    1.05702758 0.670788169 0.422890067 1.41980433 1.06978154
    0.0503994823 -0.278313905 1.28277636 1.26983857 -0.418596655
    0.119069517 0.394611657 -0.0705924034 0.26117909 0.67898345
    0.579555035 0.971791506 0.983237445 0.94032222 0.935023904 1.323385
    -0.186199427 1.3342644 1.08513594 0.355560601 0.732299924 1.29715157
    0.287923872 -0.208961368 1.51287937 0.644620061 1.34803295
    -0.400053084 -0.00465524197 0.998470962 0.29545182 0.520445585
    0.433776736 0.508390725 0.666846573 1.27992702 -0.190726817
    1.01299214 1.31914616 1.41093731 1.16019905 1.32335353 1.03801012
    0.0544958115 -0.548146188 0.826045215 0.998718321 1.43644834
    0.357521832 0.0103516579 0.456704795 0.523141265 0.96903789
    0.866703033 1.13113403 -0.175664335 0.69777596 -0.454917789
    -0.549527109 0.475919664 0.909514308 0.680001438 1.04202688
    -0.301759183 -0.159500867 1.13098466 1.05565095 0.0767618418
    -0.339368522 0.976569653 0.141151309 0.521056116 -0.459275961
    1.04411507 1.10724139 0.206789613 0.140969276 0.993633091 1.49465013
    0.610159278 0.662074447 -0.0222804546 0.0907715559 -0.234038055
    0.395779967 -0.191594005 -0.300198346 1.4109261 0.198685765
    0.142069161 1.33232355 0.10403797 0.443620414 -0.00802305341
    1.20651507 -0.0916399956 -0.371103287 0.474455178 1.28111339
    0.710799634 1.26459932 0.151460826 1.15725684 -0.100191474
    0.358382463 0.492283821 0.145324349 0.735794306 -0.32768935
    -0.270046532 1.42971396 0.64813298 -0.333277225 1.38333488
    -0.0315703154 0.113786399 -0.458586812 0.0930072665 1.34913576
    1.34367085 0.588035583 1.31382966 0.535212874 0.151847303
    -0.172820717 0.248548836 0.738977671 0.327451468 -0.0752508938
    1.14002609 0.582250655 -0.480820835 0.217633665 0.256014943
    0.378564656 0.895838976 0.467627645 0.495915294 0.39252013
    -0.433268726 -0.450904161 0.735823572 -0.336310148 1.48364556
    -0.172707409 -0.00186055899 -0.162691325 0.50773716 -0.0772259533
    -0.426904231 0.565529585 -0.491274953 -0.381153703 1.03869414
    0.832625806 0.392712593 -0.0389358699 0.637839496 0.431593835
    -0.397499442 -0.0837522149 0.695991158 1.42024732 0.333762228
    0.766884685 1.38004231 -0.0448031723 0.714388132 1.30738544
    0.850016475 -0.105958849 0.425658941 1.16199422 1.30331206
    1.37787771 0.254566491 0.836696863 -0.0795074105 1.46782517
    1.09236646 0.542542458 0.381954432 -0.425782651 0.633328736
    0.8981148 1.52547109 0.671576321 0.277904212 -0.0457972586
    0.421680033 -0.398769259 0.678307414 0.808502078 0.268535733
    0.613541365 0.557521045 0.572704554 1.1627748 1.35160089
    -0.0396437049 1.3844254 1.3852129 0.826634526 0.184529483 1.32522392
    -0.249349356 0.199436367 0.91530484 0.870751143 -0.27558285
    -0.36160472 0.468323708 0.60267204 -0.479048222 1.10788655
    1.37543809 1.43666291 0.156656086 1.18193626 1.02567935 1.0878005
    0.502885938 1.39968312 1.24587727 1.42720604 0.482845902 0.219612062
    0.189582944 1.58196533 -0.322992623 0.266911894 0.127064496
    0.635833263 1.2825141 0.748894334 1.4795264 0.248163342 0.607923627
    -0.341735035 0.907361925 0.0777667165 0.667412341 0.0877104402
    -0.116993099 0.197925091 0.153929174 -0.243437916 0.111924112
    0.81452328 0.619487941 1.3449136 0.502141833 1.26878202 -0.112757057
    0.457729697 0.424623311 0.884190679 0.90196079 0.484771848
    0.561663151 0.451176643 0.65715605 1.086972 -0.227060467 0.429180086
    1.12493145 1.32481956 0.511652112 1.30297589 0.092866838 -0.24916929
    0.945574701 0.730124712 0.181131423 0.142698348 -0.497106552
    1.29759955 -0.0869964361 1.49315417 -0.149032086 0.648206174
    0.366913021 -0.438058436 1.44749057 -0.363331735 1.28513336
    1.48828149 -0.130401492 0.86062634 1.376827 0.374438763
    0.00782525539 1.42364621 1.04146075 -0.0127359033 0.795774817
    0.549772739 0.19587332 0.485642195 0.733394265 0.564275026
    1.39107156 1.16651559 1.40012288 -0.00214880705 -0.543670952
    -0.446411222 -0.397836566 1.29278648 -0.0389194489 1.19385719
    0.981805205 0.280669928 1.45617723 0.372746766 -0.493758202
    0.0791496634 0.216926634 0.412890255 1.53079569 0.178351641
    -0.0720345676 1.03114772 0.140026093 1.47792292 -0.406214178
    -0.263432264 0.460297108 0.86517781 -0.430748969 -0.515663743
    0.425186217 0.898543477 1.1097306 0.758572817 -0.342578709
    -0.275624633 0.14795512 1.1604811 1.41905141 0.503721654 0.334984839
    -0.281626701 -0.122710109 0.419656873 0.472136378 0.729591727
    -0.253421366 0.364659727 0.370909691 -0.00723809004 1.21968877
    0.464907646 0.75235337 0.590361476 1.07523251 1.02359903 1.03475285
    0.0969623327 1.09299469 -0.000755727291 -0.0377027392 0.706528962
    1.3067143 0.476387918 0.244956672 -0.399473429 -0.396766186
    0.469534338 0.229806364 1.5687232 0.864527166 1.21584964
    0.00619781017 -0.104754508 0.109549493 0.101125181 1.31380296
    1.2269299 1.14403367 -0.336368352 0.0891290903 0.609017968
    1.29188251 1.31713367 -0.100701451 -0.213299841 1.0159359 1.36081553
    1.2814399 1.52289605 1.2256732 0.725915074 -0.238935113
    -0.0669569075 -0.451138377 0.755658567 -0.14460811 0.683739305
    -0.347705245 1.22664356 -0.0113160014 0.874020517 -0.495858878
    0.312531769 1.55086994 1.02489257 0.793780804 -0.264051318
    0.596593738 0.696959972 0.238880992 0.988575161 -0.474826276
    1.10950959 -0.0995078087 -0.356594443 0.222213268 0.402384996
    0.581630647 -0.110460341 1.31230152 -0.317822397 0.0368125737
    0.293260813 1.10992086 -0.00980070233 0.360106945 0.968979776
    -0.478814781 0.795094073 1.02721953 0.329231143 0.354062021
    -0.300625712 0.27169162 -0.330259889 1.12073195 1.19298768
    0.701863647 0.578986406 -0.0505473018 0.806337297 -0.251545727
    0.999007642 -0.48454228 -0.329838037 -0.387409538 0.0550998449
    1.44559836 -0.423764259 -0.209836751 1.20114803 0.177596509
    1.38610411 1.12994194 -0.517508745 0.261321008 0.140296161
    -0.283114374 1.31581473 -0.326807857 -0.274974465 -0.403861344
    1.28117359 -0.362266749 0.0767044425 1.50832391 1.38814545
    0.250325263 0.959947526 0.726476073 0.431522787 0.54026705
    0.431959033 1.32005346 0.0400369167 1.18190396 1.18697691
    0.990564525 -0.200293988 -0.190511465 1.38732958 -0.300005972
    0.724872828 0.749834895 -0.0357546508 0.907772601 0.676700771
    -0.0296391845 -0.307110369 -0.383051336 1.47045922 0.362329841
    0.216845393 1.16780639 0.645759463 1.41435504 1.13482928 0.387226522
    -0.456270695 0.117545068 1.36078668 0.309445322 1.3600657
    -0.266163677 1.28347886 0.310942709 1.24126089 0.37215656
    -0.220975131 1.3827374 0.0552161336 1.13817048 0.561565638
    -0.277132183 1.50346518 1.41682291 0.79039526 1.16668117
    -0.137174457 -0.277826309 -0.144604951 0.532368422 0.627179861
    0.0924056172 1.04267538 0.571716011 -0.00158375502 0.527201891
    0.63397491 1.06125164 0.15401727 -0.33730489 0.713297546
    -0.0151536465 -0.464569628 0.30647999 0.220460892 0.827967227
    0.466306984 0.00809001923 0.948963821 1.35526276 1.35996711
    0.0477068424 -0.0481342077 0.64342308 0.312289059 1.49205422
    1.08663678 0.696515501 -0.564335167 1.42686844 1.18621099
    -0.510016084 -0.134236991 0.885423899 0.379412115 0.910562456
    0.0171804428 1.26531363 1.1933496 1.38040829 0.323424816 0.570068777
    1.10992789 0.0973769426 0.504620612 0.0941762328 1.51664019
    1.26843214 1.37034178 1.13968444 -0.26089257 -0.547766566
    -0.548070788 1.11285663 -0.180278808 0.604067385 0.696142256
    1.15693593 0.0951008797 0.0901817679 0.774218738 -0.348978281
    0.825095356 0.897834003 0.645536304 0.99841851 1.11064911
    0.751160026 1.02427614 -0.252068102 0.862846017 0.923318446
    1.15744185 0.119919419 -0.183277786 1.22282624 1.16829789
    0.700498343 1.10079741 -0.173901647 0.471430302 -0.404648751
    -0.109083205 0.848821521 0.949151635 0.0384800434 1.15679598
    1.25215387 -0.0906395316 0.751492798 -0.372267485 0.224465489
    1.277035 0.271445096 0.528302908 -0.180607051 -0.308823287
    1.55837464 0.944233477 0.354697704 -0.498803109 0.0192409754
    1.18414712 1.455284 0.0718055069 0.317729175 -0.4640221 0.728790283
    -0.405580223 0.353675723 0.245581388 0.664949059 -0.289323479
    0.47411412 0.0777289271 -0.128718555 0.686052442 -0.282140195
    0.0978991985 0.251987875 -0.130832732 0.204833686 0.702963471
    0.912817478 0.571965694 0.0690675974 1.55273628 0.664511085
    1.18695319 0.375535667 -0.143295884 0.820805073 -0.46821332
    -0.462506384 0.552271366 0.705563426 -0.400795937 0.807300091
    1.21744859 0.406660378 0.316400588 0.860757232 0.163933456
    0.149014235 1.03191996 -0.254181743 -0.330411375 0.667726457
    0.346479237 0.802016556 0.372126997 1.40534079 1.14890957
    0.0771389306 0.71977663 0.632972598 0.803125143 1.05602145
    -0.061929673 -0.0373957455 1.41234446 -0.146134317 0.62324357
    1.48352814 1.18730187 0.371037543 0.399828315 -0.300373495
    -0.157028347 0.418780267 -0.492477089 1.39359975 1.04237723
    -0.252935559 0.812930465 0.831627846 -0.026873529 0.414024115
    1.0612936 1.07326484 -0.361133695 0.534465253 1.46803355 0.933970511
    1.06185269 0.172628522 0.696852624 -0.269663155 -0.231475204
    -0.205459744 -0.0151263475 -0.0200133026 0.0836341679 0.51372087
    -0.375869274 1.14552796 0.383522004 -0.379249215 0.223519355
    0.136871755 0.454468191 -0.0386043489 -0.075502336 -0.114532053
    0.197733641 1.1230762 1.0203588 0.949465513 -0.563641787 1.09626269
    0.400901139 -0.272729665 0.451053023 0.506021678 -0.20843339
    -0.23411113 0.396716297 0.985798359 1.01128936 0.966241837
    0.991236091 0.0705372691 0.111910105 0.709864438 1.18997955
    0.693373442 0.93989706 -0.457940042 0.446009636 0.223452985
    -0.399620533 -0.208633125 -0.31677106 -0.373610139 -0.421211153
    -0.0831056833 0.345943511 1.27982163 -0.0904800892 1.39275575
    0.164446831 -0.107182294 0.26696676 1.46362102 -0.140952229
    0.121098757 1.28523827 1.17481136 -0.405855119 0.474100471
    0.410722196 1.22497809 0.454336047 1.00877547 0.589708626
    -0.0489731729 -0.411716044 -0.172195047 -0.216082454 0.832206666
    1.4835279 -0.336648941 0.146513999 -0.337965816 0.479610682
    -0.228033036 1.4217124 0.169197023 1.04974341 0.44248867 1.41167235
    0.795823574 0.88050437 0.666415215 -0.333477855 0.0135248303
    0.568926752 -0.225898176 0.245160103 1.07738328 -0.565104723
    1.45117784 -0.559088945 0.817289591 0.0544020534 0.205135167
    0.45098418 0.707022488 0.599267066 0.34173888 0.206881523
    0.232863009 1.52456129 1.09496093 0.218859315 0.528707743
    -0.427507609 0.214618027 0.0794559717 0.0955978036 0.633221686
    0.050111711 1.44354868 1.32679272 1.42831898 0.755945623 0.165733933
    0.647929668 1.3847903 1.23556232 1.14446878 0.0258893371 0.195376456
    0.771230817 1.3840313 -0.25090304 0.225064576 1.05933022 0.123214006
    -0.147778153 -0.163953513 0.128624976 -0.485663474 -0.112088591
    -0.532718062 1.34660256 1.45261157 0.848502398 1.4928987
    0.0188754797 -0.48356095 0.557432115 1.28151131 -0.430834681
    0.892207682 0.796330631 -0.268468022 1.36836267 1.52414513
    -0.353187978 0.741387248 -0.150691628 -0.0104495883 0.220834494
    0.36056608 -0.389235854 1.50369751 -0.532780111 1.19708347
    0.0851540565 0.162737429 1.48181093 1.21968114 -0.448007315
    0.922863305 1.39021444 1.17567635 0.50225836 1.40380192 0.0284738839
    -0.446933627 -0.256646603 -0.359906137 0.0375286043 0.908516288
    0.222183108 0.272400796 0.765918195 0.771760046 1.3153162
    0.0243287086 1.5215435 -0.439486504 1.01605105 0.289017618
    0.767586887 0.840475142 0.954496741 1.24684846 0.723930061
    -0.100860804 0.597912967 0.0642824769 0.846734166 0.135556161
    0.795147419 1.57135701 0.474268794 0.583936393 1.50034595
    0.448180437 0.950746834 0.471288741 1.19660938 1.15823889
    -0.266339839 0.665663481 -0.507361114 -0.222317338 -0.342219681
    0.943636537 0.450573683 -0.468973935 1.27892923 -0.186675012
    0.429741502 -0.181040466 1.26014113 1.41845214 0.82392168
    -0.0690726638 1.70067215 0.907893419 0.8350389 1.46087015
    0.953045189 0.960291862 0.94098109 1.46440041 0.604521632 0.34659493
    -0.495376766 0.473054469 -0.0609030426 0.321447372 1.47234738
    -0.169976771 -0.42528981 1.01525331 1.30848956 1.42708778
    -0.421595633 -0.425566316 0.222213149 0.374226511 -0.450575948
    -0.296158254 0.00895041227 -0.348565578 0.632229149 0.643452168
    -0.0257539749 -0.234028488 1.26244712 -0.121295542 -0.264359355
    0.420587897 0.605732083 1.22516 0.743066192 1.36317527 0.990748525
    0.317421466 -0.406604826 0.905863523 0.68690294 0.911121964
    0.359818518 0.931315482 -0.351139098 1.01200819 1.25006425
    -0.481812954 0.76153487 -0.342235476 -0.472276241 0.640721738
    1.34917378 0.725554109 1.46412945 1.5590322 -0.257812142
    0.0661333203 -0.0223897696 1.07297361 0.439236581 -0.103725344
    -0.421650082 1.15347791 1.50126076 1.24864125 -0.488741189
    1.41989946 0.843357027 1.12412465 0.556696653 0.619220972
    -0.515814662 0.552977741 1.19959354 1.17299032 -0.360527158
    1.12344873 0.636414766 0.362447381 -0.307243824 0.538135767
    0.988704503 0.490209281 -0.255880654 -0.522296965 -0.211873412
    1.07648945 1.43011355 0.867079794 -0.088552326 1.26242542 1.34950066
    -0.490521073 1.54742765 0.443165779 -0.163571388 -0.0533652306
    0.932590067 1.3922261 1.40397859 -0.242242008 0.078496933
    -0.495361388 -0.142054319 0.0534863472 0.458665133 1.52414966
    1.34351683 -0.329957604 -0.317186058 0.252245784 0.695860267
    0.350084662 0.0766653419 -0.346957326 -0.326812923 -0.462610424
    -0.476877153 0.466547251 0.480534613 1.53271425 0.490531206
    0.303131461 1.11656046 0.285921097 1.53726578 0.249202847
    0.632207274 -0.169311911 0.853567243 0.602469742 0.110774696
    0.696137309 1.35210085 -0.434988439 1.48941398 0.330765843
    0.0404089093 -0.340527952 1.18502498 -0.381366074 0.0208807588
    1.25091052 0.58622098 0.103475749 1.22299051 -0.0711084008
    -0.145004958 0.421384215 -0.349567711 0.354078233 -0.585523486
    0.20777899 0.577451289 0.781443059 0.991394877 0.235779583
    1.38689327 0.887272477 -0.179840207 1.00594163 0.458512127
    0.975952923 0.52810055 1.47209907 1.06729627 0.275217533 1.42025924
    -0.353646636 -0.221997261 -0.471661985 0.107089698 1.07103193
    1.52697206 -0.359582543 0.800372303 0.153960526 0.116053045
    -0.393889785 1.17990232 0.0806910396 0.315511048 0.891950309
    0.426847696 0.982863605 0.309088469 0.599779189 0.958647788
    1.42689943 -0.211812556 1.22142279 0.385589302 0.850594759
    0.350600898 -0.344693542 1.36811423 -0.215233266 1.46975064
    0.236765444 0.587576985 -0.230486333 0.523111403 0.522422791
    1.07854426 -0.436493665 -0.0497973561 0.47446686 1.0798161
    1.49276471 1.34290409 0.789753377 0.186577916 0.476601183
    -0.25497058 0.500861347 0.807674944 -0.309274167 0.200205684
    0.811212063 1.41478717 0.919246554 0.150929928 -0.476249427
    -0.423806608 -0.376765668 0.149895906 0.00923717022 -0.479521483
    1.05180407 1.47798252 -0.488950282 -0.153541744 0.277196884
    -0.0612898171 1.02614975 1.44021094 -0.376296341 0.740948856
    0.988835454 1.25813353 1.16908407 1.27384615 -0.435864031
    0.201553166 1.2996434 1.40837693 0.805112004 1.3813504 0.22999841
    0.948016524 0.807316184 0.139166504 1.35290718 1.40759504
    0.201750606 -0.295214325 1.32609129 0.896468639 -0.429225087
    -0.0586861968 1.33014488 1.53150892 -0.424536318 -0.342119157
    0.445901394 0.571434319 0.820118964 0.184102654 -0.425123692
    0.548666358 0.322353184 1.17905188 1.24073005 1.51579094 0.446870565
    -0.160399228 1.03064108 0.132863581 -0.339799404 -0.337510526
    1.03984499 1.37190557 0.332106531 0.800625861 0.270038724
    0.957432389 1.46141434 -0.129807025 0.963810205 -0.365995139
    1.60896301 -0.0938214362 0.788547516 -0.363444328 0.303590506
    -0.125019461 0.874877691 1.34180212 0.237917602 -0.215360284
    -0.534401834 0.302304804 -0.538061261 0.343333542 0.951331258
    0.468454957 1.10913193 -0.0650238991 0.762444854 1.39944553
    1.24403095 -0.13392204 1.4544009 -0.480790555 1.11327362 0.941237271
    1.37493706 -0.0801356137 -0.278363794 1.03164804 1.35000622
    -0.497022241 1.46159196 0.958672106 -0.3878268 1.5112462 0.85605824
    1.5355072 1.05534863 1.48477638 -0.436106145 -0.347059518 1.50213134
    0.775325 1.112481 0.0153227448 0.603286266 0.147068322 0.380020797
    0.588889182 1.37275529 -0.208142936 0.124769032 0.112741232
    0.0407997966 0.572107136 0.848451257 -0.106372446 0.952666938
    0.773516417 -0.334414959 -0.0168533027 -0.199660927 -0.266419262
    1.18515682 1.32536364 0.820531309 0.374572754 0.559619844
    -0.121575475 0.18784219 1.02693701 -0.408326328 -0.238372386
    1.08902371 0.863094807 -0.104663312 -0.54676789 1.39033806
    0.298154712 1.44565904 0.470144331 -0.468346834 -0.488168955
    0.439817309 0.637446046 1.28162241 0.600436866 0.600389302
    1.24601126 1.34113693 0.142626464 0.271997929 -0.452906072
    0.620218694 0.580128849 0.200336933 0.16214633 0.271520734
    -0.309800386 0.0668066144 -0.0105984807 0.573462784 1.04204774
    0.220561683 1.44428706 -0.434151173 0.0639913082 -0.000270724297
    1.17621088 0.152758718 0.963838816 0.296805859 0.878021777
    1.25405216 1.30378842 0.0261412859 1.41582501 0.491845965
    0.665189743 0.963304639 -0.312293202 1.34797394 0.621172726
    0.358020663 0.627157331 1.43474507 -0.49350071 1.14943624
    0.700295627 -0.390791535 1.52036023 -0.306744277 1.17088497
    0.952693284 0.933244765 0.673283815 -0.0060582757 -0.127085388
    0.235123634 1.34690237 -0.00947344303 -0.117830724 0.395425439
    0.704516053 0.744356692 0.59004873 -0.240314007 1.46072674
    1.23626208 0.195125282 0.232728362 1.27102327 -0.0882648826
    0.96889776 1.34373295 0.115775287 0.20631814 1.25741148 -0.399235874
    0.0544204712 1.46177602 0.798667073 -0.0410328805 1.18896627
    0.376562476 0.437297404 -0.145270616 -0.324227452 -0.365719944
    -0.162913173 0.761184812 0.252821386 1.3999362 -0.232717901
    0.801355302 1.00530839 0.767482877 1.21799374 -0.530774593
    1.34771907 0.340010464 0.628855944 -0.017354846 0.235666752
    0.302933395 1.23469305 0.235774994 1.31143403 -0.146091461
    0.638995469 1.43356824 -0.374852061 0.392195106 1.01928973
    0.946646154 1.38579261 1.02408695 0.397308707 -0.303055108
    0.451424122 -0.544199884 0.736075699 -0.0123187304 -0.186896145
    0.896449566 0.7851125 -0.3277978 -0.110979855 0.736001372
    0.00737971067 0.278245211 -0.132471442 -0.455140531 0.117897391
    0.963616252 0.0536628664 0.407425225 1.05741 1.62732434 0.434106141
    0.134623587 1.01494873 0.739757359 1.35962558 0.364108264
    0.490211666 -0.525107503 1.36811876 -0.460646868 0.587223411
    0.115014434 0.661194146 0.997176647 1.02415907 0.474189758
    0.337675095 1.13544798 1.18433571 1.44712067 -0.44580391
    -0.355754793 1.00050974 1.19603133 -0.422397375 0.250368893
    1.08787179 0.0192863941 1.35747945 0.774950266 0.91435957
    0.542585015 0.59107852 0.0237360299 -0.319002926 0.745128512
    1.36765826 -0.166123033 0.274116576 1.38222492 -0.318462193
    -0.241400316 0.143253624 -0.281943262 0.719142616 0.866596222
    1.4277873 0.428090811 0.416897237 1.25904751 0.302221239 1.51423943
    -0.476994902 -0.370401978 0.307865977 -0.0873032212 0.635845661
    -0.397227645 1.10193276 0.157631218 0.52890116 0.0280437469
    1.43494511 -0.284557164 1.09435606 -0.0304464698 1.31076467
    0.705551505 1.03994823 1.01742315 0.755933583 -0.274687171
    1.23330736 1.5342294 0.392687917 0.0639332533 0.654016674
    0.479186833 0.595947266 -0.245300144 0.151218891 1.41263294
    0.64256686 0.243808508 -0.106681943 0.913445473 0.996050537
    0.36010772 -0.0967204273 0.750675619 0.210953712 0.68353653
    0.0934020877 0.101457536 0.135431767 0.104363918 -0.0860849917
    0.308288872 0.843270421 1.50569797 0.105792224 1.32679033 1.16840768
    1.36559856 -0.338009536 1.29544997 1.31951857 1.03593183 0.369937479
    -0.390155971 -0.146633834 0.584117949 1.52746344 0.568842828
    1.05384851 0.892017961 1.40275884 0.502136171 0.51048094 1.00842369
    0.0447179377 0.336610913 0.922141552 1.0889194 0.0933346748
    1.13569236 -0.347764552 0.606421769 0.324239969 0.216115117
    0.0256717801 0.443063855 0.823336899 1.22016609 0.724296331
    1.18458784 0.445952773 1.03723192 0.538790822 -0.110692024
    -0.0659973919 0.912721515 0.0573512912 1.08059359 0.120687366
    -0.0150747299 -0.300897449 0.297063828 -0.521495581 1.16555285
    -0.342073262 1.02521563 1.04752731 0.725546718 1.26860034 0.44073689
    0.260946274 0.966131687 0.591819286 0.802577019 0.32530731
    1.09110641 -0.292153716 0.583918631 0.943447471 0.475501239
    0.92150861 -0.408221245 1.32123554 -0.115955651 0.371420622
    1.15818334 -0.0168526769 -0.211137831 -0.192408621 1.3571651
    1.19583249 -0.0552310646 1.03329635 0.984004498 0.770086408
    -0.250611275 -0.0532501936 1.0946722 1.19677329 0.561716914
    0.32495898 1.29674077 1.12786603 -0.380957812 1.3394115 0.563047171
    0.0966564417 -0.340736449 0.936485529 1.31364048 0.427275777
    -0.174009144 -0.334077477 0.0161064267 0.176655114 1.41904294
    1.52163482 -0.321650505 -0.242084622 0.593689322 0.52633363
    1.35038447 1.33813548 0.751324296 1.30914187 0.285945117 0.413056314
    0.143329501 0.473462105 -0.414839685 0.142858088 0.510902524
    0.958724856 0.536846399 -0.0803642273 -0.0374213457 1.3531239
    -0.457242727 0.330867589 1.10251105 1.50058389 1.45442116 1.15087581
    0.201689899 0.981315911 0.0706068277 1.25830352 0.00882542133
    0.931448519 -0.369858682 0.603832483 1.01751566 0.323759377
    0.402755022 1.46653199 -0.511183679 0.377612889 1.47978735
    -0.497786313 1.20846605 1.48734379 0.127868116 0.182883918
    0.338448286 -0.364281595 0.0468864143 0.97852087 0.928511798
    0.445348352 1.64786482 0.925685167 -0.397148043 -0.00722673535
    1.39240384 0.612856686 1.47354639 -0.151739001 -0.417264104
    0.158917904 1.10634685 0.239512503 0.425175011 0.545523286
    -0.513731599 0.563705027 1.04172194 1.08794451 0.411376894
    0.89526391 -0.327976227 0.316369534 1.52818084 0.924189091
    -0.221223801 0.912044168 0.159579933 0.0317130089 0.720178246
    1.28631687 -0.101224214 -0.286627352 -0.0744579434 -0.284165263
    1.18386924 -0.118775547 -0.36551705 0.44815141 -0.433917642
    -0.150684863 1.10162711 0.638764858 0.12338534 0.498145759
    0.171295762 0.219419539 1.4074868 1.01333916 1.29272866 0.756128013
    -0.50306493 -0.27829206 0.410804629 -0.192501605 0.247401059
    -0.110554516 0.126266181 -0.191940397 0.724792659 0.402324319
    0.722452343 0.362478793 -0.191717267 1.1429565 0.661615431
    -0.262356251 0.884083569 0.0968288183 0.520093799 0.184990287
    -0.0662172437 -0.0903497636 0.555452228 1.01558447 0.717480719
    1.41837978 0.304044902 0.943037808 0.596800864 -0.409985393
    -0.440933347 0.662774682 0.806299925 0.347655296 -0.293295294
    -0.022398591 1.5065552 0.272379518 0.811698079 -0.286578238
    1.01893449 -0.185761988 -0.28310746 -0.0777786672 0.412103951
    1.08486104 1.46506286 -0.51144886 0.775074244 0.339548588 1.18523669
    -0.177212536 0.42980057 0.98860395 -0.212988347 0.461361051
    -0.253047109 -0.117570221 1.00706172 0.399473071 0.303088427
    0.829097867 -0.227226317 0.715990126 0.898359358 1.20682526
    0.917867661 0.993534148 -0.0815376937 1.34469151 0.27807644
    -0.324721128 -0.160524189 0.611549318 0.741536677 1.33849037
    0.751190722 -0.0405525267 -0.00218078494 0.794223964 -0.0600934625
    0.976429701 0.0584253073 0.211622357 0.140772641 -0.44325304
    -0.00467866659 0.510728717 -0.417428583 1.11572182 1.08540845
    0.918923736 -0.202339858 0.470205605 1.30934584 0.0650507808
    -0.552565157 0.743632019 1.00538433 1.15476465 0.318674326
    1.31363487 1.45260453 -0.155644089 0.606824815 -0.279202014
    1.25114965 -0.139269084 0.158054769 0.697708547 0.254544795
    1.30493045 -0.525819421 -0.0767480135 1.47640467 1.14096332
    1.20428598 0.0198521614 0.402716219 1.07730246 -0.38865757
    0.0487443805 0.922011018 1.48043036 0.565330386 0.707277 1.40728962
    -0.0448349118 1.0286324 0.853661656 0.89718926 0.522157848
    0.597155154 0.457243323 0.67016089 0.828781366 0.9376297 0.293176413
    1.41447043 -0.265661299 -0.241135538 0.500849843 1.17918289
    0.799200654 0.504389763 0.863159597 0.793175459 -0.377923965
    1.32622027 1.4913857 0.0490068793 0.0174674392 0.0262203217
    0.830474257 0.00984275341 0.657735884 0.201727927 0.412274718
    1.0060308 0.0925771594 -0.416666776 1.02300847 -0.00718140602
    0.568623483 -0.0176733136 1.51262593 0.714312136 -0.448973
    1.27281165 1.03770125 1.05684888 1.4097147 1.19663 1.23360181
    1.10637999 0.24291712 0.507576883 0.0888574719 0.407876074
    -0.220967293 -0.188533515 0.319304407 0.151818931 -0.0165867209
    1.31276453 0.45772481 0.732069969 0.363131702 0.925753832 1.08463013
    0.506261885 0.611897111 -0.0264478922 0.78405267 0.751546323
    -0.26237008 1.46630394 1.373873 0.750411332 1.3393327 1.15240741
    0.00217103958 1.36151206 1.305462 0.598122239 0.709447265
    0.101598322 1.11502647 0.977753043 1.49974346 0.219272196
    0.408073485 0.340105474 1.31214809 1.53838539 1.32904124 0.26564914
    0.00374996662 0.228914499 0.78943938 0.0852410197 0.168850422
    0.944331169 -0.349066675 0.0749057531 1.25609076 0.355396688
    1.27573872 0.120556056 0.678828716 1.09698498 -0.254635334
    0.534994245 -0.274008602 1.5522182 0.0279839635 0.344630778
    0.382272601 1.27439904 0.987124622 0.075535953 0.748317122
    0.147274196 0.197227001 -0.1243743 0.711146712 0.0210742354
    -0.192073703 0.016569078 1.07575297 0.300034463 0.792344987
    1.25765657 0.880030274 -0.0797313154 1.46475041 -0.0214380026
    0.406598508 0.334346712 0.562674582 0.502698421 1.39677262
    0.885942578 -0.487723112 -0.056478858 0.613353193 -0.127083033
    1.42682052 -0.414841324 0.232210398 0.306520522 0.156622052
    0.0114166737 0.505091846 0.391683638 0.142589033 0.629565179
    -0.0764188468 0.0149008632 0.589914441 0.713496447 1.42685008
    0.572417378 0.139964879 0.709116459 -0.393917799 1.35311031
    -0.33526504 -0.388577342 -0.364417672 0.945631146 0.467921376
    1.45312464 1.40472555 1.26687074 1.30026543 1.10933197 0.0106104612
    1.36500716 0.826897919 0.977211177 0.965298772 0.901154935
    0.397734046 -0.125689447 -0.232195079 -0.33037287 0.0435130596
    0.396343291 1.48594761 -0.112067074 1.5013423 0.211711943 1.37799561
    1.46626854 1.09095764 -0.451833069 1.29365349 0.54163909 0.745473266
    0.449754417 0.579858243 1.17072248 -0.518761992 -0.08965078
    0.0896980166 0.0304433703 -0.0782354772 0.382414907 -0.248336166
    -0.127224237 0.464714378 -0.138422012 -0.377577782 0.0816492736
    1.0574317 1.52909207 0.67454505 -0.219714314 -0.0422440469
    0.433912456 0.261010051 0.914374232 0.434411407 -0.00138437748
    0.472890079 -0.0702809393 0.559869409 -0.464491367 1.16786027
    1.42890334 0.457516015 0.588799894 1.43029702 0.216409862
    -0.384805948 0.592483819 0.996261537 1.34533334 0.735617816
    1.09181535 0.911738157 -0.585141718 1.17485547 -0.334226102
    -0.264297694 0.635341644 1.1635735 0.148658097 0.934768498
    0.57281369 -0.032743901 -0.188802958 -0.101899922 1.53794432
    -0.267512172 -0.305498362 1.49761617 1.42003691 0.546500266
    -0.0197659731 0.480195343 -0.121169746 -0.421720207 1.38159657
    1.48895669 1.42687821 -0.147076815 1.17216539 -0.308833092
    -0.136542767 0.0838933587 0.463906586 0.473312676 1.29109883
    -0.541146755 0.154317796 0.499881566 1.46869159 -0.490655392
    -0.403807074 -0.115142941 0.247774005 0.139834046 -0.359384924
    -0.155870616 0.898475409 0.374937475 0.0328621864 1.21500158
    -0.211713105 -0.140798897 0.85003835 0.356717527 0.494654775
    1.44026423 -0.350669265 1.05279744 0.977478981 1.29448867 1.17368984
    -0.524129808 0.407310486 0.201120019 0.610818386 0.477774203
    1.42408133 -0.0583935976 -0.420033395 0.388021052 0.863568306
    -0.383811712 -0.0264242291 0.458241403 -0.0515864193 0.0327848196
    -0.473470688 0.00356739759 0.291556478 0.9194327 -0.0217880607
    0.349470913 -0.126141727 0.82889092 1.07603502 1.42404222
    0.380081236 0.0281227827 0.465021729 1.46653962 1.00909376
    1.04882133 0.591987729 0.866600633 -0.229443938 0.428170204
    1.50230336 -0.449462056 0.19553566 0.127198547 0.90104717 1.54056144
    0.158540428 -0.296039701 0.42148751 0.394665629 0.10778451
    1.03949189 1.47607744 -0.321703076 -0.510285974 0.263801992
    1.11543393 1.08790493 0.466951847 -0.381104589 0.0153185129
    0.177321553 1.23394477 -0.0883963704 0.248978555 1.02461505
    1.37954402 0.588685036 0.780745029 -0.0497149229 1.46903801
    0.167808473 0.0302824974 1.01486027 0.297348142 0.466450512
    0.242221892 -0.111562788 1.17505813 -0.0434735119 1.36587954
    -0.478253484 0.473156571 1.17249644 -0.133510739 0.602578044
    0.781839967 0.496342242 -0.494230807 1.34003079 1.11416459
    1.49519849 1.44372284 -0.543376803 1.3955493 0.218065023 0.884305239
    1.52126265 0.32134378 -0.494606614 0.999138236 1.07292926 1.23325801
    1.21662784 1.40954208 1.18387079 0.48702991 0.390690863 -0.500850379
    0.386254609 1.14348638 -0.344024688 -0.528850973 1.05157089
    -0.526144981 1.532372 -0.381515324 0.0588828921 0.166253984
    0.577576518 0.413634837 -0.168845296 0.0247400999 1.08526707
    -0.420654178 1.15024376 0.823769331 1.29302239 0.883389711
    1.04010117 0.952432275 1.02169955 -0.549362183 1.27714944
    0.173968434 -0.129665762 0.936449707 0.890073419 -0.0990740359
    -0.085513562 1.4319855 0.402887702 -0.498867244 1.13731217
    -0.200713277 0.202082634 0.967363238 0.366275489 -0.424648911
    0.336138487 0.428374708 -0.270595551 0.351021588 0.291435122
    -0.299084663 1.24877465 0.563069165 -0.355363369 1.26460481
    0.969804108 1.12497711 0.0763679743 -0.00724041462 0.488051891
    0.331961513 1.16709554 -0.442878813 0.658193707 -0.308623075
    0.225072443 1.54831302 -0.336491942 1.25882232 0.0548099577
    0.348988771 0.172947019 0.603095353 -0.122474045 0.482020855
    1.54324055 0.262783647 0.612406909 1.34159732 1.16371369 0.339459121
    0.949227273 1.01669788 0.0997155905 -0.148655534 -0.266763568
    1.30763865 0.366327643 0.423897982 1.27928877 1.39523268 0.896238565
    -0.245944589 0.76586628 -0.00885242224 1.34194875 1.30456436
    1.3938756 1.24972796 0.692913353 0.436351597 -0.0347564816
    0.499242067 -0.315063834 -0.277632594 0.557696104 1.1517241
    -0.378736287 0.106871188 1.19919848 0.167968333 0.502561808
    0.249578893 1.42449462 0.486402094 -0.207847416 1.17042851
    0.123081148 1.25077415 0.123330534 1.31003332 -0.282402158
    0.291029692 -0.321544826 0.249149978 -0.371603549 1.52141356
    1.35993123 0.232851923 -0.573561192 0.697075248 1.47106361
    0.233785033 1.38195968 -0.410099506 0.436073899 0.25493741
    -0.0663559735 0.755555928 -0.168328494 1.09882152 0.034615159
    0.296778679 0.421566308 0.959896266 0.61024636 0.669126451
    -0.0892016888 -0.414490759 0.223623335 0.139359832 -0.495705843
    1.51358044 1.01374006 -0.254399449 0.311470568 -0.319191098
    0.688103974 1.23123109 0.0917297602 0.589079261 -0.439627588
    0.371015668 0.438351154 1.17145991 1.11123037 0.509102643 1.21099043
    0.610996604 1.56227565 -0.0164705515 1.2922895 0.243146181
    1.49675524 -0.211748362 -0.513241649 0.156991005 1.28765583
    0.421726644 -0.0182262659 0.935463727 0.00107604265 1.49238467
    -0.382749975 0.331155717 1.39482319 0.734774709 1.25524139
    0.811707556 0.629868209 0.573051155 0.787979424 -0.485328317
    -0.218737662 -0.00940677524 0.112358063 0.262554646 0.565723658
    0.452129602 0.959018946 -0.194848329 -0.282418638 1.08984232
    0.275582671 -0.44375962 0.525488198 0.736304998 0.270673275
    1.37133789 1.47486925 0.597664475 -0.188384324 1.15820825
    0.618299663 -0.320640028 1.24992776 -0.248410285 -0.315198213
    0.603018701 1.16616678 0.264448881 1.45543337 1.42161298
    -0.154804856 1.30368185 0.237235069 0.102900386 0.257760227
    0.374987841 -0.289871395 -0.51234287 1.48562109 -0.0781359673
    0.701378763 0.818752885 -0.155819714 1.00136483 0.206118762
    0.356432915 0.432100654 -0.420773089 0.933821142 1.31537342
    0.413114786 1.29726005 0.0676364303 0.0566126704 -0.560269594
    1.30474377 0.844515502 1.52555442 0.20736599 -0.51146853
    0.0560100675 0.119801104 0.14210856 1.4805702 -0.536666512
    0.564824402 1.06837749 -0.337983847 0.699333787 0.555712104
    -0.120423734 0.849733174 -0.195200145 -0.0935072303 1.26379204
    0.415096343 -0.515665948 0.464962959 -0.379716486 -0.155714065
    1.3856535 0.180806637 0.695201695 -0.0443884134 -0.060890317
    0.723380029 0.358433127 -0.209113121 1.32076502 1.37852561
    1.24802065 0.531645894 1.44447327 -0.268527925 0.313324749
    -0.442075551 0.261880338 1.1359992 -0.517176569 0.189683139
    1.46640563 0.568980753 0.00618982315 1.00594103 1.38386703
    0.88892895 0.463654876 1.23517942 0.557118952 1.4226172 -0.303005308
    -0.170026153 1.2943697 -0.398023546 -0.451683879 1.23186111
    0.690561056 1.44009459 0.688511193 -0.280023247 0.864147544
    0.053419292 1.53323328 1.18587458 1.09124506 0.732264817 0.659747481
    1.01563358 0.775001168 1.25214601 -0.443963706 0.147726297
    1.03061676 -0.267194986 0.168741465 -0.346563339 0.888246417
    1.07723093 0.0877466798 0.302311718 1.44427943 0.877957642
    1.15192008 0.151171148 0.181047499 0.610559046 0.632556558
    1.01421452 1.31370962 0.434532464 1.47768164 0.0534618497
    -0.055118084 0.754923105 0.0232873559 1.50900054 -0.464002073
    0.910208821 -0.565927863 0.314255297 1.3209852 1.43872118
    -0.386012703 -0.313965201 0.938126802 1.25149226 1.01605749
    -0.504114628 -0.399930984 1.29783022 0.392422915 0.20110023
    -0.319835961 0.476993263 -0.409033716 0.687946677 1.23500395
    -0.529082537 0.402315676 1.08685827 -0.22360599 1.28528237
    0.811956167 -0.187363684 0.800056696 -0.337187052 1.09576201
    0.685719371 0.057014823 1.30286717 0.641072571 0.37178582 1.19092536
    -0.424703181 0.545675457 -0.541756153 1.05874622 0.210598886
    0.687116623 0.507925272 0.659014583 0.198562264 0.619725406
    0.384765208 -0.340056121 1.37949657 1.31283855 0.473516405 1.3940258
    0.0562512279 1.3938725 1.4308691 1.52318072 0.879597485 1.37671196
    0.641865134 1.42231083 0.131415248 0.977865815 1.49224567
    -0.0173799992 -0.328692853 1.12723887 1.25747097 0.333171904
    -0.0337646008 0.521904171 0.302803636 0.0348608494 -0.143536031
    0.521219492 0.426580012 -0.0790671408 -0.0585499406 -0.313125283
    1.08717299 0.12971282 0.428795397 1.03103936 1.51009083 0.166327238
    -0.0252146125 0.0759125352 0.112846017 1.20301008 0.311819434
    -0.531370401 0.738031745 0.211645305 0.836297631 0.548435569
    0.945886552 0.427601278 0.712453902 -0.293889999 0.97121191
    1.01062381 1.30457091 -0.081232667 0.00714176893 0.989879489
    0.797007978 0.905261636 -0.238490492 0.171491116 -0.392097831
    1.47783566 1.43732572 -0.127411753 -0.2871764 0.464726627
    0.00234299898 1.53166747 1.51296294 0.942047954 1.50992274
    0.758811712 -0.328405201 0.280563474 0.102443755 1.20548296
    0.411000609 0.575643301 0.532054901 1.09829497 1.34089231 1.16239798
    1.44544995 0.665776014 1.31504035 0.615066826 -0.219269425
    -0.175812393 0.906428158 0.138126194 -0.547046244 1.18577409
    0.15940541 0.437234223 1.42753649 0.126696527 0.387744367 1.2339077
    0.277761281 -0.126455009 -0.192035258 -0.19458583 1.04151547
    1.23972154 1.07216048 0.527406693 0.309019625 1.14888382
    -0.430275589 0.711267352 0.606678903 1.41097808 -0.0719796717
    0.387080789 -0.324708819 0.424376249 -0.459323943 1.18540776
    0.965552509 0.119193256 1.4073472 0.679024339 1.1628077 0.249352753
    -0.0765523612 0.948827147 0.966545463 0.959939361 0.716959655
    1.1032021 0.313971579 0.825606823 -0.0362159014 1.27961493
    0.703252375 0.791798174 0.504847586 -0.072630018 1.06504071
    0.425988555 0.632071435 0.244350851 -0.551619768 1.04003143
    1.27286136 0.269878447 1.41124511 0.145714521 1.3119626 -0.162619263
    -0.180203348 0.994901896 0.408302903 -0.473640233 1.0622263
    0.243249595 1.16841221 -0.163524956 -0.384729087 1.39613724
    0.71542275 0.837933838 0.796252847 -0.34035188 1.17590261
    0.704736829 1.39487886 0.254578173 0.879672706 0.463564694
    -0.226936787 -0.172591716 0.916640997 -0.0469989777 -0.207736224
    1.1045742 0.668222666 0.247071564 0.179019928 0.100061834
    0.646593213 -0.210379332 0.00720369816 1.60897851 0.103986263
    -0.328617096 1.34904003 -0.149287224 0.503192484 0.618443131
    -0.0698735118 1.03363132 -0.344191313 1.09076118 1.11280584
    -0.426899761 0.520163596 1.4413271 -0.312128067 0.226086736
    0.69058907 0.647545099 1.07045496 -0.316191494 0.00731867552
    0.450518608 0.233752787 0.400869727 0.65702343 0.132376373
    1.20061278 1.13390934 0.662919581 -0.411186397 1.51609111
    0.985214412 1.01594424 0.0734926462 0.744805694 1.20537925
    0.978224099 0.0942625403 1.34108305 -0.493893921 0.797678351
    -0.142128021 -0.4396981 -0.262457162 0.421656728 0.187070906
    -0.123727262 0.503811359 0.141778708 0.0717453957 -0.380056262
    -0.522262156 1.0605129 0.614297688 0.0655912161 -0.476742983
    1.38152742 0.477250397 1.01491392 -0.159365743 1.40324521
    0.217540681 0.169677198 1.25038004 0.496209621 0.886128962
    1.01447988 -0.267624766 1.25195432 -0.0868815482 -0.262366205
    0.851053119 -0.369699478 1.46223021 1.4759171 0.767506361
    0.450166106 1.28453863 0.110242724 0.00507205725 -0.524293005
    0.0383428931 1.26275623 0.752012372 -0.512621522 -0.0805820525
    1.10838568 1.11429453 1.4297421 -0.0549883246 1.11466932 0.248745859
    1.01990485 1.36838663 -0.490225434 0.446460843 1.52790618
    0.945958734 0.818397522 1.14202809 1.07835031 -0.458372563
    1.17789865 0.106995225 1.18970871 0.390113235 -0.398200631
    -0.168393761 0.90631777 1.39248657 0.296796262 -0.513765097
    0.149621665 1.1683507 0.796290457 1.36325884 0.17905581 0.813990772
    0.0694924593 0.59141171 1.44418359 0.723378956 1.36005306
    0.415169239 -0.0374293923 -0.0124004185 1.13409412 0.00415751338
    1.15787661 1.12941003 1.50640583 -0.0148814023 -0.396391541
    -0.0336737037 1.17293406 -0.417026937 1.19096434 -0.355590433
    -0.0436868072 0.30203104 -0.439475596 1.28668523 0.598809421
    -0.0392898321 1.43896198 -0.0817795694 0.933582246 0.579251707
    -0.304982811 -0.541347742 -0.331469566 0.255635202 -0.0234244466
    0.338038564 1.47586977 0.766362906 -0.352370739 0.910072744
    0.111419439 1.33397794 0.535399199 -0.388271689 1.42701173
    1.15993619 1.2704277 0.957263768 1.4790628 -0.029004097 0.79252857
    1.09851408 0.915643871 -0.201647878 -0.0516781807 -0.0404820144
    0.10904175 0.857031405 -0.478918463 1.43276095 0.589852273
    0.674971521 0.0688120127 0.383704066 -0.343765497 -0.357003808
    -0.518861294 0.331674278 1.37731099 -0.00336277485 1.02846444
    0.176986337 0.529412627 -0.0744608045 0.911787152 0.706980407
    1.20676959 0.0588405728 1.0026381 0.440644503 1.21796143 1.32402587
    0.604756892 1.33560812 0.132371604 0.104874313 0.732300162
    0.385297835 -0.162963063 1.30233717 0.0296570659 -0.165635198
    0.32170397 1.50192785 -0.147970378 0.680965424 0.221823335
    -0.121693194 0.00528889894 1.48807752 0.484606028 0.0616114736
    0.675898612 0.0274104476 0.351518929 0.95510298 0.784277856
    1.33620489 1.02296865 1.25907469 -0.10271585 -0.245253116 0.94940275
    -0.325676829 1.16477203 1.25175691 0.239577532 1.51992166
    -0.00249367952 0.611943364 0.925070524 -0.107799768 0.360889077
    0.901663482 0.763019323 -0.537546754 0.988635838 0.157016635
    -0.493071318 0.372598886 -0.147415578 0.318334222 0.967976749
    1.39781308 0.0915089846 1.03538644 -0.12759769 0.195955068
    0.641003311 -0.384635299 0.523988664 1.21691298 -0.465788931
    -0.535340011 -0.0697625279 0.409317315 -0.0104535222 0.84058392
    0.507507205 -0.375812173 0.800259352 1.50408792 0.0190701485
    0.734817505 0.0795958638 0.593684137 1.50786364 0.481587827
    0.230560064 -0.331884265 0.652661264 -0.236519456 1.42371166
    -0.311576247 1.2247467 1.12897897 0.617499471 -0.556571841
    1.07049751 -0.345946133 0.358888924 -0.141228288 0.415418625
    0.373252869 -0.275235385 1.49200916 0.657778382 0.540896356
    0.681501687 1.34197307 -0.501219869 0.127853632 1.50853825
    1.01010501 -0.382398069 0.11501348 1.15060127 0.238550663
    0.517473459 0.972991943 0.161395967 0.245321631 1.29525542
    0.368987322 0.621736467 0.596943557 -0.142160654 1.37811828
    0.366388679 0.649596274 0.403794527 -0.0876252353 0.0791660547
    0.904910088 0.989622831 1.04689646 -0.0689192414 0.323472321
    0.775788784 1.14000154 0.750405252 0.488719046 0.338082254 1.4010843
    1.28244531 -0.497461647 0.402124584 0.30959034 -0.120399356
    0.683801293 -0.054494381 0.94181031 0.805718839 0.780128241
    1.3073051 -0.441323429 -0.46201396 0.46476984 -0.164610237
    1.37701225 0.294609189 -0.0924968719 0.232251167 0.94429338
    0.883313835 -0.524561286 -0.242053956 -0.218709618 -0.257307172
    0.32922554 0.901107728 1.56164026 0.940003395 0.395823956 -0.2485497
    1.11438477 1.47089326 1.49423504 1.15634859 0.512192845 0.756806314
    0.71736896 1.44690025 1.3411231 0.916553259 0.252250135 1.17504179
    -0.591279984 -0.27735275 0.0327795148 0.70608741 0.0299188495
    0.741928041 -0.423045874 0.666063488 0.850903034 -0.070256874
    0.577566385 0.566150904 1.31644368 0.340324193 1.15028524
    -0.45434913 1.38260889 -0.539610624 0.780670762 -0.244503677
    1.44568861 0.885127246 1.41698551 0.892246246 -0.17146346
    0.287601113 0.309998691 0.340454817 1.00021935 1.09616852
    -0.324737012 -0.524026573 0.325066328 0.877120137 0.951806366
    -0.330680728 0.369170368 -0.090013653 0.911576807 1.16198921
    1.11867142 1.33157468 0.614380598 1.24359608 0.296391606 1.51289415
    0.405529559 -0.170699298 -0.391062737 -0.511498809 0.290442884
    0.130997717 1.23801446 0.205029666 1.15013409 0.393322468
    -0.243483931 -0.470438719 1.41425323 -0.524699509 0.84444654
    -0.409461081 -0.533696949 0.927377284 1.1638267 0.433058619
    0.471536934 1.32744217 0.542886257 0.336990178 0.229399085
    0.578728616 0.139743626 -0.384254366 1.40254653 1.44235873
    0.945204735 0.802843511 1.51859808 0.141627848 -0.114554584
    0.348395109 -0.29741174 -0.268980473 0.796402514 0.549282908
    0.171726584 -0.468478143 1.15639544 0.179901898 0.859534025
    0.524208069 1.51804948 -0.222289443 -0.109107643 0.19016242
    1.06700063 1.09407067 0.630747318 0.314531028 0.340442538
    0.882373452 1.06868625 0.551979125 1.00241947 0.936405003
    0.991981983 0.821583748 0.584011078 -0.421512783 0.512558877
    0.316180766 1.04365683 0.519302845 0.232437134 -0.0313770175
    0.925648987 1.42247522 -0.125478983 1.28127801 1.11103582
    -0.537731528 1.48622704 -0.295035124 0.31526655 -0.487550825
    -0.427361637 1.26799202 0.910942674 0.736475348 0.0184887052
    0.736782908 1.2029624 0.283605516 -0.322264284 0.00462257862
    0.0139595568 0.402662188 0.864617169 0.292019844 1.49814534
    0.905825913 0.718008161 1.44295108 0.0886586308 0.665712357
    0.763242245 -0.325778723 0.888529241 -0.298103094 0.53324616
    -0.374568701 0.482151508 -0.230625749 0.440368891 0.0614703894
    0.940487742 -0.357665747 1.09610224 -0.314198971 -0.518692791
    -0.536247373 -0.236308545 1.26424718 0.221515298 -0.505307198
    -0.0477240086 -0.501856983 0.145045698 0.291930735 0.461837411
    1.24836493 0.420749247 -0.369588971 0.0244184732 1.44824469
    0.418068647 1.33142984 1.58910394 -0.365982413 1.32771921
    0.610968292 0.391019166 0.807141185 0.96078968 0.743764102
    0.382991791 1.53931093 0.488901079 0.0629423261 0.345346808
    0.809505224 1.30832791 -0.362374067 0.629090011 0.254330695
    1.01549208 0.90839988 0.803781033 0.858782709 -0.0302100182
    0.464936018 1.33530462 1.12783194 0.58034873 1.38016844 0.0656638741
    0.191949487 1.13402236 1.36324716 0.627554893 0.364419699
    0.0803290606 0.369366765 -0.176767826 0.600593209 1.11593366
    -0.467989594 1.50935721 -0.0348199606 0.808098376 -0.363202989
    0.823786974 1.19609904 1.14076948 1.18737197 0.460456133 0.837229848
    1.41913188 0.414570928 -0.216061413 0.775593877 1.31530678
    0.168750644 1.12727034 1.11426675 -0.249725997 0.348945618
    1.58206487 -0.384842217 0.504996598 -0.310897231 0.960110307
    0.521606803 0.807814419 0.435355365 -0.116772562 1.39633214
    1.05757785 1.00849628 -0.289888084 0.537433386 0.855270088
    -0.0614060163 0.625737607 0.404076815 0.328281939 0.315465689
    -0.0150184631 1.0357126 1.07565951 1.42026722 0.169188976 1.31590641
    0.560255289 -0.269848257 0.291003942 0.845385134 1.57576108
    0.899271488 1.31629813 0.514790177 0.271659732 -0.00347566605
    -0.0473473072 0.78330332 -0.176513612 1.39506972 -0.428983331
    0.601675987 -0.108892858 1.1157037 0.627980173 0.93888092
    -0.340239793 -0.097830832 0.401815891 1.38490057 -0.461695462
    -0.277310193 -0.312293559 1.47817564 0.0319939256 0.904612958
    0.990085781 -0.462168962 -0.0272316933 0.523616731 -0.489303231
    0.70366919 0.0855205059 0.0676910281 1.49840474 0.823040664
    1.23903275 0.441352367 1.23449814 0.0230939388 0.00932943821
    -0.146321326 0.982480049 -0.199022233 0.823934913 -0.0413042605
    1.07626569 1.15620685 0.864276886 0.928044975 0.981775463
    0.559023857 1.16828609 1.20723915 1.23588085 1.41487896 0.323758125
    0.44749409 1.43885756 0.224242866 0.633873522 0.521346271 1.28247643
    1.39610255 0.402659595 0.480340779 -0.0384902358 0.204678893
    0.144590735 1.44099557 0.644678056 -0.14951998 1.33137345
    -0.181508362 1.47956443 0.591414928 1.36418843 1.18137455
    0.595210314 0.652432859 0.457239091 0.717738211 0.711838782
    0.300327361 1.04830694 0.200205803 1.23658991 -0.174153954
    1.43507004 -0.232647866 -0.14526245 0.716299832 1.2375834 1.32951784
    1.07736611 -0.528069377 0.564892173 -0.115635961 -0.462360412
    1.52837586 0.826528907 0.0901180506 -0.447534293 0.241220891
    0.247364283 0.448558748 0.766698122 -0.0308163762 1.30701137
    0.0393158197 0.783227324 -0.498144805 1.17918348 0.768995166
    0.688734472 -0.493287325 1.07670152 -0.342647314 0.970805228
    1.13484097 -0.42353031 -0.209293723 0.0384789705 1.32125843
    -0.132806212 -0.471798897 0.374073148 1.02331781 0.618501067
    1.19200993 0.577015042 1.34310484 1.04424238 1.30673814 -0.179502904
    0.5817191 1.08465827 0.472908974 1.37663853 0.461698234 1.4950726
    0.477249265 0.837652564 1.25372696 0.778743982 -0.501439869
    1.06969786 0.723291278 0.139292836 0.945403695 1.04211235
    0.984339714 0.0955370665 1.36339712 0.549874365 1.40597701
    1.34683967 0.737786293 0.2519871 0.234278321 -0.115457416
    -0.347272217 -0.118981689 1.07328653 0.555921495 -0.198770791
    0.586076319 0.85293144 0.6184991 1.56086659 0.0067397356 0.156121433
    0.516372204 1.49593854 -0.265085012 0.518570662 -0.344950259
    -0.415756941 -0.341389716 0.295566797 1.05181599 1.13953614
    0.287965178 1.50189233 0.28060919 1.12334538 1.36923027 0.0850047469
    -0.178803086 -0.289515108 0.287015975 0.800783932 0.287507415
    0.660948277 1.11823177 0.928121328 1.06705666 -0.411871195
    1.18201566 0.649978101 -0.152981341 0.839732528 0.352777541
    -0.490861297 1.03383088 -0.162168086 1.39539504 0.139499009
    0.834495425 0.472372115 0.238964319 -0.0710472167 -0.171134561
    -0.503524303 0.581578374 0.95199132 0.260910034 0.850572526
    0.90838784 1.20916057 -0.496085882 1.01110291 0.0288336277
    0.613653541 0.0707908869 0.224207819 0.558999956 0.38513881
    1.02575767 0.0698438287 0.743607163 0.458317697 1.49962366
    0.302342713 0.64724803 0.514899552 1.20875406 0.964264393 -0.2796143
    -0.522608936 0.41956383 1.22221851 -0.4885391 -0.110541463
    0.82425487 1.36032033 0.520026326 1.42207479 1.47446239 1.10228658
    0.259299874 1.36512327 0.170562953 0.108223528 1.04206192 1.50194418
    -0.0804243684 -0.456342667 0.968868494 0.448245287 -0.336465895
    0.669790089 1.05403554 1.08596325 1.02380168 0.87739414 -0.361371756
    1.18704557 -0.0578351915 -0.504208326 0.188059866 0.900841832
    0.590598702 1.05358291 1.0548389 1.38807368 0.14553535 0.457618654
    1.26026535 0.608991444 -0.416318059 1.17484665 1.01776886 1.04333699
    -0.301360875 0.278490365 1.23411465 1.27871394 1.25575042 1.46528602
    -0.458011597 -0.0954944491 1.09123492 -0.252257675 -0.233896106
    0.019384563 1.28342307 -0.227998674 0.358051717 0.775134325
    -0.32958585 0.51771456 0.597727835 -0.553774714 1.20307565
    1.11712527 0.240544736 1.25578618 0.404892862 1.08044457 0.270099044
    -0.150604486 1.44466257 0.627797067 0.633167624 -0.226808041
    1.09404922 -0.0806160569 0.845220268 1.29859924 0.366265595
    0.228696585 0.422915876 1.22016525 0.278658271 1.43239021
    -0.345296443 0.65867424 0.987464905 0.201518595 -0.371162355
    -0.0641044378 -0.568874061 1.48721242 1.17446852 -0.260544181
    -0.245494545 0.146860063 -0.42792204 -0.322626799 1.09716868
    0.0425650477 1.01599336 0.137162864 0.0322605371 -0.0628224015
    -0.484057814 1.2807523 1.28531849 0.661723137 0.849714994
    0.490056396 -0.0837901235 0.215245187 1.29818654 0.69820857
    -0.408441842 0.31164825 0.280393124 0.148076355 0.508506536
    -0.226454109 1.13016534 1.01734972 0.948273301 0.820339024
    1.26774299 0.261853456 0.852958798 0.308642626 0.660549283
    0.581782758 0.572004676 1.05665421 -0.339176029 0.986881912
    1.4788363 1.31587839 -0.104882717 1.37713623 0.508392215 0.633921802
    -0.261741459 -0.0508289039 -0.319392264 0.547024369 1.49935675
    0.555139065 1.06988525 0.151466191 0.0567441583 -0.0338609815
    1.25593591 1.42684937 0.0175670981 1.14555967 0.227570951
    -0.099540025 -0.256354302 1.12249362 0.532924235 1.24017596
    1.13720131 1.30038619 0.903322935 0.409271359 0.00861787796
    -0.388482124 -0.302131057 1.42811847 0.862078488 0.0892284513
    0.567004502 1.32309532 -0.207868338 -0.268760294 1.39394331
    0.347949445 0.852212071 -0.398068517 0.391125739 -0.0136017501
    -0.484731406 -0.42340526 -0.1246185 0.568244934 1.49512792
    0.421337008 0.681989193 0.631908 0.664018571 0.699027181 0.563698947
    0.261845887 1.41101837 1.10879087 0.693311095 -0.270860136
    -0.266806573 -0.463657916 1.17413402 -0.137063354 0.419608474
    0.536314547 1.29979515 -0.473018706 1.32210922 0.536938012
    -0.194784731 1.12916803 1.51435041 -0.181330442 -0.0472795367
    0.467461765 -0.109115005 0.11233902 0.728754044 1.30356967
    0.0243640542 0.246018887 1.49884975 -0.245130509 1.22561669
    0.447315574 -0.368826985 0.0845702887 0.573536754 1.51983953
    0.663355887 0.155655861 0.183082044 0.307842076 -0.0774119496
    -0.0796507597 0.101052701 -0.284106195 0.192266703 1.21291924
    -0.132301718 0.906643391 0.720072925 0.924097657 -0.140548736
    -0.0290612876 0.771893919 -0.444148064 0.0411038399 -0.0138194561
    1.49596906 0.994956553 -0.161703676 -0.568139136 0.0255635977
    0.508993268 1.01558495 -0.179447263 1.46884322 0.524765968 1.4993844
    1.18013334 -0.27606371 0.724300981 0.127482772 1.46674001
    -0.214257568 0.105805933 0.653513074 0.615289211 1.58646297
    1.35088563 -0.07320261 -0.149014533 1.04684031 -0.37147212
    1.39638627 1.27248931 0.762209952 -0.114488184 0.854825974
    1.32269382 -0.170185894 -0.502809525 1.07312346 -0.248133928
    1.52760029 0.171794355 0.585820317 1.05160117 -0.48343873
    0.461731195 1.43682146 0.991574764 0.995525062 1.41376507 1.07376397
    0.0111057758 0.462675989 1.51976705 -0.197983176 0.544377685
    0.645877123 1.09159577 0.605666518 0.830377579 0.77674067
    -0.0824380219 -0.354904532 1.43989587 1.45243478 -0.0350672901
    1.29635048 1.36582232 0.465804935 -0.0182961226 0.127284616
    0.824650466 -0.4148826 1.0913161 1.12068653 -0.337597609 0.688467443
    0.650703728 1.21612453 -0.278721869 1.29581285 0.0498882532
    -0.00509053469 -0.123433411 1.3282721 -0.290067345 0.296229482
    1.17669666 -0.334570527 -0.0580250621 1.19495189 1.25978708
    0.648408532 -0.0313108563 0.902245104 1.45117903 -0.361749858
    -0.490483671 -0.28240025 0.355109274 1.10146761 1.4036423
    -0.20445931 0.437726974 1.05536127 0.122474849 0.788461328
    0.783316195 0.848581314 -0.49466306 0.197375238 0.220044851
    0.66960907 -0.480965823 0.761496007 0.567480564 -0.14307493
    -0.35332492 0.323675573 -0.301704586 1.06475961 -0.231052756
    0.0914965868 -0.474111795 1.4507103 1.44159746 0.610672116
    0.354022682 -0.0644364059 0.923359692 0.5939973 0.355964601
    0.014877677 0.268681586 1.45507789 -0.472135901 0.909077048
    1.01277065 1.21488857 -0.408437461 0.613553643 0.783392608
    0.473356843 1.08853531 -0.230484933 0.729275107 0.306175947
    1.15504634 1.34683335 0.936157227 0.184138834 1.07236278 0.3696419
    1.2097373 0.516729832 0.432308316 -0.526003063 0.905670106
    0.435254753 1.07167029 -0.142930955 0.451897502 0.319932461
    1.0557096 -0.115953863 0.929120719 0.599732995 -0.454531848
    0.62192899 0.425404847 1.33700466 0.164133191 1.10658252
    -0.281082332 1.0599978 0.443818331 -0.096090436 1.0644474 1.10887039
    -0.367683172 1.41257524 0.663502634 -0.00407862663 0.690393925
    0.715353251 -0.0659009814 -0.426857889 0.699049354 0.863503098
    1.2319442 -0.482133955 1.03477192 1.49195719 -0.163253099 1.57702661
    0.0913692713 1.12305593 0.0676562786 1.1829921 1.17338657
    0.0492788553 0.327264547 -0.511888862 0.413427591 0.086619854
    -0.0859761238 0.798897207 1.38346636 -0.0655903816 1.16703641
    0.0144792199 0.624022722 1.47568893 -0.202842295 -0.415437967
    -0.126782238 0.85485357 -0.0815553963 0.00585860014 1.44371891
    -0.284806728 -0.207154274 0.113723814 0.241258085 -0.247051865
    0.711682558 0.502268255 0.570008576 0.375353456 1.40804195
    1.22653341 0.441588521 -0.156615645 0.0663136244 0.727250397
    1.48172665 -0.0521366298 0.52983588 0.481196225 -0.405585408
    0.80928725 -0.518573165 0.32362479 -0.276080906 0.884737253
    0.758084953 1.09687865 1.14525723 1.2702713 0.864125848 0.999230266
    0.381080627 -0.111367375 -0.287171006 0.902803302 1.22184086
    0.0855631232 0.939667523 0.703961253 1.13259351 -0.442126036
    1.04246581 0.826856375 -0.100566119 1.0870223 -0.382965982
    1.15825844 0.625072002 1.37635553 0.6225366 -0.10203743 1.05010128
    0.463216841 -0.334851176 0.0908689499 -0.198865116 0.716639817
    1.12133193 0.462037534 -0.261845529 0.0548546612 1.14721203
    1.48546982 0.303896785 0.303288192 -0.0988021791 0.641587496
    1.15882146 0.860904276 -0.529506922 0.992299438 1.23234797
    1.37254393 0.518602908 0.370143771 0.0478063822 1.32575655
    0.600925982 1.01929057 0.659574628 -0.179948539 0.760995686
    0.953113317 0.762226522 -0.142057836 0.372480154 0.238233864
    0.0584850311 0.0787324905 0.229933619 1.36866748 0.328670442
    -0.407036901 -0.0371099114 1.52681983 1.40424943 -0.174756825
    -0.501428664 -0.474534035 0.859739542 0.338792503 0.44714272
    -0.427750587 0.515238881 0.923738062 0.780213833 1.51137161
    -0.10160175 -0.207169712 0.0377539396 0.44243443 1.01758981
    1.34890544 0.688794136 0.0588115454 0.805786908 1.4957819
    -0.513472795 -0.0780214369 0.350805044 0.422337294 0.448542714
    0.551670969 0.87628293 0.531542242 0.0155493617 1.39601374
    0.393159449 -0.419376194 -0.518858135 -0.347010136 1.4803021
    0.819269061 -0.380641341 1.18094778 -0.517260015 1.40355873
    0.817120612 -0.511159599 1.42217636 1.29084945 1.31074369
    0.962705314 0.766859174 0.964470088 -0.095215559 1.41878843
    0.715388596 -0.0129658282 1.078475 1.16667557 1.29137039 1.44362617
    0.751924276 -0.455864906 0.649896145 1.41204107 0.200964332
    0.884797454 1.51147366 -0.412147462 0.24679935 1.2352277 1.1074903
    1.15093565 0.75262022 -0.182364285 0.429745376 0.55476141
    0.179618597 -0.0544134974 1.18682086 0.594237387 -0.224005669
    1.26804984 1.39382386 0.0098708272 0.827872217 1.46944475
    0.731298268 1.03773594 0.0161443949 0.666521847 0.734431326
    -0.0670365691 -0.19087258 1.10723209 0.969386578 -0.199293256
    -0.352546573 1.31741166 1.48509932 0.790012479 0.371842384
    -0.177279592 1.2464385 -0.455512345 0.358287454 -0.328958273
    0.751552999 -0.44751507 -0.0906341076 -0.483679056 1.06492913
    1.08528447 1.02813077 0.307576537 0.344420075 -0.443626434
    0.633991063 0.167207599 0.508099616 1.10041976 -0.155450881
    0.988936543 1.44432282 0.0439804196 -0.283873826 1.13562942
    0.765277565 1.46595848 0.893775344 1.51047826 0.873398423
    0.552205503 1.36207771 0.391377628 -0.372760117 0.261155486
    0.361440748 -0.0358111858 -0.13079834 -0.154484123 0.901076615
    -0.000156462193 1.49627936 1.54497051 -0.386844516 0.46874702
    0.625444233 1.00567865 0.817000747 0.97091198 1.3601042 0.799208641
    -0.234813452 0.524639428 1.27932143 -0.40244934 -0.537753046
    0.996291697 1.08397758 0.491477013 1.05896461 -0.0903351605
    0.545382917 0.245153666 1.29193902 1.11600018 -0.392380506
    0.266742051 0.0605369806 0.235823929 -0.290086716 0.24745357
    0.684571087 1.09161949 0.567439258 0.448556662 0.0293186903
    1.57826066 0.159556568 -0.0596191883 0.14090842 1.06162488
    0.552285612 -0.520245016 0.719798684 0.351221681 1.54196429
    -0.0868971944 -0.143907219 0.133801103 0.964981079 0.687588036
    0.781475544 -0.494375914 1.29015493 0.100735545 -0.271655619
    0.0449433923 -0.121037185 1.03307462 0.838461041 1.36312842
    0.263762951 1.3052659 -0.565818727 0.403910041 0.260223866
    0.610449791 -0.559930563 0.811285019 0.242423773 -0.531241119
    -0.431124806 0.183303297 1.16413724 0.609664857 1.50058222
    -0.255366892 0.709130645 0.103351235 0.925702512 0.507191896
    0.832191944 0.439592063 1.21815014 1.14381838 0.406639099
    0.315752149 -0.426347882 0.249957383 0.0632339716 1.52836716
    -0.311980069 1.13964868 1.33459997 1.23769438 -0.394749999
    0.34377259 -0.453882098 0.810581744 0.909763753 1.34597635
    1.00671792 1.52584076 1.16430974 0.814425528 1.09696364 -0.540632665
    -0.277175665 0.592682421 1.49253631 0.0792046785 0.170070589
    -0.258606493 0.418906271 1.0974133 -0.138901711 1.09917808
    0.431675673 0.928868234 0.775811136 0.399768114 0.228877902
    0.822642386 -0.00101900101 0.729383707 0.897577167 0.960047305
    0.31420964 -0.334392697 -0.216814369 1.47551322 1.36554945
    -0.109927475 0.398821831 -0.339345574 1.29789734 1.28716755
    0.778223693 0.0537809134 -0.00623130798 1.16440082 0.550575674
    0.29912591 1.33184481 0.426587164 0.328545034 0.556097209
    -0.309687167 1.47216666 -0.0476449132 -0.329818159 -0.0355611444
    1.26495683 -0.18304643 -0.0561337471 1.49665403 -0.452667832
    1.34320438 1.35163641 0.867072403 0.196851492 -0.447396517
    -0.536952913 1.06617403 0.855254769 0.861256421 0.921027482
    -0.243692696 -0.311705947 0.413741797 -0.310543656 -0.381118476
    1.53715217 0.508990645 -0.4712556 -0.259615481 0.401964128
    1.27910113 0.0139493942 0.81147635 -0.160575151 0.211474001
    1.26860523 0.420060158 0.51326412 -0.191497982 0.630959034
    1.34295976 0.401252687 -0.392277867 0.207655311 -0.170759916
    0.633679867 1.02373505 -0.279847831 0.292150736 -0.410134971
    -0.407690704 0.0537196994 0.315947294 0.451057494 1.10470223
    0.882429957 0.726950884 0.903069556 1.36433756 1.22898269
    0.355727792 0.0133333802 -0.522714734 1.28776813 0.144634366
    -0.0203213096 0.168908179 0.529211164 0.977999985 1.3053962
    1.32273698 -0.334756821 1.34764457 -0.174749702 -0.366677552
    0.956880867 0.00124168396 0.761442482 -0.460842609 1.55335104
    0.360116601 -0.534992516 0.266896665 -0.0259703994 0.27709353
    0.724751592 1.29846549 0.757098317 1.3258965 1.41133523 1.27946305
    0.935919583 0.633497536 -0.125376135 -0.505713522 1.23544765
    1.28311038 0.956625104 -0.259955525 0.713576019 1.06519628
    -0.454505473 0.88245666 0.337011576 0.60900867 -0.388259083
    1.45614791 -0.371779025 -0.391347319 0.67188412 0.451460361
    0.725972474 0.44412607 0.812987864 -0.421916455 0.913249671
    -0.50516504 -0.459698439 -0.375900179 1.03452373 0.382153451
    0.279425204 0.625627041 1.13227844 1.41759336 0.19615078 1.38873339
    1.02594018 -0.532685339 0.766573012 1.29744768 0.927951217
    -0.37268576 1.17528772 1.30624199 0.595522463 0.454345286
    0.215413988 1.32132459 -0.0651429594 0.30578959 -0.118292183
    1.2619617 0.569845915 0.511750519 0.244146287 1.00836205
    0.0638068914 1.20037234 0.4733845 1.52793503 1.39274621
    -0.0811696947 1.54911757 0.957907438 0.85718298 -0.205812007
    -0.224911511 -0.260224789 1.49908233 1.2310102 0.087696135
    0.153504133 -0.202569962 0.04831779 0.362536609 0.29720068
    1.38417423 0.737160563 1.25847101 -0.475304723 -0.0786014497
    0.796585977 -0.00743579865 0.840530634 0.61045891 0.364018559
    0.180997908 1.00981653 -0.122628838 0.884984493 1.44074917
    -0.153303325 0.362262726 0.915055215 1.4763391 0.0999421477
    1.51564908 -0.117634475 1.3218863 0.272162646 0.0205062032
    1.41366816 0.699975729 -0.307476401 0.737962127 0.929950118
    1.14069176 0.931005478 0.607772589 1.41074932 0.408100009
    0.913977206 0.313086271 -0.239043325 0.419778407 -0.154301971
    -0.15818426 -0.438851506 -0.254852831 -0.176695973 1.05859697
    1.42273688 -0.422376394 0.557978868 0.838966548 1.31366086
    -0.141352922 1.34441841 0.829201996 -0.259064406 -0.39149183
    1.52304602 0.183051646 0.0393558741 0.19982332 0.0240117311
    -0.221290618 0.0669457316 0.605179012 1.41488457 0.173413575
    -0.159506589 0.479170144 0.978431165 0.177501559 1.03820252
    0.435653806 -0.373907149 1.29408693 -0.464311302 0.144010961
    -0.364997566 1.38531661 -0.104286671 0.961415231 0.500718057
    0.7610116 0.632246196 -0.380414605 0.0449211001 -0.283630431
    1.07448947 0.194464624 -0.460184515 1.36617351 1.0778054 0.960416436
    0.758278906 0.000535070896 0.449628651 -0.502094626 1.06479883
    -0.419226885 0.640973866 1.36973858 0.693561554 0.951815367
    -0.459778011 -0.509111583 0.31134963 1.55360675 -0.151665092
    0.874374866 0.102548301 1.5444839 1.03127515 -0.0487391949
    0.649876654 1.14621651 1.06235743 0.817159712 0.0397310853
    1.13274384 -0.158825904 0.428094268 1.45300508 -0.258106679
    0.216618478 0.129824042 0.826129973 1.25241995 0.384501815
    0.173631966 1.39453018 1.2070291 1.28599262 -0.438519716 1.50541317
    1.31681406 -0.210869044 0.0638130307 -0.538618982 -0.295732141
    1.14077568 0.108525753 0.159754276 0.633607209 1.30085635
    0.539317667 1.17700064 0.749792933 0.634278119 1.03921986
    0.305737555 0.682344079 1.40706944 0.170965075 1.26072598 1.04422355
    0.466394603 -0.528487802 0.0969852209 -0.0315564275 1.1282239
    0.672496021 1.17084396 0.1670205 -0.363808036 0.331121325
    -0.03075701 0.31042099 -0.0758274198 0.0620676875 1.47688961
    -0.252613008 -0.409411371 1.4101522 1.28209627 -0.254272878
    0.571085572 0.358638406 0.239171028 0.603872299 0.8881675
    0.484346688 1.05214834 0.759095669 1.10614383 -0.202893704
    0.876479328 0.843039632 0.409360468 -0.0695891976 0.130049586
    1.086308 -0.481530577 1.51375127 0.386350751 0.0617479086
    0.234262288 0.856000066 0.407582343 0.811975002 -0.388192177
    1.11877513 0.852603912 0.953720033 0.810458124 -0.480043113
    0.714779854 1.40864146 1.18236983 1.13011169 0.588756204 0.538146257
    1.52399564 1.09217036 -0.507763505 0.48326689 -0.00193750858
    0.791531861 -0.514351666 0.0908592343 0.923845708 -0.193222404
    -0.398420572 1.43538988 1.30689228 0.47721976 -0.425228596
    1.31660652 0.72727704 0.966312051 1.35429931 0.144626915 0.756742954
    1.52944815 -0.396358162 -0.19306916 -0.321562648 0.61217308
    0.965404093 -0.0370600522 0.366064787 0.695756257 0.699673057
    -0.254223317 1.49450564 0.812990367 0.702260792 -0.233284146
    -0.197242498 -0.0960228443 -0.442930549 0.17483592 1.12214005
    1.01896501 0.955263913 0.688592613 0.33419472 0.517145813
    0.109843016 1.37398911 0.29856652 0.946226418 0.556945205 1.2978723
    0.675044775 0.316660106 -0.525285542 0.276583195 0.830969453
    1.38689542 0.361221254 -0.108715564 0.78168273 0.615689635
    1.37332439 0.0873153806 1.01380777 0.837949216 0.175730705
    1.21159923 -0.126581758 0.826887786 0.229727685 1.28058553
    0.544387162 -0.105695128 -0.11266166 -0.257024854 0.959917784
    1.10479712 -0.0792152584 -0.00739341974 0.411527812 -0.512579978
    -0.187369674 -0.413239777 -0.222240627 -0.208720893 1.3728478
    -0.418488026 -0.217378289 0.609802127 0.170553327 1.4749887
    0.431722522 0.675462067 -0.454860747 0.194802463 1.41285658
    -0.251186907 0.541154504 1.23360252 0.871178508 -0.481033027
    1.13288188 0.588291645 0.386565804 0.142781377 0.991158128
    -0.142232329 0.278378904 0.596611977 1.28597474 0.689940572
    0.0132635832 0.232003212 -0.406230867 0.327906191 -0.158719569
    -0.138126314 1.18929458 -0.38179186 1.0299536 1.5107522 0.947801113
    -0.300275773 1.37082648 -0.119353473 0.0338525176 0.679603875
    0.682089508 -0.113098562 0.0686146021 -0.564388871 1.47866011
    1.50970149 0.680129468 -0.239653438 0.729409456 -0.319175124
    1.48766184 1.21454144 -0.51708287 1.44076228 1.38106322 -0.293849856
    1.25861502 0.427423835 -0.228747576 0.724911034 0.433097005
    0.420687795 0.850384593 0.902916074 -0.43409282 0.111720026
    1.60369909 -0.0130542219 0.919351101 -0.273951322 -0.00241830945
    -0.4391945 -0.429347932 0.754063845 0.423279762 1.28344083
    1.15886676 1.17133498 1.387712 0.535985589 0.613867819 0.943362236
    -0.0194286704 0.0449270606 -0.253777802 0.107123315 0.291998446
    -0.216755331 1.38248265 0.966049492 0.254336655 1.46650815
    0.954000115 -0.336616933 1.21978354 0.947872341 1.42511225
    1.00967455 1.28565991 1.32051492 0.535959661 -0.518110454
    0.478875875 0.139241576 0.542228222 0.425964117 -0.469546407
    -0.151954055 0.413732469 0.752830505 0.519948721 -0.494492382
    0.749192238 -0.52671349 0.118528366 1.49126244 0.18215692 1.29529619
    0.119750023 1.20649803 -0.100205004 1.28794301 1.36131895 1.0400908
    0.85263592 0.117129147 1.48560619 1.31085825 0.788867891
    -0.514482796 -0.071059078 0.932201326 0.669982314 1.26952744
    0.180083394 0.786309779 -0.571236789 1.41517842 -0.183933258
    0.232131898 0.634345412 0.602228165 0.938774467 -0.490124106
    -0.107991636 1.34268892 1.02054667 -0.0570014715 -0.164479554
    0.354886472 1.35131025 0.0538817048 0.219401479 1.37620127
    -0.147531122 0.308879256 1.10532951 1.1688149 0.79827261 1.53454995
    -0.210543364 -0.423184127 -0.385168523 0.204977572 -0.26305604
    1.14669764 0.207362413 0.415581226 1.01899552 1.04846764 0.759678721
    0.683255434 -0.183293402 1.30577707 1.30586302 0.870220721
    0.728744268 1.45964825 0.904761434 0.974919796 -0.0858981609
    0.132207394 0.593461275 -0.42540282 -0.430082917 -0.147194803
    1.31674814 0.462175786 0.457055986 -0.428891122 0.463168859
    -0.376875877 -0.36937809 0.26363194 -0.329730511 1.52601671
    0.635650516 -0.0760398507 0.707575142 0.545042217 0.0839688778
    1.40839159 0.0383609533 1.13939619 0.0584692359 1.02087712
    0.0761029124 1.26628923 -0.143320352 0.217704535 -0.0191625357
    0.313417494 0.364273846 0.270886242 0.368850827 0.617985725
    -0.230981439 1.46668363 -0.408208042 0.185415745 0.798560858
    1.25467873 0.406307101 1.17559159 0.935885549 1.48809707 0.944915235
    0.955885351 0.73654592 -0.00344407558 0.296208858 0.421998143
    -0.549791813 1.30804265 0.699862361 -0.507131755 0.960688114
    1.38799632 -0.148021042 0.132458031 1.32928658 0.356513888
    0.385834098 0.565126061 0.698011935 0.761420369 1.12446666
    0.427368462 -0.33815527 0.323896468 1.46136141 -0.20877701
    0.842701972 0.825159967 0.197963238 1.29715466 0.464047104
    -0.346366346 -0.264322639 -0.426417738 1.48864341 0.806106746
    -0.24608165 0.909335017 0.405518293 0.916548729 -0.0803671181
    -0.399152905 -0.116986483 1.05113375 0.178368449 0.877517521
    0.566353917 -0.0608456135 -0.481100202 0.854295611 1.16236484
    0.696067095 -0.0438182354 -0.459639639 0.571402073 1.39461911
    -0.0196567178 -0.178455234 1.14885306 0.111845672 1.26806223
    1.38790691 1.17942953 0.372804761 -0.421365559 -0.137212187
    0.0716866255 1.00157583 -0.333400607 0.61119926 0.537278593
    0.624953449 1.28699827 1.13208985 0.0993804932 -0.297982812
    1.28262877 0.470350504 0.471637845 0.0488798022 1.09084272 1.0738045
    0.246428192 0.13427496 -0.293235838 0.324284077 0.450131178
    1.04483199 0.616148889 1.10409784 0.820510328 1.25688529 1.06949139
    0.503909171 0.475118756 -0.0925054848 0.122996867 -0.237016603
    -0.427000314 -0.312890738 1.25119638 0.00132796168 0.657256007
    0.532235146 -0.29330036 0.605923414 0.338439345 0.241769254
    1.30098391 -0.237792999 1.45152366 1.35101175 0.228112042
    0.370768309 0.168016374 -0.154408574 0.580859244 -0.408120394
    1.21735311 -0.451049209 1.49132824 0.0648451447 1.24215496
    0.929900169 0.0127035975 1.08722425 0.667169511 1.01170635
    -0.239985377 -0.484187633 -0.259755045 1.26512074 1.216923
    0.373048425 1.18414044 -0.539924026 0.740914106 -0.0945644379
    -0.505225182 1.04567146 0.704322696 0.805383801 0.315043271
    1.17480445 0.88892889 1.3620398 -0.269427598 0.142288864 0.704188704
    1.30189657 -0.00590485334 1.32253456 -0.228995979 1.3200531
    0.567044616 1.20710373 1.49856424 0.502483487 -0.445658952
    0.92827183 1.12336993 0.570085287 -0.318684995 1.18114114
    -0.370333374 0.768336594 0.501491666 -0.315881968 1.52050781
    0.1956653 -0.303358108 0.272864401 0.538694024 1.32894874
    0.514085948 0.883823156 0.418344557 1.25390983 -0.37022078
    0.242351413 0.0234549046 0.325299442 0.939216137 0.0265445113
    -0.494834185 -0.386554301 1.41979563 0.162547708 -0.377966642
    1.32796836 0.154366076 0.393364251 0.330561519 -0.230860412 1.341151
    -0.392907977 0.112524331 1.0889442 0.554982185 -0.278753996
    -0.00525939465 -0.0930444598 0.64826256 0.126694381 -0.148764908
    1.16181779 1.19055963 1.25472188 1.36403942 0.983940959 -0.166405052
    1.43438828 0.18107307 0.449926257 -0.00245332718 0.115235746
    0.561926186 0.762828946 -0.415373385 -0.456876814 -0.230169088
    1.11181462 0.144778669 0.623331964 1.51268029 0.356057346
    0.713214219 0.98986125 0.903564692 0.796759367 1.48074532
    -0.186660558 1.36357713 1.29409742 -0.369206667 -0.436962038
    0.633731723 -0.0783817172 0.00980734825 1.11403704 -0.306767106
    -0.494647026 0.996289492 0.655098617 -0.150633186 -0.391631067
    0.0377420783 0.214423299 -0.214240789 0.958759904 1.07507718
    0.568139493 1.28857231 1.47641814 -0.189870596 0.912071526
    0.425518274 -0.497806132 -0.192431003 1.49422538 1.22873712
    1.27187324 0.155440032 1.20072198 0.420008123 -0.188539624 1.2944839
    -0.407869905 0.393955052 0.834416568 0.242162287 0.0756904483
    1.19164324 0.0210088491 -0.16144982 0.533048868 1.47653961 0.8179757
    0.1731475 -0.0737295747 1.04151201 1.49499857 1.08694291 1.15693569
    1.16160607 0.354231179 0.438854188 -0.290248752 -0.364039749
    -0.304953843 0.736424327 0.978180826 1.21757841 1.16659379
    0.34426564 -0.460691571 1.22292638 0.259176016 1.02209818
    -0.185981005 0.995185375 1.02484632 -0.0935825706 -0.291951954
    0.268518269 1.39408422 -0.215927839 1.0450294 0.63962841 0.827372015
    0.32937181 0.995810151 0.907329738 1.52767491 1.28958368
    -0.354199469 0.924687386 -0.491696239 -0.395459592 1.17328632
    1.24162745 0.355959356 -0.438949168 0.766161084 -0.502791584
    0.409758747 0.899219513 1.48776293 -0.433006823 0.0926268697
    0.968811393 1.14330363 0.0607275963 0.594449818 1.39523029
    0.788553536 1.25643778 0.191219091 0.488334715 0.0301678181
    1.14692247 0.390841007 -0.026771605 1.41469169 0.588927448
    1.19630635 1.33468854 0.656370461 -0.0645065308 -0.365132034
    -0.263146043 0.243884295 1.37250996 0.0931367874 -0.432911932
    0.661634564 -0.403255522 0.767540097 -0.161121726 0.858606279
    0.308278501 -0.454162598 0.158743799 1.33649993 1.22739744
    0.652378917 0.440495729 0.306649446 -0.0440990925 1.03854871
    1.48867846 0.753945112 0.448890567 0.291386306 0.101127684
    0.906300783 -0.446080804 0.976260841 1.2176584 -0.187093019
    0.0950948 0.120347381 0.777829528 1.53314388 0.376814425 0.963971674
    -0.488767385 -0.524726927 0.624487877 0.682924449 -0.0248963833
    0.446835577 0.0804923773 0.451194584 1.1614368 1.45131338 1.29435229
    0.834590256 -0.154262513 0.347935021 1.48607373 -0.487330198
    -0.520836592 0.460486889 0.259294212 0.911693811 0.903944492
    0.321767509 0.571754754 1.31645727 0.19938457 0.136975765
    -0.388985872 -0.0131808519 1.4892019 0.154179633 0.465591192
    0.386442065 0.604150593 0.0241316557 0.634988666 0.850699067
    0.350788593 1.49087656 -0.53082478 1.12157738 0.341113687 1.29684508
    0.650609612 0.174161851 1.32351887 1.09697962 1.23746681 0.147359431
    0.553329527 0.310330629 0.934162438 0.441151679 1.2092967
    0.0485284925 0.481806397 0.299179196 1.24295378 0.928164303
    0.612444937 0.174483418 1.09920371 -0.143156409 1.19852221
    0.192785621 1.48680389 -0.517056406 -0.435426116 1.39946377
    1.34867501 0.494344413 1.53696489 0.899040699 0.0218946934
    -0.23090899 0.0158728957 0.314629138 -0.0485741496 1.48181605
    0.16127485 1.2070837 1.35976672 -0.0677483678 0.0365993977
    1.29347348 1.17027617 -0.488696277 -0.373517811 1.17337966
    0.686162651 0.485807329 0.100699484 0.443643153 0.238294542
    0.0517367721 -0.197431386 -0.19813019 1.06211627 -0.292467415
    0.0172258615 -0.425068825 -0.183922291 0.826733232 0.167859852
    0.815643549 1.33155298 0.719126344 1.22825313 0.100649476 1.30310285
    1.19036341 1.01678324 1.21867132 0.193032682 0.542468488 1.08439934
    1.35600662 0.159292281 1.25050628 -0.51637882 -0.332528979
    0.0271783471 1.25433826 0.90473181 -0.306703687 1.05304539
    -0.24275592 0.433703899 -0.310314655 0.0690880418 0.779639065
    1.06967056 0.347892046 0.285502017 0.858770549 0.630471408
    0.560093403 1.43437266 0.548813105 0.12717557 -0.0999570936
    1.7084372 0.198303252 -0.103306472 0.806998134 -0.326026142
    0.646002948 0.634757638 1.20821691 1.41580224 -0.0994103253
    1.37687731 0.682858765 1.02211618 0.547898233 1.1647253 -0.436007112
    1.1415416 0.333499849 -0.0499616563 -0.312436193 0.539700508
    1.41160643 0.864722073 0.932673812 1.29611135 -0.470169097
    1.27373326 1.18728852 1.23027325 0.595421553 1.27647769 -0.43705675
    0.979976416 -0.430728018 0.67942512 -0.0139426589 0.783735275
    0.0295013189 1.26161683 0.578463376 0.630664706 0.110054791
    0.284217298 0.121729374 0.357728541 0.443453908 -0.161042005
    -0.255831122 -0.22930181 0.399695575 0.676265061 -0.389211237
    1.20590639 1.07391047 1.55569887 0.508297861 1.11298549 0.840019226
    0.682917118 0.29123342 1.37924862 0.513740122 1.1056819 0.824907005
    -0.194254369 0.123562217 0.813432753 0.975828528 -0.0979664624
    1.51179945 -0.161077797 -0.374850184 1.44303608 1.38134313
    -0.00142478943 0.00340813398 0.44318074 -0.314878523 0.174423993
    0.45586884 0.736110032 0.556994617 1.36881828 0.270508379
    0.500607312 0.268230766 1.39527273 0.856128931 0.984060287
    0.745761871 0.846491337 1.41855502 -0.114821374 0.678872287
    -0.35860157 0.220469415 -0.0872498155 0.779898882 -0.300453544
    1.33254075 0.300738037 -0.257267147 -0.459389836 0.958735347
    0.981845081 1.41412282 0.225627184 1.41331196 -0.0222144127
    0.450558782 -0.22799015 -0.474056125 1.41123295 -0.443763047
    0.676943839 0.624667406 0.598864019 -0.407999456 0.721556365
    0.486131489 1.42263913 0.666213036 1.30816936 -0.489482164
    0.50867939 -0.471782565 -0.0577317476 1.05162764 0.691666245
    -0.479264855 1.11056125 0.401934147 0.311217904 0.346701503
    0.210440278 0.519982815 0.328410625 -0.29909119 -0.0615817606
    0.792330444 -0.414294243 -0.493768752 0.499716282 -0.424145311
    0.917725742 0.838513792 0.554031789 0.525892735 1.363518 1.44304872
    -0.479308456 -0.0374389291 -0.166585743 -0.0971136987 -0.346184433
    1.3701961 0.751054406 -0.122572631 -0.0984005034 -0.234214455
    1.41979754 0.118450046 0.182991385 -0.228079736 0.710900724
    0.168970287 0.252827048 0.573348403 0.27792418 0.0278241634
    0.409555554 1.01120543 0.206678033 1.25450015 0.404233694
    0.217785001 -0.0225800574 -0.253237069 0.414539665 -0.452416569
    1.41452765 0.804968655 -0.339730561 1.43747425 -0.0497171879
    0.221564591 0.885523736 0.0354798436 -0.213718265 -0.284277141
    1.36601257 0.748299301 0.998022854 -0.169707596 0.318084121
    -0.376431823 0.621780455 0.77888912 0.677164257 1.26931739
    -0.5428859 1.3388685 1.20225716 -0.499892741 -0.143307626 1.58479857
    -0.355850995 -0.0255934298 0.785063028 0.896043599 1.02629471
    0.316412985 0.913671911 0.399292409 0.218661189 -0.383144498
    1.52680326 0.456177592 0.369240165 -0.508240163 -0.508723021
    0.123293161 -0.0035071969 1.44151735 0.282088697 -0.452471554
    0.175420702 -0.11156565 1.18751991 0.861641645 1.41229653
    -0.406467944 -0.0770973861 0.99985975 0.920143247 -0.5124861
    1.1722641 0.535042048 0.551981866 -0.364115357 1.46077347
    0.211229444 -0.0243100226 1.0376997 0.466196716 -0.354685605
    -0.538305461 0.87419951 0.819045901 0.897967339 -0.244550377
    0.035286665 0.649389982 0.221921653 0.321787804 1.2660042 1.276474
    -0.124539658 -0.20239827 1.49157143 1.31401348 -0.235886157
    1.10448265 -0.0805577636 0.666933537 -0.385125101 1.27119088
    0.210113108 0.522400141 0.797918737 -0.222393125 0.802291512
    -0.132457495 0.1043742 0.561621428 0.344532311 0.366020679
    1.24442744 -0.438395768 1.2565887 1.26448655 0.33854574 -0.516973495
    0.0995564461 0.0160642266 -0.265601039 1.28389525 -0.466588795
    1.22779596 0.876947284 0.613521695 0.352507353 0.356364489
    -0.106324017 1.37939525 1.01723838 1.26316249 0.806776226
    -0.394228578 0.361697316 1.52345312 0.549912632 0.0725260973
    0.355774343 1.01975071 1.36391354 1.13812459 0.705104351 -0.30332917
    1.25597191 -0.241960198 -0.378479451 0.465557992 1.28960466
    0.28631568 1.02062118 -0.163196057 0.675566614 1.50709534
    0.104832053 0.38237685 1.01858413 1.32569706 -0.290161163
    0.862745821 -0.411359698 -0.438121796 1.26289344 1.20388317
    0.934293032 1.32456601 0.892703176 -0.206300795 1.0603168
    -0.320467383 -0.202939272 0.601878405 -0.405311018 0.223048508
    0.396630496 -0.276443124 0.0764697492 -0.286066294 1.35059357
    0.337898791 0.0482267141 0.197804153 -0.0769842267 1.19637966
    1.29502797 1.31956792 -0.452437669 -0.0951015651 0.467895925
    1.52460158 1.15301216 1.16584349 0.86446929 0.990995646 -0.429720461
    1.43557608 0.316278279 0.837644041 1.53467655 0.0385928154
    1.25714707 -0.461947054 1.4929322 0.258743584 0.92948395 1.03394055
    0.0583768189 1.54504633 -0.417091668 0.215876698 0.463582516
    0.813634396 0.728493094 0.342778206 1.16959119 0.516207576 1.4903276
    0.3972314 0.236809075 -0.390112281 0.0652604103 1.23231959 0.9152565
    -0.476179868 -0.403351963 0.593878984 1.30830884 0.399131238
    -0.00656837225 1.28523016 0.726518929 -0.535847783 0.640168846
    0.893743515 1.12604237 -0.323356926 1.26687956 -0.000873684883
    0.975394368 1.32985067 0.396409988 0.215154231 -0.112679243
    0.904075146 0.785193086 1.06140125 0.172400355 -0.517961919
    -0.27424109 0.497375131 0.655666471 0.35486424 1.45936334 -0.5026986
    -0.0379530787 1.51197231 0.78034693 -0.257836282 0.0813318491
    1.51257014 1.5260756 0.352797031 1.3513267 -0.184280753 -0.373213887
    1.32602358 0.411919266 0.0848729908 0.0111094117 0.714534521
    0.541442513 -0.152552396 0.759349585 0.330661774 0.613471746
    1.45264006 1.40138936 0.98963207 0.749892473 -0.0463418961
    0.875340879 0.398570061 0.941082716 0.162967384 -0.148445874
    -0.233416975 1.06830919 -0.13115859 -0.331243366 0.268872499
    0.861228406 -0.260242552 0.283671677 1.1744045 1.29202604
    0.914553702 -0.00537276268 0.539094508 1.30440664 1.49559236
    0.506231189 1.4346962 1.39851642 0.542565882 0.406133115
    -0.133793473 1.27790987 -0.533465624 1.17144084 1.01780772
    -0.0684195757 1.35589743 0.251109302 1.1350075 0.343724132
    -0.298459113 0.488793373 0.763737977 0.624118626 1.1473794
    1.16289997 -0.413636863 0.693950117 1.12187243 -0.162528843
    0.673008442 1.4808172 0.991298437 1.08759952 -0.185115308
    -0.428660214 -0.511794627 -0.0644983947 0.611136079 0.486549616
    1.12901437 -0.0399195552 0.536044478 0.719485402 0.915541649
    1.04264212 -0.396863937 -0.300898582 0.163978547 1.11948729
    1.32765043 0.0874936581 0.253533065 1.13158906 0.356950939
    0.973933578 0.923452675 -0.492368072 0.456533492 -0.334749758
    1.29340124 0.14171046 1.22467995 0.0685668588 0.0465748906
    1.02576864 0.874503553 0.922719598 -0.0312824845 1.43342638
    0.215269864 0.0626758337 1.34135878 0.00863403082 0.477930963
    -0.410344929 0.170959353 0.874193192 1.0045588 0.789806485
    1.44642591 0.59268266 -0.265016377 1.3043611 -0.107856452
    -0.0808491111 1.0976572 0.737541556 0.0429491401 -0.294423044
    0.834438801 1.41146505 1.44576287 0.734080195 -0.397964954 0.7740646
    -0.174141198 1.51681709 0.945773363 -0.0141570568 0.657550454
    1.05572426 1.51805711 0.943936348 -0.431370378 0.577326655
    -0.386621356 -0.118882298 -0.239169985 -0.108592153 0.477065444
    0.989884079 1.30696404 0.104361594 0.354010403 1.30142164
    0.852730215 -0.433902264 -0.0415937901 1.02777183 -0.344142288
    0.977884233 0.943363547 1.0546447 -0.0937756896 -0.0617145896
    0.937126815 1.19342661 1.09049344 0.0983308554 0.895191014
    1.09721446 0.293174028 -0.132542342 0.201290756 0.967805982
    0.275441617 -0.33484453 0.796921551 0.104265392 0.202304542
    1.38046575 -0.366324484 -0.535281539 0.44619441 0.239719808
    1.31764698 0.0122003555 -0.159409553 0.43040967 -0.0747998953
    0.487321854 0.0461116433 0.679203093 0.732125282 0.644774437
    0.477025092 -0.329796255 1.17850208 0.468955278 0.232932508
    1.06792808 -0.276117444 0.585106254 0.165262818 1.42890799
    -0.394525915 0.111616641 0.28127107 1.38352787 0.142740309
    1.45854759 1.10022199 1.10037744 1.04224944 1.32491529 1.45872855
    1.15425014 0.71754849 1.33930779 1.07978582 0.523403168 -0.438196927
    1.29290104 -0.0503889322 -0.18999666 0.382855892 -0.246762097
    1.48658943 0.177381039 0.76035893 1.450477 -0.189336956 0.0382486582
    1.18272877 0.619052887 -0.447077245 0.583942175 1.32704926
    1.49213898 -0.230346709 0.49603337 1.31244707 1.17212868 0.804172754
    -0.390639782 -0.182096452 -0.203453302 1.16620469 0.296820939
    1.41209674 -0.345562398 0.544704616 0.321635544 -0.274505049
    1.43950987 1.47138071 1.51502168 1.30701506 -0.31432879 1.16435444
    0.302453041 0.0866755843 0.505939782 0.388380289 -0.380561978
    -0.421929508 -0.422768384 1.55889809 0.135858536 1.05788255
    0.331801623 0.472221643 0.950593114 -0.0441588163 0.74970597
    1.48767161 0.47955215 0.852683604 0.0250310302 0.384773076
    -0.16524002 1.23374903 0.560398042 0.560588002 0.641695499
    0.986927152 1.09765267 0.493091285 0.682659268 0.89354676 1.43994832
    0.0343283415 1.48480797 0.866084218 0.162681699 1.40581465
    1.44646549 0.117896199 0.160583258 -0.170341045 1.03257036
    -0.00679689646 0.598172665 0.160209775 -0.266473532 0.821230233
    0.17797935 1.17528272 1.07085633 1.31870818 0.0568397641 1.37319827
    -0.0057207942 0.130332887 0.502957761 -0.0121225119 1.26981854
    1.17809284 0.668867111 0.798023582 0.779463708 1.44736624
    0.748369336 -0.0650920272 0.695315838 -0.275229901 1.19567466
    0.947787881 0.937496603 -0.209037781 -0.195579648 1.56559825
    1.04058778 -0.130347401 0.637221277 0.507889688 0.222008646
    0.89228189 -0.235610247 0.847408354 1.12204957 0.0681733489
    1.51063204 0.026925534 0.465921849 0.0351837873 -0.268929392
    0.486937106 1.63838911 0.555310488 -0.219707549 0.22258836
    1.04680955 0.552497745 0.50749892 1.36383557 -0.306004882
    0.677586436 0.201521754 0.577059746 0.744303703 1.50680494
    0.111883759 0.159541667 0.369104624 -0.141236991 0.14709872
    -0.132861018 -0.501573205 1.29243279 0.782075405 0.7449646
    1.05256927 0.986074507 0.242272794 -0.014987886 1.09569454
    0.924337327 1.43905592 -0.106871635 -0.535514832 0.111379266
    -0.501596212 -0.411542952 1.26291442 1.22491431 0.150850236
    0.588664711 1.27862811 0.314038455 0.282589376 -0.326246649
    0.755774438 1.32075703 0.255441546 -0.341024429 -0.470726281
    0.0445842743 1.37720382 -0.260385334 0.066110909 -0.0436956584
    0.417575777 -0.303297669 1.27624691 1.17663693 -0.04021281
    0.686733186 -0.164906353 0.578157485 -0.499601841 1.2969085
    0.870772064 -0.362094104 -0.329963267 -0.0150709748 1.06434739
    0.463974178 0.0442842245 0.162041426 1.47824192 0.139770329
    0.499176264 -0.328094274 -0.0895621479 1.29197109 1.5165534
    -0.0382579267 0.145125568 -0.493544519 -0.14467147 -0.122339368
    1.39418173 -0.092315495 0.123074591 1.0788703 0.452845335
    -0.506319642 0.66242069 -0.345794916 1.42837369 0.558521509
    0.713430405 1.10685337 1.41484833 -0.286997229 0.312412679
    0.979537725 0.584799051 0.257185698 1.26712978 -0.160471588
    1.08795738 0.64391011 -0.0118787289 1.00706887 -0.288337946
    -0.277543843 0.871966839 -0.468027651 -0.302502513 0.440422773
    -0.275004148 0.0272285044 -0.287908018 0.8275069 0.0354353189
    0.492317021 -0.537169814 -0.543734491 1.09709692 -0.0732949376
    0.217825115 0.477472186 -0.518328905 0.170211971 0.260112047
    0.492505968 1.33832633 0.497595072 0.786628842 1.13133454
    -0.511333942 0.061847806 -0.133066177 0.810454011 1.44057322
    -0.0860553682 0.655997157 0.165855706 0.761671901 1.04163337
    -0.0801718533 0.135330439 -0.0979073048 1.46126747 0.355670631
    -0.255542964 0.252777278 1.30198836 0.650505662 1.27399075
    0.865868807 1.26782298 0.844747365 0.152936935 1.32719469
    0.251423478 0.0839748979 -0.441672713 0.985934138 0.588957906
    0.885429144 -0.0434594154 0.926392496 0.960925281 0.703808308
    -0.274228424 1.04970825 0.772580385 0.888605535 -0.209625393
    1.10870075 -0.0551948249 0.600140989 0.874843895 0.972576976
    0.000884532928 -0.413695216 0.510230064 -0.0597334504 -0.488053948
    0.136458218 0.89290148 -0.347844183 -0.450962067 0.0764529705
    -0.442411542 -0.340191364 0.598468959 1.37896931 0.416720629
    0.788705945 0.566105127 1.18457699 0.326396227 1.44174147
    0.0377640128 -0.028218627 -0.147964358 0.638472259 0.955709696
    0.0689656138 -0.105257154 -0.155720025 1.52295804 -0.501325965
    -0.00963205099 0.864754081 1.18164921 0.585183442 -0.325245619
    0.781254888 0.751383066 0.240029991 1.43270481 0.3201015
    -0.0997887254 0.607785404 -0.500920296 1.27178502 1.10374832
    1.31805944 0.403000951 0.35698849 1.29326272 1.03749597 0.813323915
    -0.113890201 0.918712437 0.418192208 1.11161041 -0.437664002
    0.574751437 -0.265090466 0.212315679 0.199555814 1.17089736
    0.521559834 1.05858541 -0.162059158 -0.264407247 0.731510162
    1.36728275 0.0529293418 1.19794607 0.0891694427 1.16719115
    0.775746405 0.267530322 0.980727255 1.31257021 0.846782684
    0.0537030995 1.18572545 0.880397439 -0.383536965 0.489496112
    1.54465222 1.29783702 0.396713197 -0.0832338333 0.565961778
    0.394168079 -0.343129158 0.838568687 0.694073856 -0.1579732
    1.37378001 0.16792661 0.0406281054 -0.252495766 0.129756749
    0.915807188 0.454962194 1.35531616 1.4464035 0.236794591 -0.46751374
    -0.352496028 1.14750552 0.795912743 0.144137383 -0.294827998
    1.11516619 0.714797437 1.16283667 -0.111412227 -0.216241211
    0.910604894 1.47438884 -0.247122616 1.21136332 1.43024004
    -0.0812847614 1.2101295 0.235271275 0.37280941 0.54965663 1.18255544
    -0.32869792 1.37933302 0.937754214 -0.289079845 1.37298024
    1.20740819 0.808809936 0.0759711862 1.56416082 0.257966042
    1.14784455 -0.107143372 0.537706375 0.599591851 -0.122750401
    0.751290143 0.322617888 1.42759371 0.421170592 -0.49094668
    -0.245920986 0.563745141 -0.370624185 -0.431577116 0.223026395
    -0.414715111 0.412350297 -0.125323683 0.980378807 1.1820085
    0.279416084 0.361304462 0.374281645 0.0827877522 0.374100327
    1.51744986 1.27692389 0.19496876 -0.0506050289 1.05829096
    0.525253832 0.485032797 1.49725807 1.11628628 1.13937759 1.4384253
    1.46582031 0.130093753 -0.164943695 0.556397319 -0.0898888111
    0.366088629 -0.0135146976 -0.254176736 0.741317332 0.122844338
    -0.496871412 0.115014136 0.373078346 0.657812893 -0.363768041
    0.33424747 -0.276824951 -0.16905576 1.53603446 0.818551779
    0.560386539 -0.388366401 -0.0943196416 -0.154596537 -0.343051612
    1.56475258 0.382843018 1.07384777 0.0361906886 1.30414855
    0.280990064 -0.0427229404 0.873012066 0.61005497 0.305948675
    0.654902339 0.310233295 1.3443377 0.905957937 -0.39553678 1.31268191
    0.0856561661 -0.360340446 0.568670928 1.29995978 1.31176078
    0.22403717 1.10255146 0.107001066 -0.128482997 -0.413107961
    -0.360268265 0.578795731 0.0571252704 1.32276976 0.00125199556
    0.810800731 0.239791691 1.29394984 0.226882279 1.32300568 1.39402103
    -0.276647687 -0.0242520273 -0.262049437 -0.415232003 0.926589847
    0.95958066 1.35691226 1.01175427 0.95414716 1.54267907 0.525773823
    0.019736886 0.015225172 -0.343543053 -0.545273662 0.671181738
    1.15333319 1.00155246 1.41366088 1.51478255 0.419942439 -0.453553021
    1.28345752 -0.358177632 -0.0989956856 -0.48265335 -0.3545174
    1.01890635 0.445807993 -0.386371285 0.916200459 0.206887901
    1.40495062 0.19300437 0.897276878 -1.57952309e-05 0.697929442
    -0.0482039452 0.694704354 1.24119365 -0.058050096 0.480810285
    0.610676408 0.694004774 1.34594417 1.2345401 1.11128902 -0.450991452
    0.705334008 0.631195486 -0.243666351 0.363033831 -0.247227013
    0.646454751 0.33153677 0.154010177 0.00617682934 -0.202718735
    -0.386427432 1.24382591 1.4017297 -0.242521167 0.794892371
    0.259738445 1.50165272 0.321215272 0.130610108 1.14318264
    0.761171401 0.628727674 0.442679048 1.01650453 0.582485378
    -0.205642343 0.588462234 0.238673866 -0.540967584 1.13384056
    0.719600499 1.01088548 1.1058563 0.201102555 0.38960129 0.225274086
    0.381462455 0.729656458 1.0733124 -0.0499466658 0.58929646
    -0.482781857 0.356663764 0.419252813 0.324212611 0.226405978
    0.121156335 0.904774964 1.2229979 -0.301137179 1.55464578 1.5983665
    1.71684051 0.126547396 1.55517066 0.593983173 1.5325079 0.207152784
    1.15866745 -0.146858871 0.210518599 0.179431856 1.33367109
    -0.224610209 1.33157408 0.437324405 0.192072272 1.25047469
    0.40958643 1.11267376 -0.404005826 1.45637989 -0.133744538
    0.199352622 0.926615953 1.53947043 -0.322199404 -0.468661845
    1.18536854 1.47121286 1.44237542 0.565189123 1.48735452 0.435636699
    1.2741214 0.438568771 1.48821187 -0.127782464 -0.092166543
    1.44430232 1.09056377 0.125242949 0.828202486 -0.612917244
    -0.598921239 0.62860018 0.938979506 -0.293307543 1.43622851
    0.30539161 0.669893742 1.04060626 0.494248927 1.49681318 0.85335356
    1.11053205 0.291236103 0.636468649 -0.0164034367 1.05486107
    -0.154641509 1.13989091 -0.0123301148 -0.263621181 0.699107647
    0.10369873 1.51212537 0.871117115 0.870933771 1.52481294 0.757064342
    0.615419328 0.748009264 0.218534946 0.332660258 0.87120986
    -0.101164728 0.669667482 1.32065487 1.27050877 0.592089534
    0.0990677476 1.04186261 1.4377346 0.312757492 0.434083104 0.47154969
    0.411496997 1.1535362 0.997833133 0.848664701 0.96074301 1.13047206
    -0.14137277 0.604836702 -0.559102476 1.24668324 1.09068441
    0.033308804 1.22746491 0.684087217 -0.433958411 0.971255422
    0.424048901 0.745629132 1.22654986 1.44410586 0.351659 0.229293883
    1.29037547 -0.244547099 1.53033733 0.24758637 -0.490678877
    0.386471093 -0.241902784 0.4809452 0.320222527 0.398216277
    0.587688923 1.05654621 -0.191492081 0.464723349 -0.517931521
    -0.364161968 -0.0472201705 -0.495832384 1.31518459 0.890104532
    0.296850145 1.15602887 -0.0899317861 0.522121906 0.403789163
    -0.325467229 1.17280841 0.926189303 0.728460491 0.538325429
    0.417447388 0.574227691 1.29971027 0.230090916 1.28837681 1.34481215
    -0.434901476 0.277771652 0.983633399 -0.0380390882 -0.485314697
    1.22969747 0.518910408 0.596276879 1.3517797 -0.418182313
    -0.00288581848 -0.132616639 1.3025142 -0.136988372 0.883056819
    -0.207411885 1.43831384 1.2609247 0.361036003 0.0974407792
    0.367939055 -0.423683167 -0.425484896 0.137575269 -0.293032825
    0.930357754 0.698132455 0.721279621 0.579827309 0.388477564
    0.392934203 0.327883601 -0.162450194 0.463239431 0.92418921
    -0.298274577 -0.179864436 -0.281472474 1.20417595 -0.226970732
    0.451463163 0.38059175 1.14513123 0.753125489 0.602600396
    0.783947349 1.38713479 1.52960694 0.592558563 -0.446815073
    0.949311852 -0.0316026211 0.0229519606 1.49846745 0.24137646
    0.105172694 0.550296545 1.21758127 0.380937159 -0.196672767
    0.776072383 1.00902486 0.376548052 0.332977772 0.485390604
    0.755854428 1.31856656 -0.441383094 -0.187985688 0.696937978
    1.48838258 0.00981903076 0.0810810328 0.980493307 -0.127689838
    0.873169184 0.87802428 -0.49385047 0.0456426144 1.44857955
    0.836621106 1.27836704 0.273629844 0.558899283 -0.238203317
    0.471184731 1.47847426 0.638248622 1.06521881 0.927193165
    0.475658178 -0.313976228 0.638353229 1.41302466 -0.223247916
    0.327094972 0.397622347 1.04379225 0.844587028 -0.466445804
    1.29412937 -0.149559379 -0.163810641 -0.0228819847 1.23883343
    0.856251538 0.816154242 -0.411708802 0.0936558843 0.590236664
    0.0423939824 -0.020065248 0.525081158 0.229944974 0.901711345
    0.591669679 0.87416923 0.369244933 -0.393411815 -0.249156177
    0.0875917077 0.548577726 0.819241643 0.346225441 1.23971939
    1.19290566 -0.242327094 0.801779985 0.61721313 -0.376276791
    -0.229577303 -0.498299599 -0.1410079 0.687514842 0.364932001
    -0.474379241 1.18111122 1.4642396 -0.424381256 0.751749158
    0.599819064 -0.129142076 -0.446987152 0.539002299 0.56292206
    0.601380587 0.23367393 0.477373481 0.428219676 -0.477407277
    0.923291564 1.05890763 1.28427017 0.21911335 1.24188459 0.351401031
    1.44557178 1.15613246 -0.417942762 0.131962538 1.45448864 1.48917723
    1.4804461 -0.514584184 -0.241050094 0.719241679 0.706225514
    0.733237624 1.20729542 0.5379197 0.0657326579 0.0811095238
    0.285832942 1.11636257 1.30782783 -0.129329354 -0.389491618
    -0.21142891 0.46011126 -0.114759713 0.45331198 -0.215369254
    0.303723097 0.447545409 1.11814451 0.727205873 -0.148251921
    0.508045614 0.949964941 0.233760118 0.980234265 -0.0697179437
    1.52092576 1.44020796 0.641194642 -0.199379742 -0.101950228
    0.641969085 1.05577719 -0.0846423507 1.45929205 0.344965219
    -0.246220469 0.489449024 0.94084084 0.242255211 0.98348403
    1.29563391 0.857975066 0.661747634 0.29849422 0.404992342
    0.768106461 0.0767785907 1.38587332 0.571506917 0.291204274
    0.534744143 -0.0739250183 1.35975754 1.07542825 0.387604594
    1.44756174 -0.207662761 1.30605841 -0.125932693 0.73702687
    1.16060877 0.35947454 1.38968563 -0.324243933 0.188851058
    0.888528049 0.232310712 0.422323108 0.296092868 -0.318206131
    0.53468293 0.106391609 0.731989205 0.975405574 -0.219900936
    0.710236549 0.213081539 -0.149234563 0.812562227 0.212534249
    -0.377487957 0.307973444 1.36524343 0.446487546 1.53490138 1.012784
    0.194002509 1.05510497 0.824279189 0.944233179 -0.260103792
    -0.226784915 1.04661083 1.55423951 -0.534107864 0.338361084
    1.15316844 0.589107215 0.371929109 1.47036433 1.24750352 0.241131902
    0.0127138495 0.187606752 -0.0779852271 -0.413085639 -0.0241271257
    0.719545424 -0.067591846 -0.0149803758 -0.451648086 0.941751957
    0.908550501 1.42640328 -0.39307183 0.418657243 0.118762851
    1.10173798 1.38606846 0.529820085 0.738566518 -0.481660903
    -0.0628190935 0.513139129 0.0297298729 0.170234621 1.57908082
    0.819303215 0.103527308 1.37276089 0.559616923 1.28802586
    0.161191404 0.404398084 0.764643312 0.0123823881 0.142576158
    0.315316379 1.46065164 1.04602861 0.631237388 -0.397009015
    1.30825138 1.31433117 1.06846619 0.799230278 1.50258982 0.345948517
    -0.402090669 0.877685666 0.901909053 -0.431893021 0.7820943
    0.451489329 1.18309581 1.0103941 -0.511960864 0.4746117 1.28470302
    0.147391915 1.32907248 1.01737618 -0.0115625262 0.669484496
    -0.389114618 0.78920567 1.36530161 0.105475545 0.917473197
    0.987474561 -0.43809399 0.571522295 0.101215184 0.96389091
    0.336521447 1.23589063 -0.435010731 -0.0124261379 -0.293129146
    0.99430114 1.40389526 0.297637403 0.855375826 0.769661665
    0.018181026 0.46778971 0.0582728982 1.31051612 -0.311242223
    1.17565536 0.147544384 1.01694775 0.571025789 0.432636261
    -0.109223247 0.649495721 1.53467202 0.518915772 1.06624782
    1.17248106 -0.100185961 0.946028471 1.59100461 1.56983769 1.56256247
    0.779779673 -0.114898592 0.0597260594 1.14129782 1.24694467
    -0.278232694 0.630076647 0.352492929 -0.108546615 1.47793674
    1.45236135 -0.0953016877 -0.306226701 -0.15799889 1.33361912
    1.05107522 0.94277662 0.888692141 4.84585762e-05 0.405002117
    0.723469973 -0.0880419016 0.314356625 1.42125463 1.51119876
    0.925671995 -0.108052105 0.0915034413 1.29767334 0.655576468
    0.372462332 -0.34704262 0.825377703 0.656208694 0.722352982
    0.25172323 1.26303172 1.03575563 1.01363289 0.406259835 1.36711311
    0.525459349 1.47229481 0.959815979 -0.315093756 0.112077117
    1.20555091 0.360373676 -0.47227484 1.40382993 0.722073674
    -0.462503463 0.861139774 0.546856523 -0.0945703685 0.195729494
    -0.418466538 1.52671814 0.427238047 0.597529829 0.131731272
    1.14367223 0.740680516 0.815116167 0.936345577 1.51575828 1.03686285
    0.605077326 -0.390948534 1.41953468 0.384226859 0.0806290507
    0.25119251 1.03512132 0.961133718 0.258839726 -0.140574425
    -0.306950867 -0.489549428 1.07135582 0.583290517 0.806848884
    1.10271347 0.442219615 1.33581138 1.48913479 -0.260402441
    -0.287318379 -0.213987112 1.50122762 0.613336742 -0.0343642831
    -0.0759489238 -0.169538409 -0.395987809 0.156427264 0.305013895
    1.00513721 0.438276947 0.629505038 -0.305307746 -0.474541783
    0.735801697 -0.478329718 -0.407371163 -0.0514144897 1.00194645
    -0.12688756 -0.0240940452 1.2356813 1.18369675 -0.0177660584
    0.612099528 1.13088655 -0.459008753 1.03031564 1.08510089
    0.687605679 0.133373201 1.33357942 1.50255895 0.0446864367
    0.24298346 1.25134039 -0.0287307501 -0.424644768 1.12063468
    0.602863789 0.110111177 1.51238096 0.035740912 0.791752458
    0.190521061 0.482646406 0.458585501 0.874501526 -0.0785143077
    0.160931349 -0.0923621655 1.07433307 0.783672869 -0.140515089
    1.30924356 -0.0813913047 -0.186385602 0.970143676 0.694392085
    1.32968533 0.842601955 0.226218998 1.28804827 0.908674836
    -0.0312641859 0.66126883 -0.159839213 0.804405928 1.36486149
    0.872671723 0.375945151 1.1692158 -0.23977685 1.43677235 0.322315753
    0.680133641 0.779039681 1.43133879 0.697289765 -0.165465087
    1.39045954 0.864929914 1.32555556 0.503140867 0.241393805
    0.459396243 0.624846518 0.326630592 0.259703219 0.662022591
    -0.106416821 0.875219762 -0.000711917877 1.03905439 1.09061825
    1.51598883 1.1673696 -0.328240335 1.17428303 1.20308948 -0.058109194
    1.52393389 -0.0342095494 0.192784607 0.200183392 0.165025651
    1.11760247 -0.5697999 0.664974034 1.13009489 -0.364042521
    0.638206899 1.10458612 1.07216907 -0.0588683784 0.634636045
    -0.453007519 0.829814017 0.390487075 0.546424925 0.989757776
    0.525918901 -0.154982269 -0.427327812 1.15975845 1.27156568
    0.771959305 0.956177831 -0.128585041 -0.149540484 1.14896631
    0.946523309 -0.249224246 0.973136604 1.20689857 0.821699858
    1.21852911 0.967393517 -0.22340104 0.357846498 -0.549370229
    -0.469309986 1.3585099 0.38496685 1.3918457 0.139504731
    -0.0875593126 0.824726582 1.05359173 0.972580314 -0.166735649
    0.278930664 0.338887274 0.630444169 1.49419165 1.30046165
    -0.490806043 1.16689026 -0.317006499 -0.348563045 0.125445068
    -0.131089628 -0.288818359 1.14305758 0.740108967 0.419812322
    1.7107054 1.10570478 -0.011349082 0.846011221 1.46875632 1.52947176
    0.533637226 0.741246879 0.175982654 0.700886428 0.951804519
    1.22976255 0.309614182 1.21149063 0.293464363 -0.401690573
    0.969643891 0.470207036 1.08844066 -0.124524385 0.423294067
    0.530074477 0.477859497 -0.17782259 -0.214271694 -0.177975714
    -0.196406633 -0.241615117 0.824698329 0.344114959 -0.407367468
    0.147750735 0.222385287 1.41087174 0.0932871699 1.5172528
    0.993216872 -0.478857696 1.30399501 0.655753255 0.155549526
    -0.441891015 0.585522473 0.988088489 0.908486009 0.786394775
    -0.146349162 -0.259409666 0.993865252 0.180509686 -0.334733129
    -0.36507386 -0.0609778762 0.666642904 0.267308056 0.834733844
    0.831648648 0.502606809 0.834148705 0.539909542 1.38598347
    1.34615815 0.26847589 0.256250441 0.399527192 1.10048616 1.40609288
    -0.0183436871 0.479736865 1.08287585 0.64998579 -0.225199878
    0.698075354 0.491890848 0.510055065 0.440439641 -0.379968166
    0.925061047 1.32618785 -0.178538889 0.580035448 -0.20362404
    1.31473446 0.349664509 0.0808342099 1.12240553 1.25123572
    0.157466531 1.25695634 0.205548286 0.595400095 -0.16350612
    0.424099624 0.489469051 1.30000293 1.46424091 0.995031536
    -0.299426198 0.66861254 0.984425426 0.740748227 1.42086267
    1.32872701 0.892455637 0.963695168 0.599607229 0.325424433
    0.11282593 -0.455502242 -0.384420753 -0.292338729 -0.461597323
    1.53565049 -0.210836589 0.211851954 0.00953948498 0.0520099401
    0.252521574 0.477040768 0.121438563 0.233982682 0.319540143
    0.743025064 0.0537239313 0.832596362 0.915578485 0.0771089196
    0.549134493 1.00773978 -0.122802109 0.871766627 0.512744129
    -0.499298632 -0.00643277168 0.0734963417 0.981817961 -0.484080255
    0.133145809 -0.498308659 0.504064083 0.818579078 0.489546597
    1.18836308 1.29296243 -0.266828865 0.652408421 -0.403631508
    0.414408088 1.22089994 0.0735627413 0.430837035 -0.348675132
    0.740430832 0.936504602 -0.375530183 0.86702317 0.170173407
    0.422845066 0.490931928 0.531345904 -0.461039513 0.203271598
    0.942419112 -0.188155055 -0.349700034 -0.0573892295 0.976408482
    0.990362883 -0.469905704 0.525133967 -0.270577788 1.52983499
    1.01486766 1.06370115 0.0960705876 -0.506050706 -0.0324634314
    1.01947927 1.46149611 0.981431842 1.40002155 -0.418245018
    0.950957894 1.1844964 0.00224077702 0.0820532441 0.566807032
    0.470843673 -0.266622454 -0.485887468 -0.202122688 0.841213405
    1.20562851 0.570261419 0.885810316 1.1806221 -0.454573393
    0.619109094 1.17203081 0.730661333 0.518320024 -0.0695467591
    1.13502002 -0.34675169 0.0708511472 1.49390531 0.968324959
    0.295948505 0.943004012 -0.145820647 0.652252853 0.741016805
    0.520097673 1.39310133 -0.216915637 -0.448547125 0.725563467
    0.781841338 0.226215899 0.963412762 0.801637232 0.946368933
    1.32341623 0.909586847 -0.230190396 1.04037786 0.840415478
    1.07994127 1.3633492 0.21259439 -0.28784436 0.981121004 -0.522610903
    0.943857849 0.71781522 0.200969219 1.52018034 1.47285509 0.918592274
    1.07890427 -0.477249295 0.302306116 0.645009041 0.810183227
    1.42477202 1.53665781 0.18911463 1.20837104 0.0789113045 1.56312299
    0.320659041 0.704862475 -0.36798811 1.56436586 1.51079738 1.48337853
    1.30402875 1.65641558 0.700452089 1.09468842 -0.496283203 1.22871435
    0.290155888 1.16426539 -0.255963027 0.648384333 1.17765725
    -0.366655916 0.00364798307 0.831754684 0.222826779 0.378380358
    -0.0943858325 1.49608779 0.128728807 1.32341886 1.24253726 0.9114573
    1.14544463 0.601259708 0.345473707 -0.105314165 1.27959883 0.3372311
    1.46266687 0.0662670135 0.515741467 0.126780629 1.23707569
    0.445415199 1.04046845 1.39032936 1.0657177 -0.343364537 0.574872375
    -0.325487852 1.1042192 -0.424762905 0.0111361146 0.471876442
    0.894161165 -0.242418796 -0.303164184 0.275647044 -0.232059151
    -0.0818600655 -0.105372667 0.793260217 0.1430825 0.65460223
    1.04342365 -0.369849145 0.110284746 -0.195603728 0.932830334
    0.693560421 0.877075791 0.130713046 1.15400505 0.873102963
    -0.317881972 0.561275482 -0.236958504 0.223420024 0.93099916
    0.781532824 1.38174248 -0.0455377698 0.0890443921 0.29734844
    -0.474755853 0.632028997 0.721951783 0.191236258 0.889394403
    0.129316807 0.451586485 -0.447151363 1.293028 -0.113831699
    -0.123343229 0.802151799 0.302489996 0.725611687 0.729941428
    -0.419777066 0.273128271 0.584361374 0.782573044 0.800645769
    -0.489944607 0.689159095 -0.432043076 0.393032372 0.393115461
    1.50839555 0.278124988 0.273949444 1.42444277 0.548969746
    0.712294042 1.13993919 1.42343473 1.42805672 1.39442551 1.06956244
    0.0632901192 -0.568674147 0.970765114 1.37495136 1.49819207
    1.27251983 0.116272748 0.468575478 1.17797828 0.73917526
    -0.0486322045 -0.109026432 0.0522158742 1.49863029 1.36268401
    0.0222067237 -0.386153698 1.17696249 0.300016582 0.422268689
    0.866641581 0.712943196 -0.257346869 -0.100001276 0.993743002
    0.0409086347 0.329344392 0.927467048 -0.217864811 1.38586199
    -0.449427277 -0.188341796 0.858868182 -0.0937293172 1.34891689
    0.532789648 1.04705942 0.424144924 -0.282555103 0.104103267
    0.334145963 -0.499266654 0.306048751 -0.128185868 1.10759497
    0.3085621 0.0490084291 -0.441576213 0.830802321 0.525434613
    1.15061522 0.0763713419 -0.0977525413 0.798906624 0.814820886
    1.50040603 0.0934198499 0.425136566 0.40021944 -0.422749788
    0.420999587 0.866809726 0.782643437 0.165880024 0.420318305
    0.7851215 0.00364112854 0.659603536 1.18850756 1.15004563
    0.392464876 0.313824296 0.780825317 0.486276686 -0.198224664
    -0.458510101 0.456851423 0.980448246 -0.124052644 1.51246071
    0.0791291595 0.309832036 -0.0790077448 -0.467061311 0.517153144
    -0.471808076 -0.435896486 0.85930419 -0.529993057 -0.417594463
    -0.212033898 1.49324536 0.819289446 -0.217701286 1.31496358
    1.11878729 0.0929675698 -0.4902004 0.532356918 -0.313540816
    1.0029211 0.774721444 1.33153033 0.62724781 1.06743336 -0.14888671
    -0.0643987656 1.4646337 0.963357627 -0.521912396 -0.22002843
    0.108603179 0.266416252 0.624036968 0.106994987 -0.574865997
    0.0410739183 1.00180256 -0.0109778047 0.79322809 1.03857243
    0.240329206 1.47366154 -0.306420505 0.262425125 -0.156219959
    0.838692665 0.511508524 -0.399869442 1.24747407 0.237620294
    0.653604448 -0.446302772 0.435542345 0.697326899 -0.536877513
    -0.0750778317 -0.0537303686 1.21469605 -0.439455748 -0.503163397
    0.545034528 1.20145893 0.863100171 1.242342 -0.319103986 0.504745603
    -0.350643724 0.806020439 -0.415472448 1.15500808 1.43775189
    -0.0605357289 0.570569098 0.0854477286 0.113629162 -0.293222785
    0.30153054 0.0736610293 1.50610137 1.5201242 0.317824304 0.946439207
    -0.302440792 0.97915411 1.30162406 -0.0209944248 0.389813423
    0.388493598 0.718325734 0.349214911 0.84338057 1.04121661
    0.387816429 1.35060871 0.842703521 -0.3891626 1.13747895
    -0.010805428 -0.243083358 0.155531168 0.0312280059 1.23058319
    0.416736543 0.0701298118 0.0643234849 0.709696174 1.19019675
    0.282587588 0.455910325 0.754997134 0.58290112 0.854955614
    1.05448675 0.382057428 0.318107307 0.627903759 1.15765977
    0.878631294 0.738097727 0.485333264 1.46495557 -0.184200108
    0.392633379 0.967870653 0.335978925 1.50454688 0.552981496
    1.05366886 0.627111256 0.570548534 1.07304764 0.197509527
    -0.472860098 -0.0663389862 1.04090106 -0.496255308 0.500671625
    1.22866201 -0.314660341 1.42170715 0.278173208 -0.480799437
    0.0971494913 1.10827208 0.0793387294 0.549146652 -0.383257508
    1.04525852 0.389489174 0.539207339 -0.545740724 0.871830523
    0.923269928 1.50402117 0.751924753 1.04982305 -0.195403248
    0.511319816 1.43737376 0.107495487 0.362259984 0.433085024
    -0.397439122 1.0124774 -0.149306238 0.893103957 1.1160264 1.30355501
    0.333002746 -0.0981276035 1.4246788 -0.4474231 1.29059958
    0.863441765 0.766069651 1.007447 0.38236779 1.45171118 0.314054489
    1.48402214 -0.514021516 0.740936935 0.644326985 1.48829329
    0.666364253 0.732182801 0.994048059 0.945502698 0.244958401
    0.127380133 0.580721378 0.895069718 1.5493784 0.0274582505
    0.973505318 0.272909164 -0.0951027274 -0.506049514 1.53735161
    0.117438376 0.593245447 0.571159959 1.39100981 0.543526649
    0.0338094234 0.135750055 -0.13235715 1.19748294 1.40531957
    1.54222846 0.0369998217 0.0460958481 1.37749171 1.33423674
    0.329874694 0.259780169 0.972026289 1.37968838 -0.000639915466
    -0.507210732 0.566307485 1.56685114 0.957800567 0.914542675
    0.584268034 -0.343562722 0.867326975 -0.256554723 -0.109403521
    -0.319286227 -0.067312032 0.163075805 -0.102600306 -0.0440858603
    0.00913435221 -0.112997234 0.841881633 0.89248842 1.49156475
    0.667478621 1.22292972 0.772947133 -0.481893778 -0.298827231
    0.234185517 -0.29748106 0.43207258 1.46586215 1.00941181
    -0.383215666 0.835483074 0.294374228 0.205217481 -0.0891854763
    0.500875473 0.0139564574 0.583315849 0.669046462 -0.0132408738
    0.78638792 0.145406783 1.1080184 0.823693573 0.955563962
    0.00246781111 1.17397571 -0.181118131 0.00254511833 0.516421914
    1.23706722 -0.196935475 -0.266121924 1.51196337 1.28361869
    -0.333739549 0.15357393 -0.50039196 0.717657804 1.1358285
    0.0476943851 1.30834997 1.02779698 0.281873465 1.04213417
    0.481113493 -0.0634618998 1.45771122 -0.227452666 0.0017362237
    0.683378756 0.0743474364 1.4987191 0.6401425 1.04850531 -0.237372339
    0.396635234 0.276818931 0.45393616 1.55727267 0.153865397
    0.298013985 -0.167728007 0.426357031 0.278153241 -0.149358064
    -0.499990255 0.125490963 1.33840978 0.829203069 0.578861952
    1.46702325 0.191177249 1.07444572 1.24599314 -0.475314885 1.2629478
    -0.481650412 1.50137746 1.07744551 0.233150303 1.23829174 1.51558363
    1.2481178 1.12724948 0.829157054 0.123003185 0.317563474 0.318576276
    0.757246435 0.0713261962 0.742320418 -0.0797417164 0.645813525
    -0.399881423 -0.492384374 -0.211485505 0.532838583 0.336123884
    1.33324778 0.493878245 0.96403116 0.202165306 1.48514974
    -0.257895499 1.19941151 0.95691824 -0.492405266 1.12879801
    1.27443886 -0.126888096 -0.326667309 0.0195333362 -0.0181547999
    0.918878496 -0.0778109133 0.618054867 0.613156319 -0.433478862
    -0.405712157 0.649710357 0.709074438 -0.334877551 -0.0935633183
    0.915012062 0.799396455 -0.412910253 0.0848131776 1.13589787
    0.516320705 0.922163427 0.856971741 0.480790317 0.353243768
    0.359732926 -0.0422876477 0.888540268 0.370905876 -0.0123001337
    -0.0212324858 1.10053873 -0.471104801 0.441206992 0.159487724
    0.393706918 1.01815557 1.51885068 1.0505631 0.984631658 0.211812377
    0.331969976 0.877388299 1.15006804 1.29681778 1.42825782 0.666077077
    0.716314554 0.393216074 0.311209798 0.642926693 1.23556685
    1.45862722 0.954495788 0.69601953 -0.0149741173 1.27135539
    0.651526809 1.01529431 -0.116596431 -0.0611201525 -0.572710216
    1.47093046 -0.40723139 0.138688684 0.592503607 1.33366227 1.38592553
    0.316428781 1.30103123 0.205304444 0.711628973 -0.383135557
    0.293518603 -0.382283449 0.396539152 1.15313482 1.31507373
    -0.23007074 0.368240952 0.230166376 1.38245559 0.753780782
    0.577790499 1.06609249 0.274077058 0.826244891 0.72301054
    0.987775683 -0.114616185 0.804666042 0.0440881252 0.0261929035
    1.32746005 0.302715242 0.959879875 1.38395882 0.347173929 1.17637062
    -0.491352767 -0.250210583 0.402154922 0.344171643 1.0579524
    1.30073047 1.34911394 0.933989048 0.0445957184 0.331243992
    0.728521347 -0.503735125 0.995233536 0.956066728 0.99771148
    -0.322846472 0.580052793 0.859566927 0.0614045858 0.578247011
    0.668802202 0.093690455 -0.0351285338 0.674329698 1.20156598
    0.588854194 1.31442857 -0.0397779942 0.241648376 0.276033401
    0.0485431552 1.53084564 0.461539984 -0.494822443 -0.458865225
    0.0988532305 0.454183221 1.33385634 0.249149323 0.707893789
    1.00143206 0.102614641 -0.0872994959 1.08986664 1.1388638
    -0.468446404 0.248776674 0.3422364 0.588754952 0.0713537335
    1.14662051 1.34090829 0.536096931 0.726662219 0.162070155
    0.237473249 0.894579768 0.554597735 -0.135195106 0.638953745
    1.11567712 0.552819252 0.180491 0.486746818 0.310067594 0.226757437
    -0.28350234 0.681930006 1.5013566 1.12841034 1.19081426 0.26298213
    1.26679313 -0.189071119 -0.422760665 1.22558999 -0.525305688
    1.27979159 0.333876133 0.67979759 -0.289787591 -0.209928364
    1.03663158 1.2261219 1.22822154 0.0608516932 -0.203942329 1.39341187
    0.766648412 1.05305409 1.04117382 0.427747309 0.300826848
    -0.0141535997 -0.460967422 -0.474778861 0.326265812 0.92905736
    -0.332140625 0.675551713 0.199301839 1.35186052 0.925617576
    -0.550492406 -0.293875933 0.254273951 0.0576224923 -0.519381523
    0.155621231 0.797178447 0.274320126 1.14937901 1.13500106
    0.469196796 -0.2864604 0.143602848 1.29389548 0.414762318
    -0.050372541 -0.107738733 0.629229128 1.01887047 -0.514639378
    1.10507667 -0.177179247 0.100408494 -0.214281797 -0.0116256475
    0.500985861 1.68988395 0.750052214 0.538722396 -0.0218536556
    0.398499101 -0.0230344832 -0.247319251 1.16735649 0.382536352
    0.0309534073 0.376435578 1.25825953 0.109252274 -0.480189949
    0.704321802 0.588497102 1.06322062 1.17708385 1.00330997
    -0.0539671779 1.48961735 0.397365749 -0.32951808 0.72397542
    1.27074242 0.75493741 0.707050145 0.288094461 0.407678962
    0.644611001 0.716258585 0.240328848 0.785801649 1.19930112
    -0.185119182 0.415919542 1.0543108 -0.143954664 0.0385128856
    1.18525243 0.0750855803 1.11450744 0.425526381 0.637208343
    0.276014984 0.0609884262 1.12663388 1.3567605 -0.359198093
    1.05170345 1.32571125 -0.0362259448 1.35404432 -0.196387738
    1.36590266 0.0498280227 1.37460434 -0.179589659 0.0920674801
    0.914638281 -0.346994907 0.750090897 -0.189329118 -0.239058107
    -0.35008806 -0.394206405 0.125931919 0.0807671547 1.08468819
    0.249288321 0.53876251 1.19686437 -0.515275359 -0.223405361
    0.393051445 1.21772015 -0.0156316757 0.567199469 1.47847521
    1.45487928 0.870086968 -0.389716446 0.203780949 -0.219919294
    0.00104790926 1.02655268 -0.411611438 1.53568411 0.95732832
    0.839543819 0.543422163 1.33081985 0.776079893 1.28945279
    0.467660367 -0.240340382 -0.487314671 0.0761555433 1.17171729
    0.17584157 -0.22090289 0.899943709 0.386712134 0.885207236
    -0.210439056 -0.0163253546 1.36090899 -0.575834036 1.46290994
    -0.243910521 -0.307461649 0.323721051 0.0598989725 0.0209763646
    1.48421049 0.623069108 0.259364188 1.43014073 -0.518900394
    0.966904938 1.33436036 0.139071047 -0.433335066 1.48119593
    0.116021097 0.662733078 0.530095458 -0.377089739 -0.151480168
    0.849884152 0.977195799 -0.199689835 0.90497309 1.32367766
    -0.528509676 1.10550475 0.899209976 0.572464228 -0.459337443
    0.0420449376 0.292966366 0.984319329 1.2776022 0.637892365
    0.243764341 -0.0364521444 0.628960073 -0.23634696 0.565440357
    -0.480246454 -0.179075181 0.486791313 -0.427994609 0.626049161
    -0.177365482 0.685040236 1.5421797 0.0717589855 -0.44679001
    0.785099924 0.5024122 -0.280407459 1.30751693 1.11727846 1.1784879
    0.463051796 0.845105827 1.37311566 0.102163434 1.27258241
    0.832259476 0.705341816 0.92149049 -0.269937873 -0.465558082
    -0.0147066116 -0.361087203 0.954688251 0.12966162 -0.420853764
    0.726675928 0.597106755 -0.198053807 1.45862567 0.448078036
    -0.468481243 0.30000037 0.719653189 0.876686037 0.184948325
    0.914540112 -0.368015766 1.53105426 0.614492714 0.0766530633
    -0.230454862 -0.415698022 0.410688818 0.223495245 -0.282549381
    0.0550378561 0.334259808 0.75682795 0.625303864 1.04405987
    -0.177340209 -0.363474369 0.603293061 1.15610826 0.847847939
    1.0789113 -0.229497761 1.33240056 1.4244976 0.335567236 0.631560564
    -0.233951509 0.781159639 0.366906762 0.743482232 -0.16166991
    1.07978463 0.391507387 0.830122709 1.09835696 0.463425517 1.37605309
    0.0696937442 0.582640648 -0.403597534 0.897583008 0.0808903575
    1.15991712 0.705912948 0.85387671 -0.113896072 0.821772397
    0.0638632178 -0.181831032 0.367517114 1.07966292 1.28280759
    -0.220847934 0.082981348 1.20325494 0.173154294 0.303206742
    0.764813364 0.729646504 1.30250621 0.12525624 -0.422922373
    0.683797359 0.42148453 0.561024487 1.05485129 1.23999953 0.885856092
    0.517021596 0.171816409 1.02830708 0.45848763 0.659495652
    -0.257029206 0.45069313 0.543648064 0.325556517 -0.183903724
    1.23244381 1.25814247 0.912530363 0.931386292 1.50089538 0.49543649
    1.20880175 0.637452424 0.353110015 0.0461952686 -0.0242469311
    1.3023169 0.734467685 0.145547688 0.845478654 1.24415421
    -0.183667779 1.41568732 -0.584238589 1.48863995 1.46952581
    -0.162058324 1.56828475 -0.22788325 -0.155856401 1.42658365
    -0.09811607 1.10046315 0.263401866 1.16780162 0.711227655 0.72491312
    -0.0744419992 0.0722948313 1.2262001 0.765471637 0.670502484
    -0.238447577 -0.338182747 -0.209600776 1.27953804 -0.433951676
    0.662325144 1.50529182 0.00356912613 0.145991445 0.232935548
    0.570921004 0.0072209239 -0.514403105 1.16997886 -0.373323321
    0.288518608 0.961240709 0.265112758 -0.401640415 0.0945894122
    0.463916063 0.239641666 -0.466064274 -0.506212473 0.876747131
    1.06432891 0.244857371 0.619734883 0.401360333 0.555403948
    0.585132182 -0.217862964 0.59202075 -0.450128287 0.100762427
    -0.473737925 0.0345939398 -0.0477847755 -0.511133254 1.03641438
    1.29505181 0.301902354 0.12723732 0.407790124 0.0517959595
    0.353666663 0.314843297 0.901246309 0.102912486 0.52744323
    0.988398731 1.24386001 0.93017 0.609352827 0.758545041 -0.44455415
    1.30936503 -0.0139376521 0.260868073 -0.0725156665 1.16569757
    0.60618037 1.01116204 0.838267565 1.01942587 0.468989134 0.832113981
    0.976251781 0.0317480564 1.26562071 1.33400846 -0.188237011
    1.06944704 1.40748656 0.839727044 -0.116815418 1.46858513
    0.486199319 1.09112906 0.895221829 -0.237435102 -0.431545109
    -0.458953321 0.677449286 0.527360678 0.421072006 0.370705068
    0.0639634132 0.556300163 0.330479741 1.27283061 -0.0305937529
    1.49623823 0.264089644 1.22428513 0.14357543 0.900053263
    0.0496067405 0.51441294 0.760888159 -0.419767171 -0.227477223
    0.986180067 0.886801779 0.268761337 0.805351257 1.36739802
    1.02230692 0.0757315755 0.649288595 -0.0496887565 -0.0914134979
    1.16329837 0.198140204 1.43709397 -0.023250103 1.44268274
    -0.203187525 0.2325207 0.890750766 1.04543114 0.87285006 1.18933654
    -0.0573220253 -0.34636867 1.04306698 0.94409585 0.734229743
    0.8031317 -0.43094933 1.34633446 -0.24665153 0.391152442 0.721244633
    -0.439977229 0.418667257 1.54237401 0.687753975 -0.185519636
    0.190601408 -0.0660957694 1.12505507 -0.145224959 -0.393085003
    1.00661564 0.104912937 1.47200263 0.0897618532 -0.109633327
    0.0743333101 0.57668364 1.24608314 1.34583628 0.885112166
    0.999710083 -0.202829927 0.222115576 0.130338609 0.42633462
    1.32738686 0.381267488 -0.539726198 0.916879892 0.0139915943
    0.209243596 1.12036061 0.0462165475 0.184795678 0.908061564
    0.677470922 1.0020045 1.37175965 0.850145757 0.635902226
    -0.188666731 0.640796483 -0.210463345 0.616029203 1.02578032
    0.997458458 1.09563732 0.913867772 0.59089762 -0.0693943501
    0.550954163 0.756754339 0.265171707 0.949826598 0.757728696
    0.533796787 0.100168228 0.253172159 -0.190739542 1.04411006
    0.491282344 0.831820071 0.183516443 0.714898586 0.75754571
    1.51582968 0.625576496 -0.244604349 1.50950956 -0.204121053
    1.25505269 -0.414287716 0.0995893776 1.27206159 1.47431052
    1.57816458 1.3204422 1.10647321 0.364278436 0.567156136 0.780042827
    0.650599897 0.55948782 -0.262120783 1.19034004 -0.0315718651
    0.130116284 1.54443014 -0.210162759 0.361950934 0.532402337
    0.444800496 -0.0644978881 0.931228459 1.37217712 -0.461727619
    -0.0854825974 -0.335352898 -0.459557414 1.40601468 0.896462262
    1.27570677 0.271736741 1.31488502 1.1399889 0.902114093 0.0633624196
    -0.380151987 0.265160978 -0.293771207 0.791546941 0.827204108
    0.507323802 1.1396699 -0.00403046608 0.81776613 -0.430110961
    0.509947479 -0.108119845 0.467436969 0.0134330988 1.54020011
    0.198734045 1.0617106 1.14609611 -0.158397704 0.178756207
    -0.434142649 -0.0732345581 0.0144261122 0.294677228 1.02067804
    1.33114529 0.418649912 -0.304902613 0.671601117 1.30430233
    -0.0519589186 0.162052631 1.24751782 0.443583608 0.0491080284
    0.75949353 -0.478432655 -0.00199830532 0.564517677 0.194268048
    1.4559319 0.808519065 0.0792413354 1.5007298 1.18594849 0.0887958407
    0.520066142 1.6023674 0.349880487 0.462178141 0.271074474
    0.584891975 1.20152903 0.240474343 1.49466479 -0.0641888678
    -0.416093141 0.662593782 0.119272292 0.670988441 1.42524767
    0.489072144 0.355760336 -0.513794303 0.296775401 -0.511002243
    1.05801558 -0.305683464 -0.516663909 1.45545423 0.256182551
    1.1673913 -0.532613873 1.1984551 -0.267926931 0.111719072
    0.671566427 0.360672951 0.239762127 -0.609309673 -0.281767011
    0.626970708 -0.235057175 1.45708656 -0.272704154 1.0982151
    0.311031878 1.34907007 0.0879477262 0.486945748 -0.175161242
    -0.435296685 0.231766939 1.48457289 0.304794133 0.122817636
    -0.512483478 0.0385936499 1.18798637 0.664792478 0.952183902
    0.57452631 0.676870584 1.41831064 1.23408139 0.912165165 1.41858673
    0.38363409 1.25961089 0.480963349 1.14454293 0.242681921
    -0.500810623 -0.193824142 0.0487827659 0.870551169 0.0696179867
    1.3614347 -0.061445564 0.488104403 1.27926278 0.91142267 0.446320772
    0.372764468 1.50428128 -0.101810545 -0.0246645212 1.26308346
    0.925608337 0.755755842 -0.133823693 1.3562758 0.2953161 0.863027394
    1.16176796 0.392054319 0.175847113 0.805480063 1.22371387
    -0.439609557 0.901036739 -0.417435437 0.79392755 0.909307361
    0.952119827 -0.465292037 -0.226455867 0.345494986 0.71352905
    -0.149628937 -0.248443812 0.890439749 0.709100962 1.05535519
    0.0994713902 0.649655282 -0.436311036 0.254508615 0.789487541
    1.3443799 0.227907598 -0.358960748 1.34731662 0.1279338 1.06879091
    -0.0106961131 1.33482099 1.51698661 1.08639896 0.558653116
    0.487291217 0.911961675 1.20897281 1.20732188 1.53505898 0.834564865
    -0.0801451802 -0.424071342 0.899764419 -0.116739452 1.06977201
    0.0728732944 -0.230286717 0.15601182 1.43150651 1.10586071
    -0.101854861 -0.151382834 1.30348873 1.19639325 0.0773992538
    1.37730074 0.114096105 -0.354239404 -0.0828606486 0.043523252
    1.44639874 1.2625103 1.25611615 1.13939512 0.390762448 1.40096664
    0.704100013 0.841846824 0.455979168 -0.178552151 1.46798694
    -0.495771021 0.543250084 0.904092491 -0.420925528 0.580869675
    1.08843517 1.15798712 1.33493471 -0.0684820712 -0.138092965
    0.555117548 0.736460924 1.04500997 1.02170992 -0.288670361
    0.804780245 0.719053268 0.447326362 0.00239533186 -0.133821428
    0.572693646 0.375714302 1.04399323 0.657333612 0.207657695
    1.44000983 0.536881447 1.41657996 0.0231368542 0.541670442
    1.42269444 1.3028295 -0.362743616 -0.384379804 1.39193976
    0.318230927 -0.414619237 0.332377195 1.4996798 -0.539772272
    -0.34476012 1.05338788 0.570101023 0.736626029 -0.266860485
    0.171843529 0.259280682 0.848174572 1.20755124 0.983630896
    -0.0382927656 0.677393377 -0.469929725 0.204972148 0.500045657
    -0.483184248 1.55497515 0.397130072 1.15660453 -0.0107502937
    0.923081577 -0.312282711 1.01482534 1.07033503 0.716231644
    1.36376119 0.782410383 0.770290017 -0.14606002 0.169340968
    0.539954066 1.30218971 0.597875595 0.89549762 -0.100075543
    1.47257853 1.27695155 0.668122768 -0.14625746 1.30397415 0.156301498
    1.11713767 1.0417217 0.143017292 0.370231688 0.103819847 1.28291464
    0.845704794 1.29153812 0.374723673 -0.221278787 1.19187319
    0.0040564537 -0.453874886 0.144271135 1.44239771 -0.375786304
    0.462225974 -0.293671966 0.762745678 -0.102445573 -0.465766102
    0.718054354 1.45301509 1.25318074 0.0543565154 0.299525082
    0.952278793 0.905078888 0.893998146 -0.160142571 0.274956107
    0.389931738 -0.187448412 0.647925258 1.21069872 -0.536972642
    1.01034963 -0.312920928 0.213292122 1.08149564 1.10556889
    0.682936907 1.40345764 -0.587929428 1.0715301 1.2889328 1.31977415
    0.230165839 0.935350597 1.09926724 0.39680934 0.112556636
    0.0827259421 0.533337355 1.22232032 1.24165368 -0.0927500725
    0.490229726 1.03844285 0.82812041 1.50285697 0.914663672 1.40886128
    1.07883263 -0.518491566 0.575992048 1.05874968 0.931528986
    0.764155805 1.46516418 1.38690925 -0.541588068 0.114069939
    -0.434989393 0.60780406 -0.280517876 -0.157383323 -0.494351715
    0.152049065 -0.348775148 0.245420516 1.37577105 0.889358878
    1.27281761 1.34978914 -0.0429359078 0.269839108 -0.0869908631
    0.687413394 0.503901243 0.431660593 0.898302019 -0.391833305
    -0.309221148 1.06138396 0.600662827 0.467607617 0.0587792993
    -0.396854341 -0.46726802 0.998097777 1.32690394 -0.433003575
    -0.176844895 0.985266924 1.46648097 0.710558653 0.232942104
    1.47467196 0.233668566 1.38086474 0.431168854 -0.388994455
    0.697238088 0.920886576 0.433856726 -0.274454832 1.08056033
    1.00133419 -0.142547965 0.453462481 0.324618518 0.593776226
    -0.384333909 0.44511044 0.781488478 1.54055309 1.24696124 1.05194676
    -0.335491806 1.28478026 0.611587942 0.185905278 -0.107122719
    0.594750762 0.916615486 1.05219996 0.85436213 0.698424101
    0.860615015 1.51107955 0.605329752 -0.316739559 0.858156264
    0.761172533 -0.493027508 0.814211547 0.81253159 0.67490375
    0.912845552 0.6114555 -0.448573828 0.469295621 0.976914763
    0.402881026 1.08466125 0.607938051 -0.25536558 -0.36856851
    0.386525571 1.11178279 -0.473027259 1.00755584 1.10870862 0.67300123
    -0.159580141 1.09994102 -0.466618896 0.495339036 0.888660014
    -0.223225743 -0.457608044 0.477070451 1.08682013 0.418819666
    0.595836401 1.17575622 -0.204499781 -0.552379727 1.488464
    0.915290773 -0.051248312 0.0163128972 -0.00064343214 1.09480774
    1.5447439 1.17316461 0.678554535 -0.164537251 0.268447638
    -0.201624781 1.51900244 1.70049882 -0.0235099792 -0.286653459
    0.22860837 -0.422902286 1.17005849 -0.3185938 0.494659245
    0.0576221347 0.106711268 -0.0124977231 0.959248602 0.378150225
    1.00194347 0.953055739 1.07402039 -0.508378625 -0.385121375
    1.36376119 1.45445991 -0.24900046 -0.405464739 0.0783118606
    1.44558096 0.764474154 1.30275178 0.707220793 -0.227253735
    0.431800961 1.2003758 0.48800391 -0.348648548 -0.500326931
    -0.449052513 1.57877314 -0.344699055 0.226166308 0.131263316
    -0.102444291 0.469454706 1.5224973 -0.115560174 1.21363831
    0.281323671 1.03227484 0.162580669 1.26602364 1.43542671
    -0.149207443 0.372119188 0.0164679885 -0.0729195476 0.118295252
    0.842988014 0.275095612 -0.273994386 0.220130205 0.107800961
    1.23390317 0.297032714 0.418434739 1.41988516 0.69861573 0.460878909
    0.526024461 -0.198300034 0.0466153622 -0.430720419 1.26862717
    1.48724365 0.208562791 0.769169331 0.637112617 0.515462339
    -0.558088541 1.18693304 1.43309629 0.350981951 -0.0688147545
    -0.310046017 0.643814445 0.437141091 0.105955511 0.727483034
    1.59592891 1.08800387 1.05376506 0.44678092 1.32161117 -0.0922128856
    0.733600914 1.26119781 1.48967493 1.14091921 0.320985079
    -0.305546194 0.413589358 -0.318574667 0.940168023 1.146667
    1.40665054 1.38045645 -0.289150447 1.43340576 1.38903332 0.855243504
    0.264259338 0.685497701 0.998172462 0.329586923 0.598109424
    1.20238996 0.00129455328 -0.0142362118 1.06631422 0.636206686
    0.38502115 0.184511483 -0.00243395567 -0.481811821 -0.543126702
    0.61381036 -0.237724662 1.15552831 0.166117966 0.10833323 1.33564091
    0.565190256 1.35777211 0.805412889 1.32300258 -0.337827086
    0.994144499 -0.0230078101 1.05441916 0.900073588 1.08719027
    -0.0444688201 -0.458949685 0.326280534 1.38293815 -0.0961747169
    -0.000583529472 0.268062592 0.584852934 0.656542242 0.524363458
    1.46487117 -0.0278148651 0.358327091 -0.0857831836 0.0634771585
    -0.193365455 1.46585548 -0.164800614 -0.245834082 0.411458731
    0.0475980639 1.41922593 -0.388384521 1.01441956 1.00667334
    0.584170043 -0.288354635 -0.0709690154 0.0144445896 -0.11760357
    0.873217225 1.01701069 1.00088131 0.699126303 1.50630629
    -0.435303569 0.430874109 0.486861467 0.236722112 -0.10408169
    1.26941764 1.06119943 -0.404031694 0.477021933 0.844209075
    -0.277180165 1.48697972 0.256644785 -0.288498729 -0.0477229953
    0.914543986 0.423492789 -0.471366525 0.792687654 1.05828738
    0.849135637 0.161752939 0.197614074 1.1748302 -0.13908112
    0.598162889 0.323407888 -0.422562599 1.05877054 0.55301106
    0.558213115 -0.480748415 -0.111891866 0.363107979 -0.0880346298
    0.57033211 0.0916478038 -0.486522853 -0.228465706 -0.00836402178
    0.515314162 0.0671539307 1.52179599 -0.0726212263 1.07532144
    1.44175172 1.24140787 -0.57395488 -0.381297052 0.627127707 1.2528795
    0.686083198 0.8819893 1.422943 0.986869216 1.4210465 0.323643506
    1.14449632 1.13243508 0.98371911 -0.22092846 0.699167848
    0.0647473931 0.237706482 -0.00598418713 0.224703968 0.168407142
    0.677368581 1.39553976 -0.523918569 0.784588814 1.30298877
    1.09899294 0.465695322 1.34698176 -0.373203754 0.340822518
    -0.417581707 -0.0217176378 0.617523789 1.26128161 0.825020373
    0.118184596 0.00304988027 -0.032332629 0.976127744 -0.137949318
    -0.178835005 -0.145528078 1.0649631 0.280608594 1.21262836 1.4384619
    0.313690543 -0.0680448413 1.35877216 -0.369068712 0.0255236626
    1.15494823 -0.488969773 -0.0026679039 0.495321393 1.43122411
    0.112416744 0.685205102 -0.231200308 0.572849631 0.554963231
    -0.398290485 0.242545605 0.958141685 0.492856979 1.19038785
    1.19062507 -0.394939303 -0.512521803 1.01865005 1.26410365
    0.683549821 1.20375717 -0.494606316 1.06792617 -0.357285023
    -0.186371952 0.589216232 1.20640135 -0.379390746 0.747894228
    0.30757153 -0.340537101 0.279115617 -0.000150620937 -0.452193588
    -0.0797733665 -0.207568824 0.571354747 -0.0656523407 0.0423820615
    0.662475705 0.0652968884 -0.143426478 -0.232152641 0.528113604
    1.22441792 1.32356584 0.381392002 -0.498697817 0.360383332
    0.478233755 0.404376566 1.41215563 0.134664237 0.715924323 1.4019258
    0.807465732 -0.448437572 1.04182839 0.417884648 0.624138832
    0.681265116 1.38429308 -0.268956721 0.541850686 -0.27567035
    1.18460357 0.000995904207 -0.417833745 0.173767507 -0.119592935
    -0.368753582 0.589804769 1.26897788 1.25248408 0.20525074
    -0.466367275 -0.0170425177 -0.389278471 0.906955898 1.3281579
    -0.17629993 1.459131 0.704304338 0.0273774862 0.707275808
    0.0947003365 0.319219112 0.722636282 0.806084871 0.188429058
    0.0986362696 1.0418942 0.930550575 -0.445304513 0.290160835
    -0.584663272 0.741098523 0.680107951 0.819097161 1.22488379
    -0.0812054873 1.12306809 0.583669186 -0.497529685 0.216371238
    -0.416020691 1.03784704 1.40618801 1.33957028 1.01071036 1.37660396
    0.0812477469 0.44629997 0.126468301 -0.488925487 0.330152094
    -0.163441598 1.42484903 0.353058636 1.12910509 0.643765092
    -0.348570049 0.666467667 0.201549947 1.56924999 1.25154805
    0.0259643197 0.0575610995 0.931557655 1.0851264 1.2595098
    0.927784443 0.416450918 0.641954124 0.815941572 0.845232308
    1.28511572 0.547470987 1.49948335 0.734029889 0.0976455808
    -0.094987154 1.14722073 0.101137161 -0.330454707 1.37052512
    -0.264256954 -0.254326165 1.41153622 1.31283641 -0.387727946
    0.458433926 1.1918056 -0.412315249 1.14427388 1.19827461 0.366438985
    1.36728323 1.25428498 0.361473083 0.946695387 0.352964759 1.27691257
    1.09948277 0.667299926 1.42055988 1.302917 -0.4437024 -0.53350538
    1.49412036 1.31948876 1.17660379 -0.101004839 -0.0794526637
    1.17402458 0.0617462993 -0.511251271 0.336709559 0.881684661
    1.29538453 0.958515167 0.219448149 0.716707468 -0.499989688
    0.640495539 -0.178137511 0.225284159 -0.0493997335 0.318584442
    0.00345224142 0.50464505 1.18019724 0.590578735 1.0704776
    -0.260602474 0.193737239 -0.339236379 -0.0699427128 1.37301469
    1.32876813 1.48883092 0.775934458 1.21811664 1.21832776 0.585024714
    1.3956399 0.958809197 0.106500685 0.442314684 0.350266278
    0.136879981 1.49419808 -0.0472740531 0.271445096 1.39563656
    0.475077271 -0.0116228461 -0.135513365 -0.0743400156 0.490633726
    1.25185263 1.37468123 0.884176731 1.29926062 0.0276249647
    0.223522902 1.44769955 0.376240849 1.12595499 0.5685938 1.01463711
    -0.0201252699 1.34952521 -0.233384579 -0.0516116023 0.467486143
    0.812406659 -0.287416548 0.821042836 0.497602046 -0.0382707119
    0.191779017 0.972248852 0.301229984 1.25719988 1.30610919 1.53231072
    0.482209206 -0.420840681 0.685756326 -0.299788356 1.39781022
    0.236556023 -0.335288465 -0.261907399 0.168339014 0.290700495
    0.400986284 0.202956945 1.56462455 -0.238687396 1.14939237
    -0.0177778602 0.106134295 0.955558538 0.126412392 1.48881924
    1.11152554 0.561087012 1.40208793 -0.0584697723 0.950981855
    0.554732502 -0.166788608 -0.520386994 1.03556514 0.843169451
    0.259151757 0.640998363 -0.28665328 0.52744174 1.30941677 1.32512665
    -0.367673814 0.522880614 0.78350091 -0.164420515 0.725702584
    1.58419704 -0.334086359 0.576007783 0.215877295 0.12594229
    1.40618026 1.45099664 -0.261192322 1.10641718 -0.429393888
    1.30816126 -0.262336493 0.211314023 0.856250584 0.949638009
    -0.47060892 0.135331452 0.628720284 0.744074345 1.28631306
    0.382582188 1.37204909 0.985357642 1.39140368 1.19038796 0.898355007
    -0.0854367316 -0.0325909853 0.0132540464 0.553319991 0.701781094
    1.49477696 0.889568746 1.37130809 0.0761177242 -0.342524469
    -0.0917808115 -0.223991916 0.929496408 -0.197716534 -0.0704868138
    0.0377635956 1.16021979 0.723692656 1.02546048 0.344014585
    0.627993584 -0.0930624306 0.749838531 -0.293366909 1.49441147
    -0.222666323 -0.528627098 0.0105091333 0.170824409 0.449808896
    0.96789968 0.417787671 0.196464896 0.0916033983 -0.271852911
    1.49440193 -0.410330415 -0.220043063 1.09117866 1.47876 1.35457134
    0.919341624 0.196790338 -0.231896102 0.721013188 1.1666131
    1.47433496 0.0102221966 1.3825382 0.852027714 0.0878661275
    0.908215523 0.937080383 -0.305181444 -0.50411433 0.241557777
    -0.0307684541 0.395974338 0.0107786059 0.408016205 0.148164332
    -0.446132809 0.819845617 1.39279366 -0.293972731 0.155807674
    -0.370402902 1.41974854 0.954394162 -0.470200658 0.254105508
    -0.207781762 -0.316852808 -0.418314457 0.727857471 -0.427655458
    1.00862455 0.437445462 0.491526008 0.699489594 0.156775534
    0.738287568 0.838531971 1.13590312 1.38296223 0.597893059
    0.635791838 1.31218016 -0.467379421 0.196835101 0.140073836
    -0.482764184 -0.103095323 0.239626706 -0.305114031 -0.407462537
    -0.313980103 -0.402821541 -0.396262527 -0.425896257 -0.0374849439
    1.3848772 0.656750619 0.108458817 1.37077987 0.101879358 0.743249774
    0.379335642 1.13435912 -0.00264424086 0.543994009 1.51507664
    0.631032228 0.469678521 0.212453425 -0.437877059 1.00165784
    1.10594273 1.46422958 0.590273559 1.12657666 -0.543155909
    -0.198076963 1.45244229 0.407351375 -0.0996457934 -0.248011023
    -0.374142319 1.19192147 1.37513232 0.424480975 0.794026613
    0.266168296 1.53485131 -0.448125988 1.34619617 0.682511508
    1.24659979 0.204468012 0.285229564 -0.202824235 0.45729053
    0.578952432 -0.462707818 0.33793211 1.21164918 0.746167243
    0.543018043 -0.0404030085 -0.0521956086 -0.159317434 -0.182921827
    0.737062573 0.897070229 -0.179190397 -0.266904414 0.604424298
    1.04857111 0.33603549 0.0307943821 -0.119035959 0.286241293
    -0.290447652 0.151674628 0.560295641 0.208440661 0.831342936
    -0.489621073 -0.235000551 0.981933832 1.4375484 -0.566915691
    0.162899256 0.065933764 0.075486958 0.209701657 0.794396162
    0.190330923 1.19212925 0.323983788 1.56965101 1.6742053 1.3721348
    0.296629459 1.59478307 0.55538106 1.41969085 0.101813138 1.39103115
    1.00885916 0.360427618 0.37575382 0.87029767 -0.457657158 0.76075536
    -0.139348179 0.230252177 0.0475088656 1.30043149 -0.252960324
    -0.0829412639 0.317684948 0.253150105 0.174236536 -0.262974083
    0.222754836 0.394922376 -0.16116482 0.43430829 0.119811714
    0.278268397 0.470640481 1.18283117 1.39882624 1.38459754 1.09589076
    0.897479892 1.15161526 -0.479368865 1.21619678 1.31738162
    0.245411932 0.780141354 0.889751792 0.741248369 1.2540009 1.09129214
    0.211673021 -0.111062586 0.122250021 -0.0284970999 1.21446753
    0.131400883 0.471999466 1.32409644 -0.200521916 1.14341068
    1.35919249 -0.135180146 0.58654505 -0.128546178 1.01832795
    -0.0394104123 0.723334551 0.951541662 1.45281577 1.14765215
    1.01727259 -0.481042266 1.14235985 -0.00478106737 -0.138757259
    1.03352308 -0.107499003 1.06352341 0.179368615 1.08310986
    -0.311804712 0.202653706 0.631074548 -0.152042896 0.843748152
    0.79889369 -0.17410484 0.730557919 -0.0474500954 0.0648390949
    1.21606565 0.517772496 -0.0315360725 0.151878804 0.252370417
    0.484597504 -0.118898273 1.37331033 1.32487559 0.0910353065
    1.52634394 0.304677963 0.235984564 0.182823181 0.262438357
    0.931583524 0.854564846 0.286018372 -0.100497544 0.23942256
    0.216786146 0.716971099 1.12957621 1.11960769 0.135613501 1.31181824
    1.25791311 0.645233274 0.640653968 0.174386382 0.348034322
    0.972323656 -0.246834069 0.286203146 0.898292124 1.4732635
    0.176553428 0.618496001 0.997930765 1.26791704 0.559640408
    -0.48587203 -0.0887662768 0.0339568257 -0.44723165 1.10532272
    -0.192359328 0.405487955 0.926613212 -0.465727568 0.95370996
    0.885558784 0.31757468 -0.158734977 0.739988983 1.56612206
    0.373940587 1.39781368 -0.445144922 1.46511483 0.517570436
    1.24068093 1.24303699 0.516504169 0.991680861 1.13276792 0.322792947
    0.5503878 1.45681214 1.01864076 1.14017498 -0.291118383 0.703260779
    0.82648629 1.50535202 -0.292379826 -0.156985641 0.360440493
    1.15266538 -0.107665241 0.571499944 0.739675343 0.717652202
    1.12277532 -0.0951382518 0.917783201 -0.312433928 0.741306484
    1.54720306 0.0073197484 0.536929965 0.376637757 0.326458156
    1.42701602 0.219966531 -0.241501361 0.645961285 0.415939212
    1.15981269 0.953053236 0.326014638 0.928944409 0.252778471
    1.31395435 0.346015751 0.0187268853 0.0267407298 0.860153556
    1.31303191 0.0685811043 1.06173086 1.16528797 0.423173964
    0.932099402 0.665301681 0.584990501 0.441963494 0.564363539
    0.843784213 -0.253682315 0.173577428 1.53382027 0.493525088
    -0.0070464015 -0.396653771 1.15523422 -0.35186404 0.723126233
    -0.0806814134 0.109022141 -0.0240966082 1.39399266 1.2077533
    0.587663651 0.934327722 0.824768782 -0.465228736 0.659690976
    -0.237439632 1.23088002 1.45925188 -0.318697989 1.48991811
    -0.199117422 0.759263396 1.52183247 0.578354359 0.95475471
    1.21632981 0.814778209 -0.194678485 1.05202472 0.174698651
    1.05800843 0.702184021 0.421450615 -0.162758678 0.227214634
    0.325729191 1.50829935 0.552652717 1.11173558 0.180439234 1.26395988
    -0.0105635524 0.906193495 0.247558773 -0.0707800984 1.40869737
    0.0701802671 1.7423737 1.64868295 -0.235601708 -0.31183058 1.4091804
    1.30904388 -0.335223168 1.27620673 -0.0513595045 -0.213617325
    0.0672806501 -0.329956502 -0.136921585 1.28594613 0.336018592
    0.611561656 0.616677523 -0.0671925247 -0.0552130342 1.0473069
    0.786023378 1.55462253 -0.379179537 1.16188717 0.924896121
    1.37384713 0.964972377 1.24424744 0.86784339 1.29407263 1.00293398
    -0.562207103 -0.291876972 0.863566518 0.340761542 0.367791712
    1.31716514 -0.454067707 -0.379514098 0.492509127 1.37178445
    0.835268319 1.0845902 1.43076158 -0.129592597 -0.096152544
    -0.412879556 1.12868714 0.395863831 0.399190903 0.226948917
    1.15374446 1.45440996 1.04910111 0.760302424 0.51856339 1.38592887
    0.542333305 0.426296175 0.275009334 0.286783457 1.11825919
    1.43783474 0.712299585 -0.29271239 0.785011709 1.12386942 1.31773162
    0.974047363 0.144067883 1.11011839 0.777169049 -0.169081181
    1.24897015 1.06041837 0.723457575 0.416336119 1.36120498 0.427136719
    0.29366219 0.361016095 0.617317557 -0.355258882 -0.179942459
    0.31745106 0.00631946325 -0.359643042 -0.297387123 0.303133726
    1.15920675 0.591837525 0.228382409 0.147996724 1.34315836
    0.570340276 1.3226819 0.469818532 0.136215091 0.845233321 1.35433936
    1.16526127 1.27263141 -0.488687783 0.599582016 0.916034758
    1.26617622 0.670796275 0.926614463 0.488849521 1.13157785
    -0.278115511 0.735997736 0.272675335 0.420309305 1.11085153
    0.0962053537 1.10898805 0.138694584 0.964568079 0.458396137
    0.331971705 0.789809883 1.28529549 0.681670606 1.37038612 1.52428877
    0.271306336 -0.0171926022 0.766474724 -0.30932796 0.793612242
    1.3499788 0.173367769 -0.390475929 -0.241118342 0.0157284737
    1.32653177 -0.144793659 -0.0955967903 0.909979761 -0.103273988
    0.638202429 1.34915614 -0.061308533 -0.416438669 1.36995101
    -0.232886702 -0.325820595 1.15707827 0.843126357 -0.0687714815
    -0.501375079 -0.230159968 0.162775159 -0.0489227772 -0.141103685
    0.41808933 1.07488537 1.25296307 0.511890352 0.16757369 0.203728437
    1.17651534 1.28921545 -0.0804866254 0.484600604 0.835445225
    0.115658522 0.592434764 0.915959477 1.3395412 -0.401578963
    -0.260358661 0.181244731 -0.156360328 0.563635409 -0.132359117
    0.554439843 1.45107865 -0.437150061 -0.405173272 1.018538
    0.914396465 1.37184048 0.142255008 0.597645342 1.07295895
    0.809951663 0.218576074 1.08038211 0.0215350986 0.59371531
    0.88456136 0.663932562 0.450330257 -0.354557574 1.4327836
    -0.0249446034 0.519352853 0.220034182 1.02156568 1.23137081
    0.607960343 -0.211943239 1.26109314 0.847717643 0.972453058
    -0.386382997 0.189020097 -0.322492599 0.575130343 1.44280803
    -0.422091007 0.894016445 0.492979646 0.370562673 1.36163545
    -0.322499782 0.533150017 -0.150294423 1.08447886 0.991272926
    0.0713815689 -0.544073343 0.483493507 0.979924619 0.783264697
    -0.309554696 0.716282606 -0.327540368 0.135466933 0.372862697
    0.441933155 0.743673682 0.920668066 -0.0542171597 0.299155414
    1.50791383 0.547720671 1.49699032 1.06120288 1.35330057 0.391990244
    -0.232208133 0.790969372 0.574998736 0.657248855 -0.508881986
    0.56992501 1.0535332 0.967701018 -0.287144423 1.3651309 1.02364695
    0.406124592 1.31433892 -0.31081 0.919859409 -0.35323292 1.13047934
    0.970208406 1.23731554 0.771742404 0.160100162 0.992246926
    0.796447039 0.972178221 -0.469111681 1.16619742 0.18839556
    0.0634610951 -0.196024626 -0.0652366579 0.633322954 -0.0524205863
    0.712705374 1.13351977 -0.424596578 -0.542545438 0.584417224
    1.04913402 0.345549047 0.712622702 1.21857929 -0.215313792
    1.33746243 1.47429681 0.630123019 0.595537424 -0.465008497
    -0.146542221 0.393473029 -0.190494537 1.55603397 0.837661564
    1.07192779 1.46759737 -0.392086804 -0.295808017 0.742540717
    0.988087296 -0.0396394134 1.09054756 0.343542963 -0.411993146
    -0.323021293 0.413758397 1.49107909 0.922104359 -0.265024811
    0.720906198 -0.32329464 -0.0827921629 -0.522390246 1.33438134
    1.10547113 0.435272455 -0.341353834 0.429783046 0.848340213
    0.295607626 -0.249565482 1.31345582 0.347828388 1.39386988 1.0849793
    -0.126849443 1.19644356 0.798282146 0.198549151 0.686334431
    -0.451912731 -0.257346123 0.244456172 0.654968262 1.02441597
    1.33296287 1.00110388 -0.463692993 1.29336977 1.00598037 0.895334601
    1.32672596 1.06938243 0.91842103 0.196701854 0.1817379 -0.396648437
    1.36262167 -0.202705503 -0.471680164 0.53423351 0.90502739
    1.33811736 1.26893795 -0.0104991794 -0.410327613 1.43102205
    -0.52191931 0.583286583 -0.312481791 -0.362609088 1.0177865
    0.000755548477 -0.410339773 0.695981145 0.742630601 0.419580519
    0.0495372415 0.165132821 0.116277337 0.990400612 -0.184942782
    0.961013675 1.21192598 0.765196502 0.229873717 0.58402741 1.39825106
    -0.324001193 0.0772232413 -0.210457593 1.13544798 0.61462146
    0.507556796 -0.193696827 0.87654233 0.632472336 0.203667223
    1.02832699 1.40520406 0.943605959 -0.447572291 1.08515763 1.09818983
    1.46210432 0.379325449 1.30823696 0.144238353 -0.177927405
    0.0349576473 -0.0333519578 0.35782516 1.24162853 0.670807183
    -0.29892239 1.26688552 1.2361064 0.701029122 -0.146857321 0.98101753
    -0.161342978 0.526423514 0.292307973 -0.0252162814 1.20390654
    -0.330715001 0.743655384 -0.32985729 -0.0660354495 -0.016047895
    1.40365696 0.120023549 1.50738335 -0.238026649 0.939971745
    0.287591279 1.55107713 0.6559003 -0.398371577 -0.348494381 1.3056761
    1.22153378 -0.535060048 1.29296994 1.14695883 0.478641987 1.27135479
    1.29041398 0.523763478 1.21173739 -0.619481385 -0.59874779 1.1140666
    -0.556820691 0.032741487 -0.0565773547 0.95386076 1.57198441
    -0.0464189053 -0.37675935 1.28339958 0.126280665 0.49542892
    -0.259390354 -0.524294853 -0.158717692 1.15423679 1.43764579
    1.1530025 0.679613948 0.593525052 -0.041719079 0.166366756
    0.760581315 0.136871159 1.5858686 -0.183023334 0.0268939137
    -0.394516289 1.41919446 0.958625555 0.218317568 0.608723223
    0.527834654 -0.206307888 0.997645557 -0.340411663 0.0747128129
    0.812146187 1.52769828 -0.0589421093 0.056248188 -0.440137863
    -0.0532524884 -0.328222752 -0.209627986 -0.165015191 -0.380256772
    0.0628631413 -0.457679391 0.961990535 0.809675455 0.27883476
    1.50450587 0.206446886 1.43942118 -0.0425235033 0.45297724
    0.503112912 0.987169921 1.02115655 0.473839223 -0.446223199
    1.44837809 0.447123528 -0.231075227 1.29620647 0.165510833
    0.593448222 0.800153971 0.660844207 0.963202119 1.23639393
    -0.0668726563 0.183010459 -0.0153604746 0.993277371 0.923403144
    1.07069421 0.554163516 1.24037266 -0.130387127 -0.309096515
    1.58093333 1.368927 1.55042744 1.1862061 -0.439577758 0.681097507
    0.0360114574 -0.262499809 0.830415964 1.11021507 0.0277406573
    1.03414726 -0.512117088 0.973416209 1.39927316 -0.23655498
    0.272533774 1.2465899 -0.372934878 -0.0714598596 1.16354442
    -0.0312919617 0.278247237 0.0909295082 0.323306262 -0.119679689
    0.379992068 -0.117200494 0.230109334 0.355285048 0.445730448
    -0.0419370234 -0.205828249 -0.0219267011 1.04290366 0.206515491
    0.361115068 1.58317935 0.413217366 0.667631567 1.16828394
    -0.28559947 0.739591181 -0.0635822415 0.56431073 0.813910365
    0.474585354 -0.163811862 0.915974855 -0.318724006 1.50031185
    1.32224536 -0.340246201 0.803163409 0.262714803 0.633451819
    0.0740777254 1.02890873 0.605713964 0.961556673 0.815658212
    -0.232528776 1.02704787 0.0494841337 0.037430048 -0.0653814971
    1.51065946 1.43694651 0.799771786 -0.364095241 -0.498506606
    0.66637373 0.965559959 0.454960465 0.20272693 0.311805308
    -0.461311996 0.948296845 0.0251940489 0.791900694 0.348818064
    0.695634604 0.409645796 0.089864701 -0.0945438743 0.817726195
    0.714390934 -0.291880786 0.99583602 1.02008665 1.46819139
    -0.376891375 0.895560384 0.527751923 0.783695459 0.504933417
    0.41969955 1.16669548 -0.272256315 1.04970336 -0.373155713
    1.41051579 0.730960786 0.622669101 0.612742007 0.465953887
    -0.00930517912 1.21984136 0.565150917 0.0530388951 -0.534199655
    0.449517906 -0.226430476 1.53919148 1.48237288 0.0823857188
    -0.00709551573 -0.0314433277 -0.435380667 0.749244452 0.310673058
    1.4387629 -0.0767360926 0.134471357 0.107372344 0.393660784
    -0.259604514 0.229376972 -0.170798898 -0.0364836752 0.994594812
    0.363782763 -0.280287713 1.51151693 1.20456052 -0.413085401
    0.270799935 1.48796773 1.14593065 0.928135455 -0.440278918 1.3065064
    1.1515882 1.40624392 1.40490341 0.405131698 0.908725023 -0.489755511
    0.757006526 -0.340885282 1.25907171 -0.102070242 0.269177258
    1.21590185 1.17148829 1.33935869 0.362202585 -0.339053333 1.19711471
    0.66929698 0.785797119 0.862702191 -0.416954279 1.41121888
    -0.053540647 1.06158066 0.457342923 0.463417232 1.39816773
    0.246680915 0.823335648 1.30427003 0.0474675298 1.47913933
    0.513597608 0.680681884 -0.0634403825 0.532511175 1.08298182
    0.725631595 0.0812993646 1.30505276 -0.119755298 -0.170464754
    0.412725389 1.36439514 1.4487139 -0.235019207 0.267953038 1.19999981
    -0.541594505 1.17204952 0.985016942 0.522149444 0.132137418
    1.49169898 0.612732947 0.614337564 -0.21989727 1.05418944 1.25061226
    1.41226006 0.791149318 -0.269665897 0.158103347 0.849211633
    1.13189971 0.391811132 0.896751225 1.27355051 0.466253638 1.35744047
    -0.0513888001 1.14991999 0.382534623 1.47396183 0.907730222
    1.02230382 -0.137598574 1.37414885 0.317059129 0.402148157
    0.640373349 0.357819557 0.810456753 0.194129109 0.990768731
    0.189991355 0.409887433 0.178599298 0.187489927 0.298281014
    -0.0751772225 -0.284921288 1.05765772 1.37731147 0.740118384
    0.650027812 -0.114373267 1.03850543 1.30415654 0.381446064
    0.383936912 -0.0628049672 0.369473487 1.1689707 1.48303735
    0.0154200494 -0.222579211 0.605351329 -0.518242836 0.981037259
    -0.385582447 0.517750621 0.210148394 0.526405513 0.368598402
    -0.0306514502 1.43605685 -0.0776558816 0.50631547 0.779282689
    0.364501119 0.926877141 0.923543513 1.22598994 -0.452480793
    0.347623527 1.16810787 0.508372486 0.931773245 0.106034219
    -0.387919247 0.578588963 -0.414881408 -0.396991313 -0.170271993
    1.53657866 -0.50926733 -0.347508192 1.21949291 0.285519361
    0.390836358 0.919436097 0.967475057 0.0412769318 1.04060197
    0.258125424 1.2770443 -0.260300219 0.246766001 -0.198036343
    0.175549507 -0.292791963 0.336793184 -0.464054912 -0.246688604
    -0.269072473 -0.180918604 1.05654073 1.14107442 0.550332785
    -0.107720822 -0.0476728678 1.17901826 1.04645419 1.11790109
    0.273348391 -0.264045 -0.298126638 0.545952499 1.29371595
    0.391898751 -0.105210662 1.33745849 -0.4580338 -0.105803788
    -0.506558657 0.308766067 0.879566908 0.283934236 -0.151074946
    0.282542944 1.39807987 0.470341086 1.28584695 1.54231668 0.743970275
    -0.402956426 -0.144221932 0.260548681 0.82670182 0.464588225
    -0.441588998 -0.357580334 -0.261905372 0.180541664 -0.266819537
    0.0187150836 0.0646716058 -0.11302042 0.336621165 0.807265103
    0.780430615 0.344982505 -0.0742975771 -0.230934054 1.25746036
    1.23446441 1.17335153 1.44591022 -0.270701766 1.20932388 0.944097281
    0.1780563 0.0354731679 0.271831512 1.23574388 1.35118055 1.22039914
    1.44536555 0.423242331 -0.0331010222 0.421295762 0.252022862
    0.27953434 0.782673597 -0.498334855 -0.0769763589 0.109950244
    1.07543194 -0.340423882 0.803723216 -0.227980435 0.402830541
    0.885290802 1.41918528 0.759184778 1.22297561 0.804962575 1.49336028
    0.0528250337 -0.266651869 -0.115289718 0.454538286 1.4146142
    -0.455174327 0.609244764 1.3658185 0.889203668 1.08543897
    0.266144693 -0.022302866 0.278396904 0.356780589 0.890370131
    1.49403548 -0.331641406 0.727681339 0.964546204 0.970132351
    1.03118896 -0.240388393 1.21113575 0.739416838 0.00150549412
    1.3106246 0.570512056 0.733460486 1.24357653 0.299843609 0.204648614
    1.00910974 0.80659914 -0.247602075 1.39773393 1.06649423
    -0.449196845 1.25859213 0.522084832 0.836888313 -0.0469210148
    1.02315331 1.4455322 0.976922214 1.1845938 1.04846787 -0.585795403
    0.77365005 1.23925877 1.14977455 1.44536471 1.28122234 0.561695397
    -0.36218369 1.33472681 0.300371557 -0.074903816 -0.206418127
    0.0203124285 0.944786429 0.449606478 0.399876118 -0.489645541
    -0.0947982073 -0.549604595 0.84562093 1.41503739 -0.387911618
    0.525427639 -0.535557747 1.10591507 1.15503752 0.174227655
    -0.33320725 0.304826677 0.725809991 0.139959037 0.368948817
    -0.141650289 -0.00855875015 0.0773411393 -0.450323045 -0.465120941
    0.989623129 1.19759643 0.0793627501 0.670083284 1.33972955
    0.916094244 0.758528054 -0.0990278125 0.248686552 0.562448561
    -0.309740067 0.865203977 0.285019219 0.381779104 -0.091781199
    0.373038471 0.166756928 0.858549654 0.38790679 0.267458797
    -0.196430296 -0.19192636 0.693261921 0.0494733453 -0.316413045
    -0.0456498861 -0.308464855 -0.397395343 1.43113136 -0.325256228
    0.486159444 0.477076948 0.465020478 0.391754031 0.780040145
    1.46015024 -0.0895712078 0.765847683 0.727378905 1.22873497
    0.57511425 0.0988439918 0.301681638 0.117928088 -0.328414381
    0.0262282491 0.837939262 1.09407079 -0.385980368 0.0531961322
    0.0567698479 0.161134243 0.187041402 -0.174261093 0.77180779
    -0.46326527 -0.332368046 0.60752821 0.751545906 0.825721323
    -0.0268945098 1.18898594 0.914131641 -0.252109736 0.816153169
    1.37589598 -0.106862009 0.100209534 -0.0506978631 -0.517920315
    1.09409785 0.502968967 0.993490696 0.912286878 1.12200677
    -0.511707187 -0.37678656 0.283606172 -0.202899635 -0.437036932
    1.12175703 -0.00176087022 0.932139933 0.760152161 1.2845993
    0.896665215 0.235158443 -0.259358585 -0.293532521 -0.18201068
    0.534139395 0.433298767 -0.261765957 -0.544223785 -0.152678728
    1.1597383 0.0840078592 1.07884407 -0.316667974 0.767642617
    -0.127491921 0.364617527 0.232935131 0.307957053 0.376235068
    0.4880656 0.540611088 0.334168434 0.829064965 0.00566852093
    1.07772827 0.757362306 0.468710423 0.767070413 1.13099456
    -0.217377603 0.269908071 0.444913507 -0.0266415477 0.316899538
    -0.400253654 -0.0160156786 0.47851944 0.29317975 -0.268800795
    0.824471474 1.13834763 1.35560894 0.253010333 0.354657441 0.28130734
    0.872841179 0.0406472087 -0.277275085 -0.309842288 0.886199355
    -0.0394295156 0.253349125 0.320503592 -0.269295156 0.682982862
    -0.447707236 0.832820237 0.646239936 -0.0631297231 -0.0327009559
    0.804041147 1.34934318 0.174565077 1.01021361 0.584163308
    -0.308838427 0.633013546 0.677679956 -0.374997407 -0.431680977
    -0.360028237 0.815902531 0.163395703 0.109407842 1.4999373
    -0.215787292 0.355041742 -0.400144279 0.143723249 0.371622503
    0.108341455 0.321346045 -0.425999463 -0.501300275 -0.464535892
    0.218514621 0.852555633 0.575674176 0.121341109 -0.0472464263
    1.11987495 1.25417113 -0.377667725 -0.482756317 0.540639937
    1.14185643 1.24287748 -0.194271594 0.685896754 0.593075037
    -0.454866648 1.08752465 0.49167341 1.15112245 0.360617936
    0.267116249 0.980786681 0.782589257 0.272270799 0.134392619
    1.46540904 1.30437303 1.00897968 0.28565371 -0.445691228 -0.32551986
    0.899745464 1.11840916 1.28821754 -0.0339981318 1.19692159
    -0.329705536 -0.22007513 -0.325544 0.54254353 1.41359222
    0.0581583977 -0.162136316 0.794001341 0.110545158 0.825610101
    0.397711992 -0.0312845707 0.284870088 -0.0836670399 0.681440651
    0.313440144 -0.543636203 -0.210780025 -0.488163859 0.886135578
    0.138710886 0.472951144 0.255856007 -0.0380241275 -0.0664241612
    0.375908673 1.19018722 0.815105677 0.487374544 0.619491696
    1.33646345 1.10687447 -0.509055018 0.185368896 0.78248322
    0.267048299 -0.212701946 0.440956771 0.95431143 1.25459075
    -0.314511091 -0.350130081 0.319504738 -0.160842568 -0.198550582
    0.754303396 0.732217133 -0.069488138 0.958402336 -0.158481002
    -0.496761441 0.416491926 0.98223722 1.47008944 1.33532238
    0.892344177 0.0223537683 -0.0778609812 0.920597315 0.955075979
    -0.276880652 0.402032465 0.529893756 -0.163150162 -0.403001875
    0.880474985 1.35309768 1.11775339 1.42918897 -0.409316182
    0.740038395 1.52687967 0.554858983 0.860777438 0.671019435
    0.704233527 -0.204022199 0.518690467 0.220106244 0.0926097035
    0.875842988 1.34791112 0.499699146 1.28684568 -0.106705219
    1.52350771 1.7285856 1.66228819 0.490996838 0.405564487 -0.478797525
    -0.507969737 -0.488972008 1.53715515 0.762990177 0.404921949
    0.909367323 0.0288596749 0.88477993 1.11208916 1.38942146 1.1533035
    0.871525586 0.990164518 0.0624212623 0.238435328 0.714738488
    0.848567367 0.572790086 0.953173876 0.922810614 0.928769112
    0.57782495 1.26136506 0.904878497 0.841436327 1.27284598
    0.0303838253 0.698750198 0.897066772 0.502640963 0.799109995
    -0.412795126 1.16151977 1.17016363 0.398323774 0.482537389
    0.251247704 0.17102316 1.12686622 -0.234327912 0.734452546
    1.45195436 0.707868397 1.19466496 0.606470644 1.02798939 0.275682628
    1.34095168 0.444819212 0.596587181 0.265670896 1.47301292 1.30160785
    0.34906131 -0.322688073 0.949062884 0.11222744 0.401106715
    -0.457347542 -0.0475229621 0.837889969 0.740607738 1.19296336
    0.840428174 0.549888551 0.537798584 0.628714561 -0.296638191
    0.0457949638 0.00932210684 -0.215954036 0.59669131 0.758028805
    1.39241505 -0.422142267 -0.174407959 1.08160162 0.934535384
    0.908116639 0.444546223 0.422541916 1.21702969 0.624721229
    0.644802094 1.01640952 0.0600486994 0.16486305 0.558694243
    0.217388332 -0.186301768 0.0866246819 0.235856771 0.897625983
    -0.0869849324 0.0932413936 -0.473696053 0.819596231 1.23658538
    -0.413932443 1.04067469 0.431782126 -0.263410687 1.31019938
    0.18990469 0.111594021 -0.155341417 0.602868974 1.32565534
    0.504700065 -0.430525601 1.35042036 1.392699 -0.28634572 1.2223115
    1.22175431 -0.0416026711 0.598495424 0.406452179 0.943178892
    0.893102705 0.875155509 1.31724358 1.38974929 1.44456816 0.925039768
    0.588464439 -0.304752171 1.10137069 1.41695261 -0.0492504835
    0.722455561 -0.0757517219 1.31418443 1.27501178 -0.330062091
    0.930772781 -0.475384027 -0.463982135 0.188870132 1.40445566
    1.1553601 0.412200987 1.27617884 0.548786163 -0.532777667 1.20837772
    0.871186733 -0.178413093 1.40570402 0.16839999 1.47122431 1.24052835
    0.800702095 1.31861079 0.279592812 0.879748821 0.637314379
    0.795692921 0.217585802 0.361905634 0.455958664 1.44808912
    0.162183881 0.787400544 -0.0273468494 0.713282764 1.36662829
    0.270198226 0.620023012 0.335189581 0.247379661 1.13753176
    1.16269648 0.291134 1.05569792 0.570725381 -0.0411903858 0.509212017
    1.47671139 1.09083331 0.267096341 1.43755043 1.11914885 1.53428173
    0.248767614 -0.122824669 -0.261988372 0.339891613 -0.143261015
    1.46906853 -0.0858797729 0.542044461 0.567613721 1.31699467
    -0.28953284 0.808998346 0.293525338 1.13184953 0.0516979098
    -0.0192198157 0.63739568 1.46453035 0.39629215 -0.269730002
    0.501351237 0.220916033 -0.101934761 0.732219636 1.29553556
    0.0436509252 0.933058977 1.1240325 0.701906383 -0.322017759
    0.602605999 1.009835 -0.043430984 -0.317110419 -0.350921243
    -0.0926609039 -0.0604883134 1.45579374 0.279313087 0.110071599
    0.251014829 -0.381731093 0.9497329 1.55543923 0.449609995 1.22113192
    -0.219090849 1.54850626 0.670411825 0.198856354 -0.121473581
    1.20681739 1.40505278 0.327639282 0.498986185 0.469280303
    0.490737557 0.202651024 1.07574081 1.43691683 -0.396604091
    -0.068683058 1.33678126 0.0566001236 1.47706318 1.67025352
    1.34695899 0.380314082 1.00398231 1.28158212 1.27344871 0.961441398
    -0.338116139 -0.0308402777 1.13895321 1.40069795 0.635378122
    -0.136792839 -0.187387586 1.50595903 0.0462169647 -0.311266959
    -0.462387353 0.151108265 1.25714684 0.487483561 1.14404488
    1.12074685 0.690419912 1.27475953 0.204746842 1.42591906 0.243489861
    0.737704396 0.462344587 1.05374694 0.92969358 1.35247397
    -0.319560289 1.07418346 1.02901435 0.321278334 0.30640018
    0.839462638 0.906113923 0.131311595 0.0608817339 0.118747294
    -0.341054052 1.51336122 0.8654989 0.69714582 0.268568397
    -0.196382672 0.662105858 1.50799596 -0.0315602422 0.746408165
    0.628421545 -0.410541356 0.948978543 0.957396388 1.04573572
    1.11144602 -0.29221952 0.88362819 1.41106296 0.678839564 0.758505881
    0.637464762 -0.211319089 0.885634005 -0.159762442 1.04533195
    0.983132899 0.298217952 0.274258673 0.111261308 0.908673048
    -0.123103231 1.05199313 1.00271368 0.0212257504 0.97385186
    1.53372931 -0.137580603 1.06710291 0.104041576 0.187048018
    1.48328137 0.25547564 -0.274935067 1.18768466 -0.116453886
    1.48373222 1.0907588 0.598381817 1.41573381 0.586975038 0.585934997
    1.13854766 0.854444623 -0.109970212 -0.0451365113 -0.210410267
    -0.526367426 1.40339065 1.04822183 0.0511858463 -0.396649659
    1.3932519 0.511927783 0.263948798 -0.0152059793 1.13413918
    0.683692932 0.460153341 0.903628886 -0.290239781 -0.533175588
    0.539097965 1.25348544 1.38722396 0.471410215 1.3345207 1.06292343
    0.742693305 -0.446152925 0.318120658 0.140503645 1.13788474
    0.23258549 -0.393638641 1.50492644 -0.368005633 0.274715185 0.504143
    -0.547202408 1.03570747 1.16445565 1.40881491 1.30608582 0.613970995
    0.515993118 1.17714524 1.42235601 -0.00596648455 0.580298722
    0.668131828 -0.226016641 0.969870806 0.520041108 0.525088072
    0.168205142 -0.0179049373 0.47430253 0.64099133 0.162665844
    -0.148419321 -0.497502357 -0.443067312 1.28152251 -0.572027445
    0.530947626 0.547794759 1.10198331 0.344317079 0.575699687 1.3029474
    1.47783113 0.188341498 -0.133001983 0.680010736 -0.335293114
    0.720422328 -0.300373018 -0.316691875 0.223394036 0.736627579
    1.12897301 0.679880977 1.38583112 1.40339994 -0.393945932
    0.888851285 0.297883987 0.707326055 0.10439831 0.288391232
    -0.0111325979 0.480985463 1.47774696 -0.268725097 1.15464544
    -0.186953753 0.194206536 -0.0226226151 0.071685642 0.229491949
    -0.304984897 0.766026735 -0.242156059 1.08744073 -0.0570311546
    0.268246651 -0.550650716 -0.27432546 -0.0527824759 1.50396693
    -0.519546032 1.38954496 1.38222241 1.18356538 0.465280414
    -0.387330174 -0.351110011 -0.408121467 1.3640027 -0.0068565011
    -0.480400056 -0.146406531 1.51286685 0.993715227 0.994290888
    -0.0982975662 1.28989935 0.0317860246 -0.430308342 -0.347857982
    0.233712435 1.12440944 -0.0190552473 0.223865867 1.51914287
    0.638781607 1.15047288 0.61706531 -0.31199342 -0.401137233
    -0.121459424 0.236146271 -0.479844898 0.666728377 -5.54323196e-05
    0.00236588717 0.24224776 0.387950659 0.508807719 1.32832527
    -0.279150218 0.315768123 0.394603312 1.36332154 0.337577224
    -0.313972175 0.579721153 -0.48257947 0.00298756361 0.727969527
    -0.314451098 0.422938347 -0.287605345 0.869546235 0.570088029
    0.90190661 1.07292509 1.15272379 0.433264077 0.745649099
    -0.379114538 0.0346302986 1.39863324 0.410348773 0.93220669
    0.645010352 0.37746048 -0.12707144 -0.297097325 -0.130623966
    -0.405970812 0.648894787 1.11222637 1.04354262 -0.325326502
    1.03797245 1.22873294 0.0256375074 1.20657015 -0.0294389725
    0.178392708 -0.0835793018 0.934495926 0.881087065 0.206753612
    0.871948421 0.520652652 0.909554422 0.0811964273 -0.335891008
    1.10335922 0.595899701 0.790836751 1.54849994 -0.444097459
    0.455042601 -0.222950786 -0.412966669 -0.295049757 -0.424524963
    0.250442982 0.497293472 0.655907035 -0.276550233 0.70487839
    1.26062274 1.17935109 1.19816136 -0.0330345035 0.651518703
    1.50354147 1.47398198 0.473302841 0.529232204 1.01367736
    -0.485898167 0.462636411 -0.340472698 1.31171203 0.651268721
    1.33642852 0.297332108 0.70776242 1.371804 0.560884595 1.49049783
    0.481310666 1.19542849 1.13373518 -0.0474351048 0.438729167
    0.779135168 -0.0711571574 -0.0945761204 0.459169149 0.853471279
    -0.106375933 0.183539808 0.273492754 0.658821821 1.20525587
    0.864896536 1.14780509 0.477303743 0.725929081 0.349665523
    -0.0071092844 0.844241261 0.238227785 0.870883286 0.750288665
    1.35930514 1.03547883 0.656814516 0.819076002 1.43114662 0.01472646
    0.377496004 1.43595719 1.01692593 0.321584463 -0.2345981
    -0.104970694 0.614856005 0.28519398 -0.361549437 -0.409568101
    0.0162233114 1.08211064 1.42580199 1.3161459 1.37385082 0.446968317
    0.487518549 1.40213394 0.161574125 1.26366317 0.892964602
    0.546085536 0.637574852 1.31182289 0.216441274 0.907099903
    0.863143504 1.1854192 1.30896759 1.12273812 0.196132421 0.260878325
    0.784023523 0.968428254 0.242155373 -0.263422787 -0.255129784
    0.198294818 1.33004045 1.52322507 1.38740861 0.0877158046
    0.670734048 0.46877563 1.14911556 -0.196896821 0.414217889
    0.858948052 0.637603998 0.877337694 -0.546221137 0.136010528
    1.41833782 -0.539376497 0.257014632 -0.36404407 1.14272571
    0.69593364 1.19468975 1.36037469 1.16691279 0.451236725 -0.47370863
    -0.26150474 0.0412472486 1.09099126 0.0451845527 0.623189151
    -0.300599873 -0.0330801606 0.0439623594 -0.37725848 1.47518802
    0.570278227 1.29971564 0.127711535 -0.346053243 0.431276202
    0.145345807 0.917529225 -0.0656216741 0.914376497 0.937345922
    1.44384217 -0.336001784 -0.0859510303 -0.379817635 -0.11802268
    0.244579971 0.548917711 0.709626734 0.919346333 0.670372069
    0.990258813 0.8404724 1.21859646 0.940678418 0.777255952 1.30424833
    0.530731916 0.645955265 0.519364834 1.19847119 1.384902 0.704558849
    -0.0697086155 1.29292226 0.0128514171 1.43208718 1.31940758
    1.48385096 1.15893579 0.838080525 0.842881739 -0.514725924
    0.943044066 1.57889318 0.788142383 0.407357097 1.42471242
    -0.219049931 -0.454010785 0.110217631 -0.0774357021 1.01757038
    -0.334473521 0.505959451 0.0502330065 -0.0901795626 1.04716206
    1.34668326 0.336432517 -0.349082708 0.425475538 -0.310005635
    -0.00817108154 0.387120903 1.48259521 1.158216 0.42944473 1.23701954
    -0.521897316 1.01195979 -0.0821397603 0.875708699 -0.396692216
    -0.00970813632 -0.490307391 0.945781708 1.61714077 0.545157671
    0.584915161 1.47212434 1.14977479 1.42639613 1.38162899 0.248645544
    1.34131408 -0.390980065 0.375453413 0.940895498 1.44479787
    1.31501281 -0.183546931 -0.232029915 0.800094068 1.10036361
    -0.0185590982 0.297721803 1.49857044 -0.488132536 0.446010709
    1.05932879 1.30008388 -0.18135488 0.770753205 -0.429374278
    1.30540872 1.27972078 0.646319687 0.564384878 -0.210079491
    0.82999289 0.58516264 0.81702745 0.294988096 1.42169428 0.542917013
    1.40897202 0.356383264 0.274888992 1.04485238 0.889397621
    0.432938755 0.511576891 0.443881214 0.605710506 0.166155934
    1.28908992 1.56651616 0.542282879 1.34049666 -0.444445103
    0.100845695 0.386612415 1.34772408 -0.160516471 -0.136074245
    -0.0106216669 -0.174794644 0.466605783 1.07370079 0.0198907852
    0.796783686 0.719277024 1.01401329 -0.118273109 0.221175969
    1.52274907 -0.0843760967 -0.00696885586 0.141848743 0.845488787
    1.51195753 0.431034923 0.399937093 0.97378391 0.590636134 1.51683843
    0.353348911 0.69423151 1.19569516 0.347611725 0.931385279
    0.189654887 0.420085609 1.07787132 0.794120252 -0.345922977
    0.0419412851 0.766239345 1.1589731 0.195539773 0.208663404
    0.771257699 0.00554317236 0.0382866859 0.0661610961 0.165998042
    1.5293529 1.3758266 0.285517633 -0.556378365 1.33804297 -0.533657014
    1.10230207 0.840244234 -0.141557872 0.628991842 0.198067963
    0.980707884 0.267909288 -0.366719157 -0.278812498 0.615915358
    0.417451143 -0.131695092 -0.526047409 0.399308145 0.632824957
    -0.399733633 0.459590852 1.49034739 -0.349599123 0.0208455324
    -0.334794223 -0.429025561 0.562151015 1.05069923 0.031491518
    1.10142589 -0.222216666 0.225576222 -0.335751474 0.921515226
    0.263944805 -0.276851386 0.644978166 0.229524195 -0.0400996506
    0.638708234 -0.247452945 -0.00420856476 -0.329996943 1.51543653
    0.816593409 0.688481808 0.675702214 1.47966444 -0.148446292
    1.35298908 -0.164815158 0.886500359 1.03723049 -0.514252067
    0.944782257 1.36152935 -0.210634887 -0.263237298 -0.0774373412
    0.223458171 -0.0016669631 0.784897268 1.42815948 0.175205946
    0.637325644 0.231684983 -0.35325706 0.64236933 1.49689889
    0.932178199 1.1985352 -0.0072491169 0.0158131123 0.631411552
    -0.174791902 0.492613435 0.311149955 -0.404327095 0.130331874
    0.135898829 1.26627326 0.673206687 1.46634567 0.950506985
    -0.476690292 -0.486427575 0.106788516 0.875792027 1.38284886
    0.0393674374 1.2809639 0.47329253 1.19069576 1.16485 0.587430656
    0.298563063 0.836619914 0.496122241 1.44818354 0.981436849
    0.855877459 1.31990874 0.758768976 0.462433517 0.413109124
    -0.272259265 -0.434176534 -0.547295451 -0.142196953 0.247393966
    1.34501112 0.964752853 1.3327533 1.39004612 -0.424659699 0.763236344
    0.409666359 1.52601075 -0.070987314 0.152513683 0.633198082
    0.159574747 -0.359448731 0.804408729 1.40877318 0.21819675
    1.23321009 1.03180075 -0.204026729 1.12670016 1.08268726
    0.0860601068 1.11794341 0.657386601 1.02843988 0.258275568
    0.647069573 1.3636477 1.27009106 0.297831893 0.259079993 0.267053127
    0.147411644 0.00107783079 1.53679812 -0.469768703 0.236323953
    -0.348740995 0.695067048 0.475192308 -0.20310539 0.969439805
    0.400686085 0.576783121 0.29020831 -0.0491021574 0.286611497
    1.74977279 0.99541235 0.223116517 1.48891032 -0.327685207
    -0.210736066 0.302985609 1.2589848 1.50758862 0.378830314 0.65281409
    0.372872233 1.46055484 1.08709693 -0.298516482 0.980533898
    1.27042127 0.70822078 0.801128566 -0.557704806 0.649727404
    1.30425525 0.0389795899 0.727623284 -0.59671092 0.0840855837
    -0.104606062 0.251221657 1.44888997 0.303871989 -0.0113018751
    0.652197659 1.35676408 -0.353570938 0.140353322 0.335619569
    1.30117869 0.82021457 1.15208113 -0.0678755939 1.46563911
    0.475995362 0.943852425 1.03191614 0.769150794 0.307025731
    0.825346291 0.949305296 0.0509784818 -0.501060128 0.620131314
    0.657688618 0.468235314 0.165579259 0.128091872 0.164746523
    -0.0506298542 1.33673549 1.41312289 1.49738801 1.28945088 1.05021334
    0.546703339 1.20316577 -0.0547193289 0.830203354 0.315654933
    0.596069455 1.40409207 0.195653021 -0.171853542 1.09271884
    0.382122576 -0.0930122435 -0.532917619 -0.152052671 1.00742602
    0.698718965 0.614260614 0.576084793 0.46297127 -0.492530674
    -0.493715554 0.735578537 1.43945312 1.19132364 0.752553046
    0.305978417 -0.253416628 0.590247035 0.635299802 -0.349247217
    1.11752951 0.137058854 -0.413483083 1.4838773 -0.352815062
    0.545188844 1.48690367 1.36206007 1.13084304 -0.176232606
    -0.389403045 0.810968697 -0.307636678 0.846293926 -0.0694462359
    -0.21614635 0.300188601 0.57622385 1.10593367 0.810656905 0.23584497
    0.0394034982 1.52003431 -0.0586684346 0.466533482 1.04876375
    1.39115024 -0.319201589 0.315360248 0.526522398 1.37222493
    -0.477259189 0.500176907 1.47171748 0.19076699 0.450432003
    -0.274835736 0.44115895 0.363190413 0.922561765 0.331236482
    1.38398194 0.396201074 0.353978872 1.307374 0.964944363
    -0.0846100748 -0.503929496 0.19226259 1.51186395 1.08762872
    0.0126888752 0.918916881 -0.187880039 1.2154609 1.27489388
    0.14194876 -0.0545510948 0.602244735 0.261022091 0.825959563
    0.181187451 1.18915391 1.15944958 1.35888481 1.09560204 0.449176788
    0.0615032911 1.05270839 1.41952944 -0.415170908 1.15937877
    0.739050269 -0.133018345 -0.236488998 0.863131523 0.263533652
    1.42198181 1.43178797 -0.17188552 -0.215810448 1.22352505 1.53127873
    1.18845153 1.10507965 1.08773434 1.38438272 -0.288896024
    -0.0853891969 1.52044535 1.13384378 0.920007944 0.182734847
    -0.35763669 0.250909865 1.06979585 1.27910972 -0.520839155
    -0.2246553 0.405644298 0.0350074768 0.0635522604 -0.136546552
    0.995909452 1.44773793 1.37685156 0.351296067 0.630500615
    0.646053374 1.25979447 -0.369677901 0.895287931 0.503664196
    0.33233726 0.07953614 1.41924667 0.955954075 1.50315881
    -0.0652674735 -0.224363118 0.518938661 -0.208260626 0.97933042
    -0.389594287 -0.143936694 0.435959101 0.282874405 0.799350917
    0.706844211 -0.39975813 -0.105291516 0.993678331 0.941977084
    0.792448878 -0.237233847 0.94379127 0.811066508 0.502205431
    0.00582718849 0.391050279 -0.110517055 -0.208616257 1.05272925
    1.27770615 0.518447936 -0.243402898 -0.261074305 0.449234366
    1.20376694 0.348935723 1.03084016 0.531759322 1.16710758
    -0.344026923 0.786998034 0.204100609 0.857981563 -0.14846313
    1.25676584 1.3828299 1.18245947 -0.119580507 -0.224005759 1.00075436
    -0.0397381485 0.703200638 1.29755497 1.12026072 -0.406249732
    1.12479329 1.24652743 0.117361784 0.667337835 0.448828876
    0.426262796 0.681328416 0.559453368 -0.207814693 0.00949639082
    0.763657689 0.870514691 1.31936193 0.299110711 -0.516118646
    0.139288545 0.62490505 0.816245615 0.637788117 0.863992691
    1.19237924 0.358685136 0.110824049 0.655277669 0.449464858
    -0.00955098867 -0.318306267 0.661075413 0.359378278 1.06054544
    0.106539905 0.110459924 0.535951018 0.487647593 0.925370872
    0.70630908 0.664072752 0.54624778 0.471393704 0.663758993
    0.162782371 -0.199583113 1.10758293 -0.179956883 -0.24622184
    1.15586472 -0.309833974 -0.518828213 0.452346206 1.32269764
    0.781767905 1.46075797 0.13378197 -0.425258338 0.174322188
    0.35855478 0.322434902 0.720638514 0.724461734 -0.443609923
    0.349024653 -0.500223219 0.576822758 1.05894721 0.410193205
    0.376511037 1.32073104 1.1546613 -0.070225209 1.34814453
    -0.143995941 -0.422487527 0.766132057 0.641904771 0.572943866
    0.749012053 0.395889044 1.35512054 1.32486272 0.822104216
    -0.289533734 0.687779546 -0.509027302 0.635035455 0.628240228
    1.29916751 1.19107246 -0.341459036 1.42399216 -0.0451508164
    1.16364086 0.384771168 -0.469642431 0.141734183 0.742246449
    1.48799038 1.01172733 0.364358604 0.19753319 0.402555764 1.51367915
    -0.307064652 0.875861347 -0.0650267005 1.44348145 0.0414884686
    -0.208986074 0.465907812 1.29990077 0.896983624 -0.0925721824
    0.920109451 -0.0129677653 -0.532581687 1.2757616 0.108905137
    -0.0476332605 0.758632004 0.648029804 1.42006469 0.706248879
    -0.226605624 0.870099902 0.583155632 0.70787251 1.08877516
    -0.536892653 -0.526892483 0.479910851 -0.106438845 0.729079366
    -0.148569673 0.222247362 0.24568826 1.55585837 0.187953591
    0.350315332 1.25223947 -0.351450086 0.485975444 -0.4380849
    -0.390132248 1.1463604 -0.508271813 -0.362275958 1.25394678
    0.582700491 0.208146274 0.11089164 0.382917106 0.669064462 1.1268729
    0.593196929 -0.225989759 0.48400712 -0.178822994 0.648967385
    -0.288609326 0.129602373 -0.229625791 0.186037958 1.5461967
    0.251429319 -0.106086552 -0.374856174 0.891547859 0.28248471
    0.416061103 0.752222359 -0.400227994 -0.513807774 0.474167526
    0.52613622 -0.384052664 -0.536425412 1.01079249 0.926691711
    -0.48560065 0.685936928 0.0573769212 1.0593915 0.893585145
    -0.171425343 -0.0480781198 0.168738365 0.796035826 -0.0254064202
    0.816556692 0.495660186 1.05012226 1.05757868 0.839534223 0.7872172
    0.716222703 0.183365941 0.176138401 0.602683902 1.13538194
    0.441894531 -0.566226482 0.638332665 0.997476459 1.33991575
    0.0364765525 0.175822318 0.210033894 0.284102201 0.292244315
    1.02197337 -0.155241638 -0.0207957327 -0.365104616 -0.287148118
    0.144847929 0.589118898 1.44736135 0.760338545 0.931287706
    -0.456355244 1.41249001 0.57647115 -0.127081275 1.41504753
    -0.473726898 1.41535258 0.803551197 -0.328847289 0.551340878
    0.541732252 1.217749 0.330608726 0.470447898 0.713408232
    -0.216741383 0.745525301 1.41881287 -0.237396479 -0.510700643
    1.07364082 1.2329458 0.846245229 0.895422518 0.245762467 1.04396451
    -0.49591437 1.22784376 0.94173193 0.621468186 -0.437591791
    0.667366862 0.701655626 1.20078385 1.39546168 0.356951922
    0.0850870609 -0.273895204 0.932637215 0.320650876 0.764699697
    -0.1931867 0.555708885 -0.229414761 0.782729328 -0.524592042
    0.619226336 1.0679059 1.27878737 -0.108983576 1.2055831 0.87105298
    1.27165234 0.610307395 0.89690125 1.38667941 1.44449723 1.10176921
    1.31869245 -0.372229964 1.37533903 0.391518235 -0.105430365
    0.769014239 0.564500988 0.355151772 -0.0226768255 -0.503828943
    -0.263146579 0.446632326 1.14021313 0.0493141413 1.24369287
    -0.0381819606 -0.48691237 1.10566163 -0.443292081 -0.162222028
    0.540563703 0.216244698 0.640751958 0.114141405 1.3941524
    -0.073530823 0.914928257 1.38031387 -0.411358207 0.268028021
    1.50034285 0.88652432 -0.178782672 -0.464530975 -0.129244685
    0.0535109043 -0.110110343 0.97683835 1.1754595 -0.20939216 0.9594751
    0.515555322 0.65344125 -0.484946012 -0.118798465 0.490205765
    0.941754401 -0.388850868 -0.132811308 1.00106478 -0.275588989
    0.537338853 1.30250716 1.25532222 -0.307597309 0.459915936
    0.734162688 -0.291824251 0.465308428 -0.399502158 0.674434423
    0.158001184 1.30548179 1.39990985 1.16717362 0.979586661 1.33211434
    1.32323134 -0.420238674 0.406833291 -0.388250589 0.111653984
    1.5272584 0.709621549 1.12488556 0.638774872 1.12290215
    -0.0964142084 1.1469667 0.64416784 1.42336154 1.48681283 0.486396611
    0.263030112 -0.42793715 0.978085697 1.48094082 1.50853348
    0.365621388 -0.284979016 1.33672333 -0.222146004 0.814107835
    1.50071323 1.38408518 -0.0644398034 -0.370201707 -0.468581975
    0.0510388017 1.39387012 0.915306509 -0.0145674944 1.27924538
    0.913048565 -0.0929504335 1.35179996 -0.44027108 0.703801334
    0.091610074 0.209833622 0.995780885 0.227183819 0.656797826
    -0.286727369 -0.108659208 0.0960865021 0.452604651 1.36419094
    1.18162119 -0.20411706 0.556988418 0.885728121 1.10638666
    0.129150152 1.04346108 -0.191481054 0.939509034 -0.224626064
    1.134058 0.578123331 0.902025044 0.699251056 0.219802856 1.23048687
    1.01827931 0.695334196 1.14605641 0.621251106 -0.477737069
    0.538845956 1.15305734 -0.470463187 1.57492852 -0.445203543
    0.749539375 0.985884368 -0.103989035 0.958582103 -0.0542409718
    0.23898375 0.664884925 -0.413672686 0.835758269 -0.524794698
    1.0470221 -0.173494458 0.980469584 0.872491777 1.0271678 0.627913594
    0.125198424 0.247541964 1.02768421 -0.179988712 0.130308151
    0.367106199 1.36636627 1.47708678 1.50049448 -0.543465614
    0.110578775 -0.0871955156 1.11301196 0.506561756 1.44565356
    1.03590965 1.30350995 0.058993578 0.412283957 1.29337668 0.718191266
    0.0456315279 -0.318369091 0.783270478 1.29922986 1.43531752
    0.873138487 0.981799245 1.37893748 0.113228858 -0.302132726
    0.318182051 0.00266724825 0.878568292 1.07316113 0.67487675
    0.931251943 -0.154946983 0.760965526 0.355922103 -0.192854255
    -0.307306319 1.33052111 1.02486944 1.41758084 1.43630791 0.452843726
    1.21619606 0.714185655 -0.265608668 1.06507945 0.517780185
    1.33985186 1.25823915 0.406333745 1.38822472 0.321125686 1.07751203
    -0.451526999 0.148162603 1.4885025 1.42927408 0.136284709
    0.0621807575 0.760569036 1.00495672 0.591733158 -0.137437046
    -0.299871922 -0.0624921322 -0.0555557013 0.183470428 1.37875569
    0.920406938 0.00905045867 0.223708153 0.223769963 0.641228378
    -0.124974102 1.24908972 0.999480963 -0.402584225 0.365035355
    -0.491764516 0.280782163 0.4676826 1.37548661 0.847367942 1.05058408
    0.821614206 1.19685578 1.16319895 0.340053856 0.550918221
    -0.472765148 -0.553914011 0.00934571028 0.592239618 -0.259982884
    0.832644045 0.353187144 -0.454609454 0.14308548 1.10742748
    -0.0427334011 -0.261653781 -0.206376702 -0.0597810745 1.03567612
    1.10787773 0.844929397 0.327529192 -0.316261619 0.0820776224
    0.423155248 0.708987117 0.00412845612 0.739802599 0.126357019
    1.24348474 1.06732297 0.327275395 0.13740021 0.995563805 1.55864847
    0.27330786 0.179864347 -0.379967272 0.117030621 -0.361753225
    0.0893761516 0.252329767 -0.399698079 1.2201612 0.340996146
    0.650442958 1.49257112 0.135557413 -0.494397312 -0.376631856
    1.44096804 -0.462367535 0.304398835 1.49279213 -0.0636864305
    0.417560339 -0.184591234 -0.393514305 0.70810622 -0.42393595
    0.93302089 -0.0564945936 0.432056785 0.192787826 0.666341603
    0.353021383 0.0796054602 0.170259833 0.710762501 1.3718003
    1.06963551 0.182277203 0.0451048613 0.903767943 0.310393274
    1.30474186 0.47235477 0.0335114598 -0.383575827 0.835158169
    0.296066999 1.24117243 1.24937165 1.26156211 0.410688818
    -0.413320601 0.8454808 -0.188720703 -0.372746706 0.148921669
    -0.0689075589 0.799450219 1.1388278 0.861987948 0.340060055
    0.347736478 -0.189162731 -0.0793778598 0.0418576002 1.19559991
    1.38959253 -0.105893403 1.51226079 -0.242569953 0.79767704
    0.189990997 0.335153699 -0.585624635 -0.469312549 0.854699135
    0.475379169 0.919258118 1.28588557 0.134305418 0.900840163
    1.06583214 1.44298828 1.1985817 0.848573506 0.925180793 -0.346305192
    0.263000607 0.432565629 -0.27259782 -0.0625751615 0.316122353
    1.53621864 0.488761663 -0.190409333 1.15546584 0.442608893
    -0.297056317 -0.364557385 0.26471597 1.54978442 -0.468097508
    1.48596215 -0.44177717 0.405565977 -0.177078247 1.25808942
    0.0585771203 -0.075499922 1.29048133 1.34584332 0.255430102
    0.419594586 0.27682507 0.268333614 0.693959057 0.190607488
    0.0430234671 -0.0373618901 0.862489104 0.520798206 -0.346634567
    1.26096725 1.4494462 -0.31815201 0.278701544 0.336849332 0.719108701
    1.31847274 1.2764411 1.53456163 1.22127056 0.17306149 0.157372594
    0.549220085 1.44405937 -0.0547972918 0.884101391 1.45534837
    0.461015821 0.0736815929 0.776536644 0.462537169 0.699080586
    0.354981303 0.158781469 -0.539004385 0.124667943 0.489511847
    0.553130746 -0.27934286 0.299603462 1.39891958 1.1690402 0.440850139
    1.44721484 -0.122506738 0.786928296 -0.297731102 0.317982137
    -0.32330814 1.02692819 0.124829471 0.585753739 0.668788671
    1.25096571 0.187475324 0.161548615 -0.534808278 -0.16607815
    -0.290059328 0.836690605 0.380453289 1.44347584 -0.459908396
    -0.159576863 0.761077642 1.02763474 1.2593981 0.491899431
    -0.259620786 0.123407185 1.107651 0.477743447 0.446558654
    -0.179023117 0.00282043219 0.0313354135 -0.433578372 1.0165261
    0.164225698 1.15445316 1.44977522 0.231269419 0.705510914 1.38418961
    0.749307454 0.305172682 1.07383168 0.920204163 1.11500669 1.49037099
    0.477882534 1.62487102 0.395566434 0.834186435 1.13824368
    0.479456514 0.846571922 0.119595647 0.350628138 0.0213704109
    0.830724776 0.377588272 1.48700404 0.729184926 0.45208329
    0.920259595 0.146003962 -0.583475769 0.889764309 1.26418221
    0.545210361 0.0104174018 0.115799665 -0.431197584 -0.514770091
    1.37729335 1.10575223 0.40323627 1.537498 -0.0945682228
    -0.0139204562 0.388258457 -0.457692266 0.791005135 0.784729838
    0.355653882 1.33749557 -0.349512577 0.846961796 -0.409365326
    -0.496211469 1.22950077 1.13026953 1.28314829 0.72163552 1.39129567
    0.936126351 -0.355749667 0.441178322 0.68429935 0.986091197
    0.211875319 0.244161248 0.214535534 -0.42465499 1.29870069
    -0.231416881 0.428142309 1.19772148 1.41045952 0.293854356
    1.33827484 1.47732794 0.608874679 -0.4888556 1.25522768 0.143163025
    -0.106589288 -0.486100256 0.824981034 0.437224805 1.1737144
    1.35254169 0.552107096 -0.224619925 1.4547286 1.31915832 1.47880113
    0.575166583 0.331336439 0.41795665 0.875619173 0.219640017
    0.595303595 0.597707868 1.50510478 -0.172248602 -0.533792853
    0.501503825 0.780435383 1.1462636 1.06603563 0.745610058 1.037498
    0.501332998 1.34280181 -0.364022851 0.908873737 -0.374780238
    1.24867034 -0.00397020578 -0.270550102 1.37683392 0.240177274
    0.0100029111 -0.298203826 -0.0768308938 0.196364462 1.26220953
    1.20013189 0.815606892 0.826667845 0.291693628 0.387614787
    1.25800371 0.034563303 0.302234709 0.547634304 -0.0306176245
    1.06293654 -0.367781192 0.419936359 -0.385712147 -0.169321746
    0.667042553 1.44823217 1.24321723 1.02481914 1.0749526 0.205205858
    0.963674426 -0.534011066 -0.246436328 1.31161857 1.18414569
    0.982089043 0.262922525 1.11713409 0.652814388 0.195821643
    1.53942752 1.35527611 0.272811949 1.23039484 0.247848034 1.33554292
    0.821361244 1.14731991 1.21896017 0.518510878 1.37545502 1.17629004
    -0.207221031 -0.258685023 0.733911991 -0.520959735 -0.358461857
    0.664198101 1.31415999 -0.424514651 0.465565383 1.1763308
    0.567002416 0.546031892 1.50967503 1.41432095 0.201319039
    -0.074886173 0.567026138 -0.336416304 1.4068377 1.541785 1.17567897
    0.283622861 0.614982426 -0.136382908 0.456642151 -0.538056076
    0.750572562 1.34707344 0.476703286 -0.514241576 -0.27366811
    -0.52058506 0.508881629 0.191396296 -0.254225552 0.654074609
    0.211496592 1.09328032 0.535358548 1.48127675 0.0482994318
    0.705870628 0.961010635 -0.0364862084 0.402795196 1.46570766
    0.0345774889 1.48880994 -0.157155395 1.10810614 0.734629512
    1.1211735 0.210145473 0.825259149 -0.53274405 0.514807343 1.01265287
    -0.52128911 -0.0389203429 -0.0286200047 -0.507772684 0.311329484
    -0.224188685 1.42046857 -0.169245005 -0.0320498347 -0.139954686
    0.88140583 0.315640628 0.285121381 -0.36280638 1.39107847
    0.499725044 0.225660861 -0.129158825 0.00388371944 0.448764801
    -0.100244015 0.207754672 1.3187449 -0.451093316 0.654758334
    0.891253829 -0.505823553 1.24637175 -0.387977123 0.435328424
    -0.159538209 1.05555511 0.410299063 -0.456171244 -0.467382997
    -0.28099227 0.157773554 0.197307646 1.3069948 -0.266266197
    1.38352156 0.211229086 0.467964709 0.796697617 0.135376632
    1.45975065 0.00428152084 0.324001789 0.0608902574 0.341934264
    1.41348302 0.067004621 0.61297822 0.738186777 0.705578506
    -0.0872911215 0.421453238 1.37243605 -0.0910026133 0.0523369908
    1.28216028 -0.112564981 0.299945533 -0.204235226 1.31607914
    0.144845068 1.42018414 0.347280264 0.626914144 1.29560828
    0.903368115 0.952532411 0.764733016 1.01319075 0.00680530071
    -0.433580935 0.888186336 0.894683123 0.730202556 0.604128003
    0.61077714 0.965568006 0.712475657 -0.0456554294 0.663885772
    0.019208014 1.0570693 1.32758737 -0.122132599 1.12036526 0.611759663
    1.21610391 0.649620593 0.841947317 -0.181741118 0.869278312
    0.00952076912 1.46867394 1.37055469 0.980980873 -0.128146321
    0.937740386 -0.284403205 -0.0666437149 0.664273918 1.45115137
    0.771581888 2.22325325e-05 1.28847468 -0.532279611 1.1394347
    1.48973346 -0.268941253 0.184007585 -0.343043983 1.03346992
    0.276428223 1.28510952 -0.27971065 0.224803984 1.26613832 1.31924558
    0.982069373 -0.251594037 0.900650859 0.52290535 -0.072407186
    -0.292419016 -0.545179307 1.35766149 -0.189276069 0.16831845
    -0.306934446 0.560561955 0.7178123 0.509404778 0.708174765
    -0.430865616 1.37928379 1.27606702 0.224402547 -0.519300103
    1.25271535 0.165325761 1.22067976 0.142393351 1.35327506
    -0.161156446 0.0476995707 -0.101241201 1.43401837 0.150416315
    -0.363859653 0.727915585 1.42253971 0.649999142 0.427592695
    0.30300343 -0.343885005 1.52758443 0.488398075 0.0533384085
    0.632970989 -0.202337325 0.295934081 0.358594537 -0.301846683
    0.979544044 0.599480867 0.189921081 0.64025718 0.744853318
    1.24452877 0.110418677 0.940375447 0.56212461 1.13384318 1.07550716
    0.410577238 0.203338206 0.649630845 0.217614293 -0.546989143
    -0.314595103 -0.419044077 -0.495427936 0.787077069 1.2392087
    0.366816103 -0.450961828 1.37346768 -0.457080543 0.548256993
    0.325955808 -0.316251099 0.261778355 0.901818395 0.213141263
    -0.0814266205 -0.0962160826 0.777475595 0.607149124 0.11690098
    1.36373401 0.609420657 -0.359831899 -0.430451512 0.264135718
    0.0720069408 0.493022978 0.472660363 1.28146088 -0.480877936
    1.50334275 -0.448525637 0.372885406 1.54110217 -0.411553264
    1.56230736 -0.0907327235 0.918071866 0.131533623 1.09984982
    0.56464839 0.335276842 0.00261193514 0.623003781 -0.271859765
    1.12966752 -0.0256427526 0.761126697 0.510763466 -0.202318579
    1.48994088 0.864646554 0.76258719 0.732605875 0.34886229
    -0.508961797 0.128973961 0.605676413 0.40718168 0.256081462
    0.0537065268 0.182357907 -0.219616532 0.945385575 1.36283326
    -0.248149216 1.40477395 0.957600236 1.44375062 1.14795685
    0.374112844 0.783748269 -0.380809784 -0.322826803 0.0418223739
    0.903750777 0.539718151 -0.505182624 1.51350904 0.166552603
    1.51428223 0.876392007 0.637306809 0.925198257 -0.334893644
    0.67072469 1.43115294 0.918016076 0.469509602 0.106539369 1.11829543
    -0.0588029027 1.32352173 -0.251984179 -0.173517168 1.25388288
    0.671649694 0.496526062 -0.139297366 0.320017695 1.29446197
    1.05209172 0.65396142 1.18627203 0.768923044 0.219150424 0.841837406
    1.07885551 0.82709825 0.706431568 -0.378842473 -0.00266379118
    1.29769588 -0.0582032204 0.321080863 -0.0978124738 -0.391991973
    1.42509353 1.40998423 1.04531085 0.374368668 0.0378594697
    0.0901441276 -0.197001666 0.739506602 -0.322162747 -0.497743607
    1.27149343 0.52145803 0.943605661 1.05623126 0.874808133
    0.00719827414 0.506226897 0.487682998 0.492786884 -0.520544887
    0.370732188 0.665251851 0.931513488 0.300571322 0.310138822
    0.311286747 -0.0218692422 0.955652058 -0.130282134 0.112491548
    0.0703831613 1.30668652 1.14188671 -0.312705666 1.11346376
    1.43967414 1.23005629 0.267820776 1.00734758 -0.25870356 1.13879752
    0.4900738 0.489667594 -0.276971251 -0.431468338 0.573913872
    0.00759667158 1.38691211 0.994386375 1.05471587 0.990499735
    0.0970921516 -0.537623882 -0.351853013 0.871627033 1.32952726
    -0.388635576 -0.526323617 -0.222567558 -0.0327536464 0.877814174
    1.01166129 1.02331376 -0.0124245882 0.72278887 -0.0464822054
    1.29291725 0.0216009021 -0.512009859 0.708931565 1.01451254
    -0.257960945 0.581879377 1.35571277 0.601591408 0.250670671
    -0.503868341 0.586807728 0.868283033 1.45878363 -0.335564762
    0.00355041027 1.05945253 0.511991024 0.794250727 1.02364349
    1.39165211 0.049328804 0.586685598 -0.0573474765 1.41339886
    0.207599282 0.872769237 0.136136234 1.20668733 0.0439702868
    0.10784018 0.9739272 1.04252625 0.67972368 1.41555929 -0.427823663
    -0.360933602 -0.457830369 1.12578821 0.876088977 0.865156114
    -0.52330339 0.467774272 -0.317244709 0.0781884193 -0.165285826
    -0.0391768515 0.178836226 0.194951117 -0.428576529 -0.245133549
    0.499005198 0.530387461 1.50594234 -0.0823887885 1.52482879
    0.238345623 -0.255454928 -0.530089617 0.566448092 0.968792856
    -0.468387574 -0.158191472 0.252192616 0.436582685 0.926366627
    -0.0856468678 0.427684307 1.41502833 0.900699377 0.166449547
    0.46777612 -0.306187391 1.10936666 1.13518095 0.766361296
    -0.163662463 0.31679678 -0.440444767 0.234200656 0.126557469
    1.16792059 1.06953907 1.28145266 0.393141508 -0.0700101256
    1.16599751 0.491613984 1.26854849 1.16871142 -0.249857157 1.40380406
    1.21417367 0.39521867 1.43090296 1.25067186 0.402563512 -0.456291825
    1.03357935 1.15358424 1.24432731 -0.089435637 0.584493816 0.50278914
    -0.338566124 0.152045399 -0.159163415 1.42904568 -0.078922838
    1.17889547 1.07222319 0.897079587 0.486511171 1.42928636 1.01438189
    1.4070406 -0.281926215 0.20081687 0.690617621 1.30975533 0.291126311
    0.334971547 -0.358056635 -0.495857805 1.14030492 1.17069578
    -0.121502548 0.641828656 -0.409281552 1.21698558 0.167315364
    0.722417593 0.246198714 1.13851583 -0.164636403 -0.0760655105
    -0.102426469 0.792901039 -0.419475824 0.653782427 -0.496545315
    0.780262291 0.17748189 -0.323325634 1.10116184 1.27378464 1.26703
    0.419271946 -0.477955461 1.06124783 1.34798265 0.279240072
    -0.0888327956 1.09880328 0.902856827 0.81937027 0.525217235
    0.27748692 0.486534297 0.975451529 0.714074492 0.654817939
    1.43705416 0.848203242 1.13352692 0.640537262 0.0968754888
    0.655965149 1.48055625 0.432972848 0.550223291 0.856366098
    -0.500047266 0.542387724 1.13698053 0.335797787 -0.273870558
    0.363773763 -0.10016188 0.941486597 1.44559848 -0.00827154517
    0.984524786 -0.0590031445 0.815947115 1.23468256 0.0957155824
    -0.227140456 0.085932076 0.682361484 0.584455013 0.189592361
    -0.0795068741 -0.217962503 1.34198987 1.74960494 0.683871627
    0.0498371124 1.36892521 -0.34916544 0.637359917 0.205485821
    1.47928131 -0.339930832 1.24744129 1.34342217 1.42712176
    -0.504160464 1.09786868 -0.0770673156 1.23602712 -0.165542603
    0.679461062 -0.240328848 1.06045222 1.06070542 0.434464991
    0.278707385 0.0397303104 0.532150865 0.417377144 -0.457863301
    -0.172211528 -0.305220485 0.706409574 0.0702152848 1.18452942
    0.573502123 0.251862943 0.903318167 -0.130847901 -0.504491627
    -0.47887367 1.12379456 -0.000516951084 -0.362002432 1.08328378
    -0.0618400574 0.0142560005 1.10311937 0.50263083 1.34084058
    -0.0644240379 1.27475095 0.745252609 0.641005218 1.53596473
    -0.488987803 -0.0751602352 1.3017211 1.18356788 0.122837067
    1.27916527 0.434569478 0.781480312 -0.0870042443 -0.277858436
    0.00793671608 0.122314036 0.611854434 -0.212813199 0.869524479
    1.47617269 0.47355324 0.414117575 1.08736277 0.478107214
    -0.419505209 0.424208522 0.4580248 1.27798319 0.507859349 1.08166218
    1.16934919 0.319394052 -0.548561513 0.0868637562 -0.0190494657
    1.01164556 0.0964760184 0.980281532 0.850370407 1.14666247
    0.605903506 0.686828732 0.152117312 -0.218189806 0.451894581
    0.689182162 0.741023242 0.515247226 -0.245894551 0.45698756
    0.0948095322 0.641015053 -0.0353603959 0.430739939 0.784383893
    1.21519923 0.710177422 0.125017881 -0.346000969 0.0679541826
    1.45011759 1.34725571 0.27646327 0.903793693 0.329572916 1.09295762
    0.353602827 1.10937428 0.0105751157 0.796147585 0.431478441
    0.181167662 0.780880213 -0.298406094 0.971179962 1.23594332
    1.11410189 1.03290057 1.20137477 0.150829136 1.31241131 -0.561710119
    1.16841686 0.486633122 1.1990943 0.128964603 1.21236598 0.591439843
    0.110732734 1.3451643 0.769111693 0.392182529 0.883673966
    0.102700889 -0.0757819712 0.431590915 -0.421693325 -0.135654509
    -0.404070377 0.028450489 -0.190142751 -0.280999601 0.620191514
    0.63512677 -0.507395685 0.806006551 0.562430799 -0.132859319
    -0.260754168 0.903526545 0.685635686 1.02097631 0.728089392
    0.478610873 0.876008987 0.0346412063 0.718374491 -0.0832172632
    -0.385818124 -0.388819754 -0.432561308 -0.0111082792 0.788456023
    0.771205127 -0.208902895 -0.275585681 0.879685223 1.17601621
    -0.403071314 1.01452398 -0.280116379 0.34831661 -0.154233664
    1.22842956 1.00925934 -0.242457926 0.667299747 1.29975939
    0.655192971 0.0510647297 1.30438042 -0.0580296516 1.06962657
    1.17353797 0.0613413453 0.542056739 0.551280856 1.33103681
    0.51821959 1.29842484 -0.518295348 -0.183082938 -0.274280429
    -0.355304599 0.633339584 1.04803109 0.888201714 1.50968313
    -0.0303516984 1.23452306 0.527502537 0.305054545 1.46731722
    0.0134849548 1.43898606 0.108979881 0.284604669 -0.5253492
    1.37944174 -0.546470523 0.605168462 1.36416364 0.798232913
    1.34469271 0.205653489 0.695856035 0.222688437 1.10475945
    -0.42144841 0.652439475 1.10784626 0.146061361 0.775054097
    1.31324434 -0.56180495 0.275519073 0.482046068 0.851740599
    0.577070713 0.64057982 -0.38405776 -0.341612309 0.0685398877
    1.34559965 0.558316708 0.386481315 -0.198673636 0.557243645
    1.01115692 0.942081511 -0.233920306 1.24126172 0.788743079
    0.907336831 1.10595763 1.14737606 1.46454942 0.959296346 0.367694497
    0.40296945 1.06249642 0.785667717 1.55556965 -0.314762712
    0.677469015 1.48115206 0.655258536 0.0619716644 0.00823664665
    0.265676558 -0.00570273399 1.04786158 1.54823804 0.535359204
    0.224288523 -0.43203932 1.14978123 1.18645883 0.666356981 1.27214205
    -0.426005721 1.14009762 -0.408409476 0.831097841 0.300127774
    -0.124786526 0.181093693 0.259307802 0.7188012 1.15605092 1.35441649
    -0.472117245 0.971206963 1.17359543 0.282053411 0.29425478
    1.12267721 -0.0358043909 0.113061726 0.690177917 0.390849233
    1.25700092 0.946129322 0.986732066 -0.581700921 0.764599323
    0.347538054 0.374945402 1.49049568 1.49174404 0.586847782
    0.736619771 0.15917325 0.526833594 0.00885909796 1.0466404
    0.373037457 0.817611217 -0.078176707 -0.0807355046 1.1862669
    0.477993667 0.843909144 0.729449809 -0.524580359 0.338637114
    1.05266142 0.361373901 0.756701171 0.0310857892 -0.377949119
    1.27428102 0.874989033 -0.0076546669 -0.273888826 0.59791863
    0.145255685 0.932890415 0.774381757 0.604616404 1.37253916
    1.12360215 1.15446913 0.714628577 0.0330851674 0.481447697
    1.27580571 -0.0756836236 -0.51269865 0.141001999 -0.0610298812
    0.624686956 1.43564343 0.0160479546 1.49899149 1.11260116
    -0.13050276 1.22439229 -0.399562955 1.25927472 0.741431832
    1.50316107 1.24509358 1.4690268 0.218343914 0.570563436 1.18881071
    -0.235635459 0.507180572 0.803183973 0.50700134 0.0369945765
    -0.49972564 0.537275195 1.4231354 0.858622074 0.435884416 1.21303391
    0.958190918 1.46434665 0.123259544 1.05322289 1.47436237 0.620195091
    1.40402246 0.373295486 0.928314567 1.32978404 1.39366961
    -0.112984538 1.52609324 -0.425241798 0.162125826 1.54978561
    0.760786712 -0.46969837 -0.447035372 0.48495543 -0.410455585
    1.19846416 1.12865901 -0.443022996 0.771722436 -0.423113942
    0.846230865 1.1603452 1.24987936 -0.0903725624 -0.161698043
    0.947311163 -0.0873623788 1.02473903 0.0382975936 0.261228979
    -0.372083843 1.43799019 0.905188024 -0.365028858 0.10538578
    1.25989342 -0.343948722 0.659255564 1.42186105 -0.158194333
    0.379669964 0.0785101056 -0.322356224 0.671295404 0.716996253
    0.0272465348 1.34321618 -0.251885504 0.171227694 1.2780118
    0.785797715 1.16686463 0.0438225269 0.322658956 0.145100772
    0.777698636 -0.0515750051 0.128949463 0.338016689 0.696585774
    0.80914551 1.43550837 0.34584552 -0.514101863 0.891670883
    0.853318334 1.34897399 0.039994359 0.256527603 0.33093679 1.0804373
    -0.208568573 0.13989079 1.35589898 0.703944325 1.24388587
    0.548566699 0.615909517 1.07254624 1.48063648 -0.360574007
    0.218722343 1.46893311 0.402324915 0.463697553 0.149199784
    0.70718956 1.26347852 0.3591398 0.362754643 -0.529174447
    -0.222380877 1.30425382 0.452250898 -0.339097768 0.509730637
    0.0632528663 1.25021589 0.371994138 0.666528642 -0.0434747934
    -0.0456438065 -0.284607381 0.213956654 0.942012787 0.715561986
    0.846451461 1.19169378 0.625948131 -0.0395415425 0.638921082
    1.18604481 0.0686898232 -0.491969645 -0.0208412409 -0.440384209
    -0.35805884 0.244113535 -0.292792559 1.02527976 -0.499548644
    1.2966063 0.19109273 1.46309519 0.284181714 1.02880573 -0.424980819
    -0.39312622 0.209574789 -0.181970283 0.424129784 0.486794829
    1.46977901 -0.442864567 1.05324888 0.0743324161 -0.512131691
    -0.26231277 1.01777959 1.19386089 0.0594184995 1.51997852
    0.0170392394 0.528204381 1.17032743 0.25118959 0.286173224
    0.991165161 0.508565187 -0.138941944 1.16266394 0.167815685
    1.54990578 0.864415467 0.808630109 -0.0696406364 0.47269094
    -0.144949853 0.326867491 1.01754594 -0.257448286 0.387807012
    -0.400195956 -0.354388237 0.697992444 0.597294629 0.533522367
    1.265275 1.06318092 -0.209293932 -0.335828543 0.834371448
    -0.384879291 0.998561263 -0.110260695 1.24600899 -0.410209179
    -0.514152765 0.294637144 0.457646251 0.526173055 -0.155299723
    0.819557011 1.47769845 0.723186553 0.445972562 0.124412537
    1.42239451 1.1322937 0.481535077 0.221875429 1.34269118 1.4841373
    1.03857875 0.333644211 0.648048043 -0.318473518 1.38495255
    0.0169622302 0.919890165 1.0448122 0.685389936 1.15134382
    0.611632705 0.529996336 1.15772557 1.14094412 1.24343121 0.686404824
    1.17318916 -0.327826321 -0.0133473277 1.29546463 -0.25746572
    1.06515074 1.15096819 0.279330492 0.821762979 -0.416166276
    0.429411829 0.00938200951 -0.250862181 -0.197971582 -0.451116443
    0.326363832 -0.214310765 0.817101836 0.896752536 0.664335608
    1.34572983 0.911383808 0.186178386 0.270460606 0.512531579
    1.08499801 -0.18376255 0.576415658 1.04881406 1.26836264 0.567719877
    1.17844701 -0.204609901 -0.244182438 -0.295991659 0.120925128
    0.857062399 -0.00560480356 -0.191056132 0.989760995 0.953862011
    0.377231658 1.36506367 0.150357902 0.197493911 0.262791574
    0.755555928 -0.217395365 0.0859488249 0.701691985 0.190396786
    -0.449135929 0.371761024 0.0559669733 -0.0374591947 0.924622715
    -0.0254588723 0.371574998 -0.331590354 1.17418385 -0.022529304
    -0.00966709852 -0.213377893 1.14806354 0.812097371 0.515264988
    -0.493496835 0.527061641 -0.293424487 0.424055278 1.29224217
    0.494065344 1.0672245 0.22576803 -0.51853627 0.669055104
    -0.250450611 -0.239907831 1.18799186 0.963834822 0.765437722
    -0.301535904 -0.310700536 1.54129255 0.814396262 0.0832784772
    1.16427279 0.476763785 0.922727525 0.751592934 0.813715339
    0.835079491 1.42186344 -0.075858295 1.19326937 0.53671819 1.42271018
    1.28425932 -0.116542906 0.127106607 0.956161618 1.20096946
    0.136355579 1.48461723 0.295403183 1.44947004 -0.26929754 1.33529639
    0.245238006 -0.494872391 0.0873788595 0.775540411 1.09130383
    0.264212787 0.87576139 -0.541181982 -0.296006411 0.304078221
    0.126897097 -0.222844094 1.28824639 0.111689746 -0.445133209
    -0.434363246 0.315901637 0.595769107 0.620564163 0.0714255571
    1.26378596 1.36653388 0.428189218 -0.469478011 0.466522217
    1.44904208 -0.53985858 0.780723989 1.37959886 0.414056182
    0.530889988 1.41468537 -0.154079854 1.29133582 -0.43636626
    1.37114906 -0.0174934864 0.706541717 0.206487477 1.3099848
    -0.383188367 1.27911901 0.937610686 0.741973162 0.418413818
    0.242295027 0.52999413 -0.451728404 1.09460545 0.276027679
    0.159228265 0.91677022 1.22912693 1.28281844 -0.0468560159
    0.166269988 0.530546486 0.414150119 -0.486088276 1.34542632
    0.237674236 0.0812727809 1.19430268 0.99184233 1.06056976 1.15990472
    0.891055226 0.50923717 1.52989781 0.813777924 0.98744154 1.55677235
    0.801501274 1.15854204 1.01690376 0.168403685 0.218387425
    0.250124574 1.34448826 0.71004951 -0.217521071 0.271254063
    0.0461314917 -0.281246483 1.52740622 1.11909485 -0.229139745
    -0.254743665 1.00906658 -0.371956527 0.792178035 0.45512712
    -0.24565801 0.971422434 -0.237586588 -0.31338191 0.711584091
    -0.338245809 0.669173419 0.170143247 1.02701664 1.15937877
    0.700227737 -0.141067147 -0.105588168 1.54038489 0.961026073
    0.632290721 0.474116623 1.00037551 0.394007683 0.625490665
    1.38590431 1.45356417 0.907669187 0.644350886 1.0499506 0.385001421
    1.50882459 0.82218492 0.0742955804 -0.428634256 1.50856042
    -0.035020709 -0.443330109 0.833419681 1.0164268 1.04040539
    1.16868901 0.0771042109 0.718684018 0.456512392 0.802606225
    -0.311545014 -0.443528116 -0.0542013347 1.45168567 0.682479441
    -0.187338203 -0.438808858 1.48953712 0.900648355 0.178859711
    0.00113147497 1.49053061 0.796058595 -0.422597051 0.37245059
    1.25029206 -0.393043607 0.1538589 1.11795855 1.21744311 0.356533647
    1.22454166 1.1404047 0.248457193 0.673526406 0.755927742 0.970298886
    0.59287858 0.1885539 0.0888980031 -0.455773324 0.618192255
    0.0710797906 -0.450217903 0.987762511 -0.311733603 1.11616397
    0.845843732 -0.210402817 1.44850588 -0.47609055 0.0911303759
    -0.00942498446 0.0601010919 0.439221025 0.839381635 -0.0876611769
    -0.106146008 1.11093926 0.356070459 -0.448329985 0.803866923
    -0.337620974 0.348068357 1.24891043 0.377193034 1.05488896 1.248559
    -0.178917944 0.822598338 1.0564692 0.0854228735 -0.450575352
    0.33916682 -0.459030896 0.972747743 0.731883526 0.474952817
    0.26269275 -0.0604338348 0.37631309 0.639001071 1.43684173
    0.92952317 -0.0956686139 1.20139503 0.377406776 -0.268624127
    0.608133197 0.387640476 0.968063772 1.08645785 0.941892147
    1.22468328 0.627225101 0.0146679878 1.05684781 1.36873507 1.48771143
    1.16221535 0.348325789 1.43395102 0.506279767 1.4376241 -0.453242958
    0.833539128 0.0101349354 -0.298802495 0.376938224 1.13854229
    -0.390933543 0.483712733 -0.262384057 -0.286857128 0.692489862
    0.458427727 1.02069724 0.515022516 -0.234048426 1.37428343
    1.04618549 1.20487213 0.618612885 0.919583023 0.692108333
    -0.20003885 0.725560546 -0.323757291 0.0385435224 -0.43181175
    1.12711418 0.795354545 -0.202023357 0.532104909 0.478265405
    0.175150633 1.46395695 1.17051435 0.444713414 0.527795613
    0.0798580647 1.21512592 0.755500972 0.893590331 0.412979126
    0.66279465 -0.0589262247 0.466436446 1.42243814 0.190827906
    -0.42928347 0.346476018 0.651897728 -0.0597088933 -0.161389887
    0.259406388 1.1263907 0.811298549 -0.551312447 0.588593423
    1.51889491 0.637497962 1.4501493 0.21842885 0.498424351 0.0742436051
    -0.520593643 1.40897119 0.246187747 0.978707075 0.0909781456
    1.34869242 0.190858305 0.102853537 1.06023908 -0.503865182
    0.436195195 0.657433987 1.2250495 1.52972579 1.40340137 -0.422863543
    0.800628901 0.564284146 1.54600787 1.25971329 0.0464584827
    0.961115956 -0.17747432 0.263589621 -0.450910658 0.788713694
    -0.16149345 0.381990135 0.951398373 0.0861710906 1.35679269
    0.228355348 0.67994988 1.05266607 -0.0257188976 -0.175881311
    0.361462533 0.357282817 0.147824675 1.27972686 -0.207640141
    0.609903395 1.19294441 1.24002659 0.74574101 -0.241383523
    -0.424788088 -0.221382439 -0.245190829 -0.119119525 0.96723485
    -0.213385075 0.894653916 0.00405532122 0.433916032 1.03459787
    -0.396407753 0.426724017 0.680371046 0.452828228 -0.234491795
    0.292042196 0.293373227 -0.0652551949 0.34779042 0.079444468
    0.926950872 0.374170005 0.505257607 1.31327641 1.51527381
    -0.385473758 1.14155662 -0.107496262 0.373748958 0.21584636
    1.18319643 1.24648905 1.23616147 0.318960488 1.46984911 1.23218191
    1.12880468 -0.343636692 -0.354292303 1.48139858 0.955016196
    0.308449447 1.25951219 -0.382965714 0.731652081 0.732056558
    0.932864845 0.579923034 -0.444712758 0.456587255 0.764316142
    0.469569564 0.703199208 0.621398687 0.637470424 0.858067513
    0.617756546 1.455603 0.272169828 0.0193914771 0.0405020714
    -0.0226657391 -0.545834124 0.766457558 0.471799791 0.825953782
    1.36520338 1.43180084 1.10668826 0.489663661 0.610730171 1.10954595
    -0.44842121 -0.0751249492 0.543673098 0.689691663 1.0490725
    -0.443265319 0.280693769 1.09089851 0.207186073 0.731913686
    0.405210793 0.354592592 1.47609258 -0.0294400752 0.632210851
    -0.0791535974 0.289988339 0.740945101 0.453455925 0.977326572
    -0.492579043 0.238639474 0.218645394 -0.333848119 -0.28230083
    1.41822398 1.06901026 0.0855019093 0.474376976 1.57472861 1.36587477
    0.721591711 0.64528048 0.379608989 1.31696367 1.15072715 0.687851429
    0.166952252 0.447205365 1.36525321 1.21370625 0.172661245
    -0.0467145741 -0.210321963 -0.322210252 0.0625475645 1.36821294
    0.500284851 -0.15829432 -0.288254082 -0.289798737 1.28743303
    1.23138738 0.878151 0.203009903 0.826299489 0.503759265 1.17177081
    0.964610696 0.309874773 0.0608029962 1.41001821 0.707540035
    -0.145493627 0.0743944049 0.0950298905 0.918454468 -0.426032871
    -0.335285604 0.548646331 0.129873931 -0.378058076 -0.116600841
    1.33189273 1.19718838 0.568966746 0.847407937 0.134687841
    0.834068298 0.616531253 0.794834614 -0.366224319 1.10828137
    1.37105441 -0.267702311 1.03746891 1.29613101 0.932816207
    0.921433389 1.38621521 0.458653808 0.397936583 -0.318944901
    -0.462623805 1.49318385 -0.157065928 0.907182634 1.4310782
    1.03975427 1.3471446 -0.52029264 0.554043353 0.264334738
    -0.403510153 1.33214581 0.947795689 -0.32801941 1.04293191
    0.629397333 0.184055388 -0.181724668 0.13083744 1.37283361
    0.236405373 0.983212352 1.52428579 1.47283471 1.02126729
    -0.528423905 0.104251623 0.106486857 -0.0930227041 0.848386407
    0.183992267 -0.143984497 -0.158118546 1.4634552 -0.419415146
    1.51537263 1.48633826 0.146149814 -0.218745053 1.50259221
    0.0290237665 1.40898693 1.13997006 -0.334480345 -0.151741922
    1.02306938 0.365174115 1.29687417 1.39188123 0.466746032 1.1678288
    -0.494729996 -0.0461995006 1.28097701 -0.0339047909 0.383961439
    0.41459167 0.0739802122 0.7327317 -0.33280021 0.681937158
    0.187839806 -0.255811751 0.686467469 0.61864239 0.151116669
    0.800290585 0.720042706 1.34352589 -0.392281771 0.884140968
    0.135518074 -0.374108851 1.34126616 0.708709061 1.28167367
    -0.448597312 -0.156785667 1.33359969 0.987674952 1.09316182
    -0.133600712 1.27528453 0.55715996 0.126087815 0.490377665
    0.0330326259 -0.423947155 0.0376689434 0.765542209 0.687072396
    1.04061973 1.39261913 -0.430328846 0.186242878 -0.157559693
    1.38599539 1.10527647 0.804725051 0.182478726 -0.184272349
    0.912446737 1.10249472 1.21835113 0.375786811 1.61703742
    -0.0555094481 0.58776021 -0.126662225 0.0240811706 0.890321493
    0.67016089 0.525116742 1.04360759 0.0636367798 0.578561485
    1.18806159 1.09616089 0.705521822 0.41326642 -0.19252041 1.47875285
    1.38618088 -0.317579865 -0.0710934103 -0.436347097 0.929743886
    0.680407882 0.686297238 1.54021597 -0.0628308952 -0.344402254
    -0.173401028 -0.423500836 1.0069207 0.718506396 0.892780602
    0.143761277 -0.0402668118 0.0606027246 1.08517623 -0.125430405
    0.182494044 1.28675127 0.185543478 1.33765185 -0.485022217
    -0.124488264 0.500866413 -0.256766498 0.689321458 1.46798754
    -0.381408751 1.03376389 1.37356329 1.10326505 1.09438503 0.68072921
    -0.354839861 -0.212864906 1.23110092 -0.38899681 0.190133691
    0.552863002 -0.118454844 0.806921601 1.34097946 0.532993317
    1.00996852 -0.30876106 1.384045 0.821528375 0.438501656 0.293148577
    0.834655285 1.21522713 0.304422349 0.760641515 0.983548462
    -0.378975064 -0.220784515 0.589605033 0.265764236 0.950326145
    0.595986307 0.382016361 1.47133589 -0.407048672 -0.12644884
    0.874563336 0.426272273 -0.279314041 1.11249816 1.45940411
    0.462265611 0.121292353 0.495860398 -0.410008103 0.125134289
    1.15783298 -0.376052141 0.600566685 0.096791029 -0.256894588
    1.20366144 0.673311651 0.0104112625 -0.484553009 1.59862459
    1.36342895 0.512124598 -0.0761909485 0.511196494 0.105849892
    0.809084117 -0.0861950517 0.20631057 1.40902162 0.613734245
    0.435407341 1.09179521 -0.104474157 0.59229058 1.27027571
    0.804122627 1.24146366 0.359879255 1.5802747 0.369396776 0.490791798
    0.567638159 0.741899252 -0.256292254 0.523032486 1.31343043
    0.585368276 1.52937555 -0.407585621 0.308318675 0.0213017464
    1.33262336 0.24097985 0.992685676 0.975443959 -0.352850974
    0.156150222 0.653311133 0.0198666453 0.578882873 -0.347655565
    0.572149932 1.41113997 1.36157119 0.608599901 1.46392179 1.10243189
    1.0650934 0.291277051 -0.374430895 1.25183344 0.80046761 0.405096114
    0.818272293 -0.416908622 0.829758048 -0.178193927 0.895040333
    0.93605119 1.09720993 0.542307794 -0.143700272 0.293399632
    -0.266700923 0.474320531 0.990729749 1.05415285 0.543904483
    -0.36131075 -0.349307239 -0.0147457123 0.920203269 0.407036066
    1.29041553 0.137562335 -0.0427810252 0.606122911 0.760049284
    0.368290246 0.807115793 -0.0337377191 0.810805559 0.405276239
    1.24531865 0.121619284 0.220693827 -0.272503555 -0.443212181
    0.713231564 -0.406370699 1.15387011 1.53368938 -0.400335699
    1.02349734 0.825994432 0.919285774 -0.409376025 0.623980045
    0.659481168 1.55111849 -0.408040524 0.801812291 -0.0326241851
    1.32206082 1.37801051 0.495076656 0.446732402 1.38875413 -0.10189712
    0.0565032959 -0.20211634 0.863765836 -0.210136205 0.98876971
    0.519384921 1.17463112 1.2097652 0.20720768 1.06453204 0.0867027044
    0.988871098 0.041217804 0.589981973 -0.475459605 0.275593102
    0.280941546 1.53718615 0.670273125 0.0712061226 1.03627706
    0.00568759441 0.976017475 1.42442477 1.14896083 1.04146218
    0.691017389 -0.307688802 -0.230876535 0.977831364 0.371887833
    -0.407800347 0.79625845 0.998444319 0.657275081 0.239744753
    -0.237222254 0.662290692 1.2569865 -0.421258301 0.692583323
    0.598300934 -0.305453569 0.202589184 1.10680425 -0.455214977
    0.0604437292 1.03821278 0.635929704 0.933584452 0.38416487
    1.10030758 1.55537772 -0.00206077099 0.966089189 -0.18013081
    0.68548882 0.80237335 -0.475263566 -0.414840162 0.732353687
    0.575949907 0.364130676 0.125221789 0.836509228 -0.0351830125
    1.28318894 -0.257378995 -0.0712430477 1.58647871 1.43706656
    0.297477484 0.621706903 0.468495667 0.571936965 0.695090652
    0.991068184 -0.0327224433 0.883056164 0.00271427631 -0.144661963
    1.1577785 0.920790851 0.210923821 1.1882571 1.54306221 -0.101341039
    0.869782388 1.61292577 1.16259789 0.370184898 0.437562853
    0.565693498 1.47689962 -0.264218032 -0.233542711 0.0837233365
    1.43516695 0.52427572 0.132558644 1.05743515 0.990916967
    -0.197256535 1.51827419 0.0790577531 0.151159763 -0.206376061
    -0.437713802 -0.164353609 0.898030519 -0.3909899 0.433596015
    1.45803583 0.328776032 0.605849862 0.338383019 0.147061527
    1.33408165 1.06167889 1.5439229 1.39920664 0.647035539 1.18156886
    0.884535491 -0.213644981 1.40845728 1.21190393 1.54105735
    -0.347471416 0.139720023 -0.00956919789 1.44931078 0.780518055
    0.757077098 0.284828514 0.561952472 -0.431427658 1.46976495
    1.57939172 -0.27227813 0.699398458 -0.295498639 0.335296869
    -0.256583333 -0.156970292 1.56582737 -0.266436338 0.338142246
    0.406232506 0.594890356 0.982308388 0.732106924 0.133289874
    1.00551558 0.771756232 0.877646923 0.242282897 0.712370515
    0.823493719 -0.433227241 -0.00365394354 1.44167352 -0.135042936
    -0.344675004 1.00801373 -0.352867126 1.28265965 0.0982340872
    0.263134003 -0.384301156 1.36341178 0.118848979 0.400119394
    0.424710393 0.140823513 1.0416224 1.52716982 0.403239369 0.160122156
    1.25248706 -0.128137827 0.257355303 0.798750222 1.58916509
    -0.184906453 1.48728716 0.669360042 -0.102949053 0.0242112279
    0.0202072859 0.589806199 1.12255132 0.054792583 1.32761598
    0.754736066 -0.254840553 0.379297853 0.180429339 -0.443461776
    -0.240943179 1.57959032 0.341048509 1.09147787 -0.199408531
    1.48121476 -0.164498806 0.665899098 1.39536738 0.417817056
    1.28733945 0.990556777 -0.534380734 0.107817769 1.43436289
    -0.437671185 -0.379182756 1.10982513 1.26656711 -0.158573091
    1.44558668 1.17443323 1.25625443 1.30207026 0.712337017 1.20535278
    -0.0343033373 0.898837328 -0.450429857 1.18628716 -0.510828614
    1.46607411 1.22992921 1.55036879 0.341391087 0.772886872
    -0.447567701 -0.45339188 0.934460163 -0.472265899 0.52146244
    0.281794727 0.430585384 -0.162221402 -0.315457284 1.19176757
    0.144332945 1.42258525 1.47026539 -0.0122075081 1.24252689
    -0.517556965 -0.308900476 0.92613101 -0.0267868638 -0.230481416
    0.475997686 0.342182875 0.452055871 0.739210904 -0.435293257
    0.74206984 0.979626417 0.659089148 1.26373315 0.266554654
    -0.320683211 -0.441024244 1.31092322 -0.351620197 0.294952095
    0.429282933 0.772135317 1.34796941 0.402027488 1.45604575 1.60447001
    1.01792312 0.868647814 0.267896563 -0.234787717 -0.397392631
    1.66728067 -0.059424907 1.03743196 0.578358114 1.47186732
    -0.432448894 0.850987434 1.62918425 0.259683669 1.65156054
    0.351113528 1.12313128 0.428476214 0.928574324 0.285322338
    1.39065337 -0.0965508819 0.515504241 1.27469695 1.37422132
    -0.164516896 1.26437044 0.243568212 0.586754084 1.50052893
    -0.251665801 1.57274592 0.671283305 -0.114699483 0.597649097
    1.4249537 0.0518258214 0.059874028 0.0319159031 0.839534521
    -0.251714408 0.120954961 0.611130595 -0.0648809373 0.0450201631
    0.431626558 0.825384915 0.296328813 -0.18728213 -0.347911954
    -0.0416414142 0.702093244 -0.362607569 1.1233989 0.856437862
    -0.0587638319 1.41239727 0.878826499 0.6696769 -0.182516575
    1.22854674 1.48452592 1.63789785 1.18210149 -0.434421927 1.23560119
    0.375386655 -0.287373304 1.48763382 1.06823325 0.0146061182
    0.0444952548 1.08944082 -0.0649853945 -0.0575834215 -0.12329796
    1.61508417 -0.164803296 -0.0561472476 0.913556576 -0.322897494
    -0.0196098685 -0.0585726798 0.501810312 -0.352188021 -0.232551113
    0.657557964 1.60007071 0.372684062 0.622884512 0.0505510569
    -0.107825249 0.154383928 -0.0461389422 0.645835459 1.01947081
    1.26666737 -0.17609477 0.0815490782 1.40335321 1.07640946
    0.301699907 1.20649135 0.186624765 1.11042309 -0.19522056
    0.022859484 1.21692193 -0.0888420045 1.65707147 0.854522943
    -0.313866556 1.61012757 1.215119 0.966953516 0.770135581
    -0.226508498 1.4584707 0.890800536 0.533356071 0.991733909
    -0.311087787 -0.0981124043 0.725193024 0.265832841 1.16334116
    1.13084817 1.38194966 -0.290728033 1.52832115 -0.0765874386
    -0.259481311 0.940037608 0.884703755 1.45094299 -0.10494867
    0.278954118 0.457230926 0.64691925 1.63100529 1.04024291 0.777907014
    0.538256884 0.716044426 1.24794209 0.662044346 1.01130438 1.47073781
    1.57020748 -0.0992168486 -0.356642216 0.352782816 -0.00692671537
    1.68967283 0.591357708 0.357309401 0.480586708 1.10700536
    -0.135103971 1.04130387 -0.288953245 1.66897655 1.04532003
    0.995460272 0.486756772 0.272634059 -0.155453861 -0.218746319
    -0.202515095 0.290537238 0.846549153 0.892052531 0.719123244
    1.21277189 1.18733907 1.0990926 1.33665204 0.914680958 0.205467969
    0.620865703 1.00389004 1.2651906 0.352483481 -0.460119992
    -0.332624078 0.873447537 1.54073131 0.787218511 0.93168515
    0.926052392 0.664414287 1.49171352 1.27671504 0.626343787 0.14696151
    1.543239 -0.142366111 -0.313549578 1.09652889 1.09717143 1.01823866
    1.1738193 0.609226882 1.21040213 1.51504409 1.54026306 1.53113997
    1.02601922 0.666277051 0.810009718 0.0324942172 1.14612269
    1.28525877 0.706802607 0.0309554636 0.0261694491 0.188669056
    1.26691413 0.0381549895 1.18523538 0.410401016 1.22737181 1.38111544
    -0.300309271 0.0064432323 0.182084948 1.41829622 1.39447272
    0.0602099597 0.222322822 0.92392683 0.79027915 0.0529346466
    0.147235006 1.54809165 0.551257014 1.43043292 1.18995821
    -0.333400786 0.728266895 1.56947589 1.33910871 0.949063838
    1.49141836 1.51849103 0.805538297 -0.184168398 0.973127961
    -0.0254563391 1.01261485 1.61902332 0.631544948 0.738052487
    -0.266089648 0.932707012 0.0183976591 0.787785888 1.24374342
    1.26251006 1.35973287 0.975056052 0.187192321 0.854157805
    0.0511389673 0.00663858652 1.49337149 0.809610128 0.561692536
    1.09301209 1.64081991 0.0183735192 0.178782791 1.31726646
    -0.12789546 1.45315671 0.206161499 -0.228412718 0.743699908
    1.65384662 0.378875107 1.51567912 1.38783443 1.61561227 1.24936247
    0.849168599 1.2564224 1.27078366 -0.0911788046 0.23589474 1.51289845
    0.0239797831 -0.24296318 1.46095467 0.432373792 1.07632661
    1.41864967 0.736130595 -0.338549495 0.446081996 -0.144926459
    1.54895401 0.347433388 1.03995359 1.70114088 0.851851821 1.01635718
    0.975687265 -0.201742828 0.438296944 1.37756371 -0.0227038562
    0.570105255 1.19105637 0.854659498 1.29411721 0.822268188
    -0.145675883 1.02557945 0.781900525 -0.0207052231 1.39286733
    1.2716924 -0.154488072 0.188255191 0.573726594 0.571055412
    1.13953292 -0.208509073 1.33416128 -0.314156204 -0.284012377
    0.631571174 1.54154789 -0.223918468 1.51828146 1.62776434 1.32368481
    0.36473614 0.146056592 0.294484973 -0.314526558 0.600329041
    0.510671377 1.21906662 1.56779647 0.858114481 1.69087946 1.58005381
    1.08393931 1.66736937 0.835289478 -0.224068806 1.69753981
    -0.094512254 0.543144166 1.68010569 1.29895365 0.585339665
    -0.158609867 1.42200184 0.983985305 1.45695484 0.0383782089
    0.760326147 -0.137520701 -0.343829423 0.707493186 0.925675035
    -0.035530597 0.18885085 -0.237660214 0.184552282 -0.0750001669
    0.50818038 0.433532834 1.61884212 1.25731802 1.37262833 0.987727284
    -0.293000221 0.536876798 0.80399704 0.697692573 0.964212298
    0.221042603 0.377558112 0.757820487 0.52298516 1.14789796
    0.626479983 -0.236439377 0.740713954 0.648724914 1.28912771
    0.333394498 1.30962181 0.917195559 1.65730333 1.61360812
    0.0717239678 0.830746055 0.300894946 1.03320527 0.0153706968
    0.0901350975 0.446177363 0.110753447 0.797584116 0.789251506
    0.892238975 1.47140253 -0.114238188 -0.308131516 0.686824024
    1.07809496 -0.240655124 0.786006689 0.221476287 0.602030098
    0.865550399 1.42876422 1.12810946 1.36359644 0.873153329 0.811904073
    0.512805641 0.537306309 0.857246578 1.25221479 0.2133241 1.0233922
    0.663411021 -0.303902984 0.201297551 -0.257633507 0.466567546
    0.919864416 1.39015269 1.51614618 -0.300388396 1.09721267 1.25718307
    1.13877285 1.43859601 0.837659359 0.916971326 0.849698544 1.65677631
    0.465999395 -0.0657631159 0.909064472 1.46712005 0.459162354
    1.38006365 1.39500928 0.931074381 0.237097174 0.330137998
    -0.388433188 0.0308564007 0.156999379 0.708905578 0.816887021
    1.25291824 0.999888182 0.793904781 1.3404752 0.20291838 1.06898534
    1.16746402 1.12437546 1.14268279 0.857311308 1.3760612 1.00403523
    0.367667407 0.781997859 0.249801636 0.659539998 0.222928911
    0.998371661 1.62935507 1.29059291 1.46976483 0.341120422 1.03427887
    1.60222948 1.27143252 -0.128883451 1.67473853 1.27783167 0.449184507
    0.706908941 1.16166353 0.441764802 0.486743748 0.645664573
    0.680813193 0.760528207 0.34806785 0.793053448 1.59599042 0.60938406
    1.36751842 0.225554407 0.996822476 0.613887846 -0.290441334
    1.70463634 0.978123844 0.56654799 0.502699256 0.00843255222
    0.521436155 0.755993724 0.688243032 0.462054282 0.840295076
    0.829510331 1.68405402 0.353272825 1.62062025 0.611735582
    0.817179203 1.26617861 0.00924602151 0.622540832 1.66855788
    1.21330094 -0.102221206 0.236484021 0.5406214 0.0414020717
    1.44573164 1.26576662 0.680461407 0.774473011 -0.0486652553
    0.571216702 -0.243356645 1.06491518 1.15587342 -0.0457648635
    -0.154385388 1.33104062 0.413536161 0.546483994 1.69302797
    0.64717555 1.56298029 1.0263412 1.43168974 1.22950101 -0.158121407
    0.326394856 1.3226521 0.721741796 0.150284439 1.0504334 1.4383415
    1.63825405 0.82450664 0.178146511 0.499962986 -0.0384759158
    0.452570111 0.759085655 1.7603941 -0.138795123 0.674064994
    -0.218853205 0.237423748 1.69225514 0.00488260388 -0.280750126
    -0.0747633278 1.39018691 0.24897784 0.907911599 -0.182879731
    -0.108852684 0.255642593 0.656544685 0.390965015 1.50781798
    0.82684052 0.447833627 1.07381988 0.930062413 0.595434546
    0.719577968 0.776621342 -0.203855574 1.72259331 0.15476802
    0.854404926 1.26025414 1.67676711 0.234315515 0.741060615
    -0.243054047 0.975969493 -0.126764536 0.550866187 0.334612101
    0.141924471 0.634245932 0.168098509 1.58811378 0.964510202
    0.667188406 0.0169925988 0.400996357 0.327085048 1.48698795
    0.558530092 0.894827664 1.72563541 0.925489187 -0.095754683
    1.16455543 0.837427974 0.661871076 0.683121204 -0.187611938
    0.845540643 0.674957573 1.45702136 0.759067774 -0.035327822
    1.69654298 1.01929975 0.967960775 1.63592219 1.64890683 0.602499723
    0.658741593 1.72453451 0.607112885 1.64130604 1.49322701 0.350253105
    0.801510692 0.610362768 0.596296728 1.52705121 0.953818679
    -0.219050929 1.11045599 -0.073641628 0.283603311 -0.229136944
    0.341399044 0.153093874 1.02484047 0.781111896 0.956351399
    -0.190085813 -0.0895683616 1.07314479 0.119952023 1.41222644
    -0.119010627 -0.0154431611 -0.0825076848 1.16952097 0.369404018
    0.824151039 -0.0519246012 0.450867474 0.87601316 0.207267731
    0.0709303319 0.248024553 1.49808037 -0.181206301 0.721903026
    -0.0466385186 0.839681625 0.661825418 0.594620585 1.14402962
    0.23279953 -0.269602299 0.695491493 0.132617086 1.16568756
    -0.264837563 1.36030281 1.65691972 0.41233474 0.323206127 1.12225282
    0.116359353 0.701326609 1.02621055 0.539975405 1.00168145 1.39727557
    1.64449286 1.11175919 1.01129198 0.895255804 0.329641044 0.493627101
    0.982750297 0.586713672 1.16251671 -0.0345321 1.35657513 1.62481523
    1.29148555 1.31146753 0.554210544 0.364106029 0.20657441
    -0.0932065845 0.310402751 0.47391817 -0.205459952 0.196769297
    1.14490414 -0.194156781 1.20416641 1.54344451 0.213520765
    0.540020108 1.44790769 1.16189265 -0.00388851762 -0.172276333
    1.41628087 1.42129803 0.211187989 0.870762587 0.291475952 1.37161767
    -0.0736337006 1.35501695 -0.0641112924 1.55315757 -0.00138640404
    0.239250898 0.936996698 1.20516729 0.216350108 1.53583813 1.73370826
    1.09116888 1.55181611 1.73235917 1.43438387 0.766148984 0.402828306
    0.380663961 -0.293291777 0.132506341 -0.173465446 0.684096932
    0.554517627 1.26801562 -0.106488064 1.36464167 0.978430629
    0.355615944 1.14935768 1.88297105</data></my_img>
<your_img type_id="opencv-matrix">
  <rows>128</rows>
  <cols>256</cols>
  <dt>f</dt>
  <data>
    0.314955801 0.59381783 0.248408556 0.454564929 0.337331355
    0.715920448 0.473639101 0.984565496 0.61526823 0.599682331
    1.26648021 0.632067978 0.637246728 1.18554401 0.524059832 0.54260695
    0.975579023 0.359162092 0.345102847 0.72540468 1.11601841
    0.925850987 1.12692857 0.663862884 0.498681575 1.24040663
    0.703408659 0.997623801 0.849284351 0.803164601 0.82813549
    1.32999039 0.753567755 0.834145606 1.31608796 1.04420495 0.723752379
    0.859279573 1.12368286 1.0670507 0.39973253 0.500534713 0.841053963
    1.31586707 0.655395031 0.487518132 0.379328668 0.803434253
    0.85843116 0.465854704 1.10820067 0.397142857 0.700756431
    0.525774777 0.583097458 0.579893827 0.937781751 0.733780742
    0.357405961 0.634905338 0.768093288 0.930471659 0.481039584
    1.19185424 0.547215343 0.570040584 0.906640887 0.573836684
    0.865449727 0.325671852 0.915898621 0.844888568 0.423082441
    1.23506546 1.23674154 1.18491066 0.666918457 1.22086167 1.11023629
    1.19081199 1.0267812 0.803448677 0.662851691 1.1768235 0.309697956
    1.28296483 0.928948045 0.998426318 1.0000608 1.02282453 1.19742274
    0.456356227 0.957471132 1.31629932 1.32819128 1.04109681 0.559008956
    0.778982103 0.71626687 1.04272461 1.26318395 1.09498262 0.870211959
    1.0807904 0.801771641 0.383007228 0.473973483 0.442537546
    0.942949116 1.23209786 0.584035218 0.623981595 1.12453163
    0.402389735 1.21846175 1.16331792 0.733059108 0.44714573 0.779737711
    0.309466332 0.903154075 0.939758599 0.369621336 0.338795841
    1.09399974 0.834162831 1.01874983 0.920554101 0.932038426
    0.839938462 1.23618042 0.522896945 1.01274621 0.453405201 1.21609735
    0.993932426 0.408392042 1.09782422 0.994414151 1.08818364
    0.492174387 0.867673576 1.18532705 0.727798283 0.615815222
    0.889015436 0.502579033 0.575560629 1.33200336 1.16954398
    0.825301886 0.669239163 0.808319926 1.23977113 0.495191216
    0.935731351 1.10784554 0.456181198 0.987254262 0.619526625
    1.21724892 0.357928395 0.955702901 1.30240452 1.1377511 0.896600544
    0.969944715 0.739384115 0.861522853 0.396466464 1.19382572
    0.95786947 0.643311083 0.545815706 1.1641767 0.476721525 0.918809533
    0.714426041 0.649992883 1.05154645 0.706393838 0.7258569 1.0976733
    0.431889683 1.19113433 1.02683437 0.535826445 0.609422505
    0.844858825 0.363290161 0.829236567 1.154212 0.82990855 0.633337021
    0.867737412 1.15270686 0.327283323 0.58127439 0.891854584
    0.461170226 1.14307475 0.915352881 0.714483678 1.04352558
    0.806320786 1.16559267 0.935155988 0.698701918 0.597871244
    0.598325551 1.28318059 0.662985682 1.2298367 0.417895555 1.06241632
    1.20800591 1.06616068 0.78411454 1.1733551 1.05712497 0.8051579
    0.359089524 0.970280647 1.29452753 0.998820543 0.500348568
    1.09110665 0.63307482 0.472193599 0.454341114 0.465846837 1.30916739
    0.970660388 1.16000998 1.29407084 0.358309567 0.764175653
    0.449349523 0.409225613 0.989363432 0.766652048 0.529060245
    0.603607714 0.332165807 0.917997122 0.447908312 1.31068099
    0.657332718 0.748232067 0.420738071 1.19791853 1.19801939
    0.410088569 1.09362698 0.718864799 0.533861756 0.870388985
    1.19704473 0.790394843 1.11978078 1.09874201 1.30313838 1.3436389
    0.579713583 0.424625456 1.02884555 1.37989461 0.617279053
    0.883338392 0.86501348 1.13175189 0.866532147 0.804028749
    0.984311759 1.04953468 0.481519014 0.547809601 0.904554248
    0.90044266 0.709608018 1.34685588 1.42815363 1.33318305 0.704334915
    1.12165284 1.30136454 1.14230013 1.40220714 1.18642879 1.38497412
    0.645503044 0.449030071 0.483173102 0.928692102 1.13876879 1.1244179
    0.708333313 1.16518307 1.09170735 0.834117115 1.26224458 0.397356689
    0.912946939 0.759354889 0.989934683 1.2086364 1.21443903 1.12479758
    1.01718664 0.573451936 1.11291146 1.04379261 0.613232732 0.938155353
    0.908286393 0.677777767 1.01685882 0.776513398 0.431635797
    1.24724185 1.31617761 0.376407743 0.74195677 0.435331762 0.519331098
    0.37535435 0.731429517 0.512432158 1.08078349 1.35676396 0.616111994
    0.860204935 0.814298987 0.538559139 1.17092538 0.834896028
    0.823354661 0.479915679 0.809152007 0.69501853 0.872303963
    0.925179958 1.23139644 0.605572939 0.77545923 0.613935292
    0.954415798 0.545943141 1.35490704 1.08579659 0.716031611 1.21109807
    0.621465325 0.573921859 1.30766988 1.12512147 0.439592183
    0.795426846 0.520845532 0.445038229 1.19253242 0.933528841
    0.676782012 1.19907367 0.444217473 1.02360129 0.522425473 1.224787
    1.16055274 1.27341104 0.699905157 0.597092271 1.33495188 1.09939742
    1.28502369 0.557728112 0.454116762 1.27407289 0.949836075
    0.544929326 0.905781388 0.940438688 0.716262341 0.369649619
    0.740132749 0.510356486 0.442128181 0.925345719 0.408204257
    0.978848457 0.728997827 0.827687204 1.19033504 0.916836619
    0.684163392 0.827028275 0.968899488 1.13840425 0.539350033
    0.391084641 0.648636162 0.8901577 1.01070523 0.9603706 0.784911156
    1.09933734 1.33922851 1.31817865 1.34168947 0.991681337 1.11339283
    1.17448223 1.12010729 0.654009044 0.579889596 0.564372897 1.24538827
    1.37333739 0.929464877 0.853759885 0.615154445 0.890722096
    1.28169668 1.19881082 0.892647386 0.740472376 0.409532309
    0.607675433 1.27900684 0.646293104 1.2112509 0.616227925 0.694208264
    0.601023197 0.814360499 0.504797578 1.36533976 0.575443089
    1.29114497 0.753750622 1.18014538 1.10605752 0.934242308 0.738273978
    0.769757926 1.20591629 0.416252792 0.423071474 0.705226779
    0.454241395 1.1750288 0.701683342 1.1724776 1.07167161 0.411853462
    0.544077218 1.26509261 1.38731813 0.975434303 1.3650893 1.10468423
    0.451940596 0.622211874 1.19327843 1.35092402 0.671527803
    0.702033162 1.1872431 0.868476093 0.583721697 1.06136692 1.16261339
    1.23217142 1.41383314 1.12525797 0.622501194 1.23486686 0.987784982
    1.31358087 0.544970334 1.32919788 0.745376229 0.466644526 1.41898978
    1.00541735 0.441897929 0.455062091 1.26235819 1.39480162 1.27578127
    0.730311394 0.641043842 0.973977506 0.446825743 0.897668123
    0.387529105 0.40096128 1.00610721 0.386430949 1.27818978 1.26814711
    1.00242615 0.854012787 0.446522981 0.500679791 0.892970741
    0.726308465 1.24127245 1.2447865 1.01531565 0.832292676 0.561543345
    0.83931458 0.802743793 1.25207937 0.720835567 0.687804639
    0.614460528 0.943654418 0.74117744 0.617831469 0.485431403
    1.40247691 1.30153477 0.533738494 1.44158792 0.857150853 0.480792969
    1.3593142 0.44998458 1.00021994 1.249946 0.474924266 0.555553913
    1.16577458 0.908512175 0.795493007 1.49341023 1.42562556 0.86599195
    0.731585681 0.995756507 0.719036222 0.940480411 0.574272752
    1.24819613 0.454705536 1.27832496 1.42805541 0.447859526 0.521476865
    1.40101814 1.35067439 0.986208022 1.15134037 1.09210837 1.01483858
    1.28099048 0.986715078 0.949970603 0.779643714 0.598180652
    0.556365013 1.10146248 0.75535208 0.864641786 0.640166402 1.43016934
    1.34247839 0.706472874 0.67039156 0.731531441 0.608496726
    0.465702951 0.628080428 1.08177829 1.18204558 0.901933491 1.3092252
    1.31320453 0.725434661 0.887628317 0.450935662 1.15182781 1.07608247
    1.43627846 1.26244676 0.940673351 1.33780909 1.35268188 1.35807967
    0.799403667 1.05758274 0.47023946 1.17792523 0.508755863 0.810586929
    1.39481628 1.01427567 0.452397555 0.766303122 1.0874784 0.523380935
    0.520409346 1.00021291 1.3058598 0.586917222 0.927071393 1.38943386
    0.743190408 1.01656556 1.35205841 1.29284346 0.929600596 0.582112849
    1.33708119 1.37995017 1.28310227 0.974482179 1.08960462 1.35597932
    0.508741796 1.23607993 0.637639642 1.33600891 0.490964562 1.12717175
    0.656541348 0.563864827 0.921049416 0.581333697 0.612120152
    0.50738734 0.615160584 0.86055696 0.970419705 0.47287342 0.532358408
    1.22240317 0.862258911 0.630405068 0.711380601 0.44773972
    0.497174054 1.04550683 0.791420996 0.56800884 0.704223394 1.22749639
    1.0447036 0.44699654 0.765961647 0.784398139 1.15170979 0.506829202
    0.509546399 1.34483933 1.25630522 0.605932534 1.33378005 1.19672239
    1.45322716 1.2584033 1.19572151 0.930617929 0.917716563 1.37140536
    1.42547929 0.646988571 1.22314465 0.951368451 1.42490399 0.747315288
    0.756267011 0.718174756 0.863643706 1.14348757 0.726354957
    0.71848011 0.677524507 0.694210947 0.558175147 0.580384076
    0.602768719 0.516221166 1.27881074 0.797873318 1.14471531
    0.769379914 1.40198255 0.49477917 1.33556259 1.44505715 1.26549375
    0.607925236 1.29417658 1.3247335 0.754531741 0.939582944 0.62180239
    1.04559612 1.42924786 1.37787616 1.2517724 0.52330339 0.505086422
    1.09294748 1.35203123 0.595897377 1.41242194 0.925995469 1.24210477
    1.19874048 0.572093844 0.500014961 1.37653518 0.781753302 1.3151778
    1.42659295 0.801133633 0.763071001 0.542645216 0.581147909
    0.884124875 1.35387945 1.14903235 0.606074154 0.729723215
    0.832600772 0.525698483 1.20307994 1.00653231 0.849155128
    0.544814289 0.986455023 1.38091242 0.947373331 1.31764376 1.35489655
    1.27152526 0.743105054 1.14253151 1.28821838 0.875747383 1.2176528
    0.701566339 1.07720494 0.512650251 0.621610165 0.96066469
    0.907476246 0.419245213 1.29367638 0.667370319 1.17842078 1.00528693
    0.980504751 0.63614434 0.873373985 0.998392403 1.24416113 1.19726396
    0.992157638 0.943837404 1.00751805 1.16385972 0.731258512 1.01369178
    0.603811026 0.961357236 0.993525267 1.24519825 0.539961219
    1.18335235 1.19994819 1.40695381 1.4269681 1.33993351 0.86642015
    0.870690823 1.05562818 1.21377623 0.538335323 1.21933413 0.639503121
    1.12816453 1.47960246 1.15278399 1.21374357 1.40266514 1.14049482
    1.28381073 0.8795802 0.661386967 1.34993815 0.913692117 1.10311699
    0.978943706 0.941862643 1.38698471 0.64723444 0.765772104 1.24618852
    0.527756333 0.753376842 0.840448797 0.958831012 0.547178149
    0.852966905 0.510532022 1.32528162 0.520705223 1.26119852 1.16589165
    1.44156229 0.657880008 0.549371004 1.00369871 1.3418833 1.38694906
    1.08146143 0.986688256 1.14335883 0.942071497 1.35779333 0.680385947
    1.25074267 1.46872699 0.860044658 1.1584692 0.536782861 1.2314769
    0.822610021 0.516023278 0.830519974 1.45491099 0.761589766
    1.28607476 0.772100508 1.14501512 0.832624376 1.41678882 1.11773825
    0.809598327 0.686671257 0.75010103 1.24333906 0.919552505
    0.705897152 0.959528744 1.39818621 1.25091469 1.22885299 0.82502073
    0.988153577 0.620145738 0.536220193 1.47833669 1.06571221
    0.663336039 1.04946673 1.02602708 1.27454293 0.655940652 1.31643069
    1.35877967 1.41677034 1.34395647 0.822327852 1.30722833 0.745223165
    0.669966578 0.930022836 0.863813519 0.886701286 0.816398501
    0.971235752 0.841377139 1.21381032 0.862861872 1.40105164
    0.836590111 0.805728257 0.641113222 1.31373024 1.23355067
    0.642572343 0.556900918 0.789460838 0.861148298 0.773082614
    0.473246664 0.585578918 0.797539175 0.794371665 0.715088487
    1.43298626 1.20892334 1.28135109 1.08447587 1.11910605 1.22588098
    1.19544899 0.503642082 0.840995848 1.27507806 0.815635502 1.15624118
    0.822687328 0.656367421 0.944904327 0.601519525 1.13460529
    0.69849962 0.582914233 1.04088986 1.13250327 1.2667712 0.991447508
    0.940877914 0.835048437 0.530484498 0.76290822 0.611059368
    1.25138795 1.3450737 0.753757179 0.594319403 0.530416608 0.538823664
    1.2275219 1.25794899 0.665681064 0.622597575 0.953442931 1.32877982
    0.636261702 0.794593155 1.31798482 0.521299362 0.475907832
    1.10612941 1.13804173 1.40872538 1.0033046 0.534139276 1.36445785
    0.541956306 1.25845551 0.948997498 1.23932338 1.41719556 1.1001339
    0.942762852 1.38214374 1.30822515 0.726334512 0.658749104
    0.491282076 0.608597159 0.653123021 1.4516567 1.02043176 1.41825676
    1.00764835 1.02335286 0.60411793 1.09210789 1.18133545 1.01106346
    0.601436257 0.604841828 1.1793803 0.898665488 0.691539824
    0.787698507 0.694843411 0.949706852 1.06202352 0.948712587
    0.65204972 0.643891633 1.12752652 1.17633677 0.730323851 0.640502393
    1.42495596 1.09505308 1.31446922 1.30080664 1.28126132 0.84814769
    1.46660352 1.16694224 1.17843318 1.2329483 1.49144077 1.45536828
    1.01387799 1.31754839 1.35399878 1.19933736 0.830280483 0.496377885
    1.44224739 0.750470519 0.958605468 0.93093884 0.578279018
    0.476203054 0.731072187 1.07356918 1.43953848 1.45129216 1.02381492
    1.38999975 1.5029645 0.908337831 0.860374987 0.926938474 0.956817031
    0.481497705 0.606478512 0.518783867 1.24915016 0.511756361
    0.750027835 0.663523495 0.644427538 0.552403927 0.712342441
    1.27716923 0.634445131 0.670665264 0.550760269 1.48110068
    0.915092647 0.861150205 0.70654279 1.36154771 1.47612858 0.709728479
    1.07994962 1.4342823 0.768372416 0.951332211 1.48142695 1.42131341
    0.877465546 1.36844468 0.713984013 1.47070098 1.48870134 0.745244622
    1.29638183 0.928984642 0.942310035 1.30975258 0.778064847 1.35376263
    1.01077521 1.11280966 0.612344444 0.52502048 0.880226076 1.05419481
    1.43562222 1.41564953 0.812229335 1.02722454 0.598886609 0.639800787
    0.529596448 1.29262412 0.578125477 0.735994101 1.49458528
    0.935073137 0.72149545 1.34232676 1.22262466 1.02107 1.26126146
    0.86531359 0.958321989 1.40684819 1.25041485 1.16805112 0.539380431
    1.19369137 1.40478718 1.22366512 1.37626946 0.685234189 1.25887406
    0.788644075 0.913472056 1.07006729 1.45572424 1.46238625 1.19271731
    1.47761047 1.13085043 1.26543188 1.33527946 1.01822138 1.3012265
    0.657057762 0.553786635 0.798054934 0.786022007 0.959781051
    0.951505959 0.981985092 1.31065786 1.4187299 0.915101171 0.717532277
    0.67819643 1.39357078 1.01385903 1.32476163 1.1953758 0.736890018
    0.992774606 0.623596549 1.16414118 1.46509385 0.957426965 1.42105603
    0.744256198 1.49141228 0.777710259 0.844148755 0.677274883
    1.20302463 1.15180326 1.25696254 1.14323044 0.9443838 1.34459567
    0.767365217 1.27345681 1.44684601 1.22781646 1.23461223 1.41308522
    1.0506767 0.884670615 1.09587014 0.647513032 0.588454068 1.34191823
    1.5193336 1.18165195 1.43255222 0.603373349 0.72980994 0.851777554
    0.924978673 0.639224052 1.00600481 0.84108907 0.593706429
    0.689263761 0.751936138 1.01994824 1.22610307 1.45201421 1.08593225
    1.14058638 0.971660912 0.934169769 1.27901649 0.993138194 0.79419148
    0.967932343 1.12221527 0.617510736 1.24785626 0.926148295 1.0947789
    0.683520377 0.504649818 0.83688277 1.18668485 1.27604556 0.923115432
    0.531703174 0.889970779 0.923550904 0.925459802 0.49148193
    1.26396561 0.919586897 1.12045491 1.23688984 1.03644753 1.42199135
    1.41435468 0.716707885 0.716527522 1.49401665 1.11724675 0.64152503
    0.888846457 0.727166533 1.51287627 1.51053858 1.1891712 0.907272339
    0.571537197 1.19168842 0.882749259 1.05681932 1.04079854 1.44653726
    1.28285146 1.23056984 0.886030197 1.3998611 0.846187651 1.08761859
    1.52225602 0.725249708 1.43435311 1.31669307 0.596771359 1.03493667
    0.942357183 1.38759255 0.909203947 1.17366278 0.545310557
    0.950443447 1.11538339 1.14090085 1.29589331 1.49950099 1.44246435
    1.46301806 1.46853459 1.07696998 0.86265558 1.31331372 1.51617765
    0.853345573 1.54498851 1.25329661 0.916180551 1.39707565 0.579874992
    1.09209418 1.47088885 0.81581074 1.39569175 1.03890431 0.964519739
    0.883989811 0.755043209 1.35180581 0.518842161 0.540534258 1.142524
    1.02270341 1.33457446 0.550121963 1.32557964 0.947177052 1.37096798
    0.695439398 1.28195179 0.619513512 1.49935186 1.45234847 1.14653873
    1.37212145 0.907436609 0.864841759 1.09854388 0.377386332 1.36332059
    1.23119879 0.810520768 1.22667623 0.922524333 0.605085552 1.51563346
    1.10647702 1.0324769 1.50633717 1.07674539 1.28890705 1.36247838
    1.24950147 1.49593461 1.20157266 1.50517321 1.00177026 0.818333447
    1.03624403 0.71241343 1.32012343 1.11743867 0.992413342 0.735043943
    1.08599257 1.54911339 1.47180426 1.10816181 1.51396501 1.31346953
    1.49308097 1.48728395 0.642469466 1.17332113 0.573265731 0.831061304
    1.00642741 0.520252109 0.859090865 1.20158267 1.20679474 0.744155943
    1.33333802 0.97538054 1.38838243 0.909339368 1.39945972 1.10507107
    1.31740916 1.13147187 1.39803529 1.23259294 1.26899791 1.30618513
    1.17896032 1.2348038 0.744253397 1.27779377 1.14402342 0.544442177
    0.962214589 1.21066308 1.45741045 0.985484719 0.775747955 0.8478899
    1.33388543 1.34808218 0.791090429 0.731483579 1.12541282 1.11460793
    0.954678595 0.804864764 1.14125073 1.17054796 0.891332507 1.44781685
    0.735231698 1.28284001 1.31955981 0.721031904 0.610552788 1.26994276
    0.632704675 1.31800699 1.36845934 1.20185244 0.945722878 1.16912842
    1.32026505 0.71601516 1.01704538 1.2689079 1.22664273 0.991669536
    1.11754239 1.44688761 0.69373244 0.899123311 1.18106318 1.50486791
    0.842909694 1.41954577 1.30029213 0.765375435 1.04170406 1.37802947
    0.906458199 0.834507763 1.52175164 1.43519843 1.25897479 0.99665451
    1.02394962 1.48792994 0.819325805 0.859654486 0.914636552 1.1596334
    1.25130677 1.29315865 1.03149652 1.34574366 1.20079458 1.24671197
    1.54333615 1.50173676 1.45950079 1.1239953 1.28228617 0.658857048
    0.584818244 0.733705997 1.10012853 1.08642757 0.894883156
    0.676088989 0.793398559 0.946307361 0.682123721 0.822224915
    1.04874086 1.2712816 0.897904992 0.620905697 0.768667579 0.958794713
    1.12867475 1.03952992 1.3058784 0.661320865 0.799628973 0.629477382
    0.671390235 1.19693875 0.742834628 1.1047039 0.82920593 0.848649621
    1.36901331 1.19338977 0.841388643 1.23781228 1.45474374 0.558861971
    1.46567249 0.905278206 0.87014401 0.874308527 1.52031779 1.48707116
    0.878608227 0.905109107 1.31302035 1.1122551 1.02946115 1.49576974
    1.09020424 1.47623491 1.38291728 1.31339502 1.4673841 1.00579786
    0.775471568 0.673683286 1.46258926 0.869483113 1.37162828
    0.858046651 1.44276381 0.944722354 1.03187239 0.737049103 1.29064667
    1.17942703 0.912229955 1.5051502 1.5139761 0.792503476 1.22425103
    1.27146482 0.737551749 0.571262956 0.595073462 1.14605141
    0.700171411 0.538600206 1.01475751 0.711316586 1.30269277 1.44692564
    1.51605392 1.26516175 1.02070773 1.04471564 1.49898171 1.22828114
    1.37914658 1.2017622 0.88010484 1.17617881 0.578709602 1.23608804
    1.50028205 1.30177712 1.15472209 0.735714436 0.813536882 1.35410988
    0.929624319 1.0257889 0.916551888 1.28492951 1.10526669 0.917415857
    1.40222025 1.19678867 0.832736731 0.717062235 1.00099504 0.588952661
    1.52727032 0.915609419 1.27779675 1.44536293 1.34625041 1.34343302
    0.706684887 1.09454429 0.64467299 0.532517076 0.848640442 1.0609895
    0.684247196 1.25666797 1.33708119 1.18457437 1.16080427 0.967213869
    0.857719898 1.07059431 1.53519738 1.54700124 0.812592208 0.581555843
    1.27289104 1.05980337 1.32211208 0.718353033 1.48861456 0.729619384
    1.10353279 0.785850704 0.956974387 0.811577737 0.906385005
    1.19412279 0.906651616 1.45944917 0.615444899 1.56029141 1.38971007
    1.49746978 1.26994848 1.26622593 1.0975455 1.27377522 1.08330476
    0.91363728 1.3934058 0.938934624 1.44586265 1.13277984 0.554385304
    0.737876654 1.36387897 0.666111827 1.51747656 0.848104715 1.3981117
    1.08689773 1.28889024 0.676388621 0.727604866 1.15242171 1.5062263
    0.97305578 0.895159423 1.57594848 1.35101438 1.59767735 1.56701684
    1.24947917 1.07271218 0.783491611 0.945801854 1.49984097 1.47655606
    1.00268507 1.2640121 0.641939282 0.621569574 0.876421034 0.702290475
    1.55542064 1.02148211 0.939521849 1.52677512 0.991460562 1.41400766
    1.31140542 0.969358981 0.684517026 1.27587175 0.845024168
    0.887341619 0.778612256 0.608094573 0.604777396 1.1986208
    0.977490187 0.84277451 1.54433262 0.763151169 1.09645081 1.15075564
    1.41621387 0.749248326 1.25878191 0.750708878 1.0684551 1.31319427
    0.728487372 1.47197092 1.54355967 0.961406052 0.985107899 1.41718769
    1.06760442 0.667782426 0.654482901 1.201684 0.582900643 1.15891147
    0.899043918 1.1251353 1.55775023 1.02327299 0.759935558 0.989247561
    1.13167965 1.00652969 1.46657062 0.764136851 0.723391891 1.52306747
    1.25644886 0.717514575 1.09157574 1.21461153 1.5281049 1.03367853
    1.23136044 0.814019144 1.16101694 1.11906934 0.93959558 1.24909031
    0.674366653 0.944886982 0.733321667 0.672993183 1.26963663
    0.698593795 0.557181954 0.856218338 1.3590194 0.74107486 1.45027936
    0.640449286 1.32119846 1.08771265 0.88058883 1.40741384 1.20842087
    0.975552261 0.897064269 0.957589269 1.22389531 0.541126013
    1.44017792 1.29169524 1.24166977 0.735637903 1.26146352 1.19751585
    1.3599298 1.14893293 1.11868429 1.01697755 0.85057646 0.825919926
    0.88112396 0.642649293 0.953839719 0.875641406 1.25166237
    0.878472388 1.36907876 1.50058711 1.13739848 0.710667431 0.938822925
    1.11803448 0.743821502 1.26663983 0.980407834 1.08759272 1.13316727
    0.599033713 0.709839225 1.54393041 0.950637817 0.798359692
    1.19785702 1.07037842 1.25933254 1.50503588 1.56331515 1.48550248
    0.61323905 1.08170521 1.5469389 1.34479356 0.894766808 1.01114988
    0.755268097 0.999520719 1.17471349 1.22653306 1.2636621 1.30893528
    0.792223632 1.01945841 1.2347039 0.676560223 0.905329943 1.14094841
    1.26503074 1.29081523 0.717939615 0.83642745 0.964276135 1.35070872
    0.62509954 0.648989618 0.921394944 1.0809741 0.601913512 1.19232583
    0.709629953 1.56050205 1.21189415 1.44697547 0.687519729 1.05677783
    1.47658408 0.704440296 1.22786725 0.937259316 1.49586248 0.795879722
    0.667791545 1.04643071 1.28726256 1.12801564 0.845745027 0.753512681
    1.40035594 1.46416998 0.780850828 1.27871466 1.27242506 0.550938785
    1.49085009 0.484320819 1.10661888 0.542250156 0.293024451 1.12538171
    0.938142896 1.13656938 1.51141465 0.9971174 0.896229923 1.49393404
    1.11720085 1.46565402 0.762066662 1.38305199 0.994709849 1.31423414
    1.03581607 0.752088666 1.11976552 0.694247425 1.16491663 1.30700028
    1.4810977 1.2668556 1.36616516 1.16607487 1.40962982 1.58474028
    1.25934172 0.734085917 1.3543036 0.774989247 1.2920059 1.33694303
    0.712231576 0.991820991 0.65641439 1.54176772 1.18537116 0.740139902
    1.49818695 0.845639765 1.30591094 1.28712475 1.16991365 0.668630779
    1.09134543 0.723730385 1.21621668 1.18083632 0.689145207 1.02286291
    1.11794305 1.07240498 0.737922549 0.863317192 1.22888339 0.729359269
    1.38715541 1.0347867 1.40644324 0.938905239 0.950258076 1.53215051
    0.893680871 0.896743894 0.787113786 0.798659444 1.22423065
    1.28643954 1.07291639 1.24893177 1.06056345 1.14757001 1.01371372
    1.54898834 1.4746027 0.792954385 1.5990411 1.48285699 1.52393866
    0.924330473 1.07096624 1.1461972 1.17022443 0.596223593 0.765755057
    0.808235943 1.32137156 1.04014909 1.29381347 0.812109351 0.967603683
    0.867458999 1.25157988 0.775704741 1.41537142 0.856959343 1.05532086
    1.48561478 1.25216782 1.55679667 0.941594362 1.34379232 1.50839949
    1.20370352 1.16370189 0.983267963 1.11666787 0.802888453 0.797377348
    1.2841773 0.863991559 1.52113342 1.14062285 1.19410408 1.57098627
    1.19589055 0.830394685 1.16861951 0.625144184 0.787542105 1.11590421
    0.63410306 0.861312866 0.592529356 1.20191729 0.741186321
    0.833002985 0.79176718 0.629313052 1.51285315 1.32157028 0.956005871
    0.733172297 1.31411219 1.2261883 1.53855348 1.25920296 1.33114874
    0.888328433 1.42666233 1.19532919 0.790692866 0.645634413
    0.941841722 0.863653719 0.795027614 1.03702319 1.13925612 1.18649054
    1.5003649 1.40939367 1.55614603 0.911696017 1.17141235 0.689884663
    0.761780739 1.1215589 0.98007673 0.570724487 0.922082722 0.645474911
    0.642270267 0.766951084 1.34740889 1.29236734 0.951702356
    0.576924622 1.15460527 1.08846867 0.903722227 1.27583718 1.0404563
    1.48697102 0.608449936 0.836176693 1.36827159 0.564991713 0.53582114
    1.30068874 0.599371076 0.872251928 1.40763128 1.36118257 0.910369277
    1.15516448 1.48225033 1.26100922 0.652808964 1.16797996 1.12882316
    1.4434104 0.847356975 1.31380868 0.866221607 1.41603303 1.41361475
    0.734459043 0.953948736 0.861075222 1.46950877 1.13548017
    0.860675812 0.745035589 1.12262702 1.28266466 0.670637071 1.13469791
    0.91434598 1.26906574 1.16201162 1.07504714 0.996876538 0.822131634
    0.849049151 0.663485229 1.21994734 1.35889149 1.31081402 0.650619924
    1.56713915 1.4006412 1.48418367 0.822054029 1.13742697 1.01669025
    0.862218261 0.774051726 1.17798948 1.03968883 0.840325832 1.51793337
    1.11124635 1.55344903 1.30124283 1.09365427 0.873959303 1.26345086
    1.19898081 1.18436027 1.42153704 1.45087087 1.55462658 0.825523376
    0.969300628 1.0949682 1.03094971 0.99642092 0.641625643 1.41198504
    1.32962775 0.887742281 0.746168017 0.762671769 0.799506545
    1.12028587 0.871216357 0.543168545 1.29170239 1.17328072 1.43345106
    0.889321983 1.26676989 1.43456578 1.42658556 1.08676696 0.673180461
    1.02044749 0.93111372 1.18147039 1.19307363 0.753490806 0.940934658
    1.11910462 0.631586671 1.07246375 0.978742421 0.753633976 1.44574058
    1.11001933 1.51770258 0.758884907 0.600007415 1.3443805 1.10339069
    0.59572953 0.761437714 1.1070199 1.14713848 0.86073786 1.30033731
    1.20932174 0.651198924 1.10147393 0.61414063 1.31630731 0.593728185
    1.38764715 0.93225199 1.26112473 1.15745282 1.17214918 1.32230079
    1.27850199 0.864844084 0.675670266 0.859822929 1.12656307 1.4601258
    1.5931375 1.21750951 0.849591672 1.13731837 1.14730835 1.10892093
    1.12458301 1.20308232 1.3456409 1.54375863 0.719536364 0.721143365
    1.23538029 0.679825783 1.08306122 0.586615086 0.637538075 1.46174192
    1.32168102 0.873629034 1.04785359 1.03133798 1.09523726 1.47162592
    1.01680636 0.76686883 0.767171383 0.811672926 0.901626766 0.82658124
    0.720302641 1.1848737 1.01339269 0.881126463 1.3937099 1.40373659
    0.611444116 1.03708577 1.30709636 1.07480502 0.889014602 1.03055847
    1.5876441 1.24771595 1.25328755 1.30963123 1.5833025 1.28766525
    0.915246248 1.3369416 1.55435026 1.24796021 0.716022909 1.06724215
    1.04075074 0.710460424 1.25533402 0.573032796 0.789101422
    0.820256233 1.462412 1.35669315 1.45868099 0.659912765 0.759318233
    1.0046227 1.38368821 0.868178606 1.10419869 0.62377882 1.23275876
    1.15154552 0.873799503 0.688019037 0.742818713 1.39503658
    0.567091465 0.643781781 1.54663289 0.819711328 1.13857675 1.37842786
    1.00255907 0.923364639 1.02638328 0.610770881 1.34507835 1.29327321
    0.998890758 0.751228869 0.617560208 1.33877206 0.700663686
    1.13841021 1.23468792 1.43472755 0.947952211 0.669397831 0.653623819
    1.43514848 0.747392893 1.47227561 0.905463219 1.0432477 1.16869414
    1.42591012 1.0852524 0.751953661 0.673681915 1.36771071 0.709018648
    1.21219552 0.792956889 1.09553146 1.55136538 0.994580209 1.44149017
    1.34964764 1.22558379 0.701928794 1.31630766 1.39122987 1.2335428
    0.656766772 1.23641706 0.799893737 0.993249059 0.662496507
    0.790214598 0.958256006 1.44495368 0.663524866 0.694615185
    1.44976437 0.700159371 1.50495899 1.24200416 1.34587669 1.40801513
    0.609253347 1.1766808 1.5131073 0.825393021 1.02970314 0.68717438
    1.18768084 1.25442696 0.909552693 0.884206355 0.985924363
    0.831671953 0.796417236 0.919777036 0.812779069 1.47883499
    1.32103133 0.725560546 0.733747959 0.556052089 0.952366173
    1.50965929 0.797204256 1.5140202 0.974057734 0.902816355 1.31934857
    0.824178517 1.48569608 0.643136024 1.55852103 0.757920384
    0.751044989 1.00991547 0.998207688 1.22485805 1.25624764 1.58367419
    0.976619482 0.960343063 1.0815134 1.49626911 0.85526222 1.54038906
    1.16951203 1.2455076 1.42449403 1.16171122 1.22469592 1.30498433
    0.961028278 0.938267112 0.57033211 0.932213128 0.955808043
    1.24540365 1.56706703 1.14587307 0.983879805 1.2195307 0.703489602
    0.975220144 1.0192858 1.36607647 0.502650023 0.501002192 1.20402765
    1.24155688 1.24060094 0.871939361 0.822466433 0.792039812 1.10298014
    0.703615546 1.57271075 1.37812293 0.758241296 1.27041805 0.999548614
    0.932315528 0.598089933 1.30639315 0.90732491 0.984802186
    0.719140172 1.47250068 0.983091831 1.24238443 0.928637743 1.32432365
    1.34605992 0.936489344 0.843945205 1.40810561 1.00255597 0.60043925
    0.826346993 0.996699274 0.990042984 1.29873872 1.52024186 1.00497282
    0.547780991 0.674435914 1.51429582 1.15681708 0.59384644 0.9530527
    1.30438542 0.819601417 1.22084403 1.33538938 1.53486872 1.56657362
    0.882946372 1.35544908 1.45276999 1.4392159 0.624503911 1.28387296
    0.816602767 1.56141627 1.16980469 0.987951517 0.955169439 1.24920464
    0.89718473 0.570402622 1.431952 0.721195221 0.886402965 1.51799107
    0.876690865 0.729602516 0.614777565 1.4638772 1.35925746 1.44483232
    0.878864527 1.47680759 1.12032425 1.13997376 1.54471588 1.08946073
    1.42701662 0.81187433 1.16714513 1.03138828 1.35791588 0.524369359
    1.14930069 0.626506507 1.14913309 1.14048052 1.55428374 1.34423876
    1.18221796 0.794518054 1.33492768 1.26590192 1.61398423 1.56889772
    1.04801822 0.69762522 1.16136396 0.721321881 1.28859818 0.57860738
    1.29513264 0.735919774 0.805758178 1.28796828 0.889611304 1.10913754
    1.49491477 1.36940706 0.543204427 0.950992107 1.20266962 0.916845262
    1.27953196 1.15496874 0.677890897 0.731471479 1.08589232 0.793140292
    1.10640323 0.819283307 1.48031139 1.31214023 1.29991663 0.563863575
    1.35973763 1.33227384 0.958965421 0.848992765 0.973570406 1.21494508
    1.11431181 1.40248203 0.777334571 1.48599482 0.95762676 1.11273897
    0.678882182 0.563739121 1.30123889 1.45754278 1.27104378 0.529518485
    0.576897502 0.96206522 1.08181465 0.707937062 1.35436785 1.51019144
    1.46649647 0.900201082 0.580626249 0.903274298 1.49617493 1.35039556
    1.16533017 1.01838839 1.0214318 1.45119619 1.25435543 1.16440213
    1.42462909 1.57004595 1.37411404 1.40013206 1.28560424 1.42619741
    1.01767814 1.44283187 0.915074348 0.711352587 0.983165324 1.03603292
    1.42951787 0.922149122 0.719870687 0.911925018 1.26156723
    0.596610963 0.947474897 1.07573938 1.11545026 0.827444553
    0.875881672 1.31141949 1.21835399 1.50932968 1.41178572 1.14310718
    0.961638629 0.741631508 1.3421402 0.766231716 1.00457919 0.619732499
    0.723822594 1.24871635 0.923268676 1.37335372 0.997836113 1.49071801
    1.49218643 1.19494665 0.553215981 1.26773131 0.859623551 0.747148573
    1.12022328 1.53202689 0.663079441 1.34612012 1.39597487 1.37284958
    0.712598085 1.2776407 1.34261143 0.991412461 0.627913713 0.989881933
    0.660565138 1.52806115 1.53513622 0.924379051 1.35434604 0.908310771
    1.5296545 0.794400334 1.40778422 1.38133395 1.49072361 0.874687493
    1.51848984 1.1361388 1.53899693 1.27310836 0.860489488 0.884310901
    1.49215138 1.01197326 1.22491384 1.52067554 1.11476147 0.629592299
    1.08203304 0.938182771 1.33735573 1.55398965 0.952250123 1.24491572
    1.43590617 1.07052791 0.570935667 1.04797447 0.665190518 0.676786542
    0.497000486 0.583196521 1.28630733 0.943950236 1.47405434
    0.879927754 1.39680111 1.28371871 1.18026757 1.40378666 0.668843389
    1.36259532 0.984965861 0.583230257 1.33506632 0.902092099
    0.903527558 0.610241115 1.37278092 0.859320164 1.41329265
    0.664276719 1.10353899 1.0109911 0.939297616 0.832107544 0.781157076
    1.49464762 0.801487505 1.07406127 0.543315232 1.29489446 1.22127247
    0.679912746 0.797244072 0.854665577 1.4789952 1.07736218 1.14261329
    0.92954874 1.17949772 1.05222142 1.08009541 0.943081737 1.38378406
    1.35137236 0.749304354 1.56824172 0.788115919 1.25776422 1.19512987
    1.54391551 1.47519386 1.29042351 1.09470713 1.22657311 1.34536636
    1.3573606 1.24152064 1.20353138 0.805536747 0.75778985 0.802243948
    1.02449715 1.06925511 0.920754969 1.0228883 1.12366807 0.902666152
    0.982351184 1.06327713 1.07025194 0.740704656 1.40103543 1.51343131
    0.896842241 1.11732793 1.39923859 1.3289057 1.51494074 1.47177327
    1.37892604 1.09881246 0.620401144 0.684363484 1.1109966 1.17264318
    0.779039621 1.44085765 0.815136909 1.58476472 0.675067961 1.25701463
    1.59708667 1.42029786 1.25323176 0.701224864 0.871075332 1.57637262
    0.934330761 1.06180847 1.47298193 1.10058689 1.36620331 1.1477226
    1.20778191 0.542372108 0.526015818 0.619847119 1.10961664 1.26906669
    0.950974941 1.13442385 0.706015587 1.41058183 0.667011797 1.04964113
    1.18479705 0.849731505 0.943125367 1.34230971 1.28215313 1.45937598
    1.04176259 0.638947904 0.625376344 0.635375798 1.31346476 1.4140234
    0.65480423 1.57737553 1.14369404 1.60328567 1.38232636 1.19153202
    0.941963077 1.103333 1.2323916 0.959652841 0.874950767 0.702318788
    1.41442561 0.925558448 0.881218016 0.828574061 0.626293421
    0.919667363 1.18523788 0.889643967 1.49565506 1.10424995 1.36368632
    0.566409528 1.47513926 1.03331959 0.85114944 1.19642794 1.4315629
    0.996023655 1.2550211 1.44636178 1.05295074 1.01915503 0.873827219
    0.602594614 1.3210212 0.866889 0.825561345 0.726825237 1.06400633
    0.98729074 0.584706187 1.25233173 1.14594197 1.22962689 0.691276073
    0.825908422 0.581886292 1.33888185 1.19201112 1.1454823 1.55865741
    0.755067468 0.675424039 1.35463095 0.990455687 1.35174847 1.18908918
    1.12467527 0.629158854 1.20419443 1.02975428 1.33448935 1.35069394
    1.12676823 0.74267596 0.8511343 0.686323166 0.901398957 1.41464424
    1.46418738 1.25265336 0.55313009 0.634640753 1.13357067 0.868748128
    0.812410414 0.570902109 1.15047145 1.18513119 1.09717274 1.26919127
    1.32206368 1.1308279 0.616004407 0.61560142 0.854115427 1.4735198
    0.872083545 0.711073577 1.54557049 1.01335073 0.698542178
    0.853073895 0.965542078 0.961306691 1.18290591 1.12201786 1.34940374
    1.26596379 0.817941487 1.0155201 1.43076634 1.31296384 1.1192342
    1.54188478 0.796493769 0.823197126 1.24603033 1.54796636 1.12249207
    0.580695093 1.52182293 0.672492683 0.729916573 1.10480201
    0.920107126 1.19196856 1.53796124 0.890668154 1.24293113 0.758647799
    1.28499007 0.734113395 0.403816104 0.420420766 0.962029397
    0.46149683 0.806036711 1.36867142 1.33361268 1.03758264 1.36690271
    1.55987096 1.57617199 0.643454134 1.3530041 0.908729851 1.44661093
    1.4298749 1.50189316 0.574777484 1.08532643 1.51747668 1.36530519
    1.14549994 1.58230197 1.5764488 0.979909897 0.659548044 1.42077768
    1.48643708 1.39631999 1.46513069 1.25857437 1.06882262 1.42462754
    1.01270354 1.29647374 0.616814613 0.537039042 0.893268347
    0.996783853 0.629409015 1.1077764 1.3677398 0.612803936 1.11130869
    0.597924113 1.1160053 0.755921662 1.42834842 1.35981345 1.37079573
    0.938643217 1.53176296 1.21316814 1.25824487 0.834918976 0.887420893
    1.38029921 1.19332683 1.01987684 1.52188432 0.669891596 1.43141127
    1.43612111 1.47963011 0.798654258 0.804137468 0.866210997
    0.575907409 1.5219785 1.05763412 1.52869332 0.638329566 0.889421821
    0.837828279 1.11800253 1.52354169 0.634913683 1.07558727 1.15849757
    1.56299651 1.41215706 0.655590057 0.85635823 0.651434541 1.22247088
    1.04973769 0.81992507 0.688929677 1.05478787 1.57359409 1.06898677
    0.761072278 1.16027868 1.03734708 1.03390336 0.647450686 1.4671638
    1.26972914 1.29784489 0.625336885 0.957519293 0.928804398 1.29052997
    0.588010132 0.764968753 0.592196763 1.05223572 0.739778399
    0.683295667 0.861878812 0.58885324 0.951318443 0.618178308
    1.06562626 1.11077392 0.586684883 0.888931155 1.03742671 0.970427036
    0.677812099 1.16076899 1.0552603 0.599767387 1.21411741 0.663473666
    0.940369546 0.604337335 0.838504612 1.52638733 1.41732407
    0.636750758 1.41710341 1.35466516 1.40164638 1.55787754 1.61932039
    1.45640576 1.23727417 1.29648769 0.66940856 1.10586166 1.48171008
    1.06631947 1.11491609 0.669078171 1.39305973 1.103181 0.572058618
    0.950551033 0.974531889 1.15944481 1.09128773 0.678839266
    0.558277547 1.04626322 0.775374472 0.902260661 1.49975801 0.96389842
    0.634502947 0.807552576 1.36842322 1.21887839 0.747337103
    0.811117887 1.00472867 1.49263263 0.841108501 1.41936064 0.996572256
    1.19004297 1.41153812 1.28173018 0.687814534 0.719864964 0.756615818
    0.618724465 1.01226497 0.593844295 1.33510339 0.564433336 1.26630867
    1.33852673 1.09013021 1.20322466 0.754523635 0.745048761 0.771589518
    1.44190311 0.783850491 1.36356771 0.947986126 1.4839325 0.911959171
    1.26556015 1.23691022 1.00084233 1.34136403 1.44792771 0.70900929
    1.12248409 1.12507665 0.814644217 1.30863941 1.04298198 0.896577358
    1.43330932 1.16067207 0.641583025 1.16063321 1.01661241 0.62901473
    1.24068451 1.51896501 0.569369972 1.41166997 1.56729889 0.722404599
    1.21218967 1.53820181 1.13071239 1.21052361 1.4290458 0.858467102
    1.06351912 1.19524717 1.37885141 0.965159714 0.961678207 1.12407863
    0.674417257 1.38962507 0.683228791 0.664083362 0.600189149
    1.07048607 1.12006009 0.605911672 1.07691574 0.78391099 1.2200985
    1.05825317 1.04877079 1.1024636 1.06149805 1.09820008 1.51650691
    1.50542414 1.06056857 1.14028406 1.40074515 1.29746199 1.47386491
    0.594925165 0.521937668 0.72421515 1.23282325 0.559531212 1.28482902
    1.23743832 0.527434111 1.24571037 0.685472548 1.28096831 0.69155997
    0.969389439 1.50731075 1.58403313 1.06373954 1.16365206 0.722844064
    1.33370233 1.05566037 1.16321945 1.14006662 1.0309757 1.0172385
    0.615777671 0.995183885 1.12776625 0.815317512 1.42960489 1.00457549
    0.584709525 0.968393743 1.18030083 0.698206306 0.919029653
    0.855039299 0.633906126 1.02004731 1.0552392 0.795512617 1.27876961
    1.08699107 0.921014309 0.946891487 0.891657889 0.525360703
    1.17758012 0.548327506 0.964662492 1.30625701 1.11306107 0.67380929
    0.794180453 0.861394167 0.732511222 0.938903034 1.50261903
    1.28103876 0.663926363 0.666984439 1.30461276 1.42887425 1.03393769
    0.969171643 0.822615087 0.91428858 1.15439439 1.11005378 1.05035031
    1.21461737 1.05737603 1.07782948 0.764538586 0.604291677 0.865884483
    1.02345693 0.804332793 1.32405686 1.41563725 1.07856762 1.57696009
    0.721825719 1.04522681 1.47242928 0.666171908 1.17737353 1.2985028
    1.17923796 0.751214981 1.42912316 0.872730792 1.07589245 1.08580184
    0.668339014 1.06845725 1.40086067 1.13760507 1.38836241 1.10549259
    1.35476613 0.864415884 0.674995005 0.725307345 1.06356323 1.45642757
    1.49852467 1.47343802 0.776102781 0.706123114 0.646272957 1.3535651
    1.26238692 0.937394738 1.47978079 1.19529366 1.38028574 1.38108087
    1.2522366 1.16209722 1.08208692 1.03275073 0.938981414 0.89901197
    1.17949593 1.2767787 0.585125089 1.4204061 1.46377301 0.786638796
    0.568736851 0.61679554 1.08769226 0.65702641 1.45719481 1.41900802
    1.61006701 1.38176668 0.99451685 1.46225774 0.655546427 1.14033794
    0.70506835 1.26338065 1.36197507 0.999821901 1.39429176 1.43179071
    1.43341184 0.63662076 0.899012208 0.541742146 1.13312685 0.843597949
    1.22561467 0.863195121 1.13594985 0.803246379 1.00030887 0.874445915
    1.28078914 0.964997768 1.35827136 1.07610154 1.55858266 0.936929345
    1.36660469 1.43594658 1.03098702 0.889953196 1.45034611 1.13723671
    1.43476713 1.39747906 0.664490283 0.969628274 1.40011561 0.940924227
    0.880644143 1.07807016 0.665484607 1.08968878 1.49977899 1.11968422
    0.572327554 0.864286244 0.572757423 1.26161492 0.930878878
    1.50747657 1.57321465 0.981691957 1.2392931 1.02446234 0.951521039
    1.41709328 1.45749021 1.3232286 0.642487168 1.02025974 0.851615369
    1.26296639 0.714596748 0.866310596 1.33727002 1.18226016 0.550711691
    1.13174701 0.787511647 0.786227524 1.2919848 1.20745766 1.37051284
    1.16288447 0.643578887 1.33322835 0.645737648 1.25481534 0.717509806
    1.07696724 0.967446804 1.38286412 1.50707543 0.812712848 1.12863755
    1.37654591 0.711331666 0.920547426 1.22751093 0.804876566 0.89413029
    0.598297119 0.885509014 1.26754391 1.30564368 1.39422846 0.952311456
    0.69647491 0.586781085 1.13946629 1.36680663 1.56315529 0.755506396
    1.48243093 1.30001128 0.87729311 1.33544636 0.662207961 1.33978629
    0.861992776 1.18421578 0.815642655 1.1987946 0.801979303 1.20384836
    1.10282588 1.16585267 0.561298907 0.730200231 1.31561172 0.775510192
    0.600607038 0.795444727 0.507457972 1.11773133 0.711808443
    0.841174841 1.40205717 1.00623226 0.661042154 1.26646304 1.04836774
    0.602363884 1.37586653 0.750467896 0.704298615 0.678022265
    1.45185637 1.48799241 0.810005128 1.27777135 1.14031446 1.22266531
    1.25366044 1.18761671 1.39713585 1.03997731 0.699118257 1.16585422
    1.10386074 0.848058224 0.743463933 0.552341759 1.12526453
    0.969394863 1.09556043 0.540147483 0.714540184 1.16742551 0.8010782
    0.653171003 0.525678992 0.538020134 0.846651495 1.02857113
    1.38389945 0.787562191 0.82329911 1.51015854 0.958634794 1.31958354
    0.65017885 1.12321186 0.555313945 0.731995761 1.44897079 1.53670812
    0.770855129 1.46442747 0.82502532 1.15152419 0.689235806 1.44388723
    0.992314041 1.09685504 1.40751326 0.609703124 0.719561219 1.24830949
    1.02714479 1.34094667 1.01444638 1.34414184 1.0399313 1.43810523
    1.11856532 0.801196635 0.927732468 1.07515669 0.649892926 1.1999284
    0.701983571 1.54969692 1.32009411 1.0001713 1.42115915 1.18074381
    1.02419853 0.86327213 0.732543349 1.39816451 1.35819805 1.12890577
    1.37771201 0.897351027 1.0974921 1.58819246 1.27651262 1.44134712
    0.829544365 0.81251514 1.10203266 1.36259794 1.31648922 1.31118238
    0.628536701 1.20030296 1.08730137 1.46628463 1.15168333 1.40277863
    0.952430606 0.641549706 0.723143339 1.33381903 1.05851746
    0.690413833 1.0634799 0.592267036 1.44814694 1.53916132 1.01467705
    1.51153803 1.36489558 0.845343053 1.0848695 0.785397649 0.623126924
    1.38977051 1.3559401 1.05343354 0.979404569 1.57780492 1.22917473
    1.24744856 0.913574219 0.732600331 1.39863908 1.39154112 1.09145296
    1.32929564 0.678261757 1.17021573 0.920545518 0.851964951
    0.708656907 1.07573879 0.628894627 0.686536968 1.11248899
    0.751363695 0.650661528 1.15525651 1.07584584 0.817329466
    0.920873284 1.51014173 1.40353191 1.1571995 0.629496992 1.34966719
    0.693372488 1.51491404 0.671960592 1.38635337 0.813753903
    0.881802917 0.932184041 0.890398502 1.56544948 1.49406123 1.20851994
    1.16275048 0.856072247 0.809420824 0.684521019 0.879311562
    1.07270288 1.29090011 1.30171311 1.15619075 0.913470149 1.57506573
    1.50779176 1.40418255 0.899089336 1.25012124 1.58392942 1.28748953
    1.16284513 0.865383387 0.953115761 1.25270069 1.53881717 0.835249424
    1.34027076 0.816195965 1.36403584 0.953359306 1.21617901 0.789426565
    0.858483553 1.43866026 1.18655908 1.52970815 1.17704427 0.62553221
    0.694362938 0.865250409 0.717297494 0.671091259 1.37940812
    1.00427449 1.45731282 0.9642241 1.41438508 0.635258853 1.45222044
    0.619284868 1.27924907 1.21683681 1.51091337 0.713152826 0.816512764
    0.995658576 0.990995526 1.44701385 0.702076077 0.943118036
    0.803473234 1.44408846 0.668895364 1.04101825 0.874452591 1.15942657
    1.25059772 0.939356089 0.762403846 0.726239979 1.03080118 1.33908772
    0.801783562 0.57951951 0.896403372 1.26452768 1.46581995 0.966808558
    1.3854208 0.726146698 1.21388924 1.35912716 0.939651132 1.26533175
    0.641532183 1.24299884 0.540567398 0.738088369 1.16267192
    0.413836807 0.827620745 1.3556484 1.0750674 1.45912874 0.931413651
    0.775718689 0.783866167 1.54385042 1.32547951 0.697503328
    0.678493321 1.46777165 1.00689662 1.40697277 1.47936082 0.9958902
    0.849386156 1.45792687 1.39767897 1.22316515 0.88018018 1.44805229
    0.958530188 0.652150393 1.04109406 1.0798471 0.734615207 1.22612858
    1.11321712 0.982622385 1.49323392 1.43342912 1.09437621 1.30197036
    1.02800751 0.741435111 1.17823648 0.926214993 1.12388361 0.827696621
    1.27006674 0.800102413 1.14912879 0.936100543 1.33972347 0.827255666
    0.86473614 0.75907594 1.02396965 1.13430095 0.628050327 1.13998377
    0.564952672 1.08448553 0.776112318 1.04776478 0.793634713
    0.665363967 1.30254781 1.16038942 1.03930509 1.54474902 1.52528441
    1.05632961 1.05967629 1.27399302 1.19160354 0.806241214 0.558129251
    1.3612901 1.07081378 1.41606069 0.982367456 0.990662813 1.54366839
    0.639902234 0.979625165 1.50867951 1.0862304 1.45317829 1.33221829
    0.601994097 0.816500068 1.16754806 1.52597034 1.58954358 1.59488285
    1.46169734 0.994015038 1.48446703 0.705443978 1.36570263 1.42200983
    1.16385543 1.43255091 1.46962321 1.40388072 1.19748628 1.54649127
    0.95747602 1.13775897 0.627867997 1.51851285 1.19855034 0.891448975
    1.2176168 0.709234595 1.03169012 0.623556614 0.838406622 0.615809739
    0.922106445 0.599854052 1.18083143 0.63994658 1.02428246 0.618611515
    1.43629193 0.693500936 1.28356171 1.19741404 1.5112195 0.574901402
    1.10152256 0.772468865 1.35243356 1.36775362 0.94010359 1.0868721
    1.13471699 0.631422222 1.28455484 1.0239495 1.23273683 1.57524812
    1.12157845 1.39791715 1.23322248 0.835208595 1.50748944 1.42855048
    1.25542748 1.04248595 0.627963305 0.865361571 1.10787511 1.36855936
    1.36862886 0.938015223 0.834663332 0.638044596 0.999894142
    0.843975246 0.766431212 0.767901361 0.772065163 0.79660815
    1.44289935 0.868176162 1.13277531 1.54375327 1.52630436 0.98260963
    1.38589334 1.42901909 1.09638035 1.45774138 1.05805564 1.50720286
    1.25574172 1.00124454 1.25816619 1.05416799 0.874251723 1.21753561
    0.942818701 0.956353247 0.854170322 1.23746777 0.83051163 1.5503391
    0.899416149 1.33086157 0.935325563 1.03178763 1.17774677 1.0866096
    1.09129238 1.23003745 0.693550169 0.903665364 1.23246133 1.32250822
    1.34885788 0.787488222 0.576072693 1.28507257 0.919276893
    0.801039994 1.27570081 1.30693662 1.0594697 1.15306449 1.45438957
    1.34520924 1.08914828 1.13543153 1.30241263 0.604988158 0.69684577
    0.617749274 0.715001762 0.886058092 1.15793264 0.833111823
    1.44349575 0.808569312 0.89802295 1.1968174 1.01915729 1.42727947
    0.983355522 1.2119751 0.755441546 1.14915144 1.31969821 1.40571916
    0.575669646 1.35609972 0.731782556 1.41718817 1.36969686 1.2123605
    1.10240281 0.589649558 1.20772696 1.49533868 1.46223438 0.566679597
    1.45626843 0.573884785 0.662654042 0.770752847 1.43696797
    0.806336045 0.66310662 1.17213213 1.53550029 1.39758933 0.649283648
    0.996980608 0.845421374 0.579670012 0.815865099 1.00743091
    0.902865291 0.832681358 1.15185082 0.756308734 1.4361738 0.944455147
    1.14860415 0.788101912 1.24754357 1.38812125 1.00736833 0.847729146
    1.18123507 1.1897397 0.93789643 1.06337142 0.904469848 0.87779969
    0.753514528 0.6518929 0.853914738 1.19334042 0.888971567 0.933165073
    1.24702275 1.24691761 0.630346179 1.31893647 0.651808858 1.45273328
    1.29927289 1.19922233 0.573686063 0.754993677 0.649840176 1.11364889
    0.531442761 0.995259404 1.28051281 1.21804416 1.32607198 0.652305484
    1.10983813 0.902391851 1.52772939 0.98246038 1.14803219 0.607533932
    1.20510554 1.21674812 1.41755819 0.786703765 0.606979549 1.35411501
    0.712319732 1.05554497 1.29185379 0.699794233 1.25453305 1.08609891
    1.05339658 0.869645715 1.20538521 0.914375186 0.819775045
    0.731714725 1.01725006 0.536391079 1.12054706 0.829580069
    0.940023959 0.884423912 1.5180546 0.757697284 0.669284344
    0.879677713 1.30348408 1.47044504 1.23139465 1.17942357 1.11586988
    1.49229455 1.16761732 1.24820352 1.38041866 0.768029392 1.55500627
    0.795565009 1.5700444 1.16078973 0.903187335 1.07195556 1.26688921
    1.64843619 1.61369824 1.34176898 1.09673083 1.50507867 1.56936204
    1.53227532 0.668550849 0.8297472 1.47029734 0.620877206 0.965003848
    0.653618693 0.745558321 1.50026834 0.646170974 0.713767827
    0.516345382 0.853892148 0.908794463 0.55041635 1.17844725 1.27741933
    1.12419546 1.1029886 1.11453521 1.27552795 1.30479443 0.881871104
    1.20354915 1.40021229 1.47134268 0.647922575 1.52687812 0.565961301
    1.27790844 0.68388623 1.25596094 1.44855714 1.51823211 0.783125997
    0.880591631 0.688943028 1.09553301 0.716813564 1.17795742 1.15984464
    0.759661019 1.35564077 1.53966355 1.53211164 0.900983691 0.540398002
    1.16422451 1.24070704 1.1758287 1.01453388 0.934597433 1.51941609
    0.94628495 1.03592312 1.31860399 0.72915709 1.2962302 1.01169515
    1.21338952 0.98659116 1.19330359 0.692012727 0.632768333 0.745993853
    1.18763113 1.48451066 1.35603404 1.44909167 1.35195208 1.30047429
    0.7321226 1.36199009 1.54683292 1.22013152 1.0399574 0.965601206
    0.936500072 0.919071078 1.35032523 1.31741858 0.707355797 1.16904414
    1.56871271 1.5030545 1.25889122 0.672061145 1.27651858 1.49626279
    1.21842277 0.870857894 0.927477479 0.700882494 0.858300388
    0.667182207 1.17407441 1.2002877 1.08174562 0.762980998 1.48298085
    0.62011081 0.570733368 1.29557443 0.800955236 1.14829826 0.586385965
    0.769601941 0.610735595 0.707431197 1.01026893 1.45302904 1.03447056
    1.4756062 0.797861278 1.2418313 1.36714232 1.26017392 1.55921543
    0.697942019 1.16010928 1.36709869 1.15996242 0.722669721 0.785383105
    1.03872812 0.626695096 1.4557941 0.87987417 0.770839393 1.14240849
    0.586184859 1.36143684 0.776129007 0.914022505 1.01730144
    0.890758097 0.676203132 1.09487534 0.903421164 1.12226474 1.45090258
    0.797109902 0.839793205 0.595680177 1.12939322 1.20272541 0.76384449
    1.0035032 0.835509002 1.27592552 0.66643095 1.32908738 1.31307793
    0.495201409 1.28375804 1.03217196 0.885484755 0.844950795 1.333938
    0.931019425 1.0476141 1.21897972 1.12024105 1.51691318 1.19404292
    0.88570118 1.49975324 1.06564963 1.56885219 1.58114767 1.35309637
    1.00744438 1.13127339 1.39620602 1.39203846 1.40354323 1.28165185
    1.52126527 0.556577444 0.670817673 0.754234195 0.65444541
    0.787481248 1.4400692 1.09756875 1.03220391 0.962014377 1.10789335
    1.22824335 0.719433069 1.48599434 1.5267514 1.3659699 0.692247748
    0.712645054 0.616983891 0.924542189 1.17669165 0.656245112
    0.961738527 1.20333672 0.795370102 0.99666518 0.878967106
    0.819088459 0.686283886 0.995390117 0.559916735 0.725257158
    1.26289248 0.682085216 1.22097957 0.985855699 1.53658688 0.689861238
    0.707059205 0.956596076 0.634701014 1.45038664 0.756705165
    1.56385469 0.964949846 0.961086214 0.624736488 0.78281337
    0.712742805 0.834840834 0.990981698 0.688616991 0.703180432
    0.669924736 1.37893987 0.911401808 0.658899665 1.18560553
    0.751655281 0.974720001 1.22838902 1.09233117 1.04172432 1.36148262
    1.08876526 1.17159784 1.26510429 0.969010293 1.30814219 1.34451342
    1.12970793 0.74607718 1.50173199 1.19307792 1.46838617 1.61300635
    1.62987018 1.64043641 0.787801087 0.859844089 0.715969265 1.20692182
    1.43203878 1.03692627 0.607414186 0.595149696 0.627497911 1.48449993
    0.525174201 0.579307437 0.618320227 0.548923671 1.07970107
    0.578907192 0.711510539 0.503749371 0.768768907 1.17738175
    1.40354705 0.721212864 0.636110842 0.619119465 1.02085257 1.45168793
    0.823978424 1.0838871 0.63597697 1.04876482 0.639805019 1.45038092
    1.03121448 0.619641423 0.704230547 1.55835831 1.46088505 1.04903769
    0.929679096 1.20832026 1.32582831 0.726800382 0.923522532 1.39150918
    0.717391074 1.52712274 1.12590778 1.23717368 1.1583848 1.12370563
    1.32938862 0.64092195 1.18621492 0.708735108 0.871885478 1.34445405
    1.35040522 1.41763556 0.981248379 0.891092718 1.0389657 1.16528904
    1.55686212 0.847061396 1.00342143 1.27987683 0.966964543 0.970317125
    1.48108399 1.53726113 1.43240118 1.32722604 1.49856484 1.49283826
    1.14751279 1.27067912 1.182127 1.50129724 1.27966392 1.38241017
    1.08240521 1.09803987 1.13456905 1.32158971 0.822046638 1.54398251
    0.602346301 0.845103621 1.56218398 1.25172329 0.84781605 1.04599428
    1.48729897 0.650278628 1.41669714 0.768442392 1.40359473 0.909152269
    0.708559513 1.20105457 0.892774224 1.19498158 0.856016874
    0.786857963 1.49747264 1.05416322 1.3999064 0.732228041 1.3980161
    0.769088805 0.961197615 1.3118211 0.894409657 1.25782633 0.594410539
    0.98870188 0.710464418 0.963809669 0.729711056 1.47068071 1.3054204
    1.32504821 1.41654551 0.511225045 0.943455279 0.569960773 1.30847871
    0.51937139 0.601393163 1.13390088 0.775270462 1.26590943 0.757665098
    0.997630596 1.40665078 1.26273215 1.19936228 1.11964011 0.845270753
    1.36665237 0.806357384 1.20929599 0.763089955 1.01508415 1.38188899
    1.22921228 1.04903567 1.3119185 1.41622233 0.831696153 1.57500517
    1.21175802 1.35484743 1.17760932 0.531457067 1.11628377 1.27653778
    0.650243282 1.15774214 1.42847121 1.00840247 1.5230248 1.29551899
    0.746973872 1.13446677 1.39731097 1.25518382 1.17033529 1.27354646
    0.781403065 1.28655434 1.43303978 0.692978978 0.929827154 1.09087408
    1.33810544 0.925714433 1.0582372 1.30826235 0.619276762 1.43780923
    0.619057953 0.528017342 1.05578375 0.707071543 0.655270696
    0.75493753 1.2688843 1.43733716 0.609381974 0.781942308 0.827622294
    1.55625689 1.00416458 0.893023789 1.55894828 0.914752543 0.63772583
    1.5551827 0.814522445 1.5001514 1.30426407 1.16032839 1.53397524
    0.789465487 1.10167158 0.809031963 1.44870412 1.51161861 0.536638677
    1.00256741 1.09132063 1.06288099 1.28109026 0.915201485 1.35463846
    1.52016342 0.823836207 0.700362742 0.845796168 1.47229767
    0.964880228 1.55125821 0.778519034 0.787537634 0.72518748 1.0771904
    0.956008255 1.3290025 0.934744298 1.22298706 0.799642324 1.17275059
    0.870201468 0.818705678 1.52998674 0.746450067 1.42013586 1.1712414
    1.52342308 1.38901651 0.739335835 0.68128109 0.797281682 1.0697422
    0.729418278 0.778209686 1.60769176 1.55262661 1.42590106 1.58990765
    0.957731247 1.46552122 1.56248915 1.48543108 1.25422704 1.21899939
    1.18566012 1.0886023 0.996819735 0.707256138 1.40048492 0.655473471
    1.02793133 0.609174669 1.35433638 1.17648733 0.721208751 1.32809901
    0.795339167 0.800085187 1.06918538 0.74605602 1.37332273 1.3617748
    1.24206686 0.62244153 1.36451733 1.32777023 0.837110579 1.13125336
    1.03824174 0.951589346 1.52682328 1.16939092 0.627512395 1.0598911
    1.40889382 1.03345966 0.591948867 0.807241619 0.740152895 1.50886083
    1.58368933 1.5068084 1.33611429 1.17573881 0.880185485 0.824157774
    1.34897721 0.852951646 0.732027471 1.04111409 1.12241781 1.46269572
    1.39493656 0.948598325 0.851533353 0.555310607 0.797178328
    1.12369823 0.915274799 1.44938087 1.21249986 0.650912881 1.25559056
    1.24881029 1.01450467 0.905800879 1.21282625 1.46388435 1.27187061
    1.44790113 1.14202094 1.48542416 1.35071599 0.974519074 1.00858009
    1.2452364 0.598404825 1.50666225 1.17121649 0.637280703 1.45144784
    1.01835084 1.36861324 0.720309496 0.879742384 0.983504593
    0.697887957 1.16829884 1.34140027 1.23674631 0.648103714 1.1913805
    1.54615164 0.864326358 1.31820297 0.657545865 1.31955862 1.01537669
    0.994706452 1.47953522 1.08212972 0.574723423 1.24548674 0.574102521
    0.857910335 1.33192039 0.960841358 0.732260764 1.26312912
    0.717332006 0.719562829 0.522844911 1.30553401 1.2929467 1.14593887
    0.823526025 0.999640644 0.958458781 0.77097851 1.48598623
    0.739493251 0.756392539 1.05039203 0.601096332 0.590405405
    0.821398318 0.993124545 0.599203885 0.510723054 0.533569694
    0.658658206 0.854096413 0.608532906 1.40324533 1.17182362
    0.735633194 1.48644865 0.678240657 1.24407279 1.27286732 1.01556039
    1.11869717 0.871905148 0.946639955 1.44839704 1.43746173 1.48398983
    1.05548143 1.27382982 1.13344443 1.47874129 0.750487208 1.38473606
    0.968957782 1.37949026 1.36620855 1.53281987 1.37962091 0.51810807
    0.437628418 0.312301785 0.527672589 1.12946451 1.41680276 1.21574306
    1.21774364 1.33837736 1.08526266 1.50983834 1.18113518 1.14036739
    1.13914597 1.41104603 0.637203991 1.43886662 1.13694596 1.34320009
    1.53398156 0.88628906 0.573610604 1.2530576 1.31518948 1.26342583
    0.853829443 0.597374856 1.07241738 0.635994315 1.09454262 1.2120223
    1.25946939 1.07887614 1.11431932 1.13115025 1.22028029 1.25669479
    0.668655455 1.24909067 1.31423366 1.53803837 1.48904371 1.05435729
    1.49242675 0.696515381 1.37843001 1.34284949 1.18619907 1.34613585
    0.605834126 1.48974347 1.12148416 1.45540011 1.09767652 0.63982147
    1.30762839 0.71021831 1.15367901 0.920665264 1.38562965 1.12250924
    0.896502733 1.48773336 0.896864891 1.54428554 1.57143104 1.07789612
    1.4095571 0.992358625 1.07424664 0.977324188 0.888605833 0.885985017
    1.52779996 1.48174155 0.683979452 0.926578522 0.835307598 1.2319299
    1.04892969 1.26043284 0.958110988 1.32868922 1.47975731 1.2876029
    0.826870322 1.54526627 0.868491173 1.44157648 1.00544167 1.25614727
    0.776795983 1.60304451 1.13657641 1.127895 1.35384667 1.54323328
    1.64616716 1.26194525 1.02621448 0.80670768 1.10322905 1.51393759
    0.924209356 0.833695829 0.573770463 0.623652399 1.16739762
    0.755935133 1.3289088 1.45283914 0.698011339 1.0326339 0.965416908
    1.4387027 0.686104894 0.568083763 0.597945154 1.04120791 0.609333336
    1.32687569 0.871595383 1.16266298 0.676851392 0.956584752
    0.742370188 1.30886579 1.17424297 0.591880739 0.751523137
    0.968633175 0.588923395 0.918609917 1.04952443 0.833902538
    1.43935537 0.773450434 1.18214536 1.16081595 1.21676254 1.33050227
    1.51455486 0.840485871 0.917296886 0.925178587 1.48391402 1.53948224
    0.624746263 0.932527959 0.988423467 1.38915765 0.663235188
    0.85813421 0.819504738 1.34668672 1.47642291 1.08019614 0.966107607
    1.50820422 1.02680445 0.819043696 1.45235181 1.02674711 1.37791145
    1.46013248 1.19708776 1.1950649 0.652305543 0.668981016 1.50612891
    1.37442398 1.40257752 0.796570659 0.688298464 0.82786572 0.904513121
    1.15353358 1.28920197 0.96543932 0.82371515 1.22168815 0.749108076
    0.833884656 0.569272757 1.3884474 1.10251594 1.05497062 0.852840483
    1.1150285 1.53779638 0.88825047 1.2328881 0.833875954 0.714650452
    0.587059736 1.14253473 1.30480146 0.676964998 0.861110985 1.22714233
    0.969435692 1.39109719 1.52487421 0.918049037 0.59874779 0.604182899
    1.0462451 0.735957503 0.74516654 0.635411739 0.766165078 0.585324705
    1.4763788 0.910624504 0.590898812 1.07378638 0.845652223 1.37742889
    1.14333272 1.28586435 1.45626271 0.552588642 1.06155849 1.11838567
    0.65243572 1.00454521 1.022843 0.570001245 1.38518405 1.52156806
    1.44447517 1.41243792 0.868795276 1.06953418 1.12883008 0.904061973
    1.05586708 0.727639735 1.057073 1.1687963 1.45354867 0.701569438
    1.20712137 0.874722838 0.778227866 1.27693295 1.45434058 0.817920744
    0.565299451 1.45497453 0.994864583 0.876746476 1.35245538
    0.642792702 0.921314538 1.15360951 0.799624503 0.805778503
    1.11160564 0.786615849 0.997931838 1.27880561 0.582666218
    0.688759148 0.673095882 1.53291249 1.28187537 1.37414849 0.856203496
    1.32507074 1.18855786 1.38102078 0.668714941 1.50037158 0.631070793
    0.780507624 1.27633095 1.14118218 0.650678754 1.16475606 0.597166955
    0.792495966 0.821990371 1.20125151 0.634745657 0.699386001
    0.633146405 1.24764955 1.12839901 0.916486979 0.734278738 1.38196599
    1.03082073 0.976362467 0.980157435 1.53909183 1.51993394 0.897724271
    1.20058429 0.860686541 0.897900283 1.23700869 1.52690029 1.36422622
    0.771818817 0.920354187 1.50558984 1.27015579 0.853064418
    0.798819542 0.722128868 1.11047971 1.02501523 1.18014216 0.641420066
    1.30386508 0.87609309 0.662687302 0.967924953 0.983195305
    0.626077771 0.945563078 1.37196112 1.51427507 1.25279474 1.02868283
    1.09391367 1.54091311 1.33750689 0.979413211 1.18501353 1.30063701
    1.41291273 1.47787929 0.585626483 0.896640241 1.35731888 0.584936976
    1.01910567 1.21821594 1.0059706 0.837358713 0.978107274 1.08606684
    1.01491785 1.51387358 0.812855005 0.943458378 1.03272152 1.20803356
    1.08439338 1.42283332 1.08077073 0.695436835 1.3894794 1.1095413
    1.47688615 1.40206873 1.1145674 1.40090048 0.743838012 1.11066711
    0.572703183 1.46737897 1.28555262 0.592838645 1.457605 1.24803925
    1.37939918 1.15933943 0.59896189 0.974684536 0.774271131 0.691893458
    1.31685877 1.33622074 1.1068244 1.08218086 0.606069088 0.665504158
    1.0336442 1.35803676 1.09741604 0.655449629 1.36543167 1.05347812
    1.18145108 1.53153098 0.998970985 0.657238364 0.847725153 0.56667769
    1.5166136 0.610242784 1.28252542 1.24536526 1.34201443 0.819403112
    1.19621634 1.29045022 1.54065359 0.981408894 1.28350973 0.664296687
    0.646502137 0.980918825 1.16326725 1.07353723 0.887539983 1.31224227
    0.828914762 0.671043396 1.44088888 1.45196295 1.37360036 1.4666034
    0.693058789 1.00915563 1.21729803 1.48098397 1.38615131 1.47052503
    0.696995616 1.30767477 0.750564694 0.775891244 0.585981369
    1.15365112 1.44990957 1.35700274 0.556530058 1.15570366 0.873128593
    0.909809411 1.38404346 1.34980559 1.41155422 0.620193958 0.891428411
    1.37221611 0.646945536 0.727858782 0.744104683 1.50008869 0.96985513
    1.46620452 1.28481448 1.3878696 0.708495438 0.986086905 0.60955441
    1.23934126 0.736791015 1.19659996 1.13419163 1.52453697 1.15786815
    0.878693581 1.29477978 1.371629 1.05284405 1.37413824 1.5294497
    0.847014129 1.13957191 1.3636961 1.30410278 0.948039174 0.512189448
    0.527481019 1.10174239 0.800626218 0.880938649 1.153157 0.594946206
    0.971240938 0.77393496 1.36106157 0.555154622 0.940927684 1.3003757
    0.88740319 1.02854431 1.09439564 0.850121796 1.39866614 1.52211189
    0.664851964 0.739495277 0.639765084 1.0544709 0.864890397
    0.586409032 0.883008838 1.34395683 0.652149498 1.21812832 1.22103095
    1.50159228 0.795329094 0.886019111 1.11289012 0.76757431 1.26658475
    0.835282981 0.992017686 0.706415892 1.27052057 1.39693689 1.51705348
    1.00555551 0.681487203 0.658406675 0.909924686 0.384673655
    0.897196293 0.586207509 1.29853213 1.3581754 1.36436963 0.998565257
    0.99487406 1.20737684 0.931943953 1.2676059 1.05460346 0.856916785
    0.756501496 0.797719002 0.979726434 0.663397133 1.34324849
    1.21743417 1.23369241 1.25337183 1.36790335 1.047212 0.724255085
    0.554275036 0.981177568 0.792703331 1.17620218 0.803115427
    0.808212221 0.551509023 0.850698411 1.34159434 1.31910098
    0.805891454 0.712639511 1.18991339 0.760598242 1.2812407 1.11980975
    1.57670879 0.646211028 0.9876948 1.23282838 0.583416522 0.744468093
    0.568517745 1.53579974 1.03287363 0.646755755 1.20158267 1.27343607
    1.36057866 1.02162707 0.599006295 1.42109156 1.3139987 1.27245748
    1.52617908 1.05137622 0.675636768 1.08484173 1.51123583 0.758304358
    1.42646623 0.808840454 0.742519736 1.31674433 1.30375838 1.56125641
    1.37301373 1.17556894 0.779334664 0.86828047 0.863872945 0.64830482
    1.13050675 0.980736375 0.55405122 0.675351799 0.703643382 1.17169499
    1.20338523 0.994992971 1.53293025 1.39602387 0.8567729 1.25758648
    1.00017858 0.828048706 1.45022833 1.3530066 1.5171845 1.05365968
    0.731711507 1.51733613 0.919343114 1.58845735 1.41190219 1.4812336
    1.23784709 0.665136933 0.809068859 0.763560474 0.993278086
    1.37571645 1.29399931 0.85589987 1.31473804 1.31214964 0.71316123
    0.883354008 1.20109296 1.40866518 1.31493318 1.37981737 0.695541799
    0.596773446 0.65296787 0.836772501 1.08270252 1.0415771 0.928747296
    1.40925896 0.588006914 1.44791222 1.09316921 0.682953417 0.702222407
    0.664831877 0.719572842 1.36059391 0.729584813 0.96458137 1.36666381
    1.35802221 1.37949598 1.48937321 1.45006597 0.72461772 1.40424037
    1.5069263 0.805027962 1.46443129 0.651711464 0.618059933 0.714691043
    1.25130987 0.784768045 0.898193717 1.13015091 1.0475316 1.39779222
    1.32188928 1.10013795 0.790350139 1.14494193 1.3691119 0.728400588
    1.13315344 1.30954456 1.49581826 1.32523096 0.677744567 1.23643374
    1.47164512 0.631999135 0.836952925 1.32399404 0.596346378
    0.603262484 1.34207022 0.965861678 0.746215343 1.06654155 1.06666625
    1.08794487 0.78687501 1.10283303 0.900844336 0.770141006 0.877115786
    1.30766606 1.2202698 0.765570283 1.15693951 1.56061554 1.09026194
    0.908204794 1.165838 1.53573775 1.24963665 1.26051617 0.937043607
    1.34514928 1.30789387 0.692644477 1.09019423 1.37513268 0.546385765
    0.661595106 1.23332393 1.31396186 1.17578518 0.687235653 1.1496352
    1.04835296 0.897070646 0.668645144 1.30786097 0.737865865 1.44636619
    0.667377472 1.43794894 0.80243516 1.30777121 1.29498076 1.53872001
    1.53466094 1.16661894 0.728324294 0.805114329 0.75074178 1.20107484
    1.33150685 1.02591419 0.739687085 1.31988597 1.34500837 0.73274523
    1.22445905 1.28622246 0.992787063 0.608939767 1.02781522 0.630126417
    1.12723422 1.03722954 1.03432381 1.40695858 1.27695489 0.863548338
    0.667332292 1.14399683 0.702492714 1.05514264 0.959554911 1.12325859
    0.887982249 1.10722387 0.891492605 0.59801662 1.21680415 1.37431264
    1.24687088 0.877128422 0.504007995 0.638033926 0.58924371 1.35227084
    1.14754164 0.866679311 0.901490688 0.679980516 0.644596577
    0.79505533 0.688545823 1.46068299 1.32442462 1.28953874 0.806961894
    0.934919298 0.822101593 1.0667088 1.3350873 0.790069997 1.15981162
    0.972407997 0.940978289 0.891955554 1.19745696 0.920604408
    0.570966363 0.598081231 0.94146955 0.622268438 1.1742065 1.08382034
    1.53597927 0.620556712 1.28763986 1.36129296 1.36442947 1.32020462
    1.28588808 1.59261858 1.36748457 1.08090079 0.665776372 1.50742531
    0.878764331 0.551441193 0.768467009 0.58312726 1.49905252
    0.792365968 0.848121405 0.780808747 1.22597373 1.30811357
    0.911109507 0.546489537 0.593206644 1.35780931 0.813666582
    0.598454297 1.49594975 1.28509974 1.10908186 0.773787379 1.23297703
    1.52680063 0.823720098 0.738457501 0.858143508 1.12795413 1.53096974
    1.28627217 0.730554581 0.698330581 0.619149148 0.666019499
    1.22351706 0.635023952 0.559293628 1.14106607 1.05217862 1.20087671
    0.666645885 0.82980448 0.838019729 0.764905572 1.22468626
    0.718376994 0.694067776 0.747234643 0.801209748 1.56626844
    1.29639471 0.814424813 1.07293701 1.37567556 1.36801994 0.727741003
    0.891774476 0.97279942 1.29864645 1.16949117 1.54776239 1.48328269
    1.4374578 0.614131629 1.31509113 1.35854781 1.56534982 1.15639424
    0.671966136 1.53367472 0.850766778 0.551101446 0.752362311
    0.653579116 1.28994453 1.41877306 1.32869971 0.958756447 0.690978467
    0.572399914 1.34559298 0.810865164 1.53785884 0.953812242 1.34513235
    0.948123336 1.56132293 1.18796623 1.24483037 0.637784243 1.30630434
    1.41688025 0.690341949 0.940354049 1.50513804 1.58785772 0.72873795
    1.48542738 0.597124755 1.01388788 1.24948037 1.46477854 0.799446523
    1.06315112 0.742055833 1.17183423 1.2077359 1.0632236 0.74561429
    1.29740143 0.81134665 1.32495987 1.29881275 1.0492667 0.86100632
    1.12184453 0.828748703 0.626827538 1.50675845 1.44840407 1.21597648
    0.876843989 1.0794698 0.735852897 1.06156683 0.854511678 0.923519611
    0.788072705 0.568155468 1.01646984 1.24559641 0.910484314 1.42709446
    1.18210423 1.25041723 1.01426947 0.821448743 0.960844636 1.23182487
    0.777146995 0.845842361 0.655681729 1.43745577 1.16776967 1.47019351
    1.17799819 1.11201835 1.21156752 1.1230967 1.46318579 0.61274749
    1.03251946 0.546656787 0.757502079 1.43248069 0.57599932 0.828361094
    1.18602943 0.841702044 0.641778827 1.34993613 1.36847651 1.08052421
    0.898954093 1.1760937 1.06300771 1.21107078 1.23550177 1.09510481
    0.935043514 1.09174573 1.08864093 0.687456727 1.15687537 1.30299902
    0.703864694 1.07788765 1.34701121 0.706633091 0.631325185 1.23150432
    0.76106739 1.25157976 1.25708485 1.02263129 1.06615472 1.40358901
    1.04429269 0.933592141 1.24648023 1.20716929 1.5013268 0.939961493
    0.913435519 1.10498917 0.541956306 1.37116098 0.939826667
    0.828873158 0.700812697 1.00872052 0.699313581 0.882824421
    1.48762608 1.40081227 0.838220119 0.988779545 0.633328319 1.54110157
    1.03703725 1.42218471 1.27020633 1.36133277 1.26253641 0.408007264
    0.513372242 0.518110871 1.05642128 1.09305859 1.09439409 1.24875486
    1.46831286 1.23160601 0.693156004 0.869422495 1.45498383 0.953799248
    0.882872343 0.731462002 1.24753153 0.953610063 0.680537879
    0.55758661 1.39780259 0.623153746 0.703145921 1.13858962 1.30648696
    1.22981095 1.3431344 0.700252414 0.731982112 1.49094486 0.636653781
    1.44840598 1.56082439 0.757876515 0.652142227 1.27457607 1.47202384
    1.23510897 1.57912767 1.57503474 0.654158056 0.631175041 1.4177829
    0.743083119 0.849557877 1.40288544 0.758547008 0.84925127 1.1210916
    0.638919294 1.29638052 0.729411006 0.993366957 1.34073877 1.0102005
    0.598900616 1.01193953 1.52109683 1.13322186 0.679160058 1.00597942
    1.18792963 1.05874634 1.14491856 1.54967892 1.49986005 0.817684174
    0.978583932 1.16688824 0.830722392 1.09421849 1.32833505 0.955862999
    1.46940732 0.653877556 0.9226982 1.13070977 1.09121394 0.87301439
    1.30379522 0.800357819 1.46109056 0.985511661 0.698870957 1.4562366
    1.08921421 0.876871824 0.896383047 0.946851134 1.53507638 1.52677977
    0.903691769 0.930563986 0.797704458 1.02345026 0.731015146
    0.741514623 1.23769319 1.01613152 0.750517011 1.01721883 1.36879182
    1.52177405 1.50930285 1.47253013 1.5413655 1.46500373 1.0636555
    1.1325897 1.54404521 1.37291861 0.98195827 0.864987135 1.48599648
    1.19717765 0.619624436 0.552940011 1.26988029 0.816179395 1.48256612
    0.782383323 1.17423677 1.19087052 1.40551436 0.890309632 0.941066742
    0.596555889 1.41722584 1.1858393 1.4932586 1.55253386 1.14911997
    0.952614605 1.15858603 0.968684375 1.34769797 1.41648602 1.43357587
    0.839375675 1.3868041 0.64977771 1.59228981 0.613569319 0.926135719
    1.35033751 1.27474141 0.950090885 1.00595772 1.21511102 1.12352979
    1.43616569 0.668348193 1.06671953 1.05820715 0.820361018 0.750703752
    1.2936089 1.54717362 1.17793298 0.961085439 0.821963906 0.828381896
    1.32345724 1.30354428 1.43164754 1.3238008 0.554585099 1.4178412
    0.906671643 0.521837652 0.732447386 0.647868156 0.684072077
    1.09658527 1.30057347 0.945054233 0.770713866 0.619493902
    0.957852244 0.908600628 0.96987474 1.42411041 1.30051911 1.05919361
    0.589049339 1.16303325 1.42440915 0.645900011 1.43625426 0.970394969
    1.41459692 1.28305793 1.09952688 0.622186244 1.33880889 0.850350082
    0.579862475 0.604202807 0.836133659 1.06543982 0.852958083
    0.777812898 1.39771318 1.13338661 0.794598758 0.93350333 1.43941629
    0.90295279 1.09880614 0.767283022 1.05624247 1.26124215 0.563688755
    0.579753995 0.732205689 0.971464634 1.36259556 1.08363235 1.41077876
    1.44597876 0.804400742 1.27786958 0.906235337 0.586703837 1.18383181
    0.959606469 1.1641264 1.06958342 0.777796566 1.42166829 1.34162521
    0.941344738 0.98750329 1.28414547 0.944307446 0.684780061
    0.548580647 0.547292769 1.11814404 0.5778808 0.849720061 1.27878833
    1.41855967 1.4012512 0.975390315 0.91392082 1.37120807 1.20756185
    1.25644779 0.59427911 1.52185667 0.590391278 1.5162735 1.25538814
    1.29690504 1.06053352 0.805318475 1.1571939 1.0185287 0.810318947
    1.08734238 0.593707383 1.33082271 1.48437393 0.97230655 1.13348877
    0.994410217 0.680011988 0.988893926 1.31561589 0.616814017 1.2742312
    1.3357228 1.05785584 1.42344534 1.2422241 0.626690984 1.10271847
    1.19640017 1.22865474 1.3003341 1.0829643 1.24884975 1.21460187
    1.09450591 1.01702702 1.2102282 1.26631975 1.46439266 1.20717299
    1.02933919 0.893211782 0.769392073 1.31711006 1.38713896 1.30932593
    1.34652889 1.07320487 0.776388943 0.911728084 1.3308326 1.50776517
    1.50215924 0.645943224 0.652096868 1.18426061 1.49047613 1.44330513
    1.3698653 1.32477927 0.714434505 0.834983468 1.31724417 1.32741272
    0.901747584 0.721098661 0.67269367 1.21213424 1.27899599 1.31417835
    0.913812041 0.820622444 0.808814287 0.660925388 0.863992512
    0.891280591 0.908804834 0.976577342 0.90255785 0.991446376
    0.934831619 0.997228205 1.23407292 0.916512489 0.483545899
    0.668290496 0.822819531 1.29767334 1.02315545 1.04189467 0.925837755
    0.596819997 0.798794985 1.45723772 0.929876864 0.921095371
    0.990130544 1.3947531 1.54631102 1.04506755 1.46175599 1.47002184
    1.58618152 0.597576916 1.32590926 1.00079215 1.17022729 1.40387094
    1.52711344 0.77978611 0.865043342 0.725061238 1.09678173 1.25623608
    1.56868958 1.41712987 1.30858541 1.35400116 0.564913869 1.09375024
    1.2989012 0.574364185 1.4979769 0.599755347 1.38419294 0.661319315
    0.520985842 1.26369441 0.97908181 0.721146941 0.774037004 1.41190922
    1.42868197 1.42857623 0.891427398 1.09943545 0.967251241 0.65541476
    0.882476151 1.44227123 1.15413404 1.25738597 0.925378263 1.09560525
    0.78516072 1.16961372 0.988521278 1.20933509 1.25227153 0.805048585
    1.17577457 1.42455113 0.956190825 0.836953759 1.47183359 0.794109821
    0.700708389 0.545685291 0.788022995 0.69144094 1.00297427 1.14392495
    1.12654734 0.939336538 0.822650552 1.48091543 0.999863863
    0.748756111 0.611023903 1.32258892 1.39823461 1.09378791 0.842126667
    0.567412615 0.581170082 1.20684624 0.673510909 1.12994885
    0.615431011 0.754710972 1.42236364 1.04002702 0.647356212 1.31965077
    1.04780591 1.21863043 1.44346189 1.2034694 0.987463236 1.3670541
    1.33406723 1.13621926 0.798794389 1.01428854 1.45834064 1.4936657
    1.09565747 0.748936832 0.647132695 1.21947467 0.680828452
    0.543956757 1.23630106 0.58579731 0.750739694 1.36192596 0.912451148
    0.560781837 0.780403972 1.23695111 0.893121898 1.42212868
    0.751507998 1.04054737 1.05342352 1.49174201 0.889676094 0.832061529
    1.17111754 0.664135218 1.23884845 1.48001254 1.15465248 1.10863531
    0.775708437 1.44576263 1.40980947 1.26173115 0.566046059 1.47003472
    0.886097431 0.965488136 0.674298346 0.552762628 0.97109735
    0.715571344 1.0569284 0.581343234 1.17737901 1.25711274 1.35544837
    1.14554107 0.978105545 1.16521764 1.50000703 1.26129007 0.850213408
    1.16621792 0.864392877 0.897473037 1.08889365 1.34530509 1.02360046
    0.805307865 0.92275244 1.36917615 1.39632571 0.574998975 0.725896776
    0.785552502 0.652172267 0.98479116 1.10992765 1.01229024 1.03475237
    0.425390542 1.01987648 0.96672821 1.45516741 0.747644067 0.642171204
    0.574752033 1.53482246 1.16738331 1.41538584 1.36450624 0.800811589
    0.674316525 1.32086015 1.16550708 1.53623641 1.22827256 0.958810091
    0.771216512 0.615617812 0.619984686 1.09371185 1.37541533 1.32655549
    1.32403803 0.534154594 1.37133086 1.07337534 1.12196064 1.1621784
    1.16595173 0.714279771 1.54080153 1.49971986 1.25198102 1.18243146
    1.25309634 1.05958557 0.618912578 0.580054283 1.40083766 1.03826523
    1.3684715 1.44206238 1.35838282 0.87266922 1.32165253 1.47593737
    1.50803268 1.29163635 1.1551646 0.849561989 0.703278422 0.935488224
    1.02771533 1.10431957 0.902062595 0.645578921 0.542995691
    0.807656407 0.672421694 0.649858296 1.36728311 1.02625728 1.18368495
    1.53067684 1.54829657 1.4192102 0.639009953 1.30540371 0.985693812
    0.659257472 0.605020642 0.971760809 0.615412176 1.30161011
    0.574313939 0.886644065 0.484837234 1.3197428 0.658468127 1.32277107
    0.615688622 0.797713399 1.42298973 0.997446775 1.52626443
    0.937844574 0.637056112 1.08714724 1.25751698 1.0872252 0.982208967
    1.25063848 1.51930416 1.40689802 1.10549438 0.75535959 1.24480557
    1.4800092 1.27410853 0.67276901 0.911182582 1.1108731 1.17275643
    0.977805138 0.928708196 1.28388333 1.33948028 0.678564072 1.34338641
    0.65192771 1.09025979 0.920199275 0.988606215 0.800352633 1.08420467
    0.810728252 0.596704602 0.534434795 0.495177686 0.964233458
    0.571640313 1.12593579 1.24669731 1.17850113 1.14476037 0.953266501
    1.49103045 0.974330246 1.27103996 0.860906839 1.22088587 1.61355269
    1.00180364 1.56897128 1.25323462 1.12863374 1.25294673 0.748979509
    0.912657142 1.55020928 0.582946479 1.14155006 0.930782735
    0.947350979 1.14157331 1.30281115 1.04310668 0.633182645 0.647561073
    1.08542836 1.14784539 1.33332479 0.93257159 1.07052803 0.882834673
    1.35099876 0.817651927 1.56011701 0.708659112 0.80400461 0.547184706
    0.936583042 1.26527846 0.918236196 1.2442801 1.50279915 0.598150194
    1.07072079 0.944915712 0.718040586 0.872282982 0.876087189
    1.23934579 0.885105431 1.13032937 0.663765371 0.576010406
    0.785279214 0.648380995 0.672882497 0.850623012 1.03409171
    1.53926194 0.727089107 1.2321378 0.882999659 1.06164837 1.036116
    1.07868767 1.18358243 1.31464255 1.15294313 1.04653049 0.781700969
    1.43330038 1.30659151 0.777540088 0.55309093 0.630213916 0.793275177
    1.43133616 1.06393635 1.50330257 1.31669164 1.24117649 1.04790306
    0.848837137 1.06032455 1.37994647 0.885946155 1.07660329 0.770202577
    1.27878571 0.599022388 0.760256648 1.41146839 1.51638448 0.784302294
    1.35644972 0.723543227 0.822952986 0.562981844 0.740899384
    0.764416337 1.28035319 0.838086247 1.35789907 0.578825355
    0.938711464 1.42974675 0.871957183 1.24722266 0.841024637 1.33875585
    0.707775056 0.925097108 0.53798753 1.51254058 0.743336022 1.24031043
    0.582469285 1.0803237 0.984653831 1.53141773 1.32970238 1.16078758
    1.05134702 1.0928942 0.610940993 0.807010949 0.895713985 1.40620339
    0.378433734 1.31968141 1.04354572 0.501311541 1.06502664 0.892727554
    1.32404625 0.921372652 1.53695583 0.847423971 1.55619323 1.08223975
    1.48051846 1.57798612 1.45311761 1.09360301 1.17825043 0.791824818
    1.10379493 1.30131173 0.89539206 1.46369648 1.00632977 1.26783764
    0.562044203 0.613176346 0.98449707 1.08996093 1.39523005 1.19887292
    0.657764077 0.825494885 1.4216013 1.44898248 1.07759249 1.17110038
    0.776484132 1.49428332 0.598589063 1.02045524 1.0660491 1.51121521
    1.35134161 0.91281569 0.823216319 0.583637357 1.25019276 1.5236342
    1.35603786 1.02450788 0.746509194 0.838491321 1.45113695 0.932332575
    0.901650667 1.20421255 0.602315009 0.784087896 0.955667973
    1.27314985 0.752276838 0.836237729 1.24348688 1.31365132 1.24499071
    1.45444918 0.985050678 1.00852823 1.20743597 1.05289435 0.573423028
    1.25522041 0.843034804 1.21184909 0.635224104 0.9995417 1.07894993
    1.36180627 0.570644736 0.773638129 1.42989278 0.549481213 1.45905435
    0.61442548 1.39576995 0.557081938 1.04963779 1.41299582 0.875585496
    1.07801402 1.00442111 1.27982163 0.828377426 0.968249321 1.4413867
    1.2727325 0.85474062 0.894357026 0.742837548 1.24342346 0.762270033
    1.44963503 1.34020996 0.608129621 1.58803499 1.28948843 0.792143226
    1.47099686 0.671434343 0.978489578 1.12934661 0.877399802 1.32993114
    0.822241247 0.87554884 0.842293262 1.37827337 0.692184925
    0.629904449 1.07779467 1.07556379 0.759878755 0.708953321
    0.673966825 1.25614667 0.998941898 1.2984916 0.935959399 1.55091345
    0.935391486 1.55357695 1.31789601 1.1942749 1.391904 1.57017207
    1.49930596 1.54093301 0.784422576 1.02886665 1.36260831 1.45616484
    0.953878462 1.28775573 1.03327644 0.637062609 1.10159814 1.4146415
    1.29580724 0.593433499 0.913502753 0.775590956 0.561896682
    1.18282247 0.941216946 1.3375088 0.919658184 1.02079403 0.966856599
    1.54459393 0.851931751 0.95827949 0.623988688 1.54114485 0.770491481
    1.28516996 1.3226155 1.45592165 1.38396025 0.84513849 0.778729558
    1.18229699 0.810092449 1.48588073 1.38876235 1.22411025 0.852028608
    0.782559752 0.62688309 0.738088548 1.05936217 0.617554367 1.47554803
    0.847004294 1.21564686 1.13672268 1.36006081 1.52778006 1.22967005
    1.06666636 1.44622636 1.08434737 1.32725263 0.698497653 1.06917667
    0.781933665 0.946504354 1.45486271 1.17416334 0.709428549 1.07327664
    0.950696766 0.780255735 0.616434157 1.27580225 1.03199911 1.55312371
    1.21334589 1.0926429 1.5073024 0.868111968 1.28491044 0.557138085
    0.782026231 0.731957555 0.847208261 0.575027466 1.50412297
    1.27567601 0.997019291 1.43757427 0.602518082 1.49909413 1.39380169
    1.5199101 1.05546784 0.964286923 1.12300789 1.12757337 1.2048316
    0.861702621 0.879243135 0.619852364 1.23900712 0.803150237
    0.936799407 0.745525002 1.22829771 0.848332465 1.22910964 1.41990471
    1.20750952 0.88847959 0.838556051 1.33449411 0.611382425 0.937086105
    1.17104506 0.822233081 0.946529746 0.865012228 1.36538458 1.17830384
    1.10751069 1.37315989 0.875472069 1.2216357 0.958884776 1.3058399
    1.14784038 1.15814412 0.783958375 1.19757247 1.5410161 0.996335804
    1.12081361 0.619000494 1.09796047 1.24626768 1.04625881 0.811419368
    1.39627993 1.54842603 0.721661747 1.11093831 0.978263974 1.18838167
    1.48275983 1.00643349 0.615848243 0.73420614 1.25773394 0.593047798
    0.600129008 0.941654503 1.15806258 1.11253631 0.617796004
    0.691976845 0.953447044 0.975081444 0.869406819 1.38723266
    0.960114658 0.94553256 1.13938141 1.20753241 0.887696147 0.800739348
    0.849126935 0.693521559 1.02798164 0.984232306 0.802260995 1.0866555
    1.04281926 1.55698156 0.708208203 0.644149005 0.769928992
    0.951305509 0.614538908 1.42408824 0.580285192 0.6848768 1.18035626
    0.816517532 0.885911822 0.536262453 1.12693322 1.20792127
    0.708096147 1.5155158 1.29308236 1.54053271 1.10746837 1.31802011
    0.956563711 1.00671709 0.520126462 1.29619563 1.03014994 0.699475408
    0.572217703 0.497809142 0.696344197 0.938938975 1.43772089
    0.480949998 1.14301932 0.727270007 1.39263606 1.43402982 1.08532894
    1.3442663 0.903016388 1.30500329 0.716460526 1.411448 0.590939522
    1.13798296 1.24110484 0.973833561 1.16543329 1.247697 1.00160038
    0.787681818 0.805175185 0.902441323 0.639614582 1.52797651
    1.02910841 1.44944417 0.833796859 0.862130404 0.658830702 1.00623238
    1.15460491 0.801981986 0.860932469 1.52172732 0.891941547 1.29921961
    0.721070707 1.10006297 0.719805717 1.26401269 0.899704754 1.25246286
    0.581643999 1.3668623 1.01952946 1.05151606 1.03247392 1.05856144
    0.630326688 0.824399114 1.18223643 0.902557969 1.25235248 0.64861685
    1.51558328 0.646508694 0.976236522 1.4182924 1.42785382 1.57492459
    0.884071052 1.30614126 0.716223001 1.48730314 0.923980892
    0.636867762 1.16187286 0.917877078 1.02860749 0.748534143 1.43360114
    1.20235622 1.37364614 1.51128817 1.56494749 0.610315681 1.56946111
    1.18236923 0.982153416 1.51476228 1.45003974 1.04825568 0.968409896
    0.94398737 0.699540854 1.15352321 0.833481014 0.848712087 1.02701104
    0.849262774 0.605714679 1.08276689 1.13009489 1.46404159 0.560143828
    1.25573492 1.27156043 1.47373867 1.48889148 1.29431427 1.24725902
    1.26242507 0.90889442 0.728519559 1.53711963 0.728354633 0.986343324
    1.01246071 1.42333615 1.32319427 1.0300914 1.01492393 1.24543309
    1.23191154 0.9034518 0.75148654 0.613841712 1.18202567 0.765229642
    0.662112117 0.714002848 0.962852597 0.576314628 1.0790453 1.51580572
    1.15618956 1.29605412 0.927815557 1.07526958 1.1190238 0.649416804
    0.519115508 1.4347496 0.62861836 1.49580717 1.24006128 0.969447196
    1.3870399 1.43692112 0.645219862 1.10265923 1.47036314 0.820962846
    1.10355651 1.29411721 0.538415432 1.16946363 1.45650864 0.876105189
    0.992074907 0.547334731 1.05441284 1.43267405 1.32735264 0.685488701
    1.02912521 0.888673484 0.892466784 0.635697365 1.47221971
    0.992864788 0.835311949 1.06154025 0.811029732 1.3246181 1.28165734
    1.20901191 0.906378627 0.609390914 0.655372798 0.767535865
    0.773073435 0.57991147 1.23897898 0.663107932 1.30430329 1.1717701
    0.327449203 0.654011726 0.92454195 1.14735675 1.49867725 1.32172787
    0.938129961 0.97396183 0.959012568 0.831611335 1.12423825 0.82733506
    0.852757215 0.670167565 1.53807652 1.50069094 1.2778548 1.55152452
    1.01464319 0.67282182 1.08801258 1.04751694 1.02399015 1.45445514
    0.808801293 1.04491341 1.24473464 1.12669933 0.956032872 0.568304777
    1.11409962 0.69076848 1.20243728 1.15088296 0.984383583 0.699955761
    1.14026988 0.585433722 1.23665166 1.30076873 0.885810494 1.47208667
    0.883575678 1.32875514 0.780689418 0.920136392 1.39082134
    0.920519412 1.47179532 1.40147316 1.46003807 0.802924275 1.05875015
    0.855297029 1.02473068 0.847220719 0.820549011 0.783479512
    0.524542272 1.41953969 1.27747309 0.888260543 1.08243239 0.976613224
    1.44902945 1.53649056 1.19424188 1.50655746 1.16371846 0.706702888
    1.3810873 0.856806159 0.68157655 1.355425 0.588692248 0.631983042
    0.731148124 0.926938593 0.560462177 0.956873655 1.24957883
    0.631421387 0.793463171 0.584163189 0.562026978 0.611764669
    0.955398142 1.44943035 1.19563186 1.06777048 1.43218184 0.69733429
    1.1100415 1.07023382 0.841918886 1.50201452 1.09660971 1.29468548
    1.33450222 0.75865972 1.22161257 1.44563854 0.9719311 1.26389444
    1.2666707 1.5767585 0.894440114 1.21350658 1.18942189 0.88448447
    0.587771893 1.03546083 0.690826356 0.685522854 1.38329804
    0.891453028 0.772742808 0.578661561 0.799919844 0.86793679
    0.695990562 0.662462175 0.784767389 0.68948555 1.33242917 0.88233155
    0.633514106 0.767258883 0.888867855 1.39909911 1.06789291 1.07460976
    1.38995528 0.769131899 0.870687306 1.10117483 0.982441664 1.14081931
    1.48341322 0.872441888 0.931223512 0.562311471 1.10637581
    0.738308966 1.48970056 0.806810558 1.4946028 1.115659 0.734440804
    1.15837955 1.32260418 1.18022346 1.5373975 1.45466626 1.24513364
    0.913721085 1.01172078 0.808784902 1.54482996 1.26249456 1.15881205
    0.679048061 0.737686872 1.36397481 0.950086713 1.127684 1.18698668
    1.49808443 1.18454421 0.681246579 1.4849112 0.873177946 1.18483925
    0.753154039 0.693893194 0.753652871 0.899394512 0.960725069
    1.52548206 0.938830316 0.741330147 1.08276951 0.993558586 1.44446671
    1.06721151 1.51337183 0.82509172 0.648779213 0.728602052 1.47391045
    1.1391691 0.885033309 0.662385225 1.0274024 1.26726067 0.570925117
    0.776312709 1.38109028 1.00798535 0.622365952 0.74339062 0.980598092
    1.0682168 1.42149556 0.627000272 1.37116838 1.40340185 0.624022663
    1.04925716 0.541235328 0.69368273 0.810296118 1.19170356 1.06645882
    0.664839566 1.0682919 1.32507908 1.04218304 1.39597166 1.47669733
    0.944600821 0.744980276 0.75058043 0.977265835 1.37993288 1.23123288
    0.680199444 1.08950174 0.667215347 0.84501791 0.559752285 1.53528368
    1.26519346 1.31350076 1.29649115 0.934323013 1.03819275 1.46956348
    0.993431389 1.05464113 0.565902352 0.868259668 0.809792995
    1.13084149 1.06348372 0.61076647 1.01042211 1.03047144 0.601281703
    0.683569133 0.751259327 0.8820979 1.00725055 0.817955196 1.15160847
    0.799657285 0.871294022 0.590853572 0.924151003 0.80066216
    1.18319929 1.18480957 0.570399523 0.855988383 1.18268085 0.716629267
    1.41773152 0.663609028 0.993669331 0.864251971 1.38846922 1.56460166
    1.59680951 0.893593669 1.4832288 0.885046959 0.615252018 0.78795135
    0.593785703 1.35283434 0.604677379 1.0020504 0.653557122 0.701627612
    0.768960476 0.927222729 1.1671077 1.08318913 0.88078177 1.40504169
    0.601971567 0.65041399 1.48430622 1.41927516 0.599715471 1.08527076
    1.24357784 1.36426651 1.21073008 0.891208529 1.20956206 1.48604143
    1.5650388 1.29730487 0.900300622 1.03102601 0.783920348 0.511081994
    0.658453822 1.21419775 0.779356003 1.22492194 1.03119075 1.09034038
    0.680907249 1.36046779 0.891039014 0.651351631 0.602449179
    0.91123122 1.3070159 1.53517771 1.45267451 0.660639703 0.877652586
    1.41079187 1.0259527 0.873220384 0.690540791 0.834253132 0.716919422
    1.10464334 1.0468663 1.43543792 1.02494192 1.08030009 0.495495498
    0.681969523 0.593505025 0.904342294 0.790191531 1.43235493
    1.08583224 0.839935303 0.671439528 1.07120919 1.05058753 1.1441499
    0.787399292 0.790051758 1.26202857 1.01993203 0.817058623
    0.682864249 1.44754827 1.31387019 1.13228631 0.601110339 0.923414707
    1.04253364 0.836813927 1.51185071 0.836247802 0.713296354
    0.852902055 1.09024394 1.00150073 1.42391193 0.535257757 0.734834135
    0.895172954 1.52925587 0.759907246 1.04219425 1.40544248 0.619640648
    0.919729769 0.912177682 0.963012755 1.22274351 1.16541994
    0.844914377 0.657907307 0.801403284 0.552125871 0.739950359
    0.827289462 0.888754606 0.956201315 0.581625283 1.44124389
    1.00848436 1.29951096 1.11196327 1.55305946 0.838169634 0.988263309
    1.41047823 0.558678329 0.725513458 0.868677557 0.726246297
    1.24588108 0.757934093 1.21691716 1.41917741 1.19697225 0.567777455
    0.674799502 1.20075107 1.41589642 1.04138672 0.995465457 1.41191947
    1.36731005 0.641611814 1.22736621 0.683838665 1.10318553 1.2357949
    1.16166401 1.10667515 0.817454457 0.856466234 1.39189374 0.755163372
    1.130252 0.94892174 1.20233798 0.896010458 1.52271831 1.4788363
    1.32662153 0.872815788 0.605464399 0.660977185 0.962109447 1.552315
    1.28701091 0.957348526 1.06587493 0.844318628 1.03459764 0.566642106
    0.869212627 1.43709874 1.14358807 1.28161287 0.670186043 0.784301698
    1.34535575 0.978915095 1.25684476 0.545452178 1.08143067 1.2121495
    1.31976128 0.757801652 1.07849753 1.15251398 1.17723143 0.899574757
    1.29693425 1.08347595 1.43217087 1.38445115 0.698379636 1.02633476
    1.44043112 0.557432532 0.943111062 0.659548402 0.730583727
    0.748835266 0.706080079 0.94152528 0.997058094 0.914827347 1.3945632
    0.861555636 1.13454163 0.802345335 1.33947325 1.42380548 1.18533552
    1.01019549 0.713393986 1.21843958 0.560885012 0.845663249
    0.935817659 1.54007161 0.980406761 0.921809614 1.33968925
    0.559196353 0.997774601 0.582686484 1.30322337 1.44215012 1.04359269
    1.01353669 1.48664975 0.503978431 0.567246616 1.47035885 1.33060586
    1.395733 0.877999663 1.16398954 0.712857485 0.61272198 0.692060709
    0.803308904 0.71045804 1.44245279 0.659311175 1.3177985 0.787468851
    0.830946207 0.853059292 1.50711131 1.39786017 1.27006245 0.861150324
    1.06972492 1.57088232 1.07747293 0.753156662 1.29455459 1.23246038
    1.41320622 1.54292655 0.884167373 1.43316805 0.917053699 1.21653879
    1.19737017 1.42985141 1.05192435 0.621070504 0.699444294 0.580675006
    0.629724443 1.21550417 1.32556581 1.34742844 0.981376946 0.662889898
    1.28548467 0.867856264 1.0511086 1.48545682 1.42987859 0.64117372
    1.56860292 1.47614968 1.48978448 1.49145162 0.573619783 1.47194374
    0.977644145 0.759125948 0.904597282 1.07620668 1.17869353
    0.924310923 0.563836753 1.15962279 1.23351502 0.469326496
    0.544926941 0.769183278 0.909317791 1.40717685 1.3592813 1.33913708
    1.16001999 0.924493372 0.646445751 1.46595037 0.954368174 1.10437298
    1.360834 1.45253646 1.18725979 0.789839625 1.45044255 1.12088466
    1.42625833 0.508570135 0.653042972 0.642098963 0.717214942
    1.40571249 0.729623795 0.55229187 1.13063467 1.43921924 1.18950355
    1.03859031 0.998547077 0.853443503 1.08351088 0.667404711
    0.790132523 1.43973613 1.23956931 0.947244883 1.45366621 1.50364852
    0.551400542 0.902849972 0.933005035 0.985389531 1.39759517
    1.41034079 1.45946193 1.49976051 1.29685867 0.820806861 1.43958843
    1.04996955 1.0492084 0.83359015 1.35184431 1.53213584 0.716644943
    1.47550762 1.36733961 0.854667664 1.03658259 1.2611208 0.508021593
    0.961483896 0.910319865 1.02954519 1.42267036 0.564928293 1.40734601
    1.18615961 0.711191535 0.90505147 0.816800714 1.5601809 0.893414974
    0.674640596 1.32433355 0.909427762 1.55475724 1.04522812 1.10146224
    0.965982437 0.606751323 0.853922725 1.11009431 1.36022115 1.05313849
    0.672180355 1.48295557 1.17416036 0.639677227 1.01923311 1.49991381
    1.55701518 1.3945545 0.619928956 0.618489385 0.655946374 1.45749986
    0.783035815 1.19515026 0.98900187 0.904584348 0.557475448
    0.655627012 0.809747279 0.791163087 0.697806001 0.767757833
    0.893815041 1.49850225 1.00505304 0.624873936 1.13891697 1.10760784
    0.979964972 1.32618678 1.52119517 1.42189217 1.31235802 0.603156686
    1.02546167 0.755651653 0.898080945 1.53440261 1.33566594 1.00683475
    1.29116166 0.916693211 0.693637252 1.12182045 0.766158998 1.00448942
    0.917530358 1.45041859 1.55904067 0.986305296 1.42909074 1.20402539
    0.979898214 1.31785774 1.13796723 0.723210573 0.95695895 1.54635406
    0.845622301 0.923767269 0.986944199 1.088413 0.682531178 0.673445046
    1.48571789 0.5683617 0.663474858 0.607305467 0.9726879 1.44473147
    0.751542926 1.40384567 0.948394775 0.722182512 0.782321632
    0.871961296 0.698510408 0.850311637 0.784448743 0.932184577
    0.871695817 1.05163348 1.16420925 1.23682475 0.901852071 0.670213759
    1.36045229 0.888956845 1.01878977 1.1250211 0.952200294 0.915808558
    1.36346388 0.944354892 0.521714509 0.609605312 1.48534369
    0.800645947 1.26535213 0.738762975 0.528901637 0.71043092
    0.521739125 0.643419564 0.811101437 1.01032329 0.882141352
    1.22536564 0.637374043 0.625326097 1.29793739 1.32538521 0.8258214
    0.986398101 1.15575171 1.17410004 1.03867793 1.25506794 0.989248872
    0.745724916 1.03639197 1.43343163 1.15754771 0.97668153 1.04586577
    0.620367825 1.26580524 1.43155241 1.2509228 0.992328644 1.21344554
    0.848926783 1.01833975 0.962969422 0.751220942 0.993569851
    1.28516912 0.984482944 1.27234828 0.844418108 1.5115155 1.00498772
    0.668910682 1.50175071 1.04875612 0.87469089 0.914813519 0.754211307
    0.91768837 1.35842443 1.02714682 0.935037196 1.23327339 1.22851872
    1.1713804 1.51578689 1.30225539 1.20179474 0.546507001 0.64889133
    0.991213441 0.714969873 1.33621657 0.607924819 0.677876115
    0.779762864 1.03093588 0.497497916 0.524577796 1.1929369 1.30369651
    0.907389045 1.21173787 1.35616922 0.823372781 0.830079734 1.50051153
    0.924802721 1.25451612 0.631740689 0.755152166 1.25539768
    0.805709422 0.837214291 1.20512652 1.28210378 1.45409465 0.73643744
    0.713752091 1.12143075 1.34521472 1.20209599 0.862815917 1.50775421
    0.752785742 1.23875165 1.01279628 0.827471912 1.46958852 1.31378055
    0.55487752 0.845721543 1.52447832 0.791553855 0.60369426 1.34075105
    1.5343461 0.946988761 0.681344569 1.5166496 0.74704057 0.890632749
    0.580982983 1.04747224 1.40892184 0.845318615 1.27168858 1.00540471
    1.31347275 1.55698776 0.57895261 0.606018782 1.06772566 1.33752668
    1.4135251 0.756738544 1.28156173 1.33921921 1.1955713 1.4400835
    0.941078126 0.590577364 0.577342331 0.557004511 0.54425317
    1.46600771 1.04115057 0.546924949 0.61376363 1.4597193 0.846051216
    1.49888468 1.18853486 1.08541942 0.648651242 1.10087144 1.24739408
    0.811697781 1.43612313 0.99466002 1.04906964 1.006863 1.52881455
    1.07395458 1.44504344 1.15105367 1.10391009 1.15848017 1.38555658
    0.889271498 0.664797962 0.772080779 0.607445896 0.872665346
    1.16943693 0.598027945 0.979308248 0.989053667 0.989736736
    1.22762156 1.51301897 1.09246302 0.805964112 1.18608713 0.780054748
    1.10166657 1.08752453 0.915101171 1.42533553 0.883291781 0.511702597
    0.566779912 1.11841226 1.49731994 1.28002357 0.776004136 0.646460712
    1.14663243 0.821277797 0.938648045 1.17636406 0.867263198 1.35734499
    0.646401346 1.13769841 0.894040585 0.657715023 0.798819244
    1.50570464 1.575611 1.58671594 1.6079185 1.22040808 0.704659641
    1.45709991 0.707767427 0.86175096 1.10745668 1.16186559 0.562733591
    1.00208652 0.657857597 0.570673466 1.31839764 0.923726261
    0.911711931 1.3569715 1.40196359 0.746585667 0.902370572 1.2809118
    1.05851924 0.964542389 1.0343492 0.665545046 0.668589413 0.763714373
    0.611701131 1.27940321 1.0441196 1.073475 1.47180247 1.05988681
    0.723766148 0.854556561 1.05391657 1.29114115 0.568483412 1.29958963
    0.898201585 1.21687555 0.720439613 1.0515579 1.43739092 1.42959762
    0.606946826 1.50228047 1.45176363 1.03010857 0.618353307 1.17431724
    0.797180235 1.44883668 0.946279883 0.608155608 1.06029987 1.38075054
    0.585312426 0.63588798 0.517065108 0.927793145 0.659752905
    0.919830263 1.21887517 1.06662655 0.543010294 1.24523437 0.756548107
    1.44919682 0.53206116 1.05655789 1.3659296 0.631080627 0.689367414
    1.11826992 1.0959661 1.03672004 1.2810719 0.938133538 1.11705673
    1.5303489 1.55784082 1.36109626 1.53826678 0.988965869 1.05479181
    0.591309369 0.621786058 0.734574974 0.63098067 1.14833641
    0.628970623 0.583286285 1.32215059 1.404441 1.04788256 1.05658686
    1.51490438 1.5392158 0.642378688 0.93371886 1.36748338 1.09956634
    0.653192639 0.700598598 0.951943159 0.949541152 0.837678075
    0.693567216 0.596211553 0.929831862 0.671560287 1.45261776
    0.757444203 0.785803854 0.59368366 1.39616954 0.674137175 1.10674608
    0.467887253 0.660044909 0.797921479 0.509343922 0.800094068
    0.456466675 0.667784035 0.86638701 1.18561637 0.675519884 1.16658175
    0.678838611 0.612669468 1.17533672 1.42356133 0.676537395
    0.558744788 0.791515946 1.09978831 0.53236407 1.23781812 0.791838467
    0.854468167 0.935833156 0.536687076 0.826116681 1.29057562
    0.848771513 1.04200673 1.32268894 1.07384801 1.36307192 0.995386064
    1.31028986 1.3051374 0.823597431 0.649115682 0.802400112 1.08223712
    0.636008143 1.25861466 1.11849236 0.98495388 1.10001051 1.2845149
    0.630561769 1.16264355 0.909065843 1.01566231 1.43757558 1.18845999
    1.45812356 0.91933167 0.872744203 0.986327052 1.24798715 1.47330749
    0.723551214 1.07063651 1.29244506 1.06919277 0.860056221 1.08509493
    0.72263521 0.903870523 1.06975067 1.29767835 1.45579302 0.733472228
    1.21588624 0.863939047 1.09976816 0.936767101 0.507162094
    0.878153503 1.02193046 1.42271101 1.47239077 1.21886015 0.958334923
    1.46186316 0.582400799 1.56035769 0.802178025 0.655230463
    0.799075305 0.818824887 0.709323525 1.43155885 1.51942825 0.91489315
    0.831127584 1.57662427 0.910647273 1.52866149 0.726151347
    0.601916671 1.324875 1.51680624 1.31346858 0.749479532 1.18498933
    1.17412758 1.20804334 0.884424746 0.784078538 1.46902502 0.850195646
    1.13096309 0.549256265 0.797016084 0.81144321 0.612032354 1.2982235
    1.43273807 0.643927574 0.686174214 0.582495928 1.31256175
    0.648602128 0.629664481 0.650152266 1.08428466 1.30359209
    0.911163211 0.74465102 1.34426057 1.06447005 1.38626564 0.927954614
    1.49793553 1.29751718 1.56233585 0.710665941 0.751600146 1.44432271
    0.842715144 1.52072644 1.06724942 1.21011961 1.32621574 1.42932045
    0.833881557 0.734901369 1.19209635 1.0105387 1.18565226 0.624916255
    0.956076145 1.01262307 1.41221189 1.48505259 1.14917064 1.37846458
    1.46696854 1.07300532 0.979832172 1.53387666 1.03440237 0.668233991
    1.0330224 1.28400064 1.08661163 0.629039645 1.12223494 0.572653115
    1.54662311 1.37238336 1.19311464 0.982347667 0.864656329 0.656581819
    0.611100674 0.954737723 0.5999946 1.10322881 1.43857861 1.01780283
    1.48259091 1.07221234 1.36914742 1.54399645 0.986222088 0.907067001
    1.13570428 0.713021159 1.11407423 0.959270179 0.654395163
    0.592372894 0.878408253 0.824586034 1.48920655 1.31221795
    0.926791906 1.30800319 0.759614229 0.848053694 1.48909116 1.16609406
    0.649350464 0.999741495 1.0199784 0.549872935 0.901941538 1.20089948
    0.618749082 1.24559975 0.71229136 1.54914737 1.45036077 0.842544198
    1.39785576 1.1979655 1.30404747 0.588188946 1.07327914 1.03574932
    1.09538007 1.52456176 1.11986709 0.833229542 0.999806941 1.49896479
    1.04602385 0.622934461 1.04333258 1.13761401 0.802599728 0.736736
    1.0764029 0.813605547 1.40195668 0.570234537 0.621527016 0.820610523
    1.25061727 0.827560544 0.645245433 1.24449086 0.864526868
    0.966278017 1.28876758 0.588867903 0.864990115 0.893652141
    0.979653358 0.820805848 0.593818307 0.889160752 0.918439031
    0.962878048 0.867219746 1.18024242 1.36103332 0.729089618 0.88244772
    0.617801249 1.3432076 0.469693959 1.03574681 0.940705657 0.615031719
    0.522883773 1.20397425 1.07769859 0.563186109 0.689936817
    0.835937381 1.1181258 1.03852165 0.842885971 0.945905387 1.44802272
    0.555610895 1.12771285 0.655194521 0.873734772 1.33632302 1.02411461
    1.209795 0.764164269 0.978136957 0.710306168 1.52772474 1.20210779
    1.05146778 1.52363086 0.713812888 0.578224897 1.30147541 1.42843652
    0.954973996 1.45306933 1.44575667 1.16911077 1.34409153 0.895020962
    1.11779308 0.590487242 1.42417371 0.740856171 0.708102107 1.10875452
    1.4107759 0.702310205 1.10849607 0.933384359 1.31048107 1.24065793
    1.45898187 1.36574686 1.17771053 1.03195369 0.82558316 1.05813944
    1.49332511 1.07415509 1.34935427 0.849078417 0.659504235 1.41067159
    1.45782697 1.44837308 1.32607818 1.3697443 1.45493484 0.567552924
    0.881534934 1.13171113 0.68268013 0.688594937 1.39699066 1.32237124
    1.38707685 0.686728179 1.37090552 1.10039949 1.28330135 1.20388103
    1.48147631 1.37195718 1.01972401 1.42558122 0.592566729 1.08115947
    1.39423668 1.20235527 0.728462934 1.31170332 1.28522038 0.973813951
    1.30231977 0.859878302 0.676656127 0.862869918 1.03489578
    0.975992382 1.45058346 0.842405379 0.550177157 1.0083884 1.30500114
    0.566226661 1.09524918 1.12276196 0.593433678 0.993703246
    0.704985201 0.740382314 1.35447168 0.684292376 1.16343617 1.26777697
    0.569142938 0.707261026 0.737717152 1.03077924 1.14944983 1.18602622
    0.677040935 0.961845815 0.648685336 1.36782598 1.27185452 1.46843874
    0.701183915 1.1742934 0.904777646 0.618367314 1.57360089 1.35279226
    1.42466724 1.18907213 1.34229529 1.25246358 1.49165225 1.44249725
    0.594042957 1.5092423 0.839374423 1.01082778 1.45536077 0.649072707
    1.12236571 0.545986056 1.11941397 0.681543887 1.35415196 0.805498362
    0.723317087 1.22952986 1.31904233 1.21689403 1.50601065 1.28139746
    0.591180861 0.743502796 1.04257119 0.811855316 0.678398132
    1.37162697 1.17570186 1.24715745 1.39715123 0.815668523 0.87017256
    1.26784372 0.972720623 0.947372139 1.49184108 0.855290651 1.47713244
    0.974111915 1.27123022 1.39388478 1.44580078 0.739644289 0.919677734
    0.92193526 1.48741925 0.784548759 0.757516026 1.06770551 1.3510648
    0.541345537 1.12567282 1.20010769 0.99778235 0.912304103 0.74726063
    1.00158167 0.591802001 0.633021712 1.27049565 1.06623173 1.01115632
    1.2650491 0.840841711 0.409108967 0.67291218 1.18987858 0.943856537
    1.51593757 0.798878133 1.29917073 1.32530487 0.771498203 1.1164062
    1.43475842 0.888969064 1.42647994 0.991014242 0.702560306 1.17172706
    0.729773343 1.31098247 1.56886363 1.40621948 1.43958044 0.594605029
    1.36737537 1.23504937 0.570515573 0.814161301 0.707583547 1.04366052
    1.36303639 0.797518134 0.925149441 1.31388497 1.29009342 1.44105172
    0.958329439 1.29447079 0.585495114 1.50896943 0.710897267
    0.822230577 0.979257941 0.911933184 1.42884362 0.888657451
    1.03273296 1.22286963 1.35068655 1.11254287 1.23603046 0.780024827
    0.654334843 1.28976834 0.623362064 0.599589765 0.674710095
    0.749139786 0.589721262 0.886671007 1.3975395 1.00021386 0.628059745
    1.48814797 0.641258299 1.19285131 1.4935329 1.38273597 1.52144158
    1.47935843 0.679985583 1.07672489 1.09368205 0.999843419 1.49653006
    1.40175581 0.723821282 0.867994666 0.719428539 0.768464983
    1.37135351 1.20855451 1.10243428 0.894997895 1.54440653 0.920472264
    1.55687249 1.02218223 1.1283437 0.909457445 0.669193566 1.08492064
    1.32762611 0.533543825 0.820658565 0.810659051 0.612850904
    0.921723723 1.02924728 1.17024112 1.03905249 0.797051251 1.15209103
    1.46878088 1.51201117 0.58823806 1.32982123 1.26843798 0.982980132
    0.958560824 0.574713826 0.712757707 0.816780627 1.29482079
    1.26954687 0.843499184 0.696251929 1.34931028 0.649841726 1.2146194
    0.866377652 1.28235209 0.568447113 0.682217419 0.701167822
    1.05418777 1.33836484 0.977531075 0.653608739 0.696359754 1.38472271
    0.648468554 1.29743159 0.745505631 1.01572311 1.55675411 0.989049971
    0.752439976 0.994487286 1.57277942 0.797183812 1.56294823 1.02809405
    0.676729739 0.883184016 1.01537466 1.23174345 1.39833379 0.666583538
    1.09098029 1.4658196 0.850272357 1.10751653 1.08106875 1.03681517
    1.17765963 1.31830955 0.552177608 1.18794131 1.03228199 0.970723987
    1.17233849 1.45309317 1.53954351 1.15197265 1.2019608 1.00495744
    1.32908762 1.07121611 0.726970375 0.585836947 1.11112964 0.674510837
    0.532775939 0.750150084 0.784611464 1.39925253 1.02944911
    0.904266596 1.06115794 0.794579446 0.938604474 1.38416815 1.02514052
    0.695764363 1.52276623 0.916362703 0.791510522 0.847856641
    0.923743367 1.16196084 1.18385804 1.16622877 1.46575928 1.56317115
    1.16328335 1.38932395 1.14174306 1.32002079 1.42507815 1.30524015
    0.748969078 0.518627942 1.13375688 0.893827856 1.20351028
    0.772188544 0.784177601 0.732885122 0.921902359 0.538469076
    0.574981153 1.3668077 1.47075081 1.46204197 1.01134598 0.670216024
    1.06305456 0.52523458 0.889152706 0.812268972 0.969746292 1.47158408
    0.665479898 1.55210233 0.759987414 0.721075118 1.43012202
    0.720555723 0.877083123 1.51720464 1.4107008 1.0744555 0.712346733
    1.49173856 1.05472302 0.918306708 0.847595811 1.05052245 1.21093583
    1.36679387 0.755522907 1.48873997 1.15852261 0.977178931 1.00217807
    1.35495865 1.05994833 1.27907777 1.1422646 1.4522084 0.940190732
    1.21815276 1.39091814 1.30089033 0.657125056 0.849102736 1.28833938
    1.07360864 1.29372394 1.09141779 0.70747751 1.42275798 1.01403439
    1.37374198 0.831287444 1.36299992 1.2310698 1.12626207 1.08504748
    1.15820348 0.925506055 0.716373026 0.907114804 1.23633432 1.54494965
    0.605003119 1.38283741 0.591771007 0.663190901 1.3743726 0.520684063
    0.620003462 1.06053364 1.10204303 0.611134291 1.50009906 1.13932574
    1.29321241 1.20802319 1.16698682 1.13981724 1.45000672 1.19147253
    1.07177329 0.763846219 0.669408917 0.602564752 0.67116046 0.69201839
    1.53128815 1.24679565 1.25121522 1.20493782 0.968752146 1.46573162
    1.01380444 0.637340546 1.35708189 1.24195015 1.09055579 1.41053271
    0.640390873 1.19157851 0.522714615 1.05064321 0.77961731 0.568231225
    0.763685644 1.31401908 0.998740435 0.785060763 0.977762163
    1.42030168 0.753417611 1.3063544 0.663526356 0.546209991 1.22348952
    0.63289696 1.49006069 0.813346267 1.22539794 0.990420222 0.716236353
    0.657098234 1.19947624 0.885071218 1.18414128 0.685062945 1.41785848
    0.813933134 0.841731429 1.08099127 1.06480515 1.47717071 0.694850683
    0.865992188 0.913831055 0.712363303 0.923161507 0.828697264
    0.862618506 0.653268754 1.19747353 1.39071596 0.849608123
    0.882153094 0.591824234 1.11682081 1.12520111 0.922036767
    0.785128951 1.35509002 1.46085954 0.812731206 1.16464782 0.665000737
    1.05394757 1.25388992 1.27498889 1.09869444 0.643569708 0.999791145
    1.13268578 1.43034601 0.861351788 0.899419069 0.892663658 1.40159452
    0.521986127 1.00399637 1.35198987 0.693264306 0.982922971
    0.804087222 0.640839279 1.25836384 0.619580925 1.06972957 1.41900599
    1.32862949 0.816259325 1.06984472 1.51755989 1.26332247 1.4140197
    0.695882916 0.903156459 1.25778699 1.58414614 0.785084963 1.07904255
    1.18437421 1.3812393 0.877263486 1.20035553 1.5335623 1.27601075
    0.794973314 0.97722131 1.03413081 1.06291878 0.812476456 0.962267578
    1.25785387 1.55435133 0.802708626 1.45150578 1.41187394 0.615834177
    1.53362381 1.50123143 0.859073877 0.876157343 0.649830222 1.08710146
    1.1884203 0.905446529 0.894399703 1.20007634 1.18455231 0.948117435
    1.03125429 0.935720682 1.12656963 0.920251131 1.33253181 1.12224555
    1.24605095 1.29031897 0.678235829 1.09078133 1.05359018 1.53238487
    1.47953105 0.719461918 1.27931178 0.912438631 0.728915989 1.33451521
    1.48089933 1.39201641 1.27673841 1.28950763 0.815839648 0.575954258
    1.00965726 1.03425348 1.24808002 1.04440975 1.26172662 1.05573201
    1.22991574 0.958368242 0.862430215 1.50431764 1.13665926 1.31180382
    0.684917986 0.523914874 1.16205657 0.646515429 1.14566934
    0.660828173 1.21350729 1.50318289 1.3706305 1.50546837 1.24743724
    0.868384182 1.28783417 1.41317046 1.34037769 0.918121397 0.566266358
    1.15954423 1.06295669 1.30408728 1.50953531 1.22088563 0.75025624
    1.20075142 0.83719784 1.54770839 1.00271404 1.12670016 1.17452979
    1.02337754 0.944859862 0.651442945 1.24102664 0.739343762 1.39713299
    0.563961387 1.37579703 0.898827791 1.3001821 1.30145276 1.28173816
    1.22795427 1.04093707 0.940397799 1.31979573 0.951562464 0.954381108
    0.604489028 0.86341995 0.750094712 0.662814498 0.656753182
    0.666656673 1.01618314 1.00945556 1.02047992 0.849198818 1.30151081
    0.918510258 0.844538927 0.956261337 1.52200222 1.30675685 1.43990457
    1.23973906 0.722611964 1.54104602 0.866665959 0.543666124
    0.655323327 0.596798718 1.30817282 1.36281633 1.51620305 0.85318619
    0.826437831 1.21519434 1.48374081 0.659574032 1.01701486 1.11660576
    1.50426698 1.04032207 1.45629919 0.614462852 1.31662726 1.17882228
    0.5541026 0.712314427 0.996076584 1.20542693 1.01477897 1.18612432
    1.05790496 0.613463104 1.33877528 0.600084007 1.21462667 0.910238743
    0.769662499 1.27824056 0.616491914 1.00225425 0.532142997
    0.591144085 0.882169008 1.19466496 1.41745436 0.672844291
    0.950541675 1.19664013 1.19430268 0.615491033 1.15269709 1.14440846
    1.01383674 1.14577472 0.690454781 0.950216115 0.640087843
    0.619190633 0.641033769 1.48799658 1.34298289 0.874259949 1.32370627
    0.840943933 0.806478977 0.926508307 1.16454124 0.87068516
    0.859936655 1.01644742 1.24518478 1.37647796 1.01093864 0.710028589
    0.765990019 1.44376934 1.48017335 0.795386314 1.52487826 0.62938112
    1.20908928 0.963141561 1.14407206 0.638622105 0.811137557 1.15577984
    0.72312659 1.14287102 1.51261675 0.669892073 1.48204768 1.43868876
    0.977417946 1.05391288 1.18138671 1.26857674 1.20940816 0.931373596
    0.846303463 0.834672689 0.758262336 0.645658851 0.859987617
    1.3575561 0.852266788 1.01496983 0.795468569 1.17316175 0.820758343
    0.768051684 1.34211361 1.33641815 1.3298496 1.03014135 1.37853074
    0.697228074 1.20127261 1.34199905 1.2254169 1.34082055 0.979175925
    1.05158389 1.1194663 1.41995025 1.23681915 1.46743095 0.825363994
    1.51900339 1.25674582 0.950478971 0.728158236 0.83752048 1.48474121
    0.694598258 0.613161206 1.31219995 0.977238238 0.986584008
    0.795064509 1.2428093 0.883571148 0.885017037 1.21192193 0.847228348
    0.61413914 1.45546579 0.875876129 0.601956606 0.817605853 1.2310288
    1.43323469 1.22461319 0.546427667 0.787615359 0.542132735
    0.852597117 0.809443772 1.31720114 1.33069777 1.37812757 1.47388434
    1.25969458 1.40729606 0.668912292 1.02176106 0.848420799 1.51213622
    0.990670025 0.850646496 1.58202875 0.645552635 1.50149333 1.01251388
    1.06032217 0.915479183 0.688994765 0.563776374 0.899110436
    1.48642111 0.578660786 0.805653811 1.15699112 1.45328689 1.11048031
    0.646920323 0.657604992 1.0089674 0.653835773 0.602167308
    0.580390155 0.534050703 1.49016488 0.597545803 1.14714527 1.19244254
    0.580592752 1.12501454 0.858525157 0.877295673 1.37418842 1.21275246
    1.04302227 1.11982191 1.49975741 0.95333904 1.29601562 1.54650831
    0.572740495 0.955414116 1.36652744 0.826136708 0.669591486
    1.42938972 0.775226653 0.768884063 1.28179526 1.27929628 0.885759473
    0.679557264 0.870130062 0.79472208 0.64222157 0.901884913 0.97328645
    0.749176741 0.738090634 1.35110068 1.25371087 0.552958012
    0.708347261 0.727937341 1.33419657 1.37901425 0.659559488 1.35006416
    0.606429398 0.754666209 0.344121546 0.592259049 0.651430428
    0.69992137 1.20135868 0.812276065 1.18084049 0.907821894 1.32239032
    0.558828413 1.51060784 1.10622728 0.627126813 1.3828603 1.53326547
    0.678453028 1.2897445 1.00608277 0.911097229 1.0583961 1.24011552
    0.607998788 1.51737738 1.18288946 1.05919182 0.810921013 0.858412445
    1.31233478 1.22113299 1.42622948 1.28589869 0.707627416 1.28665197
    1.33678305 0.824614704 1.26312017 0.595863581 1.2114532 0.764726341
    1.31745124 1.1736089 0.793659806 1.12332857 0.998744845 1.25513458
    1.3906188 0.757304132 0.916763425 0.668562829 1.49688125 0.644912839
    0.791631639 0.787660956 1.30791557 1.2407639 1.33326447 0.696796834
    1.30382669 1.25485122 0.939939499 1.37155497 1.48310387 1.42770743
    1.37569201 0.986195505 0.555947781 0.876230061 1.02038813 1.45124638
    1.1714586 1.47055137 1.05038142 1.22890604 1.02157283 1.26393461
    0.946574032 0.607697308 0.84062314 1.3494395 1.48519206 1.04643762
    0.947632253 0.990360379 1.39731109 1.25799024 1.3780793 1.07974803
    0.696219742 0.90569979 0.622527003 0.931953192 0.695390701
    1.00543714 0.75403136 1.34390414 1.04084504 0.684223592 1.33602738
    1.37413216 0.986181259 1.28292644 0.956583679 1.31814551 0.690887809
    1.454337 0.749237001 1.35127199 1.57133603 0.820645332 0.948576033
    0.976326287 1.50936317 0.567972183 1.4090488 1.23387992 0.709081173
    0.86183399 0.53718096 0.785718024 1.25326085 1.34570551 0.520732939
    1.41351187 1.23908985 0.603752255 1.31086779 0.54790324 1.39944887
    1.27493632 0.707851529 1.22519946 1.32500505 1.53355145 0.828736007
    1.19807732 1.51695693 1.40526414 1.05276835 1.14148772 1.28126585
    0.697598577 1.38894677 1.26803505 1.42465138 0.973668635 1.39736807
    0.59366715 1.09787226 1.19852149 1.45916188 0.952720284 1.38833797
    0.696709394 1.18578875 1.12274897 1.3939656 0.884758115 1.51860189
    1.26730657 0.910655141 0.962190926 0.901518106 1.46649551 1.35928524
    0.821434438 0.925532758 1.48549604 0.736153245 1.42157817 1.15980637
    1.46058357 0.541917443 1.04216623 1.49956238 1.45436203 0.558939219
    1.2515111 0.691736519 0.990817845 0.612131774 1.046417 1.04863346
    1.05407715 1.32245886 1.45051694 0.798755407 1.44516051 0.936932743
    1.45126998 1.60191751 1.30768049 1.40828156 1.21682799 1.13596153
    0.682463646 0.815682352 1.22094214 0.946539104 1.30750465
    0.571375787 0.679018021 1.17648816 0.798431695 0.660858095
    0.698071241 0.706652761 1.18169999 0.788081706 0.575218618
    0.496704221 0.728180408 0.934484661 1.02201486 0.530337989
    0.599596024 0.809256256 1.0828377 0.955266595 1.56395841 0.734880984
    0.92862016 1.5684675 1.14691889 1.36955297 0.976000965 1.18763459
    0.918573797 1.55137825 1.15147913 1.14285362 1.04439211 1.42588878
    0.917652607 1.25844979 0.928627133 0.922579944 1.49021566 1.26199543
    0.880160391 1.17986214 1.40001309 0.733528256 1.16043687 1.03140926
    0.821204603 1.01629329 0.854192615 1.31029856 1.03809845 0.832223535
    1.13837504 0.615523219 1.53904366 0.773830414 1.28809309 1.05858099
    1.20525622 0.937984288 0.81530261 0.558146596 0.57264781 1.13164711
    1.47272038 1.22571468 1.28900111 1.46379602 0.828643739 1.09591472
    0.686716974 1.03863657 1.29907489 0.831746936 0.580566645
    0.945007503 1.17538977 1.04174411 1.19649458 0.851702332 0.803434849
    0.800360203 1.48505998 1.51744092 1.04099798 1.5162164 0.638635933
    1.42379856 0.83748287 1.08214378 0.553070664 0.734289765 1.1502912
    1.39650595 0.881868541 1.51698041 1.41869092 0.836383522 1.35427213
    1.1354233 1.53039765 0.733914375 1.34168494 1.05189121 1.20452678
    0.566210389 0.636084914 1.3169421 0.604488492 0.977814794
    0.645501435 1.05736673 1.51117277 1.17569005 1.11192763 0.892266273
    0.50213027 0.820907533 0.962961793 1.33301735 1.13866186 0.685631394
    0.539836645 0.645253003 1.50371861 0.571178317 0.918016732
    0.784967482 1.23807108 1.20098448 1.36500859 1.19088018 0.723615646
    0.910567999 0.664379716 1.09337509 0.562686205 1.24122977
    0.889534235 0.692761898 0.885266066 0.803200185 1.32599902
    1.21428359 0.744287968 1.23911989 0.67376864 0.861750782 0.645195007
    1.20967853 0.945909858 0.633949161 0.973509908 0.600333631 1.2278372
    0.873852372 1.50728834 0.777246714 1.34279108 1.30105281 0.907202482
    0.71866411 1.42559409 1.45688176 1.10558236 0.781290829 0.923040152
    0.996701121 1.082605 0.984684587 1.22870135 1.16268718 0.558752775
    0.943301141 1.24209285 1.0335803 1.16676474 0.480618179 0.743993521
    1.08883536 1.37568796 0.678401649 0.544995487 0.700386584 1.13841784
    1.32834685 1.53223944 1.3067944 1.17614257 0.92379415 1.03546131
    1.24315333 0.718014061 1.13411582 1.11424422 1.19163275 0.880791485
    1.16936553 0.664654553 1.50453568 0.947337747 1.43626857 1.47020316
    0.888577342 1.22629309 0.876547635 0.570944667 1.23992777 1.43715858
    1.39547443 0.670740426 1.06463063 1.25824285 1.34492648 1.08955038
    0.745018601 0.700898826 1.15977287 1.04555619 1.26168525 0.946459889
    1.00512528 1.19206429 1.46261966 1.38203001 1.15535331 1.19101763
    1.13604224 1.08938193 0.815351605 0.653837919 0.946746886
    0.562988639 0.617299676 0.827582896 1.17289042 0.88881886
    0.766349196 1.21162295 1.14549708 1.03076458 0.73917526 0.889573872
    1.57652926 1.33980107 1.51637387 1.30657291 0.788135529 1.17542481
    1.51923501 1.14178681 0.884073496 0.967438042 0.876939118 0.52653867
    1.07463777 1.42366016 1.11266148 0.94551605 0.878169 1.18484139
    1.24043119 0.565365016 1.20339537 0.574725449 1.38546836 0.607221603
    1.33440793 0.763538778 0.92725867 1.14350367 1.16545546 0.847404897
    0.641905546 1.11284423 1.47618783 1.04115641 1.13817263 0.973733187
    1.14252305 0.954046071 0.995700777 1.0806818 0.903719783 0.894277334
    1.48276711 1.12022793 1.25373733 0.604466915 1.18167257 0.856268167
    1.1132617 1.2279799 0.593556345 0.659352541 1.45034933 0.544036329
    1.26203096 0.893572092 0.886419713 1.22195244 1.08480263 1.28243804
    0.794552207 1.42696512 0.956260443 1.08256102 1.06861651 1.079638
    1.34429622 1.31009507 1.36611903 0.891138613 0.834306538 0.705929458
    0.401288867 0.977077723 0.423895538 0.965064645 1.42335153
    0.980351031 1.2091887 0.965055645 0.904566407 1.45795858 0.97090596
    1.15290034 1.09636259 0.742038488 0.833066821 1.23080456 1.52130258
    1.29500508 0.706837356 1.55184996 1.14616334 1.01467896 1.4852066
    1.41279054 0.752727866 1.0681771 1.3591361 1.32973492 1.40408421
    0.903020084 0.89424485 1.24315214 0.579337955 0.770128429 1.37358403
    0.845544279 1.31334496 0.841799736 1.49800515 1.25708425 0.593117118
    0.775022626 1.1291219 1.27289128 1.53624082 1.26911974 1.01932657
    1.32833314 1.37605262 1.19237828 0.599529684 0.747402906 1.35775995
    0.766833484 0.745563745 1.43984878 1.19298851 1.21583688 0.866154552
    0.675349712 0.510774493 1.19467723 0.944472432 0.85337615
    0.732360423 0.974512577 1.27733147 0.786596298 0.854457557
    1.13724041 1.01661432 1.32618308 1.05571091 0.697769582 1.08596683
    0.894192994 1.28871834 1.10890222 0.540757954 1.18389606 1.4933008
    1.30711734 1.30425262 1.17474401 1.13616204 1.23849916 1.06712615
    0.542584062 1.05657721 1.32896733 0.988446534 0.685429513
    0.728446782 0.589735806 0.567495286 1.07764876 1.06519985 1.32572865
    1.11057091 1.36628973 0.851549506 0.934956908 0.86172992 1.44734514
    0.997029662 1.47300422 0.984692812 1.02357495 0.741088033
    0.772151232 0.867534459 1.32808006 1.3423171 0.770902574 1.43596113
    0.772377074 0.62509501 0.493759185 0.484645605 0.703436673
    1.01490879 0.530401945 0.763493598 0.570801616 0.733463526
    0.714602768 1.01474118 1.32078958 0.779571235 0.59868145 1.47182035
    1.34663594 0.942509711 0.930566907 0.66622287 0.720502317 1.24074876
    0.586208105 1.43877232 0.952700138 1.27007532 0.662727058 1.32337928
    0.70207727 0.690257072 0.586840093 1.29269063 0.686949849 1.1906811
    1.488482 1.47537684 1.09040928 0.760791481 1.30006707 0.854327917
    0.889650226 1.11552882 1.5378958 1.5399456 1.28218067 1.3998096
    0.675773799 1.39165807 0.920988262 1.14657211 0.920572221 1.40847695
    1.51096117 1.21814013 0.984117091 1.39421356 1.45990789 0.898612916
    1.24039841 0.62316376 1.28933752 0.765243351 1.33836329 0.83500886
    1.56317234 0.97168088 1.46056867 1.29566598 1.00761521 1.28946781
    1.26261044 0.755219758 1.33406758 0.724102795 1.3506887 1.36085486
    0.947793722 0.757414401 1.35559249 1.01351213 0.607450247
    0.776430905 1.50132167 1.05546808 1.28325987 0.764997602 0.588103712
    0.758460104 1.16683161 1.48805666 1.48683429 0.913569391 0.719979823
    1.00861514 1.08659446 0.588464618 0.801402032 0.545145214 1.49026155
    0.954807222 1.24313879 1.37651587 0.806081653 1.54534566 0.940046966
    0.761474371 1.3883934 0.992605507 1.34694111 1.28542423 0.930362105
    0.904432595 1.1858412 1.34738314 1.06321943 1.4058212 1.13157046
    0.722633064 0.647524416 1.07114518 0.897913039 1.27221572 1.32639182
    0.797230005 0.887749076 0.52988857 1.17874861 1.54493654 0.577809989
    1.40135562 0.953699708 1.32835233 1.09980941 1.54739046 1.19513667
    1.11633146 1.42284036 1.25768733 1.06559777 0.778608561 0.494861007
    0.717365921 1.26682448 0.502423704 0.958317339 0.970130086 1.1963762
    1.02817106 0.572841644 1.50075722 0.535662651 0.937555075 0.54677397
    1.32991123 0.571219683 1.27199018 1.3101275 1.22338438 0.758550584
    0.604333699 1.4764607 0.844467342 1.09907949 1.05160701 1.19325316
    1.36640465 1.47855234 1.47610712 1.34770811 1.20797777 1.15502405
    0.829820633 1.11279666 1.00135612 0.764128864 1.38354051 0.595661461
    0.613935888 1.45666134 1.43708026 0.97026068 1.13624084 1.40026462
    0.957452774 1.32495308 1.09838939 1.56221962 1.4301374 1.02506161
    0.926490366 1.3401475 0.767205298 0.944523692 0.667358339
    0.911192775 1.43240106 0.885510325 1.19891727 1.3186754 0.972609043
    0.732181072 0.674410343 0.78830266 1.20121276 0.936185181
    0.732320666 0.770949543 1.11146069 0.942941964 1.26360452 1.38881993
    1.16544533 1.51656222 0.948613763 0.980816603 1.21875226 0.621064305
    1.22201693 1.51664114 0.918942332 1.09285975 1.39313209 0.586698055
    0.821391761 0.650639415 1.08406126 1.14055061 0.938271105
    0.978230894 1.30189192 0.594086349 0.6242764 1.46853471 0.754945457
    0.555787683 1.51074469 1.3632822 0.977702975 1.27899063 0.711664617
    0.680397332 1.10811663 1.52155697 1.42732084 1.45200706 1.32827437
    1.19400167 0.615447342 1.56525278 0.679280877 1.42738283 0.92375952
    0.806868255 0.768672884 0.673056364 0.983956099 0.768931925
    0.958464265 1.19544446 0.715204358 1.20940781 0.67166543 1.03316092
    0.646914363 0.622729719 0.523383617 0.971362114 1.37826979
    1.00432754 0.658928037 1.22090852 1.54343808 0.657200575 0.616455138
    0.637010932 0.60903424 1.11565173 0.95407474 0.634996176 0.955717564
    1.23449433 0.943973064 0.566250801 0.912862062 0.956027567
    1.36125302 1.52850699 0.633429885 0.797333896 1.52444851 1.52058852
    0.58786279 0.736542642 0.699371159 1.55910027 1.13844693 0.796260059
    1.41375887 1.24619985 1.0758028 0.889557421 1.514184 1.55626357
    1.01620948 0.758835733 0.618424058 0.609216094 0.889169812
    1.17993116 1.41844738 1.43912828 0.807268083 0.720737219 0.680403471
    0.900589943 0.640272856 0.619994342 1.23473406 0.775445104
    1.31175411 1.21306312 1.58291662 1.38009346 0.628404617 1.49104249
    1.11916935 0.915232658 1.13173139 1.51930714 0.725769818 1.41196287
    1.14817989 1.30553031 0.568375945 0.566732645 0.855153322
    0.613784194 0.982415855 1.03897107 1.38792002 0.917095304 1.28677797
    0.729879618 0.852309704 1.0005672 0.73021102 0.783982277 1.191733
    0.740238667 1.48429835 0.54578793 1.35500801 1.44696975 1.26634705
    1.49726462 1.13906991 1.06864893 1.57047606 1.59962511 1.57537258
    1.32042491 1.19835901 1.13180888 1.17449498 1.12517869 1.22475708
    0.944144666 1.50206959 0.621620834 0.783333659 1.02243829
    0.727145731 0.815396309 1.01644039 1.4063791 1.3994019 0.790891767
    0.758030176 0.724211156 0.878230512 1.00980318 0.617524862
    1.35611069 1.14846647 0.977135479 1.32095146 0.903605521 0.927779913
    0.908336341 1.1356566 0.681850612 1.31485021 1.32453394 1.39601564
    1.02894616 0.961470306 0.791659117 0.984842777 1.06650364
    0.713442862 0.717992723 0.878806591 0.63028872 1.24534607
    0.566068828 0.893343329 0.823687434 1.01369393 0.694270015
    0.803252995 0.748810589 1.29460561 0.506241441 0.768178523
    0.721867919 0.540491819 1.09847867 1.21184087 1.07905376 1.53087592
    1.17439628 1.17257512 1.01939631 1.31530321 1.4560349 1.55428672
    1.37741399 0.637980342 0.779715598 0.971271753 0.732712924
    0.761285126 0.642124057 1.43391109 0.797459304 0.756580174
    1.52276957 0.942753911 0.61792326 0.913979113 1.03666031 1.10699999
    1.11872959 0.951234281 1.037884 1.38154864 0.664562702 1.51005912
    0.864043474 0.857730269 0.705570459 0.603876829 0.586666226
    0.570843637 1.32192683 0.612535357 0.47977078 1.47756326 0.670557916
    0.636441052 1.38407874 1.4400543 1.1792978 0.805329382 1.16975427
    0.740795672 0.702593327 1.37714875 1.47150147 1.35438371 1.52278268
    0.990628362 0.927499235 0.98814702 0.950179398 0.605908811
    0.773409307 0.585545897 0.772151053 0.685858071 1.40517533
    0.591894984 1.16851974 1.37151122 0.600998521 0.748403132 1.39577127
    0.528753638 1.35778999 0.875465691 0.629288614 1.46242404 1.14487827
    1.50556862 1.02482152 1.49304724 1.13957644 1.01346707 0.896078408
    0.701802731 1.45151639 0.76578176 1.58813572 1.12534273 1.34352922
    0.865733862 0.90593493 0.839915633 1.11289704 1.49559557 0.862151384
    0.985304892 1.29428446 1.40285826 1.38464177 0.747039616 0.873921931
    0.744361341 1.07478344 1.23425913 1.38588357 1.29749858 1.27159119
    1.2178098 0.700859129 0.995577812 1.28193438 0.950957239 1.08982718
    1.31823587 0.647130787 0.531168342 0.626900315 0.561542511
    1.19825542 0.818297565 0.626430333 1.25693345 0.966493547
    0.576726079 1.45542204 0.869435728 1.34963441 0.654222608 1.22142458
    0.902315497 0.822430134 1.02075756 0.864660323 1.13519216 1.54475462
    0.991884351 1.00448906 0.985176086 1.50867605 0.626103461 1.50802541
    1.19620037 1.49674165 1.11823857 0.997065663 1.30883408 1.09429026
    1.52302134 0.859885335 0.679502606 1.05660176 1.11541092 1.54228926
    0.663474917 1.24704635 1.37274468 0.967263043 0.794705927 1.44602847
    1.23492575 1.17966127 0.619331419 1.15940213 1.02180195 0.654627562
    1.06199598 1.14110112 0.950701952 1.10256481 0.637749374 1.39165258
    0.824169099 0.952950656 0.561185956 1.33411479 1.0170095 0.908420444
    0.608143866 1.14441299 1.31967139 1.235309 0.566677451 1.0835954
    1.11961091 1.1129874 1.2924031 0.638557017 1.49261987 0.81251961
    0.617344379 1.31637394 0.702262819 1.08639038 1.4778825 1.39205909
    0.864409447 1.0804739 1.08092022 1.43887091 0.797228932 1.49007249
    0.90420866 1.05214024 0.824837327 0.761314273 1.18202794 0.919151485
    0.944729328 0.629289448 1.09912694 1.16537941 0.866926908 1.14862931
    0.591649175 1.16277075 0.756148338 1.33325553 1.49826443 0.544380605
    0.526641488 1.43463242 0.739943802 1.24805617 1.31675112 1.44354618
    0.929962695 1.0217675 1.47005951 1.02609432 1.44063425 1.17760003
    1.32131803 1.1330632 0.946707845 0.815466404 0.690821528 1.2354151
    0.490540415 0.735278189 1.1126945 1.35034072 1.23710835 1.21752489
    0.890761852 0.955097258 0.733159959 0.856074929 0.844498754
    0.662568271 0.685837626 0.514789045 0.519560456 1.354599 1.08010983
    0.575905621 0.633996487 1.2543608 0.894493878 1.53849399 1.20638371
    1.04897249 0.874133587 1.41647232 1.14492619 0.601491511 0.981785655
    1.48832357 0.677338481 0.594574749 1.03509724 1.3654685 1.34465969
    1.37657571 0.600333571 1.20186496 0.71559757 1.55804348 0.860155642
    1.02977037 1.47497952 0.616031468 0.970842659 0.603753924 1.47046983
    1.39020717 1.46002579 0.744769096 1.32548261 0.561819017 0.514688849
    0.712716281 1.11350977 1.09396994 1.11757612 0.714511514 0.682689726
    0.700195909 1.46321249 0.511429191 0.839075148 0.934854865
    1.39628494 1.10369372 1.10588288 0.878633201 0.926021039 1.06761694
    0.751923501 1.36454797 0.76248312 1.3953582 0.923931122 0.574901402
    1.55004871 1.43116856 1.14400375 1.25084937 1.34876883 0.537954748
    0.85716331 1.08515561 0.720394492 0.751593888 1.18016648 0.72238934
    1.28429079 1.49596334 0.895056367 0.717716038 0.704190493 1.48139751
    1.4582876 0.59133321 0.60633713 1.40133166 1.10574901 1.37038743
    1.17685664 1.18807781 1.27798855 0.903716207 1.00259674 0.949147642
    1.42045367 1.38747752 1.16628814 1.3285737 0.837914646 0.997612298
    1.02643561 0.859860361 0.510713398 1.03450704 0.610507965
    0.774889648 0.698410869 1.38706076 0.475513309 0.907360435
    0.925620258 1.21114767 1.50984764 0.710626543 1.46344423 1.18883693
    0.824498832 1.27815616 1.24613345 0.837513626 1.10731196 1.4099617
    1.09666479 1.49673212 1.12823558 0.877310455 0.778631926 0.779220998
    0.538452029 1.22441173 0.827493131 1.1363523 0.96923399 1.45459592
    0.546795726 1.15285945 1.4227612 0.702486455 1.04629767 1.13902485
    1.32988989 1.38042963 1.35044968 1.30688095 1.52667844 0.83261323
    1.55341375 0.665010035 1.5382843 1.56642377 1.15347064 0.596646726
    0.833775222 0.903311551 1.2351501 1.06190944 0.612712562 0.74020344
    1.31605482 1.35993099 1.17177117 1.08412004 0.609086752 0.719343185
    0.690989614 0.578953803 1.38086152 1.10373318 1.25090015 1.54915154
    1.52859068 1.16222465 1.43942118 0.649300754 0.618440926 1.11183119
    0.71939224 0.943317652 0.955653429 0.902138531 1.14583147 1.35763788
    1.04775202 0.972276926 0.756635368 1.02216363 1.03887355 0.531545699
    0.769191861 0.981485128 0.772599816 1.19544864 1.35167468 1.18067622
    1.12594473 0.867214084 1.41003478 1.39837229 1.27576113 0.838726044
    0.665512502 0.853574991 0.84335947 1.08897376 0.985952616 1.44703591
    0.62985456 1.17664373 1.37682962 1.58885026 0.663792729 1.12037659
    1.55214775 1.20943344 0.561326206 1.08760655 0.567605734 0.652044117
    0.684472263 0.719127119 1.28452921 0.800481915 1.24914062
    0.747747898 0.536313534 1.48334098 1.17084694 0.664303482 1.37593687
    0.81500119 0.652029395 1.34556758 1.27684438 1.5507468 0.869997561
    0.626253664 1.22947454 1.5017612 0.632198989 0.633542001 1.00053549
    1.30475187 1.15401816 0.382483512 0.637466013 0.744994521 1.29272151
    0.499127537 1.25797725 1.46279216 0.82011497 0.843446493 0.47901085
    0.59809196 1.03857207 0.90526396 1.29216266 0.519978046 1.07466233
    0.863762259 1.32410169 0.911481142 1.52756166 1.52446103 1.08232272
    1.30631518 1.51675379 0.656081557 0.812423766 1.56080985 0.891100407
    1.45185649 0.567914188 1.17045534 0.690954328 1.43142915 0.566474736
    0.910683751 1.31423879 1.33248651 1.38558424 0.619596362 0.742040753
    1.56283844 1.23793888 0.736111581 0.629895747 0.977157533
    0.836075544 1.47122586 0.875075996 0.884552121 0.923885703
    1.23037004 0.569936812 1.23895431 0.715140581 1.02987123 0.683968544
    0.881767988 0.653535366 0.646170855 0.745434344 1.31341171
    0.64430964 1.12252915 0.525176167 0.66894877 1.04633868 1.44577336
    1.44675839 0.780018568 1.50334609 1.07745099 0.853847861 0.996465087
    1.36081386 1.26731217 1.3881197 1.1155653 0.900142848 0.729589581
    1.24845862 1.07985282 1.31642258 0.570279956 0.669561684 1.35159469
    0.627718031 1.46289968 0.628059447 0.924670517 0.557050586
    1.26446414 1.54968524 0.940039873 1.360232 1.2727598 1.05422187
    0.863659859 1.48588145 1.49887502 0.947411656 0.57993722 1.54385257
    0.805713236 0.718418002 1.1728071 1.41690481 0.995397151 0.975238681
    1.17000341 0.866943657 0.884535551 1.02522826 1.29787135 1.33555841
    0.71621418 0.660332978 0.783324599 0.77648437 0.534373224
    0.504397213 0.54919529 1.07520843 1.1518507 0.985488117 1.29795599
    0.968505323 1.47056782 1.10865939 0.720244944 1.52608001 1.45825744
    1.21644723 1.18376482 1.09100962 1.16141522 0.675301015 0.947232187
    0.840165377 0.714619577 0.725078464 1.16495025 0.743201077
    0.94482553 0.849131703 1.13897228 0.614974141 0.720518529 1.30297768
    1.49350798 0.845087767 1.19454122 1.03331637 1.06465769 0.910302758
    0.991998672 1.59419262 1.46931672 0.951396763 0.855613112 1.27009547
    1.17740273 0.81649673 1.49319351 0.799939334 1.52869165 1.18093574
    1.0307157 1.33529234 0.857751012 1.4196111 1.43395007 1.5775913
    0.628509641 1.51201284 1.40478623 0.972774208 1.14937258 0.715081334
    1.03815925 0.640039265 1.31638527 1.04549801 1.3738023 0.782124281
    0.758394897 0.901356757 0.654152513 0.951258183 1.26579571
    0.777900755 1.1741302 1.4167031 1.18308628 1.15325177 1.10075223
    0.581415713 0.658984125 0.87182194 1.17591131 0.839476347
    0.773687959 1.37872934 0.799578309 0.985266507 1.25493908
    0.906425953 0.72913444 1.08630025 0.950487792 1.38392317 1.37300289
    0.902564168 1.33905697 1.02278447 1.28702664 1.36438799 1.56207621
    1.01770353 0.845835388 1.57056689 1.53906417 1.42899811 1.15664446
    0.775755763 0.747216582 0.761624396 1.45815027 1.08705711 1.02402318
    1.08484232 1.09886169 0.608118057 1.21974564 1.49955344 0.677902639
    1.10097373 0.548069 0.615142047 1.25542617 0.794424176 1.2490617
    1.28472304 0.736104369 0.916060507 1.17518115 0.702877581 1.3722384
    1.44327092 1.58417225 0.86404258 0.590408564 0.547737122 0.666908681
    1.18588078 0.467582792 0.901108742 0.697341383 0.862579226
    1.22482395 0.69245857 0.958918333 1.30171275 1.41750193 0.870717525
    1.2033 0.597634315 0.483495563 1.05493784 0.716305137 0.838127613
    1.08972955 0.560060024 0.811590672 0.516157091 0.66306603 1.20084214
    0.817906022 1.52483332 0.987252712 0.911719382 0.852020383
    1.43242586 0.691544771 0.949925721 1.08924294 1.16368067 1.499861
    1.1245904 1.27069616 0.748075843 0.813185513 1.13018894 1.18728626
    1.16122222 0.91082567 0.823897839 0.75857693 1.55091882 0.866204083
    1.35377955 0.945576847 1.45411682 1.5504545 1.17722356 0.902312934
    1.19235849 1.50280952 0.67401284 1.06706619 0.858674049 0.499348074
    0.626215875 0.687257469 1.02992487 0.563300073 1.39676452
    0.644883633 1.07462871 0.566263616 0.538940787 0.941425443
    1.45330226 1.34826887 0.900705159 0.918128133 0.6309461 1.02226865
    1.38701415 0.646458507 1.33592284 1.09601223 0.772245646 0.598277271
    1.32766056 1.52051902 1.04191768 0.632279932 1.35467041 0.614976466
    0.787806571 0.861367524 1.10975885 0.959346831 0.803238928
    1.49756908 1.42149234 0.952773571 1.09999466 1.51869667 0.895395219
    1.24276471 0.961304128 1.0772084 1.26722133 0.793085694 1.01252341
    1.36287344 0.878137469 1.46906328 0.941417575 1.45800817 1.29466498
    1.18784416 0.636312723 1.1629622 1.0767107 0.7959584 0.715018213
    1.52119684 1.2808857 0.716716766 1.49173415 0.976787269 0.855082512
    0.51967907 0.50446564 0.79553467 1.41009724 0.697558105 1.16712356
    1.21815097 1.15946984 1.38171756 0.743387103 1.5161562 1.1361624
    1.15991974 1.36296082 1.03956532 0.988865912 0.696848691 0.912958205
    0.998458564 1.05426991 1.0869621 0.802528381 0.818984628 1.4043988
    0.625698626 0.759410381 0.600732327 1.19764543 1.08519006 1.03004539
    1.30747938 0.614950001 1.54354453 0.611459315 1.55732214 1.57609105
    1.13418508 1.30088663 1.12843752 1.5690887 1.56491446 1.18971229
    0.603162825 0.78717494 0.967024088 1.4510839 1.14077401 1.47078061
    0.713701129 0.664950073 1.12032962 1.03902709 1.11193848 0.734750569
    1.0500021 1.3067838 1.58354533 1.52142191 1.1119138 0.99761349
    0.836537957 1.27695048 0.652240276 1.13692617 0.650184691 1.35530663
    1.19257963 0.983269215 0.754982889 0.729502022 0.570618093
    0.572539806 0.579903126 1.44512427 1.05901265 1.25336432 1.16507721
    1.37426209 0.743764341 0.628112257 0.672707021 1.41957402 1.20185876
    0.85125494 1.08319306 1.0459491 0.627803862 1.32191432 1.1624279
    1.12589765 0.897553623 1.59723043 1.10606372 0.78086704 1.16247571
    0.98017627 0.759795249 1.48359501 1.51489246 1.53896344 0.785380244
    0.878057837 0.613353312 1.44749558 1.13875532 1.28589296 1.16090751
    0.978606343 1.44813704 1.50304341 1.17765594 0.833983004 0.991173744
    0.995940447 1.48764443 1.11146736 0.806971371 0.52714479 0.854454577
    0.837780297 1.15284061 0.828769565 1.2572397 1.25984418 0.862471282
    0.940193713 1.06613159 1.22661817 1.4089005 0.83694464 0.652300537
    1.53093219 1.24631619 1.18923724 0.738469005 1.37265635 1.005481
    0.882753134 0.405739158 0.33316943 1.18501246 0.510803699 1.03821528
    0.8725999 0.556439817 0.547517657 0.839664638 0.62106055 0.67807585
    0.740203738 0.667812765 0.589301884 1.3376503 1.25034893 1.27345419
    0.584167004 0.5799914 1.21229684 0.700567663 1.49589503 0.901979089
    1.30721033 0.571525753 0.914919794 1.25234783 0.730501175
    0.977916241 1.28955209 1.04225445 0.62937969 0.848814547 0.831042767
    0.581877589 0.86761564 0.983871162 1.30215359 1.12670517 0.652672887
    1.43709731 1.1691606 1.02205157 0.902840734 1.4828651 1.31429935
    1.17408156 0.679753542 1.55416584 1.45296657 0.897349298 0.995680869
    0.534122348 1.26047182 0.787759006 0.734293818 0.884521008 1.1064446
    0.886214077 0.633512378 1.19786382 0.945121646 1.01386416 1.17344403
    0.973995864 1.50850797 1.47118187 1.43689787 0.888058603 1.06081164
    1.19675994 0.723908663 0.812985599 0.910614669 1.14908981 1.21976781
    0.810605407 0.646370173 1.42467356 1.42502308 0.980776787
    0.962887943 0.822331011 0.750922263 1.16629016 1.01780391
    0.534589291 1.1439687 1.03875005 0.607945919 0.83841449 1.42148781
    1.07150364 1.509799 1.28034198 1.52899969 1.54982507 0.703832746
    0.784408391 0.8069911 1.35073173 0.83407414 0.77104038 1.44937944
    1.00584757 1.29945374 1.55529392 1.41593194 1.12394357 0.811616719
    0.588353634 1.17105782 1.42933679 1.02162004 0.544791639 0.836621165
    0.969889879 0.838189363 0.868266702 0.795690715 0.657642007
    0.75928247 0.543094695 1.04239869 0.62727201 0.95292902 1.5132885
    0.851912141 0.717335463 0.994679153 0.901580453 1.43785143
    0.647795856 1.04157376 1.32297754 0.756534278 1.16396105 1.41224527
    1.37649608 0.661986291 1.04614878 1.22694802 0.936270833 0.580583096
    0.624183714 1.37344575 1.4632802 0.645756364 0.848037124 1.26391339
    0.809828162 1.15391469 0.971304595 1.07048345 0.921943665
    0.739997208 1.27515018 1.33353043 0.632402658 1.40730143 1.08797538
    0.816797733 0.783360124 0.613638639 0.905651867 0.561264336
    0.97574538 1.18406665 0.742430866 1.48592484 1.55754817 0.98910135
    1.4789362 0.988209844 1.50874364 1.27575409 1.12617493 0.746712029
    1.43499756 0.969836831 1.24386179 1.04666066 1.03937805 0.925665855
    0.922255158 1.46226048 0.783334017 1.34199655 1.2587626 0.547569036
    0.846675336 0.748254657 1.23811448 0.524381101 1.10920036 0.96385628
    1.2210108 0.911310434 1.39625788 0.775997937 1.01905131 1.36718631
    0.834249616 1.2565037 1.39476705 1.36950779 1.26326275 1.28566813
    1.53924549 0.717106342 1.57691538 1.1508944 1.44159269 1.28749835
    1.59103644 0.644940615 1.11462939 1.52861655 1.32716501 0.6754812
    1.33679056 1.4488287 0.779956281 1.47607768 0.714315772 1.16331446
    1.22456133 1.09711897 0.732913971 0.884169102 1.46075046 0.602111459
    0.821353078 1.14732146 0.7566908 1.15849555 0.605710328 0.924618304
    0.753211677 0.952330947 1.1228919 1.56807518 1.5247004 1.24831688
    1.3339417 0.901230991 1.06615925 1.23339152 1.41844904 1.45992875
    1.27234912 1.19506347 1.13827312 0.897779524 0.706979096 1.23325109
    0.943381011 1.28113472 0.582136154 0.853086472 0.489679426
    1.03221512 0.731600106 0.724853516 1.12464738 0.718084157 1.1522671
    1.1859746 0.505131125 0.86519295 0.503237545 1.3738395 1.23133898
    1.27336979 0.538030744 0.837421715 1.18289745 0.734672487 1.31611395
    0.717859745 1.48228848 0.680532873 0.671805263 0.945937991
    1.09861255 0.81409204 1.08371532 0.937723398 1.141289 1.51111031
    1.02171218 0.836894035 1.40211046 1.54852724 1.30610263 1.11521196
    1.27237332 0.809690297 1.52565658 0.604020476 1.39559662 1.49609613
    0.58405602 0.757200241 0.955313206 1.36235595 1.29730773 0.528422236
    0.763786554 0.696914613 1.46129811 1.23093736 0.97539717 0.982401848
    1.5058223 1.36442232 1.20881176 1.09106147 1.25573301 0.805995107
    1.13361907 0.958950222 1.19766188 1.5547092 0.895199776 1.35840523
    1.10702682 0.704879642 0.793319881 1.06828308 0.798456252 1.25423968
    1.37836409 0.843586683 1.03016245 1.06437576 0.842709064 0.782912552
    1.26680446 1.3327086 1.4498477 0.955122471 0.604242623 1.11267984
    0.812779069 1.55561209 1.23658085 0.907039821 1.40056169 0.851421118
    0.889822483 1.29190147 0.69455409 0.589102089 0.938963234 1.13064337
    0.976438999 0.668572664 1.52994406 1.09797299 0.697081029 1.14654934
    1.4356519 1.28063023 1.46611214 1.07861245 0.876263618 0.595986903
    0.772231102 0.70545882 1.37981796 1.2746166 0.840844512 1.07687998
    1.47265732 0.617358327 1.0747894 0.832687438 1.11412752 1.18974483
    1.42160285 0.645007312 0.54665643 0.648424149 0.665130854
    0.610961795 0.522674918 1.32870698 1.05241477 0.609061539 1.04429698
    1.00716782 1.26654696 0.894319892 0.736512065 0.698498011 1.19282198
    0.744236708 1.46789241 0.534930885 0.972887218 1.29248846
    0.895821571 0.6228742 1.37220418 1.51246297 1.04843426 1.31714439
    0.77568996 1.09950149 1.09126198 0.753115654 0.996531904 1.33776224
    1.33512747 0.672235668 1.17376232 1.17069328 1.44501674 0.74693346
    1.03349829 0.566628456 1.24681365 0.976971447 0.80149895 0.665024877
    1.2702316 0.98718816 1.55946434 1.13493454 1.42645025 0.625356436
    1.21687436 0.942712724 0.874382436 1.4067049 0.729491353 1.02796328
    1.24338722 1.37735176 0.837498128 0.967137754 0.787720859 1.13327456
    0.840502739 0.844947577 0.771388292 0.744094014 0.770229042
    1.00997639 1.46079111 0.867654502 0.723343134 1.39867854 0.640130222
    0.703703463 1.4180069 1.3115263 1.09440219 1.00600612 1.34272575
    0.920247793 0.935836554 1.60795224 1.08686686 1.13760424 1.0974915
    1.32487643 0.881136894 1.01177704 1.19242501 1.54976821 1.39944899
    0.872233391 1.02888644 1.59011042 0.858551323 1.45913684 1.11928356
    0.659112513 1.29458261 0.635252535 1.20078981 0.729759395 1.29625499
    1.37102151 1.2476517 0.867859602 1.10088956 1.38852274 1.49782944
    0.622354865 0.722911477 1.37955415 0.845952034 0.678319454
    1.01061904 1.38015628 1.46975851 0.970253468 0.813688815 0.848886132
    1.16752398 1.40894961 1.12243009 1.39160514 1.280406 1.22195232
    0.633199871 0.938815057 0.917128325 0.520121872 0.325367361
    0.363534868 0.389915884 1.23232543 1.02296674 1.37475216 1.00792742
    1.03493762 1.08088124 1.29016364 1.47751296 0.779026866 1.3693198
    1.43813336 1.06219363 1.2119199 0.924196899 0.950481474 0.596388519
    0.934493661 0.931122482 0.649519444 1.31028509 0.964450896
    1.51866698 1.1060499 0.925320089 1.26700056 0.73275733 0.752432048
    1.32508636 1.21313298 0.934185028 0.831471741 0.564925849 1.0622741
    0.744629383 1.20504212 0.651524007 1.16786397 1.51168489 1.53962481
    0.697274685 1.39664471 0.832621813 0.893700421 0.91502589 1.05143094
    1.17096508 0.755063713 1.53260624 0.788263321 0.53931427 0.782930374
    0.83348912 0.697846651 1.11337996 1.31727159 1.42816091 1.23885369
    1.1313622 1.46803761 1.01594853 1.52719474 1.37208498 1.08644867
    1.22872674 1.38813996 1.56367004 0.649607241 1.55353379 1.19827974
    0.780333519 0.701117992 1.380481 0.913570404 1.43822098 1.08725834
    1.24106705 1.34764397 0.580534041 0.986399889 0.705417097 1.17417705
    1.22575605 0.628390074 0.958002865 1.0468452 0.934999108 1.57829404
    0.819295883 1.25606978 0.686504006 0.919784367 1.08479977 1.17724085
    1.31972182 1.05123329 1.27025032 0.708649695 1.31375957 1.29715312
    0.756580472 0.928215027 1.13828981 1.12177789 1.08389306 0.922730088
    0.927457869 0.921503723 1.27705324 1.3015132 1.36073446 0.948202252
    0.549607277 1.35616219 0.541561306 1.34445453 0.951757967 1.04288328
    0.556757271 1.28604698 1.48741794 1.24640763 0.933502376 0.688192368
    0.52583158 1.47914088 1.254884 1.22357678 0.884429097 0.881321669
    1.24429882 0.717635393 0.954519093 0.635578632 0.782525539
    1.04580057 0.630292833 1.01815736 0.857141018 0.769747734 0.72351104
    0.786047637 1.48390532 1.4440732 0.931478918 0.710245848 1.37741518
    0.628481567 0.823946893 1.30745304 0.771938026 1.30712712
    0.824038267 1.40452361 1.07580292 0.778661847 1.33607852 0.93657738
    0.771358371 1.21761787 0.774135172 0.74486655 0.498123407 1.10797811
    1.00100672 0.982265234 1.55081046 1.56069267 1.05058634 1.56248724
    0.746930242 1.49895048 1.20495486 0.708524466 1.54199636 0.760654509
    1.33145332 0.819719076 0.541111767 0.787025332 1.21190262 1.38469648
    0.818233967 1.01802659 0.76934737 0.520210087 0.769298971 1.44835413
    1.41123676 0.527281582 1.49341965 0.928693116 0.722035527 1.14206195
    0.5780797 0.973893046 0.958541751 1.39985013 0.984820843 0.788051009
    0.777471066 1.20613778 1.28604519 0.706997395 1.43960297 1.52850187
    1.61853731 0.709220409 1.36619723 0.702638209 1.29341948 0.810297966
    1.56889868 1.01375759 0.686322749 1.1303035 0.820847809 1.0602771
    1.4892478 0.834893227 1.11531329 1.48316681 0.885724723 0.575592577
    1.33224702 1.20594585 1.05480385 1.4588201 1.42036664 1.28962791
    1.13841367 0.630090356 0.914397061 0.982729793 0.881782055
    1.24246311 0.85839504 0.991440356 1.29309261 1.29816806 1.58205211
    1.21775413 1.09426129 1.32378113 1.514974 0.873497725 0.726067543
    0.812827706 0.626932502 0.654130101 0.655828476 0.565504611
    1.13856578 0.545916855 0.419844866 0.382306278 1.22158873 1.31839681
    0.986256301 0.608545363 1.02999675 1.13536298 0.808915913 1.0852313
    0.903209984 0.912680626 0.533453524 1.2811029 0.572554529 1.05099654
    1.26028359 1.28590357 1.16055477 1.20919597 0.862213612 1.35482872
    1.24724948 1.18673229 0.793151498 1.46339154 1.47330976 1.13500285
    1.31428182 0.890108168 1.20977151 0.650711298 0.607871056
    0.994832575 0.724868774 1.21459675 1.52147126 0.766548574
    0.952274323 0.849149227 1.16879356 0.970737278 1.06521475
    0.980800927 0.655141473 1.38959181 1.08539474 0.630041838 1.07733655
    0.691256106 1.33664 1.38507283 1.24335527 1.19468093 1.41967785
    1.36092138 0.654458404 0.711616218 0.636716187 1.26453745 1.16690183
    0.611288428 1.56916058 0.839666665 1.27294779 0.843020976
    0.817543089 0.659638524 0.879143536 0.783222616 1.06455088
    0.89634341 1.29104435 0.751475692 1.30162072 0.911526859 0.956639528
    0.596213222 1.40281451 0.879673302 1.21501613 1.40052724 1.35847962
    1.22490239 0.546489477 1.34363937 1.47561133 0.893143117 1.23253465
    1.12233949 1.37695682 0.917425752 0.999774814 1.11636484 0.825713754
    1.40079713 0.994052529 1.2385633 0.973737538 1.37197614 0.998361647
    1.12401175 0.599862874 1.11676145 1.39137316 0.922665238 1.30075717
    1.35400307 0.855232358 1.06312168 1.3132261 1.19364095 1.407691
    0.690857947 1.21795654 0.998579562 1.3841846 1.20308983 1.51830924
    0.706633031 1.52459717 0.581336439 1.19460106 1.40637934 1.23767483
    1.35544503 1.44883657 0.953581572 1.06322837 1.16090381 0.76117897
    0.499897838 0.785376549 1.20270014 0.742552519 1.40031374
    0.863568127 1.2514565 0.879723608 1.06109643 0.950570643 0.857802749
    0.623616934 1.16488433 1.29239786 0.876044631 1.05952322 1.34921193
    0.963024318 1.2438767 1.08475113 1.26155806 1.30149949 1.49745941
    1.40983939 1.09461272 0.861688197 0.860246122 1.14225948 0.844584465
    0.839404345 0.60962534 0.748527765 0.652234793 0.784446537
    0.947859168 0.910955667 1.31302238 0.64520365 1.40992141 1.52508175
    1.12039804 1.03016067 1.20205259 1.54909205 1.11684549 1.59001732
    1.12536645 1.2830584 1.29624581 0.861780047 0.560657322 1.08182871
    1.48341548 1.15808535 0.602205038 1.13257718 0.877661347 0.679409266
    1.4804529 0.832342148 1.32138431 0.623299241 0.660446644 1.10171759
    1.12027824 0.587442219 0.843775213 1.21918201 1.45545542 0.695072651
    0.631168365 1.14988601 0.706787109 1.11019111 1.37820697 1.54501665
    1.20650494 0.918451548 0.928248465 1.23004413 1.42187095 1.37193799
    0.816428006 1.40562654 1.06987023 1.33364451 0.758298159 0.88980341
    1.45122159 1.27130902 1.22151256 1.30483353 1.3955915 1.53056705
    1.14036596 0.840353727 1.49070168 1.21298838 1.0120635 0.775321424
    1.32869327 1.57714939 1.10481977 1.43236065 1.23016191 1.55359161
    1.37845898 1.521523 1.08098841 1.44918215 0.681921303 1.349944
    1.25990736 1.43695843 1.37124634 0.88028425 1.48615634 1.25346768
    1.00567508 0.66674149 0.601420462 1.25097859 1.17320478 1.29606426
    0.612776875 0.334571868 0.72518307 1.26025951 1.00188446 0.808312774
    1.32224691 0.956340075 1.26840234 0.715781927 0.946504235
    0.660656631 0.88269341 1.09285223 1.2047807 1.4325875 0.831292748
    0.837466955 0.622916341 0.991969585 0.848333001 0.733180821
    0.942289412 1.22593689 0.885317504 1.38164365 1.52704442 0.799932241
    1.122522 0.694200099 1.22707486 1.37824416 0.651291728 1.40145612
    0.786958337 1.37856734 1.19979382 1.12644982 0.876778007 1.36316001
    1.15261722 0.849818707 1.54026568 1.28614283 1.32447493 0.630833864
    1.13818872 1.17242575 1.14935923 1.04209745 0.975100517 1.02484488
    0.812792897 0.936255813 1.1739918 1.03853679 1.48840868 1.00005019
    1.37808704 0.574089289 0.953743041 1.13378358 0.950055301
    0.934572101 0.954099119 1.08393383 1.522982 0.840703845 0.952934921
    1.3431536 1.36440277 1.03110564 1.39289272 0.806920052 0.952053368
    1.36357796 0.82029146 1.47821116 1.14854503 0.664720416 1.36897004
    0.733151793 0.617093861 0.545602202 0.905587256 0.641409338
    1.27440739 1.41955483 1.04723763 1.32290971 1.31818295 1.50172555
    1.07865143 0.888950944 0.947680235 1.30770588 0.809912205
    0.846357286 0.717776537 1.06086493 0.53294915 1.381549 0.632018387
    0.928483307 0.637189507 1.0070287 1.14530647 1.18095863 1.44340372
    1.0232501 0.990211606 0.763187289 0.99996376 0.84363246 1.49216652
    0.628980041 0.771049917 1.56962264 0.690146506 1.07957971 1.14976752
    0.589833796 0.837183356 0.851754129 0.557783961 0.620870113
    0.929002225 0.707012832 1.29260504 0.522485793 1.32390082
    0.782317877 0.550861835 1.23740304 0.637102067 0.802477598
    1.38689518 0.640503466 0.691527784 0.554537475 0.638126612
    1.29446959 1.32921851 1.40347385 1.13973916 0.807551682 1.468431
    1.02092814 1.07884133 0.815578163 1.43680859 0.88464278 1.42839146
    0.742802083 1.40442932 1.24200404 1.00247157 0.686558008 1.38892591
    1.1259222 1.21388018 1.26610982 0.738576055 0.842375696 0.661579072
    0.547268927 0.812091529 0.723136783 0.920049548 1.42375672
    1.42451358 1.49347425 0.72653538 1.00933123 1.19608998 1.28400362
    1.34292138 0.68996793 1.4775424 0.893764436 0.996134043 1.50660086
    1.14081037 1.01430869 0.587639868 0.993718743 0.753328145
    0.953962088 0.622451007 0.660658598 0.685925066 0.801300883
    1.17315888 1.26772904 1.38155234 1.35276544 1.35314333 0.629464984
    1.43362772 1.34274733 0.986588836 0.681648374 1.43607867 0.710653603
    0.704069078 0.803697526 1.2990849 1.1859026 1.47256172 1.33931804
    0.683940053 1.28631425 1.02329159 1.53024387 1.42565167 1.14978874
    1.30898237 1.13979232 1.59909141 1.47508335 1.56530666 1.24127364
    0.722144663 0.959046543 0.918412983 0.895429134 1.22973609
    0.958528161 1.31410849 0.839017153 1.03538692 0.972712457
    0.912222803 1.57261527 1.0812676 0.952652514 0.797108412 1.04712832
    0.596783161 1.37644875 1.03859937 1.45639443 1.46438468 1.61092591
    1.08341861 1.27035701 1.51330566 1.13337898 0.895124495 1.55158043
    1.29934025 0.770875692 0.70223099 1.46064568 1.36557353 0.662242413
    0.645260811 0.546507359 0.433345824 0.716652572 0.595521331
    0.872851431 1.51297569 0.661867619 1.12931812 0.580106497 1.42962348
    1.43668568 1.1036998 0.806722403 1.09365118 0.876387119 0.975227416
    0.607254088 0.596093953 0.710710287 0.541064262 1.27480924
    1.38322532 0.591017723 1.00724065 1.56617665 0.995609105 0.594301224
    1.02664363 0.741155088 0.943445861 1.47298539 1.24989665 0.94098717
    1.36135375 0.707325399 0.926886559 1.42379665 0.680620849 1.50836647
    0.803953886 1.19676173 1.12587082 0.861378074 1.18852782 1.302073
    1.55499125 0.798871815 1.30398166 1.12024415 1.33466244 1.33548939
    0.619234741 1.27873921 1.25759506 1.10076797 1.1467725 0.951389134
    1.23893559 1.10232139 0.700010777 1.55705249 0.611519039 1.54546571
    0.840370238 1.41980743 0.762766838 1.53155422 1.12285638 1.53447771
    0.992354751 1.24921119 1.14905381 1.49038005 0.841496229 1.06359327
    1.51025283 0.735878944 1.04261732 0.939683199 0.717129529 1.07073557
    0.88707459 0.96108079 0.623043418 0.626369417 0.583707452 1.30532539
    1.09091997 1.37994826 1.25174296 1.26524508 1.40135527 1.35790956
    0.913238049 0.677007258 0.593072414 0.616191626 1.25672591
    0.602410853 1.0843873 1.4848026 0.790344 1.4127804 0.656476974
    0.862180948 1.09379244 1.03391242 0.894468546 1.1146754 0.679001451
    0.666514218 1.34112835 1.38825166 0.583004355 1.56312931 1.28561926
    1.56816566 1.28299499 1.38007045 1.13689744 1.18392181 0.825909078
    0.994166136 1.23095453 0.587285995 0.569514155 1.19533169 1.19937193
    1.38956487 1.14134979 0.799808562 0.804355502 0.859342098
    0.557353258 0.673920631 1.0881896 1.14534867 0.863193572 0.790510058
    0.722084403 0.772193968 0.527861297 0.713996172 1.16023493 1.008533
    0.713013768 0.994477451 1.07865417 1.05508149 0.924515069 1.49681938
    0.699787557 0.908227682 1.49922907 0.781404436 0.944145918
    1.48767829 0.788462579 0.778090537 0.858311117 0.869535804
    0.991050601 0.56128931 1.1527456 1.32073188 0.962613463 1.46991479
    1.24408901 0.870438159 0.985687315 1.50523996 0.882506847
    0.645533383 1.35786879 0.862738192 1.54974043 1.28888524 0.677198589
    0.736502528 0.820895791 0.689675689 1.03196013 0.782058597
    0.580204427 0.814321339 1.37885606 0.889800668 0.766625643
    1.42094135 1.27950728 1.50972652 0.722586274 0.708886504 1.22367322
    0.667172432 0.821002841 1.1683588 0.951357961 0.684811652
    0.879146218 1.43852031 0.816699982 1.4024893 0.610014975 1.58747172
    1.47464442 1.29517782 0.69354552 1.61918318 1.39240134 1.59859312
    0.710225046 0.821045697 0.949487388 1.09651589 0.646824777
    1.58887935 1.46400142 1.10640633 1.47185302 1.11498702 1.53672016
    0.902928352 0.643522084 1.07437921 1.19612908 0.759433806 1.07236898
    0.824115932 1.21331453 1.39135742 1.2484715 1.04837918 1.13374865
    1.18421853 1.31910717 0.722647369 1.25069356 1.07899392 0.949990988
    1.65011704 1.53306925 1.14563918 1.5497719 1.36735797 1.48400414
    1.0656389 1.16730595 1.3823514 1.0047698 1.44303501 1.11146092
    0.595127523 1.4248631 1.08341908 0.431009144 0.796798229 0.678444386
    1.18562555 1.26065743 1.47034156 1.09146607 1.55918944 0.996666074
    0.764036834 1.40112698 0.944416225 1.48525703 1.2346921 0.630769253
    1.15249777 0.619113922 1.02996135 1.16514349 0.942222118 0.829062402
    1.22705293 0.583903849 0.865487039 1.09091163 1.16199517 0.955094397
    0.882939458 1.18642807 1.55249763 0.85093385 0.979300857 1.15749431
    1.17334306 0.640737712 1.53563297 1.4906683 1.13658166 0.817923009
    1.43896341 0.706730962 1.25182927 1.26498258 1.41164577 1.29350328
    1.53183579 1.22457767 0.972453356 0.988242686 0.995165884 1.40600264
    1.04940999 1.24967027 1.35940623 0.925730944 1.09128952 1.07311845
    0.611252487 0.71697998 0.899000645 1.51100695 1.48638856 1.50639272
    1.07072067 1.14771855 1.09379578 1.24379051 0.647858739 1.01599717
    0.66903919 0.992932081 1.58815515 0.835464418 1.36302531 1.19462872
    1.02267277 0.776124358 0.676363289 1.50740802 1.0432837 0.879189491
    0.549094915 0.542225003 1.09375143 1.2678231 1.30901003 0.638357818
    1.51982844 0.991292357 1.40701997 0.787464082 1.13938212 0.91638869
    1.13392115 1.30169582 0.691316545 1.49124777 0.631077826 0.584493756
    1.32510626 1.22231376 0.990432799 1.46833897 1.03739202 0.841824293
    0.77206707 1.49942207 0.944274247 0.591472507 0.550089061 1.12360263
    1.4365834 1.03868639 1.09133625 0.584864736 0.841294885 1.27276456
    1.48652446 1.5320673 1.24143684 1.53247583 1.53281271 0.711373508
    1.078771 0.983671248 1.25540268 1.06779075 0.767110884 0.866562307
    1.1578927 0.937097609 0.563855827 0.771934032 1.32290125 1.03004897
    0.642442226 1.30476296 0.868365526 0.685602665 0.799849391
    1.35904014 0.609940708 1.37412238 1.01973701 0.615567207 1.16857505
    1.44982386 1.01113653 1.31152296 1.3735218 1.30032456 1.52548492
    1.20106542 1.22937286 1.36660647 0.799532115 0.857393384 1.47327697
    1.21104455 0.959957361 0.709665179 1.22652674 0.513342619
    0.620404601 0.814055324 1.36817741 0.604486644 0.982175291
    1.36854398 1.30134106 1.57315433 1.46829998 1.47498369 0.963000178
    1.32904959 1.39351141 1.24557137 1.2460345 0.767490983 1.02142787
    1.04529953 0.94187665 1.48346901 0.933458745 1.06851363 0.834952891
    1.23266017 1.47706902 1.15063119 0.60882777 0.795275927 0.623645246
    1.36138654 0.665462792 1.06368029 0.685030997 0.601801634
    0.948132157 1.4050529 1.25695944 1.24652076 1.05194926 1.19414747
    0.723458946 1.46463001 0.635333419 1.59802973 1.04093909 0.711869538
    1.38336623 1.06878757 0.759413123 0.863399565 1.46376443 1.5316925
    1.23557866 0.639855385 0.911932647 1.19417465 1.10919321 0.755843818
    1.26006556 0.620343804 1.41815042 0.700665891 1.09295428 0.680785298
    0.743489265 1.3760879 1.17130208 1.40387607 1.11669958 1.10100508
    1.163203 1.33573461 1.34029758 1.27309501 1.52701676 1.00175691
    1.40299594 0.896735549 1.53625226 1.11099374 1.57131863 0.687047064
    1.15040481 0.859213889 1.0757426 1.01946211 1.32467151 1.403795
    1.21094382 0.554033577 0.582593501 0.631470561 0.922812462
    0.976112127 0.800601959 0.865815639 0.684268355 1.29621935
    0.837225199 1.16577613 1.31695867 1.06769919 1.38027143 0.925334752
    1.47930372 1.5564276 0.966411769 0.739167631 1.28069997 1.24426603
    0.662629902 1.36480772 1.15658379 0.90453124 0.650093138 0.555272222
    1.1771543 1.36889517 1.337183 1.50511396 1.33238018 0.912899256
    1.32352555 1.44840705 1.01591027 0.924282014 0.963282406 1.55553961
    0.724099576 1.08882427 1.08951211 1.20201004 1.47228634 1.44597113
    0.692442477 0.694024742 1.35765898 0.757828951 1.54885161 1.36694801
    0.928278089 1.18497789 0.831237674 1.03361535 1.26739013 0.548708856
    1.26652777 1.38161719 1.05945241 0.818932652 0.958172679 1.5069164
    1.05119371 0.934090972 1.03050566 0.565986335 1.23237956 1.35189176
    0.831537843 1.41853046 0.923100889 0.595273137 1.24810326
    0.981872559 1.27851737 1.53476 1.50315094 1.49036825 1.25029469
    0.798523664 0.662597239 0.709513724 1.00525618 0.622029483
    1.32963037 1.18663549 0.782003641 1.51300764 1.08398008 1.36844528
    0.57428664 1.02219367 1.1409533 1.13394511 1.21718252 1.12346625
    1.06270695 1.38937581 1.31804574 0.860463858 1.05646122 1.1170156
    1.15705383 1.4061377 0.736337781 1.15910125 1.33086932 0.704619408
    0.685122967 0.693538666 0.839134753 0.983886838 0.718053699
    1.4640919 1.28191161 0.987648487 1.14661539 1.1961652 0.697124541
    0.722070873 1.22656727 0.62940079 1.51496339 0.649247587 1.44554543
    1.35512114 1.23928452 0.936120212 1.22990167 1.27622402 1.12972188
    1.28868496 1.26928747 0.751436949 0.789692938 0.771289289 1.13461363
    1.37910497 1.45560336 1.0156616 0.800441563 1.49052203 0.864352822
    1.14755762 0.881274045 1.3153789 0.845212817 0.926934659 1.11292267
    1.09513068 1.38702464 1.32904768 0.906389713 0.96492523 0.848292708
    0.825438857 1.47113681 1.08630705 1.12587857 1.25365555 1.03987026
    1.19277763 1.11229002 0.512477934 0.942131281 0.990004182 1.26908159
    0.944147348 0.591038942 1.25778341 0.992563009 0.943304002
    1.26844966 1.27730322 1.18564618 0.89656508 0.645524025 1.09982717
    1.62123203 1.15030086 0.926586926 1.26545882 1.5356133 0.610722661
    0.635216475 0.891898036 1.20084369 0.824647248 0.654997826
    0.864667237 0.658222318 1.38715065 1.11146009 1.40482092 1.44234431
    1.11717308 1.12308896 1.17105746 0.554749489 1.3135469 0.70286119
    0.805820048 1.39515865 0.619998574 0.573952973 0.828952074
    1.55576634 1.20222962 0.988822401 1.1301502 1.52296543 1.59241331
    0.890666664 1.49288487 0.9917292 1.00617206 0.705417454 1.05880058
    1.24097764 1.30209863 0.875259638 0.957380176 0.949604988 1.49725676
    1.16871321 0.936421037 1.2305342 1.38114846 1.38599372 0.861271024
    0.571916103 1.11405182 1.1509037 0.836046219 0.715839982 0.884703398
    0.708050072 1.3049612 1.41876519 1.32988906 0.65574193 1.02948725
    0.87944901 1.55651009 1.1105063 1.59380257 1.62425029 1.45785904
    0.891987503 0.845363259 1.27570367 1.3659656 0.862762511 0.687438607
    0.947527289 1.24371207 0.540704966 1.13590765 0.518738449
    0.435267866 0.383608878 0.62069869 0.977518082 0.981935799
    1.13904977 1.33432209 0.790293455 1.33012974 1.17044532 1.32732427
    1.23103571 0.935974538 0.839887619 1.08733654 1.11354566 1.20153117
    0.684818327 0.894649327 1.13084269 0.915623724 1.30915952
    0.987866044 0.810908377 1.49931014 0.585280597 0.637326121
    1.42134905 0.656487525 1.50464892 1.24490917 1.1486721 1.01000297
    1.16788018 0.871557832 0.669982731 0.792241752 1.52885592 1.51503289
    0.847049296 0.92292887 0.761285484 0.86973834 0.650182068 1.23093271
    1.17094505 0.575662255 1.07032466 1.30652082 1.13139045 0.921414137
    0.892880201 0.992573977 0.532255113 0.930960596 1.1231364 1.13907409
    0.623589516 0.640566409 1.157148 1.13872111 0.701949358 0.60991931
    1.06168377 1.24373531 0.969053745 1.16547918 0.923772156 0.973693371
    0.634865284 0.971656263 1.46327233 1.58479965 1.16971123 1.30117679
    1.30157208 1.26652205 1.29864728 1.48355734 1.08404899 1.34913528
    1.46724546 0.645493209 0.576277852 0.696908951 1.12630534 1.45809639
    1.50848579 1.1278969 1.22995043 1.25236702 0.614675701 0.984975696
    0.742393613 1.09295392 1.46669257 1.44844115 1.24680436 1.48392427
    0.845484555 1.14842534 0.714971006 0.562810421 1.37589538 1.01228452
    0.558972895 0.805975854 0.695066214 1.10144246 1.23476791 1.28892648
    1.32855582 1.25880384 1.49560869 0.659348845 1.09028971 1.41092968
    1.40857053 0.596927881 1.1798116 1.16247797 1.51791775 0.766747355
    1.4024632 1.17460084 0.781579852 0.791574776 0.712228537 1.05383849
    0.754565239 1.08617151 0.657609761 1.38909256 0.883700013 1.28063607
    1.22253728 0.994072199 1.31097424 1.33987355 1.1694603 0.842431486
    1.47043073 1.48184431 0.588178158 1.04513335 1.37602305 1.4652921
    1.37215555 1.4700954 1.08503079 1.48410261 1.45287287 0.591345191
    1.39380908 0.970716178 1.10064316 1.29565227 1.17058277 1.16707671
    0.850660026 0.56196928 0.67073071 0.623081625 0.598747969 1.38790584
    0.690482318 1.38320756 1.43544662 1.37554657 0.667652309 1.54728293
    1.20983505 1.50530934 1.37189138 0.963153064 1.41952777 0.74125433
    0.979738474 1.48824799 1.31799436 1.03952193 1.22738993 0.803487837
    0.560222805 1.05803967 1.31433499 0.986010849 1.25586641 1.36180937
    1.37959933 0.729507625 0.662392855 0.839154601 1.16174901
    0.997546732 1.09771466 1.05816579 0.883610129 1.06827104 0.74737519
    1.01393712 1.20223927 1.19569468 1.54174066 0.765220404 1.57130468
    1.60043669 0.656487286 1.27433932 1.43259156 1.13707983 1.53119016
    1.51018298 0.789078414 0.999182224 1.52631092 1.40786338 1.30055761
    0.648390949 0.82318306 1.53442895 1.49685502 0.844791174 1.04268873
    0.982359588 0.736970603 0.974093676 1.24746275 1.06039298 1.13985455
    1.10142303 0.644297302 0.707767546 1.52232444 0.896834493 1.50331175
    0.725218177 1.13992429 0.697168708 1.34983814 1.41369498 1.32462466
    1.21463478 1.47922325 0.623886824 0.901324213 1.54660094 1.08908558
    1.22199738 1.45435047 1.53465271 1.12877417 1.01763082 0.852851272
    1.37522936 0.79897815 0.80560267 1.00119591 0.687454104 0.582977355
    1.15580249 1.12221766 0.852972507 1.23163199 1.14383161 0.907952189
    1.07190955 1.32087159 1.07197773 1.06463909 1.02097952 0.816571236
    1.24135828 1.31611824 1.10356867 1.2323823 1.51475453 1.10560036
    0.768531144 0.785814047 0.87754941 1.24115539 1.53770316 0.851869345
    1.02175188 0.784268439 0.766765058 0.623373806 1.20944929 1.37445116
    0.86732769 0.852531552 1.38012767 1.14202273 0.946638525 1.11375403
    1.46327937 0.848288059 1.08938062 0.839751601 0.651149571 0.58456254
    1.43803179 1.00341618 0.932845414 0.649558187 1.1076386 0.716321647
    1.51934552 1.3321141 0.630721033 0.602995276 0.522954226 0.778126478
    0.625234425 0.501975775 1.27716911 0.679643691 0.900404453
    0.582242012 0.607071638 0.822487772 0.794480503 0.557954192
    1.19073021 0.978714287 1.14939833 1.19534302 1.35178816 0.641119957
    1.50753593 1.15140307 1.38319623 1.29468524 1.38275027 1.12870014
    1.20810795 0.870164871 0.752486408 0.565326631 1.08715332
    0.610752404 0.893397927 0.729637802 1.53892004 1.45021892
    0.670956492 1.09164643 0.990098774 0.891693771 1.45578778 1.35881114
    1.21327853 1.17757833 0.609783471 0.885608375 0.699508786 1.31730163
    1.18195915 0.56019479 0.536686003 0.49715656 1.37759006 1.48398972
    0.851833344 1.34068692 1.10616732 1.41008711 0.597304106 1.41898894
    0.590670228 0.965737224 0.806452632 1.40460241 1.41213143 1.22640753
    1.19605923 0.899921477 1.27343321 1.14934206 1.45192361 0.577640295
    1.20653868 1.29027104 1.30937457 1.33925724 0.594082892 0.949996352
    1.39545441 1.51437116 1.11289907 1.54534829 1.00920463 0.999327362
    0.942201853 1.40511453 1.26352048 1.32423723 1.28987277 1.16078949
    0.774235249 1.45901036 0.585998297 0.681755304 0.719734967
    0.853981256 1.46351969 1.41369343 1.38744593 0.675915837 1.24615729
    0.595360994 1.05058098 1.39815199 0.678266346 1.36355007 0.765197217
    1.22113967 0.698364615 0.54189229 0.991984189 0.88577801 0.985052943
    1.12247026 0.641220152 0.575331688 0.820842206 1.35281646 0.77536118
    1.54841733 1.52291393 1.13837409 1.52989256 1.54803133 1.10324633
    0.884294689 1.51199841 0.964414418 1.05828774 1.08386981 0.72213906
    1.40340948 1.29239964 1.51892614 1.59784055 1.39425147 1.54988694
    1.0116266 1.45469987 0.99162966 1.30479896 1.22491622 0.758052826
    1.33128905 1.02637899 0.674947143 1.50747931 1.27828789 0.898540497
    1.49149418 0.752085924 1.49290514 1.08701408 1.60111797 1.5746454
    1.5383985 1.33763063 1.13214326 1.03824329 1.20192742 0.653599441
    0.680271208 1.47871912 1.32450318 1.26449203 1.1538744 1.23730612
    1.11584103 1.58821321 1.30877554 1.25848508 1.44504702 1.24913287
    0.851620674 0.878463566 0.921902418 0.975067854 1.4023037 1.08302689
    1.50077963 1.1562748 1.1424526 1.02435029 1.23285663 1.44048131
    1.38217032 1.58433604 1.20291471 1.32718492 1.21980095 0.973512828
    1.27248204 1.25064516 0.753116131 1.56234753 1.18718052 1.01718485
    1.35371304 1.08132219 1.07583308 1.3756634 1.11170816 1.26379859
    1.14534855 0.533767998 1.0285188 0.549966872 0.559099078 0.703652799
    1.22249413 0.925399184 1.525594 1.42125666 1.25813913 0.787078321
    1.22348213 0.622090578 0.527099907 0.887878656 1.42308533 1.28754568
    1.15180922 0.810661435 0.736744165 0.684403241 1.34202492 1.27658975
    1.32519305 1.34102535 0.574317038 1.18278623 0.755785167 1.34585714
    1.2203548 1.23934782 1.12455654 1.01285446 1.01163173 1.14377844
    0.610723555 0.665929437 0.807373047 1.04852331 1.39722896 1.30446255
    1.2251904 0.899743736 1.0767343 0.922778606 0.713439226 1.0754019
    0.748108685 0.83025831 0.865808725 1.4507165 0.662768066 0.787467718
    0.738374054 1.3570894 0.76570785 0.497215778 0.74764955 1.13835752
    0.694703341 1.36147463 0.860654533 1.24480379 0.50193572 1.01014256
    0.922489882 0.553946197 0.944780409 0.856628597 1.40924954
    1.55379987 0.748107374 0.851623893 0.658772469 1.19766641 1.46691394
    0.886236787 0.712547004 0.65323782 0.775575638 0.650979996
    0.771142304 1.20178413 1.40192389 1.5193845 1.03136683 1.51684344
    1.41711259 0.795001924 1.00076067 1.07256603 1.32670629 0.896018982
    1.01980078 0.911336482 0.807311654 0.835949957 1.0967133 0.927928746
    1.21593177 0.585447192 1.035864 1.14896703 0.685385466 0.623749435
    0.934836447 0.565046489 0.835015714 1.29750514 1.38693428 1.08915854
    1.51879418 1.45238197 1.13433957 1.11410129 0.570922375 0.63933754
    1.34385502 1.31495845 0.802030087 0.739977241 1.31623626 1.34164155
    1.51137722 1.08227324 0.644860268 1.34671116 1.04092264 1.15535045
    0.898635924 1.52916646 1.20809448 1.49742043 1.36443818 0.641548276
    1.28751028 0.735300779 0.931854129 1.30534029 1.58817959 1.09228086
    0.952579081 1.49047804 1.48308146 0.998821557 1.10303569 0.873167038
    1.51767361 0.706813991 0.645717025 0.884108901 1.21120262 1.34053814
    0.76795572 1.2836982 1.08504295 1.28356671 0.678275406 0.655509353
    1.46256602 1.33810747 0.599939227 1.00392652 1.017272 0.526290119
    1.30586946 0.824935079 1.34064484 1.43506908 0.621182323 1.59670138
    1.55821574 1.55395162 0.942008972 1.42363787 1.16897213 0.804987371
    0.91258955 1.12027383 1.22963369 1.47906876 0.659986138 1.43922162
    0.807530761 1.57189226 0.917281091 0.849486768 1.34362519
    0.715184689 1.10298681 0.775908232 1.11648679 1.33760095 0.899061918
    1.54467189 1.01122558 0.74194026 1.33727264 0.78885597 1.55077589
    1.58951306 1.03201222 1.47767532 1.53905416 1.38988924 1.27191353
    1.03046346 1.16430974 1.56164348 1.43257093 0.685818136 1.20877171
    0.677435219 0.678425133 0.628009379 1.19761872 1.2017386 0.563812435
    1.44116163 1.55953121 0.759178162 1.33808219 1.38998115 0.967504442
    1.53755462 0.674812794 0.783111572 1.27961743 0.546972513
    0.947481334 0.838053823 0.970680594 1.41495872 1.46572959 0.87428242
    0.741770506 1.51813054 0.758132219 1.42536032 0.877480507 1.1029942
    1.09557748 1.53323925 0.583245635 1.25824165 0.921082735 0.767721951
    0.855620682 1.14456487 0.901894867 1.27596009 1.34373152 1.04957771
    1.25320852 1.22960854 0.698329926 1.08856404 0.826385081 1.32306099
    0.964728773 1.22089231 0.909879565 1.51192462 0.93111372 1.28990853
    1.41336441 0.879850626 1.1759429 1.08112395 0.718990028 0.700353444
    0.939135373 0.686493099 0.609314322 0.849844873 1.29248619
    0.79091084 0.601742387 1.16349244 1.35039556 1.21870637 0.833926499
    1.2919476 0.706014574 0.605335534 1.56890202 1.05562305 1.32805812
    1.56167603 1.17847586 0.860357761 1.43509865 1.09050822 1.12518859
    1.34756291 0.9494946 0.768580735 1.44513726 1.4521755 0.87245518
    0.587526679 1.48226178 0.974746704 1.06374037 1.44522882 1.04852057
    0.61317122 1.40898931 0.780982614 1.39068353 0.923127592 0.56038022
    0.68983078 1.27460361 0.970646977 0.91313833 0.541135907 0.537071347
    1.42856586 0.829987764 1.27574158 1.22159874 0.624956727 0.749136627
    1.13167667 0.795590401 1.28280377 1.02681947 0.852190733 0.914167881
    0.559482455 0.93477416 1.19737172 1.44926453 0.513361812 1.06501555
    1.07064009 1.35974455 0.955051064 0.7520293 1.20730686 0.988892496
    0.968415737 0.762860358 1.13382995 0.910407484 1.53584278 1.03212321
    0.729341924 0.682045221 1.18997025 0.964635849 0.647965431
    1.23247564 0.559124768 0.797068238 0.616329491 1.0656383 1.17984104
    1.38880229 1.30385232 0.696039379 1.04970396 1.31569612 0.896453917
    0.627898872 0.920382559 0.845150948 1.19092381 1.26797843 1.52304363
    0.5792588 1.15541887 0.558628678 0.99660027 0.610516965 0.613501728
    1.15794516 0.861542702 0.58792305 1.33695412 1.47233975 0.800979435
    1.11061025 1.29228449 1.22793746 1.48610175 1.18523157 0.810394704
    1.03742981 1.03889978 0.881225944 0.894086182 0.721797407 1.17000914
    1.41440058 1.24529994 0.605790257 1.20740724 0.789632678 1.17215824
    1.47995508 1.05011475 1.09823859 1.2730335 0.662994385 0.936429918
    1.20201659 0.620420694 0.922877133 1.32313454 1.46454573 0.813287437
    0.625809431 1.06228697 1.4304738 1.17102242 1.15927613 0.88557446
    0.61670053 1.33236396 0.531113148 0.645710409 1.19375336 0.90260464
    1.09490502 1.18491876 1.43327343 1.41247547 1.37287736 0.685638785
    0.927163839 0.889575541 0.60137701 1.18998742 0.935118377
    0.707452297 1.54894233 1.21263671 1.18293667 1.41957653 1.49426723
    1.5490756 1.5432961 1.54289019 1.01252973 0.783887267 1.43179941
    1.16812885 1.17991769 1.48565996 1.1689117 1.03178787 1.55340576
    1.52998495 1.03789532 0.788383722 0.97856611 1.36127722 0.987960279
    0.618827999 1.1265831 0.758848548 0.582225084 0.843072474 1.36059427
    1.12477136 0.944228649 1.04105496 0.619086862 1.00009859 1.12788904
    1.32560956 1.0377835 0.563110948 1.13813567 1.55126238 0.680545747
    1.49811423 0.855403244 0.724425733 0.690568566 0.693625689
    0.782187045 1.19133604 1.45944059 1.17038071 0.987909019 0.853913486
    0.836883068 1.52060831 1.06216705 1.59145606 0.762056291 1.31457794
    1.06871808 1.04596508 0.764860213 0.946994603 0.593425393 0.55340004
    0.771836162 1.55015361 0.992368579 0.970439613 1.15334857
    0.870523274 0.644445062 1.18019783 1.36523271 1.39273632 0.348445982
    1.03243363 1.11770725 1.14622784 1.31554461 0.740757525 1.06243205
    0.767315149 0.738374531 0.828160644 1.0976156 0.757773578 1.2541734
    0.557644069 0.742469847 1.04432023 0.744557202 1.48167348
    0.749489963 1.36002386 0.940866172 0.854646444 0.92197758
    0.936589241 1.25188315 0.898269236 0.595268071 0.727186799
    0.699731529 0.791122496 1.47098005 1.56565118 1.30483127 1.0729996
    1.22964454 1.42244327 0.955648363 1.04410362 1.45642865 1.24876392
    1.25278485 0.730233073 1.32223582 0.816697955 1.07948959 0.76386708
    1.33397472 0.549697042 1.21585047 1.176826 1.24689627 1.2128346
    0.783712089 1.52331996 0.996830821 1.37565064 1.43730366 0.827586651
    0.935724318 0.560107231 0.905426681 0.891270697 1.12437832
    0.870858252 1.05142379 1.3019309 0.660456181 1.42577934 0.992816091
    0.94909972 1.31788445 1.01187479 1.05909991 0.96099931 1.3957665
    0.645408928 1.06385875 1.07422245 0.647403777 1.33993793 0.647856176
    0.637578368 0.533187807 0.918592632 1.18194079 0.845128655
    0.674152315 1.09143496 0.740894377 0.767889082 0.731703579
    1.37102711 1.39084482 1.34227741 0.568783522 0.895363092 1.24319899
    0.692993522 1.16563153 1.46659911 0.706470668 0.924688995 1.19476807
    1.34214318 0.987926006 0.847607255 1.34023094 1.08945179 0.609353244
    1.22330141 1.03514385 1.03888059 1.43487668 1.11245 0.661164999
    1.04778385 1.52378058 0.913729012 0.752333999 1.39262712 1.28039992
    0.536851406 1.13284361 0.979089856 0.971667707 0.615204632
    0.973371923 0.928487599 1.05881274 1.4279176 1.27435517 1.50480068
    0.699424088 1.15562856 0.668964088 1.20698774 1.54895031 1.48460913
    1.34434927 1.59492409 1.1260711 0.755715787 1.17341006 0.771719575
    1.01536477 1.1470511 1.27832198 0.81264329 1.30233204 1.29823828
    1.56628835 0.775496066 1.30904925 0.737494349 1.41628778 0.584830284
    1.0854907 1.34059811 1.12362897 0.96674329 1.27393365 1.50673032
    1.14291811 0.794628203 0.811586857 0.951868713 0.757219255
    0.762517989 1.13457096 1.00142264 1.26556432 0.964013338 0.8258394
    1.2145195 0.711798429 0.720290482 0.574360788 0.638184249
    0.558838904 0.905230641 1.20350838 0.9735021 0.641060591 1.210572
    1.44717729 1.38496864 1.54762769 0.934756637 1.58186674 1.38140345
    1.0080322 1.10301149 1.22309363 1.28751063 0.916057348 0.689560831
    1.34159064 1.08339059 1.36788201 1.52611721 0.694706023 0.861549497
    1.16790426 0.692392707 1.39618981 0.666889191 1.54221845 1.17891216
    0.969078839 1.01461995 0.752090156 1.11172664 0.890678644
    0.664828479 1.03732777 0.678863287 0.93211484 0.644295931
    0.618606746 0.685808718 1.41550779 1.30103576 0.615505815
    0.676531374 1.3783344 0.753540337 1.04553485 0.579311311 0.932977259
    0.7024225 1.02020729 0.999720871 1.35471547 1.28540802 0.831025898
    0.612456203 1.57657421 1.1805768 1.06857002 0.948348105 1.22174954
    0.897451937 0.716797054 0.990122259 1.17697287 1.17068458
    0.831581116 1.50261617 0.957062602 1.45741105 1.18479407 0.734795153
    0.6833269 1.2177515 0.694999099 1.18077791 0.783673346 0.343984872
    0.91729641 0.902229965 0.799729884 0.746501267 1.33367574
    0.933999002 0.624571085 1.14971352 1.38744426 1.1723783 1.46826887
    0.745063841 1.13277733 1.04449046 0.636375666 0.894613206 1.21194363
    1.41646063 0.694680274 0.724587321 1.47980857 1.43972409 0.953264415
    0.936701655 0.701386988 1.0891695 1.43583775 0.736057997 0.658103287
    1.16089344 1.26666272 0.621539652 1.1225456 1.43247283 1.15849566
    1.20962954 0.830542088 0.847328663 1.3459878 1.41489816 1.02865827
    1.40871155 0.613139093 0.903585851 0.621313453 0.96615994
    0.578568339 1.26632679 1.08094692 1.56602538 1.19061303 0.80382818
    0.920895457 0.784226596 1.40296686 0.59569639 0.949883938 1.45464349
    0.645892203 0.899878204 0.774161339 0.744302928 0.73957324 1.1292913
    1.15454197 1.53647065 0.66568476 1.08095169 0.966159821 0.856679916
    0.691465616 1.23353124 1.2447952 1.43339181 0.890089989 1.40668428
    0.855588675 1.26815104 0.869114339 0.591894865 1.43193126
    0.582763255 0.576337337 1.52246785 1.05016077 0.77126497 1.46128178
    1.1707232 0.985149324 1.28258622 0.900652587 1.07743418 0.954452634
    0.876970112 0.993401408 1.23493516 0.644179523 1.03860199 1.47110009
    0.793323219 0.606462121 0.714659214 0.814699054 1.28181207
    1.03832352 0.890926123 0.98822999 0.750647128 1.15064013 0.621794462
    0.934034526 1.33499146 1.07212949 1.33770132 0.901267767 0.781340182
    0.718520045 0.558801413 1.47691035 0.558410048 0.740482569
    1.27984393 1.34764051 1.04376543 0.871730208 1.53073645 0.800054848
    0.965792477 0.740099311 1.20601082 0.629132867 0.94651711 1.08576357
    0.591970026 1.22303224 0.76887393 0.909493804 0.723823428 1.44890451
    1.06290007 1.07763767 1.27223873 1.40728176 1.11441576 0.811820686
    1.26466823 0.918623447 1.44491947 1.53867352 0.70198983 1.309834
    0.792523623 1.41287708 1.03305161 0.798140705 1.18126619 1.33907568
    1.53525591 1.3248719 0.72115761 0.72446841 1.16421127 1.49005127
    1.36815894 0.647326648 1.07673132 0.887143135 1.44516361 1.11147439
    0.976593554 1.50727928 1.28205621 1.45994031 1.18782818 1.16526413
    1.14641643 0.94538337 0.661121845 0.952370584 1.28196096 0.954149425
    1.49674416 0.738994479 1.29363239 1.24170542 1.51040852 1.46356678
    0.86930865 0.812775254 0.895311475 1.33165979 0.962685227
    0.760644078 1.51425779 0.914752662 1.1547364 0.978383064 0.604601324
    0.778020442 1.06601918 1.38980877 0.678717852 1.31108522 0.899603546
    1.03356433 1.23715413 1.04730082 0.888638258 1.39464676 0.533212543
    1.10759616 0.570030987 0.489241153 0.563795328 1.28374958
    0.936424136 0.908791959 0.717047989 0.958820999 1.45558929
    1.06983709 0.94224745 1.2635833 1.25763297 1.42167163 1.06848848
    1.26866996 0.605439663 0.851144195 0.924700797 0.759954393
    0.972880661 1.32988429 0.850399196 1.50052381 0.948628068 1.42711294
    1.36999869 1.36643326 0.704035759 0.556536555 1.0862124 1.0318265
    1.22820687 1.49245787 1.14110649 1.48541129 1.119349 0.708625972
    1.5122956 1.03082812 0.928262591 0.646734655 1.35589075 0.635460854
    1.12923598 1.21519935 0.579123855 1.15418291 1.35208678 1.06513762
    1.12493289 1.02976334 0.590456307 1.19245088 1.37894249 1.40698814
    1.17983317 0.811623216 0.613633752 0.998798251 1.01440835 1.10288036
    0.822211087 1.10624552 1.26413274 1.30272007 0.709095776 1.23602557
    1.09770346 0.577199101 1.40804684 1.45331037 1.01848555 1.53776598
    0.797506452 0.670563102 0.903655291 1.5841291 1.37396264 1.2472651
    1.2735877 0.869026065 0.884518981 0.664685488 0.8850196 1.01342738
    1.25877798 1.42752552 1.29084158 1.04434431 0.735745311 0.555821359
    1.44045889 1.29283059 1.18958473 1.05893338 0.823655784 1.30482948
    1.54986763 1.25440419 0.547693074 1.19548571 1.20242298 0.472298712
    0.766727567 0.643025279 1.04284894 0.760236323 0.673445582
    1.27602029 1.38830936 1.41671312 1.47580087 0.722064257 0.785454392
    1.31214046 0.997345626 0.767150939 0.888125181 1.16137111 1.15471888
    1.23186529 0.520008385 1.19766104 0.920005202 1.19139135 0.959727705
    0.944824815 1.21642423 0.737758338 1.17153931 1.20405638 0.605230212
    1.14389288 1.03742409 0.599366784 0.937494397 0.537261128
    0.921704233 0.949523151 0.85648334 1.18036556 0.615471482
    0.861190379 1.39126492 0.58861357 0.811117291 1.15613961 0.868459582
    0.67960161 0.895355642 1.40691936 1.1929059 1.22258317 1.53096879
    0.768369794 1.2607913 0.992675781 0.813471913 1.49065244 0.898954034
    0.641341805 0.925766706 0.998455465 1.44941103 0.880572796
    0.976941407 1.46205366 0.752127171 0.985531509 1.55274642
    0.808208525 1.00677192 1.48356354 0.785327256 0.720091522
    0.641689718 1.19939482 0.997843683 1.39684904 1.33522081 1.54854512
    1.1183902 1.51626861 1.06475508 1.410779 1.07670283 0.75889492
    0.589470327 1.47566736 1.12773192 0.592386365 1.47768807 1.12509239
    0.735513389 1.51814198 0.777566075 1.01446283 0.955040574 1.20508349
    1.01108265 0.664946973 0.637835205 1.01902795 0.711643934 1.51451004
    1.31956184 0.946499646 1.53540945 0.954978049 0.702541292
    0.937728107 1.05682421 1.01722765 1.38929498 1.28539014 1.48391795
    0.947719574 1.40403855 1.05000544 1.090446 0.963118196 0.647790372
    0.819017649 0.554374516 1.300372 0.611497998 0.724927485 1.07896137
    0.640453756 1.29383981 1.43367016 0.940576971 0.856160164
    0.917604446 1.2957449 0.827191293 0.747581363 0.754064679 1.31423485
    0.80009681 1.27532923 1.30497611 0.865107715 1.48177719 0.876817167
    1.14904332 1.36159575 0.572624624 1.43085682 0.587109506 0.957638025
    0.580544293 0.573463321 0.824193597 1.25064075 0.708760083
    0.875270545 1.48728871 1.39075053 0.540930152 1.48513675 0.648413241
    1.19577515 0.57966572 1.06309855 1.16830277 0.551638007 1.27280748
    1.47323596 0.566330492 1.19685221 0.618860841 1.31052732 1.37188554
    1.36436808 1.15281248 0.930588186 1.21569061 0.846394479 1.2396524
    0.692489982 1.41586876 0.977861762 1.28956187 1.43474936 1.41069007
    0.737888157 1.30676126 0.594038844 0.944334924 0.943221211
    0.965392113 1.00721264 0.729303181 1.02269721 0.912176311
    0.920809567 0.793317497 0.501394033 1.06987917 0.909213483
    0.716906428 1.31901467 0.815203965 0.775713503 0.880276024
    0.643893003 0.754693806 0.662257493 1.30079627 1.2422086 1.20273983
    1.26638627 1.31473386 1.47836351 1.53855145 1.12610543 0.565396667
    1.06217945 0.6964522 0.99911797 1.28911138 1.44008124 1.11001205
    1.07410192 1.13720953 1.15441847 0.923445463 1.04933441 1.53368831
    1.03909314 1.47177863 1.46371496 1.249807 0.921682358 0.912150145
    0.558593452 0.686440289 1.02787364 0.928517699 1.48444021
    0.857019961 0.825853348 0.849051416 0.544009626 0.561708987
    1.23249614 1.42587435 1.31112993 0.6453076 1.48344254 1.05721056
    1.49953151 1.46638238 1.22133183 0.922011554 0.571151078 0.906426132
    0.575804174 0.968939483 0.656140149 0.93404454 0.587738156
    0.819128573 1.18438148 0.855728745 1.28960061 0.694384933
    0.589381278 1.2750361 1.16565776 0.731073081 1.10057592 1.27471232
    0.975762308 0.976331651 1.19900036 0.713195443 0.677962184
    1.51786959 1.51607645 1.32719016 1.1477071 1.03009892 1.50261927
    1.33350492 0.846139193 0.687192976 1.42709208 1.41426909 0.601542711
    0.846695423 0.967210054 0.738097072 0.891319931 1.08947361
    1.04375291 1.23256421 1.24071419 1.22266018 1.22127593 1.40504968
    0.683680832 1.40522432 1.28564882 0.940970302 1.12675667 1.40425074
    0.932555735 0.703292012 1.527933 1.11588359 1.44819033 0.609803319
    0.789602578 1.25797486 0.916170776 1.02183139 0.986088634 1.03482509
    1.13029408 1.44603658 0.768265009 1.35990405 1.51608837 1.56063676
    1.43293107 1.49546885 1.34265518 0.859916687 0.565252721 1.21932375
    1.30778325 1.52570033 1.02087748 0.863259912 1.08056867 1.1136328
    1.32360137 1.26947927 1.38673353 0.755825698 1.16716111 0.618588388
    0.578746557 1.07290053 1.28276205 1.17184329 1.3379451 0.688416362
    0.746951342 1.35344565 1.31134188 0.839293838 0.635745287 1.25813043
    0.857295275 1.03817964 0.575177073 1.29735684 1.33548415 0.913735628
    0.887476683 1.29513228 1.533512 1.11466682 1.14530611 0.828083456
    0.890912533 0.739737988 1.0355916 0.743659317 0.673955441 1.46873069
    0.871007919 0.825005889 1.37656474 0.782965243 0.945412517
    0.741424739 1.34160078 0.753409505 0.654410839 1.08931422 1.49767542
    1.23767376 1.49884045 0.953448176 1.41106439 0.790390015 0.99023217
    1.04196739 0.870229244 1.14889991 0.643043995 0.671784699 1.48388398
    1.11346531 0.645333648 1.45774806 0.774860859 0.830549419
    0.542225242 0.79111588 1.38038278 1.3744328 1.01607251 1.36448705
    0.994912863 0.811349273 0.65545547 0.855018795 1.08944774
    0.895840883 0.70887661 1.29588449 1.04330146 0.554048657 0.906368673
    0.941204131 1.00796628 1.25079751 1.03148556 1.02183676 0.948736846
    0.536149681 0.517522633 1.08189881 0.578320622 1.45554984 0.67730695
    0.76871103 0.701302469 1.02940392 0.759877682 0.599564314 1.07440805
    0.568519294 0.613794446 1.28069985 1.17281699 0.95485121 0.743058622
    1.0632149 0.9668051 0.57976985 0.74101907 1.1238184 1.475088
    0.953463435 1.13839138 1.38682365 0.639786124 0.909462512 1.08303392
    0.888164997 0.542047739 0.886085391 1.30247533 1.40892255 1.45994902
    0.924504161 1.19349742 0.748749018 1.48050582 1.30339694 1.04884636
    0.981993496 0.60853827 1.1211822 1.25037158 1.54462719 1.12514615
    0.919683099 0.748209059 0.957540452 0.561637282 1.07736468
    1.14791965 0.904111445 1.08513391 1.07605648 1.10021484 1.39327765
    1.48933864 0.826549053 1.4993329 1.4888941 1.20825994 0.884492397
    1.40646207 0.634508491 0.830150187 1.15829992 1.13250375 0.589746058
    0.556174695 0.961335599 1.03685033 0.535296619 1.30960715 1.46054864
    1.51683927 0.934010386 1.44642174 1.38879108 1.42731166 1.14848387
    1.56533718 1.47090316 1.52671993 1.04031575 0.878168643 0.833794594
    1.47733951 0.562854409 0.847989738 0.795697987 1.05951273 1.39254498
    1.16271305 1.52877128 0.95248282 1.12514853 0.66749692 1.25152159
    0.843365192 1.10968721 0.81963855 0.70920682 0.850270689 0.826866984
    0.643404961 0.826319039 1.17889607 1.10457563 1.46509624 1.07289469
    1.44016838 0.780283093 1.04804265 1.02917719 1.24642444 1.25370157
    1.05332518 1.08539879 1.0260309 1.11460567 1.3088249 0.673986673
    0.978684187 1.30542672 1.39887393 1.01188385 1.39154196 0.818931401
    0.658473909 1.22614741 1.1192342 0.852229297 0.829530656 0.524912953
    1.38430846 0.732921124 1.49448133 0.720634639 1.10653591 0.976481915
    0.593668103 1.48866689 0.620026708 1.39637601 1.48502195 0.710689485
    1.18628895 1.44472516 0.988479555 0.839765549 1.5389266 1.37681687
    0.884946942 1.26892245 1.14067304 0.954330444 1.07352901 1.17673445
    1.08912075 1.48369873 1.38375807 1.50437903 0.843947828 0.591090202
    0.63893795 0.660728574 1.46199489 0.822661102 1.40299153 1.2970469
    0.962768674 1.52713907 1.01953936 0.614645064 0.891411185
    0.955458581 1.04258168 1.56584084 0.913434327 0.787054837 1.3063879
    0.875610352 1.50620461 0.603095531 0.666388273 1.00951803 1.2048918
    0.593818843 0.562141836 1.01917481 1.25235903 1.35745609 1.19244564
    0.671613693 0.708959401 0.916842878 1.40377605 1.52540267 1.08105695
    0.98612231 0.675134778 0.733903468 0.976345599 0.986435831
    1.09616315 0.619287372 0.911988676 0.922448516 0.760207832
    1.37047243 1.04184031 1.20866036 1.15506053 1.39842689 1.37387586
    1.3674897 0.903115869 1.35843313 0.820612133 0.790955424 1.13777149
    1.4193188 1.02263141 0.91251272 0.607327878 0.609737396 1.02050745
    0.899208069 1.52398217 1.17023897 1.31677032 0.72357887 0.661557734
    0.763993382 0.768698692 1.35878718 1.329216 1.29813313 0.598220885
    0.802401543 1.04985178 1.37400842 1.38641083 0.71566385 0.672515273
    1.27389073 1.45772231 1.43697119 1.56039047 1.41490185 1.16063106
    0.677008986 0.733941734 0.530567586 1.09364533 0.66266942 1.06238282
    0.579904318 1.33853877 0.757813096 1.1875875 0.542995691 0.936076105
    1.53130925 1.28276205 1.17059147 0.660913646 1.06312239 1.10274708
    0.877359331 1.22855139 0.529441416 1.28543532 0.717485309
    0.608018696 0.896695554 0.990459502 1.07261145 0.722089767
    1.35568595 0.510586679 0.587530434 0.600980937 1.01542771
    0.592816532 0.861763537 1.21935153 0.570381761 1.19207835 1.29922783
    0.953565776 0.950631976 0.628111303 0.898946941 0.619318426
    1.32252085 1.37248003 1.15166056 1.10026896 0.798728824 1.19510388
    0.672591448 1.24819779 0.524556339 0.588437319 0.5601632 0.777347207
    1.45258927 0.580187619 0.700633526 1.38945758 0.912244558 1.49035144
    1.36351717 0.569179237 0.925909519 0.852188587 0.633128166
    1.37551379 0.573620379 0.582054317 0.508838415 1.30698526
    0.528333366 0.746977687 1.4428792 1.40258169 0.879624069 1.23982716
    1.15307808 1.03813267 1.11332726 1.08204293 1.51823032 0.915794492
    1.45904601 1.45327127 1.3421607 0.749556959 0.722833693 1.44257843
    0.613382995 1.0851022 1.09104872 0.720851302 1.18247724 1.0910418
    0.776968658 0.667384863 0.649483144 1.54376936 1.01922369
    0.946045399 1.38840747 1.12607908 1.47587693 1.3265481 0.955199897
    0.542621315 0.811972618 1.40941978 0.922649324 1.44142318
    0.685711205 1.43819952 0.983171821 1.42726755 1.01058245 0.724135399
    1.48523521 0.852497399 1.36849046 1.09401917 0.692328691 1.53557074
    1.48639309 1.17797303 1.34641671 0.714323521 0.638451874 0.696353137
    1.01708221 1.06552649 0.816594005 1.27381551 1.04922414 0.770892203
    1.01449311 1.05773628 1.25862134 0.829798102 0.603276849 1.11306977
    0.775430501 0.569538295 0.943212748 0.905808508 1.19476986
    1.01737297 0.789833188 1.22706938 1.41332603 1.4159286 0.801891923
    0.777517915 1.13418698 1.00354803 1.58646452 1.40340447 1.2151829
    0.601764321 1.53065968 1.3965714 0.574458957 0.747183442 1.23458064
    1.00097668 1.26302314 0.843518376 1.44071972 1.4053607 1.49075222
    0.982381046 1.09495449 1.34746456 0.864214778 1.0621649 0.875662148
    1.56440759 1.4559387 1.5094105 1.3989594 0.727198005 0.583526254
    0.577149987 1.36295056 0.742291391 1.1095351 1.14631557 1.35852778
    0.846541405 0.840760827 1.16665101 0.635709226 1.20181775 1.24491286
    1.13311446 1.30740738 1.36527979 1.19930017 1.33532369 0.732420564
    1.2650969 1.28869247 1.38840127 0.878145278 0.717255533 1.37298608
    1.33580506 1.10274494 1.28384626 0.669321954 0.973834872 0.561275423
    0.715959251 1.19374156 1.26838267 0.861628234 1.41625476 1.47450376
    0.837391019 1.23035347 0.681181908 0.949674904 1.43581152
    0.945013463 1.05855787 0.714630306 0.649986863 1.53743255 1.24505198
    0.964236259 0.554731905 0.792115688 1.33079505 1.43752873
    0.754173338 0.851791859 0.47088629 1.04346752 0.519374132
    0.903240681 0.873811066 1.09069836 0.646790564 1.01351035
    0.822645783 0.719181716 1.10278618 0.642184556 0.831010044
    0.919256628 0.755996525 0.932742953 1.17795181 1.27324331 1.09395421
    0.829724431 1.51075792 1.06684649 1.30319524 0.913481295 0.670564473
    1.13728464 0.531782985 0.542723775 1.03354704 1.11316419 0.593157172
    1.17288518 1.36934495 0.981472254 0.933763921 1.18707037 0.849096119
    0.836807013 1.25302625 0.63939774 0.605207741 1.08816612 0.947955668
    1.1773802 0.979948342 1.46798265 1.32435477 0.769699335 1.00700641
    0.874162972 0.846787333 0.993038416 0.572379112 0.678250432
    1.43775117 0.737235427 1.1186496 1.52297616 1.36471093 0.955985129
    0.953582048 0.61449492 0.688073218 0.975237072 0.559407115
    1.47439337 1.31869197 0.704650283 1.20457911 1.1972729 0.768976271
    0.959803939 1.25431514 1.25459313 0.573910952 1.01056159 1.47114372
    1.23426414 1.31081951 0.895559192 1.1451124 0.67673403 0.681972682
    0.678223908 0.752457798 0.734169304 0.767463803 0.955713689
    0.518102944 1.23180866 0.864744902 0.505561531 0.803401411
    0.779377759 0.951867521 0.740361691 0.747788966 0.753425002
    0.924675465 1.38374305 1.34923553 1.32338786 0.606484532 1.39514041
    1.05757511 0.723491132 1.0490737 1.05115914 0.686439812 0.654430866
    0.94263494 1.21906877 1.23489773 1.22368085 1.25086033 0.831323028
    0.871245861 1.17387819 1.41560578 1.18446887 1.30050421 0.62640053
    1.04480135 0.923570991 0.611023068 0.686149478 0.622205913
    0.588607609 0.568146825 0.73930037 0.95874697 1.4193207 0.779295504
    1.49269521 0.908993781 0.777790666 0.953496099 1.52231741
    0.758898377 0.88498801 1.44029129 1.38657701 0.630447567 1.04276526
    1.00284076 1.37867403 0.997790515 1.24925232 1.04096556 0.733840168
    0.565254033 0.687742293 0.674631059 1.17553449 1.48063266
    0.604344547 0.824750304 0.589557409 0.980831921 0.650857031
    1.44626164 0.860073209 1.28919852 1.00874865 1.47619808 1.18410659
    1.21907771 1.10553801 0.614303946 0.767135382 1.02714801 0.65620029
    0.900442719 1.32427359 0.57025522 1.55217481 0.604854286 1.25705421
    0.879973829 0.932241797 1.03024542 1.13878739 1.08231378 0.962397456
    0.90586859 0.927434266 1.54794204 1.34537077 0.925813675 1.06840456
    0.607351601 0.908735991 0.841777265 0.851729333 1.11553419
    0.850372791 1.52780747 1.48389769 1.53883862 1.2202543 0.937424064
    1.16373575 1.51202309 1.43895102 1.39243162 0.854009867 0.927071393
    1.192554 1.47596097 0.691492856 0.915109098 1.3130585 0.871176779
    0.748407304 0.748016894 0.894058943 0.607322752 0.791549385
    0.597537458 1.49640775 1.54652548 1.25138974 1.54472387 0.826196551
    0.57172358 1.05649626 1.39426899 0.573167145 1.19760275 1.14674139
    0.636889815 1.41892326 1.5034672 0.62670815 1.17067432 0.76943785
    0.856375158 0.979147077 1.0495652 0.68743366 1.57796919 0.595495164
    1.40582359 0.86436075 0.891117811 1.51056635 1.37966585 0.581742883
    1.23272979 1.45387638 1.34756136 1.01618791 1.4276253 0.748221278
    0.495438874 0.565623045 0.508950591 0.706640422 1.14379907
    0.847488761 0.902059376 1.16153467 1.17907751 1.4419055 0.82277441
    1.52653408 0.583972931 1.27389133 0.932949007 1.17417419 1.22675228
    1.29718137 1.44382811 1.18990457 0.780492067 1.08910275 0.810078859
    1.16186452 0.810161352 1.11974931 1.49217451 0.976309478 1.03638148
    1.48062491 0.986804187 1.23183441 1.00918925 1.3582015 1.34075117
    0.661503911 1.10248744 0.540400624 0.672904491 0.613837004 1.2248497
    0.991071701 0.556450486 1.39575684 0.708433867 1.01095021
    0.723454893 1.40223718 1.45382929 1.12552929 0.631989717 1.38429105
    0.899217784 0.889279246 1.29935193 1.15224802 1.22563815 1.25887358
    1.52362132 1.10829329 0.966521025 0.542754412 0.984386563
    0.721289456 0.906434774 1.46653688 0.703054547 0.600491643
    1.30184114 1.44946802 1.50409865 0.612652719 0.594388962 0.884154618
    0.940467 0.537978053 0.608817101 0.759358883 0.600861728 1.08198178
    1.10016954 0.787327409 0.686186671 1.38896132 0.715817809
    0.631229103 0.941791952 1.0158875 1.29758 1.05427945 1.33746326
    1.15020788 0.825186133 0.484143585 1.12052727 1.03571463 1.16722977
    0.931739986 1.23094368 0.643713832 1.31185544 1.43785596 0.620530903
    1.21391273 0.687005043 0.620614409 1.14477479 1.47248328 1.16285205
    1.49827087 1.52664638 0.647988677 0.794157088 0.749465823 1.27421963
    0.980381191 0.733677387 0.597635567 1.36533594 1.54800546 1.4417392
    0.621861041 1.53239954 1.25276554 1.37826169 1.09652555 1.11366546
    0.559200168 1.05524302 1.35361028 1.33807623 0.611611784 1.32746971
    1.10674405 0.986014426 0.673751235 1.07903171 1.2944169 1.0575186
    0.703444839 0.578300059 0.727388144 1.34108162 1.507792 1.23609543
    0.774877369 1.40899563 1.43842888 0.547283828 1.50328863 0.967016399
    0.674580574 0.732189536 1.21268392 1.44237757 1.45235503 0.664942145
    0.808462024 0.525068998 0.687905788 0.78201431 0.981241047
    1.49818015 1.42287707 0.636994898 0.653414726 0.932174623 1.1452949
    0.974364281 0.829648495 0.608019829 0.599471331 0.524661541
    0.520749748 0.986830115 1.01933467 1.54789495 1.07286215 0.993066788
    1.37666523 0.967296302 1.54440928 0.913365602 1.08397686 0.698527396
    1.18932581 1.07804811 0.853714466 1.13848031 1.45349503 0.600467384
    1.511976 0.954708457 0.812739968 0.630250275 1.36112463 0.625223935
    0.831193149 1.43209553 1.12874782 0.907598734 1.44563043 0.832144201
    0.798868895 1.07079136 0.705465376 1.03943253 0.586648881
    0.955680549 1.12072885 1.20654011 1.29728425 0.930614173 1.47565281
    1.23793268 0.733091712 1.30304587 1.04840791 1.30073261 1.09382582
    1.54924226 1.35970688 0.981225967 1.51888251 0.661438107 0.709254861
    0.577602684 0.845350862 1.30098569 1.5164876 0.616326094 1.16610599
    0.856072187 0.839113951 0.603389919 1.3658253 0.861191809
    0.993404865 1.28598619 1.07651317 1.34582281 1.02164602 1.15107393
    1.31092989 1.52118349 0.728248239 1.39874959 0.98961848 1.20260835
    0.958751976 0.624255419 1.43768191 0.6794554 1.47139263 0.86692214
    1.01019025 0.5951823 0.93461287 0.928621054 1.20494485 0.510148942
    0.730088592 1.01586246 1.33311951 1.54689479 1.4794848 1.20961022
    0.909881234 1.03589523 0.681445658 1.04431248 1.20196104 0.686310709
    0.943724155 1.24143171 1.52397299 1.27237833 0.883737683 0.561283529
    0.565790474 0.574490488 0.819369137 0.753617287 0.526401877
    1.2632159 1.47406983 0.544882774 0.710289001 0.920908988 0.763649702
    1.2831701 1.48142028 0.616376936 1.14799583 1.26640964 1.39653862
    1.35636163 1.40979338 0.599736631 0.908264518 1.43714726 1.49134123
    1.20040333 1.46125078 0.885312617 1.18058753 1.04589438 0.639026165
    1.11108661 1.15839839 0.695601285 0.553430378 1.39587736 1.23478854
    0.620648861 0.792928457 1.43666029 1.51039517 0.559064031
    0.588135183 0.964495182 1.03418064 1.16942167 0.885265708
    0.612379551 1.08827293 0.984561086 1.38784492 1.40624177 1.52176988
    0.997079968 0.695756078 1.25585365 0.828088224 0.608899117
    0.618835032 1.28308094 1.44380617 0.944846451 1.15717804 0.890094638
    1.20154464 1.42703974 0.656715751 1.16602898 0.520886242 1.45043278
    0.630441248 1.0463506 0.501590312 0.83146292 0.648913085 1.15297592
    1.40572357 0.908836246 0.715567231 0.579124272 0.984360456
    0.584327698 0.998487532 1.2811619 1.04321671 1.34201455 0.775813997
    1.16250205 1.45654523 1.37261724 0.708403885 1.4598639 0.536505997
    1.29759157 1.22102869 1.43589401 0.754718482 0.675067842 1.31438506
    1.47994733 0.609164536 1.54611933 1.30524719 0.660696089 1.55883348
    1.23933136 1.55267012 1.31213152 1.50490999 0.582386076 0.621967673
    1.505656 1.16635454 1.33472478 0.819798768 1.10555255 0.893193066
    1.00836658 1.11130619 1.48667884 0.733715296 0.88982302 0.879925609
    0.840351701 1.08687377 1.20983553 0.744026005 1.23414505 1.13442385
    0.596199989 0.743904769 0.662427247 0.643025577 1.3469739 1.42047405
    1.17880034 0.959005237 1.0383321 0.709132135 0.857495725 1.26312685
    0.589045227 0.680853963 1.32444668 1.22765183 0.774670303
    0.565464258 1.48002672 0.942590415 1.46507251 0.977550924
    0.515167058 0.503260911 0.957143486 1.07303774 1.4042592 1.09867728
    1.10660923 1.40982103 1.44214034 0.854711413 0.901545048 0.547452927
    1.05706346 1.04333019 0.871925414 0.864629924 0.924066126
    0.651447654 0.830093324 0.789330721 1.06271899 1.28297055
    0.891784668 1.47999632 0.596195042 0.848014057 0.832329452
    1.40606201 0.929046988 1.32341242 1.01321971 1.29742801 1.48393393
    1.51350796 0.906236172 1.56296313 1.11264074 1.18116045 1.30799127
    0.68737489 1.46716702 1.114411 0.986039817 1.11477065 1.5024761
    0.588971615 1.3763243 1.16769838 0.652757823 1.56527865 0.693918824
    1.3916167 1.2780118 1.25755382 1.12451982 0.796411812 0.738324583
    0.912379563 1.44301963 0.796815753 0.74365133 0.987895131 1.13923442
    1.16736686 1.10901892 0.731033683 1.55695713 1.46100509 0.969519973
    0.984693825 1.47082531 0.81313473 1.30380177 1.46882355 0.870269537
    0.900108814 1.39027035 0.59416461 0.806030571 1.47444618 1.15612912
    0.748523533 1.32034397 0.913389742 0.920398533 0.626103282
    0.537124157 0.53040874 0.654996693 1.13235641 0.927918196 1.5043925
    0.744392276 1.24012983 1.3294605 1.20193172 1.40271819 0.56229043
    1.45805728 0.987866998 1.13961029 0.844828606 0.971235156 0.99864006
    1.42821503 0.931555212 1.4212178 0.706737995 1.06555963 1.43574238
    0.573392689 0.942594111 1.24836969 1.22198284 1.43943286 1.27399659
    0.982288599 0.654527009 1.01793551 0.548087895 1.16141784
    0.808404922 0.729720294 1.25161648 1.20447135 0.680416644
    0.787969232 1.19323885 0.846045434 0.969069898 0.761000335
    0.586188436 0.826269031 1.18012261 0.679351211 0.760858893
    0.966571808 1.25412416 0.795856595 0.746966541 1.23689663 1.15079582
    1.46587062 0.991345167 1.037884 0.536134064 1.42049134 0.54027009
    1.03921449 0.821444333 1.09468913 1.27042174 1.29949832 1.05158746
    0.994984627 1.37643695 1.39525032 1.51053047 0.596946657 0.628274679
    1.26499152 1.35355735 0.582859099 0.905858994 1.30711162 0.796324968
    1.42708337 1.13793159 1.19022381 0.998673379 1.00899553 0.727918983
    0.554834485 1.0511421 1.33762074 0.598912835 0.80464375 1.33632517
    0.539415956 0.599207163 0.812724471 0.643281043 1.15011454 1.2422868
    1.52219641 1.0481813 1.03683865 1.42632973 0.958548069 1.52377617
    0.567740262 0.612425447 0.931511045 0.739300191 1.07901204
    0.583034515 1.29403841 0.842365265 1.01957476 0.783798933 1.45878446
    0.648162365 1.31636131 0.793828607 1.44515109 1.16583633 1.33103228
    1.32210517 1.19888222 0.707513154 1.42377055 1.5616653 1.00870478
    0.840173602 1.11038971 1.01966739 1.07405567 0.677366138 0.873350918
    1.4833802 1.12608278 0.945316195 0.786174774 1.27710032 1.31816018
    1.01275551 0.789082468 1.18480158 0.919819176 1.13751769 0.848567903
    0.843048751 0.847279072 0.819622219 0.719052553 0.903248906
    1.16291392 1.4903512 0.836704314 1.42643332 1.35215044 1.44141877
    0.624100983 1.3988874 1.41220272 1.28345585 0.975616634 0.624444246
    0.751673162 1.10965955 1.56548846 1.10854101 1.32954121 1.232831
    1.44951499 0.994530439 0.978991568 1.20857072 0.75585711 0.91079545
    1.20892394 1.30294728 0.834331453 1.32594335 0.608123124 1.04898787
    0.904156446 0.847914457 0.759273529 0.965862513 1.15821934
    1.35961735 1.1326896 1.35811436 1.0076201 1.28681791 1.04599011
    0.734876692 0.757150769 1.22921515 0.83237654 1.33323324 0.8894732
    0.837189257 0.711600482 1.00621164 0.627162993 1.44242215
    0.736679494 1.39766502 1.411973 1.25427938 1.50099039 1.08943653
    0.984331846 1.30242801 1.1091845 1.19942653 0.966169775 1.32892311
    0.67121613 1.09130514 1.2657913 1.04631603 1.26150692 0.630103946
    1.45321643 0.766016364 0.993073046 1.36154211 0.796912014
    0.702861547 0.713259637 1.45456851 1.38064432 0.785957336 1.30321693
    1.27880812 1.17917132 0.699755073 0.8064062 1.36838806 1.43109775
    1.13837206 1.02885795 1.48831904 1.39914107 0.669825852 1.47572851
    1.09171903 0.854449153 0.631521165 1.22833192 1.40016353 0.974281132
    0.687982976 0.612591982 0.776301801 0.844499171 1.42169785
    1.45361245 0.562013507 0.597257257 1.00781965 1.00214958 1.42991138
    1.45985281 1.20922792 1.49116147 1.00644469 1.05879068 0.915815353
    1.05917418 0.628052413 0.893769383 1.07683384 1.30198729 1.11172855
    0.822601318 0.838523746 1.48797166 0.606636941 0.960461378
    1.30734885 1.48034501 1.44776785 1.29947901 0.849805355 1.22782481
    0.80303973 1.37850869 0.792602956 1.24134719 0.630532503 1.1018492
    1.30676937 0.983821511 1.02838075 1.5430944 0.610972583 1.04318416
    1.57566845 0.637772739 1.44860911 1.57451475 0.912584662 0.917290747
    0.962336361 0.58922255 0.733161688 1.10880637 0.999257326
    0.667498231 1.25048041 1.01419163 0.476549923 0.732842982 1.44567251
    1.09763718 1.51205206 0.730774105 0.592587531 0.855324447 1.30032802
    0.887925744 0.981017292 1.04697013 0.553301632 1.07879817 1.31919563
    1.35132086 1.0352999 1.26742661 0.681767464 0.982207 1.55123651
    1.25531423 0.703374684 1.23843467 0.876844227 0.8120839 1.13279927
    1.39269745 0.71922332 0.61768198 0.706365526 0.596276522 1.28664887
    0.658113837 0.531358004 0.909245074 0.481042206 0.611759424
    1.21162438 1.00400305 0.782042027 0.991898417 0.870552003
    0.924121618 1.51129198 1.33441019 1.46645033 1.20091999 0.585856259
    0.676909149 0.98990804 0.692944348 0.896226406 0.723528802
    0.83558321 0.682859004 1.11788785 0.96243763 1.11223626 0.9396891
    0.676351309 1.31438684 1.09058511 0.659407675 1.21581471 0.851547897
    1.06106782 0.90776825 0.791532755 0.784122407 1.09476197 1.3160665
    1.17269516 1.49999511 0.958748102 1.25184369 1.07780302 0.595614374
    0.584085345 1.11758304 1.19757855 0.991875887 0.699118197
    0.838289499 1.57228684 0.985524893 1.23735547 0.704879284 1.31555855
    0.731700122 0.677512288 0.768642068 0.995227337 1.30702925
    1.47783732 0.528026342 1.13648558 0.9319157 1.34405923 0.706365585
    1.00383008 1.27285528 0.699049771 1.01756024 0.677012324 0.745137811
    1.28801298 1.00837636 0.973020375 1.23365855 0.738313019 1.19097376
    1.27415466 1.40862215 1.25006366 1.25919032 0.720697403 1.37877119
    0.859787643 0.573347151 0.660733759 1.04094231 1.1117146 1.39785326
    1.11254203 0.725957453 0.734618723 1.10870552 0.702332318 1.20241022
    0.776493073 0.863337338 0.844052434 0.577227414 0.794208765
    1.04255927 0.599430442 1.32689929 1.31125653 1.23352301 0.705640078
    1.03565502 1.44725549 0.865803778 0.581813693 1.2081635 1.34231675
    1.42504549 1.0409627 1.529989 1.60919392 0.849618673 1.20955491
    0.774993241 1.48383343 0.798398793 0.918112338 1.15630984
    0.932182968 1.42399275 0.548250496 0.761178136 1.50178277 1.34327531
    1.37456918 0.811273098 0.99468261 1.31651843 0.619036674 0.827318072
    1.24226999 1.50735092 1.07290602 1.14322138 1.48078501 0.79274863
    1.30554485 1.22154796 1.24120808 1.06416571 1.10542655 1.05018854
    1.16558683 1.25372601 1.31395996 1.0089463 1.53868937 0.729195237
    0.729562521 1.06929553 1.37786984 1.18138671 1.02610636 1.18554091
    1.14481997 0.584659576 1.39894116 1.48290718 0.798884034 0.782374203
    0.7786057 1.14989722 0.747924805 1.05358648 0.846390665 0.968677223
    1.28185213 0.878122032 0.661139309 1.36109674 0.872542918 1.13920569
    0.846581638 1.56247067 1.17441034 0.6196509 1.44514656 1.34229195
    1.35923374 1.53054225 1.4244715 1.43062818 1.35251629 0.920984387
    1.02645028 0.809282899 0.948726535 0.643570364 0.660176516
    0.908678532 0.838794708 0.770399094 1.41537511 1.02095389 1.16407681
    0.999862373 1.2792232 1.36558616 1.10027289 1.16188717 0.870487392
    1.26762962 1.26048195 0.779968262 1.59746516 1.5401969 1.22113097
    1.47231042 1.34743249 0.755915821 1.34810543 1.2522248 0.830156028
    0.783305049 0.49789381 1.08539402 1.11059237 1.42946863 0.867369175
    0.983791351 0.961405158 1.42387092 1.52752733 1.42336226 0.915876806
    0.793607891 0.904240847 1.17554736 0.845015347 0.891426861
    1.26945138 0.662331402 0.872333169 1.44096661 1.0151515 1.45377135
    0.901304483 1.16241252 1.3559078 0.705447733 1.07372797 0.678972304
    1.53638959 0.797454715 0.93456471 0.940480709 1.35585308 1.21236432
    0.772835016 1.0874052 0.793499053 0.808093667 0.64642328 1.03894782
    0.711938083 0.621118486 0.741805971 1.27586389 0.939431965
    1.20339656 1.44559312 1.27580142 0.81703043 1.54145002 0.817225933
    1.00348353 0.952171087 1.04979575 1.01452911 1.43861008 1.1965816
    0.543413937 0.74881351 1.0663656 0.710572481 1.44847691 0.570961952
    0.880404174 0.919833243 0.855540872 0.794619143 1.03790128
    0.989926755 0.876224339 1.11086655 0.778859615 0.826363742
    1.10386777 1.16367972 1.49970829 1.08502066 0.870055795 1.1332221
    0.606306612 1.44251239 0.647847593 0.635821402 0.661834419
    1.29950631 1.08279252 1.55748892 1.53441274 1.46200264 1.46632528
    1.36256182 0.828135729 1.46557677 1.20468628 1.27292371 1.26278472
    1.2252233 0.978303373 0.72375226 0.672566175 0.630888402 0.816294074
    0.991308928 1.51385462 0.753769159 1.52282107 0.911248803 1.47239268
    1.52326512 1.35492313 0.630357146 1.46973765 1.11555874 1.21139109
    1.06254077 1.10938191 1.36950815 0.539947391 0.720255315 0.786146045
    0.74601835 0.690978706 0.913394213 0.618514121 0.678556859
    0.957816839 0.663439631 0.541540921 0.754484653 1.21950626
    1.45013225 1.05453718 0.643670857 0.744853318 0.987875402
    0.918410897 1.23878634 1.01415014 0.806239843 1.03007388 0.770715594
    1.07285094 0.591150999 1.37740505 1.51191747 1.05768347 1.12699556
    1.53364956 0.962396502 0.685809672 1.16485715 1.37362909 1.55519426
    1.27394247 1.44269323 1.34510052 0.611498594 1.42387319 0.68030411
    0.691807628 1.10465169 1.34584093 0.856948376 1.22892308 1.05613935
    0.767493069 0.692745566 0.733305752 1.51484621 0.65667367
    0.642076731 1.50485945 1.47138393 1.05798483 0.791585863 1.03251493
    0.749818444 0.609290183 1.46918261 1.51991963 1.48997462 0.742951512
    1.37752664 0.683994889 0.779724896 0.896361828 1.08458149 1.08945131
    1.47357321 0.590975106 0.91058439 1.06196749 1.5098505 0.56235081
    0.589940369 0.717005312 0.88355726 0.831539273 0.599703372
    0.706631541 1.21739221 0.973107576 0.808104932 1.36355829
    0.674374461 0.703456759 1.18078339 0.961616278 1.05100989 1.52658689
    0.695034683 1.37556851 1.34150481 1.48624468 1.41728389 0.597788274
    1.03425241 0.93475312 1.13349879 1.07663107 1.53242993 0.828296423
    0.65134716 1.0256424 1.23597574 0.622505188 0.772199094 0.98454082
    0.728417814 0.762150884 0.522155106 0.756651044 0.90512073
    1.21798563 0.784691215 0.977498651 0.766739428 1.23606396 1.36757684
    1.54592967 1.06077719 0.906265259 1.12838101 1.61724937 1.40711188
    1.42596102 1.19894981 1.31155276 0.762289822 1.04124558 1.51249897
    0.535428166 0.784443617 0.680837393 0.963463128 1.1689769
    0.510547578 0.396625519 0.827174842 0.884043515 0.795701385
    1.26826227 1.49056637 0.640159726 0.553507388 0.924990475 1.33529806
    1.3279084 1.03565204 0.632881939 0.820649266 0.897751212 1.40389943
    0.779328108 0.94740808 1.32489407 1.50129914 1.13087857 1.22591174
    0.830761194 1.55159438 0.925671875 0.850625515 1.30653787
    0.949202716 1.01420319 0.893554688 0.71494019 1.32169962 0.739054143
    1.40874171 0.527697206 0.974620223 1.29831886 0.66636914 1.00884914
    1.0920217 0.962477028 0.507446289 1.40609527 1.32750452 1.53554046
    1.53032601 0.594237208 1.51727426 0.947577357 1.25043035 1.53742337
    0.94957006 0.549760461 1.25427043 1.28797555 1.36658978 1.36090481
    1.45376861 1.34526837 1.01020062 0.962409914 0.537717938 0.962104678
    1.32718575 0.625670016 0.544394255 1.30278862 0.554836214 1.53709984
    0.625615239 0.836810768 0.889802098 1.08794141 1.01099277
    0.731875241 0.819593906 1.31940281 0.597917557 1.34718788 1.19791746
    1.43170941 1.25008297 1.33862436 1.30952024 1.35185707 0.608014643
    1.47711718 0.944596887 0.78835243 1.28336978 1.25077271 0.773793042
    0.778538764 1.50184798 1.01184714 0.578849614 1.35201359 0.707815945
    0.894996762 1.25897121 0.975170076 0.602922142 0.968523383
    1.01485014 0.685500324 0.98670274 0.966427684 0.695900798 1.4442687
    1.12720597 0.695441902 1.46614993 1.3188864 1.3799156 0.862985909
    0.802654624 1.0171082 0.923636615 1.30602026 0.529217064 1.04845846
    0.586301684 0.839372396 1.46529257 0.560216367 1.31066644
    0.730341017 0.868137002 0.789831579 1.00611365 0.676654339
    0.983086586 1.50756013 0.91527164 1.09522712 1.45162129 1.37079048
    0.977963388 1.26645315 1.29809773 0.86381954 0.751511574 0.703221023
    1.46118319 1.01833308 1.04873061 1.45779419 1.51556301 1.28383005
    0.751194656 1.24904394 0.896713972 1.5516994 1.53606176 1.56918776
    1.48104191 1.19016457 1.04205775 0.794524908 1.03178477 0.632175088
    0.642920375 1.0369457 1.31815648 0.58797425 0.817821085 1.33622003
    0.845632255 1.00726902 0.892401278 1.45904207 1.01899815 0.693484128
    1.35416627 0.857627034 1.39671135 0.860473573 1.42544901 0.666875064
    0.940788746 0.653626978 0.933881819 0.65135926 1.5668031 1.50112188
    0.970929205 0.586286545 1.18544567 1.54386687 0.94358319 1.47860813
    0.614077449 1.00521874 0.907853544 0.746572793 1.13341796
    0.694693983 1.30631149 0.812918544 0.950498283 1.01939726 1.27731228
    1.10552418 1.12351847 0.754543006 0.599662602 0.912297785
    0.888727844 0.60559839 1.57965553 1.35220778 0.750599027 1.01577556
    0.706593096 1.17738223 1.42990577 0.885536015 1.12406945 0.638094306
    1.02673829 1.0591439 1.40332127 1.36494946 1.06347561 1.3793354
    1.07382774 1.50888038 0.744474709 1.36227739 0.865137458 1.47102523
    0.670622885 0.54283309 0.879254699 1.43600929 1.04136467 0.847938538
    1.31659627 0.88446486 1.60678005 0.726924002 1.08057976 1.59803951
    1.28940177 1.53427243 1.31065679 1.20324206 1.14699876 1.21388984
    0.566197813 0.64384836 0.683335364 0.668159187 0.652199268
    0.697173119 0.640262723 0.982531309 0.520477951 0.547368765
    1.24876237 0.890839219 0.565383136 1.03690219 1.14607286 0.933505416
    1.46803308 1.52683318 1.11376369 0.738741159 1.37458265 1.11168468
    0.661808968 1.41028726 0.701757491 0.677711785 1.12410975 1.40206051
    0.980866432 1.55315113 1.53887141 0.784428418 1.4701457 0.948754013
    0.868285537 0.926138043 0.96933341 0.645309627 0.537357092
    1.49078441 0.748633862 1.11962223 1.17045188 0.696212888 1.23461223
    0.843881011 0.907856762 0.944022059 0.547445059 1.21047771
    1.41465247 1.00701356 1.44558275 0.871185362 0.869144499 0.571234584
    1.44994009 1.21851635 1.52922463 0.891802192 0.543548644 0.81277138
    0.845943332 0.859504879 1.49842811 0.537201464 1.05893648 1.29778659
    0.629513323 1.12750351 1.06560254 0.751509488 1.21961904 0.72575593
    0.77444917 1.41891098 1.01036239 0.56413871 1.02884805 0.625559568
    0.731765926 1.46482432 0.889580369 1.13342035 0.780965388
    0.777567446 1.15880156 0.995112062 0.73615998 1.47527909 1.51161146
    1.45560467 1.11690295 1.55084622 0.728987157 0.996298552 0.626050174
    0.953158975 1.36627805 0.581271827 0.92328167 1.53612816 1.1087873
    0.836034 1.30323565 1.47439623 1.23265231 1.02736783 1.39581549
    1.07488763 1.48974359 0.67312026 0.743501961 1.4508971 0.657356441
    0.643941343 1.4542892 1.19925237 1.55075383 1.18041086 0.70195502
    1.22747076 0.822591245 1.51076019 1.33271015 1.27854955 1.10152459
    1.06250238 1.22738934 1.10664356 1.32385576 0.503782451 0.773812294
    1.18737924 0.56946516 0.786580503 0.557165504 1.16521645 1.27674305
    0.826329172 0.945970416 1.50237107 1.24025607 1.3733263 0.895809054
    0.907921851 1.11191189 1.12476122 1.3119725 1.46122634 1.04883957
    1.54835069 0.869834006 0.816003323 1.20014143 0.853422225 1.5688839
    0.643734157 1.3147732 0.625470221 1.0497402 1.52305496 1.56259716
    0.670121014 0.679606199 1.25289762 1.38459241 1.25958037 0.527290821
    0.571923852 1.37789309 0.944891512 0.852180183 0.602051616
    0.981878698 0.562546313 1.09161603 1.36098397 0.529613912
    0.979893327 1.31066275 0.68768698 1.40604627 1.17863691 0.700735211
    1.17056191 0.631347239 1.32091582 1.13706338 0.852823794 1.46095073
    1.15714419 1.03524733 1.42426515 0.648907006 1.10125601 0.573194623
    1.32564998 0.913703561 1.13266468 1.0400337 1.10658908 0.884747148
    1.08776593 0.984849453 0.654046774 1.48679221 1.46606624 1.06908202
    1.502442 0.854220927 1.48001158 1.49254298 1.53898215 1.24258459
    1.49321532 1.15695775 1.53785908 0.926075816 1.3267827 1.56539798
    0.839686453 0.686287165 1.37757802 1.43974388 1.00145113 0.827497184
    1.09147501 0.98231262 0.84581995 0.747347414 1.04664624 0.982778132
    0.725381374 0.724408984 0.600120068 1.27184594 0.827116311
    0.984716654 1.28885925 1.53578389 0.915357828 0.842395544
    0.906517386 0.937744975 1.46836877 1.05492949 0.664978266 1.28129983
    1.03931117 1.33964193 1.19684744 1.37213957 1.10442352 1.21242118
    0.700166643 1.26341295 1.23367846 1.31262231 0.577497065 0.529621601
    0.896423757 0.800377607 0.952517152 0.494826943 0.758027732
    0.537041485 1.45729542 1.4561218 0.723086655 0.658871233 1.02977681
    0.823479176 1.56355 1.56009173 1.28641939 1.54859042 1.18123484
    0.656587958 0.943616271 0.861215174 1.39278829 1.02352619 1.11302638
    1.10293722 1.38104737 1.50205183 1.41650617 1.5450511 1.16209519
    1.45661724 1.10929215 0.702075124 0.718653142 1.23566759 0.875440836
    0.554538846 1.38111329 0.887404084 1.00799787 1.4637332 0.827769518
    0.938586116 1.33475602 0.880969167 0.69812721 0.681779921
    0.697178364 1.30131638 1.40826929 1.33629525 1.07936084 0.973056614
    1.36705399 0.60648644 1.14355695 1.08954537 1.47214007 0.768685818
    0.99018997 0.652775943 1.00909662 0.586263597 1.37010586 1.26927912
    0.873307228 1.49611044 1.15886176 1.3950386 0.961553454 0.802969575
    1.28468323 1.28363931 1.2723099 1.14961433 1.32863963 0.950118661
    1.193048 0.783600628 1.41284811 1.14208579 1.19153225 1.0633738
    0.796724796 1.34559405 1.0464009 1.14774692 0.965142369 0.586813986
    1.34475148 1.45183647 0.967767954 1.50405717 0.896682739 1.45241499
    0.756837666 0.758793831 1.32796764 1.05205321 0.628413856 1.34926188
    0.946838319 1.37639666 0.734652221 0.62679708 1.47461057 1.15219998
    1.21590364 1.20393527 0.674136162 1.40994143 1.19861484 1.53547859
    0.993120253 1.28201342 1.06755924 0.718879282 0.72512567 1.22751415
    0.757301211 0.674712121 1.2969892 1.08794665 0.884890378 0.846746981
    0.799515724 1.04517138 0.620394588 0.709623933 1.46479738
    0.749414384 0.555504858 1.37360525 0.683021367 1.01703572 1.0928669
    0.780825019 1.31605935 0.664176226 1.34759772 1.35598135 0.620518446
    1.07122588 1.51253057 0.682706714 0.944472671 1.1703285 1.15072978
    1.34964561 0.68464303 0.834216714 1.04368758 0.94539094 1.0370878
    1.17464018 0.939003348 1.45493889 1.42042255 1.18348289 0.652156174
    1.54778945 1.27359188 1.27087629 0.808368623 1.1182555 1.3312614
    1.21982765 0.796840668 1.38919234 0.513620198 1.12934315 0.684827626
    0.55070734 0.645186841 0.981047988 0.877286255 0.734074056
    1.03257394 0.857512057 0.819395125 0.600303531 0.532243252 1.2898972
    1.08726203 0.840015531 0.598451257 1.49844146 1.07881665 1.3407613
    0.780151069 1.51827073 0.944524884 0.912555397 1.41980553 1.056108
    1.2383132 1.29654944 0.683848321 1.40667939 0.771900296 0.696230054
    1.23924541 0.670243025 1.55256975 1.56095922 1.21783257 1.05431437
    1.43793082 0.869823337 0.817467511 0.570320606 0.847804844
    1.44147289 1.20631778 0.607481539 0.812308252 1.37428153 1.37201619
    1.51806796 0.809212327 1.36563015 0.954172909 1.32146895 1.48665392
    0.597302735 1.0353235 1.53780127 1.2444135 1.16586018 1.30499351
    1.26631486 0.534493029 1.32167137 0.825690806 1.35866702 0.996701658
    0.640926242 0.769681931 1.29868996 1.54431903 1.03375196 0.656606257
    0.980977237 1.47506833 1.30696285 1.58281708 1.01906633 1.31382227
    0.945340157 1.17501116 1.5573945 1.18600154 1.4544071 0.958643436
    0.682471216 0.617549121 1.07078183 0.428876996 0.972813964
    1.06041825 1.32716036 0.67051363 0.53579098 0.737976909 1.33074331
    0.586250842 1.36469817 0.642128229 0.805378914 0.981979907
    0.634016514 1.45341265 1.11645007 0.801605344 1.49724472 0.769000888
    1.25375426 1.09008992 0.677010953 0.574779987 0.685221255
    0.973946452 0.848111928 1.02202356 1.56055629 1.2143029 0.670662999
    1.26144683 0.874978483 1.45656931 1.08098555 0.649033904 1.52005768
    1.39443302 1.44110072 1.27836704 1.5081774 0.769943118 1.14298379
    1.27617621 1.18343878 0.653153658 0.732034147 0.748520017
    0.833049774 1.2032156 0.579684436 1.49975407 1.1040802 1.14623725
    0.855244637 1.00277746 0.654203713 0.647829711 0.572562635
    0.979559183 1.47831476 0.820394754 1.31035674 0.906905949 1.0807879
    0.802880406 1.28436673 1.19770277 1.44099915 0.893685818 1.33626509
    1.05784941 1.41426003 1.45245838 1.0994004 1.43983519 0.862576544
    0.849061728 1.15070879 0.991026223 0.736622512 1.44328344
    0.845103145 0.757117391 0.990420341 1.55048716 0.761260808
    1.15345657 0.934080422 0.771908581 0.831906021 1.53579247 1.05480886
    0.852529585 1.14911509 0.851066351 1.02000928 1.32079244 1.24551094
    1.50548196 1.34467602 1.44227445 0.779424489 0.70066911 1.26388121
    0.653940678 1.36344898 1.4092412 0.93484807 1.55662584 0.846511245
    1.15321064 1.31093979 0.819218218 1.03257 1.2725302 1.18644333
    0.548866272 1.26245618 0.859847248 0.549806118 0.964775026
    0.720120132 0.941678405 1.24516594 1.4381901 0.7983495 1.22777414
    0.657113731 0.80220902 1.01543057 0.540139556 0.993831336 1.34833193
    0.571043134 0.557915449 0.792438805 1.02625704 0.826299787
    1.22847044 1.06631744 0.643325388 1.20352173 1.54173052 0.839494824
    1.1848309 0.876388907 1.12121105 1.55348444 1.05946147 0.93464601
    0.663834572 1.13557565 0.721982598 1.52613008 0.71313554 1.4527365
    1.40694082 1.15459859 0.580075324 1.33645165 0.64308387 0.962145209
    0.709713936 0.963496506 0.935412109 0.622048676 1.46078992
    1.06194031 1.00464261 1.07256007 1.39070296 0.521710932 0.832883477
    1.50210917 1.27401483 0.615629494 0.850626707 1.33826661 0.896219254
    1.02301061 1.23943377 0.858280241 0.91024214 1.42620361 1.00258589
    1.1375705 1.13589895 0.789174557 1.51134515 1.02379465 1.1503855
    1.02533686 0.786150634 0.864166558 1.25797224 1.29936767 1.32707691
    0.795906723 0.984447062 1.20471919 1.38709843 1.21006358 1.09270442
    1.0212456 1.52096903 1.4519192 0.589816451 1.00735009 0.958173335
    0.754739463 1.14391243 0.800317407 1.28147089 1.21998405 1.20763254
    1.45591712 0.619456232 0.606335521 1.04629636 0.746120274 1.48129296
    0.96657002 0.782500207 0.934209108 1.26658535 1.22602749 0.540067613
    0.657342732 0.654680431 0.62990427 0.911855698 1.19506729 1.52628219
    1.24974358 1.01056409 0.723436713 1.39061093 1.57551157 1.5978868
    1.44504106 1.14408183 1.26624918 1.25368369 1.60732543 1.56036472
    1.35647249 1.03206122 1.45908606 0.602688849 0.733668327 0.859120011
    1.15021646 0.785933673 1.06540918 0.432601035 0.85579133 0.83689332
    0.392005861 0.80255723 0.885056376 1.31051111 0.892958999 1.3085072
    0.562960148 1.45052528 0.54740423 1.1886183 0.713030219 1.52706969
    1.26283562 1.51209366 1.25268352 0.736184776 0.948189139 0.956817091
    0.973991334 1.29368138 1.3468678 0.679009974 0.592498183 1.0039438
    1.27247381 1.30977547 0.697167754 1.02466476 0.798777878 1.26910937
    1.3858515 1.3676722 1.4757365 1.14283633 1.44867718 0.998044431
    1.56984735 1.02743602 0.732941747 0.606356382 0.52866596 0.894747615
    0.808219254 1.33107591 0.84055829 1.29695892 0.947668195 0.659303069
    0.567896008 1.48169219 0.571675301 1.23277187 0.639663339
    0.582165062 1.27741385 1.38954961 1.04148948 1.06000233 1.46721578
    1.09295869 0.99414736 0.946022809 1.11995721 0.921977401 0.685221434
    1.54670334 1.56933773 1.32920563 1.2512151 1.57786167 0.905811012
    0.76956892 0.978388429 0.662979305 0.672351301 1.18027389 1.06713796
    0.894902349 0.598594606 1.38173056 0.923026443 1.2475661 1.08268571
    1.54662645 0.707555115 0.754627407 0.895387411 1.31594956 1.33178544
    1.1130321 0.963042617 0.977916062 1.24310982 1.3458581 1.11762965
    1.34819186 1.32488179 1.34945858 1.25664902 1.12810481 0.633609891
    1.06589365 0.964351594 1.30534995 1.05264306 0.91812861 0.798524499
    1.26593232 1.51779938 0.795894027 1.47571158 1.39606071 0.602634251
    1.55059791 0.684861362 0.960515082 0.568980277 0.595346451 1.4064157
    1.24280858 1.16540635 0.824819624 1.16103733 1.3702023 0.912631154
    0.6017735 0.738531411 0.732213378 0.91762799 1.15023565 0.898798704
    1.49788356 1.23926651 1.1676755 1.52177465 0.877512455 1.14722788
    1.18686509 0.663067579 1.23897922 0.674934149 1.07480538 0.647830367
    1.06011879 0.724131823 1.04407215 0.861782551 1.2766757 0.655014753
    1.34551263 0.676806211 0.587861776 0.59080863 0.744917333 1.46659839
    0.970873594 0.618798435 0.825156629 0.594123721 0.885984838
    0.940156937 1.006024 1.36720037 0.962478518 0.579012394 0.761739075
    1.43676722 0.944061041 1.3800118 1.50727081 0.58669883 1.40710902
    1.07988656 0.986233532 1.18945014 1.25963116 1.14837289 0.966423273
    1.50947034 1.00881994 0.812380373 0.960109293 1.19769561 1.45192444
    0.669106841 1.14939713 0.974743366 1.33487427 1.27846801 1.22167516
    1.24148595 0.81529212 1.05252719 1.47099733 1.37638748 1.11787844
    1.49894893 0.872509599 0.933193028 1.3853935 1.49794948 1.15134752
    1.02473009 0.88301158 1.00938201 0.735938907 1.09544933 1.33494878
    0.580124497 1.52576399 0.796408594 1.20326805 0.648495913 1.2138176
    1.38923669 1.35991573 1.37935984 1.03203845 1.21102953 1.48950243
    1.01285231 0.714301825 1.18544257 1.4375329 0.881222904 1.32287109
    1.29980338 0.637329638 0.917500198 1.50957847 0.58633709 1.02917457
    0.661810994 1.2875725 1.09755683 1.24950194 1.08383751 0.828247488
    1.55308735 1.39438236 1.37409234 0.759862065 1.15823162 1.31200957
    0.873781443 1.1944381 1.07954419 1.03248119 1.012923 0.838593483
    1.31386495 1.2936933 1.39933014 0.724664867 1.17305791 0.703576982
    0.302433401 0.672110796 1.02462149 1.44128811 1.16750908 1.39740586
    1.035568 0.933206499 0.81337899 0.802118361 1.20590198 0.752873063
    1.49958384 0.624649704 1.10616159 0.76033318 1.34083128 1.1111095
    1.26562345 0.664396405 0.788002551 1.0332197 1.50666606 0.630550206
    0.720127285 0.702761352 1.55273545 0.859320939 1.27003777 1.3069191
    0.615606368 0.827236533 1.09712553 0.622950315 1.19592309
    0.900421381 0.883306623 1.5492934 1.20827818 1.38575101 0.986315012
    1.34778416 0.758048594 0.743415833 0.666245818 1.20612478
    0.652189016 1.15409672 0.761229038 1.31457067 1.37190092 1.24818492
    1.2878288 1.31820142 1.11704278 1.40524662 1.42084312 1.43212879
    1.51553917 0.995196283 1.05420613 1.53043795 0.960588455 1.16687894
    1.12526834 1.49640548 1.55141485 1.07196891 1.09610152 0.833067298
    0.932309628 0.890323281 1.4977957 1.11292171 0.73238349 1.43973148
    0.724964261 1.52424932 1.11030805 1.48697221 1.40406132 1.12175918
    1.13789248 1.02898788 1.13661122 1.12314284 0.924615324 1.2852819
    0.887618363 1.38686812 0.719165087 1.49093187 0.706193745
    0.763793886 1.19347429 1.45898581 1.51220143 1.39150155 0.616761446
    1.12337506 0.784664571 0.607288778 1.54587638 1.20368969 0.846692681
    0.589314401 0.920349598 0.933067679 1.04337156 1.21053505 0.84229815
    1.48333609 0.874966979 1.21759021 0.594715059 1.38332224 1.18325794
    1.14659226 0.590442359 1.34651518 0.67753768 1.3049643 1.37733114
    0.621986389 0.703382671 0.797755539 1.3880986 0.682765722
    0.519650221 0.933067024 1.26203108 1.09279609 1.38770759 1.10982323
    1.4793067 1.33253062 1.44757307 0.729371309 1.08492243 1.32209182
    1.03282762 1.46840751 1.03893101 1.53583443 1.0551374 1.22840405
    1.42697024 1.20033193 0.591052413 1.34096825 1.18094134 0.911330402
    1.30485237 1.3598603 1.33765686 0.915010929 1.51447475 1.11861026
    1.51478231 1.47312772 1.16830504 0.921293974 0.897256076 0.716874301
    0.595634997 0.695857823 1.25765944 1.00734222 0.648100376 1.02688062
    1.16601014 1.07085192 1.53647685 0.809802413 0.886884212 1.05487776
    1.51161528 0.661146581 1.02582037 0.614486456 0.588182271
    0.637634873 0.957337379 1.33263862 1.38465071 0.984723806 1.56458735
    0.979820132 1.37599039 1.48757625 0.871534228 0.745268047
    0.696267009 0.977071166 1.22766054 0.985849679 1.16271961 1.37689555
    1.28198409 1.34605765 0.640244663 1.39990616 1.14454234 0.756829381
    1.22070301 0.97777009 0.566653669 1.28706229 0.716101289 1.46057153
    0.867255151 1.20285892 1.03324974 0.922406077 0.773523808 0.72341007
    0.562584162 1.07788217 1.25350094 0.92576468 1.20913637 1.23995888
    1.38421202 0.569361866 1.27810705 0.796311557 1.05807054 0.787002504
    0.856123328 1.02214241 0.954741001 1.28080392 0.847673178 1.1886307
    1.06949115 1.57740736 1.01484859 1.1824224 1.12049603 1.45127642
    1.33642828 0.747254968 0.63544786 1.08705389 1.46914446 0.65092802
    0.825404346 1.26378655 1.50957239 1.0960139 1.50303066 1.49040806
    1.25507987 0.773807764 1.20095408 0.520446301 0.48737666 1.03418064
    1.34156764 0.657541633 0.528593838 1.24116457 1.01550198 0.656611979
    1.14598715 1.33495414 1.35269725 1.32050037 1.24347091 0.644143522
    1.37241197 0.775302231 0.565315425 0.903664231 1.25519538 1.1194905
    1.3502481 1.35746527 1.51846349 0.925452709 1.07067955 1.44811308
    1.13273776 0.638852477 1.39221179 1.31463218 1.32815027 0.69288367
    0.976121366 1.43783784 1.46215224 1.44867146 1.53965318 0.609856546
    0.765789628 1.31348467 0.657210171 0.651594639 0.759370983
    1.35159898 0.626144886 0.904617071 1.10953712 0.597248077 1.02066875
    1.08261847 0.557350874 1.41346538 1.38552034 0.974733591 1.45803523
    1.04875708 1.36429524 0.973499298 0.77027452 1.52966881 1.14219427
    1.15010571 0.749540806 1.3886503 0.838724911 1.28471375 1.49772453
    1.04432952 0.964299679 1.04089308 1.40630412 0.948221385 1.49207032
    0.644042969 1.12272465 1.28301895 0.914603353 0.649508357
    0.803690553 0.570304275 1.55122304 1.3957113 0.696707785 0.682914972
    0.848696887 0.561378121 0.60838145 1.29013169 0.796957254 1.26965868
    0.858379424 0.816278458 0.781759381 0.59757483 1.45706606 1.47596574
    1.18869126 1.27869809 1.09946585 0.815454185 0.946115315 1.45165813
    1.15690267 0.620633364 0.954647183 0.934778273 0.870904386
    1.04876935 0.710623205 1.37116587 1.32978034 1.30355215 1.24243629
    1.4495163 0.9641186 1.24144828 0.982588649 1.1554395 1.12676549
    1.13129926 1.36874282 0.705420315 1.33063936 1.55129445 1.45293081
    0.752409637 1.4367044 1.00813282 1.06382394 0.645074248 0.762711823
    0.65601927 1.08786392 1.55292296 1.10383785 1.33989751 0.888448656
    0.829917848 0.778608799 1.39079094 1.47559607 0.811373055 1.35605371
    0.924737275 0.773867428 0.702393532 1.36211002 1.08486152 1.42685747
    1.38450611 1.47073019 1.29152381 1.06521058 0.881318629 0.695216
    0.735609233 1.55558681 1.2793473 0.902327299 1.11878252 1.46520841
    0.720211208 0.673572302 1.4480778 0.934689701 1.16173112 0.556326866
    0.925390542 0.731161118 0.511890829 0.554474175 0.715697885
    1.06522214 1.52219641 1.01772285 1.13792276 1.10302937 1.10538423
    1.11343324 1.04972267 0.914722502 1.47681856 1.34897316 1.16465855
    0.713164449 0.717925012 0.623741448 1.39954722 0.770533979
    1.03211093 1.08572447 1.45118463 0.612627447 1.47489679 1.10725069
    0.760408223 1.38760233 1.56377327 0.747014821 0.803471863 1.04269719
    0.766222477 0.869300008 1.15858603 1.42569339 0.807777882 0.90546906
    1.49735868 0.665809453 1.36920667 1.00375772 0.620477259 0.8403036
    1.0746007 1.52499449 1.11523449 0.870604992 0.880854368 0.937581897
    0.753660262 0.754461408 0.844233036 0.663493693 0.889664829
    1.36850357 0.715107501 1.1936928 1.09286726 1.18706238 0.688217402
    0.758359313 1.16217387 0.605356157 0.855351508 0.843072951
    1.56999135 1.33481252 0.783845544 0.589030266 0.870869696 1.10205805
    1.3464067 0.781474769 1.57058549 1.12319243 1.5872153 1.43342066
    0.736689091 1.20601678 0.90988636 1.52554524 0.687496662 0.781405389
    0.961520314 0.84289676 1.19285691 1.0822624 0.504935086 0.556549728
    1.19596207 0.5725348 1.45122254 1.41718698 1.19041812 0.782065153
    1.2458266 1.46536136 0.745348334 0.57408464 1.3118664 0.673455834
    1.51736653 0.879085958 1.09086013 1.33070612 0.616664588 1.08014476
    1.55151844 1.33982337 1.33656073 1.52742326 1.35631478 0.841474831
    1.04864144 1.54651308 0.72521162 1.07967949 1.13227201 1.3501296
    1.12342429 1.23201346 1.20353067 0.787039101 0.646478951 1.48880351
    1.48189127 0.76126802 1.38394415 1.40569115 0.96746254 0.730186403
    0.797286093 1.1338073 0.555758834 1.29208791 1.32995498 0.659284413
    1.16844988 1.16445446 1.44024205 0.727043867 1.47049487 0.86857903
    0.836005151 0.776976466 1.46972346 0.703051805 0.989441752
    1.41814566 0.707130611 0.844966948 1.44246185 1.4663552 1.16301942
    0.824102044 1.25430691 1.50557768 0.637975693 0.57691139 0.679454744
    0.986698449 1.34655547 1.49490881 0.734063804 1.04480731 1.3427521
    0.897550881 1.20532537 1.18425691 1.1914289 0.528050125 0.842324913
    0.849971354 1.0709281 0.534864902 1.13927805 1.0576272 0.729778528
    0.641643882 0.979985118 0.699605703 1.36497617 0.756725073
    0.911395967 0.636507511 1.5459981 1.53376472 1.13124442 1.00185776
    0.79366219 1.25422657 1.08965313 0.971506894 0.810669363 0.938937545
    1.51530576 0.609107494 1.27513242 1.32831717 1.42408717 0.650834978
    1.13904428 1.22490895 1.08571398 1.38885665 0.769795835 1.23233378
    1.03079355 1.42799067 1.50559509 1.28983378 0.908336461 1.30975521
    0.95881027 1.3524437 1.0270884 1.0009867 0.563070238 1.26139498
    1.04600966 1.34664011 0.756229639 1.02283239 0.944821715 1.28633916
    0.726651311 1.22876978 1.08004463 0.586544096 1.10569787 1.01749694
    1.45578361 0.902363658 1.35800326 0.706898808 1.35717177 1.07642937
    0.831549525 1.39355052 1.42041349 0.718253672 1.56354666 1.20234931
    0.878570795 1.20218658 1.20530581 0.821206391 0.633646369 1.15069008
    1.20872688 1.36463213 0.530799031 1.23895788 1.44694829 0.655288935
    1.48852444 0.794892073 1.30658567 0.825359702 1.37349594 1.37625384
    0.836716592 0.957217574 0.544270217 0.976783276 0.823168278
    0.751359761 1.18879426 1.48346746 0.806121826 1.39899206 0.850883126
    1.13871539 1.53942013 0.736069977 0.633531749 0.771982908 1.24415195
    0.805639267 0.855136395 1.54526472 0.721568942 0.751981795
    0.893399715 0.940185845 0.695729434 1.1429565 1.03925717 1.06876254
    0.972357154 1.45872378 1.3649435 0.984487653 0.696196437 0.802724957
    1.12235844 1.48901308 0.766270578 1.04970539 1.03013396 0.609203458
    1.18658209 0.550882459 0.947003484 0.655560732 1.20430386 1.14325464
    1.30711854 1.3334465 1.39416897 1.19581437 1.24947941 0.940591156
    0.695454836 0.61003226 1.1860702 1.3559593 0.837630332 1.26574016
    1.17053068 1.38554835 0.640100002 1.34730124 1.24224377 0.798157036
    1.36239874 0.663214982 1.40038407 1.15083325 1.51402533 1.15947938
    0.817672908 1.3677671 1.08747125 0.701396763 0.891830802 0.730379701
    1.12725067 1.26027286 0.86472249 0.419205219 0.457684368 0.985671341
    1.24576044 0.769868731 0.839895189 0.70217073 1.09428442 1.36788821
    1.2432766 0.589170694 1.31273389 1.41908479 1.47168791 1.04786205
    0.961660028 0.798051 1.40591848 1.07078946 1.28852475 1.13997424
    0.761710286 1.22685921 1.3271724 1.23647857 0.798921227 1.03255093
    0.956135273 0.858550251 0.857738137 0.921975076 1.45889962
    0.962586105 0.614104927 0.793251812 1.54049563 1.48296857
    0.729186714 0.569541454 0.57626754 1.20472252 0.948780477
    0.992400229 0.567573071 1.00724208 1.19295633 1.11786151 1.46317148
    0.698102176 0.658024848 0.791410148 1.00550056 1.30078864 1.47713518
    1.17542362 0.880616605 1.23383737 1.55502343 0.589132428 0.790632844
    0.994123101 1.03262484 1.05234241 1.11092305 1.27545667 1.11835063
    0.875380516 1.5293597 1.04102898 0.639627635 0.576989412 0.646774888
    1.5115937 1.19853175 0.633423984 1.3852489 0.582769394 1.50143898
    1.22364843 0.591416657 1.5119648 1.44852388 1.45344496 1.27588654
    1.16240036 1.23163354 0.702630281 1.40817332 1.0708245 0.73233217
    1.26676607 1.32534003 1.39944375 1.48566031 1.16988993 0.610142887
    1.15182018 1.52637815 0.956454456 1.28259456 1.57682335 0.656500399
    0.96579361 1.43309844 1.36805749 1.38199294 1.18378353 0.729934096
    1.01381731 1.07036257 0.893835604 0.789211273 1.38932216 1.11547327
    0.732136369 1.44622231 1.51057196 0.857399881 1.25540984 1.57174242
    1.23135316 1.38594329 0.903720975 1.21189511 1.23668218 0.841854751
    0.7642079 1.36067283 1.27436018 0.700844586 0.619351506 1.41597939
    1.50633657 1.19053304 1.00516069 0.749991596 1.42409587 0.60083735
    0.971456051 0.629160941 1.13519633 0.562860191 0.737804532
    0.559269845 1.30539656 1.32175004 1.29983115 0.961316049 0.985064149
    0.618882239 1.14471972 0.937557817 1.11548734 1.41139221 0.823064506
    1.37287962 1.58911908 0.918381274 0.757169068 1.427858 1.24622166
    1.57350969 1.29104328 1.57018483 1.24736404 1.0723592 1.43554258
    0.9524405 0.571240664 0.860967636 0.903397679 0.717668414
    0.685643017 0.694835603 1.21916008 0.807180226 1.52669132 1.54499102
    0.612581909 1.00655735 1.07388973 1.25842214 1.18081963 1.27182388
    1.47453177 1.22041154 0.733364463 1.09450471 1.44989324 0.64359355
    0.575798631 1.30741501 1.35374033 1.07993102 1.35987723 0.821059704
    1.12819433 0.982069612 1.47030556 1.37096453 0.63445437 0.932345271
    0.821670711 0.898645461 0.643871605 0.894936442 1.09689426
    1.28309083 1.02701426 0.968054116 0.770956755 1.51663184 0.852238655
    0.759447217 0.865057707 1.31049395 1.07188797 0.561635375 1.14873123
    0.966288269 1.52380192 0.739544749 0.707614243 0.839720547
    1.23825085 1.10856116 1.15062845 0.535175502 1.37293708 0.797905982
    0.620203137 0.780969858 0.719627082 1.2908833 1.21772099 1.48244333
    0.967619002 1.46611345 0.574305236 1.0334481 0.962750673 1.12837029
    0.571412802 1.22699559 0.959645212 0.596857786 0.65033412
    0.948729396 1.41990221 1.15698242 1.57559931 0.725971758 1.15949559
    0.829531252 1.15960646 0.877543509 0.931253195 0.632625341
    1.01738477 1.07944131 0.814565778 0.84217453 0.544214487 0.907959402
    0.847969055 1.56329584 0.693827808 1.38159144 1.46350038 1.40026331
    0.603065908 0.936780691 0.544670999 1.14442003 1.2009331 1.42771804
    1.29134488 1.56375694 1.4129144 1.25866497 1.39579427 0.609925508
    0.723427653 1.12364876 1.53810525 0.852499902 0.885573387
    0.673494995 0.992024243 1.3134892 0.724342287 1.31419444 0.997145772
    1.23436785 1.16208315 0.982664943 0.90012306 1.17962539 0.782876849
    1.12473786 1.19694424 1.21864247 0.904620647 0.592719376 0.650522947
    1.46429014 1.42539477 0.740000308 0.999288023 0.662418127 1.4519738
    1.45044148 1.20550859 0.854018092 0.818256378 1.3724128 1.08267212
    0.970899642 1.473207 1.05370581 1.01731408 1.13130915 0.718850374
    1.56050777 0.823048472 0.672608972 0.797846735 1.40749002
    0.717150509 0.784815669 1.53582382 0.619498432 1.48225498 1.48836219
    1.25448227 0.92917192 0.615343153 0.565373242 1.31950581 1.20463431
    1.1866349 1.19119799 0.613904834 0.56816417 0.913505733 0.579329133
    0.563705623 1.49783564 1.02734101 0.578025222 0.694656968 1.02483654
    1.45528829 0.860895097 1.24437881 0.780045748 0.952745557 1.45295858
    1.04656601 1.09053171 0.754254878 1.14297748 1.477072 1.02149057
    0.635075927 0.914150536 0.730655551 1.11491609 1.30560124
    0.691184282 0.970057607 0.640722811 0.648282051 0.875518799
    1.01013494 1.08617234 1.40877306 1.31122756 1.24060726 1.32213163
    1.53454208 1.45848727 1.02662492 0.844870627 0.571043134 1.41667247
    0.86252284 0.782629311 0.879737854 1.06322765 1.28804111 1.44882846
    1.45345604 0.652845025 1.43912327 0.701084495 0.602478266 1.23179257
    0.781590581 1.15184426 0.577819407 1.54319751 0.97984755 0.558224559
    0.946495175 0.816760421 0.974434793 1.20354021 1.49283683 1.24880743
    1.52899826 1.57384241 1.50952578 1.34131193 1.19212222 0.8263942
    0.641951025 1.46723998 1.48240423 1.31421173 0.71608907 1.1572082
    1.30101252 0.555210292 1.17330706 0.900574386 1.02394068 0.551541746
    1.44176149 0.590404212 0.601299942 1.12307143 1.02309561 1.14743996
    0.999882936 1.1620096 0.567598581 1.20829678 0.546909988 0.58807236
    0.646981955 1.33277059 1.02789235 0.978038371 1.13776135 1.3729893
    1.50606167 0.927820623 1.50406492 1.3437444 0.614108324 1.24233329
    1.49880636 1.31737852 0.684445322 1.40236413 1.44294536 1.08519971
    1.00264478 0.879473269 1.39909148 0.731377065 0.899532974
    0.688588262 1.33921564 1.00860727 0.986388564 0.871137977 1.25079226
    0.816968143 1.37227201 1.03649354 1.54518104 1.48306441 0.778173327
    1.54617441 1.25200987 1.19101524 0.675637126 0.663011968 0.647551537
    1.48835802 1.36043131 0.811497152 0.83432585 0.658849597 0.779305637
    0.938689351 0.923484981 1.45996201 1.16835845 1.42913938 0.610929191
    0.802343488 1.21926451 0.835185647 1.23777795 1.12720859 1.00911295
    0.922898173 1.31916356 0.784572303 1.27061057 1.54275894 0.789814413
    1.03797293 1.29583275 1.54838252 0.864978969 1.49528193 0.65435189
    1.25621879 0.655456662 0.424978107 1.10623443 0.862917006
    0.469437063 1.03909063 1.18746197 1.33095312 1.26081216 1.12435794
    1.51282954 1.03090191 1.26018238 0.956538558 0.673101425 0.967050195
    0.678151608 0.669623554 0.541060269 0.644808173 0.707042158
    1.32290721 1.52201927 0.660641134 1.1345222 1.26541471 1.48116004
    0.774503529 1.46727991 1.2081306 0.677771389 0.604194403 1.50842643
    0.864775717 0.792285204 0.867027283 0.784769893 0.671736658
    0.815178335 1.07739294 1.46754169 0.877157629 0.71647656 1.01572669
    1.24608493 0.856682122 1.25995636 0.969750643 0.584939957 1.38482857
    0.55742991 0.859527469 0.628878176 1.47212172 0.769339383 1.27895725
    1.05806744 1.17827463 1.1138953 0.632607996 0.841712356 0.696579456
    1.35635567 0.950058281 0.648198843 1.52192235 1.38182914 1.31630599
    1.20409131 0.826085567 1.02547514 0.564636886 1.31358886 0.61853224
    1.13910139 1.50057101 1.18656993 1.30884194 0.628124893 0.591226518
    0.967012048 1.54400909 0.717376232 1.1888448 0.800421536 1.46537364
    1.2017045 0.677736223 1.013744 1.26386857 1.24527776 1.15305054
    0.806036353 1.34755409 0.750618577 1.04505706 1.54354274 0.733094573
    0.959323227 0.913864136 1.23961222 1.43920434 1.02442217 0.925518155
    1.50936449 1.42149615 1.45896065 0.63389945 1.5520041 1.45363164
    0.718500435 0.845158279 0.558649242 0.677466989 1.36636662
    0.87901926 0.909020185 1.14124274 1.46790886 1.1166718 1.43177116
    1.23703766 1.18589032 1.37705231 1.02223945 1.19278491 1.52546155
    0.921870053 1.42490411 1.30622983 1.02009487 0.542052686 0.842937529
    0.78991425 1.35058796 1.13779044 1.37329364 0.887594938 0.624168217
    0.94554472 0.767899334 0.929431796 0.749131024 0.821441233
    1.50157869 0.683575213 0.613666773 1.48529434 1.43104529 0.708961666
    1.11403787 1.02683008 0.983524561 1.16829336 1.31099272 1.12150538
    1.38969266 1.24551272 1.40628016 0.780141115 1.29320371 1.27636814
    1.06535459 0.827228248 0.905413985 1.33957314 0.570160508 1.49890864
    0.944114983 0.777082741 0.853175998 1.15093839 0.947540879
    1.15648878 0.602018416 1.33154356 1.20632529 1.24566913 1.16282344
    0.534479201 1.09781659 1.43433154 1.34227324 1.33887959 1.10238326
    1.09460688 1.57130349 1.36508989 0.597310066 1.06245923 0.828762412
    1.21158946 0.601334333 0.905829489 1.31793547 0.796959817
    0.702795386 1.56918705 1.49232233 1.07581437 0.622173369 1.43012524
    1.13187873 1.233284 1.40763044 0.820578754 1.10035133 1.45723403
    0.533061266 0.630046725 0.577095568 1.03765893 1.22540927
    0.767349005 0.976207674 1.14607334 1.15663028 0.706664622 1.53764462
    1.20496881 1.13836682 0.677218795 0.682073772 0.724025071
    0.558938384 0.856676221 1.30995643 1.26015043 1.22546327 1.09563577
    0.928855538 1.02420759 0.842517793 1.45854807 0.958637059 1.27685249
    1.09814143 1.45461786 1.16026652 0.990342081 0.589113772 0.969360828
    1.2305479 1.49354696 1.00398707 0.783172727 1.21318269 1.14268327
    1.51119363 0.902830839 1.33908916 1.2397511 0.894900262 1.34271908
    0.641385317 1.01168084 0.627159357 1.01827931 0.688201487
    0.475050271 0.558618546 0.562638044 1.20010602 1.31288433
    0.779008985 0.83055228 1.03632307 0.592646599 0.737549543
    0.614333808 0.685728133 0.671138465 1.40468395 0.53861475 0.63235867
    1.03631186 0.849342406 1.49886656 1.03176045 1.17071223 0.645487547
    0.956921279 1.53019977 0.725831687 1.08910823 1.40487516 1.21896338
    0.562278628 1.31997085 1.05103719 0.947235823 0.827626705 1.2338804
    0.701469243 0.913579762 1.07718694 1.41542315 1.13581777 0.81291604
    0.912210345 0.600399733 0.941146553 0.702055275 0.707934082
    1.33949566 0.594787419 1.27373016 1.51062131 1.24914002 0.659609199
    1.45824516 0.749271512 0.822166741 1.12963092 1.13308108 0.760516942
    0.857937038 0.570807755 1.55842066 1.5862633 1.20000243 0.764284551
    1.22070348 0.709587216 1.55245936 1.40453804 0.56589061 1.49211478
    1.46911597 0.686268985 1.4441154 1.06418085 0.75939846 1.2097038
    1.05679762 1.0303334 1.21217132 1.21535683 0.558611989 0.798813641
    1.48888195 0.700534642 1.1300174 0.557133794 0.694015563 0.502944708
    0.531526923 1.12207723 0.990350604 1.42340553 1.38388836 1.40472865
    1.51650286 1.11253548 1.14706421 1.29782677 0.832434833 0.859276056
    0.715804815 0.890222371 0.982853234 0.74558562 1.51131129 1.31256902
    0.967616022 1.53519034 1.27990794 0.65631187 1.39314437 1.26301563
    1.49235845 1.29639518 1.4310385 1.45186794 1.08536971 0.594125211
    1.08075941 0.929196477 1.12686324 1.07215738 0.643235147 0.789383173
    1.05025327 1.20040917 1.07599521 0.577998102 1.15776229 0.542565525
    0.848470747 1.50617266 0.888309002 1.42228913 0.863390148 1.37808263
    0.750669837 1.40664387 1.43849671 1.28443789 1.1970098 0.851245999
    1.50751853 1.42948139 1.18632913 0.572189689 0.790796459 1.27738869
    1.16183507 1.45707142 0.946746588 1.24147558 0.598605514 1.54513395
    0.780812442 0.974926233 1.16345751 1.14761746 1.30967712 0.63134414
    0.812004447 1.4958595 1.32849145 0.796982646 0.725683987 0.954285502
    1.41318285 0.784668148 0.85826683 1.41003859 0.692167342 0.921853662
    1.31331587 1.35031307 1.17087448 1.50986135 0.663075268 0.547996759
    0.561410844 0.84969604 0.643918812 1.33855176 0.914901853 1.03279495
    1.32920039 1.3432008 1.19895256 1.15450799 0.738476038 1.45290077
    1.46658111 1.27842939 1.22907043 1.58991373 1.33012223 1.35693896
    0.836111605 0.918561637 1.11422217 0.607028484 0.586054265
    0.706041098 1.38979018 0.968783319 0.951932251 0.51738745
    0.934840262 0.536005616 0.549682558 0.869162679 0.607723534
    1.5115273 1.10478139 0.779160321 1.16189444 1.09041524 0.87100172
    1.4953016 0.830041528 1.33849013 0.810377717 1.26107049 0.810672164
    1.38162196 0.715035796 0.890262485 0.777652323 0.93651998
    0.963566601 0.925009251 0.979044616 1.10549963 0.708038449
    1.52278793 0.635486901 0.922644138 1.21832919 1.43721426 1.03264201
    1.395666 1.27593362 1.53411162 1.27161074 1.27817833 1.17961872
    0.836775899 0.988825381 1.054286 0.587521732 1.45647407 1.13685358
    0.516104579 1.15099847 1.27144504 0.441105545 0.466868073 1.05967307
    0.693385601 0.795080304 0.95386225 1.07548368 1.1494472 1.35222268
    1.03786325 0.680823565 0.994839072 1.5298357 0.722167671 1.20527029
    1.17507124 0.852558494 1.3556689 0.948377728 0.564719379 0.621388495
    0.571878672 1.51670587 1.22019541 0.738664627 1.29675055 1.05460536
    1.28874123 0.801544011 0.636306345 0.756757557 1.2983886 0.868849635
    1.18837845 1.02904224 0.725105643 0.527925432 1.17447674 1.33837044
    1.13445437 0.797469079 0.607036948 1.09844303 1.48488498 0.802086949
    0.71587193 1.33899331 0.840095937 1.38879728 1.44739926 1.35213578
    0.972295642 0.596323192 0.731954098 0.830650926 1.27236927
    0.637665272 1.09084868 1.06301081 1.11571348 1.44560719 1.3882184
    0.911741555 0.734828651 1.49430323 1.10754001 1.1006968 0.885548294
    1.36290526 1.33658397 0.929156423 0.871246994 0.675323009
    0.986502528 1.06711781 1.36705911 1.17018127 1.39618564 1.24284983
    1.42430651 1.30573392 1.00837851 0.96974957 0.677527547 0.760524988
    0.574209094 0.47458756 0.529966414 1.28695858 0.71173805 1.04965997
    1.01812553 0.651578784 1.10385811 0.99657613 0.964665115 1.47599864
    0.742648542 1.54258537 1.48758638 0.945797861 1.01013684 0.912761688
    0.762374938 1.11816216 0.654463828 1.43556511 0.643177867 1.56331468
    0.873621523 1.42014837 1.25823009 0.812765658 1.31984758 1.11859095
    1.28151679 0.685717285 0.571088195 0.683402717 1.42007804 1.41042113
    1.02156579 1.41695166 0.600364208 1.21171606 0.81272912 0.612218738
    1.34229255 1.16782808 1.20107365 0.953288853 1.35149992 1.20942926
    1.43424785 0.659690917 0.85921824 1.13037443 1.41727638 0.795109749
    1.42734897 0.687622249 1.42373788 1.0647788 1.37152076 1.51318395
    1.04411852 0.599686205 1.26286697 1.36496329 1.11018741 0.693588853
    1.41281354 0.676495552 1.21875691 1.09056163 0.698929906 1.56929791
    0.934652328 0.695322454 0.971241951 1.10217285 1.48351443 1.09764516
    1.27059186 1.03914583 1.42304158 0.633747578 0.910502315 0.793657064
    0.928584158 1.21635723 0.781443357 0.537797749 0.596694469
    1.46305215 0.864943564 0.599565387 1.39750195 0.822077036
    0.922543585 0.889168382 0.630171061 1.39684641 0.595764637
    0.862018824 1.34784389 1.10438097 0.70787251 0.830551028 0.779085875
    1.12728262 0.883529186 0.766720951 1.41195023 1.44563329 1.4910754
    1.54956949 1.36415625 0.803194404 1.54668212 0.928100944 1.0353657
    0.801344752 0.841305912 1.0384798 1.11784244 0.540462494 0.506923854
    0.607294798 1.24779201 0.797708035 1.04356039 1.48720634 0.954859018
    1.1403935 1.28426957 1.25286555 1.20953262 1.53799593 0.740805209
    1.46918988 1.42232704 0.61793524 0.578396559 1.08817518 0.754373491
    0.803643584 1.33669484 0.664684892 0.578687668 1.29178023 1.13210356
    0.750101686 0.636128068 0.841346443 0.927554786 0.72668153
    1.28903496 1.34770811 1.10692918 1.44749236 1.53100967 0.729184866
    1.24662423 1.00931382 0.570139945 0.721817732 1.53575552 1.42059267
    1.4486804 0.914742589 1.39771223 0.996760547 0.661778331 1.30505955
    0.412896931 0.697404921 0.800628483 0.544034421 0.562819958
    1.18266964 0.698486388 0.669143796 1.04249358 1.52089798 1.22496319
    0.926814973 0.810794234 1.33889294 1.5461731 1.33674979 1.34826636
    1.32357478 0.91272372 0.934679687 0.582009017 0.55900234 0.612629652
    1.14288664 1.29075789 1.42993176 1.41928744 1.03046525 0.641589999
    1.43337631 0.962406397 1.31198359 0.720907211 1.26694322 1.26445651
    0.717796504 0.61642307 0.886591017 1.4359895 0.691137731 1.31528199
    1.14260137 1.24276555 1.00690496 1.31755531 1.26401341 1.54649997
    1.42216623 0.632874846 1.23874128 0.564400911 0.612377286 1.36107469
    1.39243901 0.967063665 0.5838691 1.15399063 0.550268948 0.990045905
    1.2341665 1.52916014 0.632031441 0.900065362 1.33251417 1.42674208
    0.915840447 1.16774464 1.5392307 1.23452306 1.43729305 0.91160506
    1.04035473 0.819189847 1.36048198 1.01934206 0.842676163 1.54647517
    1.16039217 1.44194138 1.48702264 1.13414812 0.757334471 0.582082331
    0.602516115 0.820970356 1.34023809 0.720013201 0.465806335
    0.993588567 0.502789915 1.0823828 0.665945649 1.17857337 0.941688359
    0.601215601 0.911673069 1.48482895 1.43773186 1.16154039 1.05504584
    0.984314024 0.811246932 1.32437289 1.53879249 1.19244468 1.05281591
    0.985540271 0.902662814 1.28877282 0.639917493 1.3055824 1.40387654
    0.718205214 0.840115607 0.844099402 1.15298653 1.50900388
    0.956388175 1.23615491 0.549412251 0.54387635 1.10692954 1.15161288
    0.828060687 1.06168032 0.892895222 1.07193279 1.40786088 1.53908396
    1.4529109 1.21841502 0.731267333 0.955870748 1.4877491 0.543295026
    0.526416123 0.996338904 0.906079054 1.22334349 1.22540998
    0.952162504 1.07234597 1.42504478 0.890531421 0.860227346
    0.611024022 0.795506954 1.52015352 0.896420598 1.05661952 1.02852845
    1.1373893 0.862602532 1.1508826 1.2482208 1.00439346 1.54148626
    0.572675526 1.35514116 0.98218298 1.43998194 1.13825274 0.91861999
    1.47122812 1.36420774 1.42622805 0.898564994 1.08117807 0.954851091
    1.24246585 1.00058162 1.36213994 0.807607412 1.01520693 0.930273116
    1.37944794 1.22366953 1.06040621 0.834886909 1.25815177 0.653873503
    1.29037654 0.820423424 1.45503688 0.526122749 0.591874599 1.48823738
    1.47657049 1.07102573 1.55948055 1.24450803 0.820101678 0.702484548
    0.833430946 0.997023284 0.845029593 1.59070277 0.971250594
    1.46889555 1.53338265 0.839964211 0.872334301 1.45307696 1.37723112
    0.570795119 0.608785629 1.32764423 1.07802427 0.967936695
    0.776307642 0.940260291 0.851433396 0.778414071 0.676884055
    0.691559136 1.30412173 0.669328213 0.82628268 0.624805152
    0.745339215 1.22726369 0.907868564 1.20612979 1.44210243 1.14499903
    1.38884699 0.858775258 1.44119298 1.39809477 1.32359207 1.42541921
    0.93996948 1.10596442 1.36033821 1.4839853 0.909167826 1.42635334
    0.584910691 0.673680663 0.845579147 1.42741013 1.25515008
    0.669296265 1.30623031 0.680313528 0.996130168 0.642188251
    0.82959801 1.17968237 1.33054757 0.996115625 0.965958178 1.22581887
    1.08993614 1.01345623 1.36938357 0.868771911 0.57282269 0.359354943
    1.24874163 0.629364729 0.574749291 1.08064353 0.596758962 1.10004783
    1.12218094 1.41247141 1.52125478 0.803645611 1.50679243 1.17088211
    1.31970334 1.07266569 1.33783996 0.545107961 1.27214062 0.875539422
    0.699809074 0.59726876 1.03713048 1.48739624 1.25609887 1.30682111
    1.48726606 0.64457649 1.46822858 1.4171828 1.42509663 1.10693479
    1.41357267 0.578933299 1.23759615 0.557444572 1.08911002 0.773971498
    1.17871022 0.847386956 1.45834923 1.14636743 1.17318654 0.917646646
    0.987456918 0.895463943 0.995471776 1.02871549 0.736855745
    0.690814555 0.704122365 1.0033083 1.13116395 0.61676228 1.36789989
    1.2981081 1.52623212 1.03274655 1.3334142 1.22017157 1.16434228
    0.995855689 1.528391 1.12592924 1.41032612 1.27235854 0.775171161
    0.909032762 1.21650672 1.27525473 0.751825213 1.51654017 0.730635226
    0.648731232 1.53751266 1.52625942 0.875773728 0.871177316 1.06010735
    0.668987751 0.867481589 0.968114197 1.07229817 0.964244425
    1.33465219 0.804438591 0.915243864 0.815907061 1.37201726 1.13833368
    1.22394562 1.13510025 1.20534325 1.49741018 0.783037543 1.17068994
    0.678993464 0.950532198 0.79741925 1.20377553 0.684812427 1.46176898
    0.97194308 0.710214972 0.618914127 1.30088723 1.31803429 1.52490926
    0.952234149 1.50392675 0.801006198 1.00634611 0.667631388
    0.539617598 1.43081927 0.542160392 1.07277405 1.04798806 1.04179311
    0.57602787 1.13283229 1.04157484 1.50530434 1.1585145 1.47372556
    0.623314142 1.09833384 0.625550628 0.811332166 1.32334316 1.13431633
    0.559970558 1.30413222 0.958779871 0.911999464 0.930540204
    0.872292697 1.02940989 0.947974086 0.656700969 0.772664845
    1.17696714 0.59755528 0.556248665 1.02841699 0.593471766 1.24319553
    1.22017145 1.09969795 1.09788311 1.50237608 1.54022193 0.619299889
    0.820722997 0.749740779 0.773680747 0.646250725 1.45731723
    1.16011095 0.746512532 0.76442802 0.708269119 1.50375664 0.888727963
    0.91970849 0.721194685 1.16312551 0.898823261 0.932342529 1.07936358
    0.934743166 0.812707186 0.992918134 1.27683306 0.887645364 1.3748616
    0.952756882 0.844895422 0.713077605 0.591260135 0.907577395
    0.503684342 1.41053021 1.14519942 0.627226353 1.49702513 0.802707255
    0.9341259 1.24241483 0.825602114 0.698615253 0.665748 1.46333206
    1.18973982 1.33007216 0.793027103 1.03834212 0.712569177 1.18610859
    1.25375819 1.1934638 1.46128225 0.582886994 1.46234953 1.37937987
    0.549974799 0.701209366 1.50856948 0.575068891 0.731185019
    1.12334561 1.18850625 1.26373422 0.937037945 1.23119318 0.99523437
    0.919107735 0.643645644 1.56193399 1.05661809 1.013924 0.589887738
    0.583283246 0.881363869 0.824445009 1.52117872 0.981016815
    0.64415586 0.953508079 0.823416233 1.443923 1.28503418 1.53886402
    0.661839783 0.809095144 1.31543279 1.27364647 0.588844538 1.38749135
    1.07714629 1.0756892 0.627779305 1.48498881 0.880606115 0.762394249
    1.26880705 1.00380456 0.625250816 0.551652014 1.23505795 1.21038985
    1.23726654 0.669201732 0.763030171 0.998755097 0.719634712
    0.674306989 1.01935327 1.05382431 0.488471955 0.540700555 1.41817737
    1.38627422 0.685212493 1.34814262 0.799484968 1.16522491 0.669282675
    1.45993769 0.951447368 1.08941042 1.2005856 0.686353207 1.142465
    0.670243859 0.767338336 0.987897456 0.903814733 0.94645381
    1.40020311 0.629972696 1.45883036 1.47385633 1.03525841 0.624537289
    0.910804152 0.860209346 0.710953116 1.43082404 0.577495396
    1.36705399 1.19049299 1.06761575 0.959211469 0.987756848 0.798030853
    1.53229153 1.37486541 1.49428511 1.26861715 0.682404637 1.02693045
    1.56729281 1.09579349 0.86417979 0.997626126 1.31341279 1.47547054
    1.36217546 1.14623308 0.654237568 1.38637114 0.668668211 0.607014418
    1.02095842 1.42993093 0.970949113 1.33791089 0.787412822 1.19521618
    1.59229195 0.919090152 1.03820419 1.32271564 1.44734573 0.659239888
    1.1965152 0.588430047 0.586649299 1.41661251 1.41196394 1.30271006
    1.49861038 1.289186 0.748717189 1.32472026 0.634869337 0.658753633
    1.0135498 0.512596488 0.798095345 0.877099276 0.5619151 0.744764388
    0.593215764 1.39513421 0.935192823 0.818331242 0.907919288
    0.792831302 1.41126418 1.46454918 1.47545075 0.625113904 0.787296832
    1.04888129 1.54894626 1.37314665 1.38246346 1.2435708 1.3079052
    0.636213601 1.52773476 0.992743373 1.23142743 1.54687798 0.812752485
    1.37100875 0.534663975 1.45294178 0.857298672 1.17078578 1.21753919
    0.754047453 1.46977055 0.551071703 0.87366116 1.01496804 1.20211232
    1.17802286 1.00664437 1.40839612 1.09865081 1.55759287 1.02615488
    0.933672726 0.617552638 0.817278683 1.35935044 1.19909072
    0.531570315 0.567367196 1.04954004 1.4016118 0.981474638 0.798622489
    1.41806877 1.14933467 0.541076124 1.09430718 1.21104646 1.3246727
    0.645162165 1.41848993 0.832341015 1.31131494 1.48785686 1.0443089
    0.952332675 0.786161065 1.25880635 1.19036269 1.31004763 0.877628863
    0.544141293 0.66098702 1.03392565 1.11786366 0.983883262 1.51720393
    0.587339044 0.810876548 1.54862952 1.19785774 0.699799895
    0.857218385 1.53549695 1.53881645 0.976999223 1.44681811 0.705015779
    0.598492861 1.3867842 0.930362999 0.756619692 0.709633291 1.04287601
    0.968624592 0.65474993 1.11301112 0.935732007 1.09456646 1.50953412
    1.48899341 1.28623259 1.16030204 0.77178973 1.20932651 0.991524816
    1.26845431 0.918864131 0.791153193 0.767353714 1.39781904
    0.831656933 0.735965192 1.01542246 1.28688133 0.738971651 0.98105818
    1.38616896 1.42217326 1.22278202 0.768005133 1.01622963 1.37708068
    1.47087395 1.0083847 1.46026933 1.45179391 1.05259144 0.996622086
    0.750579596 1.43601763 0.584978998 1.40455008 1.33391738 0.814268589
    1.48951471 0.963333189 1.38976192 1.02290857 0.730169892 1.11873281
    1.26034105 1.19973183 1.4489454 1.44968891 0.687258482 1.20058179
    1.3920629 0.771174669 1.16195178 1.5400002 1.29872966 1.33333802
    0.714543104 0.585082889 0.533411264 0.737142622 1.05329704
    0.994785726 1.30762398 0.76320076 1.0516715 1.15086126 1.24781632
    1.3006134 0.5951823 0.606017292 0.775249124 1.15850627 1.16700232
    0.472122073 0.58036077 1.10237241 0.822694182 1.18514013 1.20999157
    0.568557024 1.04145753 0.67792362 1.46201456 0.918722391 1.43703401
    0.884528995 0.864719093 1.31230032 1.21321583 1.20510364 0.723348975
    1.403777 0.824058115 0.767951429 1.40665114 0.806182861 1.06080139
    0.661239862 0.952068627 1.29267693 1.35473776 1.24781489 1.55176449
    1.13155544 0.705872834 1.43354475 0.743781269 0.746850312 1.31033409
    1.15495682 0.851293266 0.722070336 1.2869556 1.57712817 1.59576035
    1.24840319 0.694987953 1.23826277 0.774645984 1.57232535 1.29613161
    0.837033629 1.15526462 1.34155464 1.55448937 1.26953161 0.600577652
    1.06777561 0.601048052 0.728879929 0.681132615 0.7578668 1.05389369
    1.3138299 1.47663331 0.911437333 1.03095829 1.47659087 1.24997497
    0.619007409 0.78439045 1.27507043 0.610000491 1.23764396 1.23112643
    1.30284226 0.778758407 0.813883841 1.30219567 1.42494714 1.36410975
    0.869707465 1.22129762 1.28879607 0.880054474 0.658666372
    0.807056546 1.17196715 0.851043582 0.577578425 1.1379658 0.828950644
    0.894589186 1.47245729 0.654650211 0.585723102 1.06110358
    0.965411663 1.47453845 0.843669593 0.752091527 1.02590275
    0.783022165 1.05324578 0.847906649 1.1545167 1.18276501 1.14362502
    1.06344223 0.673526049 1.37903118 1.02239299 0.886850893 1.26163721
    0.603291869 1.00042236 0.792341232 1.38847661 0.517862201
    0.761073887 0.850977302 1.39235699 0.823208332 1.47336125 1.32363904
    1.34129238 1.32739067 1.47183084 1.53867507 1.39031386 1.17273057
    1.45392406 1.31399798 1.03308284 0.562353611 1.37764275 0.733126462
    0.66803956 0.948857963 0.662522852 1.50302565 0.892136693 1.17535758
    1.50118816 0.711139917 0.809263766 1.34633338 1.07743263 0.578487873
    1.08523822 1.45821095 1.55355513 0.744428813 1.09411871 1.47922122
    1.40317631 1.21561193 0.63259238 0.716930747 0.694306731 1.33863175
    0.92291981 1.45761573 0.628075361 1.06119049 0.963321745 0.686303616
    1.50803435 1.52650058 1.54799366 1.44778574 0.673620403 1.37624466
    0.964307308 0.85908258 1.05242372 0.98364836 0.597809494 0.554472387
    0.530937612 1.4554888 0.765572071 1.20235121 0.863708019 0.945797563
    1.19644189 0.748819292 1.15109384 1.51891363 1.04436266 1.21708512
    0.812383115 0.974179268 0.709442437 1.38249922 1.07813311 1.09824169
    1.15841222 1.3424803 1.41073549 1.13368297 1.2290957 1.32747269
    1.57944453 0.896814585 1.5696677 1.25459933 0.898488343 1.4698745
    1.4715178 0.826279879 0.84067142 0.682689667 1.26101661 0.773545444
    1.06944811 0.86970675 0.677062511 1.20799315 0.916779876 1.40509033
    1.36509061 1.4883585 0.888112605 1.51495385 0.860836506 0.932911634
    1.12100983 0.888766527 1.51195931 1.47726572 1.23813117 1.29663765
    1.27820599 1.58236384 1.23433983 0.83424139 1.18631864 0.715389073
    1.40633178 1.27663183 1.25736582 0.696762681 0.689176679 1.51650059
    1.25808036 0.695829809 1.06233275 1.00698781 0.882095337 1.2146225
    0.689144194 1.20939004 1.33491623 0.817117453 1.47402322 0.720428169
    0.861941338 0.568603098 0.31960395 0.708007038 1.36213493 0.93504566
    0.632014275 0.887306392 1.30789256 1.08941293 1.07820117 1.49293077
    0.701926589 1.17243886 0.943869948 1.11392593 1.17603648 1.51417565
    0.821469307 0.818814516 0.902792215 0.659589648 0.811579585
    0.705031455 0.560935915 1.44450736 1.22467327 1.22211266 1.37646186
    1.34719908 0.990479469 0.861269414 1.37841272 1.28129756 1.50830817
    0.756448984 0.543534398 0.854262471 0.578355491 0.647452176
    1.47509933 1.48286128 0.985756159 1.19612443 1.51659036 1.04382622
    1.01558197 0.714948773 1.22310233 1.48761404 0.977252483 0.689875841
    0.623112679 0.860237896 1.48249066 0.687958777 0.829075396
    0.766691446 0.983716071 0.646762967 1.41052222 1.37790954
    0.812408328 1.16923249 0.770915568 1.12610674 0.608742297 1.45307505
    1.23367667 0.62664628 0.624046326 0.761841595 1.27228904 0.99361515
    0.809473574 0.886083901 1.53246307 0.910063505 1.08667171
    0.687023342 0.784917176 1.42061853 1.50348735 0.741057456
    0.813348413 0.502355337 0.671881974 0.693971932 1.43427932
    0.746663809 0.866868794 1.3366003 1.05053794 0.603334188 1.16737485
    0.691571295 1.53568625 1.11423147 1.17623568 1.35193336 1.49093473
    0.678886116 0.968096375 1.29204774 1.10975409 0.955907762 1.43693209
    0.753332078 1.33854139 1.11160946 0.779011548 1.24066579 0.601522982
    0.589279234 1.1247828 0.479514956 0.553810537 0.906140745
    0.568223655 0.721303463 0.586649716 1.13773453 0.78188467 1.01863229
    0.545277894 0.556228697 1.34860969 0.796095788 0.933363974
    1.04932773 0.562339246 0.87603581 0.905082047 1.00479686 1.39979601
    0.995642006 1.13550448 1.30846441 0.54087472 0.830514193 0.751840711
    1.20793498 1.50546181 0.767939925 1.10813057 0.862927675 1.14193833
    1.28062189 0.760312796 0.8820858 0.789582908 1.54640257 1.02713335
    0.735434532 0.970202565 1.45756316 1.13161755 1.41075194 1.20062315
    1.38078427 1.17469597 0.846404195 1.41107488 0.90673846 0.834923148
    0.592401743 1.27975953 1.09679532 1.24164474 0.801116407 1.26380193
    1.28178656 1.16103375 0.695210278 1.32051301 1.17518938 1.20888996
    0.660178006 1.26296973 0.688505054 0.987908065 1.11603343 1.16893363
    0.72039026 0.544665515 1.00952053 0.761820853 0.574599862 0.87864548
    1.23549891 0.635490477 0.577046156 0.824164152 0.581616402
    0.643845439 1.10922563 1.50233555 1.06547546 1.26145732 1.17025042
    1.47366726 1.0657444 1.59010029 0.908409119 0.858320057 0.779943109
    1.13269484 1.2628324 0.822493434 0.726097643 0.694565833 1.49145091
    0.531159282 0.771934748 1.19665563 1.35787988 1.0864315 0.667436182
    1.21028364 1.20993042 0.976756752 1.55152977 1.02473128 0.827489376
    1.1693095 0.649943352 1.50465226 1.43636453 1.54856956 1.11831808
    1.0957129 1.53459263 1.40032578 1.27848947 0.822555959 1.3032409
    1.05640721 1.37850988 0.630687714 1.09988213 0.684544444 0.896918058
    0.877356946 1.32970166 1.01304054 1.26491308 0.684531748 0.640766203
    1.12418258 1.43786812 0.821655154 1.37076306 0.838917732 1.33968449
    1.12802172 0.844185412 1.1207664 1.19329131 0.867784262 0.519327521
    1.16569638 1.10804188 0.569417179 1.02563632 1.55165386 1.4469558
    1.02490425 0.801259637 1.11319292 1.03263569 0.6793046 1.23342943
    1.14826775 0.720196426 1.42501223 0.829317033 0.755962253
    0.616996765 0.812268853 1.20970678 1.01758552 1.4718076 1.53606725
    0.974447608 0.647544205 0.706028938 1.41923928 1.24684358
    0.926811516 0.704759121 1.36090374 1.15760136 1.36448848 0.761542559
    0.727235258 1.28801882 1.58376575 0.786543131 1.49316835 1.59864271
    0.871698022 1.47501886 0.99973613 1.05600107 1.13311255 1.42893946
    0.704279125 1.51203978 1.29502332 0.702174544 1.48190713 1.38955891
    1.1861465 0.82634294 1.53041124 0.911843717 1.34432387 0.759360671
    1.07892168 1.11831689 0.781718791 1.2004801 0.994159997 1.51191497
    1.01911485 0.567397952 0.667484522 1.04055488 0.589787364
    0.564181507 0.887186766 0.600279748 1.01211107 0.772145808
    1.30792546 1.40375936 0.964236796 0.986826479 0.973928452
    0.817551792 0.945504606 1.48738122 1.37999392 0.878804743 0.78055203
    1.32699358 1.08705366 1.07773173 1.56674004 1.39034128 1.40481257
    1.54792464 1.55705047 0.9110744 0.756818295 1.08763444 0.772386312
    0.989173114 0.813905299 0.707419038 1.18790746 0.894981205
    0.597850144 0.882355154 0.992897034 1.11090267 0.603344142
    0.912740231 0.601251006 0.637612879 1.44033623 1.09392035
    0.968497515 0.516397417 0.65911305 0.638131201 0.560735881
    1.48514092 0.939142644 1.2836591 0.803903103 1.42070806 0.944731891
    0.796573877 1.23319924 1.10239959 0.9471789 1.10152733 0.925986767
    1.40930605 1.19407356 0.571660399 1.38813436 0.813213825 0.61601162
    1.07585537 1.43911159 1.45261669 0.933145404 1.34114313 0.852893651
    0.726649702 0.58285743 0.609553933 1.06739545 0.836230397 1.4574784
    0.844189167 1.23928034 0.969318092 1.46596384 0.946133912 1.45153034
    1.46588004 0.6523332 0.758899271 0.638794959 0.564797103 1.20710015
    1.22873688 1.42423081 1.26716089 1.24795449 1.53610361 1.05818486
    0.822157681 0.824422657 0.659040093 0.568867862 1.15160728
    1.37856328 1.29380333 1.4679153 1.48919046 0.941774905 0.5051983
    1.32014644 0.536282361 0.666234434 0.497260094 0.578787327 1.2557596
    1.00473917 0.623935044 1.25051951 0.909941673 1.47217679 0.885916531
    1.21632826 0.791451156 1.13436973 0.794993281 1.16863918 1.45002365
    0.851314604 1.12445176 1.19709885 1.23901248 1.54372895 1.47800374
    1.40082526 0.635994554 1.16571748 1.11052072 0.676817894 0.95277983
    0.654417932 1.07682025 0.929951429 0.852318525 0.791492581
    0.704002917 0.630670488 1.42198789 1.51249492 0.742286384 1.2458117
    0.998230875 1.59415901 1.03684616 0.952755272 1.44414592 1.27198744
    1.21849597 1.13654804 1.41094017 1.19890451 0.812430203 1.1755389
    0.993515074 0.609908044 1.39959419 1.19705641 1.33020675 1.36675775
    0.923744082 0.998745143 0.906264484 0.968205929 1.12504971
    1.28240144 0.74477452 1.05031419 0.543702602 0.950151861 0.987436354
    0.94841063 0.903366804 0.849342525 1.21215236 1.34247029 0.579841852
    1.40503311 1.34333813 1.2969507 0.571478248 1.36004114 0.988828838
    1.49619305 0.901583314 1.37401772 0.761308908 0.935426056
    0.923427343 1.47439671 0.732759833 1.47131944 1.03738558 0.906108022
    1.39141035 0.971696258 1.29053938 0.560140252 1.44840622 0.703058481
    0.880387545 1.24831653 1.5599134 0.689946115 0.63203764 1.42713284
    1.56694102 1.55261075 1.13096392 1.56218553 1.05108428 1.43871069
    1.03232825 1.52911162 0.765195072 0.79713124 1.55001891 1.40436375
    0.962607563 1.30640256 0.620625079 0.621315718 1.19638622 1.33531106
    0.740293264 1.55603695 1.01014614 1.17598414 1.34434307 1.07578444
    1.54480684 1.22849667 1.34037316 0.939308643 1.09411991 0.778375864
    1.29037583 0.721492171 1.3495214 0.812876523 0.703167081 1.16947973
    0.889687657 1.55993629 1.24899256 1.23850846 1.53557873 1.15524018
    1.07538033 1.13059402 0.877922773 0.938517332 1.20691061 0.758665442
    1.14092648 1.46177137 1.44121242 1.11274946 0.866169333 1.30043638
    1.4756794 0.933386028 0.992812276 1.02128649 1.0089215 1.38110197
    1.32325613 1.26239181 1.32107782 1.40417397 0.799510717 1.1548928
    0.598564208 1.45229363 1.36661339 0.84866637 1.40506279 1.14037097
    0.610012889 1.28719521 1.0370729 1.19778979 1.42828774 1.52827525
    0.998947561 0.926246762 1.41291225 0.661175668 1.48495519
    0.856405199 0.493329048 0.905362248 0.604564548 0.948708117
    0.872928262 0.912124157 1.00764692 1.239205 0.655905604 0.980016053
    0.523239434 0.607469499 0.769305348 0.565773249 1.43387544
    1.23256803 0.945390284 1.34556544 0.741965711 1.02361465 0.959272206
    0.606328368 1.31793618 1.20399225 1.11936951 1.04386508 1.00362301
    1.09345222 1.4477843 0.938786268 1.43447077 1.44863117 0.587139487
    0.916375637 1.25067091 0.770924091 0.571594477 1.40480649 1.08186948
    1.12903357 1.49224102 0.645473599 0.832251847 0.753800452 1.41719198
    0.712766945 1.18354905 0.655777872 1.43639815 1.35288787 0.927780747
    0.806255937 0.941157818 0.57248354 0.580890954 0.857892334
    0.661015213 1.2517488 1.15073717 1.17197871 1.11198294 1.02135813
    1.01292944 0.960594356 0.700444818 0.972533286 1.17211175
    0.579125762 0.634599507 0.593310654 1.31404757 0.651373625
    0.994493961 0.979442954 1.35611451 1.17382801 1.09864116 1.17681217
    1.45486665 1.51702082 1.07145143 0.584221005 1.26211309 0.812395215
    0.857874632 1.57975876 0.997578263 0.943972945 1.15888309 1.47202623
    1.06224561 0.770341277 1.21482921 1.30723596 0.988639832 0.95311439
    1.01454687 1.13662338 1.40213919 0.567776859 0.696413338 1.128883
    1.51916361 0.830000818 0.878232777 1.31986237 0.802343965 1.28614414
    1.29453421 0.645755589 0.908116043 1.58339131 1.30088353 1.51975977
    1.04871488 1.18804026 0.805816948 1.13421345 1.59905767 1.1817826
    1.36954618 1.29372168 1.07429278 0.696830511 1.14839792 1.51152706
    0.722531915 0.971830308 0.992630601 1.2892592 1.18679821 0.55783546
    1.39529645 0.710057914 0.706751108 0.778122425 1.38228965 1.20170593
    1.18030334 0.590102196 0.821158588 1.03927028 0.745681405
    0.661499619 0.841551065 0.59951961 0.956663609 0.917875469
    1.13769031 0.955237627 0.625128508 0.709411323 0.875054061 1.0952127
    1.22435617 0.99851048 1.42332792 1.3984822 0.708057165 1.19371974
    1.09204769 0.606314957 0.667013943 0.536379695 0.711171627
    1.11611056 0.976374865 0.591727316 1.39305258 1.53894961 0.64783603
    1.21324253 1.14348733 0.795254409 0.639917195 1.10225582 1.10532916
    1.11517715 0.935475469 1.05180192 1.03556979 0.618159592 1.30283952
    1.385059 1.50534415 1.00411785 1.49108028 1.06256175 1.57654321
    1.43192148 0.674830258 0.927835286 1.54816675 1.55415869 1.53945506
    0.579750121 0.70229423 1.15205967 1.13891208 1.14449561 1.36324978
    1.04087603 0.817838609 0.832082272 0.941392303 1.34956312 1.45149302
    0.775798678 0.656616688 0.742190003 1.05838072 0.776930571
    1.03610206 0.705048323 0.940521657 0.999846995 1.3155266 1.1310364
    0.721115947 1.04427385 1.26734865 0.936632991 1.29680812 0.793926477
    1.54271209 1.49291527 1.10263109 0.699098349 0.750589252 1.11823761
    1.33330929 0.809189081 1.55897033 1.03553665 0.755678833 1.10431218
    1.31684554 0.981323302 1.32998931 1.47081006 1.25032949 1.14273322
    0.959029138 1.00646138 1.18479562 0.867097139 1.50404692 1.12583721
    0.994758427 1.10663211 0.806623399 1.47392321 1.31979895 0.972291052
    1.45759785 0.654645503 1.36755967 0.683788776 1.09671032 1.30108929
    0.921676993 1.41378975 0.600471735 0.849184155 1.18865991
    0.883003891 0.980535269 0.927782178 0.643226743 1.05688 0.856644213
    1.15438569 1.26494825 0.686939418 1.12006187 0.874208808 0.693996668
    1.14647567 0.859022021 0.581276059 0.916573405 1.43392944 1.01247883
    1.54522216 1.30615687 0.919055045 1.32454705 1.2056849 1.25134909
    0.667801857 0.67940712 1.28834546 1.53874147 0.55677706 0.984979272
    1.38211656 1.11714339 1.0106113 1.52377129 1.40204084 0.903924227
    0.77697438 0.845355451 0.709553719 0.545223415 0.72898221 1.08391488
    0.710808098 0.740805268 0.541201472 1.21512771 1.21038949 1.46781397
    0.612533987 1.01183641 0.88256377 1.36118639 1.50005078 1.08429587
    1.16444099 0.558604777 0.734116256 0.990579724 0.751791537
    0.819470644 1.49802196 1.14859188 0.823946536 1.44417775 1.0708456
    1.42566383 0.88975668 0.999888182 1.16224384 0.794360757 0.850059688
    0.9317047 1.48253107 1.29559386 1.1128695 0.640465736 1.47001755
    1.48823833 1.38218224 1.25754571 1.58967662 1.03017604 0.66057539
    1.25529325 1.25221419 0.603342772 1.16992593 1.00393522 1.34740496
    1.26423085 0.544166028 1.02314782 1.4211638 0.893701434 1.47106242
    1.33516014 0.855508149 1.18627071 0.685712159 1.25004017 1.52702475
    0.931563914 1.32472372 1.3660605 0.694770396 1.18165183 0.959388375
    1.36537826 1.05479658 1.46599281 0.651857853 0.837611973 0.695663989
    1.30698633 1.50381923 0.978492379 1.24145162 1.19361115 0.825349629
    1.02822077 0.823539913 1.41374838 0.639028072 1.34885144 0.863629222
    1.28168881 1.07177639 1.00521898 0.743777752 1.09806156 1.51127481
    1.0173614 1.26125312 1.28224778 0.625226259 1.04668558 1.2539165
    1.28527117 1.39060056 1.10197163 0.731990397 0.845576465 1.37325084
    1.42565203 0.696855187 1.126917 0.992131948 0.771204591 1.52500653
    1.50854957 0.764964402 0.657492816 0.7234115 1.43206704 1.30038965
    1.25544608 1.23814571 0.823689759 1.02465987 1.18235552 0.801328421
    0.997305989 1.52717555 1.57085001 1.28967607 0.792420685 0.879882157
    1.44672656 1.13449275 0.997675538 0.657405019 1.22324741 1.15436101
    1.19938254 0.98764658 1.47770548 1.37302995 1.36237681 1.07043922
    1.52346253 1.11796534 1.56218255 1.30894983 0.69129467 0.882486343
    1.39132154 0.978602707 0.575323045 1.46340048 1.13503551 0.566999972
    1.19302595 1.04141831 0.738469601 0.884314418 0.604565024 1.54473007
    1.03306818 1.1236546 0.907101333 1.39020824 1.19588518 1.22550106
    1.27443814 1.54007089 1.30197036 1.08745587 0.60807693 1.46868718
    0.978381395 0.84005636 0.930270016 1.31176853 1.28084219 0.944313705
    0.746925354 0.658027172 0.56302011 1.30449259 1.07879448 1.19993389
    1.35989618 1.06466138 1.50421643 1.58337379 0.750429988 0.733959734
    0.764603436 1.57661676 1.14794314 0.830468237 0.798284829
    0.740151882 0.623332858 0.885856211 0.965347707 1.31375945
    1.06067324 1.16392517 0.723180413 0.639537573 1.20641303 0.613611877
    0.630067825 0.781563044 1.26649106 0.717505991 0.762192249
    1.36377323 1.34426856 0.777139127 1.0801146 1.32797992 0.571270287
    1.28142774 1.30987918 1.12367225 0.863534451 1.43910336 1.52420533
    0.833826542 0.928416967 1.40532851 0.788115978 0.589569032 1.3152144
    1.05966985 0.817431986 1.47970152 0.774619877 1.13693488 0.857973814
    1.00871718 1.0108428 1.22166181 0.777535319 0.896797776 0.775983095
    1.3275696 1.18175423 0.733133256 1.41775167 0.754050434 0.707128823
    1.26504374 1.14213026 1.45124483 1.22218966 0.926037431 1.42329264
    1.22924745 0.765339851 1.07911217 0.674297035 1.12386227 1.38455081
    1.1464839 0.908547103 1.28641379 0.619878232 1.42690921 0.907554567
    1.09058166 1.15018141 1.47365737 1.13865173 0.743150353 1.49656653
    1.25213647 1.46619964 1.0583998 0.912160635 0.995094538 1.05875492
    0.91027081 0.880228519 1.07923591 0.723868191 1.20406258 0.797836959
    1.30130279 1.32849228 1.52740133 1.35308063 0.63040179 1.33586121
    1.34319639 0.741565049 1.49895597 0.765572309 0.886149347
    0.904319942 0.902605534 1.36962295 0.576317489 1.16844678 1.38951385
    0.673071623 1.14177823 1.35440695 1.3291049 0.78101784 1.10332298
    0.579648137 1.18772292 0.979495764 1.06003892 1.28156149 1.07385993
    0.763996899 0.648153663 1.41427863 1.47454715 1.2389605 1.32583904
    0.808379412 0.797594488 1.41766858 1.32566321 0.762702823 1.35163653
    1.46881819 1.28700733 1.47105873 1.33925462 0.754554152 1.01242983
    0.564895451 0.595449388 1.46511829 1.00494695 1.48800838 0.891562879
    0.779084206 1.20562899 1.30526543 1.25881052 0.712126851 0.924618423
    0.958094954 1.10389829 1.52045321 1.42949259 0.572542548 1.35404932
    0.635878026 0.609333992 0.823234439 0.68467176 0.581714988
    1.21493423 0.948530436 0.697697997 1.35687256 1.17683995 0.727737427
    1.19035506 1.51520729 1.55437493 1.07952261 1.17303479 0.898842931
    1.14453423 1.26260352 1.39546907 0.957518816 1.38718784 0.951164424
    0.623949409 1.28248286 1.05204713 1.35400045 0.782242596 1.046736
    1.09947538 1.07474613 0.763360858 0.747344851 0.765326023
    0.755680799 0.730246902 1.23120153 0.993200958 0.626936555
    0.884650886 0.918306828 1.4863292 0.864940226 1.55146289 1.31119955
    0.618116736 1.47243524 1.16614568 0.928624332 0.643612921 1.13112307
    1.32060206 1.27778351 1.2115916 0.7574175 0.691218555 1.27584612
    0.877996027 0.62623924 0.607544482 0.75039649 1.09495211 0.902401865
    1.17195284 1.17362916 1.0252192 1.19645822 1.0710963 1.48669624
    1.47776866 0.96999377 0.965287089 1.03143072 1.3603797 1.49898899
    0.812698781 1.04232383 1.32260883 1.11228216 0.693309546 1.13362229
    1.03878188 1.05339146 1.02615011 0.63858217 1.25749636 1.44107616
    0.714430213 1.06685972 0.690682769 1.41960168 0.974254906
    0.865682244 1.38182259 1.45824838 0.944753647 1.46938205 0.96520251
    1.14619446 0.779036582 1.05178988 1.07269764 1.44583321 1.51072717
    1.27947783 0.664494812 1.13660717 1.30480397 1.20847106 1.54733348
    1.51065278 1.30223072 1.32890284 1.14321125 0.99805361 0.881759226
    0.597815156 0.623513103 0.666222155 0.589945853 1.5485816
    0.723429918 0.928418756 0.83248359 0.851444066 0.945673823
    1.05233049 0.883568347 0.938460648 0.980252564 1.18291318
    0.854150474 1.22075343 1.25289905 0.842920601 1.05598569 1.26373732
    0.716785908 1.1835171 1.00772429 0.524006367 0.76003027 0.803440571
    1.24470961 0.557058632 0.861428857 0.569938421 1.05433714 1.20764697
    1.05139327 1.38046098 1.42315435 0.673181951 1.10527039 0.599756598
    0.990811765 1.37851667 0.836031735 1.00842953 0.635603786 1.14829946
    1.23169029 0.594295323 1.17301846 0.829011023 0.939789474
    0.964949608 0.978878081 0.503670692 0.819659472 1.176337 0.647139788
    0.581970394 0.734283686 1.23933315 1.25894809 0.578104973 1.06710386
    0.700813711 1.5649457 1.31660664 1.32706964 0.848645151 0.54475826
    0.757900774 1.25377476 1.46598649 1.2433635 1.4504894 0.593444288
    1.25134265 1.36557674 0.800322711 0.830781758 1.05108738 0.993973315
    0.632912338 0.522772014 0.65736419 1.15802896 1.33938766 1.04793
    1.21070588 1.36373627 0.596528113 1.11716926 1.38531029 1.177369
    1.07538199 0.79188174 1.36111557 0.6500085 0.84318763 1.5161432
    1.26275206 0.941902578 1.25288975 0.741915107 1.13325429 1.1892767
    1.09851098 1.52735066 0.769405067 0.663500607 1.22125793 1.24282444
    0.972454667 1.31797242 1.23850715 1.30859458 1.49258161 1.30204928
    0.765943408 1.3740977 1.27577031 1.37923908 1.49772966 0.931447148
    0.677616596 1.27396584 0.556417286 1.25777709 1.15394783 0.908846855
    1.53437901 1.50600648 1.23459017 1.30510819 0.562259495 0.93679595
    1.10831535 1.19691372 1.49672914 1.55128503 0.903641939 1.37780535
    0.824423909 1.51617825 0.910114825 1.07558656 0.537081361 1.40980613
    1.31134403 1.2015388 1.16026449 1.4347111 1.06092834 1.30169868
    0.571111739 1.40151143 0.952435732 1.36179161 0.67903012 1.10479617
    1.3563534 0.624650061 0.806661189 1.2085799 0.927787304 1.01305509
    0.798833489 1.56610703 0.921920896 1.4934485 1.45397234 1.29334116
    1.4009161 1.14007688 1.01831317 0.803679407 1.46153104 1.00786412
    1.53520775 0.859011412 1.06244934 0.86835885 1.39265072 1.01486719
    1.30073714 1.47168469 1.32246578 0.656280279 1.09751308 0.671502531
    1.35457015 0.628376842 0.836932302 1.05673921 1.25535583 0.708575785
    0.671800554 0.936509132 0.683240712 0.744069815 0.725961328
    1.14906943 0.837257683 1.07907844 1.26231718 0.589028716 0.820869446
    0.683502436 1.23395014 1.13471842 1.23492181 0.889731407 1.38248944
    1.24976265 0.680720389 1.09521699 0.709674001 0.923127949 1.25557351
    1.18081403 1.4653821 0.78540659 0.850734174 0.952544928 0.589196622
    1.12037158 1.1647017 0.907922268 1.23094583 0.856214404 0.997555435
    0.562768102 1.39407682 0.736194134 0.750796378 1.21301675
    0.992733717 1.20492458 1.21117783 0.662346363 0.988656878 1.13090563
    1.21735728 1.2145468 0.586392701 1.13422358 0.592704535 0.987673879
    0.999746501 1.54999542 0.985567153 1.00082803 1.55872416 1.14424014
    1.2179724 1.41276443 1.53694022 1.52789974 1.50250864 1.34304357
    0.865476906 0.570748627 1.31286991 1.5126704 1.57552862 1.46838522
    0.915718675 1.08117747 1.41738749 1.20770323 0.832329571 0.802447557
    0.877092719 1.56130016 1.4879204 0.83783555 0.629137933 1.35945845
    0.930493176 0.98064214 1.18700349 1.11088502 0.648451388 0.724693656
    1.24935818 0.801557302 0.945952415 1.23849297 0.700981617 1.47221422
    0.603639364 0.730643988 1.2274164 0.766875744 1.44476449 1.0466783
    1.28420341 0.984519601 0.64816469 0.834670424 0.947075307
    0.550802827 0.931862235 0.719286501 1.29913139 0.908519208
    0.77400589 0.530616105 1.12830079 0.97659719 1.27155375 0.760474384
    0.683478415 1.12043309 1.13990724 1.4792459 0.821307838 0.991198957
    0.992429495 0.613813162 1.02648318 1.24483275 1.20263815 0.898961306
    1.00624502 1.16623068 0.783791482 1.09133017 1.34343815 1.32852519
    0.972294033 0.939948201 1.16423309 1.02313435 0.691630065
    0.557697058 0.981874406 1.21945786 0.684114873 1.45865059 0.77660203
    0.890935719 0.713846385 0.539724588 1.0195173 0.559413075
    0.586436987 1.21200264 0.5562464 0.61471653 0.715579927 1.5284313
    1.20721304 0.711188793 1.43811834 1.34232867 0.852519631 0.575411081
    1.06601822 0.670745075 1.30870891 1.21358263 1.49295628 1.1704222
    1.38829553 0.812454998 0.849434555 1.56949139 1.32109499 0.60397011
    0.740940332 0.894962013 0.972186923 1.14852679 0.909882963
    0.590390921 0.88338089 1.33324146 0.837085962 1.20334709 1.30489981
    0.915759981 1.49932313 0.652390659 0.92529726 0.726398408 1.1979512
    1.03767824 0.597969413 1.37879229 0.898546636 1.10287559 0.59053582
    1.02323103 1.15729833 0.571866393 0.78531152 0.782473266 1.36801803
    0.562003314 0.513949215 0.993068039 1.2764225 1.06737089 1.17546892
    0.336381555 0.771240592 0.468574852 1.09926772 0.569619179
    1.34395814 1.48742151 0.771763444 1.06549084 0.828089237 0.837308109
    0.644920528 0.935450375 0.83798188 1.53418541 1.55644584 1.00005841
    1.31295431 0.728145242 1.34306431 1.49557352 0.860953689 1.05053675
    1.04456389 1.20006192 1.02553463 1.26244414 1.35600805 1.04011703
    1.48882675 1.23348927 0.633023918 1.34685481 0.790523052 0.673759341
    0.860859454 0.801526964 1.37493277 0.990907788 0.830404997
    0.832177341 1.14400482 1.3771131 0.948306262 1.03377604 1.17662716
    1.09265184 1.21777475 1.30448115 0.973991573 0.932471037 1.07153225
    1.31692076 1.17993402 1.11001492 0.987147212 1.45294726 0.670293808
    0.952468872 1.23812211 0.950684726 1.51905441 1.07568479 1.31943512
    1.1173588 1.08882535 1.3247503 0.903859556 0.581158161 0.773697138
    1.30160153 0.572661996 1.05082285 1.4012841 0.670050621 1.50083745
    0.959289432 0.597748756 0.86680752 1.33585107 0.829068899 1.03575945
    0.579552889 1.25777507 0.954526722 1.04441214 0.551118374 1.24749362
    1.28746235 1.57270074 1.21660554 1.35655618 0.757778227 1.08528256
    1.5130595 0.864531755 0.970737457 0.995723665 0.601459444 1.28421283
    0.750008225 1.26830769 1.39329791 1.49536717 1.03911734 0.833603978
    1.55401146 0.655926704 1.47644448 1.26768661 1.21976519 1.3386029
    1.0483489 1.56737554 1.03322387 1.59492207 0.644124866 1.23974919
    1.19145477 1.59145641 1.19885898 1.2290132 1.35093117 1.32300925
    0.981475472 0.913219571 1.11354399 1.24585962 1.54123545 0.804577529
    1.24800134 0.911815584 0.736889243 0.543644965 1.5192163 0.846126497
    1.0761342 1.06926978 1.46416819 1.06609392 0.829568386 0.882793725
    0.757220626 1.38786077 1.4785012 1.53237581 0.803245008 0.797382295
    1.42592788 1.4041599 0.928549767 0.899912357 1.24289072 1.43872273
    0.78003788 0.533990979 1.03737485 1.50366056 1.20338166 1.1738857
    1.01004851 0.566242635 1.14482987 0.616975605 0.697535932
    0.609103501 0.741150022 0.861748636 0.745747685 0.784694731
    0.820445418 0.770119369 1.22859573 1.25016117 1.52709925 1.12369847
    1.37708449 1.15375376 0.550701737 0.635857224 0.890092731
    0.638420999 0.988169372 1.47990716 1.25972676 0.589660108 1.15923774
    0.88990587 0.83628571 0.687976241 0.965939403 0.736397982 1.01351905
    1.06334472 0.749049366 1.13975978 0.843771458 1.31085181 1.18410659
    1.25412083 0.808018684 1.37229359 0.731203973 0.820974648 1.0651859
    1.40664041 0.722293854 0.688464165 1.53564799 1.42981553 0.665628612
    0.907143116 0.608082831 1.20175886 1.41384006 0.904622257 1.50897849
    1.3723352 1.0084275 1.35864973 1.07858586 0.808716238 1.52710688
    0.724165976 0.838495851 1.17127073 0.888540149 1.56973088 1.15713263
    1.34147847 0.715130866 1.00257373 0.935150445 1.01259804 1.53493714
    0.865172923 0.93210274 0.707309544 0.986393392 0.911751091
    0.706874788 0.54303807 0.849713981 1.44120634 1.21375239 1.10606515
    1.53279269 0.919330001 1.32638013 1.38777816 0.546975434 1.35349596
    0.49923113 1.4112705 1.15951812 0.684367359 1.06821048 1.24123394
    1.21626568 1.23704398 1.14639604 0.836862206 0.939330995 0.939088762
    1.14296222 0.811576128 1.12869775 0.74086231 1.09686244 0.613919914
    0.588059306 0.74073267 1.11273134 1.03200018 1.51417112 1.11538398
    1.33436632 0.963735342 1.56716371 0.732393682 1.42713189 1.31623077
    0.631349325 1.40566552 1.47219098 0.795479178 0.685758352 0.83392638
    0.798187971 1.22882044 0.741628408 1.06435847 1.05753267 0.559224606
    0.576104283 1.08511519 1.12064075 0.630619645 0.752023697 1.23752499
    1.18737304 0.613071799 0.85147208 1.3510052 1.05028105 1.23416758
    1.19096088 1.00061142 0.929645598 0.925493956 0.729047656 1.16891778
    0.921495557 0.741444111 0.744094312 1.28863299 0.552241206
    0.997423708 0.872336805 0.989013612 1.28750408 1.52466536 1.29902518
    1.26482773 0.895302176 0.954635501 1.21929288 1.35682142 1.43474293
    1.50475371 1.14759552 1.17574883 1.02385437 0.982560694 1.13141263
    1.39717674 1.48165584 1.21897864 1.07796562 0.732578814 1.35133779
    1.07462931 1.27355397 0.760184646 0.807388365 0.577338278 1.55637014
    0.662184894 0.916892648 1.12309289 1.4610815 1.46876347 0.942374229
    1.4006418 0.878362834 1.12924361 0.62578243 0.969370842 0.667085409
    1.05276358 1.42211604 1.50266159 0.766155779 1.04846334 0.979497969
    1.52649319 1.22830641 1.15003681 1.39042437 1.02306807 1.29317296
    1.24862444 1.37560344 0.849025428 1.28480673 0.920814991 0.910969973
    1.52899921 1.03752768 1.34436166 1.53676498 1.0289638 1.40594983
    0.592131615 0.688781857 0.986766398 0.952981114 1.2933501 1.41333687
    1.44284165 1.25022697 0.830091417 0.968268275 1.15803671 0.572262406
    1.2882688 1.27285278 1.29453397 0.664920568 1.08963501 1.21210217
    0.818847179 1.05140555 1.08402371 0.804899454 0.743255615 1.0854845
    1.34387684 1.05940747 1.41049457 0.767923951 0.899785936 0.90934968
    0.790622532 1.48529232 0.966675162 0.504970491 0.521378517
    0.790572822 0.968208313 1.39765358 0.892010629 1.1218251 1.27185059
    0.853726268 0.773038864 1.34147954 1.36941767 0.604746342
    0.942132115 0.978478551 1.08632958 0.830140054 1.33340991 1.41909826
    1.03131735 1.11963606 0.849920034 0.886520386 1.19798779 1.03305352
    0.698011637 1.05653012 1.27276909 0.994671583 0.810856521
    0.955706716 0.876069248 0.84434849 0.611580193 1.08186662 1.48081398
    1.31089628 1.34814262 0.914921045 1.40166295 0.718724728 0.616648436
    1.40806973 0.577842951 1.43732703 0.984995663 1.14775872 0.684164226
    0.720906496 1.31470251 1.40753484 1.41486895 0.869215906 0.756075084
    1.53056431 1.24334168 1.3867197 1.38102067 1.08248281 1.01073766
    0.84677881 0.62082696 0.605138123 0.983275115 1.27393949 0.681362808
    1.16998696 0.94915849 1.49838996 1.28968966 0.5761379 0.685208082
    0.934599757 0.830596924 0.54823631 0.863690555 1.16423941
    0.910528004 1.32337868 1.31372678 0.997423172 0.642873704
    0.858583093 1.42218268 1.02037179 0.812328279 0.790455997 1.13644505
    1.30840898 0.556585729 1.30421197 0.668768883 0.773328245
    0.587103426 0.63048321 0.799794495 1.27126181 0.863882244
    0.863422334 0.673513532 0.924826026 0.751966774 0.657088995
    1.33276427 0.957091272 0.787620723 0.952094316 1.37771726
    0.843074501 0.57918334 1.16244042 1.12608659 1.36775327 1.43173313
    1.35228527 0.845652819 1.57253313 1.04260194 0.688832164 1.18787599
    1.45295429 1.21690822 1.20486629 1.01240456 1.0699513 1.17490923
    1.19408596 0.948265791 1.18557024 1.36081839 0.682650745 0.954694331
    1.25057209 0.678768635 0.770388246 1.32539654 0.807120204 1.31186748
    0.992154717 1.09934604 0.933284283 0.835398436 1.34660459 1.45773602
    0.636817634 1.29960728 1.41627121 0.753158987 1.401214 0.652343631
    1.38939476 0.758903086 1.38939297 0.652517915 0.789313257 1.19114447
    0.601814389 1.1343838 0.695567548 0.676795065 0.625009775
    0.602961361 0.848715663 0.825582623 1.30406034 0.911242664
    1.05785131 1.38284242 0.579462349 0.728763044 1.02959228 1.42621958
    0.839200318 1.11167181 1.53292656 1.50085878 1.19569492 0.567945063
    0.827569604 0.614847839 0.724089026 1.23106086 0.574331284
    1.53142428 1.28184855 1.24381256 1.11228597 1.48945546 1.22087955
    1.45492721 1.04728556 0.691143095 0.554421604 0.810143173 1.32932031
    0.862972796 0.690308154 1.2443856 1.01970327 1.27344704 0.763455451
    0.862467766 1.52091825 0.599090517 1.56952691 0.757495999
    0.730199277 1.03717411 0.9193995 0.910294473 1.61359382 1.20803463
    1.0358566 1.59206104 0.662245572 1.36812365 1.54196525 0.971469164
    0.696002364 1.6022079 0.943288803 1.18986261 1.10824132 0.655107141
    0.742291331 1.20484352 1.25900316 0.700970888 1.23474824 1.44452798
    0.570688486 1.35332024 1.25578582 1.09822321 0.604384482 0.841478169
    0.960117102 1.28701413 1.42183208 1.10864949 0.908308804 0.761175275
    1.06561303 0.645450413 1.02460229 0.528872311 0.679008365 1.00566041
    0.580016434 1.0902524 0.712431729 1.12254488 1.52413607 0.813057303
    0.554189086 1.13122773 0.990813494 0.618290186 1.37880123 1.29648364
    1.33510923 1.00401711 1.19647694 1.45792317 0.862795174 1.42956948
    1.22633302 1.16818166 1.26925659 0.696125269 0.594520569 0.800495505
    0.626615167 1.24474299 0.844230115 0.5758636 1.11795378 1.05396831
    0.675204754 1.46262777 0.978962779 0.536920071 0.893823087
    1.08389878 1.14976251 0.815552533 1.1642319 0.56044358 1.47496557
    1.05000174 0.804148138 0.665148139 0.582679451 0.982153654
    0.901144564 0.669953287 0.842902064 0.98699826 1.19608212 1.13724279
    1.33609867 0.751325488 0.658963859 1.11489499 1.37334728 1.22219694
    1.32991254 0.708999336 1.46043265 1.51682913 1.01404667 1.17016864
    0.770110846 1.25900233 1.06018937 1.23105001 0.786813557 1.36319196
    1.02346456 1.2258327 1.35479867 1.0593518 1.50344408 0.889879465
    1.13848603 0.667563975 1.280123 0.879650295 1.38068426 1.15074027
    1.20903885 0.737718463 1.17512965 0.807979643 0.68732655 0.947499096
    1.28923607 1.39292455 0.68912077 0.850596011 1.40168786 0.925630271
    0.99393636 1.20941269 1.17907357 1.4294914 0.843421817 0.554598153
    1.05013323 0.884415865 0.893642426 1.05134046 1.04412246 0.915883899
    0.838814974 0.751022279 1.21094871 0.9698295 1.08063185 0.649764061
    0.988252819 1.03303814 0.930674016 0.694311917 1.3808912 1.40865552
    1.26083934 1.28522563 1.56748176 1.0938679 1.43261588 1.15411341
    1.00869977 0.852212846 0.812224686 1.44453275 1.18366158 0.918707788
    1.2692771 1.47204912 0.797280073 1.55358231 0.586786151 1.55288196
    1.51739645 0.71361661 1.51342094 0.639628053 0.66323477 1.41497242
    0.694928825 1.27684569 0.891351998 1.33413661 1.12650681 1.13985527
    0.764970839 0.839188099 1.39274335 1.17543113 1.12672865 0.68424654
    0.621114671 0.664791524 1.35704708 0.528291345 1.04269111 1.44112134
    0.727523744 0.800731599 0.851658404 1.02421391 0.768205583
    0.530507982 1.3411783 0.611146271 0.92730701 1.24678195 0.914149106
    0.596350729 0.835105896 1.0185051 0.923428774 0.601348221
    0.595943093 1.26531887 1.36113358 0.972648621 1.14847267 1.03595412
    1.09317231 1.0829016 0.67016989 1.02434409 0.501621902 0.750069141
    0.47901848 0.739913464 0.730580568 0.54288584 1.30945301 1.45397604
    0.993406415 0.914326489 1.04485166 0.86539191 0.992695391
    0.954489231 1.21342921 0.819105685 1.01679587 1.24212158 1.3780812
    1.24757183 1.11421525 1.20264721 0.643567085 1.48786879 0.862888575
    0.99612993 0.838544667 1.42998374 1.16714549 1.3664552 1.29158795
    1.3867209 1.13037074 1.30740213 1.37668121 0.925296664 1.51071298
    1.54126871 0.81529808 1.41365647 1.57345629 1.30000865 0.838399112
    1.58174407 1.09636712 1.36253083 1.24695396 0.691015899 0.590793908
    0.580794096 1.13199878 1.07421315 1.03484678 1.01696229 0.87120527
    1.1016556 0.988327384 1.43149078 0.805655479 1.52617049 0.93083185
    1.37695491 0.849127829 1.19720614 0.783398032 1.0013057 1.12038016
    0.563727736 0.664168596 1.25294209 1.21691358 0.932160854 1.19354868
    1.46121848 1.29003322 0.827819586 1.08825886 0.745401204 0.71935302
    1.31641483 0.859772742 1.45574701 0.767208219 1.47284973 0.698781967
    0.916659117 1.24149561 1.32575262 1.250458 1.40318453 0.807000101
    0.66328454 1.31694424 1.262326 1.1547817 1.18027687 0.585339367
    1.42509437 0.661278069 0.961825371 1.11803269 0.563191891 0.96960324
    1.49940002 1.0838666 0.658655047 0.82954669 0.70396626 1.27464628
    0.679284573 0.573899448 1.2533052 0.833793879 1.49030137 0.83537811
    0.743937433 0.837982118 1.08660865 1.41792834 1.4772774 1.26636124
    1.32465112 0.750947535 0.948744535 0.899141312 1.03244805 1.45241892
    0.992179573 0.545844793 1.23715973 0.812422037 0.91803354 1.3704561
    0.879244089 0.96380657 1.32078791 1.21576393 1.36598396 1.53062403
    1.26646769 1.1497941 0.747294068 1.14059401 0.740352213 1.14342201
    1.34888029 1.34297502 1.39227247 1.30185318 1.13786066 0.809556842
    1.08818901 1.17004466 0.921798408 1.23740077 1.13916683 1.02985132
    0.823755622 0.901067138 0.697946072 1.29890144 1.05266023 1.2323823
    0.938152432 1.19743276 1.21316922 1.56020784 1.11336148 0.67256546
    1.47838092 0.62827611 1.27875698 0.422794014 0.587165713 1.0487982
    1.18384421 1.33125043 1.28599381 1.23855996 0.918998361 1.03454483
    1.14500117 1.08741653 1.04569006 0.655533314 1.35169256 0.779002666
    0.867558241 1.55279434 0.727286935 1.00524306 1.08730376 1.04176795
    0.791669965 1.25627184 1.45730507 0.579976201 0.763423443
    0.658580184 0.620353997 1.53198302 1.30787313 1.49810982 1.01750219
    1.50075257 1.39552879 1.25333369 0.823757768 0.58513099 0.871444404
    0.593107462 1.10781229 1.13163555 0.991876721 1.3080771 0.777389824
    1.17940831 0.591730118 1.04370618 0.75178653 1.02817559 0.812720597
    1.53542566 0.886290193 1.28069067 1.30200708 0.663113117 0.810542583
    0.511710048 0.682281792 0.727869451 0.869289398 1.22729588
    1.38941455 0.969720483 0.637753844 1.1123426 1.41896117 0.774147689
    0.875318408 1.39184093 1.0101335 0.82677263 1.1746428 0.598691702
    0.839980543 1.1226635 0.954814553 1.55861259 1.24781895 0.893649876
    1.55823433 1.38932264 0.840104818 1.01310182 1.49512267 0.870290279
    0.907849669 0.817923009 0.985651433 1.30966949 0.886667907
    1.51613474 0.797792196 0.645363808 1.16551721 0.906005621 1.16052568
    1.5044558 1.03933525 0.955233693 0.525939822 0.905653656 0.524654686
    1.28388429 0.651539445 0.569715977 1.52673733 0.970994115 1.4160322
    0.613613784 1.44151604 0.745086193 0.927834213 1.19797587 1.05613303
    1.00573969 0.609889269 0.770905375 1.20695174 0.795993447 1.59893644
    0.77185303 1.42191124 1.04615939 1.5413909 0.942449629 1.1330049
    0.815306842 0.682435036 0.983469248 1.55697119 0.970172763
    0.863635063 0.550699353 0.815138876 1.3730973 1.13946724 1.28991532
    1.11777556 1.16703272 1.51502323 1.41920328 1.25736952 1.49006402
    0.987761378 1.39417303 1.0115937 1.31597579 0.878058493 0.520701587
    0.669510543 0.791848719 1.19206679 0.820983052 1.44705582
    0.780715585 1.05180871 1.43439043 1.25914979 1.03041267 0.983522475
    1.50908041 0.733510613 0.762714386 1.37317574 1.21200573 1.13292241
    0.712071002 1.42619467 0.929077029 1.20978153 1.36466634 1.01042247
    0.916175187 1.21980214 1.41817939 0.622001231 1.25474346 0.622053742
    1.1939013 1.24400103 1.25905442 0.578792691 0.687679172 0.956748426
    1.13025832 0.716617048 0.666365147 1.20277941 1.10743511 1.26243258
    0.798860133 1.05812705 0.545855761 0.88618803 1.1554029 1.43352997
    0.911174238 0.635409832 1.44848204 0.868150175 1.31960273
    0.812829077 1.46456778 1.56235826 1.36560452 1.11785424 1.08261192
    1.27928686 1.41289091 1.40142274 1.5443306 1.19616497 0.747989655
    0.578091323 1.21180618 0.740983248 1.32779872 0.87891078 0.75999409
    0.963930726 1.58266807 1.42764783 0.84308672 0.802934766 1.47842968
    1.41420257 0.876493394 1.49842298 0.905753493 0.693976164
    0.832843482 0.89818871 1.56466258 1.46794891 1.45024002 1.37583065
    1.0005827 1.46544504 1.12254572 1.18232083 0.997825265 0.698173046
    1.48812759 0.561858892 1.06934536 1.25741553 0.642949641 1.13340843
    1.38014948 1.40771627 1.47724557 0.786032438 0.726764798 1.02751303
    1.07914269 1.17991722 1.10515511 0.398407191 0.820762634 0.813682139
    0.782941699 0.650854528 0.644062757 1.01864552 0.947359502
    1.27697587 1.09748614 0.883789062 1.46879387 1.03912449 1.46204388
    0.804312766 1.05688107 1.48084211 1.42467117 0.63006568 0.615571558
    1.45539141 0.937394559 0.582663417 0.937744677 1.50171459
    0.548733056 0.666978598 1.36077106 1.15364397 1.24616265 0.767961264
    0.964196563 0.983415544 1.23366749 1.37316144 1.23797047 0.729807436
    1.05810952 0.509602666 0.838040352 0.991412401 0.539075613
    1.52433276 0.98360616 1.35051703 0.796135724 1.23947537 0.64977771
    1.27949429 1.30003607 1.12095642 1.41368949 1.11931086 1.09771895
    0.650190413 0.795359731 0.972574115 1.34133983 1.01591873 1.17235887
    0.715473533 1.48236442 1.40471506 1.12648404 0.745463848 1.43795204
    0.891576767 1.35012662 1.31715727 0.89564395 1.01471019 0.901589513
    1.47564399 1.27680922 1.49247086 1.05308533 0.761073172 1.42243516
    0.841241062 0.602682829 0.860299766 1.44600046 0.546582699
    0.916251242 0.53846705 1.04030061 0.644441068 0.500203133 1.09811401
    1.4810971 1.41138697 0.858055055 0.984131932 1.29748619 1.27020574
    1.25286746 0.733956993 0.921952963 0.961601853 0.679071426
    1.07823849 1.35559762 0.537995756 1.29202843 0.679721653 0.946518898
    1.37259901 1.39261734 1.19564974 1.5407176 0.594016612 1.38736951
    1.49685442 1.51886523 1.00862396 1.34927583 1.42987645 1.09345126
    0.953387916 0.933937669 1.14461625 1.47194195 1.48372936 0.852846086
    1.13466477 1.39650989 1.2890209 1.59361994 1.28832924 1.49537408
    1.31464493 0.540544152 1.06187153 1.30181062 1.25735688 1.19277942
    1.53576982 1.49983311 0.576542199 0.879948556 0.608730316 1.09546006
    0.662138045 0.709999323 0.53892225 0.838244557 0.595970392
    0.881483018 1.42816567 1.20785403 1.4018451 1.44925368 0.796085
    0.955194652 0.793759048 1.16796196 1.08060157 1.03931797 1.25010419
    0.622392774 0.649829209 1.29238665 1.06610441 0.996953905
    0.798351169 0.579038918 0.546394587 1.25011957 1.41638994
    0.591444969 0.726873696 1.29083645 1.52627015 1.16865277 0.940809131
    1.53074884 0.939610422 1.48562598 1.03310919 0.641280055 1.15645599
    1.26001847 1.0255785 0.685967267 1.32757115 1.28520775 0.733092248
    1.00657308 0.933848441 1.05235231 0.583139896 0.982773542 1.15453231
    1.53080821 1.40490508 1.32032347 0.661423683 1.43070877 1.1068387
    0.903537333 0.767726421 1.11000967 1.27254343 1.34492242 1.25448418
    1.17941463 1.25089753 1.55161512 1.10742986 0.652247012 1.19366336
    1.13148427 0.525407553 1.1499089 1.16291142 1.12188423 1.26562774
    1.15328741 0.674693882 1.12864065 1.37409258 1.09306121 1.4006654
    1.15418148 0.726980686 0.665186286 1.02515709 1.37782776 0.633907437
    1.34899879 1.40339756 1.19567704 0.791007042 1.37614906 0.610937238
    1.0498122 1.22131646 0.682440639 0.567754447 1.01505136 1.31015933
    0.998714209 1.09140658 1.37881494 0.735802054 0.584474444 1.56762385
    1.29775107 0.830612898 0.847524524 0.817251027 1.31432652 1.50109565
    1.29079211 1.00935972 0.543315291 0.665348768 0.341647059 1.18654251
    1.37357771 0.635949194 0.573161542 0.861005187 0.575976491
    1.34650958 0.640545011 1.02463949 0.809586167 0.827429414
    0.768107057 1.23004127 0.95268923 1.24916208 1.22363925 1.27946854
    0.523812234 0.580471218 1.41165197 1.45416963 0.647019744
    0.584796369 0.836833775 1.51642215 1.22287321 1.5046339 1.23604143
    0.791582644 1.0929563 1.4362663 1.06673551 0.636949718 0.537013769
    0.541189015 1.49522877 0.577521026 0.856246114 0.823347688
    0.727503419 1.01403475 1.52486646 0.747770905 1.37842107 0.928420186
    1.27997887 0.860109508 1.37830389 1.44951093 0.682247639 0.916795731
    0.735790253 0.685612917 0.774148285 1.12150121 0.857586801
    0.606653333 0.857766569 0.823521614 1.38058043 0.952934086
    1.02496099 1.51071703 1.17085242 1.05950832 1.09364545 0.753975272
    0.878956437 0.663167655 1.4850508 1.59830272 0.993465006 1.25722194
    1.18470359 1.11267352 0.585781515 1.39915204 1.49602008 0.954758704
    0.723677874 0.575791717 0.999871612 0.881266296 0.718861043
    1.02708983 1.46575379 1.255633 1.27154875 1.00870669 1.44518638
    0.784784675 1.18483889 1.43610775 1.53765261 1.35870934 0.952030897
    0.639748275 0.973703802 0.62388128 1.22920191 1.33877933 1.47722518
    1.4814415 0.702611804 1.5365479 1.52526414 1.27622819 0.997161806
    1.19930673 1.35124278 1.03903246 1.17486703 1.47183645 0.904960513
    0.899409831 1.41055644 1.19907236 1.07235801 0.972007453 0.882517159
    0.658395767 0.636092842 1.19364512 0.790222108 1.44578195
    0.955789447 0.899520814 1.45177841 1.05765247 1.41869807 1.15376079
    1.4091413 0.634219944 1.28458536 0.811050415 1.32727408 1.2507242
    1.33255172 0.785021484 0.578711271 0.943544626 1.43757665
    0.725020766 0.765729785 0.894395769 1.05283749 1.09989357 1.05150187
    1.51228654 0.812115848 1.00497234 0.802509487 0.881194115
    0.764065027 1.55467343 0.772251427 0.723112643 1.02272701
    0.835944712 1.47558296 0.602968931 1.2594291 1.24621987 1.0380851
    0.620207787 0.727358639 0.776228786 0.725357175 1.20991957
    1.28918052 1.28916097 1.15067601 1.53890789 0.61851275 1.03713691
    1.07021248 0.957380056 0.799817801 1.45677829 1.35800433 0.659397244
    1.07632232 1.24620593 0.705316305 1.53542447 0.936746478 0.663261235
    0.765994847 1.21895993 0.988326788 0.57265377 1.18853569 1.32818401
    1.23578632 0.908797801 0.921493649 1.38055336 0.7504915 1.10150373
    0.975280762 0.627039135 1.33948398 1.1026597 1.10490406 0.604610503
    0.770657957 0.98280561 0.750448942 1.04438412 0.798910022
    0.513363838 0.6374017 0.75601846 1.03110158 0.850632489 1.5778445
    0.848626792 1.41572988 1.59646976 1.49483371 0.613352239 0.684324801
    1.14644885 1.43392289 1.16161406 1.25955486 1.52565372 1.3264606
    1.53874707 1.01631999 1.40022624 1.38138568 1.29344034 0.703148067
    1.12890279 0.821562409 0.905226111 0.794988275 0.911513805
    0.891095877 1.14012277 1.49053323 0.587550819 1.22189546 1.47733676
    1.38114488 1.07177818 1.47657967 0.637213469 0.955622554 0.570398331
    0.728445411 0.988698065 1.23107195 0.9385162 0.500527859 0.460791469
    0.547221661 1.11465871 0.65090847 0.677362561 0.719710588 1.30692768
    0.932809711 1.36844575 1.46311438 0.915911853 0.725416541 1.39833152
    0.569913507 0.753824353 1.28804517 0.504819512 0.737818718
    0.978163004 1.4282428 0.805517912 1.08755004 0.66769588 1.07516134
    1.09695721 0.674503207 1.00515628 1.36040461 1.13844132 1.45721364
    1.43406463 0.649062335 0.562935889 1.26648152 1.36572087 1.0797534
    1.32688427 0.525086999 1.28063428 0.616069317 0.709810793 1.08589995
    1.37929142 0.617351413 1.14312971 0.922901988 0.605549037
    0.893015027 0.753069937 0.530017674 0.699487507 0.632608473
    1.00016141 0.696664691 0.750985444 1.05208421 0.777250946
    0.693100989 0.670581579 1.05499303 1.4072454 1.47106779 1.03377843
    0.620840967 1.03448594 1.0965538 1.06911385 1.55869114 0.961247742
    1.24789131 1.57865846 1.29315019 0.684991419 1.37860084 1.06272519
    1.14292371 1.152542 1.46908641 0.658874929 1.01643145 0.595607877
    1.26049161 0.674232185 0.465887755 0.754614592 0.634459138
    0.542910993 1.0286504 1.3774153 1.39071655 0.907919049 0.599076927
    0.818331957 0.639484942 1.24922717 1.43803728 0.71026516 1.4806782
    1.11794519 0.797908664 1.12896681 0.848424494 0.969890893 1.17729771
    1.23111069 0.947913527 0.911433339 1.36392891 1.31322074 0.661760151
    1.01913917 0.61186564 1.25361705 1.2305783 1.29849541 1.48750722
    0.85756743 1.42266905 1.16033363 0.645160258 0.990018368 0.696567535
    1.39579785 1.57210398 1.52977276 1.35067177 1.49213398 0.839756787
    0.983897686 0.813646376 0.517534971 0.915571272 0.695871234
    1.46847105 0.97000879 1.344607 1.11309087 0.636127114 1.11349106
    0.885674179 1.53052104 1.37280619 0.784037888 0.797914624 1.21862566
    1.30299234 1.40178561 1.26020741 1.03037226 1.14810371 1.23927593
    1.2615993 1.47844565 1.13274753 1.58778846 1.21904111 0.906751573
    0.801744282 1.37800562 0.862861395 0.64086616 1.43451512 0.642384768
    0.63716954 1.42589045 1.38052654 0.576745689 0.988898039 1.34787202
    0.592546105 1.3405633 1.37269235 0.983852386 1.47009182 1.42929244
    1.01813853 1.31066704 1.03962779 1.48842144 1.40845001 1.2041415
    1.56050694 1.49853599 0.657694101 0.602226615 1.55207229 1.45195222
    1.36897397 0.752321184 0.762667894 1.36692679 0.848447859
    0.586594105 0.995934486 1.25463128 1.44610548 1.27784872 0.919190049
    1.1534723 0.576408625 1.1250267 0.741957605 0.938532293 0.807929695
    0.977699757 0.8175686 1.0415808 1.34545541 1.04522443 1.25635207
    0.612066209 0.829002619 0.588173509 0.741337419 1.46112883
    1.47483301 1.58198035 1.26431477 1.48246503 1.47768545 1.16007507
    1.52543676 1.29870951 0.880452693 1.03498089 0.991979718 0.894774973
    1.54600227 0.815199077 0.966859281 1.49711645 1.04911292 0.805086613
    0.735011995 0.757821381 1.02762008 1.39650559 1.46413839 1.2381475
    1.44057465 0.838525832 0.936019659 1.52573526 1.02308702 1.3858583
    1.11986613 1.32464969 0.818830967 1.45408356 0.682749152 0.749497652
    0.969861507 1.09244823 0.505665839 0.948459446 0.691556334
    0.441717684 0.657341063 1.11965132 0.870100319 1.37318647 1.42270958
    1.538728 1.03374362 0.590481877 1.09931755 0.613605976 1.40867126
    0.845115781 0.56374675 0.592673004 0.793722153 0.853597999
    0.911482871 0.825760305 1.4846071 0.6372329 1.31277132 0.777366877
    0.862972856 1.29795599 0.932970524 1.60468924 1.43657732 1.17128789
    1.55633187 0.836676538 1.28810167 1.07134712 0.705318391 0.522893727
    1.25739551 1.16704416 0.896133423 1.08836317 0.658459723 1.05539203
    1.43089378 1.43403423 0.617063403 1.02617061 1.13658714 0.674838543
    1.09196115 1.49717164 0.581405103 1.0130626 0.841094434 0.798832417
    1.41032314 1.43476582 0.624187708 1.28354073 0.566102803 1.41257524
    0.687215686 0.934224904 1.25927925 1.31695366 0.649231553
    0.945103347 1.18881643 1.25354946 1.52183497 1.10047448 1.57741594
    1.39166772 1.57630169 1.4648304 1.3053385 0.81599915 0.82338804
    0.829956114 1.07276165 1.12475514 1.47722876 1.15941548 1.35823715
    0.71652633 0.503954113 0.624585569 0.574610054 1.14492583
    0.632808447 0.716303468 0.788738906 1.34087205 1.14703143 1.30058658
    0.979933739 1.11334658 0.763537228 1.15723455 0.653447866 1.50040257
    0.682152212 0.540139914 0.804432094 0.892695844 1.03918922 1.2995913
    1.04897845 0.950697958 0.905072987 0.73534137 1.58112991 0.682640195
    0.784184754 1.42049801 1.61247098 1.55549753 1.34391379 0.991191149
    0.777859569 1.2254653 1.43672597 1.58748579 0.896838009 1.55545843
    1.30083013 0.922714949 1.28718829 1.26520038 0.636535406 0.511867464
    0.849529624 0.717259943 0.928512812 0.759979248 0.965044975
    0.853551269 0.576972544 1.18190706 1.45348418 0.647498369
    0.858450949 0.604667962 1.45375586 1.23011982 0.553652167
    0.905722141 0.699029148 0.663915992 0.6324085 1.19188237 0.651676118
    1.34379113 1.08016276 1.11375642 1.21936345 0.964364946 1.23909473
    1.27907014 1.4076438 1.50861394 1.11506581 1.11339784 1.4163233
    0.553322494 0.858766317 0.82651031 0.530249536 0.714699149
    0.883273602 0.628936172 0.58445394 0.632728755 0.596069872
    0.608326018 0.608173907 0.812206745 1.51062155 1.18504441
    0.942410648 1.55812073 0.962537706 1.27185762 1.09665692 1.44925237
    0.896325231 1.14093614 1.58437967 1.1429559 1.04777586 0.913416505
    0.599884212 1.28862476 1.34565783 1.5243367 1.11196518 1.36602831
    0.565555632 0.722402155 1.50151753 1.00111079 0.761703312
    0.696614385 0.643776953 1.39461732 1.4821409 1.02361572 1.18876672
    0.922171474 1.5086273 0.545761824 1.3837738 1.05762887 1.32613921
    0.840969145 0.90149951 0.698738456 1.04514742 1.13228261 0.657668471
    1.04740024 1.46065509 1.22576189 1.11075675 0.815582216 0.796907783
    0.737691104 0.722529352 1.1592592 1.23487234 0.72160238 0.678432226
    1.0901314 1.29645276 0.951562047 0.80292356 0.733281136 0.934245169
    0.671336174 0.893732309 1.09568965 0.930123687 1.22596014
    0.596016765 0.719199717 1.30248785 1.52279532 0.567228496
    0.908734918 0.852797747 0.844844997 0.895896137 1.15889275
    0.847800314 1.28529668 0.809672296 1.31732631 1.26266289 1.11805093
    0.7137357 1.42412114 1.00000024 1.4590857 0.856080532 1.47552884
    1.28521562 0.960042477 0.946489513 1.16342974 0.515702903 1.0834657
    0.644070923 0.813163698 0.72261703 1.32270455 0.591794491
    0.685993671 0.892507195 0.87872088 0.860500515 0.675830245
    0.93463397 1.04560065 0.806800008 1.10831451 0.964898944 1.0326817
    1.10574651 1.41947842 1.49392426 1.46165061 1.30544686 1.20102465
    1.31927824 0.546011388 1.36073112 1.41767609 0.915685475 1.17528307
    1.22623718 1.14750051 1.37800431 1.28372324 0.850441337 0.68686384
    0.793405592 0.721688986 1.31623292 0.803827047 0.969777286
    1.37890446 0.656209886 1.29948711 1.40631926 0.701828241 1.05804574
    0.735188484 1.30246055 0.819213986 1.19998467 1.32231534 1.57126546
    1.43566692 1.38497567 0.683087111 1.46612954 0.926361501 0.86376071
    1.41478574 0.857281208 1.39527869 0.951836586 1.36188865 0.682552636
    0.916512012 1.11115718 0.72442311 1.17726028 1.12857389 0.635193169
    1.03953576 0.652387142 0.701862752 1.25658345 0.938449323
    0.695610046 0.801693201 0.868017554 0.995631099 0.723022521
    1.44598341 1.43074393 0.846418977 1.52894855 0.944138885 0.907283008
    0.878287256 0.914393663 1.23450041 1.20276654 0.941761494
    0.769676089 0.944457293 0.944840252 1.1904031 1.39176726 1.39115047
    0.928198218 1.49817324 1.48509371 1.20690823 1.21394634 0.995018363
    1.07380152 1.36204672 0.771274567 1.01742315 1.30594802 1.58157182
    0.967840672 1.18051016 1.35608876 1.46780169 1.1026181 0.568752766
    0.722023547 0.752940357 0.509045124 1.24767935 0.638522267
    0.937536716 1.2003175 0.548474848 1.2307111 1.20139909 0.931731522
    0.704577088 1.13205063 1.52527988 0.95733434 1.44619811 0.573539913
    1.49251735 1.05559528 1.41658151 1.43379831 1.10087371 1.33678854
    1.41236937 1.03552759 1.1527164 1.59229541 1.3889277 1.44661832
    0.758716226 1.21969914 1.26118267 1.56365669 0.686833382 0.731822848
    0.963058233 1.33048618 0.725670874 1.04872918 1.13017011 1.12073791
    1.31310725 0.731828272 1.21329236 0.63053292 1.14145386 1.54165304
    0.831832647 1.11075437 1.06161189 1.06176209 1.60514712 1.04227173
    0.828164876 1.24899566 1.13143969 1.47190297 1.35500252 1.03432488
    1.29760575 0.95386517 1.44339621 0.974099755 0.816547632 0.823109329
    1.22454 1.44234669 0.848816693 1.31810093 1.36249757 1.00466061
    1.24652398 1.12340808 1.09234118 1.03266501 1.09670126 1.22967565
    0.700315475 0.89180541 1.52355409 1.01070476 0.754872441 0.554277599
    1.28382766 0.5653373 1.08576953 0.720681548 0.835450292 0.798960567
    1.49949479 1.43032634 1.14405262 1.30906999 1.24802947 0.619818747
    1.14121211 0.701428115 1.38997233 1.48968589 0.635139346 1.48944795
    0.679605067 1.1327523 1.49436235 1.04467046 1.22559214 1.35538924
    1.17430353 0.708637297 1.31860614 0.91444838 1.34137332 1.17065692
    1.03158545 0.747097552 0.929666996 0.976491332 1.54073286 1.08479691
    1.34759092 0.898804843 1.40764892 0.793120444 1.21868157 0.884718716
    0.695197642 1.33781552 0.613975883 1.30410314 1.25681174 0.467433155
    0.522405386 1.41083837 1.40806532 0.647103012 1.41796458 0.776265502
    0.682528019 0.7961303 0.589474738 0.666832149 1.3324126 0.869223654
    0.993492484 0.9927302 0.671579719 0.688282788 1.22975814 1.12502944
    1.51247668 0.614797115 1.37427461 1.28868937 1.52854538 1.35442591
    1.4986918 1.31909299 1.50879705 1.34787202 0.575711429 0.676972687
    1.20452619 0.940797567 0.947873712 1.40088725 0.562674224
    0.605070293 1.02673745 1.44978321 1.19458258 1.30809581 1.46263957
    0.705575168 0.705795884 0.542582572 1.26907897 0.918171287
    0.922366023 0.845655262 1.29263878 1.44132566 1.25283945 1.11959612
    1.00849915 1.42609978 1.03175545 0.98847127 0.932670832 0.957059085
    1.37071764 1.53804791 1.20464301 0.736354172 1.26043653 1.43499422
    1.54017115 1.3861475 0.994920671 1.45199096 1.28173399 0.813245177
    1.46731269 1.35579014 1.17813635 1.02143908 1.46579099 1.01697123
    0.944386542 0.958867908 1.0561316 0.564276218 0.621041954
    0.839283705 0.683371902 0.510419428 0.548484921 0.84712857
    1.26833701 1.01222837 0.852789462 0.82684952 1.40763009 1.04858136
    1.41301036 1.01032925 0.853011131 1.19043684 1.43169403 1.34087944
    1.39344776 0.558899343 1.0858146 1.24725699 1.42591608 1.15269315
    1.28133917 1.07762396 1.38806796 0.722963691 1.21686685 1.01033151
    1.09578311 1.43574023 0.956832647 1.43582141 0.964236021 1.34568906
    1.0942986 1.02760255 1.24353254 1.47940683 1.19120669 1.51221383
    1.56852329 0.945468485 0.775293887 1.11690462 0.581689119 1.09621048
    1.3631717 0.812811077 0.558085918 0.642044842 0.773377717 1.40229392
    0.703993678 0.728408098 1.20766819 0.72620219 1.08148837 1.42287481
    0.756279349 0.59553951 1.45778596 0.709452689 0.680880666 1.40152049
    1.26378572 0.838496029 0.641119421 0.779772341 0.976772368
    0.885340691 0.848473728 1.11645508 1.42438555 1.49769855 1.1282649
    0.944034994 0.941174746 1.38612032 1.42609525 0.765645802 1.03090727
    1.19716465 0.853812456 1.07806599 1.22650659 1.42175353 0.587263703
    0.654623926 0.873056948 0.729506075 1.09795713 0.796391547
    1.15422189 1.60855615 0.731417954 0.760246217 1.44444299 1.3927561
    1.60150158 1.00047135 1.19690812 1.39880407 1.24695396 0.940505981
    1.33118725 0.813907504 1.07946789 1.2159363 1.11206353 1.01147068
    0.628784418 1.47945857 0.784685433 1.0435729 0.904281139 1.29282677
    1.4020009 1.11465394 0.730157614 1.43068421 1.22587121 1.27214134
    0.608435392 0.865216255 0.605186522 1.01873422 1.42301619
    0.533337831 1.16591203 0.987847269 0.948093116 1.4408145 0.659141123
    1.08340287 0.767322838 1.35842586 1.31067371 0.864673436 0.562065303
    1.04085219 1.26537204 1.15840185 0.623997808 1.09921002 0.591458082
    0.806089997 0.918231666 0.954334378 1.10587287 1.20291841
    0.756097436 0.945065498 1.54014289 1.09711385 1.55385506 1.34209383
    1.47190845 1.00336337 0.698688209 1.18244946 1.07880282 1.11758792
    0.561640799 1.07462907 1.30313766 1.25965762 0.65512228 1.42424691
    1.22488856 0.868943453 1.21390855 0.332387805 0.918868959
    0.418954581 1.21333969 1.20128345 1.36876762 1.16602373 0.877436697
    1.26554465 1.15889716 1.22618282 0.525795519 1.2925179 0.81660682
    0.747099996 0.617066145 0.67660892 1.01447725 0.700444162 1.08351767
    1.30644417 0.589202285 0.558631778 1.12154818 1.36835957 1.05508947
    1.24403477 1.488855 0.798726499 1.5194037 1.55890441 1.12908912
    1.08653295 0.561993599 0.702793837 0.957895875 0.683783293
    1.52153862 1.18484271 1.29941058 1.48729956 0.597293079 0.634736538
    1.11824048 1.22309792 0.721706569 1.25177562 0.892105281 0.532916665
    0.578971148 0.935272932 1.45353305 1.18768799 0.626978219 1.10183394
    0.610406458 0.73156482 0.5313254 1.42779613 1.33366466 1.03002965
    0.673609495 1.05163467 1.25958264 1.00520885 0.756597221 1.51527834
    1.06942821 1.57706952 1.43215871 0.849050343 1.46445501 1.25493503
    0.948399544 1.16139603 0.606625974 0.69410938 0.932845473 1.12898409
    1.29989254 1.43259358 1.25251615 0.528557539 1.33977115 1.18422294
    1.12197554 1.32539737 1.2067647 1.14223444 0.806700885 0.807995975
    0.540632546 1.38561618 0.648122728 0.527243733 1.0128876 1.19549787
    1.40700912 1.37794733 0.771026969 0.582537413 1.46262097 0.537818789
    1.07299066 0.656597078 0.643619418 1.30980086 0.83095032 0.639011085
    1.16981626 1.19837499 1.05636477 0.895689964 0.967614889 0.957693934
    1.37980115 0.817734003 1.35324287 1.45869625 1.23192191 0.965898573
    1.12784314 1.51168585 0.688719392 0.872901738 0.721472085 1.34050643
    1.06576145 0.989704132 0.638839424 1.14259136 1.03138661 0.838351429
    1.24417663 1.43427086 1.22038448 0.559598863 1.28905261 1.29434919
    1.46693206 0.952457488 1.39850426 0.849896908 0.705481231
    0.818917394 0.800245643 1.00168538 1.43655074 1.17678165 0.724773526
    1.47821963 1.47225916 1.22764587 0.834892631 1.38283241 0.847577989
    1.17873454 1.06430912 0.90356791 1.47438788 0.725460112 1.21895969
    0.691270709 0.804411888 0.820684314 1.49264264 0.879372895
    1.53737676 0.70031476 1.25189912 0.93126899 1.52460074 1.09659779
    0.602032423 0.643123507 1.45698833 1.4476608 0.64293921 1.54135859
    1.49391139 1.18875062 1.57146132 1.57741535 1.20230711 1.51349187
    0.620222211 0.60431391 1.39117944 0.567712665 0.824621856
    0.764153421 1.23341835 1.52171934 0.750167847 0.594685256 1.389184
    0.842527509 1.02316356 0.66828537 0.54925704 0.732857525 1.36890972
    1.51386309 1.38397419 1.15674067 1.10679913 0.79036504 0.87234211
    1.1381346 0.825168908 1.50182319 0.650783956 0.748361886 0.551332831
    1.42379522 1.21767128 0.880014598 1.08100522 1.05590785 0.715314984
    1.2942642 0.658929288 0.85488081 1.20196736 1.53549635 0.76852113
    0.807611346 0.552836776 0.71858716 0.572179615 0.61957556
    0.639073551 0.541444957 0.764280498 0.534558892 1.23322332 1.1852212
    0.953824818 1.55181217 0.937365055 1.51874995 0.801659107 1.02401495
    1.0372113 1.26118481 1.27429879 1.01296902 0.575907469 1.48082352
    1.00656831 0.685215235 1.40899479 0.855448067 1.02386785 1.06085837
    0.906525552 0.942130327 1.08020365 0.563477874 0.765471578
    0.728964686 1.24376822 1.22624171 1.29924238 1.04839563 1.36684012
    0.703119636 0.608256876 1.4992342 1.38986087 1.46745956 1.28848922
    0.512528896 1.05244613 0.759270668 0.637735605 1.18287349 1.34307015
    0.8543244 1.35912299 0.645318568 1.36931443 1.57963669 0.797570109
    1.02668571 1.4676038 0.668745577 0.784649611 1.34876192 0.763610542
    0.9036569 0.815232098 0.931588471 0.726105452 0.966608047
    0.728413463 0.88791585 0.938580871 0.970870554 0.728350878
    0.641838491 0.722801089 1.22734594 0.829373181 0.905774117
    1.49128258 0.937947392 1.06221569 1.30411911 0.61612463 1.1110692
    0.736947775 1.04538798 1.17551768 1.02652001 0.735482275 1.26081443
    0.680479944 1.55154455 1.47044873 0.685020626 1.23991597 0.997940958
    1.18998718 0.934006929 1.39056063 1.18174291 1.33541465 1.24578762
    0.72732228 1.31118369 0.837522745 0.831256866 0.786185145 1.54044676
    1.50288427 1.18777752 0.614159048 0.526732504 1.05856371 1.1841352
    0.931963921 0.80916965 0.863092959 0.499065667 1.17413652
    0.737265646 1.10354912 0.892569065 1.05905223 0.925298989
    0.777236879 0.695650339 1.13750219 1.09565306 0.622630656 1.24142814
    1.25928402 1.48002517 0.611241162 1.22701132 1.06139445 1.1898967
    1.06012869 1.02128804 1.37951386 0.699986517 1.34159172 0.680928588
    1.54926634 1.24190569 1.19880509 1.19354951 1.11344373 0.871129513
    1.43864191 1.11106431 0.856073022 0.569438398 1.03414071 0.707239389
    1.53814018 1.49574661 0.810005784 0.74964869 0.727104783 0.533112645
    1.10444546 0.90731144 1.45662498 0.743270934 0.846444368 0.831612766
    0.963790596 0.648644507 0.878457189 0.688209414 0.756750345
    1.25595951 0.96831274 0.677056849 1.54588556 1.41430724 0.655356348
    0.989584029 1.57596362 1.41897261 1.32338047 0.68223244 1.52589417
    1.46440625 1.59621418 1.60164964 1.12547624 1.35921645 0.682687402
    1.26200771 0.724048436 1.47110629 0.810444653 0.978409529 1.42285979
    1.39702487 1.47167659 0.997795761 0.652079582 1.37187779 1.11110902
    1.16446888 1.20858479 0.616460025 1.5126071 0.844894111 1.40640557
    1.14487338 1.16779828 1.62383854 1.07872903 1.34906459 1.56779528
    0.953410447 1.61467803 1.1292938 1.17904305 0.794485927 1.05060399
    1.29037273 1.10426366 0.788809836 1.37036765 0.696211457 0.680809498
    0.968571246 1.43231237 1.48159742 0.689972639 0.940443873 1.39536393
    0.57540226 1.39610779 1.30432463 1.07442319 0.8745597 1.504879
    1.06934297 1.05447555 0.644135773 1.24227798 1.33304298 1.41224623
    1.12229741 0.626116455 0.839592218 1.17880905 1.32301295 0.978265762
    1.22557914 1.41068661 1.02980733 1.45521879 0.781033397 1.34362102
    0.962265015 1.46173108 1.1705519 1.20627999 0.641898751 1.35829508
    0.859596431 0.913370311 1.0474335 0.9377563 1.17908573 0.907261312
    1.30069494 0.922970653 1.02241492 0.901099503 0.89111197 0.93137753
    0.744395792 0.63862431 1.27551019 1.4285568 1.1292187 1.09131217
    0.731828809 1.28029239 1.39450586 0.922046185 0.863479495
    0.563578665 0.661445081 1.05957735 1.3107444 0.690018117 0.62819916
    1.05121076 0.529026926 1.24671102 0.595178008 1.02268755 0.870784223
    1.01550078 0.933666229 0.736517251 1.42730391 0.702319503
    0.980298221 1.1183362 0.936759293 1.22707605 1.25187659 1.42403352
    0.651194453 1.05566192 1.46475935 1.16157544 1.3646543 0.962714136
    0.710182846 1.14553726 0.644826472 0.627321899 0.714118063 1.5140059
    0.53519392 0.614699483 1.36692643 0.925811827 0.97484374 1.22018015
    1.23181045 0.777722239 1.24095225 0.859167814 1.33986712 0.606803954
    0.851336598 0.64390564 0.826314688 0.606235981 0.907635629
    0.527010083 0.63248235 0.626278639 0.676754296 1.2771486 1.32963312
    1.06149852 0.760515273 0.799551249 1.38982475 1.32789099 1.36022317
    0.956336856 0.703547478 0.696647584 1.11450291 1.48749983 1.06975389
    0.835758448 1.51588356 0.645936549 0.794901013 0.587309241
    0.963101804 1.23052192 0.949328125 0.747921944 0.95891583 1.48816729
    1.03596449 1.40723109 1.5095222 1.11044312 0.551148713 0.668334246
    0.860563815 1.13310194 0.964113653 0.533841252 0.571612835
    0.611329257 0.814016461 0.594470084 0.72662425 0.74881202
    0.669203222 0.891767085 1.12583244 1.12243223 0.923975468 0.73329252
    0.667854369 1.38683593 1.38479805 1.36310673 1.49650311 0.678768396
    1.38245296 1.25647736 0.896111906 0.840041637 0.970561266 1.4507885
    1.52548218 1.47548747 1.58539069 1.08989966 0.855843604 1.05165184
    0.95132184 0.94967562 1.18012786 0.566483855 0.764978409 0.849448204
    1.30080128 0.614989221 1.14866877 0.651172578 0.952731907 1.19057608
    1.45609057 1.15246546 1.37934661 1.17978525 1.5021131 0.808137059
    0.648496985 0.715035379 0.98589319 1.44859445 0.569021761 1.09209871
    1.47056508 1.2600255 1.36641777 0.983904123 0.850544631 0.996391833
    1.03661716 1.29726005 1.59475613 0.737597227 1.25547493 1.38066828
    1.39231443 1.42515206 0.818519473 1.5045929 1.27057958 0.907414377
    1.5169239 1.15026021 1.21539426 1.44742835 0.98913157 0.935265362
    1.30765438 1.1983968 0.684740186 1.4596709 1.30110264 0.588035643
    1.41886699 1.09281433 1.27046323 0.877224922 1.40945709 1.62696266
    1.41141021 1.51096916 1.44088531 0.652896762 1.286129 1.4895153
    1.4227972 1.5337832 1.42378902 1.05047739 0.584864318 1.37465525
    0.87306428 0.695214391 0.641452193 0.764328599 1.22095156 1.00129652
    0.990593731 0.578875363 0.777539372 0.57036829 1.24176073 1.51536608
    0.652674973 1.07765806 0.558537066 1.32371783 1.33078814 0.848769426
    0.594529808 0.890266776 1.08813941 0.810838461 0.923962116
    0.686842322 0.755946696 0.802418113 0.556443334 0.554373324
    1.25309443 1.35912669 0.833200693 1.11918581 1.43852985 1.23067486
    1.14216328 0.714870214 0.858750939 0.988102198 0.5586465 1.11253095
    0.839292288 0.897801578 0.692626238 0.938238144 0.864641309
    1.21454453 1.0040431 0.951213658 0.727388024 0.720774233 1.12948835
    0.809958696 0.624398708 0.744084239 0.613280952 0.569443583
    1.44327414 0.612131894 1.00420785 1.00127649 0.985807359 0.920593381
    1.04845214 1.28731775 0.443090767 0.880266964 0.96251297 1.27593446
    1.01113558 0.808538258 0.915774286 0.832988977 0.623251617
    0.793953359 1.17893004 1.29704642 0.586314797 0.788759172
    0.783721924 0.830982864 0.845662177 0.684285045 1.15310562
    0.589282215 0.678906262 1.15431142 1.24733996 1.30259728 0.910076976
    1.49462426 1.36046958 0.792963743 1.28295898 1.52523315 0.793690085
    0.869276404 0.779601932 0.547251284 1.3122977 1.03419638 1.27341962
    1.23634565 1.33169377 0.542961776 0.591291726 0.889108539
    0.642976463 0.522879183 1.26361644 0.732044637 1.18426669 1.11002338
    1.36565375 1.18345642 0.868497431 0.632203698 0.617115855
    0.675263584 1.02644432 0.991910875 0.675270438 0.555186629
    0.753325105 1.38598192 0.874953032 1.34379363 0.671439409 1.18105018
    0.754822254 0.997096062 0.950284421 1.00394762 1.04959369 1.10732234
    1.12735879 1.01644075 1.2358613 0.829888046 1.33077395 1.17609727
    1.04203498 1.18948066 1.36603928 0.720992684 0.943071067 1.01162684
    0.771374404 0.92104423 0.571495116 0.753009856 0.991847157
    0.90926975 0.646152139 1.16686249 1.31039393 1.40197003 0.861697137
    0.896250784 0.851459444 1.12940514 0.73638308 0.593649268
    0.589593887 1.17049837 0.740471542 0.889874935 0.931053936
    0.659080565 1.11901939 0.584604621 1.19404888 1.10095394 0.758690953
    0.77076751 1.17174697 1.44226539 0.901278615 1.32247102 1.14311075
    0.735135138 1.19145715 1.20760179 0.69104898 0.642783761 0.654975295
    1.19780028 0.87660116 0.847569823 1.51022243 0.69334048 0.962738395
    0.59783572 0.851015508 0.956833959 0.834337115 0.943861425
    0.598253429 0.571424603 0.593002617 0.915269375 1.20876729
    1.06563401 0.838792801 0.750941873 1.30583823 1.37635183 0.612332404
    0.580966353 1.08774495 1.38971508 1.44774091 0.766317487 1.18419361
    1.13790083 0.638174236 1.37685931 1.10201764 1.42799771 1.06563568
    1.03506267 1.38679779 1.30043483 1.06202507 0.997550249 1.62769043
    1.54291654 1.3889637 1.02763891 0.661947787 0.702542841 1.27202201
    1.36403 1.43248343 0.789888263 1.36551034 0.631991267 0.685560346
    0.64593035 1.07766569 1.51620209 0.896049738 0.815197647 1.28895032
    0.975777209 1.32049036 1.11516166 0.90514648 1.04716003 0.860177279
    1.20917523 1.01231778 0.575579703 0.701865733 0.537608743 1.16491294
    0.79072082 0.942895532 0.844660521 0.719691932 0.727847338
    0.961006582 1.36953628 1.20636904 1.06217754 1.13354099 1.48083448
    1.37463295 0.604380488 0.929195046 1.20335209 0.944803536
    0.701113403 0.997188449 1.22761691 1.35860538 0.603883743
    0.584656715 0.904962838 0.679232061 0.665168881 1.12140203
    1.11238742 0.731497169 1.22230577 0.693910837 0.538926959
    0.981214285 1.25730348 1.49319148 1.42677534 1.2065047 0.777018964
    0.710025132 1.16651237 1.1683352 0.574612558 0.899032772 0.970271826
    0.658185244 0.565170348 1.19751942 1.44022584 1.34069943 1.4948982
    0.620045245 1.1626848 1.52777612 1.05293787 1.18600702 1.08323669
    1.08950782 0.651855767 0.996355355 0.857756376 0.802259445
    1.17731571 1.39420354 0.962582052 1.28348684 0.537844777 1.21043396
    1.34961963 1.41901219 0.934694946 0.938042819 0.538966537 0.53500396
    0.550053358 1.52039242 1.15638137 0.986172557 1.22272372 0.796799839
    1.19717002 1.29921949 1.43060768 1.32312858 1.20232308 1.27920914
    0.862821937 0.97372508 1.22659361 1.3114177 1.19548476 1.38482189
    1.37083828 1.36671281 1.18561447 1.49279606 1.30116963 1.24917054
    1.43567276 0.830094397 1.14151978 1.23508263 1.05131435 1.19770908
    0.620889366 1.36401689 1.35469472 0.968263865 0.989147365
    0.862836659 0.815571904 1.27019811 0.627518177 1.09854162 1.44957864
    1.10190415 1.33622813 1.05579066 1.25558257 0.898950636 1.41249049
    0.997473598 1.08500361 0.943068326 1.53301489 1.46213853 1.01371288
    0.690924466 1.28663206 0.875268936 1.00193167 0.590245605
    0.791519165 1.2282393 1.20014858 1.42998004 1.26888013 1.12845874
    1.11345744 1.14367616 0.69186765 0.847162187 0.828336596 0.723601818
    1.11381674 1.19123995 1.48835671 0.614198565 0.719568491 1.30622339
    1.22762108 1.21260965 0.995606124 0.993128061 1.38089204 1.10561407
    1.11551142 1.28437865 0.812699139 0.841806293 1.00975823 0.832743227
    0.633918226 0.766103804 0.846167028 1.17362678 0.716792107
    0.813200414 0.551785171 1.1743995 1.37834072 0.594861805 1.28723276
    0.992750764 0.653650641 1.39536202 0.856841505 0.820018709
    0.702239752 1.08130717 1.44986749 1.08547175 0.662193894 1.52360845
    1.54355609 0.731989563 1.43049741 1.40812373 0.7886675 1.08288062
    0.988941789 1.24743807 1.22741008 1.22076607 1.43025827 1.46226597
    1.48734474 1.24306512 1.08985579 0.673142731 1.34981906 1.50231099
    0.799055159 1.15573871 0.761884153 1.41127753 1.38422287 0.619750202
    1.22840607 0.57410419 0.599860668 0.930153668 1.52277327 1.41032791
    1.05452168 1.45953655 1.10629046 0.586654902 1.41695094 1.2633456
    0.774451554 1.5426662 0.968219042 1.60270929 1.50458217 1.30501902
    1.55873919 1.06570268 1.34692621 1.21870804 1.27467668 0.977192283
    1.02396762 1.05030155 1.50777721 0.882197678 1.16764426 0.770779848
    1.1191299 1.43357968 0.923561454 1.1088413 0.995720088 0.976511002
    1.42079079 1.44720328 1.04091442 1.40662086 1.17272353 0.875707626
    1.13079822 1.5827843 1.38686562 0.976100445 1.50732934 1.32507062
    1.49166536 0.853759229 0.66133374 0.592493176 0.890117168
    0.681658447 1.47740698 0.764538884 1.08751523 1.11608148 1.48326147
    0.722954392 1.24689758 0.999321461 1.39344978 0.870852947
    0.826445997 1.12706017 1.50754392 0.985560954 0.655996084 1.01223969
    0.871798694 0.715784252 1.11358321 1.38327825 0.78870523 1.2117697
    1.30081236 1.09699559 0.60747838 1.04844224 1.24649191 0.75161612
    0.628388226 0.617865562 0.742200375 0.753042281 1.46504271
    0.88982302 0.793201685 0.846755326 0.53779012 1.17128956 1.46747696
    0.955236316 1.33929145 0.669745684 1.52514195 1.11781311 0.900275528
    0.751943052 1.38420367 1.47293258 0.949864805 1.01863861 0.98991859
    0.987242162 0.841299593 1.25413954 1.42703974 0.557281494
    0.714476049 1.37573016 0.739355266 1.36386275 1.37645793 1.12171364
    0.715076685 1.11426151 1.32047915 1.36072755 1.23441708 0.626196861
    0.779846847 1.34387958 1.47411144 1.11000454 0.737773716 0.706160307
    1.50530887 0.805338442 0.636913538 0.572838843 0.880800188
    1.42904806 1.08764458 1.42549574 1.43687546 1.24821472 1.53626513
    1.02925873 1.60632074 1.03312731 1.25342166 1.105057 1.36773396
    1.29083085 1.4773885 0.671006083 1.33066058 1.31005311 0.978317976
    0.977176785 1.23191357 1.25752378 0.875021875 0.821835995
    0.828920722 0.592368186 1.46498561 1.15507221 1.08013165 0.885673821
    0.673714876 1.08917594 1.49462283 0.761546612 1.13180983 1.07818568
    0.59074235 1.25053537 1.27030778 1.32803297 1.37411821 0.715471506
    1.27889812 1.52479947 1.1634897 1.18563032 1.11441386 0.704761326
    1.23080814 0.746110797 1.33724403 1.32264793 1.00556731 0.995515347
    0.912517309 1.28254449 0.78241092 1.33515286 1.30976582 0.843117297
    1.29722381 1.56150436 0.758669138 1.32218027 0.853280365 0.885645032
    1.49969506 0.918235481 0.674544811 1.38360143 0.775830984 1.5471971
    1.36137438 1.11795926 1.48832643 1.06936586 1.04574025 1.2918117
    1.14887094 0.692081749 0.73300916 0.667500913 0.529015481 1.45691848
    1.29299259 0.820445657 0.607181191 1.45662296 1.03157628 0.904650927
    0.76025188 1.2973901 1.07583535 0.968116879 1.18688285 0.634924352
    0.543080866 1.08122289 1.44653475 1.52801204 1.09669161 1.49982405
    1.35348701 1.18043005 0.597183406 0.95139277 0.865445316 1.34528208
    0.920651853 0.627183437 1.53287435 0.640286684 0.9458341 1.05746782
    0.562080026 1.32218623 1.38817358 1.50476325 1.4490304 1.1069802
    1.04516339 1.34684646 1.4557842 0.777312338 1.0669626 1.12609291
    0.721289814 1.3088311 1.10552442 1.11001921 0.933727384 0.834384084
    1.05799747 1.12959516 0.900350273 0.757430077 0.601028264
    0.640162349 1.47605741 0.60837692 1.14746261 1.1688683 1.44411051
    1.08920503 1.19776869 1.53207743 1.59439111 0.954972267 0.776544929
    1.14252317 0.642691076 1.1324122 0.635348558 0.62028712 0.874771953
    1.12335122 1.32247937 1.12651873 1.48329544 1.51144922 0.672842026
    1.29531479 1.02079082 1.21672642 0.926863432 1.00978231 0.861689091
    1.0894469 1.55439961 0.707152188 1.36207318 0.695910037 0.84994036
    0.724985301 0.759499013 0.837871492 0.600506723 1.13787949
    0.690417945 1.35437167 0.834826291 1.0057267 0.623590231 0.755423188
    0.856113017 1.58951068 0.616020262 1.5140729 1.49930739 1.39384687
    1.04074657 0.623971105 0.630898118 0.59403652 1.43121374 0.775164247
    0.548152566 0.706031263 1.4948957 1.24463737 1.24080789 0.715720177
    1.3731612 0.773044407 0.55549711 0.60037905 0.884168983 1.31519508
    0.775155306 0.891186893 1.50358367 1.07463408 1.30637383 1.04100525
    0.591202259 0.547014892 0.685232103 0.865702868 0.536126375
    1.09263945 0.783924758 0.793150783 0.914453983 0.990616083 1.0516994
    1.44032097 0.667677939 0.939373314 0.961914599 1.40849912
    0.908734083 0.592637837 1.01603913 0.510564983 0.739983439
    1.07478654 0.55026269 0.849614143 0.433356166 0.886101127
    0.806350708 1.06767797 1.22480023 1.30907083 0.991206825 1.15292263
    0.626517236 0.83144927 1.48650312 1.0154115 1.25848043 1.11404097
    0.980672538 0.738075674 0.662100434 0.752168953 0.638444841
    1.16187215 1.40526092 1.39371443 0.758846641 1.41814101 1.51246786
    0.936362803 1.48964942 0.888080895 0.97113806 0.830075979 1.29847729
    1.25861716 0.92640543 1.23637247 1.06773436 1.25596321 0.868843675
    0.678222716 1.36698389 1.12188303 1.20345092 1.54607391 0.57711333
    0.987125576 0.65227896 0.558313906 0.617509663 0.563303888
    0.892466187 1.01553345 1.09337044 0.649825752 1.11782491 1.38591194
    1.35497546 1.37609375 0.804899752 1.14549387 1.56520903 1.56019616
    1.08672202 1.10790849 1.32580519 0.595329583 1.03228772 0.642163217
    1.42956758 1.12509966 1.46649909 0.986522377 1.19296896 1.51393521
    1.12622237 1.56250298 1.07520223 1.40901542 1.37704885 0.813663244
    1.04340851 1.20102179 0.787915826 0.766953111 1.02260172 1.20692945
    0.75113678 0.897079349 0.953004301 1.15289032 1.42976606 1.27972794
    1.41730201 1.08933401 1.187886 0.982659876 0.787912667 1.17528355
    0.879385948 1.18436229 1.13870144 1.44298744 1.30047262 1.12677348
    1.20478559 1.4926554 0.81164217 0.975411654 1.46892071 1.25683558
    0.911990464 0.635835588 0.68992573 1.03078008 0.880042851
    0.586439431 0.585116029 0.813770354 1.34661078 1.52995849 1.48593593
    1.50920928 1.05422711 1.05566764 1.47612703 0.877688169 1.40297782
    1.2333715 1.07671618 1.12671089 1.4506681 0.928879976 1.25685799
    1.23690724 1.39350212 1.45634997 1.37011194 0.927500546 0.95040071
    1.18615961 1.25835228 0.89969641 0.652630389 0.660683095 0.889450967
    1.4473511 1.56030989 1.51177609 0.90083617 1.17701602 1.07118523
    1.38144314 0.727107525 1.00827515 1.21681857 1.11552179 1.23876798
    0.573273003 0.911934495 1.53684783 0.618479311 1.01199067
    0.729227662 1.45466113 1.24209464 1.46852672 1.52636623 1.40796649
    1.040905 0.578928351 0.664142132 0.79679352 1.28767085 0.783925116
    1.05740499 0.621281326 0.759596109 0.811848819 0.628950357 1.5276649
    1.11130917 1.46866012 0.917278349 0.693829417 1.06284332 0.923495889
    1.2869668 0.813382208 1.27189648 1.2698096 1.49211049 0.622282922
    0.719741642 0.564210832 0.68473345 0.866348147 1.03324401 1.14060378
    1.27504957 1.1880306 1.3652699 1.30827761 1.49299765 1.3563875
    1.26841736 1.50609839 1.12347901 1.16494238 1.09318352 1.407377
    1.48785055 1.15588057 0.778790534 1.41859865 0.801460981 1.4715817
    1.41286576 1.48636532 1.32730651 1.16970336 1.16743636 0.516519487
    1.2078259 1.50989008 1.13545644 0.959157944 1.45009124 0.674967229
    0.56985724 0.842993319 0.754492819 1.27164614 0.620518088 1.01223719
    0.788625896 0.719139218 1.26305068 1.41164875 0.93671149 0.615091264
    0.987600565 0.641846478 0.79125762 0.98710227 1.51467466 1.36218286
    1.01159143 1.38752902 0.536942244 1.25324917 0.720332861 1.16882801
    0.557833672 0.738703072 0.503351033 1.17177832 1.45916522
    0.894506395 0.835275114 1.16111195 1.07691741 1.31232548 1.3685106
    0.878372252 1.42704654 0.618289351 0.994476497 1.27215576 1.517138
    1.45410717 0.735082984 0.705728531 1.19429946 1.33898723 0.815195858
    0.979591727 1.56961823 0.642799973 1.10625303 1.41362894 1.53833449
    0.836038649 1.28629434 0.70602423 1.51866853 1.49048197 1.17158508
    1.11621261 0.732314527 1.21520197 1.08999395 1.19608402 0.948280692
    1.49002492 1.08145654 1.50494277 1.0111742 0.973528624 1.33343089
    1.24501646 1.00995255 1.03031158 0.985446572 1.05707479 0.848140121
    1.38739645 1.52485776 1.04096174 1.4225899 0.573010087 0.833401978
    0.972840011 1.43745816 0.729838252 0.754517555 0.826637089
    0.760788798 1.07438767 1.36669278 0.860714793 1.21964383 1.16757858
    1.2932837 0.744602323 0.903645754 1.52990317 0.777069688 0.828276277
    0.911940455 1.25510871 1.57455516 1.05652535 1.03676927 1.30417418
    1.1185149 1.55740905 1.00015366 1.15679276 1.38703072 0.974089563
    1.24602187 0.892243087 1.00653553 1.33116198 1.21238136 0.689146042
    0.893756926 1.25359917 1.44565475 0.979459643 0.966095328 1.20735073
    0.817017198 0.814047396 0.820344567 0.872561634 1.5349468 1.4770565
    0.969329119 0.572908282 1.471645 0.571331084 1.33781862 1.1986829
    0.716523886 1.06861651 0.849164248 1.21130013 0.865510404
    0.562220812 0.609692574 1.04740989 0.970315933 0.730068684
    0.564144492 1.02302134 1.14339793 0.649967134 1.04893422 1.52549255
    0.637617588 0.809609652 0.643536448 0.607919455 1.09022391
    1.33023381 0.848060668 1.35693061 0.724586368 0.936842859
    0.670303583 1.27069128 0.958010674 0.697990179 1.12862039
    0.917424679 0.773859799 1.08528125 0.658656359 0.780446172
    0.639471829 1.53749681 1.22440743 1.17693436 1.17598748 1.55463898
    0.767681718 1.46740699 0.730120122 1.22017014 1.28817356 0.553394675
    1.2573427 1.46786976 0.732198 0.720160246 0.821368277 0.978012979
    0.883435667 1.26613748 1.57327294 0.966354907 1.16614127 0.947373867
    0.643474519 1.09721184 1.48999667 1.2117362 1.33188963 0.753429055
    0.763019621 1.05857098 0.682942569 1.01274252 0.940298736
    0.612797022 0.879704177 0.891869068 1.43814194 1.16074502 1.54030991
    1.29388273 0.61147058 0.602176487 0.877537251 1.23300362 1.45993817
    0.803947449 1.38070238 0.987541795 1.33112645 1.33201206 1.08119726
    0.974537134 1.26383209 1.13109434 1.60687554 1.39646161 1.33840775
    1.5517745 1.27084768 1.1130774 1.07269514 0.73170352 0.643418252
    0.581915975 0.768672347 0.94813472 1.46335113 1.2728461 1.43850541
    1.45653331 0.582895994 1.13962615 0.963954508 1.48988307 0.726013839
    0.830494702 1.05941296 0.835285246 0.591157675 1.15042305 1.4443692
    0.88535881 1.3769995 1.28876102 0.705765843 1.34049106 1.3170445
    0.837237179 1.32312715 1.10047328 1.27678847 0.912010074 1.09850442
    1.43936563 1.39355755 0.930826843 0.915224016 0.925609708
    0.875344574 0.810569644 1.54253781 0.583031118 0.910679042
    0.621196985 1.10804677 0.995647907 0.665656209 1.21706283
    0.934481561 0.996659756 0.821926653 0.60170877 0.68124038 1.28143191
    0.99235481 0.727694273 1.40939295 0.596945047 0.684912324
    0.949150264 1.4176681 1.54487514 1.0119319 1.14088655 1.00315392
    1.51756155 1.34117854 0.688184083 1.31085789 1.4657172 1.21645486
    1.27709794 0.643357515 1.22663307 1.5406692 0.93406117 1.25238192
    0.60787791 0.914803803 0.806306064 0.957056701 1.51062524
    0.951025367 0.789975107 1.09917021 1.43221378 0.620100558
    0.862228811 0.967231274 1.44098091 1.22357905 1.38789988 0.805788338
    1.52704275 1.04246104 1.25125635 1.28165007 1.15017951 0.928192616
    1.17652285 1.23820484 0.812219739 0.549618185 1.08303535 1.10056984
    1.01226664 0.872780085 0.862689734 0.890075743 0.796916544
    1.46768856 1.51118541 1.55499673 1.45391166 1.33190715 1.07936144
    1.37817025 0.768179595 1.18364215 0.941250026 1.08426738 1.48264825
    0.921533108 0.757795393 1.36551857 1.02688837 0.797514141
    0.582718074 0.760484397 1.30959368 1.15849268 1.11213231 1.08586287
    1.0241369 0.564999998 0.566117048 1.15838003 1.50743949 1.40805364
    1.22151005 1.03174818 0.783245087 1.19248605 1.20833743 0.720867157
    1.3928082 0.899736702 0.618293881 1.51426291 0.643950105 1.08480251
    1.54857934 1.50030029 1.39327192 0.764686704 0.650254548 1.20490885
    0.654154539 1.18655455 0.735117316 0.652274907 0.890057445
    1.01789212 1.2709558 1.13575482 0.870549023 0.788894057 1.50829005
    0.772193134 1.03638065 1.32167113 1.48426545 0.662705183 0.954722881
    1.04793048 1.45055413 0.576829433 1.05435073 1.52921212 0.927376509
    1.05414426 0.707386196 1.04492748 1.00464892 1.26933813 0.987161577
    1.48711586 1.01343799 0.985063314 1.4262526 1.24894369 0.738394499
    0.535250485 0.873489916 1.51607633 1.33241963 0.838408113 1.28119051
    0.75749284 1.4202621 1.43638098 0.881335318 0.773005068 1.07503295
    0.908682048 1.18192124 0.884347439 1.37625587 1.37429202 1.48066735
    1.3662039 1.06972814 0.89622432 1.37558472 1.55112338 0.668096423
    1.39915061 1.17513847 0.736494005 0.668857396 1.18077314 0.888619244
    1.43644786 1.43878984 0.674282491 0.654282689 1.34470415 1.49879682
    1.34499371 1.31448591 1.31593943 1.46616983 0.678716898 0.783762693
    1.55371428 1.37166357 1.26886773 0.9141047 0.65089494 0.932413459
    1.31240904 1.40210319 0.537570357 0.676503658 0.983152986 0.82157886
    0.858264983 0.790477872 1.35816634 1.59825385 1.58315241 1.10416973
    1.23712063 1.23576963 1.51344335 0.720167577 1.30523467 1.1041317
    1.01182485 0.884544313 1.51700497 1.29056299 1.54309797 0.785450995
    0.697728336 1.0391494 0.679796278 1.23346829 0.572658479 0.684487283
    0.959592342 0.888297737 1.13797462 1.09808731 0.57557565 0.721169472
    1.25039566 1.23375177 1.1717329 0.691349387 1.26300895 1.20567334
    1.06076801 0.822580338 1.00187898 0.759105682 0.709411979 1.30835068
    1.41262388 1.04620361 0.67760253 0.664804578 1.00183845 1.36504412
    0.96398741 1.29574168 1.06328475 1.36767185 0.64584291 1.17889595
    0.894697726 1.19969118 0.712457657 1.37156892 1.41465616 1.29103267
    0.626067698 0.512133956 1.01154268 0.418330222 0.837919116
    1.22253776 1.21774721 0.546106279 1.31096697 1.39185393 0.869570374
    1.14110947 1.04184723 1.03025115 1.14918923 1.09097373 0.731592953
    0.846849084 1.22374988 1.29415977 1.52641678 1.05417085 0.674144685
    0.987784028 1.21413493 1.29457808 1.19431901 1.28395057 1.4200263
    1.00221598 0.864291787 1.10640585 0.994582355 0.766074061
    0.613622189 1.07862568 0.937879562 1.27924371 0.837712407
    0.855047286 1.07230306 1.06006455 1.27301586 1.1661309 1.13884127
    1.07390749 1.02987278 1.11583436 0.87413615 0.700773001 1.32358265
    0.710408211 0.67778796 1.34354103 0.643204927 0.54305321 1.00686777
    1.42573428 1.1748451 1.50476825 0.880864441 0.620627463 0.910000861
    0.997341633 0.974646628 1.15365279 1.14245605 0.573941171
    0.942611992 0.537667513 1.05773652 1.30068016 1.00775898 1.00612986
    1.46472228 1.3885777 0.804282963 1.47526801 0.760906041 0.624322951
    1.18507671 1.11894464 1.0780319 1.15463674 0.983328998 1.44293916
    1.43664896 1.21270072 0.704025328 1.19436634 0.650215745 1.21581447
    1.22255588 1.53842831 1.4696101 0.713809371 1.52793503 0.807904124
    1.37419462 1.00553477 0.610210598 0.915669799 1.21228957 1.56996655
    1.33594477 1.01296759 0.914342523 0.992212057 1.50360692 0.622318685
    1.17522764 0.722551703 1.44062996 0.776029468 0.661979496 0.9885993
    1.39169502 1.20652473 0.743682563 1.23459911 0.795921087 0.548514485
    1.40537703 0.843980551 0.767181039 1.1560998 1.11483181 1.49780262
    1.17220211 0.736926079 1.26213634 1.12319064 1.17761517 1.35347712
    0.575095594 0.576859593 1.0531199 0.769875228 1.15976572 0.729935467
    0.893456817 0.894694686 1.5154469 0.870151699 0.960249662 1.40602517
    0.657907784 1.0659616 0.628326297 0.645442784 1.36540794 0.56239754
    0.617436051 1.3763746 1.05278373 0.878664434 0.841915488 0.983287394
    1.1312958 1.35962224 1.11514831 0.734882236 1.08300042 0.774324954
    1.16971767 0.715087116 0.897222042 0.704000056 0.880224347
    1.51114571 0.885095716 0.711043477 0.582630157 1.18616176
    0.896623671 0.960388541 1.12258875 0.576910019 0.527525425
    1.00271213 1.03387451 0.608011782 0.545155644 1.29233027 1.26051879
    0.593020976 1.15235579 0.851138711 1.32439661 1.24003279 0.727319419
    0.781607985 0.88310951 1.18428218 0.801663697 1.21631789 1.08244252
    1.36758935 1.39239955 1.30728722 1.29646051 1.26988041 1.01579189
    1.00478721 1.19538844 1.43409538 1.08879745 0.59576869 1.15953517
    1.32365823 1.4803611 0.85244137 0.909011543 0.91288209 0.93450886
    0.924206555 1.25729465 0.684283316 0.739600301 0.57217598
    0.610960364 0.821628332 1.04012334 1.45522642 1.13361597 1.2204746
    0.565061152 1.46243858 1.07351232 0.749482632 1.49562848 0.605884075
    1.51157057 1.22144103 0.679260254 1.09377301 1.08372068 1.40073061
    0.972014189 1.03032875 1.13664222 0.685191929 1.13798678 1.45911586
    0.674801469 0.552855968 1.31641543 1.39979815 1.22013628 1.24416888
    0.932750046 1.30893517 0.568056464 1.37722659 1.22048604 1.03482282
    0.479908079 0.93648839 0.86484611 1.002316 1.15128422 0.756865263
    0.707612753 0.59431535 1.20773971 0.942269087 1.17123091 0.725891531
    1.08791375 0.714063048 1.19502282 0.574571252 1.12803102 1.35656738
    1.4773345 0.837812722 1.482252 1.33435559 1.52919102 1.21024156
    1.33577049 1.55291247 1.56058037 1.37614584 1.4571954 0.630205631
    1.4425559 0.957938313 0.709394813 1.11810493 1.01733732 0.917386889
    0.74025178 0.517671704 0.643698812 0.996343434 1.34204435
    0.836068749 1.41411304 0.807695746 0.594125748 1.35056329
    0.609732926 0.74039185 1.07196248 0.9151631 1.11565781 0.862995207
    1.46985698 0.767012417 1.23237741 1.44983935 0.594066501 0.918638229
    1.50959098 1.22222412 0.721730113 0.590808749 0.753932357
    0.840891063 0.758417487 1.26615119 1.34771657 0.674889326 1.22091448
    1.00725913 1.07922423 0.551170707 0.743423641 1.05076146 1.27783358
    0.650161505 0.77321738 1.30979609 0.697830141 1.07981563 1.43737638
    1.40672815 0.654124498 1.01275837 1.14082384 0.655847311 1.02530634
    0.629997611 1.16338348 0.944179714 1.51802409 1.58536363 1.48564935
    1.3937211 1.54512441 1.51552057 0.658656061 1.03098595 0.640577197
    0.877457738 1.55961919 1.18208826 1.38924742 1.16025472 1.38400912
    0.789002359 1.36190808 1.10304356 1.45728886 1.47539902 0.991755605
    0.884322524 0.558139801 1.23255074 1.47689617 1.49241841 0.949033737
    0.639417827 1.41368151 0.675263584 1.17211664 1.49958599 1.44265771
    0.751629949 0.609073997 0.572378278 0.835700333 1.49371934
    1.28222322 0.849247575 1.46831691 1.29091275 0.80548954 1.48570669
    0.625563085 1.16488934 0.868241012 0.919601083 1.28606486
    0.909080148 1.10171866 0.642831504 0.72379142 0.825347722 1.00511408
    1.45242167 1.37840128 0.726234138 1.09085202 1.24241745 1.33717453
    0.857981682 1.27974057 0.681297958 1.21575713 0.665209889 1.32120204
    1.06768024 1.23300493 1.14583397 0.926401198 1.41670775 1.32542205
    1.17895114 1.3956219 1.13885081 0.599884033 1.06271994 1.33404469
    0.544730961 1.51084161 0.547963738 1.12057817 1.23782957 0.722351909
    1.22955775 0.748063803 0.887578249 1.09101605 0.577654541 1.174909
    0.531581581 1.28796494 0.717074275 1.27594817 1.23154235 1.30909622
    1.1196146 0.879345834 0.935768664 1.30597043 0.731023669 0.880958855
    0.998636127 1.48276913 1.54586089 1.5698607 0.609685779 0.934002161
    0.851488471 1.43219233 1.14882457 1.5964936 1.39694858 1.5164156
    0.91382879 1.07147622 1.48106706 1.19851613 0.870693684 0.688968182
    1.20382679 1.43756413 1.48878288 1.20725119 1.24552011 1.42166185
    0.808474481 0.603887558 0.898008645 0.751485944 1.17562532
    1.27700305 1.09494877 1.22312701 0.711139917 1.15175939 0.964986503
    0.711491287 0.667155445 1.45937443 1.3254751 1.52127993 1.53387034
    1.06390607 1.42254746 1.17630124 0.702579379 1.32753444 1.0562644
    1.4356153 1.38467991 0.969565928 1.43403077 0.927984774 1.29646313
    0.580111802 0.877696872 1.52630496 1.50453687 0.891541839
    0.855584919 1.18227768 1.28717637 1.06863368 0.685738504 0.554143369
    0.593405545 0.504767478 0.515296757 1.127617 1.00851321 0.65561372
    0.817936242 0.859844327 1.08759737 0.742509246 1.40917528 1.29660475
    0.629687846 0.994757056 0.589281917 0.966208935 1.07045102
    1.52321422 1.29319501 1.40783441 1.30873752 1.48894608 1.46533942
    1.05831504 1.13886392 0.628154516 0.56600982 0.81081742 1.06665337
    0.642445445 1.14942396 0.913078785 0.524879217 0.809641957
    1.27040374 0.725182295 0.625329018 0.659619987 0.740613639
    1.27565944 1.32383311 1.21099615 0.974494338 0.675658226 0.871330082
    1.03712547 1.17394793 0.836402535 1.18356967 0.888148963 1.41654527
    1.32846868 0.970101774 0.871394992 1.2723974 1.53430235 0.920662403
    0.878960729 0.617092669 0.860464931 0.637118042 0.854269505
    0.930500031 0.614442647 1.37512076 0.94272989 1.07601261 1.46590066
    0.817270875 0.524024904 0.595419943 1.48047388 0.593662977
    0.973175108 1.54759574 0.809729695 1.03700972 0.746435285
    0.640910029 1.15703309 0.608219147 1.24510181 0.766689658
    0.996639192 0.886342764 1.12094021 0.988499761 0.880543232
    0.95061034 1.23494077 1.57131159 1.43756151 1.01201093 0.930625677
    1.31532884 1.00713754 1.45924246 1.04923928 0.835714221 0.641011894
    1.2298286 0.980759144 1.43350899 1.4322381 1.42566931 1.00316179
    0.593219042 1.17780983 0.675815165 0.583864152 0.834088445
    0.735309422 1.15460801 1.3203063 1.18855453 0.937212408 0.936719596
    0.678877532 0.731990993 0.791874349 1.34276068 1.4367485 0.727725029
    1.50636351 0.685515463 1.20058954 0.932331622 1.01930499 0.591087103
    0.649157524 1.27572238 1.08712673 1.28839636 1.45351601 0.896943688
    1.2545352 1.32684517 1.498469 1.37179148 1.19410539 1.22096682
    0.610456347 0.902076423 0.989606857 0.663732708 0.774060488
    0.96071142 1.54385006 1.04115653 0.709238172 1.33820796 0.986713767
    0.625057042 0.5888955 0.891731799 1.51164091 0.560911179 1.50169754
    0.592436492 1.00459087 0.736218333 1.42997289 0.867154777
    0.806577682 1.45147324 1.46313131 0.922789514 0.979382336
    0.894894719 0.883979797 1.08863211 0.857258916 0.797066331
    0.766855896 1.19951165 1.03813767 0.623375595 1.38655818 1.47244394
    0.628358543 0.912679374 0.944336534 1.13405061 1.42781711 1.41539252
    1.54422772 1.39863169 0.902290702 0.896933615 1.08601904 1.51548111
    0.805785656 1.25813353 1.53640437 1.06882501 0.890698552 1.23058689
    1.08587098 1.20344973 1.04412282 0.954496861 0.623855591 0.939145029
    1.11040366 1.13695312 0.73581785 1.00575888 1.52267218 1.4054718
    1.04859841 1.51595378 0.755087316 1.17458177 0.645744979 0.928137898
    0.613190591 1.24917519 0.815434456 1.03560507 1.07987344 1.36483657
    0.867631376 0.863266408 0.538029969 0.718567967 0.662900925
    1.20346081 0.991364837 1.50501919 0.609253585 0.763741374 1.21193075
    1.34402525 1.45379508 1.08342576 0.717233121 0.890842319 1.34895408
    1.03657711 1.00744581 0.694600284 0.768386483 0.775567293
    0.553844571 1.2518146 0.858771682 1.34504509 1.50027406 0.931336582
    1.16449201 1.49092686 1.18585277 0.964944065 1.31024432 1.20133412
    1.2383467 1.34066355 0.763280392 1.20300221 0.64669627 0.954575717
    1.18163526 0.930354416 1.14958382 0.834942877 0.966808081
    0.824090183 1.21683037 1.00227773 1.52971494 1.17009127 1.04512417
    1.28111959 0.930761576 0.603358507 1.32158673 1.50896585 1.16710508
    0.903456867 0.93659991 0.654194176 0.588820457 1.46444845 1.3106904
    0.954779983 1.47867215 0.692277431 0.728179157 0.922182262
    0.524722993 1.12392032 1.12372661 0.921524584 1.3927294 0.595670998
    1.1749022 0.588707924 0.560859859 1.3968035 1.36385083 1.45004451
    1.1926775 1.51649439 1.29938114 0.680479109 1.05498242 1.16542542
    1.30347633 0.927217543 0.932108819 0.907926202 0.595047176
    1.41300917 0.687476814 1.00762486 1.38181865 1.48765194 0.956573188
    1.44993556 1.50787973 1.08142698 0.543545067 1.35952926 0.819271684
    0.698890328 0.526163399 1.16723156 1.00315726 1.37460852 1.47553802
    1.10486507 0.740430415 1.54014599 1.47258866 1.54227734 1.10225785
    0.975025892 1.00591135 1.21602321 0.900563776 1.08295703 1.09312403
    1.54153192 0.7639184 0.616512477 1.13286459 1.2829994 1.46318293
    1.41926515 1.24992418 1.36620593 1.08761883 1.46902859 0.642811775
    1.24272239 0.632194638 1.41079986 0.820343435 0.69674778 1.47862315
    0.928364098 0.804760635 0.643366277 0.73628974 0.858977139
    1.36396527 1.33749998 1.15973496 1.17032242 0.918211937 0.96218133
    1.37178433 0.783206165 0.906893432 1.02376819 0.750859499 1.27494192
    0.598587453 0.980950058 0.609714568 0.730965018 1.15131581
    1.54550624 1.4659481 1.37180328 1.39767861 0.978616297 1.33031881
    0.604909003 0.729819775 1.46084857 1.39028299 1.28616035 0.935205996
    1.3320477 1.1005199 0.872942209 1.50630844 1.41751719 0.905845404
    1.36876869 0.908906043 1.43192577 1.18905723 1.34146643 1.36912405
    1.02624905 1.424793 1.32247889 0.660441816 0.63871181 1.1181128
    0.529265583 0.615743995 1.1106118 1.42858267 0.609959364 1.04476333
    1.39253545 1.10652983 1.0917474 1.53620958 1.46924591 0.868997693
    0.720248401 1.01972747 0.59449321 1.43806171 1.51890302 1.35885262
    0.943271101 1.10521603 0.746298194 1.0249306 0.544066787 1.15045512
    1.4289571 1.01261413 0.543369889 0.663054228 0.551943898 1.04925108
    0.904545426 0.699025393 1.13763356 0.932479262 1.35755539 1.09604073
    1.55046177 0.871323109 1.18583643 1.3076874 0.83087337 1.03776109
    1.54267788 0.861203492 1.5555675 0.774113119 1.37910759 1.2041322
    1.39089298 0.958870471 1.25127316 0.601358652 1.09361207 1.3202877
    0.5772416 0.793490827 0.785991013 0.547980964 0.930633903
    0.669896126 1.44956565 0.690589249 0.757701039 0.710983157
    1.20481598 0.944528818 0.938231409 0.636590123 1.47673869 1.05469441
    0.925703406 0.758276105 0.824881256 1.04376304 0.791674793
    0.947602808 1.48255849 0.640310764 1.16259027 1.26664579 0.59166199
    1.41400504 0.621803284 0.997598052 0.696939349 1.25997281
    0.943326771 0.527722299 0.527899861 0.628656149 0.852938235
    0.888615131 1.43194854 0.694402158 1.48777461 0.931128561 1.04758191
    1.18622339 0.837287426 1.41239762 0.641682208 0.696344912
    0.461867094 0.612788379 1.22308624 0.666023076 0.990796506
    1.09682071 1.11446595 0.759814322 1.01691282 1.4772346 0.781085849
    0.846950293 1.43120265 0.770480454 0.976191759 0.750824869
    1.49198461 0.949118733 1.5649507 1.05467319 1.17930639 1.48071098
    1.2715795 1.26808047 1.15172553 1.24443793 0.744104862 0.520550668
    1.14547634 1.15256882 1.08400917 1.03590012 1.04796016 1.22120583
    1.10139835 0.740118861 1.07914913 0.776731968 1.27965152 1.42100239
    0.746910512 1.35747135 1.13469076 1.4384867 1.17789853 1.27099323
    0.779614091 1.2736342 0.857264519 1.54526961 1.49010491 1.29315567
    0.753943384 1.25214779 0.667436481 0.775256872 1.13121939 1.51492989
    1.1958636 0.827269733 1.43392897 0.55552268 1.33628166 1.48670709
    0.634811938 0.840947509 0.590005815 1.25474048 0.911788702
    1.41262805 0.688088238 0.944342077 1.4519012 1.48457623 1.32641876
    0.737721324 1.28089118 1.09100747 0.795672953 0.679558039
    0.550520957 1.45284629 0.719276607 0.898151636 0.686929643
    1.11858928 1.21373916 1.13133669 1.23585951 0.692553341 1.54414725
    1.47661734 0.954740345 0.580847979 1.40939331 0.880749345 1.37799954
    0.864384294 1.44529223 0.729708076 0.83387959 0.763523281 1.48947966
    0.867997408 0.611440003 1.12086773 1.44547808 1.07560909 0.97268635
    0.917742014 0.613435268 1.50523078 1.00711238 0.794031382 1.06404471
    0.66299808 0.901487589 0.935724974 0.62752974 1.24644625 1.0765177
    0.896985173 1.13104868 1.20277226 1.4613533 0.937215447 1.34013367
    1.16031229 1.42629552 1.38767874 1.05721438 0.9445678 1.14425516
    0.92698276 0.553963721 0.65616411 0.597216666 0.551151097 1.15162611
    1.35919178 0.940366864 0.552094519 1.42511082 0.559248447 1.04167032
    0.937280118 0.629550874 0.90047282 1.19908035 0.864990711 0.72030282
    0.711763024 1.13074672 1.05540884 0.829253316 1.43088591 1.07880962
    0.625475585 0.601157308 0.942768276 0.860465944 1.06484759
    1.05026639 1.42086768 0.559802353 1.48144114 0.534554183 0.920319974
    1.48452306 0.57299602 1.53591168 0.769661486 1.26527965 0.89918977
    1.36145806 1.10288453 0.984198153 0.814113617 1.09807765 0.663405657
    1.32706022 0.777326941 1.15585244 1.04362893 0.712503731 1.52805996
    1.23959625 1.19886923 1.19074869 1.01169074 0.605699897 0.910099983
    1.13505042 1.03642797 0.957399547 0.853363693 0.908508897
    0.713303685 1.26789761 1.46889377 0.706105351 1.49991369 1.29477227
    1.53379309 1.3976773 1.0300746 1.22118008 0.657941759 0.67426759
    0.836145997 1.23649633 1.05629253 0.554530621 1.51320207 0.870658755
    1.51145399 1.20930934 1.09889436 1.24227202 0.650730371 1.13802207
    1.50793505 1.26915109 1.05770624 0.884295344 1.36401224 0.802106917
    1.4628247 0.718451083 0.763326585 1.44887125 1.17304611 1.08620906
    0.775279284 0.98399353 1.43506408 1.30474651 1.09758914 1.33215213
    1.11604941 0.842461288 1.13324547 1.24874747 1.13829184 1.0947423
    0.594984829 0.791199028 1.42577553 0.79264462 0.979970038
    0.779303312 0.62514019 1.4590205 1.39739263 1.14584076 0.727285981
    0.455797046 0.489389867 0.454302728 0.986194968 0.547107518
    0.510776043 1.38671947 1.05226052 1.26783156 1.32832348 1.24162006
    0.824312508 1.05797482 1.04922009 1.05729008 0.585814595 1.02424443
    1.17705369 1.31156719 1.01211452 1.00949478 0.994328618 0.814144194
    1.25227988 0.706923008 0.795554519 0.754142284 1.33082008 1.25204945
    0.569559693 1.26571465 1.43987083 1.35407996 0.902970135 1.25602758
    0.650566518 1.31335616 1.00459707 1.00930035 0.654320061 0.596797764
    1.09638143 0.84965688 1.52663982 1.35217416 1.38410819 1.34965646
    0.91659677 0.606017232 0.68684417 1.2609427 1.46792114 0.639295638
    0.564973652 0.707699895 0.803435504 1.2465018 1.3201381 1.33013618
    0.834218144 1.17523634 0.795269012 1.41629589 0.79404521 0.526032269
    1.09899294 1.24544883 0.64893502 1.06579125 1.45329964 1.11328423
    0.961335421 0.614187121 1.14266586 1.28185892 1.56451499 0.706590474
    0.859002233 1.35012174 1.07740104 1.2021805 1.30673778 1.48442519
    0.853218913 1.12260199 0.831124961 1.54586339 0.980306566 1.29758406
    0.937338114 1.43069673 0.856070757 0.86657697 1.26308286 1.28560126
    1.10664833 1.45535934 0.579347551 0.616594553 0.577163637 1.33816004
    1.22322249 1.21666467 0.548722088 1.01139748 0.628428996 0.810820103
    0.692475319 0.754546762 0.861208916 0.870717824 0.57246393
    0.655342698 1.00340867 1.01337409 1.47636735 0.723737955 1.49663055
    0.894090354 0.671639681 0.555031836 1.09410763 1.30430555
    0.638813674 0.802785277 1.00955486 1.10130584 1.33233297 0.842651725
    1.07530594 1.53078878 1.27088726 0.907643318 1.03917766 0.661891401
    1.3286221 1.33318472 1.14904904 0.696061134 0.916302264 0.550638378
    0.871106207 0.822038651 1.32199597 1.27766216 1.37944663 0.95519805
    0.732172906 1.31756699 0.993580163 1.36233962 1.31532109 0.643250585
    1.43593299 1.35189784 0.968953967 1.46865594 1.39053845 0.995226681
    0.595662594 1.31256092 1.37192118 1.4093585 0.759586096 1.05917597
    0.997619331 0.580471039 0.810019195 0.672590613 1.45152295
    0.76215893 1.38832211 1.35885739 1.28880501 1.09774292 1.54408419
    1.33597469 1.50791299 0.686977804 0.901984096 1.12490308 1.4146874
    0.929750562 0.956117511 0.635100722 0.580906928 1.37148464
    1.39539909 0.786780357 1.1535151 0.654362559 1.4276315 0.923632503
    1.18100357 0.943711698 1.35735738 0.72711432 0.762425423 0.747503757
    1.1748929 0.601970911 1.12136865 0.5842942 1.2038281 0.92604512
    0.692951918 1.37124813 1.448439 1.43726146 1.02504075 0.590774536
    1.31973422 1.45435309 0.944507837 0.768815219 1.33297634 1.23999977
    1.20167303 1.06616962 0.955747008 1.06374919 1.30530155 1.18720496
    1.161273 1.53169334 1.2462188 1.37659609 1.13992107 0.883269489
    1.1550492 1.55338943 1.0571574 1.11106205 1.24987805 0.594312787
    1.07730961 1.34498107 0.945125461 0.635172009 0.920613647
    0.686150849 1.17391801 1.41328311 0.726797402 1.21069264 0.729474783
    1.16410661 1.38179612 0.856375933 0.714321017 0.86673218 1.14033377
    1.0647912 0.823572218 0.617748976 0.452018142 1.08227861 1.27983117
    0.876201034 0.662178099 1.35794473 0.586862385 1.08871746
    0.903736949 1.52275932 0.661333203 1.41502774 1.4546802 1.48856544
    0.566704392 1.33279157 0.781776786 1.41843605 0.761443377 1.1706562
    0.734042406 1.34801173 1.33456743 1.01663435 0.915716112 0.773020089
    0.979424417 0.902885795 0.475190014 0.614007771 0.56579423 1.0707283
    0.792792439 1.3426367 1.06247997 0.912014663 1.2193234 0.722227931
    0.541302204 0.554917574 1.32494247 0.803577006 0.651700616
    1.36376894 0.840552926 0.891171396 1.4141475 1.12454522 1.51534617
    0.836816609 1.4663161 1.20595181 1.14631617 1.56354368 0.591920316
    0.788117409 1.44991589 1.40386558 0.908871651 1.46387744 1.05835831
    1.21390557 0.786266208 0.678774714 0.79857564 0.839862466 1.06501436
    0.672833383 1.19613791 1.49962008 1.03838706 1.02671731 1.36111701
    1.0834204 0.666864276 1.07689226 1.09785616 1.48775387 1.11383343
    1.37624204 1.4055655 0.990098715 0.570852876 0.874739885 0.831149697
    1.3333503 0.90895009 1.33800375 1.27670956 1.40942657 1.13462603
    1.15138578 0.873636603 0.678478122 0.985238194 1.09301519 1.11661053
    1.01216745 0.655170143 0.998099566 0.834834576 1.10461259
    0.789768815 1.01350069 1.17772853 1.37506568 1.12598515 0.840988159
    0.613427997 0.811347008 1.47082198 1.42189574 0.908993125 1.20220041
    0.922138274 1.28167379 0.929800749 1.2960763 0.783839047 1.171924
    1.01464665 0.911781013 1.21385598 0.715018153 1.33254409 1.46770597
    1.41411591 1.3741802 1.44914114 0.939861774 1.48129177 0.574866176
    1.38460779 1.04777718 1.37698805 0.861016333 1.37255108 1.07199121
    0.836685717 1.41529751 1.13232374 0.946779728 1.17869413 0.807441652
    0.724999011 0.967951775 0.561576605 0.69645375 0.566934466
    0.771463037 0.666589439 0.624438524 1.05575073 1.06692982
    0.528141201 1.15959287 1.05052412 0.725828648 0.67206347 1.23364484
    1.13671899 1.30078387 1.16084623 1.03509355 1.2101841 0.790139377
    1.09542501 0.699729502 0.55367732 0.565726519 0.570936143
    0.804649055 1.21754301 1.23561037 0.786428928 0.762064219 1.31061459
    1.44051123 0.670925021 1.32514405 0.688615739 0.971949816
    0.722561777 1.37718141 1.27598059 0.688311338 1.13338721 1.4471575
    1.1507467 0.870304167 1.47040081 0.822529137 1.35743523 1.40170896
    0.863475084 1.07997322 1.0711714 1.43072701 1.03488195 1.40224814
    0.536492586 0.699101031 0.663341045 0.635677516 1.11936843
    1.32868743 1.2614578 1.56137228 0.82761544 1.42660928 1.08582556
    0.976667583 1.52898729 0.836386502 1.5148859 0.880642056 0.961589992
    0.574260056 1.48020911 0.565423429 1.11978912 1.48913026 1.22894704
    1.49646914 0.957235992 1.18841982 0.956742525 1.36894596 0.637226164
    1.14790916 1.36845863 0.915666044 1.21860194 1.47429287 0.575641274
    0.965236008 1.05002666 1.21051049 1.06140912 1.072384 0.566646457
    0.572583079 0.757862508 1.36223316 0.989414096 0.915328622
    0.64996016 1.02750659 1.26351118 1.25063586 0.706023633 1.41525781
    1.19208384 1.22151303 1.26412284 1.20691133 1.25834692 0.904844344
    0.623258412 0.746031761 1.14967763 1.08603215 1.4986589 0.637634158
    1.12757361 1.51944768 1.12818575 0.841209233 0.807935834 0.923490465
    0.791175127 1.29528022 1.54095447 1.06837499 0.92898953 0.622233748
    1.37686563 1.3903091 1.13145339 1.40265274 0.568921387 1.28613138
    0.52026695 1.08821487 0.82502073 0.627338767 0.79152894 0.856581509
    1.10532534 1.33744824 1.44682002 0.582693458 1.26846087 1.36005688
    0.930770636 0.935178459 1.33295262 0.791847646 0.880078912
    1.17678559 1.05556595 1.48250389 1.33946812 1.35549915 0.600207865
    1.23151672 1.024454 1.02968943 1.55222011 1.54577303 1.10932505
    1.18094003 0.912513256 1.09782648 0.860886276 1.35935903 1.0355562
    1.23870146 0.799617887 0.783814549 1.3726728 1.02330613 1.18952072
    1.13390911 0.541703343 0.963705897 1.31629908 1.00088489 1.20150197
    0.868587732 0.686248541 1.48403621 1.30180359 0.883511484
    0.751271904 1.15629041 0.92770201 1.29063213 1.20756733 1.12641919
    1.49741149 1.3880837 1.41076469 1.20436144 0.874110043 1.07259107
    1.42811501 0.759403467 0.527213097 0.820945859 0.715555251
    1.04104424 1.43086755 0.762897909 1.47902298 1.30707908 0.727577031
    1.38533604 0.621946514 1.41573143 1.16635597 1.52166831 1.39002478
    1.48946333 0.889731765 1.05728304 1.35205865 0.67282784 1.02285075
    1.15793049 1.01020443 0.783149362 0.528944314 1.03105152 1.4665556
    1.2147764 1.03238058 1.41950202 1.31243479 1.56314409 0.929701626
    1.37294745 1.57003534 1.15661466 1.52196324 1.0217669 1.27570307
    1.45501316 1.47368538 0.74715215 1.52122784 0.589614511 0.86929369
    1.5290916 1.14984751 0.556364954 0.55914396 0.996727288 0.567658544
    1.33367646 1.30204022 0.554165602 1.1316179 0.56050837 1.16266882
    1.31068552 1.35253215 0.715902269 0.684576511 1.21700728 0.730019867
    1.26619411 0.80412662 0.917133331 0.622178972 1.48949218 1.2393893
    0.635272145 0.855903327 1.39778459 0.621193111 1.08259284 1.42902863
    0.666128516 0.922764122 0.79499197 0.632256806 1.14094579 1.19797981
    0.899011374 1.54603946 0.795918047 0.996446013 1.51193202 1.25826049
    1.41618431 0.857874274 0.970686972 0.872005165 1.16591156
    0.771530271 0.864524305 0.9755584 1.15950251 1.22468507 1.53103018
    1.01605225 0.607481778 1.27440035 1.25048804 1.47710371 0.840836227
    0.930471778 0.953841388 1.30168605 0.68314302 0.847247779 1.42748415
    1.12258518 1.38854611 1.068892 1.1126771 1.34028363 1.54121089
    0.668030798 0.945158362 1.54106557 1.03399634 1.06497443 0.916271091
    1.18168819 1.44440401 1.00909495 1.00661123 0.577834249 0.723604083
    1.4544872 1.05570507 0.688300312 1.10058796 0.892259002 1.45592976
    1.03149962 1.16332817 0.818869531 0.815380931 0.703920782
    0.945947647 1.29650986 1.18920052 1.24695885 1.40309501 1.12060428
    0.788939357 1.09497559 1.33812606 0.790248096 0.50982964 0.723774493
    0.518082857 0.555958629 0.846579254 0.600424111 1.24322033
    0.536119998 1.41210759 0.902674556 1.51715338 0.94999826 1.27932155
    0.536850631 0.476784647 0.665478468 0.366678774 0.650291204
    0.787479162 1.34614754 0.503369927 1.26014781 0.820514679 0.55484271
    0.679090381 1.28750265 1.36471236 0.81576103 1.50428808 0.786052704
    1.03260422 1.34608877 0.917481422 0.941666245 1.28192687 1.05296636
    0.741430521 1.3523432 0.864321887 1.50037229 1.14748216 1.09376264
    0.654001713 0.902685702 0.614291668 0.859304607 1.21858132
    0.644270301 0.978594124 0.621489465 0.651616931 1.15282595
    1.10043645 1.06407022 1.40857697 1.31194878 0.712304473 0.66504544
    1.24027002 0.67826277 1.35031044 0.827424586 1.47067916 0.674273908
    0.615094721 0.991474569 1.06112707 1.08571362 0.755535185 1.2157712
    1.53047907 1.1779176 1.05585372 0.911904037 1.53452933 1.39472079
    1.07894707 0.946173668 1.46902883 1.5249145 1.30213463 0.958022237
    1.10419869 0.645026863 1.46270156 0.819890559 1.26070499 1.33111334
    1.17247343 1.40767932 1.1633867 1.13431466 1.43681288 1.42458045
    1.46371984 1.18483555 1.40304649 0.678713202 0.825839162 1.45203471
    0.719124079 1.35393608 1.3944006 0.970367968 1.21095085 0.597449064
    0.975203633 0.752605855 0.61333555 0.632161498 0.513482988
    0.890633821 0.644766986 1.14948761 1.20278203 1.10749507 1.44696796
    1.25200474 0.911656797 0.949378252 1.0568217 1.31996262 0.707496047
    1.06440437 1.28843153 1.39298522 1.0582546 1.34576702 0.681800187
    0.656531572 0.628828108 0.828717589 1.18781948 0.79153949
    0.721469283 1.30344188 1.30252182 1.03864312 1.51235759 0.930918217
    0.945372343 0.965971947 1.18984115 0.717415631 0.853449106
    1.13880479 0.886594057 0.573643506 0.959527373 0.807348132
    0.765444279 1.22878432 0.780067801 0.9692927 0.629643202 1.34041762
    0.765253127 0.769047856 0.671917081 1.32136679 1.16134 1.01788735
    0.533725798 1.01528144 0.620724201 0.959186316 1.37240148
    0.993876219 1.27080464 0.876520216 0.529990196 1.10465324
    0.674575686 0.685830891 1.36932862 1.26306295 1.16606069 0.652340829
    0.639962733 1.51123846 1.15278971 0.792346179 1.30052865 0.975985348
    1.20511127 1.15220928 1.21770453 1.2641933 1.57431841 0.882649183
    1.49716401 1.18328619 1.59309638 1.50680268 0.814874828 0.905740142
    1.27854002 1.37859273 0.861887395 1.50222898 0.941621244 1.50227296
    0.697828114 1.47520566 0.965847731 0.618699014 0.897291541
    1.22210836 1.36628509 0.962315798 1.24062502 0.553027034 0.658632874
    0.936436176 0.848079801 0.679548264 1.39891493 0.841531634
    0.581665277 0.594507515 0.960793793 1.10308433 1.12227225
    0.867098451 1.44009531 1.4940207 1.05205464 0.62916708 1.07710946
    1.54429018 0.593172312 1.21482503 1.49276209 1.02569449 1.07818067
    1.5006485 0.75935638 1.45690215 0.642986059 1.50936806 0.848219812
    1.18849969 0.94335115 1.46301484 0.65397656 1.44708407 1.28817332
    1.19850409 1.04521477 0.957416952 1.08698249 0.607303858 1.33037543
    0.925736368 0.855719209 1.20393956 1.34161472 1.3582046 0.718652666
    0.816738367 0.990573764 0.940094769 0.522130013 1.40960157
    0.900297642 0.84159708 1.38036036 1.27907932 1.28835082 1.28812146
    1.08787107 0.810486376 1.18593502 0.832016706 1.02220023 1.38404155
    1.09180367 1.3046267 1.26109815 0.867444098 0.893354058 0.904913366
    1.41817105 1.10729194 0.65976578 0.891453624 0.78887552 0.641485989
    1.51137412 1.32317472 0.684014142 0.671399832 1.27001023 0.605373323
    1.14867568 0.970281005 0.614067733 1.1698935 0.575158179 0.531111181
    1.02573729 0.54662025 1.05717242 0.852760553 1.28863835 1.37106109
    1.16195571 0.762182355 0.774646461 1.55119848 1.26898932 1.10847723
    1.03486907 1.29328442 1.01724803 1.14183557 1.51496542 1.55218971
    1.29089129 1.15945125 1.34388459 1.01846111 1.54507208 1.20989716
    0.848654568 0.606290162 1.53106046 0.803215683 0.618813634
    1.23586571 1.32826924 1.34006035 1.39858055 0.873784661 1.17288113
    1.0401988 1.19620585 0.656877518 0.587899268 0.770253301 1.48914945
    1.12731707 0.720879197 0.610234022 1.54010224 1.2726748 0.941798806
    0.867270768 1.5803895 1.24611664 0.65655297 1.0213027 1.42471457
    0.630780756 0.885961294 1.34511125 1.39620852 0.988904297 1.40030837
    1.35114598 0.910061061 1.09139812 1.10967672 1.19335556 1.00182354
    0.805825651 0.762190342 0.511527956 1.03632903 0.791384697
    0.56051743 1.26257861 0.660282671 1.35318756 1.22980595 0.724163234
    1.50551701 0.578619838 0.839209259 0.785169363 0.816482782
    0.996783555 1.18651474 0.742940784 0.730113268 1.30407286
    0.941611409 0.559040844 1.16266418 0.632606387 0.976625383
    1.42435098 1.02335405 1.35274744 1.44231796 0.752591014 1.2149955
    1.3110832 0.836020589 0.572317302 0.942241311 0.557529747 1.23406339
    1.11440396 0.990956724 0.892437279 0.745733678 0.963558197
    1.09654582 1.48013413 1.23679531 0.744768381 1.35890329 0.965368986
    0.658307672 1.07687247 0.971288204 1.24418426 1.29430199 1.21758711
    1.34431446 1.05226004 0.756660819 1.25213242 1.40386641 1.46791065
    1.32279658 0.946477056 1.47258687 1.036901 1.48237109 0.579913616
    1.18784726 0.789006174 0.634718001 0.948747993 1.30331194
    0.566996813 0.98027277 0.629287541 0.634087205 1.12773108 1.05076432
    1.35428023 1.14409089 0.809088349 1.58512735 1.42692876 1.48972619
    1.18938947 1.30739057 1.17369819 0.726679504 1.15039361 0.640184999
    0.810016155 0.591129482 1.34481871 1.20229137 0.743052602 1.10462844
    1.08598304 0.94321847 1.55316818 1.40607715 1.04928613 1.07607043
    0.850915849 1.38210404 1.15749669 1.22135377 0.991802335 1.11043584
    0.767563581 1.01926792 1.47743022 0.895568848 0.606176078
    0.981822014 1.13448679 0.803206146 0.763006151 0.971411169
    1.39113545 1.24422765 0.594095945 1.13084781 1.56390762 1.13374043
    1.5102067 0.917828202 1.05053997 0.853088975 0.578624129 1.50668538
    0.95989728 1.31100225 0.886675298 1.48159587 0.926728725 0.883077919
    1.34015048 0.597714067 1.04750109 1.15290701 1.41933393 1.55792081
    1.48713875 0.606578469 1.17750275 1.05448866 1.51372969 1.36997092
    0.786243379 1.21655142 0.670191407 0.87756139 0.537118196 1.13200414
    0.688598573 0.960258305 1.2434001 0.838359177 1.43867242 0.879863858
    1.05091298 1.16032481 0.555170238 0.375858426 0.607118607
    0.711174965 0.70123297 1.3066045 0.639883518 1.05139422 1.33742368
    1.36012459 1.12016451 0.642381489 0.547414303 0.640422881
    0.629867733 0.695896089 1.22205234 0.667483628 1.19948781
    0.775960028 0.978336275 1.26056647 0.573784888 0.958274662
    1.06649315 0.941389322 0.595760882 0.831668556 0.826723933
    0.663054287 0.879588544 0.780814171 1.21530843 0.977991104
    1.05860007 1.45215523 1.54859102 0.638340175 1.35684729 0.753565311
    0.975495577 0.897488832 1.36044717 1.39725757 1.40156078 0.973028302
    1.52599871 1.41343129 1.36098838 0.653236687 0.640030265 1.50505912
    1.24552894 0.932375014 1.38298488 0.604043722 1.14271724 1.1533674
    1.25824308 1.09620476 0.610614955 1.04023147 1.18561161 1.04312968
    1.15027261 1.10463214 1.10364878 1.20064223 1.07975864 1.47640777
    0.913603902 0.798090696 0.815120697 0.794829071 0.55695802 1.1930207
    1.06140518 1.23307538 1.48670316 1.51005292 1.34223628 1.03391922
    1.07906914 1.30878258 0.563599706 0.741819561 1.03706837 1.10447812
    1.26876473 0.546369433 0.876254857 1.24792123 0.8149755 1.05770385
    0.901723087 0.882732213 1.42601132 0.722592533 1.05355954
    0.732695103 0.926595211 1.15852928 1.03516233 1.29010963 0.587276459
    0.926309288 0.905446827 0.631456733 0.648168862 1.45442259
    1.28681457 0.817359328 1.00145483 1.5229876 1.41912961 1.10943723
    1.07241094 0.951246321 1.40901101 1.34547007 1.14212501 0.90602994
    1.04300308 1.47333276 1.38675952 0.872938633 0.751347184 0.66127342
    0.601735651 0.781708479 1.40181375 0.985936463 0.669735372
    0.609228373 0.613798797 1.37490702 1.36094654 1.2033577 0.888125777
    1.18599081 1.03124762 1.34817243 1.25007558 0.939937532 0.822400153
    1.46352684 1.12377274 0.708373487 0.801194489 0.798278213 1.17774308
    0.529017389 0.568359971 0.991325796 0.800130665 0.570133388
    0.70791167 1.40812266 1.34992599 1.05159402 1.1806103 0.835527301
    1.16223669 1.05348003 1.13412201 0.577272534 1.2751925 1.39937079
    0.623393893 1.25928092 1.40652347 1.26478124 1.29307032 1.54383397
    1.12334609 1.10433078 0.760361016 0.678777456 1.58869338 0.778067112
    1.2606163 1.48947227 1.28760445 1.42468333 0.533527911 1.05100739
    0.925758302 0.625507772 1.47081721 1.30257857 0.70395124 1.35842657
    1.15636015 0.935061872 0.748061776 0.883773208 1.4639945 0.915092647
    1.2674545 1.52596474 1.50318968 1.28900015 0.550832629 0.850486457
    0.849677861 0.754228294 1.20420027 0.891548216 0.741890073
    0.743469417 1.52560055 0.639012992 1.56883585 1.55883586 0.918860495
    0.737190902 1.54434264 0.829191148 1.47297621 1.33682597 0.632272065
    0.722824156 1.29035366 0.986217976 1.4375596 1.4872272 1.04849827
    1.38238013 0.590677738 0.804578125 1.43781662 0.812515557 1.01164353
    1.0248704 0.858568966 1.16696179 0.651243627 1.1266768 0.883410454
    0.665838838 1.11055493 1.07464385 0.849459887 1.15524042 1.11291909
    1.40469694 0.572807908 1.178406 0.823414564 0.586618245 1.41016245
    1.11310101 1.38100767 0.537956357 0.637266517 1.28405249 1.03268993
    0.978928506 0.353788733 1.12716734 0.872502565 0.731783688
    0.94569397 0.749345243 0.539569974 0.759546161 1.10226107 1.05894697
    1.22205436 1.38842547 0.522957742 0.823252439 0.667697489 1.40840459
    1.27647507 1.13118017 0.830386996 0.651125371 1.1695919 1.25635684
    1.30488586 0.893706739 1.47298717 0.666812062 0.970160484
    0.637065351 0.726218104 1.16362631 1.08477867 1.03704453 1.29856217
    0.838225901 1.08209991 1.36627936 1.31284285 1.1168493 0.967890561
    0.672540963 1.46536565 1.42179346 0.614333689 0.737089574
    0.568304479 1.22213626 1.10412705 1.10367 1.5037607 0.731149137
    0.58733654 0.662684441 0.541194797 1.22599268 1.09718144 1.19117153
    0.844046652 0.763074875 0.814916134 1.30531311 0.730471849
    0.878336072 1.40323949 0.874213696 1.41475642 0.537617505
    0.700320184 0.992385685 0.629133224 1.08182847 1.45728743
    0.584032297 1.26664305 1.436975 1.31474853 1.31237841 1.11293089
    0.61307925 0.669642866 1.34400678 0.559803009 0.825636864
    0.991825879 0.669456959 1.10908771 1.362082 0.974121094 1.19574678
    0.56054163 1.36027563 1.0870502 0.902273178 0.835443676 1.09925365
    1.28957856 0.86856842 1.10096991 1.22440732 0.593539774 0.685940564
    1.08552599 0.937061727 1.26054394 1.08288383 0.969266593 1.47581398
    0.571260452 0.698551893 1.17148924 0.955356181 0.618299484
    1.27965987 1.44160807 0.96421349 0.800386846 0.982374132 0.560373068
    0.828900218 1.33623326 0.616353452 1.08340693 0.834998488
    0.650802016 1.32778955 1.05902815 0.733460367 0.49442023 1.48579967
    1.37404633 0.967303455 0.685256958 0.966766953 0.779499114
    1.12479925 0.711480319 0.861809015 1.44174302 1.06602979 0.982453704
    1.29650402 0.729649782 1.06462693 1.38887203 1.16480029 1.36607003
    0.934249461 1.49976635 0.905964017 0.946466208 0.970141292
    1.04614699 0.571452737 0.951128602 1.34078586 1.00872958 1.4696058
    0.553056777 0.894132793 0.753415525 1.37259793 0.848110676
    1.20370376 1.19492829 0.562201619 0.803410053 1.04040754 0.742037237
    1.019117 0.597194195 1.06169355 1.49144053 1.4951067 1.15676761
    1.57377458 1.39902353 1.36846399 0.979226947 0.638959169 1.39140224
    1.15876615 0.958131313 1.14851451 0.560829043 1.16243529 0.697439313
    1.22911942 1.27076364 1.36521018 1.11178768 0.786682427 0.988015175
    0.709667802 1.04751682 1.27927721 1.29830396 1.04889965 0.617000699
    0.62658155 0.79063952 1.23863435 0.993750274 1.41018593 0.854865611
    0.763414979 1.06957448 1.1435554 0.96204561 1.1791141 0.789398253
    1.20269346 1.01917088 1.42359865 0.886489511 0.924504638 0.675189435
    0.578148305 1.11339188 0.570574522 1.30964136 1.49297404 0.578908324
    1.26519752 1.17876518 1.22927833 0.601740539 1.09822762 1.11930358
    1.54699588 0.615897059 1.19151878 0.792270184 1.43448532 1.45695865
    1.03294742 1.00477064 1.44943345 0.73562485 0.808556676 0.684683025
    1.19125175 0.679497659 1.24808764 1.02011859 1.32467961 1.33150804
    0.845666587 1.24829769 0.781792998 1.21281052 0.762746513 1.0188843
    0.494818002 0.817401588 0.762675345 1.2801435 0.768474162
    0.423628181 0.979497671 0.571445525 1.09500194 1.34757292 1.23761988
    1.19483018 1.02935791 0.551902592 0.585389435 1.15875781 0.871618569
    0.50434494 1.08421683 1.18695521 1.02741969 0.82716471 0.594887435
    1.01647115 1.29406452 0.492310345 1.02227175 0.976290405 0.542671502
    0.779401004 1.20542312 0.461080283 0.713190913 1.19259465 1.02029037
    1.18140244 0.934920967 1.28570116 1.50562561 0.761167526 1.21595097
    0.66065383 1.06275749 1.10730433 0.488927543 0.510040939 1.05121481
    0.97559166 0.877498925 0.769294083 1.1142962 0.704300642 1.33282053
    0.595009327 0.674787998 1.45366263 1.37511182 0.829101443
    0.986747742 0.922289729 0.982680798 1.05091393 1.19878805
    0.715856254 1.1554364 0.739335537 0.6723755 1.29379165 1.17793763
    0.832614064 1.28842294 1.44687533 0.655657828 1.11316359 1.46698892
    1.25505352 0.882709622 0.920839727 0.987557948 1.42571855
    0.597639322 0.611038804 0.757888615 1.3934474 0.948881745
    0.750509202 1.17983627 1.13913393 0.568068266 1.38277888 0.697175026
    0.731930017 0.562120855 0.451634347 0.582259417 1.08857226
    0.476308793 0.873504639 1.36775446 0.838677704 0.982164681
    0.868708253 0.793628931 1.37592673 1.26244295 1.50541162 1.44249499
    1.08266878 1.32926166 1.17636561 0.64038378 1.40041053 1.297171
    1.44685864 0.542298734 0.772035837 0.699631572 1.39186406 1.07135201
    1.05878317 0.836888611 0.977308631 0.517143965 1.43768787 1.50048637
    0.621178567 1.07607627 0.587631404 0.871167183 0.575470567
    0.615745425 1.4353838 0.56409198 0.852943718 0.883993328 0.971329927
    1.15638196 1.04147196 0.764843702 1.19098234 1.08878577 1.1454215
    0.846296966 1.07298338 1.12952411 0.535973072 0.745277882 1.4354682
    0.682059586 0.573937058 1.20399797 0.537742317 1.29634941
    0.711964011 0.774453878 0.456878871 1.28847551 0.704110622
    0.851658642 0.87816596 0.754335821 1.18861151 1.41960716 0.880654097
    0.760977447 1.27897215 0.622380376 0.809026241 1.06993723 1.44763374
    0.603650331 1.40150058 1.01876009 0.664664209 0.745951772 0.76961422
    1.0650419 1.33751428 0.838806808 1.44319022 1.15918016 0.659664989
    0.941079736 0.827720165 0.516797125 0.605033398 1.46948206
    0.883446336 1.25134754 0.653973699 1.47735429 0.718347073 1.13370872
    1.49328113 1.02904344 1.43463266 1.27926481 0.535854936 0.82617867
    1.44626999 0.54916209 0.577967346 1.29326224 1.37517929 0.701014817
    1.46417606 1.32866287 1.35755336 1.36942375 1.08187699 1.31464565
    0.727856934 1.17967439 0.54786092 1.33875906 0.540850282 1.48735464
    1.37345827 1.51698077 0.926421404 1.11528194 0.517694771 0.504200459
    1.15981436 0.49095118 0.969217241 0.861724436 0.939404368
    0.664201081 0.599093139 1.32504761 0.834246695 1.44876122 1.47412813
    0.766874015 1.36105621 0.519169509 0.614973247 1.20186627
    0.746701062 0.649919927 0.986161411 0.922878742 0.97621268
    1.11274731 0.553220451 1.1109463 1.21827626 1.05588162 1.3304342
    0.842778921 0.552582562 0.489691824 1.32169843 0.52925539
    0.832271099 0.882104397 1.01498187 1.23790658 0.713479578 1.12321579
    1.11435997 0.922307372 0.926863074 0.697544694 0.494987667
    0.438483685 1.43110883 0.612237215 1.13534033 0.916858077 1.34310532
    0.439715803 1.05539763 1.43122792 0.782926559 1.44540906 0.821439147
    1.1811862 0.84175837 1.07358575 0.765714288 1.29442203 0.589894414
    0.883917511 1.2459383 1.29306972 0.56148392 1.24716222 0.770575404
    0.94690752 1.3943367 0.568716705 1.44246256 1.01383471 0.636145473
    0.970147789 1.35635352 0.693894029 0.6869573 0.662213922 1.03601921
    0.507055879 0.679345727 0.913242936 0.596999168 0.657893062
    0.850667596 1.04242253 0.788630962 0.550222754 0.462719709
    0.599785507 0.949261963 0.444548756 1.16007483 1.04377151
    0.617282033 1.32465363 1.07517529 0.97893095 0.576191783 1.25160313
    1.37533748 1.44618928 1.22260213 0.443524212 1.22788513 0.808898091
    0.487017632 1.33081508 1.1321677 0.633786559 0.652220845 1.15359354
    0.606763482 0.61129725 0.580492914 1.40686178 0.554678679
    0.598503709 1.05005074 0.450055897 0.584067285 0.558575988
    0.822454572 0.416348934 0.476404727 0.905038953 1.3583653
    0.778934002 0.90222621 0.633580267 0.563683867 0.694808781
    0.607183695 0.946834624 1.13707399 1.26898456 0.597341835
    0.734615862 1.37634194 1.22674751 0.857449055 1.28219664 0.786480308
    1.21363235 0.578128874 0.669604719 1.22790337 0.597882092 1.42491663
    1.04057825 0.481925756 1.39661884 1.20783627 1.09300673 1.0078752
    0.546305001 1.36442852 1.10593796 0.940224946 1.15340042 0.52136308
    0.609022737 0.990133166 0.766477525 1.1945101 1.18068564 1.30060637
    0.50169915 1.36404049 0.598281503 0.512864709 1.08940053 1.07017422
    1.34559202 0.608608544 0.794089556 0.882294536 0.977587938
    1.45264506 1.17735648 1.05504072 0.938238084 1.01406205 1.25242376
    0.954235673 1.0992502 1.29663539 1.32657826 0.521061599 0.396677494
    0.741704166 0.583096266 1.40469551 0.892203093 0.785338402
    0.843677759 1.13897753 0.545257092 1.10578978 0.476041883 1.41445589
    1.12316728 1.1027087 0.861729383 0.75993675 0.559190512 0.537369251
    0.559839249 0.814628184 1.09938121 1.13744152 1.06450725 1.29916072
    1.27832973 1.22072804 1.31692874 1.10116708 0.753572643 0.947217286
    1.13085127 1.26211178 0.840402365 0.472589523 0.557897449 1.15816593
    1.49699223 1.15106809 1.22078633 1.20851219 1.06825125 1.4435488
    1.32485902 1.00339878 0.770091891 1.43715358 0.642101049 0.569177091
    1.2456677 1.244349 1.19807565 1.25885355 0.976467669 1.25296867
    1.3939966 1.40834761 1.41085505 1.18076026 1.021034 1.1002059
    0.7360816 1.2663846 1.32517707 1.03628027 0.698749661 0.680553675
    0.747012317 1.25420403 0.668481827 1.21761012 0.853178203 1.24763906
    1.32801664 0.536640286 0.693306327 0.787420571 1.38384092 1.3759371
    0.739100456 0.812606871 1.14313006 1.07738316 0.727793097
    0.775151789 1.44630027 0.974607646 1.39554608 1.28217411 0.555429816
    1.05863738 1.45379376 1.33580375 1.13812232 1.3810761 1.3793354
    1.02745044 0.548811197 1.09630799 0.619468033 1.10979402 1.38699698
    0.890955567 0.896760523 0.352592647 0.840132773 0.308466554
    0.750195146 1.03330243 1.09230494 1.17189062 1.00859213 0.643568277
    0.966280282 0.58701843 0.568554223 1.279441 0.958296597 0.844478905
    1.10100985 1.36309588 0.587488532 0.656803906 1.18942463 0.491762042
    1.23825395 0.643767297 0.44107601 0.910743892 1.35051894 0.747546852
    1.291201 1.23204744 1.34396434 1.1748836 0.991387844 1.19144428
    1.20174813 0.554551542 0.709569395 1.31492352 0.602934122
    0.471095532 1.27670956 0.777947903 1.0733552 1.2242111 0.887434363
    0.367807776 0.740091443 0.463977545 1.28027105 0.718972027
    1.05547214 1.37044668 0.958900988 1.02620602 0.996976435 0.43017295
    0.735726058 1.18950438 0.532361865 0.823028982 1.12483048
    0.968571484 1.18029761 0.957688153 0.499328047 1.05846143
    0.940460801 0.552469194 1.21714246 1.14918172 0.460693777
    0.617384195 0.798987329 0.798205674 1.07157028 0.433063239
    1.17060769 0.388132304 0.403997838 0.842010379 1.27621675
    0.433763802 1.25817895 1.30212867 1.14711022 0.680168331 0.568780899
    0.636407912 0.347501844 0.787578344 0.75173372 1.09574187 1.26870358
    0.93629694 1.33735824 1.28993356 1.05925226 1.34390354 0.956340611
    0.462447703 1.38949394 0.549212277 0.865108073 1.41713381 1.24154723
    0.902733088 0.544741392 1.28965914 1.06983519 1.28134036 0.592097342
    0.923382342 0.485257924 0.380503416 0.877637923 0.978988707
    0.520164013 0.627331316 0.428489149 0.638846934 0.528894663
    0.823136508 0.801001012 1.37254488 1.19880104 1.24584377 1.05223584
    0.43404302 0.825618386 0.9535653 0.903871953 1.02971661 0.671972394
    0.741045356 0.918317437 0.805308044 1.10466599 0.859456241
    0.450689763 0.91726315 0.874765456 1.18267524 0.732885778 1.20480525
    1.02451479 1.38001156 1.35675824 0.614011645 0.961072147 0.690422535
    1.01892185 0.514110088 0.533007324 0.692177176 0.530085921
    0.862907887 0.869739473 0.930328488 1.2149682 0.4634085 0.37054792
    0.842116117 1.02763402 0.40193522 0.896514297 0.6357072 0.824330807
    0.954617679 1.2247225 1.08112681 1.19388449 0.964342713 0.94442296
    0.816140294 0.84283793 1.00830925 1.20483649 0.710969567 1.0909369
    0.907948434 0.434706151 0.664595723 0.439916551 0.78398186
    1.00390458 1.23677027 1.31092787 0.465419561 1.15519691 1.25649929
    1.22047067 1.37555993 1.08977187 1.11754262 1.06948245 1.4352051
    0.852227449 0.587953746 1.04805017 1.31682444 0.844926894 1.29214585
    1.30376327 1.07984293 0.738640487 0.767267466 0.409079134
    0.596893191 0.651509941 0.915771246 0.973487973 1.19119418
    1.08221376 0.995228291 1.26280355 0.723178446 1.13088655 1.16726232
    1.13351583 1.1281575 0.981960416 1.22220552 1.04293728 0.740668237
    0.940340221 0.690643907 0.892142296 0.693517148 1.07388544
    1.38550985 1.23260128 1.32177556 0.783227623 1.11025047 1.37833953
    1.2208159 0.558274031 1.42298734 1.24114227 0.851827979 0.977719843
    1.19450331 0.848159969 0.86388886 0.930643618 0.936031699
    0.960175157 0.747906268 0.945526838 1.31634605 0.839984179
    1.19813395 0.653763592 1.0185374 0.827340961 0.375590086 1.28772378
    0.885180652 0.617091 0.47981292 0.305703133 0.604260683 0.757729113
    0.754043043 0.664292336 0.854572594 0.85555625 1.26702154
    0.637449861 1.24477923 0.768714666 0.869851172 1.08539855
    0.486049771 0.77347672 1.26352358 1.03694475 0.401284724 0.556705713
    0.701473594 0.468824923 1.14560878 1.06797028 0.795074642
    0.843239546 0.45288226 0.749796867 0.363928229 0.989560187
    1.03457499 0.462323129 0.409887552 1.11627555 0.678055227
    0.740932941 1.28542161 0.784711659 1.21437407 0.949096143 1.13036489
    1.02190399 0.352206767 0.580391645 1.05921388 0.78235209 0.521271646
    0.957436979 1.14339006 1.23252046 0.834635019 0.516711712
    0.662965536 0.405888468 0.644474089 0.798324764 1.28207147
    0.382705152 0.7726928 0.348840922 0.566936731 1.26092958 0.457891762
    0.319879055 0.41299203 1.10342038 0.551157951 0.856566846
    0.331262261 0.364710689 0.538835406 0.732435167 0.609413147
    1.14422309 0.822604954 0.644384503 0.945583105 0.879554689
    0.720500648 0.776653945 0.797779799 0.322448224 1.23079765
    0.477674037 0.80810219 1.00252271 1.20525932 0.52516377 0.772986591
    0.310889006 0.896494746 0.375273257 0.702335238 0.603816092
    0.517589986 0.75905627 0.545660853 1.23136687 0.944739282
    0.812642515 0.5114398 0.699542403 0.666305423 1.21707177 0.76975745
    0.920969725 1.30435216 0.910001695 0.410769284 0.999510527
    0.836026371 0.748048425 0.755494177 0.34019053 0.833484232
    0.757313907 1.13937247 0.82060945 0.458640367 1.29732394 0.983682573
    0.960616887 1.27427089 1.27325082 0.768772364 0.792619467 1.30035365
    0.768164992 1.25833869 1.18303168 0.632439315 0.842044532
    0.747741222 0.739982486 1.18295419 0.909096241 0.349467099
    0.982290208 0.420393974 0.595288694 0.35789448 0.636104822 0.5498842
    0.963294506 0.840009868 0.910981297 0.349163949 0.379642338
    0.916195214 0.447936714 1.05424917 0.322678149 0.376198202
    0.352656752 0.957720339 0.583452761 0.802281916 0.384336054
    0.622067511 0.824525356 0.509238243 0.450634301 0.543456078
    1.14662373 0.352528632 0.785161674 0.418976843 0.840584457
    0.757169187 0.730185509 1.00072753 0.576936483 0.347163618
    0.813626826 0.547245979 1.0361197 0.347370416 1.11284077 1.24716842
    0.651246488 0.610055387 0.995868742 0.526214063 0.818487525
    0.991272211 0.781663656 1.0238564 1.23021984 1.3586508 1.10480177
    1.0474869 0.977337658 0.691063404 0.754886866 0.978298783
    0.786692202 1.06428885 0.501855373 1.17197716 1.30292284 1.13985002
    1.137447 0.760305822 0.653026164 0.565561414 0.416883469 0.610028148
    0.693645418 0.3795636 0.582115531 1.04456091 0.41498962 1.08481705
    1.24466777 0.604407728 0.749986231 1.17098141 1.02582121 0.464036226
    0.380732805 1.13636398 1.1394645 0.565472424 0.884711206 0.616994739
    1.14134932 0.463258475 1.15131795 0.479236245 1.24879193 0.506586015
    0.620361209 0.954548299 1.08841383 0.625459552 1.26258934 1.3632046
    1.06054449 1.27902448 1.35949862 1.20902979 0.879065394 0.692491472
    0.667333722 0.331398606 0.521775484 0.366977304 0.770918608
    0.708007991 1.04838467 0.392886817 1.087147 0.886840522 0.559983313
    0.892172098 1.18276966</data></your_img>
</opencv_storage>
