<?xml version="1.0"?>
<opencv_storage>
<g>1.5900000000000001</g>
<r>9</r>
<filter-type>1</filter-type>
<circular>0</circular>
<L2_diff>160.15289371937178</L2_diff>
<test_img type_id="opencv-matrix">
  <rows>128</rows>
  <cols>256</cols>
  <dt>f</dt>
  <data>
    0.232576251 0.411214113 0.0787745416 0.713869572 0.385068774
    0.678070784 0.782257199 0.663307011 0.595425904 0.234153569
    0.235250831 0.590499043 0.672093749 0.528870463 0.213718563
    0.847463489 0.730506897 0.181508899 0.924473703 0.375429958
    0.941739678 0.376631051 0.628520489 0.439962327 0.656971693
    0.764951885 0.135868073 0.943313122 0.575641513 0.123081535
    0.22554186 0.990724444 0.719445229 0.468615979 0.570352852
    0.102077931 0.716841638 0.277848899 0.511841714 0.451067805
    0.842205226 0.409313619 0.784928322 0.209584385 0.516806364
    0.176935643 0.823857665 0.620386004 0.478427112 0.208521873
    0.717623591 0.895656466 0.727578402 0.905051827 0.52234441
    0.813825965 0.652761996 0.589442909 0.372225344 0.200421274
    0.949220717 0.35783726 0.32524699 0.79667443 0.017729491 0.650627255
    0.270886064 0.525393903 0.831700444 0.849354744 0.655657649
    0.0941265821 0.895386696 0.25224185 0.301400602 0.101145595
    0.874730825 0.0149788558 0.707251132 0.756293893 0.826715708
    0.507216454 0.3600927 0.633276701 0.82461226 0.621316016 0.709367633
    0.911070824 0.962338805 0.550673604 0.404716164 0.445951045
    0.08866781 0.468111187 0.992218673 0.161562145 0.594949961
    0.469866335 0.977149487 0.711344063 0.743954778 0.00640639663
    0.446807683 0.977497935 0.335022867 0.430530846 0.574265361
    0.980931044 0.982518196 0.116715431 0.743719995 0.570736229
    0.0581808984 0.361663699 0.260698915 0.402839422 0.948987007
    0.0268283486 0.532078981 0.894784093 0.843630195 0.997740388
    0.131628156 0.218418032 0.0205436349 0.811578989 0.166122288
    0.292981207 0.612428308 0.293841898 0.0376390219 0.0860801041
    0.396077693 0.640634716 0.285547584 0.290425539 0.836992145
    0.0812462568 0.478383482 0.650853097 0.257536143 0.689176798
    0.45661968 0.0865593851 0.763620615 0.837946296 0.688273787
    0.113054425 0.61458391 0.964944661 0.0610828698 0.795405746
    0.735461712 0.188068897 0.77741456 0.521332145 0.948024273
    0.40035671 0.975764275 0.725813508 0.370738566 0.799169779
    0.952903509 0.613646507 0.66510725 0.607126713 0.0952015221
    0.704046845 0.71557647 0.170965225 0.503073514 0.354300797
    0.603752971 0.27946794 0.339471579 0.152646899 0.0338785946
    0.76649642 0.0858648121 0.269868672 0.150317729 0.18732518
    0.657791734 0.701021433 0.180850357 0.14022851 0.891255856
    0.98154819 0.0556337535 0.184116334 0.176580697 0.0749023557
    0.770484746 0.751350164 0.64659375 0.27567479 0.837929428
    0.746551335 0.395556718 0.907533705 0.0385274589 0.537371874
    0.283015013 0.758773208 0.372882724 0.530235052 0.833926201
    0.918695748 0.648265302 0.816714048 0.622915626 0.672178507
    0.811991692 0.78951478 0.915999532 0.437484562 0.633908212
    0.943169773 0.143361181 0.0699371696 0.414933503 0.413054973
    0.803527653 0.0745961666 0.794460535 0.799042761 0.142237991
    0.940393329 0.223917097 0.834988475 0.526205838 0.588015676
    0.894345045 0.979126573 0.574040115 0.271327674 0.621873975
    0.818558216 0.704952598 0.876022398 0.404751152 0.588751495
    0.15905112 0.920657456 0.440351009 0.572914183 0.88406539
    0.965039372 0.611941874 0.999824882 0.386088043 0.183988154
    0.385273874 0.990559578 0.271548837 0.550691843 0.103613764
    0.888356566 0.492371917 0.283248365 0.421689272 0.669995368
    0.403391838 0.845219374 0.987146974 0.401395321 0.0739922523
    0.0666684806 0.331266463 0.379446983 0.578052819 0.404914171
    0.652137339 0.234306633 0.866585016 0.305594146 0.344633758
    0.837736309 0.937393069 0.72331512 0.875181556 0.157807648
    0.389728725 0.201269686 0.920372665 0.213450998 0.729084611
    0.737143636 0.709584117 0.688689232 0.340951622 0.374816567
    0.637242794 0.808452964 0.939998865 0.458546549 0.0532102883
    0.00514110923 0.285648435 0.0760211051 0.721621156 0.617556512
    0.538588703 0.670278728 0.269370288 0.824354768 0.704488635
    0.674665093 0.656101823 0.744491994 0.738863885 0.699371517
    0.730358124 0.536056161 0.89991641 0.639517844 0.637465179
    0.973454654 0.422062933 0.725579262 0.474410534 0.803260803
    0.636275172 0.635184824 0.673552096 0.90727824 0.194350541
    0.0839636922 0.806891561 0.349750072 0.0525670052 0.439341724
    0.670822859 0.225754172 0.218223006 0.28281635 0.850161791
    0.120599717 0.866913915 0.966062069 0.520133674 0.873018503
    0.0124956667 0.233759642 0.0670551956 0.825417101 0.268116385
    0.0795069635 0.142925978 0.828624845 0.308484286 0.844979644
    0.416273296 0.829724252 0.915025115 0.355940878 0.584667504
    0.985856891 0.256719828 0.938885927 0.402666509 0.213781357
    0.455114186 0.922152877 0.673125863 0.924500883 0.548044384
    0.171841949 0.6043244 0.739263296 0.42988047 0.467606068 0.17650947
    0.825266182 0.589895725 0.202092916 0.973037362 0.75643003
    0.892083645 0.407040119 0.88997817 0.15225929 0.908094645
    0.467176199 0.0633043349 0.216021508 0.440848708 0.452317446
    0.297338098 0.70410347 0.262115628 0.296273112 0.0758707225
    0.723102152 0.679647386 0.480066806 0.361796856 0.515807629
    0.606471777 0.116308689 0.300816625 0.694943726 0.176633835
    0.854510248 0.0655506551 0.0187523961 0.485480249 0.0941644907
    0.994473815 0.147485256 0.422771782 0.444883645 0.421737343
    0.699834347 0.167581379 0.25002864 0.713067591 0.0572677255
    0.0361823142 0.908107996 0.876021028 0.665913463 0.659493327
    0.245264858 0.039401263 0.968330383 0.965281248 0.838669062
    0.554294705 0.748073936 0.826646209 0.941265404 0.140949726
    0.436754465 0.119844645 0.988678932 0.823191822 0.291339278
    0.262281835 0.431301594 0.981384397 0.76720202 0.940287411
    0.533102691 0.999527276 0.0806093812 0.884081244 0.837759852
    0.873461187 0.979091167 0.115048796 0.274237633 0.954412818
    0.169543505 0.131565899 0.70106566 0.121567726 0.617007256
    0.398742378 0.671946168 0.334925741 0.843636453 0.513255358
    0.511944592 0.322069228 0.315977871 0.197558343 0.417466491
    0.367116332 0.0881177187 0.367230117 0.838963628 0.26936087
    0.44238764 0.475225031 0.989941955 0.374624372 0.104625374
    0.0388238728 0.615085542 0.950340271 0.192916542 0.394856244
    0.0615245998 0.485247821 0.0846005678 0.141051561 0.761583328
    0.423273265 0.266103625 0.287823856 0.440743983 0.962541103
    0.24852258 0.307835728 0.547049522 0.345118999 0.70077461
    0.846973658 0.111988574 0.552718282 0.568951011 0.796056092
    0.53823328 0.313058317 0.61573565 0.388058573 0.964154482
    0.130401403 0.133185208 0.349228144 0.611105323 0.148502201
    0.19974944 0.337421089 0.307081997 0.606557548 0.336577892
    0.594523489 0.690935016 0.699266553 0.225572735 0.0807107687
    0.856705427 0.622822762 0.490850985 0.0708629489 0.978197336
    0.00908488035 0.0587302148 0.592307091 0.744306386 0.0288127065
    0.385482848 0.850910664 0.760215878 0.106263697 0.083506465
    0.0692281425 0.518442273 0.289920151 0.317498058 0.388939083
    0.965736985 0.283365756 0.570318818 0.299743056 0.821648359
    0.832101882 0.330790162 0.723063648 0.276866913 0.346521109
    0.186174989 0.633992493 0.148006886 0.626678169 0.150447667
    0.645934284 0.555017173 0.601945102 0.097335726 0.805834055
    0.785377026 0.109372646 0.302068412 0.974558473 0.374063581
    0.924346209 0.689529419 0.786809683 0.33737269 0.0633942485
    0.0867649615 0.978155136 0.169088542 0.0957019329 0.229799509
    0.728031754 0.266847312 0.951851845 0.809663117 0.42660293
    0.476924807 0.866225481 0.833624005 0.705636263 0.188132048
    0.933872223 0.67569077 0.11569947 0.839842618 0.155058861
    0.103661299 0.391620636 0.834907234 0.144032061 0.639051795
    0.333479106 0.194943577 0.346364617 0.900098324 0.995181322
    0.508758545 0.834357679 0.402403772 0.396514714 0.751052499
    0.286498696 0.883518696 0.863855898 0.058540076 0.379654408
    0.102670074 0.426023513 0.612153649 0.0701697469 0.205804348
    0.999301076 0.0747644603 0.916566253 0.699184179 0.224693
    0.254308343 0.510874093 0.267468333 0.444560945 0.342838109
    0.411968946 0.125530541 0.262660027 0.204896629 0.561346531
    0.611487091 0.626730978 0.919330359 0.723027289 0.474108696
    0.777155638 0.562791228 0.371988356 0.483248174 0.913283229
    0.646361053 0.17859593 0.0463871956 0.741892695 0.466446161
    0.177279949 0.157293618 0.973389149 0.417286694 0.248687387
    0.52728796 0.438376278 0.00597390532 0.0746065974 0.0793828666
    0.350888252 0.519339144 0.338213563 0.0741160512 0.916185617
    0.765118778 0.530391395 0.894757867 0.144749165 0.906318665
    0.18972218 0.311141312 0.198529541 0.76696384 0.569998026
    0.00535112619 0.0411878824 0.0243142545 0.373473346 0.975572824
    0.12472263 0.011743933 0.260049105 0.48980701 0.0997895002
    0.00481918454 0.167808801 0.2509076 0.565679789 0.59570694
    0.381579518 0.344808072 0.516001046 0.0391655564 0.742582858
    0.413441718 0.130704761 0.1486862 0.181275636 0.2061553 0.702255249
    0.801629007 0.116831511 0.931729913 0.611478984 0.555220723
    0.348800927 0.311097622 0.465342253 0.384095371 0.980728209
    0.592083573 0.817600489 0.18975085 0.655541301 0.438441753
    0.608255625 0.177009314 0.407185495 0.650161028 0.516438067
    0.0198171139 0.0732565522 0.0839212537 0.363778085 0.125721753
    0.775590181 0.552749991 0.850789666 0.589167893 0.234737813
    0.284679055 0.952006519 0.0300669968 0.154850572 0.48547712
    0.834539831 0.878907204 0.54286474 0.952573538 0.779431343
    0.976715624 0.845064163 0.410373062 0.690757751 0.901260972
    0.022102505 0.299738824 0.682469487 0.604889452 0.109554678
    0.37317878 0.785494208 0.419281572 0.549435556 0.450057268
    0.831982493 0.961145997 0.495581537 0.720497847 0.968721926
    0.59634912 0.952846587 0.470368236 0.128408104 0.615138531
    0.493808627 0.954629958 0.167765975 0.661463618 0.260189116
    0.13759318 0.729618549 0.251288831 0.670708776 0.00302052498
    0.082157135 0.2955468 0.345649719 0.79706043 0.587840796 0.472714901
    0.228242904 0.978781223 0.425398827 0.559684873 0.607536972
    0.0775925517 0.137359262 0.310718685 0.444841951 0.0218874812
    0.804590583 0.174738139 0.919177651 0.799667597 0.144961804
    0.0539763868 0.195962012 0.898043752 0.204302758 0.254253536
    0.483220726 0.686846256 0.142267436 0.754771411 0.0429761112
    0.120686233 0.119386971 0.991871893 0.348553479 0.0158239901
    0.834405661 0.276009321 0.642360866 0.872172236 0.420393199
    0.7090379 0.480367154 0.28236571 0.601828277 0.134866536 0.854256034
    0.199843556 0.204027325 0.243234247 0.433335334 0.76250577
    0.339669943 0.289662182 0.660592079 0.112561733 0.856142998
    0.766720295 0.975658715 0.817621171 0.149526298 0.291626811
    0.239073753 0.0194119513 0.619353533 0.0807981789 0.0773635507
    0.63111949 0.476443231 0.813437521 0.847558618 0.100589126
    0.491840452 0.749655902 0.506716669 0.571299255 0.854275584
    0.109366089 0.555625498 0.285985172 0.363911062 0.12135461
    0.192489147 0.0197691619 0.530639648 0.324864626 0.606665254
    0.836561441 0.740181923 0.0819444358 0.522243738 0.174250156
    0.261260688 0.986084461 0.422002107 0.602048934 0.235634178
    0.236228794 0.472577214 0.859241247 0.564080417 0.991585374
    0.847539425 0.241047323 0.915008426 0.397805959 0.539142966
    0.181364655 0.442702711 0.806453466 0.317267299 0.0442736447
    0.413259566 0.0762614608 0.0701315403 0.549401522 0.546012402
    0.404372215 0.969416618 0.91436553 0.131453902 0.294064343 0.8139925
    0.668972075 0.630546451 0.606942117 0.924275637 0.421972036
    0.898619413 0.523693621 0.0787948966 0.529449284 0.860339046
    0.251095057 0.953521252 0.955874681 0.834593773 0.988920331
    0.675795853 0.424090773 0.206823945 0.871052146 0.613180757
    0.800529003 0.300442755 0.377424836 0.668813109 0.149585903
    0.481081754 0.670806825 0.659158647 0.52817291 0.0556292832
    0.931835651 0.202359051 0.0115424097 0.72936976 0.115125954
    0.800305247 0.0911053419 0.434461206 0.261128306 0.974675
    0.309220254 0.136844844 0.672187805 0.597611248 0.579987466
    0.987458587 0.469541013 0.654650092 0.484011769 0.496868998
    0.61526227 0.359538972 0.456296414 0.336947501 0.088134557
    0.953934908 0.511428535 0.951316953 0.34336713 0.672002256
    0.21960631 0.130937696 0.936042666 0.754048824 0.706035972
    0.579484701 0.906768143 0.311810911 0.547948956 0.103592992
    0.351100266 0.455377519 0.30850023 0.567285359 0.996191859
    0.540204942 0.703373253 0.785023749 0.215121299 0.261416227
    0.183163375 0.970092595 0.334202707 0.166368008 0.0970095396
    0.791232705 0.268376946 0.449463874 0.37744835 0.794972897
    0.175909132 0.11408627 0.683188558 0.956465542 0.410916507
    0.00328606367 0.365266114 0.505508721 0.417334527 0.832407355
    0.249285877 0.644774675 0.135523349 0.561191082 0.943212509
    0.211930603 0.902318001 0.279414088 0.643359661 0.0827402472
    0.417575419 0.119247943 0.620055735 0.845652342 0.344146371
    0.328899086 0.275143772 0.768625855 0.555001616 0.244099915
    0.0763867795 0.130806684 0.379747808 0.0762105584 0.856206477
    0.85538584 0.0717796683 0.00954449177 0.704585612 0.313850403
    0.169162959 0.584978878 0.776267409 0.859094679 0.814261913
    0.208306342 0.0381771624 0.655317962 0.481360167 0.298726082
    0.766340256 0.975063682 0.67404747 0.930992246 0.343192577
    0.237653911 0.991980553 0.783187628 0.0193312764 0.920816541
    0.0696650743 0.490784734 0.259635299 0.201129347 0.991358399
    0.496072888 0.851718962 0.369864941 0.323702812 0.225607187
    0.258821011 0.34863466 0.72329694 0.721500874 0.913523555
    0.888847351 0.628412843 0.826670885 0.944014668 0.188576162
    0.101253152 0.386787713 0.12768662 0.670317829 0.239203691
    0.618367672 0.206614614 0.592603624 0.904115856 0.79175663
    0.710006118 0.54254657 0.769314289 0.350173593 0.0690512061
    0.125753224 0.468140751 0.717777431 0.427142709 0.668112457
    0.0240443647 0.735945582 0.105508953 0.519156873 0.135590225
    0.190248102 0.336454391 0.423872828 0.571433306 0.457148254
    0.491626948 0.749133825 0.495687783 0.960938752 0.88093853
    0.50026381 0.0119130611 0.416624546 0.27908206 0.463615596
    0.45784086 0.495547652 0.864022851 0.620843589 0.592680812
    0.683022499 0.28963542 0.940048337 0.681545138 0.521410763
    0.0852861702 0.677537501 0.382567942 0.667290509 0.752601862
    0.52402693 0.69625175 0.810186386 0.295081735 0.356813848
    0.164237678 0.529738069 0.770284414 0.898601234 0.946931481
    0.904206276 0.41897741 0.196308136 0.731972098 0.878533125
    0.325892746 0.974268913 0.897637844 0.895026803 0.962352037
    0.989946127 0.93307817 0.919762194 0.316428363 0.143199474 0.4965868
    0.819365144 0.65949142 0.749266267 0.197425902 0.931944013
    0.725948989 0.951968789 0.666136205 0.700456798 0.59614706
    0.64698422 0.153686553 0.759745598 0.489852786 0.412524879
    0.197091401 0.0483334959 0.62576282 0.885819554 0.484015822
    0.589794159 0.982596993 0.620953619 0.482268155 0.125371635
    0.246273398 0.908636928 0.751514494 0.516966701 0.911895394
    0.778804898 0.462335706 0.425155878 0.789418221 0.0547682345
    0.919767261 0.628262401 0.0248545408 0.539682209 0.718135893
    0.226719379 0.733991623 0.925040603 0.0643797517 0.0726225078
    0.380720794 0.713279963 0.973198354 0.399883151 0.112498403
    0.521716833 0.227235317 0.934574664 0.225332141 0.397205293
    0.81433785 0.604810953 0.383283824 0.3956469 0.423843086 0.133852959
    0.402141213 0.929170251 0.832665861 0.121831834 0.0343090892
    0.578957975 0.0195509195 0.300489306 0.789599478 0.626698256
    0.607825279 0.32060194 0.873237133 0.24466607 0.504354358
    0.178604901 0.718318522 0.386111021 0.271872669 0.505824566
    0.841062546 0.657888651 0.215185434 0.349095166 0.495254606
    0.952508807 0.709799409 0.791092813 0.216275394 0.457225412
    0.126762629 0.185408086 0.00526809692 0.0270716846 0.525446355
    0.0616770685 0.136800677 0.594135284 0.723596156 0.908217907
    0.701548815 0.106627554 0.22897175 0.823166609 0.605757892
    0.303254366 0.53711611 0.763987482 0.741674542 0.50017333
    0.342967153 0.10468635 0.125641137 0.577394307 0.710644305
    0.535235941 0.950918078 0.242606044 0.617919147 0.983879209
    0.729243517 0.809724808 0.0868638456 0.0545644462 0.344665945
    0.602482498 0.206877559 0.280851841 0.634739518 0.409620732
    0.852190256 0.0056464076 0.434361637 0.947169781 0.505153656
    0.485361278 0.377942145 0.597650111 0.309799105 0.93262434
    0.30016315 0.627230167 0.639465153 0.339500427 0.312931001
    0.145136952 0.410099328 0.431977332 0.827215075 0.564558566
    0.0362558961 0.674023211 0.791818857 0.745539308 0.477433771
    0.323563486 0.311715603 0.487359256 0.00101178885 0.489858627
    0.972337127 0.116448134 0.0169335902 0.510575235 0.420843422
    0.0980804861 0.21401003 0.00602403283 0.274508059 0.474683434
    0.510379374 0.0241686106 0.443663746 0.820505619 0.801075876
    0.730627894 0.0834457576 0.278382957 0.800849319 0.907699704
    0.0396567285 0.360397279 0.0179618001 0.387712955 0.707652211
    0.917111456 0.00211435556 0.618736148 0.915539503 0.313307345
    0.168997526 0.842728972 0.0223196447 0.875530362 0.403740138
    0.774739623 0.104470104 0.506066203 0.0466387868 0.049262315
    0.394582212 0.164044559 0.418456346 0.129261613 0.232956588
    0.744334102 0.636292517 0.23874712 0.446139365 0.509496152
    0.318543255 0.80985713 0.642167211 0.195199311 0.0257627666
    0.425032288 0.655008435 0.623958826 0.979027748 0.0876395106
    0.758410513 0.324172199 0.825941443 0.486354977 0.573975563
    0.0612593293 0.723323762 0.503672779 0.253035784 0.473940134
    0.367097586 0.0894225538 0.933127701 0.0505017042 0.161200404
    0.724281013 0.861795366 0.501936555 0.568476081 0.498666734
    0.924536288 0.940075159 0.0229499936 0.939539611 0.812389374
    0.984943569 0.672250628 0.277201653 0.301646531 0.0456000566
    0.262578964 0.355685532 0.758730173 0.820641875 0.246674597
    0.0907484591 0.819774389 0.199841708 0.64558208 0.231957406
    0.761430979 0.938632011 0.153499871 0.543139577 0.261131823
    0.661143839 0.6169734 0.855727434 0.0744962096 0.674120307
    0.602017999 0.882959545 0.0571934283 0.743703723 0.218353242
    0.196943969 0.499338657 0.541157961 0.657887816 0.188687265
    0.0250016451 0.567204237 0.0646980107 0.964421034 0.744851708
    0.428004682 0.706130147 0.817613959 0.652074635 0.578043401
    0.486467868 0.0241774917 0.192485124 0.181248993 0.782523215
    0.124702334 0.849495769 0.562492669 0.370559096 0.285941839
    0.658827662 0.0807830989 0.502536476 0.193354905 0.18398416
    0.760926306 0.204876482 0.473173022 0.493735999 0.141262889
    0.0424043834 0.437019765 0.327303141 0.285322487 0.118407369
    0.733620822 0.225248247 0.547600865 0.00664928555 0.612034082
    0.871742249 0.500533938 0.661505878 0.106521606 0.0420313179
    0.766314149 0.824264407 0.00229087472 0.113636047 0.775138497
    0.129363269 0.0528074205 0.122624457 0.384484559 0.0815196931
    0.410550386 0.726523876 0.593591809 0.905924559 0.244281977
    0.787285328 0.343003631 0.554617465 0.139826596 0.533621907
    0.987700105 0.748849511 0.656783998 0.474238694 0.618218362
    0.460643947 0.25541538 0.050470978 0.529872477 0.373890758
    0.987154067 0.710823059 0.497209221 0.83190906 0.345217645
    0.0653868616 0.745045543 0.550891399 0.0596736968 0.789826274
    0.865185618 0.666411757 0.202544034 0.225783736 0.181844026
    0.472826093 0.952249169 0.785035431 0.832948565 0.195394367
    0.619149685 0.773574293 0.36171931 0.81978333 0.211678892
    0.966493368 0.921008825 0.0645932853 0.114839733 0.398207009
    0.742269814 0.584593892 0.751385927 0.661911428 0.354791284
    0.0567850173 0.339473784 0.615569949 0.254900575 0.39368245
    0.24968031 0.533219635 0.585686982 0.921898901 0.0921014249
    0.0400390625 0.0731475949 0.026742965 0.199960172 0.840022147
    0.294803321 0.670199513 0.786274076 0.829601705 0.502174437
    0.119014502 0.383205414 0.504392326 0.976746738 0.587219775
    0.727014899 0.109327614 0.118688256 0.737140656 0.918452859
    0.775485277 0.356373459 0.896637201 0.135602623 0.967281818
    0.829278886 0.860515714 0.0762320161 0.428584754 0.416178107
    0.424767107 0.468721449 0.359684765 0.20154199 0.501156867
    0.492847204 0.218258113 0.745207489 0.927686691 0.367915839
    0.528604865 0.169067204 0.743306637 0.968258321 0.96035558
    0.68069315 0.701011479 0.186139673 0.5759691 0.314576358
    0.0802339017 0.0689947009 0.104865193 0.676199496 0.349641681
    0.0492101908 0.764190078 0.726409793 0.538763642 0.742680669
    0.185373813 0.471941173 0.0116765201 0.797798514 0.780236363
    0.770660162 0.348719656 0.85074389 0.896255732 0.00779122114
    0.415326297 0.888489068 0.521309137 0.482221633 0.257593274
    0.795114219 0.734710753 0.556926668 0.0798569024 0.143365055
    0.296140015 0.177954495 0.107264072 0.743253112 0.250896603
    0.257549345 0.264959753 0.946536541 0.234620482 0.856120527
    0.417547166 0.715765834 0.321471721 0.396307886 0.147556633
    0.260822028 0.500806928 0.251245081 0.0681710541 0.800034881
    0.12142536 0.00702542067 0.587436438 0.260013163 0.530291796
    0.085015893 0.647549748 0.750920415 0.840665758 0.892130494
    0.197744519 0.978610575 0.836584449 0.223474443 0.805861473
    0.102797836 0.276405185 0.340057552 0.992041349 0.715439916
    0.367622107 0.246643484 0.704483032 0.322770745 0.81046617
    0.187950671 0.573615491 0.567667484 0.253036976 0.186603904
    0.94595015 0.408019751 0.302888691 0.350131989 0.367196083
    0.529578745 0.271103919 0.431106061 0.298556596 0.895816863
    0.74930048 0.00942629576 0.513023138 0.486954749 0.159566671
    0.965622902 0.78364408 0.673420668 0.141521305 0.312298656
    0.899419785 0.135028094 0.457793117 0.482607126 0.339524865
    0.678859234 0.542445183 0.354422808 0.879635274 0.149325192
    0.63044703 0.216407895 0.756899118 0.962868214 0.324316621
    0.818290949 0.492187738 0.0843406022 0.82638073 0.317037642
    0.0726134777 0.780464411 0.313855767 0.0103799105 0.673364699
    0.557499766 0.771733165 0.69902575 0.0128148794 0.871837616
    0.639842987 0.75290823 0.759638429 0.606657505 0.889162421
    0.14040795 0.235131234 0.709174812 0.808395982 0.600897193
    0.106611699 0.176930964 0.291922927 0.0952431262 0.22865814
    0.825950146 0.510436475 0.329428852 0.028206259 0.697493553
    0.965535402 0.331991255 0.64562881 0.271754682 0.44242397
    0.575137854 0.100847989 0.242926627 0.475000829 0.339592636
    0.501157701 0.971387804 0.0668635666 0.856138587 0.643904328
    0.861168742 0.538020551 0.919008613 0.981225789 0.723379374
    0.0175372362 0.807934403 0.661046624 0.0599194765 0.290735632
    0.116811693 0.805496454 0.243261069 0.197898358 0.569222391
    0.825003505 0.325395375 0.600355625 0.116169453 0.616471767
    0.60499233 0.288592517 0.852731049 0.98484993 0.151266992
    0.207731009 0.781332135 0.502605915 0.151446015 0.603303254
    0.754543781 0.342930079 0.162039429 0.418492228 0.790494859
    0.141798198 0.25207442 0.440623611 0.799464464 0.576640368
    0.684061885 0.37220639 0.553127825 0.421846122 0.0479252338
    0.146708548 0.66174531 0.329991043 0.435563385 0.626437664
    0.37220484 0.208929986 0.300267756 0.622245252 0.663148642
    0.372167766 0.567351043 0.704621017 0.38568899 0.455020577
    0.408287704 0.267394096 0.197361588 0.724868357 0.252443433
    0.566992283 0.435259879 0.931310773 0.823375821 0.290078759
    0.461065233 0.645052254 0.980971515 0.417195857 0.756661177
    0.0496580899 0.604037583 0.450513721 0.43743822 0.033718735
    0.814730287 0.632839501 0.480070829 0.240385562 0.523195326
    0.583440423 0.399108708 0.905378103 0.0483161807 0.596005321
    0.878207564 0.263582051 0.621194661 0.100177944 0.623714209
    0.603996515 0.13281551 0.947830439 0.665516317 0.180836558
    0.877432942 0.558211565 0.205245286 0.788570642 0.77442801
    0.120682716 0.281896651 0.877836704 0.932252049 0.163641155
    0.481875986 0.324106306 0.163601786 0.0765212774 0.683839679
    0.0305692852 0.733731747 0.903965056 0.943624198 0.420050621
    0.941328168 0.901994586 0.301815987 0.896554947 0.96455276
    0.268625617 0.807818711 0.32889998 0.652164519 0.158639491
    0.808270812 0.334860027 0.204004973 0.099008441 0.143813878
    0.32386142 0.246610045 0.0591572821 0.244664758 0.207720071
    0.891967833 0.960194111 0.966658652 0.826794147 0.0445387959
    0.469564736 0.92366755 0.918058634 0.174650609 0.601009965
    0.933710217 0.509726644 0.95064944 0.385421455 0.772282004
    0.600485921 0.204984158 0.102490783 0.64059782 0.158672005
    0.68386662 0.450968236 0.929347277 0.721005619 0.553694129
    0.315431833 0.205258012 0.385852575 0.643072665 0.541413009
    0.96580869 0.755574167 0.765623629 0.102846742 0.367645681
    0.942423344 0.0359865129 0.870672941 0.182050705 0.728304148
    0.898374498 0.411943138 0.908206582 0.116134524 0.030469507
    0.782685518 0.899309039 0.568754613 0.274455398 0.290332526
    0.59010011 0.387676805 0.939306498 0.992356896 0.447004348
    0.907512546 0.824592769 0.615591943 0.878246069 0.0214006007
    0.695322394 0.211238831 0.233246028 0.464754015 0.0303044617
    0.199768573 0.189189374 0.072547555 0.0476575196 0.750847816
    0.884731591 0.435926855 0.602549553 0.972760737 0.499979079
    0.230130047 0.273971677 0.0985647738 0.981731534 0.736123204
    0.779201806 0.0321227312 0.605341911 0.713753998 0.152386516
    0.0999290347 0.260944754 0.121832967 0.971748292 0.153963417
    0.89624697 0.601738334 0.181105256 0.411782265 0.924183249
    0.506258011 0.969424069 0.115200698 0.650180876 0.263125718
    0.553419828 0.513159037 0.977756619 0.279466689 0.32074827
    0.791078925 0.420929551 0.913664401 0.29624033 0.373543441
    0.0573074818 0.132665277 0.420895696 0.395977557 0.865833402
    0.583698034 0.0354554057 0.147243649 0.704933584 0.206098795
    0.389031261 0.716890097 0.891904116 0.185524017 0.248717546
    0.379344881 0.260516137 0.199254185 0.944965124 0.741542816
    0.953219891 0.726465106 0.408629358 0.743054628 0.659879684
    0.598956466 0.823763371 0.62139827 0.101237625 0.425204635
    0.888601303 0.952068567 0.280954361 0.811275423 0.0650620759
    0.663082778 0.259988487 0.126141965 0.745532632 0.370033026
    0.525966585 0.127003729 0.511995554 0.165235758 0.583116531
    0.416524708 0.126287997 0.890885592 0.271942645 0.653260648
    0.496833473 0.177878827 0.239252746 0.405588567 0.394409209
    0.352976918 0.609361649 0.836920619 0.659576654 0.325916409
    0.668106198 0.987927675 0.477284402 0.00133648515 0.582022846
    0.987018704 0.0310758948 0.546139598 0.443490356 0.287421346
    0.325110734 0.792283177 0.184638888 0.552144468 0.704797506
    0.922256231 0.717836916 0.795565724 0.186318934 0.0347642899
    0.115426302 0.959572792 0.812733054 0.779442906 0.788296223
    0.541673303 0.672738135 0.130172104 0.800149262 0.582416058
    0.0891362131 0.101242334 0.5627051 0.869473219 0.935017467
    0.271125138 0.156002939 0.276376843 0.777956843 0.378849268
    0.970721245 0.10372138 0.162732512 0.49049142 0.916128695
    0.949072599 0.0583615601 0.915699661 0.421564221 0.92787075
    0.421957016 0.716965914 0.24141106 0.282219768 0.443127364
    0.905938029 0.849123836 0.715316415 0.405525655 0.175236017
    0.746197045 0.320787728 0.337856233 0.641219139 0.480307162
    0.730324984 0.802003682 0.799512386 0.0580282807 0.619943142
    0.211251676 0.305704474 0.628254831 0.132967085 0.691348732
    0.87775749 0.415054411 0.889048696 0.315023422 0.970843911
    0.217836738 0.79637146 0.455320954 0.761838794 0.144607455
    0.215745389 0.794515371 0.375103414 0.645688295 0.69319135
    0.590610206 0.841534138 0.182939708 0.909147024 0.755968213
    0.687674761 0.72010529 0.21136868 0.208451807 0.489863098
    0.379806429 0.338889927 0.513695478 0.668660641 0.692907751
    0.478842914 0.0266689658 0.344554067 0.485796064 0.0724680424
    0.544396937 0.163713604 0.192069352 0.754441798 0.166914254
    0.165427536 0.100496262 0.759000957 0.960020483 0.0193616748
    0.554527402 0.302540898 0.204421431 0.478578597 0.425618291
    0.663263321 0.451651096 0.535764933 0.316309392 0.706071377
    0.778109193 0.613927186 0.803841829 0.303645849 0.121086061
    0.00411579013 0.0817914009 0.265749484 0.570849836 0.104455411
    0.182878256 0.612176716 0.747022212 0.740397811 0.212644815
    0.29904145 0.434227824 0.0247524679 0.539998472 0.54160583
    0.807355881 0.0292283893 0.517537832 0.123657942 0.72320354
    0.566920698 0.942158818 0.540751696 0.0195081532 0.0597830415
    0.505845249 0.373289913 0.739062846 0.96591872 0.0865717232
    0.755990446 0.155813336 0.780047536 0.853375316 0.126997352
    0.790667832 0.591107011 0.693836749 0.969652414 0.330641091
    0.595760643 0.154884607 0.841770411 0.388961792 0.477178603
    0.799895048 0.0647625029 0.764192343 0.846316278 0.581912041
    0.627237916 0.71099031 0.718419194 0.22962901 0.422614813
    0.942721844 0.732903779 0.45598492 0.0485633016 0.852877557
    0.69753927 0.190378517 0.215757251 0.807457268 0.589138269
    0.557676435 0.0144683421 0.662594914 0.355638385 0.0192269683
    0.138961822 0.153268278 0.939516366 0.463672876 0.62135309
    0.248516232 0.0599572361 0.505513728 0.407284409 0.0831417739
    0.96685636 0.46500659 0.0579237044 0.662010074 0.682531118
    0.678232849 0.766863406 0.0590619743 0.526662409 0.42705816
    0.164292037 0.413584322 0.389434665 0.164080948 0.939690053
    0.32947588 0.381487876 0.725778818 0.688368201 0.815538108
    0.602193236 0.734429479 0.0747621655 0.641064167 0.21134159
    0.626297832 0.151723444 0.443494618 0.850966632 0.381438881
    0.215670526 0.516194284 0.499160647 0.40879181 0.188939929
    0.0188426375 0.541620791 0.0598235726 0.715966761 0.862233639
    0.49725166 0.606581092 0.811478496 0.363956153 0.580030084
    0.249332756 0.446177393 0.612860799 0.248401433 0.741933823
    0.690130651 0.380240411 0.739195585 0.358635604 0.39041701
    0.948141336 0.994186521 0.488045901 0.770533562 0.511148155
    0.617085159 0.516679347 0.95619607 0.313925803 0.206137896
    0.771832824 0.349800587 0.350306928 0.859382272 0.550072253
    0.245317459 0.627041042 0.420247406 0.495804161 0.0301427543
    0.50855583 0.791381955 0.338520646 0.391047001 0.96037823
    0.665758312 0.135388434 0.671452999 0.910196543 0.934129655
    0.237983346 0.167850912 0.926730514 0.213032901 0.213042676
    0.763443112 0.387041032 0.0276929438 0.408339649 0.853382468
    0.664177716 0.647460341 0.117741734 0.0774636567 0.184370726
    0.763765574 0.595269382 0.999129832 0.0800285041 0.758649707
    0.532897472 0.135123521 0.426404715 0.17157048 0.920296073
    0.434893101 0.24174425 0.0302692056 0.675920844 0.720748663
    0.671621323 0.777491808 0.275946736 0.147046328 0.120770514
    0.787969708 0.0357467234 0.422417432 0.869427443 0.0340438187
    0.761971593 0.244531453 0.846863568 0.648688495 0.893063068
    0.734050035 0.980474353 0.626823425 0.217590809 0.0250395238
    0.585462809 0.641739905 0.166803896 0.131686866 0.485233009
    0.563574076 0.681628823 0.124149173 0.336289465 0.0261902809
    0.0838427246 0.461987704 0.0174601078 0.819853663 0.928570271
    0.45045957 0.257941067 0.358262658 0.38691783 0.988066971
    0.346616626 0.966291964 0.997664094 0.891591787 0.585817099
    0.606023788 0.727691352 0.594006479 0.282158911 0.0113253593
    0.0011870265 0.321287274 0.824914932 0.744301975 0.175207019
    0.250836909 0.335987538 0.17863059 0.515720904 0.831183672
    0.0134018064 0.712521195 0.939562082 0.072416544 0.598821163
    0.374517322 0.332328796 0.894034863 0.0152454376 0.319542825
    0.0904831886 0.0746123493 0.691150844 0.984661818 0.1832349
    0.463617086 0.102114141 0.640346646 0.778590798 0.258884966
    0.141041994 0.49282077 0.966065466 0.027254194 0.985612333
    0.401337534 0.292702377 0.361456424 0.806577742 0.770720124
    0.916429877 0.765056849 0.178220063 0.703338504 0.078301996
    0.257520974 0.180401444 0.753560305 0.568685293 0.891324759
    0.0550014079 0.711784482 0.159228891 0.217612624 0.34777233
    0.701418638 0.647836447 0.511576474 0.422661394 0.868822694
    0.918463826 0.975297332 0.890612721 0.466854692 0.224237651
    0.842548251 0.643796563 0.907669544 0.661148369 0.123142987
    0.254733056 0.689967275 0.706438065 0.861113191 0.407540828
    0.533020973 0.771571457 0.862449467 0.766029239 0.0411561131
    0.303317457 0.930058241 0.586571276 0.317084908 0.0992880762
    0.921115279 0.239481986 0.626329362 0.0126283169 0.0690080822
    0.716802359 0.982591629 0.786768913 0.960274458 0.152282983
    0.340006351 0.722766638 0.58804965 0.764206529 0.677415073
    0.0679875314 0.928456783 0.770038128 0.0314471126 0.0257827342
    0.970972478 0.233914435 0.149070591 0.905425549 0.0770927668
    0.198020041 0.346530795 0.375137776 0.804118872 0.0637728572
    0.630285442 0.787538171 0.174708486 0.870584846 0.05827865
    0.149203509 0.62030226 0.0294064581 0.115215063 0.44170925
    0.756250739 0.578436136 0.99804914 0.163358241 0.289376467
    0.111357421 0.302713275 0.513119817 0.596591353 0.173303664
    0.185465246 0.807058036 0.28473264 0.950442433 0.777612329
    0.751995325 0.669761479 0.153426498 0.844091415 0.640405536
    0.196378082 0.905466795 0.947457671 0.464009434 0.397384614
    0.81324625 0.966298878 0.565347493 0.771952271 0.901155829
    0.776580691 0.88089478 0.187770605 0.4765625 0.387477696 0.281526327
    0.373221278 0.255007893 0.578405857 0.397555292 0.699404597
    0.758240342 0.670118749 0.879022598 0.963959455 0.863668382
    0.291116834 0.573577464 0.510705173 0.287218392 0.0827329159
    0.162566334 0.814382195 0.133784354 0.999517202 0.270767689
    0.450695068 0.877664983 0.898113132 0.624636233 0.154362589
    0.40671134 0.385603994 0.656155944 0.713452816 0.690374196
    0.703787923 0.0338703394 0.250589788 0.476659417 0.750573754
    0.878348112 0.501564026 0.200896055 0.796627522 0.245351076
    0.968904912 0.618619204 0.115346223 0.352331758 0.717505455
    0.0660819113 0.667828679 0.647648096 0.173116595 0.00565838814
    0.394372106 0.466337144 0.243345261 0.0955491662 0.569815874
    0.283154964 0.229264408 0.611597478 0.566942453 0.546862841
    0.098293066 0.17639488 0.112143159 0.82366389 0.776175201
    0.414405137 0.205687106 0.564685345 0.359854221 0.565290213
    0.540331364 0.0895889103 0.0151620507 0.475224286 0.208046794
    0.755175889 0.8668679 0.365815073 0.329767495 0.716145277
    0.758103013 0.326309383 0.373936951 0.621035099 0.825609744
    0.247603327 0.758002043 0.795876205 0.299025297 0.230626553
    0.114331812 0.594160974 0.511732161 0.148404926 0.557838917
    0.951895714 0.543748617 0.8192963 0.721489131 0.624117255 0.84171325
    0.301309466 0.961638212 0.430911988 0.553762436 0.846640706
    0.154922247 0.720134437 0.774913549 0.46833244 0.313075483
    0.279469669 0.721997499 0.374965072 0.519510746 0.761349142
    0.645528197 0.850723028 0.645472586 0.2241171 0.538876653
    0.770505369 0.175420225 0.474018246 0.717575014 0.232598573
    0.590409994 0.203279883 0.959193289 0.913917542 0.728938162
    0.290587246 0.898097634 0.194856614 0.577673674 0.516223192
    0.878044367 0.208193183 0.32349208 0.631190658 0.292878807
    0.466769457 0.721584976 0.336863995 0.177618861 0.0635514557
    0.808250427 0.59337157 0.903129458 0.0574529469 0.593690991
    0.271778673 0.11228776 0.422774702 0.756042778 0.848044813
    0.330675364 0.913928032 0.910574913 0.729335189 0.557081819
    0.744456351 0.301859796 0.427938223 0.440613985 0.496608138
    0.991277695 0.792682052 0.716892421 0.908306479 0.274637729
    0.496767342 0.698667586 0.430353075 0.960561574 0.186003864
    0.173215687 0.201250255 0.658086538 0.252231121 0.713036597
    0.152071446 0.471361756 0.0115065873 0.905093074 0.0764062703
    0.134954691 0.401744038 0.680768013 0.209048063 0.527548194
    0.746047556 0.850204706 0.113916785 0.12026149 0.936887205
    0.819538355 0.866080999 0.793734431 0.45951581 0.489610791
    0.360031784 0.895703793 0.711288214 0.72035563 0.963145375
    0.625028729 0.693456411 0.217622399 0.501315713 0.920097947
    0.985619068 0.821877718 0.429860115 0.383631229 0.393542796
    0.388158739 0.54467231 0.589823842 0.895783603 0.293471038
    0.896010876 0.545116365 0.981557071 0.034404099 0.426739484
    0.261333227 0.41475755 0.972958446 0.89876318 0.308784515
    0.250622451 0.0976591408 0.0322659314 0.754803896 0.455717564
    0.133560956 0.777711272 0.921526074 0.843025804 0.252089262
    0.898723006 0.0281616449 0.249005824 0.0689911544 0.202252179
    0.552901447 0.671012521 0.45647186 0.494489461 0.310088694
    0.243939221 0.993741632 0.526948452 0.532439232 0.0858713984
    0.918723464 0.146682203 0.307708442 0.110511333 0.933392406
    0.168463469 0.750789642 0.952434182 0.866665781 0.900380254
    0.521137893 0.731676459 0.434284031 0.602658451 0.799682736
    0.49210158 0.032853961 0.128361017 0.794929743 0.938911021
    0.986575365 0.993578255 0.0187965035 0.403103471 0.637364268
    0.395574421 0.552307606 0.0603830814 0.662372231 0.40790689
    0.0977143049 0.19176957 0.422497213 0.229996681 0.062261045
    0.640158534 0.726637483 0.569615543 0.9337641 0.344455123
    0.586111605 0.463982284 0.779062212 0.392199695 0.121511877
    0.980534077 0.0098760426 0.282788873 0.955141068 0.171046525
    0.861565709 0.215398252 0.49766916 0.570581555 0.221457064
    0.594753742 0.409727573 0.160124689 0.725497425 0.164598435
    0.427469671 0.945435882 0.212423682 0.94467932 0.0948244333
    0.771206319 0.579217255 0.177793533 0.511242628 0.28418684
    0.739254117 0.684777021 0.083635807 0.117367119 0.760131419
    0.474124342 0.293964446 0.401289344 0.556518972 0.110952377
    0.479029387 0.122752786 0.800443053 0.567861259 0.162859797
    0.488333702 0.916633606 0.955074549 0.189348459 0.268291324
    0.546001613 0.680672944 0.721844018 0.0614354014 0.321399391
    0.83825624 0.223884851 0.75070703 0.910532117 0.602316201
    0.729111671 0.0713100135 0.883763433 0.410687506 0.180931479
    0.27300474 0.64402163 0.492086709 0.0425664186 0.709623396
    0.189489812 0.831774056 0.286808848 0.495368421 0.360680848
    0.136336178 0.752157092 0.868757665 0.438081115 0.468519986
    0.499428421 0.121548027 0.528804898 0.983274937 0.330829084
    0.497139573 0.501080751 0.220550984 0.954140782 0.777207553
    0.119510353 0.596754491 0.0913942158 0.43891114 0.617858052
    0.868348837 0.315825522 0.968129218 0.535623133 0.97624433
    0.585527778 0.54440105 0.778933287 0.50429374 0.336684287
    0.167393178 0.023961693 0.306826085 0.149434924 0.673464417
    0.121155918 0.130460829 0.270718098 0.117435306 0.745384216
    0.70743221 0.570007861 0.893957853 0.101855218 0.0989567935
    0.58456707 0.944242597 0.222492725 0.792561889 0.800444484
    0.0650505424 0.436855286 0.476367861 0.134232342 0.639046133
    0.259085417 0.518191874 0.410703301 0.31861186 0.710043311
    0.0488133132 0.405059993 0.448229045 0.21101898 0.519017458
    0.512512684 0.129458129 0.162930608 0.945361316 0.838021576
    0.314366758 0.661102176 0.745474458 0.957808018 0.88162148
    0.677397013 0.822427869 0.0140090287 0.420550048 0.993753195
    0.187148541 0.0328147113 0.935518742 0.30476442 0.230868697
    0.105920583 0.625877976 0.707465887 0.0124730766 0.413970619
    0.756683707 0.914420724 0.446285039 0.461324036 0.0783201754
    0.389600456 0.0380432606 0.253454745 0.893963695 0.935036778
    0.312246084 0.884309828 0.562854648 0.749224007 0.430663347
    0.494614929 0.312486559 0.421464622 0.595026195 0.528445482
    0.263337731 0.255748332 0.433386952 0.987894237 0.769917488
    0.696374238 0.0309214592 0.567079663 0.697858274 0.700002372
    0.702278376 0.472379029 0.599370301 0.736945033 0.989345431
    0.62152189 0.792501688 0.709358633 0.17725426 0.703388929
    0.399752855 0.37375614 0.886753201 0.818018138 0.382929415
    0.49601838 0.916486025 0.772166967 0.113413393 0.685533524
    0.01440534 0.794917941 0.896142602 0.182462513 0.819775105
    0.26404494 0.525932312 0.016766727 0.464343309 0.911008835
    0.0332051516 0.604739964 0.757238388 0.0985807478 0.445101023
    0.698716223 0.364670336 0.819813013 0.554767787 0.761097133
    0.958002448 0.493322313 0.258553147 0.567361057 0.345498741
    0.182095528 0.50948447 0.0500686467 0.592804372 0.264548779
    0.489639312 0.0422858298 0.168105304 0.0607129335 0.625200152
    0.569512606 0.858228445 0.356498718 0.320714533 0.11504367
    0.979713559 0.0766240656 0.015091747 0.592287719 0.50625968
    0.637744784 0.596715748 0.498625249 0.162618905 0.0581665039
    0.773626149 0.0523480773 0.428291559 0.878430784 0.0437598825
    0.120767742 0.962868392 0.539776683 0.0486613214 0.421990961
    0.147954762 0.373074919 0.00835216045 0.816165328 0.306128681
    0.570808172 0.763576865 0.477308482 0.693051338 0.835550189
    0.957428277 0.845130563 0.646225572 0.517062902 0.354697585
    0.132218897 0.607000113 0.816916287 0.888247013 0.112421662
    0.327032387 0.497540474 0.584905624 0.518991292 0.329246521
    0.886791289 0.29525423 0.878072023 0.280303329 0.972116709
    0.177889824 0.505058348 0.84865129 0.502111912 0.766610384
    0.717016041 0.112228364 0.359778285 0.0115866065 0.388252467
    0.777357936 0.973924756 0.0257468224 0.551503181 0.751918554
    0.869749546 0.706953585 0.0553282201 0.0285591781 0.954272211
    0.348668456 0.427645892 0.742719471 0.481769145 0.841767073
    0.297650278 0.27749899 0.146046638 0.595279038 0.175003976
    0.912554622 0.721871674 0.203946531 0.696963131 0.51365608
    0.986282051 0.264569759 0.66475594 0.547164917 0.449457109
    0.0890526474 0.982896805 0.676532805 0.141165555 0.516026676
    0.67455101 0.679240704 0.967075348 0.533055782 0.767387152
    0.291343868 0.42850256 0.178195268 0.132383376 0.24884069
    0.333915472 0.653637648 0.0526847243 0.572806001 0.0122732818
    0.582751513 0.360008538 0.632066727 0.0513768792 0.178425938
    0.966946542 0.455596387 0.748407006 0.923528552 0.474186927
    0.0439516306 0.123863369 0.967585504 0.606124401 0.178216308
    0.678228796 0.892253518 0.823663831 0.947271168 0.418768495
    0.564359248 0.892101526 0.41209507 0.195924997 0.69528091
    0.354924411 0.627639949 0.160410702 0.403019518 0.505616367
    0.296070635 0.924046755 0.343720376 0.0481105447 0.146665782
    0.58273828 0.16130656 0.800885677 0.555310309 0.773584306
    0.715750694 0.201028228 0.0999590158 0.48935011 0.382253319
    0.59350431 0.422435522 0.0442622006 0.30820024 0.727891386
    0.751992941 0.325674772 0.297630459 0.6899786 0.0103021264
    0.76287055 0.781305194 0.483543903 0.166305721 0.495306462
    0.525353849 0.991898179 0.028200686 0.733259618 0.41008383
    0.137802809 0.548890412 0.792057991 0.22529617 0.224419326
    0.247676104 0.441451132 0.932886779 0.816194654 0.114489704
    0.0964989066 0.902856588 0.225795627 0.137676626 0.615096569
    0.608184576 0.66144371 0.927314162 0.818886995 0.97584033
    0.138843298 0.142396569 0.174998045 0.048004359 0.634546757
    0.217384398 0.606146157 0.551329613 0.437822968 0.269456416
    0.0543359518 0.541406512 0.317114353 0.707458496 0.863304734
    0.619803607 0.047424078 0.415550232 0.118214011 0.207439035
    0.00843515992 0.565256238 0.0351085663 0.953336477 0.66156894
    0.0574243665 0.663814902 0.527155042 0.0735308826 0.42068249
    0.775465488 0.848521471 0.568223298 0.0133040547 0.748105168
    0.228069484 0.98926115 0.746764004 0.358882844 0.0714830756
    0.445765376 0.295027375 0.491862983 0.502600431 0.728360236
    0.81114614 0.380510747 0.0808499455 0.375859201 0.403576612
    0.863508344 0.323381782 0.619429231 0.105747283 0.060949862
    0.856372237 0.399715364 0.264443308 0.0153316259 0.535154223
    0.388297141 0.229721814 0.500287473 0.709203541 0.592813015
    0.321918607 0.757213473 0.505141437 0.906200647 0.51895529
    0.180931926 0.569477499 0.954153657 0.11705476 0.7868644 0.508887827
    0.0509143472 0.00850120187 0.911855817 0.912332892 0.0680477023
    0.842932343 0.0830108523 0.130659312 0.575900912 0.125165105
    0.90133822 0.0365629792 0.845090151 0.459798753 0.345480472
    0.762909293 0.960716486 0.850763977 0.480354756 0.100999415
    0.0380129516 0.854488492 0.313720405 0.53035748 0.75283581
    0.542892873 0.611686945 0.615640342 0.69940871 0.14464438
    0.547818065 0.198311746 0.91481626 0.837026954 0.738931715
    0.657743216 0.56902498 0.812270105 0.345801681 0.204939276
    0.10615164 0.593466878 0.506694436 0.0335727036 0.917279243
    0.781054556 0.911975026 0.0787282586 0.993439734 0.248922616
    0.469636351 0.226220399 0.0623872876 0.546336174 0.467372596
    0.90531081 0.684962392 0.479808897 0.735996544 0.491312236
    0.0886077285 0.867730737 0.443266809 0.138544947 0.813330173
    0.460214138 0.934924841 0.522772551 0.755331039 0.872157872
    0.555653214 0.223220199 0.00905737281 0.209005773 0.200455338
    0.600677788 0.995023608 0.486970067 0.138980329 0.791016698
    0.411302805 0.600248158 0.764382243 0.90122956 0.51282841
    0.029311806 0.876878619 0.0182008445 0.0603523552 0.716727018
    0.521003067 0.588943362 0.853919864 0.420037806 0.254543424
    0.888892889 0.704672933 0.602345824 0.528589129 0.116864026
    0.795365214 0.836793065 0.725728869 0.817285001 0.898344874
    0.98565495 0.287606955 0.287733704 0.597026944 0.149007678
    0.909164548 0.306276411 0.927276313 0.85030973 0.0857509375
    0.392704338 0.0698550045 0.576877952 0.565212965 0.398501515
    0.56619519 0.627559721 0.361544281 0.797519088 0.225628793
    0.95761025 0.826243937 0.45421952 0.843727231 0.9748981 0.444913954
    0.530490458 0.0727529228 0.409349918 0.253492832 0.320849895
    0.900740504 0.905935705 0.116803169 0.386229157 0.0486073494
    0.399907172 0.880244613 0.792111993 0.484374732 0.543744326
    0.0834658742 0.66249913 0.396895558 0.0126336515 0.0690678954
    0.853944659 0.986815453 0.287593186 0.878796577 0.399769664
    0.367116779 0.13930577 0.808552027 0.794229925 0.286231637
    0.139664859 0.821914792 0.139294982 0.768192887 0.092669785
    0.868244767 0.491609603 0.518027365 0.667099357 0.38820228
    0.445113748 0.447547674 0.601607323 0.297630787 0.472799927
    0.0631214678 0.0862497091 0.465244383 0.206361353 0.947992682
    0.714881599 0.705693543 0.77909565 0.559920907 0.680839717
    0.35167253 0.814846158 0.832312703 0.531593204 0.873091698
    0.959371924 0.455835909 0.830463231 0.518833458 0.51707691
    0.0818804204 0.318931311 0.519507051 0.354836494 0.0891177356
    0.579260409 0.811303139 0.915270805 0.781380057 0.294062793
    0.15858981 0.356154859 0.602221549 0.93427074 0.865536571
    0.186376154 0.25829339 0.725414157 0.99426657 0.319672793
    0.0656202137 0.850118756 0.382793307 0.0599732995 0.636472404
    0.027259618 0.200055659 0.503678977 0.826301754 0.0381020904
    0.245397687 0.558273196 0.128021032 0.509465396 0.218952209
    0.635293067 0.495526284 0.390852153 0.358216375 0.76669085
    0.876468658 0.462694734 0.786679029 0.184956789 0.419006526
    0.121422619 0.943543673 0.298310429 0.84545958 0.971516728
    0.579943657 0.236588567 0.957027316 0.0193760693 0.589818716
    0.394527793 0.959343672 0.445313543 0.458432406 0.228298485
    0.493836522 0.184080064 0.750191331 0.321888149 0.927442789
    0.216143101 0.303436935 0.179634959 0.267781496 0.6468364
    0.199575663 0.0501844883 0.846978545 0.699201584 0.0365749598
    0.781066537 0.795588493 0.982141316 0.179370552 0.0947253704
    0.539234459 0.836614966 0.53618896 0.0887756944 0.295978248
    0.884881258 0.0909564495 0.759011686 0.00285249949 0.474217802
    0.532995522 0.807416439 0.896362841 0.972465634 0.864428103
    0.575759947 0.251636147 0.0740527511 0.694727004 0.787546873
    0.449424922 0.190178663 0.545061052 0.759281874 0.264483213
    0.196767747 0.409140825 0.019128859 0.904279232 0.255306959
    0.843640327 0.376285195 0.653493881 0.991056323 0.856783509
    0.989905179 0.938074291 0.206283063 0.235943019 0.45418644
    0.156045288 0.134292841 0.374919355 0.461889148 0.00670957565
    0.191985071 0.580286324 0.779917002 0.316953093 0.192920774
    0.542299092 0.701267719 0.476071149 0.23774302 0.774116397
    0.870852947 0.512744009 0.726337194 0.49542895 0.381823957
    0.946742535 0.223458409 0.881652951 0.120659828 0.729526639
    0.275928676 0.438954622 0.757070005 0.210856259 0.251960158
    0.699459791 0.352159142 0.82493639 0.795570374 0.0556009114
    0.87692982 0.798928857 0.37955898 0.950845063 0.86907959 0.733194947
    0.570771158 0.899551034 0.0693898201 0.605802596 0.940246582
    0.526262343 0.992963791 0.712670207 0.842645705 0.282664984
    0.662863672 0.670825958 0.467375994 0.806403041 0.140605003
    0.737563968 0.677112699 0.520202816 0.755350173 0.0164137185
    0.730258524 0.457656831 0.00123772025 0.222330809 0.561383426
    0.198027462 0.855621397 0.454886615 0.00643077493 0.286846161
    0.423182517 0.309703022 0.381972283 0.416791707 0.319275409
    0.267745912 0.57041049 0.0101858079 0.536012292 0.84450233
    0.0269859731 0.193144292 0.0219984949 0.845227838 0.925951123
    0.677894592 0.385812283 0.843573987 0.739485681 0.176524878
    0.610271573 0.66379106 0.900142789 0.078869015 0.550347328
    0.0945107937 0.644233465 0.517023861 0.019431144 0.58673501
    0.54631412 0.816246033 0.148828536 0.611240745 0.479032427
    0.326592654 0.814968467 0.736626327 0.710238099 0.98591733
    0.721800745 0.234172791 0.63435936 0.688310444 0.55407685 0.27567786
    0.680231094 0.811342597 0.170601547 0.593311787 0.274127007
    0.22610116 0.903125048 0.257405877 0.731922209 0.0544818342
    0.15376839 0.540480733 0.883075118 0.281906664 0.697965026
    0.462003917 0.326265037 0.68701297 0.450306803 0.321322203
    0.597870946 0.358748257 0.047732681 0.98703438 0.598781884
    0.330691993 0.357651412 0.421955049 0.418345273 0.633728862
    0.0333486795 0.596894681 0.494517684 0.536464393 0.730946302
    0.350212127 0.321770966 0.414434075 0.551959753 0.450433224
    0.0866112411 0.719032288 0.975368023 0.138720453 0.492989063
    0.106718957 0.516963899 0.952020586 0.144331515 0.962230921
    0.0977421403 0.723552048 0.773219347 0.0366199911 0.979628205
    0.94507122 0.718313694 0.983851612 0.882002771 0.0226254761
    0.0718683302 0.8791188 0.469811678 0.288471639 0.277948201
    0.455571443 0.364743292 0.744026184 0.544649124 0.130054653
    0.528758824 0.620496571 0.895156682 0.863434672 0.0921123326
    0.507701457 0.682557821 0.057938695 0.297704011 0.489686102
    0.142175376 0.773650289 0.0457559228 0.87550056 0.711492896
    0.971543193 0.200267255 0.870570898 0.476612061 0.447937787
    0.417299211 0.978453398 0.0506220758 0.637058973 0.213471115
    0.29156816 0.537999928 0.422793716 0.0337162316 0.551199019
    0.23016867 0.892121911 0.195553511 0.176134884 0.577555001
    0.484294504 0.604490519 0.148913026 0.75200212 0.495707512
    0.861066222 0.32606253 0.98619628 0.11288929 0.277319193 0.398275346
    0.264782965 0.598494232 0.0844254494 0.485985696 0.546469569
    0.747515917 0.829541922 0.993674219 0.115502 0.07320261 0.367427111
    0.644773722 0.223167121 0.240530998 0.0674631298 0.773482561
    0.093803674 0.97513634 0.549503028 0.945458055 0.224490255
    0.173315734 0.358314365 0.800671041 0.0629747212 0.617732823
    0.497074604 0.556104541 0.303679317 0.577928782 0.762010634
    0.260033786 0.461746067 0.186471045 0.903090835 0.154290855
    0.0785008967 0.618810833 0.509844899 0.983719528 0.0464719236
    0.493762136 0.907917023 0.329882383 0.984259963 0.817342401
    0.354373991 0.328793436 0.496775359 0.358214855 0.0696194768
    0.586651027 0.685963333 0.561717987 0.426015675 0.496579468
    0.212243438 0.389272153 0.875232637 0.93915236 0.922453761
    0.538903415 0.470910281 0.811291754 0.850764036 0.640286446
    0.880466878 0.0709177852 0.0906822085 0.829428554 0.0204128027
    0.78938663 0.253292203 0.858053446 0.506300688 0.94485116
    0.0122720897 0.991430819 0.572920799 0.992120922 0.615012407
    0.183938712 0.461208671 0.40280968 0.982222915 0.862536669
    0.369784594 0.347379863 0.826525569 0.374645948 0.306610316
    0.0982885361 0.0345920622 0.0290860832 0.12545839 0.682371378
    0.391584277 0.657219589 0.202929527 0.481525272 0.543428898
    0.605811238 0.639100432 0.678184092 0.878386319 0.998742819
    0.531724095 0.379975498 0.802485943 0.621577621 0.639423013
    0.702602744 0.668548346 0.481189996 0.248631269 0.469848305
    0.102206051 0.363066375 0.0106984973 0.594923973 0.729196072
    0.156630546 0.664419949 0.724918604 0.950484097 0.888666749
    0.819557786 0.0560185909 0.114458025 0.395245761 0.357108891
    0.631402314 0.241608709 0.437676162 0.300447643 0.633998871
    0.930908084 0.229231298 0.149418026 0.371260881 0.974936128
    0.8718822 0.476511836 0.162024349 0.480681032 0.336173356
    0.400176942 0.485400617 0.663803637 0.628021359 0.701750159
    0.850815535 0.259451538 0.425741285 0.475803733 0.546457112
    0.867740989 0.296279967 0.773665845 0.641732335 0.784349203
    0.767014802 0.928500533 0.708088696 0.382815897 0.158202767
    0.799733639 0.99492842 0.131064445 0.612854838 0.154055059
    0.301422924 0.641807973 0.232945591 0.679374099 0.310021102
    0.580631256 0.513108253 0.106614053 0.782683969 0.874539733
    0.126234174 0.899828017 0.317154527 0.637277484 0.433332682
    0.581104994 0.839886904 0.574189186 0.697817206 0.804246902
    0.171582371 0.503525794 0.151099741 0.808697999 0.822828412
    0.67863816 0.0709238648 0.423884958 0.82335341 0.425339013
    0.664167285 0.512508571 0.881974041 0.675539911 0.832781136
    0.108615875 0.964694798 0.489955485 0.748096228 0.879981041
    0.160698771 0.74581176 0.150915086 0.358473659 0.289905608
    0.020642817 0.22734049 0.346301675 0.370489359 0.893294811
    0.0931540728 0.417182654 0.717450798 0.83495611 0.617198586
    0.506121099 0.22595638 0.756196499 0.109931082 0.600174844
    0.67576617 0.741180122 0.0778551698 0.910940409 0.0195861161
    0.710684121 0.301585257 0.534373939 0.26659888 0.320596963
    0.958845496 0.317944765 0.165932685 0.0637705624 0.0533393621
    0.0511330962 0.369825661 0.313119143 0.131960213 0.718865335
    0.989969611 0.98211205 0.762208462 0.935381174 0.386390716
    0.670825839 0.374961704 0.0569168925 0.397000551 0.0680662096
    0.374626011 0.0514215827 0.421861976 0.00104176998 0.880794406
    0.0120409727 0.0530371368 0.126980633 0.831914783 0.666764617
    0.74941802 0.941836834 0.492812991 0.398543477 0.62885493
    0.865528226 0.527674019 0.745623946 0.760442138 0.0330803096
    0.0601073503 0.160918564 0.813049912 0.00176483393 0.653820515
    0.260161877 0.916149855 0.992213726 0.744664192 0.363926232
    0.884435356 0.947897375 0.756244302 0.297676325 0.610583663
    0.601598799 0.110120654 0.988804281 0.677752316 0.0516499579
    0.324056089 0.622409225 0.364957273 0.172369361 0.0874474645
    0.0731834769 0.252704322 0.762544692 0.152044147 0.418456227
    0.74287802 0.466129124 0.560428858 0.133761644 0.353860974
    0.165908247 0.852440298 0.0495238304 0.905496538 0.575247347
    0.0684452057 0.065451324 0.744614482 0.14638719 0.709608138
    0.419438392 0.864615798 0.869317353 0.799360991 0.602369249
    0.805359006 0.677164853 0.32846725 0.762666762 0.531127334
    0.619994581 0.931154191 0.970232725 0.602108955 0.228598416
    0.913126945 0.0311267078 0.618952513 0.115097433 0.790296257
    0.527019382 0.0120081902 0.650378644 0.565589786 0.28194654
    0.888405919 0.166740954 0.74795711 0.567050636 0.59290719
    0.763978362 0.88193351 0.0937756002 0.971835852 0.346314847
    0.871698976 0.970855474 0.188030005 0.717320383 0.578528225
    0.207810342 0.998791337 0.80196923 0.0969280601 0.537921131
    0.535553396 0.288551986 0.0822428763 0.267650723 0.306430012
    0.595834494 0.671029627 0.8945086 0.217112154 0.923220515 0.66428411
    0.660433054 0.0764332414 0.90733242 0.171417385 0.929447412
    0.5224545 0.560870707 0.138237417 0.108057499 0.999738097
    0.811262369 0.507644296 0.535094619 0.257395923 0.511535585
    0.00734445453 0.907920957 0.380483627 0.575667977 0.544851661
    0.967747629 0.985732317 0.714535594 0.730575979 0.422442049
    0.865967631 0.916256189 0.815062881 0.969609261 0.273048997
    0.648512006 0.237550288 0.797205329 0.959117115 0.687984824
    0.993761659 0.0316846371 0.493611693 0.180905282 0.83586657
    0.381887019 0.515470028 0.224379331 0.357183278 0.476707995
    0.166794211 0.0992391109 0.00450262427 0.865422487 0.0963136852
    0.560674548 0.0400900841 0.203501284 0.548529565 0.642654419
    0.164267689 0.0540674329 0.158723921 0.264883876 0.560737014
    0.447290748 0.866096556 0.329533041 0.88575238 0.843131959
    0.197836667 0.818554044 0.784386754 0.688683867 0.854493499
    0.136512846 0.951774359 0.919954181 0.659510493 0.503021836
    0.124930948 0.963810444 0.183234185 0.684117138 0.945811987
    0.548479021 0.00113394856 0.0161735117 0.787474871 0.173820257
    0.393760681 0.212471157 0.628401577 0.464954913 0.239245057
    0.893008828 0.990878463 0.753972888 0.340099305 0.811577439
    0.250919163 0.0725671053 0.38117677 0.0130163431 0.317653537
    0.117102653 0.604086399 0.515694857 0.466347843 0.714569271
    0.151337236 0.777702749 0.319942176 0.785127938 0.594881177
    0.551065266 0.784734607 0.962678432 0.489233017 0.859456718
    0.519434869 0.394776285 0.548535824 0.193391174 0.713180065
    0.382994831 0.685895741 0.0640543401 0.101972431 0.0559335351
    0.873001218 0.00117844343 0.773631454 0.120101362 0.294366032
    0.631560922 0.782364368 0.179335237 0.740813851 0.461623758
    0.688432395 0.0468985438 0.742122531 0.747834682 0.78800559
    0.187871635 0.167084396 0.8889153 0.0860623121 0.464910001
    0.627511978 0.752055168 0.723245025 0.115000576 0.927036762
    0.452290177 0.247936487 0.536027849 0.878306985 0.844439566
    0.906769931 0.452468723 0.140271246 0.385249496 0.859432161
    0.223657459 0.371610999 0.202614367 0.751712561 0.230618596
    0.253781646 0.886443973 0.487834543 0.506761909 0.855231762
    0.220505625 0.689158916 0.629755855 0.029517293 0.849980533
    0.48297438 0.641998351 0.621986806 0.440630794 0.450150907
    0.954801202 0.312133491 0.877537966 0.0899531841 0.336977661
    0.56875968 0.138300836 0.59834218 0.503201604 0.632884681
    0.863208294 0.798850358 0.241565406 0.140340239 0.691965044
    0.363187671 0.276339531 0.85435617 0.0737844706 0.959320545
    0.823297501 0.748328328 0.470486432 0.447542131 0.234888434
    0.390181929 0.21358943 0.580311418 0.888472557 0.31070894
    0.233552128 0.593428791 0.110506892 0.73293978 0.0819079876
    0.105451852 0.499674499 0.735367954 0.602381647 0.0943906307
    0.886473775 0.408966392 0.617105484 0.149706364 0.324433416
    0.42500034 0.105905861 0.656371891 0.185913384 0.742021799
    0.152359217 0.208123147 0.77479589 0.561680973 0.565773845
    0.0456718802 0.579864085 0.151548028 0.695048153 0.078048557
    0.250800997 0.0604470074 0.714342773 0.677160025 0.883380532
    0.934988856 0.615924299 0.148736984 0.734367251 0.61530304
    0.138013482 0.69767189 0.386593819 0.577528596 0.27125746
    0.975553751 0.79201293 0.812410235 0.0480450094 0.21009165
    0.256949842 0.0905250609 0.533780158 0.119764984 0.370040894
    0.540435374 0.548294783 0.381546199 0.430742383 0.523489952
    0.653104663 0.513633132 0.0101838708 0.0394487977 0.538439512
    0.873261869 0.393664658 0.576507807 0.462352961 0.575508356
    0.207035154 0.497598201 0.06330809 0.270597696 0.981800675
    0.488768637 0.182052702 0.803477526 0.855739415 0.996339202
    0.501049101 0.589122057 0.370245188 0.572087884 0.721342862
    0.307566106 0.660323441 0.0848282576 0.828685462 0.365217477
    0.411674261 0.535373211 0.202073634 0.546078563 0.3343696
    0.290694058 0.770670831 0.648197293 0.911639512 0.637785077
    0.769127786 0.0479789376 0.545933068 0.0853824914 0.982356429
    0.797505617 0.115855813 0.486360461 0.938263178 0.316891432
    0.291318297 0.102229357 0.366210252 0.421189576 0.709945261
    0.866394639 0.82638669 0.377656668 0.932846665 0.0536207557
    0.0798665881 0.6784603 0.524853468 0.587048054 0.792159498
    0.0546868742 0.064781338 0.376236677 0.226647317 0.744546235
    0.614654362 0.157538265 0.663155138 0.397002876 0.221691161
    0.743522167 0.537871778 0.116707712 0.795457184 0.37963599
    0.427800119 0.418980688 0.899027944 0.484767586 0.671652317
    0.452649713 0.0393019915 0.630614281 0.377783209 0.92382127
    0.312751532 0.230436265 0.467091143 0.498507559 0.89998734
    0.523557723 0.752110243 0.4403781 0.853744149 0.670977652 0.1415613
    0.0295706689 0.531444013 0.00898918509 0.913368046 0.380923808
    0.750616789 0.584576488 0.337698758 0.543670118 0.279372454
    0.982113719 0.162157953 0.493646681 0.318431914 0.968922019
    0.0556080639 0.544312656 0.126126081 0.0325196683 0.0197821259
    0.714787126 0.927761316 0.797415376 0.00262364745 0.49774456
    0.585200369 0.318087518 0.334307492 0.0961831212 0.940177798
    0.143195003 0.742386699 0.371828586 0.195223331 0.548412085
    0.121381968 0.203779191 0.571374774 0.399138659 0.527820766
    0.411592185 0.89176023 0.565427184 0.111571938 0.489365906
    0.432789713 0.0309794843 0.356915265 0.600991607 0.996868491
    0.16781202 0.644148588 0.184337229 0.338992029 0.865796804
    0.866389513 0.679484546 0.252427995 0.876485586 0.253532767
    0.303769708 0.322541118 0.433574826 0.140124202 0.950103164
    0.121840835 0.0210646689 0.00465631485 0.633364797 0.0167882144
    0.0420922935 0.370851338 0.334875673 0.350840688 0.722754359
    0.716403186 0.406750053 0.993647933 0.0265308619 0.173345506
    0.724566996 0.21464321 0.739397526 0.0574026704 0.0949358642
    0.353373408 0.175212562 0.746258974 0.461193621 0.519363523
    0.899309993 0.156626403 0.136980325 0.937294483 0.69287318
    0.280543268 0.797526956 0.0133008063 0.627408147 0.804574132
    0.0279393494 0.414162278 0.703855813 0.152140707 0.967450142
    0.233154565 0.0974984169 0.651363671 0.599780381 0.36943984
    0.705865204 0.275207877 0.797378838 0.317445457 0.0648164749
    0.41246897 0.499181837 0.422621429 0.505230665 0.913264632
    0.414928436 0.36812222 0.181872994 0.309593409 0.953851461
    0.476243794 0.639511704 0.934622765 0.441663474 0.450796038
    0.546763837 0.775048494 0.971375108 0.229876697 0.953073144
    0.865790248 0.707849383 0.00703650713 0.392990232 0.692645729
    0.830269933 0.884694457 0.101632476 0.850113034 0.404040277
    0.169887096 0.826507092 0.623346269 0.690792441 0.273105025
    0.974724889 0.867015421 0.553088546 0.273752868 0.634941339
    0.340245903 0.95177424 0.286525667 0.755347848 0.709260166
    0.185998499 0.161220551 0.515202522 0.364295125 0.212860495
    0.591405988 0.605229855 0.878559709 0.819171548 0.992667317
    0.557682455 0.295419157 0.0149816573 0.659781337 0.954400182
    0.233523607 0.0414789021 0.419754505 0.17701003 0.0146234035
    0.224460483 0.74407059 0.963827014 0.282690883 0.669564486
    0.665413022 0.659509063 0.708681643 0.416636974 0.550103188
    0.44408834 0.145157725 0.131779134 0.453902036 0.182644963
    0.431527257 0.76118803 0.19580847 0.664601326 0.37423265 0.439786553
    0.860613585 0.323783338 0.154570431 0.996675134 0.416222423
    0.282593846 0.793392181 0.323004484 0.819659889 0.898391247
    0.436914444 0.516258419 0.802201867 0.305071294 0.319048643
    0.236495495 0.280857801 0.393674344 0.540010512 0.731858611
    0.407242477 0.839993477 0.762548983 0.0632457733 0.13905412
    0.428543895 0.562196732 0.451616019 0.0546792448 0.402504802
    0.0307081342 0.165836781 0.205809295 0.884877801 0.0401133001
    0.415598601 0.953041971 0.761805892 0.431168139 0.0170288384
    0.51811552 0.839262128 0.755793929 0.232647896 0.885310233
    0.802226543 0.927805185 0.419618607 0.0409276187 0.470931321
    0.491354614 0.364560753 0.0941727161 0.685311437 0.149769574
    0.339701891 0.683620512 0.656615734 0.12200889 0.0713143349
    0.157560527 0.372458011 0.0337221026 0.196308196 0.816632271
    0.0183930099 0.250726461 0.188887566 0.586863518 0.513324022
    0.441967249 0.627186894 0.50430125 0.0257011354 0.58010757
    0.93157959 0.419304371 0.0958330333 0.230975121 0.0618810654
    0.975747824 0.181751847 0.855039895 0.985415101 0.968735218
    0.0435433388 0.81090945 0.41921711 0.789310277 0.515284419
    0.0298384726 0.775303364 0.654233754 0.231546849 0.326043665
    0.0410550237 0.786551476 0.0535396934 0.952317476 0.256872058
    0.957002878 0.48805508 0.86497283 0.84667325 0.710253239 0.655189335
    0.136681169 0.447168559 0.956217885 0.536826849 0.138345003
    0.314533621 0.911789834 0.22886011 0.201902568 0.59364748
    0.0559084415 0.0481984913 0.726175964 0.760713696 0.434889972
    0.936319828 0.565974534 0.276583433 0.162346572 0.656889498
    0.108392507 0.623309493 0.253110886 0.905321956 0.691140771
    0.942972422 0.291308373 0.755001307 0.806849718 0.303579569
    0.968309402 0.580654502 0.169636995 0.257978797 0.788937092
    0.347833693 0.377401888 0.899660945 0.677413464 0.152615905
    0.760421753 0.440681905 0.692336917 0.642179132 0.995239675
    0.425656408 0.961896181 0.699926555 0.67503202 0.872224152
    0.391884744 0.412301719 0.248122215 0.580750823 0.479753226
    0.0697422326 0.0103302002 0.419294327 0.208499759 0.767888427
    0.124405682 0.503384113 0.156006455 0.896980166 0.543154359
    0.631727099 0.830789089 0.557727754 0.801406384 0.291259766
    0.331143171 0.519216359 0.827541351 0.314624816 0.445996433
    0.311559707 0.510770917 0.837249398 0.0151793659 0.189383924
    0.348035097 0.786964059 0.0318726599 0.543971241 0.426183462
    0.639431655 0.231477678 0.301908642 0.419472516 0.494315177
    0.0949241221 0.60453248 0.906204581 0.171915174 0.830843687
    0.613825619 0.330461085 0.547616124 0.283567786 0.121068209
    0.494515508 0.521990776 0.526203692 0.246247321 0.880645216
    0.917214155 0.0374911726 0.900800467 0.178667039 0.837260008
    0.0467077494 0.638060808 0.259445846 0.814749599 0.0131709278
    0.808724403 0.34979713 0.751780391 0.449288011 0.407555819
    0.741430163 0.125588089 0.827103615 0.341684103 0.752431154
    0.0367070735 0.618140996 0.615500987 0.318060428 0.160344094
    0.313416839 0.865038812 0.624607146 0.74597609 0.675632834
    0.200900704 0.0376857221 0.873981059 0.268670142 0.437969357
    0.0216373503 0.572939456 0.342741698 0.974193573 0.850450993
    0.861497581 0.470079273 0.560101092 0.677678764 0.0611180663
    0.788137197 0.659678578 0.649480462 0.733587265 0.704707861
    0.126965761 0.292735726 0.35983032 0.376713753 0.13159883
    0.522009313 0.179421604 0.751795888 0.664702237 0.687970996
    0.803658009 0.125125229 0.74835664 0.525611281 0.88406086
    0.767412901 0.839327276 0.0840118527 0.649231017 0.703636348
    0.969147146 0.874699116 0.854968667 0.31253016 0.713577449
    0.917441845 0.941104293 0.953440189 0.123829097 0.0836681128
    0.77463007 0.57970655 0.4997392 0.45430851 0.627954841 0.748833418
    0.483539134 0.781997561 0.272830725 0.707580566 0.581554294
    0.7929914 0.538761497 0.829562426 0.940406203 0.581072688
    0.312077701 0.966187 0.533474565 0.379787982 0.778394341 0.592745602
    0.465589434 0.930586457 0.990859985 0.184954852 0.631076396
    0.441922456 0.0309705138 0.675929308 0.276345938 0.776496649
    0.637196183 0.387853086 0.125917584 0.577597558 0.531042993
    0.503461838 0.69707942 0.485710412 0.455235422 0.208024621
    0.504945874 0.317530811 0.47401759 0.464838207 0.337574571
    0.267394364 0.485942394 0.0185830295 0.416481853 0.429080486
    0.166808367 0.161393464 0.192276657 0.407456726 0.907507658
    0.667003572 0.199821651 0.118468732 0.895136058 0.220766634
    0.958383203 0.00699606538 0.120492339 0.383947015 0.844088674
    0.23519364 0.361400604 0.0794036388 0.889713049 0.130272001
    0.481001586 0.229054153 0.407885253 0.613883138 0.0421358049
    0.823288918 0.0221065879 0.518846691 0.124125481 0.0892413259
    0.46026969 0.0604896545 0.290800989 0.132353157 0.63861835
    0.224032462 0.44731766 0.333230615 0.0151212513 0.800593734
    0.254090428 0.612931252 0.520557523 0.522041023 0.769639492
    0.537533045 0.183372587 0.905984282 0.736017525 0.428262591
    0.963120937 0.364160419 0.453667462 0.0192103684 0.608482122
    0.974176288 0.0853816569 0.0509572327 0.81149435 0.900726497
    0.378255248 0.72988975 0.240008652 0.0966789126 0.608539939
    0.740255654 0.389097869 0.570695221 0.724806666 0.949655175
    0.569428444 0.345337659 0.879597425 0.369610548 0.933463693
    0.555255949 0.147651792 0.231092662 0.601771235 0.732849419
    0.16155532 0.446240604 0.839595139 0.60213536 0.636831641
    0.354662776 0.0414045751 0.319590509 0.141261011 0.52621448
    0.0589430034 0.316718698 0.849151671 0.869647026 0.437511325
    0.370580673 0.584427834 0.0177586675 0.496692896 0.797288537
    0.224327981 0.106141746 0.783056974 0.2035954 0.510451913
    0.0655830801 0.475066543 0.576053858 0.296674907 0.576895118
    0.429172933 0.692780614 0.741821289 0.609254718 0.736131787
    0.431838453 0.286372215 0.944921434 0.149885714 0.412452459
    0.236693829 0.276290178 0.17169413 0.583979368 0.962253809
    0.689888954 0.558421969 0.854260385 0.263111651 0.284928769
    0.229010612 0.706383646 0.471912712 0.770062089 0.00145456195
    0.008646667 0.810703039 0.477808803 0.77144289 0.6038661 0.18596518
    0.556993663 0.310620546 0.504638255 0.191339612 0.809523344
    0.537996709 0.555063367 0.543874621 0.293335259 0.509310067
    0.0568136871 0.649203241 0.717306674 0.836334765 0.540232897
    0.614520609 0.0020929873 0.77157563 0.345500737 0.00800299644
    0.92519021 0.334701478 0.262879014 0.471772492 0.788739502
    0.956669807 0.815899074 0.934085906 0.95025444 0.524474978
    0.408998102 0.35597235 0.465993047 0.690454662 0.338185608
    0.807821333 0.414106667 0.232707828 0.943387091 0.159291238
    0.648308039 0.247002333 0.683035612 0.212866724 0.199840009
    0.87784493 0.0228334963 0.0564186871 0.75358969 0.851483941
    0.492227286 0.100263327 0.64767611 0.902217388 0.686886847
    0.40982008 0.592272997 0.487009883 0.966846704 0.413532674
    0.163740695 0.723424196 0.480968893 0.840838313 0.0820017159
    0.17588374 0.942322433 0.262483299 0.970695972 0.579743207
    0.118335783 0.282835633 0.610575855 0.515018284 0.391191065
    0.348468423 0.977244258 0.0701999068 0.667590737 0.81426537
    0.415308177 0.519094586 0.87251842 0.214149117 0.935539007
    0.428040624 0.741927803 0.795662642 0.510523856 0.710226774
    0.996266842 0.467357427 0.173402816 0.799592137 0.500309944
    0.183594048 0.272102773 0.460957378 0.61604929 0.735645652
    0.854531288 0.130646944 0.976977706 0.296353042 0.71582818
    0.772779703 0.451301605 0.203922093 0.00806677341 0.149171889
    0.429155916 0.403759748 0.561654091 0.779732049 0.646228731
    0.362725049 0.143215388 0.742188036 0.0472696722 0.478292853
    0.619079053 0.578126669 0.448789775 0.751510978 0.0726826787
    0.669810772 0.870983839 0.00536352396 0.13905558 0.349891275
    0.255000651 0.742320657 0.316978335 0.80585438 0.245958
    0.00277292728 0.392452538 0.437119961 0.678051591 0.137554914
    0.354803324 0.0154134333 0.399360538 0.33278504 0.392703801
    0.051348567 0.668399096 0.0864133537 0.640983164 0.577412605
    0.924280524 0.0912881792 0.325846106 0.15581435 0.119307309
    0.891255081 0.0142733455 0.582363784 0.206450611 0.0606460869
    0.701537371 0.990838408 0.691234291 0.943385899 0.863144636
    0.778976023 0.347481251 0.824000001 0.00185364485 0.900002122
    0.602060735 0.149569243 0.876984239 0.497140259 0.545710981
    0.549158275 0.529319525 0.58461076 0.0100982487 0.272996992
    0.410847306 0.447190046 0.149225473 0.360997498 0.384422719
    0.273111224 0.128392756 0.148765326 0.328868121 0.486517936
    0.105165929 0.947976649 0.708186805 0.170788199 0.716149628
    0.256477147 0.948738337 0.639391959 0.440292239 0.432879031
    0.473675609 0.883970022 0.854277611 0.590210497 0.831384301
    0.188837558 0.228341848 0.212269008 0.0784750581 0.792522311
    0.66903919 0.322069883 0.101121455 0.0676691532 0.486195892
    0.466203719 0.764508009 0.705586791 0.944769204 0.809260368
    0.443826795 0.907211065 0.102481872 0.395465255 0.0915533602
    0.922346771 0.510323584 0.427482009 0.775178313 0.0504768491
    0.332136393 0.885013819 0.26105237 0.113602906 0.449886799
    0.288092017 0.0492820144 0.278464615 0.199838996 0.915872157
    0.458636642 0.133306623 0.554982722 0.898990273 0.370571375
    0.920364618 0.802212715 0.999967098 0.691828251 0.699119449
    0.776660204 0.204652429 0.196940184 0.885604203 0.41087085
    0.812921166 0.597782016 0.197538972 0.402823061 0.921512127
    0.601161659 0.961336255 0.349582613 0.768829584 0.611189008
    0.582438827 0.851717472 0.259484351 0.702866912 0.139567196
    0.282933801 0.46749422 0.795634389 0.123244882 0.393958867
    0.35842365 0.664559364 0.433345884 0.117614388 0.984289765
    0.325808555 0.363755465 0.453429282 0.832970858 0.777576327
    0.146582842 0.595053852 0.723961771 0.0201311707 0.267788231
    0.35306412 0.429144859 0.459444612 0.766941905 0.214516997
    0.960830212 0.206167191 0.58151269 0.481167138 0.420374185
    0.222758144 0.475795746 0.0487564206 0.535470068 0.843486786
    0.730729938 0.265868932 0.0370953977 0.2617172 0.86651051
    0.155070722 0.583938777 0.267254055 0.559259892 0.60614562
    0.563559055 0.763150573 0.053134948 0.599720955 0.925172448
    0.6014027 0.188520432 0.0161107481 0.635501623 0.877244473
    0.890508294 0.539591074 0.970249832 0.435774922 0.391676635
    0.204452693 0.554950953 0.295359313 0.781675994 0.292507678
    0.748961926 0.48175329 0.134977877 0.353406727 0.0781243145
    0.0789914727 0.154129028 0.607247531 0.159181505 0.875281274
    0.670165658 0.315208673 0.675546288 0.991561234 0.369451493
    0.308852494 0.00833690166 0.214266747 0.626132488 0.605886638
    0.0284266174 0.240008175 0.346105576 0.852615356 0.73953867
    0.79263556 0.0623476207 0.0123335719 0.601407945 0.639655709
    0.814685106 0.476632714 0.248762906 0.512308478 0.845986545
    0.982662916 0.0805347264 0.167134434 0.528066754 0.931845665
    0.925681233 0.66650033 0.930977941 0.360249221 0.0112485886
    0.00963431597 0.209862888 0.549116492 0.635899723 0.122070312
    0.23976174 0.926160455 0.948610842 0.62681514 0.621527076
    0.222840786 0.218072891 0.717166722 0.736968279 0.761695385
    0.803979635 0.484994084 0.690333247 0.89444679 0.106087774
    0.226585865 0.718001246 0.856698871 0.00426802039 0.510654271
    0.1607126 0.893254757 0.987724304 0.571320653 0.00225940347
    0.498994797 0.860089242 0.0529042482 0.216235667 0.835148096
    0.701715231 0.627391696 0.0699338913 0.96520865 0.838203847
    0.449701786 0.0924921632 0.816394806 0.397634387 0.228095859
    0.822928309 0.133827865 0.638298631 0.108049423 0.936186671
    0.221336246 0.870988488 0.670342207 0.957214475 0.466681957
    0.970557272 0.300845265 0.377046168 0.51171875 0.438727111
    0.333141446 0.710892677 0.0649345815 0.484475374 0.281631082
    0.299231052 0.800079465 0.374977499 0.433511019 0.370783061
    0.505575836 0.804588497 0.554314017 0.574305296 0.695468545
    0.333693743 0.419557542 0.76390475 0.951982975 0.536065698
    0.0620637834 0.0327458382 0.342622161 0.453304172 0.602457523
    0.175407916 0.907420874 0.624987543 0.0625343919 0.235399216
    0.382398307 0.223032683 0.179989159 0.461192369 0.618455887
    0.51717639 0.524694204 0.347657531 0.324015677 0.460584044
    0.308159918 0.264120579 0.450488359 0.782852411 0.50966543
    0.327688217 0.947754383 0.663613796 0.300471246 0.508313417
    0.0441267788 0.137157947 0.448738515 0.140695006 0.214999527
    0.23456341 0.883284688 0.686781228 0.425484538 0.0276373625
    0.858819485 0.31746155 0.586732328 0.328366697 0.417633295
    0.385510623 0.0681162477 0.925693035 0.730240047 0.610140443
    0.708735824 0.867640138 0.262443691 0.938144803 0.6604563
    0.876319051 0.781699419 0.193573177 0.607370675 0.204200953
    0.367932081 0.512028992 0.122221708 0.672194839 0.685696244
    0.821986556 0.904965758 0.949187815 0.120174676 0.0510007441
    0.172899932 0.869555354 0.359644592 0.701151192 0.381317347
    0.0524519384 0.742446661 0.408051372 0.0972566903 0.93090117
    0.0181855559 0.542167425 0.87127471 0.829091251 0.76322782
    0.331800401 0.161432892 0.416170359 0.341788918 0.765939415
    0.300723255 0.240410596 0.615909815 0.336132884 0.712370038
    0.600206554 0.442716807 0.860698879 0.289944828 0.492960423
    0.610952675 0.263079703 0.304447949 0.860995233 0.368218303
    0.480424136 0.358718991 0.359136283 0.964411497 0.139698207
    0.0744338334 0.0711534619 0.279864371 0.0972046852 0.53033638
    0.435141206 0.186154574 0.0666420162 0.866152883 0.309162319
    0.268733591 0.163581252 0.300291121 0.306305796 0.164495051
    0.610056281 0.788848162 0.136833817 0.845847726 0.55358398
    0.314754337 0.982996583 0.715216756 0.444317758 0.54809767
    0.914961517 0.677699983 0.64344871 0.386109591 0.709657192
    0.426781505 0.659335613 0.705230474 0.692580283 0.718379378
    0.902507424 0.601214349 0.495925575 0.819875777 0.922881603
    0.887106895 0.542192817 0.920385242 0.45759064 0.250574768
    0.645182073 0.666127443 0.0669316351 0.870084047 0.967177033
    0.223040491 0.758014977 0.591179729 0.680333734 0.400190115
    0.50688225 0.262044668 0.815836787 0.510634959 0.906060338
    0.0572040975 0.330991864 0.263185084 0.73797977 0.627972364
    0.665689051 0.882762849 0.233191878 0.500609219 0.342737973
    0.973833561 0.982673168 0.306036204 0.48432377 0.430707753
    0.00626435876 0.948998332 0.597693563 0.183214396 0.184136271
    0.184724599 0.261285484 0.213890672 0.909379363 0.679598331
    0.48947525 0.426904678 0.0292999744 0.94679904 0.310961127
    0.879780531 0.607991457 0.0723660588 0.313622743 0.766351402
    0.599140644 0.573450089 0.254297197 0.212494791 0.848891616
    0.89541018 0.327192008 0.403482854 0.726711631 0.845209599
    0.387294233 0.0546785295 0.249743581 0.220853537 0.887001634
    0.531823874 0.402944982 0.690681636 0.853929996 0.0724596083
    0.471603751 0.571858287 0.65095818 0.361595929 0.188883245
    0.196589589 0.69816041 0.453644335 0.363217413 0.72191292 0.25814715
    0.502350926 0.179415405 0.769168973 0.639959455 0.381268471
    0.169688404 0.623914063 0.710492432 0.407008886 0.152583957
    0.691095531 0.613970876 0.969637513 0.133294374 0.863524914
    0.289141357 0.717520058 0.459381372 0.154682785 0.68183136
    0.937233448 0.0943591893 0.750979662 0.60325706 0.892975867
    0.807990193 0.298505604 0.678837359 0.966091931 0.780849099
    0.889618099 0.795716763 0.357919753 0.951845288 0.392893165
    0.201123267 0.379013985 0.605778515 0.421403348 0.675977588
    0.460579455 0.917659581 0.467250854 0.592811704 0.275922358
    0.0602534115 0.729084969 0.953083873 0.105146557 0.535123348
    0.0343230069 0.339915931 0.783004701 0.884387314 0.392341614
    0.195030987 0.63859427 0.893687189 0.790874243 0.363946736
    0.561599731 0.351358116 0.826618671 0.0708848238 0.0846390724
    0.539963007 0.698015273 0.0192729831 0.743135631 0.502246678
    0.0408696532 0.603813648 0.0676667094 0.640164793 0.971327543
    0.300338566 0.761188745 0.916717529 0.570239186 0.328331172
    0.589488745 0.982649207 0.970839262 0.157713413 0.535181224
    0.933679223 0.452385783 0.413411349 0.179090112 0.53090173
    0.349143237 0.980007827 0.125032187 0.769403934 0.645331919
    0.617179334 0.0430072844 0.514273107 0.0405929089 0.0165686011
    0.256286114 0.423213094 0.63653028 0.349679768 0.535814881
    0.256145835 0.247677237 0.873215437 0.744249761 0.351713002
    0.907924056 0.133636564 0.578339696 0.797065735 0.18276915
    0.345750213 0.0318789184 0.510319829 0.631756425 0.408612669
    0.89586091 0.470696747 0.234447271 0.370801985 0.685522556
    0.496713132 0.839827359 0.9869169 0.00305500627 0.508467019
    0.98579675 0.716148674 0.239210784 0.127801567 0.0656734407
    0.412567079 0.0571193397 0.575148642 0.457536757 0.111186296
    0.652488947 0.537547112 0.262279272 0.632035017 0.354567647
    0.556399286 0.328447521 0.415769398 0.924368441 0.999115407
    0.569608092 0.762177348 0.710203528 0.73626399 0.418724269
    0.850172281 0.347009122 0.434409976 0.693482041 0.0466662049
    0.523631275 0.317076504 0.733613133 0.539429605 0.0542490482
    0.219122589 0.791628778 0.538759768 0.196126491 0.240374357
    0.516419172 0.161948472 0.49928689 0.0982477367 0.704883873
    0.807458818 0.0778906047 0.358061194 0.126505226 0.382573485
    0.829099655 0.445224106 0.680417478 0.0870732367 0.947783649
    0.0668927431 0.217576921 0.640029728 0.71073401 0.969571352
    0.751011848 0.190933317 0.429545283 0.742669106 0.0138166249
    0.984195232 0.912011385 0.744048357 0.121154964 0.813268661
    0.463455141 0.846573234 0.561205864 0.884008288 0.290546954
    0.848543584 0.596038401 0.43701598 0.564547479 0.695533454
    0.477507949 0.782845855 0.483688533 0.588909507 0.60274148
    0.49861443 0.320344806 0.0261398852 0.112726182 0.411952555
    0.114517093 0.237385839 0.378874213 0.249559641 0.244609326
    0.512746513 0.487515956 0.452238858 0.847164869 0.82965976
    0.122802466 0.791072011 0.870195508 0.510314047 0.822684526
    0.70051682 0.870836854 0.320161939 0.856185377 0.560922861
    0.235335052 0.529591978 0.596731007 0.841184616 0.534178019
    0.21449393 0.00284156203 0.538957596 0.77519542 0.218530625
    0.978730142 0.188241899 0.595882118 0.939214468 0.441286623
    0.213776827 0.371759415 0.215259045 0.681399345 0.659344137
    0.840165675 0.762390494 0.678468585 0.665700138 0.503064573
    0.451714337 0.270983338 0.178875744 0.821628213 0.359530419
    0.520112395 0.980729818 0.800988555 0.869508147 0.230308861
    0.265512109 0.839403749 0.153350443 0.457668096 0.118007451
    0.597230315 0.631536841 0.861954033 0.324441314 0.0754189491
    0.815928936 0.0986591876 0.229686379 0.231583387 0.908844471
    0.0485076308 0.847288013 0.142096519 0.57000339 0.0505861044
    0.812048793 0.270504534 0.00212970376 0.388599038 0.67924273
    0.471745163 0.786080956 0.000719070435 0.0970446169 0.649618447
    0.544234276 0.194469541 0.349777281 0.0381194949 0.751510978
    0.336663127 0.840471745 0.443401366 0.17050308 0.191773087
    0.101774752 0.513389647 0.917078972 0.0830110908 0.709123611
    0.0307856202 0.350294143 0.711975694 0.883441925 0.396209419
    0.772907257 0.104834318 0.856492937 0.0865931809 0.817281187
    0.916370869 0.557488918 0.00784918666 0.609434962 0.447357714
    0.157397062 0.256534934 0.0945241153 0.63645941 0.991365314
    0.425077319 0.564069986 0.389110535 0.774305701 0.134457052
    0.488864571 0.609352529 0.56899029 0.65658319 0.815199316
    0.821349502 0.175762564 0.611495256 0.231930405 0.199265391
    0.316900373 0.957038879 0.223467618 0.419817746 0.0616889
    0.0628254414 0.864671946 0.0103119016 0.0246805847 0.246789098
    0.0904979706 0.0783183575 0.114659071 0.16446197 0.913276434
    0.20177868 0.79211235 0.702421665 0.891547561 0.607581079
    0.989806175 0.335056901 0.975648224 0.152998596 0.343068451
    0.755697489 0.578215718 0.927717388 0.966804445 0.042704016
    0.492816776 0.250222087 0.991761684 0.350348353 0.597637236
    0.922835112 0.594279885 0.236040741 0.597078919 0.160488933
    0.777525485 0.405889243 0.90040338 0.0548613071 0.11745587
    0.687232375 0.347255021 0.677840352 0.446227223 0.116324246
    0.31474334 0.0865058899 0.887111664 0.54288125 0.91450572
    0.508674741 0.896087885 0.756278276 0.592242599 0.180382252
    0.196596861 0.384250939 0.84661603 0.664452612 0.900501966
    0.355009198 0.0756613016 0.120835394 0.630428374 0.750327647
    0.0905142725 0.31618157 0.586278677 0.741823256 0.860642076
    0.669019401 0.697417676 0.716928184 0.802865744 0.292158902
    0.816866457 0.069045186 0.0850192606 0.644193411 0.844069481
    0.303850174 0.708325028 0.774370492 0.682787061 0.428210169
    0.749258399 0.652686417 0.414323062 0.223412216 0.350376666
    0.252934933 0.529097438 0.234057993 0.227216095 0.953103662
    0.729136884 0.663850605 0.91452086 0.370235205 0.777194381
    0.922102273 0.165851712 0.27828598 0.178225994 0.930571556
    0.872858465 0.256723821 0.480743408 0.698016107 0.245283812
    0.998169184 0.242147923 0.359989852 0.104251087 0.460457027
    0.0538555384 0.81661278 0.576312602 0.936613858 0.77568686
    0.504106224 0.0971032083 0.228611976 0.23806864 0.776789904
    0.485404283 0.50031513 0.845179677 0.235457629 0.945623755
    0.204534501 0.717291713 0.162097842 0.313252747 0.908107519
    0.102627903 0.725673676 0.885722756 0.683083475 0.297642708
    0.951003015 0.607690096 0.00712484121 0.487350583 0.831871867
    0.291746676 0.772441745 0.515584111 0.427496016 0.696904957
    0.797447264 0.88468945 0.457358181 0.557259738 0.398507118
    0.288259327 0.695491016 0.00837033987 0.587766886 0.978574991
    0.0278983712 0.869287133 0.786042452 0.795472085 0.687012732
    0.0676347017 0.302735686 0.327258259 0.526868582 0.732090712
    0.504999936 0.762149751 0.340898931 0.565265834 0.88879329
    0.168574631 0.00627836585 0.245363891 0.741053224 0.0546039939
    0.688898802 0.947081685 0.937914073 0.813919008 0.297225416
    0.835767269 0.166507751 0.0945641398 0.876458883 0.598719358
    0.912485957 0.793640256 0.498644948 0.643266678 0.909785986
    0.86070323 0.361119211 0.530946255 0.547803104 0.184477746
    0.520697832 0.299092054 0.977179885 0.0631972253 0.0686202049
    0.810301185 0.480101794 0.315798223 0.856789827 0.124976814
    0.717087805 0.909232438 0.606664777 0.183470041 0.686011076
    0.167877972 0.471017361 0.365339935 0.133969516 0.536921084
    0.649027169 0.42536211 0.0174176097 0.789090037 0.319490075
    0.25692451 0.570823669 0.883177876 0.55102855 0.329665631
    0.830379009 0.770257831 0.335031688 0.78492105 0.805943549
    0.603287578 0.573278844 0.221025854 0.330192238 0.827700615
    0.547426403 0.183564663 0.338056833 0.973411322 0.365841269
    0.952639222 0.130655795 0.447775811 0.639950871 0.623133242
    0.632305622 0.225384474 0.652664065 0.56859082 0.919660449
    0.424436152 0.948017776 0.743416309 0.796607733 0.0188319385
    0.562660635 0.529159904 0.298289657 0.911699295 0.554070711
    0.62292552 0.339552045 0.81364131 0.306475013 0.127606004
    0.343994796 0.489311337 0.977163315 0.0197992623 0.544039071
    0.435864329 0.414769143 0.877411127 0.0411790907 0.346897662
    0.56739521 0.213958234 0.534005463 0.793223858 0.150017142
    0.779389322 0.550788105 0.207554162 0.038959682 0.730730951
    0.692318261 0.393475324 0.701504052 0.236858964 0.425016105
    0.361750811 0.0368414819 0.922936678 0.908763289 0.789799273
    0.18839857 0.243661791 0.156827122 0.0659768879 0.664485633
    0.406834543 0.226170063 0.716728747 0.164503455 0.828166723
    0.808336675 0.0135622919 0.548434198 0.0812132061 0.780478954
    0.92083919 0.569882154 0.0554461479 0.993375957 0.319314539
    0.652075052 0.914910078 0.970972478 0.91441977 0.422531217
    0.0675971806 0.694412529 0.171883821 0.629518867 0.749068975
    0.687439203 0.723011136 0.146958381 0.334300131 0.927063823
    0.225678176 0.316798329 0.294261485 0.310543299 0.415059596
    0.546864867 0.00484931469 0.46216011 0.502284825 0.205298394
    0.441878498 0.432047188 0.0510521829 0.764737546 0.464334935
    0.30073747 0.395400286 0.422003597 0.0363440514 0.442705721
    0.805146098 0.292048097 0.40098232 0.959115386 0.579461932
    0.353771359 0.41622889 0.222137719 0.0608347952 0.422760606
    0.782176495 0.550944805 0.921450555 0.240745097 0.445134819
    0.802628636 0.967195868 0.430412114 0.414447159 0.340379596
    0.179133207 0.388959378 0.262184322 0.296166033 0.798038125
    0.153526098 0.201574445 0.908830166 0.897711337 0.34047246
    0.567714036 0.651366413 0.321782529 0.834016025 0.918473184
    0.637166858 0.00938612223 0.487587392 0.296050161 0.823307276
    0.651124597 0.464253962 0.245181113 0.814350724 0.939395368
    0.467322439 0.351514995 0.00483685732 0.00781273842 0.0574260056
    0.92917341 0.168546528 0.603857696 0.325632453 0.44663918
    0.0372759104 0.248087674 0.698385477 0.762763083 0.626460314
    0.868895888 0.236222953 0.974124908 0.0782708228 0.293251574
    0.392822057 0.867588878 0.225801826 0.33891803 0.867165923
    0.626939118 0.104632795 0.471706152 0.203039885 0.438060939
    0.677573681 0.176295102 0.426098377 0.947931767 0.360881448
    0.951609492 0.293810338 0.107637525 0.768938422 0.893576026
    0.771951437 0.0827467442 0.350185394 0.704942405 0.806835413
    0.134676099 0.53056109 0.913253188 0.416149259 0.963774204
    0.22864905 0.271148026 0.669792235 0.937163472 0.121241421 0.3345716
    0.07185027 0.12769857 0.253979117 0.920196831 0.888476193
    0.890943766 0.945373952 0.824261785 0.396430433 0.287639946
    0.250893801 0.632541895 0.188806564 0.491582483 0.169289827
    0.361875713 0.768200576 0.705128312 0.282105327 0.368132293
    0.930597663 0.0517436862 0.380960107 0.250931621 0.64802599
    0.158367217 0.805337727 0.763458431 0.229811221 0.817295194
    0.0896692872 0.20865047 0.427221775 0.865988851 0.344143391
    0.877523065 0.610089302 0.897032857 0.960464001 0.185419232
    0.115851313 0.531077683 0.370429218 0.118601054 0.98519659
    0.170730531 0.669896126 0.174316257 0.723800659 0.695965528
    0.00619849563 0.967464924 0.739258051 0.840705276 0.952733278
    0.344730318 0.281159848 0.0537651479 0.785752714 0.548987627
    0.994879961 0.918852866 0.701011837 0.445803791 0.244630605
    0.674061656 0.363304585 0.45092687 0.0235763788 0.999367595
    0.585251451 0.00264382362 0.804126501 0.274863571 0.935020387
    0.588242054 0.604260445 0.798039138 0.93612361 0.377950996
    0.955513537 0.0642392337 0.706575632 0.271686196 0.183112264
    0.326350152 0.935893059 0.66839385 0.154934317 0.627393246
    0.247981787 0.886938214 0.288143396 0.726882339 0.997788548
    0.685545146 0.0371755064 0.69202131 0.516374767 0.435042948
    0.480353743 0.123186141 0.983351052 0.159318179 0.576227129
    0.203419715 0.766792774 0.188078254 0.893756151 0.952742398
    0.613512993 0.883087695 0.449300379 0.518573165 0.582688689
    0.0859857798 0.87911886 0.3986637 0.148130506 0.748811007
    0.131425321 0.649204314 0.369682908 0.514455974 0.95018214
    0.953757584 0.57318604 0.588379741 0.948310137 0.5588395
    0.0951226056 0.435906053 0.422718942 0.949554801 0.882427514
    0.331507772 0.266765147 0.941061914 0.638730288 0.104565233
    0.430570483 0.887625754 0.104630619 0.262958109 0.942257881
    0.861638725 0.463706851 0.0144430995 0.861513972 0.905506849
    0.411622524 0.92687881 0.0383398533 0.311016321 0.431108952
    0.677876294 0.196062088 0.930963933 0.597762406 0.303547293
    0.416255206 0.885371268 0.712127149 0.534916043 0.844523013
    0.827054143 0.612899363 0.028801173 0.983100712 0.00713804364
    0.818359554 0.327340782 0.198011488 0.905806124 0.385088474
    0.151210308 0.970776737 0.706027389 0.52887845 0.67062372
    0.913641393 0.629745483 0.919671893 0.169963688 0.496901959
    0.53976649 0.71126616 0.699458301 0.124910712 0.272773355
    0.841460586 0.756829977 0.0121176243 0.0816037059 0.352823198
    0.549120784 0.511239946 0.0807580054 0.481120914 0.82494843
    0.146138251 0.361204594 0.927146316 0.935705423 0.156627506
    0.781244755 0.678820431 0.506742716 0.341249883 0.700826526
    0.204319298 0.350763321 0.112721503 0.44183743 0.469239116
    0.582439125 0.892861128 0.722948134 0.506579161 0.987632632
    0.494369596 0.981757998 0.628580868 0.824319243 0.143811643
    0.228549689 0.596738577 0.0569905937 0.9283517 0.0494543016
    0.117633283 0.0731828511 0.832870007 0.190700412 0.569228053
    0.763786674 0.0722007453 0.368932813 0.516654909 0.258087933
    0.851529419 0.663778245 0.379544705 0.789607286 0.0817158818
    0.857052267 0.830771863 0.793099463 0.505871117 0.0294794738
    0.109021038 0.554357648 0.634500623 0.0325450897 0.480341077
    0.421653152 0.0541045964 0.0632244051 0.686350822 0.918395281
    0.117880613 0.625162125 0.229021579 0.321746767 0.3143875
    0.542308509 0.604190946 0.106003791 0.432448149 0.819533646
    0.0321119726 0.0136572421 0.562869787 0.277784169 0.0698629618
    0.0967417955 0.242826909 0.28981182 0.149334311 0.456852347
    0.726324558 0.833188474 0.441615373 0.505610824 0.0336907208
    0.779717326 0.247036397 0.740662694 0.0237039924 0.191250235
    0.90809238 0.610805154 0.630701661 0.951142848 0.449855864
    0.47216031 0.252693206 0.152142107 0.197920561 0.136336088
    0.37566787 0.642769814 0.509933531 0.740627885 0.647724688
    0.169823438 0.46795857 0.0171674192 0.416367084 0.603779793
    0.702659547 0.71930927 0.434632897 0.218880326 0.891907573
    0.188821524 0.651013613 0.535990119 0.29631108 0.427872866
    0.389961988 0.465191662 0.461997539 0.0307683945 0.340836972
    0.832728326 0.890573382 0.420793712 0.811279833 0.614282608
    0.27213487 0.456140071 0.693515599 0.0467107594 0.91120398
    0.680555224 0.266822696 0.434318095 0.629840612 0.270999789
    0.68924284 0.517157137 0.251536489 0.202082247 0.353918374
    0.40520069 0.519780934 0.454522401 0.995446146 0.552273273
    0.0182893574 0.864246488 0.470024198 0.351151049 0.164487481
    0.176762193 0.376383394 0.632496715 0.654210925 0.23208341
    0.0539474189 0.976050198 0.152252823 0.460867733 0.527254403
    0.485465437 0.937638044 0.555601716 0.390316427 0.609258115
    0.66350764 0.0503499508 0.740431547 0.344362885 0.411645323
    0.848697186 0.915269852 0.92253834 0.11078909 0.0659179389
    0.675961196 0.445781231 0.0153307021 0.084435463 0.790661454
    0.844123125 0.981513977 0.756868243 0.868055701 0.579991996
    0.671343029 0.90585345 0.565564036 0.836216807 0.290005535
    0.623259306 0.70291245 0.450540632 0.509325743 0.84417206
    0.479571044 0.521942914 0.384099483 0.939996421 0.746497393
    0.895895362 0.973917603 0.609127522 0.0903484225 0.368517339
    0.0291311145 0.273896754 0.422615677 0.69571656 0.285158187
    0.710312605 0.389442772 0.459209591 0.603089452 0.618089557
    0.295942187 0.0487320125 0.513255239 0.427598953 0.761329412
    0.724961877 0.564737678 0.290179193 0.452238798 0.195551693
    0.288469553 0.980422735 0.225080997 0.00739392638 0.323959649
    0.321390808 0.528563797 0.520790219 0.576544464 0.986485481
    0.584335625 0.630027294 0.551167011 0.785992861 0.629732013
    0.234181941 0.672904372 0.614222586 0.741854608 0.068054229
    0.12146765 0.18357861 0.773710966 0.819992781 0.57458204 0.434217125
    0.24320513 0.852942348 0.822908938 0.358318806 0.120760709
    0.081466198 0.173621535 0.437772691 0.896983504 0.711881042
    0.731697261 0.12156117 0.774226308 0.580002367 0.813697457
    0.78352195 0.544910312 0.444525599 0.994780779 0.228853106
    0.581805289 0.298105061 0.128834575 0.120186985 0.961956501
    0.523020208 0.940900743 0.393011689 0.734014273 0.688988268
    0.322205126 0.752434373 0.480002344 0.948433161 0.75466007
    0.236750901 0.234980196 0.675111711 0.927446246 0.46685189
    0.409207165 0.954206347 0.202478826 0.443333328 0.0937939286
    0.685044825 0.522208035 0.778826475 0.686496377 0.197078288
    0.477522254 0.784574986 0.895443678 0.721641898 0.247585654
    0.122514665 0.546250105 0.833361864 0.734876513 0.546152711
    0.172440082 0.681718946 0.730560124 0.0438413024 0.176143825
    0.421771497 0.105566651 0.684124589 0.48399955 0.857949018
    0.350079924 0.0760838091 0.0821612775 0.665123224 0.476143122
    0.672217846 0.602413356 0.972310126 0.544401586 0.745173097
    0.227145463 0.824876308 0.148434341 0.388329506 0.364107251
    0.546124339 0.471081465 0.27219975 0.0183135569 0.180836231
    0.34291169 0.733712912 0.931393266 0.649989188 0.516103804
    0.753828168 0.66456151 0.395441055 0.410487652 0.245015174
    0.45960179 0.674765706 0.708256602 0.698516607 0.75822562 0.96507293
    0.499835968 0.90618372 0.737086892 0.376043141 0.452362239
    0.218110889 0.878751874 0.508871317 0.766090989 0.577084661
    0.75001955 0.19899866 0.756126165 0.847360551 0.0397276878
    0.77276969 0.683233559 0.716644943 0.623218179 0.965709567
    0.647891164 0.678885698 0.991393507 0.341773301 0.361061513
    0.650955141 0.223830193 0.395528436 0.548692048 0.226634622
    0.961277485 0.639928102 0.144314796 0.873953581 0.226848602
    0.328596056 0.582015991 0.765892148 0.730031133 0.84670949
    0.0626518726 0.903086424 0.407958031 0.623450339 0.511005104
    0.00988990068 0.152702987 0.559136808 0.403455704 0.137955427
    0.656110048 0.757582068 0.712824106 0.658537269 0.31542486
    0.485219955 0.0613506734 0.151764363 0.540682912 0.969824314
    0.727085948 0.931632578 0.838067651 0.428483129 0.625082433
    0.0570836663 0.922099113 0.678263307 0.00917115808 0.479563296
    0.854689837 0.543815732 0.255680799 0.535677314 0.0251743793
    0.160718322 0.646795273 0.731517076 0.790228128 0.507307708
    0.407913268 0.714289904 0.237085104 0.184434921 0.799745679
    0.10247758 0.404466748 0.968912303 0.504879415 0.365508765
    0.081910193 0.242974341 0.422149569 0.97160387 0.862413943
    0.600091696 0.2697469 0.250275373 0.772228897 0.12394926 0.896523833
    0.695029557 0.184989274 0.0339123607 0.369568527 0.491989374
    0.105739683 0.762748003 0.40970847 0.664147735 0.187399298
    0.599930644 0.649791956 0.714424849 0.839974165 0.652051926
    0.169382483 0.0250614583 0.262997806 0.951702595 0.834045529
    0.731050074 0.989569426 0.329251319 0.608429492 0.824011266
    0.116143018 0.41289264 0.191275001 0.618264973 0.509169161
    0.822451949 0.180767238 0.246069372 0.0464944541 0.706905842
    0.110461622 0.666545272 0.408627331 0.71928674 0.795754313
    0.938273668 0.0453116894 0.786739886 0.0424647331 0.00590834022
    0.536533296 0.456188023 0.208668172 0.715660393 0.469794363
    0.32185173 0.824480295 0.0586899221 0.123851895 0.98547858
    0.506072402 0.439236969 0.944866836 0.00611191988 0.198554099
    0.121692002 0.781747401 0.451353222 0.546334863 0.975294709
    0.660074592 0.583919168 0.901922584 0.0617463589 0.798226953
    0.248557568 0.673641562 0.369777918 0.829464197 0.876973152
    0.433029681 0.991229713 0.743477583 0.377751946 0.165797651
    0.686855435 0.754309893 0.153172076 0.479858965 0.269715279
    0.413184255 0.293251723 0.698663652 0.529682696 0.412255585
    0.463626146 0.745503426 0.646748066 0.532577693 0.872904181
    0.363171399 0.250655532 0.17881462 0.186518997 0.00795155764
    0.935855269 0.898238778 0.330172956 0.929289341 0.236004859
    0.802520275 0.710086703 0.618394256 0.128674805 0.453120023
    0.480011761 0.446656823 0.113988787 0.019433558 0.375320077
    0.605019331 0.583854556 0.53827101 0.932742715 0.0808109939
    0.495866776 0.507174432 0.0860888064 0.123518348 0.0815463662
    0.809963226 0.93720752 0.754048586 0.86415267 0.215030432 0.16720593
    0.540850997 0.899027824 0.0761189461 0.122703314 0.655349612
    0.984337211 0.877575874 0.425196111 0.809960604 0.496295422
    0.108955503 0.552729428 0.931375384 0.311456442 0.156593442
    0.519583344 0.980357409 0.525055885 0.774547338 0.995584965
    0.868351698 0.233373582 0.887082458 0.331256509 0.249614149
    0.843819022 0.212606937 0.89496088 0.112526834 0.898727179
    0.0737591982 0.0797434747 0.271266937 0.983163834 0.937773824
    0.870361805 0.164929688 0.691108704 0.529004812 0.153390348
    0.595750868 0.0130614042 0.0159085691 0.5583601 0.822005928
    0.97988677 0.728839636 0.758718252 0.0565145016 0.308472663
    0.116110414 0.898344278 0.67290771 0.48554036 0.499351919
    0.792656422 0.0119904578 0.0624616444 0.470054805 0.023628056
    0.299081296 0.955215991 0.70350796 0.956387401 0.971256077
    0.635110974 0.334963471 0.692606449 0.450913668 0.801901817
    0.1893107 0.898617506 0.584695041 0.17880705 0.608366787 0.466904461
    0.577550948 0.931124568 0.838455617 0.874064386 0.225212455
    0.0582426488 0.210901916 0.238363653 0.917002678 0.0905973911
    0.489053696 0.913215101 0.522390246 0.111501098 0.62470752
    0.709475517 0.567212164 0.447257221 0.959311366 0.294554532
    0.736989498 0.437347829 0.0891296864 0.697745085 0.579117715
    0.455517232 0.461411476 0.0215980709 0.210683793 0.124073565
    0.944788218 0.592063367 0.756488204 0.973114133 0.17895034
    0.561808407 0.734122515 0.596143782 0.849377751 0.94151783
    0.615271509 0.594787061 0.447725922 0.603743553 0.250482738
    0.0279281139 0.111130148 0.63062185 0.439692855 0.296855211
    0.78279686 0.387554973 0.990666389 0.130602866 0.549540222
    0.903207719 0.121605188 0.646064341 0.256661862 0.207897812
    0.926496506 0.855281115 0.310662925 0.690277517 0.00277197361
    0.95181793 0.00214099884 0.45427832 0.520862579 0.00475350022
    0.018953681 0.16453585 0.361427784 0.43489328 0.0778858066
    0.639283419 0.890200496 0.738024294 0.171301752 0.320115924
    0.38885808 0.777290106 0.0493144393 0.389384449 0.203658164
    0.00814419985 0.756816387 0.504502594 0.197587222 0.808486223
    0.374400467 0.801944911 0.679930985 0.510204852 0.205576986
    0.813732624 0.387569726 0.516877472 0.59084177 0.253127396
    0.762573242 0.145570338 0.667694449 0.931306243 0.356600136
    0.447163433 0.269126356 0.859377265 0.518447578 0.763211727
    0.598510802 0.735719562 0.197453469 0.681038022 0.206530988
    0.748133302 0.920927644 0.978943169 0.0827303827 0.520776629
    0.142518282 0.184989065 0.811876416 0.723622859 0.891636968
    0.335746109 0.393588752 0.79024291 0.551354647 0.736236513
    0.0568951368 0.796817064 0.883179665 0.85920608 0.0536762178
    0.496393263 0.121285617 0.384432554 0.408281922 0.940335274
    0.0993487239 0.799327016 0.476620883 0.782791793 0.0881564617
    0.71354574 0.490831792 0.611736238 0.427314699 0.42308867
    0.289738446 0.28082937 0.184318662 0.311970055 0.618858397
    0.839814425 0.0413070321 0.0973273218 0.713934779 0.496207893
    0.105784744 0.956861019 0.803468287 0.441629857 0.917342544
    0.406441629 0.381231815 0.0282458067 0.275217354 0.662218928
    0.256112337 0.126081854 0.485071689 0.71812582 0.845334291
    0.853750169 0.13500914 0.977287412 0.462311 0.257914424 0.0503896773
    0.526576877 0.0745714307 0.103614151 0.55022639 0.487103552
    0.49218747 0.40669778 0.838646293 0.305730641 0.149213403
    0.964020729 0.757769763 0.872866333 0.741392016 0.715952992
    0.600963712 0.0130031407 0.472969472 0.888127685 0.316010594
    0.106228292 0.0902104974 0.833442807 0.419727772 0.470204681
    0.910861373 0.495153338 0.939560294 0.521659315 0.723058641
    0.358975232 0.382619053 0.58945322 0.155898333 0.945497513
    0.218880594 0.0149959922 0.95352602 0.0528014898 0.708426356
    0.248055011 0.874337554 0.400642753 0.828098774 0.677483082
    0.554359436 0.554667056 0.959105372 0.431014955 0.228319705
    0.187986881 0.368549466 0.702017248 0.21257776 0.281609297
    0.657751143 0.569816053 0.661327362 0.0187876523 0.977797985
    0.218628466 0.861011684 0.199341387 0.804959893 0.904204071
    0.42274937 0.714490473 0.0781216919 0.172464222 0.205712438
    0.836062431 0.193286151 0.0471633971 0.375510186 0.76229316
    0.378173888 0.403558016 0.76642096 0.849988341 0.786562681
    0.908527851 0.947042525 0.236173987 0.521294236 0.976030409
    0.0688232183 0.309883237 0.915557146 0.0982404053 0.0481494665
    0.172039092 0.80044812 0.508659661 0.747751594 0.245536655
    0.68815726 0.58799994 0.530263543 0.732817113 0.0383962095
    0.871268988 0.480318367 0.867203236 0.340139359 0.887289166
    0.15441975 0.477966458 0.474796116 0.349955261 0.353554547
    0.409476757 0.852450252 0.0623761415 0.0351736248 0.24064523
    0.269334108 0.869254947 0.527468145 0.6078583 0.976240277
    0.117258787 0.633294225 0.08550331 0.932055712 0.294008136
    0.645960569 0.370541543 0.931076407 0.665086389 0.218916059
    0.221448779 0.289553612 0.35314399 0.938077807 0.897341132
    0.737987638 0.171713591 0.6021716 0.473097086 0.853564322
    0.863558769 0.417244226 0.210172743 0.968053341 0.746855378
    0.463824123 0.582049787 0.471405536 0.323926568 0.7429353
    0.685560226 0.133271903 0.78606838 0.942655325 0.397486478
    0.312485635 0.338654369 0.33754617 0.739309728 0.755960941
    0.0709089041 0.713413179 0.374031365 0.296202421 0.703932941
    0.345727324 0.36610502 0.905757964 0.181118935 0.349570483
    0.0492557883 0.120686769 0.99052763 0.44879061 0.89043802
    0.831792057 0.803127885 0.131262362 0.961878419 0.628167689
    0.49692896 0.968783379 0.840631723 0.507645071 0.323522389
    0.618723512 0.00550323725 0.703098536 0.961037755 0.29001236
    0.671777666 0.765724361 0.474648476 0.49319464 0.541130126
    0.296962798 0.836405635 0.715284109 0.369658589 0.00995033979
    0.027174741 0.488227159 0.31364733 0.456745952 0.0305926502
    0.0591864586 0.572266281 0.202546656 0.543915272 0.152527004
    0.205024511 0.055064857 0.561188221 0.673985064 0.34848392
    0.0850110352 0.201262176 0.397042006 0.082180053 0.579585612
    0.3429268 0.524184585 0.608462393 0.0240934491 0.308246374
    0.326965749 0.775570154 0.586253107 0.147802204 0.0626682937
    0.289098203 0.0995470583 0.405111194 0.556157172 0.303927839
    0.301332593 0.72484839 0.797942877 0.173710763 0.674719989
    0.759608626 0.118691146 0.527316332 0.472437203 0.396317124
    0.735957146 0.562437296 0.993182778 0.295645744 0.10258466
    0.373892725 0.138113707 0.688855886 0.391096771 0.323464066
    0.61658591 0.755536675 0.98427701 0.559266686 0.926104546
    0.0944947302 0.279073298 0.451818496 0.0449457765 0.268796444
    0.12993741 0.283524692 0.120938718 0.632582486 0.77061379
    0.836743832 0.266198516 0.816649556 0.491920292 0.746822834
    0.109286994 0.0633368492 0.756450295 0.770325184 0.632994473
    0.844525456 0.859983027 0.822810769 0.56377399 0.35157001
    0.608804166 0.835561633 0.388274372 0.087348938 0.415500343
    0.608077407 0.27349484 0.0499644578 0.460967571 0.893836796
    0.926730514 0.0401685834 0.502798498 0.111261904 0.390271097
    0.844514608 0.863334119 0.728437901 0.333313465 0.429684192
    0.226271302 0.0240441859 0.988628805 0.615647078 0.65128839
    0.80112493 0.827275574 0.970358491 0.525899112 0.663258195
    0.163351834 0.49927181 0.0632115304 0.362151504 0.818037748
    0.578510344 0.535456181 0.846270084 0.557770073 0.739079177
    0.323019415 0.699851632 0.573129535 0.398671806 0.134009957
    0.718623579 0.768783569 0.120180577 0.32771793 0.333582759
    0.839463949 0.667775989 0.393020958 0.699855447 0.668090165
    0.501876652 0.748957574 0.699800014 0.558932722 0.41046524
    0.485117525 0.614095807 0.904659271 0.136893988 0.369607031
    0.60656184 0.556542158 0.714514017 0.833466887 0.566996872
    0.518512607 0.887912989 0.127032071 0.082331717 0.71064657
    0.49310106 0.122368723 0.703932047 0.859430969 0.00388139486
    0.544821799 0.511263132 0.966954947 0.903301954 0.958212495
    0.677649736 0.983350515 0.986692965 0.649447322 0.138071775
    0.0990829468 0.0719453692 0.708798885 0.159715533 0.241041273
    0.387319177 0.153385669 0.537509203 0.936134815 0.341933519
    0.414715528 0.731211364 0.601976275 0.25278753 0.59874624 0.30998373
    0.799221575 0.910622299 0.975518823 0.828309834 0.642077565
    0.874454081 0.785869539 0.015286684 0.983252227 0.162258834
    0.745849192 0.285620987 0.982187629 0.164753348 0.988378406
    0.414221853 0.995910466 0.507293463 0.0387750268 0.245371759
    0.516319096 0.89029479 0.687223196 0.454057038 0.134126306
    0.0682784021 0.109535009 0.505904615 0.614125907 0.0555053651
    0.486055672 0.296168268 0.268697739 0.885486305 0.657934546
    0.641542733 0.0999551415 0.459476113 0.911265731 0.51472789
    0.199966133 0.86241442 0.982739329 0.61821574 0.907713294
    0.0479479134 0.802604795 0.418251455 0.303585351 0.640111327
    0.525745511 0.69097662 0.367318064 0.583664894 0.0324180126
    0.0211138129 0.400678992 0.542528927 0.967640638 0.256681383
    0.15545252 0.784593225 0.535282671 0.749909103 0.102862239
    0.334686249 0.869273841 0.139509767 0.481236756 0.132455558
    0.0269222558 0.599636257 0.632476628 0.85178864 0.372295588
    0.61933291 0.17296499 0.832243502 0.981535375 0.062161684
    0.519275904 0.107098997 0.33228451 0.847925067 0.270728797
    0.318829715 0.783106387 0.884335637 0.352869719 0.585223317
    0.747106373 0.726817012 0.307400972 0.737974286 0.257925034
    0.453290343 0.742194593 0.857046127 0.118016213 0.897251606
    0.217122555 0.284360945 0.528453648 0.794447899 0.812811613
    0.963331699 0.60667789 0.769589186 0.608729184 0.417424768
    0.957834721 0.0422994494 0.532967985 0.0886031091 0.0215680897
    0.729829729 0.403172433 0.684012234 0.859542012 0.302899539
    0.00550219417 0.0947023034 0.0952709913 0.0942238867 0.112167656
    0.144893199 0.665189326 0.161165625 0.0252209902 0.483861387
    0.239736736 0.284913123 0.210707784 0.798819065 0.497089535
    0.0891939104 0.580311477 0.410461068 0.475661308 0.121835321
    0.870846033 0.164717972 0.595086098 0.30683291 0.994135022
    0.506833494 0.447219253 0.296193182 0.00379404426 0.408111125
    0.332405984 0.363062978 0.30080536 0.622747302 0.51618427
    0.323219359 0.771737695 0.710437417 0.136110336 0.643560171
    0.644619942 0.947345376 0.542944431 0.00888472795 0.118616015
    0.601750374 0.870524526 0.561048567 0.237469703 0.859627962
    0.219736546 0.90577352 0.513332903 0.0380360484 0.960333109
    0.915425301 0.809485495 0.588378072 0.455826461 0.225984782
    0.842605233 0.292601585 0.0617520511 0.762783766 0.774611712
    0.426162034 0.302676409 0.88736707 0.496187568 0.202061594
    0.64262253 0.418864787 0.790902197 0.184985548 0.225608736
    0.0458904803 0.613758683 0.992090464 0.101532251 0.574887812
    0.343330652 0.863581538 0.295579374 0.692737401 0.0973371565
    0.897629499 0.684119225 0.639193654 0.857541621 0.72428298
    0.708681107 0.405089915 0.841384768 0.387868047 0.169941396
    0.83319068 0.397911161 0.725498319 0.0210815072 0.0828588009
    0.330702066 0.885623634 0.078772068 0.259696603 0.582428932
    0.958877742 0.794672608 0.456657827 0.110280752 0.248970211
    0.265221804 0.594684362 0.814023733 0.00898647308 0.771286249
    0.531567037 0.752607405 0.327491343 0.646296263 0.673253536
    0.177581668 0.187083215 0.956496835 0.98033607 0.370065212
    0.277976692 0.163080901 0.456255138 0.921594203 0.360080391
    0.480721265 0.663587332 0.0946764946 0.124797344 0.832508743
    0.172605574 0.162714601 0.483772337 0.907492578 0.125898868
    0.605418861 0.311287671 0.718098998 0.466557741 0.487671018
    0.735468566 0.0324492455 0.913322687 0.067142576 0.111223608
    0.882952929 0.675822616 0.891642034 0.369437486 0.631783605
    0.058730036 0.573797166 0.383891404 0.569057226 0.227117151
    0.102300376 0.294987679 0.191322535 0.181538403 0.268235743
    0.222838044 0.120254785 0.0362052023 0.47345373 0.182162732
    0.170221835 0.372150302 0.846595645 0.178456962 0.948911607
    0.318416953 0.260885954 0.645442724 0.727859855 0.396820217
    0.648428082 0.310496718 0.61661005 0.842612147 0.910384655
    0.424254686 0.0760883987 0.342139035 0.989526331 0.328739047
    0.444371402 0.290338278 0.438105911 0.0337495208 0.0667363107
    0.400472403 0.63222295 0.156083584 0.21076408 0.292515546
    0.485518038 0.766480684 0.391700357 0.526829958 0.345227599
    0.877981305 0.986808896 0.439084768 0.850939691 0.824447036
    0.774917185 0.281048477 0.518885374 0.100463897 0.62130785
    0.871952891 0.124857336 0.0132928789 0.771103263 0.478677452
    0.932139337 0.582522213 0.229853302 0.117833585 0.807796717
    0.360196471 0.155746728 0.455427229 0.166694611 0.359651446
    0.345403492 0.399456233 0.971243501 0.945252717 0.576456547
    0.423031271 0.780137539 0.69985044 0.0320192575 0.86987251
    0.517743409 0.081122905 0.204566896 0.906511307 0.0830200016
    0.108826935 0.249086052 0.0311574936 0.255326331 0.166413009
    0.629160523 0.291449904 0.842258692 0.417417437 0.487287015
    0.70413357 0.788980365 0.300088584 0.400344938 0.656780779
    0.040836066 0.501482606 0.675169945 0.671971083 0.344788373
    0.265649676 0.513526738 0.296871841 0.20672214 0.59680903
    0.795742452 0.48688674 0.826277494 0.884539306 0.886865497
    0.704230785 0.625146329 0.787955284 0.180487722 0.88676393
    0.893997073 0.452214479 0.697692513 0.820179224 0.0394826233
    0.928569198 0.330350637 0.0401582718 0.603627026 0.544618309
    0.286303282 0.697139144 0.439876676 0.127823442 0.707326114
    0.928809524 0.292246401 0.45537293 0.30564177 0.477410883
    0.573750079 0.0615068078 0.233166546 0.473448128 0.0982927084
    0.529393017 0.955122471 0.254960001 0.282943577 0.246504784
    0.356767654 0.857218146 0.274966955 0.943178415 0.276054174
    0.615667045 0.903949261 0.72528708 0.757532895 0.326115966
    0.591105282 0.0311903656 0.443955034 0.0241983533 0.236956954
    0.103998452 0.109763145 0.644230723 0.479103565 0.392589569
    0.112560421 0.420156568 0.464570433 0.738337338 0.937580824
    0.0125392377 0.0230519772 0.692189157 0.971578836 0.0117303431
    0.0216720104 0.686986268 0.227912873 0.166247755 0.0572429001
    0.774133086 0.38392809 0.711276829 0.505566776 0.739075184
    0.74342978 0.73908639 0.495544046 0.00323364139 0.89074266
    0.184594154 0.637062848 0.772823095 0.936836123 0.891489029
    0.809954762 0.563385487 0.725818098 0.335918963 0.620303988
    0.0868480802 0.44126749 0.967929602 0.185304523 0.456587315
    0.876571894 0.406791866 0.812231541 0.324518144 0.190671444
    0.497994572 0.831108809 0.976763308 0.192464858 0.343926311
    0.416825652 0.446159393 0.149995744 0.977279067 0.631787419
    0.494882286 0.532604218 0.574733078 0.069704771 0.241785884
    0.0212171376 0.464189768 0.992747545 0.88541472 0.7771855
    0.346844018 0.558442712 0.113426775 0.702870667 0.200030088
    0.0580991209 0.286834329 0.627196133 0.670734704 0.593851209
    0.823649526 0.723248541 0.492295474 0.537484884 0.1820575
    0.995565653 0.0671237409 0.309864551 0.98558867 0.31698817
    0.835341573 0.188686997 0.901162505 0.941398859 0.627672315
    0.785613179 0.979768336 0.158058733 0.37498647 0.257844448
    0.036552608 0.622343779 0.454830587 0.882138729 0.359789431
    0.0912612379 0.406094909 0.6261397 0.0838816762 0.369089693
    0.224253058 0.420516908 0.256724089 0.0345233381 0.271574318
    0.474730045 0.406495273 0.979524851 0.834935308 0.609952688
    0.281915486 0.504611135 0.0187195241 0.783068538 0.148841381
    0.90965879 0.597240746 0.818260908 0.717006862 0.546625257
    0.229184538 0.896073401 0.556836009 0.328355044 0.588862956
    0.104251772 0.62003684 0.464138538 0.333005846 0.191306353
    0.14507091 0.371150047 0.851446211 0.721871793 0.823598742
    0.887961149 0.517306983 0.0462566316 0.451409429 0.597812891
    0.257093459 0.0693353713 0.976024866 0.332079589 0.0303196609
    0.725185752 0.0398110747 0.65729475 0.512291312 0.868011892
    0.869314551 0.19216451 0.647819579 0.763841748 0.484498292
    0.921220541 0.394197732 0.37952131 0.584835768 0.44978109
    0.649265528 0.969366074 0.756868958 0.822192669 0.462497801
    0.980349183 0.116513491 0.0679708421 0.269133359 0.920365393
    0.191917062 0.100421667 0.30008167 0.404137909 0.276015818
    0.912571907 0.0748318732 0.995479167 0.358567715 0.922382414
    0.533526003 0.140191287 0.0588598847 0.838289022 0.15202716
    0.652614117 0.911641479 0.329175174 0.00687330961 0.203181505
    0.086060226 0.678858638 0.274180591 0.905921936 0.527120948
    0.345822692 0.693700492 0.615327179 0.344299793 0.685665309
    0.968764305 0.521525264 0.676497698 0.0644166172 0.974609852
    0.520527303 0.63787365 0.902205348 0.0205645859 0.325440317
    0.0292293131 0.979609251 0.441787452 0.966323853 0.286732495
    0.474164814 0.776976585 0.0347472131 0.172665715 0.221854508
    0.421166867 0.354267925 0.878003836 0.072773844 0.202776492
    0.703835011 0.623203635 0.447495341 0.739201725 0.351124465
    0.324805856 0.629871666 0.411924899 0.122309655 0.673987448
    0.219435155 0.681628346 0.356685728 0.796728492 0.353375345
    0.326873451 0.00869825482 0.428365588 0.603065252 0.974389672
    0.662664294 0.829778552 0.388300359 0.065117687 0.903620839
    0.072414428 0.654864311 0.44807291 0.789480567 0.891424775
    0.382175356 0.0555416942 0.0861755311 0.557779551 0.705638409
    0.200484544 0.197392732 0.213940978 0.0379924774 0.244146883
    0.41653797 0.616475284 0.748555839 0.559780002 0.678481758
    0.463803649 0.947965503 0.0882816911 0.030518055 0.489818782
    0.416464388 0.975732923 0.415047646 0.517499983 0.273314774
    0.55518657 0.840403736 0.714749634 0.52376312 0.788912654
    0.177045912 0.640768111 0.121546745 0.221226484 0.844595671
    0.59290874 0.895474613 0.348924398 0.373706162 0.4037323 0.939370632
    0.528396368 0.965774298 0.998688757 0.859068155 0.873349309
    0.00297030807 0.309419334 0.650062799 0.553016424 0.823418975
    0.249133527 0.7274822 0.431712538 0.513985872 0.179580182
    0.951269805 0.198993951 0.390489638 0.744251132 0.185511202
    0.93170166 0.136302948 0.2371701 0.162206858 0.688206553 0.248889118
    0.0815567672 0.531612456 0.305842817 0.693945408 0.0459295511
    0.435537189 0.739907384 0.76968044 0.51629591 0.684046447
    0.517781615 0.797404289 0.0942901671 0.94939965 0.806623042
    0.640428543 0.129237622 0.878056347 0.846458435 0.474438071
    0.00981014967 0.0344459414 0.759351373 0.44643873 0.125752956
    0.900238693 0.495265871 0.860341668 0.502902448 0.49006781
    0.366756678 0.0502568781 0.997873425 0.197593808 0.768396378
    0.171733201 0.0620749295 0.314685762 0.485444218 0.856683731
    0.190587819 0.563711584 0.677789688 0.738333583 0.0257481039
    0.495806962 0.134945095 0.579315364 0.726233721 0.689483762
    0.2637389 0.857904792 0.800602555 0.01771155 0.639481246 0.35885042
    0.694306612 0.131188482 0.313390553 0.0649316311 0.0848272443
    0.73854357 0.70514369 0.195993245 0.579325557 0.853337228
    0.197973013 0.465737104 0.7481457 0.702396572 0.214213103 0.93922925
    0.658903956 0.287921637 0.443558812 0.714822292 0.549437404
    0.834357798 0.147704542 0.630801916 0.580610812 0.499991775
    0.0150080323 0.061966449 0.460434854 0.935422421 0.408780783
    0.379776984 0.701815188 0.599699795 0.810534596 0.830129385
    0.175450206 0.926388502 0.342642903 0.546978593 0.154924959
    0.270278096 0.26140058 0.937518358 0.0553660989 0.363503277
    0.909011126 0.212047696 0.774300933 0.153023183 0.73910892
    0.730341196 0.462084591 0.0656876862 0.276371837 0.0712527335
    0.0724021792 0.114960402 0.469386011 0.125842094 0.216385782
    0.558214426 0.266890287 0.582234979 0.0156956911 0.334251165
    0.421243548 0.916201472 0.96398747 0.0956977904 0.156142861
    0.327969372 0.709644675 0.585338593 0.266580969 0.694184303
    0.0761181414 0.916510224 0.101239145 0.118158221 0.295811832
    0.0834974945 0.686328709 0.802063406 0.918925822 0.00713980198
    0.271118462 0.309816957 0.137729645 0.124891102 0.843398094
    0.230173349 0.0996582806 0.0457269251 0.852283478 0.028070569
    0.319161862 0.688528299 0.974034071 0.774569988 0.948820114
    0.789233088 0.742476225 0.295973957 0.115187407 0.205176383
    0.672043979 0.68162179 0.196316332 0.880931854 0.295578241
    0.158485323 0.426582098 0.550460994 0.825676322 0.786867619
    0.51082778 0.575870454 0.542388558 0.39122498 0.536116362
    0.440757245 0.0847756863 0.319036543 0.0033287704 0.168983668
    0.00292992592 0.56985569 0.650684357 0.160592586 0.990584612
    0.531614184 0.637092829 0.926509738 0.811815321 0.739781857
    0.647554457 0.979604721 0.527574122 0.231712639 0.979002118
    0.598526239 0.0417073369 0.839532137 0.794231176 0.85042429
    0.0331730247 0.056630522 0.0841087699 0.403059632 0.980254531
    0.531749606 0.246124268 0.190095216 0.458034098 0.0571267605
    0.415774345 0.182193428 0.812543511 0.73199296 0.616359532
    0.447208166 0.197800487 0.470180601 0.481551528 0.965426326
    0.949609697 0.422591269 0.864549279 0.912632942 0.196367413
    0.0601409674 0.757817924 0.456183195 0.214499801 0.347916275
    0.784856737 0.867998123 0.210759521 0.677697897 0.17727384
    0.466495901 0.468083143 0.798567295 0.49656108 0.885888815
    0.317291915 0.0477081239 0.659038723 0.470874131 0.0575371981
    0.526870906 0.457570642 0.464400262 0.165267974 0.913872659
    0.603363991 0.498511136 0.979947627 0.583205104 0.270679206
    0.297056735 0.920702577 0.251395673 0.716855168 0.0562704504
    0.056334883 0.532300472 0.293992996 0.27312994 0.695809007
    0.810104847 0.266895086 0.00162738562 0.813374281 0.432650983
    0.195363373 0.717986286 0.283899069 0.895968795 0.82225132
    0.242007732 0.214859515 0.315066278 0.00925970078 0.579812944
    0.576990008 0.314134121 0.826766968 0.232032686 0.75171411
    0.911525965 0.294972479 0.745927811 0.215909928 0.073499769
    0.566242516 0.912746549 0.0238564312 0.154249817 0.688639581
    0.604056239 0.236053079 0.891070008 0.252830386 0.38957724
    0.491253674 0.937045097 0.299502075 0.868128657 0.567012548
    0.644619346 0.605706573 0.576173306 0.198416233 0.781839013
    0.60805881 0.225244164 0.343102068 0.0509970486 0.310113698
    0.140405685 0.0842679143 0.833155513 0.196951449 0.109380662
    0.0942277014 0.428145438 0.611971855 0.208187819 0.388021559
    0.959013999 0.813469648 0.835826039 0.927414298 0.42191273
    0.656520724 0.365603596 0.410722911 0.147485733 0.867820978
    0.192583799 0.0917306542 0.137068272 0.577549398 0.627789497
    0.889699221 0.520527005 0.0449643433 0.94756031 0.187013924
    0.346909821 0.462489158 0.465325177 0.289919436 0.386246145
    0.630479097 0.296235979 0.99081713 0.356807679 0.362536371
    0.252070844 0.739817142 0.412351966 0.105193019 0.685726702
    0.344718754 0.713662565 0.286285043 0.852350116 0.963232756
    0.61543262 0.986923337 0.85923481 0.686243534 0.0256335735
    0.308958352 0.269936681 0.31055218 0.615050793 0.436853349
    0.720288813 0.742184758 0.292758167 0.514134943 0.637964845
    0.341267616 0.337802708 0.28220427 0.703731298 0.622651339
    0.139110416 0.775337577 0.244833767 0.834680021 0.131559283
    0.680212021 0.133835584 0.595030129 0.953512311 0.0900874436
    0.624694407 0.12476939 0.947201967 0.820102215 0.225741625
    0.151955873 0.164003551 0.678878903 0.386041582 0.22808373
    0.725568235 0.50633049 0.738656521 0.477375329 0.934563994
    0.74825716 0.481140643 0.0977025628 0.786767364 0.998899579
    0.133807927 0.468936741 0.699887395 0.247324973 0.624390721
    0.972872853 0.965275764 0.822490454 0.702343583 0.652687609
    0.925248504 0.509192944 0.00870814919 0.918900013 0.51405865
    0.980349302 0.329279959 0.543392062 0.617332697 0.00345307589
    0.991153121 0.278998554 0.581765831 0.551372051 0.590457022
    0.479709834 0.428395003 0.314097524 0.925099969 0.691699624
    0.387186527 0.757524252 0.66890353 0.373831689 0.774400473
    0.722024322 0.552359223 0.164237916 0.710449457 0.591489851
    0.526499927 0.851093709 0.505796731 0.468396008 0.0615712702
    0.825593233 0.269919932 0.355677605 0.166163385 0.392813206
    0.247556895 0.78782177 0.301007509 0.121332347 0.406769842
    0.348233283 0.58710736 0.680994332 0.54285109 0.816854477
    0.571826816 0.102256805 0.903241277 0.300106615 0.65457809
    0.399948567 0.36761266 0.422105968 0.0609512627 0.19251132
    0.644279838 0.640393138 0.34870258 0.0877589881 0.593127012
    0.100251406 0.012547493 0.717682242 0.679342806 0.731580555
    0.673828721 0.951702535 0.835419893 0.0938690901 0.507099807
    0.0845164359 0.305106372 0.642115057 0.65437299 0.267333925
    0.781609356 0.411360353 0.502974391 0.819021702 0.878361285
    0.474340409 0.796255231 0.998175442 0.0777837634 0.922412276
    0.914317608 0.0996572077 0.738124251 0.488148242 0.658616781
    0.222884357 0.919491172 0.312382519 0.274944633 0.95865941
    0.671590507 0.693602443 0.106920838 0.378469676 0.628140092
    0.293427229 0.890420198 0.589354396 0.484684944 0.219820529
    0.0548564792 0.645078659 0.579559684 0.756659865 0.153472126
    0.741837204 0.381172001 0.247298121 0.92070365 0.0550452471
    0.488329262 0.0943045318 0.654924035 0.177135527 0.543976963
    0.27989769 0.0570664108 0.18094629 0.217664033 0.260558277
    0.643603027 0.365303874 0.0144639015 0.575903952 0.488259912
    0.570909798 0.169229031 0.851452529 0.439081222 0.409142464
    0.790027976 0.281641603 0.842897534 0.811303139 0.409847438
    0.516350687 0.915692568 0.670567036 0.902592421 0.395933628
    0.819803596 0.00591868162 0.947633684 0.378830075 0.163530499
    0.448290229 0.354613155 0.789339662 0.00507420301 0.27422294
    0.295665562 0.493121475 0.79586494 0.818197012 0.991899908
    0.94495815 0.599633873 0.46709919 0.951420188 0.791459441
    0.527956069 0.247646213 0.259077489 0.570577681 0.563324928
    0.560311735 0.653972745 0.643126845 0.332576871 0.928641677
    0.793724298 0.0276509225 0.788299978 0.232067287 0.0877048373
    0.865358353 0.667879105 0.106497735 0.579594672 0.762871861
    0.938091636 0.703388095 0.247121304 0.744648457 0.121604383
    0.241155833 0.156926572 0.859322131 0.83330071 0.930532217 0.6305691
    0.22568506 0.383390099 0.599172831 0.547377586 0.840379357
    0.133918047 0.795006871 0.527490556 0.819694042 0.215257138
    0.405725539 0.973676205 0.211889505 0.45183301 0.0912446678
    0.0561825335 0.778770447 0.90920651 0.440840453 0.708756208
    0.715472698 0.550863445 0.72590971 0.074305892 0.277351975
    0.66539073 0.858616769 0.168529749 0.804356933 0.0405865312
    0.652054727 0.397032976 0.220484197 0.988588035 0.230358481
    0.543070853 0.725337982 0.403975189 0.117841572 0.0359156132
    0.907680273 0.00195965171 0.224781662 0.131511599 0.156224102
    0.120812654 0.824633479 0.481047064 0.309502304 0.929853261
    0.383253753 0.218767494 0.459661931 0.269408554 0.764868855
    0.485601336 0.525682986 0.893048763 0.436514735 0.256542772
    0.108942628 0.928412855 0.0523478091 0.494451314 0.694622278
    0.727326453 0.143811375 0.352714688 0.755758882 0.616677999
    0.302457422 0.917226076 0.151223212 0.397438526 0.10389483
    0.835769653 0.128831923 0.441451848 0.790904641 0.476484239
    0.200805098 0.595353842 0.761692882 0.837943316 0.0625581741
    0.356750965 0.865594566 0.91137439 0.349627703 0.730709732
    0.847546101 0.898853362 0.210499227 0.568145514 0.843491673
    0.699290454 0.480736345 0.0598728657 0.45851934 0.925807595
    0.039855361 0.7018677 0.561461091 0.265369892 0.741143346
    0.544229209 0.479063034 0.8912853 0.744767189 0.0702092052
    0.462204784 0.0244563818 0.742208481 0.857271314 0.357612252
    0.105379194 0.995138049 0.554944694 0.334788531 0.712595344
    0.669477522 0.887218714 0.716537535 0.336720467 0.214514405
    0.530558765 0.817269087 0.721693754 0.466967851 0.653269768
    0.992803872 0.629499316 0.84484005 0.350875974 0.921214581
    0.865515292 0.811028719 0.159027278 0.30486092 0.1679672 0.553396463
    0.511817276 0.110054374 0.139056623 0.390154541 0.498927355
    0.160731345 0.268452346 0.361165971 0.355475932 0.211365908
    0.856708884 0.0177574754 0.109453619 0.0495043695 0.827848434
    0.548869848 0.372608006 0.905422986 0.284789443 0.196393758
    0.922988176 0.782862961 0.493111134 0.673576117 0.161299825
    0.969509244 0.847776413 0.819451928 0.122539669 0.393037617
    0.831628144 0.769191146 0.31622842 0.135119617 0.786192179
    0.0416042209 0.393046319 0.599972963 0.70596379 0.31058681
    0.138621479 0.125587761 0.152599722 0.241485208 0.179481149
    0.897693634 0.914174139 0.457266271 0.143055052 0.0497202873
    0.596107066 0.720271885 0.0297116935 0.440119237 0.047783941
    0.459786177 0.175589234 0.165741652 0.835666299 0.778557599
    0.499369532 0.910957098 0.330428123 0.363109589 0.0484377742
    0.244854748 0.0747613311 0.973058581 0.114768744 0.987970352
    0.897423387 0.390374184 0.780427933 0.48476997 0.0658305287
    0.169531971 0.23720026 0.726140499 0.0423283875 0.640296698
    0.257936716 0.342718095 0.738962412 0.117584497 0.956014752
    0.0141018629 0.286342502 0.807267189 0.0749638975 0.45749113
    0.416989803 0.458358496 0.442551732 0.0134788454 0.0312983394
    0.814561069 0.588477254 0.0205023289 0.18451041 0.122181356
    0.30140543 0.365472347 0.809943199 0.597982466 0.314779401
    0.385533333 0.85029161 0.714466333 0.0323444009 0.17278859
    0.961325765 0.26953429 0.874841571 0.132772207 0.841608763
    0.926087677 0.0867730677 0.336917371 0.748523414 0.4697873
    0.285744011 0.744192183 0.168336272 0.27050522 0.649994731
    0.656221867 0.275839329 0.967766583 0.79568857 0.134188086
    0.556919277 0.0690525472 0.805833638 0.96147871 0.716934204
    0.610786438 0.604521036 0.0170378089 0.525471449 0.417440265
    0.679016471 0.376610577 0.503144145 0.84647584 0.807876945
    0.561715722 0.195146501 0.7501086 0.206023663 0.476856709
    0.341696471 0.669022143 0.0106461048 0.487775981 0.657483697
    0.794535577 0.736873388 0.070235163 0.135098785 0.888581514
    0.735772967 0.640292406 0.862565458 0.901281118 0.363710642
    0.0238521397 0.460504115 0.310601592 0.308630079 0.832309008
    0.0768646598 0.360547543 0.477474391 0.207154453 0.740942538
    0.278366357 0.663484633 0.668101251 0.398664147 0.892056525
    0.642778933 0.258305699 0.993589878 0.0814096034 0.433243304
    0.182382733 0.375605583 0.579510152 0.67705822 0.477951854
    0.136694163 0.647525072 0.719875991 0.152273148 0.343584538
    0.826293826 0.402965873 0.853291035 0.554392993 0.426903635
    0.456337005 0.656524956 0.615544438 0.438014537 0.588329792
    0.902314782 0.0577602088 0.298661619 0.783444524 0.0735093951
    0.588649452 0.300863922 0.355644047 0.308714002 0.291800201
    0.312226057 0.884922504 0.783795178 0.605528355 0.676449239
    0.0886398554 0.837445259 0.938932955 0.388025522 0.799581826
    0.9043926 0.439292461 0.73155272 0.388240725 0.667728186 0.284095109
    0.827625751 0.328523159 0.189640999 0.331850171 0.749038935
    0.179919153 0.583195984 0.82396543 0.287774861 0.907343149
    0.706997514 0.185638517 0.354489148 0.817136586 0.00198158622
    0.953447342 0.415608883 0.187180847 0.371909827 0.990985632
    0.832720518 0.633212507 0.283943146 0.312646687 0.983287215
    0.403056234 0.404273927 0.469634771 0.875901222 0.918129981
    0.512810946 0.802276731 0.811044514 0.378573447 0.815146208
    0.809927881 0.216530204 0.502863586 0.0645891428 0.318447411
    0.898530304 0.465859145 0.00230875611 0.867213011 0.146701962
    0.278906375 0.145302564 0.681949914 0.688963592 0.796215534
    0.90771544 0.861123204 0.953420162 0.158504128 0.365566313
    0.172012478 0.00687721372 0.238620609 0.809719145 0.997778177
    0.0789569318 0.345540136 0.0940897167 0.0586481988 0.757656932
    0.581537962 0.877327204 0.879268885 0.722187281 0.182738155
    0.153159946 0.990223765 0.0703673661 0.902370572 0.315734923
    0.43026039 0.382473886 0.646299481 0.0689598918 0.505394757
    0.649408221 0.846810997 0.957220078 0.877048135 0.111207992
    0.126938462 0.19433865 0.778650045 0.00561746955 0.63736558
    0.0617548823 0.886622488 0.454537451 0.657449663 0.442436963
    0.352330267 0.722100019 0.173411399 0.157313049 0.931786895
    0.214343131 0.00841096044 0.439346969 0.26649487 0.615362763
    0.176158547 0.0738467574 0.139698714 0.951418698 0.192333162
    0.205893666 0.152471244 0.728653669 0.0977575183 0.560158312
    0.0806363523 0.40908429 0.113101602 0.110532343 0.175507665
    0.980335832 0.164057881 0.417697877 0.173047692 0.91472429
    0.755393863 0.828855634 0.593208432 0.0203456879 0.939492702
    0.123781055 0.773753285 0.161845297 0.449463129 0.449622393
    0.17758593 0.251355886 0.750877976 0.279525906 0.792110443
    0.552295446 0.23432222 0.277538538 0.159887493 0.00975060463
    0.766403794 0.734585047 0.35582 0.75334847 0.869201779 0.676949918
    0.165478706 0.0421510935 0.0518868268 0.778683066 0.0695779026
    0.561799705 0.567249835 0.39671576 0.838191628 0.74172318 0.22210291
    0.743553519 0.502599001 0.0581889451 0.782825828 0.215577632
    0.800439 0.452001244 0.738299966 0.611838102 0.824843824 0.179755419
    0.880207419 0.16330874 0.569461703 0.683806002 0.519592166
    0.775081635 0.946498156 0.155907691 0.92545104 0.299619257
    0.921462059 0.363501072 0.314282626 0.586746216 0.470815182
    0.350388169 0.401735485 0.540729523 0.0512887537 0.764317691
    0.849322319 0.196041733 0.0542618036 0.903211236 0.185445637
    0.780282974 0.225222379 0.799851716 0.448900104 0.800125003
    0.991800547 0.475454062 0.428656518 0.556296349 0.783844948
    0.246976733 0.710397482 0.0912998617 0.163820833 0.376392066
    0.676084816 0.58238107 0.412066221 0.148299783 0.99086225
    0.343475938 0.742830694 0.523866832 0.527653337 0.218165845
    0.274492383 0.952635527 0.150817662 0.878332019 0.464980423
    0.698126912 0.740945518 0.950351059 0.523804665 0.628323674
    0.294576585 0.515722811 0.838698089 0.577498376 0.600583315
    0.0891419947 0.562503755 0.992586076 0.732370019 0.809526503
    0.458919376 0.724699497 0.95036304 0.514236391 0.00280371308
    0.389825583 0.8356601 0.431978583 0.802986503 0.783963144
    0.336098194 0.343949169 0.695646286 0.376138508 0.881614685
    0.157585412 0.202186346 0.3697716 0.0353111923 0.980711043
    0.00352904201 0.644179404 0.246104956 0.892746747 0.425901443
    0.524928391 0.644148946 0.651539803 0.282401741 0.989441872
    0.0774559975 0.394131958 0.389125884 0.94383359 0.814274788
    0.106930345 0.778503776 0.294930071 0.0523241162 0.881805062
    0.479188114 0.302852362 0.656000078 0.938248038 0.710863709
    0.557297826 0.742110133 0.343929261 0.541386187 0.829530299
    0.54377234 0.491678804 0.431152046 0.448834896 0.22697553
    0.0107654631 0.949961782 0.188888043 0.396509886 0.758542001
    0.686827064 0.0115593672 0.398513794 0.51978761 0.638710916
    0.676672697 0.816462636 0.462023735 0.646690786 0.126277655
    0.793229938 0.376407832 0.870799065 0.658254564 0.562786043
    0.442510754 0.520932794 0.246697664 0.0169136524 0.600371838
    0.37622413 0.351960301 0.472375005 0.333678246 0.463870764
    0.0850204527 0.282657653 0.624184549 0.87466836 0.42451486
    0.65476644 0.432132363 0.72226423 0.102322042 0.657746494 0.7207129
    0.905981779 0.434385836 0.591454804 0.000186890364 0.802642703
    0.334555596 0.161170691 0.509427369 0.581957519 0.0737296939
    0.844714761 0.530665815 0.9162606 0.207026571 0.869420588
    0.589527726 0.134165853 0.636287808 0.328526467 0.989770949
    0.183491886 0.563141286 0.343662202 0.125867873 0.517395675
    0.165386945 0.760816574 0.7108289 0.300750196 0.469142854 0.80586642
    0.319537133 0.788264275 0.378097266 0.767829418 0.735991716
    0.925920188 0.881288648 0.0519622266 0.480916381 0.473693997
    0.589897752 0.609507799 0.61599946 0.182770282 0.601448536
    0.273834765 0.285404503 0.437880874 0.649321675 0.46890682
    0.387957275 0.561554551 0.261443287 0.567031085 0.273430139
    0.144121975 0.698853254 0.803819001 0.523015261 0.573457599
    0.16538766 0.999087751 0.673029721 0.433937967 0.133718729
    0.895727158 0.217861116 0.265837908 0.811451077 0.0147837996
    0.116373509 0.451021373 0.816038847 0.497347683 0.454053521
    0.156939656 0.32555002 0.485406309 0.0573498011 0.162465602
    0.791616797 0.713884711 0.420223981 0.423348039 0.03870067
    0.275437474 0.710096717 0.524546146 0.0889877677 0.203927755
    0.269377142 0.574152172 0.230486125 0.630150497 0.916649759
    0.192206919 0.864654779 0.159991473 0.164560795 0.665963173
    0.626205087 0.29097119 0.0493609011 0.775785446 0.481824607
    0.783724606 0.140538007 0.287127018 0.754357338 0.0394627452
    0.895475864 0.495131612 0.367799103 0.175490379 0.818048 0.347613871
    0.751320004 0.278855085 0.697820485 0.741785407 0.707366288
    0.136713207 0.676283121 0.860473275 0.939300537 0.512649357 0.29253
    0.427453727 0.985243201 0.883998632 0.0157012939 0.0847757757
    0.398723274 0.193452388 0.647560596 0.95313108 0.280638099
    0.689248085 0.253839374 0.955565691 0.872112274 0.875111818
    0.362693816 0.408185482 0.778276443 0.16182363 0.387542903
    0.612553596 0.00593200326 0.176550299 0.865175724 0.329337478
    0.460679144 0.153728843 0.647814333 0.362627745 0.961264133
    0.399806768 0.703645289 0.20046398 0.0752423704 0.346354842
    0.235369653 0.0279252529 0.907940626 0.626890957 0.657404423
    0.464754462 0.268372595 0.485008001 0.927475572 0.921783805
    0.389866233 0.138488144 0.00732916594 0.0348287523 0.000508546829
    0.0700643063 0.055741787 0.327833891 0.349950552 0.0123082697
    0.409267604 0.587534547 0.024816215 0.958419383 0.0815756023
    0.100099802 0.337576091 0.620636404 0.739088953 0.143278182
    0.50608021 0.876426697 0.476795584 0.708175898 0.917642355
    0.085609436 0.583242655 0.849462509 0.0226014256 0.221222341
    0.389355361 0.782066941 0.634606421 0.782456398 0.0913477838
    0.279143333 0.747327745 0.913719118 0.822597027 0.764371872
    0.944068313 0.640858173 0.696288824 0.994334221 0.168980747
    0.831949472 0.994612098 0.788302898 0.84681201 0.448600024
    0.520723343 0.137133002 0.286888361 0.249922544 0.877938867
    0.597650528 0.950512707 0.828951716 0.949903369 0.454568565
    0.849478841 0.139935762 0.0355044901 0.861203909 0.756419182
    0.749147952 0.977257311 0.596056283 0.963117242 0.723794341
    0.432075202 0.518403888 0.0334348381 0.00569996238 0.992999196
    0.401010394 0.804533422 0.90618515 0.921189129 0.953239739
    0.0792442262 0.152631491 0.805930734 0.358062387 0.694417
    0.237908423 0.0600163043 0.266092777 0.0235452652 0.0245803297
    0.878249168 0.897114336 0.904464483 0.150135398 0.107234895
    0.360895872 0.722326696 0.342886209 0.923825622 0.627286792
    0.592761755 0.693884492 0.514146686 0.140236467 0.90766418
    0.979906678 0.362552106 0.767098546 0.222089529 0.635755301
    0.914672256 0.072565347 0.3584252 0.91242671 0.534138381 0.384681612
    0.124491185 0.593650937 0.555244505 0.12856558 0.322003573
    0.176387757 0.742289126 0.319620252 0.0104019046 0.954338729
    0.41460529 0.411304772 0.617511153 0.382324249 0.245894998
    0.0869344473 0.705043018 0.629870474 0.614565074 0.738416076
    0.259374082 0.705506027 0.766502738 0.221535265 0.309346765
    0.129749745 0.251415074 0.119976372 0.318087459 0.210939854
    0.122519076 0.104023188 0.14919585 0.0304557681 0.499538571
    0.968567014 0.00618448853 0.650300026 0.182307243 0.0859158039
    0.83291465 0.474131554 0.385977894 0.0699540377 0.390633434
    0.661936224 0.374694198 0.918339491 0.993508756 0.152384549
    0.291764349 0.256526351 0.692841887 0.477705121 0.0384928286
    0.928963602 0.822968125 0.881813705 0.493944138 0.0213210285
    0.0405699909 0.0302714109 0.916103244 0.377117723 0.358106852
    0.506701887 0.758632123 0.0229805112 0.869776726 0.157562792
    0.465548933 0.260339886 0.478356302 0.219486654 0.876186311
    0.937823892 0.970781922 0.0434063077 0.750105858 0.759898543
    0.875460267 0.236367285 0.313653767 0.349529237 0.319665194
    0.841827035 0.588434339 0.710801303 0.586008549 0.738527298
    0.685840487 0.39382413 0.618918836 0.14537856 0.252420187
    0.618807495 0.753389359 0.0478080809 0.618954003 0.31939432
    0.799754977 0.346920758 0.55208379 0.500152826 0.65390563
    0.537999868 0.313906252 0.163553476 0.474321246 0.10308519
    0.507032871 0.731584191 0.187348425 0.333150685 0.999313593
    0.435556173 0.343569636 0.47096613 0.232714564 0.343282878
    0.681377947 0.862357497 0.173201501 0.534799457 0.855857611
    0.524465799 0.517402351 0.708297372 0.30072397 0.0662609637
    0.766158998 0.0891032219 0.443387449 0.749263167 0.53837049
    0.861973882 0.568758011 0.319447696 0.210116833 0.375494272
    0.778167486 0.204748482 0.124292105 0.448862523 0.967522979
    0.211283654 0.937732697 0.78656584 0.415499151 0.305073619
    0.176023096 0.210463911 0.829487026 0.278633535 0.272543728
    0.303707838 0.690415025 0.827008128 0.341371447 0.546144366
    0.701529264 0.148749083 0.0489016473 0.871888697 0.384429157
    0.902208209 0.177980125 0.406708837 0.858351588 0.808379531
    0.281447679 0.0356735289 0.0560361147 0.271303236 0.267074049
    0.854490995 0.572527826 0.0680110455 0.660322428 0.913117051
    0.949669242 0.428402752 0.0197042823 0.968858302 0.528456271
    0.776794374 0.945029974 0.636566758 0.630860567 0.788136125
    0.394556105 0.0957894921 0.361163497 0.456190348 0.632633686
    0.453932554 0.593488872 0.605188072 0.459576577 0.83088553
    0.496811211 0.264681816 0.354333341 0.803815126 0.885965168
    0.55494076 0.85871464 0.354898155 0.171046555 0.161039978
    0.261662841 0.292771518 0.965918899 0.696766913 0.440500915
    0.870314002 0.349134207 0.767374396 0.218381077 0.758565187
    0.622448206 0.357230455 0.782155216 0.368310452 0.989937544
    0.551832318 0.719271779 0.480944723 0.0406571925 0.205898792
    0.543013513 0.686670482 0.467446208 0.319388956 0.974044204
    0.904465437 0.152793199 0.0858899653 0.346410334 0.222163707
    0.312957138 0.210451394 0.177210987 0.306970567 0.371350229
    0.132808745 0.83104527 0.24777633 0.831699252 0.474627435
    0.577245474 0.839359641 0.558408082 0.823390603 0.00272518396
    0.0461157858 0.496478558 0.709873676 0.0194133818 0.138878852
    0.123274773 0.840801656 0.944613576 0.352965534 0.758171737
    0.0676417947 0.895960689 0.722948849 0.0266025364 0.626200795
    0.630767226 0.451998383 0.840141892 0.161286354 0.0215624273
    0.427918434 0.022518158 0.816789865 0.271794885 0.737746954
    0.678362966 0.552692175 0.669202328 0.449180692 0.818900466
    0.68088448 0.95115447 0.449712336 0.968871415 0.964293182
    0.657066643 0.737062752 0.884073734 0.154309303 0.420583785
    0.184035063 0.374681741 0.735755324 0.912786245 0.546049654
    0.390728801 0.988732278 0.904297113 0.175545663 0.232832134
    0.396370888 0.781386256 0.687864482 0.26704061 0.776010692
    0.272283971 0.665018439 0.823216319 0.346773535 0.141982168
    0.477141738 0.809063733 0.959880233 0.0610823631 0.990016103
    0.0514952838 0.24138695 0.905319571 0.376554281 0.254047751
    0.30758214 0.936717689 0.328137934 0.237848252 0.232140541
    0.920323491 0.332683444 0.674196839 0.773156166 0.196388006
    0.0780596137 0.395802796 0.223175615 0.0109300017 0.00420844555
    0.179719001 0.433727503 0.423444718 0.87969774 0.798445523
    0.374547005 0.0162135363 0.810658932 0.25413245 0.787177324
    0.329631388 0.811659098 0.191033721 0.246478617 0.233946741
    0.0400809348 0.849022567 0.319312662 0.835003495 0.620152116
    0.64241451 0.349851727 0.000308156013 0.866417825 0.879194617
    0.013455838 0.121463865 0.348488331 0.448697925 0.668081641
    0.611223698 0.352576703 0.639458597 0.747105241 0.951780915
    0.109992445 0.57801789 0.137957692 0.569488883 0.236647844
    0.825298846 0.701131403 0.960464478 0.551662982 0.51552397
    0.499119848 0.6809479 0.758295357 0.433867097 0.481654584
    0.766653895 0.444796562 0.093195051 0.845283389 0.097266525
    0.542822719 0.970219731 0.397733003 0.97911346 0.343490064
    0.11299023 0.217351943 0.644208908 0.20027554 0.424481452
    0.975950181 0.243748039 0.749337912 0.994153857 0.304913461
    0.90980649 0.281406403 0.454942554 0.00922992826 0.523300946
    0.176518261 0.0685640574 0.160169244 0.570225894 0.557143509
    0.646654367 0.571160436 0.287726581 0.314818621 0.222055793
    0.599186718 0.597025692 0.828701258 0.329145372 0.971212029
    0.443141222 0.685307145 0.298554897 0.146144062 0.903391004
    0.359293938 0.622375727 0.698043346 0.142416865 0.783824742
    0.0596289635 0.00648188591 0.649443448 0.546127677 0.88486445
    0.240392029 0.0836974084 0.55588907 0.0814093351 0.833341479
    0.846144199 0.35718447 0.0949802697 0.231575787 0.0881210864
    0.527634799 0.337565005 0.829286754 0.480149925 0.0329567194
    0.260278106 0.445263922 0.133926839 0.116621554 0.611229599
    0.632200241 0.873555899 0.946827769 0.84064126 0.106488109
    0.454759508 0.233445853 0.00919663906 0.778875828 0.477809668
    0.270285904 0.463664263 0.437069207 0.00165870786 0.458198249
    0.687625051 0.50685519 0.493517667 0.830869198 0.720921338
    0.949096322 0.143964857 0.210454404 0.911063313 0.40611434
    0.472777784 0.487906307 0.131153554 0.624389768 0.533143044
    0.773996353 0.752782822 0.023067981 0.0130807161 0.776761174
    0.923639417 0.589338481 0.405704379 0.528182507 0.0396468639
    0.103263766 0.759254098 0.117704213 0.804406166 0.480715901
    0.172736436 0.527790964 0.779900134 0.131940752 0.783399105
    0.966311455 0.628302455 0.970659256 0.37820673 0.185360998
    0.21855104 0.846061468 0.119608313 0.267170995 0.616560578
    0.559686065 0.684443533 0.680183291 0.657494009 0.818111062
    0.477579504 0.696563601 0.840652168 0.020758301 0.0417889357
    0.704701245 0.362302899 0.62792486 0.993184805 0.44260484
    0.0566177666 0.767559886 0.567551136 0.873951912 0.910966039
    0.651379585 0.344386756 0.915706038 0.673176885 0.143316776
    0.9157902 0.434193581 0.345491946 0.554785132 0.744522095
    0.411917239 0.931057513 0.334898174 0.941665649 0.0602315068
    0.0473997891 0.51965791 0.32812649 0.0812851787 0.0330284536
    0.563240945 0.375623256 0.362371713 0.169413567 0.930709004
    0.11457783 0.323106408 0.171549976 0.886947751 0.647788286
    0.538497448 0.73885864 0.165287793 0.234790117 0.75264895
    0.376097262 0.987263024 0.243992478 0.462155223 0.126415253
    0.84495002 0.969405711 0.637551904 0.559914052 0.4001185 0.501069546
    0.306192696 0.497819453 0.964933693 0.630802989 0.977388382
    0.933665037 0.710960865 0.938972473 0.969882965 0.812491655
    0.570043564 0.919537783 0.819199085 0.275820434 0.0293782949
    0.546891928 0.439181954 0.687996626 0.210523456 0.136891842
    0.904511809 0.555032313 0.290779531 0.927705944 0.754910648
    0.390859246 0.376896918 0.475708246 0.653571546 0.564657688
    0.391331494 0.572875977 0.665501595 0.843178153 0.787923932
    0.914785028 0.293709964 0.438275874 0.535486341 0.664616644
    0.218304902 0.220440269 0.148047686 0.678962529 0.789951384
    0.613171577 0.441308975 0.779752493 0.188157529 0.585657597
    0.242153645 0.971641541 0.870711684 0.942418933 0.748144507
    0.00457119942 0.757199287 0.238475084 0.526605487 0.167242616
    0.0298642814 0.380209953 0.360806674 0.658850849 0.927958012
    0.87251544 0.408740342 0.651916206 0.742052317 0.652541459
    0.532881916 0.0479457676 0.0697680414 0.713701069 0.607071757
    0.787308037 0.0895256698 0.119827896 0.0446869135 0.415459007
    0.944847345 0.074124366 0.895263255 0.444963932 0.00946572423
    0.0388706326 0.466743439 0.818324566 0.0365722179 0.051843971
    0.745302498 0.356444001 0.303525627 0.874343634 0.951066852
    0.894932508 0.635549486 0.953256309 0.453402698 0.0636534393
    0.486185342 0.909443557 0.248130918 0.93994993 0.815215588
    0.572495401 0.756114721 0.640446126 0.0921053886 0.0511429608
    0.747429669 0.854853034 0.0501313508 0.468704194 0.133727401
    0.227840453 0.912843883 0.274202943 0.134094268 0.473758548
    0.258342743 0.232985377 0.311958849 0.0274728239 0.0212395191
    0.0792818666 0.248665273 0.88183105 0.718200564 0.668144166
    0.394188076 0.264366597 0.524744868 0.319119811 0.756735563
    0.936602712 0.10008809 0.998195052 0.197843105 0.527893186
    0.206504613 0.853399634 0.0815129876 0.3132025 0.644734621
    0.347382665 0.398139894 0.649771333 0.819147229 0.416873813
    0.213396519 0.0510252118 0.632592261 0.612191975 0.629218876
    0.767601252 0.601272225 0.939605176 0.526681662 0.62273711
    0.545517325 0.473626107 0.749613583 0.964076519 0.279265404
    0.961143672 0.66306293 0.039206177 0.415328324 0.975463688
    0.676146746 0.760653019 0.38375017 0.596713185 0.0286000669
    0.275035888 0.0997845829 0.310580105 0.909223437 0.610134363
    0.0249436796 0.178723544 0.0202624798 0.881026745 0.405481637
    0.844389796 0.851533771 0.244918734 0.565284491 0.170935869
    0.625202119 0.846693754 0.347684771 0.33749181 0.838817835
    0.935225725 0.591139853 0.719263136 0.620348811 0.447542012
    0.218781173 0.1952613 0.458141387 0.325112909 0.117213577
    0.617477119 0.777272344 0.333316356 0.545110643 0.965982437
    0.617148936 0.830481172 0.872581244 0.576578319 0.692027569
    0.0985299945 0.697650254 0.650067806 0.42748332 0.0558398962
    0.354002535 0.456972271 0.044085592 0.688176394 0.478163689
    0.560152292 0.408467084 0.810368538 0.125422508 0.712912083
    0.446546614 0.274655819 0.923217297 0.200674325 0.904393971
    0.343459725 0.857523918 0.322121024 0.243766785 0.259615541
    0.365738034 0.256575972 0.985890329 0.000370740891 0.590208888
    0.773579597 0.793120384 0.784380853 0.147789598 0.733596206
    0.750627339 0.753983617 0.888664961 0.0737172961 0.48888725
    0.369797647 0.878758073 0.49706164 0.682599962 0.651425958
    0.213174015 0.906566679 0.779930115 0.0189360976 0.781924605
    0.782765746 0.116271943 0.185368091 0.519052088 0.922832668
    0.157630444 0.578917503 0.470943272 0.657848418 0.782819986
    0.898523688 0.219370604 0.441026568 0.882153749 0.650670826
    0.412527025 0.0225524008 0.172048807 0.407113016 0.55771184
    0.645431399 0.452606857 0.226163328 0.0852495432 0.479573756
    0.262672544 0.242433399 0.640932143 0.290325254 0.496078521
    0.781896055 0.160158932 0.81997335 0.806149244 0.633485079
    0.612245321 0.0871188939 0.969703436 0.0851558149 0.0248205364
    0.846573234 0.684283733 0.0392878652 0.384836376 0.518634498
    0.488051564 0.650157571 0.50631243 0.917109013 0.262727439
    0.287601441 0.895218611 0.316987813 0.718323767 0.885581255
    0.922332048 0.118540317 0.090462327 0.642585516 0.551968038
    0.603573382 0.440725356 0.802664161 0.415684283 0.95708245
    0.892527759 0.385087907 0.69390285 0.0892310143 0.662325978
    0.746665895 0.0607825816 0.271716595 0.0473879576 0.696951866
    0.413085997 0.44058311 0.40586561 0.578656614 0.520097375
    0.734867573 0.219421804 0.184968382 0.574519277 0.605868995
    0.44370842 0.965848327 0.830934882 0.279212236 0.211334258
    0.00302532315 0.0850367248 0.795317173 0.238330394 0.954752088
    0.290211439 0.181744635 0.744870067 0.0794343054 0.350161552
    0.686687469 0.271140993 0.320533037 0.712423146 0.169485539
    0.708066285 0.757962584 0.961842656 0.971063137 0.56708461
    0.00799238682 0.582523108 0.230131179 0.240874976 0.153889984
    0.925540864 0.285597026 0.499445826 0.396228552 0.214176595
    0.318737507 0.377217025 0.864745557 0.440426797 0.589336634
    0.231088042 0.96115911 0.199604809 0.252788126 0.897256732
    0.188934058 0.980959475 0.594625711 0.804234624 0.426282793
    0.888215303 0.0434010625 0.0328843892 0.761137247 0.485077292
    0.668714523 0.807548285 0.125836879 0.15208602 0.501256108
    0.278523654 0.011308372 0.00628739595 0.392365098 0.870264053
    0.265739799 0.282002926 0.801651478 0.84373045 0.956357777
    0.777022362 0.936832845 0.580115974 0.390970021 0.654438078
    0.376798868 0.753578722 0.967577457 0.73220551 0.246158123
    0.478343487 0.879818201 0.8393628 0.766240895 0.0493525565
    0.631865144 0.322521389 0.277679861 0.679516196 0.342147768
    0.453796208 0.915439606 0.441319734 0.464071125 0.210000247
    0.95816195 0.732168198 0.14480269 0.459302336 0.518053889 0.51982379
    0.834858954 0.951260448 0.0466229618 0.347512126 0.37520057
    0.442919344 0.0667507648 0.266082674 0.697640479 0.298183978
    0.0391865075 0.322245121 0.328479648 0.100021243 0.810366511
    0.553819776 0.803590178 0.16402638 0.750473499 0.587486207
    0.274848908 0.845069528 0.317703545 0.607299089 0.768643379
    0.128535897 0.283568203 0.175368518 0.296034962 0.775620997
    0.154967934 0.560935259 0.726745963 0.499226779 0.299726725
    0.548226237 0.828378379 0.880583882 0.663252354 0.730540693
    0.611546397 0.065558821 0.795874894 0.514688253 0.644750178
    0.593625605 0.311494857 0.442090839 0.0832972229 0.299450785
    0.250709832 0.56334883 0.539721847 0.713925302 0.888458729
    0.479113519 0.433692902 0.252302825 0.246420473 0.0878266692
    0.529585838 0.858194053 0.0823151171 0.614433467 0.649762213
    0.238850743 0.528094232 0.99119091 0.916707635 0.875219941
    0.801606178 0.182650298 0.565285087 0.803257108 0.648106337
    0.464793295 0.997950673 0.372478426 0.439380795 0.376950175
    0.423351288 0.917170525 0.832402706 0.116634488 0.806851745
    0.894472718 0.410427094 0.797559977 0.218882978 0.0482821167
    0.485962242 0.501490057 0.27008462 0.595866263 0.88444829
    0.084120214 0.959945321 0.738040447 0.942864835 0.0121406019
    0.682768703 0.121901721 0.631068826 0.997517109 0.790976822
    0.656683922 0.879203916 0.618812561 0.0166095197 0.435079247
    0.211774111 0.807258487 0.126209319 0.948710322 0.469174325
    0.716720402 0.641266108 0.565399587 0.321083844 0.749198318
    0.537035704 0.0581999421 0.439438224 0.549393296 0.552953362
    0.516145825 0.491773665 0.981805444 0.93293184 0.528204262
    0.109085619 0.711636782 0.256231964 0.692543387 0.502699673
    0.550629139 0.214073002 0.371290058 0.026948899 0.057084024
    0.857991338 0.823795676 0.0401907861 0.00122767687 0.125017136
    0.87738657 0.355282694 0.218248129 0.380907148 0.171783447
    0.568720341 0.166490823 0.303146422 0.972438335 0.275770783
    0.313377351 0.0295283198 0.228970438 0.331375718 0.578433752
    0.920765042 0.383660287 0.908777893 0.168993622 0.655615807
    0.0429806709 0.0262109935 0.115354836 0.19472304 0.542896867
    0.964171708 0.323578537 0.787156761 0.454446703 0.431688905
    0.104800165 0.67891264 0.748258352 0.761371434 0.0173641145
    0.0402130783 0.762908936 0.330477595 0.126678616 0.971782565
    0.195068032 0.115253925 0.312669396 0.186145633 0.655720055
    0.545993865 0.0776997507 0.665753126 0.887886167 0.360382944
    0.047912091 0.490211606 0.150726557 0.844589591 0.302459151
    0.379345506 0.0342814326 0.818838 0.905669212 0.694752693
    0.826527596 0.396602899 0.795372367 0.274230719 0.435712785
    0.526656449 0.852780879 0.7578789 0.885422349 0.904411554
    0.0549436212 0.125034362 0.213430315 0.0671874285 0.996857464
    0.0592406988 0.830456972 0.316755772 0.787952065 0.18366763
    0.642656326 0.735149384 0.200253069 0.925336897 0.329189837
    0.262082875 0.17661193 0.47021535 0.694236577 0.360572159
    0.701062918 0.313864946 0.823621035 0.0299912095 0.473183572
    0.180508584 0.153082043 0.459887177 0.814698815 0.611504674
    0.0982406735 0.866191268 0.0975589156 0.553320289 0.365784407
    0.935787797 0.531786799 0.681559324 0.57163763 0.922817945
    0.74469769 0.756122112 0.873842955 0.570142865 0.791732728
    0.338149846 0.283822775 0.171990395 0.34271878 0.865801573
    0.772588134 0.94912529 0.678155422 0.114655972 0.627078056
    0.93910253 0.313990474 0.783723772 0.876046062 0.0205673277
    0.446303636 0.757107973 0.0594703853 0.500106812 0.0547910035
    0.528477669 0.0794114172 0.364846468 0.287617356 0.711094856
    0.140432328 0.788464785 0.118575275 0.90841651 0.983182907
    0.488393426 0.297483683 0.724860728 0.0188235641 0.522891819
    0.688570499 0.747787893 0.487975776 0.435665548 0.690025449
    0.972304463 0.71187675 0.889670491 0.0384841859 0.516581774
    0.0967377424 0.627568424 0.782079816 0.0743975937 0.878385186
    0.13270539 0.733452141 0.515723407 0.192571342 0.029804796
    0.930286288 0.989716947 0.648241103 0.236169249 0.729311109
    0.775169492 0.0320771039 0.363325894 0.924535394 0.820877552
    0.105052084 0.285492092 0.0994243622 0.3144508 0.70648402
    0.0679545105 0.844059765 0.776456952 0.222244978 0.914057314
    0.223325431 0.564409196 0.0421212316 0.357697904 0.940218091
    0.0496248305 0.556563497 0.426683366 0.587038934 0.721886218
    0.246673644 0.275566339 0.387793809 0.409633249 0.459687352
    0.69395107 0.658357084 0.212605387 0.641447425 0.0788781345
    0.395025283 0.0684430897 0.554952502 0.93364048 0.434810638
    0.236968488 0.656667352 0.900800407 0.107528746 0.600950718
    0.294374883 0.747390807 0.406679809 0.464174688 0.692865968
    0.253890574 0.499658138 0.57796973 0.362165689 0.24451828 0.04196316
    0.763185263 0.412498057 0.94839561 0.544653893 0.0155013502
    0.285311699 0.60386914 0.0678600371 0.957570255 0.591553986
    0.734838903 0.314528257 0.721248627 0.256569088 0.491334766
    0.704904079 0.0984463096 0.496723443 0.500532687 0.100810766
    0.963902831 0.705279589 0.620072305 0.612179339 0.153772384
    0.518072665 0.490987778 0.191063881 0.495508254 0.877876401
    0.684915841 0.647764146 0.0322895944 0.465622753 0.0714916885
    0.208395004 0.0529106855 0.629776478 0.873210788 0.498762697
    0.954886675 0.24109444 0.326871514 0.00540575385 0.00858840346
    0.358056724 0.64167887 0.0946353674 0.0737610459 0.218685955
    0.0705508292 0.463311821 0.276348889 0.919615507 0.654204369
    0.729538679 0.478411913 0.297569573 0.666687369 0.669664502
    0.311609477 0.598943591 0.613697767 0.506403029 0.786392212
    0.115637809 0.161244243 0.143159539 0.633807182 0.908777952
    0.298448145 0.569242477 0.879521608 0.390287727 0.0656389594
    0.791692853 0.743620336 0.380516171 0.273540169 0.466649711
    0.930008531 0.183853477 0.509867489 0.219848007 0.25544861
    0.280694753 0.207796246 0.698496342 0.966768742 0.932347953
    0.280205846 0.126056761 0.570908427 0.545035839 0.513380408
    0.209741652 0.498619318 0.211234927 0.822370887 0.183391064
    0.606625259 0.647288203 0.039355427 0.827493548 0.749294639
    0.0688903034 0.890534282 0.251896858 0.068970412 0.463154405
    0.228301734 0.748620331 0.787103415 0.169323951 0.219258159
    0.415160805 0.528183103 0.404403239 0.769278765 0.638311148
    0.872046113 0.332275927 0.0543878078 0.927128077 0.74992907
    0.493742019 0.962162018 0.660808206 0.881796002 0.498531103
    0.196275979 0.801610589 0.567142904 0.485852897 0.987310886
    0.237777859 0.0555427074 0.156103045 0.525519371 0.778768778
    0.344550014 0.0778259039 0.922000229 0.0132547617 0.110550016
    0.0097001195 0.995150566 0.339410424 0.198305488 0.0479769409
    0.0906389952 0.839340091 0.903726935 0.352726221 0.0408295095
    0.60602802 0.93124193 0.85716188 0.30226475 0.798324943 0.424561262
    0.916574121 0.780137956 0.362584889 0.940478802 0.776325703
    0.580143809 0.870849669 0.19557178 0.469720185 0.886447668
    0.834758759 0.233579904 0.545420945 0.628842831 0.197723716
    0.27821219 0.279840589 0.987468481 0.370420486 0.285707831
    0.169255406 0.593658864 0.135101706 0.861908495 0.281172663
    0.396005303 0.386133075 0.389457256 0.525501251 0.671913266
    0.238153577 0.496649832 0.389634132 0.671617866 0.336910754
    0.195567578 0.284488618 0.904332638 0.335729927 0.572824478
    0.443305522 0.853023767 0.667289138 0.0260329247 0.304416835
    0.925756991 0.0668117106 0.970274329 0.863417089 0.819330096
    0.663751841 0.932533383 0.284079194 0.699337304 0.707849622
    0.866994739 0.315474033 0.449325681 0.31871891 0.566478729
    0.892209709 0.7875489 0.942371964 0.400701612 0.675186396
    0.730848074 0.704961956 0.722174525 0.601619959 0.424930155
    0.548641324 0.268103331 0.676473498 0.171257228 0.84661305
    0.13755843 0.156568229 0.309887171 0.372187734 0.721548259
    0.266245425 0.083522588 0.566905499 0.0338401496 0.493957609
    0.976719916 0.183813423 0.163291395 0.476382136 0.68581742
    0.953769863 0.0186186433 0.965523481 0.972320199 0.320467174
    0.755926967 0.535929799 0.424806178 0.221677095 0.911752343
    0.911434948 0.962368965 0.991889238 0.0689745247 0.779620051
    0.103105515 0.325892568 0.297811776 0.268558264 0.974648237
    0.812023818 0.697322607 0.652468085 0.83720392 0.293233246
    0.988909841 0.542072415 0.314654708 0.525427401 0.119650841
    0.4406932 0.932881474 0.597588778 0.514661551 0.67819345 0.421719432
    0.916466355 0.383487642 0.71816051 0.186027557 0.209715277
    0.920145631 0.520955145 0.775045991 0.848431706 0.823480129
    0.336035728 0.10357666 0.39402765 0.500776768 0.00212341547
    0.336824417 0.830656052 0.920966864 0.104165822 0.441480607
    0.932885885 0.0402474999 0.550390065 0.862364709 0.0945582688
    0.436702788 0.705515981 0.0475640893 0.214248717 0.400276035
    0.947855353 0.606785655 0.84631598 0.857468724 0.615059972
    0.852771044 0.441692054 0.219135433 0.133200645 0.869124889
    0.606613517 0.170684248 0.824206233 0.72729373 0.667455435
    0.330293119 0.635512054 0.0605431795 0.507168233 0.81817621
    0.846241951 0.752408445 0.825767696 0.0133511424 0.364179164
    0.191106021 0.793980002 0.05924052 0.49723202 0.787158847
    0.891999841 0.668317199 0.48507911 0.796878338 0.498516679
    0.859749436 0.0305658877 0.63941741 0.0349827707 0.181757808
    0.671642005 0.386393666 0.642572165 0.829667211 0.484021157
    0.574187756 0.383933067 0.160782665 0.46661526 0.522630632
    0.994037628 0.435080767 0.986333609 0.668829739 0.0910467505
    0.760539293 0.355142564 0.440573573 0.246354103 0.926327586
    0.44997257 0.0163578689 0.550074279 0.0623775721 0.1077649
    0.586146235 0.272638321 0.823534608 0.514580667 0.984199405
    0.398183465 0.934758663 0.444138288 0.706962824 0.297927558
    0.336186826 0.0302661359 0.745305955 0.214754313 0.505809307
    0.0986459255 0.472791731 0.341290534 0.624003351 0.696953237
    0.183297217 0.935149968 0.154702902 0.013364166 0.90530175
    0.851010144 0.518985271 0.972199559 0.94096899 0.273705781
    0.405823708 0.9561975 0.872394204 0.205306709 0.703062773 0.62743628
    0.583918929 0.758721709 0.457431555 0.386898279 0.474791914
    0.199171066 0.0203763247 0.553795278 0.00267606974 0.878655791
    0.246928632 0.136543423 0.231206268 0.738712192 0.833675444
    0.568565965 0.1454117 0.994420171 0.497446716 0.143147558
    0.736320615 0.544460952 0.524552643 0.0351012647 0.0654461682
    0.416917533 0.495106429 0.201121956 0.607531428 0.942217112
    0.317169547 0.0755022168 0.196204156 0.0879735053 0.333925366
    0.720529675 0.486587137 0.772635818 0.0274252892 0.0642388165
    0.0127921402 0.581664026 0.807236195 0.213083506 0.191316456
    0.118285269 0.941167116 0.337818801 0.322933882 0.725071013
    0.318607271 0.946637392 0.966375828 0.592969358 0.430134237
    0.0805945098 0.797422171 0.590442121 0.273312688 0.261906087
    0.907126188 0.882356524 0.935936093 0.16471985 0.728971004
    0.721200705 0.226017654 0.0773733556 0.593138814 0.56953764
    0.370321065 0.935915232 0.0919578671 0.365294814 0.995651066
    0.672391474 0.771128416 0.459037572 0.659165025 0.572950006
    0.239948481 0.412573129 0.450872779 0.914268613 0.354045272
    0.699699223 0.173821598 0.545308471 0.702380836 0.0764376819
    0.637510061 0.599417031 0.169447213 0.267357916 0.093498528
    0.415136755 0.891304255 0.396215886 0.946494758 0.429430515
    0.0740455091 0.661334872 0.88833797 0.503902137 0.646529794
    0.807162046 0.377873838 0.337447047 0.704783559 0.0793297589
    0.649452627 0.355593622 0.205231369 0.200287968 0.111628801
    0.0186467767 0.442387938 0.772956014 0.299471706 0.737310767
    0.487125605 0.288779557 0.0565960407 0.941087902 0.964728355
    0.788994431 0.984892488 0.0907180607 0.347284794 0.537144065
    0.148732394 0.562107503 0.334614724 0.521763206 0.409060597
    0.93753469 0.531514764 0.221179307 0.625543654 0.552744091
    0.886228263 0.57423985 0.723119617 0.0732374191 0.375580013
    0.341987967 0.33081764 0.909156501 0.0552423894 0.189630687
    0.593911648 0.52140224 0.592796326 0.383115709 0.561950624
    0.864961505 0.17554757 0.0574810207 0.0854544342 0.608816922
    0.110725671 0.126312643 0.829590023 0.514657497 0.336573064
    0.84174484 0.856757402 0.571829855 0.587107897 0.488322318
    0.551628888 0.185376614 0.89382565 0.959673226 0.906398535
    0.948312521 0.678574562 0.393788874 0.426080644 0.617492974
    0.60459286 0.992513537 0.282519788 0.248819172 0.971645713
    0.0587768257 0.546478748 0.552585959 0.914918065 0.933766127
    0.921515644 0.238858968 0.626657128 0.803712606 0.936389685
    0.331967264 0.045211792 0.940325677 0.098192513 0.970163643
    0.123711705 0.01794523 0.293731481 0.136352271 0.934252381
    0.152781129 0.583096385 0.413144261 0.182333201 0.0802451968
    0.771048963 0.825399756 0.263143122 0.416991234 0.484960198
    0.522693515 0.0869915187 0.540406942 0.257096469 0.547333598
    0.472033381 0.133009195 0.108705342 0.244663864 0.754340589
    0.937433124 0.340484858 0.319377661 0.141766071 0.941803038
    0.995403469 0.740977526 0.417810798 0.152547896 0.263959289
    0.0679028928 0.414997816 0.03175053 0.235037625 0.528228939
    0.302839458 0.308392376 0.467693031 0.252444774 0.282392949
    0.839773357 0.629348695 0.421985477 0.809601426 0.486221492
    0.441152751 0.169890881 0.978419542 0.627998412 0.0416522622
    0.840196371 0.379137158 0.144091487 0.877538204 0.399273187
    0.547990203 0.588269711 0.208503276 0.206661254 0.219917893
    0.700870574 0.22014901 0.268370211 0.643100023 0.109118402
    0.913600564 0.0505474806 0.15012899 0.11588487 0.413927376
    0.949019313 0.968262732 0.664302945 0.552268624 0.385990202
    0.366998792 0.871449709 0.0533705056 0.238231122 0.668173552
    0.998001695 0.431373686 0.991334498 0.578495979 0.823403478
    0.105190724 0.400125235 0.311355025 0.766875863 0.668050826
    0.331290126 0.111043215 0.610589504 0.868936539 0.150656611
    0.495336115 0.117608398 0.341800451 0.116102368 0.929287076
    0.471353382 0.855557084 0.701583982 0.659970284 0.951244235
    0.26261276 0.198621899 0.294955075 0.603216171 0.0513352454
    0.471593171 0.0281225145 0.889141917 0.860197425 0.956049204
    0.878844023 0.743852735 0.847176254 0.977025211 0.699742317
    0.465219259 0.344266295 0.355829328 0.516699672 0.412029505
    0.924009621 0.322744131 0.798834682 0.902861118 0.995381832
    0.18333438 0.576622725 0.913311958 0.843578458 0.853002071
    0.931239963 0.653147876 0.335126579 0.552964389 0.722277939
    0.532698512 0.988152385 0.307902634 0.048774004 0.0836833715
    0.147949159 0.922895014 0.702379584 0.517434239 0.227681339
    0.575351119 0.795565844 0.356986344 0.00635823607 0.582118154
    0.759479702 0.0972938836 0.777853966 0.0792767107 0.776517272
    0.183989078 0.721552372 0.682628214 0.295105815 0.870512843
    0.706173003 0.333254516 0.678863823 0.816598058 0.353738844
    0.365695238 0.841364026 0.908589542 0.271324277 0.621497512
    0.429445505 0.304084182 0.282890797 0.0419473052 0.998708189
    0.228194237 0.0172309875 0.466539472 0.250215828 0.273925722
    0.186334103 0.878163457 0.450266808 0.453932345 0.0648346841
    0.855696917 0.222916156 0.147954851 0.673902929 0.0818996131
    0.199139506 0.471986741 0.0155262351 0.95331198 0.360127568
    0.670502543 0.551469088 0.930808902 0.500601947 0.508595407
    0.871274948 0.783616662 0.0147525668 0.465510905 0.363201171
    0.108317256 0.0380695164 0.293607354 0.153795928 0.135576397
    0.51273036 0.85687989 0.206790298 0.943026543 0.344106734
    0.981340706 0.366565138 0.726294875 0.709571719 0.907797933
    0.551221311 0.741268039 0.20268625 0.903461337 0.581973493
    0.904810429 0.702834845 0.310949087 0.231321245 0.38573426
    0.173824459 0.459668159 0.7358163 0.715699375 0.883008361
    0.532608211 0.267425418 0.494224817 0.91279912 0.307310045
    0.620907545 0.00683626533 0.327715635 0.205019265 0.798436999
    0.612278342 0.961977959 0.836505175 0.0717659891 0.863067925
    0.266159743 0.865326524 0.0714485347 0.39123252 0.371851027
    0.53087914 0.513423502 0.853014112 0.415306658 0.122947752
    0.655162215 0.816052914 0.861540437 0.796468616 0.499940008
    0.330829978 0.891258538 0.702277541 0.825976908 0.815239429
    0.165506929 0.538335443 0.0669009984 0.0229673684 0.422404885
    0.736189783 0.504725397 0.302325308 0.0837724507 0.471730441
    0.110114276 0.581116855 0.830127478 0.821648419 0.229968429
    0.416345954 0.245487809 0.939042449 0.844678104 0.214519262
    0.143040985 0.199191213 0.0856545568 0.930499196 0.731076896
    0.839783311 0.6560691 0.971486986 0.445062697 0.880953312
    0.431649566 0.188625991 0.6311028 0.707852006 0.219164848
    0.794995248 0.327187449 0.364996701 0.55363816 0.468472809
    0.509688556 0.973760307 0.379147887 0.812889636 0.949389696
    0.362740189 0.813381851 0.414362699 0.735051572 0.414189696
    0.772363782 0.555711746 0.0652167201 0.158785909 0.087688297
    0.779086649 0.362304628 0.457310438 0.567034483 0.212119788
    0.133534193 0.70264256 0.392392933 0.57072717 0.988686264
    0.564417243 0.998995662 0.179195613 0.693321586 0.913500786
    0.0671160817 0.685591877 0.225361407 0.27689454 0.477378517
    0.158278018 0.342624068 0.470114499 0.0879797637 0.839656889
    0.954497516 0.415754527 0.0285694599 0.743095338 0.221152842
    0.0165788233 0.957531095 0.139911562 0.885881305 0.652753651
    0.3889651 0.612002313 0.242089808 0.962348044 0.127303541
    0.538888156 0.404484332 0.584982634 0.604243219 0.239046663
    0.785436511 0.884824038 0.778651476 0.189746201 0.39476499
    0.855451584 0.33557415 0.92598772 0.606800139 0.174146235
    0.158137619 0.906592906 0.157938063 0.301653802 0.22860235
    0.963698149 0.888193905 0.336573601 0.0710241497 0.688870311
    0.275387853 0.786819637 0.680813789 0.257883966 0.0409692824
    0.118088514 0.511945188 0.869828522 0.887277305 0.970053256
    0.506200194 0.775186539 0.810436249 0.665422916 0.59370786
    0.691280663 0.194945216 0.532750309 0.798921824 0.983837128
    0.790159583 0.461185455 0.608435929 0.995446503 0.823762119
    0.321652532 0.642984867 0.0598698854 0.235606223 0.91685003
    0.216538757 0.863979697 0.838686824 0.514885902 0.563304543
    0.0676704049 0.255218267 0.747590661 0.253714114 0.760485649
    0.242451757 0.0535567105 0.479973823 0.883927226 0.83375001
    0.920777202 0.23016727 0.00783246756 0.779602528 0.367082655
    0.934822023 0.467312157 0.876818001 0.992080212 0.342608631
    0.268776119 0.135371059 0.0484114587 0.978965342 0.0724708736
    0.814818144 0.459109306 0.814571857 0.514332533 0.653614938
    0.433900774 0.639675736 0.12340346 0.995067716 0.459128618
    0.547818303 0.103355229 0.442116171 0.326218605 0.813741624
    0.316199183 0.637236714 0.89358747 0.635294259 0.738437533
    0.837215543 0.445584655 0.360547304 0.331136823 0.215141147
    0.75758481 0.620482326 0.814996004 0.205802321 0.634778202
    0.457761705 0.447119951 0.830250025 0.70428282 0.245523959
    0.905479252 0.959204018 0.0426150858 0.968656421 0.309668362
    0.320980579 0.193164498 0.579620004 0.0487419665 0.83420831
    0.215342373 0.0379886925 0.373180032 0.00598028302 0.928407311
    0.378147811 0.662096024 0.915616691 0.976173818 0.97610569
    0.388417512 0.118172646 0.403847039 0.544450521 0.0516393185
    0.088152945 0.18386206 0.925329447 0.911103845 0.921620727
    0.835954428 0.1061849 0.854136765 0.627651811 0.520210505
    0.587862074 0.751971364 0.399463773 0.293183446 0.175001115
    0.976163507 0.424930215 0.763767838 0.446841002 0.518780172
    0.784896374 0.0880057514 0.646429658 0.463810265 0.432653755
    0.310118318 0.216700584 0.161046803 0.263026685 0.653164029
    0.910561323 0.773594975 0.1083197 0.620125353 0.796061039
    0.323438138 0.30112642 0.0359275341 0.0317026973 0.680604458
    0.694062769 0.397094786 0.664176524 0.162042558 0.367213249
    0.99186182 0.259110928 0.989334106 0.451667726 0.751382411
    0.0790706873 0.450707763 0.975385547 0.130626947 0.96080476
    0.668706477 0.931711733 0.782547951 0.301665038 0.507833362
    0.292467982 0.79048413 0.634396672 0.0454515517 0.829561114
    0.226037502 0.119430721 0.836077988 0.611378789 0.297747254
    0.118011326 0.0808975697 0.261840552 0.964738011 0.179752052
    0.963615537 0.0842989087 0.901494026 0.836629152 0.606816292
    0.0989267528 0.768529534 0.557991385 0.745715737 0.586681783
    0.593611896 0.24547717 0.913453817 0.154723287 0.764739692
    0.750522673 0.231457949 0.663703442 0.76214087 0.0579019189
    0.328064352 0.656749129 0.644589126 0.580966949 0.587637246
    0.93580389 0.232193887 0.961993277 0.796907783 0.466216862
    0.845738173 0.562417209 0.687716424 0.366024524 0.99696213
    0.840520859 0.109528959 0.760799468 0.200360835 0.165079325
    0.623382032 0.611706376 0.173319995 0.165014476 0.112776309
    0.842963755 0.102065921 0.210595459 0.917766213 0.885957956
    0.129199266 0.328780651 0.498929411 0.824616253 0.625660181
    0.628239572 0.814099967 0.694655359 0.2177926 0.873573422
    0.802417636 0.614810705 0.922410071 0.609480143 0.44274658
    0.307445526 0.697296858 0.953558564 0.0588336587 0.773024201
    0.637848735 0.562674284 0.741455734 0.287227869 0.648741663
    0.518835962 0.889009595 0.379812837 0.28358525 0.656012058
    0.260864347 0.489895076 0.42144224 0.0948932469 0.396960735
    0.915419042 0.175139457 0.603793263 0.732290685 0.811735392
    0.358431637 0.00849103928 0.388425946 0.154061526 0.251757085
    0.446605891 0.251633644 0.609299004 0.0805321336 0.580019116
    0.899034739 0.621626139 0.885807157 0.133592397 0.503568292
    0.87058413 0.00756898522 0.588992059 0.0429676473 0.312825918
    0.690750837 0.75271666 0.163399994 0.893096328 0.789754272
    0.746931851 0.663932443 0.531337678 0.166087061 0.930957198
    0.924448133 0.122582555 0.466266274 0.759178281 0.905866385
    0.923435986 0.576883197 0.788505793 0.473405987 0.761800408
    0.464955568 0.605730653 0.406745076 0.0598982573 0.682784081
    0.322839558 0.465657473 0.250692904 0.797052562 0.0857847929
    0.0116313696 0.832959175 0.153030306 0.0510057807 0.551339328
    0.839151144 0.0234489739 0.0616580844 0.970855951 0.380020022
    0.945631385 0.97758925 0.786155462 0.360178173 0.755974889
    0.977934778 0.0920336246 0.321929991 0.533196986 0.381493568
    0.0844124258 0.900658369 0.234752506 0.528509021 0.953052044
    0.568461537 0.424318463 0.529083788 0.487402558 0.946727037
    0.256051332 0.281787217 0.435335219 0.898629189 0.295948356
    0.585832298 0.41195029 0.589602292 0.0533567071 0.948532701
    0.870842934 0.874935925 0.222294599 0.2005862 0.957054436
    0.553207338 0.594832659 0.25691095 0.900038958 0.111525625
    0.274039865 0.849289179 0.658573389 0.55760026 0.615710378
    0.73287344 0.991492152 0.177006036 0.494321942 0.873451114
    0.954231679 0.796597719 0.600020945 0.873534203 0.0666386783
    0.697789311 0.43160665 0.55507195 0.640243888 0.349541485
    0.0945588946 0.659724772 0.204533011 0.886532843 0.346536726
    0.225920558 0.790860057 0.883278847 0.689735532 0.207221299
    0.727929473 0.142851353 0.607407689 0.70505178 0.256628066
    0.691386342 0.598465204 0.125135452 0.375687212 0.919822097
    0.162662387 0.00291493535 0.957298279 0.039557904 0.150669485
    0.597705185 0.480049998 0.00282588601 0.404488474 0.548247576
    0.937942505 0.778329611 0.0566467643 0.308668196 0.595641911
    0.813636184 0.590554237 0.85294807 0.384725839 0.974834561
    0.0273104906 0.1302194 0.437495887 0.735170484 0.592230082
    0.344567537 0.330070436 0.48222807 0.874715567 0.511789382
    0.84935379 0.744477153 0.846664429 0.221084505 0.569692969
    0.476048023 0.70564723 0.858279228 0.719151497 0.449075401
    0.259181321 0.307073265 0.52843684 0.324314892 0.670713305
    0.862197578 0.381154567 0.695963025 0.973027825 0.504764736
    0.344277442 0.63574034 0.554541886 0.673248708 0.188692361
    0.848731935 0.0797075033 0.591170788 0.998278737 0.188960075
    0.735198677 0.256390065 0.246637821 0.105098248 0.983880758
    0.822431028 0.340755165 0.307023585 0.50001061 0.384547949
    0.926105142 0.374840796 0.00550547242 0.903201461 0.199176252
    0.431686401 0.547364175 0.964843988 0.0010869503 0.488245368
    0.840150476 0.669186234 0.117523283 0.65728128 0.720444024
    0.687650919 0.0426893234 0.732582986 0.79158324 0.0784565508
    0.927860975 0.631435633 0.326716274 0.585636854 0.695848584
    0.886907041 0.0736362338 0.0459209085 0.444764435 0.178809106
    0.835351706 0.17648378 0.311385393 0.825868368 0.999779582
    0.355867684 0.729088128 0.14749065 0.000302523375 0.119433731
    0.0323848128 0.44232735 0.369042873 0.928064764 0.471930206
    0.383874655 0.560836673 0.258692771 0.22417289 0.0741397142
    0.257519603 0.90340662 0.276560962 0.413029671 0.742066205
    0.0529484153 0.579070091 0.419841468 0.6511392 0.762498856
    0.974773407 0.527302265 0.235891163 0.470294952 0.638796866
    0.19185099 0.930644393 0.762167454 0.622768104 0.346089721
    0.722253263 0.275870979 0.599548101 0.575293124 0.844198704
    0.799001575 0.398266286 0.105765402 0.815566182 0.109407246
    0.701964796 0.796367764 0.664128721 0.124794632 0.362288445
    0.900243998 0.551504314 0.789620399 0.329219997 0.691134334
    0.490898311 0.855912328 0.842482924 0.427057594 0.209149867
    0.13023746 0.545949399 0.945006013 0.17500475 0.591686666
    0.236142546 0.322817504 0.875617266 0.36338976 0.716137767
    0.658389568 0.452039748 0.0681678057 0.319917142 0.828445315
    0.688614964 0.996316314 0.50428009 0.542451382 0.78262943
    0.462082535 0.666205168 0.00985074043 0.233731925 0.292910278
    0.847051859 0.759227037 0.0905316472 0.289011717 0.88137567
    0.482014149 0.0895485878 0.060174942 0.334822685 0.0202737153
    0.0383777916 0.72959882 0.0161374211 0.38604039 0.0586073399
    0.670955718 0.525088906 0.527203083 0.78449285 0.44515568
    0.174680799 0.100101322 0.0769026279 0.889016271 0.837103963
    0.746670961 0.333916396 0.731338978 0.343696475 0.81190598
    0.143161446 0.18612048 0.821688473 0.0868493915 0.02196154
    0.0453760922 0.100895792 0.883095622 0.218781322 0.812678456
    0.289225459 0.7366606 0.448133469 0.193850935 0.881453872
    0.423137039 0.358727098 0.371535718 0.185230196 0.568435192
    0.967143834 0.285101891 0.202145964 0.500803113 0.439812094
    0.0504606664 0.0836699009 0.889370084 0.867672205 0.343580365
    0.277861446 0.330626965 0.577656209 0.218754649 0.380155504
    0.296274722 0.0277519226 0.567698359 0.167444199 0.956236541
    0.673743725 0.633970857 0.919233441 0.40092501 0.221252054
    0.914752722 0.941325784 0.682818413 0.34179008 0.944993496
    0.465177596 0.809714913 0.368983626 0.892445326 0.286949635
    0.486645192 0.154025823 0.818979859 0.143249273 0.402291358
    0.7736516 0.354966938 0.521194637 0.0438387096 0.596646667
    0.827417374 0.94608593 0.102487653 0.452180266 0.623204887
    0.52429688 0.911095977 0.786307931 0.971362054 0.104820281
    0.283726573 0.186841011 0.00749570131 0.920943439 0.51466012
    0.594994962 0.360344708 0.985202432 0.158304036 0.0956663191
    0.518304467 0.339404106 0.976969182 0.519244373 0.495701164
    0.660440087 0.737333 0.981835723 0.225587249 0.587302268 0.534465253
    0.272154987 0.825620413 0.83690089 0.214870661 0.253302991
    0.330081701 0.613021493 0.829556346 0.118768692 0.818719506
    0.96691525 0.0213238299 0.409196734 0.950374365 0.0412519276
    0.991587818 0.762888908 0.698386908 0.623778224 0.354753792
    0.639676452 0.195602685 0.446357876 0.7022717 0.945562124
    0.0919259489 0.720956862 0.138200909 0.242528319 0.37556091
    0.510818481 0.487407595 0.456622541 0.0175332427 0.747075617
    0.803828478 0.66441834 0.908110142 0.91782558 0.871397018
    0.519690692 0.429029852 0.835624576 0.625558436 0.584896684
    0.741978645 0.425346464 0.262664586 0.497978806 0.136863112
    0.656639576 0.482381344 0.787770271 0.662602663 0.50147295
    0.624352038 0.916710019 0.575770438 0.637210906 0.74731189
    0.307174027 0.941374302 0.162227929 0.172654003 0.510737836
    0.615572453 0.214063138 0.547828853 0.778631449 0.635401249
    0.286517322 0.210490674 0.0493637621 0.672960997 0.691337526
    0.791767478 0.1754345 0.402349591 0.321237803 0.368696511 0.27900821
    0.940085113 0.535687923 0.0687040687 0.435355723 0.503377974
    0.743584633 0.483397484 0.918410897 0.760620236 0.378052205
    0.00724574924 0.532008469 0.410690069 0.214297056 0.621266544
    0.359811068 0.809072196 0.369401395 0.96001792 0.326989621
    0.0882006586 0.659317255 0.109898478 0.79243207 0.312788248
    0.0825947821 0.452365518 0.280612588 0.62173003 0.80367434
    0.485366702 0.986159563 0.954021811 0.99996227 0.206997037
    0.717904389 0.935210824 0.051160723 0.351283431 0.655984104
    0.534229696 0.466145158 0.994785547 0.414930493 0.806513369
    0.195228338 0.797697663 0.527437925 0.732876301 0.971960127
    0.0373803675 0.0802155733 0.814415514 0.924020171 0.993933439
    0.529648721 0.624986529 0.0293367505 0.576700151 0.55557847
    0.0167909265 0.806724906 0.0167514682 0.744105577 0.712846816
    0.0119081438 0.587700844 0.336882144 0.657484412 0.346925676
    0.538703322 0.462012708 0.451296389 0.842119455 0.987529099
    0.460048765 0.42669785 0.873433292 0.00351321697 0.223655283
    0.0477849841 0.0385417938 0.34550494 0.967300653 0.515585124
    0.916586816 0.368004322 0.419188499 0.449536026 0.49043116
    0.836679101 0.759725332 0.484620512 0.146019399 0.398396432
    0.722321153 0.533018231 0.295318127 0.633089542 0.166416943
    0.124764383 0.675705969 0.804806471 0.997338176 0.159477443
    0.311391413 0.242773384 0.267829359 0.38276881 0.669778347
    0.200029522 0.0661024153 0.554111302 0.181658745 0.565415561
    0.38360393 0.818423033 0.0262981653 0.930347681 0.752229154
    0.746191263 0.0153757632 0.899549067 0.812087893 0.164565414
    0.125639349 0.782684147 0.996526003 0.88041544 0.493024737
    0.228169531 0.438357174 0.0859768093 0.140832186 0.664819479
    0.497870892 0.0873022676 0.375212133 0.985693932 0.771858275
    0.562528431 0.827301741 0.043223381 0.683050156 0.101766765
    0.509231746 0.580689967 0.325300634 0.551748872 0.700354397
    0.309867918 0.860533416 0.141507983 0.458198786 0.0207333863
    0.476205051 0.246332735 0.225450248 0.209635228 0.181974828
    0.431252867 0.790613115 0.251679182 0.47447291 0.735521734
    0.18811205 0.558275819 0.572744489 0.464095891 0.457567424
    0.819542885 0.553032339 0.706619859 0.953086853 0.28124541
    0.324225873 0.210367084 0.799499869 0.578781426 0.686767042
    0.411532253 0.474111617 0.607736886 0.306914151 0.216087252
    0.724793434 0.847459316 0.652830601 0.982106447 0.0123372972
    0.7270298 0.515664816 0.337087691 0.361839414 0.53049767 0.558050871
    0.473234385 0.776478589 0.926952183 0.771236897 0.984202266
    0.437918335 0.736035109 0.383233011 0.348815203 0.11326468
    0.440713704 0.131076425 0.327878356 0.622168899 0.813460708
    0.185404211 0.0613729358 0.462613881 0.968048275 0.127594352
    0.125188798 0.405057013 0.114431888 0.187883794 0.299870133
    0.557229817 0.157403469 0.738351285 0.608224988 0.0494736731
    0.581642866 0.154355645 0.820533633 0.950753689 0.963220835
    0.21881023 0.160482556 0.948598862 0.120400727 0.183112234
    0.842528343 0.751776099 0.25229001 0.682529151 0.382501543
    0.840198755 0.00420036912 0.7671808 0.510880888 0.415066987
    0.261786878 0.107200563 0.123254329 0.304870546 0.699523985
    0.105634272 0.649988294 0.54636687 0.223297596 0.758031011
    0.894337058 0.300042152 0.526726246 0.785761774 0.584351122
    0.264911652 0.145409673 0.370905221 0.0849178433 0.667345107
    0.87510252 0.562693059 0.512179375 0.955845356 0.339372098
    0.0430491567 0.91415441 0.0333168507 0.225820571 0.796016097
    0.732122064 0.0957218111 0.380986124 0.372477889 0.128130257
    0.278044373 0.355120987 0.0671470463 0.231146663 0.519357383
    0.837803721 0.0598651767 0.651753545 0.997292161 0.194471925
    0.875010729 0.00513929129 0.743258357 0.0629004538 0.501848459
    0.288543731 0.968250394 0.221838802 0.401656657 0.926886797
    0.659979641 0.437380254 0.107233286 0.470919013 0.94003433
    0.702458262 0.670095146 0.411305308 0.488720715 0.281895578
    0.0187667608 0.278557777 0.719896793 0.0558627844 0.139823526
    0.0547171533 0.486064374 0.476011753 0.595539212 0.203812748
    0.794827044 0.0562782586 0.385831535 0.275748134 0.716548741
    0.535762906 0.213178486 0.243647516 0.819569468 0.778741121
    0.677086413 0.63621676 0.224693686 0.766824126 0.444913208
    0.627999544 0.868741989 0.0158805251 0.344901443 0.548695564
    0.634819806 0.466455758 0.938516855 0.773218274 0.846747816
    0.706197202 0.564612448 0.812354326 0.690528989 0.495345145
    0.609529674 0.0326071084 0.027192384 0.739366531 0.907730758
    0.863095522 0.474310517 0.635840535 0.173123449 0.925024867
    0.996696353 0.404900789 0.19690755 0.483783215 0.341203779
    0.124502569 0.905271709 0.620789707 0.223753661 0.804225683
    0.984458983 0.696524739 0.0781120658 0.255685449 0.940350592
    0.951246619 0.464309007 0.288245708 0.907684684 0.633320689
    0.365974426 0.591312945 0.878293514 0.788582027 0.388535738
    0.0621137321 0.837554932 0.683369815 0.0190717578 0.57230556
    0.516348362 0.388357997 0.379549384 0.476328373 0.0423752367
    0.349999368 0.221801311 0.0283215046 0.60987252 0.471048713
    0.0334940255 0.80122745 0.44584924 0.685020566 0.453110069
    0.944029093 0.539424837 0.754727125 0.216022104 0.255607903
    0.215239823 0.351434469 0.431114584 0.995276451 0.535666525
    0.351836681 0.609764516 0.337883472 0.560771346 0.92589283
    0.726916432 0.034954071 0.406873792 0.512158692 0.889160633
    0.771367967 0.793601394 0.920023382 0.337550998 0.902830124
    0.704639792 0.643336296 0.100831449 0.234620422 0.879269183
    0.577894986 0.474580169 0.70650816 0.594762206 0.311872452
    0.111502022 0.803532004 0.102939099 0.339510649 0.863895655
    0.139763951 0.963440537 0.291324139 0.6304245 0.823334217
    0.836259246 0.65634805 0.8804425 0.575135112 0.74677217 0.847559631
    0.574998558 0.633604348 0.149795473 0.450627148 0.280050844
    0.67269659 0.960028887 0.449619949 0.642685711 0.606050849
    0.805155277 0.705413997 0.781041026 0.713513494 0.99646765
    0.318564892 0.620265484 0.576795936 0.937608838 0.350019336
    0.917125106 0.445025921 0.207387418 0.262175262 0.998277366
    0.390331984 0.904351175 0.989270627 0.74013716 0.337261677
    0.79332006 0.534416735 0.889873087 0.0853409469 0.309924841
    0.697272003 0.737646043 0.194568723 0.368295431 0.327189088
    0.974338174 0.519674659 0.435921758 0.443052083 0.632741213
    0.574793041 0.0138072968 0.675545931 0.272219419 0.381134838
    0.894062161 0.253000617 0.886708498 0.935293555 0.167098105
    0.715595067 0.809506595 0.71231091 0.223139197 0.758006096
    0.937726557 0.544214427 0.507259548 0.4369798 0.3942222 0.7031973
    0.319257498 0.201419443 0.809434712 0.238723278 0.238273323
    0.454389453 0.37835294 0.697649479 0.521523476 0.774800062
    0.868834496 0.686076641 0.531061232 0.101226836 0.461206585
    0.96059227 0.522504568 0.0913801789 0.750440955 0.0205648243
    0.986327052 0.425999999 0.0614370406 0.0859132707 0.76719892
    0.796120763 0.143610507 0.628631949 0.780375302 0.107571095
    0.527964234 0.293700933 0.277803779 0.481523067 0.455987662
    0.406603128 0.122331798 0.10764581 0.233726054 0.604310513
    0.505667329 0.863072634 0.190487236 0.675293207 0.416795731
    0.226868421 0.607609749 0.141751826 0.680326283 0.440381765
    0.0118393898 0.439948857 0.343841136 0.709522963 0.905883074
    0.629969716 0.554780781 0.463369161 0.0340765119 0.149918795
    0.435807019 0.142105699 0.240914524 0.143113494 0.798286319
    0.552337646 0.513676524 0.744924664 0.35687387 0.906372726
    0.635341942 0.34828037 0.6872226 0.568195224 0.872892797 0.253904462
    0.245727062 0.607288718 0.557688117 0.567317367 0.288541913
    0.116391659 0.686906755 0.833042502 0.230808645 0.306943655
    0.264285564 0.911371469 0.300773948 0.818048298 0.0139632225
    0.282632709 0.44941175 0.526950955 0.797678113 0.331190437
    0.511783242 0.545095742 0.908031702 0.0454971492 0.573942244
    0.769669533 0.926523566 0.118862569 0.0736044645 0.602236629
    0.635440409 0.976295114 0.368540525 0.813572228 0.755441844
    0.875742555 0.94505614 0.459377885 0.467814445 0.194801033
    0.0877608061 0.390181631 0.0764904022 0.280792117 0.284322262
    0.801052451 0.352164865 0.574401617 0.235390127 0.723995447
    0.417418838 0.58299464 0.401767045 0.477441788 0.627515912
    0.650557637 0.0849007666 0.091222316 0.15132764 0.551763117
    0.343839705 0.481755674 0.101900071 0.777708411 0.826092362
    0.466251373 0.904203594 0.842248678 0.743084669 0.690906107
    0.298007131 0.448619187 0.744948387 0.84390229 0.533841908
    0.763416886 0.8724038 0.514695287 0.816552043 0.35034281 0.704635203
    0.406058788 0.0808132887 0.639054716 0.740600169 0.876217484
    0.696955979 0.423357904 0.0420763493 0.500497699 0.165070355
    0.95404613 0.159988135 0.0193021297 0.480590999 0.796795487
    0.868351817 0.596379459 0.950348437 0.488330156 0.432971954
    0.959692359 0.150003165 0.756988764 0.173208863 0.556925178
    0.525595784 0.263908803 0.0736445189 0.617952406 0.197588474
    0.723860621 0.177865118 0.932886124 0.140431881 0.8423388
    0.775495052 0.831884503 0.876378775 0.0797308385 0.132033348
    0.820649147 0.755245566 0.24757418 0.855206132 0.618159115
    0.739017546 0.087503016 0.178520918 0.195763111 0.00397476554
    0.532836616 0.813950419 0.60621506 0.513252616 0.740470588
    0.158200651 0.84377718 0.334222615 0.53062129 0.307568192 0.71825999
    0.212346047 0.885136008 0.486129612 0.831344604 0.427266896
    0.543391943 0.462076068 0.357094139 0.778708875 0.0630177259
    0.364550054 0.0506832302 0.145007223 0.0309368968 0.952119708
    0.0806949735 0.00516447425 0.0107218325 0.305667937 0.744137406
    0.638025105 0.831024528 0.0866404176 0.473093748 0.670799136
    0.955973387 0.168294668 0.344778806 0.825317204 0.673973322
    0.308289409 0.151242286 0.917396665 0.554477274 0.542592347
    0.812731266 0.0714111626 0.544822454 0.090426445 0.059002459
    0.879413486 0.0705300272 0.447635144 0.113462359 0.01990363
    0.233174235 0.493940949 0.298208088 0.817503273 0.15392679
    0.987097561 0.465184331 0.285482705 0.997294605 0.386108369
    0.431795567 0.460728973 0.069806993 0.591386497 0.924311399
    0.0290971696 0.799828053 0.598820329 0.0683410466 0.912771702
    0.940815806 0.206428826 0.362869948 0.704972208 0.679513216
    0.859441161 0.0521130264 0.110938787 0.746609807 0.410024256
    0.125162601 0.915781498 0.746114016 0.518865824 0.943340719
    0.739554286 0.659594953 0.304117501 0.158173472 0.724085271
    0.965745687 0.915444374 0.0536660254 0.906315744 0.723820269
    0.840888262 0.175189704 0.567337394 0.934537649 0.394767702
    0.751530528 0.807427168 0.132083654 0.1388354 0.48558256 0.164637715
    0.819399059 0.316336632 0.135917962 0.236828923 0.780826628
    0.593104601 0.674199462 0.919641733 0.839452863 0.38753292
    0.0690434277 0.971332192 0.66001296 0.590163529 0.227461278
    0.911634207 0.372641444 0.0720716119 0.858304799 0.38719058
    0.361209869 0.345147848 0.363369793 0.678695798 0.269357324
    0.0073839128 0.800211489 0.0517758131 0.109278917 0.051512301
    0.746095896 0.955285311 0.16479826 0.65509969 0.298719853
    0.181898445 0.970281124 0.566713989 0.00454249978 0.692582488
    0.927080929 0.910284638 0.752487123 0.514446795 0.220512003
    0.851089597 0.79389286 0.519080698 0.666141331 0.726118803
    0.723748565 0.00668209791 0.695037186 0.955632329 0.277722478
    0.14797318 0.139457434 0.840864182 0.516886771 0.263107628
    0.458419591 0.513714612 0.176919848 0.811867237 0.707100034
    0.669432044 0.326701105 0.0928790867 0.662698984 0.834783554
    0.926753163 0.136695445 0.95200032 0.196881682 0.64460814
    0.515353858 0.956963181 0.96027565 0.996877551 0.424048126
    0.0849517584 0.939882994 0.449193954 0.507267773 0.634785473
    0.958571613 0.358984768 0.74326992 0.170852304 0.10987702
    0.484467149 0.915468335 0.303183734 0.852860928 0.988469481
    0.723372221 0.766207576 0.0667817295 0.725836039 0.140518397
    0.375281304 0.472374499 0.494580984 0.0686933696 0.89050436
    0.777658761 0.607088208 0.37066415 0.550575197 0.0614357591
    0.550766289 0.554146051 0.791357875 0.560299993 0.0666391551
    0.222798586 0.254541337 0.848420382 0.0342032015 0.323140472
    0.90200758 0.769076228 0.00544095039 0.193892539 0.2508187
    0.954388022 0.0859413743 0.561214983 0.213670582 0.888605833
    0.564917743 0.922387004 0.705689907 0.332659602 0.391790181
    0.671457171 0.494520485 0.366665721 0.117880136 0.381845862
    0.697251022 0.678052485 0.284244061 0.78414458 0.421450555
    0.133104384 0.424887538 0.387870073 0.790949345 0.345571876
    0.422853827 0.342740774 0.657665253 0.590081215 0.371571302
    0.472005367 0.711369991 0.872755408 0.265613198 0.462986857
    0.130220264 0.358066738 0.236798316 0.5173195 0.590881169
    0.282496512 0.592901349 0.253705293 0.238158762 0.694639683
    0.928187966 0.402763963 0.373309046 0.60548979 0.777156234
    0.19786185 0.064178735 0.714728355 0.86059618 0.108720034
    0.924276054 0.00384736061 0.589996696 0.906923771 0.362993658
    0.316640764 0.79351002 0.299004555 0.911057711 0.666683197
    0.509603441 0.586744487 0.420447201 0.549705684 0.442808986
    0.945454836 0.633234799 0.632791698 0.331212342 0.195301145
    0.0910876691 0.647556782 0.0354277492 0.472546011 0.558128774
    0.00577786565 0.0595934093 0.465453595 0.0606283247 0.98605597
    0.542500079 0.0888312757 0.983753145 0.744321883 0.149757266
    0.234881371 0.517296135 0.469981283 0.527152181 0.486389011
    0.515924037 0.571667194 0.93631953 0.1900433 0.522632718 0.697514057
    0.923925519 0.621316791 0.661144376 0.137469202 0.433880717
    0.0939700603 0.500635266 0.32359314 0.094393909 0.929569483
    0.359701812 0.21918878 0.387592882 0.466642499 0.806525707
    0.410089612 0.682777286 0.191861987 0.325302005 0.0210238695
    0.988901913 0.38093555 0.389394224 0.676873803 0.505320132
    0.904384375 0.990466952 0.630756974 0.189567894 0.35939616
    0.813612819 0.513631165 0.357593209 0.99413383 0.120768249
    0.927203298 0.902097285 0.151734412 0.449949175 0.838010013
    0.706409574 0.138030678 0.460311055 0.611201644 0.537260473
    0.248365521 0.72755748 0.850540817 0.55437386 0.459185719
    0.0514788926 0.211974621 0.863573313 0.753114343 0.409885228
    0.472423226 0.581135511 0.376987696 0.367573917 0.0333211422
    0.855124712 0.0628827512 0.708258748 0.930764914 0.585064292
    0.941717386 0.132416338 0.519775569 0.453313351 0.0891112983
    0.0538820922 0.94755733 0.269655228 0.161117941 0.558359683
    0.864854038 0.10504055 0.507424295 0.0291739106 0.733385384
    0.279461801 0.899297774 0.618545592 0.796797037 0.899442315
    0.445133209 0.696146846 0.921329856 0.706944942 0.810285807
    0.978759646 0.716872513 0.719797611 0.0126663446 0.920970321
    0.645759344 0.338032603 0.587158263 0.00795158744 0.236852884
    0.891103923 0.656974852 0.4130041 0.222876012 0.257547736
    0.827002227 0.774117947 0.875321984 0.323445559 0.873030365
    0.0642014742 0.556864679 0.919819832 0.599592984 0.371732354
    0.874576867 0.0441833138 0.0724273622 0.339083254 0.775238752
    0.636503994 0.285275459 0.207336903 0.142258137 0.0860317051
    0.321164966 0.304320872 0.477775544 0.752762914 0.156890005
    0.0258305073 0.578279734 0.151693434 0.210351437 0.816917479
    0.212779075 0.165999234 0.260652542 0.149806142 0.832881749
    0.253825575 0.743349433 0.344287515 0.437790692 0.021545589
    0.171605617 0.915451646 0.247782558 0.696084499 0.340816766
    0.176419765 0.328051805 0.287439048 0.813076377 0.422448933
    0.543007612 0.746496916 0.679499149 0.319532871 0.478779644
    0.558716416 0.968155205 0.726923823 0.566972852 0.0570250452
    0.106006175 0.959468067 0.341052651 0.38971433 0.280206084
    0.833873451 0.546511173 0.24357444 0.305238575 0.0447368622
    0.331814587 0.334116161 0.238990992 0.83515656 0.937573969
    0.327023923 0.501860976 0.148035377 0.336910844 0.331125379
    0.957566142 0.734492779 0.101966679 0.268435389 0.711157501
    0.53901875 0.687121451 0.390508026 0.571442604 0.414562076
    0.282805324 0.719496787 0.961766005 0.940406084 0.946192503
    0.323410571 0.232910395 0.856390357 0.414419055 0.039334923
    0.00160884857 0.619847059 0.806023598 0.917452157 0.863738775
    0.730052054 0.453252912 0.402613252 0.903497219 0.291616827
    0.920339584 0.578813672 0.458745331 0.222594857 0.380229026
    0.962986708 0.443327308 0.308362484 0.308237016 0.573893547
    0.789089859 0.0820096731 0.0894491374 0.84689343 0.942734718
    0.867933393 0.433912605 0.0892738998 0.25848639 0.524875581
    0.00828051567 0.674642563 0.657509089 0.545639455 0.518145621
    0.395711958 0.907625496 0.50307548 0.121824831 0.439419389
    0.913680196 0.263932705 0.586150646 0.384118706 0.0964558721
    0.18021974 0.106744051 0.0300620794 0.604279518 0.067728132
    0.858099818 0.473152369 0.391954899 0.397130162 0.868519366
    0.986118197 0.4890607 0.87586844 0.083340019 0.652539849
    0.0284220874 0.831332564 0.117963016 0.885552227 0.876328886
    0.794900477 0.605665267 0.950633049 0.746475577 0.132713884
    0.343486696 0.968095064 0.23055914 0.661357999 0.170068711
    0.225536466 0.29426077 0.645129681 0.910307765 0.854632437
    0.609449923 0.0842337608 0.44130078 0.766907692 0.679331362
    0.509703457 0.262507439 0.0398296118 0.971509695 0.791968286
    0.383319616 0.901860893 0.865955412 0.772884965 0.106176019
    0.293513536 0.519238234 0.175545663 0.586888731 0.0575935543
    0.26601091 0.512483597 0.563690364 0.329765558 0.529759705
    0.991095662 0.428619146 0.687545717 0.553903997 0.948657095
    0.257874966 0.063765645 0.776321054 0.74723202 0.0148103833
    0.971106648 0.520819843 0.515588999 0.428539008 0.108914375
    0.186024159 0.0518616736 0.158361882 0.492545068 0.0777626932
    0.722709298 0.806662798 0.75347656 0.0796924531 0.67705375
    0.241868645 0.924476862 0.165352225 0.10603857 0.909023404
    0.146024734 0.939641058 0.506135643 0.649414718 0.897704184
    0.528398752 0.612913907 0.369452477 0.786226928 0.529016435
    0.891322255 0.673016071 0.475816846 0.954504907 0.915358841
    0.788201213 0.237426609 0.453184098 0.156488657 0.124558419
    0.095397085 0.234309703 0.532602072 0.284470081 0.986425281
    0.549861848 0.141285896 0.611114085 0.282217979 0.524231911
    0.389529675 0.0741572082 0.423037201 0.746043146 0.154881597
    0.634197295 0.675677538 0.432170153 0.724090636 0.668641567
    0.151874036 0.845187902 0.308648169 0.256551415 0.463041365
    0.494941026 0.382994592 0.454898566 0.163965017 0.0790694356
    0.772223115 0.63675046 0.824722648 0.794070005 0.460977376
    0.860565305 0.788984656 0.0620185137 0.0100543499 0.798181176
    0.980590463 0.658089578 0.420505315 0.427408516 0.848069966
    0.197793067 0.669359207 0.80129987 0.749075055 0.0491591096
    0.923120856 0.633055329 0.558441341 0.420172334 0.327228963
    0.699310064 0.899054587 0.557158887 0.0885332227 0.363474399
    0.854768753 0.262888849 0.921758533 0.150568724 0.424088717
    0.550142825 0.2297481 0.549529791 0.72837925 0.874256968
    0.0702174306 0.910008192 0.34537074 0.872882009 0.46626246
    0.0653335154 0.920865893 0.403731376 0.359538734 0.11067313
    0.803170204 0.77325803 0.0194261968 0.436079293 0.984869659
    0.217280418 0.849586368 0.0999928415 0.57485646 0.310933888
    0.424197376 0.180353373 0.857054889 0.395746052 0.926877856
    0.214682162 0.501161456 0.447369337 0.246525884 0.289503336
    0.552287698 0.925022542 0.649890542 0.934350908 0.155092329
    0.769250751 0.598256886 0.519792855 0.437941998 0.676377177
    0.6599015 0.248564124 0.866231799 0.0729559958 0.690440834
    0.207199425 0.524480045 0.703916371 0.310288072 0.960184574
    0.450017154 0.834412992 0.849636793 0.933982909 0.970175028
    0.528900683 0.432835132 0.834481835 0.754141927 0.457356215
    0.592144608 0.523116648 0.236737996 0.494821727 0.674388587
    0.174736172 0.864216924 0.116505027 0.797453761 0.944742203
    0.426460743 0.0680654645 0.764377356 0.930809498 0.152161747
    0.228022754 0.986910999 0.44331184 0.045787245 0.0645839274
    0.20844239 0.74141407 0.352376461 0.664277434 0.409409314
    0.0203628838 0.709431887 0.973924577 0.852333665 0.89673388
    0.231798887 0.710881412 0.777649522 0.631511509 0.986495733
    0.440343142 0.981850326 0.602811277 0.371497214 0.985925615
    0.602435648 0.817538381 0.621377289 0.0257622898 0.191243231
    0.0870464742 0.14671132 0.942771077 0.71718359 0.575830758
    0.142419279 0.784830451 0.898893237 0.703885436 0.529779017
    0.0960417986 0.906941175 0.278834701 0.048035115 0.436832428
    0.0484534502 0.830795288 0.470488608 0.412343383 0.372605622
    0.655517101 0.902439177 0.877816379 0.888729811 0.80666101
    0.429761946 0.594446719 0.716690302 0.0257327557 0.594073534
    0.762700319 0.46683836 0.407184213 0.851972282 0.90559876
    0.811544299 0.374530494 0.258639753 0.891743064 0.86461401
    0.0795314014 0.845719814 0.254883647 0.0251750052 0.184116453
    0.943078756 0.278625011 0.492664188 0.911777616 0.642578304
    0.325641632 0.0413146019 0.227588236 0.233561426 0.440024436
    0.943901539 0.314322352 0.66280514 0.218333662 0.11203891
    0.620214462 0.875572324 0.447503477 0.0565544963 0.604524374
    0.768091083 0.0308761299 0.546363175 0.270758152 0.000125139952
    0.820163131 0.444458246 0.862430573 0.593986332 0.543981671
    0.0605493486 0.348351538 0.135562897 0.377942741 0.947141647
    0.76059258 0.541480958 0.957758307 0.246504098 0.585645616
    0.44195804 0.563482344 0.904725194 0.329910755 0.723336637
    0.607583642 0.805477738 0.491361797 0.221878856 0.845222175
    0.262860417 0.622567534 0.763375998 0.372645259 0.806639433
    0.321248263 0.396443784 0.657715678 0.144238621 0.633084714
    0.778206587 0.700363755 0.253369212 0.493642479 0.525436163
    0.6911484 0.781498134 0.823759913 0.832336068 0.68755734 0.587750196
    0.976028681 0.707789063 0.898433089 0.664596379 0.0534648597
    0.420930266 0.836536169 0.0943803191 0.278546154 0.665005207
    0.866996765 0.484523356 0.563766956 0.505316377 0.925048232
    0.569019198 0.74829942 0.0137008131 0.408681124 0.338382483
    0.192754984 0.577988863 0.726779461 0.609189332 0.948151469
    0.634292245 0.458348274 0.521464884 0.421612442 0.615729809
    0.867984295 0.509550214 0.278374165 0.571854293 0.394197553
    0.600747883 0.42824024 0.799724221 0.320239693 0.240810812
    0.269228935 0.150813818 0.730293036 0.861081779 0.849336565
    0.589261472 0.640682697 0.131996661 0.87090528 0.7448107 0.893587887
    0.656545639 0.502232015 0.08103773 0.392311424 0.428720653
    0.988795638 0.234730244 0.920875072 0.819626451 0.418353081
    0.759103954 0.703670621 0.573686481 0.753973007 0.519595861
    0.286815703 0.699501276 0.717679977 0.99640274 0.376633435
    0.525161266 0.0771528184 0.623049676 0.974670887 0.670294344
    0.806342363 0.340095401 0.220276624 0.404814184 0.310590565
    0.356859475 0.26596874 0.681403279 0.563249946 0.817340255
    0.938147008 0.904355228 0.357634008 0.283251941 0.662804902
    0.409096003 0.179266661 0.994528055 0.33454299 0.828048706
    0.565983474 0.0674023628 0.0811111629 0.291177392 0.534113467
    0.226143181 0.442858756 0.321271896 0.066298902 0.932403684
    0.707004189 0.0601562262 0.0328709781 0.218349427 0.235624641
    0.00575965643 0.832329035 0.584090531 0.295964122 0.620250463
    0.520485938 0.97320962 0.558027685 0.858756602 0.643508434
    0.576353669 0.883380771 0.736806631 0.446487159 0.614700973
    0.585101485 0.837227881 0.492558002 0.952208757 0.352629662
    0.362142056 0.548472941 0.11953482 0.986502409 0.248328507
    0.916654229 0.635918021 0.493202597 0.997044802 0.63553369
    0.890534401 0.877974153 0.681875169 0.145750463 0.122857392
    0.538112044 0.732255995 0.338457078 0.172166735 0.327999443
    0.884151042 0.414078683 0.966013908 0.770597398 0.618477345
    0.016233027 0.830993891 0.428040534 0.814899206 0.303735137
    0.25602749 0.404968679 0.591573 0.882795751 0.505483031 0.720265925
    0.303802252 0.845652819 0.504170001 0.948846757 0.511272788
    0.26010555 0.364595473 0.798327029 0.605420172 0.134777814
    0.904070616 0.721125007 0.755143166 0.582699716 0.84976542
    0.713906467 0.398182452 0.978173971 0.538558483 0.119528681
    0.83630234 0.927673697 0.11564377 0.362239718 0.686289966
    0.491862208 0.723715544 0.908528328 0.777425528 0.504071355
    0.220936835 0.494010776 0.0803426802 0.214910448 0.797306061
    0.690380096 0.423131675 0.342566758 0.502690852 0.89882648
    0.661157131 0.21167329 0.750451446 0.836152554 0.883583426
    0.752103329 0.128558576 0.207337856 0.0730977058 0.610508084
    0.574141383 0.806021214 0.966928482 0.553353429 0.665208638
    0.29807654 0.125080049 0.996144652 0.828564405 0.815488815
    0.546881199 0.905805945 0.101041913 0.448498696 0.0494558811
    0.699703515 0.463751256 0.35339433 0.774645209 0.699972034
    0.685246646 0.377977967 0.147825152 0.0661454499 0.973448992
    0.495650887 0.548261225 0.181455582 0.53764987 0.710093737
    0.611884952 0.384712398 0.45124194 0.36937955 0.502410173
    0.919419765 0.343699038 0.337141037 0.620496988 0.380675167
    0.187486351 0.587366343 0.554396927 0.0580534637 0.722803533
    0.038354516 0.176024497 0.649407387 0.0596098304 0.758334398
    0.956706882 0.0685810149 0.422245681 0.217581421 0.555661857
    0.131131858 0.348570615 0.608503997 0.499031514 0.00291699171
    0.191249549 0.130658329 0.412347496 0.975727201 0.184733301
    0.177226394 0.532180846 0.499007106 0.744647563 0.896721542
    0.20892787 0.744375706 0.560385525 0.514567256 0.261499763
    0.614368141 0.480096221 0.823320329 0.210505784 0.732113957
    0.0952614844 0.15810737 0.44178617 0.270151734 0.311547339
    0.537593842 0.115189254 0.872303128 0.285630137 0.478239298
    0.256028056 0.65255475 0.126069337 0.902748585 0.533706307
    0.942474484 0.430099785 0.789705515 0.699199557 0.713213563
    0.333644032 0.902604938 0.307851017 0.815132916 0.195668131
    0.244491547 0.0127127171 0.732660234 0.328111172 0.167500526
    0.497950345 0.509713769 0.0756957233 0.626784384 0.555974007
    0.957930923 0.531844974 0.910569131 0.730810344 0.407245636
    0.385331392 0.29793036 0.26938802 0.277841389 0.968557358
    0.0795509815 0.31436184 0.862919629 0.18837598 0.411720127
    0.803724408 0.510814726 0.517475307 0.30929637 0.490688086
    0.42518419 0.670197606 0.35073778 0.286070436 0.847988904
    0.258083344 0.714238822 0.592844129 0.517363846 0.731616318
    0.0521230996 0.499781191 0.471248806 0.135272324 0.815916777
    0.5524351 0.546589494 0.718596339 0.525535703 0.865161002
    0.724646688 0.0255324244 0.795841813 0.29804793 0.0985455811
    0.853656173 0.330812097 0.137809217 0.242970586 0.513181627
    0.336626202 0.854021788 0.88602072 0.0706309974 0.777059436
    0.0572666824 0.886948407 0.354140162 0.223038197 0.420775294
    0.713254929 0.927105665 0.567932189 0.84408021 0.767841637
    0.610431612 0.297461987 0.745278358 0.10597232 0.167619497
    0.349301338 0.671109021 0.950448632 0.477909893 0.391405076
    0.491532236 0.0593935847 0.293755144 0.0214751065 0.998132706
    0.883218169 0.250831395 0.635241866 0.530278385 0.251903892
    0.391252041 0.999525905 0.524024367 0.624466777 0.818397284
    0.0818742216 0.223603904 0.809423327 0.214624494 0.104007661
    0.16204533 0.973577499 0.0306095481 0.483829647 0.731099665
    0.23399961 0.803856254 0.612027347 0.244158506 0.862481594
    0.863075137 0.960844874 0.684005618 0.427643657 0.0559283495
    0.284452498 0.722983897 0.661939144 0.76905787 0.0284595191
    0.802298725 0.824717283 0.67216152 0.861554682 0.957656264
    0.198934138 0.95671761 0.21213904 0.670853138 0.481919765
    0.316409111 0.411104798 0.537085474 0.874835789 0.799834251
    0.531254113 0.735758722 0.536818981 0.754178226 0.16810444
    0.946124315 0.710094869 0.952075064 0.946716547 0.947149277
    0.489434838 0.267099559 0.7663939 0.548605621 0.132437885
    0.738611937 0.480995804 0.892806351 0.259313136 0.710093617
    0.724968076 0.357486069 0.251611024 0.556125522 0.946712852
    0.422993988 0.139808327 0.000254750252 0.838300467 0.756481409
    0.712383091 0.71984154 0.920471191 0.554421902 0.976137817
    0.435842872 0.575531542 0.527939022 0.404933691 0.480184525
    0.721534133 0.899906516 0.714283288 0.777121902 0.925830424
    0.392155677 0.619547606 0.459655911 0.438638598 0.83087492
    0.682714581 0.756086826 0.0848577619 0.788835049 0.0379908085
    0.749564826 0.97182405 0.103200823 0.0106613338 0.202825993
    0.703486919 0.248191386 0.0256489813 0.464760661 0.0116530061
    0.807848334 0.687139034 0.659704149 0.288878798 0.69819659
    0.26331234 0.608200431 0.483390123 0.390277743 0.0858725905
    0.702015638 0.223512083 0.552043557 0.0917082429 0.960880518
    0.123563141 0.247241348 0.555288315 0.416231513 0.463584632
    0.0825239718 0.535411775 0.112919003 0.998716235 0.873097658
    0.0490432978 0.704008281 0.049115181 0.0298296511 0.91997838
    0.717728019 0.267669797 0.218161315 0.749494731 0.568086267
    0.886106312 0.382365167 0.942075372 0.0782259107 0.633268476
    0.0520243049 0.392188638 0.0934288204 0.205109507 0.293749839
    0.913289011 0.0583273768 0.910502195 0.576652169 0.87541461
    0.515065074 0.837547123 0.50732851 0.354460657 0.925992846
    0.0422764421 0.715261698 0.140724003 0.902984977 0.693948686
    0.455909044 0.113161743 0.20333302 0.0235774219 0.183206856
    0.365943372 0.847810984 0.419081569 0.40733996 0.796770453
    0.65449053 0.543553054 0.320032328 0.969064057 0.432237238
    0.416104734 0.324435532 0.170479774 0.324769378 0.675524473
    0.892890096 0.0617189407 0.798999488 0.730378211 0.0432544351
    0.589913487 0.956161797 0.435377926 0.204470277 0.216166943
    0.461979896 0.559448302 0.748821259 0.847131968 0.615673661
    0.971499324 0.936002791 0.986673951 0.711068869 0.0482580364
    0.536492944 0.535582483 0.265797555 0.854382336 0.157153845
    0.723796248 0.599485517 0.630095363 0.239881128 0.520958781
    0.791986465 0.371739775 0.0393763483 0.167472512 0.933137894
    0.040006876 0.606660306 0.00978562236 0.454917312 0.159012228
    0.470230222 0.121498168 0.106391579 0.187113941 0.710855007
    0.986755669 0.562132418 0.888398528 0.579337418 0.798162818
    0.659306049 0.974746525 0.699500442 0.951262832 0.614260852
    0.396795362 0.893321991 0.421539992 0.800510168 0.503367841
    0.879698753 0.147801816 0.525147974 0.91188854 0.76908052 0.90381366
    0.486583233 0.790806293 0.883877635 0.889582396 0.310376763
    0.0326631367 0.636512995 0.835077167 0.332214057 0.914402962
    0.222113758 0.0666241348 0.468787134 0.994859099 0.782995224
    0.27410984 0.369684041 0.734751344 0.0675252378 0.500709295
    0.336788952 0.0793690383 0.283245683 0.639378786 0.376415104
    0.656199813 0.975419223 0.288603246 0.420112073 0.0424408019
    0.23565346 0.704260945 0.768295884 0.444014251 0.0702982247
    0.786211848 0.292704821 0.950384021 0.954118669 0.56226337
    0.513085425 0.375228047 0.962683201 0.571421027 0.39497456
    0.71244514 0.794276834 0.724364996 0.501176059 0.213161439
    0.0929276943 0.92802155 0.510214984 0.115039825 0.312082708
    0.165009171 0.0893637538 0.62627393 0.805749297 0.319824159
    0.00873401761 0.864713907 0.455454975 0.719959915 0.808462739
    0.0144235492 0.648957908 0.321512103 0.358436257 0.387383819
    0.550545573 0.962090135 0.432738334 0.327120423 0.73534292
    0.53448689 0.17451629 0.192700535 0.504493594 0.986320257
    0.635353804 0.0928713977 0.627287805 0.420214653 0.134286642
    0.0612013936 0.109447449 0.555367112 0.796736717 0.294905424
    0.140929013 0.706676722 0.620526075 0.0837156177 0.98978436
    0.536748648 0.0662422478 0.974531651 0.447259843 0.612975895
    0.830886126 0.309989929 0.804195285 0.12399739 0.174031585
    0.33028689 0.130229682 0.502383947 0.499064505 0.161338866
    0.315313697 0.190201253 0.0143630803 0.095775485 0.745418966
    0.614828825 0.809943438 0.0711343288 0.633705616 0.188609719
    0.475150049 0.28708455 0.962458134 0.31227234 0.255436927
    0.446070522 0.481379032 0.159959108 0.281493783 0.113030702
    0.127587676 0.0777791739 0.0119380951 0.726471066 0.557173252
    0.0502182245 0.0353300273 0.399196446 0.695626676 0.843876362
    0.324279428 0.622698426 0.712183416 0.750079691 0.16274932
    0.515914083 0.666204333 0.926689804 0.405080944 0.24248606
    0.62819612 0.606066227 0.244551927 0.56562078 0.00638529658
    0.0167280734 0.56907022 0.543455958 0.129635543 0.0080896616
    0.884228945 0.332542419 0.0178249478 0.678670406 0.0588811338
    0.905512691 0.986091554 0.603919387 0.386220783 0.214995772
    0.751074255 0.672660828 0.552984238 0.713356197 0.222008824
    0.630679786 0.186954647 0.342244625 0.122909099 0.0414392948
    0.353694916 0.341797829 0.236438006 0.548493803 0.44806388
    0.690989852 0.174117744 0.824038506 0.786548257 0.290062249
    0.230450064 0.219880521 0.99176836 0.356177598 0.719381928
    0.869867206 0.788062274 0.114313543 0.849449694 0.365091324
    0.891374111 0.1167472 0.661069274 0.0595983267 0.164917171
    0.181067497 0.222627223 0.228681624 0.3530837 0.972384036
    0.576378345 0.954351068 0.887898803 0.830334067 0.289673567
    0.428278267 0.982842445 0.645334125 0.95525527 0.819275141
    0.951565266 0.742224753 0.960787654 0.897665858 0.1331532
    0.796280146 0.469691932 0.0120268762 0.673853874 0.319943428
    0.641865849 0.40077877 0.758330822 0.884820402 0.375250727
    0.203072101 0.812952757 0.693484128 0.626345456 0.486583978
    0.162560761 0.325480789 0.684373796 0.722973704 0.286009192
    0.249759465 0.461517304 0.656668186 0.403322041 0.251609623
    0.176200867 0.943258524 0.260842294 0.761596918 0.722159207
    0.264325976 0.40082413 0.029579252 0.104860038 0.221483737
    0.643530011 0.0133325756 0.844530106 0.789595783 0.34918201
    0.631009102 0.905759096 0.262958705 0.76854527 0.718034387
    0.472562999 0.757864475 0.965052843 0.452291995 0.139580727
    0.426635385 0.346546173 0.236648947 0.0101060271 0.490950704
    0.386030853 0.779112697 0.766137838 0.0346901417 0.0501172841
    0.0589128435 0.717004538 0.84817946 0.511974514 0.671330929
    0.909866214 0.706620991 0.400624573 0.599520504 0.113063782
    0.434784204 0.357897043 0.567846417 0.781257749 0.928995371
    0.149954379 0.0618887544 0.262180328 0.600778997 0.487444162
    0.177628249 0.146120399 0.00176230073 0.271229029 0.584870875
    0.611391544 0.102175742 0.439780563 0.0153241158 0.687317133
    0.316202164 0.227331966 0.467662871 0.30968532 0.644168377
    0.460854769 0.664332867 0.93663162 0.979764462 0.181233943
    0.660978436 0.9525249 0.239988655 0.99750793 0.213998795
    0.0828791261 0.405312657 0.745604098 0.00630006194 0.0549259782
    0.20531249 0.687772632 0.0266923606 0.3976596 0.835814953
    0.139233053 0.275846422 0.0505523086 0.739104033 0.508395076
    0.962161005 0.553242326 0.277678251 0.339047343 0.642203629
    0.353717238 0.227802217 0.194734156 0.102810353 0.135737181
    0.588996708 0.270465821 0.937459648 0.145653665 0.473552197
    0.636532307 0.909247398 0.82547009 0.358369172 0.348105073
    0.305283666 0.219000071 0.143619031 0.413929105 0.731162846
    0.900025129 0.186293632 0.90862453 0.706325591 0.209310442
    0.176282167 0.998807609 0.939585507 0.809531212 0.679568827
    0.342332184 0.937956691 0.175521135 0.346413851 0.706461906
    0.629180014 0.995283723 0.967826128 0.578830063 0.380840838
    0.667244792 0.166353941 0.683701873 0.106570393 0.940199494
    0.97864747 0.732513666 0.223153979 0.487124413 0.292335451
    0.0377276242 0.269864798 0.193015695 0.930012226 0.391144931
    0.803826928 0.521482766 0.427788258 0.102114707 0.473993093
    0.732566774 0.71052897 0.934828997 0.221709639 0.414941549
    0.503044903 0.893922567 0.571236551 0.203573257 0.409981579
    0.919070721 0.831823945 0.0276731849 0.940303802 0.722966433
    0.841858387 0.706262827 0.567950785 0.398149878 0.61137265
    0.610028148 0.503395081 0.703047693 0.964938581 0.679849446
    0.400246471 0.618243814 0.268294781 0.746955991 0.832619667
    0.414680302 0.811937571 0.322832227 0.98474288 0.387795031
    0.295034736 0.498050511 0.0370272994 0.0234885812 0.876554728
    0.103208721 0.178173482 0.831464887 0.490626842 0.488490075
    0.312631875 0.621523023 0.174553841 0.116815686 0.977534294
    0.57086426 0.231898159 0.841516852 0.817002892 0.852723598
    0.759953022 0.502563894 0.267053068 0.679538012 0.380555153
    0.601959527 0.422596097 0.495252162 0.236709476 0.597151935
    0.660921216 0.654412389 0.0735843778 0.829441071 0.0291549563
    0.943210006 0.112229347 0.117510587 0.863860965 0.452999383
    0.131331295 0.82675004 0.183854491 0.43732357 0.899322927
    0.535471201 0.248319834 0.935947955 0.82193619 0.0419061184
    0.729226053 0.197943896 0.269895077 0.585944891 0.0815164447
    0.0212587416 0.560999215 0.761071444 0.579415441 0.666457593
    0.788556457 0.567575812 0.767497778 0.183131516 0.81183058
    0.528253436 0.324978679 0.700617671 0.154108971 0.829744577
    0.51938808 0.692569733 0.527049899 0.174172759 0.932569504
    0.0975264609 0.100280076 0.0841857493 0.410233587 0.101722509
    0.27685824 0.142768085 0.47850582 0.100733876 0.0778947175
    0.000410676003 0.513521075 0.179407716 0.476902366 0.0398527384
    0.432503641 0.517203867 0.518541813 0.895519614 0.826886177
    0.879270732 0.83154887 0.382340103 0.923363566 0.324032247
    0.942549467 0.0469334126 0.32464546 0.11743772 0.401052684
    0.784627318 0.283022642 0.330586761 0.906222165 0.675849497
    0.067903161 0.0201534033 0.53333962 0.909699738 0.95424366
    0.508830607 0.0582154989 0.458939075 0.677499831 0.927459717
    0.545682073 0.150582969 0.780742466 0.678610802 0.197736204
    0.471590787 0.597666442 0.397789985 0.540169358 0.875629604
    0.133886814 0.993339002 0.819735169 0.214936256 0.363196701
    0.537888408 0.526189387 0.928655744 0.0198980272 0.445318669
    0.236474842 0.91234684 0.598950505 0.402943909 0.0566237569
    0.673296809 0.73503983 0.890443325 0.453049779 0.931734562
    0.250702977 0.218725085 0.220089525 0.26711005 0.296994328
    0.402964592 0.805201769 0.785086989 0.873324752 0.946262836
    0.189290524 0.951780677 0.066513896 0.80634582 0.60154748
    0.932385504 0.917173147 0.372054398 0.568880737 0.269313365
    0.172436327 0.9049986 0.0511364043 0.117463171 0.622887969
    0.0158859193 0.0591644347 0.551826775 0.335181266 0.664554298
    0.969373226 0.974157929 0.0835016966 0.0734956861 0.172740191
    0.854482174 0.320708156 0.921850801 0.0508932769 0.367131144
    0.353327841 0.357815742 0.576657534 0.92540431 0.826260805
    0.251596272 0.758758068 0.207823843 0.652435839 0.0455161631
    0.675464272 0.718099594 0.235857934 0.220533788 0.201683491
    0.967762053 0.362046331 0.431504011 0.670712113 0.802729666
    0.238417566 0.146772176 0.954126477 0.614249647 0.609579742
    0.652225554 0.221235007 0.0688742995 0.895864487 0.486076236
    0.263582826 0.488749832 0.18385306 0.893159032 0.985848784
    0.669614375 0.836231947 0.28523767 0.543270528 0.920077682
    0.63464576 0.18348375 0.571438491 0.7353881 0.180754215 0.879595876
    0.767607212 0.150321811 0.29848814 0.157715678 0.261896729
    0.919714451 0.39322418 0.427177399 0.247498333 0.125974745
    0.0467374921 0.048951447 0.858227253 0.98978287 0.823800981
    0.117324054 0.612241387 0.696231484 0.742327213 0.0749134719
    0.800253034 0.0310325325 0.928920984 0.448411375 0.778546214
    0.463892788 0.85370189 0.478976935 0.557631075 0.118873745
    0.898216188 0.152562916 0.579174399 0.24641794 0.6689412 0.639090359
    0.0146263242 0.322669864 0.977910995 0.571969509 0.147191912
    0.39493832 0.484030515 0.815291643 0.736533821 0.00101357698
    0.584263444 0.882010639 0.258427858 0.875655413 0.6792835 0.7251333
    0.228322804 0.37960732 0.263708234 0.257508993 0.557972968
    0.619104624 0.964765668 0.813920379 0.500699341 0.770449519
    0.226065427 0.945240378 0.900440991 0.449212492 0.412931204
    0.229478806 0.676002741 0.492553145 0.313901126 0.946587086
    0.498028219 0.0356443524 0.821164727 0.176194668 0.714366615
    0.801774025 0.430327594 0.119909912 0.990089178 0.485858321
    0.231661141 0.642461836 0.512238562 0.965495467 0.413775533
    0.0887627602 0.236350328 0.651589215 0.821697712 0.554266512
    0.5532341 0.56190443 0.806975722 0.339913458 0.709559441 0.433642328
    0.866145492 0.656533778 0.507731616 0.00386020541 0.332957029
    0.838039398 0.419946313 0.801459491 0.199638158 0.42092371
    0.743072391 0.968214273 0.376405984 0.425296009 0.129529715
    0.30184114 0.818474889 0.820912957 0.114510894 0.247106671
    0.780929029 0.654624462 0.257272542 0.265526891 0.120836347
    0.0507723689 0.596244872 0.0655140281 0.222047836 0.817644119
    0.107371032 0.327289343 0.343614519 0.537968814 0.134626716
    0.946089685 0.119302213 0.577554584 0.606435418 0.649960458
    0.642077684 0.529158413 0.913300276 0.843686938 0.580870628
    0.440436602 0.348570883 0.326828063 0.48380819 0.0299705267
    0.0430412292 0.379166126 0.0994305909 0.249056458 0.236926138
    0.15886575 0.314058542 0.0315771699 0.221041143 0.224052459
    0.901872516 0.68764478 0.833771944 0.240071297 0.400619745
    0.544003189 0.77591002 0.696793735 0.798276365 0.583800554
    0.518043101 0.764823079 0.561417758 0.0121091604 0.337191939
    0.298012137 0.119084507 0.057824105 0.849874496 0.0514719784
    0.504594862 0.924550116 0.0261145234 0.828581691 0.34849903
    0.971834302 0.700017869 0.407150149 0.267020881 0.150205761
    0.0572990179 0.787804127 0.555567384 0.683789313 0.783051789
    0.917954564 0.720690012 0.349880338 0.926596999 0.335809261
    0.702382743 0.734740376 0.981581271 0.320607245 0.972360134
    0.34280321 0.0412577391 0.846727788 0.285658538 0.0125779212
    0.51045382 0.35213846 0.785299897 0.30221191 0.195886046 0.659084439
    0.316262126 0.71718061 0.0705671608 0.547541201 0.853335142
    0.649052203 0.632760346 0.955592394 0.499026179 0.298645616
    0.518770397 0.0972112417 0.0275010765 0.845973969 0.962389708
    0.396431088 0.357219219 0.221221447 0.816733122 0.891960084
    0.575434089 0.0459434986 0.381307989 0.360741496 0.479258209
    0.647897542 0.912208498 0.880157351 0.97492218 0.822153389
    0.260012805 0.0912421048 0.1942105 0.879217803 0.466621459
    0.608168125 0.725587964 0.469422996 0.840716541 0.425839156
    0.878698111 0.311399609 0.863430083 0.0371593833 0.948609471
    0.341698617 0.252247214 0.231959134 0.621784866 0.341083616
    0.0254799426 0.833016157 0.421229601 0.0363412797 0.625496328
    0.0753169656 0.75859797 0.331333697 0.168463618 0.908442259
    0.0601427555 0.270822257 0.223449707 0.682867885 0.401373267
    0.560102105 0.454940796 0.156168371 0.68087399 0.937322497
    0.469492167 0.330368936 0.245646626 0.0849617422 0.0893018842
    0.625544071 0.851927996 0.934208751 0.422162205 0.13282299
    0.208651572 0.685031354 0.523451149 0.373077989 0.731792569
    0.292738974 0.0760827959 0.514444411 0.235765487 0.291906893
    0.393810481 0.412910581 0.567673087 0.980392694 0.84766221
    0.721050739 0.063523978 0.099155724 0.870409012 0.853859425
    0.352338254 0.0874814987 0.902683198 0.265311956 0.216972768
    0.136782527 0.560327709 0.899970472 0.0900125504 0.729679108
    0.533539295 0.412161231 0.691069126 0.573035002 0.114641517
    0.178108752 0.12659061 0.660590053 0.56614238 0.476099998
    0.886947632 0.241268843 0.0243304074 0.365613222 0.785211265
    0.004227072 0.914096355 0.736917198 0.510271788 0.747844875
    0.995141268 0.068105191 0.675653875 0.00934407115 0.809322476
    0.905832887 0.81873858 0.200653821 0.685532868 0.438586146
    0.187156469 0.244223446 0.426731497 0.0730858147 0.606428206
    0.474448264 0.210349798 0.865184307 0.443191141 0.831186056
    0.240943432 0.806883276 0.239638805 0.0557387769 0.684058785
    0.175988972 0.217137754 0.391095847 0.117666602 0.543109477
    0.488035887 0.674916446 0.653572619 0.214722693 0.698357999
    0.189507127 0.991687 0.558592558 0.0345946252 0.608992517
    0.564198494 0.343197763 0.635579288 0.00672969222 0.926423669
    0.659638047 0.441817224 0.607268035 0.889482498 0.507123113
    0.704535782 0.434547931 0.000744789839 0.475900918 0.126105368
    0.529777586 0.0764283538 0.234096169 0.257436931 0.386833072
    0.37007007 0.791402936 0.388788193 0.21897471 0.777165473 0.7172966
    0.263257504 0.770255327 0.993335009 0.514189243 0.826888323
    0.184343666 0.773677349 0.290661454 0.544111252 0.970093727
    0.416993737 0.116336882 0.5061028 0.90456301 0.393081099 0.338923633
    0.576791525 0.552663207 0.68626374 0.335989892 0.320034236
    0.630579829 0.714704752 0.511695862 0.321792126 0.470790625
    0.109826535 0.387026906 0.257250786 0.204925537 0.522042811
    0.257111728 0.190945536 0.862369537 0.286525726 0.915587783
    0.975138843 0.0183549225 0.032109946 0.363929689 0.919276476
    0.636634052 0.519294202 0.225993127 0.356198907 0.222358972
    0.686962306 0.675349951 0.65111804 0.265259922 0.541345119
    0.911159277 0.276792765 0.143613577 0.390158147 0.089102596
    0.812699378 0.132046819 0.913434982 0.767936707 0.364676893
    0.0036881268 0.145381898 0.734345794 0.297907621 0.691628993
    0.0339917243 0.546878219 0.736775815 0.410567403 0.811560273
    0.984082878 0.436764181 0.811194539 0.790251851 0.130013198
    0.980961323 0.213243067 0.319406271 0.931998134 0.0369452536
    0.132202297 0.0393948853 0.819202185 0.902777076 0.25285244
    0.259033084 0.778151393 0.964592457 0.210129082 0.764127254
    0.328109086 0.866287172 0.537831366 0.724317193 0.612080276
    0.522759259 0.499568611 0.724725485 0.214084685 0.0424083173
    0.848896265 0.2516343 0.631545305 0.59855175 0.438103497
    0.0919809043 0.731288195 0.2364977 0.840661645 0.947821021
    0.413374692 0.413418651 0.926442802 0.50759393 0.208611071
    0.134657294 0.708618999 0.190335006 0.809322536 0.841751873
    0.714941263 0.485523909 0.868031204 0.522276461 0.449702859
    0.909242749 0.427302003 0.21399039 0.315480322 0.0891661942
    0.691851735 0.706035376 0.924661517 0.999811411 0.795855761
    0.48320961 0.306266189 0.989403188 0.40831387 0.908801198
    0.580479801 0.140180469 0.408356249 0.253557444 0.57025218
    0.812546611 0.0739389956 0.288893759 0.00847491622 0.979789138
    0.394628465 0.116997808 0.383857161 0.424131691 0.179083884
    0.757426858 0.488247424 0.63076508 0.283980489 0.101673931
    0.75005734 0.0216933787 0.986302614 0.0301894248 0.706807315
    0.409964979 0.8138116 0.085639745 0.814308465 0.471687555
    0.243463188 0.592151165 0.310652614 0.507940531 0.370442271
    0.349931479 0.668623209 0.55566299 0.968845606 0.310330391
    0.620937169 0.553957999 0.000181943178 0.00308969617 0.142228156
    0.708068669 0.485650986 0.996081293 0.0623142421 0.551505208
    0.630574405 0.80346185 0.657100737 0.725282192 0.784582853
    0.673484921 0.665573239 0.525616467 0.86155951 0.903837502
    0.618248165 0.164241105 0.627532482 0.271870524 0.795873523
    0.293051034 0.41345793 0.711561739 0.601415932 0.496774733
    0.750184298 0.468960971 0.433541596 0.3035748 0.345670432 0.15173468
    0.206291586 0.911208868 0.296335101 0.487017602 0.229906321
    0.360686898 0.223464459 0.445248783 0.904406548 0.671190381
    0.0126092434 0.275269032 0.862980485 0.592411757 0.412709832
    0.157841414 0.421454787 0.801556468 0.446053743 0.248261303
    0.520132601 0.96433115 0.556611061 0.505437434 0.377832741
    0.955838323 0.657929301 0.527518749 0.230546951 0.598908007
    0.771483898 0.856860459 0.494223237 0.194730103 0.402894557
    0.222437531 0.954458117 0.0891102552 0.205428243 0.234651774
    0.220242858 0.217382759 0.517050982 0.960934877 0.048258692
    0.592627406 0.246783733 0.53916347 0.115501016 0.18358025
    0.0615862906 0.34086591 0.955028534 0.903274 0.760020375 0.551832139
    0.209747523 0.442474604 0.522316456 0.299761117 0.193080693
    0.639108062 0.335449159 0.792745292 0.72655642 0.675338745
    0.106157601 0.688986778 0.219073951 0.0586645305 0.632436454
    0.0174927115 0.485622823 0.848546684 0.116242617 0.671111703
    0.652688026 0.808558226 0.648637891 0.395035625 0.550127745
    0.799780726 0.743984878 0.0135451555 0.0257226229 0.30456984
    0.678150356 0.229882121 0.626074731 0.839891732 0.616572857
    0.973611414 0.118339628 0.452932119 0.865718722 0.798741579
    0.604527652 0.407568067 0.257978261 0.78988266 0.923714638
    0.0815333128 0.573087096 0.931640267 0.68633163 0.238350898
    0.0271787345 0.54017055 0.709935308 0.602796078 0.694669425
    0.354807705 0.332666337 0.880816579 0.954138756 0.36564225
    0.483796209 0.17787993 0.807969987 0.723539889 0.677981257
    0.637120962 0.333668232 0.964760065 0.743446529 0.049072057
    0.442691535 0.101489753 0.0468790829 0.876358628 0.115882844
    0.548849821 0.18277052 0.0112769306 0.787006795 0.450052738
    0.972504675 0.913710833 0.742324591 0.781525552 0.286478281
    0.109035879 0.759370506 0.269170016 0.50382036 0.821297884
    0.262208611 0.703948557 0.941666126 0.426557213 0.327859998
    0.250692368 0.0110241473 0.0637060106 0.717996359 0.70064348
    0.509252131 0.388087571 0.776289225 0.0506567359 0.725464821
    0.254467666 0.325741231 0.65511781 0.395591497 0.144284993
    0.652836323 0.55482769 0.68242681 0.323499739 0.60614121 0.102351457
    0.193100512 0.654528797 0.554487407 0.227111667 0.885223627
    0.812191248 0.103340924 0.245011985 0.853657246 0.171994835
    0.00675278902 0.122977763 0.987310886 0.374423236 0.378754556
    0.740104556 0.422441453 0.792166471 0.469166249 0.953210771
    0.638007045 0.280003488 0.918941259 0.264510691 0.46719873
    0.732394814 0.518366098 0.771745324 0.261335224 0.590507925
    0.653765082 0.799384356 0.938348055 0.302091956 0.461928517
    0.691147268 0.140557468 0.0699896216 0.215072155 0.0846300125
    0.316374242 0.0228556097 0.949434221 0.0164570212 0.0161204636
    0.647229314 0.43934992 0.293159962 0.688941181 0.317060649
    0.938144207 0.627038956 0.85188216 0.528775096 0.948239326
    0.376622856 0.467341483 0.642358541 0.608421385 0.178144842
    0.0140812993 0.927286386 0.144332051 0.135739893 0.957188189
    0.146819472 0.306032479 0.713279188 0.560776055 0.217445463
    0.147335172 0.988657475 0.0747877359 0.565033615 0.262616932
    0.763445973 0.131777376 0.0209975541 0.604776382 0.12221536
    0.118323922 0.928500414 0.458026081 0.287938416 0.3748568
    0.476924807 0.876611948 0.909902573 0.00861960649 0.371170104
    0.100099385 0.371026456 0.27647236 0.439648598 0.0461773872
    0.548693717 0.731289268 0.834109306 0.117507577 0.331039071
    0.66438663 0.452586651 0.126767755 0.0496421158 0.271694601
    0.490659088 0.352864176 0.812145233 0.946869493 0.374440461
    0.836807489 0.958061457 0.943929195 0.921362638 0.857409954
    0.858843565 0.642376542 0.734484673 0.634850442 0.947857499
    0.596621335 0.988092542 0.46499747 0.31675595 0.236272395
    0.129852682 0.250575542 0.271684885 0.143533587 0.645766318
    0.0700629652 0.534974515 0.306742251 0.689412415 0.895761907
    0.747028589 0.690823376 0.35626471 0.0296633542 0.278839827
    0.49068293 0.766508698 0.165387064 0.346849531 0.806729436
    0.481892705 0.218548477 0.274620295 0.614756286 0.801503658
    0.897450566 0.057521075 0.629607558 0.86104387 0.153810471
    0.978306413 0.298792601 0.335120976 0.207686126 0.572976708
    0.702222824 0.61031878 0.426780939 0.574151814 0.324791729
    0.284899354 0.975308776 0.234336555 0.0234209895 0.254242301
    0.603997648 0.391517341 0.917189896 0.180962741 0.906186521
    0.0396954417 0.724113584 0.464550138 0.754549384 0.660267591
    0.328054249 0.909106016 0.304880559 0.661528945 0.468037754
    0.316049099 0.802414179 0.288454771 0.55655247 0.636043429
    0.982387662 0.256186604 0.346019149 0.538942754 0.0909505486
    0.335284472 0.491391718 0.608707607 0.335628688 0.182690889
    0.731732786 0.941365182 0.053095758 0.334999144 0.0775261819
    0.103711367 0.820750594 0.730145872 0.991704941 0.702802479
    0.609933496 0.879226804 0.801191926 0.871100783 0.478799939
    0.343174517 0.168526798 0.381856441 0.999073386 0.11796236
    0.868313372 0.205956519 0.696105957 0.0443688631 0.451358408
    0.858110785 0.709978223 0.00431925058 0.700320482 0.803613186
    0.785416603 0.458354414 0.98895967 0.493975848 0.820781589
    0.70842135 0.707433164 0.827618837 0.928020358 0.271226138
    0.987710238 0.22785753 0.648837924 0.403849423 0.871060371
    0.275885165 0.855527639 0.349934876 0.163657039 0.479957372
    0.317276359 0.363619626 0.123822629 0.192328274 0.432862997
    0.719668865 0.668268204 0.299488574 0.496019065 0.440766811
    0.754203439 0.598546445 0.823700905 0.102049023 0.602231741
    0.874223828 0.461893409 0.862205863 0.264641404 0.318356097
    0.913798094 0.903815985 0.677188277 0.491767734 0.259682417
    0.782394409 0.546380818 0.382104516 0.683371067 0.836347878
    0.0409831107 0.698760152 0.0666452944 0.256057113 0.264341712
    0.259321511 0.130085111 0.928955555 0.211903363 0.158318013
    0.621796846 0.340430856 0.591016352 0.495995402 0.697507679
    0.643954456 0.762089252 0.308686733 0.223632693 0.138709128
    0.0239062607 0.733847022 0.520574689 0.193123341 0.53006345
    0.895093441 0.156383693 0.913748562 0.0805413425 0.7378757
    0.709297419 0.648278475 0.760316968 0.0268158913 0.780713439
    0.914407611 0.911656618 0.37851131 0.450755656 0.610024869
    0.0611439943 0.4603073 0.150177836 0.969928265 0.0167143643
    0.0408203304 0.08712551 0.748987913 0.689926505 0.976678252
    0.326923579 0.970033526 0.366961807 0.980621815 0.994948387
    0.465450257 0.556689799 0.198672682 0.507939339 0.67515105
    0.944527864 0.439217865 0.225300372 0.640574396 0.785310626
    0.875590622 0.31816113 0.831996202 0.0246486366 0.659103751
    0.854737043 0.185113758 0.855509877 0.962160528 0.51532948
    0.844389796 0.712453604 0.298471481 0.286592633 0.640454829
    0.816741765 0.205892801 0.531760335 0.24914217 0.197297603
    0.629357219 0.873365104 0.364581108 0.415387124 0.158940345
    0.364730358 0.727435887 0.0329510868 0.131021231 0.408002943
    0.293693453 0.270084381 0.134068668 0.000964939594 0.0775248706
    0.543795109 0.832735777 0.432350278 0.593510211 0.287402809
    0.77027452 0.772491932 0.0337005854 0.560892999 0.631935179
    0.812968314 0.335905075 0.739644945 0.89035511 0.692659259
    0.643370748 0.0844208598 0.978728354 0.0237206817 0.386767954
    0.484927565 0.898048103 0.290474176 0.868937492 0.648497283
    0.233675689 0.14484942 0.887555122 0.447295547 0.114549696
    0.25733313 0.463205844 0.155279517 0.218597412 0.878181577
    0.0556229055 0.233091265 0.346990347 0.0813781917 0.743702173
    0.533534884 0.100320816 0.865448356 0.891380072 0.0542780757
    0.172312826 0.630038142 0.0346963406 0.669723332 0.720129311
    0.497576714 0.571151376 0.294561148 0.393164694 0.771764874
    0.11209181 0.511949539 0.360463709 0.764797747 0.663027823
    0.376213729 0.419635355 0.204834431 0.942774057 0.937140584
    0.333928883 0.697097063 0.0363405049 0.914404035 0.600729883
    0.8794415 0.153886735 0.203048795 0.177759051 0.60483253
    0.0974878371 0.819642425 0.0998302996 0.507437646 0.0630069375
    0.22376135 0.841649055 0.0568251908 0.819134295 0.0779841542
    0.379721642 0.114427954 0.305912554 0.0760497153 0.530421913
    0.0332525373 0.656331658 0.253317535 0.353479028 0.630556107
    0.809355199 0.0490151942 0.259180307 0.347117901 0.73770678
    0.502264261 0.385237336 0.727329254 0.540458798 0.898683727
    0.138129294 0.704191089 0.356234372 0.557456553 0.313999534
    0.04625085 0.750716567 0.421647966 0.773992538 0.640521884
    0.36311537 0.638700068 0.0992510617 0.0463480055 0.137230515
    0.726906359 0.330080032 0.291425526 0.191623509 0.488975734
    0.174836755 0.972041249 0.636009216 0.443076134 0.612906456
    0.00365003943 0.105955422 0.162261248 0.410316527 0.326067805
    0.582599401 0.112208843 0.168420702 0.784438848 0.399738401
    0.0144710243 0.772126555 0.123623639 0.776252568 0.912159264
    0.573771715 0.996959865 0.32815671 0.383346677 0.983877182
    0.0199688077 0.439584643 0.480706304 0.349575102 0.105864435
    0.83222568 0.519188404 0.430318564 0.181647629 0.902316213
    0.39994356 0.38440448 0.998000145 0.1410923 0.944546938 0.973224282
    0.758937478 0.315003514 0.657418072 0.227910399 0.561144412
    0.976416588 0.942359149 0.018342644 0.509843051 0.630825877
    0.560495317 0.798303008 0.644521415 0.318529189 0.38756156
    0.688827217 0.170272768 0.229267806 0.130424231 0.436287403
    0.330697119 0.00958013535 0.749551296 0.585864544 0.232733995
    0.83947444 0.056271255 0.972817659 0.311855137 0.0630059242
    0.613505483 0.00176244974 0.194062322 0.489432126 0.513054609
    0.80563885 0.0965388417 0.740948319 0.762151837 0.961995184
    0.539007485 0.888090849 0.177815109 0.352244198 0.286646158
    0.85949415 0.0315490663 0.366275787 0.0781668127 0.483733386
    0.864245772 0.348464787 0.332738459 0.233076751 0.325240433
    0.19688341 0.884929419 0.820751905 0.179949373 0.794111013
    0.436886966 0.423332036 0.331331134 0.437931478 0.971039295
    0.868977666 0.225818664 0.925274193 0.116486996 0.197086424
    0.11519289 0.435366243 0.766210854 0.864019394 0.970453739
    0.71879077 0.841286004 0.619280696 0.575056553 0.90657568
    0.0300043225 0.691604495 0.884089887 0.450764477 0.383770227
    0.43491894 0.996317506 0.303217888 0.92669946 0.134808451
    0.543135405 0.275387973 0.898445606 0.879606843 0.993263721
    0.757234871 0.563150167 0.733272851 0.321762949 0.938604236
    0.349910229 0.828613758 0.207071811 0.262355387 0.288458377
    0.832587481 0.357573032 0.854547203 0.242617697 0.779823542
    0.565897644 0.10609284 0.953072548 0.941269279 0.993808985
    0.0613457561 0.43085742 0.0576167107 0.671959698 0.211793303
    0.766432464 0.846801281 0.919063568 0.175419092 0.640370369
    0.942210555 0.685169518 0.48526758 0.0752374828 0.379492134
    0.134804815 0.242374688 0.321881294 0.235649616 0.337161839
    0.625021398 0.694923282 0.741542816 0.835888147 0.499314725
    0.686125755 0.503387213 0.939567804 0.126220644 0.455067277
    0.731208682 0.0426372588 0.159440786 0.50155586 0.824809074
    0.327444702 0.753445864 0.464493692 0.725717366 0.668501377
    0.451456875 0.205254674 0.227253348 0.436014086 0.91155827
    0.431651056 0.893620849 0.794558704 0.219618946 0.377974272
    0.739134192 0.80918324 0.421637148 0.345296979 0.293653876
    0.889760375 0.389283508 0.0630363822 0.45832482 0.323642313
    0.509826362 0.238103181 0.021758765 0.0526019931 0.0414389372
    0.466776401 0.352017254 0.479173154 0.428949773 0.0199343264
    0.752169609 0.418477297 0.612258852 0.448343009 0.953101993
    0.826260328 0.785479248 0.713135242 0.361870676 0.856146216
    0.620742142 0.0718775094 0.801599324 0.896110058 0.877502322
    0.920918465 0.0660816133 0.235384166 0.956432581 0.17025429
    0.60943079 0.183652192 0.976461411 0.716670871 0.770479679
    0.414103448 0.158939481 0.441438496 0.173555613 0.903465152
    0.919925094 0.660309553 0.835940123 0.572998583 0.75784719
    0.372795343 0.663591266 0.875701249 0.965588868 0.912624002
    0.335299015 0.734744966 0.174385309 0.182797045 0.287271917
    0.268099666 0.73973614 0.781332374 0.615243971 0.412023008
    0.845592499 0.363327146 0.185664684 0.145100981 0.312667459
    0.987566352 0.275106966 0.843055308 0.45890978 0.953379035
    0.25215143 0.317611843 0.36263743 0.329106539 0.507454395
    0.194110632 0.449652314 0.0176831782 0.530711114 0.414511442
    0.721859634 0.88647902 0.291863382 0.608307481 0.273500562
    0.182322204 0.503976345 0.0820021629 0.857674122 0.639419556
    0.963469982 0.851775408 0.0600773096 0.890040994 0.97981286
    0.976635933 0.294365764 0.22546804 0.771951914 0.692930579
    0.98975271 0.0712334812 0.939857602 0.0140698254 0.605628788
    0.206302553 0.0318028033 0.120984137 0.881103039 0.80223906
    0.553367794 0.300770134 0.623500347 0.147629768 0.624203026
    0.287285984 0.644382477 0.26146695 0.704927802 0.180053711
    0.780509114 0.76037699 0.250980794 0.866091073 0.145528018
    0.149580419 0.617945433 0.116407871 0.992827892 0.865417182
    0.260797888 0.402109832 0.717203379 0.464363575 0.593558192
    0.728621483 0.820808828 0.277802378 0.690095127 0.722333491
    0.796898484 0.30327636 0.847106457 0.965765357 0.438879728
    0.341995001 0.488455296 0.993163347 0.775894642 0.798700213
    0.560449421 0.851027727 0.410405666 0.468232304 0.952312112
    0.681394577 0.232569158 0.848134756 0.123165935 0.0977474749
    0.828278422 0.571608603 0.0555127859 0.30192697 0.267567873
    0.804803848 0.163854301 0.068194896 0.757944822 0.614298344
    0.317584395 0.601550043 0.649861097 0.244590849 0.961689472
    0.401019812 0.685112596 0.587235689 0.403324217 0.554971695
    0.0201336741 0.745586634 0.991010606 0.850713789 0.723522067
    0.168734848 0.287029862 0.76164633 0.737522125 0.122207612
    0.90632236 0.937319756 0.786816537 0.719787478 0.474176198
    0.884477973 0.882383406 0.496972084 0.0849485993 0.281879574
    0.238140434 0.0692939758 0.270545453 0.687303841 0.497197717
    0.111524135 0.722888589 0.754267693 0.341379017 0.405962169
    0.783530831 0.86096555 0.979761958 0.674828768 0.115482122
    0.0989115834 0.971779048 0.137493223 0.186131299 0.603075802
    0.746598899 0.391848981 0.333156884 0.674656987 0.802100658
    0.99782908 0.312895089 0.902361929 0.375652969 0.759573102
    0.0171976686 0.148027152 0.122733891 0.989358068 0.493223429
    0.423475504 0.461963505 0.303716302 0.730508089 0.79136312
    0.247345358 0.0016540885 0.661543608 0.965020001 0.503924727
    0.806769848 0.210889488 0.914628863 0.523277998 0.849053979
    0.610808551 0.141176134 0.309990197 0.00799939036 0.245100975
    0.981175482 0.274320483 0.60115242 0.953637958 0.350120902
    0.64021939 0.140890002 0.923517704 0.14806363 0.535179436 0.67853725
    0.143203944 0.631417751 0.494307071 0.898720741 0.465054154
    0.0045735538 0.901019931 0.164681524 0.244192272 0.211035609
    0.980989397 0.00459936261 0.975671649 0.140632123 0.0767737627
    0.940829217 0.137815207 0.0815394521 0.314298391 0.473061681
    0.163280278 0.00450754166 0.59652853 0.0981355608 0.0798474252
    0.601155162 0.791489005 0.363754749 0.782334089 0.254108191
    0.715283036 0.682551742 0.519670725 0.510219216 0.815150738
    0.788518608 0.785440564 0.521996677 0.0789479613 0.469540864
    0.490421325 0.211902589 0.120522946 0.636950135 0.582553029
    0.411616147 0.391850829 0.747309208 0.258127928 0.673708737
    0.246155113 0.764817715 0.832287371 0.672256887 0.974940121
    0.419517368 0.349906921 0.552219987 0.249445647 0.0176184177
    0.253205895 0.365685999 0.301868856 0.759162009 0.274761915
    0.115955234 0.377538919 0.251064539 0.500287175 0.856604278
    0.451057166 0.402332276 0.387393892 0.255987018 0.392604768
    0.428475291 0.936552048 0.262992054 0.819912493 0.643616796
    0.407294393 0.478247106 0.387635082 0.264434189 0.81722939
    0.770700276 0.446025968 0.440081179 0.325437367 0.240161538
    0.144991219 0.764362335 0.547053039 0.849419951 0.287742406
    0.594979644 0.262224346 0.912760496 0.123516619 0.943566799
    0.190706789 0.471796274 0.814626634 0.440328389 0.896350265
    0.188813776 0.404107124 0.550694108 0.217187434 0.376123309
    0.46141094 0.866909862 0.184198439 0.129310548 0.684481859
    0.0475392342 0.244740784 0.227232099 0.961539507 0.834718823
    0.623049974 0.339661181 0.120560795 0.928092122 0.249052793
    0.903636456 0.883021772 0.483865708 0.690478086 0.843294144
    0.0787064433 0.938691974 0.432635576 0.736297131 0.389956951
    0.842991948 0.882345915 0.741497993 0.299218267 0.587661266
    0.447388709 0.347110569 0.403571486 0.783865571 0.343564689
    0.227232724 0.777686238 0.776013136 0.52091831 0.221064925
    0.824731529 0.981952429 0.577776074 0.905742109 0.372712851
    0.363328904 0.756903052 0.744085312 0.427260578 0.0302841067
    0.486519068 0.0954912901 0.411486387 0.154069006 0.379493058
    0.199872226 0.17407313 0.712648094 0.613073468 0.565642178
    0.406011641 0.48284179 0.0185470283 0.949588299 0.040833652
    0.210996002 0.794711471 0.865698397 0.451275915 0.817881048
    0.408651799 0.994406402 0.378946006 0.102706105 0.100535125
    0.590190887 0.186194956 0.393987894 0.27563107 0.762750983
    0.645865023 0.400856912 0.915406346 0.350214958 0.897151709
    0.461708963 0.610306084 0.273999453 0.822195172 0.0578775406
    0.812373042 0.799691796 0.449880183 0.440305829 0.187563181
    0.414316297 0.640931249 0.287351012 0.587646127 0.69229424
    0.835319161 0.662468731 0.605185509 0.458166182 0.970555186
    0.0839945972 0.0645645261 0.25773561 0.820174634 0.0903531909
    0.746967614 0.125399619 0.209734023 0.035943538 0.39272505
    0.276929021 0.273490965 0.333696902 0.922777891 0.764038682
    0.896500468 0.828625917 0.344713807 0.393874109 0.571775854
    0.596830964 0.569861174 0.370318592 0.843655229 0.118513852
    0.683886766 0.860910237 0.591587126 0.402319074 0.831250012
    0.699741006 0.935111403 0.96856606 0.560407162 0.976632595
    0.504303932 0.0518783331 0.0346491635 0.463519663 0.216760188
    0.610605299 0.951497316 0.783684373 0.00906148553 0.140068144
    0.786437988 0.890727758 0.919036865 0.499630958 0.739735842
    0.527568579 0.60912019 0.471979082 0.109993041 0.467664301
    0.472197503 0.593764484 0.578546226 0.316266418 0.375122637
    0.457814872 0.483584225 0.90379715 0.0767309964 0.325812548
    0.285860151 0.395296842 0.902473211 0.766985297 0.751802206
    0.809703112 0.825778604 0.164633006 0.893332064 0.343807578
    0.746912718 0.779243231 0.797597528 0.176654041 0.226585299
    0.313052237 0.903065562 0.114843369 0.799715638 0.39283666
    0.383990347 0.750931263 0.0724827945 0.539977551 0.194690764
    0.482227534 0.516326547 0.555123329 0.249395281 0.521692276
    0.438256741 0.39716959 0.61525929 0.488266289 0.347070515
    0.116578639 0.54234308 0.538060129 0.382261097 0.498945445
    0.118819565 0.224638849 0.802972674 0.500607967 0.243321478
    0.910441577 0.395367622 0.295439899 0.54025352 0.787599683
    0.738194883 0.443340302 0.127490491 0.952737331 0.461972058
    0.349598914 0.458787739 0.292385936 0.216180086 0.386390597
    0.569710493 0.98063767 0.23483938 0.795135975 0.450516433
    0.0408573747 0.818236411 0.625814259 0.167418629 0.728828669
    0.168609977 0.317509294 0.551830173 0.333788812 0.726333022
    0.601211727 0.153915614 0.410654664 0.344341427 0.801985383
    0.172905356 0.764453053 0.457159638 0.39464128 0.240942478
    0.635194063 0.245001853 0.306842923 0.371414244 0.819491923
    0.769913375 0.143497556 0.269340426 0.50570029 0.06811288
    0.0216117799 0.0213677585 0.402674556 0.0838293731 0.848751068
    0.338750839 0.242148399 0.729659557 0.40540576 0.616947889
    0.42149657 0.0903863311 0.148519337 0.73181653 0.70102185
    0.531626344 0.659071505 0.546160638 0.0317268074 0.0280992985
    0.173211217 0.994565964 0.0516987145 0.989773512 0.924786508
    0.770441532 0.33711344 0.633476138 0.926487803 0.0564132631
    0.94440943 0.57627207 0.812298179 0.487572372 0.344417751
    0.115094125 0.327089787 0.279496431 0.305229187 0.719731033
    0.404138565 0.132063061 0.443841666 0.117472947 0.883460581
    0.28844589 0.83285296 0.43367821 0.379009187 0.322382569 0.389462024
    0.482722491 0.481724381 0.516514957 0.0549080372 0.442859173
    0.223571181 0.498898894 0.646690071 0.161161602 0.565824032
    0.504724205 0.818954587 0.530440331 0.260255605 0.700405598
    0.658634365 0.654543579 0.380336761 0.13847509 0.559285462
    0.643899143 0.635993302 0.255939662 0.0616086125 0.925110877
    0.125966072 0.858336389 0.0940441191 0.227629155 0.690130353
    0.582919896 0.956945181 0.33259812 0.958368957 0.48294434
    0.953533649 0.143456101 0.601539731 0.434702873 0.335994244
    0.76024884 0.985392928 0.772442102 0.67519033 0.00796431303
    0.700019002 0.903750181 0.44644329 0.661800742 0.711570799
    0.931767106 0.456119239 0.583257139 0.92051363 0.956968427
    0.653871417 0.159226984 0.600820124 0.205420196 0.154116899
    0.433085382 0.527026176 0.771449625 0.0851961076 0.243142486
    0.342904627 0.302865535 0.36634022 0.669124782 0.773020983
    0.0433584452 0.491286963 0.43377471 0.706243873 0.344333053
    0.0565276444 0.566100299 0.596031666 0.48592478 0.0205903053
    0.883104324 0.288561463 0.909589767 0.431473613 0.986378551
    0.0882668495 0.0197871029 0.0501844585 0.641016066 0.462484509
    0.0436613858 0.581829369 0.724297404 0.0575564206 0.323729128
    0.634692967 0.799175858 0.371719301 0.599698067 0.486912847
    0.237223357 0.79847002 0.270900309 0.0583260059 0.954710484
    0.138649076 0.815263987 0.973159552 0.427073598 0.666388631
    0.0696980655 0.656136036 0.0455080569 0.36883837 0.404967487
    0.386142671 0.626608968 0.545941472 0.739151299 0.0952548385
    0.163301587 0.671056807 0.230856776 0.363418639 0.116741985
    0.029425323 0.328322202 0.343591601 0.064319253 0.736166716
    0.999247551 0.385877669 0.503294766 0.337893128 0.448399067
    0.984142363 0.104843974 0.0219218433 0.401516259 0.651607871
    0.025303185 0.558113933 0.830265164 0.339515686 0.0968039334
    0.906371832 0.213495612 0.804226935 0.176219344 0.904905438
    0.624283671 0.757935524 0.191390425 0.683473945 0.229560345
    0.994389355 0.267790794 0.971776247 0.513078749 0.131431907
    0.235201359 0.100565135 0.932864606 0.223834574 0.383341223
    0.833851337 0.873257697 0.135803372 0.695771813 0.658634007
    0.313162982 0.0698976815 0.572921574 0.045481652 0.113283485
    0.689891815 0.833514452 0.588796496 0.725888014 0.103345841
    0.195055604 0.951644063 0.682653129 0.651708603 0.325024486
    0.194263428 0.88894999 0.55095154 0.336126924 0.22332862 0.554341614
    0.98752892 0.349325836 0.898719668 0.564078212 0.11007911
    0.430320621 0.780872703 0.418966711 0.874548197 0.264543682
    0.776326776 0.346609712 0.978222132 0.159683824 0.260988325
    0.0881600976 0.978336155 0.514791965 0.686613381 0.115394056
    0.333899617 0.992418408 0.783267975 0.8531515 0.554501295
    0.900364935 0.520045578 0.789273143 0.473625451 0.415750623
    0.251282394 0.139148921 0.276506633 0.829243064 0.7111817
    0.880333662 0.712951779 0.388335824 0.945676386 0.290796161
    0.359358609 0.0727287233 0.110796154 0.338765591 0.233396858
    0.94147408 0.518829226 0.135621786 0.780616879 0.926149249
    0.589575112 0.190545619 0.363101393 0.260784745 0.197647184
    0.966908455 0.737183452 0.398885429 0.888987839 0.675702572
    0.673998535 0.811261296 0.916576385 0.114549249 0.370840967
    0.198071837 0.074647665 0.47180891 0.529449165 0.469689518
    0.270365417 0.943179488 0.72447443 0.671578705 0.772500992
    0.668135941 0.883682489 0.651715279 0.558557212 0.0259194076
    0.968430281 0.545122445 0.69849503 0.993309677 0.182208598
    0.329491228 0.555970013 0.142009109 0.415083259 0.106564999
    0.210232586 0.411578834 0.271690965 0.072178781 0.891571522
    0.744931877 0.260902584 0.564786255 0.85287118 0.0954031646
    0.56033498 0.521891952 0.882638395 0.550825417 0.944324017
    0.510340691 0.30010727 0.785918593 0.689458251 0.953682303
    0.110760689 0.778573871 0.875093102 0.975599289 0.360049665
    0.136328846 0.266519278 0.441873729 0.86604923 0.664035738
    0.592168927 0.656182945 0.0202499628 0.284415364 0.00586506724
    0.314115137 0.500268281 0.0945283771 0.213173419 0.617938757
    0.568785727 0.248059005 0.0262982547 0.111389071 0.67792064
    0.649877191 0.532043934 0.361487001 0.241715819 0.821234345
    0.338367343 0.366707206 0.329127133 0.393363118 0.109827936
    0.828500688 0.966146827 0.754835367 0.217871219 0.127201617
    0.593492925 0.732480645 0.76535666 0.238838047 0.354572207
    0.754163623 0.937154889 0.0627501905 0.234155595 0.924627483
    0.124828219 0.867751837 0.647359431 0.0909962058 0.560063958
    0.20493108 0.632303953 0.431330025 0.902011991 0.20009613
    0.596844614 0.943260431 0.686294198 0.27385059 0.228598326
    0.739544809 0.871188164 0.070782423 0.560162425 0.620406389
    0.235390782 0.916220784 0.464017242 0.0476101041 0.979683161
    0.947350681 0.785575271 0.358765543 0.975295246 0.678350747
    0.176778376 0.250847727 0.369996697 0.91838789 0.953337669
    0.00994706154 0.428479314 0.733059406 0.246576995 0.796284199
    0.963912368 0.332936645 0.329046786 0.223055989 0.487553149
    0.0402134061 0.670867145 0.385911167 0.400083065 0.55380702
    0.877185225 0.572155833 0.848657608 0.599320889 0.533816159
    0.712310731 0.817302763 0.00539153814 0.945191085 0.434621483
    0.384296477 0.703204334 0.949641824 0.233710498 0.310719848
    0.97289598 0.422324359 0.204943806 0.481523454 0.35882771
    0.204307973 0.853046417 0.952046633 0.282601744 0.454426706
    0.537836373 0.969660878 0.850070477 0.184627026 0.515154719
    0.836089253 0.064335078 0.648705065 0.362756431 0.903307736
    0.904799998 0.739459872 0.963048697 0.054575175 0.732260764
    0.585108459 0.799209714 0.325314999 0.984209597 0.768413782
    0.988908887 0.831207633 0.401797414 0.538422048 0.249752015
    0.635202289 0.118866354 0.816848457 0.821472704 0.854359984
    0.206865013 0.160658419 0.253873527 0.231116086 0.165609807
    0.399306029 0.347187251 0.114716858 0.0232937336 0.290330529
    0.750953555 0.160621881 0.786993921 0.991739094 0.512439966
    0.293819189 0.179895222 0.69741708 0.251091093 0.572732866
    0.700880587 0.248759001 0.17719388 0.887148678 0.180191755
    0.0758670866 0.748895466 0.91758728 0.916819334 0.940022171
    0.0164508522 0.924969673 0.630481303 0.312472135 0.904692054
    0.664409995 0.858035028 0.755756319 0.767185032 0.180352449
    0.653939009 0.886664987 0.507224739 0.564107299 0.412920535
    0.74839586 0.880840838 0.0443230271 0.766702414 0.303280711
    0.468360394 0.919885039 0.120388865 0.336121559 0.367940187
    0.255000144 0.505102456 0.910842657 0.143092811 0.0760976374
    0.327130139 0.624641478 0.603222787 0.49246338 0.198164314
    0.985627174 0.0712980926 0.825500727 0.145187378 0.533030152
    0.679946065 0.317449123 0.997616351 0.504857183 0.828718603
    0.472506404 0.0980601013 0.309997141 0.477721244 0.0696797371
    0.18390882 0.820400953 0.900937855 0.484282672 0.436051726
    0.373929709 0.887048781 0.475227118 0.845716834 0.71726501
    0.100436538 0.224233955 0.560345352 0.00196281075 0.981413245
    0.431927353 0.522869349 0.377362967 0.929111242 0.228818685
    0.648055434 0.726990163 0.897452593 0.94691968 0.30060041
    0.676112354 0.966283679 0.536697984 0.219177604 0.708003223
    0.385853738 0.746910632 0.82139945 0.357569814 0.199816823
    0.216645122 0.263320386 0.29602477 0.30914849 0.513780773
    0.323916435 0.96506381 0.830389917 0.367015928 0.639565706
    0.430679291 0.560704589 0.124946833 0.763539672 0.815334439
    0.367992222 0.787988186 0.524892211 0.755614877 0.395024776
    0.0123848319 0.651634216 0.576546788 0.584924936 0.119102865
    0.811025321 0.987288833 0.670059621 0.812790513 0.193891406
    0.963828087 0.120556325 0.751673341 0.259931862 0.804299533
    0.895614386 0.0341418684 0.431313306 0.0820861757 0.844973445
    0.234502941 0.50958693 0.247297645 0.913643956 0.377052903
    0.0563741922 0.56280303 0.731771588 0.956377029 0.246506959
    0.71160686 0.814578831 0.0021777451 0.818910718 0.620821357
    0.104105294 0.283622146 0.59622997 0.480251461 0.0878777802
    0.288238168 0.372038603 0.614885092 0.458167613 0.316824406
    0.120096147 0.0661623478 0.991153598 0.744607687 0.571489036
    0.943699479 0.671301186 0.138368368 0.687111378 0.909814 0.794365168
    0.869655967 0.978702903 0.4239209 0.311597109 0.346004844
    0.497254997 0.911297679 0.172101408 0.781662881 0.668939173
    0.953540802 0.788141608 0.00393247604 0.0984420776 0.207411647
    0.152878761 0.605279326 0.118183881 0.679350615 0.647720635
    0.759124458 0.133151293 0.496980727 0.806883514 0.357211292
    0.235545307 0.154247344 0.82962358 0.696405053 0.523210347
    0.909965634 0.23963359 0.549494922 0.191888094 0.828059912
    0.733116388 0.187648237 0.121394843 0.759236455 0.961340427
    0.382311851 0.562671721 0.725512445 0.468217671 0.137746722
    0.00333479047 0.183649957 0.557775319 0.46247077 0.678017139
    0.714024723 0.965080619 0.428297043 0.663643479 0.769571304
    0.168496728 0.423725605 0.248254597 0.157061607 0.301784933
    0.74736625 0.313110173 0.444164336 0.671571136 0.996954501
    0.109600425 0.276042849 0.247581035 0.98621726 0.86062181
    0.177237183 0.0626625717 0.941241324 0.671191096 0.23089993
    0.599929392 0.124870449 0.890824497 0.0784622729 0.00682106614
    0.449783355 0.740005851 0.882790089 0.703657866 0.610641122
    0.267189115 0.970956981 0.18156755 0.831211805 0.408833295
    0.93417263 0.126908571 0.121986896 0.191415668 0.412011504
    0.467147171 0.604281306 0.919726014 0.944971919 0.820580363
    0.870004237 0.338653743 0.48897332 0.0760981441 0.676998019
    0.214267999 0.958105922 0.0778190792 0.529600799 0.574044764
    0.812820137 0.885903656 0.126864165 0.730610967 0.289533973
    0.0161173344 0.548046768 0.258402348 0.088347733 0.679859996
    0.220859319 0.897147655 0.102785289 0.940585852 0.737720251
    0.975917101 0.645559311 0.706268907 0.0585975349 0.553965688
    0.272109687 0.480387926 0.937687874 0.0665763319 0.249730289
    0.408824235 0.733677328 0.176480651 0.790238023 0.644873321
    0.899219215 0.418902129 0.284703076 0.582284451 0.239591748
    0.535517395 0.169973016 0.421651721 0.354370773 0.787064552
    0.680350542 0.0513498783 0.334078699 0.375577629 0.233818382
    0.585250139 0.325772345 0.405368894 0.749177039 0.376545072
    0.756817997 0.973043919 0.689662814 0.733688116 0.297599852
    0.576424778 0.030852437 0.604416251 0.58976227 0.930851102
    0.0863173008 0.91036731 0.120338589 0.138992339 0.599765837
    0.0350171626 0.799392939 0.205432296 0.94225955 0.464245379
    0.688684344 0.187768906 0.808804214 0.848174453 0.863410532
    0.464381456 0.471069515 0.00304627419 0.460900426 0.103041828
    0.208655983 0.918353975 0.849759221 0.656548023 0.394879937
    0.72277832 0.508952558 0.432852507 0.479181439 0.682832956
    0.0649867356 0.898295522 0.208943635 0.0261038542 0.874590278
    0.356901914 0.470350504 0.252762049 0.98337692 0.382799804
    0.966157734 0.547498941 0.834769487 0.021551013 0.968151331
    0.448152393 0.912444949 0.268472493 0.570618093 0.569733679
    0.748159707 0.0825948715 0.701537728 0.103408188 0.620479226
    0.459924519 0.119908094 0.616248786 0.895148039 0.865747035
    0.200647056 0.993351102 0.364268422 0.958812833 0.51935482
    0.288761318 0.229881227 0.683813453 0.410789728 0.174643785
    0.366661161 0.289869398 0.33535248 0.16993469 0.409895778
    0.00419235229 0.287967354 0.539985955 0.163868278 0.782576919
    0.413237691 0.91918081 0.703772902 0.8606323 0.842542291 0.770964444
    0.401540458 0.0253791213 0.734731197 0.132013172 0.550016999
    0.585544586 0.346686512 0.741367936 0.173968911 0.0871472657
    0.679211795 0.517023802 0.443687379 0.172980458 0.18861872
    0.355493456 0.294145823 0.627699614 0.925764441 0.272363275
    0.186743468 0.912080586 0.829780698 0.575560808 0.182493418
    0.163953722 0.317063689 0.146420807 0.731558323 0.285585165
    0.190698951 0.698981822 0.297626674 0.0551847816 0.194903702
    0.337259233 0.508473933 0.730564117 0.226452172 0.491385728
    0.558974206 0.20697239 0.147879511 0.655481935 0.176968396
    0.230577916 0.646155179 0.86371696 0.844220877 0.614368975
    0.387170136 0.680682361 0.35562849 0.325347245 0.842126548
    0.477792054 0.467181623 0.725178182 0.804965556 0.933249712
    0.438324362 0.552684009 0.727867603 0.221635282 0.0854577124
    0.660154104 0.632377505 0.89981705 0.943825245 0.373596072
    0.652241886 0.470761269 0.78831929 0.368957102 0.89813149
    0.0356121361 0.25553292 0.885020792 0.0610265434 0.0333693027
    0.925500989 0.646141827 0.890383244 0.927109241 0.0192857683
    0.531466961 0.386825472 0.0069386065 0.906006217 0.651267767
    0.833996296 0.338631183 0.585497737 0.951496899 0.421114385
    0.771761179 0.275551021 0.502762794 0.57257098 0.447839409
    0.232699692 0.0272742808 0.536967397 0.998526394 0.574310362
    0.416916937 0.0279864669 0.161643028 0.356360734 0.134227723
    0.758583069 0.940125167 0.391945004 0.868000686 0.383907914
    0.0788691938 0.913691521 0.653745294 0.244382143 0.733736813
    0.701479793 0.79025948 0.717056632 0.873938799 0.190510839
    0.435236752 0.00964301825 0.317762494 0.0115938783 0.920711935
    0.335753143 0.847809672 0.398073852 0.275937527 0.251605809
    0.964361548 0.117835522 0.203829885 0.972259164 0.701243699
    0.350471795 0.622612894 0.726616263 0.469805777 0.234019369
    0.783603072 0.613091052 0.497552365 0.501754761 0.745567977
    0.689154267 0.491284102 0.477803588 0.735028863 0.232404798
    0.371045172 0.666870236 0.967656493 0.880791724 0.898008823
    0.472394943 0.17424807 0.607313216 0.527895629 0.816611886
    0.412103504 0.191110373 0.00446051359 0.0821686089 0.535604417
    0.642366648 0.354902983 0.530724287 0.615634263 0.331569374
    0.0881447494 0.804644108 0.440173775 0.902215779 0.55406487
    0.681553245 0.36247468 0.385354936 0.723362625 0.376187354
    0.0926387608 0.670958757 0.30974552 0.528647423 0.235715002
    0.646174729 0.838861585 0.157634974 0.377368003 0.710204244
    0.695089579 0.372795701 0.45042181 0.528807998 0.358008862
    0.0145254731 0.313809276 0.16470927 0.721560478 0.643706918
    0.90394485 0.278296411 0.498717427 0.443815142 0.167015076
    0.264048696 0.52033186 0.62751919 0.916077852 0.390390009
    0.566583157 0.314708382 0.849910855 0.215803951 0.53835994
    0.217765868 0.549384773 0.536807358 0.108783036 0.844884872
    0.805271983 0.107593536 0.89784354 0.933679104 0.518831849
    0.504534781 0.610254347 0.634676576 0.776350319 0.0579250157
    0.197251678 0.604406416 0.775171876 0.264720678 0.759206593
    0.537433922 0.22383225 0.222160429 0.361834884 0.876289725
    0.276133627 0.972285151 0.873194516 0.323588371 0.493856251
    0.689305663 0.826023459 0.421729922 0.698191404 0.821561217
    0.306865036 0.70043999 0.725315273 0.673328519 0.682693124
    0.917094111 0.109233975 0.226764649 0.624127746 0.0332963169
    0.673613012 0.377895504 0.634970903 0.344814241 0.144567192
    0.585145473 0.294157207 0.385875881 0.966112792 0.612071514
    0.666137516 0.393534899 0.671419501 0.613526106 0.748930216
    0.670192957 0.77344811 0.0814251602 0.7544837 0.427404165
    0.701760054 0.0918087363 0.780683517 0.646117389 0.172017276
    0.756890297 0.785087407 0.222593367 0.507900059 0.70636797
    0.166672945 0.447841644 0.00381627679 0.00133237243 0.612855256
    0.212389141 0.893497765 0.852386832 0.0733773708 0.878061056
    0.257558972 0.257013679 0.442604899 0.771373868 0.539681673
    0.549385905 0.732494473 0.502719462 0.580236137 0.71899116
    0.875823915 0.438249648 0.306536764 0.91826582 0.800167918
    0.600729227 0.71390295 0.850154877 0.0277674198 0.210887223
    0.59881407 0.0458072424 0.772035837 0.779102325 0.326395392
    0.718549252 0.314417124 0.196071148 0.668708086 0.599586189
    0.75251615 0.915235519 0.601817846 0.416366577 0.854103625
    0.0460960567 0.214752764 0.844286203 0.511514068 0.22068426
    0.880839825 0.200840741 0.81096828 0.506949961 0.30235064
    0.406885147 0.364162922 0.00952103734 0.0717036724 0.00910612941
    0.421911001 0.885634065 0.224875033 0.952453732 0.906220436
    0.398497224 0.705257058 0.867448688 0.984205186 0.698149681
    0.221216589 0.301980853 0.535688281 0.599103332 0.894153476
    0.437125683 0.872735143 0.274905443 0.306765795 0.365650892
    0.969391465 0.4494223 0.230303496 0.937094212 0.462615639
    0.514605224 0.105037123 0.234660029 0.93299067 0.946855962
    0.376147449 0.992081165 0.512612164 0.929729581 0.375281155
    0.953787923 0.986056924 0.212199509 0.197370023 0.586316764
    0.5480299 0.797691226 0.187449276 0.708919942 0.154736638 0.72708416
    0.225883037 0.0502949357 0.987319529 0.175043076 0.903945506
    0.581101596 0.029347688 0.728728831 0.237171978 0.869359553
    0.92052871 0.0305450857 0.0123456419 0.983119249 0.393340766
    0.0751854777 0.255016148 0.126437843 0.396853149 0.261306792
    0.332047045 0.144933701 0.368247002 0.190870553 0.390907854
    0.44962734 0.945229053 0.439689726 0.905502439 0.739702523
    0.143908232 0.631937623 0.37871784 0.526394904 0.638695478
    0.187996656 0.860908329 0.45923236 0.827071548 0.478693068
    0.404671997 0.0509486496 0.192119747 0.268303514 0.729662716
    0.973784208 0.910331368 0.917398214 0.337970972 0.221380323
    0.366481602 0.0914515257 0.952004492 0.0613963902 0.820918143
    0.223483175 0.638834476 0.556644022 0.691384852 0.337881625
    0.842366993 0.664162397 0.849552512 0.0727466047 0.716889262
    0.693433166 0.252232701 0.886220932 0.22109428 0.0335692167
    0.15543732 0.822647452 0.866915703 0.677983403 0.26463896 0.53500253
    0.597214878 0.0273490846 0.60372597 0.104202449 0.318716854
    0.477455914 0.712546766 0.309265882 0.909448683 0.462112367
    0.986679077 0.906278491 0.358664274 0.379887253 0.358342409
    0.530742049 0.704738259 0.933579504 0.825938165 0.702632546
    0.228607088 0.705353916 0.213522971 0.836684585 0.640263557
    0.849075913 0.4761464 0.981677055 0.217294127 0.00761222839
    0.138646573 0.0734788477 0.823570251 0.874414563 0.679310203
    0.837326407 0.541812181 0.728699625 0.136474669 0.934645474
    0.502663672 0.259611607 0.817953825 0.699869275 0.49355638
    0.778901696 0.891913772 0.0312297642 0.101044595 0.287720889
    0.788038015 0.349948049 0.182302207 0.962888062 0.52173388
    0.230954498 0.31770581 0.995475113 0.210523129 0.436625212
    0.135478705 0.992738008 0.464003056 0.12992698 0.868737817
    0.263112426 0.790377498 0.582083464 0.0516085327 0.629689753
    0.970783651 0.832963288 0.680683434 0.337663025 0.892190218
    0.870715797 0.74080801 0.563284934 0.311913133 0.584171414
    0.762967646 0.599444568 0.469949126 0.0239336491 0.495759517
    0.0699153244 0.130571276 0.305576652 0.68430239 0.105209142
    0.411109746 0.398300886 0.676950216 0.433391035 0.780572414
    0.235729575 0.670811653 0.599705517 0.850703239 0.0368022025
    0.0430449843 0.954620957 0.766929746 0.577629089 0.161946446
    0.293491751 0.589847744 0.850284696 0.280598044 0.86319685
    0.0994429886 0.978000045 0.186473668 0.329280287 0.256515682
    0.499449015 0.738028228 0.375905573 0.524767756 0.934886336
    0.691125274 0.232292414 0.136864483 0.606717169 0.0456348658
    0.947731912 0.379479408 0.843336582 0.616951883 0.432359248
    0.284746885 0.705447555 0.312590986 0.854440212 0.56905812
    0.0340974629 0.920155764 0.443499774 0.680847526 0.192506313
    0.174041629 0.0266417563 0.894849062 0.763730049 0.831468165
    0.163920254 0.400721848 0.799829841 0.140403032 0.782327592
    0.0209674239 0.828385592 0.782399058 0.290586054 0.302671671
    0.403077006 0.730436444 0.263874292 0.452093363 0.287138909
    0.876292109 0.534528732 0.853331327 0.729150295 0.913487852
    0.0970335007 0.356419861 0.392873287 0.137653291 0.41514343
    0.57436192 0.57258296 0.740778208 0.225428015 0.997340918
    0.807111502 0.903135419 0.87447077 0.762088656 0.661828518
    0.28311187 0.271152973 0.729395509 0.937875986 0.0837628841
    0.497516125 0.838980794 0.559860408 0.689744592 0.89428091
    0.504085183 0.2295084 0.0333727896 0.542820692 0.456737906
    0.917003989 0.417225003 0.529193401 0.369811296 0.257323027
    0.923392415 0.919802189 0.206370234 0.310204446 0.0886057913
    0.400012344 0.998355687 0.936150432 0.782456636 0.430070847
    0.149109423 0.53207624 0.31803444 0.669438541 0.301752329
    0.532433212 0.401812226 0.112975836 0.74985373 0.669666171
    0.896562457 0.191053152 0.230394423 0.46782285 0.763253033 0.6558038
    0.868803263 0.189742982 0.355116606 0.0254848301 0.574858367
    0.0725283921 0.27156049 0.308158755 0.129389644 0.74120754
    0.144816637 0.589994609 0.317552507 0.83611238 0.946782827
    0.289880514 0.0769004524 0.188216805 0.692318976 0.110526949
    0.540914834 0.637311161 0.00336816907 0.479616851 0.929784
    0.468520403 0.617959738 0.00496661663 0.970425069 0.482932448
    0.990657389 0.22975412 0.0743186772 0.0589005649 0.583103836
    0.755916476 0.0849974155 0.563712001 0.0380899608 0.875694394
    0.403272837 0.156951964 0.770126164 0.0564062297 0.81899488
    0.868328571 0.967799783 0.556075573 0.121308088 0.790047646
    0.071549058 0.0837019682 0.485353023 0.461982369 0.0638024807
    0.994116604 0.429453075 0.686623096 0.363301754 0.551793754
    0.0626130998 0.641587257 0.543469191 0.350623667 0.0918535292
    0.39351359 0.475287676 0.355728537 0.762726665 0.248472303
    0.378410995 0.27019316 0.0320470631 0.989890277 0.420104027
    0.204304248 0.739984691 0.775932431 0.804610848 0.969838023
    0.109185636 0.983087718 0.379750758 0.705553889 0.165599436
    0.594415665 0.605746984 0.618975639 0.438879907 0.747186303
    0.61982578 0.34536168 0.77383554 0.954444945 0.993293405 0.563042402
    0.87044847 0.21417895 0.437193841 0.138319224 0.0991549194
    0.144694686 0.914050281 0.0518687367 0.690054536 0.399067283
    0.166242391 0.302160859 0.27965945 0.781462073 0.714575887
    0.700133502 0.450750977 0.606716573 0.876637638 0.209749728
    0.492197394 0.394920468 0.602338791 0.405174971 0.312811881
    0.76263845 0.0879552066 0.595936716 0.830478311 0.210570991
    0.499092638 0.625440061 0.422241151 0.908649147 0.0162857175
    0.814807415 0.47233817 0.582278907 0.728061438 0.310269952
    0.95261538 0.0367843509 0.346909225 0.596493483 0.899013877
    0.975863457 0.106241584 0.705729783 0.0664849281 0.897953987
    0.337749332 0.878470182 0.834153891 0.622831404 0.281521916
    0.914618969 0.767902732 0.774081171 0.593509674 0.480521023
    0.816798091 0.45878306 0.368344903 0.912491798 0.778970242
    0.801611423 0.78503263 0.838795304 0.412478745 0.825986266
    0.470097452 0.348007798 0.804844975 0.871962786 0.887114167
    0.703293085 0.937994957 0.520225644 0.688952446 0.547903955
    0.405097365 0.241753042 0.309125215 0.469253123 0.126105368
    0.0098592639 0.602022707 0.525057912 0.522742748 0.492823869
    0.332128823 0.718724191 0.978651404 0.673969269 0.261123776
    0.934042931 0.498093665 0.346639186 0.0286071599 0.620660484
    0.261906743 0.908380032 0.468806922 0.439264297 0.679204822
    0.861085236 0.918621182 0.613286495 0.130821586 0.466516018
    0.111512661 0.241159588 0.654737115 0.76713264 0.163746297
    0.946170986 0.0321277976 0.631980181 0.725821912 0.430850983
    0.961969972 0.297138393 0.357624322 0.731161475 0.816064835
    0.633921206 0.260556668 0.907678783 0.123861313 0.900059581
    0.135008961 0.915318131 0.0300761759 0.61249584 0.942725539
    0.176358521 0.711613417 0.526855588 0.5791623 0.495646179
    0.0889791846 0.944746852 0.332519412 0.8314327 0.601174116
    0.0184345245 0.316287279 0.0973632336 0.404842317 0.335491985
    0.0444472134 0.790372372 0.711283803 0.326397032 0.642950058
    0.885793924 0.211576045 0.909934878 0.747979164 0.17144987
    0.870372534 0.690549433 0.088436991 0.462730348 0.722880423
    0.0861166716 0.754235268 0.449412197 0.447633028 0.479582906
    0.227100223 0.51469624 0.818691015 0.262881696 0.0833289325
    0.155006349 0.0483849943 0.486028016 0.460456967 0.299600869
    0.236499071 0.755571246 0.958710313 0.259860635 0.270549715
    0.394157946 0.683551431 0.947914302 0.45662716 0.138671905
    0.893088758 0.777525306 0.226082027 0.697437525 0.346849442
    0.709665895 0.725406885 0.678406298 0.215757638 0.0435559154
    0.811242342 0.471990794 0.839239001 0.400748134 0.34632805
    0.587032318 0.217039496 0.250179231 0.0321470797 0.936140418
    0.821242809 0.347354263 0.948930025 0.113933146 0.45610553
    0.0510233045 0.488347024 0.876684308 0.634539008 0.89422524
    0.490340859 0.873832941 0.0748302937 0.214017153 0.360291839
    0.262033999 0.535429001 0.295063138 0.351767093 0.0237684846
    0.812885404 0.814175606 0.751968741 0.336639524 0.0605585575
    0.644517899 0.693608284 0.0727417767 0.509665251 0.838372588
    0.279772878 0.402838051 0.0309745967 0.506784618 0.962346315
    0.685959816 0.743305743 0.935116768 0.0576709211 0.661828995
    0.974541903 0.0724492967 0.449408293 0.202971131 0.805445492
    0.961015105 0.0637888014 0.74421376 0.374120682 0.906534493
    0.834977031 0.349177212 0.682918608 0.445763499 0.723661304
    0.488751262 0.178841978 0.461760283 0.0700061917 0.905818939
    0.76857245 0.551451683 0.600120664 0.851308763 0.845725417
    0.552704871 0.147395253 0.322861463 0.851126194 0.862694383
    0.737173378 0.152431369 0.839052558 0.186184078 0.872701764
    0.15345636 0.30228585 0.826649725 0.78522712 0.554481983 0.369561732
    0.559852481 0.0937721133 0.962638259 0.15143761 0.894174218
    0.890989184 0.986605823 0.137463301 0.113459975 0.0874711573
    0.831372738 0.0919217169 0.817625403 0.175999671 0.853652239
    0.12722981 0.660280466 0.568469226 0.384949207 0.445831597
    0.111409575 0.867849231 0.00554314256 0.626692116 0.952528
    0.41864872 0.0072774291 0.0536195934 0.748373508 0.406677425
    0.439130008 0.188259304 0.0408297777 0.621997356 0.261122882
    0.230803818 0.968886256 0.978352129 0.877724349 0.538477182
    0.866991401 0.198511124 0.82833302 0.390631944 0.509385347
    0.272583842 0.622527301 0.243105233 0.0193438828 0.978854895
    0.444928646 0.991575062 0.984513879 0.706387997 0.798514187
    0.779181719 0.76754272 0.748695254 0.492898524 0.919389188
    0.771376669 0.456428647 0.440271676 0.0154432654 0.28672725
    0.824075937 0.0289406478 0.979182839 0.809044898 0.99090147
    0.248736382 0.129621804 0.588116884 0.158321857 0.806391776
    0.500484467 0.423130214 0.215234667 0.9459759 0.638716459
    0.660971284 0.378058344 0.141380757 0.204989016 0.866040468
    0.22009474 0.651773691 0.930657268 0.328109384 0.114385098
    0.835551977 0.428087056 0.407438248 0.742031097 0.992882609
    0.10122177 0.227349728 0.077091068 0.390884876 0.279919595
    0.692123711 0.530776083 0.412850857 0.0552246571 0.710762978
    0.91617918 0.182901055 0.0456496775 0.128485471 0.350261927
    0.217827201 0.00107908249 0.413105547 0.828130424 0.896595955
    0.679738641 0.912538886 0.474874318 0.022759527 0.297039777
    0.388091654 0.410312235 0.989379168 0.724407732 0.406163335
    0.368814945 0.321479112 0.611465454 0.0566115081 0.749752998
    0.497062236 0.00460404158 0.581331134 0.200108647 0.768110275
    0.424732804 0.404186457 0.161317706 0.383443594 0.427765489
    0.321925282 0.752879322 0.577590406 0.637734413 0.765654683
    0.961815715 0.246781319 0.140380025 0.974673629 0.766420364
    0.929762781 0.143025368 0.352049053 0.0827823877 0.312260956
    0.0183355212 0.672758222 0.486843824 0.763216972 0.0556088388
    0.928430676 0.365621239 0.93518579 0.753088772 0.983585715
    0.559278965 0.323062152 0.846277475 0.933024764 0.229222476
    0.446037829 0.371421516 0.82916677 0.235598266 0.51607126
    0.551347494 0.753096819 0.402770638 0.993170679 0.69397372
    0.353081465 0.0764982998 0.0228584707 0.692041397 0.730046213
    0.930619895 0.0628459454 0.0354794562 0.12614131 0.104992151
    0.585771024 0.172060609 0.161423683 0.278845787 0.531031609
    0.251647949 0.23615548 0.752300918 0.00770360231 0.540696383
    0.0337821841 0.731274724 0.918511093 0.134758621 0.964073718
    0.956083834 0.414768666 0.462270617 0.0805290937 0.598945975
    0.260191858 0.0744565427 0.557108819 0.664128244 0.758523941
    0.0754538774 0.755999923 0.274630725 0.740682065 0.522076666
    0.809941173 0.996161342 0.880638599 0.92134428 0.562653601
    0.732045889 0.980712295 0.545758247 0.00743448734 0.735761285
    0.0103219748 0.229437679 0.983249307 0.0885387063 0.10207665
    0.350070536 0.28275007 0.792708218 0.451849043 0.0186159313
    0.0304116607 0.207139254 0.623729348 0.840974629 0.25206992
    0.365889966 0.546399355 0.832611322 0.316578627 0.120729178
    0.057295084 0.0841816962 0.773674965 0.287998378 0.103985816
    0.908600569 0.820775747 0.421244323 0.151947528 0.357783377
    0.565814137 0.134050637 0.569601476 0.501059115 0.747333527
    0.47636801 0.20707044 0.0145506859 0.782543421 0.259854376
    0.645618618 0.586136639 0.929804742 0.0102199912 0.462012082
    0.157268107 0.305523932 0.369819641 0.91576606 0.130228043
    0.412410557 0.454835981 0.26784128 0.0198900998 0.417477489
    0.242673814 0.0204876363 0.179951727 0.797809362 0.673073173
    0.28853327 0.0120612383 0.362907529 0.993479609 0.841111243
    0.636013091 0.892287254 0.684875011 0.201747239 0.957672238
    0.314253867 0.0892078578 0.159542263 0.791343093 0.468786389
    0.723700643 0.170613497 0.756772041 0.956761062 0.864095867
    0.804793656 0.732975781 0.492937446 0.0437627137 0.477233499
    0.326958805 0.699117184 0.708352089 0.38461864 0.879143596
    0.833315551 0.454647273 0.910759032 0.799253345 0.0763142407
    0.971846938 0.437793285 0.460814506 0.631679714 0.390854955
    0.732000291 0.848555446 0.996687174 0.223854691 0.495763987
    0.560273886 0.871440411 0.492618918 0.705217719 0.361084878
    0.850557208 0.5602386 0.423373461 0.71675992 0.485731781 0.331548691
    0.438932657 0.143948734 0.377206504 0.326084107 0.332351565
    0.734325528 0.833274484 0.802570105 0.678693831 0.28470248 0.1152291
    0.0924277902 0.897658527 0.35315764 0.561747789 0.784640193
    0.614689231 0.593084812 0.399092764 0.255775124 0.228860259
    0.547491908 0.297425389 0.747647345 0.101412296 0.579278588
    0.950399399 0.658517838 0.618614137 0.976576805 0.809178174
    0.693644345 0.273679078 0.782050669 0.262727201 0.164877534
    0.508763015 0.718698025 0.479635745 0.991759062 0.954080462
    0.285953283 0.734549105 0.950189114 0.957273483 0.255972326
    0.063352257 0.995425701 0.550612509 0.153846979 0.88174355
    0.986742377 0.970187306 0.102160811 0.884465933 0.5067662
    0.127975225 0.448314637 0.139663011 0.241434276 0.680676639
    0.717442155 0.337828964 0.775536895 0.913733959 0.257987022
    0.222405016 0.957409263 0.781379819 0.254992664 0.0132955015
    0.701735675 0.361247182 0.258535802 0.448809475 0.941928864
    0.229494661 0.991336346 0.664140224 0.0726704001 0.57913065
    0.124739528 0.640950441 0.373284698 0.687831163 0.791896522
    0.931286812 0.723532319 0.776359916 0.616148829 0.57006979
    0.278310359 0.813022852 0.493638813 0.870051503 0.736412406
    0.28912279 0.0117358565 0.596452713 0.66576767 0.748647332
    0.768712044 0.622981131 0.472278446 0.53834784 0.778706372
    0.715571523 0.840894341 0.0581681132 0.967285156 0.525212049
    0.0359794796 0.0367304087 0.0134793818 0.83526051 0.634136558
    0.295198143 0.423480004 0.902208626 0.554071188 0.445151508
    0.527373075 0.665027976 0.478734761 0.90211916 0.130956113
    0.107153773 0.292708516 0.943554282 0.412955135 0.821419954
    0.0597575009 0.578421235 0.331225574 0.77843678 0.932573736
    0.174599379 0.921083927 0.918215156 0.750186861 0.192209661
    0.154294699 0.511081457 0.467697293 0.183701605 0.950787306
    0.35559696 0.301417649 0.743845999 0.731833935 0.0937779844
    0.699529767 0.554554522 0.227359235 0.372413397 0.648626626
    0.116197765 0.425718188 0.359013081 0.533412457 0.331716537
    0.318130732 0.690945208 0.469532818 0.172022641 0.839817405
    0.802547336 0.76349169 0.0252794027 0.326470017 0.351029724
    0.0852696598 0.833556414 0.948979616 0.290583432 0.265425622
    0.0799603462 0.305229485 0.642463267 0.0711885095 0.119584471
    0.596243739 0.2413764 0.363226622 0.467544556 0.794860721
    0.907337129 0.885794401 0.209873319 0.788843036 0.338953853
    0.738548875 0.744818687 0.636134505 0.777886093 0.999643087
    0.049700141 0.31098187 0.236942023 0.752065301 0.106239587
    0.587618768 0.354519576 0.397299439 0.516849756 0.0103935003
    0.658590078 0.16768676 0.246823043 0.966320932 0.419270694
    0.386133909 0.487482637 0.525275886 0.907707334 0.497482568
    0.0243984461 0.436833709 0.743383467 0.146451682 0.736783326
    0.283729523 0.360943705 0.292966187 0.981607199 0.784739554
    0.267844409 0.157367229 0.127225071 0.727116525 0.679651856
    0.601425827 0.295042604 0.238321364 0.230687797 0.773064673
    0.65772903 0.641191721 0.286553025 0.136468589 0.915735364
    0.297873199 0.572161853 0.385838717 0.250349879 0.604328036
    0.223460287 0.623044968 0.369383931 0.716561496 0.947136641
    0.136722386 0.0399573445 0.316230118 0.85010761 0.0484689474
    0.335633576 0.97664696 0.113887101 0.208146721 0.605355144
    0.395836771 0.688304901 0.903174877 0.826499164 0.616282761
    0.562422693 0.911087871 0.272806257 0.100074679 0.0377269685
    0.239976078 0.352960736 0.3263731 0.305375338 0.678582132
    0.757235646 0.929768801 0.414765507 0.403201997 0.27939719
    0.99229753 0.0734049678 0.805580318 0.31148237 0.805337191
    0.863853276 0.571964502 0.0836857557 0.833375454 0.00611907244
    0.286891758 0.628031969 0.621247888 0.866986156 0.36640361
    0.515096664 0.330984473 0.0311392248 0.413539678 0.137973011
    0.981898785 0.554540932 0.0492485762 0.963569462 0.194379419
    0.650250137 0.389320254 0.753121614 0.21636188 0.331816494
    0.15002203 0.545381367 0.80367136 0.756533146 0.110713869
    0.881046593 0.430172324 0.821115851 0.916379273 0.290475309
    0.503030777 0.092184186 0.705896139 0.540937185 0.0967959762
    0.471057683 0.13361302 0.470536739 0.648336768 0.808242559
    0.539829314 0.204131544 0.996735811 0.524134755 0.700298071
    0.298400491 0.376622647 0.516990125 0.795874596 0.835555315
    0.260316491 0.862852573 0.394676626 0.947283864 0.922991157
    0.467970997 0.616092682 0.393206418 0.828991473 0.596276045
    0.558490455 0.232641309 0.937953055 0.904683471 0.252440989
    0.406526029 0.557744801 0.902183533 0.899492502 0.394103348
    0.035060674 0.169219196 0.656704247 0.770801723 0.714682221
    0.596748888 0.121130645 0.527140319 0.149930745 0.286190063
    0.141520232 0.177077174 0.00491991639 0.393656552 0.331395745
    0.209285557 0.196038336 0.896832824 0.621625364 0.785270751
    0.816484571 0.991459906 0.911457837 0.511642575 0.427627981
    0.648215532 0.683890164 0.393198818 0.175024301 0.878010154
    0.36173898 0.0553223789 0.548975348 0.760463834 0.754607916
    0.368509889 0.995867133 0.670141935 0.246756375 0.417225182
    0.804422259 0.169597685 0.906949937 0.503827333 0.831500649
    0.981732845 0.194329679 0.223215967 0.381551087 0.510631323
    0.984007657 0.152005523 0.245760173 0.96285367 0.17412138
    0.131674677 0.0690928698 0.626348913 0.880799055 0.473350585
    0.0362612605 0.598146915 0.491977453 0.169128537 0.372167438
    0.910164177 0.561143339 0.0606570244 0.573184371 0.273242593
    0.847747684 0.764386773 0.172526747 0.397493273 0.277837336
    0.774459958 0.771647334 0.235129923 0.0879722834 0.385283291
    0.532507837 0.726493597 0.958815992 0.265551329 0.37773335
    0.630623817 0.0791625082 0.343093872 0.468644351 0.579501987
    0.39115724 0.592353165 0.0420141518 0.289260983 0.166881979
    0.817941308 0.974962711 0.646002412 0.305806518 0.801467359
    0.953839302 0.321345955 0.727119148 0.642717242 0.977301419
    0.266281605 0.0247607529 0.735666394 0.323874295 0.396064162
    0.481868118 0.0157136917 0.286168575 0.537797749 0.755495429
    0.993204296 0.25992316 0.770399094 0.609627664 0.81747365
    0.452138335 0.730765581 0.678924918 0.359219491 0.175051481
    0.386859596 0.0807131231 0.0956643522 0.209530264 0.387835115
    0.0569696426 0.329235286 0.582860291 0.363402873 0.784207702
    0.228682339 0.597708046 0.929270506 0.340445995 0.662380338
    0.108162642 0.37602067 0.555309057 0.315298617 0.171782494
    0.999664545 0.179118901 0.722882986 0.27574271 0.361263156
    0.0501565933 0.0654156208 0.16924265 0.300390899 0.0171599686
    0.72654438 0.295370817 0.644315362 0.221849233 0.509916544
    0.0988171995 0.423886776 0.643280208 0.498528719 0.000886678696
    0.355910271 0.310799301 0.965114832 0.404795319 0.332790494
    0.0222099721 0.696380317 0.258067369 0.542869031 0.177424252
    0.985185385 0.0400966406 0.125583768 0.0126160383 0.0922787488
    0.0246606469 0.532695353 0.645510912 0.12972039 0.0888666213
    0.351317286 0.608053207 0.139216751 0.516720474 0.400123239
    0.143778801 0.0840352774 0.615272462 0.243097603 0.743499994
    0.482536644 0.339850396 0.490124553 0.110266834 0.253016472
    0.839491427 0.00474491715 0.461506665 0.97999239 0.954228401
    0.734545767 0.549316466 0.436063945 0.587684989 0.337510735
    0.778311014 0.488850802 0.217990518 0.270250469 0.0717942119
    0.706326485 0.228352576 0.554858088 0.0661412776 0.216837138
    0.791087925 0.676896513 0.599741995 0.453412235 0.337639153
    0.475061864 0.281082451 0.632815003 0.74470377 0.974205852
    0.789282501 0.9124825 0.528499663 0.220135659 0.0037715435
    0.771965921 0.179922223 0.598679006 0.152234882 0.352514386
    0.171963155 0.191959411 0.145261973 0.88646996 0.974305034
    0.0336033404 0.0919203162 0.559744358 0.307071984 0.918346882
    0.0252942443 0.0999895334 0.700339854 0.395611763 0.162514329
    0.840190828 0.951598525 0.351372898 0.519990385 0.309153795
    0.285284877 0.496677011 0.886957347 0.0414521694 0.00123745203
    0.279212862 0.91643405 0.371840835 0.217205614 0.267959058
    0.0252505243 0.51861167 0.581201613 0.043964237 0.867297173
    0.29050073 0.725174546 0.409268767 0.92407769 0.720209122
    0.167482674 0.476889133 0.212735921 0.963948727 0.0140617788
    0.021958828 0.890463471 0.267673314 0.0858750641 0.0101441145
    0.0777878761 0.0786589086 0.428578854 0.603479743 0.119687855
    0.0993726254 0.442533016 0.251183242 0.9411484 0.106398731 0.512842
    0.443944812 0.148811579 0.625571966 0.12587741 0.345661759
    0.257059455 0.231072664 0.696965158 0.990148067 0.562688887
    0.656122565 0.776826978 0.263813049 0.175160378 0.731184542
    0.312169969 0.952002168 0.287729949 0.400595069 0.385926217
    0.202671945 0.103405565 0.119635165 0.671086431 0.670136511
    0.308910578 0.34936136 0.206887931 0.453106433 0.31457147 0.93136543
    0.248627841 0.000212848186 0.757070005 0.63331902 0.22508049
    0.506261468 0.984355211 0.233150154 0.913590848 0.175275087
    0.420797288 0.124686897 0.88317734 0.492941886 0.758452535
    0.276698589 0.628938556 0.439300716 0.273203343 0.731949449
    0.707123816 0.327085972 0.883077502 0.134593666 0.258342385
    0.265044123 0.614499748 0.586303473 0.737288117 0.0703961849
    0.948133051 0.117356062 0.63544172 0.0159763992 0.0278607309
    0.20790562 0.262005866 0.909118414 0.376600385 0.840738535
    0.396560758 0.873573005 0.208915472 0.644722104 0.860877156
    0.402726114 0.107830226 0.595394552 0.303204209 0.926560879
    0.421630412 0.964283586 0.506263912 0.428349823 0.353123009
    0.645181179 0.444504261 0.78188026 0.67318809 0.348626375
    0.466430992 0.35516417 0.670577407 0.384408295 0.892505407
    0.676401317 0.442611963 0.823413372 0.197645009 0.929159641
    0.626586556 0.0389553607 0.912500858 0.673554778 0.195953041
    0.508860767 0.303498209 0.879594505 0.86061275 0.980307341
    0.537146926 0.16109547 0.925588489 0.00514981151 0.372114152
    0.756372809 0.422219038 0.386153966 0.534864187 0.32541585
    0.827553749 0.235517651 0.174548477 0.215122491 0.0751012266
    0.973447442 0.522851706 0.0663240552 0.860105038 0.369115353
    0.903351068 0.341064513 0.275574207 0.586473107 0.20881629
    0.291087121 0.357402176 0.446674824 0.315546572 0.073482275
    0.626075149 0.239766121 0.824511528 0.0551995933 0.812375784
    0.579264045 0.498101979 0.149820447 0.700979829 0.404417932
    0.488277793 0.657159567 0.686616659 0.0238052905 0.156128258
    0.716168463 0.54599607 0.0837182701 0.968218565 0.504678786
    0.989756823 0.704886973 0.727789879 0.344278365 0.174413353
    0.422754794 0.418388426 0.263225555 0.704239368 0.309442282
    0.173482716 0.592534661 0.275917232 0.0391706526 0.982154131
    0.773778737 0.663650751 0.767974257 0.93322444 0.936094224
    0.86642462 0.679830074 0.106314719 0.805327654 0.564247191
    0.346326947 0.407818466 0.196727306 0.39608416 0.399754822
    0.155872911 0.554373324 0.800707579 0.978382111 0.5331496
    0.779777765 0.074683249 0.765883327 0.443116426 0.452915519
    0.162111729 0.871974409 0.0656275749 0.450101018 0.0739201307
    0.66330415 0.479746312 0.307156205 0.617075861 0.840564966
    0.363165796 0.699495077 0.864447355 0.193272263 0.351113111
    0.11319083 0.506971478 0.679321527 0.976189017 0.58340466
    0.397203803 0.42568472 0.933763862 0.489679515 0.490808845
    0.885040581 0.344615936 0.242615938 0.102119118 0.584909558
    0.806575894 0.675045967 0.859982967 0.804535031 0.763379931
    0.586866438 0.991750777 0.21367541 0.787400842 0.0762251616
    0.854165733 0.0247934163 0.0524991155 0.708492875 0.633466125
    0.328264326 0.172475338 0.0808481276 0.683405638 0.700852871
    0.857713103 0.721607029 0.362092555 0.69364351 0.133404046
    0.249592155 0.0730782449 0.474014938 0.18042019 0.926108479
    0.281028092 0.891747832 0.0614542663 0.491071969 0.278976142
    0.240959227 0.584551752 0.512041032 0.592082739 0.895969152
    0.694241345 0.129591793 0.928406835 0.610696018 0.768896937
    0.837700188 0.874236226 0.497563422 0.565249622 0.0252734423
    0.253271341 0.150510162 0.291986406 0.859091997 0.745509684
    0.118272275 0.923318684 0.255356789 0.769006491 0.924160123
    0.114380568 0.292079419 0.0299094021 0.149537474 0.98465091
    0.622866392 0.406179607 0.41226238 0.33057037 0.637354553
    0.722698152 0.320392907 0.454321742 0.177408516 0.471042871
    0.650999665 0.170259565 0.196003973 0.477451295 0.527299762
    0.138234317 0.350123197 0.866824329 0.94418329 0.554555893
    0.219415963 0.867297173 0.0716377795 0.598808885 0.122873306
    0.664017439 0.768596768 0.129154921 0.208190352 0.140208781
    0.962527633 0.607361078 0.301456273 0.133844018 0.868167102
    0.265659541 0.0615792871 0.174126506 0.21660623 0.736733198
    0.508323729 0.0915249288 0.743857622 0.597282708 0.0938436389
    0.276976228 0.0551753044 0.0768984556 0.241225809 0.770854115
    0.651719451 0.597125173 0.159943163 0.765730023 0.534407496
    0.0886690617 0.814158797 0.527911186 0.00481542945 0.682360649
    0.887397528 0.696010828 0.0108369887 0.287822545 0.930934191
    0.58677572 0.390988737 0.892712414 0.369896322 0.301506937
    0.123525739 0.99278903 0.520722926 0.541270494 0.763124347
    0.937929213 0.437681168 0.834396601 0.167596519 0.603952408
    0.828232348 0.274176061 0.594184875 0.74234426 0.548715055
    0.138464838 0.954817295 0.0179801583 0.620806038 0.961490989
    0.822688341 0.107883334 0.86092639 0.0996827781 0.11885646
    0.982474208 0.821494818 0.691376686 0.579311967 0.0877593756
    0.910709858 0.379354835 0.435523212 0.0301538706 0.719274938
    0.888151288 0.51891458 0.140753508 0.729948282 0.0635883808
    0.0689088106 0.0470373333 0.114818364 0.250740945 0.877697945
    0.323593378 0.903364122 0.344051063 0.586989105 0.609714806
    0.272681236 0.488029957 0.562000334 0.412681758 0.963325083
    0.579092979 0.440850675 0.609293163 0.51353991 0.591065228
    0.51890558 0.642671764 0.0964019299 0.0166736245 0.348760933
    0.79800874 0.744274974 0.679902434 0.606568873 0.652203441
    0.749213517 0.695902169 0.281672508 0.589038968 0.598505855
    0.953039944 0.0663633943 0.606363058 0.775803685 0.394734681
    0.637767434 0.612744927 0.515430152 0.102016151 0.930854201
    0.0891129971 0.210309654 0.761859655 0.444283634 0.113365769
    0.651674747 0.109083623 0.565549076 0.492773235 0.457179219
    0.135641575 0.108047098 0.155551255 0.283279002 0.273840547
    0.208534747 0.306068778 0.747582376 0.342179835 0.822789192
    0.180380762 0.472300023 0.985078573 0.0781957209 0.657398224
    0.123196661 0.766462326 0.0216194987 0.461252213 0.000370383263
    0.74590683 0.833178878 0.446126729 0.198662072 0.660151243
    0.613517284 0.367016792 0.868118644 0.24816364 0.592740536
    0.32895261 0.561305821 0.406950504 0.841576517 0.355468422
    0.417769104 0.247931987 0.0210245848 0.309761405 0.734372377
    0.220899254 0.510890245 0.517045677 0.543158531 0.653539956
    0.917579949 0.245806009 0.962717235 0.979100049 0.0315049887
    0.893862486 0.258964241 0.265267789 0.54276222 0.631060362
    0.821100712 0.156285584 0.859595299 0.907063484 0.527279675
    0.570211887 0.121649563 0.301656365 0.536262751 0.225428581
    0.789208055 0.0172902644 0.769846201 0.736747563 0.900639296
    0.876674116 0.391068757 0.432752788 0.36335361 0.780493975
    0.833149433 0.616387308 0.867982209 0.479952633 0.46842742
    0.219495565 0.945401788 0.167391747 0.58154577 0.61805284
    0.329103947 0.863187909 0.187431842 0.74366039 0.820361972
    0.11975351 0.742393732 0.597433627 0.238174468 0.453564227
    0.167705029 0.243759453 0.838165104 0.139982849 0.814153373
    0.467574775 0.676333785 0.464507759 0.965249121 0.923313141
    0.838779092 0.342756629 0.560522616 0.617200315 0.543009102
    0.0352942944 0.891461074 0.0499116778 0.350444973 0.0835776925
    0.891789436 0.635012746 0.749341488 0.287762225 0.371673405
    0.779722571 0.517438471 0.913585365 0.487597197 0.903216839
    0.335434973 0.692243695 0.318906426 0.251120925 0.738961697
    0.963314056 0.482249767 0.435293734 0.911378741 0.853434801
    0.306213439 0.371439338 0.91116178 0.937403381 0.118707895
    0.245771825 0.671781719 0.983920336 0.933065236 0.578653216
    0.824996948 0.187507063 0.274941653 0.94184196 0.0185616016
    0.541762233 0.987525821 0.031699568 0.906952858 0.531027794
    0.440646708 0.533705771 0.236974478 0.210904181 0.035322547
    0.541826546 0.230771065 0.303291678 0.143910915 0.20088765
    0.144496471 0.481923938 0.230523705 0.897908688 0.685782433
    0.807104588 0.723414779 0.502747536 0.313833833 0.135917336
    0.695783138 0.614175379 0.50682205 0.299689144 0.226677358
    0.523117483 0.321863979 0.971656561 0.1028651 0.13192904 0.562671304
    0.083255738 0.507282436 0.554144025 0.424809515 0.832672775
    0.233789444 0.302152425 0.823865771 0.597115219 0.490986735
    0.026809901 0.213284582 0.0926027 0.348591119 0.293008089
    0.218284518 0.0876704454 0.529017806 0.270892084 0.261483401
    0.40850547 0.341735959 0.942523122 0.716225624 0.219988078
    0.812420666 0.367966384 0.174529046 0.806038141 0.593060851
    0.469406247 0.590784729 0.127342105 0.319092155 0.757211685
    0.0116825104 0.505823076 0.640222073 0.130604774 0.677489698
    0.242343247 0.418877125 0.261960536 0.842410624 0.926888347
    0.589020193 0.563064814 0.664726436 0.424244225 0.171886086
    0.806135774 0.106199056 0.844715714 0.463265806 0.784519792
    0.696946919 0.122441381 0.00393596292 0.0885377228 0.00570425391
    0.601445794 0.529937744 0.549758136 0.139861792 0.527662694
    0.934420109 0.0839759707 0.0762630701 0.920010567 0.0394675136
    0.620911896 0.488488734 0.139069259 0.613443017 0.707984686
    0.0362481773 0.841114759 0.648237348 0.493622124 0.713976324
    0.763991117 0.230397105 0.317715943 0.842845201 0.389894783
    0.601481915 0.4033418 0.765001178 0.295164466 0.897841632
    0.101362556 0.340174854 0.139823526 0.937410951 0.515734136
    0.144283563 0.279727817 0.298151195 0.786312222 0.569265723
    0.162814468 0.124217629 0.480702847 0.955215394 0.100084096
    0.185116857 0.394847989 0.883807957 0.173869282 0.838097572
    0.261901677 0.101757526 0.144022644 0.322662354 0.330457807
    0.161136627 0.755617499 0.422095776 0.366630882 0.412726462
    0.900887847 0.196305335 0.59213835 0.395252138 0.526034653
    0.340957433 0.964895487 0.0654001236 0.34587872 0.753035545
    0.846647739 0.475366294 0.477607131 0.856554806 0.521262228
    0.280646801 0.32859841 0.261831582 0.908104062 0.907662392
    0.323315799 0.441081762 0.115071535 0.244098037 0.244566709
    0.0768909752 0.926499605 0.297532707 0.564525604 0.506886959
    0.527286232 0.631347477 0.517879725 0.820218563 0.983568251
    0.0182265341 0.0033505559 0.378901631 0.920896053 0.240182489
    0.87602675 0.449838042 0.214020014 0.882194638 0.0722267926
    0.0222394764 0.584206402 0.64381671 0.64711833 0.28080371
    0.846089721 0.484164178 0.747844219 0.396915793 0.187563062
    0.272042274 0.359080732 0.569444358 0.336747468 0.450240493
    0.126126915 0.680978775 0.532835484 0.401897192 0.891880631
    0.235536218 0.851066828 0.583419442 0.34945935 0.0827420354
    0.318461865 0.0209033489 0.720039308 0.984905899 0.702014387
    0.499936074 0.836074829 0.7684533 0.220667839 0.188042998
    0.602336109 0.879974246 0.427657396 0.742866337 0.642318189
    0.522256911 0.531203628 0.742509484 0.183721483 0.856102705
    0.15661487 0.849074185 0.0701978803 0.79229027 0.890300333
    0.0762866139 0.263616443 0.16386193 0.206548989 0.387379885
    0.305595964 0.308757126 0.810087681 0.734751463 0.106258541
    0.490237415 0.72308439 0.0522557795 0.750342846 0.245157629
    0.838915169 0.485421926 0.578416109 0.688228011 0.57563132
    0.202161163 0.132444739 0.544119179 0.930493355 0.33433035
    0.526084721 0.605166316 0.747191489 0.657154977 0.44681257
    0.00433126092 0.338192731 0.429109037 0.0267795622 0.30338186
    0.966086984 0.653571725 0.751382828 0.0693286359 0.506267428
    0.440399081 0.19692114 0.305249542 0.710891902 0.761796355
    0.307011366 0.845787644 0.00966751575 0.90481317 0.0458175242
    0.932706833 0.121121675 0.981385589 0.989880681 0.98976624
    0.139555812 0.660937071 0.166446418 0.380444825 0.272138059
    0.175424814 0.754165173 0.836432517 0.738300323 0.623007178
    0.162968874 0.0835246742 0.0104634762 0.531605601 0.702433586
    0.708352327 0.0195357502 0.652095914 0.378799438 0.78835094
    0.513751328 0.10902831 0.291668028 0.145423323 0.431499273
    0.899188876 0.0599306822 0.161580503 0.831424832 0.542247951
    0.994502842 0.375594079 0.518045127 0.19146654 0.0670168698
    0.998370647 0.0938605368 0.649946451 0.0460350513 0.712890625
    0.145601839 0.810516119 0.0548666418 0.10142231 0.0508696735
    0.548928022 0.523867667 0.290616751 0.144567788 0.857892752
    0.130425096 0.666430652 0.558184922 0.56080389 0.549156606
    0.64530611 0.557384014 0.504675031 0.780271053 0.38319537
    0.211540014 0.653838158 0.0911043286 0.509775579 0.931376934
    0.951130509 0.1796951 0.0919976234 0.782484174 0.912791729
    0.943054199 0.852860212 0.238684326 0.806320429 0.434859902
    0.123737752 0.0043822825 0.519842803 0.507762849 0.100167751
    0.0225220919 0.447883695 0.883112907 0.0235839784 0.625373304
    0.856217504 0.711648107 0.900544047 0.542324483 0.985637665
    0.494310707 0.0136739612 0.554445386 0.591924191 0.0945641398
    0.714287221 0.944419026 0.956156492 0.260452688 0.606403172
    0.388174593 0.554109931 0.0998879075 0.470633298 0.280100584
    0.562706947 0.113013268 0.430742025 0.20075047 0.740172982
    0.264077067 0.755067945 0.386140853 0.505672097 0.820629239
    0.0897426903 0.894469261 0.0228388011 0.260795534 0.684187591
    0.566959977 0.348542213 0.59179008 0.514516413 0.721523702
    0.724128604 0.401050985 0.528851807 0.601275504 0.144662052
    0.352721602 0.599223197 0.862294078 0.911724448 0.926073253
    0.567474365 0.0808501542 0.879355967 0.940944195 0.244580418
    0.24753505 0.412333071 0.531388462 0.671561956 0.430890203
    0.37784332 0.530602157 0.47432968 0.00992879272 0.558247447
    0.964620233 0.501262009 0.280522704 0.978028893 0.027187109
    0.197360754 0.479040056 0.68125087 0.91851902 0.471952051
    0.698546827 0.759295642 0.910224795 0.147814274 0.637298226
    0.895233274 0.808511019 0.204664081 0.148737043 0.643731654
    0.103861213 0.302936584 0.643716693 0.923515677 0.466035098
    0.987348318 0.318131298 0.287296951 0.209721178 0.0150968432
    0.833016753 0.435640037 0.53221333 0.39214167 0.961170554
    0.353515834 0.667281926 0.18710646 0.179668933 0.229238957
    0.421199083 0.524355888 0.722324967 0.922501087 0.865751803
    0.822921634 0.872342765 0.0551955402 0.0202852488 0.526697695
    0.305374205 0.776005268 0.295551419 0.360620707 0.230958343
    0.709368467 0.303167343 0.288423717 0.101187497 0.290495992
    0.661731362 0.561480582 0.586949229 0.933914423 0.00201752782
    0.705594122 0.781911075 0.303535938 0.0909670591 0.935844421
    0.24307242 0.927794099 0.340352297 0.668204188 0.399604946
    0.513569236 0.452300489 0.0756575167 0.706248105 0.45187512
    0.230328321 0.431002498 0.619424522 0.920526087 0.195052534
    0.326868415 0.932550311 0.455565542 0.366167188 0.323479593
    0.548414648 0.195595741 0.27162233 0.713999271 0.0576550364
    0.338885069 0.71866703 0.110752672 0.822512805 0.693941712
    0.377142191 0.0267739892 0.373801678 0.331869841 0.759060502
    0.238252848 0.181212187 0.928834915 0.471756339 0.454045892
    0.0772975981 0.501358211 0.263794333 0.373389423 0.942066312
    0.193976104 0.421706349 0.247700691 0.467652202 0.280693442
    0.784567714 0.0438632667 0.923852205 0.917876661 0.722060442
    0.559738934 0.896878302 0.50389272 0.233738035 0.513558209
    0.178370655 0.186820358 0.959463358 0.980426192 0.265790433
    0.880661786 0.376669735 0.295198023 0.560808063 0.44211328
    0.882108808 0.594854474 0.656851053 0.576998234 0.861152589
    0.460371792 0.986615121 0.557572663 0.321665883 0.60543859
    0.85204649 0.606291175 0.80163455 0.474326581 0.823257923
    0.385802567 0.685491443 0.108049661 0.639259458 0.562615633
    0.767761946 0.590475261 0.0313716829 0.416724443 0.800017834
    0.708307981 0.0158655643 0.312356651 0.815661192 0.237659872
    0.421949804 0.390951395 0.0020428896 0.382904857 0.237265199
    0.818457961 0.68341583 0.362230957 0.050917834 0.594774008
    0.127213299 0.702870607 0.878952742 0.950773954 0.991576314
    0.21849969 0.710528135 0.53989023 0.370959818 0.334167004
    0.269336045 0.765511513 0.613178968 0.424788564 0.615847647
    0.292562664 0.335511684 0.52607882 0.637842655 0.00559934974
    0.955031693 0.549809456 0.257437348 0.398608983 0.789674401
    0.236505449 0.663969815 0.374862731 0.236000687 0.176133662
    0.390797198 0.696151435 0.661676526 0.493397027 0.616571069
    0.539899945 0.216834068 0.773392677 0.400127351 0.296392024
    0.182278425 0.236367881 0.844967902 0.630731523 0.893188357
    0.423870265 0.675606012 0.0719702244 0.700830817 0.258615553
    0.526460588 0.653444529 0.697148561 0.762063622 0.828901052
    0.73023808 0.0714348853 0.286152542 0.378436357 0.875292778
    0.914137363 0.875259161 0.605389476 0.635596275 0.283306599
    0.897258759 0.788511157 0.00462186337 0.321798146 0.836427689
    0.322922051 0.663982868 0.40893352 0.938061714 0.0940933824
    0.406690061 0.934858322 0.687481761 0.300111592 0.604223907
    0.859256625 0.0872935653 0.121087134 0.523749828 0.512127936
    0.389748693 0.221982181 0.576886594 0.400802553 0.699009061
    0.9610008 0.0501911938 0.0775108635 0.28323245 0.213696808
    0.385533214 0.560555935 0.948726416 0.563347459 0.977931738
    0.244432122 0.664870083 0.994643092 0.13726756 0.745618224
    0.431420416 0.778706789 0.774418592 0.903359413 0.52392751
    0.745176315 0.0618164241 0.371418715 0.87904501 0.345806062
    0.37780869 0.650842667 0.858085096 0.94275099 0.203732431
    0.424602419 0.0696221292 0.427854657 0.19437775 0.197151393
    0.717412353 0.21787709 0.148225963 0.384061933 0.251353741
    0.735162377 0.402335227 0.981242657 0.505201638 0.203125745
    0.510224998 0.859651923 0.624413013 0.864747107 0.421361864
    0.530810595 0.815056086 0.434110343 0.254157931 0.0927936435
    0.0443098843 0.892152667 0.412085116 0.818333745 0.930365801
    0.580877662 0.0440367758 0.232509613 0.418474793 0.192783892
    0.896146178 0.299439788 0.476958334 0.841013372 0.0220209658
    0.486771345 0.983981431 0.487514406 0.289777637 0.0816681087
    0.735281706 0.912647605 0.31427896 0.829656422 0.890254021
    0.629274964 0.426524431 0.0548448861 0.866718173 0.735971153
    0.388792723 0.92263341 0.255627543 0.303256869 0.415968299
    0.523777544 0.207601547 0.313624889 0.326745689 0.138058186
    0.0912946463 0.187644899 0.149274319 0.14271307 0.935865045
    0.542614102 0.131751806 0.46319145 0.207286835 0.324611306
    0.425572336 0.884410441 0.600317001 0.0285411477 0.522357225
    0.957331657 0.533826172 0.109352589 0.164358824 0.851695776
    0.304569542 0.240418106 0.605885804 0.309722185 0.437352389
    0.224908322 0.169182271 0.510091841 0.585057855 0.00309103727
    0.764361024 0.810058951 0.948756695 0.435200155 0.381699294
    0.537358344 0.201494724 0.0797816813 0.71490562 0.648575783
    0.0885325968 0.0938653052 0.696521461 0.139969498 0.395651221
    0.443420649 0.445683241 0.486341089 0.815435648 0.165687859
    0.689158618 0.0626889765 0.492725194 0.400612235 0.65268153
    0.165636122 0.399578631 0.133254707 0.560574651 0.3329193
    0.0679104924 0.112736136 0.924954414 0.000529587269 0.639947653
    0.425086439 0.682894886 0.0358343124 0.450571001 0.199543417
    0.935858667 0.134942681 0.160404563 0.693140447 0.758233011
    0.662875354 0.388684988 0.337393224 0.978572369 0.89649868
    0.462442696 0.353593349 0.618542314 0.775150895 0.97407341
    0.94273293 0.926506519 0.773824811 0.860252321 0.613849461
    0.00528582931 0.0760689676 0.427282661 0.0891865194 0.172328442
    0.019579649 0.0377843082 0.719953954 0.613328695 0.331999362
    0.34108901 0.669530332 0.51462549 0.00551402569 0.753765941
    0.700131893 0.0483538508 0.0643420815 0.798046887 0.995545208
    0.557598233 0.462007672 0.758311152 0.0225767195 0.623039722
    0.750743628 0.272493511 0.94302547 0.522297025 0.670255125
    0.775374949 0.737666011 0.737452388 0.526281238 0.377933443
    0.609472632 0.114215791 0.361193597 0.970144093 0.498098016
    0.45747745 0.304798424 0.511797369 0.898384213 0.379237711
    0.273488641 0.0771381855 0.834909439 0.72524029 0.258116275
    0.0032748878 0.549567461 0.205078959 0.839197993 0.360400707
    0.0601911843 0.463502228 0.604428768 0.45725584 0.662566662
    0.811268091 0.678214967 0.853142142 0.551038444 0.826255083
    0.971083522 0.813005745 0.0711891055 0.0625044107 0.636930227
    0.884127021 0.0197011828 0.959950686 0.929068506 0.078638643
    0.616153479 0.810317159 0.040081352 0.719218016 0.226395071
    0.394621134 0.0238596201 0.260738254 0.0672444105 0.0559083819
    0.500775337 0.54935956 0.620103896 0.573153138 0.498043805
    0.815894008 0.321795076 0.689779758 0.44351998 0.365916491
    0.79379493 0.109170228 0.867725372 0.454643935 0.894548535
    0.748521268 0.186265737 0.4270069 0.0742937326 0.53665328
    0.797881961 0.815804601 0.569833219 0.759427786 0.845414519
    0.927823484 0.0852183402 0.296523571 0.670837641 0.278641701
    0.859550118 0.58341229 0.405498773 0.499953419 0.147341818
    0.386707157 0.441415966 0.1927571 0.103817165 0.824315429
    0.062770009 0.908962011 0.196089447 0.0177107751 0.925258338
    0.263739735 0.522726119 0.794907928 0.96979332 0.128181547
    0.376922399 0.404551089 0.687589467 0.817700267 0.258270442
    0.130171418 0.338128328 0.620963931 0.030092597 0.239395797
    0.664942622 0.327006578 0.0935921669 0.369532555 0.484326184
    0.155553222 0.787508726 0.641097188 0.259355664 0.0123547912
    0.0609491765 0.737321854 0.101041704 0.690376759 0.544288516
    0.00608333945 0.659566045 0.80527401 0.888206661 0.170409709
    0.749928951 0.807816088 0.629800141 0.599595726 0.904950619
    0.0511784256 0.891565204 0.446154773 0.117478162 0.550470352
    0.494767994 0.125468969 0.416275501 0.931328297 0.721957564
    0.811599612 0.306969821 0.952699125 0.220721751 0.9007743
    0.141625583 0.657757998 0.875020623 0.52854079 0.727739155
    0.974918127 0.224211186 0.945714891 0.205581009 0.313450783
    0.767852247 0.139272273 0.619869888 0.772888064 0.382946521
    0.877605915 0.822627306 0.847121477 0.143728197 0.300213069
    0.20176819 0.770554185 0.636319876 0.42698881 0.818857074
    0.00927299261 0.829345286 0.915532112 0.0924105942 0.663652539
    0.0199135244 0.414885581 0.413288057 0.730258465 0.626526177
    0.415255189 0.91540128 0.953693748 0.505285859 0.375339031
    0.753304482 0.977307081 0.377845168 0.797459364 0.351903826
    0.275148571 0.875883341 0.781822085 0.704941094 0.627345562
    0.150933981 0.824549735 0.596999466 0.067432642 0.53044939
    0.499889582 0.265286565 0.708719134 0.563893259 0.00396987796
    0.221482396 0.579571366 0.241861641 0.100424349 0.49207291
    0.40686065 0.63242048 0.178710312 0.368495584 0.222193569
    0.534539938 0.64897877 0.186791629 0.251923233 0.132765561
    0.294486254 0.577865839 0.586415291 0.659582853 0.895146966
    0.0269203484 0.748983085 0.424796104 0.766739488 0.408640176
    0.0548536777 0.0985628664 0.968356967 0.0305070579 0.781257868
    0.994654179 0.186862469 0.108563095 0.174987197 0.861578882
    0.457395911 0.0568130314 0.631608605 0.241633952 0.784439683
    0.486301303 0.687257588 0.381933719 0.370520175 0.728971422
    0.533540308 0.0723299384 0.1638695 0.194340765 0.483307868
    0.961654723 0.0984514356 0.495971411 0.497626752 0.610491335
    0.770876884 0.68374455 0.340000272 0.621705234 0.373073041
    0.546400726 0.109196365 0.201932847 0.258926809 0.824492157
    0.0906977057 0.36210072 0.794412017 0.499786973 0.905245066
    0.702305019 0.472625315 0.0671777129 0.493581891 0.0783940554
    0.99479413 0.545961857 0.899552107 0.374411792 0.451339692
    0.551330924 0.49341923 0.925449312 0.717575431 0.192282081
    0.447897285 0.16721797 0.480041206 0.33618769 0.94988656 0.876242161
    0.0133486092 0.615365386 0.129460365 0.668318212 0.650084436
    0.811932325 0.734259188 0.0484512448 0.019064784 0.865701914
    0.942413986 0.223024905 0.986638784 0.872186363 0.255593479
    0.324140251 0.317257822 0.389741182 0.318644404 0.728610098
    0.1398727 0.284016848 0.632390201 0.0965704322 0.895094395
    0.367258132 0.784525156 0.340532005 0.206989497 0.757083118
    0.517570376 0.568208635 0.385873616 0.550331295 0.516608715
    0.933820724 0.487488568 0.0261820555 0.971465051 0.865701199
    0.410188615 0.344452441 0.601721644 0.528609633 0.5649122
    0.694773257 0.979032874 0.0829360783 0.975986838 0.554996789
    0.301002085 0.121243715 0.158949971 0.825434148 0.263097048
    0.200750291 0.381215811 0.287620008 0.837573528 0.82101804 0.2951895
    0.429437011 0.21942535 0.924778342 0.651306391 0.0296764076
    0.851000011 0.245924801 0.616445661 0.762364388 0.980265439
    0.674403548 0.612629056 0.385260195 0.27805239 0.966562212
    0.813019454 0.894815743 0.234913468 0.968074918 0.135306448
    0.809946239 0.0914848447 0.279076219 0.733624876 0.308369875
    0.898415208 0.117581904 0.913860202 0.205367327 0.861019433
    0.649008214 0.545689106 0.490958244 0.227423161 0.109999388
    0.539209723 0.246779442 0.324023753 0.395754933 0.332075506
    0.383547068 0.981331587 0.190811843 0.822657585 0.656945527
    0.73897016 0.521429121 0.130088806 0.838797331 0.131364733
    0.986787558 0.258871526 0.628477454 0.252823204 0.724500895
    0.848552763 0.724724531 0.0161159337 0.242190242 0.660775959
    0.535507321 0.282260597 0.154019177 0.226146072 0.447176963
    0.683396459 0.351553887 0.657480299 0.186897725 0.180039465
    0.647005439 0.0839193761 0.0909808874 0.893349826 0.693936586
    0.726512194 0.520855308 0.937802851 0.308499694 0.98835361
    0.482705414 0.911009669 0.760410905 0.232468843 0.963337779
    0.721571743 0.731632471 0.683535755 0.0345997214 0.991225064
    0.226958245 0.549593627 0.577481925 0.162292033 0.692959845
    0.970589876 0.53823173 0.83326596 0.659814119 0.477729678
    0.991431952 0.0652272403 0.315206289 0.882568359 0.473125607
    0.634728968 0.105774909 0.416729003 0.873845577 0.980225086
    0.703711808 0.727054358 0.716159582 0.540939331 0.504384279
    0.735319853 0.369788975 0.909508705 0.223064929 0.220129132
    0.68435514 0.0309452713 0.201063395 0.400354564 0.853119969
    0.323291123 0.0647709966 0.981408834 0.34775582 0.946357727
    0.985871077 0.937793553 0.437222421 0.748966634 0.604833603
    0.560525477 0.117769301 0.78433907 0.466899008 0.670384288
    0.49626711 0.390862048 0.0656793416 0.694692612 0.152956069
    0.0390806198 0.916180789 0.432211876 0.0398604274 0.997096419
    0.498686016 0.863006771 0.244447678 0.056522578 0.572228074
    0.697159648 0.105230808 0.399035722 0.764844298 0.264946252
    0.236148864 0.189529061 0.238811105 0.272413909 0.556180298
    0.455951929 0.0384866595 0.160291821 0.861135602 0.15375483
    0.053142488 0.846282959 0.0868745446 0.110480011 0.116308093
    0.796033621 0.357213378 0.0735623538 0.657530785 0.696625173
    0.943833649 0.423304021 0.357075751 0.322692633 0.37961179
    0.835412204 0.569782913 0.586534917 0.23352176 0.31182766
    0.593217015 0.416352242 0.933375359 0.411099136 0.701741397
    0.214920849 0.786646962 0.674652219 0.829808116 0.853269756
    0.454208672 0.837449193 0.788108706 0.393108487 0.453384101
    0.59882623 0.338131845 0.713066757 0.524151564 0.794910073
    0.0686546564 0.785604477 0.403810591 0.143959463 0.00155466795
    0.041397512 0.239639401 0.790151536 0.582059681 0.802098155
    0.958862245 0.328238308 0.740892708 0.184048712 0.660041034
    0.689586997 0.473307729 0.186930329 0.895602584 0.499865592
    0.0801820159 0.405721903 0.223981082 0.636582673 0.377955049
    0.65426302 0.725101113 0.683082044 0.9564358 0.855935097 0.424777865
    0.647755504 0.847026408 0.61693269 0.710477352 0.180141598
    0.182241142 0.792489588 0.292785376 0.926358461 0.215290427
    0.127640754 0.700783014 0.00128772855 0.802313447 0.439316213
    0.968029618 0.333438307 0.0573068559 0.616389334 0.835695446
    0.629501045 0.541926026 0.697586834 0.236011952 0.680767536
    0.733048677 0.011844039 0.0658875406 0.847237825 0.821639955
    0.93390578 0.964823186 0.842662096 0.438854486 0.603511035
    0.908944368 0.426046193 0.333820522 0.96680665 0.478097469
    0.497629464 0.012602061 0.72347188 0.871954143 0.392681181
    0.699621677 0.438616574 0.815133393 0.151899457 0.47029826
    0.967649221 0.209153682 0.773721457 0.146715313 0.622143447
    0.123110622 0.374404252 0.920137465 0.663921177 0.233066738
    0.0494275391 0.480753243 0.687598765 0.0940104127 0.98155582
    0.731700957 0.312621742 0.0976352692 0.472356856 0.84476018
    0.954263508 0.626434028 0.68244946 0.420255721 0.393923163
    0.938724756 0.470803142 0.0368947387 0.625113845 0.075658083
    0.921911776 0.716796756 0.992381215 0.651074529 0.757828355
    0.664922118 0.652295589 0.842668414 0.860431731 0.122302502
    0.425931245 0.307085514 0.723035991 0.817414224 0.581501186
    0.525736451 0.0897026658 0.644599795 0.322766155 0.110773027
    0.81466794 0.798939347 0.0517418683 0.609821081 0.751444101
    0.56414032 0.39626509 0.66307646 0.545679212 0.191532165 0.433001071
    0.597293258 0.1312837 0.467423975 0.300365984 0.927899003
    0.0595201254 0.293405771 0.473109126 0.813949943 0.929514408
    0.176291466 0.777818382 0.365999997 0.559621215 0.440943778
    0.350703835 0.233759761 0.950129151 0.168406069 0.869863153 0.29016
    0.292538106 0.309936464 0.0909825265 0.556929886 0.522127151
    0.712546349 0.441659778 0.247330368 0.844133615 0.613158345
    0.224055648 0.105689704 0.61228317 0.588473618 0.631602108
    0.314011157 0.737569332 0.764317632 0.570711195 0.417847544
    0.697800577 0.360210299 0.887777925 0.138925642 0.0317454636
    0.194116533 0.562474251 0.501644135 0.918592453 0.228642762
    0.529637456 0.301518857 0.524874091 0.55972904 0.181951106
    0.375382304 0.505130231 0.684038639 0.435432673 0.730478406
    0.790843129 0.531261086 0.997645259 0.499778509 0.184681028
    0.386442155 0.201985776 0.734097481 0.950971663 0.942797422
    0.056275785 0.617108345 0.210881203 0.919944167 0.829279661
    0.733319521 0.303107858 0.413872808 0.719435632 0.59192723
    0.731665134 0.00441196561 0.720129371 0.889373899 0.0576949418
    0.310088664 0.51620847 0.519365847 0.0601552725 0.525841892
    0.95871973 0.0362059176 0.471102387 0.536987901 0.632633984
    0.439868748 0.830983281 0.824393392 0.724056125 0.747613013
    0.260059953 0.149035901 0.127516925 0.60061115 0.102609694
    0.510959089 0.175430268 0.610657811 0.507639527 0.773762107
    0.0342109501 0.863347769 0.0708401501 0.994575739 0.190238208
    0.158519208 0.511814415 0.328624874 0.270521969 0.442990392
    0.956944346 0.220303833 0.217014879 0.14717713 0.494622737
    0.473835647 0.884977162 0.328711152 0.85954386 0.636115432
    0.0465529263 0.259492815 0.748879552 0.983790696 0.494638383
    0.978589892 0.660474002 0.337090075 0.286666512 0.158964753
    0.0587683618 0.991511285 0.552938282 0.24025324 0.819982886
    0.52622062 0.645049691 0.459041506 0.786648035 0.46178934
    0.488626212 0.207418859 0.12738657 0.206398517 0.668283999
    0.143864572 0.890551805 0.944774449 0.263721526 0.292678237
    0.312057853 0.783169389 0.594214559 0.0929620862 0.346629739
    0.51215595 0.257880062 0.0226871371 0.49084866 0.194365293
    0.44756639 0.500755727 0.862135172 0.0351776183 0.5155375
    0.602285743 0.422925502 0.610533237 0.218970895 0.357457161
    0.731090307 0.450789541 0.26110819 0.303369433 0.327425182
    0.217068225 0.283461839 0.13560912 0.876423955 0.179953367
    0.315830916 0.074226737 0.0306814909 0.288543344 0.53919363
    0.933308363 0.0392061472 0.221812457 0.483978391 0.116865575
    0.918625057 0.928032398 0.012286067 0.887739778 0.733378112
    0.421033025 0.912579536 0.0346991718 0.00777247548 0.465835869
    0.267089516 0.294617891 0.482456446 0.812645316 0.901494741
    0.123841554 0.0552788377 0.261825383 0.377337396 0.121666849
    0.496771544 0.643753529 0.67710799 0.807207465 0.96137917
    0.279206336 0.248895794 0.38574779 0.788866937 0.705574095
    0.49907431 0.270421714 0.53173703 0.435606122 0.870310187
    0.833451867 0.41313982 0.705992043 0.949743032 0.304917216
    0.584313214 0.867628038 0.513251603 0.327101797 0.313731432
    0.00755703449 0.22250995 0.200482517 0.340608686 0.549151421
    0.708450198 0.285500228 0.148849279 0.324329019 0.378673971
    0.0500763655 0.896863103 0.811835766 0.060824275 0.473353297
    0.599327624 0.99648869 0.427354038 0.943590045 0.261256039
    0.51179105 0.702218056 0.831433594 0.492722809 0.603936315
    0.138758093 0.0114846528 0.919511557 0.577639103 0.910213351
    0.243130267 0.597235203 0.234167606 0.57758975 0.230714977
    0.0388708115 0.69464922 0.200315565 0.378738999 0.521078408
    0.780961514 0.559506893 0.784932196 0.358035922 0.374723703
    0.00640362501 0.818057179 0.168740958 0.818776846 0.514179587
    0.816821218 0.810422003 0.983787417 0.846531332 0.730283797
    0.399223626 0.277399868 0.20494017 0.358883739 0.745334148
    0.591339529 0.857005596 0.689865172 0.297918141 0.500850201
    0.0188082457 0.945737243 0.103862047 0.879901588 0.145443171
    0.789487422 0.950731635 0.193471342 0.768482208 0.566137195
    0.10032624 0.246750712 0.614070594 0.330286503 0.73352778
    0.464449167 0.0489884615 0.390702635 0.808143377 0.573486507
    0.804170609 0.692700982 0.39474088 0.339048415 0.00129893422
    0.668823898 0.601348996 0.244208008 0.00219064951 0.325861543
    0.19976902 0.727845371 0.676840425 0.509855211 0.993443012
    0.345832527 0.244318455 0.596697032 0.369821429 0.808635235
    0.819701195 0.20382303 0.30009833 0.317655385 0.64928931 0.420972109
    0.811048031 0.955294251 0.640405774 0.926564991 0.498916835
    0.160317987 0.765276074 0.227587074 0.804474592 0.531605303
    0.0802896917 0.947519183 0.256718636 0.861432791 0.507469773
    0.623348475 0.208353817 0.584540248 0.0870087147 0.305623025
    0.247772068 0.0423922837 0.366675973 0.11474818 0.583228946
    0.925905347 0.804298997 0.343258381 0.382502854 0.746531725
    0.432657927 0.371535569 0.00263893604 0.322890282 0.700967669
    0.665153861 0.617708087 0.988507271 0.0186401308 0.137664557
    0.152409613 0.943119287 0.804291248 0.414903462 0.122959584
    0.652275264 0.885160208 0.168475479 0.537188828 0.440807164
    0.0612985194 0.333887756 0.578395665 0.797815204 0.0245811939
    0.522839844 0.568640292 0.515865684 0.581279993 0.644503176
    0.312679321 0.806466937 0.575866342 0.470451444 0.815056443
    0.766353488 0.964210749 0.0210098624 0.391680688 0.185143679
    0.0392834246 0.453573853 0.263863444 0.939817905 0.231386393
    0.717967689 0.886388481 0.266326308 0.668604851 0.72706753
    0.0387519598 0.694598436 0.336292326 0.313656986 0.909948289
    0.952430308 0.653468847 0.19494617 0.669074774 0.529800713
    0.0700295866 0.429961115 0.616846144 0.571651518 0.611251473
    0.549461246 0.779916763 0.0247643292 0.907680631 0.962636232
    0.0928281248 0.424380481 0.00364914536 0.997084498 0.454046428
    0.206834823 0.513969541 0.0598573983 0.084507823 0.153055698
    0.108430982 0.446260035 0.0537244678 0.228676766 0.221470594
    0.437911659 0.445673883 0.878228724 0.255153596 0.85193187
    0.520614922 0.135485202 0.0637934208 0.919752836 0.658718228
    0.912321568 0.262156904 0.0561410487 0.851709366 0.626617491
    0.802603006 0.791507185 0.959489226 0.992399216 0.932323337
    0.495779634 0.335775733 0.461060137 0.336776197 0.325335145
    0.19330436 0.861440897 0.999787927 0.322928637 0.517191172
    0.52301681 0.70028466 0.405170053 0.708504677 0.209880948
    0.401873976 0.956210613 0.162631243 0.0905692875 0.587826133
    0.0874404907 0.204117894 0.462832987 0.939600468 0.649277866
    0.028351903 0.665662289 0.00954654813 0.762289643 0.65419066
    0.839814425 0.589709044 0.108451575 0.237512827 0.894037127
    0.031464994 0.397901595 0.600462556 0.934211731 0.646069407
    0.697406173 0.818069816 0.72407937 0.849836767 0.992554724
    0.951818466 0.253631949 0.30330798 0.917656243 0.749688327
    0.739873767 0.120285869 0.512827337 0.638105929 0.208307177
    0.969763815 0.873087525 0.988689005 0.308015287 0.174094379
    0.269715667 0.423283398 0.184803247 0.964345455 0.226658702
    0.485594958 0.600888252 0.263839543 0.0952398777 0.82741785
    0.169493407 0.593614757 0.149252057 0.0868847668 0.475517571
    0.405853987 0.93722415 0.926483691 0.995010734 0.804761648
    0.047473371 0.90997231 0.511395097 0.671192408 0.205489099
    0.210768849 0.21072346 0.725895047 0.711177766 0.925383568
    0.788843513 0.0136361718 0.312752306 0.475830287 0.592820406
    0.159350574 0.739871323 0.75874728 0.953658581 0.479093105
    0.629648328 0.117506713 0.119874299 0.46889329 0.757060647
    0.879380465 0.783606052 0.311654359 0.943326831 0.207382858
    0.864839673 0.609374285 0.125024378 0.248960078 0.885182381
    0.225542426 0.0517112017 0.662368774 0.64406544 0.4037323
    0.777583599 0.179743201 0.953561306 0.643953502 0.988143802
    0.0621657073 0.117220461 0.627087712 0.840278625 0.123550683
    0.380853713 0.102101505 0.0382217467 0.427065432 0.564670026
    0.366014868 0.432526708 0.082573384 0.526881158 0.555763185
    0.569483697 0.97636646 0.596877277 0.658093214 0.0022366941
    0.00071388483 0.39895767 0.606486022 0.360277474 0.367504239
    0.930972874 0.906093359 0.398373216 0.44253844 0.525419593
    0.384120017 0.424307585 0.0735734701 0.869968712 0.436720431
    0.959826589 0.062182039 0.177119434 0.601036489 0.39352718
    0.453934073 0.857246637 0.264780223 0.25939399 0.763907313
    0.0170527101 0.430526435 0.247988105 0.0632906854 0.423732787
    0.710755587 0.177503556 0.645625234 0.659991443 0.706562579
    0.867507815 0.119062483 0.846158028 0.232022613 0.835765958
    0.90023607 0.925765634 0.457127392 0.0833104253 0.97616744
    0.734502554 0.997760773 0.762594461 0.378415614 0.201061279
    0.76496166 0.270695537 0.588947237 0.887211919 0.648399532
    0.392567396 0.925419807 0.210740387 0.82755971 0.514739633
    0.355222106 0.0240532756 0.842481315 0.629556239 0.616054237
    0.690609932 0.523586512 0.902013183 0.358114541 0.412320256
    0.614863276 0.481471151 0.664672673 0.491302371 0.737993956
    0.326925129 0.69178164 0.847341657 0.876226842 0.524366379
    0.260193855 0.0539716482 0.653392434 0.713099778 0.183377594
    0.966567755 0.717522919 0.424623042 0.572282612 0.61265707
    0.116811275 0.504229963 0.634832561 0.686683714 0.798000216
    0.965946615 0.386909842 0.185635746 0.318484128 0.177176923
    0.905493617 0.778370976 0.917582154 0.316928774 0.576803803
    0.267415762 0.365847588 0.120473266 0.437108934 0.880602837
    0.510742545 0.138091385 0.396329641 0.527906835 0.219645351
    0.961814821 0.818864107 0.501690984 0.965750456 0.261912823
    0.920681834 0.78291744 0.377854675 0.525239766 0.507188201
    0.340934455 0.525188088 0.497055948 0.14703685 0.240542889
    0.0886689425 0.943802774 0.120144039 0.229732424 0.16386044
    0.891382933 0.834347665 0.598430276 0.0784124434 0.541829407
    0.340626836 0.15541026 0.948678613 0.344350725 0.464898676
    0.651338398 0.968209982 0.51444757 0.767694354 0.429294735
    0.0705298185 0.810751319 0.277533829 0.610306799 0.0027565062
    0.955226541 0.911796331 0.807473958 0.109632999 0.16481632
    0.463680983 0.0006339252 0.502669275 0.69198823 0.668147087
    0.773290157 0.558880448 0.723179579 0.0560872257 0.228297502
    0.8358289 0.522888958 0.412763894 0.942676902 0.239850551
    0.804062486 0.633711934 0.242327958 0.806521356 0.782959104
    0.0671383142 0.402183831 0.690047145 0.733597994 0.549859703
    0.952721179 0.769269228 0.922633886 0.0340557992 0.491984397
    0.922340155 0.0194652379 0.579535067 0.556030035 0.358620465
    0.74843502 0.143925697 0.825935125 0.335982084 0.262823403
    0.728790402 0.178941816 0.917373359 0.133861065 0.704411924
    0.729830682 0.119201332 0.0851275623 0.835319996 0.120873958
    0.720245242 0.737368345 0.533124864 0.546403527 0.506822824
    0.266462624 0.453963399 0.0408657789 0.918247283 0.201615661
    0.687530756 0.941998124 0.48212108 0.896066964 0.486071348
    0.777139544 0.903415322 0.628610313 0.729420245 0.00761541724
    0.851179123 0.580950975 0.309376895 0.94608748 0.520385206
    0.0191511512 0.524895966 0.155599147 0.78950876 0.270047218
    0.686079144 0.381433904 0.440659374 0.336472362 0.594146848
    0.864407599 0.760912061 0.321710885 0.317739308 0.783900023
    0.473528862 0.651885092 0.285212696 0.951803923 0.664234638
    0.937773585 0.0874818265 0.982295573 0.022482425 0.0679513514
    0.330921412 0.331323892 0.719893456 0.0930780768 0.94504118
    0.855063975 0.121389717 0.932052732 0.013799876 0.894344091
    0.282930404 0.995082855 0.419312477 0.954823375 0.420891345
    0.480801553 0.276061177 0.895478725 0.763688803 0.00692096353
    0.826969624 0.213631153 0.297065437 0.502903163 0.487142712
    0.819932103 0.205889195 0.311155617 0.702635705 0.730010033
    0.794089437 0.516985774 0.124868989 0.166694403 0.416084051
    0.118395865 0.164180309 0.888579547 0.112492234 0.702278733
    0.172971457 0.292623788 0.67486155 0.569982588 0.303830445
    0.0297168791 0.185580194 0.629574299 0.760420501 0.400664419
    0.72070092 0.102069706 0.481171876 0.973823428 0.927879691
    0.00137835741 0.536166787 0.779447794 0.401088953 0.185060203
    0.186135471 0.0723983645 0.65152365 0.417043418 0.67067802
    0.36931026 0.751293242 0.278682113 0.085613668 0.664047897
    0.801022112 0.965347886 0.437546134 0.488642752 0.289967716
    0.118958503 0.370862454 0.767433643 0.628661513 0.957111716
    0.579574108 0.104115784 0.579167843 0.327620804 0.307046056
    0.563136756 0.252488911 0.695473194 0.544118464 0.595392644
    0.832536459 0.581559002 0.624366045 0.184209168 0.796116292
    0.703071475 0.894434214 0.663148522 0.534580469 0.993715465
    0.536838591 0.493300855 0.895387888 0.593430817 0.412463784
    0.894115329 0.117395669 0.329875052 0.732652009 0.465515763
    0.481427699 0.0447745919 0.539439738 0.781274796 0.71914047
    0.716894627 0.844290376 0.327458143 0.244531393 0.118673533
    0.70982343 0.468488812 0.386675507 0.335166276 0.685329318
    0.817704618 0.666355491 0.296281636 0.542268515 0.687299073
    0.860110879 0.603304863 0.123075485 0.816299796 0.59222585
    0.603028595 0.914127946 0.489655286 0.848628163 0.924577653
    0.269367039 0.454683155 0.541873574 0.605409861 0.842458785
    0.809274435 0.0815467536 0.386545062 0.712412119 0.57665807
    0.531329095 0.0339998305 0.550232708 0.849424005 0.159581959
    0.949588418 0.669468462 0.543649137 0.930675328 0.244892597
    0.916505575 0.289500803 0.0125460625 0.412923336 0.153798759
    0.163929015 0.566798925 0.91027528 0.589033604 0.558896661
    0.197217166 0.121275991 0.682155192 0.236139178 0.297731161
    0.780998588 0.812128842 0.546557426 0.0611141324 0.349341601
    0.280561149 0.565527201 0.364744097 0.1320858 0.473926276
    0.167516023 0.744763672 0.605579436 0.0197559595 0.238134354
    0.588348806 0.932727098 0.682833791 0.576923132 0.96265322
    0.734514236 0.725205183 0.808632255 0.272606313 0.714026332
    0.862268865 0.86152339 0.332431793 0.773432672 0.408887446
    0.282164723 0.759981275 0.40288198 0.344226688 0.427433372
    0.20706889 0.954663575 0.779837132 0.948568463 0.525969028
    0.63051486 0.932138324 0.548088551 0.717764914 0.989480019
    0.66398555 0.291049391 0.216258019 0.826427698 0.525387287
    0.401742756 0.0696489811 0.436917037 0.788260281 0.0564751327
    0.945453882 0.721547723 0.713502288 0.445600897 0.530569136
    0.157575876 0.971096039 0.618532062 0.785231948 0.800341845
    0.923117399 0.81870532 0.634559512 0.106294423 0.632298112
    0.163245529 0.318698436 0.0247764289 0.632721186 0.671755195
    0.176277488 0.496786565 0.517120957 0.710799575 0.0328149796
    0.829411864 0.752031624 0.026224196 0.0424457192 0.798582077
    0.434621811 0.634905159 0.989384949 0.322606802 0.0472774804
    0.0534263551 0.718751192 0.0867536664 0.116484046 0.673270881
    0.600402415 0.36716342 0.447474539 0.13734749 0.191377878
    0.656670094 0.490684688 0.648555398 0.738632679 0.541688383
    0.541180134 0.62830925 0.75775671 0.537152231 0.9518435 0.711250782
    0.398004144 0.68996942 0.456989169 0.748250902 0.44613713
    0.202909201 0.933722019 0.305553555 0.485256493 0.198351741
    0.966798782 0.664211154 0.453184158 0.696822762 0.0117156506
    0.416448563 0.922400057 0.36591655 0.568347216 0.647145689
    0.312541008 0.998107433 0.757004976 0.161148518 0.598056853
    0.907941461 0.558717728 0.770396709 0.473021626 0.61004132
    0.755484939 0.268131733 0.616553843 0.58259213 0.095243901
    0.456844509 0.628626645 0.989387393 0.291300029 0.650122941
    0.248393327 0.920759797 0.389498144 0.748195171 0.56387949
    0.0258643627 0.644851565 0.566193759 0.503310442 0.784936666
    0.904864371 0.735208988 0.904065967 0.320625484 0.935521305
    0.928712964 0.540893018 0.988999307 0.653940916 0.867395639
    0.62391746 0.499218553 0.818547249 0.849007964 0.473557264
    0.787632704 0.693252206 0.108967483 0.66440177 0.737896442
    0.141848505 0.300791442 0.622755051 0.945743084 0.554451764
    0.381171793 0.561695516 0.50950104 0.49328056 0.86087954 0.160069257
    0.919315815 0.860896051 0.0110359788 0.681882143 0.822608232
    0.630372524 0.18674016 0.0037008822 0.0221975744 0.421181619
    0.53440249 0.745093465 0.535006404 0.399037182 0.368390143
    0.0289868712 0.522661507 0.0127345622 0.0221716762 0.542088151
    0.20114857 0.0875766277 0.328609943 0.441746622 0.0587475896
    0.946451902 0.34675616 0.781810284 0.830939889 0.565118194
    0.769941092 0.244447947 0.17268154 0.286790282 0.758238673
    0.917108357 0.236944139 0.37140739 0.0348764062 0.434863091
    0.0780984759 0.700764954 0.325288594 0.228025377 0.988847971
    0.470226973 0.400115073 0.540874243 0.99498421 0.243948281
    0.505831003 0.375626862 0.558678091 0.629853606 0.21806246
    0.0225794613 0.155201107 0.643690169 0.657277524 0.1806615
    0.834019125 0.596518338 0.593696475 0.483996004 0.856067181
    0.716476321 0.742331207 0.86310339 0.213093907 0.180681139
    0.869327426 0.681220472 0.230434239 0.343263894 0.940119565
    0.684053242 0.672547817 0.272574961 0.945503116 0.660778046
    0.427450359 0.321708441 0.539744258 0.00436449051 0.559594989
    0.633273959 0.482173324 0.591494083 0.853470802 0.845565021
    0.432869881 0.405071408 0.42070657 0.614564836 0.488607764
    0.0865600407 0.458396852 0.15309611 0.741508782 0.380939603
    0.591618538 0.668298483 0.25879544 0.435593963 0.882241488
    0.933541417 0.5066154 0.462455004 0.83272934 0.399489641
    0.0137479305 0.317635298 0.0512036383 0.816673756 0.148170024
    0.133222729 0.870391369 0.957882643 0.249774694 0.557810187
    0.766503274 0.0967806876 0.0882707834 0.440494448 0.201122999
    0.977840662 0.497565538 0.940885425 0.826703429 0.769775629
    0.903795421 0.750420451 0.750729382 0.639717638 0.859654546
    0.0093319118 0.627751946 0.984834552 0.323564768 0.127925515
    0.313209593 0.91046679 0.0156719387 0.496771604 0.666774392
    0.424646884 0.777036905 0.31802094 0.640756071 0.575160205
    0.148375481 0.242595106 0.493681222 0.396982938 0.231484711
    0.889843822 0.792249441 0.0407656729 0.574777305 0.496006489
    0.31165719 0.394721836 0.311995447 0.0906260014 0.509821355
    0.424637794 0.441120446 0.694965243 0.667131007 0.645010591
    0.313566089 0.701924801 0.609817266 0.0493595302 0.0569510162
    0.563224375 0.0491654575 0.628302455 0.328224123 0.91498816
    0.419121116 0.152722031 0.248126626 0.195554048 0.597721636
    0.985012829 0.423316598 0.824020326 0.785905898 0.551167667
    0.146665961 0.965458155 0.847920775 0.634547174 0.122659504
    0.933336198 0.599247932 0.181387007 0.89994359 0.807773829
    0.133170336 0.106849819 0.753794074 0.754116535 0.263457656
    0.475416273 0.377427816 0.00341758132 0.127391279 0.29548651
    0.483516693 0.511450171 0.0446397662 0.819230318 0.349441051
    0.0248099566 0.334670424 0.0248517096 0.585929155 0.20163399
    0.26154089 0.641527057 0.143888712 0.0827152729 0.550142527
    0.147883564 0.795114875 0.624523163 0.163494557 0.926506519
    0.0760782659 0.221529543 0.86908567 0.830101073 0.561307251
    0.650406122 0.361935914 0.829902768 0.137046784 0.729617238
    0.619749486 0.638901591 0.803999901 0.404868126 0.6266886
    0.458522201 0.935202241 0.478296757 0.850329638 0.772382081
    0.535119891 0.22741285 0.0749022067 0.41207689 0.551515162
    0.318438977 0.84874779 0.219859958 0.986600041 0.589439392
    0.753482342 0.186217695 0.62062043 0.26847297 0.600913465
    0.818472624 0.909912467 0.476620913 0.254089743 0.723189473
    0.710869074 0.543018222 0.251280785 0.911674798 0.0470078886
    0.918037653 0.50470823 0.22766605 0.173467875 0.464586318
    0.880854547 0.778147995 0.516001582 0.261864841 0.679365814
    0.561587751 0.462664664 0.441493511 0.431425989 0.99824965
    0.996192455 0.914018035 0.650748909 0.83487916 0.623295844
    0.980843782 0.475827843 0.786716461 0.244043827 0.0632170141
    0.228087991 0.20645532 0.975063145 0.811156511 0.103361517
    0.51697576 0.467086732 0.604348481 0.36480844 0.579755783
    0.896575272 0.275696397 0.532309651 0.878135204 0.760132432
    0.484375566 0.222132891 0.585055232 0.887795866 0.859112799
    0.0725237727 0.629031479 0.138323456 0.742668986 0.236203879
    0.737926841 0.156564325 0.704232275 0.319064438 0.695798039
    0.538264692 0.737943292 0.818063498 0.822093844 0.875013351
    0.146983564 0.156030923 0.466423988 0.105768144 0.817914188
    0.622840464 0.447486967 0.709425092 0.0433559716 0.3659904
    0.0442342162 0.882469475 0.647035658 0.934730887 0.571414113
    0.587798297 0.500917017 0.533969879 0.79775387 0.0116225183
    0.844878733 0.753500342 0.3344239 0.122527778 0.374760687
    0.598605573 0.898846269 0.323077381 0.864593208 0.65971148
    0.249480724 0.323905498 0.756445289 0.614523113 0.335282087
    0.246992141 0.97914201 0.893612564 0.907711983 0.806462288
    0.657327771 0.221572667 0.424180269 0.635393143 0.303482115
    0.486072004 0.0479534566 0.661252677 0.751569748 0.472431213
    0.608349264 0.473255605 0.184601337 0.401727587 0.38927272
    0.0148782432 0.974479675 0.126534253 0.806205988 0.292639315
    0.333768278 0.901199579 0.185895294 0.740479767 0.33598274
    0.873327732 0.588179052 0.583724439 0.87582922 0.345924675
    0.622044802 0.194286317 0.558107138 0.222742379 0.118512034
    0.348128736 0.884665668 0.952048302 0.0631701052 0.080494374
    0.737772703 0.517430902 0.122911572 0.0622995794 0.217914939
    0.164728791 0.871278286 0.381281763 0.730373025 0.128840595
    0.33548674 0.32000944 0.263032496 0.0988753438 0.633610785
    0.430762589 0.0693984032 0.411981314 0.543233216 0.0456135273
    0.335108787 0.843101561 0.476851583 0.208541572 0.944549084
    0.344750464 0.267865628 0.938635826 0.794811845 0.415599406
    0.995934725 0.827605128 0.776121855 0.991475582 0.995762587
    0.217394203 0.294431865 0.719064415 0.968414903 0.181110531
    0.22548461 0.79846704 0.885947049 0.489824474 0.558484316
    0.475355744 0.06859532 0.713105977 0.760214686 0.534004629
    0.431841671 0.0370751321 0.450290531 0.428021252 0.589116096
    0.505310297 0.179115713 0.300129235 0.0395969152 0.875683129
    0.633671403 0.239223748 0.96179986 0.353221059 0.257995307
    0.944542348 0.0519553721 0.370511353 0.70221734 0.603377104
    0.919107497 0.879804134 0.344143391 0.651996732 0.892228603
    0.509326339 0.0843161345 0.170878947 0.271429241 0.118833363
    0.778136253 0.875743508 0.387659431 0.462075591 0.799943089
    0.258997351 0.839214623 0.133081824 0.777742267 0.465667814
    0.376732886 0.170335144 0.075504452 0.0368424058 0.482567757
    0.964950264 0.178316414 0.909679651 0.595064044 0.444344759
    0.446554929 0.646630466 0.0498590469 0.720773578 0.227612287
    0.829995453 0.609221935 0.185998172 0.0960607529 0.707630038
    0.0703341663 0.378589809 0.185561001 0.601141095 0.492851168
    0.356317848 0.637411356 0.898231089 0.858799398 0.0566031933
    0.0550279319 0.51050961 0.667026639 0.878894448 0.300777495
    0.639513612 0.171018034 0.747416258 0.257977098 0.0791628659
    0.527927339 0.360068947 0.710236192 0.60789144 0.518339038
    0.960469842 0.23756519 0.152371794 0.812176824 0.712538958
    0.383303672 0.58917284 0.879714608 0.694242656 0.530188143
    0.855819166 0.966872692 0.938918233 0.0199926794 0.0765835941
    0.476137221 0.828868091 0.557038963 0.0236482918 0.414366722
    0.135474771 0.691127062 0.974083185 0.197258472 0.628270745
    0.258126616 0.293330401 0.023463428 0.788550138 0.00209051371
    0.876040697 0.918259382 0.45500052 0.272548497 0.920405567
    0.626066267 0.895357132 0.622231126 0.530228555 0.816240668
    0.152946711 0.406102836 0.0420446396 0.333964109 0.043178767
    0.11459735 0.735444069 0.602872074 0.207764953 0.653580904
    0.784464002 0.604435921 0.728031039 0.543090582 0.436392933
    0.722450852 0.995544791 0.74905324 0.431071728 0.170518905
    0.524591208 0.663588107 0.929452062 0.553167164 0.983811259
    0.181472301 0.987908483 0.70255065 0.202056974 0.381474137
    0.802486777 0.726774752 0.14296186 0.907489717 0.848469436
    0.719478607 0.961838365 0.354459792 0.108909816 0.505519092
    0.949845433 0.6189816 0.382976383 0.566468716 0.570870042
    0.846955538 0.536418378 0.554944873 0.0876847804 0.283346295
    0.179998636 0.615656197 0.746698678 0.318720818 0.80782032
    0.850832701 0.608635128 0.476082593 0.597220719 0.840488076
    0.755815744 0.493860871 0.630271792 0.350315005 0.379004955
    0.967090487 0.977484703 0.87124753 0.617909968 0.401753306
    0.227711171 0.237377137 0.428495944 0.155851185 0.5422135
    0.403410286 0.902805746 0.919361293 0.804554105 0.325090945
    0.815693915 0.580814779 0.587799132 0.551207781 0.072550565
    0.114743292 0.842989326 0.777406573 0.826608062 0.992398739
    0.2512604 0.999659181 0.116478711 0.884414792 0.797033966
    0.475845665 0.824054599 0.509856403 0.423412621 0.952693343
    0.863718212 0.0356813073 0.0219668448 0.670541644 0.0427438617
    0.456232548 0.630176187 0.643324316 0.650361836 0.987790346
    0.682085693 0.428252459 0.758080244 0.616123021 0.550705016
    0.0709415674 0.627189219 0.404757321 0.218833536 0.885378957
    0.0647090971 0.237303674 0.613452375 0.555424988 0.680954039
    0.465617388 0.0217216909 0.262269616 0.111341923 0.173684716
    0.928007841 0.426069051 0.581356406 0.590644836 0.895734787
    0.262201875 0.462991565 0.928631246 0.86186564 0.38876605
    0.666787863 0.00809276104 0.492552638 0.0447641015 0.759106338
    0.124462456 0.552581251 0.611110747 0.603200495 0.115343899
    0.89343363 0.215541244 0.654017091 0.672963142 0.85768044
    0.825343668 0.0157638192 0.431728005 0.773813248 0.857897639
    0.158675373 0.975114942 0.175801456 0.0799144208 0.592110395
    0.214886665 0.98371923 0.0358928442 0.00948998332 0.961163163
    0.251824617 0.553713381 0.046171248 0.912394822 0.369007111
    0.184311062 0.527019858 0.499401182 0.719978929 0.95618999
    0.616752386 0.960055113 0.802475214 0.732321143 0.681284428
    0.781044722 0.673554301 0.846043468 0.934211314 0.273445487
    0.350645781 0.541371047 0.976668298 0.562963665 0.189454287
    0.571237624 0.677170992 0.426389664 0.629855514 0.258740485
    0.741139412 0.106360048 0.138074338 0.796831965 0.136355013
    0.963359952 0.132427871 0.695253849 0.455400765 0.90467298
    0.930811226 0.345618188 0.824404299 0.842317998 0.452587813
    0.307968795 0.614538252 0.216675103 0.119264632 0.332674116
    0.328247964 0.702585042 0.492339581 0.775404811 0.769979477
    0.690646052 0.420635462 0.530385315 0.519650817 0.269593656
    0.154607713 0.488589942 0.332098186 0.0506538749 0.865932107
    0.077354461 0.570818841 0.801786065 0.00784119964 0.336161375
    0.357425928 0.161630958 0.0203428864 0.0652478635 0.106076181
    0.506261706 0.674338639 0.752097964 0.188297093 0.840008438
    0.8794415 0.229830533 0.730483651 0.748772502 0.438503623
    0.623105586 0.062394172 0.34854722 0.387849271 0.0908081234
    0.777626574 0.854385614 0.0248192847 0.482316971 0.185678899
    0.0101083219 0.00259464979 0.577959061 0.771513104 0.438195795
    0.0104409754 0.587026179 0.754077315 0.449549556 0.325669527
    0.70230484 0.531179547 0.157911748 0.0123570859 0.465753466
    0.47448054 0.242204815 0.0982483327 0.0823827684 0.180347115
    0.860180616 0.141290277 0.110332757 0.430724263 0.10770762 0.6006217
    0.455905199 0.474764109 0.63790822 0.531277478 0.483794183
    0.376175761 0.37005198 0.996354699 0.712192237 0.845464826
    0.739478648 0.806887209 0.458013237 0.537924826 0.0581863821
    0.562409043 0.578842223 0.620245159 0.000885874033 0.585515678
    0.907472849 0.808400631 0.164271802 0.267918587 0.397241414
    0.0260432065 0.814969182 0.419109285 0.450568527 0.35550338
    0.92647171 0.873619676 0.0227625072 0.548483014 0.0293482244
    0.47063297 0.942053795 0.925834954 0.460918754 0.530089259
    0.554101169 0.232583493 0.212457031 0.455949783 0.0955570936
    0.707442641 0.239777774 0.309518039 0.36709708 0.553460121
    0.234530032 0.79564482 0.347332299 0.316948056 0.912717521
    0.28733772 0.389693022 0.224817663 0.365066469 0.488628715
    0.362287462 0.591537356 0.0448467433 0.0685307086 0.0748830736
    0.657016516 0.453774035 0.264475405 0.37408042 0.425096035
    0.471843004 0.862719119 0.00363788009 0.958588958 0.919790745
    0.249444634 0.863281429 0.238315403 0.7197299 0.0876629949
    0.518899083 0.108346194 0.249849588 0.517197132 0.454241931
    0.584276557 0.91974467 0.848550856 0.959078431 0.162615776
    0.263152778 0.737540007 0.561580956 0.777303576 0.11229223
    0.118634194 0.432852805 0.156343222 0.312786698 0.363821387
    0.415029049 0.790497065 0.0306176543 0.464425713 0.753113508
    0.0981065631 0.559894919 0.551235855 0.0631102324 0.640188217
    0.365841329 0.332021713 0.193217456 0.0422489345 0.673083663
    0.163274497 0.93852824 0.528168738 0.630129814 0.165263236
    0.754717827 0.981882811 0.760856152 0.579185784 0.00703990459
    0.168390781 0.291909814 0.521017134 0.00877821445 0.718126595
    0.660890996 0.205055118 0.843262613 0.319457114 0.110697329
    0.503898144 0.670973837 0.683046699 0.103817672 0.556481659
    0.275354207 0.0381863117 0.031193465 0.573262155 0.0663241744
    0.888723493 0.501071513 0.406542838 0.954553843 0.554483294
    0.316852063 0.193047822 0.615682304 0.422307432 0.961360574
    0.962051034 0.224565119 0.515022337 0.765162647 0.164648503
    0.999863386 0.877536654 0.12517938 0.191733241 0.715600431
    0.362776309 0.57471633 0.299077094 0.095366925 0.418926358
    0.186895221 0.185239702 0.397185713 0.164015204 0.748748183
    0.562867463 0.184610307 0.481963664 0.995304823 0.778718233
    0.15953365 0.893035114 0.195548117 0.132832289 0.0721879303
    0.976927519 0.700392008 0.751596332 0.0390590429 0.682665944
    0.273704201 0.562192738 0.0463789403 0.0339005291 0.0243364871
    0.603263557 0.725040376 0.0220063627 0.105437785 0.642085671
    0.209805876 0.478343636 0.313500941 0.966639161 0.262475669
    0.179041624 0.230441958 0.22529912 0.482682317 0.771899819
    0.929959416 0.241388112 0.0686672032 0.886500955 0.536820173
    0.124332249 0.0482981503 0.635949314 0.976192892 0.969447255
    0.707539678 0.249322414 0.154118687 0.447561711 0.933221817
    0.974364161 0.125021487 0.71385175 0.69685483 0.986761808
    0.988630772 0.050614208 0.781375885 0.512244344 0.876289964
    0.840374231 0.186454445 0.251704365 0.0185190439 0.989726245
    0.331229508 0.640345275 0.155775428 0.737571836 0.281491756
    0.79900527 0.629402339 0.926764905 0.986253798 0.78560698
    0.0940532684 0.527858078 0.082164675 0.308215767 0.781215072
    0.395410359 0.582424164 0.611188173 0.93787998 0.919390082
    0.0394241512 0.57988143 0.892367601 0.642864227 0.614268005
    0.903183699 0.762297153 0.025826633 0.678022265 0.76165241
    0.433614075 0.219464064 0.808820069 0.408720076 0.586825788
    0.781244099 0.459177852 0.407930046 0.913505793 0.195507854
    0.287201285 0.472193003 0.544230342 0.769334197 0.16832146
    0.915130019 0.230101675 0.785636187 0.0492908061 0.436091751
    0.338640898 0.0747277141 0.292336822 0.607950091 0.329751104
    0.103180051 0.368243128 0.237087429 0.749059081 0.357216895
    0.18112582 0.781411409 0.271261275 0.143114924 0.799848318
    0.857444882 0.988265276 0.919731498 0.607117414 0.805252969
    0.162919462 0.872599959 0.252564639 0.578342319 0.837961435
    0.00458788872 0.387002021 0.872309685 0.0643135309 0.0851206779
    0.0612539649 0.328887165 0.75437355 0.217197359 0.556263685
    0.982784092 0.0882976353 0.359844089 0.283697605 0.82625109
    0.45341301 0.137543499 0.871362507 0.764491558 0.572466195
    0.626094759 0.489169061 0.33812958 0.350491196 0.197686404
    0.370974541 0.221318305 0.249375284 0.945500731 0.676187992
    0.347446978 0.442317486 0.666995049 0.703934252 0.487046987
    0.422533214 0.311994195 0.554497361 0.066621691 0.125161976
    0.196908981 0.883157611 0.118537098 0.499441445 0.278192818
    0.952732623 0.710868537 0.568116069 0.985579252 0.475449443
    0.113443226 0.0199234188 0.012041837 0.871076822 0.778000116
    0.0431779027 0.34925881 0.0673249662 0.0517373681 0.299038947
    0.999247909 0.355433166 0.595517278 0.846459031 0.402623951
    0.151842982 0.646272063 0.067492038 0.984803557 0.417361528
    0.128458977 0.650309801 0.909429014 0.568382263 0.0371286273
    0.505993307 0.91552937 0.44357729 0.807083011 0.524439335
    0.501881361 0.895232797 0.0274624527 0.0493442416 0.284385622
    0.600999177 0.79966414 0.451058358 0.874588847 0.466414034 0.7237463
    0.0120746493 0.132664919 0.649808347 0.689124823 0.35077703
    0.11070016 0.750415266 0.989784241 0.173909187 0.43984431
    0.413871884 0.620478034 0.89906776 0.895244539 0.617429674
    0.376955867 0.698528051 0.518194437 0.60231179 0.9310323 0.689106643
    0.803813398 0.270983279 0.122628987 0.41403088 0.404771984
    0.133595794 0.968886495 0.968027353 0.349138111 0.109869033
    0.174792737 0.051643163 0.426328987 0.840283692 0.338019311
    0.134589702 0.53526926 0.199831694 0.104501158 0.253583431
    0.201748967 0.660087645 0.909875631 0.0662434697 0.504445195
    0.65904963 0.314333618 0.548647165 0.578224421 0.0326831043
    0.874195933 0.0930372179 0.451647222 0.88781625 0.137430221
    0.234847933 0.507440209 0.778380334 0.408901721 0.375704587
    0.220428795 0.181815147 0.319994807 0.689053178 0.5006302
    0.945081711 0.622319102 0.648365498 0.599843204 0.372449577
    0.909697533 0.427533835 0.911221623 0.131607652 0.654915154
    0.954104185 0.718065977 0.916088939 0.711743951 0.530011415
    0.178975493 0.379825324 0.165465444 0.90551728 0.642894387
    0.94741869 0.458773047 0.92899406 0.424883753 0.741574049
    0.440827459 0.71973151 0.0635640025 0.880754352 0.257505655
    0.930400729 0.399410069 0.464983344 0.728409231 0.641732395
    0.167093515 0.850533843 0.0424369574 0.864885092 0.913763642
    0.0522572994 0.461154044 0.980435252 0.931998014 0.964088678
    0.755560219 0.188454956 0.293343633 0.954486907 0.0545635521
    0.379756451 0.2084921 0.48968631 0.315290928 0.410036504 0.651627004
    0.00329121947 0.258111358 0.904058039 0.473608971 0.912204623
    0.00782889128 0.341089904 0.00601425767 0.789857328 0.783720076
    0.0142737031 0.751067638 0.932632565 0.561772108 0.886204123
    0.300979733 0.285727412 0.197218746 0.840534151 0.369550347
    0.423562467 0.991357565 0.268905103 0.854833782 0.881571054
    0.920039535 0.974705338 0.765790343 0.988899231 0.320979357
    0.955617785 0.286065161 0.613028169 0.700993538 0.926543117
    0.175178975 0.291480571 0.553185582 0.118024021 0.249487251
    0.75861603 0.494251549 0.410327435 0.90048337 0.372641176
    0.492126405 0.656032264 0.765235186 0.485885948 0.958879292
    0.23096633 0.165747643 0.28780514 0.295311064 0.0554493964 0.827914
    0.644881129 0.434573889 0.743240952 0.334769189 0.974008441
    0.323446125 0.168225855 0.90041995 0.622950196 0.0936882794
    0.49489516 0.101132274 0.26774621 0.746308684 0.990897775
    0.684310257 5.83231449e-05 0.172167778 0.667381644 0.922583461
    0.277084202 0.850792289 0.704332352 0.840135157 0.970372379
    0.288220644 0.674211085 0.334257185 0.553779185 0.241063476
    0.428261966 0.671991587 0.313084245 0.907177746 0.503956914
    0.153197348 0.826581001 0.578757882 0.332357764 0.306304961
    0.243928581 0.8544873 0.285416782 0.126700312 0.844982207
    0.616466105 0.184942603 0.446433067 0.438607723 0.618577838
    0.0317995548 0.571394205 0.948914647 0.239131153 0.342640102
    0.212817162 0.531313539 0.116178632 0.22510767 0.972543836
    0.585355639 0.457670361 0.885353506 0.387963831 0.383633047
    0.93448168 0.416074395 0.751595736 0.917229891 0.613839269
    0.418596506 0.110673308 0.0891147852 0.993193507 0.793216527
    0.324256837 0.611495018 0.0537329316 0.00505852699 0.561917543
    0.351477474 0.564355314 0.546153903 0.144885778 0.866874337
    0.092051357 0.331619918 0.521817267 0.317639381 0.987348557
    0.654516578 0.0831441283 0.774350464 0.576438308 0.85491395
    0.816797972 0.360250354 0.756434679 0.760451436 0.665263534
    0.817625463 0.797219515 0.235621423 0.347177923 0.324939579
    0.125782758 0.676418126 0.191933185 0.264964283 0.912864387
    0.396798164 0.487205684 0.827162385 0.523344815 0.603284121
    0.544473648 0.376329362 0.961133599 0.697965205 0.34800154
    0.999011517 0.220588267 0.0117390156 0.957220435 0.97685343
    0.146372497 0.931140721 0.188169539 0.655144811 0.606260955
    0.411427617 0.78609097 0.539194643 0.0759760439 0.444356263
    0.154236078 0.66006726 0.606862307 0.469750553 0.0752842128
    0.336660147 0.623445749 0.68311882 0.29768008 0.622642338
    0.146361798 0.809453964 0.40733847 0.107663959 0.875531316
    0.993269742 0.881847739 0.25483942 0.547967911 0.30086565
    0.314373851 0.72900629 0.691392958 0.753337085 0.906738877
    0.361937702 0.41644153 0.0446304381 0.0967170894 0.374120474
    0.0782499015 0.409733176 0.572071016 0.900744855 0.590108633
    0.690610051 0.299135804 0.492319047 0.720868826 0.299126476
    0.0137466192 0.862514913 0.0225374997 0.0718974173 0.832723796
    0.478689909 0.103389651 0.24648577 0.0432494581 0.4153772
    0.619109154 0.676751852 0.159936309 0.793669105 0.0922094882
    0.279073596 0.960172415 0.0617522895 0.3393251 0.908565283
    0.495795459 0.444196343 0.752025485 0.358670831 0.437236756
    0.46316275 0.494377017 0.118959904 0.568827331 0.0769817233
    0.430813342 0.0314757526 0.580168486 0.139533043 0.224404156
    0.392644227 0.131975353 0.627077997 0.552871466 0.81088841
    0.355818689 0.228617907 0.520655632 0.918451786 0.441109538
    0.894402623 0.571495891 0.536585689 0.226789862 0.289578378
    0.8142277 0.374697268 0.606363177 0.293458164 0.223530531
    0.456484616 0.440361887 0.461450249 0.708535135 0.400257349
    0.166410059 0.695621371 0.883457541 0.0388684571 0.578179359
    0.0428204238 0.144036829 0.830094993 0.0890364647 0.793481052
    0.590865254 0.8926754 0.167768687 0.594866037 0.179199815
    0.878711343 0.282794029 0.8837201 0.216619641 0.559914827
    0.605141938 0.56879586 0.542477012 0.193527937 0.686821222
    0.385408193 0.00171485543 0.987094045 0.132847905 0.439719617
    0.806420445 0.207131475 0.972941995 0.353111297 0.30492267
    0.996049941 0.767310023 0.461290061 0.0125305951 0.991575241
    0.853115201 0.540449083 0.9059847 0.179576904 0.956722736
    0.396546721 0.765255928 0.0972908139 0.909332693 0.538423479
    0.201247901 0.0804247558 0.123310536 0.2555812 0.408287019
    0.986278296 0.384253234 0.480289131 0.70243746 0.932605982
    0.993954778 0.935618758 0.866674364 0.630037546 0.716505706
    0.409362316 0.863440812 0.489069849 0.308690786 0.555092096
    0.45111987 0.498858899 0.148374736 0.58968544 0.268592 0.129548907
    0.423771948 0.69306457 0.511678517 0.459073871 0.0152961314
    0.304748446 0.555755138 0.0801569521 0.737042665 0.486748934
    0.245440125 0.288069665 0.666721344 0.976979792 0.000514060259
    0.0977876484 0.230358779 0.128582954 0.397119105 0.290728986
    0.745665729 0.705406129 0.707722366 0.475200236 0.78866601
    0.38785404 0.354943275 0.304821759 0.409610271 0.805046678
    0.796622455 0.237690419 0.452446759 0.975810289 0.659489632
    0.594623864 0.94054836 0.257157862 0.423382461 0.811874986
    0.288162112 0.827346444 0.781714737 0.540301025 0.934085369
    0.876513183 0.829527736 0.252687871 0.488789141 0.107373178
    0.678573847 0.724847972 0.520705998 0.991248012 0.116436422
    0.713338852 0.503373384 0.281345844 0.311807215 0.804609179
    0.130583376 0.342395633 0.254295528 0.660486281 0.671635151
    0.530139089 0.270327866 0.827637374 0.0537187457 0.435419679
    0.503421545 0.408430576 0.00512999296 0.604535043 0.0119013488
    0.438735396 0.960718751 0.917784214 0.571094155 0.57798481
    0.831228971 0.22727865 0.637200654 0.943118215 0.608871639
    0.788866282 0.801938891 0.651120543 0.331846416 0.0220576227
    0.423495024 0.700680375 0.0941277146 0.825237155 0.135698438
    0.650481939 0.815223455 0.277808964 0.164823174 0.55624491
    0.970053554 0.572627783 0.95668906 0.459601194 0.282514811
    0.994461179 0.140039057 0.88115859 0.100681543 0.828931391
    0.938783288 0.7069363 0.622998357 0.791183233 0.995105982
    0.824808657 0.496773064 0.184619159 0.821811259 0.819180906
    0.962363183 0.335649967 0.40580219 0.0265527964 0.267687023
    0.501431823 0.603945017 0.447606742 0.101199538 0.614479125
    0.213015527 0.246871382 0.757339001 0.344003141 0.976649046
    0.973212898 0.79767549 0.750192046 0.378029138 0.263524175
    0.801921368 0.2246961 0.711913824 0.294786215 0.516299546
    0.298489153 0.421070546 0.722915649 0.408532739 0.706408858
    0.17559436 0.97080034 0.78257525 0.200225472 0.116912037 0.922077775
    0.99884665 0.119265616 0.598596931 0.656184196 0.255134702
    0.603418231 0.302707672 0.109756976 0.451403022 0.861495256
    0.00523415208 0.915254831 0.738449037 0.716095507 0.405597448
    0.0823946893 0.605037928 0.0666888654 0.496846199 0.957255006
    0.762000918 0.266927838 0.106760949 0.00799223781 0.63759023
    0.926452994 0.124656171 0.0965538025 0.624446154 0.09995386
    0.393271297 0.240832567 0.0805907547 0.832375646 0.0730951428
    0.932330132 0.73842895 0.596614957 0.228037745 0.600373328
    0.497198135 0.701898754 0.431768596 0.483446836 0.1787076
    0.533380389 0.881494701 0.274944991 0.481359601 0.154333413
    0.00390917063 0.881597281 0.40446189 0.635481715 0.0416404009
    0.753758073 0.779431403 0.429876924 0.259254843 0.861263752
    0.389754355 0.142246872 0.345790923 0.43654725 0.702850223
    0.494681627 0.767519116 0.574661553 0.745583832 0.44040966
    0.166224509 0.424154937 0.532642901 0.654008985 0.645307839
    0.262228668 0.760842919 0.0321499705 0.592930198 0.758223891
    0.834889531 0.629083514 0.763525128 0.373117417 0.60253197
    0.203502566 0.660376072 0.103625864 0.228244662 0.25765866
    0.956825376 0.245698929 0.722874999 0.521295428 0.796439648
    0.621337652 0.804245353 0.933570504 0.384671569 0.578411043
    0.275568366 0.974636674 0.024384886 0.933469832 0.420968264
    0.630909979 0.568367124 0.483041853 0.808480799 0.508828163
    0.186350912 0.0214011669 0.618889213 0.755516052 0.196064621
    0.770390272 0.900164485 0.122072756 0.797237873 0.855080009
    0.673978746 0.690845191 0.877894044 0.645257354 0.0876990557
    0.551182091 0.992989182 0.664782345 0.550852954 0.974477828
    0.786823988 0.855851531 0.391352743 0.853209138 0.212108999
    0.0198385417 0.823079348 0.637410045 0.478921592 0.567141414
    0.556849122 0.0571818352 0.540180206 0.61077553 0.513751507
    0.167509109 0.818276644 0.124913007 0.920784712 0.531045437
    0.743794084 0.381430805 0.559934914 0.570561409 0.380714774
    0.368399382 0.632919252 0.73504144 0.139607161 0.634756088
    0.46955958 0.11046809 0.481886446 0.392100811 0.786154866
    0.896418214 0.369202197 0.36655733 0.453512907 0.920624018
    0.242133081 0.479742438 0.833363712 0.313182712 0.290099591
    0.290942669 0.0930433571 0.359753013 0.798500836 0.0400969386
    0.424171925 0.613021016 0.998519659 0.302634835 0.130936682
    0.986965656 0.555669367 0.0438242853 0.466745406 0.23635444
    0.0126875937 0.450792521 0.0961229801 0.795097589 0.252078831
    0.368627429 0.237787783 0.833903372 0.075615555 0.427952439
    0.0610224605 0.902415037 0.626969278 0.698804617 0.650351048
    0.889977574 0.699505031 0.751610875 0.967950284 0.467742205
    0.681601822 0.564677358 0.856942296 0.802391708 0.257255554
    0.810453415 0.137624502 0.591608524 0.955180645 0.76241982
    0.794008493 0.936140895 0.147196323 0.678508341 0.283549488
    0.474198729 0.57093519 0.211350173 0.394436598 0.150414288
    0.275416404 0.80755055 0.485880524 0.407295763 0.777939439
    0.898318589 0.417928815 0.291079879 0.0232725441 0.951927006
    0.501834512 0.271651566 0.914774299 0.951632679 0.966897011
    0.442990094 0.153279662 0.226061881 0.190305501 0.715019107
    0.559001684 0.478874534 0.735777199 0.972355604 0.87086457
    0.962340355 0.796664476 0.0116197467 0.844331026 0.483852088
    0.256253183 0.833007574 0.781258821 0.344195098 0.231276989
    0.268458188 0.879230022 0.239744514 0.951142073 0.03290236
    0.869659662 0.840747833 0.68743515 0.0366772413 0.659110487
    0.45275408 0.520866632 0.963547766 0.614356279 0.736749828
    0.701933622 0.0237716734 0.673862219 0.935462236 0.25879252
    0.651536703 0.671198845 0.0194862485 0.496286243 0.967656136
    0.414111763 0.527644217 0.594907343 0.0868004262 0.152305901
    0.968970299 0.42425257 0.55490315 0.870090246 0.707431078 0.58875978
    0.140197009 0.821932197 0.981544435 0.235211223 0.418363273
    0.956794798 0.559882581 0.220540971 0.564941645 0.408055663
    0.50975436 0.849099755 0.515378296 0.73519969 0.294344038
    0.135012776 0.115433306 0.845537543 0.662809074 0.34659943
    0.944305897 0.0989516377 0.408971131 0.870469391 0.733189821
    0.67310369 0.334059626 0.382188141 0.627656043 0.402247548
    0.165561974 0.681240857 0.291448236 0.990773499 0.832784534
    0.712822318 0.269023716 0.0144524276 0.665833831 0.0830104947
    0.445014745 0.2740933 0.363846689 0.605611026 0.455043703
    0.266314149 0.193819016 0.203529507 0.544878304 0.830053091
    0.710269094 0.68302238 0.117761135 0.465102911 0.848691463
    0.799348593 0.109482139 0.741312742 0.301694691 0.711883187
    0.677209198 0.912830234 0.190790892 0.418253571 0.712254703
    0.836776018 0.221119881 0.0607451499 0.264831156 0.579596043
    0.944435477 0.16451484 0.857669473 0.98362267 0.393093854
    0.645982087 0.310268313 0.852573395 0.0873947442 0.24033609
    0.600005865 0.62882787 0.617952287 0.966868579 0.135648102
    0.441832483 0.0627260506 0.746366799 0.0568499267 0.179970503
    0.28287673 0.605947793 0.224789023 0.23719269 0.606438637
    0.328515977 0.654896796 0.308682621 0.64260298 0.675228596
    0.272411406 0.429894984 0.246803284 0.4134233 0.836508512
    0.616345048 0.320654154 0.725555003 0.900340259 0.633708715
    0.26517868 0.491800308 0.389578819 0.315469176 0.381267756
    0.731015384 0.230429649 0.96391058 0.901826859 0.500770688
    0.300739765 0.900954783 0.815644026 0.889876187 0.718034744
    0.960060954 0.0125597119 0.551399112 0.813200533 0.352718651
    0.0509683788 0.555228889 0.0609230697 0.204453886 0.457522333
    0.0729098618 0.557016015 0.779638231 0.396706849 0.876459718
    0.870985866 0.565093458 0.0843318999 0.170712709 0.792710066
    0.568723559 0.952910721 0.685493886 0.599143922 0.112646461
    0.10012576 0.897508681 0.911352515 0.842663527 0.750142217
    0.541027248 0.0877736509 0.599600852 0.30997178 0.0940211713
    0.67145431 0.231217653 0.0331620574 0.985706329 0.548323035
    0.241323948 0.304591417 0.185774058 0.382691234 0.907717526
    0.488353252 0.975162864 0.935285568 0.0421899259 0.353943914
    0.529239416 0.280454993 0.088643223 0.262762308 0.0296333432
    0.369657993 0.387160003 0.0470419228 0.217137069 0.0565387309
    0.0107517242 0.589942515 0.722244918 0.486921787 0.467189133
    0.508298099 0.843196988 0.0327355564 0.41852662 0.86628288
    0.827568173 0.71135807 0.394397438 0.474293113 0.3981646 0.163502544
    0.855785429 0.52544266 0.0608808994 0.0556216836 0.0920937955
    0.810723066 0.599244475 0.518366516 0.886662364 0.423912764
    0.819945693 0.899330735 0.496174455 0.227766424 0.586865246
    0.00812166929 0.927417994 0.180089742 0.733361483 0.10860455
    0.854292929 0.505087793 0.279005349 0.733065844 0.688880622
    0.115765899 0.201376319 0.560760736 0.118186623 0.693565726
    0.562427342 0.847647309 0.955584407 0.770602584 0.303413212
    0.141580224 0.651107371 0.092586726 0.291889846 0.956090331
    0.998151064 0.354688168 0.689133227 0.523320079 0.89239943
    0.928195357 0.240324348 0.85114938 0.0976494551 0.650009692
    0.459089518 0.237925917 0.260942608 0.522901058 0.421254963
    0.849268079 0.968811274 0.247796744 0.951691031 0.540343344
    0.780648232 0.255331159 0.344221264 0.873430073 0.766181231
    0.898709834 0.89683634 0.579935908 0.641077697 0.210372508
    0.970583558 0.908969998 0.464117706 0.196384758 0.585401297
    0.550112844 0.389974952 0.953285336 0.981247962 0.441706389
    0.408191442 0.463311136 0.179598987 0.172910452 0.179724813
    0.64662087 0.596270323 0.519381821 0.586104095 0.767828822
    0.0962528288 0.602803767 0.56009388 0.935695827 0.117319822
    0.35344252 0.324491918 0.76663661 0.42705524 0.839728832 0.174785286
    0.929243386 0.788217545 0.727918744 0.683785439 0.277148843
    0.359458923 0.202611834 0.275947392 0.0386813581 0.210651547
    0.00532388687 0.0520614088 0.735654652 0.118595809 0.610022664
    0.730408728 0.392148525 0.142074794 0.967484951 0.371787488
    0.385717273 0.621490419 0.079390347 0.591572881 0.280507296
    0.241417885 0.694271624 0.671861291 0.278970897 0.655316055
    0.126617283 0.713253319 0.383819759 0.5696491 0.914746761
    0.937960029 0.415450543 0.348336518 0.628355503 0.863620639
    0.33460924 0.88374269 0.107812285 0.682160258 0.0575257242
    0.25083515 0.554129958 0.94932878 0.332754016 0.956116319
    0.357604295 0.842472196 0.00821316242 0.220628172 0.549924552
    0.547996461 0.585473418 0.611545742 0.989918172 0.0119241774
    0.887412429 0.366402924 0.231869638 0.469102234 0.17931971
    0.573218822 0.442748845 0.136180729 0.321586132 0.113342434
    0.231955141 0.290562272 0.183823496 0.403717369 0.518214583
    0.644849539 0.837044954 0.19661361 0.810003042 0.909827828
    0.868020296 0.163773566 0.56620568 0.675586104 0.0886487961
    0.585012555 0.293505013 0.880895495 0.353465736 0.235869199
    0.878263712 0.243735731 0.252306849 0.318637729 0.289544046
    0.463194728 0.796877027 0.82401669 0.526104331 0.118098319
    0.95500046 0.945517838 0.121577889 0.436768323 0.0931732059
    0.302257746 0.690675497 0.069947958 0.157852262 0.213074297
    0.974855304 0.785790741 0.41548872 0.368464887 0.116940856
    0.228186101 0.302854747 0.377363384 0.78210479 0.91470015
    0.852680445 0.529466331 0.394858956 0.926453829 0.539445221
    0.903107226 0.526708305 0.082396239 0.463706076 0.283531666
    0.808057308 0.0807394385 0.15614593 0.096070379 0.939428926
    0.327142656 0.0974815786 0.309577942 0.376264632 0.105567425
    0.161688238 0.301860392 0.219072133 0.767248631 0.703005433
    0.431293309 0.508482397 0.0119386017 0.128310293 0.0614858866
    0.0130039454 0.596659184 0.763608694 0.0235852003 0.341791809
    0.332850277 0.308227599 0.387878031 0.671184003 0.866577387
    0.183880806 0.430811703 0.355616033 0.39684236 0.758562207
    0.0471886098 0.264888972 0.86373055 0.534088612 0.318775237
    0.179790288 0.752508879 0.602506459 0.685324311 0.0674879551
    0.999163985 0.779653907 0.581510127 0.11372143 0.00131642818
    0.39425534 0.161067754 0.0443910658 0.559048831 0.77626729
    0.00696489215 0.0218671262 0.672131598 0.783988357 0.434638262
    0.505482137 0.753302217 0.935447097 0.742986441 0.117299467
    0.0643826723 0.815661669 0.131452411 0.22154057 0.972631872
    0.141681999 0.691195846 0.232376546 0.962449908 0.93898952
    0.672061205 0.953051805 0.804088116 0.886299312 0.7497769
    0.196872085 0.947502613 0.168189526 0.166392237 0.526209056
    0.0351181328 0.715298772 0.836568713 0.687934637 0.416482985
    0.541062057 0.274002612 0.240169048 0.808815122 0.330492139
    0.705266237 0.0537989736 0.591703057 0.99866116 0.676200032
    0.411861598 0.938883662 0.266588271 0.611561537 0.751583397
    0.94542098 0.235143602 0.505782425 0.145750105 0.104409575
    0.301199377 0.828773499 0.467264563 0.515657306 0.703262866
    0.924944818 0.0102662444 0.781117678 0.668043733 0.573274732
    0.232032418 0.574040592 0.071451962 0.314434648 0.122167468
    0.098831594 0.905712545 0.518832386 0.434650302 0.234276175
    0.554173291 0.218633741 0.907009602 0.679833829 0.532136202
    0.257729352 0.247454017 0.138575226 0.589134514 0.0986253917
    0.344531119 0.352131784 0.163855106 0.394521475 0.0262722075
    0.140894383 0.679877162 0.434637964 0.256011605 0.696597874
    0.211964726 0.719842613 0.83153069 0.859639168 0.0467203557
    0.21057722 0.156874806 0.875604749 0.848046303 0.665688038
    0.643957734 0.103904843 0.792253375 0.0808072388 0.669670641
    0.214496672 0.220563799 0.487343907 0.790280163 0.731824398
    0.155946583 0.883838773 0.863789439 0.187285811 0.353003234
    0.0598816276 0.823432803 0.483822554 0.427931488 0.758836389
    0.368351161 0.627942741 0.00599116087 0.516111016 0.574725628
    0.103758126 0.487756014 0.950858474 0.441519469 0.495872021
    0.677147329 0.232492387 0.169078529 0.440539271 0.145975292
    0.70468384 0.19630602 0.0373535454 0.299492002 0.089877367
    0.731403351 0.337378651 0.315920502 0.225734919 0.413807154
    0.876584888 0.560511947 0.179638684 0.688886225 0.854632735
    0.540574372 0.855616331 0.105367273 0.989354253 0.290543735
    0.458900034 0.2975806 0.575148463 0.670681357 0.44973892 0.340018392
    0.4230977 0.566491961 0.145430356 0.371632159 0.392584026
    0.496556997 0.681338012 0.630470276 0.632693052 0.662108004
    0.177988917 0.785124779 0.332827806 0.392398626 0.435094446
    0.896478534 0.578722775 0.227702796 0.955603898 0.743915081
    0.550341427 0.86513567 0.822089851 0.177042037 0.730699599
    0.585339069 0.538379669 0.382608086 0.446373343 0.832939148
    0.167358875 0.433825314 0.124884695 0.177879095 0.324565023
    0.648609877 0.706785917 0.783025265 0.691472232 0.393538177
    0.405108511 0.273727179 0.807324052 0.522801936 0.0958546698
    0.576002598 0.898495197 0.119219929 0.803593993 0.497121245
    0.124497682 0.93388927 0.762782276 0.130057365 0.490169108
    0.234469295 0.96990025 0.419955581 0.250870526 0.0704435408
    0.684451461 0.956187963 0.921469569 0.955482602 0.813111663
    0.776204705 0.0285284519 0.317122102 0.0925903618 0.770429254
    0.759079576 0.0768138766 0.118124992 0.868296266 0.231666028
    0.62042141 0.166554481 0.552455544 0.997476935 0.944785476
    0.780651033 0.863671303 0.78975749 0.603873551 0.21424368
    0.772853374 0.795336425 0.214832872 0.624457121 0.956997275
    0.996272266 0.693616688 0.869231105 0.527511775 0.0397062898
    0.0549451709 0.331235349 0.60548234 0.724502444 0.328772724
    0.299497753 0.146555275 0.191532493 0.619770586 0.738319039
    0.64405477 0.00534743071 0.277637243 0.244215786 0.819700956
    0.997183204 0.0389510095 0.711519718 0.739985824 0.18826887
    0.588647246 0.948604345 0.188114673 0.540396452 0.837916732
    0.472706974 0.174556136 0.353215575 0.292311192 0.286737978
    0.811531782 0.44091779 0.0947981477 0.0579594076 0.588104486
    0.525095403 0.437805653 0.22258997 0.360479802 0.761500776
    0.248268753 0.323073745 0.91649884 0.35166347 0.862991571
    0.842815518 0.519200802 0.728437662 0.918333173 0.0345226228
    0.608109951 0.15426001 0.715444922 0.0538716614 0.888940513
    0.895543218 0.784060657 0.629375696 0.203237981 0.265802026
    0.315122038 0.30076468 0.0710612833 0.335998803 0.650223732
    0.323511362 0.765029848 0.740367174 0.714885175 0.695767641
    0.829269886 0.541984558 0.767505527 0.984902978 0.766813874
    0.777079463 0.107996881 0.897835493 0.660149395 0.65072149
    0.537664354 0.481230557 0.708406508 0.145815969 0.417857021
    0.898559928 0.442901075 0.743904829 0.529683053 0.308489203
    0.102295816 0.00815650821 0.5486902 0.236472875 0.476894975
    0.544255793 0.4709315 0.356858492 0.729648471 0.669423163
    0.454091072 0.528915942 0.622746766 0.777480483 0.760317326
    0.186832309 0.41017735 0.918417931 0.213170499 0.467935562
    0.301320314 0.935828567 0.343207896 0.664840519 0.884020329
    0.163648427 0.340750575 0.0265674591 0.599951684 0.504039466
    0.727587521 0.347620547 0.911498308 0.190765798 0.0245250463
    0.266336322 0.462761641 0.404810697 0.697448432 0.529046595
    0.821467757 0.207093775 0.044949621 0.242261887 0.916229486
    0.621673167 0.386602074 0.253364533 0.329101264 0.518066049
    0.479016066 0.572172105 0.0889846683 0.466169417 0.0643642247
    0.974471688 0.0566895902 0.222677618 0.639765859 0.0846382082
    0.986537218 0.576197863 0.28013593 0.340066552 0.658557653
    0.602567554 0.453881085 0.394051492 0.336033523 0.920112729
    0.35317266 0.0418747067 0.572857797 0.416775525 0.0965996385
    0.164524347 0.558115602 0.44129613 0.763173342 0.00753539801
    0.960771203 0.23926276 0.368730783 0.0885142982 0.807770193
    0.938914657 0.408429205 0.0965823233 0.588578105 0.214642256
    0.129704237 0.265268594 0.0615758896 0.393375039 0.614970088
    0.776187062 0.484083802 0.269954056 0.322775602 0.385200411
    0.0112532973 0.655855656 0.94890523 0.925569415 0.935867906
    0.974822223 0.668924451 0.254301369 0.698659003 0.388032734
    0.76904726 0.535078526 0.99065274 0.874949634 0.864327192
    0.495965332 0.502081811 0.0516539216 0.952546358 0.0614526272
    0.527577579 0.0967969596 0.118289798 0.728052974 0.612917304
    0.219630539 0.573646784 0.497475535 0.302039236 0.574240208
    0.672534049 0.210266829 0.241748095 0.661166549 0.816541076
    0.902781963 0.675010324 0.669519305 0.730023682 0.254204929
    0.951375961 0.282747269 0.617239833 0.434402466 0.0910822153
    0.403256297 0.958934844 0.766585588 0.915412426 0.387205362
    0.518456161 0.655622244 0.697902083 0.44440648 0.909602761
    0.560481846 0.955830097 0.14808318 0.355647475 0.490697294
    0.0884924531 0.602782249 0.738541782 0.0820925236 0.090203613
    0.544775128 0.903315187 0.637583256 0.644520879 0.238395452
    0.129908472 0.949649215 0.623053789 0.511144221 0.193377227
    0.00990381837 0.236494243 0.842603922 0.580934942 0.453063101
    0.881128252 0.830211759 0.559107482 0.968930483 0.292811722
    0.0233759582 0.0636979938 0.00114360452 0.173552811 0.598811388
    0.0444019437 0.473602772 0.14530021 0.391846478 0.957650125
    0.544969916 0.401379257 0.675408304 0.3830975 0.0889242589
    0.274621725 0.372346699 0.532984495 0.237493604 0.816505969
    0.287884742 0.874004364 0.932493508 0.0838403404 0.709859848
    0.358619094 0.656266332 0.195791662 0.705970168 0.111552149
    0.17987743 0.67048496 0.0277132094 0.566728473 0.321094036
    0.999419928 0.665931702 0.123651505 0.945406199 0.945647001
    0.734804928 0.00892803073 0.522117257 0.413161576 0.293370008
    0.677020729 0.758445382 0.19885242 0.688803613 0.177973986
    0.96966815 0.587780476 0.943406463 0.461085647 0.628386557
    0.914577246 0.746497273 0.645909786 0.822285354 0.714399755
    0.521955252 0.0147875845 0.314961761 0.701839566 0.865840673
    0.876791835 0.319237828 0.234155655 0.057559371 0.71053195
    0.68611902 0.242986649 0.351801991 0.885411143 0.598172545
    0.603851378 0.435556173 0.204348952 0.0340665877 0.155704588
    0.205597043 0.457263708 0.898434818 0.937983751 0.941066504
    0.96219641 0.594583631 0.585260808 0.573610246 0.194659561
    0.469682872 0.822285175 0.468251675 0.157111347 0.56542325
    0.272561252 0.98266089 0.560147345 0.833670497 0.601934075
    0.620529652 0.354585946 0.985929489 0.683030605 0.677025914
    0.165801853 0.523397207 0.485585541 0.373379767 0.985906601
    0.801977217 0.233884007 0.339259773 0.882138252 0.353052258
    0.72188735 0.754549861 0.165200263 0.341288924 0.0340688527
    0.909465909 0.601670325 0.647042513 0.288420141 0.974030972
    0.842895031 0.663364291 0.875145197 0.297562599 0.325891197
    0.487970203 0.633218408 0.519083083 0.900391459 0.127490938
    0.857305229 0.315625131 0.905203581 0.371692598 0.504948497
    0.124591678 0.477080166 0.592978597 0.758384705 0.418225437
    0.96848923 0.74629426 0.239218056 0.183811218 0.712701976
    0.820131779 0.138174266 0.748792768 0.111720741 0.298837006
    0.536518574 0.340892673 0.651441753 0.378002942 0.86085695
    0.93612659 0.302303851 0.757998049 0.439080805 0.343688786
    0.981801629 0.340964675 0.0958520174 0.805209935 0.23079741
    0.546520054 0.280023873 0.361044854 0.596799314 0.224392325
    0.0801537633 0.107615322 0.390135467 0.265799642 0.3788459
    0.513340116 0.665623784 0.16164279 0.0158872008 0.0282456875
    0.245365411 0.0756141245 0.370295405 0.165171206 0.86757344
    0.0893416703 0.752287209 0.21968931 0.664928198 0.540244639
    0.680057168 0.10102877 0.420711637 0.819057822 0.997945309
    0.88781321 0.982105136 0.0674433708 0.22985673 0.160469741
    0.48064515 0.0665000975 0.333091557 0.923552096 0.509345174
    0.0839796364 0.678450763 0.459141135 0.0541320741 0.0651054382
    0.787599921 0.45289138 0.00484031439 0.893837631 0.586156368
    0.828262031 0.774168134 0.425165564 0.660725236 0.242709994
    0.460399598 0.0460313559 0.0577804148 0.195080698 0.997067451
    0.585069537 0.974274576 0.274422348 0.963327169 0.627337396
    0.725216508 0.71669054 0.779568791 0.091760397 0.170975268
    0.285806566 0.10185793 0.65411675 0.259404957 0.248528987
    0.847846627 0.523070872 0.237241238 0.781912208 0.492626995
    0.168873578 0.425586969 0.00493279099 0.328625172 0.563440919
    0.133331954 0.312015116 0.942470312 0.312743962 0.804693341
    0.0888251364 0.552998245 0.579301357 0.127492428 0.0388907194
    0.385459572 0.0504808128 0.389666826 0.688226163 0.778077364
    0.0404562652 0.545147359 0.421300948 0.65580976 0.208190382
    0.50083679 0.402377099 0.270539224 0.0454007387 0.515955448
    0.211898327 0.773303866 0.883893609 0.0477085114 0.273492038
    0.564968109 0.731122375 0.893103242 0.82220161 0.497763932
    0.0951712728 0.090557307 0.239671171 0.4761554 0.386736065
    0.0303774774 0.410581797 0.254260302 0.724515498 0.725142598
    0.386423588 0.144227445 0.155388683 0.458339661 0.40128088
    0.61524123 0.380439103 0.90497911 0.529614329 0.156520784 0.62813592
    0.377783656 0.960819781 0.183031082 0.725700319 0.581209779
    0.560338318 0.527757823 0.248479962 0.393758416 0.938450336
    0.524990678 0.0956708491 0.539782405 0.496616155 0.148048609
    0.362028539 0.24200666 0.828495145 0.462072909 0.0233044028
    0.91750598 0.540592968 0.715761065 0.0826289952 0.938102961
    0.605499387 0.944312513 0.894728184 0.357990146 0.713589251
    0.351369858 0.234705031 0.141892493 0.847463191 0.697379708
    0.0404666364 0.610723138 0.777413845 0.992213845 0.922974825
    0.154307872 0.152394116 0.671480179 0.500773251 0.783612013
    0.375237465 0.256421626 0.157156438 0.76401329 0.164215833
    0.846279025 0.372806609 0.062159121 0.28196764 0.504617035
    0.712022841 0.676640153 0.513546169 0.504148066 0.421328217
    0.16786924 0.938886642 0.473469883 0.735163033 0.979321837
    0.541929305 0.716320634 0.085875392 0.078909725 0.178425819
    0.861161351 0.779302001 0.255523503 0.8479985 0.700520337
    0.962326169 0.126123726 0.808892369 0.543902636 0.0955084264
    0.320449233 0.982228577 0.939745128 0.546442926 0.204618603
    0.0641999543 0.777132213 0.192325979 0.230769426 0.549582541
    0.707682908 0.289812267 0.428871095 0.633023322 0.0237757564
    0.293430299 0.570153117 0.0269268155 0.965191185 0.192353249
    0.419860333 0.945932925 0.194837153 0.600010037 0.310730696
    0.726653099 0.184566051 0.975798845 0.883839965 0.158007294
    0.569262326 0.563187957 0.866319776 0.0832410753 0.527520299
    0.838445902 0.878139257 0.892800093 0.00729858875 0.380889028
    0.393152207 0.768254995 0.226090014 0.807615638 0.247297853
    0.705203533 0.678403378 0.548047483 0.868552923 0.778994918
    0.723036706 0.0962141752 0.744617343 0.97174412 0.455823332
    0.447734594 0.978699684 0.759229064 0.333265841 0.653457761
    0.204893827 0.482569665 0.687878013 0.699075699 0.666723073
    0.16173932 0.163274229 0.0841806531 0.210247099 0.378853679
    0.560606182 0.099198252 0.956680298 0.09044227 0.408818364
    0.705599189 0.764566064 0.862039566 0.615154564 0.656874299
    0.405550539 0.828083396 0.923963428 0.376772404 0.260701716
    0.0832033157 0.719102502 0.164853066 0.5530774 0.713348746
    0.63420409 0.29345271 0.473542809 0.872253954 0.120111465
    0.118117094 0.496300936 0.402755767 0.241260856 0.558768153
    0.356111825 0.583557129 0.445959836 0.209120244 0.271263689
    0.281709135 0.874933839 0.592486918 0.926040828 0.531855464
    0.640483439 0.752879381 0.00896856189 0.820840716 0.231631845
    0.361643195 0.0730956495 0.309285522 0.691498041 0.937118888
    0.84359467 0.0752283931 0.513636708 0.33371681 0.0650182664
    0.938458562 0.978007674 0.397367477 0.882989168 0.00725334883
    0.895451307 0.389418125 0.34560445 0.105998069 0.534082472
    0.137236089 0.745947123 0.83605659 0.445196092 0.221313387
    0.044685632 0.645942032 0.579202294 0.75539428 0.209117413
    0.780476689 0.757680416 0.113080621 0.778819919 0.203958303
    0.0195646584 0.704958975 0.955678225 0.905538797 0.675442398
    0.532313168 0.965317249 0.302365959 0.851912916 0.310539544
    0.446223617 0.62996757 0.440196007 0.180997491 0.0698777437
    0.955343604 0.481678903 0.416295975 0.783298969 0.473685026
    0.799604833 0.503077269 0.804610848 0.79676187 0.474796385
    0.168330967 0.607028484 0.258992434 0.800773144 0.421470314
    0.168374479 0.216762036 0.272029191 0.339597702 0.289521337
    0.540372014 0.504389942 0.800996125 0.975890756 0.440542459
    0.265401214 0.131968975 0.101473063 0.323991477 0.542824507
    0.584605873 0.143546104 0.0371024609 0.332873166 0.367620736
    0.0602843463 0.658762515 0.774821401 0.614880502 0.295974672
    0.657216012 0.190680385 0.626915932 0.433129191 0.731559634
    0.891124964 0.268708408 0.357752442 0.505172431 0.332648724
    0.646712899 0.499537259 0.392065823 0.489438862 0.956968307
    0.982903242 0.166650027 0.815388918 0.645875216 0.885869741
    0.233170003 0.604320168 0.613793492 0.805137992 0.271543324
    0.588557124 0.407050133 0.861502528 0.709777951 0.838267565
    0.862100124 0.011007458 0.173790663 0.554194987 0.284848452
    0.468575269 0.70094645 0.930936456 0.426660538 0.208221167
    0.0770791173 0.940187216 0.458233714 0.7409904 0.925338805
    0.687398314 0.193692803 0.46109587 0.486091375 0.853437126
    0.152715415 0.882311106 0.777659595 0.307874918 0.770247459
    0.836602628 0.053739816 0.0942679644 0.541163683 0.549968064
    0.974511862 0.988040447 0.732206762 0.614448369 0.514325619
    0.612905383 0.944956243 0.823564887 0.859681129 0.593818665
    0.302426457 0.629008293 0.163395584 0.0553546548 0.315599799
    0.742678106 0.992182851 0.340677649 0.431761324 0.442169577
    0.134668022 0.596182644 0.43463701 0.0630938411 0.433751136
    0.789883971 0.816022515 0.774883032 0.883765101 0.274166286
    0.586579561 0.0402512252 0.144123167 0.422831476 0.449615449
    0.851540327 0.495660961 0.153484643 0.849178433 0.00912058353
    0.915214539 0.328974336 0.218876481 0.637231588 0.531460702
    0.0460987985 0.926311791 0.764935851 0.152038097 0.440952659
    0.939451814 0.225076973 0.133865148 0.842606425 0.730076134
    0.285473555 0.608192444 0.0868915617 0.510919631 0.184467137
    0.380296677 0.320375919 0.251378 0.719835639 0.0830017924
    0.377339005 0.66253978 0.671590984 0.961995125 0.719727218
    0.952703476 0.634240985 0.851595283 0.720872819 0.510268509
    0.47673896 0.097437501 0.228972554 0.30766803 0.499178559
    0.0667823851 0.73497051 0.182967126 0.88645947 0.704939485
    0.193558425 0.341554493 0.690121889 0.565776348 0.173952043
    0.632688105 0.397660613 0.389813721 0.944503546 0.746018827
    0.00245946646 0.0559638143 0.954836607 0.551655889 0.075358361
    0.283245623 0.598528445 0.289480805 0.875662208 0.84351027 0.9534266
    0.0954083502 0.410789132 0.854126811 0.0252408087 0.211276025
    0.118570238 0.36418575 0.13667658 0.190911174 0.605638683
    0.209003538 0.646533906 0.214931488 0.448076546 0.680756152
    0.0707697868 0.850958109 0.705342889 0.373502254 0.662485361
    0.272093415 0.899952888 0.0086362958 0.840990543 0.223710597
    0.185071409 0.0483869612 0.0791549683 0.577591717 0.974808335
    0.690106332 0.645805717 0.144499779 0.0780676901 0.622078001
    0.942023158 0.198085338 0.739337027 0.354905069 0.383115947
    0.290064782 0.333498776 0.0197378099 0.153286099 0.00920161605
    0.314256966 0.527438998 0.296338022 0.517386496 0.200197786
    0.818300009 0.8523615 0.954717755 0.265855312 0.253274143 0.53805095
    0.516539335 0.254821897 0.0338006616 0.939051628 0.530307353
    0.942424774 0.7136181 0.275052905 0.0622677505 0.932417512
    0.66091907 0.279061615 0.592315555 0.8459934 0.384739935 0.403530359
    0.671436429 0.18863076 0.947242022 0.510822356 0.0795407593
    0.195592731 0.765802741 0.641693592 0.194218397 0.312174261
    0.260190099 0.946932316 0.271079838 0.045677036 0.439378649
    0.965905368 0.9993397 0.0741618276 0.0220685899 0.00480493903
    0.188067555 0.982964993 0.209652513 0.813506246 0.380201042
    0.890460134 0.837365925 0.241771132 0.362938881 0.609195113
    0.490543872 0.181543618 0.283728123 0.548223913 0.307684511
    0.966703832 0.818043113 0.179328233 0.468513459 0.285845816
    0.286174268 0.204429299 0.508620977 0.804598212 0.461298823
    0.417004645 0.0854046941 0.45224008 0.0472721457 0.442448616
    0.379381061 0.109324127 0.418490261 0.781059384 0.153185785
    0.180392027 0.802677274 0.029335618 0.0438477993 0.333013892
    0.119565248 0.936305285 0.177029878 0.754670084 0.115957111
    0.459438115 0.717227161 0.408524841 0.558120489 0.284342766
    0.0354469419 0.606867909 0.626776159 0.2629655 0.939627647
    0.458182812 0.58930248 0.463512629 0.414764225 0.506427407
    0.773065686 0.711111665 0.828121066 0.308258772 0.456396312
    0.27247569 0.926534772 0.42872107 0.393493444 0.0515776277
    0.729189396 0.38517803 0.643010199 0.0514221787 0.944853187
    0.0523064733 0.403341293 0.613006592 0.487219751 0.198382497
    0.490602791 0.540680587 0.978925824 0.234322727 0.976920485
    0.852878332 0.542099178 0.688479662 0.810121417 0.220442116
    0.185716778 0.411947668 0.0956731439 0.750306487 0.735426843
    0.329719901 0.273153782 0.468276888 0.663002133 0.52101028
    0.496378452 0.499543101 0.541853428 0.561417341 0.760496736
    0.147129148 0.215124041 0.851638377 0.939830005 0.976992905
    0.405334026 0.774701774 0.455574423 0.0759559572 0.708415151
    0.143398106 0.414597034 0.484383494 0.969267905 0.0358664989
    0.525801957 0.706728458 0.730486512 0.126549751 0.584167123
    0.152007669 0.863322973 0.510507464 0.598298848 0.491265088
    0.493228018 0.276590168 0.404942721 0.840783656 0.319253027
    0.220712215 0.609818399 0.892869592 0.185287744 0.138579935
    0.272675574 0.900363445 0.358122468 0.0992507935 0.811458707
    0.665804744 0.605373383 0.063000679 0.170799404 0.94239527
    0.953288436 0.0592869818 0.17392689 0.228281856 0.58839947
    0.659939289 0.78541261 0.42600289 0.330357432 0.808724403
    0.349875629 0.483459413 0.708003759 0.236641884 0.441384852
    0.525566578 0.550217509 0.124937117 0.0593143404 0.870593667
    0.318700999 0.751393974 0.531252146 0.0279541314 0.916538835
    0.939207196 0.300829113 0.0633350313 0.207875937 0.382809043
    0.230185151 0.253505707 0.719296157 0.859098911 0.0334693491
    0.515652955 0.693302035 0.507861555 0.000705808401 0.79504329
    0.988442421 0.771461785 0.678655505 0.135391355 0.543389976
    0.341186166 0.529176414 0.366601944 0.757927418 0.119829625
    0.450100362 0.311309963 0.111175716 0.35016489 0.919795632
    0.262541413 0.66384995 0.253875911 0.438900143 0.546544969
    0.286867619 0.992544293 0.745924771 0.8432163 0.910466552
    0.785477996 0.110562444 0.929931819 0.412552595 0.486272067
    0.119326532 0.851659834 0.196700841 0.467256337 0.0966337919
    0.543360472 0.314517081 0.17153877 0.0866225362 0.128130138
    0.171189219 0.857506394 0.998485088 0.204052627 0.218850672
    0.422938019 0.0231051445 0.741810203 0.483379543 0.601578414
    0.730497181 0.192455441 0.34692663 0.141620249 0.383329183
    0.676690102 0.379597366 0.77376312 0.389204502 0.357160687
    0.615234196 0.481659025 0.327865213 0.213825911 0.163794547
    0.996586204 0.421181142 0.709088087 0.873664379 0.148285985
    0.4490394 0.578834057 0.920203388 0.836387515 0.439414352
    0.0170949996 0.610554636 0.17052266 0.358317316 0.145924568
    0.00397399068 0.781118095 0.397180229 0.538900614 0.718454242
    0.110716134 0.889048219 0.220758379 0.660527587 0.378097862
    0.998879492 0.23207137 0.404261559 0.168727517 0.703723431
    0.738574862 0.845666826 0.23006776 0.468325078 0.568241537
    0.0153931081 0.263222337 0.183706373 0.0158114433 0.342393458
    0.772975028 0.0061249733 0.0150929093 0.959211946 0.291013747
    0.191844165 0.0622633994 0.413172543 0.618735135 0.86460638
    0.516367257 0.464741498 0.398657501 0.510192633 0.358171225
    0.686384737 0.481973231 0.43512854 0.0979059339 0.177284718
    0.758389413 0.637145698 0.529760182 0.516276479 0.280602127
    0.803739309 0.583729863 0.193622351 0.992321193 0.744976759
    0.200152755 0.123524576 0.581014752 0.785337329 0.959510326
    0.674199641 0.231081814 0.866573095 0.0270752609 0.823290348
    0.707091153 0.453590721 0.135067493 0.236770093 0.938990593
    0.695120275 0.989412308 0.369463384 0.523598313 0.525526762
    0.383241385 0.267625749 0.671471536 0.014626652 0.836361051
    0.539818108 0.315600097 0.66314286 0.420520484 0.113326281
    0.772705734 0.104089618 0.31213659 0.0162236392 0.0226759613
    0.497468382 0.87279284 0.161767215 0.212612808 0.228308469
    0.667391598 0.295434952 0.797250092 0.902673721 0.369746298
    0.664839804 0.910883963 0.861290812 0.0689079463 0.685220778
    0.761714339 0.581691146 0.588082671 0.894742012 0.059216857
    0.233201981 0.973872185 0.350080281 0.492429465 0.49008882
    0.0626461804 0.881375968 0.618988276 0.6250453 0.347987235
    0.441206664 0.419161558 0.541175663 0.878554821 0.662758112
    0.588861525 0.881020963 0.788434029 0.592056572 0.0118379593
    0.402249008 0.633378625 0.940212488 0.0144788623 0.584409356
    0.945183933 0.828599334 0.172087699 0.99325341 0.779904723
    0.707452178 0.702560544 0.521049738 0.300483882 0.711573303
    0.405427456 0.699337721 0.496188879 0.740248442 0.957890391
    0.490576118 0.3521671 0.708591938 0.0794517696 0.591359794
    0.156049728 0.108226299 0.265893638 0.429094881 0.0596420467
    0.527927458 0.657323778 0.965592325 0.092230469 0.965464294
    0.0232288241 0.835564673 0.32581833 0.402789474 0.188065499
    0.554648757 0.0447567403 0.604170084 0.232990623 0.131719142
    0.505705595 0.606771946 0.95427382 0.381390244 0.936418295
    0.682637155 0.645545602 0.472060263 0.686107278 0.264508843
    0.869825244 0.760522723 0.456518024 0.108405143 0.253033698
    0.0926933885 0.631564379 0.768193722 0.309046566 0.688290119
    0.896170378 0.944163442 0.191125095 0.25554356 0.0818968713
    0.46418637 0.361397952 0.254093707 0.92443639 0.566906869
    0.572482288 0.103466302 0.817989945 0.929504871 0.504852414
    0.677052498 0.000875174999 0.589187622 0.822714686 0.550975025
    0.680179238 0.937198877 0.880227864 0.645956993 0.0867178738
    0.542144477 0.370228678 0.151936799 0.374689519 0.745199919
    0.692780137 0.914688706 0.375317782 0.364331543 0.331559896
    0.782097459 0.841503322 0.934237242 0.129284918 0.820540786
    0.9418661 0.618341506 0.678617775 0.342477143 0.658070266
    0.548759639 0.691220164 0.561108053 0.112785846 0.117737889
    0.499615401 0.488552481 0.624313354 0.302077472 0.898548484
    0.124252677 0.909011602 0.291989267 0.356527567 0.00476688147
    0.841922045 0.847596049 0.95390141 0.0333347917 0.429397404
    0.82634449 0.831941485 0.543184102 0.303229302 0.814794302
    0.488143653 0.606149256 0.78019613 0.359278381 0.724597871
    0.413391292 0.701364279 0.227514207 0.560234547 0.404683709
    0.967429042 0.584297299 0.76628387 0.444987297 0.00543668866
    0.327276826 0.94222486 0.38479358 0.0102099776 0.00142470002
    0.494262099 0.350731045 0.165716559 0.00474023819 0.00574874878
    0.356625348 0.771727562 0.411732197 0.841859043 0.312476337
    0.383454263 0.440725803 0.356067538 0.711247027 0.0381246805
    0.340838492 0.365100205 0.502616763 0.147036791 0.149076521
    0.122758716 0.752447069 0.208150268 0.987356007 0.952537954
    0.965002596 0.999596477 0.269620299 0.328386247 0.690618038
    0.190114826 0.470896721 0.111985028 0.122423798 0.333993435
    0.75973475 0.482803583 0.131967664 0.288273901 0.459626377
    0.278389931 0.165702015 0.458412468 0.496018887 0.18650952
    0.249188304 0.325713336 0.979514599 0.656409264 0.220815003
    0.476619035 0.181315631 0.545958579 0.458812892 0.548135877
    0.0361416936 0.460297883 0.610671699 0.808948398 0.549797952
    0.599228919 0.0960243344 0.152819872 0.895177007 0.752365589
    0.0262791216 0.482623219 0.864599705 0.805370569 0.120235115
    0.437884122 0.226554871 0.25488466 0.209417641 0.540568411
    0.926356792 0.760886252 0.837058663 0.044295609 0.737116754
    0.255897164 0.859591246 0.0447218418 0.684907973 0.487091511
    0.54735744 0.795612097 0.655662179 0.409086078 0.34179318
    0.858504534 0.766662121 0.287222475 0.536144793 0.236161381
    0.298143893 0.745567441 0.959768891 0.469425172 0.287751615
    0.54336071 0.0346896648 0.127795339 0.991959035 0.293266535
    0.668614447 0.223247379 0.935614049 0.0457097888 0.477164209
    0.214860797 0.441981375 0.536282122 0.168232411 0.313074112
    0.326497376 0.0997597575 0.142166406 0.949955642 0.693870604
    0.440443933 0.733198643 0.660708964 0.579862177 0.0978141129
    0.396324724 0.000873953104 0.968514085 0.743598402 0.463638008
    0.766830921 0.758184314 0.741901398 0.728300929 0.311529875
    0.584360063 0.309179246 0.134923518 0.340046763 0.675619602
    0.383383989 0.50589478 0.506048143 0.502450824 0.707224846
    0.033210218 0.301467448 0.486200213 0.00700765848 0.18650344
    0.399483621 0.805620432 0.748349905 0.722281098 0.753714204
    0.895370424 0.116006285 0.567814648 0.481061101 0.493897051
    0.629769087 0.629445493 0.604022264 0.679091692 0.550484955
    0.516887248 0.328426421 0.571878433 0.719406247 0.310502648
    0.231952339 0.268277615 0.698738694 0.664744139 0.159057081
    0.42106691 0.392954648 0.969809771 0.678352296 0.0620943308
    0.735825896 0.103048563 0.789063454 0.453234166 0.709206939
    0.118916571 0.434562653 0.0758110881 0.369361937 0.425990611
    0.615451515 0.133746594 0.615753889 0.105766863 0.850526929
    0.382590353 0.510549545 0.486320555 0.0945699215 0.538714945
    0.0460255146 0.0178479552 0.764367342 0.710440993 0.436831772
    0.0896120369 0.439097673 0.707851052 0.582095265 0.539783418
    0.570603192 0.142898709 0.359355867 0.357784808 0.0439071059
    0.957892478 0.513781965 0.999969363 0.66503197 0.649019003
    0.174139053 0.725405276 0.987234414 0.0964000821 0.613146782
    0.734811604 0.901442051 0.557915449 0.156002581 0.854869485
    0.425247788 0.945304394 0.629652381 0.798410356 0.893729687
    0.762740135 0.241707623 0.709743857 0.213524878 0.915046632
    0.447958142 0.278421521 0.81031394 0.975176096 0.0307629406
    0.363649547 0.507740021 0.175232351 0.980336308 0.0261707604
    0.285984576 0.554801166 0.839646459 0.408088267 0.700581551
    0.9162184 0.679814875 0.468240529 0.0492696762 0.593273878
    0.314313918 0.528955162 0.136721522 0.803908706 0.774126649
    0.765665293 0.473260909 0.13106522 0.539164662 0.958057404
    0.481712312 0.927630305 0.186940432 0.364438713 0.645444274
    0.745187938 0.158458114 0.740728736 0.525037289 0.777957499
    0.673405826 0.66540271 0.102123588 0.414519489 0.307626605
    0.136741906 0.177996993 0.432464808 0.912570119 0.862966657
    0.950429559 0.161830246 0.644289851 0.726422131 0.128292918
    0.215427339 0.891706228 0.684381187 0.160103977 0.735792875
    0.325763375 0.317755967 0.234344572 0.871013284 0.868987143
    0.376212299 0.52542448 0.377140373 0.0684782565 0.20058012
    0.0972798169 0.256017148 0.668595076 0.531811714 0.771255493
    0.759589672 0.323845744 0.207489192 0.263255179 0.589677691
    0.524458647 0.942366958 0.803674459 0.835926175 0.565823019
    0.341443449 0.46023339 0.72494173 0.368298024 0.459567368
    0.103939533 0.144164145 0.289046288 0.45408386 0.200524837
    0.0618679523 0.109065771 0.775350273 0.50398618 0.0845928788
    0.673759341 0.754076004 0.171852738 0.89316082 0.947451115
    0.126684934 0.483088017 0.0600397289 0.295788407 0.929031134
    0.551004469 0.643884063 0.351307154 0.566890836 0.318121225
    0.91253382 0.0481706262 0.829817951 0.70289588 0.935791194
    0.243382156 0.969674885 0.417921722 0.894616485 0.656140089
    0.375080645 0.441881537 0.226544708 0.283041 0.657389879 0.442492515
    0.3623631 0.332205594 0.627873898 0.106999755 0.721083283
    0.294004351 0.92910552 0.346289217 0.419357091 0.748842478
    0.254330844 0.761235118 0.326402098 0.919507504 0.531742632
    0.643398404 0.87364018 0.222522944 0.95565176 0.748044491
    0.136583328 0.54923737 0.00853511691 0.616092563 0.752630234
    0.119024575 0.380467594 0.145027936 0.819422841 0.30234611
    0.408729017 0.719623208 0.105266929 0.498375684 0.630948484
    0.446160227 0.490993112 0.374825478 0.0129982531 0.859891534
    0.21805799 0.735844374 0.467406243 0.256427705 0.319208235
    0.970592976 0.955733418 0.93252337 0.148609877 0.052067697
    0.271474063 0.234173059 0.130195439 0.948148072 0.966140032
    0.0415766239 0.0475766659 0.420051187 0.75844121 0.586366415
    0.616253078 0.205321044 0.733131051 0.343175352 0.611751735
    0.567901254 0.425642759 0.120510131 0.366219789 0.874014616
    0.439086139 0.0407955647 0.891391873 0.21981582 0.402594477
    0.984392822 0.495826453 0.0919488966 0.643035173 0.725533187
    0.258433819 0.664106429 0.998893499 0.0922656655 0.785198331
    0.428831756 0.11808911 0.817018032 0.528057218 0.397492826
    0.614150167 0.814442635 0.589241326 0.342329562 0.954410434
    0.967981219 0.200992793 0.232243776 0.704767048 0.78441298
    0.585761189 0.85428828 0.230648339 0.151059359 0.550792754
    0.427582264 0.227412999 0.739711881 0.297096014 0.0929623842
    0.842959523 0.987424135 0.0328381658 0.355425656 0.308733463
    0.0747120976 0.817464352 0.372954994 0.87007153 0.66457355
    0.160973877 0.176619798 0.903941989 0.183913618 0.317333281
    0.813832223 0.968623757 0.460857779 0.756226659 0.534315705
    0.67562151 0.10278818 0.703658342 0.0820367336 0.358693838
    0.543415189 0.931233585 0.859204769 0.835998178 0.417632401
    0.802305102 0.814296246 0.34439528 0.813642144 0.836871028
    0.912240386 0.560344398 0.404627085 0.651969314 0.994701922
    0.361448646 0.930604935 0.644741058 0.359656632 0.288704216
    0.841182232 0.276057541 0.110760361 0.275117427 0.721353829
    0.757928014 0.996446967 0.438704133 0.564123631 0.00386410952
    0.422734171 0.309808284 0.86388731 0.961073279 0.445122302
    0.899780154 0.285458386 0.878424644 0.949702144 0.164218515
    0.0763841569 0.918466926 0.512283921 0.056201458 0.830583334
    0.965795159 0.769762576 0.176580995 0.759707212 0.602217317
    0.409199893 0.698641181 0.0817321837 0.699442983 0.15317741
    0.859843194 0.481792003 0.154110879 0.904298067 0.171789616
    0.43149823 0.741080284 0.31731689 0.168573141 0.867639542
    0.749117136 0.224088252 0.828861713 0.334366679 0.767384648
    0.816387296 0.303430557 0.604420543 0.922570229 0.337239981
    0.174463719 0.704694986 0.859838963 0.528839529 0.285816371
    0.938975334 0.659305751 0.208384246 0.537887037 0.0748271644
    0.404459238 0.468657047 0.226785034 0.441585332 0.274746329
    0.817702472 0.0812143385 0.29050988 0.422497243 0.781324387
    0.126543015 0.350608528 0.88941133 0.286799192 0.498485655
    0.640149474 0.876422822 0.47886014 0.791409016 0.661145449
    0.787579298 0.598486543 0.834049642 0.956462145 0.533238709
    0.203162402 0.965881228 0.915560186 0.147575349 0.421460927
    0.689924777 0.93276757 0.392301738 0.0195185542 0.851017833
    0.543172419 0.729921222 0.773295939 0.00186264515 0.722372472
    0.489118069 0.061688602 0.285678625 0.180713683 0.0398416221
    0.693745196 0.993389487 0.360597968 0.415418744 0.570077956
    0.704047084 0.862996459 0.818574548 0.0261319876 0.697361708
    0.017072916 0.485108525 0.0252955556 0.248979092 0.775125682
    0.0584941506 0.757582784 0.379781783 0.9406358 0.166847289
    0.91954124 0.491815478 0.1284343 0.0316885114 0.386085987
    0.399302602 0.748328209 0.469266027 0.735859752 0.321878821
    0.345732629 0.122643113 0.380873144 0.69997704 0.256969362
    0.0182596743 0.724186122 0.385331005 0.751574874 0.473952115
    0.196514308 0.250860035 0.0337001383 0.805011868 0.531306922
    0.871842384 0.251855373 0.0818495154 0.161755532 0.39957279
    0.68050468 0.228304267 0.816378236 0.270526201 0.617724836
    0.971513748 0.706979752 0.368066251 0.540057838 0.546963692
    0.957924068 0.232904494 0.0200307667 0.186228573 0.399446309
    0.0751866996 0.367789209 0.756018758 0.707762957 0.567889035
    0.278542876 0.384102643 0.82703042 0.136456251 0.306748807
    0.87261939 0.536552131 0.724189997 0.468111277 0.13131693
    0.107374012 0.890580416 0.817667007 0.440285802 0.228480369
    0.466084957 0.676509261 0.138202667 0.653183699 0.0725257099
    0.598298907 0.222635359 0.672950506 0.0339508057 0.335976511
    0.404323846 0.986392975 0.890156984 0.443460435 0.202196747
    0.00613793731 0.344626665 0.504313111 0.720254421 0.0599995255
    0.638022065 0.629931509 0.371607631 0.24484688 0.460691154
    0.360545158 0.430671424 0.242216706 0.908534169 0.271630943
    0.517376244 0.0141473413 0.208203346 0.0657965243 0.491961241
    0.455094576 0.698924184 0.389219344 0.513597727 0.100231141
    0.113131613 0.42157048 0.451623946 0.334964573 0.884723902
    0.334527284 0.689640701 0.130598277 0.616007149 0.357911855
    0.910689831 0.299318552 0.195003361 0.388474464 0.159248978
    0.89272505 0.51696378 0.947136998 0.0936846137 0.733641028
    0.928045988 0.952389836 0.604472935 0.681167066 0.151836842
    0.835692048 0.129438192 0.591228604 0.19704476 0.863748014
    0.834189415 0.728876531 0.704545975 0.870239735 0.207187474
    0.931571603 0.183443248 0.0673756301 0.175471157 0.520703137
    0.541183174 0.237816244 0.778363109 0.258500278 0.341299742
    0.579652309 0.605594635 0.331353903 0.35252133 0.67682904
    0.156176388 0.0488324761 0.653323412 0.583214283 0.994930327
    0.691043437 0.0859694183 0.289174259 0.613840997 0.382444829
    0.329547107 0.881801724 0.463521421 0.403838575 0.0808259845
    0.37742734 0.641272545 0.462910175 0.040227294 0.764222324 0.3079243
    0.260657281 0.397322893 0.40147084 0.0681113303 0.513092399
    0.0757974088 0.257448137 0.845630765 0.203433037 0.760756493
    0.31600219 0.859102368 0.398488253 0.547100246 0.477963239
    0.151806235 0.403978974 0.740170896 0.185314596 0.536542654
    0.0781784952 0.359778583 0.973662496 0.0661099255 0.594726324
    0.32918188 0.917171717 0.390356392 0.250885904 0.318833917
    0.249629468 0.345117807 0.248950213 0.725644767 0.996431887
    0.161025405 0.49102053 0.238872111 0.0793066025 0.39813289
    0.387746036 0.680099249 0.918343127 0.666113377 0.168258071
    0.608952582 0.282343745 0.755967081 0.405641228 0.110041142
    0.311391413 0.830772758 0.920810819 0.692780852 0.722462654
    0.600391269 0.959319353 0.0454079509 0.0229471326 0.703070164
    0.578241825 0.360613078 0.0835297406 0.734404922 0.312957704
    0.574903011 0.4433541 0.229795456 0.288583905 0.0450927615
    0.250109732 0.00660285354 0.226635754 0.0485824347 0.293364614
    0.853999257 0.85237658 0.78280282 0.22850132 0.740526795 0.467075199
    0.303912967 0.315710187 0.519159555 0.120259434 0.727589011
    0.590881348 0.807925582 0.327895284 0.689180017 0.896851957
    0.371719182 0.138640732 0.435153723 0.470920563 0.150663286
    0.780563831 0.20958966 0.487514764 0.782204032 0.769644856
    0.554782271 0.969299793 0.636695027 0.0480442345 0.72798115
    0.298606753 0.543280721 0.729736507 0.626639783 0.376758218
    0.222761005 0.74183023 0.750458896 0.878919959 0.906373739
    0.325255454 0.547734857 0.35619843 0.341538191 0.64268595
    0.219784677 0.274353445 0.423635721 0.358296454 0.882384181
    0.595926583 0.596850395 0.436301947 0.897118092 0.861030519
    0.889142036 0.796359956 0.472624004 0.22655043 0.689252913
    0.501657724 0.646210372 0.739893615 0.320313454 0.744683802
    0.752451181 0.0756776929 0.506758988 0.235403568 0.343242824
    0.689128041 0.789560318 0.998001337 0.0621191263 0.229822099
    0.841911674 0.223498523 0.510322928 0.812826991 0.390198827
    0.332759976 0.479246467 0.813637972 0.845934868 0.992366552
    0.960335612 0.967719436 0.303103685 0.672220349 0.163794219
    0.443333179 0.496498317 0.842329979 0.930153608 0.154072165
    0.458423018 0.0678900778 0.427734852 0.868773997 0.119325757
    0.518521428 0.73794359 0.855246246 0.641640425 0.0855484307
    0.164461136 0.206598222 0.39552334 0.0589293838 0.247521341
    0.73740375 0.637926579 0.505206406 0.223693848 0.0684771538
    0.259776771 0.87567395 0.685736001 0.202766776 0.483715743
    0.48135516 0.24265492 0.712787807 0.66993928 0.479425848 0.91207242
    0.218663126 0.71766299 0.992993176 0.933233261 0.920965075
    0.385818362 0.48573637 0.0143101513 0.0549091101 0.989460588
    0.400178403 0.881730437 0.817762077 0.243164986 0.828324795
    0.0780766606 0.641258478 0.861655116 0.658868015 0.449321061
    0.0686527491 0.254576743 0.324054003 0.788955688 0.540854871
    0.265164793 0.135096014 0.927370667 0.402715713 0.844112396
    0.706650794 0.107726663 0.249856442 0.534922063 0.680237055
    0.124725103 0.151703924 0.108079016 0.0367995501 0.305156291
    0.0868013501 0.132497579 0.66217798 0.893975019 0.0465547144
    0.634196997 0.876360893 0.513688147 0.0682231784 0.282245398
    0.199561447 0.763981104 0.250382185 0.656099856 0.194379926
    0.697660446 0.479811996 0.29132539 0.0556465983 0.602456093
    0.148097813 0.254903585 0.35356909 0.761862397 0.913135409
    0.649585068 0.915753722 0.907034516 0.638064623 0.151749045
    0.830185175 0.270590544 0.0411379933 0.944648623 0.0440998673
    0.917383552 0.468022019 0.0443628728 0.771177113 0.0214858055
    0.754774451 0.127074957 0.92463696 0.42513752 0.792357743
    0.521977425 0.565497041 0.67145896 0.391940415 0.0270805359
    0.0937057137 0.645018458 0.324904859 0.18671459 0.392769098
    0.131327003 0.182380646 0.415322691 0.562215686 0.57151854
    0.606505513 0.588624179 0.895115018 0.486114442 0.977639377
    0.216276139 0.854983926 0.638961792 0.538421392 0.90749377
    0.616184831 0.0978824496 0.704317391 0.268013895 0.932122231
    0.132580429 0.681082487 0.945104241 0.182007909 0.867366195
    0.456414104 0.179643899 0.13090843 0.201453 0.119233698 0.0828128457
    0.19001013 0.419619918 0.167796314 0.417180926 0.638235807
    0.856086731 0.656515121 0.0851323009 0.736793637 0.119823992
    0.0901671946 0.869434893 0.355640918 0.0445065498 0.332273424
    0.882114887 0.0152569115 0.972607613 0.167091787 0.0494073629
    0.3602328 0.821410775 0.148008585 0.804596841 0.0822462142
    0.390348375 0.593953848 0.019689858 0.20966205 0.951774001
    0.501919329 0.427666277 0.633461237 0.45084244 0.0982076526
    0.0533861816 0.426814318 0.359755039 0.297135115 0.790643811
    0.60990113 0.364165306 0.807092071 0.777219951 0.840137661
    0.501694739 0.345233798 0.271412969 0.299411833 0.501484573
    0.85461688 0.61705792 0.601425469 0.353702426 0.263412863
    0.649269998 0.963334203 0.998911381 0.418988228 0.348910034
    0.267131567 0.897487164 0.0479625165 0.0911758244 0.499777526
    0.220847905 0.85059005 0.614993691 0.362639129 0.250933111
    0.699920654 0.894662857 0.226473957 0.605039895 0.104155958
    0.914236546 0.809695363 0.675520658 0.39594999 0.869331539
    0.789677143 0.232212156 0.194402814 0.762596071 0.347956598
    0.0330942571 0.0559204519 0.880210161 0.764159501 0.964471161
    0.595671237 0.938112199 0.724705219 0.211397111 0.351431906
    0.780374706 0.119785666 0.710455716 0.211790979 0.814058304
    0.303791523 0.037271589 0.67434895 0.254100561 0.732096434
    0.737355828 0.0334345996 0.257216513 0.188361019 0.764357805
    0.619050205 0.316885233 0.743659496 0.114696443 0.996067286
    0.273831695 0.219913095 0.654113889 0.66720432 0.221405894
    0.786476374 0.246171683 0.768916607 0.948919833 0.634518564
    0.674379826 0.153867126 0.69157356 0.619023323 0.485616952
    0.0750584006 0.937238276 0.410549343 0.949361205 0.438384622
    0.775129437 0.385699272 0.415611565 0.20214051 0.212432861
    0.809299707 0.0917119086 0.286637694 0.689876497 0.789766192
    0.28083542 0.679977 0.460073471 0.760049939 0.241618931 0.754802346
    0.737812638 0.911893129 0.317439616 0.637363315 0.533857644
    0.626012206 0.0316555202 0.271485448 0.385796368 0.730618954
    0.870436549 0.554195285 0.0490122736 0.699410737 0.257342249
    0.458337933 0.95420599 0.100274026 0.811965704 0.645896554
    0.311812878 0.195399523 0.805505753 0.676637769 0.304319739
    0.268735409 0.227647781 0.0227682292 0.600633502 0.69814229
    0.508302569 0.850843906 0.230646968 0.211210549 0.89974165
    0.107825458 0.389425188 0.891400218 0.888136864 0.760750771
    0.756320477 0.52305758 0.142555326 0.466695875 0.603987217
    0.354845226 0.415552199 0.980965853 0.9716627 0.517864108
    0.522660673 0.835969687 0.676876068 0.560008109 0.736264944
    0.110954136 0.958346426 0.794466376 0.708669901 0.801615238
    0.717664361 0.433567226 0.53035748 0.901339591 0.5470227 0.771628141
    0.495757043 0.548308551 0.746947527 0.763887525 0.528591037
    0.0770771503 0.717165828 0.765036643 0.591329157 0.824465752
    0.508715272 0.512594461 0.559600711 0.684210539 0.0937800705
    0.806718349 0.639544249 0.205138803 0.612684429 0.623444617
    0.880225122 0.0124412179 0.992377996 0.931827009 0.146119088
    0.980981112 0.104606211 0.536629379 0.1143938 0.339496374
    0.937675476 0.33393088 0.205697328 0.921284795 0.465952277
    0.42194128 0.385849208 0.228242725 0.152399004 0.8348037 0.793949127
    0.697953582 0.38610059 0.708607972 0.203953892 0.204084516
    0.763619542 0.58921057 0.439370215 0.0928151608 0.57835561
    0.384149611 0.348937154 0.896278858 0.472112 0.728559256
    0.0500382781 0.984293222 0.983424723 0.39881593 0.147168756
    0.518359244 0.0311626792 0.785532117 0.655897379 0.0225452185
    0.0272283256 0.157870799 0.0556616485 0.174993604 0.244780898
    0.960021853 0.552077711 0.534817457 0.725411534 0.398080945
    0.440540165 0.626539826 0.41122067 0.635452867 0.692583382
    0.464939624 0.66834259 0.425528914 0.987593055 0.52288723
    0.952089906 0.691359818 0.78649646 0.480549693 0.61874038
    0.868590713 0.310281157 0.790704489 0.317104131 0.180791736
    0.431485474 0.157359034 0.0578632057 0.195384413 0.00336700678
    0.738251388 0.562442601 0.429932833 0.15154922 0.289776981
    0.549701035 0.309743375 0.405766726 0.858172655 0.919313133
    0.726742685 0.379892766 0.225057453 0.985149384 0.746203005
    0.322916597 0.891688883 0.736238062 0.218328536 0.646290839
    0.368455231 0.231420398 0.756987095 0.441688359 0.500863492
    0.434029937 0.566987038 0.156556785 0.914948463 0.347077072
    0.037427634 0.461600363 0.822065234 0.315567613 0.568177104
    0.178013831 0.0415002406 0.491692632 0.478622824 0.549541831
    0.651474118 0.183915466 0.143944651 0.774627686 0.455403537
    0.616405189 0.993809223 0.190981209 0.039539516 0.962196648
    0.498797685 0.445858479 0.104297549 0.339149058 0.010612458
    0.212524354 0.454932362 0.996996582 0.22343567 0.560606778
    0.33235234 0.243179798 0.250842214 0.561878562 0.0498466194
    0.37634626 0.767673731 0.651000917 0.991390407 0.620971501
    0.832850695 0.100208163 0.00128504634 0.10798499 0.171634823
    0.508071423 0.191458672 0.615752041 0.512920976 0.647053123
    0.245759547 0.631746054 0.189263225 0.305615067 0.383183271
    0.79094553 0.462690711 0.868611574 0.306555629 0.913210869
    0.917547941 0.806291699 0.414461195 0.408854485 0.948619843
    0.454962462 0.236501485 0.691299081 0.901577413 0.5843364
    0.100333571 0.93245697 0.705171585 0.414572567 0.992294371
    0.808878541 0.271266103 0.800457835 0.809070349 0.851076365
    0.727432847 0.421138316 0.27270776 0.123977035 0.374088168
    0.117443562 0.927600026 0.535572469 0.624135256 0.0774042308
    0.723097444 0.877411962 0.59132117 0.695142567 0.438225418
    0.0263341367 0.445502549 0.921672106 0.878495812 0.418290883
    0.22709322 0.936382055 0.71264118 0.778196275 0.97347033 0.194113702
    0.351051688 0.955085635 0.819220066 0.739785075 0.510595679
    0.446655989 0.403964072 0.519194365 0.805805326 0.906761169
    0.86699605 0.566001892 0.405796617 0.0369634926 0.144121587
    0.404537648 0.44321841 0.726330161 0.545069158 0.0772750974
    0.210934341 0.348933339 0.93948555 0.486892015 0.48436299
    0.468921095 0.648511112 0.10909614 0.28764677 0.565959573
    0.740969896 0.24336341 0.364568979 0.568266988 0.0391150117
    0.612943053 0.42404905 0.0653283298 0.79387629 0.252705455
    0.375883341 0.999649644 0.803565502 0.846304774 0.347809732
    0.0479176939 0.9339149 0.0388612747 0.458935231 0.264252305
    0.320483953 0.771435022 0.673262477 0.955818892 0.683442473
    0.297318906 0.411409885 0.216367751 0.267742902 0.96523273
    0.398211002 0.613356471 0.64817977 0.0547452271 0.542403102
    0.212647736 0.605082929 0.619271636 0.530358255 0.23704803
    0.571825206 0.215396672 0.23121208 0.684116602 0.00281554461
    0.459881306 0.824316084 0.374636352 0.501969397 0.432218492
    0.362602592 0.0502540469 0.840268612 0.20881319 0.539939761
    0.132028908 0.00204840302 0.611323595 0.234387219 0.0438311696
    0.510635972 0.153402448 0.992492557 0.419506431 0.959695816
    0.561938167 0.586466134 0.125054479 0.903192282 0.364969134
    0.595570922 0.790356338 0.608363628 0.969157398 0.188001126
    0.628600776 0.451162457 0.0915492177 0.58678323 0.502703249
    0.487402052 0.331310689 0.299680561 0.764759302 0.44664377
    0.376605392 0.553811729 0.745650291 0.346311033 0.716800213
    0.0941202641 0.0436654687 0.972245216 0.146782935 0.69153887
    0.689095795 0.961042762 0.503216922 0.34452939 0.864083767
    0.85577774 0.384898841 0.167135954 0.199041814 0.699151754
    0.284701854 0.321900129 0.00305333734 0.142629325 0.636549473
    0.564129591 0.0221229196 0.082349062 0.814041376 0.977586806
    0.0242255032 0.718852043 0.157453805 0.148887068 0.27389276
    0.706282139 0.72772193 0.227383882 0.409515023 0.604311645
    0.437185913 0.313299775 0.716212392 0.364296973 0.778037906
    0.114009053 0.100505412 0.291207135 0.74306941 0.915751696
    0.300563425 0.00834238529 0.26043421 0.233915567 0.253388703
    0.461717635 0.133023918 0.772603989 0.00393247604 0.568567395
    0.467682928 0.0222274065 0.978427529 0.965364337 0.708958864
    0.200125217 0.845849156 0.311876416 0.73053503 0.810240567
    0.249827147 0.942947984 0.675094426 0.778251827 0.0393354595
    0.280040503 0.861492038 0.438110024 0.762530386 0.148905694
    0.933702111 0.0955457091 0.360699952 0.835471213 0.407147318
    0.425824702 0.443669289 0.299161553 0.733009219 0.783197343
    0.434646666 0.750793815 0.421105266 0.785760164 0.194277823
    0.252128184 0.531036854 0.0755420327 0.1987243 0.346131623
    0.713123918 0.649957478 0.636496544 0.456097454 0.0086247623
    0.863076687 0.485068589 0.194618493 0.724103034 0.424641311
    0.25894171 0.335374266 0.821923256 0.276335597 0.957272172
    0.766882002 0.91751492 0.0343295932 0.707682848 0.449705809
    0.316533208 0.648472309 0.224731892 0.251897275 0.732606053
    0.761686921 0.577275276 0.645660579 0.0893814266 0.962152064
    0.854758739 0.574238539 0.93979454 0.595686018 0.773788571
    0.201599628 0.819243908 0.654755592 0.387410551 0.525993168
    0.21361205 0.163287073 0.160242051 0.595403433 0.0648041964
    0.00983297825 0.347452164 0.641269386 0.977668762 0.62034893
    0.434926867 0.0972946882 0.683997571 0.164909393 0.414880157
    0.233820677 0.88360858 0.0785952806 0.0740602612 0.178058267
    0.152516693 0.229238421 0.92349422 0.407506108 0.667783678
    0.0329766572 0.204189718 0.43888849 0.75781399 0.604000211
    0.103561759 0.873767078 0.157509744 0.0417685807 0.0392888486
    0.331117153 0.800963938 0.950437248 0.467372656 0.363082796
    0.457508206 0.968317151 0.132550359 0.407803059 0.560249448
    0.360958964 0.614872932 0.0558059216 0.460784525 0.503314614
    0.866992295 0.784300387 0.650560021 0.837640226 0.215980709
    0.191996574 0.418896824 0.592337966 0.412836373 0.611133456
    0.620811522 0.286723882 0.815107644 0.85689652 0.673980355 0.1942406
    0.968673885 0.24388051 0.0739342272 0.688792348 0.622893631
    0.546627283 0.528210819 0.275857151 0.726103008 0.641790152
    0.58126533 0.796562731 0.617681801 0.227645874 0.255424023
    0.637736082 0.479035318 0.817371905 0.424900234 0.00458908081
    0.361840069 0.902107716 0.749992967 0.836762667 0.644792438
    0.758692205 0.225216329 0.979453623 0.261078715 0.376704007
    0.490524501 0.42524904 0.491540432 0.0160965025 0.448262632
    0.720622838 0.968085408 0.242007703 0.233810514 0.863385797
    0.14084053 0.870734215 0.188367307 0.422390461 0.975511312
    0.275097132 0.00883215666 0.562815905 0.107776374 0.524074197
    0.964778304 0.182402104 0.331707656 0.869291246 0.166061997
    0.138784885 0.429725111 0.989495695 0.358035356 0.76593554
    0.679735959 0.523816228 0.49478665 0.326763451 0.281042695
    0.763793349 0.828662276 0.554543614 0.192286432 0.818539083
    0.839466333 0.131090075 0.811104894 0.369846106 0.616522372
    0.189402223 0.886662483 0.748863041 0.190428138 0.974037647
    0.876642227 0.203563631 0.868682802 0.731230617 0.109448642
    0.24872148 0.858812749 0.981123328 0.39813441 0.0304217935
    0.484976679 0.518419623 0.151620924 0.275976896 0.586646974
    0.624307036 0.301821053 0.310972959 0.674461663 0.562146842
    0.236089647 0.573044062 0.129701644 0.600406468 0.162385166
    0.325404674 0.704641283 0.153057694 0.609539449 0.216383308
    0.842506409 0.96222955 0.835594296 0.201196343 0.826907098
    0.39120087 0.231850982 0.295622766 0.73022908 0.833513021 0.43912369
    0.234911501 0.629099429 0.231008679 0.6178689 0.485912412 0.23777318
    0.617530644 0.729301035 0.544008791 0.00477555394 0.534105241
    0.444482684 0.526362777 0.180822909 0.403013945 0.980669737
    0.499981344 0.405861557 0.618757308 0.481371701 0.145886421
    0.988566518 0.590930164 0.908697188 0.415690541 0.361921668
    0.847331643 0.867205381 0.335268557 0.64775306 0.939531326
    0.788534045 0.669675946 0.875064373 0.800957441 0.370511115
    0.98120451 0.612150908 0.5787642 0.432448834 0.30713141 0.993507326
    0.102358907 0.520692527 0.0358788371 0.707764387 0.116907597
    0.513435066 0.760155201 0.322140336 0.221273929 0.343979478
    0.310395598 0.411637664 0.059085995 0.178306997 0.847761631
    0.912712634 0.953379214 0.558161438 0.192525655 0.221185535
    0.173542529 0.128612459 0.300825804 0.445031196 0.279860765
    0.963516772 0.41542244 0.74784112 0.908371568 0.449013382
    0.175100982 0.626001835 0.903994679 0.442579418 0.639155626
    0.3471843 0.878877759 0.45392561 0.894113421 0.569357216 0.492388189
    0.295516312 0.607657254 0.456627041 0.405025065 0.173813283
    0.719332874 0.00498664379 0.900603473 0.115561604 0.982260585
    0.132894993 0.222649127 0.447334617 0.412108511 0.238156676
    0.365104586 0.0865341723 0.726664424 0.222078443 0.119398445
    0.178776592 0.451329648 0.519719958 0.564771056 0.632141531
    0.0574080646 0.21748054 0.494528681 0.153148532 0.0902044475
    0.534390807 0.952127934 0.309086442 0.576945722 0.625538588
    0.397740722 0.314701378 0.473470181 0.427802444 0.651759505
    0.89926517 0.0235094428 0.0709239841 0.709100068 0.758189678
    0.55308485 0.423706323 0.066747874 0.115475953 0.668815851
    0.830488265 0.416621655 0.610453546 0.623934865 0.459859133
    0.197783262 0.197826207 0.64656055 0.977699995 0.643695116
    0.856670618 0.0822656453 0.0685479939 0.793474317 0.866184652
    0.411390215 0.816773295 0.359800518 0.717669725 0.74916333
    0.972508729 0.00861489773 0.990215778 0.77607429 0.618960977
    0.876259923 0.35959664 0.84390384 0.688069344 0.922642469
    0.457012534 0.157491565 0.874521852 0.540644586 0.00579175353
    0.463386327 0.841557622 0.163686782 0.571468294 0.880063772
    0.449793965 0.0844473541 0.396511316 0.994795203 0.828145981
    0.784074366 0.663907826 0.576378167 0.791938126 0.682425976
    0.11523962 0.7241382</data></test_img>
<my_img type_id="opencv-matrix">
  <rows>128</rows>
  <cols>256</cols>
  <dt>f</dt>
  <data>
    0.403880358 0.81396091 -0.0977478176 1.50237286 0.614358366
    1.34700024 1.60033798 1.284693 1.10841525 0.175616235 0.182475448
    1.10544407 1.31744242 0.944718063 0.125923514 1.76391459 1.45720601
    0.0310417712 1.94991183 0.521749973 1.98344636 0.517706394
    1.17132926 0.688413084 1.25845921 1.54728699 -0.075088948 2.01927376
    1.06662881 -0.109511763 0.150328875 2.12666059 1.42024004
    0.767442584 1.02977729 -0.183565289 1.40987694 0.276158154
    0.88759017 0.737259984 1.75806451 0.643007517 1.61826837 0.126159132
    0.915326953 0.0252951682 1.68897867 1.14883339 0.767795324
    0.0553974807 1.361516 1.81150389 1.36832762 1.82304716 0.831549287
    1.59013093 1.18036914 1.0262084 0.474719048 0.0404992104 1.98983037
    0.466537446 0.389195323 1.61534083 -0.398266613 1.24342644
    0.261564285 0.921118736 1.71520329 1.76195991 1.26178968
    -0.191610336 1.88447535 0.218122512 0.343589693 -0.177483648
    1.82305765 -0.406752825 1.3832655 1.50717878 1.68588495 0.85470295
    0.471360654 1.17774832 1.673769 1.14933169 1.38105893 1.90688443
    2.04278398 0.97849834 0.601088107 0.706260562 -0.222390175
    0.755273104 2.10580254 -0.0523011088 1.06461287 0.737933397
    2.05261374 1.36811662 1.45813036 -0.447917491 0.693655729 2.06396294
    0.391067564 0.626939356 0.988700747 2.03609514 2.04138875
    -0.193345606 1.44344914 1.00973511 -0.304874152 0.49106437
    0.234931171 0.603889108 2.01504397 -0.380379617 0.918617964
    1.84706306 1.70487225 2.09706926 -0.148332298 0.0789405406
    -0.426792115 1.63154125 -0.0293318629 0.309723973 1.14651763
    0.328541368 -0.329280019 -0.199363217 0.60667038 1.24223745
    0.324144632 0.336587399 1.74989986 -0.211263761 0.812636912
    1.25523841 0.234024197 1.3513515 0.750551343 -0.205266058 1.55184019
    1.74720287 1.36081612 -0.130200565 1.1648246 2.06526518 -0.28516078
    1.60701501 1.44350982 0.0198341012 1.54415417 0.882655978 1.99266386
    0.582075953 2.08153844 1.44319963 0.530850053 1.64509904 2.04528213
    1.16663241 1.29999876 1.15063119 -0.173468634 1.40560794 1.43666959
    0.0264925063 0.885427594 0.498389095 1.14413416 0.30583176
    0.465261638 -0.0126623213 -0.313053071 1.59117281 -0.166099146
    0.313597322 0.00345143676 0.0943664908 1.30345917 1.40230727
    0.0403214097 -0.0790217817 1.85478652 2.08085465 -0.322047591
    0.00790414214 -0.0146049857 -0.281258583 1.51711488 1.4661746
    1.19672751 0.241906852 1.7076329 1.48204839 0.583813787 1.91832256
    -0.32794255 0.963609815 0.300742865 1.52682185 0.521781802
    0.925804377 1.71217608 1.93379939 1.23599029 1.67404473 1.17188382
    1.29816341 1.65872371 1.60046494 1.9311446 0.698529005 1.21660459
    2.02753043 -0.0363738239 -0.223722577 0.666610599 0.652265787
    1.650002 -0.252620369 1.59915912 1.60197687 -0.104090571 1.96174908
    0.106576502 1.69027257 0.891460896 1.05315495 1.84894693 2.07179737
    1.02680171 0.246482909 1.15611637 1.66397309 1.36436045 1.79849732
    0.566482902 1.03101993 -0.0934512317 1.87050068 0.621277273
    0.964881837 1.77658868 1.99865627 1.10163283 2.12768316 0.562222362
    0.06614393 0.619034767 2.22428131 0.4065274 1.18001771 0.0271431655
    1.9965837 0.910725951 0.316370815 0.63231796 1.24474406 0.534646213
    1.66935873 2.03516865 0.520205021 -0.324056953 -0.340013087
    0.346472621 0.470073044 0.982747376 0.531543672 1.16839385
    0.0817975998 1.71338844 0.253402948 0.34860909 1.62319505 1.88255548
    1.33412993 1.73626721 -0.111638844 0.496598899 0.0119957328
    1.87427258 0.0394089818 1.36927342 1.3844142 1.30871463 1.25035071
    0.347077727 0.432403445 1.11144257 1.55659509 1.90170062 0.661527097
    -0.380168557 -0.497785002 0.232040703 -0.312138319 1.35380733
    1.07461429 0.857988119 1.18546343 0.133114815 1.55650997 1.2328347
    1.14374757 1.08726203 1.31071711 1.29570186 1.19705558 1.28514051
    0.792420268 1.74691117 1.08433628 1.09025419 1.97026753 0.550937235
    1.34420156 0.699802876 1.55624199 1.12731719 1.12588918 1.22587872
    1.83092642 -0.0164960623 -0.304756194 1.56487775 0.37673533
    -0.39760223 0.599882424 1.19577289 0.0404792428 0.0194342732
    0.185628414 1.65343809 -0.237988949 1.69412661 1.95066404
    0.796468258 1.71224415 -0.513713181 0.0613442063 -0.368974209
    1.59549928 0.15151608 -0.339235246 -0.178233325 1.59320402
    0.240046024 1.62384236 0.508781374 1.57765698 1.80011654 0.356698036
    0.955153227 1.99848509 0.110462308 1.87169468 0.472010255
    -0.031003654 0.581348658 1.78347886 1.13871419 1.79703164
    0.834706068 -0.12544325 1.00751472 1.367028 0.571678638 0.671128094
    -0.0851180553 1.58897638 0.969980896 -0.0460488796 1.9395504
    1.36961555 1.71698916 0.461734831 1.71860576 -0.182719141 1.78589892
    0.654694438 -0.381691128 0.0211706161 0.609623611 0.644616902
    0.247766912 1.30522895 0.164108753 0.254244983 -0.317555666
    1.35566783 1.23834753 0.716860294 0.40747869 0.805387735 1.04205906
    -0.223867834 0.259123027 1.28453815 -0.0552175641 1.6999284
    -0.347847283 -0.477541238 0.719541192 -0.306170136 2.01546502
    -0.185216099 0.525801539 0.586196065 0.533497751 1.26481879
    -0.10103178 0.124982178 1.33440208 -0.357712626 -0.409752846
    1.8480401 1.76384068 1.21915483 1.2032516 0.131862164 -0.40050742
    2.00556469 1.99606323 1.66584086 0.928353429 1.43127131 1.6384995
    1.94139504 -0.123609036 0.65020287 -0.163778305 2.09083819
    1.66253209 0.280350804 0.195114046 0.61846602 2.0265913 1.45547414
    1.89013433 0.825668573 2.02721691 -0.356925219 1.72012138 1.59622717
    1.68529034 1.95782411 -0.2769925 0.143063903 1.91666079 -0.10247165
    -0.187595755 1.29760098 -0.19802928 1.0845654 0.514461577 1.21496451
    0.33570677 1.64921725 0.793122709 0.791829288 0.302646577
    0.288380802 -0.0189382434 0.548959851 0.416876853 -0.305459857
    0.421471655 1.65151787 0.187370658 0.647001624 0.740574718
    2.07624745 0.477888077 -0.233717948 -0.421303958 1.05285048
    1.9053539 -0.0676361024 0.449332416 -0.41536516 0.683358848
    -0.352128416 -0.20363462 1.40676785 0.534832895 0.133211851
    0.196077824 0.598014712 1.95249963 0.101467669 0.247853696
    0.855061829 0.316459656 1.22143888 1.5852921 -0.328589171
    0.807608724 0.851390719 1.44790459 0.795832992 0.233701825
    1.04261279 0.480519652 2.0037837 -0.119328916 -0.0682643652
    0.544040859 1.28286731 0.104635119 0.165423155 0.453944981
    0.316544831 1.0451076 0.312098205 0.95839721 1.19677341 1.21510148
    -0.0107261539 -0.38278842 1.63015938 1.02636719 0.684462845
    -0.40367204 1.94456744 -0.568371832 -0.444370478 0.930967748
    1.316782 -0.543084919 0.377585351 1.58397722 1.35505772 -0.329914004
    -0.378718406 -0.408122301 0.759226084 0.167746663 0.236197352
    0.41654712 1.90539074 0.133731365 0.871733189 0.166488945 1.51327527
    1.53686833 0.237426221 1.25554895 0.105224013 0.293239355
    -0.114812434 1.0494628 -0.209007114 1.02612662 -0.215528488
    1.05675709 0.808506906 0.916528642 -0.40407154 1.41783822 1.35308242
    -0.406148583 0.0873157382 1.82855999 0.276672184 1.70967722
    1.11200023 1.37625432 0.224464118 -0.473180503 -0.401789129
    1.9172641 -0.168960005 -0.350438952 0.00404024124 1.30003572
    0.107948244 1.88226712 1.51179552 0.51552254 0.639362216 1.6405288
    1.54777622 1.20847535 -0.138224721 1.78900683 1.11841941
    -0.331677437 1.54538822 -0.226939261 -0.35925898 0.387825489
    1.53693354 -0.251452059 1.03167796 0.241337597 -0.117806435
    0.273402333 1.70582771 1.95028138 0.687953949 1.52876234 0.407042027
    0.387872517 1.30241311 0.0961366296 1.64158773 1.59284377
    -0.488038957 0.349659085 -0.363824338 0.473593712 0.949144423
    -0.466563523 -0.130244017 1.91102076 -0.492183924 1.68702412
    1.12970805 -0.0884958506 0.000187695026 0.67537123 0.0533679128
    0.517540455 0.256390333 0.434419155 -0.312064916 0.0349430442
    -0.125785112 0.785901666 0.905738831 0.940029919 1.69761765
    1.19448137 0.558645129 1.35418534 0.80945313 0.324483871 0.619539738
    1.73927498 1.05352592 -0.152427912 -0.489384979 1.31757283
    0.607851863 -0.140374839 -0.19419831 1.91489792 0.469607711
    0.0291480422 0.749037564 0.520570338 -0.595020294 -0.410543978
    -0.391499698 0.316246569 0.753175557 0.279743791 -0.41386193
    1.75329947 1.34747458 0.727479041 1.66314435 -0.281330705 1.69550228
    -0.150972366 0.177587688 -0.0979818106 1.39014125 0.893032014
    -0.5611431 -0.465194613 -0.510031104 0.391712248 1.94893265
    -0.255485535 -0.547561884 0.0960993171 0.691465616 -0.320030332
    -0.568149745 -0.14702177 0.0689646006 0.887644231 0.971237123
    0.424574733 0.337415278 0.788342357 -0.441559762 1.38116479
    0.524341762 -0.218007833 -0.186300278 -0.119297951 -0.07254529
    1.19709373 1.44279766 -0.339115709 1.76571131 0.931149483 0.78085494
    0.242708504 0.144475639 0.548302591 0.347482562 1.90696359
    0.916386485 1.51587832 -0.0984940827 1.11401033 0.551202059
    0.985786974 -0.139026582 0.449833512 1.0740205 0.726082325
    -0.559198201 -0.419334173 -0.391325772 0.33206743 -0.286574781
    1.39500952 0.818769276 1.59596372 0.928286731 0.0232960582
    0.165732265 1.9037416 -0.481414378 -0.163813204 0.678092539
    1.56218266 1.6556927 0.766812265 1.8146919 1.35915613 1.86877906
    1.52987051 0.407433867 1.13736498 1.68752134 -0.583181798
    0.143742502 1.14433122 0.951706767 -0.326662391 0.354287684
    1.41295218 0.448420465 0.765464723 0.48757863 1.45876813 1.7815907
    0.570776403 1.15674806 1.81039786 0.864584327 1.81180799 0.589714527
    -0.266002655 1.02846241 0.754089832 1.99651992 0.0182105005
    1.36605334 0.361312419 -0.0349526405 1.42481661 0.12324667
    1.16003323 -0.604467809 -0.422289968 0.118002415 0.24320668
    1.4122138 0.872743428 0.577769995 -0.0525230169 1.89268589 0.4606902
    0.807946742 0.929501653 -0.447911263 -0.300456971 0.139784694
    0.479520738 -0.619871974 1.40740442 -0.218886465 1.71684694
    1.4163909 -0.272473067 -0.504085124 -0.135127544 1.68189514
    -0.117833674 0.0078574419 0.596988022 1.11844873 -0.29839322
    1.28014135 -0.570354342 -0.373810798 -0.378433108 1.88400781
    0.223947167 -0.630752563 1.49496126 0.0510007143 0.9977566
    1.58739483 0.408557296 1.14540696 0.541217685 0.0161845684
    0.831678867 -0.388431609 1.4672389 -0.232825339 -0.222332776
    -0.11777544 0.38183552 1.24415267 0.160706818 0.0431184769
    1.01592994 -0.391938686 1.54560935 1.3252008 1.87721109 1.47726762
    -0.245877117 0.125151753 -0.0116949677 -0.585106075 0.961113274
    -0.444448143 -0.464762598 0.957262039 0.546008408 1.41062677
    1.49438334 -0.441420496 0.574060977 1.24610484 0.621295214
    0.792406321 1.52901793 -0.397881299 0.759011209 0.0604875088
    0.26104033 -0.37048313 -0.190081537 -0.641369939 0.678981185
    0.143881023 0.872817397 1.46778238 1.21728897 -0.488459885
    0.65098083 -0.249871433 -0.021909833 1.86009228 0.404627383
    0.874369979 -0.0748152137 -0.0797205567 0.520875335 1.50789404
    0.729783535 1.82796383 1.45237815 -0.115366161 1.63713312
    0.305179119 0.677677572 -0.243949383 0.436707199 1.38097811
    0.113987863 -0.595900178 0.3533898 -0.5291785 -0.555883527
    0.675415993 0.661248982 0.293730795 1.76226616 1.6283499
    -0.389018238 0.0422161222 1.39732242 1.02778602 0.933346272
    0.877284288 1.70489931 0.410115659 1.6515348 0.685789466 -0.46421653
    0.702013731 1.55469823 -0.0286560655 1.78590941 1.7892859 1.47654319
    1.88100719 1.07818735 0.435095966 -0.120853603 1.60183859
    0.930260181 1.40537214 0.0948065519 0.277631998 1.01853144
    -0.335431367 0.520882249 1.01732302 0.998259664 0.675370336
    -0.529738784 1.75835443 -0.115442872 -0.5996961 1.26315391
    -0.329511285 1.44095135 -0.399959296 0.487008989 0.0376699567
    1.88633502 0.163798809 -0.282891244 1.10266089 0.909303606
    0.864745975 1.92345262 0.587543964 1.07457066 0.640472889 0.68123281
    0.992913902 0.331361711 0.577625692 0.258546948 -0.400524259
    1.82467878 0.660664201 1.78392172 0.19631058 1.03753126 -0.141587675
    -0.377471656 1.70275831 1.22817361 1.10410261 0.782160997 1.6411972
    0.1162889 0.745615602 -0.388329208 0.265555978 0.542378247
    0.161646247 0.826500952 1.92887104 0.739461005 1.15520835 1.36272621
    -0.114936233 0.00385570526 -0.200660765 1.83459449 0.184947371
    -0.251101583 -0.428912014 1.37586164 0.0333270431 0.517189324
    0.345362306 1.43770289 -0.162364572 -0.328125387 1.13048506
    1.81676984 0.380595803 -0.695428967 0.227566838 0.583152235
    0.353767216 1.43182755 -0.0737003088 0.955861211 -0.356455773
    0.754262209 1.75384903 -0.128209233 1.67063761 0.0634641051
    1.00427508 -0.458818734 0.388854384 -0.408128053 0.864350498
    1.4277122 0.115816414 0.0716498494 -0.0627140403 1.22793818
    0.695206881 -0.0845841765 -0.490243912 -0.318268389 0.361756265
    -0.382169515 1.69068074 1.75363028 -0.199870571 -0.314077705
    1.40250158 0.313441247 -0.125913411 0.900891125 1.36119401
    1.55305386 1.42425334 -0.150622904 -0.592353702 1.00793481
    0.560923994 0.0920225382 1.30627489 1.85002518 1.07117712 1.73476839
    0.207006335 -0.0746544003 1.86916018 1.31959343 -0.663997471
    1.66944742 -0.531852484 0.564346552 -0.0273201466 -0.173482955
    1.87710571 0.596397817 1.51810026 0.269401789 0.148037553
    -0.109112144 -0.0293186307 0.195265651 1.15506315 1.1399498
    1.6285522 1.55938697 0.884190798 1.40162063 1.71192825 -0.23808223
    -0.459745288 0.280681372 -0.392718524 1.00695896 -0.117535591
    0.855018914 -0.221202254 0.768851459 1.56715584 1.2703197 1.05465662
    0.621055543 1.21092713 0.131575763 -0.588310182 -0.431377262
    0.465989232 1.12380624 0.382407427 1.0187571 -0.636926651 1.21934044
    -0.402531117 0.677113354 -0.313064367 -0.173179209 0.199021518
    0.414953709 0.783176184 0.472521901 0.546852708 1.20124626
    0.535404801 1.73567677 1.5280149 0.545791626 -0.712286115 0.34322542
    -0.00618487597 0.477943778 0.46693486 0.5658198 1.5188086
    0.885175884 0.805834055 1.03307724 0.00813567638 1.68911242
    1.01809764 0.604314864 -0.522881925 1.01354098 0.251699746
    0.990460873 1.21309614 0.623849869 1.07410097 1.37395751
    0.0429288149 0.203263164 -0.300504088 0.636822999 1.24788189
    1.56848264 1.6851635 1.57065892 0.313628316 -0.261294603 1.12764001
    1.50776696 0.0765687227 1.75674582 1.5594151 1.55311131 1.72623396
    1.79329681 1.63829529 1.59469652 0.0233573914 -0.42957437
    0.485849023 1.32768428 0.922847211 1.16601634 -0.253228962
    1.65704978 1.12862539 1.71767139 0.981036365 1.07463932 0.810115516
    0.94878453 -0.32288295 1.25001001 0.5506742 0.34606868 -0.217997313
    -0.609243572 0.882220566 1.55633831 0.520596147 0.804044366
    1.83243823 0.905043006 0.55031985 -0.376601249 -0.0735709667
    1.62556648 1.20044577 0.577566743 1.59007394 1.24247622 0.427953482
    0.343611479 1.30479538 -0.577442288 1.68361402 0.945998669
    -0.605584979 0.73188436 1.19166279 -0.0867844224 1.22115958
    1.71206105 -0.518307745 -0.496093035 0.303974688 1.16684389
    1.84104514 0.35756427 -0.384703577 0.678874493 -0.0785663724
    1.76045585 -0.0693320036 0.382427931 1.46688318 0.924043119
    0.345372558 0.367402256 0.426364541 -0.341023564 0.33659035
    1.68553841 1.42174649 -0.430659086 -0.666311622 0.737138271
    -0.716759384 0.00844478607 1.2768445 0.862433195 0.826500595
    0.099873364 1.54986453 -0.0604345202 0.625538468 -0.210956573
    1.18698978 0.321391344 0.0167046189 0.613067746 1.47219682
    0.990410864 -0.161785424 0.179904819 0.553183496 1.732301 1.09996033
    1.30926013 -0.176693678 0.455645859 -0.386868775 -0.218284637
    -0.668486476 -0.599403918 0.69610554 -0.509572685 -0.329714328
    0.833549678 1.14557207 1.60318315 1.05320311 -0.495098352
    -0.178495526 1.36461473 0.807662129 0.0308283567 0.644564271
    1.24181771 1.19586229 0.584304333 0.189730942 -0.420020223
    -0.367558897 0.789823115 1.11247063 0.630278885 1.67883003
    -0.179089487 0.778786242 1.72202754 1.06815958 1.28992689
    -0.561055243 -0.619044781 0.160989761 0.859801292 -0.128956199
    0.106469214 1.07857943 0.564805865 1.79241455 -0.344849735
    0.678623915 1.92774773 0.717719018 0.616854131 0.304624319
    0.852056205 0.0943384171 1.70175004 0.0620851517 0.910888731
    0.946651697 0.175180733 0.111425221 -0.318103224 0.370257258
    0.425477624 1.44323206 0.753603101 -0.625785232 1.01598525
    1.31432009 1.19114184 0.497467339 0.101642489 0.075278461 0.53369534
    -0.722430944 0.546519756 1.79856491 -0.416763455 -0.6746521
    0.601357698 0.362353444 -0.483230144 -0.196035564 -0.74840039
    -0.065523982 0.443759024 0.532071412 -0.725677431 0.366251469
    1.34957719 1.30580497 1.12716246 -0.548100114 -0.0457803607
    1.30269516 1.57298923 -0.681824744 0.142469168 -0.749757767
    0.204704642 1.03141785 1.57491922 -0.792741418 0.80918777 1.58392739
    0.031624198 -0.334028035 1.42012548 -0.694781601 1.52665985
    0.317335308 1.2912302 -0.433018237 0.615933776 -0.570572555
    -0.566009164 0.320793808 -0.288342029 0.354982734 -0.410241812
    -0.157734275 1.15366077 0.864251733 -0.169620037 0.367944658
    0.537147999 0.0513302684 1.33352244 0.908586681 -0.240651608
    -0.674061 0.361486137 0.954724252 0.868123651 1.77838898
    -0.539871931 1.1892482 0.0601389408 1.35876799 0.481916487
    0.713839114 -0.60849613 1.11121631 0.545730829 -0.100652874
    0.474280238 0.201194167 -0.513797224 1.67467022 -0.609355509
    -0.324819535 1.12804532 1.47633648 0.535787165 0.701019406
    0.515315175 1.61446667 1.650846 -0.729623437 1.63830018 1.30357051
    1.74770498 0.937196195 -0.085826993 -0.0227954388 -0.688688934
    -0.132277012 0.102042615 1.13945293 1.29770553 -0.186755657
    -0.58300513 1.31587291 -0.278027654 0.887049139 -0.176532626
    1.19911456 1.66004467 -0.37180832 0.640039384 -0.086499095
    0.955290437 0.846232414 1.46759653 -0.55644846 0.991480768
    0.797370672 1.51736724 -0.627043605 1.15060472 -0.205024302
    -0.249743044 0.546693027 0.66683805 0.97601223 -0.240249187
    -0.673725247 0.713800371 -0.606852353 1.70681345 1.1266923
    0.302317977 1.02725554 1.32791376 0.91715163 0.746366441 0.530674636
    -0.648438692 -0.20060873 -0.225407392 1.32903957 -0.381462455
    1.48861206 0.740241349 0.24145472 0.0237814188 0.993007183
    -0.50050056 0.595223546 -0.202178478 -0.223104417 1.27543044
    -0.159711003 0.54131943 0.600485504 -0.307511449 -0.561431289
    0.458556652 0.168136477 0.0490352511 -0.396683753 1.18174052
    -0.150826991 0.668721735 -0.746423542 0.809213936 1.47168994
    0.50250268 0.914901376 -0.523493767 -0.68699944 1.19835937
    1.36288643 -0.747965157 -0.440658569 1.29040813 -0.368699282
    -0.559490263 -0.377973676 0.295619965 -0.497877777 0.3436023
    1.15023649 0.794460177 1.59277034 -0.131206989 1.26544785 0.10652715
    0.649363875 -0.42637822 0.597188711 1.78282046 1.17892838
    0.958603859 0.503534019 0.890703797 0.489200354 -0.0447696447
    -0.588119149 0.634400845 0.208956838 1.77821207 1.04915428
    0.489821792 1.35802197 0.103344917 -0.613515735 1.15501881
    0.661444783 -0.600238323 1.30357301 1.51362717 1.01225483
    -0.181230426 -0.123122573 -0.250917882 0.478005648 1.68907225
    1.22526264 1.32401347 -0.342586935 0.750054896 1.15569854
    0.102110207 1.3092494 -0.240964651 1.74168348 1.65425515 -0.52795738
    -0.35290274 0.438793719 1.40242505 1.07935715 1.56982493 1.24873579
    0.373034298 -0.463961363 0.219763756 0.902594984 -0.0514156818
    0.297090054 -0.0811089277 0.651729941 0.78946197 1.66492343
    -0.477679729 -0.605763376 -0.513320029 -0.630227685 -0.182587802
    1.46885657 0.0465277433 1.00669432 1.29613733 1.40002298 0.546673298
    -0.447629452 0.236324728 0.551598787 1.77639472 0.770297408
    1.13554192 -0.460540146 -0.433275789 1.16954875 1.63690066
    1.25970864 0.163365245 1.54777431 -0.439365715 1.69933748 1.32961237
    1.40349889 -0.628346026 0.288705289 0.264224052 0.294441581
    0.414254248 0.135272443 -0.27427429 0.499966145 0.475198746
    -0.238874018 1.12356186 1.59498763 0.145510256 0.562555015
    -0.366277367 1.12305629 1.70903409 1.69186187 0.971500099 1.02855241
    -0.299284101 0.717412412 0.04988873 -0.545667291 -0.56236434
    -0.457678318 1.03108776 0.189065933 -0.591064632 1.25328231
    1.14335918 0.64184165 1.15392148 -0.305053383 0.424872816
    -0.775878549 1.25715017 1.21334767 1.1950357 0.112595439 1.42433858
    1.55356407 -0.737366498 0.324939072 1.55228484 0.598347187
    0.489198744 -0.104248464 1.27601099 1.1094687 0.643561602
    -0.592936695 -0.424759686 -0.0222805142 -0.320534766 -0.49652651
    1.15563774 -0.116020203 -0.0960878134 -0.0737256408 1.69548965
    -0.144372404 1.4695437 0.335246921 1.10689723 0.0827991962
    0.272088587 -0.377323747 -0.0894839168 0.525030434 -0.130443513
    -0.615959585 1.2673316 -0.501001954 -0.803914428 0.6964643
    -0.152429998 0.547498703 -0.607418716 0.845849931 1.10914826
    1.33778214 1.47170019 -0.321969211 1.7104907 1.35548198 -0.218995035
    1.30120492 -0.511692643 -0.0582630634 0.106856942 1.79473186
    1.07821727 0.178462029 -0.131546438 1.05770159 0.070610702
    1.33158875 -0.287474602 0.702166021 0.677152097 -0.14501524
    -0.318382174 1.65359235 0.272348285 0.0154083371 0.152051091
    0.205459476 0.626675963 -0.0513655543 0.346375227 -0.0165109038
    1.51296544 1.12119186 -0.799650073 0.508457839 0.452350914
    -0.378067136 1.73012877 1.28011131 1.0128057 -0.352850139
    0.093783617 1.61130786 -0.375803739 0.452380419 0.511001527
    0.138675392 1.01968729 0.670945823 0.189286292 1.55489635
    -0.331644416 0.918825388 -0.148880303 1.25567484 1.79426622
    0.144891441 1.42717957 0.582368076 -0.478273451 1.4356966 0.10554111
    -0.540349007 1.27937913 0.0565800667 -0.743741632 0.959430099
    0.646433055 1.19032836 0.994154215 -0.786523581 1.4395082
    0.844796598 1.14950824 1.18298244 0.805372596 1.55578995
    -0.366138697 -0.10765183 1.12772536 1.38606024 0.844739199
    -0.44408983 -0.273687512 0.00980842113 -0.51538074 -0.185970664
    1.34487391 0.512873292 0.0321804881 -0.755141735 0.976450086
    1.67497873 0.0447189212 0.872686744 -0.076718986 0.383707047
    0.742770076 -0.477317303 -0.109393656 0.482230246 0.115923882
    0.516464055 1.71849155 -0.634605169 1.40623474 0.860388875
    1.43125653 0.604306996 1.60094333 1.77244091 1.11556149 -0.69983983
    1.36198652 0.994790077 -0.554421902 0.0408014059 -0.424600899
    1.33300233 -0.155555606 -0.305486739 0.62950021 1.27551222
    -0.0240564346 0.693117321 -0.548865616 0.766280234 0.759619176
    -0.0338184237 1.4565413 1.83442497 -0.278733671 -0.0727289319
    1.48811102 0.854616523 0.00176239014 1.08069587 1.3911984
    0.260091722 -0.255631357 0.378219783 1.32383132 -0.365562767
    -0.0842127204 0.403017461 1.33448577 0.762391746 1.04779625
    0.247983336 0.724437773 0.388704598 -0.580109715 -0.33044827
    0.993065298 0.121380746 0.383113027 0.868123949 0.202874243
    -0.22411716 0.00951105356 0.842106342 0.947293937 0.19525218
    0.703586161 1.06318712 0.240801096 0.421717823 0.298162758
    -0.0741031766 -0.267251134 1.08297968 -0.158086181 0.639559329
    0.284128189 1.5600574 1.27860773 -0.0988991261 0.351630986 0.8367607
    1.71381605 0.258378029 1.13933158 -0.691176891 0.744550228
    0.347994566 0.316388667 -0.725703061 1.30154991 0.834583402
    0.442950249 -0.175704598 0.55857116 0.714952826 0.23743844
    1.54854405 -0.67026341 0.750977933 1.48774981 -0.0952806473
    0.84173733 -0.496414423 0.868742108 0.822307289 -0.398828566
    1.70607769 0.964272738 -0.304985642 1.48462772 0.643969357
    -0.280792773 1.22310829 1.18530917 -0.504384577 -0.078659296
    1.47681022 1.63074708 -0.347117156 0.488640189 0.0879850388
    -0.325277478 -0.553788781 1.01026559 -0.694918931 1.11243844
    1.54137468 1.63718164 0.279454947 1.63313651 1.5385859
    -0.00709414482 1.54141581 1.72323036 -0.0752691627 1.32388425
    0.086555481 0.928108692 -0.344717264 1.34485078 0.124532819
    -0.210165143 -0.4799833 -0.364510238 0.0987708569 -0.107001007
    -0.601905525 -0.134524345 -0.246282279 1.5090096 1.67093754
    1.67791939 1.31064296 -0.717688978 0.382461905 1.55716896 1.54000092
    -0.38811487 0.714520037 1.57911265 0.488212287 1.64248896
    0.193578303 1.21104741 0.779523432 -0.235970259 -0.49773854
    0.894871533 -0.356252432 1.00104141 0.395904243 1.63525271
    1.09635448 0.662046671 0.0401025414 -0.25470978 0.201098025
    0.855240524 0.58293891 1.68000007 1.1411984 1.18062091 -0.518446922
    0.184139192 1.68457341 -0.660420179 1.49435449 -0.305010468
    1.09050965 1.51326656 0.240509987 1.52046895 -0.528232217
    -0.739647686 1.22494256 1.54616773 0.710120499 -0.0349741578
    0.0174214244 0.797853708 0.270404816 1.69185781 1.8217591
    0.403898418 1.5955019 1.38373315 0.847878277 1.5344944 -0.678448141
    1.07253575 -0.176796257 -0.115532398 0.487810969 -0.633708
    -0.19200021 -0.218574882 -0.523103118 -0.593906939 1.21800542
    1.55335522 0.378713608 0.797975957 1.74420094 0.506603956
    -0.20574677 -0.105175018 -0.57064116 1.70939863 1.07163501
    1.18715143 -0.738367975 0.760997176 1.05966568 -0.375121623
    -0.492665678 -0.0590663552 -0.406834453 1.80186772 -0.314350873
    1.60492826 0.833806157 -0.268142879 0.312741339 1.62014508
    0.516288579 1.69395781 -0.53854382 0.831226468 -0.180609763
    0.568651378 0.468982935 1.68347812 -0.109229028 0.0164721012
    1.25264668 0.30933392 1.59483886 -0.00225937366 0.191964984
    -0.638237 -0.456130207 0.279222131 0.208696961 1.42606914
    0.702481925 -0.706471622 -0.404485554 1.05162954 -0.228979766
    0.255729914 1.11682975 1.58351183 -0.234119177 -0.0638182759
    0.27112186 -0.0520992875 -0.237224936 1.66128659 1.10143614
    1.62233043 1.0177536 0.188183308 1.05840731 0.853628159 0.713409066
    1.31667948 0.816639662 -0.502761126 0.371551692 1.6182189 1.84404516
    0.183310866 1.64765823 -0.234695449 1.22089434 0.0946289301
    -0.317192942 1.24074602 0.239547968 0.627530336 -0.413171738
    0.580998659 -0.317566544 0.767009556 0.340489805 -0.40415746
    1.58433294 -0.0104134679 0.982063472 0.577154636 -0.254590392
    -0.105659783 0.313161731 0.272849679 0.156132102 0.812960982
    1.39709735 0.93317616 0.0656713843 0.94935739 1.77787697 0.457141221
    -0.772086084 0.735191226 1.78492022 -0.694316387 0.631664753
    0.353309929 -0.0675033331 0.0121030807 1.20455182 -0.384097546
    0.55833894 0.951406658 1.51803863 0.996051967 1.20586514 -0.36506471
    -0.752609313 -0.541061044 1.64781928 1.27044868 1.18938494
    1.21944106 0.58912164 0.937179327 -0.460730374 1.28011727 0.71840179
    -0.558885336 -0.530010939 0.661036253 1.45063341 1.61613095
    -0.105759442 -0.402669549 -0.0854967833 1.22214246 0.199003756
    1.74157703 -0.497816324 -0.343562663 0.501940787 1.59630942
    1.67024255 -0.649017036 1.55978632 0.271373868 1.57780886 0.26838088
    1.03804874 -0.183607697 -0.0644398332 0.366451323 1.5788523
    1.44389677 1.1060096 0.306605697 -0.29252094 1.1771214 0.0614594221
    0.0906720757 0.863008201 0.437841892 1.08244753 1.27066219 1.27089
    -0.641161084 0.822167456 -0.230827391 0.0176636577 0.855588853
    -0.424008101 1.02723205 1.51705098 0.328283429 1.56545305
    0.0870978236 1.79192805 -0.155577779 1.34184599 0.453309417
    1.23684216 -0.376783788 -0.210897923 1.26892686 0.165882587
    0.855109811 0.971511364 0.701954782 1.34987831 -0.3581056 1.5199579
    1.12100327 0.943375051 1.03122473 -0.27790612 -0.271863818
    0.473566592 0.20574671 0.11482507 0.577537179 0.982928276 1.04392183
    0.485055685 -0.691332459 0.127439141 0.49074018 -0.582005739
    0.636316895 -0.357806355 -0.29707101 1.14450383 -0.391746968
    -0.406156063 -0.577011347 1.13487482 1.67031062 -0.746501684
    0.658481658 0.0199245811 -0.229515135 0.475294232 0.323633075
    0.920779228 0.355214 0.559958458 -0.0143357515 0.997014999
    1.19302619 0.782687068 1.29188251 0.0144649744 -0.443122476
    -0.736263692 -0.531792819 -0.0584986806 0.725085974 -0.489194036
    -0.290286064 0.821882427 1.17520785 1.1641109 -0.196238458
    0.0335946083 0.388542295 -0.668620408 0.668805182 0.675169468
    1.3655026 -0.6486215 0.615352809 -0.408697307 1.13660991 0.721722484
    1.68202519 0.630636752 -0.730732381 -0.63774693 0.50549686
    0.149369299 1.08402574 1.66070974 -0.623219192 1.11104572
    -0.436374456 1.19342208 1.40125501 -0.460054368 1.27877331
    0.779920161 1.06170201 1.78776407 0.139578998 0.828091443
    -0.316840708 1.45382178 0.267751396 0.477833569 1.29076958
    -0.639088452 1.145558 1.33360171 0.629398763 0.735408425 0.948992431
    0.972967505 -0.281589329 0.233747303 1.59859347 1.07179046
    0.368846774 -0.67704457 1.40953898 1.00444102 -0.315560788
    -0.257408977 1.2695322 0.703374028 0.626842976 -0.769259214
    0.923360467 0.143214285 -0.714716792 -0.39242819 -0.344849944
    1.70211625 0.481017351 0.899261534 -0.0612399578 -0.553658843
    0.585144341 0.305161655 -0.566329479 1.69027162 0.363465726
    -0.708486855 0.849048376 0.905195475 0.903180182 1.14833307
    -0.666083455 0.566898823 0.335002959 -0.311143696 0.381231844
    0.38137275 -0.123109967 1.97834361 0.438419849 0.477983356
    1.28621435 1.1236676 1.4072628 0.827396095 1.1557982 -0.558213115
    0.907028913 -0.205631673 0.871423185 -0.353365242 0.408432722
    1.47126842 0.263107836 -0.161304057 0.617820501 0.569021285
    0.326068223 -0.25398156 -0.70457983 0.641065359 -0.613234818
    1.08103263 1.45475173 0.505033314 0.784230888 1.31357813 0.154868722
    0.716650784 -0.137617469 0.371922076 0.799279749 -0.153320849
    1.11209393 0.961351693 0.141051233 1.05378425 0.053881228
    0.127367675 1.57000113 1.69269872 0.388779402 1.12809789 0.462316751
    0.740936339 0.483671904 1.62593174 -0.0318312049 -0.302019358
    1.17477655 0.0945160389 0.107965767 1.43631697 0.641860366
    -0.145326734 0.842374265 0.302052915 0.490310907 -0.724808395
    0.505214274 1.23028672 0.0538062453 0.191445887 1.67197108
    0.918500006 -0.445062876 0.951219201 1.57358146 1.63529325
    -0.172632635 -0.362673402 1.5930779 -0.264836967 -0.271506965
    1.15106034 0.179041803 -0.743942261 0.253869891 1.42138147
    0.946311295 0.917007804 -0.442916542 -0.538630843 -0.2587291
    1.23947787 0.79419142 1.82659006 -0.56910944 1.17455173 0.580371499
    -0.454114854 0.301359296 -0.353548229 1.59247375 0.341855407
    -0.154119551 -0.69877696 0.975595653 1.09504449 0.973720312
    1.25656366 -0.0306124091 -0.351994187 -0.408550322 1.32882619
    -0.614041924 0.388370335 1.54189909 -0.631798744 1.23846316
    -0.120149612 1.42066073 0.890654624 1.51167035 1.09244752 1.72548771
    0.80590564 -0.25783819 -0.760709167 0.687584221 0.831876338
    -0.395102918 -0.477857769 0.451412737 0.671477199 0.995654345
    -0.431666583 0.129127741 -0.669090927 -0.521402717 0.453088284
    -0.70479244 1.36709404 1.64385629 0.400590122 -0.105160475
    0.142891586 0.200829864 1.73958707 0.0611804128 1.65419602
    1.73247194 1.46500039 0.689370394 0.763169169 1.09926379 0.769415677
    -0.0314468145 -0.736031353 -0.774948359 0.0372314453 1.32488716
    1.10318613 -0.376937896 -0.179911971 0.0489562154 -0.345480561
    0.542489946 1.37475514 -0.730952322 1.0871799 1.67710149
    -0.572067201 0.785769343 0.200552583 0.0893250108 1.5468061
    -0.723554134 0.0713344812 -0.515701234 -0.551927209 1.04783404
    1.80914855 -0.266045392 0.460015774 -0.476320535 0.917378783
    1.27368474 -0.0767879486 -0.389588684 0.511592984 1.7260797
    -0.716699779 1.75465739 0.230897307 -0.0617724061 0.10422349
    1.24510741 1.14227045 1.51475406 1.12566328 -0.383851796 0.993072212
    -0.604441047 -0.117896378 -0.296754301 1.20547307 0.741292298
    1.58733225 -0.573202848 1.12880802 -0.306131929 -0.164005041
    0.158772588 1.05483365 0.890893698 0.50902909 0.248468399 1.37623334
    1.48300171 1.61759806 1.39461076 0.301948905 -0.315094709 1.30085206
    0.801874161 1.49939358 0.872768104 -0.512577713 -0.168013394
    0.958961964 0.999481916 1.39793587 0.223350286 0.552996099
    1.18026006 1.42985797 1.19674087 -0.66375047 0.0300149322 1.66610742
    0.78655684 0.0977435708 -0.457188636 1.67910337 -0.0825457573
    0.915144622 -0.688348889 -0.565783858 1.08230937 1.74046493
    1.20751321 1.63952637 -0.460659444 0.0274627209 1.02634752
    0.690892756 1.16348886 0.958101571 -0.596382856 1.66533041 1.3014195
    -0.548150659 -0.482415318 2.05959606 0.180251718 -0.136137664
    1.7383337 -0.473109722 -0.205252647 0.153229415 0.214781165
    1.32207382 -0.595600605 0.872541904 1.28179121 -0.302338898
    1.5042696 -0.593787432 -0.351585358 0.873051107 -0.656214595
    -0.437435925 0.400901794 1.20687687 0.738232374 1.81851101
    -0.348157704 -0.0258032084 -0.491424978 -0.000343441963 0.539938152
    0.753532946 -0.343906194 -0.3118442 1.29898596 -0.0552960038
    1.66369796 1.20710146 1.1280576 0.899059296 -0.455003262 1.31804001
    0.777491629 -0.380273819 1.45509768 1.56731296 0.321395934
    0.155284286 1.23700857 1.63667846 0.601094246 1.14141273 1.48440814
    1.17420173 1.45984387 -0.319143891 0.443395436 0.22386533
    -0.0437090397 0.195420802 -0.112759709 0.718705893 0.240899682
    1.01102877 1.15100646 0.911469162 1.44493973 1.6631521 1.40694964
    -0.0673792362 0.674644709 0.521215022 -0.0512563586 -0.578236222
    -0.373415887 1.30921674 -0.460885167 1.77382565 -0.118936181
    0.345375836 1.45531321 1.51743746 0.82234633 -0.3800686 0.288663208
    0.247468531 0.959173679 1.11518741 1.05784798 1.09017372
    -0.653163791 -0.104322493 0.466866851 1.16295552 1.48429358
    0.503400981 -0.275742292 1.2702744 -0.153077602 1.72516251
    0.820139945 -0.481628537 0.133728206 1.08302939 -0.597325921
    0.971311748 0.932523251 -0.281958014 -0.702089012 0.316076398
    0.509739339 -0.0651523471 -0.450861275 0.768621922 0.0123719573
    -0.144089758 0.828566968 0.697767854 0.634775937 -0.534342051
    -0.338201523 -0.510029793 1.32678485 1.19730496 0.254834354
    -0.28939563 0.641223371 0.117154479 0.661564231 0.613690674
    -0.534799099 -0.70981878 0.494584143 -0.191056013 1.22553349
    1.51071358 0.206564367 0.106512308 1.10130477 1.20313954
    0.0750231743 0.183261037 0.803505778 1.31193328 -0.204608023
    1.10401666 1.19882274 -0.0799598694 -0.239429176 -0.517436683
    0.748135805 0.553186059 -0.378841966 0.680856943 1.69113946
    0.619228303 1.31753802 1.05203462 0.793734193 1.35785007
    -0.0348302126 1.68622398 0.323343992 0.652784467 1.41960645
    -0.368037045 1.09547377 1.23362744 0.4352808 0.0315868855
    -0.0541988015 1.09800029 0.207347572 0.589740574 1.22213626
    0.925511181 1.45734334 0.923751831 -0.170462847 0.641507387
    1.23877347 -0.304463148 0.466631711 1.09333539 -0.169346511
    0.748628974 -0.264309168 1.68289268 1.55522108 1.06618452
    -0.0798527598 1.48241198 -0.349799752 0.633217394 0.471160889
    1.41392446 -0.307314157 0.0117888451 0.83322084 -0.018517673
    0.45348531 1.13068008 0.147395849 -0.25659129 -0.548668921
    1.37908745 0.816927552 1.60859275 -0.597431064 0.77038765
    -0.0897340775 -0.533130169 0.239491403 1.07385838 1.2897476
    -0.0627974272 1.44449365 1.44085276 0.982314587 0.549047947
    1.04727459 -0.0884122252 0.24661231 0.285354614 0.433623731
    1.71622491 1.20328414 1.00957799 1.5105803 -0.121336222 0.467091858
    1.00684273 0.330415726 1.72204661 -0.268244386 -0.287912101
    -0.205388665 0.986041427 -0.0575271249 1.1423347 -0.307368875
    0.516090214 -0.686663508 1.60752273 -0.565077901 -0.440802097
    0.22622931 0.932047486 -0.297679543 0.527754784 1.09928703
    1.37997961 -0.513460815 -0.48049131 1.65596449 1.38334608 1.54943478
    1.42557192 0.641066253 0.813912153 0.497497618 1.78722703 1.22449493
    1.18181515 1.76585126 0.865035951 1.03105021 -0.203749061 0.53173703
    1.61731482 1.78798008 1.36490667 0.351149857 0.234652102 0.265101373
    0.254810214 0.661633313 0.776531994 1.56369972 -0.00262397528
    1.55216575 0.639060557 1.76664841 -0.688852191 0.32398057
    -0.108335197 0.284282446 1.726601 1.53208876 0.0031619668
    -0.14779228 -0.546350598 -0.721365929 1.14113462 0.354375064
    -0.495114326 1.15768647 1.51570833 1.30073357 -0.236503124
    1.43759918 -0.813979805 -0.236877561 -0.698101342 -0.349736989
    0.560828924 0.869814813 0.320527196 0.429537237 -0.0329675674
    -0.186180234 1.77410269 0.580847204 0.606549025 -0.543624818
    1.61460209 -0.387311816 0.0236053467 -0.496507943 1.62279916
    -0.371783048 1.12330711 1.63546634 1.40899336 1.49763846 0.522482634
    1.07773471 0.317342997 0.760996282 1.27591276 0.479656279
    -0.712911725 -0.470711231 1.24974346 1.61821222 1.74033296
    1.76259851 -0.752771497 0.25586921 0.877887785 0.266098142
    0.684127986 -0.580982566 0.983764708 0.325683475 -0.48070696
    -0.244729698 0.342146516 -0.168776155 -0.614543915 0.873864055
    1.0931375 0.685257018 1.62963533 0.105289042 0.732721448 0.416179776
    1.23223698 0.231044352 -0.466601759 1.76569963 -0.737185955
    -0.0159464478 1.74115825 -0.274923682 1.52615964 -0.138786614
    0.596596062 0.784153938 -0.127045155 0.828219116 0.33473593
    -0.326644927 1.12503147 -0.33696264 0.33719337 1.67207766
    -0.233468175 1.65473032 -0.555629611 1.18771839 0.683754981
    -0.358394414 0.508893907 -0.0690812469 1.12503219 1.002666
    -0.535760283 -0.434037328 1.23897552 0.499879241 0.0312178731
    0.30430913 0.700645268 -0.459184438 0.486434937 -0.4479132
    1.28956103 0.66449827 -0.408724546 0.412456453 1.50708079 1.60288453
    -0.371754736 -0.148556113 0.595340073 0.968545794 1.09563518
    -0.603729904 0.0713086724 1.40228438 -0.201238275 1.14981747
    1.55287433 0.74895668 1.07750368 -0.620798171 1.49145901 0.273933113
    -0.31483832 -0.0732784271 0.887067437 0.490087509 -0.678771615
    1.04581344 -0.299909353 1.36866713 -0.0326762199 0.518847346
    0.180046976 -0.394514233 1.20277309 1.50290227 0.382427037
    0.454809368 0.528279841 -0.45592618 0.595142365 1.76954103
    0.0762133002 0.501746774 0.504729927 -0.230994344 1.65899658
    1.19053078 -0.522478878 0.70347935 -0.61538136 0.275634527
    0.732824981 1.38126802 -0.0412841439 1.66488552 0.568183601
    1.7363019 0.750217319 0.665389478 1.28889394 0.588518441 0.160092354
    -0.278153479 -0.653727353 0.0703340769 -0.350392938 0.98915118
    -0.463460088 -0.466090679 -0.132818818 -0.560384572 1.03859544
    0.919448555 0.552525699 1.38933814 -0.65686059 -0.654257536
    0.614208221 1.55531883 -0.307222903 1.17396951 1.19769979
    -0.704723597 0.260592759 0.366903841 -0.513053536 0.803437114
    -0.168102026 0.51847285 0.258285403 0.0390815139 1.07183504
    -0.624473095 0.312074006 0.433864236 -0.172572196 0.632105291
    0.621342361 -0.36703828 -0.281954408 1.73618209 1.44221509
    0.0639259815 0.938113034 1.13484859 1.66853428 1.46253252
    0.932218373 1.3110373 -0.774861574 0.288484395 1.7865448
    -0.283812135 -0.654149532 1.728297 0.157957911 0.0480672121
    -0.179956734 1.17779315 1.29099035 -0.594142437 0.380058408
    1.22386277 1.60852027 0.386076391 0.423707962 -0.567078233
    0.239615619 -0.671530187 -0.115324497 1.54178774 1.64815712
    0.0374776125 1.52170897 0.69089967 1.17314577 0.345102012
    0.506899893 0.031679213 0.31167835 0.760154068 0.586885512
    -0.101658881 -0.124182999 0.331685543 1.76426792 1.19675732
    1.00445521 -0.720210016 0.665563285 0.998631477 0.995814025
    0.990509033 0.381112337 0.695778608 1.03884792 1.68201578
    0.723223805 1.16528404 0.952253103 -0.422320873 0.943772018
    0.159258485 0.0936850905 1.42578912 1.25512099 0.140362978
    0.450040996 1.55857289 1.20397711 -0.486277819 1.00660264
    -0.725775182 1.29662669 1.55691755 -0.296405882 1.34665942
    -0.102813542 0.563323557 -0.76821357 0.380233347 1.53138196
    -0.742518187 0.743099034 1.14677668 -0.549936116 0.35509634
    1.01747656 0.154139221 1.33166325 0.641741991 1.17119718 1.67688739
    0.471335709 -0.133914411 0.673804104 0.111010373 -0.298607588
    0.561910808 -0.618280053 0.793462336 -0.0540413857 0.527812839
    -0.634699762 -0.315572917 -0.601821423 0.851163328 0.699199498
    1.44141436 0.138786554 0.0450235605 -0.487773865 1.75146866
    -0.588570774 -0.750543356 0.742662311 0.519799709 0.863526106
    0.764920533 0.522498012 -0.33304587 -0.587402105 1.28083253
    -0.573997617 0.409180582 1.58065677 -0.580990851 -0.386653215
    1.785074 0.677689135 -0.606432021 0.350460052 -0.366605908
    0.210739076 -0.740548551 1.34351063 0.0122821927 0.686119497
    1.17403889 0.422846615 0.975814223 1.34550786 1.66865981 1.39147401
    0.894222021 0.578526556 0.173708737 -0.392083675 0.842135608
    1.38683259 1.56945109 -0.443472058 0.10782212 0.541905105
    0.755754232 0.565642834 0.0494112968 1.46698117 -0.0888124704
    1.4047401 -0.147904515 1.65258503 -0.385174364 0.487753272
    1.40324664 0.527682304 1.22569776 1.10131216 -0.470025957
    0.161610365 -0.751182079 0.21536094 1.21844149 1.72752953
    -0.724632144 0.641740501 1.1637702 1.46930718 1.04459 -0.649012566
    -0.725512028 1.66622472 0.0956093669 0.304472029 1.1293745
    0.467656314 1.4147408 0.0178931355 -0.0267685652 -0.365210414
    0.795026898 -0.300786257 1.60003376 1.09661996 -0.253074825
    1.01822925 0.540155649 1.7611177 -0.112164676 0.91850239 0.605864286
    0.343429148 -0.599932492 1.70608938 0.903466523 -0.491338164
    0.473023772 0.880307734 0.895289063 1.65222549 0.547464848
    1.18005288 -0.0246212482 0.356861651 -0.270557702 -0.374968141
    -0.0651524663 0.157542527 0.982129693 -0.582224667 0.752597034
    -0.715490639 0.741866708 0.141724944 0.819939554 -0.712228775
    -0.410679787 1.60786176 0.266254425 1.01668644 1.46987844
    0.311797857 -0.793594897 -0.578575969 1.61237836 0.67891705
    -0.428464621 0.867258072 1.42270827 1.2478466 1.5735929 0.213315606
    0.601769388 1.46503079 0.238403141 -0.302935004 1.00970149
    0.147078276 0.869844258 -0.326004833 0.312778175 0.586924911
    0.0515438318 1.68486476 0.187030852 -0.577551305 -0.326804668
    0.791161835 -0.31796968 1.31815648 0.66231513 1.21168721 1.05200064
    -0.285134673 -0.546931028 0.465765774 0.195189178 0.75257647
    0.325769603 -0.625951707 0.101241231 1.2514801 1.39578331
    0.387852252 0.321269512 1.23939204 -0.605532467 1.27894795
    1.28414845 0.4902789 -0.340400726 0.510877848 0.589679182 1.79737258
    -0.701340258 1.11996937 0.277618051 -0.430894077 0.633823812
    1.26541603 -0.200062335 -0.200814724 -0.140874088 0.359846234
    1.631374 1.32856596 -0.488714874 -0.535079479 1.55258584
    -0.202815294 -0.434422433 0.798842311 0.777968168 0.913664818
    1.60067415 1.31678987 1.71783853 -0.457791775 -0.458935052
    -0.387479901 -0.729624748 0.77701658 -0.313438654 0.687213957
    0.543641686 0.250546753 -0.183748841 -0.739024401 0.523449719
    -0.0559281707 0.959009945 1.37069595 0.752950311 -0.712098181
    0.261146903 -0.489745259 -0.243070722 -0.747909904 0.69979924
    -0.672148228 1.7054503 0.947239578 -0.621745348 0.942377806
    0.579675496 -0.605514765 0.284050763 1.19708252 1.38467956
    0.661926448 -0.768897355 1.14135432 -0.199601948 1.77682281
    1.15086746 0.145913422 -0.600807786 0.364127278 -0.0309910774
    0.475263119 0.503507078 1.09350574 1.31712472 0.21269989 -0.55348134
    0.217283487 0.291666567 1.48202419 0.0792730451 0.840867579
    -0.495541006 -0.616753936 1.43840599 0.252557039 -0.0994510651
    -0.745190799 0.601153255 0.220205784 -0.192097187 0.505954623
    1.04296052 0.738770843 0.0367888808 1.16729927 0.522129893
    1.57258809 0.584092796 -0.275446832 0.745865643 1.75542545
    -0.402974039 1.33815253 0.619247258 -0.570623279 -0.687963784
    1.6423552 1.63377213 -0.560838461 1.44041586 -0.53264606 -0.41567871
    0.728653848 -0.450197577 1.54673898 -0.706440508 1.37565422
    0.369353294 0.0713279247 1.15751123 1.68148553 1.41337895
    0.472738087 -0.492929965 -0.643272758 1.47938597 0.0836362839
    0.646274745 1.22202671 0.675884843 0.847607732 0.845619798
    1.04272437 -0.419845074 0.596758664 -0.333335578 1.50556481
    1.2989192 1.05315113 0.86197418 0.657821119 1.31370568 0.128094494
    -0.222709179 -0.472892106 0.786626518 0.554973423 -0.678790092
    1.60321248 1.2470026 1.58612776 -0.570217013 1.79997921 -0.130484223
    0.435327411 -0.204469085 -0.639895856 0.602823436 0.391251624
    1.52422202 0.960266769 0.440984488 1.12196493 0.505867541
    -0.522323072 1.5047251 0.408046782 -0.384683371 1.35455155
    0.428475678 1.64602554 0.567599356 1.16212559 1.46013546 0.636857808
    -0.227723122 -0.787276268 -0.276565373 -0.307335436 0.719920218
    1.73316419 0.409658492 -0.497425914 1.18811512 0.205114484
    0.70102793 1.14059114 1.51646042 0.537195027 -0.686953068 1.53341806
    -0.671667933 -0.550810218 1.15430832 0.646325052 0.815178275
    1.48976588 0.349851727 -0.0985505581 1.52151144 1.02003813
    0.729342759 0.512963057 -0.576411366 1.16245818 1.25764155
    0.966061175 1.20508575 1.42110276 1.65465212 -0.14818871
    -0.146030664 0.653876722 -0.509135604 1.45784688 -0.103835404
    1.50700259 1.31353593 -0.657463551 0.149389029 -0.672214925
    0.657329321 0.645120084 0.232151747 0.685129046 0.860755503
    0.186808228 1.32748699 -0.143875241 1.76074934 1.42915106
    0.473030448 1.48595309 1.82496095 0.444975853 0.652889192
    -0.550138235 0.303254008 -0.116621971 0.0461137295 1.54077196
    1.55041003 -0.493337452 0.207707286 -0.659286022 0.265095711
    1.53610981 1.35126996 0.617791891 0.853910089 -0.241437361
    1.26162529 0.476126134 -0.602625787 -0.519586682 1.4723593
    1.79514408 -0.0241323113 1.50622618 0.265712678 0.178806961
    -0.416383445 1.30907345 1.26338398 -0.0586277843 -0.44028464
    1.32804048 -0.436569899 1.19593978 -0.551136792 1.45912242
    0.484354973 0.553395629 0.940141618 0.218448341 0.365695596
    0.371057034 0.767683685 -0.0221297145 0.429064572 -0.6342206
    -0.576076567 0.402495682 -0.27314508 1.64054 1.02735722 0.991610765
    1.16942692 0.589736104 0.892959714 0.0333343148 1.22965622
    1.27355564 0.494108558 1.37868381 1.60215783 0.299371362 1.27397859
    0.475219727 0.483736634 -0.626061022 0.00743043423 0.545987129
    0.134993076 -0.542558014 0.732854724 1.33579612 1.6060586 1.25927508
    -0.00356501341 -0.356685966 0.150503993 0.781216562 1.6342963
    1.45149398 -0.309549272 -0.121934295 1.09170949 1.79231 0.0484266281
    -0.606358767 1.42675591 0.215969622 -0.622290254 0.866094649
    -0.71756506 -0.275801063 0.507903457 1.34535015 -0.69020617
    -0.145555019 0.671870649 -0.438755244 0.548564136 -0.20801419
    0.864011586 0.495731711 0.219586611 0.132944822 1.19024479
    1.47638595 0.407271147 1.24877989 -0.308139175 0.297625899
    -0.47515142 1.65085077 -0.0247353315 1.3895421 1.71590257
    0.704852283 -0.176980853 1.70023131 -0.714610696 0.777934492
    0.28633666 1.76186395 0.439852536 0.480244815 -0.114391804
    0.570516169 -0.237922251 1.22057974 0.103227317 1.665241
    -0.181537032 0.0403519273 -0.286363602 -0.0670906305 0.902742326
    -0.26981169 -0.671258986 1.37916994 0.986356378 -0.733746946
    1.19735312 1.24445486 1.74256289 -0.318646759 -0.52045095
    0.645617843 1.42716765 0.657779157 -0.495533526 0.0441042185
    1.56970048 -0.491143346 1.22817278 -0.749244988 0.446346998
    0.571116388 1.25678885 1.46989501 1.6610117 1.38848114 0.658808649
    -0.15606463 -0.590890527 1.03879011 1.2935611 0.424540937
    -0.247531682 0.667198598 1.21637177 -0.0694950819 -0.246685922
    0.303647995 -0.706474066 1.58374214 -0.104104578 1.40820563
    0.182952762 0.885616243 1.74657464 1.39106441 1.73528385 1.60943913
    -0.271904826 -0.175967157 0.408421397 -0.347558677 -0.393496007
    0.233474255 0.455982029 -0.731281817 -0.263626873 0.728842854
    1.23295116 0.0240696669 -0.303335994 0.597030878 1.00500822
    0.417398691 -0.20613724 1.17552662 1.4179635 0.483960152 1.03177333
    0.431035221 0.137445092 1.60520113 -0.257795334 1.46395421
    -0.48449111 1.11873293 -0.029658854 0.415335536 1.25530696
    -0.15048784 -0.0416916013 1.11345673 0.203922749 1.41339695
    1.31756628 -0.622199237 1.47926021 1.25163436 0.140560567 1.59798992
    1.36825633 1.00379848 0.576745391 1.42881107 -0.716949701
    0.678825498 1.55087781 0.480884016 1.68788648 0.957360566 1.28837037
    -0.165922761 0.817360461 0.839712203 0.318074405 1.20485067
    -0.508603573 1.05106604 0.909623623 0.520006299 1.14691758
    -0.748821199 1.11687219 0.42666012 -0.742647707 -0.158341527
    0.730597615 -0.199631155 1.51337111 0.482485175 -0.676506996
    0.0457948446 0.388226569 0.0789501667 0.248544753 0.321842194
    0.0554077029 -0.0887509584 0.687450409 -0.767319977 0.594707966
    1.39914334 -0.704444826 -0.246940255 -0.646142662 1.55035913
    1.84233451 1.29697704 0.541582167 1.63011587 1.27808094 -0.24159947
    0.84239924 0.960650921 1.56483364 -0.563609719 0.656586349
    -0.528060436 0.888490319 0.548684835 -0.751134276 0.709577858
    0.601199687 1.30130005 -0.423004329 0.780348718 0.443231106
    0.0526642799 1.32036638 1.11926126 1.05192256 1.76674545 1.0828352
    -0.180535913 0.854312122 0.992158473 0.642419994 -0.0808824897
    0.964865625 1.30129766 -0.363212347 0.724969745 -0.110366821
    -0.245724082 1.49635625 -0.18764478 1.03136992 -0.731215119
    -0.479146421 0.518899143 1.40344882 -0.155056715 0.921784759
    0.311863363 -0.0353441834 0.907068849 0.306342244 -0.0112965703
    0.723563492 0.122878015 -0.66708076 1.77694011 0.778258979
    0.0870267749 0.159415901 0.328165412 0.321314156 0.880899191
    -0.6741153 0.783291519 0.514919281 0.620973825 1.12313509 0.13695538
    0.0643761754 0.305253327 0.661296964 0.398724735 -0.544304013
    1.09208596 1.75311708 -0.419434577 0.490958989 -0.517444134
    0.539553642 1.66510129 -0.423859417 1.6995225 -0.534829736
    1.08730149 1.21267366 -0.702011168 1.73199749 1.63531983 1.04393768
    1.73243117 1.47211123 -0.747210681 -0.613117397 1.48285246
    0.425887525 -0.0437265038 -0.0729114413 0.384033442 0.144857466
    1.12494326 0.60906291 -0.46154508 0.578023791 0.825922847 1.54957497
    1.48102164 -0.503869653 0.583997369 1.04537392 -0.566339731
    0.0561003089 0.55112499 -0.354055583 1.27492166 -0.617194951
    1.52620316 1.09722757 1.76649308 -0.237217665 1.48970127 0.457469881
    0.369151056 0.275336683 1.71547246 -0.69809854 0.815826595
    -0.280023754 -0.0703014135 0.580964327 0.299390256 -0.69080466
    0.665848017 -0.151295543 1.57540965 -0.219494939 -0.263433546
    0.779501796 0.535851777 0.838553905 -0.357946575 1.1810981
    0.491769969 1.41426086 0.0118277073 1.7149812 -0.541151822
    -0.0995075703 0.235944808 -0.0869286656 0.7976951 -0.520206451
    0.526635289 0.684013963 1.20240772 1.41179192 1.83503866
    -0.439514756 -0.548356056 0.212235272 0.925336599 -0.17764008
    -0.148516059 -0.615423501 1.19530916 -0.579611719 1.6953373
    0.592987478 1.62753701 -0.225460589 -0.339217693 0.158766568
    1.3207078 -0.578876495 0.862876773 0.549141884 0.69493711
    0.0295738578 0.726499259 1.18911338 -0.122573555 0.391849518
    -0.327104539 1.52455616 -0.418899655 -0.620417416 0.773001313
    0.484579086 1.70773578 -0.722131729 0.437409699 1.51508319
    0.0270312428 1.73584473 1.32258368 0.146063209 0.104188383
    0.562413037 0.222652316 -0.512251735 0.832997322 1.09043169
    0.762960911 0.3997491 0.565190315 -0.193868399 0.238306344 1.4683423
    1.60675836 1.53886414 0.52576828 0.336004794 1.21029234 1.3113457
    0.770887017 1.39985085 -0.689552248 -0.633332312 1.28039205
    -0.81914264 1.16558337 -0.230696499 1.3299408 0.416135848 1.552423
    -0.85915947 1.68392801 0.608964384 1.70635259 0.742920816
    -0.358344495 0.376554191 0.242760301 1.760373 1.46699202 0.204940438
    0.160473585 1.4142642 0.256744325 0.0922490358 -0.438206345
    -0.598569393 -0.61464262 -0.373758614 1.05456305 0.284165561
    0.954398811 -0.238162458 0.469654322 0.618973315 0.773746669
    0.85815084 0.96418637 1.49718881 1.83760881 0.673758328 0.346395135
    1.52421856 1.15275407 1.19660115 1.26377821 1.0942055 0.548737586
    -0.0918291807 0.46126765 -0.499144107 0.17411536 -0.740813076
    0.766779542 1.10596216 -0.38859722 0.914413273 1.06134212 1.64086199
    1.48146057 1.30727732 -0.66326791 -0.504563689 0.229195178
    0.135164857 0.848708093 -0.159193814 0.349959373 -0.00474464893
    0.859388828 1.62747264 -0.191289961 -0.399990797 0.171869576
    1.73257065 1.46196032 0.432809651 -0.387960464 0.429509878
    0.0454001427 0.200783312 0.4104954 0.862563968 0.760908425
    0.94491142 1.32519364 -0.211414933 0.216151774 0.344189167
    0.528048038 1.36424637 -0.108348668 1.13936853 0.812915802
    1.19986951 1.17325878 1.60740209 1.04866922 0.21419245 -0.363447607
    1.30153656 1.81036568 -0.422706842 0.829613686 -0.355034173
    0.0287346244 0.911283851 -0.147198021 1.00894976 0.0516893268
    0.751445591 0.574164391 -0.482484072 1.26545537 1.49979699
    -0.442004144 1.55717397 0.0411067605 0.861723125 0.323954225
    0.699309409 1.36643672 0.679644406 1.00347185 1.28268743
    -0.355766594 0.499352932 -0.421865851 1.2716676 1.30056632
    0.923745453 -0.647510707 0.273043871 1.31737876 0.295782804
    0.921337485 0.53264457 1.48994088 0.953631222 1.35843396 -0.52001214
    1.69603682 0.467835546 1.1396606 1.48736036 -0.366751254 1.1590476
    -0.370158702 0.178391397 0.010690093 -0.679364324 -0.138677061
    0.170702398 0.231628478 1.58150709 -0.496381164 0.336925685
    1.10936141 1.40941262 0.840772808 0.546773791 -0.188007951
    1.17389977 -0.513225436 0.742935658 0.926349282 1.08572948
    -0.637647748 1.52006841 -0.783018291 1.01784301 -0.0264992714
    0.593377352 -0.0829955935 0.0732453465 1.74106157 0.093088448
    -0.291712165 -0.550641894 -0.577299953 -0.588734925 0.223687649
    0.0577962995 -0.433120608 1.06627905 1.75350463 1.72666585
    1.16114223 1.62237287 0.218875885 0.974642932 0.225364149
    -0.586887836 0.299885571 -0.550611377 0.242768824 -0.594990253
    0.364988744 -0.723239958 1.55668056 -0.69574523 -0.596739352
    -0.418817997 1.38862538 0.940530419 1.13623834 1.62044704
    0.450621426 0.207033873 0.812219799 1.4383285 0.579967499 1.16136718
    1.21473587 -0.658196151 -0.582293689 -0.320648819 1.3631587
    -0.748136044 0.928031325 -0.106124997 1.5801034 1.76751018
    1.11903226 0.128018498 1.47254252 1.63308322 1.13273215
    -0.0587481856 0.750153601 0.727720141 -0.540368438 1.74461007
    0.95211035 -0.652478516 0.0732916594 0.867552817 0.222005248
    -0.258108139 -0.46345377 -0.491636992 -0.0229892731 1.2965169
    -0.290828913 0.387230217 1.20925689 0.468120754 0.68365407
    -0.452554911 0.0885374546 -0.423414201 1.33628833 -0.75414288
    1.45917857 0.606520534 -0.698164046 -0.696735561 1.07083905
    -0.473504245 0.984953344 0.228146076 1.37310147 1.37626195
    1.18815827 0.673962653 1.19864678 0.86851573 -0.0296681523 1.1014955
    0.511332333 0.752789974 1.57230401 1.68912113 0.75237751
    -0.198173285 1.59189606 -0.677208185 0.860328138 -0.430302829
    1.33256221 0.663276076 -0.660695136 0.997930706 0.777242064
    0.0346286893 1.59172273 -0.29464525 1.19219792 0.706178069
    0.75734657 1.18729675 1.4844172 -0.559189379 1.72065592 0.117099106
    1.50922155 1.8142606 -0.145874202 1.30911803 1.046314 0.0784629285
    2.03134465 1.44115722 -0.444078982 0.66038841 0.634163141
    -0.0147420168 -0.552931368 -0.076410532 0.0174993277 0.758221149
    0.941555321 1.5086267 -0.255547702 1.56807423 0.897563934
    0.891972959 -0.613536716 1.54660916 -0.351460099 1.61825979
    0.568951786 0.671540916 -0.420280516 -0.496353239 1.81451249
    1.32630587 0.538737059 0.607281208 -0.116048574 0.537545383
    -0.773555875 1.55290341 0.180588901 0.67902106 0.590809107
    1.67725849 1.71409392 1.00241065 1.03480077 0.228675485 1.37003553
    1.49361026 1.22694755 1.62464118 -0.179237127 0.796544075
    -0.261381328 1.19790435 1.63086534 0.944743216 1.75416255
    -0.721807301 0.487257659 -0.314078242 1.38675761 0.214270234
    0.56340903 -0.185701907 0.164238513 0.480256855 -0.316375792
    -0.485976815 -0.727106869 1.50492179 -0.487323195 0.712735534
    -0.640874922 -0.225066423 0.661697507 0.898581505 -0.346833527
    -0.638715982 -0.375974715 -0.110529482 0.645489752 0.343732774
    1.42493224 0.0365293026 1.48087585 1.37436628 -0.29648453 1.30667353
    1.2096262 0.951891243 1.37368011 -0.488636136 1.6267767 1.55251241
    0.88957727 0.495067 -0.476289988 1.70082927 -0.320509911 0.975118697
    1.65082073 0.61964643 -0.798479021 -0.757753789 1.24272752
    -0.341815472 0.234696269 -0.226812243 0.859769225 0.445511997
    -0.130651712 1.56912768 1.82761395 1.21559238 0.142874658 1.36109543
    -0.0953615308 -0.562372088 0.231745899 -0.726651073 0.0567998886
    -0.469635338 0.782228649 0.54222542 0.401934803 1.03233671
    -0.43767485 1.175295 -0.0158344507 1.18808293 0.699165344 0.59465909
    1.21340358 1.69025731 0.481238663 1.45744538 0.592719853 0.28319782
    0.691661596 -0.221018374 1.12758613 0.269583941 1.04524028
    -0.579326272 -0.497630894 -0.632933855 1.471421 -0.79216665
    1.21096039 -0.47244972 -0.00737404823 0.88021034 1.28354144
    -0.269626737 1.18921566 0.467952788 1.05628181 -0.603698254
    1.19969416 1.21787262 1.3240062 -0.233081281 -0.295047492 1.55989039
    -0.538321793 0.423057795 0.827291608 1.13756073 1.05759454
    -0.516779423 1.59388447 0.375008643 -0.141055405 0.618787467
    1.51792979 1.440202 1.60800147 0.433437288 -0.378421783 0.247867525
    1.46453881 -0.196479619 0.173370957 -0.274907172 1.1392417
    -0.215163767 -0.157653511 1.47914863 0.44533813 0.493355453
    1.39703798 -0.243084431 0.978754282 0.837374628 -0.701091528
    1.44282174 0.512609601 0.943969548 0.909411371 0.453315318
    0.48776567 1.79989672 0.13713032 1.60024214 -0.445051968 0.183933914
    0.766498566 -0.373158455 0.78832823 0.508915126 0.813973486
    1.38410866 1.19880056 -0.254699826 -0.519041836 0.914343536
    0.0727722049 -0.140997231 1.36636794 -0.648984849 1.64523053
    1.28825569 1.08628511 0.357436061 0.290374994 -0.265489578
    0.134091258 -0.323362112 0.629250526 1.43176174 -0.057025075
    -0.247353196 0.696856797 -0.539525449 1.08832312 -0.581428885
    -0.503198624 0.533723831 1.16002893 0.830624044 -0.470855653
    1.59284377 0.365442634 0.909101605 -0.302922726 0.141592503
    0.388455808 -0.45525682 0.951545119 -0.285204202 1.13838732
    -0.402737707 -0.2667647 1.19965935 0.655593693 0.685922325
    -0.626243472 0.808616281 -0.231399 1.26094484 -0.241216332
    0.19035992 -0.397551894 1.21659064 1.06193733 1.55845594 1.67126739
    0.834256947 -0.381368726 1.13039291 0.815059543 -0.429205984
    1.01042378 0.19482708 0.680859089 -0.117513955 1.70598173 1.23371387
    1.29233623 -0.679862857 -0.251792848 -0.122739494 -0.546967864
    0.606466472 -0.460449249 0.192249179 0.636829019 0.658116698
    0.224890232 0.348358154 0.582079232 0.910308778 0.541403353
    -0.770013034 -0.700687766 0.585428774 1.4459461 0.196877956
    0.662516654 0.358850896 0.643277347 -0.319513857 0.424757302
    -0.707919955 -0.176849544 1.66158617 0.384003878 -0.408025205
    1.20673883 1.35019279 1.72603059 0.457468688 0.701616049 0.149808288
    0.685153484 1.0802002 0.0126876235 0.928607404 -0.5600456 1.37039232
    0.176011205 0.304342985 0.633921862 -0.219794035 0.679504991
    0.136483788 0.024477005 1.26442218 0.93982476 1.61174166 0.892149985
    1.22225618 -0.654555798 0.626744628 -0.57540679 1.73787045
    1.24925041 -0.52334547 0.433883429 1.60706532 0.00304585695
    -0.0576274991 -0.545239389 0.135394573 0.270346344 1.00894713
    1.40684438 1.30068982 0.142346203 1.58860159 -0.676894367
    -0.598221064 0.959644973 0.565527558 0.726232767 1.2551527
    -0.657273352 -0.633065641 0.173184395 -0.212648034 1.1307137
    0.797611892 -0.381480366 0.933898032 0.252028406 -0.194285274
    1.1649574 0.638900578 -0.44650656 1.31394267 0.23751843 0.36079222
    0.334720492 1.5735358 0.495147347 0.973355949 0.399343669
    -0.679161668 0.84262079 0.177117348 1.57981324 -0.0141665339
    -0.237497449 0.366722524 0.442240477 1.48010731 0.507214785
    1.10615194 0.310408115 1.39554286 0.938573897 -0.415587336
    -0.689961135 0.623129904 -0.719863355 1.62996364 0.254492521
    1.21164358 0.776859879 0.128902435 0.651837945 -0.0430654883
    1.76932478 -0.358082175 0.501935065 0.0540063381 1.74754238
    -0.609083533 0.664547145 -0.413238317 -0.652759135 -0.683710098
    1.11870658 1.67415619 1.34153354 -0.711877346 0.573458314
    0.797339499 0.0972837806 0.124933958 -0.509643674 1.65844977
    -0.420073807 1.12203932 0.158536196 -0.297771394 0.622759938
    -0.475459844 -0.252659023 0.709587216 0.273548901 0.615598261
    0.321101487 1.56800842 0.72126931 -0.460563004 0.507860422
    0.347693741 -0.706221998 0.127185941 0.751464665 1.77285266
    -0.375268638 0.858981133 -0.330731183 0.0714465976 1.43922687
    1.44688153 0.973109484 -0.118273795 1.51616406 -0.0773777366
    0.0725737214 0.138398647 0.439293861 -0.311985701 1.79106486
    -0.352510184 -0.613586724 -0.657505035 0.966400087 -0.639706075
    -0.590708017 0.236542523 0.113001466 0.120350063 1.05121052
    1.00677943 0.184903204 1.69398308 -0.813303113 -0.427943796
    1.01068187 -0.29713124 1.07446885 -0.683313787 -0.583137274
    0.0835361481 -0.384232908 1.08629751 0.340300977 0.485200822
    1.46539247 -0.459867805 -0.509761095 1.56565785 0.938655138
    -0.121308684 1.22845864 -0.789564788 0.815623939 1.29017794
    -0.704383731 0.311872363 1.07800817 -0.336254984 1.78847253
    -0.102905333 -0.446918935 0.990174294 0.853618264 0.248155534
    1.10551977 -0.0271112919 1.30645573 0.0452768803 -0.625407815
    0.261832893 0.479437172 0.282264292 0.507434428 1.58788097
    0.336032093 0.269467711 -0.141535908 0.274540961 2.0381372
    0.775517523 1.1045562 1.79047894 0.456048608 0.44190079 0.668484926
    1.24734187 1.7483691 -0.178327024 1.68782055 1.45508957 1.0385108
    -0.783801734 0.209306657 0.980755687 1.33569586 1.47789288
    -0.546651185 1.39769793 0.250236094 -0.347747982 1.36186111
    0.844084501 1.02772212 -0.0462149382 1.7768786 1.50021076
    0.685576558 -0.043738842 0.882131755 0.107753336 1.68073261
    -0.0517710447 1.15543342 1.03050971 -0.329574406 -0.398406088
    0.512866914 0.115965366 -0.283507884 0.68902421 0.71645987
    1.41592574 1.25528097 1.69989634 0.571364045 -0.107066393
    -0.829907656 0.845959306 1.61813831 -0.237237394 -0.720764577
    0.272621453 -0.34422183 -0.75692904 -0.209960103 1.13662958
    1.70583081 -0.0563168526 0.950707555 0.948524177 0.944777668
    1.08533311 0.341309369 0.695694506 0.42428863 -0.352850676
    -0.39607802 0.425764978 -0.289733857 0.342407763 1.18528569
    -0.288676262 0.915950537 0.154417396 0.315592527 1.4000802
    0.00924754143 -0.424115747 1.76454961 0.26907903 -0.0724381804
    1.24977589 0.0261047482 1.30447936 1.50178528 0.303963065
    0.512361467 1.26004112 -0.0173546076 0.027988553 -0.179853916
    -0.0628154874 0.227655888 0.603114367 1.09673142 0.25353682
    1.37338924 1.17363346 -0.636761367 -0.438829124 0.313723922
    0.663684726 0.383354664 -0.637624204 0.271100402 -0.684213698
    -0.327441752 -0.219608426 1.54176235 -0.645784855 0.324822426
    1.7128005 1.21162748 0.348297238 -0.732492149 0.556390643 1.37822437
    1.15182364 -0.213676095 1.46654105 1.2421205 1.55891669 0.236227095
    -0.747899354 0.365836382 0.423440576 0.104331315 -0.583564281
    0.96222049 -0.40915373 0.0971902609 1.0000962 0.939346611
    -0.43832767 -0.565710485 -0.341072261 0.214130044 -0.666809857
    -0.25047493 1.35163474 -0.718971193 -0.118528008 -0.277631074
    0.756194353 0.569915831 0.388820291 0.871724427 0.555440009
    -0.682944477 0.755012155 1.66885006 0.347759187 -0.483267665
    -0.126755595 -0.560910165 1.80390453 -0.260077894 1.47079539
    1.792858 1.73481667 -0.672612488 1.30772448 0.2908746 1.25037479
    0.544555664 -0.707815766 1.22886968 0.922297657 -0.164809108
    0.0873359442 -0.644511223 1.29010797 -0.608870924 1.71396708
    -0.0960902572 1.70461035 0.47754699 1.44366121 1.38947129 1.03383803
    0.892524958 -0.447282225 0.360660315 1.68304884 0.601762354
    -0.422818422 0.0448747873 1.60728204 -0.142738879 -0.192701936
    0.840726674 -0.537039459 -0.547137499 1.21347451 1.30422068
    0.458987474 1.75601518 0.795280337 0.0423508286 -0.260886133
    1.00513959 -0.438408583 0.86540556 -0.127558947 1.52808988
    0.943720698 1.57415617 -0.126592517 1.07040668 1.20911908
    -0.0831682086 1.65279055 0.663559496 -0.389644235 -0.154858708
    1.22046971 0.0739358068 0.143544734 1.48914182 0.907684326
    -0.456020683 1.11557293 0.287380874 0.940873504 0.816144764
    1.73759794 0.272181988 1.67302573 1.00798273 0.95809859 1.48479748
    0.255860627 0.323431492 -0.0887369514 0.783351302 0.529213488
    -0.528501391 -0.682576537 0.371731639 -0.184085965 1.25059819
    -0.432749867 0.530697405 -0.386145592 1.51795053 0.590093076
    0.814836144 1.33445954 0.641986489 1.30059218 0.0218726397
    0.183019936 0.743480921 1.62802386 0.393788517 0.697553039
    0.256432295 0.694796562 1.48314071 -0.684210718 -0.256104261
    0.1408512 1.2688303 -0.693713367 0.626309872 0.316447973 0.863974392
    -0.196917117 -0.0188560486 0.281574786 0.473007381 -0.562235594
    0.75868547 1.54361868 -0.351266384 1.36433125 0.813394129
    0.0912225246 0.666579843 -0.00564002991 -0.417682022 0.553311527
    0.622624993 0.625652194 -0.112283528 1.51595378 1.59648895
    -0.693632483 1.53457904 -0.340729773 1.36191356 -0.688007891
    0.840677857 -0.14366281 1.28930187 -0.793498397 1.25909352
    0.0618209839 1.09526074 0.305821121 0.194261789 1.05798316
    -0.535716414 1.28437221 0.0331437588 1.10551691 -0.737180293
    0.780335963 0.784180224 0.0208331347 -0.384867013 0.010951221
    1.43781447 0.814876139 1.1326766 0.958794117 -0.25779295 -0.66451925
    1.51729488 -0.0386113524 0.405265331 -0.675134778 0.743837774
    0.134253561 1.75544357 1.42151356 1.43867636 0.415302217 0.639743388
    0.935969174 -0.667797923 1.2116226 0.880439103 0.86092025 1.08855391
    1.02393031 -0.465272725 -0.0340721607 0.136790037 0.174153268
    -0.466530651 0.541667044 -0.344412088 1.14292121 0.924874008
    0.991734087 1.29503536 -0.462359518 1.14839387 0.566409588
    1.49028063 1.18482745 1.36918676 -0.587383628 0.876041114 1.01692772
    1.70565629 1.46336174 1.41770601 0.0200551152 1.06765616 1.6051662
    1.67526913 1.71379733 -0.430063218 -0.531821012 1.2571125 0.74859482
    0.535149932 0.409477413 0.849996507 1.15359664 0.456867337
    1.22051275 -0.107558489 1.00937653 0.674328744 1.21325934
    0.547225296 1.29528236 1.58000517 0.651419044 -0.0387915373
    1.66507959 0.556673586 0.17206049 1.21679378 0.746274531 0.424467862
    1.6345315 1.79409301 -0.29132843 0.864941716 0.375178993
    -0.689191282 0.981880188 -0.0519355536 1.2447257 0.885158598
    0.240442514 -0.437408656 0.731967092 0.610719502 0.538542151
    1.03981411 0.49444586 0.420049489 -0.212988257 0.564282537
    0.0865582824 0.496497571 0.471461713 0.135484755 -0.0572547317
    0.495809257 -0.726403356 0.295865655 0.323548794 -0.357162952
    -0.370512158 -0.288149685 0.271954238 1.57060909 0.952466071
    -0.251689255 -0.456298679 1.56085706 -0.182278097 1.72782087
    -0.740686774 -0.454800874 0.215938866 1.39636016 -0.189496219
    0.132314682 -0.59834826 1.5039047 -0.45754987 0.456704021
    -0.190256894 0.278550744 0.819824338 -0.649864912 1.38834643
    -0.668428838 0.637270868 -0.36731267 -0.444278449 0.524221122
    -0.509355247 0.0856348276 -0.328357428 0.979816258 -0.095782578
    0.479887545 0.178599775 -0.658375204 1.35476351 -0.0892698169
    0.806678653 0.533366323 0.50639981 1.12408185 0.507889688
    -0.415193558 1.45965672 1.03036702 0.248568296 1.65059686
    0.113155782 0.353945136 -0.768133938 0.756626308 1.69887209
    -0.608827829 -0.703178227 1.26227331 1.49056268 0.13686645
    1.04899669 -0.215136528 -0.580035508 0.754608572 1.10658693
    0.209289014 0.692935765 1.10679257 1.70301056 0.731089532
    0.161213458 1.55200195 0.234599292 1.69514704 0.711957335
    -0.350957423 -0.145732939 0.800355673 1.12416506 -0.372092217
    0.349999487 1.35592151 0.731882274 0.819810152 0.0960534811
    -0.697214067 0.0541703701 -0.361881614 0.695893645 -0.439053535
    0.315516114 1.78838944 1.79456341 0.583048999 0.332624674 0.82934463
    -0.677109301 0.539161921 1.30245543 -0.191296458 -0.504453123
    1.24337304 -0.260351121 0.532129824 -0.621770024 0.436421275
    0.694652557 -0.0318957567 0.691466749 0.307805777 0.992264986
    1.12534952 0.791405916 1.13321269 0.360071063 -2.40206718e-05
    1.72077787 -0.326954037 0.357959509 -0.0996389389 -0.00703620911
    -0.293735802 0.755978167 1.7187351 0.999922633 0.651120067
    1.41295528 -0.119593084 -0.0632300377 -0.20820725 1.02704716
    0.41691947 1.18404841 -0.813731134 -0.803765535 1.26497936
    0.395315707 1.15038466 0.713011205 -0.370727122 0.590231776
    -0.0454351902 0.462091565 -0.341442585 1.26898241 0.575052142
    0.625399828 0.598566115 -0.0522417426 0.503603041 -0.670805812
    0.865216434 1.04924333 1.37128854 0.622431099 0.83339262
    -0.738280833 1.26216173 0.157618463 -0.724997044 1.63734484
    0.0938147306 -0.105000615 0.425702453 1.23847544 1.66650558
    1.29528248 1.59618747 1.63591647 0.535880089 0.244748116 0.118530035
    0.415149629 1.00564718 0.0974030495 1.31317115 0.288726687
    -0.186053813 1.65131688 -0.380020052 0.888942659 -0.146009147
    0.986872792 -0.229934335 -0.266141057 1.48455572 -0.73661226
    -0.655436873 1.14597821 1.3967464 0.464917898 -0.551783085
    0.864791632 1.52398968 0.967912197 0.256017029 0.736876965
    0.474942684 1.72963214 0.307719767 -0.33032015 1.12617254
    0.501998246 1.4343195 -0.534659982 -0.298343092 1.67788196
    -0.0928103328 1.73190141 0.710473478 -0.492796451 -0.074716866
    0.766149521 0.510456204 0.180612385 0.0611994863 1.68267226
    -0.671492577 0.874902904 1.25798202 0.23110342 0.509111941
    1.43501091 -0.260287046 1.61639619 0.307791352 1.12514544 1.26697898
    0.530275106 1.04944217 1.7928443 0.42631191 -0.330535263 1.29576886
    0.524046421 -0.294689596 -0.0657022595 0.421350658 0.819467664
    1.12569642 1.43082607 -0.445319802 1.74864662 -0.00907862186
    1.08547425 1.24204707 0.417734206 -0.217805207 -0.725497842
    -0.365064532 0.351317465 0.275288939 0.675344706 1.23430991
    0.885270953 0.150177121 -0.41784969 1.13502121 -0.663124084
    0.455631673 0.823879004 0.722480178 0.392337859 1.18084204
    -0.57490027 0.970696032 1.48727751 -0.762231767 -0.426442415
    0.109782219 -0.143097162 1.116009 0.0160191655 1.28760672
    -0.155307829 -0.777992964 0.237691164 0.358959138 0.990124345
    -0.399734616 0.176632047 -0.685242295 0.327372015 0.171959221
    0.33991605 -0.537522554 1.0613606 -0.44885692 0.982574284
    0.813839734 1.70983934 -0.450108886 0.152359366 -0.299887329
    -0.414173156 1.55802488 -0.745500445 0.692128778 -0.312505901
    -0.714615822 0.928963661 1.67118323 0.897588134 1.56118178 1.369102
    1.16903663 0.067035675 1.31242752 -0.811242044 1.51590443
    0.741487384 -0.434481353 1.44546843 0.458078086 0.581476331
    0.590043008 0.540225387 0.687835991 -0.794326246 -0.105313778
    0.261418819 0.366451979 -0.393404841 0.168248475 0.241050601
    -0.0367417932 -0.404230475 -0.348528445 0.116976738 0.521108329
    -0.473713398 1.69983149 1.06726837 -0.337743223 1.06087756
    -0.143914461 1.6364764 0.8250857 0.303065896 0.284434438 0.399532497
    1.48262286 1.43888283 0.80299741 1.49053192 -0.0967288315
    0.0936437249 0.146090806 -0.256588697 1.50045991 1.10339355
    0.147126555 -0.464732498 -0.576477587 0.491437912 0.429604411
    1.19556046 1.03879905 1.65706325 1.30578518 0.359483838 1.5586946
    -0.528209567 0.227580786 -0.56263262 1.58714187 0.520982444
    0.312491953 1.22327876 -0.638491154 0.108755231 1.56017208
    -0.0384047031 -0.407510757 0.468471885 0.0460454226 -0.584252536
    -0.008479774 -0.232102334 1.60410774 0.405936003 -0.444737941
    0.644013226 1.53523445 0.168719947 1.5953207 1.29080796 1.80270362
    1.00128925 1.01392865 1.2060504 -0.284989059 -0.314078212 1.46190691
    0.226385057 1.26331973 0.702720523 -0.335149765 0.198062241
    1.54638505 0.723844409 1.66470456 0.0855823755 1.17291033
    0.761443555 0.681724072 1.37433028 -0.159848571 0.994933426
    -0.450224698 -0.0597062111 0.438775897 1.30522609 -0.426950067
    0.274452865 0.174927771 0.955803871 0.344126165 -0.484461606
    1.75225067 0.0410007834 0.134650946 0.361979246 1.3409493 1.19586134
    -0.43556425 0.733804703 1.07904339 -0.731656909 -0.0798189044
    0.146998286 0.345554054 0.420997798 1.21352983 -0.220585465
    1.71034837 -0.244199514 0.729140699 0.469464779 0.309826553
    -0.207203388 0.440768898 -0.673434615 0.580358088 1.37337244
    1.07822776 -0.127592266 -0.721980393 -0.141936958 1.42402458
    -0.41693458 0.700406313 -0.110047281 0.658949494 0.794617116
    0.697593808 1.22540581 -0.605041802 0.815423906 1.65913224
    0.81685406 -0.259786934 -0.715675116 0.878533125 1.49569762
    1.52262211 0.607244492 1.7164855 0.325622082 0.203873515
    -0.290398002 0.607708573 -0.0734943151 1.17863131 -0.0923010707
    1.08938766 0.399828434 -0.492943257 0.0797925591 -0.626120746
    -0.617674172 -0.41874212 0.75820905 -0.400172681 1.4562279
    0.927528083 0.0121690035 0.950797677 1.77608252 0.171279609
    0.0189023614 -0.757874846 -0.225816846 0.837036669 0.779038191
    -0.721887469 -0.177981555 0.0946451426 1.408041 1.1201036 1.26570296
    -0.616630197 -0.737723112 0.793550193 0.893211424 1.3431921
    0.46135962 -0.13622582 0.540160358 1.40064323 1.75275159
    -0.584099889 -0.359287977 0.576779604 1.6238699 1.60995293
    0.941664279 1.63028431 0.155434966 -0.745661378 -0.749049842
    -0.232486844 0.641532779 0.859456539 -0.480274141 -0.183322608
    1.58932054 1.64631248 0.815863967 0.808476567 -0.216281831
    -0.221273482 1.07768559 1.13379896 1.20375514 1.32158887 0.507198334
    1.05449557 1.60006976 -0.425458908 -0.100717783 1.17883992
    1.53896999 -0.671691418 0.634858072 -0.275761306 1.61894155
    1.86125553 0.77816844 -0.706703663 0.561383069 1.4709357
    -0.650142789 -0.25975132 1.31304729 0.94330734 0.734424949
    -0.716712356 1.60410643 1.28534102 0.294857144 -0.612011194
    1.27924347 0.207240343 -0.224251151 1.31939125 -0.465985119
    0.838543952 -0.537423849 1.60492051 -0.248300314 1.43415666
    0.916158676 1.66311884 0.397781849 1.70985603 -0.0163214207
    0.190459132 0.549493968 0.371843934 0.108520508 1.09483337
    -0.574289441 0.510963619 -0.0199263692 0.0170049071 1.30357742
    0.191279769 0.331115127 0.15696615 0.49485743 1.25835729 0.601100028
    0.645944774 0.956339896 0.0222374797 0.255898416 1.16971755
    1.69131303 0.663450778 -0.499905705 -0.497623771 0.39412567
    0.775399208 1.09799278 -0.100966662 1.71693945 0.926800609
    -0.570671618 -0.148965657 0.215218008 -0.207346082 -0.324618101
    0.400898159 0.808301508 0.546810031 0.567241192 0.108300328
    0.0448088646 0.395829439 -0.00166076422 -0.117213786 0.367139637
    1.2350812 0.539105535 0.0848074555 1.71048331 0.995438457
    0.073040843 0.623875916 -0.574457765 -0.338383138 0.455411136
    -0.360975832 -0.188603997 -0.155750513 1.51144683 0.995608389
    0.316896558 -0.71155405 1.44538379 0.0484697223 0.749819517
    0.0827548504 0.312213182 0.223474383 -0.607432246 1.60319066
    1.08620667 0.765277803 1.01203084 1.41621685 -0.157903433 1.58751953
    0.86677283 1.42829621 1.18865311 -0.327655971 0.74872601
    -0.294667602 0.125005841 0.491303623 -0.525401473 0.896703959
    0.936654031 1.30295503 1.53746533 1.67351067 -0.455840468
    -0.624507308 -0.307629466 1.49015617 0.158771098 1.03209233
    0.19519794 -0.661835074 1.12212539 0.253711998 -0.554576397
    1.60128975 -0.764286995 0.595085263 1.4543767 1.35589409 1.19722652
    0.0906698108 -0.34347105 0.319427013 0.125328183 1.22121549
    0.0133632421 -0.145714879 0.825075984 0.0988708735 1.07046127
    0.774728537 0.358946323 1.4320879 -0.055578053 0.462842405
    0.763740063 -0.139994323 -0.0344304442 1.4055692 0.127750039
    0.418136597 0.105135798 0.113897026 1.692765 -0.428803056
    -0.581826091 -0.575590611 -0.0229651332 -0.4867751 0.640133321
    0.394338787 -0.254658669 -0.571927547 1.48924017 0.0369827747
    -0.0755236745 -0.353375107 -0.00360745192 0.00804376602 -0.363989562
    0.783637166 1.23774004 -0.460847765 1.36552048 0.599240303
    -0.0260488987 1.70064259 1.00562692 0.305241644 0.577100933
    1.53115153 0.920515418 0.834639668 0.170684457 1.01054084
    0.279748559 0.88515532 1.00889683 0.982537329 1.05711937 1.54110885
    0.765402317 0.493741095 1.33051276 1.59229743 1.49310088 0.593741417
    1.56867242 0.367331088 -0.167878985 0.858360171 0.919822633
    -0.623759568 1.46426976 1.72121525 -0.204765916 1.17898321
    0.742899954 0.969004512 0.239588976 0.513993204 -0.1207816
    1.31374478 0.524134517 1.54986048 -0.647055507 0.0644945502
    -0.108115375 1.12455857 0.841615438 0.940438211 1.50174379
    -0.183697164 0.504298031 0.0896935463 1.71732998 1.73460054
    -0.0211374164 0.440746367 0.305173516 -0.788246751 1.66051781
    0.756927311 -0.311378419 -0.305561572 -0.299831569 -0.0952045918
    -0.208237827 1.60675812 1.02726841 0.550649285 0.401560009
    -0.620527625 1.75797105 0.109537423 1.57888651 0.871409237
    -0.518153787 0.104541838 1.272632 0.829025388 0.744958639
    -0.105977952 -0.242824614 1.37460208 1.46680951 -0.0273833871
    0.155145824 0.985865653 1.29516196 0.119059384 -0.727172256
    -0.204117 -0.262760758 1.4756248 0.564513981 0.235245407 0.981567621
    1.40396881 -0.621553183 0.410509527 0.668835282 0.873599589
    0.125734389 -0.318243593 -0.293929398 1.01097369 0.384643078
    0.158294678 1.09585047 -0.0957075953 0.544942081 -0.285930783
    1.24227536 0.902375937 0.222700834 -0.338028222 0.824620187
    1.0359515 0.238270104 -0.430404603 0.956409991 0.74973911 1.66598535
    -0.503492057 1.38728821 -0.0956225991 1.02615261 0.379983962
    -0.374579936 1.04032719 1.76663077 -0.337466836 1.45326877
    1.16600728 1.8480078 1.53402853 0.13522166 1.06019354 1.7620759
    1.25527954 1.52005959 1.26744246 0.128728509 1.66543722 0.21873492
    -0.276669741 0.185030401 0.7718876 0.292379916 0.949798882
    0.390462995 1.57442379 0.411283731 0.74537164 -0.0622785091
    -0.602474749 1.1504153 1.75135756 -0.427720189 0.696570575
    -0.598807931 0.185980201 1.31955147 1.56425548 0.27159369
    -0.254804313 0.883610368 1.53972673 1.27360272 0.171811402
    0.690017998 0.153119504 1.39022899 -0.562893629 -0.527702451
    0.64644295 1.04648232 -0.723131299 1.13915205 0.503235161
    -0.70268482 0.745621979 -0.65192765 0.824093759 1.67855287
    -0.0582148433 1.13973761 1.54855347 0.654875457 0.0278881788
    0.698082685 1.70724988 1.66692138 -0.443811625 0.536905289
    1.58122635 0.35392189 0.274762809 -0.313769519 0.608592272
    0.139584184 1.7676785 -0.456377476 1.2027384 0.874773026 0.798821926
    -0.68921268 0.530831873 -0.698115468 -0.763212085 -0.14432025
    0.289379835 0.847495198 0.11422199 0.607285142 -0.106590748
    -0.121017098 1.50326562 1.16918838 0.151289582 1.58999681
    -0.418111145 0.731198847 1.29427302 -0.302084446 0.112050831
    -0.711330771 0.516312957 0.8202703 0.234592795 1.49234939
    0.389456749 -0.222979188 0.129902422 0.944411814 0.455922425
    1.3476634 1.73736596 -0.798495829 0.52612859 1.77939785 1.0962956
    -0.126739621 -0.406313777 -0.562884688 0.335451841 -0.590195
    0.743180096 0.429080307 -0.476664662 0.919405818 0.618857026
    -0.0954261422 0.861304402 0.140496254 0.658811569 0.0607112646
    0.277657568 1.58459699 1.76768947 0.646340847 1.13794208 0.998108268
    1.06268311 0.239156365 1.35685861 0.0547354221 0.282141745
    0.954838216 -0.718511045 0.519321442 -0.0116447806 1.07298136
    0.577093422 -0.671715915 -0.238027513 1.24856174 0.593708634
    -0.296779811 -0.187558115 0.520938456 -0.402838677 0.466539085
    -0.575176537 0.996079862 1.26445842 -0.619799256 0.112421811
    -0.480773091 0.187353849 1.34571421 0.351130247 0.958562493
    -0.580429673 1.6472733 -0.634358346 -0.243422806 0.851595819
    1.03601789 1.70836425 1.14423323 -0.303589672 0.317429662 1.13070285
    -0.756315827 1.75663662 1.5674274 1.12890089 -0.488224536 1.30061305
    0.390483201 1.37988508 0.639480472 1.47642851 -0.0579669476
    1.39150572 0.742548227 0.33469367 0.668102562 1.00879085 0.44628787
    1.24143338 0.474374533 0.758818448 0.808933616 0.554378927
    0.105807245 -0.647433877 -0.419293255 0.356071353 -0.416206002
    -0.100001991 0.264973521 -0.0717396736 -0.0890674591 0.595107019
    0.51297003 0.398670197 1.39520383 1.32167387 -0.5343467 1.17685759
    1.36919498 0.432339787 1.24441528 0.937474012 1.39284062
    -0.016677022 1.3871001 0.635504961 -0.198057294 0.569837153
    0.746139407 1.38000262 0.583767176 -0.245867491 -0.795679331
    0.592151105 1.20491886 -0.234513223 1.73766923 -0.305339515
    0.755742788 1.65097463 0.367910326 -0.213745475 0.20158112
    -0.200385332 1.00503433 0.939578176 1.39492953 1.17745459 0.94378078
    0.896720588 0.464436173 0.324198484 -0.147960782 -0.388846755
    1.27546263 0.0790298581 0.497135222 1.69619417 1.24311233 1.44241476
    -0.179457247 -0.0394722819 1.51136339 -0.186410248 0.692497611
    -0.0910681486 1.08064651 1.07476115 1.59111786 0.137466013
    -0.55096513 1.33891213 -0.536218524 -0.206092715 -0.205351532
    1.54797697 -0.678965449 1.39103317 -0.434937149 0.672580123
    -0.674299717 1.29716015 -0.104952872 -0.797571957 0.209153056
    0.97280252 0.449800134 1.28297567 -0.730718911 -0.461898714
    0.983905792 0.718614399 -0.188384175 0.205449998 -0.615844846
    1.21588552 0.126392901 1.41960192 0.384255469 -0.324303776
    -0.266747355 -0.493971407 0.580332458 1.63563609 -0.516491234
    1.11105156 -0.645409167 0.176929832 1.10347438 1.53446221
    0.258187354 1.21993518 -0.523056149 1.41275227 -0.591067433
    1.29418385 1.5473721 0.618757963 -0.800933897 0.762282312
    0.344970286 -0.408209383 -0.159834146 -0.591051698 0.800081074
    1.71188688 0.245901406 0.616266906 0.181080461 1.19982505
    -0.439280212 0.489887118 0.803912342 0.693934083 0.91176331
    1.31357241 1.32392609 -0.34996742 0.778853118 -0.203841984
    -0.289870143 0.0121497512 1.6679523 -0.231199205 0.282091796
    -0.636704028 -0.62376219 1.46276331 -0.742597044 -0.700697541
    -0.124303818 -0.528797507 -0.560674071 -0.468251139 -0.341517776
    1.59357953 -0.256281257 1.26237941 1.01730239 1.49358797 0.746495664
    1.72860527 0.0294892192 1.68861461 -0.440699369 0.0533134341
    1.12302399 0.664995074 1.57412505 1.6846652 -0.696064174 0.48550123
    -0.12598145 1.80934739 0.159370601 0.807413399 1.65226316
    0.799544394 -0.134635329 0.791557789 -0.34816891 1.24292612
    0.277182817 1.55854964 -0.628993452 -0.464127988 1.01263285
    0.130214989 0.980589449 0.372630537 -0.492030084 0.0106902719
    -0.591028333 1.47295582 0.573074043 1.52900124 0.472935796
    1.47294068 1.10883927 0.682959318 -0.383005023 -0.338897586
    0.150665224 1.35349643 0.888523638 1.50730276 0.101613462
    -0.61653626 -0.497302949 0.821329415 1.12817788 -0.585859537
    -0.00689744949 0.688121974 1.08750534 1.39212012 0.894878387
    0.969240725 1.0226202 1.24942255 -0.0686143041 1.29426682
    -0.640629649 -0.598525941 0.849771261 1.36731076 -0.0314751863
    1.01756907 1.190557 0.954956293 0.297415853 1.1312933 0.883452356
    0.269277513 -0.221884787 0.109064937 -0.14309144 0.571317852
    -0.195442319 -0.21616596 1.66164351 1.08041835 0.910335004
    1.55943036 0.149993598 1.20491672 1.5813067 -0.375863642
    -0.0828621387 -0.34138906 1.60724485 1.45658588 -0.139298141
    0.443336666 1.01224768 -0.149809062 1.81330752 -0.130323231
    0.18797642 -0.464796096 0.463300109 -0.587275565 1.38869035
    0.766214371 1.69906545 1.28102946 0.573159337 -0.490953416
    -0.166209877 -0.162859976 1.20891893 0.429534197 0.446783602
    1.3240912 -0.264601171 1.57190251 -0.343963444 0.992679477
    -0.432688653 -0.0262157321 1.52877998 -0.544435084 1.07978368
    1.50127137 0.979981542 -0.016866982 1.67400861 0.782428324
    -0.775799334 0.465916038 1.35782695 -0.0401338339 1.20688057
    0.544489264 0.320036948 1.02203774 1.28714609 1.51880145 0.416354597
    0.676681161 0.261644185 -0.034407258 1.00499332 -0.793059528
    0.689477146 1.68706512 -0.785401583 1.38907111 1.1732589 1.19988811
    0.922921658 -0.677302241 -0.0638148189 0.00663614273 0.535695732
    1.08786857 0.53176868 1.24516416 0.217610061 0.877450585 1.80635083
    0.0378005803 -0.449038625 0.0750079155 1.27762198 -0.562852979
    1.03533447 1.67495012 1.63313174 1.30252028 -0.0397244692 1.35462987
    -0.377412587 -0.562895417 1.46218133 0.741870284 1.55346096
    1.24622416 0.4846012 0.863777697 1.56172884 1.44672096 0.167595387
    0.626029134 0.688697338 -0.235357851 0.647021353 0.0775278211
    1.83016229 -0.546484709 -0.545713544 1.36207867 0.495707035
    0.0625046492 1.46018767 -0.434420228 1.10356784 1.60868812
    0.834933758 -0.249493927 1.06199908 -0.272546649 0.513775051
    0.234745741 -0.375728786 0.653321922 0.927623808 0.33293885
    -0.73728025 1.2503165 0.0250082016 -0.143013775 0.667888582
    1.47871089 0.622469485 0.0535156131 1.3515079 1.19173288
    0.0539126992 1.20510077 1.24449635 0.709429801 0.629546225
    -0.27512455 0.0231528282 1.33090782 0.621867537 -0.309871525
    0.0920628309 1.73230577 0.149851322 1.6607461 -0.473844469
    0.345529974 0.843401015 0.80003947 0.822462142 -0.233948946
    0.870807588 0.654009461 1.56795514 0.293739676 1.65913653 1.13812804
    1.28291059 -0.726749301 0.683796823 0.598824978 0.00241875648
    1.59120274 0.663848817 0.838026941 0.0961904526 1.3121618
    -0.0160719156 -0.494765669 0.0530442595 0.421501696 1.68279481
    -0.79468447 0.566913664 0.290964186 0.239301443 1.44029498
    -0.721188366 0.0796788931 0.662863612 -0.237576246 0.60713011
    1.29195166 -0.364350885 1.27114367 0.679157138 -0.213908672
    -0.658728004 1.12319469 1.01527143 0.23611623 1.03374243
    -0.165261388 0.328803182 0.172006428 -0.664598703 1.63170719
    1.59157133 1.27684379 -0.290580213 -0.158998072 -0.39568457
    -0.642264605 0.897323787 0.220651865 -0.255367696 1.00848031
    -0.426887393 1.28862667 1.23678327 -0.819540203 0.570400834
    -0.632946253 1.18614697 1.55750847 0.654896855 -0.673552096
    1.75635922 0.00826770067 0.866293967 1.5428158 1.68407762 1.53474021
    0.25841248 -0.664009571 0.957427084 -0.39719218 0.788191617
    1.0993917 0.942369461 1.03709722 -0.453115702 0.033562243 1.57011819
    -0.245062649 -0.00731384754 -0.0631740689 -0.0182942748 0.254299402
    0.597551405 -0.803988278 0.382705629 0.490023851 -0.275410473
    0.339871645 0.315167427 -0.67173028 1.1750257 0.395577908
    -0.0280137062 0.218991578 0.290096402 -0.706350923 0.347626925
    1.28682566 -0.0430204868 0.237433672 1.68098295 0.694282353
    0.106068373 0.263454497 -0.241933525 -0.659209788 0.282996237
    1.22324336 0.636531353 1.60994101 -0.140271604 0.39927727 1.33213663
    1.76294708 0.375460744 0.335969508 0.144965947 -0.273406953
    0.265567541 -0.0723132491 0.00108289719 1.28214884 -0.407097399
    -0.302935898 1.51220489 1.47193599 0.0226899385 0.610510528
    0.831176341 -0.0149167776 1.32240748 1.55410981 0.838487387
    -0.774823129 0.474828541 -0.0134301782 1.3563112 0.911731899
    0.425218344 -0.146404386 1.32282186 1.64232445 0.417169333
    0.116371274 -0.781016409 -0.771949053 -0.641282082 1.61912954
    -0.347884268 0.78360492 0.0659253597 0.379767597 -0.685294986
    -0.150580466 0.999534845 1.14699423 0.775285244 1.38869643
    -0.259062231 1.64964354 -0.667489707 -0.104641676 0.160796583
    1.39728129 -0.258677959 0.0415347219 1.42088342 0.817725122
    -0.504919529 0.491417885 -0.142214239 0.544532657 1.25577712
    0.0547473431 0.641057611 1.89759159 0.295842052 1.76294887
    0.0140881538 -0.497820497 1.19625771 1.50904119 1.18963265
    -0.596161246 0.0974432826 1.01665545 1.28012311 -0.461708128
    0.563273907 1.55634785 0.272992313 1.69765532 -0.197410107
    -0.0748742819 0.971822262 1.6813786 -0.415200591 0.151272297
    -0.5209167 -0.374805361 -0.0532982945 1.66243696 1.56837249
    1.56456983 1.6980412 1.38013208 0.271301985 -0.00784277916
    -0.0972133875 0.899915993 -0.238110274 0.559331894 -0.26388973
    0.243624747 1.29787278 1.12906718 0.0212308168 0.228028715
    1.66726339 -0.625406146 0.21348083 -0.133154154 0.888549268
    -0.382767618 1.29355192 1.18882656 -0.188585222 1.33687091
    -0.547735572 -0.24525696 0.308549464 1.42909718 0.06044209
    1.42904115 0.730900288 1.47797084 1.65390825 -0.337718487
    -0.503593147 0.581008852 0.166148365 -0.491431206 1.74428558
    -0.374247193 0.912249804 -0.374294668 1.04790545 0.975035489
    -0.813121796 1.67436743 1.08228278 1.34708607 1.64296746
    0.0772902966 -0.0779425502 -0.65842104 1.24413109 0.635622919
    1.79315257 1.59924626 1.03824186 0.379039347 -0.141843498
    0.966712117 0.15347451 0.367228329 -0.755909383 1.75426865
    0.668119252 -0.848721147 1.22608733 -0.140201569 1.57637787
    0.685346723 0.732068062 1.2377162 1.59965634 0.161898375 1.6682626
    -0.627022922 1.05047178 -0.0643915534 -0.286402136 0.0874500871
    1.66343617 0.963962436 -0.375932932 0.837235689 -0.152999043
    1.4990859 -0.0484818816 1.09651291 1.80952621 1.01234722
    -0.658103108 1.04236603 0.586184978 0.369951427 0.477532506
    -0.459745944 1.75506616 -0.391756177 0.676030517 -0.300629139
    1.14842606 -0.359450191 1.46072912 1.60811603 0.727866054 1.42809069
    0.310044289 0.497390687 0.67233932 -0.60608387 1.45362616
    0.211824417 -0.437695354 1.11520743 -0.487114727 0.851353347
    0.125728488 0.50010258 1.62793231 1.63445318 0.646003306 0.682237506
    1.6119523 0.602084696 -0.598564982 0.285082757 0.252047837
    1.61810017 1.44592583 0.0209889412 -0.144632578 1.60436273
    0.823903859 -0.558086097 0.287707031 1.47336483 -0.552352905
    -0.138371885 1.6259563 1.42122436 0.39328444 -0.768316865 1.42593586
    1.54065156 0.263927042 1.6026094 -0.694245279 0.0159923434
    0.329111159 0.968058586 -0.282546759 1.61638749 0.747926533
    -0.0213496685 0.263034642 1.4701674 1.01591802 0.555397332
    1.36083746 1.3239907 0.780825377 -0.71863538 1.76559448 -0.751464903
    1.35776174 0.092335999 -0.237873077 1.59868717 0.251623034
    -0.354665935 1.7635231 1.06906104 0.597552538 0.949182034 1.56318212
    0.812978506 1.55262971 -0.395765513 0.448609769 0.560847759
    1.00924289 0.984834552 -0.494883895 -0.101357639 1.3827585
    1.17544055 -0.742165923 -0.554004729 0.152631342 0.661661625
    0.559124351 -0.562693417 0.466346323 1.3493824 -0.414063334
    0.139769077 1.60423303 1.62624645 -0.390700787 1.22837973
    0.964895725 0.522092104 0.0955263972 1.02675653 -0.264016628
    0.104442179 -0.527613044 0.306197762 0.359244108 0.638910711
    1.43513656 0.994490623 0.439703107 1.69435835 0.426748991 1.6977669
    0.790183365 1.30422103 -0.448194206 -0.211356282 0.770482779
    -0.583623946 1.73405933 -0.46514523 -0.197995782 -0.215656921
    1.69953907 -0.0579220057 0.84181571 1.28327656 -0.552956939
    0.185672045 0.549126089 -0.131334245 1.40048599 0.91273129
    0.176847816 1.23884821 -0.595202565 1.41227365 1.34463954 1.25009787
    0.511490881 -0.715162039 -0.500018299 0.665050983 0.885138929
    -0.659390092 0.513959467 0.372591734 -0.574229002 -0.551534295
    1.055722 1.64737308 -0.43616277 0.870132267 -0.160677016 0.077304244
    0.0587581396 0.652180433 0.818609238 -0.462468475 0.395262897
    1.41251707 -0.613710999 -0.651337028 0.774013519 0.0305434465
    -0.520656347 -0.468024075 -0.108263552 -0.0036033988 -0.380807728
    0.407638669 1.10188198 1.3792963 0.3693524 0.54144454 -0.674746871
    1.26145124 -0.118733287 1.15339017 -0.716375113 -0.298912495
    1.5396874 0.754786015 0.797409594 1.62661815 0.334639072 0.402985334
    -0.155251801 -0.409147471 -0.29048115 -0.455410451 0.155961156
    0.838754594 0.487641394 1.08078277 0.837557733 -0.402455628
    0.367401838 -0.801987171 0.232207537 0.721478522 0.985236645
    1.03886759 0.311789453 -0.238476574 1.51128936 -0.305107206
    0.894991457 0.600800395 -0.0157232285 0.328053534 0.230971098
    0.422733426 0.40601331 -0.724656403 0.061213553 1.31705332
    1.45270824 0.228273153 1.23974276 0.736263275 -0.140326738
    0.346010387 0.967943311 -0.703154802 1.5391686 0.94728601
    -0.116722107 0.327195585 0.844702184 -0.0754238367 1.01318526
    0.568368912 -0.124331117 -0.260771215 0.121383965 0.243611395
    0.534107864 0.364764452 1.77239084 0.637107074 -0.730441272
    1.47598886 0.467123806 0.166183531 -0.316967309 -0.29038462
    0.216341197 0.866356909 0.90816462 -0.198813677 -0.673024654
    1.70345032 -0.440902919 0.34852916 0.511799872 0.397067249
    1.56585765 0.578279197 0.156089365 0.731660903 0.881348073
    -0.69890511 1.09295154 0.0685915947 0.241355538 1.37046432 1.5406878
    1.55896533 -0.542688191 -0.657187104 0.923756361 0.325407982
    -0.792705536 -0.618262649 1.20623183 1.34122491 1.69551063
    1.11325312 1.40166926 0.656947196 0.895095766 1.50417066 0.624195874
    1.32667577 -0.0867522359 0.776502848 0.983131766 0.330617607
    0.485119581 1.35714149 0.419582963 0.535854042 0.184627175
    1.62958658 1.131634 1.52180338 1.7282356 0.788894296 -0.549345136
    0.175492764 -0.701561451 -0.0684440732 0.312950909 1.01410055
    -0.0571393371 1.03366256 0.191577017 0.360861897 0.724900484
    0.759910583 -0.0723013878 -0.70514977 0.508965969 0.300229549
    1.17708945 1.09397936 0.688020289 -0.0157036781 0.409920633
    -0.250904322 -0.00865590572 1.78263044 -0.178308129 -0.749815702
    0.0599687099 0.0419594049 0.568490386 0.539488971 0.678416252
    1.73847103 0.698074639 0.819521308 0.619727254 1.2328825 0.834383965
    -0.181905687 0.963723898 0.822487473 1.16384029 -0.573238432
    -0.431163877 -0.27088204 1.2509129 1.36093569 0.714150906
    0.339693129 -0.163519442 1.40995049 1.32888436 0.124041557
    -0.491386831 -0.592687607 -0.352948457 0.333369792 1.5243479
    1.04480016 1.09202039 -0.497537851 1.17941451 0.660171509 1.24991369
    1.16039598 0.536496401 0.277454555 1.70961523 -0.264295816
    0.660519123 -0.0651820898 -0.496602327 -0.512578487 1.676566
    0.555617034 1.66454804 0.287750602 1.23046911 1.18989658 0.329809129
    1.54132402 0.791128993 1.91102338 1.32938111 -0.0736659169
    -0.122662842 0.98774457 1.62225556 0.418292582 0.263410568
    1.67309082 -0.273903191 0.349732935 -0.556125164 0.97486037
    0.553978682 1.22209191 0.988521099 -0.271951437 0.462829947
    1.26808655 1.5653981 1.1267271 -0.0909370184 -0.407567412
    0.692196429 1.43299186 1.1706996 0.673202693 -0.303468704 1.00973701
    1.13281655 -0.647368789 -0.304242015 0.334527075 -0.478550345
    1.02948833 0.524399042 1.50922418 0.209005594 -0.488642454
    -0.468426764 1.03739345 0.535541236 1.02609372 0.826234043 1.7670567
    0.646132648 1.16007423 -0.182141006 1.37037587 -0.373807669
    0.256542385 0.201519966 0.677577853 0.482985258 -0.0380365252
    -0.707598686 -0.302304327 0.0998159051 1.09588957 1.59581709
    0.861115336 0.514268816 1.13381696 0.907072008 0.212634623
    0.24987936 -0.184331 0.363529265 0.912415326 0.991849482 0.961181521
    1.11163938 1.64367712 0.435779393 1.48697686 1.05105877 0.122329652
    0.330428898 -0.263452888 1.45950055 0.510800362 1.18392932
    0.698876977 1.14974499 -0.273744106 1.17348182 1.41312289
    -0.677276731 1.21864057 0.978565693 1.05151772 0.792420208
    1.66128778 0.824057519 0.897035658 1.70740676 0.0331918597
    0.0946609378 0.856930673 -0.241246283 0.207029998 0.605050445
    -0.226981997 1.67945528 0.853457928 -0.422324985 1.47440243
    -0.197901547 0.0653724074 0.716169059 1.18368411 1.07994771
    1.3725158 -0.662514865 1.5165534 0.243804991 0.817636728 0.544969797
    -0.734783947 -0.350492328 0.710579515 0.308263898 -0.385069877
    0.945515454 1.19346595 1.06152916 0.906317949 0.00452667475
    0.432800293 -0.675088704 -0.450165302 0.548795938 1.65376711
    1.02260077 1.55401146 1.31726336 0.264462054 0.782049239
    -0.682246864 1.56150198 0.930548966 -0.80423069 0.411876082
    1.38286591 0.579454184 -0.163589239 0.565483332 -0.754292309
    -0.404784232 0.850646317 1.06452894 1.21040368 0.472387254
    0.21203059 1.00419283 -0.231620848 -0.36667791 1.22821593 -0.5768345
    0.205127954 1.66638911 0.463360906 0.100310743 -0.635477781
    -0.218074083 0.24840337 1.67738688 1.40343332 0.73332417
    -0.113035321 -0.154819906 1.20328152 -0.47029835 1.53626549
    1.01999116 -0.2959975 -0.683643818 0.187036216 0.502929509
    -0.501304746 1.19386315 0.270586014 0.917281389 -0.331369668
    0.722363174 0.839755833 1.00081944 1.32659793 0.846437156
    -0.392726839 -0.753046811 -0.123737514 1.67187905 1.37707686
    1.11832523 1.7941215 0.0875437856 0.811302662 1.36777067
    -0.470630616 0.291302085 -0.290015846 0.808942974 0.521860957
    1.33040118 -0.331509173 -0.159485996 -0.672000587 1.04328752
    -0.496659905 0.947738945 0.284328818 1.09515381 1.30085289 1.6793983
    -0.623514533 1.30405211 -0.621017992 -0.718075633 0.647100806
    0.426098704 -0.229298055 1.06968129 0.421471298 0.0302333832
    1.32708168 -0.658859015 -0.490740001 1.74107027 0.500307977
    0.329117239 1.64019394 -0.791168571 -0.295790255 -0.502052784
    1.19709635 0.328857124 0.563017547 1.66578197 0.845708609 0.650518
    1.48140001 -0.685240924 1.23207521 -0.183343232 0.923728645
    0.142383337 1.3411746 1.47923398 0.355035722 1.84177959 1.25837159
    0.385854304 -0.0743937194 1.37147403 1.50692403 -0.142552525
    0.624629438 0.019454062 0.347313344 0.00768351555 1.03900659
    0.590361297 0.280586481 0.411726832 1.14188147 0.886233568
    0.590371013 1.47189546 0.152861834 -0.134988427 -0.315718114
    -0.28918618 -0.744360089 1.66688585 1.57696569 0.11377275 1.67194355
    -0.119875431 1.34682441 1.10277832 0.857571959 -0.419002891
    0.413584292 0.478325248 0.388926148 -0.474589974 -0.719770133
    0.203674674 0.80411166 0.759316385 0.655653536 1.69537199
    -0.493814766 0.595250428 0.631023586 -0.461967051 -0.376292974
    -0.50175643 1.36603189 1.67865014 1.19245458 1.47319627 -0.205967367
    -0.322371811 0.656183839 1.5953114 -0.526498199 -0.400014043
    0.980431139 1.82806349 1.5415535 0.356256247 1.33658683 0.507832885
    -0.509984255 0.628516674 1.60236979 -0.0068461895 -0.410149038
    0.527757287 1.71707273 0.531853378 1.17093027 1.7361486 1.3996582
    -0.250941515 1.43678188 -0.00763785839 -0.222442567 1.31607223
    -0.31478554 1.4615767 -0.551486731 1.50023437 -0.622479141
    -0.596463621 -0.0928786993 1.75535738 1.64043689 1.4688189
    -0.354821265 1.01079869 0.591938972 -0.383376896 0.75465256
    -0.767266095 -0.776108444 0.611459494 1.28080356 1.68285489
    1.03397632 1.12024355 -0.686198831 -0.0216469169 -0.511843085
    1.51650083 0.931516469 0.44458288 0.479894817 1.24172592
    -0.775808513 -0.640402138 0.417753279 -0.738931894 -0.0304749608
    1.66142905 1.0004735 1.6479671 1.68469739 0.81902355 0.0535756946
    0.997599304 0.391814291 1.32026291 -0.251023173 1.59490359
    0.782562971 -0.275311053 0.824481368 0.441635191 0.710650742
    1.61094141 1.3577646 1.43930984 -0.249765098 -0.689604759
    -0.300771713 -0.234883308 1.52098072 -0.617923737 0.418713689
    1.52373827 0.517923951 -0.541401029 0.789633632 1.00906956
    0.638917863 0.327210069 1.65478396 -0.0628544092 1.08847356
    0.318042278 -0.580289125 0.994969606 0.68395251 0.357456148
    0.36532402 -0.780477583 -0.294699967 -0.52099371 1.60472703
    0.692476988 1.11915708 1.67989445 -0.379301906 0.608851671
    1.05088568 0.688910902 1.34195185 1.58028948 0.73833704 0.692642212
    0.322743773 0.738764167 -0.163791418 -0.728498697 -0.504112303
    0.848507106 0.360018194 -0.00538790226 1.25655508 0.234719872
    1.7970078 -0.431748867 0.650532782 1.56143689 -0.470932841
    0.874936998 -0.148934782 -0.292370617 1.5542959 1.36099327
    -0.0507938266 0.937832236 -0.831998706 1.63986361 -0.806099474
    0.377479315 0.560397029 -0.768462956 -0.726096451 -0.346741945
    0.162206292 0.349078834 -0.581164241 0.867238402 1.51258647
    1.11576355 -0.351451218 0.0364612341 0.219308734 1.23206186
    -0.646348 0.240810931 -0.234661818 -0.73699075 1.20603085
    0.557715893 -0.23052907 1.36006093 0.24456054 1.3579216 1.04282737
    0.598603189 -0.202128232 1.35724378 0.236559749 0.554899037
    0.733008742 -0.151229501 1.16237736 -0.438430756 0.913481474
    1.59688902 0.10983187 0.346535325 -0.112953484 1.41596079
    0.530887604 1.15974641 0.726097763 1.07319105 -0.328405082
    0.919465303 -0.310835063 1.09448314 1.54828703 1.70592523
    -0.607894421 0.532707691 -0.44248113 -0.327657461 1.30385637
    1.0900563 1.5505259 0.15107578 0.358216405 1.45901036 0.927713275
    1.50167704 -0.294738948 1.52967715 1.67494607 1.55238104 -0.57720691
    0.540867805 -0.448915511 0.221979797 0.278456628 1.65492511
    -0.522631407 1.29103589 0.455603302 1.24905944 -0.548784912
    1.07431316 0.502326488 0.821365952 0.349944353 0.345144808
    0.0048828721 -0.0132764578 -0.260354221 0.0705036521 0.861792326
    1.42738867 -0.649332225 -0.512441635 1.07731271 0.508760631
    -0.50554502 1.69626045 1.29791784 0.361740768 1.59916544 0.286534607
    0.236837924 -0.657727361 0.00130629539 1.0197891 -0.0232610703
    -0.3602027 0.560281932 1.148561 1.46022725 1.46575141 -0.406886309
    1.77109122 0.440822601 -0.07932657 -0.6040833 0.642493188
    -0.516908884 -0.434193045 0.72529155 0.559675992 0.565687954
    0.333393872 1.43810129 0.0420246124 -0.379638344 1.71562397
    1.16848588 1.45586109 1.10650992 1.03336406 0.728816032 -0.800570607
    0.38435477 1.45357621 -0.0344649553 -0.583892465 -0.631394863
    1.28816044 0.21325022 0.344424605 1.49157608 0.426434875 1.59366965
    0.529322684 1.06708598 0.136214316 0.205898106 0.746120512
    -0.374651402 1.67218566 -0.207974195 -0.734636009 1.69598389
    -0.639695168 1.05107784 -0.152908623 1.454445 0.211739361 1.30652833
    0.910220921 0.59271884 0.602114379 1.66142321 0.304959416
    -0.213126719 -0.317061841 0.146784544 1.00506282 -0.26719445
    -0.0903584361 0.884743989 0.659482777 0.898231506 -0.765664876
    1.71520817 -0.25563252 1.40258527 -0.315179884 1.25474739 1.51922226
    0.285732269 1.05986428 -0.568027616 -0.30460012 -0.203651369
    1.43706143 -0.227981925 -0.61436975 0.221922219 1.20585442
    0.192203104 0.24188751 1.16878986 1.37569523 1.20486653 1.51594496
    1.61189771 -0.232268155 0.505707026 1.68499589 -0.66139853
    -0.0330067277 1.53918314 -0.575561881 -0.705379426 -0.385281444
    1.24105382 0.485835552 1.10857022 -0.185796738 0.967957079
    0.71556741 0.570345461 1.09418929 -0.708557785 1.44133568 0.42023617
    1.41429472 0.0443932414 1.45918202 -0.438661993 0.400924206
    0.393414259 0.0687716603 0.0738447905 0.212611794 1.35276973
    -0.700307965 -0.774729431 -0.242997468 -0.164884269 1.39749336
    0.524632394 0.746367037 1.71485829 -0.496178746 0.851189792
    -0.559249282 1.63940549 -0.0100921988 0.902634799 0.188863277
    1.63952839 0.949582458 -0.207007468 -0.203021407 -0.0323123336
    0.121310651 1.62098789 1.49714172 1.06792331 -0.409766972
    0.701977015 0.371788144 1.36769414 1.407655 0.266037047 -0.257190406
    1.71646237 1.15077758 0.422047794 0.728603363 0.438924968
    0.0517938733 1.13074303 0.977293432 -0.455358237 1.23612285
    1.64621949 0.240658641 0.0286764503 0.105759025 0.111684203
    1.15975332 1.20925689 -0.56049782 1.10784197 0.233988166 0.039031446
    1.10300207 0.183270276 0.240833044 1.63764989 -0.246165216
    0.175942481 -0.619999707 -0.45372504 1.78127229 0.363976419
    1.49805439 1.34060526 1.26442897 -0.474941373 1.67815614 0.81634748
    0.479086995 1.7029767 1.3711729 0.507306635 0.0270931125 0.787662506
    -0.804732144 0.998844981 1.66577232 -0.071561873 0.919538677
    1.16700959 0.417189777 0.468983054 0.596221805 -0.0335524082
    1.36785495 1.06234622 0.182477117 -0.723430753 -0.638720036
    0.612006426 0.232036233 0.688590646 -0.321587592 -0.285756141
    0.951486409 -0.0842145681 0.739567101 -0.317263573 -0.20972389
    -0.61616385 0.684276104 0.971482515 0.127288461 -0.553915381
    -0.251444042 0.256590307 -0.558047891 0.731533766 0.12163049
    0.595485568 0.819157541 -0.688870311 0.0519073606 0.103669405
    1.26773262 0.777018785 -0.361789137 -0.588890672 -0.0113815665
    -0.51213491 0.270628273 0.654680729 -0.00321280956 -0.013102293
    1.0811336 1.2692467 -0.346473455 0.956932724 1.18838143 -0.454647541
    0.624845028 0.503856361 0.324612796 1.2151233 0.767732978 1.87629879
    0.0561738014 -0.460274577 0.226988614 -0.394314378 1.02868295
    0.261226118 0.095618844 0.868153036 1.24222565 1.84738481
    0.755915821 1.71101093 -0.442330569 0.0316289067 0.470995963
    -0.594534516 -0.0295726657 -0.406192303 -0.0262933373 -0.464770496
    0.844196022 1.18751359 1.34731543 -0.139463484 1.27899039
    0.432017922 1.08714986 -0.569667339 -0.694660783 1.09427524 1.124722
    0.766018629 1.31536222 1.36288953 1.28009033 0.627474725
    0.0977916718 0.781929553 1.38284898 0.233804822 -0.540772676
    0.310897827 0.810277939 -0.0562873483 -0.635479212 0.427416921
    1.54511404 1.62321818 -0.683504701 0.501657248 -0.52636826
    0.18549329 1.35658503 1.4065938 1.06485164 0.0517989993 0.310919523
    -0.211077511 -0.736513376 1.7553761 0.780777991 0.864982069
    1.24754167 1.31299162 1.68398023 0.533989787 0.891127527
    -0.403852135 0.465469539 -0.664916396 0.109572947 1.295223
    0.684563637 0.587382853 1.41061473 0.682469487 1.16947031
    0.104957461 1.08733094 0.757234573 0.295930803 -0.404888242
    1.09048486 1.20096087 -0.495123714 0.0300989747 0.0371075273
    1.34290171 0.896134973 0.183746934 0.977962613 0.896706164
    0.467745066 1.10928285 0.983133137 0.618390143 0.232864738
    0.424228132 0.757116139 1.50932992 -0.476729035 0.131828368
    0.754198849 0.633813024 1.05109143 1.36399484 0.673149765
    0.542739153 1.49118233 -0.489306957 -0.61441046 1.00716901
    0.440992415 -0.518768549 0.989354372 1.39277577 -0.825168252
    0.570104837 0.47513026 1.6461693 1.47333252 1.61138272 0.884826839
    1.68135881 1.69935524 0.838511884 -0.472288638 -0.558450818
    -0.61428678 1.04717708 -0.365669936 -0.148798227 0.231810868
    -0.374976516 0.617186725 1.64704442 0.107121944 0.296497405
    1.11665833 0.779505372 -0.13326782 0.748959363 -0.0170360804
    1.23267722 1.50854778 1.671556 1.29274273 0.819984436 1.43548965
    1.22046232 -0.762234747 1.75541353 -0.364668995 1.14976931
    -0.0436986089 1.75555289 -0.36807695 1.75844502 0.267163455
    1.77313352 0.510565162 -0.69608587 -0.152531266 0.558883905
    1.53764462 1.02078223 0.424495161 -0.397456586 -0.563003957
    -0.45112434 0.581350625 0.869081616 -0.569405854 0.553579032
    0.0656941533 -0.00781983137 1.58069193 0.975374162 0.913408756
    -0.508550525 0.405004203 1.56197596 0.526602209 -0.292335331
    1.42361128 1.73821163 0.797846019 1.5517875 -0.671593249 1.28485167
    0.289019346 -0.0095410943 0.859443545 0.561131537 0.987838984
    0.149522662 0.711194754 -0.714839458 -0.742817461 0.241540372
    0.609043121 1.70974028 -0.131846607 -0.393354207 1.23995399
    0.603072584 1.17515922 -0.474120319 0.166565657 1.60733438
    -0.211546451 0.758194268 -0.0530015826 -0.366950184 1.02510071
    1.03217566 1.53960752 0.254163325 0.864969671 -0.309761465 1.3868345
    1.76827073 -0.614147842 0.571253121 -0.494353503 0.0905595422
    1.42755401 -0.0656820536 0.062004149 1.26886022 1.53636515
    0.165103197 0.771022022 1.19242632 1.13997829 0.0506275892
    1.15959358 -0.0930574536 0.401941359 1.13923645 1.4276545
    -0.493329674 1.52065802 -0.243478239 -0.0713356137 0.560403049
    1.25117111 1.30531883 1.70753264 0.801458895 1.24502313 0.850126982
    0.373159111 1.78476536 -0.582923889 0.682842195 -0.479616165
    -0.667970955 1.15215516 0.295924783 1.01948643 1.4770782
    0.0439441204 -0.713671446 -0.468537807 -0.453522652 -0.44525519
    -0.391452014 -0.303385764 1.04314816 -0.26759541 -0.629132926
    0.545334399 -0.103584707 -0.00557070971 -0.217410982 1.28644824
    0.487455487 -0.583202481 0.678125381 0.230487525 0.393604398
    -0.527403176 1.40724194 -0.427603096 0.680795074 -0.0710362792
    1.70665681 0.446987033 0.301246822 -0.0753397346 -0.813367784
    0.254581034 0.0772843361 0.171276867 0.0201374888 0.859069526
    0.584589958 0.0845379233 1.24476409 1.08438659 -0.405934513
    0.904273689 0.899974942 1.67434335 0.615333378 -0.780021846
    -0.504955292 0.741933048 1.43931818 0.644340694 -0.185278714
    1.43340707 -0.221493304 1.55152535 0.526577652 -0.715360641
    1.66265452 1.53801608 1.25858283 0.684254289 0.341410637
    -0.251563668 1.34799957 -0.0731909275 -0.667288482 1.15299249
    1.19184446 0.300787389 -0.00467032194 1.52663898 0.530380547
    -0.216448843 0.935359299 0.360217214 1.32034826 -0.259547949
    -0.170248151 -0.654594898 0.796964765 1.76114988 -0.556663513
    0.66259408 0.0603625774 1.40806437 -0.061178267 0.969224632
    -0.570560932 1.50363314 0.950525701 0.832497835 1.39486146
    1.04578471 1.00168669 0.214005113 1.34474623 0.174589396
    -0.381696433 1.34696436 0.230484247 1.08809543 -0.731081247
    -0.571722865 0.0646257401 1.49236894 -0.608699083 -0.151121318
    0.677506685 1.64872122 1.22327185 0.349369645 -0.547345519
    -0.190762162 -0.155207813 0.689215362 1.24745226 -0.84534204
    1.12581837 0.506323218 1.08471131 -0.00664299726 0.83103019
    0.913494706 -0.356334716 -0.31769377 1.68745303 1.75898457
    0.184675395 -0.0532311797 -0.353629023 0.400758207 1.60175848
    0.146233141 0.461023808 0.937883496 -0.534602284 -0.461570114
    1.36018944 -0.365516305 -0.408307135 0.409772635 1.5005089
    -0.523085117 0.72708869 -0.0220649242 1.04552341 0.406761527
    0.471715629 1.11892843 -0.70004648 1.57864904 -0.61883527
    -0.511709809 1.48052573 0.940451443 1.49980056 0.151291251
    0.838297665 -0.637129128 0.706421316 0.224115252 0.711847365
    -0.166980624 -0.483974278 0.0201994777 -0.24254477 -0.261080831
    -0.0280023813 -0.136487186 -0.394150138 -0.608499944 0.520500958
    -0.244367331 -0.292286009 0.210798562 1.42103219 -0.325329095
    1.6596179 0.0212863684 -0.128139853 0.871394694 1.09091115
    0.239884138 0.897803783 0.0270476341 0.821982265 1.40643823
    1.57982635 0.318105757 -0.584958673 0.104373157 1.78270042
    0.0736041665 0.374639928 -0.0249287486 0.355670989 -0.695652604
    -0.6146065 0.246449411 0.845616996 -0.384014577 -0.232867897
    -0.00405949354 0.523143411 1.29119003 0.376256108 0.796585143
    0.409893095 1.88083005 2.12140226 0.612230003 1.60138941 1.47208881
    1.29964626 -0.00960862637 0.586334586 -0.509809971 0.832645178
    1.47964823 -0.454113573 -0.740730166 1.22467363 0.469902635
    1.64710009 0.745288789 -0.163334668 -0.447967678 1.34418726
    0.188590407 -0.33959347 0.435095847 -0.317854404 0.173387527
    0.125191391 0.252876818 1.72232854 1.64613533 0.684872508
    0.284317017 1.20789433 0.999393046 -0.729323983 1.4438169 0.53918916
    -0.579077542 -0.24201268 1.5966928 -0.515512824 -0.431263894
    -0.0565596223 -0.617258489 -0.0406145453 -0.280894667 0.904625833
    0.0171831846 1.43437767 0.329969168 0.512843966 1.08138716
    1.31215239 0.0590007901 0.332167327 1.00838125 -0.577700078
    0.620967627 1.07222581 1.06060469 0.205367923 -0.0118588805
    0.614326775 0.0345154405 -0.218666017 0.771889508 1.26908803
    0.454634905 1.32303083 1.46655393 1.46715808 0.989641607 0.779355347
    1.19466484 -0.385175169 1.43897617 1.45580983 0.31472981 0.959749162
    1.29173112 -0.711194158 1.61188507 0.0810439587 -0.65577215
    0.814005733 0.666628957 -0.000708520412 1.06290841 0.394488633
    -0.416110069 1.08109903 1.64984298 -0.0063354373 0.406618893
    0.00799822807 0.442163646 0.684176564 -0.645681679 -0.199335635
    0.428927183 -0.535887718 0.585850775 1.68865585 -0.13026154
    -0.0676265359 -0.174031258 0.0995476842 1.38585305 -0.129094005
    1.5982213 -0.129918635 0.752470672 1.50369239 1.04752195 1.13880455
    0.0295370817 0.726428866 -0.711644351 0.370864749 -0.7014938
    -0.136417091 -0.468764573 -0.445672095 0.941049039 0.508739173
    0.273663938 -0.467220247 0.31147486 0.408471286 1.10301161
    1.60911703 -0.792206049 -0.766147435 0.968571424 1.69567108
    -0.787240446 -0.758551717 0.965700448 -0.224966645 -0.388706148
    -0.676774919 1.17372131 0.158127606 1.0045135 0.473503649 1.08449244
    1.10594201 1.10750628 0.489362121 -0.775310993 1.52946591
    -0.299545527 0.866559446 1.20785999 1.61992049 1.48956227 1.26899314
    0.624594152 1.04341626 0.0338835716 0.770076275 -0.614583373
    0.296876371 1.65254831 -0.383359402 0.313244462 1.39994729
    0.186543107 1.24379945 -0.00962245464 -0.345597863 0.461263239
    1.33630979 1.72648096 -0.292602688 0.109823883 0.305106401
    0.380956054 -0.390458375 1.74526715 0.844332159 0.487591505
    0.588040411 0.702193677 -0.602029324 -0.157884538 -0.737061143
    0.396379471 1.74961472 1.45828843 1.17003822 0.0543437004
    0.608591318 -0.533197522 1.00615549 -0.284392416 -0.642253757
    -0.0449749231 0.83796221 0.947573125 0.742501318 1.33087635
    1.06481767 0.463501513 0.581198692 -0.335336953 1.77871132
    -0.618026078 0.0190812349 1.77731085 0.0521524549 1.40008509
    -0.269433558 1.58061814 1.69085264 0.885647237 1.30391407 1.8163079
    -0.303950697 0.260601759 -0.0470690131 -0.631432295 0.86870116
    0.415694177 1.50573266 0.139968932 -0.562158942 0.251983881
    0.825636625 -0.571363211 0.176814556 -0.189109504 0.327744126
    -0.0906381011 -0.663500309 -0.0506500006 0.472812891 0.292999387
    1.77563167 1.40139723 0.820186615 -0.0277351141 0.549225569
    -0.712351441 1.26189733 -0.388347626 1.57455683 0.759672105
    1.32971597 1.07078052 0.639338851 -0.165476918 1.58914387
    0.750336111 0.213414729 0.957454085 -0.214855731 1.21161783
    0.770400882 0.341215611 -0.102667868 -0.283115059 0.257486999
    1.4697454 1.1119746 1.36067677 1.5186497 0.554828703 -0.664764702
    0.387122929 0.770132363 -0.108258426 -0.590329766 1.76266301
    0.100310326 -0.675433874 1.12943518 -0.642150164 0.958179891
    0.580327809 1.49545145 1.48919082 -0.276693195 0.890923083
    1.18027949 0.44869715 1.57493997 0.208179355 0.17037493 0.703260481
    0.356023669 0.877041221 1.71401167 1.17576694 1.36097169 0.447771788
    1.80697262 -0.415696412 -0.532117724 -0.00855910778 1.67430854
    -0.221282303 -0.469499379 0.0367068648 0.298043191 -0.0377498269
    1.61179972 -0.553048491 1.84010935 0.201645792 1.67438447 0.67949152
    -0.328833312 -0.532203913 1.48979497 -0.289485544 1.00037456
    1.66004574 0.136867046 -0.715107679 -0.224604964 -0.545820892
    0.973471999 -0.0871773958 1.54012775 0.553025723 0.0787330866
    0.975145459 0.766130567 0.056963861 0.933992982 1.66200566
    0.502050817 0.906939685 -0.669104338 1.70238853 0.5440889
    0.866683006 1.56838036 -0.701147079 0.0984557271 -0.663144171
    1.80044687 0.407527685 1.76419985 0.00176221132 0.483316064
    1.26214266 -0.668285072 -0.320965081 -0.204222202 0.30214709
    0.122703135 1.47735476 -0.605613768 -0.263131738 1.04029965
    0.834906876 0.378122687 1.12696719 0.111387968 0.0310915112
    0.809111118 0.234444141 -0.523416638 0.900995553 -0.277217448
    0.922651172 0.0866311789 1.23467863 0.0963520408 0.0374544263
    -0.77551055 0.322612882 0.786404312 1.75998378 0.963449121
    1.40544987 0.26807183 -0.567584634 1.59951937 -0.563337564
    0.931331635 0.379992664 1.24852681 1.49996614 0.172678351
    -0.677749574 -0.598987222 0.624399245 1.01108706 -0.294052482
    -0.299344659 -0.256048262 -0.714651048 -0.186300695 0.252878547
    0.763076186 1.09947968 0.609119356 0.919156671 0.370672643
    1.63646936 -0.575555563 -0.710703313 0.49091953 0.308518589
    1.75819445 0.300744712 0.555597544 -0.0906510353 0.624568701
    1.35121155 1.01711249 0.517776847 1.2026422 -0.38374275 0.813971341
    -0.53665185 -0.285434306 1.32215369 0.6668064 1.45204401
    0.0419821143 0.114666522 0.202320516 1.5991801 0.544127107
    1.68765974 1.78475523 1.43511891 1.48242688 -0.765313387
    0.0276825428 0.904274285 0.644139111 1.33628535 -0.154893637
    1.08603168 0.325502276 0.544023633 -0.320871621 1.67319107
    -0.28587234 0.196537614 1.10026777 -0.355626434 1.57412136
    -0.48207286 -0.212266862 -0.395319581 0.977851987 -0.150544584
    -0.579023123 0.58836931 0.000957846642 1.00085807 -0.683604479
    0.320033789 1.1052804 1.18256688 0.529445887 0.96966064 0.545375049
    1.27635515 -0.538459778 1.68081427 1.31464982 0.888036489
    -0.432193637 1.51277816 1.43803406 0.483469903 -0.710699201
    -0.639493704 1.23998761 0.42490381 -0.416771889 1.57321537
    0.507223725 1.43904793 0.504226446 0.468750775 0.152358115
    -0.659546852 1.80589771 -0.25422132 1.23602581 -0.29854542
    -0.57505703 0.0828319192 0.524275541 1.48273993 -0.246146947
    0.717847526 1.01248431 1.16954005 -0.675948799 0.539850414
    -0.400245428 0.742645979 1.11295056 1.00783408 -0.102399647
    1.43286955 1.28717816 -0.731030941 0.896183014 0.19591552 1.10330868
    -0.301741213 0.238290608 -0.322998434 -0.180770859 1.48563564
    1.31112146 -0.0833428502 0.849096775 1.51309085 -0.217868507
    0.450770736 1.16432762 1.03405476 -0.236509144 1.64044452
    0.917017758 -0.0386673808 0.370302022 1.07897997 0.656540036
    1.40067458 -0.371775627 0.884379983 0.757657647 0.549714625
    -0.709001958 -0.593786716 0.428661644 1.64736795 0.271949053
    0.187166035 1.01487613 0.747307777 1.29342675 1.34605289
    -0.346811116 1.60205364 0.0953268409 0.632302642 -0.372495264
    -0.0604101419 -0.0688171387 1.69587851 -0.578634024 0.225114942
    1.63819063 -0.171375155 1.27676094 -0.341680706 1.16769147
    1.13862884 0.440636754 -0.585786402 -0.0370295644 -0.562082231
    -0.550359249 -0.429389834 0.500319004 -0.378478229 -0.135567963
    0.754375756 -0.00101935863 0.809731543 -0.668156207 0.143378615
    0.353245795 1.61981845 1.7289207 -0.532332599 -0.384574413
    0.0547860265 1.03982091 0.714519799 -0.115538895 0.98525995
    -0.62387073 1.54461837 -0.572664738 -0.53054595 -0.0669344664
    -0.608034909 0.966164708 1.28164923 1.60042763 -0.746409297
    -0.0505293012 0.0586045384 -0.381689608 -0.412365556 1.4495039
    -0.139740944 -0.47937578 -0.622618675 1.46060407 -0.682752788
    0.0606709719 1.0064168 1.73647594 1.21471477 1.66546249 1.25573063
    1.14062655 -0.0107852221 -0.476855874 -0.246806204 0.955076098
    0.969440758 -0.298919499 1.46299493 -0.0625284314 -0.425185144
    0.264436901 0.584065616 1.29943633 1.20465362 0.498421907 0.6771999
    0.5998739 0.218022048 0.60183239 0.362773597 -0.551099062
    0.0630856752 -0.747904599 -0.314091593 -0.7425915 0.722668529
    0.924597383 -0.355356455 1.78207433 0.580891848 0.843905509
    1.58677554 1.28584731 1.09842205 0.860603154 1.72324467 0.554587126
    -0.210052431 1.72494078 0.735795259 -0.712585211 1.34608388
    1.22084117 1.36067128 -0.757264495 -0.693398237 -0.614024401
    0.22475481 1.73526216 0.589417636 -0.136897922 -0.272877783
    0.423867166 -0.618639231 0.30031085 -0.31890142 1.29741395
    1.07414103 0.762933135 0.31695801 -0.333398521 0.369016051
    0.395040631 1.64351439 1.59748745 0.227871239 1.37158108 1.50006568
    -0.347734034 -0.690918624 1.12631369 0.354182482 -0.262960374
    0.0926994085 1.23589718 1.46331191 -0.22832942 0.987631857
    -0.309625894 0.432631671 0.426247239 1.27175188 0.483498514
    1.49190056 0.0236889124 -0.669018805 0.917098045 0.427835941
    -0.650216103 0.554369569 0.36383599 0.372567117 -0.406448632
    1.53408575 0.736072481 0.473774791 1.73039055 0.711901307
    -0.0923750997 -0.0216433406 1.59183121 -0.145964205 1.05438709
    -0.661387801 -0.66435945 0.567792773 -0.0474234223 -0.0971657634
    1.00230157 1.30354774 -0.0987891555 -0.783057094 1.32132304
    0.337470412 -0.274690807 1.08324957 -0.0351274014 1.55767858
    1.37445104 -0.122522771 -0.19206208 0.0626193285 -0.73966527
    0.724314392 0.702940345 0.0120085478 1.33462024 -0.203970134
    1.14843285 1.57322824 -0.00994902849 1.17278004 -0.18604672
    -0.542128146 0.74348557 1.64612865 -0.655815721 -0.320758671
    1.05942881 0.837073624 -0.118314981 1.57671094 -0.0781615973
    0.272567391 0.528665543 1.67365956 0.0108214617 1.47241569
    0.683801711 0.880038381 0.78089112 0.712575734 -0.250585079
    1.28510928 0.871407926 -0.068718195 0.303221464 -0.371543527
    0.391016781 -0.0566554964 -0.288355291 1.57664776 -0.131272912
    -0.404670835 -0.479485989 0.357690215 0.812762797 -0.247914433
    0.209369242 1.68609548 1.31175995 1.37603235 1.620713 0.319227397
    0.933745027 0.186807811 0.309403539 -0.368061006 1.5004164
    -0.247735441 -0.511446059 -0.399879277 0.732454062 0.852739692
    1.5218575 0.558398843 -0.677294552 1.65943861 -0.308390021
    0.109055459 0.412310779 0.424316168 -0.0247783661 0.231456399
    0.872269332 0.0163139105 1.82522798 0.191479921 0.211528718
    -0.0730506778 1.18775737 0.334417999 -0.468418062 1.02790308
    0.138677537 1.09003639 -0.0188602805 1.44731748 1.736202 0.839336276
    1.80770588 1.4855392 1.04804945 -0.652113974 0.0905862451
    -0.00500762463 0.100100756 0.883262157 0.411698818 1.13314235
    1.1760366 -0.000791370869 0.561361015 0.873943925 0.101228476
    0.090687871 -0.0535027385 1.03692818 0.822944164 -0.436670989
    1.20155418 -0.181928217 1.33912194 -0.484150469 0.93996191
    -0.46712625 0.738716722 1.68052316 -0.542641461 0.853760421
    -0.431244254 1.70610666 1.38168836 -0.154934764 -0.344229162
    -0.312840194 1.02021599 0.259140074 -0.15539974 1.12440836
    0.545863211 1.13661814 0.450973809 1.63088906 1.14899635 0.461823344
    -0.524864793 1.26454508 1.81528974 -0.429127008 0.431348979
    1.01945424 -0.163021147 0.803658307 1.69808817 1.67176557 1.29766285
    0.985502005 0.859315574 1.57055533 0.500836134 -0.786579251
    1.57774043 0.535233974 1.74690962 0.063709259 0.621771932
    0.817103505 -0.7682271 1.79436684 -0.0468969941 0.737475634
    0.655841172 0.751476765 0.457351148 0.316347897 0.0131780505
    1.5906477 0.982450128 0.191758573 1.14998126 0.920680106 0.156263292
    1.19351351 1.05621862 0.612628281 -0.398669153 1.00883114
    0.693282664 0.519506276 1.35887861 0.467479825 0.37856096
    -0.662471414 1.33216834 -0.0903922319 0.146485984 -0.333502233
    0.258279204 -0.120456576 1.26999474 -0.00500869751 -0.487667084
    0.234759212 0.0687304735 0.676758528 0.913505554 0.551837444
    1.25854588 0.620615959 -0.598697424 1.47319078 -0.0881091952
    0.835367262 0.184308052 0.111023426 0.263113678 -0.66267705
    -0.312402934 0.868430614 0.870546639 0.127748907 -0.537053347
    0.778461218 -0.499593705 -0.734484553 1.07992625 0.968127131
    1.09492373 0.942757845 1.66477966 1.36796427 -0.549449682
    0.520871758 -0.578273416 -0.0152650476 0.84836638 0.87139535
    -0.136380732 1.1950947 0.239924252 0.484443009 1.31140018 1.47368252
    0.432743907 1.26970196 1.7919538 -0.595166445 1.58797956 1.56240869
    -0.551123619 1.10078406 0.453954458 0.898249269 -0.227177918
    1.58077908 0.0113838315 -0.0843834281 1.6868906 0.944106519
    1.0022018 -0.514360726 0.193251371 0.845358431 -0.0161390901
    1.53374076 0.753307939 0.477368414 -0.217304766 -0.655187607
    0.863364637 0.68757987 1.14500117 -0.412191361 1.12039876
    0.198814213 -0.1330809 1.62663782 -0.600413203 0.535868645
    -0.47352922 0.985369563 -0.250379562 0.697805941 0.00996983051
    -0.57134068 -0.254233658 -0.162230492 -0.0545449257 0.933031082
    0.204325497 -0.714229286 0.728172779 0.489761114 0.694401383
    -0.351909429 1.41513371 0.353220999 0.288544655 1.29696953
    0.0138715506 1.51639318 1.49960303 0.541224778 0.909619093 1.9592104
    1.23951411 1.76668882 0.394223869 1.44438112 -0.701112688 1.70777464
    0.210941434 -0.363978684 0.363423645 0.117822528 1.246593
    -0.777194679 -0.0713415742 -0.00679183006 0.512105942 1.30267072
    1.36561012 1.81885171 1.69935584 0.805435836 0.459954798 1.70945501
    1.28826451 0.598190427 -0.134377837 -0.109379351 0.696024597
    0.678376555 0.674414992 0.921487212 0.897993326 0.0984487534
    1.64680052 1.30242956 -0.676419795 1.29929376 -0.136336327
    -0.507254183 1.5070883 0.993201256 -0.465629578 0.75392288
    1.22221112 1.67079532 1.05932879 -0.124556839 1.16339731
    -0.450030863 -0.139414728 -0.355168909 1.46825027 1.40743244
    1.66845036 0.901708364 -0.138195872 0.275960565 0.835053384
    0.695510983 1.44446731 -0.397568971 1.30183983 0.598064959
    1.34658456 -0.223052859 0.270575762 1.74450016 -0.224776983
    0.398130655 -0.538503647 -0.63648057 1.22454214 1.55161881
    0.330799103 1.02170336 1.04146051 0.622161329 1.08529472 -0.59133774
    -0.0552251339 0.958658516 1.46632695 -0.315787226 1.33460236
    -0.641157627 0.944787085 0.285493374 -0.171019554 1.81704068
    -0.151253819 0.650649667 1.1124115 0.26949048 -0.479889482
    -0.695437908 1.56399035 -0.776436567 -0.192711651 -0.429833114
    -0.365148187 -0.461136401 1.35433102 0.454950571 0.00145024061
    1.59962225 0.177290678 -0.253997147 0.366711199 -0.12623775
    1.15959799 0.441025972 0.551204801 1.50888526 0.329516053
    -0.135662019 -0.519763172 1.59998322 -0.670559645 0.474743366
    0.996278822 1.08605623 -0.419204712 0.126608491 1.17331743
    0.81357187 -0.00179255009 1.58726287 -0.400468796 0.233915329
    -0.530102968 1.36179245 -0.472749472 0.334051311 1.23608816
    0.419362366 -0.297327757 0.720476806 1.14615929 1.33774555
    -0.676836014 0.0802000165 1.39657855 1.51731706 0.0692637563
    1.06788421 1.38557339 1.53499675 -0.232515812 0.7057814 1.42530131
    1.05084598 0.477232635 -0.626481831 0.388337791 1.58036661
    -0.730401635 0.971856117 0.600800276 -0.169854641 1.06052184
    0.548827112 0.37853235 1.4447583 1.06677961 -0.674664378 0.349246204
    -0.773701847 1.09709013 1.40587473 0.12292105 -0.51806283 1.79996622
    0.673508644 0.114921689 1.10014164 0.986850202 1.54257607 1.0877769
    0.0900627971 -0.237082839 0.576152861 1.3184191 1.07326913
    0.41622895 0.899989963 1.77710271 0.830434203 1.38111746
    0.0939030647 1.56531787 1.41898704 1.27955389 -0.403883606
    -0.0192543268 -0.366083562 0.637505352 0.533283114 -0.507460713
    -0.435232759 0.210828483 0.487605333 -0.392772704 -0.116950095
    0.122206569 0.108752728 -0.262860656 1.41107178 -0.759992182
    -0.522383213 -0.678176165 1.33748579 0.615101218 0.160359263
    1.54312086 -0.0609720945 -0.286913335 1.5964582 1.23170412
    0.476903856 0.937888563 -0.395811945 1.69155324 1.37390327
    1.30215549 -0.496026099 0.213773608 1.3620708 1.21472204
    0.0567213297 -0.397090524 1.30408311 -0.611726165 0.307154059
    0.846429825 1.11992574 0.0921263099 -0.358333915 -0.397256523
    -0.331825376 -0.106199145 -0.271750957 1.58067155 1.61409092
    0.419692874 -0.405121118 -0.656538963 0.751670241 1.0718565
    -0.712599993 0.360967696 -0.63575387 0.462484777 -0.22691077
    -0.188779205 1.62743819 1.57322395 0.88833797 1.8705641 0.293658376
    0.317766905 -0.545942605 -0.0763307214 -0.548786759 1.75252306
    -0.489168823 1.761464 1.5235647 0.213300824 1.23161256 0.47522825
    -0.600278199 -0.324115515 -0.142874718 1.12772167 -0.641081035
    0.908922493 -0.0812302828 0.136436462 1.15883994 -0.455740392
    1.71044946 -0.733016968 -0.0298201442 1.32059813 -0.572867751
    0.423417449 0.323869169 0.435786963 0.399119914 -0.708933353
    -0.659910619 1.37080634 0.786785543 -0.683800101 -0.260668993
    -0.425880492 0.0330658555 0.192763925 1.33829248 0.784052849
    0.0471197963 0.228663921 1.43172336 1.08034956 -0.685750484
    -0.321038663 1.72317576 -0.0652987957 1.50786471 -0.40594849
    1.43930864 1.66628623 -0.502158344 0.145770192 1.20613575
    0.473959506 -0.0153149962 1.15930486 -0.342365235 -0.08440727
    0.897097647 0.917171299 -0.0611054301 1.73859906 1.29748845
    -0.416492313 0.672184885 -0.601861954 1.29505873 1.68971956
    1.05265284 0.779258013 0.76902622 -0.744293571 0.581581295
    0.30963397 0.993581474 0.215275228 0.546191037 1.43750834 1.33899891
    0.703447819 -0.244205892 1.19491565 -0.214156806 0.484312654
    0.127620101 0.966252387 -0.748563766 0.479814887 0.916764736
    1.27382958 1.13008666 -0.590159833 -0.418247998 1.53327084
    1.13288665 0.878250659 1.44488978 1.53679252 0.137020707
    -0.748530328 0.378658831 -0.011261344 -0.0152420402 1.34429991
    -0.608002007 0.13138181 0.437172949 -0.264540553 1.11304808
    -0.0932117701 0.89545989 0.900798619 0.199878395 1.47981453
    0.840493917 -0.145812035 1.76837862 -0.585214972 0.332797468
    -0.31262219 0.189540446 0.717209578 0.968202412 0.448670685
    -0.440613151 0.876227558 1.05767131 -0.418145269 0.0731717348
    1.32020676 0.220439494 1.38321662 0.604941428 0.269847095
    0.341727912 0.858295143 0.753063977 0.298383951 0.697486877
    1.52421987 -0.64757216 -0.00851213932 1.25951672 -0.571861804
    0.762402177 0.01039505 0.139021814 -0.000209212303 -0.0628262758
    -0.0266041756 1.4440887 1.17514253 0.710797787 0.894185543
    -0.628437757 1.31041038 1.57205844 0.146225929 1.21696258 1.49650681
    0.302697539 1.07235432 0.195417702 0.932351887 -0.0473017693
    1.37523651 0.0968600512 -0.250932127 0.124119759 1.20328188
    -0.278636813 0.753364682 1.3627317 -0.0376939774 1.55965185
    1.03805757 -0.311955959 0.12719363 1.32746994 -0.783890963
    1.67749262 0.280164719 -0.317584842 0.155567467 1.75609982
    1.34622622 0.832787454 -0.0666872263 0.013905108 1.75531578
    0.255497932 0.258338511 0.42450583 1.47200561 1.57549024 0.519848466
    1.26447582 1.28419685 0.163514555 1.29411197 1.2816956 -0.254514277
    0.486427665 -0.649727821 0.00715088844 1.50945652 0.390086293
    -0.808658004 1.43332314 -0.431616485 -0.0892873406 -0.437644482
    0.949018121 0.963537633 1.23839498 1.52543497 1.40556526 1.64807916
    -0.403578639 0.140962303 -0.349506706 -0.764389038 -0.150241792
    1.34377801 1.84594989 -0.520209968 0.180043995 -0.466781706
    -0.559035897 1.2475071 0.785336733 1.54498529 1.54433572 1.13214231
    -0.269960523 -0.353579551 1.80632782 -0.58581543 1.55898595
    0.0300840139 0.319114566 0.192669094 0.878226995 -0.60843122
    0.539289653 0.941552639 1.49793339 1.84665203 1.72009683
    -0.168604046 -0.0715970397 0.0193332136 1.45907569 -0.604310393
    0.982320487 -0.548457861 1.55551958 0.411030471 0.917999268
    0.350535333 0.114003539 1.07476521 -0.338447005 -0.371300995
    1.64340901 -0.208132923 -0.736754 0.382358789 -0.0642389059
    0.839807212 -0.297812909 -0.564355195 -0.396671385 1.70198417
    -0.267426491 -0.233879149 -0.371647507 1.1243968 -0.504311085
    0.700614154 -0.53507328 0.320524335 -0.442432851 -0.447266281
    -0.278358191 1.80518794 -0.31113717 0.342422664 -0.296529263
    1.61772251 1.19800138 1.38136435 0.765731156 -0.722365022 1.65587068
    -0.457576871 1.22592831 -0.357803047 0.388320804 0.390633106
    -0.311074406 -0.116060972 1.18343854 -0.0293197632 1.30710936
    0.693328321 -0.125824273 -0.0147875547 -0.326282054 -0.726532221
    1.21933413 1.12298608 0.131011963 1.15398753 1.45386279 0.962186754
    -0.352445036 -0.660645485 -0.62743032 1.2571919 -0.583400369
    0.682313263 0.685680389 0.235695481 1.37521958 1.12627828
    -0.214401841 1.14318979 0.526666999 -0.618165135 1.2634213
    -0.202599227 1.31356406 0.411436796 1.15282178 0.826146901
    1.37920976 -0.289529592 1.52572203 -0.332538247 0.714527428
    1.00330651 0.569988847 1.22574663 1.66819191 -0.376778901 1.62196863
    0.0068872571 1.62065232 0.174737334 0.0422112346 0.740394473
    0.431190073 0.111215472 0.237307072 0.592922926 -0.677073061
    1.16963744 1.39243305 -0.295509279 -0.658672571 1.54315162
    -0.316077858 1.21852922 -0.229499876 1.24482775 0.321670234
    1.22043276 1.71120918 0.375461578 0.26207608 0.605407894 1.20903385
    -0.16725117 1.04504704 -0.549196362 -0.355470419 0.19755435
    0.973593593 0.727035463 0.278986514 -0.412549734 1.76132536
    0.076978147 1.10619438 0.53631258 0.544349611 -0.258510232
    -0.114486039 1.63879383 -0.441562265 1.44035482 0.369099021
    0.975802779 1.09390485 1.64731658 0.556205332 0.840756893
    -0.0118599534 0.568165779 1.40483904 0.721973598 0.768838525
    -0.572951257 0.634848535 1.73312521 1.04806089 1.24266422
    0.333989382 1.02387047 1.60929537 0.479483783 -0.846837401
    0.155440629 1.31360579 0.275312543 1.24683356 1.21096361
    0.0643920302 0.0990628004 1.02468729 0.212109029 1.535182
    -0.328706473 -0.206901193 0.226103246 -0.647156477 1.79013824
    -0.753955662 0.893900394 -0.145216703 1.52552211 0.31539309
    0.573318601 0.88517946 0.906649828 -0.0490785241 1.78118408
    -0.584417164 0.231780648 0.21583277 1.65124512 1.31692386
    -0.512246132 1.23108613 -0.018728435 -0.645482183 1.50170565
    0.455081284 -0.00711989403 0.900485873 1.62410259 1.02808964
    0.625226974 1.10125089 0.0679321289 0.578951776 1.32484889
    0.583488882 0.447356284 0.290029049 0.335942388 -0.237286985
    -0.795495749 1.63854384 -0.332066357 0.205226183 1.14110088
    0.953799129 -0.795859933 0.207010329 0.522694111 0.833494604
    0.935760438 1.30392551 0.392097592 0.878949463 -0.458006591
    1.28204179 0.21701473 1.51277542 0.976564586 0.739896536 0.43343246
    0.636163831 -0.0786176324 -0.681229055 0.821752369 0.233914018
    0.164546847 0.471164942 0.105465293 0.435666561 -0.553862631
    -0.0508534908 0.82478565 1.46582961 0.296531558 0.893921316
    0.324729145 1.09235871 -0.484879166 0.99821347 1.22396398 1.78523111
    0.659604311 1.13167191 -0.484061807 1.51985323 0.245523751
    -0.253497869 0.608756721 0.765087605 -0.57521069 1.40459132
    0.581878543 1.57792234 -0.256257236 1.46610367 0.748336911
    -0.424124628 0.881175995 0.0870168209 1.80118692 -0.287054718
    0.696162999 0.127633452 -0.437472731 0.574732721 -0.339322031
    1.20110917 1.07202792 0.01274997 0.454885244 1.33434176 0.0837673545
    1.30497766 0.247734368 1.26016808 1.17817664 1.66860175 1.54936624
    -0.603904545 0.500715494 0.4741624 0.766727269 0.809700429
    0.819567323 -0.307448208 0.772879004 -0.0779591203 -0.0490316749
    0.345675528 0.894487739 0.429041207 0.222993791 0.677822292
    -0.0930823684 0.706214368 -0.0449234843 -0.370825917 1.07255816
    1.34747076 0.617756784 0.739935398 -0.330141276 1.81327569
    0.952674508 0.320375443 -0.465354294 1.50749588 -0.241281211
    -0.105075657 1.32216048 -0.729850173 -0.460894465 0.40525794
    1.34440017 0.510380924 0.391343415 -0.381512821 0.0558531284
    0.474308789 -0.628422558 -0.349821627 1.28468072 1.08697414
    0.328225613 0.336128533 -0.661601722 -0.0505136847 1.07440007
    0.594162107 -0.532146931 -0.232767165 -0.0632882714 0.723182976
    -0.172138572 0.857005179 1.59479761 -0.281845391 1.46291506
    -0.356763422 -0.339952141 0.960834563 0.855952799 -0.0181456208
    -0.651997387 1.22019815 0.450629175 1.22588766 -0.443612963
    -0.0649921298 1.14669871 -0.700828612 1.52101278 0.487795055
    0.159434855 -0.341805011 1.31257343 0.0792577863 1.10651159
    -0.135281205 0.936081111 1.0428462 0.955421746 -0.513317704
    0.899338782 1.39372122 1.61555004 0.525999546 -0.0315680504
    0.326824903 1.77628493 1.51534092 -0.736967564 -0.565660298
    0.238022983 -0.303158998 0.864681005 1.6510725 -0.0922784805
    0.966252804 -0.160319686 1.65751481 1.43997502 1.44474041
    0.114835083 0.230403602 1.18949294 -0.402674288 0.190205693
    0.78416872 -0.775098503 -0.32287547 1.46693349 0.078578949
    0.412076235 -0.395652235 0.8677665 0.112400055 1.64936972
    0.186650395 0.970828712 -0.330847025 -0.652225196 0.0513858795
    -0.236654818 -0.776591778 1.50131845 0.775679827 0.861446381
    0.373221874 -0.121313453 0.453924179 1.61456478 1.61392736
    0.24967587 -0.38954109 -0.719822109 -0.643620849 -0.733503163
    -0.559131145 -0.605513752 0.088270843 0.135805011 -0.746107697
    0.277914822 0.73843646 -0.717142999 1.70548105 -0.560487688
    -0.508576512 0.10930872 0.842126012 1.14706171 -0.398286849
    0.539525211 1.49837375 0.463998079 1.06467652 1.60754752
    -0.547756314 0.738605857 1.42324519 -0.724687934 -0.218480468
    0.208081067 1.21617246 0.826960862 1.2050488 -0.588926613
    -0.104422629 1.10687494 1.53636432 1.29949093 1.14879572 1.61523128
    0.832259536 0.978441179 1.75262678 -0.383978993 1.33321881
    1.75375664 1.2194097 1.372401 0.343954742 0.534084618 -0.456206381
    -0.0652477741 -0.156949043 1.47328782 0.753677011 1.67697859
    1.37403238 1.70193648 0.434694886 1.47236538 -0.354246736
    -0.619404614 1.51857686 1.24180341 1.2137903 1.79429436 0.797414184
    1.73957586 1.11320591 0.350887895 0.567976356 -0.695191085
    -0.774476707 1.77483881 0.234486461 1.27620006 1.5399977 1.58571696
    1.68447018 -0.550814986 -0.315937966 1.43936753 0.36147809
    1.32928884 0.210553646 -0.336158097 0.121854484 -0.568914473
    -0.615701556 1.55717182 1.57710361 1.57520103 -0.39266032
    -0.511059999 0.143930733 1.08194315 0.103765666 1.61257458
    0.848224461 0.760655344 1.02299166 0.557344675 -0.411902755
    1.57562089 1.76323438 0.164311945 1.21151686 -0.201084971
    0.869946122 1.59425282 -0.582176149 0.165977955 1.60985839
    0.640518188 0.261411309 -0.407179117 0.810563326 0.710577846
    -0.397635162 0.0976696014 -0.287227839 1.16985583 0.0655800104
    -0.744684994 1.69200373 0.287211478 0.273734033 0.803487301
    0.191266894 -0.164165437 -0.57681644 1.02521467 0.833353996
    0.799880385 1.12942004 -0.101011634 1.06583893 1.23548269
    -0.166223943 0.067201972 -0.396642178 -0.0861235857 -0.437321782
    0.0602566004 -0.235663831 -0.483594 -0.547462702 -0.441244215
    -0.751449406 0.469575226 1.69687629 -0.779641867 0.902936041
    -0.299434334 -0.545404196 1.38720012 0.452833831 0.220159888
    -0.600353539 0.231014311 0.937512755 0.198399007 1.61165953
    1.81034207 -0.365445971 -0.00364768505 -0.0963988304 1.03048611
    0.469266772 -0.671099663 1.63405466 1.36053872 1.51469827 0.51116544
    -0.713946879 -0.666981697 -0.697187424 1.59515429 0.200583816
    0.155351341 0.545615435 1.20229888 -0.702026725 1.48790967
    -0.363708764 0.424936712 -0.116360486 0.439731479 -0.237275243
    1.46055508 1.62021685 1.708318 -0.688709378 1.14651573 1.17475963
    1.47383463 -0.18700695 0.000646233559 0.0759444833 -0.0220143795
    1.31051922 0.639532924 0.949241996 0.628311992 1.03347409
    0.913110614 0.175038278 0.776653886 -0.433344066 -0.142333508
    0.817022979 1.17172599 -0.6533705 0.823170424 0.0398139358 1.2745496
    0.0923284888 0.616031706 0.47768712 0.876314878 0.578846216
    0.0022251606 -0.384525388 0.420719564 -0.543084383 0.500123441
    1.07801938 -0.333176494 0.0461805463 1.77694798 0.325319529
    0.0965681076 0.434817493 -0.177633941 0.106924057 0.975228786
    1.43154192 -0.36820972 0.553994238 1.37515497 0.511652768
    0.493363142 0.99127996 -0.060534358 -0.666533232 1.14487755
    -0.612323999 0.303049386 1.09684396 0.557179809 1.40617752
    0.660925746 0.0289713144 -0.240924776 0.198881269 1.25157833
    -0.225618005 -0.427987307 0.415399313 1.75745118 -0.205521822
    1.66937399 1.27022874 0.302384198 0.0110135078 -0.32606563
    -0.23709178 1.36931622 -0.0507513285 -0.0584170818 0.0301116109
    1.03859162 1.39576411 0.138830185 0.668435097 1.06907523
    -0.364122063 -0.62406677 1.50624847 0.241551936 1.58004498
    -0.299765199 0.286784887 1.44959545 1.311252 -0.0633347631
    -0.710298657 -0.666597128 -0.115942657 -0.132755041 1.38533604
    0.653034329 -0.65498054 0.879129708 1.53530002 1.63260734
    0.286628962 -0.767593086 1.69463158 0.556499481 1.20108366
    1.63728833 0.839403152 0.827002466 1.23771286 0.221408784
    -0.550534844 0.137778461 0.385201454 0.843440533 0.385225952
    0.755258977 0.797446072 0.435521722 1.41348934 0.563613117
    -0.0261120796 0.211588502 1.37497568 1.58151007 0.713162363
    1.4871155 0.169589102 -0.318135262 -0.35294947 -0.100307643
    -0.0263189673 1.71112251 1.00828731 0.338491678 1.4459691
    0.0933737159 1.17723656 -0.237848222 1.17709231 0.853517294
    0.212371588 1.37739384 0.388636887 2.09604478 1.01283205 1.3582927
    0.663853586 -0.539238691 -0.159259081 0.678715229 1.02601576
    0.441766322 0.0481985807 1.73915219 1.55775595 -0.388359994
    -0.560041845 0.114906251 -0.207528293 0.0255790949 -0.24258709
    -0.330641448 0.00405824184 0.171252072 -0.444798231 1.36535311
    -0.144179344 1.3686229 0.444682121 0.713490009 1.39823556
    0.679347694 1.37559605 -0.738773525 -0.618038237 0.553907514
    1.10913968 -0.680034518 -0.374608308 -0.421996206 1.42695189
    1.68557465 0.142339647 1.18163586 -0.615370452 1.52273965 1.06907976
    -0.739717662 0.808787763 0.817102373 0.352302074 1.35875154
    -0.395329118 -0.748011768 0.317427933 -0.717449129 1.35568833
    -0.040779233 1.1773572 1.02942801 0.703697145 0.998676896
    0.415678561 1.35532773 0.976888478 1.65504169 0.337064087 1.66757357
    1.65001059 0.858196437 1.07699704 1.47446418 -0.399285942 0.30354768
    -0.301108032 0.195136726 1.12937403 1.58675289 0.636717975
    0.235713899 1.78787136 1.57296681 -0.310409009 -0.15899986
    0.266504824 1.26373649 1.019153 -0.0751072764 1.23770154
    -0.0713226199 0.943261147 1.35305917 0.120482206 -0.408256978
    0.460310102 1.31926799 1.7088902 -0.61843282 1.79101539 -0.634447515
    -0.136829853 1.58645523 0.216945827 -0.105079114 0.0251063108
    1.64417148 0.057305038 -0.185580909 -0.206677794 1.57346392
    0.0525276661 0.940635562 1.20205581 -0.287429273 -0.592270851
    0.228732467 -0.225835621 -0.789541185 -0.825519562 -0.39173913
    0.246609628 0.206093192 1.38154292 1.17405772 0.0862757564
    -0.826639831 1.24770415 -0.176868618 1.21862423 0.0464808941
    1.30537343 -0.295306355 -0.148352206 -0.182296097 -0.690829337
    1.39607823 0.0159350038 1.34529281 0.786536098 0.846586883
    0.0937966704 -0.805443227 1.44253635 1.47776377 -0.765774012
    -0.48874402 0.094907701 0.351462662 0.919413686 0.775200486
    0.111352205 0.86135447 1.14604616 1.67862928 -0.50509572 0.698860288
    -0.452827156 0.651849091 -0.221592009 1.29612637 0.972711444
    1.64672685 0.592561305 0.502722442 0.460616231 0.929184973
    1.12504315 0.282150388 0.407448828 1.15247285 0.330113053
    -0.566512823 1.39412713 -0.532389402 0.629196286 1.74094534
    0.261066735 1.768435 0.121983409 -0.476988465 -0.209625244
    0.892210901 -0.261404157 0.316237152 1.74213636 -0.154891014
    1.15613532 1.79511034 0.0187525153 1.59628916 -0.0200533271
    0.439882994 -0.707683384 0.627394199 -0.269685328 -0.550367117
    -0.314980298 0.744389474 0.707128167 0.934473515 0.734221995
    -0.00549805164 0.05799371 -0.189314246 0.778649569 0.763337612
    1.35275066 0.0491397977 1.70389128 0.329002857 0.95175755
    -0.0523998141 -0.447951227 1.51473141 0.108850539 0.795062482
    0.997450233 -0.435204715 1.23194373 -0.639540255 -0.774578571
    0.891857684 0.62521863 1.50416005 -0.163243413 -0.568272829
    0.653714955 -0.577135205 1.36871052 1.40107715 0.138206661
    -0.532471061 -0.166235507 -0.521621704 0.633895278 0.157756627
    1.44353545 0.545406938 -0.613238931 -0.0310515761 0.43562907
    -0.3860524 -0.446983993 0.818805099 0.860994995 1.47610116
    1.65857732 1.37823677 -0.527377129 0.370325625 -0.207128942
    -0.78993994 1.20428872 0.431283534 -0.0901010036 0.440607667
    0.418944955 -0.642516911 0.624566913 1.3171761 0.882031798
    0.756690562 1.55167723 1.20414376 1.74900723 -0.367863387
    -0.21556735 1.5876826 0.274381638 0.44552213 0.48458147 -0.43980366
    0.836213291 0.595913053 1.21446884 1.15329075 -0.7425583
    -0.772109687 1.20425868 1.58624411 0.723966777 0.252181768
    0.572417498 -0.691026211 -0.524423122 1.17823958 -0.476880252
    1.31066942 0.482420981 -0.304055423 0.623807192 1.28239119
    -0.393145621 1.29335499 1.76284909 0.879791617 1.75595367 0.20999223
    -0.301485509 -0.226570189 1.38939965 -0.50014627 -0.124602914
    0.773856401 0.620720208 0.939189017 0.926040113 0.86907196 1.2911911
    0.421966732 1.00671029 1.40022135 -0.702342808 -0.629001379
    1.10118866 0.220424712 0.906787694 1.84399009 0.40267539
    -0.617064178 1.20110822 0.658708632 1.42997813 1.50826216 0.8265872
    0.0321096182 1.52110243 0.908777118 -0.446602732 1.56961942
    0.33392024 0.111012578 0.656473577 1.15035653 0.291007102 1.63777244
    0.0968752503 1.67135191 -0.608514547 -0.639659524 0.584587216
    0.087821424 -0.554586172 -0.684725761 0.682148218 0.19070518
    0.152533591 -0.348168254 1.62433434 -0.487667024 0.0539208055
    -0.337573737 1.51668775 0.900409937 0.623249233 1.14925194
    -0.329510242 -0.145666122 1.19502592 0.213835239 1.78682876
    -0.150066733 0.403426647 -0.475605696 1.37940812 1.7003417
    0.842776597 0.64571619 0.236588597 0.501305282 -0.00335872173
    0.489425719 1.6906848 0.811206579 1.69121337 1.5590179 0.964930296
    1.54382896 1.61923575 1.21482897 0.595634222 1.51298749 1.26586378
    -0.128982306 -0.756124258 0.594571769 0.325021565 0.97639668
    -0.255744457 -0.446012259 1.53774667 0.626355767 -0.064530611
    1.58025408 1.13147974 0.192018032 0.161920726 0.425204217
    0.892069578 0.665503383 0.216666341 0.685231328 0.92130059
    1.37844467 1.23442459 1.56481099 -0.0393617153 0.339938402
    0.595293462 0.929977536 -0.231205404 -0.234738708 -0.433467716
    0.930688739 1.20986485 0.748458683 0.304418981 1.18494654
    -0.342310071 0.690366626 -0.20001018 1.68614602 1.41989684
    1.60319006 1.10202098 -0.816422224 1.14438772 -0.185805976
    0.571371257 -0.351873606 -0.704819858 0.201707065 0.148780048
    0.917622864 1.6113627 1.46498418 0.262166262 0.891096175 1.12452888
    0.893583894 0.58458823 -0.669341624 -0.609106898 1.06546402
    0.799966097 1.27976918 -0.513775885 -0.422239989 -0.607405365
    0.358780682 1.73268771 -0.522607327 1.60236132 0.43263793
    -0.700260937 -0.630412757 0.471298158 1.37505925 -0.65667069
    -0.623522758 1.16493225 0.149534047 0.00309222937 1.47231174
    1.66247058 1.50919271 0.832051396 1.65210521 0.357324004
    -0.649074078 0.450865984 1.55447936 -0.149329722 1.65111017
    1.33586729 0.71291697 1.19197893 0.893575847 -0.526813388
    -0.633515716 1.16840172 1.44359565 -0.645580411 0.433093905
    -0.439153701 -0.197912276 1.57902884 -0.0665974021 -0.416481853
    0.48017478 -0.0597949624 -0.108524203 0.109309673 -0.620153904
    -0.635590196 -0.491389275 -0.0658507943 1.55664361 1.11336553
    0.964655697 0.239487588 -0.109093368 0.557043552 0.0196484923
    1.15029573 1.61335349 -0.556277275 1.76819563 -0.304157555
    0.557082653 -0.259090543 1.4471848 -0.503047824 0.165465236
    1.11078095 0.440367371 0.584232569 1.14249301 1.50080943 0.396181345
    -0.174978256 -0.623451769 0.867862403 0.808940411 0.852351487
    1.21261311 0.783232093 1.65860558 0.585319757 0.826702714
    0.617490828 0.421422541 1.12764132 1.67813015 -0.0968488455
    1.67230928 0.905880153 -0.703865111 0.275087655 1.72884738
    0.955920458 1.17831612 0.20832026 0.767994583 -0.694250405
    -0.0457519293 -0.492146939 0.0592960715 1.61273003 0.83788377
    -0.68155098 -0.290720969 -0.711950719 1.50526607 0.260768592
    1.38566995 1.39389992 -0.18636781 0.6354509 -0.39347598 0.776281416
    1.34482729 0.0506750941 0.0273205042 1.33420229 1.60012758
    0.730687022 1.08745253 0.856553257 0.431146801 -0.146422625
    -0.201137841 0.477021813 0.122085929 -0.433184892 0.841238976
    1.23077965 0.0550997257 0.579122424 1.64852095 0.731823266
    1.28080165 1.39528584 0.641756237 0.95653069 -0.564442754 1.00123155
    0.888296723 0.319065988 -0.637582898 0.139156818 0.409211814
    -0.656904459 1.0136826 0.471916795 0.685505271 0.292923331
    1.33254385 -0.444998622 1.0711211 0.374588192 -0.0765718818
    1.59861743 -0.274461329 1.54821861 0.0969945788 1.43048859
    0.0461549163 -0.153293371 -0.10662359 0.1766662 -0.0968503356
    1.80047703 -0.747275651 0.780000329 1.24841595 1.28795624 1.2521944
    -0.409098685 1.09809875 1.13628769 1.14403427 1.49513245
    -0.611781657 0.467239439 0.160604656 1.47740602 0.484342694
    0.956485152 0.863337576 -0.286417544 1.49431205 1.15292096
    -0.826515734 1.14666736 1.15155697 -0.568828821 -0.382696122
    0.488159716 1.54001284 -0.43623358 0.661312997 0.389202654
    0.880095243 1.209553 1.5120976 -0.248537123 0.321859658 1.45976138
    0.85639286 0.238487899 -0.768422246 -0.375460565 0.240770876
    0.637689173 0.869910777 0.37221241 -0.214095771 -0.581225872
    0.43829608 -0.123696923 -0.174376488 0.861344516 -0.0435282588
    0.490765214 1.22899306 -0.388259023 1.31090438 1.26478398
    0.808870494 0.748552561 -0.612215877 1.67688799 -0.609358609
    -0.760949016 1.36972332 0.94790107 -0.72606957 0.164486468
    0.50953877 0.43334657 0.861312866 0.500312626 1.57632804
    -0.110049009 -0.0420958996 1.52936184 0.0251346827 1.05656302
    1.48231745 1.57153809 -0.513676703 -0.586746454 0.84503752
    0.613893151 0.752233684 0.334655344 1.27678609 0.280194223
    1.69055486 1.53504658 0.234633863 1.04917955 -0.502763152
    0.992438018 1.2182107 -0.554107845 -0.0068911314 -0.58924365
    1.08948088 0.348423779 0.412216544 0.314755559 0.754888892
    0.596623719 1.14800119 -0.192230165 -0.286846399 0.71548152
    0.789399803 0.36157012 1.70594931 1.35043299 -0.0818630457
    -0.257545054 -0.79277724 -0.572905302 1.27625108 -0.155228674
    1.71061647 -0.00136476755 -0.275529891 1.18700504 -0.535557866
    0.163999498 1.03229284 -0.0492849946 0.0711570382 1.07687211
    -0.338356167 1.04904962 1.17426109 1.70437384 1.73654068 0.703394592
    -0.727382421 0.779182076 -0.11570859 -0.0731121302 -0.289211333
    1.71194053 0.049572885 0.590320051 0.304114401 -0.189730048
    0.0585673451 0.191094935 1.43909407 0.330749929 0.711660981
    -0.218264461 1.67054617 -0.304617107 -0.168905377 1.50002527
    -0.328829199 1.73877716 0.770054877 1.36394882 0.456115067
    1.74171853 -0.344747275 -0.376579642 1.41373205 0.616713941
    1.02923203 1.3458178 -0.445140153 -0.388224542 0.514373839
    -0.0589082241 -0.745732427 -0.755128503 0.244521677 1.47759891
    -0.0973899961 -0.0670390725 1.2664609 1.36491215 1.65074193
    1.18527734 1.6036818 0.687148631 0.205217838 0.893876612 0.178710103
    1.1570574 1.71424973 1.10978937 -0.142808974 0.465679884 1.51362062
    1.41462421 1.229895 -0.623975098 0.885096431 0.0809593797
    -0.0418200493 0.988741815 0.103012741 0.379213214 1.56263626
    0.323623896 0.37246716 -0.294540524 1.63499832 1.04266214
    -0.483311146 0.330706477 0.48771584 0.503243744 1.33846164
    1.66495323 -0.649729431 0.157885432 0.253924608 0.445215464
    -0.522984028 -0.01028651 1.09607983 0.0440852642 -0.648023903
    0.0609738231 0.0513018966 -0.565827727 1.2511487 0.569942236 1.20874
    -0.447170764 1.08055449 0.671189368 -0.123593032 1.36776757
    0.0141674876 0.774234295 1.20074797 -0.450478673 -0.0443282127
    -0.320835203 -0.00597578287 1.23790622 -0.36877346 0.682442844
    1.11027122 0.517316282 -0.0048045516 0.632401586 1.35214257
    1.48255396 0.917620122 1.0915072 0.784776688 -0.626836717 1.26807618
    0.54506427 0.889668763 0.767978251 0.048535049 0.396997511
    -0.526195884 0.0338921547 -0.0989043117 0.699007511 0.623612761
    1.06123543 1.50238729 0.435848236 0.317089915 -0.150735915
    -0.16286993 -0.571100295 0.573677361 1.42260325 -0.591237009
    0.780141354 0.862465739 -0.212011576 0.526918828 1.7175734
    1.51953101 1.41033554 1.22086859 -0.380616158 0.611243725 1.22678077
    0.823456943 0.348009467 1.73082256 0.116243303 0.296180844
    0.14170754 0.267512679 1.54796982 1.3273685 -0.52952534 1.25460172
    1.479406 0.227057517 1.23370051 -0.258931756 -0.694184542
    0.445301354 0.488997459 -0.107729375 0.736602485 1.48475361
    -0.586363614 1.6847291 1.11352706 1.64594841 -0.76521188 0.967580616
    -0.493439198 0.815212727 1.75510716 1.21349597 0.862704217
    1.44009638 0.769714773 -0.785591722 0.301998258 -0.274837852
    1.26577115 -0.500908792 1.62631834 0.384574056 1.03028297
    0.843844831 0.658814609 0.0364895463 1.15099835 0.600904346
    -0.6464293 0.329367757 0.601798773 0.600384533 0.497388363
    0.430881441 1.70114887 1.57877374 0.537088096 -0.540591717
    1.02689779 -0.145769775 0.991307199 0.508288145 0.644088328
    -0.214192748 0.207206368 -0.670876026 -0.581764102 1.50042987
    1.41677904 -0.610952139 -0.712547183 -0.395264894 1.54735923
    0.187350988 -0.175429463 0.238512814 -0.308840007 0.716301799
    -0.327798128 0.0242985487 1.75474834 -0.0541582704 0.0369377732
    -0.705689371 -0.195706367 0.0655987263 0.705503285 1.59701967
    0.214444458 1.58519399 -0.318737388 0.952477038 -0.624739051
    -0.661094368 -0.425971478 -0.219721675 0.679342687 1.76494253
    0.0972064734 1.28646612 0.411629856 0.340427518 -0.516404033
    0.964887381 1.14536715 1.18675017 -0.727675796 -0.651455998
    1.23923528 0.138066113 -0.373025864 1.82747221 -0.179069579
    -0.388745636 0.110333741 -0.236816108 0.955166459 0.645957172
    -0.588402867 0.918056548 1.48304248 0.111796677 -0.699523211
    0.443802357 -0.43885836 1.35496223 -0.0508347154 0.152911782
    -0.7246719 1.34018469 1.61814642 1.1456275 1.57884288 0.56909579
    1.58611584 0.138586998 0.473279655 0.645039201 1.4469862 1.17717671
    1.49880409 1.54915524 -0.644108653 -0.454258621 -0.219030857
    -0.596246719 1.80789626 -0.629549146 1.3556143 0.0119082332
    1.22095084 -0.350439698 0.83762747 1.08264363 -0.294216692
    1.59300566 0.0562261939 -0.113118947 -0.332167298 0.430112481
    1.01371038 0.153054655 1.03898346 0.041069746 1.36447024
    -0.687965989 0.46218282 -0.295146912 -0.368105978 0.421169519
    1.33131289 0.79415679 -0.547516644 1.4295516 -0.572445869
    0.597539067 0.102535009 1.5708549 0.518241763 0.902797818
    0.619417787 1.53596985 1.08800375 1.13923919 1.47126365 0.714855194
    1.31837368 0.168468893 0.0434965491 -0.240806997 0.19693774
    1.53980184 1.28111482 1.71798575 0.993455589 -0.490393251
    0.811921835 1.59636593 -0.0420434475 1.16220105 1.39663506
    -0.81547761 0.295686722 1.11284566 -0.680578172 0.47347635
    -0.668341339 0.568987966 -0.585703611 0.15940249 -0.0361156464
    1.06343651 -0.412767738 1.26645029 -0.469043434 1.57491779
    1.76487684 0.478138626 -0.0222997069 1.07912028 -0.754207015
    0.549230456 0.977780104 1.13258564 0.462472796 0.331109345
    0.996499002 1.7370007 1.07517529 1.54887235 -0.643464804 0.602707982
    -0.483166873 0.885779858 1.27390158 -0.574046254 1.4934051
    -0.450316787 1.09784627 0.531446099 -0.304873019 -0.724662423
    1.60881186 1.76266146 0.876306355 -0.193782806 1.07979774 1.19416165
    -0.734860778 0.118708968 1.56853747 1.29809952 -0.557038128
    -0.0908713937 -0.576233029 -0.0254008174 0.981362581 -0.681631327
    1.32145905 1.14367485 -0.288745701 1.50922346 -0.271507502
    0.619861186 -0.728661478 0.089859724 1.59663749 -0.713784158
    0.595389366 0.25777024 0.674532771 1.0280242 -0.1968624 -0.115425885
    0.180628717 0.242632806 0.376179755 0.986868918 0.899079561
    -0.251140952 0.863443613 -0.592674196 0.22379595 -0.628077626
    0.62243253 1.59297729 0.292758465 -0.224844277 0.860502601
    1.49427819 -0.556835651 0.724173725 -0.0674786568 1.10674071
    0.223135531 0.37092042 0.962532103 -0.171596885 0.471621573
    0.684564173 0.13696593 -0.159063995 -0.680903196 1.18240929
    0.262549341 1.6348021 0.573568642 -0.809537053 -0.119039714
    0.70330292 -0.682304502 1.62838721 0.689372301 1.0707972
    -0.00877809525 1.05317545 -0.142384052 0.474301994 1.03827417
    -0.520654321 0.523179054 0.544929206 -0.480453074 1.76225996
    1.09746242 0.879239798 0.858947515 -0.330765963 0.607500434
    0.530343652 -0.253548443 0.52855593 1.5145874 1.014027 0.918318152
    -0.674246907 0.448528647 -0.574081302 -0.224006236 -0.633300066
    0.854070783 1.48014736 0.509888113 1.69583273 -0.144618154
    0.0877662897 -0.733517289 -0.71547401 0.198230684 0.939464986
    -0.473026603 -0.526120186 -0.153549731 -0.543653131 0.463033378
    -0.035328269 1.61473489 0.912409246 1.09497237 0.437178195
    -0.031886518 0.930184662 0.949339628 0.0384327173 0.801802874
    0.859929919 0.600922525 1.3404243 -0.38895449 -0.271578699
    -0.329223752 0.922325075 1.60953569 0.00250351429 0.680968404
    1.46687603 0.188795805 -0.657476187 1.22044849 1.09281707
    0.147527158 -0.134687364 0.361952662 1.56535625 -0.351323605
    0.526645422 -0.169664025 -0.00131726265 0.158486784 0.0755845308
    1.32726824 1.92319489 1.7494235 -0.00413411856 -0.446508586
    0.681713998 0.606664598 0.526991308 -0.250889838 0.507638693
    -0.227964938 1.35888374 -0.297409356 0.791892409 0.886442244
    -0.700300694 1.33010805 1.1214906 -0.641247392 1.49267209
    -0.152479827 -0.616491318 0.412025571 -0.191646755 1.15783858
    1.25796044 -0.340913773 -0.211194932 0.296679258 0.590568125
    0.269877076 1.21567547 0.877436638 1.48317826 0.0839045048
    -0.639864504 1.61354768 1.14559412 0.471432567 1.67412817
    0.883274913 1.44588709 0.44457072 -0.345279634 1.21765077
    0.608642042 0.401160121 1.70865929 -0.217601836 -0.666709542
    -0.378369629 0.608888149 1.29412317 0.19351536 -0.482663572
    1.70789766 -0.650971472 -0.41102615 -0.688694 1.84507132 0.126448035
    -0.260642946 -0.672789454 -0.585368633 1.33312321 1.48416185
    0.0475033522 -0.762208939 0.705278039 1.55602217 1.37545359
    -0.049536109 1.24728489 0.290727496 1.57465541 1.22807622
    0.151891708 1.65184164 1.22854972 0.721180379 1.47322488 -0.27775836
    0.428434968 1.5026114 1.36321044 -0.198780298 0.604671597
    0.819029987 -0.29776752 -0.0874827504 -0.0799441934 1.75766039
    0.167202652 -0.0415540934 -0.328986257 0.78489548 -0.388875246
    1.50304389 0.00166243315 0.293959618 0.256284654 0.249099553
    0.585029006 0.949719369 -0.183848023 0.480716825 0.201978147
    0.932356894 0.0655600429 -0.300627291 -0.0709986687 1.53418183
    0.0621014833 0.677427649 0.343984187 1.40688884 0.927122176
    -0.732933223 -0.0129930973 1.59237981 -0.64077723 1.68670678
    1.39442408 1.2643733 0.848998189 1.53835964 -0.140509784 0.94029808
    0.970903337 1.392416 -0.029966414 0.319402277 -0.0201013088
    0.617497206 1.45585895 1.18124783 1.58137035 0.180850744 0.896881819
    1.0481354 0.988092601 1.04066098 0.73544246 0.284815907 0.612171888
    -0.108649552 0.953250766 -0.355192274 1.39013529 -0.453816473
    -0.414835483 -0.0278041959 0.126214325 1.0268476 -0.153733015
    -0.626342177 0.627275229 -0.752537787 0.43979162 1.69056869
    -0.36317572 -0.415138066 0.398116052 0.946540296 1.64980745
    -0.760680497 1.70317852 1.72784972 0.0396559834 1.1592598
    0.574266791 0.267805517 -0.27568537 1.49840236 1.48975003 1.6202395
    1.70095158 -0.681411803 1.16967607 -0.570657849 0.0167944431
    -0.0461476445 -0.113305211 1.72384524 1.31227458 1.02473295
    0.917978168 1.4052887 0.00392574072 1.81145835 0.658554137
    0.072278142 0.619201422 -0.432864159 0.394914567 1.6644094
    0.790665448 0.57117033 0.99213928 0.328976631 1.6130414 0.236543179
    1.10630536 -0.271633476 -0.213085115 1.62151289 0.581311405
    1.23488581 1.42390561 1.36275232 0.106898308 -0.487192422
    0.273692846 0.557272196 -0.727780521 0.144634664 1.42808342
    1.66384387 -0.453381449 0.414447308 1.67638874 -0.650708973
    0.653052092 1.44443321 -0.558550239 0.318640053 1.01251507
    -0.687083781 -0.245195866 0.252411544 1.69010317 0.827752709
    1.4690814 1.5147841 0.897348642 1.51447904 0.440771163 -0.153809071
    -0.400787294 1.47921205 0.776391983 -0.370512545 1.31096244
    1.0539434 0.895255685 0.0171878934 0.800549209 -0.696314931
    0.454571664 1.26165676 1.34950447 1.14022803 1.38618064 -0.640077531
    0.364982247 0.0245907009 1.56949902 -0.432917953 0.616284966
    1.30224133 1.53013217 0.926386416 0.443412721 1.25316 0.489268959
    1.43606985 -0.701014876 0.882357776 -0.681452155 -0.304900587
    0.956041813 0.207404435 0.861462533 1.34055555 0.444857478
    0.684009016 0.199832022 -0.368545204 0.431029201 0.580663502
    1.80300033 0.354380369 1.78100133 0.955881417 -0.543772101 1.187392
    0.133757949 0.352927804 -0.151146054 1.609267 0.374375403
    -0.751552761 0.625940204 -0.64356631 -0.533895731 0.697223008
    -0.122974992 1.29592228 0.488594592 1.69941807 0.178296804
    1.56763041 0.301046848 0.991258979 -0.0526332259 0.069214344
    -0.695872545 1.18542552 -0.160931766 0.615049005 -0.42650339
    0.545412481 0.199167013 0.919713676 1.09353638 -0.253009081
    1.67714357 -0.362194747 -0.747790277 1.54136705 1.38050485
    0.503053486 1.66373277 1.57631314 -0.152788341 0.193992853 1.6280601
    1.42175055 -0.294540405 1.00614107 0.820244312 0.714630544
    1.17295241 0.395847201 0.214654863 0.442485988 -0.273139656
    -0.738975286 0.638162911 -0.794660926 1.46877801 -0.171898723
    -0.461430609 -0.217237175 1.09794974 1.34682405 0.664745629
    -0.425011933 1.78310275 0.507997096 -0.394054681 1.15807056
    0.676179647 0.635090947 -0.629188299 -0.555273831 0.342738867
    0.528626919 -0.250991821 0.784526944 1.63813734 0.0109778643
    -0.619483054 -0.309001505 -0.59035641 0.0468348861 1.04928744
    0.446412683 1.19278717 -0.729928195 -0.625881195 -0.751316905
    0.728039026 1.31536651 -0.224839568 -0.287760735 -0.489742488
    1.62397158 0.0405917764 -0.018658042 1.00650954 -0.0563028455
    1.56857204 1.62339783 0.663928747 0.251392901 -0.647297382
    1.21263671 0.675893247 -0.149363041 -0.18461746 1.48192871
    1.41574478 1.55586624 -0.43701452 1.03176188 1.01966608 -0.253151953
    -0.628952742 0.716029584 0.663582861 0.15426743 1.62336409
    -0.563297212 0.139591455 1.76369441 0.915930748 1.1619978
    0.347032845 0.861543179 0.636349022 -0.227219403 0.218963981
    0.316342354 1.51528823 0.064396143 0.960898101 -0.397220194
    0.570732057 0.987034619 -0.622061789 0.844219446 0.757002234
    -0.351059854 -0.0997768641 -0.561327338 0.253768623 1.46656239
    0.166180253 1.57860899 0.232856333 -0.687326431 0.839616656
    1.43688107 0.452731848 0.834901631 1.26235318 0.161286354
    0.0657567382 1.02522802 -0.586455941 0.89697963 0.141695023
    -0.242860019 -0.251487195 -0.477673292 -0.715048492 0.385578215
    1.24425709 0.0191118717 1.15213764 0.501777649 -0.0145799518
    -0.618423343 1.67146969 1.73493242 1.283234 1.7951901 -0.516978204
    0.148637712 0.638737202 -0.371322572 0.694140196 0.101039648
    0.584326863 0.29429549 1.66686749 0.619414032 -0.180189371
    0.869993925 0.684652746 1.55205047 0.748222411 1.13676631
    -0.546374917 0.232657015 0.13612932 0.0926470757 1.57301843
    -0.655794203 -0.32305932 0.713972747 0.522464156 0.710533738
    0.176565766 0.654995441 1.45951152 -0.304153413 -0.58741796
    -0.496219724 0.871743679 -0.414758831 -0.38115108 1.42434907
    0.586444378 0.101206064 1.38832974 1.4104197 0.661675155 0.6945889
    0.433400869 0.590275407 -0.368298054 1.45602345 1.61817586
    1.47988153 1.60256732 0.937259078 0.25587821 0.418227315 1.01147366
    1.08722222 2.08063602 0.142331362 -0.0300340652 1.77734149
    -0.630682766 0.607730389 0.614445448 1.55417776 1.61104965
    1.59015942 -0.166735351 0.845886469 1.30901766 1.65277624
    0.0833027959 -0.665732741 1.64563537 -0.539663017 1.71847773
    -0.468748063 -0.734964788 -0.0119925737 -0.412899375 1.65764141
    -0.365796566 0.746247888 0.302574635 -0.300940365 -0.571861565
    1.21089149 1.34468722 -0.116657317 0.278274775 0.45176518
    0.547774374 -0.582864165 0.588704646 -0.148421109 0.5989784
    0.399736226 -0.483278155 -0.551348925 -0.204212368 1.11196876
    1.58397508 0.0378992558 -0.0128759146 -0.464094609 1.62244058
    1.78240967 1.14875865 0.338924825 -0.322577894 -0.0140782595
    -0.510399818 0.39062649 -0.607457757 -0.0916771293 0.654341877
    0.0570420027 0.0576195121 0.456256449 -0.116744161 -0.0568625927
    1.36845529 0.805916607 0.253881633 1.2481668 0.406362116 0.291128159
    -0.405283123 1.69794559 0.800768256 -0.707049489 1.37071061
    0.183125973 -0.420683861 1.48116851 0.242469192 0.626135409
    0.726808429 -0.261127651 -0.271470428 -0.243244469 0.996975839
    -0.252239287 -0.130271137 0.840338886 -0.540443599 1.54785681
    -0.680998921 -0.414908201 -0.492573798 0.292935193 1.69564581
    1.76200318 0.990231335 0.710739374 0.283502162 0.229708493
    1.52377725 -0.612149835 -0.152845442 0.941497743 1.77962875
    0.30036658 1.74290824 0.669038236 1.30092621 -0.559045911
    0.207548916 -0.016366601 1.17353046 0.930626273 0.0732908845
    -0.483832628 0.820051193 1.49409175 -0.36798209 0.516064465
    -0.478179067 0.081736207 -0.52646172 1.55645394 0.351944745
    1.33480835 0.932182431 0.825945318 1.58589363 -0.190171123
    -0.350198388 -0.0976542234 0.700550854 -0.731712043 0.35218519
    -0.800036073 1.42868638 1.35544038 1.60843372 1.41610003 1.07486653
    1.35276794 1.69901228 0.990701199 0.392395139 0.0857111812
    0.119334936 0.534301579 0.257310331 1.57432628 0.00667822361
    1.23061681 1.49380219 1.72945786 -0.376861215 0.638342857 1.50645876
    1.32114375 1.34223795 1.54444265 0.82661134 0.00937259197
    0.582684517 1.03407598 0.557914853 1.75216413 0.00188070536
    -0.664922059 -0.578678727 -0.42561096 1.56193519 0.969691813
    0.472950995 -0.289027512 0.606758237 1.17931294 0.0508180857
    -0.846930385 0.656406879 1.128968 -0.57403928 1.20024967
    -0.599260509 1.21454799 -0.313146502 1.08311319 0.984067798
    -0.0193991065 1.47083867 1.04558468 0.0817759633 0.980395794
    1.34154153 0.146892726 0.180527925 1.41382241 1.58857715
    -0.0619713068 0.845393956 0.350494981 0.0286769271 -0.0226362944
    -0.643782496 1.83505964 -0.161400378 -0.710164845 0.450398982
    -0.112170815 -0.0520324707 -0.27875942 1.5133872 0.404361188
    0.412411034 -0.597690761 1.44983184 -0.187928319 -0.378597885
    0.987310767 -0.5441764 -0.242294848 0.457144618 -0.737570941
    1.67537916 0.122927248 0.911953568 0.59368515 1.57204092 0.460318089
    0.489507139 1.44360232 1.2361691 -0.733163774 0.457195222
    0.211546063 -0.435303241 -0.612298429 0.0450482965 -0.330029607
    -0.395745933 0.560961843 1.43446076 -0.263655901 1.63352537
    0.0752350092 1.71855438 0.116694093 1.0354296 0.978653729 1.48118925
    0.555410028 1.06047297 -0.302072346 1.56869578 0.814761877
    1.74863434 1.33525932 0.314272314 0.00898778439 0.324462235
    -0.288328141 0.408870935 1.09947729 1.03762603 1.47102582
    0.569911122 -0.10763073 0.49028641 1.58317161 0.0215161443
    0.837205172 -0.753177941 0.0757504702 -0.245641053 1.28928554
    0.807595253 1.7179451 1.39959121 -0.573840201 1.48094058
    -0.0622437596 1.48897314 -0.571217537 0.251464486 0.19344914
    0.596595943 0.542511702 1.41268754 0.271336734 -0.492035717
    0.881382883 1.29487848 1.41031766 1.24033952 0.471622646
    0.0329014659 1.48416495 0.99349308 1.31194162 1.28140748
    -0.403960228 0.559911668 -0.661694765 -0.77304852 0.268315077
    1.09314775 0.512129426 0.0104599595 -0.531094432 0.496919811
    -0.421607167 0.808884382 1.45593381 1.42952836 -0.11214447
    0.359193802 -0.0944219232 1.6910336 1.43635857 -0.207195401
    -0.406100959 -0.275741994 -0.58554697 1.58794975 1.06079745
    1.33646452 0.860312641 1.68159175 0.325741291 1.46361136 0.309278786
    -0.312141359 0.838695288 1.0404346 -0.225515664 1.26297832
    0.0467860699 0.138121009 0.62002188 0.392365456 0.492268384
    1.6887871 0.14525336 1.26682878 1.62194204 0.106744349 1.28092408
    0.25632447 1.09749067 0.279548764 1.22232473 0.678956509
    -0.574737191 -0.31726405 -0.491387784 1.30212307 0.21781981
    0.451504707 0.718814313 -0.220122993 -0.443813443 1.01215839
    0.194234192 0.645462215 1.72076249 0.617643952 1.74260545
    -0.37745297 0.961934507 1.54568684 -0.628942609 0.992863178
    -0.181241095 -0.0343958735 0.491207719 -0.337278843 0.130092561
    0.44265151 -0.569129109 1.35330248 1.6271174 0.212877214
    -0.803270698 1.04161763 -0.311326444 -0.838748455 1.60276103
    -0.511271477 1.42285657 0.819514096 0.135429859 0.711446881
    -0.247157156 1.61968923 -0.539542913 0.532000899 0.191562355
    0.666867495 0.726182997 -0.210702479 1.2133224 1.47884369 1.20941365
    -0.313142627 0.215453327 1.4024303 0.0471212268 1.56657219
    0.731435001 -0.3951433 -0.441042155 1.49284101 -0.451980352
    -0.0865430832 -0.28314817 1.61544275 1.41880894 -0.00664013624
    -0.685896516 0.92628324 -0.128869712 1.21291518 0.954189956
    -0.129642963 -0.688102305 -0.493832052 0.511720598 1.41861677
    1.44316936 1.64107358 0.430009604 1.12415683 1.21956372 0.852769017
    0.678137839 0.943151593 -0.329156876 0.558112085 1.2597549
    1.74909413 1.25545311 0.409216881 0.791782618 1.7917583 1.34234333
    0.0370561481 0.866171896 -0.643683672 -0.184633017 1.58652067
    -0.219549179 1.46436906 1.40445852 0.570103407 0.698037028
    -0.584117532 -0.0961529016 1.18045735 -0.0972118378 1.21628785
    -0.125594258 -0.615139723 0.488768816 1.53441358 1.40437245
    1.62904584 -0.161172032 -0.740387976 1.25256515 0.17685312
    1.63953781 0.423607826 1.48237419 1.78295791 0.10453558
    -0.0837540627 -0.428976536 -0.658797622 1.74177754 -0.619128108
    1.28991938 0.35568881 1.26771307 0.486571968 0.849912524 0.289088964
    0.836169958 -0.482104182 1.79667187 0.430600345 0.679002941
    -0.45899418 0.42424351 0.121941864 1.37544882 0.0732417107
    0.889921844 1.54081047 0.860860229 1.11993897 1.36835504 0.345006943
    0.112557471 0.0204978585 -0.296058714 1.09587336 0.736862719
    1.25224113 -0.294345319 0.871483088 0.49101305 0.560558796
    1.66234159 1.33318448 0.0465098023 1.67233229 1.74883318
    -0.667070806 1.7074964 -0.00928503275 0.018897593 -0.307861149
    0.699767113 -0.666808128 1.37533832 -0.220333576 -0.673829734
    0.198147058 -0.750592113 1.63900065 0.214880526 0.952309966
    1.61356044 1.77600658 1.78125143 0.262423933 -0.436603278
    0.300937593 0.659377337 -0.624262094 -0.538674057 -0.300447643
    1.61007571 1.56273246 1.58052087 1.35016584 -0.547598481 1.38432264
    0.794394612 0.515223861 0.691712797 1.11919308 0.209665656
    -0.0631759167 -0.368140489 1.7061379 0.27665478 1.15211248
    0.329061925 0.515241325 1.20819521 -0.588001549 0.873266816
    0.419473648 0.360436618 0.0642256141 -0.160822868 -0.294242144
    -0.0268334746 0.981115818 1.64061999 1.27660096 -0.455404878
    0.861720562 1.31013608 0.0782448053 0.0106469393 -0.687418103
    -0.711006284 0.957096457 0.982261002 0.207367361 0.89838177
    -0.398774594 0.138894856 1.76387095 -0.126700282 1.77010632
    0.379569709 1.15559018 -0.589586318 0.366104066 1.71650732
    -0.481495887 1.65937591 0.89436686 1.56833112 1.17705154
    -0.070709765 0.463065207 -0.0912225842 1.20511782 0.810376704
    -0.703648508 1.34016442 -0.207993686 -0.467802227 1.40648484
    0.840753019 0.0424678326 -0.414329469 -0.508659005 -0.0450337529
    1.76376975 -0.28491497 1.72685981 -0.570041537 1.5280149 1.34403872
    0.735717058 -0.589752316 1.13760114 0.589590549 1.07787538
    0.673834562 0.70689261 -0.174530625 1.57903862 -0.36482802
    1.23089468 1.20148182 -0.145008624 0.963799894 1.20073485
    -0.644952893 0.0313944221 0.86044538 0.811027646 0.632860959
    0.64305687 1.54116535 -0.282127917 1.60892177 1.18224776 0.326483607
    1.31063581 0.578554451 0.905420482 0.0761387348 1.71554363
    1.31653333 -0.570088744 1.12412333 -0.32091552 -0.404796243
    0.788991094 0.765473843 -0.363794565 -0.38128528 -0.514866173
    1.37371802 -0.550902843 -0.277594566 1.54550791 1.45560217
    -0.510224104 0.00167101622 0.436253607 1.27186728 0.747380614
    0.744395137 1.21863818 0.907322705 -0.324320018 1.38384461
    1.21333504 0.745018423 1.56022239 0.76602447 0.345342815
    -0.00258153677 1.00100994 1.65014291 -0.686368823 1.14441228
    0.780012965 0.578064322 1.04104626 -0.129298151 0.817145169
    0.492392302 1.46336246 0.157321334 -0.079803288 0.897031665
    -0.115921557 0.484928608 0.312081814 -0.535335958 0.240474105
    1.57350326 -0.353613257 0.749645054 1.08097076 1.29085612 0.12586683
    -0.769028544 0.226689517 -0.370210886 -0.109086692 0.400752485
    -0.101576865 0.82654357 -0.543390274 0.749268472 1.57414067
    0.854225099 1.53853774 -0.408364356 0.551918805 1.5047431
    -0.73056066 0.772149742 -0.64897567 0.0391439795 1.00527596
    1.15300298 -0.382439673 1.50250077 1.23492646 1.1269654 0.915317953
    0.573838174 -0.374023825 1.60096288 1.57490277 -0.511788964
    0.368654311 1.1212182 1.4991765 1.54799533 0.658676803 1.22008705
    0.421525478 1.18789482 0.439085603 0.82062 0.317265391 -0.57503587
    1.03813195 0.100608408 0.462369919 -0.1031968 1.3043375 -0.544797659
    -0.742934167 1.37678766 -0.394964725 -0.673749387 0.603785038
    1.33107519 -0.795937836 -0.701816142 1.66389322 0.164024115
    1.68273091 1.8424077 1.44240606 0.447422743 1.46901548 1.94590807
    -0.431147814 0.102823675 0.609274328 0.193360448 -0.586124837
    1.52581763 -0.196817875 0.567683578 1.67262518 0.682098091
    0.315259099 0.593612015 0.492474735 1.68856573 -0.0954810977
    -0.024195075 0.377634525 1.58266282 0.0265172124 0.780802846
    0.331351042 0.78999275 -0.603325963 1.7078315 1.49817419 1.49968004
    -0.199763477 -0.265126169 1.68421912 0.628523827 0.726622939
    -0.158305109 1.50004792 -0.547031105 -0.127475262 1.36437368
    0.874622524 0.618897438 0.77426362 1.08088291 1.75117302
    -0.359978646 0.458866835 1.43667746 1.64296937 1.23512077
    0.731186748 1.4509021 -0.623139501 1.03059912 0.360804021 0.69718945
    0.929638624 0.182223737 -0.477936983 0.981270254 -0.204677701
    1.55467153 0.149485171 -0.16801554 1.29011106 1.52287483 1.01382232
    -0.245331526 1.09347486 -0.429620594 0.76905793 1.02187252
    -0.136410594 0.994968116 0.759706199 -0.461339921 0.190071523
    1.59791875 -0.367375791 -0.789374352 1.67117548 -0.718525589
    -0.444261223 0.701960325 0.387952089 -0.854900241 0.181702435
    0.553704381 1.564996 1.1573658 -0.703047216 -0.0384834409
    0.718161345 1.29747415 0.735695302 1.43184733 0.236693919 1.77995729
    -0.661967993 -0.388376474 0.408359766 1.17469263 0.794473946
    0.140133202 0.0871163607 0.464191318 1.46342826 0.507222712
    1.36674237 1.08232999 1.33679593 -0.289537668 0.612557113
    0.375972152 0.985284805 1.40159392 1.06656146 0.390354037
    -0.0841011405 0.0482670069 0.619845629 0.0807997584 0.960870564
    1.43683124 0.169947445 0.965677738 1.66730475 0.441939235
    0.0185054541 0.767728686 0.553466976 0.85842818 -0.398315609
    1.31065822 -0.679020107 0.650273263 1.71147442 -0.375817597
    1.04849672 -0.182678223 -0.200339258 -0.560263216 1.72024369
    1.30678403 0.0629498363 -0.0206149817 0.482887149 0.186191142
    1.5897876 0.159851074 -0.801115453 1.51796472 -0.312157214
    0.283673346 0.577710271 1.65347207 -0.849941254 0.402338743
    1.30288208 0.848742902 -0.588773847 0.806111276 0.972559392
    0.897358835 -0.758798599 1.04606152 1.21756482 -0.613465011
    1.59697199 0.83121562 0.0359953642 0.693052053 0.961257219
    1.43958437 -0.678477287 -0.755024374 0.280180275 -0.400803506
    1.3108964 -0.383409202 -0.0220074654 1.32257414 1.78435922
    0.128155351 1.10463262 -0.394882947 -0.773223817 -0.468958765
    -0.704607785 0.342974424 0.138931692 1.57626915 0.39149791
    0.167542756 0.636897326 -0.130927503 -0.204458416 -0.578874826
    -0.0924078226 1.58803546 -0.0317624807 0.323174596 1.17352176
    -0.614312589 0.745105922 0.330448329 0.930189371 1.22174048
    1.7759701 0.621295333 -0.133109748 0.46918267 0.89544338
    -0.277218521 1.61898208 1.16563416 0.791943669 0.0673744678
    1.03938484 -0.115222394 0.726040959 0.666174412 1.36322403
    1.24377513 0.201125503 -0.56166178 1.27133131 -0.56014967
    0.974955618 1.22396231 0.889845788 -0.494819105 0.135920286
    1.54617572 0.660156846 1.2912842 0.109086156 1.05217171 0.535101414
    1.47888231 1.44117558 0.362154067 -0.204545259 -0.412200689
    0.660085738 1.68590641 -0.320640236 0.742220402 -0.198512614
    0.00693750381 1.42419267 0.0928293467 1.01739764 0.897850335
    0.416217923 -0.502524495 0.243458509 1.66689897 1.29912853 1.9985621
    0.642226279 0.680358291 1.26243973 0.409763813 0.928215921
    -0.774874985 -0.195121646 -0.0412544012 1.39601374 1.17126274
    -0.555741251 -0.0345848799 1.5083766 0.483628154 -0.524433911
    -0.592700303 0.12478286 -0.684306324 -0.633361936 1.15850258
    -0.690839946 0.263345718 -0.591084063 0.986423254 0.599852026
    0.597254515 1.2564857 0.370754778 -0.33754164 -0.539254308
    -0.609050512 1.48346186 1.33989739 1.09904242 0.0272822976
    1.05785251 0.0581650734 1.27720141 -0.449139655 -0.334019691
    1.31282938 -0.592396736 -0.76443845 -0.709502459 -0.570804596
    1.45291233 -0.265372336 1.28103352 -0.0618585348 1.11385953
    0.385038078 -0.25673151 1.53758144 0.358628929 0.194912314
    0.226017118 -0.261508971 0.725385964 1.75263679 -0.0177428722
    -0.23599112 0.533088982 0.369852722 -0.645322144 -0.566470563
    1.51484513 1.45595098 0.0998426676 -0.0667865276 0.074842453
    0.718680024 -0.208200574 0.209255338 -0.0129758716 -0.716778338
    0.669166923 -0.382946432 1.64348364 0.895501673 0.779244065
    1.50873041 0.160608411 -0.306490123 1.4918828 1.56527078 0.903804362
    0.0311437845 1.60679936 0.378431499 1.28594768 0.160145998
    1.53144789 -0.0210074782 0.508927763 -0.342746466 1.38482249
    -0.365019739 0.30226773 1.25674987 0.163365781 0.582931638
    -0.666243315 0.751179755 1.33405101 1.62621486 -0.573593795
    0.318581045 0.751408935 0.490308881 1.49456334 1.18364501 1.68269157
    -0.536439538 -0.0492370129 -0.282153696 -0.737622619 1.62723827
    0.565776229 0.75867033 0.133546293 1.73399115 -0.42421338
    -0.600105047 0.483318627 0.0122378469 1.65682149 0.465451241
    0.399717331 0.822806895 1.02067065 1.65702057 -0.294458926
    0.653089285 0.529288888 -0.137093782 1.30722237 1.34420085
    -0.261698246 -0.1603145 0.0399566293 0.773085773 1.33465004
    -0.50506115 1.30883384 1.69344807 -0.756557465 0.245820105
    1.64418364 -0.714747369 1.74182463 1.14449465 0.971727252
    0.770451307 0.0632092357 0.789135158 -0.373586357 0.265762687
    0.924075723 1.5557344 -0.646572173 0.996005952 -0.496316522
    -0.2085253 0.150856555 0.510740936 0.45196718 0.367197096
    -0.781467795 1.0937959 1.2275219 0.857848406 1.48689842 1.5164423
    1.40561879 0.506874382 0.284421027 1.3489238 0.815600455 0.71997714
    1.13649344 0.324518323 -0.0916025639 0.518941343 -0.422774345
    0.910649419 0.442084372 1.21561265 0.878101468 0.455689907
    0.777649164 1.54699993 0.680974305 0.859163523 1.16178274
    0.0362488031 1.68863583 -0.324432284 -0.295914978 0.576956213
    0.844065309 -0.20035696 0.661409259 1.26049471 0.894108653
    -0.00332057476 -0.194637477 -0.611584067 0.997056663 1.03173685
    1.27347636 -0.343423456 0.224351645 -0.00085580349 0.111846745
    -0.124721289 1.58755255 0.542508662 -0.66333288 0.289048254
    0.466263115 1.08808136 0.413684249 1.53941667 1.13183761 0.143679857
    -0.811187208 0.556151569 0.252654552 -0.242693126 0.825595677
    0.162784755 1.33834648 0.208180308 1.74326849 0.106549263
    -0.510569692 0.969856679 -0.451714545 1.3177371 0.0749167204
    -0.524527133 0.425273895 -0.0326737165 0.833706677 1.28485894
    0.441915631 1.72562647 1.63891017 1.76960182 -0.254158735 1.1209538
    1.75752068 -0.440559089 0.440535635 1.22209847 0.809606493
    0.551377296 1.85966492 0.31759727 1.30896735 -0.285266995 1.27076304
    0.56862241 1.09849954 1.71662974 -0.704118729 -0.590247393
    1.31764817 1.61099434 1.80339062 0.611567736 0.868373752
    -0.666885138 0.756711721 0.70559144 -0.689493835 1.35342169
    -0.69798106 1.17838168 1.08859038 -0.73530376 0.749391437
    0.0949403644 0.921162069 0.111743629 0.601894438 0.394602835
    0.355976403 1.35821056 1.72680616 0.356324852 0.269666672 1.4297936
    -0.81795907 -0.242819905 -0.695150554 -0.719000876 0.0733329654
    1.67902565 0.502550781 1.53496492 0.110543191 0.243653238 0.32836926
    0.445002258 1.35707951 1.17544055 0.480139196 -0.381971747
    0.282041967 1.12646067 0.636089921 0.0170154572 0.887273908
    -0.326013595 -0.437147588 0.987292826 1.3184104 1.81322479
    -0.361852735 0.0264071822 -0.154845476 -0.0908598304 0.209705472
    0.957536399 -0.253970146 -0.597530484 0.667553663 -0.300026745
    0.686219871 0.203842521 1.31435108 -0.75562042 1.56678796 1.08747268
    1.05785322 -0.843703091 1.44216764 1.21607327 -0.456278384
    -0.550198913 1.1613133 1.72662091 1.43941879 0.449811637
    -0.222289264 0.335826576 -0.563721061 -0.408689767 0.958444953
    0.533414245 -0.525982976 0.220078349 1.79943442 1.24183893
    0.695514441 1.37583423 -0.662489116 0.984418869 -0.533386111
    0.507355273 0.676144421 -0.00190412998 0.570201695 0.945266604
    -0.0684298873 1.36601162 -0.479592681 0.36395061 -0.746071577
    0.451554477 -0.134009719 -0.187595546 -0.235522807 -0.319316715
    0.312388718 1.22881317 -0.180130601 0.385850906 1.05262733
    -0.372013032 0.580138385 0.611266017 0.324340999 0.30321753
    1.23944461 0.553342402 0.960339129 1.61211765 -0.112332463
    0.0136489868 -0.27022022 1.26211703 0.69298476 0.971219599
    0.25617373 0.415253222 0.759428382 -0.0202597976 -0.254942119
    1.06420052 1.38320577 0.87994808 1.73287034 -0.780263662 1.06788921
    0.516289949 0.0481462479 0.103894413 0.529808223 0.588668346
    0.355811775 1.1301477 1.5139482 1.11035359 1.6683917 0.264590085
    1.0512054 0.152613461 0.0763399601 -0.525274873 0.32496357
    -0.480303377 0.0210090876 0.772722483 1.25859237 -0.373483956
    -0.694379568 0.351001263 1.67071891 -0.493254781 -0.487114877
    0.248458683 -0.495067984 -0.297271997 -0.000107944012 0.672064185
    -0.360426635 1.14339542 0.798337698 -0.663155973 0.696236789
    -0.429713607 1.28043389 1.61112881 1.64626598 -0.269494891
    -0.402500749 1.65964949 -0.46572116 -0.28679502 1.4325695 1.20337558
    -0.088781476 1.02211785 0.239650369 1.41977227 -0.74827987
    1.22974968 0.571611524 0.330753684 -0.0599743724 -0.460242033
    -0.426648676 0.0286641121 1.03009975 -0.530827582 0.857389271
    0.572452903 -0.275805593 1.10353875 1.45564198 -0.0816339254
    0.509761333 1.18538201 0.667913675 -0.155556798 -0.461136162
    0.126156986 -0.610148966 0.902914464 1.4470067 0.645303011
    0.523199499 1.68295026 0.0977751613 -0.657966137 1.6081531
    -0.66588819 -0.162095785 1.31853032 1.15656734 -0.48754859
    0.25573945 0.237914264 -0.393948644 -0.00845789909 0.183000028
    -0.57626766 -0.168393373 0.559130251 1.36738849 -0.658218622
    0.873790085 1.78215241 -0.266488791 1.54728341 -0.633792758
    1.36689043 -0.29455024 0.832872987 0.183436453 1.86135161
    -0.134040713 0.289809883 1.62560797 0.921479642 0.338727891
    -0.52069819 0.416554987 1.62780404 1.00976694 0.926893592
    0.261614501 0.471192896 -0.0530257821 -0.723293602 -0.0399569273
    1.11094236 -0.602948308 -0.382094085 -0.602522731 0.511284769
    0.479670346 0.781940579 -0.240673065 1.28278399 -0.634741187
    0.216457069 -0.0699938536 1.06951523 0.597306192 -0.244813323
    -0.175519049 1.30639768 1.19204998 0.923067033 0.815011203
    -0.249927759 1.15725434 0.326468527 0.80206579 1.42438149
    -0.788088262 0.0589412451 0.580347955 0.797418654 0.357729256
    1.58048642 1.15748143 1.35732603 1.0074898 0.657718837 1.31668711
    1.01677251 0.522936404 0.825397372 -0.66787219 -0.68453151
    1.15592968 1.58777785 1.46910536 0.459943235 0.875415623
    -0.326449424 1.61666226 1.79814458 0.263134003 -0.27491951
    0.472682357 0.109358609 -0.445668221 1.58026314 0.844279826
    -0.188105583 1.30618012 1.75957942 0.996258259 -0.625470757
    -0.186031163 1.56853318 1.58268797 0.313740075 -0.144692004
    1.4622395 0.758642435 0.0749743581 0.669234037 1.42363882 1.20346522
    0.178812027 -0.65569675 1.36304843 0.973338246 -0.737765193
    0.702135563 0.562207401 0.233617663 0.211649239 0.462707341
    -0.661126554 0.136479378 -0.195240378 -0.698289931 0.802398264
    0.433926761 -0.712325811 1.25947452 0.320321977 0.921743572
    0.306556642 1.57054996 0.525871694 1.0958879 -0.279232919
    -0.155476391 -0.242502093 0.121101916 0.330217957 1.78761125
    0.588892341 0.102710962 0.760071993 0.0459948778 0.614635468
    1.55294156 1.03222132 -0.765324473 0.192572773 0.460555255
    1.43347359 1.12789869 1.19068444 1.52844405 0.0343579054 1.51448035
    1.01526809 0.865750849 -0.535562932 -0.189958274 1.47480035
    0.688813448 0.415732145 1.01293552 0.722323179 -0.00918775797
    -0.524847448 1.27162325 -0.538755178 0.0774979591 1.43698502
    -0.439614922 1.69040847 -0.055757761 0.814252138 1.30313289
    1.32434654 0.845347941 1.41441023 0.616665184 1.05900431 1.32374382
    0.625528455 0.788065672 -0.453440726 0.33573103 -0.0991434455
    0.920225739 1.66307759 0.336077452 0.829654515 0.729005873
    1.24241614 0.986645103 1.19004774 1.02654719 1.77234221 0.0285279751
    0.819604635 0.714361072 1.65396547 0.136353076 1.60803103
    0.386160791 -0.231699049 -0.0985296965 1.79348063 0.199923515
    1.51173735 1.71568036 1.06283784 0.0210956931 1.21366143 0.56081903
    1.50263238 -0.560669005 0.0384162068 1.05391359 1.1646893
    -0.240754664 0.204992056 0.0921353698 1.76219499 0.581583798
    0.366870403 0.391669989 0.890878201 0.747356832 -0.705646813
    0.999341965 -0.0615410805 0.198710382 1.50360548 -0.178814411
    1.44563258 1.55971658 -0.43601191 0.983273208 1.22845924 0.981707811
    -0.278797865 1.11333227 1.58612645 0.574291289 0.48490423
    0.309320748 0.203822851 1.00943267 0.0208042264 -0.278193653
    1.30439472 -0.164735258 -0.156142712 0.412446737 0.222578228
    1.05537057 0.604360998 1.26583838 1.51571953 1.0487709 0.652804732
    -0.458900779 0.47056818 1.75549817 0.607614517 -0.524884224
    1.16523194 -0.738693178 1.75529599 0.306224823 -0.622444212
    -0.527482986 1.28763556 1.43253303 -0.171225071 1.18248248 1.5650295
    -0.274422914 0.730838001 0.0599167943 -0.02567029 0.474766612
    0.393222034 0.256856382 -0.485846192 -0.530513465 -0.209631503
    0.745616317 0.489344418 1.41829872 -0.316109657 0.949495316
    0.289960504 -0.19249332 0.800723493 -0.40024206 0.998117268
    0.377108812 -0.735424578 0.368815184 0.113847375 1.05445755
    1.55726147 0.839651704 0.644446373 0.408503592 -0.703063607
    -0.404343367 0.33218658 -0.435729295 -0.187963426 -0.449271858
    1.24134529 0.600596845 0.499093056 1.09841251 0.0937641859
    1.51607513 0.811292648 0.0633821487 0.936103404 0.622225881
    1.40653396 -0.199306011 -0.219833016 0.721529067 0.601767123
    0.640100956 -0.0657287836 -0.494510263 0.998836696 1.38953972
    -0.163085103 0.0354545116 -0.0773336291 1.59479928 0.00934696198
    1.34598947 -0.738879442 -0.0461428165 0.382021427 0.578338444
    1.27548039 0.0654326677 0.534799337 0.627097547 1.57472491
    -0.651355505 0.722414315 1.23096204 1.63326108 -0.467819035
    -0.598938942 0.752196074 0.817862689 1.68004084 0.0874202847
    1.22643065 1.06914878 1.37976694 1.56352162 0.314121783 0.345634103
    -0.351144433 -0.618902564 0.173751473 -0.630906999 -0.0950587988
    -0.0798637867 1.2640574 0.107161105 0.686960876 -0.188067257
    1.07960415 0.287107289 0.718521476 0.252876401 0.454343081
    0.848695278 0.911816776 -0.553972602 -0.542747557 -0.397655159
    0.623627245 0.0655292869 0.402286828 -0.599825025 1.13836527
    1.26189446 0.337536395 1.48806179 1.34643912 1.10646963 0.983386278
    -0.0288230777 0.361105919 1.12433159 1.37429237 0.563791335
    1.15112615 1.42674935 0.494773269 1.27302241 0.0621602535
    0.976524532 0.200623691 -0.643433809 0.803394377 1.0725497
    1.43435323 0.984019697 0.289776683 -0.686343253 0.506670415
    -0.362282425 1.67621434 -0.388708502 -0.76128 0.426337361 1.24133408
    1.42598474 0.724382222 1.64700043 0.457818687 0.32219708 1.69346905
    -0.399481773 1.17343879 -0.340732872 0.6482988 0.559480071
    -0.128296733 -0.632450104 0.76514101 -0.334549785 1.02090383
    -0.397135198 1.55917192 -0.489384353 1.33498931 1.16920817
    1.32193744 1.44227123 -0.618498623 -0.48250708 1.29919744 1.12713242
    -0.190083146 1.38403916 0.774206221 1.09539938 -0.580514967
    -0.33217904 -0.276217818 -0.76428616 0.611205637 1.34227586
    0.806025147 0.565825284 1.15347576 -0.357906342 1.40911102
    0.0756816864 0.566376567 -0.0300506353 1.01756954 -0.301206291
    1.44142532 0.417477965 1.32761514 0.30099529 0.62167275 0.428346753
    0.168701172 1.26665759 -0.586707354 0.188972592 -0.63158232
    -0.394290894 -0.693347037 1.69449031 -0.556121886 -0.743791103
    -0.722888887 0.0409920216 1.16754746 0.876436949 1.35475898
    -0.596140027 0.383698285 0.879759371 1.60738206 -0.438473552
    0.0174955726 1.26448107 0.878355503 -0.0606573224 -0.458230525
    1.53629863 0.606259167 0.583771706 1.29061389 -0.62483573
    0.604705811 -0.569250286 -0.647822738 1.48152637 -0.607034326
    0.377768457 -0.479334742 -0.71400249 -0.154456556 0.52784884
    0.0283223987 1.38129997 -0.329792261 1.834095 0.483852923
    0.0151972175 1.85014272 0.254609764 0.358684599 0.419516623
    -0.602975607 0.744372845 1.6122427 -0.688540697 1.34024262
    0.869744241 -0.435999036 1.83478689 2.00192451 0.0876751542
    0.395801783 1.19687939 1.06423354 1.48264837 -0.638838232
    -0.504958808 1.13051343 0.250441849 -0.495253801 1.54580963
    1.10090208 0.510445237 1.61159253 1.0895226 0.890101135
    -0.0228307843 -0.393251061 1.07828498 1.70932508 1.58277988
    -0.647787571 1.55943298 1.08390522 1.38284612 -0.346076161
    0.665176272 1.6143322 0.216861963 1.14292884 1.28970838 -0.458411008
    -0.441991866 0.451856136 -0.385038376 1.30451095 -0.004162848
    -0.475668609 -0.217140675 1.19011211 0.702070475 0.908999443
    1.54018307 1.32703328 0.151296914 -0.67838186 1.65495777 0.847185969
    0.667789161 -0.266557217 1.51373434 0.130405247 -0.632758737
    1.4199549 0.21480757 0.159328103 0.124416471 0.172628105 0.986803174
    -0.0772718191 -0.759780526 1.29042268 -0.650464535 -0.504946589
    -0.65877533 1.13543725 1.6732043 -0.375693262 0.896778464
    -0.0187491179 -0.311722994 1.74024987 0.702260494 -0.750429451
    1.02882087 1.62799466 1.57128501 1.14521837 0.508999169 -0.272367299
    1.34285545 1.18164229 0.463995278 0.844981432 1.00563073 1.00873637
    -0.838838935 0.952944934 1.63457072 -0.115769267 -0.448658943
    -0.468938977 1.34914732 0.511650503 -0.14325732 0.364539802
    0.50936377 -0.361134857 1.28564262 1.01870704 0.927868068
    0.0494176149 -0.54606986 0.937831104 1.38713515 1.62389088
    -0.430122405 1.66740608 -0.307407975 0.830937147 0.475733936
    1.60396767 1.60655689 1.70460665 0.233327866 -0.628613174 1.60179567
    0.34414202 0.502563357 0.836128891 1.67409825 0.11787951 1.10813284
    -0.379896611 -0.543108463 0.423061907 1.53763032 -0.0492089391
    1.37401688 1.7255826 1.0399282 1.15373862 -0.650871694 1.06601906
    -0.438009888 0.180996656 0.439524293 0.497989535 -0.609865248
    1.50963092 1.20609224 0.75418061 0.134164274 0.596808195
    -0.669148445 0.603464961 0.621089101 1.2463274 0.658996284
    -0.609454989 -0.198493302 -0.113830984 1.42313457 -0.689831138
    0.0516501665 1.54205024 1.18781185 -0.800617039 -0.322306871
    -0.182267368 1.63504887 -0.615781307 0.615615726 -0.282123089
    1.46924019 0.634231687 1.56317806 1.00421619 0.0397959948
    0.193541825 0.918107033 0.460075855 0.131197333 -0.508123517
    0.18375361 1.01170969 0.973730206 -0.0359255672 1.26636195
    0.331331015 -0.414102405 0.341735303 0.245059609 1.2873981
    0.130493641 0.322840095 0.103051841 0.902207315 0.70961839
    0.12780422 0.378603399 0.996735334 1.42163229 -0.137499392
    0.391248345 -0.452315748 0.15403676 -0.148536026 0.583241165
    0.772833347 -0.0324739814 0.762389898 -0.124278545 -0.16910392
    1.01444364 1.62526727 0.272078633 0.202168584 0.803938508 1.24025202
    -0.27516377 -0.641341507 1.02253127 1.38130045 -0.580399513
    1.52230668 -0.866514385 0.651060343 1.4750154 0.0730685592
    -0.0373305678 1.20898223 -0.0593390465 1.53746676 0.913710713
    0.513580918 0.716117024 0.285813034 0.619819939 0.34185195
    1.64457715 0.839788973 0.845285177 0.0725384951 -0.270723939
    -0.531648755 0.918558598 -0.6574893 0.484086215 0.714150429
    -0.710406482 -0.569758356 0.477855623 -0.579262018 1.80603158
    0.644908726 -0.541223049 1.7702868 1.15037107 -0.380631745
    -0.140169978 0.624872684 0.552036166 0.766696632 0.742604375
    0.91096586 1.0386548 1.88567257 -0.133499354 0.658906758 1.06135011
    1.61419022 0.809086561 0.899041831 -0.467200637 0.291762829
    -0.595642626 0.451875806 -0.00912952423 -0.602106452 1.56511879
    0.0947493315 -0.263395309 0.178812265 0.388577044 1.2740593
    0.251699805 0.96061939 -0.310509861 0.0337167978 -0.757312655
    1.74574184 0.167150795 0.187165618 0.932097793 0.490003467
    1.52643418 1.75223184 0.822217047 -0.321468025 0.115777433
    1.28843653 0.50729233 0.0995972157 1.7450887 -0.519623995 1.56583977
    1.49612427 -0.45322305 0.312637448 1.3120892 0.966871142
    -0.507948399 0.326166749 0.71915257 0.532770872 -0.207608521
    1.04535007 1.37817287 0.626461148 0.393952668 -0.650928259
    -0.229189157 1.45914364 1.1703794 0.27750957 0.435430884 0.713551879
    0.182101667 0.153959036 -0.716276944 1.40740061 -0.648344636
    1.02203846 1.60182357 0.715196908 1.65020704 -0.433932155
    0.578612149 0.41156131 -0.533021808 -0.630897939 1.67185283
    -0.100015163 -0.399686217 0.610004365 1.38651252 -0.593997359
    0.44287312 -0.794969797 1.03495932 -0.131147623 1.48334932
    0.76334554 1.22858834 1.49575567 0.317631423 0.964830399 1.54534757
    0.988313735 1.25568426 1.69234514 1.01481616 1.02404785 -0.804519117
    1.55381835 0.85000664 0.0650226474 0.723736703 -0.764755964
    -0.164798975 1.53139734 0.91987884 0.27597332 -0.234149992
    -0.165257394 1.2884059 1.13379002 1.38668895 -0.0431609154
    1.38902307 -0.692004442 0.599298358 1.55347872 0.734254718
    0.150198817 1.45474958 -0.697063804 -0.627349854 0.0589721799
    1.18429828 0.822194934 -0.0874971151 -0.28803587 -0.45410201
    -0.596334815 0.016382575 -0.0225202441 0.433997035 1.15478861
    -0.379715949 -0.712779582 0.719805181 -0.389306545 -0.246671617
    1.3120296 -0.265823305 -0.397734344 -0.15948087 -0.448108166
    1.32443321 -0.16724062 1.11250424 0.0927957296 0.348843217
    -0.716647148 -0.319471002 1.61112523 -0.118087649 1.03993022
    0.114161849 -0.318875432 0.0657875538 -0.0479838848 1.30525386
    0.286794841 0.593534887 1.11709929 0.94099474 0.00753074884
    0.419606209 0.626836836 1.68826663 1.06494951 0.652658939
    -0.666294336 -0.537599802 1.67452002 0.0760734677 0.207379043
    -0.068457067 1.37590623 0.642474234 -0.132661283 0.0337901711
    -0.637418985 0.106595218 0.111840487 -0.135915518 1.4063139
    1.66847003 0.0801723003 0.521941006 -0.409664601 0.0631123781
    0.0326274037 1.64516616 1.06381464 -0.570115209 -0.128605664
    1.03261447 0.602794886 1.00097501 0.243116319 0.716073513
    0.307666361 -0.0413389802 1.07922173 1.69728613 1.63601041
    1.65088511 0.0426474214 -0.184895158 1.43599772 0.292521
    -0.685540318 -0.795817018 0.788342476 1.25249779 1.5248971
    1.37353134 1.01927602 0.298407435 0.167289853 1.46847451
    -0.108451307 1.5310657 0.659584582 0.36288774 -0.236085594
    0.18154788 1.69641542 0.350831687 -0.00180160999 -0.00702148676
    0.675700366 1.2300235 -0.60036993 -0.576224566 1.3935771 1.65151298
    1.46851242 0.355364501 -0.525981069 -0.0769016147 0.622262597
    -0.709636807 1.01741385 0.969418645 0.671405196 0.589898765
    0.262521982 1.58007646 0.529233098 -0.454821706 0.379394889
    1.62942982 -0.0190416574 0.864899755 0.406979322 -0.25823468
    0.0486231744 -0.166266859 -0.462939799 0.936855555 -0.523473501
    1.47104955 0.438339531 0.204695284 0.203350842 1.41336393 1.7089653
    0.414764524 1.41117597 -0.64394784 0.83048749 -0.782779276
    1.30112958 -0.541701317 1.45182419 1.43302917 1.22791648 0.742964268
    1.6399008 1.11213183 -0.478553176 0.0643915534 1.67803574
    -0.236878932 0.875997186 -0.396995544 -0.251408398 -0.0700181127
    0.843230069 1.53425074 1.39225221 0.757773101 -0.603449285
    0.31931603 1.16053605 0.931165636 0.489108622 -0.154842794
    -0.737172544 1.66895485 1.19643426 0.131796718 1.4703722 1.37494576
    1.13358128 -0.590799809 -0.100705743 0.491093934 -0.388343573
    0.690003872 -0.666889846 -0.114346266 0.534224033 0.672400594
    0.0672194958 0.582738757 1.77395582 0.313178658 0.980214894
    0.631187737 1.6497333 -0.143748343 -0.650668502 1.19184959
    1.11622286 -0.776244402 1.71021938 0.556274414 0.555656254
    0.340640366 -0.481061041 -0.281523049 -0.634154022 -0.368617654
    0.482402802 -0.608988523 1.04343009 1.24435937 1.09456122
    -0.655332208 0.893258214 -0.227307916 1.55029297 -0.407458276
    -0.555815518 1.5245204 -0.454053223 1.59601164 0.466507316
    0.831761241 1.47067475 0.512160778 0.730472147 0.100347042
    1.18147469 0.518618822 1.46363437 0.908507526 0.411411524 1.66676211
    1.57941508 1.25971591 -0.162619829 0.393413544 -0.384793758
    -0.48319611 -0.578259349 -0.239174247 0.51507777 -0.138727367
    1.67616177 0.551292121 -0.495351881 0.735745192 -0.101747811
    0.536373854 0.195203304 -0.617827535 0.285872221 1.11986125
    -0.41493544 0.822803676 0.928314865 0.298822582 1.05794609
    0.919134617 -0.413382232 1.38851357 0.00532352924 -0.122075379
    0.419816136 0.507828772 0.219447553 0.402040899 -0.360643506
    -0.593629181 1.18706059 0.822339416 1.29899919 1.21445322
    0.352593839 1.39358616 1.2188437 -0.649760842 -0.768399775 1.2885257
    1.77512276 0.949863911 0.340006053 0.359339476 1.44724619
    -0.240908861 0.975322664 1.31132126 1.16990614 -0.649130344
    1.60866249 0.85162425 0.653415084 0.29031831 0.0456822515 1.00616717
    1.5211463 0.634667635 -0.578834772 0.134525239 1.40868139
    -0.122284949 1.58601391 -0.408044517 0.305311978 0.638842404
    -0.181456387 0.656647503 1.12856936 1.5125041 -0.566899419 1.6084373
    0.145407557 1.51067138 0.456294179 -0.584433079 1.62532878
    0.275870919 0.147100508 -0.51310277 1.26522779 1.17729235
    -0.780322194 0.300674379 1.72930932 -0.247442305 1.40355062
    -0.525304317 0.713678122 0.0337651372 0.324406266 -0.315388799
    1.42606938 0.221006274 1.58931899 -0.257044315 0.488017261
    0.354263604 -0.160480261 -0.0472079515 0.628785849 1.5845077
    0.858085692 1.58007312 -0.451547295 1.12889338 0.679463267
    0.473248661 0.262011826 0.884465575 0.850892067 -0.201784372
    1.41282713 -0.625908256 0.986825347 -0.255378664 0.570772707
    1.03377867 0.0082244277 1.68292904 0.352437913 1.34122205 1.37846065
    1.59954238 1.70028317 0.567321658 0.33027494 1.38287783 1.18741834
    0.430493414 0.789304972 0.61646539 -0.124183178 0.540713847
    0.998065293 -0.304907322 1.47266281 -0.469540924 1.29394555
    1.68137503 0.352681816 -0.552797437 1.28534436 1.76532292
    -0.187093854 0.0880519152 2.14222956 0.698967934 -0.429421633
    -0.468761802 -0.167486012 1.15960062 0.115473151 0.899074495
    0.223445237 -0.795567989 0.980083525 1.65860629 1.33872962
    1.45160282 -0.27001965 0.974236548 1.15190506 0.778939545 1.70480108
    0.296636283 1.70614457 0.730298102 0.134800494 1.72670579
    0.731343031 1.28395605 0.770050704 -0.779115915 -0.35512054
    -0.626737833 -0.47058633 1.59529185 1.01729536 0.657943189
    -0.459322423 1.20799458 1.50516129 1.00019014 0.548686087
    -0.576396644 1.5214467 -0.109224677 -0.713195741 0.285966873
    -0.728542924 1.29049134 0.352206051 0.198859155 0.095392406
    0.830475509 1.47463036 1.4174521 1.45543265 1.25462866 0.291131735
    0.729301989 1.05550933 -0.728496313 0.744852424 1.18002474
    0.410892069 0.25286001 1.40135491 1.53730512 1.29000366 0.154430866
    -0.148653746 1.48957419 1.42034769 -0.607479692 1.38700628
    -0.130998194 -0.713503718 -0.291827291 1.67957318 -0.0415116549
    0.508371949 1.58470976 0.874335766 0.037786901 -0.715313971
    -0.24831748 -0.243954778 0.28687638 1.59428096 -0.0289364457
    0.883563459 -0.2597875 -0.531305552 0.783168137 1.43935144
    0.322451174 -0.699448705 0.711883545 1.12982321 -0.782682419
    0.551305234 -0.162193656 -0.861459196 1.26584852 0.299597263
    1.3927691 0.711585879 0.598365128 -0.638526797 0.118070304
    -0.42707324 0.199895024 1.66659141 1.17002189 0.58495903 1.64379132
    -0.216336548 0.649986982 0.272891641 0.591166198 1.48450994
    0.00867140293 1.04151416 0.753147483 1.2738359 0.464562118
    -0.232894182 1.37925494 -0.132485986 0.795809209 1.15901279
    0.148789346 1.27686834 0.026102066 0.228740633 0.913943887
    -0.407672733 0.866522431 1.24836564 1.04902983 -0.111609578
    0.502052367 0.570854425 0.983880818 1.20197749 1.29783893 1.31135368
    0.933586895 0.678516507 1.69268703 1.01050282 1.51986527 0.931070864
    -0.635435283 0.331010997 1.41830111 -0.497210324 -0.0173291564
    0.983759105 1.50497293 0.511717677 0.713824451 0.558843672
    1.64154375 0.71453011 1.17275786 -0.736175299 0.279913306
    0.0919618011 -0.290194124 0.703668952 1.08681417 0.781413913
    1.65947378 0.847352922 0.392794013 0.55734694 0.301463187
    0.808497727 1.46803367 0.54841131 -0.0413478017 0.72681278
    0.27222836 0.809988201 0.363547862 1.32555175 0.0834709406
    -0.122634768 -0.0505346656 -0.362690806 1.12853861 1.45328903
    1.40760159 0.719048738 0.841628909 -0.481998831 1.43196225
    1.11020625 1.50400114 0.900867164 0.511883199 -0.571026564
    0.238499701 0.330051541 1.77253389 -0.191884816 1.57435429
    1.30342555 0.260471463 1.14402449 1.00439823 0.672279775 1.14173651
    0.532059729 -0.0775232911 0.980795681 1.01636958 1.72759998
    0.113971591 0.493304253 -0.669197083 0.746112823 1.66272271
    0.884703875 1.25108624 0.0597073436 -0.233763158 0.258008361
    0.0232920647 0.146737695 -0.0916528106 0.976409733 0.65942663
    1.30558121 1.60861254 1.5159719 0.100125492 -0.0871542096
    0.905251324 0.260040581 -0.322357923 1.80238962 0.105090439
    1.39299476 0.719753325 -0.570746899 -0.53870213 -0.00175035
    0.620015025 -0.183800161 0.374251306 0.0615124106 -0.591104746
    1.66686296 1.10605526 -0.534956098 -0.557519317 -0.0138334632
    0.108873308 -0.398301303 1.69617093 0.953739107 0.119449615
    0.888421476 0.577279568 1.71390033 0.614735723 1.37825394
    0.809426725 0.626546144 1.41548407 1.03130269 0.277773321
    0.714967072 0.642984688 1.30250454 0.417543232 1.61668169
    0.0722269416 0.105343878 0.59423095 -0.513686895 1.73084426
    -0.185398519 1.53828716 0.802502453 0.423755288 1.72199821
    0.782726407 1.44467258 1.41717553 0.917475581 -0.461873621
    -0.513106644 0.568333745 1.07495809 0.0566754341 -0.373672098
    0.0286231041 1.46680379 0.245343268 1.66838431 1.1539886 0.750696898
    -0.817185462 1.28719997 0.240194082 1.24103951 -0.08082968
    -0.200174868 0.191471398 0.68327117 1.44782257 0.481705308
    1.04852283 -0.0209088922 1.38871694 0.507189989 1.65927982
    0.524892449 -0.12785095 0.14004302 1.26089108 0.758077264
    -0.463692904 1.52723455 1.05340469 1.14369678 0.703137994 1.4044708
    1.06369376 0.256576061 1.76697695 0.632397294 -0.453922838
    1.39795113 1.62606609 -0.48920998 0.135085344 0.95906359 0.441382527
    1.0321238 1.50812721 1.17213595 0.472528338 -0.250495553 0.464205384
    -0.60442996 -0.259086967 1.24248159 0.955912828 0.253181994
    0.03574121 0.444117308 1.46649611 0.84955287 -0.314298928 1.08277535
    1.3080163 1.43745589 1.10723996 -0.493991822 -0.273805141
    -0.605911791 0.798154056 0.711418748 1.31303406 1.72450411
    0.642383814 0.91681385 -0.0515126586 -0.516505241 1.72734761
    1.28727508 1.25499058 0.56665659 1.50717485 -0.564969778 0.345071018
    -0.681281745 1.00655365 0.395822108 0.107845664 1.19585598
    0.99957794 0.960199118 0.166109741 -0.425926268 -0.630587935
    1.72821784 0.501011848 0.647458673 -0.293345541 0.635084629
    1.08204913 0.821511745 0.220593095 0.37595439 0.145564854
    0.473624587 1.5409323 0.0430675149 0.0257663131 0.765385628
    0.154620647 -0.332227856 0.719239354 0.650307119 -0.619431973
    1.11647844 -0.645266175 -0.281267315 0.948957503 -0.576627493
    1.23322535 1.74694085 -0.553852499 0.360932589 -0.172048032
    0.699163437 -0.407140732 0.148222744 0.812842369 0.522016227
    -0.768800616 -0.285478801 -0.445082009 0.283001184 1.74122655
    -0.307944536 -0.327697545 0.591382682 0.507133365 1.1466794
    1.54577553 -0.22772038 1.16718972 0.698017836 0.584200323
    -0.0688122511 0.845478177 0.497998834 1.38744593 -0.199400961
    1.15071964 -0.503820717 -0.350468516 0.370467901 -0.0888652802
    0.0041385293 0.579632819 -0.520484447 1.43999064 -0.0761624575
    0.429028153 -0.137765467 0.898316264 -0.458085626 1.55694628
    0.598968863 1.65035796 0.312382102 1.23268628 0.988412082 1.01916635
    0.0347719789 1.51033342 -0.0269122124 1.2894001 -0.316315651
    -0.194230139 -0.802449942 1.05332589 -0.00299656391 -0.425948113
    0.425622642 0.454872668 -0.666835427 0.767668605 0.595946074
    1.65222788 0.565815091 1.5640707 1.11240602 0.28378135 0.230567098
    0.00120860338 -0.0809311271 -0.0708699226 1.70466805 -0.609907329
    -0.00952082872 1.4087199 -0.335271329 0.251053154 1.2773416
    0.531064808 0.561197042 0.0335703492 0.512412727 0.347361326
    0.982213199 0.151330471 -0.0225940347 1.42688942 -0.10498631
    1.07557154 0.765372515 0.578906476 1.14891219 -0.588554263
    0.604168892 0.577206433 -0.230640233 1.60983324 1.01571107
    0.944671333 1.29028249 0.702835619 1.51287842 1.09791076
    -0.746927738 1.22581649 -0.0778640509 -0.605387509 1.34154296
    -0.0188317299 -0.523130417 -0.25195539 0.450550139 -0.000380814075
    1.34858274 1.44187939 -0.658964753 1.18107533 -0.673678517
    1.48132753 0.103231251 -0.239153802 0.266018987 1.01327538
    1.55563378 0.613884866 1.32069945 1.11961985 0.713774681
    -0.0904633999 1.07961488 -0.564654052 -0.394508779 0.0838431716
    0.922371984 1.64818621 0.424563885 0.198725164 0.455357134
    -0.668181658 -0.0677778721 -0.781287432 1.7387321 1.43251479
    -0.211854041 0.779777765 0.506177247 -0.213086069 0.151656389
    1.73227477 0.507888734 0.776617646 1.28819287 -0.610123634
    -0.234239399 1.29023194 -0.245233417 -0.528598249 -0.376649022
    1.72529435 -0.718036473 0.454416513 1.0926497 -0.196525156
    1.27916455 0.783593118 -0.166224897 1.44127989 1.45134139 1.71368241
    1.00453568 0.34603405 -0.615221858 -0.0259799361 1.10442364
    0.937816322 1.20372915 -0.727683485 1.26275206 1.30844629
    0.905483127 1.39508367 1.64906323 -0.30652523 1.6667788 -0.254550993
    0.935623586 0.442317784 0.00615644455 0.24152267 0.557174504
    1.42318797 1.22247338 0.522945285 1.05080271 0.535446882 1.09944952
    -0.41604349 1.60455084 1.00229692 1.6415168 1.64280117 1.65930247
    0.486750007 -0.0801066756 1.21621346 0.649422765 -0.43667227
    1.12063646 0.438175797 1.48935318 -0.163189948 0.997723997
    1.03621101 0.0895673633 -0.176335454 0.621921837 1.64127409
    0.29001838 -0.441033304 -0.802434504 1.36618209 1.15182519
    1.03527784 1.05333161 1.57401371 0.629104018 1.72770095 0.337405145
    0.710845709 0.59980613 0.292296827 0.494184792 1.11915278 1.57327318
    1.07747197 1.22098148 1.58640361 0.18765676 0.765026093 0.346246421
    0.293807209 1.31723905 0.944939435 1.14840364 -0.575361729
    1.26264358 -0.668133438 1.18724418 1.77284789 -0.469573647
    -0.704446197 -0.203278303 1.09551358 -0.0812703967 -0.655689776
    0.482627571 -0.692588031 1.36528945 1.04490566 0.964371324
    -0.00634205341 1.04532135 -0.0872417688 0.801796913 0.476304233
    0.233805299 -0.555923879 1.03854704 -0.202349842 0.646995187
    -0.544760644 1.70869827 -0.455816269 -0.128577709 0.676353812
    0.322735608 0.44936657 -0.535627663 0.637604058 -0.456112564
    1.83908856 1.51450396 -0.620298445 1.07104564 -0.634570837
    -0.698144913 1.59317005 1.05637944 -0.117818654 -0.251014471
    1.12524712 0.658472836 1.48740602 0.190087914 1.64758384
    -0.583261967 0.857774496 -0.649239659 0.225266218 -0.558816314
    -0.280604303 -0.0616227984 1.5360775 -0.681439459 1.52592754
    0.663043916 1.43875766 0.504661024 1.3367449 0.475035787
    0.0717360973 1.54471397 -0.750130594 0.989486814 -0.49874571
    1.47913206 0.946353257 0.342844605 -0.528800845 -0.27780205
    -0.726269603 -0.299353808 0.18332392 1.43534732 0.323027372
    0.285621822 1.2832396 0.901391089 0.60103631 0.0123904347 1.68840075
    0.298576713 0.262627661 0.0346594453 -0.352880955 0.0586832166
    0.977690399 1.5486002 -0.600649953 1.30844235 1.12713742
    -0.658269763 0.753135741 1.699651 0.351865709 -0.240628958
    -0.200915873 0.450192988 0.723653972 1.24576271 1.54596043
    1.00809979 2.00750732 2.00477886 2.07539964 1.26189244 -0.54096055
    0.655968606 0.604905069 -0.125642419 1.37830377 -0.44075492
    1.01651061 0.685553372 0.758181691 -0.257259786 0.469593525
    1.17519283 0.0947867036 -0.754628301 -0.409820706 1.58636045
    -0.715028822 0.762549102 -0.777865052 0.375491381 -0.395609409
    0.4012025 -0.514704466 -0.567380428 -0.371209383 0.976219952
    1.68750548 0.590642869 1.44375741 0.655596197 1.23594427 0.888665617
    1.71456051 1.00695992 1.6607933 0.786733031 0.219906688 1.50171304
    0.274528623 1.24915135 0.47137028 1.43665099 -0.467768252 0.50260371
    1.4997499 1.12767208 1.47822368 0.401258171 1.19387126 1.44081068
    1.46237063 -0.0304787755 -0.741844654 0.83046478 1.35306311
    0.0582095981 1.57253158 -0.215434134 -0.614930153 0.428140759
    1.79098272 1.24129367 -0.0774308443 0.170602381 1.11791778
    -0.607188463 0.520131767 0.102541745 -0.557267785 -0.024153769
    0.900973499 0.218901992 0.939330637 1.75969434 -0.0278835297
    0.301587999 -0.68871212 -0.200315297 1.00325406 1.16373706
    0.325018406 -0.636275411 1.22828543 -0.0393911004 1.67039955
    1.68136287 0.661901414 0.526842833 0.160276771 1.67172456
    0.650095701 0.186736524 1.00473809 1.2141 1.03198218 0.453751802
    -0.291246712 -0.59885633 1.5711987 0.499747634 -0.510040641
    0.0152390599 -0.351986527 -0.537128627 0.859174371 1.32439804
    0.0609065294 -0.754381478 1.45011699 0.376805484 1.05110192
    1.27369452 -0.784155428 0.862228155 0.0194764733 0.121323705
    0.200786591 0.625755608 1.69217646 0.320589781 0.0452774167
    1.10069537 0.578546166 -0.355478734 -0.30866906 0.500308454
    1.75317907 0.852719307 -0.539683819 0.858810604 0.336052656
    -0.395307243 -0.583696008 -0.4667027 0.672108054 1.27673888
    -0.043520093 -0.458722949 0.996072054 0.770151675 -0.616198242
    1.73950362 0.578212023 -0.627524972 1.73801541 0.384572625
    0.824896812 1.39877272 0.0573284626 1.34323382 -0.414246231
    -0.280810982 0.12702322 -0.386910737 0.580935478 0.575249016
    -0.299966276 0.0948662162 -0.237533152 -0.703663409 -0.504314184
    1.16892576 0.824445009 1.32616973 -0.588679314 0.867757201
    -0.28606075 0.454571247 -0.0347965956 1.71197844 0.0275633335
    -0.118270934 0.378520429 0.475769937 -0.350807458 -0.0305929184
    -0.464111805 -0.425248027 -0.554420829 -0.724497855 1.12730324
    0.689769566 -0.623531342 -0.666959763 0.266188502 1.02086234
    1.3917098 0.0347782969 0.801171958 1.02989125 1.12960899
    -0.387700766 0.532178581 0.928140104 1.60972428 0.264473021
    -0.153636336 0.843696773 0.780065656 -0.166261256 0.654250324
    -0.805068851 -0.78583622 0.640533328 0.573364496 -0.497679889
    -0.811311901 1.45689428 0.0250509381 -0.796135306 0.908630133
    -0.703245461 1.48432159 1.69066691 0.702035964 0.143350601
    -0.290014327 1.11249554 0.925760686 0.632761896 1.06412292
    -0.196005642 0.8715716 -0.273004442 0.12903434 -0.443754435
    -0.663655281 0.133129358 0.0895040631 -0.194142222 0.607232451
    0.345357418 0.978165567 -0.353009611 1.33983326 1.25327361
    -0.0234612226 -0.171279132 -0.196271122 1.80181372 0.152108371
    1.08789778 1.47463739 1.26247466 -0.479979873 1.43031144 0.184922099
    1.56109786 -0.426132023 1.01325428 -0.500443101 -0.166609526
    -0.0464606881 0.151675135 0.107895106 0.331211746 1.85062861
    0.759463131 1.69194102 1.49011326 1.32213259 -0.0905014873
    0.258445323 1.68543386 0.804077864 1.60156608 1.24827027 1.59540725
    1.06271064 1.64225006 1.49367595 -0.472110301 1.25764406 0.421287119
    -0.759733021 0.953337967 0.0304543376 0.853447735 0.214993715
    1.12679398 1.44151139 0.113369465 -0.33447367 1.24968457 0.950208008
    0.790398121 0.443511426 -0.382187426 0.0490418077 0.983288229
    1.08357477 -0.0517799854 -0.151889384 0.390258551 0.889189065
    0.225889027 -0.174743235 -0.378907651 1.59908855 -0.175720274
    1.11602783 1.01094675 -0.173780143 0.182878554 -0.774745166
    -0.575329959 -0.26837182 0.8300156 -0.795595467 1.36511493 1.2323122
    0.101770222 0.841623902 1.56203496 -0.0959737301 1.21797371
    1.08945501 0.45386517 1.19251347 1.72935367 0.402491808 -0.40530467
    0.342303276 0.140262067 -0.139154494 -0.722713172 0.523706973
    0.249461889 1.26245189 1.22167194 -0.681782365 -0.652761221
    -0.641129971 1.05308223 1.38506305 0.511515319 0.927454889
    1.55311894 1.03732681 0.254469037 0.774715543 -0.485088915
    0.342928946 0.136022985 0.670960128 1.21464038 1.58995771
    -0.433684886 -0.666200042 -0.150923133 0.723621905 0.428024769
    -0.375712544 -0.456107914 -0.825575471 -0.119536519 0.704482019
    0.78726685 -0.517338395 0.369649947 -0.721152484 1.02325201
    0.0609669685 -0.174973369 0.438530803 0.0190105438 0.876612306
    0.396178424 0.92153585 1.62812233 1.74239302 -0.32311365 0.92029047
    1.67451382 -0.17276746 1.78765607 -0.243537664 -0.584777296
    0.248382688 1.12707806 -0.789918721 -0.664872169 -0.272505343
    0.984472573 -0.714646101 0.262337446 1.4133184 -0.378877431
    -0.0220113397 -0.612178445 1.15542793 0.537305832 1.69204199
    0.616953015 -0.106244683 0.0514318943 0.842122376 0.104895473
    -0.208943665 -0.282625914 -0.509627223 -0.415102452 0.766574979
    -0.0526413918 1.67925549 -0.368124723 0.483710349 0.909049749
    1.61877823 1.40714109 0.202893376 0.18094486 0.07090801 -0.155712664
    -0.359179914 0.329691768 1.13904595 1.56624663 -0.288836777
    1.57868373 1.05417323 -0.232843518 -0.318586886 1.81077075
    1.65507782 1.31539941 0.977638125 0.104670107 1.64923418
    -0.320950568 0.126238465 1.06293941 0.864279807 1.81272054
    1.74082983 0.733385265 0.221571982 0.964159071 -0.333424032
    1.00188327 -0.501618922 1.64553237 1.73363709 1.08730364
    -0.235970914 0.447060525 -0.0539220572 -0.707973897 -0.100864291
    -0.293251514 1.62185597 0.230877757 1.30163074 0.567837358
    0.318368077 -0.535144925 0.417151392 1.07649779 1.01241696
    1.58947396 -0.25831449 0.242519915 0.471105099 1.48164845
    0.642060995 -0.316949189 0.210414946 1.52241445 1.29179811
    -0.7922979 1.57392597 1.01750815 1.3365463 0.999717534 0.657240629
    0.232988656 0.799265504 0.806636095 0.538932621 1.06139851
    1.74157548 1.00141263 0.271358848 0.826481998 -0.0913314819
    1.13771558 1.35181379 0.265954852 1.29659986 0.035476625 1.75757885
    0.22037816 -0.0122804642 0.518665075 -0.673961997 -0.710576773
    1.49558926 -0.511287451 -0.318853408 1.37429512 0.494953871
    0.495689213 0.0482501388 0.859444797 -0.281444192 -0.403517187
    1.86856365 0.876133204 0.0773932338 1.74843156 1.63343501 1.62830317
    1.30502343 0.574493468 -0.0804658532 0.959378123 0.166974962
    0.728489697 0.253986359 0.432504296 -0.244786024 0.683205724
    0.84720844 0.83530277 -0.658757627 1.31348062 -0.743562877
    1.63837266 -0.502013803 -0.479817778 1.45625496 0.389734209
    -0.450656563 1.33901191 -0.340323627 0.302520633 1.48757219
    0.538754225 -0.204619288 1.58291888 1.29933333 -0.705590606
    1.09049153 -0.271605074 -0.076251924 0.745920897 -0.562167466
    -0.724580526 0.664239526 1.17384458 0.695543528 0.913684249
    1.22284627 0.642383516 1.1517725 -0.369462788 1.25287247 0.514616251
    -0.0115870833 0.96368897 -0.448759884 1.30416691 0.503533661
    0.955629051 0.532479584 -0.373859942 1.60096812 -0.549356341
    -0.529192865 -0.558676839 0.295944333 -0.495929956 -0.0384758115
    -0.385128796 0.483646452 -0.495993078 -0.555644751 -0.755787551
    0.575892568 -0.285132378 0.490050435 -0.638997376 0.379018068
    0.595987022 0.594655693 1.56371522 1.37683833 1.50166893 1.36767912
    0.195517123 1.59110582 0.0383021235 1.64501297 -0.666220725
    0.063126564 -0.465517163 0.272209585 1.26413417 -0.0412126184
    0.0740320683 1.55685866 0.952417314 -0.62816453 -0.756934583
    0.56784308 1.53816473 1.6492573 0.490881205 -0.680742741 0.354795039
    0.921720505 1.57409406 0.594598353 -0.415647805 1.2312386
    0.981189132 -0.252618134 0.464654982 0.794603825 0.275778055
    0.64006263 1.50249815 -0.424204975 1.79808211 1.34732151
    -0.218697488 0.165529668 0.61729753 0.58418268 1.62219644
    -0.736005366 0.362787843 -0.180672705 1.56790078 0.753752291
    0.242058039 -0.659286499 0.934502542 1.09497952 1.50342321
    0.383592367 1.64075279 -0.104864776 -0.173232555 -0.164247811
    -0.0471394658 0.0158353448 0.270543635 1.29247546 1.22513175
    1.44528055 1.63437295 -0.319185555 1.66664541 -0.613537073
    1.31391394 0.792818069 1.65612125 1.62100387 0.210963249 0.721304119
    -0.0544133782 -0.305223942 1.59376025 -0.615000486 -0.437667489
    0.877742231 -0.688471138 -0.574030876 0.700222313 0.131962478
    0.974275053 1.75135863 1.75288367 -0.561111748 -0.590698779
    -0.334026188 1.43253613 0.0508410931 1.60784543 -0.649615943
    0.166828871 0.129631996 0.141123593 0.708835423 1.61536813
    1.36182964 -0.123717785 1.19001555 -0.237648368 0.912451208
    -0.659911752 0.972334445 1.08338118 -0.165830195 -0.209578454
    -0.266097307 1.70783055 0.12966466 0.303282261 0.921301365
    1.26494837 -0.191136122 -0.421350658 1.67673326 0.803502381
    0.79732734 0.9113096 -0.204611778 -0.603214741 1.53095758
    0.459485292 -0.127074361 0.447185278 -0.34783709 1.48688781
    1.72707844 0.908586085 1.33983874 -0.0902686715 0.572682977
    1.54043841 0.792814612 -0.382695407 0.617640555 1.04156387
    -0.391572773 1.42559874 1.1467886 -0.43834579 -0.0404294133
    -0.391814023 -0.110653877 1.60181177 0.245545447 0.339206815
    -0.122476459 -0.436053038 -0.643814862 -0.644371331 1.4426198
    1.77403522 1.33675599 -0.496896207 0.785625339 1.00746393 1.13305104
    -0.588242233 1.29642415 -0.692096353 1.63408494 0.387754858
    1.23990583 0.422092676 1.43106413 0.462642729 0.670073092
    -0.460629195 1.56436324 -0.357864499 0.761568129 -0.0747089386
    1.06142938 1.04498088 -0.492295414 0.39917472 2.05717015 0.909393251
    -0.272706836 0.30575633 0.491859913 1.32140148 1.09932375
    -0.817708433 0.682995737 1.44452333 -0.178111613 1.41518259
    0.905760229 1.02986443 -0.24620074 0.160538793 -0.124038935
    -0.126043558 0.663062036 0.828636944 1.72563219 1.33140516
    0.512190878 1.19917178 -0.224534988 1.62591457 1.50056696 0.3280949
    0.237149179 -0.229393899 0.940113544 0.480776548 0.0338070989
    1.68575561 0.531962812 -0.66356045 1.36725473 -0.312042415
    1.07028174 1.28629804 0.315618634 -0.495400071 1.75224757
    0.439148784 -0.227191329 0.828672588 0.484426022 1.65343666
    0.223552465 -0.616961837 -0.232722223 0.844549119 1.28706765
    0.596878827 0.599283814 0.629429281 1.27580214 0.0803357959
    1.05299973 0.352901876 1.48541689 0.951258063 0.570178628
    -0.734832466 0.115196645 1.41975498 0.334011018 1.32086706
    -0.236240327 0.341011643 1.18079615 1.76809394 0.237894952
    0.363555312 -0.406024724 0.0333961844 1.36251295 1.35808432
    -0.481339723 -0.145534992 1.2328248 0.906494081 -0.117378771
    -0.0881129503 -0.454322129 -0.630165517 0.783375919 -0.594664514
    -0.196504116 1.33793879 -0.508933663 0.0543880463 0.0924247503
    0.592166126 -0.456111819 1.64078689 -0.506322086 0.673203886
    0.740167141 0.846774101 0.823330104 0.532363832 1.53385663
    1.36507714 0.699023008 0.350972235 0.127280354 0.0827146769
    0.497236311 -0.674354017 -0.639835835 0.229140639 -0.496801943
    -0.109960198 -0.140989065 -0.342833638 0.0577130914 -0.677543998
    -0.193117738 -0.193163037 1.55497169 0.995170534 1.37001526
    -0.170313418 0.242249966 0.608119965 1.20235574 0.991770566
    1.25291228 0.701644361 0.543526411 1.20005119 0.692272902
    -0.714641988 0.134580553 0.0304095745 -0.44552058 -0.622191489
    1.41095352 -0.670634687 0.496237993 1.58591926 -0.732172251
    1.35868144 0.128865063 1.75453782 1.05876076 0.30440098
    -0.0573768616 -0.36188516 -0.605851531 1.28279626 0.67848134
    1.00999641 1.26845396 1.62280607 1.11838734 0.164835691 1.66251636
    0.132632792 1.07688212 1.15122747 1.77845252 0.0547492504 1.73409104
    0.0983390212 -0.683996618 1.40278888 -0.0489535928 -0.755003333
    0.533952057 0.122209251 1.24304414 -0.00828170776 -0.283200324
    0.918923438 0.0332168937 1.07325363 -0.602400899 0.631359458
    1.42133915 0.891368091 0.84957099 1.68621135 0.50363028
    -0.0186336637 0.545172155 -0.554788709 -0.742353559 1.37375605
    1.67601204 0.213946164 0.119525015 -0.223919213 1.32679904
    1.52934396 0.715338349 -0.653644025 0.213604391 0.154674113
    0.4528929 0.879626215 1.55496621 1.46527016 1.70791507 1.31228065
    -0.141902983 -0.577800989 -0.311917365 1.45785081 0.381947339
    0.738459587 1.03248167 0.360901654 1.31759763 0.242225707 1.41845751
    -0.0440043211 1.39604497 -0.732119501 1.64033341 0.0788422227
    -0.144426465 -0.190452754 0.825274169 0.104157269 -0.708038986
    1.38738966 0.321660817 -0.677923977 0.842093885 -0.589744151
    1.17410851 0.064186573 -0.357279718 1.56261778 -0.629731894
    -0.0784794688 -0.196882069 0.995238245 0.265944541 0.674897492
    0.399867773 -0.375962585 0.983164668 1.65009081 0.442090869
    0.0867808461 -0.127485871 -0.536260247 -0.512033939 0.901233315
    1.52889633 1.80312777 0.557781577 -0.0968454778 0.0754462481
    1.21378112 0.71361351 0.260479093 1.14399493 -0.0226227045
    -0.602645338 0.520320654 -0.211062014 -0.0745757818 0.182771862
    0.227930546 0.628799081 1.70353436 1.37051249 1.05724955
    -0.630799532 -0.525225997 1.48221934 1.44547558 0.147230566
    -0.543264508 1.55944419 -0.103307366 -0.241845667 -0.460379213
    0.629503608 1.50803339 -0.584192395 1.08286428 0.588628054
    0.289712727 1.02671266 0.732760429 -0.448145777 -0.283519715
    -0.42256698 0.949744761 0.691904128 0.447256386 1.50248742
    -0.176124811 -0.742770731 0.135394573 1.21509659 -0.81570071
    1.53325248 1.06849551 0.479320467 1.09474981 1.73627961 -0.663858175
    0.910888731 -0.812878668 1.26414919 1.52207005 1.30888629
    -0.276771426 0.995390832 0.371235371 -0.26695776 -0.110269606
    0.366011381 -0.551555872 0.825157166 0.476839066 -0.212611556
    1.48062015 0.388838291 1.39870989 -0.122603893 1.34995174
    -0.113912463 -0.588781118 1.03688121 -0.285085022 -0.187244892
    0.252453208 -0.465594262 0.628836453 0.482138932 0.966873705
    0.916072786 -0.214245737 1.04468775 -0.270265937 1.8058064
    0.678861737 -0.68653965 0.792813003 0.67026794 0.093198061
    0.84829092 -0.782001615 1.59789896 0.902599454 0.331897438
    0.750855505 1.47081161 0.47059828 0.974910855 0.273541391
    -0.846349776 0.393942118 -0.498056173 0.563687921 -0.594267607
    -0.170869112 -0.0981991291 0.245776772 0.208346665 1.30313635
    0.263512313 -0.173480988 1.27472293 1.12060106 -0.0576018691
    1.24967813 1.81828356 0.566366792 1.36603642 -0.30522117 1.21618128
    -0.0384322405 0.613913178 1.71060491 0.270328462 -0.515514731
    0.490627527 1.52529979 0.211350977 0.0871735811 0.721385539
    0.6742782 1.02803266 0.119391084 0.0674909353 0.856094301 1.05809999
    0.52088815 0.0246438384 0.414796352 -0.509021997 0.22323674
    -0.0979449749 -0.22181958 0.607196569 -0.0764605999 -0.249239534
    1.48467076 -0.0134237409 1.60945988 1.75831866 -0.722445965
    -0.686934888 0.176479399 1.6209923 0.89633137 0.597971618
    -0.159210563 0.175228775 -0.179185987 1.01242757 0.969296634
    0.895456076 -0.111832559 0.599735677 1.55698657 -0.0845015645
    -0.427093625 0.212412775 -0.567445576 1.30684793 -0.455292284
    1.56937516 1.19485664 0.152110279 -0.782030046 -0.416782379
    1.10632265 -0.0265740156 0.991940618 -0.711178482 0.617694855
    1.109658 0.262419224 1.29624069 1.73713779 0.314836204 1.28302991
    1.23118401 -0.47376585 1.73825514 -0.240263939 0.0441331863
    1.63920403 -0.672979236 -0.424560726 -0.667442441 1.34544992
    1.55274606 -0.139888883 -0.131345034 1.20938706 1.69253266
    -0.258669436 1.1797905 0.0524505973 1.44497824 0.588361084 1.0619688
    0.759052873 0.515545726 0.445719182 1.02271271 -0.301792681
    -0.744253576 1.34992242 -0.188667357 0.804669321 0.728308976
    0.320384145 -0.570246041 1.09029031 -0.18616277 1.38472247
    1.66879439 0.29088372 0.294856906 1.6243875 0.537084162 -0.241115093
    -0.436202049 1.04837441 -0.293333352 1.31256676 1.39990461
    1.07511759 0.483092666 1.47403264 0.576955378 0.386049747 1.57341659
    0.323661685 -0.22816354 0.0378822088 -0.544525445 1.02125192
    1.06261778 1.63569999 1.84291518 1.33885753 0.570488155 0.173630536
    2.02414775 0.614284635 1.90016091 0.954474986 -0.268333167
    0.361006856 -0.087390542 0.701586545 1.30908179 -0.616634011
    -0.0687975287 -0.802548468 1.70841146 0.19038105 -0.527106643
    0.170679867 0.285988748 -0.334286749 1.17795348 0.493506432
    0.871814191 -0.0210596323 -0.493376315 1.18041241 -0.715709209
    1.76989591 -0.719916463 1.02246141 0.248195946 1.29510403
    -0.58335644 1.31532121 0.441692412 -0.13518095 0.780523837
    0.060878396 0.576136172 0.21854347 0.158459902 0.972228527
    0.665946126 1.72460997 0.0107140541 0.810113847 0.633552372
    -0.804720759 -0.802810907 -0.4497675 1.00819159 0.42594111
    1.74500847 -0.674128294 0.593276381 0.798416257 1.24704909
    0.86984992 1.05173111 1.21353507 0.938530326 0.933345854 0.587078571
    1.47215557 1.59386718 0.861841917 -0.31227082 0.883639336
    -0.0448466539 1.30299997 -0.00694864988 0.301199019 1.07476568
    0.796013951 0.534947276 1.20099831 0.480743766 0.392757773
    0.0561030507 0.159722686 -0.35121122 -0.221083045 1.5942719
    -0.00642287731 0.482392848 -0.184257388 0.156920433 -0.194693863
    0.383341193 1.5728941 0.965267599 -0.747050107 -0.0756011605
    1.4383738 0.731996357 0.263722658 -0.396102756 0.287765205
    1.27243638 0.348778665 -0.169932604 0.523285806 1.66032469
    0.591169536 0.448033094 0.112035155 1.60981441 0.845695496
    0.520666957 -0.232428789 0.739038885 1.20357347 1.44056797
    0.514727056 -0.24997884 0.297620714 -0.162172318 1.74009895
    -0.496446371 -0.193324983 -0.120178938 -0.164907336 -0.183723211
    0.578999162 1.71605086 -0.656777918 0.74693507 -0.153230906
    0.599384785 -0.50505662 -0.337058157 -0.660856366 0.0580208898
    1.64992642 1.52470732 1.16731012 0.643657804 -0.229169309
    0.380205452 0.585756004 0.000301063061 -0.289197803 0.853137791
    0.0583141446 1.24137282 1.07698798 0.958081067 -0.499573827
    1.02658033 -0.178014696 -0.58578217 0.901875854 -0.693979025
    0.511318088 1.44236016 -0.462766469 0.967140675 0.915015578
    1.31718433 0.905791402 0.254340589 0.66343689 1.3167479 1.17660999
    -0.715849876 -0.690586567 0.0200209022 0.972827256 -0.202344418
    0.812301099 1.35956907 0.778725028 1.70467591 -0.507029176
    0.36242938 1.43372846 1.26256585 0.762093246 0.254123032
    -0.130354285 1.24906433 1.59613061 -0.587244093 0.683167696
    1.6090436 0.972329259 -0.187924802 -0.734325588 0.594570041
    1.03265846 0.751815975 0.985763073 0.102763295 0.0455729365
    1.46884131 1.66452599 0.148677588 0.464976966 -0.317323834
    1.32356501 1.11115336 0.994547546 0.885712564 0.0925851464
    1.71827102 1.13705039 -0.666680217 0.35201472 -0.528492689
    -0.664447546 1.48918462 -0.477811098 0.641833305 -0.313445359
    -0.768722713 1.22638237 0.339503467 1.68088841 1.52052093 1.07253802
    1.17396033 -0.105359972 -0.559373021 1.13149977 -0.131615758
    0.481494844 1.30780888 -0.136508465 1.01218259 1.63436365
    0.307888508 0.06044662 -0.133118868 -0.75010252 -0.613044381
    1.08077526 1.03483546 0.538856685 0.226400495 1.23422503
    -0.643089533 1.10626781 -0.113899589 0.0684933662 0.918035507
    0.241469443 -0.413109511 0.902349412 0.64927572 0.983300269
    0.057877183 0.795473039 -0.50383538 -0.260843396 0.9480533
    0.714203596 -0.0915973186 1.67460799 1.56637907 -0.174954176
    0.1899333 1.67042232 -0.178949237 -0.674197197 -0.422726125
    1.7829901 0.17483896 0.173658371 1.10211515 0.274194598 1.22964704
    0.393093407 1.65035057 0.841682076 -0.0742170215 1.59475207
    -0.0864880681 0.450753033 1.14627337 0.596620202 1.25199068
    -0.0765886903 0.76496464 0.914708734 1.2774893 1.62719929
    -0.025457561 0.390593529 0.992793739 -0.421454489 -0.591182888
    -0.203096509 -0.531007767 0.0758327246 -0.682348907 1.71453691
    -0.709501803 -0.72185421 0.899716556 0.350849271 -0.034794271
    0.987002194 0.0228538513 1.62968719 0.820329309 1.39678836
    0.553123355 1.63356781 0.149694979 0.383350611 0.836495697
    0.748516977 -0.365283132 -0.788334846 1.58230853 -0.437291205
    -0.44702512 1.69507194 -0.388797641 0.0368840098 1.10187399
    0.712390304 -0.177315176 -0.365238696 1.80428302 -0.573901355
    0.686980903 -0.0999786854 1.19967818 -0.42780906 -0.70217061
    0.822304845 -0.416993141 -0.421478689 1.67802453 0.454500318
    0.00525724888 0.218674719 0.471609175 1.49702072 1.57598448
    -0.761883259 0.176380455 -0.525199056 0.177109957 -0.0698415637
    0.347716033 -0.678660989 0.614064813 1.07947206 1.34135258
    -0.515568614 0.0402004719 0.907337666 0.361400008 -0.483580828
    -0.688980639 -0.125154853 0.427316129 0.055401206 1.23209691
    1.5732944 0.0893036127 1.29236054 1.61758232 1.59612226 1.55525756
    1.40854216 1.43069088 0.887051523 1.14075565 0.89535588 1.71736836
    0.816912293 1.8372339 0.484928131 0.0981982946 -0.11884582
    -0.407536566 -0.110045195 -0.0696377754 -0.411845535 0.88213104
    -0.613499284 0.586304903 -0.0113397241 0.972195685 1.4993422
    1.10943365 0.963940978 0.103771508 -0.732174814 -0.0756154656
    0.482078314 1.20016837 -0.359091729 0.102743506 1.28312707
    0.432333887 -0.254424989 -0.106959164 0.784117818 1.28429198
    1.55149209 -0.605667949 0.889468789 1.4969449 -0.333492398
    1.79788017 0.0297257304 0.113666356 -0.225974023 0.711785972
    1.04077899 0.79980737 0.325727105 0.71146065 0.0723410249
    -0.0238550901 1.76986194 -0.148303032 -0.69977951 -0.113655984
    0.775726497 0.20819068 1.55458713 -0.361915886 1.51190555
    -0.731551886 1.04559469 0.378290057 1.13432527 0.895203948
    0.0397993922 1.54891646 -0.0117082596 0.914555192 0.414068282
    0.0184550285 1.27544856 -0.0583965778 0.634765387 0.840724587
    1.73849261 -0.141949654 0.0897570252 0.58723104 -0.575579345
    0.0559555292 0.461506367 0.76935643 0.0677723289 -0.32053408
    1.11122835 1.66395247 -0.627788067 0.108678818 -0.556805253
    -0.49183625 1.35850763 1.11599851 1.78713536 1.03583121 0.79723686
    1.50038886 1.30589342 1.49355531 0.480695844 0.127499104
    -0.332720935 0.207651675 1.79103482 -0.506729305 1.42297912
    -0.302840292 0.959818482 -0.731225252 0.322714806 1.37883115
    0.999099076 -0.823924005 0.982850134 1.2538867 1.2105602 0.36835444
    1.74978733 0.476357281 1.33216476 1.04894578 1.05200052 1.36600447
    1.62747002 -0.0726174712 1.78420258 -0.181762993 0.910706997
    0.277131319 1.48680079 -0.0575957298 1.43867922 0.123109698
    -0.36585477 0.448169291 0.0243616104 0.144960165 -0.472192675
    -0.289592534 0.340693593 1.09135413 0.968903244 0.0302893519
    0.566763878 0.46703279 1.34071779 1.01768005 1.69402373 -0.174780816
    1.02369404 1.64251328 0.505256116 1.4907372 -0.0909318924
    0.0274053812 1.55827093 1.52705121 0.93773061 0.458312035
    -0.140090406 1.21940637 0.616944373 0.203063369 0.997097909
    1.40635824 -0.641890168 1.06985235 -0.563274801 -0.0743750334
    -0.0606977344 -0.0862129331 -0.436668277 1.61671674 -0.251415789
    -0.395001471 0.807815015 0.0878219008 0.748360336 0.514042497
    1.04593265 0.91412276 1.2236619 0.0490802526 -0.17535013
    -0.402985007 -0.71076405 1.11666846 0.555695534 -0.297460377
    0.574108601 1.52092052 -0.391596556 1.56885719 -0.592946231
    1.10423636 1.0251509 0.86385107 1.15246987 -0.747842848 1.2042222
    1.55064297 1.54498124 0.169064939 0.363687694 0.787534356
    -0.621268749 0.425367713 -0.366927922 1.76399994 -0.701491654
    -0.641269267 -0.52903384 1.17471683 1.0099088 1.7437036 0.057959795
    1.72760403 0.176286876 1.78057432 1.83255482 0.473641753 0.716926515
    -0.208440185 0.587715566 1.01171064 1.69679928 0.374889731
    -0.191511333 0.87343502 1.24081957 1.46987796 0.0229947567 1.3515898
    -0.743223369 0.894389212 1.39409757 -0.348048627 1.38218522
    1.6555059 0.499181926 1.35622728 1.02032483 -0.0474588275
    -0.0778686404 0.833882034 1.27952206 -0.317249954 0.511369705
    -0.234116852 -0.376986623 0.739437103 1.37541413 0.0671482086
    0.212430537 -0.434849262 0.117345095 1.07662189 -0.702615499
    -0.430502057 0.30260098 0.020467937 -0.0294934511 -0.37441501
    -0.716405988 -0.521141648 0.677177191 1.41155934 0.358578503
    0.761073589 -0.0423946977 1.20168436 1.20357966 -0.713000596
    0.647543907 0.825677991 1.28856874 0.0485041142 1.0931251 1.48675442
    0.980046213 0.857932389 -0.586198211 1.72962832 -0.748221278
    0.184283257 0.430173218 1.49419928 -0.0803185105 1.42373705
    0.86579746 -0.189696372 -0.399264425 1.54398525 0.418209434
    -0.434779167 -0.0632158518 0.465914369 -0.339870095 -0.18632102
    1.5120101 -0.627502561 -0.174854279 0.115613043 -0.572972357
    1.14460349 0.605641305 -0.509578109 1.47809625 1.54716432
    -0.625441253 -0.331494004 0.836228967 -0.725330353 0.901370525
    1.01959038 0.436859429 0.627685606 -0.0833275318 0.178902268
    1.16704321 -0.533690691 0.509547949 0.123677671 1.17692471
    0.917100012 0.175650001 0.286885619 -0.27155894 1.63766253
    1.62255681 0.0608888268 1.00284743 -0.707651019 1.56619668
    0.752473056 1.47280717 -0.406795472 -0.277795017 -0.339488328
    0.771554828 -0.535984874 1.34262192 -0.513193965 0.550426245
    -0.594746649 -0.177018285 1.42106235 -0.617381573 1.3506813
    -0.573306918 0.207174838 -0.475968033 0.0272830129 -0.559198737
    0.624868035 -0.659385443 0.952330112 -0.0996377468 0.147377968
    0.849512815 1.29629529 -0.687959552 -0.155754328 0.0626796484
    1.06853223 0.455856144 0.152923286 1.04102898 0.560724854 1.49247563
    -0.473269999 0.997629344 0.102263033 0.631477952 0.0101603866
    -0.673513174 1.15917253 0.31286788 1.22873259 0.885169983
    0.168454528 0.883829057 -0.511058092 -0.646287918 -0.410883129
    1.11431313 0.0813690424 -0.02628088 -0.293319792 0.468175948
    -0.352232486 1.70907879 0.839051068 0.343762338 0.790210485
    -0.777972341 -0.501814485 -0.341530412 0.321053922 0.133008718
    0.842124701 -0.314478546 -0.0901554227 1.59652388 0.597846329
    -0.49828577 1.37679052 -0.37359491 1.26458311 1.58269715 0.686576962
    1.7732116 0.0380793214 0.181414247 1.7400949 -0.751732349
    0.342108965 0.457968056 0.129770696 -0.488272011 1.40526485
    0.605631828 0.382952511 -0.257694989 1.60636306 0.296379924
    0.242293358 1.81435513 -0.421859443 1.64737391 1.71662939 1.16403317
    0.0227838755 0.920584559 -0.181585908 0.688932598 1.76821876
    1.68049812 -0.715237021 0.552657485 0.858694434 0.667727411
    1.27463746 0.870090365 0.0229456425 0.202801883 0.986643255
    -0.353375793 -0.199348569 -0.457005888 0.331575632 0.0541284084
    -0.780503929 1.13429189 0.709341407 -0.206410944 1.36441958
    -0.663455904 1.71420872 0.00842410326 -0.626683414 0.80952239
    -0.76476866 -0.258322299 0.512191176 0.575199544 1.33018529
    -0.513921022 1.14526844 1.18936098 1.69924521 0.60229069 1.51200151
    -0.315206647 0.153134108 -0.000239372253 1.49719644 -0.639330208
    0.22995168 -0.520957172 0.520058393 1.49217463 0.141297996
    0.0853708982 -0.187113702 0.0397779346 -0.30172056 1.47355413
    1.30246484 -0.362199783 1.22297764 0.291925669 0.250855505
    0.00871664286 0.283910275 1.66753185 1.40947938 -0.249489188
    1.56708574 -0.526929855 -0.322643518 -0.545205355 0.270143449
    1.11262083 1.35331631 1.62095904 0.966370106 1.28667092 0.719514191
    0.616855085 1.49101305 -0.760843992 0.972908556 1.49221671
    0.389733672 0.233786166 0.381508052 1.84745789 0.0596457124
    1.67679799 -0.377644122 0.670276999 -0.0372254252 1.56087255
    1.49782145 1.7824049 1.16581488 0.660889089 1.10037279 0.0320385098
    1.62607026 0.0970299244 1.33273959 -0.279398561 -0.136352837
    -0.0684841275 1.34021711 0.107610583 1.38988411 -0.201657414
    1.18210793 0.621874273 -0.571767151 1.62427831 1.60230947 1.75313747
    -0.641903281 0.336302042 -0.610091805 0.996536493 -0.185246944
    1.25444448 1.45969903 1.63969409 -0.296192288 0.898131371 1.67014837
    0.995967388 0.471682131 -0.593402028 0.194382012 -0.435873032
    -0.151382744 0.0603457689 -0.160653889 0.0981346369 0.831987381
    0.994480371 1.09404016 1.3184185 0.432517886 0.908764422 0.43544364
    1.57121921 -0.526944637 0.334595323 1.06001699 -0.713443637
    -0.40220952 0.491746187 1.33434677 0.0488969684 1.15240145
    0.403140545 1.07896745 0.931542337 0.371180654 -0.26408112
    -0.205502331 0.335438311 1.56634092 0.322218955 1.51849198
    1.26338387 -0.222659588 0.191150129 1.13120675 1.3186357 0.321242213
    0.129623055 0.000700354576 1.54576015 0.247971356 -0.601430893
    0.417796433 0.0663921833 0.549218297 -0.149350703 -0.701718152
    -0.612726986 -0.634558499 0.470214188 0.170736253 0.492063701
    0.350143135 -0.723991513 1.15673304 0.27731657 0.766231179
    0.330705881 1.63030839 1.29695904 1.18985033 1.00363898 0.09755373
    1.38244891 0.778328478 -0.636762023 1.26040399 1.514112 1.47536492
    1.59713173 -0.609710753 -0.166430235 1.70330548 -0.331730485
    0.806878448 -0.2948125 1.76058435 1.08917022 1.22804892 0.302064598
    -0.365335435 0.357254565 -0.346684337 1.53382015 1.56878304
    0.8924281 1.34768772 0.671804547 1.15877211 0.173893571 0.941693127
    1.50921249 1.76545656 1.66061664 0.210701704 1.30605292
    -0.0685436726 0.042036742 0.303698063 0.154492974 1.28765428
    1.32414079 0.842312932 0.283548176 1.38908243 0.133343637
    -0.327004045 -0.429145783 0.00996166468 1.76368535 -0.0742623806
    1.40568447 0.421234727 1.71396995 -0.0910878778 0.0886980295
    0.212015033 0.12782532 0.58643496 -0.234884501 0.412109077
    -0.72483325 0.586368978 0.2732355 1.06413054 1.49288034 -0.038885653
    0.791198075 -0.0669555664 -0.297723055 0.536492229 -0.558434844
    1.44624329 0.875375926 1.70812821 1.41199899 -0.644989669 1.50075793
    1.73255777 1.72721004 -0.0345973969 -0.20817858 1.21041572
    1.00602055 1.77280712 -0.609166503 1.63776875 -0.762270331
    0.767857432 -0.268816352 -0.722937286 -0.492969245 1.47759414
    1.27731454 0.639589965 -0.00691962242 0.836391926 -0.389855653
    0.848512948 -0.0225816965 0.900354326 -0.0971713662 1.0436666
    -0.324344575 1.2250632 1.17308712 -0.139415681 1.46723223
    -0.381587774 -0.35353598 0.874213696 -0.416076124 1.85683131
    1.52269411 -0.0525907278 0.299578309 1.09909058 0.426425695
    0.743139505 1.07706761 1.30276871 -0.113631248 0.947044671 1.0247581
    1.21295714 -0.069666028 1.33537841 1.64164615 0.278398097
    0.0320288539 0.418374956 1.73209 1.17342114 1.23231435 0.610260904
    1.35286045 0.199164689 0.336625576 1.57997441 0.872013688
    -0.292639017 1.30407119 -0.567559063 -0.623824358 1.28157723
    0.633495808 -0.683739662 -0.0246406794 -0.0932682753 1.31648922
    -0.32804811 -0.564010918 1.22915554 0.858838022 0.0867390633
    0.813043296 0.925257742 -0.138276637 1.70676923 0.246849716
    0.979425788 0.725734591 0.250446141 0.643108308 -0.743518174
    1.13257718 1.76429534 1.39722323 1.06428909 -0.377118677
    -0.0770049095 1.14462066 1.07328057 -0.528994203 1.49449801
    1.57052064 1.18057895 1.01169634 0.385721684 1.46353114 1.47790337
    0.500421882 -0.546382308 -0.0198425055 -0.121368706 -0.553201914
    -0.0327208638 1.04134786 0.540122926 -0.468609691 1.10407162
    1.17500448 0.0966255665 0.257980824 1.23304892 1.43500686 1.74731517
    0.962709486 -0.483636767 -0.530505657 1.71883631 -0.460531145
    -0.356105834 0.703218043 1.06013179 0.133298039 -0.0187261105
    0.872300446 1.21167326 1.72977066 -0.032638371 1.50540519 0.15145874
    1.15514565 -0.76062113 -0.417393476 -0.480865508 1.76463008
    0.480833352 0.302824318 0.406062484 0.000210642815 1.10844815
    1.26713443 -0.142124414 -0.779580057 0.929058552 1.71590734
    0.523595512 1.31007063 -0.230814397 1.59501863 0.58471185 1.43168545
    0.817395568 -0.398752868 0.037209332 -0.748140931 -0.136836827
    1.7688272 -0.0598765612 0.792588711 1.71357298 0.159161985
    0.916883171 -0.373843312 1.65066326 -0.365273267 0.626691461
    0.98470819 -0.416018993 0.834202588 0.466312289 1.5021553
    0.370278716 -0.828278184 1.49111223 -0.415168732 -0.205106318
    -0.285093248 1.7165029 -0.803937078 1.71986318 -0.43307817
    -0.589100718 1.65699482 -0.417593449 -0.561144114 0.0412529707
    0.450945675 -0.352396786 -0.764222622 0.770281255 -0.519364953
    -0.566993654 0.780613899 1.26734424 0.150695086 1.22479987
    -0.153108478 1.03393817 0.945422351 0.524344742 0.5057109 1.30502701
    1.25045884 1.25974417 0.598195493 -0.523806274 0.521053135
    0.62000531 -0.042339921 -0.204678565 1.21932673 1.06160927
    0.518110693 0.377899945 1.22772086 -0.0892205834 0.957472086
    -0.163904846 1.17624927 1.35374475 0.944372892 1.73444748
    0.301595926 0.127718747 0.659256876 -0.116185963 -0.706139743
    -0.0861933231 0.214370489 0.0549189448 1.24112678 -0.0177196264
    -0.439706177 0.222096086 -0.124238312 0.503487766 1.41425121
    0.359131634 0.235775948 0.205654442 -0.123983026 0.238394499
    0.335546732 1.65090919 -0.0973454118 1.33948243 0.877021968
    0.259187102 0.437927723 0.19895643 -0.12203306 1.31058025 1.19406962
    0.359377086 0.349940419 0.0575704575 -0.161532104 -0.408655703
    1.19317603 0.627351284 1.4072634 -0.051079154 0.740384996
    -0.125670969 1.55614877 -0.488458723 1.6370275 -0.308818221
    0.42421788 1.31708682 0.352211237 1.53660035 -0.293781996
    0.263742805 0.640413821 -0.228162169 0.177716851 0.395011008
    1.44675541 -0.31394738 -0.442194223 1.01333094 -0.618210495
    -0.0919718146 -0.127607644 1.77825546 1.44677997 0.88992089
    0.142426848 -0.442351639 1.629704 -0.149388552 1.52706361 1.45743132
    0.410983741 0.936957479 1.32630789 -0.658234835 1.56688762
    0.255511343 1.04403639 0.150833249 1.33019066 1.43914413 1.07948041
    -0.064112246 0.680812955 0.311344922 0.0419836044 0.177464545
    1.15277553 0.00483423471 -0.300533831 1.12375951 1.12119806
    0.464534461 -0.305208504 1.26881886 1.69016349 0.661144197
    1.53055334 0.169882894 0.163718402 1.19804788 1.17584682 0.361036479
    -0.666083395 0.512073815 -0.508666217 0.298980236 -0.378810465
    0.195789218 -0.27457422 -0.342402458 1.05414832 0.798955917
    0.67778331 0.264509201 0.461702347 -0.744671345 1.6618917
    -0.697990417 -0.265470028 1.23579049 1.40813375 0.323197007
    1.26294017 0.196199954 1.71068192 0.118340135 -0.591205478
    -0.586564064 0.695571065 -0.332785934 0.224420965 -0.0625251532
    1.21644068 0.927490294 0.301425815 1.63635826 0.169700682 1.57885337
    0.441361785 0.81437403 -0.0690039992 1.33929634 -0.648988664
    1.29981434 1.26632762 0.36349982 0.342912257 -0.309642851 0.27374047
    0.849908054 -0.0836214423 0.673547924 0.925010979 1.28147697
    0.826467156 0.678701758 0.304892302 1.64156187 -0.643162966
    -0.681861877 -0.170160711 1.29707766 -0.583302796 1.12537372
    -0.478607863 -0.256205082 -0.703392625 0.223990083 -0.0712974668
    -0.0747481585 0.0869175792 1.6169256 1.20786619 1.55132675
    1.37451255 0.120494306 0.248107314 0.709731519 0.775217056
    0.705531955 0.188734651 1.41438425 -0.464036763 1.00041342
    1.45782137 0.759196103 0.267168343 1.37730813 1.03785384 1.65085578
    1.74383688 0.694153368 1.77957034 0.560939193 -0.609796762
    -0.65783608 0.445624828 -0.202959597 0.805663049 1.67661452
    1.22964871 -0.787997067 -0.459571213 1.20617127 1.47040915
    1.54130864 0.456189752 1.08295345 0.540626824 0.761050701
    0.416040838 -0.511485577 0.425245166 0.445788801 0.767043352
    0.729984939 0.049197793 0.197237194 0.405882835 0.468219936
    1.55337059 -0.588860929 0.0574065447 -0.0452870131 0.237394214
    1.54690361 1.18950951 1.14225578 1.28436804 1.3203398 -0.394511372
    1.494578 0.0779153705 1.13231683 1.23129129 1.29701257 -0.2899189
    -0.135203421 0.120953679 1.69212127 -0.292782038 1.55301106
    0.583937526 0.538038731 1.38653481 -0.459911108 0.681111991
    -0.260735691 0.457756102 0.535980999 0.637062073 -0.149048865
    0.563219309 0.353741705 0.25226289 0.821804821 0.498286664
    0.138984203 -0.44947353 0.6615417 0.658630311 0.260077477
    0.563286662 -0.426376253 -0.16371572 1.31800783 0.516036093
    -0.16772598 1.54860675 0.210541964 -0.0448058248 0.598226964
    1.24995172 1.13042378 0.37042743 -0.449170768 1.68344951 0.406009614
    0.109114945 0.386987865 -0.0473557115 -0.247140646 0.193327069
    0.670093596 1.73894358 -0.186106741 1.2715832 0.384478569
    -0.673642635 1.3402195 0.839852929 -0.350948513 1.09849143
    -0.358078867 0.0211445093 0.621692359 0.0519237518 1.06602049
    0.741297245 -0.415725678 0.25179559 0.0827748179 1.27124143
    -0.355135769 1.18010914 0.386272311 0.224379599 -0.175432742
    0.842743695 -0.169412494 -0.0068154335 0.168010652 1.34208846
    1.2307688 -0.373508036 -0.0315797329 0.59134686 -0.53666991
    -0.658447146 -0.666298628 0.309067369 -0.533469081 1.42815316
    0.0861055851 -0.184426606 1.05999732 0.205585778 0.742386341
    0.228689671 -0.633018374 -0.483232975 1.02932453 0.954560101
    0.521991432 0.859251201 0.573415637 -0.755744576 -0.76583457
    -0.394375205 1.72558928 -0.725468755 1.69545782 1.52040279
    1.11609268 -0.00814175606 0.758659661 1.51843655 -0.733360052
    1.57033992 0.624021769 1.24618149 0.420364618 0.0676128864
    -0.507908106 0.0583427548 -0.0509991646 0.0256401896 1.10419011
    0.287569165 -0.419890881 0.38159585 -0.471507818 1.5048188
    -0.0420464873 1.36555791 0.332533419 0.193655074 0.0503524542
    0.226439714 0.46875608 0.464782298 0.551037014 -0.650003731
    0.347006798 -0.231227875 0.468993127 0.838331878 -0.431845516
    0.606346786 0.442121029 1.25459743 0.509907901 -0.184123576
    0.964663625 0.867646039 0.871743441 0.177634895 -0.430778593
    0.676829338 0.911720395 0.903043449 -0.0755696893 -0.578731775
    1.65215039 -0.426970631 1.45716476 -0.536313653 -0.203877509
    0.983161926 0.698334694 1.66497302 0.0499788523 1.67409825
    0.444481194 1.65953684 -0.448396772 0.721773624 0.27104938
    -0.00196754932 1.08491516 1.66238785 1.11262202 0.868216038
    -0.850419581 0.952930093 1.49107814 0.316741168 0.883872926
    1.02187741 1.60033059 0.375256777 0.710233033 1.58861864 1.6884768
    0.909931958 -0.364080995 0.786763847 -0.231924057 -0.362027884
    0.361249506 0.603420734 1.23548222 -0.54212296 -0.13305521
    0.124711096 0.0192072988 0.180724382 0.961137116 1.22638309
    -0.665984094 0.491829216 0.342127442 1.04765713 0.111869693
    -0.63013339 0.694622993 0.778872669 0.500342786 -0.699251831
    1.5370543 -0.00399309397 1.5994277 0.353457272 1.78201365
    -0.553780675 -0.740629911 -0.671751857 0.849329591 0.377719939
    -0.714134157 0.674621701 1.04163671 -0.683687687 0.0110629797
    0.824459374 1.26089311 0.165263832 0.766770005 0.485485494
    -0.152945697 1.30532753 -0.0616397262 -0.617605209 1.69521618
    -0.42857641 1.31527364 1.71773934 0.301444888 0.92230016
    -0.620884895 0.900006592 -0.682022929 0.152893066 0.242206097
    0.188954234 0.808906019 0.599513054 1.10299981 -0.557436466
    -0.370662153 0.959213018 -0.163565814 0.199572682 -0.415982842
    -0.612427235 0.202112675 0.295812011 -0.357294858 1.4668014
    2.12148619 0.429709613 0.644185901 0.146881998 0.387757957
    1.75228286 -0.531570613 -0.742308557 0.24924016 0.905587614
    -0.70970273 0.674220324 1.38188052 0.114021957 -0.510455847
    1.59312558 -0.194215059 1.34327447 -0.27889505 1.60870147 0.87585485
    1.20981121 -0.274146199 0.981560767 -0.210856378 1.75940728
    -0.125510812 1.70210671 0.523693085 -0.452982396 -0.175437629
    -0.520399034 1.63350677 -0.207913041 0.198728621 1.36005175
    1.45810747 -0.453805298 0.995530546 0.899927974 0.00760728121
    -0.61796236 0.691276073 -0.668064535 -0.486303687 1.0110414
    1.38451791 0.74894923 1.09968853 -0.518972278 -0.289305389
    1.66157222 0.956580937 0.869758546 0.0194410086 -0.32161063
    1.47698712 0.602074683 0.0464602113 -0.24387306 0.615921021
    1.74162173 0.0922173262 1.51746583 0.65137279 -0.525202036
    0.30426991 1.21516418 0.285088778 1.47779047 -0.0860438347 1.2571398
    0.160329938 1.80786157 -0.305400223 -0.0423713923 -0.4951756
    1.80043077 0.585137665 1.01230693 -0.487111241 0.0589349866
    1.74569535 1.18824458 1.35637891 0.573969066 1.46503925 0.479869187
    1.18067002 0.370347619 0.228410482 -0.189639211 -0.47412768
    -0.11699301 1.31162786 0.999779105 1.42999208 0.988607585
    0.141561508 1.58124268 -0.116664171 0.0607792139 -0.68212533
    -0.583841324 0.00576722622 -0.26663816 1.57070899 0.483105361
    -0.497515976 1.18816674 1.58121681 0.724997222 -0.296011269
    0.159803152 -0.100689292 -0.263240159 1.72767603 1.12926757
    0.248798013 1.51435852 0.959616184 0.955119431 1.3125124 1.58794451
    -0.486571759 0.178952396 -0.26818645 -0.589426935 0.435422659
    0.579303026 0.416580737 -0.110140324 1.61946917 1.03973305
    0.890666068 1.14302444 0.867791653 1.42543638 0.827144265
    0.590367734 -0.782863021 1.66584182 0.580180407 0.990002751
    1.76946616 -0.313769549 0.0848527551 0.686044514 -0.377237111
    0.332925141 -0.469950378 -0.210371494 0.297910154 -0.0793449879
    -0.61080277 1.49948621 1.111727 -0.144577861 0.643977463 1.39298964
    -0.567282438 0.633468151 0.525347173 1.44554257 0.570394278
    1.57541013 0.442416787 -0.105332255 1.15626884 0.914471567
    1.60796571 -0.56533736 1.17288184 1.4306885 1.69796228 0.11074841
    -0.461696565 -0.117677271 0.34312278 1.44803381 0.931875587
    0.7534796 0.927349031 -0.711992681 -0.0220293403 -0.740548015
    0.0586417913 0.539517283 -0.512411952 -0.205385029 0.842643142
    0.714121282 -0.11972332 -0.699264944 -0.485608578 0.974915028
    0.897650182 0.589524806 0.147974551 -0.160176754 1.3451457
    0.100512207 0.180610478 0.0904028416 0.262434721 -0.468450308
    1.39253616 1.74507165 1.1905514 -0.208676934 -0.451772004
    0.747683108 1.10046411 1.1782527 -0.192264259 0.100171506 1.12943697
    1.59910178 -0.667257726 -0.221739769 1.57182455 -0.49154678
    1.44352174 0.884906113 -0.544312119 0.681836784 -0.229970098
    0.880278587 0.356832922 1.56710219 -0.263754308 0.749123514
    1.63345134 0.957898617 -0.11439693 -0.230880022 1.09623158
    1.44237781 -0.626850367 0.643029392 0.799391508 -0.198128045
    1.56573558 0.396474481 -0.677532613 1.7442019 1.6704855 1.26462507
    0.174090266 1.78745639 1.03814077 -0.234656036 -0.00525462627
    0.355597436 1.84539104 2.02040172 -0.449397624 0.530420303 1.2294085
    -0.0987563729 1.28143311 1.69500566 0.0570862293 0.0536359549
    -0.210420251 0.484461188 -0.667171478 0.969293952 0.23239094
    0.270348132 0.670701683 1.51362729 0.73008424 1.45333409 0.811586201
    0.641756952 1.09730697 1.35638046 -0.763417065 1.65195251
    0.313291848 0.172871768 0.996364594 1.63919389 -0.205343008
    0.00615882874 1.73017526 0.308174968 -0.256316602 0.455331683
    0.131562233 -0.273405194 1.40392065 1.65977645 -0.0739463568
    0.3722772 0.59087801 1.71346736 1.40986073 -0.306666255 0.556380391
    1.3926959 -0.603525162 0.908493996 0.162700295 1.55471325 1.54854918
    1.10971701 1.67928934 -0.680977225 1.06962395 0.685546041 1.23836946
    0.0101717114 1.71594918 1.15746427 1.73016381 1.32527089 0.217016935
    0.574275017 -0.171503246 0.82734555 -0.509046197 1.30165386
    1.32005024 1.41656232 -0.246055961 -0.349377185 -0.0925047994
    -0.139666557 -0.301738322 0.305865645 0.167898059 -0.441219598
    -0.689439535 -0.0122978687 1.1638962 -0.382592797 1.22185469
    1.73615074 0.480477512 -0.096322 -0.397315383 0.942694008
    -0.209059179 0.632491767 0.973445058 -0.18930608 -0.369433701
    1.46939135 -0.365955919 -0.642776668 1.09302735 1.52402806
    1.51847291 1.57747054 -0.814049125 1.54002595 0.776457489
    -0.049164474 1.48095214 0.855399787 1.35598195 1.09358263 1.13077998
    -0.377775192 0.861947656 1.47821093 0.506726205 0.662557483
    0.276098192 1.14734721 1.49122572 -0.675546229 1.19480252
    -0.00594753027 0.42175895 1.59211075 -0.477242172 0.0824634433
    0.165424168 -0.127325058 0.519435287 1.56821501 -0.423693746
    -0.601618469 0.0420125723 0.80384469 0.73749584 0.439505458
    -0.332660198 1.69953799 -0.672388554 1.28060627 -0.479797035
    0.527177274 0.910901964 -0.0241823792 1.74399972 0.476607084
    1.32865095 0.422483981 -0.529808283 0.0354906321 0.481216192
    -0.570242405 -0.276190937 1.36444926 1.56034935 0.466517806
    0.326972544 0.154296994 1.47554576 0.406523705 1.36761022 1.03780174
    -0.557985902 -0.239944279 0.62381041 -0.83376807 1.69078958
    0.257356107 0.487429976 0.110143363 1.54430223 -0.260827482
    0.833719671 1.04661894 1.49424887 1.62713099 -0.0433514118
    0.933089852 1.68936014 0.582713842 -0.232641459 1.04079342
    0.214719415 1.15823817 1.35922527 0.165023029 -0.238695025
    -0.193099916 -0.0720466375 0.0109516382 0.0438062549 0.573687494
    0.0816864967 1.74086356 1.3881042 0.1812796 0.878575444 0.329087138
    0.66042161 -0.470506161 1.18555665 1.32461262 0.173450887 1.2697922
    0.596609175 1.20144892 0.271949947 -0.717993379 0.934387982
    0.733041406 0.745215178 -0.470835596 1.31303453 1.7623539
    0.935341537 1.29975462 -0.307965815 1.68063605 -0.507781267
    1.12326086 -0.151825845 1.25938237 1.50049007 -0.72316438
    0.316162705 -0.575989485 1.41208482 -0.157354474 0.563136876
    -0.113551259 1.60778689 0.206662655 -0.640076637 0.653060555
    1.07386589 1.64217019 -0.202865958 1.0016346 1.27294874 -0.823457241
    1.29955769 0.793470919 -0.540028691 -0.0712680817 0.742243469
    0.446269095 -0.564099669 -0.0372389555 0.188953638 0.828809679
    0.434641182 0.0811895132 -0.412489802 -0.529184699 1.9019053
    1.31477356 0.936280608 1.98631704 1.25949991 -0.225246727 1.106287
    1.6154542 1.27382588 1.44931018 1.72915161 0.299799502 0.0200864077
    0.11946243 0.518124938 1.59303069 -0.32133761 1.25751507 0.966520429
    1.70800352 1.28555226 -0.738891959 -0.490546912 -0.209031284
    -0.357662499 0.80073458 -0.477887511 0.957072914 0.859345317
    1.13809204 -0.485587806 0.460879087 1.27263498 0.119547069
    -0.186968088 -0.393683136 1.35425425 1.00494313 0.551099896
    1.54894352 -0.18889147 0.614463985 -0.310486287 1.33911753
    1.09611082 -0.312425792 -0.477625847 1.1822027 1.71400988
    0.220977247 0.692061961 1.11266851 0.4402408 -0.425359845
    -0.785384476 -0.330338389 0.628796577 0.375053465 0.929528832
    1.02035034 1.66876435 0.276928902 0.884337008 1.15745068
    -0.399205655 0.264165342 -0.187281191 -0.420309097 -0.0435123444
    1.1113497 -0.0123010278 0.32953757 0.923729122 1.77598619
    -0.509982884 -0.0644288063 -0.124051809 1.80032969 1.48295736
    -0.283355325 -0.58090961 1.69084573 0.984050155 -0.16628319
    0.777208388 -0.466942221 1.50121045 -0.618218362 -0.819004595
    0.316011071 1.06008315 1.42843091 0.968324125 0.736012101
    -0.144379556 1.68635273 -0.353694499 1.32825136 0.229691088
    1.58441496 -0.512086272 -0.528149486 -0.349039674 0.223605812
    0.368657768 0.725439191 1.54096103 1.60251951 1.27369988 1.39470172
    0.0130741596 0.400052607 -0.666475356 0.896958828 -0.291579425
    1.64653206 -0.622760773 0.556452096 0.678488791 1.30183601
    1.49504924 -0.467694402 1.09846759 -0.0423704982 -0.74965322
    0.627984345 -0.123283029 -0.566114306 0.963002801 -0.22889924
    1.5199132 -0.540049672 1.62725401 1.09929287 1.71236372 0.851216912
    1.0012517 -0.683833599 0.592280686 -0.142961502 0.393596709
    1.57733715 -0.678684354 -0.204192519 0.208040416 1.04982471
    -0.390404642 1.20469427 0.838621616 1.51193619 0.284623444
    -0.0461767912 0.737173021 -0.143313229 0.623160243 -0.330099314
    0.310313702 0.122581244 1.22973871 0.942738414 -0.693047881
    0.0377912521 0.147414088 -0.216217577 0.69660008 0.0234206319
    0.225108743 1.10747182 0.134015262 1.11276865 1.67092943 0.939379871
    1.06027961 -0.0599656105 0.67058593 -0.735274315 0.754087985
    0.717871666 1.60111952 -0.585925579 1.55026996 -0.4913387
    -0.436158746 0.765211761 -0.688560545 1.29937518 -0.232059717
    1.68149877 0.445982933 1.02715993 -0.271591216 1.33425188 1.4348048
    1.47429132 0.44082588 0.456914425 -0.759371698 0.419295192
    -0.516648412 -0.251656592 1.58173823 1.40361893 0.907973289
    0.238224864 1.09780085 0.55463779 0.366821766 0.493920565 1.02457213
    -0.57666868 1.57597709 -0.218600631 -0.703430057 1.48370767
    0.134629786 0.421868026 -0.145986319 1.74237108 0.183448613
    1.6900382 0.602238715 1.34312248 -0.764691174 1.68768907 0.344436646
    1.55346537 -0.104567587 0.690030634 0.700149298 1.17437696
    -0.541026592 1.06463468 -0.48960042 0.836860001 0.402755499
    -0.499064207 0.766508996 1.47247028 1.38736391 -0.336737812
    1.72092748 0.100729585 1.65102088 0.523317635 -0.0655304193
    -0.210853338 0.971267223 0.2703408 -0.334668845 0.170244873
    -0.0209028721 0.105187654 -0.314762503 0.31572938 -0.722417831
    0.0333575606 0.720539033 -0.201651663 1.47227621 0.604029 1.90400529
    1.24257195 1.56001711 1.44605994 1.21816325 0.241359532 -0.73632133
    1.10733724 -0.443450928 0.648694575 0.747048616 0.130487919 1.152385
    -0.317595094 -0.542137325 0.994976044 0.580314517 0.396406054
    -0.301767588 -0.262444913 0.162100375 -0.0100043416 0.837343872
    1.59149981 -0.116121531 -0.34780395 1.52767849 1.31720471
    0.666070998 -0.342126876 -0.382983774 0.016479075 -0.427037477
    1.08440661 -0.0751810074 -0.323796004 0.992357016 -0.0448402166
    -0.670212984 -0.305315077 0.0670902133 0.515446901 1.09801197
    -0.198346317 0.498028815 0.681539774 -0.224814832 -0.378610194
    0.929334044 -0.321031749 -0.19529748 0.868608534 1.42306507
    1.36731601 0.770306051 0.181064188 0.940315723 0.0967764854
    0.0151791573 1.35078096 0.405562639 0.378648281 1.04827166
    1.25698984 1.59043908 0.308779716 0.605345488 1.06025887
    -0.247476399 -0.593033135 0.905116558 0.845212281 1.55001879
    1.67426324 0.205045998 0.931221306 0.462305367 1.28422308
    0.194987953 1.56048644 -0.680668771 -0.120415747 1.49714899
    -0.651277125 -0.738546014 1.5584228 0.825546265 1.45508671
    1.55284357 -0.790720701 0.544178903 0.176737607 -0.803453207
    1.52447903 0.860839009 1.33001018 0.0439001918 0.683072507
    1.63328981 0.263191581 1.17510951 -0.108004749 0.478423655
    0.65362215 0.32110554 -0.247023284 -0.789358199 0.523050368
    1.71586215 0.619449675 0.2182073 -0.77949208 -0.422750413
    0.0921940207 -0.473281324 1.15232134 1.63012433 0.216804266
    1.45454025 0.202980578 -0.58721745 1.57223582 0.893995047
    -0.173029006 1.08749402 0.997824907 1.22338474 1.03118491 1.43631876
    -0.333767265 0.299702466 -0.804111779 -0.00881457329 -0.805273533
    1.54583478 0.0277549624 1.35184014 0.185846806 -0.131843448
    -0.19675833 1.64708829 -0.547395229 -0.324485958 1.66840887
    0.973995209 0.0773925781 0.796810508 1.08178329 0.429219961
    -0.17352885 1.25151086 0.805136561 0.496466339 0.495977879
    1.11588979 0.961090565 0.44355166 0.408674777 1.0781486 -0.21886903
    0.144200683 0.911251247 1.68838716 1.45854461 1.4982748 0.393232584
    -0.378060728 0.748016238 0.550300777 1.30757284 0.268002868
    -0.298130214 -0.779372156 -0.578659713 0.592619479 0.866407096
    0.12124294 0.579823494 0.806289375 0.078848362 -0.542537332
    1.32051563 0.381346524 1.58008087 0.67731142 1.00409567 0.173816264
    0.228884518 1.10219586 0.202919662 -0.531190991 0.965827405
    0.0267339349 0.587251365 -0.179375768 0.87683326 1.37332201
    -0.388729155 0.188065112 1.06078601 1.03407514 0.211200893
    0.421835601 0.631378174 0.190984726 -0.701347828 0.0665934682
    -0.330118537 1.09991872 0.887387395 1.55311358 -0.0736430287
    0.493373871 0.347850621 -0.37182793 -0.124124289 0.536575258
    0.811096251 1.55648661 0.194729805 0.653236032 0.0060005784
    1.40083861 -0.230108857 0.617688596 -0.20022428 0.667624235
    0.63809526 -0.475262284 1.41825676 1.29664564 -0.532803059
    1.49196911 1.56611156 0.480229139 0.439676046 0.716792643
    0.789034963 1.16751766 -0.680675328 -0.309026897 0.755074441
    1.20551741 -0.109322608 1.17796326 0.610142589 -0.196221948
    -0.194871128 0.172650576 1.51154447 -0.0319585204 1.79134083
    1.56977081 0.200005174 0.714820862 1.31200933 1.67198205 0.523714125
    1.15283751 1.40610719 0.0301424861 1.02779889 1.0862788 0.955120504
    0.986985624 1.60159516 -0.485712111 -0.179803729 0.848871291
    -0.681776166 0.97685498 0.214185655 0.884882689 0.138644755
    -0.377684861 0.761979997 0.000921428204 0.226062953 1.71343136
    0.77957648 0.904634595 0.187890172 0.902694225 0.75272125 1.10755277
    0.910439014 1.1824851 -0.608731985 1.13212824 0.280820966
    0.987506568 -0.594179988 1.1911211 0.846529007 -0.377224803
    1.14234233 1.22066474 -0.229687989 0.518434584 1.04385984
    -0.341602057 0.39690274 -0.746638179 -0.753559053 0.822820902
    -0.226530492 1.52364874 1.40482306 -0.620371044 1.46082282
    -0.145175219 -0.145048678 0.336271107 1.18662977 0.582784355
    0.603779018 1.07493806 0.478731811 0.67937541 1.03967702 1.44617581
    0.312153399 -0.0297929645 1.55404711 1.24927354 0.737014413
    1.03688765 1.39908552 -0.720973253 -0.237710059 0.774138153
    -0.653222322 1.23033547 1.25080824 0.079028666 1.09419477
    0.0450819731 -0.266393006 0.948076725 0.756353199 1.13708913
    1.54407859 0.721517503 0.236332476 1.37082016 -0.716120362
    -0.272705317 1.36356914 0.504573405 -0.248839915 1.45861697
    -0.30407232 1.27617669 0.491809309 -0.0329895616 0.243362427
    0.137633681 -0.778515756 -0.620052874 -0.789504468 0.26748091
    1.45368314 -0.272857606 1.59849942 1.47068644 0.153386772
    0.951150537 1.37947571 1.69322956 0.965505421 -0.256054938
    -0.034031868 0.58277154 0.756341815 1.52650058 0.344268918
    1.46967077 -0.0855916739 -0.013022244 0.127786458 1.68048787
    0.324828982 -0.248317778 1.58001709 0.351622999 0.488992512
    -0.568467319 -0.230114281 1.58046174 1.61712241 0.138813436
    1.73313355 0.48969847 1.5682168 0.129411757 1.6242888 1.70406914
    -0.30358696 -0.343524516 0.664493382 0.570209086 1.22575521
    -0.343172759 1.02074075 -0.403117985 1.08724594 -0.208025992
    -0.665672302 1.75417256 -0.358450294 1.52027082 0.677794993
    -0.754260421 1.05912089 -0.209034264 1.4350543 1.57356262
    -0.728252232 -0.774800062 1.73729825 0.207305849 -0.617330611
    -0.149371147 -0.47725457 0.231172502 -0.110691309 0.0802503228
    -0.398677319 0.181116104 -0.279947937 0.23348403 0.381137848
    1.662588 0.355646491 1.56846905 1.14749551 -0.38674897 0.88322866
    0.22955966 0.610399902 0.89603889 -0.278488725 1.4575479 0.411101818
    1.36057401 0.457689643 0.266310215 -0.650232077 -0.287135452
    -0.0946145058 1.09472513 1.72291446 1.55887866 1.58244514
    0.0919130445 -0.197477937 0.191959321 -0.508094609 1.7300545
    -0.570882618 1.39728212 -0.153834224 0.914072573 0.690271556
    1.0269264 0.100275278 1.39828658 0.929910839 1.40552807 -0.610166788
    1.05523443 0.991107702 -0.154419959 1.48472714 -0.240019083
    -0.726489484 -0.409721375 1.32236016 1.44461048 0.96602118
    -0.0922861099 0.62058419 0.791173279 -0.68114531 0.807628989
    -0.498683691 0.0379911661 0.426324427 1.01204836 -0.0528044701
    1.48792362 0.323401093 1.68322468 1.4826622 0.0756928325 0.143959999
    0.100316882 0.557905853 1.01763642 1.61780024 1.3447572 1.03030658
    -0.193755567 1.04436541 -0.225549281 1.3937695 0.895843029
    1.45791376 0.528837085 1.89424896 -0.00922769308 -0.458969712
    -0.0933906436 -0.35975793 1.49876142 1.56522989 1.01614451
    1.40092015 0.625596225 1.10857153 -0.421847314 1.6497314 0.533940852
    -0.0948338509 1.35086393 1.04518366 0.511520028 1.25379252
    1.55095601 -0.673731327 -0.491217881 -0.0092023015 1.27999079
    0.134425998 -0.313431561 1.69279814 0.535673559 -0.229192019
    -0.0118479729 1.74002838 -0.292975187 0.295439661 -0.483305603
    1.7356472 0.362576485 -0.507251859 1.40281737 -0.166798174
    1.20132291 0.66745007 -0.700483561 0.803646147 1.69451761 1.34626544
    0.96337682 0.0887051821 1.53942847 1.49576461 1.16671646 0.706683338
    0.0476590395 0.739945114 1.18886328 0.753510475 0.412310064
    -0.743302584 0.482743979 -0.616119683 -0.456469983 -0.00345790386
    0.973531544 -0.531235218 0.256957889 0.221512556 0.94204998
    0.311357439 1.21019006 -0.202561915 0.922060251 0.735349774
    1.38394463 -0.722848117 -0.702910006 1.66465104 1.1863209 0.70380944
    -0.36629349 -0.0203918219 0.750978708 1.42985368 -0.0418061018
    1.4703728 -0.506123066 1.76817727 -0.288573593 0.0703117251
    -0.132701099 0.481827378 1.08785915 0.143292725 0.527347147
    1.59277403 0.965586483 -0.218877554 -0.464062095 0.753453255
    -0.700174987 1.63763094 0.169005811 1.37630367 0.797334254
    0.326297104 -0.0504086614 1.04162812 0.0210011005 1.41549611
    0.661788404 -0.7421453 1.53319609 0.28079617 0.882617652
    -0.388507009 -0.435740769 -0.810284376 1.4508518 1.12726474
    1.32047629 -0.39113456 0.23753792 1.28310013 -0.418180496 1.24444795
    -0.733698905 1.34593749 1.21160769 -0.0788323879 -0.062384069
    0.186214268 1.02750683 -0.182511985 0.307345986 -0.114394724
    1.41851151 0.539998591 1.37195039 1.05494618 1.53510666 -0.578676462
    0.0918999314 0.183969796 -0.480885684 0.233411968 0.64110285
    0.632453978 1.06545091 -0.27023375 1.73143077 1.24458218 1.50150716
    1.43770897 1.15645242 0.904323876 -0.072807312 -0.104811788
    1.07740808 1.6111474 -0.607590854 0.460249662 1.34388804 0.625166893
    0.968607664 1.50729859 0.50474906 -0.201037526 -0.706691742
    0.611992419 0.387343824 1.57912517 0.286455393 0.580836952
    0.175161123 -0.107746422 1.62475276 1.62119007 -0.224837542
    0.0428236723 -0.535497665 0.266699076 1.81417918 1.65551698
    1.26385832 0.359529555 -0.360051453 0.635994732 0.0808703303
    0.985631824 0.0241636634 0.610951304 0.263239145 -0.49262768
    1.15254033 0.943585634 1.53144336 -0.295790464 -0.195093274
    0.417342603 1.1800034 0.900839329 1.45550382 -0.295991778
    0.143499017 -0.697513819 0.738542557 -0.551009893 -0.0271091461
    0.0726026893 -0.389831245 1.1909678 -0.360993087 0.781865299
    0.0646448135 1.39670765 1.67411661 -0.0352643132 -0.592984915
    -0.309647143 0.992376804 -0.517782211 0.594458997 0.841815472
    -0.80176568 0.430961668 1.59759831 0.406381905 0.800344527
    -0.777025223 1.73557353 0.485550702 1.81016147 -0.156687617
    -0.56275022 -0.6147542 0.724337101 1.14923191 -0.612225413
    0.606160343 -0.770895362 1.39025247 0.165513933 -0.466574192
    1.13209343 -0.702916205 1.28533864 1.42541635 1.69280744 0.633774459
    -0.48785013 1.24690294 -0.612895608 -0.580283046 0.462720037
    0.407503426 -0.611846209 1.82093191 0.397616029 1.12225091
    0.363252699 0.946559548 -0.273131073 1.13288546 0.797575593
    0.23406136 -0.480898827 0.272761226 0.470037222 0.154074967
    1.2067275 -0.12472564 0.212418795 -0.0680507421 -0.6850003
    1.79694438 0.322925866 -0.232216477 1.15970433 1.25694621 1.33279967
    1.75979674 -0.474450082 1.78026819 0.206360221 1.03644562
    -0.376137644 0.721395433 0.74029851 0.766641319 0.295085371
    1.09135652 0.758453071 0.0431300402 1.14761174 1.61037397 1.70811725
    0.593866169 1.39425397 -0.297864318 0.287992299 -0.476594687
    -0.568041563 -0.438959569 1.56746769 -0.649907291 1.01893759
    0.27818501 -0.317126513 0.0346273184 -0.0320265293 1.25441408
    1.06712842 1.01863849 0.368642926 0.774486899 1.48024511
    -0.240496457 0.495603263 0.244609177 0.77824831 0.262526572
    0.0188869238 1.18119371 -0.567700744 0.747847974 1.35463989
    -0.253330231 0.490067899 0.812442303 0.281733751 1.53941035
    -0.771071255 1.30107617 0.420047283 0.711727679 1.09551167
    0.0190355778 1.68755472 -0.678475261 0.130809426 0.783188999
    1.57127321 1.77204156 -0.4844428 1.05899167 -0.609913051 1.52938664
    0.0660793185 1.45839047 1.33985913 0.792848408 -0.0897978544
    1.55169022 1.17271948 1.19015074 0.724047899 0.435549974 1.31249034
    0.39349544 0.168365717 1.58587027 1.24616945 1.30732179 1.26094937
    1.39010692 0.269541204 1.31930315 0.37457794 0.0368115306 1.20342445
    1.36791301 1.40578127 0.936187685 1.557603 0.494095147 0.952340007
    0.608207881 0.256860137 -0.152427971 0.0288339257 0.441926718
    -0.456491292 -0.773608804 0.740046144 0.519719422 0.495607853
    0.404630601 -0.0187795162 0.981612682 1.65895796 0.877815843
    -0.181170106 1.57188523 0.452759445 0.0684043765 -0.750184655
    0.785581768 -0.144418299 1.52738428 0.38449657 0.303184748
    0.919534802 1.38620448 1.53173923 0.738636255 -0.510765135
    0.36169064 -0.552778125 -0.209357083 0.869876802 1.16786957
    -0.390550673 1.63650894 -0.733337164 0.816373944 1.05521083
    0.289830446 1.66689801 -0.04860425 0.117215335 1.09577048 1.32559359
    0.860829234 -0.10296768 1.57245004 -0.460087568 1.54862595
    -0.43310225 1.5902288 -0.697259545 0.818416178 1.6806953
    -0.297997713 1.0913105 0.613196969 0.746222496 0.527289271
    -0.526957035 1.69262373 0.113380671 1.41327679 0.823531091
    -0.683887005 0.0838876963 -0.49165979 0.292689741 0.100256562
    -0.664271176 1.25927114 1.04963279 0.0511152148 0.871125937
    1.50063252 -0.245346367 1.56333685 1.14444244 -0.346819192
    1.46819139 1.01034141 -0.538579106 0.442238986 1.12761903
    -0.511510432 1.2262938 0.441185534 0.437300682 0.516924083
    -0.143119037 0.592827678 1.36941469 -0.081428647 -0.557062209
    -0.381518662 -0.666253328 0.460369527 0.389473796 -0.0304900408
    -0.195811749 1.14732337 1.67283082 -0.1371122 -0.108225465
    0.215747833 0.972313523 1.66740358 0.407090902 -0.403919935
    1.55943084 1.26372921 -0.168078423 1.04054189 0.113769591 1.03064609
    1.04710126 0.903048694 -0.312442422 -0.768673778 1.2162931
    0.341742873 1.30249929 0.180372596 0.0534592271 0.69037509
    -0.257389426 -0.164286315 -0.725786626 1.61621475 1.31745195
    0.0894983411 1.64975882 -0.506814301 0.393127501 -0.630421042
    0.543735087 1.61015201 1.06286347 1.83155036 0.851497054 1.75506449
    -0.39269501 -0.0951754451 0.237933755 -0.047285974 0.641786695
    0.00777435303 0.148262978 -0.704638302 1.33741498 1.33982205
    1.17913222 0.105966389 -0.605790496 0.911564529 1.04375672
    -0.56003356 0.573466659 1.42469597 -0.0255672932 0.286773801
    -0.685285985 0.534923255 1.70097494 0.970549047 1.10535789
    1.58970547 -0.69331646 0.863930404 1.66644406 -0.67752862 0.29213661
    -0.35116303 1.20744324 1.61221218 -0.705164075 1.06722796
    0.119653046 1.51104093 1.33846712 0.0937777758 0.973855138
    0.376436472 1.11253726 0.516911983 -0.278688043 0.453165114
    -0.570518613 1.58062649 1.21120572 0.638357878 0.761599183
    1.41586757 1.41009593 0.659701705 -0.383652776 0.0730239749
    1.43826199 1.46335626 1.13384545 -0.383508056 1.39345479
    -0.297572196 1.47980738 -0.385999292 -0.00581800938 1.34535694
    1.23097467 0.628189981 0.147272527 0.641836345 -0.560756981
    1.69612002 -0.398566723 1.53146029 1.52918577 1.78412116
    -0.407565445 -0.46210897 -0.523160398 1.40699434 -0.510613322
    1.36111212 -0.312536299 1.42929077 -0.464414567 0.907121718
    0.663767695 0.186076283 0.342432082 -0.524057567 1.43524849
    -0.795965254 0.816173077 1.66653705 0.29194659 -0.76371336
    -0.633643985 1.17439103 0.295584202 0.382066309 -0.271313161
    -0.663990438 0.823799372 -0.133735359 -0.237129867 1.6509552
    1.65688705 1.38521171 0.50400728 1.36078119 -0.356519878 1.29474962
    0.184539974 0.51585263 -0.0768820047 0.844383657 -0.131687224
    -0.714243114 1.75854266 0.356242716 1.7483741 1.70582426 0.964867771
    1.18837714 1.13056493 1.10014844 1.05697489 0.404573262 1.5222373
    1.15198052 0.349082112 0.317547441 -0.776000142 -0.0699291229
    1.32144737 -0.74027586 1.71660233 1.27144527 1.73747563 -0.18928051
    -0.502090037 0.681690872 -0.433508575 1.24528074 0.454933941
    0.259668231 -0.272307098 1.62654996 0.835510015 0.895064175
    0.161628306 -0.453347713 -0.290701866 1.42218375 -0.247184873
    0.879383028 1.61282778 0.0650651455 -0.477269799 1.39834106
    0.346131742 0.291044533 1.15333271 1.79901028 -0.513539791
    -0.187290549 -0.57348752 0.244942307 -0.035969317 1.0384376
    0.625196159 0.322560847 -0.603213668 1.09474921 1.62790918
    -0.267074138 -0.616194606 -0.395043075 0.183964849 -0.159637153
    -0.72723031 0.329140484 1.39062154 1.55465961 0.98253268 1.5777483
    0.439812124 -0.732764244 -0.0221745968 0.2146855 0.273731947
    1.77554834 1.09232366 0.271924615 0.180630803 0.0651801825
    0.824905932 -0.603000939 1.20181274 0.556170404 -0.712386727
    0.785987616 -0.199654281 1.26976085 0.375839472 0.314840019
    -0.324650377 0.238179207 0.339921474 0.0525658131 1.15682006
    0.693459153 0.843176484 1.17099965 1.67788506 -0.173906147
    -0.448487192 1.71407461 1.17740417 1.60567093 -0.423910201
    0.128606796 -0.556273043 0.0505005121 -0.701824129 0.995926559
    0.509977937 1.21260858 -0.639917195 1.59695721 0.113987267
    1.56589723 1.0758028 1.66112924 0.557334602 -0.0514804721 1.31274354
    1.55138278 -0.256250501 0.32029438 0.138803422 1.33218896
    -0.202391088 0.52344197 0.612091184 1.13293147 0.227539957
    1.76357388 1.00390339 0.148422897 -0.5247944 -0.601848066 1.21187079
    1.40662122 2.00624537 -0.327898264 -0.474870652 -0.302147448
    -0.403429806 0.808590949 -0.285643458 -0.329024762 -0.0355969667
    0.610622883 -0.117027938 -0.158924103 1.1787796 -0.745840073
    0.639598787 -0.666923225 1.14568615 1.63564134 -0.391473413
    1.75763869 1.73542404 0.329410374 0.44580245 -0.553478837
    0.775628626 -0.117635131 -0.61543721 0.617921054 0.879528165
    1.11130595 -0.669528365 1.08255577 -0.172057509 1.03029609
    0.463730454 1.21338749 1.70486617 1.41872597 1.53837609 0.625078142
    1.07947993 1.7392354 0.629615188 -0.747755766 1.15408897
    -0.713350952 -0.140411794 1.80978787 -0.517475963 -0.496381253
    0.132113278 -0.0522567034 1.26661348 0.388725519 -0.723387837
    -0.682938814 -0.217540145 0.864516556 1.42464149 -0.105405569
    0.184872746 0.649367273 1.38940048 0.0528739691 -0.454927832
    -0.622437716 -0.559110165 1.21813083 -0.0491144657 -0.533507228
    1.5460434 1.31827641 0.286951125 -0.404057533 0.136003673
    0.682352781 -0.428542137 0.707974434 0.538980126 1.18512559
    0.490075707 -0.203390121 -0.703521311 1.27875817 -0.0853704214
    0.901772201 0.736216724 1.61718035 -0.771032214 0.394848466
    -0.397738248 -0.0157575011 0.150162697 1.56678295 -0.463143468
    0.275680602 0.394996941 -0.0789244175 -0.710932016 0.327256322
    -0.119690835 -0.693056822 -0.283840626 1.30525219 0.964589536
    -0.0544884801 -0.795487642 0.0897095799 1.70432234 1.29844785
    0.764339149 1.43345046 0.909997106 -0.321131885 1.66069698
    0.0189802051 -0.542421758 -0.344788074 1.29823017 0.459326386
    1.10604048 -0.347466141 1.14516902 1.63703942 1.37472868 1.20459247
    1.00995421 0.387902439 -0.769133747 0.364965856 -0.00928688049
    0.969733953 1.00824833 0.181484938 1.46988046 1.355196 0.37448734
    1.55399823 1.26156402 -0.614635468 1.70023727 0.312418997
    0.366957128 0.804408431 0.17671454 1.05832541 1.35976219 1.74664164
    -0.249581933 0.460574687 0.63284409 1.44178879 0.461288214
    1.01126766 0.119374514 1.38939464 0.642742515 0.298374891 1.07091236
    0.486606359 0.0992916822 0.385503411 -0.375898361 0.22525233
    0.0864106417 0.0959703326 1.13083386 1.38369668 1.30449557 0.9873932
    -0.0276258588 -0.459717631 -0.512876868 1.57774091 0.1711303
    0.714686036 1.29573524 0.861135602 0.81156069 0.314505041
    -0.0541903377 -0.12672174 0.690514505 0.0310803056 1.18402779
    -0.501579046 0.727661133 1.68326116 0.924334586 0.819985151
    1.74741161 1.31509876 1.01796365 -0.0664953589 1.2546488
    -0.0857825279 -0.334193736 0.561930299 1.11175191 0.499165654
    1.83306789 1.74327004 0.0196957588 1.18698728 1.7486589 1.76698256
    -0.05252707 -0.558478355 1.84474933 0.678315103 -0.365435958
    1.50311756 1.75976801 1.70514941 -0.550318241 1.47230411 0.493681014
    -0.485782087 0.346615374 -0.449111193 -0.180841744 0.963931203
    1.06885731 0.0980840921 1.2450552 1.61551261 -0.074485898
    -0.165055454 1.73255861 1.26153791 -0.123726487 -0.775282383
    0.981028795 0.0749256611 -0.210291624 0.270245194 1.54204822
    -0.300440133 1.68187737 0.849053323 -0.666373193 0.661970973
    -0.501452327 0.844725907 0.155017078 0.969245315 1.23581719
    1.5949502 1.05888832 1.20317769 0.804289877 0.713176548
    0.00127732754 1.44833112 0.701510906 1.77223277 1.51400352
    0.270831883 -0.522336364 0.930495858 1.06290936 1.24259758
    1.26910806 0.872495353 0.468036175 0.629251122 1.24578595 1.0797708
    1.40563619 -0.616580725 1.74454176 0.607391179 -0.652489305
    -0.644533694 -0.700699329 1.43047547 0.910187483 0.0307642221
    0.358685851 1.58975792 0.675157607 0.376619279 0.570831001
    0.90748626 0.405318618 1.48479319 -0.527875543 -0.60262835
    -0.130847633 1.55072188 0.17781198 1.24250603 -0.717889428
    0.641860723 0.0194023848 1.19663429 1.6141237 -0.331823468 1.6186254
    1.62682104 1.20481396 -0.231577963 -0.327037454 0.592866421
    0.46924448 -0.28069824 1.69243646 0.141419649 -0.000122785568
    1.15160453 1.13112831 -0.510825217 1.06633151 0.694188535
    -0.155792594 0.214834392 0.925257921 -0.457159877 0.343163431
    0.170356691 0.62167275 0.096085012 0.0541158915 1.01022637
    0.425863743 -0.354566514 1.36845899 1.26967657 1.17086339
    -0.734681785 0.0532053113 0.125885904 -0.5534302 1.39413118
    1.70200849 0.00472712517 -0.0544484258 -0.531490743 0.0504072905
    0.917553425 -0.570993304 -0.455929279 0.768729985 -0.158404291
    0.151138663 0.416572809 1.26030231 1.54881763 1.49206734
    -0.255707502 1.24912906 0.0925957561 1.13736987 1.16378117
    0.891921639 1.26671326 1.84600508 -0.612923861 0.0596860051
    -0.143363833 1.17360616 -0.521386862 0.701791823 0.0762607455
    0.170153022 0.4696697 -0.844471574 0.83943373 -0.419002712
    -0.194604278 1.69226146 0.299884081 0.235371649 0.513230145
    0.617735088 1.60489571 0.529005766 -0.717227459 0.325393379
    1.09288049 -0.476308018 1.03493357 -0.148282349 0.0505688787
    -0.119392693 1.67591619 1.18183136 -0.140796721 -0.411674589
    -0.477598578 1.08385229 0.965132296 0.763037503 -0.031490922
    -0.180965066 -0.2034536 1.19744742 0.894155443 0.845567882
    -0.0792542696 -0.473503768 1.5411129 -0.0612655282 0.651268303
    0.173676431 -0.171187699 0.751387358 -0.231089294 0.805403352
    0.148473322 1.04781318 1.64788294 -0.445112616 -0.685023546
    0.0437733531 1.44088697 -0.623205841 0.128507495 1.79078126
    -0.447858274 -0.211675823 0.808449447 0.257170379 1.00878727
    1.56320667 1.3662858 0.8257671 0.69251895 1.60199499 -0.0444081426
    -0.485405147 -0.640664399 -0.110524178 0.189042687 0.126623154
    0.0764529705 1.04359007 1.24260104 1.68025494 0.334537864
    0.292908847 -0.036937952 1.80424237 -0.57816726 1.31737113
    0.0376624465 1.31711662 1.46971202 0.715559542 -0.545776904
    1.40050697 -0.737836003 -0.00678730011 0.880253315 0.866383374
    1.50741768 0.217101574 0.609841466 0.140727162 -0.628838718
    0.366823375 -0.344869256 1.83914423 0.725532472 -0.5950647
    1.75617063 -0.25559926 0.904939711 0.210807025 1.13935244
    -0.259071231 0.0363522172 -0.434363097 0.592172027 1.26502585
    1.14816844 -0.517999411 1.4862535 0.33005619 1.35659218 1.61773348
    0.00950753689 0.567975223 -0.49582532 1.08562469 0.640772581
    -0.534246445 0.407082736 -0.495395124 0.352080047 0.7931692
    1.1952374 0.495062828 -0.371177733 1.69131923 0.482666314 0.9565956
    -0.0661231875 0.151936412 0.526865005 1.25486529 1.35896206
    -0.132574201 1.42695761 0.216750205 1.65558767 1.60854292
    0.457800925 0.884605646 0.368693173 1.57680273 1.06872106 1.06001258
    0.132227123 1.88486505 1.73744011 0.000801444054 0.364110351
    0.728849351 1.59975314 1.57630575 0.255183697 -0.682391286
    -0.338252068 0.925525486 1.22651279 1.08841562 0.791542113
    -0.432457238 0.625829816 -0.345968902 0.0111958385 -0.360853314
    -0.268085986 -0.716115773 0.283773422 0.110777378 -0.221463084
    -0.275072575 1.51855731 0.783584714 1.1872406 1.2499733 1.68800604
    1.47116065 0.432015717 0.217254102 0.797897518 0.90566498
    0.172519326 -0.371191204 1.47158837 0.154993892 -0.620443702
    0.674593568 1.23596692 1.23099995 0.236520529 1.86107671 1.01106787
    -0.0980890393 0.328668594 1.31811643 -0.335067481 1.57381892
    0.535909712 1.39508367 1.79459834 -0.236861646 -0.159263551
    0.247707248 0.576241851 1.7964797 -0.362525314 -0.121393263
    1.73560143 -0.307477742 -0.420349747 -0.589111269 0.844522774
    1.49187493 0.425318718 -0.715122521 0.736047447 0.462203205
    -0.367712706 0.16691494 1.57108235 0.677876949 -0.607939899
    0.72835511 -0.0417361856 1.45039344 1.23607361 -0.299164236
    0.277477384 -0.0398588777 1.23833609 1.22369289 -0.171551585
    -0.556855857 0.209491074 0.587468863 1.08732033 1.6881789
    -0.104478121 0.191443801 0.854911149 -0.564173758 0.128399193
    0.46176368 0.75490278 0.270434856 0.791662097 -0.63852334
    -0.00952875614 -0.342838943 1.32289863 1.70862079 0.837982059
    -0.0569249392 1.21901917 1.61252546 -0.0204495788 1.04257417
    0.842075229 1.73049664 -0.0879291296 -0.69336313 1.16229296
    0.101949453 0.285910666 0.49574101 -0.731090605 -0.0546251535
    0.571740329 1.11261654 1.70981598 -0.200560212 1.11898673
    0.707532048 1.256917 0.326343954 1.06422985 0.945016742 0.128839076
    -0.340799391 0.211768568 -0.58040309 -0.542007685 -0.248634577
    0.211512089 -0.648405552 0.0525618792 0.703563035 0.128308952
    1.21189535 -0.2315045 0.721374512 1.58195281 0.0620703697
    0.902540982 -0.526297688 0.172310531 0.63885808 0.0174556971
    -0.354176104 1.792418 -0.327363282 1.09094334 -0.0546133518
    0.18047744 -0.613676548 -0.566513658 -0.295703709 0.0396649241
    -0.70210582 1.12586236 -0.000680506229 0.895583749 -0.202780962
    0.542739093 -0.520149231 0.32646668 0.90054369 0.532975316
    -0.747793376 0.180095851 0.0717213154 1.77463996 0.330186844
    0.147279739 -0.657778502 1.08266807 -0.0619772673 0.66463989
    -0.291282654 1.79493082 -0.654440403 -0.432081938 -0.723117888
    -0.515709996 -0.690597594 0.62552017 0.918416619 -0.415253073
    -0.517507374 0.165312827 0.83266741 -0.379772723 0.600073397
    0.30166024 -0.356397122 -0.50285393 0.882295728 -0.0725375414
    1.23109365 0.559335411 0.18923521 0.571712911 -0.425343066
    -0.0749311447 1.42146945 -0.763309598 0.399462223 1.7276547
    1.65233767 1.07969904 0.600035906 0.309182584 0.705685318
    0.0633164048 1.21233749 0.472968519 -0.215489089 -0.0646698475
    -0.563013911 1.09389365 -0.136236608 0.708661616 -0.567118227
    -0.196932197 1.26288056 0.936691463 0.706846595 0.302195609
    -0.0166250467 0.328156769 -0.178104877 0.737071991 1.03713036
    1.64743066 1.18685138 1.52529454 0.548202813 -0.23641324
    -0.787905276 1.20620275 -0.326249748 0.759011507 -0.394418448
    0.131471992 -0.321473658 -0.24357447 -0.323000431 1.65645957
    1.96184289 -0.381494761 -0.145052373 0.982777834 0.254278362
    1.77646816 -0.583649397 -0.425751686 1.10211277 0.291065097
    -0.330264062 1.41127765 1.6907661 0.131768346 0.568832517
    0.0275679231 -0.027494967 0.528133273 1.54641795 -0.636730492
    -0.735036075 -0.00955319405 1.64540815 0.237763107 -0.162671924
    -0.0359721184 -0.674510479 0.588901162 0.73276937 -0.679766059
    1.4299233 -0.0855733156 1.0205251 0.185705543 1.5084517 0.97670573
    -0.45137012 0.361032784 -0.30540818 1.66280842 -0.772769928
    -0.727449715 1.5445528 -0.0495556593 -0.504809916 -0.689575672
    -0.507350147 -0.502958298 0.400009692 0.844477415 -0.42228651
    -0.489793986 0.386004031 -0.11800766 1.6683259 -0.48761487
    0.574738801 0.405623853 -0.352151036 0.884030104 -0.414480567
    0.147814214 -0.0886289477 -0.160942078 1.04345572 1.80214596
    0.694782257 0.934221923 1.24067533 -0.0973529816 -0.338850558
    1.08909738 -0.00613379478 1.64505827 -0.0756405592 0.222567797
    0.194237888 -0.267975032 -0.512629092 -0.459460407 0.976992846
    0.979182661 0.0449252129 0.148559451 -0.224275887 0.407395542
    0.0427665114 1.63497925 -0.137143135 -0.782468736 1.1770668
    0.855588794 -0.202965498 0.523941875 1.76179671 -0.181180477
    1.58589697 -0.318951935 0.324636459 -0.435203403 1.53545964
    0.528669953 1.2177633 -0.0313882232 0.875299573 0.372817934
    -0.0725550056 1.09746099 1.01546121 0.0163932443 1.44634795
    -0.497160912 -0.176028609 -0.152960598 0.763427377 0.707050025
    1.11798739 -0.588335693 1.70291007 -0.436398596 0.910440147
    -0.696955919 -0.677106559 -0.22772193 -0.108461797 1.54500437
    0.144368052 1.32810199 0.165248394 1.39609396 -0.322648585
    0.815217376 1.38923049 0.217863381 -0.531900764 0.741941392
    -0.00811940432 1.609918 0.302959263 1.70851088 0.521491587
    0.318950057 0.12223351 0.875451028 0.350680172 1.21828556
    0.930975854 0.085975647 0.388382196 0.102375805 0.925030947
    0.19132328 1.51472497 0.960567415 0.357506752 1.34363365
    -0.277972698 1.61739051 0.837287605 -0.676812947 1.5962534
    0.989311755 -0.237023652 0.580837369 0.0513579249 1.54004645
    1.48381245 1.78513002 0.62760061 -0.354635477 1.61956608
    -0.767160058 0.182769477 1.18055403 0.319666445 0.233429313
    0.627622008 0.0948953629 1.40543771 -0.118651807 -0.269369304
    -0.160841703 -0.524523675 1.79651833 0.620721042 -0.571217775
    1.47777581 0.203412294 1.58873796 0.13627851 -0.0299345255
    0.777071238 -0.201322496 0.0108115077 0.18149209 0.413084149
    0.0752817988 -0.550105214 0.882254899 -0.117356539 1.39870989
    -0.590144575 1.37739694 0.783131123 0.583933413 -0.306905836 1.13044
    0.368470967 0.586238027 1.01697254 1.07896471 -0.658800364
    -0.340535671 1.08598828 0.624654591 -0.587008715 1.69565034
    0.49146378 1.74720895 1.01051438 1.07190013 0.082749486 -0.350711316
    0.302632391 0.304845273 -0.0807675123 1.07806599 0.0696488619
    -0.274453849 0.809673846 -0.021556735 -0.656418741 1.75669158
    1.18525314 0.869539082 1.11446619 1.52461672 1.52230561 1.33934736
    0.86111623 -0.613805652 1.21235371 0.606170595 0.0614159107
    0.239421904 -0.290870667 0.237713635 0.255369186 -0.372117221
    0.6628896 1.30442357 1.77117527 0.631102324 1.29384375 -0.492917985
    1.35506094 0.595246315 0.712018549 0.0364661217 1.79035175
    -0.372742593 0.562038183 -0.458952248 1.03296661 0.531572342
    0.0635991096 0.848982453 1.41387463 0.167657137 1.03342724
    1.45970023 -0.275430024 0.138424993 -0.471455336 0.554274201
    1.00634694 1.78099084 0.769951403 0.293764472 0.372224152 1.69021297
    0.53751266 0.532700777 1.54178452 0.12627399 -0.156884789
    -0.542092621 0.687193692 1.24137783 0.883366287 1.35062861
    1.20235395 1.09861815 0.65273571 1.72004509 -0.270937383 1.24200964
    -0.572852194 1.46631885 -0.662049949 -0.575209856 1.13362503
    0.943988621 0.153107822 -0.255959868 -0.503379107 1.04276001
    1.07313609 1.46682572 1.10627544 0.174194634 1.03816044 -0.404842943
    -0.0965794921 -0.549289584 0.488438666 -0.277822047 1.6452868
    -0.0335142612 1.54251862 -0.610666394 0.501121402 -0.048393786
    -0.148867071 0.73574084 0.539462864 0.735306203 1.51000023
    0.976444781 -0.493538082 1.57386053 0.756384134 1.17654133
    1.36857498 1.47701752 0.512853026 0.695111334 -0.701623857
    -0.113369286 -0.384021491 -0.0233443379 1.43939877 1.14127493
    -0.485158145 1.60050392 -0.126619816 1.20758939 1.61238587
    -0.483080477 -0.0223425031 -0.701204896 -0.389367729 1.77691436
    0.845230281 0.289223731 0.309378564 0.101351082 0.897349596
    1.11768937 0.07267344 0.413096845 -0.315277904 0.431313336
    0.881747067 -0.37778908 -0.322029471 0.400522768 0.527621329
    -0.477509469 0.0779098272 1.42713213 1.64304304 0.651960492
    -0.197573304 1.49562025 -0.555501699 0.81291163 -0.423262745
    0.968766391 1.22564602 -0.447441727 -0.261487782 -0.456427902
    1.65585995 0.722648799 -0.0764375329 -0.510632753 1.39762926
    -0.151078761 -0.666156471 -0.36208415 -0.241909325 1.11142826
    0.523088098 -0.555518329 1.13434386 0.754506946 -0.549378157
    -0.0756424665 -0.651701391 -0.59860611 -0.177398562 1.19010043
    0.878134608 0.734731436 -0.394969374 1.18013716 0.588995934
    -0.557494342 1.32744575 0.588525712 -0.767055571 0.985554516
    1.51508212 1.02022624 -0.749518931 -0.0244107842 1.65087509
    0.768916965 0.269170463 1.57208705 0.216379702 0.0343440175
    -0.43367967 1.80898285 0.578055739 0.624316275 1.19427562 1.64437628
    0.349185884 1.37984252 -0.34054482 0.798900187 1.39010239
    -0.0341416597 0.804504871 1.19566798 0.697712541 -0.36563772
    1.74372864 -0.690200686 0.863326252 1.74103689 1.38122857
    -0.466338843 1.48960149 -0.477781922 -0.426331311 1.80931199
    1.38993514 1.04994535 0.758014739 -0.515222609 1.61625051
    0.240172207 0.386239946 -0.661878228 1.12739706 1.57231903
    0.626877129 -0.339897364 1.19912243 -0.515027702 -0.493431211
    -0.54847151 -0.379263163 -0.0419299603 1.56020308 0.100339711
    1.57860494 0.110918701 0.727621913 0.779670775 -0.096470654
    0.459613383 0.64995712 0.262113035 1.68929195 0.698044956
    0.348404646 0.797401488 0.565545857 0.783369839 0.611115396
    0.940228164 -0.475527942 -0.693205476 0.145211697 1.27965856
    1.10927927 0.91317004 0.699442804 0.801410496 1.04429269 0.904567003
    -0.163199723 0.642635763 0.681691289 1.61704123 -0.660314023
    0.757662475 1.21478224 0.243005514 0.883973956 0.826297343
    0.579095542 -0.487706333 1.6646769 -0.50421232 -0.168621778
    1.29716921 0.530506372 -0.251989096 1.23223007 -0.104943156
    0.991053939 0.726672471 0.573051512 -0.306094587 -0.410831541
    -0.311954975 -0.000149548054 -0.0403510332 -0.222560942 0.0204803944
    1.1582458 0.10599494 1.35207701 -0.308958083 0.451041222 1.78279531
    -0.561861992 0.94349587 -0.433488846 1.239676 -0.683473229
    0.458697438 -0.735645413 1.1896503 1.40643215 0.391356826
    -0.265230477 0.911628008 0.771663249 0.114193857 1.39459062
    -0.224110484 0.661884665 -0.0204159617 0.591296256 0.209502459
    1.35960364 0.128749907 0.318614066 -0.0955739021 -0.662595689
    0.100428045 1.20945525 -0.116872787 0.632529855 0.641842246
    0.6987831 0.970251918 1.63990712 -0.111991823 1.73695052 1.77762866
    -0.673082232 1.56583643 -0.0741301179 -0.0561875105 0.659497917
    0.880995274 1.36429417 -0.36585927 1.45010507 1.5705018 0.586102962
    0.697286129 -0.465939879 -0.00411093235 0.596018612 -0.2197963
    1.2282691 -0.78267765 1.1577369 1.06937432 1.49865651 1.44738507
    0.204302847 0.326699018 0.157956958 1.24345613 1.3783586 0.810891867
    1.45460558 0.442020357 0.406343639 -0.240141392 1.64185011
    -0.367775023 0.713007033 0.816325665 0.0751781464 1.46367931
    -0.283965766 1.15743291 1.35728657 -0.455732644 1.15964341
    0.786303759 -0.143050909 0.415229976 -0.326544046 -0.132539332
    1.40225232 -0.413311213 1.32186627 0.411601663 0.939053178
    0.379082859 1.66862726 1.55689406 1.33861887 0.0582967997
    0.630037725 0.787868261 0.610567987 -0.687903166 1.54561198
    -0.621777296 0.163001359 -0.527663469 1.5610795 0.887630641
    1.17272556 -0.0354957581 0.167430103 1.20864046 0.513331056
    1.52556515 0.413344145 1.48661304 0.0191294551 0.952078581
    -0.00352048874 -0.167869627 1.10533321 1.6927793 0.450411081
    0.330210268 1.56392825 1.41402936 -0.0027167201 0.166843414
    1.56489158 1.63191962 -0.490576267 -0.163663745 0.937597275
    1.74486291 1.61591828 0.704005957 1.34993088 -0.293214053
    -0.060926199 1.6685791 -0.724105 0.627396166 1.77816629 -0.699463964
    1.56906879 0.599925876 0.372884631 0.621869147 -0.139521062
    -0.202531576 -0.656927347 0.652407944 -0.158349931 0.0222123861
    -0.398295254 -0.258044183 -0.409640044 0.460587025 -0.191188812
    1.53990149 0.996936381 1.3205204 1.11406875 0.553152084 0.0733548403
    -0.380515724 1.07281065 0.860864103 0.578696191 0.0360541344
    -0.15921998 0.605491936 0.0851841569 1.77261758 -0.471757114
    -0.392564118 0.724211931 -0.519581318 0.574868798 0.691734612
    0.353308737 1.40779352 -0.144694626 0.0316005945 1.38331485
    0.798303425 0.5288831 -0.664671421 -0.169619679 -0.468293607
    0.208962619 0.0780681968 -0.106289148 -0.441862047 0.695759416
    0.0131312013 -0.0320749283 0.325416207 0.131502569 1.67158175
    1.07606792 -0.213791788 1.31817985 0.164221287 -0.340906382 1.2895
    0.734511435 0.414087892 0.733583689 -0.4562549 0.0551695824
    1.20648241 -0.709638536 0.579463303 0.927748978 -0.401928663
    0.994685531 -0.159185827 0.269471228 -0.163586438 1.3184638
    1.5228703 0.640385866 0.57151705 0.838905394 0.224118888
    -0.416940004 1.24112535 -0.553640008 1.37852776 0.409891427
    1.25909591 1.04609156 -0.432802558 -0.733728468 -0.51064986
    -0.72038573 0.832299471 0.667124093 0.75424403 -0.25279665
    0.825186849 1.96781802 -0.177859008 -0.286423236 1.82104158
    -0.522032857 0.937494159 0.562546253 -0.364410996 0.84799242
    1.07979202 -0.670892298 1.40556026 0.900830626 0.497495055
    1.06803823 1.19833302 -0.18212229 0.0454971194 1.40809596
    0.239349425 0.79381144 0.288089097 1.23125684 0.0184755921
    1.57981765 -0.487210214 0.124473989 -0.40380007 1.65011239
    0.543375194 -0.434805572 -0.101161301 -0.0703046918 1.17985725
    0.608991086 -0.445665449 -0.538398743 0.400814354 1.65303159
    -0.533593714 -0.284171939 0.285897315 1.5743258 -0.248204708
    1.48218858 -0.00632989407 -0.422750205 -0.319925934 0.132195294
    0.138489366 -0.313515961 1.21456456 0.342573941 0.195669115
    0.316099167 1.58251977 -0.241396964 0.782323301 0.267124295
    0.597697616 0.109366775 1.71756697 -0.616936505 0.107678533
    1.16208148 1.40500808 0.442778289 0.445368409 1.42061353 0.542526841
    -0.092094779 0.020310998 -0.162085116 1.50822067 1.51120305
    0.00850999355 0.328343093 -0.501619458 -0.157292783 -0.152939975
    -0.591755986 1.59932613 -0.0405386686 0.641933322 0.487361133
    0.540791392 0.816029191 0.532312334 1.32850933 1.76493359
    -0.724112034 -0.754414856 0.222580016 1.62741292 -0.135590732
    1.51056218 0.406356752 -0.205899298 1.5221734 -0.578499019
    -0.712043822 0.738574684 0.887073398 0.888018847 -0.0709931254
    1.38197827 0.433685005 1.10799325 0.194638491 -0.34820506
    -0.126759768 0.104287088 0.657612026 0.0659440756 0.374016821
    -0.450491816 1.00009871 0.6255427 0.289406538 1.55625832
    -0.149452269 1.43725419 0.73575139 0.121070802 -0.579742968
    0.0187439919 -0.765749097 1.03158116 1.70725369 0.968730152
    0.445290029 1.32165802 1.15558839 -0.253163517 -0.328034967
    0.752148569 1.4759326 0.307061672 1.12499189 0.865451097 0.555713773
    0.58067137 1.12971377 -0.31655547 1.42478144 -0.38751778 1.40455294
    -0.613738596 1.25858355 1.51748323 -0.583832979 -0.0913624763
    -0.344407946 -0.231943846 0.234591663 0.0181638002 0.0207975507
    1.31469703 1.11829805 -0.508036137 0.49099946 1.10046911
    -0.630319357 1.1828537 -0.123683393 1.41359532 0.494610667
    0.729764462 1.00755072 0.709270298 -0.26301074 -0.446632385
    0.619577169 1.62370682 0.0867514014 0.592980981 0.807640493
    1.18495822 0.959793568 0.4203493 -0.723459005 0.140470326
    0.372576714 -0.674273193 0.0375058651 1.75201941 0.943977714
    1.20139718 -0.560214639 0.574227989 0.403753579 -0.229809344
    0.046066463 1.09129286 1.21840358 0.0370967984 1.42968249
    -0.737815261 1.58060813 -0.641815722 1.66130757 -0.431276619
    1.80964911 1.84620237 1.8607204 -0.327589154 1.0328393 -0.244109839
    0.306045294 0.0131525993 -0.255806178 1.2229979 1.41904044
    1.15331399 0.849271417 -0.344114959 -0.551259458 -0.744403899
    0.598281205 1.03122067 1.03832412 -0.750681639 0.888525188
    0.187779307 1.26079404 0.564690411 -0.469247282 0.0136216283
    -0.363370538 0.370366395 1.56546593 -0.630694449 -0.391268253
    1.32132697 0.554422915 1.71327806 0.103293955 0.469606161
    -0.374240428 -0.691110492 1.73099089 -0.598554492 0.858247042
    -0.687155306 1.05923367 -0.392492533 1.34393203 -0.603947639
    -0.477602869 -0.605318666 0.688437045 0.632186174 0.0472759604
    -0.295740992 1.60607624 -0.204542428 1.27290916 1.03905165
    0.954297304 0.84370774 1.02859116 0.753877938 0.586311638 1.28025723
    0.238739014 -0.215443969 0.922542095 -0.540345192 0.540720582
    1.63033342 1.68085706 -0.317655474 -0.545015991 1.2430582 1.58159685
    1.66343224 1.43566513 -0.148017764 1.32813573 0.369659066
    -0.435713112 -0.748399556 0.581424892 0.54337728 -0.520696938
    -0.732623339 0.356295407 1.46873963 -0.773097038 0.770736814
    1.3579452 0.978704631 1.47204423 0.557350278 1.72655129 0.481114626
    -0.734673977 0.693636179 0.814328134 -0.455821246 1.16120636
    1.76255107 1.79238772 -0.0154359341 0.870468438 0.291885972
    0.708672464 -0.479461789 0.471756816 -0.0269365311 0.703160822
    -0.462971538 0.357467115 -0.242569149 1.14747572 -0.0941637158
    1.16910207 0.20696944 0.513193071 1.32840204 -0.563529968 1.52216733
    -0.734660745 -0.119993687 0.972020209 0.660232484 0.0843205452
    0.70310533 0.493398964 1.02560735 1.03596604 0.209574878 0.554895341
    0.756014824 -0.417936534 0.12191385 0.753047347 1.42221797
    1.53713465 1.56426311 0.630952716 -0.626516581 1.45080185 1.62460327
    -0.161719859 -0.137185574 0.303734183 0.622370422 0.990808845
    0.368462503 0.22981292 0.622460008 0.473212719 -0.734592617
    0.679652512 1.72647166 0.520314813 -0.0573525429 1.74291396
    -0.72714591 -0.295760334 0.424005747 0.93851912 1.5462141
    0.386904299 0.974453926 1.13537717 1.53234625 -0.433558047
    0.845091581 1.52659345 1.31557679 -0.237047076 -0.375459254
    0.906603694 -0.496256649 0.0124512315 0.8882218 1.60681534
    0.416503906 1.76048458 0.0186122656 -0.0725451708 -0.285701811
    -0.800495446 1.31041551 0.278719664 0.531895161 0.175945938
    1.65864134 0.0945726037 0.915620625 -0.321459889 -0.335955769
    -0.204137266 0.295516729 0.565224707 1.08110929 1.60265851
    1.45788956 1.34777999 1.47556186 -0.642716765 -0.735117555
    0.576748013 0.00648665428 1.23047042 -0.00807350874 0.164806426
    -0.169479668 1.06772947 0.0107019544 -0.0339358449 -0.524990678
    -0.0379263163 0.922809124 0.665757477 0.736767471 1.64138138
    -0.767093837 1.05774987 1.25587022 0.0144094229 -0.540595949
    1.64234138 -0.157061934 1.61327577 0.0910081267 0.942342818
    0.252246201 0.555876672 0.407060325 -0.559595406 1.08092976
    0.427430212 -0.143886626 0.375984907 0.862306714 1.63913655
    -0.243550003 0.0945931077 1.66223502 0.428101182 0.199631095
    0.0925195217 0.676475704 -0.238113403 -0.0445064306 1.09630668
    -0.609168887 0.113655329 1.0924654 -0.48660931 1.35316324 1.01897836
    0.200232506 -0.701132953 0.20732671 0.111866832 1.2329756
    -0.101136684 -0.235106468 1.71161771 0.532437623 0.48408848
    -0.501619041 0.581675529 -0.0494033694 0.222348332 1.68871832
    -0.249939263 0.340953171 -0.109778821 0.455364168 -0.0381975174
    1.25378299 -0.677146673 1.59244061 1.5733583 1.06924462 0.657685876
    1.54360235 0.538895905 -0.150658727 0.57774806 -0.294202924
    -0.283731818 1.70065248 1.7370162 -0.131105602 1.44704282
    0.130751371 -0.0875913501 0.595879376 0.287662089 1.42967296
    0.692763388 0.864185572 0.672191143 1.42562199 0.405632019
    1.78492975 0.686614692 0.08326298 0.822422445 1.46298504 0.829341054
    1.34357774 0.515287876 1.45486093 0.376963496 1.22761714
    -0.177765697 1.23523021 0.941776633 1.3895787 0.863986015
    -0.632249594 0.335101545 1.30965614 1.06203651 -0.73723948
    0.0271175504 1.32905984 -0.168152213 0.30872798 0.228727698
    -0.778943896 0.206754029 -0.171330333 1.33441091 0.987684786
    0.161094785 -0.638957739 0.77447778 -0.434237361 1.0562036
    1.50830841 1.68966269 1.79005218 -0.218260765 1.04819751 0.596325636
    0.146217644 0.0367090702 -0.146068871 1.12703848 0.72539413
    0.238595665 0.743457258 -0.0757918358 0.0604012012 0.581816852
    0.89903903 -0.713624239 1.76532125 0.730094731 -0.0197455287
    0.346996605 1.35501683 -0.0871376991 1.0071969 0.245799601
    -0.12578392 -0.290826738 0.257960737 1.04420018 0.950274467
    0.508976161 0.821320474 0.614498794 -0.230625391 1.20356333
    0.231837571 -0.0384045243 -0.332912236 -0.190233469 1.38887978
    0.836455762 1.51659644 0.298597157 0.944388628 -0.627604842
    0.990977168 -0.1635741 0.526068807 0.85801661 0.980689526 1.16186118
    1.34682989 1.09798884 -0.609447777 -0.0627378821 0.162322223
    1.43492055 1.52534628 1.42131841 0.727548599 0.817995667
    -0.0768942833 1.53336275 1.27067757 -0.744079292 0.0884507298
    1.42686796 0.0973268151 0.97801125 0.312235534 1.67634404
    -0.517598152 0.283340693 1.64358687 0.99580735 -0.0135228038
    0.768372953 1.42242217 -0.585092187 -0.50602752 0.528918862
    0.49306196 0.174115181 -0.259564817 0.663085103 0.212564826
    0.993092358 1.68186986 -0.664713621 -0.58179909 -0.0395972729
    -0.215472341 0.227307439 0.674229026 1.67187679 0.667325318
    1.73653197 -0.166342974 0.919342935 1.76798749 -0.460994482
    1.10468817 0.281239212 1.17296863 1.15804291 1.49294364 0.514955938
    1.09574389 -0.664418459 0.147104025 1.47069502 0.0971998572
    0.186321914 0.898434579 1.43961084 1.66335773 -0.246956468
    0.327280402 -0.591895819 0.334548354 -0.273844719 -0.270737767
    1.07424378 -0.219411433 -0.397312045 0.217432022 -0.123105228
    1.13124681 0.267715037 1.76249385 0.523166656 -0.265814781
    0.525430918 1.42843843 0.820502043 1.44688439 0.303543985
    0.591411233 1.32982254 0.343494296 -0.124931395 -0.546487331
    -0.675845623 1.51728964 0.273964882 1.32905555 1.62503338
    0.728650749 -0.651414752 -0.153048992 0.336097836 -0.244057566
    1.57935894 0.0325876474 0.489522696 1.42907453 -0.69532913
    0.505370378 1.79097533 0.504618585 -0.0066049695 -0.543713808
    1.15110075 1.61067796 0.0596169829 1.39138985 1.5437963 0.862735093
    0.331579924 -0.637216747 1.45897937 1.11438084 0.212097228
    1.59513104 -0.127004147 0.0057105422 0.310706973 0.604422748
    -0.20005542 0.0879624486 0.132283509 -0.351073086 -0.472953558
    -0.230459213 -0.340777487 -0.368608624 1.67883182 0.658849537
    -0.402328968 0.459865868 -0.201720715 0.0974113345 0.348192871
    1.52121758 0.769896567 -0.724205434 0.54725033 1.67289925
    0.581126273 -0.508420527 -0.354438335 1.43601012 0.0246458054
    -0.141512334 0.799057007 0.0215746164 0.340526164 -0.221749425
    -0.377131969 0.495916903 0.681825817 -0.832308829 1.13537967
    1.25288081 1.61625719 0.294602096 0.168886483 0.58765769 -0.26641196
    -0.567959189 1.08691144 0.919626653 -0.529435396 -0.515708447
    1.04714322 -0.38584435 0.296852589 0.457920551 0.520617127
    0.702189088 1.64657342 -0.00598290563 1.25162375 -0.457450777
    0.587574363 0.299401283 0.921276391 -0.357449919 0.240630329
    -0.451716274 0.655433595 0.0683760643 -0.614369392 -0.495776832
    1.61022568 -0.783151031 0.872863889 0.315977573 0.984415293
    -0.688281715 0.390803874 -0.254000604 1.65647078 -0.417451262
    -0.353615642 1.02106023 1.18452883 0.932480872 0.217232764
    0.0781006217 1.73064733 1.5071671 0.370214522 0.0740528107
    0.748066604 1.14549124 1.65979767 1.58600068 1.55884683 1.18539333
    1.43473411 0.823212445 -0.727862358 -0.523337066 0.402670324
    -0.463483095 -0.245195508 -0.644308865 -0.605746031 1.14896488
    0.860570431 0.119759381 0.132418454 0.974174559 0.566046536
    -0.759709954 1.17065072 1.02356601 -0.673244417 -0.639587462
    1.25475049 1.76298988 0.628859937 0.38384378 1.15549386 -0.745471358
    0.814445496 1.14817882 -0.0902658105 1.64272833 0.546513617
    0.921055138 1.18481994 1.08309627 1.08491743 0.545993388 0.172748446
    0.781781435 -0.496763915 0.139634132 1.70589173 0.468491375
    0.348952889 -0.0559946895 0.478384793 1.48699975 0.156940401
    -0.0973604321 -0.584560037 1.39738011 1.12855041 -0.0709047318
    -0.726194799 0.68825835 -0.207861304 1.42759585 0.179072738
    -0.608706832 0.425369501 0.781693935 0.393512845 0.920145988
    1.30095136 0.951439381 1.39797664 0.608425677 1.31417143 1.68388033
    1.27210283 -0.649373412 -0.669709206 0.822062671 1.46906972
    -0.760789812 1.68552232 1.61629272 -0.578447461 0.816499889
    1.3158226 -0.686325908 1.06465173 -0.217891574 0.21404922
    -0.748086095 -0.135870397 -0.639863193 -0.674455583 0.471110225
    0.589821696 0.766751647 0.641475976 0.446786165 1.27309227
    -9.59038734e-05 0.962284684 0.334919155 0.144819379 1.26356554
    -0.500104845 1.47259045 0.40942502 1.55445528 1.1800096 -0.275149345
    0.346742153 -0.570474923 0.620682418 1.29048276 1.33124971
    0.691157997 1.18181252 1.40624678 1.62149525 -0.559837937
    -0.0135138631 0.952250123 -0.0690800548 1.42934227 0.710114062
    0.247074068 0.492472291 -0.417720646 0.206190288 0.350987256
    -0.291994929 -0.523038328 1.34021974 -0.635293007 1.55414724
    -0.292164564 -0.750334024 1.60748148 -0.0958699584 0.58720082
    1.3043704 1.76770329 -0.406294197 0.238930583 0.308003426 1.03542972
    1.36606956 -0.0883721113 -0.42391488 0.112121582 0.843430221
    -0.686947465 -0.1442554 0.958781719 0.0842764378 -0.520785093
    0.192653 0.487678528 -0.367507488 1.26486731 0.879332662
    -0.116825342 -0.76527977 -0.648048759 1.09817553 -0.551461816
    0.978973985 0.609115064 -0.772156358 0.934472203 1.32584274
    1.55363631 -0.295245856 1.21174216 1.36274648 0.897755325
    0.812934399 1.59799147 -0.61508894 1.56443357 0.416982293
    -0.428574532 0.694927156 0.545939863 -0.421760738 0.315098345
    1.63206863 1.0743494 1.29609847 -0.0152306557 1.65877008
    -0.230163276 1.54090095 -0.41513598 0.929228246 1.4956336
    0.597523451 1.10909986 1.74353552 -0.208231986 1.65213609
    -0.274117351 -0.00417494774 1.16350269 -0.471517652 0.769395649
    1.16722202 0.163456857 1.45533609 1.32615662 1.40232134 -0.409564555
    0.00142580271 -0.253164947 1.21807992 0.868259788 0.327457488
    1.35164094 -0.723000884 1.44049513 1.72290313 -0.330325991
    1.24361253 -0.397724181 0.524456382 0.431395471 1.18159449
    0.861928105 0.283020496 1.56118345 1.65376496 0.492193222
    0.159363687 1.14494038 1.73286855 0.18649137 1.27878404 0.128183663
    -0.0687906742 1.48835588 1.24666667 1.05158067 0.855524659
    -0.373839229 1.37266016 0.781573355 -0.594341576 0.59781003
    0.512039125 -0.101687789 1.04125035 0.660113215 -0.797520578
    -0.244094729 0.671928883 -0.215756774 -0.593390346 0.413041174
    0.190581024 0.780207157 -0.383192271 0.126672745 -0.230328739
    0.602793932 0.923083782 -0.252743512 -0.0665649176 -0.3641074
    0.0592755675 0.791056514 0.805567026 0.983755708 1.58205843
    -0.678921282 1.17973733 0.330028355 1.20729136 0.271264136
    -0.653548419 -0.548765302 1.69588208 -0.739633977 1.20042694
    1.75142181 -0.339262784 -0.538425922 -0.360879302 1.42362118
    0.38382709 -0.647901237 0.84400624 -0.166847944 1.23477721
    0.455676079 0.968549252 0.173673093 0.145496428 1.07980895
    0.581823409 -0.606535912 -0.368143409 -0.29448235 0.442201197
    1.66648865 -0.582484782 0.439129353 0.443668067 0.745366991
    1.17691648 0.971681654 0.10236764 0.849967122 0.219252884
    0.676533282 -0.452792138 -0.214310765 -0.0716358423 1.38521671
    -0.524798155 0.167071104 1.2759037 0.504634738 1.5491513 1.02041852
    0.42348063 -0.62942946 0.470169425 -0.611180246 1.75543475
    0.586904109 1.49869907 0.136202395 0.335269868 0.595957756
    0.450772941 1.57721698 1.04845166 -0.302493095 0.366461754
    -0.35831359 0.448077142 0.0683174729 1.65002465 1.45326567
    -0.785292625 0.7723037 -0.486514151 0.908376396 0.859162688
    1.27577102 1.07126617 -0.708373308 -0.786665678 1.40584731
    1.60637331 -0.251724541 1.73419428 1.44803894 -0.136915445
    0.0534388423 0.0481055379 0.246985018 0.0719745755 1.1406126
    -0.380688131 -0.00778573751 0.890597463 -0.503420532 1.55580938
    0.179468155 1.2517643 0.0959815979 -0.252944112 1.17147565
    0.551660419 0.683621883 0.211066008 0.634468436 0.542818844
    1.61828709 0.458918214 -0.737761438 1.71107078 1.4394877 0.262524962
    0.0938332677 0.759730101 0.568427324 0.659122944 0.992915988
    1.72863102 -0.589395165 1.73100471 0.651809454 0.00744658709
    -0.443163216 -0.332241327 1.40389752 -0.048866272 -0.212849081
    0.247918963 -0.00432085991 1.41026092 1.35961294 -0.00675570965
    0.338605821 -0.205728114 1.62168837 0.914036751 -0.695524275
    1.43198919 -0.135658026 0.823349535 1.20005119 1.76176739
    0.965888023 0.799321115 0.201865852 -0.0864415765 1.68571496
    1.27998316 1.48790157 -0.218964517 1.68711948 -0.457839161
    1.30295658 -0.544365048 -0.0459166169 1.14146876 0.04682374
    1.57800913 -0.445145369 1.61484075 -0.221367896 1.47918046
    0.936182976 0.676609755 0.541313648 -0.13920486 -0.448228866
    0.652176917 -0.121427774 0.0615784526 0.231288493 0.0546371341
    0.181637108 1.72911239 -0.31354475 1.33133519 0.91222924 1.1337285
    0.576875031 -0.43334493 1.4025135 -0.431156486 1.78024173
    -0.111651599 0.836441398 -0.147203147 1.06310582 1.37479973
    1.04759836 -0.78867054 -0.199283183 0.893168509 0.579168618
    -0.0674520731 -0.393769413 -0.205610991 0.363199592 0.970023572
    0.106804252 0.900474548 -0.307759225 -0.301176965 0.950320959
    -0.44623071 -0.346664697 1.82846582 1.33609843 1.31818652
    0.695274711 1.70317316 0.0211318135 1.74908018 0.421328306
    1.52393651 1.13471174 -0.226691604 1.67631876 1.06178451 1.09803152
    0.982525527 -0.691752195 1.79022789 -0.18578279 0.653514564
    0.731128395 -0.338797092 1.03987718 1.75972414 0.636445522
    1.39421487 0.93587774 0.455687821 1.77821195 -0.627840877
    0.0124625564 1.47385013 0.40339011 0.811153531 -0.570661426
    0.224758863 1.40178418 1.67549539 0.963334322 1.03247857 1.01851535
    0.582238197 0.508158624 1.1278019 0.201295912 1.61692739
    -0.148821592 -0.150473535 1.05122042 -0.647373438 -0.216819406
    0.288377047 1.44914484 0.0653918386 -0.614607096 1.75068307
    0.100835204 1.64312959 1.73802865 1.60693574 0.305691183 1.11026645
    0.736415982 0.623756588 -0.519104183 1.21333241 0.398461461
    0.934407175 0.491740644 0.224719405 -0.615497172 1.01166415
    -0.396550328 -0.698105514 1.56942725 0.316110075 -0.696675658
    1.78740263 0.499021232 1.44074321 -0.168563068 -0.667451739
    0.654432833 0.966569722 -0.572327077 0.191120088 1.1497221
    -0.127930284 -0.182289481 -0.283672243 -0.14054656 -0.0432857871
    0.697239995 0.438585103 -0.645594478 -0.335659444 1.47134328
    -0.37017101 -0.64129287 1.40310895 -0.570237041 -0.512362242
    -0.497707754 1.26342893 0.126418054 -0.611293912 0.89600265
    0.990081906 1.62284994 0.268014789 0.0909183621 -0.00150942802
    0.144709051 1.32772195 0.645634651 0.697442949 -0.207938015
    0.00166416168 0.733065486 0.271941781 1.60468411 0.244701982
    0.991207182 -0.273999095 1.20440412 0.914075196 1.31672955
    1.37866735 0.346942484 1.34070253 1.21326816 0.190281868 0.346460462
    0.723801076 0.0517835617 1.02890825 0.548490942 1.26166558
    -0.605248868 1.26647091 0.291591704 -0.369915366 -0.730715334
    -0.624077916 -0.112302899 1.30775523 0.760616004 1.31985998
    1.71511912 0.071613729 1.13259149 -0.314733148 0.916056573
    0.991891682 0.432192802 -0.309405118 1.52462542 0.496709585
    -0.593971789 0.246982634 -0.224638879 0.8448627 0.177057385
    0.894710422 1.07849371 0.968029797 1.6730895 1.40928149 0.290721476
    0.869240642 1.3905133 0.804512441 1.060462 -0.297732174 -0.27632603
    1.3171339 0.0315364003 1.67378998 -0.173553228 -0.410656601
    1.06074297 -0.76331079 1.30198312 0.357006252 1.72436523
    0.0811596513 -0.632938862 0.815846086 1.38410234 0.850101411
    0.622884035 1.02590883 -0.170069814 0.979892194 1.11200666
    -0.76263696 -0.631907344 1.37993765 1.30084026 1.5815779 1.6556046
    1.33941746 0.298915923 0.735917211 1.53934145 0.301367939
    0.0746071339 1.72411811 0.466010153 0.521628916 -0.732188106
    1.11068392 1.49823678 0.262876272 1.0662446 0.399168849 1.3807584
    -0.335516721 0.483974814 1.76117909 -0.218672395 1.22746289
    -0.411973536 0.807645977 -0.491841525 0.157066822 1.57409978
    0.918071866 -0.187875867 -0.653584361 0.471888423 1.0134697
    -0.52078414 1.77903938 1.12955797 0.0382515788 -0.528051019
    0.430548906 1.38195682 1.65378428 0.795897543 0.937688351 0.2601794
    0.197861671 1.61659515 0.410743594 -0.710961282 0.810085654
    -0.61999166 1.56450343 1.02864861 1.74428499 0.872610211 1.17581058
    0.979861319 1.01166892 1.58859265 1.73408842 -0.152042359
    0.531894028 0.133617759 1.13839996 1.32969737 0.684137046
    0.519640625 -0.617887616 0.819691658 -0.00692462921 -0.543418765
    1.2946496 1.26796734 -0.654534161 0.800633669 1.17444253 0.695070386
    0.265762031 0.96360898 0.665671825 -0.247284412 0.378326058
    0.799163938 -0.415779829 0.443986356 0.000812530518 1.61616254
    -0.642137408 -0.0452299118 0.410758555 1.28278136 1.57134342
    -0.390351236 1.15911222 0.0869782567 0.587064862 0.282613158
    0.0546976328 -0.238281667 1.62963998 -0.378901243 1.45589137
    -0.0274112821 -0.00412279367 0.0536123514 -0.506261528 0.70163238
    0.607056499 1.0919683 0.380719543 -0.133573949 1.40125895
    0.793064058 -0.222896695 -0.536976099 0.768824279 0.702043951
    0.809795082 -0.0152398348 1.08050418 1.14996147 0.650347412
    0.25745368 0.987810612 0.120574951 1.49653399 -0.433257848
    -0.702960193 -0.278157473 0.675856113 0.5149315 1.5893327
    -0.201715946 0.576874435 -0.0130490065 0.566865444 0.655945003
    -0.327523857 0.164357007 0.488073885 0.938901067 0.285874546
    1.04678392 1.207973 0.548320413 1.77364504 0.503246009 -0.29619211
    0.238348126 -0.233066797 1.14720464 1.70735073 1.68189704
    -0.620100141 0.824671805 -0.235860825 1.59173942 1.3492676
    1.09697127 -0.0174131989 0.272238135 1.06734562 0.739126027
    1.09971666 -0.788415194 1.05743241 1.4862926 -0.677691519
    -0.0332733393 0.493571222 0.4974159 -0.691763997 0.518876672
    1.64771152 -0.73261857 0.401303828 0.575908899 0.822251558
    0.318111598 1.32456136 1.3008647 1.03559816 1.09299684 -0.170488179
    -0.456093341 -0.507785082 0.723586798 -0.56060642 0.501195729
    -0.365425915 0.762229025 0.49469173 1.1846168 -0.727808833
    1.42590261 -0.616269112 1.79024148 -0.276955485 -0.343085855
    0.585463345 0.120258152 -0.0264215469 0.418229163 1.74291873
    -0.173718572 -0.193056703 -0.384742945 0.50459069 0.442165971
    1.50074816 0.0568476915 1.43010092 0.851582706 -0.674894452
    -0.123655856 1.14235818 1.74870253 0.480930746 1.73451889
    0.911719501 0.0758401155 -0.0534805655 -0.384857088 -0.646650255
    1.76593304 0.626968205 -0.183834493 1.31983972 0.565382302
    0.883906066 0.416181922 1.27976894 0.453396082 0.53411907
    -0.187479436 -0.395665318 -0.198973238 0.985066652 -0.387915879
    1.53244734 1.66300368 -0.105419159 -0.0317607522 0.0197262764
    1.24157894 0.753148735 -0.544979572 0.111727655 0.539714336
    -0.119243383 -0.729168355 0.481183648 -0.290308118 0.358501196
    0.486807764 1.41067243 -0.744459093 0.488767862 0.706130564
    0.240141332 0.729676187 -0.275455773 0.0942136049 1.07369268
    0.359176874 -0.12214303 -0.00421518087 0.0651500821 -0.21515888
    -0.037587285 -0.413715571 1.51397777 -0.279871017 0.0811716318
    -0.538864136 -0.651230454 0.0108536482 0.649258256 1.65560746
    -0.674931288 -0.216229796 0.451940238 -0.505405664 1.56929493
    1.59707725 -0.76731956 1.50995231 1.12025285 0.32007122 1.59966063
    -0.67018652 -0.738389552 0.44583559 -0.0751091242 -0.0139283538
    0.459559262 1.30025864 1.51687777 -0.507983088 -0.69091028
    -0.15644002 0.146410525 -0.510429025 0.464633346 0.844669759
    0.92598623 1.25388885 1.64473367 -0.126618207 -0.202106774
    0.166623592 1.23974276 1.0711298 0.603229463 0.0971664786
    0.875625193 0.657096505 1.68142617 1.49612749 0.334851265 1.03910482
    1.63362014 -0.0594195127 0.653337479 1.38587236 0.474826694
    0.00683093071 -0.0102259517 -0.785785973 -0.213011384 -0.257339954
    0.115020633 0.662942529 1.08265877 -0.00464165211 -0.351569355
    0.107636809 0.248587012 -0.607693136 1.57650352 1.344203
    -0.613002419 0.443645895 0.758635759 1.77638555 0.291011512
    1.61594105 -0.16271323 0.475797951 0.961694896 1.29220629
    0.414222479 0.704442203 -0.497004211 -0.820808887 1.53860259
    0.664649785 1.54016459 -0.172004759 0.761149585 -0.166304708
    0.731525958 -0.163941205 -0.663188338 1.02903843 -0.259419382
    0.19286108 0.551518857 1.21558404 0.635154247 1.21367157 0.104688883
    0.146318555 -0.807936847 1.29469573 -0.386534333 1.29778624
    0.509878099 1.29509282 1.28198504 1.73669291 1.3899827 1.09868145
    0.2498312 -0.0600537062 -0.246278644 0.150618196 1.14718831
    0.744408667 1.43036604 0.995907724 -0.0212414265 0.499529362
    -0.757061601 1.63278151 -0.560098648 1.43869686 -0.470200151
    1.19737744 1.62229896 -0.324922621 1.18180013 0.675258219
    -0.517584383 -0.130120814 0.823560059 0.0871739388 1.1275847
    0.425150335 -0.656978071 0.221013546 1.29518497 0.680672228
    1.27305853 0.983482718 0.214735448 0.076304853 -0.791957796
    0.941201687 0.766619563 -0.162501335 -0.798042834 0.0286628604
    -0.311139822 1.04365826 0.901064336 0.461362541 1.71208549
    0.0383725166 -0.216945291 0.705528498 0.127037227 1.26962674
    1.29914737 -0.299110591 -0.0555538535 -0.0172957778 0.834875047
    0.23831284 1.24703193 1.62326574 0.814065754 1.56480622 0.466695368
    -0.402765274 1.16846919 -0.22356683 1.26840317 0.559608161
    -0.609682918 1.63941908 -0.141732395 1.43739533 0.536790311
    0.854054093 -0.205829382 0.778876781 -0.505161285 0.0594887137
    -0.0963474512 -0.636371017 0.193786144 -0.468419284 0.735164106
    1.61435914 1.29286456 0.0951692462 0.194818437 1.13776028
    0.325784385 0.168409348 -0.787041247 0.0420060754 1.02164531
    0.929962873 0.80830127 1.76996779 -0.74125737 -0.43395707
    -0.397754759 1.64779651 1.28664851 0.278637886 -0.474322647
    0.903157473 1.51605046 -0.328116238 0.639214814 0.401467085
    -0.573402822 0.136788964 0.767269373 1.32646513 -0.688968837
    0.586968482 0.692639112 0.547049701 0.713281035 0.876983047
    0.0200932622 1.30147028 0.705522358 0.432421505 1.32391095
    1.19573927 1.70608497 -0.739616811 0.216384351 -0.32365635
    -0.709068835 0.3546561 -0.147964239 1.59045672 -0.25458014
    0.998465002 1.43250012 -0.171097577 0.87823236 1.03896224
    -0.733414769 0.975624919 0.0571579933 0.00763744116 1.56100988
    1.67951226 0.914425373 -0.262938082 0.976537824 0.626928151
    -0.555020094 0.381923616 0.865121305 0.741607189 0.833561599
    0.660155833 1.24373937 -0.72457999 1.5529604 1.69018912 -0.563402295
    0.299302101 -0.782883823 1.79951048 0.402356923 -0.230174661
    0.570488334 -0.603153467 -0.539253354 -0.365165025 -0.488183886
    0.37566036 -0.655044913 -0.217488885 -0.250899553 0.297571003
    0.310865939 1.42940307 -0.182006776 1.36779082 0.512135983
    -0.48713094 -0.678775132 1.52868962 0.844333351 1.4976095
    -0.181821823 -0.699322939 1.39206219 0.857935131 1.3823595
    1.44131088 1.97948408 2.10317969 1.84772396 0.628309429 0.141106963
    0.40990442 0.0483121276 -0.00794553757 -0.364409328 1.36217558
    1.72615743 -0.0122081041 0.510161281 0.545233309 1.02296197
    0.273612261 1.07046247 -0.211731791 0.293805301 1.73862576
    -0.30894348 -0.490223706 0.798361242 -0.502617478 -0.209510922
    0.44819808 1.67027211 0.905552268 -0.715318978 0.922789931
    -0.789590776 1.14639473 0.853902578 1.32417047 0.669655681
    -0.580091476 -0.246118724 1.45573223 -0.777014792 0.174351156
    0.70233047 1.57410359 0.838448763 0.984657228 1.31215644 1.08183813
    1.41702414 1.79133058 1.6853137 -0.127515554 -0.00584101677
    1.57633281 1.13205171 1.09870672 -0.511082768 0.503248334
    0.828297973 -0.281997621 1.69428492 1.44772124 1.74950624
    -0.0123585463 -0.359498024 -0.112744093 0.285767436 -0.328708142
    1.69710541 -0.204870045 0.474057913 0.778930306 -0.0914806128
    -0.528613567 1.36451042 -0.343280196 0.751991987 -0.402763724
    -0.569513917 0.428905904 0.237550557 1.60120726 1.5608077 1.72842216
    1.23137462 -0.727775812 1.51583421 0.499010503 0.930396676
    -0.259755671 -0.235368729 -0.230789006 1.10213256 1.0593822
    1.60789824 1.24749923 -0.766619682 0.001765728 0.418551266
    0.716937721 -0.408329248 1.0969677 1.15144229 1.6645087 0.444027483
    0.839877725 -0.485275507 -0.483003825 0.411534548 1.14463973
    1.44573641 1.18205261 -0.0533485413 1.57347441 -0.335565448
    1.37057781 0.717064679 -0.526261091 -0.19421941 1.46188605
    -0.243573725 -0.695486903 0.880650043 0.82510215 0.194245696
    1.15544486 -0.395739466 1.61115813 0.817022204 1.72035956
    -0.665751755 -0.513313413 0.812957346 1.36559033 -0.494288951
    0.167478263 -0.558130026 -0.723984182 0.288313627 0.655790031
    0.156659484 0.346334159 -0.54417038 0.618086219 0.698694766
    0.734042883 1.78337526 0.794004083 0.944679379 -0.762065113
    -0.774539888 0.249313235 0.78056407 0.139412761 0.156363547
    1.61632109 1.55378842 0.241331518 0.357518852 0.573645413
    0.209383011 0.315235317 -0.592119813 1.4712677 0.349317849
    1.70321965 -0.622668147 -0.325654984 0.772942901 0.237777054
    0.39810878 1.44833004 -0.0791583657 -0.085091114 1.22929621
    -0.69783169 0.377245009 -0.0938078165 -0.575914621 0.348975182
    1.08104718 -0.3124336 0.889476895 0.92018646 1.03973508 1.4582293
    -0.476463795 1.40978038 -0.179483712 1.3834368 1.54784417 1.60940135
    0.390222013 -0.584528565 1.72051895 1.08683658 1.75991106 1.14188719
    0.137278497 -0.332020879 1.12053633 -0.16516 0.657496035 1.43196893
    0.81957227 0.164489686 1.55307484 -0.289192677 1.31697226
    0.516057074 0.113470256 -0.733075678 1.39924788 0.861180663
    0.84004575 1.0453639 0.621499538 1.60557437 0.195079327 0.328562677
    0.842848599 0.485086083 0.947841823 0.4883008 1.11987829
    0.0518241525 0.997328818 1.40483439 1.48703575 0.584034145
    -0.0926505923 -0.621387959 0.93341732 1.08754468 -0.287393719
    1.73512959 1.08066809 0.309623599 0.677164197 0.765565634
    -0.533863306 0.457139552 0.788341701 0.920938671 1.21170437
    1.65109527 0.1542781 -0.368440032 -0.0298199654 -0.404520512
    1.47454572 1.14308691 1.50955653 -0.0287132263 0.676383436
    -0.0751256943 0.249274373 -0.297888488 0.625875652 1.82377291
    0.768113196 -0.284659952 0.310999274 0.594146073 -0.247442842
    1.64383125 1.25474334 0.425918758 1.63142467 -0.177371144 1.5485642
    1.21315002 0.184164703 0.582200468 0.547587156 0.126880765
    0.612786651 0.54930234 -0.349042624 -0.100971818 -0.492918104
    1.71774721 -0.423791021 -0.151389301 -0.33405447 1.53788686
    1.37744153 0.753324032 -0.607579648 0.577872813 0.0429987907
    -0.447830707 1.59990823 0.0316249132 0.34354049 0.827038288
    1.64732218 0.471440375 1.12725782 0.254838884 -0.66641736 1.26244402
    -0.10401696 0.771700442 -0.790998161 1.68225598 1.57078576
    1.29721224 -0.516661048 -0.38240397 0.382856131 -0.823281169
    0.473975599 0.96537143 0.908567071 1.18865776 0.642143428 1.07505119
    -0.648381948 -0.200912595 1.37100005 0.557195723 0.269667506
    1.64214349 -0.174295247 1.29345131 0.859246075 -0.148378611
    1.31599641 1.25541258 -0.601059437 0.262783587 1.00384891 1.11054921
    0.626537263 1.65903544 1.17069936 1.55402493 -0.760029316
    0.417300642 1.52971268 -0.803958535 0.658702374 0.614765406
    0.121248245 1.14569783 -0.411628962 1.35653043 0.0831642151
    -0.113618255 1.08502543 -0.346996188 1.55877233 -0.476533264
    0.99642086 1.05903721 -0.523382723 -0.60817343 1.34209251
    -0.498492122 1.06393218 1.11536312 0.588650882 0.619672179
    0.507663488 -0.128774524 0.339981914 -0.746910214 1.5111959
    -0.354947746 0.900333524 1.56307435 0.381052554 1.46569133
    0.416489184 1.18022442 1.51155972 0.798618913 1.05376172
    -0.825255036 1.34935164 0.64048785 -0.0669858456 1.58443141
    0.490193009 -0.794916272 0.528806627 -0.416194975 1.23240995
    -0.112361133 0.960915387 0.165485501 0.312779486 0.0396175385
    0.709374785 1.41812754 1.16388178 0.043135941 0.0489701033
    1.26867723 0.471954525 0.935439408 -0.0168662071 1.70486474
    0.953975677 1.655792 -0.553840041 1.75703645 -0.734348357
    -0.619241357 0.0611937046 0.0640740991 1.07397199 -0.544984162
    1.66529632 1.43538988 -0.462271333 1.63919067 -0.738729715
    1.54169297 -0.0424085855 1.80136693 0.310546935 1.69904959
    0.31936872 0.478581846 -0.0475093126 1.56069565 1.22261381
    -0.734491825 1.39166999 -0.194667518 0.0219798684 0.555081666
    0.510803163 1.36604762 -0.232543886 0.0314725041 1.03865063
    1.10644305 1.27391577 0.559711218 -0.4509992 -0.339277864
    0.307707191 -0.465289265 -0.351536751 1.51648521 -0.503658295
    1.01211429 -0.37100631 -0.0725393295 0.907066882 0.626845539
    -0.0697892308 -0.786234379 -0.386774719 0.760906994 1.10033047
    0.171411395 1.0058465 -0.590415716 0.397863984 1.68042183 1.56846905
    -0.822411001 0.574106038 1.2173655 0.252685368 -0.290780783
    -0.272110969 -0.553276896 0.955671191 0.352159917 1.00700116
    0.219623625 1.19919562 -0.0361149907 -0.546600461 0.94269824
    1.29162502 1.71525693 0.349798143 0.487119734 -0.0203925967
    -0.456257313 0.201726675 1.23165011 0.871363103 1.71807599
    0.733771563 -0.506625354 0.711863339 0.0462422371 -0.0229705572
    0.623587012 -0.196261764 0.939067066 0.540705919 0.673060894
    1.29110217 0.647080481 0.762599826 -0.377160132 1.20388782
    0.955824316 1.44567537 0.84580183 0.519740939 1.7269367 0.575932682
    0.512997508 1.62378645 0.929843068 0.564531624 1.8729322
    -0.234284222 0.2294873 1.19891477 0.447246194 0.441661417
    -0.724606693 0.533212543 1.14837694 0.988295496 0.995044887
    1.34402466 0.0269593 -0.167357087 -0.476787686 1.0664618 0.451198101
    0.247760594 0.123452127 1.03857899 1.38762999 0.997780859
    0.0363423824 0.66663748 1.03267384 1.47003841 0.7943151 -0.460862458
    1.32226729 0.728030503 0.740984201 1.53230405 0.421288311 1.34391439
    1.53736973 -0.160336018 0.319254756 0.543129265 0.704641342
    1.31587481 1.23146307 -0.64721638 0.153659046 1.01240194 0.675691843
    0.570554614 -0.709839046 0.629107118 1.40100312 -0.392367184
    1.6448257 0.910639763 0.578871548 1.58027458 -0.191447139 1.55719638
    -0.0543807149 -0.758590937 0.288965166 -0.37602514 -0.347910583
    0.693002403 1.57750738 0.740652084 0.659822583 -0.275741518
    -0.468172282 0.990107715 -0.159512639 0.00332444906 1.25573516
    1.33387113 0.641269684 -0.622369647 0.115577877 -0.0735211372
    0.651141346 0.115952075 -0.501674056 0.370889306 -0.430548072
    1.06404209 0.71062994 -0.792328477 -0.208220601 0.717207551
    1.62328029 0.982722223 0.707883954 1.70019996 1.09989858 1.06598198
    1.2730968 -0.122546613 1.01467204 1.39410269 1.38959098 0.0191767216
    1.1655637 0.229309618 -0.0884507298 1.15971375 0.242489457
    0.0936088562 0.306408048 -0.273246467 1.64953995 1.18019891
    1.60049903 0.491989851 0.753328264 1.53219604 0.542318761 0.99213618
    1.7095902 0.880147576 -0.0755323768 -0.265183449 1.31295359
    0.525567174 0.193641961 -0.678841949 0.261494935 1.16603756
    -0.72763437 1.58307433 1.01651978 1.0103513 0.329069078 0.556962907
    -0.407677293 1.69551611 0.775587559 1.20015752 1.23414946 1.55227947
    1.28829372 0.823044837 -0.529825807 0.84807986 -0.354156733
    0.0565668344 -0.701647282 0.871860027 0.969449461 -0.318881333
    0.505221248 0.55107969 1.04675412 -0.713622153 1.34833837 1.1492517
    -0.726651967 -0.678898633 1.28619504 0.349051476 0.872195482
    1.79315901 0.067519784 -0.646302938 -0.63164711 1.09030628
    -0.546819687 -0.467821121 0.978030801 0.794837534 0.196116447
    0.408060253 -0.393544912 -0.254440725 0.948430538 0.515618443
    0.922397435 1.15366995 0.642995715 0.639751852 0.861897767
    1.19311965 0.617709696 1.68944097 1.06702256 0.259903729 1.02140796
    0.423703372 1.18147385 0.399452686 -0.234125853 1.65112615
    0.0118475556 0.461905837 -0.298771739 1.67391634 0.874632895
    0.315711081 0.938383281 -0.840830982 0.205072105 1.51607776
    0.0772170424 0.605733633 0.814874768 -0.045988977 1.73440087
    1.11398482 -0.425505817 0.710713208 1.52051222 0.627166033
    1.18942249 0.436048031 0.808678508 1.20271087 -0.0450325012
    0.867068589 0.78347075 -0.480164587 0.450515389 0.886840582
    1.8112992 -0.00589936972 0.915973723 -0.129375935 1.61076927
    0.236578941 1.17033029 0.699305713 -0.688364565 0.918758273
    0.715872943 0.549674451 1.27224684 1.57326674 1.12205541 1.54506528
    0.0180798173 1.59368491 1.55891204 0.539450467 1.68907952
    0.816425145 1.37097836 0.746559918 0.432144225 1.26650977 1.34817624
    0.374308884 1.18270302 0.933979511 -0.579241097 0.866501927
    1.07451057 -0.43770203 0.0228045583 0.925041318 1.84859681
    0.937431812 0.559679151 0.93385607 0.713197052 0.597019672
    1.48753166 -0.377474457 1.54971719 1.37078786 -0.845471442
    0.88963908 1.26424789 0.783651531 -0.344789505 -0.799038231
    -0.735200346 0.30971247 0.612104893 1.16552472 0.6297068 0.285226882
    0.21187669 -0.664659321 0.612053931 -0.713911235 -0.696819603
    0.642073512 -0.248884201 -0.551935077 0.0620333552 0.34260416
    -0.663440347 1.62157965 0.0567882657 1.17646337 1.30034316
    0.610719502 1.13995218 -0.224256933 -0.415068209 -0.124196589
    1.0965575 1.51306534 -0.237708986 0.125991106 -0.729359984
    0.32031858 -0.594994724 1.01993275 0.0441160202 -0.215336323
    1.74549603 0.393373132 0.206528962 0.571748614 1.75518191
    -0.177417159 0.516854703 0.196034491 0.683200955 0.875200927
    -0.188904226 -0.698063552 -0.360610545 0.898128808 0.928642511
    -0.306535363 1.38834143 0.777846098 0.77574116 0.494997263 1.4592123
    1.09443998 1.15504193 1.45911074 -0.235643446 -0.333206326 1.4348762
    0.930924118 -0.252619267 0.0265086889 1.56497216 0.902380884
    0.881295502 -0.138670385 1.62388873 0.905307114 0.31460619
    0.0462383628 0.608816803 -0.786024392 0.641359508 0.82156837
    0.420845687 0.696507573 1.3690443 1.34413576 0.272798777 0.2007671
    0.245180368 0.75467515 0.438354671 -0.592787981 0.377808869
    -0.409390777 1.1128366 0.171521962 0.70548135 0.889650285
    -0.185549438 0.260547519 1.41019225 1.54281974 0.443677962
    0.340984762 1.31426525 0.205427468 -0.784700871 0.00441753864
    -0.69047451 1.28142881 -0.464526623 -0.518024385 1.37841415
    1.59815288 -0.235249817 0.570064962 1.12337768 -0.59640789
    -0.605032682 0.31645447 -0.300241768 1.70967925 0.460458994
    1.60219622 1.30094504 1.15224814 1.50365245 1.11563432 1.1296401
    0.856350422 1.43816757 -0.755732059 0.849886954 1.77440333
    0.0584512949 -0.45338887 0.0200896859 1.56003785 -0.762913585
    0.480066836 0.921086371 0.29788655 1.21702993 0.0362080932
    0.880580962 0.717318773 -0.38325274 -0.136841059 0.513676524
    0.26121521 -0.169772089 1.53353167 1.28097153 -0.662109315
    0.726417303 0.52943486 0.0578688979 0.276195645 0.0613029599
    -0.516233563 0.563391507 0.33638376 0.374466538 1.02899778
    0.957005858 0.900124192 0.0416740179 1.04768097 0.809423923
    -0.640384376 -0.616573751 0.701119363 -0.623495698 0.882677674
    0.108677506 1.62814558 0.33858937 -0.361514866 -0.130590737
    -0.287018657 0.731657028 1.71217775 0.237955809 1.26155066
    1.15468669 0.544365585 -0.501507998 1.62475085 1.32781565
    0.783610761 -0.534434021 1.57149768 0.709874213 -0.370897502
    1.49075198 1.25369227 -0.488702953 -0.547062337 1.14211762
    1.15996778 -0.0926457047 0.474247754 0.235775292 -0.72215879
    -0.395249605 0.0406012535 0.523914337 0.589777648 -0.627308726
    1.37109804 0.147845209 -0.697606206 0.103310943 -0.698221087
    0.758581102 -0.231557667 -0.0717454553 0.915449858 -0.373417705
    -0.536209226 0.666159689 -0.387095034 1.27556157 0.817652047
    -0.393670231 1.56473708 -0.655225396 -0.293012738 1.37458348
    1.27072227 0.578889132 0.818799675 0.0833690763 1.30592787
    -0.482737273 1.05322075 0.76560086 0.812033057 1.2398361 0.212461054
    0.803134084 0.397300303 1.67879403 0.561858296 1.61056519 1.50913668
    0.971421123 0.0830466747 -0.396099746 0.403358161 0.702261209
    0.0468543172 1.37832117 -0.281640649 1.68534565 0.650731981
    1.08248568 -0.372162074 0.77149564 -0.122305632 0.753256738
    1.32703447 1.57184696 0.456130624 -0.113186717 1.10844827 1.08194208
    0.649753213 -0.10689491 1.59975922 -0.644773424 1.60623622
    0.530790269 -0.192652583 -0.340624541 0.403213203 1.46918178
    1.19029081 0.500533581 -0.164251864 0.913998723 0.607703567
    0.349855602 0.291262448 0.259218276 1.72159743 1.71491826 1.50663257
    0.835928619 1.3290596 0.798565388 1.73950613 0.44087714 1.24833512
    -0.160965323 -0.637631953 -0.220904171 -0.285859883 1.70011008
    1.27736783 -0.546736956 0.539041638 0.427743196 0.801278889
    0.195143461 0.760391116 1.5839355 -0.026693821 0.632016301
    1.52088571 1.20989799 0.49409914 -0.183198214 0.760931134 1.55000353
    1.47896242 -0.558434308 0.878382862 -0.400970846 1.15295899
    -0.172573209 1.11102569 -0.411811173 0.988781273 -0.0254564285
    0.936926901 0.521678269 1.03999388 1.25706232 1.28423285 1.44137263
    -0.425392032 -0.389045656 0.419360757 -0.518152237 1.3171016
    0.80052191 0.335544705 1.00483048 -0.727271497 0.102916598
    -0.73454535 1.43399119 0.823665679 1.57156086 0.63634485 0.686972797
    0.470637083 0.562962115 1.24989128 -0.786807239 1.3660562 1.12052107
    0.024146378 -0.535661757 0.109482229 0.685747623 1.46637011
    -0.0157714486 1.39998889 0.883868754 -0.166479528 0.0328823924
    1.15204728 0.77595973 0.0382813811 -0.208291411 1.67048097
    1.43409777 1.46221519 1.19933295 0.819546759 -0.297105968
    0.242392242 0.803750634 -0.044814229 0.434149742 -0.699030101
    0.887095749 1.11679447 0.389274001 0.739538729 0.392098248
    -0.348993242 0.223765433 0.203489602 -0.755450666 1.73770404
    -0.45464465 1.30514288 -0.0289557576 0.0714349151 1.53358769
    -0.326552153 1.10483491 0.0556316376 1.45025516 0.718342602
    0.715642452 1.48198414 0.118893147 0.840717137 -0.263063133
    0.680380166 -0.189466298 -0.462627649 0.128960669 1.51647711
    1.69172859 -0.606381416 -0.555280328 1.15444994 0.58920449
    -0.430672854 -0.590231657 -0.193481386 -0.339191288 1.48329258
    0.209465325 1.11174798 -0.444195271 0.0941779017 0.057225585
    -0.0868860483 -0.508675694 0.880791903 0.361710548 -0.566572964
    0.328251779 0.674367011 -0.611686945 0.137162507 1.44630063
    0.485752523 -0.227969348 1.65476668 0.0748564005 -0.150050104
    1.56541443 1.17768693 0.187919557 1.6908915 1.26032352 1.13694918
    1.70669603 1.73004496 -0.27577424 -0.0696409345 1.03258085
    1.67713141 -0.36485076 -0.251677871 1.23404181 1.46794522
    0.453691185 0.647031426 0.448734224 -0.58752948 1.09721267
    1.23106444 0.653076887 0.391904235 -0.630875945 0.435988903
    0.372820199 0.783887744 0.560985208 -0.289066017 0.0213004351
    -0.65464896 1.5124073 0.889171958 -0.128694594 1.74575973
    0.170159578 -0.0800049901 1.69046974 -0.632546902 0.178739667
    1.02149439 0.747901022 1.54767025 1.42860484 0.0271779299
    0.816003144 1.43678534 0.451416254 -0.637785614 -0.399137318
    -0.125234485 -0.511630058 1.19974637 1.4513365 0.184805036
    0.377331197 1.25739002 -0.129553795 1.40063441 -0.383635461
    1.35032654 0.625109494 0.49313575 0.0350396037 -0.300254822
    -0.482846349 0.59909004 1.78698659 -0.302335948 1.54857099
    0.700137496 0.287694573 0.283914804 0.8054353 -0.728812039
    1.02492058 -0.236077428 1.3368926 0.773837924 -0.315828949
    -0.543872058 1.04542804 -0.600055456 0.202505052 -0.295491695
    0.780040622 0.496665061 0.13971591 0.865065217 1.53839087 1.43334699
    -0.64892447 -0.660281718 0.509946704 0.904619932 1.44421351
    -0.058342278 0.816957116 -0.397042453 1.09469867 -0.17639786
    -0.645605743 0.510747492 0.0740519762 0.985174179 0.731407523
    0.51607132 1.67939043 -0.177359998 -0.388309479 1.32286346
    1.06087756 0.199554801 0.722383261 1.46622527 0.981468797 0.55869323
    1.4115715 1.71386647 1.65940142 -0.702715337 -0.541890681
    0.501821399 1.41900218 0.713350117 -0.672957957 0.3329373
    -0.394335806 1.04333556 1.77803338 -0.229869485 0.891231716
    -0.0645957589 0.0253232718 -0.679856539 1.29108095 -0.759525239
    1.48828197 1.58047891 0.363023639 -0.127472878 1.53396404
    0.758369744 1.44854367 0.742029905 0.512835264 1.26952028
    -0.429488897 0.243739069 -0.687751174 0.0715108514 -0.68622911
    -0.511109352 1.08536088 0.731602609 -0.29994297 0.848994672
    1.18382668 0.71440649 1.03236914 0.552373588 0.27737999 1.02187657
    1.73494363 1.10305667 0.28486222 -0.386312902 0.531355679
    0.888713002 1.57193184 0.590696692 1.69960284 -0.38192606 1.7078979
    0.975909829 -0.308164299 0.171595037 1.27676249 1.09139836
    -0.416892827 1.55842805 1.3928864 1.04015577 1.64618933 0.0524907708
    -0.600688994 0.416250885 1.56487417 0.71313107 0.112838864
    0.602674782 0.629293263 1.35750628 0.562520385 0.616104662
    -0.592460692 -0.086604774 -0.356738329 0.770242333 1.1108228
    0.00638133287 1.28057122 1.4012264 0.782534003 0.44554615
    0.762172222 1.39057207 1.16591835 0.479818523 0.824364841
    0.0913117528 0.161296308 1.68455815 1.71646214 1.45007539
    0.804166675 0.254462361 -0.187692285 -0.157472253 0.339710593
    -0.367206693 0.630695403 0.267209649 1.55735588 1.59843373
    1.30249071 0.0651549101 1.34197736 0.740281343 0.762581468
    0.668365955 -0.574982107 -0.472229183 1.40663648 1.23089552
    1.35583591 1.78604543 -0.128935277 1.81494129 -0.467462838
    1.52648234 1.3046217 0.47801131 1.38664508 0.580550611 0.364213288
    1.74082446 1.51274657 -0.633293033 -0.676130474 0.990832806
    -0.655095935 0.391053915 0.813916743 0.821251273 0.817178726
    1.6761905 0.877957642 0.222534418 1.08500957 0.730499625 0.576212406
    -0.65154618 0.800765157 0.231129646 -0.24926883 1.47335291
    -0.658042073 -0.215903819 0.756764472 0.610594451 0.944213629
    0.398746014 -0.737016261 -0.0990817547 -0.475565583 -0.301704407
    1.66209936 0.369125128 0.775287211 0.800130665 1.58827937
    -0.056534946 0.458378494 1.6582582 1.48005164 0.250513494
    0.969319463 -0.735258818 0.522394478 -0.633806229 1.21877694
    -0.425960124 0.677735031 0.820325315 0.787813187 -0.490853488
    1.50755668 -0.265714705 0.852933645 0.888106585 1.35841417
    1.27387285 -0.815603852 0.274867117 1.17734671 1.4110322
    -0.388390809 1.73237324 -0.337381005 -0.587578297 0.738051772
    -0.235729396 1.76730227 -0.662667811 -0.688837588 1.83808661
    0.0819040537 0.960103869 -0.283164263 1.87223101 0.384524822
    -0.163916141 0.664527595 0.542592585 1.07088971 1.64790511
    0.744205415 1.62058282 1.2121284 1.03837597 0.919422448 1.19176102
    0.924076557 1.37769926 1.61068487 -0.0977438092 0.105590582
    0.602901995 1.73308241 0.662760377 -0.305463374 0.680914044
    0.953033268 0.302280664 0.828860402 -0.133130729 1.11407328
    -0.534715474 -0.459358215 1.23859584 -0.479062438 1.65950143
    -0.492987752 0.965538025 0.344661772 1.506217 1.56893873
    0.0481936336 1.28650081 1.3370682 0.339018047 -0.019012928
    0.79328692 -0.221442163 -0.463922322 0.091262877 0.0762123466
    1.03749681 0.483010411 1.2078886 1.1893512 0.985301137 0.294208348
    0.591328919 0.579535007 -0.0520380735 -0.336757928 0.537005126
    0.136090159 -0.592845857 1.51597559 -0.530647874 0.743893385
    1.34146881 -0.712769866 0.141459882 0.200708389 -0.304516166
    -0.673268139 -0.564923286 -0.471630633 0.549764752 0.968716383
    1.15322495 -0.323568016 1.34777999 1.43469214 -0.260241985 1.029212
    1.07664347 0.280489981 0.772112429 -0.664040029 0.0919038653
    0.202588141 -0.565408707 1.207528 1.39597607 -0.763982177
    0.411463678 -0.363497138 -0.821896434 -0.843391895 0.645395458
    1.14540398 0.280783951 -0.827458918 0.666691959 1.10175514
    0.316440761 -0.0012293458 0.97716713 0.535438359 -0.431412965
    -0.810113251 0.362213492 0.383491993 -0.216163039 -0.582439125
    -0.611604095 -0.341956586 1.43618345 -0.410376012 -0.480814338
    0.350523889 -0.493897378 0.766646862 0.369663358 0.393440783
    0.792387128 0.496519268 0.361077607 0.0783271194 0.0661509633
    1.69809508 0.976297259 1.33719885 1.07743657 1.26407075 0.369748175
    0.582213998 -0.65767312 0.64848268 0.690813065 0.798648775
    -0.803525746 0.715138853 1.55509448 1.30412531 -0.360332668
    -0.0910098553 0.24033767 -0.728242278 1.3059026 0.270994544
    0.344633818 0.0952757597 1.57612228 1.44612026 -0.747419357
    0.624729037 -0.710712492 0.43871361 1.66229331 1.61986554
    0.412989199 0.58836931 0.646690845 -0.188521981 -0.241315365
    0.391680419 -0.537234783 1.05283344 -0.153509855 0.0294232965
    0.177627802 0.656335294 -0.175053179 1.27340317 0.109767675
    0.0321979523 1.57941377 -0.0332970619 0.238884151 -0.182635069
    0.185346723 0.508991718 0.185926318 0.785306692 -0.624082386
    -0.555945039 -0.534504533 0.975186527 0.447165728 -0.0504114032
    0.221003711 0.333970487 0.431464553 1.41768336 -0.832300067
    1.62052929 1.50690472 -0.233992219 1.35953951 -0.249446154
    1.01173687 -0.609344542 0.522707999 -0.529305577 -0.157461584
    0.534659088 0.365915835 0.694743156 1.556391 1.36760855 1.65455687
    -0.403842777 -0.135757625 1.1022737 0.657779098 1.22886705
    -0.481104493 -0.452352136 0.372588277 -0.334570438 0.0764484406
    0.210909545 0.342398643 1.31060827 -0.664728642 0.450747192
    1.19041514 -0.510998011 0.683665991 0.662948787 -0.59710604
    0.902292073 0.194250345 0.105514646 -0.259055734 -0.658557296
    0.963079393 -0.372078836 1.61962593 0.540415168 0.790572941
    -0.421881527 1.10357165 1.69889975 1.13982725 0.686717391
    -0.777629912 -0.345906436 -0.0176237226 0.577874303 -0.750075698
    1.0855267 0.938877463 -0.232172489 1.44332123 0.126679897
    -0.353873193 0.743769705 1.27105594 1.36632991 -0.220886976
    0.873128295 0.077537179 -0.593039334 -0.659119546 0.703261673
    -0.644530475 1.45946503 0.440190315 0.191907287 1.61601937
    0.590248525 -0.0137988329 -0.326125562 0.773140669 0.274731576
    1.67170286 1.67497683 -0.233299851 0.520779312 1.16955543
    -0.386207789 1.77517807 1.45693004 -0.492114156 -0.319310457
    1.03765273 0.122914255 0.668814421 -0.0498168468 -0.583439529
    0.249722183 -0.352567613 -0.355212271 0.196505129 -0.40486896
    1.10968363 0.625186682 -0.35809359 0.410854459 1.74450016 1.19449115
    -0.39340055 1.52406418 -0.266954303 -0.419421256 -0.573362947
    1.76747298 1.04423869 1.16793907 -0.685314 0.976488054 -0.0831631422
    0.669261575 -0.657544434 -0.677617729 -0.689651191 0.820728183
    1.14441752 -0.671022236 -0.452642143 0.937505424 -0.183470786
    0.510735214 0.0844647884 1.77842796 -0.0420323014 -0.255145729
    -0.121662021 -0.139592469 0.517611504 1.25320816 1.64738321
    -0.151483119 -0.613801956 1.49049902 0.57102102 -0.510130882
    -0.71795857 0.79706496 1.67716575 1.66456413 0.996054828 -0.17877984
    -0.41443035 0.351201594 1.60817802 1.70745182 -0.503149033 1.0107255
    0.958182335 1.7039367 1.70726013 -0.72191143 1.17139018 0.474182725
    1.41560674 1.32057118 -0.37513876 -0.20728755 -0.811197877
    1.70489681 0.00121569633 0.803916097 -0.448811591 1.05993986
    -0.11851579 1.22591031 0.794290364 1.57671189 1.74783373 1.24809456
    -0.522951543 0.617254019 -0.527352214 0.0586643219 1.27436602
    0.256962419 0.716698766 0.76324749 1.58272696 1.51222837
    -0.782116652 0.611301303 1.4225111 0.784828603 0.724249184
    1.48817992 1.13868546 -0.755240738 0.945554495 1.17050099
    0.326547742 -0.225054443 1.30294871 0.267607927 0.729648352
    1.23518288 0.403902829 0.273318172 1.58335245 -0.27812475
    -0.0465795994 0.423656225 0.60008502 1.17352319 -0.389891177
    1.54293704 -0.227336526 1.2196641 -0.677096725 0.334071636
    0.0882636309 -0.592088103 -0.0291410089 0.785171449 0.060434103
    -0.530159473 0.153748155 -0.186620235 1.14051008 0.12894845
    -0.323150009 1.23513627 -0.0838483572 -0.415785581 1.28290415
    1.42860639 1.76455009 1.58613205 0.778572857 1.29723132 -0.358779877
    1.48824966 -0.110039592 0.738240004 1.41342902 -0.743988216
    0.247822523 1.50777173 -0.58056891 -0.521336734 -0.57927978
    0.115431547 1.21577263 -0.182265222 0.684675276 1.77228725
    -0.565024436 0.115669787 -0.102630079 1.28578782 0.310148597
    -0.510224521 1.39556003 1.12882876 0.645225883 0.798837423
    0.457628846 0.0758754611 0.111452043 -0.285908699 0.156204224
    -0.240116715 -0.175715983 1.62097538 0.921034813 0.0697329044
    0.31790179 0.903691769 1.00591683 0.453523874 0.29803437
    0.0257765055 0.668845296 -0.580613852 -0.417719185 -0.224755824
    1.55482745 -0.428620845 0.549667895 -0.0343546271 1.70062315
    1.06524324 0.690990031 1.77249837 0.455972135 -0.474388212
    -0.710118055 -0.726926863 1.49780476 1.25279665 -0.658794284
    0.122029603 -0.62261492 -0.678656816 -0.0523620844 1.7517345
    0.0816816688 0.708987176 1.37144566 0.239246011 -0.392007798
    0.904114902 -0.584594488 1.79507542 0.325092673 -0.424917907
    0.927217126 1.60631514 0.74371928 -0.593943954 0.679003358 1.8175714
    0.688343346 1.68569946 0.867263317 0.731939614 1.68550944
    -0.615597606 -0.604236245 -0.0350589156 0.750958443 1.23897684
    0.319203377 1.41016412 0.354864895 1.02895188 -0.80560118
    -0.487488955 0.854286551 0.956482112 0.0792128444 -0.542425692
    1.11543703 1.73702168 -0.374710143 0.31459105 0.246412039
    0.780792654 1.50215554 1.49264956 0.773146033 0.149635375
    0.980253875 0.509752333 0.72330451 1.57170296 0.945580184 1.24614739
    -0.129151702 -0.508557439 0.248609602 0.223789692 -0.480368465
    1.68255353 1.68424714 0.0915445089 -0.513466001 -0.328454137
    -0.632141948 0.348889709 1.42557931 0.124209046 -0.407817423
    0.62221688 -0.254288197 -0.507864475 -0.125279486 -0.258807659
    0.932282865 1.58647525 -0.590062976 0.553156853 0.96120733
    0.0749601126 0.686761022 0.76706773 -0.643831134 1.53713012
    -0.483787775 0.44761169 1.5798099 -0.362284243 -0.111444771
    0.588214993 1.27954268 0.308976829 0.20892781 -0.20642966
    -0.318083376 0.029915154 0.975971997 0.478568137 1.62110591
    0.778829634 0.84404403 0.720433116 0.137214065 1.53604162
    0.293873489 1.54871738 -0.473697007 0.873055696 1.6366992 1.01425254
    1.51935029 0.986221015 0.515806496 -0.391081929 0.131530523
    -0.422843456 1.4922322 0.808331072 1.5921967 0.321942449 1.53643179
    0.228751838 1.04936254 0.272673845 0.999228477 -0.695186317
    1.42849743 -0.176502883 1.57940042 0.221742272 0.41342324 1.11939645
    0.917645991 -0.293358088 1.48735547 -0.604713619 1.51616418
    1.62424326 -0.632639706 0.396595478 1.7122705 1.5612669 1.62611663
    1.07703853 -0.391828656 -0.112943113 1.61202192 -0.703728795
    0.15367192 -0.276207507 0.464556277 0.0227656364 0.275946438
    0.907182693 -0.76848501 -0.106849015 1.5661478 0.451046288
    1.58654404 -0.757540584 0.102392614 -0.770532072 1.2512573
    1.22517562 -0.77796942 1.12189794 1.58739722 0.627705514 1.47376084
    -0.0331436992 -0.0631011724 -0.285228789 1.38417339 0.163792551
    0.299861133 1.76515317 -0.110781074 1.40407562 1.47299242 1.57455683
    1.71952271 1.1827091 1.76369762 0.0351502895 1.6782136 -0.0583550334
    0.785190046 1.01057649 1.59486103 -0.34787184 -0.0399925709
    0.647188663 -0.469614178 -0.119187593 1.20664132 0.524574518
    0.307183564 1.57435703 0.20504421 0.514123321 0.940180838 1.22625065
    0.504958808 1.73070908 -0.156577945 -0.331617206 -0.0250539184
    -0.0196351409 -0.657075763 1.32616639 0.836566627 0.280151069
    1.07361245 0.0160399675 1.67786908 0.00222706795 -0.388238877
    1.51984715 0.811341107 -0.552911222 0.487841249 -0.534259915
    -0.109164536 1.12243915 1.74806762 0.947019994 -0.830046415
    -0.388214797 0.891513348 1.55053031 -0.11998409 1.37151158
    1.00212836 1.36881185 1.72432411 -0.0235820413 0.992780983
    0.12447983 0.69888407 -0.112659991 0.36322844 0.980845213
    0.0353633761 1.56119442 0.509153187 -0.400552213 1.34861708
    0.716365695 0.0886775851 0.029749155 -0.126788676 1.45540881
    -0.0229857564 -0.443276137 1.40407801 0.796725333 -0.336064398
    0.330027699 0.305090666 0.774413526 -0.734464884 0.679643035
    1.67588317 -0.145527601 0.134807587 -0.195619404 0.630508184
    -0.445784569 -0.163264573 1.77986944 0.79671526 0.503184795
    1.66842008 0.45707947 0.5379287 2.01437426 0.58560288 1.37861514
    1.74392605 0.906620622 0.357948601 -0.476999223 -0.565366149
    1.75014293 1.21464586 -0.00780057907 0.735353768 -0.704719186
    -0.825407028 0.619612038 0.0743933916 0.624121904 0.574741542
    -0.464876711 1.40633512 -0.597804248 0.0256872773 0.520761907
    -0.00735533237 1.72743559 0.865327775 -0.614694715 1.17462778
    0.660632014 1.37942624 1.27760959 0.0917673111 1.11615014 1.12819481
    0.886372209 1.28716552 1.24097466 -0.209169567 0.0809215307
    0.0231314301 -0.492547691 0.937170446 -0.308425575 -0.105868101
    1.58819079 0.266897142 0.512854397 1.40005541 0.615312338
    0.819647729 0.660994768 0.217595518 1.72350788 1.03450382 0.12334913
    1.80739975 -0.207302213 -0.744667113 1.70926595 1.76674342
    -0.376641601 1.6634624 -0.253550231 0.961641669 0.839499056
    0.338932753 1.31217861 0.674310625 -0.525748789 0.425053477
    -0.334107667 0.965236366 0.814569592 0.44749707 -0.584233403
    0.0850828886 0.822398961 0.97141695 -0.0326910019 0.802803159
    -0.436282486 1.27796912 0.23604697 -0.538033605 1.45409775
    1.76200199 1.47265279 -0.156270683 0.593479037 -0.057988584
    -0.0340512991 1.0324676 0.931813955 1.09353685 1.4943254
    0.0867311358 0.22913146 -0.736000538 -0.606482029 0.104708731
    -0.669232249 0.183043778 0.599137187 1.44944787 0.647125244
    0.913091123 -0.0930754542 0.418249428 1.02402163 -0.0504413843
    -0.767527044 1.45641184 -0.692619681 -0.54004705 1.45031381
    0.545301974 -0.424397737 -0.0614181161 -0.604928255 0.334066987
    0.831566274 0.9500826 -0.416284651 1.20416117 -0.6241014
    -0.142109215 1.62772501 -0.687882185 0.0447446108 1.53283691
    0.476108015 0.354118288 1.16127956 0.151152849 0.361803293
    0.434076488 0.517259538 -0.455689639 0.707125723 -0.570557773
    0.340173006 -0.701115847 0.71191895 -0.439534545 -0.230278432
    0.19613266 -0.485259503 0.794955492 0.605846286 1.28112984
    0.111006975 -0.210826993 0.54952234 1.57924616 0.338849008
    1.50659609 0.663890183 0.569403648 -0.233297527 -0.0676699281
    1.29643798 0.164007962 0.76916796 -0.0392717123 -0.221561074
    0.377960205 0.33135736 0.381746769 1.02034903 0.224857092
    -0.373752505 1.00738144 1.50623345 -0.669232011 0.737834215
    -0.642360866 -0.379583955 1.39445484 -0.530523062 1.28816748
    0.759397864 1.53948975 -0.337350786 0.768990457 -0.308103472
    1.50111461 -0.047717452 1.5011214 -0.237029135 0.641054511
    0.746708572 0.643248677 0.568932533 -0.336608887 0.943918943
    0.170038819 -0.81586206 1.74469662 -0.460094184 0.340717077
    1.29365396 -0.258631647 1.72260439 0.112246215 -0.0182526112
    1.76561856 1.16664672 0.367689312 -0.801827848 1.72630286 1.36032271
    0.546704233 1.49490547 -0.378982335 1.64858568 0.217906356
    1.19532299 -0.513544083 1.60633111 0.654947698 -0.218378663
    -0.540554643 -0.445124179 -0.121479273 0.257949948 1.74461699
    0.182899058 0.437147617 1.02428436 1.63456202 1.80653632 1.66516209
    1.49159217 0.877338409 1.0939486 0.286069453 1.44607008 0.459796965
    -0.0207232237 0.61026293 0.341389656 0.473616183 -0.419106364
    0.741784453 -0.0721701384 -0.418380052 0.351641715 1.05255151
    0.583374441 0.448601305 -0.693004072 0.0763527155 0.763346672
    -0.41137284 1.36629915 0.809326053 0.230141878 0.254479349 1.1594671
    1.89995122 -0.679560959 -0.469015092 -0.161122262 -0.455337644
    0.215472221 -0.0773094893 1.09206212 0.984668195 0.991940498
    0.391265988 1.20241666 0.161374629 0.0727485418 -0.0599321127
    0.211574793 1.23833776 1.22123408 -0.220951498 0.340221107 1.6984061
    0.880454779 0.712426007 1.60744882 -0.164627016 0.263480902
    1.26671147 -0.0928292274 1.30081177 1.18167758 0.558594406
    1.58367419 1.44137859 1.32736015 -0.161000729 0.453143835
    -0.533685327 0.946280539 1.06921506 0.548600316 1.77948475
    -0.470912963 1.0908277 0.56053859 -0.00518280268 0.0787623525
    1.35492408 -0.395871699 0.144364178 -0.0947844982 0.94592154
    0.964578032 0.590055406 -0.0872772932 1.35466075 -0.64814651
    0.345427692 0.529276073 0.292527258 -0.741979957 0.819324493
    -0.708358347 0.402945817 1.75823832 1.6480732 0.748574972
    0.761877179 1.40939593 -0.165195107 0.885129273 1.66817927
    0.795834661 1.25835943 1.29089952 0.898603022 0.0690150261
    -0.73730123 0.297757745 1.01204038 -0.561043024 1.33213401
    -0.453046322 0.88081342 1.30501556 -0.0927669406 -0.395091504
    0.607282162 1.66806364 0.631410539 1.62290359 0.336808622
    -0.118257284 1.72909486 -0.483009905 1.43347883 -0.594917774
    1.28214669 1.55699205 0.948340774 0.725039601 1.15877056 1.68911958
    1.25472891 0.414871693 -0.37974754 1.28791738 1.3023268 1.69804215
    0.10252732 0.311890841 -0.644991457 7.46250153e-05 0.618577778
    0.888326168 0.478430033 -0.433092743 0.873859763 -0.194804549
    -0.137951791 1.15518379 0.0618262887 1.6867857 1.67407286 1.22363544
    1.11028945 0.158233404 -0.126705647 1.2777915 -0.207487464
    1.06315732 -0.00872588158 0.572868705 0.0147917271 0.334861934
    1.11527228 0.29668504 1.06135952 -0.322515428 1.72706127 1.22943807
    -0.289794922 -0.515422702 1.56247568 1.75775337 -0.519788742
    0.726492882 0.882984221 -0.148609638 0.758221984 -0.0203101039
    -0.524337769 0.353509545 1.40792942 -0.816005409 1.53881693
    1.08394682 1.03307652 0.23781395 -0.590781331 0.768651783
    -0.625049233 0.48523277 1.67077172 1.15798593 -0.129291892
    -0.544520378 -0.795084953 0.845464647 1.60675311 -0.455746084
    -0.515776634 0.861423492 -0.491562247 0.267119348 -0.132679105
    -0.55574739 1.38277364 -0.590778828 1.63016915 1.1259315 0.756398439
    -0.200445592 0.760415673 0.488216281 1.01272297 0.306482434
    0.434588671 -0.360044986 0.555493653 1.45643663 -0.112308741
    0.42737776 -0.412609279 -0.796024919 1.48234487 0.250281394
    0.850675881 -0.687221944 1.15580904 1.22070122 0.312385559
    -0.132538438 1.42264366 0.195779681 -0.452615917 0.0648128986
    0.288529873 0.966481328 0.419124365 1.1233356 0.628541172 1.08481336
    0.315197051 -0.370385826 0.321942925 0.623014271 0.949362695
    0.928203106 -0.0731085539 1.20153999 -0.70652914 0.727813303
    1.14399529 1.33950758 0.812641203 1.17460084 0.180739701 0.791821003
    -0.228129029 0.963234007 -0.478146464 -0.162046909 -0.098725915
    1.69455349 -0.166132033 1.05379748 0.521649241 1.23165941
    0.784120917 1.27097774 1.62286568 0.2192747 0.736514032 -0.037494421
    1.77938128 -0.678518713 1.67964649 0.361581624 0.925877333
    0.801069617 0.637026429 1.55584979 0.87034905 0.0791245103
    -0.434044778 1.03784883 1.32884526 -0.170073807 1.27717924
    1.57958794 -0.464192927 1.26161087 1.3950398 0.916368425 0.954648197
    1.43674743 0.831369221 -0.617388666 0.577090621 1.71637583
    0.863341391 0.56949991 1.67133522 1.1927352 1.37982357 0.184400558
    1.38535392 -0.272664428 -0.770517111 1.30838323 0.824496984
    0.410862148 0.636093974 0.606351793 -0.690189004 0.560323417
    0.74535805 0.498991311 -0.391171008 1.30205321 -0.487735718
    1.57692897 0.569109917 1.1206553 0.184367836 0.653387368 0.691690564
    0.214645386 0.198984385 0.899393618 1.17588139 -0.358358473
    0.926426828 0.494936943 -0.443533987 0.505963802 0.259131432
    1.26513863 1.53769994 0.162646115 0.14957273 0.372769594 1.58521843
    -0.165206611 0.459982395 1.38743126 0.0511228442 0.000663161278
    0.0100703239 -0.49857676 0.193086565 1.3273232 -0.641805947
    0.34501785 0.825184643 1.81460142 0.0060697794 -0.441991299
    1.77471852 0.659246325 -0.665681958 0.4288041 -0.17064184
    -0.754113197 0.376806259 -0.544601083 1.26434183 -0.14230448
    0.159310877 -0.182369113 1.35579276 -0.617414951 0.284162998
    -0.676997602 1.49473763 0.777678549 0.964459836 0.841836512
    1.4650389 0.97160697 1.10252774 1.65465665 0.3490116 0.892332196
    0.580561101 1.33099973 1.18743777 -0.222303689 1.21768284
    -0.513933599 0.677561462 1.63875008 1.16248202 1.27009809 1.66587424
    -0.350655049 1.04974723 0.0467997193 0.554174364 0.810768425
    -0.122436225 0.341161311 -0.309597522 -0.0117375255 1.33737361
    0.475710809 0.24873507 1.19378781 1.50026071 0.258622289
    -0.0622116327 -0.74620384 1.66807532 0.509585321 -0.0793680549
    1.59325016 1.69625592 1.74355388 0.392901421 -0.355186135
    -0.169057071 -0.267923295 1.08164763 0.665890276 0.446371198
    1.10071957 1.70288837 1.43178058 1.66359353 1.2336309 -0.796927631
    1.36538839 0.43827647 -0.146495938 1.34862769 1.2111578 0.0717054009
    -0.229719937 -0.141373754 1.43563056 -0.219932079 1.62952399
    -0.737565398 1.44207609 1.37793732 0.987069905 -0.699070334
    0.90683347 0.362808526 0.530258834 1.67104197 0.766811252 1.09054768
    1.01198721 -0.729840636 0.968839765 1.6591754 -0.0839663148
    0.937968254 0.986941457 -0.707138538 0.518467546 1.72900414
    0.286147475 0.573387325 0.743033946 -0.577567101 -0.411965221
    1.698686 0.283321619 0.617969036 1.43145156 1.00952518 0.702518404
    -0.456786931 1.3128463 1.73154616 -0.194992721 0.286169648
    1.68524384 0.659565508 -0.218847156 0.672170341 0.263873219
    0.525477946 1.40387774 0.538820028 1.10779679 -0.0359690785
    -0.453352898 -0.51206243 1.3673352 0.879919231 0.0457512736
    1.58196533 -0.61359024 0.190996289 1.39774728 1.06221402 0.931601226
    0.0792143345 0.225868583 0.875369728 0.294048607 -0.327581078
    0.991253734 -0.039339602 1.753438 1.33210087 1.0186379 -0.123684406
    -0.767597318 0.93914181 -0.550768435 0.402895689 -0.0300859213
    0.203588009 0.822537422 0.418227673 -0.0903604627 -0.299649477
    -0.293267608 0.577780426 1.31067467 1.00357938 0.943882525
    -0.504603386 0.412946165 1.42308927 1.30795431 -0.469305038
    1.17378712 0.0420253873 1.11640298 1.04908705 1.6976279 -0.115134627
    0.54977119 1.40121901 1.76648796 0.0863447487 -0.404369175
    0.061603725 0.827329516 1.73300529 -0.31902799 1.44988179 1.75527692
    0.210540116 0.855407834 -0.0217413902 1.37661922 -0.612769186
    -0.225523412 0.69703877 0.765346169 0.734568059 1.64111805
    -0.504650354 0.298596799 -0.672347546 1.10808492 -0.671452582
    -0.349428684 -0.082711041 0.75218606 -0.238420427 -0.209615588
    0.743680418 0.0211013556 0.864465952 -0.0324831605 0.834079802
    0.922638535 -0.114885509 0.300215125 -0.168000758 0.267354786
    1.36513877 0.795346558 0.0307968259 1.08456588 1.54639888 0.86942637
    -0.0687443614 0.534851372 0.284346282 0.102885962 0.278065026
    1.18191195 -0.12250489 1.76426935 1.58763528 0.53161186
    -0.00281995535 1.53835487 1.30728841 1.49401307 1.04865432
    1.68032837 -0.76497072 0.642062604 1.33175647 0.149447918
    -0.624030948 0.686421096 -0.592722893 -0.222923875 0.428261518
    -0.574369431 0.672760248 1.24327993 0.248490274 1.49054527
    1.47821069 0.688998818 -0.554557621 -0.331323236 1.2772069
    0.693054318 1.68444467 0.989116549 0.764241695 -0.495664567
    -0.527915239 1.53534245 1.56647515 1.38055539 1.13100839 0.579209805
    -0.602144003 0.719397724 -0.0309120417 -0.588427126 0.908510089
    -0.232893586 -0.750729561 1.70750272 0.564368248 -0.241303682
    -0.0863001347 -0.400532186 0.107162118 1.46913362 0.3903355
    1.66282916 1.57606709 -0.716693163 0.113744199 0.592393339
    -0.0266109109 -0.499652982 -0.0274857283 -0.613507867 0.279994965
    0.332398295 -0.547582328 -0.113660216 -0.543869734 -0.684002161
    0.790460706 1.10684097 0.474909008 0.408727765 0.508987367
    1.37743556 -0.715977848 0.290520668 1.45667577 1.36096704 1.06484008
    0.249080062 0.462510705 0.272635937 -0.329109222 1.46544027
    0.606300235 -0.604917407 -0.630042315 -0.54898119 1.29933476
    0.740613461 0.52164042 1.46911407 0.267629325 1.29446149 1.50392628
    0.465116322 -0.22515583 0.706790686 -0.794117033 1.58031404
    -0.364828557 1.0584476 -0.566751838 1.36181235 0.4611938
    -0.113807976 1.07682574 0.977539003 -0.494565099 -0.266541064
    0.662503362 -0.491731346 0.987129927 0.637297928 1.36985064
    1.64996386 1.17850685 -0.0189842582 -0.422826111 0.911993086
    -0.522101581 0.00295203924 1.72745597 1.83408892 0.161041856
    1.01772094 0.577325284 1.52294302 1.60736418 -0.180658579 1.39502704
    -0.561910629 0.863659739 0.365362108 -0.209186494 -0.148957551
    0.533251345 0.274974346 1.39014673 1.70687032 -0.153466582 1.676525
    0.617365658 1.24297023 -0.117213249 0.1114766 1.47937846 1.1985352
    1.54006326 1.53574181 0.716027141 0.875980616 -0.239956856
    1.72503531 1.55719745 0.392542124 -0.31663233 0.673580289
    0.567650974 0.14359051 1.60099888 1.68191361 0.302373528 0.239267409
    0.407325685 -0.305339456 -0.308456004 -0.287682325 0.913825989
    0.76776731 0.548957348 0.704639852 1.16442513 -0.576566935
    0.743597209 0.649484575 1.64314926 -0.455643713 0.172935843
    0.107785165 1.25357091 0.365446985 1.4180491 -0.326185405 1.60389972
    1.21741605 1.04550982 0.922640264 -0.130271792 0.0912523866
    -0.301290035 -0.094150126 -0.6913836 -0.231346428 -0.750458956
    -0.619022548 1.16213202 -0.420730025 0.877102315 1.22870386
    0.410530567 -0.161443621 2.06580853 0.564618111 0.51588583
    1.05202985 -0.41364032 0.864492595 0.0210723877 -0.110249341
    1.03854799 0.961730421 -0.0700618625 0.894037247 -0.4851906
    1.02409339 0.158558607 0.626789868 1.50860167 1.5610764 0.205491126
    0.0358672738 0.770076394 1.39148831 0.0337039828 1.46658432
    -0.536322117 0.954368353 -0.663330376 -0.164533079 0.617924511
    1.63881755 0.0397698283 1.65234351 0.100859463 1.35653806
    -0.80312866 -0.249988735 0.607652187 0.609212041 0.712208033
    0.78402555 1.76642323 -0.766173899 1.50168371 0.155583322
    -0.185662866 0.440772951 -0.294053525 0.743279994 0.421054006
    -0.360568523 0.126503646 -0.412963897 -0.112236679 0.0276635885
    -0.26415357 0.287766337 0.566937327 0.879602551 1.36459601
    -0.302890182 1.28199434 1.54204011 1.43973732 -0.374725461
    0.678327441 0.971818507 -0.540118456 0.75021261 -0.003262043
    1.51682687 0.147804677 -0.161098301 1.49887383 -0.14722693
    -0.124824762 0.0488834381 -0.0233635902 0.429507673 1.29468596
    1.36344981 0.58867842 -0.472438931 1.69157696 1.66478467
    -0.469623774 0.347930968 -0.540626347 0.000583052635 1.00365758
    -0.610128939 -0.390692443 -0.256776154 1.70907164 1.21489286
    0.254575491 0.13333869 -0.517938793 -0.231827796 -0.0435848832
    0.140719235 1.17933989 1.51302564 1.34411311 0.500764191 0.149747849
    1.52851248 0.533257246 1.48698521 0.528818071 -0.60171181
    0.407716095 -0.0368891954 1.3431015 -0.52154994 -0.309596032
    -0.450912416 1.74438953 0.165785491 -0.425947547 0.120467901
    0.283569038 -0.433998108 -0.309631795 0.0307096839 -0.203955352
    1.20141697 1.02818751 0.323881388 0.527211487 -0.754007161
    -0.448635519 -0.619409323 -0.741845906 0.773899496 1.21239018
    -0.696939468 0.133466184 0.111656845 0.0438449979 0.241250873
    0.962407172 1.45430112 -0.327002376 0.301939666 0.0986129045
    0.200105131 1.13499856 -0.705862343 -0.138442934 1.41662049
    0.565653861 0.00727963448 -0.356984645 1.11810315 0.719505966
    0.924979806 -0.680505276 1.73221183 1.17025208 0.670290112
    -0.524447024 -0.798919082 0.231633008 -0.366347522 -0.671116114
    0.652811885 1.20312965 -0.800114274 -0.767827451 0.917037487
    1.21471095 0.322613358 0.521486461 1.17829227 1.66198826 1.17175579
    -0.44500348 -0.584449291 1.35498333 -0.426237762 -0.203639925
    1.73126411 -0.429616243 0.986404479 -0.20882529 1.67656851
    1.61134744 0.917694032 1.6460557 1.26404738 1.48419404 1.1388464
    -0.284139574 1.6685195 -0.342570692 -0.340976834 0.596205771
    -0.673474133 1.08763885 1.39948463 1.01132858 0.305055976
    0.626420379 -0.0640146732 -0.149576128 1.32580638 0.0872953534
    1.05435967 -0.641311765 0.739039779 1.77659035 0.922902882
    0.221901298 1.57498527 -0.170748234 0.72794944 1.10551965 1.6286397
    -0.187715709 0.533905864 -0.385110259 -0.488895297 0.0142105818
    1.36715651 0.414056659 0.525220692 1.00279379 1.57711434 -0.7828058
    1.23028874 0.957841575 0.732423604 -0.135362566 0.758778274
    -0.543901086 0.0750439763 -0.44079563 -0.52478987 1.53965068
    0.515003443 0.279496431 -0.250124633 0.576219976 -0.286942899
    1.50758791 0.935207367 0.569995642 -0.124670506 -0.135863721
    -0.403990269 0.777341723 -0.474378526 0.190216124 0.251333058
    -0.177678645 0.495511115 -0.369202346 -0.032764852 1.27930462
    0.5708763 0.0483144522 1.14295387 -0.147764921 1.14000583 1.40762484
    1.46365762 -0.655058801 -0.241816998 -0.392830998 1.45508552
    1.36726654 0.878240764 0.807424128 -0.600013137 1.18079436
    -0.656735301 0.878461361 -0.287690699 -0.259554386 0.441470504
    1.23215985 1.08319473 -0.408437431 1.47522378 1.4211731 -0.33232668
    0.0962100029 -0.663799942 1.31304431 0.433206141 0.288657129
    1.14747214 0.13987726 0.818217635 -0.786533296 0.539686978
    0.694556057 -0.52466023 0.469403267 1.67032981 0.356070876
    0.506554604 0.990193844 -0.145022988 -0.293285877 0.423177063
    -0.331281066 1.11761713 -0.203376472 -0.624521613 0.0414553285
    -0.517020345 1.1285181 0.09285146 0.0233843923 -0.221402407
    0.258454978 1.45459676 0.638101101 -0.34205693 0.98542285 1.42352581
    0.617558062 1.43794191 -0.503650486 1.78519905 -0.0263646841
    0.407600999 -0.0110430121 0.708674908 0.959395826 0.3911677
    0.110744178 0.328258932 0.698972285 -0.395042926 0.186207116
    0.23532331 0.500952423 0.977791727 0.846558452 0.854746282
    0.933667004 -0.31851992 1.25327158 0.0781404376 0.226403296
    0.329396248 1.51776969 0.690076172 -0.221190512 1.6636939 1.114887
    0.611435056 1.4221971 1.30311704 -0.375979066 1.0493263 0.665003777
    0.537068963 0.130717754 0.297189593 1.30492294 -0.407063752
    0.299802423 -0.480554968 -0.323052138 0.0757309794 0.931907177
    1.09632432 1.30517626 1.07808948 0.314838827 0.351338387
    0.0154504776 1.39754295 0.655157864 -0.462109566 0.765454292
    1.58214068 -0.453594714 1.3056891 0.504607677 -0.462773174
    1.63454199 1.19368386 -0.443417162 0.489832044 -0.170281172
    1.73829317 0.320400238 -0.109472871 -0.569681525 1.02248955
    1.72258043 1.62381458 1.69917488 1.31632602 1.20795441 -0.738729954
    0.000598728657 -0.586084902 1.1672349 1.13846171 -0.626517177
    -0.517395377 1.42635119 -0.224942803 0.776838958 -0.406782866
    0.583853245 1.72945487 1.59006476 1.16683793 1.39010382 1.21291721
    0.748672545 -0.243923247 1.21521568 1.27881241 -0.227598369
    0.824186563 1.67337906 1.76457095 0.974596858 1.43010426 0.552883625
    -0.698165238 -0.643657207 0.0864207745 0.807967186 1.12376451
    0.102063775 0.0238051414 -0.378448725 -0.27032426 0.828867376
    1.1262095 0.873972356 -0.786969006 -0.0875964165 -0.178151965
    1.30996144 1.7698071 -0.708789587 1.03962445 1.12273192 -0.296566606
    0.749762833 1.68999541 -0.273702145 0.64331305 1.41794848
    0.473834693 -0.298792064 0.162253261 0.00201910734 -0.0150687695
    1.34332478 0.384849668 -0.509377837 -0.602078438 0.77154249
    0.604987741 0.370824575 -0.199047208 0.1417045 1.16147232
    -0.185342312 -0.0055924654 1.52426565 0.0632203221 1.39906704
    1.36444855 0.546463549 1.10649097 1.6103183 -0.675465286 0.805129051
    -0.380727917 1.05998468 -0.66357398 1.49426031 1.51346326 1.2341845
    0.848993123 -0.236461639 -0.0570931435 0.0839111805 0.0522962809
    -0.545774162 0.128435194 0.923566937 0.053532958 1.17167616
    1.0850755 1.00100064 0.939667761 1.28137541 0.541016161 1.13469446
    1.71228027 1.16424739 1.20759952 -0.507977962 1.55427313 0.956085622
    0.953138411 0.690230608 0.586832166 1.2344296 -0.146847636
    0.64658165 1.92841005 0.665235877 1.37305117 0.760527968 0.143756092
    -0.423008561 -0.69174397 0.688933015 -0.134802997 0.475235581
    0.637929559 0.434367597 0.122564733 1.06861818 0.893385947
    0.31960988 0.504280567 0.745655954 1.15199614 1.1177057 -0.355596334
    0.233803988 1.55814648 -0.264238894 0.396597981 -0.035476625
    1.60682094 0.0712636113 0.904845238 1.47379684 -0.391352803
    0.067211926 -0.747058034 0.737161279 0.489073694 1.0706197
    0.0917536616 1.55832982 -0.302755058 -0.729631186 -0.102461219
    0.405174851 0.254998326 1.01571441 0.58682245 1.35639143 -0.21968329
    -0.623996019 -0.0990943909 1.6562252 0.897170126 0.286739409
    -0.0644013286 0.122610092 0.600318134 0.486481905 0.714640498
    -0.55031395 0.413878798 -0.637100637 1.71359682 -0.665560186
    -0.23313421 0.852803648 -0.578194916 1.76378071 0.704508901
    -0.0613337755 0.0931968093 0.917174041 0.771652937 0.388083756
    0.236807704 0.0922856927 1.61060262 0.146086633 -0.65906018
    0.713516712 0.303582847 -0.531930327 -0.362080902 0.653348684
    0.349209905 1.18381572 -0.77021116 1.70231581 -0.162917733
    0.17407763 -0.552445114 1.30738759 1.64185643 0.262652814
    -0.549285769 0.722463787 -0.246923983 -0.4677127 -0.118284702
    -0.649302244 0.204023242 0.770926952 1.18073201 0.416338384
    -0.145233929 -0.0123969316 0.149634123 -0.813053668 0.868448377
    1.64433587 1.6033808 1.64886427 1.76560783 0.985877991 -0.079353869
    1.07789075 0.279203296 1.27160597 0.670906723 1.85562801 1.55798018
    1.52808774 0.566694498 0.570971608 -0.610277236 1.70849538
    -0.611403406 0.58805269 -0.531733871 -0.47756961 1.10155916
    0.803009987 -0.216129899 0.702837646 0.510093451 0.011729598
    0.726448596 0.989806831 -0.204115272 -0.125049531 0.953336239
    1.34367049 1.55347538 0.951130986 0.926610053 1.07466006
    -0.164061964 1.63750291 -0.0960093141 0.769935489 0.296290815
    -0.59359622 0.212111354 1.64725804 1.14314342 1.52277112 0.150959134
    0.490705669 0.849576771 0.967718124 0.324712336 1.54530406
    0.65604192 1.69095123 -0.396487117 0.13836658 0.479716182
    -0.573082864 0.749073982 1.09486985 -0.604974389 -0.576732218
    0.612217009 1.5552913 0.881008387 0.909563661 -0.135442913
    -0.413792998 1.70670593 0.85468477 0.557003081 -0.275214612
    -0.759135365 -0.179149687 1.38556075 0.704419911 0.372326076
    1.48215103 1.35386682 0.657795966 1.72774005 -0.0132374167
    -0.701878071 -0.589783013 -0.746254981 -0.296477884 0.807140172
    -0.626028597 0.48742187 -0.362228721 0.276228786 1.74074626
    0.670274019 0.297920823 1.00870299 0.253283918 -0.506419063
    -0.0250428319 0.22499156 0.633650601 -0.143280447 1.34056616
    -0.0473488569 1.45234585 1.58815229 -0.619221091 1.00099385
    0.0994514823 0.884425998 -0.291405261 1.04514718 -0.484046787
    -0.303740978 0.963783443 -0.707912326 0.679799259 0.0378836989
    1.79308963 0.933043718 -0.462367207 1.67915487 1.6944747 1.16158175
    -0.70917964 0.622043133 0.334432423 0.0111372471 0.986329019
    1.17457414 -0.298457861 0.949351013 -0.390772909 1.64814472
    0.654267013 1.57768345 0.336432815 0.782820284 1.53993118 1.12124586
    0.878783584 1.35347986 1.09312987 0.617719591 -0.664626777
    0.156418681 1.21811783 1.71892488 1.83622682 0.424423635 0.121462643
    -0.406458497 1.2293545 1.12517524 -0.0521023273 0.207743764
    1.57276046 0.815101564 0.817477703 0.369207442 -0.244481742
    -0.703523397 -0.409406126 -0.300319552 0.335361481 1.46940446
    1.57084846 1.58453298 1.64867043 0.706572592 0.690498471 0.664999366
    -0.315160751 0.3961007 1.3081398 0.390661001 -0.414211303
    0.646013319 -0.109137893 1.73213816 0.638258457 1.34576774
    0.743632019 0.790648222 0.103111863 1.74258828 0.963933468
    0.954228878 -0.36574477 0.561591148 0.462222099 0.170418143
    1.7579006 1.28646851 -0.174835682 0.111430228 1.53212857 0.175583422
    1.14152205 1.2319169 -0.29305622 0.161021888 -0.639080286 1.62154973
    0.816286266 0.924064219 -0.0166177154 1.7459712 1.39386177
    0.919049263 1.46170473 -0.0352270603 0.0410027504 0.465312898
    0.845745325 0.552062333 1.53912628 -0.464411825 1.42446387
    0.0212869644 1.55092859 0.174537838 0.526945114 -0.451642394
    0.465100527 0.765402734 1.18959403 0.301197469 1.71882498 1.13646173
    -0.181350052 -0.326770306 1.04363382 1.32470655 -0.437803686
    1.148386 -0.497832835 -0.0108996034 0.605065107 0.0961970687
    0.897276819 0.185839176 1.43400478 1.62797427 -0.0142756104
    1.16509151 0.337058902 0.0857067704 1.73267269 0.0657234192
    -0.577523232 1.25148702 -0.241760135 0.575095594 -0.10995698
    0.112204313 0.740242898 -0.204617023 -0.560131967 -0.475283116
    0.265679598 -0.0516903996 0.243423522 0.594069004 0.991437912
    -0.310161978 -0.683332622 -0.648495317 -0.0867046714 -0.53075856
    0.224378169 -0.318307191 1.48881078 -0.537792802 1.17065239
    -0.214845717 0.934171498 0.608642578 0.96871984 -0.531948805
    0.298790872 1.33657908 1.80969226 1.5363009 1.7912333 -0.572577298
    -0.152753949 -0.338901222 0.47952646 -0.60562247 0.0729925036
    1.5916971 0.509191811 -0.600854874 0.931988657 0.359054446
    -0.69323349 -0.667007208 1.20279002 0.333963454 -0.827986002
    1.47230673 0.673714221 1.30078697 1.16290689 0.263342261 0.88091892
    -0.190631747 0.385821879 -0.675194561 -0.635774076 -0.276227117
    1.79883933 0.724725664 1.72327065 -0.0982077718 1.68050289
    0.810067773 1.06975603 1.05809772 1.23446083 -0.533761024
    -0.318766922 -0.0151811838 -0.489611536 0.937860489 -0.0907464027
    -0.126427591 1.41723013 0.568380058 -0.177268565 1.23064923
    0.481473267 -0.353666961 0.316941559 -0.764951706 0.0822819471
    0.700170577 -0.404295921 0.0655281544 1.70275378 0.0736501813
    1.34763753 -0.50669688 0.697425485 0.768262684 -0.399172604
    -0.626237154 0.272718966 -0.595179558 0.283088982 1.05663192
    1.28999615 -0.619074464 0.688271344 0.364929974 0.966004074
    -0.203684688 0.539398134 0.265962064 -0.0944821239 -0.694723487
    0.512622774 -0.278851092 1.18019688 1.47729623 -0.674845934
    -0.0775980949 0.686267018 1.12026048 1.53868151 1.35161662
    0.507279575 -0.537034512 -0.547688007 -0.156702578 0.463902831
    0.242460072 -0.670160413 0.322911918 -0.0771625638 1.1393609
    1.13372064 0.243141234 -0.401359349 -0.392771244 0.371039689
    0.204721153 0.743893743 0.12548238 1.47953296 0.509190083
    -0.45010078 0.783420861 0.149950206 1.6760664 -0.320596069
    1.10281539 0.747869432 0.717024803 0.66410327 -0.0154498219
    0.420740485 1.90775847 0.926086664 -0.160123974 0.907249093
    0.725558221 -0.23077032 0.285162508 -0.0522770286 1.44745302
    0.483285546 -0.665950298 1.63762677 0.648344219 1.08642387
    -0.571934462 1.6230284 0.74239105 1.60538721 1.47012925 0.0802311301
    1.00706553 0.0771571994 -0.217669904 -0.453518808 1.37478721
    0.984225273 -0.720336318 0.754818201 1.18665862 1.74566817
    1.57115531 -0.414389282 -0.415898502 0.929280698 0.485619426
    1.21493173 0.154396534 -0.153760672 -0.408033431 1.16864288
    -0.379395783 1.39129305 0.16648221 -0.639317691 -0.0713875294
    0.505562425 1.04615927 0.962855279 0.551965892 0.540940523
    0.339699924 -0.305670589 1.69866681 0.497557998 1.1774292 1.81026959
    0.676125407 1.12472296 -0.513964891 -0.541566014 -0.296586692
    1.4579922 1.23381341 -0.131393135 1.39947093 1.0181433 1.69878793
    -0.464543641 1.30387902 0.614956677 -0.550011992 0.0296747684
    1.74236774 1.63460016 0.621628225 -0.256059229 -0.612894833
    1.23728585 -0.277656257 -0.18289423 0.63482362 1.03627026
    -0.0532535315 0.301880062 0.827839971 -0.750848651 -0.0510119796
    0.668419898 -0.733666122 1.70169687 -0.294776827 0.298478127
    1.66243804 -0.283291161 0.764729738 0.0138782859 1.09053969
    -0.313667566 1.73565459 1.49682105 -0.385775119 0.674632788
    0.651948988 1.42779911 -0.610054731 0.533496559 1.3367784 1.44428921
    1.49503183 -0.780321717 0.20734787 0.256878614 1.24084091
    -0.156173587 1.35221648 -0.0991181135 1.08696377 1.01871824
    0.683445156 1.51696539 1.28764272 1.14267564 -0.483721763 1.18962264
    1.76853561 0.421794713 0.390257239 1.75569153 1.17894554
    0.0687527061 0.892991245 -0.272350073 0.445722401 0.98128432
    1.01822042 0.946332335 -0.347581983 -0.331066817 -0.528894007
    -0.201359451 0.230791032 0.692584634 -0.513287544 1.69676852
    -0.55740869 0.2564767 1.01466513 1.15757513 1.40176904 0.756010592
    0.85992974 0.207123458 1.30101204 1.55088377 0.135529757
    -0.162673235 -0.618992627 1.03179383 -0.399690837 0.610936165
    1.03363848 0.837363839 -0.0361916423 0.437219739 1.47342396
    -0.475647032 -0.486101031 0.485665083 0.235523283 -0.18818742
    0.633167803 0.11321187 0.711474657 0.36767292 -0.233159244
    -0.0628521442 -0.0299465656 1.50818253 0.773716331 1.63113892
    0.602795899 0.875898361 1.16008723 -0.770655274 1.33172321
    -0.190574825 0.154054701 -0.582872868 0.0403016806 1.04129362
    1.68738282 1.45272326 -0.533753753 0.60179013 0.133537352
    -0.565839469 1.69435382 1.79875946 0.29949373 1.56296694
    -0.699681103 1.60460687 0.294957817 0.181145251 -0.440352976
    0.667645514 -0.359868497 1.21665514 1.44818449 0.430983484
    -0.157663584 -0.628817081 0.910577416 0.718280375 1.15628135
    -0.271725178 1.20174789 1.14499545 -0.516624272 1.21872449
    -0.259590864 -0.728885174 1.05073476 1.70110464 1.57086635
    0.974361897 0.605207562 1.73001671 0.0181187987 1.44811106
    0.0528246164 0.410200179 0.889743328 0.398884356 -0.276800811
    -0.573028386 1.70747435 0.465319276 0.278476119 1.21143341
    0.393975079 1.22568834 0.449312091 1.22684288 1.20870805 0.381686211
    -0.400467277 0.750035942 -0.136098504 1.28401899 0.318538427
    -0.318633944 -0.170985937 0.00301718712 0.221499681 0.151802778
    0.878035128 0.874384344 1.66010642 2.02925706 0.572745085
    0.0666955709 -0.315125674 -0.418236911 0.141072571 0.69417268
    0.789986372 -0.365150362 -0.654657543 0.095421195 0.167238295
    -0.647949874 0.885299802 1.17424905 0.755858898 -0.0681194663
    0.873632789 -0.327618629 0.806867123 0.306066155 1.07638395
    1.48497748 -0.132044435 0.0962817073 0.47880286 0.0361011028
    0.856123209 0.481842041 0.20806706 0.461289644 1.67015886 1.7329371
    -0.385619938 1.29226708 0.854049623 1.47881997 -0.207510412
    0.757345378 0.783466578 1.27838969 -0.104365766 0.71721977
    0.249902844 1.4340868 1.05098319 1.39557528 1.46970558 -0.723469198
    -0.29309243 0.699237049 0.00772929192 0.488751352 1.09438157
    1.69158483 0.383262098 -0.18988806 -0.541647315 1.67951775
    0.417748451 1.13982749 1.61204648 0.99502933 -0.28251034 0.410936773
    0.473787844 1.42015326 -0.401009113 1.48302436 1.20814669
    -0.00826883316 1.19375539 1.37256145 -0.648263633 -0.539272487
    0.618659914 0.637629032 1.73014963 1.75778866 1.08807492 0.777366519
    0.513669252 0.765881121 1.62472916 1.3108294 1.40825582 0.72545135
    -0.0218319297 0.831385136 -0.369315892 -0.646149457 0.0290382504
    1.13502145 1.78151536 0.0945982933 0.33143574 0.358941078
    -0.438801825 0.752629697 0.327501118 -0.644701898 0.30453527
    1.21858668 1.28343415 1.18124521 1.47617435 -0.0844237208
    0.744762361 -0.652833819 -0.372093886 0.356114507 0.427004576
    1.46729779 0.545124888 -0.340564996 1.4628104 -0.710615039
    1.63788795 0.118956268 -0.168901861 0.909436166 0.627188385
    -0.639542699 1.62956631 1.20049024 -0.39743197 0.341299951
    1.62515473 -0.229851842 -0.467107713 1.37334108 1.0913353
    -0.0469114184 0.804088116 -0.532771945 0.573570073 -0.269462854
    0.235199273 0.0735527873 -0.113360524 1.09120774 -0.567780912
    0.183857918 0.910808682 0.922170401 1.6633178 1.02690125 1.62448311
    0.797426939 1.36127853 1.02689219 0.486809909 0.405703068
    -0.570862412 -0.225840747 -0.0192741752 0.478757024 -0.637540817
    1.09762692 -0.326266855 1.50092864 1.0341537 -0.290192664
    0.0895131826 0.98608309 0.656897843 -0.363554448 0.822606504
    0.217399061 0.205008388 1.65335417 1.15143108 -0.765113413
    -0.620487452 1.70946825 0.662662387 -0.577384353 -0.0462953448
    0.762161076 -0.0447549224 1.47035813 1.38872027 1.68028378
    -0.530245483 0.300839484 1.46344757 -0.671132565 -0.180167735
    -0.415525466 0.220238566 -0.373244941 -0.238691926 0.829724789
    -0.200015962 0.936521769 -0.173763812 0.439486325 1.05102301
    -0.522546589 1.50010884 1.12208867 0.260136962 1.00618589
    -0.00581419468 1.6200335 -0.68945992 1.4630959 -0.142654479
    -0.254945159 -0.625943184 -0.565822899 0.705952644 1.7201612
    0.97447145 0.859769702 -0.432834774 -0.595508099 0.823037088
    1.65997612 -0.261368632 1.14323139 0.149233937 0.22384572
    -0.0139095783 0.102771997 -0.705019116 -0.353991419 -0.723148167
    0.0693645477 0.621596098 0.0207846165 0.587288857 -0.242784381
    1.3463316 1.42116046 1.6712532 -0.127894044 -0.173826277 0.553284407
    0.490794778 -0.189313948 -0.758766472 1.59323263 0.546461165
    1.62808633 1.05032158 -0.0695809722 -0.605093718 1.66545343
    0.983094811 0.0237568021 0.877825797 1.5946269 0.476586938
    0.615025342 1.31661654 -0.0192342699 1.87487698 0.692456901
    -0.459485114 -0.181245804 1.28029346 0.946171522 -0.225136936
    0.0670312047 -0.082069695 1.68068826 -0.0867832303 -0.687199414
    0.31913811 1.67495513 1.76071477 -0.631398618 -0.759582937
    -0.797999322 -0.320829839 1.73641348 -0.271659613 1.28557491
    0.157025456 1.47581267 1.33919799 -0.1985659 0.1226843 0.768086374
    0.465851188 -0.333386064 -0.0710662603 0.60889554 -0.0195980072
    1.68334055 1.29717946 -0.355946302 0.395445883 -0.0750302672
    -0.0725697279 -0.283975303 0.504586101 1.27290511 0.386876345
    0.27873385 -0.571610212 0.388776839 -0.648721099 0.385777891
    0.232373834 -0.457521439 0.352855921 1.30094051 -0.317550868
    -0.242372811 1.36934924 -0.639829576 -0.614056647 0.120223761
    -0.446774989 1.65758598 -0.314898998 1.17974615 -0.474244654
    0.415051043 1.07913899 0.272199571 0.650547743 -0.0673184395
    -0.719008148 0.758399069 0.812207937 -0.12460804 1.63432932
    0.392075717 0.733906686 0.406696677 0.275961339 0.507934332
    1.1923914 1.02581894 1.32264519 -0.0298771262 0.349226892
    -0.12975961 1.56604147 0.28192395 0.199401379 -0.676081717
    1.08785152 0.203630865 0.875780225 -0.654363394 1.66123271
    -0.649155021 0.261589944 0.805872738 0.479597509 -0.271805644
    0.478649259 0.59839654 1.72253513 -0.214497864 1.70595753 1.38911533
    0.596982718 0.99383986 1.32809043 -0.182729065 -0.261695981
    0.330362856 -0.486919284 1.20855308 1.17014468 0.120128393
    -0.025215745 0.481431842 0.986255407 0.616864145 0.549862742
    0.552865565 0.654545307 0.696004689 1.20080161 -0.400030762
    -0.236151516 1.40086651 1.620368 1.7109952 0.229477942 1.19148111
    0.375029743 -0.594788551 1.05814266 -0.392571419 0.317965806
    0.502058804 1.75734377 -0.663595259 0.600674987 1.06380236
    1.11809444 -0.455420554 0.718127191 -0.414401799 1.41508698
    0.490295053 0.710306525 0.430166483 0.436762869 -0.118761182
    0.221061289 1.357337 0.0132817626 -0.238299012 0.770160079 1.5018692
    -0.331070095 -0.451277941 -0.100923181 1.52859628 0.127707958
    -0.541341186 1.30133867 0.919264317 0.756317139 -0.654208779
    -0.377771348 1.62298489 1.65815115 -0.646307349 -0.33751449
    -0.18735081 0.751782 0.939277053 1.26208985 0.324828923 0.0696972609
    1.30050063 0.105844319 0.449382603 1.03421211 -0.177295983
    0.367549598 0.602404416 0.682226896 -0.407094359 -0.569714069
    1.53289795 0.0992226005 1.21216083 0.633815944 -0.675900757
    1.62457561 1.6895622 0.0477052927 -0.553976297 -0.16762048
    0.293465674 -0.0997314453 -0.0416010618 1.16012931 1.51773977
    -0.622890115 0.625418305 1.08565402 0.604046345 -0.714366198
    1.33257771 1.81766105 1.23623013 0.976023018 -0.446942806
    0.599700451 0.0741149187 0.565290809 0.152737021 1.17572713
    -0.468013555 0.394032955 0.0386666059 -0.476919472 0.144373596
    1.6232959 -0.0749898553 0.968438625 -0.0896862745 0.391404092
    0.670291901 -0.00420147181 1.81994224 1.17505836 1.41945088
    1.58344269 1.24809027 -0.513307691 1.59514678 0.242510021
    0.423541009 -0.533096552 1.36198092 -0.330657303 0.378334343
    -0.568871617 0.603030562 0.0253342986 -0.329488844 -0.534867704
    -0.411894113 -0.28105703 1.52486825 1.93185806 -0.066373229
    0.0484580994 0.666886151 -0.371461779 1.40279007 0.661658347
    0.915447593 1.21501851 -0.199769557 0.186149478 -0.357616782
    0.256008089 1.00208485 0.217846751 1.22330928 0.211897612
    0.115168869 0.773824334 0.423600972 0.0274800062 -0.2619012
    -0.38411501 1.77880085 0.289869905 1.03267789 1.45264184
    -0.433639973 0.338491857 0.671493948 1.55623531 1.34361124
    0.322344482 -0.764481246 0.777179956 -0.361750931 0.122267723
    -0.432841092 -0.805949986 1.20238614 0.205748856 0.572468221
    1.03846753 -0.533688009 1.48403037 -0.245253563 0.896282673
    0.16810137 1.77968502 -0.20028758 0.252746642 -0.348747611
    1.04690075 1.14765179 1.43582237 -0.147010922 0.482577801
    0.753237903 -0.668384552 -0.0202090144 -0.225464702 -0.666625857
    0.166997671 1.26699948 -0.733683467 -0.721671164 1.71748495
    -0.0147508383 -0.271626741 -0.608126998 0.296148658 0.819568753
    1.44500422 0.531338453 0.387265682 0.210169435 0.498375714
    0.108008206 0.963773429 0.439984798 0.323490441 -0.547616363
    -0.3424353 1.16049767 0.842238247 0.558075547 0.515109658
    -0.104536414 1.24204326 0.665965676 -0.345495641 1.72685194
    1.09513164 -0.304252088 -0.490908206 0.704166472 1.2409029
    1.69649434 0.960637748 -0.184840083 1.46313453 -0.709486306
    1.35275316 1.04902792 0.386672139 -0.447612792 -0.19429338
    1.61678898 0.983078003 1.75015974 0.156855285 0.572594523
    0.595168829 0.241553962 -0.0478134751 1.004354 -0.693986118
    1.43574977 0.669163823 0.090061307 0.991472065 0.363628805
    -0.43262133 1.27246618 -0.463159561 0.0701261163 -0.70413053
    -0.696478963 0.522197664 1.48128891 -0.373649836 -0.254802346
    -0.224081516 0.907072484 -0.0571710467 1.24781132 1.53053308
    0.162363052 0.939611912 1.58742023 1.46588111 -0.58304441 1.01420355
    1.21195436 0.745002389 0.760143459 1.55060673 -0.620008588
    -0.179601014 1.72572505 0.0966204405 0.4529652 0.438121676
    -0.673070014 1.44848204 0.774326682 0.79773438 0.0877881646
    0.33558172 0.2807585 0.595325828 1.46485507 0.90256381 0.70912683
    1.46696424 1.23029661 0.725657046 -0.774342954 0.236414611
    0.831431329 1.62036037 -0.783163369 0.689561844 1.62526917
    1.32939959 -0.360658586 1.77769732 1.23457766 1.05365074 1.04342866
    0.571404517 -0.00627189875 1.05083787 0.249664366 1.00486302
    0.476804733 1.11343014 1.68807006 0.493858457 0.15325892 1.0925343
    -0.526016951 0.804734766 -0.32457304 -0.455787957 -0.0571771264
    0.357025445 -0.604337037 0.611004174 0.956733286 1.77123165
    -0.473534375 1.80234158 -0.629596233 1.47529578 0.150267184
    0.342004955 -0.221141279 0.724473417 -0.596962154 0.853332639
    -0.107115984 -0.371766239 0.588828325 0.836475432 1.71769166
    0.21384269 1.63442767 0.965572178 0.866026461 0.419914126
    0.982471764 -0.0995719433 1.47807789 1.20276892 0.420383155
    -0.478200763 -0.101563394 -0.513951898 0.884770811 1.24150157
    0.0546392798 1.03712344 1.57416391 1.69562531 -0.258450359
    -0.0968157649 -0.552489579 0.429268837 0.152828217 -0.13768667
    1.58476877 0.645374179 0.648964286 -0.572783709 1.27589047
    1.56871116 0.477955401 0.937747598 -0.797553182 0.74193722 1.3624084
    0.672764003 1.02208853 1.70607471 1.58586121 1.02016163 -0.369468927
    0.886305869 0.53077507 -0.0453585982 0.443083882 1.33014059
    1.14176738 1.68244505 0.264754593 0.222746253 0.126110554 1.28036928
    1.42011237 1.64532518 -0.454397559 1.322101 1.62520599 0.78063041
    0.935431063 0.0693660975 0.894115627 0.61889261 0.993982315
    0.658264816 -0.505626857 -0.498571604 0.483547091 0.448489189
    0.796788931 -0.0379436016 1.50995338 -0.490532488 1.54691827
    -0.0481849313 0.118865967 -0.79442656 1.36963701 1.38012815
    1.65182662 -0.734471083 0.290623248 1.31906497 1.33523488
    0.589742005 -0.028711319 1.30065346 0.459499061 0.769560754
    1.22579777 0.141187668 1.09406614 0.29648906 1.05208206 -0.163839936
    0.710922182 0.322572052 1.79366016 0.812735856 1.29045928
    0.458290219 -0.687613606 0.13269347 1.70936441 0.250600994
    -0.731087089 -0.760259628 0.51423043 0.142113924 -0.338335037
    -0.760324836 -0.767468214 0.128483176 1.18959618 0.243986964
    1.34878814 -0.0260894895 0.158786774 0.311984479 0.0995274782
    1.02746308 -0.708976388 0.0798496604 0.145019889 0.499802947
    -0.426379263 -0.43043223 -0.510578394 1.108495 -0.310996056
    1.70286262 1.61414599 1.65431476 1.75587726 -0.121320188
    0.0435653329 0.991989017 -0.297517031 0.434308529 -0.492149651
    -0.462672174 0.0871795416 1.1901505 0.470621228 -0.443035513
    -0.0463145971 0.389050126 -0.0863074064 -0.378762841 0.385004699
    0.494173884 -0.292621911 -0.114951134 0.0960439444 1.79821408
    0.967499137 -0.156818867 0.508642018 -0.253340006 0.693750739
    0.469783604 0.701487839 -0.625707448 0.469584703 0.854684055
    1.3622216 0.6830194 0.801832199 -0.512761116 -0.379039913 1.52991796
    1.14691842 -0.743671834 0.432301164 1.42074037 1.27191615
    -0.494444489 0.337750971 -0.199974179 -0.119387448 -0.23248744
    0.627774954 1.62905216 1.2029196 1.40346909 -0.646838963 1.14788091
    -0.101454079 1.4545033 -0.667559862 0.977496743 0.452322602
    0.598578513 1.23610079 0.873526812 0.239188194 0.0717993379
    1.41691494 1.18432033 -0.0566740632 0.584867537 -0.198351562
    -0.0431540012 1.11196887 1.66685367 0.399867833 -0.0661202073
    0.599875093 -0.71667105 -0.478034705 1.75509453 -0.0602900386
    0.908075273 -0.244953096 1.60529637 -0.690124333 0.43822211
    -0.232035756 0.362689734 0.609057128 -0.346440434 0.0218741894
    0.048492074 -0.547210336 -0.443173558 1.64771748 0.990101576
    0.345857859 1.12099075 0.951168835 0.757114291 -0.482340723
    0.293111384 -0.735670269 1.76122451 1.16858149 0.436609209
    1.22098303 1.20596313 1.17947483 1.16474736 0.105478525 0.827046096
    0.121545315 -0.331484318 0.191362321 1.04931855 0.282661259
    0.594575763 0.594081283 0.587750673 1.12157989 -0.623565733
    0.0660548806 0.532637 -0.726087511 -0.281027317 0.25302428
    1.29217458 1.13904488 1.07392192 1.16340089 1.54078078 -0.466969848
    0.7119717 0.492858112 0.529057682 0.882406473 0.883465052 0.81951642
    1.01560044 0.683588803 0.595541 0.105120957 0.732497454 1.11127591
    0.0482951999 -0.15938139 -0.0721380115 1.03330469 0.932465553
    -0.392241031 0.270848453 0.184821248 1.6698339 0.911718547
    -0.680757642 1.07388353 -0.550085127 1.24414408 0.391417444
    1.07087851 -0.443397194 0.388830781 -0.522343755 0.264733851
    0.451870382 1.00071979 -0.171196669 1.16653204 -0.169868231
    1.67020512 0.385583997 0.664370298 0.567590296 -0.467777491
    0.668966532 -0.619094133 -0.705159247 1.21380544 1.05907261
    0.336042762 -0.575807393 0.320237577 1.0118705 0.68671155
    0.582915366 0.670697033 -0.428961277 0.138207734 0.136288166
    -0.677845716 1.68569398 0.530527771 1.78475547 0.914140522
    0.871508837 -0.357670337 1.07193124 1.75177455 -0.5550313
    0.782006323 1.09523249 1.52420807 0.632639647 -0.409741193
    1.39992881 0.287512004 1.63539755 0.82016927 1.26069355 1.51215005
    1.17893744 -0.164522588 1.05239797 -0.228322744 1.59249711
    0.387508452 -0.0448287725 1.34162951 1.78022909 -0.651919425
    0.22593677 0.613325238 -0.236572832 1.85396004 -0.619016826
    0.0445827842 0.726055205 1.44652724 0.312877357 1.05811548
    1.60934162 0.994267046 0.445402205 -0.641189039 0.762814462
    0.0307210684 0.573409259 -0.457763493 1.25503159 1.16595697
    1.13747859 0.379018128 -0.503196836 0.561843812 1.65812755
    0.436273575 1.60163593 -0.309384257 0.15242219 0.876469731
    1.12491035 -0.408636242 1.08489394 0.513536394 1.16120982 0.8891536
    0.874168098 -0.574073911 0.248349845 -0.0149273872 -0.445799559
    -0.330581218 0.334215224 1.58163905 1.45599437 1.68461096
    -0.357369125 0.890441537 1.09907115 -0.456703067 -0.237367213
    1.51041973 0.974734128 -0.376533419 1.1256336 0.0766011477
    0.068690598 -0.136940539 1.51930976 1.51974356 0.247875214
    0.638311982 0.25821501 -0.537482798 -0.192715228 -0.459257245
    -0.0487520695 1.01695108 0.658518851 1.27252281 1.23415351
    0.0959963799 -0.21697104 -0.0860112309 0.74591732 0.564366937
    1.63729095 1.2725389 1.35498309 0.658686459 0.0832667351 0.396918178
    1.08797646 0.167547464 0.405763626 -0.514091492 -0.407378435
    -0.0276509523 0.406267583 -0.243662953 -0.59854126 -0.475483954
    1.24572349 0.533615172 -0.564300537 0.949124813 1.1467905
    -0.367724419 1.49912679 1.64272249 -0.477208257 0.451899886
    -0.639380515 -0.0288976431 1.60732067 0.621249616 0.855732858
    0.0936600566 0.651734114 0.0105860233 1.55513978 -0.678625345
    1.34787393 1.01772118 1.61670995 -0.182073593 1.69504392 0.265745521
    1.50458384 0.895133972 0.176871657 0.357958376 -0.194355845
    -0.0470358133 0.919175446 0.354895115 0.138388097 0.0516331792
    0.811985493 -0.537553251 1.05967951 -0.0334291458 1.62858391
    0.136420608 0.339669585 1.20003998 -0.080783546 1.22565627
    0.0894040465 1.616467 0.608294308 0.901280999 1.51041031
    -0.155300379 1.76758146 1.25164032 -0.317966223 0.755272865
    -0.650641024 0.9102301 1.24898803 -0.404390663 0.266108572
    -0.344355732 1.40706539 0.0739694834 0.353051543 1.15615392
    -0.444365114 0.55779773 0.882048845 0.385714829 0.488265932
    0.181530058 -0.753912151 1.44749475 -0.203878045 1.14873159
    0.463065207 -0.0772194862 0.088401556 1.77659392 1.73929644
    1.68016815 -0.349563569 -0.599744976 -0.0337951183 -0.133731067
    -0.40669024 1.70863283 1.75226402 -0.645294964 -0.635407388
    0.32030642 1.1834687 0.72123456 0.780555248 -0.300010383 1.05509591
    0.0396875143 0.737727284 0.633744359 0.280840814 -0.490834922
    0.163907409 1.49667978 0.38568598 -0.630497515 1.59097266
    -0.121492326 0.392319024 1.95694637 0.766825199 -0.190367937
    1.22159922 1.34748495 0.0660498142 1.06471527 1.89788747
    -0.471411228 1.30906177 0.373326063 -0.445278525 1.34996772
    0.586470723 0.234390438 0.784003675 1.29501271 0.70862937
    0.070535481 1.66189265 1.70492196 -0.2735672 -0.185481191 1.04205179
    1.24965048 0.734561384 1.42806077 -0.190115631 -0.398942858
    0.634015918 0.312847555 -0.207596242 1.11703444 -0.0319930911
    -0.563527107 1.37751675 1.75107169 -0.720064998 0.117226839
    -0.00128895044 -0.604814947 1.32161808 0.174101651 1.46650577
    0.940271556 -0.356905222 -0.309901595 1.57828009 -0.283447295
    0.0641762018 1.35295415 1.75889158 0.451613963 1.22811365
    0.667460144 1.04941881 -0.420296758 1.14634347 -0.459943235
    0.252961874 0.720197082 1.70841622 1.50325119 1.42598784 0.328762293
    1.31631303 1.34320903 0.124507546 1.33828688 1.39402962 1.58059525
    0.656484246 0.23760891 0.861982822 1.73581576 0.0869529843
    1.55814791 0.821171641 0.0920339823 -0.0773645043 1.36991835
    -0.0781117678 -0.494073689 -0.0628162026 1.09100533 1.17599392
    1.77884388 0.31797117 0.627927899 -0.833236635 0.247498572
    -0.0421321392 1.40104926 1.66443431 0.341055334 1.53057659
    -0.0513596535 1.49092698 1.68030024 -0.350720853 -0.575777948
    1.6059196 0.552596271 -0.632048905 1.36824274 1.71395373 1.2043705
    -0.329027414 1.1886797 0.79131633 0.302657604 1.06295824 -0.52653414
    1.07915473 -0.330675095 1.50403476 0.529291093 -0.314799339
    1.63289797 -0.260419399 0.414727628 1.21747637 0.11844939
    -0.27006948 1.5345192 1.21921515 -0.150870025 1.40331411 0.108923018
    1.21732187 1.33233881 -0.00486499071 0.769657135 1.59223318
    0.0779879093 -0.340520322 1.03521872 1.43841434 0.580634177
    -0.0498237014 1.6414299 0.919452071 -0.242874205 0.619053125
    -0.570753574 0.290317655 0.460600615 -0.16736412 0.38215369
    -0.0598908067 1.33474171 -0.583033085 -0.0479904413 0.29181093
    1.22347915 -0.466971606 0.119349897 1.51929855 -0.0412700176
    0.503705442 0.86426729 1.47056437 0.436875165 1.24613059 0.912096918
    1.24476051 0.760504544 1.37348032 1.6901418 0.590763509 -0.268972576
    1.70257103 1.57146764 -0.414484978 0.301578045 1.00483036 1.64003634
    0.243552506 -0.723092198 1.42513371 0.61868149 1.09224093 1.19568682
    -0.807337523 1.05922675 0.462926686 -0.630319953 -0.0330296755
    -0.288196504 -0.640275538 1.05869687 1.83299553 0.186563671
    0.31857866 0.711707711 1.05815959 1.47820616 1.38069844 -0.647164226
    1.11745763 -0.622780383 0.601172566 -0.589079976 -0.0194947124
    1.32636166 -0.547737598 1.24870753 0.262963176 1.71552813
    -0.282014519 1.67614388 0.574659348 -0.365720838 -0.623063564
    0.280725777 0.297012329 1.18364549 0.446982324 1.1308862
    0.0597780943 0.129278243 -0.437348664 0.243460953 1.08022928
    -0.0602828264 -0.67502296 1.15472078 0.278121889 1.22711515
    0.507696569 -0.212436676 -0.0756806135 -0.643048048 1.34978604
    0.637086928 1.51625383 -0.091850698 -0.536992311 -0.338552922
    0.264069855 0.974203646 -0.216927648 1.28743172 -0.140917003
    0.750621498 1.66774702 0.991533339 0.129199505 0.593717396
    0.63061446 1.71325445 -0.148350835 -0.683507442 -0.233841658
    0.345932901 -0.453067005 0.362461925 1.44287646 1.40607858
    1.03457582 0.20024693 0.404432476 1.50110435 -0.320965707
    0.0984187722 1.54871738 0.664313853 1.13548112 0.45656687
    -0.430992365 -0.506691456 1.51092494 1.31508589 0.335136473
    -0.21194315 0.409092844 0.961438 -0.425082505 0.91646862
    -0.581921399 0.784038365 -0.186029494 0.981589139 -0.674040675
    0.106120467 0.279619753 1.7822659 1.5271765 0.364154935 -0.266357422
    -0.778298497 0.0975099206 0.512570262 1.07625496 -0.628557861
    0.874188304 0.85878551 0.194971442 -0.127517581 0.438105226
    0.186018467 0.375377119 -0.106373131 1.62304282 -0.0249246955
    0.611864805 -0.690388203 -0.184339881 -0.54632616 0.568555415
    0.486857414 1.1339252 0.344771028 0.675894439 -0.392732888
    -0.364717901 0.421468079 0.481957555 0.159987986 1.56527078
    0.124892294 1.03395855 -0.419862956 0.834724784 0.164581299
    1.59263217 0.0019364953 -0.279709518 0.206470311 -0.403379023
    1.48173594 0.498664856 1.60888171 -0.598476171 1.06919193 1.58932865
    1.67208219 0.790595174 1.00517738 -0.357259721 1.41388535
    -0.424229473 0.756913126 -0.280982018 1.42972422 1.34105122
    1.06143785 0.997934461 1.43168855 -0.276993752 1.60988736 -0.316937
    -0.608550668 -0.321752995 0.577865541 0.6349383 -0.147960365
    1.25284767 -0.0947749019 0.116477966 0.729118705 0.793023765
    0.0821572542 0.141058385 0.988909543 -0.349538863 -0.617571533
    0.957147658 0.782367229 1.85341477 1.07062316 -0.492405176
    0.0382805467 0.884111464 0.290488839 0.159022272 1.59414768
    0.514221191 0.360446215 -0.477907062 0.284830689 0.959735751
    0.486612678 -0.621167183 1.23991632 0.0452294946 -0.0884587169
    0.257623851 0.263754129 -0.601470828 0.551398754 -0.580453038
    -0.110501349 1.41090655 -0.255926847 1.18404019 0.0300174356
    1.43830085 0.250930429 0.645084858 0.476917088 -0.358594686
    0.300730944 1.17224002 -0.269513845 0.631938517 -0.56574738
    0.15384537 1.73695898 -0.61558342 0.756182432 0.0745286345
    1.60458302 0.245887578 -0.113451362 0.0611881018 -0.122486115
    0.12060976 -0.131497443 1.10316515 1.80785894 -0.350888312
    0.509368479 -0.140316367 -0.55303061 0.270548046 0.239578307
    0.993087232 1.60893106 0.957608759 -0.326860249 0.820356965
    -0.0216177106 1.20575941 0.294662595 -0.478683442 0.0320656896
    1.36592567 1.58991528 0.994497359 1.0723505 0.764450669 1.70796895
    -0.642364144 -0.684670329 1.08858144 0.769609272 0.203261495
    -0.522047222 1.15450525 0.0573762059 0.738266349 0.409494042
    -0.122898757 0.0559475422 -0.548400998 0.00265473127 -0.619561791
    -0.0529852509 -0.527620733 0.0864481926 1.51862144 1.49953723
    1.3122952 -0.122493386 1.21174848 0.51410085 0.0998312235
    0.133346796 0.655689657 -0.389657497 1.1669209 0.796476901
    1.34498286 0.0948050022 1.03114462 1.57626927 0.227146566
    -0.364456952 0.414299309 0.514655948 -0.310399115 1.32329416
    -0.154144526 0.565836906 1.3277688 1.29203868 0.729506969 1.79609501
    0.927996397 -0.601643682 1.1561451 0.0419522524 0.671696246
    1.14711249 0.86775589 0.203528762 -0.215658307 1.10869336 1.11452055
    1.43745315 1.50740337 0.0098284483 0.600373507 0.122660816
    0.103317857 0.901402295 -0.177492082 -0.0193167329 0.387511611
    0.246834219 1.64585423 0.961721957 1.0384773 0.709614038 1.90504992
    1.73139083 1.73882329 1.4504174 0.579290748 -0.0802451968 1.10152507
    0.600167155 0.958567381 1.18479156 0.0826331973 1.16824436
    1.17797816 -0.581360757 0.532899678 -0.1685673 0.115780115
    1.01838446 1.28584409 1.8339529 -0.582842648 -0.141724825 1.44950557
    -0.148032308 0.596255958 1.37823009 0.279143989 0.123109519
    0.493598878 1.35060811 1.42639542 1.80067396 1.7174834 1.73987186
    0.0255194902 0.989704609 -0.318551153 0.413871884 0.559429169
    1.46305776 1.69866502 -0.303209841 0.492793262 -0.51297909
    0.42161864 1.5640558 -0.378169179 0.655497968 1.22598767 1.53581023
    0.993145585 -0.434003174 -0.214972615 -0.0941384435 0.402656674
    -0.468590379 0.013241291 1.26855373 0.992996991 0.62854898
    -0.120535254 -0.539679945 -0.0568948388 1.53062165 1.03512263
    -0.217471659 0.507444203 0.495688617 -0.132331908 1.07181644
    0.94579649 0.438259244 1.5490756 -0.250827312 1.0448277 1.76884913
    1.63202739 1.62178171 0.257595718 0.53449887 -0.676124692
    -0.569566905 1.84307885 0.302644789 1.53314877 1.35109591
    -0.150514364 1.35590339 -0.591034591 0.868295848 1.44384754
    0.925991595 0.391790509 -0.586246431 -0.0981174111 0.0877276659
    1.29648733 0.657165647 -0.0559746027 -0.394039184 1.65464377
    0.2913028 1.43182445 1.07582092 -0.470777005 -0.0946700573
    0.653265893 1.03875494 -0.391902775 -0.316169679 -0.425251275
    -0.606309295 0.0922863483 -0.469141245 -0.34560585 1.03301883
    1.640836 -0.546502948 0.981800497 1.61244869 0.673138738
    -0.485340238 0.06046772 -0.165826082 1.28194845 -0.0630802512
    0.97467792 -0.232275605 1.06373882 0.495140135 0.00486809015
    -0.606018901 0.809514463 -0.36956659 -0.0969738364 0.153133154
    1.20538545 1.59368396 0.911769629 1.60613155 1.59251714 0.90699625
    -0.342546791 1.42187452 -0.0253247023 -0.622805893 1.71036959
    -0.631549478 1.62128091 0.451334953 -0.647131681 1.23923802
    -0.694736004 1.21374607 -0.403987169 1.66623843 0.373988986
    1.32330298 0.620729804 0.731589675 1.00619555 0.285145223
    -0.655722678 -0.478128999 0.953264832 0.125553846 -0.233350217
    0.297410607 -0.382687449 -0.251534849 0.353040338 0.737105787
    0.765069723 0.857337892 0.809012175 1.59640181 0.527001381
    1.78781617 -0.196463823 1.44832635 0.884000361 0.62464273 1.58845782
    0.847116709 -0.479722738 1.10562515 -0.0137197375 1.70998335
    -0.363921463 1.04927087 1.72468972 -0.255975813 1.52335668
    0.472753704 -0.222248465 -0.321923822 -0.114429772 -0.309960157
    -0.399125576 -0.127929211 0.451009274 -0.222359866 0.403544843
    0.961822748 1.51994932 1.00490701 -0.465893805 1.2335186
    -0.355138689 -0.427769363 1.58747327 0.246214092 -0.574371636
    0.155884087 1.56696415 -0.685224414 1.7943635 -0.285523862
    -0.580099344 0.236604869 1.44202185 -0.293565065 1.41249025
    -0.454963565 0.34504807 0.872485816 -0.616995513 -0.129733741
    1.78432178 0.610102594 0.409265935 0.935843647 0.458955467
    -0.456381321 -0.575387597 0.385927796 0.202023923 0.0247615576
    1.28389859 0.796032548 0.142313421 1.27827144 1.19776869 1.36626482
    0.501875639 0.113057733 -0.0611736178 0.0281869769 0.567342043
    1.49893022 0.904621363 0.893704474 0.2945382 0.118397236 1.19099891
    2.08913207 2.19773293 0.622210324 0.380705774 0.12434119 1.72589314
    -0.496647537 -0.402449906 0.638972998 -0.1005283 1.51343036
    0.887666941 0.220773101 -0.0784205198 1.07842755 1.58085656
    -0.148483753 0.836600661 -0.454326302 1.65086579 1.38869441
    1.04949582 0.333987176 1.56802773 1.36780143 -0.0732694268
    -0.172349513 1.29410672 0.211387634 -0.614848435 -0.566362977
    1.55973697 1.25415397 1.77349138 0.822845638 1.71837151 1.17558217
    -0.143472016 0.229665458 1.35050941 -0.350846082 1.18819976
    -0.0948043466 1.47229826 0.155448139 -0.533390224 1.11555684
    0.0248812437 1.26167238 1.27653718 -0.541354775 0.0480937362
    -0.11804834 1.38721299 1.02117729 0.244706571 1.34960139
    -0.286550373 1.9827044 0.0943686962 -0.0662199259 1.0375421
    1.05305696 -0.115736842 1.338866 -0.0646961331 1.28764474 1.75202763
    0.933631837 1.02891219 -0.330836505 1.04867697 0.848213673
    0.494186044 -0.572265923 1.66462135 0.311858833 1.72561908
    0.423894405 1.31820798 0.328049839 0.416406333 -0.134304166
    -0.114401937 1.41843343 -0.455919594 0.0329651237 1.06341076
    1.31134415 -0.0133674145 1.01748753 0.448778331 1.22945023
    -0.107503414 1.22796822 1.18994987 1.64683151 0.112244844 0.94428283
    0.676945984 0.914080024 -0.629121959 -0.012737155 0.280569196
    1.17354405 1.54004514 0.728411615 -0.571119189 1.12171578
    -0.0157902837 0.510141075 1.79797649 -0.410553455 1.43590665
    1.00975323 0.149964511 -0.14378345 1.4456296 1.12180543 0.1664505
    0.080226481 -0.024387002 -0.558716655 0.929793358 1.16967022
    0.66316396 1.53480709 -0.0850096345 -0.146720231 1.62909663
    -0.426254898 0.301001966 1.60055017 1.59111118 1.2585398 1.2424643
    0.632236779 -0.359365463 0.475683868 0.830842495 0.189387441
    0.354456484 1.82914746 1.81473958 0.646632195 0.661619484 1.47061443
    1.05246329 0.741114557 1.18955588 -0.434982717 1.75985694 1.34115791
    1.12881422 1.38135219 1.17460513 0.446348786 0.701513827 1.66334534
    0.74529922 1.32620776 0.611775041 0.749979198 1.26740611 1.31545424
    0.70944339 -0.457850009 1.20024109 1.32264233 0.870788574 1.47401142
    0.65714097 0.669793129 0.793768644 1.11619341 -0.417330235
    1.42059982 0.975819886 -0.16237241 0.880450189 0.898927689
    1.55908203 -0.687878788 1.85679746 1.71128702 -0.310229838
    1.86489797 -0.395511717 0.726624191 -0.369987875 0.206234694
    1.74803519 0.180929661 -0.146375895 1.72071862 0.562199414
    0.47265029 0.400936246 0.00683194399 -0.187319189 1.57182145
    1.44980025 1.18084121 0.354746878 1.1775912 -0.134099305 -0.13106519
    1.32745171 0.887293935 0.508341134 -0.384884119 0.870419681
    0.35828346 0.254123211 1.65838921 0.547944129 1.20537984
    -0.552381873 1.87263894 1.8793838 0.375922382 -0.265332609
    0.704840064 -0.550858021 1.40722275 1.0738703 -0.566617906
    -0.557441354 -0.225182474 -0.499446213 -0.200997472 -0.030051887
    1.81510234 0.754364371 0.708118737 1.20034862 0.349062562 0.45196867
    0.921942353 0.348053694 0.910931945 1.04220557 0.440792501
    0.962768078 0.337115705 1.80211544 0.611925125 1.73772669 1.07694936
    1.33761859 0.561608374 0.940696657 1.61781156 0.21427238 1.51516926
    0.359212875 0.0868557394 0.768553615 -0.0065946877 -0.317625284
    -0.00150948763 -0.527589679 1.35408425 0.880552709 0.519798934
    -0.218685478 0.122293353 0.780415595 0.146342874 0.386010706
    1.55235565 1.70909262 1.21154356 0.317369819 -0.0777014494
    1.89767671 1.28739703 0.199928403 1.68249929 1.28882742
    -0.0456016064 1.06618404 0.345575154 -0.0148501396 1.33693457
    0.509010732 0.65144223 0.469756961 0.809713364 -0.252069026
    1.71733904 0.255602419 -0.536060572 0.57347101 1.51832747 0.21737951
    0.882041872 -0.118890166 -0.46409294 0.70831573 0.678171754
    0.862318218 1.12444043 -0.0893291831 -0.194569737 1.43959284
    0.617475271 1.04350042 2.03204727 -0.0353196561 -0.41874361
    1.97577739 0.774364173 0.629993081 -0.267644435 0.323633134
    -0.547662973 -0.0454439521 0.563823104 1.95320606 -0.05954355
    0.809577465 0.217260063 -0.0145989656 0.00254106522 0.801983476
    -0.533654094 0.301257372 1.30456042 0.99586302 1.87576008
    0.920877159 1.48085165 -0.399409622 -0.635426581 -0.338484794
    -0.156494141 0.725087404 -0.0925672352 1.00069356 0.722856462
    1.05600238 0.00182288885 0.987917244 -0.169596136 0.123331308
    0.318547487 1.37221789 0.522441745 1.576792 0.125576198 1.70187068
    1.71881938 1.43572283 0.424189568 0.410087228 1.80604506 0.523091853
    -0.0478702188 1.12701058 1.67108512 0.853194296 -0.393801719
    1.76948082 1.18843389 0.442842841 1.94434762 1.47283363 0.0834984183
    1.45718324 1.48351359 1.59816957 1.28650236 0.503719449 0.130928755
    -0.243579388 0.411863387 -0.24974823 1.84582245 0.822870612
    1.03952193 -0.391656697 1.26463592 1.65026975 0.897426605 1.15860569
    0.488923252 -0.579665244 0.505975842 1.73895884 1.62531209
    0.429483354 -0.0712810159 1.75975823 1.17551541 1.34406471
    1.85247242 -0.159692109 0.255594969 1.82863998 1.48311853 1.2796073
    0.683643103 0.512340903 0.393749356 0.685021639 1.42349958
    1.68631876 1.5907017 0.822790444 0.421735227 -0.520617008
    -0.232909024 0.448682368 0.552308798 1.28684688 0.817312181
    -0.394576013 -0.047477603 0.311369359 1.84378898 0.674495816
    0.670468092 0.631794453 1.09669662 -0.301090449 0.161637425
    0.883634567 1.339167 0.0516605973 0.364081025 0.88594985
    -0.494341254 0.979335427 0.477004409 -0.464420438 1.41361117
    0.00708854198 0.326022029 1.94637036 1.4472605 1.56859088
    0.287844419 -0.481171191 1.81611371 -0.504996777 0.576817751
    0.0658333898 0.208358347 1.38064432 1.13861823 1.88867772 1.20423567
    0.222210526 0.52852124 0.0236690044 0.148053885 1.93953395
    0.453017175 0.994583011 1.07469988 -0.465413094 0.800778329
    -0.0444551706 0.982598901 1.02752376 0.801070631 0.0394967794
    0.898642659 -0.0356228948 -0.00609797239 1.15653586 -0.61431402
    0.568662524 1.51648581 0.359089375 0.697952569 0.526650548
    0.354718506 -0.44805035 1.60269594 -0.0302930474 0.826968193
    -0.233053237 -0.576608658 0.991152406 0.00367802382 -0.500003755
    0.701636434 -0.227367401 1.94529974 0.461757183 1.86013842
    0.826570034 0.882373691 -0.325097024 1.67537498 0.266369581
    0.852105796 1.35058832 0.880191505 1.82063425 -0.192826092
    0.958921909 0.510714173 -0.408765614 0.888828695 0.691483259
    0.681136906 0.317956328 0.289818019 1.56043053 0.810931802
    0.676372588 1.07985377 1.5310806 0.462062031 1.39596152 -0.237017408
    -0.385430813 2.00229311 -0.152622253 1.24214172 1.22188985
    1.91489911 0.721313834 0.305841446 1.65040135 1.63024426 0.414619625
    -0.143714488 -0.0546720624 1.24888635 0.184138715 0.28976661
    -0.527349591 -0.159178466 1.12317598 0.934419274 -0.474925399
    -0.328121603 1.55633569 1.97019136 -0.506277084 1.28962088
    -0.162467808 -0.179354548 0.152970195 1.28241992 1.34815264
    0.0630674362 0.545486033 1.06025386 0.636580348 0.323377311
    1.37229371 0.463543266 1.53485227 -0.187262982 -0.225178123
    0.266846269 1.43751907 1.8888104 0.303442359 -0.443711191 0.21949771
    0.158142745 0.212319881 0.7502563 -0.108001888 1.53650665
    -0.470015079 0.973367929 0.69245398 -0.478885055 1.98386669
    1.94146097 1.27382278 -0.044522047 1.62789536 0.24341768 1.32332563
    1.52251482 0.0629531741 1.85057855 1.15261006 1.4196018 -0.489201367
    0.144677281 1.66597283 0.586874425 1.44483733 -0.129802436
    1.91154909 -0.257132173 0.425006628 1.64492321 0.523244739
    0.558448911 0.592072487 0.206482947 1.32092285 1.44360161
    0.536221087 1.35299039 0.499841094 1.44710016 -0.0808902383
    0.0739295483 0.800854981 -0.376113355 -0.0571870804 0.322025061
    1.26772451 1.09875488 1.06060922 0.592379689 -0.563563347 1.65502226
    0.683137476 -0.0622014403 1.31585097 0.545391381 0.119911313
    0.321072936 1.58437634 0.175421059 1.94506109 1.46071792 1.86167991
    -0.413692743 1.34147108 0.681631684 0.340523452 1.19843042
    0.0943005383 0.15269345 1.38314438 1.44268465 0.9510144 1.11614728
    -0.332334995 1.92415047 1.64490151 0.919427752 1.86727035
    0.975737691 1.43456316 -0.0518164039 1.54249549 1.11184597
    0.417566299 0.778003812 -0.0263089538 -0.149622232 -0.150480211
    0.981612206 -0.391197205 -0.536149085 0.332813084 1.08641052
    1.95143676 1.02319527 0.545270264 -0.320833087 1.21128583
    -0.118320882 0.543149889 0.0858722925 1.77753174 -0.302411497
    -0.311832547 -0.0421469212 -0.109045923 0.0894814134 1.88769245
    0.552977979 1.22949076 -0.411941111 0.0336374044 0.642439246
    1.46893847 1.07174933 -0.222794771 1.774207 -0.0801475346
    -0.382055402 -0.39479211 0.35099715 1.55565476 1.93060756
    0.668393195 0.390478551 0.630586028 1.95294511 -0.208812386
    0.509975314 0.912177086 0.403349757 1.06649613 -0.379931033
    0.666030049 0.770597935 1.7064755 1.48929465 1.14619422 1.6406765
    0.0454176664 0.000213742256 0.60202688 1.05919397 0.593629241
    1.09945297 1.11196589 0.232188523 1.58834291 1.68894792 1.21330023
    -0.0261462927 1.98729229 0.119111776 -0.314392447 1.28096342
    1.10842991 0.90408206 0.847143173 0.184165895 1.34166908 1.11780429
    0.959963799 1.52014673 1.06215072 0.05893749 0.138359547 1.13562441
    0.729997158 1.6104157 0.595935583 -0.493430167 0.428031385
    1.82036364 1.41650963 1.63072872 1.12432182 1.41295409 0.0286409855
    1.98290181 0.124737322 0.426115811 0.720935762 0.548034251
    0.711245954 -0.531601906 0.575159609 1.27019203 1.9047358
    0.0234159231 0.00524950027 1.64202738 -0.222382963 1.67604375
    -0.0820983946 0.536827683 1.98804069 0.201080203 -0.450707853
    1.03290677 -0.0866092145 1.05728686 2.25509429 0.183718234
    0.533211112 1.89688778 0.0537858605 -0.0346415341 0.702778339
    2.13675737 0.485934108 1.52810609 1.29283547 0.879458427 0.79796046
    0.359343678 0.240342766 1.4920851 1.66370165 0.958894134
    0.0264342129 1.6558938 1.71792531 -0.108483315 1.66036367
    0.523157835 1.16443634 0.0567708313 1.85742831 1.49226236
    0.0367276371 2.05831456 1.80055201 0.0553856194 1.78039896
    1.42933202 -0.173696995 0.195042789 1.78381872 2.10998058
    0.609588981 -0.333555579 0.851871371 0.945061445 -0.000673472881
    0.323270917 1.12717676 1.22241509 0.384459943 0.406416088 1.34810388
    1.06068647 0.223008364 1.10390878 -0.0358574688 1.1890974
    0.0573378801 0.47765553 1.45349371 0.0142144263 1.18265462
    0.147526473 1.7517283 2.04629326 1.70632195 0.0561011434 1.67414403
    0.545930684 0.133927673 0.298549265 1.42124891 1.68359292
    0.656545639 0.122680962 1.14151478 0.111517608 1.11850786
    0.785790801 0.155705571 1.15319908 1.45671976 0.988321185
    -0.401490808 0.971132755 0.735367775 0.939561844 0.0344945192
    0.598915458 2.08417273 0.82902509 0.576447725 1.12029076 0.758968234
    -0.113285512 2.06850696 1.04007268 1.86592793 0.593038917
    0.457483083 1.71669674 1.76751423 0.386860013 1.19128394 1.94172895
    1.54733717 1.23819911 1.77242446 1.58499968 0.476286948 2.06413817
    1.11448765 1.03301108 0.657844424 0.336600304 2.11752439
    -0.186458349 0.902836859 -0.344570398 1.40571892 -0.113342464
    0.924087644 1.57105601 0.440523267 0.178260803 0.490670621
    0.39323011 0.642337918 -0.285313427 0.0102456212 1.73272538
    1.8936764 1.99554825 0.971651912 0.0268068016 0.103418022
    -0.0187563598 -0.136072963 0.306851387 0.675854206 0.24386844
    2.01233983 0.593345404 1.45754516 1.87850678 0.694041848
    -0.0118888915 1.15645206 1.87359679 0.673316002 1.17579842
    0.414308369 1.78950024 0.691722572 1.84030128 1.0114994 0.826604366
    0.330530971 1.15080714 0.768722892 0.640708387 0.0445712507
    1.45786071 -0.39345184 1.92516601 -0.108973652 2.13652992
    -0.0614368618 0.173721164 0.758244991 0.668736219 0.219555438
    0.550203323 -0.16934979 1.4907496 0.184397519 -0.0837523639
    0.0639781654 0.760600805 0.92677927 1.03296626 1.19823825
    -0.296680421 0.114129961 0.830679834 -0.0523053706 -0.212102085
    0.942617059 2.02897501 0.366855472 1.06120932 1.18426251 0.589440942
    0.369202286 0.77761209 0.66149199 1.24895573 1.90119958 -0.354313165
    -0.221110657 1.43728685 1.56343222 1.02597725 0.681266427
    -0.254082263 -0.136974812 1.29074311 1.70844746 0.639204919
    1.14741921 1.18953216 0.769628763 0.0927261412 0.0909616053
    1.24741232 2.09759092 1.2250967 1.76985645 -0.240414903 -0.277130365
    1.60178959 1.79352307 0.620416999 1.67571342 0.497515887 1.42856371
    1.51335096 2.09316897 -0.404409319 2.13420725 1.57322192 1.15766716
    1.81516552 0.469554722 1.71915352 1.31436324 1.92396688 0.72187674
    -0.0500671268 1.8095901 0.944113553 -0.446188182 0.730881095
    1.70052433 -0.0639190674 0.986093819 1.783373 0.669667542
    -0.273494929 0.538512111 2.09294891 1.66777265 1.56389081 1.26862073
    1.06553197 1.65670121 1.41496801 -0.00401327014 1.62809253</data></my_img>
<your_img type_id="opencv-matrix">
  <rows>128</rows>
  <cols>256</cols>
  <dt>f</dt>
  <data>
    0.431068391 0.662297666 0.380548418 1.06041884 0.768038571
    1.08727384 1.20796502 1.09657931 1.02916372 0.664995253 0.662074864
    1.01444733 1.09537399 0.953926623 0.641326189 1.27847981 1.1653136
    0.62057519 1.36894882 0.826043427 1.39739919 0.834399045 1.08505917
    0.89105159 1.10006917 1.19889021 0.562855363 1.3672204 0.999923944
    0.551374495 0.65936625 1.43004012 1.16256833 0.91488874 1.01778936
    0.550025105 1.16358471 0.721319258 0.949921489 0.882073164
    1.26545203 0.826428473 1.19962442 0.626248777 0.940007985
    0.609903932 1.26867044 1.07835221 0.949758172 0.693196118 1.21475267
    1.40390277 1.24367881 1.42608893 1.04366684 1.33150434 1.16304648
    1.08989167 0.861569881 0.679012835 1.41787171 0.818098068 0.77844131
    1.24472022 0.461915433 1.09232557 0.710916579 0.965045214 1.27060127
    1.2872237 1.09202099 0.529524684 1.32996285 0.687425613 0.738438427
    0.540596187 1.31722617 0.460526764 1.15576625 1.20791614 1.28202415
    0.966204345 0.821372211 1.09571481 1.28658926 1.08119285 1.16557121
    1.36385989 1.41201234 0.998419583 0.851842761 0.894703686
    0.540707827 0.925246298 1.45626271 0.632309079 1.07125771
    0.948886812 1.45535302 1.18560839 1.21266735 0.47091651 0.910383701
    1.44525445 0.811664581 0.918666422 1.07291198 1.48544729 1.48585153
    0.612353623 1.22650576 1.03920782 0.513743639 0.807308316
    0.700977862 0.842304468 1.3918196 0.476693153 0.991545439 1.36521196
    1.32376003 1.48481882 0.620877385 0.705180049 0.500543654 1.28202713
    0.625710845 0.742078483 1.05209982 0.726351082 0.464404225
    0.508390784 0.815248609 1.05764103 0.700971067 0.706040084
    1.25490189 0.502937794 0.904759824 1.0813241 0.690530717 1.1227932
    0.88871336 0.51601404 1.18955779 1.26102448 1.11008668 0.536066055
    1.04153168 1.3988862 0.504448295 1.24849141 1.19679797 0.655333221
    1.24676442 0.98892647 1.41074324 0.855204463 1.42145538 1.16247058
    0.800101578 1.22392058 1.37564147 1.03635871 1.08773637 1.02895367
    0.515241921 1.12192023 1.13224995 0.587272882 0.920606434
    0.773550749 1.02333891 0.697458148 0.753441453 0.560664713
    0.434677362 1.16054928 0.474353939 0.655231237 0.536189377
    0.57813096 1.0580132 1.11435962 0.608931303 0.582442224 1.34482205
    1.4429034 0.521772981 0.653073549 0.648529887 0.550158322 1.24892569
    1.23117244 1.12454414 0.74776572 1.30053377 1.19807088 0.836234748
    1.33972311 0.466256171 0.96555537 0.715281069 1.19717407 0.816867292
    0.977739394 1.28161943 1.36431849 1.09128237 1.25795865 1.06438327
    1.11495733 1.25632656 1.23389304 1.35729361 0.872040808 1.05912578
    1.35844922 0.55104059 0.47479707 0.82300061 0.830601335 1.23466229
    0.520420611 1.25295413 1.26658666 0.614724994 1.41426289 0.697286189
    1.30733609 0.99761802 1.05782139 1.36175168 1.44326663 1.03400242
    0.727583349 1.07641113 1.27465057 1.16641939 1.34642315 0.886573792
    1.08259797 0.664444566 1.43465948 0.959582746 1.09187996 1.39720595
    1.46583474 1.09523857 1.46168816 0.823833644 0.594373465 0.764098525
    1.33182764 0.56833297 0.796966076 0.344830275 1.19261634 0.856889367
    0.700490892 0.881546557 1.16053939 0.913530409 1.36497867 1.50868928
    0.920804024 0.589689195 0.579353213 0.842773914 0.892141581
    1.09246218 0.922098517 1.1727792 0.759363294 1.39765167 0.843679845
    0.88862592 1.38427818 1.48268557 1.26257133 1.40563428 0.678168297
    0.902527213 0.710562468 1.42986536 0.726879835 1.24814045 1.26193154
    1.23869264 1.22204351 0.876938403 0.913187921 1.17625916 1.34575129
    1.47289503 0.984654784 0.571193457 0.51624155 0.793437243
    0.585053921 1.23681271 1.14241338 1.07554579 1.22083724 0.833924532
    1.40292406 1.29627979 1.27829993 1.26814318 1.36200893 1.35681951
    1.31368816 1.33684504 1.13202119 1.48378885 1.21153247 1.19824576
    1.52443492 0.964268863 1.26062799 1.00333107 1.3274641 1.15691078
    1.15442443 1.19217324 1.42620254 0.714214802 0.606185853 1.33186305
    0.878867567 0.586317718 0.977354407 1.21248138 0.769978404
    0.763986647 0.829682231 1.3986429 0.670942008 1.41809428 1.51749849
    1.07081187 1.42189252 0.558572531 0.777852774 0.609702289 1.36774814
    0.811021745 0.62466532 0.691337645 1.38155913 0.867412627 1.40963459
    0.985639989 1.40105331 1.48482358 0.921129644 1.14380336 1.54074132
    0.811161935 1.4989059 0.973562539 0.798478782 1.05251122 1.52704978
    1.27780771 1.52192676 1.1327734 0.742355764 1.16201007 1.28692722
    0.971592307 1.00757754 0.718787193 1.37372947 1.14774501 0.771562159
    1.55365396 1.34596825 1.48559082 0.999539018 1.47641587 0.729330003
    1.47416091 1.02246809 0.608954012 0.75434649 0.973023415 0.979203045
    0.819676816 1.22250235 0.776886344 0.809375584 0.589931548
    1.24026895 1.20158672 1.00657976 0.891372204 1.04636157 1.13517487
    0.641416013 0.82080853 1.21030951 0.689332902 1.3677634 0.583174288
    0.544862092 1.02333295 0.644220471 1.55469632 0.714688182
    0.991949081 1.0109359 0.980539501 1.24758649 0.702648878 0.772620678
    1.22551048 0.563303828 0.539647698 1.41206801 1.38107502 1.17147446
    1.16432917 0.748638809 0.541957974 1.47074127 1.46929646 1.3449806
    1.06156456 1.25431442 1.32916033 1.43774772 0.629618406 0.917745471
    0.594020605 1.45851922 1.2927264 0.765557349 0.746477485 0.929906845
    1.49657845 1.29878092 1.48549747 1.08817005 1.56108606 0.646312833
    1.45373011 1.41133082 1.45043516 1.55711365 0.690017521 0.841448963
    1.50968158 0.711132765 0.659917533 1.21922481 0.634457648 1.13049066
    0.917023778 1.19732225 0.866676867 1.37943757 1.04946423 1.04605162
    0.853582203 0.845979571 0.7281726 0.94974488 0.901070893 0.621802568
    0.89688462 1.36036146 0.779635131 0.941170096 0.965483308 1.47764409
    0.867013812 0.609322846 0.56068182 1.1553067 1.50636792 0.760206699
    0.968201518 0.636238635 1.05868077 0.655844271 0.710009694
    1.32731628 0.984718263 0.822100163 0.83720988 0.984256148 1.50302267
    0.790728509 0.857276499 1.10884571 0.922517717 1.29434192 1.45534348
    0.730628133 1.17664981 1.19114316 1.40993679 1.13642442 0.890177429
    1.16787839 0.91261065 1.45753121 0.587469697 0.546399236 0.709688246
    0.911000907 0.428487897 0.551677287 0.757396638 0.78587985
    1.13243413 0.896216631 1.17594194 1.2836833 1.29526544 0.820532262
    0.672540128 1.44541299 1.20956683 1.07769215 0.658070326 1.56716084
    0.6009866 0.655212045 1.1954149 1.35527813 0.646522701 1.00629795
    1.47079229 1.37411737 0.711400568 0.678506553 0.656651556 1.10198164
    0.873066962 0.903620481 0.979744256 1.5616051 0.883551776 1.17571151
    0.909588575 1.43644214 1.45037746 0.950110614 1.34024978 0.888728142
    0.950771332 0.783180475 1.22657025 0.740351677 1.22364795 0.75563556
    1.26214731 1.1840049 1.24445415 0.75350678 1.47510636 1.46642101
    0.798796356 0.997109592 1.67010498 1.06621623 1.60872602 1.36341035
    1.44839227 0.986704111 0.700766146 0.713275492 1.59431267
    0.775988162 0.694008827 0.820939898 1.31359828 0.850033939
    1.53488147 1.39489496 1.01598191 1.07279778 1.469221 1.44493377
    1.32475853 0.81361866 1.56359434 1.30731058 0.747038662 1.46964657
    0.783600748 0.731402755 1.01809251 1.46038377 0.768527031 1.26251793
    0.955852389 0.817653894 0.970046759 1.52552521 1.6224196 1.13848937
    1.4665817 1.03758729 1.03561509 1.39386535 0.93239373 1.53024411
    1.50839877 0.698197484 1.01330042 0.732409894 1.05583084 1.24848711
    0.718472898 0.869081318 1.67647016 0.760587811 1.60344875 1.38036335
    0.89514339 0.912779331 1.15866649 0.906843245 1.07843339 0.974398196
    1.04454947 0.762719095 0.908006608 0.861363947 1.22933233 1.28949964
    1.3099345 1.60277808 1.40118659 1.14340508 1.43580329 1.21096718
    1.01095414 1.11532104 1.53941178 1.26691008 0.793587267 0.655914903
    1.3458221 1.06668973 0.776809871 0.758882523 1.5795691 1.02845144
    0.863639653 1.14392626 1.05320048 0.61646688 0.678382039 0.676484287
    0.943442225 1.11125207 0.934442937 0.679938793 1.53580666 1.39930189
    1.17662597 1.54903662 0.800979972 1.55818176 0.832075059 0.93941009
    0.810702562 1.36325884 1.15326083 0.580353737 0.613058925
    0.597319126 0.949056864 1.55337381 0.703239501 0.589722455
    0.837477088 1.06694138 0.678274691 0.585450828 0.749455333
    0.831793666 1.14314592 1.16735077 0.945295513 0.900445819 1.06410158
    0.582164049 1.28470778 0.959914148 0.68723768 0.720083833
    0.770077527 0.812642872 1.32400274 1.43505085 0.758541107 1.57919896
    1.26406002 1.21238768 1.00948668 0.972364724 1.12227631 1.0314194
    1.61385047 1.20919359 1.41930723 0.779699624 1.23938274 1.02280354
    1.19785106 0.774490058 1.01196253 1.26005769 1.12793028 0.63034153
    0.682325423 0.692603171 0.973895729 0.737915933 1.38935924 1.1656034
    1.45837164 1.18682623 0.819412649 0.856265783 1.51396167 0.589354753
    0.71972692 1.0647707 1.433815 1.4995842 1.18207228 1.60504723
    1.43900239 1.63763034 1.50390983 1.06580544 1.34245503 1.54800546
    0.662530124 0.932320118 1.3057344 1.21984613 0.71996367 0.985423982
    1.40697193 1.05680013 1.20700908 1.12812698 1.52804887 1.66892338
    1.20836139 1.4298389 1.66731417 1.27630901 1.60891128 1.09890759
    0.7269876 1.17988479 1.01868331 1.43060136 0.584069312 1.00860107
    0.572766364 0.528912187 1.19451427 0.778880179 1.24781156
    0.615311384 0.717234194 0.94301033 0.997675598 1.44923317 1.23760509
    1.11927652 0.871915221 1.62113869 1.06649137 1.20132172 1.25155628
    0.726468682 0.793576777 0.975695074 1.11746168 0.698447824
    1.48107564 0.846196175 1.5830009 1.45441604 0.792885721 0.697860181
    0.838631153 1.54208171 0.85128051 0.904912889 1.13777447 1.34732926
    0.809133112 1.42948794 0.724638581 0.807074428 0.807032645
    1.67681229 1.02735972 0.687560856 1.5005548 0.939872682 1.30831885
    1.54370356 1.10065448 1.40003884 1.18330038 0.997508287 1.32888484
    0.872602224 1.59954011 0.950263739 0.954790592 0.990986288
    1.17383885 1.49324298 1.05870855 0.996768892 1.35559571 0.796035409
    1.52794421 1.42732537 1.62540364 1.45799232 0.782676578 0.921788871
    0.869969606 0.654794693 1.26236534 0.7345137 0.742497683 1.3084569
    1.16442275 1.50961399 1.54835176 0.802535236 1.1916461 1.44515967
    1.19781733 1.2585578 1.53783143 0.790505588 1.23568439 0.966199636
    1.0454005 0.806146204 0.88111788 0.712341189 1.22601521 1.02238274
    1.30511093 1.53547299 1.43996394 0.782640457 1.22387421 0.875429213
    0.959835589 1.67995095 1.11036026 1.28698587 0.920742154 0.927781701
    1.17567658 1.57678199 1.29526544 1.73182762 1.59028828 0.980726123
    1.64774704 1.12294424 1.25784576 0.895048559 1.15259516 1.5141896
    1.02500153 0.754842639 1.13021195 0.802957058 0.807655334 1.29693532
    1.29893529 1.15796566 1.71793926 1.65422225 0.860938132 1.01347458
    1.52491033 1.3738234 1.33031511 1.30163813 1.61325026 1.10476398
    1.57450879 1.19427049 0.747089922 1.19870913 1.5339191 0.930087626
    1.63723171 1.64230406 1.51964831 1.66921687 1.34791982 1.08738983
    0.863351524 1.52523851 1.27105844 1.46852684 0.983782828 1.07732308
    1.38250709 0.87244463 1.20620108 1.39087367 1.36812007 1.22077048
    0.729447901 1.58693588 0.841911554 0.641133189 1.35528326
    0.742813528 1.43214428 0.727027416 1.07270646 0.899780869 1.61274803
    0.946301877 0.774164259 1.31049323 1.23612082 1.21740878 1.62152374
    1.09810805 1.27562332 1.09712934 1.10252655 1.21587753 0.95938313
    1.06047881 0.951094389 0.71692735 1.59994745 1.17536426 1.63130605
    1.03637707 1.37495673 0.929974496 0.847537875 1.65763438 1.47886169
    1.43056655 1.29818892 1.61410022 1.0031122 1.2215209 0.760227919
    0.994893968 1.09242702 0.945869207 1.21005332 1.64745736 1.199875
    1.36990166 1.45550907 0.887221456 0.934628487 0.858217359 1.64803839
    1.01484025 0.848362625 0.777176201 1.46466362 0.930146396 1.09638596
    1.00967729 1.41624951 0.793878198 0.737695277 1.32216215 1.61694169
    1.09459448 0.707225919 1.0837388 1.23162401 1.14446378 1.55651474
    0.96863687 1.35887992 0.842984676 1.26041341 1.63228393 0.889039993
    1.56868422 0.939632237 1.30538654 0.755855978 1.11024177 0.836228371
    1.36164987 1.60817981 1.11966896 1.10909784 1.05048013 1.53142869
    1.29724884 0.960902989 0.764472365 0.787864208 1.00153852
    0.655765414 1.38310027 1.31720483 0.457559496 0.348342389 1.12696087
    0.813281715 0.733208835 1.19918323 1.42560601 1.53109598 1.49894738
    0.898442507 0.729410052 1.34465671 1.16715932 0.980404198 1.44488645
    1.65045369 1.34865344 1.60749376 1.02505505 0.927832186 1.69204974
    1.49205029 0.733396947 1.63628399 0.781950057 1.19757068 0.959410965
    0.895537376 1.68187082 1.18450367 1.53957081 1.05841327 1.01405525
    0.919041932 0.958485901 1.05633295 1.44157267 1.45023847 1.65099704
    1.63157487 1.37181091 1.56612778 1.67708468 0.915070891 0.823243856
    1.10788655 0.851113617 1.39948201 0.976277113 1.36492085 0.96294862
    1.35859561 1.67861986 1.57208622 1.49426544 1.32668662 1.55091095
    1.12554753 0.836203992 0.882831156 1.21463597 1.45301485 1.15103519
    1.37976658 0.723245978 1.42270434 0.781308293 1.18665993 0.799833059
    0.856170118 1.00884986 1.10674977 1.26826942 1.16864002 1.21808755
    1.48814392 1.2441144 1.71409357 1.63455486 1.25015509 0.755054176
    1.15245652 1.00808954 1.1864363 1.17671394 1.21319652 1.58303344
    1.34365225 1.32189012 1.41897333 1.03165543 1.68566108 1.42864895
    1.26754987 0.829059243 1.41881859 1.12171912 1.40511191 1.4887445
    1.25740683 1.42544305 1.53461134 1.01641452 1.07769871 0.890117288
    1.26493633 1.51743913 1.65749562 1.71432078 1.6754415 1.19050026
    0.966040969 1.50013995 1.64616692 1.09338605 1.74087906 1.66310477
    1.66003478 1.72860992 1.76060998 1.71145523 1.70724964 1.11262023
    0.9436602 1.29689765 1.61383641 1.44472706 1.52384949 0.961987853
    1.68862903 1.47753143 1.69989634 1.41039252 1.44000065 1.3300525
    1.37388885 0.874617755 1.47747684 1.20789695 1.13489604 0.92555511
    0.782760799 1.36426818 1.62375414 1.21702063 1.3133167 1.69508529
    1.32418013 1.18102312 0.826685071 0.957692504 1.63644028 1.49749112
    1.27834356 1.68363035 1.55343354 1.23183143 1.18269813 1.52921581
    0.774060369 1.61835039 1.30946338 0.694812655 1.20557463 1.38644505
    0.900707006 1.41387033 1.60883486 0.749431252 0.756807685 1.06281328
    1.39383113 1.65273654 1.07801604 0.788573146 1.19408882 0.894341111
    1.5946672 0.878274441 1.04353905 1.45658946 1.24722803 1.0306164
    1.05297029 1.09523225 0.821555853 1.10709667 1.6501826 1.56752372
    0.868035376 0.78948158 1.34132051 0.786946952 1.07031178 1.55781746
    1.38741338 1.35559213 1.05108774 1.58505642 0.938785911 1.18509328
    0.852148354 1.39177406 1.06474698 0.959318399 1.20284247 1.54721797
    1.37140918 0.934301078 1.07334697 1.22478044 1.68720579 1.44821954
    1.53076291 0.953121901 1.1857934 0.8419469 0.883899629 0.68739903
    0.696591079 1.19024706 0.73099333 0.820828557 1.29939616 1.45213795
    1.65731895 1.46535718 0.877891481 1.00050426 1.59055316 1.36700881
    1.05785501 1.28368258 1.50089741 1.46674919 1.21131766 1.04152107
    0.795844376 0.818610609 1.28302228 1.43874252 1.29121816 1.73496568
    1.05004489 1.43954349 1.81009865 1.54982424 1.61698532 0.872896314
    0.814931154 1.07636082 1.30311072 0.871646583 0.901788831 1.20013547
    0.905732751 1.26694858 0.365120351 0.880734503 1.47259176 1.09578276
    1.12559271 1.05218804 1.29350758 1.01784039 1.64637136 1.01550078
    1.34086752 1.34902823 1.04362583 1.01199722 0.839144826 1.1019994
    1.12532091 1.52647018 1.27316236 0.755943894 1.40375781 1.52830958
    1.48534429 1.21652019 1.05995059 1.04378068 1.21592462 0.726063132
    1.21207273 1.6921258 0.834812224 0.735443711 1.23160732 1.14847422
    0.83533901 0.964331269 0.770026624 1.05100775 1.26035428 1.30019045
    0.812443078 1.22650135 1.5960381 1.57005715 1.49579203 0.847670615
    1.04517519 1.57235384 1.68565285 0.824192345 1.15135694 0.814240336
    1.18718481 1.50905287 1.71751082 0.800331533 1.41207516 1.70285916
    1.09314907 0.940729499 1.6052717 0.774909377 1.61649394 1.132092
    1.49008489 0.808065772 1.20084417 0.738005817 0.742860675 1.09575665
    0.877261817 1.14727569 0.874291122 0.994048357 1.51849878 1.42003846
    1.02672207 1.23369551 1.29194319 1.09223998 1.57386422 1.39679384
    0.941417038 0.766549289 1.16437984 1.39675581 1.3718884 1.73632109
    0.854497731 1.5334456 1.10363972 1.60636187 1.26409769 1.34673333
    0.828417182 1.48551619 1.26245451 1.00905132 1.22716534 1.11668634
    0.834824204 1.67525816 0.790657163 0.903529167 1.47212362 1.61750889
    1.26616538 1.33980954 1.27489853 1.70461881 1.72402418 0.812013686
    1.73464704 1.61290765 1.78824282 1.47618389 1.0809809 1.10570633
    0.852392733 1.07493567 1.17486811 1.58438802 1.648399 1.07231736
    0.908792019 1.62711668 0.995459497 1.43059063 1.00925994 1.53442287
    1.70964432 0.922872603 1.30983174 1.02396274 1.41821587 1.36870182
    1.60446513 0.823889971 1.42861152 1.36387408 1.65245748 0.832368076
    1.51929164 0.988912642 0.956771791 1.24593294 1.27591896 1.38580525
    0.917636275 0.7634812 1.32246268 0.839118063 1.755458 1.54732525
    1.23421884 1.5077517 1.60732007 1.4237963 1.32880914 1.21574497
    0.735235989 0.89163053 0.876091242 1.48021877 0.829143703 1.56107795
    1.27910757 1.08885229 1.00274944 1.37218428 0.790511787 1.20888233
    0.896322668 0.883607388 1.45629489 0.895217478 1.1573714 1.17202699
    0.814645112 0.713663399 1.11034441 1.00688231 0.975272834
    0.821766257 1.45195842 0.959468246 1.29716539 0.770294666 1.38798833
    1.65786469 1.29441392 1.45990503 0.90590632 0.837891638 1.55270803
    1.59622252 0.756189287 0.848611891 1.49233925 0.833113313
    0.749068916 0.818195403 1.08467937 0.790533304 1.1302737 1.45798397
    1.3365345 1.65949917 1.00817943 1.56090641 1.12485576 1.34171283
    0.928355753 1.31851387 1.76302314 1.50944078 1.39925075 1.19898272
    1.3287003 1.1645112 0.961711049 0.769309759 1.26784146 1.13331091
    1.76567137 1.50270045 1.29515934 1.62853158 1.13598633 0.84825474
    1.51969481 1.31625521 0.814467013 1.53190327 1.59238887 1.38016331
    0.908363581 0.933686197 0.903737843 1.2194401 1.72950208 1.5930146
    1.66627133 1.04405284 1.47269213 1.62143314 1.19646227 1.63377261
    1.00089192 1.72802794 1.6521666 0.759847343 0.765177429 0.990769386
    1.2623235 1.01933491 1.1276505 1.12752628 0.900666058 0.667819619
    0.998946905 1.30730128 0.966508925 1.11623025 0.977461159 1.26252866
    1.31315422 1.64469361 0.808323979 0.749503791 0.775919616
    0.726234913 0.900444806 1.54682279 1.01181614 1.39932203 1.52658689
    1.57824755 1.25613296 0.87489152 1.13938248 1.25916958 1.73012614
    1.3378216 1.47444165 0.853026032 0.859366417 1.47678649 1.66034532
    1.52428329 1.11601532 1.67115331 0.92617923 1.77320409 1.64749932
    1.68575227 0.902018964 1.24991417 1.22985542 1.23047197 1.26845646
    1.15599561 0.997809827 1.29918718 1.29412282 1.02242064 1.55173278
    1.73540747 1.17530727 1.33513677 0.973228276 1.54541492 1.76701355
    1.75581443 1.47218823 1.48807859 0.96752584 1.35031641 1.07944036
    0.833707273 0.810055256 0.834144354 1.39646876 1.06614804
    0.767729044 1.49016011 1.46445215 1.29231954 1.51230192 0.970545471
    1.26939631 0.817797065 1.60694599 1.58770061 1.57163477 1.13930798
    1.62983203 1.66399395 0.765336931 1.16608262 1.63739133 1.27315271
    1.2419771 1.02900791 1.57844913 1.52814293 1.35580516 0.879623234
    0.939440608 1.08542335 0.959391356 0.881604373 1.51264119 1.01673913
    1.02068985 1.02493167 1.70257699 0.986659825 1.6039288 1.16374731
    1.46270227 1.07128394 1.15065646 0.907052279 1.02583516 1.27286649
    1.03241324 0.860693634 1.60479331 0.936918795 0.829136074 1.41243279
    1.08587754 1.35624909 0.912626266 1.47885358 1.58665621 1.68020797
    1.73104835 1.0318718 1.80272102 1.64785635 1.02126861 1.59183812
    0.880737066 1.05055726 1.1139493 1.76669645 1.49021208 1.14130127
    1.01699686 1.47139263 1.08813632 1.57798493 0.962217808 1.35711336
    1.36077416 1.05341804 0.988290191 1.7423687 1.19244242 1.071962
    1.10492253 1.11277413 1.27451193 1.02462852 1.20129561 1.08832896
    1.70301676 1.56879663 0.833490312 1.33329499 1.29581654 0.950910985
    1.73645735 1.53317082 1.40477467 0.860911608 1.02736843 1.61760926
    0.860554695 1.19109666 1.22155809 1.08021855 1.41741717 1.27643263
    1.08309162 1.60299408 0.867721856 1.34447968 0.925785065 1.46159303
    1.66243076 1.01940536 1.51048481 1.18458593 0.781056464 1.53101015
    1.03262401 0.80103153 1.52248812 1.07016194 0.781005502 1.45794916
    1.35499084 1.58019352 1.51534784 0.832528889 1.69038904 1.45223939
    1.55343235 1.54411972 1.37252748 1.63630331 0.870203316 0.951772988
    1.41821206 1.51608133 1.31248164 0.826826155 0.908869267 1.03819454
    0.857303321 1.00685334 1.62028718 1.31959379 1.15046895 0.856402278
    1.52755177 1.7912935 1.14712977 1.44512057 1.05231833 1.20459521
    1.32197487 0.839361489 0.98149991 1.2230227 1.10321343 1.28269196
    1.76879084 0.874645412 1.66730285 1.4512279 1.66033947 1.32718658
    1.6982975 1.75015938 1.48137057 0.762798488 1.53849792 1.37836742
    0.769532979 1.00293934 0.843954861 1.55872965 1.02886307 1.0159421
    1.41400802 1.68625093 1.19222593 1.46215963 0.96591413 1.44685352
    1.41230333 1.06986547 1.60476315 1.70118594 0.82178247 0.818482995
    1.31687117 0.94973886 0.541928768 1.08516276 1.3176136 0.971027315
    0.837353051 1.12416697 1.51404536 0.874618292 0.989159465 1.17882121
    1.53559136 1.30774724 1.40798604 1.08823776 1.26129127 1.12572277
    0.752161264 0.857131898 1.38259995 1.06328702 1.18055916 1.38078725
    1.13334084 0.974175692 1.06844997 1.39175427 1.43340981 1.14083004
    1.33320379 1.46640241 1.14382279 1.21180618 1.16759038 1.03404796
    0.975779057 1.51929772 1.064358 1.39594293 1.27845526 1.7833482
    1.67731106 1.14028156 1.30359375 1.47897673 1.80787122 1.23935521
    1.57708216 0.869449258 1.42394495 1.26934969 1.25401437 0.84675318
    1.6233325 1.43731034 1.28050375 1.0386883 1.31970024 1.37959838
    1.19536161 1.70176363 0.84371829 1.38868129 1.6650151 1.04154027
    1.38835156 0.856053293 1.37039173 1.34603977 0.875636041 1.69663382
    1.42493093 0.954188704 1.66535699 1.36001003 1.01762295 1.60785997
    1.5948875 0.937636018 1.09066832 1.67462337 1.71603775 0.934588969
    1.24129462 1.07555676 0.912608147 0.828500271 1.44471896 0.804662466
    1.52165866 1.70386004 1.75042915 1.22852671 1.74623179 1.69957447
    1.0906136 1.67721653 1.73951411 1.03963482 1.57618475 1.09419537
    1.41316223 0.914232552 1.55684149 1.07761455 0.942543387 0.835423589
    0.880801916 1.06389129 0.992331147 0.814280331 1.01287067
    0.991997242 1.69315481 1.77615929 1.79238534 1.65754819 0.877583623
    1.30327523 1.75879669 1.75583029 1.01511014 1.44310522 1.77290642
    1.34170663 1.77034271 1.19008458 1.56144464 1.37622142 0.971863329
    0.865680397 1.40487444 0.925884962 1.45403981 1.22307169 1.70110393
    1.49205577 1.3257153 1.09229755 0.99158597 1.18411291 1.45339024
    1.36073387 1.78725302 1.57131279 1.56796777 0.887666821 1.13570833
    1.6987263 0.789611697 1.6313616 0.958572447 1.52410245 1.71189761
    1.23836577 1.73999274 0.945155382 0.849033475 1.58489847 1.68235195
    1.33170831 1.02026892 1.0248723 1.32060564 1.1213547 1.68025255
    1.74080193 1.20084727 1.66246796 1.57655513 1.36209679 1.61840904
    0.755276263 1.4236716 0.935143709 0.952885926 1.18065619 0.742500842
    0.909169555 0.897764921 0.783548713 0.764997661 1.47753835
    1.62283134 1.18626332 1.36517704 1.74801016 1.2883209 1.03191328
    1.08873355 0.924488306 1.81501722 1.57104743 1.61018288 0.853688478
    1.41218019 1.50271094 0.922189057 0.851410925 0.995857894
    0.844214737 1.68670869 0.867079556 1.61259866 1.32643461 0.918310761
    1.16555691 1.69767261 1.3011775 1.78627479 0.952114582 1.50292301
    1.12523079 1.41812611 1.37325764 1.82666814 1.1125139 1.1350143
    1.587327 1.20180333 1.68521643 1.06576228 1.14905608 0.843970954
    0.932398617 1.23179317 1.21286261 1.68227279 1.39299369 0.833756745
    0.933090508 1.47908211 0.968874156 1.14089227 1.45680559 1.61842406
    0.900150418 0.956714272 1.09072626 0.987351894 0.95254755 1.73113799
    1.56070232 1.79972923 1.59025526 1.27879632 1.60915911 1.51533985
    1.43684471 1.64063096 1.41418004 0.866204262 1.15493286 1.57185972
    1.57388067 0.825315297 1.26482046 0.468268365 1.15957272 0.83872968
    0.770042658 1.43571615 1.08887064 1.26068962 0.869115114 1.25706518
    0.910762966 1.3263787 1.15483403 0.85753125 1.61394644 0.986687481
    1.36314261 1.20647752 0.893175423 0.96457696 1.14290142 1.1430794
    1.11105502 1.37464786 1.60744774 1.43470371 1.10436845 1.44914365
    1.76878357 1.25630987 0.776884019 1.35427058 1.7584765 0.80587858
    1.32897663 1.23882043 1.09934604 1.15504408 1.63974488 1.04695129
    1.42386031 1.57881677 1.79286063 1.5809828 1.65021539 1.03394985
    0.877413332 0.955441654 1.79704726 1.64726293 1.60881507 1.61054218
    1.35548544 1.47795022 0.928048491 1.59241831 1.37247217 0.878884375
    0.893470943 1.35907507 1.67077541 1.74058151 1.07909846 0.962719977
    1.07768977 1.5707227 1.16106534 1.74331236 0.870176077 0.927772343
    1.25892317 1.69259226 1.73692787 0.858534873 1.72757506 1.24204135
    1.75324631 1.2464447 1.53585899 1.05027342 1.07760894 1.22437584
    1.67346525 1.6044575 1.46197617 1.14923108 0.921617985 1.50172579
    1.09016871 1.1222316 1.43896866 1.28646111 1.53941941 1.60853124
    1.59935987 0.849482775 1.40342879 0.989221096 1.07981563 1.39984596
    0.901359558 1.45470953 1.63409853 1.16176188 1.62623179 1.043836
    1.69340181 0.937611282 1.51712763 1.18129277 1.49815905 0.895924509
    0.985423863 1.58338356 1.18073833 1.46291089 1.51704597 1.41833591
    1.67122948 1.01485956 1.74387944 1.59292233 1.52537739 1.55395293
    1.03671992 1.02020574 1.28504217 1.15775847 1.10178947 1.26662946
    1.4175632 1.44361711 1.23399055 0.787073731 1.10950971 1.25326777
    0.842166007 1.31806839 0.945537865 0.986600041 1.56394243
    0.990969479 1.00004137 0.937793016 1.58993888 1.77616298 0.816009939
    1.33227158 1.06619692 0.963388145 1.24280274 1.2043364 1.46033609
    1.26621354 1.36343765 1.14988661 1.53778136 1.60038579 1.42131162
    1.5939095 1.07562363 0.877821326 0.751039565 0.825424016 1.01253951
    1.32426465 0.86418885 0.946819127 1.37583196 1.50660181 1.49391747
    0.959633231 1.03996444 1.17033577 0.757481992 1.26978922 1.26919532
    1.53290522 0.753551662 1.24260807 0.852629662 1.45969093 1.31352293
    1.70032477 1.31066203 0.800766647 0.852368116 1.31048751 1.19074178
    1.56920981 1.80693829 0.934011757 1.60295987 0.995745003 1.60694849
    1.66236269 0.915974557 1.5597235 1.34215403 1.42917168 1.69328809
    1.04742253 1.31068945 0.872876287 1.56813359 1.1286217 1.23523748
    1.58085382 0.871585727 1.59789252 1.70467377 1.45966542 1.51637578
    1.60346293 1.6061573 1.10595775 1.28343999 1.78577769 1.55933428
    1.268139 0.851387143 1.65229166 1.49972463 0.999019802 1.03197694
    1.62923932 1.41163206 1.37521529 0.82120055 1.45535505 1.13352764
    0.783741355 0.891301095 0.895082891 1.67074788 1.18356824 1.33139575
    0.953413486 0.768905103 1.22964978 1.15698957 0.86480844 1.78074253
    1.30590749 0.916433036 1.5275681 1.54509151 1.53167558 1.60470676
    0.878116012 1.3238194 1.19813609 0.900952101 1.10353601 1.01669776
    0.712160647 1.39514375 0.744398534 0.89155823 1.31933153 1.34757423
    1.5205189 1.33447754 1.48080373 0.826609373 1.3943913 0.964347839
    1.37698627 0.898052633 1.1837132 1.58370209 1.10625792 0.935561419
    1.23531699 1.22296536 1.14149439 0.932275772 0.772224545 1.30335319
    0.828001201 1.48928797 1.6406672 1.28010035 1.39339519 1.59962964
    1.15173388 1.36565685 1.03272212 1.22985494 1.40089023 1.04508197
    1.55144823 1.51621675 1.22401142 1.59992826 1.23362005 1.27422917
    1.83382642 1.87643135 1.36330545 1.63811684 1.37270546 1.47439945
    1.37120736 1.80681252 1.15882421 1.04205453 1.59610307 1.16126812
    1.14963639 1.64886546 1.33289957 1.02601659 1.40870321 1.20663536
    1.28962612 0.833020508 1.32050145 1.61077464 1.16148245 1.21241283
    1.77578712 1.47157264 0.931107342 1.45929694 1.69402421 1.71823204
    1.02699256 0.96525836 1.73388529 1.02962506 1.03632998 1.58970034
    1.21043587 0.843360126 1.21206927 1.64226151 1.43808675 1.4073745
    0.865609288 0.816725492 0.920620322 1.50244093 1.34282553 1.76028597
    0.856411755 1.54900062 1.33273053 0.939208329 1.22943401 0.969486117
    1.71138942 1.21941102 1.02198148 0.807443559 1.45096016 1.49244273
    1.43740034 1.53463173 1.02126133 0.879890203 0.842116594 1.49998534
    0.742372692 1.12810826 1.57934511 0.754016161 1.49701512 0.998017609
    1.61957943 1.43813694 1.69442642 1.54279184 1.79441512 1.44439042
    1.03898895 0.850600839 1.41422737 1.4719696 0.993929029 0.950613439
    1.2905736 1.35175383 1.45139301 0.877362013 1.07815158 0.763113976
    0.822398186 1.20544755 0.767474234 1.57618105 1.68971097 1.21655977
    1.03116894 1.14327145 1.18820512 1.80757368 1.18317342 1.81479251
    1.84914267 1.73581398 1.4137131 1.41245627 1.51314807 1.36306775
    1.04439747 0.776689351 0.779210031 1.11619008 1.6365577 1.56885803
    1.00593078 1.0804162 1.15723896 0.986764133 1.3089478 1.6091944
    0.779064536 1.47077107 1.69592631 0.832042873 1.36399865 1.14396465
    1.10373545 1.66277874 0.778285146 1.07582438 0.840536118 0.819785297
    1.43339753 1.72578776 0.923858941 1.20436966 0.84291029 1.38146567
    1.52145612 1.00618529 0.895929635 1.25763357 1.74209499 0.814542174
    1.78369081 1.20990443 1.11257374 1.19340551 1.6505065 1.6246146
    1.77522898 1.6208905 1.02366209 1.53191304 0.885545015 1.04239655
    0.944395125 1.49980831 1.30028784 1.61252332 0.770657897 1.42649829
    0.877763748 0.945234239 1.08973002 1.4632591 1.43483901 1.32753026
    1.26888609 1.74284005 1.81428325 1.88371909 1.80268812 1.3740592
    1.12010801 1.72389579 1.50935531 1.75914025 1.500754 0.954660654
    1.08250475 1.51802063 1.53663087 1.69346023 1.23972118 1.36054933
    1.58968139 1.6663357 1.55330467 0.811500788 1.05889463 1.67280185
    1.31923413 1.04059088 0.813632727 1.62770045 0.942286313 1.33337772
    0.73368448 0.813522995 1.49101126 1.78703904 1.61698723 1.80785859
    1.00735557 1.19316006 1.56838477 1.42020535 1.58001208 1.47381842
    0.840458155 1.66782975 1.46301723 0.661045909 0.574975133 1.42619514
    0.659501016 0.671301246 1.51214397 0.749872506 0.916144431
    1.09081614 1.13196337 1.56471276 0.824545026 1.39018285 1.54547083
    0.929542542 1.62113023 0.803008199 0.887225807 1.35383403
    0.761783779 0.851057768 1.18483424 1.50806344 1.33835328 1.76448548
    0.934613407 1.06466496 0.891198158 1.08708405 1.30216193 1.38822997
    0.966066182 0.97766453 1.59835231 1.07748604 1.74839079 1.58452725
    1.57160532 1.50538456 1.00580442 1.71224844 1.52156377 1.08527076
    1.79552853 1.83405972 1.34439862 1.27132666 1.68254566 1.83233428
    1.42850304 1.62989604 1.75074136 1.61372316 1.70256853 0.993240297
    1.26746392 1.16717923 1.05438828 1.14444351 1.02823806 1.35777092
    1.18632376 1.49983406 1.57107651 1.49425757 1.71075141 1.79746211
    1.6936202 1.11248851 1.38449812 1.31221664 1.08237052 0.875247598
    0.957028925 1.61441517 0.941171229 1.81444108 1.09099209 1.27261949
    1.69550419 1.70678866 1.42009819 0.934230566 1.17143071 1.13684976
    1.39642632 1.44610786 1.42059517 1.43642473 0.774758101 1.00394022
    1.24434054 1.53160441 1.66897595 1.29721355 0.996959209 1.58961868
    1.03388786 1.75320637 1.40070295 0.895721734 1.13114274 1.49281502
    0.834560096 1.426193 1.39253318 0.903446376 0.722402573 1.09971952
    1.16441119 0.938762069 0.793882847 1.27701735 1.00415421 0.9671489
    1.36706781 1.33755541 1.32846165 0.887213886 0.97145915 0.912623227
    1.63016796 1.58916402 1.23288 1.027812 1.38599753 1.17472219
    1.36782765 1.3260988 0.85642314 0.764250517 1.21147084 0.937943876
    1.48554814 1.60134208 1.10671186 1.077353 1.46965706 1.51845014
    1.09642708 1.15917289 1.42601001 1.65200567 1.09350395 1.61721051
    1.658373 1.15346098 1.06737852 0.927887678 1.38490224 1.28393245
    0.91161567 1.32178473 1.72616613 1.332829 1.62373579 1.53811145
    1.44684696 1.66390038 1.11653137 1.76605749 1.22363031 1.33522272
    1.61983371 0.924208164 1.48980892 1.54831254 1.24603271 1.09235418
    1.05749524 1.49397099 1.1387769 1.27530324 1.51110685 1.39193511
    1.59675264 1.39349484 0.975043237 1.29305995 1.52734101 0.934221745
    1.23509407 1.48275912 1.0043757 1.37094319 0.994083881 1.76061153
    1.72574306 1.55070364 1.12306106 1.7417593 1.049335 1.44063115
    1.38208044 1.7382549 1.05472744 1.14954782 1.4327538 1.06995273
    1.22221673 1.45980966 1.06194615 0.894242942 0.776818275 1.52253151
    1.31327641 1.6336422 0.803686559 1.36096275 1.06541932 0.936243176
    1.27826965 1.64033508 1.7547338 1.24992156 1.83650815 1.82811117
    1.63599861 1.45087516 1.62532365 1.17208874 1.2896862 1.2964493
    1.34919953 1.84246194 1.64244437 1.56406534 1.75024068 1.1072861
    1.3163029 1.50137353 1.21455169 1.7263695 0.93599844 0.909756243
    0.927877069 1.37648892 0.963036835 1.41746628 0.853305459 1.17609823
    0.72797209 1.6417613 0.839376271 0.925289512 1.21603167 1.51190948
    1.04816258 1.36614311 1.57902384 1.67225516 0.92242229 0.912230134
    1.70746052 1.55879653 1.55979562 1.4239347 1.00859559 0.943790615
    0.795016646 1.42834926 1.3290298 1.40426123 1.69184053 1.3788172
    1.4584583 0.985013485 1.26798654 1.68583679 1.75039232 1.58563375
    1.19204843 1.14258397 1.14771736 1.1386795 1.29374039 1.34093559
    1.65216374 1.05618513 1.66451347 1.31790733 1.75714111 0.81236285
    1.20801401 1.04652154 1.20469689 1.76631975 1.694471 1.1053741
    1.04752731 0.896946907 0.83720094 1.56861162 1.2816509 0.974598169
    1.63429749 1.79257011 1.72572899 1.14150369 1.78881645 0.915080428
    1.13080859 0.94577992 1.07582331 1.42408693 1.53911996 1.31820667
    1.34568012 1.14618623 1.06192243 1.79342949 1.31089771 1.3049078
    0.851903319 1.68361509 0.913900614 1.0810678 0.893243611 1.72807956
    0.976567388 1.57202816 1.78377247 1.7023375 1.73472631 1.34840238
    1.54898369 1.24173677 1.40254736 1.59494829 1.28698862 0.830857754
    0.931527495 1.60405445 1.75247812 1.80147278 1.80434728 0.820251107
    1.19127214 1.41024983 1.15401423 1.29865646 0.797758222 1.39415121
    1.13870251 0.831501245 0.933182597 1.17461824 0.994464397
    0.838061154 1.42430508 1.51549065 1.35966265 1.72257769 1.13130522
    1.37141919 1.24951673 1.56459665 1.1769526 0.902829409 1.75441778
    0.772640944 1.0311588 1.68779802 0.888980567 1.56686091 0.912066519
    1.19003594 1.26423419 0.922076285 1.30694687 1.13618588 0.901492655
    1.47950459 0.927870989 1.19742286 1.7220372 0.996069312 1.73666871
    0.896049142 1.58091211 1.39563537 0.996673167 1.3264668 1.08931208
    1.52889013 1.45568371 0.836013019 0.855384886 1.4898963 1.202227
    1.02411473 1.13631976 1.2972579 0.857503414 1.23328042 0.888595641
    1.58402956 1.37412381 0.993391097 1.34066164 1.78363395 1.82583284
    1.05151629 1.11172211 1.36480606 1.47506988 1.49578476 0.824282765
    1.08251488 1.60705554 1.00498474 1.54522038 1.71593606 1.41335845
    1.54000747 0.876801133 1.68125165 1.20043504 0.96438235 1.05336559
    1.42497015 1.27650392 0.831584752 1.50173438 0.980177462 1.61740112
    1.06232011 1.25952506 1.11479712 0.883960903 1.49747097 1.61593759
    1.19028378 1.2271775 1.26466811 0.892283857 1.303267 1.76041579
    1.11146307 1.2829839 1.29414988 1.02277207 1.76636875 1.59964466
    0.951521397 1.43886948 0.943486691 1.3000567 1.48528552 1.73610425
    1.1750977 1.81069827 1.3547039 1.76841545 1.35182714 1.28901041
    1.50747693 1.22189593 1.04860425 0.879094958 0.73974973 1.03117156
    0.886864245 1.42858601 0.898409665 0.934445441 1.10469651
    0.981977224 1.63733351 1.62023342 1.49380267 1.81997001 1.02252102
    1.00951254 1.48438776 1.83451176 1.10597193 1.67132807 1.67589617
    0.938255429 1.30771816 1.34325683 0.994948447 1.49073827 1.09821844
    1.34183562 1.21613884 1.10473502 1.4772203 0.799712777 1.14209116
    1.17527783 0.930130184 1.23116732 1.21857786 0.83179301 0.866875231
    1.65766513 1.56628251 1.06465077 1.43524384 1.54140496 1.76999629
    1.70248902 1.49963689 1.6414789 0.825154305 1.22128987 1.78102911
    0.955675602 0.771954536 1.63021541 0.936146438 0.780751586
    0.560211599 1.06910884 1.24881196 0.638920963 1.10609615 1.49263191
    1.67425025 1.21608663 1.23244536 0.848247409 1.15905011 0.808105648
    1.02522695 1.66754186 1.7086246 1.08348572 1.65296328 1.32974827
    1.51656842 1.20097947 1.26876771 1.09014738 1.20137978 1.37598991
    1.31023407 1.04704118 1.04231966 1.22417402 1.78227234 1.56724632
    1.4955281 0.831218064 1.37025309 1.50667977 1.51719475 1.53067017
    1.31472802 1.45596063 1.60678482 1.86973512 1.50803971 1.67979681
    1.59434438 1.05866385 1.58139443 1.27585459 1.24809945 1.75765467
    1.68156421 1.23435366 1.33066535 1.73161161 1.56810212 0.893432081
    1.45446277 0.777490556 1.55712867 1.66023481 0.951446414 1.59633327
    1.050735 1.32477355 0.828406394 1.28675973 1.7391398 0.861724734
    1.4279176 1.57170939 0.903840899 1.24281597 1.49091458 1.15502787
    1.61146569 1.34987426 1.56114149 1.76234126 1.29969168 1.06212008
    1.36302185 1.1293304 0.95233047 1.26713872 0.798026562 1.33470523
    1.00377154 1.22999239 0.786505938 0.91907084 0.819781005 1.39330542
    1.34535074 1.63962555 1.14104354 1.10634136 0.900780559 1.76570308
    0.863651216 0.804722786 1.38365078 1.29767215 1.42597747 1.37728941
    1.26756656 0.916847825 0.796219587 1.49648523 0.761927187 1.12838614
    1.57290947 0.738088667 0.820209265 1.67162383 1.26010907 0.78112632
    1.16448736 0.897763491 1.12859976 0.770532608 1.58652306 1.08671987
    1.36308193 1.56720221 1.2906909 1.51224017 1.65411747 1.76850748
    1.64254451 1.42572737 1.27772903 1.09965587 0.866749585 1.33699501
    1.54589689 1.61935556 0.847065747 1.0662241 1.2442652 1.34405673
    1.2975359 1.13258386 1.71659982 1.14877558 1.74753833 1.15419328
    1.83731353 1.02379882 1.32540631 1.6434114 1.27489936 1.52643347
    1.47277558 0.87292552 1.12999332 0.792778134 1.17846489 1.57227373
    1.76886046 0.817063093 1.33815587 1.53561711 1.6530937 1.49337327
    0.847640812 0.828039587 1.75961268 1.15611029 1.23077667 1.5369885
    1.2618953 1.60720313 1.05067098 1.02298987 0.889517665 1.34202504
    0.929050624 1.67603755 1.49489915 0.985242784 1.48386812 1.30386949
    1.77963448 1.06197047 1.46797132 1.35845768 1.27012193 0.919631839
    1.82250977 1.52528644 0.99812299 1.37951207 1.54133022 1.54318511
    1.81957495 1.3662051 1.57486713 1.07054579 1.18146241 0.910278559
    0.850224555 0.958490551 1.04121399 1.36442935 0.771362603 1.30377662
    0.759551704 1.35021126 1.15070581 1.44918001 0.896671593 1.05122924
    1.86347616 1.36933649 1.67009401 1.84558952 1.39053357 0.951381505
    1.02324545 1.86125362 1.49706948 1.06826103 1.56758332 1.78048229
    1.70910668 1.82711136 1.29006362 1.42428064 1.73761404 1.24101818
    1.00630581 1.48635662 1.12710011 1.38338315 0.901878953 1.13406169
    1.22823751 1.01134968 1.63246298 1.04692519 0.750268161 0.853334844
    1.30086851 0.897060215 1.55702293 1.331249 1.56548059 1.51754415
    1.00682604 0.905783713 1.2910012 1.17710018 1.37810409 1.19077396
    0.784853041 1.00519753 1.36164999 1.30387139 0.781320214 0.747223675
    1.23763096 0.64251703 1.45975721 1.52073741 1.24564385 0.937438428
    1.26727235 1.2963413 1.76354194 0.802580595 1.51243281 1.1945827
    0.925606012 1.33669269 1.57807195 1.00887525 1.0064801 1.03003156
    1.22496367 1.71768975 1.60157263 0.899732888 0.881510258 1.68866897
    1.01342142 0.928681612 1.40935433 1.4054147 1.46091819 1.7283839
    1.62301445 1.78542817 0.956238925 0.970138729 1.01572263 0.901960135
    1.50100601 1.09384918 1.48885059 1.43563139 1.32123792 1.15109694
    0.934090197 1.42019999 1.19436872 1.58076644 1.7285682 1.4721446
    0.882350206 1.23067844 0.914133549 0.987776816 0.778192401
    1.32947052 0.79818809 1.71702766 1.42779291 0.827898979 1.44071794
    1.31281114 0.869490445 1.22619915 1.58683825 1.66151237 1.37799537
    0.816659033 1.54434335 1.01837111 1.77462471 1.53001499 1.1424762
    0.857431769 1.23617041 1.09013915 1.2905252 1.30082858 1.52130747
    1.59488988 1.15333354 0.843732417 1.13205123 1.15717328 1.61797082
    1.08166754 1.38288343 0.875173807 0.835564256 1.63597035 1.18242109
    1.04880273 0.800231457 1.32005012 1.1737808 1.01679802 1.29007721
    1.50308001 1.38942778 1.11889899 1.55109739 1.29132807 1.68067217
    1.27895641 0.924992204 1.29855895 1.66998601 0.823200703 1.48669088
    1.20766008 0.753405571 0.718483269 1.63120687 1.6415025 0.805129349
    1.58571148 0.830655098 0.884745657 1.33883035 0.899540365 1.68906522
    0.837701619 1.6582191 1.28132427 1.16894674 1.58133292 1.76748657
    1.64086354 1.25173521 0.855517685 0.779739082 1.58822727 1.04261982
    1.25770855 1.48065364 1.27310061 1.34834838 1.36452937 1.46815276
    0.939118087 1.36990786 1.04527426 1.77862585 1.70600772 1.59961402
    1.49932337 1.38497841 1.6023438 1.11333358 0.958441138 0.853976488
    1.34391952 1.26405966 0.79931581 1.68981981 1.55698323 1.68786263
    0.85285151 1.76646936 1.02411652 1.25066721 1.01660025 0.86386615
    1.35852313 1.28661573 1.72584379 1.49874818 1.28152907 1.52026284
    1.25794327 0.840425074 1.61042881 1.1832813 0.882059634 1.5653044
    1.22369289 1.71035445 1.30915415 1.54951298 1.67091119 1.35793757
    1.02908349 0.819792211 1.02689588 1.02696991 1.43651247 1.83897138
    1.33856416 0.99636519 1.65163469 1.27146292 1.45386302 1.60354054
    1.71895397 1.30385911 0.792182624 1.61457598 0.737008989 0.767475069
    1.4187417 1.22407591 1.29912865 1.5758065 1.1580838 1.01236141
    1.66961432 1.50973773 1.43307865 1.38467181 0.995953143 1.69290268
    1.74644494 1.63930523 1.72896755 1.80395484 1.88384938 1.18069851
    1.17899501 1.48944974 1.04407322 1.8060534 1.20336771 1.82191908
    1.73907614 0.965309978 1.26041961 0.922994494 1.41366255 1.38399446
    1.19846845 1.34751129 1.39218414 1.11113596 1.5356065 0.953882754
    1.67707121 1.53706431 1.15761733 1.54302728 1.67492318 1.15226555
    1.2515713 0.811320901 1.16631222 1.02666116 1.10573757 1.69288647
    1.70189953 0.912660778 1.17885566 0.833785951 1.17057085 1.62396836
    1.49241233 1.12111342 1.09813201 0.541079819 1.11674666 0.948728979
    0.647980809 0.767540276 1.59330177 1.74752295 1.05659175 1.64865363
    1.1694603 1.13914227 0.916491151 1.59362829 1.58790123 1.08619976
    0.941681147 1.62263381 0.936639249 1.56187272 0.883821547 1.65787637
    1.2805233 1.30632293 1.45474505 1.17519808 1.23226273 1.2356391
    1.39208639 1.09062433 1.26828682 0.860826552 0.88571316 1.26773155
    1.01398182 1.76275384 1.53906798 1.54182899 1.627527 1.42038012
    1.55125487 1.22917044 1.69564128 1.71444714 1.41431081 1.75571513
    1.84198701 1.33707976 1.70738471 1.38739192 1.37256992 0.920012176
    1.13753307 1.31904304 1.13886976 0.862490654 1.3466897 1.57678211
    1.67976367 1.54587972 1.05925035 0.926023483 1.12809193 1.38075852
    1.71973538 1.65578234 0.978639603 1.04920745 1.51252723 1.777107
    1.09919894 0.841935515 1.62517047 1.1582582 0.837594211 1.418841
    0.815427125 0.994001091 1.30030406 1.62107337 0.826992512 1.02653289
    1.33233023 0.898350596 1.28041673 0.994052351 1.41669059 1.28320742
    1.18357277 1.15305209 1.56217527 1.67013645 1.25380266 1.57539797
    0.972133934 1.20660758 0.911058366 1.7364707 1.09566951 1.6456579
    1.77184296 1.37714541 1.02633357 1.73549664 0.784170747 1.33951473
    1.13001823 1.68218005 1.15882289 1.16552734 0.933983684 1.20235705
    0.898769438 1.4726069 1.052351 1.66427839 0.957490623 1.04898691
    0.931253016 1.02842617 1.41940033 0.986288369 0.851421177 1.66148281
    1.52377713 0.865050852 1.60667574 1.61170793 1.78332424 0.962587178
    0.860515058 1.29023409 1.57627964 1.26713896 0.814238012 1.01845765
    1.60702312 0.817676961 1.49667931 0.759485364 1.25609517 1.34233713
    1.64183569 1.74804735 1.83013964 1.7148155 1.40816903 1.05943871
    0.8567397 1.4552803 1.53373218 1.18889463 0.930273116 1.28957057
    1.50945032 1.01899004 0.953082323 1.16516757 0.775146604 1.66262007
    1.02065647 1.62046361 1.16791093 1.4604274 1.8113178 1.68478835
    1.81847608 1.7582469 1.01246095 1.02300251 1.22210801 0.907761157
    0.875607193 1.11248636 1.20219994 0.755369186 0.952853501 1.3543849
    1.5669508 1.11379206 0.995921731 1.349823 1.51254237 1.29169631
    1.05963504 1.60355127 1.70839882 1.3567909 1.57577729 1.34755409
    1.23330283 1.79360414 1.06001079 1.70117974 0.9176597 1.50026739
    1.02024269 1.16051149 1.46257436 0.90746206 0.946228623 1.39760411
    1.06032848 1.54812479 1.53853106 0.821806729 1.66891813 1.61652029
    1.22205615 1.81554377 1.75173903 1.62837064 1.47232354 1.80057693
    0.966059446 1.49600589 1.82460809 1.40839779 1.8768537 1.60112548
    1.73672783 1.18068969 1.56232011 1.56855285 1.3598063 1.69013608
    1.01337588 1.59678912 1.52121103 1.34752238 1.56479001 0.807746291
    1.50475562 1.21632802 0.747090936 0.956508994 1.2847687 0.910549819
    1.55830956 1.15055788 0.699593484 0.983982563 1.13099909 1.03288388
    1.12273562 1.17444003 1.09079087 1.04995883 1.36032355 0.803886712
    1.32957602 1.6326201 0.801324368 0.940328181 0.725117087 1.48400879
    1.48183 1.13666475 0.843484044 1.39831448 1.37667263 0.875323832
    1.34847569 1.42235887 1.66667891 0.846749425 1.31916046 0.867353737
    1.42430818 1.30743074 0.820891917 1.39680099 1.36006784 1.62902331
    0.957298934 1.41400552 1.27649558 1.11980331 1.60537004 1.52522731
    1.49783218 1.77269745 1.50842929 1.02121615 1.42303801 1.47887599
    1.34671593 1.07056618 1.47716391 1.6114223 0.975671589 1.4050194
    1.09448206 1.05742764 1.74586236 1.11173177 1.59623063 0.926805258
    1.03117502 1.4214263 1.76679039 1.16710114 1.58390999 1.34673107
    1.20663559 1.55930817 1.31025875 1.16484272 1.42279291 1.16502833
    0.838441253 1.76651323 1.37136805 1.10015786 1.12455285 1.18665302
    1.18054533 1.39418733 0.79383719 1.35956049 1.26039886 1.30493319
    1.50096226 1.12030602 1.09078181 1.18256485 1.32023835 1.21833074
    0.855238378 1.48924017 1.74845386 0.917440951 1.27887154 0.900564909
    1.316347 1.75265229 0.94200927 1.75488651 0.885723829 1.51025069
    1.56318355 0.833477139 1.78486764 1.75748551 1.53480852 1.79959559
    1.6942786 0.828436255 0.871124446 1.67318416 1.26073682 1.07933974
    1.07074535 1.25146806 1.16457081 1.54611087 1.34622729 0.928441584
    1.32022035 1.40166008 1.66403699 1.61870885 0.834553063 1.23865068
    1.40500867 0.774339557 1.01265705 1.20684814 0.864464819 1.50248289
    0.781458676 1.61684382 1.45703197 1.72134697 0.956176937 1.63564849
    1.2535671 1.23894572 1.22276723 1.79717457 0.879831731 1.47121561
    1.04638505 1.11703062 1.35045552 1.21843898 0.811846077 1.31295645
    0.977601349 1.62730801 0.921532154 0.895757735 1.29392064 1.20276558
    1.33156729 0.892544091 1.51858962 1.28781998 1.67696667 1.15873671
    1.82546318 0.946424305 1.09508359 1.19386363 1.03749955 1.35089898
    0.823293388 1.21805358 1.27781165 1.48117447 1.56626332 1.732252
    0.854166627 0.811153531 1.10682786 1.38940084 0.978810072 1.0120225
    0.857615829 1.5814929 0.916366696 1.8054018 1.37972808 1.76665699
    1.03138041 0.961421013 1.1275816 1.5537014 0.804955423 1.35478425
    1.23535573 1.30147803 1.06063485 1.34826481 1.54650497 1.05609477
    1.26581883 0.996535718 1.71754014 0.972803533 0.902235031 1.4485296
    1.3457644 1.82381797 0.888966143 1.33519566 1.74433899 1.15724707
    1.79764831 1.6116755 1.1261394 1.0761801 1.22101033 1.06333923
    0.762185991 1.27307975 1.37217665 1.25360644 1.12964702 1.21753001
    0.955822289 1.15918076 1.67374349 1.76479805 1.77274466 1.40889454
    1.35456288 1.70224464 1.7428968 1.52774179 1.76102531 0.944147408
    0.958882034 1.69725633 0.892424226 1.66831458 1.14001513 1.75047088
    1.40148389 1.83959246 0.903216124 1.87530887 1.44782114 1.85536158
    1.46497357 1.01868427 1.27918482 1.20332634 1.76580703 1.62951434
    1.12258625 1.08661997 1.55296278 1.08823466 1.00848222 0.791062117
    0.722754836 0.719061673 0.824154496 1.39514995 1.12162209 1.40501976
    0.966679692 1.25902164 1.33193624 1.40111578 1.43621993 1.47049463
    1.65621841 1.7478776 1.23513114 1.01771688 1.3567059 1.07870972
    1.09892762 1.2585659 1.30588329 1.17873466 0.984415352 1.22548795
    0.866063774 1.12929285 0.779220402 1.36899769 1.51185179 0.950900793
    1.47085428 1.54111528 1.77137589 1.70885301 1.63493526 0.864374638
    0.915467739 1.18973696 1.14685607 1.41802609 1.02656901 1.22129834
    1.08335197 1.41666722 1.71448755 1.01423001 0.936401486 1.1609571
    1.76745009 1.66809726 1.27786767 0.969628096 1.29613483 1.16146219
    1.23585165 1.33209312 1.52049077 1.49368834 1.57437146 1.72923434
    1.14284587 1.31225908 1.36394584 1.43373299 1.75094378 1.17199385
    1.63809168 1.49090302 1.61594427 1.58032465 1.7259146 1.49336898
    1.16011655 0.931395531 1.56950736 1.7614274 0.893228233 1.37053514
    0.908091962 1.05337393 1.39280677 0.983472705 1.4300034 1.06128669
    1.33302033 1.26789463 0.86522907 1.54438031 1.63980019 0.895184934
    1.67320859 1.09747779 1.42610323 1.23170984 1.38685811 1.64875722
    1.38169479 1.50169146 1.60455906 0.971747339 1.30830443 0.964313924
    1.63155866 1.65338755 1.51256561 0.902127385 1.248703 1.63846016
    1.23118448 1.46302295 1.30726135 1.67634535 1.47155714 1.6312499
    0.909942508 1.76721752 1.29110515 1.54600477 1.67177141 0.94366008
    1.51841605 0.911944032 1.10852909 1.03007114 0.753471851 0.954829216
    1.07252049 1.09842837 1.62542117 0.830803812 1.16076016 1.4662869
    1.58807981 1.3749702 1.27020109 0.999191344 1.54084575 0.907877684
    1.41169238 1.49965131 1.57510686 0.917147875 1.75020742 0.853332281
    1.53351343 1.10919046 1.32502508 1.04008543 1.07769775 1.70119357
    1.04833353 0.887410581 0.779578209 0.768788218 0.772302866 1.1039865
    1.06630123 0.906857848 1.51444733 1.80048633 1.79911602 1.57518589
    1.73564577 1.16826677 1.43362212 1.12074816 0.791219294 1.12534595
    0.794969201 1.10213828 0.779593766 1.14949584 0.726980031 1.60537148
    0.738972723 0.787142515 0.874678373 1.59794867 1.45315421 1.5541718
    1.76074719 1.318578 1.22373712 1.44536936 1.66891754 1.3143822
    1.51542282 1.51525116 0.77695471 0.798078954 0.898346484 1.55569077
    0.75447166 1.41918445 1.04010618 1.70887446 1.79453719 1.55431211
    1.17847729 1.70258081 1.76986861 1.58218479 1.1274066 1.4418422
    1.43201947 0.935701966 1.80519748 1.48102021 0.837901652 1.09007001
    1.36689627 1.08819151 0.876914263 0.777390063 0.754365623
    0.930198073 1.4410187 0.836667538 1.11502767 1.45767486 1.20528245
    1.32828569 0.932759225 1.18182325 1.01902437 1.72397232 0.931933761
    1.79155433 1.45861709 0.943882406 0.931705594 1.60232723 0.999034464
    1.56254017 1.2776376 1.7308687 1.7445873 1.68154752 1.48854315
    1.69259191 1.5625062 1.20886517 1.63647807 1.39541435 1.47299051
    1.77053928 1.7940141 1.4091934 1.01884162 1.68622935 0.788952887
    1.36171103 0.843502462 1.5046016 1.22872365 0.703804672 1.33692873
    1.25322509 0.977559447 1.59765434 0.893245637 1.49296796 1.32953358
    1.37119007 1.55538535 1.68172407 0.895843625 1.76823461 1.12617111
    1.6201781 1.67111039 0.820901811 1.26606226 1.03060222 0.667576075
    1.55431616 1.43791223 0.79205054 1.27074862 1.28847361 1.0506438
    0.848183334 1.03727663 1.08258438 1.3808248 1.4674412 1.70265949
    1.03498018 1.74628782 1.487216 1.47898161 0.887931705 1.71071422
    0.966848493 1.71845663 1.3066597 1.34198475 0.916552782 0.884279311
    1.7745471 1.58612621 1.28370631 1.31370854 1.04009962 1.29886711
    0.799922466 1.70653319 1.18534768 1.38762689 1.36520839 1.79695559
    1.82468545 1.56277215 1.5879668 1.28789198 1.73878849 1.79574966
    1.69912851 1.85625637 1.15948296 1.53161395 1.11418688 1.66406298
    1.81236517 1.5251224 1.81344187 0.835555136 1.28480816 0.963528514
    1.61400306 1.15670419 1.28712845 0.991223752 1.11804938 1.23112476
    0.915166855 0.842245519 0.743271291 1.60194468 0.833089292
    1.30008614 0.784798324 0.955636144 1.30752373 1.40854788 0.936554372
    0.832818031 0.945793808 1.06146252 1.36755598 1.26204109 1.68435442
    1.14649427 1.69897497 1.65247726 1.00671816 1.631935 1.60632205
    1.52048349 1.69395185 0.978717268 1.79009283 1.75012314 1.47806573
    1.31078136 0.924791873 1.75925028 0.978320718 1.48086166 1.74464452
    1.34939349 0.802550018 0.815816581 1.58430707 0.965830266 1.17890429
    0.989583731 1.39619267 1.22367609 0.98954165 1.63677442 1.72964001
    1.49117005 1.07808197 1.55246758 0.996160984 0.822888076 1.13667858
    0.773379743 1.08357596 0.89003396 1.38644159 1.30911899 1.27225399
    1.53296721 0.980975509 1.61665821 1.16442692 1.63052642 1.43645847
    1.38366485 1.60379362 1.7657584 1.27510774 1.62800443 1.27205145
    1.13404894 1.27758229 0.915292799 1.43273032 1.10536754 1.41712546
    0.809281468 0.863711953 0.833735347 1.66265333 0.79639709 1.56637657
    0.903613806 1.06414771 1.38709342 1.52514684 0.913440168 1.47030592
    1.18927634 1.41519034 0.77206403 1.4645257 1.4668541 1.50493407
    0.907540083 0.894880533 1.63131535 0.847285807 1.24596918 1.42547667
    1.56231749 1.53885484 0.929631591 1.73417771 1.24871266 1.03114724
    1.30555224 1.63519192 1.59133601 1.64730227 1.19092548 0.881995559
    1.13517857 1.62082243 0.999409795 1.16071248 1.00229263 1.5594058
    1.04308426 1.06872976 1.70318556 1.30598772 1.32591975 1.67324436
    1.03469968 1.49532676 1.42344868 0.807058871 1.60860813 1.22126842
    1.36080468 1.3235209 1.1285497 1.12827587 1.62783968 0.983429193
    1.55011964 0.767984152 1.02581549 1.27534878 0.869658649 1.35972047
    1.29757881 1.45808232 1.71480894 1.66907203 1.12191951 1.02286375
    1.56981075 1.23107195 1.13305628 1.70077121 0.913870931 1.79873002
    1.66738224 1.60021329 1.3316102 1.31630123 1.10873985 1.26666224
    1.09014833 1.45406735 1.75785434 1.17247009 1.08580542 1.43355262
    0.936245441 1.54293096 0.875478625 0.881770432 1.26010764 1.47994161
    1.33192611 0.809717774 1.58959723 1.10274696 1.3063072 0.840368807
    1.02312315 1.13729548 0.835459113 1.4048301 0.952633381 1.52547073
    0.94970727 1.01392651 1.5818578 1.36084092 1.3452059 0.790205598
    1.27309549 0.775456309 1.2342782 0.521410644 0.710015595 0.61455667
    1.34789991 1.36906719 1.61287975 1.68534243 1.3769114 0.915334523
    1.50598598 1.39387798 0.924674094 1.49421847 1.19304502 1.39246845
    1.0913285 1.79625618 1.60961258 1.62421644 0.852344096 1.0060221
    1.04518914 0.871952593 1.30980456 0.890405357 1.13619745 1.30333364
    1.31026161 1.14486039 1.19800699 1.29724979 1.43433702 1.30253971
    0.806572914 0.84230876 1.34756923 1.68906403 1.21637833 1.40714633
    1.30099618 1.42279732 1.06277049 1.36162043 0.935195744 1.14829516
    1.86307859 1.37067556 1.06159389 1.6777457 1.72191167 1.85082722
    1.34129739 1.41333234 1.17937231 1.36864173 1.50942075 1.09147429
    1.44195366 0.864578962 1.60458863 1.13511956 1.17356753 1.28806794
    0.945238233 1.28091693 1.06390285 1.01911449 1.50228631 1.38720369
    1.661044 1.39749825 1.53891242 0.826800227 1.33315492 0.881929755
    1.7887888 1.61379492 0.939267814 1.31215048 1.76129949 1.13459444
    1.10345972 0.912243247 1.17930067 1.24172437 1.53975618 1.70351231
    1.66603839 1.21344149 1.76031792 0.869392872 0.884942114 1.47602761
    1.3186965 1.38126993 1.58869994 0.85359931 0.865630448 1.17750549
    1.02631152 1.54220736 1.40899742 0.947042823 1.44682872 1.17321217
    0.990156353 1.50428712 1.29205918 0.865487099 1.54174864 1.12537467
    1.17501032 1.16942012 1.65397465 1.24516845 1.43787587 1.22566867
    0.820255995 1.42128456 1.17912424 1.73670554 1.13694513 1.06476343
    1.3101337 1.34740162 1.75084722 1.37235677 1.59392369 1.27054882
    1.66939902 1.47023582 0.923792303 0.79611975 1.28475392 0.75213474
    1.64902771 1.11302412 1.48307109 1.3217696 1.08343625 1.29993784
    1.04601288 1.75646317 0.940229297 1.27025676 1.08916414 1.73088741
    0.808716595 1.28953516 0.86603111 0.769504964 0.754728258 1.44737947
    1.65650702 1.52118766 0.72129643 1.21344447 1.30352974 1.04465032
    1.07523 0.854940951 1.71678877 0.934143603 1.54312861 1.17632842
    0.998622715 1.34603918 0.911221027 0.984226167 1.34164822 1.15935874
    1.27927816 1.15651417 1.63341045 1.30861402 0.861105978 1.24896312
    1.20602107 0.817438185 1.15414 1.40609515 1.80590487 0.977714062
    1.45351231 0.992501438 1.14553463 1.66898382 1.66345727 1.46623981
    1.02449024 1.63041949 0.987560391 1.01795971 1.0195241 1.11724007
    0.815031588 1.61980593 0.78991884 0.689208865 0.674221635 1.30737948
    0.699975908 0.741819561 1.09481382 1.08920228 1.13916814 1.54347718
    1.56510746 1.27532947 1.87321293 0.90854919 1.05025363 1.59051394
    1.06770039 1.57996833 0.889389098 0.923956871 1.18507433 1.0132457
    1.59277201 1.31538427 1.37931371 1.76312995 1.02215683 1.00152087
    1.79922986 1.5487591 1.1284591 1.63466334 0.837314904 1.43677127
    1.59824312 0.804686248 1.17497027 1.44883418 0.882440388 1.68467343
    0.939930201 0.796938181 1.34822142 1.29959333 1.0781337 1.4285363
    1.01510763 1.55613458 1.0943526 0.858098924 1.21893048 1.31262612
    1.23494637 1.30634367 1.69073904 1.15356088 1.05209112 0.794459879
    0.836899519 1.38618946 0.934197903 1.19129097 1.56481671 1.12952316
    1.17645657 1.29439723 1.53508222 1.73886776 1.00358427 1.73371196
    1.65309727 1.5026685 0.80906266 1.20152807 1.50584292 1.64497304
    1.69816005 0.911511838 1.65420806 1.20026827 0.957642138 1.60529923
    1.39372849 1.4522227 1.02666187 1.72238398 1.61237407 1.3000114
    1.02651155 1.39730775 1.11372972 1.73613727 1.08039808 1.55626523
    1.5157342 0.997308731 0.977187693 1.33671021 1.19185424 1.0476774
    1.43412292 1.4563154 1.73810351 1.68554449 1.86377931 1.43071628
    1.16762137 0.883691847 1.52265573 1.8081584 1.07558715 0.869673789
    1.23429751 0.97968781 0.809427321 1.0157733 1.53458393 1.75430822
    1.07117736 1.45302904 1.44030881 1.42286003 1.45883417 1.15441728
    1.27917588 1.16998875 0.873967111 0.869165361 1.20374298 0.945429265
    1.20677519 1.54737926 0.991628885 1.46996832 1.18907809 1.26324117
    1.68952262 1.15313506 0.979023457 1.81351411 1.22515905 1.08695018
    1.59850204 1.13348174 1.63809979 1.72343934 1.2645601 1.34100664
    1.61986327 1.11256111 1.11739612 1.02887249 1.07109487 1.18563497
    1.33552361 1.53064096 1.20846391 1.64218736 1.56391728 0.863813877
    0.938033402 1.22474897 1.3546015 1.23794675 0.833922565 1.17389154
    0.794455528 0.922796071 0.958463848 1.63494921 0.789791584 1.1671766
    1.70862067 1.52325594 1.19959605 0.793625712 1.30364358 1.634727
    1.56147671 1.04888225 1.71172261 1.63787305 1.77190399 1.27020359
    0.894829631 1.32480705 1.34052205 1.20444131 0.921644151 1.49804759
    0.946826696 1.12233937 1.4541012 1.41790378 0.876339674 0.821728826
    0.90671438 1.12299395 0.787872016 0.955221176 1.58007467 0.785001874
    1.01863599 0.955737412 1.35064542 1.27291751 1.19784164 1.37987661
    1.25500119 0.775211811 1.32757401 1.67552066 1.15754318 0.82730794
    0.955956221 0.783063173 1.69902992 0.9125669 1.59879768 1.74478221
    1.74294317 0.82893306 1.60344028 1.21411502 1.58324885 1.30531514
    0.814935923 1.55446923 1.42640138 0.996062338 1.083161 0.791899025
    1.53361189 0.801078379 1.70485258 1.01826072 1.73102987 1.27457106
    1.66159129 1.65008569 1.51597106 1.45960486 0.93796736 1.24467468
    1.74977303 1.32544613 0.919477105 1.08430088 1.666044 0.964346647
    0.917532325 1.29046774 0.737750947 0.7201702 1.39349735 1.42674184
    1.10226774 1.60537314 1.23656833 0.950583518 0.843710363 1.35309434
    0.827538133 1.37227523 1.03622699 1.72201633 1.53747416 1.81111467
    1.17238927 1.64004815 1.68747151 1.17301929 1.82344043 1.42098987
    0.998641372 1.08100212 1.61181426 1.17478728 1.21132863 1.74064076
    1.52422976 1.00391173 1.61434066 1.2946676 1.54461634 1.48927832
    1.8353126 1.25592422 1.78018117 1.50475335 1.46526659 1.64648736
    1.15100586 1.15673149 0.979495883 1.30154407 1.19310057 0.778875649
    0.719661593 1.13353491 0.932600319 1.50612152 0.879365742 1.27645147
    0.946208775 1.7022084 1.35983157 1.45306396 1.64807308 1.36025596
    1.57645679 1.02374995 1.00578403 1.12050569 1.34284937 0.735714376
    0.903574169 0.862066865 1.13887119 1.52258468 0.738704741
    0.935992777 1.10859501 1.55637038 0.808136284 1.32654667 1.21355057
    1.43158495 1.02792203 1.10270858 1.22433174 1.30158424 0.90301311
    1.41158628 1.709656 0.968442023 1.61839747 1.3902396 1.09513283
    1.29936194 1.02364838 0.852316797 1.22199881 1.25132203 1.26341915
    0.996310949 1.64556289 1.69630992 0.828225553 1.69929469 0.9821437
    1.64384973 0.855689108 1.44996011 1.07507384 1.6356492 0.840781689
    1.64422679 1.19395041 1.6036309 1.30712235 1.2688638 1.60375082
    0.986577511 1.68492937 1.19350255 1.59571135 0.868959129 1.43878996
    1.42546856 1.12100375 0.960502326 1.11421514 1.66767478 1.42746353
    1.54537737 1.46672773 0.979026854 0.799810708 1.62029684 1.00313699
    1.16704464 0.752812684 1.31301486 1.09618914 1.74191093 1.63160598
    1.65410006 1.27228248 1.37101912 1.49689746 0.887211502 1.61778986
    1.48780656 1.47071445 1.5450238 1.50597107 0.921079636 1.08499348
    1.15500057 1.17824924 0.938970923 1.33234584 0.988535345 1.5560261
    1.4614073 1.4780817 1.59009671 0.911558807 1.53820634 1.3205353
    1.68349802 1.57018459 1.64399862 0.88898617 1.4546982 1.50912678
    1.77358234 1.67680848 1.65163171 1.10192835 1.49408698 1.68844998
    1.70329535 1.7090528 0.87460959 0.832189739 1.52380967 1.33255148
    1.25891423 1.2214905 1.40436137 1.53471518 1.27903795 1.58685839
    1.08702099 1.53083742 1.41345131 1.63357985 1.38692796 1.68284655
    1.79605293 1.43463218 1.15915036 1.80353189 1.3585006 1.19137871
    1.57764161 1.38168228 1.24699819 1.70627356 1.76309454 0.955316305
    1.40062237 1.21132219 0.80037564 1.44470608 1.04401767 1.54289734
    1.40237546 1.15195012 0.889452875 1.34160805 1.29572487 1.26888573
    1.46270096 1.24925458 1.21424532 0.959796607 1.24847317 1.05337751
    1.20522559 1.19730735 1.07640779 1.01720047 1.24872398 0.793116808
    1.19930446 1.21685028 0.956005037 0.949914932 0.97842288 1.19081521
    1.6873436 1.44207716 0.969048738 0.881601572 1.65268123 0.97483027
    1.71277487 0.76580286 0.887368202 1.16243088 1.63391817 1.03384125
    1.16511369 0.883407593 1.69016516 0.925226808 1.27009189 1.01256132
    1.18575692 1.38401616 0.801132441 1.56726086 0.747791708 1.22538924
    0.812923074 0.764655113 1.12814713 0.726513088 0.958340466
    0.803505301 1.31282365 0.900058985 1.12598288 1.01769805 0.712660491
    1.51936805 1.00145447 1.39374471 1.33543527 1.36772776 1.63892365
    1.4218545 1.07350135 1.79282665 1.61193609 1.28889477 1.80700731
    1.19418049 1.27472103 0.837098956 1.4278239 1.79842079 0.915347934
    0.886115015 1.65099144 1.74304521 1.22107041 1.5713073 1.07676756
    0.92711252 1.43004954 1.55093086 1.18757236 1.35585999 1.49526358
    1.70625138 1.31315875 1.07854843 1.60575283 1.09230268 1.65598714
    1.28141141 0.881027222 0.975355804 1.36000299 1.50676453 0.95207572
    1.25200438 1.65822518 1.42978406 1.46641529 1.17718542 0.845856309
    1.09315944 0.869008601 1.1932162 0.650659323 0.821503937 1.2600652
    1.32746923 0.987616777 0.997759819 1.26875114 0.740862787 1.24396551
    1.5598104 0.996633768 0.885502219 1.56780171 0.99125874 1.30039239
    0.857213318 1.26906753 1.37338066 1.09695864 1.3795867 1.23292506
    1.49481761 1.53778887 1.39581835 1.50950015 1.19022894 1.02810001
    1.67148972 0.865043521 1.12274468 0.949369907 0.998918176
    0.910117626 1.34050739 1.73575592 1.47677875 1.35361481 1.65383995
    1.06416392 1.08612418 1.03035522 1.50887072 1.27724719 1.58047426
    0.818953216 0.834807396 1.64544427 1.32001793 1.61909568 1.45486844
    1.03834212 1.40937555 1.16056287 1.34955966 1.0283519 1.63720644
    1.35635602 1.36727774 1.35394382 1.10531497 1.32482016 0.874766946
    1.46542323 1.52588785 1.63115323 1.31700516 1.37273645 0.745794535
    1.50779486 1.08272958 0.753727615 1.68408775 1.10776341 1.04873657
    1.26796079 1.59309959 1.76793921 1.63379514 1.75718093 1.77549732
    1.34698522 1.22355533 1.15941083 1.25776529 1.47308517 1.11668372
    1.58690751 1.19791591 1.02147508 1.73544276 0.951875687 1.43848312
    1.03274715 1.46522546 0.994125843 0.983566582 1.66690814 0.818584681
    0.857980192 1.5594089 1.66008103 1.30217826 0.911728323 1.46036565
    1.71497118 1.49801159 1.2152375 1.38938284 1.27342248 1.74134731
    1.17686236 0.918149054 1.47092032 1.22467995 1.58429027 0.829046309
    0.92976588 1.70505548 1.03512549 1.75289714 1.37080431 0.917622089
    1.09009683 1.42581785 1.33845925 1.22376418 1.18980217 1.82563519
    0.923510671 1.52174783 1.66523039 1.25985324 1.35443759 1.69733012
    1.02908206 1.74218929 1.22887468 1.53837562 1.58945012 1.30250549
    1.50027204 1.78375375 1.25150168 0.95305115 1.57476664 1.27206588
    0.953792155 1.04255092 1.23348653 1.39214909 1.51527154 1.63694143
    0.914342225 1.75870311 1.07298613 1.48434925 1.53223228 1.20243847
    0.949885547 0.754457414 0.900591791 1.18935192 1.17420864 1.3409934
    1.56492794 1.43469024 1.15200567 0.931993246 1.52943408 0.832822382
    1.26143968 1.398615 1.35299468 1.21881759 1.51708233 0.835831046
    1.43392479 1.63955438 0.78148675 0.925651848 1.1463275 1.05854952
    1.5489217 1.1219331 1.60541022 1.03829706 0.787947834 1.17121327
    1.2103014 1.44408071 0.893556654 1.09711182 0.740576446 1.10633242
    1.02273929 1.06989074 0.721864223 1.33819187 0.759081125 1.31855524
    1.25907171 1.60832763 0.777833343 1.01742816 0.859260678 0.842486441
    1.64158034 0.796741605 1.39855742 1.05366409 0.932335377 1.58955562
    1.8859266 1.58394265 1.82557333 1.7295872 1.62748694 1.18042207
    1.64573252 0.817896307 1.71510315 1.41991067 0.971434474 1.70290494
    1.32665539 1.37762666 1.38143575 1.36003172 1.41091752 0.830578744
    1.08537281 1.21352315 1.23896039 0.929124117 1.12773263 1.13902676
    1.01721108 0.865160644 0.882595837 1.06365967 1.22549129 0.851258934
    1.70340466 1.47512221 0.950872779 1.51009953 1.06466782 1.76949406
    1.47033203 1.27758336 1.26960158 1.30096257 1.69082999 1.62797356
    1.31585813 1.49413776 0.774655879 0.726103544 0.615954995
    0.538314164 1.34469521 1.29845679 1.00910437 0.827758491 0.819409907
    1.25400543 1.24406695 1.54902339 1.49425733 1.73465848 1.59945953
    1.23385453 1.69819295 0.896119297 1.19213939 0.891308784 1.72408307
    1.31107891 1.22216868 1.55961132 0.819702923 1.08361423 1.61702752
    0.975582838 0.815345347 1.14662182 0.988204896 0.761174679
    1.00816774 0.949524462 1.6838727 1.24056971 0.923308611 1.34837472
    1.69214082 1.16163135 1.70878828 1.58913565 1.7871784 1.48237431
    1.49590981 1.58215988 1.01969135 1.02109313 1.71741223 1.24864161
    1.65506732 1.44331706 1.04431498 1.24807262 1.7618432 1.43432593
    1.78649294 1.16941917 1.58718777 1.43272483 1.40923095 1.68333566
    1.09139729 1.52835846 0.951270819 1.07543874 1.23952818 1.55110085
    0.869399548 1.13985932 1.11181319 1.42996418 1.21158528 0.906697273
    1.78134966 1.12865222 1.17123103 1.26583147 1.64941573 1.5956372
    0.961797118 1.4024384 1.51997948 0.803927422 1.0411787 1.12050176
    1.19507587 1.22840846 1.5397917 0.990701735 1.73903167 0.984339654
    1.35849023 1.2579248 1.19931698 1.00690532 1.26733804 0.848470449
    1.34197962 1.65474498 1.54509282 1.08206177 0.855152965 1.08150148
    1.6867485 0.973638594 1.39593399 1.06948912 1.34879386 1.38144553
    1.32558322 1.51430476 0.795796096 1.33757424 1.66223681 1.34218192
    0.936575174 0.773512483 1.4029181 1.65361035 1.67430282 1.32988739
    1.76671135 1.23880994 1.20224607 1.02438331 1.38456547 1.1338346
    1.62758577 1.14240372 1.59938574 1.32966626 0.97751379 1.18893743
    0.906586647 0.9012537 0.972065151 1.42180943 0.97163403 1.6860323
    1.47836685 1.11943018 1.47441351 1.7836225 1.15505111 1.0898782
    0.787804544 0.995034635 1.41077876 1.39609504 0.823938668 1.03961051
    1.147874 1.65284836 1.53483987 1.57985854 0.840458155 0.782000542
    1.36550426 1.40315235 1.58152759 1.24975145 1.02928448 1.2990272
    1.63644826 1.77500796 0.873219907 0.959300518 1.31897986 1.72145617
    1.71324253 1.45107174 1.71192646 1.13785982 0.786043882 0.783637106
    0.985894203 1.32979524 1.42342329 0.918506682 1.04406738 1.73559546
    1.75920022 1.43440235 1.42280531 1.01628006 1.00415504 1.49694276
    1.51191711 1.53073108 1.56469822 1.23393011 1.42380118 1.61099398
    0.806313992 0.914161086 1.39878464 1.53657913 0.687013388 1.19839072
    0.852719605 1.58784306 1.68467474 1.27287269 0.714815021 1.23000836
    1.61678481 0.840068936 1.03603733 1.68513417 1.57585013 1.51791036
    0.967774987 1.86099195 1.72381091 1.31957209 0.944058239 1.65161383
    1.22026753 1.04311562 1.63492143 0.946427584 1.45294857 0.925321639
    1.75598931 1.04289746 1.69269133 1.49037004 1.77328086 1.27760601
    1.77444422 1.09635592 1.16313648 1.2875762 1.20318639 1.08745706
    1.45727122 0.807404816 1.22830284 1.03098178 1.05723488 1.56870735
    1.15488923 1.22518897 1.17414498 1.32015991 1.63011527 1.38888729
    1.41581142 1.5403918 1.17572343 1.25031328 1.57270074 1.72630584
    1.26102531 0.722714841 0.615181267 0.83588779 0.851962626 1.06482959
    0.730680883 1.54070163 1.31690466 0.795170188 0.994049013 1.15759182
    1.00803339 0.9707793 1.25478244 1.411955 1.30985296 1.31641078
    1.13979006 1.11840737 1.25766742 1.10795522 1.06540644 1.25011337
    1.57535851 1.29059315 1.09159327 1.69195497 1.38693535 1.005651
    1.20096922 0.732872665 0.830780268 1.15556014 0.866070986
    0.960452259 0.997833014 1.6595453 1.46993637 1.21059299 0.81077224
    1.63777816 1.09121692 1.35654938 1.09608173 1.1870904 1.16050875
    0.851969361 1.72004724 1.53535533 1.42512655 1.53233111 1.69861114
    1.10007596 1.78042054 1.50426519 1.71768916 1.61764789 1.0225842
    1.43173397 1.02774894 1.19586992 1.34688079 0.964177489 1.5164758
    1.52499557 1.64797688 1.71136129 1.73407376 0.887267649 0.807599723
    0.928340197 1.63154745 1.13235295 1.48504043 1.17373157 0.850138128
    1.54325795 1.21119189 0.903727889 1.74064565 0.829573214 1.35129583
    1.67349982 1.62054348 1.54276156 1.10049343 0.923014939 1.17462468
    1.10169411 1.52850699 1.06623316 1.0087887 1.38604009 1.1078465
    1.48694706 1.38001311 1.23040664 1.65782082 1.09648013 1.30688572
    1.42958009 1.08445036 1.12739885 1.68540359 1.1941539 1.30658579
    1.18266535 1.17540193 1.76947272 0.930319428 0.849043369 0.831031442
    1.02767813 0.83573997 1.26377404 1.16781807 0.922953546 0.811172485
    1.62024856 1.07290995 1.04027736 0.940631747 1.08165252 1.09159386
    0.954526842 1.40646517 1.59422541 0.952081263 1.6710726 1.38812566
    1.15601707 1.82831585 1.56200063 1.28985929 1.39056993 1.7535609
    1.51242721 1.47534156 1.21544909 1.53712881 1.25239694 1.48185945
    1.52288032 1.50382602 1.52186227 1.69889307 1.39295697 1.28663158
    1.61284113 1.72084737 1.69161284 1.35273123 1.73551083 1.27541912
    1.06744206 1.4578433 1.47157443 0.864044309 1.65933216 1.7509501
    1.00548124 1.54229045 1.37943494 1.47339368 1.19709337 1.30571401
    1.06152201 1.61510921 1.30904472 1.70289636 0.852418363 1.1237663
    1.05294967 1.52478874 1.41280544 1.44938552 1.66737449 1.02085614
    1.29288936 1.14073622 1.77873242 1.79319584 1.11980724 1.29797554
    1.24106741 0.810735703 1.74638605 1.38879287 0.969118059 0.966610849
    0.962992847 1.03321946 0.976105511 1.6579138 1.41248965 1.20656693
    1.13102794 0.725714684 1.64103758 1.00681281 1.57952559 1.31128025
    0.777948022 1.02136374 1.47856987 1.32188976 1.31372726 1.01890492
    1.00568116 1.67291892 1.74771333 1.20200253 1.29335749 1.62302864
    1.73914027 1.27132714 0.923468649 1.10069644 1.05562544 1.70871055
    1.34473383 1.21132708 1.49797952 1.66164005 0.881683588 1.28254831
    1.38413572 1.46334004 1.17239499 0.996334314 0.99968648 1.49542189
    1.24394011 1.14565575 1.49581671 1.02245605 1.25849795 0.930031478
    1.51904118 1.39507866 1.14605319 0.947209775 1.41523147 1.51471627
    1.22289145 0.978180885 1.52462304 1.45441663 1.81501329 0.982019126
    1.71276581 1.13363957 1.54974484 1.2691952 0.92989099 1.40744722
    1.59803736 0.676216066 1.24274814 0.999685407 1.35777581 1.36665618
    0.936413586 1.37683249 1.70619452 1.54796851 1.67366958 1.58918083
    1.15620327 1.75168777 1.19175136 0.99870193 1.17563009 1.40285718
    1.22045827 1.47696066 1.26301742 1.71997416 1.26614654 1.38282263
    1.05284011 0.818784416 1.46699965 1.67021358 0.805196106 1.22452223
    0.722027302 1.03431785 1.49143577 1.61069489 1.13691258 0.954965651
    1.40894306 1.66861033 1.56563616 1.13475752 1.32612491 1.10825634
    1.5773319 0.817370176 0.831556499 1.29202414 1.45939207 0.792321384
    1.528705 1.29983068 0.849406898 1.42206931 0.894851148 1.47409761
    1.80851305 1.13643062 1.59292972 1.74246252 1.39228344 1.15082085
    1.41818154 1.82046044 1.81839156 1.01000285 1.384395 1.77068174
    1.27014303 1.20938408 0.956703007 1.2973448 1.11383986 1.75054979
    0.905243516 1.5594219 1.4419682 1.41685212 0.843608737 1.31540906
    0.843844295 0.822693527 1.06438756 1.2299552 1.43764842 1.14112842
    1.31629026 1.02615428 1.01017833 1.63157761 1.50266838 1.11136007
    1.66945076 0.897866309 1.34504068 1.56719279 0.958226025 1.12919271
    0.8257761 1.3157351 1.44773519 1.23232663 1.72379112 1.30034471
    1.06464481 1.20127642 1.51661372 1.32727742 1.66731656 1.80566514
    0.809463263 1.29926813 1.75961256 1.47467828 0.985506296 0.865121603
    0.798651814 1.1456641 0.795253277 1.32160378 1.21347678 0.875823617
    1.42302954 1.31093717 1.03700852 1.40770137 1.1324017 1.33866191
    1.11841536 1.21495497 1.73388577 1.81913519 1.39855206 1.59827483
    1.55152178 1.58050442 1.26406407 1.69526052 1.1910274 1.27739024
    1.53476226 0.886043012 1.36051464 1.14994967 1.56068969 1.3594588
    0.866469204 1.02467752 1.59338522 1.34043896 1.00087392 1.05050182
    1.33300591 0.984232843 1.32590055 0.927885473 1.53445303 1.63431895
    0.899426758 1.17301762 0.934926927 1.18608475 1.63075364 1.24722433
    1.4841361 0.893022716 1.75526929 0.874503195 1.02452374 1.44611061
    1.51551676 1.7723968 1.55189919 0.989040494 1.22463763 1.53547895
    0.805917263 1.77662432 1.70669329 1.54223287 0.923170984 1.61902165
    1.27332103 1.65931237 1.37524843 1.69716096 1.10103059 1.65476561
    1.39722967 1.23419344 1.35862279 1.48817408 1.26796579 1.56898308
    1.26206708 1.35536683 1.35490847 1.23564672 1.04423058 0.741275728
    0.823980331 1.1228385 0.827322245 0.952217221 1.0951848 0.967658937
    0.967214882 1.24565291 1.2372123 1.22486711 1.64611828 1.65680504
    0.975207388 1.66309083 1.75480652 1.39968729 1.70902312 1.57738149
    1.733464 1.16605806 1.68660593 1.37820828 1.04291034 1.33139813
    1.39612484 1.63985026 1.33393168 1.01590025 0.805880785 1.34270704
    1.57803297 1.01903832 1.77597213 0.981128097 1.38347423 1.72080541
    1.21630836 0.981204212 1.13303518 0.973165452 1.44118917 1.42746687
    1.62126517 1.5595274 1.49192166 1.49314296 1.34156609 1.29745603
    1.1207912 1.03101075 1.67418325 1.21168458 1.37006819 1.82462597
    1.63243663 1.67911923 1.00626636 0.992660761 1.50209641 0.736938298
    0.950530589 0.514714837 1.06341016 1.19245636 1.50329745 1.02727842
    0.821719229 1.59027267 0.890404761 1.03066659 1.03673601 1.71477461
    0.85310781 1.65073109 0.945063353 1.37373233 0.855903983 1.61809516
    1.07606399 0.805217326 1.18591726 1.46567881 1.24376488 1.53905487
    0.733300388 0.810288668 1.34822452 1.23518658 0.886530221 1.05025065
    0.752694011 1.48203874 1.08222747 1.59769142 1.20755553 0.936409354
    0.955212772 0.859342635 1.26273668 1.65667748 0.814500928 1.43470228
    0.755929708 1.08062601 1.45251846 1.63709426 1.16420448 1.55480146
    0.899411559 1.66205752 0.901936889 1.63985538 1.74239945 1.38262737
    0.829112768 1.42558968 1.26104367 0.973264575 1.08079469 0.930392563
    1.48480797 1.84711456 1.28012657 1.40874481 1.21582627 1.57993245
    0.921981275 1.26513672 1.38366365 1.34874082 1.44537044 1.61299276
    1.62471926 0.980954766 1.41641474 1.0364722 1.00523245 1.12552285
    1.7678169 1.03344786 1.22505355 0.858167052 0.849305451 1.64140904
    0.779616833 0.78930074 1.01027656 0.853684962 0.841837227
    0.879876912 0.931936026 1.68508279 0.980666876 1.58130348 1.50439095
    1.70706785 1.43472028 1.82479894 1.17336512 1.8139627 0.989964604
    1.178303 1.58993018 1.41079926 1.75638044 1.78616321 0.849371612
    1.28371108 1.02427876 1.75107706 1.09838021 1.33810413 1.66071463
    1.33392024 0.982021749 1.35195565 0.924324334 1.54839039 1.17995954
    1.6738987 0.825945377 0.885794759 1.45453143 1.11643076 1.45285738
    1.22932518 0.909634233 1.11923862 0.901584506 1.71177459 1.37586927
    1.75407469 1.35320663 1.74401474 1.60619974 1.44319236 1.03057718
    1.04468083 1.22879565 1.68585527 1.4968611 1.72549951 1.17286968
    0.888160646 0.931101441 1.44190812 1.56549799 0.910805821 1.14198899
    1.41661835 1.57564056 1.69758511 1.50690079 1.53448856 1.55115163
    1.63286567 1.11746466 1.63828325 0.888501823 0.903745353 1.46288335
    1.66289842 1.12229717 1.52531791 1.58943295 1.49624908 1.23985863
    1.55854416 1.45969188 1.21814203 1.02393472 1.14878726 1.05112791
    1.32814205 1.03571081 1.03187191 1.75999832 1.53718317 1.47288847
    1.72369957 1.17915082 1.58521128 1.72904003 0.971271336 1.08190918
    0.981220126 1.73350728 1.67697549 1.06093693 1.28253186 1.49363053
    1.03037786 1.77012014 0.999633908 1.10438693 0.839057684 1.1897403
    0.780616701 1.54294956 1.30274796 1.66337836 1.50368619 1.23658216
    0.839553773 0.986926794 1.01752663 1.57975674 1.31306708 1.34934807
    1.71010387 1.10989487 1.82288754 1.07824266 1.58239782 1.01462042
    1.15079331 1.73132634 0.912869215 1.52538455 1.678473 1.47228837
    1.08540416 1.7400924 1.39917898 0.801377892 1.28367221 1.62859333
    1.08750451 1.56618536 1.30645764 1.21467352 1.47985065 1.57568955
    1.65723372 1.22556114 1.32388115 1.16899633 1.06925809 1.49181962
    0.823109329 1.42060649 1.82601905 0.885556936 1.73166966 1.64863384
    1.65585613 1.54345357 0.920110703 1.15063608 1.16822147 1.35576224
    1.54033697 1.2811811 1.49095368 1.00621724 1.1518538 1.38441718
    0.567382395 0.471578091 0.805848241 1.38275898 0.75888133 1.43781245
    1.72507322 1.73397934 1.61944938 1.10676348 1.6457752 0.9751755
    0.902380347 1.6843065 1.40753233 1.72236359 1.60294366 1.30553424
    1.44554949 1.70440292 1.64320374 1.12882245 1.28006768 1.27791572
    0.897632897 1.22228396 0.996212661 1.67791367 0.773362875
    0.792059779 1.54690254 1.22785854 1.07121086 1.61568761 0.883086622
    1.47077703 1.6554563 1.34299266 0.908151329 1.40078044 0.875228763
    1.17717707 1.07682455 0.856679559 1.27422488 1.40238404 1.19411123
    0.799809337 1.58251679 1.12196064 1.06537271 1.38136804 1.69189763
    1.35572314 1.12998426 1.6295532 1.57349277 1.14885116 1.61276603
    1.64884067 1.45637262 1.42852497 1.06860781 1.16223788 1.64053726
    1.34339333 0.968868732 1.12156093 1.76224053 1.16351879 1.75922883
    0.94289887 1.26198554 1.45402277 1.43700898 1.44751501 1.0430789
    1.47225642 1.38723147 1.73362577 1.22998607 1.74424767 1.53073668
    1.57691121 0.794356048 1.33615434 1.30085933 1.06844103 1.68179739
    1.32526505 1.39827526 1.12280142 1.6088109 1.11631739 0.952871144
    1.18189728 1.33512616 1.82522166 0.865763962 1.38618684 1.27378941
    1.24971938 1.70961142 0.869021177 1.16568363 1.37408507 1.0056864
    1.3099494 1.55572188 0.902912319 1.52686429 1.29817247 0.959028423
    0.798593044 1.50012922 1.47015142 1.17646027 1.48465705 1.01558495
    1.19700456 1.12667918 0.796859384 1.68163574 1.67088938 1.55853558
    0.966931343 1.0337441 0.958694339 0.879122019 1.4881798 1.23988438
    1.06731772 1.56457591 1.01745439 1.68449175 1.6651454 0.868228614
    1.39847803 0.924501479 1.61577249 1.74830425 1.39098012 0.872603714
    1.80986047 1.1380713 1.47465527 1.74171126 1.80171347 1.74802673
    1.25847423 0.906683624 1.5355134 1.01425517 1.47178066 1.58976567
    1.52553701 1.55851233 0.980696261 1.16657495 1.7580409 1.05524731
    1.14462006 1.11957264 1.13314474 1.23576403 1.36569321 0.821396708
    1.27644944 1.3131789 1.01243174 1.24647176 1.2358824 0.855007768
    1.57038188 1.27138424 1.10766077 1.200495 1.22489655 0.836826026
    1.24168694 1.60364914 1.09147298 1.20209265 1.76224113 1.38598585
    1.16397047 1.23080707 1.03940809 0.877606511 1.23471367 1.58477068
    1.34136057 1.69806635 1.0045464 1.19875669 1.54929996 1.70928609
    1.16971886 1.15189624 1.07699704 0.916495204 1.13079691 1.01355529
    1.0621531 1.58280802 0.958256066 1.02658772 1.75049603 1.75084746
    1.19960642 1.42758286 1.50722921 1.17011583 1.67171049 1.74320889
    1.44894087 0.808519125 1.27561033 1.07625031 1.5993619 1.42580533
    1.24145305 1.02660465 1.60069728 1.73010492 1.26051855 1.14556754
    0.798380852 0.799996853 0.847441435 1.7166028 0.952966332 1.38424385
    1.10309517 1.22366714 0.819115281 1.0412153 1.50766909 1.59132504
    1.47370768 1.73063982 1.10710299 1.84746492 0.948481798 1.15741479
    1.24943471 1.71736264 1.06930637 1.17518067 1.69224215 1.4329859
    0.880551219 1.20200706 0.871127069 1.02810633 1.17671251 0.578151822
    0.888635457 1.50548339 0.99972266 1.6533289 1.04069102 0.884239137
    1.56423104 1.69889641 1.58167267 0.893222153 1.15972233 1.51408744
    1.61641586 0.945195198 1.34144044 1.72223115 1.22098339 1.76229453
    1.01826048 1.04829574 1.43273199 1.68303835 0.85045743 1.04983974
    0.778859198 0.833243132 0.96508342 1.64106941 1.62125766 1.6339184
    1.69585168 1.57896769 1.15188324 1.04047024 0.997921944 1.37090957
    0.915925443 1.2054491 0.871640265 1.05550909 1.45996726 1.40234363
    0.991527677 1.0935663 1.67358267 0.811165631 1.1541661 1.03399849
    1.43786407 0.951305687 1.59761012 1.55198932 1.0136075 1.59721899
    0.869648516 0.994312048 1.22517705 1.67980254 1.17503309 1.72126651
    1.45932019 1.74237716 1.79415774 1.00337338 0.919499397 1.32555985
    1.16369271 0.917208552 1.79257047 0.987169981 1.49267757 1.00009
    1.5505389 1.52348077 0.835374355 1.79883158 1.57165349 1.67104554
    1.77734482 1.16029167 1.08730614 0.851437807 1.57672119 1.33524263
    1.77846646 1.69943535 1.47839034 1.22139645 1.02006733 1.45316911
    1.15078878 1.25159931 0.840548456 1.83346093 1.43293393 0.858212709
    1.66072643 1.12696183 1.78034556 1.42644215 1.43722689 1.62724447
    1.76102781 1.19494557 1.76203096 0.857641578 1.48613501 1.03974509
    0.943775237 1.08414698 1.69641995 1.43557167 0.932147264 1.41510606
    1.04325354 1.68502259 1.08291662 1.51299489 1.77253497 1.44876003
    0.791563332 1.44199026 1.26760089 1.19185269 1.24693775 0.901984155
    1.77516401 0.963708341 1.39262462 1.03090668 1.60435951 1.03465092
    1.74785554 1.81222844 1.47464621 1.74219418 1.30294383 1.36428678
    1.41951287 0.914772153 1.70241034 1.21937799 0.969483852 1.57302415
    0.958931148 1.47929013 1.20143294 1.34679437 1.78322148 1.78953648
    1.41173458 1.43004549 1.79248071 1.40414846 0.940054715 1.27981997
    1.2655127 1.79080153 1.72198844 1.16912436 1.10231924 1.77404904
    1.46913779 0.933475852 1.25804126 1.71321213 0.927976906 1.0823909
    1.75674927 1.6720593 1.27142286 0.820167065 1.66689909 1.71011782
    1.21379781 1.72488546 0.831885576 1.10055649 1.21856987 1.46551776
    0.986409724 1.72577286 1.39804077 1.11108434 1.23132169 1.70831537
    1.54061818 1.36495149 1.67100036 1.64513385 1.41948295 0.822031796
    1.76373696 0.777090549 1.58014882 1.08281744 0.948734701 1.65315676
    1.13084459 0.897510827 1.72156537 1.46557724 1.30112123 1.45835721
    1.71679032 1.44780803 1.74899197 1.00593507 1.33526814 1.37691367
    1.54420269 1.52622044 0.943313062 1.08061349 1.63808477 1.54157901
    0.785668314 0.846961915 1.11400366 1.30968201 1.276227 0.852614522
    1.26087773 1.61218262 0.938699722 1.1569556 1.72422206 1.73293567
    0.952993453 1.57628894 1.4720695 1.29711425 1.12956059 1.48921037
    0.997522652 1.15479839 0.932283044 1.27999878 1.32532358 1.45204544
    1.77023482 1.60089314 1.37891579 1.85124302 1.34803748 1.82674384
    1.46642184 1.65508509 0.964477718 1.0318495 1.37180853 0.788220346
    1.59872329 0.642686188 0.620298982 0.478383273 1.29046416
    0.742536485 1.20171285 1.4587177 0.812157571 1.13879669 1.3056649
    1.05786979 1.65650499 1.47023261 1.1857183 1.59584188 0.888562202
    1.66454434 1.63783169 1.59712899 1.30458677 0.820993662 0.891404033
    1.32509279 1.39271832 0.776227236 1.21046507 1.14114308 0.768464506
    0.778510034 1.40827763 1.64966595 0.859354138 1.37419975 0.982864618
    1.07776642 1.06989276 1.29470682 1.35043609 0.84302187 1.15722585
    1.52960849 0.72899282 0.700366795 1.24668849 0.966701925 0.771464169
    0.815326929 0.980012059 1.04402792 0.916918159 1.23246157 1.50562322
    1.61185026 1.21604669 1.27369833 0.795696676 1.53773379 1.00559425
    1.50558889 0.801472545 0.985500872 1.72036433 1.43800449 1.46680892
    1.78798449 1.28034437 1.29207015 1.06242061 0.955337286 1.00101638
    0.944857121 1.19268644 1.46878874 1.34301972 1.57807148 1.48777413
    1.01212168 1.31256974 0.863618374 1.26255012 1.44609094 1.53731132
    1.54345322 1.24854267 1.02425623 1.69065869 0.982976556 1.44214714
    1.32340395 1.07948005 1.20801008 1.16899228 1.24730432 1.25255764
    0.835115194 1.16239095 1.67244089 1.74445033 1.28237593 1.67275178
    1.46901155 1.11729062 1.29153264 1.52177787 0.87084645 1.73205316
    1.49590695 1.0746156 1.23200655 1.41642535 1.04831302 1.46119666
    1.28822529 1.02734709 0.986246645 1.14918303 1.21105945 1.33190536
    1.26697147 1.80126083 1.34555411 0.796100318 1.62665606 1.220263
    1.09444904 0.90747714 0.924960554 1.1348753 1.40430641 1.44045269
    1.03199315 0.866695821 1.80056942 0.987490654 1.3059864 1.38104308
    1.34575391 1.80026317 1.4163307 1.24514675 1.45557582 1.50064397
    0.879661381 1.56519723 1.16767108 1.23645079 1.67635822 1.7451309
    1.75294733 0.940420568 0.893832803 1.50294399 1.27494717 0.847742498
    0.921385527 1.6322428 1.68917716 1.8281244 1.60390377 1.71465051
    1.42522395 1.51502573 1.74784303 1.40617907 1.67534268 1.12787187
    1.46099842 1.54032433 1.28682375 1.34335947 1.67343652 1.30207705
    1.33792114 1.19428992 1.74500048 1.54829216 1.69446099 1.76812851
    1.39787364 0.873695731 1.14748466 0.806142151 1.05173337 1.20423949
    1.48352194 1.08085728 1.51635981 1.20652211 1.28770053 1.44019055
    1.45903063 1.13473344 0.880097508 1.33362019 1.234851 1.55608332
    1.50863385 1.33938789 1.05744731 1.21361661 0.952934921 1.04426157
    1.73708713 0.986348927 0.776359797 1.10304666 1.11183357 1.32905376
    1.33014774 1.39137864 1.80301166 1.39969063 1.44227695 1.35896206
    1.58883202 1.42635393 1.02261877 1.452003 1.38257158 1.49941778
    0.817553282 0.8672328 0.929929018 1.52670944 1.5828383 1.34859872
    1.21914625 1.03662586 1.6521126 1.62535858 1.16232336 0.924917877
    0.885150969 0.976249754 1.23823452 1.69582295 1.51085317 1.53477323
    0.933942795 1.60005748 1.42203689 1.67126036 1.65244794 1.41973197
    1.3183924 1.86164808 1.08587837 1.42816186 1.1353792 0.959118247
    0.944050074 1.77685761 1.32202566 1.7132858 1.12316096 1.40464222
    1.28357124 0.826907277 1.15991533 0.932079494 1.49385154 1.37984872
    0.923601449 0.966241419 1.43590629 1.70727646 1.25770557 1.20564318
    1.75250971 1.00080264 1.24183404 0.892845333 1.4844507 1.32074809
    1.57389522 1.47600055 0.979462445 1.25147462 1.54853761 1.64924431
    1.46396732 0.979769528 0.847395182 1.26884151 1.55877709 1.467507
    1.28748548 0.922528327 1.43763411 1.48989427 0.804758787 0.936598301
    1.1796329 0.857534528 1.42651939 1.2131592 1.57081246 1.04778099
    0.761783063 0.763385832 1.35039866 1.17381263 1.38716769 1.33642983
    1.72353661 1.3082689 1.51509714 0.997593224 1.5909301 0.906687081
    1.13756025 1.10562491 1.28300858 1.20819747 1.01523328 0.773344398
    0.951506257 1.13123715 1.5381397 1.74788451 1.47234547 1.33854365
    1.57242656 1.47870362 1.20699906 1.22377086 1.06393564 1.28644133
    1.50999355 1.55079162 1.54649305 1.61039042 1.82093525 1.35863185
    1.76622272 1.59508276 1.22766578 1.29355168 1.04647148 1.69521809
    1.31604779 1.56633759 1.37285697 1.54282546 0.988149583 1.54101098
    1.62890148 0.819899321 1.55560255 1.47424245 1.52123785 1.44493318
    1.8056097 1.50187147 1.54016399 1.85169625 1.19377446 1.20155025
    1.47999775 1.04479694 1.21291685 1.36475348 1.04060042 1.77153051
    1.44388378 0.940414906 1.66309059 1.01228797 1.11428726 1.37326849
    1.56586826 1.54086423 1.66717148 0.887435019 1.72552681 1.22076392
    1.42054999 1.28953862 0.770288944 0.898696005 1.29672158 1.1401422
    0.880329788 1.40991962 1.52625358 1.49750912 1.45783067 1.12784886
    1.30913973 0.895338178 0.994999409 1.39225531 1.8279022 1.58763731
    1.79054928 1.69139946 1.27379251 1.46199656 0.887176573 1.74883389
    1.50441623 0.837155044 1.3097558 1.68547082 1.3728441 1.08148324
    1.35759747 0.844668508 0.981762648 1.47134852 1.5616169 1.62651539
    1.34884703 1.25237775 1.56010795 1.08275628 1.02879918 1.64287019
    0.944728971 1.24690735 1.81200624 1.34915578 1.2118659 0.929535151
    1.09035206 1.26711357 1.81067085 1.69263232 1.42100465 1.08142662
    1.05330813 1.56902015 0.915276229 1.68225491 1.47516489 0.960108817
    0.805388987 1.13971472 1.26331222 0.880910337 1.544402 1.20026767
    1.46700907 1.00413299 1.4313879 1.49299729 1.56396556 1.68890893
    1.49442923 1.00081062 0.84301728 1.06789982 1.74473333 1.61714685
    1.50614452 1.75843263 1.09446824 1.37295914 1.5904299 0.887583971
    1.19098234 0.976692975 1.4106282 1.30605602 1.62220132 0.980463564
    1.04287529 0.838915527 1.49450445 0.893217206 1.44515848 1.18264353
    1.48708522 1.55590487 1.6890043 0.786183357 1.52034414 0.773466408
    0.739286542 1.27905393 1.2116164 0.978416681 1.49953973 1.26509058
    1.12521422 1.63280225 0.86955595 0.93536818 1.79679811 1.31649184
    1.24774361 1.75187802 0.813110173 1.00859928 0.938926876 1.60937679
    1.29150069 1.39832473 1.83552623 1.52395904 1.44575155 1.75650179
    0.906910479 1.63355982 1.07566488 1.4946444 1.18511903 1.63660192
    1.66909945 1.19954109 1.71673501 1.41071272 0.970275044 0.669607341
    1.09433699 1.20104861 0.692439973 1.0980643 0.94882381 1.13601828
    1.04509008 1.46919572 1.31119967 1.1994108 1.25269103 1.53447604
    1.43559206 1.32158244 1.66183054 1.15092361 1.03484178 0.957662761
    0.958789349 0.772906065 1.69283426 1.64771128 1.07154858 1.66420484
    0.967132807 1.5342232 1.44643271 1.36246336 0.880945444 1.21311641
    1.24491692 1.21457183 0.883809626 0.789536715 1.14372432 1.36790776
    1.33672154 1.276739 1.65317464 0.783925891 1.18491125 1.18973231
    0.771026015 0.819723606 0.794508159 1.54173636 1.68592501 1.51457965
    1.62911177 0.977927029 0.922641218 1.28547096 1.63219845 0.79976517
    0.840519011 1.37227404 1.70570719 1.60894394 1.17019773 1.57117176
    1.27386737 0.90113467 1.35578156 1.74126792 1.12497473 0.972319186
    1.33754659 1.80241036 1.35309684 1.6096952 1.83800197 1.71772373
    1.08875287 1.74784446 1.19684887 1.11855745 1.71323812 1.07804489
    1.75133288 0.955458105 1.72619581 0.887274563 0.882742584 1.06672692
    1.7742008 1.72617149 1.65577996 0.946918547 1.47028196 1.30718827
    0.934048414 1.38409293 0.81415683 0.833220243 1.39305341 1.67019737
    1.83493865 1.58255804 1.60355473 0.889086068 1.1290642 0.928679109
    1.70855498 1.48422241 1.29850674 1.31277812 1.60391057 0.818854332
    0.864639699 1.26974308 0.823756516 1.10417688 1.76779664 1.5251205
    1.78546345 1.8021121 1.46102512 1.14894366 1.4888581 1.22696614
    1.55856442 0.930648625 1.63113296 1.31649244 0.91722846 1.35955536
    1.23455191 1.36275756 1.73179615 1.65229142 1.69858134 1.05827737
    0.898695648 1.05790937 1.09060884 1.7710588 0.943168044 1.33698952
    1.75470412 1.35745716 0.941689968 1.45306683 1.53794754 1.39737415
    1.27844322 1.78914392 1.12030506 1.55731857 1.25203657 0.900264204
    1.50993502 1.39507997 1.27785063 1.29114389 0.858014822 1.05105519
    0.966418028 1.78706229 1.43303025 1.59663546 1.81358504 1.02173316
    1.40804017 1.58461416 1.45124519 1.70731449 1.79975939 1.47048748
    1.44264364 1.28459227 1.42867506 1.06302428 0.828760505 0.903069496
    1.4154253 1.21847904 1.07109833 1.55368578 1.15660238 1.75948429
    0.900613725 1.32231629 1.68107915 0.90749532 1.44443405 1.070351
    1.03872371 1.77182651 1.70946598 1.16607392 1.54026401 0.841949821
    1.77716291 0.813785613 1.25338006 1.30949974 0.785527885 0.794139922
    0.937425494 1.13531959 1.21218824 0.8607741 1.42778921 1.68323278
    1.53374338 0.966424584 1.11275482 1.17669189 1.55840933 0.823387146
    1.15707898 0.965794861 0.76622802 1.51093984 1.25344813 0.939867318
    1.54240465 1.09953725 1.52106047 1.39812481 1.23303235 0.940149546
    1.56405652 1.15481579 1.30069137 1.38811302 1.05995703 1.57526076
    0.961028278 1.48354173 1.74650061 1.17036259 1.25878155 1.07911706
    1.66920364 1.33033931 1.5801841 1.42255604 1.5680424 1.03726339
    1.52546155 1.05228114 1.59131515 1.75784302 1.80848086 0.904896677
    1.3368808 0.954121828 0.991768479 1.61077988 1.50774956 1.65045059
    1.0542531 1.05476725 1.37796152 1.05164981 1.14141214 0.498992175
    1.33089578 1.49566901 1.53216875 0.769904375 1.24118423 0.884330809
    1.15813315 1.18727565 1.7208786 0.879293323 1.57854795 1.25546539
    1.56116295 0.86526686 1.48731613 1.2597599 1.37476683 1.18411589
    1.17374361 1.03527808 1.02145386 0.922058523 1.04946899 1.3599093
    1.58754528 0.797624767 0.861846805 1.48571301 1.2726258 0.885312319
    1.73887086 1.58653355 1.2237103 1.69409442 1.17259097 1.13178408
    0.759129941 0.986724257 1.35757709 0.94270432 0.812836468 1.18112552
    1.42951083 1.57452309 1.59921145 0.891569018 1.73737097 1.2188741
    1.00523913 0.784982324 1.24791789 0.784620404 0.806167901 1.2500217
    1.18902576 1.20126486 1.12665117 1.57263911 1.05554843 0.915314555
    1.74521053 1.55190778 1.67772937 1.55508757 1.53690684 1.42864358
    0.847251594 1.31360638 1.73480177 1.16894305 0.965252697 0.955250263
    1.70389879 1.29357171 1.34361017 1.77841616 1.35116518 1.77935135
    1.34343433 1.52869439 1.15250635 1.16770434 1.37001669 0.934326291
    1.72215044 0.993755579 0.78847146 1.72717452 0.829252422 1.49217236
    1.04342628 1.68442655 1.22656798 1.66634667 1.52194297 1.39743137
    1.38914025 1.78176558 1.24238396 1.03279424 0.991935372 1.17630839
    1.51517916 1.0303489 1.10133576 1.47658277 1.38615716 1.47593391
    0.833112419 1.79508674 1.04050851 1.6884464 1.03081584 1.63505852
    1.7268703 1.231938 1.50515664 0.848484397 0.923746765 0.942159057
    1.56440246 0.921878874 0.78368634 1.12615919 1.53077805 1.16544092
    1.20688581 1.58266163 1.67576301 1.61889422 1.74566972 1.78798497
    1.08013284 1.36573911 1.81895328 0.908474088 1.14548707 1.74766719
    0.928244948 0.878235996 1.00290155 1.63255477 1.34025252 1.57585776
    1.06727326 1.50252724 1.39535248 1.33330047 1.53662455 0.846400082
    1.68651998 1.30410731 1.69896495 1.17670751 1.72618628 0.993029296
    1.3149755 1.31110311 1.18756783 1.19541609 1.2574091 1.70752668
    0.924238503 0.901002884 1.10691381 1.13179386 1.7231319 1.36897838
    1.4358443 1.78984451 0.917138278 1.42233646 0.866206408 1.7066747
    1.06558132 1.41636348 1.14138103 1.70303559 1.43807721 0.992916226
    0.998022497 1.07180953 1.14647651 1.74671137 1.72431302 1.58145273
    1.02621865 1.45981896 1.32663059 1.69660151 1.69252086 1.23186982
    1.01171052 1.75884914 1.5304333 1.24308062 1.36095536 1.25342083
    1.1111027 1.53639483 1.48386788 0.933804154 1.5858624 1.73791313
    1.18631756 1.0931468 1.11001027 1.10010612 1.49436867 1.50464249
    0.815060616 1.45331097 1.10878432 1.02433491 1.42411709 1.05789101
    1.07348371 1.61402142 0.896382391 1.07901561 0.796827853 0.886990428
    1.77472234 1.24718177 1.69861794 1.64552784 1.61880004 0.946173072
    1.77498722 1.4387747 1.30488765 1.77495599 1.6466949 1.31513953
    1.13435256 1.43355525 0.82448864 1.52527893 1.78435278 1.11270618
    1.49214327 1.58194065 1.2867986 1.30158579 1.34643567 1.09964919
    1.63484132 1.50552332 1.14459729 0.759152234 0.736277223 1.14072907
    0.893957555 0.951127589 0.43141523 0.498235375 1.10294926 0.81135726
    1.21308863 0.864835382 0.9457618 0.813846946 1.3303895 1.44812417
    1.12376893 0.859104812 0.97397536 1.16879034 0.853074133 1.34917843
    1.1094768 1.28633738 1.36522257 0.775365591 1.0546968 1.07013774
    1.51656401 1.32763004 0.892399013 0.813870013 1.04924405 0.869509101
    1.18372059 1.34192359 1.09431374 1.09488642 1.52107227 1.59536839
    0.9700948 1.46531212 1.53861344 0.880748451 1.26822078 1.19219303
    1.09816563 1.42696297 1.25141644 1.6892271 1.00519478 0.828553438
    1.11528623 0.890142441 1.44430971 1.14281142 1.06561732 1.34539056
    1.47015131 1.68616986 1.25185144 1.61370444 0.781566739 0.970244348
    1.15103221 0.75589031 0.994552016 0.872667789 1.0441469 0.898940504
    1.42677546 1.57898998 1.65659511 1.09511638 1.65278172 1.33397639
    1.59394431 0.962007523 0.922040284 1.62138212 1.64074564 1.50643146
    1.71648419 1.72444963 1.67380023 1.3964746 1.16434479 1.40367699
    1.61681712 1.16009986 0.854355276 1.18074834 1.37271988 1.03813398
    0.814851761 1.22745633 1.66376019 1.70374465 0.827709913 1.30338967
    0.925798655 1.21558022 1.67522228 1.69277561 1.55024087 1.14479625
    1.2316469 1.0233916 0.82283181 1.79380095 1.42939508 1.47314334
    1.62849689 1.65692794 1.79960656 1.35398793 1.48996961 0.990285039
    1.32691574 0.891845882 1.19055057 1.64153254 1.39228845 1.33490467
    1.62749493 1.31992531 1.48382437 1.05468214 1.42513657 1.3003006
    1.13530111 0.885984182 1.48937368 1.55897188 0.926571548 1.14640856
    1.16045475 1.67077374 1.50118113 1.22719789 1.53451884 1.50173736
    1.33399189 1.57947493 1.52914929 1.38817823 1.24070585 1.31734359
    1.44748771 1.738397 0.968178451 1.19506049 1.42335796 1.36417329
    1.51401412 1.62815118 1.3623687 1.3187207 1.69642532 0.945352376
    0.90998143 1.54405189 1.32924068 0.958071828 1.53776133 1.6925813
    0.839102447 1.38580501 1.36030495 1.82519853 1.76952171 1.82860041
    1.54793584 1.84886956 1.84287262 1.49300396 0.967966616 0.914158762
    0.872570813 1.49741077 0.939048707 1.01413631 1.15866482 0.925631106
    1.31247175 1.71367931 1.1204195 1.19233143 1.50839067 1.38158917
    1.0407753 1.40053988 1.12987757 1.63652837 1.76058662 1.83055711
    1.68088996 1.48507452 1.70380092 1.60080898 0.817113936 1.77446222
    0.947178245 1.52782905 1.06907773 1.77050066 0.959541857 1.78983343
    1.21989298 1.80218506 1.31061804 0.835288167 1.03341603 1.2947017
    1.65851402 1.44634914 1.20556986 0.878969431 0.80812341 0.844355166
    1.23484671 1.33563042 0.768669903 1.19136083 0.997550368 0.972444594
    1.5982039 1.38661075 1.38972962 0.867389798 1.24451506 1.70946825
    1.3212713 1.01021385 1.67245638 1.78982234 1.42154872 1.7069031
    0.843726635 1.59649932 1.21250355 1.09941292 1.43855655 1.3262949
    1.49276721 1.1691488 1.38416255 0.831219673 0.818615615 1.19689703
    1.33863556 1.7640897 1.05333245 0.951428652 1.57673573 1.31859219
    1.51701427 0.84339571 1.034958 1.51335883 0.712386489 0.969445825
    0.528516948 0.463601112 1.1275934 1.23841512 1.51831365 1.08237767
    1.35843527 0.930705905 1.6009196 1.75544167 0.837308347 1.29294741
    0.878838956 1.10234189 1.61649704 1.03759849 1.08259451 1.54249144
    1.63839996 1.10169911 1.32992971 1.48968565 1.46929479 1.05294168
    1.48973417 1.01900852 1.22537112 1.52524221 1.64914119 0.917007804
    1.70047534 1.02294827 1.09219134 1.3367461 1.60089672 1.61267459
    1.75082827 1.37651479 1.51780224 1.3352108 1.12539577 1.6538614
    0.734778881 1.23051262 0.79770118 0.745400369 1.46793365 1.15146422
    1.43611753 1.60867751 1.04346538 0.733424246 0.808518946 0.795545757
    0.78351897 0.794133484 0.823552012 1.34488153 0.846179903
    0.719676495 1.19172764 0.964239478 1.02840877 0.973852336 1.5813123
    1.29709613 0.903408647 1.40519249 1.24306726 1.31401992 0.96479249
    1.71909559 1.01894045 1.45556355 1.17256629 1.86228752 1.37254512
    1.30427063 1.13867271 0.826988101 1.21053815 1.1160531 1.13211906
    1.05975378 1.37659299 1.26851153 1.07581902 1.5257746 1.46608412
    0.894570589 1.40610743 1.41421068 1.72662652 1.33383751 0.811917543
    0.93078661 1.41835058 1.68586469 1.36982298 1.03779495 1.65265703
    1.01034725 1.70020151 1.3162874 0.851909459 1.78494108 1.74836028
    1.64746976 1.42802238 1.29500651 1.06284881 1.6769532 1.12363076
    0.888978183 1.5854013 1.58901167 1.22913432 1.09127867 1.65900874
    1.25093281 0.941849828 1.37165534 1.14350724 1.51899028 0.923646152
    0.98018384 0.819341898 1.40642858 1.80045497 0.921164095 1.40125287
    1.17219436 1.69219339 1.12230837 1.51770294 0.920001566 1.71885669
    1.50546265 1.46220672 1.6837132 1.55439138 1.54247868 1.24026799
    1.67582536 1.21785641 0.991785944 1.64419019 1.19801712 1.51644361
    0.806764007 0.869185746 1.12259483 1.68701935 0.891490877 1.0834316
    1.41341329 1.79364944 1.62960255 1.29003191 0.943253577 1.08456528
    1.10735393 1.44570112 1.6748929 0.877603531 1.64309859 1.40200186
    1.61714864 1.18233693 1.48917305 1.5034852 0.993852913 0.989322603
    1.74637055 1.76042175 1.14385879 1.05116749 0.939089715 1.23719776
    1.70676494 1.14645529 1.26476514 1.44439471 0.874490619 0.909592569
    1.62851667 0.985169828 0.992452025 1.3269701 1.75738931 0.975061834
    1.44636512 1.1395874 1.53245175 1.26818097 1.27902317 1.52140355
    0.816539288 1.70017922 0.859877229 0.911002159 1.6892755 1.48575139
    1.70119476 1.1749891 1.42980552 0.84796983 1.3535105 1.15405476
    1.33106816 0.982331097 0.851232469 1.03880668 0.929392576
    0.912803531 0.990968645 0.936475992 0.825864851 0.738476574
    1.17919815 0.898331583 0.903382778 1.12522125 1.61824644 0.96598947
    1.74697447 1.1218307 1.06472039 1.44574475 1.52210569 1.18470037
    1.430053 1.08763576 1.39164782 1.61853933 1.68845487 1.20496833
    0.858115971 1.12390602 1.76969886 1.10656893 1.22065341 1.06724334
    1.21712947 0.816813469 0.854189873 1.19124687 1.42406332 0.944354415
    0.989510894 1.0541904 1.21986639 1.46047568 1.02994812 1.09473431
    0.829474151 1.27112257 1.42124164 0.964084327 1.45348394 1.48767602
    1.48230648 1.01857257 1.27646351 0.870475471 1.39784992 1.65066254
    0.90235126 0.788451552 1.54358709 1.24854946 1.69928002 1.34596622
    0.988508105 0.870990396 1.55580282 1.10451519 0.898724258 1.19988763
    0.916288137 1.11776078 1.11480677 1.1811713 1.76443541 1.74732208
    1.3846066 1.23436594 1.59279966 1.51307023 0.844273031 1.67902541
    1.31950927 0.870308936 0.976407707 1.65768266 0.813554585
    0.821952701 0.950778365 0.729113698 0.957235873 0.878317356
    1.35406029 1.02912176 1.58933115 1.16855931 1.23651624 1.44645238
    1.52028704 1.01831698 1.10507095 1.34946179 0.724301934 1.17935491
    1.35163438 1.35177171 1.03242207 0.965541542 1.22923374 1.03125429
    0.960798681 1.37065482 1.58762741 1.29328811 1.64330494 1.70894217
    1.71668851 1.53854716 1.46491933 1.6340946 1.03312552 1.74450624
    1.7536397 1.30871964 1.5449667 1.65271258 0.852936327 1.72167861
    1.10491502 0.799940228 1.35301518 1.28855085 1.02853727 1.43982089
    1.1846683 0.874996126 1.458202 1.68458343 1.05550027 1.22817004
    1.08925569 1.27174115 1.37558579 0.866491079 1.03640342 1.2707516
    0.888758481 1.31467009 1.74023426 1.04556775 1.08339345 1.05898321
    1.18124807 1.69155967 1.11622488 1.78778887 1.12095368 1.45777416
    1.7414856 1.55625868 1.58073854 1.14121962 1.39563894 0.823617399
    1.22293401 0.788366079 0.987092972 0.842118919 0.839721739
    1.37173915 1.21124256 1.13573253 0.871312141 1.19688702 1.25933671
    1.54761982 1.75679791 0.83722198 0.84890449 1.51638782 1.79229689
    0.829352319 0.836354315 1.50058031 1.04317367 0.985535502
    0.882277369 1.60541618 1.22017479 1.54897034 1.34148097 1.5687871
    1.5629704 1.54581416 1.28964102 0.786919713 1.66830039 0.962238789
    1.42049623 1.56657493 1.7433213 1.7108835 1.63874459 1.39795947
    1.56227028 1.17206538 1.45681453 0.926367581 1.28727436 1.82231879
    1.04860282 1.32590425 1.74694574 1.27383959 1.67211151 1.17464256
    1.03010857 1.32653725 1.64737082 1.78009927 0.983551562 1.12487173
    1.19129765 1.22075617 0.928943157 1.76316488 1.42378449 1.28903592
    1.32400882 1.36109793 0.852269411 1.02589607 0.813230336 1.27006257
    1.81434906 1.72035038 1.6200577 1.19082642 1.39621794 0.94039923
    1.5171504 1.00250006 0.850829422 1.07471001 1.41367173 1.46036458
    1.38942444 1.62602532 1.53164518 1.30383933 1.34837246 0.988923371
    1.79536915 0.859000385 1.09333229 1.76095223 1.08583534 1.598791
    0.946819961 1.65455532 1.68876946 1.36769605 1.51643705 1.70106018
    0.87138176 1.0855999 0.972730815 0.762656271 1.36551321 1.21714783
    1.66114509 1.15167511 0.889787138 1.20589733 1.42220509 0.872498333
    1.14821744 0.994177938 1.18191135 1.0122776 0.787438929 1.02560198
    1.23146796 1.16631866 1.74086225 1.5960207 1.36954319 1.03981149
    1.26232827 0.779554605 1.54931879 0.922688127 1.691118 1.38442206
    1.60784078 1.50327444 1.32304597 0.988249421 1.62775946 1.24870515
    0.965379655 1.15656388 0.589119494 1.01431441 0.895856559
    0.854275525 0.78945744 0.803919792 1.07494152 1.58694637 1.47954524
    1.59604275 1.6691308 1.30230343 0.830825925 1.23343706 1.37601638
    1.03122377 0.839244068 1.74126661 1.09185565 0.784281492 1.47398186
    0.785072029 1.40150857 1.25879788 1.62071121 1.63164806 0.966563702
    1.4347496 1.56191182 1.2906518 1.73224163 1.20699024 1.19210684
    1.3963002 1.25869048 1.4538219 1.76601231 1.54139233 1.59070003
    1.21259558 1.71248114 0.833979785 0.776132941 0.974747896 1.62980318
    0.91026479 0.830013216 1.04058611 1.152812 1.02864659 1.66433346
    0.821694851 1.73366058 1.08561265 1.63696826 1.23586679 0.832120121
    0.743511081 1.51966262 0.835263193 1.34250987 1.61274719 1.04487181
    0.739782929 0.954026401 0.854777157 1.4636302 1.07148576 1.71213257
    1.33933794 1.16277063 1.51523924 1.44289446 1.17907238 1.52754545
    1.81585848 1.37022543 1.52168691 0.90035975 1.79646099 1.32460403
    1.42328322 1.67053735 0.774974108 1.06987488 0.768077552 1.71635032
    1.17848921 1.70490241 1.02760744 1.21893537 1.52720332 0.793027639
    0.940835059 1.00068009 1.20984232 1.14911854 1.67467916 0.866871655
    0.991099536 1.4864682 1.40239429 1.22838521 1.5267669 1.14914846
    1.13496149 1.45212781 1.24436629 0.9625085 1.51861966 1.06498981
    1.52439439 1.19387031 1.62557662 1.17226565 1.13602173 0.806737185
    1.2152195 1.37860024 1.73807502 1.41551578 1.57345533 1.12592649
    0.801357329 1.64447975 0.823305428 1.41963148 1.22858942 1.58570886
    1.70024884 1.19933164 0.877144516 0.908357501 1.37802935 1.52215421
    1.01379228 1.00798404 1.02409625 0.851044059 1.06278777 1.24249303
    1.4500705 1.58783507 1.40049112 1.51659298 1.29438245 1.76672673
    0.892486811 0.820263326 1.26752973 1.18658853 1.7446866 1.18927658
    1.30222762 1.07185113 1.36855125 1.66583848 1.54883933 1.36253285
    1.62955415 1.01933753 1.48638618 0.973004341 1.07963717 1.70994496
    1.46173608 1.7627095 1.21065652 1.22693825 1.24707854 1.77316046
    1.35281587 1.77946973 1.80053747 1.64893591 1.65289736 0.775977135
    1.08313286 1.42945123 1.3411895 1.61978865 1.04928279 1.52562952
    1.22434545 1.30118561 0.965564132 1.74186754 1.00026059 1.20532036
    1.57159352 1.02161193 1.77068782 0.971400797 1.06370807 0.977642059
    1.49280918 1.04405701 0.871811926 1.32011938 1.09701788 1.49040616
    0.848491073 1.24354482 1.55098701 1.58058584 1.32405627 1.48606598
    1.31346095 1.58632648 0.876961708 1.72753048 1.58112693 1.41110206
    0.896156728 1.63944411 1.60075152 1.2197628 0.745917499 0.763154566
    1.48608422 1.17781103 0.868225276 1.65864134 1.27078068 1.64957881
    1.30119324 1.29059291 1.16429818 0.839968801 1.77646816 0.963583171
    1.52251685 0.915067732 0.797905564 1.0468899 1.21846902 1.59275484
    0.930357218 1.30587733 1.42078078 1.48107755 0.768384516 1.24009669
    0.884698212 1.33709621 1.49422824 1.46741259 1.04922235 1.6470089
    1.58698475 0.794615567 1.39955497 1.0923574 1.38925219 0.772707701
    0.886781812 0.556102991 0.485300779 1.16573596 1.22034454
    0.786958575 1.23068213 1.55038977 0.928591311 1.22122538 1.52151597
    1.48754883 1.00553393 1.73138881 1.44844735 1.07230592 1.22207427
    1.48723197 1.3159405 1.59467006 0.902034998 1.3801986 1.32673502
    1.24525595 0.762881041 0.816246331 1.22429943 1.71079826 1.19557393
    1.17623329 1.50464058 1.40561414 1.61639225 1.63411176 0.976677179
    1.72368097 1.1347611 1.33135056 0.928676009 1.03070891 1.00724542
    1.66981244 0.777398348 1.07986176 1.62515938 0.932626307 1.50297976
    0.891034007 1.48571002 1.48329628 1.21824658 0.821605325 1.02920461
    0.817879736 0.810283065 0.84209758 1.18477678 0.830251575
    0.912393212 1.24961364 0.9591555 1.28049219 0.724504113 1.05658329
    1.15901816 1.6693449 1.73179412 0.87588793 0.945127189 1.1226244
    1.50780332 1.38684571 1.07256448 1.50686145 0.897134423 1.74565327
    0.936113238 0.954733789 1.12889898 0.907791257 1.49775565 1.59775865
    1.69851613 0.772041202 1.02384472 1.0536381 0.876138985 0.860724509
    1.57829511 0.966062844 0.837149382 0.786778033 1.59909356
    0.783526301 1.0851202 1.46539986 1.76030624 1.56599152 1.74080193
    1.57761598 1.524863 1.07333195 0.890378714 0.98338908 1.45756173
    1.47758138 1.00369513 1.69955063 1.12365437 0.994147658 1.26699269
    1.39208889 1.66474175 1.62020123 1.3354497 1.39017487 1.34730113
    1.18647575 1.32282531 1.21954477 0.855444014 1.08225572 0.75985527
    0.920742631 0.753109813 1.3231138 1.41135931 0.931883752 1.77412426
    1.32760298 1.44325781 1.73939407 1.62856984 1.55739498 1.46411741
    1.79353619 1.33940387 1.04190087 1.78967631 1.4129138 0.862314105
    1.66783619 1.63044882 1.69235146 0.876355171 0.896701396 0.915975332
    1.22222912 1.78385139 1.31956327 1.02048421 0.955319166 1.22047567
    0.823724389 1.19231904 0.972975552 1.61961734 1.55371404 1.44979715
    1.28851986 1.04350209 1.31893218 1.33372867 1.82236648 1.81161058
    1.2892319 1.73215008 1.77628624 1.05269277 0.906825006 1.59425271
    1.28351545 1.03301442 1.15631986 1.58173847 1.65280139 0.984956145
    1.4453032 0.946038961 1.24208868 1.25417125 1.59510481 1.29915559
    1.68844044 1.11538887 0.840291262 1.44885099 1.26260245 0.856774688
    1.33709693 1.27884293 1.29463005 0.999760449 1.7467171 1.430004
    1.31588018 1.7876215 1.38180506 1.0641135 1.08807695 1.71349132
    1.04847455 1.51912344 0.863398612 0.866601825 1.34316599 1.1028583
    1.07770216 1.49565315 1.6047287 1.05694258 0.78889966 1.59869099
    1.2157464 0.976045549 1.49432123 1.0543251 1.65884984 1.57743132
    0.991330564 0.963407815 1.06846881 0.772907913 1.35721421 1.36845398
    1.11573291 1.63347363 1.0369674 1.55022085 1.69915009 1.06890047
    1.50510073 0.961163104 0.805992424 1.28932536 1.63063145 0.741460443
    0.874515593 1.41278684 1.33148825 0.965745628 1.62223029 0.985822678
    1.12601471 1.2349354 1.69033194 1.06439042 1.64416635 1.35177302
    1.43414509 1.39359522 1.35588634 0.962899268 1.52169251 1.3115232
    0.877344668 0.928514838 0.554622829 0.72229141 0.56071192
    0.590877175 1.41438055 0.83832854 0.797347486 0.817763269 1.17935228
    1.38421607 0.995308757 1.18362808 1.75676441 1.60859597 1.62458313
    1.70870435 1.19544005 1.42316377 1.12570918 1.1650914 0.897534907
    1.61506057 0.939111233 0.840759337 0.891954541 1.3409481 1.40102458
    1.67216277 1.31029296 0.838716745 1.74230278 0.979770184 1.13635111
    1.24802506 1.2462014 1.06558931 1.1551671 1.39115071 1.04717314
    1.73180568 1.08945966 1.08997679 0.977984667 1.46818602 1.14592552
    0.84606123 1.43385553 1.09886324 1.47201276 1.04662359 1.61261916
    1.72180343 1.37006712 1.73534894 1.59911382 1.41556489 0.74413842
    1.01857412 0.974080384 1.01478159 1.32476985 1.15660477 1.45269454
    1.48840678 1.0517931 1.28438318 1.41634989 1.12392211 1.12202394
    1.0666163 1.48946726 1.41237402 0.936077595 1.58190799 1.06088126
    1.65737915 0.956448197 1.5019995 0.947595775 1.39744139 1.7425859
    0.866055489 1.38889289 0.879166365 1.69434822 1.56247818 0.96534735
    0.889750659 0.901613057 1.41695929 1.12674916 0.974220216 1.48038113
    1.2718631 1.51515889 1.26280332 1.72419572 1.53724682 1.26547146
    0.875616789 1.55994976 1.7707597 0.909497499 1.25213397 1.49314129
    1.05091774 1.4379046 1.79452479 1.79357421 1.65507758 1.53591168
    1.4838326 1.75108647 1.3271668 0.81784147 1.72111034 1.31023645
    1.77254486 1.11840558 1.32900536 1.39912093 0.780623496 1.76387274
    1.04850209 1.35106325 1.32358408 1.36826372 1.26480722 1.2215904
    1.11443245 1.73046124 1.5007515 1.19824135 1.56953108 1.48068345
    1.18579245 1.58658409 1.53584886 1.3703407 0.988282681 1.54168248
    1.43016577 1.3706286 1.69654739 1.34833086 1.3029809 0.883512378
    1.63171148 1.05940497 1.1303966 0.930028617 1.15192044 1.00918579
    1.55828571 1.08562553 0.923250198 1.22554469 1.18142676 1.43095696
    1.53126407 1.39699769 1.6739614 1.4322418 0.965799749 1.76944566
    1.1654923 1.51456845 1.25150728 1.20870614 1.25224614 0.881492257
    1.00351834 1.44453394 1.42846465 1.12409317 0.852108002 1.35086465
    0.859496176 0.779529929 1.49655342 1.47071362 1.53145015 1.47628736
    1.75183201 1.63119316 0.886439741 1.29961634 0.881687582 1.11059713
    1.45682669 1.47780347 1.09610963 1.61088252 1.23685956 1.32123506
    1.62888741 1.67963469 1.27013814 1.58885467 1.7914964 0.874410033
    1.72348046 1.71999156 0.908893287 1.54908228 1.29849744 1.46618474
    1.02733326 1.72019434 1.11006939 1.07143497 1.75469673 1.46690333
    1.48783088 0.898206055 1.16545475 1.40966475 1.06954265 1.66286767
    1.36247408 1.26265049 1.00646031 0.852122188 1.45246792 1.39303923
    1.57140732 0.963156283 1.54279673 1.16959321 1.02088141 1.67868805
    0.798025548 1.21723354 0.812082171 1.36580753 0.886296093 1.25507152
    0.994862854 0.776209235 0.903830826 0.943644047 0.989949107
    1.37750363 1.10711539 0.766154706 1.33932221 1.2630918 1.35516477
    0.959441781 1.64158058 1.2230804 1.18027663 1.53923094 0.997222066
    1.50960875 1.41297519 0.930127442 0.944079876 1.32812595 1.16782153
    1.47361791 1.02717793 1.49871361 0.722360909 1.69423044 1.14905858
    0.951053381 1.24593866 1.15523827 1.58713603 0.795410991 1.05580199
    1.06823134 1.25820017 1.55448437 1.5717175 1.74206913 1.69304371
    1.34724963 1.2169311 1.7061435 1.55307531 1.29717183 1.02342772
    1.03946757 1.35234964 1.34396005 1.33710372 1.42627525 1.41083193
    1.09550226 1.68702292 1.54704046 0.775686383 1.53070295 0.969457746
    0.822114289 1.59954858 1.40448463 0.847956836 1.32682216 1.51649868
    1.6969533 1.4658345 1.01172221 1.50989091 0.886590898 1.00516427
    0.918535173 1.61671627 1.58411741 1.67216063 1.36203444 0.948404908
    1.10040987 1.3159771 1.26957464 1.57249451 0.878335118 1.55223477
    1.29562604 1.59611714 0.995825887 1.18597865 1.75099707 0.98546052
    1.22395003 0.866072178 0.838175833 1.57124376 1.71243215 1.25181866
    1.52273118 1.52708697 1.35543871 1.52072108 0.858095825 1.05091894
    1.43009424 1.61610711 0.920809388 1.55303895 0.786863327 1.39608943
    1.13985479 0.962557912 1.73199046 0.97824049 1.29897475 1.491552
    1.18078029 0.90294075 0.824374974 1.69458175 0.783471763 0.999677956
    0.901959717 0.925992429 0.89485389 1.60610306 1.27200806 1.10966289
    1.73855114 1.19859028 1.03937232 1.28347516 1.09341455 1.58628082
    1.30228245 1.3359977 1.69715965 1.23757172 1.05665052 0.910866916
    1.73301923 0.858488202 1.30033672 1.49741495 1.52504599 0.935487628
    1.13963783 1.53985691 1.40030229 1.08761466 1.7055788 0.943360269
    1.19288898 0.903085411 1.63862073 0.935256064 1.25076139 1.60325933
    1.29121578 1.0182184 1.41684306 1.58831775 1.67047083 0.901419818
    1.20053589 1.71090603 1.75451708 1.18589973 1.55536354 1.65711749
    1.69188666 0.988208055 1.33386064 1.60283399 1.45960665 1.24861109
    0.841425478 1.25774658 1.74328244 0.873482108 1.54784858 1.41484547
    1.12253273 1.60018313 1.40495574 1.34130323 1.75495613 1.60693419
    0.926715255 1.31006944 0.861500025 1.56743848 1.67172933 1.16090679
    0.896374047 1.77257943 1.31874263 1.08696866 1.45807564 1.41657424
    1.64253938 1.4845928 1.11876357 1.00718963 1.32855308 1.61557722
    1.51761138 1.26018572 1.44524825 1.78706336 1.42946851 1.65185809
    1.16574156 1.74184227 1.68821383 1.63203859 0.97479111 1.11370564
    0.969085574 1.34918785 1.30414093 0.902555883 0.934446216 1.18982625
    1.30354357 0.969798088 1.08069348 1.17437899 1.16740537 1.02166343
    1.66451371 0.823741198 0.91532141 0.85589695 1.63449001 1.35534132
    1.17730331 1.70734787 1.08336616 0.991966963 1.71706951 1.57877398
    1.29336536 1.48024917 0.97487843 1.78898466 1.6696142 1.63967669
    0.935943425 1.19723189 1.62347448 1.54667413 1.07853866 0.882170379
    1.51834655 0.76108551 1.10388219 1.30747283 1.4144845 1.02288043
    0.855985582 0.848116577 0.879657865 0.973131299 0.916088462
    1.64204848 1.66779411 1.22189283 0.918688893 0.835035086 1.38835418
    1.51391995 0.81926465 1.2190603 0.807298303 1.18814778 0.85727644
    0.783791602 1.37260389 1.22179782 0.904398561 1.39977181 0.892578483
    0.985796452 0.719834208 0.955359221 0.817179918 1.74075699
    0.901188433 1.78534961 1.69818509 1.18814266 1.57012367 1.26509595
    0.836609542 0.932735443 0.994423687 1.47912276 0.79303968 1.38974273
    1.00722301 1.09392154 1.49403489 0.877868772 1.72164345 0.783642352
    1.05778944 1.57749116 0.841988146 1.21897542 1.17312419 1.20972002
    1.18964076 0.757322609 0.772271335 1.55346775 1.32584786 0.757403493
    0.92306155 0.864511371 1.04897976 1.11928189 1.56940341 1.36270428
    1.08293808 1.15540075 1.62082303 1.48458469 0.801867127 0.941349804
    1.72798359 1.03292644 1.63281643 0.882600725 1.58206701 1.65836859
    0.813673735 1.06376362 1.48106337 1.21257734 1.04113579 1.51234519
    0.946692228 1.05552101 1.43638289 1.43866491 1.05136859 1.73568296
    1.55903339 0.898227334 1.32715559 0.849760592 1.59788406 1.76198912
    1.52114105 1.41346562 1.40120375 0.805459738 1.30486131 1.18897629
    1.44408762 1.1367569 1.26009631 1.60133958 1.56127942 1.31311166
    0.944781721 1.49797404 0.953781784 1.22760296 1.09907007 1.43553722
    0.786783159 1.27130127 1.44360209 1.5785532 1.51528871 0.842304051
    0.90325284 1.65673673 1.5085386 1.42039919 1.65172029 1.69880688
    1.16870046 0.834159493 1.27455056 1.12632096 1.12322402 1.64368963
    0.883945942 1.16298378 1.27696025 1.00822508 1.54693568 1.09254706
    1.48645008 1.49768484 1.23132551 1.72266853 1.46708202 1.07312965
    1.79860914 0.877475202 1.22254574 0.967376173 1.15888345 1.3632319
    1.46243644 1.26717663 0.931345284 1.44838786 1.52668369 0.964805305
    1.1602968 1.64618802 1.22620738 1.68009806 1.38532925 1.26273704
    1.29652143 1.49863005 1.45674014 1.2740885 1.41461658 1.71509004
    0.854931056 1.08070731 1.55304921 0.835760474 1.35084903 1.06970668
    1.13774014 1.10849226 1.11038864 1.14749599 1.7327832 1.63868248
    1.46304858 1.53426743 0.946654797 1.69601822 1.79871094 1.24678576
    1.65353668 1.75026286 1.27436233 1.55391943 1.1983664 1.46479225
    1.06720304 1.59593976 1.08253801 0.931743205 1.06722271 1.48576736
    0.92454654 1.3403089 1.59530401 1.07080591 1.69771039 1.50006378
    0.978398621 1.14542222 1.60605037 0.791004956 1.74538362 1.21187127
    0.989564657 1.1795882 1.80153918 1.64324081 1.44044566 1.086043
    1.10849667 1.77468514 1.19147408 1.19300485 1.26148295 1.67247987
    1.72059631 1.32114291 1.61569786 1.62745249 1.19556367 1.63226271
    1.62594521 1.03185761 1.31885254 0.881602466 1.13607526 1.71626723
    1.28234804 0.816946387 1.67997158 0.958276033 1.09056127 0.959280372
    1.49918187 1.50984097 1.62001896 1.73326313 1.68586695 1.77469909
    0.972608507 1.17142069 0.967031121 0.789078414 1.00688994 1.56311357
    1.73607385 0.803665459 1.06044543 0.804563701 0.769583046 1.47248101
    1.30238438 1.60461974 1.61223924 1.4605099 0.925990582 0.903423607
    1.74857545 0.838434279 1.68052483 1.1034044 1.22552001 1.18041241
    1.44198859 0.855997086 1.27507746 1.3898226 1.54211795 1.58976805
    1.4285059 0.567840695 0.52730608 0.678342521 1.33627796 0.624477148
    1.3058219 0.770157933 1.62745512 1.22075891 1.44224524 1.237813
    1.15086246 1.5175736 0.960993826 0.936055005 1.70170617 0.977624714
    0.766949236 1.19489694 1.02095568 1.36934543 0.930221915 0.829464853
    0.898189902 1.71360922 0.957902968 0.973037779 0.91901952 1.4914701
    0.855260611 1.31035447 0.82455796 1.14808834 0.848467946 0.844077408
    0.908430815 1.71421814 0.90010494 1.15711296 0.917770624 1.66613758
    1.51386309 1.59422743 1.36388731 0.795406103 1.71690822 0.901950717
    1.55184603 0.938827813 1.22525167 1.22351146 0.948607802 1.01842844
    1.51221347 1.0328176 1.53656709 1.2894125 0.967041075 1.01115096
    0.900278151 0.761536598 1.53205597 1.51417434 1.14638209 1.55053329
    1.66657174 1.46806371 0.946513474 0.811967969 0.813704073 1.53828049
    0.833184958 1.33454764 1.35074663 1.18851423 1.63388836 1.53650796
    1.01175129 1.52616739 1.27766347 0.827063501 1.5469234 0.976522744
    1.5600121 1.21124768 1.49767518 1.37035179 1.58197951 0.934851646
    1.63422263 0.918816745 1.32984006 1.45155704 1.29534709 1.55679655
    1.72973669 0.936487257 1.70040059 1.06874561 1.68739653 1.13023126
    1.08606327 1.36602449 1.25903654 1.14667797 1.20492303 1.3482964
    0.861198843 1.57426262 1.65663338 0.999299049 0.853472292 1.69937658
    0.981827676 1.58268654 1.03804827 1.62663984 1.28988075 1.6520164
    1.84935439 1.33141875 1.27680051 1.3916961 1.60496962 1.05389786
    1.5052799 0.87696296 0.943587184 1.15369332 1.45355117 1.36371231
    1.20033157 0.944946408 1.7958703 1.15610063 1.56056809 1.34436929
    1.34992576 1.04172552 1.09991348 1.78116751 0.982997358 1.71285737
    1.30018032 1.53047287 1.56608915 1.76444364 1.32425284 1.41492522
    1.06938982 1.28327918 1.60608721 1.35124576 1.38725579 0.892971277
    1.3845402 1.83025861 1.58114755 1.66353643 1.31353045 1.57780099
    1.80250752 1.36662483 0.856902838 1.24403334 1.686414 1.27549088
    1.63588762 1.60346389 1.14220035 1.13571477 1.4726826 1.13822818
    1.62981474 0.894437969 0.932750106 1.10137701 0.773923397 1.73061395
    0.766624868 1.41870356 1.02873349 1.67943871 1.21359301 1.31117404
    1.42731547 1.43237829 1.06290054 1.77091193 0.862484097 1.18315303
    1.18112886 1.73711789 1.60632229 0.896126091 1.5637424 1.07752728
    0.833325744 1.6639744 1.26520407 1.09435976 1.45455408 1.74420774
    1.52391112 1.37547231 1.56292439 1.16677403 1.36462498 1.65316498
    1.36865389 1.31777012 1.2578063 1.27537477 1.05212927 0.834143877
    1.77181888 1.01017439 1.21824396 1.58206511 1.51190984 0.837357581
    1.22365391 1.34334302 1.45947778 1.49349451 1.62717557 1.26656723
    1.44267046 0.911343455 1.5656538 1.13428938 1.61339331 1.38656926
    1.2805053 1.15518117 1.23398471 0.964262128 0.741949081 1.33358264
    1.11673105 1.09899068 1.22466135 1.09243965 1.2296294 0.859086037
    1.06559467 1.41603708 1.67422974 1.22747719 1.45668983 1.22662616
    1.50056994 0.85221529 1.36309671 1.36339557 1.46724355 0.899840772
    0.991650879 0.484732658 1.36163402 0.955530763 0.83210057 1.22008753
    1.32414007 0.839900374 1.62793434 1.32321179 1.71145344 0.999482572
    1.65511608 1.36806786 0.905780137 1.40309739 1.09239328 1.75209129
    0.945790589 1.3255142 1.10611391 0.889338315 1.28271759 0.933061302
    1.53022242 1.47984779 1.06694329 1.22933757 1.55871844 1.06337094
    1.52489126 1.10963488 1.49634016 1.46403384 1.65545177 1.61446023
    0.790448964 1.22577453 1.22639918 1.35100555 1.37843215 1.39187062
    0.963593364 1.38632143 1.06102598 1.07363379 1.22631645 1.43657684
    1.25433481 1.16977286 1.33815861 1.03166389 1.32942712 1.02653778
    0.888223827 1.43632531 1.53823936 1.25986791 1.31877697 0.923882961
    1.77344906 1.46350229 1.23746204 0.945404649 1.70816505 1.02340221
    1.05943358 1.59094906 0.782924235 0.878674984 1.21390891 1.58517897
    1.27509737 1.23870885 0.944926262 1.11287165 1.26829994 0.834308326
    0.933073103 1.55722332 1.47587216 1.18037879 1.18369091 0.800537109
    1.0393343 1.47484696 1.28895855 0.851613045 0.96486783 1.03035247
    1.33802307 0.999583662 1.40523505 1.69597483 0.971868157 1.64119565
    0.931133032 0.930725336 1.42997348 1.39212334 1.0627321 0.829203188
    1.56487179 1.27912164 1.5876838 0.948144019 1.09577858 1.56144392
    0.842499614 1.69374585 1.28972769 1.16096377 0.971815944 1.62421906
    1.16867602 1.59072661 1.13637149 1.56909418 1.6201632 1.58402359
    1.00411797 1.5285176 1.69537795 1.75653923 1.31441176 1.08175087
    1.20773375 1.76073825 1.65821421 0.793335557 0.87000525 1.19339323
    0.997653365 1.46006131 1.77066803 1.09976912 1.50814772 1.07160354
    1.77296579 1.69090807 1.69691086 1.18723571 1.23498225 1.60451949
    0.983620822 1.20107341 1.41489851 0.796394467 0.956691325 1.63904715
    1.10374224 1.24176192 0.947538912 1.45788717 1.18943357 1.8015691
    1.24865663 1.55525804 1.05051291 0.922345698 1.19202793 1.0816319
    0.876843512 1.75818861 1.474859 1.49863601 1.29524696 1.08477139
    1.28725433 1.71507275 1.69527602 1.14994395 0.886713743 0.746133983
    0.768655956 0.735328913 0.810661674 0.80562675 1.08865285 1.12051761
    0.790294349 1.19135571 1.37081289 0.806233227 1.73524439 0.853344142
    0.867935121 1.10258937 1.38595855 1.50626743 0.912655473 1.27730274
    1.64799774 1.24769831 1.47767508 1.68678868 0.855094731 1.35523534
    1.62632501 0.805826962 1.01266885 1.18970513 1.59144807 1.45127583
    1.60396969 0.916865289 1.10654676 1.57603133 1.74388731 1.6536324
    1.59529924 1.77397418 1.46842158 1.5212357 1.81703305 0.99061954
    1.65347981 1.81690061 1.61059773 1.66765428 1.26651919 1.33531249
    0.948513567 1.09517682 1.0541712 1.67851317 1.39188826 1.73536217
    1.60190439 1.70821655 1.19720626 1.57726347 0.856616199 0.746865928
    1.57314479 1.47374117 1.47565114 1.71405971 1.34242809 1.71801519
    1.48521566 1.20026231 1.29309344 0.815222383 0.794939458 1.79002857
    1.20514083 1.61207485 1.71320689 1.72135186 1.73766077 0.835301876
    0.863884985 1.45392406 0.923965931 1.16366827 0.64353776 0.551616609
    0.833418489 0.653442085 0.7039451 1.59574258 1.64353716 1.6718266
    0.931646407 0.896033227 1.15168536 1.51120961 1.12719572 1.70395947
    1.40373504 1.36735928 1.4680537 1.2884419 0.915351689 1.68289387
    1.7546308 1.13725019 1.5423671 0.998386323 1.41241515 1.68942046
    0.842685342 1.12076855 1.6657536 1.27703881 1.11959541 0.854102731
    1.32064354 1.28274989 0.859185755 1.05832338 0.920459867 1.4949621
    1.08185661 0.782027841 1.73407257 1.20122159 1.2028501 1.41337752
    1.18127704 1.04692829 0.888910651 1.50588953 1.42788076 1.40640843
    1.52149391 1.03216457 1.46692777 1.51626229 0.961535335 1.04335284
    0.862443745 0.988703609 0.868037164 1.08167756 0.992937624
    0.923437655 0.92090553 0.976857305 0.860785663 1.32376814 1.78027952
    0.801844001 1.43164122 0.953917205 0.853841662 1.60296333 1.24929845
    1.16550088 0.85148859 1.17135966 1.43883824 1.14675283 1.68517911
    1.75635421 0.91250658 1.0510819 1.01732862 1.45681632 1.24569452
    0.809288621 1.7009244 1.59391642 1.65101278 1.26209402 0.790489435
    0.812627852 0.80586201 1.69365597 1.15326869 1.13025212 1.27344453
    1.52119076 0.784526706 1.63458931 0.9293589 1.24638379 1.05098045
    1.27756751 1.02523232 1.68495357 1.74657071 1.77678919 0.844537616
    1.54636419 1.55327654 1.6690675 1.0355655 1.12537038 1.17886531
    1.16961241 1.71163988 1.47294641 1.60253477 1.47545838 1.61783898
    1.54905653 1.23879004 1.44526517 0.955253005 1.048522 1.40449584
    1.53294206 0.825001538 1.3988744 1.10681164 1.59657061 1.15311718
    1.36594963 1.3178618 1.4712069 1.35257339 1.12469828 0.971682429
    1.28209364 0.913159907 1.32012486 1.54836762 1.00575709 1.14983058
    1.81058788 1.23832691 1.1368469 1.25595069 1.01307964 1.12546122
    1.47091806 1.66432154 0.990003347 1.36593628 1.69737411 1.37117946
    1.3641113 1.55150723 1.1401335 0.904409528 1.60563278 0.932204604
    1.28871167 1.59301138 1.37557006 1.68830884 1.38091588 1.11784577
    0.995244443 1.14914298 1.54204321 0.960664749 0.874195993 1.19601703
    1.71595609 0.964030147 1.69708657 1.55354285 1.18925762 1.08420134
    0.957988739 0.992657244 1.60854268 1.05104554 1.0368489 1.06019902
    1.43999839 1.57319522 1.08669329 1.29222286 1.44941485 0.89813143
    0.799623549 1.62383199 1.13854861 1.65888238 0.938714027 1.17329979
    1.63188696 1.59083033 1.07373226 0.838366568 0.867766857 1.08992136
    1.09155095 1.68228674 1.40234065 0.899140179 1.49142778 1.74278975
    1.77670538 1.25133705 0.838331282 1.78356922 1.34065843 1.5876075
    1.75536895 1.44587123 1.43778753 1.59169579 1.19504774 0.894418776
    1.15879846 1.25252211 1.42771435 1.24439192 1.37536573 1.37517893
    1.21435809 1.5693897 1.21993899 0.97631973 1.0604682 1.51072073
    1.59910512 1.27907503 1.59567022 1.10449493 0.932192504 0.931082666
    1.03967714 1.07736886 1.75652659 1.49310589 1.24290645 1.67845845
    1.16001797 1.57763755 1.02183628 1.54615664 1.38107193 1.07008576
    1.43054342 0.933597386 1.45783103 0.968245983 1.22389293 1.06273782
    0.685198128 0.898435771 1.2707032 1.4391315 1.23636544 1.09840798
    1.75766611 1.68927503 0.936887741 0.868387163 1.12870717 1.0050962
    1.09793711 0.998107374 0.966828704 1.09796631 1.16189528 0.921581388
    1.61809969 1.03369653 1.61717749 1.25923049 1.35882127 1.61506557
    1.32533693 1.58037627 0.748556852 0.783594131 1.22845066 1.43930674
    0.74972856 0.87318325 0.864552915 1.59152603 1.70558798 1.12480652
    1.54020047 0.858204663 1.69375944 1.52630651 0.835220695 1.43927252
    1.44735217 1.27037203 1.65735757 0.974347413 0.825420976 1.21879923
    0.798289537 1.57658744 1.01652277 1.47115445 1.40589511 1.28046775
    1.40375936 1.19688022 1.58452475 1.4674865 1.75960267 1.27740324
    1.81067467 1.81180131 1.50067329 1.56905818 1.69936073 0.953256249
    1.20634782 0.961793661 1.14997077 1.51198757 1.6901499 1.32360005
    1.1670022 1.7616775 1.67345977 0.940617979 0.994867206 1.15646648
    1.54144049 1.45028055 1.03378272 1.54817712 1.0488224 1.44415522
    1.60228729 1.12443459 0.917972803 1.25262856 1.585271 1.73707974
    0.837718248 1.76314199 0.819315493 1.00340879 1.66364181 1.134884
    1.01710999 1.07911348 1.71864474 1.12070978 1.03945673 1.04006207
    1.73049748 1.14180589 1.47973132 1.57357466 0.992462218 0.872504711
    1.19219959 1.02703631 0.828780055 0.840627611 1.0369302 1.31047201
    1.31407344 1.77657175 1.69236207 1.25834727 0.884846151 1.66256094
    1.08920407 1.60734248 1.13689566 1.60848296 0.98111701 1.03321028
    1.02216482 0.834719837 1.65191257 1.13039744 1.65237021 1.43981016
    1.45968115 1.16217124 0.806549728 1.66790354 1.67854476 0.814080775
    0.924799085 1.15616536 1.25936282 1.4789995 1.41909242 1.1543982
    1.43430233 1.53606153 1.73826432 0.899968505 1.3762238 0.948095322
    1.3926158 1.07115769 1.66669667 1.5443505 1.80134022 1.38790894
    1.34800851 1.33122432 1.51541805 1.59723711 1.27543259 1.32169092
    1.59981537 1.26670563 0.901082516 1.64044046 0.88157624 1.31953728
    1.74214351 1.16679466 1.74658227 1.11114585 0.882623315 0.989918709
    1.42049897 0.980393171 1.20765126 1.76152456 1.02994633 1.53398752
    1.77390182 1.07588673 1.66991603 1.03030217 1.19336081 0.740818799
    1.25125623 0.903385937 0.796512187 0.889988184 1.30272138 1.29301715
    1.38701594 1.31624424 1.03843653 1.07220531 0.986494541 1.37243032
    1.37998426 1.6222868 1.13249207 1.78276002 1.2618742 1.50849533
    1.12421203 0.972608328 1.72844267 1.18101418 1.4392668 1.50852525
    0.946481586 1.58198702 0.85360837 0.797848403 1.43964458 1.33537972
    1.67250299 1.02625096 0.868746579 1.34192681 0.869394898 1.62298524
    1.63658059 1.14408588 0.873450518 0.99759233 0.837976635 1.26031351
    1.05410182 1.53360415 1.17833138 0.731553853 0.965450168 1.1628679
    0.86684972 0.865655422 1.37550938 1.40860367 1.65996468 1.74053431
    1.63966548 0.909669518 1.26226079 1.04520023 0.822955668 1.59187496
    1.28405333 1.06042755 1.22394729 1.15013337 0.648471355 1.02036476
    1.15139782 0.93757844 1.01503778 1.43114316 1.38396394 1.65824878
    0.884697556 0.971098602 1.68303478 1.1835686 1.25175071 1.26700234
    0.910644948 1.40534604 1.31807029 1.56417799 1.54919958 0.825372279
    0.819069564 1.58431411 1.72962141 1.39175856 1.20429718 1.32375777
    0.833358467 0.895140171 1.54748237 0.899438322 1.57714868 1.24334884
    0.924179316 1.27096272 1.51745009 0.866813123 1.51904809 1.70620918
    1.37581396 1.72871327 1.14776981 0.966931343 1.01116824 1.64796078
    0.929540038 1.08374679 1.43959618 1.3885529 1.51796341 1.51581788
    1.49133158 1.64582753 1.29254377 1.49395347 1.61771965 0.776865005
    0.779023647 1.42868865 1.08024275 1.34746253 1.72154343 1.18627584
    0.820321977 1.55443168 1.37880003 1.70750988 1.76210618 1.51186514
    1.20423889 1.7662822 1.50792885 0.961110055 1.71806717 1.22483468
    1.12930334 1.3352052 1.52247775 1.18777573 1.70472372 1.10540915
    1.7092278 0.824745774 0.809824944 1.2809844 1.09015286 0.846399963
    0.803298056 1.33988667 1.1577822 1.14838099 0.956362903 1.71691132
    0.899001598 1.10603106 0.953438044 1.66745484 1.42514992 1.30995655
    1.50325024 0.922893167 0.988562465 1.50698352 1.13635397 1.75744522
    1.02600002 1.25571048 0.929436326 1.65396309 1.77982497 1.44603467
    1.36437511 1.19983673 1.29753447 1.10259068 1.29774642 1.77342713
    1.45337582 1.81761086 1.79283953 1.58741975 1.8270818 1.86264491
    1.70201564 1.45082235 1.78815293 1.67506063 1.11917758 0.861592054
    1.36877048 1.25164151 1.4935112 1.0115236 0.937454283 1.7094506
    1.36620986 1.10842919 1.75020993 1.5786494 1.21116662 1.19113934
    1.28258789 1.45425224 1.36161768 1.18821359 1.37139356 1.46785021
    1.64856458 1.59422255 1.71926713 1.09378052 1.23347151 1.32710207
    1.45599604 1.01492023 1.02611971 0.964959085 1.50678682 1.62606061
    1.4528271 1.27988029 1.6143645 1.01779497 1.41214395 1.06934166
    1.80204678 1.70595777 1.78009403 1.58381844 0.832832754 1.5739572
    1.04193139 1.31914222 0.952274621 0.812032819 1.16324699 1.14651608
    1.44765139 1.72000623 1.667346 1.20521176 1.44928324 1.53943944
    1.44903982 1.32845783 0.841466725 0.85957396 1.49672246 1.37942159
    1.5466665 0.835173011 0.852422059 0.767830849 1.13271677 1.65931404
    0.788713753 1.61163366 1.16478276 0.734243095 0.769958198 1.20431077
    1.56272626 0.787965178 0.809642673 1.51070356 1.13009965 1.08656478
    1.66658211 1.75185895 1.70361519 1.44957101 1.7700845 1.2703917
    0.87759006 1.29453933 1.71042323 1.04011965 1.72331035 1.59075689
    1.34234202 1.52247286 1.40562594 0.857471526 0.817118883 1.51487076
    1.62532628 0.825551867 1.24955392 0.919234931 1.01585984 1.69808078
    1.05098593 0.897880197 1.22061825 0.987245381 0.94494164 1.01062286
    0.718781471 0.711839855 0.776011169 0.958559275 1.60912955
    1.46497476 1.4339819 1.17564785 1.05816913 1.32679081 1.12599111
    1.56638515 1.7490505 0.915593505 1.81532431 1.01441443 1.33805418
    1.00044203 1.61651945 0.795679152 0.958931863 1.20381606 0.80673635
    0.845089495 1.1901859 1.43992925 1.10039556 0.941071987 0.806632102
    1.40314341 1.38882875 1.40654421 1.54307556 1.37533581 1.71457672
    1.30546725 1.40892351 1.34091616 1.2788949 1.56347167 1.78290427
    1.09941161 1.77819669 1.47451568 0.844615877 1.21594131 1.77306712
    1.47144663 1.55242825 1.16934264 1.37420595 0.796924651 1.03313088
    0.850373685 1.05568635 1.65138209 1.35249829 0.77109921 0.932338178
    0.784693122 1.65761983 1.19491065 1.64568925 1.66310596 1.06562591
    1.39392102 1.00713623 1.46819448 1.694803 1.19751358 1.18427539
    1.67715371 1.75733316 1.39150512 1.49470222 1.37049937 1.175529
    0.931846738 0.902125597 1.16770566 1.04506934 0.853981555 1.37550366
    1.55962789 1.14150584 1.37782502 1.81935596 1.48374152 1.70062566
    1.73728073 1.42816043 1.52784801 0.918165088 1.50333226 1.44544661
    1.21559894 0.838047981 1.1317122 1.23131871 0.81517148 1.45687103
    1.2446909 1.32544148 1.17347312 1.57667911 0.89526552 1.4882338
    1.22851455 1.06258643 1.71573269 0.994882226 1.69855571 1.13602591
    1.64802194 1.11025941 1.0284158 1.03864336 1.13633358 1.01795805
    1.73886979 0.748606443 1.33884966 1.52873504 1.55934584 1.56373274
    0.939663589 1.53551161 1.55846429 1.56276703 1.6951741 0.876426935
    1.28786588 1.16696882 1.6773355 1.30010891 1.49404919 1.4752816
    1.05171287 1.76026285 1.64702785 0.894496679 1.66044176 1.65857184
    0.986245394 1.04816747 1.37523675 1.77295685 1.00212669 1.41700077
    1.30148387 1.48158073 1.60077095 1.71360254 1.0360775 1.26142526
    1.70717072 1.47951555 1.24248445 0.849384785 0.993115842 1.22076499
    1.36449671 1.4471879 1.25264621 1.02602196 0.887271702 1.28337395
    1.06669152 1.04471183 1.43960202 1.08579588 1.29015648 1.57801354
    0.963229835 1.63279963 1.62929213 1.46534121 1.44940877 0.924972534
    1.8043474 0.915068269 0.850055158 1.6694746 1.5086776 0.867113173
    1.21707606 1.35235906 1.31875896 1.47275269 1.31734836 1.71609354
    1.05324078 1.07458508 1.68447268 1.1128515 1.52221954 1.69691968
    1.73963428 0.939236462 0.911506236 1.46184468 1.36767209 1.41459429
    1.2475487 1.60477781 1.21211243 1.74537086 1.6691277 1.14783156
    1.44193184 0.823102236 1.38531232 1.46231973 0.772317231 0.982353687
    0.759366632 1.41257632 1.1345551 1.16947651 1.14230239 1.32248807
    1.27052581 1.49017346 0.979954362 0.950883031 1.34704244 1.38566995
    1.23134327 1.761446 1.63262296 1.08423483 1.01623487 0.803638279
    0.878187001 1.57893777 1.01083481 1.71694338 1.04322433 0.927993119
    1.48707843 0.82072705 1.0930804 1.43291485 1.02268112 1.07955682
    1.48072696 0.946808934 1.49290812 1.54682469 1.74864113 1.74957597
    1.33243895 0.756075025 1.31207561 0.941879332 0.937853217
    0.841676533 1.61075115 0.975720525 1.20269024 1.1183461 0.958623707
    1.08570039 1.16311419 1.66534281 1.25038159 1.40405774 1.0478698
    1.78001451 1.0211978 1.07641459 1.72112632 1.00710225 1.78286731
    1.36465144 1.52325356 1.07424009 1.44697452 0.500557184 0.494634569
    1.31875086 1.1247133 1.37145352 1.55328071 0.896894634 0.934213459
    1.28513551 1.05880833 0.786329448 0.777699769 1.16406929 1.64664876
    1.05139637 1.07942951 1.61146784 1.66408026 1.78258252 1.60423303
    1.75954819 1.39546704 1.19836473 1.45555592 1.17399764 1.54829001
    1.75935328 1.51882863 1.02651668 1.2515732 1.64492655 1.59868801
    1.52090931 0.80115068 1.38329947 1.07689226 1.03869104 1.45072138
    1.12529802 1.24991536 1.72379196 1.26071382 1.29354823 1.04844081
    1.80480301 1.58582163 1.00315297 1.31818891 1.37209761 1.3629235
    1.65868258 1.75007212 0.81710577 1.08968329 1.09304583 1.14486516
    0.76261884 0.965523422 1.40844941 1.02639544 0.788703382 1.09588611
    1.12793994 0.924903691 1.65806758 1.41827047 1.67614901 1.03602517
    1.61364532 1.43788636 1.11030042 1.66603124 1.12638795 1.40596926
    1.55868173 0.911922514 1.06233811 0.950408757 1.06874132 1.54657316
    0.925108194 1.33131433 1.49874687 1.27490795 1.08082342 1.33573091
    1.62173557 1.67874181 1.46345532 1.53113377 1.41067505 0.862192869
    1.58911514 1.30266654 1.42498446 1.3631376 1.06973159 1.19010842
    0.825232744 1.04113579 0.998952866 1.32341456 1.31398857 1.50175643
    1.68717945 1.2841692 1.23986745 1.05650318 1.04751945 0.886398196
    1.32753587 1.65831351 0.886748493 1.42567444 1.47018051 1.06948602
    1.36893976 1.84080195 1.7714498 1.73170459 1.65689707 1.0363307
    1.41812921 1.65691221 1.50324464 1.32059824 1.85182059 1.22095418
    1.28119612 1.21154344 1.25231814 1.74467206 1.6609571 0.948243618
    1.64199567 1.73175156 1.24637568 1.62953985 1.04472184 0.867516935
    1.29930329 1.3113519 1.07733333 1.40255749 1.69041586 0.888355374
    1.76147449 1.53603828 1.73893654 0.808796644 1.48355949 0.931065977
    1.45032465 1.82597947 1.62611091 1.49479115 1.71624577 1.4518224
    0.84521997 1.25993633 1.03510702 1.63228667 0.954000413 1.77955151
    1.29976213 1.54274321 1.45830059 1.37097025 1.11620152 1.53862333
    1.3270539 0.855367541 1.24821508 1.37052357 1.38471806 1.3555752
    1.33458626 1.8235327 1.77045166 1.35916531 0.932209432 1.52787805
    1.06564248 1.49492323 1.29640377 1.33267057 0.982714593 1.12572479
    0.767622113 0.786695898 1.57975888 1.54064775 0.755237222
    0.716954648 0.844076216 1.60245872 1.0881139 0.958940506 1.12894356
    0.925542891 1.32540381 0.925500453 1.06399703 1.73630571 1.04417491
    1.08808732 0.811695695 1.01771045 1.12404037 1.37107396 1.70852649
    1.16289604 1.67731845 0.925424635 1.40118372 0.779039621 0.755192101
    0.84009546 0.918777287 1.26965725 1.6964339 1.06444061 1.5394268
    1.21983361 1.20933533 0.892636895 1.47240877 1.54088008 1.54657304
    0.790013015 0.795821011 1.49960756 1.04834819 0.827801943 1.66122675
    0.879363656 0.802507341 1.0121491 0.905078828 1.39886844 1.31416106
    0.867345214 1.47199702 1.70446873 1.18197811 0.871527851 1.31605709
    0.979966998 1.67711484 1.13666284 1.20893884 0.84774214 1.59944391
    1.63320625 1.34853494 1.38839102 0.854708731 1.26927102 0.845901191
    1.09092915 1.24565732 1.61449754 1.54360855 1.67986202 1.69768202
    0.841356218 0.903132021 0.985245764 0.83744961 1.77082217
    0.842223108 1.62572634 1.12524426 1.60779691 1.00980699 1.46950877
    1.55654216 1.0131253 1.72895372 1.12556553 1.05399656 0.966204107
    1.25796056 1.47859883 1.14139926 1.47783256 1.08570528 1.59232926
    0.795634925 1.23654616 0.943172872 0.917670548 1.22982514 1.59345603
    1.4011451 0.900201082 1.68007505 0.922682106 1.38888049 1.21063089
    1.78862333 1.3908726 1.54399991 1.43276095 1.77694738 1.58546162
    1.5752393 1.6658324 1.33195734 1.52394664 1.04548907 0.975426972
    0.858252347 1.03342259 1.56842589 1.4924767 1.68937421 1.44112206
    0.902008176 1.43928838 1.77501225 1.16926968 1.65136719 1.74837017
    0.889314473 1.30654311 1.60517228 0.894076884 1.32190716 0.865041435
    1.32824707 0.87079066 1.1503967 1.06866193 1.48939407 0.916919887
    1.56413829 0.894728839 1.6862973 1.76474988 1.27519357 1.09026599
    1.52312994 0.821783781 1.32795143 1.49418807 1.55197299 1.28935981
    1.23292935 1.48069263 1.75357246 1.48046219 1.64504468 0.781623006
    1.25182021 0.830455303 1.36719108 1.53376496 0.841133535 1.65999794
    0.926729381 1.53524709 1.32000101 0.996204555 0.831661701 1.73091567
    1.79042256 1.45087874 1.04162979 1.53842902 1.58869696 0.850017548
    1.18563139 1.75054419 1.64885092 0.934175253 1.11578798 0.933166325
    1.15427887 1.55491543 0.925587595 1.70871532 1.64380586 1.08660507
    1.77224231 1.073246 1.40636742 0.879876673 1.1942755 1.77874577
    0.891936958 1.40267313 1.27402318 1.43293703 1.56354713 1.08242059
    1.10470819 1.21155119 1.22795093 1.2740978 1.50441515 1.46442235
    1.0143944 1.43935299 0.875846922 1.19434464 0.873788416 1.36984682
    1.75879192 1.26821148 1.07556081 1.4969331 1.73959494 0.942863941
    1.43323946 1.12428451 1.57639194 1.23684514 1.2954663 1.52485681
    1.08306396 1.32215142 1.39034724 1.16320837 1.03688455 0.831550479
    1.55742586 1.21831894 1.76993847 1.38173878 0.865187049 1.14330864
    1.46458793 0.925921559 1.80929005 1.43430698 1.56727469 1.1379348
    1.53610694 1.06346691 1.28958988 1.4923315 0.874076605 1.26005805
    1.25198328 0.842363834 1.69815123 1.4344914 1.34681952 1.33877635
    0.882809103 1.25238037 1.23230243 0.939467907 1.25031853 1.63698864
    1.44482064 1.4071548 0.790166736 1.22305679 0.830736578 0.972144067
    0.823249578 1.40682673 1.65467966 1.28066981 1.73221016 1.01014721
    1.0857023 0.752923727 0.746306419 1.08719289 1.36416209 0.812767386
    0.790922642 0.938632131 0.796930611 1.20025611 1.02742064 1.68668497
    1.43618441 1.52407134 1.28031993 1.10016143 1.4632231 1.45475626
    1.08024549 1.34840477 1.34324515 1.21706426 1.48272383 0.804093778
    0.850445509 0.84316653 1.35304236 1.65297747 1.06892526 1.36261249
    1.69060636 1.21233714 0.893119574 1.62172866 1.5767796 1.21852612
    1.1166966 1.31331897 1.77337384 1.01135755 1.30377877 0.958918333
    0.918377757 0.849207461 0.670404196 1.18033361 1.54750526 1.5977056
    1.01007307 0.899052322 1.36784697 1.35001397 1.31604457 1.00386262
    1.2824043 0.986298442 1.59342766 0.955783188 1.38589215 1.4373225
    0.841586471 1.64059389 1.56847727 0.888563573 1.70434558 1.05678952
    0.864094913 1.25069892 1.01125026 1.52970898 1.56774116 0.948786974
    0.998331904 1.19374835 1.30560923 1.1819309 1.54603505 1.41410029
    1.64746761 1.10896611 0.835116565 1.7148422 1.54665148 1.30110109
    1.78003359 1.48902655 1.71976089 1.34515607 1.04991043 1.66013122
    1.42740083 1.34305203 1.83578694 1.07122457 0.86610806 0.93877995
    1.27772629 1.50165641 1.043419 0.762058616 1.60208344 0.698556006
    0.807900786 0.723517418 1.72751904 1.09203529 0.972559571
    0.845026374 0.910762489 1.68010771 1.76021779 1.2187835 0.908786774
    1.47036242 1.78713703 1.70175791 1.13466656 1.61870182 1.23344684
    1.71584547 1.57261908 1.14978814 1.72447741 1.55845988 1.36153579
    1.65312552 0.979861081 1.25786042 1.67973542 1.63357317 1.03733194
    1.35338926 1.43851578 1.00759578 1.08626473 1.08457196 1.78735137
    1.1626066 1.0672456 0.936613202 1.34633982 0.8738904 1.59120715
    1.00774765 1.12769926 1.12993312 1.14905202 1.30152047 1.46244931
    1.03881919 1.30225623 1.19680858 1.47875154 1.14394951 1.00271523
    1.09231269 1.7123723 1.14316916 1.37901247 1.24748266 1.65546656
    1.46844602 0.826391876 1.10584986 1.73108757 0.88063103 1.79657793
    1.70524287 1.67702198 1.53387082 1.80943525 1.1603539 1.57032287
    1.57027698 1.7200954 1.16251826 1.29367661 1.16430235 1.4161613
    1.74717426 1.64605319 1.80174506 1.25766838 1.52703714 1.57560945
    1.54272068 1.55194521 1.42437327 1.24068391 1.35745072 1.07114065
    1.47528911 0.970005453 1.64920557 0.947651327 0.976915479 1.1402992
    1.2099396 1.56351113 1.10955381 0.926188111 1.40791535 0.874024332
    1.3335166 1.81585622 1.02306592 1.00135434 1.31209636 1.51554406
    1.77422643 0.827521443 1.76305079 1.76277959 1.11082101 1.55451787
    1.34972155 1.25724888 1.07150626 1.77478838 1.78230119 1.8346653
    1.85993075 0.929030538 1.62915969 0.940806568 1.15315974 1.1152916
    1.07742906 1.77514195 1.60289097 1.47865522 1.42438197 1.60027337
    1.04878187 1.73872793 1.2874856 1.05733252 1.26708317 0.862410605
    1.18717384 1.68463504 1.35467839 1.2764647 1.4425751 1.18499625
    1.67707336 1.14017761 1.47189093 0.939472556 0.965962768 1.68181014
    1.28891766 1.54752898 1.62196422 1.59354115 1.09946978 0.859032869
    1.14086652 1.24051654 0.735403717 1.0645647 1.55397129 1.64242721
    0.827336788 1.17046809 1.67267156 0.795197546 1.32284808 1.651456
    0.898014426 1.24912322 1.52028704 0.85783875 1.01434886 1.18457949
    1.71269763 1.35060763 1.56919324 1.56352866 1.31071675 1.54696894
    1.1449033 0.940505564 0.878977597 1.64094627 1.40135062 0.983269095
    1.64793813 1.55704105 1.50090897 1.16856456 1.48093939 0.913664937
    1.36616218 1.675596 1.6885041 1.56091809 1.57832551 0.68800801
    0.942421019 0.661479831 1.28088903 0.645591497 1.16877782 1.52365911
    1.67214727 1.47287214 1.29802096 1.60763311 1.30040622 1.6504308
    0.810746372 1.41315055 0.807040334 0.95741111 1.45515311 1.17974889
    1.44537163 1.63794959 1.29277825 1.37732518 1.1784879 0.945755064
    1.24411952 1.29558039 1.76559484 1.2075597 1.75993669 1.44521737
    0.870629787 1.54294431 1.14120388 1.22873139 1.03555679 1.71624899
    1.24102616 0.810277998 1.34882641 0.867502213 0.920771837 1.40704179
    1.10174692 1.66056693 1.35874999 1.83385766 1.2511816 1.78815365
    1.29340923 1.54673743 1.12219334 1.13769627 0.804528236 1.49022305
    0.931899667 1.20080662 0.780642509 1.15190971 1.02606606 1.32045865
    1.40852571 0.911045849 1.68004477 0.917578101 0.795767725 1.70866585
    1.67462206 1.3601042 1.8264637 1.80176544 1.13539219 1.26291466
    1.80468857 1.71014476 1.03159165 1.51785445 1.43225169 1.38163853
    1.55085826 1.24633217 1.17431009 1.26201701 0.988163531 0.81212604
    1.34996212 0.804268062 1.68559611 1.05837238 0.951621473 1.04726732
    1.55402696 1.64607096 1.37640595 0.947039604 1.78686571 1.2778368
    0.907954395 1.48532033 1.27843535 1.24805319 0.755201399 0.790225685
    1.15399492 1.24880552 0.9730196 1.39651084 1.74442196 1.12766063
    0.890536249 1.01337385 0.906181335 1.15195727 1.53741407 1.30043507
    1.58097553 0.828385055 0.856498599 0.797240615 1.36013436 1.58261144
    0.989809513 0.974586666 0.914386511 1.75481808 1.17217815 1.17799079
    1.59649503 1.20010281 1.82985604 1.84589112 1.46483159 1.29278862
    0.936631382 1.65010846 1.44379425 1.13055539 1.12486053 1.77465391
    1.75191557 1.80414426 1.02835858 1.58524406 1.56944454 1.06455517
    0.906723082 1.41333866 1.38105679 1.17518485 1.73657179 0.893425941
    1.17181706 1.81069279 1.49795437 1.60635293 1.30091178 1.50485933
    1.42054152 1.08863461 1.26217306 1.30229127 1.76693618 1.2066263
    1.55102181 1.02123988 1.38692486 1.53451228 0.896473348 1.44444132
    1.39490485 0.959375262 1.05959189 0.896986842 1.23657238 1.73321986
    1.25623512 1.81930709 1.30879903 0.953149796 1.53457582 1.75225151
    1.35627663 1.48614025 1.63535929 1.19528055 1.14567792 1.50494504
    0.871249437 1.43455553 1.13488603 0.979640663 0.970520854
    0.878420651 0.781990588 1.20259428 1.53065479 1.05599153 1.49480772
    1.24700356 1.05129862 0.82160306 1.70703578 1.72844255 1.54925597
    1.74057424 0.842656016 1.09811461 1.28961027 0.905272007 1.32382536
    1.10022712 1.28880322 1.17423189 1.69888186 1.28872418 0.974223197
    1.37570775 1.29969883 1.62950909 1.31329882 1.45923316 0.809297204
    1.11567473 1.09160745 1.09498811 1.69085348 0.854114354 1.00383389
    1.41817009 1.34937012 1.4176048 1.19881964 1.36240745 1.64570034
    0.934369087 0.793774486 0.803001165 1.31390905 0.812264085
    0.834613562 1.55387926 1.26117563 1.10709131 1.63353395 1.66533971
    1.39119387 1.41312861 1.31967604 1.39007223 1.03379965 1.75281036
    1.82705104 1.77408946 1.80187428 1.49882388 1.15782392 1.11140227
    1.2053262 1.08326626 1.48248708 0.871914804 0.923294783 1.71086669
    0.841691375 1.354128 1.36933804 1.73037791 1.74117064 1.71808195
    1.02423882 1.40381265 1.57631063 1.70886266 1.10845935 0.828042984
    1.73013377 0.892173648 1.76441002 0.912872791 0.799388349 1.0664885
    0.902403951 1.69632494 0.914280891 1.34706819 1.18061352 0.955516577
    0.859941959 1.55717444 1.61849797 1.06134129 1.21872365 1.28924203
    1.3286953 0.895164073 1.35135591 1.07139754 1.36594951 1.29486382
    0.960780978 0.941601455 1.08255553 1.59611392 1.7814095 1.18444133
    1.15944147 0.97303468 1.75863254 1.79108894 1.51135039 1.16101599
    0.870224774 0.961692393 0.754171193 1.09921551 0.721442044
    0.935462296 1.24199986 1.03015184 1.04950929 1.22276139 1.0230211
    1.0706532 1.64633143 1.45344508 1.26104629 1.65830243 1.3391732
    1.29261053 1.01519156 1.81458056 1.45374584 0.856581092 1.64559436
    1.17797649 0.937972665 1.66919386 1.19092143 1.34114945 1.38507986
    1.00965464 1.01338458 1.03275025 1.51914954 1.04257429 1.09371984
    1.46838999 0.932178855 1.73196936 0.862464666 0.953871369 0.90860033
    1.19306433 1.71133351 1.71406066 1.39461577 1.27190471 1.10220242
    1.08781707 1.60472727 0.803750277 1.00809526 1.45724523 1.80319703
    1.24826515 1.81598222 1.40776253 1.65509224 0.936680734 1.22890067
    1.13413095 1.5795542 1.46767616 1.11604071 0.882477939 1.37196517
    1.62539029 0.908839464 1.26219189 0.900393009 1.14532745 0.943268895
    1.77968681 1.34021378 1.73664069 1.5865041 1.54334831 1.82907295
    1.1329509 1.06325114 1.15654325 1.4649955 0.916005969 1.3408339
    0.900995553 1.7633332 1.7326684 1.82378352 1.73895025 1.59556448
    1.68859506 1.80850768 1.52137399 1.27774215 1.1502049 1.15809214
    1.3206507 1.22187567 1.74286819 1.15197325 1.63720036 1.74746919
    1.84396303 1.03503203 1.43173289 1.7723316 1.70730245 1.72003925
    1.79870868 1.51818955 1.1937319 1.40245759 1.55890167 1.35447288
    1.79530299 1.10348952 0.840020597 0.87910229 0.956748366 1.7512579
    1.55185068 1.38463783 1.10640335 1.45875251 1.67676795 1.23076236
    0.869756579 1.43339729 1.59756422 0.923325002 1.59224617 0.883863568
    1.57314873 0.973667383 1.50725996 1.4665674 1.07882881 1.65430236
    1.48957646 1.11460745 1.45672524 1.59004569 1.12302983 1.1323179
    1.60667443 1.67325938 1.03602576 1.38578224 1.19121444 1.0629853
    1.03821433 0.794373274 1.75030255 0.980617583 0.772023678 1.22447765
    1.01044571 1.03542566 0.947698951 1.63921952 1.21209645 1.21720648
    0.830447137 1.62212002 0.988197327 0.909755707 1.43200016
    0.838196218 0.957205236 1.2372874 0.793309808 1.74701083 1.1699307
    1.49515033 1.38608849 1.76956272 1.33684278 1.33634996 1.68427444
    1.57701492 0.786125422 1.2139889 1.09234595 0.824161947 0.748968124
    1.00900233 0.882156849 0.882465124 1.27974021 1.64173818 1.00603306
    1.75194025 1.16010785 1.80445838 1.1992749 1.57196891 1.56870866
    1.77780497 1.42347443 1.60067964 1.02971613 1.6747303 1.27452302
    1.49963522 1.18791783 0.802035093 0.821455717 1.06032372 0.912357986
    1.24133766 1.54210317 1.53173459 1.69897425 1.34215236 1.06768775
    1.28398061 1.69377756 1.08172655 1.39185309 0.777720213 1.10074878
    0.981660008 1.5771035 1.39048362 1.73555601 1.60346222 0.831480861
    1.61747348 1.01775718 1.61754882 0.827717602 1.1530602 1.14149642
    1.30926025 1.30067873 1.64963293 1.21961427 0.933418453 1.4706496
    1.63475156 1.68261266 1.61898375 1.32316232 1.15477836 1.71545339
    1.52768314 1.65331614 1.6453023 0.998130202 1.3727119 0.90186882
    0.855501056 1.24811804 1.54977345 1.29983485 1.07488823 0.831837416
    1.19659269 0.816917419 1.27732539 1.5242238 1.52018964 0.937731087
    1.13548779 0.975723088 1.68012881 1.59603584 0.977319956 0.919618487
    0.990838408 0.893046975 1.7525419 1.56376851 1.6783576 1.49497521
    1.80604661 1.27203345 1.69901085 1.24034274 0.989308596 1.42696369
    1.50075424 1.01231718 1.59105444 1.12781692 1.17221713 1.36753893
    1.2894516 1.33751333 1.80701172 1.21588755 1.65144539 1.78636718
    1.19549274 1.63911688 1.23123789 1.54134476 1.20739198 1.55046141
    1.3160485 0.808865428 0.887305617 0.806188822 1.49479795 1.08285367
    1.19023991 1.3168391 0.981633008 0.923201203 1.51032841 1.21445608
    1.40344834 1.82862151 1.40861404 1.84378886 1.02076542 1.52708995
    1.73378038 0.869889617 1.46841133 0.990288377 1.02844739 1.22258079
    0.905496836 1.09992814 1.24505973 0.884976685 1.66106558 1.7995286
    1.27968109 0.90583545 1.62609422 1.10526454 0.898266435 1.83477569
    1.01355386 1.75745726 1.52387178 1.26095498 1.48564124 1.11625969
    1.83514071 0.996562779 1.4026078 1.26053631 1.43322039 1.44304991
    1.0688802 1.60639453 1.69767439 1.58594537 0.994331181 1.20175266
    1.66864061 1.15758979 1.75772369 1.44697762 1.02032828 1.00875628
    1.76182771 1.01897752 1.16947973 1.10383046 1.8442328 1.76980782
    1.21493936 0.940873444 1.54676104 1.11751175 1.61176729 1.48993146
    1.05544662 0.835181713 0.917769849 1.32616246 1.70406735 1.74215662
    1.84141731 1.38724875 1.65876257 1.68990231 1.53609908 1.45327353
    1.5385462 1.02900994 1.35446167 1.60837436 1.78288114 1.58121979
    1.2464385 1.39250219 1.78189492 1.61496305 1.11767685 1.44214368
    0.858616889 1.03045917 1.70497119 0.996923327 1.63731778 1.60642731
    1.27833688 1.32422614 0.827054441 1.01238632 1.50339341 1.00804543
    1.51385581 0.99599582 0.807408154 1.23433709 1.63888514 1.58879006
    1.67654431 0.987472892 0.768506765 1.54620731 1.14097333 1.71647346
    1.25404274 1.66540241 1.77861011 1.12542939 1.0486604 0.914958656
    0.83259517 1.77270806 0.879298806 1.63527763 1.29251337 1.65660048
    1.35988212 1.4965651 1.26861501 1.46026587 0.92512244 1.77562118
    1.21767151 1.28766477 0.830039084 1.16295362 1.04918277 1.54588342
    1.06191313 1.39775777 1.6671685 1.41984618 1.53105187 1.63724875
    1.25464201 1.18180692 1.16828334 1.06841493 1.62385643 1.49066877
    1.67359483 1.03317618 1.40737069 1.15235162 1.0446018 1.31825578
    1.19519079 0.834921181 1.57833803 1.6947093 0.820058942 1.76997972
    1.12099409 1.13342249 1.00132227 1.38106906 0.841791928 1.61946929
    0.993412912 0.810209274 1.14156902 0.772061348 1.69398153 1.14267015
    1.42461479 1.67350364 1.72845769 1.72296822 1.13199532 0.860842943
    1.14887309 1.29520035 0.809647202 0.855143428 0.960512638 1.71185696
    1.70813048 1.72809732 1.6509105 0.928802311 1.68202794 1.45887554
    1.35233128 1.41871166 1.58038402 1.2244091 1.1157043 0.996394396
    1.79828942 1.24884415 1.58981407 1.27509701 1.34717941 1.60958219
    0.903942168 1.44741583 1.24560499 1.19279039 1.04909921 0.938777924
    0.872400224 0.971099555 1.36374295 1.62829506 1.50060523 0.844272614
    1.36452949 1.54772305 1.08289826 1.0703969 0.816398323 0.824819148
    1.48627353 1.50942445 1.21820319 1.48601186 0.980507076 1.17940056
    1.79691291 1.05690825 1.78160322 1.24191725 1.54187286 0.8734501
    1.25193644 1.78512681 0.950446606 1.7899133 1.5062896 1.77651358
    1.63229573 1.15368736 1.36005676 1.14118266 1.63272023 1.4671073
    0.866819322 1.63796031 1.01946807 0.896558464 1.59503496 1.35409701
    1.02644479 0.837990165 0.799081326 0.985041499 1.6996398 0.930224776
    1.73251998 0.87267518 1.70834923 1.65945983 1.44275355 0.944899738
    1.62141967 1.4135983 1.59924376 1.43235266 1.42417383 1.05579352
    1.7002604 0.920284569 1.51452065 1.49289441 0.975942552 1.41889524
    1.53535092 0.852820814 1.14635646 1.49728394 1.50304723 1.45281017
    1.46656084 1.81837082 1.1157043 1.84463429 1.67865121 1.34723425
    1.72556448 1.44052315 1.56348121 1.23788929 1.86355007 1.70093668
    0.963297546 1.60714698 1.04021096 0.997431278 1.44895077 1.43055201
    0.986013234 0.973687053 0.919733644 1.65252209 0.917319298
    1.03363252 1.7492727 1.72498691 0.97404927 1.17865133 1.35490263
    1.68850493 1.49873936 1.51098502 1.70398057 1.58648956 1.10619581
    1.75228405 1.66734385 1.46215189 1.75122941 1.42200947 1.24411786
    1.1063112 1.50228548 1.77313256 0.897581577 1.63074458 1.50986469
    1.44193661 1.6207794 1.16044581 1.51183736 1.37022889 1.7281822
    1.20620656 1.09787381 1.45805192 1.05242479 1.27379489 1.20089591
    0.87600255 1.1846149 1.71285093 0.982364297 1.41797364 1.54795289
    1.62327445 1.16090262 0.799511313 1.16775966 0.923291683 1.01289499
    1.20256257 1.0049417 1.36083949 0.832500577 1.33300042 1.6533941
    1.37741268 1.64150965 0.887960672 1.25589132 1.62065387 0.757733643
    1.34233165 0.803229451 1.08390093 1.47451985 1.54924953 0.969045877
    1.70371473 1.60029137 1.55452025 1.46819937 1.33366406 0.970276177
    1.74117303 1.74386621 0.951860487 1.30524194 1.60423231 1.75288415
    1.76713967 1.41233385 1.61064923 1.2780025 1.54696858 1.2301048
    1.35395312 1.14294946 0.790070534 1.41306305 1.05838573 1.20934069
    1.00318444 1.55708075 0.852764904 0.784690797 1.61353552 0.944343626
    0.856860042 1.37552321 1.68147695 0.880119801 0.923168659 1.82147932
    1.20024776 1.71208596 1.66713786 1.37989223 0.845616996 1.24493444
    1.56487751 0.761548519 1.05290532 1.30490267 1.17620158 0.889165938
    1.70754647 1.03957939 1.32966399 1.74883175 1.35867882 1.20804417
    1.30579829 1.25730038 1.71018422 1.01470518 1.03581154 1.18521905
    1.64341593 1.03593791 1.32233512 1.14755046 1.32667935 0.794876337
    1.69740093 1.62815189 1.64133954 0.997801006 0.985230565 1.75160623
    1.35749102 1.40882659 1.08061516 1.73109233 0.947407901 1.11127818
    1.68457425 1.48965633 1.38288724 1.43613648 1.55013311 1.80828357
    0.99543041 1.31574893 1.69901216 1.78272247 1.62466538 1.42288852
    1.68508565 0.8623721 1.47446465 1.18866348 1.29551864 1.368837
    1.07263052 0.817403495 1.38714194 0.938951373 1.62798142 1.09458196
    0.979070246 1.54907644 1.64809632 1.4623282 0.989256144 1.51979196
    0.942456603 1.4115355 1.50926316 1.05770552 1.48710871 1.38878381
    0.910575986 1.15864527 1.70424259 0.951333761 0.799838781 1.76552546
    0.860538423 0.985165 1.44380093 1.33542728 0.865044594 1.27041125
    1.41450405 1.8022176 1.63683772 0.906409383 1.14660168 1.42019331
    1.62347913 1.38439453 1.63023639 1.14447224 1.71969879 0.760012627
    0.855864465 1.16225064 1.46456993 1.33163214 1.09686399 1.09783649
    1.26700771 1.6768012 1.33010149 1.68243837 1.59034324 1.70272923
    1.08323121 1.43264079 1.33304048 1.54798865 1.67962885 1.51519275
    1.22182679 1.01456213 1.05412602 1.27724242 1.08349073 1.44698966
    1.65845788 1.19839787 1.5328294 1.82586527 1.37016654 1.21745074
    1.51457858 1.43733835 1.55853462 1.07572103 1.73628974 0.965170324
    1.47203016 1.87234652 1.05418444 1.59086621 1.10311866 1.08576918
    0.937566042 1.81188846 1.64574313 1.16036141 1.12283003 1.31215072
    1.19433594 1.73492956 1.18582726 0.820880413 1.72452831 1.02720022
    1.26608086 1.38732767 1.81031787 0.853843212 1.35046148 1.71325839
    1.55363584 1.01068234 1.55352843 1.61383426 1.57130778 0.912053108
    1.5839113 1.62421918 0.895123661 1.73404896 1.43563795 1.13691604
    1.40938413 1.53683972 1.74441183 0.942831695 0.919880331 1.31652391
    1.04272795 1.68801653 1.01698565 1.1398809 1.6422931 1.80484962
    1.14940941 1.51279366 0.924374461 0.774310052 0.897726178
    0.820869207 1.24498129 1.1859318 1.75548339 1.30273175 1.21056747
    1.37650645 1.05963433 1.00923872 0.845036507 1.0169028 1.65519452
    1.02461612 1.15960181 1.49049544 0.804397345 1.33375549 1.17678237
    1.40740025 1.51563025 1.72346628 1.27171957 0.979958773 1.21917605
    1.39783752 0.965963662 1.72203135 1.57054722 1.44379377 1.17508721
    1.55350459 1.10559857 1.42633688 1.39912832 1.66744912 1.62464023
    1.22865081 0.94135958 1.65655088 0.952921569 1.54509783 1.63499784
    1.4943769 0.942831576 1.16469491 1.68570042 1.31974387 1.54345298
    1.07281363 1.4290005 1.22722375 1.59384298 1.5833379 1.17098284
    0.955393374 0.879753351 1.29987228 1.70666528 0.948907435 1.38193476
    1.04626453 1.15197742 1.71927369 1.21174002 1.55353689 1.4657681
    1.20660484 0.747246742 0.9050439 1.30721974 1.17299938 1.57821381
    1.16813934 1.26704216 1.54719985 1.24911273 1.46346045 0.810239732
    1.0342195 1.09280241 1.64490283 1.55436194 0.880749643 1.07213712
    1.65576231 1.24680281 0.845913351 0.808728397 1.07723045 0.757089138
    0.77113837 1.46075726 0.748773098 1.12253904 0.801484406 1.42230773
    1.28521729 1.29540431 1.55984366 1.22735429 0.964645803 0.898618281
    0.885130823 1.70810652 1.66530538 1.58150649 1.17147744 1.56765461
    1.17570519 1.63754106 0.963089168 1.00219178 1.63703191 0.90418613
    0.843280673 0.872402966 0.933020294 1.71740091 1.05079734 1.63648248
    1.10017753 1.53075254 1.22376084 0.952656627 1.62683773 1.16043305
    1.09291828 1.10779583 0.926485181 1.31529629 1.71940982 1.04125869
    0.961695254 1.26479411 1.20907271 0.826476038 0.866845548 1.6779933
    1.65899241 1.13361108 1.06430888 1.11210835 1.35510564 0.993529558
    1.15550268 1.07660222 0.81640774 1.3688705 0.984071136 1.78940487
    1.52323854 1.49671125 1.79131746 1.27871251 1.10078597 1.79207969
    1.81408906 1.54751384 1.19588304 1.78572738 1.29155624 1.62092876
    1.16450548 1.67243099 1.05115652 1.23812842 0.895699084 1.55531526
    0.879284441 1.14195859 1.52065957 1.11096549 1.28815734 0.823624372
    1.39078176 1.63637733 1.77023304 0.941524208 1.30474615 1.48589683
    1.39191711 1.77627099 1.63920045 1.8044982 0.912744284 1.06781507
    0.952913165 0.764532208 1.67894876 1.28185344 1.37736106 1.16009116
    1.80288529 0.992525637 0.943546772 1.37739432 1.20622277 1.85049748
    1.39863551 1.37984991 1.54817331 1.62635529 1.867769 1.10431743
    1.45532596 1.38944149 1.11413026 1.65675497 1.66027296 1.03308439
    1.06967187 1.1450361 1.42766178 1.64345741 0.931441009 1.63036942
    1.77777767 0.833109736 1.22319651 1.76766038 0.862841964 1.81797504
    1.59427655 1.53548121 1.46891177 1.21035695 1.50730312 1.07580018
    1.33666193 1.59707928 1.83883357 0.976586223 1.59222901 0.992457569
    1.07920182 1.19740736 1.32309723 1.29782581 1.27207756 0.844411969
    1.58820546 1.65822232 1.52741361 1.7732172 1.77855182 1.72269714
    1.35881603 1.25579596 1.65096772 1.43015444 1.37980187 1.52721
    1.20247519 1.03456855 1.2688024 0.914112985 1.44668663 1.2896651
    1.61248243 1.5006423 1.34459805 1.4637748 1.74398935 1.38604176
    1.42842364 1.5210669 1.06650591 1.6908983 0.906830728 0.915742934
    1.25659251 1.36583948 0.968843639 1.3052963 1.5347923 1.38698184
    1.03191745 0.950298727 0.788800299 1.41887283 1.45016503 1.56896877
    0.973233402 1.22008312 1.15409958 1.21177351 1.12636054 1.78735232
    1.3806107 0.909979999 1.27387857 1.34086359 1.58138752 1.32171261
    1.75767899 1.59878862 1.21352708 0.837199271 1.35375857 1.2217226
    1.01201963 1.4047513 1.12893724 1.56622255 1.11797071 1.70319581
    1.06734335 0.82720983 1.39709234 0.846249998 1.52709424 1.04799318
    0.821042478 1.19871867 1.04007304 1.3983041 1.6003319 1.30055058
    1.81468666 1.78602827 1.82026255 0.997277975 1.45632291 1.59988654
    0.624226213 0.82057178 1.13288438 1.10827804 1.12208402 1.71161532
    1.17200303 1.58641589 0.986136973 1.59297156 1.32487977 1.53252637
    1.77270675 0.838313937 0.878221333 1.6061033 1.70623827 1.76482999
    1.28987122 1.37532806 0.772204459 1.31364202 1.28893554 0.749772906
    1.54272032 0.758118808 1.49295712 1.47052979 0.778053939 1.36045444
    1.11446655 1.43920732 1.13371933 1.3320502 1.2640233 1.26417744
    1.66499794 1.81842351 1.29525065 1.2621789 1.705832 0.830571651
    1.04574263 0.866698861 0.857365906 1.16702998 1.79358387 1.34839916
    1.75558174 1.21059275 1.26123428 1.28546453 1.31564546 1.64659858
    1.55197334 1.25964832 0.906181276 1.14820135 1.46667254 1.2774452
    1.04317641 1.38551784 0.923450112 0.885052085 1.43849158 1.57084489
    1.76721954 0.934376717 1.09148788 1.02640224 1.05236709 1.16443467
    1.4469682 0.972076058 0.834838331 1.32170594 0.952181518 1.34362197
    1.17329574 1.62378776 0.85003078 1.77315986 1.61302996 1.62097311
    0.898901939 1.78721297 1.6993221 1.04706788 1.00124431 1.6485225
    1.85090768 1.72127283 1.32014704 1.04141772 1.23787546 0.872377515
    0.914277494 1.42825723 1.25394201 0.839397907 1.12693322 1.73920679
    1.52913201 1.32396269 1.59417927 0.817660928 1.4677316 0.898728907
    1.32078636 1.40853238 1.16973317 1.41057658 1.56900537 1.18085587
    1.7233032 0.987606049 1.28098345 0.820504069 1.25802135 1.01834404
    0.996961832 0.988113046 0.972606361 1.23580861 1.60948789 1.08365834
    1.31750667 1.58789551 1.04733539 1.42407143 1.44488645 1.34176314
    1.33944952 1.70271385 1.43204379 1.57642591 1.80946434 1.12200415
    1.15032232 1.02543795 1.60808742 1.38484049 1.49427378 1.22122717
    1.28680754 1.42234683 1.12208164 1.03069532 1.53780854 1.65917289
    1.46371436 1.79289174 0.824553967 1.54214764 1.33494687 1.16199863
    1.19510901 1.37467837 1.41473472 1.34309912 1.65741086 1.81381071
    1.65838695 1.86489475 1.30753696 1.59116042 1.22319281 1.17590666
    0.931894898 1.25719881 0.950867653 1.15607381 1.46086395 1.6617316
    1.03908551 0.914708436 1.30978227 1.80457449 0.951318443 0.936542571
    1.20569599 0.905878484 0.971774638 1.07664156 1.32839096 0.925505102
    1.50728571 1.38518965 0.840766668 1.3918612 0.983850539 1.66528213
    1.80207622 1.81169701 1.05502379 0.978633404 1.74582005 0.897959948
    0.944168091 1.5921073 1.4955008 0.994502425 1.42816186 1.13352966
    1.5965414 0.76335901 1.52442932 1.26245093 1.15933657 0.999789178
    0.845092297 0.869131744 1.06582153 1.48119128 0.910054386 1.47606874
    1.38900471 1.0774442 1.61779225 1.75502765 1.15878499 1.38118601
    1.63550282 1.42990685 1.10658908 0.983156562 1.20539272 0.915004194
    1.492854 1.69461131 1.37476504 1.31552458 1.74853468 1.12057042
    0.812513053 1.67366111 0.785495579 0.972791553 1.53916776 1.47175074
    0.831189632 1.1120007 1.09928107 0.853936315 1.00663698 1.09188461
    0.817325592 0.998209953 1.3053627 1.64032698 0.873134375 1.46600485
    1.79812646 0.964643002 1.59400499 0.652242661 1.30140698 0.520362854
    0.968763053 0.852435529 1.6146673 0.930442035 1.15213752 1.70191562
    1.44784713 1.2314676 0.905665815 1.27404428 1.74691904 1.51205802
    1.47874784 1.21497166 1.28331435 1.06503093 0.790666163 1.03997946
    1.47348714 0.803495884 0.884060681 0.798957288 1.23368621 1.22921205
    1.35604501 0.972360849 1.57064509 0.83678025 1.16867828 1.05992973
    1.50289464 1.32608259 1.01012421 1.05021369 1.63585711 1.60363042
    1.50767338 1.46900678 1.05657828 1.59564424 1.27076983 1.45245242
    1.69440258 0.845099509 1.17925525 1.38946915 1.48158479 1.31684685
    1.78878903 1.61837208 1.68249893 1.52775824 1.36924016 1.5996654
    1.46222627 1.25535297 1.36281443 0.78493154 0.782152295 1.49839616
    1.67097592 1.62940764 1.24283147 1.40725183 0.947962761 1.70417726
    1.77999532 1.19046009 0.981817722 1.26409936 1.11556304 0.892632842
    1.66966259 1.38435531 0.991381288 1.58098996 1.77462816 1.5042659
    0.905892909 1.1039418 1.80732524 1.83228743 1.35312927 1.17949402
    1.79634833 1.51497912 1.23887408 1.45357907 1.72943509 1.62754452
    1.21603072 0.878685772 1.64377403 1.47995913 0.806233048 1.35244143
    1.29148304 1.16058731 1.15093315 1.24731123 0.813253522 1.12001848
    0.991507053 0.799964488 1.38704407 1.25713801 0.832569122 1.61693239
    1.28027678 1.53748071 1.32010865 1.81851447 1.41066384 1.61358213
    1.05475259 1.07310879 1.01521289 1.14054775 1.2174834 1.78543115
    1.3341502 1.16038251 1.42898273 1.16700661 1.39853406 1.77101445
    1.57740855 0.890809834 1.2681042 1.37809396 1.75861275 1.64131188
    1.65834403 1.77443969 1.1774503 1.7266798 1.51438844 1.4438262
    0.897547662 1.03224599 1.68177617 1.38582909 1.28801024 1.52342904
    1.41287291 1.12880945 0.925139785 1.61305726 0.908306062 1.14134562
    1.66440022 0.941367924 1.76834333 1.10161102 1.44897163 1.65263724
    1.67782378 1.51094151 1.7463783 1.44806933 1.62190807 1.71899509
    1.43871617 1.48657358 0.991206229 1.28202045 1.10452652 1.49475551
    1.78342593 1.27805817 1.4775871 1.4467169 1.6480906 1.54579163
    1.61388981 1.53496623 1.80497646 1.11511981 1.40714824 1.35633636
    1.71205032 1.12021625 1.68444836 1.21148217 0.976220071 1.03973877
    1.79033494 1.20136881 1.73488402 1.83580124 1.59425473 1.18967366
    1.63435793 1.35773695 1.69201255 0.867043316 1.07421362 1.44929278
    1.48345971 0.939256251 1.11718833 1.08247316 1.73567891 1.28404832
    1.19808888 1.19888723 1.38066256 1.31615043 0.755215049 1.42586792
    1.03880882 1.16956377 1.70607769 1.0870862 1.73765075 1.7979871
    1.0358938 1.58571267 1.67766941 1.57548809 1.07986808 1.60790932
    1.78031218 1.37943816 1.33615756 1.25943649 1.21143496 1.51504564
    1.12533033 1.00128949 1.60147572 1.021752 1.01154399 1.21881115
    1.13570929 1.44919097 1.26790822 1.51569402 1.60339618 1.41424429
    1.25370502 0.822304547 1.18516314 1.69302785 1.26817667 0.852939308
    1.52885079 0.812520921 1.78561807 1.22311544 0.843003273 0.835911572
    1.46660864 1.4255408 0.68678695 1.07430613 1.23651791 0.660603404
    1.16455352 0.994469583 1.02298594 1.253901 1.24377406 1.20284903
    0.925017595 0.91696167 1.04870808 1.42385864 1.32600129 1.68013263
    0.999958932 1.47480762 1.20633626 1.00695121 1.38059568 0.909130871
    1.44425416 1.20386183 0.777927697 1.21060133 1.12054265 1.4927299
    1.69485867 1.42193997 1.34721673 1.25499177 0.825398266 0.94255197
    1.23236072 0.945888817 1.05284667 0.963049173 1.6245029 1.38229513
    1.34500563 1.57586682 1.18741333 1.73780298 1.4695853 1.18694437
    1.53102577 1.41759503 1.7271508 1.11082244 1.10199273 1.45863736
    1.40033281 1.39656818 1.10159445 0.912356436 1.46715856 1.60108256
    0.991688311 1.06647313 1.02611876 1.6770246 1.07043147 1.59080386
    0.789007425 1.06079423 1.23136687 1.31341541 1.58818424 1.123541
    1.30250204 1.32979631 1.68510914 0.814690351 1.33803868 1.53215158
    1.69295871 0.894535482 0.863179147 1.40983355 1.4633683 1.82485843
    1.23564017 1.69429386 1.64288747 1.76414847 1.82922983 1.33504438
    1.33381999 1.05047989 0.933963716 1.22700047 0.905508101 1.10310209
    1.10058057 1.61172092 1.15711081 1.37514102 1.03311789 1.51953912
    1.21142614 1.37442935 1.18946743 1.25967276 1.40408683 1.42368519
    0.85876596 0.870235503 0.940921426 1.35720241 1.16885543 1.32721579
    0.965646207 1.65360785 1.7037766 1.33630621 1.7580291 1.67723334
    1.56120408 1.49696648 1.09866834 1.24943721 1.55003285 1.65531683
    1.35270143 1.58954024 1.70518005 1.35298276 1.65839946 1.19557047
    1.55311596 1.257128 0.933553338 1.49081159 1.58620524 1.71126723
    1.51805258 1.23007834 0.837397337 1.29011619 0.954885066 1.74881124
    0.963066041 0.830574393 1.29898405 1.61916173 1.6913985 1.4166199
    1.76475072 1.29528666 1.23217177 1.75182641 0.937992811 1.54415083
    0.962552547 1.35106277 1.32740903 1.07572925 0.896833897 1.45330811
    1.04389203 1.57775569 1.03567064 1.78988957 0.993534684 1.68900716
    1.61481929 1.66452801 1.70392847 0.904732406 0.956506789 1.64693332
    1.58419871 1.07887506 1.68615103 1.44498515 1.55767357 0.894650817
    0.973069072 0.979007065 0.778555691 1.30167806 1.57980633 1.37028682
    1.27675176 1.50481379 0.925846398 1.62004924 1.12417734 1.33855402
    1.13422036 1.5609839 1.06352866 1.73621309 1.32772756 1.65691221
    1.23289275 1.32910442 1.2305063 1.11326694 1.52890742 0.812941253
    1.11976171 0.813535094 0.914866865 0.804410458 1.72361946
    0.845816731 0.762331724 0.761380434 1.0563556 1.50390589 1.41407335
    1.62861884 0.907179892 1.31470823 1.52840924 1.82456255 1.04265189
    1.22026026 1.69840693 1.54120874 1.1674161 1.00119019 1.75715542
    1.38431382 1.36413538 1.62709105 0.881201565 1.35120654 0.893881202
    0.859641433 1.67556787 0.860237122 1.22924161 0.88666451 0.7854563
    0.991552174 1.24539924 1.04224455 1.55353689 0.882389486 1.70958519
    1.18615866 1.00968552 1.73014486 1.13151968 1.19146168 1.23450041
    0.853582442 1.37870443 1.70603502 0.792999566 1.53114033 1.28002083
    0.681343496 1.44206345 1.37560427 0.653404534 0.906901181 1.33397079
    1.37521863 1.60274541 0.82592386 0.903229117 1.54981554 1.22154534
    0.944587648 1.74184585 1.57764721 1.35228336 1.77500117 1.56547713
    1.4778446 1.11461258 0.961094081 1.52118123 1.75770164 1.70366573
    0.840448797 1.69424045 1.51460958 1.63594258 0.975007236 1.37156475
    1.7406584 1.20035386 1.55506563 1.6089555 0.932591498 0.940411031
    1.29138529 0.976088047 1.63713193 1.13981152 0.963613689 1.06735647
    1.61305583 1.42717516 1.51137638 1.76133108 1.68660247 1.23994613
    0.926247656 1.83212507 1.52226079 1.45089865 1.08314288 1.75903296
    1.20737791 0.891495705 1.66135931 1.1752063 1.13741529 1.1146642
    1.13186967 1.44971454 1.04426444 0.786289036 1.58233643 0.836339951
    0.897257686 0.843704462 1.54304743 1.75627053 0.967319489 1.45502937
    1.0911535 0.964738488 1.74305916 1.33224261 0.766737223 1.45755041
    1.70022583 1.69663703 1.55621004 1.33786476 1.06400514 1.71255577
    1.66843295 1.39950407 1.54646599 1.60113549 1.58952093 0.862827539
    1.54223883 1.79614925 1.11279297 0.979882956 0.969591081 1.66955543
    1.34397364 1.08781362 1.28118622 1.33487129 0.996277153 1.62896061
    1.51978242 1.47539282 1.12343919 0.879505873 1.44125819 1.60973775
    1.70315289 0.920859218 1.75027514 1.01421332 1.48320615 1.37438619
    1.83153021 1.84083235 1.87418401 1.28900468 0.933589995 1.77238381
    1.26846445 1.31852794 1.44275081 1.76717353 1.17087543 1.56020594
    0.99325633 0.937566638 1.31617546 1.74890077 1.13763845 1.68775403
    1.82302284 1.55697823 1.59694672 0.890617907 1.53973246 0.942470729
    1.16626358 1.25630009 1.2775563 0.856474221 1.68727994 1.5857023
    1.42526639 1.19651997 1.37975645 0.889702976 1.37378621 1.36829543
    1.59464729 1.35248053 0.848689616 0.998340189 1.0276345 1.62269461
    0.812620699 1.10842431 1.69615698 1.57317197 0.820149958 1.01838124
    1.08270621 1.79120421 0.924310923 1.39914668 1.04920089 1.72085488
    1.39382279 1.7481916 1.52921021 1.15445209 1.21298444 1.49242449
    1.31525195 1.18513215 0.931313157 1.18707287 1.49142158 1.46047807
    1.05636156 1.54871726 1.18167627 0.891947269 1.18361104 1.14739406
    1.55210984 1.11010969 1.19520521 1.12738729 1.45881081 1.40877306
    1.20613623 1.31589603 1.55708313 1.71155965 1.09105051 1.27087438
    0.91980654 1.13142264 0.998641968 1.27393615 1.34842968 1.04663658
    1.36612582 1.03508043 1.0240941 1.47931266 1.70692742 1.17384386
    1.13801086 1.36976969 1.54973853 0.985487759 0.871743143 1.54334342
    1.70823967 0.970704436 1.79584455 0.880326688 1.46702754 1.78084099
    1.23007894 1.17407084 1.63971889 1.13276565 1.73323023 1.47968173
    1.31589556 1.39029574 1.22359228 1.35362315 1.24783206 1.74960601
    1.43352365 1.42643702 1.11651397 0.971854806 0.858653367 1.40617013
    0.784674823 1.21235418 1.28953183 0.731149137 0.783698738 1.19312263
    0.796917558 1.73390973 1.30266678 0.860127091 1.76138699 1.52174425
    0.918260157 0.983393967 1.23222053 1.13519645 1.12577951 1.00353181
    0.94120127 1.01363039 1.4757148 0.81575495 1.21734488 1.44272554
    1.7027024 1.4214406 1.47446644 0.960715353 1.2658689 0.932995319
    1.34540451 1.1708287 0.94098103 1.77203608 1.19658029 1.05028307
    1.21264648 1.28666961 1.62136805 1.22052217 1.49055111 0.999294639
    1.13411808 0.832788825 1.80441546 1.20040751 1.2107594 1.49787939
    1.32409573 1.7203058 1.80354464 1.44219995 1.00201654 1.17445469
    1.63243353 1.33664358 1.1841625 1.82385242 0.953181624 1.76282036
    1.7424047 0.997949541 1.30267978 1.69636619 1.56913912 1.00347877
    1.32635021 1.47506177 1.39599419 1.09924102 1.56658149 1.67526865
    1.36374068 1.25452423 0.835737765 0.990178168 1.64108455 1.53330112
    1.19397855 1.26056838 1.37272441 1.1712842 1.16563165 0.835899889
    1.66249716 0.874093771 1.52061069 1.73962212 1.38518369 1.73055828
    0.909306824 1.28738236 1.21583402 0.852931321 0.824334681 1.72987831
    1.06807792 0.978099525 1.39450681 1.71831334 0.971092761 1.37877989
    0.899704456 1.59789455 1.13441527 1.74512959 1.45723355 1.63191295
    1.73324251 1.28039706 1.53433692 1.76222694 1.54961908 1.65324187
    1.82140183 1.55875635 1.56002545 0.849991262 1.75246501 1.46826923
    1.14851451 1.38416159 0.793302 1.01510096 1.66766584 1.43866086
    1.20671141 1.03427458 1.08985388 1.6805321 1.64529324 1.75571704
    1.20433044 1.74515545 0.922487795 1.39984632 1.74867392 1.41828442
    1.18432021 1.68498147 0.855681658 0.887363851 1.15833604 1.59880853
    1.46285498 1.11163616 1.03237617 0.964808643 0.90518862 1.13659942
    1.11503208 1.28121698 1.54763007 0.942951143 0.805511236 1.35621893
    0.933886051 1.00183332 1.62070394 1.0297004 0.993671596 1.09522343
    0.985911906 1.6656121 1.07847452 1.55612028 1.1431967 1.22282529
    0.793995857 0.935535014 1.67534626 1.00762689 1.45901322 1.10937035
    0.952222168 1.11191785 1.07988977 1.61369038 1.22979665 1.3558625
    1.56282449 1.49840713 1.13959229 1.29921269 1.37895536 1.78741074
    1.54470718 1.38277316 0.871014416 0.918162286 1.76997089 1.1483053
    1.19169569 1.07439697 1.61769962 1.31950104 1.00709331 1.06201613
    0.798024654 1.08461881 1.08763659 0.993893147 1.5918982 1.69742024
    1.09384346 1.27973962 0.941111386 1.14639759 1.15611267 1.79249632
    1.57301486 0.936175406 1.09228861 1.52044082 1.3322823 1.46579087
    1.1588074 1.33540535 1.18061149 1.05660999 1.50377166 1.75545371
    1.74004734 1.74594629 1.11839592 1.02104354 1.63844383 1.1952436
    0.826752841 0.80159229 1.4369086 1.64112663 1.76875615 1.72729111
    1.60161138 1.32877064 1.27809191 1.77508068 1.15535617 1.77295363
    1.41835654 1.28400815 1.03520083 1.1834743 1.76070702 1.24071324
    1.10882318 1.11359251 1.38457775 1.60280907 0.894784629 0.897346973
    1.6467706 1.73290455 1.64736819 1.20238149 0.846474588 1.00486803
    1.26204062 0.739364207 1.40455282 1.39103878 1.2874403 1.27024364
    1.15808403 1.67829895 1.2768079 0.892172873 1.19812047 1.65068185
    0.966559887 1.23938119 0.972006857 0.604511261 0.598365426
    0.549477875 0.57086283 1.23250794 0.766617596 1.60952902 1.26027763
    1.20242298 1.22234631 1.70462072 1.83119893 1.34096336 1.73319185
    0.943138361 1.51213074 0.88481456 1.68335462 0.965188026 1.72730839
    1.712991 1.62577689 1.4313736 1.77287197 1.56771517 0.954996586
    1.16872561 1.79742551 1.06458616 1.49827838 1.00754142 1.06108463
    1.12641442 1.47278559 1.73375368 1.67587841 1.43015206 0.905848503
    1.26495385 1.59266257 1.50763381 1.34072733 1.09724402 0.880161107
    1.81876516 1.64673197 1.24432111 1.76730871 1.73383474 1.64107597
    0.971971452 1.15441918 1.37297118 1.01855254 1.41692662 0.873650074
    1.06932557 1.30559194 1.35124767 1.11663902 1.31909859 1.78407741
    1.225564 1.48807406 1.3573271 1.75594628 1.06951952 0.879587173
    1.59514296 1.56633985 0.829413354 1.77605402 1.31346881 1.29530823
    1.19781482 0.872063696 0.949349701 0.820337832 0.937136889
    1.28583431 0.888156593 1.55109644 1.65156019 1.61041975 0.941427827
    1.53736508 1.09561658 1.7685796 1.00107265 0.936494231 1.73887336
    0.978281915 1.77729988 1.35052025 1.49963713 1.75208271 1.38479066
    1.46988857 1.22598696 1.64108014 1.38055027 1.73621261 1.50761986
    1.29677081 1.75991046 1.70672345 1.56992674 1.01498091 1.23351705
    0.946588099 0.930360436 0.920735121 1.08034575 1.39696419 1.15997517
    1.86510468 1.42271137 1.00256836 1.45815408 1.11491048 1.34561861
    1.20320833 0.884051681 1.2328316 1.55843329 0.9709602 1.45396411
    1.49736738 1.25266826 1.54153931 1.48128891 0.958610117 1.64571106
    1.10272324 1.04309499 1.24250209 1.26900935 1.15550292 1.23104465
    0.949277997 0.877488196 1.58521986 1.46359444 1.6617552 1.63625777
    1.30231488 1.69584334 1.6136111 0.872407019 0.804494798 1.57694471
    1.74519694 1.41267741 1.16960824 1.17505693 1.59732497 0.950985849
    1.42767668 1.56534517 1.51927328 0.825611472 1.70534122 1.42104411
    1.35138953 1.21810043 1.12906933 1.50435579 1.70645964 1.36553335
    0.896669209 1.17034769 1.65993834 1.06605577 1.72309935 0.948586345
    1.2171669 1.33617008 1.00625205 1.31616449 1.48631215 1.62607837
    0.818979681 1.65849221 1.09447372 1.62297463 1.21758783 0.818980217
    1.6805799 1.17352474 1.14364338 0.910419285 1.61815369 1.59870374
    0.850062251 1.26485038 1.80637264 1.02747881 1.64646459 0.884278595
    1.35005641 1.08248723 1.19846261 0.962857306 1.65075767 1.19972205
    1.73817217 1.02775311 1.31115282 1.25179243 1.0455085 1.08652484
    1.35392714 1.73632288 1.47502148 1.77424657 1.0083288 1.6327163
    1.46827853 1.3928076 1.31019938 1.54372895 1.51815426 1.09412992
    1.69694448 0.887820244 1.49185717 0.999224246 1.31211066 1.49328089
    1.10571003 1.76413369 1.26312327 1.65432084 1.67173529 1.753456
    1.78264546 1.33143187 1.22360289 1.61291206 1.51995134 1.21141481
    1.33649421 1.26152337 0.974072576 1.23569608 1.42298961 0.932209969
    1.62987578 0.887794256 1.56891322 1.71024907 1.1783123 0.797152579
    1.45877028 1.57628298 0.73335427 0.730549812 1.40078068 0.892521739
    0.593797922 0.700618148 0.915793836 1.50207555 1.14955831 1.48568153
    1.24633408 0.868670702 1.56677687 1.83778298 1.72114778 1.76767159
    1.10217762 1.57782769 1.6398567 1.48818648 1.8367182 1.28419542
    1.81869817 1.43379474 1.19887447 1.81276786 1.43140113 1.65100646
    1.46069348 0.871602535 1.04168367 0.939234853 0.997279763 1.78925633
    1.55739343 1.40928984 0.970606983 1.6095469 1.72186553 1.52675843
    1.35322034 0.921186686 1.73447216 1.1102407 0.885641396 1.28226125
    0.902490735 1.69206381 1.3368479 1.28145361 1.24226177 1.52283132
    1.76512659 1.73390853 1.73510683 1.64128447 1.25171375 1.40476179
    1.51740909 0.820876896 1.38787186 1.55806935 1.26505756 1.20893145
    1.65722585 1.71379483 1.62344038 1.19013393 1.07717061 1.71178341
    1.683617 0.892997503 1.64912784 1.04603064 0.803882241 0.952805281
    1.70607948 1.04177535 1.26029265 1.68857217 1.43252027 1.13126659
    0.863633335 1.06535947 1.08244061 1.29281068 1.79432535 1.15735388
    1.49590707 1.04360521 0.933525145 1.44340158 1.7039535 1.28408647
    0.902479231 1.45835888 1.62762368 0.893527865 1.41013837 1.13421524
    0.861908376 1.67853689 1.29600751 1.70335746 1.420825 1.35452878
    0.855898798 1.13251138 0.913743973 1.15691936 1.73364782 1.56050587
    1.35895729 1.79456079 1.10128665 1.45248091 1.31373692 1.4317354
    1.76345348 1.17570829 1.55526459 1.42807782 1.6178292 1.2994262
    1.02943921 1.65509307 1.07615495 1.43920803 1.58150744 1.1890074
    1.61896718 1.12717891 1.19449282 1.44725525 0.925489664 1.40625203
    1.54539597 1.46527612 1.02120495 1.2701242 1.31546128 1.49734211
    1.60360086 1.65945947 1.67673302 1.53474379 1.43150687 1.8112551
    1.53045988 1.70550942 1.45483005 0.82737416 1.18012857 1.58486342
    0.836035848 1.0173099 1.40360975 1.60754502 1.22772086 1.31009865
    1.25524211 1.67937934 1.3282491 1.51363707 0.785360992 1.18725181
    1.12283134 0.982184291 1.37131107 1.52232373 1.40557599 1.74439025
    1.42975628 1.25267625 1.31471205 1.21212506 1.40197194 1.64803016
    1.28087378 1.04071093 1.32614422 1.14294088 1.34669638 1.17383456
    1.54545856 1.06618929 0.987145782 1.01706672 0.904112518 1.49321342
    1.63799477 1.64151669 1.39640009 1.45842242 0.955867231 1.69458783
    1.5636636 1.70397902 1.45613158 1.29112947 0.861952126 1.16989839
    1.20905554 1.77724254 1.03456676 1.73158741 1.63903356 1.24141598
    1.58115876 1.52177894 1.38725448 1.56502652 1.3332895 1.10719192
    1.53041351 1.56010163 1.84948599 1.23814261 1.39202428 0.946175814
    1.49063575 1.83634591 1.52165234 1.64368296 1.16123521 1.0245564
    1.19527447 1.09172833 1.13438785 1.04648066 1.46982789 1.36264074
    1.62866986 1.75933528 1.73066366 1.18378091 1.10402811 1.47421825
    1.20861411 0.965925217 1.76796579 1.09591901 1.57969987 1.31212711
    0.812721312 0.829891324 1.0470767 1.29745245 0.995654047 1.21561158
    1.09185386 0.829117835 1.68046629 1.43208992 0.750916898 0.675525904
    0.797708094 0.737019181 0.418978393 1.29189038 1.14314604 0.94306165
    1.33827782 1.29126489 1.7799226 1.38858378 1.70468187 1.50076902
    1.44256377 1.75585282 1.61383283 1.3251152 1.49180961 1.45752907
    1.70314384 1.35074031 1.80174768 1.19371319 1.1947459 1.37478697
    0.942816317 1.81069911 1.07689798 1.75250185 1.48044348 1.34684193
    1.85739255 1.4988395 1.75234592 1.73475146 1.53045607 0.985117674
    0.954164863 1.36348784 1.55384099 1.15838504 0.99175036 1.14889491
    1.70729864 1.24119902 1.79960597 1.61245584 1.4696368 0.875461936
    1.69606817 1.2964716 1.68444932 1.17123926 1.11931372 1.26236653
    1.44047618 1.72141421 1.33297849 1.53723216 1.11155903 1.6471765
    1.30277979 1.74707985 1.3105768 1.06162989 1.16885459 1.60510361
    1.41538119 0.94754529 1.71837902 1.53543401 1.5672667 1.38875389
    1.64618695 1.49923027 1.17289865 1.74466741 1.30102777 0.883030772
    1.60437405 1.70428252 0.904371202 1.16535449 1.50471735 1.32440293
    1.56601548 1.75348902 1.61882162 1.33708787 1.04365921 1.30929351
    0.892860293 1.03061581 1.61984754 1.52255189 1.26586068 1.1940732
    1.36054289 1.76029122 1.52400088 1.07420552 1.61134553 1.69377148
    1.73460853 1.59281063 0.955516934 1.0181489 0.868332624 1.39357018
    1.34974837 1.58058202 1.74676919 1.34415531 1.47128534 1.12160778
    0.965542555 1.84881198 1.68727148 1.6726141 1.39664662 1.74466836
    0.927709937 1.26503932 0.858827889 1.50538194 1.26904535 1.16084039
    1.58512068 1.51332152 1.49983704 1.19083154 0.956618667 0.868050218
    1.76646376 1.27837479 1.32079923 0.944771349 1.29507804 1.46718776
    1.37515533 1.16052449 1.24400425 1.18050754 1.3300283 1.75978398
    1.19081223 1.18457007 1.46219885 1.21200323 1.00530386 1.3894062
    1.33997774 0.827843964 1.47838593 0.782958925 0.913195491 1.38241518
    0.790626943 1.48919535 1.68763709 0.800058246 1.15492976 0.953165412
    1.29566252 0.877904177 1.10314608 1.37168682 1.26950681 0.779272497
    0.972064853 0.91414541 1.19732666 1.76163423 0.971136868 0.963940322
    1.31914675 1.28430223 1.52660537 1.673455 0.97777164 1.50511897
    1.31376624 1.26309597 1.00759637 1.36010337 1.22554696 1.56827378
    0.955116987 1.47756934 0.845809221 0.918074191 1.21554446 1.05870998
    1.11431634 1.3503294 0.934013724 1.69157779 1.10157526 1.28785133
    1.05690587 1.44435549 0.91067481 1.68392134 1.31703687 1.73312521
    1.23167586 1.60235608 1.52171409 1.54127049 1.16300988 1.73001826
    1.13209724 1.63692677 1.01876378 1.07195508 0.848088264 1.57692361
    1.18091524 1.0272752 1.36201859 1.37499988 0.938583314 1.4824872
    1.39999962 1.78674388 1.34350801 1.70487237 1.51120341 1.17823064
    1.15277314 1.06836152 1.04803395 1.06832063 1.77245271 0.895495474
    1.13807964 1.68916154 1.01154065 1.22702181 1.60802948 1.30276012
    1.29653955 1.07680368 1.24915767 1.17904973 1.4237963 1.1078186
    1.04958701 1.61739087 1.03150547 1.48854578 1.36293805 1.2784301
    1.47759032 0.77567625 1.19004571 1.11457682 0.716268003 1.31930816
    0.967530787 1.01758492 1.28947794 1.18383765 1.59304976 1.50357103
    0.838589191 1.63125551 1.147856 0.959166408 1.72308254 1.20644724
    1.01786506 1.12421989 1.3917712 1.20886862 1.71735561 1.73893476
    0.912530601 1.60856795 0.879266083 1.70281672 1.16813195 1.03986084
    1.24456477 1.54730988 1.77267528 1.42499161 1.70954847 1.63693118
    1.47767448 1.15835202 1.59593451 0.945094585 0.996262848 1.17014861
    1.48690999 1.76392448 1.29113221 1.20641935 1.30924344 0.881404757
    1.12235856 0.85838306 1.84456408 1.73823833 1.11233902 1.50074065
    1.39752209 1.11742067 1.25293851 1.85602319 1.37335896 1.46521807
    1.64985371 0.904051602 1.03697741 1.61559808 1.01573551 0.901985645
    0.958391726 1.76984918 0.827924788 1.28253138 1.53199828 1.03658438
    1.6066792 1.41358483 1.04275358 1.65502906 1.64709854 1.73575103
    1.45104456 1.18920672 0.816004694 1.04716456 1.49108863 1.43854499
    1.55718851 0.829853296 1.61750078 1.65228891 1.50757623 1.69789815
    1.78892279 1.02069843 1.76783776 1.01612949 1.47273946 1.28777432
    1.12975252 1.23434293 1.37096238 1.71747279 1.64893115 1.38425684
    1.59057081 1.39173317 1.60804963 1.01953876 1.79203558 1.54694331
    1.77643275 1.75591099 1.7409637 1.27032089 1.03899443 1.5351404
    1.3200711 0.912124217 1.53098071 1.2885989 1.71582115 1.09412456
    1.55151188 1.56642413 1.19380772 1.07961881 1.37456894 1.75742495
    1.22853041 0.942945182 0.80334878 1.64331698 1.56394327 1.52217698
    1.53089964 1.73047733 1.3612709 1.77663362 1.22727084 1.35531235
    1.29549479 1.16141486 1.22967768 1.47115469 1.65739155 1.48680508
    1.5688864 1.73732722 1.22018206 1.45915008 1.30391884 1.28090549
    1.66560197 1.50600553 1.56594801 0.88000077 1.56927383 0.804520607
    1.50369394 1.71600068 0.840064526 0.742720425 0.931423903 1.4300046
    0.972277582 0.747769713 1.18586338 0.734422445 1.53488612 1.42192364
    1.40396667 1.04341686 1.46120453 1.03253305 1.38164294 1.25906634
    1.16729164 0.864206553 1.48168886 1.00475812 1.33484089 0.87399298
    1.74086261 0.899407864 1.01617432 1.31713152 1.17153549 1.21490228
    0.831889033 1.28452408 0.861491501 1.74630284 1.6199168 0.796363652
    1.45634437 0.81089437 0.805233419 1.70955253 1.52026427 1.07875347
    1.03421378 1.56543911 1.38095701 1.69371521 1.18260324 1.73446655
    0.864093363 1.41565919 0.836006522 1.1826911 0.894225895 1.01694739
    1.11618483 1.74263 0.890834689 1.74277544 1.40713775 1.70398116
    1.34442222 1.67004991 1.3462739 1.20077717 1.7796005 0.901903152
    1.5783025 1.00394452 1.76258385 1.54492247 1.29386854 0.935051978
    1.00776756 0.81091243 0.957066417 1.13041294 1.60829401 1.18147552
    1.17672861 1.57716632 1.44823039 1.35031915 1.13652551 1.79053962
    1.25315523 1.23118889 1.13006377 0.964903474 1.10723913 1.44744277
    1.65687525 0.822220862 1.55996561 1.49492025 0.813552976 1.36465323
    1.73297012 1.21114099 0.974677384 0.976955116 1.20831466 1.28476536
    1.4425056 1.49524319 1.2021687 1.4801749 1.35547113 1.46675968
    1.2908448 0.714206636 1.27004075 1.31783581 1.07985544 1.6889286
    1.00493741 1.58191788 1.4665997 1.50386083 1.11843276 1.40064824
    1.66803908 1.23975897 0.895989001 1.01104724 1.76360476 0.858653665
    1.41536117 0.812995493 1.25766182 0.966463208 1.286924 0.950882554
    0.949326396 1.04294801 1.5757494 1.85494757 1.42741239 1.74559271
    1.42422557 1.62945926 1.47824287 1.78477967 1.50424671 1.75424016
    1.41846383 1.20458877 1.70531249 1.23879957 1.62468004 1.33572006
    1.72146761 0.998376787 1.38267815 1.77393043 1.63332736 1.7664665
    1.34557545 1.6451236 1.73230994 1.7312305 1.14473128 0.859105647
    1.45461702 1.6448642 1.13443851 1.71017492 1.01282251 0.854110956
    1.25480497 1.78056109 1.56965911 1.06148505 1.15656328 1.51983976
    0.84960407 1.27741468 1.10653043 0.842202842 1.04100597 1.39439631
    1.13242829 1.41642678 1.7420609 1.06396937 1.20661449 0.841074407
    1.04631126 1.52504241 1.59444475 1.26899242 0.888646364 1.5942148
    1.09020126 1.74147928 1.74392295 1.35662389 1.31513381 1.1867919
    1.7843082 1.40130591 1.23122168 1.55293989 1.63735449 1.56848764
    1.34547043 1.05649686 0.932466805 1.76039886 1.33192408 0.923033655
    1.10513783 0.944369435 0.85794425 1.38914919 1.56824219 1.08726227
    0.785736382 1.65420604 1.25827801 1.53355443 1.6286869 0.835936248
    1.46753073 1.13475156 1.16546261 1.1899209 1.35070288 1.76172745
    1.23294115 1.1290853 1.5391854 1.34026182 0.981992066 1.00046432
    1.31082368 1.78771055 1.4282006 0.873092115 1.39315271 1.17251778
    0.877396584 0.803408802 0.859619081 1.32166004 1.58354616 1.10223114
    0.964657724 1.54089761 1.45753706 0.916737318 1.81382227 1.34871542
    0.86533457 1.76055264 1.22108996 1.37568676 1.58410847 1.05553544
    1.54382706 0.859396696 0.905584276 1.05870676 0.854435444 1.22262251
    1.21639264 0.879172921 1.03711021 0.920355618 0.755226851
    0.848148406 1.5071286 1.38279033 1.58152688 0.8440516 1.40724611
    0.963170052 1.25121737 1.06543005 1.74324656 1.09349442 1.03528941
    1.22287261 1.25238109 0.925060868 1.04115582 0.869892061 0.883287609
    0.833648145 0.76735574 1.48072803 1.31048226 0.80381453 0.793794572
    1.16692603 1.47643769 1.63780618 1.12938488 1.43431485 1.52684748
    1.56317699 0.971970797 1.31995332 1.46353364 1.71709192 1.18976748
    1.02416134 1.41152716 1.39571214 1.04420292 1.37632823 0.827992141
    0.845889986 1.40242863 1.37764215 0.963071525 0.840353787 1.71748817
    1.16877699 0.860127032 1.5277971 0.914628744 1.76646912 1.84940124
    1.46603465 1.24318194 1.06184912 1.58386147 1.48909128 1.35245144
    1.49682605 0.993017614 1.39256883 0.944171667 1.09962368 0.884998202
    0.812422335 1.13663518 1.13755012 1.04295456 1.36186075 1.2631923
    1.50248849 0.978092313 1.61846495 1.57043457 1.06478477 0.998594582
    0.985642135 1.75863433 1.12656915 1.49468327 1.64818585 1.56666887
    0.890365541 1.61921275 1.12575591 1.63893497 0.845254421 1.35998464
    0.714401007 0.758661807 0.696493089 0.647556543 0.713071704
    0.936358988 1.64022982 1.30973518 1.73417902 1.69744408 1.65876651
    1.1304301 1.27907348 1.84297061 1.51267147 1.82780051 1.692927
    1.82071209 1.60187578 1.80697751 1.7289449 0.950130224 1.60100102
    1.26490664 0.802909613 1.46579754 1.11814213 1.45085037 1.22380173
    1.59561372 1.73499346 1.23378074 1.06350219 1.66881561 1.53939998
    1.4581821 1.30332494 0.965780258 1.11943424 1.47361374 1.5119009
    1.07855332 1.04852605 1.26658833 1.4682498 1.22203672 1.07802248
    1.01146805 1.78720999 1.11214411 1.61810482 1.58160472 1.12271023
    1.25608003 0.880935013 0.951777697 1.06349814 1.48025703 0.843458951
    1.66674817 1.60233665 1.151793 1.42369878 1.68964028 1.03999555
    1.54110396 1.48828864 1.24263608 1.52822018 1.73518622 1.22123635
    0.906399906 1.1893177 1.10383832 0.988723934 0.758993745 1.23880601
    1.13638878 1.53456306 1.52876294 0.80632031 0.832682252 0.852627039
    1.52096426 1.65990126 1.32647312 1.48262286 1.71330082 1.49944258
    1.18377316 1.37756312 0.890987992 1.21794629 1.14882743 1.36760855
    1.59007454 1.7451359 0.972021282 0.888380706 1.09215057 1.43317509
    1.32189953 1.01339781 0.980680227 0.831902087 1.09324872 1.3952049
    1.40762866 0.884149492 1.20916235 0.776166022 1.44421649 1.07419896
    0.991094947 1.24037862 1.09275997 1.43595231 1.25829017 1.46341932
    1.73438489 1.77496135 0.973743558 1.45262194 1.74505055 1.03432643
    1.79339743 1.01179349 0.882313371 1.20668972 1.54964077 0.812535703
    0.862056434 1.00957727 1.48463142 0.810471475 1.16526043 1.5872575
    0.878724337 1.0122999 0.793661356 1.49795568 1.2878325 1.76211607
    1.36918724 1.10310972 1.16574824 1.46338904 1.1649493 1.02675366
    0.98172152 0.878716409 0.902399182 1.34792292 1.02361393 1.68622482
    0.891021132 1.21634185 1.37610137 1.64541984 1.55629706 1.08365214
    1.06875241 1.02506053 0.941922963 0.874772429 1.1563133 1.48582911
    1.66484368 0.957630694 1.68327856 1.48153555 0.984267712 0.951439738
    1.77494824 1.71803415 1.59081757 1.46201384 1.12430263 1.71803033
    0.951071441 1.11738682 1.47325897 1.39447629 1.76034796 1.73366606
    1.34461474 1.14564633 1.43124974 0.930634916 1.45260632 0.884206533
    1.72978401 1.77970767 1.54242039 1.03709364 1.30171597 1.10340655
    0.843416333 1.06967854 0.986177981 1.71688819 1.17333245 1.58410776
    1.30428553 1.21739209 0.901736736 1.28448367 1.55341673 1.53838158
    1.76656222 1.05425215 1.2471205 1.33482587 1.72753346 1.40867817
    1.04777646 1.26141894 1.7770499 1.69444966 0.891644359 1.80176437
    1.57794106 1.68572569 1.53576577 1.3817023 1.19636929 1.39556277
    1.38336504 1.26825583 1.46254253 1.72255349 1.43924689 1.16552615
    1.39301324 1.05450952 1.54385602 1.63729048 1.22274685 1.61825597
    1.12349117 1.77764785 1.17180622 1.071455 1.26933634 0.806889951
    0.794900477 1.65124202 0.88180685 0.958495975 1.61066377 1.26639616
    1.25798988 1.07409847 1.37182271 0.90809238 0.822885633 1.64078403
    1.17326939 0.755121112 1.27261364 1.29960537 1.43297446 1.423208
    1.22971082 1.03918648 1.48016346 1.19921803 1.43254507 1.26313388
    1.34545076 1.0945729 1.46056962 1.52549827 1.51403785 0.922925174
    1.66421294 0.848229051 1.74775171 0.9049173 0.901680708 1.64500582
    1.23653328 0.92213577 1.62902045 1.00036144 1.26747096 1.74099696
    1.383587 1.09608746 1.77713466 1.65141785 0.856033623 1.52742982
    0.982223749 1.04517519 1.35762131 0.854811549 0.800899208 1.3497479
    1.5584017 1.3845576 1.47889817 1.6080718 1.39521348 1.60354495
    1.02690458 1.66159904 1.38181317 1.17826056 1.55152857 1.0020113
    1.67461646 1.36106968 1.53069627 1.35962999 0.999140024 1.74695694
    0.899476588 0.889198124 0.860903442 1.17679429 0.861113846
    1.03239703 0.897665977 1.23418939 0.85762769 0.835286856 0.75726229
    1.2676481 0.929205894 1.22202909 0.782068849 1.17367005 1.26077497
    1.266909 1.65120029 1.59168303 1.65491283 1.61758161 1.17708373
    1.72376966 1.12497365 1.73873997 0.834711969 1.10235095 0.887118876
    1.16756988 1.55267799 1.05726397 1.11277413 1.6964792 1.47388196
    0.871937156 0.829285324 1.3468461 1.72765708 1.77647734 1.33582079
    0.889736295 1.2927959 1.51050401 1.75548613 1.36440039 0.956240952
    1.57162702 1.45502353 0.962491214 1.22835612 1.35101855 1.15228796
    1.29914582 1.64101207 0.904858947 1.76800478 1.59552777 0.990318835
    1.13834643 1.31372201 1.30483723 1.71167731 0.807439089 1.23590624
    1.02961755 1.70742428 1.39647996 1.20451057 0.862565875 1.48263335
    1.54381382 1.6932683 1.2428565 1.70417428 1.00488842 0.958455443
    0.954369187 1.0060643 1.05037463 1.17609918 1.59819877 1.59333062
    1.68995523 1.76271069 0.998738825 1.75024748 0.85232234 1.58086741
    1.36673748 1.69114256 1.67164826 1.12471235 1.32097781 1.02124834
    0.92427057 1.65518451 0.798580289 0.859360576 1.35842562 0.745501935
    0.786431253 1.28083611 1.07133794 1.41147482 1.72869134 1.74434328
    0.860882998 0.854548395 0.954163313 1.63505483 1.10050142 1.70159888
    0.832323134 1.1511718 1.13881516 1.14343464 1.36136544 1.70683324
    1.60444677 1.02694845 1.53392577 0.983736217 1.42979336 0.823314786
    1.45258236 1.49459624 1.01256049 1.00129509 0.990141153 1.76643527
    1.17008209 1.24581695 1.48655498 1.61685061 1.04705536 0.94826287
    1.74858105 1.40165412 1.39106417 1.43018019 0.998845398 0.850473702
    1.68519592 1.2855283 1.07333708 1.30742717 1.0078702 1.71955276
    1.81211913 1.4953295 1.66223454 1.11427164 1.37765861 1.76264012
    1.48556292 1.04140234 1.43382418 1.59847915 1.04048038 1.73215055
    1.60892117 0.978000879 1.11200166 0.958013237 1.05086291 1.69996321
    1.16612947 1.19436026 1.01099563 0.888302565 0.811602533 0.820106983
    1.63841605 1.77928507 1.62068951 0.918089688 1.41232133 1.49200726
    1.53190374 0.857181668 1.57648456 0.803503215 1.70074129 1.22204208
    1.55507481 1.24328244 1.63372564 1.25688457 1.33182228 0.887386262
    1.6602329 0.9055655 1.31766808 0.959349394 1.34006953 1.24935341
    0.544803858 0.759210229 1.45353019 1.1439774 0.801125586 1.11207211
    1.24580979 1.60549557 1.54483271 0.821347296 1.41451085 1.72189474
    1.10586786 1.72842014 1.53286743 1.57336426 1.06587923 1.20225155
    1.07075119 1.05050087 1.34006083 1.39394855 1.7378763 1.5905689
    1.28531992 1.56674182 1.03611004 1.76749766 1.73201597 1.28457797
    1.24527383 1.05322301 1.48673618 1.28748918 1.09309828 1.71249175
    1.25595868 0.791523516 1.58072686 0.944581211 1.49429464 1.5920707
    1.22925758 0.925876558 1.80217302 1.3050828 1.0588553 1.47776544
    1.35451066 1.81269157 1.26190186 0.935620427 1.08121979 1.49465621
    1.66282749 1.39293826 1.38682723 1.38780737 1.62124074 1.13995385
    1.49431837 1.20387435 1.62404561 1.40569854 1.25257766 0.748690546
    1.08011937 1.58880663 1.17359626 1.55637228 0.952941656 1.1701045
    1.48683381 1.70779538 1.11340272 1.16325676 0.871036589 1.05021346
    1.57581174 1.58899355 0.892433822 1.03264785 1.5707103 1.44360769
    1.04098737 1.04135466 0.888124466 0.812438309 1.35714328 0.829859912
    0.993655622 1.59740341 0.894395471 1.12058079 1.14115131 1.33914196
    0.939422011 1.75567496 0.934617221 1.40021753 1.43693614 1.48658371
    1.48172843 1.36731517 1.74489117 1.66375923 1.38630271 1.23019493
    1.12408876 1.09059787 1.23963511 0.781948209 0.794353783 1.13206589
    0.853757918 1.00407326 0.991553783 0.913161635 1.0697571 0.790906191
    0.986655176 0.997511446 1.68275023 1.47347403 1.62322581 1.03216934
    1.19597483 1.34485173 1.58316052 1.50971878 1.61290026 1.39419997
    1.31624854 1.54566348 1.32321656 0.7581141 1.0759387 1.03945374
    0.873033941 0.829780042 1.64009583 0.855418801 1.31525779 1.73321581
    0.825923443 1.61592698 1.12224674 1.73434722 1.45430338 1.15726805
    1.01598179 0.901124239 0.811555088 1.54542053 1.31600559 1.44480717
    1.54270184 1.67265081 1.46888983 1.0912348 1.66396666 1.07292271
    1.44467187 1.48649013 1.74542415 1.09623063 1.75668168 1.13232446
    0.832111716 1.6369642 1.0744679 0.800158024 1.29857719 1.14196789
    1.57618225 1.09322214 0.986430824 1.44718981 1.10216451 1.50142479
    0.855736792 1.33431339 1.64213419 1.43872917 1.42203856 1.74436581
    1.28787374 1.09077156 1.31721377 0.903777361 0.841082513 1.6632905
    1.77896702 1.20924115 1.16289151 1.01810431 1.60527313 1.67279279
    1.35046995 0.818580866 1.15529168 1.14038825 1.26764429 1.44632578
    1.71986234 1.69449472 1.79205573 1.63925016 1.07534957 0.90536052
    1.0091331 1.69854116 1.29322374 1.44486403 1.57237935 1.32432663
    1.70057487 1.28653669 1.73606861 1.16192973 1.70366919 0.865521371
    1.76517403 1.14785588 1.04999399 1.02318633 1.40693343 1.12033331
    0.79951179 1.60313857 1.19055331 0.808389187 1.40343785 0.860131979
    1.54925811 1.1253016 0.962064326 1.69868982 0.845644653 1.05073142
    0.999066532 1.45625758 1.17498541 1.33586884 1.23336959 0.936606765
    1.46117282 1.71489692 1.24338615 1.09924304 1.00935721 0.841272652
    0.832627475 1.34446967 1.5295254 1.55068159 0.95778048 0.573679924
    0.673612952 1.24548137 1.1655761 1.07887101 1.48314035 1.07355547
    0.875782132 1.32653463 1.05746031 1.12252212 1.23100841 1.25441825
    1.40914702 1.81607509 1.67259479 1.53132212 0.858850837 0.88119489
    1.64254844 1.61987984 1.1176635 0.857323468 1.6811887 1.05577743
    1.02077806 0.951428056 1.38207328 1.72286117 0.90733707 1.5366838
    1.3267777 1.18994594 1.4542253 1.32443547 0.859708726 0.922930062
    0.877027452 1.42177355 1.34054708 1.26194263 1.68165469 1.04227996
    0.830117106 1.17715657 1.6038121 0.830876052 1.74835336 1.57703686
    1.35255563 1.59001303 1.83627725 0.908355892 1.51470864 0.846423864
    1.64131784 1.72986984 1.6303854 0.997118771 1.46567202 1.20328915
    0.93884933 0.987031639 1.16595459 0.81393373 1.35192013 1.22643018
    0.967767298 1.62539148 1.20221841 1.58524811 0.987590909 1.54675913
    0.974215686 0.788883626 1.41888976 0.916885614 0.966769397
    1.15158093 0.888017476 1.32092667 1.2699101 1.45607638 1.43025327
    0.985100329 1.46241736 0.95059675 1.75435019 1.32648528 0.810734808
    1.39347005 1.35520482 1.13888216 1.43343914 0.806161284 1.72796154
    1.46550107 1.25422704 1.42923701 1.72243035 1.34997427 1.55437243
    1.28648543 0.849023879 1.31454194 0.950774312 1.33821344 0.868645191
    1.01127422 1.02239728 1.14295411 1.12020493 1.53800011 1.1322372
    0.959599733 1.51530123 1.45449388 1.00269663 1.51553845 1.74778903
    1.27957249 1.60249245 0.967015088 1.56132007 1.08190691 1.33944631
    1.77203178 1.22667944 0.933163941 1.32628143 1.7220813 1.19981015
    1.12956238 1.34929597 1.30978274 1.43565404 1.08681273 1.0814321
    1.40768719 1.50769031 1.31609976 1.13059032 1.27534175 0.903299332
    1.16618967 1.0214752 0.957502306 1.26693714 0.999491811 0.934734046
    1.61123586 1.0420512 1.67750072 1.74242973 0.78834039 0.802209258
    1.13002801 1.67921054 1.38918471 1.26629472 0.970525801 1.1035254
    0.977454364 1.45376706 1.45520973 1.44205773 1.06411564 1.34369326
    1.71407509 1.07818735 0.942666829 1.18825543 0.887323976 1.61074281
    0.929340363 1.70985603 1.56203616 1.15707982 0.795270681 0.938703597
    1.52997863 1.09606266 1.49100745 0.833208561 1.34559786 1.53536701
    1.21151757 1.61726058 1.79571939 1.25314677 1.62915802 1.60581994
    0.940513253 1.78339636 1.00580668 1.10253525 1.70666933 0.805612624
    0.899166644 0.808870018 1.59548604 1.68822384 1.04762936 1.06127405
    1.58417642 1.77035403 1.01303279 1.56342649 1.12546098 1.66499269
    1.34245372 1.53833008 1.43831575 1.36116004 1.34773171 1.57905161
    1.07035661 0.896499336 1.69761491 1.09203494 1.46257794 1.42049158
    1.25240731 0.900457203 1.5350343 1.03519011 1.6332525 1.73388338
    1.19313121 1.18931615 1.70154166 1.28517807 0.990028799 0.919621825
    1.49556792 0.976635873 1.59290111 1.6219846 1.49152184 1.25993812
    1.64219928 1.29801714 1.22838354 1.69076502 1.21035242 0.996388793
    1.09469211 0.864631951 1.46249568 1.47204912 1.68383491 1.7464081
    1.51826465 1.16423404 0.925864995 1.52780962 0.851562142 1.36243534
    1.12944734 0.771581054 1.10499203 0.997661769 1.34561872 1.60796082
    0.882075071 1.10592592 0.832973599 1.80903161 1.22633505 0.947128236
    1.20736766 1.23664379 0.977198005 1.54120946 1.25930178 1.39263225
    1.04054916 0.85838598 1.51229322 0.793588459 1.77093029 0.828296602
    1.51497686 1.22357821 1.62647951 0.890803039 1.60804594 1.25166595
    1.00921381 1.34529841 1.05436468 1.24737048 1.11134481 1.09779418
    1.42812872 1.32888377 1.75354564 1.10337245 1.41905057 1.35515666
    0.805373728 0.813903272 0.960366607 1.53377473 1.31754589 1.83092332
    0.897836566 1.38662732 1.46534574 1.63737893 1.48914194 1.55203223
    1.60311711 1.47928071 1.45606184 1.29988432 1.62084305 1.65090942
    1.35766888 0.901896417 1.36920214 1.02086186 1.55418563 1.0590018
    1.18311524 1.47974086 1.3630693 1.24847412 1.4921633 1.20282626
    1.16365647 1.03373051 1.08123434 0.895938873 0.961669624 1.67696786
    1.07026577 1.26599991 1.00962114 1.13794553 0.996931434 1.21510196
    1.67392528 1.44430554 0.792317212 1.06381679 1.65972567 1.39476168
    1.21790588 0.962753534 1.22525775 1.60515106 1.25255418 1.0611912
    1.34398997 1.80162394 1.40706408 1.36648726 1.24438417 1.82164514
    1.51627064 1.37312543 1.06009185 1.4110409 1.56605411 1.63556039
    1.25953448 0.949059904 1.14877105 0.960723102 1.68640578 0.81635201
    0.930812299 0.962578714 0.9555794 0.964127719 1.27721369 1.73370528
    0.830026567 1.38059735 1.03918433 1.33621252 0.919704914 0.996111631
    0.881951094 1.16568756 1.77862692 1.71804643 1.56116283 1.33741975
    0.982162774 1.2082783 1.28935957 1.07584155 0.982357621 1.44125974
    1.14594817 1.60458314 1.53134954 1.46638501 0.880679607 1.44688261
    0.964489937 0.796387851 1.36857104 0.756778002 1.23206806 1.60392249
    0.880077302 1.44215012 1.42813432 1.58553958 1.42281878 1.16383743
    1.31152177 1.5544647 1.49429584 0.764477074 0.782930672 1.0733844
    1.46173239 1.02762067 1.43530703 1.65564203 1.43477166 1.79058886
    0.931868494 1.26359677 1.67420185 1.60491598 1.40816081 1.20904672
    1.05649602 1.58661437 1.72000504 0.879948318 1.37421441 1.73554492
    1.49160099 1.04360473 0.831896901 1.34464204 1.51600933 1.41222215
    1.50810003 1.17099655 1.1486994 1.69329 1.76083207 1.16397774
    1.27185118 0.955912709 1.57704735 1.48635495 1.43940496 1.4015516
    1.10528362 1.74521732 1.5319227 0.842848837 1.23724782 0.892841041
    0.832743466 1.65694308 0.893830419 1.32853782 0.969591439
    0.809206963 1.59897208 1.27618575 1.81040347 1.75970101 1.59240735
    1.63171625 1.13381672 0.950812459 1.59464025 1.09793615 1.32722008
    1.64065039 1.07783735 1.51499236 1.74621761 1.22345209 1.11657083
    1.03310454 0.789679229 0.841749251 1.49683166 1.48047471 1.28935838
    1.16683388 1.55265307 0.824946821 1.49815083 1.02743876 1.1009177
    1.43383741 1.1787039 0.931092799 1.44133258 1.34255576 1.4666121
    1.10348678 1.38057387 0.871277273 0.954074264 1.40170503 1.27640605
    0.906928301 1.50334489 1.34938741 0.545947909 0.689660013 1.39420712
    0.796410859 0.698439598 0.864216208 1.76145589 1.16934085 1.18607068
    1.55486047 1.24236989 1.61423051 1.29121339 1.77167618 1.44876277
    1.07942975 1.704247 1.03608131 1.22649026 1.48302388 1.26431394
    1.51857471 1.01478231 1.35495877 1.43230796 1.59230006 1.7414701
    1.10996735 1.26772976 1.48842478 0.926055908 0.842445552 0.975205362
    0.834829688 1.05995119 0.764400542 1.69393206 0.768582284
    0.779726863 1.42383671 1.22641706 1.08723855 1.48629677 1.115394
    1.73825109 1.43074024 1.66146874 1.3451792 1.77061105 1.20238101
    1.29440546 1.46957147 1.43571579 1.00482309 0.838886917 1.74664938
    0.95544374 0.934331238 1.74123394 0.915879428 1.06177258 1.45879817
    1.30079567 0.957944095 0.894171953 1.74499714 0.842389405 1.34149003
    1.04277325 1.54109275 0.900889933 0.777552009 1.34884226 0.855746508
    0.846261442 1.65529227 1.18981338 1.02844203 1.12706125 1.24055064
    1.65001583 1.69056606 0.792827725 1.15612042 0.884555757 1.15487504
    1.06237757 1.23062289 0.844437778 1.35574555 1.54585648 1.65310025
    0.937420726 1.14822936 1.47781026 1.26338661 0.938676894 0.867196023
    1.10053837 1.33415043 1.21138132 1.68350458 1.82596719 1.25493753
    1.71177876 1.82185829 1.79258394 1.75243425 1.66955972 1.65255737
    1.41908026 1.49604428 1.38375723 1.68543994 1.32495821 1.71001852
    1.18441296 1.03895557 0.967063367 0.873707592 1.00961113 1.04498649
    0.927130997 1.43617034 0.865025103 1.33425367 1.1125443 1.5027945
    1.71644294 1.5723989 1.51611531 1.17521918 0.83866632 1.07665074
    1.2794733 1.55159831 0.952831149 1.14244652 1.61303163 1.29766095
    1.0390135 1.09284616 1.42285681 1.59310579 1.67035544 0.812168956
    1.37082219 1.59420276 0.885672152 1.71424007 1.04293954 1.08941805
    0.971566975 1.3452003 1.48020089 1.3912369 1.20641637 1.3497442
    1.09366119 1.04664385 1.73149633 0.989571214 0.783860803 1.02638602
    1.39262533 1.1973561 1.73812497 1.011572 1.7413038 0.874058545
    1.55397272 1.28944445 1.574507 1.47515655 1.13791513 1.71477425
    1.10622931 1.46033359 1.26618695 1.11616158 1.60521853 1.09394908
    1.36325729 1.44267106 1.78827894 1.06165993 1.15245128 1.34757352
    0.90209192 1.14771593 1.30259013 1.41590381 1.13713431 0.976394296
    1.51569223 1.7155484 0.818401873 1.09396815 0.835124135 0.864160061
    1.58798683 1.50522494 1.77308536 1.48722959 1.39242435 1.65603542
    1.57038558 1.6336962 1.23819602 1.10449755 0.93773222 1.16321266
    1.79563844 0.930214345 1.69426596 1.04222393 1.53920162 0.890509427
    1.2976619 1.70178664 1.54972243 0.839430392 1.53130031 1.63108492
    1.60908604 1.27713823 1.80057836 1.29701614 1.6144408 1.49428725
    1.48768461 1.60514712 1.70412326 1.04631913 1.76167738 0.999771714
    1.41862106 1.17268825 1.64030588 1.04802346 1.63266516 1.13315642
    0.953383267 1.27487767 1.11466038 1.16043437 0.916716039 0.980050683
    1.21328449 1.49225676 1.43017972 1.04487455 1.21394491 1.11532009
    1.36687279 1.13110161 1.26306272 0.541136742 1.13831806 1.49595046
    1.15294123 1.60458195 1.04099452 1.11549306 1.72226429 1.71764815
    1.4933753 1.30713379 1.07235003 1.5893892 1.34456301 1.16869187
    1.45620441 1.59613025 0.789019406 1.4386965 0.80253154 0.993620336
    1.00968444 1.01717734 0.903673828 1.71823406 1.01214898 0.963363469
    1.42443562 1.13432503 1.37338817 1.26658106 1.45811975 1.39767361
    1.51223826 1.0591054 0.978191614 0.900950789 0.796587527 1.51784229
    1.31316757 0.990772843 1.32881939 1.69246495 0.953014255 1.71150029
    0.882089972 1.54473734 1.52122712 1.46346867 1.57706809 0.844111264
    1.59853899 1.73208082 1.72786582 1.18979061 1.25452507 1.40245473
    0.840775967 1.22713506 0.906066537 1.71804273 0.761496186
    0.787814558 0.841814339 1.5141499 1.46692729 1.76257122 1.11569548
    1.75481606 1.14110613 1.73985815 1.73930991 1.19732451 1.2815901
    0.921675265 1.23578668 1.4120816 1.69405591 1.20190263 1.00033951
    1.42622697 1.57844579 1.67349219 1.11920369 1.63527656 0.831712306
    1.47179317 1.67440856 1.0126071 1.68909514 1.79865062 1.35085094
    1.67513204 1.53738344 1.11897123 1.10673642 1.46535063 1.65258145
    1.05640531 1.39764977 1.12853718 1.08528554 1.51995516 1.75996661
    1.24169827 1.27880883 1.00544488 1.19203675 1.53487289 0.820909798
    0.900868177 1.16212928 1.03389168 0.999096513 0.855721414
    0.719870031 0.799455881 1.27504706 1.5779624 1.19355905 1.36962855
    1.07417071 1.56360137 1.56966662 0.833985865 1.36606169 1.44296944
    1.6299876 1.15739524 1.56220055 1.70962071 1.5066005 1.45176899
    0.889269292 1.78400648 0.833378375 1.2042135 1.31071651 1.72979319
    1.12312055 1.69574833 1.46230769 1.02859211 0.919273794 1.64233756
    1.18758142 0.84601295 0.987041771 1.19699466 0.89732337 0.971085489
    1.64066148 0.827188969 1.01165152 1.13008225 0.865120292 1.52528739
    1.30974901 0.869729996 1.62886322 1.65288997 0.820299566 0.950097084
    1.42560792 0.84989053 1.50293612 1.56567395 1.34944046 1.42274749
    1.14080215 1.23255837 1.60359251 0.936099887 1.32835066 1.17038691
    1.56869876 1.46317005 1.17495763 1.21960521 1.00691438 1.74689639
    1.74177802 1.13791585 1.49973083 0.838113368 1.71651375 1.40414751
    1.6843878 0.959248483 1.00674069 0.977643669 1.39979422 0.885966241
    1.59989405 0.871584892 1.27127504 0.820941448 0.980321527 1.60045767
    0.821383893 1.59001076 0.853270292 1.15602565 0.886764228 1.07094276
    0.832216978 1.2793467 0.778761804 1.40390062 1.00904787 1.12161124
    1.41418338 1.60928953 0.863923907 1.08621156 1.18347347 1.57983458
    1.34727263 1.23007822 1.5700835 1.37952185 1.73379958 0.969154358
    1.53041673 1.17661834 1.36979139 1.11709833 0.839553893 1.53589988
    1.20084858 1.54990029 1.41430366 1.13512957 1.40910435 0.867369175
    0.812677145 0.90354079 1.49528062 1.10361826 1.07249868 0.981248081
    1.28724682 0.979896367 1.78054917 1.44422245 1.24688137 1.41012383
    0.791076362 0.882194579 0.924048245 1.15198243 1.03757465 1.24940717
    0.717307985 0.694785655 1.21961164 0.83721447 0.550236881 1.39514375
    0.817403734 1.52216363 1.69195461 1.37326324 1.80587435 1.14000332
    1.19480002 1.79202378 0.823420346 1.23599982 1.26776803 1.12520373
    0.868325412 1.58242488 1.25825453 1.16189098 0.909809768 1.63295221
    1.13941741 1.1377188 1.76846516 0.928380787 1.74354947 1.77724576
    1.56055295 1.10807872 1.43954623 0.999783993 1.32557583 1.73711681
    1.70257151 0.781087041 1.27767897 1.40597081 1.34445071 1.59127045
    1.44374156 1.12057412 1.18854415 1.48624659 0.964655161 1.02242005
    0.925228834 1.23469627 1.13307464 0.814896584 1.55659711 1.39391243
    1.04192603 1.64929378 0.865469813 1.77820706 1.11113536 0.852874577
    1.39296234 0.771095872 0.955005884 1.24487019 1.26666605 1.56205809
    0.86049521 1.51473618 1.5467639 1.75431776 1.33274627 1.67624462
    0.953562617 1.11142254 1.0292989 1.58838737 0.752591252 1.0849781
    0.80157578 1.21654451 1.61046791 1.10969079 1.10916018 1.0238595
    1.12783515 1.0085324 1.70334244 1.64403462 1.00821781 1.62788105
    1.27649844 1.26890695 1.18076217 1.2882638 1.81849957 1.71015012
    1.0601784 1.75464869 0.945118308 1.03018355 0.95874846 1.29282176
    1.63807595 1.74851322 1.86296976 1.61408818 1.73354578 1.50370347
    1.44759762 1.76359403 0.868559241 1.50995123 1.68166602 1.22851098
    1.14394915 1.17985082 1.72932196 1.02890694 1.65005291 0.861606658
    1.27957928 1.02586794 1.6645472 1.65996742 1.7834121 1.55265832
    1.36082029 1.53207636 1.12309062 1.74351859 1.15914762 1.64198399
    1.02278662 1.07820845 1.10404968 1.64877236 1.17607665 1.67794073
    1.07265484 1.61745811 1.40969765 0.952640295 1.79725218 1.776847
    1.81463683 0.862134218 1.2104758 0.816936016 1.41579866 0.945584893
    1.49704766 1.58031738 1.65974402 0.925946653 1.40079808 1.71238756
    1.46379137 1.27042866 0.863504529 1.1679945 0.919822097 1.0215081
    1.09520817 1.00663579 1.11227691 1.41183949 1.50029421 1.56809831
    1.68242002 1.36002171 1.55442727 1.37171662 1.80182874 0.980076611
    1.29909551 1.56502199 0.866511047 0.974601626 1.30883932 1.62671781
    1.12662947 1.55246913 1.2643919 1.52635789 1.46837723 1.24954903
    1.00094509 1.0213418 1.22985208 1.70615315 1.22740853 1.68960655
    1.58908224 1.01109147 1.16577756 1.52228487 1.58633208 1.19243515
    1.1099931 1.05351734 1.64847958 1.1495564 0.827731252 1.22758961
    1.09548342 1.28105831 1.00414109 0.779832125 0.801568329 0.783324122
    1.20551288 1.09300554 1.22816765 1.18978655 0.795555472 1.5435555
    1.22501647 1.43177795 1.27884543 1.79132807 1.66931534 1.6300199
    1.55651641 1.20156217 1.69111598 1.45013618 0.894802272 1.6173377
    1.7029233 1.67486823 1.70896554 0.846943974 1.01145935 1.73028803
    0.942943692 1.38097799 0.954123795 1.74491227 1.48367834 1.53797281
    1.18456686 0.935928106 1.22750974 0.969748616 1.70961952 1.7337476
    1.47808349 1.65333736 1.38526034 1.56189942 1.16444194 1.44059968
    1.63455498 1.70100749 1.6157037 0.993021607 1.33168149 0.694586992
    0.614204705 0.727608323 0.80798465 1.36799872 1.48084235 1.36641324
    1.19561458 1.64659464 1.17100143 0.993540585 0.950058222 1.11251438
    1.78167784 1.06189632 1.62088382 1.2262516 1.70866072 0.996311665
    1.05152845 1.08985353 1.05366731 1.23532665 0.931741416 1.20214248
    0.788316131 1.31888402 1.2148602 1.52734518 1.68957889 1.08667505
    1.39262593 1.04882276 0.9522596 1.27278292 0.852822244 1.63280678
    1.42014039 1.7507292 1.64587486 0.860667229 1.69448888 1.78497028
    1.77891326 1.09137022 1.01760888 1.56089175 1.48160064 1.78040516
    0.864894807 1.73632026 0.812781096 1.4063499 1.00944233 0.837109447
    0.927302122 1.68556583 1.60272348 1.34700036 1.0866847 1.4019748
    0.919846773 1.39237595 1.05393815 1.41297865 1.03583813 1.48702419
    0.970737278 1.57696486 1.55666614 1.04043663 1.64203501 0.904033482
    0.89053005 1.34421074 0.833980024 1.70742083 1.58415353 0.988854885
    1.14399612 1.4756695 1.24063921 1.38773441 1.53868389 1.64393544
    1.11094129 1.53039718 1.56841969 1.64790809 1.15842795 1.70573342
    1.82545161 1.29717958 1.19573295 1.33517992 1.83336651 1.61204064
    1.63501954 1.40175211 1.70232868 1.27419138 1.34432876 1.8388257
    1.57419276 1.12756228 1.74073267 1.00972474 0.974737883 1.6919421
    1.41857886 0.883031309 1.10855889 1.05383718 1.57275653 0.916284919
    0.808830261 1.49186623 1.34649301 1.05338895 1.34652174 1.40774417
    1.01635778 1.74569643 1.19281149 1.48012853 1.38244152 1.19748771
    1.3492403 0.815797806 1.54407883 1.79343259 1.65683913 1.53315532
    0.982876897 1.10744202 1.58969033 1.57442367 0.967719316 1.7591989
    1.79445732 1.6440922 1.57234097 1.31657124 1.7117449 1.68985248
    1.2837081 0.851347566 1.03179002 0.976292551 0.801967144 1.00397921
    1.42607319 1.24481714 0.86898154 1.49109852 1.53281629 1.12892473
    1.19942331 1.57982695 1.65585935 1.77003062 1.45992553 0.89821738
    0.885598361 1.76985061 0.954131544 1.02431703 1.46182382 1.62015855
    1.27343976 1.21475959 1.54971755 1.66786826 1.85243547 1.15593135
    1.73407423 1.19713593 1.57172132 0.822360933 0.948810756 0.921480417
    1.78716505 1.28983879 1.21745265 1.25238597 1.09013093 1.51407552
    1.57385933 1.0300945 0.785518169 1.44588292 1.74851429 1.28549409
    1.58623314 0.987907588 1.68849909 1.29385638 1.61641788 1.37540722
    0.905574918 1.07565534 0.776858807 1.01674902 1.75359273 1.04468727
    1.36554837 1.70998728 1.09777188 1.38150418 0.879638553 1.664765
    0.896821558 1.29460263 1.4512403 0.930120885 1.4325875 1.30824971
    1.72425282 1.29926574 0.844697595 1.74354899 1.00637507 1.08175683
    1.04271114 1.80524898 0.820448935 1.78279734 0.93794769 0.864718854
    1.72058213 0.912349641 0.853870392 1.08707833 1.24734592 0.938572764
    0.780404866 1.37125599 0.871671498 0.85364604 1.37753308 1.57410145
    1.15518403 1.58377945 1.06535697 1.53392768 1.50493848 1.34127295
    1.32597613 1.62136424 1.58032286 1.55998731 1.27577245 0.8072294
    1.16459846 1.14060724 0.803070247 0.637355924 1.0673244 1.02975619
    0.959591329 1.02884448 1.45511913 1.0158999 1.46114242 1.04760206
    1.56944621 1.6341666 1.46902907 1.76558745 1.20447099 1.12844718
    1.3232131 1.01169598 0.769389927 0.995202422 1.09844244 1.02879012
    1.48426485 1.00411487 0.855985522 1.13326895 1.02556014 1.29254305
    1.66095841 1.26016343 1.20859718 1.18508971 1.04297674 1.17105675
    1.20267951 1.71131253 1.0414871 1.60400295 1.43356216 1.20299983
    1.27897966 1.19265318 1.07135212 1.62327325 1.57274413 1.24185646
    1.22995102 1.11074948 1.02371192 0.929174423 1.5508846 1.33656895
    1.64215422 1.08407462 1.39559186 1.06705606 1.72066128 0.931883752
    1.75037718 0.99345541 1.26953065 1.60742295 1.22856796 1.68129718
    0.9716236 1.18700194 1.33657801 1.00786519 1.17256558 1.26145422
    1.66545069 0.975219905 0.906419277 1.44395912 0.788876534
    0.970591366 0.943370938 1.67367136 1.54986072 1.34682822 1.07695687
    0.875164509 1.70214689 1.04348814 1.71699142 1.71261716 1.32609427
    1.54185867 1.70111775 0.940790772 1.80301642 1.29765046 1.59927046
    1.24911249 1.69615042 1.72847807 1.58249712 1.13830578 1.42889118
    1.29478073 1.204144 1.27135766 1.66130185 1.22856259 1.11629963
    1.66813374 1.66468894 1.40556157 1.09883189 1.69196761 1.83504522
    1.41307199 1.72106075 1.16815615 1.14063191 1.51923418 1.49541938
    1.17282891 0.774803638 1.23452961 0.851479948 1.17825592 0.931918263
    1.16659105 0.992115676 0.967324853 1.50425839 1.40197766 1.35287201
    1.19307244 1.27169979 0.811255097 1.74713004 0.844583154 1.02294588
    1.6172241 1.69972348 1.2968837 1.6732527 1.27085984 1.85923719
    1.24207568 0.959920585 0.947485209 1.42321444 1.00122559 1.18999565
    1.05204046 1.52183509 1.39116502 1.13765037 1.6499505 1.08757102
    1.64192128 1.21617365 1.37662494 1.0526619 1.6123842 0.85676837
    1.61660492 1.60456598 1.25157034 1.23778546 0.982994795 1.21365488
    1.45103514 1.11521137 1.4361012 1.56032503 1.71731913 1.5517956
    1.49391437 1.33992398 1.84273136 0.944703102 0.913648665 1.09543097
    1.64734852 0.907670796 1.55624008 0.928792477 1.00915015 0.832429647
    1.18589306 1.06547284 1.05658042 1.11105382 1.69584692 1.53503239
    1.66710985 1.60025382 1.11702824 1.16590059 1.34294379 1.36740649
    1.34026957 1.14070916 1.61433792 0.889501035 1.45474017 1.63284647
    1.36460137 1.17715704 1.60687912 1.4742161 1.7061938 1.73331523
    1.31770837 1.72654068 1.24951208 0.796040237 0.782226443 1.21841097
    0.981128335 1.38641 1.73926055 1.5837779 0.820527852 0.962415576
    1.61714101 1.72730327 1.75803363 1.33748531 1.57269776 1.3533442
    1.42569077 1.27836394 0.906360388 1.25366974 1.24940026 1.36457086
    1.34699595 1.08619857 1.14945328 1.23767269 1.26784754 1.69126105
    0.864325106 1.11226046 1.07152522 1.18172133 1.69297552 1.56396782
    1.55671442 1.62246585 1.64420557 0.985543609 1.712484 1.15635383
    1.54909945 1.56619227 1.56636238 0.924106538 0.948644698 1.0029037
    1.54988432 0.705069661 1.31796813 0.826346099 0.840486705 1.30930841
    0.720124364 1.25740731 0.959675372 1.27344084 1.31763136 1.35583007
    1.04437792 1.3096559 1.2196002 1.17357612 1.386976 1.25458944
    1.1069988 0.867990792 1.28547001 1.27300525 1.1122402 1.22792733
    0.852938354 0.970169306 1.56466436 1.28114641 1.04125035 1.7198782
    1.20882785 1.10543525 1.34128344 1.57753146 1.51969588 1.22116458
    0.906861663 1.73687744 1.2524699 1.14594519 1.26005995 1.0970211
    1.0232271 1.19381487 1.37516737 1.78154588 1.02918005 1.582955
    1.23287535 0.820320666 1.59724939 1.4068203 0.951981664 1.51800323
    0.963389039 1.11871386 1.35937774 1.14637792 1.54151499 1.41705263
    0.968282878 1.22245455 1.15341103 1.60788631 0.97586596 1.56427777
    1.25493073 1.19238317 1.04041624 1.43760276 1.04896939 1.10838187
    1.16536629 1.59988737 1.53322017 0.888664365 0.99851191 1.22411704
    0.781195045 0.736033142 0.743008792 1.13653445 0.834416449
    1.61886311 1.13001013 1.05373931 1.55948043 1.24982119 1.47245669
    1.28448319 0.957505643 1.01641679 1.59789741 1.56210852 1.38654709
    1.50681543 1.38730061 0.869643867 0.866710722 1.0162034 1.84490204
    0.911067367 1.85782945 1.79958117 1.64979231 1.21837914 1.51551998
    1.80765474 0.93588376 1.82009017 1.44479501 1.66996896 1.33002007
    1.16884673 0.921096206 1.1159091 1.05439138 1.07013273 1.47964442
    1.16328835 0.893997073 1.21179581 0.893236041 1.66680503 1.07756746
    1.62438428 1.22437119 1.1669879 1.10700095 1.17172897 1.26421773
    1.26460803 1.3032515 0.847123384 1.24285734 1.03384876 1.32205355
    1.48328567 1.01041567 1.42496169 1.3698386 1.68544948 1.39437246
    1.11844134 1.54979205 1.4968518 1.47806811 1.18777359 0.927904308
    1.33100533 1.39987755 1.38017213 0.99439311 0.799906909 1.66899765
    0.879188895 1.62426293 0.873932064 1.02106643 1.49440587 1.39434743
    1.77046013 1.14404821 1.76644623 1.28928936 1.76364899 0.963404298
    1.43775415 1.28953373 1.20818686 1.64437819 1.87517297 1.66044581
    1.55571699 0.879011452 1.56013775 1.75338471 1.28599 1.4919914
    1.53266144 1.74471354 1.26221108 1.3836602 1.71602535 1.74703979
    1.43746614 0.935705841 1.37018025 0.969382644 0.915307343 1.19352698
    1.28860307 1.53402185 0.847976983 1.0059365 1.10631621 1.06808007
    1.13443696 1.44102073 1.54876196 0.821640849 1.27189088 1.21512389
    1.48775828 1.12428606 0.833068073 1.33767736 1.36088097 1.24412715
    0.773171306 1.63329017 1.03992891 1.66599953 1.1955328 1.75908554
    0.870658815 0.811665952 0.851913989 1.45191789 1.28259945
    0.870878935 1.4141463 1.55859113 0.890314639 1.1511246 1.45408833
    1.60814798 1.16920865 1.38614619 1.26253164 1.0045774 1.5611794
    1.03417194 0.826995313 1.73219454 0.926326573 1.61152399 1.77590334
    1.23174977 1.4700352 0.871100724 1.45552182 0.845396638 1.17123652
    1.21162724 1.19729805 1.44061959 1.36041725 1.55055344 0.899401426
    0.956915021 1.44988084 0.992341518 1.10510004 0.835086524 0.71806401
    0.976564229 0.937681854 0.588200986 1.17603695 1.46581256
    0.955590963 1.1626426 1.06615424 1.22199488 1.7807883 0.907960594
    0.821007609 1.19220316 1.43368483 0.800541162 1.32940888 1.59877193
    1.10483944 0.857982039 1.6607492 0.960664153 1.54390025 0.911522448
    1.63990927 1.36532331 1.51117754 0.961237788 1.47211075 1.03497827
    1.8104502 1.08688021 1.78656983 1.3182596 0.924822688 1.01981044
    0.881428063 1.71547687 1.01147914 1.17746651 1.63347447 1.67688715
    0.941339195 1.50229025 1.46456814 1.1166482 0.868895054 1.36551261
    0.831343412 0.892991602 1.46567047 1.60779881 1.36483026 1.50624931
    0.889983892 0.989554822 1.75482988 1.49414384 1.46987569 1.14739716
    1.01901615 1.71434343 1.37584162 1.16023552 1.04562294 1.37416577
    1.80360723 1.16186273 1.70893753 1.37366772 0.920386016 1.24058127
    1.5881685 1.21900153 1.6618377 1.03575552 1.52987313 1.08399892
    1.70395517 0.878665209 0.979319394 0.811670601 1.71179593 1.26296556
    1.45263505 0.90137589 1.13976419 1.81708658 1.62368703 1.70643532
    1.41669071 1.76727116 1.38709426 1.65282023 1.32996821 1.26413417
    1.09174275 0.97367245 1.10965121 1.66535556 1.5533632 1.73040581
    1.57088888 1.25256395 1.81373513 1.16062224 1.22931814 0.943221033
    0.981598854 1.21040118 1.1045326 1.80918217 1.37949169 0.984398365
    1.61424756 1.7436595 1.39157712 0.980070174 1.14373112 1.03690648
    0.972793698 1.74352539 1.51722109 1.18320096 1.67710805 1.46615601
    1.46453536 1.59991586 1.70256472 0.897803783 1.15236676 0.979264557
    0.857412159 1.25837147 1.32141948 1.2696048 1.08075225 1.76654446
    1.5611304 1.52030134 1.63025391 1.53081667 1.74698412 1.5125134
    1.41485262 0.875913858 1.81082273 1.37680924 1.51759434 1.79651546
    0.96789825 1.09802043 1.30988765 0.887049794 1.15722382 0.852518797
    0.965106189 1.1796577 1.05471551 0.869924486 1.70125556 1.5625782
    1.08121765 1.38360548 1.66881728 0.909779668 1.37813437 1.34824502
    1.72312903 1.40706897 1.81471252 1.38970613 1.1827172 1.66517901
    1.56068373 1.81575406 0.962968111 1.62219846 1.71089613 1.80443907
    1.18182993 0.951117098 1.07448149 1.24320364 1.66108274 1.4520129
    1.37240696 1.42834783 0.784690022 1.04308045 0.761603355 1.06903195
    1.25644577 0.851769388 0.970677674 1.37575686 1.32781959 1.01025522
    0.793675482 0.885495603 1.45882034 1.43540895 1.32051265 1.14976406
    1.02793634 1.60308564 1.11422658 1.13586831 1.09116375 1.14973903
    0.862732887 1.58178139 1.72339547 1.51930773 0.990834713 0.908425987
    1.38295662 1.52914119 1.56937754 1.04969311 1.17274284 1.57801056
    1.76528406 0.892530918 1.06235826 1.74758816 0.93967998 1.67170691
    1.43911445 0.870988846 1.32879305 0.965672612 1.38969278 1.19164193
    1.67112076 0.982099414 1.39354885 1.75285375 1.50589776 1.09752035
    1.05154872 1.55873406 1.68518734 0.880959094 1.36795378 1.42786717
    1.04318082 1.72349691 1.26934719 0.848452926 1.77286088 1.73050344
    1.5555898 1.11387813 1.71385384 1.39713848 0.869290531 0.905798137
    0.972690701 1.45162141 1.40208042 0.48510772 1.00782073 1.40227461
    0.983967602 1.57722723 1.76543951 1.13815665 1.12764227 1.01119089
    1.26585495 0.811537385 1.43911898 1.15303016 1.16595018 1.31746542
    1.63546753 1.32395518 1.59334683 1.33997607 1.27464306 1.45988858
    1.5777365 0.782772839 1.74128377 1.24699903 1.20675302 1.528139
    1.77002013 1.04436374 1.10932529 1.76252174 1.20796955 0.992064774
    1.27333772 1.15662944 1.00687099 1.65851569 1.75807106 1.08848691
    1.25911486 1.33995461 1.76761544 1.64189219 0.969477177 1.29302502
    1.60886443 0.834488213 1.42035675 1.13959563 1.68816161 1.69968307
    1.54494417 1.77805519 0.876902521 1.5591923 1.41499352 1.63079286
    1.15770912 1.81736326 1.6011411 1.82001853 1.65876424 1.22543573
    1.3586601 1.06811345 1.45303059 0.935776174 1.63083267 1.62903666
    1.65059006 0.988701403 0.926141083 1.00391114 0.969373405
    0.896277606 1.12764299 1.07850409 0.853052914 0.773064017 1.05458426
    1.53202689 0.959225297 1.60345364 1.82419252 1.35918188 1.1511327
    1.04313958 1.56103313 1.11047626 1.42361867 1.54271638 1.08235073
    1.0055598 1.7154727 1.01284397 0.915139258 1.59550738 1.77011073
    1.77290893 1.79720914 0.873107553 1.7806145 1.48697007 1.17093921
    1.76689243 1.52983236 1.7243638 1.61958301 1.62341452 1.0252403
    1.4856931 1.70491672 1.31421053 1.36258817 1.20628655 1.53939342
    1.67099297 0.834665716 1.55765963 1.09472537 1.25965488 1.71027672
    0.909438014 1.1242131 1.15548134 1.04277563 1.29388261 1.70171034
    0.937397063 0.874808788 1.13238454 1.43861818 1.42807412 1.32843804
    1.04407012 1.83886349 0.928349078 1.68294132 1.00102043 1.38640118
    1.53010488 1.16382468 1.83744335 1.33583045 1.64644921 1.27381396
    0.881844044 1.07739925 1.23380315 0.820392728 0.936423659 1.58078992
    1.67401791 1.27205706 1.23845327 1.18811107 1.70895934 1.29954147
    1.6685127 1.53717935 0.918552816 1.04494476 1.38782859 0.840814173
    1.83248365 1.29326248 1.38967061 1.24458957 1.79120708 1.08228648
    1.49279952 1.56327558 1.72760594 1.77231073 1.1225065 1.49415314
    1.77959871 1.34403193 1.01948893 1.50093794 1.17049563 1.52317131
    1.58959842 1.11865246 0.956037521 0.970855832 1.01736653 1.05177772
    1.06603694 1.27078557 1.0811733 1.72371566 1.59299588 1.13630772
    1.41746545 1.21705174 1.35250795 0.919065058 1.55555081 1.60243833
    1.14764106 1.55908585 1.28775406 1.51120842 1.14618921 0.762455165
    1.40497887 1.33676159 1.35466528 0.89841491 1.59854615 1.78201342
    1.47017241 1.61816275 1.00403595 1.77950716 0.940578163 1.57524598
    1.08498108 1.62805295 1.71476579 0.845732749 1.232252 0.87067908
    1.62136984 0.999220014 1.26627982 1.00134981 1.6721946 1.1469574
    0.842459619 1.36740255 1.55319405 1.79122317 1.08782578 1.55303442
    1.651389 0.831274807 1.64033198 1.4352777 0.913767397 1.08947206
    1.39822185 1.27783394 0.879580736 1.07201409 1.14666498 1.37862802
    1.21018076 1.05621004 0.843635023 0.766707361 1.65633631 1.35836804
    1.11536527 1.40156436 1.15047109 0.721989155 1.36044312 1.65077794
    1.57794511 1.67275488 1.78439212 1.22207654 1.09854746 1.12269497
    1.26702082 1.67852771 0.939181626 1.54865468 1.43497145 1.71520829
    1.54387617 0.753009856 0.843954146 0.95363909 0.906497002 1.37221837
    0.902167439 1.48179567 1.46597195 1.58716524 0.96360141 1.32328176
    1.62407684 1.16284168 1.03257573 0.947431505 1.62409461 1.49515092
    1.32722509 1.71783364 1.04917622 1.35822308 0.999364257 1.63361788
    1.53577745 0.986082852 0.913433671 1.5434562 1.73720241 1.15152216
    1.32792926 1.49192107 1.24066067 0.919870436 0.797356248 0.989641726
    1.37361693 1.28521657 1.50455284 1.54299867 1.79587471 1.26065755
    1.4981432 1.60531008 1.00410867 1.25700974 1.07851577 0.984160185
    1.12692022 1.57169461 1.13636601 1.26501215 1.48721147 1.80308056
    0.903448284 1.05542254 1.01286817 1.74019027 1.60667491 0.919636726
    0.805868149 1.68821049 1.42552602 0.995213687 1.37653816 0.915226936
    1.6968497 0.899898171 0.84349227 1.29871118 1.59653795 1.74078596
    1.55780745 1.45618939 1.10358858 1.79938281 1.00552177 1.65579891
    1.2380209 1.76926458 0.967687905 0.966081977 1.0362227 1.25551546
    1.30840087 1.44393098 1.76085567 1.78992939 1.67218387 1.72861314
    1.20269299 1.35536122 0.939667702 1.5334636 1.06080198 1.79306817
    0.902130723 1.34481502 1.38233197 1.61618841 1.68534505 0.923137069
    1.52442586 1.08179784 0.807514369 1.33950341 1.05094767 0.883282661
    1.47769451 1.02178395 1.7008462 0.909048855 1.74944925 1.54912305
    1.79117799 1.46634078 1.53425395 0.894198656 1.39645612 1.11983514
    1.33099568 1.78896189 0.91769284 1.10072422 1.25963855 1.58407688
    1.02396977 1.6322602 1.47647381 1.71626103 1.21923482 1.06826103
    1.35322833 1.00344777 1.29934728 0.94030267 1.20341587 1.14960957
    1.59582317 1.49971962 0.877393484 1.16155159 1.20090961 1.05562556
    1.40444779 1.14610195 1.2301662 1.58207333 1.21778142 1.6042074
    1.82229793 1.53650963 1.57366097 1.1283493 1.39877915 0.846034408
    1.41576612 1.3993752 1.74063647 0.895804822 1.71794856 0.923354149
    0.935141265 1.38794768 0.814272225 1.57044542 0.969561636 1.70121288
    1.22065818 1.44521689 0.945681691 1.56935525 1.61014116 1.62535214
    1.22630334 1.23422492 0.770308316 1.23533738 0.886568785 1.00073147
    1.71515286 1.64701688 1.44903398 1.17939413 1.49697351 1.27250206
    1.18711877 1.22634113 1.42679822 0.809971094 1.64890361 0.968708575
    0.797143161 1.65607154 1.14664781 1.26669037 1.05340219 1.78795242
    1.19080269 1.77846777 1.36328244 1.65369976 0.842059314 1.78797412
    1.26443052 1.72221208 1.06838405 1.3584882 1.34519458 1.51151633
    0.837542057 1.45388591 0.860836148 1.39066064 1.24837351 0.929534376
    1.44582427 1.74111128 1.72066808 1.05706048 1.84520304 1.20699465
    1.79111707 1.3411665 1.10218382 1.03612745 1.48362315 1.20439446
    0.961640179 1.14606881 1.06153381 1.09872794 0.924828291 1.15579653
    0.737468362 1.00044537 1.21801078 0.789938807 1.33717513 0.879494309
    1.39585388 1.28397274 1.52965295 1.57866693 1.54959917 1.20017111
    0.827432573 1.53034782 0.917378306 1.32586622 1.35505641 1.11411655
    1.50912619 0.942143619 0.854996204 1.4433943 1.27580082 1.19643199
    0.922767043 0.939586341 1.11412156 1.06598806 1.41609788 1.73199427
    1.09390593 1.01821327 1.74669039 1.66170812 1.40019238 0.997278571
    0.971577644 1.1217798 0.952688098 1.54188764 1.10043156 1.00840521
    1.51698804 1.11331975 0.868326366 1.00501931 1.14367032 1.30997443
    1.52471304 1.01130962 1.26604605 1.32517719 0.967845857 0.909498036
    1.42384648 0.95634836 1.02307236 1.45108879 1.67767906 1.66343701
    1.43527877 1.20887625 1.50333405 1.17992961 1.15281737 1.67245364
    1.30971086 1.2985338 1.5551182 1.63283682 1.75992727 1.26480472
    1.3787899 1.55278575 1.04314673 0.899826169 1.46483648 1.42502296
    1.68032455 1.71406937 1.13616383 1.41032684 1.22772753 1.54584336
    1.12956834 1.66380572 0.808516502 1.03777885 1.68007576 0.870362163
    0.858342052 1.7641257 1.49410331 1.74138832 1.7754786 0.859956443
    1.36378789 1.21196628 0.828363359 1.72808325 1.47721231 1.66403687
    1.17178571 1.41886449 1.78258455 1.24860907 1.59551299 1.09723282
    1.32649517 1.40190744 1.28663814 1.08241534 0.887272358 1.40466273
    1.86884761 1.442325 1.2785244 0.879963219 1.00304902 1.18714166
    0.95515871 1.57099164 1.74492514 1.19027781 1.66158223 1.17524898
    0.870357692 1.70791662 1.45295072 1.0503608 1.54662108 1.52048731
    1.61364675 1.54304814 1.70112133 1.01770091 1.26279759 0.838729441
    1.14958203 0.84689492 1.75952125 1.1775986 1.69179666 1.24323821
    1.12245917 1.10002339 1.81496954 0.97042495 1.05623484 1.82200181
    1.54346955 1.18080091 1.43836987 1.5267694 1.25738287 1.01365852
    1.56162405 1.39586008 1.28974664 1.30532157 1.56069911 1.51297343
    1.32015848 1.30664003 1.56060481 1.05320227 1.18785119 1.482813
    1.78549933 1.70349741 1.725577 1.30266511 1.00361121 1.43223798
    1.34484434 1.62406433 1.21144891 0.98421669 0.795385182 0.873645365
    1.33020067 1.43968916 1.15285885 1.32547677 1.40383792 1.11148572
    0.85897696 1.56815696 1.19887769 1.6588738 1.31178129 1.44268072
    1.12746799 1.15453923 1.49467611 1.14759302 0.863763928 1.44291472
    1.0852524 1.31059313 1.02559304 1.44293427 1.63819146 0.954638541
    1.16668594 1.48884737 1.46129668 1.12713575 1.19517827 1.2670424
    1.09426713 0.753494084 1.05998194 0.921425164 1.49048364 1.42352057
    1.69204867 1.07272685 1.29702175 1.24544561 0.97141242 1.07205892
    1.33141565 1.44169772 1.73223209 1.20677066 1.3807981 1.12380254
    1.65034115 1.0048449 1.31502354 0.982003808 1.304667 1.28904331
    0.865793467 1.61487985 1.59428084 0.919064045 1.73128879 1.7857964
    1.38237727 1.37160361 1.47402 1.48945415 1.61958003 0.888626516
    1.01716053 1.41474438 1.57734931 1.05966997 1.54758823 1.3192451
    0.999779642 0.992427289 1.12633646 1.63433599 1.02327836 1.69916296
    1.56499743 0.961676896 1.05812311 1.16259789 1.29344213 0.990296483
    1.35366952 1.54329765 1.0715028 1.48678017 1.51760292 1.46212888
    1.4638828 1.69077301 0.877862096 0.993888915 1.39174712 0.801310241
    1.44141579 1.14245915 1.39466274 1.0992384 0.896681249 1.33869267
    1.05510283 1.15923166 1.75491357 1.41776001 1.48679948 1.2249006
    1.50770187 1.4498378 1.5811069 1.49555397 1.59419346 0.901048481
    1.57646835 1.25356042 1.53181195 0.923773348 1.61153281 1.47303224
    0.99476707 1.57489383 1.59779882 1.02879846 1.30492651 1.4920013
    0.939957917 1.21084905 0.760338545 0.758342206 1.37732947
    0.989007771 1.68400848 1.65524566 0.883795798 1.69141662 1.06981087
    1.06772804 1.25268042 1.58260286 1.35467255 1.3685168 1.55471706
    1.32603097 1.4036721 1.54150128 1.69803238 1.26116276 1.13025975
    1.74252796 1.6233294 1.41960371 1.5260241 1.65297055 0.820658147
    0.994794965 1.37560451 0.817670107 1.54127312 1.54616916 1.09273064
    1.48539734 1.08367574 0.970288515 1.45258534 1.39616096 1.56444418
    1.74161661 1.43900859 1.25842357 1.69541228 0.881605506 1.04366755
    1.66741812 1.33176231 1.04109621 1.70359802 1.02509058 1.63519955
    1.32814121 1.11842859 1.21735501 1.16971111 0.812696993 0.877469242
    0.822195292 1.24717963 1.72574294 1.08015847 1.8208096 1.7826457
    1.27721775 1.58072162 1.73466527 1.84006667 1.54085243 1.05022252
    1.11814296 1.34034944 1.39443934 1.68351018 1.22501254 1.66344869
    1.07250214 1.11431122 1.1849004 1.79962742 1.28859699 1.07510674
    1.78415132 1.30916667 1.35844028 0.945550144 1.07254374 1.76897442
    1.78209043 1.21155548 1.82843781 1.35057867 1.76951313 1.2178477
    1.79981005 1.83587492 1.06538308 1.05208313 1.44038439 1.39721763
    1.63795602 1.01611519 1.52428174 0.958622098 1.52298605 1.01894617
    0.846231103 1.79030406 0.986854494 1.72489309 1.40835989 0.859618783
    1.5570159 1.06048167 1.68594694 1.73113537 0.837909222 0.819121003
    1.79209995 1.20478737 0.887246788 1.0648793 0.931166291 1.19353056
    1.04878294 1.11179888 0.918989599 1.14089072 0.965173125 1.16987514
    1.23302412 1.73078454 1.22283971 1.68228495 1.50803661 0.903379202
    1.38542724 1.13003743 1.27935767 1.39687788 0.953396738 1.63311279
    1.23754251 1.60861301 1.26081836 1.1864624 0.833137691 0.976845443
    1.05782402 1.5247637 1.7729708 1.70921087 1.71101463 1.1214025
    0.992233217 1.12370956 0.836405396 1.68764162 0.791296005 1.54981363
    0.95613879 1.37934303 1.30808032 1.45514512 1.11271989 1.62581086
    1.45443237 1.64436531 0.871327162 1.51839793 1.49831748 1.05993569
    1.69680643 1.03374791 0.847002745 0.967740893 1.63094437 1.6676172
    1.46793902 1.04234004 1.30007541 1.35282838 0.779328525 1.35974717
    0.872770429 1.10620224 1.2877425 1.5459938 1.16306889 1.77699709
    1.33558249 1.85895336 1.77087784 1.21191204 1.21983528 1.18613219
    1.34745777 1.51237404 1.73374999 1.62036121 1.49214435 1.01445484
    1.48785532 0.992096543 1.60992849 1.40270305 1.59026885 1.18052852
    1.62997186 0.789313436 0.486297607 0.591131866 0.623546958
    1.45785582 1.57391846 1.42257905 1.60508168 1.31950915 1.50746012
    0.911791146 1.70564604 1.2706219 1.02683961 1.58559072 1.46734703
    1.26034725 1.54246461 1.65101445 0.785846472 0.853968084 1.04212022
    1.54906583 1.12188756 0.967896402 1.76397026 1.3373512 1.05831909
    1.15241122 1.83372712 1.04875314 1.27204525 0.969673753 1.82828212
    1.30319452 0.973689318 1.7159512 1.11137199 1.63613188 1.42222977
    0.8857584 1.45693994 1.79059577 1.64407265 1.48027658 1.12350512
    1.66353428 1.63010502 1.49278438 1.31550968 1.0721091 1.35723019
    1.55019057 1.39849555 1.27480757 0.829224288 1.29703248 0.867115617
    0.925221145 1.10047829 1.48311412 0.908936262 1.21892643 1.20838785
    1.48820174 1.24451578 1.59206498 1.04883087 1.48615384 1.417593
    1.67007983 0.854968131 0.857441485 1.76243854 1.56695724 1.36987877
    0.94768095 1.07402718 1.36657488 1.62266827 1.04915297 1.62850404
    0.863123357 1.74284279 0.958013952 1.11180449 1.05359221 1.31119394
    1.56166196 1.20620859 1.35656917 1.76346815 1.51555371 1.05280697
    0.955405772 1.4246614 0.864004433 1.76472664 1.19332516 1.6512748
    1.41752326 1.22587264 1.07264996 1.49092877 1.1012007 1.65194392
    1.38112974 0.864555717 1.77016282 1.31136775 1.56162572 1.07960391
    1.06055009 0.905927896 1.76165617 1.61452591 1.6644944 0.979608178
    1.20105362 1.58828855 0.922227681 1.56410778 0.808971703 1.62796688
    1.59720528 1.12203598 1.14897549 1.26083231 1.59475982 1.12982059
    1.31566942 1.14522302 1.72737694 1.37895906 1.69150865 1.56270337
    1.74431443 0.927026153 1.18764734 1.22644472 0.97506094 1.256953
    1.42085564 1.42311847 1.59394276 1.07952011 1.84902287 1.65294766
    1.74074876 1.7016418 1.57944548 1.47164023 1.08917868 1.07825112
    1.54112148 1.75582707 0.908299506 1.32583332 1.66805291 1.38473225
    1.50757563 1.70316994 1.30491698 1.02497268 0.826500177 1.33673358
    1.25234532 1.712919 1.21138227 1.31896746 1.15246141 1.03153586
    1.6902262 1.68089986 0.965707123 1.07081056 0.853592396 1.16934526
    1.76991773 1.70526326 1.54516149 1.18442464 0.895354271 1.27415872
    1.06087315 1.41765237 1.05912709 1.30048382 1.17926681 0.898211181
    1.53943443 1.46051562 1.68721604 0.981671274 1.02220953 1.26214159
    1.56007516 1.45349586 1.66349971 0.977169037 1.13136947 0.789004147
    1.32519913 0.811386466 1.00201166 1.03368747 0.854339778 1.46996748
    0.880884826 1.33621526 1.07536924 1.604936 1.72483373 1.07593536
    0.869057357 0.985345721 1.49304843 0.914573908 1.34742498 1.44613183
    0.813857436 1.29086328 1.74032664 1.27560627 1.41813111 0.794855535
    1.74825263 1.24817705 1.74629879 0.981504619 0.829554558 0.826207519
    1.36900556 1.5645082 0.917366266 1.41756582 0.907638609 1.75349069
    1.28223562 1.03003168 1.63265955 0.90541476 1.65485311 1.69188297
    1.78159356 1.36253703 0.923346102 1.58936787 0.869756222 0.880773127
    1.27969706 1.25101328 0.840896845 1.74794686 1.14412057 1.34272563
    0.94100076 1.03437996 0.49791196 1.17041278 1.15347886 1.02467775
    0.810652852 1.13995266 1.23624563 1.12299049 1.531461 1.01674104
    1.1460768 1.0380441 0.800049007 1.75676191 1.18524766 0.965668678
    1.49684072 1.52865148 1.55575335 1.7219218 0.866426706 1.74901652
    1.15694511 1.49649262 0.970639825 1.41255641 1.43433309 1.45548153
    1.28049326 1.59104252 1.46672165 1.19671834 1.630458 1.81608295
    1.85780621 1.4274559 1.73065639 1.0667665 1.28153348 0.973160446
    0.924007833 0.958413541 1.71397269 0.836115718 1.45835829 1.15446627
    0.913936734 1.05013001 1.03600407 1.55103481 1.49819958 1.49484086
    1.24955285 1.40362537 1.66688395 0.993497908 1.27138507 1.17315531
    1.38414788 1.19205201 1.10410762 1.55667794 0.883460224 1.39156497
    1.62677717 1.0092802 1.30167496 1.43288732 1.2341125 1.72264004
    0.829536796 1.62408245 1.27564669 1.37865365 1.51822853 1.09483373
    1.73233414 0.810530961 1.1145947 1.35822225 1.65618658 1.7313081
    0.865850091 1.47457778 0.848594129 1.69426775 1.14644051 1.69531715
    1.65475333 1.44311655 1.10046148 1.73179221 1.58405137 1.58880091
    1.40665209 1.28952098 1.61981547 1.25353563 1.1539923 1.68997538
    1.55033362 1.57046306 1.55731797 1.62116826 1.21125746 1.64598775
    1.31307256 1.21253645 1.68596947 1.76243305 1.77895868 1.58863461
    1.80979896 1.37351513 1.52099919 1.35876739 1.19743955 1.02032137
    1.08092546 1.24269211 0.909209251 0.809004068 1.42121518 1.36523867
    1.38103878 1.3646065 1.21112192 1.59860694 1.85440016 1.54173422
    1.11860454 1.78132856 1.33539689 1.17603028 0.852884769 1.44258964
    1.08466339 1.73370004 1.29851973 1.27377367 1.51881039 1.705091
    1.76611078 1.46306217 0.980414331 1.31310189 0.953108311 1.07511997
    1.48062897 1.5861367 0.978400111 1.76024485 0.848675966 1.45243502
    1.55049014 1.25692463 1.78657448 1.11533141 1.16665614 1.52909887
    1.60407937 1.41494787 1.03836596 1.68611705 0.90474987 1.68258798
    0.917784393 1.69576287 0.805233181 1.38044393 1.70368958 0.931124866
    1.46338129 1.27821457 1.33297014 1.25208056 0.846392453 1.69901776
    1.08036399 1.57156682 1.33468401 0.750066698 1.05158353 0.841193914
    1.16069424 1.10415971 0.823836446 1.57816541 1.50387657 1.12065029
    1.43706489 1.67936754 1.00490439 1.70332944 1.54080284 0.962324083
    1.65644586 1.46873128 0.856068134 1.21896279 1.46752155 0.820669532
    1.48141062 1.17220414 1.16970217 1.20477831 0.95840919 1.25493169
    1.56968606 1.0251739 0.856213152 0.937991381 0.83995533 1.28447115
    1.26356673 1.10605717 1.04484379 1.56517708 1.76893926 1.07001185
    1.07949889 1.19927943 1.48163617 1.73560905 1.23220074 0.901752174
    1.64675772 1.52758682 0.979712963 1.46325898 1.13142014 1.51705468
    1.55710924 1.53243017 1.08701265 0.925039053 1.69606674 1.35270345
    1.71036947 1.25831282 1.18985844 1.41707098 1.03656125 1.06242943
    0.841194272 1.74452949 1.63080966 1.15750349 1.75689995 0.915833652
    1.24429142 0.813594759 1.20943069 1.53714454 1.21513164 1.37871802
    0.90882659 1.38199544 0.661335945 0.863496721 1.05551398 0.987987995
    1.28040338 1.05150223 1.11458051 0.789967299 1.58084357 1.58306849
    1.52043593 1.10256934 0.823195875 1.40225446 1.44629681 0.821176589
    1.25623143 1.58506143 1.02995229 1.15941465 0.796484709 1.28443336
    1.75384843 1.49204659 1.56310999 1.76736438 0.900355041 1.51203561
    1.83216131 0.937621355 1.32123959 1.07982957 1.68410623 1.83783185
    0.934165776 1.60449934 1.22343993 1.7434181 1.65910041 1.15976846
    1.4778229 1.22385454 1.48540652 1.23770452 0.92073065 1.20455396
    0.821840644 1.67126369 1.54796922 1.3413533 1.39283395 1.64033103
    1.6260581 1.32450867 0.912801981 1.08604872 1.6172812 1.63371623
    1.51260698 0.930736661 1.61874402 0.965973198 1.65319169 0.936907947
    1.09102404 1.62231553 1.5879904 1.36239982 1.17945433 1.36803353
    0.897399068 1.75975132 0.94222784 1.67862558 1.6694653 1.75779366
    0.901059031 0.869430542 0.837181747 1.57763386 0.840612411
    1.57416332 0.944375098 1.63532102 0.921169698 1.46328509 1.37703693
    1.19589126 1.25810361 0.92401731 1.68033028 0.815865278 1.43365192
    1.75303841 1.21100259 0.789839745 0.826138198 1.51226985 1.16438758
    1.19441056 0.947163999 0.810569346 1.4091711 1.07116652 1.06571519
    1.8273468 1.85539615 1.76581872 1.42912638 1.75171804 1.06917477
    1.67896581 1.21782887 1.31284082 1.05545783 1.39048946 1.00443494
    0.783688009 1.75554669 1.24105132 1.81138003 1.82858026 1.57106483
    1.67828858 1.66669822 1.65533018 1.63084126 1.36493242 1.77836978
    1.61726165 1.28949714 1.26302779 0.831441283 1.09927988 1.63698554
    0.844173014 1.79866445 1.63302553 1.81986022 1.0822444 0.967432201
    1.42964864 1.0018841 1.64966547 1.34180558 1.25936937 1.04499924
    1.76950336 1.45748234 1.47782278 1.19560099 0.960904837 1.02661216
    1.68690145 1.03732443 1.46048439 1.72823179 1.11284721 0.887912214
    1.60129046 1.19070101 1.17165887 1.51055908 1.76543832 0.876925766
    1.00347614 0.850244105 1.15833437 1.04088032 1.44628668 1.28028965
    1.15957367 0.801470041 1.45688975 1.66117382 0.923689008 0.780076981
    0.856306374 1.07347536 0.941636682 0.731104076 1.15390873 1.58236694
    1.66412008 1.4577291 1.69826674 1.26498663 0.814471185 1.08854735
    1.17856348 1.19928908 1.7763232 1.50830007 1.18620169 1.14341486
    1.08893013 1.37025476 0.806236446 1.48980045 1.22828281 0.728915036
    1.30099106 0.91804415 1.4877553 1.14895105 1.13618946 0.903780997
    1.13838303 1.19575667 1.10314596 1.54601657 1.38009048 1.4462899
    1.5777005 1.77503335 1.05985129 0.952451289 1.78500378 1.5740447
    1.73217762 0.937371552 1.13524914 0.853461623 1.07051647 0.767648399
    1.4192754 1.23779142 1.52733994 0.839552402 1.73610878 1.19859278
    1.79141986 1.62778556 1.8699435 1.45047688 1.21127379 1.7253927
    1.79817629 1.07915938 1.28098142 1.19459999 1.64451969 1.04818881
    1.32925415 1.36724663 1.57068598 1.21840656 1.80190873 1.48746216
    1.11913955 0.799423218 0.683909655 1.27255785 1.21424448 1.33468008
    0.553515077 0.602242172 0.75499481 0.7803514 1.29432702 0.903340816
    0.908535659 1.03665316 1.29578066 1.02044427 1.00672185 1.52198088
    0.773495972 1.30150139 0.788201451 1.4795903 1.66181314 0.875256717
    1.70338619 1.69691646 1.15960908 1.21374917 0.842578292 1.37458754
    1.05172348 0.882736087 1.38210022 1.50469232 1.61179483 0.940407574
    1.63148391 1.15798223 1.62875199 1.41052461 1.69430089 1.87135279
    1.74276745 1.7692498 1.39484835 1.54856455 1.7815218 1.32965708
    0.774445772 1.4872942 0.750406921 0.964093328 1.72007692 0.835329711
    0.862836361 1.12463951 1.06732929 1.57920885 1.23341274 0.79021883
    0.792116523 0.961170256 1.37467158 1.59445703 1.01033676 1.12867224
    1.31220639 1.59967446 1.08364344 0.888345718 0.828127146 0.861322284
    1.55936241 1.08302855 0.906816185 1.71583259 1.62830865 1.22531617
    0.949549377 1.14843893 1.34892023 0.909784079 1.33689463 1.25982189
    1.49780154 1.22008574 0.946772873 0.755758524 1.53057265 1.01824737
    1.41599882 1.3680141 1.72081864 0.807722032 1.26377499 0.962330639
    1.11258841 1.17748976 1.72081733 0.930662155 1.20487368 1.23786438
    1.04047465 0.782338083 1.17148769 0.990889847 0.766607642
    0.929867864 1.55888343 1.45174325 1.09032273 0.838787496 1.21312869
    1.86226988 1.72114205 1.51894784 1.76986015 1.54870439 1.0454042
    1.77734601 1.10919106 0.862678051 0.917544961 1.54269183 1.22361684
    1.49204504 0.959968507 1.57164252 1.79773259 1.72737539 1.68461704
    1.62142861 1.38174295 0.926241517 1.34830236 1.18306887 1.54009688
    1.53473568 1.19929612 1.68624473 1.63640702 1.25769627 1.71562684
    1.60775542 0.888603687 1.78869307 1.2592591 1.28736699 1.46332145
    1.22645497 1.56955564 1.68655229 1.83146524 1.05322063 1.3192184
    1.37853909 1.6866827 1.30721343 1.52046394 1.17692029 1.66410601
    1.36851323 1.2215358 1.50225568 1.2571708 1.09096825 1.19026458
    0.892674446 1.12891877 1.0842315 1.09717178 1.50539494 1.60775912
    1.5767312 1.44911754 1.04970777 0.873389959 0.844692886 1.64485323
    1.09670591 1.30198836 1.52112317 1.34559846 1.31761372 1.11823797
    0.972423196 0.948330343 1.27498138 1.036677 1.50002611 0.865649283
    1.35194933 1.72867262 1.43974435 1.40083981 1.75849915 1.58985102
    1.47221887 1.04900336 1.55291271 1.02897298 0.926104069 1.26452851
    1.46837401 1.22272646 1.7273469 1.68187881 1.00687659 1.45004416
    1.66251957 1.66962945 0.971467912 0.785912752 1.72882926 1.29838347
    0.917746544 1.66234171 1.78263736 1.77782321 0.917075694 1.70292807
    1.32560933 0.945213258 1.26283419 0.950501323 1.04759085 1.47969782
    1.50676012 1.11472166 1.53912234 1.66479182 1.00065947 0.963489473
    1.70454097 1.54361534 1.03915012 0.823013484 1.53820229 1.22195148
    1.13843548 1.34098089 1.8394767 1.12432635 1.8770206 1.53521037
    0.927259445 1.4171083 0.949267447 1.45628607 1.18507445 1.5000689
    1.60709143 1.74836922 1.53859282 1.58395445 1.40768433 1.33337414
    0.997857153 1.47042072 1.07065237 1.35125232 1.12971711 0.767119169
    0.564467907 1.21076977 1.32719636 1.44504631 1.49056828 1.36400676
    1.22744381 1.30341756 1.54976976 1.48913121 1.61317432 0.825404525
    1.72801185 1.27812052 0.781655729 0.776396096 0.749090493 1.56811011
    1.36636293 1.02899706 1.16160762 1.64917099 1.31395793 1.22147453
    1.3224386 1.47996414 1.31333935 1.7538141 0.998007953 0.98731029
    1.1816715 1.83663797 1.30469704 1.70639098 0.932418585 1.43467188
    1.16969728 1.59795332 1.73381567 0.958635271 1.68806577 1.66957116
    1.48835683 0.921610653 0.88095516 1.24191606 1.2097888 0.940186918
    1.72089005 1.13517344 1.08221185 1.51880252 1.49615562 0.847488284
    1.44498014 1.29666221 0.972012341 1.12212968 1.40331173 0.874309599
    1.18516493 1.11850047 1.29327834 1.09477758 1.087973 1.4702667
    1.25975883 0.972127855 1.64648521 1.6114682 1.57007158 0.825435042
    1.11882162 1.13431072 0.85954845 1.59833646 1.70482838 1.03846765
    1.00732625 0.818548262 1.04536664 1.38888991 0.826560318 0.885237455
    1.37178516 1.02494562 1.15284467 1.26191199 1.59324789 1.70852292
    1.68793499 1.00915277 1.58281744 1.12424862 1.51402044 1.51011765
    1.39180124 1.52589786 1.74271369 0.791347623 1.05673873 0.993985951
    1.52630818 0.902786553 1.40775931 1.19646418 1.25615203 1.38582039
    0.88178426 1.52490485 1.020998 1.08069897 1.77682984 1.20529783
    1.15084922 1.23683262 1.26800525 1.65377355 1.25695693 0.804817796
    1.24283957 1.57586634 1.00206935 1.61011827 1.16687131 1.24521899
    1.17114139 1.84805417 1.63538384 1.10235834 0.976623237 0.934336364
    1.52649617 1.47481728 1.39608145 1.09069395 1.03653896 1.03162301
    1.57785499 1.46709132 1.45631027 1.10797954 0.963425994 1.74637735
    1.13062966 1.40279317 1.21148431 1.06994414 1.41815054 1.03331172
    1.43132794 1.17761493 1.52464247 1.75233793 0.935946167 0.828470409
    1.09149289 1.61099935 0.797209918 1.07641721 1.71538115 0.856712937
    0.958922386 1.36477554 1.16388392 1.46222723 1.67919099 1.60084641
    1.38668835 1.32657897 1.66881049 1.02378273 0.844673097 0.776104212
    0.97203809 1.07808626 1.04505599 1.01984453 1.39251971 1.47587502
    1.65761507 1.15447056 1.15458608 1.03997362 1.75810564 0.841691196
    1.57466173 1.08055937 1.57404399 1.63152111 1.33779299 0.846208811
    1.59131098 0.759803414 1.03672874 1.37438118 1.36389637 1.6050626
    1.09828722 1.23935556 1.04750705 0.740628779 1.11778426 0.840192556
    1.68587244 1.26526952 0.771866739 1.70304382 0.953421235 1.42945826
    1.18685246 1.56435382 1.03581035 1.15486872 0.972942233 1.36574721
    1.62015438 1.56778562 0.915461659 1.67670357 1.21426237 1.59121394
    1.67206848 1.03329873 1.23790538 0.826766372 1.44854248 1.30119205
    0.881744027 1.28401446 0.975065887 1.337147 1.53435969 1.70635343
    1.44292474 1.10401046 1.88696289 1.39897704 1.55747449 1.13738084
    1.20013893 1.32912982 1.6023246 1.64068186 1.0671109 1.67068326
    1.20013869 1.74516129 1.70499516 1.22221494 1.32716715 1.04291773
    1.39927638 1.0719099 0.944968283 0.702955067 1.48238623 1.51037383
    0.905461729 1.09531808 1.27345443 1.63908577 1.65287232 1.1596477
    0.808259189 0.945749342 1.43204284 1.54066539 1.47729373 1.35078645
    0.867316246 1.26660371 0.884220362 1.01622665 0.868910968
    0.903793275 0.733778238 1.12945354 1.0789336 0.972798169 0.978850484
    1.70107293 1.44805026 1.63188148 1.6812067 1.87133515 1.80097282
    1.4047811 1.31793022 1.52919602 1.54950023 1.23906457 0.999528348
    1.68046832 1.1436491 0.819050968 1.29622769 1.49409819 1.47804213
    1.08643019 1.71408641 1.39474189 0.983944237 1.16916955 1.56975973
    0.943923414 1.68213165 1.27283037 1.59000361 1.72982228 0.934505463
    0.960608959 1.12206137 1.25692463 1.73610795 0.908224761 1.00367236
    1.72104359 0.932573438 0.893061936 0.837154984 1.40406966 1.67019343
    1.2740097 0.845300317 1.41129994 1.30399621 0.974884212 1.16916633
    1.69640708 1.33662748 0.825698376 1.32937694 1.02267718 1.5930208
    1.50807464 0.918535411 1.14952338 1.0372951 1.54197502 1.54652095
    1.0156678 0.872676253 1.17367566 1.32423413 1.52079177 1.75397062
    1.05780733 1.16461909 1.40902817 0.848367155 1.1033076 1.22066951
    1.32550943 1.1338197 1.3348856 0.789354086 1.04797566 0.941945434
    1.61351061 1.7914952 1.48116648 1.15477037 1.65824878 1.81175792
    1.17408168 1.56778371 1.46527958 1.77801561 1.04388011 0.782254219
    1.47874928 1.06075919 1.13595951 1.23416531 0.787502706 1.08197093
    1.35895395 1.59961212 1.85578728 1.13368452 1.64674616 1.4810313
    1.67781365 1.29683232 1.55921888 1.49232388 1.16075885 0.969234347
    1.17705762 0.870163143 0.885442317 1.00084817 1.18081605 0.852926373
    1.12939298 1.38890553 1.17630744 1.60341036 1.05247366 1.42439759
    1.75412834 1.16013086 1.47540426 0.914601266 1.17760432 1.35470128
    1.11446619 0.970875204 1.79637754 0.970399737 1.50420642 1.04452956
    1.11645734 0.793738544 0.801355898 0.90328455 1.03873837 0.763709664
    1.48243189 1.06106174 1.41750824 0.999219656 1.28786135 0.874902725
    1.19528711 1.40883219 1.25674284 0.750976622 1.09762204 1.04404831
    1.69012225 1.12302828 1.04743826 0.73751241 1.41733766 0.988439381
    1.28426003 0.928235829 1.74188471 0.798387229 0.882927418 0.76840955
    0.846990943 0.779129267 1.28685653 1.39896762 0.880949199
    0.836538613 1.09591639 1.35024357 0.879560828 1.25495303 1.13478196
    0.872563422 0.804540217 1.32653272 0.945257902 1.43807125 1.17297113
    1.03082764 1.1878345 0.821201086 0.983260393 1.59230494 0.780343771
    1.25734663 1.7905184 1.77334285 1.55732012 1.37201023 1.25628722
    1.40410364 1.14834714 1.58179903 1.28200603 0.998075008 1.03486907
    0.820755303 1.44181859 0.956022203 1.28327882 0.80456537 0.975377381
    1.5771246 1.49336731 1.44622684 1.32555401 1.22874951 1.37731516
    1.18719113 1.53473365 1.63635623 1.84996855 1.64667261 1.75051749
    1.34911072 1.02670074 0.801445127 1.56515479 0.972170651 1.39024615
    0.940942109 1.1340549 0.938821375 0.932708681 0.844491184 1.52596748
    1.53591251 0.502130806 0.475046307 1.02670443 0.848110139 1.52039707
    0.674455941 0.784714103 1.41210735 1.12918139 0.913690567 1.60500717
    1.72547281 1.12966049 1.29793298 1.08229399 1.05166769 1.25493705
    1.63775909 0.785543978 0.739478528 1.01192725 1.64459026 1.09714544
    0.942439914 0.997945368 0.765159786 1.27291465 1.35374475
    0.837597668 1.68367338 1.1284709 1.58285177 1.28356969 1.80898774
    1.60884559 1.05263257 1.35099912 1.06913006 1.79776716 0.823251545
    0.806282103 1.65221095 1.01050282 0.813101411 0.725993335
    0.786608577 0.785343945 1.13858855 1.32201469 0.851965904
    0.846541643 1.20268977 1.01975548 1.71039665 0.869586229 1.26636398
    1.18813801 0.886385024 1.36177325 0.866380155 1.09311175 1.01147246
    0.99049294 1.45864904 1.75248563 1.32527077 1.42125821 1.54813349
    1.04444206 0.96767664 1.53585505 1.12682438 1.77262926 1.10859096
    1.21556807 1.19123721 0.995567083 0.883855402 0.888950348 1.43220723
    1.42660761 1.06406367 1.1056478 0.967003465 1.21925664 1.08654451
    1.70862281 1.02971697 0.783232927 1.54081428 1.4180268 1.01100457
    1.29353678 1.77203846 1.01818955 1.69389427 0.948189795 1.18602586
    0.882829607 1.63514709 1.24099183 1.50508118 1.02473629 1.38258958
    1.20427167 1.0533551 1.5302372 1.52311361 1.15784574 1.72389996
    0.980352163 1.10347772 1.10446835 1.44262683 1.39778006 1.52887678
    0.841057956 1.70088732 0.857706845 1.37079525 0.754310787
    0.777126789 0.974103093 1.04906285 1.71873069 1.2076273 1.69014966
    1.25840497 1.74003375 1.07265508 1.49933457 1.70131803 1.22792339
    0.919011235 1.39552557 1.09662235 1.71643567 1.21069396 1.75326717
    1.29599607 1.2188257 1.14547813 1.44074929 1.24508965 1.58866477
    1.4857688 1.16559303 1.2861042 1.17266369 1.48234165 1.18870223
    1.68936944 1.46771348 1.23146975 1.61242032 0.987518191 1.71829236
    1.41215801 0.816662788 1.67962492 1.42874968 0.940495074 1.24597275
    1.03820062 1.61769772 1.60578692 1.7341733 1.30075705 0.932967961
    1.70329654 0.785648048 1.15312004 1.53482413 1.19610012 1.15286338
    1.29254007 1.07334757 1.56547999 0.964160204 0.895998299 0.933131218
    0.794137299 1.69815791 1.25631678 0.809321225 1.61000144 1.12171185
    1.65429235 1.08814347 1.0192461 1.32836747 0.950972974 1.03419101
    1.10158169 1.19047821 1.05752993 0.813906491 1.36535466 0.978116691
    1.56128681 0.788311183 1.53903198 1.29642701 1.20425272 0.844761372
    1.38607764 1.0833894 1.16667914 1.3422302 1.38598895 0.744261265
    0.901035964 1.4850564 1.33547127 0.887557328 1.78025424 1.32033324
    1.80601811 1.52002954 1.54086578 1.15320945 0.976855099 1.21505749
    1.19716883 1.02574694 1.45015299 1.04124892 0.897256851 1.31752527
    1.01209974 0.797041416 1.76924157 1.5926131 1.51296687 1.64256144
    1.8256588 1.83827257 1.77111638 1.57947338 0.995475888 1.67877305
    1.41947627 1.18189764 1.22464645 0.997121811 1.1842283 1.17975068
    0.931700766 1.32731092 1.57011652 1.74121654 1.28290498 1.50555825
    0.761030912 1.39446032 0.995541871 0.913948298 0.545514941
    1.34003651 0.60834533 1.05382454 0.724325716 1.34829557 1.1907171
    1.03909159 1.36631954 1.60375333 1.13610768 1.47776008 1.64366555
    0.969277143 1.12207115 0.877810717 1.26575363 1.43241715 1.72352791
    1.32447135 1.13219726 1.15598392 1.6619997 1.22043669 1.22930276
    1.63551128 1.11089694 1.02787626 0.908700109 1.41263175 1.65422952
    1.5400486 1.73670995 1.68592668 1.64191568 1.45411527 1.84033978
    1.03803182 1.58475947 0.846500516 1.60013652 0.7510584 0.763681471
    1.40986466 1.33015478 1.02536094 0.875146329 0.793623805 1.41066647
    1.44292581 1.61236441 1.48429394 1.1257174 1.45201981 0.883763313
    0.992615283 0.811640322 1.21327496 0.925530374 1.67944229 1.04240513
    1.65885592 0.831287324 1.26182687 1.04991782 1.01391053 1.3628
    1.29876459 1.39027083 1.70652926 1.51588213 0.95877254 1.75912035
    1.43601465 1.58379841 1.63876843 1.66149056 1.27339971 1.33413494
    0.792355597 1.02261329 0.924352825 1.071576 1.64474142 1.53510475
    0.90975529 1.71421051 1.04335082 1.55314362 1.70534909 0.893706858
    1.07090783 0.808579743 0.926207602 1.75798249 1.39085996 1.16896152
    1.17064333 1.08539653 1.39075327 1.47679687 1.07753694 1.21791828
    0.952174366 1.25973058 1.45534146 0.989021301 1.0256834 1.3135277
    1.36538506 0.973770618 1.1790328 1.68476677 1.74657512 1.33889544
    0.98527652 1.61797678 0.812681139 1.33681214 0.864377558 1.41505599
    1.53361619 0.911107719 1.00889122 0.959777415 1.79961455 1.45777774
    1.1586659 0.991132498 1.71909046 1.10479653 0.88722676 0.987197995
    1.01952541 1.53344369 1.30179405 0.884092689 1.53610504 1.38973773
    0.886276662 1.06998718 0.84978056 0.874671161 1.0433991 1.57726634
    1.46153831 1.40894771 0.969165206 1.56883335 1.32952714 0.875816166
    1.59538436 1.30667543 0.784343123 1.46412015 1.67067504 1.47845292
    0.788423955 1.05769384 1.6911782 1.33760786 1.13447928 1.63275051
    1.1115483 1.04806626 0.877137005 1.75512969 1.29133916 1.31884503
    1.5453409 1.72278965 1.22208953 1.61564159 0.942216337 1.36928928
    1.58325124 1.01843357 1.328619 1.46934795 1.2721746 0.862726629
    1.68406558 0.754749477 1.36536765 1.71071565 1.57222235 0.85363996
    1.60112441 0.835643113 0.853026092 1.71777034 1.55923128 1.43209696
    1.32171524 0.830278754 1.65319777 1.12171137 1.17728829 0.770130575
    1.45480013 1.61614394 1.23602641 0.845202625 1.42139173 0.743309975
    0.740814209 0.717335939 0.791460812 0.942089915 1.59073234
    1.06136048 1.66447222 1.12422478 1.37966931 1.40920556 1.07539618
    1.29241443 1.36762381 1.21941471 1.76904535 1.38089871 1.23424923
    1.38996053 1.27806258 1.3385545 1.25175548 1.36696374 0.821610689
    0.75306356 1.10684025 1.58519232 1.56266797 1.52767956 1.47813928
    1.54000008 1.64538383 1.59372199 1.17440403 1.47201455 1.46694481
    1.80437279 0.898558497 1.41918051 1.57035315 1.17409182 1.4056108
    1.37345672 1.27129853 0.853944421 1.67708957 0.824127913 0.923633635
    1.43790698 1.06447196 0.658971965 1.10728216 0.496553242 1.03926706
    1.04238355 1.06822181 0.793048143 0.7987203 0.870383739 1.0171212
    1.02343833 0.971200645 1.07830608 1.5255748 1.12243068 1.60173619
    0.956525147 1.24451554 1.75363696 0.842584491 1.41656375 0.875764787
    1.51192415 0.761087298 1.19719779 0.736975014 1.4881556 1.58467972
    1.21023822 0.978427291 1.45831501 1.43086398 1.2033962 1.72195494
    1.11501765 1.46605432 1.20135653 1.42379129 1.25145006 1.66165626
    1.14738119 1.18117714 0.985649526 0.738074064 1.01161528 1.42694163
    0.909901381 1.20156574 1.21435153 1.25115621 1.37595654 1.65420496
    0.99443543 1.71920431 1.73734057 0.786185265 1.64312983 1.0038116
    1.00849867 1.28901839 1.38451159 1.58345735 0.926924407 1.63584208
    1.6858561 1.306831 1.3497746 0.902661502 1.08705735 1.32916474
    1.02908504 1.60498786 0.844749689 1.60601056 1.57554936 1.73463881
    1.69987488 1.19963384 1.22688341 1.14648271 1.55851734 1.61264801
    1.40193868 1.66145051 1.28100944 1.27531075 1.02813017 1.75214219
    0.968711376 1.37474227 1.4024843 1.10630512 1.63516557 0.956846118
    1.51230776 1.58781278 0.885647535 1.50554991 1.35848343 0.998097241
    1.21306551 0.928604901 1.00763583 1.60676026 0.915849686 1.60094428
    1.26699197 1.48898566 1.28849959 1.79661715 1.75780022 1.67259812
    1.17219937 1.38223875 1.42788029 1.33883488 0.814610124 1.6547333
    0.8009606 1.09509599 0.827707112 1.6404444 1.39206493 1.5174104
    1.06856251 1.16687727 1.59056389 1.34427321 1.75420594 1.33712983
    1.75593519 1.18508244 1.53307605 1.14839447 1.06939352 1.54753911
    1.76551807 1.28086555 1.23249447 1.70792186 1.64980125 1.10202348
    1.16662371 1.70617938 1.73335838 0.916737378 1.04598486 1.4740988
    1.78741109 1.73378634 1.37335908 1.61180866 0.966364264 1.0479666
    1.71263337 0.790740907 1.31753027 1.76705122 0.813265264 1.68689215
    1.30646408 1.20903695 1.2941345 0.990259409 0.959677637 0.783734858
    1.29274905 0.986818254 1.06660461 0.914935648 0.979230642
    0.928382277 1.26952004 1.01876879 1.68359065 1.46502233 1.576985
    1.4829905 1.25171185 1.05330884 0.868459105 1.42505074 1.34402549
    1.24079478 1.03982961 0.972991705 1.27249956 1.07030737 1.71562934
    0.841042936 0.86618942 1.29577792 0.818469524 1.24627519 1.29764259
    1.17175758 1.58150148 0.983998418 1.05312634 1.57436323 1.34534025
    1.23375916 0.760918736 0.935311258 0.8007375 1.0424794 0.973830819
    0.889930308 0.756598771 1.20341444 0.959371507 0.970800161
    1.14111841 1.09532976 1.71207654 1.49518204 1.00354874 1.59841025
    1.15677786 0.96746552 1.604177 1.39457691 1.27108026 1.38733351
    0.913412809 1.09037113 1.51190758 0.751578569 1.23644149 1.37064815
    0.870800078 1.43750226 1.02919817 1.23429775 1.10402417 1.70579028
    1.80465889 1.4741962 1.44988573 1.54746222 1.29891837 1.03401089
    1.65290248 0.934894741 1.65400147 1.2532326 1.55732989 1.455948
    0.872367144 0.747858405 0.82850039 0.740864158 1.32689095 1.2353524
    1.21938765 0.754900634 1.0691222 1.38675034 0.479332805 0.560207605
    1.48179615 0.663721263 1.29157948 1.19112825 0.863669693 1.35426784
    1.46187329 0.801023185 1.61404169 1.42634094 1.27460837 1.49513686
    1.54439497 1.0092479 1.09510303 1.61771822 1.16037297 1.36550891
    1.15990782 1.51509726 1.04116476 1.64343381 0.851101875 1.0967536
    0.905766308 1.71519303 1.30811036 0.952783585 1.10538363 1.1406672
    1.64300406 1.43467295 1.03016889 0.984340191 1.32490873 1.77619171
    0.892895401 0.948741674 1.13160694 1.59854484 0.872395158 1.52658176
    0.946556866 0.788059652 0.836967111 1.02616274 1.0478543 0.891996562
    1.49810255 1.17274988 1.12053573 1.16558897 1.65166783 0.946133256
    1.34345376 1.15183055 1.29076648 1.11467063 1.74640787 0.851722896
    1.13402593 1.54131591 1.63445771 1.26378679 1.26924145 1.65441787
    1.32880449 1.09961653 1.15935707 1.1020602 1.7518729 1.74730539
    1.15219355 1.25514066 0.914726019 1.03360474 1.03093433 0.867794693
    1.72680759 1.10868108 1.38471329 1.33236313 1.35216618 1.45050883
    1.32687581 1.61607528 1.76607668 0.789545119 0.766443372 1.13767695
    1.67860389 0.997845888 1.63437426 1.20856202 0.974231243 1.64490533
    0.83779335 0.791883588 1.35872626 1.42422855 1.4351356 1.07907867
    1.6554836 1.3044641 1.57676768 1.2302891 1.02155626 1.10339212
    1.18481302 1.38669312 1.1429795 1.242347 0.903287649 1.44461501
    1.28733659 1.15340447 1.64559317 0.995027363 1.61807573 1.35872424
    1.13348794 0.876787186 1.12453425 0.840791941 1.55335999 1.82855821
    1.55150127 1.34948015 1.67985082 1.60315883 1.04536104 1.00310946
    1.41023767 1.68317497 1.22822857 1.54189825 1.44047105 1.31918859
    1.32634997 1.53589511 0.976115465 1.64862728 0.949765265 1.64362323
    0.865749359 1.58573878 1.67869508 0.857702076 1.03774536 0.932672322
    0.973454714 1.15610206 1.07892597 1.08764017 1.59351778 1.51945961
    0.889504492 1.26895297 1.49540389 0.817917466 1.51087701 1.00379932
    1.5981102 1.24805391 1.34674966 1.46318734 1.35724592 0.988769114
    0.922109067 1.33381081 1.71676397 1.11349428 1.29566312 1.36490655
    1.49745941 1.39939249 1.18370831 0.739008248 1.07364178 1.16792452
    0.770411909 1.05163503 1.7162329 1.40234482 1.4960674 0.809104443
    1.24327207 1.17727888 0.936756194 1.04977953 1.46080911 1.51644504
    1.06507409 1.60669529 0.772521794 1.66767108 0.806300879 1.68710983
    0.866103649 1.71352506 1.70746946 1.69254029 0.828594267 1.33992457
    0.841652453 1.05975211 0.963822842 0.885581255 1.48445523 1.58375239
    1.4971844 1.38732445 0.929173231 0.851112962 0.781967938 1.31018305
    1.49051619 1.50466013 0.820815325 1.45249915 1.1721108 1.56938565
    1.27967715 0.860658646 1.03346634 0.885440528 1.17871594 1.66262209
    0.84584558 0.971342385 1.66348827 1.39224696 1.85698676 1.24508858
    1.39017594 1.06160522 0.931701124 1.85315955 0.935513675 1.47506106
    0.852420866 1.50004339 0.915203035 1.56582081 0.800918818
    0.841709137 0.787940919 1.2822144 1.24849856 0.996038198 0.814738989
    1.47375834 0.672768533 1.11957681 0.964832187 1.05898881 1.12776446
    1.28805768 1.24713087 1.2254715 1.5209161 1.13693237 0.974872768
    1.42473662 0.867409706 1.2893734 1.71330988 1.73370159 0.962761164
    0.875287712 1.56606007 1.69532526 1.72213233 1.62610292 1.0048945
    1.56655419 1.19148779 0.879931271 0.764132142 1.28481042 1.27949119
    0.88029933 0.813477635 1.25160694 1.70163584 0.857763767 1.47435343
    1.71587586 1.57611191 1.7609086 1.38959467 1.81188846 1.29346108
    0.783763468 1.29682267 1.31067955 0.795306504 1.40308487 1.62791288
    1.64021349 0.950461268 1.30651844 1.10166073 1.28058219 0.838059545
    1.21781659 1.03249753 1.31695735 0.868689179 1.18889689 0.963263214
    1.50974524 1.04220068 1.54159188 1.17927599 1.30216992 1.61765718
    0.885706306 1.68897724 0.816651881 1.05624962 1.48421299 1.37515426
    1.1669457 1.42142141 1.35371459 1.56466305 1.56365585 1.23019814
    1.34368241 1.40256429 0.937273026 1.14435685 1.39816403 1.67341805
    1.73595607 1.7603395 1.40628052 0.916768432 1.70608556 1.75338614
    1.03976333 1.02583623 1.17654192 1.28531408 1.42009866 1.17843306
    1.12664485 1.28240168 1.22963095 0.770237088 1.32445574 1.73651481
    1.27921581 1.06442904 1.76820993 0.824747741 1.00428581 1.29574788
    1.50717151 1.75126898 1.30740368 1.53332889 1.59049451 1.73536038
    0.964211404 1.44280887 1.68729365 1.58697784 0.971791208 0.90942508
    1.40439296 0.869118512 1.07509124 1.42272091 1.70860589 1.25656188
    1.78409576 1.12347925 1.10394108 1.03860044 0.854693234 1.68011463
    1.28522813 1.37875068 1.23184264 1.79196119 1.17454922 1.4799211
    0.993172348 0.980967164 1.02710509 1.21658826 1.31721294 1.5120374
    1.70912027 1.65015924 1.60650826 1.65614867 0.840868711 0.807941556
    1.31409669 1.0898068 1.55538821 1.06910276 1.12982178 0.998620093
    1.47890329 1.07766867 1.0693773 0.888253748 1.08080709 1.45280635
    1.3499577 1.37038004 1.71137106 0.774336576 1.47533345 1.55119061
    1.07528496 0.867167652 1.71734035 1.0296917 1.71750498 1.13085628
    1.45651031 1.1823355 1.28783691 1.21669829 0.831205964 1.45450068
    1.19480121 0.970765471 1.17131436 1.36142755 1.66555226 0.94378835
    1.07886422 1.68562055 1.2073791 1.11490917 1.0687722 1.29233265
    0.940301895 1.01963031 1.46695077 0.816150546 1.10294187 1.48754895
    0.88421154 1.59965789 1.47227252 1.15370762 0.797251821 1.13462114
    1.07954597 1.49205124 0.95646441 0.885658085 1.62289941 1.16116738
    1.14593613 0.779117823 1.21820056 0.996424735 1.11811972 1.69329917
    0.946313381 1.17297232 0.99902457 1.22350717 1.04588723 1.56281507
    0.834615827 1.72418892 1.72181904 1.52295244 1.35177696 1.67619038
    1.2700789 0.989777982 1.26592636 0.934553266 0.95441705 1.74382114
    1.78271377 1.08529329 1.71453297 1.22149336 1.1473515 1.41742146
    1.29952431 1.73709762 1.44276381 1.493909 1.39923263 1.66591585
    1.24710238 1.75701869 1.31507123 1.07151747 1.35110235 1.59586191
    1.34724414 1.53429043 1.1875447 1.50063503 1.00806761 1.23329711
    0.565663934 1.05971122 1.07801366 1.3666867 1.25582027 0.744873941
    1.16093922 1.56240749 1.48078907 0.794196427 1.09424281 1.59916341
    1.02135158 1.2060715 1.17478776 0.786278009 1.16787446 1.02311242
    1.60385299 1.46577787 1.13931453 0.821752489 1.36076093 0.890932858
    1.46710169 1.64713192 1.72361565 1.76970649 1.00267446 1.50259852
    1.34188032 1.18552816 1.16294992 1.11298537 1.62114751 1.47591853
    1.28639436 1.46743608 1.12609184 1.14408576 1.30680621 1.39081609
    0.733725786 1.66324246 1.24372113 0.943945885 1.08400953 1.47991407
    0.936192274 1.37645447 1.09995782 0.973026216 0.923146605 1.14500105
    1.45498288 1.42514408 1.26231897 1.39216936 1.32374203 1.00905979
    1.57291651 1.20461953 1.10245168 0.987291753 1.03879392 1.64455485
    1.42787063 1.68994963 1.22309744 1.4810369 0.885977924 1.52500534
    1.0920043 1.36392486 1.48784888 1.52207363 1.57394755 1.62892485
    1.52356565 0.865898788 1.09002566 1.19626439 1.70738065 1.75640655
    1.72086227 1.44579923 1.46379495 1.09396505 1.68779612 1.56007719
    0.760672033 1.06680477 1.57590735 1.0619632 1.40568733 1.15583551
    1.69129765 0.85539341 1.17667627 1.71255434 1.47225213 1.09092319
    1.40079105 1.66230893 0.898476422 0.940729976 1.35134304 1.3454777
    1.22508287 1.05648029 1.40793788 1.22631657 1.51634967 1.76812267
    0.844900012 0.860062838 1.05640197 0.982643902 1.15675688 1.33816648
    1.73405099 1.35509193 1.77424276 1.04385412 1.46754098 1.80278075
    0.953784943 1.57208049 1.26756001 1.62258899 1.62211967 1.75011694
    1.36594403 1.57943904 0.886339426 1.18628955 1.68507683 1.14424372
    1.17001128 1.4380908 1.6409148 1.72111821 0.978355885 1.19704211
    0.841839135 1.20145011 0.971660733 0.978511155 1.5012666 1.00159037
    0.929443181 1.16135025 1.02546513 1.50798619 1.17666829 1.7601676
    1.29050696 0.995036304 1.3062768 1.65771186 1.42114115 1.65755761
    1.20914507 1.31419933 1.59622848 1.21496201 1.0373584 0.879616499
    0.834917963 1.68553841 1.20542073 1.60876274 1.71497977 1.35670006
    0.809506774 0.987758636 1.16622674 0.936151803 1.63780594 1.04240119
    1.22275758 1.59016359 0.774384379 1.24213874 1.74151826 1.24555826
    1.04690659 0.836901963 1.48856068 1.6657269 1.06864452 1.58707654
    1.65221572 1.39636207 1.19964278 0.834109843 1.6525389 1.52775538
    1.18366873 1.71712267 1.04470718 1.08298171 1.18261921 1.27593899
    0.945345223 1.03795111 1.0407337 0.84670192 0.800701141 0.904103994
    0.876672506 0.880948544 1.68092334 1.28913486 0.875317931 1.20299149
    0.945880651 1.0679431 1.17961192 1.65381563 1.38524151 0.826668322
    1.32801199 1.76392138 1.33530986 0.900996566 0.944486737 1.62157786
    1.06875885 1.00461328 1.37607324 1.09032822 1.22956872 1.02917027
    0.984496355 1.33531284 1.41853178 0.843406141 1.60867667 1.65523088
    1.78977895 1.26776624 1.20141423 1.34145868 0.989778101 0.854375303
    1.4795996 1.40876055 0.847267568 0.852684975 1.45336878 0.888334751
    1.12353492 1.13395965 1.07938576 1.04377556 1.28084052 0.600802302
    1.22245562 0.682504416 1.18130887 1.13879669 1.42185056 0.952083826
    1.19385648 0.930100858 1.35702908 1.12680411 0.858168244 0.900499701
    1.71036077 0.785052001 1.42454791 1.21008265 1.46717727 0.816927075
    1.22674561 0.970361114 1.70326161 0.901895285 0.929468334 1.46731365
    1.53752768 1.44724178 1.178146 1.13314092 1.78242767 1.71126318
    1.28995454 1.19534707 1.47250068 1.63730097 1.83712614 1.79841089
    1.76731157 1.59263825 1.65357208 1.38050771 0.74683845 0.796424866
    1.1312741 0.783662438 0.863854706 0.714599609 0.741391718 1.43566966
    1.34127951 1.0721184 1.0920912 1.42943919 1.28145862 0.779505134
    1.53536892 1.48990762 0.846834719 0.870575547 1.61023808 1.81101763
    1.37291765 1.2747637 1.56684315 0.826521814 1.42226732 1.54699123
    1.06851768 1.742733 1.32853246 1.48516095 1.59877598 1.56512499
    1.56253648 1.34335661 1.18403244 1.4062252 0.906798482 1.15705085
    1.7769258 1.31968069 1.29339123 1.15022135 1.35896778 1.73819971
    1.20452309 1.07918465 0.861486256 1.59994507 1.47506201 0.997542024
    0.737951696 1.28468883 0.944094777 1.58512497 1.11476576 0.82479322
    1.23860335 1.38820529 1.24803579 1.45846856 1.61150146 1.48335207
    1.66480362 1.36980176 1.65208423 1.80230963 1.64658773 0.904942572
    0.894100487 1.46451652 1.7049464 0.831516862 1.7607007 1.7190634
    0.860760331 1.39549077 1.59321582 0.830217957 1.5173409 1.03064954
    1.2026403 0.833742797 1.07192111 0.881270528 0.875166059 1.32667363
    1.38237906 1.45942152 1.41614377 1.34119058 1.65596712 1.15534019
    1.51402473 1.25731766 1.16882062 1.58615816 0.892026067 1.64254379
    1.22274685 1.65697396 1.50718153 0.943843246 1.18621266 0.837189674
    1.30590248 1.57391357 1.59748876 1.35454309 1.54453349 1.62879145
    1.70939112 0.86577177 1.07803357 1.45605707 1.06940377 1.65644264
    1.38433635 1.20866668 1.30236006 0.946677804 1.18208838 1.2336961
    0.983992994 0.89574182 1.61907232 0.860637248 1.70902658 0.996125817
    0.813915789 1.71419573 1.04269552 1.28938627 1.54934883 1.71385479
    0.866465926 1.1142211 1.14433467 1.43301654 1.56947434 1.01556325
    0.891230166 1.1017592 1.3858304 0.794980049 1.00368619 1.42836213
    1.08967674 0.856781006 1.13396919 1.25105238 0.925943673 1.562289
    1.4222064 1.04791248 0.809633732 0.866856217 1.54880965 0.914201319
    1.49947858 1.34488118 0.793995857 1.43336976 1.56509101 1.63502586
    0.907016575 1.48050261 1.53731334 1.36322689 1.33961391 1.65078104
    0.798819602 1.63628495 1.18471336 0.850321293 1.28126156 1.23027718
    0.872194409 1.17933059 1.71140027 1.51747787 1.61754405 1.11725235
    1.76141965 1.02255464 1.69287884 0.923572004 1.43212306 1.64569008
    1.29993832 1.50348401 1.75642073 1.01314998 1.7429806 1.01215315
    1.12946308 1.59308684 0.971505105 1.45593762 1.60744572 1.21132147
    1.69526947 1.6270752 1.63884485 0.925548792 1.07633913 0.977512538
    1.54820955 1.41612887 1.2054323 1.58805597 0.756290793 1.53685462
    1.56385708 0.66208005 1.13890004 0.469213754 0.964982986 1.05230856
    1.44003356 1.38730097 1.20774555 1.72510719 1.76999545 1.32178271
    1.18810356 1.55942309 1.77566421 1.1699729 1.584095 1.13515103
    1.05657399 1.65606523 1.56007469 1.47915781 1.39664555 0.915692031
    1.58747351 1.36165476 0.836424828 1.30650318 1.2825644 1.05406618
    1.50305152 1.36426377 0.811772287 1.03921616 1.4087323 1.08403969
    0.953913629 1.3535006 1.27004886 1.49018252 1.02476203 1.19622636
    1.02800369 1.31620431 1.40674973 0.923325181 0.970969081 0.840735555
    0.997930169 1.28348207 1.2996639 1.38414657 1.63151908 0.775565028
    1.50911176 1.19498992 1.54530346 1.19575429 0.850473225 0.902606249
    1.7805196 0.849153757 1.60428882 1.81938684 1.01009929 0.92816776
    0.989083469 1.66944766 1.25822437 0.851859868 1.42346883 1.03431404
    1.58136129 1.29014587 1.49870574 1.197469 1.18467081 1.53719854
    1.33358645 0.866200149 0.956434846 0.992165625 1.29287422 1.78585196
    0.935924649 1.3414079 1.34281194 1.44629681 1.59053123 1.48296106
    1.11823356 1.38195503 1.12007928 1.28504503 0.84480691 0.939249873
    1.00118303 1.57471049 0.850402951 1.1328702 1.57603538 1.28960073
    1.70067859 1.50085652 1.27324402 0.870597363 1.30179 0.89261502
    1.8158766 1.37309897 1.73069274 1.20793593 1.28504002 1.38332021
    1.32060206 1.74514627 1.52764428 0.992785454 1.24148977 0.958625972
    1.2752707 1.13859618 1.7600683 1.69244409 0.833214223 1.43685806
    0.951276898 1.49088597 1.47464025 1.63906574 1.56472504 0.88231349
    0.855108082 1.70202243 1.77689278 1.05238378 1.80783856 1.68311024
    1.05449617 1.11022449 1.09085 1.15218604 1.07195914 1.4750973
    0.882831097 1.02740633 1.37968338 0.850108564 1.65757978 1.13898861
    1.56468081 1.12652874 0.996036351 1.54645264 1.30641723 1.35624731
    1.17421997 1.34122086 1.31180668 1.73412955 1.29116559 0.83175534
    1.7764889 1.66838002 1.21005225 1.14275086 1.40045059 1.32928181
    1.36891186 1.50131977 1.78609681 0.887135565 1.77278769 1.34062898
    1.07315075 0.8784284 0.902871728 1.55941129 0.99338454 0.933542669
    1.120646 1.0368768 1.59662771 1.58784187 1.06648588 1.20307314
    0.993465066 1.69826603 1.42415333 0.802062631 1.62310064 1.01852798
    1.38968992 1.53683686 1.75738573 1.45522082 1.40001714 1.18121815
    1.0846498 1.78424406 1.63875616 1.72448671 1.06230414 1.78826928
    0.943589807 1.60475028 0.872795463 1.04780018 1.49224448 1.06022453
    1.64730167 0.867264628 1.66591716 0.958636284 1.61187923 1.39375675
    1.28241384 1.22122622 0.955653906 0.843126774 1.28358591 1.00736618
    1.10166681 1.18947148 1.13751423 1.19529676 1.79386842 0.998559535
    1.62200534 1.44620514 1.51917398 1.29505515 0.900363505 1.60876906
    0.902755976 1.76232541 1.04100025 1.41979265 1.05483842 1.53785241
    1.6715045 1.55416286 0.846526146 1.06874633 1.47901714 1.34330237
    1.08076775 0.946698487 1.01747525 1.2421658 1.48336983 1.15527415
    1.45987952 0.978721917 0.947518826 1.37242842 0.747501075
    0.673286021 1.37865996 1.15513384 1.28999221 1.17459595 1.66353893
    1.08638191 1.79910934 1.311584 1.74658799 1.59516346 1.06125486
    1.78206432 1.52865815 1.52852905 1.47136796 0.815964699 1.76826978
    1.00056267 1.31952679 1.34203184 0.921425521 1.44784856 1.72469378
    1.29580641 1.59721005 1.43285489 1.25936174 1.78102887 0.862006664
    1.11912811 1.6945703 1.29513061 1.46752334 0.95039314 1.27129865
    1.73532188 1.84351313 1.56299138 1.57764673 1.55249739 1.35973346
    1.30258083 1.51199651 1.12624657 1.64820874 0.949624896 0.940737069
    1.40561473 0.758467019 0.938637078 1.14889598 1.61355567 1.09522331
    0.847135007 1.77257478 1.14760804 1.75429511 1.80124891 1.75974321
    1.26393747 1.57852387 1.43493664 1.38853025 0.941895604 1.60244477
    1.27770591 1.47227287 1.28985822 1.17847514 0.851285756 1.48228216
    0.945662379 0.838405013 1.71966171 1.23553085 0.83977443 1.79217327
    1.29126143 1.65745151 1.04613006 0.870367944 1.39986598 1.53623343
    0.950105488 1.24141812 1.59606886 1.07908738 1.03006387 0.964081228
    0.997878492 1.0212518 1.29944754 1.1982826 0.783761621 0.911106944
    1.62013352 0.92215085 0.832074285 1.6350466 0.882116973 0.908985436
    0.915253699 1.59433174 1.15597761 0.875382662 1.46453297 1.51080275
    1.76551223 1.25164711 1.19098353 1.15997589 1.21809745 1.67140746
    1.39988637 1.40821743 1.04628158 1.11779726 1.3965832 1.2227627
    1.74613309 1.23114395 1.52804434 1.04556537 1.61965871 1.50792646
    1.66228163 1.68457091 1.28366637 1.66573977 1.61604226 1.22097707
    1.28118837 1.42598534 1.16210985 1.53100061 1.33321297 1.59206188
    0.851719141 1.55384946 1.15808821 0.886730015 0.736296833
    0.772694826 0.972608447 1.52888906 1.32897818 1.55967236 1.72719657
    1.10676205 1.52721345 0.975467861 1.45349073 1.48372567 1.26698184
    0.980485022 1.69058824 1.29780781 0.881824911 1.20955896 1.02873123
    1.44046903 1.17980111 1.45409369 1.52461982 1.48423457 1.76051509
    1.66352546 1.23423111 1.45620167 1.65031123 1.41027558 1.490152
    0.944440901 0.930571675 1.52790368 1.01956284 1.65183687 0.946446121
    0.868887007 1.45506799 0.767933786 1.57832193 1.22013903 1.75086117
    1.11588395 0.838670373 1.39699185 1.61604393 1.40980768 1.32263029
    1.47842836 1.01735282 1.46406293 1.51963818 0.805157125 0.868443787
    1.66164577 1.6488471 1.77114379 1.80811107 1.68573928 1.27657175
    1.43068671 1.72376895 1.22813761 1.12380862 1.74671769 1.25035977
    1.26486087 0.777429342 1.48658025 1.63207853 1.14684927 1.44539738
    1.17546499 1.54557085 0.880835831 1.20439613 1.71268153 0.969534278
    1.55019712 0.93868202 1.42584908 0.933808923 1.1870445 1.72919405
    1.46540475 1.0245856 0.831029236 1.25401568 1.45501006 0.858281553
    1.74474633 1.49724829 1.08406043 0.878561497 1.26521218 1.65073192
    1.77202189 1.45299995 1.51230454 1.24853861 1.21632254 1.75342655
    1.27943957 0.843413711 1.43407321 0.891604662 1.74515975 1.54465163
    1.81836319 1.46474731 1.54479325 1.4072094 1.33007181 1.43658686
    1.3548615 0.591108084 0.997198939 0.968819201 1.45729911 1.60481977
    1.4034524 1.36775327 0.93991971 1.49442124 1.16565585 0.94109422
    1.63000834 1.60022497 0.840287387 1.38862419 1.52324176 1.33019364
    1.1568296 1.41683555 1.29331636 0.934884965 1.17614782 1.345119
    0.887088299 1.23406613 1.0775013 1.71499503 0.855814636 1.09855628
    1.28770316 1.63929915 1.76561272 1.02323747 1.63325548 1.22696233
    1.42197454 1.3003751 1.20432889 1.07747912 1.78132308 0.983479023
    1.66691732 1.06908596 1.05433464 1.0590589 0.832888961 1.2977463
    1.26738 1.46607316 1.20483911 1.02148986 1.62918043 1.40817451
    1.02725697 0.916401744 1.42927217 1.41057563 1.45765674 1.14253974
    1.56736994 1.59393883 1.39850581 1.24261916 1.51729357 1.17258
    1.69058883 0.932000995 0.816926181 0.975035548 1.3434267 1.28597081
    1.70841408 1.02254331 1.32452393 1.09550178 1.31743228 1.35348237
    0.980728507 1.18326521 1.32534385 1.51679778 1.27732897 1.57563365
    1.63115394 1.35890675 1.80790162 1.29095888 0.959196925 1.14897931
    0.958195448 1.48820567 1.70663762 1.70274556 0.822130203 1.39074719
    0.992924213 1.71086013 1.62784648 1.5356462 1.10557032 1.21356523
    1.51542807 1.38589287 1.52696121 0.804253638 1.52783215 1.70655906
    0.884816587 1.14649177 1.35961735 1.36710739 0.907721817 1.36889565
    1.7940923 0.862597823 1.28995359 1.35187769 1.44890451 1.26101685
    1.65866876 1.6587075 1.56376314 1.59093404 1.10410321 0.991132617
    0.965570509 1.43260765 0.928975403 1.33314729 0.995220661 1.43003249
    1.32773399 1.59318948 0.850626171 1.6735158 0.870585382 1.780285
    0.959910452 0.912169755 1.25195014 1.05950522 0.997595549 1.17210662
    1.69251132 0.964609325 0.972140074 0.913108945 1.27110529 1.25890374
    1.6763202 1.12322545 1.65566158 1.43207169 0.84201932 1.05523503
    1.54611945 1.78310597 1.29482114 1.77861905 1.45938241 1.13431323
    1.08261323 0.955540776 0.857628584 1.79359245 1.35808039 1.04634368
    1.62389874 1.32374954 1.43182266 1.23177695 1.54429781 1.20442796
    1.22004926 0.932113051 0.852983117 0.939944029 1.41407275 0.90438962
    1.66463411 1.72873652 1.05217934 1.08247519 1.10056162 1.5699991
    1.38008201 0.87871325 1.13267326 1.29892564 1.04503286 0.810615361
    1.2809633 0.98807919 1.24826229 1.31090522 1.68439281 0.870746672
    1.36201227 1.45607543 1.27816117 1.46213806 1.06156135 1.18905711
    1.55092156 1.25915813 1.0595212 1.09331155 1.1103065 0.994433939
    1.05521536 0.900552452 1.63238454 0.925903618 1.05266154 0.805338502
    0.761377454 1.02501667 1.28644681 1.69496989 0.815681398 1.01253641
    1.28554201 0.924953341 1.72856891 1.73455894 0.81142664 1.67703342
    1.51257443 1.19143736 1.67649996 0.794756591 0.766292751 1.22651541
    1.0339607 1.07160652 1.27245939 1.61713839 1.7194885 0.952574372
    0.889361024 1.09639299 1.2082305 0.947213352 1.31877613 1.46640503
    1.50483143 1.64398587 1.8066175 1.12896907 1.09564221 1.21821082
    1.59228957 1.46188116 1.18844676 0.873647571 1.03331077 0.9067294
    1.44298732 1.49596465 1.14832067 1.49540651 1.77595747 1.1540724
    1.4443469 1.72891247 1.36774695 1.16746449 1.13652158 0.812915564
    1.01182246 0.977072299 1.10776436 1.30851114 1.46067727 1.02958739
    0.885938048 1.05670404 1.1108526 0.78746736 1.64323497 1.57028759
    0.831361651 1.25569272 1.39295018 1.80100858 1.24318898 1.77154756
    1.10062218 1.36153173 1.55926788 1.69264054 1.35465145 1.46368945
    0.995145142 0.86203891 1.76244354 1.40907466 1.72750163 1.04484212
    1.38292468 1.00696635 1.34202087 0.992208064 0.802734554 1.46475232
    0.978552282 1.16681206 1.31915224 1.58806801 1.37347507 1.60423505
    1.18065941 1.19893956 0.830926239 1.64212918 0.992314219 1.64162254
    1.33602607 1.6372956 1.62742996 1.79510367 1.6490649 1.52303767
    1.18338168 1.05591941 0.982013702 1.13777459 1.52856123 1.3785001
    1.64628363 1.48070812 1.09076726 1.29852295 0.824583173 1.76241493
    0.932963133 1.72014987 0.99234128 1.63688266 1.79082775 1.01948488
    1.57705104 1.35717416 0.877755404 1.01595592 1.38095319 1.09855449
    1.5057795 1.24222207 0.832846642 1.18160892 1.6060493 1.3781445
    1.61391389 1.50331402 1.20238423 1.14087892 0.796620965 1.45987606
    1.39222348 1.0392077 0.805907249 1.14117992 1.02831078 1.56930661
    1.52879274 1.36901784 1.854375 1.20316589 1.09404826 1.43661368
    1.20062208 1.63337421 1.64357972 1.03083515 1.13290691 1.15767908
    1.49607372 1.27297711 1.66463041 1.80624092 1.48499107 1.76156211
    1.3244158 0.978306293 1.57887197 1.04060483 1.61966085 1.34885502
    0.897923291 1.76217425 1.06335175 1.65514839 1.28502584 1.38376737
    0.953819394 1.31962287 0.817522705 1.03769815 0.985849082
    0.788559318 1.12258053 0.880365431 1.35862756 1.70964122 1.59456885
    1.13712823 1.17836702 1.54228842 1.22745728 1.16540301 0.796514869
    1.11717021 1.49482846 1.45793939 1.40927076 1.77877355 0.808175504
    0.928172886 0.944904983 1.73800218 1.60075736 1.21086538 0.915747523
    1.43851066 1.66167426 0.932942629 1.28929329 1.18103051 0.793464661
    1.06186807 1.30917132 1.53769124 0.777215183 1.29002643 1.3487792
    1.30490804 1.37351382 1.43678331 1.10242534 1.59374607 1.36183751
    1.25649905 1.60214162 1.55546987 1.75543141 0.815042317 1.189749
    0.988322437 0.850095868 1.27367365 1.0952338 1.7834897 1.08525765
    1.57903922 1.74963403 1.12720942 1.5220592 1.57120967 0.872533917
    1.51798356 1.15013134 1.11839092 1.70570433 1.73971236 1.43152761
    0.962794662 1.42544055 1.27505636 0.806426525 1.16163695 1.34935617
    1.31062162 1.36083078 1.31241 1.55616176 0.813484251 1.70561314
    1.76567471 0.896654963 1.22422373 0.795984209 1.7800231 1.22766984
    0.972711504 1.27466238 0.818041742 0.842636704 0.914635003
    0.877451003 1.22641349 0.847915828 1.03843844 1.04597926 1.27453196
    1.28910291 1.72343814 1.09800839 1.69064438 1.35687101 0.973522782
    0.907793939 1.77322292 1.52046514 1.77762473 1.12296534 0.90086937
    1.66557431 1.39162171 1.49898529 1.40019977 1.46508229 1.45953345
    1.49931681 1.15153956 1.06432772 1.24530149 1.16071475 1.17589915
    1.05837166 1.7303977 1.86308157 1.17152226 1.34655511 1.33239698
    1.49105978 1.18094826 1.47306907 0.965204597 1.14892197 1.69417036
    0.892789602 0.81536752 1.31193435 0.816528857 0.942294121 1.21337247
    1.70289373 1.42535532 0.817102492 1.46693754 0.823862314 1.5902251
    1.49464166 1.69076335 1.44739938 0.969431996 1.09878981 1.75386083
    0.889974117 1.2541157 1.45333016 1.77971673 1.48094034 1.51903105
    1.62471402 1.51760685 1.63388991 1.77194083 1.73171437 1.03805435
    1.09471643 1.71805322 1.55932963 1.55743945 0.942908883 1.33780158
    1.46250284 1.02982068 1.78716731 1.68666339 1.79988658 1.11813331
    0.984496832 1.08102345 1.23381984 0.992152035 1.76489484 1.01857471
    1.26922798 1.37825847 1.03866482 0.870524228 1.60591972 0.951761365
    1.37908506 0.938578784 0.881430149 1.27820241 1.21946514 1.76342762
    1.76526904 1.84366632 1.65771985 0.898204803 1.75096631 1.33689785
    1.47918403 0.997461915 0.992029011 0.987286508 1.50383103 1.49374568
    1.71422887 1.58444893 0.815573454 1.12101531 1.28967941 1.41128767
    0.980397522 1.55916965 1.57246053 1.75912535 1.27591646 1.42055964
    0.907124758 0.913352668 1.27179241 1.57320786 1.71123958 1.63109314
    1.17218792 1.81306863 1.08006978 1.73419619 1.47058868 0.97509867
    1.08798599 1.71591854 1.05327046 0.88112998 1.49725389 1.48709297
    1.2551533 1.63608074 1.04101753 1.81212699 1.49477112 1.82707655
    0.888926566 0.93413502 1.43828773 1.65101004 0.937835813 1.19978642
    0.924674034 0.861200273 1.24485171 1.37137532 1.15733373 1.20643675
    0.840608358 1.27341723 1.2964952 1.31040347 1.7217803 1.34878504
    1.41787505 0.770094991 0.777102888 1.18294489 1.39672089 1.15398335
    1.16297686 1.72587156 1.69908655 1.18882823 1.2311939 1.3126111
    1.16960776 1.20802867 0.856248617 1.65191996 1.21850836 1.742558
    0.845901251 0.96151346 1.38477814 1.17498589 1.23151457 1.62918556
    1.02971935 1.01631534 1.51313078 0.759051025 1.1683445 0.984085381
    0.803128481 1.17222571 1.47056568 0.949671447 1.42831743 1.44918311
    1.49682462 1.65612388 0.903897941 1.62792683 1.01244462 1.61696279
    1.684003 1.71409762 1.25086522 0.883612812 1.78392208 1.55002761
    1.82205057 1.5958271 1.22123361 1.0538311 1.6256758 1.13695645
    1.45682514 1.75312161 1.50818145 1.24482763 1.76918197 1.04575098
    1.65396738 1.33185816 1.16177714 0.819426954 1.62525976 1.39892614
    1.37158918 1.43392599 1.25817621 1.63265252 1.09055209 1.15166724
    1.36451089 1.24339521 1.43833315 1.27547479 1.52952003 1.1218369
    1.48616731 1.63712227 1.65861881 1.29844129 1.02674663 0.815146387
    1.41226161 1.47248375 0.945719421 1.73484862 1.49523878 1.2147733
    1.3773303 1.43387353 0.953216255 1.35304558 1.49070704 1.54425573
    1.6531167 1.81665289 1.23472798 1.03487194 1.17317808 1.04058504
    1.7761761 1.65126467 1.7845633 1.16648769 1.39434206 1.03514814
    1.06411839 0.73038733 0.943345428 1.33759105 1.06545269 0.780408025
    1.11182404 1.3010391 1.03597045 1.80908382 1.6849786 1.37515187
    1.83561921 1.11763811 1.75668335 1.59752429 1.17233384 1.30341029
    1.27321863 1.09707427 1.27263844 1.2351284 0.876905143 0.964520812
    0.811239898 1.67050493 0.855108261 0.976128995 0.922313631
    1.66217816 1.61786664 1.39504039 0.889080822 1.36729527 1.17985201
    1.00575376 1.80584812 1.20459425 1.32544565 1.51126659 1.82855225
    1.37542689 1.62876463 1.28632939 0.91961962 1.64815354 1.10036337
    1.41930079 0.800893903 1.74700713 1.70256329 1.60161912 0.910243571
    0.974095047 1.28175819 0.825556993 1.33060694 1.5188669 1.49008095
    1.58745396 1.36423743 1.52116311 0.849734843 1.0205009 1.62962556
    1.3199755 1.21215498 1.74206626 1.03535914 1.59313321 1.41577947
    1.01833582 1.57941508 1.5554105 0.842086077 1.18105662 1.47342038
    1.52306747 1.34745896 1.76123345 1.59097743 1.75823092 0.882290006
    1.34892333 1.7814883 0.873838782 1.42182863 1.38138199 1.16619921
    1.54118407 0.928322673 1.60857666 1.12301171 1.0571543 1.53133202
    0.989397526 1.7345978 0.957094431 1.53241754 1.56105494 0.951315403
    0.913781643 1.65670657 0.932429552 1.5217483 1.53178895 1.32526791
    1.34191656 1.31183064 1.08537531 1.28974664 0.893618524 1.78531146
    1.07874835 1.56790161 1.81869888 1.34976184 1.75118899 1.32850683
    1.60970664 1.73170125 1.4580915 1.56485677 0.852593839 1.7063812
    1.4451257 1.17764902 1.81202304 1.37799013 0.863668799 1.35557008
    0.974796295 1.60192657 1.08183062 1.50210857 1.20386231 1.26918769
    1.16831839 1.42361283 1.68509591 1.56779242 1.11180627 1.09171391
    1.54552412 1.22801375 1.40482795 1.04077983 1.71211147 1.43062627
    1.71081519 0.867899656 1.76940489 0.815060437 0.863187075 1.12681401
    1.12537849 1.51044524 0.879134417 1.72740149 1.63428962 0.898060441
    1.7068789 0.788271189 1.66900229 1.05812883 1.77098036 1.194785
    1.72876632 1.19163096 1.24749565 1.03856909 1.65407288 1.51902914
    0.759338021 1.57715094 0.961603343 1.04448521 1.25034058 1.2380389
    1.57750845 0.971686006 1.08557618 1.4838115 1.51429307 1.57686496
    1.29626751 0.899278641 0.937710404 1.18603456 0.890330434
    0.940943897 1.67351532 0.907505989 1.50906587 0.991973639 1.12305844
    1.51568627 1.41939175 1.16054022 0.892917454 1.05300748 1.49926484
    1.62957907 1.26697373 1.58147001 0.956845999 1.32954335 1.81560433
    1.76261938 0.827359021 1.35073304 1.58085191 1.18722415 0.955146909
    0.94033736 0.813186944 1.38329864 1.14502561 1.40073287 1.10620046
    1.49794757 1.03658366 0.853953362 1.44123399 1.58404446 1.7503413
    1.22099268 1.26710808 1.06137657 0.883318186 1.12966967 1.52343643
    1.38553178 1.71795499 1.34689939 0.880401611 1.36734915 1.12991619
    1.12526548 1.39807451 1.10269725 1.55768192 1.41267967 1.46439874
    1.697703 1.44071639 1.47887421 1.03847098 1.6541698 1.56820226
    1.76534259 1.53490126 1.39940333 1.84050167 1.35131764 1.25795245
    1.59065616 1.20057321 0.916213334 1.33694208 0.655734599 0.954764128
    1.431306 1.22395539 1.28666389 0.885347307 1.40337598 1.65639889
    1.59341896 1.57860661 1.68697798 1.14861524 1.04522502 0.902825952
    1.48180413 1.23067689 1.14040458 1.07979476 1.42175317 1.54792941
    1.39443552 1.02730906 1.28010619 1.43472993 1.61775959 1.37154949
    0.902703524 1.60824895 1.39806044 1.42388809 1.7494154 1.33657384
    1.70266092 1.7818644 1.12736404 1.31305718 1.40219724 1.46878016
    1.70855212 1.67383182 0.939968824 1.234038 1.54515755 1.39451075
    1.3369168 0.831898391 1.34622836 1.64842904 0.965266407 1.76419699
    1.49275196 1.3728286 1.76084995 1.0706116 1.73305845 1.09368837
    0.803631425 1.19342983 0.928162694 0.936415553 1.3418057 1.69038093
    1.37397802 1.34661639 0.983750761 0.90355289 1.45882928 1.0072521
    1.06552994 1.54804981 1.58167112 1.32087195 0.841769397 1.13855839
    1.08073592 1.37910128 1.19347894 0.975861788 1.33050585 1.03193033
    1.60965919 1.46340024 0.86325264 1.06312287 1.39496469 1.72520983
    1.46865106 1.36327004 1.75572538 1.53700733 1.53750455 1.62989318
    1.10120344 1.54868209 1.70144248 1.70327747 1.17425346 1.61105919
    1.23859608 1.10142207 1.56861901 1.20385695 1.14216506 1.22807777
    1.01662374 1.77770233 1.61941671 1.80486226 1.39623892 1.51021957
    1.81418037 1.42531919 1.58463979 1.84264255 1.50356042 1.12039924
    1.04154968 1.65392172 1.36057281 1.24861431 0.928881824 1.30703712
    1.66381669 0.930380583 1.81110477 1.57383621 1.55112207 1.27063799
    1.34777999 0.973374307 1.79071867 1.44494247 1.61882508 1.63907707
    1.76171219 1.65085828 1.45502365 0.911422551 1.42187011 0.940208018
    1.08756053 0.790594339 1.39960909 1.44215155 0.951717615 1.27824247
    1.30538452 1.50501621 0.831428587 1.62925005 1.55054224 0.820796847
    0.831278741 1.58071434 1.21124089 1.40711415 1.75873268 1.09063864
    0.816028953 0.823447585 1.4900105 0.858265579 0.885998666 1.43901181
    1.36060703 1.12199998 1.19837356 0.886622012 0.941487253 1.40901518
    1.24593949 1.40591621 1.49802113 1.30166566 1.30308449 1.39373207
    1.52722716 1.31066656 1.72767735 1.4863677 1.16893101 1.45558214
    1.21688771 1.50474679 1.20217967 0.962569773 1.70093596 1.0850898
    1.28016543 1.01085436 1.79689074 1.50988531 1.31122029 1.56321096
    0.882890642 1.28997838 1.79533899 1.23642278 1.43463278 1.50837851
    1.16801107 1.84880471 1.60366333 1.00402892 1.43631101 1.73899794
    1.378631 1.57630181 1.26209939 1.38136947 1.50948 1.00762546
    1.34635973 1.3080349 0.822089851 1.18955648 1.36992884 1.7406013
    1.05166602 1.4179678 1.02110779 1.6947583 1.16171944 1.51569033
    1.32502162 0.781217277 1.39625847 1.31676245 1.25721002 1.54567599
    1.67519593 1.51734436 1.70053184 1.13296604 1.76483607 1.7751677
    1.40235531 1.8614279 1.53122246 1.74297166 1.49330425 1.36005032
    1.67207432 1.69976246 1.32576084 1.64489877 1.5547955 0.970434248
    1.51870048 1.57453775 0.946938217 1.05703676 1.31064939 1.54662108
    1.05304992 0.808727682 1.08263087 1.11591172 1.17385745 1.60302603
    0.952122808 1.75062656 1.71982861 0.885091126 1.55831802 1.68891585
    1.47938573 1.01518691 0.812323749 0.814889729 1.2023294 1.30640018
    1.50936079 1.29096615 1.14731646 1.11064398 0.768721938 1.26430058
    0.759628057 0.776416004 1.30402315 0.971007824 0.866335392
    1.11767602 1.24326622 0.874344647 1.77618277 1.18806708 1.63023579
    1.68273103 1.41805506 1.62413633 1.10182536 1.03499532 1.15377402
    1.62551939 1.7793541 1.08833802 1.2073617 0.854566514 1.24084032
    0.875368237 1.49581325 1.12367046 1.03394747 1.80446827 1.29474211
    1.22988474 1.36998999 1.81681204 1.05319178 1.2990787 1.15246558
    1.32245362 1.38597322 0.971748769 0.779123783 0.917782545 1.41271877
    1.43098414 0.955109775 1.60578716 1.36365438 1.35562921 1.24254823
    1.61406898 1.47770965 1.50992739 1.63943064 1.00065053 0.981851518
    1.68600929 1.51465762 1.07987833 1.20580912 1.81005681 1.55337048
    1.53315079 1.11721432 1.77046704 1.46688616 1.21994078 1.10869491
    1.32886505 0.801693141 1.36758685 1.45188487 1.31015682 1.42695582
    1.69491565 1.69144249 1.28120422 1.25343943 1.26515615 1.45161211
    1.31574655 0.903538287 1.2678355 0.959005535 1.54918015 1.19605124
    1.41842878 1.50954115 1.1146251 1.30323422 1.75705433 1.80859399
    1.37507093 1.31922841 1.67523277 1.22873998 0.834055781 1.13589311
    0.874295473 1.65042961 0.996456683 0.996294379 1.74629104 1.84064603
    1.13194096 1.43247354 1.62836933 0.94385016 0.921924829 1.26492047
    1.02227342 1.80076897 1.32580125 1.77558208 1.6669203 1.61124587
    1.74097288 1.57837534 1.56547856 1.44023585 1.64799249 0.789233446
    1.40374243 1.76115274 1.10314643 0.912641943 1.10433269 1.70853806
    0.819175661 1.30334306 1.47263348 1.22659528 1.57253289 1.10548711
    1.41973329 1.34750605 0.915920556 1.00775766 1.25863862 1.16395366
    1.00080204 1.66100776 1.56320405 0.80845803 1.33703351 1.25122821
    1.06098032 1.14085579 1.05876052 0.841581106 1.26686716 1.18806624
    1.2091558 1.46592748 1.43799448 1.41546404 1.08402836 1.47222888
    1.37982023 0.817585051 0.821027756 1.32085609 0.799999356 1.37292814
    1.06964719 1.65666211 1.16605556 0.90978682 1.02136517 0.989057422
    1.41416347 1.82401824 1.28175092 1.69668221 1.66671574 1.43432617
    1.02803886 1.8412441 1.71621943 1.49441397 0.974781632 1.77917981
    1.44142568 1.02207708 1.74004579 1.64621556 0.966784835 0.930653572
    1.56400335 1.54731035 1.0384587 1.23249698 1.11919069 0.734427631
    0.852584302 1.02019525 1.21191072 1.24632859 0.787565768 1.56993937
    1.10664821 0.786674023 1.09815598 0.787438929 1.3449049 0.955423713
    1.01067734 1.38763237 0.889978349 0.833157301 1.3088522 0.917997003
    1.57890081 1.42438591 0.980615318 1.76142108 0.928346932 1.08830357
    1.74543393 1.70933998 1.43620348 1.51615846 1.21598089 1.67342198
    0.974735022 1.56610537 1.45929956 1.48162329 1.64652336 1.24101532
    1.44667804 1.24879408 1.67858183 1.15522695 1.44211817 1.26371527
    0.949659407 0.733365357 0.66499877 1.07599783 1.27767813 1.09634173
    1.66868341 1.07093775 1.85654855 1.46535599 1.62251592 1.04068375
    1.45653176 1.08612347 1.40402234 1.61128271 1.69473863 1.25493813
    1.02536917 1.48780179 1.47007763 1.29968238 1.00899327 1.67315352
    0.813531816 1.68951869 1.28111255 1.00997341 0.963374317 1.26465189
    1.69308674 1.60326052 1.35191166 1.10434616 1.5249244 1.40839708
    1.3111105 1.29369938 1.28960121 1.8621192 1.86141288 1.77469182
    1.50026023 1.66815639 1.43906665 1.78172338 1.26734483 1.57597744
    1.03708243 0.864581108 1.03974032 1.02703416 1.8003664 1.63468432
    0.917805195 1.31690133 1.24909806 1.36833227 1.11451852 1.32093239
    1.63476992 1.01644421 1.27897525 1.63161981 1.51897752 1.24480903
    0.980655432 1.33941698 1.63718367 1.60525227 0.818794429 1.3798399
    0.897552192 1.51322269 1.02054524 1.53813159 0.973877668 1.5394119
    1.1708976 1.56098759 1.41069174 1.60922241 1.67978525 1.66708374
    1.69992483 0.953062594 0.949196756 1.25510144 0.897859871 1.61921012
    1.43547523 1.27093327 1.54200578 0.88291955 1.21098912 0.893346012
    1.73407435 1.4991926 1.7841233 1.41503119 1.42322302 1.32765472
    1.35399008 1.61404526 0.828532279 1.66705835 1.58454478 1.17643476
    0.97553581 1.23590899 1.46324658 1.76048756 1.17561948 1.70390069
    1.48449552 1.06211543 1.12993848 1.56359124 1.43017745 1.16538119
    1.09499371 1.84463871 1.77397108 1.79647064 1.69586647 1.5402596
    1.09255183 1.28041494 1.47731018 1.13431466 1.31084883 0.871182442
    1.48680127 1.58134103 1.30675292 1.44443488 1.3068893 1.01171219
    1.21843636 1.19399953 0.808863282 1.76067817 0.908902884 1.58913648
    1.07953107 1.12679327 1.70171893 0.993916512 1.55348754 1.15054607
    1.68499124 1.39321947 1.37992847 1.66224265 1.1229763 1.39242363
    0.960550845 1.32322443 0.989111722 0.888085842 1.12082136 1.65947247
    1.72612512 0.833162248 0.84425503 1.49415421 1.26837242 0.871925473
    0.813887596 0.975795805 0.930567503 1.64459682 1.15933609 1.5102911
    0.906732738 1.11021936 1.09160829 1.03117251 0.863638461 1.39387107
    1.18472719 0.815712988 1.15076149 1.27584004 0.775439143 1.06587815
    1.58043396 1.22614455 0.976633787 1.73616433 1.16279793 1.1116879
    1.80428803 1.67568791 1.30408251 1.88451421 1.71077931 1.64932811
    1.85270131 1.84474289 1.0562191 1.12665129 1.54886019 1.79947865
    1.0150373 1.0611676 1.6324544 1.71260476 1.30477846 1.3579272
    1.25779283 0.833786905 1.46283793 1.49810624 1.2639997 1.15840745
    0.763975561 1.18055439 1.16377616 1.33103919 1.25307918 0.932091713
    1.05616331 0.796801686 1.63129497 1.38570833 0.987508297 1.70710218
    1.09790409 1.00620866 1.70043695 0.819066763 1.15139604 1.49946594
    1.41822267 1.75192559 1.72989213 1.20829737 1.52466488 1.76631498
    1.37706566 0.940480947 1.01259279 1.09966481 0.938241661 1.59376311
    1.69258261 1.20689225 1.28152013 1.61440587 1.05935442 1.61214626
    0.861399114 1.44176829 1.04663801 0.859335482 0.576463521
    0.571315706 0.615110457 1.13332784 1.67718458 0.942491949 1.71717894
    1.43614268 1.30750299 1.31921804 1.51596773 0.907806575 1.5626564
    1.05320549 1.64279115 1.41326857 0.983562708 0.888730288 1.49496388
    0.852554977 1.15663266 0.961655438 1.37805569 1.27267075 1.13946509
    1.42324126 1.68625879 1.64974332 0.852129757 0.857831776 1.32278287
    1.49000549 1.71101773 1.13813365 1.47889626 1.01099789 1.58852589
    1.10253572 0.929800212 1.38451183 1.21859574 1.56457412 1.45092273
    1.34476566 1.76869583 1.0302192 0.935324192 1.59285152 1.49713767
    1.17650557 1.39274776 1.69195032 1.51086247 1.34468257 1.66081917
    1.75720644 1.71131492 0.774489462 0.816825688 1.20751154 1.55663395
    1.28641987 0.757855415 1.15463877 0.880690038 1.43781042 1.71892548
    0.938027382 1.3642602 0.991270542 1.02773309 0.764090121 1.53981376
    0.767030776 1.65670431 1.7160722 1.2704283 1.10592175 1.77029109
    1.48920822 1.7657882 1.49178004 1.3906852 1.66078365 0.978567898
    1.21417022 0.838691413 1.12742019 0.841240823 0.922514141 1.55488348
    1.43270826 1.04581892 1.49736047 1.63239884 1.45551872 1.58126175
    1.3973217 1.2892704 1.57172203 1.83906209 1.58604419 1.26268566
    0.998475909 1.35192668 1.49356806 1.76480091 1.39517319 1.83227944
    1.0334121 1.83869362 1.54624677 1.03354859 1.1978966 1.60416496
    1.51772308 0.930126011 1.69946015 1.65311885 1.54277229 1.8068105
    1.22002077 0.991675019 1.39856315 1.84507096 1.50901318 1.2620461
    1.43094802 1.42012978 1.68306434 1.36322129 1.37614775 0.907249153
    1.10381794 1.0029335 1.43996334 1.56982565 1.13782668 1.61950374
    1.65326297 1.40246606 1.26359022 1.38185 1.62678003 1.5474602
    1.29314184 1.43831122 1.16631937 1.19933176 1.78729653 1.7927078
    1.67770314 1.41413033 1.18783176 1.00517535 1.00965595 1.19858992
    0.926712632 1.31585121 1.18103302 1.68371654 1.70207298 1.5858587
    1.1019212 1.58636379 1.34484375 1.34761763 1.31046999 0.835438788
    0.884157419 1.61969554 1.55999398 1.61168694 1.77666628 1.03095996
    1.77383542 0.885621309 1.6485666 1.55673003 1.23027456 1.57171118
    1.24983382 1.15583801 1.67934453 1.58800173 0.761388838 0.754991591
    1.41641164 0.808546662 1.24682081 1.44841588 1.48828304 1.51762009
    1.86997736 1.57072926 1.31489205 1.63649809 1.48138213 1.40081871
    0.906226695 1.45084405 1.2219491 1.03488171 1.70515764 0.89034766
    1.06782401 1.4455297 1.38338184 1.50041091 1.27282083 0.814997017
    1.04062974 0.87528336 0.92523241 1.66944873 1.16046262 1.311782
    1.32028413 1.62740874 0.997840047 1.2037611 1.67552805 1.61404622
    1.14515638 1.42444897 0.764312148 1.24586952 0.794509649 1.50641489
    0.872780502 1.30603158 1.3735621 1.37767637 0.904938161 1.69987023
    1.03950751 1.49498761 1.52783132 1.72065902 1.68911111 0.872196138
    1.2750361 1.60064328 1.66881979 0.958035529 1.76828921 0.968508363
    0.874471009 1.38762438 1.00717247 1.76424968 0.791523218 0.72290653
    1.61248875 0.822146297 1.02772725 0.448918819 1.40326655 0.940210581
    0.825592875 1.2274735 1.25025761 1.51383471 1.78481686 1.46993589
    1.82601476 1.66875803 1.590657 1.52638936 1.61218953 1.49398339
    1.65959692 1.74313354 1.07941353 1.15322769 1.34062004 1.77315664
    1.35827863 0.985604346 1.36982846 1.47801077 1.2284584 1.43232059
    1.06200886 1.54661727 0.916548193 0.955045164 1.62203145 0.968577147
    1.79896057 0.968402863 1.5304234 1.29022682 1.74155903 1.77267325
    1.19257593 1.67311084 1.68685377 1.28577256 1.12462068 1.41290557
    0.999305725 0.892082453 1.10303724 1.10219765 1.48478353 1.28448856
    1.5758146 1.57487535 1.49411857 1.21587265 1.31275487 1.28601158
    1.0198791 0.891799748 1.21703267 1.05614209 0.774693251 1.59272087
    0.808350623 1.30534637 1.53694272 0.740919888 1.06535923 1.08245087
    0.884771705 0.746299088 0.799163282 0.852443933 1.26771474
    1.45215929 1.54680645 0.999554396 1.66785014 1.72250247 1.08533359
    1.59322464 1.61144972 1.29373753 1.4648366 0.888035357 1.15938044
    1.18979061 0.891409874 1.58415115 1.67126846 0.853083074 1.32005405
    1.03008425 0.858185172 0.852706313 1.42947757 1.62432814 1.29233873
    0.864941895 1.44073188 1.60538232 1.29744232 1.1703831 1.54410756
    1.37149596 0.998316169 0.854474902 1.30984116 1.31989229 1.08567846
    0.935151041 0.907357454 0.989402771 1.65186489 0.917608142 0.8769086
    1.19577622 0.880567908 1.3895849 1.2670362 1.31096232 1.49770272
    1.41076708 1.37574387 1.27214348 1.26233566 1.87881851 1.58047283
    1.69801974 1.57729208 1.63265419 1.27451921 1.34893632 0.86656183
    1.37056601 1.38723063 1.42803133 0.806706131 1.38686204 1.7027328
    1.59803343 0.950068355 1.05283785 1.18575931 0.821737289 1.61983693
    1.23360765 1.2729069 1.18098152 1.74991119 1.69017446 0.829137087
    1.34432471 0.816072345 1.25085866 1.71967959 1.7038821 1.24170911
    1.31465089 1.34253228 1.02349651 1.00403643 1.24517953 0.880284846
    1.48688579 1.01431191 1.08174634 1.14025068 1.33058631 1.01701593
    1.58296144 1.13715518 1.10564578 1.69724226 1.06483936 1.16011322
    0.989730477 1.12524188 1.24518549 1.11468542 1.33831203 0.785081983
    0.801970482 0.803334773 1.38350296 1.18188298 0.999878109 1.1219455
    1.19212425 1.26245201 1.67947829 0.8453601 1.82080495 1.79514432
    1.129498 1.73964071 1.10499847 1.57209373 0.924054384 1.3401401
    0.918268204 1.0544219 1.32207799 1.26481283 1.40280938 1.74549234
    1.67868972 1.78853452 0.987633288 1.08047652 1.54549551 1.35829675
    1.5616529 0.884233475 0.878249228 1.18135309 0.89584285 1.0464555
    1.09520924 1.14755583 1.52727628 0.774646103 1.21654105 1.51326263
    0.863201082 1.32635677 1.3159883 0.823672295 1.39598393 1.11912036
    1.08644319 0.952706456 0.810230792 1.45329106 0.958234012 1.74969041
    1.35571086 1.47159326 1.01517677 1.60586536 1.82605994 1.59164679
    1.39255953 0.802903295 0.950429082 1.06558001 1.29257715 0.781589568
    1.49254751 1.43372142 0.968320191 1.58399141 1.02017105 0.751276791
    1.06522465 1.13774014 1.0858078 0.593592107 1.12464094 0.910984159
    0.73012799 0.771103799 1.35474932 0.882633924 1.73105204 1.35865617
    1.26758182 1.81082904 1.40034652 1.15129781 1.01916754 1.43715918
    1.2413522 1.77958179 1.77878642 1.03948879 1.32815075 1.57737851
    0.977295816 1.81433153 1.69342697 0.941508353 1.00763285 1.53135288
    1.17945313 1.39441693 1.12350404 0.925807178 1.2542237 1.02352142
    1.02022266 1.22939157 0.993683696 1.57832217 1.39550745 1.02084494
    1.31939495 1.82864428 1.60110784 0.966126561 1.68193197 0.968972325
    0.89628911 0.83251816 1.7396971 1.47016871 1.5302918 0.825536251
    1.4742825 1.06576121 1.34901071 0.824044943 0.799320638 0.777019382
    1.34498787 1.45847762 0.750025094 0.831164002 1.36758208 0.936674178
    1.20651841 1.04100358 1.69180644 0.984320045 0.897905052 0.948948741
    0.948416233 1.21521783 1.51791203 1.69117117 1.01806664 0.86031729
    1.69203901 1.35616326 0.956483126 0.891348958 1.48599327 1.82736683
    1.81575143 1.54401255 1.07384717 0.967716515 1.25554466 1.7420882
    1.79051542 0.951976717 1.55200183 1.54352653 1.83853853 1.84192431
    0.903616011 1.63374996 1.36477423 1.7302748 1.69637191 1.04451048
    1.11090636 0.877681255 1.84822094 1.18789768 1.49492347 1.00804543
    1.58794296 1.12907088 1.64251876 1.46526396 1.75037396 1.79281747
    1.57223463 0.860602915 1.27775669 0.82232362 1.04783034 1.53019595
    1.16256082 1.37420392 1.43091834 1.78426242 1.78838134 0.923649251
    1.47047353 1.78108847 1.52305377 1.4809736 1.75424993 1.59796107
    0.847958088 1.48854566 1.56383109 1.23012674 1.01293004 1.60071528
    1.19969738 1.37705612 1.56948292 1.2445457 1.1911509 1.6961329
    0.979997873 1.07763195 1.27151632 1.35370207 1.58838618 0.994164884
    1.7423799 1.05340171 1.60076964 0.854050934 1.23149753 1.12745738
    0.860360503 1.07863033 1.3973695 1.12337255 0.900575578 1.1682446
    1.03776431 1.548612 1.15345991 0.973391891 1.57013071 1.05767643
    0.929567933 1.58855116 1.64962089 1.78332257 1.71570444 1.40097857
    1.59362638 0.943660796 1.64438391 1.01674664 1.33800864 1.59485245
    0.760458946 1.14151478 1.6238203 0.811454296 0.826919973 0.799181223
    1.06527352 1.49242854 0.962003946 1.31231129 1.75590789 0.882012904
    1.17617071 1.1211046 1.68045354 1.31760418 1.00400567 1.73263168
    1.61569607 1.40992761 1.44884288 1.29848802 1.13801003 1.1468116
    0.995603085 1.17559445 1.03464949 1.0709734 1.77337241 1.50647986
    1.17760134 1.27001798 1.49082041 1.52120697 1.2949748 1.21885979
    1.09428275 1.32180011 0.819785595 0.867050469 0.931659043 1.61570847
    0.854169011 1.24332714 1.03306675 1.7196871 1.48677504 1.34854674
    1.76573157 1.25089121 0.881649673 0.781642973 0.77015692 1.62936115
    1.54022384 0.813802958 1.13180959 0.864311576 0.864394248 1.12591183
    1.83556533 1.19432354 1.42892015 1.66734183 1.20617425 0.937123775
    1.41600215 0.826890945 1.74036932 1.17323506 0.886085808 1.40739512
    1.658535 1.29677308 0.727235794 1.1375128 1.46917892 0.904099107
    1.21172833 1.01547396 1.06981444 1.52837622 0.71418792 0.781382382
    1.05600321 1.40662897 1.6318177 1.30009675 1.72960973 1.31956208
    1.56929731 0.848948538 0.963755846 1.47852612 1.5174762 1.18007696
    0.939839363 1.57855368 1.81630349 0.999044001 1.26445043 1.23938799
    1.44672334 1.72549772 1.72127795 1.44342709 1.20363617 1.52746201
    1.35056531 1.4389956 1.77070272 1.52831197 1.63954294 1.10198152
    0.948796093 1.23776126 1.22934222 0.959977746 1.79574919 1.79097056
    1.16186106 0.907895565 0.955959916 0.817540467 1.18163157 1.5910393
    1.08928037 0.89099437 1.29939973 0.9716838 0.883023381 1.0356437
    0.983086467 1.43743193 1.67997825 0.827876687 1.25780129 1.40478075
    1.05349755 1.28288245 1.30875838 0.761163414 1.60123336 0.817791045
    1.17380178 1.6074506 0.855658591 0.954548836 1.23349535 1.51484263
    1.15898049 1.13985121 0.997769058 0.970799744 1.11886597 1.49772894
    1.31869423 1.77173758 1.45529592 1.48358917 1.43300438 1.19987977
    1.72977185 1.24097288 1.72256815 0.946168065 1.47808945 1.78853524
    1.56360447 1.76940966 1.56893921 1.38693404 1.03360438 1.23204255
    1.01686466 1.7585752 1.49965954 1.80903649 1.32505286 1.79865694
    1.29658055 1.61288846 1.30989695 1.58460772 0.923380792 1.73341072
    1.10094821 1.76073766 1.21213973 1.25586724 1.49559295 1.38617313
    0.893223822 1.56606102 0.757061899 1.58877325 1.65616846 0.820243597
    1.25894737 1.80749202 1.78460598 1.83496165 1.63542306 1.06838214
    1.16604674 1.8145858 0.899611652 1.20965374 1.02469456 1.29341781
    1.10912871 1.1960845 1.43215811 0.78030026 1.0334686 1.67942083
    1.24921012 1.68827081 0.785646081 1.1221199 0.792123497 1.58433068
    1.58837914 0.829212487 1.5744344 1.76075351 1.38905644 1.70771241
    1.11366129 1.08886218 0.993243873 1.63334405 1.16289353 1.22072852
    1.79382026 1.07615042 1.66477692 1.69184756 1.72838545 1.77966917
    1.56647825 1.78645062 1.11716557 1.7524538 1.0853287 1.41558135
    1.50599062 1.73142874 0.97676456 1.0864073 1.33874738 0.893320203
    1.01484692 1.51679027 1.24978888 1.16589141 1.65837801 1.1327374
    1.25261056 1.41497457 1.52094364 1.23937178 1.71166778 0.98574692
    0.92665112 1.05827427 1.07980216 0.856138647 1.64604533 1.47855699
    1.27996922 1.59462249 1.18578136 1.81882107 1.15894449 0.992169619
    1.71266079 1.4250499 0.889252007 1.28883266 0.897324681 1.07037354
    1.55680859 1.8092556 1.5096544 0.830255687 1.00629747 1.5043869
    1.76154375 1.11471629 1.68283284 1.52642465 1.6472733 1.75931275
    1.05829418 1.42763698 1.07550347 1.28918338 0.978078008 1.17423189
    1.43160462 1.08860898 1.69557381 1.30005193 0.950530827 1.61880875
    1.36137509 1.1044867 1.06988561 1.00249243 1.6122005 1.04763198
    0.898130536 1.62940812 1.41638827 1.00000823 1.27266741 1.26951146
    1.44628119 0.848625302 1.37166238 1.73072088 1.00400841 1.09527063
    0.959632933 1.2769078 0.862865925 0.971401215 1.71156299 1.30471122
    1.13985181 1.50999892 0.935710669 0.839313984 1.340415 0.90810436
    1.31961358 1.54892933 1.2970624 1.14481294 0.874316573 0.885287881
    1.81542182 1.6330018 1.17188251 1.45991325 0.897620738 0.843567491
    1.3976717 1.18741095 1.40191364 1.38595152 0.985016406 1.70574355
    0.928268313 1.16482818 1.35256267 1.14768076 1.81714571 1.48438716
    0.91318208 1.60529053 1.40878177 1.68971503 1.65469503 1.20153153
    1.59944999 1.60182571 1.50192392 1.64810979 1.62104356 1.05505085
    1.16544747 1.14340174 0.944107711 1.49117064 0.997465611 1.05709004
    1.68899238 1.15760815 1.23621392 1.56945753 1.26349509 1.34614241
    1.29366565 1.13342679 1.72696149 1.47119117 1.12597644 1.77905154
    0.999214172 0.78681016 1.72715509 1.74016011 0.902118981 1.67933321
    0.929078758 1.39032817 1.3369776 1.13809216 1.50988805 1.2613982
    0.798502922 1.17018533 0.887815058 1.40440524 1.36406577 1.23890722
    0.854504108 1.12352693 1.41577113 1.48097968 1.10136223 1.43248272
    0.961721838 1.62797081 1.22629762 0.924546659 1.68905985 1.80383575
    1.6931802 1.07114387 1.37372601 1.13809681 1.16265345 1.5846653
    1.55028665 1.61094356 1.760867 1.21262538 1.26589394 0.896223664
    0.953696072 1.23838401 0.950149953 1.28789818 1.45459759 1.78422594
    1.47136509 1.56619942 1.16697335 1.34917653 1.56389737 1.12430573
    0.816877425 1.64001679 0.773529589 0.798158586 1.53916478 1.17319441
    0.795566559 0.946301997 0.760193825 1.15713704 1.39103556 1.4794569
    0.990455747 1.64511108 0.955133259 1.14398384 1.81929374 0.909572721
    1.17343271 1.72891259 1.30379796 1.24054658 1.53849185 1.13647556
    1.20787668 1.22867763 1.25755417 0.882755518 1.33496475 0.846922278
    1.20644653 0.814113736 1.37088609 0.940458179 1.03588939 1.21346009
    0.959050715 1.4562546 1.37896287 1.62995934 1.16638219 1.03156519
    1.3196311 1.71799588 1.24473453 1.70430934 1.38778019 1.3569386
    1.04747319 1.10725629 1.62663937 1.18115556 1.4076761 1.09278679
    1.02403533 1.26081979 1.249542 1.27485955 1.52329218 1.21206701
    0.971164227 1.48989904 1.66537929 0.808769643 1.33782959 0.796086192
    0.896676183 1.58558631 0.850163877 1.56042957 1.3618083 1.66521525
    0.939640462 1.3665787 0.951431036 1.65345883 1.06294799 1.67143369
    1.01469386 1.36903954 1.42575145 1.39872825 1.37855947 1.0313741
    1.52176988 1.21357703 0.822018266 1.79897165 0.937018275 1.2378763
    1.60139561 1.00223398 1.77025771 1.15542293 1.1129247 1.81020045
    1.58799672 1.28834248 0.84681356 1.83345187 1.70236063 1.39350867
    1.75758004 1.02366388 1.78604889 1.20569658 1.55194604 0.862818241
    1.6581732 1.27799261 0.940858543 0.829279542 0.887808859 1.03901577
    1.20780075 1.79612243 1.19656992 1.28708994 1.49746621 1.71349335
    1.76176131 1.69370949 1.61976862 1.38449609 1.47830677 1.18354106
    1.65368247 1.29596388 1.12892318 1.38251781 1.27813041 1.31728733
    0.951771498 1.37518632 1.03641546 0.883460641 1.16969979 1.43555057
    1.2535516 1.19947398 0.747917533 1.01769423 1.23181438 0.699136555
    1.27968419 0.938102543 0.650988162 0.779690564 1.23406255 1.60740614
    0.68140614 0.82007277 0.988110304 0.916950643 1.21018553 1.12102687
    1.58487833 1.54774022 1.54878306 1.31470227 1.62889409 1.23102176
    1.20149791 1.15424252 1.2589258 1.65177965 1.63864064 1.07426012
    1.2840625 1.80475318 1.48711276 1.42227376 1.76911926 1.08782399
    1.25646174 1.64791989 1.12733102 1.66936183 1.62467849 1.38108599
    1.76969182 1.70530403 1.65064394 1.06815016 1.30160952 0.91915518
    1.48979914 1.53298914 1.32073414 1.77909553 0.888919532 1.47005868
    1.2465719 1.01521409 1.04062533 1.53362286 0.864665985 1.08483636
    1.00770521 1.42522407 1.44659173 1.31314421 1.05775392 1.61655748
    0.840996623 1.21772921 1.27800751 1.17373812 0.760396779 1.35095632
    0.75108397 1.17211425 1.69074202 1.64677179 1.30165315 1.31308854
    1.57471609 0.981125057 1.40242136 1.71761501 1.39001441 1.57367063
    1.58806145 1.43891978 1.12231374 0.816488266 1.22258937 1.50340188
    0.898961306 1.63046753 0.940203726 1.45441651 1.62163711 1.090101
    0.986806929 1.38963747 1.81442845 1.42432332 1.81161022 1.31315947
    1.13248551 1.84102082 0.985750258 1.72988033 0.956364036 1.69371724
    1.81324005 1.58956039 1.51152432 1.68157721 1.88331103 1.70633399
    1.3685441 1.04253018 1.66238475 1.63853312 1.75684178 1.10245609
    1.14493918 0.740315974 0.960921586 1.18156254 1.27983654 1.12847853
    0.796399117 1.33212054 0.959530354 1.02422011 1.56366313 1.17314506
    1.81938398 1.8197608 1.64001918 1.58290052 1.19889116 1.07275784
    1.60110652 1.01414669 1.49261367 1.0670085 1.28064668 1.05678439
    1.1767813 1.4799943 1.16994727 1.47464836 0.952899337 1.75811219
    1.5800072 1.00860465 0.935136914 1.74778426 1.82810605 0.947952271
    1.42246985 1.47271693 1.06454277 1.40804994 1.10703051 0.918365598
    1.2670275 1.68483818 0.834795594 1.74694836 1.56708515 1.53770578
    1.21828127 0.8865785 1.4034344 0.864462614 1.29844511 1.76577365
    1.57759774 1.08756268 0.92779237 0.82377708 1.44348454 1.71921325
    0.90326184 0.862404943 1.38033831 0.850396574 1.14472461 0.997267962
    0.845068276 1.60545504 0.853190422 1.71689582 1.52502847 1.38544917
    1.01910126 1.39492464 1.29672527 1.50709379 1.24356675 1.3009851
    1.00160539 1.35934198 1.70812953 1.09936118 1.30070281 0.966666222
    0.810058832 1.68258953 1.20173681 1.43070352 0.836711109 1.55018246
    1.57745767 1.23087287 1.06326306 1.66929293 1.20343864 0.963282287
    1.17657626 1.27867436 1.55675113 1.35678256 1.63205814 1.43449354
    1.59183323 1.26587427 0.967131495 1.20077336 1.28917396 1.39852953
    1.38845193 1.01450968 1.52988648 0.821947753 1.40080583 1.57802868
    1.65774548 1.44576895 1.56645441 1.15875173 1.37126911 0.95870316
    1.407516 0.85016346 0.981445432 1.02372086 1.74045002 1.04819095
    1.54132378 1.34980142 1.62755883 1.44648099 1.61626303 1.72865224
    1.1616962 1.33998179 1.02678502 1.71956444 0.76606071 1.67151046
    1.14969468 1.33908975 1.23936856 1.09709358 1.34659648 0.956344068
    0.589875221 0.510874927 1.18396354 1.38345766 0.873945892 1.48852193
    1.65200257 0.902434051 1.60047317 1.67469776 1.50321543 1.52548611
    1.71489251 1.48510504 0.932228506 1.40165329 1.84845555 1.52322757
    1.40806246 1.82704031 1.63196313 1.69268358 1.22055626 1.67766678
    1.03413558 0.841737866 1.64647186 1.46380484 1.30846667 1.39994431
    1.39273667 0.895471811 1.3789233 1.44732654 1.34537685 0.992528617
    1.63556039 0.936173499 1.728688 1.33734345 1.54956508 1.18496895
    1.35677874 1.35662496 1.15212035 1.12356949 1.3727864 1.46291733
    0.859548032 1.35234773 1.19078195 0.840114236 1.22400856 1.14851058
    1.55715752 1.68044114 1.1627897 1.16636825 1.25534141 1.71982121
    1.03446424 1.26229298 1.60434413 1.07320321 1.04079425 1.03441393
    0.832602262 1.0984267 1.5392946 0.785753965 1.17775917 1.37556064
    1.77008402 1.08038914 0.912054062 1.76848841 1.33560634 0.823011279
    1.24681199 1.01915419 0.799661756 1.24153876 0.889682591 1.59005857
    1.04726744 1.16406155 1.03602731 1.63792026 0.88887471 1.25218594
    0.896068215 1.74493253 1.47314095 1.5442487 1.49292374 1.72998095
    1.53961575 1.59575546 1.82028425 1.33018339 1.55461824 1.44663084
    1.7454226 1.69314849 1.14585161 1.69184542 1.00800526 1.44631326
    1.79034829 1.57460546 1.58039224 1.69487166 0.879090071 1.38609791
    0.971142769 1.14819932 1.23888874 0.881183743 1.07486618 0.849584758
    1.00048268 1.56173337 1.26860034 1.21345663 1.59901452 1.72470284
    1.24174213 1.10718846 0.829752088 1.74934268 1.29200065 1.05459726
    1.69078922 1.72010541 1.72760618 1.19743323 0.90546006 0.980619013
    0.951119959 1.48527086 1.34092581 1.27278805 1.54072118 1.78786778
    1.69462347 1.79120851 1.62639463 0.838642359 1.66576004 1.29875267
    1.06644499 1.64186954 1.59356129 1.16395497 1.06000447 1.10513854
    1.72080564 1.08061469 1.78507638 0.855685055 1.68000174 1.64034784
    1.48082232 0.830741644 1.45937347 1.26257873 1.33965218 1.788095
    1.43872762 1.55438375 1.50795424 0.815180957 1.45032561 1.69913387
    1.01303124 1.40104842 1.4226625 0.777093887 1.26319981 1.74488127
    1.2005136 1.32085538 1.39268339 0.889180839 0.958743274 1.77991724
    1.23974478 1.37413299 1.69217265 1.53015244 1.41112924 0.960094035
    1.63789034 1.79219842 1.03940094 1.21575439 1.74964964 1.35041285
    1.01058924 1.35597003 1.20104647 1.3045398 1.64439082 1.31138837
    1.53157032 1.09266424 0.938048422 0.926467896 1.66814435 1.49956572
    1.19854069 1.80809343 0.968826532 1.27720964 1.7272377 1.56993699
    1.48484087 1.12005961 1.14618671 1.37791538 1.15002036 0.921948493
    1.4544009 1.08563852 1.80343902 1.6575954 1.54039419 1.0894798
    0.819481432 1.45120156 0.848775923 1.19470727 1.01408088 1.10262144
    1.35160613 1.21537936 1.04642832 0.995459735 1.02393794 1.37833297
    1.66921544 1.54628718 1.50816762 0.92736578 1.25677323 1.62371278
    1.5617069 0.862345755 1.48752594 1.04105842 1.43925774 1.38209403
    1.57943308 0.800073922 0.951759338 1.15577519 1.2375381 0.707475543
    0.622444272 0.889140189 1.25342035 1.65751827 0.909636319 1.62915182
    1.77592826 1.20066655 1.46366775 1.13560438 1.68411934 0.926516593
    1.08833003 1.45698309 1.49214602 1.48388076 1.82994032 0.991627216
    1.2875818 0.897534668 1.57137144 0.875543892 0.995522261 1.09823823
    1.42316616 1.04541314 1.06113708 1.43343437 1.1582706 1.48661363
    1.14065361 1.4728651 1.5014323 1.09284306 1.24310732 1.05402482
    1.21683466 1.6379267 1.41733205 1.12035155 1.52017653 1.68582261
    1.40558779 1.0207355 1.23071182 1.11424148 1.02964866 1.09068644
    1.44243324 0.949747384 1.69617009 1.64992344 1.26615524 1.08247602
    1.69607294 1.62087333 1.70064247 1.52909029 1.76629102 0.810060322
    1.33746028 1.58763349 1.11681223 0.807007492 1.30685091 0.81143707
    0.956913412 1.21424377 0.836116135 1.32692695 1.55562103 1.17568731
    1.65594506 1.64862871 1.33968663 0.857309043 0.944182217 1.56862223
    1.34866309 1.73650491 1.47180653 1.38668489 0.900065422 0.887366891
    1.68671381 1.70528054 1.64460647 1.56200206 1.36307752 0.917251468
    1.43316996 1.14371109 0.925963044 1.50201094 1.06296492 0.869781077
    1.83118343 1.40411174 1.10765624 1.17978311 1.06746101 1.26669931
    1.78957272 1.36285257 1.83800554 1.78160799 0.868154943 1.15691423
    1.30757642 1.0334444 0.81788224 0.970802307 0.719891608 1.04707694
    1.0575062 0.716462672 0.893182039 0.746844053 0.722601056 1.32743299
    1.48601842 1.27314019 1.26848161 1.31580293 1.64964163 0.833498299
    1.21198976 1.65327942 1.61000252 1.48893547 1.16680682 1.24020159
    1.15677488 0.916083038 1.60682929 1.28003871 0.82348001 0.829724014
    0.879597902 1.61116111 1.41067386 1.33929479 1.71400368 1.25421762
    1.64914346 1.72467089 1.31614971 1.04283762 1.40005541 0.823273361
    1.74911654 1.01135063 1.57432044 0.95664221 1.70509875 1.35207164
    1.11543739 1.55488014 1.49554205 0.910165071 0.989481866 1.35062766
    0.916021168 1.5027709 1.38181615 1.67320287 1.78058386 1.58795631
    1.10823727 0.931098998 1.42548239 0.854487777 1.04493225 1.70490825
    1.74927342 1.11228859 1.45626712 1.30139351 1.68077099 1.72485721
    1.04342258 1.66059899 0.912472188 1.4698751 1.28276908 1.06334066
    1.08574152 1.34396398 1.23733091 1.6587255 1.77116227 1.04305685
    1.74004602 1.32246697 1.5595566 1.0338521 1.12427771 1.65623558
    1.55205536 1.68630517 1.68390095 1.36594248 1.42548776 0.995194316
    1.75935972 1.70600462 1.27364039 1.02165353 1.42801034 1.4072541
    1.25641954 1.82129526 1.84076667 1.28335249 1.22613955 1.2559613
    0.950099885 0.929204404 0.932894528 1.40754294 1.37284303 1.3156234
    1.39947355 1.59208024 0.922114491 1.42046845 1.36125243 1.71599853
    0.876821578 1.09592319 1.05714095 1.4986546 1.16768122 1.59657741
    0.95366472 1.73208427 1.61228478 1.56771839 1.53214955 1.12523603
    1.19920552 1.02866614 1.08480144 0.830249846 0.987585604 0.769571781
    0.805923164 1.47886813 0.846489131 1.31287909 1.39346361 0.997282743
    0.671492279 1.40746248 0.770099044 0.868839204 1.17912054
    0.698651671 1.25925398 0.985948801 0.97693938 1.45388734 1.4502517
    1.07156718 1.45854735 0.939746976 1.53648603 1.21935439 1.41825008
    1.77533913 1.80620003 1.28597617 1.214661 1.48571956 1.70890999
    1.16754353 1.70605195 0.923367918 1.49458683 0.869847953 1.06503117
    1.37140238 1.76927257 1.15481699 1.78011477 1.18293929 1.66793704
    0.832614183 1.04204357 1.36657679 1.35809565 1.38964128 1.4114238
    1.7873832 0.808981836 1.68412673 1.15980315 1.01807475 1.24330401
    0.937811375 1.31457555 1.16841435 0.849457383 1.02799058 0.819862902
    0.944955289 1.01545501 0.924079776 1.16157901 1.2934531 1.43540716
    1.64039588 1.00873315 1.62591684 1.72424197 1.67645538 0.962672532
    1.35435116 1.45353556 0.858367622 1.34998226 1.05694497 1.6455878
    1.12113726 1.00786865 1.65409291 1.02223802 1.03060651 1.09502578
    1.06282687 1.23336148 1.56610262 1.59476995 1.30003619 0.896411598
    1.7368741 1.72962439 0.906088233 1.22006726 0.875118375 1.08452189
    1.47586763 0.861241996 0.957381964 1.0217129 1.79065907 1.60609579
    1.23702884 1.18945003 0.937756479 1.05101585 1.13083339 1.21401536
    1.62841606 1.77074814 1.71700978 1.40001965 1.26779616 1.7974571
    1.40335131 1.75517011 1.36206496 0.897514045 1.256989 1.05476773
    1.55782425 0.811404407 0.870160043 0.795805156 1.62816024 1.00865638
    0.775906622 0.990917265 1.06722116 0.81298548 0.890092671 1.05296934
    0.990424097 1.55300581 1.49560201 1.22446156 1.2982403 0.796866655
    0.909269512 0.840143502 0.788529932 1.36810684 1.52896488 0.78161037
    1.09356618 1.08327603 1.06269193 1.15123153 1.44714367 1.65671217
    0.987134755 1.24467432 1.17804885 1.22455907 1.58823955 0.875269115
    1.08939373 1.68417227 1.35172391 1.13712358 1.00243175 1.58340394
    1.44349205 1.53533494 0.922786891 1.85478711 1.62870574 1.41733205
    0.932707012 0.803645074 1.18374372 0.944580674 0.830479741 1.3541733
    1.5836705 0.825118244 0.846330225 1.49591529 1.59980726 1.23773801
    1.29319394 1.52606285 1.69626653 1.49556553 0.866108596 0.815583229
    1.57324183 0.898151696 0.998970687 1.76048446 0.938254654 1.4949888
    1.04305732 1.77862632 1.75962472 1.4950062 1.7754004 1.62262893
    1.69762135 1.55285263 0.990910709 1.73301506 0.946371078 0.938324809
    1.29288459 0.799548507 1.48028386 1.60379696 1.45835662 1.19011819
    1.31599224 1.04768455 1.011783 1.57783973 1.0991714 1.47754586
    0.834449947 1.38517427 1.80860353 1.50465524 1.25668144 1.79560745
    1.12779999 1.46755683 1.59266496 1.76542115 1.03188062 1.28185284
    0.90835315 0.863725901 1.0670954 1.60814071 1.26342332 1.32598877
    1.52191949 1.74343705 0.819661915 1.57392359 1.44043565 1.32563245
    0.968359053 1.30202711 0.800413489 1.05377638 0.879376769
    0.879595041 1.71185732 1.34760487 1.28089821 1.09117579 1.41326249
    1.07183802 1.74857628 1.50539565 1.34037316 1.04991889 1.02422416
    0.901475489 1.33765113 0.828443468 1.04665053 1.01282001 0.765918314
    0.920820892 0.463519603 0.53857559 1.16145468 0.989473879
    0.870767236 1.35783219 0.908718288 1.44422925 1.57757056 1.62244689
    0.822785199 0.997789025 0.956011593 1.68833601 1.67721987 1.51157928
    1.5043844 0.973031878 1.66339493 0.946833253 1.5256567 1.05773365
    1.05137873 1.30809402 1.60494614 1.54405499 0.968285501 1.69775724
    1.67983103 1.00468254 1.17107153 0.878774703 1.64307964 1.30371654
    1.24761701 1.57675064 1.18250346 1.43609631 0.808041394 1.31315136
    1.36870909 0.897152364 1.28164077 1.7432524 1.228984 1.27362585
    1.44076514 0.979670703 0.900277913 1.15835857 0.855332136 1.41219759
    0.908114731 0.758621097 1.03372109 0.839680135 1.49721968 1.11833751
    1.11076987 1.03179061 1.22711265 1.69234276 1.37413704 0.986959696
    1.48767865 1.64460599 1.32310379 1.63372087 0.881919324 1.76658249
    1.06941617 1.23985028 1.0793575 1.35610819 1.44835019 1.22339535
    1.10992205 1.19066179 1.33473408 0.9171381 1.14795244 1.17405331
    1.28168678 1.46821177 1.41682935 1.4166218 1.44330049 0.957500219
    1.56532633 1.11671126 1.1823076 1.23259294 1.70058763 1.38753879
    1.03864348 1.76692426 1.55576813 1.3642906 1.6836406 1.64818585
    1.01155996 1.5738852 1.4363637 1.39571393 1.24284494 1.30529058
    1.6853286 1.007882 1.25763035 0.928891361 0.961637974 1.08945763
    1.39660203 1.44103694 1.50588417 1.40429568 1.09796345 1.103001
    0.96723038 1.50075042 1.22170103 0.806227624 1.30239499 1.64345717
    0.881594539 1.57921338 1.28005779 0.909719765 1.71812022 1.54470468
    0.910323143 1.26987517 1.01202619 1.74364889 1.1872406 1.01009786
    0.82257396 1.43469131 1.71013451 1.68426108 1.73100758 1.60274494
    1.57862031 0.841147006 1.13786983 0.918483913 1.59860516 1.58663368
    0.902278304 0.941464126 1.69083297 1.05662394 1.45047379 1.00471377
    1.3994621 1.85148752 1.80171478 1.63569927 1.7104758 1.62231219
    1.4192338 1.01305783 1.55932808 1.5764451 0.998848557 1.41761434
    1.76224124 1.81204641 1.51548731 1.69043553 1.34088361 0.84071064
    0.840910494 1.1027137 1.36571431 1.4771992 1.07823038 1.05139196
    0.904582143 0.957925737 1.39610922 1.52435589 1.43818426 0.80616641
    1.08431458 1.05488634 1.63276553 1.81008017 0.848623693 1.51473117
    1.53381705 0.972451389 1.36348081 1.71549439 0.949033976 1.29671049
    1.59017253 1.22318363 0.925448418 1.1057905 1.04737818 1.04445815
    1.57007432 1.19804525 0.849703252 0.810152829 1.33975267 1.28010488
    1.20089757 0.998145103 1.15241802 1.57231581 1.0766269 1.16542685
    1.76596522 1.19925141 1.69907236 1.66125917 1.31746745 1.50860035
    1.68649757 0.799401283 1.37798572 0.934521496 1.50846231 0.856973469
    1.69703603 1.70153713 1.58059323 1.41046596 0.966085911 1.01132238
    1.04737711 1.02744877 0.800884068 1.07780051 1.41073644 1.10787284
    1.57478034 1.57284272 1.5654372 1.55813849 1.69570386 1.40470874
    1.62065053 1.82352138 1.58861423 1.58211577 0.895686805 1.66895628
    1.4138509 1.38295174 1.23998427 1.14078546 1.30874968 0.670326948
    0.853524983 1.29742014 0.924778879 1.29756701 1.14103389 0.963720143
    0.790250599 0.721025705 1.28086483 0.983740568 1.23681748 1.31594932
    1.25627637 1.1585573 1.55081987 1.50984359 1.3105768 1.39452767
    1.49000454 1.63915813 1.61183333 1.02632391 1.23873246 1.73897398
    1.02952075 1.28329074 1.11721659 1.75280392 1.16085231 1.48193228
    1.69983625 0.97885114 1.15608275 0.842435479 1.4166652 1.32042766
    1.54141915 1.15620399 1.7139492 0.987604439 0.817676187 1.05860841
    1.25613916 1.19827199 1.48812544 1.31245482 1.59267783 0.963150382
    0.785365343 0.968814313 1.63303876 1.33463621 1.10116208 0.973979771
    1.05886364 1.25953865 1.23318589 1.33945739 0.869769096 1.2596693
    0.868168116 1.78475666 0.869075477 1.032547 1.44395614 0.882046461
    1.77788806 1.36404121 1.06702197 1.1276418 1.44704783 1.39156461
    1.24134946 1.17783701 1.11407471 1.69260168 1.12180364 0.809390426
    1.34304309 1.19264138 0.878723323 0.952723265 1.35028636 1.23504281
    1.55597675 0.797263145 1.74685276 1.02187049 1.14966595 0.870211601
    1.59250748 1.72884727 1.20360804 0.896016181 1.3905319 1.01749003
    0.933350444 1.07059872 0.870359242 1.20819378 1.43681526 1.60578012
    1.321522 1.11436951 1.17116201 1.233235 0.853452981 1.48607349
    1.7622335 1.71941328 1.71090138 1.73400414 1.41556084 0.99229598
    1.43029499 1.11383426 1.48927367 1.25002503 1.7008152 1.58308887
    1.57484686 1.21382093 1.23150229 0.795714974 1.711146 0.832018435
    1.30595076 0.879234791 0.902230024 1.512151 1.39736307 1.00460362
    1.35655439 1.27584386 1.07259119 1.33507359 1.42459035 0.95897305
    0.992925346 1.42025137 1.58771217 1.6875118 1.47215593 1.47696376
    1.54612529 1.07665801 1.77793646 1.11107218 1.4459554 1.26321375
    0.92058146 1.23557889 1.79531777 1.60889912 1.76355958 1.23910844
    1.37055206 1.50410676 1.5377506 1.27070701 1.72016966 1.35608792
    1.74047887 0.928105652 1.13840818 1.28188717 0.890770614 1.41491425
    1.55649507 0.899686396 0.900563002 1.34352565 1.68761063 1.40791523
    1.40426612 0.991282642 0.880164087 1.70253468 1.38207829 1.27800441
    0.969438612 0.79469043 1.02816451 1.63938737 1.38113642 1.25417066
    1.68109941 1.62659383 1.34939957 1.75072074 1.06443119 0.785797715
    0.818458915 0.75036037 0.91953218 1.34259272 0.785431683 1.21281219
    0.883856595 1.13050044 1.69721758 1.28616762 1.14303064 1.41601288
    1.12203622 0.825656891 1.01093507 1.11173332 1.27976358 0.995882332
    1.59069014 1.08085513 1.68533027 1.75949955 0.920208037 1.54740298
    1.18799102 1.47157001 0.994297564 1.48928547 0.884519398 0.949500799
    1.44325745 0.80740279 1.35475624 1.11484373 1.79482806 1.45765078
    0.906276047 1.71485317 1.70039845 1.47636783 0.741231263 1.2523576
    1.14881778 1.04206121 1.44417536 1.54824507 1.01233876 1.52345431
    1.02969921 1.83296394 1.45586431 1.80914557 1.31886399 1.47308767
    1.74340129 1.55867898 1.44003272 1.59852445 1.47156501 1.2560997
    0.717714548 0.974294126 1.30148637 1.38944304 1.31145608 0.72164017
    0.719156027 0.613096535 1.32145512 1.33799207 0.92442441 1.05522537
    1.60586572 1.33233762 1.35034895 1.19443929 0.978094399 0.825822234
    0.968385875 1.03841293 1.30621517 1.75597608 1.79651332 1.79389548
    1.80561447 1.42798293 1.41058791 1.3942616 1.01398861 1.2900604
    1.64386404 1.29036224 0.978241324 1.38385594 1.08763289 1.795614
    1.37267101 1.64710915 1.41731131 1.43705297 1.16985142 1.79689848
    1.48814654 1.4762938 0.960973322 1.31740487 1.28103018 1.1700151
    1.78150392 1.59262967 1.01447928 1.10651231 1.63474774 1.091874
    1.45005369 1.47691703 0.886125028 1.06420541 0.76138705 1.64343333
    1.34370995 1.39881849 1.05204606 1.75080013 1.63213146 1.46242869
    1.68006647 1.10347641 1.1289469 1.28650022 1.42750883 1.31144583
    1.69327891 0.922104299 1.65326202 1.11180699 1.69875193 1.15983844
    1.28581989 0.898926497 1.2476176 1.36339045 1.53300703 1.20023167
    1.75805151 1.54273474 1.04014266 0.986652434 1.51496565 1.61956656
    0.933849216 1.53978002 0.898910165 1.08372462 1.32103646 1.12760794
    1.44139934 1.17119133 1.65647161 1.7327199 1.09954667 1.55612147
    1.23924124 1.1481359 1.79199493 1.15833962 0.921631753 1.63921654
    1.07032275 1.38691163 1.11524224 1.18394673 1.40226698 1.01018548
    0.847884417 0.861622214 1.13490665 1.00591123 1.1166333 1.24882185
    1.39815164 0.890459657 0.740367651 0.74989754 0.967566371
    0.802213192 1.10498261 0.911272407 1.62577808 0.858529568 1.53005862
    1.00353026 1.45292079 1.33083558 1.47268522 0.894641876 1.21156418
    1.60383856 1.77293134 1.65094852 1.73452413 0.814699054 0.977939606
    0.914987445 1.24598968 0.844357431 1.12280631 1.72385478 1.3193574
    0.902341902 1.50364971 1.28926218 0.887567818 0.900735736 1.62469316
    1.29191625 0.845362723 1.73657036 1.43058765 1.67267346 1.61635709
    1.26300156 1.49108481 1.06196094 1.26701295 0.840447128 0.843206108
    0.976566553 1.78063309 1.37567389 1.77437532 1.08338368 1.77784097
    1.44207346 1.53377092 1.51482177 1.56419098 0.863180816 0.932568192
    1.04122663 0.855281413 1.41041875 1.02201068 1.01864612 1.62653947
    1.30944455 1.02896476 1.5764159 1.28705764 0.959923327 1.2109158
    0.782660127 1.09748232 1.32258213 0.882957816 1.0546062 1.68071473
    1.0491004 1.54121172 0.825578988 1.2878381 1.31142902 0.856870294
    0.765854836 1.11108077 0.776405513 1.11581492 1.41409993 1.50330174
    0.764312267 1.26880789 1.14754033 1.38835275 0.951087654 1.25860572
    1.17857146 1.06571805 0.85771215 1.33965695 1.03956616 1.59596395
    1.69588172 0.846119523 1.05943429 1.34196842 1.50446868 1.66755915
    1.60008705 1.27969289 0.878699243 0.872788548 1.01712191 1.24549472
    1.14592242 0.779215336 1.15107656 0.989956796 1.46164978 1.46954155
    1.14411962 0.919136226 0.950616598 1.27439928 1.23587739 1.46482241
    1.24029386 1.76934171 1.39212525 1.01201046 1.4715873 1.20629334
    1.77327633 0.977677822 1.50244868 1.33867359 1.29458976 1.23054719
    0.907492816 0.992852151 1.46127832 0.958629847 0.503582478
    1.03056967 1.05729377 0.762264967 1.01452005 0.921080947 1.52684462
    1.17555606 0.749612987 1.65621936 1.29238427 1.48315835 0.868572712
    1.74476123 1.4313513 1.78469515 1.74194467 1.20495343 1.55471921
    1.18426025 1.06026053 0.962912917 1.66760552 1.51936769 0.86561197
    1.4376781 1.60425758 1.81637931 1.74232495 0.968354344 0.962993324
    1.48133314 1.31215656 1.59823513 1.19270658 1.07431412 0.972225308
    1.57416511 0.968930662 1.6468488 1.17189348 0.862469077 1.08365142
    1.30601251 1.51000249 1.46628284 1.29166472 1.2689507 1.17286837
    0.908320844 1.67193615 1.20219934 1.46180594 1.7054956 1.26940048
    1.44686842 0.822257578 0.824852169 0.937135458 1.63357711 1.5638808
    1.04872262 1.64484334 1.49672508 1.75596249 0.917327821 1.60004449
    1.33765411 0.892886877 1.12073791 1.78383279 1.7390852 1.34010136
    0.990639746 0.843372822 1.55261874 0.968106329 1.01135623 1.33817732
    1.50431144 1.09367955 1.2377671 1.44471335 0.836203575 1.10442662
    1.37842965 0.830333591 1.76333976 0.985324562 1.2088207 1.7334609
    0.982756376 1.38930607 1.10164464 1.51814485 0.976259828 1.76746309
    1.67616427 0.953021049 1.36901915 1.36989546 1.68228865 0.908890605
    1.36030126 1.67324245 1.70823073 1.71012008 0.806523681 1.16004384
    1.15453744 1.51719463 0.967836618 1.54712343 0.986917675 1.44471705
    1.41674972 1.2840451 1.60113943 1.50894868 1.45302629 0.829130471
    1.48355389 1.72002566 1.21461129 1.21711016 1.75784075 1.54668713
    1.12767148 1.45292211 1.00791848 1.28670239 1.48819768 1.49146128
    1.44720328 0.928226233 0.917221367 0.831102669 0.956146538
    1.12929392 1.31999159 0.869409263 1.73771369 0.882096529 1.21118045
    1.51843572 1.58721721 1.69295299 1.45239449 1.49824929 1.24880278
    1.67180741 1.76614451 1.21708322 1.09859264 0.917692184 1.54978454
    0.991513431 1.37461138 1.52728331 1.43942845 1.08968675 1.26279879
    1.65796781 0.906846821 0.910141587 1.29605556 1.21037006 1.05431426
    1.37280989 1.16522944 1.38349557 1.23332274 0.983900964 1.03668869
    1.04128265 1.63282979 1.35331178 1.69334793 1.3065654 1.42343736
    1.54274964 0.802852511 1.61509514 1.02213264 1.14424431 0.845286131
    1.07003331 1.44118428 1.6768738 1.57578135 0.803823531 1.24216545
    1.06450605 0.799254715 1.67471218 1.71228778 1.12705541 1.60696411
    0.725720704 1.61006343 1.10305321 1.05957484 0.820885956 1.24971104
    0.852546215 1.46129501 1.55325878 1.16727054 0.952178538 0.789238453
    1.40835452 1.36105585 1.55558395 1.02245677 1.60016322 1.57507682
    0.922583878 1.57723856 0.991801381 0.799122572 1.48006797 1.72978032
    1.68001807 1.45047617 1.30579627 1.73547244 1.06737494 1.61025608
    1.06201231 1.19174266 1.37184012 1.18141925 0.92658174 0.823889554
    1.7222091 1.26390791 1.21602643 1.60061002 1.30655468 1.64489341
    1.35673499 1.66171002 1.65166748 1.32283294 1.00477529 1.42919636
    1.06588113 1.59075677 1.19453979 0.923098266 0.949161768 0.973567665
    0.997656107 0.887578845 1.06190038 0.936375618 1.2154696 1.47419071
    1.00880241 0.886094689 0.788894355 0.782525182 1.0220567 1.25456738
    1.30874884 0.880480587 0.787855327 1.09959316 1.15252006 0.864370763
    1.47965777 1.60735953 1.45156205 1.13066852 1.48577309 1.01216078
    1.44376135 1.24886763 1.54991603 1.7141614 1.0967077 1.18804967
    1.33476651 1.15810788 1.46557593 1.31149673 1.19944918 1.29579639
    1.76535761 1.79568553 0.983893752 1.63497901 1.46464264 1.70145214
    1.04459095 1.41216445 1.42005265 1.61205602 1.07920635 1.39569986
    1.21140671 1.65870726 1.49711967 1.61380517 1.62523377 0.762985885
    0.917000711 1.29032314 1.01487648 1.19343376 1.42201579 1.65047693
    1.14844942 0.937402129 0.818361104 1.69575441 1.22731066 1.52032804
    1.70991969 1.47273064 0.977867484 1.24439776 1.27128017 1.64368629
    0.949257255 1.68447196 1.58365166 1.1135397 1.57143295 1.63084197
    0.841189921 0.877694368 1.3241179 1.33675635 1.76834786 1.7892766
    1.54054737 1.42850316 1.33275986 1.43444943 1.76766384 1.6457684
    1.6779995 1.40635824 1.10754275 1.42675483 0.955906034 0.844872355
    1.10396481 1.53119278 1.78042114 1.12843442 1.21858728 1.22844768
    0.922259867 1.38766611 1.23284626 0.871209085 1.25263131 1.61709678
    1.64608681 1.60058475 1.69654226 1.06868076 1.36105824 0.797335744
    0.889496386 1.16185069 1.1871146 1.58973217 1.23429775 0.891574919
    1.58574021 0.743358076 1.64773214 1.06206143 0.954668522 1.37822533
    1.28075576 0.805037439 1.69589293 1.54562926 0.943248928 1.2417202
    1.74747694 1.03787839 0.947683036 1.65161586 1.52963793 1.07176125
    1.37932277 0.844712496 1.26063156 0.931699693 1.13006628 1.07659674
    1.01580787 1.4930023 0.865757287 1.17078888 1.46770918 1.48884118
    1.79024518 1.55691946 1.79572284 1.47949815 1.69594908 1.56104159
    1.34505391 1.30578971 0.920663238 1.04785228 1.12380242 1.3132937
    0.877289474 1.54091704 0.983118534 1.6814605 1.49657917 0.98506707
    1.13666737 1.4914546 1.37423933 0.988041818 1.44874346 1.21020269
    1.19442296 1.73741364 1.52677655 0.773942769 0.821397483 1.71839511
    1.3177824 0.847920537 1.06314707 1.38655627 1.08399069 1.67326915
    1.63948154 1.74251783 0.872761369 1.17389321 1.60286772 0.761747003
    0.938648462 0.841192722 1.08718765 0.863913894 0.924062908
    1.34451783 0.95033884 1.38453507 0.945367694 1.16910875 1.39289117
    0.776610315 1.55483067 1.41009212 1.0807358 1.37213671 0.982629538
    1.61079752 0.720463932 1.55605996 0.945775509 0.919351518
    0.799652278 0.849989235 1.36760128 1.77940071 1.50301039 1.45867264
    0.95158875 0.875770867 1.41022253 1.72188699 0.972495139 1.51098824
    1.12487519 1.1515404 1.05524218 1.09448874 0.775877953 0.904288888
    0.756181777 1.05881798 1.27190983 1.04306877 1.27012861 0.961494446
    1.59136522 1.63881779 1.75618374 1.08231521 1.08308041 1.37831891
    1.36358142 1.10412467 0.880110621 1.77796292 1.35734212 1.75521863
    1.51156735 1.0570209 0.828634739 1.6819253 1.38960445 0.978074551
    1.24858725 1.44248962 0.90462923 0.833648682 1.09384048 0.696418643
    1.52572203 1.14139533 0.745036483 0.883423686 1.46893811 1.35750866
    0.922380745 1.05367458 1.01615202 1.71879876 1.05995977 0.851180196
    1.258232 1.79264522 1.82691491 0.89763999 0.838809133 0.815248847
    0.995992601 1.79243052 1.02431202 1.63491273 1.20789599 1.72093976
    1.66694605 1.06652427 1.18026578 1.41892397 1.29520106 0.985127747
    1.08965003 1.35922837 1.12418497 1.7871263 1.63959515 0.999734998
    1.28651726 1.10121703 1.09993517 1.01787663 1.32136321 1.61560249
    1.26918662 1.21831298 0.878213465 1.23476493 0.81842804 1.20261264
    1.12960386 0.849995315 1.14952397 1.50306273 0.867487729 0.889980555
    1.51226246 0.745144606 0.771470308 1.07529604 0.876014352 1.70374966
    0.950436592 1.52951944 0.890530825 1.23433137 1.49570656 1.1944046
    1.35310483 1.08810914 0.846262515 1.42025661 1.43791854 1.06865394
    1.7389344 1.25280046 1.38168919 1.25731373 1.2130425 1.31014013
    1.58291423 1.52707231 1.65030968 1.13652611 1.28923583 1.10794711
    1.76021862 1.25718462 1.21323991 0.861245394 1.52993846 1.17915821
    1.43262649 0.838968813 1.7307905 0.836935222 1.18640518 1.39482081
    1.26952136 0.983999014 1.28261483 1.34264672 1.79180861 1.05571628
    1.8011868 1.67271793 1.34915352 1.47780252 1.58024538 0.974116743
    0.928419471 1.14852953 0.830386102 1.48504734 1.4700377 1.06356645
    1.00583756 1.199682 1.39392233 1.25356293 1.23213577 1.24049401
    1.29070842 1.31948376 1.52938187 0.928224385 1.00844646 1.65651512
    1.75362182 1.79640937 1.22567117 1.58969855 1.26048243 0.867470562
    1.48506761 0.907370567 1.17043746 1.2368778 1.72232795 0.792356312
    1.28695416 1.47335267 1.50435197 0.909733951 1.37903261 0.960109234
    1.68424225 1.34242702 1.43758619 1.33347523 1.33392572 1.11172009
    1.23268306 1.66107607 1.1328367 1.0306561 1.41908741 1.70353305
    0.996253133 0.948780239 1.07982838 1.70370829 1.15795195 0.897651315
    1.61179817 1.47097445 1.41697335 0.880380571 0.990941226 1.76021433
    1.76415443 0.859147906 0.961912036 1.00688291 1.36057198 1.42990506
    1.55754137 1.2045213 1.11628592 1.60282004 1.15020895 1.28623641
    1.50752079 1.02684033 1.2170223 1.28437948 1.29305375 0.855618536
    0.782652915 1.59253347 1.04491413 1.48534393 1.27337921 0.776256263
    1.66579854 1.68219197 1.03227067 0.78134954 0.913895011 1.08081901
    0.926096022 0.951686502 1.4221437 1.56642532 0.74304533 1.22577596
    1.4033004 1.21917653 0.716899872 1.52162802 1.730847 1.53331792
    1.46035016 0.932997823 1.35106933 1.15074348 1.33445263 1.16336417
    1.54523218 0.89820224 1.22182727 1.0789361 0.876040399 1.11271834
    1.67877018 1.01751351 1.41478252 1.0011009 1.18424785 1.29180467
    1.03405607 1.74329174 1.50281179 1.60769546 1.68513215 1.57177579
    0.910227001 1.74330866 1.238554 1.32217574 0.961479008 1.69547772
    1.03681362 1.29911566 0.915786743 1.34763372 1.10378194 0.945313156
    0.845842898 0.871881187 0.895625949 1.55357981 1.6527034 0.798922122
    0.737215638 0.851461411 0.454409331 1.26030838 1.0736742 1.24421883
    1.40746653 0.890684485 1.05931711 0.866033375 1.12014365 1.42723286
    1.14490771 1.55450034 1.18534672 1.16703832 1.43486583 1.30555487
    1.14955592 1.02953577 0.972137392 1.79894352 1.22217011 1.51294851
    1.6838131 0.965986788 1.27355945 1.40652037 1.74729502 1.65901959
    1.25515294 0.825851917 1.41471136 0.973927259 1.16409135 0.956710339
    0.820216477 1.60182726 1.2201277 1.36218488 1.54078341 0.931159317
    1.7076534 1.03777635 1.47501123 1.18926966 1.80629241 1.0334239
    1.19855261 0.954479337 1.47946608 1.50383198 1.60012186 0.972953796
    1.19870937 1.28674901 0.723645806 0.965177238 0.884970605
    0.723389149 1.06219471 1.5079807 0.75567174 0.775854766 1.72608602
    1.0594902 0.960347235 0.831653059 1.18714094 1.4016906 1.65893245
    1.32241976 1.28115654 1.22101092 1.33321607 1.1778264 1.5003475
    1.29029906 1.23862123 0.899098694 0.97888726 1.5621202 1.44511521
    1.34376299 1.33832264 1.11189795 1.643381 1.4296242 1.04059958
    1.8355813 1.57933509 1.02280045 0.934361517 1.38167608 1.57845819
    1.74814773 1.45973897 1.01442373 1.64786291 0.806686342 1.6028595
    1.48942935 1.24171841 0.932505131 1.04429805 1.75418746 1.51240385
    1.80183029 1.16951883 1.3071233 1.29147208 1.13428259 1.00858998
    1.40622878 0.746495783 1.56678653 1.26878345 1.042943 1.38921106
    1.14603996 0.839462638 1.50154757 0.836841345 1.05044436 0.762373567
    0.777885437 1.26371384 1.6520375 0.954393923 1.01808226 1.04370868
    1.48886347 1.11778259 1.61431646 1.7100656 1.16502595 1.44716299
    1.68265331 1.62615299 0.830423534 1.44573939 1.52259994 1.34326899
    1.35107327 1.6615169 0.832596958 1.01679611 1.77047598 1.16016746
    1.31485629 1.32129693 0.897969961 1.71565807 1.44784141 1.44617808
    1.16148627 1.24835014 1.22403169 1.34749508 1.68915689 1.47673821
    1.40488577 1.69590116 1.60018218 1.39982665 0.816841245 1.20765936
    1.44239783 1.75500238 0.835142195 1.40846825 1.76794124 1.64527214
    0.978453279 1.78808212 1.56528008 1.48610246 1.47876394 1.29916406
    1.08500886 1.50371027 1.20582008 1.50575948 1.30451357 1.54406166
    1.75075626 1.26730931 1.11102092 1.45131099 0.811248779 1.31824648
    0.884791553 0.844320416 1.01173532 1.18342495 0.818452179 1.2842555
    1.40305889 1.69524467 0.804641664 1.66367495 0.712987781 1.52438164
    1.01942062 1.10400903 0.896296263 1.26671565 0.757638812 1.3156383
    0.943552375 0.844638526 1.22665441 1.34183574 1.70815146 1.15534806
    1.727314 1.48509562 1.45148218 1.27478206 1.48065329 1.04915857
    1.64459455 1.52750731 1.21851647 0.867375076 1.00995457 0.846721053
    1.38254511 1.51631367 1.0548377 1.43383813 1.64308739 1.69392157
    0.944589674 1.01421726 0.846499443 1.23716033 1.14459002 1.04988301
    1.73395789 1.38982165 1.40624654 0.944227517 1.66069329 1.76821089
    1.33446491 1.49287128 0.800695181 1.37324631 1.59113729 1.30523646
    1.41975534 1.65846908 1.57415676 1.29882431 0.680786133 1.05999291
    0.798345923 0.590811729 0.902051687 1.34512711 1.34531343 1.6012876
    1.08263636 1.08520389 1.06418979 1.52736044 1.60088456 1.70858645
    0.918530524 1.62364054 1.75609314 1.43921566 1.50080609 1.16012692
    1.46835661 1.35115469 1.48749793 1.35611296 0.910528362 0.921250641
    1.31007242 1.30541408 1.44449663 1.1224016 1.71583545 0.936599553
    1.71643305 1.09642661 1.16106761 0.81153959 1.65286303 1.6627413
    1.77267933 0.854142725 1.25091362 1.64751196 1.65143502 1.36028886
    1.11730456 1.62445796 1.29293633 1.40651488 1.57510638 1.14862144
    1.50724006 1.18758571 1.46581566 0.980616033 1.30031955 1.13024235
    1.67941022 1.28489149 1.46049953 1.13921404 0.707131386 1.04223025
    1.67322314 1.13080776 0.767740905 0.765374303 1.26017058 1.11701047
    0.93325752 0.77734226 0.788106143 1.15180159 1.5809058 1.23413122
    1.67348588 1.14787924 1.21781397 1.27022111 1.17875469 1.52591372
    0.845843732 1.1437602 1.16568995 1.30459142 0.954241276 0.965616703
    0.951282084 1.59278953 1.05825531 1.8417455 1.8054651 1.81004405
    1.83267415 1.089257 1.13534129 1.48732984 0.980029464 1.25621068
    0.894175887 0.902173579 1.11185682 1.53729737 1.26264369 0.916799188
    1.08121765 1.26100814 1.08572721 0.973633289 1.26069605 1.28653395
    0.962190866 1.00953722 1.07326663 1.71824312 1.38901043 0.949544787
    1.20241988 0.904262424 1.2662406 1.17735457 1.26631999 0.75545615
    1.18288493 1.33762741 1.54190314 1.29075491 1.34939992 0.857488215
    0.927663147 1.68376708 1.55407393 0.838013947 1.30031645 1.68317282
    1.61936402 0.926088452 1.23425305 1.01330602 1.03442311 0.98429656
    1.31286597 1.69656861 1.52866197 1.60157144 0.805860221 1.49836802
    1.02012491 1.63142931 0.82811147 1.48132312 1.29633594 1.36643481
    1.62014639 1.48030043 1.22943079 1.15523851 1.66511655 1.56799662
    1.08780277 1.33989227 1.04617107 1.1134907 1.56461895 1.77871644
    1.28536892 1.09914815 1.3507899 0.841206491 0.936819494 1.80603826
    1.11311722 1.49225068 1.04641128 1.75355816 0.854222596 1.2747972
    1.00338602 1.22402334 1.31619585 0.950395048 1.10206211 1.12363338
    0.905347884 0.953551054 1.76262307 1.50089383 1.23533618 1.5111922
    1.42077649 1.32459116 0.833493412 1.1296941 0.738807857 1.71574092
    1.5009371 1.22785127 1.53193974 1.51591837 1.48395133 1.44985306
    1.01291394 1.27080631 0.988408208 0.815859795 1.02940536 1.37615585
    1.09368718 1.22158659 1.22263157 1.21604753 1.41735733 0.74279052
    1.0162133 1.21282196 0.751245201 0.950574577 1.18112195 1.60000277
    1.54753137 1.51906705 1.54243338 1.67359889 0.883432508 1.32648313
    1.23415136 1.24403238 1.37846458 1.37624443 1.34892368 1.42233884
    1.29265237 1.26008427 1.07393003 1.32054651 1.47139287 1.06640959
    0.992090344 1.0352546 1.47516692 1.45396602 0.96325618 1.24078155
    1.22588634 1.8117826 1.52356672 0.903676093 1.56773126 0.92002964
    1.58859348 1.23569345 1.47517467 0.870307982 1.17124915 0.794505358
    1.06127536 1.07743573 1.20875144 0.651346922 1.04402435 0.549571097
    1.38318622 0.987915337 1.16850245 1.17830062 0.807283401 1.26502025
    0.784325719 0.769233525 1.5302732 1.49141037 1.2321831 0.897514582
    1.25612283 1.52931452 1.40301037 1.35490704 1.37776864 0.941967547
    1.15188003 1.14815927 0.835472226 1.75314021 1.31394923 1.80513501
    1.4733243 1.45846927 0.98282975 1.53227365 1.79239714 0.90110743
    1.41919088 1.54274142 1.71196878 1.37027693 0.969790161 1.66905284
    1.23912728 1.75824487 1.4402827 1.6055994 1.69633949 1.55929959
    1.03225327 1.49558222 0.994877219 1.69252074 1.2206614 1.04436183
    1.56739783 1.72065306 0.762358308 1.07956505 1.20946133 0.865656674
    1.66544735 0.712970078 0.982101798 1.26568103 1.5678035 1.15215945
    1.45697224 1.67988217 1.44626844 1.23558092 0.818067193 1.36703908
    1.09766567 1.32553995 0.948593497 1.63100088 1.61315715 1.61125958
    1.31998873 0.973720908 1.37375712 1.78129828 1.29307377 1.72855663
    0.980500638 1.15591288 1.44067514 1.55031431 0.977501512 1.57432234
    1.37134743 1.63165796 1.52837348 1.51462734 0.940697551 1.2397753
    1.1193068 0.936702788 0.969590604 1.21833336 1.69448793 1.64205563
    1.72743106 0.938339651 1.42255902 1.50878465 0.917274535 1.01075125
    1.69080544 1.48219407 0.951306462 1.51586306 1.09288967 1.07205355
    0.978237629 1.60762775 1.59992003 1.10272706 1.24796176 1.09571886
    0.78332001 0.91279757 0.808491886 0.967853785 1.38330543 1.25068498
    1.4962846 1.49277353 1.06660998 0.9618572 1.03109729 1.37102544
    1.3184396 1.74580634 1.61265242 1.64599192 1.37261796 1.1425153
    1.25531971 1.51456463 1.1546427 1.24408329 0.887234628 0.924927831
    1.06532729 1.2238934 0.96354717 0.82064718 0.867030144 1.53778362
    1.27569532 0.867988884 1.46967125 1.56034243 0.984675705 1.70732057
    1.75862694 0.932007253 1.28238618 0.854923368 1.09077835 1.72790122
    1.35685587 1.45581126 1.16753268 1.3834039 1.13146877 1.72085655
    0.85155797 1.63117278 1.50567472 1.74278069 1.05581558 1.78608847
    1.23459315 1.70708919 1.46040845 1.16966772 1.2283963 1.00765133
    1.06315279 1.44085419 1.23365271 1.16249549 1.1409843 1.44208193
    0.921682179 1.52900958 1.08890474 1.70690465 1.10675788 1.16582227
    1.48830473 0.993831277 1.50717771 1.08237946 1.68456483 1.30066216
    1.40851951 1.62595773 0.95415765 1.66320825 1.43383932 0.808300734
    1.21648908 0.681282222 1.30154228 1.45295465 0.831689119 1.09977019
    0.865005732 1.53466237 1.01145291 1.11428571 1.42729354 0.822273552
    1.23137093 1.38305604 1.21600056 1.2743994 1.16409338 0.80057615
    1.63951564 0.986706078 1.49294984 1.21492314 0.997795224 1.05755579
    1.70783508 1.69178665 1.66759098 0.883072793 0.786668122 1.00838697
    0.97441256 0.874091744 1.69521856 1.71617889 0.79455483 0.806207836
    1.1876775 1.53933525 1.38382089 1.43179357 1.03711295 1.57684445
    1.19231188 1.45846152 1.40502119 1.2472167 0.923466444 1.15082169
    1.64103281 1.1906333 0.776953578 1.60912395 0.91063118 1.05299497
    1.57702398 1.01319182 0.520464599 1.0868969 1.25717914 0.861727357
    1.31942701 1.68814003 0.802645087 1.5098002 1.16618013 0.869218528
    1.58312702 1.30925488 1.19260871 1.4207952 1.62883627 1.40674698
    1.15842772 1.76444089 1.77013063 0.995131493 1.01923645 1.48806202
    1.5663923 1.36832142 1.638834 1.0181433 0.941246152 1.34333003
    1.22217274 1.02400887 1.53853083 1.09856761 0.897262216 1.64870822
    1.79378068 0.837953985 1.15875101 1.10964167 0.873031199 1.61307871
    1.16480672 1.65705109 1.44554782 0.9348014 0.943966448 1.66687167
    0.943696976 1.07505012 1.56870389 1.71846747 1.20286536 1.48673999
    1.25073314 1.37606239 0.789306283 1.37978995 0.754455328 1.03474903
    1.23066318 1.63471246 1.58129406 1.57524574 1.17053807 1.56396222
    1.5801146 1.11187124 1.58268869 1.61033738 1.69434774 1.35515213
    1.21500254 1.47858703 1.83516407 1.2106477 1.7827239 1.49344862
    1.19913328 1.11381257 1.64992607 1.06915832 0.891703427 1.05048776
    1.49865484 1.54496741 1.79840064 1.25697649 1.39727592 0.847108603
    1.27011728 1.15434384 1.70030618 1.78581893 1.25693381 1.69963372
    1.07615519 1.66261744 1.72913039 0.940265596 0.849997222 1.69137633
    1.2865032 0.833811939 1.61355138 1.75325108 1.55907679 0.96295315
    1.53866923 1.37064409 1.16637027 1.44516373 0.819952548 1.43184566
    0.880581975 1.58280194 1.2003423 0.868057668 1.61353219 0.877144158
    1.13435102 1.4430021 1.02071822 0.875247061 1.58030665 1.4701153
    0.955346644 1.57229948 1.09145391 1.53758907 1.59849167 1.09418058
    1.40021265 1.71979392 1.13270342 0.966845155 1.49463618 1.64840746
    1.31789982 1.07590449 1.72949183 1.44745541 0.990973771 1.31196141
    0.839383066 1.16169131 1.22187829 0.981522202 1.20313764 1.04623032
    1.60080993 0.874592423 1.09092116 1.22495413 1.58147526 0.921261072
    1.1393348 1.67368829 1.07087922 1.28585827 1.43386912 1.67579353
    1.28223276 1.5950278 1.46141529 1.58264947 1.38806236 1.6207577
    1.74355721 1.32356381 0.998325527 1.76494277 1.71539354 0.944280386
    1.21146691 1.47199953 1.70859933 1.16481078 0.793163717 1.63002038
    1.33130765 1.52817667 1.58044553 0.814024627 1.5340904 1.2930069
    0.851781905 1.05861592 0.936958432 0.783307195 1.43184817 1.73327267
    1.10798323 1.17277491 1.33487201 1.46936977 1.61995101 1.55798423
    0.740977943 1.38607085 0.684072077 1.14036727 0.67989105 0.913329601
    1.4563396 0.757731497 1.47101438 1.10045326 1.6613543 0.880996466
    1.6250093 1.19095802 0.826800108 0.736825466 1.1053232 1.13648391
    1.50285268 1.23768282 1.51084995 1.09576678 1.11190176 0.877637386
    1.12387371 1.43268812 0.982802927 0.740574896 1.44510734 1.10521662
    1.47103858 1.19379139 0.917922974 0.976268113 0.764031529 1.54020655
    1.2703048 1.61365998 0.996011496 0.830831766 0.919255376 1.17039645
    1.4688077 1.03654015 1.6433661 1.11210608 1.46701086 1.81998742
    1.54652381 1.1921581 1.34509039 1.33298528 1.72569299 0.984477878
    0.755417883 0.902402103 1.08807945 0.722987354 0.957901537
    1.27123106 1.13479042 1.00414574 0.799722016 0.974496067 1.46793473
    0.810843766 1.00280929 1.58398604 1.26190841 1.46436119 1.22395253
    0.902420104 0.892164171 1.68625855 1.62033868 1.24548924 1.03218782
    1.26415229 1.46723008 0.921230197 1.42846096 0.842288613 1.36385489
    0.985290289 1.43430316 0.795924008 1.10003519 1.17190289 1.75888491
    1.66848707 1.22786808 0.992243946 0.800333381 1.13969994 1.29791403
    1.5094583 0.843955874 1.41631114 1.40266871 1.13910007 1.00651801
    1.21577585 1.10833859 1.17073333 0.975931108 1.63859475 1.00007963
    1.2455157 0.741177142 0.931790054 0.782535672 1.19758546 1.14693213
    1.37521279 1.05252659 1.1679213 0.752562761 0.770860255 1.09197009
    1.13937247 1.04253483 1.610888 1.07606065 1.44185162 0.888711095
    1.37674081 1.12032259 1.67674422 1.07261717 0.979771674 1.18815291
    0.975082874 1.72314692 1.35723495 1.79134035 0.934803903 1.56457925
    1.74235618 1.74699724 1.37946272 1.44021237 0.902354062 1.58624899
    0.888912499 1.36559737 0.988372803 1.67113125 1.65368879 1.55522883
    1.53138542 1.6924721 1.02079678 1.73445463 0.975498199 0.850428998
    0.951694608 1.29145896 1.30790937 1.00172067 1.54147565 1.02279091
    1.10878789 1.35183346 1.38106084 1.10740328 1.124493 1.44090712
    0.910212338 0.792880237 1.38828325 1.31137216 1.71838486 1.41022265
    0.801035225 0.999855042 1.31957781 1.08248806 1.02405179 1.57152057
    1.14982069 1.08933461 0.768072546 1.07013357 1.34243262 1.17523456
    0.765582979 1.50364184 1.06021881 1.0242182 1.16876554 1.17752624
    0.84599036 1.29060304 0.852565706 1.03474009 1.62490785 0.986251473
    1.54707551 1.10443032 1.64587677 1.17964244 1.31900537 1.23897111
    0.903579116 1.14955366 1.48497367 0.934793234 1.29424965 0.84640789
    1.1377598 1.75848949 0.852917969 1.37888515 1.10723448 1.68806303
    1.15549183 1.01413167 1.08342552 1.0186559 1.11836314 1.02522886
    1.5018996 1.76933146 0.928969562 1.25339508 0.997867107 0.837741375
    1.15874898 1.15242982 1.44846904 1.68792069 1.43373823 0.930906773
    1.36578321 1.03523171 1.50816262 1.16158926 0.873731017 1.08582973
    1.6165483 1.71579576 1.49258626 1.52129042 1.39095402 1.73598731
    0.805378556 0.767050266 1.43544054 1.30627871 1.09133911 0.821919143
    1.48200846 1.0661422 1.32563567 1.18214715 0.947864711 0.980068564
    0.710284114 0.895239234 0.643266082 0.866607606 0.702031791
    0.966730714 1.54723585 1.56049514 1.49796712 0.942813277 1.44674277
    1.16269934 0.991216362 1.00005293 1.20809293 0.8213889 1.44512343
    1.32478714 1.55546987 1.08233893 1.4430114 1.64342928 1.10732508
    0.862177014 1.14790249 1.1759491 0.851280272 1.47892988 0.906571507
    1.18434119 1.48034394 1.4709866 1.26216114 1.68369102 1.35773873
    0.774122477 1.45730722 1.03004611 1.2786814 1.47264171 1.38188088
    1.14903307 1.01537013 1.55447733 1.5796268 1.71786964 1.74647832
    1.15783823 1.36599445 1.15609181 1.12280405 1.40584016 0.966518998
    1.00424564 1.1333406 1.03945017 1.52190506 1.17765462 1.1042155
    0.856710076 1.31560409 1.35970891 1.45319664 1.40851474 1.11742938
    0.893561423 1.37289262 1.20078421 1.36132801 1.47142673 1.06729209
    1.50517058 1.52332163 0.853043854 1.28636491 1.01366603 1.11646175
    1.45558512 1.54867744 1.74887204 0.805850446 0.966786146 1.57295763
    0.950392067 1.23580325 1.53981876 1.12166977 1.07149887 1.22689617
    1.57035196 1.61051059 1.76192176 1.73012137 1.73424089 1.06262267
    1.42356658 0.906572282 1.17769432 1.22299993 1.56090677 1.64058638
    0.856328726 1.15294564 0.75670445 1.11394942 1.55484295 0.806548774
    1.20599377 1.42322969 1.53452384 1.3103435 0.741122007 0.805388093
    0.835825801 1.01727223 0.680147052 0.87536037 1.37872577 1.29715919
    1.18514168 0.923596025 0.785512924 0.989493668 1.61304784 1.42666972
    0.94540441 1.22909486 1.23237646 1.00346315 1.4870919 1.45928538
    1.28287935 1.72526431 1.03582811 1.53158236 1.79599619 1.71828008
    1.68448269 1.12749219 1.20929456 0.727498293 0.766690433 1.70908439
    1.13399613 1.63226378 1.58466995 1.02347672 1.61778235 0.871329904
    1.43382215 1.64949429 1.43934453 1.22127211 0.832709789 1.01204789
    1.07562625 1.53586364 1.2845031 1.00791609 0.879033685 1.67461705
    1.15444648 1.59853923 1.4610554 0.857515812 0.991654754 1.26710439
    1.40329599 0.839666009 0.860786736 0.813254952 0.738419712
    1.00322473 0.780758202 0.821272194 1.34420002 1.56853437 0.713634431
    1.29496694 1.533687 1.17100203 0.730261505 0.9527933 0.88225174
    1.4607439 0.96195215 1.3807205 0.930099487 1.4408623 1.22738504
    1.04098976 0.805790305 1.35330319 0.901237905 1.01207781 1.11618018
    1.52970052 1.68447232 1.420241 1.68142426 1.66373682 1.38365579
    0.887325943 1.5584904 0.996744871 0.770491302 1.68091893 0.789868057
    1.67212582 1.22886419 0.806394458 1.52928782 0.771870136 1.49589431
    0.860186279 1.65320814 1.1522547 1.52126133 1.2531693 1.29854476
    1.40434206 1.12192082 0.752941549 0.814532399 1.3623513 1.04085457
    0.903655529 1.11263037 0.854151547 0.906281292 1.13796806 1.28124869
    1.28668201 1.32001686 1.30414844 1.61706102 1.21814942 1.72190917
    0.972895026 1.62106586 1.40987241 1.30828989 1.66944432 1.3649869
    0.831120789 1.42287409 0.975889504 1.63633537 0.839885175 1.39581525
    1.66823459 0.909384429 1.59048808 1.16577315 0.867170036 0.791885257
    0.837646067 0.738009155 0.69642365 0.810065627 1.05542612
    0.824748456 1.09413445 1.32944381 1.55340195 1.35198247 0.771518767
    1.41157031 0.785306871 0.751469433 1.53379786 1.03053701 0.734150171
    1.03697765 1.59982824 0.739996731 1.69729781 0.885383368 0.757471859
    1.05663085 1.50684273 0.824915767 1.47601259 0.750227273 1.05630267
    1.25980854 0.687681973 0.882420421 1.63254714 1.19178784 1.12605596
    1.33828223 1.15956879 0.808946729 0.767043889 1.1463356 1.08949685
    1.04195333 1.55451274 1.39351237 1.16504014 1.6191889 1.59245098
    1.64982951 1.29920864 1.12633145 1.03554618 1.04670131 1.23298776
    1.56914449 1.31061661 1.26541293 0.975253463 0.827255011 1.13988066
    1.3692379 1.38835883 0.88195765 0.871881306 0.834661126 1.49608564
    0.668833017 0.729771137 1.15522826 0.893372357 1.54018819 1.32016027
    1.08110142 0.979270279 1.43428743 1.63098323 0.961525202 1.33549237
    0.828245938 1.63124347 1.51811159 1.37562358 1.08747315 1.55287254
    1.46713948 0.906911135 0.87025547 1.44361341 1.03777647 0.733656704
    0.76711756 1.60021782 1.48917866 1.68896043 1.31561399 1.64945138
    1.42610979 0.9023875 1.03197503 1.45103574 0.780876637 1.3623364
    0.855133951 1.45017123 0.935163796 0.66719532 1.30535579 0.88733995
    1.3665539 1.3705703 0.661385119 0.87531352 0.794264555 1.35683179
    1.20121288 0.892911255 1.32013655 0.698310494 1.5931772 0.888687074
    0.855708003 1.31072652 1.3422066 0.910584152 1.48458409 0.948452532
    1.47276592 1.65459466 1.34428978 1.39211166 0.88321954 1.43407226
    1.37408018 1.24917877 0.841725767 1.70006406 1.16201317 1.68258786
    1.14990628 1.46450686 1.05661058 1.07563925 0.85998857 0.877035856
    1.4869523 0.785165489 0.996064246 1.41324592 1.52391648 1.02156663
    1.42363024 1.20288527 1.49912894 0.974915564 1.4817723 1.45879745
    1.62686515 1.02736318 1.34385145 1.23960304 1.33330393 0.742765188
    0.987370133 1.10443974 1.44937813 1.58482206 1.26114964 0.747073114
    1.38916874 0.939649045 1.13529217 1.62762296 0.770537138 1.47905016
    1.30901527 0.969443738 0.845267594 1.44613624 1.30732429 0.926057339
    0.884533525 0.841642499 0.640454412 1.22648108 1.33666074 1.16164207
    1.51972246 0.913032293 0.904966235 1.60097611 0.813348234 1.09703469
    1.59957647 1.59729993 1.47255564 1.47272623 1.24554002 0.87113899
    1.19975436 1.33747149 1.08450687 1.13737595 1.69252026 1.67352939
    1.21250021 1.21473217 1.53051662 1.37752151 1.26931465 1.45363533
    0.833308101 1.6806066 1.51097631 1.41531074 1.49644661 1.40180969
    1.11015749 1.20246947 1.57246375 1.21851218 1.44393718 1.16799307
    1.2184484 1.41413534 1.42690206 1.18819833 0.734557033 1.37438428
    1.42383933 1.25208318 1.48582053 1.1691469 1.170421 1.21519792
    1.3401227 0.754000902 1.47551918 1.32014394 0.898820639 1.31908679
    1.33923829 1.60092616 0.732542753 1.70583987 1.63397169 0.834797323
    1.65682411 0.771047831 1.19987524 0.780661821 1.01255715 1.61821985
    1.01788223 0.884829342 1.586694 1.11056948 1.04211891 0.984262705
    0.812559366 0.734431624 1.42512381 1.40047717 1.3248117 1.03135407
    1.36631143 0.866293848 0.863728821 1.41394269 1.22797203 1.06899798
    0.718090713 1.20587707 1.02081347 0.998561144 1.55925202 1.14693809
    1.41014802 0.732019305 1.66097403 1.65111101 1.0558269 0.793668568
    1.15606976 0.662732184 1.41283762 1.2808013 0.647555232 0.655190945
    0.791938841 0.699271381 0.829224527 0.908815205 1.63137603
    1.22759461 1.21187627 1.40387893 1.08004797 1.12957072 1.32733548
    1.12822843 1.37034357 1.44416881 1.22834074 1.43658185 1.19053328
    1.74334371 1.26524007 1.68027604 1.40503263 1.48590362 1.16356504
    1.28058124 1.50042927 0.899636984 1.32345986 0.779190898 0.562186539
    0.780479252 0.571513712 0.525354266 0.70293951 0.539677322
    1.29623818 1.13861609 1.02365983 0.762747228 0.918006122 1.19301116
    0.965635836 1.07069182 1.52848434 1.5912416 1.39746261 1.04644513
    0.885657847 1.63900959 1.39147174 0.959342062 1.51866388 1.35426712
    0.829401016 1.25400007 0.977179289 0.845649362 1.38064897 1.07665038
    1.14665771 1.0884105 1.22577 0.814107835 1.56732595 0.990404069
    0.670425832 1.08367443 1.43288684 0.91550827 1.15771401 0.757959723
    0.613078713 1.0568608 1.04008424 1.11053693 1.21435165 0.749585509
    0.711331069 1.34132051 1.01742339 1.16939449 1.53572774 0.720942438
    0.560690641 1.47850859 1.01631939 0.970638931 0.642072618
    0.893912196 0.585761607 0.808406472 1.0693841 1.62601137 0.861677706
    1.20300114 0.975884855 0.887614489 0.897982419 1.21516073
    0.712603509 1.04982579 1.45138836 1.34123039 1.68333149 1.30841053
    1.50908208 0.759157002 0.64003998 0.72615099 0.772663176 1.09888899
    0.779903889 1.20985639 1.11852968 1.2669183 0.880453706 1.28005099
    0.849051118 0.973826945 1.05708039 1.46727657 1.13861799 1.54152334
    0.974958479 1.57655644 1.57517755 1.45886421 1.06372607 1.05770028
    1.5995003 1.11022353 0.896910548 1.35475302 1.56557775 1.24457347
    0.753999054 1.57803988 1.34313238 1.04547274 1.61798906 1.43104041
    0.890346706 1.41646016 1.421049 1.45719457 1.32498145 1.00816715
    0.84809202 0.688656867 0.931113064 0.671370625 1.48426175 1.09983456
    1.20112336 0.669538021 1.33128381 1.49963915 1.2254163 1.33695614
    1.08430588 0.674204767 1.09337831 1.56984413 1.52848768 1.07218099
    0.886545599 1.60185325 1.38286626 1.44965994 1.64228606 0.856560349
    1.00468063 1.60011744 1.45788133 1.3762213 1.14939523 1.0911541
    1.0564816 1.17888618 1.46934164 1.56895399 1.52181423 1.20915639
    1.03507459 0.653315842 0.750305474 1.00360775 1.03884518 1.32067835
    1.13948619 0.671993613 0.804731786 0.941301465 1.52896416 1.07344663
    1.06839514 1.05163229 1.23145831 0.692745507 0.871014297 1.14816034
    1.32091486 0.822013915 0.94472146 1.15412867 0.634764016 1.22113013
    1.04533172 0.698949039 1.43640494 0.900124252 1.02339923 1.64237154
    1.4375397 1.46964324 0.960792601 0.653195679 1.536641 0.6445086
    1.07075977 0.882832587 0.942178905 1.38880754 1.27839398 1.54271209
    1.24932277 0.845164537 0.948440254 0.753091276 0.813143253
    1.52565157 0.976560354 1.2073667 1.25226533 0.661948562 1.14644885
    0.807860434 1.18964875 1.19566143 1.10291541 0.811505795 1.15420985
    0.808896899 0.836149395 1.29944289 0.624421895 1.08231127 1.44280899
    0.985855162 1.10411763 1.0250138 0.947024763 0.628462493 1.41386855
    0.77993232 1.11141551 0.707037091 0.58396256 1.2034992 0.837771952
    0.657357514 1.13154662 0.778082311 1.6177485 1.04427111 1.58516955
    1.19078803 1.22303975 0.774042785 1.56708539 1.0438695 1.2859937
    1.48679101 1.30383408 1.65864086 0.867750227 1.29775488 1.10895908
    0.737427294 1.21772313 1.11322141 1.06863642 0.871448934 0.78603524
    1.18505538 0.792519391 0.675640762 0.908330441 1.14580393
    0.781194627 1.17735136 0.574909091 0.542189837 1.48806715
    0.679572821 1.24048305 1.25196385 1.53524435 1.085235 0.931019127
    1.45165956 1.44199765 0.967167139 0.743732691 0.769232154 1.26106858
    0.837940991 0.865854919 0.538311064 0.67121774 1.16203678 1.09080613
    0.554346621 0.62375468 1.36607277 1.53934526 0.59324646 1.29105806
    0.727726936 0.713859141 0.830304861 1.25313306 1.26436925
    0.753240466 0.924672961 1.10922503 0.932916999 0.801368773
    1.19890881 0.844282806 1.25830364 0.596555471 0.585992515
    0.778587461 1.23010015 1.39873815 0.775580168 0.473660469
    0.715461075 0.681614161 0.697345614 0.907310009 0.585557759
    1.23714173 0.484132797 1.06778908 0.986527681 0.558681607 1.52868795
    1.5241971 1.27133954 0.762971461 1.40870333 0.876218855 1.29929519
    1.38624895 0.83392632 1.53460479 1.27097893 1.37432218 0.630415499
    0.860668182 1.42678368 0.985940635 1.29264665 0.664374053 1.44044125
    0.600141346 0.869906247 1.3544184 0.938414216 0.970261872 1.00070024
    0.867507041 1.31058013 1.36807692 1.02416015 1.34235954 1.01192665
    1.3737787 0.778347731 0.831210613 1.10556746 0.647309244 0.770607233
    0.92058748 1.29239035 1.23459244 1.22441339 1.04501021 0.594526291
    1.44342315 1.05825865 0.760881901 1.28367901 0.979070842 0.809689522
    0.882920742 1.36632812 0.816623688 1.4915458 1.29238856 1.43219888
    0.536936104 1.19911039 0.932812214 0.795830667 1.12958527
    0.712486923 0.751617908 1.24691141 1.29177141 1.12140369 1.20177436
    0.653214157 1.52997553 1.42368245 1.14208877 1.50659227 1.16277516
    1.34333766 0.775558949 1.39858997 1.23872662 0.973237514 1.11031163
    0.793176293 0.735822856 0.725749135 1.15588629 0.623844266
    0.571449459 0.914540231 1.21574664 1.55839431 1.20385754 1.01611722
    0.670121074 1.24426544 0.710345566 0.94626981 0.753543854 1.39462316
    0.584568739 0.57770896 0.681376219 0.656581104 0.733484685
    1.42765188 0.909968913 1.16785276 0.53032738 0.699403763 0.933170378
    1.25161362 1.09661126 0.594581425 1.36261678 0.645607471 0.532004774
    0.535839081 0.837713301 1.31980562 1.48146224 1.00947487 0.912988782
    1.01186848 1.52331352 0.684668362 0.954037666 1.09911835 0.89249301
    1.14089775 0.580274224 0.9881863 1.03630149 1.40602684 1.32634377
    1.18931627 1.36645198 0.729952991 0.689053893 0.901812851 1.06729925
    0.888453305 1.09451628 1.1167475 0.797150254 1.33789361 1.38731074
    1.20628953 0.723470151 1.49024701 0.756419182 0.579816103 1.19180131
    1.12775815 1.05830979 1.04913378 0.806161165 1.26504064 1.18622231
    1.1267786 1.33951354 1.15532696 0.758311212 0.778612792 1.15384805
    0.989739537 1.32394946 0.929456234 0.509904921 0.8709746 1.41820312
    1.27596509 1.37324917 1.19048285 1.31075096 0.779885709 1.53333688
    0.812535346 0.92625159 1.04004729 0.978609741 1.0533843 0.58938843
    1.03410327 1.31684387 1.57069063 0.845391929 0.834130406 1.45752752
    0.728000522 1.44989204 0.758337021 0.979553998 1.51404512
    0.786518514 0.482415378 0.987602413 0.473526418 0.824139476
    1.20845962 0.471105367 0.657619417 1.22386789 0.542376637
    0.532879174 0.839934826 1.41553187 0.799412847 1.22160244 1.14741659
    1.00104189 0.978323638 0.813737035 0.768600404 1.24993312 1.31119585
    1.03191745 0.66387409 1.28266168 1.29575872 0.579096556 1.25150287
    0.804589629 1.04887903 0.623183191 1.32569003 1.19615602 0.646909416
    1.4384805 1.34659362 0.675407827 1.3381722 1.19578588 0.566617429
    0.697867393 1.29931891 1.41225195 0.819713533 0.442769915
    0.889194906 0.916064978 0.544992685 0.667486131 0.978885949
    1.01884711 0.699077725 0.709976852 1.07321346 0.957420588
    0.624553561 0.953319371 0.501486361 0.96636194 0.525624871
    0.690547347 1.07616842 0.535262764 1.00559211 0.629289687 1.27286994
    1.40811098 1.29346168 0.666193783 1.29445231 0.858480453 0.698417366
    0.762736499 1.20027339 1.30871892 0.919908404 0.720651269 1.11695218
    0.717803419 1.09964144 0.958634853 0.697899997 1.06373572 1.16147089
    0.96467042 0.41863507 0.946305156 0.860325098 0.950080454
    0.614659846 0.847904682 1.43643165 0.965907931 0.880595207
    1.10104787 0.969156265 0.637017846 1.48044705 1.08136678 1.39629471
    0.899290085 0.84181565 1.3252238 1.34575331 0.816754162 1.13414943
    1.43118834 1.28349996 1.16593754 1.36905682 1.29043782 0.85384804
    1.45838606 1.08313406 1.04475236 0.894646823 0.766001403 1.44916689
    0.553926826 0.96644938 0.47337538 1.13515532 0.533040762 0.919144154
    1.15790129 0.715960443 0.616112649 0.744215786 0.721090198
    0.835441351 0.497432142 0.629876435 1.31073856 1.38296187 1.42708313
    1.03214765 0.664360404 0.690638065 0.641774058 0.597791731
    0.773113251 0.921807706 0.760831773 1.44668543 0.898021162
    1.22720444 1.38254714 0.917916179 0.64050144 1.0908947 1.37174416
    0.915544093 1.11877024 0.832083344 1.36567068 0.937870443 1.36956596
    1.032493 0.941069126 0.730372608 1.03068244 0.870568156 0.813331664
    0.57941854 1.12454426 0.411353886 1.30800033 0.523839831 1.38978565
    0.538529813 0.625589132 0.847686291 0.810733259 0.635426998
    0.760522246 0.480007529 1.11797571 0.612864017 0.512392819
    0.577829838 0.859672666 0.939015388 0.994561732 1.07114995
    0.502775311 0.666625321 0.944678187 0.602108598 0.535936177
    0.975845993 1.38916409 0.742765009 1.01002598 1.06142104 0.838448286
    0.760575712 0.922145903 0.874318838 1.09086084 1.3271625 0.43871206
    0.475727767 1.10838234 1.15846872 0.959597349 0.83983928 0.49370712
    0.55153358 1.11030579 1.27300525 0.856466711 1.04410899 1.05039406
    0.881265581 0.617315769 0.619234443 1.07374001 1.41235232 1.08576894
    1.30559111 0.535748541 0.523217618 1.24678314 1.31607985 0.856473923
    1.25650263 0.794167936 1.14787066 1.17614543 1.39813757 0.435336858
    1.42066741 1.21288478 1.06440258 1.33060753 0.821397185 1.31046116
    1.15580571 1.38831949 0.918798149 0.615461886 1.32994318 0.996800482
    0.466980487 0.932675719 1.32066751 0.651554644 1.06547737 1.37605584
    0.945092559 0.576660812 0.884963632 1.47836578 1.30527151 1.25093627
    1.11480832 1.00366557 1.18635678 1.0349412 0.417723536 0.971563637</data></your_img>
</opencv_storage>
