<?xml version="1.0"?>
<opencv_storage>
<g>1.5800000000000001</g>
<r>2</r>
<L2_diff>164.90704254061706</L2_diff>
<filter-type>0</filter-type>
<circular>1</circular>
<test_img type_id="opencv-matrix">
  <rows>128</rows>
  <cols>256</cols>
  <dt>f</dt>
  <data>
    0.16123423 0.314322054 0.122059762 0.799015403 0.506409228
    0.233157516 0.18007791 0.881592274 0.834372878 0.357455254
    0.64809531 0.529068589 0.017374903 0.387845904 0.383636415
    0.316388577 0.379280418 0.754682183 0.00252148509 0.212139606
    0.551373959 0.731423914 0.300797224 0.0291257799 0.258894622
    0.678359151 0.847278833 0.70988667 0.517166376 0.165132374
    0.300349325 0.155960649 0.748788059 0.720925808 0.590619445
    0.853522182 0.796340883 0.143928051 0.592888594 0.311563611
    0.841057241 0.856627584 0.502865493 0.423625588 0.51665926
    0.628549337 0.479790598 0.697517753 0.0521918833 0.627473116
    0.85082829 0.746252716 0.0572627783 0.2762236 0.451896697
    0.022364825 0.239660084 0.931545138 0.614109576 0.834471583
    0.407113105 0.876313508 0.662183762 0.665234149 0.0750409663
    0.504598975 0.45677495 0.677581251 0.367060125 0.424913287
    0.460958689 0.879098654 0.855148435 0.310696632 0.800269961
    0.582825065 0.456023365 0.818876505 0.905389905 0.203935593
    0.499978215 0.349224746 0.460299283 0.671757042 0.473519236
    0.0697435439 0.271233141 0.310909212 0.590362072 0.598502576
    0.458516657 0.0629724562 0.513557613 0.753381014 0.91698885
    0.453837007 0.260632336 0.190687209 0.593778372 0.151603252
    0.629349709 0.754631281 0.877218246 0.67017597 0.330435932
    0.26437825 0.173189968 0.647687912 0.969103932 0.39969635
    0.810400486 0.403209686 0.725223005 0.215078354 0.834998906
    0.0934375226 0.844065189 0.397124887 0.455132425 0.352924228
    0.541190088 0.370663822 0.062276274 0.279893577 0.839656711
    0.0606670678 0.473851949 0.575793982 0.221033663 0.0407590866
    0.992953658 0.906762779 0.972734392 0.957905054 0.900056362
    0.543512344 0.263608694 0.551427841 0.100748479 0.66174686
    0.453945935 0.814691186 0.219142586 0.32729584 0.619968057
    0.457101256 0.786032915 0.269508898 0.0151654184 0.425393343
    0.905490875 0.993971407 0.324221045 0.480778307 0.222705185
    0.536690414 0.0489468873 0.452796519 0.832243621 0.899516702
    0.246906132 0.261271 0.0449489355 0.813406169 0.917041719
    0.165260881 0.584987998 0.806789398 0.233385175 0.742952466
    0.151588947 0.350817978 0.782899022 0.409500808 0.330814332
    0.293782651 0.493134975 0.72581768 0.991474271 0.0723743141
    0.071632266 0.804035783 0.694976926 0.94464159 0.523989618
    0.97328335 0.118642241 0.816908002 0.691420555 0.452732563
    0.319555163 0.528691113 0.224860311 0.509126842 0.458402246
    0.456308365 0.803063989 0.728301883 0.88295269 0.82420969
    0.537486196 0.408142895 0.670633793 0.306019306 0.256935418
    0.836515546 0.774833918 0.0575065315 0.429538697 0.888872743
    0.972578526 0.608991146 0.931613028 0.295805007 0.915226281
    0.657032788 0.383639514 0.515451074 0.637777805 0.481962562
    0.247733593 0.505517304 0.776779592 0.030225873 0.428205729
    0.880532444 0.808098793 0.417344749 0.0147127807 0.349491119
    0.657454014 0.960824609 0.93152225 0.356930673 0.569659889
    0.888203144 0.0350845754 0.694349706 0.137777776 0.862748384
    0.43943119 0.991728425 0.401875019 0.381247044 0.379070371
    0.924565077 0.236938059 0.364526272 0.881200671 0.188710183
    0.870956182 0.253112257 0.386809349 0.306295872 0.656101584
    0.581893981 0.0274737477 0.0320323408 0.112237632 0.651016295
    0.32672894 0.55512619 0.344921738 0.13884002 0.852413058 0.534027219
    0.242399037 0.309884727 0.182484567 0.531997561 0.933131337
    0.433498919 0.315115601 0.176288784 0.587563396 0.97347486
    0.248518974 0.85114193 0.883765638 0.210495681 0.821686983
    0.255476475 0.438601136 0.254751921 0.42407763 0.718446374
    0.674901366 0.990686774 0.606956959 0.052284658 0.844600558
    0.25083679 0.491903514 0.314981908 0.431026548 0.519937873
    0.0297657847 0.250854433 0.718265593 0.734376669 0.16870603
    0.0966977775 0.846470594 0.953605652 0.358507037 0.334728897
    0.913801074 0.0340743959 0.402389973 0.785776973 0.23564598
    0.772619188 0.0327371657 0.792490005 0.605159283 0.0916389823
    0.690429032 0.626831591 0.101807207 0.424402356 0.065743506
    0.607074022 0.35932073 0.814493299 0.829954624 0.385896295 0.6557827
    0.210770339 0.0185339749 0.824329734 0.615905225 0.13961485
    0.975075722 0.811962605 0.224404484 0.587566972 0.0884109437
    0.795434952 0.17523703 0.271014154 0.316882551 0.327844203
    0.198583513 0.173158079 0.510240674 0.34504196 0.424349964
    0.111756891 0.125012785 0.788275003 0.940054297 0.595809579
    0.695073962 0.358413458 0.00978296995 0.741525173 0.272766471
    0.539536417 0.921113372 0.706746221 0.415582031 0.399909765
    0.126717806 0.598450661 0.737995803 0.290282845 0.541736245
    0.630367517 0.172783077 0.941275477 0.47459352 0.826560497
    0.531280518 0.718545914 0.466858506 0.0238948762 0.971490145
    0.1940189 0.200322002 0.361392558 0.59063828 0.0811566114 0.65992403
    0.0876881182 0.886295319 0.68152535 0.350610435 0.984213471
    0.251327276 0.956575572 0.162416935 0.827267349 0.666031778
    0.956659853 0.6174196 0.0744611323 0.544474125 0.421736866
    0.847187698 0.113301218 0.159412384 0.858858645 0.096100837
    0.327360392 0.0525105 0.385294199 0.20550853 0.380202264 0.164796531
    0.854986429 0.0200681686 0.465751976 0.170702785 0.268795729
    0.371474922 0.361263454 0.563379228 0.469882756 0.16036728
    0.0521863699 0.657371581 0.477117181 0.416730821 0.181573808
    0.74720037 0.443025768 0.919828773 0.689176321 0.877089858
    0.319493353 0.506290615 0.671548367 0.0770904422 0.403476536
    0.633069396 0.879642427 0.556088626 0.774111986 0.310364693
    0.0216105282 0.390357792 0.746251762 0.25671649 0.237006247
    0.523409247 0.871661305 0.26123637 0.45985657 0.773092151
    0.0877485871 0.796930432 0.131625175 0.551256776 0.833037078
    0.808809161 0.600487351 0.366624594 0.492339075 0.316696674
    0.173064619 0.835099816 0.0668748617 0.400853068 0.869289637
    0.670914054 0.902907252 0.395779788 0.810921133 0.232130289
    0.676008403 0.409268975 0.559985399 0.745593309 0.219326675
    0.715683222 0.0106720328 0.0285369456 0.493750364 0.503351808
    0.0410652161 0.329890043 0.720638156 0.818881035 0.678476572
    0.50586921 0.781653523 0.606483698 0.802245498 0.21076563
    0.265990585 0.34885484 0.506129086 0.564756453 0.197340041
    0.654108822 0.631178975 0.935503185 0.503710389 0.482872576
    0.548345983 0.594433367 0.88231051 0.363218784 0.679762483
    0.166758627 0.506930351 0.581012547 0.662638068 0.471846014
    0.961179852 0.269160807 0.321416467 0.979181767 0.17552197
    0.308437556 0.423139572 0.114294887 0.842473865 0.0679365695
    0.993930399 0.220379084 0.126695782 0.661776543 0.842939258
    0.56463623 0.859132409 0.0118758976 0.472441912 0.457945853
    0.0552665591 0.0650493801 0.523888767 0.564397752 0.701245129
    0.137071759 0.532365441 0.774502039 0.246190161 0.758442402
    0.702312589 0.137488961 0.219734281 0.979546607 0.0942151546
    0.999701023 0.813826084 0.645162582 0.426526964 0.350532293
    0.186724305 0.687049389 0.0848151147 0.59081769 0.741845012
    0.724713147 0.229086012 0.4749313 0.011121273 0.0542712212
    0.0258364081 0.294488132 0.15326789 0.0576093495 0.913743615
    0.583624303 0.125011057 0.85266149 0.630967855 0.776806593
    0.744893193 0.908899784 0.688410759 0.903522849 0.0362237394
    0.359277844 0.775378227 0.839060485 0.752677441 0.381147176
    0.0684404373 0.977983356 0.498583496 0.389893293 0.777364612
    0.376164883 0.617572069 0.829157829 0.0300540328 0.452851415
    0.947609425 0.341170788 0.707966447 0.400781274 0.00852313638
    0.735152364 0.694362044 0.281517506 0.751396537 0.505601704
    0.905440748 0.592376292 0.126925886 0.689500928 0.627413034
    0.368224442 0.0613905489 0.900017202 0.87788856 0.00920820236
    0.73999089 0.188250393 0.376202941 0.109782517 0.0144091249
    0.960185528 0.882515371 0.160122722 0.830639422 0.909425139
    0.797002971 0.806081831 0.208603472 0.250152707 0.293330669
    0.309646606 0.595792115 0.902234316 0.651553035 0.655727148
    0.914536834 0.0482567847 0.25954634 0.404622793 0.683468938
    0.574281335 0.407986224 0.999795794 0.751429439 0.394209474
    0.600709617 0.7673558 0.785629511 0.352658868 0.890434265
    0.564085543 0.194061875 0.086840868 0.612154722 0.137582272
    0.850733101 0.876348972 0.536452293 0.92424798 0.310827255
    0.644974291 0.48079142 0.369563341 0.567403853 0.870119452
    0.562129736 0.546229482 0.61729306 0.134251207 0.87013042
    0.789584994 0.680642784 0.669938147 0.681858659 0.295537472
    0.0875006616 0.0878700018 0.0794575512 0.462026477 0.414016783
    0.719739497 0.156065106 0.507808089 0.526825964 0.502221704
    0.357842565 0.567236304 0.294099987 0.212163955 0.55746007
    0.116095692 0.889848709 0.745038688 0.57432282 0.679616809
    0.950383961 0.808495879 0.00308972597 0.564674079 0.853249431
    0.644014597 0.838709593 0.0979908109 0.671587884 0.479186267
    0.303451687 0.112621367 0.299152017 0.887375772 0.0973368585
    0.667319953 0.154251724 0.931144714 0.755727887 0.792413116
    0.109832525 0.676060677 0.139405608 0.27108556 0.792422354
    0.867222309 0.9961766 0.051846981 0.241799414 0.726370573
    0.834243894 0.725569367 0.0132796764 0.416940033 0.580280185
    0.101739675 0.902731776 0.620272577 0.242198735 0.347312331
    0.743753314 0.415502191 0.376603335 0.194557071 0.0367100239
    0.878697038 0.290125608 0.7075876 0.815711498 0.899670243
    0.996027052 0.203842193 0.137982398 0.0515501797 0.489611834
    0.994679451 0.037296623 0.610945761 0.549941361 0.296184868
    0.168836385 0.758541942 0.549550414 0.760396242 0.242343426
    0.392834008 0.281989098 0.662241518 0.442078859 0.987267017
    0.169386029 0.111567914 0.180671036 0.588518977 0.36655885
    0.404741734 0.00408190489 0.83636409 0.124491841 0.786928296
    0.223172069 0.202138096 0.392163962 0.305913836 0.882197082
    0.164398789 0.0428896248 0.75791049 0.395261467 0.105188876
    0.914850473 0.205085367 0.0828304291 0.466805309 0.54179728
    0.985636234 0.0654199421 0.817109466 0.968554735 0.494554788
    0.483867288 0.875306547 0.818110764 0.81817174 0.938785911
    0.254003286 0.747810245 0.915759444 0.0139564276 0.453914523
    0.0324790478 0.988536119 0.414403915 0.668158174 0.653490901
    0.5613994 0.367938071 0.92440629 0.395869106 0.201589495 0.603522718
    0.511597872 0.665552258 0.758109689 0.856255054 0.135657102
    0.179163933 0.254755616 0.522669196 0.231269151 0.455511957
    0.663963437 0.307488739 0.791479945 0.111919284 0.264455616
    0.805442929 0.372288525 0.595260084 0.595449805 0.908661485
    0.377243698 0.542855263 0.312898755 0.0522649288 0.27109617
    0.873120725 0.595213413 0.0899705291 0.783804953 0.259499639
    0.329381585 0.193871468 0.277520657 0.627192259 0.930773854
    0.18894881 0.0830433071 0.834195256 0.7222929 0.320324272
    0.426990807 0.502365708 0.0816204846 0.709384263 0.500454903
    0.031136781 0.517590702 0.814350426 0.173503399 0.968789756
    0.509263396 0.0504402816 0.682766974 0.402456671 0.908741534
    0.299605399 0.913144827 0.625739098 0.542394638 0.819092512
    0.0369978845 0.110139251 0.0883946419 0.339293838 0.00569832325
    0.813570023 0.396289051 0.321017981 0.0436224937 0.517009437
    0.423086852 0.067027837 0.57164669 0.8693313 0.333694726 0.249010205
    0.262744606 0.6135149 0.137343854 0.674449742 0.811549067
    0.0522983372 0.869672418 0.0872780979 0.420785606 0.0242566466
    0.946851313 0.879584968 0.0177670419 0.38770932 0.0598057806
    0.566453218 0.818961263 0.414908051 0.687292457 0.708701432
    0.223800838 0.534359455 0.512362659 0.102996856 0.107502073
    0.569842637 0.466704398 0.970935464 0.719106555 0.16299656
    0.248450577 0.54483223 0.443356484 0.861903787 0.653903306
    0.957653642 0.349221826 0.406074703 0.482627451 0.905030668
    0.865566015 0.503821969 0.994118989 0.701784074 0.218858451
    0.644007444 0.0230700076 0.234651983 0.82051158 0.236423403
    0.378441244 0.191910237 0.404500961 0.362583995 0.892425478
    0.312146902 0.497885764 0.188970119 0.667900085 0.485073656
    0.687045336 0.960950971 0.738010049 0.728544235 0.790969372
    0.0528948605 0.818983912 0.00211402774 0.860928416 0.327508211
    0.280455649 0.797036767 0.343909264 0.282256603 0.834935904
    0.650776088 0.906315327 0.5952214 0.480918616 0.800495505
    0.439482689 0.438760191 0.773361802 0.901050746 0.614453554
    0.247300059 0.496910065 0.805179417 0.481906295 0.518228114
    0.834146142 0.95971477 0.244151801 0.887835979 0.495778859
    0.830840826 0.406904787 0.0997596085 0.510278106 0.978425384
    0.950819254 0.479790449 0.63394624 0.412408292 0.929991245
    0.479899734 0.627737224 0.222160071 0.633275688 0.243984669
    0.378473461 0.0613451898 0.421343178 0.0690189004 0.963261008
    0.767002821 0.0884625614 0.000325649977 0.437083632 0.805863857
    0.304985344 0.944463372 0.264540285 0.517994285 0.179567575
    0.616989315 0.346510977 0.423153281 0.281386465 0.735206306
    0.250764906 0.167241305 0.528382897 0.409718812 0.546419799
    0.253851235 0.969987512 0.665886343 0.759247422 0.562128842
    0.751584053 0.411163807 0.906301856 0.19617036 0.197434843
    0.263797164 0.567360461 0.297157764 0.1114645 0.981166661
    0.287216365 0.515390635 0.565690815 0.661102891 0.446975529
    0.989084244 0.673157215 0.780050516 0.952623129 0.224738896
    0.336925328 0.967857003 0.930575073 0.60866034 0.46733278
    0.111388296 0.826837063 0.642825842 0.214254916 0.213620603
    0.208601534 0.232791662 0.72861284 0.41349417 0.736315012
    0.656892002 0.70032686 0.231647849 0.938691795 0.990880251
    0.403443396 0.214219391 0.529390812 0.483531386 0.320656955
    0.109726399 0.0537847877 0.358096719 0.644738615 0.497261018
    0.725229681 0.885955989 0.0460779965 0.948790669 0.707386434
    0.272194177 0.640820682 0.209053159 0.418108493 0.544000983
    0.814517856 0.992005527 0.788238823 0.365449935 0.698709786
    0.122803688 0.315362453 0.26906842 0.636249185 0.705826521
    0.835643113 0.379635125 0.361021757 0.351457715 0.925771236
    0.10898605 0.320986599 0.279206157 0.945646763 0.584219754
    0.336551666 0.0486326516 0.491660625 0.855450988 0.351169109
    0.47169885 0.654256701 0.96021688 0.348854601 0.823515356
    0.184786588 0.418746501 0.216469973 0.67644763 0.630349398
    0.545644999 0.607247353 0.403685689 0.567703187 0.826919079
    0.336181611 0.212250203 0.912936211 0.402829766 0.106742471
    0.744964838 0.153509319 0.0542984605 0.379947662 0.192523599
    0.173554361 0.583514988 0.24049893 0.569488168 0.577471614
    0.0733798444 0.613864183 0.00699239969 0.255872965 0.684526384
    0.647989631 0.782732368 0.0241161287 0.356482178 0.132590562
    0.39875105 0.472987324 0.783274949 0.290284157 0.819638252
    0.410018116 0.29899168 0.0558384657 0.496858865 0.684587538
    0.437844962 0.370567322 0.938874364 0.78186655 0.779485941
    0.075575918 0.264306337 0.371685058 0.802357852 0.691494942
    0.0499340892 0.922223091 0.991819978 0.825209856 0.392487675
    0.378807664 0.161667228 0.0720925629 0.655246615 0.315472066
    0.67934972 0.666043222 0.718772054 0.888315082 0.114563793
    0.697145939 0.103288651 0.286055297 0.0501503646 0.661520958
    0.0392847359 0.424735546 0.118878722 0.959835112 0.10491702
    0.892478585 0.196454257 0.0729099512 0.0992203653 0.16349858
    0.950085521 0.39518851 0.0709838867 0.397039354 0.239586085
    0.92425859 0.130256921 0.0837597549 0.108769566 0.507400036
    0.256900966 0.553401768 0.543383658 0.345658541 0.746163964
    0.702567458 0.0674500763 0.936809719 0.0649025738 0.376958519
    0.483314097 0.407137573 0.601587772 0.650339246 0.286064506
    0.137094259 0.571017385 0.482448637 0.521957219 0.964831471
    0.523161173 0.923777699 0.941024899 0.514498353 0.825901866
    0.446255893 0.479689807 0.548201799 0.785679936 0.76736021
    0.439179897 0.118490517 0.930356741 0.326170564 0.563508928
    0.711454928 0.221855998 0.739420056 0.718971968 0.246165246
    0.357132077 0.504343808 0.581381619 0.134243906 0.745960474
    0.172197074 0.663241863 0.254487932 0.301012814 0.637652218
    0.324085057 0.377268761 0.912840843 0.245494753 0.448845208
    0.217045993 0.0734997094 0.378301293 0.172267258 0.558736205
    0.664461911 0.185145557 0.0421270728 0.921427608 0.202769458
    0.159324795 0.940041482 0.74816674 0.657739103 0.670927465
    0.921684384 0.045822978 0.544355989 0.912800312 0.19156602
    0.187031001 0.614533246 0.969475269 0.789728284 0.92980516
    0.695947468 0.666184545 0.86680758 0.704628587 0.452347279
    0.873091817 0.590383112 0.0347419381 0.0187855065 0.971883893
    0.780629337 0.0955199301 0.579360187 0.521539986 0.824712873
    0.653846204 0.170941174 0.565559328 0.234331459 0.879814446
    0.274168909 0.721632898 0.165258765 0.999864519 0.186942995
    0.0216012001 0.581729829 0.537058115 0.785294116 0.432231545
    0.650855541 0.876721621 0.246409178 0.530600667 0.371402442
    0.222669929 0.214551598 0.257903755 0.642261624 0.862220109
    0.673693061 0.806035101 0.63295573 0.0301134586 0.761348605
    0.521886587 0.0313732326 0.909073114 0.366186202 0.596488237
    0.0100101829 0.991931915 0.611640453 0.921878934 0.321019262
    0.451508075 0.559625566 0.872905731 0.24908489 0.0656000376
    0.542092681 0.847923994 0.68418324 0.21656692 0.268979549
    0.938817441 0.221948117 0.72288537 0.793507516 0.111173749
    0.949624181 0.433110833 0.237743407 0.371504337 0.189755857
    0.447066158 0.71253407 0.266057849 0.285911977 0.960976958
    0.0302407742 0.418553919 0.388737142 0.0563082099 0.504383028
    0.00442704558 0.86923784 0.447548926 0.726063848 0.22066474
    0.21024555 0.40792191 0.0543950796 0.359703064 0.965233326
    0.300553739 0.274092734 0.658197999 0.975418329 0.966803551
    0.893032551 0.965961099 0.588508964 0.684519112 0.762746692
    0.914656639 0.503571093 0.959929705 0.545500994 0.804764986
    0.902748823 0.786589265 0.0826671124 0.229698807 0.781145453
    0.598524034 0.56732738 0.140426338 0.400690526 0.389428169
    0.284435302 0.308188081 0.752874076 0.864544928 0.637601256
    0.0781252384 0.677649319 0.216986746 0.783030152 0.429932237
    0.889407039 0.0516384542 0.468997717 0.101783425 0.474963158
    0.715717196 0.0259973407 0.258668423 0.165224999 0.857411802
    0.283879042 0.382329434 0.950526476 0.570629001 0.180116236
    0.417501748 0.414195776 0.235612154 0.261201411 0.773502231
    0.993317366 0.983337641 0.355886757 0.460205078 0.794813633
    0.684637308 0.235996872 0.326981664 0.601383686 0.0780379176
    0.961150825 0.939598441 0.348539382 0.647485673 0.348603845
    0.634182334 0.3210105 0.259786218 0.032168448 0.773070216 0.55371666
    0.990211964 0.762114584 0.3624295 0.294387639 0.0176950693
    0.0196013749 0.564470768 0.863426685 0.324504673 0.130179942
    0.872436047 0.825306296 0.961452007 0.420458585 0.0548684299
    0.300736308 0.989675641 0.74767077 0.839856386 0.634200096
    0.762024105 0.880314887 0.13075155 0.063503623 0.786604047
    0.921805322 0.848629594 0.377676368 0.910324097 0.496933371
    0.41308099 0.871763706 0.175519705 0.399603933 0.79690516
    0.875493646 0.926359534 0.904131293 0.0331122279 0.46079728
    0.0757624507 0.410383135 0.366032839 0.998378396 0.608760357
    0.440178692 0.200906992 0.658472776 0.396296948 0.161975741
    0.905004501 0.308950603 0.963647127 0.501450419 0.989159942
    0.335703522 0.238628149 0.178738594 0.716779351 0.696514606
    0.543997467 0.233537674 0.896579623 0.379854411 0.692561984
    0.663348436 0.775595188 0.423345894 0.348400325 0.757025838
    0.340261549 0.279780447 0.698752642 0.309293687 0.705949068
    0.418045044 0.722908199 0.333846927 0.215556175 0.925108492
    0.643598199 0.498149842 0.827682436 0.980139256 0.979985893
    0.618960142 0.178893119 0.910620213 0.82692951 0.300407648
    0.0508967936 0.342249393 0.647954822 0.148341149 0.662441969
    0.641914487 0.388220727 0.264404655 0.311901152 0.467181742
    0.181319863 0.0252434611 0.608215153 0.293165267 0.917146206
    0.893308878 0.000802189112 0.0305731893 0.380352199 0.785553336
    0.0530355275 0.584743261 0.399371982 0.667289853 0.436247408
    0.648474872 0.928604484 0.713016987 0.495338947 0.72700274
    0.0559098721 0.906051517 0.155082405 0.426068753 0.472681314
    0.696049631 0.37622121 0.25153178 0.0194294155 0.209972173
    0.481754869 0.356206417 0.516519487 0.353485227 0.121896595
    0.046677053 0.668729663 0.484061539 0.0197422802 0.386472821
    0.555928051 0.735294104 0.331959665 0.765765309 0.00413140655
    0.123871505 0.698769689 0.671634197 0.660138845 0.11876294
    0.64075774 0.557137728 0.485389054 0.479155511 0.539090037
    0.477889121 0.975385904 0.551766634 0.720017731 0.895642519
    0.3986651 0.98487395 0.431848079 0.485501051 0.454641789 0.550222397
    0.422336429 0.0245883763 0.570503056 0.216059297 0.461998224
    0.423322409 0.578123808 0.797881842 0.87895596 0.295784175
    0.840367794 0.859254897 0.591987789 0.494461536 0.771017015
    0.512146294 0.978698969 0.278396666 0.556900561 0.5221681
    0.244427979 0.742485821 0.209443212 0.417630911 0.518739462
    0.279653311 0.275523186 0.789050102 0.881089091 0.750770807
    0.00529822707 0.558595121 0.970023632 0.888212264 0.75711894
    0.595739961 0.711425543 0.695331037 0.146481484 0.341255158
    0.262511045 0.919151902 0.0439073741 0.829129517 0.7409392
    0.13542372 0.447628319 0.582692087 0.798229516 0.918219924
    0.709991753 0.207702011 0.0147351027 0.539142609 0.68365097
    0.865354002 0.532005847 0.198115617 0.489120334 0.598235071
    0.137531996 0.709232986 0.952908039 0.408315361 0.913457036
    0.35285908 0.990013838 0.621283829 0.829967856 0.413109601
    0.227461338 0.140964359 0.441405028 0.610460997 0.596585035
    0.988616586 0.197848707 0.156197309 0.249434292 0.950034857
    0.925455689 0.928643465 0.252375603 0.140891135 0.221630454
    0.248274744 0.773364067 0.362242162 0.294199467 0.299688071
    0.231161267 0.106580853 0.410276592 0.163430989 0.710620582
    0.859577179 0.993676543 0.801221371 0.0626860857 0.954611421
    0.0170996785 0.484570861 0.0511501431 0.754432559 0.804910183
    0.541592658 0.0710026026 0.103936881 0.992543221 0.864039361
    0.595844626 0.793128967 0.717378259 0.743810475 0.897084653
    0.738701165 0.797608554 0.48934871 0.391473353 0.40532285
    0.0844779909 0.53082335 0.475836813 0.825515211 0.526456833
    0.213726878 0.778356433 0.407193184 0.600300848 0.794601083
    0.80395478 0.934525192 0.997916341 0.604540408 0.652746677
    0.780298114 0.272548318 0.947279215 0.345970333 0.29884094
    0.92056632 0.169611067 0.971620917 0.371309936 0.700538039
    0.767538548 0.943070173 0.432194501 0.705387592 0.279471755
    0.161611617 0.931384206 0.795039892 0.0520029068 0.0828374624
    0.71677351 0.7951442 0.359886736 0.0712622106 0.61409384 0.513401687
    0.30895561 0.961432576 0.801506579 0.455116808 0.234616846
    0.0623642206 0.915056705 0.74826324 0.0510413647 0.585318208
    0.128720373 0.867791891 0.312212646 0.640170097 0.760117412
    0.917062998 0.415039092 0.927958429 0.698425531 0.20158422
    0.317655861 0.565548837 0.00743740797 0.585435748 0.786721408
    0.748795092 0.729664683 0.610688984 0.0862420797 0.941404343
    0.860017061 0.784384131 0.982347608 0.520298362 0.323492467
    0.482043266 0.168471366 0.667860448 0.595245779 0.73343122
    0.721135139 0.132750362 0.156648636 0.325659722 0.89790076
    0.177684188 0.983977079 0.622757435 0.81526643 0.0459819436
    0.802269697 0.535310507 0.492089212 0.185141981 0.108856887
    0.497065842 0.332933694 0.83187139 0.307905376 0.379238069
    0.762561858 0.341378331 0.931277156 0.449869037 0.415856063
    0.999835968 0.557298899 0.628631473 0.170413494 0.161231995
    0.980345249 0.997250557 0.0186250806 0.505425751 0.540215969
    0.699941278 0.15066725 0.590846181 0.554553092 0.755488634
    0.660019279 0.138451129 0.111605227 0.271845102 0.447786093
    0.791549087 0.86540854 0.712659359 0.592948079 0.00511461496
    0.840818048 0.405922025 0.689601004 0.624695122 0.766232491
    0.350840986 0.470589519 0.204032421 0.766854286 0.136949599
    0.706318259 0.0674944222 0.0663577616 0.500379026 0.748879969
    0.46876356 0.000567525625 0.615767896 0.917518556 0.327476561
    0.220488548 0.903448641 0.257730007 0.389070958 0.248573959
    0.640786827 0.726220727 0.89367789 0.0374928117 0.109736949
    0.636225283 0.0524203479 0.456843108 0.040928334 0.750833333
    0.591739535 0.0271299183 0.914029181 0.862414837 0.867330015
    0.638305247 0.512798548 0.667702913 0.813383818 0.486042231
    0.0750449896 0.0751192868 0.164744586 0.710180819 0.545550287
    0.121910185 0.960071087 0.616844416 0.0236241221 0.310809642
    0.148778766 0.525048852 0.237961203 0.756966174 0.0198734999
    0.329487026 0.0951503813 0.141167819 0.998513103 0.734330416
    0.782870054 0.895620763 0.81325978 0.137627751 0.513427556
    0.396986306 0.63398999 0.0418705642 0.153437018 0.269934237
    0.0671667755 0.286812305 0.450117797 0.29336834 0.871434927
    0.638507247 0.13453424 0.0661752522 0.913789749 0.755653381
    0.360892236 0.9726578 0.859167993 0.680612445 0.828953028
    0.318518132 0.39208883 0.341656864 0.385096312 0.497976661
    0.765767574 0.942845821 0.99047482 0.929285765 0.261607498
    0.378803909 0.52782166 0.737879395 0.316850871 0.0863479376
    0.43316716 0.931057215 0.692184985 0.124727547 0.0438842177
    0.0445943177 0.536086202 0.603863239 0.0141352713 0.0295988023
    0.974592924 0.191893637 0.783689737 0.161227912 0.0993020833
    0.775448442 0.144476473 0.390910506 0.695604324 0.319093287
    0.37481755 0.941787183 0.0839278698 0.538076639 0.766565919
    0.192004323 0.0795531869 0.662143111 0.419023484 0.603812218
    0.157403439 0.356224805 0.224728823 0.338643104 0.940300822
    0.735787213 0.625102282 0.020182848 0.208821684 0.816416621
    0.706560493 0.505771756 0.854971826 0.50513643 0.171230823
    0.566169798 0.898508668 0.828148365 0.926677346 0.480907857
    0.339704931 0.935412169 0.614807844 0.0748226047 0.961229801
    0.377789825 0.244051397 0.780061603 0.709495366 0.5929389
    0.0781864226 0.0430995226 0.979258597 0.6458112 0.0551420748
    0.821425915 0.922843695 0.625166774 0.349739194 0.6265378
    0.022392571 0.792258978 0.422701567 0.785157979 0.638177812
    0.1155985 0.995923877 0.0472905338 0.354464531 0.572873294
    0.730457783 0.923031688 0.117619693 0.588172615 0.744835854
    0.0138575137 0.934819341 0.83114624 0.62172997 0.117542863
    0.767128885 0.380156785 0.0607010722 0.618675232 0.862182319
    0.519861937 0.39682135 0.394821346 0.225313514 0.830356002
    0.337814659 0.914749205 0.868288934 0.461246163 0.869857311
    0.373417914 0.218728423 0.416278124 0.763632417 0.7648471
    0.766735911 0.121686518 0.0672058463 0.901683331 0.187818229
    0.362704426 0.0273685455 0.0376418531 0.195235878 0.16282624
    0.301437408 0.364078432 0.320235491 0.0916658044 0.98845017
    0.180503488 0.420619041 0.151630342 0.51403439 0.396520853
    0.362614095 0.680929124 0.0523146391 0.493249029 0.0118874609
    0.0318707526 0.0829902291 0.70312345 0.87350738 0.651532352
    0.587815702 0.0582846105 0.362948835 0.388285935 0.42014578
    0.369689226 0.90318954 0.940489888 0.414980799 0.247928739
    0.795727372 0.625646234 0.420404583 0.0949688256 0.60264957
    0.246395797 0.162038118 0.333149552 0.904878378 0.488277227
    0.486721784 0.370892048 0.879564643 0.44791159 0.895485997
    0.32250905 0.0684456825 0.649124622 0.560259461 0.195278227
    0.74435997 0.848330915 0.278761506 0.871067882 0.381090313
    0.120189726 0.745812178 0.754686952 0.682494044 0.302236736
    0.254612446 0.835656345 0.760309279 0.692773521 0.872487545
    0.632660985 0.07766518 0.959222078 0.231220216 0.716298699
    0.0017298758 0.825546861 0.183554202 0.184701949 0.411760598
    0.802802503 0.438777506 0.933122993 0.644116819 0.433543175
    0.579380512 0.584780514 0.722779393 0.176267654 0.357667625
    0.832069635 0.596801758 0.103498459 0.878694057 0.978650212
    0.876995564 0.434902787 0.888468266 0.0326399207 0.604217768
    0.248655021 0.259061635 0.0740319192 0.28579095 0.16629982
    0.335740656 0.486600876 0.684423566 0.0223698616 0.783444762
    0.495179951 0.068123877 0.937456489 0.217381001 0.726502061
    0.754575193 0.0370566845 0.583087802 0.280412138 0.960808456
    0.376107574 0.600818932 0.704560399 0.36229828 0.862362564
    0.148461968 0.97827065 0.120963573 0.829437792 0.730039179
    0.969604254 0.445670217 0.198401004 0.96825999 0.939595461
    0.856725097 0.162665546 0.247824281 0.654968143 0.646533132
    0.032846719 0.556838214 0.228693932 0.0801444948 0.459136099
    0.916721582 0.480536103 0.684765935 0.746610403 0.0764591396
    0.485745132 0.235383868 0.973948717 0.367153227 0.803705931
    0.556640506 0.605964065 0.296394289 0.0923627615 0.634827137
    0.0896835029 0.146058142 0.351655722 0.501273811 0.708564639
    0.0955172181 0.363915205 0.359182715 0.765541911 0.165209144
    0.395166427 0.994859278 0.697349072 0.521438062 0.228469521
    0.602474809 0.97546947 0.815409899 0.978822291 0.926381528
    0.0341135263 0.420823783 0.774994612 0.831327021 0.119496793
    0.227589041 0.409780741 0.152233273 0.516288698 0.640571713
    0.988500416 0.174567461 0.109644651 0.868334174 0.881897748
    0.387725651 0.468315959 0.412270516 0.0967189074 0.433324993
    0.570117354 0.87215054 0.829789042 0.657112777 0.768350959
    0.998243213 0.913353086 0.852920651 0.858027041 0.425714314
    0.894542217 0.62575531 0.0229844153 0.839253545 0.10773772
    0.370398283 0.380129009 0.262455344 0.570007682 0.690026283
    0.264884233 0.955923975 0.659565568 0.593429208 0.742046714
    0.712631643 0.73269248 0.990736246 0.0230381787 0.713222504
    0.419016838 0.770842373 0.621989012 0.605825663 0.935839891
    0.172635019 0.669950485 0.865418434 0.932751477 0.497160524
    0.511597157 0.953877091 0.474708617 0.388597101 0.27137816
    0.497899383 0.69688797 0.780156612 0.439929813 0.310879946
    0.179911703 0.0865537822 0.160527527 0.698860109 0.777487874
    0.144133121 0.276460171 0.857623577 0.528538108 0.477797121
    0.089048326 0.0280679464 0.835835099 0.407407492 0.647149563
    0.558300495 0.226848334 0.635734379 0.556369722 0.456593633
    0.42196101 0.0318576992 0.041174978 0.231563389 0.686194003
    0.781045377 0.95039916 0.867093921 0.410589099 0.18727085
    0.280823767 0.688288212 0.159426332 0.962319255 0.907518744
    0.199021429 0.949530482 0.339182258 0.897629499 0.0963303745
    0.862734675 0.840433896 0.634875774 0.189189255 0.392944872
    0.258202851 0.237742931 0.494266301 0.186789125 0.885519743
    0.299856484 0.925210595 0.385456651 0.625235319 0.545389593
    0.710531294 0.983951211 0.709195912 0.0978527069 0.695211291
    0.419279426 0.910833597 0.822932839 0.126671851 0.103898793
    0.796670437 0.124706715 0.787631035 0.784752488 0.442619503
    0.431540459 0.736658633 0.874091625 0.73353833 0.635500789
    0.925447881 0.700187802 0.283259094 0.618068397 0.42181623
    0.99824208 0.780633986 0.890512645 0.0648233891 0.600845456
    0.374933183 0.298767626 0.366932213 0.33458811 0.384540319
    0.498886883 0.184264719 0.806994617 0.104429603 0.320720553
    0.727963328 0.321836054 0.924442291 0.813046575 0.692588568
    0.727216721 0.847522497 0.207960904 0.740067065 0.606815875
    0.784858108 0.418959796 0.852741122 0.64967376 0.477078199
    0.809396803 0.879865289 0.283789486 0.499440342 0.616154552
    0.978760958 0.282096386 0.2814219 0.134687603 0.656067431
    0.143492758 0.167512357 0.194627702 0.306401372 0.277623594
    0.68320173 0.169526577 0.428294152 0.277684301 0.107524663
    0.0949940681 0.64313674 0.586782932 0.403882563 0.267933995
    0.15095517 0.772800624 0.904393911 0.405054003 0.636531293
    0.51374352 0.79943645 0.392339617 0.546676815 0.700972021
    0.0515135825 0.0666689277 0.652366042 0.300338119 0.775877953
    0.403788805 0.149719894 0.414084464 0.149038225 0.813007474
    0.0589018762 0.201642036 0.541205287 0.968217254 0.198174626
    0.919239581 0.238707244 0.710737765 0.966199696 0.511845112
    0.476990163 0.780842423 0.831646323 0.481066525 0.673463821
    0.0582112968 0.103874505 0.346066892 0.719481885 0.484595954
    0.307063758 0.525242686 0.632417798 0.212517321 0.26581645
    0.943697751 0.616296887 0.0226670802 0.762938499 0.51853466
    0.509393871 0.559857666 0.0422112346 0.571229458 0.704690576
    0.405678928 0.0634670258 0.995477319 0.945006013 0.948705256
    0.0956223011 0.275753021 0.0408951938 0.482906848 0.773893952
    0.890770018 0.548306406 0.733030617 0.766237617 0.385861546
    0.23963207 0.516691625 0.898956418 0.182350665 0.372813672
    0.0926355422 0.507663012 0.462386668 0.924368739 0.281677991
    0.651477218 0.887130797 0.238159269 0.564271629 0.371596575
    0.644130409 0.82948184 0.0357363224 0.16542533 0.690775871
    0.872403741 0.77669692 0.716319442 0.937475085 0.832162142
    0.0745580792 0.0885148048 0.508020401 0.854837656 0.787148118
    0.45990625 0.813231051 0.856042385 0.427087277 0.13522765
    0.131937027 0.985098839 0.539484203 0.804111481 0.152726144
    0.828000069 0.0977508426 0.197285146 0.552083552 0.090080142
    0.873530865 0.130889118 0.439006418 0.754855514 0.84941113
    0.0543609262 0.425652444 0.554164708 0.381031156 0.549479008
    0.221816927 0.580121875 0.423813641 0.814859271 0.465542316
    0.536715031 0.00219449401 0.821625471 0.373076349 0.69565767
    0.755494297 0.348937541 0.772958636 0.799306154 0.22850281
    0.279765308 0.0917253196 0.637673914 0.945179522 0.284938276
    0.382080019 0.847904861 0.258466005 0.912745357 0.557982266
    0.819639921 0.05478701 0.521346748 0.700520515 0.112496972
    0.0833782256 0.0523635149 0.0703292489 0.559354901 0.674876869
    0.343317121 0.239407837 0.319331408 0.143890738 0.400824964
    0.985584378 0.424219012 0.0186720192 0.907707453 0.110424966
    0.402515113 0.342380524 0.355121493 0.932017028 0.164669931
    0.294777989 0.573212206 0.34243679 0.0188107789 0.495693237
    0.819741368 0.151502013 0.99061048 0.525773168 0.0104142725
    0.836442828 0.398489505 0.695216238 0.200790882 0.0242192447
    0.240271211 0.0813033879 0.350224137 0.374225616 0.0406782925
    0.785520077 0.167068273 0.310293019 0.325252295 0.874921203
    0.596700549 0.499172419 0.995164633 0.489758819 0.0190404952
    0.180638701 0.0519682169 0.109742224 0.319703877 0.755827188
    0.586895227 0.121380031 0.709410846 0.185476214 0.160124987
    0.503131688 0.129370481 0.0513987839 0.989273548 0.502571106
    0.420015097 0.729092062 0.187561929 0.223443508 0.184323162
    0.558156252 0.45222047 0.345833749 0.612355053 0.250570059
    0.0211522281 0.376657903 0.279844791 0.448234677 0.669961691
    0.746978343 0.678305507 0.506395221 0.293665171 0.572777092
    0.129268259 0.778578281 0.880025625 0.704271674 0.806627691
    0.0180711746 0.207829416 0.751464725 0.667950571 0.388547212
    0.82107091 0.45174402 0.15984565 0.148014873 0.768578708 0.879022241
    0.77910924 0.122703075 0.890386164 0.645684719 0.09764871
    0.478171855 0.757973909 0.779846668 0.89010489 0.92861259
    0.863867521 0.961277723 0.606334567 0.439189762 0.0917091966
    0.147570103 0.468592256 0.680330873 0.400283486 0.229980707
    0.651638448 0.882981181 0.315685511 0.209510267 0.499444515
    0.511075318 0.842838049 0.777293563 0.907193303 0.972013235
    0.551901758 0.794943154 0.698685288 0.741363287 0.899292827
    0.760848641 0.0309973061 0.132883668 0.68121171 0.121033311
    0.118053883 0.63824749 0.9148947 0.346691847 0.162158906 0.838478804
    0.172836214 0.608363271 0.159256309 0.926095009 0.126096457
    0.161375701 0.8517102 0.224082023 0.750801086 0.81773144 0.454907298
    0.435037434 0.274358124 0.52360177 0.278246462 0.33343485
    0.724496305 0.891423702 0.739802718 0.174510658 0.658015311
    0.91307193 0.604660153 0.644119382 0.187335461 0.485102803
    0.300529808 0.698603749 0.26511544 0.302774221 0.141795278
    0.67676276 0.707293391 0.890060306 0.407479346 0.855076611
    0.819146633 0.954876304 0.500798404 0.30813086 0.14212206
    0.569860518 0.357806742 0.0941194892 0.0507162213 0.0821931362
    0.409337342 0.200363904 0.120338649 0.454496801 0.04778409
    0.518035531 0.946614981 0.510532439 0.395266563 0.125039458
    0.927654982 0.435030401 0.453502417 0.0451559424 0.263638854
    0.688718796 0.629725695 0.800875425 0.815834284 0.608799636
    0.255141944 0.973247111 0.647895157 0.39418751 0.319114029
    0.917281628 0.931864738 0.3227157 0.852968335 0.462768495
    0.263880908 0.859714866 0.584495842 0.61299926 0.690666616
    0.416905999 0.218779624 0.0912174284 0.189524621 0.681313574
    0.0905838311 0.718392611 0.439125419 0.880530059 0.488526583
    0.589696169 0.348365903 0.231301993 0.262581527 0.696249247
    0.707014799 0.266895056 0.0497339964 0.120248765 0.163737416
    0.72789669 0.195840627 0.0940662026 0.0509582758 0.910072684
    0.353728056 0.698402405 0.730772853 0.793762267 0.381112158
    0.124220312 0.230293155 0.420016259 0.0208111405 0.347005308
    0.113885731 0.81381321 0.183704078 0.866859436 0.37986654
    0.596442699 0.972209811 0.605470657 0.267731428 0.558800995
    0.994481802 0.800721228 0.741303086 0.250333786 0.00483867526
    0.372134328 0.965364099 0.827110291 0.70408535 0.256998003
    0.482290119 0.469109565 0.422657847 0.370362759 0.84040755
    0.291392237 0.792799592 0.857613683 0.59303838 0.47784701
    0.820911169 0.350038737 0.0655992031 0.266371697 0.302721918
    0.447032213 0.176447958 0.549535394 0.438756019 0.941410542
    0.831641197 0.375699192 0.677694678 0.264703661 0.671303332
    0.726156116 0.607664049 0.432299256 0.878977299 0.368531585
    0.606735885 0.683799446 0.680581331 0.832394004 0.860687256
    0.175544918 0.278513253 0.732659876 0.948818803 0.967504263
    0.287261635 0.528498828 0.722751796 0.726192474 0.184447706
    0.748032451 0.316639483 0.905951142 0.981568933 0.5937953
    0.0216908753 0.980454326 0.614961863 0.930401087 0.115882695
    0.0421410501 0.432434231 0.608734548 0.101713777 0.709360123
    0.54609549 0.0565917194 0.692825675 0.718619883 0.233049691
    0.559326828 0.817722082 0.578284144 0.722889543 0.475407273
    0.223953038 0.629312515 0.951222897 0.102441639 0.88083303
    0.497822642 0.406312317 0.1595034 0.569558442 0.393565536
    0.148877829 0.486142457 0.688232183 0.877729535 0.650700092
    0.524694145 0.166963696 0.877382636 0.387809783 0.472487003
    0.528660834 0.344236642 0.56698972 0.789750576 0.291172355
    0.481038272 0.936684847 0.305595994 0.327955723 0.395964831
    0.579604685 0.48979345 0.413316816 0.331524044 0.468581796
    0.34214139 0.0280632377 0.976048946 0.355414271 0.418028682
    0.416093171 0.214060426 0.29900828 0.914646387 0.162993848
    0.839600086 0.450044394 0.934183121 0.920364261 0.735317409
    0.286254048 0.696143329 0.400831342 0.106360823 0.388994157
    0.548650086 0.301414013 0.917998433 0.398708612 0.515248001
    0.243299812 0.828716874 0.429330707 0.162953824 0.193094701
    0.692275107 0.998465359 0.328843534 0.625676572 0.814886808
    0.537307858 0.655891955 0.372252822 0.287612796 0.928578734
    0.707243621 0.0516610146 0.0397775471 0.697425604 0.339026511
    0.600816846 0.0959481299 0.38076663 0.506176054 0.163992733
    0.627829075 0.956258059 0.169129759 0.868675113 0.366461694
    0.32391715 0.0640072227 0.990282655 0.949396133 0.549310565
    0.282262504 0.577959299 0.518992007 0.145695329 0.53730464
    0.72447437 0.850028753 0.229712814 0.469506145 0.890584648
    0.808683038 0.638010263 0.755454302 0.182389826 0.426263094
    0.785539031 0.547226071 0.791642427 0.615691066 0.344814122
    0.661611915 0.171539277 0.952475488 0.591702461 0.243995309
    0.62649405 0.392456621 0.245823413 0.906228065 0.317188561
    0.268181682 0.323101968 0.0845761895 0.440839648 0.838976145
    0.549095929 0.579318166 0.581576109 0.804166913 0.984308481
    0.646010041 0.918124437 0.986735344 0.0283393264 0.719305694
    0.346390665 0.338738531 0.868173361 0.76436305 0.248541892
    0.157303512 0.964556396 0.596433818 0.19047609 0.780153871
    0.133062482 0.31209296 0.67702055 0.398515612 0.203576446
    0.0344471037 0.440432549 0.0111718476 0.145917207 0.57332027
    0.198071629 0.97841537 0.201846957 0.576280177 0.369482458
    0.811475873 0.509960651 0.0187265575 0.217621595 0.869080663
    0.663432956 0.8096838 0.274481863 0.369054437 0.0402565598
    0.64025569 0.0854076743 0.62501967 0.540790558 0.846915007
    0.439368546 0.713272274 0.092368573 0.907352209 0.299534887
    0.965507627 0.233733714 0.0105018914 0.681957901 0.372581363
    0.990331709 0.875431061 0.468503118 0.00207492709 0.304182917
    0.085318625 0.498435855 0.932878971 0.341683447 0.463791549
    0.175861508 0.25805831 0.0986623168 0.506273568 0.64238441
    0.0481677353 0.225897819 0.888818026 0.714672267 0.695608318
    0.160014272 0.224340528 0.185052246 0.686931372 0.79441005
    0.583919168 0.274452388 0.953736663 0.0361876786 0.849228859
    0.18681249 0.561421394 0.588459373 0.828652799 0.196358591
    0.75646019 0.398758471 0.692803204 0.646126211 0.339324772
    0.900768042 0.228500575 0.697956443 0.569396257 0.243165314
    0.312701017 0.120863438 0.632975042 0.165740669 0.586727738
    0.901007056 0.0608300269 0.665015221 0.614898086 0.231623083
    0.944368124 0.821488142 0.863438368 0.255726188 0.910942316
    0.0804720223 0.64877975 0.871025324 0.256124616 0.27395463
    0.219906926 0.813136101 0.759965897 0.549832404 0.93927747
    0.720068693 0.579320371 0.122738063 0.891352177 0.0619265139
    0.202933937 0.409391403 0.378341675 0.676314354 0.780556917
    0.517964423 0.0847794712 0.209005058 0.424423754 0.152729809
    0.262888849 0.573422134 0.862732291 0.583915234 0.938212335
    0.143890232 0.563879371 0.760949373 0.212021202 0.328052998
    0.669741511 0.429929495 0.268589497 0.392857641 0.57299 0.975227475
    0.933946609 0.299870193 0.862751067 0.978429496 0.196999967
    0.740132213 0.077000916 0.659508348 0.0713055432 0.397977144
    0.691706419 0.80083251 0.818352461 0.483934164 0.214718193
    0.840349555 0.466430426 0.814863682 0.0672236085 0.513566494
    0.983754158 0.938848972 0.834867477 0.738830686 0.325953811
    0.296769708 0.814285517 0.951496482 0.545677662 0.183567226
    0.56008333 0.945338249 0.976734161 0.196795166 0.422066391
    0.454658449 0.421083838 0.605070591 0.055031538 0.779538214
    0.943598151 0.821472943 0.905122161 0.872093558 0.927490354
    0.0639011264 0.231746703 0.00399014354 0.29906565 0.608761907
    0.293291867 0.923476338 0.980157435 0.140155196 0.566491187
    0.0774863362 0.0155850351 0.106938064 0.401286572 0.648210168
    0.373231649 0.841926455 0.620522022 0.286215723 0.220745713
    0.0662188828 0.486488104 0.923517048 0.943909526 0.145271331
    0.612095416 0.00632742047 0.183131307 0.60143733 0.027946949
    0.453031689 0.342261672 0.860834718 0.543479562 0.347007006
    0.0428648889 0.813530922 0.845380068 0.28523773 0.435685188
    0.744149029 0.594835043 0.196858555 0.0471708477 0.297976732
    0.669647813 0.801695824 0.684000492 0.466483027 0.688771546
    0.347827226 0.110967189 0.291683972 0.837209463 0.0345413089
    0.364911467 0.498248309 0.146597356 0.556763947 0.549999058
    0.562525392 0.686154664 0.136949182 0.37935245 0.112770617
    0.313688338 0.445543826 0.150620311 0.567221284 0.970582306
    0.815717101 0.369669735 0.836101055 0.461175293 0.678601742
    0.431584805 0.456802458 0.876470089 0.742651939 0.291062295
    0.627807856 0.510156035 0.638442278 0.867171168 0.556551695 0.979038
    0.274545789 0.815725565 0.401710093 0.420743376 0.415855736
    0.822412372 0.41471523 0.0499635637 0.18666485 0.622276366
    0.22673741 0.146525294 0.303132415 0.977222085 0.0719425082
    0.493610382 0.409241259 0.0657727122 0.00965386629 0.568681002
    0.00994545221 0.704583406 0.0626749396 0.923500419 0.270116091
    0.531210899 0.948740244 0.282738984 0.379958272 0.427832544
    0.390943438 0.195414662 0.107012153 0.802217484 0.293523252
    0.435351193 0.299091399 0.688909769 0.624351382 0.739545286
    0.293690681 0.653996706 0.128413171 0.748779953 0.505129695
    0.693881631 0.0259833634 0.113563925 0.955177784 0.62378937
    0.633351922 0.588073552 0.607036591 0.579222679 0.88509357
    0.825048089 0.107418358 0.446284056 0.53471595 0.467707396
    0.145379305 0.412829459 0.122423142 0.841507196 0.66207546
    0.70097208 0.499199629 0.643420875 0.978510976 0.884259582
    0.566801667 0.934048057 0.785046101 0.531599641 0.662112474
    0.737170815 0.642017305 0.274421751 0.589040995 0.166132271
    0.79527998 0.419130623 0.921971679 0.952088952 0.416168243
    0.953796208 0.077399075 0.0791876614 0.933192372 0.810424924
    0.0152947605 0.526586294 0.071275562 0.875196338 0.44501707
    0.850965023 0.604729295 0.59167093 0.830900848 0.233773708
    0.659510136 0.564638376 0.113851309 0.728824258 0.00921601057
    0.518219411 0.530944407 0.297604918 0.124082685 0.336596012
    0.914712191 0.494760394 0.880100191 0.785178006 0.519923925
    0.89121151 0.281728923 0.0753008127 0.233446598 0.00883623958
    0.755911946 0.745768249 0.885629892 0.75367111 0.58047235
    0.946275592 0.161975265 0.032861501 0.13026008 0.128436804
    0.688817799 0.160136074 0.925291061 0.849782467 0.949988365
    0.0749255717 0.387232751 0.660935938 0.517092764 0.295248002
    0.312407136 0.840275764 0.539684832 0.281015575 0.0960241854
    0.772992134 0.190563947 0.892138481 0.0788379908 0.845229387
    0.388515711 0.557715714 0.690101624 0.712837756 0.838392258
    0.76046896 0.393192291 0.498598188 0.341960162 0.306455076
    0.423724055 0.489396334 0.653967381 0.345802844 0.332633466
    0.0750153363 0.439389765 0.44455874 0.832694232 0.907539368
    0.0790865123 0.0377586484 0.75976181 0.148609728 0.81328702
    0.842588663 0.0245989561 0.805443525 0.6789819 0.538999081
    0.857436538 0.490572244 0.0110220015 0.138277084 0.446145266
    0.438432097 0.747438014 0.649507761 0.0367277265 0.828930497
    0.951380014 0.010316968 0.880636334 0.314770758 0.726624787
    0.363477439 0.404886186 0.221807629 0.236824214 0.334941447
    0.0599439442 0.0705863833 0.702243507 0.408130288 0.82534498
    0.0574193001 0.80582422 0.585015059 0.571403325 0.765952587
    0.54690975 0.673195958 0.0771721601 0.417908728 0.0842127502
    0.0656578243 0.496461451 0.0598749518 0.351253808 0.33222115
    0.180095941 0.059187144 0.50279808 0.246391445 0.86958456
    0.0285534561 0.428703547 0.482579619 0.586046755 0.171434492
    0.0452456772 0.457229197 0.985987663 0.862961173 0.538784385
    0.915151238 0.460829586 0.223830879 0.0889003277 0.49413684
    0.0627706349 0.522412896 0.374026299 0.579371512 0.168998897
    0.310457677 0.516872406 0.559823334 0.550133944 0.653936028
    0.168495923 0.634478688 0.449560225 0.895042956 0.296346426
    0.0310922563 0.782044768 0.814751565 0.569776773 0.0665275753
    0.171069294 0.0102537572 0.358527958 0.0856894255 0.145227671
    0.741669834 0.188612789 0.66461134 0.571212888 0.257407725
    0.721086025 0.437345326 0.432036936 0.217007607 0.75101614
    0.474420577 0.974658966 0.36188817 0.325562418 0.00428459048
    0.921966791 0.0927809179 0.495792449 0.573692322 0.726160407
    0.615115166 0.282854229 0.164031863 0.570254028 0.279687047
    0.349425256 0.187114 0.254699498 0.562384665 0.558203161 0.711553037
    0.77381742 0.275892675 0.232668161 0.543061137 0.243497908
    0.951821685 0.288931847 0.13924402 0.881546974 0.22132495
    0.474238873 0.939428985 0.181055158 0.566707075 0.637503743
    0.588454425 0.228084296 0.154303104 0.487117112 0.0447073281
    0.455863237 0.744922817 0.871994495 0.770167351 0.997576535
    0.269199848 0.329323351 0.715849459 0.83566314 0.950020194
    0.219716728 0.604879439 0.908427954 0.270130336 0.785030127
    0.502044797 0.0201838315 0.993275881 0.557049692 0.994233608
    0.686438143 0.527528822 0.0401948392 0.852562666 0.953110158
    0.932814717 0.68073523 0.659097016 0.695962369 0.454994112
    0.983204007 0.581732273 0.741807878 0.915589929 0.367373675
    0.877475381 0.910701096 0.869024992 0.49377346 0.628037632
    0.678782761 0.17867136 0.512092292 0.0775309801 0.237256408
    0.0618326068 0.193808883 0.730031371 0.826792836 0.425662279
    0.553704381 0.0693249404 0.629288793 0.0129063129 0.59927994
    0.224417835 0.512394488 0.2361404 0.604692876 0.6199857 0.353617787
    0.502665877 0.311804712 0.649433374 0.93773526 0.43717292
    0.384862989 0.401525766 0.556447983 0.969401121 0.350098431
    0.914088786 0.508024037 0.758646071 0.418066561 0.158734322
    0.885492325 0.798325896 0.891240895 0.955394745 0.6350528
    0.0514796674 0.903540611 0.661773801 0.23804903 0.703849912
    0.797572732 0.951803029 0.870963693 0.613945723 0.321652263
    0.900005162 0.872471094 0.92461592 0.526753604 0.223797947
    0.89483881 0.36285463 0.10145238 0.145772994 0.610266209 0.528548956
    0.725325465 0.637783766 0.172097206 0.515859187 0.84641403
    0.777305007 0.238834888 0.909316897 0.851724744 0.00292739272
    0.800894499 0.350758046 0.568215132 0.485599279 0.0954410434
    0.344493747 0.0697794557 0.659882069 0.189389706 0.870432854
    0.311115444 0.851645112 0.193304569 0.694007695 0.562857747
    0.923332036 0.785930037 0.352110177 0.138582736 0.435273051
    0.599965692 0.903835058 0.912615895 0.0527105331 0.128408194
    0.0943401456 0.160356939 0.787784576 0.439072043 0.216905564
    0.829856873 0.0976542532 0.0467542708 0.116630673 0.319408298
    0.468192041 0.0624933541 0.18337363 0.203711808 0.0768006146
    0.879811049 0.791938961 0.835480154 0.300518453 0.44766897
    0.0353368223 0.465151489 0.051335305 0.343052089 0.750783026
    0.665196061 0.816913486 0.822722435 0.267953098 0.186380386
    0.926983953 0.962479472 0.941436529 0.934547901 0.315977275
    0.224591374 0.471972913 0.473388344 0.86295861 0.274898946
    0.370913029 0.771206737 0.75786972 0.615255892 0.698284507
    0.884640217 0.106030971 0.553039253 0.674322128 0.27078113
    0.304046214 0.0109914839 0.73008287 0.484679252 0.617161214
    0.462560296 0.970038891 0.42288363 0.419005215 0.994347811
    0.843893647 0.236362278 0.0892139375 0.703777313 0.9223212
    0.215255767 0.899843395 0.284225941 0.36258015 0.651854932
    0.372699976 0.665408015 0.636722088 0.526731968 0.399133801
    0.334340125 0.829342425 0.680163324 0.460671961 0.35403654
    0.471571565 0.988148212 0.21710363 0.393866897 0.337083012
    0.0496701896 0.582772553 0.405146241 0.250404537 0.583952963
    0.0480883121 0.812327147 0.890777111 0.654219151 0.708586276
    0.363356829 0.238949358 0.0931395888 0.613978028 0.708041131
    0.549620509 0.322831035 0.747319579 0.457494736 0.414482117
    0.497442037 0.749437749 0.338537991 0.193442017 0.263671458
    0.12101692 0.683025599 0.313368917 0.752408981 0.960767508
    0.246678084 0.923500836 0.817052722 0.47439906 0.77376622
    0.297363639 0.358811736 0.909856439 0.286218643 0.847276926
    0.674132705 0.758374333 0.959415972 0.171245068 0.577287853
    0.200622588 0.465465039 0.676974654 0.621545374 0.562758088
    0.430930257 0.208629698 0.347354352 0.848742902 0.731645107
    0.602604389 0.752596974 0.00494280457 0.727891386 0.427636236
    0.120252937 0.134420663 0.025565058 0.577232361 0.146122217
    0.668671608 0.475827277 0.403627932 0.542001247 0.623578191
    0.783924341 0.851494372 0.0961104035 0.547344327 0.796639264
    0.0257077217 0.376691163 0.844181061 0.16459772 0.569296181
    0.117015541 0.216380715 0.14117521 0.0290641785 0.415685594
    0.140078783 0.80286175 0.689003468 0.711266518 0.569396853
    0.577368855 0.204333067 0.033447355 0.000343114138 0.748289287
    0.944106817 0.52084434 0.588158667 0.409602791 0.854633927
    0.678760946 0.229229957 0.0922003686 0.272126555 0.0449138582
    0.378952056 0.375104308 0.0160137713 0.113233536 0.743059933
    0.315415859 0.30330345 0.887714386 0.930211246 0.453059077
    0.719807506 0.102864325 0.0335712731 0.70228672 0.856221557
    0.959152102 0.909635782 0.777881086 0.55689317 0.606338859
    0.180107951 0.370154142 0.777177215 0.827779889 0.966376722
    0.193121344 0.696546078 0.799230933 0.584085047 0.700197995
    0.777875423 0.620682061 0.804515243 0.571410596 0.368976146
    0.979274929 0.563317716 0.423729837 0.119555682 0.921619177
    0.111833036 0.317579508 0.750795841 0.78070724 0.468531489
    0.528588951 0.60834837 0.541760921 0.0515773296 0.604659319
    0.733916521 0.095962882 0.761781991 0.949062347 0.439094573
    0.9686445 0.924875259 0.226442248 0.845926404 0.960219681
    0.114926964 0.819611728 0.843113899 0.0508320928 0.940580606
    0.379956722 0.597073138 0.100000411 0.442709982 0.0867729783
    0.438208163 0.419635773 0.87905854 0.751639962 0.453139842
    0.503611386 0.865066767 0.812636554 0.241321146 0.438942641
    0.197842479 0.9624331 0.387067914 0.0735290647 0.247693628
    0.575514972 0.422461987 0.507177234 0.772803664 0.0889935493
    0.582812369 0.63408792 0.309573889 0.148328215 0.6632604 0.144970149
    0.342129469 0.223541021 0.23490566 0.244939089 0.675839484
    0.497904032 0.432571203 0.622948885 0.344779849 0.782322526
    0.718491137 0.733368337 0.344863772 0.215030432 0.96580267
    0.278891981 0.0232037604 0.567370772 0.56439513 0.57825017
    0.04358235 0.248105198 0.379897684 0.551717639 0.31312722
    0.253828883 0.467938334 0.491652668 0.995484233 0.867082417
    0.851586223 0.55764544 0.790938377 0.495314658 0.964774191
    0.915685534 0.134294301 0.0870288908 0.0480219722 0.957435727
    0.667342424 0.368998557 0.747809827 0.115012139 0.560926378
    0.0377903581 0.499945968 0.627500534 0.574312568 0.487716496
    0.0956601501 0.876181006 0.207535654 0.656857014 0.027145505
    0.0280334949 0.903066576 0.891651511 0.743670821 0.771555901
    0.62084949 0.291789889 0.294057578 0.654329896 0.061504364
    0.796776891 0.87743175 0.780776739 0.148644805 0.578135312
    0.35156703 0.152301759 0.198870659 0.233532339 0.187944531
    0.905853331 0.66149199 0.808277547 0.621484876 0.0642091632
    0.738501966 0.0688631833 0.916980863 0.822294474 0.289455771
    0.00838562846 0.249791592 0.257701397 0.513151884 0.856598377
    0.982926905 0.46067524 0.205339134 0.638855517 0.456406474
    0.74980998 0.745844126 0.686490476 0.081504792 0.0457672179
    0.0642228723 0.373626709 0.100515217 0.426729381 0.811978102
    0.343835592 0.829709053 0.0433001518 0.751995027 0.354264498
    0.0819913447 0.377182633 0.676254869 0.731577992 0.208188802
    0.770516574 0.00946822762 0.631506383 0.0404019058 0.466822475
    0.1439946 0.147584915 0.201878011 0.562153101 0.863179982
    0.0882867873 0.179758072 0.729466677 0.848297119 0.784126282
    0.684491932 0.165038943 0.674266219 0.252070785 0.51995337
    0.0841100216 0.506297946 0.412843585 0.246305376 0.0274677575
    0.21464783 0.282408297 0.407982349 0.802131891 0.996368527
    0.788187087 0.449238002 0.219104409 0.957969666 0.996322989
    0.162119955 0.324145496 0.803872406 0.801724851 0.514235318
    0.431392312 0.323396742 0.591507733 0.61569047 0.583174229
    0.171552151 0.239290297 0.8132056 0.369696438 0.911436558
    0.366995782 0.482589215 0.421557844 0.438103855 0.405308843
    0.425718367 0.715962529 0.120284557 0.587421238 0.832225025
    0.0498602986 0.524411201 0.566938162 0.239079446 0.234152675
    0.72004348 0.24949643 0.777065158 0.152874082 0.691745222
    0.327354461 0.901906729 0.00992792845 0.563633204 0.965307057
    0.632233977 0.845178604 0.659555078 0.337533057 0.513495445
    0.248833001 0.125171453 0.619657397 0.652497888 0.962724805
    0.362393677 0.798801482 0.962774754 0.879436374 0.875826597
    0.52808702 0.986461997 0.555026352 0.0330426693 0.31801486
    0.0902159214 0.0540569127 0.688133836 0.430016875 0.395768613
    0.260866404 0.812190175 0.492572248 0.196364522 0.794038296
    0.948115885 0.509521842 0.314418495 0.538209617 0.698916316
    0.30277288 0.837930262 0.359761685 0.515734613 0.531344891
    0.0141964257 0.304799676 0.312595069 0.303730696 0.625860274
    0.514696062 0.430274278 0.115953058 0.673793077 0.470648468
    0.0647375882 0.00727382302 0.911354363 0.867120981 0.757102013
    0.223190695 0.823647738 0.114021331 0.51541841 0.839549124
    0.728828251 0.607301831 0.709228337 0.0952645838 0.102221429
    0.335481465 0.894628704 0.362825871 0.329024553 0.322018147
    0.363096774 0.260124445 0.320008099 0.680741906 0.70575583
    0.15806517 0.548448026 0.33191371 0.864848733 0.94012624 0.98216486
    0.214341313 0.171533287 0.0294623375 0.99339211 0.00138711929
    0.786981463 0.513851047 0.412709981 0.156917512 0.0276684463
    0.995584726 0.517064035 0.546046317 0.625636697 0.167813689
    0.369179666 0.00544202328 0.626388907 0.716406524 0.0580497086
    0.978634 0.0724407732 0.379644841 0.283368707 0.199858934
    0.409374714 0.926173747 0.390896142 0.506951988 0.738862991
    0.000551879406 0.64045763 0.240701288 0.393644929 0.489048153
    0.0580246747 0.369730771 0.285445511 0.214864671 0.259542882
    0.0516798496 0.91070497 0.55823952 0.450412482 0.138819933
    0.571733415 0.386539698 0.569529057 0.934815347 0.234699637
    0.420551389 0.536610007 0.770799637 0.0531821251 0.100608736
    0.0933731794 0.237365454 0.646521568 0.471395552 0.398474455
    0.518141747 0.096111685 0.273712575 0.962259829 0.0680157542
    0.689225137 0.84154284 0.0365526974 0.104863852 0.741185308
    0.640578687 0.234929681 0.555280209 0.487754941 0.993051231
    0.0592212975 0.714538515 0.358441889 0.350210011 0.200185657
    0.934796929 0.818177044 0.636542022 0.299549729 0.658695042
    0.9023875 0.816387415 0.479320228 0.936695576 0.391638339
    0.695529521 0.0298084319 0.491633624 0.883458853 0.924973726
    0.854129672 0.107400596 0.901520312 0.175955981 0.378665119
    0.743850529 0.564153969 0.605913997 0.865273714 0.752372444
    0.290823579 0.159705639 0.9742257 0.401908308 0.712213516
    0.303938508 0.166960537 0.207138181 0.845679641 0.862282932
    0.423294127 0.17623803 0.765321136 0.550171494 0.62768513
    0.336469591 0.0505663157 0.318169177 0.700220883 0.935433447
    0.174343377 0.278162777 0.207302153 0.872514009 0.885180771
    0.0506917536 0.753886223 0.61806798 0.0554439425 0.577226579
    0.305489391 0.80612582 0.466442823 0.253226459 0.890853524
    0.574570298 0.993959665 0.314656019 0.198959947 0.0596113801
    0.305682898 0.54538095 0.406419516 0.0985262394 0.608930945
    0.336124331 0.628531754 0.565421343 0.743777752 0.8112638
    0.931412697 0.593153298 0.415642738 0.144307554 0.8147192
    0.804683328 0.523055136 0.0672650337 0.012550503 0.187742084
    0.368185133 0.612103999 0.878941536 0.133329123 0.0377545655
    0.428798139 0.773026288 0.3027291 0.681890488 0.977468073 0.15284428
    0.233674556 0.716781676 0.405712843 0.689872563 0.745004356
    0.366933525 0.152051747 0.877671421 0.985120714 0.25211814
    0.120248616 0.164939463 0.360949457 0.161833227 0.150081217
    0.948781312 0.812461436 0.194224209 0.19529593 0.0794982016
    0.614482939 0.854988933 0.673848629 0.38109532 0.636911631
    0.759959579 0.527830124 0.722307563 0.170978069 0.263482869
    0.981951714 0.215013623 0.547685623 0.0573645532 0.38462469
    0.864966393 0.668588817 0.126470149 0.99778986 0.613861263
    0.86094594 0.200446934 0.745202065 0.774710536 0.880920231
    0.00212258101 0.602380097 0.9765715 0.358910501 0.455580771
    0.80109036 0.363731861 0.68038708 0.546483636 0.0356880724
    0.333645821 0.22150737 0.888006985 0.189585775 0.346591115
    0.217733324 0.534505248 0.931571782 0.185101718 0.702502966
    0.223132133 0.0439131558 0.869040966 0.466274947 0.448988825
    0.0952040851 0.409690857 0.152379304 0.328061908 0.687410235
    0.498889863 0.100473553 0.0483687818 0.781767845 0.494457543
    0.547881901 0.665223897 0.405093461 0.470505625 0.175943345
    0.319039464 0.406075716 0.268967211 0.322601289 0.658531904
    0.287842929 0.540737927 0.522705972 0.0998263061 0.782710195
    0.869365633 0.703917384 0.459669828 0.0932828784 0.917603493
    0.597992897 0.233905345 0.237604618 0.0561302006 0.00806260109
    0.886823118 0.689373255 0.0563621819 0.124010921 0.0178979635
    0.491045058 0.261399865 0.302139223 0.583516598 0.415921003
    0.380907357 0.0483908355 0.304153323 0.133132815 0.844006002
    0.95288825 0.906192243 0.374621391 0.0697939098 0.309342593
    0.619973063 0.211565197 0.556441545 0.712749481 0.582533598
    0.947597861 0.974649191 0.187913835 0.531928658 0.0118867159
    0.732722461 0.55301404 0.820351362 0.0731760561 0.470374137
    0.060813278 0.640812635 0.362752199 0.13200146 0.0181156993
    0.877268195 0.0492390394 0.932941973 0.929370224 0.820459425
    0.465734273 0.407513171 0.231295913 0.943767786 0.30467391
    0.976178169 0.126383603 0.472161412 0.127367824 0.71115762
    0.713064969 0.365548074 0.730680466 0.379126519 0.233414024
    0.987347245 0.153811872 0.435644835 0.716263711 0.551685214
    0.336549699 0.666426241 0.97838676 0.445580333 0.0602231622
    0.99115479 0.989100754 0.119875759 0.13681668 0.101554334
    0.331740081 0.761874199 0.21991089 0.479465127 0.76981163
    0.241603225 0.913368344 0.44750303 0.993906319 0.463193029
    0.603528857 0.0566112697 0.388243377 0.849282265 0.166937947
    0.378209919 0.472483277 0.375816345 0.0265889764 0.959450603
    0.535424232 0.347998619 0.0418601036 0.237734467 0.761844099
    0.728189707 0.728635669 0.245406687 0.0704872906 0.269784331
    0.834944367 0.161312342 0.21588549 0.139965981 0.864631891
    0.967124343 0.632448673 0.597562075 0.692649484 0.53757906
    0.836456597 0.80294168 0.342654884 0.0464578569 0.801400065
    0.946361601 0.582001805 0.375738144 0.51800555 0.389568061
    0.708082199 0.812032521 0.255375445 0.373424351 0.091645956
    0.828501225 0.631869793 0.574295044 0.212904423 0.551116049
    0.37575978 0.21657604 0.308365524 0.0816026628 0.00418502092
    0.607056916 0.689907372 0.481653661 0.842617154 0.669848502
    0.80578804 0.220469266 0.358585179 0.750047684 0.733525336
    0.145657808 0.452720314 0.724466622 0.0665563345 0.457360148
    0.570804477 0.379695296 0.697355151 0.943689823 0.0400699973
    0.0714785457 0.440428615 0.101501733 0.207627028 0.028472811
    0.624523103 0.237703949 0.674918771 0.0714220703 0.207416832
    0.972472608 0.254971236 0.24584955 0.0724673271 0.00667849183
    0.65875119 0.0755786002 0.0768038929 0.19280225 0.0384632945
    0.177742869 0.52264297 0.392768025 0.241787642 0.488097489
    0.0395218134 0.257398576 0.593145788 0.228699744 0.105422795
    0.29599002 0.771386564 0.924717188 0.773785591 0.480875313
    0.785816431 0.261199713 0.6459831 0.66019088 0.102945775 0.691339791
    0.707900405 0.240626216 0.419561505 0.0485374331 0.9633255
    0.171190262 0.00116449594 0.66898644 0.637596786 0.55971086
    0.53081888 0.274789631 0.396901011 0.112826228 0.0742616057
    0.471417844 0.293716252 0.977909386 0.771717191 0.324614227
    0.559795439 0.818352282 0.868103623 0.655444801 0.614816904
    0.169414431 0.0692772567 0.173331112 0.301862478 0.0768973231
    0.199907333 0.69035095 0.944020867 0.171362162 0.893470049
    0.800763249 0.447781622 0.0389091372 0.751742184 0.889276624
    0.149127424 0.600658298 0.403053075 0.638291597 0.994311333
    0.609141529 0.53821826 0.861158609 0.489429891 0.47975108
    0.371571541 0.267259181 0.343855083 0.0872807801 0.598873019
    0.353013575 0.782527804 0.176486701 0.48498857 0.541776717
    0.579555511 0.323470742 0.925437927 0.135754645 0.025816232
    0.0457511544 0.764539242 0.310739338 0.786248684 0.423266977
    0.287493616 0.799734235 0.597689331 0.823246956 0.643955648
    0.108665258 0.499010682 0.252824247 0.567980289 0.708604634
    0.574345469 0.608367264 0.649607837 0.872201145 0.48688212
    0.983581066 0.536375821 0.385350943 0.516447902 0.673736453
    0.575067401 0.687704146 0.191975325 0.84609139 0.816157341
    0.514138579 0.464067787 0.0506744981 0.935765266 0.237865776
    0.557329535 0.404289901 0.159063965 0.250062525 0.802677751
    0.0750647187 0.763369083 0.394094884 0.562125325 0.00211164355
    0.129605204 0.846555114 0.546271801 0.755200267 0.679264665
    0.12756899 0.27658993 0.84461832 0.739821911 0.00733229518
    0.67777878 0.825860739 0.575468302 0.137379229 0.741848826
    0.499792218 0.855490267 0.954686284 0.139123052 0.0740950406
    0.504274786 0.825298548 0.0886938572 0.130857468 0.80401957
    0.530331612 0.312822342 0.548652649 0.478882611 0.185366094
    0.182239205 0.0242752731 0.395576477 0.52910316 0.807342529
    0.220481187 0.366946101 0.192224056 0.184914768 0.371900558
    0.82066226 0.0726078153 0.654849887 0.0756202042 0.930234253
    0.574185014 0.150920868 0.541501045 0.322894633 0.81414938
    0.871046662 0.665387869 0.883740783 0.866605163 0.411857128
    0.825027645 0.90370965 0.560350716 0.854460716 0.099876225
    0.594708741 0.6851933 0.395576864 0.780106783 0.0295282006
    0.0349421501 0.39130792 0.950408638 0.581128478 0.0147851706
    0.103415251 0.323991299 0.647139847 0.358727574 0.722344458
    0.639867544 0.525664926 0.203374505 0.122042328 0.598082304
    0.534771025 0.947655559 0.430914819 0.300103426 0.131386071
    0.561894476 0.89178431 0.531604648 0.169423491 0.229527771
    0.424057603 0.376250595 0.359852672 0.401078075 0.983273745
    0.255538702 0.123826385 0.564166367 0.750764728 0.439594984
    0.331865728 0.647270381 0.376973629 0.332048237 0.661435544
    0.800896525 0.379614294 0.212682992 0.236668527 0.337655663
    0.642149091 0.767547846 0.698527813 0.454299927 0.920674801
    0.447928935 0.533486724 0.751363039 0.0508593619 0.252011359
    0.45028916 0.0014321804 0.115233243 0.994662404 0.767050862
    0.784038901 0.130297482 0.865589261 0.0755565166 0.176344782
    0.554829836 0.102525055 0.142060816 0.0465588272 0.89894712
    0.0954053104 0.0948353112 0.256020367 0.219925135 0.44039771
    0.224335879 0.416302651 0.416919142 0.945299029 0.215997815
    0.117425919 0.332480997 0.934292793 0.311321646 0.776832461
    0.315434217 0.32249856 0.0472809076 0.682947636 0.887374103
    0.718267739 0.994857848 0.463158727 0.170362622 0.850292742
    0.544084489 0.732492149 0.655281186 0.597703934 0.254201084
    0.820924401 0.438585609 0.515298009 0.329370737 0.920906544
    0.223531812 0.38777101 0.499528766 0.917823315 0.101157486
    0.89929229 0.00109812617 0.30418402 0.633444786 0.0217438638
    0.594627798 0.268363237 0.401854515 0.107331395 0.659129143
    0.116478354 0.522809088 0.773128629 0.594189107 0.20382309
    0.0255245864 0.33839649 0.858290255 0.865109444 0.143577367
    0.239149779 0.846726358 0.0202311873 0.415062159 0.245468467
    0.43923986 0.39883548 0.288801968 0.858467281 0.871323407
    0.791795731 0.138015121 0.313227266 0.516820073 0.620258451
    0.671456873 0.143598884 0.67901665 0.127089739 0.469852358
    0.792535722 0.0947960913 0.16005376 0.134922385 0.00708600879
    0.957194328 0.19025889 0.251169145 0.562566221 0.274981976
    0.748401582 0.669237971 0.193261415 0.0990470648 0.794061124
    0.259817123 0.600855768 0.702509046 0.393470883 0.688775361
    0.668834209 0.252408534 0.205500901 0.435438216 0.0204809606
    0.0584137738 0.855277479 0.395248026 0.939392686 0.0997167826
    0.0901862681 0.267225981 0.156360418 0.980552435 0.151913583
    0.706093431 0.140345216 0.81810832 0.652171195 0.241654813
    0.0711057782 0.0855033696 0.694394588 0.360664129 0.757014632
    0.106583953 0.976692796 0.752231121 0.687548161 0.197209477
    0.366224349 0.494491398 0.511330009 0.822436929 0.0326804817
    0.884619474 0.627165794 0.46308744 0.312868774 0.734446108
    0.933879137 0.865735769 0.105752438 0.83875823 0.98641026
    0.299240291 0.95313406 0.109799057 0.435661256 0.343661606
    0.465633065 0.633720577 0.300056309 0.74773854 0.609122336
    0.511083364 0.680696428 0.33585608 0.23017478 0.00224363804
    0.00910907984 0.61100024 0.439870209 0.722908854 0.532239854
    0.428290725 0.635058224 0.527967274 0.552863061 0.678676307
    0.426390499 0.794288993 0.203319579 0.638514459 0.56865114
    0.208284318 0.21845293 0.00902402401 0.79120332 0.444914788
    0.0913731456 0.246503085 0.0214051008 0.0480947196 0.430774629
    0.697509885 0.224613726 0.602965534 0.0162208378 0.697547197
    0.885891676 0.307717234 0.684182227 0.903386831 0.941031814
    0.669139445 0.969253659 0.827464581 0.286740124 0.0618933439
    0.82580322 0.00581932068 0.227591485 0.419730902 0.124223232
    0.460283518 0.448583812 0.645267487 0.27904129 0.991762638
    0.976580799 0.453724563 0.180700362 0.258768469 0.101875633
    0.37855196 0.169358373 0.785331786 0.562005341 0.681494415
    0.986076593 0.299071908 0.437162668 0.360518396 0.0515288711
    0.853522658 0.532970786 0.963596463 0.674417555 0.936381459
    0.855405509 0.497107714 0.302191406 0.649464369 0.835077286
    0.567438006 0.956919551 0.125337392 0.456830144 0.682183981
    0.944086552 0.240101784 0.701956332 0.580834687 0.725326121
    0.714968741 0.244632483 0.280390024 0.379487216 0.664740562
    0.716623366 0.670127332 0.950026453 0.542239964 0.0805256963
    0.714424491 0.194657743 0.176080376 0.899682462 0.228303552
    0.11755687 0.301574111 0.959239662 0.162041962 0.449168712
    0.437368989 0.650557995 0.839048028 0.913149834 0.432187736
    0.363233685 0.750168085 0.085100621 0.103772074 0.316581607
    0.0674224496 0.434885114 0.0828829706 0.499181837 0.831138909
    0.683308363 0.606991827 0.447698742 0.0711076558 0.416639239
    0.977431893 0.0536530316 0.201190829 0.0151075423 0.571996331
    0.81413722 0.547304451 0.690446794 0.913540244 0.915579021
    0.280090928 0.426596433 0.0652965903 0.947369874 0.0206865072
    0.419900656 0.375740528 0.294626892 0.585162103 0.460892677
    0.719810605 0.868126869 0.460270435 0.153780639 0.180862784
    0.902752221 0.506375313 0.233879775 0.199443966 0.596843421
    0.837111235 0.488787144 0.619591117 0.667044282 0.94196403
    0.100752503 0.843304455 0.491241217 0.716439188 0.796880722
    0.752207279 0.476537466 0.333744407 0.0947687626 0.886786699
    0.969340622 0.352060735 0.805652857 0.644398332 0.417081177
    0.855293095 0.069797039 0.925465047 0.221586525 0.191786617
    0.932343841 0.682872832 0.580782354 0.307656765 0.981094718
    0.706450284 0.783982754 0.370072871 0.904807627 0.460898817
    0.624604106 0.695938528 0.413181186 0.774550915 0.349719822
    0.33273828 0.673175693 0.350019336 0.235404879 0.456862152
    0.0253303349 0.24484399 0.903411865 0.843530178 0.703999221
    0.332998365 0.623360872 0.66613698 0.935778856 0.404411197
    0.615474105 0.681889892 0.959445715 0.71252048 0.100348413
    0.0731215775 0.823961496 0.874510407 0.95094198 0.831582844
    0.676852226 0.119423538 0.679772496 0.348955065 0.162279278
    0.63597244 0.308195353 0.726866305 0.652424097 0.588297606
    0.00920549035 0.952216983 0.477358848 0.225309938 0.237796336
    0.376984745 0.142247528 0.35922271 0.511154711 0.604854584
    0.33745271 0.510599434 0.774747968 0.508059442 0.0985580087
    0.834357381 0.15894106 0.833121002 0.633542717 0.741963267
    0.376455069 0.623393595 0.852044582 0.0953554511 0.594688177
    0.165579885 0.514072895 0.393138915 0.0758423805 0.321799874
    0.328297794 0.901103497 0.739892721 0.340609252 0.695683479
    0.78621459 0.528571188 0.342110753 0.940418005 0.837348223
    0.633749247 0.391103148 0.550442338 0.263305902 0.453042567
    0.817629576 0.126402736 0.890456557 0.497367829 0.0343316793
    0.907202899 0.327929497 0.394558311 0.722058058 0.415271997
    0.860919952 0.322647929 0.982776761 0.197037339 0.265206754
    0.509930551 0.657800376 0.858015418 0.0739977956 0.898780584
    0.344688475 0.653752744 0.975005984 0.637660742 0.626104712
    0.506071031 0.455061615 0.454617471 0.590062618 0.105623156
    0.304282129 0.991754413 0.888798356 0.936072707 0.742114723
    0.532550395 0.679432571 0.383900613 0.988362193 0.2775141
    0.858249426 0.711476445 0.285404384 0.274207741 0.580322027
    0.112455398 0.413769752 0.456520766 0.344345868 0.14228642
    0.739066541 0.518713295 0.076475054 0.373271912 0.969954491
    0.27075386 0.160040051 0.567053318 0.502802908 0.219507247
    0.448076248 0.658480227 0.646499753 0.44070825 0.509120226
    0.244128048 0.449200392 0.725332499 0.867736876 0.594971895
    0.241665214 0.770466805 0.567668438 0.101442993 0.01148808
    0.938247442 0.852081954 0.621376932 0.183292806 0.963721752
    0.0176220536 0.656746209 0.391933471 0.803441286 0.911124825
    0.0189338624 0.109152555 0.975337625 0.512374818 0.465993106
    0.637487411 0.55150646 0.29718563 0.396502554 0.227788091
    0.917908192 0.969536662 0.0268507898 0.564632237 0.631642103
    0.437831014 0.167683601 0.790558219 0.136285752 0.362104535
    0.957882524 0.410412937 0.143718451 0.544063449 0.125283003
    0.906968713 0.732303262 0.317423582 0.0108934343 0.0694922209
    0.220236242 0.723151803 0.0705709159 0.608689785 0.167547435
    0.967583537 0.116131693 0.779718697 0.752689004 0.0870885551
    0.28828156 0.141828299 0.0471719503 0.371730745 0.745066822
    0.789357185 0.390875608 0.922953784 0.499737471 0.788981795
    0.528926015 0.582759261 0.262308568 0.978706956 0.911026597
    0.322279304 0.0825142264 0.278367102 0.242524236 0.158201635
    0.870351076 0.300991386 0.37429744 0.205506682 0.66350174
    0.0570886731 0.336216569 0.260750294 0.57071352 0.344528794
    0.213227868 0.32071802 0.247686774 0.461110592 0.759445906
    0.440527976 0.766373038 0.176842958 0.282406747 0.903978229
    0.437975824 0.835288286 0.672622442 0.265226841 0.989360213
    0.452996045 0.812446713 0.0408864319 0.211073816 0.983148217
    0.585614622 0.307524621 0.468194097 0.592005193 0.327716172
    0.0634814203 0.927786589 0.996921182 0.0706833303 0.583921969
    0.212079048 0.880965352 0.373338401 0.863241732 0.635914445
    0.0992492735 0.827477276 0.913065791 0.69164145 0.285103798
    0.281636745 0.627700984 0.15230307 0.731587172 0.316460997
    0.161716223 0.9365924 0.630869806 0.576305807 0.107573926
    0.484986752 0.287060678 0.685744643 0.593928397 0.578152299
    0.776076317 0.640616179 0.222931713 0.472767293 0.426965505
    0.150211334 0.304902315 0.971656799 0.134063423 0.618173957
    0.359571099 0.465290457 0.748913527 0.954793394 0.650790691
    0.476451635 0.352472603 0.613788188 0.520736039 0.0977421701
    0.53969264 0.574595094 0.444451451 0.57969749 0.176871777
    0.485942483 4.9084425e-05 0.327824414 0.108451486 0.944594264
    0.840739548 0.341006666 0.0643174052 0.845926523 0.723509133
    0.921678722 0.419587463 0.511981368 0.0344525874 0.459925085
    0.509531021 0.665341377 0.125414908 0.0934918821 0.699153423
    0.81245935 0.318268239 0.745180249 0.0239517391 0.60860306
    0.519996524 0.697844505 0.547110558 0.78627789 0.975574493
    0.820690989 0.546013474 0.913023949 0.0522532761 0.687871575
    0.568065643 0.78963393 0.306673467 0.109380692 0.688490868
    0.633405685 0.929929614 0.937872171 0.307036042 0.709355474
    0.127849102 0.713328421 0.909690619 0.701467454 0.828455925
    0.408179134 0.799439549 0.372735023 0.974948704 0.813128114
    0.894460917 0.820031822 0.296219468 0.0456350744 0.0307331681
    0.266766101 0.731538415 0.521198452 0.495983273 0.392939597
    0.218707681 0.905954719 0.532256782 0.927607298 0.780232906
    0.956069946 0.210759372 0.416635394 0.0811008215 0.0660528243
    0.826464236 0.253091186 0.542096257 0.735289216 0.0458901227
    0.926538408 0.492593378 0.0529277027 0.141676664 0.486616611
    0.649964392 0.10874179 0.550077319 0.658018112 0.701383591
    0.933007896 0.200879067 0.22363165 0.0341900289 0.388247371
    0.539539516 0.851328969 0.299767613 0.774284065 0.894671798
    0.411718905 0.503578186 0.121581376 0.370635509 0.288617015
    0.576148212 0.348413855 0.567105711 0.327566206 0.669561267
    0.493682116 0.253216565 0.11767146 0.679390848 0.689059734
    0.933607221 0.01161623 0.945142567 0.588055134 0.910919189
    0.270776808 0.492605716 0.245957643 0.152814925 0.397173703
    0.845827579 0.898239315 0.138205439 0.262702346 0.836352587
    0.557239294 0.13901341 0.187730163 0.848693967 0.87255764
    0.177943796 0.129618496 0.626646399 0.914903343 0.84715718
    0.697995007 0.980062008 0.991811514 0.695116222 0.414139926
    0.044056654 0.405482888 0.293035388 0.828609705 0.379354179
    0.418271661 0.527739704 0.289708525 0.326212764 0.823286057
    0.597578406 0.328460038 0.814134419 0.0344319046 0.258631766
    0.288690597 0.619723797 0.494254917 0.475297928 0.831497192
    0.441565394 0.794354796 0.633815348 0.127019376 0.460800201
    0.754378915 0.202932239 0.386190712 0.212274134 0.374824762
    0.0426695645 0.348851562 0.912892222 0.137275785 0.473102659
    0.342499495 0.491002142 0.330878675 0.300319016 0.0448332429
    0.27831167 0.236193746 0.134889603 0.414332002 0.225434184
    0.42835775 0.132721424 0.631579161 0.183426261 0.237999618 0.6430282
    0.957277834 0.762066126 0.664261699 0.316514552 0.751856208
    0.192172647 0.817856431 0.0526326597 0.0238190889 0.285851806
    0.0730241537 0.717489243 0.748841822 0.452379584 0.87559545
    0.74982214 0.541952968 0.641528428 0.531343341 0.698451757
    0.733549893 0.108202547 0.73203516 0.698584259 0.0525117517
    0.49207443 0.886305213 0.988382816 0.649337947 0.543003082
    0.874656916 0.498803347 0.186937213 0.457466274 0.21573925
    0.291760564 0.990059137 0.466593415 0.611192584 0.42287305
    1.31130219e-05 0.382158101 0.266556591 0.983795345 0.0366131365
    0.950850725 0.329532534 0.710548103 0.47676447 0.570741177
    0.348518252 0.816665888 0.447126329 0.430422425 0.533806384
    0.909026265 0.202946723 0.735112309 0.275706321 0.784995496
    0.978738129 0.765871942 0.173984647 0.599751472 0.242067695
    0.422804266 0.936218143 0.839358091 0.686103106 0.109978676
    0.334282309 0.403077155 0.806732655 0.000605463982 0.908792496
    0.608830333 0.0408680737 0.811191678 0.157912701 0.641248882
    0.863362253 0.643133998 0.0032877326 0.856501222 0.82649982
    0.0201284885 0.315846026 0.0524977148 0.688158035 0.532829881
    0.0431438684 0.485479385 0.921889424 0.475660443 0.32966435
    0.916975498 0.332502067 0.38873142 0.505613387 0.602478147
    0.863161623 0.56223315 0.376360983 0.331454217 0.302293807
    0.934056938 0.691562057 0.106642812 0.302663088 0.811851263
    0.137125909 0.0140286088 0.368113101 0.15181604 0.786877811
    0.315615118 0.268221736 0.71278125 0.153354198 0.298054278
    0.0278077722 0.0907526314 0.0912970304 0.561445832 0.376598239
    0.0743403137 0.477580369 0.807850718 0.222180873 0.281297952
    0.604682803 0.756635249 0.764233828 0.848958015 0.861350894
    0.0186222494 0.73487246 0.0380756259 0.584193468 0.780152977
    0.224741638 0.0743139982 0.224041551 0.540063858 0.477971107
    0.252797604 0.0182363093 0.628043294 0.621658146 0.0121837854
    0.337127954 0.10047704 0.344109714 0.391136765 0.828594327
    0.526495278 0.222740322 0.938494623 0.20717448 0.141675919
    0.663597107 0.644990146 0.535053253 0.344095588 0.0110481679
    0.906795859 0.0173608065 0.287076235 0.886790812 0.212955654
    0.3684569 0.5617823 0.859255791 0.580335498 0.339687943 0.494696349
    0.45131427 0.943323672 0.887975216 0.399953365 0.61632216
    0.269918382 0.260772824 0.947682858 0.170605272 0.471375316
    0.632154047 0.631440639 0.47138086 0.135243028 0.117536128
    0.528660357 0.112046808 0.637285352 0.680704176 0.251202106
    0.722111225 0.475668877 0.353735417 0.221096098 0.980315447
    0.253486574 0.298626989 0.963344455 0.786688626 0.0536593795
    0.69098413 0.897777677 0.441005647 0.48059532 0.431637287
    0.340194881 0.232073963 0.324360251 0.872605562 0.386498094
    0.730195642 0.865839839 0.471441656 0.10130623 0.153977454
    0.150486499 0.835294485 0.475862801 0.896170259 0.485889256
    0.769362807 0.903568745 0.351931751 0.53305316 0.791060805
    0.504306018 0.567047119 0.72233355 0.893563271 0.0125080347
    0.178138673 0.0513622463 0.982175529 0.735681772 0.375303864
    0.100437194 0.0711926818 0.441127598 0.338700175 0.503778815
    0.79191792 0.61003685 0.614814997 0.0486052036 0.283832908
    0.102518082 0.666559219 0.00871133804 0.319034338 0.252708793
    0.994614244 0.443209976 0.594877779 0.829466343 0.885232568
    0.845888257 0.164835781 0.295210481 0.950073838 0.694185257
    0.823059261 0.876073599 0.0571939945 0.51390034 0.112271667
    0.440162063 0.669286251 0.880341411 0.742510796 0.36126852
    0.00121963024 0.586410046 0.0379491448 0.265418887 0.795049787
    0.474339485 0.784737766 0.195039541 0.00399431586 0.413453162
    0.105382383 0.570702195 0.845426559 0.909091055 0.170542836
    0.462094307 0.427541375 0.221824706 0.046870023 0.751438856
    0.438308179 0.395228595 0.754598022 0.214738578 0.96541214
    0.154570907 0.783413649 0.671070576 0.69449091 0.842137575
    0.00406575203 0.0364338458 0.962789536 0.845007956 0.633508265
    0.456790835 0.938720822 0.975188375 0.52529788 0.744872987
    0.969186187 0.977479935 0.46456933 0.667808771 0.150309294
    0.658910871 0.574840069 0.367884308 0.71822381 0.976624608
    0.0293767154 0.119851947 0.530234158 0.904098392 0.304151982
    0.241069287 0.234826505 0.746037245 0.153311729 0.639219642
    0.935180187 0.678294659 0.687363029 0.977645755 0.298838079
    0.617791653 0.474622637 0.770058751 0.867662668 0.521574795
    0.2486718 0.759255946 0.477549613 0.104210228 0.903153658
    0.113392383 0.531803012 0.746758819 0.948351026 0.928147912
    0.0516180396 0.851942778 0.940451026 0.230343789 0.250455737
    0.318421692 0.236557603 0.617067516 0.441187561 0.291083217
    0.425844699 0.949679852 0.332398325 0.706931949 0.143514127
    0.436123192 0.28322503 0.0374590158 0.0651889145 0.816067696
    0.723744035 0.129858315 0.758561015 0.382616192 0.970768809
    0.514440477 0.820660114 0.382558167 0.411511898 0.894564211
    0.133636385 0.307094216 0.561638415 0.169540077 0.878129423
    0.781004071 0.54294157 0.871693969 0.540400445 0.93691051
    0.588925481 0.462270796 0.265439808 0.357459426 0.760513842
    0.159379929 0.725465536 0.848636746 0.14815107 0.880748272
    0.963361263 0.726882875 0.45437324 0.474000275 0.850658596
    0.847785532 0.70555234 0.725486338 0.425670087 0.860097885
    0.789664745 0.873506904 0.785563827 0.712714732 0.693284452
    0.0505027175 0.744228363 0.572215259 0.398178101 0.734660447
    0.00971919298 0.350093484 0.160379231 0.155525625 0.559727311
    0.885505855 0.60882169 0.54353261 0.955570221 0.427923411
    0.331378967 0.691795051 0.288229346 0.49382937 0.590165675
    0.494896412 0.902742624 0.578431249 0.262460172 0.546429753
    0.703343749 0.435910016 0.328173339 0.40693289 0.568699777
    0.240679801 0.971621394 0.844357491 0.833240509 0.29392159
    0.510915935 0.791457415 0.53615135 0.745686471 0.898612857
    0.997406363 0.0616251826 0.447353929 0.297605276 0.649784505
    0.232378572 0.858340263 0.653614819 0.668628633 0.413152516
    0.135271817 0.594372034 0.268936962 0.723876119 0.68223846 0.9648875
    0.336408436 0.393424034 0.655024469 0.893544436 0.335331857
    0.749564052 0.371067762 0.193683028 0.0309870541 0.631445706
    0.39108637 0.271369696 0.127092868 0.37663877 0.144313276
    0.304710746 0.586867332 0.323614955 0.314904034 0.409888089
    0.445993364 0.862258434 0.997525215 0.65515101 0.263154715
    0.503915846 0.808392107 0.457609534 0.146887004 0.0867996216
    0.950558901 0.409784138 0.906894922 0.227639288 0.237431437
    0.179582834 0.914158583 0.593586743 0.314000189 0.868846297
    0.471651316 0.691296577 0.218729317 0.498502791 0.546585679
    0.851865649 0.897136688 0.697788179 0.809012532 0.666214883
    0.401720673 0.436953545 0.676133633 0.735075116 0.352199584
    0.163606375 0.775002062 0.988765001 0.728870928 0.973917961
    0.262562513 0.458671838 0.0436242521 0.683631778 0.104941547
    0.545033634 0.781012893 0.018217504 0.80958426 0.906917334
    0.168373674 0.769468248 0.67008698 0.160729408 0.901407003
    0.898029625 0.421994478 0.367647439 0.830801487 0.438748956
    0.994769573 0.487814009 0.34217903 0.016240716 0.869500279
    0.573490322 0.71105516 0.0901173353 0.686604738 0.0121713877
    0.896939158 0.930994987 0.552147508 0.145249993 0.0142460763
    0.307800472 0.924099147 0.18356055 0.4967812 0.117937505 0.88836658
    0.739834845 0.236278772 0.882436991 0.0123605132 0.738066554
    0.992429495 0.204111308 0.919502079 0.151644886 0.231724828
    0.18777141 0.917840958 0.175416738 0.708710253 0.312395543
    0.293363035 0.729988456 0.768219888 0.226204872 0.184613734
    0.544863522 0.374060035 0.958868325 0.349897861 0.380720943
    0.872380495 0.394619226 0.694637656 0.542213798 0.679380894
    0.842232585 0.247770309 0.683032215 0.615603685 0.642953157
    0.956195116 0.984828949 0.818097651 0.875244021 0.192630649
    0.928411841 0.16981858 0.439877689 0.401129127 0.0732954741
    0.473507524 0.803410769 0.490366668 0.361444652 0.975812078
    0.299548984 0.136226982 0.898881793 0.987676263 0.3955082
    0.711377561 0.877672791 0.768848717 0.206130147 0.144797117
    0.617768705 0.99800235 0.738749385 0.512719214 0.0804285705
    0.514997661 0.781820714 0.448758066 0.497743279 0.998481393
    0.778892636 0.296026349 0.52138555 0.306316316 0.839576125
    0.269820273 0.101188511 0.0281662941 0.0324082673 0.725812316
    0.563748479 0.857288659 0.995339334 0.145230502 0.537090659
    0.402910769 0.11696431 0.662524641 0.160707086 0.954702139
    0.207169682 0.0434961021 0.118015647 0.332131863 0.0719643831
    0.861544728 0.384991944 0.264796138 0.851400912 0.95443964
    0.635988116 0.135239571 0.673140407 0.517799377 0.754137278
    0.0800065994 0.76851356 0.393492758 0.411824107 0.496586919
    0.120155275 0.198386163 0.0595315397 0.577708721 0.0346105397
    0.464842767 0.946105778 0.838617384 0.707441151 0.163888246
    0.924243212 0.871942282 0.0381001234 0.239155531 0.0313309729
    0.808434367 0.850745678 0.103308678 0.114129096 0.426106453
    0.983211517 0.143617988 0.459185481 0.512663662 0.587928057
    0.782784939 0.0579717159 0.778023362 0.914820254 0.68188107
    0.209179878 0.471739382 0.0104110837 0.747823536 0.958688259
    0.516043246 0.0895179212 0.335021436 0.111446857 0.243624717
    0.949449897 0.291416764 0.880835295 0.150629401 0.294846386
    0.655344903 0.286311388 0.966651917 0.978638649 0.141577154
    0.431762516 0.532972813 0.0640255511 0.542846322 0.776904583
    0.780566692 0.160821706 0.152953923 0.425901264 0.640096784
    0.829726696 0.557087183 0.0919648707 0.454247981 0.817965269
    0.943572521 0.0844372809 0.543569386 0.734805048 0.690277219
    0.814655006 0.0881979465 0.804955363 0.096908778 0.16739732
    0.181021333 0.211387992 0.788570702 0.880582631 0.791678548
    0.476093829 0.175712049 0.583567798 0.317095578 0.779722333
    0.293732435 0.0487196743 0.0429014266 0.821596086 0.675077319
    0.355019361 0.0131442845 0.86652863 0.584286094 0.906725764
    0.727584839 0.442471504 0.301095724 0.331302941 0.171297193
    0.226861447 0.915907741 0.485366672 0.427437037 0.661152959
    0.479437649 0.384912968 0.572746575 0.473625094 0.840614676
    0.149224341 0.736521482 0.616364002 0.444595486 0.563258111
    0.17714116 0.824141264 0.422854215 0.416917861 0.384547412 0.8600142
    0.447529078 0.387132615 0.530437469 0.110557288 0.0521376729
    0.467226565 0.0967388451 0.372379243 0.946476221 0.496694416
    0.647079349 0.360577583 0.428312391 0.381483346 0.852230906
    0.845615864 0.970478773 0.754260302 0.300411344 0.601142108
    0.541630626 0.144862413 0.588693857 0.140587389 0.814089894
    0.621465027 0.225718975 0.746979952 0.0862672031 0.0749998987
    0.980617404 0.204692364 0.531642854 0.337049633 0.432976633
    0.159802318 0.484398901 0.54637605 0.858105421 0.337978244
    0.585672021 0.733133972 0.663622618 0.317932993 0.64589411
    0.922531784 0.491225481 0.155014545 0.610743344 0.676498175
    0.53012377 0.940056086 0.499744058 0.377894551 0.928646803
    0.0125689805 0.660782814 0.179751426 0.494307578 0.415963918
    0.357995898 0.23471874 0.614271104 0.894992411 0.0630989671
    0.872032642 0.608455658 0.530789196 0.22943601 0.28180331
    0.719779968 0.512349665 0.215406924 0.579227269 0.206844628
    0.941081762 0.820430696 0.494223177 0.790667415 0.546420336
    0.520601094 0.033483237 0.48568663 0.139152288 0.281513512
    0.501668334 0.328509331 0.674803853 0.896230578 0.28331089
    0.310668588 0.261084497 0.502923191 0.132044673 0.30558452
    0.309021115 0.786250234 0.650689483 0.972631812 0.882931888
    0.285617352 0.344994724 0.0381552577 0.974738717 0.628623009
    0.963736296 0.893357456 0.387115628 0.304501206 0.699501276
    0.315545559 0.0185196698 0.409223974 0.617264271 0.89338851
    0.321861297 0.5512169 0.187425375 0.69512558 0.935390711 0.336485028
    0.931546211 0.465716213 0.0663042665 0.0837078393 0.384163678
    0.458793849 0.402585089 0.0662699938 0.801046968 0.210312814
    0.756326318 0.865573525 0.229410678 0.525752783 0.89619875
    0.58661437 0.695649803 0.944931686 0.829991937 0.183989733
    0.74066031 0.236057699 0.274155617 0.969640493 0.430287272
    0.83849895 0.78887707 0.633138716 0.975685239 0.90524888 0.793855309
    0.789111555 0.333337516 0.639386714 0.174753755 0.266748518
    0.283310205 0.124669224 0.123669565 0.473118722 0.786966324
    0.290947616 0.429571539 0.817458272 0.244039565 0.176625341
    0.952524066 0.367070496 0.43967998 0.590898514 0.168069273
    0.672579825 0.79664886 0.582916379 0.482495576 0.76400125
    0.038872689 0.164092153 0.81569916 0.940715551 0.546555281
    0.696654975 0.851349294 0.279762745 0.869671285 0.571073592
    0.0187706351 0.381424189 0.584695458 0.261100054 0.818174839
    0.976615965 0.887131035 0.330556571 0.533695161 0.0255835354
    0.0241153538 0.0716223419 0.196564972 0.717275798 0.0471827984
    0.902339697 0.82657516 0.344758868 0.699699759 0.845499516
    0.649086714 0.473629951 0.731054187 0.847277701 0.752995849
    0.0322757363 0.33329165 0.0692849159 0.847991526 0.790399432
    0.839912295 0.47217983 0.722899735 0.529265106 0.808216631
    0.411371768 0.308520436 0.0676837862 0.626415253 0.918669701
    0.301562428 0.267420411 0.98683393 0.750918627 0.619059682
    0.821785331 0.891691625 0.911988139 0.389901459 0.342392981
    0.303639501 0.728309214 0.940904379 0.755884647 0.032553196
    0.605435431 0.385388792 0.630205035 0.17383498 0.46158126
    0.657515764 0.132687688 0.981931925 0.398137987 0.101486892
    0.0567351282 0.66611886 0.598259211 0.378537923 0.884830832
    0.728165209 0.0203556716 0.664657712 0.0487216711 0.88106066
    0.685701728 0.80819118 0.83575052 0.210142702 0.428901345
    0.911790967 0.859222889 0.546635032 0.639194131 0.735343337
    0.688804746 0.253302336 0.731562734 0.409837425 0.175837129
    0.997208118 0.493508905 0.545049369 0.493238121 0.904111147
    0.320979446 0.701050282 0.509337604 0.483618468 0.292993248
    0.876615167 0.803388238 0.767107606 0.500181615 0.0276505351
    0.923161507 0.896733642 0.862498343 0.77205956 0.602362931
    0.624941885 0.525937319 0.588175297 0.860388458 0.752252936
    0.288363993 0.287754714 0.878511667 0.331377089 0.0849159956
    0.468067527 0.163700879 0.798145771 0.173365414 0.142591178
    7.92741776e-05 0.680666864 0.0592139959 0.263038099 0.638990998
    0.407291174 0.162323147 0.143112272 0.675788105 0.719414115
    0.160361558 0.614932895 0.587817788 0.509274006 0.848208904
    0.169806957 0.957336068 0.242842287 0.246685028 0.709233582
    0.594703019 0.476405859 0.652276933 0.16084218 0.686510801
    0.644683897 0.908047199 0.489745706 0.944657683 0.304120183
    0.275334954 0.90724349 0.397270799 0.714588106 0.0246934295
    0.0746250153 0.334924906 0.191610634 0.685759425 0.881792426
    0.210851252 0.210027158 0.748514831 0.29594475 0.581294537
    0.78428477 0.591193378 0.37706241 0.114213645 0.193095475
    0.620945334 0.995420992 0.104565144 0.223355383 0.83820051
    0.0764153898 0.559303522 0.0952195525 0.64902246 0.0741863549
    0.873963654 0.759149432 0.707351029 0.707450151 0.880524457
    0.354063362 0.0580143631 0.555924177 0.139427096 0.599209845
    0.676470995 0.30757919 0.694223225 0.678115249 0.342448056
    0.159470201 0.378346801 0.575906754 0.541793704 0.750611126
    0.672344923 0.609607935 0.491931975 0.864644825 0.58379972
    0.599121273 0.259258926 0.108789921 0.05164814 0.887261271
    0.572249413 0.721360087 0.649571478 0.459553838 0.533093631
    0.896061122 0.996332824 0.594179928 0.953989029 0.159233749
    0.329459339 0.701640487 0.666664839 0.737363458 0.304701388
    0.166847467 0.349175394 0.96559155 0.396191478 0.685532212
    0.811695874 0.579630435 0.343472898 0.597739041 0.430438071
    0.676161706 0.835888505 0.138865501 0.964984179 0.2483913
    0.867415071 0.614753783 0.0375039876 0.751050949 0.532916963
    0.247328371 0.213901818 0.562702775 0.594672501 0.742934346
    0.29259488 0.351135314 0.471970528 0.269278109 0.316627592
    0.708721995 0.438152343 0.535711586 0.453176707 0.227917433
    0.489625692 0.339516342 0.883810937 0.410280943 0.842208624
    0.967769623 0.794402242 0.330489606 0.0482832789 0.0274739861
    0.17055434 0.667478681 0.868486285 0.165309101 0.303894669
    0.311185718 0.958644629 0.357928962 0.124547631 0.0805620253
    0.0718583167 0.125686973 0.258610785 0.0398730338 0.712010264
    0.558030784 0.0273512602 0.301149666 0.738035083 0.900444746
    0.300301135 0.284710735 0.798652768 0.177626282 0.670617223
    0.0962209702 0.132730961 0.591848612 0.273624033 0.172901034
    0.270449042 0.438822389 0.714019656 0.811845362 0.0830316246
    0.633106828 0.06482023 0.862774372 0.319773436 0.837398529
    0.252753258 0.726060987 0.0282697976 0.0889063179 0.521239877
    0.868750572 0.0250499845 0.18504709 0.591321588 0.848495483
    0.976309538 0.800376892 0.916115344 0.240303397 0.745056152
    0.523653269 0.786512375 0.731275678 0.460715503 0.462729067
    0.0335915089 0.296172202 0.748571992 0.135471582 0.160018772
    0.889480889 0.481603414 0.579041362 0.579434633 0.340538025
    0.259141445 0.371735752 0.658586025 0.255654097 0.141902834
    0.25119859 0.135355741 0.0341642201 0.97056669 0.244604558
    0.707685709 0.662453949 0.0747177601 0.773125529 0.858246446
    0.810495377 0.85728991 0.0722605288 0.626356661 0.164700389
    0.0406547487 0.233955771 0.14199847 0.845436335 0.0393506885
    0.699107707 0.422321767 0.198913366 0.783202469 0.362833679
    0.171362847 0.723098099 0.358401299 0.375467062 0.345204175
    0.361884803 0.847955585 0.251532972 0.551444471 0.0813112855
    0.732845247 0.473251373 0.420543194 0.782820463 0.466879874
    0.308180928 0.884087086 0.468462318 0.707234025 0.465862185
    0.262961954 0.747595429 0.402731329 0.421151191 0.832852483
    0.758547068 0.854885817 0.363438964 0.185449928 0.994233489
    0.135712922 0.770387888 0.633945942 0.608930469 0.113413543
    0.539928973 0.978753567 0.139766335 0.88750267 0.910718322
    0.89416492 0.273447156 0.487681299 0.472042143 0.897052467
    0.376140356 0.145016313 0.320278645 0.385491878 0.19279629
    0.487126201 0.0531039238 0.907244563 0.117173165 0.124116361
    0.513343871 0.837359905 0.205091119 0.477606624 0.944064021
    0.0816453397 0.936071336 0.687113762 0.436145008 0.404165566
    0.780519962 0.403195977 0.658928096 0.198210567 0.320123076
    0.734539509 0.271006405 0.338827133 0.497128457 0.967116833
    0.26689142 0.227671534 0.0549525619 0.70104897 0.656650543
    0.644686699 0.66593504 0.463841915 0.382043898 0.455970317
    0.409173071 0.862043023 0.726467252 0.836976945 0.243018031
    0.346630871 0.45367837 0.466002285 0.890758634 0.35554111
    0.785115123 0.820297003 0.599643528 0.882844567 0.121415377
    0.431131035 0.322505325 0.716879666 0.555085778 0.145911485
    0.785595894 0.858570337 0.159231603 0.959757924 0.798444629
    0.0119890571 0.31059128 0.218399286 0.171579272 0.0586253405
    0.544520259 0.234321207 0.0909971893 0.578126371 0.822477341
    0.00323611498 0.119320303 0.720512152 0.993421376 0.276498973
    0.295985132 0.815371633 0.0849812031 0.697442889 0.429895967
    0.713494897 0.616521955 0.882261515 0.4576765 0.404034555
    0.414269835 0.963239431 0.351008773 0.0639544725 0.97700721
    0.133256137 0.306634307 0.58510536 0.086387217 0.40805763
    0.125807434 0.992929995 0.29304862 0.514644623 0.637102664
    0.946570218 0.313942134 0.193313867 0.859528184 0.505175591
    0.427485049 0.701535285 0.0727353096 0.378332555 0.314211547
    0.72721839 0.896731853 0.545164406 0.946203113 0.136288732
    0.134878904 0.204136014 0.810359478 0.411787629 0.487053841
    0.0673787892 0.683131337 0.631024957 0.695501029 0.511759937
    0.448225766 0.270252049 0.85525322 0.674036026 0.459024549
    0.160499841 0.0778274238 0.966601849 0.2182661 0.293500423
    0.279311657 0.392430484 0.00126630068 0.701960742 0.851692557
    0.669206202 0.260079741 0.791991889 0.199910074 0.530688763
    0.46480906 0.193905592 0.375337541 0.411307842 0.272526145
    0.63316524 0.750697017 0.169368505 0.905940771 0.186130941
    0.106888711 0.00332996249 0.734330654 0.748345912 0.0616139472
    0.20119229 0.0588662624 0.0291162431 0.165233105 0.612582266
    0.0390892327 0.928158462 0.539724886 0.697544277 0.805321693
    0.313171327 0.0894858837 0.960443199 0.564902544 0.545279801
    0.622907817 0.915487051 0.791715145 0.171322167 0.480377465
    0.688776731 0.234708041 0.336526036 0.152060419 0.0880225599
    0.917255998 0.811673284 0.994341075 0.213023245 0.134315044
    0.391812265 0.488636345 0.535900891 0.349746346 0.77004987
    0.520317316 0.370142609 0.134957552 0.66247195 0.752946377
    0.708344996 0.942879677 0.0293216407 0.481836855 0.670809031
    0.945744991 0.0701675415 0.643126249 0.590557873 0.424771994
    0.516800821 0.175312519 0.896003246 0.860234976 0.955167055
    0.630212605 0.473681748 0.306094199 0.880095363 0.939899206
    0.685933411 0.0594820678 0.446853518 0.257492006 0.835713863
    0.576755822 0.632193029 0.302548587 0.463038117 0.135922998
    0.454457134 0.857832432 0.609770715 0.9704777 0.132572562
    0.337248862 0.0599348545 0.463144869 0.0892733634 0.815458536
    0.256631255 0.651639104 0.872070312 0.874819994 0.145297438
    0.874274254 0.950178742 0.162920713 0.669086695 0.473980248
    0.924834609 0.486494601 0.715457857 0.468380779 0.850400448
    0.560083091 0.242171496 0.862934351 0.976641774 0.662299871
    0.824453175 0.153195709 0.326899558 0.204322368 0.496885478
    0.110311538 0.416871369 0.100341916 0.374860764 0.366395354
    0.440422773 0.272279263 0.0816286206 0.709638119 0.506259084
    0.519089758 0.54131937 0.76799798 0.600297332 0.537790179 0.6741786
    0.265497684 0.0768848956 0.386926532 0.0788504183 0.40424341
    0.958212852 0.710284472 0.476067185 0.144817799 0.888635159
    0.772699654 0.144635856 0.241662174 0.977124453 0.555194676
    0.806170464 0.0112885833 0.705447435 0.0117883384 0.986059785
    0.553168654 0.623172998 0.458401531 0.95836699 0.0106829107
    0.726326525 0.324557036 0.395727456 0.429633409 0.78294158
    0.397006512 0.956560612 0.0310356021 0.0750810802 0.558698535
    0.480895638 0.586577177 0.666961014 0.00514429808 0.187576503
    0.968649149 0.145575225 0.776125073 0.0614898205 0.862665474
    0.095020324 0.325601876 0.810064197 0.498225152 0.262609094
    0.957578659 0.540623963 0.810027003 0.506736159 0.50448209
    0.535373747 0.336147606 0.608999252 0.227653563 0.280229032
    0.70314002 0.170831174 0.506981432 0.901545465 0.568207383
    0.196458697 0.509192169 0.048165977 0.188072294 0.0433862805
    0.735264659 0.363332659 0.556842446 0.705165327 0.0484721065
    0.258246005 0.107796013 0.299756348 0.954436541 0.740398169
    0.864450216 0.274063766 0.597127259 0.337430954 0.883027554
    0.0756228566 0.473418802 0.488605708 0.89117384 0.399623454
    0.127271831 0.691989362 0.433238983 0.094989717 0.155702293
    0.00442919135 0.415947765 0.0242688954 0.00801295042 0.72145319
    0.106980294 0.179451227 0.772396803 0.44066748 0.754600406
    0.499449968 0.484201312 0.488566667 0.933024287 0.544121385
    0.290168494 0.503298521 0.000283926725 0.272282898 0.607307374
    0.234540373 0.0785325766 0.509313524 0.485488147 0.894339085
    0.0593095124 0.317763567 0.605490625 0.0370127261 0.950986564
    0.410993993 0.34000659 0.267558753 0.0799694955 0.0421151817
    0.634893179 0.957958341 0.962904096 0.454342127 0.118635386
    0.353918135 0.180443525 0.65414089 0.614286423 0.54117763
    0.357862294 0.532641351 0.215899527 0.142794698 0.490485787
    0.953702927 0.859005749 0.53076756 0.926910281 0.91757828
    0.882790208 0.94910723 0.912797332 0.4124524 0.396454483 0.736339569
    0.956442356 0.0512742698 0.817738056 0.167195648 0.290315628
    0.561290085 0.21041289 0.0412564278 0.969545126 0.759943008
    0.742329121 0.511625111 0.0767559111 0.838736534 0.799133539
    0.345431 0.67002666 0.475467533 0.590824485 0.527994633 0.79658699
    0.946233511 0.597396851 0.421314985 0.258373201 0.0400427282
    0.279725015 0.198243618 0.674651861 0.193545669 0.17397514
    0.281223089 0.111189663 0.199985623 0.346404195 0.465431362
    0.559477866 0.473383069 0.45672977 0.810664535 0.744195879
    0.453495562 0.869720101 0.95197165 0.145501614 0.0579999685
    0.435947776 0.377086073 0.899447322 0.0173105001 0.211846113
    0.44837448 0.118540168 0.61750102 0.368974656 0.894410968
    0.471072137 0.194208473 0.0712390244 0.0435847342 0.236687273
    0.531300426 0.181708634 0.576004744 0.714499116 0.251923025
    0.413146019 0.257051349 0.0495361686 0.672546148 0.665103793
    0.665212631 0.780656815 0.645203948 0.594934344 0.794483662
    0.10447672 0.0403142273 0.609052002 0.224591374 0.454012394
    0.228048921 0.706991434 0.481184721 0.372202873 0.836546302
    0.587536395 0.811413884 0.548028529 0.443524361 0.576833427
    0.205580026 0.658946395 0.415647715 0.8817873 0.590987444
    0.0543484688 0.484846562 0.960750699 0.158610791 0.552610159
    0.33762157 0.741773784 0.289089859 0.971593082 0.673286796
    0.535467565 0.803426743 0.845344424 0.449932128 0.726545811
    0.845263839 0.615468621 0.94073391 0.827365279 0.323915571
    0.162736923 0.904986024 0.311222523 0.587678134 0.164502203
    0.959565163 0.048427254 0.362565994 0.918509722 0.140195489
    0.193166703 0.777672887 0.070825845 0.637717366 0.00831329823
    0.603405118 0.498084098 0.982589006 0.618822157 0.403218925
    0.738522708 0.412721068 0.0342972279 0.0728425384 0.809240937
    0.0937364101 0.828534245 0.62802279 0.56041342 0.0103203356
    0.915816903 0.806954741 0.0752575994 0.592560172 0.0923552513
    0.692847967 0.420126855 0.656107366 0.133250862 0.930330873
    0.363785446 0.525713086 0.0873070359 0.756366611 0.969825447
    0.427417278 0.535754979 0.550439477 0.667949438 0.820222378
    0.0047583878 0.0368143618 0.915827513 0.421137929 0.0263261199
    0.490125895 0.589996099 0.508082628 0.506938815 0.980389237
    0.403406769 0.961281717 0.721071243 0.501892865 0.603127003
    0.0745680332 0.853051305 0.524186969 0.582710683 0.881621242
    0.288281202 0.0639448166 0.226798147 0.702582598 0.39223659
    0.680219293 0.0533414483 0.0425427556 0.0159436166 0.36170119
    0.0554484725 0.691023111 0.10837689 0.905039489 0.877642155
    0.896333814 0.277252913 0.36703074 0.300570399 0.021392405
    0.178302377 0.681722343 0.336256146 0.275498033 0.627856076
    0.0484073758 0.102587879 0.201313853 0.996743858 0.585347116
    0.285606891 0.300257802 0.530271053 0.438031316 0.691629171
    0.61186254 0.659012556 0.954635024 0.922150731 0.613812864 0.4901025
    0.945127845 0.199124098 0.393370837 0.504850209 0.545535445
    0.0558457971 0.313146412 0.865833879 0.153107792 0.0292387009
    0.323749393 0.732355654 0.791642964 0.146793783 0.488993406
    0.969528317 0.253732204 0.156095952 0.737240911 0.395330191
    0.270175427 0.932402372 0.943257809 0.572649419 0.451920986
    0.0877065957 0.897040486 0.231506228 0.606733561 0.621116936
    0.587012589 0.587496638 0.929728329 0.0368819237 0.835073829
    0.187023461 0.492566496 0.240672827 0.686418056 0.0228071213
    0.0619932413 0.585401118 0.524226606 0.252345443 0.248628706
    0.99259305 0.156854302 0.0661578476 0.815812707 0.474645376
    0.90857029 0.18290484 0.367510289 0.557097077 0.413727164
    0.428191006 0.854402602 0.770859718 0.766795814 0.850712538
    0.339346945 0.237821341 0.297286093 0.581901133 0.267649829
    0.228964508 0.136235982 0.0364200771 0.862591624 0.560701847
    0.606857479 0.0448467731 0.0261604488 0.209386557 0.465993762
    0.792112589 0.226943135 0.528086364 0.0245788693 0.391370237
    0.53813833 0.428689957 0.614984572 0.523529589 0.336988151
    0.384647846 0.755278468 0.922669709 0.769172072 0.873438537
    0.488246918 0.0336333811 0.535951138 0.946343541 0.239053279
    0.326779693 0.657488704 0.775017381 0.616307199 0.395933032
    0.154983133 0.392577291 0.426235199 0.503913522 0.614103973
    0.932943463 0.669924915 0.262380093 0.0371105969 0.0638218224
    0.990488231 0.69514662 0.145631313 0.750108242 0.885693312
    0.998919845 0.441034615 0.339315087 0.102686673 0.0716758966
    0.199393094 0.108712882 0.54021734 0.0384354889 0.583629251
    0.071687758 0.0919092596 0.483589709 0.630789161 0.131509066
    0.813410282 0.603201985 0.624776125 0.115697682 0.299751759
    0.107160389 0.484298378 0.879937887 0.363677531 0.460599959
    0.76131022 0.874747038 0.696199954 0.67874217 0.258387089
    0.404254854 0.4584831 0.231416613 0.909393787 0.797356486
    0.563753128 0.638204694 0.751767099 0.303746104 0.116846651
    0.886343718 0.765033364 0.806003511 0.796397209 0.356418788
    0.15859133 0.396770626 0.998218417 0.213577271 0.566337705
    0.0484183133 0.751656711 0.0449559391 0.683349609 0.947662234
    0.756317377 0.828850508 0.878789127 0.550056338 0.246462524
    0.39698121 0.266118228 0.0170608759 0.869024336 0.207704127
    0.655432284 0.0668859482 0.131739557 0.392929971 0.391431928
    0.287605882 0.769423485 0.226719588 0.740524054 0.616602302
    0.249996901 0.147432446 0.262274086 0.922078133 0.992837071
    0.864027858 0.655621529 0.030130893 0.964182615 0.0458652675
    0.684581995 0.881730676 0.594773471 0.282466471 0.257346928
    0.978205681 0.916518092 0.299810171 0.384514809 0.972757816
    0.363876283 0.157082438 0.80042696 0.837323189 0.407720685
    0.0522808433 0.806015491 0.177322745 0.962781966 0.992712855
    0.925700188 0.70549798 0.595643044 0.598779619 0.45331943
    0.329913259 0.105629265 0.251158714 0.696056247 0.647561669
    0.110719353 0.190302819 0.128503054 0.808548212 0.387939274
    0.146497101 0.462099165 0.766393125 0.217343241 0.793721318
    0.447511613 0.0464695096 0.885893226 0.62822479 0.234458238
    0.717476368 0.761835694 0.8867594 0.0920011997 0.720114291
    0.0859884322 0.0590831637 0.678659976 0.0728522837 0.0393015742
    0.13407144 0.292137444 0.81989342 0.196695864 0.0339823663
    0.161334932 0.582285523 0.273353159 0.0729370713 0.136210233
    0.618279934 0.330737621 0.344123185 0.150523335 0.736723185
    0.576066017 0.277139664 0.913192868 0.234789848 0.0292366743
    0.287216961 0.160521448 0.3335765 0.529398739 0.713099122
    0.00770905614 0.156532675 0.548173249 0.569373488 0.423308223
    0.147277474 0.295367151 0.643573165 0.348302782 0.674208403
    0.55646348 0.971839607 0.450662702 0.622149527 0.427958697
    0.195850968 0.156349063 0.0151379108 0.683242738 0.26587075
    0.361300945 0.0524149239 0.658192277 0.661940873 0.672121525
    0.411364794 0.14486441 0.636008024 0.901496649 0.265581667
    0.778372288 0.262504399 0.492148012 0.75826937 0.0238098502
    0.347752124 0.75709796 0.00821807981 0.503347814 0.826618195
    0.511980772 0.220977962 0.106844932 0.443819195 0.473401099
    0.641423464 0.0691284537 0.911210895 0.49037832 0.0860664248
    0.494291753 0.190985471 0.53211689 0.252840757 0.126761794
    0.73405844 0.663818777 0.454643488 0.233455777 0.44862619
    0.139328897 0.596262157 0.409735233 0.435070992 0.751945496
    0.700563729 0.426421702 0.104270488 0.333608806 0.676742911
    0.196578711 0.347401381 0.982724309 0.717004657 0.361692071
    0.638404369 0.00151100755 0.666374683 0.110469103 0.27770561
    0.711775959 0.362690777 0.0156188905 0.477368414 0.661991954
    0.516539693 0.803412974 0.632913888 0.540659606 0.895406723
    0.303144664 0.16362235 0.69255513 0.763774633 0.423862785
    0.748233199 0.0570357144 0.480599582 0.15605858 0.224399596
    0.921131313 0.509627461 0.407644659 0.46013248 0.169303536 0.6129632
    0.397530258 0.524846613 0.93090266 0.0469101369 0.561043024
    0.501047552 0.608815432 0.685667157 0.718659043 0.568124354
    0.954646587 0.3828502 0.741870403 0.582139075 0.383397311
    0.207861304 0.180708379 0.41339916 0.493071645 0.367859006
    0.350930184 0.0793536901 0.568962693 0.805698395 0.543072701
    0.0478538573 0.879783869 0.343868077 0.416208953 0.328107536
    0.426289916 0.0765336156 0.91958797 0.6127038 0.848437786
    0.139750689 0.159173787 0.326815635 0.280166954 0.553329945
    0.111112446 0.934548855 0.565329075 0.836217225 0.477254361
    0.787436545 0.466835827 0.181841046 0.931985974 0.45269838
    0.186658323 0.44582954 0.558448911 0.567990541 0.440278739
    0.644508541 0.428108633 0.402939498 0.507622361 0.836809039
    0.410486519 0.148884088 0.138346791 0.0333770812 0.434726894
    0.178165674 0.47576651 0.433479428 0.968014002 0.0905479789
    0.457703561 0.0496188104 0.233976722 0.366201282 0.435146004
    0.44304657 0.122205883 0.319089174 0.884786606 0.862793922
    0.389903486 0.378143072 0.698234916 0.257038772 0.504635215
    0.420010984 0.462650716 0.214563668 0.328462809 0.563340843
    0.257029295 0.157386094 0.392193079 0.126694649 0.819729567
    0.00748547912 0.94794786 0.14206472 0.115455776 0.836722493
    0.0508717299 0.926799417 0.881369948 0.753702402 0.328689754
    0.660364866 0.313230544 0.0056861043 0.272208154 0.720238626
    0.186653227 0.412576467 0.506664038 0.460499763 0.612781703
    0.841913939 0.581226289 0.627676606 0.322467387 0.185113311
    0.696972489 0.732098579 0.355811566 0.227638602 0.279538423
    0.705050409 0.39852649 0.327147603 0.729827225 0.208573371
    0.0125647187 0.016497761 0.921657264 0.0214933157 0.854657531
    0.959626973 0.7572456 0.795930147 0.565822005 0.729980707
    0.810160518 0.777721226 0.838820815 0.284791082 0.364904135
    0.376357377 0.281799376 0.0956974328 0.554741621 0.603259802
    0.275541365 0.470289737 0.0440980792 0.15103969 0.901179671
    0.032089442 0.496817887 0.463426262 0.939160645 0.57481128
    0.474414766 0.510891855 0.0841567814 0.351933986 0.628629565
    0.958395958 0.664519131 0.0628261566 0.845801115 0.372212738
    0.836300135 0.767724037 0.317879856 0.00768345594 0.61064899
    0.185297936 0.840625823 0.660956681 0.126623183 0.838606358
    0.466578245 0.843206525 0.663628817 0.720678985 0.0547430515
    0.118880212 0.21646592 0.850684524 0.915205359 0.676770926
    0.710937858 0.841127872 0.683404028 0.601361156 0.79870683
    0.998487234 0.967292786 0.100208551 0.406641722 0.434652984
    0.356551349 0.330500364 0.64816314 0.308332056 0.134817421
    0.0566273332 0.361104131 0.410659343 0.528671503 0.666135848
    0.591033101 0.843742371 0.088074863 0.467673331 0.902529836
    0.272531807 0.0835539997 0.21290049 0.551611543 0.288541436
    0.635797024 0.123562664 0.13352716 0.943803608 0.569547772
    0.799871922 0.352813572 0.471418798 0.163454443 0.777838528
    0.557502151 0.807524681 0.751774788 0.925790191 0.749699295
    0.429542035 0.27390027 0.814605951 0.78775084 0.0529002249
    0.10164544 0.259645909 0.563679695 0.520365417 0.50537622
    0.781175017 0.830665946 0.00271505117 0.625880182 0.408047229
    0.653208196 0.0695569217 0.314794898 0.646080971 0.858229697
    0.597498596 0.24258706 0.229988068 0.92584908 0.964261711
    0.122187346 0.789093137 0.295209646 0.545202851 0.609851003
    0.495368421 0.0999029577 0.086006403 0.567464113 0.252873957
    0.591812253 0.105497926 0.452006221 0.648569942 0.478795111
    0.433438092 0.286521822 0.131441951 0.16223678 0.852422595 0.2616871
    0.405327618 0.675503135 0.355374604 0.0722662508 0.425192833
    0.956522942 0.909815252 0.466634274 0.418664873 0.879306078
    0.418184221 0.231643856 0.74244976 0.731155872 0.0987379253
    0.383719116 0.104069293 0.106624126 0.382017285 0.433489382
    0.739937127 0.348848581 0.0257638097 0.211279124 0.0551012456
    0.667516172 0.834499598 0.221570194 0.349995643 0.799795985
    0.605677485 0.591931522 0.117802233 0.342657089 0.390032619
    0.916908145 0.0247287154 0.216351748 0.410838097 0.167575687
    0.655284762 0.421667993 0.572555661 0.826908112 0.563583374
    0.608381093 0.934113324 0.52684176 0.199826032 0.483008713
    0.418009788 0.261028945 0.68777138 0.881017268 0.835000813
    0.723802269 0.235292017 0.403281569 0.143180996 0.278180063
    0.6500808 0.205235422 0.808855295 0.485859334 0.780675292
    0.0411143005 0.531119943 0.246224076 0.0166478753 0.317388952
    0.124646217 0.823461711 0.577140212 0.362169683 0.924094975
    0.510927141 0.0417937934 0.118904442 0.915893137 0.417973429
    0.670722246 0.245178789 0.113707066 0.578414202 0.465644181
    0.615731299 0.551041722 0.153741241 0.0252938867 0.480567843
    0.397432506 0.690380871 0.189659417 0.494176626 0.0431170762
    0.148896545 0.197761714 0.932175398 0.0222730041 0.118530273
    0.0419809222 0.365391195 0.567348003 0.132097661 0.549438894
    0.0381160378 0.0975100398 0.230392396 0.716949105 0.38045758
    0.549834788 0.747337699 0.644702494 0.887338638 0.112627923
    0.798407793 0.771624506 0.21367088 0.029176116 0.306415617
    0.749678969 0.7893067 0.55414623 0.888624191 0.82430172 0.635745466
    0.798581481 0.893959522 0.918660522 0.828191042 0.590761304
    0.104608923 0.0891382098 0.175601065 0.0770348907 0.126440138
    0.664201021 0.0602371395 0.17567119 0.718977392 0.654163599
    0.74788487 0.216374546 0.00335922837 0.445489943 0.046417892
    0.700294435 0.124255747 0.680396497 0.103401303 0.637543321
    0.120242476 0.157180369 0.59044224 0.419546455 0.837223291
    0.0275108218 0.591410816 0.206946701 0.46226126 0.489545584
    0.238595277 0.802730203 0.832512438 0.544910133 0.266028583
    0.825210094 0.768607855 0.374279618 0.0477010012 0.187408507
    0.952955365 0.651382446 0.605924964 0.719150543 0.453995377
    0.622069478 0.991908431 0.977912068 0.587650478 0.198182493
    0.840376616 0.286341399 0.722996712 0.416985184 0.770036995
    0.163412839 0.269430101 0.866990805 0.0645464659 0.29487586
    0.737975955 0.783706307 0.826446176 0.651494384 0.484037638
    0.409273922 0.864474654 0.286634982 0.838097692 0.378598601
    0.332011461 0.254140735 0.225307494 0.867530763 0.589288116
    0.550393224 0.0932151377 0.965928972 0.50391382 0.771826744
    0.689687371 0.248314679 0.0310580432 0.458802968 0.974015057
    0.444018185 0.91320765 0.98300755 0.551365256 0.720295548
    0.589659929 0.72580111 0.128428757 0.748137534 0.5765571 0.063262254
    0.330619365 0.315397799 0.99817574 0.0292061567 0.859398544
    0.563641548 0.422798008 0.945368826 0.078269124 0.331091642
    0.499109119 0.143850714 0.187292546 0.725743711 0.596156061
    0.209933519 0.439581096 0.689492702 0.33715573 0.413734525
    0.0357179642 0.651352406 0.103922218 0.280435383 0.880393386
    0.608073115 0.988936067 0.103069395 0.693575621 0.740372896
    0.021327436 0.382930368 0.927395463 0.618431568 0.370394498
    0.00303182006 0.166320235 0.835962355 0.818021536 0.929680943
    0.654068768 0.952140927 0.284563005 0.65233171 0.104488462
    0.285633445 0.0814077258 0.70357132 0.191320479 0.00576269627
    0.841178894 0.101516396 0.959969342 0.209271729 0.361892641
    0.0951636732 0.327933967 0.875990093 0.564712882 0.827979863
    0.652697623 0.279985309 0.231307685 0.41858682 0.534869432
    0.239623278 0.745778322 0.171653062 0.893670321 0.353377074
    0.783120334 0.0101484656 0.981830776 0.334608704 0.406534821
    0.673964262 0.872557759 0.932349205 0.870405436 0.261101037
    0.209661841 0.560851634 0.360401124 0.70453769 0.971362114
    0.853846908 0.819256186 0.0785553455 0.844452024 0.877335787
    0.87951684 0.422405005 0.00144484639 0.826715589 0.0101426244
    0.637020171 0.864256859 0.847782969 0.586532712 0.975654662
    0.986781359 0.510377765 0.985503078 0.886793137 0.271609366
    0.0463282466 0.407023311 0.39798373 0.560638905 0.355035514
    0.730572104 0.706960678 0.145765424 0.933304071 0.433786869
    0.0103499293 0.273980916 0.17336157 0.0285083055 0.344884098
    0.96280551 0.081628412 0.271041393 0.685741842 0.547952294
    0.272848427 0.412306309 0.95868206 0.98218888 0.472714067
    0.447007447 0.368576944 0.979955673 0.733797789 0.232137293
    0.513107359 0.992029905 0.100165606 0.517779827 0.894572198
    0.445366651 0.466556966 0.580374122 0.858469784 0.916868031
    0.566957235 0.340436757 0.202810884 0.710994482 0.818218052
    0.468237907 0.046600759 0.646934867 0.906697989 0.705246568
    0.118235588 0.119356871 0.222200513 0.0184610486 0.890737653
    0.305687904 0.274625868 0.124202013 0.717962801 0.297145963
    0.171825141 0.536423445 0.188275903 0.487504095 0.38101685
    0.69691956 0.383973897 0.463904858 0.337203205 0.655263782
    0.822886944 0.618697226 0.694306612 0.59447813 0.216775179
    0.979296327 0.490276754 0.324076056 0.572125554 0.894372344
    0.458976209 0.324273825 0.184563369 0.411762744 0.444569588
    0.355200231 0.356862843 0.693920016 0.372758806 0.819087923
    0.596272767 0.597502947 0.155241638 0.543633223 0.713835418
    0.261700392 0.0615499914 0.472446352 0.345694155 0.226330191
    0.211575001 0.996584594 0.298323721 0.931104958 0.0457525253
    0.398560882 0.919941902 0.0848084092 0.173078477 0.814327061
    0.749330044 0.440307379 0.00719022751 0.765987813 0.36393255
    0.668718457 0.330820948 0.119482249 0.204828948 0.841102898
    0.691074371 0.563573301 0.446385622 0.743169963 0.929226279
    0.399231464 0.364817262 0.479959339 0.29096812 0.063036263
    0.867776752 0.418757468 0.710636199 0.707127631 0.698894143
    0.839381576 0.889187932 0.919722199 0.0683659017 0.990702033
    0.794661999 0.895687759 0.221521497 0.751344323 0.45662728
    0.807325959 0.527999043 0.241790384 0.796414375 0.639671922
    0.295110613 0.822958469 0.122864753 0.0176236331 0.523347676
    0.0640210807 0.812394083 0.269432306 0.684646487 0.0992848575
    0.54415226 0.772000074 0.126006752 0.517887056 0.813871145
    0.72868371 0.26282531 0.580720425 0.4301292 0.50882256 0.183867812
    0.196856499 0.197125912 0.837074518 0.00180980563 0.494396746
    0.417510062 0.533732593 0.150245041 0.45932737 0.72872901 0.36532709
    0.689892471 0.74034667 0.529819548 0.411927491 0.734870017
    0.480982065 0.240859985 0.668917894 0.545610309 0.966523647
    0.842446923 0.917682827 0.342925549 0.681286156 0.763678312
    0.678321719 0.568312407 0.714187086 0.274728119 0.0430521369
    0.110585123 0.575092256 0.637143314 0.0857572854 0.647438288
    0.130039394 0.0598671734 0.894791663 0.896121502 0.291371703
    0.547583342 0.971414566 0.255562484 0.908711314 0.196146995
    0.806181669 0.334646463 0.881971359 0.96916765 0.707598925
    0.87918818 0.659193397 0.716538668 0.149866283 0.836495876
    0.237920433 0.484537512 0.880383611 0.834050894 0.183925331
    0.177815348 0.295761317 0.23557359 0.371235132 0.0305682421
    0.127121776 0.594931543 0.833682537 0.771663547 0.522649944
    0.213700652 0.555934548 0.372327209 0.687540531 0.680464745
    0.219215721 0.492952287 0.866086602 0.321935654 0.0774906874
    0.157761425 0.477411717 0.684837937 0.912280977 0.700789988
    0.914980292 0.335472316 0.91967845 0.0665930808 0.0232447684
    0.622869194 0.233119935 0.390059531 0.208650529 0.11820212
    0.03290537 0.537047148 0.812903523 0.825415015 0.325872362
    0.241860986 0.917438269 0.803728878 0.0554476082 0.561011434
    0.584193647 0.513924599 0.0324687064 0.783771515 0.963574529
    0.50084269 0.830142379 0.460010797 0.579328716 0.414787382
    0.0265808702 0.230114251 0.0495149195 0.528671801 0.52767688
    0.0900238752 0.26352489 0.0396554172 0.167289495 0.268683553
    0.860143363 0.0182702541 0.804733932 0.480145156 0.504245937
    0.921335518 0.136178941 0.0526994765 0.201832503 0.908274055
    0.592881143 0.617617607 0.387195259 0.988760233 0.999320388
    0.844036281 0.607786477 0.0383653045 0.880321503 0.491870582
    0.670086205 0.399460644 0.731328249 0.446021289 0.996530056
    0.121211559 0.796294272 0.0489726961 0.644276261 0.132099301
    0.736669898 0.0446070731 0.0755596459 0.802776277 0.682715654
    0.853953421 0.582794785 0.211954296 0.673628688 0.0958762467
    0.475722969 0.0556307137 0.00652569532 0.785294712 0.21145016
    0.779274344 0.100176573 0.262453675 0.518343508 0.381569088
    0.512955785 0.902134418 0.4957892 0.0161475241 0.310717553
    0.804503202 0.105886877 0.312946826 0.898643076 0.534776986
    0.332054049 0.593886495 0.532942593 0.204336584 0.0223506987
    0.986112535 0.783318937 0.339306623 0.638094008 0.699409008
    0.0713321567 0.87249136 0.882099032 0.250231981 0.59548223
    0.272519052 0.438287526 0.407568395 0.0655911863 0.443918198
    0.916557193 0.117040455 0.749173641 0.953850031 0.681437492
    0.0264470577 0.676773846 0.407031745 0.0158254206 0.38139382
    0.822121143 0.0975718796 0.940705836 0.704548419 0.0141426325
    0.524751484 0.565299332 0.765491724 0.572864056 0.117000818
    0.334626913 0.239490807 0.613623738 0.116324365 0.971612692
    0.846655786 0.233790249 0.202133685 0.0790252686 0.454419315
    0.516945601 0.82022512 0.455460608 0.589627266 0.96449703
    0.433405578 0.1432482 0.208778232 0.585152328 0.588732541
    0.441524744 0.996518373 0.128028959 0.441940695 0.884313822
    0.914761007 0.512866795 0.591547906 0.743732154 0.299004555
    0.802221656 0.326188892 0.428370684 0.597976983 0.467932969
    0.238104135 0.668264866 0.116039366 0.252867401 0.00635653734
    0.122918397 0.432278097 0.784364581 0.655960798 0.956286073
    0.331152618 0.713654518 0.241471261 0.17899555 0.1142627 0.536983609
    0.609789014 0.279057741 0.0533990562 0.933446467 0.0568498373
    0.836560011 0.777969122 0.228848159 0.851965547 0.905383825
    0.948697627 0.452609152 0.750876904 0.383860111 0.262974739
    0.656207144 0.351107776 0.0367331207 0.49223879 0.400771856
    0.859440446 0.653128743 0.0265695155 0.534754276 0.453060776
    0.18042022 0.0592062771 0.319420874 0.324043751 0.115707129
    0.618910551 0.85360539 0.543544948 0.0494859219 0.613053739
    0.815908074 0.77657795 0.475644052 0.793891847 0.428241432
    0.513155937 0.982246399 0.399424255 0.326113224 0.763164401
    0.114482164 0.027877748 0.359375358 0.60741508 0.649653077
    0.773832142 0.651513815 0.0587161779 0.692332327 0.299049884
    0.510864854 0.808950543 0.485919982 0.204013228 0.417650521
    0.824093819 0.95553565 0.0897758901 0.213801622 0.883145332
    0.70967865 0.717449725 0.539906144 0.609328985 0.236480117
    0.559135199 0.0442954004 0.81230396 0.599049985 0.010189712
    0.568594575 0.410562366 0.482922286 0.687347531 0.260152459
    0.310933888 0.44946292 0.72958225 0.670773685 0.0520793796
    0.852821112 0.254003495 0.196619749 0.747261405 0.069006145
    0.351744533 0.117028058 0.760865569 0.828483939 0.478054702
    0.737215161 0.532217681 0.302833617 0.743477881 0.950230718
    0.671731412 0.842540085 0.0623389781 0.00592499971 0.277536869
    0.88166523 0.514170051 0.625071943 0.0765091777 0.654211879
    0.262939334 0.721894383 0.76074934 0.981696844 0.574324787
    0.866089106 0.987959743 0.00521397591 0.192657948 0.0328935683
    0.793441057 0.752876759 0.0526995957 0.991569161 0.334201097
    0.897539854 0.578510284 0.305048078 0.418402195 0.285264939
    0.47659573 0.24924314 0.828878522 0.0352854431 0.218307197
    0.173240989 0.219752312 0.702070832 0.968646944 0.123051137
    0.0542324483 0.129915297 0.15144679 0.853103995 0.690835953
    0.670821607 0.389723659 0.109239221 0.139204472 0.633380413
    0.537241817 0.556203008 0.0515878797 0.747570992 0.0780732036
    0.141296536 0.836291552 0.190845579 0.189814061 0.0265092552
    0.000447243452 0.339055628 0.00243777037 0.170391202 0.0412600935
    0.33880192 0.958726585 0.270171225 0.8099401 0.415458232 0.983537257
    0.688108623 0.805093169 0.200564206 0.882758737 0.185273468
    0.0077469945 0.427616596 0.713613331 0.450626314 0.965313196
    0.511821091 0.96454215 0.366948903 0.0962764025 0.536171854
    0.433369517 0.473315328 0.416588843 0.683682144 0.0595407784
    0.940550148 0.168431044 0.242993683 0.491136163 0.823406518
    0.467968553 0.458568543 0.385666043 0.191335231 0.220640302
    0.568018019 0.743113995 0.665907621 0.264656484 0.712160945
    0.145988584 0.759360611 0.293427706 0.116966575 0.632902801
    0.00350940228 0.113408089 0.631433725 0.280457646 0.175880998
    0.411829382 0.712076426 0.544249177 0.277408779 0.605446577
    0.805830479 0.113632351 0.324635744 0.247802079 0.244737178
    0.896907568 0.376120895 0.0918782651 0.386279225 0.404281646
    0.487258315 0.892895639 0.934695125 0.704430103 0.207624704
    0.472024411 0.631892085 0.679453254 0.0330924094 0.277665377
    0.746988297 0.133778721 0.806704402 0.464888722 0.38493216
    0.95499444 0.921620965 0.446980178 0.554900527 0.630778432
    0.87002182 0.138834596 0.404932827 0.876652598 0.770582318
    0.103084475 0.518899202 0.524323046 0.23932305 0.609902322
    0.508426428 0.621506512 0.929925323 0.740724921 0.0933138132
    0.455530375 0.283050537 0.0103754699 0.650496364 0.46535477
    0.0150904953 0.529283464 0.291987389 0.856967151 0.75694418
    0.738426387 0.686006963 0.71146661 0.83826369 0.0110093653
    0.832440495 0.128614575 0.336070478 0.453009427 0.888722181
    0.455681294 0.657035291 0.367702216 0.698536873 0.917168438
    0.00645068288 0.464134634 0.155814111 0.354504406 0.69122982
    0.242477566 0.168397903 0.443457603 0.983320951 0.977812409
    0.58849448 0.980911016 0.770765066 0.384616405 0.624197483
    0.700478017 0.400686175 0.584812284 0.976517439 0.00776836276
    0.356291831 0.0874505043 0.0604184568 0.589766681 0.15072155
    0.414189994 0.476040065 0.711569965 0.133080482 0.0229535401
    0.19297424 0.632070303 0.808935761 0.0130553544 0.0604507327
    0.654943526 0.866197228 0.459133267 0.704419315 0.625801742
    0.996100605 0.178631872 0.994825959 0.654240072 0.358105183
    0.541000903 0.416291893 0.75674963 0.464936316 0.775174856
    0.059487462 0.152953714 0.400452733 0.731642008 0.0172150135
    0.686791003 0.73794663 0.249257952 0.27903834 0.897057652
    0.127628744 0.196958631 0.231334835 0.941107631 0.968284726
    0.537670791 0.895242631 0.58588028 0.0102626085 0.771709323
    0.424527168 0.958563685 0.163067609 0.353898644 0.591152668
    0.175289273 0.737280905 0.0440706015 0.0823594332 0.465014398
    0.122322738 0.771263599 0.186186999 0.727629364 0.917977571
    0.879737139 0.823754013 0.231008202 0.734940708 0.691818476
    0.0145976245 0.363321722 0.936627626 0.0693888962 0.410203069
    0.556561232 0.551053822 0.269990623 0.689711928 0.0165161192
    0.144123912 0.768758059 0.0989533663 0.0861726701 0.531138003
    0.888927937 0.416536719 0.527218819 0.106168956 0.199290901
    0.471365124 0.773763657 0.619796574 0.0157536864 0.807118297
    0.296699405 0.748300195 0.844021916 0.145812899 0.767427087
    0.204831421 0.502769887 0.818237782 0.468496442 0.305037975
    0.887100577 0.546186626 0.176329464 0.74079293 0.425563395
    0.238760233 0.351490766 0.466891587 0.816834092 0.998298109
    0.911689937 0.603167057 0.410921991 0.10656479 0.0973176062
    0.841565967 0.535967946 0.915800214 0.0445201993 0.818601251
    0.705224395 0.227922827 0.898024321 0.0342233479 0.0307702124
    0.930206895 0.69564569 0.615999997 0.799575806 0.812530398
    0.342779189 0.101466715 0.0683083236 0.86074996 0.335642248
    0.909980118 0.586474538 0.555885911 0.444562078 0.539663315
    0.121555239 0.073112607 0.730057001 0.784207225 0.96478349
    0.882102132 0.761613369 0.0263019204 0.957560301 0.537674904
    0.118996143 0.731342137 0.379478991 0.446023077 0.87016952
    0.919124484 0.00608932972 0.300358474 0.918915629 0.846400142
    0.626944721 0.51211226 0.579020739 0.239861369 0.664933145
    0.0497846603 0.726856411 0.088770479 0.422428787 0.847997069
    0.0100326538 0.280068636 0.732903481 0.362058699 0.338857859
    0.436427355 0.639405489 0.363805771 0.223317116 0.974452734
    0.922684669 0.339863926 0.395148277 0.555865467 0.693919837
    0.761686683 0.036536634 0.602051198 0.998285294 0.223409951
    0.567563891 0.487160534 0.704540133 0.791844666 0.591066957
    0.244542927 0.618971229 0.463686496 0.254314601 0.707529724
    0.0227841735 0.453729182 0.0212131739 0.748407006 0.712943554
    0.639348388 0.606083989 0.560460806 0.954121709 0.843619823
    0.426926792 0.2947281 0.643403888 0.517647505 0.859465957
    0.202310741 0.440571636 0.0523247123 0.469470888 0.532108188
    0.46608749 0.313124508 0.873147428 0.774305582 0.655719757
    0.0593467951 0.144973427 0.344494373 0.928975701 0.931272864
    0.24934119 0.0651486218 0.0638676286 0.0907819569 0.431765139
    0.893141866 0.370265007 0.347634077 0.0445367694 0.798325658
    0.872016788 0.364976913 0.817221999 0.621427894 0.816776991
    0.766910672 0.486254513 0.391877174 0.380877882 0.372439802
    0.273181081 0.641568124 0.295413554 0.126959413 0.557525516
    0.150661349 0.454659045 0.543766797 0.22069335 0.399995863
    0.14953047 0.037967056 0.822434664 0.226564825 0.00810211897
    0.848792076 0.890078664 0.0452780426 0.23821044 0.0435629785
    0.324949801 0.960499644 0.213905454 0.237048984 0.28653267
    0.975488901 0.0781760216 0.509158432 0.637640417 0.045234412
    0.597171009 0.00965815783 0.154474795 0.954984665 0.240338564
    0.868342757 0.301691115 0.494243711 0.223486215 0.192836106
    0.0020211935 0.972400844 0.301474154 0.798266292 0.963540316
    0.629238963 0.00809660554 0.911853671 0.478679478 0.486528486
    0.92310214 0.092566222 0.743600845 0.430237889 0.386405826
    0.768477559 0.168832272 0.465568155 0.518881679 0.927887917
    0.154325753 0.256951481 0.996330619 0.937510848 0.847702444
    0.59883672 0.900632083 0.480578542 0.145596355 0.380955219
    0.0376671255 0.188174218 0.135537356 0.396433175 0.707440376
    0.214737803 0.0339287817 0.976310015 0.324428052 0.21400249
    0.99433732 0.061950177 0.147062242 0.116632164 0.88001579
    0.841486931 0.330165267 0.509924173 0.501609027 0.573398948
    0.958256125 0.787604749 0.94703114 0.0410151184 0.313713104
    0.742352903 0.479613513 0.324266702 0.921281457 0.535359681
    0.364115208 0.74463284 0.8484146 0.400923282 0.124115586
    0.0857798159 0.591206253 0.72680527 0.0462685227 0.172885418
    0.270329237 0.449329525 0.428493947 0.884254098 0.380925387
    0.312863231 0.112035006 0.5233711 0.584788442 0.873139501
    0.835740685 0.14175272 0.645238161 0.768853545 0.7648592 0.524806499
    0.497551709 0.329763412 0.912567317 0.850057721 0.378719389
    0.59759444 0.714403689 0.220033765 0.327315301 0.314443231
    0.783135355 0.00278028846 0.553809404 0.7871176 0.331682205
    0.728373706 0.57317549 0.20862788 0.598894179 0.821351707
    0.640195489 0.641369879 0.847990274 0.26792258 0.257447064
    0.0911915898 0.254329622 0.228626817 0.953989863 0.998007178
    0.787680387 0.0724780262 0.0996594131 0.960694909 0.242158532
    0.637593269 0.0828735828 0.0324156284 0.117149562 0.891770244
    0.273215234 0.779219389 0.0183707178 0.578570664 0.854377687
    0.600842059 0.934910476 0.046910584 0.544433534 0.956399798
    0.470245779 0.699995875 0.282641232 0.00737211108 0.908441007
    0.311884612 0.320771217 0.844260037 0.974303961 0.197996736
    0.403697938 0.539526701 0.174998492 0.291481197 0.636051774
    0.539449275 0.123522818 0.424660981 0.445417494 0.0368831754
    0.657985389 0.420685768 0.598436356 0.172574967 0.518703103
    0.669210434 0.0312663615 0.551141024 0.0336123109 0.279896796
    0.819803238 0.436045289 0.350294054 0.641371489 0.73338753
    0.484071136 0.251005232 0.298553228 0.915857434 0.551355839
    0.505315065 0.614446402 0.303702027 0.819914162 0.889245987
    0.760578632 0.668911099 0.488845736 0.792268455 0.944730043
    0.822510123 0.544808507 0.454591066 0.866292715 0.0228591859
    0.036837548 0.644720495 0.703176856 0.362457156 0.518279672
    0.71691668 0.628078818 0.902023137 0.750909805 0.165830821
    0.447868228 0.403863966 0.303100049 0.171615303 0.396007568 0.899526
    0.874882162 0.42590493 0.900311351 0.342233539 0.637672782
    0.669978797 0.932739437 0.170305073 0.909279823 0.834879041
    0.104907006 0.90179491 0.709923744 0.307775348 0.625557125
    0.625055075 0.0833705664 0.338485479 0.798575044 0.350225359
    0.749998331 0.223314166 0.730446577 0.427333087 0.0151845515
    0.484259248 0.660710454 0.137580544 0.715270877 0.727700353
    0.599095702 0.932005525 0.582546771 0.973763585 0.70534724
    0.568419158 0.89872849 0.783461809 0.128401875 0.800433874
    0.950971484 0.386776805 0.366751313 0.666314721 0.0106594563
    0.19092527 0.770134926 0.577461302 0.644270837 0.809703946
    0.314446896 0.449006379 0.898586988 0.970599711 0.74119395
    0.927908003 0.420438737 0.0241283476 0.764845729 0.5693627
    0.60093385 0.246058673 0.889718175 0.519999146 0.226455182
    0.789912343 0.65933603 0.908391535 0.672909975 0.12092644
    0.700725138 0.542743087 0.360157162 0.846842527 0.900682092
    0.343180805 0.337899268 0.79711318 0.801568508 0.0721408129
    0.16556412 0.848946869 0.708140254 0.632041812 0.652502775
    0.00312498212 0.539299428 0.397610575 0.162338912 0.926062822
    0.722560585 0.156375706 0.204649299 0.718645751 0.825867891
    0.141989946 0.830216765 0.910375476 0.343638897 0.466680557
    0.617411315 0.79189229 0.767571568 0.723623633 0.460546821
    0.460709363 0.968096614 0.601599991 0.591938913 0.360618651
    0.00628182292 0.0672289431 0.889447451 0.364106357 0.408173114
    0.12907058 0.346908092 0.285654247 0.883368969 0.127634823
    0.712603986 0.460829824 0.289714515 0.449123979 0.944292068
    0.390625775 0.298882365 0.598418176 0.629132986 0.499242991
    0.674751699 0.649042964 0.176338375 0.31038323 0.0836901069
    0.653542459 0.868094921 0.405198544 0.196124166 0.213337332
    0.965229094 0.212602943 0.695706666 0.221343189 0.545002878
    0.0355395079 0.690971375 0.984259963 0.378140569 0.93508184
    0.482583493 0.626990855 0.742319942 0.372665495 0.695357323
    0.469351172 0.931941867 0.375349641 0.301289678 0.488916725
    0.0304664373 0.212161928 0.488229275 0.283008873 0.35922128
    0.0678598583 0.767540097 0.706046939 0.394143462 0.910242319
    0.916680276 0.145375401 0.720929265 0.518649638 0.433082908
    0.756327689 0.714610517 0.868024111 0.553983331 0.503515482
    0.810063839 0.946198106 0.68052268 0.961038589 0.010474056
    0.209960639 0.712923706 0.419152439 0.195653141 0.013148278
    0.512165129 0.971474588 0.682552397 0.310729802 0.362495214
    0.506700814 0.00317028165 0.910130024 0.594880879 0.581664085
    0.254573435 0.62320888 0.437682152 0.673918724 0.0670140684
    0.83078289 0.953032255 0.0194585323 0.269882172 0.0190367699
    0.706093192 0.749195099 0.514109731 0.645839036 0.658221841
    0.38256833 0.289610565 0.611404896 0.944922805 0.97428596
    0.765180647 0.0542612374 0.557777524 0.498384088 0.769408703
    0.235727102 0.809674621 0.548202276 0.994995415 0.346546113
    0.480294734 0.364030302 0.85482645 0.642207205 0.380403519
    0.688340247 0.716618299 0.827619195 0.1177257 0.951930165
    0.108831257 0.61975193 0.311185241 0.555306554 0.915587068
    0.267192006 0.760033846 0.197898448 0.652397156 0.734612405
    0.990800619 0.469214022 0.663111389 0.591798067 0.150038987
    0.482697368 0.00585749745 0.637270629 0.113136858 0.15621087
    0.588265955 0.410504162 0.988961458 0.236445844 0.0402761698
    0.731434345 0.683807552 0.962307215 0.582181692 0.238361835
    0.330075622 0.828686595 0.123832166 0.321339697 0.954008281
    0.146276414 0.222688168 0.582333684 0.492516458 0.790593505
    0.515942931 0.177072704 0.583648562 0.853426933 0.0899015069
    0.275361955 0.044254899 0.654278815 0.894355536 0.991261125
    0.79844594 0.0315986276 0.494101375 0.317520142 0.537224472
    0.258763969 0.542116523 0.561749578 0.758083701 0.680702925
    0.0771218538 0.264232337 0.972954333 0.603481054 0.156788617
    0.251447797 0.658699393 0.689310312 0.178598702 0.99534297
    0.623950243 0.501191318 0.680348635 0.946297944 0.295725256
    0.0895993114 0.258242875 0.0575686991 0.876407623 0.286791325
    0.530810714 0.179770708 0.406576693 0.284607112 0.289730251
    0.737465084 0.555883706 0.370366514 0.570715308 0.934865296
    0.304852486 0.309502751 0.738498449 0.665749311 0.987455428
    0.128150225 0.702266812 0.974664807 0.546628952 0.318411589
    0.525772989 0.737555623 0.137648702 0.715423822 0.232855737
    0.547507584 0.720894814 0.397253871 0.366153926 0.174828798
    0.949089766 0.920950055 0.121199608 0.804326475 0.739761472
    0.287829906 0.972732246 0.56640321 0.147375435 0.343275756
    0.587874055 0.16395694 0.506131172 0.568442583 0.949724376
    0.583669424 0.901025236 0.273883253 0.367946148 0.49823001
    0.496873379 0.0117151737 0.000787764788 0.467922151 0.626514077
    0.68173635 0.10480094 0.352899879 0.754014492 0.273822576 0.49597463
    0.676297426 0.090292573 0.215820312 0.465144664 0.998051405
    0.192612439 0.0697368085 0.958238363 0.152192771 0.829510152
    0.323136628 0.309701592 0.979043365 0.83576107 0.203235686
    0.38738817 0.294178545 0.534524977 0.905051589 0.915415585
    0.398272038 0.445644021 0.760086477 0.797491133 0.214163393
    0.0753282607 0.795669913 0.921170473 0.65121603 0.321934879
    0.529799163 0.412797153 0.0833339393 0.373079926 0.138181746
    0.99469018 0.449102938 0.133853316 0.760184169 0.954284906
    0.825607061 0.399590731 0.0976136029 0.3699224 0.55549854
    0.961047769 0.535208225 0.392543525 0.104777068 0.1496059
    0.579629838 0.0134036541 0.929688215 0.568818867 0.796105623
    0.083181113 0.763848424 0.670050502 0.349830985 0.409008503
    0.695175946 0.646333933 0.972387552 0.561625183 0.0919854939
    0.948270082 0.294599563 0.338928282 0.341573358 0.744487286
    0.327977657 0.422046214 0.917665601 0.649297833 0.559065163
    0.356694758 0.736455142 0.0239160657 0.800910592 0.103320807
    0.574544907 0.966546535 0.680270672 0.256384432 0.399024099
    0.809481144 0.493637979 0.0979873538 0.977213621 0.437220335
    0.697727799 0.175799578 0.042989403 0.257675946 0.188944042
    0.563369334 0.353106916 0.860201955 0.314789832 0.51777494
    0.797754109 0.381349802 0.299476415 0.221851557 0.831446171
    0.0319599807 0.450848579 0.229544759 0.627101421 0.257730186
    0.0179924369 0.316180825 0.330710351 0.528302491 0.0928927958
    0.443943977 0.18492952 0.141157001 0.660747468 0.534598291
    0.388665557 0.0368685722 0.545391202 0.459919035 0.146973699
    0.410823584 0.839439988 0.0171063542 0.288343549 0.735211968
    0.174327254 0.318172961 0.998726904 0.759489655 0.946839094
    0.134359479 0.874605179 0.0602928698 0.0114782155 0.95133996
    0.802809834 0.475989878 0.605707586 0.107127339 0.545268714
    0.758406818 0.475665152 0.791822493 0.836116433 0.0291774273
    0.843849182 0.0440283716 0.999844432 0.320343137 0.152621716
    0.161972344 0.284015834 0.38730979 0.52838397 0.47034955 0.941228509
    0.894033492 0.457885534 0.583701849 0.0888959467 0.0674361587
    0.221798718 0.741236746 0.225078672 0.906210065 0.580269992
    0.62942034 0.186521888 0.606502116 0.980004251 0.246422261
    0.978710055 0.409021735 0.0633372068 0.622918606 0.263302237
    0.870323837 0.426465154 0.833475709 0.63438493 0.520274639
    0.680885077 0.164565206 0.312153399 0.113451332 0.355486721
    0.180660129 0.330977857 0.0409823358 0.111628562 0.721663713
    0.413752258 0.979543209 0.683014274 0.798792958 0.381651253
    0.229489446 0.117037326 0.448380679 0.352892041 0.677214921
    0.758078337 0.385757864 0.311569512 0.366405845 0.111607492
    0.5687747 0.710551143 0.395177126 0.78641361 0.264695615 0.259211183
    0.691836894 0.217962146 0.0929860473 0.337270945 0.213428974
    0.582089663 0.0270615518 0.507431209 0.885040641 0.973069072
    0.750861883 0.64752847 0.488158017 0.754019797 0.443162352
    0.676615179 0.960588634 0.896025181 0.835881472 0.343993127
    0.850858569 0.132881105 0.373654187 0.190516859 0.623757362
    0.110344797 0.55339402 0.728763163 0.487608224 0.530910254
    0.969655156 0.890912831 0.395318151 0.946745217 0.562467694
    0.717714906 0.960696936 0.0158005953 0.121931285 0.76607883
    0.778626204 0.0591405928 0.159969956 0.907198668 0.110737175
    0.113904268 0.982185125 0.0234550536 0.0610551536 0.565088928
    0.571131289 0.765073538 0.0785810351 0.447749317 0.530381203
    0.310454786 0.7972368 0.00282353163 0.537329674 0.701813936
    0.427638918 0.7519961 0.517632365 0.3752684 0.0512320995 0.709588766
    0.854883075 0.833282948 0.566578031 0.0228639543 0.372231722
    0.810952783 0.0772017241 0.999495745 0.535691738 0.151391059
    0.675383449 0.766274095 0.562039256 0.124944806 0.0131543875
    0.279352427 0.209825814 0.831328511 0.575863361 0.174209565
    0.45067656 0.963254511 0.209394902 0.797142863 0.0784162879
    0.61419642 0.827511311 0.522977293 0.838447094 0.554623663
    0.521929264 0.99693656 0.342543423 0.880848408 0.822043061
    0.395082206 0.221562743 0.701386988 0.893126488 0.695753396
    0.488076776 0.437014461 0.75225234 0.523560286 0.228251129
    0.377933323 0.732405901 0.910954535 0.304405928 0.836901069
    0.483873367 0.0383652747 0.303915471 0.480420321 0.0566371083
    0.57600081 0.371750712 0.809197307 0.677840829 0.545248747
    0.00144818425 0.236344367 0.957168341 0.726683259 0.217332631
    0.468882591 0.711307645 0.296220362 0.105848461 0.450635016
    0.800158978 0.678746521 0.165154487 0.652257383 0.163401902
    0.295078993 0.765749931 0.244378567 0.956436753 0.90633589
    0.98623538 0.863521457 0.331873596 0.380824685 0.144456446
    0.993329525 0.0401751399 0.866496086 0.23649013 0.526612282
    0.847861409 0.564161658 0.283754468 0.271805346 0.981024206
    0.513415098 0.980879724 0.432139039 0.892057121 0.42450273
    0.0417556167 0.929308891 0.172086179 0.716420889 0.173177183
    0.643001139 0.149988681 0.919155419 0.787083507 0.60568893
    0.971682668 0.526242316 0.797228694 0.234973073 0.47774142
    0.568946302 0.981528521 0.723939598 0.891510725 0.761327982
    0.257913947 0.301617563 0.842964649 0.213246077 0.629073799
    0.890610039 0.503031909 0.587947726 0.0577889681 0.280846119
    0.56533587 0.703157306 0.981534839 0.681596279 0.639969289
    0.454662889 0.988109648 0.968007565 0.0411313772 0.196692407
    0.159977704 0.834218621 0.220102131 0.869689405 0.0576745272
    0.0623402596 0.932395458 0.774606764 0.708317995 0.255079776
    0.423427939 0.731113374 0.760507882 0.792172611 0.392490625
    0.0897448957 0.732863665 0.53645438 0.363772362 0.733240724
    0.36785382 0.647182286 0.664379299 0.365646601 0.94419539
    0.244186282 0.265009165 0.469972402 0.995688856 0.542132437
    0.477732658 0.468206227 0.355313361 0.00423789024 0.861477375
    0.16832158 0.137635022 0.943076134 0.766898751 0.781568646
    0.449162155 0.650174439 0.209031075 0.324142039 0.942516804
    0.662346363 0.677633643 0.392868251 0.709552586 0.890626907
    0.135132402 0.606543303 0.0534819067 0.66551584 0.877154112
    0.671616137 0.537607074 0.764431715 0.170242757 0.0574414134
    0.818687558 0.187844098 0.80534637 0.571628153 0.124569446
    0.214035332 0.987937152 0.470058441 0.962411463 0.769102037
    0.548175454 0.566370845 0.495487034 0.154347867 0.151325792
    0.51259613 0.32833764 0.154464275 0.229961991 0.211729884
    0.251532674 0.271833777 0.720897198 0.729963303 0.26955229
    0.0341766775 0.757285476 0.876666903 0.986355901 0.220782995
    0.439030826 0.691170454 0.256323934 0.0299875736 0.000191837549
    0.869288266 0.826394916 0.585573375 0.512057245 0.726973295
    0.818505526 0.195288688 0.358608782 0.501311958 0.0014565587
    0.346297204 0.45727089 0.447981328 0.0323770046 0.567605197
    0.435908794 0.574217618 0.688857973 0.0568768084 0.126485854
    0.589948654 0.551101029 0.678045332 0.128431708 0.351950109
    0.222744465 0.613051116 0.0583507419 0.436905086 0.224024653
    0.574535608 0.636913717 0.643998563 0.202214688 0.761316419
    0.953147233 0.337809682 0.632020295 0.0244504809 0.786330462
    0.192772061 0.101272851 0.284195632 0.0148458183 0.266999274
    0.498173773 0.754750729 0.682496548 0.642477274 0.0461535752
    0.431516409 0.805652857 0.566694796 0.265510976 0.250464678
    0.0416982472 0.561224639 0.191255569 0.981652677 0.516514182
    0.468239546 0.956178367 0.0896679759 0.501006663 0.357277215
    0.426630318 0.328863502 0.595530689 0.8339715 0.128834277
    0.886325717 0.726077437 0.673456073 0.707470238 0.166059196
    0.950754523 0.699512005 0.906134367 0.253593236 0.196651608
    0.365598828 0.914120317 0.0175504684 0.0210994184 0.559379518
    0.0117913187 0.892220616 0.169027209 0.255138934 0.0440770388
    0.90258038 0.739258289 0.892675757 0.344391525 0.958092391
    0.69818604 0.990658104 0.773142338 0.628944278 0.843537092
    0.923767447 0.17310971 0.432112247 0.598336816 0.653746963
    0.295475394 0.997303426 0.0406655967 0.468174785 0.0789355934
    0.5844087 0.00814980268 0.524038196 0.769678891 0.626972318
    0.227556348 0.665269732 0.839137077 0.483170718 0.696483672
    0.323957562 0.232590795 0.168141603 0.368454367 0.509253919
    0.767987847 0.114968657 0.651178241 0.741630912 0.845124066
    0.844369471 0.328425974 0.0929718912 0.276152253 0.923686624
    0.93781662 0.317835033 0.275182903 0.369787067 0.964573979
    0.300189674 0.783192277 0.241057187 0.98197794 0.0466002822
    0.498056203 0.836734533 0.92394948 0.6878618 0.629128039 0.489675552
    0.909361243 0.00689703226 0.132213354 0.999539971 0.398095936
    0.40097177 0.144356579 0.728790104 0.677962899 0.737933517
    0.31736964 0.632366538 0.0733397007 0.236927092 0.284596026
    0.70396179 0.295071542 0.399884999 0.734981358 0.933479786
    0.675393939 0.194001436 0.910695434 0.111075044 0.119619966
    0.204143047 0.346059382 0.226147592 0.493754208 0.938711584
    0.994988322 0.320136487 0.976711512 0.464345872 0.367766112
    0.580812871 0.2320804 0.115995586 0.751396775 0.882605851
    0.793048203 0.131339848 0.47583431 0.311265767 0.112421036
    0.802274585 0.568898499 0.532682955 0.915700555 0.385620296
    0.202800542 0.30948776 0.183855474 0.870461226 0.232288718
    0.352938056 0.832683802 0.998624682 0.284795463 0.778731525
    0.747013569 0.209164828 0.560403645 0.387269318 0.672629893
    0.87558341 0.824732661 0.807004988 0.50593859 0.181039453
    0.509426892 0.740848243 0.85708952 0.286952406 0.90676105
    0.292604655 0.510891676 0.70879209 0.995009661 0.346081197
    0.072727561 0.330857396 0.34632057 0.355322063 0.459659636
    0.324614227 0.95569557 0.229702741 0.364675879 0.878124833
    0.390508533 0.407062173 0.0793308318 0.606324732 0.305172205
    0.598191679 0.555331945 0.945495069 0.572206676 0.576844692
    0.040194869 0.267117739 0.396030933 0.629324019 0.301528037
    0.695480168 0.319191277 0.406310886 0.375537336 0.682647169
    0.00211194158 0.697149515 0.217940599 0.134032786 0.287222564
    0.0208677351 0.80500865 0.361510128 0.122231543 0.805680513
    0.45830816 0.445200562 0.697921872 0.869164824 0.349717349
    0.936233521 0.801979661 0.249341697 0.71063447 0.150986522
    0.654286683 0.651427805 0.801574349 0.859704018 0.950954199
    0.362259805 0.485604376 0.640652478 0.492421597 0.391501904
    0.0117493272 0.0494658053 0.380608022 0.343359679 0.0172091126
    0.252952874 0.706166804 0.164508432 0.796434999 0.0227333903
    0.608790278 0.249352932 0.712306857 0.599212885 0.890138388
    0.725743055 0.497504532 0.757931709 0.286305249 0.169144243
    0.38568154 0.288634509 0.564956248 0.41452378 0.161377519
    0.351579577 0.807776511 0.592221856 0.75896138 0.844125271
    0.807326198 0.228628784 0.297810465 0.908627391 0.581043899
    0.171251625 0.0249646306 0.757329822 0.606646538 0.995167017
    0.320487201 0.762706697 0.874293804 0.0970986187 0.704371452
    0.299199998 0.540273607 0.265737951 0.862292409 0.384189576
    0.705306649 0.590364516 0.257230461 0.577807069 0.0187825859
    0.820769906 0.204908758 0.367699057 0.0764732063 0.522129714
    0.0147840083 0.823562145 0.867337465 0.129962057 0.702167809
    0.158814847 0.735197246 0.131221086 0.702110946 0.186492532
    0.30625087 0.796653569 0.367853284 0.721156776 0.933394492
    0.549257517 0.379511148 0.367139161 0.0663783848 0.855944276
    0.239264607 0.910545945 0.162380189 0.345481753 0.796000659
    0.383359075 0.850541592 0.526972592 0.0935391188 0.135125369
    0.525359213 0.140386581 0.0553990602 0.516057193 0.516538441
    0.79396832 0.41360718 0.533255816 0.373307109 0.744098544
    0.476489753 0.451216459 0.0917792916 0.553316712 0.291902274
    0.815188408 0.821556985 0.14786911 0.438732773 0.229568988
    0.600549817 0.68526715 0.39644146 0.688563704 0.187556773
    0.826210737 0.333938241 0.34170714 0.0334173441 0.675768375
    0.0191908181 0.972153962 0.769972444 0.937931895 0.0078330934
    0.88408947 0.0215107501 0.425712377 0.09542647 0.262481451
    0.503975213 0.665215731 0.349787593 0.0563885272 0.296001673
    0.189838022 0.574828923 0.0678008497 0.724567354 0.750006318
    0.556077242 0.631069601 0.906615198 0.31031841 0.00397261977
    0.577394485 0.727147996 0.245287299 0.782518864 0.655393481
    0.191198379 0.10366413 0.795561016 0.480187595 0.608389914
    0.0122498274 0.0938552916 0.934733868 0.934048355 0.680017769
    0.848310649 0.241323173 0.739355683 0.107831836 0.394516736
    0.439432472 0.770334482 0.680742025 0.0972394943 0.48808831
    0.373842061 0.713275611 0.438459128 0.326949477 0.549281955
    0.341753393 0.0505828559 0.277936876 0.968631268 0.261215627
    0.627620697 0.211595476 0.892270684 0.860417128 0.904201388
    0.79255259 0.58686161 0.692160428 0.200332552 0.852892578
    0.907385468 0.716742337 0.762211084 0.0255723298 0.241735607
    0.184197783 0.131856591 0.49667573 0.626648068 0.389487803
    0.777409196 0.547993124 0.755822897 0.195364535 0.647021174
    0.582947791 0.187274069 0.30315578 0.655928016 0.00409033895
    0.962628961 0.438096941 0.11630258 0.422249556 0.416742712
    0.493940055 0.0326847732 0.878152609 0.299735636 0.355910867
    0.894283295 0.817356944 0.407517374 0.87700665 0.936257005
    0.414748132 0.929818153 0.313544482 0.584033132 0.835167766
    0.765342295 0.78741765 0.744624853 0.961372972 0.0752617717
    0.438043326 0.0210005939 0.316305816 0.378209025 0.751171589
    0.62007618 0.723392844 0.19941622 0.689621925 0.818310678
    0.558072865 0.939538717 0.373634785 0.620928109 0.495533675
    0.654643297 0.494898528 0.906657875 0.342963398 0.326379001
    0.778289557 0.377229393 0.538333297 0.241308957 0.23423475
    0.281235397 0.785242438 0.0570760667 0.964689076 0.336121142
    0.848449826 0.977927446 0.212157696 0.856660843 0.362748981
    0.152341813 0.691767454 0.622257233 0.935861111 0.333933502
    0.310535997 0.0896356106 0.638734758 0.967754841 0.701191187
    0.328595459 0.565944493 0.501351237 0.407140434 0.109772921
    0.212296486 0.169283897 0.362836957 0.861197829 0.219154984
    0.0565916598 0.583758354 0.97835952 0.481155843 0.640464306
    0.979590714 0.911576033 0.316412687 0.955257297 0.583101213
    0.00238782167 0.730384529 0.819720745 0.64185971 0.0792819858
    0.404931188 0.254032671 0.268419862 0.204107374 0.784641266
    0.638594985 0.768477082 0.734704792 0.316357672 0.699936032
    0.994940519 0.295425892 0.448642254 0.0500919223 0.37696135
    0.110392332 0.0199589133 0.761336446 0.484483272 0.281412959
    0.703004718 0.047472626 0.321890712 0.468391001 0.206216276
    0.855261564 0.522904038 0.0763323605 0.188423276 0.517837703
    0.95100522 0.258484989 0.0882205069 0.862308443 0.420100451
    0.648247063 0.354118407 0.921252012 0.00252044201 0.0708611012
    0.31208992 0.867050529 0.294935375 0.145416439 0.0792242587
    0.0898325741 0.808070898 0.862313747 0.455818176 0.408980966
    0.102966905 0.00971469283 0.800424278 0.368494391 0.0250627697
    0.114033192 0.166486889 0.458399445 0.66697222 0.0362376273
    0.429507107 0.30450511 0.71647203 0.285726905 0.587002695
    0.920247734 0.243432552 0.486965597 0.0517566204 0.0141508281
    0.968361497 0.646833122 0.930227637 0.884875476 0.813455403
    0.766039014 0.715313077 0.30365783 0.470057845 0.30933252
    0.678351939 0.816860735 0.582618117 0.0911649466 0.767766833
    0.532431781 0.273253202 0.276257277 0.832700849 0.709671378
    0.551575303 0.317965508 0.0310436487 0.154372215 0.54541564
    0.60537231 0.640114009 0.805863857 0.0240209997 0.504882991
    0.794728875 0.813393712 0.283679783 0.414545655 0.0315187573
    0.847983003 0.436447322 0.927359104 0.417315483 0.55565536
    0.821068645 0.0231062174 0.160814583 0.951436996 0.862137198
    0.435870141 0.470374435 0.801962733 0.657472968 0.563935876
    0.993162036 0.586148322 0.0403271616 0.745849311 0.752104402
    0.331421435 0.335184634 0.924360871 0.810922325 0.846214294
    0.644022524 0.428901643 0.298011363 0.322930992 0.343849599
    0.727674603 0.278251469 0.696209788 0.623354554 0.736597538
    0.052359283 0.244945854 0.0259439051 0.156744093 0.487560183
    0.951033235 0.149884373 0.817652464 0.00892305374 0.0182896554
    0.846584737 0.921286643 0.522259057 0.50485903 0.0105563402
    0.192574948 0.853814602 0.860157609 0.584243357 0.153803974
    0.539918005 0.517836988 0.472677886 0.277211666 0.676804602
    0.534828424 0.588707566 0.37236315 0.450410396 0.140984684
    0.848633647 0.734858811 0.596992254 0.780665874 0.270227313
    0.969326735 0.214297175 0.718761623 0.722364604 0.892792463
    0.22671026 0.201496094 0.865795732 0.913442254 0.717554331
    0.64694047 0.104077339 0.789212644 0.722933948 0.233157337
    0.131087601 0.370841771 0.58839488 0.398153365 0.963338494
    0.732367277 0.573700786 0.929772556 0.292814642 0.0884322822
    0.150850743 0.643420041 0.173573732 0.250108659 0.674971461
    0.0564217567 0.986220896 0.447379231 0.0911980867 0.942926705
    0.431127608 0.973369658 0.379554421 0.267736137 0.204014242
    0.171760321 0.267895281 0.167670131 0.575530112 0.869122744
    0.603622556 0.870958805 0.706167221 0.951276064 0.224299043
    0.953742385 0.818195462 0.253025353 0.359224141 0.106855154
    0.437810391 0.988138199 0.00935396552 0.396465063 0.962218881
    0.0205379725 0.464625567 0.780426025 0.446374476 0.652662754
    0.153214842 0.308394849 0.50735718 0.422510356 0.828758836
    0.981582999 0.863532066 0.341148317 0.731601357 0.00561031699
    0.939043403 0.760783672 0.627694666 0.186445564 0.576284528
    0.368476599 0.806779802 0.519752979 0.146513164 0.622955322
    0.750158668 0.973778009 0.940366983 0.0740732253 0.354341447
    0.658651114 0.290298849 0.581330776 0.504993856 0.786211252
    0.814895749 0.165501118 0.54859978 0.466151893 0.412708521
    0.166140169 0.672872066 0.253497809 0.0387591422 0.890071392
    0.992071509 0.477012932 0.74144274 0.862216592 0.376496404
    0.90762347 0.518779218 0.604492009 0.463993818 0.0422255099
    0.201613694 0.515659511 0.428014964 0.621029973 0.127109855
    0.616236389 0.855208516 0.789007425 0.588033676 0.411080539
    0.116779476 0.847446918 0.623297334 0.667679787 0.123690277
    0.830431581 0.175422311 0.0152711272 0.00865718722 0.134037107
    0.973735631 0.781632662 0.00409954786 0.492243886 0.17662546
    0.929348707 0.433115304 0.577142656 0.136115491 0.66025424
    0.626893759 0.748484969 0.742951274 0.215133935 0.135494083
    0.327592492 0.65678972 0.321007758 0.255274057 0.297262669
    0.379586339 0.204562932 0.518894494 0.548464358 0.522905529
    0.273113519 0.823752403 0.354436219 0.833258331 0.00146400928
    0.799841046 0.209449798 0.318790495 0.344705611 0.973590612
    0.770343661 0.903258681 0.525164127 0.110810906 0.668056309
    0.714340568 0.801489711 0.172249138 0.000695317984 0.80093956
    0.782881618 0.69675529 0.89052546 0.0671385527 0.0406673253
    0.686824143 0.42971772 0.181984395 0.233185947 0.973714232
    0.622866988 0.571467161 0.895393014 0.4451105 0.476527005
    0.400914669 0.439481914 0.831079602 0.164955258 0.877550006
    0.205697417 0.881750345 0.325890064 0.804882407 0.50385797
    0.671037257 0.288109183 0.0598260462 0.806971669 0.445871234
    0.511733115 0.569937646 0.269132942 0.551429629 0.595487833
    0.385220528 0.3591941 0.926001012 0.509830236 0.45896253 0.609225988
    0.877321839 0.381412655 0.204861999 0.816681981 0.891287446
    0.472469091 0.672832847 0.0208266377 0.365804672 0.637394369
    0.187265664 0.959128618 0.948179007 0.552832544 0.798948407
    0.735950589 0.140288562 0.437975436 0.69927603 0.804372787
    0.932988763 0.217238605 0.465782851 0.166365087 0.213092923
    0.175962061 0.270955384 0.481916964 0.987692237 0.200558543
    0.416225284 0.0019479394 0.942419529 0.835313141 0.627044082
    0.984958827 0.484377444 0.0862898827 0.608076751 0.261549771
    0.990035057 0.161293179 0.75927949 0.560840011 0.701254785
    0.85261786 0.51362437 0.500225961 0.488469929 0.7512573 0.8138901
    0.780875325 0.781730115 0.133720517 0.902062893 0.451645911
    0.438348323 0.319365203 0.216018528 0.856668651 0.708555937
    0.773013711 0.569626093 0.986511707 0.15641135 0.983286738
    0.177192718 0.499926537 0.377240956 0.301759839 0.0200116634
    0.682959735 0.126074433 0.647547722 0.467689902 0.0982119739
    0.354862034 0.991956055 0.316908956 0.0780118704 0.210043281
    0.415144771 0.125490904 0.155530959 0.110499084 0.539609194
    0.426541239 0.700978756 0.970268011 0.897806942 0.10417363
    0.219333977 0.940771222 0.717816234 0.622051656 0.607531488
    0.77903384 0.154626936 0.623892665 0.562774062 0.700489044
    0.355346322 0.124750018 0.00308480859 0.564404786 0.0515407026
    0.263389677 0.885844946 0.0692451596 0.170066148 0.790357947
    0.21018216 0.99587518 0.939272285 0.913132071 0.741761327
    0.553979754 0.763701558 0.62960434 0.325917184 0.795336962
    0.102727652 0.378908873 0.708258629 0.741343141 0.610438406
    0.197239757 0.0438219011 0.153737962 0.855263233 0.0355500281
    0.331387043 0.739309907 0.433573246 0.467265159 0.609810114
    0.595738292 0.420319915 0.160079688 0.733453929 0.488564342
    0.668881357 0.0672061443 0.943545401 0.638259351 0.749185205
    0.134593993 0.852389932 0.578310549 0.0558381975 0.775295854
    0.874896705 0.629532337 0.0247858465 0.872694373 0.328887463
    0.718032718 0.751222372 0.246825755 0.254456818 0.921963215
    0.843808413 0.639497459 0.11280182 0.884327292 0.461459845
    0.914610624 0.188183635 0.590698302 0.766201377 0.066077888
    0.517857909 0.193071783 0.83299005 0.401977122 0.0704591274
    0.548730195 0.407534778 0.433307886 0.899076104 0.170465082
    0.179826975 0.494071305 0.879668474 0.204717904 0.866257548
    0.843033314 0.819343567 0.0939106643 0.319108903 0.452534258
    0.145177245 0.290493459 0.241075695 0.354590774 0.158493429
    0.64461112 0.859712124 0.958212137 0.45658499 0.846345365
    0.631654322 0.861703992 0.622390032 0.277987957 0.265000999
    0.0377832949 0.780945182 0.488013238 0.664248645 0.703474164
    0.947769165 0.436054975 0.800372362 0.603858709 0.934294045
    0.654390037 0.486816406 0.545628369 0.146684378 0.377837121
    0.747016549 0.294178665 0.0130757689 0.184953928 0.692943394
    0.957758427 0.919540405 0.786963463 0.991561651 0.845332384
    0.468759596 0.357827187 0.166845948 0.540339828 0.678747773
    0.413732082 0.306010425 0.175239027 0.66788584 0.992679179
    0.230792314 0.79901433 0.0601043105 0.186291933 0.916266143
    0.387539148 0.411258072 0.321564138 0.165938944 0.457474619
    0.919969916 0.512933016 0.839801729 0.319194943 0.926717043
    0.523538291 0.817216992 0.337092578 0.838739276 0.37751019
    0.215361983 0.0268717706 0.957957864 0.485975236 0.937541783
    0.0993705094 0.748471677 0.197192192 0.25646925 0.515371621
    0.395805299 0.0479888022 0.768861473 0.297517866 0.727074027
    0.273499668 0.283928871 0.752618074 0.927455723 0.757783353
    0.261058092 0.339014232 0.627954006 0.227787465 0.87761271 0.983971
    0.658117712 0.90031904 0.754056394 0.658976018 0.612838745
    0.0206117332 0.687049568 0.546752274 0.11819464 0.407476366
    0.512353778 0.0578689873 0.770625889 0.061389029 0.247515619
    0.819633842 0.469068497 0.787906289 0.0799055398 0.835625887
    0.636789203 0.891334653 0.0370958149 0.38949725 0.541945696
    0.20210135 0.930355787 0.379661709 0.794500589 0.124685138
    0.851036787 0.747594833 0.986815274 0.567454994 0.81955272
    0.578316331 0.374787867 0.885887146 0.960767984 0.659781754
    0.908275962 0.0854594707 0.600732923 0.796972752 0.39364332
    0.464271218 0.979294896 0.480256021 0.0982943475 0.981069982
    0.808600426 0.3292858 0.218839616 0.675558805 0.589654148
    0.878720403 0.1330733 0.893734097 0.892557204 0.761642337
    0.616051912 0.315519869 0.887414098 0.502895594 0.2201069
    0.841989517 0.316289514 0.879672647 0.0275497735 0.957227528
    0.944372296 0.679109275 0.771911502 0.892605901 0.602987707
    0.651900589 0.574727178 0.70144403 0.859102368 0.501716137
    0.436839461 0.82758081 0.750211239 0.493210942 0.104347199
    0.368794858 0.285104752 0.416106701 0.502800822 0.286494493
    0.0372242033 0.751062036 0.859714508 0.299416631 0.00417041779
    0.85022676 0.463252962 0.492227167 0.774337292 0.00816985965
    0.0575690866 0.0932614505 0.96927166 0.441405326 0.56152916
    0.896794081 0.491068929 0.582297444 0.419594347 0.448140413
    0.854831755 0.214186341 0.27514416 0.177306503 0.883449554
    0.419753224 0.729874492 0.861760139 0.41842714 0.478747189
    0.680962145 0.30913502 0.17060113 0.0392991602 0.0198301375
    0.439038873 0.406830311 0.0958227813 0.963935375 0.439180136
    0.148118734 0.308743149 0.805326462 0.806442738 0.979552507
    0.418978244 0.797075629 0.0411452949 0.393122286 0.748098195
    0.776682973 0.538424015 0.332010508 0.328986883 0.98482275
    0.371457338 0.707978606 0.300950289 0.826996386 0.886033654
    0.1380952 0.456227571 0.0772403479 0.285227478 0.649178624
    0.679955959 0.0150259137 0.00115966797 0.248901546 0.767737985
    0.845255852 0.448068619 0.573179424 0.24845621 0.494012535
    0.957133293 0.996494651 0.238003522 0.102506161 0.708115935
    0.345631629 0.141212672 0.89592123 0.395947337 0.456977367
    0.226037621 0.193442017 0.82013154 0.462522298 0.683425963
    0.532541692 0.0482369363 0.224685818 0.119118094 0.934740186
    0.0815378726 0.19178012 0.382300138 0.587334752 0.389544517
    0.84955132 0.402107239 0.667389989 0.655501842 0.347851217
    0.0431996286 0.274326801 0.843519926 0.723232508 0.483204782
    0.998811007 0.230901212 0.605196178 0.0587965846 0.575668395
    0.145834267 0.213682652 0.687710881 0.366653621 0.0696913898
    0.602103233 0.550293624 0.966738701 0.235321313 0.911407351
    0.631033063 0.380495697 0.628867447 0.270364583 0.66268599
    0.575437546 0.155753344 0.270100474 0.338171303 0.310786813
    0.985159874 0.353255153 0.275417805 0.336437404 0.729071915
    0.32652393 0.356262684 0.317724794 0.372178853 0.0749317706
    0.849046826 0.31136176 0.0907157063 0.0645004213 0.96444422
    0.181451827 0.16042006 0.237999201 0.25087744 0.285066128
    0.157237828 0.804855466 0.451815426 0.108649313 0.137590498
    0.288362503 0.0466721356 0.614724398 0.325784564 0.831578612
    0.583525598 0.800198555 0.27854377 0.0495709181 0.168214172
    0.408428639 0.573014498 0.541317165 0.991348803 0.686342835
    0.0922543108 0.614858747 0.865924239 0.637790143 0.831116796
    0.654116631 0.502320528 0.133447111 0.80790484 0.172027081
    0.856774867 0.68730247 0.0975472927 0.641970634 0.234389067
    0.446476191 0.780163765 0.636484206 0.417645484 0.74547565
    0.974647641 0.612077594 0.71680522 0.398260802 0.851389349
    0.0787819326 0.782497466 0.663645267 0.573480785 0.0783396661
    0.58765161 0.844642282 0.823593855 0.243822098 0.918322921
    0.39648056 0.191337943 0.892165244 0.801312089 0.181065202
    0.215442955 0.603402019 0.246106505 0.866974235 0.597417891
    0.358003914 0.893239021 0.0798682272 0.967342734 0.707044363
    0.827702641 0.359046698 0.84630537 0.668686152 0.201014727
    0.364135444 0.937876344 0.121674001 0.145940244 0.286943674
    0.548007846 0.104190379 0.971262932 0.704579711 0.0067666173
    0.0824510157 0.538756371 0.576638281 0.398342282 0.827394426
    0.636518717 0.159832001 0.989050269 0.170365781 0.0909813941
    0.779660463 0.0315636396 0.919790149 0.900050581 0.340127289
    0.508594453 0.815213859 0.760343373 0.786179781 0.568684936
    0.985756099 0.877005458 0.671359539 0.870628715 0.323570728
    0.716441333 0.276189268 0.743198097 0.848378837 0.442208171
    0.560056806 0.865197718 0.251163125 0.813952446 0.720021784
    0.715816855 0.17029345 0.660223722 0.495289028 0.70099318
    0.871162117 0.651002586 0.0859173834 0.029977113 0.835183859
    0.261098802 0.253714114 0.773918629 0.0874611437 0.269208521
    0.925529838 0.223771989 0.238264441 0.548086643 0.331520617
    0.636533499 0.296985805 0.0199121237 0.84626174 0.119262069
    0.538443923 0.601861596 0.337452829 0.608562827 0.237077743
    0.107684284 0.656524062 0.531089127 0.800947189 0.0532183945
    0.222092211 0.963917851 0.191728294 0.73546505 0.837286711
    0.327297688 0.229593366 0.368576288 0.408196568 0.627860546
    0.873265862 0.586053669 0.0604862273 0.0530234873 0.413191617
    0.998117328 0.0815023184 0.254715621 0.648426294 0.194113553
    0.781567574 0.409221649 0.823078156 0.272210479 0.623045444
    0.58453691 0.924756527 0.37660116 0.649472833 0.639840603
    0.844390273 0.0569640994 0.896116793 0.615295649 0.317300379
    0.281664342 0.270406961 0.67462039 0.617614269 0.178625435
    0.250526279 0.643861175 0.0974133015 0.288044512 0.852184713
    0.680128932 0.458668262 0.046489507 0.847714841 0.476889759
    0.563737094 0.873120666 0.844034791 0.17548877 0.988204122
    0.48760888 0.476534337 0.624323964 0.967091799 0.300626099
    0.323901355 0.991172969 0.524049878 0.0421949923 0.942353785
    0.463903636 0.10626775 0.0888825953 0.898017526 0.854792118
    0.596121967 0.825496674 0.547106564 0.714875817 0.782454729
    0.169671297 0.254489541 0.509058654 0.107257426 0.698639095
    0.485485226 0.701689959 0.20962438 0.610639453 0.819551885
    0.0635429919 0.694797814 0.598944426 0.965223432 0.853417039
    0.905926228 0.160639912 0.261067182 0.428195119 0.78910476
    0.539804876 0.2705217 0.928564906 0.784729958 0.198591322
    0.203204751 0.624594092 0.515303135 0.34619242 0.999804795
    0.110139579 0.321303308 0.626484513 0.0626085103 0.102675676
    0.936532259 0.3445265 0.822529972 0.0188869238 0.883583665
    0.950006664 0.72741586 0.344001532 0.748158336 0.412382305
    0.0553645194 0.351968169 0.663390696 0.149318337 0.248339891
    0.0635924339 0.529870987 0.709962547 0.925967693 0.200544924
    0.235548407 0.0278618336 0.728975058 0.884541512 0.260060459
    0.899931908 0.142179728 0.398716986 0.702167153 0.512076259
    0.825352669 0.647019744 0.0992571712 0.798653901 0.57714498
    0.388772726 0.516789675 0.717143595 0.773547649 0.743703902
    0.624878526 0.00334146619 0.660999238 0.162534237 0.615235746
    0.306696415 0.845552266 0.733493865 0.986704946 0.9361642
    0.755926371 0.319146603 0.795491695 0.849707127 0.0680968761
    0.479591429 0.902506292 0.359663963 0.056643486 0.770268083
    0.17478475 0.663056374 0.494356006 0.336213171 0.602911353
    0.776977897 0.483101696 0.303332359 0.501456499 0.150306016
    0.665340006 0.963026285 0.826673985 0.260409683 0.683112442
    0.361725807 0.144961357 0.558276415 0.798309803 0.568511426
    0.792831838 0.839700937 0.284964025 0.00154301524 0.195988089
    0.144088089 0.949845791 0.120858222 0.736136913 0.135802686
    0.0504605472 0.901316166 0.0158368349 0.609503865 0.263153076
    0.711080015 0.343944639 0.150446832 0.632748067 0.583923042
    0.849283099 0.64079684 0.179585993 0.610068917 0.810542345
    0.00255423784 0.0829747319 0.207890809 0.331374884 0.516149819
    0.503712237 0.661791801 0.356486738 0.449137568 0.0699660182
    0.674052715 0.812925577 0.234991461 0.881098509 0.940063357
    0.925429344 0.415677667 0.833573222 0.730588913 0.330053747
    0.253288299 0.950907171 0.384942651 0.913252711 0.718727708
    0.547217786 0.340714693 0.0395072103 0.0259674788 0.0669875741
    0.960349202 0.401161134 0.148863971 0.835840702 0.0752965808
    0.8570472 0.140182674 0.837264299 0.925123453 0.334092319
    0.0146086812 0.249977708 0.560989022 0.185501724 0.353848964
    0.172934681 0.940219045 0.888694823 0.0358628035 0.095493108
    0.314449131 0.921814561 0.254067242 0.260067552 0.480995953
    0.259745598 0.717069805 0.535765409 0.250366628 0.62887007
    0.676736832 0.320711792 0.306965113 0.431359738 0.259863347
    0.146325886 0.94255811 0.0525450706 0.562459588 0.695132673
    0.550075829 0.519048512 0.23850131 0.42221275 0.548993766
    0.023193717 0.502200425 0.0222504139 0.798728347 0.945441008
    0.198909611 0.20550698 0.851913333 0.344860435 0.705034137
    0.138259739 0.643472195 0.390414655 0.141128153 0.260800838
    0.530905366 0.141945302 0.0275012851 0.572938323 0.610979557
    0.495000064 0.265032172 0.805518746 0.629192472 0.177228659
    0.491964817 0.45173645 0.51533848 0.735769153 0.280220449
    0.539417684 0.763821542 0.955435276 0.666882515 0.691718817
    0.0170017183 0.959102392 0.563673079 0.835620403 0.0240899324
    0.616336644 0.708046913 0.176580966 0.696521401 0.637461126
    0.0395124853 0.680341184 0.454459578 0.326923847 0.515282393
    0.7382586 0.988106012 0.869906306 0.108770311 0.909224391
    0.0140575469 0.0551605523 0.0861385167 0.247632235 0.644807994
    0.299494386 0.313261211 0.592921317 0.986936212 0.986967206
    0.426460505 0.936895192 0.476559162 0.0670096576 0.953238904
    0.238704056 0.708821356 0.78962779 0.480938494 0.77858609
    0.388090909 0.448435336 0.427896798 0.587479889 0.83637768
    0.0210205317 0.527774334 0.793255389 0.674763322 0.704984128
    0.414109915 0.506324291 0.29404074 0.0956614017 0.495733947
    0.945887625 0.816093683 0.351841241 0.277721345 0.314217567
    0.606804907 0.633565307 0.212033182 0.913226962 0.647610307
    0.0641379654 0.393380523 0.669656634 0.963704646 0.818972766
    0.281720996 0.894763708 0.652752757 0.534761369 0.103984684
    0.0497202575 0.799146533 0.560194433 0.10955146 0.868988514
    0.664498985 0.314594746 0.642395496 0.128128856 0.479476899
    0.00674894452 0.0852310956 0.72458303 0.310973942 0.111341059
    0.781388283 0.196767658 0.68973124 0.925921559 0.47144562
    0.0492578745 0.935327768 0.511209011 0.492046744 0.22842446
    0.748012662 0.305181921 0.942448795 0.341344863 0.256557047
    0.0461668372 0.969026804 0.232532382 0.930165648 0.547993541
    0.150660098 0.759183168 0.605939507 0.330814749 0.914011657
    0.996314049 0.616022527 0.986640751 0.359674215 0.513636887
    0.809276938 0.0396242738 0.623744249 0.549491227 0.545301795
    0.641752839 0.342661411 0.972611248 0.0111079514 0.742928147
    0.0679698288 0.756806731 0.0312277079 0.0642641187 0.913475811
    0.22543487 0.944211304 0.971809387 0.687298238 0.234801501
    0.854227901 0.734043121 0.762390375 0.474693865 0.466438055
    0.000967085361 0.190473318 0.931350946 0.474420577 0.148196995
    0.146744698 0.991958141 0.475100726 0.80893445 0.630852163
    0.100878149 0.130156904 0.683049142 0.914882064 0.0210186541
    0.502184808 0.693398178 0.46032393 0.421112061 0.882466674
    0.887203336 0.132511735 0.575628281 0.279686093 0.604269028
    0.184892833 0.987954378 0.541384816 0.33584702 0.0035494864
    0.460818887 0.651813388 0.371159226 0.200127065 0.6509462
    0.896073759 0.360606968 0.982612848 0.347133577 0.803603709
    0.0750712156 0.117269665 0.857140899 0.721390784 0.53390944
    0.512817085 0.874440908 0.332834363 0.566145837 0.820182204
    0.681169331 0.283474326 0.428613544 0.846949697 0.554470897
    0.0740670264 0.351013899 0.222522795 0.862125993 0.389271945
    0.545965672 0.278880119 0.0997621715 0.00219327211 0.44513762
    0.331201077 0.21732682 0.641732454 0.981662154 0.562797844
    0.147304952 0.242075652 0.0110427737 0.521414936 0.430986226
    0.762453675 0.895026147 0.170843869 0.463865101 0.403309703
    0.44769147 0.0904146731 0.30375874 0.393069386 0.647695661
    0.580946505 0.300756276 0.477101207 0.926099122 0.213559538
    0.0755194724 0.384360939 0.958051085 0.144032151 0.736865401
    0.962212205 0.437844932 0.576547861 0.895064712 0.314115584
    0.493458569 0.7203511 0.0550659895 0.733785152 0.3834185 0.409431159
    0.919856131 0.73123759 0.614713669 0.241700143 0.522059619
    0.873775184 0.842597783 0.392777771 0.76158452 0.22379604
    0.260432839 0.657749891 0.0157980621 0.275332332 0.609899402
    0.230340779 0.242163092 0.145016998 0.611853123 0.552458882
    0.117478967 0.875091195 0.53296423 0.842153013 0.95017314
    0.946418047 0.574237406 0.660633683 0.521617055 0.356235266
    0.76204294 0.884219766 0.262270719 0.43556118 0.731159389
    0.164902091 0.94730866 0.73879838 0.0796808302 0.863708496 0.6484676
    0.499376297 0.463343322 0.490179539 0.283543468 0.889127374
    0.264305711 0.0459402204 0.0979347825 0.54916954 0.89444536
    0.361126065 0.767696023 0.243838131 0.924095631 0.607029676
    0.69703269 0.797626972 0.538256586 0.0715648532 0.75834769
    0.363232791 0.868519664 0.313739002 0.916508675 0.959175467
    0.419581145 0.271265596 0.0450942516 0.360870957 0.0730114579
    0.11094439 0.829762697 0.565740108 0.371868372 0.78476572
    0.496281475 0.0837281346 0.0803281963 0.344214141 0.0557032824
    0.641541362 0.974464357 0.218871683 0.753598034 0.218802899
    0.683493674 0.909890711 0.51834625 0.7639575 0.7252689 0.00807833672
    0.478114724 0.0994935036 0.056111753 0.725589395 0.571772158
    0.233882308 0.484579206 0.804264307 0.0198504627 0.462718219
    0.298375249 0.922140718 0.00972029567 0.325235546 0.585835218
    0.9962852 0.611065865 0.49407649 0.140972584 0.355291963 0.857296586
    0.602856994 0.167063504 0.141731799 0.208598465 0.139546782
    0.786952734 0.843984306 0.36918819 0.736871421 0.18464452
    0.685100496 0.81077677 0.145236582 0.279377341 0.231128186
    0.392248154 0.804163456 0.739114702 0.106231809 0.41269061
    0.773885012 0.165124238 0.78016305 0.329823673 0.851023197
    0.00672858953 0.344007552 0.270044476 0.319150239 0.640206218
    0.237410069 0.811272204 0.985278964 0.732332289 0.493124008
    0.74385488 0.0195152462 0.29843536 0.111119151 0.116969287
    0.418645263 0.807654381 0.556943297 0.473303854 0.963312805
    0.995317578 0.747761011 0.719246268 0.0647507608 0.818294764
    0.118150711 0.944341242 0.0422801375 0.264923453 0.0991114974
    0.0992266834 0.768811643 0.683230937 0.6990605 0.401819199
    0.123207092 0.424197227 0.40824616 0.203936487 0.338955402
    0.0633259118 0.422521234 0.767109394 0.0381793976 0.573233426
    0.850639462 0.830219984 0.911674738 0.874949872 0.474664927
    0.121115565 0.370352864 0.840584397 0.812182605 0.398260117
    0.671794355 0.263321459 0.408263266 0.684595227 0.353538483
    0.610100329 0.891671181 0.961910486 0.210288376 0.121069402
    0.798177958 0.290945083 0.583454013 0.721343637 0.869895518
    0.701144457 0.835521877 0.898675501 0.0407886803 0.888768315
    0.819979548 0.505873024 0.678747892 0.419273615 0.603974044
    0.529599428 0.237270236 0.249394715 0.408311248 0.964808643
    0.645495057 0.0149308741 0.101058215 0.939830899 0.690671742
    0.545346141 0.387090027 0.712879658 0.0374782979 0.885534763
    0.490953058 0.0153452754 0.455674052 0.817619503 0.894045949
    0.781958401 0.632385612 0.540794253 0.173947364 0.0207265317
    0.817506671 0.661881387 0.596391857 0.369087696 0.396861643
    0.385972083 0.245880514 0.650587738 0.297749221 0.145967841
    0.827576637 0.536154926 0.91356194 0.988354802 0.569305599
    0.097309351 0.332120121 0.63843596 0.537913024 0.17641148
    0.528051734 0.330407321 0.243220121 0.479834914 0.266067952
    0.486214578 0.918022156 0.884430528 0.0994398892 0.123132467
    0.190122753 0.550564408 0.195668757 0.0426968336 0.969200373
    0.165316194 0.20099619 0.508806646 0.425185084 0.613821566
    0.552187681 0.0295957327 0.744695842 0.758617699 0.148997426
    0.842536807 0.334177136 0.486365944 0.930297852 0.800926328
    0.109706998 0.529749632 0.632305145 0.123706251 0.518320501
    0.820916831 0.188310444 0.675087094 0.348125845 0.841507792
    0.145013362 0.513772011 0.676641226 0.0177793503 0.807197154
    0.152579099 0.56624949 0.625433683 0.142375588 0.488569319
    0.256577522 0.422267735 0.588427544 0.534562409 0.62240392
    0.259701759 0.892156899 0.989595175 0.575295091 0.935816884
    0.718926013 0.955141366 0.683258414 0.963068008 0.798789859
    0.296580374 0.663443685 0.00845015049 0.4315148 0.387252837
    0.267903447 0.146435499 0.294551849 0.0211571455 0.241061628
    0.872621775 0.891860366 0.47336334 0.852085769 0.865206838
    0.845874488 0.0698004961 0.309038162 0.190930009 0.410961986
    0.577198565 0.67225486 0.978567839 0.887767076 0.857486188
    0.480730802 0.034602195 0.646208644 0.560011923 0.220133305
    0.555425644 0.568958461 0.174596995 0.633330703 0.554881096
    0.882290721 0.846134663 0.278391898 0.288846195 0.434941024
    0.946071625 0.656759083 0.531341672 0.0817743838 0.963992596
    0.764934659 0.542645574 0.674476147 0.134503871 0.582931161
    0.424791425 0.108160645 0.729729116 0.105332911 0.880086005
    0.903524101 0.365240157 0.457009524 0.718574047 0.320939302
    0.154866755 0.327403545 0.435390085 0.985034466 0.694265246
    0.169101596 0.378339529 0.407055616 0.164094806 0.342567444
    0.159521043 0.132592469 0.616973758 0.614161015 0.304696143
    0.226520449 0.678284466 0.356218517 0.0341426432 0.701821685
    0.678100467 0.552111983 0.999018073 0.448427051 0.118040591
    0.620023847 0.861017227 0.676408827 0.791332006 0.700158358
    0.839690447 0.224282235 0.384328932 0.593351781 0.318815172
    0.709962666 0.914353132 0.528102279 0.317173421 0.402185857
    0.108816981 0.754315495 0.288125038 0.245097846 0.102143437
    0.0361050367 0.0549207628 0.507546961 0.278379291 0.0759183466
    0.450601965 0.62559551 0.94727391 0.739661336 0.182235003
    0.346561491 0.515666127 0.899974942 0.710595608 0.127492368
    0.949554622 0.520215571 0.583045423 0.125767797 0.142590493
    0.773355246 0.464145005 0.0446600318 0.442235202 0.250557959
    0.0163350701 0.587901235 0.603367567 0.189455152 0.866911471
    0.484013319 0.0805338919 0.247398585 0.0595241785 0.56016326
    0.500585496 0.539661646 0.934772491 0.572110176 0.660384715
    0.755463898 0.704424918 0.15974614 0.867142379 0.890158117
    0.57607007 0.29268083 0.599078894 0.534145176 0.554058313 0.96761924
    0.500813425 0.230411202 0.136557758 0.280326545 0.907171428
    0.922569036 0.889367282 0.345893741 0.555493653 0.726323605
    0.931537747 0.839932919 0.826120496 0.159215868 0.651428103
    0.560856104 0.147182375 0.494821727 0.0417868495 0.317873776
    0.774142385 0.476356268 0.787332058 0.413791418 0.08508268
    0.854810715 0.75772655 0.466678202 0.330079317 0.673474073
    0.528797746 0.439826369 0.83257097 0.0685276985 0.0298706293
    0.258733511 0.189542681 0.535618663 0.86484617 0.337899268
    0.120616466 0.583766103 0.319271624 0.253842294 0.486506343
    0.174738437 0.12062797 0.366054356 0.160017103 0.422404259
    0.179724365 0.123038322 0.0844157338 0.239355832 0.82095772
    0.956497192 0.779820502 0.989692092 0.67835921 0.318358183 0.8297472
    0.267782629 0.802730322 0.961681724 0.304044545 0.562994778
    0.848225176 0.305920482 0.597286999 0.345979869 0.57690984
    0.0566992462 0.706229329 0.229286194 0.128466666 0.287839413
    0.601063967 0.646115839 0.408026218 0.394083947 0.0229586363
    0.19033581 0.274445534 0.0645468831 0.606258869 0.201488018
    0.683377624 0.111062467 0.805952072 0.537706614 0.216635436
    0.931211829 0.529901683 0.884833157 0.17081672 0.669918656
    0.0120072067 0.733083606 0.578973532 0.712397933 0.835948646
    0.00274044275 0.89740324 0.287588 0.615189195 0.442160934
    0.681698382 0.143105 0.699084163 0.751926541 0.0102300346
    0.646896005 0.981420159 0.505625427 0.647663653 0.214091063
    0.853084326 0.470578223 0.860105872 0.716128767 0.687141359
    0.62236768 0.0159225464 0.183632314 0.219682008 0.479725361
    0.811536312 0.326242924 0.464674681 0.618840754 0.124123037
    0.700625181 0.975196958 0.282638252 0.37784785 0.994841039
    0.581660211 0.249277949 0.925737977 0.781756878 0.298079908
    0.986184955 0.919679284 0.557746172 0.307358742 0.963540316
    0.7272349 0.384850025 0.0413710773 0.437134981 0.856520176
    0.563632607 0.216692805 0.667805433 0.347556829 0.375797272
    0.946405113 0.649035454 0.480462819 0.146294147 0.215316534
    0.671427965 0.634231806 0.572143137 0.569040179 0.834238768
    0.400107443 0.502587259 0.946965098 0.201004058 0.100051045
    0.155455738 0.851292491 0.333177865 0.612249553 0.95123148
    0.0168948472 0.648060501 0.656750977 0.325817406 0.302001059
    0.42312324 0.626350403 0.202920765 0.600086808 0.506978929
    0.979626834 0.952541471 0.440394521 0.506204069 0.050390929
    0.996666849 0.656512976 0.551274538 0.0644049942 0.146251351
    0.818177164 0.912843823 0.0270237029 0.506831706 0.656618834
    0.554154634 0.88556993 0.356132984 0.769274831 0.498515546
    0.462266088 0.253581911 0.386834919 0.287687242 0.715461731
    0.365909696 0.800920367 0.560986817 0.135753125 0.843667626
    0.0927280188 0.881100893 0.736589491 0.570130646 0.567174673
    0.506707132 0.205515563 0.774554431 0.150712192 0.569323897
    0.844847798 0.576691628 0.967162728 0.814833164 0.905523419
    0.536318004 0.432328761 0.0418071449 0.597714901 0.945405543
    0.620466352 0.613390028 0.388435215 0.183984816 0.00619655848
    0.513339758 0.24325645 0.966798663 0.269104719 0.574189901
    0.240049809 0.22041899 0.0164235234 0.366502583 0.778439999
    0.636939406 0.40805459 0.545305967 0.348415256 0.750258267
    0.573910117 0.142086625 0.686336577 0.874508858 0.533173084
    0.325587302 0.605353653 0.201136917 0.0752661228 0.29079935
    0.306594938 0.10528484 0.170036644 0.412929744 0.0149023235
    0.970596731 0.292709708 0.764567494 0.373889953 0.780558586
    0.397896171 0.584175706 0.491539896 0.729118347 0.0260838866
    0.522197306 0.93365252 0.812926829 0.174965799 0.501012206
    0.0136797726 0.248854101 0.20113343 0.789094269 0.377751648
    0.305118859 0.313850343 0.442671955 0.322846353 0.734999239
    0.261395156 0.43081972 0.27807343 0.0229544342 0.017368108
    0.912354469 0.232664227 0.242948264 0.877772152 0.677739263
    0.0502676666 0.32925266 0.297631323 0.92099452 0.0204093158
    0.968662262 0.279540896 0.549829423 0.216287464 0.725999534
    0.496869475 0.558884382 0.675926268 0.616665184 0.959024072
    0.364953279 0.301598489 0.742120504 0.603864253 0.0261992514
    0.790226579 0.293435752 0.60451889 0.946932554 0.806712985
    0.333160043 0.171073824 0.693112969 0.169115692 0.027980715
    0.574560404 0.663787663 0.416915834 0.744038343 0.317966521
    0.850921869 0.825861335 0.429393888 0.472706258 0.172541946
    0.375043213 0.233411402 0.270465851 0.77500701 0.13012886
    0.231635451 0.912875175 0.6634987 0.475905001 0.0325573385
    0.784073949 0.647040844 0.168299735 0.877640665 0.663344502
    0.191853642 0.822123528 0.241261423 0.196552277 0.841095507
    0.859569192 0.879233599 0.817995667 0.0588480532 0.800891519
    0.90494144 0.722872972 0.803238809 0.694013357 0.402244627
    0.641688943 0.648277998 0.0180797279 0.826514363 0.260650635
    0.9887591 0.139827281 0.679606795 0.600972414 0.308443755
    0.828884959 0.925545871 0.677735031 0.581214607 0.725248754
    0.807280123 0.594917834 0.299835712 0.2036677 0.114810556
    0.238922715 0.536093593 0.193830371 0.0591801107 0.0275211334
    0.0353137553 0.87187928 0.763807774 0.533987999 0.991482496
    0.662162781 0.591020286 0.361223936 0.431818932 0.28576529
    0.282039762 0.235951573 0.362457454 0.789756298 0.436948061
    0.272761554 0.845052361 0.36683917 0.929018497 0.549606442
    0.0397754908 0.909797788 0.425741017 0.476090223 0.478697807
    0.505316198 0.523699462 0.0522013903 0.92229563 0.904635549
    0.886980653 0.823300123 0.14817062 0.281919479 0.465316892
    0.335001945 0.932332993 0.635180533 0.0119556785 0.0399161279
    0.765095949 0.238292903 0.729683876 0.815498233 0.266412675
    0.652670264 0.300730973 0.104566306 0.862524033 0.449744284
    0.72031796 0.80256319 0.846314073 0.581539631 0.653308511
    0.0767490864 0.170451015 0.220843226 0.0350166857 0.148277491
    0.50416249 0.832101762 0.135368019 0.484303534 0.506817639
    0.425020128 0.51789856 0.588760138 0.287948579 0.62609452
    0.497396171 0.331772089 0.745534301 0.443145186 0.389107019
    0.62238729 0.762317002 0.992004216 0.200128973 0.99331677
    0.679400802 0.489866287 0.445417285 0.294062078 0.619278967
    0.0778431296 0.231437385 0.646911144 0.024353236 0.258562833
    0.228605181 0.1986233 0.201825231 0.0532847345 0.378190279
    0.563788056 0.629066646 0.700305283 0.752696276 0.15598461
    0.542936325 0.293332398 0.230353326 0.966515243 0.837751746
    0.491102993 0.486191005 0.632437468 0.492614239 0.187208772
    0.753005624 0.304909229 0.0946725905 0.166515052 0.252610564
    0.0952216983 0.751923978 0.593272567 0.641232491 0.616795957
    0.141729534 0.963177919 0.0119707584 0.454275727 0.606161177
    0.0590387881 0.962314308 0.018032372 0.287763953 0.269684792
    0.87979418 0.393304825 0.910789251 0.304433525 0.263189256
    0.772028089 0.655852258 0.695625424 0.926677585 0.55412972
    0.0981418192 0.945069909 0.693431854 0.424545288 0.39616096
    0.903270721 0.995483518 0.053381443 0.854585648 0.14003703
    0.75157696 0.201081127 0.429198056 0.662222087 0.622680783
    0.384093106 0.481383175 0.00691139698 0.601304233 0.860986531
    0.929051161 0.925619304 0.493078947 0.346922219 0.92667228
    0.99477613 0.37786904 0.797823727 0.570747972 0.705124319
    0.498428047 0.826455116 0.36752528 0.817201376 0.527285993
    0.910226464 0.363898814 0.418576777 0.184938729 0.0989801586
    0.484018922 0.642342925 0.30185771 0.180222094 0.358199239
    0.376011521 0.971440434 0.73544538 0.609199524 0.177208632
    0.0659969449 0.579361975 0.678129911 0.958854377 0.79804945
    0.384844601 0.667501926 0.585665464 0.786517501 0.661477923
    0.532332122 0.813957334 0.874327838 0.312578619 0.881770432
    0.299706459 0.397047073 0.588126659 0.020188421 0.233181715
    0.0847834945 0.979292274 0.132803828 0.750237286 0.662121773
    0.638131261 0.220461994 0.836117804 0.079185158 0.451890975
    0.272528231 0.731701672 0.201980919 0.769969165 0.848692954
    0.135028511 0.655309021 0.0435286462 0.624432266 0.386860132
    0.655417383 0.615259349 0.111436754 0.938675165 0.427126884
    0.567829192 0.407012284 0.217236757 0.553861201 0.346827686
    0.46650213 0.204393446 0.841284871 0.994010746 0.832651019
    0.471174479 0.664386332 0.107523382 0.298560679 0.665440142
    0.203597933 0.920275688 0.181399882 0.330528915 0.719036698
    0.444486111 0.671102226 0.96719873 0.85479635 0.0627996624
    0.909343183 0.720057368 0.234139562 0.0168592632 0.555810571
    0.768105149 0.0826275051 0.283262491 0.525701106 0.545455754
    0.0295611322 0.185181677 0.0201526582 0.0371969938 0.249806941
    0.347414851 0.660620093 0.38881433 0.938807249 0.846958578
    0.852841794 0.515100896 0.74670589 0.391387582 0.140696317
    0.606694639 0.423722833 0.948239923 0.389411509 0.942258239
    0.377040684 0.688497484 0.529861033 0.722984195 0.197838604
    0.748538315 0.689068019 0.995127559 0.786081731 0.787682176
    0.266172111 0.839146852 0.707380295 0.0569033325 0.601870179
    0.041085124 0.882553518 0.79659915 0.715294898 0.17984274
    0.664661884 0.319072306 0.886371732 0.391359985 0.966808438
    0.507133722 0.273824036 0.415743619 0.663123548 0.87233454
    0.277844995 0.534681141 0.429855913 0.135509849 0.268920153
    0.241661727 0.96939832 0.410082698 0.391086727 0.0874302685
    0.69983077 0.317539513 0.753428102 0.604035974 0.723521769
    0.966718793 0.45964691 0.811573505 0.207951188 0.346932888
    0.121546239 0.771081626 0.188910216 0.454560965 0.389815748
    0.295782834 0.342022121 0.799307466 0.0136596859 0.974779189
    0.367251247 0.263423264 0.0511718988 0.458881378 0.748135567
    0.970304668 0.707785964 0.625751376 0.408439755 0.89219439
    0.0603851378 0.775264382 0.503270388 0.202126771 0.739299893
    0.373475313 0.536374867 0.798419535 0.176036209 0.646487176
    0.880975723 0.520472527 0.877647758 0.49611932 0.565822601
    0.159564435 0.907662332 0.141866475 0.328957558 0.494268775
    0.248019695 0.112136781 0.429671139 0.634890914 0.685198247
    0.260970831 0.502411664 0.943852544 0.358345598 0.868916988
    0.841700792 0.33167702 0.301573157 0.236146808 0.107970208
    0.0249711573 0.59672904 0.483709127 0.46941644 0.733677506
    0.371061325 0.711489856 0.525422752 0.584289849 0.0196414888
    0.661869109 0.727888167 0.510300577 0.543599665 0.505800128
    0.645754695 0.109443486 0.325380981 0.778090358 0.392600894
    0.810830116 0.621456861 0.451423645 0.393079102 0.0899327397
    0.515394866 0.742354512 0.153217107 0.897211075 0.521829605
    0.11966303 0.0138578117 0.959611893 0.263561457 0.575909197
    0.520386755 0.52187115 0.85172236 0.114020914 0.202416569
    0.733994424 0.325591981 0.690657496 0.953817904 0.200574249
    0.325125247 0.969592512 0.519773543 0.390323281 0.714639604
    0.799904346 0.319090515 0.963663816 0.445661873 0.254732251
    0.266376019 0.952962875 0.681918502 0.198331565 0.586154461
    0.562233984 0.388508171 0.0218275189 0.0543787479 0.354187369
    0.0659080446 0.114395708 0.169114441 0.143949658 0.437960804
    0.278532743 0.4081949 0.789969325 0.851419091 0.314998865
    0.222600013 0.113574892 0.886850834 0.89704901 0.658226132
    0.329926074 0.418267369 0.833947599 0.790482163 0.293346286
    0.284158945 0.648164272 0.177864403 0.617680788 0.903591514
    0.336366117 0.234301746 0.134970009 0.794322312 0.998121619
    0.0390578508 0.453483284 0.694120049 0.703268349 0.451029718
    0.382298976 0.494961411 0.925698042 0.698710442 0.360793352
    0.354783356 0.498210937 0.585634232 0.696321905 0.272026092
    0.989742517 0.35224086 0.150881559 0.0624212623 0.911605239
    0.759461522 0.505615711 0.978629589 0.421273261 0.486949414
    0.000799149275 0.159412265 0.708795428 0.215220749 0.708723009
    0.974395573 0.121925294 0.326821059 0.77543056 0.239036649
    0.0489740968 0.892995715 0.115286916 0.222510874 0.29223752
    0.42174542 0.771176457 0.0884124637 0.0760991275 0.00865224004
    0.00520437956 0.650484383 0.355292231 0.645294547 0.875778079
    0.263397217 0.15923214 0.975114346 0.519262791 0.851087451
    0.0143969357 0.80223155 0.5483042 0.028876394 0.609908521
    0.236298084 0.676290631 0.0664233267 0.424583524 0.839373112
    0.0130441189 0.326917589 0.90835166 0.793684125 0.430398703
    0.50478965 0.286005855 0.414566875 0.0909618139 0.0402929783
    0.4136208 0.833044887 0.750869513 0.262406766 0.646948993
    0.769398689 0.60046196 0.910593152 0.222764224 0.0864127576
    0.458912969 0.800293922 0.5376302 0.0804030299 0.653073609
    0.0844480395 0.168547064 0.799842477 0.196200252 0.663101852
    0.891954064 0.297890306 0.370131493 0.892354071 0.627482951
    0.156306058 0.271240473 0.454581439 0.186844468 0.353235722
    0.296198249 0.837947607 0.0699814558 0.9088974 0.433902204
    0.920595169 0.804936051 0.984921038 0.614768267 0.439921677
    0.41432333 0.799537897 0.654342175 0.40888983 0.434940636
    0.119269162 0.936344802 0.67394954 0.562343359 0.284335017
    0.880511284 0.95385778 0.699290395 0.250642598 0.138538688
    0.537169337 0.655596912 0.574118495 0.498895943 0.428015918
    0.323523343 0.287866533 0.0245108008 0.999877214 0.703473628
    0.834813237 0.184721351 0.821746588 0.739925683 0.0337807834
    0.440200418 0.138947576 0.747967899 0.841122508 0.222218364
    0.604179621 0.631535649 0.157520235 0.597326159 0.939101994
    0.757206082 0.369000524 0.460825741 0.631514788 0.0868955255
    0.0894465148 0.955677152 0.612853229 0.809445381 0.599600077
    0.607224524 0.652251959 0.723583043 0.548708498 0.398532957
    0.463970274 0.582964242 0.926781535 0.56742996 0.316348374
    0.428163022 0.417257071 0.115881562 0.840709925 0.113660187
    0.476506323 0.310656667 0.200649172 0.0613465309 0.060942322
    0.096275866 0.191348433 0.845079243 0.477213502 0.153674275
    0.708956361 0.316434741 0.767622948 0.638815165 0.735158563
    0.508721948 0.0642282963 0.0820686519 0.239570677 0.217930406
    0.318243027 0.0703645647 0.219629526 0.202968806 0.895748615
    0.877711654 0.295226067 0.239982188 0.890654862 0.143628716
    0.605214894 0.508811116 0.962240577 0.229410231 0.431348026
    0.10698992 0.492656976 0.754856408 0.375920415 0.346136868
    0.612957656 0.901133299 0.298933089 0.682825446 0.453715682
    0.00403645635 0.479412407 0.979176641 0.0407167375 0.47169885
    0.656033576 0.648313046 0.952146053 0.993628621 0.756028652
    0.777796745 0.110815287 0.0803850889 0.709421217 0.562097549
    0.528962791 0.315370917 0.308025599 0.601091206 0.45509544
    0.335123599 0.559373379 0.631965578 0.331622005 0.739834487
    0.177142233 0.57138747 0.356764138 0.351589948 0.262874961
    0.105921566 0.562035799 0.274915546 0.944902062 0.304436266
    0.051494509 0.207625508 0.182196409 0.508425117 0.212349743
    0.184577346 0.548957229 0.704743266 0.143068701 0.41653496
    0.227054626 0.0969918966 0.800606132 0.684568644 0.362750828
    0.146407485 0.193221807 0.936750293 0.326717794 0.92509073
    0.874933064 0.0856976509 0.573885381 0.896342933 0.256591797
    0.0262303352 0.00475510955 0.073220402 0.411043048 0.38750428
    0.406207889 0.823998094 0.44494918 0.264453292 0.804236948
    0.430259705 0.0699590147 0.168486714 0.479440272 0.378493279
    0.888863444 0.572588503 0.283661515 0.471807361 0.323351502
    0.424648792 0.63991785 0.431562304 0.432940036 0.828327298
    0.303462476 0.539565682 0.312938601 0.937056184 0.29756695 0.5802176
    0.514238894 0.954431057 0.623638391 0.569711804 0.113587737
    0.854198694 0.436805755 0.391043097 0.715762734 0.235276133
    0.164496183 0.00207394361 0.347859323 0.628257215 0.834446013
    0.589306831 0.661949515 0.935340464 0.450860322 0.519685328
    0.859248042 0.866343081 0.882385135 0.628311932 0.230184734
    0.425228566 0.912897825 0.879883051 0.346122384 0.510360777
    0.921967745 0.0956440866 0.688874722 0.564135432 0.214347869
    0.790729702 0.265808076 0.502587259 0.0926169455 0.957466006
    0.915197611 0.774037719 0.168419003 0.185783863 0.829577684
    0.526072323 0.341988653 0.446008742 0.67849648 0.29858911
    0.203556806 0.503124237 0.886419892 0.81968689 0.455041379
    0.152427703 0.396988809 0.503637493 0.838300049 0.665470839
    0.427250296 0.484456033 0.0139538646 0.177346915 0.809831619
    0.748979032 0.0460365415 0.241978616 0.871853888 0.849895597
    0.646426141 0.258820772 0.040838778 0.685095668 0.15907824
    0.581491768 0.33978951 0.77673775 0.355661929 0.357166141
    0.872496963 0.459751964 0.33393389 0.0659363568 0.130405784
    0.643497229 0.529633939 0.546020091 0.44871071 0.3632375 0.43254742
    0.880343556 0.603074014 0.230562657 0.461841881 0.151257068
    0.837059855 0.833860934 0.756348252 0.707326293 0.0401890278
    0.462807685 0.307598501 0.34831354 0.799509943 0.133162826
    0.870327592 0.72035414 0.172178179 0.782907546 0.369232237
    0.657714248 0.778984308 0.537082851 0.880043149 0.475925505
    0.874897957 0.812144995 0.890640855 0.0860030353 0.737584114
    0.371201456 0.377640396 0.896625638 0.0905793011 0.504886746
    0.545225859 0.847612143 0.0619498491 0.0386327803 0.266988307
    0.598533154 0.042480737 0.698342919 0.101872593 0.387605458
    0.506678402 0.261163592 0.414197862 0.629718781 0.786883593
    0.283255517 0.149336636 0.62122792 0.7007249 0.156601876 0.176096529
    0.601666987 0.405785561 0.503552973 0.86478734 0.195919484
    0.261087894 0.352382421 0.536370099 0.242781073 0.821379781
    0.2203013 0.440545499 0.192164868 0.808513045 0.152767122
    0.605105042 0.816323161 0.54075712 0.36763382 0.66972518 0.350670159
    0.92153275 0.647868931 0.429472595 0.807552099 0.24935472
    0.544510245 0.338451415 0.467634678 0.905946612 0.768930793
    0.395562232 0.288272321 0.760698557 0.841365933 0.943112612
    0.43713209 0.903142512 0.192665875 0.1372509 0.763006926 0.277832985
    0.415800214 0.162270606 0.73483634 0.495497078 0.82583338 0.44119224
    0.627689004 0.869535804 0.254457355 0.0570884645 0.738495409
    0.581813872 0.322290957 0.443254799 0.110230416 0.828747749
    0.437196642 0.342095554 0.561798096 0.720218301 0.820864916
    0.990710318 0.976421118 0.026147902 0.35396266 0.265649557
    0.724385381 0.944671988 0.439367414 0.589434922 0.257436991
    0.133101374 0.459629864 0.277692795 0.298484445 0.386634797
    0.117351651 0.101290464 0.135396481 0.70349884 0.791306317
    0.100203812 0.552725494 0.306412309 0.849076748 0.499079078
    0.127127647 0.255979151 0.546545148 0.485568196 0.463244915
    0.287314177 0.392132401 0.221115351 0.0848021209 0.0998774469
    0.167189568 0.18774116 0.831678271 0.324702591 0.785154939
    0.915961087 0.393607169 0.0445186198 0.780972898 0.270799488
    0.0338582695 0.629474342 0.504235148 0.284601331 0.518163621
    0.310951442 0.408011615 0.10035333 0.599587917 0.0461347401
    0.117141604 0.878758073 0.731906652 0.664053261 0.863604426
    0.503196359 0.128488511 0.0590803921 0.993594766 0.399129391
    0.463629633 0.219000906 0.400245816 0.418081462 0.138391554
    0.214801401 0.828025162 0.131098837 0.835214496 0.81314677
    0.530522227 0.523744941 0.666790366 0.0834829211 0.719973981
    0.0635559559 0.362134993 0.504341245 0.820759654 0.81449616
    0.92553854 0.904207528 0.690788448 0.108677924 0.764800787
    0.651708126 0.911708593 0.552776337 0.696058393 0.697735488
    0.791131139 0.903101742 0.628389895 0.42173332 0.255964518
    0.41127497 0.268182904 0.0952289999 0.824752331 0.181208491
    0.0868356824 0.967210174 0.553827882 0.148106247 0.00225618482
    0.230732322 0.957964182 0.713802218 0.018727541 0.349358231
    0.0184157789 0.715810537 0.605197668 0.867220461 0.562826753
    0.550700068 0.132932901 0.705542803 0.0547646284 0.282958269
    0.0580489039 0.307160974 0.139012724 0.917406678 0.145595014
    0.446758479 0.351846218 0.717052162 0.6381706 0.0254495144
    0.687152863 0.375633448 0.489869714 0.176154882 0.542751789
    0.394138098 0.525339544 0.163770199 0.849209666 0.975408673
    0.0110792816 0.495570332 0.978258669 0.749527931 0.461390793
    0.143516183 0.559360027 0.588303983 0.652282119 0.813655078
    0.956560254 0.437300891 0.224295497 0.448955506 0.964851618
    0.665002286 0.789545059 0.49287951 0.0618625879 0.110123634
    0.99573946 0.316277504 0.740686059 0.637855351 0.649401903
    0.731805205 0.0233328938 0.502625465 0.419518262 0.151727855
    0.0785484314 0.415064454 0.684732556 0.481921405 0.169955492
    0.875978827 0.612844169 0.581398249 0.0756426454 0.205411315
    0.235560179 0.510602534 0.857566237 0.0441372395 0.838989854
    0.749487638 0.160033107 0.307778001 0.929710805 0.152138501
    0.114594579 0.509169996 0.317314565 0.591923475 0.379215062
    0.279429704 0.978983879 0.0620467067 0.340396047 0.661567569
    0.982114315 0.095002383 0.60951072 0.268066466 0.470029026
    0.0416747034 0.0294082165 0.739328742 0.32401073 0.228616625
    0.983271718 0.488034248 0.624387801 0.953186154 0.101714432
    0.160711735 0.299435258 0.642321765 0.00778207183 0.435600609
    0.852439046 0.807181239 0.55261606 0.873119473 0.488810539
    0.990872085 0.321189702 0.756792188 0.314741731 0.356023192
    0.883119404 0.621286452 0.771675169 0.597650766 0.293464422
    0.607279718 0.0958344936 0.993719399 0.120196074 0.105497837
    0.199305356 0.303606898 0.695396304 0.879786372 0.581185758
    0.381202221 0.0491850972 0.76441586 0.289268136 0.732085109
    0.270269454 0.342321694 0.418823421 0.236554086 0.862805605
    0.777734876 0.624363005 0.167211026 0.289709181 0.912903905
    0.948283315 0.872589231 0.0542465746 0.144120306 0.764012039
    0.1605106 0.24797219 0.0832663774 0.460165292 0.70704031 0.712061405
    0.739568055 0.300291538 0.355822533 0.611819625 0.693738103
    0.473392665 0.481606573 0.87265408 0.327680349 0.253837287
    0.273219824 0.984592676 0.592492461 0.666632295 0.197614759
    0.177503824 0.232631147 0.958848536 0.766976357 0.484696448
    0.783474445 0.433811545 0.0410706997 0.951931953 0.405420125
    0.0510441959 0.711265326 0.123795569 0.389336824 0.0142210722
    0.523466229 0.699748874 0.352122128 0.608958721 0.96662271
    0.271248937 0.705096006 0.414610863 0.986895561 0.528853059
    0.916177154 0.197593868 0.602332711 0.740795255 0.915879726
    0.7002514 0.105086058 0.849107683 0.505995572 0.446354449
    0.887778401 0.572704792 0.30267188 0.878383994 0.82392323
    0.147240847 0.742578208 0.0260313749 0.636868954 0.551779985
    0.554439962 0.824613094 0.554423034 0.951738238 0.366779983
    0.551079452 0.190027088 0.133618712 0.297864854 0.120755285
    0.580303788 0.28871429 0.263112545 0.271558046 0.79808104
    0.106417984 0.0772983134 0.923537493 0.353815496 0.162595749
    0.359151304 0.565690875 0.816429853 0.17033565 0.516347766
    0.735158563 0.633561254 0.467075944 0.236686558 0.334768891
    0.757573068 0.258465677 0.282292813 0.505207419 0.51407665
    0.596810877 0.953243613 0.706262231 0.380942225 0.420439452
    0.524883568 0.891488433 0.900805652 0.0329595804 0.280688435
    0.443758309 0.410679281 0.281937718 0.727254629 0.52838248
    0.216867268 0.494489938 0.543104351 0.833969474 0.754282057
    0.421381742 0.0618481636 0.998590231 0.32677713 0.958990812
    0.585158527 0.824212849 0.251309931 0.111768574 0.851847649
    0.633546829 0.815250456 0.303301692 0.129299521 0.992391765
    0.0292463303 0.0746511817 0.341415852 0.796410322 0.473180175
    0.35599342 0.935455859 0.0927569568 0.789979935 0.824518681
    0.70236969 0.562542796 0.285307348 0.51542753 0.675892711
    0.750972748 0.0836139917 0.739837408 0.70589447 0.932542861
    0.42159006 0.554169714 0.693387747 0.270713866 0.053747654
    0.861970961 0.722569585 0.755787611 0.747556746 0.310147941
    0.700195491 0.0845459998 0.485446751 0.611634016 0.991555333
    0.309390485 0.465079129 0.81684494 0.0659869909 0.848931134
    0.0338914394 0.619536579 0.880695283 0.0547233522 0.0778837502
    0.97252059 0.118915647 0.610430956 0.00443041325 0.719492555
    0.202716827 0.720660448 0.84891355 0.594323933 0.0266357362
    0.628748894 0.562741816 0.206489027 0.0779287517 0.513678253
    0.555606723 0.898475885 0.143970847 0.623042464 0.594072104
    0.493590206 0.616085768 0.32914108 0.359433174 0.408815354
    0.94825381 0.0339584947 0.118020952 0.177360445 0.452188849
    0.772881091 0.642902911 0.164407969 0.973625183 0.091265589
    0.19763574 0.0194390714 0.421126753 0.125495821 0.254962921
    0.582136512 0.413631678 0.849882007 0.956788301 0.354121596
    0.951172292 0.61963588 0.279404104 0.137668431 0.774816155
    0.292050302 0.713983536 0.377978235 0.320864797 0.499406397
    0.973521769 0.122327477 0.0990450084 0.42583406 0.202577144
    0.233554363 0.287229598 0.00298643112 0.142151415 0.76449281
    0.947249889 0.57741493 0.512469351 0.691416442 0.0391485989
    0.014831394 0.0497412086 0.805736423 0.463781506 0.571314156
    0.16812402 0.10903278 0.222716182 0.525540054 0.336325407
    0.0227127969 0.0403930247 0.588980734 0.245172799 0.514203191
    0.0099940002 0.719676614 0.965664923 0.189785779 0.927250624
    0.714107096 0.42844823 0.168774515 0.722098947 0.693277955
    0.163513303 0.988075733 0.863021612 0.345710278 0.065410167
    0.526778698 0.0898831189 0.392112374 0.53089869 0.598089755
    0.336108744 0.627725661 0.502269804 0.81798476 0.0181974173
    0.494079113 0.855020523 0.909522057 0.792385578 0.349331856
    0.234398365 0.21303314 0.0771864653 0.608184576 0.289901346
    0.982327998 0.88425529 0.532969415 0.877196312 0.879685879
    0.0882026553 0.337960899 0.997350574 0.637236118 0.319656551
    0.397126675 0.254289925 0.0463524461 0.130492002 0.330180228
    0.54334408 0.812351108 0.936510801 0.806078255 0.51920712
    0.790196657 0.472485304 0.316362649 0.241135299 0.107777387
    0.451034337 0.540651977 0.996652126 0.732574224 0.923715472
    0.214542121 0.114955962 0.979622662 0.723899245 0.352616727
    0.25905481 0.883974552 0.91370064 0.499058545 0.828650236
    0.405425072 0.208827227 0.21725446 0.962253928 0.924334824
    0.455890864 0.512892902 0.0524585247 0.624730647 0.932923853
    0.610536575 0.429324865 0.900076985 0.797112703 0.458066225
    0.499182969 0.353696823 0.0724321604 0.359444052 0.225987673
    0.604564965 0.00628504157 0.158312917 0.524725735 0.770041168
    0.660803974 0.539499581 0.311152786 0.414985895 0.687410951
    0.64528954 0.581386805 0.414870203 0.560201764 0.85854435
    0.532659352 0.537349284 0.495274097 0.800393701 0.908182621
    0.802875638 0.523487389 0.968604028 0.189107478 0.185585737
    0.266309679 0.057984978 0.5812729 0.914522886 0.218191862
    0.517234623 0.803673089 0.302123427 0.371585429 0.420902848
    0.704319835 0.971311331 0.255594522 0.449186772 0.672856569
    0.973659813 0.257766426 0.410011709 0.74225688 0.380570948
    0.611873686 0.263822913 0.994492054 0.956658781 0.992515624
    0.990609169 0.714983821 0.208507538 0.609334111 0.543590665
    0.758574963 0.697105825 0.576183319 0.403496444 0.817107081
    0.967567801 0.494766146 0.30842343 0.322884291 0.991394043
    0.465923995 0.881575465 0.714260519 0.417179108 0.131007552
    0.80384171 0.43499577 0.324874967 0.624793351 0.921113133
    0.622647345 0.0632045865 0.545631766 0.485990256 0.78207171
    0.844214916 0.955060661 0.123669922 0.735046268 0.549031973
    0.980103612 0.22338748 0.0830651224 0.27769348 0.843349338
    0.260109603 0.523753524 0.909603417 0.149768949 0.229894698
    0.265490174 0.114050865 0.753940344 0.81031692 0.972631931
    0.231443018 0.18715331 0.162552327 0.0306334496 0.260169029
    0.295640111 0.902918696 0.17968303 0.874957442 0.0559175909
    0.0551389158 0.580574572 0.762671232 0.737645447 0.117719799
    0.501867712 0.801963925 0.667723417 0.994684339 0.392490506
    0.426184893 0.495622963 0.985028267 0.269627929 0.070263952
    0.0935047567 0.40222609 0.446561575 0.548187375 0.9536165
    0.646832347 0.754290998 0.0784964263 0.752067804 0.927373827
    0.0016002655 0.0365224183 0.840144992 0.178272843 0.48659566
    0.108552098 0.208489984 0.313583851 0.699506223 0.389037192
    0.134877861 0.20632419 0.305164099 0.443177015 0.395103931
    0.135794997 0.627300382 0.249573082 0.530408382 0.387534469
    0.721226513 0.255278111 0.161109298 0.0663248003 0.967104971
    0.45060727 0.919644952 0.992632031 0.827371836 0.368526012 0.6781739
    0.00701826811 0.596425951 0.215353668 0.00242894888 0.464130223
    0.376240432 0.0319867432 0.548118889 0.175289035 0.460864604
    0.126373172 0.188009858 0.721404612 0.0292370617 0.610790312
    0.184721738 0.848542988 0.349811107 0.792524278 0.983994603
    0.74696815 0.00644075871 0.345406771 0.400666237 0.870874286
    0.250094026 0.925526679 0.720783114 0.842967272 0.726983964
    0.187470645 0.953828037 0.470355332 0.796765447 0.191996932
    0.346592426 0.150569737 0.469968826 0.5755108 0.909310818
    0.614995956 0.127391338 0.500878692 0.908462703 0.858088553
    0.49175638 0.841731548 0.851899445 0.662869692 0.533751905
    0.339638412 0.780644894 0.25939858 0.0262367725 0.171436697
    0.23847729 0.816469371 0.836766005 0.721873045 0.916215539
    0.629719496 0.210000783 0.0450785756 0.36305207 0.803322077
    0.946398616 0.804798484 0.0478139222 0.631932855 0.203255475
    0.484093875 0.136988252 0.519416571 0.557662547 0.106826097
    0.0123312473 0.109744817 0.354911149 0.242279142 0.504098117
    0.754827023 0.435558826 0.731899261 0.98950839 0.329683214
    0.692721725 0.226288646 0.452624738 0.25328505 0.634525657
    0.127684057 0.841584384 0.0720102489 0.190418959 0.974537492
    0.382727921 0.497410804 0.520068765 0.505541682 0.676695883
    0.305814594 0.167721212 0.23371619 0.22903505 0.993061304
    0.0149654746 0.901572526 0.596597552 0.181781739 0.630979121
    0.92291379 0.253187835 0.702450752 0.867055953 0.480075538
    0.876219809 0.648676038 0.6868999 0.447338462 0.25744772 0.107956558
    0.494168073 0.553039074 0.856319845 0.505350471 0.414823353
    0.839349687 0.0232637525 0.961861134 0.290701151 0.90404892
    0.135123879 0.394413292 0.0825934708 0.055262357 0.638589919
    0.437387109 0.107488334 0.124657691 0.767730355 0.844299436
    0.254303813 0.957957625 0.533735573 0.204652965 0.403131902
    0.0133384168 0.36122334 0.213884473 0.468689561 0.201338857
    0.555152953 0.214926183 0.988842368 0.512429237 0.662886381
    0.105986267 0.208313525 0.520859182 0.137278825 0.174368858
    0.384916544 0.133214056 0.0135482252 0.00207099319 0.731053591
    0.490657926 0.455208182 0.724909842 0.62355864 0.958176792
    0.272699803 0.407792747 0.524713576 0.649963439 0.365702391
    0.0215751529 0.73139894 0.49547109 0.382210135 0.602650404
    0.597731829 0.0842917562 0.651061893 0.446886808 0.572104812
    0.602669954 0.542062998 0.17991668 0.0765990019 0.575200796
    0.702805817 0.468935788 0.411106169 0.743968785 0.93404603
    0.536275804 0.459167302 0.949956894 0.112799048 0.519672453
    0.167879224 0.446851164 0.035784483 0.828911662 0.858042121
    0.804894328 0.962176025 0.298447639 0.729028642 0.557426274
    0.410996139 0.568647444 0.270750999 0.673867762 0.264793247
    0.455130786 0.688008547 0.0760863125 0.870498419 0.116471022
    0.544243991 0.0640204549 0.23080197 0.466059983 0.146262765
    0.0486468971 0.5749017 0.163697213 0.644424319 0.809560895
    0.819746733 0.224836528 0.573695719 0.755918324 0.996561766
    0.603143573 0.0902844667 0.137495637 0.420565367 0.354968071
    0.764167547 0.729055762 0.608069062 0.519851148 0.909277558
    0.0643399954 0.571045816 0.610314786 0.772612691 0.983159542
    0.0552965403 0.816160321 0.891287625 0.791486859 0.674763799
    0.318044066 0.856572747 0.897629499 0.9917292 0.487017959
    0.541953504 0.552558303 0.295038521 0.442640901 0.694089651
    0.657151699 0.172057658 0.945249796 0.00461095572 0.435294479
    0.543266237 0.510577917 0.0478527248 0.838947415 0.33789137
    0.711135268 0.214761436 0.729023933 0.644940376 0.181462765
    0.164971799 0.290426433 0.708690822 0.857453108 0.670334756
    0.782156467 0.358833373 0.715480864 0.705451608 0.870914578
    0.503983259 0.290889204 0.956533074 0.534637451 0.625837505
    0.69726789 0.410152048 0.457837582 0.705634475 0.0341864824
    0.395703495 0.639806807 0.841560841 0.76132369 0.445823789
    0.102704912 0.00264444947 0.693114817 0.163394183 0.632581711
    0.138677061 0.239949971 0.999878645 0.939078033 0.609036028
    0.0421707332 0.370008469 0.0709172487 0.0960277319 0.481444925
    0.608372271 0.842862427 0.775342524 0.936735272 0.490084022
    0.621862948 0.740582228 0.906492412 0.652444482 0.840398014
    0.192403018 0.319534659 0.67417413 0.212269574 0.196164191
    0.231752157 0.304245472 0.593411684 0.688468099 0.00220641494
    0.582628131 0.684831917 0.54996419 0.864753604 0.424950272
    0.429712474 0.0156690776 0.934893608 0.13671124 0.604825258
    0.36134553 0.257844567 0.912211001 0.68867743 0.477369338
    0.00246706605 0.729812145 0.675631225 0.166781425 0.361902058
    0.448089868 0.49476102 0.603501558 0.291140318 0.304276288
    0.0867280066 0.696663499 0.633263767 0.513565004 0.462324381
    0.393546253 0.219900966 0.381924689 0.0121555924 0.350898832
    0.524492562 0.322828263 0.998677731 0.670268059 0.180254549
    0.476459384 0.962364435 0.291188359 0.91704309 0.503849804
    0.158077627 0.283791006 0.0824864209 0.338983506 0.965175986
    0.206283152 0.907512307 0.658635676 0.453433871 0.304967046
    0.0711704493 0.00893050432 0.792795539 0.350888252 0.026779592
    0.109737754 0.816421747 0.786044359 0.910496712 0.715322316
    0.15762496 0.264255732 0.507178307 0.618028879 0.083185643
    0.742252588 0.0207658708 0.14926967 0.244408935 0.787236214
    0.61946255 0.240611792 0.292936653 0.387970299 0.615065157
    0.910175264 0.487147808 0.869620204 0.697857141 0.590379 0.327832758
    0.01248914 0.168380737 0.969433546 0.641269565 0.203834206
    0.463488519 0.976944208 0.166971117 0.749079347 0.653937817
    0.547971129 0.179009795 0.983411908 0.385522276 0.0221967697
    0.418490559 0.0860093236 0.432338566 0.154455274 0.367090523
    0.287010133 0.966468692 0.448641747 0.71730262 0.470262766
    0.249537617 0.419236302 0.820987821 0.840331018 0.350020528
    0.44244951 0.68852818 0.532470107 0.831702054 0.874661446
    0.601411939 0.430799633 0.104354411 0.0242086053 0.768907547
    0.673096657 0.632495284 0.301579803 0.651284456 0.18559128
    0.681186914 0.893930256 0.382864416 0.647932291 0.259270489
    0.189482719 0.778654158 0.59778744 0.604845405 0.106596977
    0.93215245 0.542720139 0.647669196 0.521590054 0.969305515
    0.854434609 0.414207697 0.0887905359 0.710196376 0.791293263
    0.30650568 0.166246921 0.424056023 0.330063164 0.471966892
    0.749261379 0.800817728 0.377284497 0.287938058 0.841213346
    0.913440585 0.371107906 0.387754619 0.157593846 0.607302666
    0.530913651 0.801524639 0.0948940516 0.0166840553 0.0711762607
    0.59965229 0.944008708 0.0295780301 0.221247315 0.958901286
    0.612451553 0.747795224 0.624639034 0.588135898 0.590043068
    0.899538159 0.906229913 0.173286885 0.63418293 0.447359025
    0.750503898 0.92812407 0.607799768 0.699207664 0.635050952
    0.0377839506 0.134653062 0.14537701 0.586684704 0.232941329
    0.89054656 0.933746099 0.337884367 0.407319576 0.401195049
    0.589987993 0.110295117 0.686998248 0.172630966 0.440760553
    0.381521404 0.655909419 0.282910883 0.22033602 0.572234869
    0.0803072155 0.66097945 0.971087098 0.659111381 0.980090022
    0.113788605 0.561089873 0.942477465 0.626926363 0.49369666
    0.385222137 0.824688375 0.540028811 0.377192348 0.479363382
    0.259317279 0.424864143 0.416827887 0.535283804 0.163015455
    0.833513975 0.39719227 0.605245113 0.530004919 0.483108044
    0.404152334 0.676729441 0.306263626 0.409585804 0.0737578571
    0.458262056 0.606009722 0.173234016 0.354055822 0.775565863
    0.537360251 0.230908543 0.459712833 0.280913293 0.0684542954
    0.902513564 0.380094826 0.564361215 0.84453398 0.323405206
    0.00196519494 0.0798061192 0.0381188691 0.464568347 0.823494017
    0.745934486 0.00927984715 0.930374146 0.127240866 0.0604122281
    0.390239596 0.419837058 0.0826904178 0.171451509 0.854673862
    0.0436601043 0.15344286 0.114332825 0.181505293 0.315240234
    0.521828711 0.358052343 0.151723504 0.0352975428 0.976880372
    0.535877585 0.829302132 0.402456522 0.918354928 0.57607919
    0.625539184 0.296909153 0.257489264 0.330096722 0.651474595
    0.91699791 0.0212541819 0.308936745 0.0553156137 0.517075241
    0.307787299 0.721286535 0.393012226 0.174122185 0.890138149
    0.139405221 0.566419959 0.974841475 0.832826614 0.0166115165
    0.119743258 0.52767849 0.863337636 0.875804186 0.318153173
    0.41287899 0.170822978 0.0896468759 0.361156821 0.0838745236
    0.975576162 0.618255556 0.9960531 0.766251445 0.512569308
    0.745337009 0.443712682 0.0464424789 0.653254926 0.327724218
    0.216436058 0.032731086 0.907262564 0.541006327 0.786370397
    0.0708658695 0.852320671 0.556611478 0.374987304 0.291158557
    0.483736902 0.526730895 0.0374900699 0.1224792 0.987279177
    0.884349704 0.0152465403 0.587347031 0.222593904 0.181198984
    0.0105880499 0.210881948 0.608549833 0.502521932 0.959756076
    0.606999218 0.54058969 0.43165496 0.782962143 0.303865731
    0.908567309 0.366506875 0.744337678 0.411452621 0.576954424
    0.27147752 0.921220422 0.174939096 0.407792032 0.337522566
    0.905533254 0.409466624 0.963094234 0.145695865 0.0443210304
    0.942753553 0.155812472 0.160906851 0.614874482 0.574089706
    0.288163722 0.795567811 0.100717008 0.556079984 0.235850066
    0.65344584 0.85930866 0.59632045 0.4176507 0.309393644 0.487194687
    0.181087464 0.421575546 0.139984906 0.862370074 0.131774455
    0.863819301 0.573324502 0.748734832 0.319247365 0.849237978
    0.343524516 0.403542668 0.91330862 0.597214282 0.887198687
    0.511759639 0.545503974 0.59900111 0.142027289 0.0987927914
    0.248277634 0.936300039 0.455381036 0.392487526 0.492014289
    0.56427145 0.0855931342 0.702979147 0.756183505 0.0165812671
    0.203536212 0.167333096 0.733666718 0.839003563 0.283108383
    0.92645371 0.360495776 0.52963537 0.971177757 0.837406039
    0.591453969 0.169466615 0.125594139 0.43531546 0.726017594
    0.854700625 0.0239325166 0.800971806 0.274509311 0.807987928
    0.742017686 0.125762671 0.487246215 0.0561749339 0.471347779
    0.671449304 0.278150469 0.770908356 0.614368796 0.243491203
    0.771735013 0.0077111423 0.063266933 0.76308322 0.808671117
    0.228960782 0.914353728 0.448871255 0.918274164 0.415180147
    0.00875213742 0.10796082 0.169406176 0.555691838 0.537529469
    0.663360476 0.855443716 0.912180305 0.386224985 0.667911708
    0.716393352 0.406564713 0.520905793 0.927662849 0.0169039667
    0.752363324 0.918363571 0.60345906 0.221475363 0.85200417
    0.435097218 0.0691120625 0.467685342 0.382865667 0.978721976
    0.819396377 0.506631494 0.902947307 0.445980459 0.796480358
    0.35833174 0.278984219 0.116285741 0.0167243481 0.685524642
    0.728683352 0.227440983 0.675902724 0.216080755 0.214797854
    0.596161008 0.901611447 0.538733065 0.614009082 0.233176529
    0.815493822 0.186957002 0.303861588 0.699442327 0.67387265
    0.408068955 0.314483166 0.606024742 0.243889093 0.589361787
    0.501518428 0.416020542 0.983382583 0.0319676995 0.360199064
    0.114998102 0.541641116 0.495512247 0.746136546 0.434791267
    0.674377084 0.148404032 0.637422621 0.675648808 0.942964911
    0.775231957 0.996467948 0.891655564 0.5865435 0.443024755 0.73511374
    0.0600282848 0.759769678 0.0101493001 0.849615872 0.221997976
    0.181898326 0.916147947 0.56633091 0.868811905 0.638299227
    0.412614286 0.7787745 0.787150741 0.891095638 0.0736745 0.648977399
    0.406358302 0.362259269 0.336047202 0.230766118 0.0390598774
    0.704643011 0.933461428 0.50143677 0.405758083 0.504734397
    0.521663904 0.761994898 0.108971179 0.474911332 0.430169195
    0.276604831 0.737136364 0.0353892744 0.124083579 0.523850381
    0.770369649 0.759353042 0.905308485 0.433973998 0.886087179
    0.0739479661 0.323262483 0.48508656 0.322713017 0.305107862
    0.942759156 0.832979262 0.436933309 0.517639041 0.589523256
    0.680245757 0.908713579 0.833258152 0.553879023 0.616021276
    0.872039318 0.961228013 0.421223283 0.398401022 0.176572502
    0.751154661 0.505089998 0.398936301 0.692601383 0.648223877
    0.269752622 0.791810274 0.150634438 0.55376035 0.66975373
    0.590852261 0.344577342 0.0577478409 0.621378064 0.632983029
    0.0690869987 0.510739684 0.283079714 0.84325254 0.368182838
    0.443763107 0.276309967 0.757034779 0.569859266 0.119123101
    0.00904804468 0.660043955 0.863173068 0.672348857 0.730249524
    0.252472341 0.810029566 0.658337593 0.568320811 0.605772674
    0.493108213 0.126275122 0.60561192 0.271851689 0.106820524
    0.827041388 0.879123211 0.975786209 0.00855252147 0.513406873
    0.928937435 0.739673436 0.334074438 0.218170553 0.16170761
    0.910946906 0.0865014195 0.106199801 0.544763923 0.552793562
    0.230503976 0.0383355319 0.0490987897 0.14287132 0.593301833
    0.135462552 0.831744671 0.554170847 0.0708324909 0.209966272
    0.715881705 0.980374336 0.00226607919 0.0507086217 0.122663677
    0.517828763 0.0513235033 0.0661907792 0.849000096 0.417511731
    0.840819359 0.676431119 0.0146130621 0.509037256 0.104257733
    0.183997422 0.643497586 0.762401044 0.650285006 0.152439326
    0.233349651 0.385111928 0.234499812 0.0960090458 0.137048006
    0.488861591 0.0795349479 0.880730987 0.665420294 0.708693266
    0.400506139 0.944908619 0.749611378 0.0443848073 0.223432273
    0.644490838 0.68182528 0.369149595 0.0111415684 0.535732448
    0.884535432 0.0256036222 0.503041208 0.467694879 0.360551059
    0.889121294 0.539520144 0.559921741 0.458743393 0.399375916
    0.767905653 0.0470300615 0.555894613 0.467458367 0.490003407
    0.523342669 0.543585479 0.100601465 0.875259519 0.389628768
    0.846499264 0.0637773275 0.3009848 0.292365789 0.676840901
    0.884702623 0.846450806 0.510227442 0.635966659 0.234248668
    0.510652006 0.425642848 0.768844903 0.678140938 0.91990304
    0.884529948 0.223471552 0.147009879 0.66011548 0.637056112
    0.554739773 0.116020769 0.344272614 0.504258633 0.410307676
    0.465079784 0.697590649 0.251808643 0.214540243 0.0272334814
    0.760545611 0.355687916 0.265611112 0.0807529688 0.896351576
    0.443525314 0.483947098 0.459052652 0.660007596 0.141393214
    0.773596048 0.184730589 0.413698137 0.331400543 0.522310019
    0.180840492 0.261520028 0.2637887 0.166104048 0.146073878
    0.794808745 0.10602662 0.541511774 0.515143096 0.81102109
    0.184391767 0.817760646 0.381494313 0.577219784 0.21500662
    0.0320115983 0.460006148 0.885856569 0.631052971 0.119014293
    0.307117462 0.959310591 0.667248845 0.477602333 0.141377479
    0.288233399 0.283077985 0.234960794 0.217471272 0.6802755
    0.435249329 0.457346797 0.221889853 0.708000898 0.427726567
    0.134979248 0.209245503 0.130507916 0.145760149 0.0359736085
    0.0677006245 0.613352776 0.765526354 0.327869356 0.243400186
    0.370845437 0.650463104 0.435351074 0.17895931 0.608373523
    0.813145936 0.692667127 0.369479477 0.120130837 0.829636931
    0.400714904 0.661309421 0.0847858489 0.507961988 0.623649538
    0.531743646 0.0516445935 0.655091882 0.175365657 0.740986645
    0.836605251 0.919315815 0.451704264 0.254016936 0.250229001
    0.485708594 0.741842747 0.610813797 0.974523425 0.470072865
    0.992940366 0.79899776 0.238204747 0.585096896 0.403879344
    0.651365042 0.376478732 0.926226735 0.205930471 0.548227489
    0.846278429 0.870788574 0.868532777 0.281688422 0.171131402
    0.404970437 0.390970856 0.708803654 0.912080348 0.710340738
    0.98939085 0.787518442 0.446567684 0.149239242 0.223362654
    0.663365006 0.885579109 0.137623399 0.628857672 0.730460644
    0.254031956 0.581881106 0.426784515 0.58523792 0.239069372
    0.831953704 0.797951818 0.594671726 0.899601817 0.380433708
    0.107593209 0.0325270593 0.0372692049 0.233887464 0.444657624
    0.835348725 0.967191935 0.69358319 0.173568547 0.302210987
    0.429688424 0.472567528 0.112527668 0.257754713 0.467674971
    0.814974427 0.882205725 0.163080454 0.971166134 0.499139607
    0.537616789 0.0483039618 0.510645568 0.110316396 0.307859361
    0.377753794 0.872031391 0.286579311 0.856267929 0.919484138
    0.7125386 0.455305725 0.812487841 0.309169292 0.127244741
    0.855837703 0.25016883 0.110755563 0.317812949 0.614396453
    0.38798967 0.944162369 0.300674081 0.865926385 0.153378963
    0.841900527 0.606982768 0.481676608 0.3330459 0.236792713
    0.704717696 0.0424538851 0.741135001 0.267020822 0.98621273
    0.913420677 0.959732533 0.0171250403 0.665088892 0.45750168
    0.845605969 0.877619326 0.91782099 0.232492507 0.86805892
    0.500058234 0.100743532 0.0896678269 0.115033448 0.471772969
    0.473461241 0.83304882 0.905891895 0.821920216 0.260285199
    0.705609143 0.670403659 0.136125535 0.864468455 0.483489186
    0.39983353 0.567050219 0.556380808 0.501739621 0.78915453 0.54296571
    0.401871264 0.102027595 0.664383411 0.709096014 0.345793724
    0.896209121 0.712023377 0.0721711218 0.320970148 0.176412731
    0.7899279 0.781463265 0.464987099 0.728288531 0.388418704
    0.315819681 0.149936795 0.0927095115 0.14667505 0.672313571
    0.602719605 0.164715618 0.0984377265 0.31911391 0.467053086
    0.580912948 0.782550275 0.831398249 0.380155206 0.500926971
    0.805110991 0.234632581 0.528544009 0.202195585 0.896954536
    0.785366416 0.126721054 0.860381603 0.221874475 0.551195741
    0.190703452 0.559875548 0.592705905 0.805693746 0.220623255
    0.712813079 0.755547285 0.638470173 0.314027071 0.854755402
    0.112816572 0.647840858 0.962741911 0.180244088 0.699081063
    0.36739248 0.635475814 0.916760981 0.712762535 0.913831115
    0.978244424 0.73193419 0.823581815 0.182228655 0.391790271
    0.533595622 0.737419069 0.611715317 0.239612699 0.838797092
    0.584937572 0.95851624 0.165837348 0.578899145 0.24418357
    0.038425386 0.297235668 0.157672256 0.788280308 0.616226077
    0.357869744 0.798300266 0.214960039 0.288206398 0.0958629251
    0.427816004 0.858647227 0.493902117 0.890928984 0.64257741
    0.894177794 0.562007189 0.764290512 0.0127511024 0.694984257
    0.20877099 0.458132505 0.0534006953 0.976800561 0.854961872
    0.279428899 0.096321106 0.0628427863 0.286414742 0.496841341
    0.991857946 0.350388497 0.784302235 0.250649154 0.941379309
    0.236003548 0.548631608 0.456082463 0.437456429 0.561972618
    0.349129498 0.999094367 0.790936172 0.60859406 0.423834056
    0.677452981 0.580077946 0.958836079 0.53682816 0.739607096
    0.282670557 0.472415209 0.641433477 0.393929422 0.152393937
    0.98000145 0.441845268 0.0230580568 0.213455021 0.481430054
    0.399714202 0.768395007 0.883462489 0.811396658 0.580653667
    0.038870275 0.0498118997 0.30750829 0.53081888 0.213256866
    0.568174243 0.557824314 0.425194919 0.910518408 0.0643063784
    0.347007245 0.295409262 0.799778104 0.116501153 0.215348691
    0.680993974 0.214867145 0.857485771 0.757855713 0.424245894
    0.860020041 0.720361471 0.645872831 0.131115854 0.166763693
    0.868570805 0.353629649 0.560198128 0.605074883 0.953585863
    0.830060005 0.0723739564 0.671738625 0.252292633 0.226988822
    0.246726424 0.0821396112 0.645164192 0.735442758 0.794532895
    0.340476573 0.553070664 0.39015305 0.739226878 0.512937069
    0.439768553 0.612761974 0.620968759 0.683519065 0.930339575
    0.774502039 0.0910292566 0.221236795 0.560480893 0.297015309
    0.299977005 0.648375809 0.0643595457 0.926817954 0.139852643
    0.0380235612 0.481992275 0.24863115 0.580404401 0.853757501
    0.633669496 0.567816079 0.986800671 0.119573057 0.188908666
    0.900528073 0.924221277 0.313561738 0.351759613 0.241832286
    0.811598778 0.644788384 0.686508656 0.320659399 0.88432312
    0.0634727776 0.535202861 0.996108174 0.56555444 0.942214608
    0.053409338 0.0777338445 0.97020787 0.554212332 0.958779097
    0.678931355 0.13996771 0.737797439 0.451627523 0.0120529234
    0.282997966 0.224366039 0.764429688 0.0549102128 0.813031673
    0.644651055 0.0263628662 0.0202178657 0.46086055 0.864979506
    0.0385866463 0.854365885 0.537287295 0.359974921 0.302839696
    0.621513784 0.330043077 0.402268201 0.70169735 0.9813537 0.296865344
    0.703059077 0.78800571 0.154469371 0.330459297 0.0360793471
    0.557914317 0.611683309 0.10100919 0.623168468 0.471831143
    0.628655434 0.297630072 0.345404804 0.241532028 0.677116096
    0.754991889 0.177849263 0.374034405 0.223681211 0.843368769
    0.23044768 0.214958429 0.384658724 0.280427992 0.631977201
    0.799669743 0.422186524 0.934336007 0.699931562 0.171239257
    0.518623531 0.783510268 0.0303587615 0.260028541 0.0262505412
    0.915220737 0.12478134 0.0574263036 0.977796793 0.209810197
    0.484039068 0.136131734 0.707876921 0.997132063 0.548021436
    0.522021055 0.269895911 0.0322312117 0.84401381 0.0826523602
    0.426446587 0.364001453 0.659645259 0.555135369 0.220876813
    0.296843678 0.627427816 0.12094444 0.340468228 0.687423468
    0.658248425 0.0949672461 0.513353765 0.306529909 0.122180343
    0.666022956 0.447028786 0.25917539 0.91065681 0.333248794
    0.983276129 0.30327034 0.960508466 0.172863901 0.740540028
    0.559782743 0.0578657985 0.235974312 0.453617066 0.393493205
    0.41841054 0.0363948047 0.636240184 0.398016036 0.712260962
    0.454950601 0.307949364 0.383470833 0.787995338 0.58360523
    0.377140999 0.725417137 0.730022311 0.551594555 0.526083767
    0.731704831 0.480740726 0.412737519 0.729615986 0.659107924
    0.176870704 0.437833846 0.761132777 0.549653649 0.674607754
    0.0670479834 0.779242396 0.272832572 0.803954065 0.850306153
    0.28955853 0.815662265 0.186581224 0.761704803 0.72228384
    0.522557914 0.651768982 0.906098962 0.0627022088 0.94394362
    0.605450869 0.00385400653 0.917727232 0.450337052 0.658144236
    0.715797603 0.798771381 0.995762706 0.644863248 0.00968277454
    0.946098447 0.612726331 0.618233263 0.554073572 0.711248636
    0.159734458 0.434034467 0.266813189 0.821398258 0.578521729
    0.771365762 0.874072552 0.141264558 0.404060066 0.656402647
    0.208918393 0.444972664 0.163790941 0.575079083 0.848244905
    0.36372757 0.141486228 0.0541990101 0.0294265449 0.677353561
    0.523637891 0.415487438 0.911207318 0.210209489 0.427294552
    0.251726478 0.355102777 0.853218675 0.798426151 0.758795977
    0.00020185113 0.810267091 0.181397945 0.266870797 0.222394139
    0.718219995 0.776175141 0.575349927 0.95139122 0.712500274
    0.606024921 0.979659498 0.827625692 0.817320228 0.358634651
    0.051590085 0.203897476 0.602538764 0.872696877 0.169425339
    0.295942545 0.0387188494 0.337626278 0.650819421 0.31308046
    0.163731366 0.420927018 0.23768118 0.406530738 0.950806856
    0.419374436 0.690926731 0.234130204 0.812470973 0.936312556
    0.63680625 0.561062455 0.156360269 0.0987166762 0.161483139
    0.285860717 0.193179011 0.836037278 0.355386674 0.853804946
    0.84814024 0.413729668 0.95774734 0.228193462 0.36430186 0.57812202
    0.40668717 0.212355912 0.410874218 0.788351238 0.513673604
    0.44747144 0.951724291 0.750135481 0.15395236 0.751291871
    0.221514195 0.401511788 0.759308219 0.471152931 0.508696198
    0.0265723467 0.430480063 0.043847084 0.931779861 0.857980072
    0.662017286 0.450178921 0.907878935 0.887016654 0.503647327
    0.380287409 0.49338305 0.615452826 0.103320688 0.41630441
    0.846845329 0.835492671 0.288903773 0.556580484 0.226131648
    0.765731812 0.508593976 0.0923370421 0.180754691 0.993927777
    0.766937315 0.153760284 0.434618801 0.323862791 0.557969213
    0.661044896 0.639651179 0.389652908 0.108680993 0.801148891
    0.933819413 0.225922316 0.481004477 0.299698144 0.559708655
    0.495343059 0.966575503 0.540461898 0.610463381 0.656070709
    0.43578124 0.938794017 0.0453318954 0.240803331 0.655677736
    0.827081859 0.598368347 0.204150975 0.98336494 0.175389767
    0.457122058 0.860567153 0.82305789 0.0383391082 0.419440895
    0.278636873 0.104854375 0.152506948 0.673503757 0.235909849
    0.872164547 0.723152161 0.431317002 0.676444411 0.832083404
    0.735939622 0.00878617167 0.374812067 0.711809635 0.0212195814
    0.221861839 0.788279891 0.248732835 0.98799324 0.894990325
    0.546682596 0.0217147171 0.674594641 0.992491245 0.114880562
    0.663809419 0.589899182 0.949032545 0.319855452 0.927638173
    0.769731402 0.791592717 0.479662657 0.220149875 0.46443978
    0.0675145686 0.857396781 0.0948362052 0.800527334 0.34604165
    0.777932882 0.0599541664 0.630635977 0.523346364 0.756250739
    0.83729434 0.221250653 0.941146493 0.581311882 0.133221567
    0.946644366 0.694483876 0.563544273 0.715327263 0.554755926
    0.387055039 0.436451524 0.845691085 0.924294293 0.365824997
    0.490550578 0.558839798 0.885910988 0.486064196 0.116596371
    0.309322268 0.383478761 0.23492682 0.299128592 5.36739826e-05
    0.183303028 0.643100977 0.142392039 0.178450882 0.313822508
    0.0517141819 0.764162481 0.390566558 0.401218891 0.950175166
    0.537718773 0.50117147 0.480056822 0.743840992 0.227377415
    0.0748146176 0.920606077 0.256295323 0.978132367 0.781342089
    0.416006446 0.0292685926 0.388515949 0.754880846 0.397957206
    0.198944926 0.743938506 0.279433191 0.664803445 0.721039534
    0.848605156 0.85132575 0.564587712 0.866587579 0.182038605
    0.793645144 0.42636776 0.929006338 0.733861327 0.281706572
    0.376352608 0.544137955 0.0111653507 0.650549293 0.368945658
    0.377129734 0.388144374 0.525520027 0.182347655 0.23409003
    0.22223416 0.721694231 0.145340592 0.476305842 0.400942802
    0.127782524 0.506397426 0.0686043203 0.888627291 0.778018832
    0.147945344 0.20506382 0.253913134 0.623976529 0.251220524
    0.628606558 0.926496744 0.162153333 0.339173913 0.351609021
    0.963263512 0.894017935 0.762840867 0.482400388 0.636480808
    0.166830122 0.10105145 0.923400939 0.722199023 0.0622741878
    0.742630005 0.0471129417 0.643725216 0.810404181 0.354750097
    0.981279016 0.745691776 0.945815086 0.846372962 0.806398511
    0.990971923 0.181106955 0.543810189 0.997857511 0.746703863
    0.143470854 0.864899218 0.23653394 0.93934083 0.680234551
    0.908847928 0.420701355 0.285569251 0.444951087 0.665688455
    0.35103333 0.271181405 0.600668848 0.10589543 0.0113269389
    0.81641984 0.127309144 0.763762057 0.144557983 0.344098449
    0.366002589 3.20971012e-05 0.553920746 0.0965463519 0.754976392
    0.240240902 0.308768511 0.734428883 0.37206775 0.733383894
    0.271101564 0.334871411 0.945368469 0.477092624 0.986256123
    0.70131433 0.56261456 0.942414284 0.655004561 0.906212091
    0.573169768 0.947453976 0.52172929 0.479509175 0.132740647
    0.471881926 0.14479664 0.802449048 0.459157318 0.369508713
    0.857400119 0.768370688 0.547392368 0.47038278 0.757167637
    0.695132613 0.642028689 0.982450485 0.179730684 0.66932106
    0.196142763 0.661645293 0.659207523 0.432226419 0.933735609
    0.829109073 0.221743494 0.196309775 0.863319397 0.489865273
    0.263067991 0.834811687 0.954526305 0.577624261 0.622974038
    0.548773408 0.369409233 0.206421375 0.433519453 0.306003064
    0.0102258325 0.0315391719 0.381071359 0.0522297621 0.673565567
    0.423165858 0.995934427 0.325708181 0.954710364 0.112032503
    0.382311344 0.300662458 0.00717076659 0.909349263 0.648606658
    0.538463891 0.944379926 0.327852666 0.693770766 0.249607801
    0.00912672281 0.139940023 0.0448189676 0.457338691 0.593634307
    0.129337639 0.255250305 0.653465211 0.443255067 0.517318845
    0.249127984 0.828684509 0.109956056 0.234583944 0.567193389
    0.110977888 0.493253171 0.82240963 0.520560384 0.487079501
    0.374454856 0.673400879 0.722907066 0.970495224 0.184214264
    0.634431183 0.517320871 0.611489058 0.694436848 0.420639068
    0.966400146 0.383613646 0.747235298 0.764404535 0.349201888
    0.153222024 0.488464206 0.341856897 0.168274492 0.96392554
    0.957446337 0.113050759 0.860547066 0.652188301 0.949753881
    0.830986261 0.36463964 0.611881077 0.924446166 0.611254454
    0.152692914 0.965943813 0.791935802 0.0678187311 0.672167003
    0.392426521 0.0975235701 0.264157534 0.12737453 0.274163008
    0.143973082 0.757063687 0.0420746803 0.257223755 0.00686204433
    0.307123214 0.867568552 0.316396236 0.0285215974 0.970704198
    0.0398306251 0.0209621787 0.774713993 0.024225086 0.667756915
    0.485336959 0.0585532188 0.396177948 0.719429672 0.571341395
    0.875663579 0.753187478 0.838558733 0.633480251 0.40998137
    0.10528028 0.721520782 0.92476809 0.125515908 0.366587341
    0.220085114 0.210861802 0.0303758383 0.854856014 0.614576817
    0.890855551 0.949202657 0.125525326 0.0273419023 0.97814703
    0.77230382 0.675545037 0.0830281973 0.324214101 0.812008023
    0.449933708 0.982537627 0.987906396 0.300379634 0.225673258
    0.279678702 0.62513268 0.554259181 0.850652158 0.246178895
    0.217312485 0.888491631 0.187617004 0.740377843 0.871258974
    0.196007222 0.681975961 0.362122953 0.330092907 0.361799419
    0.835024297 0.230238497 0.267520696 0.573590994 0.121449172
    0.795135617 0.132817954 0.102620423 0.35434857 0.427209079
    0.0244868696 0.601142883 0.0063983202 0.456355333 0.964657366
    0.967852175 0.569468975 0.36896354 0.641227961 0.675489724
    0.510955989 0.945684195 0.000706732273 0.51239413 0.595475376
    0.656491339 0.070317775 0.631978154 0.470092505 0.548764825
    0.291493654 0.869736314 0.478540659 0.500507414 0.491013587
    0.842558444 0.603665233 0.0691213608 0.801277995 0.719950616
    0.4562051 0.808542967 0.0678945184 0.820145845 0.920053899
    0.802587986 0.707217515 0.992650032 0.247998714 0.105366826
    0.331120133 0.366420388 0.242014199 0.366761804 0.0405052304
    0.342455536 0.736723185 0.187480748 0.900695682 0.909445882
    0.758252978 0.545745432 0.496078521 0.87883532 0.117203414
    0.271563053 0.1222969 0.670876741 0.266671598 0.0175529718
    0.18767783 0.363366395 0.776572645 0.209272832 0.461245835
    0.899253547 0.771115303 0.570666254 0.912659526 0.973794937
    0.446036518 0.553952932 0.0869835615 0.0914976299 0.93287015
    0.0586032867 0.426657289 0.896781206 0.0869168937 0.68910116
    0.266836733 0.388845623 0.126932591 0.528053522 0.98512435
    0.838633001 0.769193292 0.0564388335 0.561502457 0.81044364
    0.922302365 0.074854821 0.150462359 0.176396459 0.75655055
    0.257326603 0.549062192 0.475859821 0.99475956 0.898555279
    0.896450818 0.434258372 0.86768055 0.207559437 0.865618944
    0.0687504113 0.0864599049 0.530488372 0.421705723 0.76352638
    0.216970801 0.99603951 0.863956571 0.126171976 0.30313921
    0.761160016 0.784483552 0.13249442 0.546776414 0.438488632
    0.851081789 0.598632991 0.471007049 0.0981374681 0.761022687
    0.496856272 0.626547873 0.135431975 0.721505105 0.560687661
    0.210289896 0.138107419 0.619863033 0.813330531 0.897778928
    0.727065086 0.772064686 0.252921879 0.681577325 0.168097854
    0.637840092 0.798798084 0.605596304 0.175310165 0.534824371
    0.627319932 0.0326443315 0.492716342 0.176177353 0.437006891
    0.368696541 0.273479462 0.330095589 0.749171019 0.870154858
    0.546536386 0.773395538 0.691725135 0.881890953 0.536592484
    0.693517983 0.786663175 0.000778794289 0.589458108 0.941153646
    0.771428347 0.270167351 0.564941525 0.329705417 0.847640395
    0.648347259 0.753736198 0.160293102 0.48455584 0.792220116
    0.742605329 0.460481167 0.95422554 0.288501948 0.77594918
    0.732484043 0.540963173 0.59248364 0.319024801 0.11049208 0.87577796
    0.734104812 0.664758444 0.189910203 0.206659675 0.18477872
    0.743039072 0.725059807 0.0860762894 0.0658853054 0.0290478468
    0.590431213 0.9096632 0.317942679 0.390832484 0.113645941 0.61906755
    0.403809696 0.0254611075 0.559157193 0.872788429 0.202316195
    0.95592761 0.670508862 0.22193563 0.589461446 0.750949681
    0.449223369 0.908779502 0.672303855 0.345529407 0.403402507
    0.972999334 0.588670015 0.805468559 0.39707908 0.496681571
    0.361772954 0.00140109658 0.0857723057 0.0317198336 0.761950076
    0.255236149 0.430458128 0.237139285 0.255325556 0.936648607
    0.427778363 0.371333241 0.50284946 0.137983203 0.106125325
    0.0305847228 0.333481252 0.637141228 0.550686121 0.173918635
    0.260766089 0.268905342 0.713495255 0.0638284683 0.0719792247
    0.375466198 0.2046386 0.90863359 0.121146679 0.646627903 0.666671515
    0.450062871 0.0980682671 0.360859722 0.66215688 0.0998702049
    0.76285255 0.822255075 0.681752682 0.0192474127 0.958409071
    0.0594873428 0.685350776 0.114124447 0.88931489 0.526828706
    0.477322578 0.992432117 0.997295856 0.938910782 0.403037339
    0.7197209 0.770201921 0.69971776 0.0374300182 0.0415393412
    0.572244346 0.00490513444 0.36948967 0.429584086 0.258065194
    0.912792325 0.244344324 0.577427983 0.573148251 0.90811938
    0.963823318 0.820390105 0.990145922 0.406539559 0.0245275795
    0.634725571 0.134655178 0.847996473 0.736109495 0.577907562
    0.60801512 0.681122959 0.258036196 0.453299791 0.747430682
    0.75360465 0.459772706 0.751235068 0.947556138 0.724585056
    0.779069424 0.757861257 0.340508521 0.777525961 0.319702566
    0.988365591 0.236559212 0.0731889009 0.595573902 0.372852862
    0.0500124991 0.125583827 0.635233521 0.898881555 0.906446397
    0.535120666 0.363634527 0.812352419 0.848162591 0.74420917
    0.161343068 0.434479535 0.772597551 0.225151271 0.944764733
    0.953362405 0.916724205 0.675388932 0.440837353 0.0608029664
    0.503298163 0.0486364365 0.708047986 0.902600646 0.29292658
    0.912795663 0.99328196 0.862037539 0.145162493 0.768760204
    0.259340763 0.868845463 0.861329198 0.396895796 0.771235526
    0.924025834 0.383684486 0.924748659 0.0174578428 0.587067068
    0.769970298 0.501317203 0.0105724931 0.413220882 0.560605228
    0.654034257 0.930142045 0.363413423 0.129416406 0.181398332
    0.185787678 0.932479739 0.646348 0.181699663 0.089910239 0.443862081
    0.27564168 0.369323492 0.640017986 0.866391778 0.565368056
    0.43122682 0.836559057 0.878504992 0.923833311 0.630813003
    0.47727266 0.966370702 0.35859865 0.188485444 0.861171305
    0.831583619 0.628303528 0.568778038 0.258507162 0.674533844
    0.235745758 0.338490605 0.512908101 0.746772587 0.371709108
    0.906272411 0.596791327 0.572039902 0.287923574 0.618466198
    0.789134026 0.96390599 0.496489555 0.435068697 0.546879411
    0.684797883 0.313891321 0.492173731 0.559462488 0.831217349
    0.982907474 0.778077245 0.03764081 0.528890669 0.658361197
    0.0767205358 0.239461213 0.668588459 0.215306163 0.943895519
    0.848048747 0.825152218 0.547858477 0.0694931448 0.306272328
    0.271887839 0.0804739594 0.710842073 0.573019505 0.755856633
    0.269188523 0.413373351 0.0328113139 0.918942928 0.991365194
    0.535571575 0.216828555 0.228461742 0.388985813 0.910842061
    0.826987982 0.898266673 0.0128782392 0.359304547 0.983260274
    0.709881902 0.964435101 0.647845268 0.928973913 0.221915364
    0.382533699 0.371424824 0.510329187 0.804049015 0.754912794
    0.124160141 0.877823114 0.868446827 0.721330762 0.846617639
    0.0986144841 0.917778969 0.795781434 0.520473003 0.80548799
    0.995611072 0.0787889063 0.165345788 0.181230515 0.634604871
    0.369745255 0.648510695 0.764213562 0.409008741 0.482441664
    0.123196304 0.232973099 0.537007689 0.121372163 0.219440877
    0.79469341 0.970046163 0.221302867 0.882315874 0.192982793
    0.51219666 0.678655386 0.449333191 0.686763287 0.017998457
    0.496725172 0.722860575 0.966784894 0.419645846 0.0854538381
    0.151521862 0.608546078 0.267802209 0.470213771 0.464063913
    0.186969995 0.364915729 0.349816144 0.275777221 0.876241028
    0.323383749 0.743510246 0.481556445 0.171360373 0.13665694
    0.144875765 0.871475935 0.264008999 0.509863853 0.378041327
    0.544558167 0.295371473 0.222445458 0.176663607 0.68266046
    0.601876855 0.681141078 0.404865831 0.640980482 0.0474937558
    0.795442939 0.978842378 0.166192561 0.956807554 0.87885201
    0.892702997 0.630552649 0.970494092 0.33160013 0.833695292
    0.991633177 0.107456833 0.105055064 0.915362 0.782039106 0.30252099
    0.449768305 0.92978847 0.15869087 0.846078992 0.102354556
    0.180767268 0.824330688 0.130584896 0.888093948 0.902152658
    0.832655907 0.289357662 0.246675879 0.0511416197 0.600088418
    0.924666762 0.837723851 0.747751832 0.00929757953 0.867826819
    0.448337376 0.378302217 0.918053269 0.450198382 0.0604162514
    0.689297378 0.81159699 0.984332561 0.896933138 0.438984424
    0.40334633 0.090955615 0.824253798 0.363880634 0.332503974
    0.0785726905 0.18188718 0.109540313 0.564070106 0.974018633
    0.189080298 0.614746869 0.660874188 0.309820533 0.0704881847
    0.985756457 0.212636054 0.381970078 0.373927832 0.368159145
    0.958017468 0.752333045 0.320199817 0.759112 0.0937222838
    0.0968785286 0.665432394 0.939173222 0.769078672 0.951022387
    0.534460187 0.818029523 0.669635355 0.0733730495 0.17277503
    0.791445553 0.990752816 0.698206067 0.586334229 0.275119424
    0.327214003 0.563220739 0.512172639 0.915094614 0.120793134
    0.409999102 0.574091911 0.678174496 0.891049147 0.204193026
    0.316547543 0.628281415 0.727378488 0.665245414 0.599817991
    0.683536053 0.782743931 0.0676736832 0.572145879 0.776200056
    0.573856473 0.508477032 0.590521157 0.46738106 0.0165467262
    0.770180225 0.252355695 0.892823696 0.850383162 0.255077422
    0.146191776 0.796460509 0.883705974 0.483924448 0.826966882
    0.949911356 0.145181149 0.0514994562 0.0895977914 0.00964638591
    0.153967798 0.950265646 0.0168902278 0.489357471 0.639318943
    0.676067829 0.693221688 0.955161095 0.0132595599 0.406013727
    0.674594104 0.889770746 0.571410239 0.631573737 0.679762959
    0.983867645 0.240379304 0.497739017 0.546899736 0.753569067
    0.383916229 0.720107436 0.982001543 0.0202911496 0.364291668
    0.885988057 0.422349513 0.85089016 0.378263265 0.045663923
    0.465903521 0.427654147 0.967995346 0.828142703 0.863928676
    0.055288285 0.34535104 0.666181684 0.428474605 0.869194746
    0.837693334 0.979446769 0.958481431 0.00833290815 0.679985166
    0.844490528 0.899221122 0.656964421 0.908977509 0.782180667
    0.422697008 0.803322196 0.35070464 0.412356108 0.573015571
    0.0928634405 0.36016041 0.238167852 0.315366 0.902790666 0.974608064
    0.237806916 0.781596243 0.273696303 0.971600294 0.621231616
    0.513146162 0.41009599 0.0440952778 0.151071787 0.902672648
    0.315861642 0.869661987 0.102171421 0.0127506256 0.0404578149
    0.0906476378 0.0375966728 0.329104185 0.592889547 0.481758684
    0.451778978 0.109683514 0.907363892 0.246585608 0.652043819
    0.225855082 0.395220369 0.410711676 0.383541822 0.269017279
    0.743163228 0.781207085 0.63945663 0.472977191 0.0759288073
    0.244056761 0.105567276 0.717967391 0.00687241554 0.472449154
    0.385015488 0.781625748 0.523992062 0.115750313 0.262499601
    0.401916981 0.53308773 0.0264535844 0.798409939 0.303017586
    0.4476524 0.0198794007 0.602997363 0.130922437 0.859050989
    0.693351805 0.201337963 0.210351318 0.551545501 0.394008845
    0.210824937 0.0270817876 0.996648073 0.453977287 0.590974569
    0.915894389 0.9805969 0.0579968393 0.214874864 0.742156923
    0.228356808 0.352588534 0.022759825 0.172883958 0.81648159
    0.348476827 0.575168967 0.564369559 0.970941126 0.0307866633
    0.482360274 0.771642089 0.405568957 0.114196062 0.267454267
    0.0820366144 0.287739635 0.127227843 0.214422196 0.343760908
    0.244824231 0.70852977 0.630527973 0.160975307 0.844529867
    0.940344155 0.568943322 0.95501864 0.933843136 0.920573354
    0.696602583 0.748301208 0.29235664 0.315228522 0.764971256
    0.305702806 0.810311556 0.707095385 0.870211482 0.724442363
    0.63227874 0.167257696 0.960094213 0.273964524 0.245241582
    0.368816584 0.0371361375 0.479078323 0.821377277 0.960521519
    0.143031061 0.332314193 0.462587297 0.799637616 0.826460958
    0.920893073 0.598103762 0.476833135 0.489975572 0.658652008
    0.19513002 0.0495612025 0.182626665 0.933858037 0.738366663
    0.63825953 0.11200586 0.27622816 0.386196315 0.287675619 0.402926892
    0.91214335 0.221020937 0.775139928 0.266863823 0.766473651
    0.298731446 0.69333148 0.584079564 0.422836572 0.864108801
    0.287189394 0.695076764 0.545826435 0.625800967 0.470696211
    0.409674436 0.0281193256 0.643465996 0.925701618 0.427806377
    0.553355038 0.191808105 0.848766446 0.26631099 0.363042831
    0.365204453 0.947292387 0.82006824 0.148225039 0.585049808
    0.496053785 0.979191661 0.419015884 0.582553089 0.63091892
    0.562975705 0.750582814 0.927776933 0.611108482 0.709459424
    0.245774359 0.281994343 0.0962248743 0.490145117 0.11536774
    0.794169903 0.0349112749 0.207200229 0.745608449 0.982869267
    0.0388396084 0.288686693 0.854683757 0.619823813 0.615757644
    0.840455174 0.00032684207 0.876140714 0.00868082047 0.0526900589
    0.532651663 0.843804955 0.533486784 0.0194622874 0.581950128
    0.801398754 0.959766269 0.571053028 0.102376133 0.879510403
    0.90396893 0.0884627402 0.511897624 0.584111929 0.060455054
    0.130452007 0.564984798 0.43727985 0.440024972 0.279714942
    0.495272547 0.717152357 0.998530328 0.90926981 0.611755133
    0.77542609 0.853453398 0.0933487415 0.116265029 0.886836529
    0.779965043 0.485982955 0.981863976 0.530970812 0.286798537
    0.703129411 0.796682835 0.359705687 0.607272565 0.386240423
    0.621719241 0.0553148687 0.238795519 0.97027415 0.288045704
    0.739557087 0.814327121 0.968882561 0.105187565 0.0540742874
    0.849216938 0.411286891 0.153151512 0.721506834 0.455586702
    0.727499187 0.288173974 0.595622718 0.489590406 0.385155976
    0.0983217061 0.0530011058 0.13910234 0.0055757165 0.962914824
    0.281390965 0.530841649 0.503153741 0.46342051 0.628801942
    0.171687007 0.760313869 0.415985703 0.236025244 0.501134694
    0.262485683 0.384498179 0.340638399 0.612244308 0.922959805
    0.810013294 0.231179446 0.545593619 0.849257112 0.499788076
    0.508838415 0.536961675 0.0574885309 0.937645435 0.993679285
    0.539966941 0.554722369 0.417725831 0.437684178 0.560784221
    0.872076631 0.487752587 0.94582057 0.558934152 0.591554821
    0.087957114 0.565372407 0.967514396 0.796291828 0.415015578
    0.0418404937 0.964490592 0.099637568 0.290454298 0.975362062
    0.173936099 0.370914996 0.420306057 0.890053272 0.874167919
    0.303172529 0.353925943 0.555384099 0.783591747 0.905388355
    0.460112929 0.922737777 0.852804422 0.703665018 0.931433797
    0.474749446 0.914333999 0.00185024738 0.994580865 0.632683277
    0.41064921 0.213989705 0.754034817 0.361768544 0.807062328
    0.342484474 0.995773673 0.273176074 0.87049979 0.0307858884
    0.952780843 0.810982823 0.0447393954 0.890544891 0.907149315
    0.0189305842 0.698336065 0.942250013 0.534736335 0.811249256
    0.766663909 0.185690373 0.918849826 0.0771617293 0.476668417
    0.91151756 0.0231038332 0.919031084 0.765069723 0.0544201434
    0.671841919 0.153927773 0.385571063 0.215607226 0.262234986
    0.136707157 0.235862255 0.699623764 0.25888741 0.671179652
    0.786125898 0.587434173 0.237795472 0.59211272 0.538719952
    0.600531399 0.0847844183 0.658587098 0.707494795 0.439435214
    0.646027744 0.717114627 0.869025528 0.0203543901 0.690393031
    0.668524086 0.966673911 0.476586163 0.441297382 0.853534341
    0.4112266 0.733862042 0.656010866 0.445249557 0.450534761
    0.323950469 0.76802212 0.823607564 0.453110784 0.472302318
    0.386660993 0.259702384 0.840113759 0.560179353 0.0186935067
    0.453222632 0.230966091 0.867348373 0.560185373 0.179010898
    0.425202072 0.559268177 0.452285081 0.265502781 0.426947504
    0.930261254 0.142491907 0.409216493 0.390513897 0.570579171
    0.306867838 0.548733711 0.0361691415 0.270985007 0.224996597
    0.257233739 0.690362692 0.110232472 0.82405901 0.360290468
    0.0388923585 0.331499517 0.580113709 0.520117283 0.953817964
    0.679151058 0.595082581 0.952060878 0.388394296 0.986500144
    0.618871927 0.367134511 0.318414003 0.621309757 0.190362006
    0.769243598 0.226029664 0.682583451 0.380070299 0.401082069
    0.805727065 0.777753472 0.971172869 0.260931373 0.378710389
    0.456261873 0.896739721 0.665444314 0.114006639 0.902754724
    0.931132913 0.333314031 0.402447343 0.879591584 0.759349465
    0.432812601 0.31319648 0.673130751 0.393994659 0.488926858
    0.213208288 0.305544317 0.28799665 0.287790716 0.461169958
    0.955968499 0.0860333145 0.857469201 0.138531744 0.0696649253
    0.354771823 0.6381163 0.290383935 0.228150874 0.621702969
    0.793720782 0.580230892 0.150709689 0.55751729 0.0344898701
    0.138726056 0.704724073 0.289006531 0.694409907 0.52358824
    0.0835707784 0.79242301 0.713872015 0.805618286 0.0236504078
    0.264365762 0.577159584 0.352184296 0.408950746 0.405520082
    0.939063191 0.407986879 0.077185601 0.783003449 0.674174726
    0.410298049 0.914861262 0.585992038 0.0483398139 0.372147501
    0.000122725964 0.0741812289 0.223232448 0.152441114 0.279664695
    0.396566153 0.132751495 0.42593956 0.0404754281 0.447279841
    0.293479204 0.866158426 0.496494323 0.724719405 0.532105684
    0.525509477 0.647952199 0.249736369 0.986038566 0.334382892
    0.175500691 0.317139238 0.604572058 0.0744747519 0.716074109
    0.873550773 0.678911686 0.921051145 0.554295659 0.0648571253
    0.327036858 0.2660546 0.32810533 0.996832073 0.164984614 0.376069576
    0.890748382 0.160795391 0.457681715 0.217769206 0.0348677039
    0.982134998 0.772936642 0.258407891 0.697750509 0.670333564
    0.189998299 0.627783537 0.418273449 0.0756637156 0.181237817
    0.362436026 0.662148476 0.854652166 0.963323593 0.517398477
    0.860517085 0.833439589 0.583391786 0.504227281 0.854879737
    0.162606388 0.953015566 0.650452971 0.878100157 0.519897699
    0.671073198 0.822105169 0.500197947 0.230242521 0.142029375
    0.226346105 0.610464096 0.867817163 0.854053974 0.594335616
    0.56085819 0.697427034 0.121960789 0.383862615 0.053180337
    0.147829771 0.759539604 0.819972396 0.698244572 0.131939173
    0.870139599 0.621022463 0.875098825 0.864773035 0.0987356901
    0.107640386 0.949334264 0.620212376 0.658612549 0.587296367
    0.229506165 0.100755185 0.114284188 0.600903869 0.411545038
    0.986638546 0.820311904 0.272346705 0.0383241177 0.460008204
    0.524529815 0.545130849 0.880180717 0.315378308 0.593217969
    0.0443571508 0.393046677 0.543182015 0.0600377321 0.543820858
    0.448012859 0.916968524 0.571005285 0.491041154 0.881792426
    0.713859022 0.213887513 0.710377038 0.434205025 0.897764444
    0.468633711 0.555159986 0.813311577 0.737269461 0.609146476
    0.690094233 0.636403978 0.693296909 0.360543817 0.599928916
    0.997871339 0.304037452 0.953404188 0.712395966 0.272342443
    0.259536088 0.669139147 0.283018112 0.429565609 0.901197433
    0.694784403 0.548700988 0.777368784 0.250844747 0.177139223
    0.686006784 0.791762352 0.269246578 0.948539555 0.611992598
    0.971535206 0.533041835 0.772252083 0.2339634 0.90827018 0.22889179
    0.557598829 0.68181628 0.717513561 0.881506503 0.963810086
    0.101497114 0.646905363 0.305960983 0.165781349 0.564837337
    0.0199877024 0.312029243 0.212107539 0.519573808 0.753845692
    0.00420194864 0.518187344 0.675332606 0.884643793 0.520787776
    0.738419354 0.968406558 0.354155153 0.454883039 0.119429916
    0.322317928 0.309333265 0.0863934755 0.564452887 0.557861447
    0.799943507 0.597921312 0.6231094 0.0643698871 0.0434750915
    0.425576687 0.98977828 0.187255889 0.966172099 0.301882982
    0.0231728852 0.845768332 0.329386503 0.551853895 0.254808545
    0.880417645 0.266927391 0.939259648 0.0827421844 0.146020293
    0.936077833 0.281567335 0.469404519 0.260261893 0.613463759
    0.959749222 0.270293057 0.614658177 0.390947193 0.763715982
    0.0628069043 0.844458818 0.00152117014 0.201963633 0.951628923
    0.255271554 0.602230191 0.826003909 0.127537251 0.4171592 0.89427948
    0.419034213 0.609792233 0.539355338 0.692270756 0.835118651
    0.416511834 0.613437474 0.764727712 0.612451196 0.501170218
    0.445673734 0.806419611 0.225617826 0.0152546167 0.712351561
    0.987083435 0.264423728 0.0037509799 0.724310219 0.761666536
    0.799487233 0.442107737 0.66100353 0.205594927 0.188235104
    0.740992427 0.960954189 0.914722443 0.50590086 0.550215662
    0.761888027 0.243523031 0.834346533 0.815460145 0.906070173
    0.0871543884 0.0681169927 0.00331121683 0.794688344 0.263804436
    0.109399706 0.0588667989 0.500323176 0.827946603 0.547817886
    0.601963639 0.244241536 0.431994081 0.789801359 0.38956973
    0.602426171 0.0241374969 0.311410099 0.855484247 0.524984121
    0.0828345418 0.16592288 0.82954675 0.670731604 0.518936038
    0.550894737 0.161199272 0.353612393 0.678470433 0.976005614
    0.458500475 0.77900058 0.573992729 0.506530404 0.514305234
    0.770798385 0.649483919 0.138525426 0.10437277 0.822085977
    0.0388272405 0.967389226 0.253361702 0.283146471 0.0619769394
    0.0263822079 0.288192779 0.730272949 0.276210487 0.873028159
    0.0400454402 0.748116195 0.120149732 0.170770735 0.385017455
    0.538915634 0.743724704 0.90567255 0.580644071 0.870211959
    0.340397716 0.164215356 0.908226013 0.506950498 0.628446937
    0.20884648 0.593626976 0.0675626397 0.403531909 0.587610245
    0.0239871442 0.957781553 0.215762883 0.224839091 0.573782265
    0.614113688 0.878452539 0.934213877 0.797801375 0.563214183
    0.279056787 0.623263955 0.0048148036 0.598932803 0.527306318
    0.79607904 0.705298305 0.987967849 0.405107856 0.792722702
    0.167142183 0.0136570632 0.192590505 0.511332572 0.722450078
    0.849350452 0.966423929 0.47058931 0.752659678 0.930719495
    0.895242095 0.256060481 0.0279119313 0.498782218 0.921648622
    0.103263706 0.183909059 0.628736854 0.366606355 0.362276316
    0.503524423 0.42845732 0.87507236 0.892180443 0.511423469
    0.906243861 0.161782205 0.638831019 0.557011247 0.46279794
    0.386591375 0.714106798 0.970968246 0.14308396 0.939102471
    0.691235602 0.00808301568 0.69973731 0.209991187 0.097830385
    0.907023191 0.28449139 0.230341107 0.380620658 0.223657787
    0.69241786 0.767448246 0.483232647 0.706161082 0.555168867
    0.479204893 0.416363955 0.0518969297 0.84006381 0.805139542
    0.624527097 0.60599184 0.291897416 0.868828237 0.699793875
    0.173865318 0.165646404 0.34295541 0.850697577 0.806438744
    0.676279306 0.0858232975 0.75513953 0.0450983047 0.76008141
    0.635198116 0.220160514 0.235375077 0.103825808 0.76969856
    0.534779847 0.971589327 0.801623225 0.235857397 0.408197552
    0.00793400407 0.566272497 0.242382497 0.420799345 0.429305524
    0.944314957 0.81377238 0.496040106 0.224234164 0.206266075
    0.00859087706 0.403813601 0.380387187 0.946515858 0.218988806
    0.7547791 0.874046683 0.941177011 0.197390407 0.942498744
    0.912143826 0.907457352 0.964500666 0.908082843 0.323892713
    0.375354052 0.278019488 0.797161341 0.960396528 0.498258084
    0.421444476 0.569218159 0.858175039 0.0472538173 0.455301344
    0.391008139 0.724029422 0.97503233 0.541548431 0.938382804
    0.37547648 0.120723069 0.0996295214 0.135748535 0.817227304
    0.887553751 0.614373803 0.635939121 0.244574726 0.152074635
    0.77875936 0.435534805 0.607579887 0.199823678 0.750622869
    0.636387825 0.648375392 0.170819968 0.0548876822 0.641385198
    0.459973812 0.484861046 0.854542255 0.0840448737 0.291378379
    0.370055914 0.315950722 0.701624274 0.547276855 0.575512469
    0.9797858 0.110234886 0.950354159 0.666520774 0.609526277
    0.114730954 0.622279882 0.583310246 0.941265285 0.864014626
    0.396382302 0.597826242 0.482209235 0.67988193 0.0881537795
    0.291167706 0.274853051 0.615523338 0.688287854 0.359750539
    0.159343481 0.110101908 0.96072495 0.19994086 0.187265188
    0.552747071 0.145633966 0.812138736 0.60956645 0.963996589
    0.470596671 0.965457797 0.76392144 0.748173237 0.0855565667
    0.703120053 0.0942880213 0.671646714 0.983496189 0.371674895
    0.0711423755 0.543863237 0.110900223 0.265317738 0.920422912
    0.493074179 0.866596639 0.717027068 0.501965821 0.455036461
    0.688127935 0.818098187 0.025280863 0.0830188394 0.911178231
    0.0572533011 0.519871354 0.00772628188 0.074085325 0.259509921
    0.385297209 0.152552605 0.458776265 0.588096857 0.644297838
    0.227997303 0.0396512151 0.917614341 0.307261288 0.901682258
    0.899809957 0.986253023 0.632787824 0.763585448 0.981214643
    0.756394506 0.41830188 0.611444652 0.555340111 0.969071925
    0.586537123 0.720201731 0.528820813 0.823736191 0.370305538
    0.0749984682 0.252969444 0.656284511 0.00386103988 0.33715716
    0.661769927 0.624777257 0.697960913 0.434532344 0.69924444
    0.357086718 0.36157012 0.143199027 0.926922321 0.135326117
    0.872687101 0.53243798 0.463030338 0.80480814 0.751653433
    0.255022317 0.805214286 0.583444774 0.508158863 0.280857325
    0.462288231 0.148891091 0.0997987688 0.571143508 0.863583446
    0.894094229 0.814519107 0.17114687 0.690629542 0.253361613
    0.369479597 0.27885139 0.916137636 0.00438210368 0.272886574
    0.293145359 0.770782411 0.622648537 0.686493158 0.285960138
    0.920689046 0.399036974 0.0581404269 0.4637326 0.564015865
    0.450539827 0.697521865 0.801734686 0.508854926 0.477573544
    0.182601959 0.321638495 0.890632391 0.056768924 0.521222532
    0.724643528 0.416864365 0.391842812 0.538375437 0.218671203
    0.0578373373 0.157010257 0.351213813 0.708109558 0.392565101
    0.571661651 0.27462697 0.113559335 0.73703301 0.832430005
    0.773660421 0.752729058 0.559260249 0.928613663 0.367331624
    0.175186068 0.699387014 0.743405879 0.1647394 0.0285772979
    0.514644384 0.331658304 0.874403715 0.290940493 0.319243938
    0.350385964 0.486378968 0.532225609 0.868587136 0.884895802
    0.0941231251 0.0304756165 0.80907464 0.501999378 0.917613149
    0.775229633 0.499658316 0.12916404 0.740775406 0.159339309
    0.417782307 0.296586335 0.905728102 0.121511698 0.673127413
    0.28567788 0.949783802 0.203237385 0.673827171 0.521780074
    0.629845142 0.475282848 0.257023722 0.918926895 0.451637954
    0.0347094834 0.579481006 0.419070899 0.00887921453 0.397862256
    0.434499502 0.646122217 0.830417752 0.263957202 0.42446813
    0.0613869727 0.644017816 0.436152518 0.469752043 0.82799089
    0.911285818 0.736912191 0.377622008 0.046826303 0.648336828
    0.459932327 0.765537202 0.364997745 0.191337049 0.934246123
    0.391279638 0.695312738 0.279554725 0.455896914 0.594247818
    0.393413335 0.158472091 0.220709085 0.0603014827 0.763293087
    0.741341114 0.583690763 0.462661475 0.0955981314 0.0681712925
    0.12604937 0.661611259 0.901298344 0.662772357 0.84840095 0.59172523
    0.391719669 0.944769204 0.321865618 0.278520942 0.389627635
    0.167657435 0.226263374 0.594893813 0.743639827 0.187451363
    0.291728556 0.11922434 0.4787395 0.542631269 0.425997794 0.227531523
    0.283015162 0.139897227 0.529379785 0.724336684 0.66356039
    0.502314746 0.51726377 0.432568997 0.570519209 0.0713496804
    0.784959316 0.785847783 0.0701681972 0.87727952 0.0531426072
    0.860074759 0.906788826 0.318459094 0.487393677 0.243017018
    0.615317166 0.795490265 0.013360709 0.225494027 0.424271107
    0.112966686 0.126995921 0.521834493 0.403834194 0.606633067
    0.933912754 0.695157766 0.0887341797 0.14535591 0.314625263
    0.52104336 0.42989713 0.403020412 0.178856373 0.932962596
    0.180622578 0.779374123 0.559660196 0.112565309 0.82721293
    0.284481883 0.840316772 0.925387502 0.439699858 0.645995259
    0.924078703 0.277511179 0.814015388 0.605417728 0.0634278357
    0.62982893 0.535520792 0.57436657 0.00517368317 0.621276319
    0.31199652 0.284687966 0.951683998 0.938111424 0.913641453
    0.769337356 0.411353558 0.234492898 0.824574709 0.81618166
    0.06185776 0.609227538 0.320976675 0.750051618 0.675589979
    0.390197337 0.797575176 0.22140798 0.638970792 0.611870587
    0.0642341673 0.81344521 0.538283587 0.24861455 0.130582005
    0.410483956 0.90988183 0.149820209 0.868275523 0.700861216
    0.519983113 0.346733093 0.45428586 0.1770477 0.138767868 0.901909947
    0.951451123 0.537047863 0.252937108 0.71808207 0.814279556
    0.236160159 0.524240375 0.626570821 0.0336534083 0.380830169
    0.212300599 0.972452998 0.15973112 0.425103098 0.93895185
    0.449329525 0.379028916 0.74904561 0.381384522 0.512418509
    0.0513560474 0.193358123 0.206647664 0.115360409 0.763022304
    0.954318643 0.698889315 0.784161448 0.77327776 0.0530922115
    0.471124887 0.0531846881 0.640054941 0.226987332 0.584035993
    0.578375936 0.929059207 0.171089232 0.126104265 0.047180891
    0.28524825 0.211852461 0.837868333 0.163452208 0.696590781
    0.563697636 0.531735301 0.509173989 0.706367791 0.00246998668
    0.810638428 0.730918169 0.288290471 0.542176664 0.69834137
    0.00330373645 0.330736756 0.76382184 0.0260561705 0.934348166
    0.705411255 0.455927551 0.367009223 0.723044515 0.917636395
    0.798447847 0.0962097943 0.558214247 0.4035317 0.803777695
    0.706960917 0.327637374 0.899752796 0.488565445 0.987544775
    0.968101442 0.924885631 0.278229147 0.127770454 0.0650296211
    0.78569591 0.43829298 0.0166367292 0.533955693 0.335587919
    0.839254141 0.494583696 0.175013572 0.98146832 0.023332864
    0.166015863 0.793999672 0.708923578 0.605895221 0.279968798
    0.359755933 0.627216458 0.0542781651 0.833982229 0.784532607
    0.680506289 0.891928554 0.337838709 0.216171741 0.827672958
    0.636999369 0.121765643 0.577760756 0.830136418 0.74315232
    0.406633645 0.355571926 0.0831524432 0.511211812 0.0877923667
    0.501680076 0.82531333 0.848924518 0.652136803 0.374525189
    0.0981682241 0.914814115 0.64043349 0.24027428 0.309381545
    0.960533261 0.210067451 0.373262405 0.790209472 0.658211946
    0.0863639116 0.48571533 0.470784932 0.19721666 0.172784835
    0.461526811 0.741905928 0.685234904 0.3080208 0.359329969
    0.206093878 0.47373414 0.752231598 0.122765958 0.543807149
    0.46751526 0.181283563 0.354605794 0.437733531 0.00101232529
    0.186323553 8.29696655e-05 0.164095551 0.559124291 0.235763609
    0.779275298 0.145998776 0.892346621 0.853860974 0.326815903
    0.825777054 0.567478299 0.781096578 0.496326029 0.225447893
    0.48796162 0.727952003 0.64971292 0.453818649 0.801021934
    0.379392266 0.642711103 0.623321354 0.618006647 0.292733252
    0.287182033 0.108216703 0.923667312 0.305356085 0.825806975
    0.93253839 0.634388149 0.410964668 0.33114779 0.854296088 0.11783582
    0.244941771 0.160115898 0.619342387 0.00328958035 0.26825732
    0.0450427234 0.818268001 0.558344841 0.518027782 0.798826993
    0.482965469 0.545168638 0.486309379 0.671926677 0.454352707
    0.453240365 0.832052946 0.323796511 0.667878926 0.322377861
    0.957377672 0.373144567 0.69370389 0.0884154439 0.772893786
    0.211032331 0.237465054 0.841626823 0.0801941752 0.128083408
    0.589087963 0.863725841 0.497653753 0.0426460505 0.849703074
    0.709552169 0.510212123 0.138611287 0.251931608 0.147087127
    0.46328643 0.114449888 0.234364837 0.436261117 0.662994802
    0.36699605 0.297331154 0.170399308 0.878364027 0.294418454
    0.317793608 0.898927927 0.265565872 0.313314945 0.868081272
    0.221655071 0.758717 0.941693306 0.815497756 0.311468899
    0.0675436854 0.329637885 0.283120394 0.0813156962 0.339168847
    0.952248633 0.793713689 0.856395721 0.0280357301 0.750128627
    0.0851568282 0.233159006 0.931423545 0.797837973 0.223224998
    0.176775724 0.245325357 0.465715468 0.579014957 0.572867692
    0.797143936 0.274769545 0.9061203 0.801285267 0.0112861097
    0.305976391 0.859457791 0.1620107 0.544837177 0.0937788785
    0.323118687 0.822221875 0.730373979 0.549057841 0.284714222
    0.374688685 0.408154786 0.212117106 0.291484237 0.240669638
    0.790317535 0.37820819 0.77531004 0.74941808 0.899020374 0.478495389
    0.503883481 0.719128966 0.996594787 0.438459516 0.482330799
    0.331969559 0.772965074 0.311540991 0.443272144 0.880973816
    0.24663502 0.769838691 0.247449547 0.035856843 0.682219326
    0.209517688 0.61979568 0.753184438 0.419499129 0.337464213
    0.630083799 0.469245523 0.142259896 0.736539543 0.179005474
    0.0332131684 0.165485412 0.69742626 0.00488892198 0.808551431
    0.484651417 0.364562243 0.217231065 0.958606482 0.830591798
    0.695946574 0.554408908 0.204488903 0.0708709359 0.243633926
    0.256586254 0.76036948 0.939042151 0.774167836 0.988399029
    0.888479471 0.5726825 0.211898297 0.221321523 0.736993968 0.30210197
    0.107904315 0.663799047 0.647944927 0.176032215 0.942655087
    0.63046813 0.00660768151 0.499396324 0.399582863 0.398918152
    0.619871855 0.345713347 0.855827928 0.582262039 0.267991513
    0.837430358 0.574337482 0.466049254 0.211993426 0.689787507
    0.864142418 0.469805866 0.103517443 0.769139647 0.352375925
    0.582514286 0.0726360679 0.911134481 0.426938772 0.222316146
    0.428100556 0.168510735 0.91570127 0.573766232 0.374822974
    0.206660211 0.65243423 0.423626214 0.381346315 0.240475923
    0.978285909 0.689246416 0.393769026 0.135389566 0.324174166
    0.515218019 0.776470661 0.0362039208 0.81657356 0.392197609
    0.492381275 0.524680138 0.252234787 0.0859241486 0.928813338
    0.416584551 0.239266753 0.885466099 0.810438991 0.705945909
    0.838845313 0.286329657 0.18559581 0.659401059 0.214459807
    0.856289744 0.0120460987 0.294354439 0.973935664 0.533296764
    0.932434082 0.497622728 0.59495008 0.109931082 0.292397469
    0.336542487 0.485072315 0.641860783 0.941115379 0.1330688
    0.834769845 0.710288763 0.458468556 0.202751815 0.32713148
    0.350190401 0.133752137 0.35350126 0.779079854 0.605749249
    0.147806495 0.604300201 0.738104463 0.467829049 0.584549069
    0.680665553 0.449216843 0.485617578 0.994770944 0.563291788
    0.968851686 0.17975834 0.334194422 0.560253561 0.948359489
    0.394391775 0.0288960338 0.379604071 0.606800675 0.718667984
    0.755525708 0.771559 0.599319935 0.888377786 0.94007355 0.45530206
    0.0167386532 0.833142817 0.451507121 0.973429918 0.609477699
    0.586687148 0.592529058 0.458300471 0.14404586 0.896559477
    0.904754162 0.418216705 0.351106167 0.486012578 0.535479784
    0.86870563 0.613252342 0.477984995 0.622050524 0.85016191
    0.395673603 0.379648507 0.856137037 0.721467733 0.0691482723
    0.771056533 0.927358866 0.539392352 0.976887584 0.984907925
    0.641530752 0.254084527 0.791708231 0.0540419817 0.221540004
    0.0305109918 0.308135986 0.585759163 0.19051975 0.232624263
    0.099883765 0.707407832 0.608383417 0.0612832606 0.413013756
    0.574195743 0.733064651 0.808381557 0.796513557 0.93122375
    0.0365040004 0.201399565 0.321045399 0.116980582 0.967314601
    0.931383073 0.23257181 0.379515529 0.986463487 0.905241728
    0.671091199 0.00142681599 0.347729772 0.974378824 0.500367701
    0.708262563 0.593392253 0.605297267 0.768952966 0.366482228
    0.344093263 0.915103972 0.405820787 0.477815241 0.455272138
    0.66646558 0.666876912 0.291386247 0.558528125 0.724815309
    0.292815059 0.803945422 0.296734989 0.168372691 0.970482945
    0.735372841 0.060379833 0.376373708 0.0731878281 0.850973785
    0.674376369 0.671572208 0.339298964 0.108172864 0.496692032
    0.628471255 0.884607196 0.623586118 0.62298876 0.207347602
    0.217663884 0.274139196 0.0724175572 0.31625101 0.301060677
    0.858779132 0.867201328 0.843678117 0.741890013 0.580558479
    0.845158517 0.925644159 0.722227633 0.218996793 0.32400775
    0.887548089 0.732746184 0.586208761 0.526790202 0.65321064
    0.487253785 0.529624104 0.633876264 0.255691648 0.0478366017
    0.978029907 0.341939032 0.389084101 0.229288042 0.982539773
    0.230140269 0.0554246008 0.822952032 0.0918743312 0.26567176
    0.582620382 0.448845237 0.0930597186 0.42120713 0.699843287
    0.666530907 0.216515601 0.729539514 0.731758833 0.88499999
    0.98689878 0.534691095 0.923044443 0.129227161 0.607261777
    0.0414111316 0.255328298 0.711381376 0.741205394 0.339159846
    0.9319278 0.36542958 0.61539793 0.478822798 0.717940986 0.955708981
    0.777813435 0.448135585 0.811754346 0.367686719 0.531844974
    0.822723866 0.751003981 0.610278726 0.238300741 0.138940215
    0.184948534 0.467980325 0.437262088 0.377981395 0.658775449
    0.848132968 0.139267147 0.162097842 0.814633667 0.570709705
    0.0632005036 0.656793594 0.433493733 0.811013341 0.492610276
    0.197474509 0.5160653 0.965861201 0.928863525 0.29767859 0.396940261
    0.485052347 0.147110045 0.952687025 0.320041418 0.00577017665
    0.25173676 0.113109738 0.514433086 0.19778043 0.00632256269
    0.38957864 0.3441405 0.590399206 0.286304712 0.867753148 0.34010011
    0.77938658 0.949606597 0.73145622 0.464234978 0.489845455
    0.700835109 0.702037811 0.867665827 0.670861006 0.409110248
    0.54636246 0.969774425 0.0606064796 0.331536889 0.453804255
    0.483234435 0.737980008 0.745604277 0.737261891 0.942237854
    0.973560989 0.687128246 0.612226844 0.286742747 0.355451465
    0.345943838 0.996970773 0.297805756 0.304889053 0.718513072
    0.660897732 0.215073854 0.289758354 0.232746601 0.49549073
    0.789326072 0.359317392 0.882417917 0.625538826 0.0787263811
    0.825940669 0.909681857 0.745850205 0.797738791 0.874522328
    0.628871202 0.831732631 0.749232054 0.996270418 0.753152251
    0.41166997 0.630428672 0.604826212 0.618758857 0.929675698
    0.701218307 0.525966465 0.592227697 0.750972033 0.544694781
    0.742296457 0.982774258 0.777270913 0.0498634875 0.141946077
    0.569247365 0.303911269 0.327763945 0.451471716 0.133460313
    0.512915373 0.601004004 0.316866666 0.234487146 0.65603745
    0.785820484 0.42161262 0.0401896834 0.059479177 0.325963527
    0.392612308 0.121856719 0.739724815 0.805218399 0.136876136
    0.114822328 0.350015372 0.50144279 0.606487513 0.46608299
    0.781257033 0.614788115 0.758783579 0.476380646 0.377315938
    0.64417541 0.139503121 0.838033617 0.609680951 0.605293214
    0.644782782 0.938370824 0.738604844 0.343290031 0.157089502
    0.000521451235 0.915561199 0.660992622 0.355005562 0.345825762
    0.217887431 0.171312779 0.0176609457 0.600652337 0.694764435
    0.641368628 0.247628391 0.697896421 0.494677573 0.683315337
    0.342684567 0.417420536 0.817066193 0.914755166 0.275220782
    0.848012745 0.319831491 0.354382336 0.360965461 0.0414556861
    0.645625174 0.917065024 0.815434694 0.230015993 0.726538241
    0.0334270298 0.650149703 0.90108192 0.480233759 0.844823003
    0.607096791 0.214712113 0.916055501 0.714262426 0.404924512
    0.804917216 0.179795831 0.765330613 0.562088907 0.925392628
    0.103202403 0.465266407 0.136126965 0.972791672 0.555326343
    0.66848731 0.881068707 0.16761148 0.10155344 0.436883926 0.30425483
    0.546515644 0.24046886 0.252842516 0.601866305 0.0445838869
    0.411855578 0.135260612 0.771503389 0.3774167 0.629023135
    0.859468699 0.420918643 0.822359562 0.827641726 0.788666248
    0.843177199 0.549999535 0.791490018 0.797313511 0.563513517
    0.0528838634 0.944914699 0.492536247 0.106116652 0.467006058
    0.376105368 0.0830533206 0.673216343 0.187129825 0.611299574
    0.902275443 0.604865909 0.605584085 0.408593774 0.319809079
    0.980216861 0.663189173 0.488359272 0.0206897557 0.530494273
    0.540379524 0.271405488 0.351655662 0.316658199 0.632930636
    0.0972111821 0.194094956 0.297791183 0.319355249 0.274778783
    0.732725322 0.451388896 0.690369606 0.625672162 0.205423057
    0.214000851 0.402910262 0.729299128 0.350627542 0.0945014954
    0.793236375 0.0896016061 0.0292133689 0.789129019 0.838613868
    0.585802913 0.959114671 0.965783656 0.560885012 0.627936184
    0.168127805 0.218630552 0.499104172 0.696898282 0.134462863
    0.9213503 0.850514889 0.182212681 0.21052289 0.295512915 0.675754309
    0.444901079 0.635266066 0.276370168 0.630078077 0.271188706
    0.566265225 0.320809841 0.330314934 0.0452482998 0.565814555
    0.962565899 0.49660629 0.185730815 0.323829085 0.174210846
    0.288186878 0.694511831 0.593506992 0.987257004 0.20178318
    0.346047938 0.987201452 0.562725604 0.659777761 0.445558697
    0.354516625 0.699599743 0.889971733 0.997450948 0.594203234
    0.0721108317 0.207200915 0.810167551 0.337412536 0.490169168
    0.137392074 0.774405003 0.0987426341 0.472979039 0.741482735
    0.793264627 0.650439203 0.163713932 0.687678337 0.18645215
    0.267345607 0.37524277 0.18630752 0.0594048798 0.343541503
    0.266276687 0.82936573 0.394080907 0.196693957 0.273078799
    0.700817943 0.996569276 0.201511592 0.930402577 0.720708966
    0.829121113 0.0919366479 0.263777316 0.404943973 0.694284558
    0.798968434 0.491678894 0.0190768838 0.740344405 0.409096003
    0.680420637 0.327852011 0.745100856 0.86003685 0.618512988
    0.773718357 0.122461736 0.393883944 0.635700524 0.990549207
    0.0657307506 0.32136327 0.126922727 0.333246708 0.587384582
    0.5234285 0.0963170826 0.193109721 0.0840055346 0.836354077
    0.603693008 0.537199676 0.954560399 0.922404528 0.431161702
    0.159550518 0.65849179 0.00973418355 0.427081436 0.111162603
    0.413297057 0.246706426 0.947073936 0.292855442 0.257030487
    0.118400544 0.204002976 0.535107613 0.915224314 0.810976624
    0.986194253 0.743930042 0.70124048 0.817618847 0.0760783851
    0.186522335 0.0770324767 0.836484373 0.438095897 0.206649154
    0.330163628 0.933092713 0.698242784 0.419140756 0.498093843
    0.864025354 0.897583127 0.787587166 0.210127503 0.120463312
    0.0572063029 0.57848686 0.184749573 0.116294086 0.802686036
    0.725830972 0.0506455004 0.943100691 0.757690787 0.6279248
    0.00786313415 0.194676459 0.782629669 0.509603202 0.165005267
    0.881080747 0.390748024 0.681026757 0.322752625 0.484859824
    0.251898348 0.562877178 0.365243942 0.180700928 0.767476797
    0.46999526 0.318313777 0.219887555 0.657750845 0.693894207
    0.997342825 0.455291837 0.153780013 0.605129957 0.46692735
    0.291993469 0.355701685 0.279204726 0.00717645884 0.746127367
    0.704940677 0.950345337 0.989355087 0.820001006 0.556833565
    0.220574737 0.830866039 0.0599677265 0.527571261 0.635247588
    0.689845681 0.027874589 0.733686507 0.906613588 0.0569365919
    0.382600337 0.669065058 0.0533417761 0.727332175 0.685035884
    0.872013569 0.248511046 0.761394978 0.335376561 0.385706663
    0.57106024 0.388777316 0.182127446 0.174194634 0.226852506
    0.413911164 0.554658294 0.00035327673 0.652059972 0.995841146
    0.349394441 0.357677281 0.294322789 0.741350412 0.538642585
    0.384286493 0.724587679 0.126807868 0.376175344 0.835063875
    0.108118534 0.344747066 0.644105911 0.310349435 0.660084009
    0.881001711 0.969272733 0.990615904 0.761318684 0.850110054
    0.267153382 0.977979898 0.843662679 0.325951338 0.579066396
    0.723406374 0.396926224 0.676431119 0.975167274 0.862390995
    0.791110516 0.0846178234 0.30232203 0.509684324 0.35715872
    0.195704669 0.24978748 0.111007243 0.889310479 0.0186738372
    0.36691153 0.295467079 0.782581568 0.187817186 0.279519498
    0.90177989 0.205577075 0.53524214 0.123217255 0.22446838 0.352870345
    0.846683145 0.826883554 0.547625244 0.739365399 0.192433804
    0.626337588 0.923174977 0.895597696 0.365785062 0.232281417
    0.622784853 0.956339359 0.599926889 0.0964901149 0.487799555
    0.155020386 0.538261473 0.233878732 0.565502524 0.0822288692
    0.953367591 0.678499043 0.134769291 0.142799407 0.546642125
    0.807808042 0.0935082138 0.630605102 0.355741739 0.455680519
    0.223490566 0.200320452 0.10298875 0.374899805 0.914276242
    0.822394669 0.841888428 0.92735815 0.30103761 0.357048869 0.68637085
    0.607230961 0.299373806 0.217890322 0.709813595 0.861963391
    0.760855556 0.0750252604 0.93012476 0.847755551 0.572428286
    0.289976597 0.307997584 0.293648005 0.799615562 0.715689421
    0.775875211 0.0217216909 0.442668647 0.235587299 0.25085634
    0.964347839 0.135012418 0.309132636 0.405878395 0.441988766
    0.665457666 0.681629479 0.339610517 0.194998443 0.789492667
    0.543757439 0.820818067 0.536536217 0.710170627 0.805892646
    0.500786662 0.263681531 0.355141997 0.574896395 0.185145557
    0.108023494 0.0308583677 0.181237787 0.195185035 0.0351397991
    0.0945406854 0.743145347 0.658960223 0.292441279 0.615665495
    0.239848614 0.711669803 0.884622216 0.348321617 0.119508773
    0.0728988349 0.815996051 0.86578536 0.273987472 0.300003916
    0.602719903 0.0140938759 0.0365583003 0.940732718 0.495583355
    0.798412263 0.74831301 0.599231124 0.847594798 0.0962321162
    0.940924227 0.20306173 0.671240509 0.994910121 0.0193493664
    0.457267135 0.3185063 0.247469842 0.787219703 0.79158932 0.689973235
    0.352930427 0.4606058 0.953606188 0.544547081 0.888495684
    0.673854828 0.76748836 0.802549541 0.222137243 0.243305147
    0.946721315 0.580376327 0.123419315 0.195497006 0.397039205
    0.378590494 0.7132231 0.698100567 0.324956954 0.644929588
    0.884288311 0.10706234 0.228160232 0.346191883 0.0702892244
    0.424133122 0.996556282 0.164631188 0.293671459 0.334739387
    0.00611171126 0.10367915 0.254125237 0.599654853 0.468942255
    0.690357387 0.158892334 0.186241359 0.372822851 0.015593648
    0.929318428 0.610761404 0.332531035 0.065746069 0.255846798
    0.709142148 0.231811166 0.989835441 0.755348563 0.880677938
    0.469827324 0.166491687 0.342610419 0.413148642 0.0881970525
    0.944463432 0.875291467 0.502242506 0.0789381862 0.781937003
    0.529823124 0.124188274 0.0136184692 0.220398068 0.0698705912
    0.098590523 0.840004981 0.736194849 0.926486611 0.68844676
    0.500920296 0.520385206 0.100936681 0.504890561 0.916127086
    0.369217813 0.501768529 0.817199111 0.400557071 0.354023576
    0.802127123 0.684075892 0.689186931 0.664933741 0.0503979325
    0.215226144 0.813627243 0.148157507 0.80011487 0.670557916
    0.577851176 0.436624408 0.29976216 0.504971802 0.111979246
    0.651924908 0.850204527 0.402964234 0.792792439 0.862873912
    0.614171207 0.279278755 0.630437195 0.641024113 0.934357166
    0.845527053 0.179284066 0.414229274 0.492377907 0.464180022
    0.845764995 0.281497777 0.0331547856 0.311850488 0.870897532
    0.218436331 0.389424831 0.967941403 0.189094424 0.108866036
    0.297617018 0.947643518 0.73116529 0.929435194 0.242328882
    0.748133779 0.696222305 0.380881816 0.584869385 0.555878878
    0.559398055 0.808065772 0.784041286 0.984756231 0.361786753
    0.915708542 0.605601668 0.147164553 0.867720842 0.37201798
    0.413317144 0.609425187 0.632351398 0.616971374 0.985278964
    0.181189746 0.734800637 0.651374817 0.910916924 0.959483504
    0.313843787 0.931522727 0.0737755001 0.680758059 0.419182986
    0.120568842 0.462159008 0.519000649 0.298179716 0.527598321
    0.400699496 0.573845387 0.0858169794 0.833640337 0.122393012
    0.964800954 0.458813012 0.328373313 0.810693085 0.0704234242
    0.387432009 0.096476227 0.953176022 0.196120769 0.661520243
    0.939033508 0.231169492 0.0165137947 0.799943566 0.83404398
    0.629346669 0.240123093 0.824674666 0.844525695 0.975712895
    0.634209573 0.871951103 0.225362509 0.158765525 0.955762267
    0.354152262 0.310646176 0.262599587 0.796159804 0.894106865
    0.600108802 0.240638524 0.141296029 0.494947523 0.607027709
    0.353514463 0.628281415 0.97453773 0.609375477 0.673367023
    0.95103848 0.998170376 0.908244729 0.390710682 0.825786948
    0.519215167 0.749450803 0.100614697 0.679131806 0.975012839
    0.532522142 0.786793232 0.910721898 0.714704454 0.395251364
    0.607721329 0.756291986 0.686377645 0.52818495 0.401055127
    0.334071755 0.384857386 0.814700425 0.285982341 0.610306621
    0.147670954 0.342379093 0.592105985 0.691058159 0.458090574
    0.905026555 0.940061867 0.880975485 0.297258258 0.545780241
    0.286282957 0.0240457654 0.396375179 0.407147855 0.926978111
    0.699963093 0.842967749 0.592778802 0.721393466 0.359878689
    0.845619559 0.119760722 0.998964667 0.10921067 0.0976021588
    0.577797353 0.804535389 0.856909573 0.79703182 0.0824884176
    0.19268176 0.236655772 0.514497638 0.684407413 0.770118356
    0.435801893 0.934021473 0.25581342 0.289358139 0.518731058
    0.911857486 0.0069399178 0.436485499 0.0358767211 0.685384929
    0.11694926 0.477424115 0.542774439 0.474011064 0.572520494
    0.367444754 0.603073239 0.365588725 0.45898807 0.782063603
    0.713785529 0.21526745 0.712052941 0.166686982 0.947356462
    0.469122529 0.395277947 0.317534328 0.855232477 0.314435065
    0.980844736 0.62185657 0.815601826 0.981803119 0.0149868131
    0.743877053 0.792046428 0.679839134 0.82022208 0.229833812
    0.775855422 0.831590772 0.919713855 0.892240047 0.525744081
    0.172644228 0.316596806 0.272807539 0.634445846 0.425208062
    0.613333106 0.24848333 0.769918561 0.525756896 0.74667573
    0.176844954 0.102494746 0.927627027 0.984946966 0.260207295
    0.576451123 0.375421673 0.0364196897 0.729367673 0.954261661
    0.259401977 0.186947793 0.751237035 0.822338581 0.865203142
    0.974985063 0.0268843472 0.12292558 0.530845046 0.674281836
    0.0553413033 0.678609848 0.318639696 0.418991566 0.645965338
    0.273861557 0.112865865 0.701763332 0.954833746 0.230959147
    0.901467085 0.515645266 0.44523102 0.857036948 0.729163527
    0.826153815 0.581436813 0.365113795 0.0680624247 0.772203445
    0.494482279 0.628446639 0.744747937 0.111471146 0.720328391
    0.56113714 0.00185102224 0.295571268 0.911617577 0.085693866
    0.945105791 0.582126081 0.299099743 0.402415484 0.0190377235
    0.370997697 0.760087729 0.319821596 0.285823286 0.820520997
    0.372672141 0.166496605 0.371643484 0.244640678 0.113607824
    0.58950448 0.749130845 0.782386899 0.950591087 0.729087591
    0.438533038 0.947813749 0.603638232 0.124599457 0.67191416
    0.714212775 0.914575338 0.238808423 0.86222738 0.157152712
    0.269839495 0.987868786 0.458039582 0.883611321 0.781375825
    0.712356627 0.86727488 0.364677787 0.510596752 0.814345956
    0.843285918 0.23931402 0.80139786 0.789629221 0.546184778
    0.956488729 0.0546422899 0.864205599 0.224978179 0.838030696
    0.229484826 0.158231944 0.00642639399 0.617177606 0.363368928
    0.897973776 0.350641757 0.432316005 0.0876061618 0.81641078
    0.296785414 0.533130825 0.426753074 0.865778685 0.830329299
    0.426871896 0.237666219 0.992239594 0.0277999341 0.961600661
    0.65707761 0.809240878 0.895195484 0.0226453543 0.751098275
    0.876592517 0.76405704 0.967971921 0.482213199 0.0785862803
    0.992974639 0.821836948 0.86455214 0.939893126 0.717314482
    0.914526701 0.985519826 0.131583065 0.530684948 0.0666408539
    0.402903676 0.133868784 0.998487592 0.145335346 0.803398311
    0.0572975278 0.0783424079 0.748805523 0.709388494 0.574638724
    0.433220208 0.318739146 0.127554446 0.632501483 0.10352248
    0.912097156 0.431846529 0.00614613295 0.251614809 0.301734
    0.745137215 0.660423934 0.0303514004 0.621354103 0.761049271
    0.681644797 0.9160375 0.965728402 0.200620443 0.322040021
    0.383484483 0.198365122 0.728636563 0.475316107 0.273464441
    0.734206975 0.687576175 0.770719647 0.822195768 0.113799781
    0.955039501 0.6064592 0.385768622 0.887521029 0.442551196
    0.625827372 0.880522966 0.571984172 0.901005745 0.294392288
    0.4278543 0.0162241459 0.390945613 0.621204793 0.622695863
    0.143127471 0.505751669 0.712977886 0.661108255 0.300211906
    0.48017177 0.874115348 0.369380653 0.582014561 0.0742341876
    0.300658524 0.698938191 0.761741281 0.846216381 0.11109072
    0.602494359 0.103685617 0.696918786 0.0772053599 0.0843341947
    0.0184108913 0.912942588 0.9851439 0.00166851282 0.902389407
    0.16251415 0.49729076 0.568888426 0.788043201 0.287367761
    0.731257737 0.8728863 0.365193367 0.480692387 0.279980272
    0.931915522 0.939361215 0.130979687 0.434425741 0.0656886697
    0.577294827 0.310973942 0.665017426 0.230162412 0.76237762
    0.459529519 0.651943803 0.553533971 0.355872929 0.44898659
    0.0979710519 0.396320701 0.865067482 0.410648525 0.864424706
    0.856239676 0.207260847 0.175954282 0.226732641 0.0883542597
    0.638758481 0.331592023 0.960864782 0.386822641 0.236802459
    0.481204569 0.640583575 0.074449569 0.44005698 0.499398321
    0.387217611 0.120327443 0.541535974 0.843979716 0.0380094945
    0.122365087 0.0974855721 0.549120367 0.225568533 0.87464112
    0.305123955 0.694707751 0.244524747 0.260524392 0.78376019
    0.748775482 0.327328324 0.8689605 0.807513952 0.966093004
    0.453366756 0.799921751 0.850236714 0.798919141 0.238998383
    0.171932161 0.510998845 0.0587160587 0.333407789 0.28132385
    0.477260351 0.923002064 0.175147325 0.809809685 0.626215041
    0.537560821 0.609902382 0.0129514039 0.0746664703 0.168731064
    0.905960917 0.603446245 0.731450438 0.717199326 0.794511318
    0.902435184 0.181474268 0.958161592 0.525043368 0.210222691
    0.0783536136 0.296087176 0.523596585 0.968997121 0.238820583
    0.215102553 0.344516456 0.854416609 0.0922048092 0.263049543
    0.302652419 0.401973784 0.810766876 0.223169059 0.510560095
    0.0939012766 0.173308015 0.499947608 0.658899248 0.0864994526
    0.994984567 0.0749799907 0.706179976 0.075348258 0.162556261
    0.717715979 0.124640673 0.0928876996 0.183773845 0.988042712
    0.951779723 0.242123902 0.407069206 0.424035192 0.267251492
    0.152864873 0.972017765 0.0939714611 0.902426183 0.506807268
    0.504286528 0.661695361 0.0343684852 0.992235661 0.644819617
    0.54611212 0.256152302 0.397350103 0.793498516 0.528277874
    0.828577042 0.037075609 0.4820728 0.609939396 0.116839677
    0.302996337 0.880280733 0.410963356 0.759559095 0.832653284
    0.470446795 0.567179561 0.167891115 0.678130865 0.15679431
    0.636332691 0.886521935 0.360699594 0.0253484547 0.726331115
    0.287904501 0.805705369 0.449614972 0.607376993 0.247044951
    0.407681942 0.597215474 0.773610115 0.17664203 0.491284668
    0.575988948 0.6732651 0.995356441 0.633725166 0.759525061
    0.331119359 0.722006559 0.121571094 0.689563632 0.861718118
    0.967914224 0.498294085 0.0124168396 0.323302448 0.928405404
    0.070672214 0.551802218 0.758389294 0.715755761 0.501253664
    0.76483649 0.681548834 0.793861151 0.775571227 0.709214151
    0.784033954 0.430815965 0.429370403 0.622780025 0.119737029
    0.5113132 0.15124169 0.0325667858 0.775195122 0.457163632
    0.0874426663 0.962243915 0.562209785 0.956386328 0.254880607
    0.0490594208 0.838057935 0.33349061 0.90046531 0.485805959
    0.865383148 0.0206294656 0.716222644 0.487514764 0.243879795
    0.545238018 0.920218587 0.877834797 0.8734864 0.207091659
    0.304080963 0.212077618 0.636796713 0.0905507803 0.529684067
    0.790017366 0.417700708 0.724987507 0.30730629 0.747486532
    0.681122422 0.318256795 0.685326397 0.304602534 0.886841118
    0.116358608 0.516559958 0.671970963 0.697107255 0.617085695
    0.105812877 0.88305676 0.4197146 0.947696924 0.0650050938
    0.115308195 0.996263802 0.809027314 0.114078492 0.499493539
    0.408732355 0.657550931 0.409963757 0.114104092 0.793294072
    0.728984416 0.800262928 0.21995917 0.623139858 0.767745852
    0.190169871 0.785583854 0.643022954 0.15328455 0.996189535
    0.602610946 0.547836661 0.469864458 0.463681519 0.644684553
    0.114128143 0.899227977 0.724782825 0.318436623 0.357503474
    0.429250062 0.302814573 0.53517735 0.37574333 0.164309472
    0.608582735 0.438796908 0.34220469 0.200588077 0.873557568
    0.589702368 0.531883538 0.815138102 0.530589283 0.445324242
    0.75963062 0.0821135342 0.542818367 0.815790534 0.278726637
    0.685108423 0.288380027 0.613060772 0.293233097 0.214443147
    0.901946068 0.677096605 0.462872535 0.591967106 0.948897123
    0.761374116 0.236358434 0.280935377 0.074028343 0.873327732
    0.156467587 0.214267313 0.484750241 0.349594921 0.58851546
    0.044141084 0.518324137 0.517224669 0.925048292 0.915681005
    0.551674783 0.499215662 0.164946198 0.374690771 0.0766473114
    0.723118067 0.668459594 0.725105405 0.916079044 0.227144271
    0.492749363 0.628786922 0.561413825 0.571218908 0.0456414223
    0.423067898 0.931452692 0.0594886839 0.502199769 0.396360695
    0.610631227 0.623175383 0.265573025 0.879640102 0.514180303
    0.512654603 0.0645325482 0.984096348 0.732982039 0.363839537
    0.94433111 0.247582316 0.441631496 0.733185053 0.417904347
    0.701088011 0.823131263 0.384578347 0.154580057 0.166297972
    0.683495402 0.61355722 0.341539979 0.199268997 0.523754478
    0.871514678 0.878137946 0.323472917 0.0991422534 0.0406289697
    0.414345771 0.180029035 0.264151514 0.744370222 0.863894939
    0.0739076138 0.552716851 0.258396834 0.766793609 0.765086472
    0.849853158 0.334329605 0.808402061 0.0947588086 0.0556031168
    0.115794361 0.757414162 0.325626642 0.727274299 0.131644577
    0.382622272 0.588260949 0.405279487 0.261821091 0.799668789
    0.00603714585 0.497888565 0.559846401 0.387133211 0.904091477
    0.746704221 0.445990056 0.0537907779 0.41572684 0.111013383
    0.795798659 0.0200894475 0.863227248 0.0627870262 0.423930287
    0.178937495 0.186528385 0.703024983 0.318839729 0.281799078
    0.559634387 0.961530328 0.78897047 0.933794498 0.349171996
    0.0534112453 0.818349838 0.466845065 0.802567482 0.128585845
    0.656677067 0.21520713 0.324046135 0.918847919 0.893624663
    0.507396042 0.549586892 0.0517628491 0.102344364 0.34260112
    0.816085339 0.258217454 0.583163559 0.111942649 0.637066185
    0.963929653 0.0991011262 0.60228467 0.835423529 0.284898072
    0.0850691497 0.19038254 0.972443938 0.564423144 0.529091001
    0.00542104244 0.624509573 0.79236865 0.236328959 0.811105549
    0.560281873 0.177940428 0.987197101 0.56480515 0.745785594
    0.968006372 0.244383425 0.151344031 0.883167982 0.887742281
    0.67179662 0.419514596 0.0887384415 0.734564722 0.935611248
    0.874494672 0.294484168 0.207000405 0.871388912 0.279918402
    0.992662251 0.896153212 0.44790253 0.0326872766 0.293483377
    0.737906396 0.70823276 0.387987196 0.183510065 0.893440008
    0.502829373 0.0486558974 0.248454779 0.223882794 0.515263915
    0.00192958117 0.926875532 0.780518055 0.530472517 0.841487646
    0.239018857 0.507112026 0.954673767 0.987951994 0.965039492
    0.0295348167 0.455495626 0.745708644 0.961733341 0.733212471
    0.0654741228 0.402313888 0.870285511 0.681045473 0.932075381
    0.670667171 0.597336948 0.648220301 0.136707038 0.326928437
    0.00085735321 0.882002831 0.316336185 0.822777689 0.703343272
    0.150347888 0.926068664 0.580539584 0.988562942 0.584088922
    0.703570724 0.0493119955 0.591388583 0.480430305 0.38527751
    0.986915588 0.72595942 0.606686473 0.919303894 0.494439662
    0.308914691 0.172879368 0.815741122 0.0491497815 0.539750993
    0.873506188 0.506050348 0.292858779 0.907220006 0.0349292457
    0.818977952 0.0168911219 0.437510073 0.918649554 0.0658414066
    0.38316685 0.948252738 0.551529467 0.656578302 0.131266534
    0.515507877 0.786542773 0.726025462 0.786295414 0.131302953
    0.413123667 0.682565808 0.452793211 0.338534355 0.0428044796
    0.948529959 0.0158720613 0.35388422 0.649811804 0.111315548
    0.771646142 0.183722645 0.317641854 0.361728907 0.879331708
    0.860051572 0.541708529 0.196651071 0.446827263 0.107204348
    0.146069884 0.692582428 0.664635718 0.937343597 0.0736173689
    0.820710182 0.670043051 0.149518579 0.266707063 0.0186346471
    0.446086049 0.0550015569 0.231484115 0.839238763 0.356798083
    0.715210021 0.709646344 0.0458733737 0.871102452 0.134871215
    0.0355546772 0.673452735 0.689459145 0.282812476 0.758562922
    0.0310060978 0.198157728 0.907253742 0.602314353 0.0178923607
    0.315935969 0.0166626871 0.91348815 0.647485971 0.378067255
    0.235426843 0.847621918 0.978409648 0.0959400535 0.196451962
    0.131095141 0.475579411 0.30792731 0.7586869 0.435080051 0.425460279
    0.523144662 0.0570947826 0.669131637 0.126069099 0.200948775
    0.438428402 0.0982610881 0.623520434 0.759523869 0.974780202
    0.0858299136 0.681501865 0.171446115 0.449057847 0.082948029
    0.0173439682 0.934118032 0.817323148 0.114027739 0.793040633
    0.669664025 0.05895257 0.801409364 0.763210297 0.776299238
    0.891590595 0.998436451 0.917571485 0.663950861 0.630035639
    0.0541433394 0.51202029 0.876918554 0.654831827 0.556720793
    0.0776717067 0.544083476 0.255837172 0.0353816152 0.111330777
    0.953698933 0.236246258 0.839618921 0.582551062 0.983609557
    0.559026718 0.00663006306 0.800795078 0.687718391 0.22372511
    0.932570219 0.692210913 0.891581416 0.483569652 0.995657742
    0.336476207 0.981727481 0.795246005 0.28316918 0.561550021
    0.374137342 0.0245031118 0.0805936754 0.452412635 0.857648253
    0.716415286 0.829646349 0.953787684 0.492133558 0.841327548
    0.496291816 0.826829255 0.336224854 0.486840338 0.892754376
    0.0506222546 0.751679778 0.0539152622 0.958265901 0.407877892
    0.984729171 0.0116581917 0.0367352664 0.745072424 0.073151648
    0.577846408 0.441920459 0.227672935 0.376508683 0.208070189
    0.0550427735 0.39987123 0.00398182869 0.313546807 0.978766024
    0.762529433 0.560095727 0.0388836265 0.855446756 0.877908945
    0.255880892 0.0385740697 0.290941954 0.512478113 0.14532721
    0.657163322 0.375120103 0.537722528 0.815856576 0.588469148
    0.773445725 0.855047405 0.878547728 0.532416761 0.956616342
    0.130569637 0.266108811 0.242120385 0.0130059421 0.550446749
    0.0094499886 0.650313437 0.169136375 0.176610023 0.698986948
    0.21326229 0.0203714967 0.358707905 0.0105734169 0.20165205
    0.122257441 0.172452092 0.345425665 0.145944268 0.67216444
    0.0338200331 0.542824745 0.144898802 0.298441827 0.460570276
    0.297257185 0.347438157 0.155445993 0.90993613 0.227031678
    0.730728567 0.183143646 0.377100646 0.0436347723 0.213955432
    0.0555618405 0.0388230979 0.652138948 0.201910228 0.00103971362
    0.459578454 0.923457742 0.367173165 0.21587944 0.0865575075
    0.0650605857 0.134248555 0.436663419 0.0784573555 0.500393569
    0.997199416 0.778375149 0.221066475 0.0888296962 0.110521853
    0.0903077424 0.198117197 0.864592016 0.315226585 0.150249511
    0.24176991 0.0736347139 0.926032543 0.219952434 0.978387117
    0.402733654 0.724838853 0.216241747 0.59102726 0.263984621
    0.515906274 0.964062095 0.827402115 0.0985360742 0.265660763
    0.270025432 0.377655149 0.201205969 0.977361381 0.534392416
    0.04284361 0.299444348 0.98495245 0.125873208 0.0569801033
    0.286947727 0.631990075 0.987840295 0.608134687 0.384534568
    0.14281562 0.745054007 0.603515983 0.212660998 0.271257579
    0.207793713 0.227367342 0.709761083 0.394728363 0.237417817
    0.279352546 0.740143299 0.725522995 0.191177458 0.261658967
    0.0170296729 0.879438996 0.491949797 0.402451903 0.825124979
    0.658125877 0.216593087 0.274734318 0.375347883 0.632182956
    0.743186116 0.604687095 0.12294209 0.557262599 0.048769176
    0.177305728 0.172520161 0.61725235 0.357510328 0.740681708
    0.50915736 0.217538327 0.895431876 0.298743069 0.674054623
    0.380089104 0.481227696 0.881876409 0.00770613551 0.338969529
    0.889861345 0.629770279 0.203773588 0.0304275155 0.18770957
    0.680405259 0.35088402 0.916552424 0.312613845 0.349435419
    0.710239053 0.69526571 0.0145538449 0.0768578351 0.701312423
    0.785007954 0.688655198 0.937468231 0.328093231 0.261638463
    0.610297382 0.956606269 0.358849049 0.456992298 0.760864913
    0.4970676 0.631601453 0.957296133 0.79332149 0.899836361 0.839379787
    0.869211316 0.740564108 0.1496571 0.798648894 0.736353099
    0.824661791 0.601461291 0.515682459 0.92968297 0.60042882
    0.999311328 0.621533632 0.703478873 0.132693619 0.663197279
    0.732449651 0.833434105 0.0685471892 0.572904587 0.902719259
    0.748351336 0.94065547 0.868497372 0.541963518 0.276521772
    0.384733617 0.304353058 0.183531821 0.703626513 0.845095813
    0.413147002 0.886792541 0.152359158 0.221368223 0.407207191
    0.336859584 0.644181371 0.191875786 0.00210082531 0.588671982
    0.250254124 0.658243775 0.813426852 0.365447164 0.359582394
    0.413903177 0.807799041 0.0340200961 0.580059767 0.694910109
    0.556625307 0.302634418 0.998804331 0.595920086 0.210003227
    0.709864438 0.879654527 0.714672983 0.508571446 0.693748713
    0.479241401 0.449047863 0.118234485 0.019015193 0.833188176
    0.366954327 0.953858376 0.37584269 0.118482023 0.100037396
    0.678059042 0.671120405 0.559127867 0.735814095 0.165570915
    0.901185155 0.224188596 0.546740115 0.157937288 0.613370419
    0.65824002 0.718515873 0.733165681 0.792834282 0.207063437
    0.137001514 0.373830974 0.0767025054 0.547569811 0.34160012
    0.846223891 0.809714317 0.982549906 0.311128557 0.527647018
    0.858595371 0.0229754448 0.980856299 0.52666837 0.448167235
    0.411180854 0.669355989 0.338736534 0.82669425 0.239064753 0.8450948
    0.025246352 0.412143975 0.364449203 0.654949427 0.22030735
    0.0772806406 0.194478542 0.253695726 0.324519396 0.515643239
    0.584310353 0.703077435 0.296789348 0.704591691 0.179210484
    0.154321373 0.301698327 0.42693159 0.915400267 0.455575526
    0.912881136 0.429842144 0.60766983 0.950660706 0.940619528
    0.151226282 0.988079011 0.375860155 0.394422174 0.178896725
    0.886297584 0.144003004 0.830718756 0.240684837 0.330022037
    0.236745954 0.84803009 0.307287633 0.610714436 0.709475636
    0.289111674 0.472842216 0.641738892 0.123525798 0.540040016
    0.971780121 0.0531030595 0.847515345 0.509222388 0.553010166
    0.327599972 0.198654562 0.712385058 0.498613775 0.552267313
    0.113123566 0.188981503 0.889498174 0.133432508 0.186362445
    0.0231764019 0.0698939264 0.0573329031 0.199466854 0.506617725
    0.0431426167 0.623082399 0.600264966 0.189360946 0.829085231
    0.941113114 0.423781455 0.00265946984 0.431202501 0.844105601
    0.141911775 0.0534234345 0.77006042 0.996477842 0.681562304
    0.976542234 0.469315827 0.46571511 0.552854955 0.0335466564
    0.817901611 0.729445994 0.791790605 0.192267418 0.426010936
    0.331923068 0.829407334 0.861378789 0.243516982 0.766634107
    0.526500404 0.882646143 0.560907483 0.592896283 0.777419686
    0.723402619 0.140906125 0.315103769 0.290064514 0.0624754727
    0.699535489 0.203428328 0.483587861 0.972996652 0.827031612
    0.837973833 0.0174529552 0.654222488 0.489331573 0.00543606281
    0.861274481 0.559098363 0.0549270511 0.653169632 0.499105632
    0.245165586 0.497799456 0.198349863 0.391385049 0.659772396
    0.119430155 0.14869687 0.00777456164 0.575665951 0.914938748
    0.208849013 0.576350808 0.0613703728 0.498871565 0.690646887
    0.499068916 0.452685118 0.828163624 0.093873322 0.806802928
    0.900233269 0.713152528 0.191748351 0.326172233 0.173883021
    0.218879312 0.0663759708 0.956718206 0.437177956 0.537202418
    0.518698394 0.30858615 0.216801018 0.555625796 0.537343144
    0.805593133 0.114898801 0.827735066 0.125219345 0.345602065
    0.582207799 0.456036597 0.4844203 0.512510657 0.524590254
    0.0611554086 0.400802404 0.00584587455 0.728461325 0.147661775
    0.962397456 0.332538277 0.944978893 0.49082914 0.030387342
    0.337394923 0.383702934 0.990287423 0.705082119 0.753696322
    0.412834376 0.26219511 0.0449685156 0.182816505 0.792816162
    0.131596833 0.418097198 0.911142707 0.504125476 0.56758678
    0.50456804 0.335911453 0.479405522 0.55121398 0.905395269
    0.0794151425 0.629619479 0.7996158 0.758693635 0.7128824 0.451875091
    0.932598114 0.0395131707 0.178059042 0.489962161 0.808554411
    0.79152894 0.252228111 0.00661212206 0.0340901613 0.588224173
    0.599201322 0.404010475 0.457201332 0.458103001 0.0306740701
    0.350119591 0.87393707 0.95897311 0.519179702 0.22053808 0.244753122
    0.65122354 0.774714351 0.814195275 0.757035375 0.0157370269
    0.946592569 0.444795638 0.614175797 0.970394135 0.201318651
    0.254994929 0.407550484 0.662917972 0.75573349 0.595864177
    0.353434533 0.0953394473 0.115104407 0.583427966 0.0426262617
    0.970293343 0.433607608 0.283434957 0.46310395 0.475274295
    0.625252724 0.326813757 0.750878513 0.948543906 0.911271751
    0.477604628 0.69949013 0.058811456 0.988968313 0.310744524
    0.215074092 0.274407208 0.303837538 0.270652413 0.513733864
    0.575563014 0.462028056 0.486245364 0.238943219 0.498351306
    0.85353905 0.812026381 0.589620113 0.841267109 0.456153631
    0.545927763 0.683945596 0.263799191 0.607117653 0.552612484
    0.521324098 0.850453138 0.245940447 0.249493212 0.0677823424
    0.195966631 0.0422543883 0.75489527 0.0740994513 0.877741218
    0.708205223 0.642897069 0.442059875 0.802830875 0.691516638
    0.574280262 0.530266941 0.107544571 0.375100732 0.138789624
    0.500728607 0.874837995 0.135938227 0.570429444 0.408101469
    0.799492478 0.585658669 0.322815716 0.784396529 0.602524936
    0.897077203 0.498991549 0.505883932 0.281505823 0.764171898
    0.0364763737 0.942061782 0.895870864 0.673135102 0.583283782
    0.235004455 0.210998774 0.103624672 0.658011854 0.632655025
    0.446305513 0.362195909 0.684845328 0.199406445 0.471657693
    0.414061666 0.995257497 0.477922857 0.349502742 0.571301937
    0.542553723 0.925450802 0.260845423 0.590171814 0.98359108
    0.509388387 0.0494772792 0.919473767 0.089845866 0.867729902
    0.585657239 0.327339798 0.16209057 0.848435044 0.216763824
    0.724373758 0.491831452 0.237410158 0.828154206 0.186824083
    0.398658603 0.00374782085 0.881495178 0.226047784 0.790132523
    0.279399693 0.798537731 0.897208095 0.672504425 0.342655003
    0.0195007324 0.102768213 0.696451843 0.703740001 0.327429026
    0.0314123333 0.662833929 0.809734702 0.188126594 0.773975849
    0.542930543 0.238988787 0.966444254 0.914321303 0.7051754
    0.757175684 0.805730879 0.272609353 0.216599226 0.526670635
    0.65979737 0.388104767 0.264124215 0.994640887 0.76963824
    0.640028179 0.294208586 0.30054 0.824324548 0.594008565 0.924247563
    0.422761947 0.222172856 0.181043714 0.60356307 0.638382971
    0.0134317577 0.703456521 0.906463146 0.376183242 0.367816389
    0.290879071 0.0331377089 0.141198188 0.819895685 0.096590519
    0.487509012 0.749800444 0.885329366 0.0917472839 0.345530868
    0.360990345 0.317765057 0.907798767 0.0939945281 0.388725191
    0.0658310354 0.271218479 0.181642652 0.284999013 0.801047385
    0.704750121 0.0464640856 0.602622092 0.749974728 0.115676582
    0.346377552 0.31057927 0.28686738 0.166980743 0.673757792
    0.849146008 0.512373269 0.419365674 0.0192540884 0.921584487
    0.635265589 0.939475298 0.510945559 0.656155586 0.686486602
    0.775071383 0.246403575 0.157829702 0.30431664 0.464885324
    0.663143873 0.261097521 0.976692438 0.690316558 0.769319415
    0.638085306 0.544119179 0.0560925007 0.271194845 0.270042896
    0.0524078906 0.653804123 0.15734005 0.0169235468 0.888689756
    0.336367548 0.887153983 0.641260982 0.0469755232 0.96538949
    0.140924275 0.491900712 0.723046243 0.463555723 0.472000003
    0.877511978 0.437955856 0.743499994 0.485122532 0.432366729
    0.0812546611 0.513118982 0.582926691 0.80161643 0.543821335
    0.478413641 0.204500586 0.558033168 0.802134752 0.205271393
    0.596545577 0.411335826 0.947543144 0.656019449 0.551172912
    0.653861165 0.35602349 0.269633055 0.542354763 0.976126313
    0.727231085 0.883447826 0.102252126 0.584735394 0.370234132
    0.576547205 0.47324723 0.456780791 0.427273154 0.873193204
    0.98504591 0.414698124 0.448542535 0.710664332 0.633834124
    0.282354295 0.396865904 0.0661858916 0.2734797 0.846136689
    0.803090513 0.28652817 0.890111923 0.240988702 0.649454892
    0.0707562864 0.31612429 0.256020814 0.473246902 0.721564412
    0.499479771 0.255984485 0.462610006 0.76028353 0.48680988
    0.716600239 0.155648559 0.178023428 0.810027361 0.635403335
    0.562516332 0.0408337414 0.662630677 0.636682391 0.74159807
    0.215694875 0.771148801 0.244831055 0.989219129 0.896017611
    0.809487104 0.0119620562 0.3675614 0.771151543 0.653449774
    0.45112142 0.517827511 0.804733396 0.973717272 0.957041383
    0.504736543 0.0259223878 0.570368528 0.553973258 0.638172626
    0.500528753 0.0777454674 0.626190066 0.113470972 0.790272295
    0.0468078554 0.110590279 0.20720771 0.984935164 0.172427446
    0.0409236252 0.762156487 0.473889738 0.450904012 0.0531769991
    0.0730820894 0.982190847 0.811172247 0.87232852 0.352743208
    0.487616718 0.266952544 0.0779323876 0.00999227166 0.0851226747
    0.24344632 0.447915047 0.336891294 0.739937901 0.351573467
    0.41460216 0.343675345 0.183710039 0.503898144 0.768051386
    0.235694408 0.512509763 0.205260605 0.500528038 0.930281639
    0.589911222 0.438957095 0.760441661 0.421749711 0.534613073
    0.652449608 0.654011786 0.639178813 0.929775715 0.445083261
    0.0818538368 0.119463056 0.174036562 0.152986318 0.315510809
    0.194089323 0.141093552 0.972344398 0.471910864 0.017100662
    0.859707415 0.123358518 0.515627325 0.131308198 0.395466745
    0.491327643 0.614863455 0.236328363 0.979225814 0.440481067
    0.962307215 0.770182848 0.707379162 0.46589452 0.195120543
    0.887795448 0.747083843 0.788274884 0.232445478 0.0180561543
    0.920137167 0.690002322 0.701149642 0.779417098 0.559325576
    0.874626756 0.591247857 0.927021623 0.595823526 0.0203491151
    0.238544047 0.805154681 0.625381649 0.6132617 0.509017706
    0.687003076 0.887158751 0.728442192 0.36767441 0.501659155
    0.705523193 0.707360804 0.898600936 0.318784773 0.574685693
    0.834047675 0.521491408 0.940529585 0.739772975 0.302522242
    0.942932785 0.679111421 0.0200763643 0.885976076 0.685356796
    0.890064478 0.804060459 0.605407834 0.890784383 0.94126302
    0.844705105 0.716168642 0.112624526 0.306958675 0.730499923
    0.388770103 0.164558411 0.801918387 0.836656034 0.877935767
    0.200309455 0.843187571 0.758560419 0.294130564 0.0865989625
    0.77415514 0.236208707 0.0687275827 0.19050169 0.646379471 0.0179196
    0.756398559 0.865070462 0.287477493 0.647362888 0.64778775
    0.408830464 0.509206951 0.93535459 0.529542625 0.591082931
    0.0105295479 0.282586843 0.821876585 0.561102092 0.44937405
    0.851732254 0.960439861 0.0458471477 0.954800963 0.505694211
    0.357981533 0.890529454 0.690214396 0.500829816 0.0211541951
    0.971331835 0.8317945 0.153839052 0.0405854583 0.68414247
    0.612963319 0.235231757 0.874326468 0.238160938 0.274150193
    0.833972275 0.129570305 0.951726496 0.723040521 0.808272719
    0.321003675 0.198967189 0.725143254 0.0863053501 0.762597322
    0.810237408 0.459347576 0.458900213 0.841361761 0.530753374
    0.944861054 0.622265518 0.594373703 0.462810457 0.41786176
    0.707517385 0.470237494 0.193641812 0.483692616 0.736226022
    0.898000598 0.463546216 0.0591513813 0.732163787 0.0410975814
    0.697773814 0.00193631649 0.538797259 0.444413483 0.546739459
    0.711743236 0.841200709 0.74865669 0.844430566 0.668580174
    0.172885537 0.641550601 0.55638051 0.487373054 0.285604239
    0.0953134298 0.271920562 0.506866336 0.148264706 0.0920524597
    0.397828251 0.286135823 0.455067813 0.446500897 0.0220980346
    0.0757303238 0.403425336 0.211629659 0.221402943 0.935502291
    0.603580713 0.994843006 0.0893131793 0.308549285 0.444767714
    0.960909128 0.318986058 0.646331608 0.101074427 0.537268341
    0.0721448958 0.627945483 0.109918922 0.964394569 0.60449332
    0.917461336 0.343898594 0.803864658 0.694803238 0.544735432
    0.97971034 0.307003438 0.250112414 0.735248566 0.102798343
    0.0709783435 0.6299963 0.666173697 0.707131326 0.763687968
    0.597398758 0.350020885 0.903815389 0.595204294 0.140652686
    0.527221143 0.434667557 0.832532406 0.134321511 0.370503783
    0.0327627063 0.926574528 0.376391202 0.826803803 0.311605692
    0.330569029 0.514392376 0.989631176 0.456202805 0.113306522
    0.393150508 0.209103972 0.411250412 0.331294358 0.986394465
    0.133265674 0.355155319 0.122586221 0.567213416 0.166689783
    0.0782716274 0.217664063 0.254512578 0.860573292 0.164185256
    0.946846604 0.395921707 0.431237131 0.90291512 0.728088796
    0.515473902 0.137608975 0.744570434 0.113822907 0.797742069
    0.519185543 0.539452314 0.610437393 0.186522514 0.51972127
    0.332668841 0.983899236 0.0139648616 0.404679626 0.414860547
    0.275505602 0.604152679 0.7368173 0.287027746 0.369131923
    0.850701451 0.988714457 0.465866148 0.667870045 0.661192775
    0.324686646 0.0530608296 0.761616349 0.997626543 0.701985657
    0.831563592 0.401136637 0.984456539 0.0313719511 0.54893589
    0.914935112 0.867713809 0.52908051 0.206245631 0.981358051
    0.197746933 0.607276917 0.785534322 0.6801126 0.156599194
    0.0118814707 0.487337977 0.0117887855 0.236580551 0.982746482
    0.569844544 0.150625795 0.618160903 0.87826705 0.359197497
    0.00212442875 0.621464372 0.716690898 0.924329519 0.724676788
    0.821256936 0.373100787 0.728143871 0.0935239494 0.88877821
    0.429787636 0.603797138 0.797665954 0.104940265 0.453238964
    0.827254534 0.563568711 0.543142319 0.107173175 0.0146160722
    0.85340941 0.289334595 0.323215723 0.96199441 0.224270582
    0.732764721 0.433354199 0.452101946 0.862335801 0.182715327
    0.30628401 0.155184865 0.992875993 0.504908919 0.831405997
    0.419362724 0.919430196 0.416345775 0.535985053 0.988705516
    0.357720792 0.301837742 0.439076632 0.0541871488 0.103846759
    0.293364525 0.265640855 0.334936202 0.508626997 0.242082506
    0.834658384 0.434660167 0.275562048 0.98278892 0.808861792
    0.654102385 0.481510162 0.213747889 0.349967778 0.520745754
    0.658433676 0.367105037 0.460544407 0.934236407 0.5955531 0.45724237
    0.938167572 0.980878949 0.290050089 0.665888309 0.0239270627
    0.962690651 0.30050686 0.652787924 0.711651802 0.295041621
    0.806821167 0.499703586 0.155872941 0.742811561 0.650774777
    0.642884493 0.986967564 0.855677366 0.538634062 0.420751899
    0.561799288 0.233784497 0.850327432 0.558258653 0.358917803
    0.199847192 0.373350382 0.122761965 0.251752585 0.662849247
    0.932427406 0.556381583 0.894555569 0.191705644 0.395283699
    0.64023751 0.00502428412 0.821042478 0.610208511 0.381966621
    0.73081553 0.225638837 0.676932514 0.968209386 0.794678807
    0.0329231322 0.0385480821 0.785192132 0.812195957 0.322197407
    0.898584127 0.113338619 0.430622488 0.0525976121 0.905845404
    0.778476536 0.187395155 0.924875617 0.221683651 0.783302903
    0.263500333 0.729644537 0.969761848 0.573070407 0.040288955
    0.47129038 0.0919986069 0.756386876 0.0139920712 0.42837137
    0.931379795 0.269365966 0.458631754 0.990791678 0.271489829
    0.694545507 0.776949406 0.000800579786 0.777493477 0.20099631
    0.838582158 0.104602575 0.900295496 0.779406428 0.431151807
    0.73742944 0.65820694 0.994102716 0.527215421 0.642274261
    0.225291878 0.22199893 0.904224873 0.367098421 0.973146677
    0.358393043 0.960594296 0.624719024 0.0750127733 0.226362705
    0.473177195 0.695505261 0.423837394 0.111467242 0.0698794127
    0.517362237 0.87159723 0.747590959 0.152689159 0.951277256
    0.14914602 0.672604084 0.0992779434 0.0229458511 0.18753624
    0.790658176 0.0539512336 0.213681459 0.585945427 0.286400437
    0.00287020206 0.887036443 0.829557896 0.247509539 0.0362887084
    0.130022407 0.960375071 0.202065825 0.521959603 0.840068221
    0.611346424 0.276079118 0.3089028 0.595559061 0.493550211
    0.837988913 0.885888338 0.428617418 0.372694135 0.0308944881
    0.121105939 0.526524186 0.506625414 0.302672029 0.312854707
    0.0216496885 0.918488979 0.739265919 0.691051066 0.259605587
    0.995206058 0.132254362 0.310804754 0.344856322 0.851303339
    0.673798561 0.51048094 0.136784166 0.714649796 0.498144746
    0.968620181 0.0824457407 0.649291217 0.721232235 0.642578423
    0.604457974 0.626235247 0.431264341 0.18686837 0.348338842
    0.670280635 0.917392254 0.679139435 0.821213961 0.171826631
    0.538241088 0.450817764 0.467132241 0.709052444 0.457445681
    0.385171443 0.68603611 0.481359601 0.0973980129 0.952233016
    0.959976137 0.594971001 0.555135489 0.533575475 0.265236914
    0.640533388 0.563337266 0.400523603 0.563521206 0.518969953
    0.362436056 0.232583284 0.0388475358 0.9165411 0.718145967
    0.591490448 0.164098293 0.0385938883 0.288995504 0.150684893
    0.695394516 0.670078933 0.508810997 0.195484042 0.553954303
    0.355900347 0.499092579 0.853209853 0.439927578 0.733808994
    0.981644273 0.647148252 0.637555778 0.702460468 0.812708855
    0.308667481 0.388499379 0.40361771 0.600725532 0.644742787
    0.762062073 0.281123221 0.0333299041 0.291021019 0.0179494619
    0.461221576 0.39274466 0.302108467 0.277160764 0.602517486
    0.0615726709 0.229279548 0.198874027 0.659917474 0.935679436
    0.579000235 0.502104878 0.621517599 0.251531959 0.877645612
    0.690948248 0.0296266973 0.752296567 0.703987241 0.177776277
    0.344272852 0.950243711 0.259158909 0.482285768 0.670591116
    0.336359143 0.159039497 0.211243093 0.445237696 0.988109827
    0.340292692 0.270469904 0.869874597 0.176891536 0.452698767
    0.730083942 0.281722695 0.197751135 0.0518678129 0.0963365436
    0.971191287 0.112087667 0.586972177 0.765476704 0.381129384
    0.534163237 0.938379765 0.315834701 0.412137866 0.905338645
    0.0239963531 0.915199637 0.198560119 0.283228904 0.325371921
    0.792511582 0.433085084 0.392588317 0.38370651 0.0811363161
    0.634960294 0.405313402 0.497827768 0.540712118 0.360631913
    0.169842482 0.997186363 0.957130075 0.683793306 0.365639091
    0.857647657 0.641412318 0.535290062 0.496444523 0.0736760199
    0.97388041 0.667030632 0.980334818 0.824420214 0.357027888
    0.46225065 0.591012836 0.705944359 0.611626208 0.58542484
    0.0575657487 0.482993811 0.561848402 0.0810426474 0.30082345
    0.374239922 0.660227776 0.469631553 0.601354122 0.253558636
    0.770070434 0.399852961 0.230393469 0.224763274 0.876715183
    0.518514276 0.0599578321 0.274335742 0.54894501 0.277699113
    0.693790376 0.271334112 0.476662874 0.526789904 0.731580734
    0.934931874 0.333746791 0.931344151 0.689884961 0.212128609
    0.322826385 0.409688413 0.433952332 0.368784368 0.845893383
    0.319444209 0.0834819376 0.873705387 0.502168834 0.0120539367
    0.933633864 0.42553696 0.550389826 0.0658733845 0.989258051
    0.833816946 0.353169173 0.412068307 0.0444413126 0.835594952
    0.281125188 0.488247275 0.913936138 0.100376219 0.110600889
    0.970112205 0.419036567 0.434109747 0.393413484 0.438495576
    0.942685843 0.828171372 0.999943376 0.923287153 0.189202517
    0.856243551 0.461773217 0.759331942 0.378526092 0.64917767
    0.865976155 0.544971406 0.0160774291 0.660830498 0.691085696
    0.584449768 0.474129111 0.295393705 0.0861746073 0.0433396101
    0.186391145 0.187885761 0.389200151 0.229338139 0.00311014056
    0.353513837 0.778582096 0.400443703 0.947303414 0.930365086
    0.0651215315 0.886986673 0.746768892 0.62254262 0.764705122
    0.867175579 0.300579369 0.19556579 0.092317909 0.244597793
    0.902279615 0.973289311 0.672603607 0.853051603 0.52183044
    0.18125248 0.34251973 0.877535343 0.162231654 0.342460692
    0.331822932 0.8635602 0.915055215 0.157382816 0.291555643
    0.364100456 0.25426206 0.106922865 0.0695103109 0.279100269
    0.0744937062 0.411382914 0.897809744 0.226590216 0.439111173
    0.52752614 0.599572062 0.201770812 0.802048802 0.20911622
    0.570123315 0.842526317 0.00665169954 0.379603505 0.202032149
    0.395080239 0.0254045427 0.968591213 0.892995894 0.571512699
    0.328871429 0.334375411 0.525712371 0.724134505 0.755011678
    0.881866693 0.912921846 0.351092219 0.783244371 0.0638913512
    0.0593597293 0.633787751 0.654054999 0.617203712 0.0204050839
    0.669491649 0.565256178 0.151989371 0.859207153 0.470410585
    0.476408124 0.849220872 0.555099726 0.85041362 0.362869978
    0.665905237 0.777745724 0.188022912 0.155915886 0.295525134
    0.565519273 0.172577977 0.0211164355 0.855172157 0.809486508
    0.375172645 0.374505341 0.499604404 0.963579655 0.155914515
    0.201267689 0.82416743 0.566785872 0.262463152 0.249163836
    0.971511304 0.770477951 0.604485035 0.861424029 0.989193797
    0.138025314 0.572551608 0.954308271 0.916115046 0.178492099
    0.736523151 0.670536339 0.487507671 0.281011939 0.458335161
    0.131085098 0.311591029 0.442269027 0.902757049 0.993557453
    0.0105791986 0.896191716 0.843379796 0.962724447 0.000631928444
    0.177026451 0.185419053 0.431626797 0.324737191 0.343880534
    0.687974155 0.588003337 0.981354594 0.537295341 0.0625380874
    0.289223105 0.653467298 0.474815816 0.322632134 0.721171618
    0.364153922 0.257047415 0.357271969 0.48966673 0.9712556 0.869909108
    0.973461568 0.400594473 0.879673719 0.747220039 0.651266456
    0.0213976502 0.854041338 0.00674664974 0.551600158 0.432688445
    0.866069138 0.507936895 0.0803527236 0.404093593 0.360321403
    0.351269484 0.138019472 0.293646783 0.314617217 0.599563181
    0.0126566291 0.0208083689 0.167809069 0.411585569 0.362662971
    0.459732562 0.518671274 0.0603986979 0.0480137467 0.460634381
    0.0816766024 0.153721482 0.639842331 0.844352305 0.363552928
    0.595930755 0.577492416 0.241945326 0.494186372 0.0610884726
    0.309606612 0.619323432 0.348640651 0.0480297804 0.103621095
    0.400749862 0.298723221 0.0467306674 0.924262047 0.275382578
    0.43715778 0.0945048332 0.257164061 0.0497123897 0.929385304
    0.759446859 0.0386660397 0.530225575 0.325008988 0.639270306
    0.59818548 0.217241079 0.691273034 0.742099106 0.242969483
    0.609328449 0.357365161 0.386939049 0.981814981 0.0583971441
    0.737332523 0.96427834 0.687386632 0.275584996 0.527494729
    0.135545343 0.296216428 0.0857985616 0.84183681 0.942588449
    0.361574113 0.696850479 0.240885824 0.337468863 0.649603426
    0.714037061 0.494583279 0.16827181 0.0606518388 0.0139715075
    0.815852165 0.365470648 0.465384722 0.129241019 0.943595409
    0.377748847 0.725323796 0.164267123 0.993965745 0.74785763
    0.813040435 0.474285245 0.119606555 0.511458278 0.277180344
    0.536767483 0.317562699 0.187515438 0.541088879 0.231273443
    0.604427159 0.457880616 0.298747122 0.635988593 0.38805899
    0.0198568106 0.125549912 0.323085546 0.760710478 0.36850667
    0.0234574378 0.0659956634 0.499100655 0.697262406 0.08764413
    0.43363601 0.169018865 0.571041048 0.385947615 0.744667351
    0.507409871 0.154991806 0.0742946565 0.989621401 0.904739261
    0.148302197 0.55517894 0.570831478 0.303151667 0.182718545
    0.165652305 0.863096476 0.994271457 0.453297198 0.325825483
    0.138370365 0.315088898 0.175052285 0.446473569 0.555460215
    0.857573748 0.618305147 0.16283673 0.259218395 0.0694066286
    0.870027006 0.255222499 0.499278516 0.371920109 0.944255352
    0.792436361 0.737456501 0.872776031 0.327624977 0.228942007
    0.965782523 0.121386021 0.110534042 0.512827873 0.00784021616
    0.182451248 0.887821436 0.115858197 0.296443135 0.680114627
    0.345153719 0.969522357 0.382031113 0.0477195084 0.591074705
    0.0144255161 0.335236132 0.730019808 0.716594279 0.357116014
    0.866259336 0.299837708 0.791173577 0.841604292 0.414798349
    0.960023284 0.471090704 0.780457079 0.244855136 0.15178299
    0.70284164 0.835303009 0.392057568 0.884474576 0.292920887
    0.914497852 0.431682199 0.512996376 0.238604724 0.373685896
    0.808904767 0.286468744 0.668201923 0.327365905 0.904422402
    0.180875093 0.427977264 0.74480474 0.732523441 0.907770753
    0.238315165 0.438005656 0.269486368 0.779504418 0.36319524
    0.200734913 0.535635889 0.373636901 0.990285814 0.310143471
    0.821446955 0.668863535 0.0835781097 0.0562669635 0.0475252569
    0.390488654 0.480268985 0.955436409 0.823865891 0.365771472
    0.164367169 0.21995455 0.331923455 0.0579942465 0.420017064
    0.166114151 0.206715226 0.171794087 0.688806117 0.341167569
    0.813119292 0.573104084 0.115635246 0.824212551 0.282763869
    0.785688877 0.923918426 0.727690816 0.43023169 0.528544962
    0.627431631 0.221961945 0.441322207 0.400310755 0.428228021
    0.755490422 0.75235343 0.350462377 0.7915169 0.789133906
    0.0335217714 0.0346777141 0.230194539 0.12567848 0.701814055
    0.0411424041 0.989076734 0.955582201 0.928730011 0.8309443
    0.578785658 0.570424795 0.891083539 0.14813289 0.281931639
    0.367698431 0.914704978 0.0828666389 0.7277022 0.362775385
    0.899988651 0.991326928 0.404056877 0.780282974 0.473506719
    0.509715199 0.721298516 0.362098157 0.637771785 0.381042838
    0.524521172 0.868664622 0.160896122 0.342901438 0.974908471
    0.682464302 0.808829427 0.761961877 0.123440892 0.458823264
    0.342140675 0.92687732 0.568858385 0.227349669 0.40342468
    0.454641819 0.0796265602 0.569130063 0.477055669 0.59085691
    0.408333004 0.488710642 0.253412873 0.478675425 0.860811114
    0.866458118 0.94385016 0.263414472 0.482253551 0.449889451
    0.513921559 0.670058131 0.494741201 0.217551619 0.217155248
    0.711116791 0.159780949 0.291899413 0.882310152 0.708686888
    0.907788396 0.630740702 0.209073722 0.496932894 0.116288036
    0.00379431248 0.376155674 0.3082968 0.623353481 0.814697325
    0.429818302 0.137362123 0.41618526 0.430332512 0.960760176
    0.205063343 0.0922245383 0.743353963 0.910702288 0.116359234
    0.987468958 0.404709071 0.404527962 0.643807828 0.0359864831
    0.820023537 0.774106622 0.519447505 0.502103508 0.533739924
    0.658740461 0.0164495707 0.299084276 0.389068782 0.00950011611
    0.0956638157 0.125344306 0.376117975 0.48358193 0.71507436
    0.34291774 0.261210024 0.20290184 0.782173276 0.969079316
    0.386382282 0.152593374 0.457563967 0.218954533 0.605618358
    0.772621393 0.799158812 0.906437099 0.540165782 0.879308164
    0.0797127783 0.807741344 0.847313762 0.839009106 0.0841258466
    0.980105042 0.807263255 0.920597076 0.276721179 0.477041125
    0.468399942 0.526360393 0.421616226 0.464523584 0.0926344395
    0.411583602 0.420961082 0.106064916 0.477155566 0.522749901
    0.189918727 0.598260701 0.745492578 0.98441118 0.0913380384
    0.718357384 0.924960673 0.435586274 0.766218185 0.800161242
    0.0613187551 0.622446656 0.725222826 0.866558075 0.562039256
    0.129340082 0.525826097 0.654759228 0.177834064 0.652378201
    0.947161436 0.473160595 0.133665174 0.157204181 0.854085326
    0.751110077 0.767867446 0.793124914 0.658720374 0.942898154
    0.314112365 0.772827625 0.438303769 0.879886985 0.805204749
    0.0221593082 0.0227102041 0.0853880644 0.899255514 0.607886255
    0.43254739 0.599436998 0.616862774 0.514952838 0.0754641891
    0.659627616 0.649819493 0.439021349 0.707074285 0.555179 0.269438982
    0.50075531 0.595444977 0.369343519 0.814298153 0.121784747
    0.712070107 0.200561762 0.974527597 0.0175940394 0.169756114
    0.125867337 0.090028435 0.723479152 0.0653289557 0.775607109
    0.970085263 0.571754634 0.310384929 0.614722013 0.644358695
    0.451495051 0.0150862634 0.0550185442 0.470464289 0.0914750099
    0.944976985 0.911083579 0.302746356 0.590256572 0.422648668
    0.931381583 0.873662293 0.396849513 0.580507994 0.608131528
    0.19824928 0.54453218 0.226492196 0.0931974351 0.962415516
    0.999864459 0.105363131 0.707373738 0.317434728 0.0472529829
    0.615880549 0.424040139 0.747070909 0.727413416 0.357465446
    0.401635051 0.210089833 0.593638837 0.099226445 0.19604218
    0.972606421 0.541716993 0.771201909 0.415260553 0.279577196
    0.680140376 0.0209309459 0.921840549 0.171472132 0.460861742
    0.235630035 0.133034319 0.0336424708 0.344929039 0.692879319
    0.511587858 0.186854839 0.219902664 0.237566203 0.0351882875
    0.83682704 0.724384069 0.47253117 0.632482708 0.0145219266
    0.0904059708 0.581967771 0.646456599 0.402677417 0.635592759
    0.841433704 0.954297781 0.872929215 0.429088712 0.354291618
    0.157245815 0.203799695 0.206887871 0.911598206 0.680831671
    0.718268037 0.153726071 0.778983772 0.484797955 0.922621012
    0.3643713 0.803489983 0.632564366 0.645778239 0.551805913
    0.152112097 0.331678867 0.731912374 0.633076251 0.91630137
    0.977638781 0.641243041 0.239560574 0.12624386 0.642351627
    0.649664581 0.0819973648 0.36957866 0.572232544 0.267612249
    0.560902953 0.238407671 0.869074225 0.270021319 0.149262339
    0.394766748 0.969794035 0.34535259 0.503526747 0.677634776
    0.425873727 0.726447284 0.83241719 0.525656283 0.876374662
    0.0923775434 0.267493695 0.79099834 0.363107562 0.470168084
    0.220850676 0.8509835 0.813115716 0.572573423 0.809081316
    0.885910988 0.818908334 0.0581187308 0.77296412 0.693966508
    0.150395334 0.707700968 0.955965519 0.4253681 0.289540648
    0.846218407 0.859111071 0.186775565 0.151448518 0.240200371
    0.411370039 0.0314031839 0.949518025 0.94534862 0.589053869
    0.687747955 0.22747463 0.742988884 0.888737082 0.368247062
    0.159754485 0.750262618 0.0744521916 0.745196819 0.222012997
    0.265113264 0.196043223 0.3131392 0.859888077 0.414556503
    0.380500883 0.414820343 0.909398675 0.125395983 0.899281919
    0.940002859 0.139496773 0.937338293 0.0450179279 0.525990486
    0.0428603292 0.319862962 0.337981462 0.131569237 0.791514397
    0.269644946 0.481644064 0.782661438 0.249859273 0.830190539
    0.223546267 0.0405107141 0.346627355 0.254266381 0.223703563
    0.337495446 0.0654242635 0.319649518 0.566014886 0.975374699
    0.298133969 0.689074695 0.533049107 0.582348645 0.638161719
    0.911504686 0.63580054 0.607563317 0.41043371 0.215469807
    0.0374154449 0.18328765 0.857815683 0.858662367 0.533335567
    0.224132001 0.906750083 0.24641028 0.139076054 0.724789202
    0.800486982 0.0571463406 0.35996896 0.956278801 0.0186829865
    0.0152550638 0.0652247667 0.851390123 0.51911819 0.375908375
    0.0703836679 0.0568993688 0.486814886 0.832665801 0.812667727
    0.195162565 0.724335194 0.540345073 0.978976727 0.446376085
    0.862977743 0.0966314971 0.485823393 0.327979624 0.435698926
    0.1330899 0.544578433 0.545686483 0.859801531 0.698366404
    0.209872633 0.70040381 0.730057597 0.26089263 0.110820323
    0.896765828 0.74781698 0.972660422 0.496394575 0.642114282
    0.25560689 0.57055825 0.810457706 0.603443444 0.0639749467
    0.666444004 0.683378696 0.0161563754 0.110549808 0.812785745
    0.355063975 0.295967281 0.0656451583 0.934334159 0.73899889
    0.134007871 0.0493600667 0.640294909 0.0808722675 0.0240611434
    0.41237691 0.732298136 0.699203193 0.367103487 0.638391137
    0.945604205 0.958213687 0.79256928 0.393923521 0.633311629
    0.381894827 0.21154502 0.995816648 0.00449663401 0.304124117
    0.0669623613 0.613645077 0.625888228 0.242111146 0.0733010173
    0.830423772 0.0200800002 0.166224152 0.0477352142 0.291265219
    0.620878875 0.225063682 0.698544741 0.4883129 0.721138835
    0.402651608 0.101386756 0.96430552 0.0115177631 0.718191922
    0.250570029 0.0908299685 0.846634388 0.455207467 0.19036296
    0.082654804 0.762696922 0.551256716 0.405365825 0.397874087
    0.66373378 0.621334553 0.554498494 0.976901174 0.0598125458
    0.786056638 0.486918539 0.275524497 0.0423360169 0.838200152
    0.261830568 0.527435601 0.858135343 0.463886946 0.907188714
    0.0897110999 0.475898087 0.511707187 0.378758729 0.509742379
    0.62612927 0.42822656 0.634268045 0.93868804 0.268723249
    0.0285646021 0.0277033746 0.361305177 0.949174106 0.643835425
    0.14467296 0.0980421603 0.552509248 0.42079711 0.444854558
    0.982275248 0.362369895 0.810731053 0.798138976 0.0536854565
    0.241239935 0.644036293 0.337147892 0.629908323 0.0899488926
    0.178440928 0.793142617 0.109675139 0.99565053 0.161778212
    0.134661764 0.144064099 0.0483488441 0.241771728 0.496488541
    0.98042798 0.604371309 0.179830998 0.779586852 0.807442784
    0.392513692 0.682740927 0.436613381 0.959953785 0.330612719
    0.089785248 0.0591592789 0.17737937 0.220998138 0.931103647
    0.0692174137 0.651682377 0.364695907 0.543159962 0.146830708
    0.669594526 0.296955049 0.740715683 0.8584795 0.339779466
    0.0224084556 0.500907958 0.77303803 0.303583205 0.16122362
    0.593529582 0.646178961 0.522862971 0.936641932 0.103532553
    0.991033196 0.345601559 0.620655954 0.66047585 0.453101963
    0.153100401 0.0780714452 0.380945027 0.933897972 0.737161815
    0.459328234 0.494467974 0.202014357 0.173760444 0.324163169
    0.261651307 0.326746583 0.0722746551 0.522379339 0.891466022
    0.28477034 0.339607418 0.483128518 0.209257424 0.201087028
    0.537324309 0.672195554 0.23784557 0.878465414 0.564149022
    0.367604762 0.683495402 0.206451148 0.902635217 0.933542967
    0.904222906 0.943357468 0.145814747 0.812721431 0.829826176
    0.492648095 0.563998878 0.911832154 0.451993585 0.756536543
    0.854221821 0.586588681 0.909592152 0.289560199 0.380797207
    0.170850188 0.150101453 0.594784319 0.754888892 0.178067088
    0.518828571 0.821088791 0.676537514 0.271836847 0.643760741
    0.812194347 0.621513844 0.677901685 0.559592128 0.672585726
    0.442937613 0.456696302 0.203858793 0.84484446 0.385362864
    0.819089651 0.879887581 0.950665593 0.665625334 0.206486434
    0.31603229 0.541818261 0.694884777 0.926041245 0.814622164
    0.492809653 0.590332031 0.468519777 0.0213780701 0.247081131
    0.16592595 0.558778465 0.728380203 0.059555918 0.512830377
    0.357146621 0.662402153 0.0223237574 0.481243491 0.179208368
    0.239944518 0.503791451 0.0659388304 0.602344096 0.84778136
    0.707115114 0.862454653 0.945668101 0.0912047625 0.429759532
    0.781806946 0.3820014 0.223301291 0.921203732 0.984534979 0.93091917
    0.0523098111 0.316940784 0.660417795 0.325125635 0.631266713
    0.633411705 0.157088548 0.895551085 0.236740977 0.207278967
    0.573912442 0.790290594 0.354613066 0.89965415 0.573752165
    0.860585034 0.279547155 0.441543043 0.166998118 0.334375679
    0.998438716 0.148944974 0.606684268 0.624341846 0.103580803
    0.305439502 0.312778413 0.000463932753 0.461521596 0.969934464
    0.282193661 0.57614702 0.724532068 0.386937618 0.669224679
    0.111360818 0.149938673 0.3905029 0.636704624 0.289273202
    0.806745172 0.739215851 0.961920083 0.836001039 0.795951903
    0.592042506 0.344097286 0.878787339 0.377285182 0.574397147
    0.14295131 0.934983134 0.0732854605 0.634487331 0.443653345
    0.721418738 0.415761322 0.361290187 0.567639053 0.850059867
    0.99230504 0.191076994 0.121626109 0.742375195 0.628394783
    0.899920702 0.857442141 0.272187531 0.329124719 0.939258218
    0.955603123 0.460659504 0.874368668 0.337119073 0.650404096
    0.911003828 0.268742979 0.68641746 0.541023493 0.515042841
    0.641154587 0.677646458 0.878595471 0.0520203114 0.0708364844
    0.978776395 0.520252645 0.981057763 0.523335099 0.694401979
    0.547482848 0.0207303464 0.630100667 0.714826405 0.0250489414
    0.0970413685 0.63298279 0.875040174 0.268042028 0.573542774
    0.172262788 0.44957006 0.877684534 0.990987718 0.506163776
    0.295537531 0.285862446 0.382586718 0.00982788205 0.516337335
    0.338155091 0.653254509 0.212482393 0.583188355 0.0389722288
    0.790540516 0.803236544 0.866786122 0.975626707 0.374081194
    0.397480965 0.129547447 0.483103931 0.0205919147 0.324108452
    0.751196623 0.534088254 0.328339517 0.188177198 0.342078149
    0.625325382 0.302653551 0.397207648 0.486681551 0.635088503
    0.0341341197 0.625302136 0.497328043 0.107215613 0.567753017
    0.84201014 0.412235469 0.958224833 0.153521985 0.574327707
    0.559030592 0.701393962 0.975505054 0.33715409 0.429042786
    0.390229046 0.953228891 0.864988446 0.290057003 0.637741208
    0.77569592 0.335431635 0.522345364 0.344266057 0.267388165
    0.438018978 0.728237271 0.576749504 0.0968088806 0.23138833
    0.553972483 0.819383621 0.899977088 0.337510943 0.221644163
    0.296566367 0.0107960403 0.945940971 0.86143738 0.571842313
    0.672859132 0.253086358 0.427988887 0.463194668 0.469541401
    0.0309110582 0.291463345 0.673754513 0.137602776 0.115522921
    0.457229942 0.452694535 0.815656662 0.615668237 0.807276428
    0.197713405 0.312087417 0.469521642 0.46821925 0.0566954613
    0.302541822 0.284993589 0.537647426 0.264348596 0.76469326
    0.215489745 0.537918925 0.734074593 0.650666714 0.366554052
    0.138463557 0.151837975 0.589958429 0.17755723 0.164983094 0.3605299
    0.028924197 0.037286222 0.315287858 0.340811789 0.677230299
    0.687675118 0.00958603621 0.941721439 0.285029054 0.420524508
    0.916243434 0.640579939 0.844649673 0.881430864 0.241791159
    0.327057272 0.181098074 0.55128324 0.0888262391 0.73653996
    0.167259604 0.922655761 0.865721703 0.0274974406 0.516923785
    0.876333714 0.0957541466 0.15135619 0.732973933 0.725952864
    0.702600718 0.0323967338 0.104200721 0.615095615 0.103242487
    0.101997048 0.356121629 0.688602924 0.521424949 0.716612875
    0.954681158 0.984972835 0.169620901 0.161441565 0.588252664
    0.833604217 0.65318805 0.581772208 0.498809814 0.556081176
    0.757687092 0.686466575 0.376099467 0.0851364136 0.670743644
    0.570341527 0.435505569 0.531946301 0.240222752 0.0601736605
    0.0665788651 0.892385721 0.540150285 0.184227496 0.944494128
    0.181475699 0.426658571 0.461906254 0.605367601 0.454586595
    0.112383127 0.222234458 0.932546139 0.512955546 0.141842961
    0.236429453 0.368371785 0.852571785 0.218145728 0.750350177
    0.831152081 0.189319253 0.489913046 0.035243839 0.849360585
    0.723311901 0.263058066 0.531466246 0.406354547 0.135721982
    0.654569626 0.383464694 0.499676287 0.0697172284 0.585329235
    0.375705063 0.887160778 0.33567512 0.248803288 0.734975636
    0.380290061 0.795356989 0.107124627 0.189936072 0.21798408
    0.875657856 0.125646591 0.556913912 0.98897016 0.102116555
    0.753832519 0.638430059 0.76774168 0.756193042 0.638950765
    0.361154824 0.594322741 0.872090042 0.685634732 0.127448887
    0.388375223 0.195532918 0.079561621 0.944597721 0.724245429
    0.531430602 0.72924757 0.0230794251 0.681157768 0.0828059912
    0.561838746 0.094440937 0.278656304 0.511586607 0.795447469
    0.158681512 0.601567745 0.33526966 0.00113430619 0.0534560084
    0.220869541 0.694066882 0.31124106 0.358675718 0.253509998
    0.370628804 0.98428309 0.713598788 0.758523881 0.207596421
    0.460550576 0.498188376 0.847252011 0.99113822 0.0385789573
    0.246307373 0.5669626 0.426867902 0.516544759 0.741626799
    0.170908272 0.245953321 0.497826517 0.339223266 0.56955874
    0.988900185 0.0957087874 0.77190119 0.279901534 0.128145456
    0.781111956 0.0741776824 0.247407794 0.702671885 0.687855005
    0.911033034 0.146300673 0.380862534 0.890828729 0.119969994
    0.44574219 0.204075277 0.16507414 0.359900534 0.598457575
    0.199764997 0.855559945 0.445057422 0.975292802 0.731357038
    0.108414799 0.572324395 0.0877496898 0.698409677 0.891966701
    0.153485537 0.94822526 0.728004396 0.285894006 0.696807265
    0.200990796 0.979346812 0.19370541 0.748592317 0.470069051
    0.229961187 0.0236962736 0.631171107 0.879248977 0.234997362
    0.214039266 0.255919814 0.596994221 0.607657731 0.940459013
    0.716276407 0.692225099 0.162920356 0.811515808 0.0838499665
    0.94547689 0.715283334 0.045250535 0.679888844 0.323366612
    0.0012793839 0.167978615 0.976851583 0.46167922 0.706083834
    0.975349665 0.0468669534 0.365759999 0.44411397 0.164655119
    0.383999944 0.638992906 0.025993228 0.342455089 0.562117696
    0.196698695 0.968539953 0.667929113 0.462596625 0.0246768594
    0.360145271 0.645113945 0.968543947 0.964175105 0.395576954
    0.393100619 0.38955158 0.457965136 0.832830548 0.802092433
    0.646613181 0.288365245 0.839260221 0.917145014 0.986910462
    0.398596168 0.0197269619 0.911381602 0.520526886 0.419366181
    0.495864362 0.626447201 0.654465795 0.288548172 0.470631957
    0.0130671263 0.604757607 0.149243534 0.265553087 0.777895808
    0.696397662 0.0399070978 0.765912533 0.0346477926 0.126570314
    0.181699693 0.680060387 0.399226189 0.876378715 0.564651489
    0.945987701 0.643280804 0.238606304 0.45723635 0.189584464
    0.510503292 0.18732065 0.947497904 0.904969931 0.399906814
    0.799749553 0.799423516 0.513444364 0.258353442 0.71522516
    0.929803371 0.985575438 0.159827083 0.204290509 0.140764147
    0.137813598 0.378773987 0.107412249 0.058642298 0.622413516
    0.902852297 0.327510804 0.0300247073 0.782026649 0.390392661
    0.0929545164 0.917132497 0.1127446 0.635151803 0.901875854
    0.987130582 0.0628102422 0.381227791 0.407647908 0.404796988
    0.968074441 0.377099991 0.594612837 0.98292613 0.866627574
    0.640460312 0.976503968 0.494681686 0.219257444 0.272878051
    0.0617172122 0.92703855 0.128925979 0.766736627 0.233352304
    0.362621069 0.70646584 0.139573812 0.314997405 0.830051064
    0.286770791 0.640856862 0.733385861 0.945645094 0.237110108
    0.46009624 0.0980559587 0.360627115 0.988752484 0.875759602
    0.0186080933 0.457472861 0.956611037 0.83534956 0.288162351
    0.415235162 0.998339057 0.570305705 0.643774927 0.638598204
    0.396888852 0.741557181 0.429651976 0.155061573 0.485390127
    0.0919028223 0.0216286778 0.724969864 0.0554496944 0.785414279
    0.95445472 0.430707037 0.369767666 0.4277879 0.227101862 0.030008316
    0.805272222 0.0635477602 0.582199693 0.84336251 0.124678075
    0.76854229 0.993049026 0.0523298383 0.176110178 0.564815521
    0.0115741491 0.385404289 0.00632402301 0.334346622 0.95351249
    0.308235765 0.576511025 0.0550106466 0.451495349 0.682277977
    0.44022429 0.356218874 0.893909395 0.195355296 0.00847992301
    0.202040076 0.967991471 0.756632566 0.126398802 0.791539133
    0.594729424 0.73041153 0.466322422 0.591142893 0.226191342
    0.198912472 0.364129424 0.655191064 0.980247259 0.933836877
    0.858339429 0.960213304 0.241559923 0.214999706 0.196319938
    0.558619082 0.934719443 0.734877646 0.107340664 0.577491581
    0.571555436 0.252854258 0.489125431 0.851823449 0.110469997
    0.958297789 0.989271164 0.04917413 0.643343031 0.230593294
    0.617094457 0.655008674 0.0395478606 0.0149660707 0.786094546
    0.49756518 0.480627865 0.343681335 0.587612927 0.135784 0.523871899
    0.773432255 0.741499901 0.302665472 0.424533635 0.398477614
    0.68727833 0.524531245 0.496058255 0.551443815 0.350511193
    0.901301801 0.995394349 0.298660696 0.157635421 0.587428451
    0.438976347 0.613306999 0.116358727 0.838035405 0.317546546
    0.557071924 0.84636575 0.107168734 0.196533471 0.498844832
    0.104668051 0.413487792 0.546017468 0.350614905 0.696394622
    0.728506207 0.716076732 0.794067681 0.336970001 0.00835087895
    0.487929761 0.719668686 0.766872942 0.535008669 0.977220654
    0.869753003 0.95608151 0.423780382 0.561620831 0.663854599
    0.734618902 0.533939242 0.630287826 0.511726558 0.60307169
    0.278416008 0.602361083 0.168333232 0.655862033 0.778659999
    0.284379572 0.569333613 0.246567607 0.943230033 0.403873891
    0.373749167 0.194181383 0.743901849 0.454672933 0.355421901
    0.182585746 0.491241634 0.356725216 0.348237216 0.605957389
    0.48434484 0.0675374269 0.0149003565 0.433081537 0.603201926
    0.702860534 0.128555149 0.862402976 0.585316896 0.256222874
    0.356717408 0.229842991 0.245572239 0.915916622 0.157727629
    0.503419995 0.154324919 0.316299081 0.618315279 0.246272892
    0.434092432 0.87401545 0.518466711 0.407343447 0.861893296
    0.889092803 0.370349884 0.902228892 0.0193457603 0.750017762
    0.0496395528 0.77481544 0.052395165 0.76482296 0.0419592261
    0.561744571 0.898882329 0.178517729 0.949021101 0.956151366
    0.391508281 0.50025773 0.673938215 0.126804918 0.919199944
    0.38906166 0.446002603 0.190549672 0.697620809 0.57586509
    0.832086504 0.907540679 0.793676734 0.486337602 0.27565977
    0.074095279 0.686326563 0.54672426 0.89390564 0.988951325 0.76377821
    0.387220144 0.263305783 0.738987684 0.961845756 0.89402926
    0.836692452 0.00895792246 0.00879284739 0.948695421 0.176852077
    0.130788118 0.589818299 0.524397552 0.995331168 0.899204254
    0.611236274 0.364434928 0.636803806 0.976498246 0.053502053
    0.230221361 0.353520155 0.727463365 0.104732841 0.659982324
    0.658544421 0.0413517058 0.0781775713 0.586796701 0.266762137
    0.3521263 0.643230677 0.0911701024 0.973831832 0.250676751
    0.916347027 0.235930234 0.243461996 0.805778027 0.0243247151
    0.115339249 0.928052068 0.520341396 0.769081593 0.892835975
    0.327133626 0.659942746 0.010938704 0.882237673 0.920629561
    0.261845469 0.234729558 0.763493776 0.568128824 0.384128034
    0.707358003 0.0693006516 0.456642151 0.317719609 0.989119887
    0.614249706 0.160324425 0.829764426 0.249746352 0.152320027
    0.11285454 0.0241513848 0.559571743 0.390020609 0.962308288
    0.843025684 0.614729762 0.715580046 0.909032464 0.284217536
    0.64289093 0.740915418 0.583734751 0.0130169094 0.0763007104
    0.427051634 0.917652726 0.53086549 0.586093187 0.225661457
    0.230132312 0.509133935 0.747476637 0.351122499 0.527263343
    0.732435942 0.570109844 0.509068072 0.565855086 0.450606167
    0.525895119 0.933106184 0.267389297 0.835988522 0.19198662
    0.487735152 0.466861039 0.840095699 0.0685349703 0.79006362
    0.836086035 0.956243873 0.229118615 0.0465152264 0.132213086
    0.410264194 0.688457549 0.758935153 0.687098026 0.262058914
    0.228747606 0.216805845 0.746186733 0.830938816 0.104634672
    0.348621249 0.651350677 0.469736099 0.315815598 0.478495389
    0.543995619 0.254182696 0.836284578 0.727547646 0.504603207
    0.792609155 0.996116161 0.266108513 0.239778489 0.823861182
    0.410482138 0.180961281 0.409067214 0.363081813 0.617646575
    0.682732999 0.847938418 0.893716037 0.0776126385 0.00715607405
    0.173905164 0.532043099 0.554590404 0.69984293 0.0397034883
    0.79860729 0.19513914 0.674493909 0.826730967 0.0556916595
    0.0377895534 0.0603525937 0.148765892 0.524287224 0.218556404
    0.914748549 0.483229429 0.902959466 0.477786988 0.05645895
    0.0885270536 0.280438066 0.704192162 0.829324007 0.77181083
    0.19754523 0.0532922745 0.0285109878 0.976330161 0.613973081
    0.31944111 0.195106179 0.163828582 0.393155307 0.252197087
    0.319294006 0.270036757 0.414042205 0.289163649 0.402717263
    0.481264442 0.067088455 0.866272211 0.92188561 0.42349869
    0.710783958 0.338732719 0.108326882 0.215191454 0.216617882
    0.547386825 0.0884378552 0.033302784 0.352394879 0.27489695
    0.519142985 0.580280066 0.979518533 0.39794445 0.518829942
    0.214414358 0.132500499 0.706590295 0.221090525 0.26093328
    0.0296112597 0.658523679 0.77768147 0.176537842 0.591571391
    0.581604183 0.109552234 0.228410006 0.51325798 0.685497165
    0.636325121 0.650555491 0.2711806 0.0632611513 0.727011561
    0.770315409 0.603556454 0.513679087 0.198007971 0.993951738
    0.655310869 0.248699486 0.173326224 0.597538829 0.650543094
    0.397957355 0.170353323 0.767014861 0.42528221 0.94483 0.729780495
    0.173120946 0.252650142 0.3921974 0.0789176822 0.98364079
    0.844594121 0.17306149 0.618959844 0.4652147 0.202351213 0.514474273
    0.743412375 0.887526214 0.361947238 0.738720953 0.0595662594
    0.875328064 0.703206658 0.870417714 0.711742043 0.867863595
    0.0518523157 0.943570137 0.56246388 0.261594474 0.0418686569
    0.778111339 0.125879526 0.22499603 0.854455829 0.0827361345
    0.0213932395 0.79692781 0.772974014 0.899824739 0.842847109
    0.966579556 0.928563237 0.682858944 0.911434948 0.952386618
    0.222371548 0.723058879 0.211920261 0.427877367 0.850219905
    0.947319388 0.1492787 0.896650672 0.355089605 0.607169151
    0.0899757743 0.00859475136 0.748093367 0.865276575 0.894412279
    0.702481866 0.648474157 0.031816721 0.246397465 0.0555703938
    0.691775918 0.505289137 0.95227325 0.613337636 0.428154498
    0.20756194 0.930995584 0.300466239 0.819370508 0.814990342
    0.753728986 0.605954647 0.579244971 0.0340598822 0.0580331683
    0.243846953 0.578630447 0.298340142 0.405861586 0.577307642
    0.0852214694 0.713620663 0.181002229 0.0498999655 0.402136922
    0.95896858 0.819062591 0.20850414 0.415749103 0.650648117
    0.254685968 0.593574762 0.240346432 0.746823192 0.474095941
    0.0550304949 0.955381513 0.7044487 0.118376255 0.80141747 0.28780508
    0.876105666 0.115017623 0.768489718 0.473634183 0.486023873
    0.331840396 0.974322319 0.236637115 0.98342526 0.596746325
    0.192302883 0.713909805 0.990569174 0.33149761 0.793595195
    0.688001931 0.801022172 0.569292188 0.538978696 0.0668309331
    0.931667209 0.748789608 0.486911774 0.743881702 0.923589706
    0.30051434 0.448367685 0.978224993 0.322424114 0.886975348
    0.46814701 0.575600266 0.41051656 0.780672371 0.414121985
    0.839521646 0.667742372 0.653027594 0.775512397 0.547266066
    0.134827793 0.282744974 0.89895153 0.651213527 0.0227791965
    0.358706713 0.544665754 0.927034199 0.826250553 0.632836342
    0.127252281 0.339649677 0.123228252 0.990460396 0.302931607
    0.856731772 0.766905189 0.710384905 0.108573198 0.711595416
    0.445499986 0.545491874 0.759471536 0.262363225 0.112973481
    0.0145925879 0.849103332 0.64857924 0.0945619643 0.488715172
    0.372109175 0.488378525 0.380382121 0.982765615 0.524931908
    0.399166435 0.623768449 0.4843238 0.74148947 0.750005066 0.128516823
    0.576995432 0.648815334 0.626251459 0.0328052938 0.935576141
    0.99260354 0.731244683 0.0311213732 0.129184097 0.515317619
    0.823147655 0.542068601 0.338812947 0.284909904 0.0572467148
    0.310624897 0.790356159 0.406199247 0.432393759 0.475270301
    0.643214107 0.648949504 0.384357899 0.341172516 0.248128265
    0.460647255 0.000666111708 0.78311789 0.483360857 0.380871803
    0.720254064 0.0280361474 0.230213314 0.630277693 0.0328378677
    0.922483742 0.569393933 0.407952011 0.414896041 0.334427774
    0.251225859 0.964048207 0.668136001 0.650812626 0.161681652
    0.771069705 0.0722339749 0.0833210647 0.378460467 0.685401976
    0.47682631 0.679439127 0.957415342 0.203060299 0.503118515
    0.0539604723 0.55387789 0.942513347 0.34167254 0.0113470256
    0.670295119 0.881079137 0.89257431 0.29585278 0.970024467
    0.792393267 0.896136463 0.433104753 0.748472095 0.496317178
    0.363908321 0.784074783 0.794213653 0.214101434 0.503087461
    0.549675822 0.022623688 0.41163677 0.0652863085 0.370417058
    0.274629712 0.947515249 0.91754204 0.480082959 0.451170892
    0.952013195 0.83309269 0.755949736 0.918285251 0.163162947
    0.20690152 0.362417579 0.476589262 0.549101114 0.344242692
    0.0208752155 0.723413587 0.604527831 0.654712737 0.122278869
    0.626446009 0.640918672 0.643420935 0.755883932 0.0177524388
    0.484074295 0.497740209 0.250789642 0.721306622 0.633207202
    0.831558466 0.368849814 0.370917708 0.509946167 0.333322436
    0.754901588 0.663712978 0.766732216 0.222540051 0.126586199
    0.0175148249 0.583320618 0.284660876 0.102961451 0.598034143
    0.844463825 0.134989291 0.394697309 0.646913767 0.956156552
    0.91272676 0.499274135 0.414868534 0.758280516 0.979789793
    0.904612422 0.571850181 0.128708452 0.787312508 0.653602064
    0.27650705 0.879655063 0.431367338 0.90165478 0.846656919
    0.898724556 0.950937033 0.362413585 0.488097191 0.462892503
    0.809928775 0.893181801 0.336822331 0.996938467 0.998223901
    0.971574903 0.143591702 0.0414637923 0.230908513 0.673334241
    0.916108608 0.929106355 0.720855355 0.402574301 0.412380457
    0.135340124 0.591844738 0.29962343 0.445781261 0.684011459
    0.436394453 0.0525675416 0.329183519 0.897071838 0.98510617
    0.189097911 0.430040479 0.447268337 0.52009511 0.13857159
    0.991878688 0.866000593 0.577027321 0.776064277 0.869591415
    0.564519048 0.308264852 0.850827575 0.378609955 0.937728882
    0.409609914 0.480251551 0.761505604 0.902936935 0.881081641
    0.426731229 0.0629639924 0.321493924 0.0573579669 0.683802783
    0.651660383 0.471970558 0.866869509 0.748240829 0.661248207
    0.0695861876 0.988146067 0.969403505 0.0679340661 0.504960299
    0.766970158 0.416103542 0.303256214 0.484536499 0.402681321
    0.334643453 0.3197501 0.750642359 0.840637624 0.356763244
    0.292288274 0.265761971 0.0708361268 0.0335263014 0.671584725
    0.23170948 0.509728134 0.395458877 0.536490262 0.944696426
    0.777201891 0.0744084418 0.967373848 0.436066926 0.0705027878
    0.650933087 0.237384558 0.786183119 0.171706706 0.747038305
    0.194218814 0.11594516 0.000621527433 0.906561136 0.754525065
    0.858094454 0.520925701 0.577045977 0.243285924 0.801674366
    0.825259507 0.039745748 0.92505312 0.146605909 0.471673787
    0.247819394 0.467979133 0.123506278 0.705542684 0.39566043
    0.0940843225 0.57586658 0.744453669 0.630090654 0.940130234
    0.249861091 0.656641126 0.060637176 0.0605868697 0.564605713
    0.904105783 0.856130421 0.563527048 0.286631972 0.376659214
    0.379606277 0.862486124 0.969155133 0.90497601 0.71224016
    0.561372399 0.955695033 0.197224587 0.392106384 0.721075475
    0.649701893 0.0372470617 0.606200933 0.138926446 0.525989413
    0.160892516 0.575593233 0.408652425 0.72203356 0.000415861607
    0.952998579 0.741390586 0.248822749 0.81867671 0.978218794
    0.446745813 0.725565135 0.600650251 0.0212245584 0.639672875
    0.622867167 0.62562722 0.0218612254 0.909245729 0.907472372
    0.116547346 0.0924993157 0.419908226 0.858923078 0.160422683
    0.66777426 0.126032829 0.83617419 0.402274698 0.301238179
    0.584335625 0.542239904 0.299278617 0.731739879 0.0941185355
    0.905888081 0.92019558 0.598159134 0.68420279 0.941857398
    0.153442562 0.262780666 0.473259836 0.489347845 0.669039369
    0.43978408 0.263895094 0.890543103 0.510490477 0.0552758276
    0.58695662 0.839219809 0.387753546 0.0335094631 0.0917354822
    0.825498223 0.885392785 0.0387923121 0.476691246 0.737294912
    0.432663947 0.916438103 0.879268467 0.417884052 0.202149391
    0.047210902 0.876677036 0.422914952 0.929404974 0.802707374
    0.703322411 0.922721267 0.594257236 0.724087656 0.716113567
    0.540445983 0.80682528 0.154861987 0.17187497 0.790544033
    0.482245535 0.264511824 0.989148498 0.137820482 0.768221974
    0.622306824 0.224637032 0.1329377 0.686282873 0.287034333
    0.924742341 0.0726200938 0.156077504 0.654663324 0.607259989
    0.183352232 0.20652771 0.798659682 0.486869216 0.0319106877
    0.740407825 0.356414199 0.282313049 0.815493226 0.793513477
    0.962141633 0.300886095 0.0698034465 0.369442284 0.523434341
    0.484707713 0.437498033 0.41799745 0.0225662589 0.503245831
    0.766479135 0.489976645 0.91122359 0.545488 0.75003624 0.258158326
    0.469693452 0.621762931 0.665638447 0.270455867 0.236456394
    0.107706696 0.878523469 0.515007615 0.0585260391 0.730400681
    0.734845877 0.996995747 0.0270674527 0.301533222 0.107335597
    0.927815497 0.0376754105 0.863019228 0.271619231 0.939994931
    0.751462817 0.962714314 0.157775342 0.574879169 0.376022756
    0.400185168 0.176049799 0.655014813 0.0559408665 0.925940275
    0.631083369 0.918938041 0.755108714 0.746361196 0.63643086
    0.691580415 0.593831122 0.946080685 0.660775423 0.745371461
    0.642535567 0.295064151 0.0605943799 0.293655068 0.0819218159
    0.366752267 0.451498717 0.518014371 0.442347944 0.326248646
    0.727332652 0.264964461 0.267717242 0.538215399 0.914241195
    0.510843515 0.307356656 0.222937018 0.518216908 0.426961809
    0.81115824 0.871529937 0.362680733 0.601180017 0.200571835
    0.652337193 0.888203382 0.0431089103 0.580163598 0.360678494
    0.258474052 0.323857218 0.87203294 0.672043979 0.238103539
    0.48166135 0.467334867 0.0770325065 0.775682449 0.310826838
    0.765669465 0.927037001 0.916918278 0.0286524594 0.202030212
    0.493455946 0.383262873 0.0438745022 0.0285428464 0.342334807
    0.837870598 0.607455671 0.219836086 0.465694815 0.0626725852
    0.395974547 0.8643291 0.415106237 0.227107167 0.934089303
    0.251849174 0.208262533 0.865203559 0.993612051 0.413579315
    0.666700721 0.335854173 0.534170628 0.723297358 0.182414681
    0.97812593 0.816948414 0.466284156 0.166912884 0.586093843
    0.929495692 0.0586334467 0.25525254 0.962272406 0.62520206
    0.880601048 0.507920861 0.214827895 0.640447855 0.26523304
    0.46681416 0.428115964 0.988197148 0.336842179 0.118906736
    0.796031237 0.915119231 0.0499152839 0.44500339 0.435979933
    0.426765382 0.718962908 0.724972367 0.254209876 0.830800533
    0.519816756 0.13606742 0.729562342 0.153338164 0.557845175
    0.200802505 0.235877812 0.113461345 0.0299014151 0.826210141
    0.826806426 0.853733063 0.781204104 0.755431294 0.165682554
    0.442047536 0.482187331 0.92833972 0.302839518 0.551651061
    0.0539925694 0.271329224 0.525021255 0.0165256262 0.838802636
    0.543942869 0.442900985 0.754738331 0.336372852 0.0383667648
    0.865145504 0.359464049 0.218243361 0.121654868 0.420479685
    0.436415285 0.0314561725 0.126238227 0.706765711 0.551036298
    0.89032805 0.617257655 0.422865927 0.961523533 0.756477892
    0.737321258 0.148044229 0.214114845 0.529041111 0.665965855
    0.756474435 0.239704221 0.359630495 0.866913438 0.185396165
    0.657589436 0.569490194 0.430783063 0.997624218 0.57182759
    0.949990988 0.0936827958 0.487952948 0.544039607 0.662040353
    0.601466894 0.9363482 0.193126768 0.50364238 0.732239187 0.994570494
    0.405096889 0.726339757 0.404787898 0.365944117 0.249928087
    0.164894819 0.636238039 0.0644235015 0.839442253 0.641953528
    0.919471443 0.791132212 0.544729471 0.16121164 0.84813118
    0.988363147 0.501658738 0.389812887 0.790194511 0.555697501
    0.117567927 0.124480158 0.679121435 0.427695453 0.0981087089
    0.247622997 0.732555628 0.889396548 0.464463443 0.471243709
    0.29619652 0.133895814 0.667720854 0.217312455 0.809404254
    0.367275059 0.173322141 0.328292131 0.779740572 0.468057215
    0.0920056701 0.338038146 0.168284059 0.126782089 0.0517338812
    0.871805072 0.99406898 0.739344776 0.376663089 0.853702545
    0.297736704 0.16419211 0.635366499 0.432512879 0.35365805
    0.304144084 0.352546036 0.101672739 0.680746973 0.87690419
    0.631512523 0.928635597 0.0432194471 0.952859461 0.629308939
    0.562834799 0.988925934 0.11576727 0.822520494 0.942673028
    0.937887728 0.0364737809 0.884123445 0.399433523 0.125874639
    0.614076138 0.662288368 0.682437181 0.847420216 0.786551654
    0.700767577 0.906906366 0.136805862 0.985015631 0.402480334
    0.108668178 0.335590005 0.156256258 0.174803227 0.401218921
    0.712666392 0.452385455 0.83592844 0.720334291 0.928629279
    0.454591125 0.516378045 0.734231055 0.499962509 0.134360313
    0.330354214 0.791851819 0.51818496 0.657398403 0.685017347
    0.102548867 0.85337913 0.0152408481 0.458133876 0.590928197
    0.980433464 0.691594481 0.907946467 0.505466342 0.354031086
    0.314064801 0.674263537 0.434721351 0.254903674 0.791608572
    0.392443627 0.215407819 0.935432315 0.08923015 0.973158479
    0.392610461 0.104649484 0.907642722 0.747043967 0.492909491
    0.869442344 0.875833273 0.520025671 0.366917908 0.821126044
    0.285002351 0.163241059 0.655813098 0.850767016 0.418861657
    0.568855882 0.182559967 0.638011456 0.133345366 0.248194516
    0.350902438 0.581402183 0.803506613 0.321823955 0.79579103
    0.232259482 0.767724097 0.831661403 0.418568969 0.99097389
    0.55469811 0.0529101789 0.679253578 0.484206527 0.723371863
    0.941663623 0.497554362 0.841930628 0.856773138 0.581670165
    0.404187083 0.184564203 0.56204921 0.700236201 0.13617602 0.22179541
    0.097437799 0.52193439 0.875901937 0.304166734 0.1931279 0.231706023
    0.926266789 0.64111501 0.638440609 0.146731108 0.226738662
    0.280764997 0.164105117 0.722649693 0.798896194 0.209318697
    0.195275903 0.534805596 0.65312016 0.300248384 0.553758621
    0.449257046 0.767115355 0.16439119 0.181298643 0.312376976
    0.107885689 0.781735659 0.295057476 0.281458318 0.0395463705
    0.161111444 0.0131671429 0.48224771 0.213810921 0.163319737
    0.727492988 0.922066092 0.491669387 0.767921567 0.793480515
    0.718587041 0.260374486 0.610496342 0.795871794 0.259181529
    0.388853937 0.38652119 0.117837161 0.636324942 0.32698819
    0.740274608 0.0045298636 0.490433365 0.476352125 0.971226454
    0.0224350691 0.335071862 0.245648235 0.714290738 0.727232337
    0.560039639 0.403394222 0.979241967 0.399937809 0.715199769
    0.707847893 0.185021847 0.484255522 0.988036394 0.0246470571
    0.0678580403 0.161687881 0.172003806 0.238227755 0.309009016
    0.912034869 0.94315064 0.690276742 0.577602684 0.826580763
    0.636497676 0.269965231 0.747094631 0.306477636 0.0781563818
    0.0632585883 0.740737319 0.908142567 0.594079673 0.851158142
    0.053940773 0.513514221 0.544098258 0.786359549 0.622762322
    0.0167533457 0.758278728 0.862753749 0.411762208 0.236503452
    0.790088058 0.641474366 0.922382593 0.459831983 0.247553498
    0.649815202 0.789245009 0.0643676221 0.0997544825 0.913033962
    0.0341101587 0.539330959 0.652279019 0.223817587 0.693247676
    0.261059821 0.153481156 0.108511895 0.904192746 0.158025682
    0.0363642275 0.666556478 0.310466528 0.434921443 0.53795743
    0.444759727 0.823943615 0.0772069693 0.19701004 0.590977192
    0.739684939 0.0383728147 0.297299862 0.888735414 0.120239913
    0.479203492 0.478717089 0.0937342644 0.867453754 0.284873545
    0.073936224 0.234622091 0.179135948 0.191708237 0.806123555
    0.0985325575 0.66661638 0.0919442177 0.0674996674 0.714067578
    0.189042389 0.523851514 0.903920531 0.690345109 0.573407412
    0.877890706 0.66616559 0.821672797 0.642895222 0.752534866
    0.49521634 0.290494561 0.434419453 0.612856507 0.441728264
    0.194523633 0.254710168 0.800010443 0.00226944685 0.895102262
    0.170312256 0.86193049 0.952758908 0.776886106 0.662788868
    0.977882028 0.29990834 0.766878545 0.674703956 0.972007871
    0.100567967 0.925405383 0.490370721 0.92454195 0.762004852
    0.58047235 0.835229278 0.136796981 0.992086411 0.799205303
    0.0647581518 0.628463149 0.673018217 0.0701240897 0.752839088
    0.835333109 0.999195516 0.26367569 0.968182921 0.150496662
    0.810539603 0.798334479 0.839737892 0.109542638 0.250933617
    0.80005753 0.694039762 0.302142739 0.971802354 0.299525678
    0.350415349 0.689255834 0.295498312 0.507723749 0.93828392
    0.049226284 0.126446217 0.561833799 0.738964856 0.998679399
    0.763811767 0.823857546 0.0273906589 0.194858462 0.833047211
    0.34540391 0.437665731 0.0386121273 0.350345314 0.925035119
    0.66776073 0.241211206 0.559475541 0.753444493 0.627851129
    0.963339388 0.456536293 0.16571933 0.954750896 0.0254375935
    0.535054207 0.218456119 0.118522197 0.590233982 0.429332614
    0.948571444 0.784317136 0.00183284283 0.506617725 0.399255097
    0.735363603 0.670767367 0.446162224 0.127200484 0.0800935328
    0.989577293 0.265406728 0.596784055 0.137119681 0.324431598
    0.739712179 0.44950819 0.139446497 0.48377353 0.777130663
    0.222030193 0.578698874 0.741000414 0.513316453 0.782880068
    0.581762016 0.103764057 0.19250685 0.328738868 0.990574241
    0.0636427999 0.961685181 0.943084121 0.288146585 0.453488439
    0.779457867 0.953506231 0.589932382 0.450754076 0.528060555
    0.512518704 0.356305033 0.209436029 0.146848589 0.505667508
    0.706033468 0.697621942 0.839462876 0.316296726 0.776857793
    0.978331804 0.563716829 0.264537573 0.912366807 0.692954779
    0.196618497 0.335941434 0.575333416 0.544237137 0.462382168
    0.659336686 0.0721721649 0.510781825 0.736458838 0.522841334
    0.237104863 0.41427663 0.117843747 0.506777644 0.0478566289
    0.659711123 0.127268344 0.338847011 0.477754027 0.371235728
    0.561771154 0.285941005 0.500246525 0.540648639 0.210114419
    0.472482771 0.139119655 0.886687279 0.340375602 0.863839626
    0.628854215 0.347477734 0.371891379 0.300711691 0.123756438
    0.347707212 0.918278933 0.279562175 0.288953245 0.771201611
    0.566061497 0.373446733 0.852445245 0.196333796 0.382189959
    0.560192049 0.165084213 0.549136698 0.228400499 0.296460211
    0.697788835 0.554501116 0.766633272 0.971260428 0.827757955
    0.91215241 0.0919198394 0.852804482 0.994197547 0.322310388
    0.866532922 0.740594506 0.484822482 0.531907678 0.691285491
    0.129117578 0.0692745745 0.507506371 0.00575935841 0.737489223
    0.135228783 0.0775356889 0.524781704 0.980125964 0.927263618
    0.944924355 0.357586503 0.497577608 0.0245102346 0.305232435
    0.692388535 0.846551657 0.544552922 0.502208114 0.163362771
    0.898405612 0.961152494 0.363898546 0.719135284 0.713299155
    0.546974778 0.304245353 0.40454638 0.629690588 0.474003851
    0.906579733 0.652025223 0.157535762 0.844408154 0.7536304
    0.702191293 0.136921048 0.919035733 0.79495126 0.940288544
    0.777977765 0.625831902 0.510297477 0.964187741 0.560584545
    0.692016482 0.543304324 0.343828261 0.901113272 0.997438192
    0.976263404 0.174095094 0.495978475 0.367077887 0.914626479
    0.443437696 0.642163813 0.602590561 0.0700592995 0.688692093
    0.0890208185 0.26638031 0.347949892 0.0301251709 0.291431189
    0.24152717 0.111861467 0.824881434 0.325993747 0.943099022
    0.482766688 0.86127615 0.712650776 0.422357321 0.907740831
    0.19094941 0.708081961 0.715850174 0.415805995 0.178074688
    0.396253675 0.41877687 0.395234585 0.439596146 0.602751493
    0.197058499 0.858353972 0.445371896 0.797381282 0.0542121828
    0.505284429 0.867411971 0.566453636 0.516374648 0.270306289
    0.211574763 0.98824352 0.883317649 0.436035961 0.297646523
    0.255326688 0.0612079501 0.161876053 0.461424828 0.896197975
    0.338323951 0.15337038 0.947037578 0.372624755 0.322102606
    0.445981741 0.496166438 0.81838882 0.803564429 0.910815775
    0.887147129 0.151708305 0.712599277 0.315054774 0.160413384
    0.756931245 0.33335638 0.308931231 0.0917814374 0.996676147
    0.596237719 0.602620125 0.962725341 0.695220709 0.496670127
    0.385281116 0.771452427 0.945899129 0.688856483 0.923682809
    0.519584477 0.942183375 0.902439117 0.272925794 0.481750727
    0.906548381 0.02364555 0.0902505815 0.994487762 0.653282404
    0.240199804 0.121800721 0.0282954872 0.977754951 0.484006464
    0.56203562 0.536678195 0.499855727 0.935201764 0.145198196
    0.33811599 0.227890253 0.711779237 0.933992743 0.480667681
    0.89513278 0.164367944 0.526187301 0.476313561 0.896332979
    0.113437623 0.274993539 0.381859243 0.435585827 0.778873682
    0.281671405 0.240219951 0.694184065 0.996230841 0.290073752
    0.496089965 0.0505962074 0.0714732409 0.718625546 0.996896625
    0.00201719999 0.494354486 0.592577219 0.556043386 0.593853414
    0.450523883 0.764672518 0.232170194 0.220988452 0.473879635
    0.0169800818 0.0482862294 0.433478296 0.151144773 0.108483791
    0.792124212 0.552229524 0.169927806 0.294376671 0.363893092
    0.175102443 0.639395833 0.269599438 0.743985772 0.0317969918
    0.865629792 0.38570565 0.0603395998 0.963841081 0.235466182
    0.135758966 0.611594617 0.13364923 0.754289627 0.914886832
    0.752427697 0.294032693 0.725277126 0.601406097 0.0502673388
    0.711039186 0.923115849 0.196851283 0.552048624 0.719268441
    0.800980091 0.367214501 0.143597722 0.676821947 0.577433527
    0.0467347205 0.699894905 0.184208959 0.549166441 0.375193834
    0.144298315 0.30654484 0.0342786312 0.170706272 0.335279107
    0.982125163 0.357506156 0.459997356 0.771277964 0.491931975
    0.41576317 0.178568214 0.140037239 0.354989201 0.993546486
    0.761993289 0.428991318 0.811614394 0.0069513917 0.39757815
    0.221555382 0.0317421556 0.6526317 0.205196708 0.0221862495
    0.267468452 0.315803528 0.414892465 0.812730908 0.250636846
    0.959652722 0.347505629 0.967476308 0.636658728 0.0442076325
    0.956724286 0.0401236117 0.321596384 0.121720195 0.92669642
    0.812807083 0.157809377 0.0858280659 0.0903826058 0.954696953
    0.356416106 0.745246947 0.883964419 0.231091827 0.454972565
    0.297764421 0.884231091 0.890617371 0.931992412 0.756876945
    0.456219226 0.800608873 0.0573489964 0.0655581355 0.291207552
    0.866374254 0.406320333 0.727578163 0.833122849 0.132591188
    0.0657978952 0.931188464 0.987370968 0.256101131 0.951551557
    0.697197914 0.128620654 0.762790084 0.479925871 0.191123158
    0.120928675 0.245501399 0.138121963 0.735841393 0.346092463
    0.496279448 0.815811157 0.756172657 0.278546929 0.463052154
    0.151072562 0.98271662 0.407222956 0.56866926 0.377037883
    0.141026795 0.558977664 0.412011594 0.951387823 0.316822708
    0.692384839 0.81044662 0.514307499 0.564012587 0.337555408
    0.488027215 0.99281919 0.920036793 0.75999999 0.675209403
    0.502033234 0.331899375 0.632235169 0.271228611 0.856692791
    0.953928351 0.444793314 0.206958085 0.914792418 0.524869382
    0.319090009 0.411286473 0.784712315 0.348681152 0.273620218
    0.0291460752 0.813908935 0.20400551 0.24556914 0.742858171
    0.940211296 0.834765196 0.0290552974 0.105619103 0.256236732
    0.00412327051 0.226039171 0.766735911 0.452456027 0.658964217
    0.507235765 0.0863160193 0.993708789 0.703503311 0.742428422
    0.148464978 0.396302015 0.591367722 0.544843674 0.680771828
    0.82846725 0.794443786 0.440952867 0.852980137 0.119351536
    0.0465956628 0.774327755 0.356922001 0.392706573 0.164426416
    0.607004881 0.595312357 0.885104418 0.929694533 0.871560216
    0.474933237 0.0749772489 0.751483202 0.417124391 0.0481086969
    0.785023093 0.675684214 0.70853585 0.427849352 0.201728314
    0.610664248 0.730055094 0.141862541 0.301329195 0.178991377
    0.991374254 0.820715308 0.102975428 0.635461807 0.474519819
    0.0939219296 0.113173187 0.0290678442 0.192277908 0.962031603
    0.30397588 0.928736687 0.693239093 0.955070496 0.896658063
    0.832817376 0.714107752 0.209271997 0.903252363 0.519638181
    0.594493985 0.242092252 0.311156511 0.633513689 0.563341856
    0.459298909 0.536554694 0.544437051 0.615282178 0.804900765
    0.861112356 0.730385184 0.378766626 0.892181873 0.702792645
    0.476908118 0.350418925 0.778797984 0.374043912 0.509399652
    0.106984794 0.578481495 0.521275461 0.554669857 0.839005232
    0.342627734 0.811506867 0.121377349 0.269521892 0.195102602
    0.471102625 0.408947468 0.387756586 0.24478808 0.183101356
    0.170254558 0.913842797 0.953791261 0.770535111 0.434140503
    0.59194988 0.243404448 0.542663455 0.63125813 0.642153025
    0.449409902 0.775203109 0.282711387 0.753609359 0.810845494
    0.426983833 0.403263479 0.242194027 0.516184807 0.51708138
    0.467319846 0.10994035 0.399327159 0.129061908 0.371705174
    0.542048633 0.256873488 0.653759122 0.11237213 0.672361493
    0.156652272 0.497923106 0.617605329 0.834247887 0.7210989
    0.842115521 0.662967682 0.190481037 0.578249693 0.423599601
    0.692557454 0.430210412 0.129785389 0.710269153 0.250897884
    0.822951794 0.835430741 0.578211427 0.116245091 0.410020381
    0.570978224 0.796098351 0.642552972 0.646240711 0.785650969
    0.764672041 0.0312186778 0.559738874 0.738425493 0.325121522
    0.774251223 0.547483683 0.715377152 0.117649138 0.24674648
    0.719141245 0.661015868 0.0898571312 0.779166579 0.795675933
    0.123932362 0.785821974 0.213537365 0.104323685 0.749206543
    0.0414152443 0.356586039 0.389707655 0.0783203542 0.759472013
    0.937585711 0.603175759 0.766051888 0.781426549 0.281904072
    0.37567246 0.426888496 0.847612619 0.0821210742 0.252324343
    0.469913453 0.82886368 0.0472072363 0.347555608 0.305082262
    0.921340942 0.717360735 0.800402522 0.135143697 0.31772548
    0.15729484 0.398798645 0.328636646 0.398023635 0.52736038
    0.390937805 0.895262718 0.066157639 0.424315959 0.88684833
    0.377015769 0.952857256 0.701432705 0.574514389 0.13218984
    0.14235422 0.365013123 0.467103571 0.557472408 0.649829268
    0.282956183 0.392210811 0.182149023 0.780906916 0.973121643
    0.736637354 0.274840891 0.413623005 0.131693274 0.00766521692
    0.814394951 0.401674211 0.816173196 0.0389524698 0.724111915
    0.166161418 0.186117947 0.349060208 0.337603062 0.116619974
    0.155690104 0.147926509 0.569723368 0.683638215 0.842973351
    0.735358775 0.38082841 0.315864742 0.0560465157 0.445912451
    0.942484379 0.388826877 0.667427719 0.0145093799 0.397123665
    0.211402535 0.959498703 0.924189448 0.545374393 0.80126816
    0.934621334 0.232711047 0.910991311 0.593443036 0.66779834
    0.972022772 0.628380358 0.838818491 0.364919126 0.366617382
    0.0338297486 0.547577918 0.00658735633 0.258267909 0.0613369048
    0.189847589 0.299847096 0.981613636 0.565034747 0.298714399
    0.744205713 0.0581374466 0.904728532 0.316745758 0.292623013
    0.746163487 0.277289748 0.305181801 0.294266522 0.313414425
    0.147933483 0.783300757 0.490184307 0.947299242 0.234805554
    0.488583356 0.717075765 0.941461205 0.324827194 0.0845003128
    0.513935864 0.828435063 0.839136958 0.115902245 0.804008126
    0.158040375 0.366178334 0.337092996 0.798144221 0.598278344
    0.74816829 0.430276096 0.55986017 0.064073503 0.464954674
    0.853000522 0.272424221 0.169794053 0.670713544 0.313774407
    0.015357852 0.316529214 0.39548254 0.223018765 0.771929502
    0.440342098 0.0463506877 0.187592387 0.510806441 0.656328619
    0.450614363 0.0247086585 0.566906512 0.337505668 0.165313691
    0.824961007 0.0246446431 0.123982251 0.948382139 0.335767746
    0.751173913 0.722709835 0.719744325 0.119071692 0.928889394
    0.302484572 0.125843972 0.945611238 0.949115574 0.72859174
    0.063627094 0.645424366 0.0615975857 0.619016886 0.887112796
    0.0962035656 0.951171994 0.552123427 0.772355258 0.734864593
    0.175308526 0.972840428 0.918864965 0.705192447 0.695062041
    0.244315118 0.251837343 0.0869629085 0.244336873 0.976732373
    0.269901991 0.610419333 0.930445135 0.0289786756 0.326176643
    0.827341557 0.581546903 0.146880001 0.900085092 0.500992239
    0.372161359 0.0361693203 0.41794771 0.854964852 0.386286169
    0.354299724 0.121789932 0.778018832 0.187007785 0.224949151
    0.837980688 0.243956387 0.817213535 0.61070168 0.183542639
    0.212876707 0.673829615 0.891571522 0.997255802 0.752059519
    0.61253202 0.663175344 0.960669756 0.50928998 0.597515702
    0.421081394 0.865678906 0.0352950692 0.483121902 0.127181321
    0.0863103867 0.348293185 0.480733335 0.912626028 0.254080176
    0.283595085 0.570603073 0.856839538 0.515220702 0.771010995
    0.459602684 0.7152071 0.951242983 0.142748415 0.421493798
    0.238714993 0.445657879 0.779171765 0.865366459 0.920497835
    0.433521926 0.121311784 0.71854949 0.803135931 0.535628796
    0.0951212943 0.784392118 0.0300110877 0.0113989115 0.816010714
    0.38319093 0.649549007 0.300696313 0.0270676911 0.525891185
    0.848022938 0.389888287 0.0738069117 0.613060176 0.275329709
    0.476153016 0.57634604 0.481899559 0.741590142 0.592387676
    0.383720398 0.268334627 0.678725243 0.1346668 0.899751306 0.4134745
    0.346049577 0.15236488 0.742293656 0.872707725 0.45923245
    0.845859766 0.362940371 0.26264751 0.287328005 0.0975393653
    0.414832056 0.137967914 0.267837167 0.777953267 0.938897133
    0.642217278 0.36706534 0.177185953 0.435141057 0.254301071
    0.748737812 0.20910421 0.505562782 0.237950087 0.49917838
    0.0753318667 0.960638106 0.675661862 0.599672198 0.474513292
    0.826008916 0.834123611 0.546373725 0.38923189 0.727439046
    0.358131438 0.862999678 0.371281207 0.704522252 0.851558685
    0.459419936 0.879419565 0.655298352 0.291338921 0.222169995
    0.20018062 0.614133894 0.17903167 0.221421629 0.7703107 0.763796568
    0.0398468673 0.47303468 0.854557037 0.239685059 0.939258993
    0.572261214 0.55396843 0.649246097 0.987118006 0.390818387
    0.0202820599 0.908787012 0.305835187 0.152279347 0.145904809
    0.328117192 0.575664639 0.295082211 0.200414389 0.45773685
    0.926720798 0.288616061 0.486157089 0.368495584 0.794210792
    0.652187943 0.345241487 0.086512208 0.434022188 0.703324914
    0.0251750648 0.41167289 0.510046184 0.520865917 0.168308675
    0.927650094 0.355746627 0.138185769 0.783401072 0.746315777
    0.957931638 0.934619427 0.0965422392 0.313284636 0.250624925
    0.500095904 0.503821135 0.776231408 0.897891283 0.579868078
    0.687955916 0.869363785 0.969900608 0.520585656 0.770030618
    0.769476831 0.878356397 0.667778909 0.228932559 0.172715366
    0.392551094 0.409736097 0.49402231 0.0841371715 0.205316484
    0.850054383 0.435335159 0.594423354 0.598378897 0.865850449
    0.990670264 0.0830811262 0.747272193 0.289544344 0.72252965
    0.761613667 0.139869362 0.178933382 0.0363030136 0.276067406
    0.280597717 0.00644239783 0.70296371 0.884189785 0.53855145
    0.841955185 0.547716916 0.237307847 0.746623874 0.0595225692
    0.14628917 0.312469959 0.881438255 0.787461758 0.751769304
    0.823182225 0.86275804 0.178455293 0.54712081 0.205785602
    0.619661927 0.366283715 0.548979878 0.819420218 0.102942497
    0.255753368 0.47501719 0.62308991 0.916462481 0.634515584
    0.986772776 0.854893565 0.95843482 0.383602619 0.236088187
    0.759547591 0.238708854 0.968002796 0.7186746 0.135031223 0.55499512
    0.249078155 0.716054201 0.675918758 0.0540387928 0.286350369
    0.739158452 0.163112313 0.905427814 0.108025163 0.96442765
    0.631072462 0.733396053 0.609716892 0.292140156 0.242997319
    0.139628887 0.501138806 0.103004992 0.926982284 0.0664818883
    0.607119858 0.857768476 0.379173964 0.995964646 0.816094995
    0.910947919 0.47611469 0.104521722 0.278323829 0.593508244
    0.664248943 0.131976366 0.13069278 0.349408537 0.863987327
    0.840661883 0.093154341 0.357231349 0.528054595 0.782462597
    0.012819916 0.238760978 0.0772590041 0.181024492 0.217427552
    0.615385711 0.336693585 0.627614915 0.0584656298 0.0124281049
    0.540714383 0.0250394344 0.646521568 0.841540277 0.498207062
    0.567648172 0.928291559 0.169485748 0.905146241 0.574416757
    0.272282004 0.420364439 0.414319873 0.841440439 0.717083335
    0.761749744 0.174463391 0.0869650543 0.507043898 0.250993609
    0.46182102 0.0254743099 0.338112772 0.0472908318 0.0144964159
    0.0628173053 0.596203804 0.867709637 0.893664062 0.730344892
    0.0583225787 0.376939297 0.199037015 0.971069694 0.0329745412
    0.558236778 0.301617771 0.940244675 0.0313780606 0.40171504
    0.271258056 0.980289578 0.0851721764 0.364039302 0.65071094
    0.396830797 0.615013182 0.828879356 0.24545002 0.267354041
    0.589020073 0.399345964 0.259426504 0.0544232428 0.874604702
    0.274482727 0.293490827 0.55827117 0.395366699 0.057495147
    0.919760406 0.0681585968 0.124162495 0.202905774 0.475728333
    0.868492961 0.103462368 0.582747698 0.0290165842 0.555279732
    0.518549442 0.594259679 0.998098493 0.803273916 0.315704703
    0.767496228 0.649901271 0.441337198 0.0583249032 0.691375971
    0.870664716 0.405177653 0.563153744 0.736038685 0.904728532
    0.882602036 0.731625319 0.700463235 0.00731298327 0.0232623219
    0.878055274 0.498114705 0.242658108 0.946958423 0.245469421
    0.401232928 0.604966164 0.83419776 0.748282433 0.912741959
    0.617322445 0.591199279 0.96763885 0.821173728 0.0733036995
    0.929186165 0.292537332 0.803598404 0.292789042 0.195786983
    0.129157543 0.395931423 0.603575289 0.84804368 0.480334163
    0.217734963 0.564850926 0.736279845 0.442854464 0.139816612
    0.465551227 0.109033048 0.867621124 0.63435173 0.91330409 0.12685889
    0.206200033 0.809456408 0.00817325711 0.294620514 0.612527609
    0.653891265 0.577159286 0.462274075 0.65898788 0.36035049
    0.883242369 0.953342319 0.719690621 0.309207618 0.517792642
    0.483765483 0.808197379 0.42179656 0.715236902 0.111408949
    0.620760262 0.04489398 0.323804379 0.829339623 0.0594568849
    0.731224298 0.682254314 0.927785993 0.725226521 0.239610165
    0.970750093 0.234129339 0.524499118 0.053132683 0.868459463
    0.170269132 0.846651077 0.34815973 0.678447723 0.724742115
    0.0493802726 0.970194697 0.865917623 0.494207323 0.850724697
    0.370439768 0.494906127 0.928148866 0.846797228 0.147896707
    0.376185268 0.869093537 0.360433161 0.424225211 0.980336189
    0.496529222 0.261721283 0.515233874 0.127259403 0.935533166
    0.863176823 0.567555547 0.926047206 0.245676309 0.695993602
    0.435701668 0.514390826 0.775649965 0.490745366 0.371545851
    0.651028454 0.00142064691 0.610980034 0.283687145 0.979839563
    0.529651999 0.38300997 0.643184841 0.227039218 0.946165204
    0.472837746 0.0113505423 0.949935913 0.125915527 0.670468211
    0.305538058 0.914584756 0.723167419 0.530220151 0.851741791
    0.601745009 0.449751914 0.977839351 0.711975992 0.215868503
    0.165100724 0.772868752 0.26169461 0.830572248 0.895223022
    0.409213603 0.265026808 0.105440289 0.732065082 0.446504891
    3.5315752e-05 0.487178057 0.736742735 0.569193244 0.873689771
    0.2224693 0.0210497975 0.537445784 0.330514431 0.926576614
    0.631456614 0.0564562678 0.972185016 0.743724167 0.612184107
    0.38423714 0.960686922 0.155352741 0.399189591 0.369729906
    0.26760149 0.157696605 0.390696913 0.627339602 0.269409597
    0.592998624 0.267746925 0.103691131 0.518030107 0.715714157
    0.775021076 0.41795364 0.268701792 0.0816480815 0.245694667
    0.685920715 0.858421743 0.904525399 0.644739866 0.924686491
    0.258886874 0.237022996 0.102509379 0.804620385 0.477357298
    0.825482845 0.347640693 0.817370892 0.5154984 0.929930747 0.86314404
    0.47291109 0.727882028 0.187146723 0.980113268 0.5564996 0.165676296
    0.735143304 0.936252654 0.0808871388 0.419602782 0.329791963
    0.169883847 0.410782725 0.400329322 0.650027156 0.452272475
    0.832981229 0.614117146 0.248627871 0.606398165 0.153931618
    0.534223974 0.0880883038 0.274993002 0.097882241 0.901184559
    0.65488863 0.999355316 0.252723992 0.673804045 0.194877654
    0.855573773 0.828779459 0.1583561 0.378332138 0.723902524
    0.142874449 0.21798417 0.988113642 0.328696728 0.432831585
    0.546455085 0.0118215382 0.172475249 0.888440967 0.624025583
    0.460384369 0.061214596 0.178653806 0.935001135 0.944504321
    0.402712643 0.988608122 0.303516209 0.184082627 0.304832041
    0.286887646 0.500513494 0.319276392 0.0723564625 0.291718036
    0.760248065 0.418761581 0.691106439 0.76317668 0.328306258
    0.670048356 0.496220678 0.779480577 0.727448463 0.924055219
    0.680345595 0.878581405 0.408553958 0.701232791 0.0997876823
    0.144419134 0.327753693 0.162997156 0.770293415 0.598873258
    0.00242340565 0.841060162 0.0865077972 0.078586787 0.0476730764
    0.896407723 0.927870393 0.275659978 0.400493085 0.0855181813
    0.240145475 0.757504344 0.160702944 0.534764647 0.364904106
    0.82940495 0.446743459 0.37623468 0.514923573 0.690708041
    0.347354025 0.0741907358 0.659932196 0.761219025 0.291674614 0.35086
    0.603378296 0.22966516 0.906093121 0.849014401 0.959999323
    0.358300209 0.937713265 0.398286372 0.166339159 0.440815777
    0.389080614 0.174726397 0.0705150068 0.0952913463 0.960975707
    0.188107371 0.673023283 0.933791459 0.944664717 0.283212245
    0.965093374 0.0881740749 0.997696459 0.941800773 0.446707964
    0.492047071 0.163642675 0.308362663 0.0220992267 0.652280092
    0.874307036 0.499401808 0.112846762 0.351770222 0.030031085
    0.299282789 0.930783272 0.272445232 0.0427829325 0.496378124
    0.674638331 0.188147426 0.211856872 0.125705451 0.75622952
    0.00283485651 0.785437942 0.807592869 0.803587675 0.794051588
    0.507924438 0.833112061 0.829877317 0.382109165 0.271469831
    0.822185516 0.705832481 0.866625965 0.958301008 0.0326311886
    0.974516988 0.839627028 0.0952071249 0.964114308 0.019901067
    0.833675981 0.70361954 0.778983712 0.131824166 0.0136225522
    0.129512995 0.387540042 0.848932683 0.327190727 0.338401824
    0.491826653 0.629434466 0.148530841 0.133147657 0.799638987
    0.0235542357 0.354278326 0.758728504 0.435435414 0.888571262
    0.930163383 0.748233378 0.955036998 0.0941490531 0.655906916
    0.786529183 0.836874366 0.477277964 0.779742599 0.000149577856
    0.741589665 0.295132875 0.521372437 0.526858091 0.491262972
    0.969088554 0.245463789 0.0543064773 0.196612388 0.609669328
    0.758889675 0.174634695 0.488216937 0.478250384 0.902015626
    0.285593837 0.896656573 0.270042241 0.993836403 0.93999362
    0.702339828 0.862020373 0.399383157 0.150789618 0.751513004
    0.353021771 0.581216335 0.377597511 0.221052647 0.255168766
    0.988526344 0.202828795 0.167373836 0.668147206 0.911186457
    0.912607491 0.0586941242 0.816874504 0.0230515003 0.461712182
    0.678434491 0.565061152 0.697723329 0.729396582 0.803743243
    0.788827419 0.279258341 0.390783131 0.51346302 0.755450726
    0.629943192 0.831685543 0.353660047 0.135405511 0.794156909
    0.799907565 0.154533803 0.911452949 0.0343958735 0.220223606
    0.228483856 0.7974751 0.79209882 0.34896785 0.171157539 0.560465455
    0.0871479213 0.352364004 0.400181919 0.508558512 0.385290682
    0.401778847 0.645286679 0.936844826 0.977369785 0.946739078
    0.107438505 0.497698665 0.424693495 0.0894186795 0.803140402
    0.89293766 0.836134553 0.185157269 0.105239183 0.750265837
    0.60490334 0.923813701 0.63425684 0.446242541 0.254294991
    0.927087903 0.149551541 0.834522605 0.994651318 0.743813038
    0.779352665 0.849547982 0.583793402 0.15465498 0.961648345
    0.92730093 0.781643808 0.623257577 0.18148312 0.186234087
    0.611550629 0.419180185 0.932166934 0.799193382 0.606791079
    0.447522938 0.306491256 0.45557192 0.03948313 0.651366115 0.29697448
    0.745754004 0.415085196 0.708237588 0.583182573 0.623163998
    0.583013535 0.695708334 3.93390656e-06 0.183123469 0.066870749
    0.533131599 0.693207085 0.00325840712 0.294726312 0.98477751
    0.947816133 0.789934516 0.0156611204 0.108480841 0.284502059
    0.989249349 0.927118301 0.0835557282 0.0887739062 0.733066678
    0.302654475 0.430411577 0.540249586 0.334961742 0.723569453
    0.850999177 0.935524344 0.648255229 0.594785273 0.59665215
    0.321697742 0.502328694 0.884389102 0.396232456 0.197928667
    0.776100636 0.231496066 0.333374918 0.532674849 0.679255366
    0.650136709 0.639650762 0.462807894 0.208430469 0.242524117
    0.0783619583 0.0829540789 0.546179831 0.84046489 0.325419664
    0.241827369 0.176949948 0.740803182 0.709387898 0.182345241
    0.263257533 0.0724783838 0.319009721 0.538886309 0.611135423
    0.00552436709 0.988511682 0.416655302 0.143018693 0.334035456
    0.615087926 0.686568797 0.366195917 0.924031734 0.89681077
    0.562321603 0.943605781 0.942879915 0.764021099 0.0871795118
    0.508510172 0.242520839 0.783367574 0.632266879 0.559337437
    0.791337848 0.917159319 0.362959862 0.997787416 0.811181307
    0.551019192 0.352915525 0.545081437 0.783692777 0.0716757178
    0.330944538 0.466227949 0.660388827 0.164161205 0.541960359
    0.0761075318 0.360765636 0.16115126 0.0868342519 0.943339884
    0.763287902 0.634718835 0.445052207 0.0351392925 0.0505022109
    0.516178966 0.460919797 0.464590073 0.576349914 0.927735269
    0.0048904717 0.772443056 0.136294574 0.352798611 0.921352267
    0.385952264 0.669434905 0.71594888 0.0218160748 0.315607011
    0.702642322 0.552256346 0.874126613 0.78104341 0.0788010061
    0.250698864 0.455620766 0.384178251 0.508268952 0.0465971529
    0.735935926 0.958147764 0.832345247 0.25654304 0.00202062726
    0.225686014 0.0996165872 0.478975922 0.102957487 0.139705598
    0.213960141 0.31650722 0.648468494 0.499787897 0.905093908
    0.922183096 0.859847605 0.913671017 0.632648408 0.360149711
    0.255949616 0.628672361 0.0110809803 0.581472754 0.84622848
    0.319217026 0.699536204 0.669923902 0.251383543 0.785235763
    0.203520179 0.913298368 0.149641216 0.0413300097 0.518378913
    0.605881572 0.940750837 0.415766656 0.554263651 0.580724478
    0.487310588 0.790927172 0.966220975 0.895066381 0.648531914
    0.695543051 0.361447394 0.744964659 0.840718567 0.841063857
    0.581364393 0.110904515 0.00944525003 0.389408648 0.0553382933
    0.535586894 0.395861894 0.833393097 0.632197857 0.82139945
    0.336511463 0.179567486 0.0399798751 0.679909825 0.146767706
    0.962622821 0.190266311 0.873275459 0.269040704 0.647281468
    0.914997339 0.00374916196 0.19557178 0.144353211 0.325946599
    0.548114181 0.600733638 0.671786308 0.909190655 0.38466236
    0.38998276 0.74390316 0.999002218 0.317915201 0.0893144011
    0.604887903 0.458690703 0.470009774 0.0374748409 0.0480048656
    0.54459691 0.919225276 0.817672014 0.389347196 0.711119175
    0.595686257 0.331814051 0.884202421 0.730791807 0.86172545
    0.0959042013 0.451074183 0.324267685 0.372764647 0.513269007
    0.0879766047 0.183736116 0.675299406 0.159829885 0.299249381
    0.243117303 0.966992557 0.305301249 0.103537619 0.666160107
    0.288441062 0.174457878 0.422369987 0.880770087 0.0916169286
    0.555835605 0.535195947 0.689483583 0.786574125 0.0790540278
    0.30952853 0.973414779 0.581472874 0.430051029 0.259495974
    0.245163083 0.198480189 0.626173913 0.764206648 0.788306952
    0.220262706 0.357471585 0.504002213 0.799912095 0.5450719
    0.324474216 0.748902142 0.649495423 0.359960437 0.48857674
    0.596551716 0.975390315 0.660499454 0.849996269 0.278859496
    0.540902972 0.34479326 0.990587354 0.672766924 0.160693884
    0.454580665 0.498055309 0.304970443 0.137743115 0.381073833
    0.671750367 0.056609571 0.942747712 0.140697569 0.371345103
    0.950756788 0.493941575 0.713707924 0.436412603 0.0221672356
    0.507033885 0.926305771 0.691674769 0.228601217 0.334585935
    0.786854506 0.0736525655 0.793326795 0.955991507 0.892800093
    0.116415173 0.590299785 0.966872334 0.432061583 0.115152538
    0.730499983 0.300299048 0.424791485 0.838094413 0.685657799
    0.9465518 0.0617362559 0.477450877 0.511113644 0.363278806
    0.597441852 0.58578366 0.0516698062 0.200798064 0.661186516
    0.785728216 0.432271302 0.228415817 0.785991669 0.881466269
    0.106838405 0.577218115 0.439020276 0.271298319 0.787759423
    0.512267828 0.286755115 0.36400485 0.940495014 0.672679424
    0.259292066 0.028842777 0.681115389 0.587689817 0.417828441
    0.17384094 0.0760303736 0.146054506 0.357647747 0.742658377
    0.681369543 0.183921188 0.243835896 0.437542081 0.738527298
    0.482640058 0.989542365 0.492008984 0.985940397 0.337976933
    0.65600282 0.209387779 0.455492467 0.556125283 0.639192879
    0.877284765 0.430465877 0.424675971 0.864300489 0.590551257
    0.184712201 0.272687793 0.553370595 0.452967912 0.702480614
    0.599405825 0.623486757 0.558662713 0.535220087 0.880720139
    0.317082971 0.0338721275 0.909400165 0.279886663 0.241779149
    0.972460032 0.97840476 0.482085258 0.726442218 0.356647491
    0.000931680202 0.461567342 0.70236814 0.0117766857 0.364991128
    0.551624358 0.792225242 0.432109296 0.972540736 0.305642426
    0.88493669 0.827856243 0.550987661 0.780402482 0.849962115
    0.125813067 0.0334369242 0.986340284 0.683336854 0.632817209
    0.265209973 0.87922287 0.125647634 0.408933192 0.357029408
    0.919030428 0.700342655 0.85956955 0.103902638 0.233628422
    0.630069792 0.392698884 0.0939177573 0.461223543 0.122568846
    0.187722713 0.305417895 0.548727155 0.401869237 0.661434233
    0.509470999 0.795092463 0.270037532 0.697949052 0.215497941
    0.732861876 0.169016898 0.750139356 0.609733641 0.556268156
    0.571080089 0.640562654 0.223313123 0.715864956 0.657248199
    0.880577862 0.371410847 0.688332081 0.512804627 0.302360773
    0.989931464 0.199219108 0.99933815 0.169515967 0.540041924
    0.397985369 0.831208825 0.389863044 0.680655658 0.917743206
    0.793210149 0.513094187 0.756184459 0.461683124 0.347498745
    0.643950701 0.913079441 0.333669633 0.384189159 0.489740074
    0.0682770312 0.274273038 0.621010303 0.634449661 0.516732275
    0.452568352 0.665364385 0.0407061577 0.823164046 0.593147516
    0.567539096 0.506921291 0.880127311 0.33877039 0.639085174
    0.0330264568 0.746813774 0.60571146 0.523970485 0.435300112
    0.0216082931 0.31583631 0.721266866 0.998681307 0.55355227
    0.31048727 0.31150642 0.0817590058 0.413823634 0.413057327
    0.189839095 0.0240980387 0.998833179 0.165286601 0.41366142
    0.545623839 0.409849077 0.583328843 0.681182027 0.766039848
    0.330734789 0.391726285 0.479329288 0.70393604 0.0946032703
    0.376235187 0.125339776 0.0711421072 0.766806364 0.393943161
    0.0118007064 0.667007208 0.527326167 0.132848948 0.387527287
    0.43807444 0.484089434 0.431598127 0.151645094 0.170971453
    0.193664193 0.229051739 0.435026646 0.662802339 0.576818109
    0.451966286 0.484170675 0.598863065 0.811814308 0.304289103
    0.706906736 0.678844213 0.445691645 0.89814508 0.0780948699
    0.41151154 0.841813803 0.651970387 0.689835072 0.452260375
    0.0330702364 0.250465244 0.682683289 0.0189495981 0.0426926017
    0.0361834466 0.931579292 0.233206958 0.101823241 0.586532414
    0.25986132 0.302189797 0.370007038 0.13894853 0.1543836
    0.00383478403 0.0227299631 0.90773809 0.137043357 0.446010888
    0.0610933602 0.477652341 0.505456388 0.92051667 0.357295215
    0.244071335 0.645282209 0.0285047889 0.374181747 0.18594712
    0.947234333 0.963526964 0.919846296 0.894252181 0.322395056
    0.734063089 0.289849699 0.615924835 0.383510888 0.29414928
    0.439915776 0.406821728 0.257189929 0.299654931 0.526911259
    0.0207618475 0.259400606 0.678318977 0.0851569474 0.35523814
    0.154653311 0.323218524 0.227230519 0.232511103 0.724343836
    0.300257206 0.571188331 0.0146436989 0.461951047 0.0380315781
    0.491548717 0.482990116 0.236837149 0.620652378 0.51634258
    0.204911649 0.141229272 0.414617777 0.555956721 0.674203932
    0.70026058 0.304721653 0.162471354 0.772627115 0.167787582
    0.0923620462 0.569138229 0.98599112 0.453700483 0.128472239
    0.171329618 0.546913505 0.210500181 0.825149298 0.85954237
    0.352022797 0.585146844 0.55430603 0.216733217 0.809477031
    0.446775585 0.149097711 0.620018482 0.484220058 0.871590018
    0.905329823 0.00436112285 0.316101879 0.910472214 0.614433289
    0.132648975 0.907413363 0.931723654 0.958978415 0.0683037043
    0.927535892 0.212384105 0.276029348 0.506989658 0.628620803
    0.501517892 0.282872438 0.516162872 0.770343304 0.85091877
    0.807697058 0.535830677 0.860699415 0.908840299 0.662006676
    0.151266336 0.0195957124 0.0207792222 0.00285768509 0.754215002
    0.880825996 0.907797694 0.791442156 0.891526163 0.863620698
    0.289653718 0.222086132 0.424682736 0.61398077 0.906568646
    0.281001151 0.714428425 0.33397457 0.877327323 0.525417328
    0.700249314 0.970761418 0.213626474 0.634783864 0.411779791
    0.969389439 0.437643319 0.242074251 0.351405382 0.925401688
    0.230690181 0.797778845 0.0407165289 0.00388211012 0.813008308
    0.655820489 0.700016379 0.519576907 0.767991126 0.502325475
    0.40274471 0.405894458 0.566467941 0.64677465 0.790778816
    0.561553597 0.995886087 0.591044188 0.308878899 0.0965872109
    0.130096108 0.273904443 0.129788727 0.152697414 0.948967338
    0.349171132 0.0821728408 0.541345 0.817786694 0.354299515
    0.250982583 0.807607889 0.290763557 0.845452487 0.0442977548
    0.869011283 0.339067996 0.0120858252 0.39754653 0.204542667
    0.229491115 0.786714911 0.750470161 0.0515591502 0.924140036
    0.278613865 0.897621751 0.788384974 0.524436057 0.229537755
    0.331663936 0.813567758 0.938665628 0.0679095984 0.619999409
    0.115342736 0.748316288 0.43465668 0.130235344 0.217581093
    0.698687553 0.805124879 0.304065228 0.272207886 0.774896264
    0.808578074 0.276825488 0.0734527409 0.71923697 0.0859799981
    0.296678334 0.48835814 0.626337111 0.625645816 0.611086249
    0.151341528 0.47462827 0.110079616 0.81428647 0.981079996
    0.100544631 0.148272514 0.861740768 0.318918973 0.142654181
    0.013091743 0.0334232748 0.116933167 0.0820454061 0.450861871
    0.767233849 0.583645582 0.86510694 0.20462817 0.387691796
    0.717693329 0.401814014 0.751057565 0.582993269 0.483962119
    0.657637835 0.496298611 0.936233938 0.283012688 0.795130074
    0.439916849 0.106590629 0.553703427 0.798904002 0.999885798
    0.621667385 0.659351587 0.246335149 0.492285132 0.29791671
    0.306168646 0.0584362149 0.69136554 0.0829903483 0.868807435
    0.904054463 0.574242711 0.44374761 0.674879432 0.515498579
    0.961199641 0.663079381 0.197869986 0.447470754 0.8579247
    0.714454591 0.59467876 0.823371768 0.821003973 0.148805887
    0.255425751 0.226352334 0.714940965 0.409808874 0.676735461
    0.532497823 0.441768259 0.0771661103 0.880556345 0.362936914
    0.847028315 0.598544538 0.807323515 0.819314241 0.328487277
    0.124059439 0.650528073 0.266480505 0.873471022 0.161471307
    0.28124392 0.78774631 0.896737874 0.337412328 0.191357344
    0.491535664 0.497033536 0.137403071 0.464845598 0.776070714
    0.832582593 0.191697687 0.917198777 0.0304124355 0.297375023
    0.506558239 0.998714685 0.999451816 0.0339513421 0.0930147469
    0.229209721 0.584773004 0.425245881 0.85154438 0.76541245 0.68858546
    0.585384905 0.510080099 0.574539721 0.30120939 0.731554925
    0.778448641 0.22877124 0.0463443696 0.312343001 0.356327146
    0.0288464427 0.305745363 0.369613558 0.00283920765 0.0301147699
    0.0525327623 0.759201646 0.657992601 0.263695896 0.939457417
    0.177308738 0.935298681 0.0733646452 0.730740428 0.188390672
    0.771741927 0.313061774 0.869482517 0.89134264 0.3536309 0.812935293
    0.864598095 0.984100461 0.377575547 0.338355601 0.403906733
    0.00688445568 0.0030733943 0.42943728 0.506623089 0.582882106
    0.616417527 0.251859903 0.0451455116 0.496306866 0.816606283
    0.292976081 0.948518932 0.813606858 0.0874973238 0.665142775
    0.363971412 0.645971715 0.98544848 0.728275061 0.361694962
    0.325063616 0.648724973 0.829787731 0.842397749 0.117314279
    0.812416673 0.645915031 0.552310884 0.770001829 0.663288057
    0.0874248147 0.762176514 0.0843231678 0.451093584 0.181666821
    0.652596891 0.383884013 0.428983033 0.726372778 0.9631598
    0.366897404 0.0720611811 0.82269007 0.306136429 0.0995594859
    0.502178609 0.867897987 0.561279595 0.224984497 0.758786142
    0.620924592 0.896267176 0.207293004 0.613948643 0.691595078
    0.935757637 0.404197216 0.317277372 0.226225138 0.175945669
    0.769032955 0.601394236 0.21031487 0.0438575745 0.450173408
    0.163384944 0.14002651 0.498826683 0.562643886 0.14507848
    0.932807326 0.348910242 0.997405171 0.423052281 0.19520849
    0.821981192 0.264012098 0.156965137 0.809354186 0.807111859
    0.41310823 0.965292931 0.408878386 0.346399724 0.0666751862
    0.905893087 0.754301727 0.444364101 0.13047874 0.260640472
    0.188003004 0.833948016 0.816568792 0.539751112 0.563798249
    0.308548748 0.675103664 0.664968371 0.746483862 0.906725466
    0.67312175 0.130297273 0.2251921 0.325661033 0.382062823 0.998451948
    0.499940366 0.587699533 0.177790254 0.445617318 0.742391288
    0.21987462 0.00492990017 0.968887568 0.267860979 0.382766664
    0.725079596 0.913951218 0.610699534 0.30367434 0.469995439
    0.157129496 0.659998477 0.329782486 0.640133798 0.166759759
    0.384975642 0.081069082 0.337121308 0.771302104 0.533660591
    0.0217950046 0.366885364 0.445828259 0.865956783 0.329740047
    0.907177031 0.579799294 0.781136274 0.594210327 0.328005522
    0.214674175 0.923055887 0.752731085 0.0607992411 0.693830013
    0.595170379 0.0820867419 0.0250083804 0.140365154 0.406804442
    0.434483349 0.521561444 0.30586803 0.631075501 0.5745579 0.575329721
    0.938259363 0.861947894 0.874298096 0.898425221 0.506936729
    0.967285991 0.371637285 0.423013091 0.515580177 0.86918807
    0.771788359 0.6791538 0.655644178 0.941410303 0.748713553
    0.0382833779 0.0473484695 0.55409658 0.0030426383 0.496740192
    0.439923316 0.35126844 0.882791758 0.712537825 0.560914278
    0.259225667 0.328788757 0.543559432 0.529543519 0.318903208
    0.905712008 0.412278712 0.474368185 0.696582675 0.376626492
    0.964482963 0.00205910206 0.348852515 0.833855391 0.554484248
    0.403082669 0.225217909 0.257377982 0.0736208558 0.463193923
    0.0920759737 0.352429092 0.517038643 0.172777832 0.373248756
    0.870815039 0.0772268176 0.268285424 0.833535314 0.7495116
    0.0856164992 0.305814356 0.877334476 0.514869452 0.622533321
    0.123429596 0.372860968 0.690400541 0.329712689 0.327184319
    0.188424259 0.0565511882 0.823194742 0.152681798 0.900287867
    0.705963612 0.219714642 0.884404302 0.71635282 0.279414117
    0.767189622 0.54442656 0.897065282 0.863765061 0.872454166
    0.202930212 0.689113021 0.0437301099 0.835211158 0.0126240253
    0.899584353 0.148629278 0.466132224 0.646986544 0.926464915
    0.296042413 0.848937035 0.283343613 0.352015465 0.0245602131
    0.478682339 0.753405452 0.643468142 0.608043194 0.581955969
    0.700011611 0.696110547 0.527811527 0.0173054338 0.7727561
    0.537997425 0.882341981 0.498823702 0.841666102 0.473024577
    0.846085608 0.795797467 0.844039202 0.269857168 0.705433369
    0.0363951623 0.794545054 0.0225971937 0.831613421 0.159357995
    0.312390953 0.180256814 0.537740707 0.237257332 0.558630228
    0.82030046 0.771388054 0.805638671 0.336364031 0.925379753
    0.0678618252 0.972042263 0.563200593 0.296916783 0.315101027
    0.0811372697 0.711808562 0.0372863412 0.0790262222 0.0449317396
    0.202647567 0.682667315 0.735580206 0.349703461 0.993605971
    0.291250795 0.890249312 0.0954786837 0.281790555 0.693264842
    0.324679554 0.345957756 0.479394555 0.57634753 0.585654378
    0.733780324 0.786046147 0.138043553 0.476454049 0.275594682
    0.860916853 0.409268856 0.820125282 0.0406923294 0.287959516
    0.711831808 0.986814618 0.597140789 0.266543508 0.66061306
    0.188529164 0.164623231 0.697113037 0.0203167498 0.585777283
    0.0601915419 0.471179336 0.399287403 0.69358176 0.98450613
    0.750258923 0.705752611 0.523701668 0.0472295582 0.0522397459
    0.701198459 0.31149292 0.105568379 0.969709098 0.925675035
    0.252457261 0.449000239 0.426679254 0.669199824 0.596467972
    0.0239717066 0.59308672 0.50936383 0.0835149884 0.384442419
    0.0178340971 0.827877164 0.805190206 0.379090816 0.293788433
    0.437167883 0.41383794 0.516673863 0.223044872 0.550402105
    0.632538378 0.170708537 0.293459982 0.29178679 0.406623304
    0.231626332 0.905763924 0.841492057 0.982271492 0.721252799
    0.238442332 0.885057032 0.376293361 0.918364644 0.458747208
    0.380366862 0.596107423 0.525867522 0.313306361 0.737262428
    0.300573111 0.888700724 0.900199533 0.617876649 0.0798858702
    0.839975119 0.910898745 0.436486304 0.860784054 0.990268469
    0.27859053 0.78347671 0.0306016803 0.888175249 0.902432323
    0.298418462 0.833192348 0.670087516 0.93348968 0.411393881
    0.260491729 0.986177325 0.461671054 0.974943638 0.00102365017
    0.93323791 0.968058944 0.724894404 0.899008572 0.852890134
    0.468057543 0.797980309 0.450897813 0.52502054 0.736207724
    0.25579524 0.273856461 0.929015756 0.371771157 0.052413851
    0.969193757 0.928843141 0.374410331 0.261340261 0.582066894
    0.702407897 0.343040884 0.0127668083 0.166338474 0.97725141
    0.181554407 0.208802104 0.818370223 0.513079584 0.328009814
    0.145922422 0.423531175 0.874078453 0.258960783 0.338568926
    0.191173583 0.368808866 0.92119801 0.0836821198 0.856818557
    0.212529421 0.0507256091 0.467344612 0.355206013 0.0655226707
    0.557917655 0.537063718 0.0949641466 0.702077389 0.566705227
    0.950183034 0.571092069 0.186158895 0.756827474 0.761265159
    0.399279892 0.411260307 0.949910641 0.0453523695 0.667282701
    0.350737602 0.843256831 0.866337478 0.440597385 0.388375282
    0.413024843 0.824774981 0.917053223 0.663219452 0.815419257
    0.731704533 0.491003245 0.228423804 0.114194542 0.659280121
    0.424972832 0.676395893 0.154357731 0.0631157756 0.373438895
    0.895525455 0.312186211 0.249941111 0.00313824415 0.6030913
    0.673893452 0.637920499 0.582924783 0.786632299 0.852152228
    0.7902776 0.501140773 0.116225898 0.577537417 0.0489561856
    0.542072594 0.932665229 0.745135188 0.82406497 0.825308084
    0.527062833 0.338000536 0.443616867 0.0510850847 0.998320639
    0.159487009 0.293200105 0.42109251 0.112298578 0.326839328
    0.0224145055 0.891473234 0.701584637 0.964211583 0.82035172
    0.408453941 0.464457721 0.598182142 0.574852645 0.31471926
    0.714061141 0.568311453 0.546905935 0.41883561 0.222240269
    0.764211059 0.720708728 0.313481182 0.87969172 0.292037606
    0.22657156 0.653489232 0.984927475 0.543022513 0.494675845
    0.836444259 0.172663331 0.0647925138 0.0370349586 0.693134129
    0.875661969 0.916751862 0.88375777 0.317050278 0.651456416
    0.113622427 0.495135635 0.111645877 0.243388444 0.291475266
    0.00577875972 0.000281959772 0.61819768 0.960985541 0.337350667
    0.501333892 0.614277303 0.328409255 0.146112859 0.0984941721
    0.842875242 0.513301432 0.268563986 0.985307455 0.319638133
    0.77048099 0.571258545 0.421155244 0.379171997 0.250863224
    0.458359957 0.863252938 0.813185215 0.960754633 0.455540687
    0.595820606 0.0328193009 0.307216883 0.0651775002 0.296576351
    0.93788743 0.295720398 0.0813320875 0.200490624 0.211092204
    0.764310122 0.403702676 0.226859361 0.596900463 0.521492422
    0.555786967 0.267791271 0.438450813 0.200645447 0.983841062
    0.769250631 0.910705864 0.271650493 0.822755992 0.442290366
    0.316236824 0.0944799185 0.521233559 0.564792156 0.161296993
    0.407615006 0.788133621 0.775991142 0.016741991 0.495191157
    0.14691776 0.250131428 0.382294655 0.286217749 0.561718881 0.5976969
    0.341765851 0.482240438 0.445116222 0.997376561 0.51588279
    0.425723076 0.354365349 0.0173661709 0.733661771 0.41090408
    0.343290687 0.505072773 0.568722963 0.0209122598 0.250205934
    0.131709635 0.756862342 0.0735131502 0.010571152 0.75970304
    0.504566848 0.543166995 0.526127815 0.914914191 0.633425355
    0.496409357 0.234659076 0.622041047 0.368817419 0.202105343
    0.0202279687 0.448908865 0.25900802 0.940562963 0.169627339
    0.163208634 0.453154087 0.989455223 0.343156397 0.724918962
    0.974500775 0.312477887 0.467287123 0.915173054 0.892448306
    0.436438203 0.148819298 0.5323897 0.108208805 0.928496599
    0.180211663 0.938488424 0.507869065 0.861320019 0.306691021
    0.67593497 0.794311345 0.658559501 0.0848753154 0.827238798
    0.233661026 0.73979944 0.914386749 0.271476805 0.882162809
    0.784424901 0.454464376 0.87486279 0.980288029 0.44341284
    0.972044826 0.511155546 0.0619358718 0.315889776 0.864031374
    0.396555364 0.79207468 0.890153825 0.434123546 0.657341838
    0.989114344 0.946608126 0.222900778 0.808273673 0.46324265
    0.0694594681 0.295126706 0.214202851 0.895005107 0.777061582
    0.765780389 0.931068182 0.119129837 0.428192407 0.355824739
    0.502219081 0.603568316 0.465188503 0.39666158 0.485945612
    0.60678792 0.562449157 0.264448106 0.619476795 0.668979704
    0.802914023 0.923477054 0.230287641 0.323228359 0.670201302
    0.363118529 0.911007285 0.135258734 0.819376469 0.263200581
    0.893029451 0.470108211 0.227516085 0.317234725 0.439299256
    0.418088943 0.552845716 0.0621670485 0.418965727 0.0921250284
    0.574287713 0.206482291 0.745702505 0.397310436 0.15334025
    0.658230603 0.148828536 0.278317153 0.47741887 0.879735827
    0.343571544 0.0673160553 0.940434992 0.711660028 0.596724093
    0.963787913 0.626110792 0.714635253 0.13241449 0.897029102
    0.470175534 0.870921135 0.569604754 0.806276798 0.628719449
    0.271793664 0.631551802 0.0612838268 0.908191085 0.973508179
    0.397911429 0.159489214 0.995491385 0.682868481 0.839400232
    0.221920252 0.416915178 0.440483272 0.277584195 0.0831037462
    0.961299419 0.285592735 0.252989888 0.304480076 0.461033881
    0.659731984 0.0329150259 0.323592961 0.592523336 0.861730635
    0.355380148 0.249833345 0.889384985 0.655496657 0.141287059
    0.0270393193 0.783890545 0.0317507088 0.547553718 0.263639808
    0.803135633 0.647161901 0.0435233116 0.698149741 0.831174791
    0.478863031 0.452876359 0.428796858 0.580860734 0.302418858
    0.863777161 0.347643882 0.708362818 0.856948614 0.523634434
    0.802593291 0.786942959 0.790892541 0.824256897 0.581629932
    0.750771642 0.363073826 0.618523836 0.477039695 0.100930661
    0.483703226 0.324994445 0.36024183 0.902964771 0.517832577
    0.533581555 0.607237041 0.738025188 0.0652235746 0.658735514
    0.89111352 0.927809954 0.528194129 0.191635698 0.475588888
    0.342815697 0.0687091947 0.0591621995 0.622695625 0.849279761
    0.600537598 0.561483026 0.949286103 0.842081308 0.178278387
    0.273472786 0.779084623 0.427389979 0.0997976065 0.075480938
    0.317896783 0.776009321 0.416709781 0.0655260086 0.937678933
    0.672275305 0.255299628 0.829472661 0.956149518 0.295662582
    0.894612432 0.96965158 0.542056203 0.371388018 0.556306899
    0.586675942 0.842492104 0.201616079 0.681082964 0.844814241
    0.191954166 0.553590536 0.24898383 0.909448147 0.174543291
    0.780586481 0.872398734 0.72718519 0.521381557 0.86434412
    0.714509249 0.318875611 0.445312738 0.494692475 0.551601648
    0.0394234657 0.345490754 0.0348345041 0.524469018 0.30255419
    0.0547308624 0.958406329 0.579597533 0.926259041 0.214452744
    0.711308956 0.681172669 0.497350305 0.429201722 0.630798876
    0.982800007 0.878761053 0.922651649 0.560446978 0.78513217
    0.562808514 0.0963186622 0.096324563 0.610427082 0.796684444
    0.799723744 0.336632252 0.323020637 0.0214323997 0.585267365
    0.256365418 0.0799868703 0.632735372 0.0805703998 0.536186874
    0.0858001113 0.634068429 0.0424853265 0.587740541 0.755965531
    0.50765866 0.426146448 0.416907847 0.243679702 0.44926241
    0.296631575 0.959940434 0.548325121 0.121435285 0.473689705
    0.928552628 0.131879032 0.440423548 0.899667978 0.982856333
    0.217029393 0.0593189895 0.0604371428 0.30777514 0.824290037
    0.266696334 0.558320105 0.105299264 0.273307264 0.652411222
    0.0641520321 0.773578167 0.0356433988 0.82185936 0.641334713
    0.816091657 0.730126262 0.736464977 0.207236469 0.909838796
    0.75865078 0.94321084 0.230212718 0.769811392 0.765881002 0.82132268
    0.457430184 0.0555171967 0.818137288 0.599090636 0.733022809
    0.0447869897 0.831006885 0.978702724 0.822652817 0.399264365
    0.273190975 0.284144402 0.364421517 0.761249423 0.464674503
    0.811331034 0.891919434 0.369162321 0.985681891 0.17508322
    0.451654792 0.413876235 0.857171714 0.80679971 0.936637938
    0.485842437 0.343851238 0.268158793 0.29960081 0.984783888
    0.232291341 0.1760526 0.0670696497 0.814329684 0.844645739
    0.160897523 0.956629872 0.521718621 0.413387537 0.451274037
    0.458579838 0.956171751 0.629771471 0.010199219 0.639139414
    0.854563475 0.684514999 0.0564649403 0.687433481 0.559859931
    0.137987733 0.404681504 0.154322982 0.719815195 0.240075767
    0.98161757 0.539494991 0.222222477 0.819052398 0.241128772
    0.270520926 0.845363736 0.523905933 0.995373607 0.282976151
    0.190430045 0.717495382 0.2455405 0.235661298 0.428977013 0.30199191
    0.546079338 0.469097704 0.08932814 0.278678775 0.974832058
    0.522394955 0.819553673 0.102623999 0.211032391 0.471036553
    0.37758112 0.781249166 0.305363178 0.577987432 0.223897785
    0.441912711 0.425923407 0.482258737 0.0885436535 0.408396333
    0.597360671 0.24349615 0.247224182 0.694469869 0.363023221
    0.257130176 0.881790221 0.602867723 0.0888130963 0.370028377
    0.303401858 0.493542075 0.210175216 0.469060719 0.761321068
    0.644895256 0.869342208 0.653864861 0.170818746 0.256854296
    0.077775985 0.769961119 0.481272131 0.485382944 0.963509202
    0.351922542 0.789117455 0.839635015 0.669860542 0.998792648
    0.480014324 0.685387611 0.899168849 0.0200135112 0.0308833718
    0.691627681 0.204609811 0.773436129 0.0107534826 0.709940135
    0.354721725 0.297774255 0.308724821 0.571664035 0.0672414601
    0.525599599 0.269707114 0.506044388 0.18911019 0.275604814
    0.705401659 0.984351635 0.242861569 0.223678589 0.701754153
    0.840945423 0.454872608 0.683901012 0.937371731 0.998804331
    0.032410413 0.672351778 0.144129455 0.250966072 0.138357908
    0.0980465412 0.594604373 0.0329357386 0.30383116 0.419627309
    0.952239156 0.626348495 0.456872672 0.500387907 0.841015697
    0.518970072 0.0392278731 0.495990753 0.638597667 0.447758764
    0.622321904 0.4388071 0.451711178 0.0539900959 0.806625724
    0.880736053 0.0838041008 0.782071829 0.63991183 0.282863975
    0.457506537 0.262419939 0.326765418 0.892230272 0.642358303
    0.970793486 0.490759343 0.957255244 0.560146689 0.204507262
    0.945756078 0.795645058 0.510629296 0.725398302 0.890847504
    0.631333411 0.645635366 0.738012552 0.732673109 0.148054779
    0.369464993 0.694545746 0.351576924 0.669103622 0.497551739
    0.410460889 0.351100624 0.539406836 0.647320211 0.0927925408
    0.99562037 0.741505384 0.389966071 0.760549545 0.412089407
    0.152208626 0.284620047 0.348715901 0.0515190065 0.28875047
    0.560694993 0.637723923 0.9917714 0.116675675 0.299356133
    0.691379309 0.359944254 0.0608459115 0.946699739 0.463609844
    0.0902307928 0.0332475007 0.276568294 0.419644177 0.0592407584
    0.214164704 0.441346407 0.951316476 0.0563122034 0.640126467
    0.115720659 0.0402325392 0.457710415 0.594525874 0.559848309
    0.556284785 0.875700474 0.85264343 0.0587352514 0.969546437
    0.61988157 0.198105305 0.828856349 0.750174999 0.407541633
    0.707543671 0.657359123 0.392137647 0.307957917 0.398295134
    0.924637437 0.664977133 0.597034931 0.81502378 0.68610692
    0.536083639 0.334001899 0.320773005 0.0845482945 0.103879511
    0.95777607 0.121238351 0.450154603 0.0887727737 0.0819094181
    0.242282301 0.81800437 0.141275555 0.608179152 0.426989257
    0.283876657 0.909328699 0.641962469 0.0364701748 0.799423695
    0.0954741538 0.799029291 0.443795294 0.188811302 0.691654205
    0.267416596 0.729706466 0.626124382 0.791496396 0.514942765
    0.820190072 0.530023217 0.947862983 0.487272829 0.86390692
    0.804505825 0.0766902566 0.993537128 0.258087993 0.379210711
    0.820643425 0.226864457 0.836325526 0.9550789 0.0345530212
    0.527931452 0.433838964 0.600702286 0.713100076 0.85550034
    0.0996257067 0.731015205 0.884730041 0.857834578 0.212669849
    0.892200232 0.40503636 0.910345674 0.486234158 0.154901505
    0.415425479 0.591566205 0.455993682 0.338383049 0.561267018
    0.404287875 0.864108801 0.547757983 0.946789384 0.21585393
    0.398479342 0.786593199 0.120631993 0.670712173 0.810110092
    0.156265616 0.053355664 0.467109084 0.917785525 0.23491019
    0.948116899 0.900725842 0.484257907 0.311716884 0.54340291
    0.238442779 0.206236631 0.0379588306 0.493955255 0.715125144
    0.193280429 0.945828676 0.971927166 0.98522687 0.17855382
    0.139254659 0.396624863 0.432575405 0.709009528 0.302444965
    0.378454834 0.0120248795 0.471642226 0.223131627 0.049179852
    0.669813275 0.0968551934 0.470433742 0.93300736 0.412696272
    0.15932864 0.264209747 0.783759117 0.0471870601 0.488868028
    0.794297159 0.881621897 0.250736833 0.535202205 0.269010782
    0.841391861 0.59576261 0.763905883 0.127503037 0.292256653
    0.143251747 0.0776121318 0.722537279 0.403620332 0.424922258
    0.608877361 0.752943635 0.600323498 0.220436305 0.778218806
    0.515474916 0.307328284 0.548493207 0.980859995 0.387779951
    0.00993868709 0.668259263 0.531739533 0.827796161 0.25928691
    0.791047573 0.573355556 0.46971032 0.211600155 0.963484704
    0.774363637 0.969120502 0.416614324 0.804284334 0.117593944
    0.323307753 0.340452433 0.207777023 0.0862074196 0.112828285
    0.0125200748 0.346401274 0.849507213 0.950230956 0.643170714
    0.338972002 0.145081878 0.224403888 0.0105897188 0.459598303
    0.355557293 0.0749488473 0.289230257 0.649975479 0.973860025
    0.0335114002 0.828385592 0.463455915 0.68642056 0.0628792048
    0.143943042 0.849455774 0.951022387 0.614406705 0.771774709
    0.605412483 0.717086196 0.355338722 0.296662778 0.973249793
    0.345857382 0.294978678 0.46578449 0.960039198 0.754193485
    0.996330261 0.448872685 0.727640033 0.734924018 0.36083129
    0.474985957 0.917414427 0.990478992 0.632651925 0.227692813
    0.0165893435 0.635198951 0.813571215 0.527520716 0.277890801
    0.365598023 0.438920557 0.823646128 0.850531578 0.420864731
    0.429038644 0.141728371 0.285252512 0.460198104 0.179160804
    0.781519592 0.434113979 0.719884038 0.375334322 0.339378327
    0.0506729782 0.260666251 0.686957896 0.417341232 0.0146665871
    0.242991567 0.974675298 0.40785858 0.928046584 0.99139142
    0.279940784 0.448756874 0.996393323 0.38527444 0.735598028
    0.976741493 0.779256701 0.614459634 0.993895888 0.959110439
    0.600536883 0.784905195 0.142593205 0.922823906 0.69546622
    0.164475024 0.882343769 0.717511237 0.901221156 0.524125934
    0.291912496 0.614526808 0.479922593 0.217097014 0.8724581
    0.793970346 0.667852581 0.730594754 0.224662215 0.790479064
    0.792763829 0.623853981 0.454344839 0.873514056 0.534384251
    0.44889462 0.851884604 0.147106856 0.789667606 0.857837439
    0.36758244 0.481824815 0.193267107 0.470731705 0.136168361
    0.180667192 0.853833675 0.808986664 0.900734186 0.0746018291
    0.835822105 0.445034623 0.791675568 0.612253666 0.5721035
    0.829859495 0.427562654 0.702884197 0.349590361 0.281555086
    0.32068491 0.86223805 0.827712536 0.404660285 0.88844043 0.738526702
    0.535350502 0.0880162716 0.0172045231 0.486185551 0.971277475
    0.192465633 0.889914036 0.0111064315 0.440992683 0.159703314
    0.160425663 0.00591576099 0.872752309 0.857477784 0.979165196
    0.0495443344 0.446754575 0.465873718 0.89231658 0.280297875
    0.875833571 0.61003828 0.609761477 0.839949369 0.974190354
    0.868413925 0.716218531 0.376297265 0.0333299637 0.902127385
    0.929758132 0.326832414 0.0310417712 0.75842613 0.473564625
    0.976847053 0.0671754181 0.541927278 0.621868134 0.966422737
    0.326175749 0.77738905 0.589482844 0.963110924 0.926871121
    0.512291491 0.449616224 0.976126909 0.50502342 0.434689164
    0.565803647 0.0244975984 0.848856747 0.64821434 0.0447404087
    0.639161885 0.0514306426 0.949612677 0.129169583 0.53747648
    0.342254788 0.436532706 0.282473773 0.679772317 0.397520125
    0.559357345 0.964269817 0.0171103477 0.81522572 0.372762918
    0.993183494 0.777475595 0.577673674 0.865880191 0.316161871
    0.294746935 0.110937655 0.158274055 0.916561782 0.84573108
    0.0173224807 0.624191105 0.763733983 0.703629494 0.575328767
    0.0425129235 0.171879053 0.825569868 0.644844294 0.382148832
    0.389956117 0.941582561 0.221505314 0.90487957 0.236590028
    0.824305296 0.159243524 0.476470888 0.213604957 0.709503412
    0.833700061 0.953174531 0.479300767 0.163749874 0.190910548
    0.608080924 0.238436669 0.58728689 0.635229349 0.495440841
    0.0553950667 0.905429721 0.468012094 0.565617442 0.0543724597
    0.394456685 0.259367138 0.465418518 0.509214818 0.278404742
    0.774573445 0.723521471 0.375920415 0.709427118 0.119312555
    0.397701025 0.0420324504 0.813067973 0.668521345 0.905781507
    0.371858537 0.28997314 0.780692935 0.446393639 0.438279301
    0.92283535 0.284096241 0.4161084 0.923293591 0.361044943 0.985672832
    0.131570071 0.793877304 0.314913869 0.265819252 0.467779458
    0.785455585 0.914256811 0.469680279 0.204184651 0.0904940069
    0.538987577 0.223126888 0.00526404381 0.438490123 0.788637221
    0.971704364 0.798903942 0.461119264 0.622653425 0.418605238
    0.605995476 0.0144176483 0.0615292788 0.463807106 0.103792608
    0.861931682 0.291923583 0.937396646 0.626370013 0.647511244
    0.478493631 0.0761075914 0.12353456 0.935893536 0.817288935
    0.142580658 0.135541677 0.849338472 0.777433217 0.267251253
    0.925761104 0.17674765 0.184184313 0.777671397 0.537544966
    0.953748941 0.66600436 0.515473187 0.805988431 0.000518500805
    0.834121943 0.537058115 0.844339371 0.470366746 0.16750899
    0.311946362 0.90904206 0.0916529596 0.502048016 0.116155475
    0.850117266 0.209387779 0.0986383259 0.160803765 0.719651222
    0.782938242 0.994060397 0.33717519 0.309170365 0.546506584
    0.155706614 0.997953176 0.680800676 0.537960649 0.0202393234
    0.610896647 0.115903497 0.116162479 0.357938081 0.523580968
    0.428351223 0.126731128 0.418646991 0.268874109 0.666015267
    0.859551311 0.853260159 0.95443362 0.480279028 0.830064058
    0.995628119 0.854404092 0.120232403 0.885628283 0.731617987
    0.704900205 0.597852468 0.428080678 0.622640014 0.978945494
    0.844413519 0.28952229 0.717699289 0.0671139359 0.552993834
    0.90370512 0.778734028 0.203502655 0.990670145 0.492007107
    0.0367315114 0.0653362274 0.22527799 0.938956618 0.759789348
    0.269272119 0.862845302 0.383262396 0.237537801 0.937289476
    0.234498501 0.4560332 0.487999439 0.390684128 0.7778126 0.251387149
    0.110884428 0.336099803 0.134324878 0.880788624 0.274352312
    0.694574654 0.344413996 0.17162466 0.429845601 0.705526233
    0.721152782 0.640358448 0.315153837 0.45706436 0.829298973
    0.114789724 0.701348782 0.67979157 0.0243803263 0.553691745
    0.521052778 0.481148571 0.170896947 0.250579655 0.0335031748
    0.0194240808 0.835898161 0.215001255 0.362470835 0.780046582
    0.185614884 0.463272184 0.24676916 0.448348612 0.358739614
    0.241612732 0.554830611 0.839590788 0.996335745 0.127640575
    0.321684897 0.778830469 0.415356874 0.20328486</data></test_img>
<my_img type_id="opencv-matrix">
  <rows>128</rows>
  <cols>256</cols>
  <dt>f</dt>
  <data>
    -0.14244166 0.290427566 -0.221931249 1.4957118 0.70659709
    -0.0491595864 -0.267915696 1.52339125 1.42506742 0.0818680525
    0.907679796 0.656115532 -0.686924934 0.222194731 0.217586815
    0.0283327103 0.227576494 1.18951488 -0.718866825 -0.18936944
    0.658731878 1.13843918 -0.0167162418 -0.644327343 -0.0360785723
    0.988665402 1.40109849 1.10284352 0.525640011 -0.345923871
    -0.0367611051 -0.426116198 1.03150845 0.970359564 0.588538587
    1.41634035 1.19648719 -0.379293799 0.787899733 0.075407505
    1.34427273 1.45827556 0.50838238 0.29982084 0.525296926 0.834708214
    0.536101282 1.08894014 -0.629314005 0.855255008 1.46809101 1.1005795
    -0.669643581 -0.0162428617 0.475327075 -0.702229619 -0.151306987
    1.6572361 0.800118446 1.37812924 0.320196688 1.49632335 0.936303616
    0.908158839 -0.609528422 0.516260147 0.420015037 0.990524352
    0.234757602 0.389177918 0.470084548 1.53775728 1.33460808
    -0.000429272652 1.19832635 0.544386029 0.246771932 1.31719184
    1.48363757 -0.280890405 0.551457524 0.126422942 0.400095344
    0.902419984 0.420206606 -0.608951926 -0.0341072083 0.0616337061
    0.804998934 0.82230413 0.470739841 -0.595787168 0.477869749
    1.05690205 1.47457373 0.288931072 -0.114688635 -0.19107011
    0.895599604 -0.323891252 0.762826324 0.970952332 1.30695581
    0.794615865 -0.0346924067 -0.0991493464 -0.318553358 0.912995577
    1.73330259 0.253029764 1.34727418 0.2690503 0.997537732 -0.355065286
    1.24284232 -0.674705505 1.38743496 0.329611957 0.424413264
    0.212947607 0.742866874 0.257407367 -0.651706934 0.0554174781
    1.44338584 -0.59393692 0.459296882 0.801095724 -0.194170773
    -0.785389841 1.62487626 1.33450985 1.46386158 1.43908656 1.43897223
    0.453975976 -0.222170174 0.54998517 -0.663550317 0.765601337
    0.27102679 1.25339603 -0.291428626 0.0171125531 0.72488153
    0.413631082 1.2857579 -0.0262802243 -0.652739465 0.372638643
    1.5178051 1.64373648 -0.0502024889 0.328856051 -0.171125412
    0.683399141 -0.50765115 0.470787108 1.4773283 1.5789398
    -0.0722212195 0.0171067715 -0.571339011 1.38606215 1.64508522
    -0.304351449 0.685166419 1.31728363 -0.156597316 1.11051285
    -0.468872577 0.0120871663 1.08660281 0.101822615 -0.0644317269
    -0.182150126 0.353599846 1.01354146 1.73891711 -0.712172151
    -0.70958966 1.17307377 0.908596754 1.41993511 0.451328874 1.6495409
    -0.525326312 1.24123812 1.00310826 0.370029688 -0.0183342695
    0.60675776 -0.25270915 0.524601519 0.354007542 0.385430157
    1.17302799 0.984388947 1.3507036 1.23379135 0.47880125 0.216008008
    0.989544749 0.0248078108 -0.0911790729 1.38507819 1.19753754
    -0.701776147 0.278982401 1.45881951 1.78378177 0.797803819
    1.61121881 -0.0668556094 1.56990206 0.825547934 0.152055383
    0.555543542 1.00628066 0.552649558 -0.10665524 0.619586289
    1.27598619 -0.81868732 0.106536746 1.30938447 1.11046386 0.142673969
    -0.794608355 0.0999760032 0.890602112 1.7130928 1.60737586
    0.0979796052 0.762461543 1.70044756 -0.611567855 1.06269336
    -0.423557222 1.38760889 0.226343811 1.69323015 0.173602879
    0.110273898 0.129024804 1.55761623 -0.243394077 0.125264585
    1.46793282 -0.288185984 1.49067318 -0.116557777 0.190190732
    0.121233225 1.01047564 0.883752465 -0.569263518 -0.509946465
    -0.29630813 1.07723117 0.215454757 0.763940454 0.161551297
    -0.371412128 1.50995266 0.538913667 -0.127975225 0.0883437991
    -0.262926996 0.604657412 1.68038177 0.350715339 0.0667054057
    -0.343671411 0.755572081 1.75355184 -0.162710309 1.38140559
    1.43240941 -0.303523719 1.27057528 -0.242279172 0.21808207
    -0.140821218 0.276125431 1.12896192 0.953980982 1.77198339
    0.691073179 -0.747761786 1.18919206 -0.157259703 0.408193707
    0.0517129898 0.356593788 0.619459867 -0.752550483 -0.101624727
    1.0360949 1.08152997 -0.368879795 -0.516836643 1.48978662 1.81668305
    0.266459823 0.210253179 1.70684421 -0.62643224 0.260743618 1.3174001
    -0.0912616253 1.2026248 -0.765447795 1.23029447 0.658646107
    -0.697097361 0.960052729 0.805387497 -0.505377531 0.345864236
    -0.546893597 0.796421885 0.121665061 1.29932666 1.33940959
    0.195198536 0.917876184 -0.175609946 -0.792289197 1.34585679
    0.748970687 -0.552904665 1.64142632 1.26209736 -0.309592545
    0.712503076 -0.490991592 1.2659874 -0.254658282 -0.0208089948
    0.107021511 0.135256231 -0.164278448 -0.270074785 0.639438987
    0.153253019 0.344229579 -0.436834127 -0.497015089 1.20112967
    1.60180473 0.752741992 1.03494239 0.249178708 -0.645386457
    1.19910705 -0.122950375 0.494502127 1.52424526 0.976872683 0.3064605
    0.311738074 -0.401964426 0.810921192 1.20274496 -0.00827515125
    0.700417697 0.942638218 -0.347040296 1.55106485 0.338341057
    1.21907163 0.545731962 1.10623789 0.470564544 -0.623107016
    1.85779834 -0.185642421 -0.288918316 0.229290247 0.769593298
    -0.524722934 0.901833057 -0.516895652 1.48007369 0.872872353
    -0.0471696854 1.57584989 -0.290291071 1.51996994 -0.431995779
    1.21439099 0.831760883 1.61298382 0.724839985 -0.636402011
    0.631640911 0.383220553 1.4909761 -0.425703228 -0.392642826
    1.48754525 -0.441066593 0.154576898 -0.51900506 0.303700268
    -0.248322368 0.0538522005 -0.46634379 1.29989696 -0.681300521
    0.482119501 -0.249196112 -0.0473662019 0.239679515 0.130900323
    0.744141698 0.569668174 -0.234014243 -0.49041748 1.05231941
    0.558851957 0.367468357 -0.20622316 1.22612834 0.437137008
    1.55274451 0.923500717 1.36916852 -0.0823604465 0.393649578
    0.826499701 -0.729630947 0.0971902013 0.683008969 1.25903428
    0.448343456 1.07116055 -0.103331447 -0.893199265 0.140641809
    1.12607932 -0.139428794 -0.192413211 0.610156059 1.52685046
    -0.130493224 0.427463651 1.13475895 -0.63758719 1.16729367
    -0.502303362 0.490148485 1.28929353 1.20925021 0.659213066
    0.00561267138 0.388527274 0.00258237123 -0.379320771 1.34419918
    -0.600119174 0.195668399 1.32352018 0.81679219 1.38241029 0.128573
    1.20637989 -0.244590461 0.923840821 0.291157901 0.599149168
    1.07658219 -0.220175862 1.11762929 -0.694520593 -0.690042615
    0.610223353 0.578878403 -0.71250689 -0.0833305717 1.01071048
    1.24379063 0.906720221 0.545758545 1.32767642 0.801752567 1.30023754
    -0.211785376 -0.0967317224 0.212412953 0.72786206 0.82963866
    -0.207668245 0.934950471 0.770297468 1.57081473 0.482035697
    0.489825606 0.63611424 0.806102574 1.51420903 0.195601106 1.03414345
    -0.317514569 0.585906565 0.780766964 0.969928563 0.397811294
    1.7657249 -0.0686207414 0.1505723 1.80903792 -0.213636905
    0.141405761 0.437649131 -0.336897969 1.48968959 -0.543751895
    1.87369215 -0.0626494288 -0.470134825 0.977634311 1.49908519
    0.739949167 1.45827067 -0.66489619 0.473818779 0.451068521
    -0.657172501 -0.656343222 0.501710832 0.57505852 0.90205133
    -0.562725604 0.46244067 1.1014843 -0.261072695 1.04389274 1.01560187
    -0.435038298 -0.142031789 1.75341344 -0.493637174 1.7339983
    1.25602698 0.729264915 0.284134984 0.0184561014 -0.28198266 1.0086
    -0.57722193 0.653030097 1.11023116 1.0089004 -0.236589015
    0.499246776 -0.640816808 -0.450292021 -0.495115131 0.158690155
    -0.256849945 -0.533139408 1.58930993 0.713489413 -0.456360519
    1.4605279 0.8181476 1.14632773 1.06139541 1.4511652 0.820937276
    1.45375943 -0.800215721 0.0546161532 1.1744529 1.39089191 1.15276659
    0.21408236 -0.5666278 1.73925281 0.460340738 0.188867092 1.23654151
    0.124630272 0.823019266 1.31152892 -0.779326439 0.340001047
    1.63360417 0.0104714632 1.06315529 0.317521513 -0.714294732
    1.22156549 1.11274242 0.0621826649 1.28975797 0.612840116 1.56859517
    0.800015569 -0.449346453 1.01419985 0.904105008 0.184126794
    -0.665124953 1.50424778 1.4197588 -0.836602628 1.13461328
    -0.232980371 0.223460317 -0.526937127 -0.790040672 1.67479157
    1.46713114 -0.293447971 1.40678239 1.57964063 1.32963336 1.36640406
    -0.220257103 0.00053447485 0.153664052 0.0851545334 0.761188865
    1.49456334 0.813152671 0.859050572 1.63846016 -0.552311778
    0.0139943957 0.391842186 1.10889864 0.696559727 0.329043984
    1.8891412 1.28685856 0.276105106 0.818551719 1.20632792 1.1329267
    -0.0202102661 1.38750803 0.617997408 -0.392938793 -0.571630716
    0.704843581 -0.469934911 1.32437778 1.37010384 0.493762314 1.5960896
    0.0408514738 0.950891912 0.499507368 0.166205943 0.709653497
    1.48882413 0.632445455 0.663650334 0.825769186 -0.479847878
    1.33332777 1.22857523 0.932853997 1.04335392 1.06891632 0.0919595957
    -0.522435904 -0.547339618 -0.610012054 0.411928296 0.354691505
    1.15429401 -0.192499161 0.650252223 0.713168323 0.612904191
    0.278356254 0.743136883 0.0966535211 -0.237290978 0.667701662
    -0.493901372 1.55421019 1.17957091 0.742040753 0.925988495
    1.63505244 1.23740649 -0.923857152 0.534526467 1.37556744
    0.840289414 1.33157015 -0.505119801 1.06468225 0.557340145
    0.0376554132 -0.43292889 0.0551816821 1.49310374 -0.501465082
    0.901743114 -0.412243277 1.53587317 1.09895849 1.08331668
    -0.587671638 0.835586011 -0.54110992 -0.179326475 1.22392106
    1.4473176 1.78801882 -0.677978158 -0.200308919 0.968333483
    1.14662898 0.861722112 -0.999061823 0.0799803138 0.52660656
    -0.657093525 1.4220612 0.753972709 -0.264978528 0.0281324387
    1.09016514 0.301023722 0.247577369 -0.279243529 -0.574302554
    1.5630455 -0.0772595406 0.911679268 1.26062083 1.44284916 1.7496562
    -0.20020622 -0.34873575 -0.608352721 0.491306722 1.79687405
    -0.696844459 0.852494359 0.763482332 0.099802196 -0.356949955
    1.13922596 0.553647935 1.13025904 -0.185422599 0.300185323
    0.00162798166 1.0001905 0.372816622 1.79878139 -0.230779409
    -0.420772463 -0.208816707 0.884144545 0.256502628 0.203707278
    -0.758018494 1.33749175 -0.457302421 1.26177716 -0.123156607
    -0.208216071 0.317204118 0.154896796 1.60165334 -0.310034424
    -0.596783757 1.28695798 0.175433755 -0.563575625 1.55767035
    -0.30760473 -0.655289531 0.377458453 0.572780728 1.76076889
    -0.650210857 1.24675405 1.63983047 0.388334811 0.301949143
    1.27383375 1.14890385 1.17872691 1.51148701 -0.240181088 1.16259074
    1.57513189 -0.690402031 0.347474039 -0.664548278 1.67206991
    0.271144867 0.890654981 0.942378104 0.60357976 0.22255981 1.64170194
    0.210059583 -0.362375081 0.749834836 0.484596908 0.905441582
    1.24904001 1.6129725 -0.191173315 -0.0504405499 0.0882980824
    0.716659129 -0.142489374 0.340135455 0.881419122 -0.0708973408
    1.19492793 -0.524536133 -0.175172448 1.22091794 0.104747713
    0.691235125 0.691826642 1.50559807 0.0727767944 0.569923043
    -0.0256434083 -0.685040772 -0.135948956 1.50798011 0.763623476
    -0.560997486 1.23104405 -0.0653000474 0.0639570355 -0.215252221
    -0.10863024 0.801624238 1.64851356 -0.322418541 -0.649438381
    1.38745201 1.10964036 0.0686664581 0.448731124 0.607457042
    -0.436653703 1.17116308 0.5824247 -0.690937459 0.579069674
    1.30939114 -0.300504595 1.80397558 0.601765156 -0.611057758
    1.0401845 0.240698278 1.51794338 -0.0585321784 1.60931969
    0.857549071 0.652031481 1.37854743 -0.580071211 -0.468760878
    -0.464122653 0.147446215 -0.762907147 1.32690763 0.298079431
    0.0358057022 -0.605105996 0.614712715 0.307683706 -0.705585241
    0.565580368 1.30744123 -0.0476750135 -0.176161587 -0.070853889
    0.826146185 -0.437873811 0.989860654 1.2636621 -0.662555218
    1.50524676 -0.428516299 0.335436821 -0.739228666 1.68257177
    1.43568754 -0.782411277 0.200161278 -0.54836899 0.658417165
    1.38021755 0.208948433 0.941014409 0.940723598 -0.323218584
    0.462169886 0.525795877 -0.504589677 -0.404610783 0.757788479
    0.454524934 1.79326367 1.13527584 -0.37755987 -0.080693543
    0.703179836 0.362940967 1.34310174 0.871083379 1.65960598
    0.159799337 0.307399273 0.59205246 1.6665225 1.48303068 0.485790253
    1.72392333 1.02753556 -0.219044149 0.978820145 -0.647976458
    0.00713527203 1.44703746 -0.0418848395 0.293502152 -0.16181466
    0.21814239 0.133893311 1.44904065 -0.00436270237 0.503473282
    -0.255125195 0.935193241 0.496540427 0.945186496 1.59328175
    0.983347476 1.02073526 1.1940093 -0.634018064 1.40741587
    -0.541138232 1.66014433 0.181464434 0.0386077762 1.39705443
    0.0569738746 -0.0863642693 1.26636338 0.803539097 1.42866302
    0.709650278 0.317697048 1.26890492 0.278505385 0.22294277 1.07546616
    1.43355167 0.727680981 -0.14361161 0.484298527 1.21837783
    0.312590659 0.330615997 1.09623814 1.40495479 -0.316204488
    1.35979509 0.413664222 1.30305421 0.236754954 -0.654726267
    0.444491625 1.61809611 1.60191321 0.462516367 0.870155692 0.40498656
    1.73598266 0.431943774 0.735023201 -0.28713125 0.751420379
    -0.218201101 0.246707499 -0.512205601 0.383086264 -0.541650057
    1.7626152 1.24053586 -0.551558852 -0.689582229 0.418858945
    1.31024826 -0.049253881 1.63317466 -0.120046675 0.570468247
    -0.281266481 0.886658311 0.158882439 0.287362039 -0.0616781116
    1.20762694 -0.0844544172 -0.269327462 0.724958718 0.358822167
    0.572336972 -0.126310527 1.66917801 0.885106146 1.0103972
    0.635185301 1.13055575 0.306921601 1.65011549 -0.206192017
    -0.281179965 -0.118441224 0.680507421 -0.193162501 -0.639937818
    1.61072099 -0.178845882 0.432603538 0.640702903 0.877993584
    0.388540685 1.79579616 0.903739035 1.17839575 1.63686454
    -0.299479008 -0.0679967999 1.59522223 1.5317378 0.705959916
    0.348175287 -0.44675222 1.3764075 0.952670634 -0.22645402
    -0.139799774 -0.280295193 -0.15603286 1.10959208 0.330792606
    1.06309652 0.937642395 1.04126263 -0.288811505 1.46792424 1.6771419
    0.122152448 -0.356548786 0.636486828 0.645185769 0.291473091
    -0.209372103 -0.342275262 0.288193166 0.919041514 0.463535428
    1.07461095 1.46435356 -0.671944678 1.71677589 1.0216105 -0.131056011
    0.821740448 -0.215955317 0.260106862 0.581222415 1.23684859
    1.74264586 1.16555774 0.128635168 1.00819659 -0.413850397
    0.0828377604 -0.0397776365 0.861501276 1.07555139 1.38065195
    0.234691739 0.0931132436 0.135635614 1.6548686 -0.499813378
    -0.0364363194 -0.0463715792 1.61726713 0.679641366 0.113192976
    -0.672781169 0.478928685 1.40496302 0.0769130588 0.341959715
    0.861885369 1.600878 0.0995625854 1.42013919 -0.212180644
    0.388291299 -0.0713013411 1.05384398 0.821756482 0.571397424
    0.752940297 0.218162119 0.660043836 1.36773682 0.153232455
    -0.211569428 1.60081506 0.249340594 -0.569815457 1.09420407
    -0.37897718 -0.655457616 0.249503613 -0.207794189 -0.305437267
    0.684427202 -0.237350941 0.61754185 0.664494157 -0.611178398
    0.833013117 -0.776682675 -0.185482025 0.937889516 0.788090706
    1.1116569 -0.757551908 0.140332401 -0.510289192 0.14788872
    0.444831371 1.21881413 -0.0163087249 1.36885965 0.417862952
    0.0180318952 -0.584342837 0.477286756 0.99930656 0.267574847
    0.0651801229 1.48891592 1.16098213 1.16392159 -0.522547126
    -0.0298185945 0.204296112 1.31058252 0.991949081 -0.738663793
    1.55010653 1.77222872 1.29966748 0.123068631 0.0816119313
    -0.452209353 -0.646526992 0.851894021 0.0141195655 0.980115831
    0.843633711 0.966263294 1.37792373 -0.527037501 1.00547528
    -0.417275697 0.0145294666 -0.531639814 1.01441026 -0.568455279
    0.445785105 -0.322511822 1.72657704 -0.52843231 1.44955254 -0.311306
    -0.594069302 -0.474919021 -0.32477048 1.75431561 0.233254194
    -0.622656584 0.179016709 -0.16190666 1.58280706 -0.369229376
    -0.48293817 -0.303794831 0.685862541 -0.0571703315 0.662054837
    0.65929389 0.0652765036 1.11894798 0.9759655 -0.702239096 1.52177918
    -0.67349118 0.106269717 0.491615415 0.235896766 0.676419139
    0.755387723 -0.241610587 -0.616345704 0.575915098 0.323453605
    0.390025437 1.4920795 0.295582294 1.32278109 1.40902388 0.434656978
    1.27055526 0.326101124 0.420237303 0.612669349 1.11733866 1.09701729
    0.195243478 -0.596447945 1.54116094 -0.0270739794 0.63915205
    0.999325752 -0.363169491 0.923317969 0.907359481 -0.263396025
    0.0893995166 0.596260369 0.875611246 -0.34993127 1.2039032
    -0.308177352 0.935041249 -0.201401234 0.0168256164 0.84260726
    0.0254750252 0.101476133 1.53858066 -0.12585181 0.429450274
    -0.172439635 -0.465480208 0.294514358 -0.328953892 0.669348359
    1.06254196 -0.236575931 -0.589597821 1.74125123 -0.091935575
    -0.396241277 1.61162925 1.01850188 0.763937891 0.785491347
    1.54374003 -0.716525912 0.641237199 1.62859738 -0.217225909
    -0.317003816 0.805818021 1.68867075 1.08630943 1.4030664 0.875524044
    0.753388762 1.27810848 0.948979259 0.294911265 1.3837297 0.753492177
    -0.744074881 -0.807974577 1.64217281 1.10949624 -0.738331616
    0.556829989 0.434195578 1.24983764 0.787427843 -0.393608153
    0.620724499 -0.185758531 1.44885874 0.0562542677 1.12992764
    -0.283353239 1.846627 -0.282994509 -0.815904856 0.705578804
    0.609305203 1.14320827 0.233215988 0.789096653 1.32762587
    -0.356663287 0.566830695 0.199472606 -0.0852646828 -0.0749251842
    0.0911114812 0.978443384 1.49178946 0.932455122 1.31954145
    0.876543164 -0.673945546 1.26577568 0.624629319 -0.687428594
    1.58703053 0.21352762 0.70503968 -0.833845377 1.68585324 0.76070869
    1.54764533 0.0341510773 0.375562966 0.735330999 1.49937987
    -0.11216563 -0.594434321 0.700183392 1.44412994 1.02637231
    -0.307748258 -0.0666877627 1.68230176 -0.191968739 1.05816209
    1.3295908 -0.508348167 1.62608767 0.301080346 -0.244245529
    0.168947697 -0.304859728 0.354592144 0.985266209 -0.123634219
    -0.163199306 1.65148199 -0.691510677 0.405484915 0.32833463
    -0.466351092 0.62911433 -0.740432918 1.43455315 0.337501526
    1.00813568 -0.248147845 -0.188005984 0.32521832 -0.612744749
    0.26276195 1.7950083 -0.0370087028 -0.0621801615 0.978296459
    1.74225807 1.72745419 1.56129193 1.70439076 0.710318446 0.952905893
    1.19935083 1.62561369 0.57688719 1.78821111 0.636254549 1.23555183
    1.53012908 1.19279313 -0.67739588 -0.235676944 1.22616267
    0.674035907 0.567064941 -0.451030105 0.249350846 0.290370822
    0.0303533077 0.185082197 1.24191177 1.50364208 0.857078552
    -0.561498106 0.889980793 -0.264232337 1.17944813 0.330899715
    1.52792025 -0.490505457 0.52318567 -0.413415164 0.527882755
    1.14772618 -0.685363054 -0.0894480348 -0.333122849 1.39573336
    -0.186251581 0.0224391818 1.6038053 0.638101578 -0.395521671
    0.234848678 0.264944613 -0.312844992 -0.237358809 1.11941862
    1.80411053 1.80908418 0.294913411 0.49188149 1.35865641 1.07872558
    -0.0455040336 0.149916649 0.889496028 -0.579047859 1.61748266
    1.48633575 0.0339127183 0.844262779 0.179822206 0.932475924
    0.159999788 -0.0693190694 -0.644144475 1.18020368 0.646679163
    1.71608829 1.19644892 0.162813067 0.104815602 -0.667519629
    -0.73066926 0.681690514 1.46302605 0.00828140974 -0.495562375
    1.43178463 1.27441049 1.65334916 0.301160872 -0.609464765
    0.0913665891 1.78600693 1.10137868 1.28149855 0.735720098 1.05821526
    1.42499757 -0.541409612 -0.739767969 1.07116413 1.3853817 1.16749263
    -0.0289453268 1.45038319 0.377119005 0.253575444 1.44376552
    -0.379876643 0.142365515 1.21804643 1.31379294 1.48522723 1.46152854
    -0.784419954 0.347491086 -0.618863106 0.189465404 0.0594867468
    1.69859719 0.72002238 0.328511119 -0.201845586 1.04118133
    0.294602454 -0.337324798 1.52505124 -0.023673594 1.61213732
    0.474541843 1.71084619 0.0146147609 -0.310393274 -0.432554305
    1.04138064 0.987305164 0.610568106 -0.0793896914 1.62158775
    0.180007517 1.02092874 1.02509999 1.22135854 0.312568128 0.215271711
    1.29638386 0.0577641129 -0.129957378 0.900328338 -0.15010947
    0.852035522 0.186039567 0.975749075 0.0134276152 -0.208204091
    1.63559055 0.857127249 0.479864776 1.24731898 1.54358113 1.49592328
    0.621348143 -0.52763021 1.39905858 1.2380439 -0.127784729
    -0.726263583 0.141517222 0.852370799 -0.44578737 0.922186196
    0.784953713 0.0385532975 -0.166318119 -0.0793694854 0.38170743
    -0.322526664 -0.710978031 0.711601675 -0.0515152812 1.54178739
    1.59744596 -0.719798803 -0.606200695 0.317859709 1.25903988
    -0.734875739 0.681162477 0.19082737 0.775921643 0.233809173
    0.785394251 1.46770644 0.901418924 0.475662649 1.10185194
    -0.534476101 1.66656935 -0.21977368 0.420809269 0.523523271
    1.03208005 0.314202905 -0.00991272926 -0.612095237 -0.0796989202
    0.584401488 0.208097577 0.610078394 0.264952242 -0.465849131
    -0.664251685 0.882445753 0.465089977 -0.798135757 0.199640453
    0.651171446 1.1819855 0.167710602 1.30501163 -0.665456116
    -0.357755959 1.06820393 0.952564478 0.802524865 -0.495703071
    0.886345983 0.711706579 0.504941642 0.553287923 0.592047393
    0.395383418 1.63727248 0.513124824 0.999761462 1.44049978
    0.187721014 1.71244001 0.272355437 0.384307861 0.437222302
    0.718117535 0.423816979 -0.580897868 0.871559322 -0.129922986
    0.44492805 0.314194798 0.68759656 1.21135032 1.47068572 0.0169396996
    1.38412428 1.43840623 0.758601725 0.476752758 1.11461401 0.484884083
    1.70764518 -0.0818392634 0.625924051 0.509593248 -0.224275529
    1.09763622 -0.302813351 0.262248933 0.569458008 -0.033513546
    -0.092551887 1.14725995 1.39857411 1.07826042 -0.837343752
    0.542799532 1.69050539 1.42151618 1.10789013 0.668615222 1.0652473
    0.999904573 -0.319359899 0.122606337 -0.0199731588 1.60742247
    -0.644034982 1.3525722 1.14155078 -0.504391193 0.346347511
    0.625202954 1.20497847 1.58713734 1.14425683 -0.225010693
    -0.675954521 0.66925025 0.970857859 1.44444799 0.570354402
    -0.244937122 0.491007686 0.766547382 -0.495739609 1.11998701
    1.73362625 0.303967655 1.58075225 0.199453712 1.72442997 0.786346555
    1.34287441 0.3549546 -0.136004806 -0.298913896 0.395159602 0.8378824
    0.812018812 1.86341 -0.220164835 -0.301025182 -0.17295593 1.54082561
    1.41603231 1.48936629 -0.18265295 -0.413207918 -0.128462374
    -0.0244704485 1.30196202 0.205632448 -0.00410324335 -0.00250732899
    -0.253800988 -0.566119194 0.230468035 -0.300247908 1.06429112
    1.39894414 1.79164028 1.32063222 -0.641956866 1.68133795
    -0.681880891 0.516141593 -0.617706537 1.24298263 1.36363435
    0.679097295 -0.582404613 -0.503899813 1.73472118 1.35757399
    0.685997546 1.21263194 0.953690946 0.967525125 1.38821578
    0.991600454 1.08970213 0.36817956 0.248405755 0.273719966
    -0.522045016 0.62252897 0.429100692 1.29211032 0.578290462
    -0.347659886 1.21738541 0.268311143 0.724872768 1.20351672
    1.27946258 1.53131843 1.68016958 0.630788505 0.767928898 1.07573819
    -0.17881161 1.62476075 0.0837304592 -0.0381325483 1.52231622
    -0.401667237 1.62524617 0.12206614 0.959647477 1.19620442 1.55828893
    0.229607821 0.99551934 -0.0827257037 -0.430087507 1.66172671
    1.32330298 -0.685610294 -0.614192724 1.13834071 1.28219914
    0.155831397 -0.530210435 0.870961368 0.463124335 -0.108510077
    1.58060384 1.10513783 0.220618784 -0.323438764 -0.770029366
    1.44234133 1.09069991 -0.673358917 0.663966775 -0.534463048
    1.31737375 -0.148041487 0.637171984 1.01723933 1.38872421
    0.173741221 1.48182917 0.901492655 -0.326608121 0.0992076397
    0.651031494 -0.797987938 0.672694802 1.16241407 0.984028339
    1.0460639 0.716435194 -0.567134023 1.62672973 1.39872098 1.11274552
    1.66354489 0.445648909 -0.0031567812 0.424472988 -0.356584102
    0.968560398 0.730000556 1.04643822 1.04180789 -0.454243988
    -0.466390014 -0.0116865635 1.43476713 -0.447492987 1.61400163
    0.814123094 1.3598907 -0.556275606 1.3623116 0.737163484 0.566250026
    -0.248376966 -0.449568391 0.658511758 0.255331337 1.56821048
    0.229919434 0.369021773 1.30520511 0.143728912 1.71828139
    0.389866889 0.310557663 1.80767512 0.730306208 0.871163189
    -0.265567958 -0.297155797 1.83688354 1.90124774 -0.663125575
    0.580221236 0.661498368 1.05365562 -0.395486087 0.650259852
    0.653945565 1.16908574 0.913184583 -0.411391914 -0.454322129
    -0.15375334 0.248284459 1.1582346 1.26993513 0.920557022 0.589181781
    -0.814956784 1.36432493 0.235204935 1.00856686 0.964394629
    1.34912574 0.234925389 0.583423197 -0.115952849 1.2787931
    -0.421828985 1.04952085 -0.657457769 -0.694901466 0.441338956
    1.14167547 0.403849721 -0.790555656 0.76551193 1.53244436
    -0.0710498691 -0.325817287 1.42997789 -0.163576305 0.130624413
    -0.272993088 0.71197772 1.00437486 1.39686775 -0.795946836
    -0.558053136 0.787209749 -0.818425119 0.148968816 -0.836581588
    1.02885091 0.640690923 -0.861606777 1.47284722 1.2276361 1.28030109
    0.70316422 0.512729466 0.962439358 1.46886587 0.535729051
    -0.496367037 -0.557691336 -0.321083367 1.03082299 0.641655207
    -0.475206912 1.7360338 0.778203011 -0.758934617 0.00308763981
    -0.379952371 0.518806756 -0.213753045 1.1611743 -0.765556157
    0.0826563835 -0.538186133 -0.36512807 1.81201017 1.08208811
    1.08371997 1.50306237 1.24153221 -0.471256077 0.51319778 0.309904158
    0.806516707 -0.682829857 -0.37559101 3.272295e-05 -0.564964414
    0.0617910624 0.44386524 0.00991868973 1.52073002 0.97307837
    -0.347183228 -0.532253861 1.58126354 1.06689143 -0.00512653589
    1.62112212 1.3748405 0.9648664 1.42860746 0.136675537 0.313475251
    0.1443398 0.20052278 0.462371707 1.05628967 1.48110402 1.63228142
    1.57074428 -0.181283534 0.0964039564 0.571773708 1.20064974
    0.0689604878 -0.518753231 0.451732278 1.68822789 1.02773237
    -0.388884902 -0.576010704 -0.602889061 0.676576912 0.835950017
    -0.769446671 -0.816572964 1.67320585 -0.391004622 1.11288047
    -0.533746779 -0.64585036 1.11977959 -0.534528732 0.132015407
    1.03836823 0.0591464043 0.199889123 1.69927931 -0.526476324
    0.636308312 1.24566579 -0.31972158 -0.546312928 0.925782025
    0.255987704 0.748664975 -0.349496782 0.0630363226 -0.316731989
    -0.0411612988 1.50695026 0.932072103 0.692442834 -0.77032882
    -0.286216974 1.30326724 0.943810821 0.456351638 1.33954239
    0.431942523 -0.48305729 0.625767112 1.40850127 1.19100046 1.55984354
    0.440382361 0.0100613236 1.59790564 0.773810923 -0.72669512
    1.54124928 0.156229854 -0.158654094 1.20034957 1.03448701
    0.819048584 -0.611617863 -0.753680527 1.67206872 0.77346462
    -0.79967618 1.19136381 1.46694636 0.657086015 -0.00709021091
    0.800524235 -0.778094232 1.18043995 0.222314179 1.17038751
    0.758733511 -0.545578718 1.67242074 -0.721653879 0.0237936974
    0.545562685 0.94435823 1.57462847 -0.514746726 0.697508693
    1.05509424 -0.823162913 1.47980297 1.26861501 0.675641894
    -0.523856521 1.17994952 0.166108131 -0.756309569 0.719328225
    1.33274317 0.482105196 0.187619686 0.222709179 -0.172235668
    1.34464622 0.061265707 1.56041193 1.47593331 0.376451373 1.45515132
    0.0780509114 -0.309474587 0.158989251 1.15289211 1.1868968
    1.28003979 -0.420349151 -0.47604531 1.65424705 -0.200264394
    0.275574207 -0.541680574 -0.464745045 -0.0672683716 -0.158381999
    0.157206178 0.273440957 0.053170085 -0.513201237 1.74789047
    -0.317441136 0.357692242 -0.273075789 0.655198216 0.360943675
    0.278509855 1.07150304 -0.593507051 0.534274995 -0.69996655
    -0.686074853 -0.603829563 1.02707815 1.38521171 0.883689106
    0.746627152 -0.546158791 0.251124084 0.37201333 0.363628864
    0.115357518 1.47173107 1.48225427 0.123657048 -0.285940468
    1.25896132 0.79731822 0.29776752 -0.507728279 0.858520329
    -0.0149431229 -0.252737224 0.204592347 1.64509892 0.539880335
    0.460687876 0.213363469 1.43440616 0.30003947 1.4998064 0.0349620581
    -0.691978455 0.893422365 0.59774369 -0.395990252 1.00828493
    1.33564925 -0.155592203 1.50107193 0.256535828 -0.462999851
    1.14346075 1.24548519 1.04285145 0.0377459526 -0.0111872554
    1.4315834 1.135005 0.886517048 1.45867062 0.765628636 -0.651983738
    1.55434644 -0.340155363 0.775046825 -0.970814824 1.20548177
    -0.313979894 -0.224853873 0.485897064 1.3983314 0.491064012
    1.7162571 0.925057948 0.358291805 0.773911655 0.764115095 1.15530825
    -0.234138757 0.136879981 1.37620521 0.76641196 -0.613384724
    1.37516356 1.71572495 1.43524504 0.339334249 1.53494811 -0.656050742
    0.781748533 -0.144395411 -0.181586564 -0.568547249 -0.0586324334
    -0.324190736 0.056168735 0.477084994 0.891048372 -0.756654978
    1.2720542 0.617135346 -0.47491014 1.82304764 -0.117123127 1.09369397
    1.16891599 -0.613029718 0.76649034 0.00248342752 1.731341
    0.144217551 0.622602701 0.939833581 0.120045304 1.45467567
    -0.33579281 1.78755307 -0.431175023 1.35492945 1.03796577 1.66617548
    0.287698448 -0.393537283 1.54696798 1.51498747 1.24382567
    -0.59238112 -0.304240286 0.827378333 0.825045466 -0.706299126
    0.78037852 -0.0629602075 -0.464044988 0.520368338 1.73523581
    0.558917105 1.09189582 1.24638724 -0.514302373 0.459778488
    -0.190479159 1.62998986 0.0536778569 1.12023234 0.484372854
    0.618539095 -0.155612707 -0.666549802 0.826067746 -0.576283634
    -0.442043394 0.0795238018 0.520299613 1.11117387 -0.443381339
    0.261301279 0.33008635 1.2878859 -0.403484434 0.194259524 1.7584331
    0.90590471 0.450310946 -0.281472206 0.677903056 1.56319773
    1.20315301 1.69516492 1.5712887 -0.706142068 0.245908558 1.15317929
    1.31449854 -0.536694288 -0.318961442 0.205727816 -0.485740632
    0.406733096 0.836891711 1.72585177 -0.408409029 -0.539727807
    1.39999211 1.32326722 0.0816985965 0.386016011 0.268781483
    -0.554242015 0.34869343 0.749622285 1.46762156 1.2970233 0.855110228
    1.13031149 1.6997292 1.44290233 1.25955319 1.19964528 0.135961533
    1.40915978 0.751577318 -0.776692331 1.37314153 -0.487035722
    0.175741017 0.275732577 -0.0745196939 0.733202815 0.97003293
    -0.148284733 1.60856771 0.908986926 0.751998186 1.16414285
    0.997388601 1.00791192 1.61462951 -0.842965603 0.830033183
    0.181678712 1.14259601 0.764043868 0.643798709 1.59139824
    -0.406352967 0.85080862 1.33487844 1.51871634 0.411573768
    0.419887125 1.58132184 0.400504887 0.209957957 -0.14599371
    0.487261415 0.944738984 1.13128328 0.221580386 -0.00979459286
    -0.313687325 -0.51808691 -0.352607965 1.09067774 1.3016634
    -0.338109404 0.0651974082 1.61357474 0.79895252 0.666005015
    -0.377304077 -0.581902742 1.43419826 0.228316784 0.811149001
    0.572443664 -0.252449095 0.876073956 0.73812902 0.498748481
    0.427682459 -0.571876168 -0.519953132 -0.0624448657 1.07204759
    1.32661796 1.74455106 1.47768402 0.290941834 -0.310361296
    -0.0385350585 0.988039732 -0.361402959 1.78130507 1.69965076
    -0.162837446 1.67921734 0.148534715 1.52830672 -0.546182692
    1.41625822 1.49765968 0.876194179 -0.273652256 0.265246451
    -0.0715187192 -0.131028533 0.553887606 -0.249928594 1.48751092
    -0.0429876447 1.52164531 0.196066439 0.800268173 0.602392197
    1.08943462 1.82063842 0.998623252 -0.531629682 0.966221869
    0.212854981 1.50181937 1.33542705 -0.515604138 -0.449507535
    1.32007241 -0.502424002 1.18184447 1.26765716 0.33489579 0.312479019
    1.19416451 1.54969549 1.12524366 0.836354554 1.68654132 1.01838624
    -0.042470336 0.71333611 0.166842461 1.54244411 1.08030033 1.40827549
    -0.614929914 0.834555924 0.34092164 0.0765981078 0.204387605
    0.133000076 0.24912101 0.507805407 -0.310052067 1.30985761
    -0.500661135 0.116378307 1.13199818 0.0811032653 1.58977222
    1.17217183 0.828048706 0.994083643 1.30738378 -0.272336781
    1.17224002 0.810970962 1.2008394 0.247652352 1.33433104 0.869855642
    0.453962445 1.32572877 1.48687553 -0.0370280147 0.479784608
    0.808388054 1.83575821 0.0739015341 0.122925282 -0.251950204
    0.990579545 -0.362720132 -0.299675643 -0.217479706 0.0489421487
    0.0130935907 0.980825007 -0.36962679 0.202432096 -0.158740461
    -0.559343815 -0.578098714 0.854121149 0.737323701 0.242631078
    -0.162250638 -0.51155901 1.11082983 1.39712739 0.088079989
    0.687584817 0.447436929 1.14981711 0.0592053533 0.503208756
    0.974146426 -0.715099454 -0.668161929 0.961274564 0.111297488
    1.31065106 0.379220545 -0.248501003 0.36053288 -0.290712953
    1.42400706 -0.587298751 -0.238747716 0.700954914 1.69527507
    -0.306355774 1.5315125 -0.229216754 0.980896533 1.63766956
    0.46482718 0.455795288 1.19142771 1.30893183 0.426187813 0.980315804
    -0.554558158 -0.351206988 0.246183455 1.29247379 0.586041927
    0.00788533688 0.54496789 0.875418007 -0.328780234 -0.167005599
    1.5889554 0.730573714 -0.829778075 1.13857698 0.539472878
    0.561122537 0.67674911 -0.721378446 0.630620778 1.03561735
    0.206499636 -0.657785714 1.78224349 1.66650534 1.57427335
    -0.566194773 -0.104541361 -0.751100659 0.344880402 1.07529473
    1.3218528 0.460338235 1.02718532 1.13425386 0.166818619 -0.150627315
    0.602476239 1.53959084 -0.287146807 0.249381065 -0.530804753
    0.402435482 0.266880751 1.48608875 -0.272380412 0.701177537
    1.39035511 -0.274000645 0.553894043 0.157091975 0.954800487
    1.4160459 -0.590646625 -0.275344104 1.10061216 1.42861295 1.15214133
    1.03064346 1.60883081 1.31567776 -0.590443373 -0.599767923
    0.431230128 1.28278136 1.11033726 0.181552172 1.17762876 1.36289334
    0.31451261 -0.488133967 -0.433775365 1.71252441 0.470615983
    1.11838889 -0.539497733 1.26904273 -0.63898766 -0.362578094
    0.58230257 -0.592863679 1.37134457 -0.485526145 0.287422836
    1.09885693 1.36448121 -0.634632587 0.406969428 0.776051819
    0.262758672 0.694164157 -0.15529716 0.712712824 0.335588098
    1.40575075 0.540565014 0.71783036 -0.710396528 1.40603209
    0.203867733 0.963497341 1.12110484 0.0852025747 1.17656028
    1.32875907 -0.0828088522 0.0118461251 -0.439068764 1.04046106
    1.78955972 0.0751482844 0.352507055 1.54137433 -0.0650298595
    1.64367545 0.728764355 1.38419318 -0.51910907 0.675123811 1.09875715
    -0.37530762 -0.444150239 -0.562471271 -0.591633379 0.764937639
    0.983488977 0.122556686 -0.145724297 0.19304359 -0.383750737
    0.290526986 1.84157562 0.356992006 -0.701525986 1.63696504
    -0.420099646 0.27421093 0.0998885632 0.047650516 1.54334521
    -0.454982609 -0.112185001 0.685802281 0.088785708 -0.789998889
    0.480481744 1.27686644 -0.49917087 1.75779045 0.591657341
    -0.827613056 1.38284969 0.232776403 0.941269159 -0.315909743
    -0.643248081 -0.120840788 -0.554447353 0.169801354 0.19498378
    -0.732897818 1.20855093 -0.235020608 0.0355146527 0.106536269
    1.47666883 0.728091359 0.317896962 1.71436524 0.435975075
    -0.681572795 -0.222099513 -0.4559699 -0.400637567 0.054957211
    1.15890241 0.710896015 -0.572081983 1.03596115 -0.277415335
    -0.359015882 0.551978171 -0.422608525 -0.704439402 1.68653846
    0.310992301 0.0565493107 0.935488403 -0.474381924 -0.326612055
    -0.349654198 0.653268278 0.338801742 0.110593498 0.814294934
    -0.0769142509 -0.646567285 0.264740705 0.00327694416 0.381229877
    0.877537251 1.09212625 0.983926475 0.525607526 0.0757716894
    0.805682659 -0.451259106 1.2166723 1.49255586 0.984150946 1.3200841
    -0.672395825 -0.279504538 1.15084898 0.930195689 0.2131868
    1.36175156 0.426803172 -0.363537043 -0.440220177 1.08773804
    1.31240726 1.07566774 -0.586608648 1.43725443 0.852249861
    -0.563588738 0.454195321 1.12873805 1.08348632 1.35515022 1.53679502
    1.3702476 1.67080665 0.91018194 0.541181862 -0.416422874
    -0.309615791 0.511355579 0.929390073 0.239972532 -0.198028982
    0.889343143 1.46823955 0.118173301 -0.287067294 0.458913267
    0.484972656 1.32153893 1.10440516 1.45169353 1.60035849 0.570067942
    1.16950107 0.86256063 1.03364992 1.53938055 1.2372036 -0.601920903
    -0.272646636 1.20469332 -0.34821856 -0.523961961 0.799765289
    1.51373065 -0.0665857792 -0.50654614 1.30307448 -0.410757184
    0.697524488 -0.429808497 1.56320047 -0.487266928 -0.419622391
    1.3091538 -0.292410314 1.12983346 1.24384594 0.343830824 0.338521242
    -0.0259134173 0.518289506 -0.0768364668 0.0632029772 1.04008174
    1.35743499 0.98293972 -0.494956106 0.754322588 1.52203059
    0.765241921 0.826804817 -0.336111188 0.438755035 -0.125621021
    0.910139799 -0.150173426 -0.0546005368 -0.466610998 0.9265697
    1.02505946 1.41788554 0.0980865955 1.26413202 1.17867088 1.54556823
    0.48872149 0.149479747 -0.227725029 0.876781404 0.278003156
    -0.40457657 -0.670521557 -0.655924499 0.234100997 -0.255658746
    -0.45329836 0.434501529 -0.678554416 0.486896515 1.55628526
    0.359242797 0.0553085804 -0.545641124 1.57287049 0.367444277
    0.422567308 -0.604976356 -0.137925804 0.891337097 0.659144402
    1.1473093 1.21094716 0.686520338 -0.160061479 1.73145723 0.867026925
    0.171438515 0.0338917971 1.54164934 1.60363126 0.0517693162
    1.48372078 0.523754716 -0.000416398048 1.4542532 0.724869072
    0.812433958 0.975232422 0.269782126 -0.183418989 -0.479136705
    -0.26021263 0.989888489 -0.496313453 1.03940296 0.285953701
    1.40848804 0.414316356 0.673273742 0.189190328 -0.073413372
    -0.00359839201 1.16508019 1.24568772 0.0103856325 -0.616916001
    -0.42436254 -0.40623489 1.01147735 -0.298077047 -0.495574713
    -0.596812248 1.68560839 0.201459765 1.04591107 1.14543796 1.29707682
    0.262577832 -0.447085917 -0.0936248899 0.283283591 -0.710357666
    0.102283239 -0.370052487 1.29996121 -0.256321311 1.47924614
    0.182587087 0.745862722 1.8261013 0.859564424 -0.0182494521
    0.743684053 1.80116391 1.22972238 1.11836803 -0.1684587 -0.757927299
    0.188516855 1.74347091 1.35125291 1.05141771 -0.123424292
    0.526679695 0.487708986 0.308831692 0.180828035 1.35148001
    -0.105871439 1.22863221 1.50911784 0.808867097 0.541492045
    1.46849215 0.190862656 -0.56579268 -0.00695663691 0.184403718
    0.433535039 -0.250074685 0.626417816 0.278917193 1.44203007
    1.26203465 0.10045737 0.972079337 -0.0255518556 1.13682127
    1.23292816 0.857102931 0.377286255 1.50725889 0.0820633769
    0.743072987 0.974464178 0.928657234 1.35022545 1.44407654
    -0.433233678 -0.149108231 0.96836108 1.53039718 1.63059211
    -0.0670785308 0.537649035 1.08076191 1.05324745 -0.402178228
    1.01374066 -0.0758363008 1.4450655 1.67638767 0.656933129
    -0.801156223 1.62755716 0.661881447 1.49090993 -0.549562812
    -0.706343532 0.408315063 0.900719404 -0.507362008 1.06520009
    0.594805539 -0.742034972 0.970309079 1.04491663 -0.247312188
    0.683198273 1.35104084 0.706003785 1.15666556 0.53154254
    -0.190835118 0.842021108 1.61418438 -0.636864424 1.35382223
    0.368912101 0.187629104 -0.37621811 0.684784174 0.251404762
    -0.393914521 0.361196101 0.865455806 1.39351428 0.835314333
    0.546637475 -0.219287574 1.64329302 0.349892557 0.528510213
    0.658183098 0.0544569492 0.626493156 1.17684329 -0.112023354
    0.429002523 1.72901499 0.0477599502 0.116429806 0.282038569
    0.642413676 0.312426686 0.080463469 -0.19067502 0.224360585
    -0.0720816851 -0.875755787 1.66425633 0.177931249 0.408370256
    0.391342819 -0.0922663212 0.103290617 1.64172125 -0.440075755
    1.32527542 0.326036036 1.50613856 1.50471365 1.06215024
    -0.0777825713 1.00818038 0.334337413 -0.475860804 0.272870243
    0.636577308 -0.0501225591 1.46003675 0.220104158 0.438206077
    -0.253938854 1.24241257 0.295478284 -0.466037482 -0.354851007
    0.940099359 1.74369931 -0.0483743548 0.717455029 1.1986599
    0.493649602 0.860249639 0.13736999 -0.0876777172 1.61028385
    1.08548737 -0.689448059 -0.726537883 0.996436775 0.0800976157
    0.793833673 -0.459395289 0.322277009 0.512313545 -0.462604046
    0.689999223 1.50987804 -0.506959319 1.37847781 0.195634484
    0.202309489 -0.450160652 1.93061936 1.84267807 0.676649213
    -0.0942032337 0.722586155 0.598937988 -0.359462619 0.709039152
    1.13452244 1.35703409 -0.275083363 0.290232956 1.34754133 1.25080466
    0.899990857 1.30736566 -0.160063446 0.509871006 1.32518888
    0.652733326 1.14461899 0.758844972 0.0565035343 0.866280496
    -0.376961291 1.66614556 0.678527415 -0.267439306 0.826950312
    0.200563967 -0.107809782 1.62609518 0.142869413 0.025113821
    0.176343977 -0.507818997 0.382527888 1.46338391 0.693973422
    0.768661857 0.779550374 1.39332366 1.78432858 0.892704844 1.6035192
    1.75133109 -0.725668669 1.05149508 0.0621097684 0.0322206616
    1.50145149 1.20944738 -0.144808352 -0.31979534 1.84414244 0.81192553
    -0.225906968 1.36024666 -0.360616356 0.0437803268 1.03746057
    0.336730182 -0.172447085 -0.599362254 0.436017752 -0.701411664
    -0.333955526 0.766948342 -0.152725637 1.78779173 -0.164628983
    0.739462018 0.226010859 1.33302152 0.66000855 -0.709903955
    -0.174408793 1.49006915 0.9392277 1.35150671 0.107602119 0.297819972
    -0.524749577 1.00800085 -0.49305886 0.799014807 0.650903583
    1.40857148 0.436169326 1.13071752 -0.468520164 1.59579659
    0.0066177845 1.71509242 -0.109073162 -0.680153728 0.988737106
    0.203514755 1.74455321 1.43312669 0.399909616 -0.693893075
    0.0945618749 -0.413857698 0.690859795 1.7893517 0.289272428
    0.64890027 -0.0394532681 0.0426248908 -0.38522619 0.562051892
    0.819532514 -0.810243249 -0.262617052 1.47474158 1.10810709
    1.08510399 -0.217296988 -0.0737950206 -0.280337244 0.996370494
    1.27415538 0.609543979 -0.159626245 1.64135885 -0.77524662
    1.35376716 -0.282033026 0.621290624 0.738047719 1.34093523
    -0.244434655 1.17466819 0.25918287 0.976844251 0.84177947
    -0.00144785643 1.45636773 -0.31205678 0.910217583 0.583566427
    -0.189624548 -0.0825939178 -0.581260502 0.739622355 -0.467416227
    0.578303695 1.48693228 -0.67566663 0.975222409 0.817459106
    -0.29025358 1.51591349 1.22079849 1.21251512 -0.247813106 1.43525934
    -0.741726756 0.772293031 1.34601617 -0.273408294 -0.123079658
    -0.232867956 1.2267859 1.07289314 0.481457472 1.43990934 0.856069803
    0.488229632 -0.584984779 1.47741365 -0.64520359 -0.246819675
    0.303324342 0.138562977 0.885685146 1.18646693 0.551991045 -0.55855
    -0.123647809 0.472188592 -0.284921587 -0.0477528572 0.734972119
    1.40726495 0.652480543 1.56628656 -0.505567253 0.705795765
    1.26242208 -0.153793454 0.150727391 1.0337584 0.29671824
    -0.200816631 0.037109673 0.470720172 1.58500612 1.47194457
    -0.141233921 1.37673974 1.75282097 -0.25850898 1.13907552
    -0.558883309 0.970949292 -0.557805061 0.162379086 0.889520347
    1.15467286 1.13717532 0.284255087 -0.361291289 1.29962528
    0.393836737 1.39874482 -0.588545918 0.536637962 1.68635058 1.5202086
    1.14099669 0.985839844 -0.108179569 -0.145356715 1.18784046
    1.6112417 0.509566605 -0.451258332 0.530221164 1.57878363 1.66966724
    -0.349774659 0.29136008 0.381589234 0.297200024 0.737979591
    -0.683829069 1.22006488 1.64940107 1.27517462 1.42867649 1.42774367
    1.63101459 -0.574757218 -0.0867248178 -0.633813322 0.0410832763
    0.727996886 -0.123924017 1.49792469 1.65185809 -0.419660807
    0.73138088 -0.436909258 -0.607758939 -0.337164134 0.404573143
    0.970279396 0.1890679 1.46528077 0.862084508 -0.00411105156
    -0.11997509 -0.560854793 0.411724627 1.4964869 1.54697824
    -0.501193464 0.822703898 -0.644869208 -0.097184509 0.979566395
    -0.484896779 0.477550983 0.139224887 1.42925894 0.642961085
    0.104478061 -0.680841088 1.32688594 1.43159139 -0.0738087893
    0.29607296 1.18625331 0.780342281 -0.269481838 -0.613104343
    0.054310143 1.05164886 1.40356565 1.09128642 0.508352935 1.10812616
    0.194581151 -0.44733876 -0.00487655401 1.41028929 -0.673542857
    0.115532875 0.473644555 -0.456494778 0.577182055 0.542932928
    0.619315326 0.929607987 -0.384538591 0.204957008 -0.512215137
    0.0665322542 0.472599983 -0.382276356 0.765537918 1.82027078
    1.33483362 0.18582499 1.48198378 0.478629708 1.07698798 0.472403884
    0.503254771 1.49833965 1.18473411 -0.0325587392 0.865772605
    0.464392066 0.882339299 1.42648506 0.637072623 1.64339721
    -0.0402482152 1.31514645 0.263014853 0.281384706 0.33650738
    1.36009002 0.395973027 -0.582474172 -0.165698797 0.934517622
    -0.137280285 -0.473439574 0.00402086973 1.7262094 -0.58563447
    0.500705123 0.316158891 -0.630807996 -0.752790093 0.703131914
    -0.715300918 1.1120435 -0.587714314 1.62858701 -0.103776634
    0.5813573 1.6256777 0.00599718094 0.228433549 0.419260502 0.3494941
    -0.173573613 -0.396547586 1.4312706 0.150325358 0.475213408
    0.145530999 1.07043576 0.853508115 1.05263638 -0.0679786801
    0.820996165 -0.470721424 1.11860085 0.561965108 1.0460887
    -0.730756879 -0.501864433 1.71741939 0.7561993 0.776673615
    0.704583943 0.669357717 0.543322682 1.44856179 1.23692131
    -0.604649782 0.308284938 0.60281235 0.352367163 -0.456279159
    0.195633471 -0.573858261 1.23505592 0.782181382 0.8274948
    0.280929208 0.660544932 1.60645509 1.31046855 0.532718897 1.54357195
    1.1481781 0.469095767 0.879282415 1.08808076 0.916468799
    -0.0684105158 0.637383878 -0.471335322 1.15418172 0.0818142295
    1.45827985 1.53968537 0.150826395 1.5983386 -0.612990141
    -0.616419435 1.67164159 1.31703627 -0.802835822 0.479351521
    -0.721725285 1.27355134 0.185041726 1.19616878 0.635700881
    0.662027419 1.32575345 -0.139316738 1.02202177 0.697838485
    -0.438273937 1.20740902 -0.622903943 0.67903471 0.817803025
    0.219139099 -0.306117654 0.198344171 1.63190842 0.448421359
    1.39590371 1.1671989 0.409658134 1.52114129 0.0553233027
    -0.441195428 -0.0418635011 -0.613887846 1.21933222 1.10669243
    1.36156523 0.980232596 0.621694863 1.56685996 -0.407147676
    -0.652626455 -0.320814013 -0.337570667 1.0914948 -0.303955138
    1.66652548 1.45477772 1.64411867 -0.660827279 0.0760402679
    0.713393033 0.341070712 -0.22718823 -0.135308087 1.3877784
    0.687586248 -0.0643638968 -0.567769468 1.06854534 -0.542524934
    1.20949781 -0.761855602 1.20953894 0.106608152 0.526836216
    0.886573255 0.860138476 1.17496037 1.00235677 0.121657968
    0.412332535 0.0383432508 -0.0183633566 0.277003407 0.442290008
    0.834588587 0.0468212962 -0.00392991304 -0.652960658 0.228094637
    0.214970589 1.27155709 1.59693944 -0.539426744 -0.58717519
    1.31233978 -0.277116388 1.30830789 1.34316874 -0.782662153
    1.27941501 0.995168924 0.656376481 1.56593561 0.56867379
    -0.706651509 -0.389339 0.308624327 0.154619813 1.05432606
    0.801730096 -0.81803745 1.33971894 1.66725397 -0.886717379
    1.36244106 -0.0934897661 0.990546465 0.154849827 0.400353134
    -0.0273524523 0.0716317892 0.321133971 -0.499111652 -0.551476121
    1.05949748 0.331823587 1.34511805 -0.643203318 1.30161953
    0.760070562 0.647308588 1.19214463 0.712589025 1.02407098
    -0.497115731 0.445722282 -0.460041881 -0.439920008 0.691740036
    -0.502638698 0.251813233 0.238187969 -0.242085695 -0.603538036
    0.529894233 -0.160809517 1.44112849 -0.741983771 0.331931233
    0.486251414 0.74289757 -0.345604897 -0.660338283 0.367563307
    1.77098513 1.42448974 0.559407592 1.5717237 0.434968829 -0.261881948
    -0.562473476 0.486821651 -0.688695908 0.546658933 0.238145947
    0.756979585 -0.263537943 0.180778742 0.705144167 0.787093341
    0.761111081 0.978979826 -0.286800057 0.784063399 0.338029206
    1.41119814 -0.157116354 -0.926061809 1.12473559 1.20282555
    0.620506525 -0.684288979 -0.340879112 -0.72770524 0.265206158
    -0.43652764 -0.193213075 1.32680357 -0.157639652 0.89836365
    0.691565573 -0.149287641 1.12097299 0.384505689 0.44021672
    -0.188468337 1.22366691 0.488661766 1.75304222 0.21272254
    0.107022822 -0.709459007 1.63626015 -0.465740085 0.511961401
    0.783145308 1.13454247 0.84990871 0.00666028261 -0.301382303
    0.746353865 0.0521255136 0.241446376 -0.224772394 -0.0483999252
    0.736925483 0.667426527 1.00572729 1.24998701 -0.0494973063
    -0.119164228 0.688419163 -0.0328428745 1.74408627 -0.0195299387
    -0.446443826 1.51689076 -0.27733171 0.424134552 1.65923953
    -0.363102674 0.536117077 0.855394006 0.663980603 -0.206836402
    -0.332241982 0.564008296 -0.700764 0.369024396 1.0659287 1.31609654
    1.06147289 1.6595912 -0.281104982 -0.166248024 0.899609685
    1.27015412 1.59765959 -0.24009794 0.850779057 1.57094312 -0.14818728
    1.20141149 0.457239151 -0.760835171 1.73021054 0.559601009
    1.66271615 0.904834032 0.391931713 -0.815066874 1.29461336
    1.55243111 1.57650137 0.979009986 0.974139035 1.11643898 0.484564424
    1.79375052 0.708948731 1.08821702 1.44999433 0.046376586 1.27415025
    1.43087113 1.33448434 0.395790935 0.785075426 1.01328242
    -0.333454162 0.607622504 -0.414045632 0.0420943499 -0.431402504
    0.000593185425 1.37650037 1.57995141 0.50416559 0.771071792
    -0.552928746 0.798496366 -0.839820266 0.601033568 -0.239613295
    0.592765212 -0.087130487 0.861282825 0.919532657 0.152782142
    0.414125323 -0.169802845 0.675860345 1.46179509 0.207348824
    0.13680774 0.275994956 0.756535113 1.83807874 0.186086595 1.63106287
    0.579225183 1.21491385 0.269590735 -0.422003955 1.40926027
    1.14741683 1.38294649 1.56440616 0.737076521 -0.639761329 1.60256386
    0.883824348 -0.236706018 0.899588823 1.02323604 1.39310491
    1.33000147 0.65196985 -0.0402658582 1.40739679 1.33962846 1.38852334
    0.388475955 -0.412294149 1.46359324 0.123138845 -0.548225164
    -0.439900547 0.757633388 0.480232954 0.977096498 0.797830582
    -0.434371471 0.492650568 1.31487298 1.05294621 -0.342639565
    1.56765079 1.43650341 -0.768880069 1.27825713 0.111420572
    0.586916625 0.307794631 -0.665551484 0.0907907486 -0.559900701
    0.956210494 -0.0588445961 1.64418411 0.149526834 1.52554119
    -0.247617364 0.832392514 0.558062255 1.50215816 1.11164296
    0.0800216794 -0.458417773 0.212738752 0.642102957 1.44142187
    1.51291537 -0.59194535 -0.278988034 -0.350171268 -0.11047864
    1.51714492 0.542695284 -0.0799505711 1.49101329 -0.380736977
    -0.630553424 -0.455110788 0.0929054022 0.475146413 -0.641610026
    -0.244440466 -0.124319971 -0.496478558 1.58425045 1.38052893
    1.43363929 0.05964607 0.480459869 -0.596138 0.528021514 -0.519908726
    0.190013409 1.1777966 0.98163718 1.39661753 1.45197654 0.0148665905
    -0.181202859 1.71335232 1.76180458 1.65034866 1.67601728
    0.0943118334 -0.154219687 0.418735445 0.446190774 1.45717573
    -0.061645329 0.122639239 1.18658197 1.06263864 0.658310831
    0.945286632 1.51676548 -0.51260221 0.749019146 1.0630095
    -0.0239095092 0.0321967602 -0.661661863 1.17599273 0.528373957
    0.76580137 0.376676857 1.6189394 0.145137846 0.0785573721 1.68594861
    1.31797993 -0.214827955 -0.575003624 1.06190848 1.65916574
    -0.107486546 1.6868422 0.133518577 0.374999583 1.02067018 0.17864722
    0.941177368 0.841547728 0.623917937 0.331522286 0.208659172
    1.45226884 1.08726144 0.490778744 0.192289829 0.537947893 1.8716042
    -0.0502158403 0.413279057 0.226917744 -0.598239005 0.775283992
    0.258841217 -0.142048359 0.787081838 -0.587555945 1.35897112
    1.59555507 0.951464176 1.0451932 0.155069888 -0.126754642
    -0.555212736 0.801824093 1.16020751 0.74786216 0.185235143
    1.26826143 0.500801265 0.346456349 0.53693831 1.14213634 0.154259861
    -0.27316907 -0.131266892 -0.445948213 0.967386842 -0.106497407
    1.14283633 1.70395708 -0.153500855 1.66945481 1.40621042 0.442145348
    1.18167174 -0.0748405457 0.0238314867 1.4929657 -0.159627557
    1.21501899 0.704392195 0.956391811 1.50072408 -0.502351224
    0.566266596 -0.276722968 0.340492845 0.826948941 0.720196843
    0.632554173 0.294344544 -0.292617738 0.0345127583 1.30579257
    1.01230705 0.59349376 1.02091372 -0.870651245 1.00041032 0.273342907
    -0.488407522 -0.435651749 -0.682542801 0.752194643 -0.369541585
    0.948402405 0.478032053 0.192938447 0.519620001 0.662925422
    1.14064825 1.2653873 -0.674271822 0.541405618 1.26769435
    -0.767617822 0.257356107 1.55729127 -0.157200217 0.858041286
    -0.228764534 -0.00555306673 -0.234344333 -0.512897849 0.416838884
    -0.311879069 1.28640962 0.947178304 0.934009016 0.640913188
    0.686357319 -0.158362627 -0.590702713 -0.70453769 1.15376949
    1.56084037 0.384123743 0.544408798 0.110821426 1.31383264
    0.959715545 -0.149631619 -0.382041574 0.10120064 -0.523693979
    0.264876127 0.269807458 -0.705339849 -0.477318585 1.12989986
    -0.00116407871 -0.121729851 1.37846613 1.44529414 0.215409577
    1.0155313 -0.475400478 -0.740312815 0.995518744 1.33289349
    1.54475975 1.38543248 1.1871748 0.621814907 0.813009322 -0.394659579
    0.0822970867 1.07289863 1.23434258 1.56420279 -0.271826893
    1.03947783 1.24140573 0.664614201 0.973924935 1.07263529 0.696303189
    1.26626134 0.622000754 0.150377274 1.78166819 0.604395986
    0.199018359 -0.426976413 1.55624366 -0.548567533 -0.0114129782
    1.16732979 1.20912409 0.347068012 0.484311879 0.811742961
    0.682265043 -0.641680121 0.95002681 1.24326348 -0.479422867
    1.22678673 1.65232635 0.148069859 1.59174919 1.46281862 -0.381280482
    1.30575943 1.61821687 -0.595606565 1.23320341 1.35085487
    -0.682395518 1.6874516 0.308389187 0.904467821 -0.378098279
    0.521695971 -0.428307772 0.454862356 0.377555609 1.56837511
    1.13404679 0.412378848 0.525722206 1.44763803 1.31291389
    -0.0627214313 0.42330873 -0.24342072 1.74820077 0.270184159
    -0.558361292 -0.042478919 0.879954815 0.483873785 0.719893634
    1.3616221 -0.462783754 0.750754714 0.863599956 0.051266253
    -0.322393239 0.990816116 -0.318703324 0.210294604 -0.144070625
    -0.144017339 -0.067214489 1.02438569 0.570216477 0.329377115
    0.814080179 0.0776488185 1.23629761 1.06896806 1.14159036
    0.0571140051 -0.274013996 1.69334602 -0.0292006731 -0.714037538
    0.823890328 0.834307849 0.858438015 -0.566611886 0.0450284481
    0.340324342 0.756070673 0.0354902148 -0.107010961 0.414636254
    0.390939653 1.60870302 1.36070371 1.33632731 0.577403545 1.22486627
    0.505302429 1.75739658 1.68756509 -0.28493762 -0.352076799
    -0.448591202 1.78425264 0.975426555 0.173971593 1.14192939
    -0.38292703 0.816386104 -0.565683603 0.595534623 0.888777316
    0.746983826 0.513462842 -0.397997051 1.62623024 -0.0255107284
    1.12046552 -0.584353924 -0.704500079 1.56517482 1.50248289
    1.09246695 1.26578009 0.900046349 -0.0232596397 0.00231486559
    0.883892536 -0.703586459 1.20603514 1.49288785 1.21836114
    -0.36325559 0.851754487 0.23148191 -0.245954484 -0.141645074
    -0.0691559315 -0.236632049 1.63398266 0.962360799 1.4380697
    0.886987507 -0.52149868 1.21174777 -0.586446881 1.4429338 1.31088483
    -0.0730859637 -0.771822691 -0.0995312929 -0.078089416 0.487995982
    1.33854651 1.64124703 0.297854185 -0.304050267 0.792901397
    0.267111182 0.952497542 0.975052714 0.869278908 -0.65103066
    -0.699873805 -0.533049941 0.163787484 -0.60942626 0.291135848
    1.2844373 0.0478647947 1.27375281 -0.751228333 0.999444366
    0.00245839357 -0.708692074 0.128656685 0.945051968 1.11371756
    -0.22793901 1.24664867 -0.69739151 0.839876294 -0.639652193
    0.440966308 -0.44021216 -0.45938766 -0.345938027 0.535315037
    1.33183718 -0.602411687 -0.420217872 1.0138855 1.38366818 1.24473393
    0.935702682 -0.247247249 1.101354 0.0388579369 0.720595181
    -0.340916067 0.722524047 0.484197795 0.0507526994 -0.568837583
    -0.0746482015 0.0106387734 0.318755805 1.24484313 1.80389309
    1.25865757 0.465189576 -0.166155279 1.73266459 1.78165901
    -0.459966689 -0.125442505 1.13156772 1.12447643 0.372914076
    0.235524833 0.0196098089 0.799517632 0.873879552 0.821666837
    -0.270183742 -0.0584405661 1.36079693 0.223149478 1.57186007
    0.126041532 0.302714884 0.171507001 0.192403853 0.112683952
    0.24217546 1.08934093 -0.533574104 0.669735789 1.29007411
    -0.778092265 0.470321715 0.731977999 -0.100522578 -0.0922924876
    1.08242965 -0.193472326 1.08957458 -0.512907088 0.867226064
    0.0704057217 1.53745139 -0.8521595 0.60248524 1.64368415 0.659777284
    1.28325236 0.895427525 -0.00826954842 0.487751424 -0.105872631
    -0.548122883 0.64835304 0.898873985 1.71056581 0.157856166
    1.29191124 1.82499337 1.53881896 1.48856235 0.570969522 1.86650169
    0.785344601 -0.613185585 0.235499322 -0.399524152 -0.575514853
    1.03500557 0.34748131 0.122270942 -0.144070506 1.27892566
    0.442578912 -0.249052346 1.29687965 1.65903509 0.528623939
    0.0167008638 0.638590991 1.10263574 0.130342782 1.52303982
    0.294248223 0.674925268 0.681393206 -0.686511397 0.0303990841
    0.0321317911 -0.0808167458 0.82357502 0.547832966 0.322811365
    -0.43277058 1.10240388 0.494130254 -0.581893086 -0.739050031
    1.57292676 1.41083026 1.22634602 -0.0635691285 1.48431623
    -0.35906148 0.630828083 1.41217375 1.04207945 0.760252595 1.07172346
    -0.415914774 -0.410805464 0.238944829 1.62102866 0.159983456
    0.0294891596 0.0885590911 0.15876323 -0.0718448758 0.0727006793
    0.978809357 1.00109363 -0.383738518 0.661892533 0.105948925
    1.43667531 1.64229858 1.77287173 -0.227686405 -0.339390963
    -0.62391454 1.85488713 -0.702618897 1.36645865 0.700101554
    0.40212667 -0.251152366 -0.677495658 1.78460324 0.517750978
    0.510333657 0.627561927 -0.486954808 0.00469642878 -0.916048586
    0.715304375 0.976876318 -0.694265425 1.77532661 -0.457687408
    0.393448472 0.169696867 -0.161081851 0.336750925 1.61192858
    0.240865529 0.619034946 1.27284646 -0.680512667 0.945783198
    -0.0548692346 0.364459813 0.579482138 -0.44085741 0.361001492
    0.136055946 -0.0661307573 -0.0175673366 -0.64880383 1.55783939
    0.61330235 0.297217488 -0.386533022 0.747050822 0.194260061
    0.675959826 1.54677272 -0.324923515 0.159717917 0.541572034
    1.17171693 -0.654976666 -0.441979706 -0.480629802 -0.079559207
    0.959665835 0.517544806 0.264080524 0.624845684 -0.527396142
    -0.0113678575 1.74088883 -0.520199239 1.06512427 1.40821242
    -0.783658624 -0.542860508 1.09168911 0.846667945 -0.144570708
    0.638892233 0.4348436 1.725631 -0.7038427 1.03139114 0.20832324
    0.135851622 -0.321408749 1.49681544 1.2135154 0.746332228
    -0.0650106668 0.953136921 1.6464746 1.3137145 0.435804129 1.60303617
    0.166796684 0.957214713 -0.736715198 0.423979759 1.40044177
    1.47460175 1.27784812 -0.575666785 1.57572412 -0.260900795
    0.311799049 1.32259297 0.847482085 0.844685614 1.55145085 1.27823496
    0.0239673257 -0.370288223 1.73696375 0.254918456 1.10165513
    0.0962966681 -0.297608495 -0.229961455 1.43199468 1.45724273
    0.259222329 -0.223888308 1.31926966 0.753976941 0.976938307
    0.30668211 -0.437938333 0.251062632 1.24068952 1.78123236
    -0.215389252 -0.0417252779 -0.253884017 1.38078451 1.41402292
    -0.731314898 1.13089347 0.776472569 -0.680256426 0.605705857
    -0.161492229 1.06749737 0.235427737 -0.309110165 1.34560907
    0.610481143 1.76191974 0.0964406133 -0.121260405 -0.423796326
    0.158916235 0.792046964 0.360900104 -0.432993323 0.857473493
    0.140017748 0.820885956 0.669699907 1.0214541 1.19436288 1.59472573
    0.789974451 0.258132696 -0.390019834 1.30476713 1.22804952
    0.538024724 -0.480636805 -0.603665769 -0.132212996 0.251481116
    0.821649551 1.41962302 -0.487740815 -0.744103551 0.366927326
    1.20101821 -0.123866022 0.8679564 1.67428827 -0.55683589
    -0.294652343 1.07124186 0.211069167 0.956442773 1.17450488
    0.148933768 -0.487113059 1.51612782 1.76486099 -0.125409603
    -0.440855533 -0.218198448 0.232225716 -0.375799388 -0.475007594
    1.69060254 1.31527674 -0.27033329 -0.141428471 -0.441414058
    0.852155864 1.52141452 1.01290226 0.193066776 0.970829308 1.23926187
    0.560982287 1.10616231 -0.340915143 -0.177588582 1.77073407
    -0.184617162 0.713277936 -0.532529354 0.360298038 1.60551405
    1.08249271 -0.303277791 1.95789099 0.922528684 1.46937144
    -0.244493425 1.06922626 1.17548156 1.44817317 -0.863547623
    0.760169327 1.81295395 0.166540146 0.400579035 1.36437404
    0.186111391 0.966032267 0.667186141 -0.527684093 0.16670835
    -0.139448524 1.52810335 -0.331421047 -0.0148338675 -0.234428585
    0.62894088 1.72509885 -0.180506766 1.19938552 -0.117412329
    -0.588989615 1.48724747 0.499441266 0.396911204 -0.493414789
    0.261346638 -0.391942769 0.0315258503 1.0067625 0.539612114
    -0.449433655 -0.644059956 1.31642222 0.567581654 0.690870702
    1.00110507 0.404224455 0.511266172 -0.259016991 0.196854711
    0.407459438 0.0687987208 0.207777381 1.01874483 -0.0229420662
    0.621882677 0.522755146 -0.620634079 1.15612233 1.31361032
    0.926257014 0.307355106 -0.680452943 1.56861043 0.879267395
    0.0168828368 0.055237174 -0.350068897 -0.621196806 1.59754205
    1.00077784 -0.660691082 -0.393352419 -0.60282582 0.593714833
    -0.0117384195 0.128843307 0.887851536 0.411255479 0.407986939
    -0.44696492 0.196689129 -0.288211763 1.48631334 1.68366909
    1.57373166 0.172298551 -0.658180714 0.0887624025 0.910520792
    -0.209572315 0.710868597 1.03217077 0.598238289 1.52413177
    1.64099813 -0.331999481 0.596411943 -0.681543052 1.18096733
    0.74365443 1.37258434 -0.526699662 0.491115808 -0.542014897
    0.916527152 0.285996675 -0.395426691 -0.65937978 1.50639629
    -0.649491429 1.55751419 1.65796089 1.40010715 0.528691709
    0.412947953 -0.135477722 1.68408835 -0.0551617742 1.68374574
    -0.481773406 0.550771892 -0.362751245 1.10629988 1.0557034
    0.136852026 1.06102324 0.12586236 -0.180690408 1.79055905
    -0.407003492 0.294521093 1.05075192 0.595140636 0.0171129107
    0.91658181 1.66853714 0.261914313 -0.727828026 1.67056406 1.68632114
    -0.476043969 -0.442567438 -0.500319123 0.130242765 1.20304918
    -0.28343606 0.452967584 1.2414521 -0.135427892 1.58015001
    0.403666914 1.835392 0.524018705 0.894917846 -0.573071003
    0.254593551 1.40770483 -0.402601987 0.157038569 0.568723083
    0.360002577 -0.541035175 1.87201858 0.783539772 0.25093025
    -0.576521993 -0.0672956705 1.25009966 1.17563164 1.11645257
    -0.149781942 -0.665078819 -0.167643547 1.2512691 -0.476711631
    -0.314832568 -0.456293166 1.385391 1.60911322 0.716682732
    0.685097873 0.91744107 0.507788062 1.37539482 1.35054541 0.16064781
    -0.540310264 1.43688869 1.75593686 0.803696334 0.231126785
    0.589380324 0.221963644 1.02913797 1.26003158 -0.1691342
    0.0107750893 -0.739141405 1.23731399 0.839119613 0.632290959
    -0.172188938 0.754422009 0.289813042 -0.097433269 0.303968817
    -0.340163171 -0.580934525 0.901473105 1.01837659 0.380739033
    1.32883859 0.923303723 1.3788414 -0.144459546 0.121334791 1.19982243
    1.15792942 -0.481194258 0.32723552 1.08849013 -0.66200316
    0.376891136 0.734067917 0.202114463 0.991052091 1.66431713
    -0.699893594 -0.615642428 0.317056835 -0.478773922 -0.231646776
    -0.727992415 0.729295313 -0.203412712 0.927783787 -0.635879099
    -0.180078447 1.81861782 -0.0528425574 -0.0618910789 -0.490249932
    -0.708572149 1.04986143 -0.512999833 -0.541808844 -0.253346115
    -0.656197667 -0.320493311 0.617601037 0.304526985 -0.0555425882
    0.542772472 -0.623307288 0.00643825531 0.802477181 -0.0911667347
    -0.358358055 0.115125 1.26119721 1.70788908 1.22411346 0.477183878
    1.30502367 -0.139121115 0.907563031 0.990209877 -0.486581504
    0.941738904 1.04731405 -0.21553266 0.226644397 -0.670449555
    1.87142944 -0.195117563 -0.641958237 1.04939222 0.924324214
    0.59741348 0.56374377 -0.0533441305 0.294880688 -0.459253132
    -0.492135823 0.484174252 -0.0285146832 1.75263286 1.29741144
    0.102703869 0.746615708 1.37370801 1.48817182 0.892739654
    0.798267126 -0.370928377 -0.56486249 -0.337374806 0.074275434
    -0.560734928 -0.187295377 1.09878504 1.80623019 -0.27831611
    1.61151493 1.41934586 0.474948823 -0.612737417 1.22979343 1.57005548
    -0.400077939 0.773711503 0.269157588 0.875799417 1.81203008
    0.744833708 0.573892593 1.42562127 0.403705537 0.444742143
    0.234592617 0.0606969595 0.264255345 -0.342391998 0.842114091
    0.210263908 1.19412923 -0.399637103 0.459268749 0.717645586
    0.777650476 0.119288027 1.71107757 -0.319417804 -0.658216834
    -0.516574502 1.35326409 0.154978156 1.32627797 0.358678579
    -0.0177025199 1.31503367 0.772077799 1.36924195 0.991505682
    -0.45686397 0.492456496 -0.163310051 0.592255771 0.856363714
    0.557639778 0.665703237 0.867099047 1.45138121 0.483415365
    1.73790288 0.634259105 0.160592914 0.566274107 1.03137791
    0.832091212 1.12878454 -0.0440799892 1.51190186 1.38865662
    0.549862027 0.394353271 -0.754835963 1.60721254 -0.164627612
    0.680631816 0.282866001 -0.411457628 -0.152238786 1.21055818
    -0.644349337 1.20064783 0.35408783 0.754285693 -0.724721611
    -0.467110902 1.28698182 0.512954772 0.992816806 0.880809844
    -0.511196852 -0.149362326 1.32704067 1.10359526 -0.807581544
    0.868651748 1.35925913 0.590714216 -0.572317541 0.990087152
    0.424323916 1.33854771 1.7166667 -0.346736521 -0.522588611
    0.597931683 1.3480494 -0.647544742 -0.537866235 1.24720693
    0.531835258 -0.0453444719 0.63582176 0.470609665 -0.234693021
    -0.241247386 -0.658712029 0.236949265 0.581563234 1.28264546
    -0.211078882 0.310905695 -0.108983636 -0.136814058 0.374680817
    1.53871989 -0.450960219 0.958024085 -0.546182871 1.59303069
    0.6628474 -0.483315974 0.589655817 0.0230338573 1.24635577
    1.33306015 0.831935167 1.42505121 1.38251889 0.216202736 1.30271983
    1.45525634 0.614073873 1.3554244 -0.615814745 0.770396948 1.04804778
    0.290100098 1.36033642 -0.566224217 -0.617272973 0.277336836
    1.70048726 0.714124739 -0.734531224 -0.535725713 0.0225681663
    0.810131907 -0.0470323563 0.890696228 0.69419235 0.528544188
    -0.334013879 -0.447091013 0.78738755 0.657316267 1.71379161
    0.519944847 0.198611736 -0.2920793 0.791804969 1.55337489
    0.518769145 -0.451102585 -0.236460805 0.281530499 0.156543434
    0.0607199669 0.28677392 1.78268313 -0.146879435 -0.505362332
    0.660284162 1.07061744 0.298049808 0.0629398227 0.904832184
    0.193657756 0.0911671519 0.954696059 1.37379003 0.278348863
    -0.0858576894 -0.0161604285 0.220290601 0.847283244 1.21220279
    1.02472782 0.329300463 1.57036734 0.431376159 0.645690322 1.19570935
    -0.586858749 -0.0646352768 0.492344439 -0.725859761 -0.425826192
    1.87074006 1.23272824 1.23623538 -0.380405128 1.51233506
    -0.527310908 -0.235256255 0.772222579 -0.372544736 -0.356479853
    -0.577880621 1.63327765 -0.521202683 -0.558339357 -0.0730643272
    -0.214429915 0.331905007 -0.193546534 0.23439914 0.314731359
    1.65863347 -0.270400763 -0.536050797 0.0547658801 1.54030824
    -0.033559978 1.28652382 0.242505491 0.197943211 -0.541501462
    1.11593008 1.57496881 1.02480292 1.78306413 0.458825827 -0.336536407
    1.44169307 0.713431835 1.13307691 0.878204465 0.788209975
    -0.0871451497 1.34608018 0.422236681 0.584079027 0.0665559769
    1.59786439 -0.186736763 0.271980286 0.640125811 1.74603844
    -0.339816153 1.64843822 -0.712857783 0.131569803 0.92723614
    -0.714949131 0.81660378 0.0890086293 0.345222533 -0.399484456
    1.06483555 -0.391161263 0.573382258 1.24192977 0.73904109
    -0.316055536 -0.793476045 -0.0381876826 1.30878878 1.3797406
    -0.536421418 -0.227315426 1.40665174 -0.626228213 0.406324148
    0.0346363783 0.500699043 0.364995956 -0.0428494215 1.42470932
    1.49735105 1.35404098 -0.328271717 0.11672467 0.672096372
    0.926405907 1.00638902 -0.272314548 1.11410928 -0.351023495
    0.484315872 1.29369891 -0.529679894 -0.363438547 -0.453109741
    -0.723540664 1.77031231 -0.274826676 -0.149190068 0.608335197
    -0.199637949 0.927170157 0.782363713 -0.479644209 -0.5962708
    1.18960166 -0.181110263 0.655537784 1.02629101 0.136769891
    0.968877077 1.0092243 -0.000437319279 -0.123546362 0.521507263
    -0.63695997 -0.554189742 1.4177525 0.15332216 1.55653548 -0.58447814
    -0.621950269 -0.104230464 -0.365607947 1.68097377 -0.458368391
    0.960947812 -0.500315607 1.32141817 0.997438908 -0.0422022343
    -0.511822581 -0.520844579 0.931732774 0.0701447129 1.04132104
    -0.539794564 1.70608735 1.18565464 1.00931633 -0.223015368
    0.112237036 0.372028828 0.498319209 1.24139905 -0.811253607
    1.40408111 0.864052832 0.413756132 0.0665393472 1.20939529
    1.73263502 1.53556776 -0.469884306 1.36381221 1.66514945
    -0.0870565772 1.60662293 -0.607341766 0.312108576 0.117805421
    0.519872844 0.902574897 0.0458116531 1.1587224 0.805024624
    0.530894041 1.02754784 0.299600065 0.0503801107 -0.522359252
    -0.532037258 0.976392567 0.463112056 1.13625479 0.577679634
    0.272156835 0.781918585 0.457404673 0.555442452 0.92089361
    0.272605062 1.21370077 -0.348696172 0.808840513 0.642642736
    -0.291987717 -0.273943245 -0.830298066 1.21306014 0.323583424
    -0.595371366 -0.0767016411 -0.640672624 -0.622567236 0.377723455
    1.02428961 -0.274003506 0.68057853 -0.84096086 0.931555688
    1.45343208 -0.042103231 0.94376713 1.51426446 1.53233957 0.82817924
    1.605165 1.32159066 -0.144200623 -0.648046613 1.3233875 -0.748965502
    -0.180197954 0.417022228 -0.38174203 0.427994013 0.404562533
    0.824651599 -0.201097906 1.58882546 1.62036812 0.220353603
    -0.452326089 -0.240201533 -0.484000325 0.239029527 -0.286857784
    1.27182674 0.692819297 0.93897301 1.74057603 -0.0217182636
    0.381508887 0.193991601 -0.611471415 1.46333241 0.606219351
    1.68873453 0.964404583 1.69513655 1.55962217 0.525728106
    0.0510222912 0.931769013 1.29952526 0.62698245 1.70890093
    -0.427830219 0.457977176 1.13686633 1.79716659 0.0231117606
    1.18186533 0.831099093 1.17529225 1.09825301 -0.193194985
    -0.0477873087 0.217022002 0.998696208 1.17697144 1.14153218
    1.81812167 0.734718204 -0.463796377 1.15139902 -0.29245007
    -0.314964026 1.61850977 -0.119499028 -0.443684846 0.0780779719
    1.73195529 -0.300508767 0.396800935 0.345339537 0.874161899
    1.38373828 1.54804778 0.291790366 0.202180266 1.31006801
    -0.440203547 -0.496266365 0.0956150889 -0.636944413 0.25891012
    -0.632241964 0.533259749 1.39976156 1.07517815 0.872689188
    0.36567843 -0.637014747 0.290044606 1.71193075 -0.658983648
    -0.213055491 -0.741090953 0.635884941 1.28897929 0.619605303
    1.01791286 1.67423892 1.68983293 0.0761182904 0.385994077
    -0.621317565 1.67414737 -0.776761889 0.202117682 0.166647494
    0.0992520452 0.795454383 0.512064755 1.22098172 1.53254008
    0.404790461 -0.377099246 -0.308852434 1.51436579 0.473283708
    -0.273065448 -0.389816582 0.71579814 1.29961514 0.453285277
    0.824736655 1.06451178 1.7023474 -0.420065343 1.48097515 0.518700898
    0.971222639 1.19921684 1.12184715 0.425672531 0.114618778
    -0.464298636 1.62897682 1.8278774 0.214704394 1.45904732 0.98630482
    0.390460134 1.50199664 -0.512459397 1.66742325 -0.117926657
    -0.263737768 1.71231318 1.07140779 0.769163728 0.0860090852 1.78766
    1.02236342 1.16652656 0.141323388 1.44413197 0.403822005 0.804543555
    0.956009448 0.171122074 1.17470384 -0.0149756074 -0.0359932184
    0.932801723 0.18320936 -0.114391506 0.51885581 -0.612275422
    -0.0689626932 1.58974266 1.41443038 1.06046832 0.0755423307
    0.797165394 0.881367445 1.61370301 0.137125254 0.707483113
    0.86179626 1.59250832 1.0043627 -0.45093298 -0.528885484 1.43461633
    1.55046427 1.59603095 1.2411263 0.810960352 -0.574590921 0.829284847
    0.0802516937 -0.340062141 0.885804355 -0.00758624077 1.07258797
    0.915219188 0.641462266 -0.836020947 1.62158287 0.48483175
    -0.173523426 -0.0857067108 0.263362288 -0.323506296 0.161261678
    0.533532262 0.731993198 -0.0111609101 0.432067692 1.1726557
    0.448164821 -0.532353103 1.43486774 -0.272138029 1.37711322
    0.895938456 1.0966301 0.153088868 0.779408276 1.42318881
    -0.454900056 0.942366183 -0.159953803 0.738212705 0.395782769
    -0.492028832 0.0309041739 -0.0122549534 1.46065402 1.03949058
    -0.0157554746 0.905106306 1.22959995 0.481148958 -0.0272185802
    1.50600088 1.31212735 0.799303591 0.215077162 0.626017213
    -0.133956552 0.411289454 1.30346251 -0.487652779 1.63922286
    0.621681094 -0.610142589 1.67242694 0.140887439 0.235204875
    1.07766962 0.197450042 1.36028707 0.0348709226 1.67132473
    -0.340761483 -0.145068109 0.412987828 0.763185978 1.30598855
    -0.659199297 1.42783833 0.056933105 0.847590566 1.69834197
    0.808114946 0.862280905 0.532677114 0.341483772 0.408409536
    0.761419415 -0.543775201 -0.0580394268 1.75826061 1.42253017
    1.55430543 1.04684401 0.625335336 1.05906808 0.351740956 1.84874439
    0.0337551832 1.4710021 1.09852958 0.00478720665 0.0538401604
    0.859325826 -0.39932254 0.241210759 0.298305929 -0.0234214067
    -0.520959496 1.06893837 0.524359107 -0.652822435 0.133858979
    1.71528506 -0.161054075 -0.422506303 0.664499998 0.549298286
    -0.175488174 0.494657815 1.02985191 1.02871156 0.476087511
    0.590793908 -0.15703696 0.379424572 1.02850425 1.44695902
    0.798725367 -0.0612519383 1.27911329 0.841109872 -0.415856242
    -0.741004407 1.67057812 1.50390482 0.818125606 -0.278952599
    1.85036039 -0.574124277 1.01236868 0.343163908 1.39444149 1.68835783
    -0.697241485 -0.470024407 1.75193214 0.531145215 0.345006645
    0.808644474 0.633175194 0.0635123253 0.308097661 -0.199505448
    1.57888603 1.64127839 -0.833443999 0.565314114 0.839621961
    0.315187871 -0.31423229 1.29754853 -0.472682565 0.0970575213
    1.71567702 0.286067128 -0.33405003 0.763721764 -0.339195073
    1.62561238 1.14420128 0.0370770693 -0.7809062 -0.594303548
    -0.211126268 1.14321494 -0.615380287 0.776133001 -0.339357018
    1.67775011 -0.567860007 1.26589179 1.25318003 -0.518633902
    0.0704162121 -0.288362712 -0.617900133 0.189165294 1.19612885
    1.32278287 0.259741724 1.61298048 0.48207593 1.15095747 0.518521845
    0.655069649 -0.121776402 1.7644527 1.68369794 0.100521743
    -0.521567523 -0.0194225311 -0.215538859 -0.54076004 1.32126462
    -0.0725291967 0.0833545923 -0.230687797 0.987775683 -0.582918882
    0.06662184 -0.0715919137 0.78395313 0.217393398 -0.122032642
    0.161497951 -0.035503149 0.510435283 1.31188226 0.468288422
    1.38816929 -0.157213867 0.0107929707 1.58576906 0.340772331
    1.35688972 0.902153134 -0.0375964642 1.76951516 0.51496315
    1.42948043 -0.596304834 -0.28567642 1.7691555 0.624667227
    -0.12808764 0.346494496 0.747256339 0.101921797 -0.489976406
    1.7106787 1.86395383 -0.573627174 0.690428376 -0.284404099 1.4438746
    0.139683962 1.40852344 0.828411043 -0.678160787 1.18155551
    1.39229155 0.878229797 -0.0967556238 0.0210511088 0.939788759
    -0.282560736 1.17714047 -0.0458438993 -0.459175467 1.52543736
    0.77738297 0.63695699 -0.455340385 0.496123791 -0.033216238
    0.997728586 0.721291304 0.686254561 1.17442095 0.884751856
    -0.203079939 0.555348694 0.431263328 -0.303033888 0.0757057071
    1.79925466 -0.473562807 0.730672717 0.0716027021 0.262427747
    0.966087818 1.59492409 0.843366802 0.412032366 0.129512787
    0.834224582 0.46573025 -0.64570719 0.454016984 0.566157877
    0.234223664 0.591784179 -0.397539288 0.513602138 -0.706298769
    0.157390535 -0.390164673 1.71643662 1.37825155 0.0102531314
    -0.755808592 1.28812599 0.991577566 1.49002838 0.292570591
    0.522230446 -0.728842795 0.385559261 0.54652518 1.00551891
    -0.35180524 -0.498627752 1.01602256 1.34806824 -0.042060256
    1.0593245 -0.636183023 0.877017558 0.601549864 1.06253314
    0.603974879 1.20183539 1.65717173 1.18641567 0.543390632 1.52523315
    -0.772850513 0.882485271 0.620905995 1.09977484 -0.166403055
    -0.673312604 0.843177974 0.640061557 1.50248158 1.5857451
    -0.0223753452 1.04587805 -0.37948513 1.09952354 1.54045033
    1.07088065 1.34874392 0.233282566 1.19042397 0.108892322 1.58099556
    1.2300663 1.49913192 1.45617998 0.101062238 -0.495565236
    -0.564726591 -0.0166968703 1.10612798 0.592957199 0.534823
    0.27678895 -0.185383677 1.52984428 0.534443796 1.49260795 1.11140132
    1.55705547 -0.310380936 0.270267427 -0.641826928 -0.660856545
    1.36024117 -0.227175891 0.524139047 1.07496762 -0.67351687 1.6007278
    0.573298693 -0.59116447 -0.34547919 0.565798521 0.92113167
    -0.505052507 0.641513646 0.853270531 0.958027899 1.59870338
    -0.273714662 -0.238809526 -0.680775106 0.178103864 0.503907204
    1.30288625 -0.0655909777 1.07897663 1.42309797 0.26010865
    0.503565311 -0.5135746 0.199881017 0.0318746567 0.789099514
    0.130920351 0.681685686 0.0861484408 0.926994681 0.468225658
    -0.103143394 -0.396063179 1.02824879 1.04867721 1.59006107
    -0.815897942 1.57261395 0.670040011 1.47667193 -0.0596814156
    0.506409407 -0.0892177224 -0.322953761 0.238959789 1.32760072
    1.57645416 -0.417382568 -0.0502467155 1.50719786 0.822574317
    -0.355275959 -0.264980078 1.43181586 1.46958184 -0.371535182
    -0.486191273 0.845888019 1.48522949 1.30702484 0.959303319
    1.62632883 1.58645284 0.91810292 0.263083875 -0.700400889
    0.300150573 0.0609134436 1.42918551 0.220226943 0.322579384
    0.588195086 -0.0575839281 0.028593421 1.30584097 0.666650712
    0.0208429694 1.28666091 -0.780451655 -0.176234543 -0.00625014305
    0.800604463 0.431738198 0.436435282 1.25369942 0.18097347 1.16728747
    0.866279721 -0.49167046 0.49198544 1.27668858 -0.155589819
    0.225115597 -0.11319536 0.342853248 -0.526555538 0.257956445
    1.72020483 -0.339049101 0.514255285 0.162389338 0.492555857
    0.143167555 0.0549601912 -0.685174406 -0.0911431909 -0.221590817
    -0.429510593 0.263877928 -0.169669509 0.350718498 -0.342028946
    0.922733307 -0.245996445 -0.166318953 0.903004289 1.64056778
    1.07415891 0.810561955 -0.0211028457 1.11045849 -0.258585155
    1.35286736 -0.614143014 -0.728549063 -0.120606244 -0.71344775
    0.895035207 0.958753347 0.229820251 1.36049151 0.95431447
    0.395554185 0.704044759 0.471275508 0.960603893 1.1180191
    -0.472558916 1.09399498 0.948162675 -0.818100452 0.363856256
    1.42558634 1.78823102 0.916651309 0.703586519 1.5550077 0.528179288
    -0.340004981 0.350738585 -0.276920199 -0.111698449 1.79912257
    0.435674489 0.844274163 0.418805122 -0.670217633 0.268082321
    -0.020190835 1.74558091 -0.731154561 1.59720421 -0.0307238102
    0.897241235 0.392894804 0.613393843 0.084965229 1.2675786
    0.410891473 0.238657057 0.488151371 1.3893826 -0.373027563
    1.00592756 -0.166190684 1.15982342 1.7649883 1.22287607 -0.286143839
    0.825210512 -0.103119373 0.316101372 1.5391686 1.24930644
    0.880044043 -0.593777895 -0.0259884596 0.257160902 1.26055527
    -0.800888062 1.60281825 0.803006589 -0.59469986 1.38093531
    -0.364434093 0.820123315 1.43737578 0.718378901 -0.901195705
    1.42646837 1.33707643 -0.729421914 0.0222323537 -0.697933733
    0.908470392 0.470835924 -0.853104234 0.375715673 1.52958763
    0.338215113 -0.00572061539 1.55264437 -0.00553196669 0.123817027
    0.390808582 0.600341976 1.17522788 0.426795483 -0.0443043113
    -0.10386169 -0.143131137 1.59014869 0.984870315 -0.533547878
    0.0384808779 1.38599801 -0.39335376 -0.766121447 0.139930248
    -0.558044672 1.10173583 -0.0505241752 -0.0675141811 1.07440257
    -0.26319927 0.0900167823 -0.676618338 -0.574092269 -0.515792012
    0.707223773 0.204237998 -0.577467799 0.459321141 1.24612164
    -0.308091342 -0.105320215 0.734788895 1.1983521 1.22659039
    1.33916569 1.36785293 -0.734648108 1.02963281 -0.76150012
    0.697742999 1.25599432 -0.138676941 -0.448762745 -0.0388379693
    0.808239579 0.653523147 -0.0557944179 -0.75163126 0.795817792
    0.711815774 -0.861417711 0.0669161677 -0.479243726 0.166874945
    0.318891406 1.36839128 0.528949618 -0.255812585 1.58563733
    -0.302474201 -0.469956517 0.900324762 0.856258988 0.557711661
    0.0335454941 -0.75390166 1.60851836 -0.760600209 -0.0647066236
    1.56516075 -0.18077004 0.170713961 0.742494702 1.52581096
    0.746397197 0.111165583 0.438875198 0.300907791 1.53968215 1.4697814
    0.195063293 0.860176921 -0.0781336427 -0.0461470485 1.69742846
    -0.431194276 0.299181998 0.843244076 0.822470486 0.460288465
    -0.312382519 -0.331558108 0.657392502 -0.414041191 0.964414477
    1.06330144 -0.0828883052 1.11196017 0.46118921 0.0341506004
    -0.355368733 1.65478289 -0.304507673 -0.269157648 1.51410806
    1.19230866 -0.714772701 1.07722902 1.68265653 0.445917487
    0.461087883 0.372439861 0.0763284564 -0.208370924 0.0698020458
    1.47797203 0.150041699 1.04969203 1.43433285 0.387620449
    -0.501148343 -0.319039196 -0.358275056 1.30293107 0.442011833
    1.42963624 0.329992354 1.17133772 1.64836121 0.0952790976
    0.668711364 1.39888382 0.636023343 0.743009448 1.29742503 1.74307346
    -0.574749172 -0.166844308 -0.481123507 1.82424831 1.15373194
    0.243788183 -0.508133113 -0.559368789 0.399209321 0.111997068
    0.515042782 1.22652888 0.837718725 0.893259525 -0.506583691
    0.0841907859 -0.318136066 1.06799555 -0.689434052 0.0244024992
    -0.138559222 1.71387362 0.260108888 0.606831849 1.29588985
    1.43674421 1.41727531 -0.339561552 0.0491190553 1.71034527
    1.00374413 1.26436198 1.34690416 -0.79178679 0.379974902
    -0.626733661 0.176975965 0.78018415 1.40866137 1.11699581
    0.127381504 -0.737349451 0.783816218 -0.690037727 -0.132443607
    1.20632279 0.376726031 1.2069416 -0.264582813 -0.775754035
    0.317123771 -0.472770959 0.675439 1.35736644 1.53955936 -0.415047258
    0.359174311 0.365218878 -0.194135845 -0.675294399 1.24993408
    0.395080268 0.221660316 1.19419384 -0.209092081 1.69089723
    -0.389814645 1.24392307 0.845996976 0.945142806 1.32414806
    -0.832070112 -0.773613751 1.75674701 1.34192538 0.737532854
    0.205573618 1.48882413 1.5599885 0.418981314 1.00341773 1.73272467
    1.74266601 0.446273506 0.95280242 -0.382613808 0.901848853
    0.595317006 0.0415741205 1.04192531 1.72742033 -0.749608278
    -0.422054023 0.620753527 1.59001732 0.14497906 -0.0700491071
    -0.00628376007 1.22511601 -0.382309645 0.793589115 1.56891787
    0.769424498 0.872981131 1.70236099 -0.07657969 0.788285494
    0.408415616 1.12560809 1.36596799 0.458048522 -0.335291326
    1.08499861 0.367665052 -0.661072254 1.44346309 -0.512187302
    0.529415905 1.05314577 1.6111331 1.48635721 -0.846096039 1.22663713
    1.47373915 -0.296967626 -0.231402099 0.0111036897 -0.20735991
    0.804084063 0.36989373 0.013305366 0.362422645 1.7061131 0.105801344
    0.977133393 -0.454723299 0.324596465 -0.0141266584 -0.663308203
    -0.536868989 1.42744684 1.17161286 -0.426169485 1.2488203
    0.324794233 1.77021146 0.539023578 1.32515252 0.0977367163
    0.166219831 1.4517827 -0.494741261 0.0111497045 0.726632237
    -0.340093613 1.45528746 1.22058427 0.544404209 1.35424948
    0.465854526 1.55421221 0.754089594 0.549071252 0.0608174205
    0.364343822 1.35396051 -0.373217881 0.979542136 1.34081805
    -0.53301686 1.39710426 1.77581739 1.21874106 0.465016186 0.497210741
    1.43347359 1.33752644 0.986902475 1.0333879 0.316083133 1.3793031
    1.18492842 1.37309241 1.21022391 1.04128015 1.06003487 -0.551681042
    1.20461595 0.742456794 0.302576602 1.21334481 -0.697560132
    0.181486785 -0.309774876 -0.379752725 0.623101294 1.42854321
    0.682310402 0.44865948 1.59091043 0.228630841 0.0260154009
    0.988612592 0.018316865 0.494251907 0.636338294 0.354090214
    1.45976806 0.607195318 -0.172586858 0.621383846 1.07589519
    0.325129569 0.0358493328 0.280117273 0.68710804 -0.164523244
    1.71757472 1.42525268 1.32291102 -0.0874661207 0.452503622
    1.13656425 0.386593103 0.946555734 1.4466244 1.72584355 -0.628876805
    0.418077111 0.0389181376 0.870316148 -0.152646959 1.47518611
    0.922187746 0.994720578 0.319681168 -0.496559978 0.69912672
    -0.0355684161 1.10201097 1.01874661 1.77632558 0.08406353
    0.0356038213 0.763240218 1.32098103 -0.14806819 1.07953954
    0.261151195 -0.31369698 -0.640250027 0.960055351 0.249183238
    -0.123451293 -0.346006364 0.294337749 -0.300649971 0.153125823
    0.938506961 0.197880566 0.143606842 0.435297251 0.425702512
    1.46487451 1.8177774 0.912451863 -0.167853951 0.468735754 1.35594797
    0.475124419 -0.273939252 -0.44067511 1.85234594 0.393499494
    1.65729451 -0.173645437 -0.174498558 -0.409467816 1.46989274
    0.51550591 -0.134863317 1.33169174 0.449467421 0.993826389
    -0.115481377 0.581264436 0.648969889 1.33224452 1.44749629
    0.852391243 1.11781001 0.794440329 0.0710303783 0.123700023
    0.80729866 1.05764806 0.0686795115 -0.369029254 1.2325964 1.7254343
    0.994920552 1.63856447 -0.187725008 0.359484076 -0.655007362
    1.03515387 -0.489558011 0.650984108 1.22457993 -0.762782216
    1.30110359 1.54817319 -0.326531053 1.27811384 1.00779748
    -0.374436349 1.57322836 1.52242303 0.251383781 0.16441673 1.38298178
    0.345112383 1.77951026 0.484967411 -0.0076033473 -0.812617898
    1.40831494 0.627787828 0.926994085 -0.551343083 0.853530169
    -0.950560212 1.25950313 1.4292587 0.422223926 -0.596763134
    -0.917771101 -0.036683917 1.49694633 -0.326418608 0.481014132
    -0.521148562 1.46491313 1.02556372 -0.305123448 1.46416318
    -0.718224049 1.11414468 1.80677629 -0.276012719 1.54729497
    -0.298651874 -0.171693027 -0.207389325 1.59775662 -0.393929273
    0.845967472 -0.106757104 -0.273550451 0.944717765 1.09973931
    -0.311760068 -0.368346721 0.613836229 0.132973909 1.68275845
    0.129181802 0.131223679 1.46413803 0.227878988 0.930425406
    0.592184722 1.01926517 1.37246466 -0.145364642 1.01395273
    0.744829416 0.758540928 1.61985147 1.70849371 1.28166008 1.42400253
    -0.256161541 1.63122272 -0.316797674 0.427775323 0.355787337
    -0.523123503 0.497263551 1.3615222 0.506232381 0.205459595
    1.78322649 0.0658842325 -0.445915371 1.54238498 1.79436636
    0.25999397 1.01056194 1.52570391 1.23827505 -0.250365376
    -0.449272484 0.779323339 1.72090054 1.06354141 0.535371125
    -0.55789119 0.604338229 1.31936181 0.398578823 0.440687835
    1.74779201 1.16851246 -0.152089 0.426641047 -0.0287478566 1.37758482
    -0.0322405696 -0.396410733 -0.524686337 -0.563731015 1.0907414
    0.571961522 1.40358448 1.70416403 -0.484044075 0.706309736
    0.401300192 -0.406291276 0.931041896 -0.309768975 1.60461032
    -0.273542047 -0.707444847 -0.470734119 -0.0488564372 -0.711149633
    1.31662035 0.122406244 -0.122401059 1.4678967 1.78817868 0.914564073
    -0.380397379 0.977265418 0.629340231 1.20280576 -0.517807364
    1.26545167 0.27686125 0.243104756 0.446608603 -0.577360868
    -0.42140156 -0.762747645 0.614139736 -0.780145109 0.357212543
    1.66152084 1.41741228 0.978973508 -0.464957923 1.52793241 1.37072563
    -0.789182484 -0.234730005 -0.738579094 1.22521734 1.32885003
    -0.613688827 -0.573105931 0.29000473 1.74641323 -0.389905334
    0.397156835 0.560750663 0.76841265 1.23979211 -0.767766237
    1.08956242 1.48763478 0.826066494 -0.340035379 0.426261425
    -0.745860517 1.1032877 1.70961833 0.532499254 -0.551755071
    0.103563488 -0.490259081 -0.22749263 1.60027957 -0.0217986107
    1.45673633 -0.402608126 0.0167893171 0.929285884 -0.215367854
    1.61216283 1.58321142 -0.599308729 0.277573824 0.679134607
    -0.607610047 0.710514665 1.32355809 1.24214983 -0.430019826
    -0.357241929 0.358306408 0.962477386 1.49316669 0.831385314
    -0.408405334 0.464646161 1.38266659 1.5855422 -0.657915235
    0.549381733 1.05615711 0.910317481 1.26186538 -0.533317804
    1.34219873 -0.455970317 -0.263317376 -0.196640223 -0.148880541
    1.3376435 1.56280041 1.33068323 0.513786495 -0.265804231 0.671381235
    -0.0334150195 1.16801393 0.0242586136 -0.651386857 -0.630057514
    1.3344655 0.910044074 0.00768226385 -0.88026011 1.31337523
    0.620948076 1.49969459 0.999319196 0.243556082 -0.0719420314
    0.134700239 -0.317688525 -0.139095902 1.66571665 0.421411216
    0.202384353 0.843050003 0.423070192 0.207929909 0.810970008
    0.570681572 1.48537183 -0.385752439 1.13485789 0.799409211
    0.361548126 0.655764461 -0.247700721 1.47518754 0.407292545
    0.284764409 0.19274801 1.3157177 0.185982645 0.0811806917
    0.541165113 -0.543217659 -0.66513896 0.398830354 -0.65403378
    0.0728005171 1.63525271 0.472335398 0.800595522 0.203324556
    0.298571467 0.0208209753 1.16919351 1.23495471 1.51530933
    0.981271327 -0.0972626805 0.773819923 0.579312503 -0.370975018
    0.750852287 -0.418740541 1.37424123 0.866052628 -0.240015268
    1.1949513 -0.509822071 -0.614219129 1.71276259 -0.275088608
    0.524612427 0.128297567 0.28410989 -0.332879245 0.418513596
    0.562101722 1.31708002 0.0332545638 0.594358325 1.06444693
    0.896121919 -0.0711569786 0.816906571 1.56913388 0.401547611
    -0.443886995 0.793534756 0.921636999 0.584914267 1.65183353
    0.500667632 0.219599724 1.67214334 -0.749648392 0.944746852
    -0.246695489 0.460775912 0.224698603 0.106599271 -0.230283558
    0.732407272 1.48658538 -0.621732235 1.44953752 0.815640152
    0.612779379 -0.176690817 -0.049531877 1.06290841 0.557348669
    -0.268312931 0.686933637 -0.266112268 1.65821636 1.24051046
    0.391157448 1.20702243 0.536348343 0.414055169 -0.778408527
    0.440221965 -0.491762042 -0.105982006 0.476215601 -0.0233203769
    0.845998108 1.45289254 -0.0645739436 0.064674139 0.0262836814
    0.552570999 -0.457204789 -0.0320483446 -0.0420758724 1.11470699
    0.819799423 1.70113873 1.51779723 -0.00301492214 0.21893841
    -0.506471932 1.85472322 0.803202748 1.61667264 1.45716739
    0.0489811897 -0.126610279 1.0476613 0.0531972647 -0.728761613
    0.255132556 0.809313178 1.45882869 0.0249246955 0.576661527
    -0.303494036 0.905422449 1.51710236 -0.00853794813 1.53486478
    0.372801423 -0.590934753 -0.504525006 0.27088064 0.460269153
    0.270727694 -0.533579886 1.33432198 -0.216337979 1.22745848
    1.50894094 -0.205507755 0.536789775 1.44260931 0.573062301
    0.892417908 1.56804371 1.26107919 -0.358012944 1.12295294
    -0.161982298 -0.168512642 1.58452928 0.185624123 1.21480501
    1.07061946 0.720375001 1.63511801 1.41533804 1.17759919 1.15810847
    -0.0152983069 0.821619213 -0.340733141 -0.12817663 -0.107709527
    -0.472108275 -0.437764287 0.467251062 1.22499597 -0.0669450164
    0.329835236 1.3126843 -0.138228774 -0.268303126 1.72723353
    0.175426662 0.390254498 0.698145807 -0.378044248 0.97716552
    1.28640985 0.652791083 0.449909925 1.22180152 -0.715585113
    -0.430956393 1.30814421 1.56298804 0.41889596 0.901016474 1.29827476
    -0.216917634 1.45899355 0.830983877 -0.687743485 0.331678391
    0.885520518 -0.0315975547 1.35379422 1.84240222 1.6027323
    0.142351508 0.742773294 -0.563570201 -0.598680139 -0.59453392
    -0.248386919 0.945965111 -0.856649339 1.3888489 1.28327155
    0.0187868476 0.983785152 1.45110226 0.968807757 0.482207298
    1.14839005 1.41161072 1.11897898 -0.733808756 0.124394774
    -0.529830694 1.49682951 1.40967059 1.4401387 0.468957305 1.0758009
    0.678717196 1.34459114 0.343436241 0.00805842876 -0.588658929
    0.74704206 1.46894407 -0.164732933 -0.223075449 1.67895591
    1.07708824 0.759974182 1.35845554 1.63227129 1.61994171 0.315964997
    0.15974462 -0.0816116929 0.949727535 1.5568006 1.08824968
    -0.734004617 0.858631492 0.295955956 0.886094213 -0.311240792
    0.480370164 0.961402714 -0.375447959 1.75943184 0.319565773
    -0.477919221 -0.583780348 0.912974775 0.774587572 0.101937711
    1.36321926 1.03143549 -0.72834748 0.95388341 -0.567139685 1.64050794
    0.996863902 1.32930183 1.37953854 -0.250843823 0.229691088
    1.59208345 1.38823903 0.534859538 0.681699932 1.00077009 0.862381995
    -0.224600673 1.05195379 0.295492291 -0.315315396 1.84372187
    0.49714756 0.634222209 0.578552127 1.63179159 0.119288564 1.13575816
    0.575785398 0.402789235 -0.0906405449 1.38371325 1.19754362
    1.23735738 0.499621272 -0.687798917 1.51755095 1.46880043 1.36670589
    1.21310782 0.729677975 0.857137322 0.580777407 0.616882801
    1.37301898 1.13699675 -0.095384717 -0.113299072 1.54563951
    0.0352081656 -0.614859641 0.422630548 -0.359236717 1.28991461
    -0.28938368 -0.390785933 -0.768404484 1.02605844 -0.679997504
    -0.138558447 0.816224992 0.157746434 -0.477484852 -0.509846628
    0.873090565 1.02254033 -0.364531815 0.819470167 0.746408105
    0.526945472 1.38766265 -0.298103571 1.68255103 -0.200633228
    -0.221074164 0.929669619 0.570471764 0.283112645 0.82863301
    -0.424944609 0.951354384 0.874360025 1.59765005 0.486769855
    1.64945936 -0.0022597909 -0.14289391 1.4101038 0.0652604699
    1.00394154 -0.719611764 -0.523063123 0.0885722041 -0.289877355
    0.947125316 1.47011948 -0.355451822 -0.291825891 1.15854323
    -0.00863921642 0.704138815 1.29735291 0.821557164 0.236166358
    -0.529790044 -0.341815025 0.802162886 1.76217294 -0.515255988
    -0.064204812 1.52805305 -0.446639299 0.746921718 -0.425188184
    0.959055364 -0.507597923 1.5075841 1.26114488 1.02016616 0.972636282
    1.46375585 0.101095736 -0.67944932 0.681166232 -0.321692944
    0.858382463 1.08617878 0.104397476 1.09663558 0.96119535
    0.0476388335 -0.404587239 0.184475064 0.649107277 0.598794818
    1.1529901 0.819312155 0.681547523 0.413550675 1.35702217 0.621542037
    0.777090371 -0.0997113585 -0.56342268 -0.772487879 1.37701082
    0.47768718 0.921049178 0.746947706 0.29073149 0.455501556 1.47643781
    1.64983988 0.669445574 1.63774395 -0.326333016 0.0931008458
    1.06231713 1.00028682 1.2235167 0.0649612546 -0.300047278 0.21234709
    1.76487994 0.300188303 1.03997672 1.39004636 0.694020092 0.148962796
    0.834122717 0.341537535 0.947656929 1.44511116 -0.435258478
    1.57603753 -0.213073492 1.44608295 0.764807463 -0.752554476
    1.16714168 0.545011222 -0.287973464 -0.304965734 0.608596146
    0.659614086 1.17336738 0.0567605495 0.114523232 0.519420207
    -0.00180923939 0.0628990531 1.08957827 0.473720312 0.677112877
    0.468912005 -0.0556609035 0.587548971 0.185407817 1.5103426
    0.345984936 1.37011552 1.62603807 1.16494036 0.0232895017
    -0.740114033 -0.797467828 -0.3302944 0.956061304 1.51882052
    -0.331139475 0.025028646 -0.0354380608 1.6817472 0.161493361
    -0.395655811 -0.507843316 -0.413093448 -0.316169441 0.0305648446
    -0.570431411 1.26833224 0.834401727 -0.568168938 0.0857579112
    1.26551902 1.56170487 -0.0264996886 -0.102797568 1.19966352
    -0.404984117 0.890295684 -0.604354262 -0.441252857 0.834906042
    -0.0306502581 -0.196891069 0.0625011325 0.390831232 1.04630136
    1.36412227 -0.59932071 0.847480476 -0.577158749 1.5155344
    0.0783569813 1.38624525 -0.0366100073 1.20715022 -0.621976733
    -0.52384007 0.72045815 1.541188 -0.568868577 -0.199567229
    0.824296892 1.31897664 1.62247086 1.20690227 1.59574461
    -0.0746199489 1.31363845 0.74104315 1.28012061 1.12715077
    0.400088966 0.400736392 -0.718135536 0.02488029 1.10663807
    -0.528789997 -0.548119664 1.32112801 0.223624468 0.478876114
    0.516403079 -0.0737993121 -0.236158967 0.133722663 0.872713685
    -0.174859524 -0.332554817 -0.0586252809 -0.357706338 -0.564203918
    1.82729816 -0.164415658 1.0801332 0.890138805 -0.685146093
    1.18786776 1.38448381 1.24372625 1.30286121 -0.700459659 0.747098267
    -0.386124134 -0.739507794 -0.186411917 -0.435529619 1.24225318
    -0.823572278 0.925911129 0.194785953 -0.368516207 1.34224796
    0.202295065 -0.297370732 1.17120886 0.25666225 0.302605629
    0.24778682 0.273586392 1.55234826 0.0401620269 0.700008571
    -0.468365729 1.18306231 0.452800155 0.255797684 1.18830132
    0.336997688 -0.0845028758 1.39535499 0.368747473 0.996290982
    0.397884011 -0.105008185 1.21066856 0.334889472 0.321905136
    1.31078768 1.11860657 1.36084843 0.0518627167 -0.332686454
    1.81372392 -0.394185454 1.25932503 0.955837309 0.895287037
    -0.450764239 0.584914684 1.67831111 -0.572855532 1.36731255
    1.5410161 1.53159428 0.0301938653 0.58365196 0.525169253 1.53716183
    0.181935906 -0.558651567 -0.0458604693 0.143110454 -0.330471009
    0.421093941 -0.644210458 1.59806824 -0.433154821 -0.463072211
    0.544585943 1.43588412 -0.222762465 0.466965318 1.74548984
    -0.501226425 1.69065952 1.0179441 0.39971453 0.292136073 1.25477719
    0.252238333 0.878321528 -0.377206504 -0.0793175697 1.05474448
    -0.147194147 0.112521827 0.585117817 1.83570385 0.0325277448
    -0.0188316703 -0.558526635 1.06033373 0.879423261 0.779451132
    0.812275648 0.331927955 0.0749881268 0.247806191 0.133288264
    1.17439687 0.795657396 1.16360998 -0.296540022 -0.0091778636
    0.431007564 0.486164987 1.54564404 0.048096776 1.15355659 1.12489223
    0.584976435 1.32096553 -0.56239599 0.169740617 -0.0154972672
    0.959385514 0.618498266 -0.467797965 1.30914092 1.44523072
    -0.338652879 1.71728706 1.3279736 -0.717823505 0.128573179
    -0.0268501043 -0.247379005 -0.467538983 0.704566777 -0.119257092
    -0.5996508 0.791257262 1.37472415 -0.777987778 -0.51162231
    1.07758808 1.72185016 -0.221047878 -0.0521322489 1.315727
    -0.565824509 0.914721847 0.323669732 0.994760871 0.736682773
    1.4424715 0.344071209 0.185778499 0.28574276 1.69054115 0.0634550452
    -0.552503526 1.80808151 -0.3890962 0.0428116322 0.850430846
    -0.431291014 0.397726595 -0.312698543 1.92004132 0.105306864
    0.544577658 0.893478274 1.60673761 -0.0891972184 -0.421978801
    1.3677932 0.439272583 0.258525014 1.03572869 -0.620438039
    0.154516041 -0.0524001718 1.06061089 1.48700106 0.658577025
    1.7724272 -0.299202412 -0.313830525 -0.0419091582 1.52283359
    0.488713443 0.677707076 -0.374876648 1.20482528 0.974168837
    1.05930996 0.58246237 0.373916447 -0.156434536 1.3696363 0.956247807
    0.471632004 -0.336496323 -0.576542437 1.74050689 -0.168538332
    0.0191598535 0.124424636 0.438593388 -0.691307068 1.08059525
    1.48378372 0.922895253 -0.122914791 1.33761132 -0.183574736
    0.635201514 0.417730927 -0.22432518 0.218270302 0.288930416
    -0.114199281 0.914815009 1.18819833 -0.222813934 1.68409538
    -0.224643469 -0.543972194 -0.837451577 1.03969193 1.13726079
    -0.52740258 -0.116578639 -0.52163893 -0.679974079 -0.310756624
    0.796697915 -0.711600304 1.60428524 0.672143161 0.979037106
    1.22194099 -0.0477234721 -0.659888566 1.48712921 0.465029418
    0.428126693 0.613910973 1.40818 1.2031188 -0.387273848 0.396432281
    1.04343939 -0.106544495 0.108378828 -0.323661894 -0.504119515
    1.54052162 1.3103081 1.76769221 -0.325459778 -0.457945347
    0.208980858 0.436291277 0.511648893 0.074854672 1.18987072
    0.560317636 0.174015105 -0.383571982 0.949396312 1.05273879
    0.941564441 1.56018376 -0.814353406 0.384512424 1.05440879
    1.76706815 -0.518244445 0.964884043 0.858311534 0.372170746
    0.620829403 -0.258702427 1.6626662 1.57625175 1.76593184 0.952167749
    0.552670419 0.101594627 1.48146152 1.64754987 0.955878615
    -0.671923399 0.280100286 -0.107643604 1.39204454 0.730483234
    0.862660885 0.0678857565 0.50286144 -0.382900625 0.401132643
    1.44623852 0.807798088 1.68729687 -0.422973275 0.124805927
    -0.604770541 0.390938997 -0.557383716 1.28506339 -0.17263943
    0.833993256 1.4433887 1.30982018 -0.53175813 1.46875262 1.64758134
    -0.346898347 0.982009828 0.450482726 1.57320094 0.457092166
    0.978698134 0.44544524 1.43650913 0.634009123 -0.250249565
    1.41628051 1.76167107 1.03546512 1.43700957 -0.270923287 0.19758898
    -0.186635375 0.461907566 -0.516211629 0.270493925 -0.551159382
    0.179865122 0.23913914 0.489255011 0.0540765524 -0.474621326
    1.1186527 0.495626867 0.544192314 0.685062289 1.22770739 0.788515031
    0.723012388 1.03615582 -0.0511390567 -0.496857375 0.286859691
    -0.577665329 0.25892508 1.65583646 0.988369286 0.392070353
    -0.475271642 1.37379694 1.04548669 -0.645380616 -0.424690723
    1.52340794 0.539394557 1.20421469 -0.695596278 1.11294389
    -0.731585801 1.66145158 0.565330982 0.61631 0.259229004 1.62749588
    -0.759612322 1.01181769 0.0478937626 0.136520684 0.239230931
    1.13282013 0.254968405 1.6210978 -0.742105424 -0.632296383
    0.68215245 0.44273293 0.870910287 1.17489052 -0.670907438
    -0.212283939 1.7583133 -0.445375949 1.05537343 -0.588033497
    1.45421052 -0.547511458 0.0958678126 1.37280965 0.504019797
    -0.175779104 1.70842493 0.613298416 1.35601544 0.49126792
    0.594175458 0.610453248 0.125993967 0.794292688 -0.211270869
    -0.0915961862 1.06953883 -0.347307414 0.480226815 1.56060386
    0.682310581 -0.268682718 0.569393873 -0.549612284 -0.106606424
    -0.519539237 1.20879912 0.15755266 0.682383657 0.930846453
    -0.747655094 -0.238300085 -0.623860836 -0.147247434 1.56644177
    1.08921099 1.46095014 -0.046037972 0.749399424 0.110933363
    1.49093521 -0.62471056 0.421159387 0.489208639 1.57007825
    0.266991615 -0.389270961 1.14327812 0.540701628 -0.323839873
    -0.133614928 -0.482893616 0.581312776 -0.572998166 -0.702281952
    1.15643215 -0.485827118 -0.364876598 1.23267174 0.455238521
    1.31410277 0.633580565 0.566627204 0.634534776 1.75443494
    0.708149552 0.188343883 0.742663443 -0.699951291 0.024392128
    0.868992329 -0.20895797 -0.623449266 0.590411484 0.467848063
    1.55507517 -0.599096537 0.121770978 0.862047255 -0.569565773
    1.71761715 0.370303154 0.182094038 0.0519188046 -0.426411152
    -0.527920365 0.910660028 1.71159947 1.72753906 0.449553549
    -0.338581949 0.3323735 -0.107731581 1.03873706 0.926198006
    0.664962471 0.180998921 0.621275783 -0.149499178 -0.366560608
    0.532942891 1.72140431 1.44036651 0.486527979 1.4492557 1.42120731
    1.33670115 1.54883218 1.55510879 0.298026025 0.280301094 1.2150296
    1.81149554 -0.559890687 1.4450016 -0.313120902 -0.0978892446
    0.662074268 -0.258103609 -0.755269527 1.71631789 1.23260856
    1.19809365 0.558459938 -0.4925915 1.52981687 1.43011916 0.196639597
    1.06729579 0.517221749 0.69107008 0.505751729 1.19858885 1.57032871
    0.693966568 0.356652915 -0.0564898849 -0.644853532 -0.0176054239
    -0.193479896 1.00810051 -0.282764345 -0.268491775 0.0396049619
    -0.438283652 -0.243441403 0.218555331 0.491005182 0.724009752
    0.449238122 0.414969325 1.28567243 1.08039451 0.308155894 1.49677992
    1.73430336 -0.346943498 -0.537949383 0.486073434 0.335955322
    1.61790574 -0.698821604 -0.218020618 0.420882761 -0.506982148
    0.868012905 0.25395757 1.62559485 0.465794325 -0.201880872
    -0.609889686 -0.710321844 -0.215576291 0.576452374 -0.413893133
    0.616217971 1.08559322 -0.216546535 0.198826432 -0.162808716
    -0.700105071 0.897244334 0.904951334 0.909642339 1.29236579
    0.924722135 0.754959702 1.27096748 -0.490952164 -0.640238285
    0.899706066 -0.147190213 0.455161691 -0.128689587 1.03115284
    0.396558821 0.140647709 1.30310297 0.640958548 1.29803216
    0.623197377 0.46984303 0.838438094 -0.0791205168 1.07987309
    0.393887937 1.550529 0.844081819 -0.611420214 0.460323334 1.78561902
    -0.295180112 0.696805477 0.162025511 1.23032808 -0.0202310681
    1.69848692 0.895692825 0.520328522 1.16857457 1.28935206 0.202954531
    0.91631794 1.14328837 0.549810886 1.44073367 1.29537702
    0.00441277027 -0.263899088 1.62296152 0.0563233495 0.638255656
    -0.397189349 1.54878688 -0.727898061 0.127479017 1.65934968
    -0.456840277 -0.236808032 1.23208928 -0.586385429 0.798522472
    -0.675338507 0.75067389 0.477487683 1.69999075 0.836020291
    0.213577271 1.29053545 0.546011329 -0.525913715 -0.395954013
    1.42494464 -0.555607438 1.19169712 0.863415599 0.6128847
    -0.781797707 1.61416745 1.37748957 -0.584487677 0.728299797
    -0.483694375 1.01598573 0.36950624 0.914845943 -0.393526405
    1.57530332 0.186181128 0.562228143 -0.60233885 1.12551594 1.77258444
    0.34066999 0.589855075 0.688611925 1.0144887 1.40031159 -0.686985195
    -0.581286073 1.78476095 0.437305272 -0.617318153 0.522231758
    0.840796292 0.512293816 0.556254625 1.77005649 0.243692875
    1.60871315 0.935065925 0.397548497 0.686220586 -0.651213169
    1.36627698 0.589462757 0.719801664 1.47151017 -0.0414500237
    -0.598460913 -0.153880298 1.03393173 0.246293604 1.04736376
    -0.497581363 -0.493596584 -0.482138634 0.394743502 -0.374403477
    1.16643381 -0.413301766 1.6410954 1.53109288 1.49801087 -0.107223988
    0.220413744 0.0464455485 -0.66689527 -0.247406304 1.14455986
    0.170254827 0.0115329027 1.0690757 -0.44539839 -0.428334326
    -0.149923682 1.86403036 0.652119637 -0.13144803 -0.0135779977
    0.593466878 0.373002052 1.05974424 0.872443676 0.983433485
    1.75525045 1.63899207 0.866125107 0.553610563 1.78433037
    -0.109541416 0.438332915 0.708307683 0.789337397 -0.448299915
    0.20227015 1.61772954 -0.20486927 -0.520727992 0.142967522
    1.17749357 1.2363143 -0.470690072 0.399914265 1.68331909
    -0.187944353 -0.355876923 1.17989969 0.297302127 -0.121583581
    1.52398634 1.51455557 0.544776797 0.28261888 -0.552047133 1.53845906
    -0.140185356 0.869110346 0.868855119 0.740186691 0.795968592
    1.60009813 -0.773440242 1.37327695 -0.288973212 0.47396636
    -0.123406589 1.0862844 -0.613710046 -0.597515285 0.796161532
    0.6538921 -0.0910004377 -0.175228596 1.84421349 -0.383095115
    -0.658106983 1.2600826 0.361654162 1.45538223 -0.387160987
    0.154968321 0.670195043 0.285140455 0.268011689 1.45041132
    1.24133301 1.22873843 1.49143207 0.202333629 -0.154794991
    -0.0496006012 0.70578301 -0.118371964 -0.193357587 -0.468582571
    -0.762422919 1.34464216 0.571864486 0.676243365 -0.636035681
    -0.621219516 -0.117431283 0.540578842 1.41901541 0.00476682186
    0.766251028 -0.568766177 0.3689816 0.747481704 0.364832461
    0.860010982 0.615356863 0.187574983 0.273569703 1.20582175
    1.59261942 1.16259861 1.4443959 0.573244452 -0.66087544 0.641713023
    1.76548111 -0.141016483 0.0336915851 0.909386754 1.16759491
    0.725500822 0.151909113 -0.421483487 0.218714118 0.309708238
    0.435504794 0.740344703 1.51611137 0.851214468 -0.117906392
    -0.670799434 -0.639785767 1.78165162 1.0396992 -0.436623335
    1.15532875 1.51590991 1.80261385 0.380021513 0.123507202
    -0.440493882 -0.462172329 -0.114092827 -0.357899815 0.702288687
    -0.598559856 0.811902702 -0.562264919 -0.536596477 0.545367539
    0.900189757 -0.425066739 1.34933531 0.806265116 0.833208203
    -0.529195309 -0.0657801032 -0.578560829 0.361082494 1.35599279
    0.0137580037 0.293337524 1.01719284 1.31835651 0.899395168
    0.975326478 -0.140846312 0.381294787 0.485894799 -0.0969437361
    1.5326438 1.32864225 0.650895417 0.87862134 1.20499432 0.107667327
    -0.509648085 1.52610016 1.22484493 1.34780717 1.24439454 0.209199786
    -0.39197588 0.240416348 1.68704009 -0.26339525 0.627139926
    -0.564462245 1.27943087 -0.556460679 1.11846566 1.72139406
    1.15905166 1.26805449 1.53056884 0.576558292 -0.157840788
    0.321638584 0.00448322296 -0.669867337 1.55491269 -0.14361769
    0.930849075 -0.529531658 -0.446377486 0.259432256 0.233649015
    0.0297476053 1.22993994 -0.196729362 1.13280988 0.911708713
    -0.097746253 -0.360785753 -0.00732433796 1.69270825 1.8579334
    1.52111149 0.944164753 -0.596906304 1.78812885 -0.667983592
    0.952807009 1.57645726 0.775906444 -0.0138142109 -0.0500871539
    1.78360534 1.49876523 -0.201297581 0.0503730774 1.58953404
    0.0324363708 -0.457526237 1.32809281 1.41962838 0.323530018
    -0.565390348 1.36811996 -0.298681766 1.68280602 1.76924646
    1.65621161 1.21231246 0.985745668 1.0989151 0.678645372 0.378259331
    -0.319614261 -0.0349308252 1.06140554 0.960544705 -0.478210926
    -0.319220006 -0.368849844 1.36090589 0.276856542 -0.359879196
    0.55838412 1.26495647 -0.13019979 1.42497492 0.540296793
    -0.546878457 1.66623044 0.968622386 -0.156634748 1.04531455
    1.18991148 1.54055417 -0.480882823 1.17690969 -0.47420454
    -0.540768862 1.07272434 -0.480762303 -0.568289816 -0.262807399
    0.189356327 1.52129042 -0.0868308544 -0.471637905 -0.155670911
    0.911311567 0.117640078 -0.438738465 -0.344897896 0.839528382
    0.0255797505 0.047118187 -0.507280469 0.992557347 0.626674294
    -0.0345139503 1.58706856 -0.129166722 -0.597599447 0.0376207232
    -0.455991894 -0.0856404901 0.441547036 0.890635073 -0.926300347
    -0.443328381 0.573446214 0.626394629 0.305846393 -0.394029886
    -0.0304732919 0.984344244 0.20952785 0.986577332 0.775856972
    1.86016834 0.416391671 0.857572317 0.381966233 -0.205977082
    -0.341728866 -0.637363136 1.13282883 -0.00976198912 0.187395036
    -0.55338645 0.971919835 0.939414024 0.979743183 0.275277197
    -0.437598079 0.854249477 1.53728223 -0.0326325297 1.25463486
    -0.122062266 0.523382962 1.24505687 -0.649317145 0.236330688
    1.31665301 -0.708705544 0.553487718 1.33424568 0.512506187
    -0.185463011 -0.480966508 0.330903172 0.383589566 0.791245222
    -0.721203029 1.53974247 0.536368489 -0.463899434 0.576754689
    -0.236461729 0.688127398 -0.0174426436 -0.37307477 1.26183867
    1.0963577 0.459791422 -0.182902694 0.397053957 -0.402061313
    0.773917139 0.285881937 0.373602092 1.1947751 1.08176386 0.331222177
    -0.501409411 0.134394109 1.0605917 -0.278027713 0.114357531
    1.76735878 1.0141449 0.104620039 0.839399993 -0.727861106
    0.989779294 -0.469057143 -0.116681576 1.06606102 0.059886694
    -0.782179058 0.474319935 0.936270118 0.464488924 1.28388965
    0.821748495 0.529045284 1.47790241 -0.0706053376 -0.504403651
    0.892007589 1.08857274 0.247713268 1.17592025 -0.525951266
    0.549527287 -0.314793915 -0.0680786967 1.75141692 0.626554906
    0.330935359 0.554943025 -0.314342171 0.764973938 0.188461244
    0.502482176 1.56206727 -0.694194794 0.63053602 0.481651306
    0.804843664 0.924636602 0.946971476 0.591573179 1.57073498
    0.0511844754 1.04582095 0.757788002 0.253699243 -0.127774715
    -0.168899268 0.422030985 0.517170668 0.227390587 0.147152483
    -0.57946384 0.701942503 1.36126459 0.581696749 -0.640638411
    1.51417577 0.132708311 0.304044545 0.154800355 0.308612227
    -0.584263027 1.47839332 0.701841176 1.28949285 -0.448373675
    -0.357330501 0.103879571 0.0356774926 0.691624045 -0.459378272
    1.60313916 0.758147299 1.36877608 0.458559334 1.37630129 0.515494704
    -0.198195338 1.75497484 0.573234558 -0.207592428 0.53973192
    0.696974576 0.711150765 0.311794937 0.888069987 0.313432395
    0.24184072 0.523922801 1.49150014 0.341126859 -0.310260236
    -0.342324018 -0.582553029 0.372250497 -0.29277122 0.351408541
    0.38438791 1.72609067 -0.585578144 0.31276077 -0.621642649
    -0.270210266 0.0800019503 0.299510837 0.329225063 -0.544353306
    -0.0965557694 1.36169589 1.30453014 0.0429635644 0.0830140114
    0.975944638 -0.147456467 0.495137691 0.364999056 0.438206792
    -0.242247105 0.0752358437 0.702266574 -0.106403053 -0.308164567
    0.36191237 -0.296462685 1.39863324 -0.662086487 1.67213702
    -0.510319114 -0.600920439 1.39092124 -0.656400442 1.59638476
    1.63440716 1.29425192 0.137658656 0.991726339 0.202767849
    -0.705981851 -0.000732779503 1.2379638 -0.144538254 0.388106346
    0.731915414 0.558761477 0.81428498 1.38683999 0.756382644
    0.851952314 0.0958371162 -0.171592057 1.08469272 1.13829052
    0.185946167 -0.129082143 -0.0285114646 1.13576412 0.330500722
    0.146515727 1.2394166 -0.0306563377 -0.564703166 -0.51318723
    1.82139313 -0.631339729 1.43358707 1.68841314 1.09053516 1.1560626
    0.528322399 0.903912604 1.13756168 1.18456817 1.36974776
    0.00125664473 0.295981526 0.363288462 -0.0484857559 -0.621609628
    0.597524762 0.744107127 -0.13554734 0.459818661 -0.58653301
    -0.323631406 1.60173464 -0.61243391 0.559755087 0.517653406
    1.74457061 0.759280026 0.527699232 0.681110144 -0.474761099
    0.220989645 0.946121156 1.81969142 1.00196552 -0.46973598 1.5544045
    0.268825352 1.42748189 1.27647078 0.0448776484 -0.741380692
    0.835904598 -0.277392536 1.40073466 0.946257889 -0.524888277
    1.37353539 0.363235056 1.31400609 0.909698248 1.12886071
    -0.582069337 -0.374280035 -0.160489202 1.39467216 1.54064488
    0.874554455 0.960412383 1.39939141 1.00996542 0.765040815 1.26500463
    1.81351662 1.70835996 -0.469873011 0.390541255 0.507725954
    0.203427851 0.113215089 0.932155371 0.0914892554 -0.397559077
    -0.542697668 0.25426501 0.355355859 0.582361519 0.941102445
    0.7813043 1.40076661 -0.613687873 0.374926865 1.52655411
    -0.0579752922 -0.510383368 -0.138802648 0.70255971 0.0558701158
    0.842045426 -0.530189455 -0.527287722 1.51611209 0.592088819
    1.2528404 0.210878074 0.542845905 -0.213382304 1.22758341
    0.671757996 1.19441795 1.0542562 1.50669694 1.04760826 0.137491047
    -0.206092477 1.21637344 1.09813404 -0.738625288 -0.627145529
    -0.24498421 0.532530904 0.450938702 0.423439562 1.23993397 1.4393909
    -0.689188898 0.88089782 0.412098348 1.03689706 -0.490138859
    0.113586068 1.06181955 1.52272439 0.801617742 -0.186461747
    -0.224197745 1.61751175 1.72321439 -0.444620132 1.32612038
    0.0746223927 0.599324405 0.711249352 0.469166219 -0.591909409
    -0.64267838 0.661679685 -0.0345923901 0.871000111 -0.327823848
    0.554230452 1.07392097 0.556220829 0.404388428 -0.029245913
    -0.390984744 -0.323770255 1.44220662 -0.134497881 0.263116777
    0.913563907 0.0760375261 -0.623736262 0.323846579 1.66600609
    1.58536983 0.345705986 0.237244487 1.38512158 0.203196466
    -0.314427018 1.07840943 1.05209756 -0.589255452 0.183811009
    -0.54673934 -0.506508231 0.193393469 0.386278689 1.29533195
    0.254270017 -0.547638476 -0.0533613563 -0.464123338 1.05694366
    1.56995749 -0.108039021 0.140845597 1.26064777 0.746847093
    0.676827729 -0.510185838 0.0851660371 0.332323372 1.6541276
    -0.589492381 -0.149026453 0.352808297 -0.419344544 0.854329646
    0.091858089 0.583509386 1.28479743 0.584427834 0.665842175
    1.64114749 0.516117454 -0.367231309 0.469719291 0.328612208
    -0.110595882 0.94714725 1.4529413 1.33664608 0.999005258
    -0.204758644 0.275548398 -0.392426461 -0.121304691 0.902124405
    -0.272338927 1.24283946 0.463220119 1.23424673 -0.70419997
    0.575917423 -0.127974331 -0.710049391 0.0513378382 -0.40302369
    1.36492395 0.670199037 0.109458983 1.62465692 0.507348001
    -0.73935622 -0.454137057 1.59938848 0.323078394 0.990032792
    0.00366282463 -0.379018903 0.820360303 0.569589019 0.97971946
    0.788957477 -0.164424896 -0.573857665 0.462753177 0.237241864
    0.975814164 -0.333022356 0.553237796 -0.515738964 -0.301955432
    -0.156812429 1.80027676 -0.585338831 -0.377685398 -0.551208556
    0.215354323 0.702668309 -0.349866033 0.780117154 -0.530260801
    -0.267874092 0.0779443383 1.17352247 0.230534315 0.674016654
    1.10103977 0.802186549 1.44602227 -0.54348892 1.1736877 1.21062016
    -0.212394059 -0.653177023 0.0910474062 1.31144905 1.28817081
    0.625602424 1.54452181 1.36290872 0.860816002 1.29843855 1.57875073
    1.59043086 1.37282658 0.752905846 -0.483428717 -0.493262947
    -0.2502909 -0.543069422 -0.383167505 1.03317356 -0.582692683
    -0.303874761 1.06931567 0.965425253 1.14054322 -0.134395778
    -0.67816782 0.512254059 -0.622021794 1.10945141 -0.41379261
    1.03936601 -0.467756569 0.888672471 -0.473550469 -0.394152075
    0.635409892 0.262734056 1.35621548 -0.694964111 0.845136404
    -0.0542478561 0.598729312 0.653285742 -0.064891398 1.28159404
    1.31796288 0.507291794 -0.204104304 1.2745024 1.14896297 0.14860183
    -0.674798548 -0.30547601 1.69463408 0.945693493 0.836470604
    1.17105579 0.425526917 0.837036967 1.76500821 1.80415964 0.772238314
    -0.204583347 1.45720983 0.0448089838 1.06306362 0.225146115
    1.2484411 -0.335366905 -0.145454466 1.4639194 -0.565481424
    0.0169846416 1.18199563 1.35139966 1.44094396 1.02097368 0.477915704
    0.269766748 1.37893033 -0.205232561 1.23322904 0.153749466
    0.0875846148 -0.072835505 -0.035833776 1.54508686 0.807105005
    0.610607982 -0.628468752 1.54830885 0.378382742 1.00587428
    0.814988077 -0.24017328 -0.789383888 0.367385566 1.67830575
    0.318265975 1.49056387 1.6782136 0.471207738 0.958618402 0.706406236
    1.08712947 -0.457057685 1.25961626 0.828997731 -0.557160139
    0.125058591 0.118458271 1.80822647 -0.702541947 1.41865444
    0.633407354 0.32733494 1.6612792 -0.57914865 0.0854564905
    0.562438726 -0.455191761 -0.375317663 1.06193614 0.705779672
    -0.31497252 0.307862401 1.08243048 0.185337424 0.421201408
    -0.541128516 1.10303926 -0.389607847 0.0779954195 1.58256376
    0.899806976 1.84899998 -0.401679039 1.08451521 1.25061655
    -0.66222918 0.248777092 1.57811344 0.781584084 0.10734123
    -0.803108275 -0.434669882 1.35455918 1.27711487 1.51928365
    0.799168885 1.67518997 -0.0513679385 0.922983706 -0.414270639
    0.00407427549 -0.544592619 1.03241634 -0.318295628 -0.740164936
    1.42387688 -0.488243937 1.78813052 -0.128483534 0.232048154
    -0.397590339 0.163063824 1.46449947 0.656413019 1.31582534
    0.83192271 -0.0785619617 -0.193987906 0.371506393 0.679141998
    0.0246199369 1.28184819 -0.147211194 1.62449563 0.203539908
    1.10499215 -0.860927343 1.697083 -0.0108840466 0.163756669
    0.950424373 1.40618324 1.49230742 1.45271039 -0.0922123194
    -0.26567179 0.647176564 0.127971947 0.949108064 1.64360166
    1.48593855 1.41040933 -0.534985423 1.41203868 1.47975302 1.42713284
    0.261596739 -0.720936894 1.43446851 -0.659611702 0.940680146
    1.49700129 1.45793843 0.723980725 1.72926259 1.71985674 0.468832493
    1.67406809 1.46075916 -0.178271592 -0.773680627 0.198329985
    0.149566531 0.635586321 0.169821024 1.25541663 1.15944445
    -0.268330693 1.79172802 0.532833874 -0.580676556 0.156615794
    -0.169539392 -0.651843309 0.169723034 1.71037793 -0.564929605
    -0.014500916 1.11891937 0.656895638 -0.0226586461 0.3901003
    1.75988722 1.793504 0.543627083 0.425952077 0.153870285 1.79822874
    1.2088697 -0.13548249 0.664508939 1.9385196 -0.487977386 0.468888044
    1.45611286 0.199919164 0.273687422 0.629115701 1.39497161 1.51620102
    0.745543361 0.0973486304 -0.245228827 1.06365526 1.41954613
    0.396570623 -0.712462366 0.817493081 1.47681761 0.916898787
    -0.594372809 -0.527807951 -0.255831838 -0.722679853 1.53106236
    0.0404581428 0.00325411558 -0.389572144 1.12756336 0.0555212498
    -0.210561544 0.640951395 -0.262837738 0.432185233 0.219855726
    0.992872417 0.238480389 0.485179067 0.205676675 0.981415987
    1.45887303 0.928688586 1.08625185 0.82208252 -0.167929292 1.79260635
    0.524140418 0.0375862122 0.717339933 1.51655149 0.405636132
    0.130730152 -0.119286388 0.496043026 0.542705595 0.214774668
    0.164462626 0.96553123 0.06949085 1.26039529 0.699986517 0.692530453
    -0.388067007 0.626817763 1.13455415 0.0274128318 -0.472429752
    0.587669075 0.309880733 -0.104849696 -0.219214737 1.76554799
    0.014030695 1.62779355 -0.67405349 0.257002294 1.60571003
    -0.656324744 -0.510798693 1.3036561 1.17298698 0.335122705
    -0.71160692 1.29832566 0.219955802 0.949672341 0.111966312
    -0.479189992 -0.210189164 1.40301788 1.02987456 0.64680177
    0.275907218 0.99831444 1.59449744 0.210753918 0.176412344
    0.600478709 0.0718614459 -0.625722706 1.40741491 0.195337892
    0.852205276 0.91202724 0.904168844 1.28533649 1.49418569 1.55307794
    -0.635302484 1.69870293 1.24104476 1.432652 -0.247460604 1.02871132
    0.311525404 1.27175283 0.608786523 -0.143033206 1.42399299
    1.05592966 0.0985159278 1.41148281 -0.376053721 -0.726266503
    0.547933221 -0.652977586 1.28571725 -0.0472221375 1.01815534
    -0.46728453 0.671541333 1.32875109 -0.423817605 0.574943483
    1.36226797 1.15010607 -0.117394865 0.668177783 0.342144668
    0.556763232 -0.263125896 -0.205795944 -0.134120703 1.48813999
    -0.665475786 0.554529011 0.427229762 0.696681678 -0.304303229
    0.499625385 1.2126739 0.142981231 0.967579424 1.04059577 0.431730628
    0.135017633 1.06744599 0.395111799 -0.20129472 0.868324935
    0.515286088 1.54717088 1.30785131 1.53622246 0.138015687 1.0766238
    1.26884401 0.996417463 0.69547534 1.04581618 -0.0520116091
    -0.613624692 -0.386617482 0.841110229 0.996546984 -0.407621801
    1.06147087 -0.33189413 -0.609600544 1.51996505 1.44803643
    -0.157612622 0.553076148 1.64311504 -0.0919733047 1.57811332
    -0.147834778 1.37571645 0.221004665 1.50719273 1.74762356
    0.891163945 1.33846068 0.824093521 0.905179977 -0.551980615
    1.29038012 -0.27538681 0.313564122 1.47393179 1.37193823
    -0.294667006 -0.294803798 -0.0356454253 -0.259602726 0.0985844135
    -0.725834489 -0.506333113 0.705970526 1.32064795 1.10586786
    0.4463498 -0.321464539 0.617333889 0.189499319 1.0484066 1.02014351
    -0.150482833 0.567868471 1.51155198 0.0895224214 -0.604527414
    -0.459410697 0.376303911 0.959564686 1.55521584 1.0258615 1.58162856
    0.107162297 1.63963616 -0.581172287 -0.621526897 0.937302768
    -0.121774554 0.281887233 -0.146187067 -0.345233053 -0.54882133
    0.729891002 1.36059499 1.43460178 0.0684556365 -0.162146628
    1.6453898 1.39868903 -0.625153601 0.72006458 0.861317873 0.623816013
    -0.618549943 1.34292245 1.750229 0.491720259 1.39315414 0.404192865
    0.73487711 0.374872804 -0.54634434 -0.128703654 -0.672915459
    0.544549108 0.435008883 -0.705325484 -0.146529675 -0.662026227
    -0.352306962 0.0196387768 1.48548222 -0.723187268 1.28372836
    0.494329691 0.46752888 1.54499555 -0.488825142 -0.695181966
    -0.350506365 1.44766772 0.707472801 0.721765161 0.159124553
    1.69306362 1.78562498 1.40446866 0.817704439 -0.650986791 1.56563258
    0.612660766 0.942112386 0.310980439 1.1177206 0.408435881 1.80608404
    -0.37330398 1.36196542 -0.48733294 1.04587877 -0.297276437 1.2850194
    -0.541011214 -0.495682299 1.33960927 1.05286133 1.47519994
    0.734367371 -0.161479175 1.02401447 -0.43921262 0.558026969
    -0.431634873 -0.607195437 1.3869102 -0.177063286 1.25846267
    -0.532950163 -0.139732659 0.555072427 0.212331355 0.550014973
    1.61231208 0.613972545 -0.634865642 0.169441938 1.47751462
    -0.382708758 0.152875781 1.63280654 0.62382704 0.0229266882
    0.724689186 0.514378548 -0.408602238 -0.859295964 1.667871
    1.11593652 -0.0243814588 0.890567958 1.0861758 -0.591816425
    1.52967894 1.5579977 -0.120083869 0.629394948 -0.163787663
    0.285714984 0.307585418 -0.622330606 0.362909734 1.56378174
    -0.605522513 0.947166085 1.64986908 0.918922007 -0.668728173
    1.11693072 0.438853323 -0.698107541 0.219493091 1.27036905
    -0.676931798 1.52060854 0.978506029 -0.760310352 0.582363844
    0.624902308 1.12174916 0.515223026 -0.673191011 -0.107681215
    -0.26190567 0.67566812 -0.551405072 1.71924543 1.42608166
    -0.144271076 -0.158964396 -0.471096694 0.476087034 0.621976376
    1.3897351 0.382389724 0.711077154 1.64809394 0.274859965
    -0.392967373 -0.183767021 0.852669716 0.815346062 0.513497412
    1.87152183 -0.436597556 0.386271119 1.56485927 1.51455641
    0.452983379 0.7510041 1.15141225 0.00492489338 1.3646493 0.206224203
    0.412317634 0.800277948 0.402089655 -0.0981680155 0.949372768
    -0.461717784 -0.0576456189 -0.644274712 -0.538043022 0.229697168
    1.14549685 0.775586843 1.5364269 0.0382342339 1.04953265 -0.20285058
    -0.421253115 -0.614067972 0.457451582 0.71072793 -0.117834926
    -0.609414756 1.69700432 -0.579067826 1.37030745 1.22419596
    -0.242048979 1.38683105 1.51589012 1.64349675 0.380051851 1.18904591
    0.29260236 0.0041987896 1.03491235 0.146184266 -0.690576613
    0.393493116 0.149006069 1.35918164 0.86381042 -0.693420231
    0.616942048 0.471073747 -0.316001922 -0.591231704 0.00500452518
    0.0655350685 -0.593879342 0.724234581 1.36258745 0.516146123
    -0.751516402 0.751449108 1.3012526 1.17199695 0.451445162 1.28095651
    0.373414636 0.633289576 1.79456019 0.221914709 0.0233070254
    1.1290915 -0.64576602 -0.869676352 -0.0109692812 0.592169404
    0.732619524 1.12923694 0.859086037 -0.572659969 1.06235242
    0.0141186118 0.566765249 1.34151912 0.515316486 -0.197396457
    0.296547055 1.31560874 1.70011425 -0.534774601 -0.208565593
    1.55201697 1.07527113 1.15085149 0.686671734 0.791752517
    -0.0709258914 0.775599658 -0.611927807 1.42072916 0.908574402
    -0.621988595 0.836189926 0.377341211 0.450716555 1.07789373
    -0.0906223059 -0.0264234543 0.39507103 1.15722442 0.963478804
    -0.599297345 1.53276968 -0.0874752998 -0.242278934 1.15997398
    -0.661042094 0.07722646 -0.473743379 1.19115686 1.32477188
    0.534322381 1.23630619 0.583569527 -0.085078001 1.12015247
    1.51879406 0.792347312 1.39005387 -0.577815533 -0.775519907
    -0.00801455975 1.50582266 0.524296224 0.799152255 -0.551401258
    0.921979785 -0.0589997172 1.07556534 1.22423172 1.77009559
    0.662984967 1.46304405 1.73016727 -0.845419884 -0.471458256
    -0.832700074 1.15156507 1.06982279 -0.665386796 1.84446979
    0.219502807 1.56729007 0.82399404 0.0630810857 0.401958287
    -0.02822721 0.531606138 -0.0686318278 1.45334053 -0.604394078
    -0.0587394238 -0.160993755 -0.0862360597 1.09661794 1.72858655
    -0.458660185 -0.660017431 -0.474000931 -0.370768249 1.43241429
    0.989274859 0.986682117 0.350064516 -0.395469457 -0.30045706
    0.969956696 0.642049193 0.623494327 -0.642891407 1.16844845
    -0.610805392 -0.447520137 1.42480493 -0.164750189 -0.176486254
    -0.531170011 -0.499454498 0.330127954 -0.569551826 -0.136909604
    -0.497910082 0.130601227 1.72692609 -0.0915132165 1.20263827
    0.181598067 1.69604349 0.910143912 1.14136791 -0.277185798
    1.52168965 -0.369283289 -0.79598397 0.286846817 0.937669754
    0.359264493 1.67345333 0.498747051 1.75635171 0.165728211
    -0.581875503 0.590079725 0.244672179 0.268696547 0.246680856
    0.94875747 -0.57853651 1.78653944 -0.174958318 -0.116944849
    0.508455276 1.27834725 0.306785583 0.28264457 0.177114785
    -0.345221817 -0.287570059 0.580285251 1.03249574 0.800474763
    -0.162415802 1.04117382 -0.387718707 1.12949324 -0.0725166798
    -0.506296277 0.874631107 -0.747871637 -0.382851005 0.94365257
    0.0279608369 -0.237223208 0.375540555 1.09318531 0.680484354
    -0.075332582 0.765537262 1.33724535 -0.43951875 0.145477116
    -0.12678355 -0.106457591 1.54536068 0.14461869 -0.58577311
    0.244583547 0.179014146 0.377791524 1.51086104 1.62547445 1.0696516
    -0.223184288 0.46401161 0.893327475 0.996781588 -0.725994229
    0.0399482846 1.25779223 -0.347171485 1.39437079 0.549847186
    0.185380042 1.61125493 1.54705262 0.275203526 0.507168353
    0.800823987 1.47237313 -0.443344444 0.226409912 1.49191797
    1.16729689 -0.491098285 0.569367886 0.64117831 -0.138837159
    0.841979384 0.450348377 0.712247729 1.51478434 1.06084991
    -0.598756552 0.335406065 -0.0591166615 -0.771645904 0.921665967
    0.461848438 -0.655131996 0.578016222 -0.0407783389 1.31926203
    1.00025547 0.971801996 0.851441622 0.946399391 1.31006265
    -0.760957599 1.30001855 -0.431558132 0.112564147 0.410063922
    1.44778943 0.346902907 0.87128526 0.0284408331 0.944560111
    1.54189587 -0.772004664 0.394119501 -0.357829899 0.157693803
    1.06398618 -0.0268704295 -0.236637414 0.41621995 1.786165 1.72457147
    0.581662953 1.59108281 1.07052088 0.0253223777 0.638012469
    0.956066906 0.137390316 0.682318449 1.75683808 -0.720655322
    0.135415733 -0.453466535 -0.480659068 0.844427228 -0.2851215
    0.407516479 0.536961079 1.10136378 -0.399344951 -0.695772171
    -0.331705451 0.88542825 1.40004277 -0.691608191 -0.513640046
    1.09524834 1.5678215 0.478242457 1.11449897 0.884960294 1.7725203
    -0.409629971 1.64444518 0.855275929 0.0331716537 0.467064738
    0.275665879 1.14387763 0.345701218 1.25538611 -0.479862571
    -0.352766216 0.339948237 1.22128522 -0.715937734 0.991356671
    1.16412556 -0.13921386 -0.0716251731 1.60121524 -0.384508967
    -0.308239162 -0.296336591 1.53126478 1.49875581 0.456650555
    1.55061889 0.816057742 -0.708498299 1.30993986 0.305370152
    1.65903521 -0.389182806 0.137385786 0.734358788 -0.298876852
    1.0847187 -0.670793891 -0.585954428 0.325729966 -0.532595515
    1.09509933 -0.491934806 0.827752471 1.37655377 1.31653881 1.16036224
    -0.253770709 1.1617192 1.0932579 -0.768540621 0.226982534 1.64723849
    -0.543182611 0.286415935 0.740346491 0.759486675 0.0515287519
    1.09351146 -0.531112909 -0.159413397 1.34403014 -0.429376423
    -0.489572346 0.586843193 1.44012177 0.278631628 0.601689339
    -0.532250404 -0.322878718 0.427007198 1.24336791 0.818077862
    -0.710687578 1.34752822 -0.0411981344 1.08844912 1.39248371
    -0.349263847 1.22544169 -0.233278811 0.622387469 1.4878397
    0.534799695 0.182091117 1.80841804 0.821205139 -0.149669826
    1.32818305 0.468844295 -0.115513086 0.188282669 0.404255092
    1.22415972 1.68580103 1.44373584 0.661250591 0.14495796 -0.547422349
    -0.559502006 1.33334494 0.567899704 1.54510105 -0.756948233
    1.27928936 0.965222478 -0.236345708 1.57531965 -0.707108378
    -0.70319885 1.67003584 0.988665879 0.664738595 1.30889773 1.32718563
    0.151402414 -0.443764746 -0.493784904 1.39151216 0.0405492783
    1.47656727 0.627923489 0.562471747 0.388382494 0.606721938
    -0.50712949 -0.637537539 1.06806278 1.20309007 1.74267805 1.61441851
    1.30279136 -0.650602996 1.72653937 0.630906463 -0.410390556
    1.17533922 0.281817615 0.408494771 1.52442384 1.60519135
    -0.761642933 -0.0438694954 1.58176792 1.30059671 0.761793315
    0.491209269 0.698833227 -0.141539872 0.857414722 -0.700124025
    1.0353756 -0.625175834 0.244363368 1.45661259 -0.806378782
    -0.0958952308 1.12434268 0.15106529 0.0888844728 0.338607728
    0.828019977 0.131376684 -0.236047149 1.72918844 1.67278051
    0.187050581 0.307759523 0.740440309 1.10466409 1.1884768
    -0.727836311 0.765596509 1.72754335 -0.352152824 0.628519118
    0.509705961 1.05277157 1.28375912 0.849950731 -0.0835277438
    0.901883364 0.457091153 -0.0176444054 1.12560809 -0.644542634
    0.342033863 -0.849374354 0.963877082 0.885576963 0.71023351
    0.647407353 0.581180036 1.65945625 1.36964881 0.280471385
    -0.0310021639 0.853051722 0.484069347 1.32290709 -0.395269692
    0.220662892 -0.767476439 0.318865955 0.51105684 0.365494967
    -0.0147293806 1.48212433 1.30494714 1.00552893 -0.566376686
    -0.36721155 0.10295856 1.51269317 1.53179193 -0.1982041 -0.633450806
    -0.596778095 -0.570796072 0.32642442 1.51298511 0.193964839
    0.12463069 -0.691737056 1.25621629 1.41949844 0.0409191251
    1.22961366 0.770507216 1.20547092 1.04669547 0.406902254 0.1202057
    0.162635982 0.18786186 -0.0486424565 0.8680318 0.0440560579
    -0.360747516 0.696440756 -0.298071802 0.504161954 0.696012378
    -0.129772902 0.410777092 -0.285671294 -0.644068062 1.42100477
    -0.124221742 -0.741713524 1.47640276 1.60173774 -0.597047448
    -0.117429972 -0.645093501 0.0689235926 1.66496825 -0.352312267
    -0.364241421 -0.133025587 1.62056923 -0.696599722 0.525718451
    0.896001458 -0.688333452 0.81515497 -0.665990651 -0.369448006
    1.78695631 -0.017667532 1.50257874 0.057197392 0.614961147
    -0.171816647 -0.315042287 -0.748989642 1.75490141 -0.134888887
    1.05363917 1.49039793 0.527952433 -1.05485773 1.46964478 0.433051884
    0.477865756 1.68199086 -0.516861439 1.15899587 0.341684222
    0.271648824 1.22764599 -0.289873689 0.391586959 0.574579895
    1.57134175 -0.467298865 -0.173647404 1.69633961 1.50014317
    1.22264779 0.614389777 1.40361536 0.297959924 -0.472046137
    0.214707494 -0.656273842 -0.331210554 -0.35636282 0.264639795
    1.07717419 -0.165721238 -0.609674692 1.87295508 0.152279019
    -0.133567214 1.92800379 -0.411329508 -0.286168516 -0.400569588
    1.53650737 1.41696787 0.00886613131 0.48605758 0.506805658
    0.617215693 1.5178107 1.154001 1.63360858 -0.743626297 0.0598988533
    1.18890905 0.428759217 -0.0627171993 1.54567051 0.546209991
    0.14070195 1.14263201 1.49416971 0.392194748 -0.298046172
    -0.361001432 1.04973018 1.33958673 -0.430364311 -0.117897332
    0.0960492492 0.451287329 0.388892591 1.46234679 0.086029768
    -0.0675377846 -0.582514405 0.507558227 0.656773508 1.4663353
    1.3885591 -0.441859871 0.875396013 1.24740565 1.17022228 0.520005286
    0.427064836 -0.0682519674 1.54818749 1.36973345 0.147177637
    0.814246297 1.09117079 -0.332743585 0.057633698 0.0350911617
    1.24461293 -0.793769419 0.688770533 1.20220017 -0.0277355313
    0.973502517 0.611863613 -0.345223606 0.727273226 1.32795 0.867311954
    0.874171615 1.43604982 -0.106602132 -0.0828134418 -0.439485013
    -0.0726732016 -0.192843556 1.69613528 1.8001399 1.27267528
    -0.544362545 -0.46743241 1.67963505 -0.124065876 0.847990036
    -0.545363069 -0.659096241 -0.391896904 1.50273621 -0.115281761
    1.1862824 -0.80631423 0.705548346 1.32589853 0.712626636 1.5679667
    -0.694217384 0.589323044 1.7433393 0.398205161 1.01043916
    -0.0313675404 -0.781167746 1.55169892 0.0402992368 0.0336507559
    1.36809421 1.70219469 -0.259807825 0.291739345 0.618866086
    -0.360994339 -0.0515331626 0.810717702 0.56918031 -0.533442259
    0.366738021 0.35934484 -0.771950126 0.847455859 0.328120112
    0.69703871 -0.397781372 0.602750838 0.990789115 -0.689214647
    0.657262802 -0.635798991 0.00799179077 1.43245018 0.373656392
    0.0874425769 0.837632477 1.08411086 0.383196056 -0.165735543
    -0.0419474244 1.55791521 0.592518032 0.488646507 0.760544181
    -0.0696805716 1.27472305 1.41899705 1.08782649 0.826289654
    0.414204597 1.21132767 1.60086226 1.26637673 0.589079142 0.405413568
    1.49719763 -0.636319935 -0.571333349 0.981047153 1.04200292
    0.0996447802 0.536646485 1.0481019 0.867271483 1.68556976 1.23915994
    -0.322716415 0.44753474 0.370032191 0.03237468 -0.305118948
    0.284738898 1.43462121 1.26831603 0.13626045 1.40162325 -0.10074991
    0.730085552 0.926007628 1.56580937 -0.394867063 1.56725693
    1.37036586 -0.525772095 1.59410369 1.13918602 0.0677874684
    0.940363228 0.885879159 -0.516478837 0.173481166 1.45851016
    0.223326325 1.24522257 -0.0552806854 1.24746394 0.386891723
    -0.631146312 0.601949215 1.01726365 -0.414110094 1.0129025
    1.05169749 0.651910365 1.44943845 0.547216892 1.68630517 0.954429507
    0.637307227 1.54718697 1.24303734 -0.494459152 1.34158051 1.70681572
    0.174279392 0.235871315 0.994164944 -0.820148945 -0.268494904
    1.31454515 0.75400877 0.893440723 1.4037509 0.048678875 0.230945766
    1.31126904 1.51524758 0.859597206 1.3788048 0.248653054 -0.724931002
    1.2555654 0.797714055 0.875800729 -0.0390131474 1.61345649
    0.648797929 -0.166154563 1.28512847 0.877902746 1.58234978
    0.966097534 -0.429544389 1.06229234 0.595401227 0.0269901156
    1.19885051 1.33973169 -0.0763806105 -0.0622871518 1.27152169
    1.3810873 -0.517681062 -0.329229474 1.48178005 1.05362248 0.86038512
    0.921824753 -0.686730146 0.767497659 0.354301453 -0.26992631
    1.75386071 1.29910111 -0.223288447 -0.175273299 1.06285405
    1.30300832 -0.624301672 1.15865254 1.45182776 -0.0127019286
    0.233521342 0.676424325 1.12397718 1.01271152 0.997115374 0.3410061
    0.307810605 1.59765077 0.725870728 0.654458046 0.158456504
    -0.753313303 -0.569982171 1.58185935 0.247368515 0.311277986
    -0.335313678 0.186564505 -0.0137219429 1.53356695 -0.398599744
    1.0165484 0.422737122 -0.0453696847 0.316056728 1.59467053
    0.260157168 0.00466060638 0.74812603 0.883953631 0.566561937
    0.897251308 0.890238643 -0.289503157 -0.0184550285 -0.600452542
    0.854099452 1.39764118 0.269340038 -0.312179267 -0.262755752
    1.74641788 -0.211875737 0.917554379 -0.233670175 0.636686921
    -0.693841934 0.92859894 1.74424183 0.181341171 1.51565075
    0.337813377 0.738224685 0.988181174 0.0637804866 0.950705588
    0.39511466 1.65792406 0.227987051 -0.0105115175 0.511666656
    -0.589272797 -0.241672814 0.435037076 -0.0559393167 0.130860686
    -0.621468425 1.26842034 1.10988379 0.173386812 1.5706718 1.56612408
    -0.439145446 1.10134542 0.641213477 0.347518146 1.11118746
    0.994330049 1.33884048 0.56975472 0.323975503 1.17814064 1.49739289
    0.86096102 1.59202671 -0.812077224 -0.347581565 1.07181144
    0.346278012 -0.283160686 -0.738895655 0.553910911 1.6796056
    0.872385323 -0.060546577 0.160802186 0.52917105 -0.803875625
    1.51396227 0.730185211 0.644023895 -0.14907676 0.793599308
    0.482237875 1.03519654 -0.563951492 1.36823976 1.7528131
    -0.757084191 -0.11073029 -0.729740381 1.10292625 1.19612432
    0.545173943 0.913955867 1.00062227 0.29787904 -0.0150340796
    0.823680341 1.689955 1.75670123 1.11720371 -0.720647454 0.582119823
    0.425082505 1.08966017 -0.224841654 1.25858092 0.563520074
    1.72802687 0.019187212 0.331273735 0.0266086459 1.33863449
    0.79360503 0.168427765 0.908070922 1.04851115 1.32585263
    -0.411485344 1.73533964 -0.368343264 0.902757645 0.0691404939
    0.635238111 1.54263127 -0.122310221 1.15786493 -0.212043166
    0.850546718 1.06037867 1.77505708 0.486830473 0.965575635
    0.812536538 -0.278524041 0.443891346 -0.819140673 0.751157999
    -0.586527228 -0.558185935 0.567675471 0.186091185 1.6855042
    -0.253646731 -0.717861831 1.06604576 0.868442714 1.63106608
    0.657993674 -0.277180791 0.0563556552 1.37370634 -0.486015022
    0.0901093483 1.81476974 -0.37774536 -0.196696937 0.798061907
    0.572871268 1.31457496 0.686635792 -0.199521929 0.828333557
    1.4389689 -0.595490694 -0.146735609 -0.795131981 0.715034127
    1.35737276 1.73639107 1.23321056 -0.714423776 0.571818769
    0.0834712982 0.581221044 -0.0454824567 0.633692741 0.589242995
    1.17133832 0.984285533 -0.681526124 -0.109047234 1.78042102
    0.814048052 -0.415378481 -0.100766838 0.871390224 0.841472745
    -0.524181366 1.60558367 0.61016196 0.358751655 0.93318224 1.65568614
    0.0261712074 -0.447321117 -0.0181561112 -0.501127064 1.55207586
    0.0297406912 0.572956502 -0.355525911 0.149379849 -0.0487298965
    -0.0677522421 1.13758171 0.694931626 0.160634339 0.560621858
    1.46925974 -0.168629885 -0.16395092 1.01743162 0.992464721
    1.85568857 -0.420736343 1.05076361 1.74775124 0.536386132
    -0.0117865205 0.577040792 1.1526413 -0.26356715 1.15735579
    -0.130111337 0.714922845 1.22608531 0.246383369 0.153440237
    -0.329284638 1.60027432 1.41394043 -0.643408537 1.15908432
    0.959524632 -0.216892302 1.55945849 0.523997545 -0.591895342
    -0.0404561758 0.590509355 -0.495997548 0.374205589 0.65731138
    1.62776864 0.770882785 1.60549402 0.0555016398 0.294699788
    0.691023231 0.656983554 -0.558229327 -0.645154059 0.493818223
    0.863540947 1.02507377 -0.569808722 0.121013641 1.14925289
    -0.0938808322 0.4706707 1.0304904 -0.505884051 -0.20785892
    0.501490831 1.86267543 -0.314118057 -0.59655118 1.75598454
    -0.426281452 1.35551631 0.0493997335 -0.0384275317 1.70533371
    1.35362971 -0.213868618 0.296156347 0.0818793178 0.664039552
    1.61972547 1.63856423 0.246215343 0.288504362 1.12703645 1.28815365
    -0.298513353 -0.634823918 1.225878 1.51044881 0.77919656
    -0.025205791 0.545681298 0.373771608 -0.462800324 0.293471992
    -0.253184915 1.99248362 0.43763715 -0.423411548 1.14882898
    1.61393952 1.32255828 0.27657783 -0.470159173 0.149598777
    0.696355104 1.73146319 0.669363439 0.355955184 -0.310376823
    -0.254972339 0.760498881 -0.777680695 1.48390174 0.571479321
    1.0600915 -0.75018394 0.992820263 0.835226357 0.000969827175
    0.198399842 0.94268918 0.958337426 1.75451469 0.65207088
    -0.548719168 1.61755013 -0.130591691 -0.00747817755 0.0665116906
    1.1775223 0.140873075 0.338678539 1.55648541 0.897924721 0.564839363
    0.0814893842 1.07590365 -0.616890967 1.31660211 -0.49210605
    0.6934762 1.7462579 0.958310187 -0.157403708 0.284089744 1.37434494
    0.563651264 -0.479503512 1.78088117 0.454334557 1.10830641
    -0.28969723 -0.638311625 -0.00708788633 -0.240095973 0.66966331
    0.0907737017 1.40539193 -0.0767644048 0.405511498 1.17960799
    0.0878921747 -0.160785496 -0.35623306 1.17564106 -0.905705392
    0.18883276 -0.355113924 0.702775955 -0.168272316 -0.841842294
    0.0389716029 0.0834552646 0.698052406 -0.459614813 0.546713054
    -0.189392537 -0.341480941 0.912698805 0.58261168 0.154757261
    -0.81712389 0.561804116 0.267564416 -0.528927326 0.250797629
    1.45357919 -0.659135103 0.0821039081 1.25530529 -0.290508747
    0.0537596345 1.728423 1.09790111 1.50131035 -0.624100089 1.38285089
    -0.709745586 -0.869516969 1.60113907 1.2132237 0.267738938
    0.652284503 -0.636728525 0.474042356 1.10713887 0.416680634
    1.14252329 1.38130093 -0.647066236 1.36044788 -0.761971354
    1.76472783 0.0255299807 -0.380143225 -0.329065621 0.0326277018
    0.315374076 0.537435472 0.333381295 1.56130362 1.37863934
    0.167334199 0.57631892 -0.648519158 -0.685659051 -0.262096822
    1.19721317 -0.163278878 1.54927325 0.753223836 0.869530559
    -0.37655744 0.768205881 1.72187793 -0.256057203 1.68313599
    0.239020348 -0.681298256 0.779286444 -0.0605327487 1.45374691
    0.291669786 1.30919361 0.705393851 0.362355173 0.823478281
    -0.474004894 -0.0364418626 -0.458708555 0.239597678 -0.214886665
    0.255770981 -0.579732955 -0.426308542 1.03024292 0.225001335
    1.61596823 0.956497133 1.27721095 0.284124494 -0.0838193297
    -0.438269377 0.289577067 0.0357615948 0.865349233 1.03300381
    0.139538109 0.0782513618 0.217614412 -0.530478239 0.622079313
    0.951203763 0.0787111521 1.08444595 -0.179520369 -0.12961328
    1.11462283 -0.134916604 -0.491319835 0.111633599 -0.196091771
    0.636851311 -0.824986577 0.473280787 1.42555273 1.56856477
    0.978733838 0.77337873 0.312265754 1.02908397 0.221798122
    0.829934776 1.46939075 1.36480308 1.18407202 -0.010789752 1.32123303
    -0.392282814 0.225233018 -0.14251855 0.918698847 -0.356492072
    0.76490885 1.24140882 0.576839209 0.737313211 1.82312894 1.55013061
    0.259295702 1.66905808 0.614822924 1.02449441 1.64959598
    -0.830961883 -0.52448386 1.23129261 1.30501699 -0.547656298
    -0.202145368 1.67827785 -0.467011899 -0.431747794 1.87494659
    -0.692522049 -0.659075379 0.669883907 0.708068609 1.23132956
    -0.490543365 0.549451888 0.746968985 0.163651705 1.37829924
    -0.692600071 0.60590452 1.0159899 0.236486137 1.05448139 0.539792299
    0.0966557264 -0.761837721 0.955397606 1.3320024 1.24849105
    0.627664447 -0.69059813 0.284907818 1.38519132 -0.584413886
    1.84848046 0.659079134 -0.426118314 0.948092937 1.21827328
    0.666337371 -0.401345611 -0.619764686 0.0610413551 -0.18696624
    1.46989346 0.753831148 -0.285523891 0.494848669 1.87002742
    -0.11366415 1.3367182 -0.600371599 0.689610839 1.22446978
    0.343432546 1.17253482 0.422112107 0.448388696 1.7031306
    0.0661935806 1.48909664 1.45729315 0.29955858 -0.200316012
    1.02669907 1.48112679 0.969619095 0.375890315 0.273968041 1.14379656
    0.586021483 -0.245315075 0.098199904 1.07177353 1.44605231
    -0.0514270067 1.31773007 0.533692539 -0.70555228 -0.0200101733
    0.369553566 -0.70702529 0.646231413 0.116266489 1.29509592
    0.998540878 0.69031328 -0.798521101 -0.170755088 1.75552297
    1.12687469 -0.199730575 0.48994416 1.19460881 0.0490120053
    -0.47731474 0.386187851 1.31445277 0.895746529 -0.396838784
    0.872863352 -0.443417072 -0.123160481 1.10074937 -0.290929317
    1.54479456 1.47411513 1.67461979 1.42671609 0.119833171 0.185031295
    -0.323587626 1.81403661 -0.637151062 1.45140314 -0.03132236
    0.617547274 1.47990716 0.709474087 -5.90085983e-05 -0.103230059
    1.69980073 0.520394921 1.63951659 0.211395681 1.46291709 0.293923974
    -0.654186964 1.74745965 -0.165100127 1.19319499 -0.159370244
    0.941507936 -0.384408325 1.49016368 1.13496947 0.687751472
    1.68520379 0.500219703 1.22952938 -0.230130374 0.355928004
    0.591718733 1.66885471 0.99610889 1.43651271 1.11263669 -0.237754583
    -0.0139614344 1.4577111 -0.243843853 0.779172122 1.47537756
    0.470822155 0.685896516 -0.605112731 -0.0168139935 0.793020487
    1.02086592 1.74301577 0.959039629 0.791796446 0.186833739 1.68830562
    1.63160324 -0.68353349 -0.22242415 -0.198168784 1.50248456
    -0.0785024762 1.56927133 -0.557765961 -0.61267519 1.6412493
    1.19600964 0.969631672 -0.118693769 0.297702551 1.08488512
    1.16224766 1.30808401 0.192350626 -0.558850586 1.11065197
    0.551193714 0.0491625667 1.03566933 0.0847463012 0.810169697
    0.9486655 0.280173481 1.78932571 0.0697730184 0.0174794197
    0.540694714 1.80644298 0.617821872 0.363876581 0.433675647
    0.105941176 -0.73338294 1.48062801 -0.308828115 -0.447694719
    1.62613297 1.11805034 1.14624572 0.35356617 0.944019377 -0.203325212
    0.038852632 1.61701477 0.83228451 0.845709503 0.099121213 1.02054548
    1.54229367 -0.34905991 0.875732362 -0.557729304 0.959639847
    1.46643233 0.859940588 0.437362969 1.03436828 -0.501729608
    -0.819609582 1.14588594 -0.439902931 1.12610483 0.543376088
    -0.628761292 -0.357051194 1.58465767 0.346318483 1.63912964
    1.22089398 0.628902853 0.799059689 0.54628998 -0.312341034
    -0.374867201 0.619481802 0.109158218 -0.295337349 -0.102469862
    -0.11030513 -0.0500504375 -0.044613421 1.11465311 1.11647213
    -0.122121751 -0.732932985 1.15642869 1.43097949 1.762025
    -0.147916019 0.475634933 1.10547233 0.0615944266 -0.597241342
    -0.761464715 1.45126867 1.40750873 0.694420457 0.465581596
    1.04318702 1.28487945 -0.285547495 0.182637155 0.605925143
    -0.708259284 0.143268526 0.457317948 0.373966694 -0.700143278
    0.711767733 0.346624196 0.666550279 1.06904054 -0.685743272
    -0.536534905 0.657846928 0.539971769 0.842787504 -0.502331257
    0.124662936 -0.134720027 0.848006606 -0.693488479 0.319168627
    -0.24940294 0.577625573 0.763365924 0.811876178 -0.310399771
    1.22914767 1.80751956 0.25461185 1.03010559 -0.549149036 1.39089513
    -0.181422621 -0.386998564 0.0916876793 -0.618170619 -0.0341270566
    0.488588512 1.06099522 0.906475961 0.740608454 -0.820484757
    0.1763134 1.22287464 0.587661445 -0.114683747 -0.136987031
    -0.606078029 0.655082703 -0.333673835 1.68085682 0.465868711
    0.381738901 1.64215422 -0.556619227 0.525021553 0.209586978
    0.308340907 0.020375967 0.761317909 1.30311012 -0.517487645
    1.46117377 1.11535454 0.867840469 0.956146181 -0.491109699 1.4946878
    0.860373735 1.44433856 -0.190431595 -0.295543492 0.217767537
    1.61936188 -0.71794194 -0.64117384 0.754583359 -0.624106765
    1.66347325 -0.113744289 -0.0136345625 -0.626199961 1.52737641
    1.12490368 1.35927629 0.0548239946 1.66862285 0.991244972 1.72003973
    1.23978794 0.810461223 1.36234093 1.57816637 -0.355988353
    0.356631935 0.870804429 0.978720486 0.12346065 1.92258155
    -0.583841026 0.439609706 -0.439056873 0.810767233 -0.66443485
    0.632026911 1.30527425 0.856838048 -0.236862361 0.914203048
    1.34071028 0.385523319 0.977557302 0.104245901 -0.106976867
    -0.172363639 0.323816717 0.678941131 1.35619569 -0.439999789
    0.91019541 1.06298614 1.30191851 1.30892754 0.00281393528
    -0.632187247 -0.0616883039 1.60213685 1.62567759 0.0633900166
    -0.0600439906 0.175116897 1.68636179 -0.0511034727 1.1879828
    -0.131241858 1.80830884 -0.669179499 0.480670393 1.33076644
    1.54352498 0.931387365 0.871242523 0.561862767 1.71242332
    -0.761913776 -0.468550801 1.73546672 0.0738292336 -0.0391733646
    -0.530215502 0.967656076 0.942201674 1.14644814 0.183538198
    0.928775787 -0.484232903 -0.103693843 0.0390427709 1.03415453
    -0.0138579011 0.235209763 1.08975554 1.6262747 0.913031578
    -0.325799644 1.54690027 -0.454407781 -0.500898063 -0.189568043
    0.206974387 -0.18543452 0.398943901 1.63696909 1.73228407
    -0.0498160124 1.71196938 0.485946774 0.224169016 0.889652669
    -0.0915749073 -0.377800107 1.15231156 1.43480873 1.0830164
    -0.515052378 0.387166023 0.075186789 -0.451173961 1.3489368
    0.684134781 0.542649686 1.46003532 0.107360005 -0.277215719
    0.0234904885 -0.292329788 1.48736572 -0.189477861 0.0057309866
    1.28441072 1.71873569 -0.12733537 1.20815134 1.17278636 -0.224693954
    0.667963028 0.215590358 0.921353698 1.39685225 1.20891595 1.19714117
    0.374686599 -0.481700003 0.37790221 1.01764488 1.29577684
    -0.0844150186 1.48393571 -0.0690182447 0.401370823 0.964635253
    1.67177165 0.113992691 -0.545274854 0.250248253 0.218083858
    0.266806662 0.437253833 0.123062491 1.75216365 -0.12874037
    0.178958893 1.54416203 0.242729843 0.228229642 -0.589517474
    0.795297444 0.00507587194 0.702180207 0.603924632 1.60873199
    0.683438838 0.715681851 -0.562447727 0.0142291188 0.385045648
    0.896558046 -0.0104571581 0.948457181 -0.0187886357 0.163573027
    0.0566852689 0.879090488 -0.836608589 1.00141358 -0.183256865
    -0.35489884 -0.0243963599 -0.734298706 1.33497357 0.138207734
    -0.466569126 1.35404706 0.456275761 0.373830318 1.0952996 1.44764745
    0.107796669 1.5642643 1.16905117 -0.265553534 0.951693714
    -0.488175243 0.9220227 0.915520966 1.21750569 1.45355344 1.67553067
    0.0668051839 0.467384577 0.865289032 0.479946077 0.324391007
    -0.613521516 -0.530434549 0.349714816 0.254747093 -0.604845166
    -0.00762122869 1.18290234 -0.187350512 1.4084971 -0.639670193
    0.785934567 -0.217410624 0.939417899 0.598412752 1.28626609
    0.891601205 0.337442815 1.03265619 -0.0882192254 -0.317453116
    0.33154726 0.0145196915 0.698448598 0.278809488 -0.431626916
    0.0315467715 1.27767777 0.752253652 1.16215134 1.47068357 1.33457696
    -0.214292645 0.0288253427 1.56847668 0.666990697 -0.367487192
    -0.758442283 0.997992337 0.634824991 1.60873938 -0.153042018
    1.02315283 1.38326824 -0.621106863 0.985108197 0.0266827941
    0.673535466 -0.0688899755 1.52456689 0.297104001 1.11124909
    0.790957391 0.00104731321 0.690699339 -0.763383389 1.2649678
    -0.278490484 0.0380730033 -0.578692615 0.538879812 -0.810059488
    1.26075435 1.4141227 -0.539140761 0.933415234 -0.410387099
    1.08396435 -0.462848961 1.10549927 -0.226433337 0.115210593
    1.30623758 0.200934231 0.993801057 1.60292268 0.598381102
    0.205234349 0.132651031 -0.604519427 1.40302253 -0.242784619
    1.53100824 -0.41973269 0.0777515173 1.23846436 0.24544704 1.48625374
    0.715931952 -0.478711843 -0.31543386 0.71292001 -0.346774906
    -0.601303756 0.552256525 0.461075425 1.15668917 0.155559719
    0.521441519 0.219902277 1.24585128 0.547896922 0.485236168
    -0.496621996 0.685912192 -0.0306426883 1.33946252 1.31902122
    -0.31218341 0.402724266 -0.165477931 0.713584006 0.935377479
    0.114925265 0.870257258 -0.374658555 1.3697896 0.206493974
    0.135602534 -0.624518394 1.00098574 -0.809623957 1.50120485
    1.12395859 1.4923352 -0.802261531 1.47107661 -0.573848367
    0.394815683 -0.391885906 -0.0554574132 0.644408286 0.944931567
    0.155776203 -0.598216593 0.054921031 -0.290354431 0.634836853
    -0.712916017 0.985278249 1.12850785 0.627617121 0.918621957
    1.68260038 0.0714498162 -0.834561706 0.693556011 0.992786467
    -0.295192063 1.08167815 0.855893373 -0.323420793 -0.427480608
    1.31613481 0.575256228 0.827289999 -0.785166025 -0.647886574
    1.6002717 1.55519259 0.944497466 1.38194537 -0.177947342 1.07130587
    -0.568603396 0.134933054 0.23175621 1.18577456 0.916381299
    -0.560780168 0.435945868 0.139733374 0.896540642 0.275642872
    -0.00860357285 0.559307694 0.0774806142 -0.661028624 -0.0975106359
    1.6548202 -0.166784167 0.726553202 -0.360724926 1.38661408
    1.34488964 1.42544508 1.16708648 0.633390963 0.90671134 -0.383047163
    1.40590119 1.5129149 1.06057596 1.11585426 -0.756677628 -0.207638025
    -0.263444841 -0.369468093 0.678551197 0.94140774 0.249623954
    1.16647363 0.621038735 1.14225006 -0.265692234 0.945603728
    0.832875311 -0.252761662 0.00556921959 0.94065249 -0.733598113
    1.76427388 0.365478814 -0.456712335 0.340290606 0.366703749
    0.47726357 -0.596444368 1.61052287 0.132011175 0.115445375
    1.51111138 1.21957755 0.125905037 1.29478383 1.48062706 0.170546353
    1.53258419 0.0115417242 0.779316306 1.41307616 1.17321742 1.17488766
    1.12501717 1.62025476 -0.629571915 0.365437031 -0.682708144
    0.0227567554 0.193908393 1.06672108 0.757741094 0.97797209
    -0.38774097 0.888045728 1.2550751 0.579706788 1.6306566 0.182622492
    0.746505857 0.479287565 0.81907922 0.40484935 1.50452864
    0.0597738028 0.00974726677 1.29397106 0.256731451 0.73605597
    -0.00793081522 0.00875687599 0.10563904 1.43211198 -0.469573915
    1.93401408 0.217008173 1.51802969 1.78170848 -0.257223547 1.36680269
    0.128144145 -0.473072916 0.956774652 0.779903412 1.61427224
    0.137749851 0.0909176469 -0.487432599 0.912795305 1.74655747
    1.0041635 0.00737959146 0.623236775 0.497131646 0.226044893
    -0.541315198 -0.189020157 -0.318742514 0.128949165 1.49227595
    -0.160096169 -0.589899659 0.749010324 1.75619531 0.357278049
    0.696475327 1.54459429 1.39400113 -0.121011317 1.61526823
    0.679820359 -0.870266616 1.03936255 1.30715585 0.795509756
    -0.607645392 0.287684798 -0.0488407016 -0.0806205273 -0.187688649
    1.21171689 0.839083493 1.1050905 1.0668236 -0.0873875022 1.03986621
    1.77188087 -0.0745552778 0.346249044 -0.630836844 0.164650023
    -0.500837386 -0.645406604 1.24386883 0.487947106 0.0314875245
    1.13529015 -0.592173815 0.0830636621 0.448291302 -0.300306678
    1.37706995 0.545251608 -0.615404963 -0.330875188 0.536901653
    1.6268816 -0.151448607 -0.541116416 1.42797017 0.291068137
    0.883234382 0.141095757 1.65155411 -0.65547365 -0.579114735
    0.123206794 1.56637549 0.0335851312 -0.390917897 -0.562235713
    -0.598045945 1.21882486 1.36037183 0.329433441 0.340158641
    -0.435706556 -0.64758116 1.4153502 0.313028634 -0.563643515
    -0.411175519 -0.275769532 0.44773823 1.0479486 -0.636779785
    0.414542139 -0.00471884012 1.03894114 -0.134173453 0.617297649
    1.47598457 -0.116946399 0.599037051 -0.617227435 -0.67684412
    1.79592311 0.860519767 1.46915388 1.50015461 1.25634027 1.2111392
    1.08089471 0.170667946 0.546604514 0.152608633 0.958611786
    1.39253509 0.66428405 -0.588395596 1.17256415 0.644380152
    -0.0971075296 -0.121592283 1.31724393 1.01735282 0.674465835
    0.0468979478 -0.637707651 -0.351035237 0.628484488 0.665368676
    0.802093148 1.13609111 -0.907181203 0.334379554 1.19266462
    1.26386929 0.041867435 0.371987462 -0.556672692 1.5194943
    0.393741131 1.55986953 0.246670067 0.54093647 1.20194197
    -0.925418854 -0.536480427 1.54675949 1.33623838 0.257299364
    0.388170719 1.30809617 0.872563303 0.672959387 1.78164196
    0.723763883 -0.811608076 1.13268757 1.11783683 0.000725030899
    0.0899743438 1.6061399 1.27772355 1.36277056 0.862025559 0.251955509
    -0.0257467628 -0.035208106 0.000987887383 0.935390949 -0.226216435
    0.822033107 0.686137974 0.942473948 -0.723959982 -0.24293381
    -0.754918873 -0.435311258 0.536874533 1.70585251 -0.272819191
    1.44525266 -0.578222275 -0.71117717 1.39174557 1.49995017 0.52204597
    0.448208451 -0.740963995 -0.277962834 1.47445107 1.44843626
    0.735263288 -0.361596435 0.629358053 0.588099837 0.433990717
    -0.0452834964 0.986762345 0.694550216 0.784989655 0.29637289
    0.417264283 -0.401358515 1.27285671 0.961268783 0.547135651
    0.986628175 -0.326025128 1.64461541 -0.307201266 1.02762079
    1.11815977 1.55084682 -0.171892226 -0.294245303 1.37360215
    1.53753781 0.984535158 0.818367064 -0.51688832 1.2926389 1.02959728
    -0.238908052 -0.608630657 0.0851715803 0.579883039 0.0982893109
    1.60924459 1.02267778 0.591628611 1.51230097 -0.0731862783
    -0.723723769 -0.472601056 0.69065243 -0.472277075 -0.296224892
    0.860690832 -0.694916427 1.80973506 0.391404867 -0.465003192
    1.73552012 0.420247376 1.797925 0.280385911 -0.0149091482
    -0.122125864 -0.337830603 -0.0616750717 -0.321300149 0.670273423
    1.35323143 0.740742922 1.39184237 0.961007774 1.59676671 -0.2450822
    1.70109677 1.30681777 -0.197190523 0.0947450399 -0.538061619
    0.276569903 1.68628931 -0.817271113 0.225869119 1.63314819
    -0.799218893 0.395154297 1.25318217 0.314111054 0.902982414
    -0.375372201 0.0465165973 0.488912582 0.273514807 1.22634101
    1.55947757 1.23085356 -0.0751891136 0.930404127 -0.839066982
    1.54094291 1.03966761 0.694661438 -0.396035254 0.584209442
    0.108284354 1.31399322 0.635223866 -0.393354058 0.883112967
    1.13977504 1.6831758 1.5864749 -0.576213598 0.0783868432 1.00639892
    0.0660671592 0.737671375 0.583959162 1.40353012 1.46734023
    -0.267655492 0.808976114 0.535875261 0.291317046 -0.342216879
    1.05779314 -0.0837445855 -0.67159158 1.47837472 1.70510769
    0.335993648 1.08974838 1.38438678 0.188696921 1.52174783 0.495393276
    0.729579568 0.424178779 -0.704159141 -0.256259739 0.573862493
    0.346006751 0.912992656 -0.294564992 0.889309883 1.58310151
    1.39576364 0.817600131 0.361930013 -0.386882305 1.40370989
    0.763894796 0.816432118 -0.5813936 1.3486073 -0.280038655
    -0.626875043 -0.600492775 -0.284977823 1.86687458 1.30520105
    -0.698862255 0.554652989 -0.229955643 1.65642643 0.418177843
    0.704697192 -0.464712352 0.877337813 0.780828238 1.1121769
    1.22743416 -0.066814065 -0.376545727 0.17857039 1.01148129
    0.0502868295 -0.211619198 0.0139499903 0.160904109 -0.254958451
    0.587515652 0.791524708 0.637263417 -0.0498359203 1.27036095
    0.124002814 1.24256527 -0.81807071 1.3521322 -0.135482609
    0.0488763452 0.131657243 1.72551978 1.16393077 1.54685926
    0.551923335 -0.519030213 0.891961932 1.04294646 1.23760092
    -0.318684131 -0.823377073 1.24178028 1.15097189 1.0031116 1.49093151
    -0.508687496 -0.614893973 1.13098502 0.432735205 -0.281082869
    -0.224029899 1.71239114 0.703954697 0.537034214 1.32751822
    0.194478691 0.296773016 0.14157635 0.239085078 1.31685495
    -0.365207911 1.46158648 -0.238673806 1.51109552 0.0828027129
    1.2749207 0.556476116 0.970071137 -0.0423620939 -0.582898498
    1.25993609 0.297200084 0.465143204 0.665699482 -0.128745556
    0.690878928 0.741808534 0.164680064 0.0411995053 1.49187875
    0.41348052 0.294578791 0.67981118 1.4563601 0.1466434 -0.291625321
    1.35538828 1.63092589 0.507021844 1.09861565 -0.569896698
    0.309741855 0.86333847 -0.301805913 1.66400933 1.62375891
    0.617602646 1.37469649 1.20041156 -0.336433649 0.422651947
    1.11229575 1.32018054 1.64640224 -0.166162848 0.501544654
    -0.256367803 -0.0696270466 -0.136899412 0.0276764631 0.562922955
    1.77230811 -0.343824089 0.123737633 -0.942399025 1.46815467
    1.14817095 0.691272914 1.62101734 0.337171078 -0.681580544
    0.750592113 -0.178099692 1.67781568 -0.488477439 1.00820553
    0.500983775 0.855520964 1.33599222 0.49322933 0.563455403
    0.475480199 1.10808241 1.19576597 1.21885991 1.1221981 -0.524525404
    1.49214697 0.287530243 0.236195147 -0.0661737919 -0.298903048
    1.29192412 0.976344168 1.02581501 0.533484876 1.62104821
    -0.505968809 1.64882803 -0.363762587 0.473193765 0.177623034
    -0.0416377187 -0.75824362 0.993193388 -0.495810926 0.883502662
    0.518293262 -0.549294353 0.0768862963 1.80076015 -0.00258934498
    -0.664677322 -0.20331198 0.298755229 -0.477654219 -0.425558239
    -0.571873188 0.588460267 0.232633233 0.875688255 1.56681561
    1.43144131 -0.705959499 -0.367287338 1.54942811 1.06966376
    0.776792884 0.811100364 1.29863894 -0.293105811 0.83822006
    0.773243785 1.0448755 0.127754092 -0.491362482 -0.791413605
    0.560205042 -0.789761901 -0.201264739 1.40190578 -0.773917913
    -0.40464431 1.14005136 -0.397817016 1.63571489 1.57671905 1.47160864
    1.11973453 0.667194486 1.25375295 0.841314733 0.0324278474
    1.18938255 -0.648250818 0.0463330746 0.906563878 0.951336563
    0.711181223 -0.311092615 -0.739100456 -0.391878724 1.56143665
    -0.559056938 0.140466452 1.22712421 0.423981547 0.334416389
    0.745209336 0.807605505 0.292871237 -0.421010077 1.1029985
    0.424261093 0.842992306 -0.636646271 1.55615103 0.790705442
    1.05634189 -0.48947072 1.35406852 0.760223508 -0.606610537
    1.25189304 1.52132201 0.945361137 -0.603792489 1.61069274
    0.172427118 1.179672 1.2150209 -0.101006091 -0.060970664 1.70245636
    1.40471005 0.859693706 -0.56397295 1.42734361 0.402820766 1.65062714
    -0.192548126 0.927986622 1.34078598 -0.470934629 0.639856815
    -0.180954456 1.44966519 0.343972027 -0.559105754 0.712392092
    0.22919327 0.273268878 1.50847709 -0.378693879 -0.3384175
    0.611643612 1.59809422 -0.239212275 1.49553001 1.48197556 1.36661243
    -0.548042774 0.139881372 0.461064219 -0.393929273 0.00457382202
    -0.0347655416 0.165165663 -0.443345219 0.774846077 1.36237741
    1.50969386 0.270425856 1.3947618 0.84689796 1.32380307 0.748099148
    -0.0855814219 -0.165986657 -0.706486166 1.26481676 0.516514122
    0.883861423 1.0319804 1.63799679 0.351898074 1.2615639 0.772653282
    1.5930295 0.926647365 0.474408686 0.704604506 -0.3538481 0.313229203
    1.19480586 -0.0156676769 -0.77992022 -0.33228302 0.877513647
    1.57823181 1.38972199 1.02895713 1.58508074 1.23573709 0.24558866
    0.0665814877 -0.379935384 0.545367301 0.937771261 0.314430952
    -0.0135336518 -0.38893649 1.00008404 1.84579778 -0.240319252
    1.26951647 -0.689474404 -0.458668232 1.4117918 0.119815409
    0.206038773 0.08604002 -0.301489174 0.428862393 1.62788606
    0.558698595 1.33566546 -0.0266688466 1.56447244 0.585527539
    1.30973327 0.1038661 1.42844319 0.251217008 -0.269852519
    -0.700424016 1.70019126 0.515167952 1.59194958 -0.514104605
    1.15542769 -0.282992005 -0.106887877 0.62871933 0.26315707
    -0.625534594 1.27575099 0.0121622682 1.10726619 -0.0249953866
    -0.0264636874 1.20033097 1.7112453 1.30302572 0.0423001051
    0.267767608 0.944226921 -0.189029992 1.41510332 1.65300393
    0.735903621 1.38055182 0.956746817 0.794269621 0.721830964
    -0.852717102 0.924695671 0.666030526 -0.472328216 0.279288948
    0.559345424 -0.63601923 1.14837623 -0.712816477 -0.240177155
    1.24367905 0.396290898 1.23569226 -0.626036108 1.29682279
    0.880947411 1.41649985 -0.765277028 0.195221543 0.571184099
    -0.327558458 1.55631757 0.117126465 1.15038991 -0.5453825 1.24134922
    1.0169034 1.64363062 0.54508698 1.21110749 0.622044861 0.079898119
    1.44611859 1.58692646 0.885088682 1.54493856 -0.564341486
    0.752188027 1.38857687 0.193742454 0.329504371 1.70321798 0.38892138
    -0.690185547 1.69867301 1.30738688 0.0641226172 -0.284925342
    0.900819659 0.744481802 1.38282514 -0.584658623 1.4125514 1.45371902
    1.03856564 0.70639509 -0.0870597363 1.4578824 0.424749136
    -0.268588543 1.40078187 0.0994526744 1.45018291 -0.698499918
    1.65782475 1.60323262 0.889845788 1.22144914 1.51154995 0.724280179
    0.85781002 0.658655643 0.869056225 1.34048426 0.401675105
    0.248630941 1.28438139 1.13300502 0.468087792 -0.521449983
    0.161722779 -0.0304701328 0.288693309 0.508394897 -0.0633075833
    -0.735705495 1.05337548 1.3740797 -0.0980603099 -0.793582797
    1.39466965 0.338525057 0.437743604 1.25122285 -0.747098863
    -0.677944899 -0.470675111 1.80430496 0.301583648 0.673882425
    1.62840009 0.48678416 0.638358474 0.26351887 0.312850177 1.32830667
    -0.280334651 -0.181078553 -0.397577792 1.35970759 0.14896518
    0.967406273 1.43988025 0.220260918 0.39374584 1.01911926 0.105025172
    -0.297198355 -0.601967752 -0.666568696 0.354092479 0.211168587
    -0.566821694 1.70104086 0.440781653 -0.329215437 0.060809195
    1.29422271 1.29180205 1.70326042 0.331219673 1.33872724 -0.537295997
    0.287998378 1.20269966 1.18367553 0.658210218 0.0990611315
    0.13497895 1.834741 0.304878294 1.02008748 -0.0612794161 1.33974957
    1.49030864 -0.421426684 0.514934957 -0.506283164 -0.0224612951
    0.955827832 1.08524787 -0.628404796 -0.643762171 0.0717345476
    1.39221895 1.48125792 0.427531719 0.831665277 -0.0901399851
    0.435794652 1.63560545 1.77930439 -0.294743896 -0.582539797
    1.05604601 0.0800044537 -0.542671382 1.46929693 0.223698556
    0.345946491 -0.210417271 -0.250139982 1.36486435 0.371959686
    0.985372186 0.595739067 -0.638986588 -0.197832167 -0.492569655
    1.61922407 -0.544075966 -0.251035511 0.261371195 0.793715715
    0.343173087 1.52784026 0.306642711 1.01688695 1.01164234
    0.0636739731 -0.775408566 -0.232982278 1.22841036 0.872813821
    0.306182146 1.68578935 -0.206606269 0.774643481 -0.619818747
    0.749603271 -0.353613198 -0.226020694 0.951127887 0.17115593
    -0.598766863 0.684270978 0.631554484 1.64698577 -0.290313482
    1.43637371 0.787756324 0.0976793766 0.834007323 -0.0471951365
    0.942453563 0.709539533 -0.33683607 -0.0816020966 0.0146099925
    -0.011054039 1.75544548 0.0179953575 -0.185160995 0.0331381559
    1.06665945 -0.0495026112 0.119383872 0.0476733446 0.263789713
    -0.551391184 1.50029564 0.121222973 -0.480963171 -0.598791361
    1.73971438 -0.337756276 -0.386350572 -0.175122678 -0.160112917
    -0.0481515527 -0.362345368 1.27259433 0.426795542 -0.41884768
    -0.336325496 0.0781901479 -0.519525528 0.859636724 0.0560385585
    1.29107463 0.625138104 1.15182662 -0.171119928 -0.821709096
    -0.437622488 0.19041878 0.591666818 0.575509548 1.8245101 1.04070473
    -0.464256167 0.872003794 1.46630645 0.846108556 1.29586685
    0.838270903 0.463818133 -0.449883163 1.28325176 -0.415703744
    1.29028392 0.963938534 -0.617477417 0.818373382 -0.172253788
    0.368321359 1.18688273 0.734187484 0.115499735 0.955796063
    1.57680678 0.566084027 0.921827972 0.10940367 1.31041932
    -0.698343098 1.10167313 0.825549543 0.658995926 -0.672839403
    0.736222863 1.47072053 1.39779878 -0.13247478 1.68168569 0.190963149
    -0.41426757 1.47380531 1.24212408 -0.45250985 -0.241243482
    0.883394182 -0.132490695 1.43866134 0.774701715 0.209030211
    1.40091026 -0.708897948 1.55562997 0.948529184 1.16525638
    0.046287179 1.29743648 0.927128911 -0.390838444 0.0965832472
    1.63829815 -0.418828756 -0.474234045 -0.0326460004 0.558265269
    -0.663162887 1.56505322 0.997476399 -0.790911198 -0.620901048
    0.595056713 0.677150548 0.120864272 1.27399838 0.780894756
    -0.458485603 1.72545004 -0.396627069 -0.5663625 1.20484829
    -0.690604389 1.60152316 1.61539125 0.174014807 0.610832155
    1.35809946 1.13509274 1.17690372 0.506623626 1.66908133 1.38142586
    0.833684146 1.39537358 0.0751485229 1.05043697 -0.0922382474
    1.23857641 1.47313678 0.316473305 0.684364438 1.52493787
    -0.174600959 1.27463412 1.04370785 1.00887585 -0.377440393
    0.952811599 0.450785458 1.01336789 1.41772628 0.784778416
    -0.711535931 -0.754196465 1.27842593 -0.250451207 -0.180253208
    1.24790692 -0.549042583 -0.0157470703 1.70358789 -0.125544012
    -0.184096336 0.610252559 0.0756044388 0.983639479 0.0761429071
    -0.660012484 1.48005915 -0.434795111 0.532186449 0.700886607
    0.0697863698 0.813940227 -0.198275864 -0.543601513 0.862082303
    0.645773411 1.32052946 -0.610571325 -0.113910377 1.80244684
    -0.360105455 1.02552235 1.36179519 0.0366530418 -0.203123987
    0.275216222 0.309036493 0.799442649 1.46200967 0.811922312
    -0.536219478 -0.518744886 0.457271576 1.97121334 -0.515904903
    -0.0791781545 1.01897264 -0.143693209 1.25041318 0.326291859
    1.40712321 -0.132219732 0.733995318 0.701066971 1.51874733
    0.069105804 0.87593019 0.968349755 1.48225164 -0.563506722
    1.58530521 0.845293045 0.00339770317 -0.0656173825 -0.0820792913
    1.03482151 0.86959368 -0.287515283 -0.0645723939 0.983971 -0.4785918
    0.0170756578 1.42534828 1.02385807 0.492776632 -0.583751738
    1.47478628 0.601869464 0.683720291 1.38620317 1.22247744
    -0.499413401 1.49633074 0.280087888 0.312778056 0.7903772 1.71090698
    0.0448184013 0.104453325 1.87752366 0.588663638 -0.713690639
    1.62708187 0.381061733 -0.639209867 -0.603863597 1.40760136
    1.27767563 0.573063254 1.24229825 0.528580248 1.06064057 1.28923523
    -0.242041409 -0.0580542088 0.628417134 -0.407589436 1.06334376
    0.502708554 1.07149005 -0.275434315 0.734673858 1.28443146
    -0.641684413 0.872598171 0.636572599 1.61225748 1.37332845
    1.49887037 -0.273352712 0.0173771381 0.406267166 1.34707475
    0.674219966 -0.13382113 1.61659241 1.25292778 -0.295189798
    -0.232177734 0.863990307 0.481864452 0.101543784 1.79715371
    -0.512877107 0.0951352119 0.945046306 -0.58210218 -0.49529767
    1.59392858 0.0529099703 1.24386477 -0.785776615 1.37302744
    1.59935057 1.0265547 -0.0325043201 1.05768716 0.277733147
    -0.679288805 0.210148931 0.98901093 -0.341856569 -0.131158054
    -0.620374203 0.511916339 0.976467609 1.57135201 -0.271905959
    -0.206119299 -0.749704957 1.20364618 1.57419658 -0.0639167428
    1.59333229 -0.398194283 0.181537509 0.855214715 0.374082446
    1.22865891 0.815871298 -0.57787627 1.25867724 0.65767312 0.157204866
    0.441775203 0.894304633 1.07687688 1.00915277 0.661249757
    -0.871560574 0.881733 -0.369750679 0.795987368 0.0796399713
    1.42497826 1.03898835 1.71195805 1.60678625 1.02684832 -0.0795157552
    1.30756164 1.36232018 -0.668168187 0.398049831 1.62777269
    0.0704040527 -0.680723429 1.06364441 -0.401669323 0.748044014
    0.398650587 -0.0181936026 0.798434138 1.17204261 0.451395154
    0.0430697203 0.608429849 -0.36431393 1.00386095 1.64458776
    1.16280949 -0.340267539 0.826907992 0.0103259683 -0.523981988
    0.599395931 1.20703185 0.561625123 1.20169687 1.32934666 -0.09395051
    -0.722719669 -0.245468557 -0.346685678 1.75230169 -0.374014229
    1.16266489 -0.345717728 -0.542709708 1.6190455 -0.672091424
    0.805058002 -0.111736059 0.926166236 0.014662385 -0.571889102
    0.636359453 0.530928612 1.28321278 0.800994337 -0.334660321
    0.916656554 1.45713806 -0.698953748 -0.497597814 -0.155627072
    0.0415653586 0.45437181 0.401874542 0.767205 0.0399095416 0.36498481
    -0.664136052 0.94794333 1.30875766 -0.227547288 1.35155451
    1.65245175 1.61786819 0.251979947 1.34391022 1.18843102 0.0818168521
    -0.0632801056 1.79207301 0.34469986 1.6040163 1.13860464 0.731934786
    0.313303649 -0.526425719 -0.532379866 -0.462368667 1.75802588
    0.146523297 -0.478254229 1.28487086 -0.651401758 1.33276153
    -0.498867065 1.30908656 1.62402427 0.0827919841 -0.776288152
    -0.0877512097 0.719168067 -0.38041243 0.0458571911 -0.36674422
    1.56923616 1.44182336 -0.652626157 -0.508513927 0.0100938678
    1.66504097 0.00743174553 0.00566548109 0.538916171 -0.0230990052
    1.09379029 0.493152201 -0.208086729 0.831053138 0.988064349
    0.00480306149 0.0650903583 0.381635904 -0.117457986 -0.431790531
    1.70601368 -0.644394875 0.625189364 1.01075578 0.708922505
    0.623983681 -0.113144755 0.335448146 0.692086756 -0.673704386
    0.539741397 -0.704873621 1.42568183 1.78832078 -0.177351892
    -0.0961896181 1.6054337 0.166311622 1.06369269 -0.458331823
    0.836358368 0.184720039 -0.428447604 -0.053206861 0.738546908
    -0.369526595 -0.715122998 0.642065108 0.729028583 0.32510829
    -0.202124953 1.21097612 0.828347743 -0.296201825 0.537823319
    0.411998689 0.611512005 1.06095541 -0.180443466 0.541239321
    1.15263534 1.55953932 0.89330411 0.901280463 -0.875210583 1.49376798
    0.592510462 1.30104733 -0.728147626 0.890383601 1.14598942
    -0.267808467 1.13704765 1.02400231 -0.579878211 1.10521579
    0.545173109 0.17515707 0.548429906 1.1165632 1.75769949 1.3578378
    -0.641084909 1.51262569 -0.77915436 -0.62660265 -0.459052593
    -0.0463490486 0.938760161 0.0578963161 0.000233590603 0.66092211
    1.72188675 1.70157373 0.258171856 1.62875402 0.439820528 -0.62618351
    1.73607433 -0.143870294 1.07939792 1.34050608 0.54822892 1.23095906
    0.295317888 0.388480783 0.338962972 0.762531281 1.43679571
    -0.778230309 0.590225816 1.15798962 0.830640852 0.946944892
    0.263285935 0.50546062 0.0445440412 -0.502520204 0.513057709
    1.61937022 1.26165724 -0.00618815422 -0.198984683 -0.0858706832
    0.70548296 0.734466076 -0.314793408 1.56680703 0.878931344
    -0.645247817 0.201541722 0.922922015 1.65467584 1.22364891
    -0.17771697 1.52394414 0.917235076 0.696603954 -0.387799948
    -0.551615953 1.30308938 0.606017172 -0.679918766 1.30189002
    0.77517277 -0.0961060524 0.812474906 -0.434033185 0.525357246
    -0.696352243 -0.480320603 1.13847387 -0.0771712065 -0.644915521
    1.15225148 -0.408932865 0.863365591 1.63503623 0.454135001
    -0.678501606 1.58278084 0.644562542 0.476307929 -0.180614054
    1.05335164 -0.0522364378 1.48685527 0.043232739 -0.20140177
    -0.653918147 1.67782509 -0.200715125 1.66725588 0.671973705
    -0.36188823 1.2611711 0.752382874 -0.0975716114 1.44371593
    1.73176789 0.772186279 1.74323678 0.180078149 0.544754028 1.21832216
    -0.735895991 0.811077476 0.5917539 0.695615888 0.942243934
    0.201363742 1.81384873 -0.692313492 1.12205458 -0.568246186
    1.20796931 -0.666237593 -0.507684469 1.63814366 -0.177448452
    1.6261586 1.70161057 0.828575373 -0.342546463 1.27212977 0.945124626
    1.06703305 0.445851624 0.519082904 -0.652139544 -0.173682988
    1.71616888 0.506336212 -0.421200573 -0.492356241 1.64571142
    0.272594392 1.15319335 0.727674603 -0.67688787 -0.535068274
    0.944966912 1.54744744 -0.807234824 0.565563321 1.03496182
    0.347224355 0.233590543 1.5048759 1.45285189 -0.446469605
    0.773608446 0.0227220058 0.833822072 -0.18060717 1.95293283
    0.894863665 0.344699323 -0.491946012 0.659943759 1.04928267
    0.159469604 -0.333093584 0.787903607 1.43821168 0.0535083413
    1.66280806 0.0529740453 1.31833458 -0.600799382 -0.552637517
    1.468261 1.15753365 0.573528647 0.515936494 1.49187851 0.0690358281
    0.642359793 1.36256731 1.02705455 -0.0188730359 0.380336165
    1.53598952 0.722898006 -0.575352967 0.190493345 -0.154155314
    1.40751147 0.241996288 0.690520227 0.0130083561 -0.522614241
    -0.732166767 0.390679002 0.0375126004 -0.326748848 0.846670687
    1.69244862 0.569807231 -0.463428795 -0.128043115 -0.753461182
    0.566237807 0.332998276 1.20729339 1.54632044 -0.330338478
    0.406807721 0.373413742 0.491742373 -0.524811745 0.0571829081
    0.318230569 0.856441438 0.629334748 -0.105330944 0.357297957
    1.50462985 -0.274377704 -0.561937451 0.302223265 1.71349335
    -0.404936731 1.08623576 1.68608236 0.27543658 0.675825834 1.48269653
    -0.00936204195 0.515416086 1.06379819 -0.693543613 1.11845207
    0.11998558 0.051850915 1.47114158 1.05830479 0.664723754
    -0.211190224 0.549907923 1.4405098 1.30351758 0.259345889 1.16966748
    -0.188459694 0.00181335211 1.00676584 -0.701086402 0.0748226643
    0.945703864 -0.0722565055 0.0317534208 -0.198772222 0.970511377
    0.735068798 -0.436265558 1.51494169 0.557820916 1.31758094
    1.61828172 1.61027551 0.652208805 0.891177714 0.481374383
    0.103066564 1.12591422 1.37077045 -0.273568273 0.211800456
    0.912018836 -0.530891299 1.54542255 1.05111122 -0.644737482
    1.4418695 0.857510924 0.485328376 0.429986894 0.540346265
    -0.0203685164 1.65079784 -0.0105487108 -0.587907553 -0.470670611
    0.666911542 1.45671952 0.0947175622 1.26088619 -0.0988868475
    1.64130092 0.85880214 1.06675601 1.44390488 0.670282245 -0.53690958
    1.21445847 0.149441898 1.3102448 -0.11689055 1.43874192 1.56946111
    0.207033634 -0.15243715 -0.654595375 0.127237201 -0.670684874
    -0.569019616 1.31779552 0.613965333 0.0946016312 1.20288849
    0.525076926 -0.468883663 -0.421100587 0.284777105 -0.512715399
    0.932902455 1.65492666 -0.394478917 0.965308845 -0.39432025
    0.826952457 1.5163058 0.543183386 1.27853274 1.13466597 -0.728845417
    0.486182868 -0.561206937 -0.741042733 1.0563221 0.620697379
    -0.311049163 0.484436214 1.30195737 -0.73373872 0.409409583
    0.089892447 1.59823942 -0.710422516 -0.0283094049 0.654710472
    1.7029314 0.75677222 0.371549547 -0.434430182 0.080294311 1.3089155
    0.71075809 -0.38745451 -0.491988391 -0.302725732 -0.506803572
    1.09131229 1.24918425 0.0772621632 1.08525991 -0.338942885
    0.947703838 1.29692578 -0.443952382 -0.114522576 -0.200321198
    0.185049355 1.32863998 1.17778766 -0.415002525 0.359434009
    1.30615354 -0.349148601 1.23249602 0.136310756 1.4770354
    -0.658810914 0.203935504 0.0492216349 0.144445479 0.949357033
    -0.184725046 1.25067699 1.64535546 0.946609914 0.395609498
    1.14171481 -0.606949806 0.173504651 -0.308689028 -0.344932616
    0.428945482 1.34693301 0.629579186 0.292117298 1.52195287 1.58868527
    0.988653719 0.916530371 -0.67648387 1.30364585 -0.534789622
    1.58466983 -0.655872703 -0.119213045 -0.606132269 -0.581536651
    1.16325212 0.887946129 0.991363049 0.269188166 -0.428674817
    0.308907568 0.327042699 -0.128000557 0.340570211 -0.373526335
    0.590901494 1.43216324 -0.526545048 0.673645854 1.31202412
    1.23427391 1.42697954 1.34975028 0.3287099 -0.552684188 0.138943017
    1.33732522 1.19660211 0.261962235 1.00065076 -0.0774520636
    0.299836993 0.987946272 0.0960404277 0.696494162 1.43253255
    1.6501478 -0.266884387 -0.482666761 1.3766551 0.00965249538
    0.710886717 1.08075953 1.45171392 0.943549335 1.3569932 1.60985589
    -0.564441025 1.60916114 1.41353178 0.60491538 0.943372846
    0.253316998 0.781523228 0.642302692 -0.158972144 -0.0854412913
    0.335512817 1.76289761 0.906422079 -0.739608467 -0.532073975
    1.64642262 0.998133898 0.595578671 0.26810348 1.12421632
    -0.673802972 1.47999179 0.502432942 -0.75027895 0.373344243
    1.28488469 1.5181098 1.25517821 0.883565843 0.725924492 -0.16896221
    -0.594562829 1.36280942 0.95774138 0.75402981 0.12093699 0.202823102
    0.227109849 -0.19344151 0.95011282 0.0274581909 -0.433468252
    1.30721784 0.536408603 1.35370421 1.62527609 0.63370502 -0.584241271
    0.0636846423 0.907896519 0.658759177 -0.305617332 0.691138744
    0.164911509 -0.080194056 0.592697799 0.0112565756 0.499619424
    1.73364961 1.71999526 -0.356857419 -0.228623003 -0.00164315104
    0.846759856 -0.219478369 -0.609183908 1.79626346 -0.333237022
    -0.2797212 0.63122052 0.325357378 0.79598707 0.60315907 -0.755795777
    1.06980753 1.11835158 -0.500297248 1.26388776 -0.0720251203
    0.222196698 1.41628909 1.13035822 -0.641241789 0.498588443
    0.88007015 -0.507197261 0.53092289 1.34001899 -0.329364032
    0.901825547 0.197379768 1.44112182 -0.378171921 0.654827714
    1.09849429 -0.678729653 1.35494328 -0.296417803 0.751542628
    0.843580544 -0.408372372 0.47049582 -0.0490624905 0.280751705
    0.716027796 0.597843111 0.819240153 -0.200240076 1.41356683
    1.67899251 0.608073413 1.52620506 0.962352157 1.67581618 0.989642382
    1.62861753 1.2045064 -0.0391597152 0.875233591 -0.878403425
    0.325449109 0.24774003 0.0117324591 -0.197942823 0.170423567
    -0.638499379 -0.101549268 1.35292268 1.32181096 0.239745438
    1.20167398 1.26423049 1.28191876 -0.731551468 -0.00756061077
    -0.286464512 0.277354181 0.810288727 0.996895432 1.75661206
    1.53725505 1.45640647 0.373920143 -0.66901195 0.8811813 0.693857789
    -0.259681165 0.659857452 0.639430106 -0.378245592 0.659603298
    0.497284234 1.37281322 1.34052134 -0.131006956 0.0255404711
    0.355890691 1.62520003 0.917597234 0.618616045 -0.537246227
    1.7674768 1.1767261 0.534694254 0.805436909 -0.625958204 0.591146708
    0.243127584 -0.579095423 1.1213758 -0.44541961 1.54195678 1.59067774
    0.125421286 0.392480135 1.09183741 0.0571207404 -0.341424108
    0.105953813 0.286822319 1.71140695 1.01618338 -0.354434758
    0.264506578 0.377393186 -0.277982801 0.18391639 -0.286679506
    -0.458950758 0.727405965 0.660529792 -0.201125681 -0.344160676
    0.975404143 0.238857448 -0.531627059 1.18696499 1.02603483
    0.694994688 1.82091498 0.339270055 -0.581544399 0.680654705
    1.20759499 0.766420901 1.08102417 0.929755807 1.39254212
    -0.175256729 0.229852021 0.826524675 0.0865747929 0.980220258
    1.51105189 0.476439416 -0.0477647185 0.245740056 -0.415369898
    1.33007705 0.138827801 0.0215298533 -0.338864625 -0.439696103
    -0.463708937 0.745220602 0.115014553 -0.458634675 0.350330114
    0.737419069 1.52821422 0.95405823 -0.411310941 0.020080924
    0.49368155 1.49552882 0.991154552 -0.62536931 1.56651056 0.508393168
    0.618071496 -0.518345475 -0.461840361 1.15284061 0.271337628
    -0.768765152 0.330231786 -0.16591835 -0.754375577 0.87405622
    0.8749578 -0.268843025 1.51298892 0.540318608 -0.565928042
    -0.0498734117 -0.490896642 0.798139036 0.610177994 0.625316262
    1.627002 0.624392033 0.83666718 1.17163694 1.10661817 -0.363289386
    1.48055291 1.55044651 0.697445571 -0.0456306934 0.733516812
    0.53369683 0.597325623 1.71663725 0.530328035 -0.0795122385
    -0.283257663 0.0563654304 1.5792383 1.61423016 1.47607625
    0.0862297416 0.562200785 1.06284928 1.60229588 1.40572846 1.42228615
    -0.269630998 0.996893048 0.697551787 -0.354285359 0.463782847
    -0.666563034 0.00310361385 1.20419192 0.377007306 1.29734492
    0.286346555 -0.610718489 1.3244983 1.03969169 0.194685817
    -0.0695973039 0.901721954 0.586002529 0.375537336 1.40419304
    -0.584772229 -0.665094495 -0.0544767976 -0.195228815 0.671204925
    1.60877979 0.186791539 -0.402491212 0.845443189 0.257533371
    0.0369958282 0.707706511 -0.0463814139 -0.238423049 0.229178905
    -0.299254596 0.348259509 -0.292359948 -0.52706933 -0.573040843
    -0.278331161 1.19566536 1.48068762 1.0462358 1.61603045 0.829095542
    -0.0716168284 1.22866893 -0.226281106 1.06884658 1.54956913
    -0.160653412 0.557011664 1.36422908 0.0944935083 0.773325026
    0.178505003 0.791961968 -0.594381332 1.04708171 -0.0879776478
    -0.397944659 -0.0325601101 0.845401227 1.00970626 0.36208725
    0.312232137 -0.624946177 -0.242662311 -0.0812955499 -0.665617943
    0.686931789 -0.280729353 0.907118976 -0.552614212 1.2553854
    0.551340878 -0.342250526 1.44807696 0.429897606 1.36110902
    -0.434816182 0.888141811 -0.698547006 1.1755178 0.687103927
    1.06303215 1.39851832 -0.79663074 1.44456148 0.0304735899
    0.840612829 0.463337004 1.18367982 -0.20260185 1.09009981 1.20923388
    -0.874605715 0.701021492 1.53981662 0.307114244 0.713465393
    -0.353005528 1.27201569 0.34452343 1.3830452 1.01498461 1.00111485
    0.821772575 -0.760841966 -0.302283376 -0.179820895 0.427712321
    1.35066855 0.123941183 0.517682016 0.771917641 -0.493146092
    0.952344775 1.62039626 -0.31390655 0.008664608 1.67704976
    0.638244748 -0.167187452 1.64661574 1.2611146 -0.0197812915
    1.79757023 1.62209487 0.731675863 0.0267349482 1.63250089 1.04922628
    0.0580664277 -0.845409572 0.283977091 1.45362592 0.649681687
    -0.176100671 1.04926729 0.220431268 0.251384676 1.63713574
    0.966043949 0.571214318 -0.31715709 -0.0657935739 1.09562874
    0.908011615 0.66478163 0.691797256 1.31411064 0.245370924
    0.528469026 1.71506834 -0.191314399 -0.45840466 -0.333880633
    1.40030503 -0.00351011753 0.62708503 1.57508111 -0.786078453
    0.916872859 0.993710041 0.162305832 -0.0400643945 0.322701454
    0.847105324 -0.335334301 0.612673044 0.366053283 1.45048535
    1.3917402 0.0921599865 0.370789886 -0.694871962 1.80358005
    0.967993736 0.737052739 -0.587561011 -0.479079336 1.30899858
    1.44029558 -0.782228768 0.515236735 1.00035977 0.721940756
    1.65253413 0.280994475 1.38862133 0.704469144 0.56179744
    0.0577931404 0.335388005 0.018817544 1.03901744 0.138422668
    1.20549774 0.559123278 -0.454648346 1.37269592 -0.567834616
    1.43216264 1.07681525 0.537187576 0.570017219 0.451053083
    -0.347458005 1.12190413 -0.487992406 0.622458518 1.28400993
    0.650401294 1.71744049 1.37990654 1.59734631 0.757508516 0.443471372
    -0.625889599 0.804729164 1.73440218 0.823643684 0.881854832
    0.342373192 -0.194787532 -0.712338984 0.511162937 -0.245355368
    1.56061125 -0.229323387 0.658085942 -0.158060491 -0.214273155
    -0.765945911 0.126424432 1.15127754 0.822814465 0.242411315
    0.5894261 0.0714104772 1.16038966 0.709433913 -0.399798721
    1.05216789 1.4968704 0.517053127 -0.009732306 0.718458235
    -0.325620949 -0.634975433 -0.0358652472 -0.0125391483 -0.492452979
    -0.192526162 0.395218909 -0.621337533 1.82266092 0.0917150974
    1.18149042 0.226995528 1.2243228 0.219732821 0.622589827 0.479442418
    1.07553029 -0.775192082 0.496880233 1.58833122 1.20874071
    -0.368093163 0.534768045 -0.697430611 -0.0963850617 -0.204344749
    1.278198 0.261943638 0.120979369 0.124124646 0.417323351 0.173471689
    1.14620149 -0.110713661 0.378526688 0.0917477608 -0.598335564
    -0.535862505 1.82699943 0.00339645147 -0.128027081 1.5295136
    1.02287161 -0.566246271 0.136136055 0.0815730095 1.61172974
    -0.790435493 1.52655482 -0.216646671 0.574655831 -0.345719337
    1.03203607 0.442059875 0.533912003 0.722723484 0.677392721
    1.53411937 0.0829721689 0.00790113211 1.257954 0.821129322
    -0.642825663 1.30947232 0.0246024132 0.737315118 1.70061612
    1.29982018 0.0165550113 -0.361455351 1.08070767 -0.261088878
    -0.620835006 0.774517715 1.0077374 0.308795571 1.12968576
    0.0195918083 1.39643836 1.26722062 0.275751829 0.448880315
    -0.342606574 0.182679772 -0.191950023 -0.0582634211 1.21188581
    -0.428301692 -0.171550393 1.6273272 0.959549725 0.380807161
    -0.743143916 1.22096062 0.870461106 -0.38875559 1.54730737
    0.925789475 -0.244959563 1.43061328 -0.0747978687 -0.272234142
    1.38897896 1.31531215 1.31227565 1.11812663 -0.808242798 1.17596972
    1.45865202 0.994043171 1.24423039 0.971391797 0.184393525
    0.812367499 0.835951149 -0.786173165 1.27468157 -0.125700414
    1.77130032 -0.418355286 0.990091681 0.813242197 -0.0570527315
    1.25248122 1.48102117 0.808901012 0.477977037 0.907006621 1.23141146
    0.658943594 -0.0555992723 -0.21648401 -0.420221686 -0.194110334
    0.629232585 -0.276661336 -0.678366065 -0.830032289 -0.827490091
    1.41956508 1.08820057 0.497868896 1.79310608 1.01498151 0.707454383
    0.157357633 0.428068638 -0.00525784492 -0.0275105238 -0.136815429
    0.226017237 1.39337969 0.515982211 0.121917129 1.56211746
    0.258506238 1.65528893 0.672195911 -0.675838947 1.61422372
    0.391010463 0.530825436 0.5343557 0.571128547 0.62902236
    -0.591355562 1.53793979 1.44293964 1.42233396 1.27979541 -0.46739307
    -0.0647037625 0.441305041 0.0292214155 1.62291968 0.88719362
    -0.726773798 -0.719879925 1.12639511 -0.343389034 0.931794643
    1.11257958 -0.273984134 0.8711676 -0.053638041 -0.502495766
    1.47936416 0.389118195 0.998077512 1.3110497 1.30384815 0.681498587
    0.916903377 -0.532067835 -0.344242573 -0.155281425 -0.654373705
    -0.321718961 0.646190941 1.48542905 -0.300848305 0.571585059
    0.627657473 0.32311517 0.596793771 0.817174494 -0.00906664133
    0.893257022 0.532442749 0.0464987755 1.06785917 0.327516317
    0.0687400103 0.706545889 1.12377691 1.68855393 -0.361405969
    1.72532392 1.00289774 0.49074769 0.368511498 0.0472534299
    0.908041954 -0.548467338 -0.102862477 0.957700014 -0.720813036
    -0.107719123 -0.118341744 -0.216192007 -0.174132884 -0.494380295
    0.354719222 0.754184723 0.842423975 0.981790364 1.03694856
    -0.520501912 0.570665538 -0.102623165 -0.272474051 1.62266254
    1.30664313 0.369506419 0.405766308 0.845643938 0.468391538
    -0.351611108 1.16559446 0.0656977892 -0.505628824 -0.225423038
    -0.0791781545 -0.625315607 1.02919316 0.682089627 0.754778802
    0.741945148 -0.359370202 1.7728591 -0.679576159 0.543906868
    0.892703116 -0.51856339 1.78334451 -0.653698802 -0.02432096
    -0.0293771625 1.42122912 0.142519236 1.41196871 -0.0916016698
    -0.189127564 1.15898788 0.910176337 1.04925609 1.59439898
    0.644933105 -0.515152097 1.64492977 0.980707884 0.270311296
    0.206384957 1.57233679 1.84075022 -0.608546615 1.41222334
    -0.369841009 1.15963864 -0.252869666 0.374228776 1.12495255
    0.955075383 0.405991554 0.664212108 -0.626776397 0.796914995
    1.53427815 1.70056689 1.76529241 0.663653016 0.250400782 1.66620314
    1.74656236 0.00162672997 1.13300884 0.616629839 0.911620736
    0.423542321 1.26735985 0.0419642925 1.17350101 0.511999488
    1.51847589 0.211767375 0.389856339 -0.125978231 -0.380613238
    0.574790478 0.931719482 0.0500900149 -0.334472567 0.118403435
    0.19343257 1.68546081 1.08238912 0.804161668 -0.265519023
    -0.584211349 0.845151901 1.06744361 1.70446563 1.26381612 0.18320483
    0.879966557 0.603237212 1.19012547 0.90970701 0.582345963 1.37560964
    1.551373 0.116962314 1.62351453 0.148231626 0.333667934 0.881765306
    -0.614853442 -0.246997893 -0.646384239 1.63629675 -0.544221759
    1.05377805 0.948552787 0.797605097 -0.200476289 1.39852953
    -0.584769607 0.33978945 -0.0708013177 1.01608849 -0.367267907
    1.08095956 1.33163834 -0.509825349 0.84633112 -0.769478798
    0.760780215 0.138565063 0.865426719 0.818841934 -0.429805219
    1.74165034 0.35335511 0.732987106 0.318994999 -0.168352723
    0.681533217 0.205720007 0.438500345 -0.309160948 1.2962352
    1.64563096 1.19116986 0.320594788 0.935720623 -0.518766165
    0.00724035501 1.01082635 -0.163782239 1.61223149 -0.256594568
    0.130135298 1.08934665 0.268268287 0.798378229 1.66115141 1.31746316
    -0.780782223 1.53299093 1.17328405 -0.201091468 -0.668474615
    0.871522605 1.37070823 -0.45171538 0.0625061989 0.665613949
    0.743461728 -0.583427429 -0.155276656 -0.552865982 -0.537646115
    -0.0554400086 0.222304702 0.966928661 0.227425277 1.64255404
    1.41537559 1.41531062 0.554641545 1.18683624 0.254461467 -0.50117898
    0.6542328 0.198288739 1.5429852 0.128448904 1.60909033 0.209242582
    0.960063994 0.63114953 1.08289731 -0.261888087 1.09599638
    0.926976144 1.60616374 1.1437242 1.13582015 -0.229070842 1.37166095
    1.04597783 -0.571631432 0.855242491 -0.567714453 1.48537219
    1.32008672 0.953808129 -0.442011297 0.860160351 0.0118176341
    1.39990902 0.149847627 1.61359608 0.412660658 -0.107387841
    0.281452775 0.926388979 1.46468759 -0.0172085166 0.562007725
    0.323369861 -0.340115428 -0.0405678153 -0.101713419 1.76279318
    0.267582357 0.158212662 -0.535517514 0.955205441 -0.062158227
    1.07381928 0.629405499 0.940740705 1.59906268 0.352350831 1.28176403
    -0.249010384 0.113413453 -0.469673187 1.21539211 -0.232871234
    0.469917655 0.232284725 -0.0424759388 0.111104548 1.2654233
    -0.740428448 1.82748604 0.298747778 -0.0183622837 -0.631123602
    0.377143502 1.09046507 1.69791222 1.05534089 0.812693655 0.286894739
    1.50507164 -0.694720984 1.13211846 0.464742661 -0.284335613
    1.12252057 0.171593726 0.669684052 1.3809278 -0.276154429
    0.982132196 1.55870616 0.517660737 1.3942281 0.481910765 0.627253413
    -0.351802498 1.71385312 -0.204184473 0.250728309 0.741430223
    0.0154209733 -0.393344522 0.389745116 0.888829887 0.927406728
    -0.0982453823 0.415767908 1.56738257 0.01736027 1.36616385
    1.27669883 -0.00158321857 -0.0415748358 -0.155547798 -0.466768861
    -0.664015114 0.801566541 0.502231002 0.408074915 1.0064373
    0.0742564201 0.995402277 0.51216644 0.709134579 -0.77823323
    0.908394158 1.04920602 0.475184798 0.547311723 0.606606901
    0.880904734 -0.415392816 0.135357916 1.26240087 0.181405306
    1.3277564 0.82971853 0.46151942 0.319320977 -0.50347811 0.616104722
    1.15110373 -0.449937463 1.54184198 0.661954284 -0.475566268
    -0.739703298 1.67841101 -0.135044634 0.627459526 0.571791172
    0.597434819 1.49463511 -0.380524158 -0.0557941198 1.27061009
    0.124423444 1.07987881 1.73916984 -0.317275643 -0.00689232349
    1.73177195 0.478503883 0.160361528 1.08289599 1.35033321
    0.0804305077 1.75095558 0.343515217 -0.176296473 -0.166317165
    1.643448 0.865579307 -0.358553052 0.682067931 0.639744818
    0.190999448 -0.634031773 -0.557728648 0.223572791 -0.460152268
    -0.373475194 -0.289070338 -0.326924503 0.440917194 -0.117753446
    0.219225526 1.18702483 1.32435298 -0.0935705304 -0.225320518
    -0.549576163 1.45878792 1.52580094 0.876858652 -0.0371028185
    0.201923549 1.26548219 1.16893792 -0.126061618 -0.0792418122
    0.90351367 -0.326391488 0.75555402 1.54596496 0.0685074925
    -0.177020669 -0.434422255 1.26665568 1.81349659 -0.693912625
    0.385090888 1.02936089 1.10758448 0.451498508 0.306673765
    0.508649528 1.59868276 0.962514699 0.0233289599 -0.0138517022
    0.41120553 0.672536731 0.940885007 -0.0612877011 1.82656956
    0.259415269 -0.273905277 -0.485909998 1.65086412 1.24236989
    0.458863199 1.62824738 0.287131965 0.421306193 -0.876231194
    -0.355823308 1.1806035 -0.151289105 1.21847868 1.99743795
    -0.251853704 0.251293957 1.36491907 -0.064889133 -0.547712684
    1.63507223 -0.347403824 -0.0180318356 0.144649506 0.474541903
    1.38710761 -0.456312776 -0.511241794 -0.691800475 -0.711977303
    0.94510442 0.223841131 0.980827212 1.54722428 -0.102942526
    -0.470618904 1.59031379 0.413098216 1.32809281 -0.846139431
    1.3030684 0.649575412 -0.653769612 0.787062943 -0.122436285
    0.969361246 -0.616580188 0.226031721 1.39267945 -0.800045967
    0.0212617517 1.63735843 1.33304703 0.388556242 0.603328407
    -0.000209867954 0.205377221 -0.55876261 -0.775517941 0.184743285
    1.33086419 1.16290712 -0.157788634 0.856423974 1.17781615
    0.737655699 1.59546924 -0.192991376 -0.551508367 0.395424426
    1.27934003 0.532884777 -0.584712982 0.945246696 -0.510846257
    -0.296066195 1.35420179 -0.234059691 0.94790566 1.56397748
    -0.037787497 0.0203682184 1.34722781 0.566587567 -0.600847483
    -0.248931825 0.326385736 -0.331234306 0.175321162 0.0161408782
    1.3970046 -0.593019485 1.56718409 0.340605915 1.54554117 1.24822307
    1.7823174 0.8638798 0.441443086 0.378796875 1.40928829 0.982561648
    0.276515782 0.276499689 -0.492225796 1.64411807 0.991327584
    0.612906337 -0.0734450221 1.45586514 1.59452081 0.945464969
    -0.128948152 -0.384583294 0.609427512 0.890396535 0.707542241
    0.594387412 0.387091041 0.199650764 0.081243515 -0.648747563
    1.78107738 1.07367456 1.30820203 -0.292463899 1.43045354 1.27228165
    -0.592546225 0.520426393 -0.297934353 1.21180296 1.4520638
    -0.163200676 0.808632135 0.879177272 -0.415747494 0.704932094
    1.59035921 1.06237745 0.0220720172 0.342856526 0.843103528
    -0.59368515 -0.531313777 1.72080016 0.775111616 1.2318784
    0.696654558 0.631250262 0.746945858 0.926543593 0.495163918
    0.146340489 0.320022166 0.644387782 1.52773786 0.555301249
    -0.142201781 0.282208085 0.262445211 -0.461144239 1.43023551
    -0.448137105 0.406906009 -0.0422326326 -0.312721848 -0.579665959
    -0.554601252 -0.53186655 -0.175193161 1.49901962 0.460040569
    -0.358462185 1.20341146 0.0598056316 1.19996858 0.841182947
    1.10393786 0.516782403 -0.55300957 -0.460953623 0.00223094225
    -0.0437533259 0.254759192 -0.442998916 -0.183399737 -0.199338496
    1.62479901 1.45854723 -0.0407015681 -0.0749001503 1.49463403
    -0.466614842 0.782208085 0.548680604 1.66368651 -0.165792763
    0.354693055 -0.514672875 0.459907889 1.14058709 0.141014159
    0.0359466076 0.759762526 1.5046773 -0.0275392532 1.07800913
    0.490127802 -0.668465495 0.624233902 1.85863757 -0.623503804
    0.503862083 0.94280827 0.818477392 1.64000213 1.71047163 1.1005075
    1.22232509 -0.45037806 -0.604510605 1.00423622 0.627467752
    0.465745211 -0.113432348 -0.1264171 0.687960088 0.305280745
    0.0161130428 0.676460207 0.904297888 0.0929811597 1.13259029
    -0.309468627 0.680984259 0.15777266 0.126884103 -0.107710719
    -0.470385492 0.70717901 -0.0301554799 1.75051415 0.157333016
    -0.545552492 -0.150401473 -0.266540289 0.569823742 -0.250201583
    -0.325551242 0.581971765 1.02502918 -0.430721641 0.255575895
    -0.176021159 -0.519615769 1.33751953 0.999804497 0.192507744
    -0.428654611 -0.339871526 1.46029043 -0.144250333 1.5335629
    1.43900943 -0.591460586 0.811286688 1.7762779 0.0589588881
    -0.503417134 -0.485722244 -0.416298509 0.398809612 0.303197742
    0.321690381 1.41255856 0.479474783 0.0549071431 1.49762535
    0.490006864 -0.440573871 -0.143445194 0.59329915 0.249281645
    1.57271576 0.753445446 -0.0205751061 0.487615287 0.189103425
    0.425965488 0.928914964 0.293218374 0.220497489 1.18629169
    -0.0787339807 0.468267322 0.0120649934 1.70099664 0.0532963872
    0.692191184 0.639119685 1.71229267 0.822479427 0.653419197
    -0.427006006 1.40198827 0.280382931 0.254744709 1.08668649
    -0.152546287 -0.331925273 -0.730667949 0.0414770842 0.849980772
    1.29691935 0.63641566 0.823431075 1.54695177 0.207837403 0.359985471
    1.2833811 1.36887288 1.45068252 0.780153334 -0.196550608 0.264007926
    1.48162746 1.4031229 0.0649229288 0.566149652 1.65889466 -0.46977967
    1.06645441 0.718386233 -0.255078375 1.24561977 -0.138856292
    0.359596729 -0.693854213 1.50496459 1.48904157 1.17856371
    -0.318025947 -0.240383744 1.46604729 0.634623885 0.0836986899
    0.386083245 0.978017926 -0.0677698851 -0.359356225 0.452699006
    1.46723247 1.30257988 0.404791594 -0.339774609 0.332677782
    0.563449979 1.394014 0.888923228 0.314509988 0.480646908
    -0.740176976 -0.37188077 1.34560585 1.15953517 -0.703778148
    -0.154947758 1.47936797 1.38839936 0.853397727 -0.176737368
    -0.741211891 0.985183716 -0.404528856 0.747869194 0.134948254
    1.24838018 0.135773301 0.259101689 1.44338632 0.45277226 0.185155153
    -0.470464915 -0.364285618 1.01192987 0.66270262 0.630901456
    0.39658469 0.107520103 0.356638789 1.46302044 0.721771598
    -0.300455391 0.346708298 -0.506513298 1.24748707 1.30645287
    1.20623171 1.06318557 -0.645936191 0.47105509 0.0474655628
    0.117140472 1.27501178 -0.520516336 1.41689396 0.964424253
    -0.457297266 1.1565423 0.0849325657 0.774166465 1.08520532
    0.427200794 1.28065968 0.368090928 1.4329226 1.29521906 1.54547942
    -0.546735942 1.07564712 0.120988905 0.202474236 1.58809686
    -0.45830828 0.573836267 0.810219467 1.56939101 -0.544000089
    -0.605875254 0.0510222316 0.787654042 -0.687834442 1.03372729
    -0.485130876 0.283726811 0.595638096 0.0361631513 0.423812151
    0.941690445 1.39443016 0.0634496808 -0.397530645 0.836935043
    1.09115028 -0.438517928 -0.315128475 0.859255254 0.303430498
    0.527391016 1.50089192 -0.253719866 -0.101152778 0.178298175
    0.629418671 -0.14454174 1.37716198 -0.202185154 0.343215704
    -0.293862522 1.37369156 -0.33823663 0.87312144 1.48199892
    0.792134106 0.297901869 1.1120975 0.219779134 1.6310575 0.887743413
    0.290720403 1.2102598 -0.249764979 0.558110118 0.0699739456
    0.515401363 1.6436559 1.27006531 0.21171242 -0.0779872537 0.99120748
    1.22633958 1.4910903 0.326988816 1.53213859 -0.235619575
    -0.311981142 1.3087045 -0.0135854483 0.272505879 -0.391562611
    1.05015922 0.444149196 1.28571832 0.326233208 0.89589262 1.48089814
    -0.0542255044 -0.541615963 1.26432991 0.79181385 0.119178176
    0.377103984 -0.422194868 1.42376161 0.40352416 0.173417449
    0.781771481 1.12949109 1.365417 1.86189842 1.79765856 -0.65267241
    0.138432205 -0.0952344537 1.00581789 1.57225347 0.259017706
    0.682017446 -0.100534678 -0.342701852 0.474960029 0.0927678943
    0.222756207 0.451428294 -0.224195093 -0.217966229 -0.224894941
    1.22083163 1.38869071 -0.453073025 0.722641945 0.116191447
    1.48357344 0.58816433 -0.390638649 -0.0552637577 0.716123283
    0.568674266 0.515609264 0.0666879416 0.339428246 -0.0729683042
    -0.471847773 -0.436961353 -0.279549778 -0.245065212 1.3079319
    -0.0196999907 1.19438243 1.59476984 0.16802007 -0.618524015
    1.34732628 -0.0207482576 -0.717065573 0.973462582 0.607243836
    -0.00615698099 0.578043818 0.110943735 0.268134177 -0.572129488
    0.802814782 -0.590069115 -0.409032643 1.56567049 1.16546988
    0.869616032 1.41405749 0.421584785 -0.646092474 -0.763385892
    1.67988634 0.0773975253 0.223597407 -0.327686906 0.157844126
    0.266744554 -0.415743321 -0.150606573 1.40467727 -0.442308813
    1.31236839 1.19994259 0.503278911 0.532120168 0.887567401
    -0.57403481 1.0695945 -0.630316019 0.138455749 0.518304169
    1.23137665 1.21669602 1.45650196 1.45201123 0.973725796 -0.460341245
    1.24257243 0.943369567 1.62156737 0.577367306 0.948031425
    0.951351166 1.15190697 1.33718634 0.696927369 0.204188645
    -0.134991288 0.283949614 -0.0600656271 -0.515273511 1.33143628
    -0.365680993 -0.608909726 1.73019314 0.708752632 -0.342843831
    -0.816859901 -0.210116744 1.67134595 0.990983188 -0.767268836
    0.137640119 -0.703059673 1.08573782 0.782236695 1.47648215
    0.744065642 0.70181942 -0.348837942 1.14061952 -0.565752804
    -0.0180018544 -0.517478108 0.00965470076 -0.395420551 1.65661752
    -0.309920192 0.403342426 0.1498155 1.06189442 0.806420743
    -0.750673056 0.873616219 0.161723435 0.422939062 -0.428940088
    0.437428951 0.179804325 0.501268864 -0.453631848 1.40371776
    1.80546021 -0.796542585 0.480227172 1.74785078 1.10219073
    0.380614042 -0.389531255 0.601434827 0.702447832 0.798638642
    1.16536677 1.58569455 0.226790905 -0.395790756 0.224518716
    1.54259777 0.718067527 1.14882934 0.430092931 -0.643294454
    -0.5151335 1.75038838 -0.0676353574 1.00197744 0.748701096
    0.855677426 1.10475183 -0.723862529 0.640838385 0.438427866
    -0.334795058 -0.537316322 0.335308015 0.950053632 0.358668685
    -0.396425754 1.47556996 0.84944129 0.797899067 -0.466894507
    -0.188524365 -0.141365349 0.657469988 1.4894805 -0.643336773
    1.44886184 1.22809744 -0.427760005 0.0271667242 1.69604981
    -0.342000425 -0.428364813 0.598831773 0.0725573301 0.77485311
    0.238911927 -0.05806458 1.73440826 -0.628765225 0.091422081
    0.920727491 1.7990849 -0.466562569 0.844551146 -0.0201297998
    0.497970939 -0.609370708 -0.667145908 1.20821738 0.0990946293
    -0.193436801 1.68800282 0.348357022 0.685633242 1.55414939
    -0.566669106 -0.325219423 0.171229482 1.05535209 -0.64420253
    0.385116398 1.40108967 1.16682482 0.548913002 1.39169335 0.481599152
    1.78554654 0.133661151 1.25442696 0.0952590108 0.175792217
    1.45289099 0.723878324 1.07845569 0.671482503 -0.138096273
    0.73146981 -0.465344071 1.86860335 -0.333159924 -0.349805176
    -0.055777967 0.0918358564 1.07925141 1.4782784 0.785351574
    0.24695152 -0.617824316 1.26201177 0.122864187 1.15058112
    0.0117477179 0.274554551 0.410319507 -0.109492242 1.52527928
    1.2524823 0.790155768 -0.340550274 -0.0112388134 1.60612309
    1.73965693 1.6007216 -0.552495599 -0.273044109 1.42015195
    -0.0796194375 0.163267881 -0.275146484 0.661247611 1.25411439
    1.17922807 1.20357871 0.0821883678 0.177563488 0.756153703
    0.950549245 0.393020988 0.401070297 1.48012424 0.0910812616
    -0.0825505853 -0.0120542049 1.85599148 0.885838628 1.12040305
    -0.0983831286 -0.208494931 -0.0454258323 1.72768068 1.20159483
    0.472739458 1.35636222 0.338705838 -0.595141351 1.76369071
    0.33937186 -0.716126144 1.08704162 -0.482257128 0.223816812
    -0.776203036 0.60784179 1.02978528 0.141132534 0.806756496
    1.77190971 -0.0548551083 1.05208969 0.240859926 1.57011878
    0.428033888 1.40220296 -0.49760747 0.609177172 1.08774233 1.49320149
    0.915953815 -0.574954569 1.34307182 0.4867661 0.350427747 1.54888773
    0.688830435 -0.0579792261 1.35608363 1.11423278 -0.623504877
    0.995862067 -0.849506497 0.774280071 0.644713223 0.693633616
    1.38485861 0.751115024 1.66838598 0.0776903033 0.460851014
    -0.461853623 -0.604366064 -0.0918365717 -0.479786634 0.756918013
    -0.00515812635 -0.163745821 -0.173453093 1.22325802 -0.620717406
    -0.703702569 1.55872083 0.171859562 -0.294785529 0.234920442
    0.778156579 1.43288028 -0.268096238 0.579590201 1.17295361
    0.954700708 0.533027112 -0.0963219404 0.0832924843 1.1452837
    -0.124584198 -0.129309475 0.484862268 0.555577755 0.809842944
    1.69178152 1.08784962 0.246158838 0.411533594 0.650772512 1.56757116
    1.61927652 -0.607970178 -0.0058221221 0.469253421 0.337542176
    0.022568047 1.19377923 0.698583364 -0.15428257 0.52867347
    0.648723543 1.31272602 1.11828852 0.210618377 -0.639583588
    1.67090678 -0.0185810328 1.53606057 0.637470365 1.26590157
    -0.229128122 -0.579083323 1.36525023 0.751605093 1.27086163
    0.0321208835 -0.430171549 1.85960698 -0.62036097 -0.593796849
    0.0849209428 1.15541077 0.296291232 0.0345326662 1.53673935
    -0.740187407 1.13864756 1.18910503 0.868138492 0.580457628
    -0.0541009307 0.5463323 0.985168934 1.15011275 -0.676355243
    0.929083288 0.861776531 1.44593525 0.130757034 0.548371136
    1.08984447 0.0324414372 -0.533219934 1.56639779 1.18957293
    1.21724367 1.13038325 0.0482373238 1.04009891 -0.541609704
    0.467900455 0.829218149 1.74136162 -0.0192843676 0.504021823
    1.37698293 -0.569191515 1.53238797 -0.513989925 0.871741354
    1.62755513 -0.493373156 -0.503104687 1.78409779 -0.40264228
    0.83164221 -0.748296142 1.00925207 -0.33386308 1.01749492 1.39761615
    0.753306568 -0.69912082 0.933341742 0.774252474 -0.15677619
    -0.501830578 0.621853769 0.691355646 1.58873427 -0.352771193
    0.846455753 0.73757261 0.453209996 0.729009032 0.034204185
    0.144215286 0.359916747 1.79232359 -0.525289059 -0.349573523
    -0.260651618 0.358843923 1.10563254 0.70706588 -0.469242722
    1.65093911 -0.555597723 -0.199337423 -0.607975125 0.386875153
    -0.4167943 -0.151295185 0.594162285 0.0948560238 1.20721722
    1.51979566 -0.0394923687 1.56198037 0.827644587 0.0232425928
    -0.29067111 1.36346292 0.159834802 1.1086514 0.200145304
    -0.0353586078 0.550588369 1.76315761 -0.382509857 -0.433011264
    0.541064322 -0.1792925 -0.0710434914 0.139136612 -0.663517892
    -0.406161785 1.23554873 1.63391721 0.614673972 0.4614259 0.985604703
    -0.633180201 -0.632891238 -0.488207459 1.49691606 0.609823883
    0.887125134 -0.130698889 -0.303834766 -0.0897082686 0.708074987
    0.209831238 -0.635495782 -0.62897861 0.784387052 -0.123623252
    0.474621534 -0.90860492 0.914673746 1.56925893 -0.405870527
    1.54020774 1.03854597 0.316659331 -0.309211999 1.14219475 1.10099554
    -0.232179224 1.8810159 1.56367373 0.153109908 -0.58473134
    0.557590604 -0.436637819 0.275803447 0.686949909 0.865209401
    0.23009485 0.829070568 0.591539741 1.35904765 -0.694221675
    0.479767382 1.4607358 1.5636704 1.31343031 0.176246107 -0.120206535
    -0.248934925 -0.645426095 0.618234634 -0.316627443 1.53591681
    1.30907297 0.381341875 1.33837485 1.45053101 -0.63592875
    0.0112339854 1.76921952 0.837574184 0.0213086009 0.242804825
    -0.0739924312 -0.620404422 -0.452224582 -0.00511044264 0.450652897
    1.09762406 1.46326518 1.16236746 0.491626024 1.28182936 0.552735388
    0.120540857 -0.0422725081 -0.46217081 0.330407679 0.452386141
    1.61804557 0.951733112 1.51734972 -0.209207296 -0.38909471
    1.85757756 1.10063148 0.0477830172 -0.22022754 1.28963184 1.38575673
    0.403177083 1.35289669 0.276157737 -0.197212636 -0.211438 1.74679601
    1.65482044 0.433261633 0.642505288 -0.491779566 0.948281884
    1.71856594 0.838806093 0.284632623 1.54367137 1.23354173 0.376332879
    0.52651149 0.194274843 -0.608475208 0.163156629 -0.184894621
    0.82687521 -0.69578433 -0.297453701 0.659059048 1.30098271 1.0019834
    0.716070652 0.0606386065 0.350077629 1.03106809 0.940768361
    0.764142871 0.321920931 0.687529325 1.40039396 0.561993182
    0.539611161 0.515699565 1.2056551 1.52101231 1.15319204 0.481474578
    1.64614367 -0.36805889 -0.321437538 -0.0693751574 -0.649245501
    0.725080788 1.63288915 -0.177690625 0.623737633 1.35185838
    0.00415074825 0.165731668 0.148106992 0.913769901 1.6141578
    -0.241943955 0.197944283 0.90403676 1.66138959 -0.141178012
    0.297627211 1.25482702 0.238797963 0.840519786 -0.125280857
    1.66942763 1.49311733 1.66297352 1.63427532 0.943721116 -0.240145385
    0.921088994 0.730250061 1.2644124 1.0882256 0.664675832 0.198305726
    1.23868978 1.69849467 0.476884007 0.056558609 0.0141475797
    1.82340562 0.447493672 1.52870607 1.1670996 0.386879444 -0.369810671
    1.39877152 0.48772788 0.117851615 0.94167614 1.68821847 0.857002199
    -0.62565279 0.614605606 0.412724912 1.16914773 1.35772586 1.61220336
    -0.519339919 1.12064791 0.603005707 1.71203172 -0.152825892
    -0.486142576 -0.000595331192 1.46211958 -0.020622313 0.601978123
    1.61714339 -0.291536599 -0.106637359 -0.039154768 -0.411449105
    1.20742667 1.35276544 1.79215014 -0.0850550532 -0.153478652
    -0.178414702 -0.57586503 -0.0486401916 0.0064201355 1.46498775
    -0.460950375 1.40129256 -0.652761042 -0.637738109 0.773445427
    1.28352726 1.13423181 -0.546964586 0.389978528 1.13040066
    0.753623307 1.6253351 0.105509579 0.20470041 0.440980971 1.76980996
    -0.0142461061 -0.458562523 -0.40773046 0.390955389 0.37771368
    0.596997797 1.59163332 0.923585534 1.17784905 -0.505072117
    1.29050946 1.82632399 -0.656632721 -0.501268864 1.61518407
    -0.239423752 0.424181581 -0.523810744 -0.305801153 -0.085532546
    0.950590789 0.246186256 -0.367176801 -0.171661377 0.151768625
    0.544291317 0.395597339 -0.314653039 0.956146419 -0.0454013944
    0.602237582 0.265319645 1.14224911 -0.0682352781 -0.33124274
    -0.553793788 1.75494015 0.301021993 1.42852664 1.6332128 1.23768604
    0.0738937855 0.917323112 -0.753276944 0.74901247 -0.271499813
    -0.820789576 0.408367455 0.164704442 -0.722245693 0.653146029
    -0.359489739 0.39993751 -0.469523072 -0.230196923 1.11650515
    -0.639297605 0.808883905 -0.262131125 1.32207632 0.078260541
    1.23410106 1.80593634 1.15585089 -0.723383904 0.158789396
    0.269604266 1.42588389 -0.158068836 1.56219137 0.98138684 1.26096678
    0.924479306 -0.470862418 1.50483274 0.254386365 1.1492722
    -0.342280924 0.0434011817 -0.441004217 0.395124137 0.66743046
    1.51567781 0.772966325 -0.478072703 0.476177812 1.5193727 1.34759247
    0.29083389 1.18259239 1.23736548 0.762243867 0.452334464 0.057792902
    1.29170728 -0.0350045562 -0.591357827 -0.212830693 -0.0908452272
    1.29293156 1.30946565 0.988620222 1.5469389 0.899455369 -0.114762783
    -0.507537305 0.238551736 1.27065361 1.6315217 1.17614913
    -0.748905838 0.813978314 -0.212173522 0.495851994 -0.396014601
    0.535799384 0.660885632 -0.493214667 -0.723911822 -0.376800299
    0.311290085 -0.050088644 0.600215435 1.19189739 0.256027699
    1.04079473 1.73979592 0.0605379939 1.05922902 -0.0839006305
    0.444978356 -0.0717045665 0.946260095 -0.419579148 1.47084737
    -0.511675775 -0.190221429 1.78473139 0.305280209 0.589615881
    0.586097777 0.583389997 1.04450417 0.106828213 -0.225312412
    -0.0512099266 -0.110447824 1.80614233 -0.71582216 1.5320245
    0.758816302 -0.37685585 0.771033347 1.4217118 -0.333495617
    0.909738541 1.35299587 0.419731736 1.49285913 0.952057242 1.06385326
    0.442902088 -0.0352703929 -0.39027971 0.587976694 0.688502431
    1.51410103 0.470878661 0.258737922 1.33505177 -0.816429794
    1.56576884 -0.0454383492 1.5037694 -0.460275263 0.285446405
    -0.471817732 -0.601860225 0.885222197 0.311234415 -0.612977028
    -0.631824374 1.11052132 1.3146733 -0.169475973 1.76980066
    0.735394001 -0.204423428 0.254627645 -0.78272897 -0.0199049711
    -0.405174196 0.286920369 -0.258713305 0.652955294 -0.178385437
    1.77426553 0.61512202 0.922236919 -0.481185824 -0.178093135
    0.663766742 -0.363555849 -0.235188425 0.324349403 -0.323542088
    -0.651747167 -0.718869328 1.15560532 0.512653112 0.351446152
    1.0217793 0.811982274 1.6429956 -0.173843622 0.223134995 0.66049397
    0.977958798 0.184218884 -0.599251211 1.20703316 0.531947017
    0.162783206 0.76056993 0.680759728 -0.579254985 0.90038842
    0.422302425 0.730234861 0.843727112 0.677826643 -0.224379689
    -0.55737102 0.78815037 1.16457987 0.555112302 0.329841554 1.19971013
    1.63593245 0.512369156 0.326658905 1.66234159 -0.413676471
    0.673072338 -0.195742816 0.495506287 -0.616796851 1.30044055
    1.34420896 1.17791772 1.59252453 -0.118781805 1.00449038 0.509484828
    0.211607397 0.649687827 -0.0585804582 1.06858289 0.0282166004
    0.520166636 1.00642216 -0.56272161 1.4038372 -0.443768114
    0.602795303 -0.578548014 -0.126291037 0.590071261 -0.300210029
    -0.51903677 0.860908031 -0.34111461 0.788733184 1.25099874
    1.24141037 -0.312204361 0.681289434 1.27546 1.92967772 0.927780092
    -0.352003574 -0.228011101 0.407885432 0.211699903 1.25633597
    1.13572478 0.773109674 0.634860635 1.68148756 -0.495012224
    0.780408144 0.88085264 1.23745596 1.63028264 -0.821862638 1.18185568
    1.35353971 1.10945368 0.852268159 0.0502367616 1.43741858 1.53446078
    1.75710344 0.496064782 0.530683398 0.59258467 -0.0268843174
    0.328460276 1.03170204 0.962471485 -0.252972484 1.74537182
    -0.652037323 0.350979686 0.657396495 0.414559484 -0.757514536
    1.26608849 0.0981544852 1.06656182 -0.177725434 1.13487363
    0.980678558 -0.345190763 -0.394109309 -0.0986512899 0.976659
    1.31106079 0.882768333 1.15345907 0.0945578218 0.98833549
    0.998296618 1.43305326 0.420406342 -0.0817367435 1.62462354
    0.503115356 0.765675604 1.02086902 0.218337238 0.39669776 1.04923105
    -0.804067373 0.0225434303 0.668299973 1.14932323 0.9577384
    0.246370733 -0.51883924 -0.657683074 1.15372539 -0.203729481
    0.982822061 -0.410045534 -0.286787987 1.60818958 1.44049299
    0.662133932 -0.652748227 0.297042251 -0.436538488 -0.426635265
    0.43725431 0.707728505 1.25180817 1.14052057 1.58098388 0.481824756
    0.844812334 1.12285566 1.48329532 0.862758756 1.42566645
    -0.213927895 0.182377696 1.12925017 -0.118978202 -0.19236201
    -0.198546588 -0.1065588 0.682010353 0.967051864 -0.796989739
    0.782611012 1.14675272 0.750355422 1.57863581 0.465822041
    0.446851075 -0.605657697 1.74221301 -0.34532252 0.834064066
    0.213948071 -0.0992881656 1.53876448 1.00610018 0.412524521
    -0.804296315 1.11853147 1.02092063 -0.322260082 0.198661864
    0.403541505 0.549568295 0.785995066 -0.0399777889 -0.0144785047
    -0.639967799 0.823972464 0.729735315 0.406406701 0.327828288
    0.209571421 -0.202842414 0.228056908 -0.684263289 0.148309886
    0.603590369 0.0943892002 1.86395991 1.0170548 -0.325704306
    0.495474815 1.67833042 -0.110142887 1.47632492 0.523132205
    -0.414193183 -0.0470650792 -0.482223809 0.213006139 1.77683878
    -0.213788152 1.57079601 0.872309506 0.318137288 -0.00842672586
    -0.606485009 -0.733364284 1.33037508 0.175215602 -0.746830463
    -0.531166196 1.29189372 1.13549519 1.47468376 1.03232491
    -0.357635051 -0.132999063 0.534638464 0.807325661 -0.545241296
    1.11472726 -0.697170913 -0.386075318 -0.116428077 1.22729492
    0.824754238 -0.135639548 0.0261882544 0.213003755 0.848492205
    1.57957649 0.477181435 1.39244366 0.912129939 0.652917981
    0.0261961818 -0.807913125 -0.360857069 1.80654848 0.979770303
    -0.239433289 0.522517025 1.79540586 -0.334209442 1.08838058
    0.926160216 0.571193397 -0.295855999 1.78793645 0.306882739
    -0.687153757 0.396437168 -0.517512977 0.413717806 -0.325177491
    0.273233771 0.0762402415 1.80494547 0.389145494 1.04366672
    0.375227869 -0.298106551 0.216215253 1.30594373 1.41121006
    0.128613174 0.465329289 1.02144432 0.596145809 1.29496789 1.3782233
    0.623587012 0.221369684 -0.596838593 -0.793614805 1.08201659
    0.887495935 0.802872241 0.022754848 0.992685974 -0.186656773
    1.14036965 1.60065782 0.253676951 0.872880042 -0.0264707208
    -0.278198451 1.30974019 0.871704757 0.94998467 -0.384272248
    1.72246861 0.69009167 0.859810948 0.493430912 1.66640723 1.35697842
    0.272040486 -0.518668532 1.15518332 1.37693882 0.216558814
    -0.120342553 0.530173481 0.184302092 0.506803572 1.13477111
    1.24492621 0.108375609 -0.022177279 1.48435307 1.69936776
    0.203289211 0.247683287 -0.41210562 0.637570322 0.422364593
    1.19109368 -0.593022943 -0.735931993 -0.585936248 0.864786506
    1.74380445 -0.675084949 -0.271638155 1.71357799 0.701807141
    1.07003379 0.796791077 0.73077023 0.718009174 1.52944112 1.61855388
    -0.233164519 0.953598738 0.382267416 1.24066591 1.55010688
    0.679923832 0.919390082 0.892731547 -0.649520397 -0.368453562
    -0.33349064 0.848958194 -0.226709664 1.44206166 1.51391482
    -0.0315271616 0.139752209 0.236301541 0.703001082 -0.455558002
    1.01746452 -0.323931456 0.320755661 0.161627471 0.889358401
    -0.0825337172 -0.275622249 0.651838541 -0.655999899 0.735111296
    1.56947017 0.815003037 1.58107471 -0.677232862 0.519126892
    1.47288561 0.646458507 0.360239446 0.173995793 1.43072641 0.7014364
    0.286983669 0.551783562 -0.0847438574 0.222932339 0.19797796
    0.492147446 -0.416393071 1.4232918 0.406846523 0.963914156
    0.741936147 0.520383954 0.277121842 0.9043836 0.0500363111
    0.294999897 -0.540868878 0.422028601 0.792013586 -0.422717929
    0.129612088 1.29345202 0.719609797 -0.021194756 0.622333765
    0.090215981 -0.457579494 1.64500833 0.222491801 0.720855176
    1.50023723 0.118656278 -0.671026289 -0.41495347 -0.607671857
    0.4733271 1.43785596 1.16694105 -0.697345734 1.68581009 -0.373276561
    -0.530712366 0.360573411 0.351919889 -0.576755822 -0.298613667
    1.40095985 -0.708029747 -0.355519086 -0.393733263 -0.2593081
    0.101648986 0.664981842 0.310554683 -0.246320069 -0.583760619
    1.82696414 0.643862844 1.25339782 0.144800544 1.44336283 0.603470981
    0.781469166 0.0208163261 -0.0304144621 0.239214003 1.07836413
    1.72764111 -0.646731853 0.122670233 -0.532566071 0.571685612
    0.0834073424 1.10522747 0.226775348 -0.372242421 1.51487529
    -0.460157007 0.707013845 1.83019376 1.46041417 -0.670716345
    -0.398398817 0.661029875 1.48480964 1.52917624 0.167149425
    0.405535579 -0.243263453 -0.418682247 0.244694471 -0.576936603
    1.69368625 0.771459222 1.68046772 1.14990497 0.565984905 1.2097187
    0.365906179 -0.652674794 0.853996217 0.0338447094 -0.271666169
    -0.666579127 1.5395031 0.644289851 1.21392131 -0.599670768 1.403162
    0.740959942 0.193424106 -0.00908613205 0.4401775 0.53499192
    -0.812341511 -0.633238256 1.63736129 1.55466199 -0.732868195
    0.75920105 -0.106662571 -0.276753694 -0.835178375 -0.23870939
    0.802259445 0.474096179 1.61409914 0.833270907 0.591801822
    0.32653892 1.20963788 0.0350474119 1.5478766 0.233985305 1.20233798
    0.410100043 0.783233702 -0.00611585379 1.61994839 -0.394650936
    0.121426165 -0.00747680664 1.47637224 0.181245983 1.71526885
    -0.359668016 -0.632220745 1.6459136 -0.336302251 -0.39420867
    0.791595101 0.65280354 -0.0872059464 1.22521174 -0.517495871
    0.66612041 -0.193783522 0.832086325 1.36686528 0.64303112
    0.232693851 0.0327099562 0.532253861 -0.213474333 0.428629041
    -0.279246628 1.55218887 -0.30467242 1.53937435 0.808971226
    1.21069717 0.0961686969 1.48924184 0.0918074846 0.225732028
    1.49670792 0.641900599 1.38761663 0.483213425 0.614409328
    0.772175074 -0.306761444 -0.450173408 -0.00233352184 1.76347327
    0.537265003 0.269548476 0.500513732 0.59355855 -0.631091833
    0.949656606 1.17204285 -0.626963615 -0.161679327 -0.311141819
    1.08697808 1.32157087 -0.228631198 1.50693321 0.0543264151
    0.577493548 1.72215354 1.36657786 0.723672509 -0.370273948
    -0.582597852 0.1705966 1.01610303 1.303545 -0.80244875 1.27165186
    -0.0725749135 1.24969721 1.05179501 -0.520200849 0.474542856
    -0.65095371 0.382891536 1.00060272 -0.117376804 1.1196723
    0.774293065 -0.0903941393 1.24433327 -0.697544813 -0.573382914
    1.2355696 1.25870192 -0.212361753 1.53402448 0.320926905 1.53262639
    0.317540884 -0.805808306 -0.436293513 -0.301917672 0.701132298
    0.563137174 0.877076983 1.35365248 1.51006866 0.125022769 0.89983511
    1.02811861 0.166307986 0.529109955 1.6032424 -0.781554461 1.11393118
    1.56865084 0.69457978 -0.299884856 1.38191032 0.323418081
    -0.584474325 0.422220349 0.200516701 1.72711921 1.31836891
    0.455105424 1.53169644 0.340972722 1.26009321 0.196254015
    0.0571523905 -0.350696892 -0.593557537 1.10656297 1.15115345
    -0.184128642 0.999535441 -0.216738224 -0.264683723 0.707548618
    1.47682071 0.467403293 0.677532554 -0.192473292 1.34704375
    -0.265166551 0.123223364 1.12977111 1.06865227 0.358200908
    0.0922041535 0.822659314 -0.0726115108 0.729807377 0.519057989
    0.313076317 1.74450088 -0.732107699 0.220218539 -0.507612824
    0.638825178 0.544407189 1.19188309 0.378597736 1.05140424
    -0.342525899 0.820038199 1.00051904 1.64075732 1.21512794 1.8382287
    1.63726377 0.769300103 0.441133261 1.21632409 -0.463887393
    1.32562017 -0.555192709 1.54667366 -0.115018666 -0.340296 1.49910331
    0.526616275 1.34571767 0.819151163 0.280482054 1.31707859 1.36912429
    1.68085003 -0.465764761 1.02593839 0.381901741 0.276515841 0.1391505
    -0.0914054513 -0.624941945 1.0908246 1.70044696 0.536087275
    0.258494496 0.478160203 0.578671634 1.1504724 -0.4927513 0.426949263
    0.341872334 -0.0633227825 1.17403078 -0.578484356 -0.330379099
    0.681415737 1.30504858 1.22035551 1.45469868 0.197456241 1.33274281
    -0.807062864 -0.13421613 0.41306293 0.0348905921 -0.00711536407
    1.65619671 1.38034105 0.30580169 0.49714911 0.771161079 0.942712724
    1.53021801 1.32643771 0.612664878 0.673231721 1.38815093 1.56822371
    0.218267739 0.177562356 -0.329507053 1.12483335 0.482851386
    0.254603386 1.12582636 0.937201262 -0.0514470935 1.34263051
    -0.376788765 0.582064211 0.935516059 0.780195713 0.0956243873
    -0.668751776 0.878891766 0.844886422 -0.630622685 0.470434785
    -0.0664519072 1.32847691 0.171019256 0.375773311 0.0268183351
    1.21901548 0.753439426 -0.439706713 -0.800670147 0.767167747
    1.3355422 0.878755212 1.0398705 -0.104725003 1.38745606 0.998669267
    0.725208759 0.813830554 0.466829538 -0.479516387 0.757940114
    -0.102676094 -0.492424339 1.40920115 1.55115008 1.73566031
    -0.839973509 0.44986552 1.47664464 0.994099855 0.00860786438
    -0.209089816 -0.297775507 1.677109 -0.400680006 -0.346554428
    0.738355994 0.734136105 -0.127010465 -0.6618222 -0.655270159
    -0.344836652 0.708693624 -0.460288048 1.28870106 0.544365406
    -0.732639372 -0.330185056 1.05538321 1.81135416 -0.642663896
    -0.580577552 -0.317783713 0.656582534 -0.576331675 -0.627628326
    1.4242363 0.223787844 1.3345015 0.892699301 -0.72661972 0.655101538
    -0.425713867 -0.2755467 0.84795332 1.11761248 0.756763995
    -0.432550043 -0.214327097 0.243469059 -0.162556827 -0.531686902
    -0.419066221 0.502532542 -0.604695559 1.45567775 0.971123219
    0.998440266 0.231075883 1.66743851 1.16204214 -0.723078907
    -0.200707793 0.850225747 0.989025772 0.200095534 -0.791801214
    0.573698223 1.42944741 -0.791491628 0.472558737 0.487983584
    0.234994173 1.59415078 0.620239377 0.662302375 0.287985265
    0.133742452 1.11063719 -0.689341486 0.679656982 0.547884822
    0.542858839 0.736202717 0.758453488 -0.423132479 1.47558427
    0.247035325 1.38052046 -0.620235562 -0.0370798111 -0.0117034316
    0.959495842 1.44232392 1.37517214 0.502848983 0.839882672
    -0.176643312 0.565764487 0.307252645 1.17860949 0.923380852
    1.54177594 1.41433406 -0.327530563 -0.496278554 0.849587142
    0.788955271 0.626403749 -0.425081432 0.155123234 0.565872729
    0.372984767 0.524920404 1.08328438 -0.0286423564 -0.0930441618
    -0.599252224 1.2626406 0.244064569 -0.0387889147 -0.569223106
    1.52317142 0.360823214 0.423737168 0.377696157 0.98813206
    -0.333384573 1.2396419 -0.215313405 0.355123341 0.154871225
    0.600986958 -0.240408123 -0.0526682138 -0.015086174 -0.35480094
    -0.359686762 1.3149929 -0.46557197 0.662080526 0.656756222
    1.32698584 -0.273967057 1.35790658 0.215544224 0.705756545
    -0.166426301 -0.684913218 0.358782232 1.49091172 0.840674341
    -0.472706288 0.0777185559 1.80478692 1.02058983 0.567492664
    -0.281567752 0.141392112 0.112137914 -0.00178092718 -0.100410461
    1.03590512 0.311949611 0.2993384 -0.350577593 0.917075396
    0.219855249 -0.545426011 -0.254017413 -0.414814264 -0.347819
    -0.614294171 -0.463371694 0.904295802 1.29385042 0.170441329
    -0.0484214425 0.235030472 0.98683095 0.430011511 -0.317160398
    0.725219607 1.21216655 0.971248388 0.0811135173 -0.495271951
    1.34493971 0.281362891 0.905642629 -0.533054113 0.545216858
    0.881801665 0.573126495 -0.651320457 0.837731719 -0.496389061
    0.962235332 1.21239805 1.4003222 0.244588792 -0.177542508
    -0.214426994 0.373109818 0.999862611 0.747115672 1.60280216
    0.273584485 1.71138048 1.19872999 -0.302156925 0.647312045
    0.207169175 0.777204871 0.0946146846 1.48969185 -0.348490298
    0.561448038 1.42318702 1.4831574 1.49632072 0.0271794796
    -0.305183232 0.325879455 0.265735209 1.11295152 1.59093904
    1.05952048 1.78986919 1.35858285 0.468994737 -0.327235758
    -0.110266089 0.958429873 1.47668266 -0.515571773 0.811290145
    1.02104759 -0.171079218 0.632749796 0.316521049 0.684844792
    -0.164054632 1.37882948 1.283301 0.687528014 1.47080207 0.13445729
    -0.559105039 -0.700192511 -0.672848225 -0.143711984 0.363016844
    1.32881784 1.62057436 0.970268965 -0.325514585 0.0396078825
    0.391700327 0.491250694 -0.424799889 -0.125907183 0.35870266
    1.27125716 1.45307815 -0.442453325 1.7122283 0.568101227 0.735814869
    -0.469537944 0.736935914 -0.339841962 0.0988845229 0.268083334
    1.48530149 -0.0729147792 1.40885973 1.63375425 0.999321878
    0.387752354 1.36535573 0.0558667779 -0.42836225 1.41662002
    -0.0700007081 -0.411112159 0.122431993 0.795112073 0.301629126
    1.67540908 -0.00336611271 1.41037798 -0.355227709 1.37810206
    0.776386499 0.431952536 0.151106119 -0.0208554864 1.10384035
    -0.690040588 1.07585728 -0.223662257 1.60174632 1.52533543
    1.64480925 -0.77479893 0.899177551 0.373103857 1.37519443 1.52985406
    1.60940146 -0.186724186 1.47142339 0.474017382 -0.559875727
    -0.577129722 -0.472678065 0.409891903 0.443420172 1.3571502
    1.62807441 1.42530167 -0.120055556 1.0467751 0.936529994
    -0.463586479 1.41477454 0.493445516 0.292490482 0.724666476
    0.623537779 0.477360249 1.15604019 0.554390252 0.183486521
    -0.528640509 0.986922622 1.15332508 0.144168437 1.65957832
    1.17050338 -0.547546566 0.0116972923 -0.336273044 1.19859684
    1.1916616 0.342535853 1.09749913 0.196571827 -0.0202158093
    -0.410519779 -0.567007065 -0.417698234 0.958303392 0.837296069
    -0.339320034 -0.507241845 0.0328194499 0.405231535 0.63699007
    1.07304478 1.24999261 0.105951369 0.392046571 1.19754243
    -0.154149532 0.616322041 -0.218139887 1.68351269 1.44828415
    -0.312447339 1.60305095 -0.0323908329 0.736329436 -0.24902454
    0.703339458 0.703328013 1.20347643 -0.281114697 0.994740129
    1.10573912 0.878112614 0.141804874 1.52223384 -0.446679592
    0.935856462 1.69585693 -0.322011858 1.02521753 0.217763662
    0.904834032 1.6546669 1.01428199 1.51066327 1.63643503 1.07156348
    1.30776787 -0.295367897 0.195809007 0.585762501 1.06748343
    0.733166933 -0.171289921 1.3792007 0.704998434 1.6218183
    -0.404279083 0.606842041 -0.196646869 -0.695611477 -4.54187393e-05
    -0.386501789 1.28583765 0.852506638 0.201154351 1.35966396
    -0.0948669314 0.0634742379 -0.504553318 0.339771271 1.34789276
    0.343438864 1.38297367 0.775259793 1.35938609 0.593745947 1.18834352
    -0.746945858 1.02550626 -0.179765224 0.442674518 -0.627337575
    1.81647563 1.51759601 0.0360147953 -0.370624483 -0.462105215
    0.0272061229 0.524961531 1.80821669 0.17556268 1.21767664
    -0.0863463879 1.69072521 -0.0990706682 0.664434135 0.452700138
    0.337852716 0.664939106 0.00606447458 1.66072226 1.13707566
    0.627739072 0.181157231 0.878704607 0.614293993 1.59263277
    0.559159875 1.05153489 -0.162859559 0.295035601 0.807213962
    0.073713243 -0.567946672 1.65587831 0.289836228 -0.87429446
    -0.317843616 0.371982276 0.0641639233 0.997926712 1.3316865
    1.14883494 0.574379027 -0.76964426 -0.692297578 -0.0482905507
    0.577222407 -0.184916019 0.741697371 0.697912395 0.322201073
    1.54018438 -0.642774224 0.0821777582 0.117394388 1.45494688
    -0.306403786 -0.057905972 1.11870003 -0.198997319 1.40494382
    1.20234346 0.322620094 1.46534693 1.05420649 0.881851017
    -0.452924371 -0.333679289 1.47828269 0.143524826 0.678527057
    0.728142858 1.6346271 1.31553113 -0.587246418 0.970231652
    -0.127259135 -0.278246701 -0.27781719 -0.726420462 0.722414017
    1.09195423 1.32394314 0.161815345 0.662698328 0.314598799 1.107054
    0.500972986 0.337647021 0.791407526 0.743401229 0.916655421
    1.57195973 1.20170069 -0.47190994 -0.173348606 0.700508654
    -0.00489473343 0.0554972887 0.852449179 -0.652946532 1.60485339
    -0.417666137 -0.751077116 0.467719138 -0.0716788769 0.735629499
    1.46306229 0.837484241 0.746064901 1.79671192 -0.422797352
    -0.302268833 1.59536469 1.6326052 0.104735255 0.149237275
    -0.106280506 1.32600188 0.920545518 0.955961108 0.120358765
    1.6641928 -0.520950377 0.619141459 1.76245487 0.628957629 1.56333017
    -0.642697692 -0.589010894 1.76228762 0.668126464 1.70768714
    0.947594821 -0.411370248 1.08383644 0.306987464 -0.832319856
    -0.138375401 -0.314713895 1.10021091 -0.690363765 1.20988536
    0.811395764 -0.800501227 -0.705758393 0.446915388 1.45356226
    -0.660450459 1.46140909 0.592303276 0.116046846 -0.0262662172
    0.78218621 0.0396379828 0.16359657 0.906872451 1.63082004
    -0.104768276 0.964508772 1.22582412 -0.326395661 0.126498282
    -0.702071786 0.700727582 0.816597342 -0.566805243 0.772750795
    0.483486772 0.802138984 -0.000710427761 0.129056633 -0.130404651
    0.896691382 1.12040353 -0.380506694 0.101026773 -0.215047598
    1.45609808 -0.10221678 -0.115933955 0.338952899 0.00843513012
    0.88654232 1.29148662 0.218188763 1.5886445 0.970748305 -0.387766272
    0.476138175 1.30365968 -0.65384841 -0.0242295265 -0.547787726
    1.77416193 -0.367522031 -0.505106449 1.83741558 -0.209817946
    0.468632638 -0.433601409 0.981866121 1.77223241 0.647636116
    0.626651764 -0.043667078 -0.576145232 1.5665555 -0.465717316
    0.372850001 0.246590018 0.923586845 0.626745522 -0.17356503
    0.0551291704 0.894958496 -0.37301448 0.106904268 0.958495021
    0.811341763 -0.580734491 0.45737648 -0.0281199217 -0.577778816
    0.866130471 0.280837297 -0.194903135 1.52649844 0.0573909283
    1.72820902 -0.0560445189 1.64403749 -0.380615801 1.15155435
    0.707038581 -0.587152839 -0.105158389 0.435921073 0.308655024
    0.389396191 -0.587159455 0.927672505 0.313848078 1.02992046
    0.358512878 -0.122064769 0.0436717868 1.1012311 0.613971829
    0.0130404234 1.02575421 1.11752617 0.637800515 0.549357116
    1.15630388 0.448974788 0.24249959 1.13782501 1.02358544 -0.18495661
    0.589713693 1.44547987 0.800107181 1.07981491 -0.500620246
    1.35126817 -0.0385932326 1.39280581 1.47455716 0.070784688
    1.31949162 -0.281774163 1.19467854 1.1010474 0.477690637 0.862928927
    1.52393103 -0.670409024 1.6132021 0.711603582 -0.874163687
    1.45307159 0.221893728 0.754192054 0.905085683 1.0946666 1.7400229
    0.759738624 -0.919564784 1.62187505 0.811966121 0.737548947
    0.671191871 1.14380097 -0.418872565 0.22967428 -0.217089772
    1.14238191 0.522967756 1.09775424 1.38746881 -0.454815269
    0.298577249 0.960130155 -0.157886267 0.399545491 -0.347831815
    0.661099076 1.32924032 0.0480107665 -0.325846493 -0.49973309
    -0.541878164 1.11767566 0.672054589 0.290881336 1.53378797
    -0.253721237 0.334199607 -0.108183146 0.0981553793 1.3871876
    1.2364316 1.12295675 -0.782734394 1.33993006 -0.314405411
    -0.0928787589 -0.178939342 1.09398222 1.29780328 0.786738038
    1.73989451 1.06348205 0.70892483 1.62627661 1.2602284 1.30912995
    0.232443452 -0.509260893 -0.174489319 0.84997201 1.46652257
    -0.386645406 -0.0552794933 -0.73375994 0.0103651285 0.784273624
    -0.0464487076 -0.433105707 0.310863554 -0.187842011 0.326437056
    1.62210679 0.303391576 0.901422679 -0.278077781 1.19873571
    1.52978837 0.734591365 0.64809984 -0.372738302 -0.577536464
    -0.330859542 -0.0773316026 -0.287317008 1.36406994 0.123463333
    1.33858562 1.32571793 0.172443926 1.65220189 -0.259057403
    0.0821654201 0.671772838 0.302613735 -0.262672305 0.359534323
    1.42893565 0.643330872 0.446916938 1.71027732 1.14715171
    -0.421845824 1.15630519 -0.307872057 0.143928528 1.05724776
    0.306230724 0.347076118 -0.774330676 0.287302792 -0.685851097
    1.58317924 1.48106241 0.948421597 0.38949132 1.56443882 1.46364975
    0.497490168 0.110421479 0.465732455 0.790455878 -0.538640976
    0.201010585 1.30502415 1.28218853 -0.144147813 0.582412481
    -0.199495435 1.20830059 0.506422639 -0.586272717 -0.414561033
    1.68298125 1.1337949 -0.418658465 0.396377921 0.142665386 0.68109262
    0.956009865 0.867595375 0.126354694 -0.581288934 1.27402663
    1.55406618 -0.263239086 0.463415146 0.000647425652 0.648567259
    0.521926939 1.78956652 0.607627332 0.815862954 0.927566051
    0.389610648 1.67590165 -0.561581731 -0.120001912 0.958458185
    1.33575964 0.69745934 -0.266406476 1.73130059 -0.368088663
    0.345352948 1.51113725 1.3281703 -0.686075032 0.432189524
    0.120574534 -0.482837707 -0.334542364 1.04249728 -0.200513422
    1.40428197 1.00105846 0.255162716 0.89024967 1.36236763 1.15225458
    -0.68464148 0.290924609 1.25074887 -0.657241166 -0.178211212
    1.31533897 -0.107513309 1.7044946 1.52567327 0.62896049 -0.781641364
    0.877698839 1.67341304 -0.635876775 0.772145927 0.670345068
    1.59591794 -0.0401171446 1.53090286 1.13100863 1.17171073
    0.386605322 -0.24485451 0.383353591 -0.608908176 1.41889644
    -0.565389276 1.29042768 0.180763066 1.27568948 -0.596878827
    0.867773533 0.546478987 1.12409997 1.34340739 -0.262669861
    1.59511232 0.720492005 -0.500764966 1.56392455 0.838113725
    0.487862051 0.838716149 0.465245426 -0.0355417132 0.178307772
    1.25871611 1.4634521 0.0157288313 0.457600892 0.579497635 1.42395735
    0.439113796 -0.431705952 0.08131814 0.365255713 0.0216265917
    0.138326049 -0.675222814 -0.177476496 1.01045489 -0.36292097
    -0.239417136 0.0781828165 -0.579170465 1.2184875 0.262790203
    0.287377059 1.67979085 0.552529633 0.498933375 0.466348767
    1.13613582 -0.146148801 -0.60143888 1.54667997 -0.230625272
    1.61619639 1.111902 0.170901418 -0.853815496 0.250394225 1.11781514
    0.119259477 -0.270941198 1.17862773 -0.147278011 0.956588447
    1.12701285 1.33138514 1.27071023 0.546680689 1.23369825 -0.473759264
    1.16937232 0.248057544 1.57903528 1.15722346 -0.0361115932
    0.305495143 0.757182539 -0.622502267 1.01858425 0.253365874
    0.217166066 0.38276583 0.746691465 -0.148434758 -0.0171032548
    -0.133044183 1.09114563 -0.347359836 0.526828587 0.343431711
    -0.340951115 0.546663404 -0.614289999 1.51395512 1.23509324
    -0.33322981 -0.102530897 0.00702410936 0.90976578 -0.067568779
    0.852217495 1.62937534 -0.367825717 0.09944731 0.115016043
    1.70594072 1.46169949 1.13947773 0.501614988 0.95483613 -0.288883269
    -0.531733632 1.63698411 1.00751638 -0.663475454 1.10864139
    -0.619674325 0.839529574 1.24517834 0.0311251879 1.64879215
    1.0111593 1.48632288 1.30612946 1.13117313 1.65963674 -0.466437638
    0.563999593 1.76414084 1.1106894 -0.38651824 1.56998825 -0.102754414
    1.6497817 1.03153968 1.49451399 0.251633704 -0.0824798346
    0.257545948 0.796886802 -0.037579596 -0.26753515 0.640128255
    -0.58086741 -0.835301697 1.33456719 -0.394889772 1.16769004
    -0.363470525 0.212864339 0.174301624 -0.762401879 0.694255829
    -0.526320457 1.19035482 -0.132415891 -0.0589777231 0.961981356
    0.0144518614 0.932272255 -0.278347671 0.00726914406 1.6385963
    0.458553851 1.68803358 1.02177727 0.646346092 1.60029626 0.847820401
    1.55455709 0.77684021 1.6828475 0.615466952 0.497270942 -0.446125716
    0.297318339 -0.56184864 1.15866077 0.247759402 0.0695112348
    1.42100394 1.18652368 0.636629701 0.415563226 1.03856742 0.818879843
    0.734743416 1.62388396 -0.313306779 1.04156077 -0.151391804
    1.01909482 0.925873637 0.218642294 1.49720252 1.24070168
    -0.373458266 -0.356395364 1.41635787 0.469183505 -0.170908809
    1.32012951 1.62818575 0.590998113 0.711756289 0.545950949
    0.109936833 -0.287175298 0.365053773 -0.0183169842 -0.741725385
    -0.647558868 0.18486011 -0.606522918 1.005355 0.28278029 1.70565569
    0.108057141 1.69368434 -0.44174993 0.383623779 0.227719605
    -0.68660289 1.65029931 0.956558406 0.627259135 1.63837171
    0.0368914604 0.918033302 -0.199930727 -0.747269213 -0.398469895
    -0.650867999 0.48109889 0.881056249 -0.452813983 -0.154296517
    0.929692447 0.393164873 0.490495861 -0.163484216 1.35215271
    -0.537979543 -0.232382834 0.651691914 -0.526645303 0.463838518
    1.37195086 0.528337359 0.420235157 0.0905735493 0.839644969
    0.951560378 1.66726196 -0.335609943 0.845266461 0.523545921
    0.782626152 0.932872713 0.231593013 1.66736627 0.184988976
    1.11645532 1.16869652 0.0552051067 -0.460868448 0.388555348
    -0.00925427675 -0.487600923 1.63427711 1.61346149 -0.547350645
    1.3041693 0.80854702 1.54694867 1.21383595 -0.0773844719 0.599034369
    1.44254994 0.63343519 -0.526677608 1.69372535 1.24112225
    -0.648195744 0.933835745 0.27181673 -0.493684173 0.0280644894
    -0.329696298 0.030218184 -0.348385811 1.31636882 -0.54127562
    -0.00614970922 -0.664291859 0.0728345513 1.47385931 0.0368071198
    -0.719831824 1.71067595 -0.679001093 -0.773824394 1.18223715
    -0.776866674 0.941536605 0.515290976 -0.599399626 0.241804242
    1.04026246 0.584041119 1.38214159 1.01565456 1.177315 0.793679953
    0.177527845 -0.686611056 0.984933913 1.54598403 -0.610079527
    0.0874212384 -0.301271379 -0.342412949 -0.798127234 1.37249708
    0.648429334 1.41404748 1.55736303 -0.597044528 -0.862005651
    1.71311426 1.27650404 1.13323581 -0.376211137 0.250198066 1.50282621
    0.470970213 1.76486433 1.88566828 0.0828000307 -0.0969039202
    0.0530298352 0.881011367 0.659862697 1.49860477 -0.0182648301
    -0.0487752557 1.68706977 -0.282711506 1.11257315 1.45910954
    -0.277892709 1.0349834 0.367225766 0.314643264 0.318062127
    1.50334263 -0.0884277225 -0.0111174583 0.719716191 -0.499166012
    1.21442676 -0.507103264 -0.628391385 0.0797503591 0.406070769
    -0.536214232 0.895333469 -0.698260665 0.470494092 1.6625663
    1.68093586 0.720903218 0.268823683 0.938648283 1.00456381
    0.505005181 1.57818246 -0.908982038 0.300645947 0.601515532
    0.710105181 -0.778687775 0.672009945 0.319114864 0.48169142
    -0.204205513 1.3804518 0.393663049 0.483409047 0.438708127
    1.39511752 0.731636882 -0.605377138 1.21920204 0.958328128
    0.313779891 1.13597274 -0.836286843 1.21327376 1.51688862 1.19836926
    1.08561373 1.87517762 -0.083109498 -0.434650838 0.151840091
    0.126206696 -0.137973249 0.207822323 -0.622210562 0.164925277
    1.17993093 -0.375851333 1.35637736 1.4084928 0.991051793 0.440266609
    0.455768585 1.42892957 -0.560859203 -0.19041121 -0.520169854
    0.825123549 -0.197225869 -0.856287658 -0.395183653 0.110662997
    1.18828964 -0.230954468 0.40525341 1.5456388 1.13670611 0.592137814
    1.50788927 1.66459894 0.282346606 0.637986481 -0.577338815
    -0.537424505 1.60648584 -0.685345888 0.178624928 1.4352448
    -0.666862547 1.00006604 -0.0256378055 0.307602227 -0.436130881
    0.534232616 1.59505093 1.22358513 1.0924418 -0.772683263 0.549824238
    1.25630486 1.51504099 -0.76155436 -0.558381975 -0.476373196
    1.01011992 -0.258088052 0.506325901 0.333964527 1.69790316
    1.47023296 1.43993175 0.329608321 1.5487752 -0.185441315 1.51948428
    -0.535613775 -0.548863053 0.484044254 0.296677232 1.13373256
    -0.217912257 1.88441384 1.59667563 -0.421669275 0.0700597167
    1.17847407 1.17104149 -0.515894711 0.585028291 0.269977748
    1.35369754 0.790868104 0.447526932 -0.564183474 1.19093633
    0.599671483 0.791830659 -0.445746034 1.0855546 0.660990179
    -0.360055625 -0.452249557 0.742627859 1.19297028 1.44754982
    1.01974773 1.05009913 -0.219114602 0.99615562 -0.404265881
    0.838093519 1.28682923 0.699213862 -0.386366874 0.60617882
    0.850805402 -0.706223249 0.521755993 -0.384715378 0.280296087
    0.0971541405 -0.136212707 -0.0271435976 1.08939004 1.34846234
    0.445022225 0.99897033 0.839097917 1.31130505 0.41542846 0.887039244
    1.178334 -0.87781316 0.558000147 1.53246856 1.08494449 -0.240348041
    0.472843587 -0.102183998 1.24492693 0.772215962 1.07818127
    -0.35107398 0.485711575 1.23836398 1.04639101 0.401461244 1.69789052
    0.0798577666 1.35884953 1.22063613 0.6559273 0.800895631
    0.0799973607 -0.440318674 1.54793072 1.14673877 0.922520041
    -0.301230222 -0.336950719 -0.385460258 1.08312762 1.04213285
    -0.619884193 -0.649424016 -0.667915583 0.804748714 1.64352131
    0.118625462 0.259217143 -0.54394567 0.767504036 0.174304605
    -0.882482767 0.601571202 1.38142109 -0.415831983 1.56886876
    0.8869012 -0.305560887 0.720351279 1.09719372 0.291653156 1.47509789
    0.896397352 -0.0034313798 0.281002879 1.74964142 0.754962564
    1.26017785 0.286049604 0.605682909 0.297924578 -0.581503451
    -0.384097815 -0.497763038 1.25858438 -0.12160939 0.384884775
    -0.12233907 -0.0609292388 1.74900818 0.394302249 0.197409809
    0.580509424 -0.341011107 -0.370852709 -0.533665836 0.16615808
    0.934751451 0.734121978 -0.229084611 0.00269085169 0.104832053
    1.26028776 -0.455738842 -0.45923546 0.316167593 -0.0844761133
    1.73542249 -0.398884982 0.94263804 0.994653285 0.416385949
    -0.491878927 0.331608236 1.12152374 -0.415154308 1.22821844
    1.40219975 0.909216285 -0.770969033 1.73361742 -0.523385763
    1.01810932 -0.480323881 1.45631313 0.421800554 0.169250727
    1.48733485 1.61767125 1.42571545 0.109924793 0.993927956 1.19024968
    0.984398186 -0.759346366 -0.668459594 0.664078891 -0.849783361
    -0.00197911263 0.228893876 -0.226266861 1.50884271 -0.226347208
    0.671641827 0.695496678 1.50587571 1.61074924 1.33609843 1.79652107
    0.270091891 -0.639595687 0.97281462 -0.35946247 1.49671173
    1.18301976 0.660921872 0.825650573 0.977613807 -0.136068821
    0.356728852 1.09401262 0.960449159 0.156424165 0.961701274 1.4383601
    0.887114644 1.12219071 1.05602241 -0.058526516 1.08390021
    -0.0613307357 1.68902516 -0.248953998 -0.671496153 0.710919201
    0.208250344 -0.623380899 -0.403146952 0.857750177 1.53256845
    1.50964069 0.484917462 0.105580389 1.25160789 1.32670867 1.06590343
    -0.477656245 0.230651319 1.14426017 -0.293692529 1.50074446
    1.62292671 1.54338098 0.978423119 0.425288022 -0.534041047
    0.532810688 -0.724260151 0.908578515 1.46272922 -0.0734933019
    1.45475507 1.69741428 1.38317609 -0.522617579 1.01991701
    -0.243754923 1.33365631 1.32212508 0.130054891 1.09966135 1.47979832
    0.0874220133 1.50629735 -0.847481847 0.707591772 1.28271604
    0.647568643 -0.647945762 0.349374712 0.689968169 0.848363221
    1.58394265 0.0793899894 -0.435460478 -0.252686441 -0.218813717
    1.58518696 0.872335136 -0.354762822 -0.634141266 0.283601224
    -0.120162129 0.148893595 0.830455899 1.45494175 0.65643394
    0.277325749 1.28455853 1.44876921 1.46757126 0.753160119 0.423327506
    1.78332138 0.126423657 -0.229331821 1.45040143 1.34116137
    0.797084928 0.647405922 -0.257757366 0.950847507 -0.130435765
    0.0694466829 0.564512312 1.23729515 0.100150287 1.51580429
    0.751711667 0.688085198 -0.0279558897 0.860969841 1.1948638
    1.65201998 0.483401299 0.253381133 0.521729946 0.888032198
    -0.0984219909 0.291553736 0.425198436 1.19030499 1.62197471
    1.05286932 -0.814248443 0.58582896 0.916319311 -0.688939393
    -0.17061758 0.900638044 -0.331034243 1.49617565 1.28436232
    1.18871617 0.491648555 -0.721722305 -0.0241678357 -0.149002492
    -0.642515481 0.958531737 0.65743196 1.1102916 -0.034368217
    0.295486927 -0.746610403 1.52335477 1.72125721 0.502672434
    -0.242835462 -0.212148786 0.167694509 1.48960829 1.33555639
    1.48838019 -0.780204773 0.13143599 1.74484205 0.999770343 1.58724833
    0.872413576 1.66331577 -0.166813254 0.289604366 0.300044239
    0.55300802 1.23655891 1.0880022 -0.626316547 1.37305808 1.32048726
    0.923111439 1.31960475 -0.546660423 1.58091187 1.41550207
    0.635681629 1.35038531 1.82124567 -0.569821477 -0.435664564
    -0.265301883 0.933447242 0.224109292 0.93017906 1.26307178
    0.360014319 0.626906872 -0.263240814 0.00998669863 0.796458125
    -0.440046161 -0.261997283 1.256675 1.67914796 -0.262889087
    1.54247332 -0.282820046 0.488740504 1.00338507 0.420012712
    1.04011345 -0.660035193 0.518366754 1.08801103 1.77263248
    0.378181815 -0.485602438 -0.246498376 0.874368608 -0.0219221115
    0.519424081 0.539721191 -0.157994807 0.30967021 0.174271405
    -0.0218629837 1.56851447 0.106553257 1.26321459 0.714493334
    -0.158773124 -0.332487494 -0.325735271 1.51305985 -0.186196208
    0.480174184 0.195778131 0.694254577 -0.0119321346 -0.202939391
    -0.342233807 0.873113096 0.50619185 0.709542274 0.120204091
    0.650729775 -0.840034962 1.16673827 1.7559973 -0.436589658
    1.63025188 1.4940424 1.53366113 0.75544703 1.62803769 0.0164266229
    1.30659699 1.67933619 -0.582961679 -0.617930889 1.54716873
    1.13069272 -0.155056059 0.293330133 1.58238053 -0.492255092
    1.42643642 -0.444710255 -0.320192486 1.34997547 -0.466895312
    1.31302249 1.46571004 1.27719975 -0.125657797 -0.206101596
    -0.729900599 0.564578235 1.35467565 1.14214194 0.908500314
    -0.944212794 1.36366844 0.319630623 0.163076639 1.57181549
    0.43433708 -0.540029764 1.05925798 1.36291015 1.84170651 1.6205368
    0.407015502 0.320633352 -0.566794991 1.27736402 0.0766273737
    -0.040546 -0.644221902 -0.372262597 -0.530522346 0.630564272
    1.6092124 -0.401112676 0.771543562 0.841165185 -0.100645065
    -0.652263522 1.7433598 -0.251743495 0.228075504 0.224318326
    0.165320814 1.60848308 1.04912782 -0.0159033537 1.12948728
    -0.633145928 -0.628642738 0.826327801 1.51369333 1.05245793
    1.58657289 0.52410084 1.27486014 0.89742589 -0.688607931
    -0.453504175 1.12261641 1.62572241 0.826497376 0.636158586
    -0.108387709 0.133455694 0.757681847 0.629745543 1.59420729
    -0.454365194 0.28224057 0.652724504 0.95710063 1.57424498
    -0.203837037 0.021060884 0.868125379 1.1580143 0.978553295
    0.791721702 1.00806201 1.22296655 -0.698135197 0.639756024
    1.15208673 0.589062572 0.408665657 0.646106124 0.228262007
    -0.910857916 1.07148767 -0.150482893 1.44725418 1.39035404
    -0.20011276 -0.470742822 1.16388535 1.42199183 0.321414649
    1.36871171 1.70861983 -0.400885254 -0.599447727 -0.440335929
    -0.822524607 -0.451074868 1.66170251 -0.754624367 0.496364772
    0.894424319 0.917071581 0.997839093 1.66938853 -0.853704512
    0.179509044 0.895025313 1.32088804 0.445214987 0.566350341
    0.718253732 1.56489611 -0.312430382 0.388130426 0.694278121
    1.25500822 0.220122993 1.18466699 1.84211588 -0.763959169
    0.102091253 1.42615533 0.159960032 1.34669054 0.19750011
    -0.662972569 0.424812496 0.33595103 1.6149559 1.2475214 1.32841134
    -0.66326344 0.00643861294 0.852729142 0.250550508 1.39900029
    1.24945521 1.6936878 1.61634302 -0.848526001 0.839864969 1.36064363
    1.44685221 0.815637708 1.50123191 1.19102931 0.22751832 1.19348741
    0.105942726 0.264029562 0.727241635 -0.458242059 0.271513402
    -0.121715069 0.0645863414 1.52089036 1.57684779 -0.271432579
    1.12025082 -0.17657584 1.718297 0.898112833 0.634056687 0.491102278
    -0.604285061 -0.306528032 1.61580694 0.125637531 1.50135231
    -0.336864591 -0.637177169 -0.573174179 -0.519059956 -0.644405007
    0.151197612 0.895097315 0.661033392 0.536800027 -0.311846167
    1.66131353 -0.0990619063 0.922059059 -0.160594404 0.219377875
    0.287770867 0.18277204 -0.183418095 1.09079337 1.2550267 0.908209443
    0.52308023 -0.481038213 -0.0903680325 -0.411754221 1.19333613
    -0.708268344 0.539944291 0.330570102 1.30476737 0.674781799
    -0.332704633 0.00921738148 0.387552321 0.593039155 -0.76977402
    1.29926109 0.0140571594 0.401141524 -0.506479323 0.949834049
    -0.356750011 1.53916407 1.10786867 -0.351620436 -0.294632375
    0.621559918 0.254877388 -0.292754292 -0.716878176 1.71882296
    0.264573097 0.446912408 1.28901386 1.5004462 -0.897444725
    -0.487076938 0.955696583 -0.267390966 0.0486443043 -0.761075139
    -0.278809875 1.39528108 0.0975563526 0.621723175 0.576135159
    1.61772203 -0.833644211 0.373013377 1.13325226 0.297414541
    -0.499534518 -0.143999398 -0.576111615 -0.0210722685 -0.466929436
    -0.178547621 0.160074711 -0.206249654 0.967822015 0.694229007
    -0.635976732 1.21916175 1.473979 0.551049292 1.54247522 1.49456453
    1.44707167 0.880165637 1.01690435 -0.13033545 -0.0680595636 1.089607
    -0.0978091359 1.23701119 0.994878948 1.47582221 1.14210248
    0.837378085 -0.376531214 1.70038676 -0.038787663 -0.107253492
    0.283404052 -0.611884475 0.470684767 1.35978496 1.68183684
    -0.406223506 0.0465707779 0.359142005 1.14843273 1.18046618
    1.4056226 0.642809808 0.330714583 0.343739033 0.807808459
    -0.347192407 -0.744755745 -0.388923466 1.58012891 1.04522085
    0.751994491 -0.586582243 -0.116888762 0.162488818 -0.127656639
    0.154900849 1.3906616 -0.384674251 1.04488528 -0.228247344
    1.07334638 -0.0664331317 0.937879026 0.632544756 0.211770892
    1.33935356 -0.156165779 0.922252893 0.586281419 0.833560407
    0.520632327 0.312449574 -0.716988027 0.791018188 1.52981019
    0.213272512 0.586959183 -0.307638437 1.48349905 -0.0558776259
    0.16882205 0.173259497 1.66472793 1.29746723 -0.416537285 0.7187078
    0.462310612 1.6992135 0.287174225 0.720506668 0.803089857
    0.623774171 1.08999908 1.47446895 0.669833362 0.930409849
    -0.212026179 -0.165705562 -0.571861625 0.364776254 -0.587648153
    1.18096066 -0.740943015 -0.348539352 1.18298316 1.85384178
    -0.596443713 0.106662154 1.56804776 0.779186189 0.748892426
    1.30459952 -0.846678615 1.4775089 -0.731900811 -0.731632054
    0.585945964 1.31719565 0.443469703 -0.809998989 0.684139609
    1.14363611 1.54696119 0.521357536 -0.735512733 1.37741804 1.44368911
    -0.637764096 0.622404516 0.858291268 -0.569925725 -0.295110554
    0.832181871 0.331882179 0.310087562 -0.132491112 0.375021219
    0.994733691 1.79116642 1.61169195 0.817340851 1.26965046 1.4180057
    -0.573945642 -0.53945154 1.55790949 1.15650034 0.398415744
    1.72460198 0.490247071 -0.187354445 0.991158903 1.18781352
    0.0213794708 0.625446856 0.108027101 0.660900295 -0.817047715
    -0.309784889 1.60657191 -0.201305807 0.925708354 1.24456239
    1.69473815 -0.477694303 -0.585128248 1.54253304 0.316237867
    -0.425918311 0.988708079 0.233136714 0.949769139 -0.201627553
    0.678695202 0.514341176 0.314457715 -0.408887893 -0.450958699
    -0.38384366 -0.700998604 1.73540401 0.0242520571 0.65292722
    0.683606088 0.497413337 0.962516904 -0.299312085 1.23117423
    0.428467989 -0.00633227825 0.69446677 0.0492161512 0.3598243
    0.186824739 0.823617339 1.58330405 1.30814075 -0.227017701
    0.611270368 1.38661575 0.406823635 0.44250989 0.563666165
    -0.661018848 1.6541028 1.87785745 0.659503341 0.715290248
    0.394532502 0.384253263 0.688525319 1.50172043 0.49843508 1.71040916
    0.74146539 0.798397422 -0.484973729 0.6183002 1.62650704 1.24009204
    0.24472034 -0.694978118 1.87319231 -0.361074686 0.0689185858
    1.91986418 -0.212330043 0.152784288 0.258195519 1.54544115
    1.50913143 0.0588596463 0.182320297 0.663148046 1.16591358
    1.36398816 0.193053067 1.46186137 1.28583372 0.923473954 1.54316783
    0.41074264 1.46789646 -0.880297422 1.69686151 0.768450618
    0.166739464 -0.38781786 1.01395297 0.0249506235 1.16949642
    -0.00558239222 1.78800893 0.0420993567 1.57697439 -0.591591537
    1.79987645 1.39315391 -0.624996424 1.57813764 1.57962561
    -0.797204077 0.92294091 1.44199121 0.307050824 1.09591174 0.98675251
    -0.40742296 1.50125003 -0.67530328 0.340661705 1.49956346
    -0.852766991 1.50168157 1.10979271 -0.712562144 0.910848439
    -0.367761075 0.260558188 -0.146349728 -0.0436957479 -0.506213963
    -0.27875936 0.874589264 -0.251646578 0.850327671 1.28278708
    0.792309642 -0.120695889 0.81502974 0.701582909 0.883476079
    -0.530932844 0.910675466 0.996387839 0.239814401 0.699515164
    0.950009346 1.35956192 -0.829841018 0.896147549 0.911096871
    1.61739182 0.358227372 0.246267676 1.31420469 0.132377386
    0.977613628 0.87479794 0.356292784 0.324445128 -0.0201826096
    1.09471905 1.20036268 0.289717495 0.363768816 0.153855145
    -0.076880455 1.43804932 0.65373975 -0.730489492 0.32519269
    -0.282918692 1.35470641 0.597803056 -0.38898322 0.380632877
    0.701364934 0.364533305 -0.185649633 0.254617095 1.49127758
    -0.530530155 0.16440165 0.219139516 0.693429708 0.0193201303
    0.633185565 -0.682093382 -0.163542807 -0.312102497 -0.186682999
    0.927025914 -0.520709753 1.36693943 0.213948727 -0.650876701
    0.136507034 0.76055479 0.535375118 1.68124247 0.899084628
    0.653798401 1.53388977 0.197998524 1.67336595 0.778285801
    0.185871959 0.0736728311 0.76405102 -0.282860279 1.25020695
    -0.15114677 1.07854676 0.355649412 0.302399218 1.35622692 1.23835242
    1.7235744 -0.0524682403 0.256080925 0.308395147 1.49796271
    0.87251538 -0.675618947 1.38103938 1.49479079 -0.147875428
    -0.00172019005 1.26452482 0.969878018 0.246391356 -0.0504065752
    0.886545837 0.265790522 0.523336053 -0.243728042 0.0650473237
    0.101728618 -0.0181608796 0.439219832 1.66940713 -0.640252769
    1.32577705 -0.5255481 -0.698488712 0.058753252 0.906968892
    0.0109244585 -0.173031747 0.806378663 1.28542089 0.596903861
    -0.502865314 0.652384579 -0.773622513 -0.528662443 1.00429106
    -0.115234196 0.872262776 0.448952556 -0.660525799 1.13937831
    0.933828712 1.20391965 -0.769084513 -0.145303249 0.61661154
    0.112162828 0.311475158 0.326729119 1.72969294 0.437478304
    -0.508015394 1.20254135 0.863502324 0.148837268 1.44476104
    0.576600373 -0.727201521 0.274628222 -0.652591944 -0.434331208
    0.00511407852 -0.291947186 -0.00719118118 0.222584248 -0.425928503
    0.321308672 -0.56159544 0.446934998 0.14680922 1.58795619
    0.671567976 1.11841106 0.691826999 0.747976124 0.994346797
    -0.0229922533 1.87016571 0.146663368 -0.327410191 0.111738384
    0.783987343 -0.62350738 1.01048851 1.30121493 0.802070916 1.45557022
    0.576236129 -0.65410018 0.189271748 -0.0268886685 0.140310884
    1.85841942 -0.316802204 0.141882002 1.51844895 -0.307241887
    0.456442893 -0.175371706 -0.689700246 1.71956468 1.06246877
    -0.256301284 0.944141805 0.873118103 -0.30593428 0.99102062
    0.407428503 -0.490859807 -0.129496187 0.295982838 0.941969752
    1.48305702 1.78158522 0.656360507 1.514938 1.42436123 0.719607592
    0.463675141 1.2708621 -0.536981463 1.55511665 0.774872303 1.36097813
    0.393956602 0.867771506 1.20416164 0.38077563 -0.312743425
    -0.448322147 -0.297812402 0.656343341 1.33578873 1.3009994
    0.552838087 0.532113969 0.972339392 -0.399681091 0.323768914
    -0.449843317 -0.248804033 1.34438705 1.44850588 1.10131919
    -0.431263387 1.38365805 0.683651686 1.25658441 1.20684397
    -0.711250305 -0.640007377 1.5522846 0.736820877 0.804124534
    0.6292243 -0.24542886 -0.632756233 -0.576925933 0.692816496
    0.169116974 1.68647349 1.36157298 -0.042771697 -0.612821758
    0.526341498 0.58890599 0.637944221 1.44631386 -0.0453745127
    0.622099817 -0.672689259 0.207836628 0.616084516 -0.596210659
    0.715857387 0.398839116 1.58098567 0.688907802 0.453939378
    1.39336443 0.940181077 -0.341833293 0.898802757 0.19713676
    1.38848984 0.370753884 0.549189985 1.22172284 1.0325799 0.721632898
    0.838905752 0.734713614 0.967656553 0.0969220996 0.687315941
    1.72946787 -0.0622249246 1.6267972 1.0436306 -0.0635445118
    -0.0710552335 1.00813222 -0.000655770302 0.373741746 1.6306951
    1.03711975 0.647226989 1.22842669 -0.156241238 -0.384210974
    1.06637263 1.33301318 -0.11344552 1.56331134 0.689230442 1.53728449
    0.402981281 1.06159127 -0.192285597 1.56394362 -0.19111526
    0.680806398 1.05483794 1.06140232 1.48759699 1.69221544 -0.550175548
    0.898755312 0.0685450435 -0.276698381 0.771917343 -0.644465864
    0.00786525011 -0.291718304 0.541090667 1.07360339 -0.841492772
    0.456684351 0.898005545 1.37501788 0.532064021 1.11237133 1.80330443
    0.200828731 0.497313857 -0.430276692 0.107528567 0.0416869521
    -0.517865837 0.617666125 0.652713776 1.22194147 0.736284494
    0.86889565 -0.554229736 -0.700007439 0.29336983 1.70999265
    -0.448420823 1.58870769 -0.119116962 -0.841889799 1.26889741
    -0.033875525 0.510414898 -0.167636871 1.43677378 -0.134725869
    1.68497086 -0.481771857 -0.318701506 1.74390745 0.0871195793
    0.430398643 -0.123816192 0.73646456 1.61400652 -0.197848022
    0.696123481 0.122211099 1.1138196 -0.558039546 1.49337244
    -0.726413786 -0.245989561 1.70970845 -0.266585827 0.658783734
    1.39111948 -0.413517803 0.331929862 1.63402748 0.338279068
    0.750431657 0.554169893 0.94011122 1.33441401 0.301910996
    0.855593562 1.27941012 0.842194974 0.442764759 0.313041627
    1.24634457 -0.238969445 -0.765143752 1.12674427 1.80038428
    -0.106032372 -0.830400884 1.0745331 1.14517415 1.19802678
    0.349772632 1.09048975 -0.0685746074 -0.0933430493 1.34851027
    1.80430305 1.63313317 0.52523613 0.696782529 1.22580481
    -0.0733305216 1.36817873 1.34968531 1.53642631 -0.51938957
    -0.569177091 -0.638576031 1.41645408 -0.0031863451 -0.390475392
    -0.535977185 0.547621906 1.34203136 0.653988481 0.717320442
    -0.245012641 0.238752246 1.08619475 0.0781126022 0.68099618
    -0.739744484 -0.00916486979 1.55054271 0.686236918 -0.508993685
    -0.288043082 1.3924346 0.887619615 0.496515572 0.670809865
    -0.3338193 0.169289231 0.975366056 1.69364214 0.264395893 1.10044372
    0.602274358 0.417013407 0.511635661 1.28877211 0.972055495
    -0.338360965 -0.332588077 1.44843292 -0.69617641 1.69387555
    -0.149202406 -0.0985309482 -0.610553503 -0.722232223 -0.104416549
    1.06584084 -0.124278069 1.31810427 -0.778114021 1.09656596
    -0.603520036 -0.535380006 0.114784122 0.432069004 0.913346529
    1.32325196 0.561852813 1.26813495 -0.0398905873 -0.521447301
    1.41344106 0.357192099 0.713758647 -0.340544701 0.784538627
    -0.541379094 0.353635907 0.755907118 -0.670633733 1.69860089
    -0.234621048 -0.235524118 0.605919242 0.629285693 1.28501463
    1.48015356 1.15578628 0.613233209 -0.0257748961 0.861593604
    -0.817220032 0.729115009 0.586474955 1.16642022 0.986982822
    1.74135351 0.18220222 1.20385695 -0.27607426 -0.670017898
    -0.190614522 0.64785558 1.14983344 1.43625057 1.62834191 0.341195524
    1.03875554 1.59052944 1.48617387 -0.0673058629 -0.660721302
    0.601413548 1.60655284 -0.496508718 -0.333653957 0.837264657
    0.136009753 0.130975306 0.495471299 0.285165191 1.41923428
    1.40823686 0.439644158 1.40958297 -0.536087394 0.688169718
    0.545499027 0.247309804 0.0912219286 1.00299478 1.67311835
    -0.473029763 1.58589125 0.914019167 -0.806535304 1.04591942
    -0.194301009 -0.409770519 1.73361087 0.0826002955 -0.056992352
    0.329099834 -0.154381692 1.01938748 1.23780358 0.419115484
    1.00807083 0.698457956 0.489844561 0.262260318 -0.74621731 1.2465651
    1.13826323 0.707559288 0.629458725 -0.0174711347 1.46072137
    1.02572346 -0.317040443 -0.267079324 0.074824512 1.39721799
    1.2714417 0.915394425 -0.550839186 1.24851513 -0.555545866 1.2994957
    0.984153092 -0.20756048 -0.210502744 -0.542015195 1.05790901
    0.380503118 1.51120186 1.0938313 -0.335893452 0.200451255 -0.7756446
    0.795112789 -0.0290753841 0.403011203 0.375489235 1.75593138
    1.36883116 0.513229549 -0.215494514 -0.185474277 -0.768387318
    0.21448034 0.209816277 1.65317822 -0.274647176 1.10413194 1.41488004
    1.51920462 -0.387143612 1.5283345 1.43196225 1.39568114 1.63019657
    1.45871913 -0.0124828815 0.155562282 -0.0689730644 1.26492548
    1.68560004 0.537771046 0.344359994 0.779618323 1.41779947
    -0.624528825 0.380863786 0.204896271 1.01229286 1.67746854
    0.561926126 1.6497401 0.271063983 -0.388391107 -0.444404572
    -0.383530915 1.31852031 1.42096424 0.78947103 0.92743063
    -0.111784756 -0.277328223 1.35390437 0.397428215 0.805063188
    -0.235948443 1.10596824 0.813164294 0.900983214 -0.298704058
    -0.568664014 0.96427089 0.446994185 0.465753376 1.41903067
    -0.560426474 -0.0509373546 0.212357342 0.101679087 1.06023192
    0.636794806 0.765524268 1.82222724 -0.468555748 1.76061392
    1.14968944 0.966196001 -0.328429967 0.920170546 0.72580713
    1.60325468 1.37807131 0.225164711 0.763764441 0.505199194 0.93185246
    -0.528720021 -0.0598033071 -0.0146989822 0.786335886 1.02365732
    0.217730939 -0.348654091 -0.439177215 1.75658607 -0.19486773
    -0.282291919 0.742073774 -0.388644755 1.28454232 0.708544791
    1.5258131 0.21325469 1.58169937 1.16256344 1.11151624 -0.389426857
    1.23965144 -0.40136382 1.04923141 1.89690411 0.209594071
    -0.519242048 0.758286417 -0.352173299 -0.0291811824 1.60030675
    0.422076583 1.32394266 0.940606058 0.403857827 0.318566978
    0.941535056 1.34214234 -0.66136682 -0.495942205 1.70542264
    -0.579978108 0.556672335 -0.800073385 -0.584964156 -0.162288427
    0.276543617 -0.341935188 0.383090675 0.756866515 0.959928334
    -0.21663034 -0.694317222 1.64207006 -0.00927519798 1.41573119
    1.44691467 1.63089323 0.675633729 0.987893581 1.6266948 1.06895792
    0.24059248 0.716863811 0.571497321 1.63477063 0.666631877 1.06034613
    0.653914988 1.45675468 0.326733232 -0.519137621 -0.0691198111
    0.980849683 -0.744524717 0.0476847291 0.889154255 0.699398816
    0.813155234 0.20030278 0.913616002 0.101791799 0.2056759
    -0.337931156 1.65641522 -0.384418458 1.5042274 0.52704221
    0.339830399 1.23492014 1.02470398 -0.213910401 1.34035254
    0.778627217 0.519672692 -0.0121712685 0.427273035 -0.420311093
    -0.601649165 0.661399901 1.38583517 1.48853791 1.28960919
    -0.310887367 0.998808682 -0.0783285499 0.193035603 -0.0620738268
    1.57766747 -0.732316136 -0.0297830105 0.0408380032 1.2321434
    0.813265145 0.960941613 -0.12386483 1.49943447 0.157646954
    -0.703760982 0.336155295 0.651380599 0.288565397 0.968446434
    1.24303508 0.460369229 0.330007672 -0.395526439 -0.0766335726
    1.43827617 -0.656763136 0.561833382 1.16136575 0.440591097
    0.299086511 0.724757791 -0.10382843 -0.620770097 -0.395142317
    0.141070187 0.978729069 0.224921703 0.75326699 -0.0419868231
    -0.497843593 1.04252303 1.19737267 1.04661655 1.00921059 0.498373866
    1.61395144 0.161192179 -0.346994579 1.04974365 1.23183501
    -0.414901227 -0.698589444 0.508768618 0.0228520036 1.47624695
    0.0599793196 0.0778924823 0.196927726 0.522082984 0.54496336
    1.41184986 1.53457427 -0.563043952 -0.779127419 1.22243714
    0.401091516 1.44447136 1.08171344 0.402108133 -0.461977094 1.1828872
    -0.319424838 0.336794615 0.0976393223 1.66161621 -0.423768699
    0.979841471 0.110291243 1.70276105 -0.29457581 0.994770408
    0.602147102 0.796698809 0.419446707 -0.106834769 1.54058433
    0.289464891 -0.821278811 0.622834861 0.161973774 -0.85491991
    0.146099448 0.317140281 0.841054499 1.32434583 -0.149882197
    0.28619206 -0.6656214 0.856946707 0.390700996 0.442103922 1.35129404
    1.57644272 1.1152544 0.121503234 -0.758416533 0.830929697
    0.363708079 1.22181642 0.235117137 -0.217361957 1.69447088
    0.24078685 0.975500703 -0.109722614 0.383839071 0.721044183
    0.300282836 -0.288117766 -0.138326108 -0.597417533 1.25544095
    1.10346031 0.701374114 0.415856659 -0.47142154 -0.540295243
    -0.347880155 0.925650775 1.52751803 0.972299814 1.40893579
    0.658111811 0.240129352 1.68620241 0.00623387098 -0.0545499325
    0.329689145 -0.244684905 -0.161013901 0.843126118 1.28825212
    -0.225966811 0.0114430189 -0.505150795 0.322943389 0.426411748
    0.167036831 -0.283272743 -0.0729969144 -0.408236563 0.556672692
    1.07767582 0.862219036 0.500257611 0.541797936 0.353441954
    0.783044755 -0.549896717 1.34586573 1.36363006 -0.485727489
    1.52790058 -0.592169881 1.44626212 1.53476739 -0.0379275084
    0.340434909 -0.297979176 0.679424644 1.22036064 -0.818085849
    -0.132950723 0.444970429 -0.440308958 -0.422975063 0.687860012
    0.291495681 0.802844048 1.74477613 1.12334371 -0.513728499
    -0.392582297 -0.0296153426 0.448632479 0.209253311 0.0940720439
    -0.475453556 1.48784304 -0.408251673 1.19528055 0.640999794
    -0.41800946 1.36897814 -0.0418159366 1.34205127 1.65212214
    0.353724539 1.03554106 1.68783998 -0.0441083908 1.34710979
    0.88132292 -0.636888266 0.879121482 0.688156366 0.731552958
    -0.861856639 0.745608449 -0.152210474 -0.259971619 1.42233717
    1.42736292 1.40347981 1.16387379 0.223100126 -0.247291267 1.29647934
    1.23034573 -0.754542589 0.718988001 0.033706367 1.16852856
    0.99487716 0.317530572 1.42157602 -0.0648232698 0.94905591
    0.877964675 -0.619427621 1.23199666 0.515449107 -0.182221711
    -0.423743993 0.366290092 1.67542744 -0.307110995 1.4817183
    0.957602501 0.355196595 -0.0770539045 0.295187175 -0.416888714
    -0.42002061 1.64581752 1.73058033 0.565527856 -0.133970678
    1.02091956 1.25152254 -0.269836128 0.504651845 0.731001854
    -0.795274854 0.116266966 -0.264606774 1.65411615 -0.374858797
    0.296321929 1.63646412 0.413156569 0.270595968 1.20320284
    0.300198734 0.58806473 -0.657533884 -0.308021396 -0.296365023
    -0.544782877 1.1323781 1.6494019 0.989216328 1.27050948 1.18945527
    -0.665291131 0.390400589 -0.648476422 0.789954603 -0.217812896
    0.693341196 0.708795428 1.5845964 -0.325242251 -0.411176771
    -0.536987782 0.0429217815 -0.0847782493 1.50101471 -0.342262596
    1.00998807 0.682493567 0.554925501 0.607209921 1.16951871
    -0.637270391 1.39446616 1.10115635 -0.19719249 0.463592768
    0.820269227 -0.965029538 -0.00823533535 1.11370039 -0.774854958
    1.65961254 1.13310766 0.394300938 0.212272406 1.06248939 1.50390828
    1.22957826 -0.505506158 0.623191595 0.258768737 1.29802465
    0.944176018 -0.0115977526 1.55958128 0.455991089 1.66168761
    1.67464161 1.53743219 -0.14086324 -0.487316906 -0.592811763
    1.30885959 0.429237008 -0.641011417 0.620640755 0.138020039
    1.43149173 0.522527397 -0.331561357 1.87777317 -0.692921281
    -0.447898597 1.19490623 0.939178765 0.651954651 -0.177409768
    0.182016909 0.845760882 -0.689988494 1.23880148 1.17575109
    0.777894557 1.35483134 -0.0170332789 -0.27441752 1.29578829
    0.780508518 -0.594492435 0.6180197 1.23396897 1.0213716 0.2612077
    0.120888591 -0.614665031 0.511996627 -0.574372649 0.45976615
    1.31807637 1.37764275 0.936014354 0.241845965 -0.469259858
    1.60321498 0.923378706 -0.15978092 -0.00666487217 1.66160107
    -0.220172763 0.188807487 1.33319235 0.996950924 -0.458234131
    0.535753727 0.541528463 -0.293427289 -0.359027386 0.439228237
    1.20470071 1.04123163 0.164696872 0.199546576 -0.247812986
    0.489856839 1.19418657 -0.482069433 0.69569236 0.511769474
    -0.254808277 0.237813711 0.523409903 -0.598593235 -0.152079016
    -0.666731417 -0.215331584 0.693385482 -0.162421227 1.15620744
    -0.532619238 1.34499907 1.29353046 -0.0342075229 1.30655217
    0.680651307 1.21942329 0.46984899 -0.221300125 0.49301511 1.0199542
    0.859541953 0.414988279 1.27975345 0.234717667 0.906012714
    0.840163469 0.757873774 -0.0601992011 -0.113863468 -0.581548929
    1.49459314 -0.118443966 1.1829046 1.48739147 0.797257483 0.18588537
    0.0650457144 1.53822136 -0.410705268 -0.108750403 -0.221736878
    0.892608702 -0.718095064 -0.00446295738 -0.610136569 1.36751163
    0.663818717 0.490314662 1.18302488 0.342130721 0.377301693
    0.266454518 0.759790659 0.215656996 0.233576834 1.25061679
    0.00127732754 0.865020573 -0.0205358863 1.60273385 0.126805723
    0.889439464 -0.558953702 1.17278123 -0.349419832 -0.198596895
    1.43080306 -0.653373599 -0.525378942 0.754008889 1.40036058
    0.373467922 -0.739905 1.32047915 0.922106981 0.400469184
    -0.527204037 -0.250989377 -0.387939632 0.419735134 -0.542660594
    -0.237482011 0.277407169 0.788003504 0.0901677608 -0.0128822923
    -0.299390018 1.58757758 0.105120242 0.160014629 1.67052972
    0.0278749466 0.130461574 1.53773403 -0.162814856 1.19470048
    1.65316057 1.35771596 0.0502067208 -0.562775195 0.0951890349
    -0.0482721329 -0.62589252 -0.0392451286 1.53656101 1.22466183
    1.34979296 -0.785945952 1.13000131 -0.605129898 -0.295291305
    1.6235714 1.29539347 -0.182220101 -0.317358404 -0.108024776
    0.412082016 0.709986329 0.722633541 1.3236289 -0.0891937017
    1.5307219 1.23738551 -0.791418731 0.00714433193 1.43931246
    -0.337963849 0.700014591 -0.505880654 0.0364260077 1.34247684
    1.07639384 0.585015297 -0.0764868259 0.192943335 0.289808869
    -0.174728513 -0.0257737041 -0.161690652 1.21568429 0.178655982
    1.18542898 1.1488229 1.50221086 0.435728192 0.411623776 0.990062773
    1.78103983 0.388250113 0.463126957 0.172609866 1.25498509
    -0.00604325533 0.336084902 1.51091671 -0.182724953 1.30850649
    -0.0259391069 -0.55007571 1.04670763 -0.221307755 0.654298365
    0.989906132 0.0959476829 -0.0509238243 0.816879451 0.401030481
    -0.434398383 1.18853951 -0.196453393 -0.671423197 -0.23461628
    1.07290292 -0.741772652 1.28115988 0.533443093 0.120806456
    -0.24444896 1.62401819 1.19017661 0.837826192 0.551344454
    -0.345656037 -0.744431734 -0.225289881 -0.238515794 1.03225636
    1.55929208 1.1299901 1.75564122 1.55954349 0.827690482 -0.180949152
    -0.0569682717 1.24363768 0.0826855302 -0.51619947 0.987527072
    0.807630539 -0.483081073 1.50422025 0.728127778 -0.878050148
    0.436626077 0.29274714 0.334969342 0.844091475 0.0838250518
    1.49068522 0.708972096 -0.128179491 1.35826075 0.724225283
    0.431684732 -0.240410864 0.957449257 1.46887779 0.394548833
    -0.55105865 1.19177938 0.0858749151 0.649380386 -0.601269484
    1.57855868 0.324421167 -0.132255197 0.403346658 -0.275047779
    1.63924909 0.777550757 0.194435179 -0.226023614 0.917633057
    0.281069219 0.107967973 -0.228662133 1.66926408 1.00729799
    0.294284642 -0.325485528 0.154472053 0.713850081 1.22458005
    -0.7554124 1.32211018 0.29314971 0.51303786 0.69823426 -0.0333566666
    -0.541238785 1.65429139 0.291719913 -0.203101099 1.538234 1.40672421
    1.12357998 1.58740711 0.201421797 -0.0630603433 1.12419438
    -0.0466183424 1.56527257 -0.666222572 0.0600203276 1.73456466
    0.533055305 1.49074221 0.413465321 0.686561644 -0.546365023
    -0.0821807384 0.0333971977 0.36591959 0.712560117 1.53746843
    -0.502463102 1.26348984 0.975388408 0.334337711 -0.28238672
    0.0245877504 0.134833753 -0.483334273 0.0912345052 1.1399262
    0.780829847 -0.442142636 0.753746688 1.01304841 0.361452281
    0.682060122 0.896227539 0.364197731 0.608970881 1.90599227
    0.783452451 1.93542719 -0.152407348 0.189378619 0.728537202
    1.72162008 0.293099701 -0.658120513 0.188064516 0.746868849
    0.992272973 0.928009748 0.979029894 0.49726963 1.29094124 1.46999907
    0.252329767 -0.834379554 1.24875021 0.244137883 1.54994869
    0.641880214 0.513480544 0.677802444 0.340112925 -0.564828634
    1.44177723 1.51321137 0.161366403 -0.012106359 0.464411914
    0.586459756 1.4000684 0.828289568 0.473745823 0.830550611 1.42178893
    0.269851327 0.182079375 1.54603004 1.1855135 -0.554851055 1.25521541
    1.64217746 0.55594635 1.66455936 1.67662108 0.827763498
    -0.0753034949 1.27640605 -0.574568331 -0.062846601 -0.520559788
    0.161703885 0.907190144 -0.181652665 -0.11190033 -0.493843228
    1.08728552 0.858505428 -0.546271265 0.336206973 0.704399824 1.022686
    1.09654903 1.08844221 1.50024796 -0.781032801 -0.296022892
    0.0890107751 -0.495282352 1.66365767 1.63856268 -0.18754226
    0.146338224 1.74253011 1.59394145 0.964981735 -0.786391497
    0.145373046 1.74027765 0.432286263 0.949697554 0.728544474
    0.745449185 1.24527633 0.212194026 0.164541185 1.62722933
    0.347582817 0.436836958 0.396165013 0.89947921 0.886656165
    -0.0847865939 0.669450462 1.09495997 0.0697598457 1.32447159
    0.00151342154 -0.369419903 1.72111368 1.05280924 -0.613094747
    0.130133092 -0.610898554 1.34941804 0.905059338 0.92763263
    0.163460851 -0.481090307 0.546412408 0.819237113 1.37361765
    0.704515159 0.763703465 -0.329898715 -0.140139163 0.0484439731
    -0.442103326 0.136027813 0.0989484787 1.36752164 1.38278556
    1.26357198 0.991461396 0.598876834 1.28925085 1.54734755 1.07150364
    -0.136058867 0.075979054 1.59726143 1.11160541 0.764334679
    0.536309242 0.916082501 0.431434929 0.55340147 0.774074793
    -0.226458371 -0.772555172 1.63751984 -0.0112354755 0.0597681403
    -0.321773469 1.64279056 -0.278818846 -0.687475085 1.29504526
    -0.529513836 -0.0318257213 0.866010368 0.502064824 -0.36581403
    0.494936824 1.13633728 0.945218384 -0.186623096 1.04534125
    0.949746311 1.37063074 1.6617862 0.499666512 1.5372014 -0.391053617
    0.871679425 -0.661302149 -0.134638131 1.09923434 1.06417525
    0.0299909711 1.59189057 0.152220607 0.760632753 0.37141943
    0.901413798 1.56430554 1.06227195 0.223575652 1.22203493 0.126915276
    0.543192983 1.32596195 1.16742039 0.798651814 -0.159357429
    -0.427126437 -0.322154552 0.423483789 0.406437933 0.208731532
    0.974073768 1.48840547 -0.38042596 -0.394938678 1.29156172
    0.644078135 -0.596078992 0.956820965 0.395796239 1.42901361
    0.684406936 -0.258857429 0.500914216 1.6972568 1.63292861
    -0.0257105231 0.394662917 0.58863765 -0.331175357 1.77069724
    0.0478519797 -0.787422061 -0.0863069296 -0.424006611 0.563091218
    -0.123476267 -0.625860572 0.375831187 0.250737548 0.869129479
    0.0653960705 1.48927295 0.148037314 1.21633983 1.62905693
    0.960442662 0.351532042 0.367728233 0.920803547 0.942446291
    1.42572224 0.851790011 0.186506212 0.602157772 1.64894783
    -0.74056232 0.000314176083 0.378312767 0.46761322 1.16366434
    1.23172736 1.12621093 1.63245773 1.63911521 0.911474288 0.693416655
    -0.108448625 -0.0155308247 0.00120204687 1.72345829 -0.0974903703
    -0.0681508183 1.09651208 0.953696787 -0.180402696 0.0844255686
    -0.0714725256 0.603954613 1.32036352 0.171650887 1.54373717
    0.849696875 -0.645539522 1.24406457 1.43711305 0.884732246
    1.04239106 1.25457335 0.666684091 1.22439981 1.04634547 1.72429013
    1.06562424 0.206611753 0.716387868 0.667882621 0.687978983
    1.58186269 1.0017153 0.457077622 0.643888295 1.05258524 0.439081371
    0.936136007 1.68230391 1.19324803 -0.741114855 -0.392872512
    0.752679884 0.126904547 0.220623553 0.613333702 -0.236077398
    0.833052695 0.995059311 0.168253183 -0.0960021019 0.951116383
    1.19696128 0.234459698 -0.781389475 -0.67734766 0.149986863
    0.290839672 -0.369119018 1.30172098 1.48993301 -0.27880308
    -0.31994155 0.243741035 0.617536187 0.828823805 0.474030972
    1.27696419 0.846976221 1.19397867 0.430529118 0.0729945898
    0.651272893 -0.637494743 1.18889201 0.641665876 0.733002007
    0.947030127 1.64418161 1.15725851 0.212542534 -0.385038614
    -0.849735081 1.56277144 0.910222352 0.0580145717 0.0247966647
    -0.251200914 -0.443000138 -0.919119835 0.610860586 0.964238703
    0.815938771 -0.102315962 1.07373023 0.575500309 1.028198 0.162224412
    0.260177851 1.2835443 1.4735353 -0.141462326 1.34994698 0.0567891598
    0.222308636 0.313486338 -0.606733382 0.933177352 1.61370802
    1.28184927 -0.252680779 1.11402225 -0.707599223 0.921513617
    1.5726018 0.45849061 1.39107525 0.817025602 -0.244676471 1.5887835
    1.04632473 0.173716545 1.25889778 -0.329061717 1.16612411
    0.751790106 1.76700449 -0.326947421 0.556173921 -0.277321368
    1.71337068 0.535238385 0.703889012 1.28803015 -0.557529449
    -0.664433122 0.317163706 0.0819481611 0.742678523 -0.106558979
    -0.0184316039 0.822784662 -0.650786698 0.260338068 -0.37239176
    1.23632073 0.217506111 0.877982318 1.4965539 0.315398633 1.32723987
    1.30510616 1.15257072 1.25923371 0.521407723 1.14587975 1.21813154
    0.572085142 -0.691927195 1.68565071 0.570454359 -0.435335129
    0.584889829 0.347146213 -0.469647944 0.936155498 -0.348006904
    0.692825913 1.41305804 0.639339924 0.719861746 0.219903886
    -0.0233122706 1.73604202 0.98575592 0.483914912 -0.708990276
    0.715592861 0.642331421 -0.113712311 0.122095644 0.0327575207
    0.716103375 -0.6853531 -0.447438478 -0.150169909 -0.142565131
    -0.23544091 0.960503042 0.271393538 0.852958679 0.733742237
    -0.264601827 -0.199786961 0.291739941 1.16460967 0.159814894
    -0.505622089 1.38579154 -0.507199049 -0.685302615 1.3633287
    1.45466232 0.707104802 1.67268348 1.70874012 0.631281197 0.834689021
    -0.358836859 -0.19091028 0.601043761 0.975025415 -0.54187566
    1.54964435 1.39794898 -0.37014249 -0.174240232 0.00699782372
    0.921814144 0.350784481 0.80321604 -0.123271048 0.836687148
    -0.0626682639 0.669977069 0.102130115 0.116306365 -0.656484485
    0.681343377 1.68775463 0.480043173 -0.379378587 0.00787633657
    -0.40555343 -0.131751418 0.853039443 0.690452099 1.7172327
    -0.295383692 0.102426708 1.77801371 0.619519293 0.852212489
    0.340751469 0.0980177522 0.999015093 1.47838283 1.83844972
    0.774122119 -0.516421974 -0.166950524 1.30033278 0.0275380015
    0.402965486 -0.492703617 1.12018037 -0.505517244 0.371558726
    1.03829682 1.20761836 0.883023262 -0.451314151 0.962510467
    -0.321102262 -0.0786228776 0.167034686 -0.322537035 -0.6739856
    0.0586883426 -0.223731577 1.32193303 0.244478047 -0.320303023
    -0.160999179 0.950485945 1.59120202 -0.498314559 1.39832306
    0.905790925 1.21398091 -0.645747125 -0.15111661 0.231677115
    0.986769319 1.20111156 0.336570621 -0.877351701 1.023875 0.132188499
    0.725690007 -0.164410233 0.884295821 1.11378217 0.544763923
    1.0649091 -0.5255211 0.144474566 0.877212882 1.81265426 -0.53963691
    0.114102125 -0.360663891 0.163787305 0.879834294 0.657544911
    -0.512306213 -0.269903958 -0.598326504 1.28259015 0.678911388
    0.495411515 1.61849046 1.65899873 0.410292566 -0.243174314
    1.09919131 -0.54470998 0.491176903 -0.364859432 0.37648958
    -0.056720376 1.68021023 -0.0155044198 -0.106161714 -0.44805482
    -0.267479956 0.54672569 1.45730102 1.08130777 1.53113103 0.914487481
    0.852384508 1.23633766 -0.609324098 -0.334235966 -0.565266252
    1.47470558 0.352045715 -0.288142443 0.00951838493 1.56446123
    0.874414563 0.184959769 0.468942344 1.40513253 1.44770145 1.16140044
    -0.292376518 -0.512661815 -0.669371068 0.690028846 -0.269557983
    -0.4631899 1.28811526 1.08947587 -0.671373844 1.59720135 1.1465714
    0.849450469 -0.74324739 -0.207886696 1.35275209 0.585860133
    -0.339773059 1.51557016 0.220998943 0.988325477 0.116703391
    0.487599492 -0.0545141101 0.745219231 0.196368694 -0.298012018
    1.25975156 0.434925199 0.0492193103 -0.269764841 0.850600719
    0.95931679 1.75255036 0.30303663 -0.398582131 0.850155294 0.53352201
    0.0109499693 0.231544375 -0.0992625952 -0.937534094 0.870213389
    0.787618637 1.36215234 1.54180896 1.19260347 0.620999873
    -0.197500527 1.39338517 -0.56927675 0.624016345 0.866717994
    0.988031328 -0.700734675 1.15461028 1.57976747 -0.560127854
    0.325331628 1.00394177 -0.693626285 1.00315642 0.789030731
    1.23322546 -0.254090726 1.13117766 0.0924820304 0.239464462
    0.771138608 0.285854876 -0.236177206 -0.275731117 -0.133027375
    0.327106059 0.697783172 -0.803755879 0.824201703 1.75623643
    0.0497552156 0.0108197927 -0.076284945 1.10124147 0.515928924
    0.208277702 1.15111828 -0.453272283 0.241551757 1.48683226
    -0.499158025 0.0799148083 0.862569869 -0.0524539351 0.748641491
    1.29683912 1.51098979 1.6227386 1.01561284 1.2664634 -0.243892968
    1.57768393 1.24443841 -0.0619024634 0.664600551 1.10952377
    0.305792868 1.00742137 1.79972696 1.48950386 1.34360969 -0.526393533
    0.0140638351 0.629159212 0.227098882 -0.247238398 -0.104253411
    -0.437974125 1.4710294 -0.739613295 0.159868777 0.0154090524
    1.32050109 -0.262590438 -0.101220846 1.52729583 -0.279719651
    0.495981336 -0.529256225 -0.262609065 -0.0148855448 1.27698195
    1.27941191 0.607792258 1.11836553 -0.237351239 0.879500031
    1.61991847 1.56140947 0.15419656 -0.199005604 0.760095835 1.62065279
    0.624173582 -0.651548624 0.343048811 -0.499188602 0.468618035
    -0.275373161 0.567622542 -0.663290977 1.58146048 0.87904042
    -0.517650366 -0.467155665 0.625575542 1.28888059 -0.537539005
    0.771360278 0.203194737 0.399915934 -0.124905229 -0.215166092
    -0.48822996 0.135573924 1.48352957 1.26379323 1.34125388 1.63097358
    -0.0367321372 0.103918731 0.979844034 0.754420042 -0.0860145688
    -0.243810415 1.07178926 1.44534135 1.19515634 -0.612162352
    1.57974172 1.29440141 0.497578919 -0.1350559 -0.0267363191
    -0.147670805 1.1456356 0.979361236 0.997159839 -0.926525772
    0.182253718 -0.326164782 -0.299452364 1.56941569 -0.586965799
    -0.112085879 0.145510733 0.265277803 0.780748844 0.869414926
    0.00727987289 -0.330916941 1.06167543 0.460542917 1.09422576
    0.337184787 0.819963813 1.20014369 0.47946012 -0.140068412
    0.189590394 0.781183541 -0.181265861 -0.395938188 -0.514459908
    -0.15832752 -0.118480861 -0.557282984 -0.413245022 1.22028708
    0.982850075 0.0205184817 0.841307938 -0.206165135 1.0443393
    1.55971599 0.130361199 -0.510418236 -0.545568287 1.41624534
    1.53130174 0.00955480337 0.057888031 0.843362272 -0.740810513
    -0.721016824 1.5940069 0.488610446 1.20932841 1.06275868 0.640511513
    1.21213293 -0.738274038 1.41169977 -0.495525897 0.773932099
    1.66147232 -0.820544243 0.361855149 0.0974969864 -0.113131404
    1.28706837 1.27232671 1.01261818 0.0361561179 0.361818016 1.65751648
    0.576227546 1.45449519 0.934869647 1.17822886 1.24799311 -0.24427706
    -0.149837017 1.72290683 0.753665566 -0.428186953 -0.247003019
    0.221719205 0.130600512 1.00770545 1.06101966 0.0858525038
    1.02202845 1.6853224 -0.370148033 -0.129904807 0.192239165
    -0.591321945 0.293334842 1.80778885 -0.367202193 0.0471010804
    0.139392793 -0.710897148 -0.511166453 -0.125262082 0.718852758
    0.420135021 0.944775283 -0.415871382 -0.352332503 0.12822324
    -0.880107939 1.53229332 0.797696769 0.165428638 -0.587351918
    0.00972610712 1.05049634 -0.283113122 1.56995869 0.994834423
    1.25532246 0.286470175 -0.418604136 0.143091798 0.357117891
    -0.480575949 1.71999478 1.49993718 0.535121799 -0.558299661
    1.27334261 0.709299505 -0.361621886 -0.640737951 -0.0805888772
    -0.55139786 -0.611155272 1.26787019 0.934583664 1.39608383
    0.881789029 0.47082293 0.578729689 -0.49874258 0.589677274 1.63501
    0.218139172 0.578585327 1.42812586 0.335535347 0.247428834
    1.31945431 0.96951288 1.00173616 0.940011978 -0.687896132
    -0.168316364 1.33363485 -0.439938068 1.2334801 0.91186136
    0.585658789 0.330096424 -0.00847190619 0.467961609 -0.569886386
    0.873369038 1.33220232 0.119301498 1.1548152 1.37751985 0.779304445
    -0.0985124707 0.781070292 0.767909944 1.48508334 1.26653874
    -0.439558029 0.251677573 0.511246204 0.483237267 1.45925808
    -0.00920248032 -0.659951746 0.0845369101 1.4809314 -0.283961952
    0.220121562 1.75841486 -0.328689873 -0.5696913 0.0112532377
    1.65853715 1.1281507 1.66324449 -0.0891946554 1.25341737 1.09588933
    0.211475968 0.727621019 0.710033 0.640786231 1.26285744 1.20416772
    1.64263082 0.0202011466 1.47244406 0.73227948 -0.447850615
    1.47846818 0.16943109 0.286073208 0.762325108 0.792193592
    0.736311316 1.72947049 -0.353027374 1.04338455 0.87085402 1.59238529
    1.70166516 -0.0277476311 1.58742309 -0.661229849 0.909470022
    0.229694009 -0.493538052 0.434625328 0.529947042 0.0312402844
    0.557863355 0.206561685 0.581909299 -0.53125906 1.38406312
    -0.356760263 1.80831695 0.509265184 0.117420614 1.28680027
    -0.621689975 0.193639278 -0.545335889 1.64657855 -0.335708022
    0.904044926 1.6477344 -0.171595991 -0.775682628 1.29598927 1.3509587
    0.774178386 -0.270361304 1.25243354 1.28363943 1.56559515
    0.796981931 1.46401048 -0.273500144 -0.478226662 1.68041873
    0.00508373976 -0.0755655766 -0.176608205 1.22042298 1.43620753
    0.728372991 -0.237053692 -0.467253298 0.423557162 0.742689908
    0.0232673883 0.786771357 1.6889782 0.766951442 0.77031517 1.47828829
    1.53682673 1.3070147 0.0734969974 1.28137183 0.524994195 1.06002259
    -0.549049199 0.946641505 1.80165172 0.63957727 1.42930651 1.73259056
    1.18289423 0.294303238 0.893282354 1.21010303 0.9899472 0.545369506
    0.189404666 -0.0952816606 0.042887032 1.21794319 -0.124602318
    0.718499184 -0.364692658 0.181956768 0.844940901 1.11534762
    0.473309696 1.63035214 1.7241329 1.49900389 -0.0419425964
    0.622659087 -0.100250304 -0.800373733 0.100430787 0.0785312653
    1.4197607 0.804543972 1.11840224 0.636621356 0.990447164 0.10193193
    1.39467812 -0.404877007 1.77781928 -0.525219917 -0.604838133
    0.650779486 1.15785074 1.33855355 1.18240142 -0.622030497
    -0.345186293 -0.201532781 0.508911788 0.96400255 1.1699338
    0.332735538 1.66407776 -0.0927548409 0.000925242901 0.614650667
    1.54306138 -0.76751703 0.335762978 -0.633874893 0.969593763
    -0.384049118 0.579600096 0.712559104 0.508041382 0.755704641
    0.233065784 0.773435771 0.174304187 0.367458582 1.35087121
    1.14106631 -0.129829466 1.09377074 -0.289352715 1.6922121
    0.450519323 0.205651939 0.00438040495 1.38710248 -0.0507676601
    1.61639762 0.734903932 1.34101701 1.78887916 -0.714330912 1.23499823
    1.2402029 0.889917135 1.16240776 -0.405621409 0.954982281 1.19777429
    1.45931196 1.48423266 0.589451551 -0.292288125 0.034186244
    -0.0912011862 0.844810367 0.332838118 0.834130824 0.00483167171
    1.34544611 0.751912713 1.36282492 -0.20615688 -0.520552635
    1.56755197 1.62824976 -0.293838501 0.647066414 0.176293552
    -0.662165284 1.17251456 1.76204133 -0.0795087814 -0.273674965
    1.20804811 1.36831069 1.50569177 1.83006191 -0.704704463
    -0.493600219 0.620339334 0.968100846 -0.70359242 0.989225388
    0.0513592958 0.268790483 0.871076405 -0.0960528851 -0.546895623
    1.05486107 1.68467736 -0.261982024 1.48070669 0.549054801
    0.267433286 1.26393342 0.924003959 1.19562697 0.552983284
    0.0224477053 -0.731825888 1.10397685 0.420216501 0.761263192
    1.03065109 -0.556592047 1.04044938 0.647583365 -0.796294034
    -0.0120319724 1.55788732 -0.569992423 1.64052773 0.673928499
    -0.0255846381 0.373365641 -0.629875422 0.207578659 1.28022909
    0.107644022 -0.0117673278 1.33796179 0.203956783 -0.315336138
    0.273256302 -0.13072145 -0.48968783 0.774095595 1.0905019 1.12972057
    1.57562971 0.953389347 0.189334869 1.56292117 0.672916353
    -0.549089909 0.946959734 1.04527736 1.53645349 -0.204866529
    1.40203953 -0.424968988 -0.123040676 1.72725105 0.286916435
    1.3861208 1.19310176 1.05531502 1.46216357 0.232885122 0.581097007
    1.34717417 1.3629514 -0.147284746 1.34160495 1.25459456 0.680063546
    1.68377542 -0.63887918 1.36651182 -0.189358532 1.38960791
    -0.0464499593 -0.233939707 -0.652514696 0.902550399 0.168590903
    1.49950933 0.0765439272 0.325527668 -0.545777619 1.32703638
    -0.0126878023 0.662157893 0.365295589 1.40470004 1.33835149
    0.259250104 -0.36407882 1.55558586 -0.886101723 1.52998781
    0.751065016 1.26168537 1.55956745 -0.784617245 1.09475803 1.48898017
    1.16081357 1.73628163 0.524175286 -0.570091844 1.76502931 1.3169055
    1.33846712 1.55161345 0.942148745 1.46119928 1.63219357 -0.525332808
    0.526081681 -0.653120637 0.112528861 -0.620562315 1.59844613
    -0.585569203 1.1936239 -0.716485679 -0.632355809 1.04083967
    0.976532459 0.696168065 0.44089812 0.0864644647 -0.280147672
    1.00150561 -0.422061086 1.5852325 0.371896565 -0.767110944
    -0.169714332 -0.0947075486 1.09168363 0.869784892 -0.780037761
    0.759346604 1.16610026 0.892435551 1.58130622 1.70615029
    -0.221721888 0.101361454 0.260323167 -0.256887555 1.15204442
    0.394840777 -0.184350848 1.00587177 0.845723391 1.06749225
    1.24816585 -0.615186155 1.55680776 0.64050442 -0.0414848924
    1.3701601 0.211381853 0.733949423 1.3938024 0.687087059 1.45191658
    -0.0751641989 0.252202511 -0.801755428 0.0675069094 0.725668073
    0.778609157 -0.414797932 0.516208708 1.06906343 0.881647944
    -0.0624399781 0.310636938 1.36127603 0.189797938 0.782413304
    -0.556436539 0.121510148 1.13540936 1.25500178 1.38899791
    -0.453967214 0.710832655 -0.493836075 1.06760228 -0.522722542
    -0.547959328 -0.738762319 1.57701659 1.71922135 -0.831124485
    1.45745492 -0.306851298 0.511975706 0.733201206 1.24642456
    -0.0191142559 1.07180464 1.42125857 0.0400865078 0.384743989
    -0.0945732594 1.57887399 1.58491886 -0.488344967 0.377193034
    -0.604739487 0.690517902 0.0249638557 0.834184289 -0.339132071
    0.971389353 0.197632492 0.662335873 0.550881028 0.0437979698
    0.404397488 -0.496616513 0.265994549 1.39262938 0.236508489
    1.33175015 1.37417376 -0.217456281 -0.187808543 -0.0941188931
    -0.319214642 1.0959084 0.157587826 1.67717874 0.219390631
    -0.335658252 0.319293022 0.834161341 -0.56658417 0.384687006
    0.592804193 0.274114907 -0.445917279 0.564664662 1.35368848
    -0.721847296 -0.49304238 -0.494261682 0.641109645 -0.245441794
    1.47002542 -0.00305759907 0.939355791 -0.159655035 -0.108045638
    1.25191355 1.17335248 0.0220006108 1.44480658 1.3574729 1.69982266
    0.326289535 1.24019849 1.41211259 1.23089719 -0.221980631
    -0.431666613 0.487427592 -0.701350868 0.00378298759 -0.123302579
    0.440843523 1.64122581 -0.319486022 1.28653193 0.791745603
    0.580761135 0.783643007 -0.73807919 -0.515556216 -0.269703388
    1.61518431 0.822191656 1.12927079 1.08038783 1.3865031 1.61735725
    -0.306340873 1.70354474 0.571952164 -0.271107674 -0.584651589
    -0.00283414125 0.615552962 1.8171289 -0.111538231 -0.248681486
    0.117381215 1.36405325 -0.697490811 -0.224443436 -0.10778743
    0.142852962 1.30119312 -0.227374852 0.511227012 -0.496452332
    -0.275315821 0.46552825 0.876197517 -0.567475677 1.78207421
    -0.592433989 1.04033184 -0.60206598 -0.447288454 1.01426816
    -0.517321348 -0.565448999 -0.273320138 1.82954991 1.74678826
    -0.135086477 0.317123175 0.426357985 -0.046680212 -0.327402204
    1.67842841 -0.554623365 1.41571021 0.479992211 0.497151613
    1.06027532 -0.556346178 1.90105236 0.981077254 0.708999813
    -0.0802365541 0.227310479 1.30773127 0.633917034 1.34532809
    -0.734466612 0.459420025 0.729827464 -0.631895483 -0.110518157
    1.3357594 0.087682128 0.999383807 1.21880448 0.262012184 0.537686527
    -0.416150779 0.971318126 -0.418429136 0.888604641 1.61459613
    0.174202323 -0.657827139 1.12558675 -0.0811331272 1.18282413
    0.274026155 0.617682815 -0.278674066 0.0750212669 0.656831503
    1.07808018 -0.473123521 0.376610756 0.618389964 0.727464318
    1.56959784 0.639142632 0.987948537 -0.0259981751 0.989545941
    -0.543587685 0.917180836 1.40466297 1.71042013 0.574962318
    -0.770296216 0.0835501552 1.55893946 -0.716175437 0.492358804
    1.09516811 0.950797737 0.437188923 1.07244992 0.894739151 1.22359443
    1.16045213 0.99033314 1.189363 0.246496916 0.266678989 0.804388762
    -0.434862643 0.632183194 -0.325891882 -0.698368013 1.27339029
    0.349525869 -0.627107739 1.66926217 0.665935278 1.68694079
    -0.0861806273 -0.639903545 1.3141402 -0.0447719693 1.30459929
    0.344837368 1.24857509 -0.867504179 0.935102463 0.454185009
    -0.225563705 0.626304984 1.62526417 1.51207113 1.39257908
    -0.293836474 -0.00113677979 -0.202350199 0.900907278 -0.530074418
    0.507381201 1.14320302 0.0853848457 0.941253841 -0.0113264322
    1.20689702 1.04944384 0.196786463 1.14621437 0.133545399 1.5645659
    -0.364293128 0.587777197 1.01980519 1.12566566 0.917106867
    -0.471429914 1.51548839 0.389919996 1.69441342 -0.598390698
    -0.495731205 1.86555076 1.2867434 -0.487472683 0.486713648
    0.277597308 0.921849072 0.253966749 -0.572617292 1.21136045
    1.01666355 1.22187853 -0.287307918 0.78488785 1.20720279
    -0.243599892 1.25479293 0.927260518 -0.389813542 1.75969124
    0.711151123 0.575756013 0.313200474 0.342877507 0.80913043
    -0.490306467 1.56444955 1.17697954 0.105841458 0.197400033
    0.359534562 0.0445125103 0.620362878 0.247851908 -0.312400043
    0.920087397 0.47450614 0.182022214 -0.204942226 1.5585134 0.68295604
    0.581093788 1.38578844 0.67925185 0.436744273 1.32308197
    -0.514837086 0.630976319 1.26322031 -0.0754207373 0.917934656
    -0.021946907 0.883068502 0.00485742092 -0.272125125 1.5544287
    0.9333902 0.341706574 0.740099788 1.71942878 1.22928238 -0.107624412
    -0.0661028624 -0.560003638 1.50520134 -0.392570049 -0.259292364
    0.469061434 0.147967815 0.733574629 -0.662216067 0.501433551
    0.515925765 1.55345249 1.54041159 0.638078213 0.583144367
    -0.239328325 0.289619446 -0.526852727 1.0787077 0.957586169
    1.1219101 1.57654238 -0.150016844 0.576979518 0.869611859
    0.706684291 0.759084582 -0.602016628 0.416881025 1.65031743
    -0.668206334 0.506948173 0.280253291 0.812396646 0.912105501
    -0.0117093921 1.55733097 0.654703975 0.614275396 -0.592886627
    1.85459495 1.19064236 0.13724947 1.66754329 -0.136797905 0.324471474
    1.13723791 0.286270499 1.01837802 1.37300968 0.266209126
    -0.415073842 -0.399258435 1.02538097 0.857105494 0.130110919
    -0.240864038 0.642889977 1.46682608 1.53110194 0.124281406
    -0.439575374 -0.592490733 0.347573698 -0.26860255 -0.134078503
    1.13790965 1.54457343 -0.557218254 0.664877117 -0.13177222
    1.13739443 1.01285505 1.27504492 0.0320956111 1.4159832 -0.424939603
    -0.504741609 -0.384520769 1.18540537 0.0145099759 1.05404544
    -0.500984132 0.17309469 0.666359961 0.143425167 -0.255117595
    1.1249001 -0.960612118 0.336280525 0.460092723 0.0311455727
    1.38883138 0.999430478 0.193314433 -0.743933797 0.217273653
    -0.542445302 1.16647196 -0.732362688 1.4839946 -0.645694315
    0.34612298 -0.27484867 -0.343120307 0.89790976 -0.0920444727
    -0.276791692 0.404623032 1.36713696 1.07882118 1.49425888
    0.0223532915 -0.655270815 1.36905944 0.307722032 1.17903829
    -0.607910752 0.790409863 -0.254055023 0.0457602739 1.55011785
    1.51395082 0.567738175 0.723060608 -0.494271934 -0.398794711
    0.274188697 1.33407903 -0.185594559 0.632536173 -0.537920415
    0.761282384 1.69402206 -0.612876356 0.677841127 1.31751895
    -0.102171779 -0.664397836 -0.399477452 1.61463892 0.562103987
    0.498793244 -0.785338759 0.922074318 1.33326101 -0.1347844
    1.40624285 0.699011147 -0.318347812 1.7422123 0.657672048 1.1036725
    1.72157657 -0.148216784 -0.371739775 1.45198858 1.38809586
    0.893590987 0.137322187 -0.702543437 0.983233988 1.60063899
    1.37599468 -0.0264724493 -0.205694318 1.51096153 -0.111076951
    1.74794769 1.47695708 0.34641391 -0.70605725 -0.0402043462
    1.09584546 1.01431525 0.126411319 -0.399242342 1.50489926
    0.506544948 -0.606426477 -0.0777592063 -0.128129959 0.626933753
    -0.7579844 1.62350178 1.20020795 0.621152222 1.45141888
    -0.0716046691 0.547492445 1.70498693 1.82207775 1.74502075
    -0.675436676 0.447522342 1.23389506 1.75688469 1.1642909
    -0.554455578 0.331175506 1.57310188 1.01215649 1.60801911 0.8931095
    0.704756856 0.847651541 -0.431314826 0.126620412 -0.658969462
    1.63052785 0.130765438 1.45161295 1.03177011 -0.414668262 1.5441823
    0.658910632 1.63472867 0.689502954 0.98045218 -0.661609292
    0.76875335 0.552335918 0.221327782 1.81131172 1.1141777 0.823046386
    1.62782001 0.604681611 0.0870969296 -0.172117054 1.44632006
    -0.588775814 0.681093097 1.56234288 0.475213647 0.0205289721
    1.63386297 -0.648345172 1.42236853 -0.604630888 0.354353428
    1.59724498 -0.628436327 0.222419739 1.6789968 0.729682863 1.02838564
    -0.38484183 0.521341443 1.20409274 1.07129979 1.22330499
    -0.402630746 0.388652802 1.14387989 0.528771818 0.164470315
    -0.525990009 1.75260448 -0.696573794 0.185746253 0.943154573
    -0.481491178 1.23543572 -0.239702672 0.0349399447 0.160000622
    1.48140395 1.46891475 0.614930987 -0.227661014 0.492001712
    -0.446423858 -0.423233718 0.947881758 0.884112716 1.61844337
    -0.587454796 1.33438826 0.991060972 -0.350774169 -0.0621137023
    -0.67650497 0.410678089 -0.593864202 -0.2087273 1.27020526
    0.0388023257 1.05716419 1.04123068 -0.663554311 1.46692944
    -0.462846696 -0.676623106 0.961900175 1.00815105 0.105153024
    1.36263585 -0.580518901 -0.136831641 1.65530217 0.769564152
    -0.738638282 0.000911235809 -0.763081193 1.61895537 0.986203313
    0.24836117 -0.200832784 1.47869158 1.82256675 -0.496739566
    -0.201045156 -0.279759198 0.554627597 0.178196371 1.34931684
    0.513699353 0.511076272 0.759296238 -0.506085217 1.00193202
    -0.35416171 -0.106657803 0.418097675 -0.470507592 0.787172258
    1.1099925 1.60036135 -0.744046688 0.912031233 -0.304684788
    0.411263824 -0.558539987 -0.680401146 1.59690213 1.30560446
    -0.496020585 1.30703628 0.928939819 -0.679460406 1.16192222
    1.0651803 1.07689226 1.39138579 1.66880488 1.4598639 0.751083732
    0.70805335 -0.785152733 0.42922163 1.45126987 0.919490695
    0.657942235 -0.600262046 0.678242803 -0.0310835838 -0.602436781
    -0.385432243 1.83658862 -0.112291753 1.37016428 0.68013984
    1.67037022 0.475234926 -0.998962641 1.16795945 0.93165189
    -0.273386717 1.60567427 0.968970776 1.33796692 0.261327028
    1.58868027 -0.0382609367 1.75051284 1.27014899 -0.0278179049
    0.695003033 0.230751634 -0.629948258 -0.443209708 0.452629149
    1.52667761 1.05814826 1.27408254 1.54511428 0.402137697 1.24140692
    0.409857571 1.18833661 -0.0712221265 0.355373502 1.41317713
    -0.762165487 1.09262562 -0.638004541 1.64624643 0.235261738
    1.75818717 -0.676692724 -0.620056748 1.20527589 -0.461091101
    0.793487906 0.41432178 -0.189897001 0.256490231 -0.193359017
    -0.559338212 0.290634692 -0.742430329 -0.0160011053 1.65200663
    1.15002036 0.551326156 -0.786740482 1.30648375 1.46825135
    -0.234723866 -0.735188246 -0.0363932848 0.506535649 -0.527737975
    0.838659048 0.122281909 0.585011899 1.33747029 0.698493481
    1.18025124 1.42882371 1.44069052 0.555461168 1.74310124 -0.429008842
    -0.0529714227 -0.0875167251 -0.64130497 0.723578811 -0.691825867
    0.925856829 -0.394910634 -0.388848245 0.957485855 -0.291920602
    -0.834570289 0.103077471 -0.771205366 -0.206510901 -0.39250505
    -0.238426715 0.20367533 -0.250244349 1.05269527 -0.577052951
    0.764643669 -0.251847386 0.0541667938 0.421169162 -0.0455415845
    0.0668459535 -0.438213855 1.50811768 -0.19748801 1.15475225
    -0.273494095 0.240915596 -0.603309214 -0.237649322 -0.671903014
    -0.746571898 0.836059332 -0.371866167 -0.780960023 0.382468283
    1.66012549 0.24423933 -0.0616967678 -0.505795002 -0.507950187
    -0.403221607 0.369820833 -0.613809347 0.510519147 1.74806702
    1.29023361 -0.117021203 -0.478332043 -0.373934358 -0.41123414
    -0.274427652 1.48261094 0.0845499039 -0.373213381 -0.114044607
    -0.520052791 1.57063031 -0.237499535 1.65237832 0.176442802
    1.01016355 -0.238875508 0.748447001 -0.11058712 0.520151675
    1.66961718 1.29647851 -0.610028744 -0.109213889 -0.0182750821
    0.342460752 -0.0455385447 1.92295432 0.861020267 -0.497376919
    0.142044246 1.88298738 -0.31108129 -0.559928238 0.0309135318
    0.904557467 1.71483529 0.707604647 0.113081813 -0.462123513
    1.08944333 0.793009222 -0.126290202 -0.0415690541 -0.276481688
    -0.229294896 0.97173816 0.174857736 -0.230078518 -0.109080791
    1.10718441 1.16385782 -0.235774219 0.0523939729 -0.603380919
    1.58902645 0.528684139 0.197842538 1.26659822 0.897902906
    -0.204740405 -0.115157485 0.211929262 0.807942331 1.15297055
    0.741219401 -0.476813555 0.706254363 -0.545799971 -0.25827527
    -0.210581988 0.909422219 0.146596253 1.15138972 0.510707974
    -0.283384264 1.50700486 0.0812061429 0.95174557 0.13675338
    0.518324792 1.56157088 -0.81909883 0.0810893178 1.56123292
    0.803135991 -0.234733999 -0.62285769 -0.154329449 1.1599685
    0.339816809 1.75666118 0.0934739113 0.172571659 1.10851741
    1.04774189 -0.756577969 -0.60819 0.965793192 1.11341476 0.786171436
    1.54853916 0.12191081 -0.0417135954 0.853295863 1.79440963
    0.156745255 0.361581266 1.16545486 0.571012974 0.826945186
    1.68219137 1.22174442 1.44431913 1.25020862 1.38507915 1.00513899
    -0.557283401 1.15393472 1.03253222 1.24117279 0.710309684
    0.563044846 1.62951434 0.779370844 1.82506657 0.940689743 1.19109488
    -0.260185719 1.08149004 1.26338482 1.44589615 -0.591579258
    0.623196125 1.48050296 0.991994679 1.44290936 1.36745119 0.632705331
    -0.0847041011 0.217754483 -0.00494289398 -0.441527694 0.90263623
    1.24265468 0.218571484 1.48238647 -0.413952172 -0.246510983
    0.292655528 0.107457638 0.978607774 -0.147146463 -0.673769116
    0.825424492 -0.14138633 0.881241798 1.20541239 0.0463246107
    -0.00582683086 0.202747226 1.12904584 -0.799140871 0.687280774
    1.02690768 0.688659668 0.0494579077 1.89912343 0.789523184
    -0.253460348 1.03521538 1.50909138 1.054425 0.539931834 1.05324173
    0.515886724 0.467963636 -0.430712491 -0.663419425 1.45062542
    0.222172678 1.68565488 0.177877128 -0.545130372 -0.586878896
    0.958983004 0.88410449 0.5858742 0.992923617 -0.401765704 1.42972994
    -0.227015495 0.678819954 -0.355283439 0.738865018 0.848267853
    0.986768484 0.993682206 1.21212196 -0.342633784 -0.509502292
    0.148627222 -0.610185385 0.633389354 0.161453485 1.41155148
    1.30786335 1.7915318 0.10272032 0.642223656 1.49849343 -0.668070316
    1.72633183 0.534210265 0.297825396 0.203509212 0.81236738
    0.040466845 1.27050018 -0.158144712 1.4758215 -0.589079738
    0.376426578 0.369206071 1.06911516 -0.0893982649 -0.448190272
    -0.18773216 -0.104457021 0.059649229 0.562688649 0.708891571
    1.07783639 0.0130666494 1.08287406 -0.24793008 -0.297082841
    0.0543990731 0.38991487 1.61729956 0.376605868 1.52036905
    0.312007546 0.699108779 1.65291405 1.63935208 -0.293066472
    1.84553504 0.343217492 0.293864071 -0.224658996 1.46851993
    -0.423761338 1.2540164 -0.230963349 -0.0736179352 -0.171752453
    1.41713595 0.0604866147 0.905896842 1.20408511 -0.0238771439
    0.480908096 0.896096766 -0.481463075 0.584375799 1.7399236
    -0.705929875 1.37320948 0.448972702 0.58449775 0.00679266453
    -0.299298406 1.07027912 0.507576525 0.680025578 -0.471309304
    -0.250792056 1.52184892 -0.329003632 -0.140249252 -0.530895472
    -0.392712712 -0.430133522 -0.0131954551 0.685623884 -0.533775687
    0.930900872 0.84975338 -0.307513267 1.33351851 1.65324044
    0.293418586 -0.745489895 0.391506374 1.51944995 -0.328119338
    -0.538834035 1.30003631 1.81173086 0.927951992 1.72767711
    0.419386983 0.450430274 0.635295153 -0.682914376 1.34713078
    1.19015193 1.31872249 -0.136378229 0.438790739 0.136362135
    1.31980193 1.32949555 -0.249468446 1.13890052 0.555299878 1.44525254
    0.65800935 0.673385382 1.2088511 1.09425759 -0.363586068 0.187956512
    0.218684793 -0.408118993 1.25988507 -0.0979165435 0.515464425
    1.79783702 1.37220597 1.3562367 -0.726986647 1.03516173 0.486954272
    -0.80802083 1.48689282 0.737327039 -0.719742656 0.878289878
    0.526603222 -0.226582289 0.450316072 -0.261245668 0.286139309
    0.982310474 -0.384048641 -0.31545499 -0.71727562 0.721656919
    1.62356305 -0.146934092 0.742857099 -0.735183656 0.391477942
    0.830143213 0.298220456 0.24223274 1.32329035 -0.575679183
    1.32608819 1.57074475 1.05166459 -0.338228047 0.0144473314
    -0.331336707 -0.30655998 -0.720994771 1.59643626 0.180453479
    0.393502116 0.424798787 -0.168155611 -0.433154285 0.520027816
    0.500776589 1.15342999 -0.584409952 1.25202298 -0.541815758
    -0.00769460201 0.660521805 0.461156666 0.583909273 0.614547074
    0.632548928 -0.57791096 0.199539363 -0.892802179 0.892965615
    -0.547265351 1.47550023 -0.12475729 1.60720491 0.524536967
    -0.676206529 0.153648436 0.205950677 1.59865487 0.893953085
    0.968197465 0.127204239 -0.209546506 -0.688853562 -0.303230107
    1.31513667 -0.373357385 0.436067879 1.72104418 0.618067443
    0.797017336 0.541444659 0.0266032815 0.333097339 0.524344683
    1.35124838 -0.688179195 0.709609926 1.15316033 1.07712269 1.01159537
    0.405290127 1.65884542 -0.569161952 -0.288900584 0.504884183
    1.26134133 1.18965745 -0.163884521 -0.770139575 -0.695476234
    0.793781638 0.877256989 0.283634722 0.498605013 0.549231946
    -0.670693636 0.126578093 1.50440049 1.67514348 0.515482485
    -0.18175441 -0.147945523 0.848949075 1.11907816 1.31548667
    1.09513128 -0.712187588 1.71674061 0.367936313 0.72833699 1.68866432
    -0.369953394 -0.247174084 0.235055268 0.8414464 1.06009543
    0.68781817 0.124872446 -0.574852228 -0.491425425 0.647691309
    -0.76481539 1.63385558 0.284929693 -0.0589918494 0.455603719
    0.505323529 0.861280859 0.0846560001 1.09824157 1.60829496
    1.48423469 0.462779462 0.9774037 -0.547438145 1.92222309 0.250230074
    -0.0742542148 0.215114474 0.206145585 0.0903814435 0.656967521
    0.77387923 0.424420953 0.472907901 -0.13517046 0.481359899
    1.43417668 1.29076171 0.776825666 1.43468165 0.522870541 0.752655804
    1.15203524 0.0502102971 0.879204869 0.712075412 0.664967358
    1.45854115 -0.0832025409 -0.0406498909 -0.444774657 -0.131717443
    -0.418954164 1.3074528 -0.443861127 1.48797858 1.08804393
    0.777242839 0.29245019 1.14072382 0.983771443 0.660736799
    0.634443402 -0.378400981 0.378402054 -0.340000033 0.626559615
    1.51318896 -0.468905836 0.599031627 0.240557969 1.13277626
    0.600135744 -0.0668013692 1.14990163 0.670295 1.49595976 0.518859625
    0.543179572 0.0667670965 1.28148639 -0.597457051 1.69956756
    1.63185239 1.05885124 0.846804559 -0.0547166467 -0.0807532072
    -0.310305148 1.02456808 0.949836731 0.446321845 0.224989355
    0.956371963 -0.276557982 0.4072451 0.3109079 1.81980157 0.542780578
    0.247642159 0.815403104 0.671262801 1.62738252 -0.137694061
    0.666292846 1.77028608 0.581628323 -0.514077842 1.63395357
    -0.501011252 1.46072423 0.818982124 0.0816582441 -0.240080923
    1.51145434 -0.13306582 1.08953238 0.415248811 -0.184506893
    1.31171501 -0.316224515 0.176210344 -0.845447063 1.31405997
    -0.249661565 1.20959282 -0.0434857607 1.44758618 1.7630446 1.157215
    0.32538873 -0.624527514 -0.505715132 1.0517869 1.03373098
    -0.00658559799 -0.676128089 1.05334687 1.36870587 -0.273852021
    1.31363177 0.690421164 -0.249214292 1.66156423 1.49415874
    0.874123275 1.06559253 1.24641776 -0.0951336026 -0.218516469
    0.662665009 0.960996628 0.186758935 -0.167270303 1.71461201
    1.11910641 0.770664275 -0.108950853 -0.127305388 1.19047284
    0.500547051 1.42540431 0.176478565 -0.377198935 -0.359611601
    0.79137373 0.807415366 -0.834699094 1.04477787 1.57209349 0.11923188
    0.16659826 0.0154212117 -0.763307154 -0.505413592 1.35328484
    -0.608303189 0.322275043 1.06448269 1.44720364 -0.671995878
    0.0201137662 0.0497699976 -0.0647107363 1.37336731 -0.692029953
    0.154658616 -0.604527354 -0.0714694858 -0.310453027 -0.0362765193
    1.22647667 0.959082484 -0.815292656 0.638195097 0.939201295
    -0.649776399 0.0491318703 0.0971394777 0.0648348927 -0.183627903
    1.05768156 1.33266068 0.44399178 0.178774059 -0.830273688 1.52882636
    0.850124121 1.66996717 0.575385273 0.939893186 1.06492078 1.34769106
    -0.0885093808 -0.25807178 0.0337657928 0.407272637 0.852063596
    -0.203087509 1.55998087 0.91273433 1.09305239 0.793128312
    0.607993841 -0.599131405 0.00737184286 0.0540654659 -0.490645766
    1.03406858 -0.338713109 -0.77826649 1.43341064 -0.00484800339
    1.38207972 0.790049493 -0.674508572 1.73076701 -0.437861741
    0.530563235 1.17228794 0.378736556 0.354048371 1.43842483
    0.295705378 1.08185673 0.454615951 0.291203082 -0.632126808
    0.397140622 0.666217506 1.17193449 0.63337785 0.422722816
    -0.315672338 0.523976743 1.22049034 -0.387235701 0.665957749
    0.282132328 1.62093949 0.879894257 0.600867331 0.907364845
    0.0773786306 -0.135759056 0.46360743 1.58027411 0.918082416
    1.34794998 -0.5958215 0.71829766 0.184723973 0.741394639 0.500480533
    0.31847471 0.208103657 1.30861807 1.61439514 0.083100915 0.325050354
    1.08880806 1.01181173 0.0617215633 0.461412072 -0.45239222
    0.0338813663 1.44646752 1.28853583 -0.10670954 1.39811087
    -0.201892376 0.849678516 -0.628533363 0.00545924902 -0.0702579618
    0.458090901 1.12105453 0.567826629 -0.0117617249 0.457477391
    1.19368124 0.466935694 1.04871774 -0.439269096 -0.299989343
    1.37850404 0.959276021 0.756137192 -0.527604222 0.961505771
    0.890958011 1.05169845 -0.228023708 1.15698624 -0.151364267
    1.64393806 1.52316236 1.27352715 -0.815875828 0.15259254 1.31600189
    0.885841012 0.428036571 0.544618309 1.20568991 1.58339834 1.63717818
    0.348151326 -0.858086526 0.584392548 0.529451191 0.724771917
    0.384291887 -0.633437276 0.789863467 -0.359476477 1.3525548
    -0.56128633 -0.441533536 -0.198775351 1.76143098 -0.306206733
    -0.61379844 1.2869823 0.632981181 0.520510733 -0.551996112
    -0.540850878 1.81344342 1.30206943 1.47674477 0.136959434
    0.537433922 -0.0341855288 -0.512713909 -0.652831972 -0.475894064
    -0.103574753 0.404506207 0.0832208991 1.04357696 0.181173921
    0.369203985 0.24601841 -0.237092376 0.645252347 1.21604717
    -0.108819902 0.539309144 -0.124179304 0.595579326 1.6982528
    0.808330238 0.367716193 1.16110682 0.215236127 0.574650466
    0.805624545 0.807591617 0.710668802 1.56382465 0.290191054
    -0.626766682 -0.399717659 -0.196102291 -0.199958622 0.248627305
    -0.142019629 -0.349367976 1.80608273 0.501971424 -0.769359529
    1.47983289 -0.352242768 0.616196156 -0.476541519 0.3122769
    0.53838563 0.755739272 -0.214945138 1.64625883 0.153390408
    1.55844879 1.08171225 0.958274841 0.382782757 -0.189730883
    1.53006566 1.09522831 1.17997837 -0.29090327 -0.859518409 1.45853758
    0.948867977 0.962702394 1.13315463 0.467085004 1.30994964
    0.572606802 1.43083549 0.671821117 -0.714383543 -0.180284381
    1.25176311 0.848570466 0.868355274 0.521056592 1.05709565 1.68110919
    1.1416111 0.139902711 0.5583179 0.9777686 0.870440543 1.46993852
    0.0184667706 0.632065356 1.35662007 0.529512644 1.60267353
    1.01935673 -0.0417599082 1.66927099 1.04414892 -0.682456791
    1.54260242 0.996722341 1.48405397 1.29801488 0.746362507 1.50144386
    1.57109392 1.3378129 1.07622278 -0.389021158 0.12247479 1.24357247
    0.28418529 -0.451318294 1.16370416 1.22533238 1.3437469 -0.390290737
    1.28406858 1.09090471 -0.0691003203 -0.595821857 1.22577393
    -0.09000808 -0.589204907 -0.24383533 0.892298818 -0.723522246
    1.12013221 1.43259013 -0.112301111 0.851493359 0.82565695
    0.269875646 0.558220565 1.70299649 0.778846085 0.994812608
    -0.541064441 0.122584283 1.42581379 0.640537083 0.282567561
    1.36376691 1.59922373 -0.752341151 1.65362382 0.491490901
    0.0491008759 1.5231154 1.1054858 0.450905621 -0.79567939 1.66161084
    1.28145576 -0.487190604 -0.67842412 0.99669373 0.802073956
    -0.2633816 1.44596112 -0.261673748 -0.120414138 1.3272841
    -0.503288686 1.55201602 1.03980875 1.27449274 0.0432676673
    -0.187990963 1.08791339 -0.579969943 1.11624086 1.24411702
    0.304080009 0.367843509 1.25536656 0.453725815 1.53617072
    0.698354483 0.680627823 0.411864996 0.336770773 1.11158895
    0.533384025 -0.327474177 0.376503229 0.984779358 1.39978933
    0.261959076 -0.657499313 1.17275071 -0.52483952 1.14247417
    -0.605686665 0.751448572 0.408231258 0.571335673 0.920247018
    1.2100817 0.907467484 1.28392708 0.857345045 -0.37085557 0.836432874
    0.661522627 0.424402654 -0.0937582254 -0.572363019 -0.0685286522
    0.554052651 -0.390030444 -0.527477384 0.266024113 -0.0466537476
    0.448182881 0.516110778 -0.553090155 -0.431430548 0.446068227
    -0.137448013 -0.180381 1.58662844 0.764779031 1.73871279
    -0.614072978 -0.112712562 0.34045428 1.69289899 -0.0104529262
    0.904328465 -0.382518739 0.634731293 -0.552362919 0.853232026
    -0.530354857 1.57603586 0.744512141 1.45566559 -0.0228892565
    1.145679 0.856913328 0.410548687 1.53644705 -0.0933026671 -0.2066378
    1.21307802 -0.410131007 -0.490715325 0.843565941 0.924918056
    0.99734813 1.09151125 0.68991667 0.164620519 1.64558244 0.809542298
    -0.354825258 0.629246652 0.357872844 1.37727833 -0.415235817
    0.16583246 -0.636399925 1.6779896 0.252080798 1.41736925
    0.0880411863 0.133001208 0.623364031 1.82384062 0.398749948
    -0.335254878 0.365601778 -0.11111027 0.331734538 0.172290206
    1.73657525 -0.472160369 0.0748195052 -0.421245158 0.713335633
    -0.306501597 -0.508719444 -0.207782447 -0.137070537 1.35262704
    -0.34784326 1.60261786 0.177201629 0.239898145 1.51784229 1.01047587
    0.499283075 -0.349838167 1.30258703 -0.25224629 1.5462575
    0.784315586 0.816846967 1.00899923 -0.146779627 0.625026047
    0.141754627 1.77910626 -0.747239947 0.186990559 0.260783434
    -0.0890852809 0.699125111 0.957708061 -0.2250337 -0.0722114444
    1.24595022 1.66399312 0.34347564 0.847605288 0.914267957
    -0.0576543212 -0.831644893 1.02612591 1.66508245 0.894134998
    1.25373089 0.242521048 1.72655785 -0.820499897 0.462671697
    1.41104782 1.2935499 0.435121894 -0.247346044 1.86181569
    -0.168509841 0.819056332 1.31482375 1.04308367 -0.387568116
    -0.687014997 0.660123765 -0.70648545 -0.194036186 1.8010335
    0.600344896 -0.578764081 0.749014556 1.43694663 0.102063894
    -0.764286995 0.80122757 1.03589916 1.57944405 1.04883814 1.34881699
    0.236072123 1.09704185 -0.57225728 1.4489603 0.248270571 0.697647452
    1.1807096 -0.628591299 0.27982372 1.24186814 0.667859793 0.719541967
    -0.374269783 -0.60098964 1.50940752 -0.0544814467 -0.0302270651
    1.58647883 -0.332949281 0.944902122 0.162188709 0.230160832
    1.31869447 -0.396750659 -0.00938016176 -0.334534079 1.771209
    0.542769432 1.34101474 0.330416799 1.58457541 0.298176706
    0.608953655 1.84304821 0.157094896 0.0289959311 0.448015332
    -0.493298203 -0.320610791 0.181990087 0.0996308923 0.273686707
    0.596336663 -0.194628835 1.29798079 0.2743963 -0.243689954
    1.58027768 1.19962001 0.787526071 0.260974526 -0.312372088
    0.135025382 0.417255223 0.791723549 0.101024032 0.296123266
    1.48587537 0.728459597 0.414852083 1.64562047 1.73707795 0.023429215
    0.948290467 -0.71970737 1.6591928 -0.0413569212 0.776452065
    0.937063992 -0.12914902 1.28300452 0.550150752 -0.348706067
    1.17815816 0.912669897 0.84096241 1.650774 1.31655502 0.403598309
    0.107136071 0.513504863 -0.320696533 1.34742451 0.674764037
    0.208155334 -0.186823249 0.320736229 -0.420414358 -0.133874893
    0.896491051 1.53009033 0.513545275 1.42668366 -0.312121004
    0.246957242 0.881671786 -0.741657734 1.40870273 0.759168863
    0.136434853 0.98355788 -0.35215348 0.693978071 1.61427724 1.21114838
    -0.687633932 -0.632348537 1.36869001 1.38321722 0.0998485684
    1.58433473 -0.423328936 0.439181149 -0.549161136 1.67827511
    1.34700632 -0.21012485 1.69267046 -0.0835618973 1.34688449
    0.0442256927 1.26164675 1.86754847 0.831374943 -0.61722827
    0.459163725 -0.502740562 1.15059209 -0.864301562 0.324549139
    1.64409983 -0.119002998 0.422695994 1.90829277 -0.0406025648
    1.09379697 1.28768516 -0.750596941 1.19425821 -0.195278466
    1.30982184 -0.579941094 1.46478891 1.16458178 0.188118458 1.0488193
    0.877143681 1.76704597 0.679680347 0.99578917 -0.0712655783
    -0.144660234 1.60225677 0.1844908 1.63996077 0.00489807129
    1.69560647 0.883636475 -0.569930911 -0.142282784 0.502806962
    1.02650881 0.300254941 -0.537184596 -0.651742101 0.603459477
    1.50557995 1.2235384 -0.257742196 1.83610702 -0.286863506 1.06873322
    -0.424315959 -0.697514534 -0.187366784 1.4210484 -0.494631529
    -0.190818667 0.834068298 -0.0424810648 -0.812024057 1.53174412
    1.43983722 -0.057477951 -0.597295642 -0.329136312 1.69444418
    -0.260555029 0.447503984 1.35261869 0.679766953 -0.214935362
    -0.148048759 0.660867929 0.394423723 1.35191655 1.65923023
    0.555115819 0.476808399 -0.419306874 -0.244387865 0.786709785
    0.739143312 0.142749906 0.109540343 -0.641282916 1.58724415
    1.16609955 1.02122307 -0.0727053881 1.83683252 -0.40215081
    -0.0297583938 0.0531141162 1.3254348 0.903344572 0.517608643
    -0.455302626 1.00588489 0.500251472 1.62948036 -0.722397327
    0.780454636 0.99574995 0.744608879 0.700517833 0.740042031
    0.293622792 -0.402559042 -0.0613651872 0.811774969 1.45863247
    0.858693361 1.33816457 -0.280514002 0.677154243 0.419383049
    0.484691501 1.12662792 0.466804683 0.312329054 1.1461432 0.460974395
    -0.633464634 1.65516996 1.59687352 0.635383368 0.60733968
    0.607252896 -0.110002935 0.878732204 0.593313396 0.167287111
    0.56791085 0.395207703 0.0420098901 -0.25019753 -0.803961158
    1.49350286 1.03965855 0.670483768 -0.391176045 -0.653203785
    -0.120990455 -0.49101302 0.941789567 0.920333028 0.561515927
    -0.185771644 0.76611197 0.229915857 0.504777014 1.36680627
    0.324944615 1.03154778 1.62161922 0.768959284 0.750230074
    0.935193419 1.26258087 -0.0209854841 0.223700285 0.179043531
    0.693268776 0.756319702 1.15012026 -0.0583428144 -0.645441413
    0.0177312493 -0.597754359 0.465337932 0.23764497 0.0288814902
    0.0101722479 0.84950012 -0.48474136 -0.0615953207 -0.154164135
    0.958131611 1.57445407 0.627123594 0.434185684 0.676248074
    -0.283088446 1.3831656 0.838085949 -0.944430113 1.06023598
    0.999732018 -0.439677179 0.00273907185 1.66278195 -0.162452936
    0.372166038 0.917475164 0.0898197889 -0.384478986 -0.287758112
    0.38326174 1.78250253 0.138921916 -0.0693066716 1.51231134
    -0.376138419 0.296552002 0.985406637 -0.075099051 -0.227179825
    -0.577019691 -0.406699419 1.8672998 -0.446810365 0.693174899
    1.18592024 0.114076197 0.510043263 1.58979321 -0.0425085425
    0.221945763 1.56930661 -0.691348076 1.64947736 -0.147749364
    -0.0143208504 0.0352870226 1.23144305 0.226156354 0.103240013
    0.150210738 -0.582183957 0.88129288 0.273712575 0.492196977
    0.627768755 0.0962325335 -0.461571723 1.64933133 1.55720556
    0.766717553 0.0760018826 1.43391538 0.908019543 0.689194202
    0.607909083 -0.55672574 1.69207549 0.90270704 1.71346307 1.36674356
    0.165631592 0.506155729 0.852416813 1.13328338 0.877670884
    0.889415562 -0.5348773 0.626676857 0.800294518 -0.451916188
    0.0601902008 0.218410492 0.887264311 0.459140182 0.76502049
    -0.191627502 1.22175109 0.301979303 -0.205051005 -0.190827489
    1.59389997 0.627251565 -0.522811353 0.0143899918 0.710032344
    -0.0833936334 1.07072949 -0.141274214 0.387359142 0.480916023
    1.03290141 1.4762888 0.00276499987 1.54233479 1.00582027
    -0.138279796 0.152871907 0.347410262 0.403115571 0.156854272
    1.37539744 -0.0498991609 -0.707887113 1.40521431 0.464936733
    -0.833484709 1.59503675 0.339741707 0.660871983 -0.578295052
    1.78409147 1.34731865 0.176311374 0.249502838 -0.645744145
    1.44638622 0.0187701583 0.484974802 1.62202978 -0.503747463
    -0.537577868 1.78323364 0.441577613 0.507705212 0.336828947
    0.500008702 1.69977689 1.32351708 1.80217063 1.68613005 -0.187870979
    1.54577732 0.5802266 1.2384243 0.235230386 0.799519897 1.42648673
    0.56124717 -0.850352764 0.769904375 0.902658403 0.607360721
    0.367257059 0.0513423085 -0.444333464 -0.489042729 -0.123919189
    -0.158894598 0.375964284 -0.00368309021 -0.601550937 0.249032736
    1.35046196 0.303606808 1.77278662 1.6804533 -0.507584274 1.56227255
    1.22590458 0.811391473 1.21390343 1.43490982 0.0226807594
    -0.247820079 -0.531615496 -0.189243019 1.59466124 1.72135186
    0.840870857 1.2947638 0.443576038 -0.502808571 -0.0875731707
    1.44405735 -0.378669173 0.0273268223 -0.100646615 1.37829649
    1.45195508 -0.522119522 -0.107866764 0.185095131 -0.129864812
    -0.508777142 -0.533447504 0.084954977 -0.460294127 0.471679807
    1.77231395 -0.110339403 0.355259657 0.654369235 0.745544672
    -0.289640248 1.32721901 -0.179298103 0.683352351 1.4365375
    -0.813062787 0.10533762 -0.346238911 0.117815554 -0.888258159
    1.6387409 1.43309367 0.615035415 0.0485911965 0.0724301934
    0.603096545 1.19907904 1.16650581 1.51858306 1.58930397 0.0950570703
    1.25727212 -0.533444762 -0.551663995 0.935958803 0.939540863
    0.783563733 -0.785358667 0.848867357 0.522243083 -0.540314853
    1.24000025 0.313106179 0.319187641 1.26300967 0.554798722 1.31583214
    0.0381667018 0.801135898 1.24360061 -0.265332669 -0.332347572
    0.032392323 0.820337772 -0.262842 -0.678040862 1.48827028 1.42371309
    0.265776038 0.280810177 0.611516297 1.80586529 -0.3739492
    -0.27757287 1.32887447 0.630568802 -0.209079623 -0.219649315
    1.62543511 1.08930206 0.622426212 1.43386364 1.80400658 -0.419163197
    0.708040893 1.71742249 1.49420595 -0.438453883 1.06420612
    0.856198907 0.421000659 -0.104461193 0.429616511 -0.385951042
    0.10998106 0.458878338 1.68154788 1.79238892 -0.830663264 1.42423284
    1.34899426 1.68208694 -0.774094403 -0.238433272 -0.182834268
    0.326209903 0.0592714548 0.147013307 0.9738217 0.758131146
    1.79602003 0.549624979 -0.638635933 -0.024277389 0.904901028
    0.518013179 0.202670097 1.1458652 0.175168157 -0.136564434
    0.0159432292 0.368330777 1.65030539 1.4341104 1.74641442 0.2938416
    1.45539212 1.14958954 0.824760854 -0.832799971 1.29976034
    -0.831275702 0.529781222 0.309535086 1.51897824 0.60337919
    -0.439290762 0.383607924 0.248015285 0.116612256 -0.449061632
    -0.0839841366 0.0100257397 0.75729382 -0.680191875 -0.606813371
    -0.24491483 0.333363712 0.250165045 0.420642138 0.622574568
    -0.556648254 -0.533605337 0.49839592 -0.45860818 -0.388709217
    0.88713932 1.32626534 0.0347374678 0.670667052 0.711467266
    -0.193940699 0.53886801 -0.489909172 0.0978092551 0.875352859
    0.180202782 -0.600809574 -0.533728004 0.322493851 -0.034224987
    -0.680152714 1.50326574 -0.134030581 0.189585507 -0.62848717
    -0.195086718 -0.641973972 1.65238285 1.24070907 -0.645212233
    0.562165558 -0.0232174993 0.839564979 0.680845678 -0.318863571
    0.992118061 1.13750458 -0.196827233 0.776387393 0.201095462
    0.252887845 1.80319476 -0.661987185 1.10411966 1.73735523 0.9984712
    -0.0606924295 0.692109346 -0.357011646 -0.0052870512 -0.534775257
    1.39185762 1.56475949 0.148322225 1.04434013 -0.0916270614
    0.175862312 1.01423049 1.09893012 0.459355474 -0.340255916
    -0.624864757 -0.730236113 1.32937098 0.206487477 0.331270635
    -0.55482614 1.51482654 0.121170104 0.999310434 -0.44610858
    1.69397521 1.02970505 1.18334246 0.399240017 -0.464455038
    0.585464895 0.0956801772 0.804173946 0.19443512 -0.0935421288
    0.886214316 0.0126976371 0.8998909 0.466809332 -0.0186926126
    0.890653074 0.211802244 -0.714290738 -0.432518661 0.12845099
    1.12758374 0.230034411 -0.670183897 -0.518728137 0.616527379
    1.16385365 -0.507800162 0.405562222 -0.327141732 0.618911684
    0.118459165 1.04166985 0.422313392 -0.520953178 -0.607855558
    1.77447724 1.46785069 -0.549717486 0.601897717 0.650834084
    -0.0431296229 -0.293207109 -0.253371477 1.51388454 1.86915421
    0.482945383 0.1918782 -0.324176222 0.143212378 -0.197546899
    0.431905031 0.69320631 1.52209926 0.886735916 -0.263877064
    0.0119467378 -0.488693595 1.51821351 -0.0588752031 0.483144403
    0.0944280624 1.61589301 1.17346144 1.0013386 1.35276866
    -0.0505943298 -0.323278248 1.66278577 -0.475010604 -0.410027802
    0.713016272 -0.69278419 -0.248366833 1.52591181 -0.522139251
    -0.0824114084 1.01296878 0.170388341 1.76085854 0.214022934
    -0.642456651 0.715416133 -0.855301321 -0.0325351357 1.03300548
    0.950924039 0.0416596532 1.35590541 -0.111896813 1.18029761
    1.35105586 0.260281503 1.67658424 0.505014539 1.30980945
    -0.0884631872 -0.331320137 1.13349319 1.4304384 0.189781547
    1.45841265 -0.0151057243 1.59001112 0.355195522 0.647786081
    -0.0824253559 0.200472176 1.279773 -0.0890992284 0.886625648
    -0.0212547779 1.46823001 -0.376281887 0.277000785 0.972395599
    1.06803918 1.54561567 -0.230849028 0.272498369 -0.06038481
    1.14671421 0.0405797362 -0.286302269 0.609404445 0.161785185
    1.75735152 0.101982415 1.48258376 1.02882099 -0.426863015
    -0.435338855 -0.567309618 0.168653607 0.387555361 1.65706897
    1.36035562 0.190653741 -0.204828173 0.0485125184 0.237855136
    -0.516111135 0.437999308 -0.301237702 -0.240679681 -0.341771752
    0.878359675 0.00825643539 1.23083258 0.610163271 -0.506429076
    1.42680955 -0.0488016009 1.27006423 1.62367082 1.08001328
    0.294170082 0.593762994 0.860685945 -0.160544991 0.377932012
    0.261611164 0.397774696 1.18285251 1.14242721 0.0940232873
    1.29659891 1.23822641 -0.696658134 -0.641346991 -0.107897282
    -0.319095224 1.108325 -0.534025192 1.80850923 1.69380736 1.54074836
    1.37269056 0.698596895 0.791798174 1.71329379 -0.252657861
    0.052801311 0.287704647 1.64017463 -0.489985138 1.20795274
    0.27427423 1.60473585 1.84216177 0.189812183 1.1552937 0.317459285
    0.447953761 0.992249012 0.168196142 0.898910582 0.27184093
    0.689020395 1.5511713 -0.314454228 0.148107767 1.79068875
    0.974322021 1.37259984 1.18113792 -0.458899319 0.332574487
    0.0265658498 1.49164271 0.677620411 -0.180357814 0.392847955
    0.516759098 -0.475288332 0.748305559 0.435343027 0.681853116
    0.304735005 0.518643796 -0.175898373 0.458092809 1.39474177
    1.34614003 1.5817883 -0.0648248196 0.459774435 0.411842585
    0.507706344 0.933829427 0.553657353 -0.192813635 -0.120471001
    1.21043825 -0.267015815 -0.0271634459 1.54230821 1.02602184
    1.54085469 0.848398983 -0.2547189 0.534869373 -0.430950701
    -0.771901608 0.140250146 -0.0321298838 0.796646297 1.25132847
    0.270041287 -0.458970159 0.278969586 0.239229858 1.65606964
    -0.247888267 -0.553983092 1.11537981 1.51644969 -0.56723249
    1.64488268 0.214933753 0.273974657 0.95102644 -0.63121438 1.44101834
    1.32640541 0.671026707 0.656508744 0.821444631 1.09853709
    -0.598059833 0.0547541976 0.227341056 -0.700237632 -0.495608389
    -0.441207916 0.16267103 0.488372684 0.986898422 0.138211548
    -0.0807744861 -0.147543252 1.40510058 1.91621733 0.315372646
    -0.312103778 0.437765479 -0.294910848 0.700206935 1.1538142
    1.27385342 1.50998092 0.593394756 1.52817631 -0.612952888 1.18194795
    1.4001224 1.42652714 -0.561542988 1.82216775 1.47424686 1.70513773
    0.0326681733 0.592551351 0.556099117 0.665137053 0.417977393
    0.509842813 -0.487191498 0.350613236 0.395146191 -0.464587927
    0.528464556 0.633671165 -0.250465423 0.74891907 1.15412426 1.7087574
    -0.687879324 0.979892671 1.44591904 0.1073488 0.983567834 1.08699727
    -0.812556148 0.739587665 1.08867002 1.53422093 0.817720711
    -0.424417466 0.637227774 0.9320243 -0.403144777 0.815317512
    1.69043899 0.448897243 -0.444176376 -0.386492133 1.42878616
    1.14048719 1.10829425 1.1782409 0.905484378 1.62616551 -0.0384722948
    1.147475 0.239411294 1.37006855 1.16022182 -0.809669375 -0.794106901
    -0.534130573 1.57406974 0.782469451 0.291892946 0.734170437
    0.740138412 0.37618506 -0.708249509 0.883499146 0.885180056
    0.366304278 1.16686535 0.757327199 -0.0152053833 0.538473904
    0.776412129 0.151564419 1.31197906 -0.493602037 1.04279876
    -0.245461404 1.6679697 -0.720577717 -0.332124799 -0.478697777
    -0.643707693 1.0558126 -0.77541554 1.05684948 1.62728357 0.623503923
    -0.0524685383 0.803054035 0.926707387 0.462538242 -0.691292405
    -0.530037701 0.564043105 -0.482049823 1.61348891 1.4897722
    -0.0807832479 0.691311896 0.271443009 1.70298028 1.71538448
    0.434530735 0.839121163 0.937048614 -0.194289565 0.61463064
    -0.257356822 -0.649607956 1.58204222 1.7284404 -0.573086262
    1.02691889 0.0975854993 -0.640023649 0.78898114 0.317856133
    1.1640327 1.0691278 0.188962579 0.323250532 -0.19415766 0.779318154
    -0.505757868 -0.266992807 1.71940374 0.623409986 1.22379541
    0.39737457 0.0596669912 1.06944466 -0.581634283 1.71594 -0.21725139
    0.441596508 -0.0882949829 -0.460023314 -0.710443079 0.0517752171
    1.00663543 0.539565563 -0.186812609 0.00758087635 -0.0188955069
    -0.555440485 1.50333047 1.15357685 0.449687481 0.91145277
    -0.673241496 -0.51758343 0.720906436 0.765858173 0.142939031
    0.737672091 1.27831936 1.56680846 1.44159985 0.313237011 0.130137682
    -0.326599032 -0.249098659 -0.263744891 1.53461504 0.924259603
    0.971838534 -0.381381184 1.16265821 0.451820254 1.53470981
    0.0805157423 1.20718884 0.903229475 0.90176338 0.727416337
    -0.276318312 0.159094572 1.11074066 0.830334067 1.50726831
    1.70890927 0.835925698 -0.252201378 -0.51287353 0.830420613
    0.79563266 -0.611102462 0.240662396 0.746568739 -0.0255727172
    0.685441375 -0.166712463 1.52644444 -0.0485538244 -0.321843982
    0.330892622 1.79543185 0.0791037679 0.497931659 0.953626215
    0.362869084 1.12970805 1.4037199 0.656692088 1.58680654 -0.497002363
    -0.0278129578 1.33042204 0.217159748 0.407575727 -0.271920979
    1.34296155 1.25425136 0.629060149 1.31245065 1.6220274 1.39037442
    -0.587526798 1.20316708 0.957064748 -0.495765418 1.03217185
    1.70383942 0.368296742 -0.0257095098 1.42298031 1.44750619
    -0.239066303 -0.322914481 -0.00638610125 0.451136947 -0.563697755
    1.72297275 1.7247107 0.809823632 1.05070591 -0.137502253 1.1467669
    1.54249716 0.15050602 -0.32459411 1.16508269 -0.517683804 1.22217417
    -0.0895376801 -0.030333519 -0.215876222 0.0729933381 1.42310739
    0.247763097 0.139348447 0.296352863 1.5375452 -0.497650295
    1.52346396 1.63632536 -0.507746935 1.65912724 -0.604206145
    0.577843547 -0.65026778 0.111951888 0.107901752 -0.385596037
    1.33891213 -0.0448511839 0.489458084 1.27530897 -0.123356283
    1.39770412 -0.115459621 -0.604876459 0.214542508 -0.00507122278
    -0.109190404 0.194892645 -0.551146388 0.076459825 0.639668047
    1.58327734 -0.195797384 0.762895226 0.333212852 0.515832067
    0.693377316 1.43410826 0.846672058 0.840442598 0.426063657
    0.0228588581 -0.512846828 -0.153566718 1.55810213 1.39592075
    0.486319363 -0.238901794 1.54794312 -0.178534746 -0.436851561
    1.13928187 1.33752859 -0.674708605 0.112616241 1.76131129
    -0.647457421 -0.689429879 -0.543682039 1.4190613 0.504742742
    0.131821573 -0.650173903 -0.690495968 0.489284933 1.37130082
    1.23361516 -0.429862082 0.898864388 0.440668285 1.54103112
    0.233377099 1.42411911 -0.445735514 0.558946371 0.22948724
    0.431897521 -0.375610948 0.651034594 0.617101312 1.34709215
    1.04396081 -0.193494916 1.04333639 1.17591834 -0.0601781607
    -0.415695727 1.59838986 1.21032047 1.7606827 0.583856285 0.843977988
    -0.184205413 0.673467875 1.23741817 0.665479362 -0.734023452
    0.877651751 0.974654138 -0.727268815 -0.384026259 1.46332622
    0.22500217 -0.02993536 -0.654614866 1.52760243 1.06237268
    -0.517867148 -0.617130876 1.02123356 -0.439219892 -0.606888413
    0.437218726 1.21371484 1.09586191 0.201657295 0.79915303 1.58444929
    1.63828707 1.14775538 0.200431406 0.928931594 0.219627202
    -0.291974485 1.79678833 -0.727888227 0.0458455086 -0.476198375
    0.963151872 1.01593149 -0.0122927427 -0.480369002 1.40687203
    -0.653664231 -0.354537994 -0.701874793 0.0158424377 0.954904556
    -0.10028857 1.16936851 0.59769094 1.19190717 0.24727124 -0.525618672
    1.65226245 -0.801229179 0.988599598 -0.180107713 -0.577707171
    1.4473331 0.570334375 -0.231818438 -0.485495389 1.27970314
    0.658290446 0.204515636 0.246270955 0.932384729 0.763527691
    0.630645692 1.61803663 -0.705830872 1.16576469 0.379849255
    -0.186071754 -0.717406988 1.3011446 -0.207431853 0.546825826
    1.33023787 0.287083387 1.41648459 -0.708419681 0.223133087
    0.432065308 0.073590517 0.49574858 0.801721573 0.2479496 0.748865306
    1.60698509 -0.149479806 -0.677049041 -0.638675332 0.251944363
    1.70316696 0.911768138 -0.456201702 -0.511116028 0.621465802
    0.281701803 0.318358421 1.7137661 0.10187149 1.34414935 1.43268681
    -0.522454858 -0.0151768923 0.994121969 0.188578844 0.955839336
    -0.45539242 -0.252276868 1.28549695 -0.531999111 1.67865217
    -0.405044615 -0.462671071 -0.369007766 -0.604110658 -0.122806013
    0.555915594 1.87858438 0.864472866 -0.262473345 1.27976036
    1.32244015 0.168073118 0.883648515 0.267431557 1.57927597
    0.0192317367 -0.573912501 -0.515079498 -0.25999108 -0.0947360396
    1.67271912 -0.532577395 0.877181053 0.188648403 0.64152503
    -0.381910503 0.897353768 -0.0733913183 1.1029563 1.48611903
    0.148615837 -0.56473881 0.728117883 1.37248278 0.100766838
    -0.285290688 0.779772162 0.841963053 0.516243815 1.55169153
    -0.561365664 1.70206833 0.113400638 0.790180445 0.946881711
    0.379686415 -0.37075603 -0.583743215 0.207209349 1.59791243
    1.06939209 0.364622951 0.404603243 -0.234957159 -0.371791154
    0.13714093 -0.0475246906 0.0818050504 -0.607261419 0.620073199
    1.5508616 -0.0700160861 0.126452923 0.526466429 -0.253169
    -0.253732979 0.661318123 0.924427748 -0.206480503 1.44062805
    0.618711591 0.188323796 1.08278215 -0.181086719 1.69254494
    1.79483569 1.63583255 1.73814368 -0.366536379 1.27134943 1.30601001
    0.357268751 0.541147411 1.44644618 0.267500103 1.02601707 1.34402156
    0.656523049 1.54045928 0.0309417844 0.325747669 -0.206190437
    -0.295201957 0.869312525 1.22976351 -0.359874398 0.440316021
    1.26613522 0.912264287 -0.172466695 0.81622678 1.32714534 0.80635041
    0.853713691 0.580768347 0.974116445 0.421590745 0.416393816
    -0.226916432 1.38483858 0.162942529 1.27988553 1.47889185 1.69115829
    0.982491434 -0.267333746 -0.0708130002 0.479080319 0.809666097
    1.49348497 1.18500757 0.466493607 0.809955478 0.591222942
    -0.64584142 0.0550532341 -0.275479615 0.716718435 1.17026877
    -0.553951323 0.528155684 0.223345876 0.989509404 -0.713477433
    0.503913641 -0.298451841 -0.0963021517 0.597892582 -0.541884303
    0.842799425 1.52236629 0.996435344 1.34409046 1.59716964
    -0.667294741 0.126296639 1.09356606 0.168658972 -0.22573632
    1.5271132 1.76185322 1.6542201 -0.678496242 -0.0068089366
    0.947479188 0.0818881989 0.899488926 0.878413379 -0.301219106
    1.6210134 -0.0891917944 -0.181298256 0.760313928 1.2742126
    0.208749354 1.53532052 0.627729833 1.39288354 -0.120764077
    0.186062157 -0.390779674 0.13323158 1.82241488 -0.371280819
    0.851333261 0.925489247 -0.440867275 0.0890403986 0.0895974636
    -0.676167428 0.431059599 1.72462773 -0.0340945721 0.786238253
    1.15244675 0.265753388 1.06095111 -0.369636655 -0.309198499
    0.298434913 0.912777603 0.00973838568 1.31074524 1.14902604
    1.73070049 1.42283762 1.28257036 0.727925539 0.136154294 1.53043151
    0.369046211 0.768958747 -0.300927311 1.6617626 -0.572783411
    0.780135334 0.344842136 1.07621026 0.285582423 0.162858188
    0.565645754 1.33626199 1.69618201 -0.409924865 -0.61747992
    1.06472874 0.74570632 1.46490073 1.42126942 -0.157841563 0.046094656
    1.59723985 1.62611127 0.303372979 1.41890407 -0.0411378145
    0.852298021 1.51426911 -0.162865698 0.949055076 0.619481266
    0.550958693 0.905061841 1.00087607 1.55904984 -0.624826312
    -0.641576648 1.6801194 0.584738314 1.70595801 0.58998841 1.07328582
    0.734769285 -0.64615947 0.987182617 1.28208065 -0.56635505
    -0.377607852 0.982421517 1.59357119 0.0164041519 0.812844872
    -0.332919419 0.33774513 1.4727273 1.73600268 0.526616156
    0.0339749455 0.0775419474 0.265087903 -0.776613832 0.509615421
    0.12626791 0.872238278 -0.252866209 0.767573655 -0.615618467
    1.21254957 1.19432139 1.3201493 1.5301398 -0.0100690126 0.101781785
    -0.382597953 0.556628704 -0.61835742 0.151157379 1.25998616
    0.592235625 0.0723386407 -0.302737772 0.12593174 0.826120853
    -0.0554962158 0.240458608 0.557649195 0.884547472 -0.580531299
    1.00225902 0.599619627 -0.478960812 0.675994813 1.3407824
    0.202901065 1.57485533 -0.481233567 0.667457461 0.591038585
    0.987743497 1.7220602 0.143471301 0.332615197 0.224030614 1.69126105
    1.41929495 -0.11498934 0.790949941 1.21349001 0.0430742502
    0.628261268 0.139796972 -0.0246377587 0.417082846 1.12124896
    0.741657317 -0.495753735 -0.0838701725 0.716911793 1.47281492
    1.63193727 0.149615288 -0.168608725 0.0397670865 -0.813333213
    1.64146733 1.38200474 0.648870647 1.00688696 -0.0443444252
    0.364869893 0.547875762 0.533363163 -0.689578652 0.00872528553
    0.980937421 -0.468848288 -0.486682385 0.336520493 0.30674541
    1.22477078 0.699803174 1.10129237 -0.439463973 -0.101395488
    0.360031664 0.45159179 -0.537885725 0.12669611 0.0284373164
    0.657142878 -0.0910362005 1.17893386 -0.324638128 0.549479365
    1.064219 0.81007427 0.0934261084 -0.39797461 -0.355574578
    0.690193057 -0.312209159 -0.27609235 0.292408049 -0.65768522
    -0.582246244 0.0873699188 0.1104182 0.910124302 0.981384993
    -0.730475008 1.67286682 -0.0797808766 0.246917188 1.54842997
    0.743242383 1.32370245 1.39812326 -0.141057253 0.105981708
    -0.172529131 0.75135684 -0.325985074 1.20814157 -0.23309347
    1.68956804 1.56662583 -0.701937139 0.675764859 1.55222023
    -0.45620358 -0.335319906 1.14955235 1.09435582 1.02781427
    -0.713961899 -0.563839972 0.810141504 -0.588265538 -0.638408184
    0.0540357232 0.893680573 0.427240014 0.931474745 1.67080998
    1.70076048 -0.414954036 -0.432018876 0.723196566 1.33895552
    0.866436183 0.700094759 0.517203689 0.717054427 1.17691231 1.1003561
    0.318327248 -0.43095535 1.02091181 0.767321348 0.328245461
    0.626548111 -0.211341798 -0.721139252 -0.745362163 1.41439438
    0.427648783 -0.369081199 1.67429662 -0.282642245 0.324678183
    0.438094556 0.812841773 0.406396985 -0.462985396 -0.197852373
    1.63677001 0.453490555 -0.514438272 -0.217722476 0.241992295
    1.49540782 -0.106506228 1.3596077 1.50715375 -0.210933685
    0.533221245 -0.694878578 1.34041905 1.00247192 -0.235714734
    0.476028442 0.238360405 -0.455291361 0.858868301 0.213386953
    0.576300085 -0.480399758 0.734728038 0.290842712 1.58664727
    0.146940589 -0.148625553 1.13494945 0.187554657 1.26656651
    -0.530246019 -0.405916631 -0.279776216 1.45922232 -0.510056913
    0.586531222 1.77843952 -0.52721262 1.0816983 0.790330946 1.08761466
    1.08060479 0.777191579 0.0609596968 0.685099721 1.41577578
    0.874307454 -0.498891532 0.231860578 -0.342589498 -0.577449024
    1.7103579 1.0987854 0.610694706 1.14839959 -0.618765831 1.01256454
    -0.538421392 0.690505981 -0.482468098 -0.102585912 0.598901272
    1.38416743 -0.24489215 0.901140332 0.294579148 -0.566059232
    -0.551635683 -0.144141436 1.0757165 0.0227662921 0.16941148
    -0.0915185809 0.138434708 1.65210807 1.05557513 1.18896842
    -0.175358236 0.501488745 0.701246858 1.50500846 1.7993716
    -0.687427998 -0.0783134699 0.665683329 0.320903718 0.571555018
    1.14952612 -0.400783151 -0.24168545 0.369684517 -0.0840661526
    0.577063203 1.68547511 -0.444511652 1.32270789 0.0807132125
    -0.368448198 1.34558499 -0.56536746 -0.0809640288 1.01680148
    1.0321393 1.55598998 -0.476142257 0.165112436 1.60563111
    -0.439746678 0.450742066 -0.100460649 -0.263860285 0.180542707
    0.79172796 -0.237494707 1.41314697 0.304683149 1.68872929 1.081442
    -0.557124138 0.644390106 -0.555218458 1.05577075 1.50153005
    -0.42212224 1.63491631 1.00366783 -0.177419543 0.883230925
    -0.362422228 1.68492126 -0.24816072 1.19353878 0.528921247
    -0.103012025 -0.634697318 0.930961907 1.5612793 -0.110126972
    -0.226437867 -0.115752876 0.73892206 0.790638685 1.67646897
    1.14334357 1.01501489 -0.340313733 1.29200673 -0.613744736
    1.70005822 1.10280609 -0.675653577 1.01454782 0.119118512
    -0.793048978 -0.305364966 1.80624521 0.447798848 1.05958319
    1.70857692 -0.739160657 0.0691375732 0.251226127 -0.471655399
    0.135619938 0.853756726 -0.705617666 0.1338498 0.71070075
    -0.216025233 1.78085995 1.0011797 0.458418489 -0.688237131
    0.127404571 0.857681096 1.69216752 1.6769073 0.262721598 0.294974923
    0.285075784 0.435219169 1.40982604 1.33921647 1.01540661
    -0.000946760178 1.40661061 1.58118856 1.70735848 0.10356003
    -0.804748595 1.59780955 0.628515065 0.32735163 0.559837282
    0.927423596 0.906311333 -0.0106287599 0.482663512 -0.657518983
    0.832848251 -0.288335919 -0.0355403423 1.37523079 1.08460093
    -0.560604215 1.33101749 -0.498798013 -0.351050109 -0.117230743
    1.12487674 0.370760739 1.52121544 0.709783316 1.69424033 0.957009852
    -0.106097341 0.45047754 -0.228171378 0.476579249 -0.417115808
    1.61614919 1.44910812 0.128420651 1.17076528 1.2295177 0.403822243
    -0.235964477 0.934391558 1.53998852 1.69127047 -0.419393003
    -0.269725919 -0.400178045 -0.366333812 0.193855345 -0.442117482
    -0.613008618 0.839544892 1.54706407 0.104361117 -0.73417151
    1.34903026 0.271027625 -0.569792867 1.52676868 -0.532013297
    0.713083863 1.53653383 1.81205511 -0.584243715 0.170437038
    0.246800184 0.190259397 1.68024826 0.13732028 0.706886232 1.66402936
    1.3131994 0.630631566 1.57329988 0.422026396 -0.251150668
    -0.0626981258 -0.449308813 1.71004009 -0.331726193 1.3309443
    -0.151501417 0.106489301 1.04548788 -0.540369034 -0.10334456
    1.29813516 -0.147653997 0.674248278 0.986664295 1.56971681
    -0.217054844 0.27863723 -0.530115485 0.133404732 1.77997255
    1.48429906 -0.700378597 0.35397464 1.7222743 1.32360625 -0.165130019
    0.223360121 1.80652142 0.617771864 0.849823833 0.848296165
    0.191523015 1.00636172 0.194218934 -0.500935793 0.402332723
    -0.564035058 -0.766078413 1.07477796 -0.721839249 1.11176682
    1.58825147 0.332892835 0.107235193 0.34723556 -0.165307939
    -0.766634107 1.19114947 -0.673957348 0.725001335 1.38925934
    -0.419899732 1.27860141 1.85907459 -0.658196807 -0.208877951
    0.830774367 -0.55644697 0.426737368 -0.488108009 0.335284472
    1.84103823 0.0666402578 0.740503073 -0.669673681 0.350430012
    0.949964285 0.283386946 0.0344638824 1.52606547 -0.282408535
    -0.737344444 -0.204991579 1.8033042 1.15299821 -0.456697851
    1.23857212 0.797576547 1.10334289 0.495562077 0.758640528
    -0.160006225 -0.304539859 0.132998049 0.761030614 1.56960189
    1.44509768 1.25344396 1.65284228 -0.124230981 -0.214340329
    -0.241515636 0.721993387 1.59430289 1.06110907 -0.570183635
    0.660839438 0.663271546 -0.213571787 0.447588444 1.47245955
    -0.496854603 1.68843317 1.84546173 -0.635063291 0.844687223
    -0.188681722 0.794398487 0.880322456 -0.76862061 -0.755001426
    1.20861912 0.468903124 0.38890785 0.102449238 0.698995352
    -0.536922991 0.422408462 1.13470125 1.03152132 -0.137302697
    0.21178329 0.199951291 0.922052205 0.560089469 0.529271245
    0.665061414 0.0883078575 1.53151286 1.82145631 0.066421628
    -0.316225857 0.77721709 0.330951333 0.684792936 -0.594275594
    1.37160802 0.0326829553 0.652665913 1.44626033 -0.515752435
    -0.322570205 0.584047496 -0.407520562 0.343616724 0.779300511
    0.326588333 1.10993838 1.22210884 1.23100162 1.39385509 0.115653574
    -0.731772721 0.428780913 0.999032915 1.11703753 0.533626258
    1.7015326 1.49136043 1.71546197 0.311536074 0.656982958 0.962232172
    1.12874138 0.567804754 0.82016331 0.577471316 0.762350678
    -0.0841723084 0.791784406 -0.301499218 0.977063239 1.32276869
    0.0939188004 0.836949766 -0.0273613334 1.76404738 0.410554588
    0.232367992 -0.283840716 1.14078307 0.368873537 0.079821527
    -0.29389295 0.604761422 0.305998087 0.197362781 0.872249544
    0.597240627 -0.549495757 -0.648729503 0.491703689 0.947357655
    1.13310361 -0.343211621 1.4479599 0.80877763 -0.0906144977
    0.200554311 -0.0490351319 0.0355368257 1.66571832 -0.258356243
    0.627435267 -0.356732875 0.0295170546 0.828479171 -0.110811651
    0.392070651 1.56887507 0.635218501 0.327838182 1.44404101 1.43354821
    0.167505443 1.49509001 -0.829795837 1.01167464 -0.652171791
    1.12702227 -0.729729414 1.08228087 -0.721908331 0.54945761
    1.38964891 -0.453829914 1.63327885 1.65442336 0.180954337
    0.547162652 0.930479944 -0.509682655 1.59247434 0.23178035
    0.337825179 -0.106921732 1.17603123 0.765597582 1.41070986
    1.59299946 1.1229353 0.442041457 -0.0804123282 -0.606667876
    0.892145813 0.53281635 1.34577394 1.6103847 0.991113245 0.0647770762
    -0.215126991 0.977539062 1.49343419 1.42846 1.37940216 -0.760555208
    -0.729752183 1.81976986 -0.251848549 -0.375816405 0.8068012
    0.573191762 1.74352598 1.59011734 0.745477915 0.134233057
    0.920831144 1.73033071 -0.786790073 -0.308114946 0.0395632982
    1.00961065 -0.625944257 0.899955451 0.90343231 -0.689818978
    -0.587416232 0.736943483 -0.135395944 0.207744777 0.903746367
    -0.54997617 1.78129077 -0.0506386161 1.54114735 -0.15750128
    -0.139034033 1.28631473 -0.817358136 -0.620399714 1.48631167
    0.487683237 1.14614749 1.48126197 0.0490040183 0.815554082
    -0.893312275 1.38103533 1.58473349 -0.130780578 -0.138439536
    1.19481611 0.616566062 0.0993910432 0.911637545 -0.70629251
    0.309202075 0.0120182037 1.81229186 0.881771684 -0.336511999
    1.4949683 -0.0284142494 -0.29564622 -0.376878351 -0.537479758
    0.811197579 0.369168818 1.77210045 1.4213326 0.752643645 0.97182703
    1.45260835 -0.184833586 0.80338949 1.1777091 0.800391495
    -0.657934964 -0.5101524 0.345890284 1.54136634 0.560587525
    0.676980495 -0.215939641 -0.196832716 0.54253459 1.11962819
    0.153266728 0.628408849 1.14309871 0.595017016 0.37441355
    0.457404256 0.0927425623 0.39020282 1.54995036 -0.184132636
    1.35455799 -0.292277068 0.393106163 0.311915278 1.2603035
    -0.760053575 1.12717021 1.20909715 1.61557591 -0.180851698
    -0.634758651 -0.39697051 0.359320819 0.991880119 1.13709736
    0.926153243 -0.153986454 -0.212110579 -0.336181343 1.08229709
    1.33633709 -0.521868587 0.0388506055 0.913727164 0.443796337
    -0.033931613 0.343326271 0.605090439 -0.144141912 1.31713629
    1.00971079 0.471153677 1.19730687 1.74624705 -0.138166308
    -0.0661713481 1.37685513 0.317893267 -0.244779676 0.373083889
    0.20961231 0.854133666 0.939534605 1.29672956 1.36548054
    -0.680864334 -0.80055213 -0.327239633 0.655805111 0.694325626
    1.06371868 -0.588278353 1.39879704 -0.202558994 1.13700986
    1.53719044 -0.545793295 -0.625192523 -0.573987842 -0.393731356
    0.528332949 -0.254053056 1.49765158 0.43082726 1.47155285
    0.386630416 -0.674416184 -0.497410774 -0.0754073858 1.044572
    1.32019353 1.22240531 -0.278431177 -0.655859888 -0.760762095
    1.76856101 0.760892272 0.0066587925 -0.304214358 -0.320053101
    0.303940296 -0.0162203312 0.1320346 -0.0125464797 0.309664667
    -0.04055655 0.267407119 0.411447048 -0.699340105 1.36327863
    1.48361611 0.141834021 0.983335853 0.116349638 -0.397246212
    -0.161413074 -0.108443737 0.771974206 -0.387748778 -0.530570686
    0.332977057 0.133065999 0.704199553 0.783209682 1.75484228
    0.283129334 0.624767005 -0.158920765 -0.306866348 1.21449733
    -0.0986933708 -0.0779033899 -0.693961799 0.890715659 1.15747452
    -0.334296703 0.774460316 0.752941728 -0.424283117 -0.136746645
    0.483397782 0.874773502 0.736175716 0.872977674 -0.136864126
    -0.663273692 1.09249592 1.27971196 0.732843816 0.473632395
    -0.345644295 1.73882151 0.826769054 -0.256894946 -0.404397517
    0.763660789 0.918353438 0.216671646 -0.334942907 1.12802279
    0.208958089 1.53773141 1.04737055 -0.378323793 0.0104887486
    0.325707197 -0.532741547 1.76792693 1.39319491 -0.486137569
    0.78224653 0.416034937 -0.282618344 0.432171583 1.02449059
    1.33931231 -0.0125121474 0.935907662 -0.779886365 1.36686301
    0.86802721 1.20878947 0.929171383 1.41024208 -0.714129686 1.65903449
    0.822858572 -0.0322064161 -0.613268316 1.31965661 -0.467069119
    -0.289317906 1.39044714 -0.681727648 -0.870420456 1.22297645
    1.10734606 1.30711496 1.16890109 1.5738833 1.4983505 0.862652957
    1.53904867 1.69748282 -0.230119228 1.07148802 -0.239518404
    0.247704387 1.45904887 1.67595649 -0.415750265 1.55455446 0.20045042
    0.785278738 -0.50103873 -0.71766746 1.17698216 1.45197153 1.46610796
    0.974156618 0.873869121 -0.666817904 -0.125982523 -0.604994416
    0.944624484 0.41000402 1.51628268 0.68237412 0.208626509
    -0.247053981 1.62568045 -0.0244941711 1.2984302 1.24015927
    1.04781795 0.706558108 0.660039485 -0.680132449 -0.595670223
    -0.149559975 0.759978354 0.0263466835 0.323583663 0.755524635
    -0.474404812 1.11049485 -0.232092261 -0.644053876 0.267173052
    1.62052941 1.23754621 -0.324284852 0.179199398 0.83371985
    -0.0768353343 0.862227142 -0.081055522 1.25798941 0.507964075
    -0.59355247 1.68011308 1.01284909 -0.541416466 1.209553 -0.11005348
    1.40973783 -0.537091136 1.20969319 0.445304573 0.386832058
    -0.0538054109 1.56357956 -0.424400985 1.58718538 0.623848677
    -0.455606878 0.916848302 1.63046813 -0.124688685 1.09610784
    0.805261672 1.07709074 0.506456435 0.40642792 -0.732250094
    1.60513937 1.1773783 0.546713412 1.2324903 1.63131094 -0.0572932363
    0.330340445 1.7160871 0.0680440664 1.45151329 0.433657587
    0.722307026 0.252307236 1.13472605 0.290332139 1.39217651
    0.893393934 0.88423413 1.24796748 0.609587133 -0.500877619
    -0.149412036 1.45758057 0.840794504 -0.745528936 0.153595269
    0.635843277 1.57973826 1.39711833 0.948410451 -0.380040437
    0.131985307 -0.43305096 1.69061601 -0.116725981 1.34470868
    1.19318247 1.07742071 -0.437219173 1.09443617 0.349663079
    0.650953233 1.25362277 0.00907182693 -0.371257752 -0.526743829
    1.59912038 1.03807569 -0.460058689 0.559867382 0.261614501
    0.479526579 0.186349034 1.72284508 0.537676394 0.121309221
    0.765305936 0.354971647 1.11541271 1.13083899 -0.486190408
    0.596050084 0.905407667 0.809336007 -0.7690413 1.55039215 1.77811575
    1.06463099 -0.724010527 -0.468061954 0.599393249 1.44493699
    0.705483735 0.151001394 0.0680513382 -0.539283276 0.0297361612
    1.30406451 0.262746453 0.271400869 0.369627178 0.783138394
    0.769300103 0.188044548 0.138707161 -0.0632253885 0.502728701
    -0.641722679 1.36856937 0.592022955 0.355814457 1.26350427
    -0.574353397 -0.0898732543 0.895385444 -0.703889072 1.59650493
    0.729307353 0.294017553 0.371000528 0.170785308 -0.0576440692
    1.69350934 0.984167457 0.922935307 -0.292450279 1.34442687
    -0.447710633 -0.480962425 0.258413792 0.961482286 0.233923495
    0.790210485 1.5482688 -0.261105478 0.490971506 -0.590544999
    0.690710068 1.75254071 0.118995726 -0.726862848 0.998237908
    1.53249478 1.48941183 -0.131885588 1.58986592 1.14660311 1.47947693
    0.20533967 1.09030485 0.445580959 0.0769019723 1.12023103 1.28366983
    -0.196466208 0.687374294 0.763043821 -0.649960995 0.282205939
    -0.632066786 0.0461572409 -0.153101683 1.61737823 1.51487362
    0.293980539 0.23303479 1.51541197 1.23197269 1.04443455 1.52307999
    -0.412953347 -0.338341713 -0.00369620323 0.378617644 0.585607886
    -0.00306296349 -0.776206195 1.13588285 0.766456664 0.909337461
    -0.415519267 0.795990825 0.750332415 0.806023538 0.999495268
    -0.921472847 0.37256211 0.387082756 -0.362542868 0.856280565
    0.691991568 1.19822979 0.00225239992 0.144042969 0.611058772
    0.0889986157 1.23073316 1.01093864 1.17231071 -0.194829583
    -0.460722089 -0.771060705 0.749252915 -0.00330358744 -0.519831359
    0.822632849 1.44531775 -0.447024345 0.18327409 0.818310499
    1.62394857 1.48716831 0.512323678 0.304398358 1.21446538 1.71025109
    1.47537303 0.545133531 -0.557676911 1.10719109 0.85507679
    -0.0738705397 1.45510936 0.271065414 1.4718926 1.29920232 1.49266553
    1.67296505 0.209065497 0.531166971 0.450256169 1.35367894 1.56085277
    0.168681204 1.82210827 1.84818196 1.72571516 -0.382627487
    -0.767442763 -0.232534826 0.860960186 1.48020554 1.50969744
    1.02582324 0.23654598 0.318385184 -0.312973291 0.855830669
    0.0924895406 0.398139894 1.00552654 0.345946848 -0.696396351
    -0.0276253819 1.45996177 1.65306365 -0.428262711 0.195235789
    0.292642057 0.477761686 -0.492088646 1.65971506 1.3591429
    0.554319143 1.12480879 1.31424117 0.484967291 -0.179383278
    1.20969033 -0.0756663084 1.4040755 0.0584142208 0.169116616
    0.930722952 1.35826814 1.38793612 0.345036805 -0.451672614
    0.232589304 -0.477435648 1.07417655 0.845659912 0.332629263
    1.33624268 1.05070066 0.784250319 -0.680643439 1.70356774 1.68054712
    -0.673783958 0.49654007 1.1921556 0.239882827 -0.0321183801
    0.479695976 0.233365178 0.0353146791 -0.0261222124 1.09499347
    1.30629945 0.0936176181 -0.0527082682 -0.0750377774 -0.63855052
    -0.627620399 1.0450778 -0.0689632297 0.598982036 0.245695531
    0.479289532 1.57094467 1.12273741 -0.592309117 1.74485767
    0.411528707 -0.589311719 0.863165975 -0.230643988 1.23885226
    -0.310909033 1.13954163 -0.151413441 -0.317082673 -0.659929752
    1.66123807 1.31616938 1.53390276 0.536160827 0.692054391
    -0.206358135 1.24162138 1.27293634 -0.61969322 1.63956022
    -0.279788822 0.528817475 -0.0925806165 0.380144775 -0.445820332
    1.03852606 0.176814914 -0.616587639 0.672057152 1.05982161
    0.732868016 1.59000254 -0.0989317894 0.998131692 -0.539002955
    -0.588727176 0.757821321 1.57980037 1.35342956 0.620380282
    -0.0788020492 0.083444953 0.0932795405 1.31713748 1.61063731
    1.53350353 1.0971055 0.764357448 1.80733418 -0.144614875 0.329955161
    1.17239845 0.990739942 -0.528661251 0.870034575 -0.316176146
    0.645474195 -0.335489005 0.747817397 0.361963451 1.07151675
    -0.709194839 1.75503969 1.18116581 -0.17796582 1.38235343 1.73685694
    0.401773632 1.16671991 0.931670308 -0.604809761 0.970625341
    0.89890784 0.744427264 -0.819832802 1.52842259 1.65343046
    -0.419663787 -0.408876359 0.441038549 1.58341384 -0.262801141
    0.972002625 -0.425753027 1.40409136 0.184841335 -0.185773551
    0.585346103 0.522824705 -0.0715017319 0.994276941 -0.59766525
    1.52104008 1.52276206 0.678914785 1.01772094 1.73081374 -0.208948642
    0.0807561874 0.576203287 0.594451368 0.983298063 0.309200644
    -0.16551584 1.48716092 0.45080632 -0.774717391 0.621769786
    1.30208302 0.0954088569 -0.805095077 -0.604082406 1.29015291
    1.42848027 -0.762645185 0.401642263 1.09140396 0.284936249
    1.55036771 1.52913129 0.360156715 -0.168420434 -0.569743693
    1.47730207 0.22120744 1.54149437 1.09232521 0.835546911 1.48161745
    0.58577168 0.824686408 0.86203301 0.452951193 1.1432786 -0.524083972
    -0.381640643 1.23295951 0.402233601 -0.115950227 1.77272677
    -0.502230525 1.17633653 0.808354735 -0.263053417 -0.423583388
    1.01996601 -0.0238021612 1.62716532 -0.591336966 -0.492306978
    0.795000374 0.673818111 -0.40552628 -0.324913979 1.3622613
    0.573495686 -0.650485873 1.14779234 0.133719683 -0.170456409
    1.21092916 1.1813432 1.67506731 0.003464818 -0.557347894 0.13480401
    0.534021854 0.40168649 0.344823122 0.321455061 -0.608855844
    0.628705025 1.26185763 0.49371773 1.55596972 0.662037551 1.11967242
    -0.136389256 0.456498384 0.908928573 0.894409597 -0.0394105315
    -0.125828505 -0.535800338 1.44908142 0.573943853 -0.590628147
    1.16833234 1.26549315 1.91382313 -0.544124842 0.0562756062
    -0.417337507 1.66091037 -0.694655836 1.3718648 -0.112004101
    1.55780792 1.07185411 1.59917831 -0.460116088 0.607060671
    0.078527391 0.07729882 -0.484632432 0.717764854 -0.797466755
    1.43652189 0.641001225 1.40251434 0.941528201 0.907762289
    0.631857753 0.831089497 0.506253719 1.52054644 0.779844344
    1.08429515 0.868350923 0.0771190524 -0.576438069 0.0444708467
    -0.5769701 0.056029439 0.225520253 0.358554184 0.163506508
    -0.113502145 0.93340826 -0.220123589 -0.176012754 0.489133
    1.43919015 0.447381258 -0.0899581313 -0.317985773 0.508762419
    0.296794474 1.28022599 1.39479613 0.196537077 0.757878482
    -0.290722311 0.867450118 1.46498084 -0.789065003 0.709851086
    0.179446757 -0.0637420416 0.0364027619 1.48864341 0.866687
    -0.231775343 0.348541081 0.411557376 -0.636566162 1.17888999
    -0.0103802085 1.12044072 1.54981542 1.58534229 -0.703587234
    -0.263123035 0.660654545 0.347717166 -0.596349895 -0.689104915
    0.103386402 1.29860997 0.665493369 -0.262348533 0.39278841
    -0.616167068 0.228380144 1.51780427 0.311326623 -0.103042006
    1.69274735 -0.0536599159 -0.287428737 1.43042254 1.72048783
    0.152398646 0.766531885 -0.00881642103 0.451889813 0.954564452
    -0.393469572 1.74360776 1.37831426 0.501929402 -0.329755694
    0.765204668 1.57100058 -0.760807037 -0.239204109 1.63059616
    0.744394004 1.41404414 0.416981161 -0.279757798 0.879058957
    -0.0888640285 0.500249803 0.4061867 1.8396554 0.110750854
    -0.433356643 1.30815768 1.70325589 -0.588999689 0.480875432
    0.456219018 0.400683999 1.11065519 1.14084601 -0.190303743 1.34445
    0.562399805 -0.432613313 1.05520678 -0.349988818 0.666453779
    -0.2519238 -0.128387451 -0.389120758 -0.647037387 1.36331868
    1.34295154 1.27659822 1.10684419 1.09714389 -0.306393892 0.414486945
    0.623394549 1.79590416 0.208571613 0.802707374 -0.560115516
    -0.0465356708 0.572533548 -0.877824247 1.14175093 0.408500433
    0.213968456 1.00839925 -0.0781312585 -0.755348325 1.43507493
    0.0965543389 -0.257347584 -0.407667905 0.380309165 0.477715552
    -0.539342761 -0.312105477 1.15354538 0.718022525 1.51356936
    0.763581097 0.291627467 1.69161057 1.10178757 1.08872652
    -0.382202774 -0.280547678 0.533307493 0.931903481 1.18865049
    -0.172722995 0.176900089 1.47833753 -0.241738707 0.945816517
    0.682941973 0.360193312 1.84862494 0.716527164 1.65611076
    -0.576137543 0.360780656 0.517975509 0.760306835 0.60221976
    1.55493736 -0.362200141 0.361699641 1.00391841 1.75361204
    0.200366318 1.05665207 0.303149819 0.208749831 -0.142481983
    -0.329690456 0.897005856 -0.605571866 1.4011488 0.918770969
    1.57100093 1.25363052 0.546068311 -0.47955364 1.3182261 1.68679523
    0.331511974 0.114560246 1.19198668 0.515057147 -0.610354364
    -0.456843942 0.965788305 0.304476023 -0.474901795 -0.0907670856
    1.10416389 1.48107195 0.438384593 0.472824931 0.0675694346
    -0.35291782 0.965958297 -0.265892267 1.22920358 0.105535507
    -0.355364352 0.141447604 1.31782544 0.419037342 -0.585410118
    0.0274162889 -0.361942589 -0.543606281 -0.738905847 1.41292548
    1.76367676 0.999235392 0.178141892 1.45345902 -0.0381777883
    -0.365189612 0.8837865 0.336596787 0.138708055 0.133189023
    0.205321372 -0.427755564 0.994318306 1.58970654 0.830161035
    1.56154621 -0.782779396 1.59623504 0.638726354 0.53460145 1.58480012
    -0.61397624 1.17153144 1.52556491 1.42655897 -0.846545935 1.28644633
    0.0395422578 -0.669973731 0.592829227 0.728613913 0.759965897
    1.23942769 1.06602597 0.868286312 1.35936618 -0.553656578 1.66790879
    0.271609128 -0.426166981 0.280009449 -0.152042747 -0.134106427
    0.365655839 1.06823611 0.302221298 1.20968628 0.906973243 1.42757988
    0.18788898 0.409548402 0.980968058 0.385729551 -0.562108278
    0.00763767958 1.18604612 0.524290144 0.890875041 0.979554355
    -0.49520427 1.39138961 -0.716422319 0.398993194 0.697529137
    1.65215445 0.958486021 1.48872209 0.542250037 0.173884869
    0.0328176022 0.92172426 0.307145476 -0.198103368 1.22706521
    0.16623944 -0.241192162 1.59942734 -0.599590063 1.73559761
    0.243808091 -0.477969915 1.57972455 1.13569736 0.486543477
    1.57326686 1.55612326 0.629724383 0.19729805 1.30760074 -0.167676806
    -0.49156788 0.816566825 1.31419778 0.261050224 0.645918429
    -0.254030466 0.935201705 -0.305043221 -0.0513932109 0.263273239
    0.743475199 1.24126911 0.0184613466 1.17894053 -0.350001156
    1.03398371 1.18568325 0.121404588 1.62427282 0.571931243
    -0.652288675 0.974860549 0.374894023 0.962232351 1.46368277
    0.263443351 1.20351112 1.28945649 0.642201483 0.237409472
    -0.411748797 0.604997396 1.04999495 -0.422890812 -0.170014024
    -0.4588193 0.644525647 1.49740243 0.0306784511 -0.289341211
    -0.134212792 1.6284225 0.93543458 0.959455013 -0.320096672
    -0.146266162 -0.0270054936 -0.460713536 0.989072502 1.2427479
    -0.23793298 -0.328920245 0.667014658 0.970943391 0.0160856247
    0.668797672 0.444495559 1.24470472 -0.370842427 -0.33049041
    -0.108322382 -0.598732114 1.17152262 0.0191659927 0.0233591199
    -0.4788239 -0.179660499 -0.534753263 0.638583302 -0.145102203
    -0.31539914 1.1272881 1.5230906 0.301399946 1.06534755 1.18958271
    1.0224359 -0.169438362 0.843710005 1.3595078 -0.03177917 0.302543879
    0.34684211 -0.34946233 1.01306129 0.209477603 1.2329092 -0.666811407
    0.530186772 0.466185331 1.70105219 -0.670048773 0.108262837
    -0.124411404 1.12704325 1.18573034 0.700388551 0.325514436
    1.79516459 0.289414883 1.07027256 1.02524614 -0.358526766
    0.460047424 1.7145226 -0.788852274 -0.58093363 -0.32428354
    -0.332696974 -0.169734478 -0.00451433659 1.43510675 1.51558638
    0.827196121 0.529006243 1.22739363 0.744131684 -0.192187488
    1.09218121 0.0175554156 -0.588257134 -0.599790692 1.19908714
    1.65682459 0.822742879 1.56711674 -0.494714677 0.597672284
    0.633927763 1.25411868 0.699848652 -0.867367446 1.0395143 1.3364861
    0.190341949 -0.221791089 1.1095469 0.798485994 1.55615854
    0.271429777 -0.248015165 0.970200539 1.35723639 -0.500987053
    -0.324098557 1.74193585 -0.556323171 0.695888221 0.983285427
    -0.0707194209 1.16750824 0.0435005426 -0.323989809 -0.472486854
    1.51745045 -0.383865416 -0.671343803 1.02747273 0.13421613
    0.397834361 0.660359383 0.374357462 1.44418716 -0.554203749
    -0.279260635 0.756536126 1.12532985 -0.782997429 -0.040972054
    1.52868927 -0.477229238 0.508861959 0.528167784 -0.5470438
    1.43297386 -0.0187748671 -0.632087588 -0.196189106 -0.386969358
    -0.24665007 1.26873326 -0.53409183 0.864719689 -0.57650125
    -0.78081882 0.913657665 -0.503824055 0.41105181 1.37127817
    0.875427365 0.531736791 1.33426571 0.740367055 1.16888475
    0.682849228 0.972120941 0.342576265 -0.16551131 0.242443264
    0.736798644 0.297052085 -0.358150721 -0.156335175 1.24876201
    -0.76820147 1.59665871 -0.213413894 1.61093903 1.81902862 1.32878947
    0.949596345 1.71714664 -0.114891887 1.07540417 0.853119075 1.585783
    -0.639472604 1.45324361 0.368210316 1.44116974 1.06828725
    0.612697005 1.3207258 -0.512664258 1.67967319 1.22593856
    -0.718317449 0.786839068 0.91363585 -0.667791367 1.0743475
    1.21841753 1.608096 -0.20073086 1.68153179 -0.486210078 1.22905326
    1.25838637 1.36048067 -0.546979308 -0.14124763 1.3343451 1.00685096
    -0.0534852147 1.77589011 0.0425059199 0.148599267 0.9939574
    -0.0818019509 0.475634694 1.66094589 -0.589257598 -0.338811576
    0.82750845 1.20192552 1.79442072 1.11134386 1.2747438 -0.778735518
    -0.330255568 1.32028234 0.147472203 0.401493311 -0.622356772
    0.191746294 1.68349576 0.944461703 -0.279051781 0.52712518
    0.981533945 0.602242351 1.5010016 0.264015615 -0.473676026
    1.59850478 -0.740001678 0.606360793 -0.258429945 -0.560342669
    0.606192172 0.127169251 1.38196313 1.0062325 -0.965188265
    0.408513963 0.242662787 1.11841297 0.996200681 0.478717387
    -0.353209227 -0.492230296 1.84415305 -0.00448536873 0.792254984
    -0.407558501 0.076010108 1.18846679 0.374018669 -0.419859171
    0.535906076 1.24822402 -0.198349237 0.725231469 1.10602164
    0.542487502 1.31282878 0.809670627 -0.429799259 -0.16443336
    0.142746568 1.77986026 -0.659234524 1.6482079 1.60504735
    -0.120939732 0.269068539 1.07400632 1.59221554 0.68374896
    0.387809098 0.668742955 0.744652271 0.288477302 -0.0476137996
    -0.258604586 0.603489876 1.03627765 0.98520118 1.22743106
    -0.196829975 0.991202831 1.59657419 0.564137757 -0.173094749
    1.60674357 1.12982512 -0.148130536 0.288047135 0.894027114
    0.785425782 0.579755962 1.04925787 -0.540608764 0.592874706
    1.14383245 0.609421074 -0.127656877 0.359317482 -0.399027586
    0.621985912 -0.549886525 1.02460933 -0.381759882 0.176550567
    0.486038387 0.144794703 0.616001129 -0.107550859 0.428020179
    0.606754303 -0.229383051 0.412833989 -0.375621349 1.50970197
    0.0791054368 1.38517308 0.783182025 -0.0195824504 0.108578622
    -0.105569839 -0.543771267 0.0956357121 1.56684113 -0.0634693503
    -0.00312113762 1.29994226 0.728224933 0.258162737 1.53199708
    -0.185292721 0.324198365 0.843401551 -0.158041 0.733119428
    -0.137266576 -0.0662506223 0.868570685 0.421442986 0.971173286
    1.54392433 1.20874357 1.48331952 -0.700100541 1.30319858 1.71322083
    -0.0793285966 1.35330915 1.16416574 0.541176856 0.655749202
    1.15744352 -0.314463764 -0.435436428 0.66044277 -0.645649135
    1.24671328 -0.331950903 -0.519072533 0.563051343 1.71923089
    1.53610659 1.6126492 0.121844411 0.541122019 -0.660455942
    0.0767367482 1.11029363 1.48156261 0.754640162 0.611831188
    -0.356640339 1.53203297 1.68635523 0.0372387171 0.997049034
    1.08462667 0.62572664 0.0512709618 0.388953328 0.916370809
    0.507651269 1.64351857 0.876393735 -0.43302229 1.27989316 1.04850388
    0.928997397 -0.473017842 1.54175866 1.24675393 1.58313179 1.14799941
    0.705756426 0.397698104 1.57676792 0.524152935 0.849347293
    0.421304882 -0.0991895795 1.33290577 1.61700952 1.57430685
    -0.369027853 0.483362019 0.221065819 1.63056803 0.415485919
    0.890609205 0.810553074 -0.551665962 1.06507099 -0.499411732
    -0.00426065922 0.20059675 -0.703217685 -0.0651414394 -0.202112675
    -0.557812214 1.25150609 -0.0125128627 1.58443213 0.313860834
    1.31064737 0.927271962 0.219997823 1.41364324 -0.412477642
    0.904551446 0.951971054 0.150772989 -0.40019688 0.276451945
    0.285508633 0.253243268 0.344062209 0.669123948 -0.431931734
    1.31050551 0.246322989 1.21833515 -0.68894875 0.507487714 1.46059799
    0.739614844 0.60584408 -0.0653701425 -0.272104025 1.7604692
    1.42566872 0.256433606 0.0697591901 0.0398387313 -0.546492219
    -0.323000312 0.35054785 1.45041633 0.0334743261 -0.353943348
    1.71773744 0.284312129 0.0520022511 0.279620767 0.313899696
    1.18197358 1.11803806 1.42435622 1.38807845 -0.441486776 1.05166483
    0.0271607637 -0.389003217 1.20654321 0.146191001 -0.0676310658
    -0.564006925 1.73939443 0.649375081 0.672096908 1.67278147
    0.953296006 0.488532245 0.240977883 1.19865251 1.64154577 0.93607837
    1.45921516 0.339791775 1.39539778 1.32952428 -0.212430358
    0.427510738 1.63076437 -0.621065855 -0.459508836 1.89757776
    0.961947083 -0.0674461126 -0.423717469 -0.650301754 1.73337638
    0.515744627 0.667563677 0.648407817 0.500685155 1.61308849
    -0.356912166 0.093462944 -0.194899023 1.11107731 1.68405056
    0.458405495 1.61588502 -0.297433197 0.608523905 0.48201853
    1.57407129 -0.546731949 -0.191955864 0.101187587 0.308848023
    1.15899122 -0.108608544 -0.152824163 1.04303503 1.8132894
    0.0593569279 0.652705431 -0.436123967 -0.393936396 1.30716109
    1.94407082 -0.704560161 0.462769449 0.706324935 0.495340288
    0.540193617 0.215738893 1.10836649 -0.278802872 -0.224708855
    0.492308557 -0.642006755 -0.567551792 0.48300004 -0.321819693
    -0.428575546 1.29743266 0.705199718 -0.310147762 0.0272133946
    0.159840822 -0.279111713 0.950083852 0.00602674484 1.28259492
    -0.546080112 1.59414053 0.322455823 -0.574698985 1.73898172
    -0.193015993 -0.497868389 0.725766778 -0.550984085 1.00350332
    1.51742804 1.1219368 -0.0915160775 1.16270602 0.870773554
    -0.573221803 1.07291174 1.5940572 -0.373479486 0.532768607 1.0005579
    1.25219929 0.156914711 -0.41462484 1.05303788 0.744106054
    -0.543583632 1.12163377 -0.17063421 0.744781494 0.259080648
    -0.305092573 0.153079093 -0.506918311 -0.252610445 0.219004989
    1.80327535 0.0909385681 0.227335393 1.0434221 0.345098853
    0.167961299 -0.357447743 -0.511493802 0.0601176023 1.67335916
    0.957103491 0.119528234 1.22023654 -0.852177501 0.187790811
    -0.127650738 -0.61349386 1.01134896 -0.0957263112 -0.574754298
    0.0544629693 0.16148293 0.395937741 1.34381008 -0.147653699
    1.62933946 0.0470576882 1.69260454 0.851852596 -0.650016487
    1.69494605 -0.656425774 -0.00710380077 -0.502828121 1.61327469
    1.2887404 -0.358840048 -0.519288421 -0.554179609 1.63710022
    0.112185478 1.0667026 1.50040829 -0.132868707 0.395626843
    0.0192097425 1.53977287 1.41965699 1.5693562 1.12907028 0.374879539
    1.25471091 -0.58079803 -0.595453084 0.00652480125 1.47400856
    0.245906591 1.03321815 1.32968795 -0.482982069 -0.710987091
    1.57988286 1.64194548 -0.327990055 1.43198407 0.830850661
    -0.631055295 1.17914033 0.500596881 -0.130410284 -0.318650603
    -0.0330325365 -0.343877137 1.22927439 0.159611166 0.533359945
    1.33875823 1.13966107 -0.111593544 0.349089682 -0.447533518
    1.75570369 0.311486304 0.745295167 0.257359207 -0.373699278
    0.562099099 0.174860537 1.50185251 -0.0957651138 0.853616655
    1.21102965 0.433035493 0.633437097 -0.0130572915 0.45388782
    1.82273591 1.61586976 1.17800522 0.980343759 0.452447593
    -0.0533199906 0.729637861 -0.177092552 1.33927894 1.61244392
    0.285652876 -0.29540664 1.6121254 0.617576361 0.00138163567
    0.207842469 1.18317699 0.00456124544 -0.2222839 -0.663543522
    1.47843039 -0.122667253 -0.0652505755 1.17870331 1.71918583
    1.41036785 -0.638245583 -0.359653354 0.0219823718 -0.815483093
    -0.292812407 1.02647758 0.193304062 0.713231087 0.365577757
    -0.743970513 1.65429008 0.975711763 1.04110026 -0.461604357
    0.297566652 0.860697567 0.605013192 1.03313351 1.39541578 1.2494843
    0.330139399 1.43928683 -0.444278955 -0.641744554 1.25537872
    0.122707605 0.208290756 -0.402092099 0.710404217 0.609527826
    1.35178232 1.534163 1.42819941 0.45952636 -0.488261491 1.30710292
    0.3489815 -0.586917102 1.27699661 1.01213455 1.02066219 0.319853425
    -0.367862701 0.754549086 1.0683465 -0.386434972 0.0223296285
    -0.279797226 1.84108877 1.27569318 -0.631010473 0.79379642
    0.396342874 -0.655006766 -0.498736143 -0.732262969 -0.348264217
    1.60778642 -0.0407321453 1.50470161 0.887511969 1.57340097
    1.51384187 1.3093195 1.0058074 -0.235076189 1.55936897 0.565330088
    0.802822709 -0.0736833215 0.0747276545 0.897677541 0.766065836
    0.414767921 0.587559283 0.571495414 0.759488583 1.16340804
    1.33148265 1.05498397 0.216329694 1.56553781 1.17005539 0.584945142
    0.228662908 1.31894946 0.264826477 0.493353069 -0.507852912
    0.701728523 0.586965024 0.711627722 1.46625328 0.138881207
    1.34876847 -0.423306942 -0.0893264413 -0.248417258 0.501442909
    0.379180908 0.329851985 -0.03749156 -0.202486455 -0.312599093
    1.55038285 1.64212751 1.11739087 0.233023882 0.691429317
    -0.230745077 0.475479484 0.77973038 0.764097869 0.241541147
    1.11045849 -0.111613572 1.05664468 1.25454438 0.332649291
    0.273685575 -0.154201567 0.574604988 0.651071906 0.438800216
    -0.43525219 0.326301217 -0.305624634 0.281423807 0.767857969
    0.0485495329 1.09431767 -0.325873494 1.04020691 -0.293782026
    0.518443048 0.730236351 1.22687721 0.95532012 1.28019953 0.918274939
    -0.261690676 0.699040711 0.290571332 0.928405821 0.106382847
    -0.642164528 0.867422342 -0.356097877 1.21813142 1.36746967
    0.737279296 -0.380422592 0.448256791 0.864526033 1.45441449
    1.01170444 0.948563874 1.26154184 1.13478279 -0.838312805
    0.543462873 1.06841266 0.0375075936 1.23772645 0.686840415
    1.16534281 -0.432705075 -0.13279593 1.12240839 0.92560178
    -0.547576427 1.28297126 1.32735956 -0.454443872 1.25422382
    -0.292597592 -0.542120934 1.16976404 -0.752134919 0.0947213173
    0.168207467 -0.771183372 1.00509953 1.54118896 0.68599844 1.1288532
    1.23609424 -0.127292633 0.144155204 0.286255419 1.34267175
    -0.593056202 -0.0714480281 0.485159993 1.38323593 -0.53722477
    0.164534271 -0.00608801842 1.52482212 0.995996594 1.13803458
    -0.474010617 0.0466821194 -0.258910507 0.380287051 0.15633595
    0.368727922 0.663268387 0.280600786 1.51965082 -0.540668905
    0.324498951 1.56594515 0.177662551 1.77669668 1.1290729 0.814695895
    -0.323618114 -0.248293012 0.201568484 0.369473279 0.601311684
    0.778636992 -0.127977133 0.200650692 -0.282121539 1.18799448
    1.78021848 1.11689544 -0.0472916961 0.342635632 -0.318300068
    -0.762311518 1.3514601 0.242538333 1.25778484 -0.738274932
    1.04622006 -0.351149142 -0.307913721 0.0975500345 0.131925464
    -0.389041066 -0.301458478 -0.433685124 0.567620277 0.854581475
    1.25077212 0.93949312 0.221058369 0.217516303 -0.504523993
    0.415662706 1.71360242 0.289743483 0.893365741 -0.757697046
    0.324365497 -0.17856729 1.60099173 1.55015349 0.519035041 1.12280941
    1.45828629 -0.306346178 1.33624852 0.560826957 0.862777412
    1.61169875 0.737810075 1.40063238 0.228580296 0.109128535
    -0.68994993 0.626995683 -0.817909241 -0.147744596 -0.616696894
    -0.295140326 -0.0377972126 1.75908208 0.617820501 -0.0485026836
    1.09843659 -0.662199974 1.45196557 -0.0957970619 -0.101578057
    1.10000253 -0.0769287348 0.0975629091 0.168982744 0.0832675099
    -0.318874657 1.29081297 0.514083445 1.5778451 -0.214993834
    0.344730258 0.989482224 1.62537527 0.107412159 -0.524076343
    0.597688615 1.41599846 1.29797935 -0.607910752 1.23619926
    -0.426752448 0.0397966504 0.0250741839 1.18549287 0.611139894
    1.00631499 0.21184665 0.552772105 -0.714188099 0.353567362
    1.40326869 -0.0409511328 -0.297302276 1.02713227 0.123765171
    -0.652732074 0.111502945 0.271978259 -0.220220566 1.15664506
    0.334027946 -0.724785447 -0.339851379 0.539934516 0.891560316
    0.343250513 -0.754039586 0.70829016 0.109102428 -0.263801634
    1.53356791 -0.590788722 -0.411555499 1.7317512 0.110120535
    1.02631414 1.04918313 1.01404881 -0.529221892 1.6551801 0.0635538697
    -0.489230663 1.68344855 1.70282125 1.01851153 -0.701811194
    0.902100503 -0.593996584 0.882224381 1.57642436 -0.472699225
    1.63063312 0.529676616 1.08926904 0.959721029 -0.483568996
    1.62303746 1.4610796 0.852875471 0.910263658 -0.268698037
    -0.232267737 -0.605697632 -0.170565128 1.63140583 -0.181088448
    0.724029481 1.58597016 -0.754396439 0.035669744 1.44733834
    0.76658988 -0.360683978 1.64011788 0.687387228 0.302020133
    -0.575346529 0.427248299 1.5318346 0.289801061 0.104445338
    -0.4608154 1.17251754 -0.44701919 -0.324291527 1.33887112
    -0.18792814 1.40737724 0.911577284 -0.271690369 -0.252852738
    0.909541368 1.37701941 1.65920329 1.03767788 0.688533902 0.856879175
    1.65923178 0.53983438 0.781377316 0.385778189 1.56368339
    -0.556510866 0.56849581 -0.364248335 -0.530250013 0.121967077
    0.37310046 1.47774315 -0.197892129 -0.110012591 0.598824501
    1.45401525 0.642719328 1.29226232 0.454072118 1.21372652 1.76822507
    -0.343116045 0.448226273 -0.00735783577 0.448684096 1.28676462
    1.44829726 1.58892477 0.353986681 -0.534078777 1.05206108 1.27029479
    0.487390161 -0.606904089 1.20721591 -0.804238677 -0.817084372
    1.28035057 0.127841949 0.888633251 0.0801427364 -0.69080776
    0.67436403 1.5281415 0.328958511 -0.564942122 0.930295765
    -0.0467774272 0.435534596 0.645042717 0.381135881 1.00929546
    0.691753149 0.217169464 0.0135352612 1.11758387 -0.369625717
    1.67572546 0.376355767 0.138930738 -0.410908997 1.20699489
    1.46187007 0.40354681 1.3300283 0.145786166 -0.0946266055
    0.0104076862 -0.432420939 0.46939677 -0.303266704 -0.0375406146
    1.28166962 1.66585302 0.874668181 0.194219172 -0.293872327
    0.297966003 -0.154804409 1.1252625 -0.27071178 0.516538262
    -0.099991858 0.495471358 -0.611667275 1.70087218 0.989198208
    0.740333915 0.425216496 1.386024 1.37377346 0.637133479 0.329431057
    1.22945666 0.232778788 1.4362185 0.097558558 0.944913447 1.30815887
    0.245318174 1.47022724 0.951852202 -0.0451592207 -0.223995924
    -0.218271554 0.867450058 -0.289811879 -0.153587401 1.3282423
    1.29529631 -0.731274545 0.423645675 1.35793352 -0.291321099
    1.5305748 0.613947511 0.447802424 0.701012731 1.63766861
    0.0173568726 -0.915088654 1.447469 -0.048206687 -0.513705492
    -0.428700238 0.0837709308 0.749426246 0.100009024 -0.141069293
    0.467947125 1.67111433 0.0292212963 0.476821065 0.264740586
    1.40398145 1.00127244 0.131078184 -0.605451822 0.299305081
    1.04761672 -0.685822904 0.37330842 0.779560864 0.67471379
    -0.269855708 1.62864733 0.148371935 -0.543208897 1.15739679
    0.966443419 1.62433994 1.67452085 -0.43538481 0.0753869414
    -0.061386764 0.569413364 0.41334343 1.10333371 1.4980588 0.681183517
    0.847091198 1.3792007 1.53581822 0.376250148 1.02201915 1.0860877
    1.36252868 0.877055049 -0.208394825 -0.28976953 0.296001852
    0.381214321 0.634675443 -0.490743577 -0.224812627 1.45667434
    0.255013645 0.63763684 0.649150312 1.34106088 1.63849306
    -0.619726062 1.12473583 -0.0619298816 1.12407589 1.23055124
    -0.357026368 -0.305970162 -0.597831011 0.068005383 0.0142036676
    -0.721110642 1.0605917 1.45389009 0.475105882 1.35656977 0.529573023
    -0.208830774 1.22024775 -0.572211683 -0.456319302 0.0788638592
    1.54780042 1.13134348 1.03534245 1.30403876 1.3711735 -0.345366478
    0.619766593 -0.28894639 0.723671496 -0.0166835189 0.440867305
    1.14639831 -0.69919157 -0.260940731 0.3098225 0.616802931 1.45133829
    0.704897642 1.67130661 1.35850918 1.66022968 0.0886192918
    -0.222554922 1.11981738 -0.14653492 1.74832225 1.11496615
    -0.332186222 0.705221832 -0.110208809 1.12876654 1.13362992
    -0.505374253 0.0294724703 1.23544312 -0.280202627 1.56104171
    -0.565241814 1.6764915 0.726304889 0.908630013 0.611870408
    -0.140161037 -0.257770658 -0.41930303 0.518481672 -0.528004527
    1.51956463 -0.670119941 0.675713658 1.34414768 0.0800028443
    1.66398644 1.18146372 1.43657565 0.375536501 -0.56345892
    -0.0316749215 0.822813928 1.02578044 -0.33499679 -0.365711004
    0.16396755 1.45140958 1.36550331 -0.629466057 0.076007843
    0.495692849 1.09859514 -0.837540209 -0.214886665 -0.594358802
    -0.317215651 -0.103751004 0.875683248 0.146998763 0.972901583
    -0.512802958 -0.640955448 0.709916174 -0.648568034 0.934948087
    1.42759287 0.426553369 0.656196594 1.64006341 -0.432359844
    1.55864382 0.76428467 -0.118237197 0.21222806 0.196269691 1.24368799
    0.94989872 1.19206917 -0.321545422 -0.459710002 0.609821737
    -0.0317600369 0.46022445 -0.632966697 0.12201637 -0.60031867
    -0.787086725 -0.707588971 0.683647931 1.36822128 1.46892524
    1.18528223 -0.506659508 0.207372785 -0.162844837 1.78806543
    -0.656544387 0.666578531 0.11638087 1.71762824 -0.643858492
    0.229818523 -0.056053102 1.79004216 -0.501951039 0.229800224
    0.996206403 0.247660875 0.784025013 1.34443235 -0.124653459
    -0.0218804479 0.853001416 0.291313827 -0.163443029 -0.676331401
    1.45468307 -0.0683675408 0.0336505175 0.806492805 0.280195713
    -0.668449163 1.61913335 -0.549865842 -0.45866999 -0.213882089
    0.482222259 1.40455377 -0.513460517 0.755608141 -0.66984266
    0.695022166 0.523884535 0.60406208 1.62197196 1.08239722
    -0.202903807 1.1163336 0.886235237 0.342707396 -0.60778898
    1.05021858 1.49286962 0.258736491 0.669540703 1.1522398 1.58086228
    1.40879953 1.08801007 0.955262959 -0.861594021 -0.854545414
    1.39970112 0.295755863 -0.340367973 1.50126326 -0.326085508
    0.0991783738 0.720155418 1.37076879 1.1229167 1.67363095 0.937252104
    0.858299911 1.84230936 1.4120667 -0.574368834 1.63345647
    0.0104879141 1.26719952 0.0675455332 -0.15742898 -0.330996364
    0.284596205 0.839392602 1.50134718 0.544418871 -0.14090395
    0.784828067 1.29286647 0.390741527 -0.3949292 0.365733206
    -0.550149202 1.31989467 0.770368576 1.38330495 -0.557061553
    -0.224831581 1.35374808 -0.720808685 0.0836675167 0.879951954
    0.811686516 0.62752825 0.329452395 0.787701964 -0.0799202323
    1.33281016 1.47784734 0.923149109 -0.0874213576 0.518256485
    0.468967497 1.34935546 0.426697254 1.22157431 -0.340009362
    1.02075958 -0.454154819 0.189059317 1.44345438 -0.507564843
    1.04976296 0.914646745 1.48298919 0.974658489 -0.263072491 1.7229898
    -0.169900835 0.618002772 -0.5137797 1.53557146 -0.267304212
    1.42491388 0.174405336 1.01333225 1.10267651 -0.649328291 1.70222878
    1.37985826 0.358303308 1.36885202 0.0434298515 0.429961085
    1.63502598 1.44669747 -0.51280576 0.148677766 1.39587283
    -0.0466884971 0.0770283937 1.62661171 0.38859266 -0.155100584
    0.486762881 -0.517657399 1.58743358 1.31762028 0.57308358 1.53910327
    -0.224150896 0.960570335 0.259910226 0.357597589 1.08295798
    0.344553709 0.0814425945 0.894118488 -0.721007109 0.772679687
    -0.0270642638 1.72409081 0.569571972 0.218262076 0.88228482
    -0.130513132 1.70279241 0.431379855 -0.75835079 1.78284526
    -0.405029237 0.972397745 0.1058321 1.64671254 1.06197476 0.50042361
    1.31189609 0.637363076 0.195194125 1.629421 1.05220568 -0.228327751
    -0.268294245 1.25536752 -0.123974621 1.22240329 1.43168163
    0.139925897 -0.188982427 -0.567586422 1.0897119 0.372554839
    -0.815189481 0.51326704 1.14722621 0.785125315 1.59102607
    -0.0835440159 -0.611740172 0.671061337 0.0374690294 1.52150774
    0.774637997 -0.762262404 1.63968873 1.11889231 0.739119351
    0.130605638 1.64862001 -0.399900973 0.204162717 0.229030252
    -0.0360961556 -0.287305176 0.338034391 0.972042799 0.0602996945
    0.857267618 -0.0382906795 -0.488412499 0.526131928 0.899633348
    1.09754682 0.23786217 -0.195805073 -0.604608417 -0.120198965
    0.952720821 1.30284357 1.4130578 0.691100359 1.44900417 -0.198191881
    -0.247669876 -0.485343456 1.38372076 0.53634727 1.44899416
    0.254972279 1.42577291 0.615806997 1.61514175 1.33582222 0.357501686
    0.96479708 -0.366547853 1.7841953 0.792398572 -0.350245684
    1.22183955 1.67847967 -0.543309212 0.268552661 0.174449682
    -0.27361536 0.377763808 0.317031324 1.04175997 0.523839295 1.4709177
    0.851273954 -0.1280424 0.696682274 -0.454519123 0.535105526
    -0.598723769 -0.0508895516 -0.430064738 1.5769769 0.894466817
    1.82522559 -0.0537840724 1.01944709 -0.220412314 1.54970121
    1.36061192 -0.442813814 0.20625931 1.11844802 -0.424567312
    -0.25388813 1.69109821 -0.0918422341 0.225783169 0.543245375
    -0.79995966 -0.341793984 1.47291601 0.721975863 0.329318106
    -0.744933069 -0.471898615 1.60695505 1.66987085 0.230204225
    1.80337918 0.0863543749 -0.267512113 0.00489705801 -0.0342898369
    0.582188547 0.0751057267 -0.607062221 0.0362637639 1.21563077
    0.24325186 0.916919947 1.15557384 -0.0829590559 0.796357989
    0.404251814 1.13552618 0.998830497 1.58645463 1.00656152 1.48388767
    0.32390964 1.06466365 -0.516339302 -0.388582617 0.0241224766
    -0.398515135 1.2027179 0.788455367 -0.801914215 1.4555316
    -0.442976952 -0.477198005 -0.647219658 1.54740071 1.67295539
    -0.0868468285 0.239239156 -0.538392246 -0.0716565251 1.1291604
    -0.391527295 0.54255867 0.108740509 1.23188221 0.33607018 0.10973084
    0.502942145 1.06077147 0.226598024 -0.518679082 1.05132246
    1.27613735 -0.082431078 0.0339453816 0.669031262 -0.394839048
    1.31839299 1.24984062 1.51033163 0.0115145445 1.58208859 0.191757321
    -0.394275993 0.417740285 0.342118919 -0.243737221 -0.513249516
    -0.369866848 1.78882837 -0.28972742 0.958845794 1.68775892 1.5301249
    -0.140008986 1.57129908 -0.715679824 1.62817931 1.56272936
    0.308707356 0.45973587 -0.258566767 0.0700407028 -0.679031968
    0.884526193 1.51986027 0.531007707 -0.476619989 0.129104257
    -0.720088124 -0.045807004 1.52158976 -0.152522743 -0.750947356
    0.447218418 0.943396449 -0.243387938 -0.280176461 -0.468230069
    1.13727522 -0.899122238 0.980964303 1.13935184 1.16522789 1.22109497
    0.469969809 1.35880613 1.39600289 0.153405547 -0.111860693
    1.38528228 1.11491108 1.52788687 1.7007103 -0.795305967 1.63432407
    1.2253319 -0.679712832 1.68403959 -0.740465939 1.28707457 1.0148499
    1.17607558 -0.538702488 -0.732100308 -0.439848244 0.264362276
    1.46873283 0.0694743395 0.0565656424 0.539527297 0.830308437
    -0.437719434 -0.365932673 1.33199763 -0.763904393 0.0743693113
    1.05050874 0.150465965 1.27792776 1.46438324 1.10099471 1.64948475
    -0.465365887 0.937346697 1.21884084 1.24824131 0.427773237
    1.16479099 -0.837901592 1.13447595 -0.000631511211 0.564555705
    0.594489276 0.594846606 1.8165952 0.00650328398 -0.468563974
    -0.160364926 0.854733109 1.17460299 -0.465052813 0.321083009
    0.296863973 1.34699535 -0.197465181 1.48362243 -0.232959151
    1.69466579 1.64785624 1.0455755 1.44461679 0.342069507 -0.331836313
    1.18296194 0.216413558 0.83509326 0.384572148 -0.0669897199
    -0.011762023 1.78656006 -0.279543221 -0.503674328 0.827161074
    1.51380801 1.55917239 -0.636226952 1.33802891 -0.727221489
    0.333315372 0.846459687 0.523104131 0.867948055 0.981562018
    1.17873716 1.25082862 -0.0392935276 0.310623527 0.611666918
    1.29087186 0.907400846 1.42812777 0.111507773 -0.528335989
    1.16407967 1.14221573 -0.453364521 1.55963683 -0.602178752
    -0.238172472 -0.138478339 1.24686456 1.27887869 0.0649561286
    -0.242411166 0.738433599 -0.417861342 0.187298357 0.391591847
    0.600689113 0.258785784 0.199828506 0.76818198 1.42810869 1.62210393
    1.54276633 -0.577110291 0.525691211 0.4028759 -0.596156836
    1.23161364 1.50023961 1.41275048 -0.256006151 -0.410575271
    1.25839186 0.795077026 1.55317664 0.834450662 0.363893509
    -0.0660533905 1.61160398 -0.427789092 1.23722529 1.72531343
    1.01984286 1.18012333 1.39093733 0.726516426 -0.456725866 1.67859793
    1.53492188 1.15999675 0.853446186 -0.260474116 -0.313747525
    0.79836601 0.314988971 1.57009101 1.22281098 0.80956018 0.464640141
    0.088747561 0.475900292 -0.5356071 0.966740906 0.0104227066
    1.14436913 0.308494985 0.971119225 0.637698114 0.729729772
    0.626759529 0.906936824 -0.859218419 -0.346797943 -0.662835062
    0.614192247 1.00927424 -0.78019011 0.0299097896 1.78380215
    1.65381646 1.31599879 -0.677235842 -0.496855617 0.0737577081
    1.9442265 1.71794558 -0.533008575 -0.514354646 1.15148664
    -0.0181913972 0.357652545 0.697645247 0.201770306 1.09514046
    1.41378498 1.56104064 0.824776888 0.637729704 0.726496875 0.02649647
    0.509174168 1.55718088 0.32776922 -0.258761704 1.27877963
    -0.101179779 0.0411710739 0.526814401 0.913618863 0.73825717
    0.715408862 0.351392448 -0.320674181 -0.131593823 -0.45299086
    -0.45904392 0.686990023 1.54076874 0.240748167 -0.0717297196
    -0.264878333 1.29994917 1.13754177 -0.28021577 -0.0450422168
    -0.458595127 0.0419307947 0.65338695 0.800851882 -0.826845109
    1.71259499 0.267696917 -0.39860189 0.0642831922 0.927575111
    1.01974237 0.156068325 1.53490329 1.53130555 0.649123251 1.61119962
    1.63210189 1.11179709 -0.652233124 0.398510516 -0.279299319
    1.14407158 0.771055281 0.607476652 1.26131749 1.54727697 0.146847725
    1.82987809 1.30387449 0.513694525 0.0858769417 0.612001777
    1.24696767 -0.602259576 0.0959788561 0.505507529 0.932263136
    -0.305811793 0.712894738 -0.475641489 0.252386689 -0.335855335
    -0.588350415 1.65269876 1.1945715 0.887526155 0.492055833
    -0.593178391 -0.649931252 0.545663595 0.388601184 0.395739794
    0.778020084 1.66901016 -0.682750285 1.26428378 -0.443178594
    0.0843855739 1.6077075 0.225107193 0.932669222 1.16194439
    -0.699170113 0.0282178521 1.00742817 0.583141446 1.33033586
    1.10919952 -0.692507863 -0.220283508 0.297253251 0.184731305
    0.476656079 -0.742672384 0.968041182 1.66518903 1.34228957
    -0.134415984 -0.701151311 -0.0920671225 -0.488938302 0.497378767
    -0.406703472 -0.363941371 -0.114843667 0.194930255 0.937021255
    0.468421638 1.46302128 1.42049813 1.18407583 1.38267791 0.667186916
    0.0334613919 -0.218560815 0.679273903 -0.876024902 0.650581896
    1.29216361 -0.056427598 1.00269151 0.912552834 -0.231869996
    1.18531883 -0.278349638 1.64948368 -0.334607154 -0.544268608
    0.680736423 0.863364398 1.60564697 0.203744888 0.575986683
    0.634606659 0.375714183 1.18245661 1.67633796 1.44070458 0.785203636
    0.903860211 0.0294747949 0.999041378 1.23604608 1.30141079
    0.661085725 -0.526430309 -0.803993642 0.209738135 -0.711442828
    0.509795249 0.0850507617 1.20429778 0.729743958 1.24433458
    0.0300627351 -0.281874448 -0.606039464 0.947168291 -0.372065961
    1.68888342 -0.289539784 1.45500183 -0.0421928763 0.885111332
    1.6421808 -0.729050994 -0.18867743 -0.373274982 0.0947610736
    0.556162655 0.598901927 0.699639201 1.39253545 0.0360687971
    0.151333451 1.17401648 1.90734982 0.0332000852 -0.521972775
    0.77140677 0.432745337 0.50371784 -0.565065563 -0.626774788
    0.644517779 1.53833437 1.28386521 0.190470934 1.06537318 0.773145676
    -0.02595824 1.35558701 1.04136634 1.35420275 -0.585271716 0.43221283
    0.124236882 0.175561011 0.598068535 -0.583990932 -0.335649103
    0.992473662 -0.361056954 -0.0730289817 -0.152633786 1.7090838
    -0.0534725189 -0.544897199 1.0321523 0.0997061729 -0.172098219
    0.482841372 1.71331334 -0.458659589 0.722182274 0.593401909
    0.976191878 1.20061541 -0.630494654 -0.112348437 1.60090411
    0.64989239 0.290004551 -0.0961359739 -0.0920236111 -0.106909215
    0.973692477 1.2900846 1.36323857 -0.14223218 0.167451084 0.605517447
    1.37258923 0.651825786 0.125216901 1.28220665 0.967738628
    0.133762896 0.520074487 0.860802412 1.79519415 1.04465187 1.61162806
    0.165312707 0.728330314 0.135773778 1.70462978 0.854361832
    -0.474744231 0.350021303 0.480839789 0.0071464777 -0.39437589
    0.200436532 0.900084734 -0.6090312 1.68167293 -0.491117001
    0.117389977 1.58529556 0.334731579 0.954338491 0.371599436
    -0.767636895 0.581447601 1.72857678 1.06122041 -0.181999028
    0.231004238 1.4453342 -0.462939084 1.35779274 1.85323477 1.64192379
    -0.458500564 0.759736419 1.81763327 0.356117606 -0.46132049
    1.12105286 -0.0425594449 0.248027802 1.33489251 0.953185618
    1.61445594 -0.565187752 0.458136797 0.457198501 0.0313156247
    0.737822115 0.709914267 -0.65865016 -0.211548984 0.931747496
    1.20988309 0.264454782 -0.296702266 1.2140702 1.46975064
    -0.528796673 0.720547557 0.339077711 -0.146265209 1.20854354
    0.508002877 -0.139484346 0.101438642 1.66308486 0.969278336
    -0.101760566 -0.653756738 1.10026062 0.771174312 0.416487098
    -0.18604362 -0.465337634 -0.276052117 0.235106349 1.17511129
    0.9907915 -0.294163674 -0.128043413 0.405897796 1.16915083
    0.481270373 1.79616094 0.471143901 1.73999333 0.158383548
    0.974093437 -0.135056257 0.469314396 0.71842432 0.843659461
    1.45447052 0.26080358 0.279088199 1.50289536 0.769429147 -0.26743412
    -0.0437933207 0.602498353 0.29410249 1.00173259 0.704986751
    0.791962028 0.681349933 0.64254272 1.49276829 0.0728649497
    -0.68955493 1.65955615 -0.0014513135 -0.115355849 1.81488824
    1.77892256 0.432960391 1.09974027 0.23837018 -0.73394376 0.573542416
    1.17298341 -0.696381807 0.0645086765 0.488124847 1.03766656
    0.032605052 1.47927439 -0.212904871 1.36359572 1.21848345
    0.523370504 1.15593159 1.43061769 -0.497775733 -0.74301374
    1.73131227 0.912175834 0.715942264 -0.174687266 1.46784067
    -0.387594104 0.331730187 0.216662586 1.64048386 1.07048106 1.378672
    -0.612449765 -0.271296084 0.701308012 0.0248780251 -0.675550222
    0.356365383 -0.534005165 -0.332600027 -0.0657797456 0.525711894
    0.0454224944 0.715341866 0.377015889 1.18400311 -0.171882689
    1.00732934 -0.229588568 1.10411048 -0.345877767 1.12751973
    0.714315057 0.624060094 0.670114636 0.849341094 -0.202991962
    1.12227774 0.940285921 1.49103546 0.151334822 1.04819977 0.533442914
    -0.0312779546 1.73080754 -0.223176539 1.78699684 -0.274070114
    0.640490949 0.286294639 1.26488042 0.0185807347 0.647468209
    1.33740091 1.00763714 0.378842115 1.19539857 0.528926015 0.162514269
    0.967330217 1.67280602 0.154486477 0.377556264 0.715412438
    -0.48503685 -0.0149432421 0.859630764 0.814902425 0.473793447
    0.353229344 0.899523377 -0.826747596 1.1808877 0.661359727
    0.571885049 0.462796926 1.50022554 0.143110752 0.802925527
    -0.716230094 1.07273734 0.77702564 0.591234386 0.410791576
    -0.722558975 0.0679534078 1.05539775 1.75378466 0.598596215
    0.0744446516 0.0862159133 -0.504248619 0.390102506 0.440797269
    -0.23798272 -0.651842594 1.76808345 -0.426480502 0.227583647
    0.59571749 0.193278611 0.71209234 1.00484204 1.25535941 0.139810801
    0.345948756 0.62141037 1.1603601 -0.468562841 0.290334642
    -0.44252494 -0.583894134 1.2846911 0.326840401 -0.784647226
    0.927240312 0.59172976 -0.433033198 0.17844224 0.39133966
    0.610309243 0.412997484 -0.269716561 -0.166946977 -0.0518592894
    -0.0655918121 0.38859719 0.893018961 0.644201279 0.309683859
    0.45118469 0.780353606 1.33665562 -0.022336781 0.987909377
    0.859585404 0.327954412 1.50008309 -0.641936064 0.182828546
    1.2769829 0.784141898 0.949819863 0.43002373 -0.624072194
    0.0488342047 1.18119073 -0.607922792 -0.5830549 -0.536281407
    1.78285146 -0.122664511 -0.475390196 0.82932353 -0.0566079617
    -0.025336802 0.183555067 -0.389539331 -0.377992779 -0.805018485
    -0.726465523 1.53150177 -0.452965111 0.311923385 -0.652459204
    0.347425938 0.449513316 1.45722938 -0.0518974662 -0.32090652
    0.844156861 -0.717705667 0.203568935 -0.240142912 1.68135214
    1.67108369 1.48457682 1.36796713 -0.0155307651 1.02041399
    -0.128072202 0.775646269 0.179086804 -0.131249309 0.264058292
    0.221277118 -0.183222294 -0.0402103662 0.648685932 -0.66072315
    -0.0222002864 1.0824672 -0.418439627 0.198942184 -0.207575023
    0.242499113 0.0101037621 0.0653032064 1.31487644 0.195521772
    0.811536312 -0.641930521 0.516591489 -0.546158135 0.552815378
    0.563650131 -0.101221383 0.805484354 0.46258837 -0.221118987
    -0.400242358 0.322072268 0.696813107 1.02229142 1.01333642
    -0.0591228604 -0.467452288 1.18082428 -0.301014662 -0.544303179
    0.754536152 1.83739245 0.403021514 -0.464346647 -0.297697932
    0.642590344 -0.22594732 1.36615312 1.5067234 0.157890856 0.742915332
    0.6741395 -0.157309949 1.2947861 0.344852448 -0.384426475
    0.817194462 0.434219658 1.53869236 1.67127383 -0.703152657
    0.172617316 1.7036469 0.781187773 -0.578551054 1.34560704 1.36647105
    1.39794433 -0.820552111 1.45877409 -0.312146902 -0.13596195
    0.465342999 0.810932934 0.562052667 -0.0503460169 0.498664796
    1.19570839 1.33206987 1.14715767 0.490392745 1.39320135 1.52272546
    0.933449268 -0.408801854 -0.782469988 -0.778766155 -0.850019515
    1.02749491 1.40267551 1.46317554 1.11011028 1.37484431 1.40682697
    -0.0760896206 -0.185813189 0.31213665 0.823459148 1.45868254
    -0.205202401 0.910021007 -0.0320443511 1.35924625 0.49329859
    1.03463864 1.71643233 -0.240815163 0.824811816 0.247814655
    1.69049859 0.378132641 -0.0996201038 0.18412298 1.70048022
    -0.089681685 1.34226465 -0.661257029 -0.697289467 1.28938508
    0.811572373 0.872840405 0.537051678 1.14944243 0.551809788
    0.271267474 0.34461534 0.629417837 0.739994526 1.03245223
    0.474840343 1.54980862 0.588426113 1.8119812e-05 -0.443833202
    -0.387587875 0.0686089396 -0.350332022 -0.286129951 1.85685253
    0.366131723 -0.466758072 0.699005723 1.39949489 0.0451544523
    -0.260317922 1.32574177 -0.0294651985 1.33980536 -0.702612877
    1.49783683 0.13204354 -0.661288083 0.312119603 -0.157676876
    -0.242569149 1.22042751 1.06894338 -0.623369813 1.66290259
    0.0289168954 1.56194091 1.35746336 0.598647177 -0.2081545
    0.0665692687 1.39702487 1.67850411 -0.594784021 0.890855134
    -0.35356161 1.1952883 0.392014027 -0.409003079 -0.218573928
    1.05694079 1.33409607 -0.0117387176 -0.086135447 1.23153472
    1.28835821 -0.0530101657 -0.510855854 1.21478105 -0.468722105
    0.0636993647 0.632094204 0.92275089 0.915867507 0.949391365
    -0.251533449 0.413149416 -0.531896949 1.27047563 1.67266095
    -0.616796494 -0.453256845 1.48575091 0.0562884212 -0.32676053
    -0.617693901 -0.455781162 -0.322887927 -0.445058942 0.422066569
    1.2083497 0.670348704 1.40389657 -0.271201313 0.236988366
    0.979525447 0.163364768 1.02068055 0.60680151 0.307187021
    0.794879973 0.343266666 1.51372147 -0.168185294 1.20612383
    0.35396558 -0.517879605 0.672099888 1.32435656 1.83718705
    0.832630694 0.994085371 -0.0433730483 0.497142911 -0.000431895256
    0.0234622359 -0.656308115 0.87547493 -0.682067811 1.30376315
    1.42292333 0.527859628 0.296195567 0.896969199 0.472047567
    1.58561099 0.916814327 -0.407562912 0.273256361 1.36166394
    0.925976157 0.595333159 1.36659622 1.43333626 -0.315093577
    -0.0323886871 -0.116402268 1.0704006 0.205271602 0.810062885
    0.59258157 0.358699262 -0.592667043 1.49404061 0.225783944
    1.41312504 0.762507915 1.30457807 1.34463549 0.0975558162
    -0.376889646 0.967405498 0.00358110666 1.61183977 -0.267576069
    -0.0096181035 1.41214705 1.7305392 0.254020989 -0.0361025333
    0.722541034 0.72420758 -0.245778561 0.57746172 1.34994972 1.44549465
    -0.296857059 1.59110403 -0.728827 -0.101692796 0.454481542
    1.82181764 1.78031552 -0.669486344 -0.515205145 -0.140757203
    0.697195709 0.232418776 1.30259991 1.15116298 0.989376903
    0.695611537 0.559471071 0.729079783 -0.016179502 1.03072596
    1.20032012 -0.209151864 -0.676670849 0.00853997469 0.191205442
    -0.674176574 0.0602276921 0.267353475 -0.637279868 -0.676648021
    -0.642203331 1.15943229 0.866415977 -0.207705081 1.66352677
    -0.27861169 1.6197381 -0.571377754 1.13154483 -0.385379016
    1.05633593 -0.137958109 1.28572631 1.36244011 0.0358341932
    1.21396852 1.36707175 1.61474395 0.00303721428 -0.0346998572
    0.255048633 -0.794027746 -0.76624763 0.343233228 0.490225554
    0.609092772 0.755197823 -0.157463849 -0.656304181 0.547044218
    1.33649397 -0.0644218922 1.59050727 1.21864569 -0.736161709
    0.822181523 0.0331385732 0.76722765 1.70308971 1.12853205
    0.187270284 0.133459747 0.939633608 1.43211901 1.35399795
    -0.583485842 1.20577753 0.740098 0.455105722 1.04304957 0.859356642
    -0.666924179 1.14344692 -0.623836279 0.330655932 -0.342607498
    0.976413786 0.291784704 0.400281847 1.15787888 1.76352692
    0.142945051 -0.63306582 1.3392241 -0.0145619512 -0.596162438
    0.4268471 1.46197271 0.657250047 -0.136099339 1.22557282 0.940826774
    1.50647831 -0.322251379 0.6202389 0.805557549 1.41725039 0.201113939
    0.0941663384 -0.0771386623 -0.217103571 1.38398981 0.817890048
    -0.217697263 -0.556586206 0.540988564 -0.323497832 -0.342382967
    0.597175837 0.623261929 -0.444609553 1.65362477 0.11063534 1.7130425
    0.256603837 -0.237647235 1.42040133 0.0523359776 -0.257506847
    1.41016936 1.2380085 0.244218528 1.62451589 0.291788578 0.163051248
    -0.524185658 1.61728477 1.25509524 0.354453325 -0.464967638
    -0.106458068 -0.270179689 1.38752723 1.33585179 0.633107662
    0.72901386 0.0195887685 0.948832273 0.935345888 1.13856947
    1.62227178 1.03404307 -0.410068035 -0.162217736 0.123355031
    0.190889359 1.74664998 0.564808071 0.850756884 -0.206612408
    0.505629182 1.38009691 -0.0580773354 -0.61968255 1.89455402
    0.0719169378 0.217398465 1.09520793 1.51267672 0.703745902
    -0.0941660404 0.397739768 -0.283465415 1.03259134 0.245728791
    1.09146547 -0.0697604716 0.396690011 -0.385704577 0.193177223
    1.29132354 0.607638061 -0.717631102 0.168479383 0.389765382
    1.35499048 -0.0440344214 1.41372263 0.53184706 1.01454818
    0.590037823 -0.0849917531 -0.3625018 1.52172947 1.14052916
    -0.578311801 1.05682886 0.860266745 -0.493117839 -0.624284983
    -0.346769214 0.350717545 0.410513341 0.624867022 0.0724583268
    0.820452392 0.675559163 0.620344996 1.4995048 1.20130885 1.33421111
    1.34432483 0.400923729 1.66973984 0.153024912 0.279077053
    0.553269506 1.34631872 1.06361485 0.872977972 0.693394601 1.45128155
    1.09892619 -0.631675482 -0.636517048 0.71837008 -0.718610108
    0.476375937 0.277091146 -0.0250671506 1.42320061 1.01133919
    0.625265837 -0.2164554 0.0520256162 0.55828476 0.490654528
    -0.00274080038 1.60462999 0.31697011 0.550522149 1.07578754
    0.245016813 1.77414012 -0.754413903 0.0464074612 1.40591943
    0.730690718 0.268431187 -0.0709651709 0.0863892436 -0.352229774
    0.617458701 -0.362019092 0.259124756 0.5769943 -0.389343441
    0.165733159 1.48159313 -0.626186371 -0.0891599655 1.43814921
    1.15378571 -0.543045998 0.0377752185 1.54273832 0.544749141
    0.780064106 -0.531897664 0.167776823 0.96729064 -0.0235803723
    0.0383346677 -0.323636591 -0.696939468 1.2716186 -0.386737883
    1.55712187 1.03274941 -0.185851455 1.54690099 1.08344769
    -0.00751316547 1.30889177 0.724296927 1.59580183 1.54095912
    1.52525055 -0.212225258 1.0144918 -0.594101369 1.46135092
    -0.747465611 1.52976775 -0.404144734 0.326849878 0.754664242
    1.4772774 -0.105436325 1.29168749 -0.0659013987 0.111804485
    -0.747549713 0.336494386 1.05069482 0.743332803 0.687039852
    0.636760712 1.00943065 0.976125062 0.529772699 -0.827232361
    1.13618433 0.498473406 1.4208926 0.524626672 1.37606025 0.453524947
    1.35393214 1.1708107 1.18759656 -0.215383887 0.788950801
    -0.893816471 1.12367892 -0.795830429 1.27416086 -0.355739325
    0.0320759416 -0.20163247 0.583627045 -0.219141543 0.600135982
    1.25615239 1.03439641 1.18224144 0.0395428538 1.54453015 -0.62213397
    1.68844259 0.650866032 0.00180393457 0.0836875439 -0.508561194
    1.16262627 -0.546998084 -0.495334506 -0.581931412 -0.196369529
    1.04758728 1.1208868 0.0744515061 1.73888373 -0.0128364563
    1.49808574 -0.495047539 0.0223215818 1.09199393 0.0360282063
    0.0970377326 0.335275054 0.556950331 0.568198442 1.07436502
    1.27649629 -0.337307096 0.523063481 0.0438556671 1.41756344
    0.231033504 1.34850645 -0.626734734 -0.0843039155 1.08842683
    1.84382296 0.759010255 -0.0957814455 0.936846435 -0.303775966
    -0.436469465 0.966859996 -0.713539839 0.81549865 -0.44668597
    0.573999047 0.316653073 0.904457927 1.67370033 1.02871871 1.01541042
    0.612107396 -0.555680871 -0.529520392 1.17646813 0.0538811684
    -0.485031784 1.73572659 1.54912901 -0.247432172 0.2863397
    0.253242433 0.880893588 0.733306944 -0.728996873 0.758517623
    0.555104077 -0.448733062 0.316543519 -0.638159215 1.42255306
    1.35440564 0.208850622 -0.0784121752 0.340975285 0.338454902
    0.592792094 -0.20550555 0.740234196 0.90299499 -0.293128312
    0.0472255349 0.0711900592 0.266839802 -0.249649227 1.4011668
    1.26069081 1.62481296 1.0051384 -0.127768457 1.58782697 0.287663221
    1.69497037 0.539230764 0.297293961 0.837643087 0.595191956
    0.0758501887 1.12725532 0.0070451498 1.52273321 1.62879109
    0.79231298 -0.595027208 1.33754683 1.48473334 0.204364479 1.32837439
    1.65283096 -0.206971586 1.18145657 -0.76813668 1.49089456 1.53673804
    0.0253759027 1.32326603 0.901589155 1.59162092 0.1994012
    -0.204599321 1.68197846 0.373512566 1.61638761 -0.834534109
    1.51256049 1.51715827 0.757327676 1.27473104 1.12326884 0.234144032
    1.1982522 0.360796988 0.590507209 1.12574148 -0.187204003
    -0.174523473 1.58649158 0.00544828176 -0.790722668 1.65279031
    1.62627447 0.185386837 -0.0256031752 0.81927979 1.10561895
    0.153762043 -0.771909416 -0.375069022 1.71696663 -0.35536921
    -0.351763725 1.25140262 0.475629866 -0.0491719842 -0.523384869
    0.268781066 1.43506885 -0.0833047628 0.124666691 -0.237045765
    0.232878447 1.61786509 -0.664335072 1.40721726 -0.198008716
    -0.652915657 0.563459098 0.350590289 -0.370351613 0.844449401
    0.725977957 -0.500639081 0.956061959 0.498407602 1.57451606
    0.641860187 -0.426074505 1.05527949 1.17892408 0.137776136
    0.203778327 1.63355207 -0.628732979 0.908122897 0.0596181154
    1.28457916 1.36743009 0.292072713 0.100078762 0.201809049 1.24354029
    1.47463202 0.794518828 1.24431193 1.10566211 0.511721253
    -0.122526348 -0.430978805 0.928778589 0.321855307 1.0111227
    -0.321311355 -0.59984535 0.266225398 1.56114531 0.0612569451
    -0.146119535 -0.73768419 0.808843911 0.969136417 0.881004572
    0.690790951 1.20129085 1.38105452 1.23875117 0.469508529
    -0.493822604 0.758589447 -0.695390046 0.505031288 1.48592067
    1.00544477 1.1710012 1.22451735 0.481885433 0.101721883 0.358448625
    -0.675463498 1.76744819 -0.337402582 -0.0791968107 0.248299837
    -0.442515582 0.0425022244 -0.777796745 1.40606546 0.92909348
    1.50181007 1.2492466 0.118970931 0.307454824 0.676503718 0.690034211
    -0.0408906341 1.05732286 0.665849745 0.714629591 0.283336937
    -0.249052048 1.17360449 1.06620049 -0.062739253 1.466712
    0.0218217969 -0.191211462 0.958034694 1.81744504 0.618348479
    0.534859002 1.41153145 -0.25802505 -0.534686744 -0.521057844
    1.11207914 1.5648253 1.62957573 1.55363357 0.037752986 0.87584579
    -0.437853843 0.575991452 -0.432967782 -0.0659456253 0.0879419446
    -0.63721776 -0.723330796 0.848745704 1.66726387 0.0528783202
    0.401496232 0.750542283 0.0912974477 -0.367055774 -0.534716249
    1.43946302 0.531427741 -0.131459236 1.73835516 0.0610522032
    1.14699125 0.646513402 0.317830741 0.17101419 -0.133817434
    0.448877037 1.45248866 1.28648853 1.62245095 0.349795103 0.752349317
    -0.618888497 -0.00268286467 -0.672948003 -0.208843052 1.44908643
    -0.206612229 -0.614041269 -0.172042608 -0.0941585302 1.40664887
    0.472004056 -0.0974602699 0.801389515 0.628902256 0.609652102
    -0.13898921 0.278882325 -0.273669958 1.70626998 1.19840086
    1.54018855 -0.0283317566 1.39653373 0.490168393 0.117641211
    -0.411489427 0.665096402 0.707541645 -0.402835637 0.227197349
    1.18699074 1.13587642 -0.83937037 0.440335214 -0.376711667
    -0.0922709703 0.278303385 0.107592642 0.809891224 0.818921745
    0.124033809 0.391447961 0.282610834 1.70187366 0.480060041
    0.280410886 0.125688136 -0.765213609 1.07190323 0.291397274
    0.0942456722 0.534308732 0.696922123 -0.646610796 -0.114940822
    -0.415406883 1.22962213 -0.491199911 -0.78521502 1.19457006
    0.493068039 0.516034067 0.454761386 1.52560341 0.759501636
    0.430767953 -0.188432515 0.756487846 0.0930464268 -0.309837043
    -0.758993387 0.297651231 -0.130552888 1.62046969 -0.452403724
    -0.499774575 0.232210219 1.57927275 -0.121548951 0.908803403
    1.51641607 -0.239516795 0.106968284 1.33160365 1.27481329
    0.204144061 -0.41737619 0.613779426 -0.460264057 1.65378308
    -0.340502739 1.56771648 0.548680365 1.3197813 -0.0844569802
    0.911041439 1.25787473 0.853726149 -0.499197513 1.43639612
    -0.0832029581 1.26026583 1.65854597 -0.0656598806 1.5172255
    1.1851511 0.282919705 1.40726614 1.72902703 0.310252428 1.72635269
    0.51504463 -0.647161901 0.0804804564 1.52133799 0.309628665
    1.38493752 1.63203263 0.366065025 0.959157944 1.83141553 1.72054958
    -0.060202837 1.48473966 0.654404998 -0.348983765 0.156108439
    -0.152898967 1.5153594 1.02241313 1.02482986 1.50992846 -0.634569049
    0.173020542 0.141554952 0.400614262 0.635960519 0.32835412
    0.181199849 0.366475403 0.716526151 0.613374293 -0.131542325
    0.799124777 0.851593256 1.19299102 1.4541285 -0.347274303
    -0.125931382 0.813911974 0.117136121 1.58020926 -0.38859275
    1.34090376 -0.106716156 1.48809421 0.416669846 -0.191907942
    0.0703140497 0.424867511 0.354088843 0.731532097 -0.595126092
    0.379101694 -0.508218169 0.711258292 -0.244336665 1.11255693
    0.171221614 -0.390213609 0.952411115 -0.384300858 -0.0110564828
    0.588844717 1.54820752 0.0490913987 -0.729542375 1.51177359
    0.794308901 0.498702168 1.45551145 0.721783161 0.923669577
    -0.560126424 1.45599735 0.386881173 1.34786344 0.613405526
    1.30843091 0.816373408 -0.0808755159 0.719104588 -0.727036357
    1.37610984 1.63102102 0.104153812 -0.411191195 1.69867253
    0.990435898 1.31589961 -0.237075508 0.248637855 0.438631594
    -0.101809263 -0.608317375 1.66264379 -0.0569376349 -0.181189239
    0.00459623337 0.475321531 0.942969978 -0.637230098 0.0608978271
    0.732179284 1.42684615 0.131354928 -0.119011104 1.60389769
    1.06801999 -0.333047867 -0.594106197 1.30819774 -0.715277076
    0.58557725 -0.0749582052 1.35243464 0.958819747 -0.540107667
    1.13341451 1.45468187 0.534198999 0.458108246 0.350093901
    0.741293073 0.030298233 1.43930125 0.129307628 1.09481525 1.48245549
    0.543421149 1.25102401 1.1103375 1.14030576 1.21213949 0.631836951
    1.04330814 0.106807888 0.79734093 0.427094698 -0.487383813
    0.614607275 0.17998904 0.229312956 1.55935359 0.585781753
    0.614006758 0.864893496 1.12628484 -0.648924947 0.783175886 1.382177
    1.5046711 0.567745328 -0.174991786 0.555784225 0.32266432
    -0.43329677 -0.544983029 0.804729998 1.43448257 0.676088512
    0.621347964 1.61714053 1.45327854 -0.277329773 0.00707948208
    1.28400612 0.470164955 -0.37839663 -0.44301033 0.115043521
    1.32495737 0.31803894 -0.63148737 1.60083175 0.936809063 -0.21833694
    1.27193522 1.59814429 -0.10111618 1.48990059 1.76132202 0.684605777
    0.249355197 0.755878389 0.811808169 1.45353413 -0.33717823
    0.893356979 1.24930811 -0.427324712 0.483448327 -0.19833225
    1.49356413 -0.35928449 1.23312604 1.49313879 1.14974415 0.659996569
    1.59132969 1.12235427 0.0591378808 0.389945269 0.526044309
    0.609924793 -0.611507475 0.215472221 -0.668215752 0.576572001
    0.0324710011 -0.629176974 1.68486905 0.697444677 1.58077955
    -0.289374948 0.955587327 0.849627614 0.388616323 0.249413967
    0.750658274 1.5719223 1.29499292 1.37836671 0.388721585 0.952305675
    0.488098145 -0.696528256 -0.741788447 0.568545461 1.14053392
    1.14506912 -0.0167831182 0.0539585948 -0.747900844 0.740304947
    -0.139462113 -0.624567211 0.792951703 -0.479810536 0.517651618
    -0.680610657 0.743304193 -0.739561379 0.58295393 1.14606726
    0.562295675 0.389677703 0.421074808 -0.055226028 0.426139712
    0.0276107192 1.63720191 0.493825734 -0.583406091 0.378661454
    1.59345567 -0.379786819 0.404947102 1.57485795 1.84709454
    -0.125840902 -0.558917761 -0.519222081 0.167826056 1.4332273
    -0.0215741396 0.758548617 -0.396704704 0.0629671216 1.02484107
    -0.435038865 1.38361561 -0.64270401 1.28944087 0.763029218
    1.03727114 0.863913178 0.939368069 -0.4780159 1.34779811 1.08748996
    1.42099881 -0.420305371 1.02490926 1.03603196 1.16620612 0.274370134
    -0.74647516 1.26086807 0.685596406 0.923665285 -0.874761343
    1.12299204 1.47183084 1.10392392 0.103959203 -0.0722638965
    -0.012630105 0.231008172 1.17668748 0.38686502 1.27113461 1.5047462
    0.182735443 1.84436476 -0.225555122 0.440080285 0.334636748
    1.43755984 1.29253435 1.64689207 0.430477142 0.0637362599
    -0.172601342 -0.0528224707 1.74189651 -0.0951103568 -0.228603661
    -0.477445126 1.45619309 1.42842317 -0.48467344 1.52907228
    0.370445609 0.024789691 0.138546824 0.181791425 1.56430578
    0.658728361 -0.90827167 0.753184378 1.36951458 0.874378681
    -0.618772507 1.04712319 0.695605993 -0.378154695 0.165181816
    -0.518138647 0.894304276 -0.261453927 1.63430429 0.566919684
    -0.277872086 1.34743786 -0.255230248 -0.177712798 1.32342124
    0.636976421 1.76046085 0.0056951642 -0.24495399 1.12922573
    -0.174080491 -0.116441846 0.373714149 0.039495945 0.688705266
    0.479946852 -0.613208652 -0.134052396 1.64737546 0.47210443
    1.25401473 -0.544715464 -0.338459969 0.378964841 0.18258816
    1.16275883 -0.0388652682 0.766676784 -0.0764417052 0.40855366
    0.448554516 0.556528091 -0.462671041 0.284343183 0.795719862
    -0.175672472 -0.132858396 1.00939059 0.139764547 -0.15494889
    1.4877131 0.7410236 -0.635570765 0.0296056271 -0.170540869
    0.343364835 -0.404568434 0.326476693 1.10013819 0.840377569
    1.48984122 0.981287241 -0.231237322 -0.00953394175 -0.458524615
    1.25000715 0.449039876 0.447265685 1.72996163 0.15930301 1.26261938
    1.36505187 0.838132977 1.7178396 0.406511128 0.991172612 1.58197474
    -0.679364383 -0.602230072 1.02409649 -0.257586777 1.20512414
    -0.703666687 1.01879227 0.165440142 -0.0386849642 0.0990213156
    0.712529838 -0.579231501 0.594463527 0.00786614418 0.599251091
    -0.192117661 -0.0254098773 1.13386083 1.80451572 -0.179688573
    -0.269159555 0.997003794 1.24209988 0.254275084 0.833318114
    1.55385971 1.72660255 -0.659292042 0.992692828 -0.374727964
    -0.145170987 -0.411845863 -0.496342361 0.723938346 -0.697512388
    -0.0194755793 0.278891265 1.57158303 0.8116045 0.380594671
    0.50288564 1.39980102 0.605912924 -0.610929728 0.604917705
    1.05512142 0.499011457 0.934125125 0.47034657 0.446768761
    -0.637541234 1.41130543 1.59787607 -0.514996827 1.34941912
    1.01867628 0.0395481586 0.449622571 -0.111772239 0.0392692685
    1.45005751 0.773649395 1.64725804 0.454430342 1.62875533 0.583313525
    -0.388424873 1.47217607 1.06252694 0.242122531 0.832280159
    1.34350657 0.747962892 0.740805626 1.04965711 1.05660081
    -0.473377734 0.10368669 1.02851391 0.136362731 0.991254866
    0.528005898 0.332831085 0.146616042 0.696930945 0.815058172
    -0.646881521 1.62793565 0.997119486 0.0627650619 1.15421534
    0.324605048 -0.305805653 0.0950835943 0.275950432 -0.588948369
    -0.00765484571 0.587775528 0.716741681 1.578933 -0.603581429
    -0.0638076663 1.08474445 0.182708919 -0.61396718 1.75323594
    0.502547264 -0.529847383 -0.64111644 0.103083074 0.356864512
    -0.611893237 -0.171101868 0.445712686 1.72055423 -0.584711432
    0.97917372 -0.42993021 -0.727004707 0.319410741 0.644088089
    0.388288975 0.412507057 1.32037187 1.21065259 -0.826345682
    1.61969304 0.670740366 -0.466178775 1.21151495 0.992699981
    0.167360604 0.982649386 0.915809453 0.215553463 -0.00357913971
    0.0712554455 1.39456999 0.698645592 0.529069901 1.18596482
    0.924396455 0.621143937 0.0819891095 0.1077739 -0.627975821
    -0.535298109 1.68865466 -0.435769707 0.389660478 -0.430420041
    -0.450405121 -0.0976385474 1.38158774 -0.399639666 0.748646975
    0.275222003 -0.160188317 1.48923063 0.763747156 -0.761008978
    1.22564101 -0.462898761 1.3250432 0.396333933 -0.253129959
    0.981705546 -0.241562545 0.944103003 0.673740029 1.02447212
    0.308877468 1.08345115 0.419804752 1.47222137 0.288417101 1.26517391
    1.20352888 -0.785146236 1.66895342 -0.144378662 0.228638113
    1.3985548 -0.221019089 1.32826114 1.59781885 -0.772558212
    0.466418982 0.316674113 0.67777884 1.07476616 1.36280763
    -0.595523477 1.03196216 1.57569683 1.41550636 -0.134353757
    1.60180187 0.404598355 1.62053704 0.574025989 -0.330548435
    0.376916766 0.827188849 0.508572221 0.103080571 0.636684835
    0.140174925 1.27747989 0.487358034 1.56246352 -0.311439574
    0.254252076 1.294976 -0.459785104 0.954841018 1.36433721
    -0.287029684 -0.60251379 0.509176672 1.66061044 -0.104193807
    1.66726756 1.61141205 0.474330783 0.0465083122 0.66091454
    -0.135140896 -0.293249965 -0.716890574 0.480722547 0.9910869
    -0.425200313 1.50369489 1.57371652 1.60121298 -0.418280661
    -0.504555702 0.188581288 0.397498369 1.11880434 0.096493721
    0.359631777 -0.551187456 0.584501445 -0.108663678 -0.613838553
    0.956546247 -0.573285758 0.365267694 1.52619958 0.0894551873
    -0.492828906 -0.158343732 1.22983479 -0.621280789 0.541428804
    1.34112549 1.53743529 -0.084969461 0.616060555 -0.0426281095
    1.39473033 0.797393739 1.20026827 -0.326731771 0.0667681098
    -0.34441191 -0.514157832 1.19505405 0.34914279 0.422529042
    0.853999972 1.24690497 0.759459317 -0.320995033 1.08147216
    0.490648925 -0.186931551 0.482255399 1.57022309 0.0688518882
    -0.939298391 0.894298851 0.534256697 1.3353951 -0.14783287
    1.24197865 0.733356953 0.425643861 -0.231844723 1.67560959
    1.21967244 1.5995059 0.249289036 1.30143976 -0.433393091
    0.0697142482 0.164428651 -0.226206183 -0.536928833 -0.43957752
    -0.729181528 0.0824444294 1.43748975 1.66652584 0.866200209
    0.173935652 -0.283485025 -0.100580215 -0.594558239 0.572707355
    0.21561712 -0.539232254 -0.102693439 0.778098047 1.562253
    -0.879752159 1.13674104 0.314705431 0.863903105 -0.749949455
    -0.572062969 1.25726867 1.44215429 0.550907135 1.04917288
    0.704876482 1.03914046 0.0900282264 -0.0048199892 1.74065042
    0.0771642327 -0.0544650555 0.401204348 1.67166388 1.14756966
    1.82194972 0.447566152 1.22968924 1.26257634 0.137236774 0.347996712
    1.43967903 1.5926125 0.698000491 -0.202653885 -0.666822731
    0.966547847 1.49343204 0.739883721 0.0179789066 0.19056648
    0.318708658 1.25881767 1.29451418 0.245201826 0.359067321
    -0.311609179 0.000227153301 0.424869418 -0.22495845 1.36372697
    0.461762249 1.21150768 0.45630759 0.279115081 -0.527349472
    0.0170702934 1.22172511 0.414045334 -0.706492126 -0.126029551
    1.65845752 0.044929266 1.40457487 1.62435269 -0.310702801
    0.206418276 1.68865132 0.0407710075 0.904405057 1.62300372
    1.07422864 0.600963414 1.63828921 1.54114556 0.668898702 1.19289231
    -0.375257313 1.60498273 1.01570451 -0.493129075 1.29273796
    0.835556269 1.33862853 0.492136955 -0.0448507071 0.843083382
    0.466602683 -0.158980072 1.42563319 1.26384902 0.96638608 1.12926066
    -0.182929456 1.33868742 1.29938531 0.828809619 0.402771354
    1.42788339 0.521275222 0.274376571 1.27997994 -0.477915823
    1.13909459 1.34869766 0.102033436 0.458109319 -0.292203575
    0.471397579 -0.422916412 -0.373810977 1.27902913 1.14254355
    1.30126023 -0.823574424 1.16589725 0.146434426 1.093647 0.665423512
    0.509243131 1.23218369 0.28822279 0.929871321 0.081407845
    -0.0398746133 0.0746548772 1.44713068 1.25375259 0.155808687
    1.40006518 0.991677582 0.529047847 -0.510449171 -0.789920449
    0.492754042 1.7199589 -0.340432882 1.39193225 -0.784638166
    0.290878296 -0.383726627 -0.402293175 -0.741215229 1.45129108
    1.45476294 1.72931254 -0.650946617 0.415271342 0.546951115
    1.51817966 -0.105071664 1.41406214 0.686654627 0.626478612
    1.22609377 1.64081454 1.40920722 1.05408621 0.16233933 -0.687700033
    1.56250954 1.64846468 0.0385428667 -0.65910548 1.24424756
    0.509029329 1.77708578 -0.529389381 0.627821445 0.815268874
    1.73270965 0.073895514 1.21102571 0.720064163 1.74900293 1.62537432
    0.459449947 0.295033097 1.66317153 0.436610579 0.288674116
    0.667506635 -0.751424432 1.47947538 0.957250118 -0.536894083
    1.11007428 -0.380092472 1.9086889 -0.290257365 0.704858184
    0.192531407 0.318494856 -0.108452618 0.926429749 0.126351953
    0.599276841 1.73608232 -0.696646094 1.36500204 0.191994905
    1.77511835 1.21333504 0.724192321 1.46285319 0.0699316263
    -0.0131601691 -0.413305491 -0.354926944 1.69526434 1.52078164
    -0.636489987 0.868424714 1.2737782 1.07190311 0.724228382
    -0.716504097 -0.340194106 1.29916048 0.781740785 0.0659887791
    0.217727244 1.53271198 -0.298162401 1.46542799 -0.169602394
    1.26973081 -0.367126971 0.482168853 -0.182404399 1.03486001
    1.33676696 1.74136257 0.48620075 -0.396072149 -0.325320452
    0.820804715 -0.268087685 0.671095908 0.892873764 0.589281082
    -0.568103194 1.66235662 0.538183391 0.793950438 -0.568921566
    0.303523779 -0.0850577354 0.485458136 0.530224025 -0.0547873974
    1.246912 1.13426471 0.179734528 1.09573328 -0.369814038 0.344497383
    -0.578258514 1.27460134 0.925857365 1.42069602 -0.0280734897
    -0.26711905 1.14652526 0.278376222 0.27616626 1.5621829
    -0.0713062286 0.21898973 1.46307349 0.0929988623 1.73736453
    -0.432035267 1.25986409 0.0895480514 -0.016564846 0.477048635
    1.24149454 1.53782582 0.340924203 -0.390152454 -0.628983974
    0.619124532 -0.123447478 -0.661802649 0.340588272 1.08734226
    1.49787748 1.05096889 0.22669214 0.800539851 0.398629427 0.895734429
    -0.575317442 -0.491607606 0.470314622 -0.477012128 1.39738369
    -0.135824621 1.51776409 0.728472352 0.834482014 0.548167944
    -0.487780392 -0.446263939 1.74159968 1.4789362 -0.298211634
    -0.349753082 1.68498874 1.41713881 0.0492184162 1.71545887
    -0.128780395 -0.251492918 1.19117618 0.548289776 1.54906607
    0.687651277 0.334239185 1.15747976 -1.02043056 1.19443226
    0.519867003 1.25570107 0.279557407 -0.430443645 -0.0296444893
    1.4483068 -0.618085325 0.423215747 -0.497701824 1.45113921
    -0.137744486 -0.420522064 -0.306864858 1.05537021 1.11184776
    1.66184044 -0.0413635373 0.0404735208 0.673789501 -0.287149817
    1.83120012 1.06341791 0.603774428 -0.645968318 0.926327288
    -0.354285181 -0.373351693 0.292866468 0.643475652 0.349912047
    -0.414731175 0.30221808 -0.130907118 0.818999469 1.27401686
    1.28216362 1.52112913 0.354194283 1.29416096 1.75011992 1.38886297
    -0.459117264 1.43589962 1.02806878 0.942585528 0.651205242
    0.0983226299 0.658385575 1.60778451 1.22457612 -0.210064232
    0.971843541 -0.747072101 0.513378978 1.50347972 1.15989745
    -0.257983923 1.77609265 0.481642544 -0.757086158 -0.773126483
    -0.402008176 1.49242735 1.04971862 -0.109780669 1.52770782
    0.212617576 -0.129807889 1.63562632 -0.241029501 0.270336211
    0.425420523 0.109778821 1.19187927 -0.204643428 -0.524242878
    0.0117304325 -0.45478949 1.42165875 -0.113162875 1.02836943
    0.23139596 -0.284954518 0.317565203 1.07625747 1.05558407
    0.739656866 -0.146028817 0.268259227 1.23812413 -0.583505154
    0.945473373 0.910104275 -0.73851949 0.634475589 0.534426212
    0.472374439 -0.274703771 -0.058725059 -0.685252964 -0.713796437
    1.3362155 -0.283507824 0.0859054327 1.20329821 -0.332536429
    0.342740119 -0.141537547 0.338888407 0.010967195 -0.313222766
    0.547693908 1.27706754 1.74971819 -0.477415025 0.0439261198
    1.32497263 0.405239701 -0.0715091228</data></my_img>
<your_img type_id="opencv-matrix">
  <rows>128</rows>
  <cols>256</cols>
  <dt>f</dt>
  <data>
    0.719660163 0.834845364 0.658905268 1.36476338 1.10634792
    0.883863509 0.912594557 1.63270903 1.56198752 1.19782162 1.41250134
    1.23794997 0.74912709 1.16629362 1.15583158 1.10433853 1.13024747
    1.51224732 0.727893829 0.948829293 1.31518698 1.48005843 1.09357035
    0.748597682 0.962921321 1.43986046 1.63215971 1.43855071 1.32581556
    0.937097669 1.11201155 0.984455168 1.64915287 1.6105547 1.52587891
    1.63926911 1.65441322 0.894556284 1.33464146 1.03999031 1.66671216
    1.60845137 1.2918762 1.21675885 1.3243432 1.41549838 1.18154907
    1.40817356 0.816161036 1.39109874 1.5778743 1.57100511 0.874644339
    1.0051235 1.14246309 0.782295704 1.0092901 1.67769539 1.39839387
    1.60927916 1.1372683 1.64087903 1.43431413 1.47337937 0.878174961
    1.29020417 1.21523917 1.43521643 1.07931757 1.13201153 1.18014765
    1.60941589 1.72682321 1.11272323 1.66664016 1.54212773 1.38579166
    1.6143862 1.7576586 1.01097989 1.23846459 1.12380171 1.24777603
    1.50247037 1.27499223 0.858633757 1.00512183 1.05142128 1.30849719
    1.32033503 1.17074978 0.821228445 1.36066639 1.64020193 1.80824625
    1.33580542 1.04775226 0.873730361 1.23012698 0.866630852 1.4902457
    1.73062766 1.83348572 1.60461414 1.21765304 1.04562354 0.93857342
    1.40572715 1.73608959 1.17788315 1.55395961 1.1744405 1.59876072
    1.1250459 1.74645388 1.0092119 1.63431847 1.09209514 1.20496094
    1.05052114 1.19459367 1.06956911 0.874656081 0.94660151 1.56258523
    0.81112498 1.23709309 1.26024687 0.985471249 0.931307256 1.92989767
    1.91170061 2.01852751 1.99021351 1.78322983 1.49179828 1.16588938
    1.42412651 1.02423 1.60345244 1.35409975 1.66319823 1.07595909
    1.15460658 1.49460387 1.22279143 1.52823997 0.991122067 0.707031667
    1.15026963 1.72385216 1.91468108 1.2109139 1.39233041 0.968409896
    1.23795247 0.682880998 1.15022445 1.50210381 1.64133 0.956145167
    0.918243408 0.732256174 1.52593195 1.63792419 0.895985425 1.40909052
    1.57102251 0.992116213 1.54925692 1.01156104 1.24384117 1.71617591
    1.36419034 1.24874687 1.23389196 1.41182327 1.58488584 1.81056082
    0.971272111 0.966033041 1.70537424 1.57942057 1.96188176 1.42455387
    1.83481324 0.950065434 1.68329239 1.47217727 1.25075293 1.16234171
    1.2859565 1.0577091 1.29807258 1.28707242 1.24815369 1.70194101
    1.62293184 1.81026697 1.71687937 1.44539928 1.24514341 1.41132426
    1.07074118 1.01100791 1.60964739 1.57636786 0.907649636 1.25876617
    1.7233448 1.69804943 1.38238454 1.72395587 1.12583768 1.70660806
    1.52662933 1.22137415 1.28977132 1.27696383 1.17277634 0.993541479
    1.19016564 1.50488472 0.926895916 1.42643988 1.84292173 1.78252983
    1.35142016 0.847279966 1.1512022 1.46308339 1.7266593 1.72747386
    1.1798321 1.27692091 1.47931981 0.737170577 1.42307854 0.916801631
    1.70103037 1.34681976 1.85715759 1.26510978 1.25459063 1.22804725
    1.75232673 1.09163237 1.17973959 1.68676567 0.963768542 1.62734997
    1.02269971 1.19458675 0.975305974 1.33836818 1.19942808 0.667619526
    0.624622285 0.698118865 1.25340724 0.954234838 1.22341132 1.07326853
    0.868459344 1.54168594 1.3729037 0.995763719 1.02104354 0.916221738
    1.29989386 1.66022837 1.20121062 1.06140852 0.974785388 1.34790504
    1.73148835 1.05240834 1.66568267 1.73147166 1.05709851 1.67106426
    1.15688503 1.35211015 1.05283296 1.24207246 1.44307613 1.46216595
    1.77467513 1.48183274 0.934940875 1.83447802 1.05525553 1.35282099
    1.07592225 1.18648124 1.24191773 0.859112024 0.999683559 1.53529596
    1.54753852 0.972847402 0.863014758 1.54057825 1.59722531 1.01699543
    0.988076329 1.56456375 0.748418629 1.17981255 1.49568152 0.934874117
    1.56335187 0.882646859 1.60681987 1.5078243 1.02516496 1.51168323
    1.43866968 0.869847357 1.17349637 0.782255471 1.37690306 1.16470313
    1.61655927 1.63182807 1.18631017 1.42982578 0.930167675 0.85864079
    1.6052438 1.45597005 1.05272579 1.84934461 1.64472866 1.1129607
    1.3909868 0.807502747 1.58166981 0.882006884 0.991039693 1.0274179
    1.03842604 0.875207424 0.889980674 1.1872226 1.08199716 1.17494333
    0.836923838 0.944560885 1.62089515 1.76358974 1.3802563 1.45342243
    1.03394151 0.680409491 1.45555305 1.0994544 1.4370383 1.7733407
    1.55327892 1.18132317 1.11993885 0.855614185 1.33153212 1.43927991
    1.04748774 1.23899817 1.3140775 0.965603828 1.81870127 1.36070383
    1.74001503 1.35625219 1.46615648 1.20078886 0.708650708 1.62013638
    0.880230069 1.00607097 1.06449509 1.34489179 0.815263569 1.46069515
    0.83081913 1.69286335 1.56698835 1.30235493 1.9476341 1.19004273
    1.90457058 1.01344836 1.74722612 1.55263293 1.81185842 1.48552227
    0.902972817 1.31757641 1.1265974 1.54195595 0.831321716 0.96333915
    1.58716881 0.785107553 1.01737332 0.706992626 1.07565308 0.984042883
    1.30727184 1.0563153 1.76095426 0.753144562 1.18527269 0.860312045
    1.00965488 1.09020066 1.1624229 1.27275586 1.11251223 0.808129072
    0.677244663 1.30107081 1.1492275 1.12442803 0.856257498 1.44884896
    1.14889526 1.7402426 1.54375052 1.77081299 1.22614658 1.41887081
    1.57764328 1.00561464 1.34725571 1.58337939 1.89008546 1.542454
    1.7001605 1.21443701 0.970564961 1.25683904 1.54550195 1.05847383
    1.04089558 1.26364911 1.59369707 1.06571937 1.21882296 1.63291097
    0.951727092 1.68571723 0.973521531 1.48335075 1.69297922 1.68628657
    1.49053156 1.30690324 1.37404656 1.13119173 0.998892128 1.64545822
    0.839531243 1.23938572 1.78853679 1.58508027 1.84999764 1.28831887
    1.69671774 1.07561684 1.49626935 1.17402506 1.40559852 1.59264183
    1.00536537 1.44451666 0.732726455 0.792204857 1.15740299 1.22312093
    0.859520316 1.26433682 1.56917429 1.68780351 1.52222586 1.26525319
    1.47064328 1.36945903 1.57180154 0.966326296 1.04897809 1.03648746
    1.0840801 1.19218946 0.914145589 1.40675914 1.48932326 1.77828681
    1.32124758 1.23885822 1.3269645 1.32196891 1.64446259 1.10472214
    1.39940608 0.914510429 1.22890401 1.29925799 1.40231562 1.29139745
    1.67529905 1.03221643 1.00009859 1.69643259 0.84200561 0.962800801
    1.07719052 0.746073663 1.52636695 0.786964834 1.68457854 0.851606548
    0.923705637 1.39152563 1.5186373 1.2814486 1.6174233 0.707411885
    1.2175231 1.18837762 0.855026722 0.88921988 1.37381101 1.44548559
    1.60840642 1.05344248 1.44342768 1.67123306 1.1424334 1.67133105
    1.49867702 0.927248716 0.928680539 1.75336349 0.830927491 1.84493148
    1.65747046 1.58041716 1.24283159 1.23644936 0.950455666 1.45103681
    0.880859971 1.46209717 1.54557395 1.5855726 1.05671692 1.20100725
    0.680630982 0.644582987 0.58760947 0.895577371 0.805548966
    0.739380836 1.6818924 1.37588549 0.903900146 1.59200013 1.44071722
    1.63463986 1.60532236 1.80269611 1.64357328 1.78085244 0.929896832
    1.23159862 1.60140121 1.6129446 1.54181862 1.15042448 0.811644495
    1.7619276 1.32458806 1.20695078 1.54642367 1.22204006 1.38788879
    1.65685618 0.886919856 1.2812072 1.75883758 1.2109201 1.47136474
    1.11727548 0.744807541 1.41028011 1.37307382 0.945649981 1.40024161
    1.19721389 1.67288268 1.32069147 0.903741121 1.4542135 1.34203374
    1.13411665 0.884903133 1.71781385 1.72308218 0.86956799 1.51455414
    0.906916857 1.12334621 0.919958651 0.841625452 1.76267254 1.69227374
    0.866687238 1.56690669 1.67610121 1.52363741 1.51936889 0.967057586
    0.895012259 0.896459818 1.0233804 1.3717469 1.73543561 1.51940715
    1.48845267 1.63558161 0.725071013 0.915181518 1.0567075 1.33792031
    1.35936749 1.13154674 1.69012797 1.40325892 1.13516474 1.33198869
    1.54080594 1.67962706 1.28272903 1.8002466 1.40142906 1.08768022
    0.882521033 1.48667037 0.962479532 1.72124684 1.7672255 1.42673683
    1.71271825 1.0719099 1.35811591 1.22172606 1.15683091 1.32165241
    1.6262033 1.37997901 1.29185128 1.38414001 0.960467279 1.781739
    1.59813929 1.50384712 1.3550247 1.37213767 0.966064572 0.835688233
    0.861914158 0.894469976 1.24212646 1.12748849 1.42237341 0.751212299
    1.16770077 1.17286861 1.18504965 1.00272012 1.28756905 0.956224442
    0.996837854 1.32800531 0.909523964 1.63144827 1.48766756 1.31403482
    1.50703979 1.76732206 1.65700877 0.934918344 1.48700666 1.67906559
    1.46528292 1.67101026 0.855926812 1.33960235 1.15814674 1.04870164
    0.836113453 1.01578248 1.6837014 0.849931002 1.48726225 0.964464366
    1.79762483 1.60654747 1.75352228 0.980872095 1.58471119 1.04018211
    1.14981282 1.61295092 1.65733838 1.77829349 0.863590479 1.06595075
    1.63207316 1.83996415 1.73581624 1.04660308 1.41266489 1.55079639
    1.02132142 1.80971849 1.46660328 1.13205016 1.21524596 1.57247186
    1.18647408 1.10066259 0.975757897 0.705724537 1.58268988 1.11590934
    1.6214844 1.65962636 1.77797019 1.81612074 0.929961205 0.8427127
    0.79290235 1.26150358 1.76407838 0.830366433 1.33469152 1.20530784
    0.960539639 0.961384177 1.57635415 1.41374266 1.59195948 1.05301201
    1.1061604 1.00789297 1.3706342 1.20982575 1.73563457 0.83718133
    0.820185542 0.855618954 1.22275341 1.05577791 1.24526811 0.772631645
    1.65669143 0.902983189 1.55542624 0.922112644 0.93187052 1.08674288
    0.940274835 1.55661237 0.89858222 0.75032872 1.42636144 1.23960221
    0.940151751 1.71749413 1.04181039 0.95182246 1.29370463 1.36685324
    1.76780879 0.884414196 1.67849767 1.82759547 1.38217127 1.43029571
    1.85976374 1.77993274 1.75032794 1.84936655 1.14951277 1.51456988
    1.70328689 0.740366101 1.27753997 0.78082335 1.86688948 1.21242118
    1.50135136 1.3971194 1.40623021 1.09465837 1.66767275 1.20715177
    1.08406544 1.4107765 1.34692347 1.47723544 1.46499264 1.45242059
    0.676825762 0.691847444 0.823726952 1.15449667 0.970432818
    1.29059732 1.49557006 1.17170691 1.63857031 0.925207138 1.12192357
    1.66256773 1.22804511 1.43979597 1.43988359 1.74740982 1.27775562
    1.37349868 1.14582098 0.872149229 1.10647321 1.61779201 1.36724043
    0.883091986 1.57497752 0.99430865 1.11522889 0.909312069 1.10215425
    1.44372404 1.68365681 0.998855233 0.946733415 1.59896708 1.47616827
    1.07809448 1.07989609 1.19101214 0.728855133 1.36843252 1.20920396
    0.802407086 1.27390504 1.6059835 0.921646774 1.66429186 1.22139776
    0.791633964 1.40412116 1.20009661 1.73535144 1.13111961 1.65973878
    1.38259685 1.28974128 1.55380356 0.71252358 0.863059282 0.780575335
    1.06722558 0.783307076 1.58567297 1.12063539 1.11343861 0.761274517
    1.23618114 1.20696723 0.945545018 1.48091483 1.80476511 1.2423023
    1.06761825 1.01147962 1.37023735 0.929564893 1.4246695 1.64168334
    0.849783421 1.60818052 0.740971863 1.17097569 0.826067448 1.70715594
    1.7132268 0.846017241 1.1878382 0.762473702 1.36948526 1.55166364
    1.2764225 1.51949263 1.59642756 1.12442565 1.45083702 1.3084625
    0.873318434 0.789468229 1.28224814 1.21627676 1.68268514 1.43912554
    0.961087525 0.970146596 1.24731946 1.22427523 1.7425139 1.46989048
    1.76879406 1.09041476 1.14634824 1.13575375 1.57348728 1.6156956
    1.31789243 1.83502269 1.48485136 1.0025574 1.32672656 0.730567157
    0.832918823 1.49039412 0.88828063 1.06131744 0.848853409 1.22997105
    1.16415751 1.74584258 1.12184858 1.27895772 0.931638122 1.45588899
    1.24002326 1.51443577 1.84692287 1.65872848 1.58745313 1.63766086
    0.823381662 1.5245465 0.548706472 1.42197931 0.991015017 0.965423524
    1.45633709 1.17422128 1.09684289 1.72270727 1.5262394 1.81594598
    1.42124236 1.4039917 1.59686875 1.29484248 1.34781861 1.69316912
    1.79220998 1.47206283 1.0289458 1.29463959 1.66416478 1.4126339
    1.52464056 1.89000487 2.03082395 1.1902678 1.81865764 1.36122417
    1.67135596 1.21996415 1.01186562 1.38230383 1.8846668 1.80201948
    1.25513351 1.39937186 1.07143509 1.59338605 1.28609729 1.51227605
    1.08246434 1.51570666 1.09166622 1.10822749 0.731821418 1.12532222
    0.788737655 1.68585932 1.50533414 0.868254721 0.690748096 1.14590049
    1.57474434 1.14110136 1.74800432 1.06710088 1.28395128 0.9241184
    1.32216346 1.08162689 1.22752678 1.06904161 1.42441154 0.982192755
    0.86805135 1.16665196 1.10797119 1.38384581 1.03509796 1.80337715
    1.49876702 1.7077086 1.37723613 1.56011522 1.16504478 1.59444523
    0.908482015 0.987996817 1.06283522 1.35064292 1.25698721 1.03898072
    1.90185571 1.20708036 1.41249478 1.38446999 1.48875475 1.21163166
    1.74512553 1.50616384 1.61418509 1.77352631 1.1040442 1.27418947
    1.8697058 1.799721 1.47304404 1.32487595 0.845522285 1.58366907
    1.34864593 0.993486643 0.904561639 1.02708864 0.98942703 1.498842
    1.14951658 1.57291126 1.41403103 1.46590745 1.11811078 1.89259255
    1.87020946 1.32217491 1.12345409 1.25873244 1.08585668 0.85647887
    0.602192581 0.534824848 0.99379307 1.38912284 1.31665909 1.52171135
    1.70736885 0.83690393 1.6798948 1.51083302 1.10551107 1.47239745
    0.964365542 1.23672152 1.36630106 1.67912543 1.80873406 1.65633726
    1.17967558 1.49318445 0.85348773 1.04615998 1.0030427 1.41627073
    1.45130754 1.61095035 1.12440205 1.19934452 1.12258303 1.65939236
    0.889983475 1.18556845 1.04592967 1.76814806 1.41186535 1.09166193
    0.846886158 1.28121626 1.65755141 1.18027222 1.34672213 1.48035359
    1.83669841 1.14933693 1.52804565 0.873716652 1.11082125 0.846263766
    1.3678385 1.43489444 1.38201165 1.42100525 1.22703266 1.37233365
    1.59263349 1.05029786 0.971425176 1.66749668 1.19279003 0.951953411
    1.57276988 0.928540468 0.849846125 1.11070907 0.897028744
    0.926761806 1.40455639 1.09833705 1.42122591 1.4028542 0.8738783
    1.36462057 0.801715493 1.10150719 1.5127151 1.53171217 1.69052482
    0.843887687 1.13587391 0.984963536 1.2796402 1.24846339 1.58531034
    1.05552602 1.5654453 1.05000186 1.05235827 0.784244537 1.3014679
    1.45151687 1.29991019 1.26145101 1.87225437 1.63810003 1.62663805
    0.793108881 0.976035297 1.12633634 1.56185853 1.48360276 0.917427778
    1.75145209 1.77848685 1.65458381 1.28203726 1.27451944 1.03097808
    0.904618382 1.49388885 1.11527038 1.45195615 1.54080105 1.60694051
    1.80224442 0.937175989 1.49030721 0.787048995 1.00954854 0.711178124
    1.35383463 0.709094524 1.07476819 0.748097718 1.70963275 0.90403527
    1.74552071 1.0146122 0.855086982 0.830127954 0.910095453 1.64699066
    1.1815207 0.876778901 1.2423842 1.01962483 1.72603846 0.835549116
    0.782798052 0.693189919 1.13062954 0.976875782 1.31912351 1.28601968
    1.17218101 1.55231905 1.53922606 0.943710327 1.83199966 0.905842364
    1.24324191 1.23864901 1.22165573 1.47726512 1.57282686 1.26572144
    1.10714328 1.46832716 1.40371251 1.47858155 1.96201706 1.57733464
    1.98434305 1.9598453 1.40724719 1.6861732 1.2714951 1.29705226
    1.34989297 1.69539559 1.6501323 1.37702072 1.02064407 1.78951609
    1.19476461 1.37820983 1.547683 1.15741396 1.7238059 1.66656017
    1.14466763 1.18913329 1.2092905 1.20573497 0.830524445 1.46663547
    0.924642801 1.43936455 1.11246789 1.06080031 1.44018757 1.13474941
    1.2491461 1.72938967 1.00472295 1.17741561 0.949464262 0.728609145
    1.05980432 0.945670605 1.33092725 1.31623149 0.899397016 0.740412831
    1.55745971 0.817850232 0.966623962 1.75371909 1.65993512 1.5907681
    1.61642921 1.75589025 0.880572081 1.30755746 1.63922787 0.903032303
    0.986574888 1.39421117 1.78205073 1.74091768 1.92563605 1.61596799
    1.63155186 1.82506263 1.57359099 1.32449186 1.74193895 1.36007941
    0.86845088 0.875226617 1.83717155 1.68515706 1.08029306 1.51727962
    1.43291759 1.70263445 1.55334163 1.00557756 1.40397787 1.02466524
    1.70087707 0.925270438 1.45351815 0.874979556 1.73288798 0.952250481
    0.893237174 1.37701404 1.31336284 1.6681447 1.3141731 1.54096615
    1.81103754 1.23880827 1.33271992 1.13014817 0.882423103 0.843019962
    0.832184017 1.32085323 1.59495842 1.47936594 1.56606412 1.38943839
    0.781751812 1.45985234 1.24372458 0.799744844 1.66745126 1.09741902
    1.43038821 0.869681954 1.86526299 1.42896426 1.75268126 1.115098
    1.24083602 1.26812851 1.62562287 1.00388968 0.829282522 1.24050844
    1.59143806 1.42300367 1.08305776 1.02963448 1.67866468 0.98654294
    1.52976751 1.5111661 0.906350195 1.77356672 1.24945641 1.09536707
    1.1610378 0.984185696 1.24590468 1.56560576 1.07612121 1.18676412
    1.78881538 0.79977262 1.09293818 1.06334436 0.667934418 1.17657685
    0.756281734 1.67731833 1.26472366 1.59117305 1.03812754 0.940685034
    1.13514221 0.807479203 1.02497494 1.66052723 1.11299109 1.04343212
    1.37805235 1.74973965 1.7337023 1.6357646 1.75374997 1.39654362
    1.49767244 1.53128231 1.64885712 1.22589731 1.64833689 1.31663895
    1.64550674 1.70171177 1.6231966 0.973344207 1.05799866 1.57033813
    1.4686799 1.46396697 0.953756511 1.1851213 1.10378194 0.987925053
    0.91823107 1.45337737 1.59142876 1.42553389 0.841186464 1.53600383
    1.04104483 1.62380004 1.20825779 1.65615714 0.67537117 1.15582609
    0.777799785 1.17248547 1.41454148 0.778433621 1.015481 0.924628437
    1.67380095 1.20253849 1.34630013 1.7990793 1.40475011 1.04033756
    1.25980759 1.2178762 1.15633643 1.17245984 1.64971936 1.75196576
    1.71126473 0.979161203 1.15565276 1.48677635 1.37227595 0.890372872
    1.02067769 1.26345766 0.858423591 1.82343745 1.87742686 1.21385825
    1.47373593 1.06817961 1.33789682 0.989217818 0.999353707 0.759307504
    1.58738768 1.33562648 1.82887053 1.53192127 1.13468456 0.949092209
    0.730868042 0.800842226 1.3391149 1.62804151 1.15344548 0.961606562
    1.69153643 1.68018615 1.78864896 1.20408082 0.80589366 0.985269248
    1.7570318 1.57528269 1.7251873 1.53471613 1.66983092 1.72652972
    1.00950015 0.967110991 1.74487841 1.91468143 1.8706013 1.38102698
    1.80857718 1.40190244 1.22525454 1.67714846 1.00823712 1.28821659
    1.63487399 1.82047427 1.8311398 1.77526152 0.902961791 1.302163
    0.890092671 1.27970624 1.25091088 1.87559736 1.45933974 1.24732864
    0.921092629 1.31615138 1.12414062 0.917197824 1.71486485 1.12971663
    1.83771932 1.3206507 1.83034635 1.18720388 1.16468203 1.07243848
    1.52468944 1.50621712 1.33694279 0.915454507 1.58816719 1.17987132
    1.45844316 1.34968758 1.55527234 1.2030102 1.0320015 1.41376865
    1.16037226 1.13157129 1.60120618 1.25738108 1.67526209 1.31056154
    1.61226225 1.18174446 0.979895353 1.67629802 1.44695437 1.30351174
    1.71578455 1.96531749 2.01242638 1.59452915 1.16806746 1.86096156
    1.72236383 1.20324409 0.908474088 1.08373559 1.46730745 0.976848722
    1.44935608 1.51310015 1.35127699 1.11288679 1.19597566 1.29080331
    0.971651733 0.801349699 1.46580863 1.10104704 1.7415961 1.60059988
    0.722670734 0.715652704 1.04380119 1.55324113 0.924742877 1.41221845
    1.23892438 1.61297596 1.32795656 1.53614581 1.8566978 1.65118206
    1.29765081 1.50081789 0.734633446 1.57709503 0.774968743 1.10451674
    1.1686759 1.45977759 1.03266895 0.910396576 0.681652486 0.831399322
    1.14028096 1.06712151 1.23906136 1.00052488 0.902238965 0.831355572
    1.51160645 1.2678504 0.868813217 1.18393219 1.33905089 1.45036745
    1.02070498 1.43642831 0.680246651 0.801215887 1.43339145 1.45188582
    1.56077218 0.920874357 1.40756679 1.28284657 1.23275113 1.16208875
    1.33789492 1.31545961 1.85460913 1.46219957 1.57790208 1.76590049
    1.23950005 1.81340885 1.27366066 1.35378575 1.19039536 1.25167871
    1.08814752 0.668924272 1.17084157 0.903415322 1.20902562 1.20129943
    1.38208663 1.64506662 1.67597663 1.04196763 1.62439251 1.63772643
    1.36071455 1.29341972 1.64562702 1.34859967 1.79609692 1.0784992
    1.36777997 1.35976851 1.09932768 1.56046307 1.05262005 1.23286963
    1.28762925 1.03467226 1.07892478 1.67753947 1.75572467 1.60949898
    0.856311381 1.45697105 1.78217924 1.75828362 1.60259581 1.46413386
    1.48165631 1.48938072 0.84376359 1.09908712 0.959762692 1.68314123
    0.801223338 1.61571145 1.5110116 0.989208221 1.25616193 1.46083486
    1.65268338 1.70008993 1.39751363 0.968583941 0.728706241 1.26088035
    1.47661257 1.65351951 1.33422649 0.954191148 1.26004314 1.37513423
    0.988104165 1.41906726 1.67778456 1.15780139 1.68942416 1.06378186
    1.81981957 1.43784964 1.62841058 1.12397778 0.950316429 0.803566396
    1.1850704 1.34756792 1.32375562 1.6758374 0.928463221 0.86021167
    1.06593072 1.86029911 1.89709926 1.8351773 1.08615768 0.917598307
    0.921899498 0.913294017 1.46668136 1.09119451 1.05733728 1.0753907
    1.08135831 0.947678685 1.23832214 0.885330856 1.47973061 1.6783421
    1.76572168 1.5477401 0.866372943 1.73617101 0.743097842 1.21862209
    0.800824046 1.45788598 1.5179441 1.25980437 0.836593866 0.875993848
    1.81858349 1.73568702 1.44712627 1.62676978 1.61452329 1.69531631
    1.82334745 1.65294981 1.76573658 1.38368893 1.1530689 1.17733586
    0.824476123 1.27781856 1.27439511 1.663234 1.30642486 1.11280203
    1.56913042 1.18944037 1.42420411 1.64115512 1.59869552 1.81428158
    1.8923707 1.53346598 1.56890416 1.71772885 1.15453446 1.76649904
    1.15484333 1.10798299 1.77331114 1.00887489 1.85315681 1.2072233
    1.54827869 1.55158341 1.81790209 1.31764841 1.52976823 1.08323467
    1.0086571 1.67262876 1.5229398 0.871780574 0.910750747 1.42770851
    1.564417 1.13256323 0.785329223 1.32749462 1.37485385 1.21457136
    1.86132467 1.76425588 1.40869927 1.16336691 0.993293166 1.83356178
    1.58808243 0.856087208 1.43147254 0.995282114 1.7893213 1.26576281
    1.65463698 1.70398104 1.8943615 1.31209886 1.84026229 1.59887075
    1.04827964 1.03800035 1.37363338 0.824613869 1.4231652 1.6540488
    1.69665825 1.56613553 1.46983135 0.875880659 1.74349785 1.68014014
    1.69534957 1.85325944 1.41701925 1.16125977 1.30124187 0.959711552
    1.42238009 1.4009794 1.57924569 1.53985608 0.929490328 1.02719223
    1.17754841 1.77971745 1.08360231 1.90863633 1.41534841 1.55876315
    0.720890939 1.50981402 1.17924809 1.19542933 0.911185205 0.839276016
    1.12098384 0.9365713 1.40988898 0.872381747 0.988650441 1.4247663
    1.07840538 1.61569095 1.22066438 1.17820704 1.77173758 1.26482391
    1.37933743 0.87564826 0.874366343 1.67275226 1.66890931 0.729803383
    1.22920299 1.27247477 1.45213413 0.934874833 1.46496952 1.33135462
    1.53556371 1.44968438 0.907046914 0.853868783 1.12695873 1.35478973
    1.67551124 1.8282274 1.63076353 1.53357232 0.833267033 1.64580357
    1.21799588 1.46020484 1.27201402 1.3939867 1.02108538 1.10128736
    0.846388936 1.46654534 0.912108719 1.47909868 0.899087787
    0.932462275 1.35001791 1.53931487 1.27432382 0.79258734 1.43893731
    1.75227213 1.24341607 1.11516619 1.80436814 1.08624947 1.26224935
    1.16288769 1.58203912 1.59549534 1.80249882 0.930171132 0.950911462
    1.49047673 1.00608993 1.48652947 0.983104885 1.65913248 1.47773659
    0.95873183 1.79937732 1.85980904 1.82474041 1.58196867 1.32308924
    1.42793703 1.44304812 1.20430219 0.765028119 0.826618373 0.910869002
    1.51162446 1.31141484 0.911645412 1.7010206 1.43009996 0.843509078
    1.10961092 0.912580371 1.36086822 1.06565416 1.54876459 0.83670342
    1.09690714 0.878824413 0.87050885 1.7626667 1.5468148 1.7189548
    1.70325994 1.66993797 0.963963449 1.32487285 1.11130679 1.46316755
    0.832726538 0.924895525 0.96633184 0.805421531 0.964997053
    1.16755652 1.04034007 1.59900713 1.31277752 0.828815818 0.769161284
    1.69010389 1.63834751 1.29712069 1.86099291 1.70098114 1.4717263
    1.53904438 1.00361943 1.09020281 1.07879186 1.17812192 1.32038474
    1.68515813 1.89428401 1.91361833 1.75609887 1.11783862 1.25971413
    1.31782782 1.44095838 1.06536555 0.827878892 1.09900606 1.64495695
    1.45028996 0.835409522 0.733116269 0.762536824 1.24261177 1.32588041
    0.820050895 0.92253691 1.81583703 1.07798386 1.69272864 1.11094284
    1.00135183 1.65632582 1.05175447 1.26744413 1.45189524 1.08320749
    1.14195776 1.67231894 0.826938033 1.29000592 1.49864018 1.00709701
    0.831113398 1.44469023 1.24411631 1.41298282 0.91300106 1.21224844
    1.12126124 1.25350356 1.85932672 1.70204616 1.54542339 0.842583418
    1.03379858 1.61950421 1.5856756 1.35431111 1.72125673 1.37644589
    1.09606361 1.40112078 1.80815971 1.77377069 1.75766146 1.28126776
    1.20608234 1.75086987 1.42720127 0.994560063 1.89995325 1.19625759
    1.03235817 1.59227109 1.50550663 1.30367279 0.891525328 0.907976806
    1.83367693 1.53853941 0.997084796 1.74934101 1.83683395 1.58101106
    1.25915658 1.44248116 0.858259618 1.65584743 1.29095745 1.6404779
    1.52594316 0.959421277 1.89298677 0.890954018 1.24518931 1.50532377
    1.67068076 1.72982514 0.935825229 1.40814924 1.61141825 0.872772813
    1.86685038 1.70688844 1.55015135 0.944659889 1.5663718 1.19485319
    0.973619401 1.49552917 1.75386941 1.37900043 1.23300076 1.19075131
    0.978858113 1.62802839 1.14811099 1.71439028 1.63254118 1.27480972
    1.65893781 1.25878513 1.09252214 1.33128631 1.58091187 1.5512557
    1.46487463 0.855986893 0.716642261 1.57377934 0.872653663 1.02290773
    0.639659941 0.599502921 0.766212821 0.741299927 0.92193979 1.0299598
    1.09327304 0.841364801 1.79076099 0.963643491 1.14812386 0.815912485
    1.18504488 1.05860102 1.01964867 1.36622334 0.780793488 1.23155653
    0.742523551 0.80017215 0.900934577 1.49010384 1.74194455 1.44879675
    1.35775316 0.754817724 1.04823279 1.01805031 1.14049304 1.20812976
    1.7616874 1.88469934 1.36197424 1.17352521 1.58974266 1.44249535
    1.20728087 0.847716808 1.29896522 0.897040129 0.832833648
    0.988083065 1.59436572 1.20815217 1.28177607 1.11443007 1.71443546
    1.30348396 1.70603335 1.11962032 0.937013984 1.43044376 1.40798509
    1.09508622 1.6565237 1.70137537 1.15355825 1.61735129 1.10776758
    0.893279195 1.52654684 1.45629418 1.40047741 1.04426157 0.922699869
    1.56006646 1.58690226 1.59361231 1.66483462 1.49929762 0.930024981
    1.87966859 1.16792369 1.78930259 0.977007866 1.74997616 0.971103966
    0.886086881 0.98820585 1.47570157 1.07975948 1.62432325 1.38088024
    1.1937927 1.30027056 1.32939923 1.43224204 0.865176916 1.14357018
    1.60260403 1.37013841 0.983909249 1.77056122 1.78784299 1.70439911
    1.21761775 1.64576805 0.772901595 1.38135111 1.03458035 1.10902727
    0.833581567 1.08176398 0.919544101 1.14578271 1.2649461 1.55918789
    0.836738944 1.53267789 1.15560889 0.718793631 1.5330466 0.895347118
    1.50718343 1.53246319 0.745692611 1.32096386 1.00139213 1.7083534
    1.20224774 1.52832913 1.58249271 1.17698252 1.63258255 0.867286742
    1.71465588 0.864224613 1.61445785 1.5755744 1.80500782 1.30780089
    1.10381293 1.91940296 1.84876418 1.82325017 1.17472386 1.19145095
    1.51740766 1.4895432 0.823890269 1.21310222 0.881684482 0.750962257
    1.12333894 1.54662752 1.16140211 1.35956621 1.42647791 0.788026035
    1.27918911 1.0331533 1.85674632 1.2607305 1.75703466 1.50840008
    1.55081213 1.21670425 0.997208357 1.44661343 0.897350609 0.964931667
    1.17940366 1.27426076 1.42548752 0.785332918 1.04151523 0.955787718
    1.45275402 0.994933128 1.22043622 1.80316305 1.59060502 1.41643739
    1.09939313 1.47895682 1.92898309 1.71601462 1.80901873 1.745157
    0.828268468 1.2606405 1.62130141 1.66165233 0.964492738 1.13373029
    1.26128733 1.03073573 1.44158053 1.45635509 1.8129797 1.0333606
    0.932255685 1.70864427 1.8339268 1.30635941 1.290555 1.20714688
    0.900495708 1.20261002 1.29139781 1.65467715 1.67362142 1.49735355
    1.62038493 1.87398171 1.82690167 1.79390287 1.87209177 1.38809574
    1.79330158 1.48862672 0.858976483 1.63138628 0.872736692 1.15028477
    1.08512926 1.01410985 1.30742466 1.50026131 1.09657037 1.81364
    1.45225775 1.37247837 1.49238443 1.55383265 1.61512709 1.93220627
    0.925442517 1.72330356 1.31840158 1.61701953 1.46267676 1.5250572
    1.75890839 1.02438629 1.5476141 1.76331949 1.82053387 1.36826098
    1.41163075 1.83355808 1.2989521 1.1812197 1.1175276 1.29521835
    1.55011988 1.66167748 1.35336828 1.1227448 0.957771182 0.827949345
    0.927296519 1.41124141 1.48174322 0.854105949 0.924530029 1.45671773
    1.09321392 1.0445087 0.696097195 0.682386041 1.5580914 1.2302022
    1.50564647 1.42627203 1.06456602 1.39985514 1.25367463 1.13585675
    1.08293796 0.685926735 0.667359471 0.891441822 1.38452685 1.46952462
    1.65787804 1.62651217 1.17896712 0.980791032 1.04388428 1.47603214
    0.932149351 1.66379809 1.54926646 0.875334203 1.72010171 1.06573772
    1.68520689 0.891045451 1.67233169 1.51109374 1.39666116 0.950949848
    1.14149618 0.995884895 0.982148111 1.21558583 0.918633699 1.68264985
    1.11647379 1.79060841 1.18386841 1.43807411 1.35010266 1.45426738
    1.7019068 1.54029822 0.881942332 1.52263451 1.28816533 1.75896502
    1.61067271 0.969089389 0.821465194 1.53200781 0.948874116 1.63787472
    1.54175675 1.24968219 1.23243594 1.44307327 1.57955253 1.5008235
    1.43873823 1.626562 1.48828602 1.05653775 1.49934864 1.34325969
    2.0312624 1.7143693 1.77975965 0.846997619 1.31647086 1.00133908
    0.992990077 1.10922968 1.06482542 1.12753332 1.27820969 0.969719827
    1.57918298 0.87451911 1.03180122 1.47411048 1.07106984 1.71973109
    1.73853481 1.65141833 1.60935223 1.72674668 1.01683688 1.47720015
    1.36142981 1.60895252 1.25222373 1.71848202 1.45597637 1.25397754
    1.57191169 1.66304219 1.05299437 1.3082118 1.3974452 1.66820598
    0.936003506 0.884565175 0.734131753 1.3581419 0.876424134
    0.899369895 0.914246798 1.04797471 0.9807989 1.46503723 0.976531982
    1.33086109 1.15285027 0.944282174 0.918177664 1.44830847 1.36335933
    1.20326853 1.12145436 1.05197859 1.65579641 1.84060287 1.36201346
    1.59119737 1.39176476 1.71216524 1.34537053 1.45389402 1.53533328
    0.899517894 0.906836689 1.37419581 0.963912904 1.46699178 1.06634331
    0.784498155 1.12188947 0.824269772 1.48655963 0.798167467
    0.960626185 1.23655999 1.77094293 1.01582098 1.7593652 1.08378863
    1.56354463 1.82132542 1.36757827 1.25182939 1.60398817 1.66836214
    1.2960304 1.43068469 0.762954712 0.723077714 0.992736042 1.28327143
    1.14881158 1.09140301 1.33540094 1.38863766 1.08959222 1.11862862
    1.78948259 1.47576904 0.910926282 1.59274292 1.31688118 1.26250756
    1.32754135 0.872494757 1.41438067 1.48717487 1.24583077 0.884997666
    1.78156531 1.71661615 1.82209134 0.908522606 1.09173715 0.897505343
    1.38392603 1.69524539 1.8671037 1.50259852 1.59706438 1.60887671
    1.21456563 1.00850999 1.24727976 1.67867327 0.939962149 1.08529186
    0.862440109 1.41499817 1.38846362 1.82315123 1.28078771 1.63111091
    1.78557312 1.12661076 1.46619821 1.17322373 1.35118628 1.55349886
    0.71858269 0.867566824 1.37236547 1.69459236 1.6284337 1.53377998
    1.74732995 1.66346276 0.857361317 0.916651011 1.38748288 1.77753735
    1.70765293 1.46491218 1.73373842 1.70173848 1.2144599 0.972249031
    0.906109989 1.81412947 1.46073735 1.7603302 1.08625734 1.6951977
    0.988935649 1.06885886 1.39415634 0.915350616 1.75589561 0.954109192
    1.2842201 1.60352576 1.67641068 0.829244792 1.11686623 1.20785785
    1.1013329 1.27297068 0.949401796 1.36412358 1.18166482 1.5114454
    1.12607646 1.20360935 0.718252838 1.53538704 1.13174558 1.52695715
    1.58356464 1.16399384 1.59063137 1.53275692 0.900848925 0.989713669
    0.767445385 1.24241138 1.59418297 0.944930792 1.01533949 1.49412525
    0.990338206 1.62395287 1.2688123 1.55011785 0.715246677 1.19129765
    1.40910637 0.778046906 0.74264437 0.749932706 0.843411982 1.23755276
    1.4325701 1.10651851 1.0028044 0.950163007 0.898879588 1.14442635
    1.68681633 1.16171217 0.768371761 1.61262763 0.815421045 1.16679311
    1.12583363 1.22368443 1.79327571 1.04450083 1.16749012 1.36629736
    1.13713789 0.85734129 1.29410005 1.65780783 1.04154801 1.78859496
    1.29061055 0.864895999 1.61161554 1.19381595 1.54760492 1.03474128
    0.729953051 0.981011808 0.845513642 1.08400106 1.14474392
    0.878526032 1.60361099 0.833124816 1.07533419 1.05786681 1.65554905
    1.40809643 1.46914005 1.84832394 1.31736147 0.74973774 0.868785977
    0.642016232 0.793514788 1.08958268 1.54695904 1.39018893 1.00662255
    1.50372958 0.941420197 0.932263315 1.24923337 0.885754824
    0.888446987 1.8550607 1.48821223 1.44710457 1.67466104 1.14585352
    1.12653971 1.00953114 1.34493101 1.28014755 1.12749124 1.37793624
    0.973955035 0.722292304 1.0836947 0.998567462 1.2234503 1.52092564
    1.58205616 1.44440734 1.28728747 0.975549579 1.24485922 0.914039433
    1.57063806 1.65793586 1.53714156 1.56764305 0.737090647 1.02353382
    1.53939474 1.46106744 1.17781222 1.57768226 1.19044042 0.935784519
    0.970113397 1.66377378 1.83449221 1.7135433 1.02588558 1.75032806
    1.45930135 0.913170993 1.25765979 1.58480847 1.70836473 1.83142531
    1.78763807 1.72239816 1.77056777 1.26049578 1.03111744 0.744741738
    0.837916732 1.16620469 1.50619447 1.1930424 1.02136004 1.44352257
    1.69283307 1.01198089 1.03711402 1.32909811 1.34467697 1.69582105
    1.67830563 1.79605854 1.87944901 1.40574026 1.6763953 1.63873255
    1.62043059 1.68008792 1.48663461 0.71289134 0.74837023 1.23404467
    0.781517863 0.946594834 1.48516071 1.76159239 1.3077426 1.087075
    1.69867957 1.02951086 1.48041594 0.999946117 1.75221968 0.938692331
    0.997347474 1.73996866 1.09462404 1.55803442 1.68363273 1.28473723
    1.21891284 1.00811541 1.35620487 1.07295883 1.13049364 1.55361497
    1.83386183 1.66555393 1.11970413 1.60137212 1.74676669 1.39944124
    1.47914255 1.00677192 1.29791296 1.2015177 1.5908618 1.09928679
    1.13853228 0.974238217 1.49624121 1.50705075 1.76853037 1.3606894
    1.79704213 1.75387383 1.87288892 1.30413687 0.953628719 0.736522019
    1.16331923 1.00294507 0.741524339 0.85208565 0.950175941 1.23132658
    0.972961545 0.884110749 1.19259691 0.849621356 1.36767054 1.8325963
    1.4684633 1.35974574 0.993282199 1.74813449 1.18996465 1.20097136
    0.766634762 1.08175302 1.57427621 1.59527349 1.71982467 1.70973945
    1.49298227 1.07346964 1.75276756 1.45243776 1.23975277 1.1085366
    1.74221897 1.73244452 1.10355294 1.56990588 1.13295639 0.945109963
    1.62352598 1.36762607 1.38210344 1.49735415 1.22274137 0.966650128
    0.805695176 0.938710868 1.44921422 0.820603609 1.53244269 1.28611541
    1.74380958 1.33460879 1.43783855 1.05795968 0.901474476 0.943640292
    1.32749212 1.28542519 0.945098639 0.794963717 0.854853094
    0.992414832 1.59439266 0.999186516 0.832331836 0.779242992
    1.57245171 1.06488681 1.45436954 1.47072887 1.54459214 1.10180366
    0.891794503 0.91807431 1.2203747 0.784861565 1.13999569 0.777763367
    1.61348999 0.913981915 1.6241107 1.17733514 1.38940203 1.65440953
    1.30802047 0.976727903 1.25682342 1.75908089 1.63685966 1.53549707
    1.06465352 0.77524972 1.14372408 1.71253264 1.60980201 1.469208
    1.04347718 1.19991887 1.1917032 1.20428336 1.14507067 1.657179
    1.1490556 1.60959065 1.56113923 1.3142103 1.16920018 1.47036982
    1.06227601 0.800637722 0.960567176 0.89934063 1.1668402 0.881758332
    1.34091878 1.29182935 1.92821956 1.7152406 1.24454582 1.45406759
    0.973190963 1.26644456 1.36671078 1.31833434 1.17034507 1.63947988
    1.23727953 1.4290415 1.47353792 1.50782394 1.62974501 1.63718402
    1.06168425 1.14618564 1.65456116 1.86637414 1.83307314 1.0954752
    1.35437679 1.50668955 1.54652166 1.06250095 1.66421545 1.20940566
    1.79823971 1.83762908 1.46885395 0.87880969 1.8824693 1.53968191
    1.83992589 0.964422822 0.857208371 1.13979948 1.27855027 0.871497273
    1.47430921 1.36021638 0.944633305 1.51000679 1.52774251 1.08162999
    1.31919181 1.57640445 1.3642534 1.43127906 1.17041552 0.99258703
    1.41091764 1.7911936 1.00360548 1.79955995 1.41329312 1.26696897
    0.947240293 1.35423493 1.15755987 0.926897228 1.37919402 1.59841549
    1.74875748 1.494192 1.33176756 0.817017615 1.49773693 1.03846645
    1.16299319 1.23442268 1.17791021 1.40333009 1.65046382 1.15442038
    1.29311454 1.62431681 1.04627371 1.05765176 1.13551557 1.43257105
    1.44103384 1.39921069 1.37753117 1.45316219 1.29694784 0.976222157
    1.82999885 1.09445202 1.08817244 1.09827089 0.858602762 0.967159092
    1.63271296 1.02359366 1.68049288 1.28512287 1.83823705 1.79019046
    1.57028615 1.10257208 1.48401284 1.10063887 0.85663259 1.1197288
    1.32758999 1.12918472 1.82639754 1.20727265 1.40638185 1.1249522
    1.72439373 1.24152553 1.04941213 1.04613006 1.53824556 1.83080685
    1.22563434 1.52246714 1.71863484 1.42991245 1.48784363 1.1952951
    1.11733139 1.714028 1.44644475 0.874394476 0.868941426 1.50034678
    1.13361728 1.35709059 0.802889585 1.04086745 1.29979658 1.049698
    1.55762899 1.9135257 1.1124438 1.73137927 1.11629832 0.957313836
    0.679306448 1.61459255 1.55615997 1.28988254 1.10470295 1.34650815
    1.25905347 0.881051898 1.21451139 1.45909572 1.68606889 1.09745526
    1.39059901 1.84075165 1.64428055 1.38408589 1.39716089 0.813019097
    1.01615083 1.48704088 1.30633605 1.68946111 1.44532907 1.17793083
    1.50229025 0.991071939 1.74371684 1.43976748 1.14094257 1.41589844
    1.2044307 0.98785764 1.61820138 0.992665648 0.934976578 0.980361104
    0.810601771 1.19567811 1.54015076 1.27179015 1.30529726 1.30249214
    1.48559415 1.73949599 1.42001116 1.6833663 1.78118122 0.827123523
    1.52361929 1.17796886 1.18046331 1.60660911 1.52697229 1.03458822
    0.882941902 1.60896957 1.32330751 0.907811403 1.43270409 0.836980104
    1.07351255 1.38627315 1.08995569 0.90125078 0.722682714 1.14073074
    0.741406798 0.856338978 1.28553808 0.861822069 1.71493518
    0.887241066 1.32362092 1.09673619 1.5720619 1.16565061 0.776944995
    0.953494012 1.62123954 1.43586218 1.54716122 0.875042796 1.02339482
    0.668868065 1.28411436 0.79881829 1.43855548 1.28512657 1.62338436
    1.13677001 1.42279732 0.7991997 1.65252423 1.06571722 1.74142492
    0.945839942 0.717750609 1.45267212 1.13032651 1.8008343 1.70091665
    1.27733159 0.701321244 0.994413018 0.719298422 1.09354055 1.55035508
    0.933954298 1.01147354 0.669037521 0.881223917 0.738437414
    1.25040758 1.48020387 0.982683778 1.07133126 1.70722687 1.45041955
    1.40517366 0.79014802 0.876934111 0.942824244 1.46284378 1.56983256
    1.48088658 1.14216578 1.77301848 0.904798687 1.68647206 0.950821757
    1.3885982 1.36863685 1.6256417 0.947398424 1.53345931 1.16837251
    1.50339127 1.47135246 1.21623051 1.76838183 1.13008869 1.58846653
    1.45487213 1.06015623 1.20206344 1.01395154 1.52642822 1.06076777
    1.52218175 1.73867321 0.89343816 1.405532 1.38387597 1.11946416
    1.86492443 1.72012913 1.87859416 1.16331291 1.82591426 1.02981651
    1.55033851 1.77225447 1.19033444 1.10383737 1.02013469 1.68424129
    1.64778483 1.48694253 1.92270386 1.72177613 1.58573735 1.02438712
    1.71362722 0.866900504 0.973323226 1.16229713 1.21590018 1.53552032
    1.60792696 1.30232155 0.862060547 0.871885896 1.04724848 0.831694305
    0.98889488 1.31787908 1.68131661 1.43793595 1.79251349 1.02069414
    1.31289244 1.46177649 0.91282934 1.02370238 1.36391628 1.24242949
    1.16236711 1.36932063 1.58058393 1.90630817 1.87158418 1.21476924
    1.71190929 1.74995661 0.963768899 1.51059794 0.834546506 1.39009058
    0.81307888 1.26237929 1.58678854 1.71230733 1.7925266 1.44822931
    1.12998247 1.70882595 1.27598417 1.51846731 0.829206467 1.30193007
    1.83548915 1.8408705 1.84782898 1.65917408 1.27509427 1.20779228
    1.72730172 1.79511571 1.44395947 1.10842907 1.47487712 1.80552745
    1.82704127 1.0543015 1.21963763 1.24608803 1.21028018 1.42817307
    0.88084197 1.57068193 1.72868037 1.66569853 1.81166077 1.69435143
    1.68940079 0.803523302 0.916377962 0.648097992 1.02957177 1.45137072
    1.17390883 1.80812037 1.85710561 0.921416402 1.29665756 0.714310348
    0.663553357 0.720002413 1.03203273 1.35031295 1.1471014 1.54881573
    1.3593843 1.02876341 0.910244823 0.797918439 1.32990289 1.80970407
    1.83221781 1.02126479 1.36859775 0.667521477 0.752794564 1.17357922
    0.584946811 1.14430249 1.08607185 1.65252924 1.30269563 1.13780701
    0.834297419 1.58555484 1.59486938 1.09495997 1.2636801 1.47780013
    1.34916723 0.974235415 0.781975925 1.01244652 1.34569025 1.46650529
    1.35743523 1.16165638 1.35767591 1.05064034 0.844601452 1.04910529
    1.58692062 0.797200859 1.19085038 1.31008446 0.981313407 1.41603279
    1.42606354 1.39452565 1.52682567 0.874816597 1.15312457 0.915933788
    1.05647194 1.12244689 0.921497047 1.26511419 1.65441406 1.5854336
    1.13759267 1.51125801 1.17237782 1.35240626 1.07266963 1.13209808
    1.63942337 1.4739598 1.07456172 1.38177967 1.36196649 1.40328395
    1.67798769 1.35538256 1.86155868 1.02312207 1.60515118 1.17510724
    1.2248764 1.15225613 1.58414626 1.08870733 0.761343598 0.833958924
    1.29323173 0.94900012 0.998000026 1.08119309 1.77224576 0.843188703
    1.26642013 1.14892483 0.866274416 0.787351012 1.33274615 0.750905573
    1.4103651 0.812090635 1.67754447 1.07079232 1.32037783 1.77081239
    1.0062083 1.13181698 1.11238003 1.0500834 0.873158157 0.779651105
    1.44066811 0.9004879 1.08334386 0.925216198 1.39586127 1.38166988
    1.59493554 1.11939132 1.52031207 0.930440485 1.56203115 1.24639904
    1.43800747 0.823777139 0.908423185 1.70211697 1.47696662 1.49072623
    1.4007194 1.50383317 1.53029442 1.72007322 1.71675062 0.989207506
    1.2894119 1.31147075 1.3220253 0.976736963 1.28229582 1.012133
    1.77753973 1.5880487 1.68198514 1.50620544 1.64290166 1.89661419
    1.85518074 1.49643111 1.80032015 1.66228688 1.43403101 1.49108016
    1.5509907 1.381953 1.05084026 1.47138298 1.0660888 1.69292057
    1.41867352 1.84237885 1.86879301 1.3390559 1.81625187 0.890078783
    0.899911225 1.66918719 1.58428502 0.857591033 1.4058274 0.976891756
    1.85965157 1.40811932 1.85028589 1.52923 1.45615458 1.64887178
    0.976226628 1.33902442 1.32356691 0.845861673 1.40178168 0.6558972
    1.17619085 1.08297789 0.846286535 0.750333548 1.00666952 1.64276111
    1.32282078 1.75485504 1.64373827 1.45166945 1.66939592 0.953266144
    0.710772336 0.877602339 0.645521641 1.48683238 1.5631578 1.80899
    1.71791005 1.4563961 1.82080686 0.9870193 0.770270586 0.787145019
    0.797374427 1.37447298 0.877242208 1.64601636 1.58744359 1.75683951
    0.929060876 1.3102529 1.65275753 1.51012123 1.28417611 1.25372577
    1.62040889 1.2444855 1.07039964 0.911536098 1.69876647 1.22474384
    1.98435807 1.04409564 1.81638229 1.28427792 1.46978605 1.58399057
    1.69182074 1.82648396 1.7201221 1.28597057 1.37264884 1.18587399
    1.11547244 1.23992872 1.30974889 1.50661457 1.19115293 1.1947577
    0.921515465 1.34492075 1.37654972 1.70948827 1.65205157 0.822556496
    0.722351134 1.40760756 0.809139192 1.60325944 1.6732986 0.870726407
    1.60407281 1.43558633 1.27324021 1.50368738 1.18757486 0.74611032
    0.884370923 1.28857565 1.41496694 1.62150204 1.5235076 0.949522734
    1.6278522 1.73868644 0.923652112 1.79023707 1.2203691 1.61077023
    1.14639938 1.04913938 0.821423709 0.776198924 0.87795639 0.713711023
    0.804175317 1.45453429 1.12928283 1.60961699 0.848764479 1.58323133
    1.33428347 1.39831531 1.54996562 1.24534798 1.38597047 0.773392081
    1.05039096 0.761523545 0.674974978 1.08559203 0.716991127 1.00567544
    0.951163769 0.886829138 0.815428078 1.27012277 1.04289091 1.6719842
    0.844205201 1.20282757 1.24138367 1.35514998 0.959340453 0.822317779
    1.26931727 1.75885069 1.66491103 1.36944044 1.70451772 1.21480107
    1.06319642 0.88073653 1.28218806 0.913414776 1.32357931 1.10086823
    1.3171705 0.868553996 0.930659711 1.14525902 1.21707416 1.20836842
    1.36211121 0.890015483 1.48737025 1.2713964 1.79305553 1.21803641
    1.03737211 1.67498446 1.7139852 1.41929436 0.922457635 0.953307152
    0.764413655 1.01832402 0.743295848 0.713128209 1.32837451
    0.832873404 1.48094487 1.35337651 1.07080734 1.46051502 1.18119061
    1.10647547 0.965355515 1.46497083 1.209764 1.73623681 1.0828371
    1.05849063 0.724797785 1.66438091 0.79789567 1.26297557 1.27067304
    1.46511173 1.35220361 1.00595784 0.888616383 1.29515564 0.949154139
    1.00949597 0.894640446 0.960224152 1.27641153 1.33094084 1.54163265
    1.52027941 1.03719306 0.952116191 1.25573969 0.904565394 1.66343546
    1.05390596 0.944937289 1.63904738 1.06967497 1.27364051 1.70391631
    1.01128006 1.4926939 1.42686939 1.4426862 1.02337813 0.88464725
    1.17987096 0.8608163 1.26296616 1.60089505 1.8056438 1.69572639
    1.91173291 1.2448405 1.34522569 1.66313136 1.72151995 1.80341268
    1.02668381 1.31468928 1.68122888 1.11525381 1.60899639 1.34008121
    0.833093107 1.82571709 1.43463683 1.89663994 1.55261445 1.49662137
    0.958964288 1.75756097 1.85970342 1.76297545 1.45802212 1.38542843
    1.37510633 1.14431465 1.72612011 1.37365294 1.56745541 1.82781768
    1.26882124 1.86721158 1.82943892 1.77662528 1.37191808 1.46329939
    1.41675997 0.973097503 1.22566795 0.691606581 0.8072837 0.652763307
    0.693242729 1.23701203 1.37996697 1.0197053 1.21118975 0.801111996
    1.45435762 0.886025012 1.54438877 1.04302919 1.24160695 0.932513177
    1.30351758 1.30001616 1.11316955 1.38541853 1.28606379 1.64911115
    1.89529705 1.35773003 1.24100173 1.16146731 1.23554862 1.63237739
    1.06726563 1.64137483 1.23950064 1.50103903 1.2270875 0.990272701
    1.76080227 1.71058977 1.80769575 1.85590696 1.53641236 0.824058533
    1.63211155 1.48532569 1.08892167 1.62019384 1.83207428 2.01434994
    1.78804851 1.54595578 1.19178081 1.81462181 1.78381813 1.92160165
    1.49730194 1.21349084 1.73992968 1.17588067 0.911424696 0.961767912
    1.42711961 1.41197228 1.61956859 1.48543525 1.05047953 1.35412514
    1.71528924 1.72980571 1.19766843 1.68770373 1.61267126 0.779360116
    1.58894503 1.14429319 1.4472934 1.43065059 1.00723028 1.14249682
    0.809711158 1.40616727 0.736859739 1.47196543 0.964266419 1.52334845
    0.939647734 1.65215492 1.45696855 1.80337059 1.70198655 1.18053281
    0.954543889 1.34553874 1.50577414 1.79430747 1.75424933 0.780649126
    0.738689423 0.687909007 0.684556484 1.30312395 1.02918255
    0.856472433 1.47987449 0.73033917 0.797933698 0.872648478 1.05057633
    1.20098102 0.865336239 0.900918067 0.85360831 0.77142483 1.56547308
    1.45461249 1.5573796 1.01620996 1.12219501 0.722643852 1.13722086
    0.703689218 1.03811312 1.51000655 1.39976466 1.52793264 1.49336982
    0.944405496 0.8484447 1.60525012 1.68387175 1.71999419 1.66966414
    1.03688681 0.958256721 1.27092743 1.24853945 1.6322161 1.04578352
    1.2052294 1.57433796 1.65053487 1.54430509 1.55457187 1.6502465
    0.892193079 1.23086131 1.35106361 0.993305922 1.05628872 0.701011419
    1.43770397 1.20677769 1.44363594 1.27928901 1.85379982 1.3687855
    1.42148125 1.87381649 1.70315921 1.061005 0.89438951 1.45761442
    1.64274406 0.878102183 1.53459704 0.884010315 0.92303735 1.3129704
    1.15561855 1.4409833 1.43791735 1.26178253 1.0973767 0.988278449
    1.51677716 1.34772325 1.15842688 1.07516098 1.15027833 1.66596639
    0.827446818 0.996764421 0.979839385 0.776058257 1.31104171
    1.19158232 1.03849649 1.30346966 0.75971216 1.54916012 1.59342694
    1.3906405 1.49154568 1.14574766 0.98219347 0.888652503 1.39621723
    1.37457967 1.21977937 0.970499933 1.40714252 1.13702989 1.13738954
    1.24390411 1.540851 1.05770612 0.965691447 1.07521069 0.879188836
    1.47784483 1.22835815 1.55078781 1.73559082 1.03660834 1.63667834
    1.51883817 1.25620317 1.58841121 1.13940251 1.26071453 1.76432014
    1.18429029 1.81823218 1.70900285 1.75858831 1.93398523 1.11540854
    1.50042391 0.994951904 1.32587218 1.59662032 1.50493562 1.38211977
    1.24838579 1.03951204 1.20901573 1.7327069 1.60698235 1.5638299
    1.67338336 0.888346493 1.60544097 1.25759482 0.918913007 0.916877806
    0.774065733 1.31429732 0.892659187 1.44544196 1.22542953 1.25204957
    1.42074442 1.56948447 1.66580081 1.78296268 1.01834702 1.41808712
    1.58427417 0.859651625 1.09119844 1.46487713 0.74646014 1.18003905
    0.647680163 0.780196011 0.739751577 0.616947532 1.07131553
    0.813361168 1.58783543 1.519454 1.61232519 1.39752746 1.38062322
    0.889875054 0.710444212 0.705766022 1.52510619 1.81906176 1.48049891
    1.56119919 1.35555649 1.74575686 1.4702487 0.970274806 0.712118924
    0.873012424 0.684485495 1.0917722 1.07306588 0.762669146 0.882694542
    1.5302546 1.13035274 1.20755613 1.79955137 1.88486195 1.40654182
    1.56137967 0.843654752 0.860498011 1.51866782 1.73237956 1.88900459
    1.87106371 1.59763956 1.37186265 1.35768378 1.039446 1.24285471
    1.70939589 1.72910941 1.89542603 0.963201284 1.45415723 1.61984098
    1.42641032 1.53278387 1.7121588 1.52573848 1.61390316 1.42364931
    1.17055726 1.72413599 1.41228151 1.31793451 0.854985714 1.7431531
    0.948929846 1.1483475 1.52051926 1.58580792 1.33027458 1.40803659
    1.3661443 1.2572391 0.826326966 1.21465349 1.38415754 0.822969973
    1.50039279 1.74531674 1.42388868 1.87599814 1.84823513 1.19194376
    1.72265685 1.81936955 1.00704503 1.70100665 1.6674931 0.864374399
    1.67982686 1.0518558 1.23305404 0.73609978 1.06320584 0.738955021
    1.11392295 1.12474048 1.57865441 1.55682433 1.20986164 1.27720642
    1.64930093 1.59632492 0.92665118 1.1481061 0.951696754 1.69730961
    1.11551905 0.821595371 0.929222167 1.18038881 1.02854013 1.09580088
    1.40501499 0.781380713 1.33571362 1.40643489 1.05700827 0.853408217
    1.38365614 0.837696552 1.01452887 0.944347501 0.984979689
    0.944096446 1.39511967 1.21227992 1.21922779 1.41607678 1.15666294
    1.56441677 1.50322998 1.48386824 1.17749822 1.04382277 1.76422763
    1.02763391 0.797107041 1.20729709 1.18622673 1.21169758 0.722636759
    0.843188167 1.01970947 1.21907842 1.08550525 1.01571834 1.26058292
    1.36917686 1.95513058 1.74345148 1.71235144 1.41896725 1.60669315
    1.26792395 1.69649494 1.59058905 0.765711248 0.663640201 0.620509803
    1.64336705 1.41365921 1.14704323 1.53522968 0.794670463 1.19173026
    0.700973153 1.19427192 1.35767448 1.30905509 1.23256218 0.740460396
    1.51049769 0.768488348 1.23108256 0.681535006 0.804859996 1.66780353
    1.68962944 1.56987476 1.49638999 1.322595 1.06786752 1.05041122
    1.45860851 0.923772097 1.64642608 1.64831793 1.57681978 0.895403981
    1.21797001 1.02712798 0.791194737 0.853601992 0.905201674
    0.909473479 1.60897231 1.40578043 1.45556378 1.3379283 0.751367509
    1.43208921 0.832977116 1.8398577 1.63292944 1.10933757 0.801843286
    0.993785143 1.00066042 1.34908772 1.72807562 1.87763143 1.35136318
    1.0391643 1.4942013 1.36682403 1.73182225 1.69506919 1.58835697
    0.942817926 0.863720417 0.762967885 1.17379618 0.969270825
    1.23655546 1.62244427 1.18306649 1.69660556 0.906242907 1.69269776
    1.26580846 1.00222099 1.22165704 1.47594047 1.50533164 0.973254919
    1.51180065 0.731287718 1.42091656 0.784291089 1.23025811 0.955712855
    0.987741649 1.06866145 1.47719312 1.75834703 0.918478489 1.06375182
    1.59760523 1.65323544 1.56243813 1.51477849 0.838086665 1.31251907
    0.863555431 1.14083791 0.642029941 1.09002256 0.993782222
    0.831020653 0.667172194 0.843087494 1.0003829 1.14182091 1.62678909
    1.76310623 1.56305218 1.14308238 0.950549066 1.69686687 1.78517723
    1.04035604 1.28588331 1.74629545 1.74569869 1.46804833 1.30885959
    1.13815045 1.31808007 1.33029234 1.26609707 0.884340465 0.9150998
    1.55047905 1.10036373 1.69108272 1.18780327 1.42495465 1.33767009
    1.37600815 1.33832192 1.28189647 1.47380483 0.964192808 1.43323231
    1.68929148 0.956592202 1.4070704 1.29766059 0.956427038 0.930559039
    1.49532592 1.08666945 1.6923188 1.06019616 1.6092217 1.10152316
    1.69137454 0.887701392 1.41532159 1.81211495 1.60362005 1.74248683
    1.46577966 1.21663785 1.35056233 0.996694684 0.996236622 1.57002044
    1.43706834 1.73598909 1.13951325 1.56779802 1.62174034 1.60956335
    1.64689684 1.3195821 1.66503227 1.20164979 0.731478393 0.902993977
    0.722497225 0.769038677 1.42851365 1.19197917 1.29458082 1.07797217
    1.62871528 1.32082951 0.952037334 1.54577744 1.73521996 1.29546428
    1.10891736 1.28819942 1.39948463 0.953584135 1.47675049 0.993698716
    1.1714046 1.22082162 0.737334549 1.06078374 1.08695853 1.16817248
    1.4170047 1.29477894 1.21757066 0.847882628 1.30977535 1.19079125
    0.813653708 0.765090287 1.68972206 1.69346285 1.48407924 0.862591922
    1.46434271 0.767257929 1.21436989 1.59341228 1.56712592 1.4138881
    1.46731389 0.756961942 0.776758075 0.96207875 1.58174181 1.13893306
    1.14841878 1.06426585 1.14112341 1.0030905 1.07292831 1.45824671
    1.5255121 0.949611723 1.30155122 1.08230209 1.65948296 1.72335327
    1.7432785 0.995028257 0.953480005 0.729389727 1.70145631 0.707584739
    1.45093489 1.13948512 1.07537508 0.812916994 0.776548743 1.77958989
    1.33333838 1.44451225 1.61221743 1.08772779 1.31696665 0.93553102
    1.52716792 1.58785903 0.902083397 1.72818303 0.71702528 0.965680003
    0.84476316 0.876576781 1.12881052 1.7037735 1.15854263 1.19585311
    1.3722831 0.682488441 1.34705508 0.916579783 1.04478896 1.17131019
    0.648585796 0.962634623 0.885838926 0.835346222 0.946730852
    0.833817601 1.70248449 1.38519502 1.31525922 0.883508503 1.29975498
    1.18955219 1.36295402 1.7998662 1.16514814 1.34585595 1.37949181
    1.58774579 0.845368803 0.802158952 0.814905703 0.929327488
    1.35488129 1.17005122 1.16245806 1.2301017 0.871475995 0.9912588
    1.70400119 0.763695657 1.40230167 1.6045109 0.914517224 0.918273211
    1.56175423 1.44660378 0.985619009 1.34901083 1.31131899 1.82949245
    0.91585499 1.52665663 1.07489872 1.11790025 1.03807342 1.84975755
    1.71555853 1.53248823 1.13739872 1.40499139 1.58407283 1.60895264
    1.28016233 1.75033391 1.23526847 1.53278089 0.843429327 1.33606863
    1.76234078 1.83680427 1.77993596 0.96016103 1.65171885 0.890823245
    1.04382205 1.34039187 1.17218924 1.32448661 1.546229 1.41525841
    1.01718116 0.942034364 1.75076425 1.18391311 1.4480691 0.991803169
    0.895327151 0.971516013 1.59553838 1.62973022 1.25617063 0.85482043
    1.42058003 1.21563685 1.2701745 0.897878945 0.618965745 0.887983024
    1.26610136 1.56761944 0.839538515 1.03754795 0.996025681 1.74281561
    1.7549243 0.912791252 1.56801915 1.43621075 0.878745735 1.46076524
    1.25514424 1.81843317 1.43443739 1.21566081 1.84364653 1.44648051
    1.79645598 1.03002787 0.833537102 0.637205124 0.935428679 1.16041684
    1.09408176 0.785717189 1.32249928 1.0633074 1.42925787 1.35450864
    1.64127028 1.70996141 1.73973155 1.33351433 1.22986829 0.906640708
    1.61192739 1.65271676 1.33451271 0.72144562 0.648596525 0.804329634
    1.06662166 1.36968267 1.7269876 0.965058982 0.879264712 1.16816986
    1.56641567 1.20763624 1.57321155 1.82504725 1.10401845 1.13120723
    1.49483645 1.24138284 1.51330101 1.49261069 1.16468823 1.03145838
    1.62593603 1.76187122 1.02799249 0.87134558 0.808681726 1.05997336
    0.955162406 1.01229846 1.70603454 1.59333515 0.965655982 0.840587914
    0.726017714 1.34769309 1.53944576 1.39947593 1.1712544 1.30931425
    1.48139334 1.32864952 1.47969878 0.95301652 1.12085712 1.74465287
    0.95436573 1.24743652 0.737894356 1.01665831 1.49106562 1.3110553
    0.756040931 1.61419678 1.27509451 1.61281502 0.962093472 1.59859717
    1.59798217 1.70552135 0.871146441 1.39635146 1.68317175 1.11835945
    1.23039997 1.50352943 1.11604869 1.4697535 1.28922522 0.655447483
    1.0277437 0.93244493 1.65096176 1.01013815 1.25563014 1.01391387
    1.28458786 1.60992813 0.843170881 1.31557512 0.916225374 0.746198714
    1.62391925 1.16982305 1.21046877 0.834245503 1.2053467 0.937460721
    1.14293587 1.45416617 1.24641347 0.809128881 0.817220151 1.48230684
    1.2025764 1.27054656 1.38039637 1.04601002 1.17314386 0.888894081
    0.94530654 1.04629159 0.894103885 0.94713521 1.33879936 1.05341971
    1.31395912 1.3485322 0.978012264 1.64598012 1.79871845 1.59376705
    1.33826268 1.01440561 1.71641016 1.26154709 0.820498288 0.795387387
    0.551015079 0.650060892 1.57728481 1.46717846 0.862467587
    0.837311447 0.666900516 1.16422653 0.947549939 0.952815115 1.2011379
    1.07774162 0.955661356 0.620204091 0.892179787 0.764827251
    1.53522813 1.72767091 1.6704365 1.16884613 0.908043146 1.01868403
    1.30898273 0.966975749 1.28119218 1.51947236 1.48723197 1.86826861
    1.84824622 1.00473106 1.30789268 0.72409755 1.44217908 1.23613584
    1.56427372 0.788670063 1.19282365 0.759726465 1.37758207 1.01265621
    0.867991924 0.724234045 1.63422382 0.825767159 1.78241813 1.66918445
    1.53713763 1.13863707 1.04594922 0.96351707 1.69460022 1.14589441
    1.81097209 0.934226751 1.13956606 0.818728089 1.43964434 1.49706924
    1.17181015 1.55481279 1.23141062 1.01631272 1.7441442 0.957650065
    1.26508749 1.5134722 1.37989247 1.18773508 1.4692241 1.83408737
    1.33326328 0.943427086 1.8777703 1.85465956 0.90519917 0.93237114
    0.863883615 1.05738676 1.52446055 1.0707171 1.2635175 1.51447356
    1.0003674 1.68970859 1.19839394 1.72279263 1.13421226 1.26571536
    0.775739312 1.13531768 1.6327256 1.00023985 1.19695294 1.12276697
    0.985419869 0.636223674 1.56281447 1.13327909 0.994904935
    0.726381302 0.918385088 1.47730231 1.43128753 1.49206316 1.02833784
    0.917423248 1.13347137 1.73783171 1.05420983 1.08770263 0.957371294
    1.70999122 1.85319197 1.54748344 1.4541744 1.56224418 1.41674483
    1.61911976 1.52398574 1.06605673 0.706629455 1.43212366 1.63203776
    1.27987003 1.1140157 1.2650795 1.17269003 1.50579643 1.6470449
    1.08337831 1.32608402 1.0672338 1.72872031 1.42297423 1.42368531
    0.93438673 1.21857333 1.05540693 0.872775495 0.799979746 0.632300615
    0.595916927 1.27179062 1.45149171 1.3435812 1.68773067 1.47475386
    1.50587988 0.933739483 1.16240013 1.48534811 1.46809125 1.00264919
    1.29350317 1.50510037 0.900274694 1.26045823 1.30941212 1.15719473
    1.50547934 1.71409261 0.843344271 0.87153554 1.25967753 0.842150152
    0.974951565 0.829925179 1.50649738 1.05439281 1.48842525 0.891570151
    0.922630668 1.66283417 0.965639591 0.942032456 0.749682963
    0.732481122 1.30846786 0.783571184 0.816766739 0.943578124
    0.793896198 0.95681268 1.25346065 1.10158253 0.921142399 1.20461655
    0.764795363 0.915048718 1.32098472 0.909911811 0.735771596
    0.944519222 1.50036669 1.60259843 1.54603899 1.24434972 1.5081991
    1.07421601 1.40505648 1.37327349 0.855127335 1.53325748 1.48696935
    1.07697439 1.27538586 0.844213665 1.57727587 0.80797869 0.646127164
    1.34557915 1.35827231 1.40635145 1.33658791 1.03709114 1.12602496
    0.863171101 0.757992446 1.2035017 1.08001888 1.74828279 1.4653362
    1.05941522 1.25745201 1.5559932 1.61963916 1.45375252 1.40277743
    0.977432072 0.812874973 0.957900167 1.00639224 0.836027324
    0.902963638 1.37267137 1.5733645 0.891792655 1.58710778 1.44738662
    1.12810934 0.75203222 1.46144354 1.61355472 0.93395412 1.37664509
    1.17377245 1.40928447 1.74760461 1.43589294 1.35292864 1.65732658
    1.34845364 1.27276671 1.09563351 0.896090925 0.966745913 0.654857218
    1.30185139 1.05352461 1.60732055 1.03145945 1.27699041 1.22191501
    1.29715836 1.03873718 1.6019901 0.805419445 0.750638962 0.680363715
    1.38378632 0.957468748 1.48849225 1.15661716 1.04692972 1.548015
    1.36765003 1.57798219 1.31385553 0.845885575 1.2940017 1.06842089
    1.44111371 1.6804409 1.49851704 1.51225162 1.45849681 1.67109895
    1.25962269 1.78331733 1.2859664 1.2189635 1.28260934 1.38059866
    1.22665012 1.33319628 0.731351674 1.51710522 1.53318667 1.29075408
    1.26700938 0.936250687 1.74282718 1.01618719 1.31460798 1.16449189
    0.980906606 1.04746258 1.663028 0.913080931 1.53221345 1.05677176
    1.2581228 0.732281327 0.931097627 1.74368572 1.44269836 1.71080029
    1.5509578 0.967894018 1.13955438 1.69669294 1.54496729 0.833831191
    1.55779624 1.59732211 1.46946228 1.06413531 1.66573167 1.36493218
    1.72410762 1.70111012 0.844797015 0.787848771 1.20737207 1.60651934
    0.965068817 1.00633597 1.63118303 1.36675191 1.16524851 1.32835472
    1.24379003 0.898303628 0.893663704 0.745617509 1.1792146 1.312626
    1.60764074 1.0004015 1.00276136 0.797145724 0.798808932 0.956723213
    1.3992511 0.710896194 1.38633859 0.816903234 1.73720801 1.392735
    1.02361262 1.34891796 1.13292897 1.66829908 1.7852869 1.55015349
    1.73874092 1.71992767 1.25824594 1.65087914 1.78002417 1.3919816
    1.70354486 0.973371685 1.35866046 1.40494418 1.12606514 1.43244588
    0.671935141 0.742365837 1.12354553 1.70197558 1.36631525 0.787462175
    0.905952454 1.13732064 1.50662863 1.33127701 1.69529676 1.59653342
    1.35333633 1.06209457 0.884002566 1.35374713 1.257164 1.67881536
    1.02273023 0.875758529 0.762441456 1.21977723 1.63921285 1.38437545
    1.05763853 1.05817032 1.23659587 1.19043374 1.22755265 1.14908576
    1.73743677 1.06170797 0.948660791 1.35943139 1.61712027 1.27570033
    1.12513947 1.41239583 1.15590799 1.09756553 1.41324317 1.49341953
    1.08067024 0.8472628 0.863433778 0.988516688 1.45161033 1.53561854
    1.47600174 1.29709327 1.7256484 1.1722095 1.2641921 1.49417031
    0.768935323 0.966835916 1.11969078 0.730986953 0.838361263
    1.69015157 1.51331377 1.57062399 0.846870244 1.58647454 0.797803283
    0.866570652 1.21406829 0.739584386 0.865057588 0.744561195
    1.58495295 0.86275363 0.897849679 0.989617229 1.00176179 1.24471879
    0.996668935 1.25596428 1.17783928 1.72553694 1.04367292 0.956435621
    1.13551617 1.80446017 1.14809155 1.49453616 0.886749029 0.956601739
    0.71076715 1.32902253 1.60183072 1.54659581 1.77852714 1.19928253
    0.946434677 1.60235512 1.23439074 1.48924506 1.46770215 1.35157013
    0.997185051 1.59282935 1.14789987 1.26068783 1.11259139 1.69898117
    0.986980677 1.11623991 1.14818728 1.53976893 0.701960087 1.57102835
    0.716789186 0.957408965 1.3404963 0.792792141 1.31216371 0.871731758
    1.09341657 0.783730865 1.29484665 0.808153868 1.29827416 1.52587068
    1.38815582 1.04574227 0.884854138 1.24964726 1.76389039 1.7173512
    1.05042839 1.08347178 1.62462878 0.698655844 1.07959843 0.844140708
    1.07177961 1.0628351 1.07676053 1.64860356 1.62198687 1.48058784
    0.82236582 1.0046289 1.17811954 1.29411936 1.39742661 0.78639859
    1.31677032 0.806004822 1.19775558 1.54357886 0.869049907 0.93643105
    0.936131895 0.74890852 1.65644336 0.955953479 1.04837573 1.40565181
    1.18407345 1.75210762 1.61350834 1.17152023 0.950859308 1.65313709
    1.11125565 1.49552596 1.48869133 1.27185583 1.49693882 1.38520229
    0.904059827 0.859239519 1.0373615 0.71028173 0.763311028 1.64414096
    1.26166582 1.80649042 0.941464365 0.944817126 1.0608995 0.925378203
    1.82940388 1.00221908 1.56686652 1.00275135 1.6074096 1.33733392
    0.9073264 0.766381264 0.826946676 1.55419981 1.2210331 1.66879129
    0.921365142 1.7904731 1.5073328 1.45210612 0.929025233 1.1988461
    1.39825034 1.33224225 1.70292509 0.928249836 1.76285684 1.38120067
    1.24409676 1.05353081 1.41992188 1.61065221 1.56376624 0.848478079
    1.63894224 1.86619925 1.15833676 1.80559695 1.00042224 1.24755871
    1.11250317 1.14709353 1.36614466 1.02838993 1.51818156 1.37563336
    1.29878426 1.40934527 0.902764797 0.77364558 0.530391455 0.564647794
    1.21098828 1.11162329 1.45175886 1.327739 1.2611239 1.4915899
    1.43271804 1.42380738 1.5087676 1.25387299 1.62985384 1.07658029
    1.47704136 1.3931284 1.0376457 1.05600476 0.862604082 1.61944771
    1.26921153 0.922487259 0.95918256 0.717302799 0.79474628 1.16444969
    1.47279561 1.07812059 1.47803795 0.89903146 1.56566334 1.71806014
    1.14373088 1.5056051 1.71986043 1.83655429 1.5673399 1.86476314
    1.64073253 1.17073035 0.869624794 1.6329881 0.769798696 0.994975507
    1.08561432 0.826461077 1.21982098 1.2013675 1.48540604 1.20006561
    1.9616847 1.87579119 1.40398037 1.09923339 1.16659272 0.848715007
    1.1161865 0.893160701 1.53966093 1.31915987 1.50077689 1.7895782
    1.09239566 1.18353355 1.09666419 0.79594475 1.59227848 1.30181599
    1.76094067 1.45001018 1.65710914 1.50272954 1.25391746 1.03082299
    1.39331341 1.69005144 1.40444565 1.71687114 0.876538098 1.17747486
    1.30535245 1.5826633 0.836452663 1.33113837 1.24828911 1.42137516
    1.46133506 1.06897926 1.05158353 1.1415422 1.38107491 1.38854015
    1.25752354 1.582973 1.20650077 0.752078295 1.4062407 0.989324689
    0.945331752 1.60235357 0.936825752 0.864538491 1.00155747 1.70212269
    0.880618989 1.21122313 1.22044146 1.45483577 1.62005353 1.72102869
    1.25544167 1.09819639 1.37553358 0.744863749 0.867770433 1.03774714
    0.87831676 1.29797864 0.928962946 1.25381112 1.57571578 1.37106574
    1.30034161 1.23708308 0.891580045 1.2015239 1.78727543 0.851061523
    0.933318734 0.795176029 1.41186213 1.62563217 1.33974469 1.45388675
    1.59623516 1.5879401 0.926607311 1.14122117 0.855079472 1.71743679
    0.850819588 1.30112684 1.17850351 0.955512226 1.29942584 1.13793099
    1.35594022 1.5753541 1.24297774 0.927633882 0.956341207 1.71748722
    1.33953977 1.11035502 1.10382581 1.42090142 1.69724286 1.2965728
    1.3933996 1.32350671 1.66988373 0.780759275 1.5380547 1.23994267
    1.5936296 1.65361607 1.57105505 1.28033173 1.08018625 0.803570807
    1.54571962 1.642362 1.04567301 1.42518997 1.32064128 1.10269058
    1.55995262 0.762332797 1.6457417 0.911206424 0.950333834 1.62547767
    1.37327695 1.31003714 1.0154022 1.72465932 1.50672865 1.64013171
    1.1835376 1.79507935 1.24619579 1.43153906 1.53545046 1.30806661
    1.59818852 1.26697242 1.2271961 1.47716725 1.06985986 0.957140923
    1.11671066 0.702957928 0.945504069 1.644472 1.60540771 1.459849
    1.11659193 1.43446648 1.50340307 1.73638535 1.31066668 1.4959141
    1.57936943 1.84230745 1.54646063 0.810180306 0.790660739 1.51516593
    1.58028293 1.8083415 1.73594034 1.61217058 1.00212717 1.60430062
    1.16900754 0.921021938 1.39097703 1.11092556 1.52959347 1.42045903
    1.46464324 0.868976474 1.78735387 1.22411287 0.980133057 0.93701762
    1.08624327 0.832752407 1.12475562 1.2964015 1.43338609 1.21924162
    1.3958782 1.60094202 1.37068808 0.885190785 1.55213177 0.841147065
    1.60545993 1.37214434 1.55959821 1.19462013 1.45234084 1.62713087
    0.796272576 1.18661749 0.752729893 1.1021682 1.0116545 0.763544559
    1.12113929 1.18756104 1.76529634 1.60932529 1.23513651 1.58544052
    1.5850482 1.41113579 1.25197506 1.86069536 1.6855793 1.46951878
    1.18507206 1.34456635 1.07659161 1.210603 1.62365139 0.94017458
    1.54861164 1.15889561 0.733049929 1.57535946 1.03310013 1.1773138
    1.50729823 1.28922367 1.72180653 1.12020874 1.84701598 1.04615521
    1.09450829 1.41256344 1.5917393 1.76570666 0.924111307 1.78979611
    1.17705166 1.49284422 1.79217935 1.47471058 1.37917399 1.27905715
    1.28763676 1.2191211 1.35100484 0.921906173 1.14736938 1.79222012
    1.75936794 1.79683495 1.60992682 1.28119516 1.37330055 1.02262318
    1.68959236 0.959745288 1.60153079 1.44855607 1.0169605 0.927823603
    1.21822715 0.801912844 1.24008477 1.33603835 1.25617957 1.03034484
    1.57691991 1.33263445 0.926603198 1.20245445 1.75715208 1.13035297
    0.995449603 1.36555088 1.25073624 0.961324155 1.10945511 1.32750726
    1.28575754 1.10164797 1.23185647 1.0310154 1.22871268 1.56818604
    1.65953898 1.33127403 0.926413298 1.47915792 1.19114316 0.779022157
    0.782131791 1.6883477 1.54654849 1.40640378 0.935140848 1.59976339
    0.637211144 1.33878279 1.05995798 1.4818784 1.57346904 0.765024602
    0.860790491 1.73977637 1.30315661 1.32324862 1.47356057 1.34121776
    1.00041223 1.11138153 1.01498675 1.70722532 1.82966292 0.929569781
    1.45606935 1.42165685 1.2522471 0.914539516 1.53264976 0.960585475
    1.19927657 1.71354222 1.18321121 0.848562062 1.18402529 0.787708223
    1.62133551 1.47744453 1.09929955 0.819904745 0.843085706 0.999572039
    1.44566858 0.868024111 1.40297651 0.939176798 1.78619885 0.983611465
    1.52550113 1.44144666 0.830410898 0.961631715 0.796108007
    0.786775708 1.14163077 1.47121048 1.50311577 1.13959301 1.69119406
    1.30698419 1.67359722 1.37503338 1.43120849 1.06084108 1.73931837
    1.57777727 1.05323815 0.816968441 1.01597667 1.08377564 1.10712206
    1.7945925 1.15007842 1.25663018 0.966401756 1.38756049 0.787296474
    1.13703346 1.00507808 1.25920129 1.01601982 0.885388434 0.986672521
    0.922221839 1.14034057 1.40693414 1.10880184 1.35544622 0.790311635
    1.00022316 1.65047312 1.22718108 1.6334424 1.50583518 0.987108648
    1.77239454 1.10676265 1.47907877 0.742678285 1.04132068 1.75051522
    1.47183323 1.22902572 1.32964039 1.37212229 1.07130218 0.717239916
    1.61079717 1.705024 0.826673448 1.40001225 1.04364705 1.70998132
    1.19686747 1.6818819 1.44816244 1.03347325 1.78081298 1.87648404
    1.59784651 1.11742711 0.987208486 1.3073808 0.827805758 1.44194162
    1.17877424 1.03811967 1.82756341 1.48113096 1.42621791 0.840455055
    1.24012864 1.06089342 1.45723736 1.40497231 1.38353062 1.60393214
    1.40865397 1.00117552 1.13715827 1.09727311 0.84079051 1.01584458
    1.6792767 0.953509986 1.48239005 1.21566188 1.40331209 1.71502268
    1.82323623 1.48646379 1.29366457 1.132339 1.36313713 1.39850461
    0.995624065 1.47808266 1.49089265 1.35691249 1.48353291 1.03074038
    1.22607195 0.706474483 1.01622093 0.778420985 1.66521084 1.63159621
    1.21055067 0.986064911 1.74029076 1.59858501 1.8095814 1.20955253
    1.31066287 0.852183104 1.26097262 1.27759588 1.37640333 0.800790548
    0.833328724 1.48694682 1.56053638 1.18146062 1.60842073 0.721930265
    1.30178142 1.26003766 1.43575025 1.3546809 1.61303937 1.83538485
    1.75165796 1.41133761 1.74339271 0.959917307 1.58009481 1.41276884
    1.72711456 1.26429403 1.06489539 1.62161922 1.62753069 1.82666636
    1.77183723 1.12156451 1.49361444 0.837184906 1.45419228 1.71624219
    1.44037294 1.61712825 1.22799873 1.67156982 1.22549903 1.90932095
    1.68093228 1.7030381 1.47953403 0.959403455 0.658938825 0.674751401
    0.971719503 1.51277959 1.27293336 1.24079716 1.12993479 0.968357205
    1.71347344 1.37103534 1.82822621 1.68183243 1.86567497 1.06489933
    1.22128737 0.932167947 0.897325456 1.59850073 1.13324225 1.41656554
    1.5573678 0.837803483 1.71627963 1.19018555 0.780645549 0.852681518
    1.17628884 1.40574074 0.894347966 1.32776308 1.50243425 1.55292535
    1.74146485 0.992861629 1.03941071 0.80317539 1.21182168 1.42764425
    1.7448715 1.1387589 1.69296026 1.77982724 1.21384501 1.29924464
    0.948835909 1.12699413 1.00137424 1.27351093 1.11640131 1.3485527
    1.08653855 1.4700346 1.29915631 1.00965869 0.817326963 1.40397036
    1.4181565 1.75225294 0.857484043 1.81099641 1.43519747 1.78441894
    1.02906251 1.25711906 0.969746172 0.870031178 1.18292201 1.7004621
    1.63924265 0.912158072 0.990721107 1.48694444 1.17234242 0.852943957
    0.937054098 1.60650873 1.65417457 1.00857401 0.950225592 1.39750612
    1.79012418 1.72579789 1.53951883 1.88229322 1.96423233 1.57041311
    1.21953702 0.85812372 1.15147805 0.988153219 1.53723729 1.13786101
    1.17483306 1.30111301 1.09474039 1.13924825 1.641523 1.47268009
    1.15504408 1.62794018 0.903717875 1.10213625 1.0397625 1.41800666
    1.33769453 1.26513124 1.72306049 1.39983058 1.6765027 1.40277946
    0.946399927 1.1576792 1.42398798 0.882087231 1.1574471 0.873136699
    0.999019384 0.679312587 0.990932167 1.54794955 0.83049643 1.1794523
    1.06375885 1.26523173 1.04137802 1.02018189 0.845677435 1.0874989
    1.06716454 0.912415385 1.21943057 0.976723969 1.1828022 0.817171633
    1.33832026 0.902662456 1.01835763 1.39903677 1.78648698 1.65403771
    1.56749487 1.15422487 1.58118689 0.946563363 1.57505858 0.802568018
    0.813821375 1.14395559 0.974874198 1.67357624 1.72210026 1.38969851
    1.77414012 1.73004878 1.54463744 1.59262717 1.43093371 1.53985333
    1.5080893 0.859923959 1.52669084 1.55276895 1.00609243 1.39777029
    1.74738634 1.75017941 1.40797853 1.24036455 1.57626414 1.25753665
    1.00924015 1.28699076 1.0492667 1.15620112 1.74528909 1.23472989
    1.3437953 1.09508038 0.670264602 1.10004365 0.974463403 1.77640653
    0.862229466 1.80684125 1.21045017 1.64652097 1.31392217 1.42985952
    1.1627301 1.65608549 1.18982077 1.30225515 1.4228754 1.86493134
    1.09957683 1.6257745 1.15321946 1.6504606 1.7388941 1.51894546
    0.90900892 1.32189965 0.969721615 1.1975379 1.81249213 1.75559545
    1.57620513 0.987501562 1.22271919 1.18585539 1.62754774 0.803055704
    1.65065897 1.37660599 0.741007507 1.52313101 0.929761529 1.47554779
    1.65346122 1.58404088 0.912965953 1.63980591 1.62179291 0.801481843
    1.10849643 0.885875523 1.55513525 1.4366951 1.0075593 1.36230052
    1.77077651 1.36464942 1.18591905 1.73012805 1.19588947 1.26784146
    1.41928732 1.55652988 1.91489089 1.58599937 1.39167666 1.29046774
    1.22534287 1.75377488 1.49092174 0.915329158 1.04505301 1.52042961
    0.884264529 0.816343844 1.17791474 1.10154593 1.71528661 1.18042636
    1.02774811 1.47735453 0.812207341 0.977017581 0.776170135
    0.898986757 0.842635393 1.30275226 1.14398372 0.843606114 1.25041652
    1.64598382 1.10349882 1.11236703 1.42997563 1.51040208 1.50936687
    1.70010412 1.71578324 0.801315725 1.60121047 0.897810757 1.39366972
    1.53695345 0.943252027 0.714806795 0.840906739 1.12518907 1.05761349
    0.960809708 0.816917181 1.45257723 1.51372027 0.905035615 1.14000189
    0.838951528 1.06503785 1.0813781 1.59797609 1.35590327 1.05322289
    1.7741735 1.04415882 0.977156281 1.47535288 1.45280564 1.35777903
    1.19831681 0.793454051 1.63781083 0.82275188 1.09243953 1.60955036
    0.943151355 1.1483618 1.26868594 1.55032456 1.33120394 1.10491729
    1.3321377 1.3147974 1.83741677 1.70916998 1.23676968 1.34625638
    1.04444146 0.979713738 1.69527626 1.04196131 1.38834178 1.4198674
    1.43808711 1.22725499 0.796552598 0.752337456 1.23521161 0.815168858
    1.31706703 1.37361944 0.982191861 1.47319794 1.2417053 1.2322222
    1.14689291 1.85474634 1.21198964 1.33824217 1.9346652 1.62403655
    0.906873286 1.39649415 1.53138757 1.13288271 1.2594434 1.17282164
    1.14156926 1.03919578 1.09140766 1.6459558 1.23362148 1.5644083
    1.6653738 1.30014062 0.863824666 0.870278478 0.897016704 1.68742323
    1.26157701 1.77865326 1.40949118 1.58298123 1.58641493 1.16463661
    1.2396189 1.43311393 1.16939223 1.28701913 1.28852892 1.45588291
    0.619527876 0.804580748 0.665000319 1.69193995 1.48000884 1.09979963
    0.867698252 0.814238667 1.18002748 1.10054958 1.28848541 1.60853732
    1.3462131 1.30777812 0.680590332 0.931930959 0.685150862 1.31828642
    0.720620632 1.11774051 1.04325664 1.84684527 1.32658291 1.52283061
    1.67359984 1.73238838 1.61100459 0.929673672 1.00773442 1.69091916
    1.48143911 1.68219018 1.78943932 0.996541083 1.45978808 1.02866614
    1.39880395 1.61586058 1.74296081 1.54119277 1.16595972 0.741715729
    1.31553173 0.825895548 1.08264315 1.6399554 1.32140934 1.60241926
    0.962824345 0.790053666 1.16303861 0.850039899 1.36767483 1.66926074
    1.71498668 1.02559066 1.29512334 1.16537917 0.988268375 0.843089104
    1.44021702 1.17406285 1.19325805 1.50726724 0.977856219 1.76527834
    0.943178594 1.56069791 1.55643559 1.54113472 1.69070458 0.846625507
    0.904047012 1.69003952 1.68320286 1.53042662 1.42973745 1.87179649
    1.93118584 1.46158528 1.66322768 1.73696184 1.7567122 1.21688461
    1.437953 0.920720994 1.45705199 1.46261048 1.27545166 1.52931607
    1.76889575 0.854777038 0.851123989 1.27748466 1.64665484 0.943885088
    0.933077097 0.846962631 1.44569743 0.931165695 1.49481726 1.7790271
    1.65887046 1.58777857 1.79761076 1.14642 1.42340851 1.29073334
    1.6312021 1.7402643 1.40918922 1.22553635 1.6331377 1.34196258
    1.03414488 1.78982723 0.918131948 1.37443876 1.6202507 1.78396356
    1.83641231 1.03088868 1.823318 1.89307559 1.12159824 1.12803352
    1.12884593 1.05423605 1.4050175 1.20955777 1.02877259 1.16210139
    1.69374084 1.08418465 1.55368304 0.968503833 1.23672473 1.02807224
    0.797411442 0.770245254 1.49407566 1.4193908 0.89106226 1.46682799
    1.0449717 1.70514095 1.30267334 1.61281061 1.2718215 1.30699289
    1.75075734 0.973159552 1.08824754 1.28403318 0.947047114 1.688416
    1.57541037 1.39932656 1.766415 1.46877909 1.79992747 1.35426366
    1.10585821 0.889457166 0.915360928 1.36867917 0.943798006 1.61762452
    1.69730139 1.06339753 1.75597453 1.67301595 1.38349962 1.16164005
    1.19971013 1.61188412 1.69754553 1.53897476 1.56385314 1.20781577
    1.69984734 1.64207149 1.75406229 1.60209465 1.51023865 1.42192352
    0.732480824 1.45972168 1.3060739 1.12290108 1.4167397 0.73235482
    1.07184792 0.883932531 0.936534464 1.38072252 1.74156773 1.4972713
    1.49718726 1.83003092 1.30333483 1.16032135 1.48801363 1.01354408
    1.2736572 1.47645485 1.41763878 1.77205062 1.46358848 1.1121943
    1.33483458 1.44207549 1.23542833 1.13901126 1.17670238 1.34883726
    1.02615678 1.76082993 1.59754705 1.66008997 1.13970542 1.37657535
    1.69685352 1.53282881 1.72300184 1.77040946 1.84487116 0.849494934
    1.18344998 1.02650881 1.45591247 0.984562337 1.5976721 1.41775334
    1.39897001 1.15940487 0.980833173 1.42872512 0.998362839 1.48946559
    1.42366707 1.6779716 1.12027872 1.37285411 1.58174753 1.87790823
    1.34855628 1.60389996 1.06727147 1.00708234 0.751183748 1.3005203
    1.15090597 1.09495485 0.800998807 1.05402911 0.817291498 0.937738657
    1.16247809 0.960660934 0.983749688 1.03210211 1.17095375 1.62201083
    1.75336289 1.43298864 1.1099478 1.33528304 1.53809559 1.16311765
    0.799794734 0.751417696 1.55065489 1.07352769 1.58938932 0.988594115
    1.02450311 1.05237436 1.80279505 1.60953486 1.25898421 1.77877808
    1.23904443 1.48101532 0.898532271 1.20337558 1.30780685 1.71743441
    1.76425302 1.64569032 1.77845478 1.59060895 1.36712956 1.44059372
    1.61325967 1.57392085 1.19219506 0.954740167 1.54191101 1.81434441
    1.61443722 1.8480618 1.12769866 1.28256094 0.811182141 1.41224802
    0.86524874 1.30023634 1.5714463 0.828000903 1.59720814 1.69859087
    0.929308832 1.47658253 1.39111388 0.949847698 1.65380883 1.69252312
    1.25935626 1.15176105 1.59128761 1.22560883 1.78176463 1.26140678
    1.23260438 0.870759666 1.70449603 1.42530763 1.61858344 0.873963058
    1.60451472 0.99413377 1.95153928 1.90370333 1.5544641 1.11675799
    0.968772054 1.13860953 1.81132865 0.983565152 1.29746258 0.943364859
    1.71543932 1.62304509 1.15100157 1.69496119 0.762474716 1.52813363
    1.74612129 1.00673115 1.74452245 0.841540456 1.00126779 0.879610956
    1.68811405 1.02192116 1.69121516 1.22513318 1.32379019 1.66864085
    1.65048778 1.12157345 1.02926373 1.33677518 1.20616114 1.74999011
    1.12345254 1.23175716 1.65898418 1.18485773 1.55637765 1.34894061
    1.41291845 1.64272809 1.03238237 1.43130255 1.4590317 1.54323137
    1.80332685 1.81719387 1.64712954 1.70937109 0.945779204 1.69249153
    0.924748123 1.14698684 1.08025503 0.785521269 1.1978935 1.51468825
    1.24928033 1.08851218 1.71018064 1.0065012 0.933608055 1.67561173
    1.74151444 1.15592527 1.53616965 1.6163646 1.51420343 0.988311291
    0.967646241 1.43228865 1.8519479 1.58118141 1.30016363 0.845825434
    1.23935342 1.47955632 1.20797503 1.34123313 1.82677126 1.61992311
    1.2118634 1.43991911 1.12536037 1.62809789 0.998197138 0.758665562
    0.625521541 0.679752588 1.50766659 1.44625819 1.66550887 1.85915089
    1.00396931 1.21647489 1.04112041 0.825023532 1.44079638 0.885100305
    1.81322324 1.01520944 0.863160789 0.89323014 1.23788857 0.968782127
    1.76770997 1.25586498 1.07037127 1.58011854 1.6287154 1.36227345
    0.86455512 1.43257725 1.22438157 1.49700558 0.804230988 1.48582685
    1.13184285 1.23122561 1.33117259 1.00751674 1.13162398 0.97587055
    1.45405746 0.904050708 1.30692458 1.7255379 1.58483779 1.55366564
    1.0516777 1.78085828 1.75082779 0.925580919 1.09090662 0.85074389
    1.6689775 1.71681952 0.983533919 0.981688142 1.23545635 1.77348399
    0.904057801 1.24672723 1.27458513 1.33636963 1.56257784 0.975304902
    1.69576132 1.78742158 1.61506772 1.08889925 1.26256561 0.783132255
    1.57392049 1.72248554 1.31493568 0.872229218 1.09581327 0.889238834
    1.09966922 1.79875088 1.06507063 1.69665408 0.941861391 1.03876078
    1.4168489 1.24036264 1.84845126 1.92031515 1.10615492 1.26813602
    1.22890806 0.836821616 1.23287511 1.45776045 1.55227888 1.0057615
    0.904817045 1.1664201 1.32906914 1.47725487 1.16298687 0.737639546
    1.16156161 1.54564917 1.79244733 0.960200667 1.39659655 1.57444489
    1.56087494 1.65459943 0.849066377 1.53954148 0.802903712 0.86259979
    0.844696581 0.905649483 1.48543966 1.58968556 1.50352597 1.19062936
    0.894853413 1.41779137 1.16861725 1.62339211 1.02730358 0.825803339
    0.783644676 1.60684836 1.5067327 1.26328707 0.927316785 1.78879738
    1.47079623 1.74638355 1.60543466 1.34049201 1.14986467 1.0513643
    0.930932522 0.951259971 1.61323309 1.31620145 1.32784021 1.52387762
    1.29331648 1.17005849 1.23946285 1.12489629 1.52402878 0.919975698
    1.50188899 1.40717387 1.23010373 1.36069965 0.881866157 1.4752382
    1.10652554 1.20780158 1.18393183 1.76313305 1.41617155 1.30475402
    1.35780108 0.939012766 0.851791799 1.27384079 1.0003587 1.26031721
    1.75313222 1.3058306 1.51594853 1.08754325 1.23478687 1.34488928
    1.88179314 1.79235029 1.95900464 1.71898055 1.17273533 1.37826872
    1.35972524 0.889582455 1.35667181 0.922043324 1.54020035 1.35879207
    1.04808915 1.47923684 0.81865871 0.882718801 1.79784751 1.00788713
    1.3786689 1.07834017 1.26594639 0.90497154 1.31563461 1.39392459
    1.75493741 1.17670763 1.50234759 1.56017268 1.47964716 1.20935714
    1.49539435 1.73352993 1.35703969 0.99883914 1.39292645 1.50022638
    1.3129288 1.71356726 1.28841603 1.13326287 1.6524123 0.794645369
    1.42085576 0.890205681 1.30884516 1.26445222 1.17502606 1.07057655
    1.46668327 1.71748745 0.847626507 1.67233944 1.36263108 1.2874459
    0.99807179 1.05838776 1.51390398 1.27686322 1.03946984 1.38670003
    1.00661612 1.71085644 1.69663143 1.37816143 1.62356687 1.41983628
    1.44969678 0.898278534 1.2985363 0.989927292 1.11380041 1.31975698
    1.19938374 1.56979978 1.75561297 1.0788269 1.04751945 0.908398807
    1.24789405 0.929924726 1.12604105 1.14837146 1.70006895 1.50966895
    1.78088331 1.64309907 1.02552497 1.01614273 0.643067777 1.63484132
    1.44726765 1.83350337 1.74105215 1.33689284 1.21672463 1.45655346
    1.07645583 0.795062065 1.20988929 1.40049291 1.73950219 1.12733877
    1.39669502 0.974476814 1.58312714 1.83159637 1.21315444 1.80007076
    1.2944628 0.828304172 0.8041991 1.10442531 1.18221295 1.17052698
    0.770826519 1.53342617 0.969257832 1.48018968 1.58981228 1.02679789
    1.3454051 1.76578212 1.52701712 1.59800839 1.81481171 1.71029198
    1.01669621 1.52861094 1.00706875 1.14998972 1.8867836 1.35480428
    1.78702104 1.75356042 1.54626143 1.85783505 1.82545304 1.66440284
    1.66691089 1.20864666 1.46738529 0.966351807 1.08313644 1.12196004
    0.91842407 0.88050127 1.22651386 1.59234333 1.10853755 1.20803094
    1.61381638 1.01189041 0.900621891 1.68280268 1.1386857 1.18379986
    1.4172709 0.979732156 1.43067026 1.56559324 1.43404961 1.27742422
    1.51332307 0.854749441 1.01840615 1.61205888 1.80477357 1.53777182
    1.5930084 1.74955571 1.21846819 1.65442979 1.21345961 0.754942417
    1.03382027 1.20768917 0.966335773 1.57527173 1.65388286 1.57319689
    1.04104114 1.16785538 0.655159295 0.685013115 0.850941896
    0.952089429 1.62188232 1.02556384 1.84152722 1.67586744 1.21544993
    1.52113998 1.57578623 1.35492277 1.21338797 1.46878386 1.62164342
    1.57674623 0.849355876 1.06878936 0.777870715 1.53898013 1.41995943
    1.56674743 1.22144651 1.51218033 1.21605194 1.54882431 1.12927473
    1.09644473 0.830966949 1.49552464 1.81989336 1.24432635 1.18044066
    1.85390961 1.61120057 1.45625937 1.58353591 1.55998468 1.64497578
    1.07988238 1.0660224 1.16864109 1.65761936 1.81163728 1.61781752
    0.85054493 1.30882728 1.08373594 1.37003982 0.933570027 1.17209077
    1.39250374 0.850469887 1.75588429 1.1057682 0.841242254 0.786892056
    1.47173083 1.36718047 1.25322807 1.80447519 1.57539582 0.801220834
    1.42559135 0.741563261 1.51368928 1.45794833 1.56402266 1.61244845
    1.00315475 1.30577576 1.67212832 1.68777883 1.42209399 1.60661507
    1.63175905 1.60353899 1.131423 1.5670408 1.17172563 0.944812357
    1.72628331 1.26961434 1.31705451 1.18724036 1.60492635 1.02981782
    1.37400186 1.24764311 1.32856488 1.13955641 1.75456905 1.67858636
    1.50888789 1.29102898 0.786787927 1.78736746 1.7415061 1.72103822
    1.55086541 1.4267813 1.38015473 1.30207825 1.48878479 1.70717144
    1.55606878 1.12772775 1.14346099 1.59943223 1.15112185 0.918858886
    1.25305104 0.945285738 1.56744707 0.910031736 0.901262343
    0.768688262 1.41072893 0.891983509 1.08023477 1.47136271 1.30035591
    1.05860174 1.02218854 1.54623079 1.55296206 0.938626111 1.3819896
    1.35797954 1.29625547 1.64892542 0.906012535 1.74471211 1.07000864
    1.10420668 1.60938668 1.55856514 1.4224205 1.50651848 1.00075972
    1.50635433 1.43360841 1.6531589 1.2665199 1.73241508 1.09100997
    1.12859285 1.83782792 1.35696888 1.55428386 0.808014214 0.790220678
    1.11045897 0.97584343 1.50789356 1.68669736 1.11029923 1.04372311
    1.52113986 1.06812131 1.37689567 1.51038659 1.29491508 1.11371696
    0.938674867 1.03309679 1.42082143 1.80143404 0.889599264 0.863817096
    1.47270477 0.720206499 1.25538492 0.766074181 1.36444497 0.773185015
    1.62120581 1.45660996 1.51215029 1.56003535 1.68852162 1.16645098
    0.887140751 1.30904233 0.820841968 1.28678882 1.33558738 0.99673605
    1.38868356 1.46645725 1.17832506 0.97549057 1.17000651 1.4126389
    1.34082663 1.53419781 1.58768272 1.50084889 1.34756577 1.7384063
    1.46846116 1.36776376 1.02785826 0.952890754 0.957388222 1.79938447
    1.57096565 1.66141987 1.57851803 1.35447133 1.45297372 1.73146093
    1.91703165 1.45771861 1.77753675 0.896389842 1.08636355 1.44955575
    1.38637316 1.41624439 1.02586973 0.897361219 1.03770089 1.69193804
    1.11817729 1.41422868 1.51582491 1.3810569 1.08067012 1.30578291
    1.1994307 1.47300184 1.54736972 0.932397068 1.87860572 1.10231435
    1.6592629 1.4360112 0.886818647 1.52162075 1.36283135 1.1734091
    1.07073438 1.40587986 1.4693135 1.48633754 0.990729213 1.14254129
    1.1702342 0.965824842 1.07062769 1.4476465 1.09486508 1.24073458
    1.1534605 0.871605337 1.16531098 1.03006077 1.65370047 1.12282073
    1.6449914 1.83857739 1.67901957 1.15986323 0.912968278 0.895824671
    0.940878868 1.43351233 1.59036028 0.922945976 1.06291425 1.14948285
    1.75020063 1.11989224 0.841536283 0.79625535 0.670346141 0.766128778
    0.895261705 0.713176906 1.28066456 1.16334844 0.666086435
    0.992357969 1.37664652 1.66188741 1.10157764 1.12206185 1.65951335
    1.04088616 1.5105139 0.948825419 0.916429698 1.28391206 1.01022446
    0.815876782 0.905706584 1.18015289 1.50988889 1.54228413 0.896573961
    1.41904187 0.809215128 1.57319784 1.066432 1.61164141 0.941466808
    1.39214814 0.723182619 0.842124641 1.14558065 1.56893885 0.658547521
    0.862035811 1.29263449 1.71863711 1.87271726 1.65844727 1.6839484
    0.934906185 1.35366273 1.13363564 1.53559375 1.49081612 1.24927247
    1.25583351 0.838393152 1.03541625 1.5732497 1.01377833 1.1209867
    1.86321354 1.5005157 1.59409189 1.55797267 1.29292536 1.16388535
    1.19709146 1.48502433 1.09010124 0.840566993 0.95791626 0.842279851
    0.686511874 1.64733076 1.04009986 1.45338166 1.48144627 0.952635705
    1.5799216 1.68803847 1.65784729 1.76623678 0.959152281 1.49525857
    0.975751519 0.885051847 1.0239737 0.943884313 1.78440893 0.964447856
    1.57689452 1.31712615 1.08062601 1.46161675 1.09664953 0.91084969
    1.41748226 1.02641428 1.04156637 0.988044024 1.02196109 1.48333251
    0.860325933 1.27416265 0.759460092 1.44052362 1.24143958 1.24974692
    1.6141957 1.33443213 1.18779051 1.76967657 1.30834758 1.53560674
    1.26990283 1.04641199 1.46572304 1.10688877 1.18581617 1.67082417
    1.5969919 1.6996429 1.24924886 0.996597171 1.74563193 0.880037665
    1.49866354 1.31368923 1.28468406 0.856784701 1.34803092 1.82562661
    1.07321906 1.80994689 1.71935546 1.66951609 0.94874686 1.16224706
    1.16474152 1.67428601 1.16464663 1.07780993 1.19245803 1.23695052
    1.02068174 1.3228178 0.834322453 1.6498673 0.852634728 0.907408714
    1.29318511 1.56186426 0.956988752 1.24286628 1.63425934 0.793516636
    1.66047585 1.44192302 1.16168463 1.15477657 1.53948414 1.19120324
    1.48064101 1.0868001 1.22535813 1.57490706 1.11739707 1.10047936
    1.19460213 1.62657452 0.922943592 0.833895802 0.755256832 1.44942164
    1.47138572 1.52852738 1.57177186 1.32862616 1.29272914 1.38456762
    1.33155143 1.91171718 1.80509531 1.83276725 1.16654444 1.25011635
    1.19316101 1.18212318 1.6432718 1.22474039 1.65715563 1.81177115
    1.56174731 1.83961809 0.997062922 1.37370837 1.17006612 1.6070435
    1.36870873 0.990161121 1.50329244 1.62845111 0.908702016 1.71864641
    1.53045797 0.760744333 0.983343661 0.808719575 0.861632943
    0.677417755 1.24481595 0.958127081 0.925420761 1.27843511 1.56974471
    0.789573014 0.93878907 1.50184548 1.83459842 1.21091425 1.11175895
    1.60330367 0.870057225 1.58212376 1.21535778 1.55955088 1.47046566
    1.71602476 1.29441071 1.26066518 1.19734335 1.75785613 1.19315636
    0.781460524 1.68960416 0.866153181 1.05493927 1.24424624 0.740557253
    1.06311977 0.76308912 1.6346482 0.943807125 1.29785001 1.38734925
    1.78198349 1.21310997 1.1140424 1.70931768 1.36925602 1.27187145
    1.47576761 0.880830467 1.19991457 1.17727745 1.54283094 1.72329879
    1.29311144 1.61497986 0.787115991 0.796696901 0.772716105 1.37825346
    0.98548615 1.06594574 0.616092741 1.240785 1.28490055 1.43058372
    1.24963808 1.23073173 1.12393665 1.6921699 1.45680118 1.1716758
    0.911085725 0.855164587 1.71992779 0.949930966 1.03157163 0.87551105
    0.96630764 0.695840418 1.43242431 1.56527543 1.47286296 1.05400026
    1.49771965 0.899252772 1.26466429 1.24628568 0.918507218 1.12543809
    1.18355179 1.0898428 1.35191655 1.4992969 0.82915318 1.55917251
    0.890992165 0.926633716 0.849372923 1.58921194 1.54181767
    0.747980595 0.836847126 0.732380152 0.784210265 0.902291119
    1.39634657 0.851539671 1.71852207 1.26007187 1.51817143 1.66111076
    1.16887689 0.980248034 1.95125747 1.55732191 1.52397501 1.61609924
    1.86926377 1.63122165 1.00060725 1.32331884 1.42238128 0.946799278
    1.09638453 0.868038177 0.819240272 1.74325466 1.59548235 1.79204881
    1.08808303 0.938793182 1.19370711 1.31302691 1.40687621 1.17723715
    1.56690776 1.30241835 1.15109551 0.86672014 1.42225337 1.64280939
    1.59431076 1.81532538 0.919324696 1.3404634 1.3470875 1.61869884
    0.769444227 1.33750796 1.25588572 1.14851296 1.22931755 0.886321187
    1.54502547 1.50338936 1.653566 1.30399346 1.14311028 0.994222581
    1.66927993 1.71728909 1.49976301 0.884869099 1.31963539 1.02946496
    1.59981096 1.33430266 1.40059006 1.01523817 1.15481508 0.869504929
    1.22582388 1.62480152 1.37518096 1.78701329 0.897583067 1.08254492
    0.819337308 1.26711965 0.876982331 1.63427806 1.09137928 1.49887478
    1.67862296 1.82203531 1.05192292 1.66114914 1.75405836 0.930154324
    1.41332042 1.2463665 1.7377069 1.28455842 1.58264089 1.23135793
    1.60792446 1.37108827 1.11722338 1.67302442 1.7347064 1.33556843
    1.51453292 0.819363952 0.972711444 0.918109357 1.31694245
    0.911126852 1.22190547 0.910383463 1.16213632 1.07255626 1.08745861
    0.920683265 0.766851783 1.42185163 1.31678057 1.3141489 1.2528609
    1.52172542 1.36054945 1.20227635 1.37740362 1.00162077 0.772105217
    1.09833729 0.859949827 1.18826628 1.77456558 1.55444908 1.31225026
    0.99371928 1.80751681 1.72077799 1.16317701 1.28984129 1.97469783
    1.44820249 1.68187582 0.736009419 1.41255808 0.773788154 1.86864245
    1.41501284 1.61464918 1.38184845 1.80345798 0.797857106 1.58843124
    1.11402047 1.28018343 1.29885674 1.6701107 1.16631496 1.80338907
    0.853212893 0.901086688 1.3179884 1.27887344 1.22903597 1.21282995
    0.689324081 0.883807838 1.7094506 0.96653527 1.72315431 0.80816704
    1.63413203 0.887684166 1.06978679 1.52722013 1.27962625 1.11591971
    1.71970677 1.32213533 1.54388142 1.32284737 1.21187031 1.30618477
    1.07741451 1.3859247 1.02627075 1.09481621 1.44770253 0.958882987
    1.33476675 1.66692889 1.35187185 0.972004831 1.25351405 0.722046494
    0.77990526 0.674862146 1.4234482 1.14317822 1.31111217 1.59364545
    0.921185374 1.1628207 1.00977063 1.22037506 1.8504411 1.56141448
    1.63378155 1.02718616 1.38831615 1.09706938 1.67030334 0.89544034
    1.27367985 1.25999963 1.6203239 1.16366041 0.844904184 1.33404374
    1.01029384 0.663903058 0.691029131 0.49875012 0.90778017 0.659880817
    0.730968297 1.42637038 0.868816555 1.00731182 1.53250885 1.12235105
    1.38736665 1.15445018 1.16681349 1.11453378 1.58579195 1.23980498
    0.850459278 1.05914521 0.700967729 0.950380683 1.30516815 1.04861259
    0.904595971 1.2329309 1.27019954 1.64665866 0.811424673 1.01582253
    1.30560923 0.702071369 1.6869148 1.10105526 1.03512955 0.905941486
    0.712701857 0.678692698 1.36225748 1.71789145 1.71965742 1.17699122
    0.763296604 0.934653282 0.75371933 1.30308723 1.27294743 1.27245343
    1.10014808 1.2855804 0.922419608 0.877765715 1.22299635 1.69285238
    1.63487411 1.41361988 1.86908305 1.8637228 1.82368767 1.84897149
    1.71270561 1.17855358 1.1390059 1.42106605 1.61256814 0.743452489
    1.48250043 0.911681294 1.13721919 1.34734428 1.01138175 0.902967572
    1.75465369 1.4879874 1.45944476 1.27315795 0.767377615 1.47285986
    1.43077886 1.04000342 1.3313998 1.18495202 1.42408144 1.38446903
    1.65319264 1.81718719 1.44471407 1.15165472 0.981465995 0.788206577
    1.01902103 0.903192043 1.40715325 0.97565794 0.891322732 0.967173636
    0.836342633 0.959389865 1.02157164 1.17523921 1.27892089 1.24547327
    1.22012341 1.6165067 1.58382666 1.31535816 1.61681795 1.67375517
    0.867839158 0.745589137 1.07461953 1.01401281 1.60211551 0.760793269
    0.97642976 1.1842978 0.931355953 1.34264076 1.06697166 1.57639635
    1.22064388 0.897147179 0.864925444 0.866355121 1.06291664 1.32560301
    1.06441009 1.44587886 1.47231352 1.11843073 1.28023636 1.08305228
    0.877444446 1.51047075 1.47612023 1.47181892 1.5023855 1.38510799
    1.37490523 1.57328379 0.86497879 0.784563303 1.28070021 0.951227367
    1.17020273 0.945104778 1.4998765 1.32608259 1.19183838 1.69173265
    1.46242166 1.60682964 1.33874476 1.11797428 1.22662556 0.815096974
    1.27915514 1.09413087 1.6062696 1.27165318 0.805987716 1.27542746
    1.65386856 0.863006651 1.28153872 1.04665959 1.42522204 1.05517268
    1.77981615 1.51467383 1.39664543 1.70769298 1.73698103 1.40780246
    1.68471611 1.88275611 1.65356672 1.92709386 1.66659069 1.15520501
    0.846497357 1.61688852 1.05785346 1.4656322 0.98610723 1.88645649
    0.901267707 1.17050731 1.62891507 0.958740115 0.928344846 1.55197966
    0.839941919 1.48450565 0.705100179 1.40951645 1.30565357 1.81767797
    1.37936306 1.22994649 1.35337603 0.931530118 0.648697853 0.656730294
    1.47213781 0.891183794 1.77445543 1.38490593 1.3933953 0.818744481
    1.66445696 1.51140845 0.85390991 1.39306557 0.814326167 1.46440995
    1.13454783 1.43401837 0.870564401 1.75528109 1.11617088 1.31982493
    0.914898038 1.5822767 1.69939053 1.18948388 1.32814765 1.28196132
    1.37677038 1.53608453 0.704020202 0.713081479 1.49390137 1.07036841
    0.711565614 1.23241889 1.27138972 1.30664194 1.25858617 1.73973691
    1.20050323 1.83267522 1.64636898 1.39922786 1.47297406 0.918166637
    1.68764675 1.28712654 1.36630249 1.68469405 1.0734967 0.82738328
    0.96581763 1.48131394 1.15791345 1.38782144 0.688543737 0.645899653
    0.539216757 0.900146782 0.572908938 1.30742896 0.801290989
    1.59894609 1.61086619 1.71086419 1.0997895 1.09355628 1.02959645
    0.743480146 0.885728776 1.29600632 1.03354228 0.974750102 1.17864907
    0.618696868 0.795598924 0.870627284 1.7043128 1.44342303 1.15392053
    1.08850086 1.30490351 1.19515002 1.41628814 1.31802428 1.37583148
    1.66234291 1.66230774 1.33132505 1.20095646 1.59922731 0.822405577
    0.969934583 1.09905601 1.16367936 0.648227692 0.918793976 1.48195565
    0.752995253 0.625402629 1.01605535 1.44433963 1.59776747 0.996211827
    1.35068214 1.78759253 1.09630573 0.914700449 1.45942271 1.11798
    1.08881164 1.8140142 1.86230731 1.50530815 1.33525836 0.866036713
    1.67294574 0.968977571 1.3029958 1.35474348 1.36131835 1.30726933
    1.7283293 0.905477524 1.61628735 0.958517253 1.28942168 0.985015273
    1.37109208 0.695359528 0.819450974 1.29957438 1.222839 0.994397104
    1.06531954 1.70926964 0.944633543 0.894952059 1.66052687 1.33757627
    1.79729927 1.04196036 1.16071856 1.32421243 1.19600284 1.26491201
    1.60835016 1.51834464 1.51639068 1.55411875 1.01252842 1.00619531
    1.11388493 1.37742305 1.07655847 1.01305056 0.956307471 0.892806888
    1.74343574 1.43544817 1.49630654 0.79658711 0.71487391 0.867035151
    1.12767887 1.41674745 0.807689607 1.12429821 0.656758547 1.03212392
    1.17905354 1.16987765 1.3416338 1.25887907 1.01884258 1.10346961
    1.49807501 1.71053815 1.59103739 1.68251395 1.17467952 0.781282902
    1.27699208 1.62242854 0.996827126 1.13617957 1.44442272 1.60696745
    1.48087895 1.26553118 0.976323009 1.18671262 1.21621382 1.3685056
    1.45814741 1.82382619 1.54711699 1.05722702 0.803655386 0.868268013
    1.76429653 1.44892573 0.957983434 1.53005874 1.65487218 1.77351928
    1.19888246 1.09124088 0.808112204 0.718772113 0.827920079
    0.747091949 1.23168945 0.736158967 1.27749002 0.818907082 0.86563164
    1.18588352 1.35803533 0.895869136 1.56267333 1.35319793 1.4034903
    0.943393052 1.13889146 0.962194979 1.37270558 1.7941848 1.28820753
    1.35561049 1.70829785 1.81323814 1.59300077 1.45457053 1.06587219
    1.06593776 1.15547478 0.925415277 1.72298598 1.52589405 1.3673408
    1.40615153 1.48633182 0.979743719 0.927958965 1.64701033 1.51397455
    1.53768539 1.60670757 1.06677949 0.959732771 1.18002236 1.88658178
    1.0280019 1.40034914 0.737799764 1.41149998 0.717402935 1.32792592
    1.67123675 1.54856455 1.69923043 1.6154964 1.39264321 1.04017651
    1.09955418 0.948220015 0.730945289 1.55619442 0.887198389 1.41559839
    0.768983305 0.918005049 1.14725709 1.16767728 0.999881446 1.5245961
    1.00838554 1.5182662 1.29572749 0.992735088 0.888593853 0.946265578
    1.60833144 1.69642329 1.57210815 1.4029603 0.704774857 1.66364503
    0.832181215 1.49799645 1.58013856 1.35338247 1.0250442 0.971389174
    1.71837091 1.78236949 1.27461803 1.32618988 1.89293897 1.27024078
    1.01988137 1.53743577 1.57798862 1.13610995 0.752555788 1.5174154
    0.933497071 1.76395345 1.78466558 1.65779483 1.31337047 1.14665639
    1.04471588 0.944238067 0.8028301 0.69776696 0.934078991 1.43047595
    1.3577261 0.874586284 1.00050414 0.8288908 1.53369677 1.11196601
    0.884338856 1.09593081 1.4787308 0.908288658 1.41654742 1.06179476
    0.713239312 1.50526726 1.28042245 0.995995343 1.52325082 1.53746033
    1.63404441 0.810247242 1.40109968 0.782043159 0.752286673 1.3568784
    0.741573513 0.708989441 0.742783189 0.856495738 1.41392791
    0.791001976 0.59329474 0.733249843 1.17327058 0.860964358
    0.699853241 0.832530618 1.37391388 1.15846097 1.18484271 1.0461539
    1.64491177 1.43564188 1.02667403 1.68216205 0.969714403 0.702266753
    0.990616024 1.0306586 1.27984452 1.45370054 1.66225982 0.953898728
    1.0037154 1.38901401 1.41196251 1.20959699 0.921283185 1.08788753
    1.31964755 1.03739607 1.42708874 1.21628225 1.61901736 1.19698071
    1.36972296 1.15012586 0.907123446 0.901458383 0.691556871 1.31318009
    0.961579263 1.10606241 0.741031766 1.38440847 1.43033433 1.42645192
    1.1974088 0.95621264 1.42265928 1.69007587 0.983414829 1.53193796
    1.06182802 1.23850691 1.46954739 0.734556496 1.00862193 1.39375782
    0.738126278 1.24849749 1.62504733 1.32038486 0.976564109 0.863471329
    1.25796962 1.31118643 1.50505078 0.968682885 1.72239244 1.21918595
    0.772017181 1.19280982 0.920189738 1.21685112 0.922612488
    0.826882005 1.36609066 1.28011358 1.16783226 1.01867437 1.20902777
    0.90085876 1.36070132 1.18097019 1.18395209 1.49718976 1.42625427
    1.19536746 0.874697745 1.05992544 1.36214793 0.981779456 1.12933946
    1.75079429 1.55273163 1.19023752 1.44608772 0.733270526 1.39584208
    0.864536524 1.11086774 1.48209691 1.23854625 0.838094652 1.23465896
    1.4336611 1.38472307 1.59232879 1.44408333 1.40651596 1.72765374
    1.15586329 1.09017158 1.58733964 1.64574027 1.26971543 1.50275457
    0.730139136 1.1710192 0.873483658 0.871429265 1.54623318 1.1979115
    1.12843251 1.09233129 0.92044884 1.4294343 1.2346971 1.37646878
    1.77056432 0.862133205 1.37799811 1.31209898 1.37471557 1.53005183
    1.62582791 1.442312 1.84689975 1.31941938 1.610075 1.32626998
    1.11886322 0.871918142 0.815835238 1.05793798 1.24802577 1.08954465
    1.10917759 0.863550007 1.33494389 1.52313578 1.36250353 0.811955154
    1.63545048 1.09833932 1.18598342 1.0198245 1.21750569 0.8582533
    1.81373143 1.49163842 1.7479142 0.948681176 0.927172601 1.06612051
    0.967320204 1.2892971 0.857160926 1.74254572 1.26573086 1.62488163
    1.25001132 1.44272161 1.15577757 0.849186301 1.58153498 1.04742575
    0.87582922 1.05633771 1.30227256 1.32225537 1.26440275 1.41927052
    1.21919644 1.20068264 1.29336524 1.50427628 1.12841499 0.843265295
    0.837605536 0.702042937 1.18407178 0.930604339 1.35183549 1.16746855
    1.73939931 0.909739792 1.32581794 0.799278021 1.10784698 1.23099864
    1.25831187 1.25688159 0.981850266 1.23889494 1.80584002 1.78427207
    1.35289097 1.27073824 1.52373636 1.06765521 1.3114562 1.13864017
    1.21808267 1.01038504 1.10066092 1.31449354 1.02656782 0.871606827
    1.04213881 0.750029564 1.5359987 0.688884497 1.72151625 1.01891088
    1.01425207 1.60454535 0.838521302 1.72155738 1.52089715 1.40400279
    1.03905058 1.37237978 0.91859746 0.726338089 0.975237906 1.34049058
    0.812756836 1.08891737 1.08194184 1.08982766 1.37947357 1.62721205
    1.32440758 1.39513004 1.05859625 0.834297776 1.41046882 1.48262239
    1.08785927 0.944028318 1.02925897 1.38831627 1.09622407 1.02467263
    1.37336481 0.777348995 0.609684885 0.572249234 1.47814 0.708285928
    1.62608683 1.7470516 1.62040412 1.69336724 1.49732041 1.70941842
    1.76281309 1.59967387 1.63323057 1.01829541 1.01037526 0.984070897
    1.05732751 0.964206398 1.38845015 1.41556287 1.12198532 1.22381854
    0.744404078 0.864353359 1.62448835 0.727314055 1.21885288 1.1414125
    1.6176244 1.29854429 1.17070556 1.14788258 0.776042342 1.03893399
    1.30437267 1.61136615 1.37701297 0.69465369 1.47356343 1.06369615
    1.56647241 1.47198129 1.09313226 0.76888746 1.35021877 0.940759182
    1.60870576 1.41996706 0.978199244 1.62867546 1.30711496 1.70467305
    1.46609294 1.45117021 0.778049469 0.799871206 0.935437202 1.65077841
    1.73579025 1.54828537 1.58474517 1.61184645 1.43662095 1.38783216
    1.59436584 1.76106751 1.75454831 0.828619599 1.06523609 1.04833174
    1.07302594 1.06997621 1.38826859 1.01233947 0.880205393 0.745423496
    1.03848779 1.11480451 1.31028235 1.44366384 1.33459425 1.6198312
    0.928995848 1.29934371 1.70450258 1.03363919 0.809506655 0.900986433
    1.27220964 0.977108121 1.43410766 0.972543836 1.00531495 1.86270463
    1.44689226 1.61070096 1.05219436 1.14483345 0.798549175 1.55707848
    1.32409978 1.69652033 1.6370976 1.80763185 1.63631523 1.40026951
    1.18665552 1.69991589 1.72201407 0.92800802 0.991036236 1.17451656
    1.48544252 1.41196942 1.38580728 1.55667281 1.53439319 0.698908806
    1.35975313 1.04871058 1.3015883 0.73915261 1.01337969 1.25115037
    1.54973793 1.33742726 1.05492342 1.04755509 1.69702804 1.7288425
    0.882050931 1.49883318 0.98222822 1.35250187 1.47201729 1.30425262
    0.949562013 0.950581312 1.36984181 0.939881146 1.2476877 0.705506325
    1.06395185 1.24795926 1.15786564 1.14731979 1.05499399 0.861546874
    0.904577911 1.60946608 1.0713377 1.18795609 1.50473738 1.19620359
    0.882449448 1.19834375 1.75834596 1.6717689 1.32484472 1.26157582
    1.76279426 1.29390311 1.14371204 1.57956064 1.5654403 0.942737222
    1.1899035 0.91930753 0.888222575 1.17422843 1.16561341 1.35364294
    0.994608045 0.639872968 0.809740603 0.661385834 1.33276415
    1.41755104 0.901260257 1.11213887 1.60262191 1.42147827 1.44228697
    0.931917787 1.14154637 1.06399345 1.62840366 0.678021312 0.923565805
    1.11799216 1.01926565 1.49158978 1.41771328 1.46623993 1.67553353
    1.4332006 1.51216221 1.70297825 1.36997581 1.08260846 1.25945199
    1.16786277 1.04507947 1.51507425 1.70110059 1.65265679 1.59220684
    1.047104 1.16819966 0.905014396 1.11718929 1.4251647 1.00708163
    1.65286231 1.27615631 1.56057072 0.85138911 1.32549179 1.00945652
    0.769648731 1.08491468 0.849257231 1.58306897 1.39596295 1.1871084
    1.68360305 1.32177114 0.888978124 0.879814982 1.67950892 1.17326653
    1.41115284 0.87407726 0.786090195 1.25036263 1.09741712 1.22459865
    1.18377185 0.714818478 0.664409757 1.2576797 1.18556654 1.49574947
    1.01200318 1.21591461 0.670098126 0.835005105 0.86479944 1.53691137
    0.665076196 0.802023768 0.701500356 1.09274614 1.32843757
    0.822775662 1.18687415 0.666716218 0.616960049 0.746860385
    1.39315534 1.13150382 1.29439175 1.57442915 1.50584853 1.73064983
    0.946696877 1.68461215 1.55179548 0.977335811 0.757627606 1.00592053
    1.37240171 1.53754711 1.35824108 1.63675284 1.58809149 1.41515267
    1.56048322 1.62162435 1.69837379 1.59209728 1.36201966 0.857928693
    0.812377751 0.878942728 0.818854332 0.835823238 1.34466624
    0.798341751 0.932777703 1.50462329 1.37648046 1.53688478 0.909016669
    0.690193892 1.08259988 0.788197815 1.39760268 0.858628273 1.3964535
    0.837933242 1.39373267 0.904018521 0.9568578 1.47837329 1.23924232
    1.64104378 0.793452859 1.2721144 0.79511708 1.05616617 1.09928739
    0.919062555 1.59218013 1.66243148 1.44348633 1.15648663 1.67974985
    1.60265326 1.19131923 0.84556812 0.976398528 1.71694613 1.38625574
    1.33274066 1.40350306 1.19977653 1.38997161 1.78602386 1.69676542
    1.33155036 0.914076626 1.55133843 0.980293274 1.52526474 1.26766086
    1.50829136 0.920384824 1.1100142 1.63990772 0.796557844 1.03867102
    1.45995831 1.45426893 1.51773345 1.31137621 1.25493908 1.19543386
    1.71588898 1.23138583 1.76716053 1.20163357 1.10101628 0.98265934
    0.842434645 1.56067324 1.30254638 1.35979974 0.962179065 1.90971673
    1.42562878 1.75726533 1.65409279 1.12913978 0.900571764 1.27512908
    1.80866814 1.27131915 1.77871954 1.84095347 1.50267982 1.6200397
    1.4045763 1.51123846 0.916832507 1.41871607 1.23507667 0.783639014
    1.0585587 1.01066589 1.76524258 0.807099998 1.65799224 1.38442934
    1.1862818 1.72314119 0.859352112 1.09985149 1.22437191 0.970177233
    1.045825 1.53622627 1.42845893 1.06653452 1.26583791 1.38595343
    1.02168012 1.05996811 0.668998778 1.22880232 0.76164937 0.925963163
    1.56924462 1.2770946 1.69139099 0.770667553 1.39848542 1.39991844
    0.738581359 1.12211359 1.74196243 1.43240094 1.21867096 0.813962221
    1.03009641 1.63818598 1.65140212 1.80897391 1.54239714 1.73347473
    1.07010353 1.41236389 0.788339436 1.01849353 0.836032331 1.48636901
    1.00322306 0.760795414 1.58754361 0.851672649 1.64855957 0.877676249
    1.06352746 0.738276243 1.01093972 1.67154503 1.36525905 1.64834261
    1.50473475 1.08090925 1.02206933 1.12703443 1.23569071 0.83323139
    1.38803816 0.761729181 1.57484388 1.0615499 1.6985786 0.897258878
    1.81787121 1.20878315 1.29163802 1.46236765 1.7175734 1.84550261
    1.66334093 1.02695405 1.01626122 1.36067235 1.16226411 1.57313681
    1.8338747 1.57083333 1.52252793 0.816213489 1.6110996 1.66110921
    1.72153747 1.25061321 0.726109505 1.52517331 0.695922315 1.33985209
    1.59703815 1.57712471 1.37580645 1.76358116 1.81282043 1.35832
    1.85403299 1.71396017 1.1506331 0.939535677 1.2588135 1.27521539
    1.37150097 1.10120618 1.36003149 1.37147474 0.790170908 1.54950047
    1.020123 0.617729247 0.824235857 0.790173709 0.753903031 1.06496191
    1.73646581 0.857159376 0.984829128 1.33603644 1.30477357 0.999456048
    1.08595634 1.6721946 1.72273231 1.14868939 1.17433465 1.16563511
    1.71001256 1.41812634 0.96653384 1.17241526 1.61294746 0.846570075
    1.3847636 1.74645543 1.39449346 1.39658654 1.44862354 1.67835021
    1.76618648 1.28416359 1.1214149 0.97129178 1.48170495 1.50967455
    1.27972102 0.879292965 1.49853361 1.76916122 1.60788381 1.01765621
    0.955105543 1.0513097 0.788770378 1.6577785 1.05390441 0.979906499
    0.834215403 1.44274354 1.00826132 0.825695515 1.27944469 0.936865509
    1.31307936 1.14418459 1.50209963 1.13614607 1.17560017 1.00151086
    1.36442828 1.48706222 1.28624749 1.3993659 1.30614924 0.943984449
    1.7132746 1.23105025 1.12260592 1.33086944 1.68530142 1.23749864
    1.0301702 0.780023277 0.978067577 1.04885352 1.05684221 1.11310637
    1.51870227 1.26498556 1.67193961 1.43466997 1.4465301 0.943832159
    1.3193891 1.42097664 0.909474552 0.692778766 1.10368884 0.927704334
    0.915111721 0.976653099 1.80222464 1.05396819 1.70556211 0.83784765
    1.1698457 1.68768203 0.959938943 1.13041973 1.61163485 1.50961471
    1.2411778 0.73734802 1.44391084 1.08292282 1.44433975 1.07237279
    0.906936407 0.943476856 1.60813034 1.44417167 1.3707906 1.32215333
    1.66223407 1.73213267 1.21849465 1.12963343 1.1177758 0.969804406
    0.851392508 1.6992259 1.30381382 1.69187236 1.61948979 1.59787214
    1.71964931 1.68910706 1.7395277 0.880052507 1.84801042 1.603845
    1.77391016 1.04050767 1.66110122 1.32320035 1.61847413 1.28145015
    1.00864279 1.4271704 1.23409581 0.957980096 1.53470838 0.815909624
    0.789359152 1.32565153 0.882173002 1.6226536 1.0117898 1.43287897
    0.822724283 1.27652359 1.435009 0.874921799 1.27909219 1.55139065
    1.45858157 1.05830956 1.41080129 1.19771779 1.26482153 0.921372652
    0.91054219 0.839831412 1.50858676 0.671954811 1.21541131 1.06745625
    1.21408105 0.842180431 1.14476669 1.39617598 1.16488969 1.50223565
    1.60984516 1.46502328 1.3396827 1.56338847 1.32680392 1.06357348
    1.52640116 1.43799889 1.91298389 1.70810866 1.74908221 1.08965778
    1.36238062 1.46512437 1.43197441 1.33908308 1.51097369 1.03553843
    0.767751455 0.782512248 1.21772003 1.28442609 0.714632869 1.25635815
    0.797435164 0.823924959 1.68338907 1.76007855 1.20072341 1.4072721
    1.83454931 1.00688708 1.67507339 0.850041032 1.51041389 0.977029681
    1.65026462 1.72199655 1.64204025 1.80903304 1.53581893 1.66002846
    1.08850193 1.70427489 1.12714183 1.42108011 1.67784154 1.61396408
    0.953119814 0.931382835 1.09447098 1.10295618 1.23043728 0.835268915
    0.961429119 1.42388439 1.6639353 1.65668774 1.4247371 1.08651304
    1.37291193 1.14343214 1.41298866 1.41592026 0.935275197 1.19690073
    1.58903813 1.06300724 0.88194406 1.02419662 1.33283019 1.49215508
    1.7107501 1.48296666 1.69400084 1.0938288 1.65281272 0.819575548
    0.704743147 1.29256892 0.956343889 1.11452591 0.893156052
    0.768396676 0.666622639 1.19273782 1.54959953 1.52038395 1.09816742
    1.02800894 1.63903928 1.47866046 0.823656023 1.28835642 1.23009539
    1.21603417 0.734788001 1.46297967 1.69936776 1.30129647 1.57875526
    1.24264562 1.33911955 1.11006582 0.641503751 0.952512443 0.850178778
    1.34809589 1.45407426 1.02761102 1.08994877 0.803992569 0.951203346
    0.942248344 1.59383094 0.788594842 1.59721911 1.22458994 1.3376714
    1.75338542 0.976345599 0.883845985 1.07306659 1.80395329 1.41504169
    1.48930597 1.22703433 1.84669793 1.791942 1.61718106 1.35817122
    0.788334608 1.58591855 1.14823604 1.45679629 1.11908865 1.50043464
    1.18832016 1.76149356 0.807241321 1.4887681 0.662655175 1.26063037
    0.770192027 1.3522588 0.700704634 0.76618576 1.53432977 1.39126086
    1.58195329 1.35203791 0.920275629 1.38757634 0.782449543 1.14506125
    0.630792797 0.630557418 1.42444479 0.934054792 1.53133953
    0.891582251 1.07931685 1.30059743 1.15368605 1.2863667 1.61732912
    1.16095281 0.692673743 0.942926943 1.40260673 0.761783719
    0.967473745 1.58433557 1.29067445 1.1658268 1.40142453 1.393556
    1.1401273 0.939311504 1.8624121 1.68834543 1.23909926 1.3938086
    1.41770852 0.847185552 1.59384036 1.59991693 1.01591432 1.50243139
    1.13940585 1.28335416 1.1515094 0.857147157 1.22631741 1.71749294
    1.02452743 1.73487568 1.76491404 1.52062428 0.763408661 1.30591965
    1.01832032 0.75476259 1.14589691 1.67282462 1.02623916 1.84711838
    1.54377735 0.810940981 1.29624653 1.3988694 1.61871123 1.53563046
    1.09205401 1.3056457 1.11928296 1.52110481 0.967846394 1.75912821
    1.60494602 0.981240153 0.88260299 0.754007101 1.15073407 1.22868884
    1.54667091 1.24815929 1.39978838 1.80480552 1.27673197 0.905795872
    0.931193054 1.24217558 1.29231644 1.06716108 1.69601405 0.89494127
    1.1958766 1.60098422 1.76028788 1.38307965 1.36673737 1.51114893
    1.06551135 1.50730407 0.961532056 1.12124944 1.34047973 1.27311039
    0.950580716 1.44301546 0.877138674 0.962910891 0.667031169
    0.978090823 1.31785858 1.66252851 1.57275295 1.88707745 1.14729226
    1.50535047 1.06731772 1.06205726 1.02312851 1.46494985 1.47231686
    1.11686158 0.800583363 1.64473391 0.782590091 1.62457716 1.56093359
    1.06132543 1.66320562 1.725384 1.752841 1.24028885 1.49909341
    1.08161688 0.937250733 1.31430924 1.11078167 0.822081208 1.36872184
    1.28575718 1.71761525 1.47439051 0.788539052 1.29747844 1.15088391
    0.961906374 0.803190231 1.13852227 1.09454155 1.00811088 1.49146521
    1.69332004 1.42974508 0.928676009 1.44328332 1.61969852 1.60815227
    1.25136065 1.56117618 1.15968966 1.20380867 1.72188199 1.20802426
    1.14417839 1.60303712 1.05561221 0.969478548 1.29753304 1.5823766
    1.59313846 1.64108229 1.4733336 0.782863915 1.4161973 1.05648005
    1.26213086 1.55452371 1.22427702 0.92776382 1.19864166 1.63464701
    1.72070324 0.856172323 0.973975539 1.60964334 1.4653784 1.41761863
    1.24619222 1.38964522 0.917524636 1.22610426 0.770505309 1.48731899
    1.2360245 0.65846777 1.19937873 1.0924722 1.27814531 1.38281059
    1.02196825 1.13956678 1.21400619 1.45467997 1.43789101 0.785741508
    1.52033007 0.996807873 0.946177721 1.51522195 0.908084095 1.18201888
    0.892703772 1.5327419 1.64120066 1.17711329 1.40292394 1.32176971
    1.16922235 1.54149854 1.88303185 1.61245108 1.62623966 0.800988972
    0.796731412 1.00159657 1.65053892 1.31643248 1.43860519 0.825304151
    1.42009878 1.00032258 1.50881672 1.49925089 1.74437904 1.39309788
    1.637555 1.8067286 0.864085913 1.1611737 0.950459003 1.68895388
    1.62547612 0.854051411 1.7053479 0.976937115 1.64590263 1.2470727
    1.02899098 1.09592152 1.04947567 1.17460644 0.960922241 1.51404464
    0.73071599 0.840279162 0.781196594 0.872949421 1.41679573 1.73916948
    0.899183273 0.854169428 0.939097703 0.912947774 1.62169802
    1.48391783 1.41485941 1.04514635 0.786545873 0.798809052 1.29754519
    1.28127635 1.36771238 0.827576101 1.50785565 0.890307367 0.95336175
    1.56911862 0.84797734 0.85602057 0.626073182 0.501055598 0.883691192
    0.578279078 0.746910214 0.64562124 1.08230972 1.70531511 1.05872619
    1.6969471 1.30574226 1.82501996 1.55328512 1.74086559 0.995205641
    1.63858652 1.03256226 0.82371819 1.24402058 1.61706603 1.25397778
    1.78236794 1.33357263 1.69670904 1.14794886 0.926545143 1.32941556
    1.30679083 1.42577243 1.24470711 1.49882448 0.791692436 1.58063006
    0.777941525 0.986862242 1.24981225 1.66944814 1.36854184 1.35903096
    1.20356965 1.03020191 1.07746243 1.45321941 1.62785244 1.58347464
    1.10988605 1.50836229 0.910357833 1.58901775 1.12298787 0.92503655
    1.39116096 0.760435283 0.788852036 1.31688023 0.976077616
    0.866877258 1.09880865 1.45604825 1.26792777 1.06845605 1.40196145
    1.54762781 0.846322536 1.01671886 1.01391494 0.982616663 1.66556847
    1.20189404 0.914697349 1.13829601 1.268314 1.36659312 1.68570518
    1.720734 1.45220804 0.966480672 1.2258358 1.36884618 1.43566108
    0.844465017 0.954093754 1.4164257 0.826099217 1.49363101 1.11445451
    1.19267714 1.80762517 1.75235057 1.3249855 1.47937548 1.45736277
    1.64230514 0.940372288 1.22324967 1.64649844 1.59138787 0.860140741
    1.28829122 1.23589802 0.995613575 1.34147084 1.36981809 1.51274562
    1.81434858 1.59094548 0.932820082 1.29539275 1.07243764 0.808790028
    1.40711093 1.20412159 0.709155917 1.31681859 1.08609319 1.74868047
    1.70960486 1.67176449 1.60446322 1.60065103 1.69092143 0.80037123
    1.68011832 0.891998291 1.09056818 1.21170974 1.73383594 1.28443623
    1.48090112 1.28793311 1.55620182 1.74156713 0.795098066 1.26748252
    0.915644348 1.11143196 1.41061652 0.894940197 0.839501917 1.17135823
    1.73412406 1.77599692 1.52514732 1.92057872 1.6888181 1.35160434
    1.5966146 1.55164456 1.29706621 1.4113096 1.73909438 0.748466134
    1.14010906 0.766539395 0.696957171 1.26693738 0.824704647 1.07528377
    1.16726232 1.4460566 0.875773072 0.777945817 1.02255321 1.37738335
    1.49594736 0.738346279 0.730053663 1.24944949 1.5331645 1.16545463
    1.40732229 1.35540998 1.79351997 1.04913223 1.91703153 1.48690355
    1.24884486 1.46971846 1.21465909 1.56528604 1.31877077 1.51973987
    0.692827702 0.900340438 1.09367251 1.39799321 0.777567506 1.46735513
    1.47772336 1.03155732 1.07058239 1.61025107 0.841419876 1.01335108
    1.1245153 1.83790064 1.96770358 1.46821094 1.6543498 1.28139365
    0.745238423 1.45277953 1.21443701 1.7726227 0.972965002 1.12957132
    1.38196778 0.926412463 1.55474699 0.82856667 0.880801201 1.33902168
    0.97051096 1.66602421 1.15848422 1.77716064 1.90980601 1.83292007
    1.78867722 1.08078003 1.46936846 1.3834523 0.820800126 1.07370913
    1.70588839 0.791594744 1.18211091 1.25214267 1.21328592 0.915037751
    1.3756572 0.590240598 0.675377071 1.40812373 0.783629477 0.79807055
    1.31463087 1.74224043 1.21256983 1.28575408 0.912335277 1.03634012
    1.26047993 1.52670598 1.40079403 0.767085791 1.54195523 1.10338187
    1.59046543 1.62911475 0.871273994 1.52194726 0.966575265 1.17752862
    1.44145155 1.14241755 0.909944832 1.36740196 1.13414299 0.780929387
    1.32385564 1.05467272 0.970274806 1.07005429 1.2672168 1.70010614
    1.88810635 1.82011425 1.49808776 1.32614279 0.928924263 0.907899082
    1.67946124 1.3508656 1.73346364 0.916330516 1.65130317 1.55948091
    1.05230951 1.63960731 0.829627991 0.813356102 1.66010475 1.50174558
    1.54054129 1.5535835 1.58167326 1.07574701 0.807015538 0.738328636
    1.68997252 1.16104996 1.78116167 1.47165537 1.42759979 1.2031498
    1.32527292 0.94229728 0.899280667 1.54554129 1.60437179 1.71124697
    1.54350722 1.42378438 0.744763851 1.7015264 1.29396975 0.836396754
    1.44286573 1.07671726 1.18826783 1.590783 1.68527436 0.783442795
    1.1191529 1.70795023 1.72951603 1.48266876 1.3421526 1.37406099
    1.00024354 1.5230459 0.878353238 1.56677043 0.94297415 1.26793158
    1.57921672 0.842295706 1.0985409 1.49945176 1.14510477 1.12422669
    1.22380209 1.4610517 1.17104793 1.03552246 1.75935245 1.6304307
    1.02966225 1.10687137 1.24955809 1.37956882 1.53836167 0.858637512
    1.38974679 1.84631801 1.15196037 1.40335953 1.23432887 1.46948218
    1.55104482 1.26606905 0.958991349 1.31403363 1.20290637 0.928090632
    1.40734828 0.726110041 1.28231645 0.925317526 1.71542013 1.6667608
    1.57863355 1.52237332 1.42526948 1.75629938 1.65051007 1.24792635
    1.08612883 1.45033431 1.36910868 1.75398111 1.11954212 1.35658348
    0.954798818 1.36183977 1.3938905 1.3030982 1.13571501 1.64374363
    1.467067 1.34194779 0.778838217 0.886216521 1.1303314 1.81303978
    1.80216503 1.09084558 0.866682768 0.825424135 0.895795405 1.21929479
    1.68446279 1.13158381 1.11989927 0.851178586 1.60178959 1.70232153
    1.26569819 1.69604123 1.45420468 1.71859074 1.69884491 1.33388889
    1.28271461 1.20090687 1.14547276 1.02663076 1.42878222 1.01352453
    0.815262318 1.2995007 0.837439358 1.12351751 1.2506727 0.919855177
    1.02120817 0.820990384 0.779990077 1.5233115 0.935323834 0.770719111
    1.56227279 1.58474386 0.759142816 0.970223367 0.801049054 1.09439671
    1.77362049 1.11809385 1.2128768 1.15881252 1.87168097 0.976469755
    1.29706883 1.38675117 0.850272536 1.32271707 0.700566709 0.922467768
    1.63188887 0.878079593 1.6060884 1.02285671 1.15443134 0.971897364
    1.00539565 0.756225526 1.72629344 1.2141664 1.80415404 1.9590764
    1.7247231 1.08384371 1.79479134 1.28062081 1.26390636 1.62271476
    0.848248482 1.50309503 1.19856739 1.11168396 1.52350366 0.894293189
    1.27514696 1.28301656 1.75049722 1.01978505 1.09353375 1.87052405
    1.8561455 1.81212699 1.52944565 1.8206476 1.42251122 0.993281186
    1.14911222 0.791122139 1.00487411 0.841586471 1.15459108 1.45546246
    0.934482515 0.731139779 1.62223482 1.00917339 0.899696171 1.63172388
    0.633111179 0.812651277 0.818112671 1.61394918 1.59555531 1.17312539
    1.33947098 1.28895462 1.43555248 1.91274619 1.66562426 1.75676286
    0.890460372 1.06319404 1.46871424 1.28825712 1.22359192 1.75251722
    1.37037766 1.16283059 1.52315354 1.5431546 1.04311061 0.742379963
    0.668093204 1.0667882 1.26237595 0.596005619 0.736827075 0.871729374
    1.15731239 1.14511573 1.70328271 1.27768314 1.1875881 0.983599603
    1.36611021 1.43676913 1.65950406 1.60339248 0.949334621 1.43455672
    1.50509 1.56797361 1.35880196 1.35417044 1.24880505 1.71880352
    1.67347312 1.20863771 1.32514179 1.46639419 1.12046444 1.11415517
    1.09061563 1.55901158 0.803722858 1.29386711 1.61568093 1.21515799
    1.63407552 1.44010472 1.09211147 1.41676784 1.61248922 1.42458785
    1.42193258 1.59975541 1.06576478 1.00447392 0.765950859 0.983173251
    1.01132762 1.71914852 1.7727257 1.54722047 0.803833842 0.824213088
    1.75965273 0.990993381 1.43459392 0.842050493 0.775144219 0.81129241
    1.68980122 1.09339225 1.60332298 0.87208122 1.36573458 1.73277354
    1.43838787 1.7790128 0.862157285 1.35974896 1.68057203 1.28527462
    1.4955461 1.04322326 0.807559907 1.7005198 1.07624769 1.11471021
    1.65435672 1.78581357 0.968636096 1.15349925 1.31263947 0.987488985
    1.09503591 1.46634793 1.36204827 0.975653946 1.15354836 1.23524976
    0.903991878 1.50813174 1.177935 1.44536352 1.01559985 1.2542063
    1.40498424 0.801148176 1.31582201 0.756130993 0.994038641 1.50244534
    1.1873858 1.16661012 1.45847738 1.54141641 1.34977865 1.06433415
    1.11076796 1.72085452 1.38133597 1.3203814 1.43917406 1.15693378
    1.66056979 1.76450348 1.63504481 1.56841218 1.33586323 1.62499332
    1.78127134 1.67820942 1.3613354 1.22202265 1.60413039 0.718155921
    0.703211784 1.32705224 1.47537029 1.19795179 1.31879473 1.51845968
    1.38125074 1.54367304 1.44909716 0.916390777 1.1558336 1.07580078
    1.05272341 0.919501722 1.13296819 1.78568184 1.86376202 1.38847923
    1.82149136 1.32594597 1.55278301 1.47251642 1.7733978 1.00455916
    1.68796504 1.61850119 0.901339173 1.63432205 1.40234101 1.03404832
    1.29913116 1.35181797 0.814945459 1.03829682 1.40038848 1.03048038
    1.43977141 0.854745388 1.36753464 1.14296079 0.685507119 1.13169885
    1.34807968 0.906648397 1.54776716 1.5534699 1.49285233 1.88714135
    1.53830075 1.79976845 1.57071376 1.39763343 1.67026091 1.56175601
    0.954137623 1.52397275 1.69766212 1.21038151 1.07709837 1.39124167
    0.858309805 0.952007353 1.4425379 1.31330276 1.41304886 1.4949894
    1.07704103 1.37649691 1.90567231 1.95949936 1.79387724 1.94310606
    1.25651765 0.81131053 1.48258245 1.2406044 1.2755425 0.919903159
    1.57173443 1.21279907 0.9768641 1.54275775 1.48252022 1.6696918
    1.44292021 0.86246103 1.44630349 1.34761906 1.26237249 1.83284581
    1.88471031 1.304968 1.27196658 1.58214355 1.48852789 0.775945306
    0.921949089 1.5574497 1.48151958 1.40232456 1.4141351 0.69791764
    1.1631943 1.06914449 0.85109967 1.56144428 1.28766572 0.78311342
    0.907917738 1.50989759 1.65359879 1.13262582 1.81352329 1.8073163
    1.2429291 1.43719494 1.53390825 1.71099699 1.73519468 1.59345722
    1.30775154 1.34152889 1.86813521 1.42785716 1.46468329 1.13255823
    0.775802195 0.810661733 1.60236263 1.05613232 1.14998174 0.797386348
    1.05536652 1.0363642 1.62889385 0.855532408 1.53457379 1.22703373
    1.08254766 1.29180717 1.78589511 1.13828313 1.06533825 1.39421105
    1.3683424 1.22072804 1.51835978 1.43333519 0.920794666 1.12962699
    0.900063157 1.48558259 1.71013856 1.18127072 1.01430368 1.02650332
    1.70910239 0.972994387 1.57307565 1.02607894 1.31442344 0.821073413
    1.54507864 1.77940905 1.17240202 1.83194208 1.3898356 1.50640261
    1.6693244 1.27036202 1.53867352 1.28516245 1.67842782 1.1157645
    1.08912849 1.23865509 0.698342621 1.0012126 1.31282377 1.06911111
    1.15515172 0.864406765 1.4793731 1.41776431 1.2376467 1.68799543
    1.71559107 0.959589303 1.47958136 1.21555233 1.20291877 1.59646571
    1.56397569 1.76868594 1.41350555 1.47860992 1.72188795 1.88999653
    1.57531023 1.84849131 0.849574387 1.09924066 1.4804554 1.1542877
    0.983599007 0.785966516 1.2796402 1.79827332 1.57115209 1.17295921
    1.13693058 1.28481781 0.815225244 1.74430323 1.39948845 1.43833363
    1.06044972 1.43748856 1.08466434 1.37743247 0.803861856 1.60596287
    1.65904236 0.826745629 1.07690835 0.797892034 1.4248873 1.4859941
    1.29533887 1.39814782 1.35581195 1.07171559 1.05183983 1.36514914
    1.69286859 1.73124242 1.62214279 0.914902627 1.41472375 1.35913253
    1.66482306 1.06874466 1.64005423 1.39904392 1.83405662 1.22144794
    1.38818145 1.27661979 1.72164416 1.50549686 1.19341695 1.55618727
    1.51698244 1.63702416 0.83294338 1.67257035 0.757959247 1.31595421
    1.04490268 1.35275936 1.73517036 1.07885766 1.56305623 0.92051959
    1.48503506 1.56953371 1.77200902 1.19295561 1.4083631 1.30610049
    0.815663576 1.28416514 0.84011054 1.53027093 0.991557121 1.11742103
    1.53831661 1.28351367 1.85497785 1.10012293 0.862050533 1.55248916
    1.57958829 1.81399381 1.42621684 1.13051617 1.12531507 1.59299159
    0.929334164 1.06028676 1.60057986 0.901414871 0.993920505 1.28669274
    1.19033766 1.51574969 1.16043985 0.833442211 1.26112831 1.61629963
    0.917338192 1.1325314 0.953564525 1.62728405 1.84441996 1.81232369
    1.62522578 0.827546835 1.19706416 1.05325067 1.34204257 0.971857429
    1.30708444 1.4218204 1.54260123 1.45263088 0.95762229 1.05499899
    1.70275533 1.34641397 0.976681769 1.00094998 1.48675358 1.62625802
    1.16356468 1.95774412 1.62357998 1.43551338 1.50246584 1.73206043
    1.0325253 0.768086731 0.942665577 0.707222998 1.58546352 0.996972322
    1.32734597 0.999105036 1.30616474 1.0676235 1.10498667 1.50254333
    1.29513192 1.16527784 1.48253894 1.87755799 1.2600019 1.27197087
    1.62639284 1.39091778 1.67940187 0.879514158 1.46335149 1.74154878
    1.42054558 1.15170002 1.30522645 1.48780799 0.756349504 1.40386152
    0.963734865 1.24515426 1.35471809 1.17578542 1.15739083 0.955171704
    1.79746687 1.88306069 1.07730305 1.72040462 1.68882143 1.24732351
    1.92292285 1.50372589 1.11949933 1.26938343 1.51407981 1.08296347
    1.43774402 1.37771297 1.77224457 1.3186537 1.6201762 0.92500031
    1.02254736 1.09264016 1.12182307 0.600169659 0.647974253 1.18134296
    1.37937951 1.41554224 0.944996178 1.14236784 1.55011904 1.0741657
    1.30491853 1.39065433 0.829131424 0.980495632 1.16372693 1.71034861
    1.00367057 0.84620893 1.67450881 0.971131623 1.61413014 1.10742927
    1.14715922 1.79964137 1.63839495 0.941452384 1.09069335 0.97127986
    1.24955988 1.6203593 1.63862371 1.17959869 1.30690122 1.59407318
    1.56686437 1.06521821 0.904499173 1.62262022 1.78734148 1.55215693
    1.17773259 1.35099959 1.10404205 0.761135697 1.04215407 0.747875571
    1.56850719 1.17015147 0.902606428 1.57263017 1.80240047 1.63311493
    1.15395701 0.819615781 1.17472327 1.29232967 1.70908773 1.24668193
    1.04935074 0.685478687 0.790561438 1.31457591 0.825665772 1.84438205
    1.46489227 1.7899667 1.04797232 1.74175704 1.56355453 1.25142503
    1.26585054 1.54604065 1.35553801 1.72663283 1.35854721 0.87802726
    1.77725685 1.18525815 1.22084141 1.15632093 1.48774219 1.03328681
    1.17224693 1.7287575 1.42656159 1.43661404 1.19547796 1.56060565
    0.702510417 1.55065775 0.861994505 1.3633945 1.71397853 1.47705889
    1.07526004 1.14441645 1.5235976 1.20357275 0.830298245 1.71754372
    1.11091435 1.38955915 0.919059634 0.792213619 0.929567754
    0.916515589 1.34719896 1.17334914 1.67413104 1.20371199 1.44812286
    1.67635167 1.27734005 1.23291099 1.15046155 1.80093622 1.02012217
    1.42520523 1.17688429 1.54224718 1.09094644 0.906255245 1.09295571
    1.10048771 1.19327044 0.792171061 1.04260635 0.851440251 0.846822977
    1.45277703 1.33125019 1.23666549 0.94911325 1.39069629 1.37894571
    1.05509305 1.2199508 1.55161607 0.720375836 0.950165987 1.37675345
    0.914600313 1.08529961 1.84701931 1.62107182 1.88837361 1.10510695
    1.7482357 0.925594032 0.910609007 1.80465794 1.6608355 1.43630493
    1.51614857 1.02024436 1.47801948 1.60795724 1.28620064 1.69220114
    1.61199582 0.751521409 1.66053212 0.919593036 1.81471515 1.12129843
    0.926528931 0.908926606 0.98414892 1.07119501 1.35417902 1.35047019
    1.80829442 1.8220005 1.47189593 1.5133338 0.966766596 0.927080512
    1.05613613 1.45641446 0.969060481 1.69495857 1.32414258 1.38379407
    1.04430568 1.40307164 1.78653729 1.13824892 1.82064593 1.2252773
    0.908045352 1.45076215 1.00315475 1.66201246 1.23507547 1.67464948
    1.56570446 1.50022805 1.6140902 1.06314838 1.15395105 0.86486429
    1.03304482 0.861649871 0.92912972 0.726449668 0.82593888 1.55331326
    1.25623178 1.89079666 1.48869395 1.58246791 1.08218694 0.905391574
    0.857263029 1.31562579 1.22759187 1.55908 1.68091643 1.24147487
    1.03716755 1.0941186 0.930033028 1.41413414 1.59256935 1.33602309
    1.73091483 1.12713063 1.05758929 1.36215329 0.915221155 0.824209809
    1.09579635 0.960167527 1.44702983 0.921866953 1.34332299 1.74289286
    1.91502273 1.7093519 1.54477322 1.43533993 1.67030692 1.36472297
    1.59234762 1.96951663 1.84296691 1.80838382 1.24228537 1.72484088
    0.86799711 1.11244893 0.824568927 1.31435251 0.751526475 1.21624184
    1.36756337 1.16879821 1.16334546 1.64823663 1.63933742 1.15594327
    1.72028971 1.39881134 1.54492486 1.78969896 0.887527943 0.96099776
    1.51126957 1.48246479 0.759379506 0.774837852 1.56949341 0.863450944
    0.839525044 1.64127612 0.776491165 0.877652824 1.35313451 1.33658147
    1.50763381 0.77186358 1.05349064 1.15179586 0.947776437 1.4758085
    0.702708304 1.31773567 1.49650395 1.29446125 1.63766456 1.31333172
    1.24680519 0.945248663 1.58493006 1.72847891 1.7346617 1.40068483
    0.772451043 1.04768181 1.5180198 0.860796034 1.72971451 1.25869739
    0.968098462 1.46977985 1.52498794 1.34576321 0.848647952 0.666857362
    0.939040303 0.938142657 1.50626266 1.30775964 0.909194171 1.11857343
    1.57842362 0.86329782 1.51705337 0.881101906 1.50921226 1.73802078
    1.52882624 1.82910585 1.56344068 1.42011809 1.86590242 1.16011178
    1.66434085 1.48562098 1.11483574 0.993510604 1.48426628 1.71626616
    1.52117801 1.37142456 1.29054368 1.54926682 1.28832436 1.0624541
    1.25480139 1.55023956 1.8151648 1.14120018 1.6783756 1.19857407
    0.842899799 1.10802758 1.3503511 0.909786105 1.41585147 1.21460116
    1.60183036 1.4281292 1.26167715 0.803705513 1.01686788 1.6711396
    1.47465134 0.977781475 1.1886555 1.35187256 1.01145685 0.856252313
    1.22708559 1.55011642 1.53416598 0.988091826 1.46221805 1.02839589
    1.17954326 1.64063537 1.16580462 1.87924898 1.7705673 1.85610282
    1.66469049 1.06827426 1.178321 0.840741575 1.74208295 0.780978024
    1.65065289 0.877956986 1.26772475 1.55543661 1.31022465 1.0158999
    1.07629323 1.81226587 1.31763113 1.87203288 1.33566213 1.73064756
    1.22579575 0.803672135 1.57946622 0.78116864 1.37159181 0.779344618
    1.36043608 0.921367764 1.80041277 1.68278944 1.48061478 1.79342008
    1.38372767 1.62454939 1.07133389 1.35438633 1.44510901 1.84501743
    1.59559476 1.75509572 1.61291754 1.16108656 1.09375226 1.56010234
    1.00726497 1.47291207 1.71300626 1.33003211 1.41895628 0.811997116
    1.02224302 1.23088193 1.49643719 1.77087891 1.48107505 1.49929368
    1.44085932 1.84912682 1.83386385 0.830783844 0.926582873 0.770888865
    1.48401821 0.866467953 1.54421675 0.764240801 0.835853338 1.69672644
    1.5770824 1.56614661 1.03187931 1.21816933 1.53250086 1.56037045
    1.5278939 1.21276581 0.880137205 1.51300001 1.36931276 1.25314248
    1.58933258 1.23217046 1.50674295 1.42981231 1.02884138 1.59089386
    0.804413974 0.931253374 1.1418066 1.75812304 1.32301235 1.34640634
    1.24250257 1.16608059 0.748554528 1.60346103 0.911419332 0.940428078
    1.75007963 1.62744725 1.65177011 1.25443435 1.383605 0.951656461
    1.12157583 1.75719535 1.5389154 1.58021891 1.30734718 1.51965284
    1.64615083 0.832834005 1.29569268 0.749194622 1.42290688 1.67377949
    1.54444516 1.48727047 1.70229721 1.11119854 1.02524984 1.78501558
    1.11238492 1.75703502 1.50305271 1.07471979 1.12329769 1.9521575
    1.33649063 1.80630326 1.53249133 1.33356524 1.22854793 1.22755361
    0.86490643 0.916613638 1.21561241 1.06629062 0.848319471 0.925733745
    0.868298173 0.950537443 1.0177784 1.46615887 1.49679649 1.08711886
    0.855285406 1.55465341 1.70748794 1.76912916 0.938319206 1.09609532
    1.36891794 0.856045187 0.704596877 0.76215148 1.66078341 1.5509851
    1.40193224 1.36758351 1.55937743 1.64537024 0.98468107 1.10118234
    1.18877172 0.713473737 1.09647548 1.17971182 1.22980654 0.816053092
    1.32025886 1.21392918 1.38914871 1.39707112 0.889362216 0.989354312
    1.45416915 1.43296981 1.58461475 0.962116838 1.13531852 0.932145357
    1.3467164 0.902384222 1.24495173 1.05141127 1.47921193 1.51678514
    1.49363863 1.03432834 1.49636519 1.60474741 0.954746842 1.23252714
    0.636681795 1.42416787 0.871546626 0.749555349 0.925732613
    0.67131865 0.989984453 1.29487348 1.64101243 1.53686166 1.55946016
    0.985714614 1.36851525 1.66136265 1.44110608 1.06521297 1.03365064
    0.755357862 1.35410142 1.01836872 1.83345962 1.38325191 1.29455864
    1.78096414 0.877630591 1.26858234 1.06946552 1.21899557 1.15695524
    1.37068188 1.68250763 0.978714228 1.71187222 1.48400271 1.54313231
    1.57659721 1.08560157 1.90901351 1.64387929 1.79962265 1.09829533
    0.999556243 1.09107625 1.65318871 0.780772507 0.716709733 1.24799526
    0.666319668 1.53067648 0.718861759 0.927032053 0.783995748
    1.70386124 1.52164102 1.83650303 1.17809761 1.76134789 1.50826108
    1.82651627 1.52806163 1.44115925 1.65752208 1.72892118 0.975721002
    1.19032979 1.27124131 1.36169362 0.934341252 1.64776468 0.729423881
    1.23645604 0.721646369 1.28141594 0.693611145 1.24403 1.45017612
    1.38772285 1.05151415 1.46746266 1.66340065 1.34422803 1.51585436
    1.0555222 0.939651966 0.774310648 0.995249927 1.14418793 1.39320076
    0.851587534 1.42102265 1.59205258 1.72362566 1.71391511 1.17295098
    0.965026557 1.05031347 1.70466113 1.73170578 1.07445943 1.0451988
    1.14872086 1.76681316 1.12578249 1.61584556 0.994226575 1.70717227
    0.836008489 1.30237079 1.66474319 1.76421392 1.53115785 1.38103592
    1.1911757 1.54309011 0.786605239 0.941874623 1.84288633 1.35135412
    1.47465205 1.04701209 1.64141238 1.48490536 1.4953537 0.952645123
    1.33509648 0.746789098 0.951892912 0.979811072 1.48602879 1.07021403
    1.19637859 1.54147768 1.71558285 1.50487876 1.02032471 1.71338928
    0.852056444 0.929137409 0.920400023 1.03191817 0.995042861
    1.36869609 1.72361839 1.82977402 1.19590461 1.78465772 1.17641139
    1.09243369 1.18965757 0.922422826 0.793064356 1.53768885 1.72492039
    1.75609624 0.985248923 1.3163209 1.03914464 0.853641272 1.52320611
    1.35252178 1.36435521 1.81817234 1.27316058 1.00324154 1.08447564
    0.950532317 1.62888539 1.02107143 1.25778711 1.69659746 1.85634065
    1.14690316 1.5797075 1.50152218 0.973504126 1.33828211 1.17083383
    1.48666131 1.73773646 1.74362683 1.69193673 1.43657351 1.12982118
    1.44584596 1.63459194 1.77260363 1.11170459 1.76226878 1.11654294
    1.42762148 1.57284045 1.89036286 1.12497795 0.805639386 0.934221208
    1.02174377 1.0052464 1.20832765 1.03905642 1.66922665 0.95107621
    1.12658083 1.59952474 1.15529072 1.22905302 0.873521924 1.37534511
    1.08744061 1.43934608 1.38416374 1.77614045 1.36506116 1.34942234
    0.706345379 0.942052305 1.032745 1.35642183 1.08992743 1.54136169
    1.16149342 1.29101992 1.28773844 1.56478643 0.844169319 1.49438167
    0.963484168 0.834736228 1.05265307 0.809005141 1.54695749 1.15599859
    0.904158115 1.53028917 1.18446743 1.21998775 1.40326071 1.66396248
    1.14419138 1.78745186 1.7020359 1.15819669 1.59237778 1.02870703
    1.42032373 1.41659057 1.65213037 1.62418711 1.72888541 1.2300849
    1.27107906 1.42824686 1.28292322 1.07718575 0.655584037 0.707522154
    1.01286197 0.974480569 0.666453779 0.913192511 1.34517479
    0.776290655 1.44273996 0.721055746 1.39353466 1.11009407 1.61064076
    1.5467695 1.90042937 1.70655918 1.44362366 1.68073952 1.11319208
    0.922989488 1.04919255 1.01879179 1.32409465 1.20518553 1.00935841
    1.22710812 1.61416221 1.36790073 1.55493045 1.55128491 1.55565071
    1.03278363 1.03733611 1.6844095 1.4131465 0.980568051 0.847815692
    1.71324837 1.53696978 1.95395851 1.30038631 1.70733726 1.74670362
    0.9687199 1.5365417 1.04445326 1.26064408 1.02023184 1.56243992
    1.07829475 1.41374874 1.32254755 0.919837773 1.37784994 0.830625057
    1.6733886 1.01206374 1.27828968 0.852466762 1.33034456 0.862986088
    1.68759811 1.69094551 1.0044049 1.58034551 0.978944182 1.54804158
    0.932620347 1.40805781 0.894076705 0.981167614 1.54578233 1.11598063
    1.58794034 1.73862982 1.36796069 1.15341556 1.18170726 0.842154145
    1.66125798 1.099352 1.72874641 1.00105381 1.15907311 1.61121798
    1.12697852 1.55868495 1.17062986 0.813581765 0.799182713 1.16786599
    0.849358857 0.79963237 1.29522812 1.3881321 1.68571746 1.32515395
    1.38761437 1.11653721 1.41802156 1.15793633 1.13011873 0.825191975
    1.29496169 1.07565284 1.57891214 1.62215281 0.84155488 1.16793907
    0.987334907 1.43638444 1.51787901 1.30433524 1.59480083 1.04611182
    1.58804512 0.98900497 1.08770907 0.744152486 1.41826499 0.87832725
    1.97910643 1.63254285 1.86546075 0.830303967 1.69396353 0.650856793
    1.12923455 0.73351258 0.995141029 1.15982294 1.43654084 1.09646344
    0.800087512 1.00476503 0.969974518 1.42305064 0.955642998 1.60867286
    1.55651474 1.36313939 1.34060717 1.5630821 1.03948998 0.848783731
    1.3735162 1.6104033 1.17332041 1.71973944 1.49041533 1.00791109
    0.798598289 1.53197372 1.1438154 1.35074592 0.8290205 0.983888507
    1.74607563 1.78870034 1.48996603 1.65500689 1.0418843 1.57558751
    0.954641342 1.27743685 1.34141219 1.57202303 1.52067506 0.908897579
    1.31141007 1.19862103 1.65698588 1.29404068 1.17908275 1.40712178
    1.14599669 0.842115283 1.09252465 1.81287992 1.10193598 1.52032888
    1.11823666 1.80771494 1.7354039 1.8115958 1.67025173 1.46757352
    1.57122302 1.10023785 1.64745414 1.73552489 1.50536156 1.61286139
    0.848226488 1.07305145 0.922872901 0.841514647 1.09954786 1.30199242
    1.14474237 1.6166513 1.34077668 1.56359589 0.965097189 1.37073207
    1.25407779 0.923202753 1.07972848 1.40756977 0.748241484 1.68193769
    1.20290828 0.873075664 1.17136288 1.12523508 1.29104185 0.713455796
    1.53326356 0.941042364 1.15871549 1.69042277 1.70656025 1.3330071
    1.84490001 1.87117302 1.3142519 1.79616463 1.11094749 1.31152213
    1.57682443 1.56670797 1.64406741 1.54073989 1.82146025 0.899009049
    1.20275807 0.757890224 1.10961807 1.16007984 1.62247312 1.4621315
    1.61177421 1.10165095 1.58080065 1.6744771 1.41819417 1.73289204
    1.15499008 1.47641683 1.29472291 1.52454388 1.36688745 1.74130654
    1.16803515 1.1586895 1.49230552 1.09374976 1.19117713 0.871816874
    0.829803467 0.901183605 1.37905574 0.673906207 1.51957285
    0.986305535 1.51942074 1.71927178 1.01674819 1.70004332 1.1704973
    1.01845682 1.51975298 1.44777763 1.73611045 1.05773211 1.02080119
    0.808328152 1.37387502 1.71800482 1.50610089 1.16899204 1.40284443
    1.29770589 1.23151779 0.934302211 0.949041665 0.924778938 1.17000723
    1.59081244 0.944671035 0.792497754 1.34084463 1.74633181 1.36525989
    1.59638679 1.96234047 1.86944115 1.2537688 1.80455303 1.40768206
    0.878815055 1.57541418 1.62744451 1.50234807 0.891474903 1.16196895
    0.958277762 1.04156375 0.918393075 1.59729886 1.44708645 1.64605749
    1.56341958 1.21994793 1.46590495 1.79000616 1.13217998 1.25989032
    0.810165942 1.18487155 0.896041811 0.71685946 1.48171568 1.24650311
    0.975970924 1.38146675 0.76212585 1.06930506 1.22854853 1.03856099
    1.68476665 1.32674491 0.888674915 1.0054307 1.31695724 1.77771711
    1.0768249 0.856945753 1.65909398 1.21289146 1.43748999 1.12664807
    1.64652812 0.664496779 0.832797408 0.99407506 1.53766549 1.02228355
    0.911508739 0.845858455 0.919646502 1.67406893 1.72671127 1.30239558
    1.12399328 0.804328144 0.682359815 1.45016885 1.00618124 0.653368294
    0.819414318 0.871792614 1.19333184 1.33981192 0.766510665 1.12309337
    1.09484708 1.52602875 1.15707576 1.48417211 1.81850243 0.98843497
    1.14429975 0.802516043 0.727504075 1.67081082 1.45514274 1.86106098
    1.66769969 1.65583003 1.53128052 1.47992623 0.916427076 1.13620257
    0.954801738 1.46988821 1.5318265 1.42148876 0.914766252 1.5760411
    1.26172566 1.0753541 1.11059344 1.66382515 1.52327073 1.30017364
    1.0914185 0.748843908 0.903687716 1.32410347 1.50186419 1.48951507
    1.74890149 0.993176341 1.4731015 1.65246463 1.64808023 0.973706186
    1.11208594 0.669509828 1.51628482 1.16874027 1.76007605 1.24731934
    1.44830978 1.73748386 1.00813913 1.11219668 1.85938501 1.75021279
    1.30311573 1.29576981 1.56293058 1.48118985 1.34593093 1.77387834
    1.37464714 0.955979407 1.53745282 1.57469678 1.1857636 1.10998666
    1.70307207 1.62537849 1.66667652 1.44357502 1.28351247 1.09262729
    1.19130099 1.22999358 1.66968405 1.22235656 1.67039788 1.54547131
    1.69454515 0.9114061 1.11983979 0.84779799 0.996455133 1.20859087
    1.69884658 0.809405267 1.48194313 0.610166788 0.776654184 1.63902771
    1.79825592 1.34764135 1.35918677 0.778755546 0.96738112 1.58220518
    1.63092792 1.35632789 0.912214577 1.30354834 1.26575661 1.25819612
    1.03770125 1.436198 1.22013545 1.32258332 1.03668725 1.19520497
    0.906083763 1.76525176 1.66952574 1.59009659 1.80815566 1.29343891
    1.8255744 1.07438505 1.54554582 1.4679054 1.6453501 0.983514845
    1.01560116 1.72594643 1.73258543 1.58430934 1.49767983 0.88948518
    1.53274226 1.55850637 1.07361126 1.07792425 1.24244189 1.52657068
    1.3270998 1.8395071 1.59919703 1.46222019 1.81628489 1.1214627
    1.04031134 1.01264668 1.6127913 1.09367108 1.19161379 1.55570698
    0.896906316 1.7209357 1.21021283 0.791492403 1.64015746 1.12318945
    1.68673837 1.07841897 0.973404586 0.852496982 0.952732623 1.02074015
    0.921559155 1.39012432 1.75822806 1.42022586 1.72619009 1.56707084
    1.80880153 1.04807281 1.71330118 1.62232208 1.10302126 1.19127738
    0.920603096 1.29079139 1.85124552 0.850758195 1.19347572 1.81159544
    0.872744858 1.26820529 1.54074323 1.28390956 1.43355036 0.923881352
    1.05753708 1.3274262 1.2390722 1.74061561 1.95458949 1.86059105
    1.29650021 1.68872881 0.859152079 1.82083237 1.68393779 1.55248547
    1.06351042 1.47888899 1.21086192 1.57427847 1.22549176 0.917871177
    1.347067 1.54579294 1.80294943 1.78003883 0.841395736 1.19015563
    1.35157204 0.973202765 1.34349275 1.2239188 1.41110611 1.44998658
    0.860149503 1.15501106 1.13294852 1.1861794 0.936998725 1.35108888
    0.991266727 0.810349345 1.70808065 1.8465085 1.37171268 1.56461656
    1.70234859 1.15916026 1.72754419 1.36183631 1.43450177 1.23691905
    0.855326355 0.978036702 1.27219844 1.18628681 1.31029463 0.749618232
    1.31681633 1.47854507 1.42888284 1.28756046 1.10973835 0.80495286
    1.63015008 1.46750975 1.5738616 1.02420509 1.62433779 0.908050597
    0.681545734 0.631485462 0.764830649 1.61909902 1.49304378
    0.713538647 1.20758021 0.862274826 1.6706419 1.132375 1.36147356
    0.952005804 1.48637235 1.46345139 1.56739926 1.43233132 0.836993575
    0.861614585 0.99421066 1.33982599 1.09892082 1.1255002 1.05025029
    1.19801509 0.98729372 1.27012646 1.17197752 1.23473835 1.02758229
    1.67867243 1.14487863 1.7404995 0.823311865 1.51129866 0.885312796
    1.09239364 1.10238886 1.75993466 1.59389949 1.68680668 1.32816434
    0.915733278 1.49967968 1.51439261 1.63173223 0.935336053 0.825866163
    1.62558341 1.65174425 1.49127233 1.69714963 0.749043524 0.760482967
    1.32784545 1.10565424 0.932587028 1.05883551 1.77350593 1.52590907
    1.50881839 1.8779887 1.39901698 1.40919363 1.29369819 1.33426011
    1.65840995 0.955747664 1.68004251 0.975070477 1.64557064 1.08388364
    1.6065582 1.24733543 1.43224216 1.07379293 0.797075748 1.6290226
    1.2990191 1.36686134 1.37467718 1.09224153 1.28323913 1.39003789
    1.21440947 1.24471545 1.82320499 1.41171169 1.34850705 1.50121784
    1.68445218 1.2188139 1.02503121 1.56833315 1.55988324 1.18441761
    1.31012595 0.644456148 0.999838829 1.41853344 0.972217023 1.76967132
    1.77072203 1.36153781 1.48553872 1.43429172 0.838666618 1.14530003
    1.39111221 1.55947411 1.69369745 0.943877041 1.16595793 0.851954877
    0.832499683 0.766843677 0.942343831 1.16233981 1.76363003 1.06182373
    1.36634898 0.949372649 1.90570724 1.84225023 1.55354488 1.90513527
    1.39690018 0.990498185 1.42632258 1.11444795 1.86651003 1.065907
    1.71001518 1.50682342 1.65497112 1.71637976 1.34554589 1.22735357
    1.27324212 1.58141875 1.71796048 1.57667375 1.67639565 1.00324476
    1.73723817 1.32936215 1.33309174 1.20950103 1.07224941 1.77494955
    1.56028605 1.74157405 1.50577664 1.9106636 1.06592155 1.87133849
    0.998112559 1.31654322 1.17289972 1.12193799 0.829885364 1.45180249
    0.947157383 1.43471813 1.15603662 0.900893033 1.19351983 1.75044239
    1.13712347 0.943959773 0.955266953 1.18746316 0.926911652
    0.982358992 0.967460036 1.34334075 1.2943846 1.63381577 1.90674376
    1.78270733 1.07890117 1.15250301 1.81853306 1.50011837 1.45015204
    1.36386228 1.49030209 0.846670151 1.39531577 1.24148738 1.46287525
    1.14438581 0.93796742 0.802457213 1.46036398 0.974277616 1.14419961
    1.76941931 1.02181554 1.01348102 1.68943 1.15026903 1.9295181
    1.78587556 1.79740405 1.53577089 1.31605303 1.48029864 1.4126687
    1.13435566 1.6579237 1.01601565 1.31016064 1.62900198 1.70267177
    1.47418833 1.01721108 0.895982921 0.942260623 1.50040579 0.686326087
    1.04589915 1.41960526 1.12821078 1.33839285 1.43791091 1.32513762
    1.21187401 0.994095385 1.52276659 1.3247993 1.55160296 0.877244294
    1.82174158 1.49426293 1.62574112 0.971317112 1.69748735 1.31012821
    0.806511402 1.52366602 1.61080813 1.30836463 0.692525804 1.51355302
    1.00498998 1.39088511 1.47435522 0.984642208 0.971926033 1.59817219
    1.61612427 1.42970717 0.967803419 1.73854816 1.24920547 1.62367892
    0.866245449 1.18671322 1.402215 0.707493424 1.21407437 0.872151434
    1.53243923 1.09510612 0.811349511 1.25206208 1.22978127 1.27797341
    1.71021521 0.988958895 0.98219806 1.15713167 1.55111885 0.972102344
    1.60567212 1.5360837 1.5666374 0.884242892 1.00252831 1.1590085
    0.913663685 1.03539264 0.897816539 1.10426927 1.01075161 1.53286159
    1.71539187 1.92070544 1.36414838 1.6351546 1.41442454 1.76109731
    1.48005724 1.08077836 1.11469018 0.841750324 1.53096688 1.2305733
    1.49414861 1.48645699 1.7550168 1.20917869 1.60376918 1.38916087
    1.7517432 1.41606891 1.26839411 1.24874508 0.878978252 1.03942776
    1.47951341 1.06882739 0.826731563 0.994418204 1.6032238 1.85054326
    1.90223277 1.78837216 1.96471 1.79055285 1.4325707 1.21443987
    0.977243841 1.38904905 1.49214578 1.16672993 1.10905099 1.0162921
    1.39094722 1.70799351 1.06655574 1.59095466 0.904647827 1.12559342
    1.8684411 1.26757479 1.26626503 1.06515956 0.895550549 1.20889676
    1.66560614 1.2776016 1.67082465 1.16938674 1.75317454 1.28873944
    1.6159035 1.10292542 1.57424343 1.10026956 1.04084861 0.796624959
    1.72929811 1.22462344 1.76445007 0.869850993 1.5241009 0.988940001
    1.0250479 1.2163111 1.15382576 0.797334552 1.47677314 1.05295169
    1.49565887 1.00412428 1.04292905 1.49404168 1.60904634 1.4098388
    0.89228785 0.945903361 1.30384839 1.00450909 1.72675014 1.86961257
    1.62015784 1.84259033 1.74277508 1.56486464 1.47213173 0.926507235
    1.53494179 1.29134262 0.895465076 1.1794765 1.27488112 0.843190193
    1.61046445 0.932589054 1.12628293 1.69060993 1.28297448 1.58501232
    0.912097991 1.694718 1.39875805 1.77447844 0.898079932 1.19917858
    1.36898148 1.0510813 1.77435625 1.24206257 1.6939224 0.991755307
    1.80536246 1.65948617 1.88916802 1.4864018 1.72289121 1.44832754
    1.26184237 1.72535729 1.85262299 1.47693002 1.70668948 0.870286465
    1.39843595 1.46458554 1.21550047 1.33258653 1.8026576 1.33039522
    1.04207933 1.81355762 1.5874027 1.11472058 1.0683713 1.517681
    1.36648011 1.76299381 1.06106102 1.78701687 1.7416358 1.68811393
    1.49907088 1.21662092 1.71906006 1.37561715 1.05657113 1.61354077
    1.03286374 1.69904494 0.797128141 1.76904976 1.7776202 1.54136539
    1.54199409 1.68397915 1.43441594 1.47599399 1.39886761 1.64211357
    1.73510218 1.39446878 1.31525433 1.67835772 1.55275118 1.29760742
    0.895012856 1.15856266 1.05114508 1.2009685 1.29163182 1.08895779
    0.868968189 1.63542676 1.70369804 1.16997182 0.808512747 1.64914227
    1.31992054 1.32442951 1.52090466 0.776346862 0.884042323 0.804551184
    1.6656878 1.27864742 1.33639205 1.58212268 1.27124262 1.44626641
    1.23862898 1.29149258 1.73199093 1.04712164 1.16609454 1.03233492
    1.80304158 1.35375142 1.64554441 1.64522111 1.27770841 1.32016921
    1.41872513 1.00167811 0.907950401 0.742658794 0.73756057 1.21766663
    1.24528384 0.909867227 1.74984777 1.13148332 0.85948056 1.04449129
    1.58884609 1.59526289 1.80353761 1.16872239 1.51480353 0.684596121
    1.11937928 1.47549188 1.59684944 1.26934779 1.08953655 1.04279411
    1.69092453 1.02493894 1.51447582 1.13868141 1.62089729 1.68169188
    0.915807426 1.11835968 0.782803595 1.04357553 1.36823165 1.34899449
    0.682197571 0.647913694 0.819333076 1.35628307 1.5447582 1.17655385
    1.22031713 0.979613185 1.33277035 1.79093182 1.7881465 1.14679646
    0.949511826 1.47900903 1.15735674 1.04821277 1.73810112 1.19379294
    1.29003251 1.01963198 0.942662418 1.57120645 1.2838701 1.46129274
    1.31076002 0.811674774 1.0022074 0.919012427 1.72714567 0.835981667
    0.937608421 1.10726345 1.30894279 1.05139649 1.51355338 1.13290131
    1.37236917 1.33505428 1.18163347 0.930063248 1.21507215 1.79139102
    1.7163583 1.4236908 1.88995409 1.03323269 1.39195895 0.830310464
    1.31128967 0.875699937 0.991004646 1.51087701 1.14146411 0.848262131
    1.47125876 1.3384968 1.81393886 1.13276374 1.82646453 1.47134197
    1.26449513 1.41733813 1.01510036 1.42996228 1.35052693 0.894433022
    1.04856181 1.19604337 1.12367082 1.7714268 1.24665797 1.17115676
    1.17130768 1.54341805 1.21845841 1.15603662 1.08978152 1.06861055
    0.819646895 1.53929198 0.993452072 0.805725455 0.829702914
    1.71299577 0.987353921 0.960654497 1.02715981 1.05825412 1.06868839
    0.925256848 1.60878825 1.19070375 0.807812214 0.828899503
    0.954147696 0.686611772 1.34107685 1.11027026 1.68597674 1.46388364
    1.71288431 1.16830659 0.999173045 1.03982937 1.2717557 1.45972514
    1.3624059 1.72451866 1.41640258 0.794526696 1.32919049 1.6337024
    1.43718004 1.67953146 1.50346673 1.33448935 0.927623808 1.60904777
    1.0315609 1.77697027 1.49660432 0.966696858 1.47988153 1.01136672
    1.23006332 1.60610366 1.54442608 1.3796711 1.71300685 1.91243184
    1.62515378 1.64433479 1.31637001 1.73755443 0.980382323 1.69966781
    1.55030048 1.39406526 0.95329541 1.36756992 1.5530988 1.55066729
    1.00535774 1.60591042 1.2284373 1.09925747 1.7201463 1.6265732
    1.10072327 1.01252925 1.27678514 1.01355207 1.66510642 1.36405444
    1.07262385 1.79688549 0.994826198 1.90745687 1.58268964 1.79791903
    1.2391001 1.73233676 1.46676743 1.11047113 1.20702171 1.71929908
    0.854421556 0.996700108 1.05990434 1.40360272 1.0361644 1.91206825
    1.52491891 0.815135717 0.916075766 1.33369112 1.38721466 1.30520105
    1.68807364 1.49784219 1.03068411 1.81534982 1.0065366 0.892075837
    1.58633614 0.803602099 1.69132543 1.60678971 1.04364097 1.20993614
    1.56036615 1.58693659 1.63761997 1.52926838 1.85992563 1.75825369
    1.56978309 1.72147715 1.08323467 1.51442301 1.08099592 1.42207289
    1.56405962 1.26663184 1.32063878 1.57247007 1.07376492 1.63931561
    1.53397024 1.55374849 0.987090826 1.41078925 1.32234919 1.49618757
    1.70103395 1.5458107 1.01912022 0.861514568 1.71153224 1.18518484
    1.08854973 1.52272177 0.86215353 0.979513526 1.60980892 0.926647663
    1.03708291 1.3518976 1.11123931 1.2951504 0.987066269 0.73129791
    1.54955792 0.861753285 1.39544272 1.45377791 1.13829458 1.36471462
    1.04701412 0.929111242 1.48827374 1.25552571 1.54686141 0.801093161
    0.909000456 1.64837885 1.0464927 1.60744238 1.63569129 1.13507259
    1.0250684 1.04428685 1.15230715 1.4482981 1.6642822 1.28614974
    0.752760231 0.70856899 1.0219543 1.60204661 0.807683229 0.991060138
    1.30239379 0.838619828 1.54759896 1.13872182 1.53949666 1.10673332
    1.49650741 1.39157534 1.79188108 1.27912641 1.44918239 1.32227945
    1.54066539 0.767438173 1.62279308 1.35746527 1.13253772 1.07397568
    1.05013621 1.38031936 1.34146547 0.926994324 0.961456478 1.32105207
    0.827331483 1.0141238 1.6254729 1.41100347 1.14925575 0.750184238
    1.56003284 1.10539591 1.33445847 1.73956883 1.79916716 1.12766337
    2.04144025 1.46555197 1.39321494 1.44470263 1.75128174 1.03142309
    1.05511355 1.67087567 1.28743494 0.864748776 1.74654472 1.27971327
    1.01964831 0.92206341 1.80730128 1.78248036 1.5610534 1.71297991
    1.43006134 1.49861491 1.51195276 0.849464655 0.969126701 1.19401276
    0.791570961 1.43778431 1.23532856 1.44055986 1.02588952 1.45141542
    1.64956415 0.869168282 1.6147778 1.50764835 1.84324229 1.68190455
    1.74434531 0.848443568 0.917243421 1.12667131 1.47792041 1.25828159
    1.10228884 1.70766997 1.55640554 1.00614679 0.959650755 1.3720566
    1.36292064 1.13782501 1.78214753 0.907176852 1.05513072 1.29776835
    0.806240678 0.862876654 1.75885713 1.18049502 1.70079255 0.853391826
    1.79020226 1.80167329 1.57759404 1.26402986 1.62071979 1.19859552
    0.877493739 1.04989719 1.3859278 0.876416326 1.02021492 0.848035038
    1.38502181 1.56519842 1.74361229 0.98985678 1.04938257 0.849450409
    1.40608454 1.59246194 0.994933128 1.62842381 0.907197714 1.2458694
    1.65854371 1.45915055 1.72610354 1.50045943 0.933216989 1.60050368
    1.40850592 1.23460126 1.40833175 1.67306936 1.6924237 1.6533072
    1.57581532 0.883523047 1.48464429 0.951623261 1.40655649 1.0183332
    1.6020987 1.58691978 1.82044554 1.7446816 1.67936826 1.22206068
    1.54029882 1.67963123 0.911954999 1.31888747 1.60319972 1.21719301
    0.883507133 1.69391537 1.02739859 1.62569773 1.37114382 1.22183669
    1.35998845 1.6095382 1.27810895 1.04286015 1.18678439 0.902409494
    1.37805617 1.80304635 1.79668331 1.27253413 1.61863458 1.28465247
    1.04294372 1.3992337 1.65091729 1.47364581 1.63664103 1.67678273
    1.11412179 0.728243709 0.947105944 0.862521052 1.64814615 0.80668664
    1.47270513 0.831891418 0.723358572 1.60766649 0.728787363 1.37696588
    1.05382407 1.61950028 1.21665955 1.11048865 1.62887871 1.55951583
    1.75722063 1.4930582 0.977578163 1.26739013 1.44460332 0.708098054
    0.794647336 0.899876237 1.14475679 1.39344466 1.40141535 1.60200965
    1.23631287 1.24292767 0.91461426 1.46516538 1.60151589 1.06881666
    1.80277824 1.71297503 1.69516897 1.23614597 1.64028203 1.42707729
    1.09977543 0.970052123 1.61217463 1.03339481 1.66542852 1.43444049
    1.22710502 0.90645498 0.667861521 0.625343442 0.7021842 1.68002439
    1.28963339 1.0111872 1.70743906 0.920963407 1.73546743 1.0007211
    1.6883198 1.68791771 1.11325848 0.828587234 0.98267138 1.28917265
    1.04450846 1.22092211 0.985850394 1.7967478 1.73970401 0.781014919
    0.850379229 1.11563396 1.63505507 0.902129054 0.925376415 1.18304932
    0.952988267 1.47331965 1.42488801 1.10439932 1.4203018 1.43465364
    1.14334536 1.03384495 1.16263199 1.04776883 0.955637276 1.66834426
    0.832506239 1.38841581 1.47781909 1.26034892 1.2342099 0.966979384
    1.17607343 1.2733109 0.756737888 1.25813615 0.784530103 1.43376577
    1.59635818 0.889448345 0.831904709 1.44441593 1.06828868 1.46032941
    0.953301609 1.46727204 1.21296453 0.933686495 0.986873984 1.16209435
    0.877690852 0.813577592 1.40905416 1.45827818 1.44699204 1.15094006
    1.67278087 1.42416131 0.930680335 1.22341084 1.20521784 1.23339975
    1.57309818 1.18363261 1.38987589 1.58184576 1.86091912 1.49413514
    1.575073 0.936076701 1.93981862 1.42543936 1.69047368 0.814389527
    1.31610155 1.38881862 0.899968326 1.35649884 1.2581085 0.721332908
    1.33040571 1.08179224 0.995230377 1.2962811 1.52640259 1.77972007
    1.75642681 1.03048265 1.74239767 0.82948041 0.824077547 0.767428458
    0.932872415 1.36965251 1.01429367 1.12124157 1.4617362 1.81134486
    1.83176875 1.26855671 1.72533083 1.26626122 0.866078079 1.67652082
    0.998430848 1.45818245 1.48636162 1.17353094 1.55637932 1.09404767
    1.21691775 1.19290757 1.34064662 1.55743635 0.853483796 1.29920626
    1.68186474 1.58501172 1.57689822 1.21922755 1.30718029 1.00812185
    0.844987988 1.26166987 1.76690745 1.65995812 1.26577973 1.19322717
    1.21076965 1.46687865 1.53369749 1.07387221 1.70254552 1.43951344
    0.874861836 1.20676064 1.47444868 1.79538679 1.70827377 1.18627834
    1.67930973 1.4196198 1.21784174 0.760065019 0.729614437 1.55785525
    1.39947891 1.07211292 1.80908871 1.60373354 1.22235525 1.48730099
    0.892734528 1.1911701 0.720513523 0.785447896 1.45553339 1.19045794
    1.04351652 1.64511847 1.113361 1.60587227 1.67976308 1.23364031
    0.854844809 1.76569247 1.18556571 1.28521943 0.998373568 1.62453353
    1.14478767 1.88711131 1.17878187 1.11987603 0.819195449 1.79129088
    1.03318107 1.66273725 1.2898432 0.901251435 1.45670474 1.41688073
    1.28188825 1.82844567 1.83503664 1.43317437 1.78893709 1.10755551
    1.29406595 1.67888927 0.877750874 1.42192698 1.37542474 1.2565645
    1.35523129 1.02536416 1.6680994 0.732080042 1.53762829 0.811578214
    1.5013988 0.778032839 0.737750053 1.63209987 0.984505355 1.75411785
    1.77746701 1.63195229 1.18313563 1.78600597 1.68274963 1.66232443
    1.25355244 1.1507653 0.65560168 0.855577469 1.6180675 1.19208944
    0.951745808 1.01770222 1.90549874 1.42826629 1.74279201 1.53077602
    1.0380317 1.00102997 1.50034893 1.72783029 0.882481575 1.2322582
    1.44740355 1.30073512 1.27399051 1.65435481 1.72333586 0.920861661
    1.28714085 0.978554249 1.3294611 0.842523575 1.58394372 1.04329395
    0.857632935 0.504653156 0.989787936 1.28420925 1.16928041 1.04954851
    1.54248369 1.76973236 1.23746455 1.85494614 1.18976414 1.55856657
    0.869554341 0.972462893 1.60030341 1.42504525 1.33786702 1.31994867
    1.63862002 1.12251127 1.38444221 1.57368493 1.41153157 1.03371119
    1.1541003 1.49609029 1.26210797 0.840512872 1.06613636 0.950786948
    1.67889953 1.15159726 1.26403689 0.985382557 0.879762769 0.740018606
    1.20291352 1.14818716 1.10477889 1.4507314 1.82190192 1.44500899
    0.990780413 0.994673967 0.79299432 1.30042756 1.20993245 1.52229071
    1.65787303 0.9419595 1.25382936 1.07043505 1.11099315 0.848496377
    1.03027344 1.08895791 1.462309 1.45045364 1.18203831 1.35072434
    1.81080496 1.038921 0.832297266 1.07378888 1.71632957 0.920571864
    1.55174255 1.75863707 1.29204822 1.38821554 1.72163522 1.13389587
    1.25116563 1.51505876 0.890679836 1.50849867 1.25265265 1.41391253
    1.82194328 1.55952573 1.53595102 1.07647669 1.31906545 1.68760538
    1.71298254 1.14679849 1.55680501 0.989649534 0.93053633 1.34797871
    0.757643461 0.910867155 1.23773599 0.896876514 0.835190415
    0.717933118 1.2199229 1.24273396 0.856840253 1.61788487 1.350191
    1.69732702 1.78333807 1.77790117 1.40356112 1.4738909 1.3860147
    1.17225587 1.60219955 1.79473627 1.21249747 1.34750855 1.70553195
    1.12124074 1.84594226 1.59378695 0.929994881 1.65020692 1.46400321
    1.30243874 1.2287823 1.21449649 1.03545427 1.5322783 0.956763208
    0.752373517 0.821277201 1.2991153 1.74539471 1.19811368 1.48746562
    0.971827269 1.66696131 1.31436419 1.42862117 1.41159964 1.25667644
    0.79311192 1.50042629 1.15093148 1.7990557 1.2400763 1.84235919
    1.86438704 1.29506683 1.12356782 0.816032827 1.16468096 0.932066023
    0.96620065 1.65275502 1.41138422 1.23668706 1.60657275 1.25161076
    0.768630326 0.708675504 0.947509527 0.712133169 1.36381578
    1.83365571 1.17803955 1.73257208 1.17763472 1.61995482 1.74110293
    1.31249619 1.45643508 1.46179676 0.757765949 1.2254678 0.917393804
    0.941922903 1.54128802 1.426247 1.14834797 1.25035727 1.57730901
    0.804803491 1.24712157 0.978290975 1.70302427 0.745221198 1.1926527
    1.44257975 1.86376941 1.43084359 1.39724422 0.939112067 1.19165087
    1.76020622 1.44746995 0.98554194 0.999388218 1.04950833 1.00638103
    1.72597861 1.77227962 1.24443161 1.55273974 0.999970138 1.50495601
    1.60565495 0.963899195 1.11469352 1.02776015 1.21919894 1.55026495
    1.468243 0.795312464 1.11799836 1.46435475 0.940293431 1.56048775
    1.04445803 1.56962764 0.682899177 1.02761149 0.91753757 0.998112261
    1.34258115 1.03465295 1.65367734 1.88194335 1.67513978 1.36977446
    1.52128565 0.676814258 0.894893944 0.706495523 0.763682663
    1.06980455 1.54446971 1.36427784 1.40231049 1.92670703 1.97455168
    1.68833077 1.65837145 0.908291698 1.62584949 0.957769156 1.79607177
    0.807235599 1.06763899 0.960951388 0.936768115 1.58909369 1.55802071
    1.51127362 1.16932476 0.869756281 1.2097187 1.13447869 0.858093202
    0.872890055 0.600233078 0.921724558 1.31408823 0.66322726 1.37852979
    1.73326516 1.73791349 1.83681607 1.78257036 1.37059057 0.986277819
    1.18692017 1.67196703 1.71101153 1.16380894 1.40437293 1.02014291
    1.16174543 1.46290469 1.16962731 1.48766506 1.75965023 1.79349172
    1.01971674 0.916095376 1.48082221 1.03193092 1.37787855 1.50165069
    1.66251206 1.56654787 1.63417506 1.60740244 0.710464537 1.57262933
    1.52199483 1.20611 1.48654449 1.24768233 1.38070381 1.25366318
    1.00839961 0.978274286 1.12624145 1.69111741 1.4044503 0.793061018
    0.893862367 1.71817195 1.47447085 1.3567605 1.11767876 1.42789292
    0.807975292 1.69022274 1.25517905 0.805215001 1.25796878 1.64219308
    1.68257463 1.54423285 1.38037467 1.21011889 0.791693807 0.668763816
    1.56386423 1.41179395 1.38105321 1.20039701 1.21794152 1.15467024
    1.07369375 1.37899137 1.03848398 0.956033051 1.65550661 1.38302588
    1.91684771 1.91303396 1.40440905 0.932608604 1.12530541 1.37770426
    1.26696944 0.937170386 1.19928646 1.01794684 0.950922191 1.12511122
    0.941266716 1.24102879 1.55286968 1.44626606 0.71285218 0.66943723
    0.682282627 1.12426066 0.919972539 0.762038648 1.67347383
    0.925068974 0.999287486 1.19030726 1.19680512 1.40149415 1.37367284
    0.861748517 1.59620357 1.59749973 1.03370798 1.75239384 1.26837921
    1.51899338 1.91417694 1.73695815 1.03399289 1.39791536 1.38358235
    0.950065732 1.32466447 1.59886324 1.00351548 1.51498628 1.04891074
    1.57147598 0.897319674 1.18447602 1.32388127 0.742379665 1.53482246
    0.84265089 1.27563047 1.39547205 0.918076932 1.27858245 0.967610061
    1.23096669 1.39054286 1.31589031 1.40896583 1.12997246 1.78035498
    1.86375821 1.45148289 1.82401931 1.61140287 1.74358988 1.45642269
    1.81916606 1.65516126 1.10091746 1.49989486 0.908654988 1.21937382
    1.13862514 0.947361827 0.722181976 0.884072065 0.714241982
    0.964549899 1.77106345 1.87104917 1.4548955 1.84879291 1.83320975
    1.74631178 0.981437147 1.11391723 0.969994009 1.19388974 1.25608218
    1.40977705 1.74666071 1.64095116 1.61339402 1.34709609 0.792887807
    1.43224561 1.31098485 1.04775846 1.32856643 1.39744115 1.00330293
    1.60772061 1.48918998 1.78578758 1.68864083 1.1276499 1.00852895
    1.2011981 1.76173651 1.43360031 1.28358722 0.829998553 1.68361664
    1.56173992 1.40797687 1.60918772 1.10748208 1.49574685 1.2776258
    0.966310441 1.49105453 0.822511554 1.60875106 1.64393854 1.18213856
    1.24361396 1.4806577 1.09184194 0.895847082 1.0661509 1.27187419
    1.81501663 1.46928608 0.959818363 1.08994901 1.07986581 0.865442157
    1.04247499 0.857764781 0.933631778 1.48136008 1.53816664 1.29193807
    1.15510392 1.45285404 1.03640485 0.653857768 1.32555664 1.40156484
    1.28156626 1.75556982 1.26609874 1.00412977 1.53903055 1.8748467
    1.655123 1.75194478 1.57681119 1.61354983 0.978187144 1.14604557
    1.29767466 1.05478358 1.56144619 1.76233256 1.41416681 1.18324566
    1.19408536 0.80493468 1.37037241 0.892659903 0.855920494 0.704538167
    0.568952143 0.660325229 1.07179737 0.881583273 0.730422378
    1.26282501 1.50221288 1.86302626 1.69392955 1.06371212 1.22060919
    1.35240328 1.72638142 1.55277777 1.081792 1.83289504 1.35397851
    1.46923113 0.968594253 0.972314298 1.61577129 1.39030159 0.928648055
    1.25297022 1.0629158 0.812855005 1.23063016 1.28509808 0.947092474
    1.59055424 1.19244909 0.854239464 0.935560405 0.703993142 1.20724547
    1.18191814 1.30667245 1.71948349 1.42376244 1.52750993 1.5329237
    1.41522312 0.935180485 1.62381685 1.63631952 1.36488533 1.0934279
    1.41118562 1.3785429 1.38620305 1.7474395 1.26258397 0.904384255
    0.772134364 0.947203517 1.66843534 1.68856692 1.70785856 1.15206981
    1.42646658 1.53738916 1.73260915 1.60123146 1.53522515 0.839623809
    1.33521962 1.31031311 0.881198227 1.30767882 0.816159904 1.13488448
    1.56723797 1.32834816 1.52130377 1.19502676 0.915314496 1.73572409
    1.67296934 1.47602212 1.25128138 1.50931537 1.30709338 1.19904101
    1.57641101 0.830101311 0.772031367 0.980742693 0.873791516
    1.24630988 1.48736954 1.02288771 0.834298015 1.24443936 0.885459006
    0.871759534 1.03398609 0.671945035 0.670271218 1.08129561 0.87211585
    1.1639477 0.935773015 0.967546463 0.875249088 1.13522506 1.74336314
    1.94357216 1.74552166 1.92706704 1.59943044 1.21133912 1.74182618
    1.18494296 1.80492795 1.89325154 1.24913299 1.45850956 1.67241704
    1.0007019 1.36496246 1.06010294 1.27337527 0.797364652 1.48121929
    0.908822238 0.85785526 1.06302512 1.30640769 1.30338836 1.09864664
    1.09858835 0.707138121 0.924064517 1.06381059 0.896695912 1.48347497
    1.00205648 1.53937292 0.950217843 1.62992322 1.37364888 1.11780524
    1.88566148 1.46715033 1.80659389 1.04634023 1.510167 0.741532862
    1.44892156 1.38562131 1.48735249 1.59417784 0.806441426 1.76814222
    0.999091387 1.36176443 1.11959922 1.25680053 0.714917719 1.41262162
    1.48266315 0.911229372 1.61486626 1.9736675 1.5030247 1.60517037
    1.1194514 1.78202605 1.34014654 1.69613397 1.54875648 1.45885134
    1.40630376 0.817844689 0.959686995 0.966282427 1.28970444 1.55463135
    1.04400861 1.14585328 1.44353235 0.937506497 1.55589354 1.87080896
    1.32575154 1.34403074 1.88448131 1.44409883 1.05960238 1.66752613
    1.53757501 1.08690739 1.73297203 1.67035699 1.26505542 1.07360935
    1.81697345 1.55427456 1.31969666 0.993517995 1.28096604 1.6127162
    1.36812305 0.951860964 1.3414762 1.02382219 1.09396958 1.75099456
    1.35750294 1.14884257 0.84089005 0.836626768 1.3080833 1.36253834
    1.3834908 1.34536648 1.67246425 1.18701375 1.27079332 1.67506671
    0.910908997 0.816587389 0.890412211 1.64732194 1.19628692 1.56476831
    1.83032751 0.846561909 1.4031837 1.35745847 1.00412047 1.12122822
    1.19207966 1.39522922 1.06179059 1.53563786 1.44893146 2.05657887
    2.01835847 1.48445249 1.44142079 0.875271499 1.76448715 1.38232267
    1.23651004 0.818130851 1.00265908 1.62007558 1.82768524 0.878973782
    1.2992208 1.3503356 1.26193297 1.51780629 0.993961573 1.36538243
    1.08021653 1.09311521 0.850030124 1.04948103 1.0111028 1.52233553
    1.17153394 1.66179705 1.44920957 0.940644383 1.64763415 0.899800956
    1.72217846 1.56017518 1.50388002 1.46046805 1.36295843 1.08320367
    1.65100062 1.027542 1.41572094 1.74054515 1.41415453 1.74500191
    1.53719628 1.6444273 1.16250992 1.10426557 0.775559187 1.33509028
    1.65014958 1.3976258 1.31408143 1.04822481 0.853453219 0.7345227
    1.32659328 1.11621344 1.90052807 1.19271827 1.39751387 1.01743877
    1.00337315 0.824742138 1.18565488 1.63553762 1.45742857 1.2184242
    1.36276925 1.17591608 1.52553487 1.34516418 0.908468783 1.404917
    1.6338712 1.39170635 1.17533481 1.44870782 1.04569101 0.904428184
    1.07692683 1.11014915 0.869372666 0.801257372 1.08306956 0.674687803
    1.65207553 0.956185758 1.5556612 1.11153054 1.57007682 1.20473552
    1.46875918 1.28027046 1.53471339 0.868572414 1.37258625 1.75414467
    1.70153749 0.994470835 1.25885558 0.746404171 0.987282693
    0.924402297 1.54675937 1.09040713 0.971346021 0.999459565 1.1674422
    0.982318282 1.48509574 1.04650831 1.16380787 0.903755128 0.680512428
    0.598040283 1.43922949 0.829541564 0.997781754 1.61291075 1.40343499
    0.746204555 1.04258847 0.983947158 1.68543077 0.863500834 1.94125605
    1.21740294 1.3937335 1.12002861 1.56704235 1.33673286 1.46689415
    1.69709265 1.53026867 1.89918661 1.22356057 1.07182157 1.39883745
    1.3407048 0.736619055 1.51953876 1.02589762 1.4268626 1.68940246
    1.58821237 1.17615795 0.973899543 1.40063679 0.866523027 0.721005917
    1.2824086 1.36862242 1.18376315 1.53397155 1.1187284 1.64986193
    1.68936324 1.2614783 1.24340808 0.960306764 1.15997493 1.02756274
    1.02653098 1.56263924 0.894163013 1.00080538 1.64076579 1.41577554
    1.32293272 0.85969907 1.58602405 1.44594502 0.991268516 1.59464633
    1.44898391 0.931795657 1.5125891 0.938513756 0.975891232 1.62214267
    1.76194549 1.83538055 1.81029785 1.01891875 1.69122207 1.78103828
    1.59384215 1.63136458 1.51317596 1.25564229 1.48487902 1.48488402
    0.850898564 1.68423963 1.05882967 1.76845741 0.918936968 1.44290078
    1.33823907 1.16128135 1.71492684 1.8324331 1.61739039 1.60277128
    1.68938398 1.65865123 1.47086227 1.12901103 0.945614398 0.831243575
    1.04945374 1.28998256 0.970574081 0.890230834 0.928557813 0.95391345
    1.70176268 1.64623129 1.41380811 1.7564013 1.35556138 1.40839839
    1.13582408 1.11784315 1.02829754 1.03721285 0.981522024 1.07158041
    1.4339478 1.04829192 0.854569197 1.46317005 1.05477798 1.67059731
    1.29539514 0.818235278 1.64285243 1.13314223 1.17357755 1.17938244
    1.23790348 1.24582183 0.778236628 1.7638787 1.79565561 1.75305676
    1.66761899 0.997843862 1.07397556 1.22452927 1.17008567 1.71483231
    1.38675261 0.769575119 0.862779558 1.61264837 1.19647765 1.6804738
    1.8069042 1.22774148 1.46539199 1.13025498 0.876843154 1.60847187
    1.22096634 1.5806607 1.56212676 1.72595608 1.40041327 1.42194104
    0.806829572 0.954457164 0.945900023 0.7797333 0.852552295 1.1587106
    1.49349523 0.785465777 1.16222155 1.1867497 1.19845688 1.25728309
    1.29058683 1.03992248 1.34816146 1.24823546 1.14124525 1.60115349
    1.25894344 1.3242631 1.52160072 1.60531807 1.86282122 1.07786763
    1.83074999 1.42935717 1.26297355 1.22608232 1.00548887 1.30897677
    0.827145755 0.931408346 1.35824192 0.807997644 1.03337407
    0.936748326 0.927263439 0.896667242 0.685139596 0.999202013
    1.26417649 1.40963459 1.52530265 1.65770411 1.0789268 1.3730464
    1.15275323 1.097139 1.83746219 1.6925081 1.38864219 1.3347975
    1.41848218 1.29516733 1.02181828 1.53016555 1.02587724 0.844556749
    0.821546912 0.983524024 0.966209292 1.66269469 1.44182622 1.54083359
    1.46618438 0.866761863 1.67531776 0.722431481 1.0824002 1.27735376
    0.729922175 1.66174066 0.718254685 1.05451584 0.994848669 1.72843421
    1.26551199 1.84865689 1.18147361 1.13134503 1.60487282 1.4377749
    1.44108307 1.72310674 1.33885133 0.866499782 1.73842049 1.50177801
    1.24956083 1.21187127 1.6613723 1.72308075 0.799652219 1.64719331
    0.87117362 1.53100681 0.972740114 1.16230035 1.24580252 1.27412188
    0.969061792 1.05913973 0.651519179 1.35575414 1.5480535 1.62543619
    1.5484246 1.10156965 0.991580784 1.65128374 1.81473613 1.35114455
    1.7232002 1.4266479 1.61272442 1.36083019 1.69134939 1.27377641
    1.75207996 1.37568426 1.74013495 1.09099042 1.10864854 0.788058937
    0.734962165 1.15799725 1.3678683 1.03056073 0.979667783 1.16394985
    1.15268862 1.79229605 1.5505054 1.37677264 0.899925888 0.820480466
    1.22896397 1.36026144 1.72823298 1.5932008 1.19453883 1.50969028
    1.49344516 1.62560725 1.45838404 1.32340312 1.53835762 1.57872069
    1.002069 1.53322363 0.924717426 1.08776045 1.22372818 0.687127888
    1.0817883 0.949909031 1.86956966 1.01965964 1.6320715 1.42184317
    1.48690474 0.989730299 1.59477222 0.868252516 1.27798033 1.0464524
    1.60340345 1.09035957 1.67553008 1.70668244 0.993227482 1.49967515
    0.925311327 1.47468722 1.24639416 1.4809674 1.38378644 0.828748822
    1.61880696 1.1757592 1.2998414 1.13810909 0.94606024 1.3012898
    1.03592312 1.23157728 1.0408895 1.71556473 1.91292751 1.78972065
    1.36620986 1.44278228 0.903699756 1.06160688 1.37144947 0.892662823
    1.68235528 0.906006098 1.05315828 1.48480475 1.32299197 1.6041677
    1.80141997 1.74270773 1.0056051 1.72245753 1.40452147 1.03931117
    0.728830695 1.11827934 1.37910819 0.747521818 0.951573551 1.21639597
    1.20926988 0.689256251 0.818227053 0.625012398 0.670811236
    0.949748874 1.02144051 1.3980912 1.16452992 1.7183758 1.61673629
    1.63786304 1.28941965 1.48637068 1.1467061 1.00487196 1.51773417
    1.31863892 1.85171366 1.26564431 1.76419413 1.14056301 1.50475693
    1.26575291 1.50538623 0.970150292 1.58377087 1.53988731 1.956393
    1.6704483 1.68408203 1.18196702 1.63248467 1.48644352 0.775345325
    1.29945278 0.714799225 1.67416942 1.53173828 1.60694766 1.08584833
    1.51932907 1.1304611 1.77330184 1.25122106 1.84757793 1.40287817
    1.08767784 1.2069093 1.44759321 1.65827024 1.01189363 1.35215092
    1.2155143 0.825240672 1.00330198 0.966862381 1.70765269 1.2005136
    1.24187779 0.848517835 1.55018878 1.19894969 1.62345326 1.53304315
    1.64946711 1.86179054 1.29318511 1.62366927 0.993475616 1.12860632
    0.90480876 1.54508018 0.909169853 1.15741074 1.16325581 1.10137856
    1.11333466 1.59609735 0.789330184 1.66222334 1.01601171 0.961417556
    0.814319074 1.26565182 1.58786023 1.77577841 1.47853291 1.42749631
    1.17531967 1.68898439 0.910899758 1.64332795 1.33696532 1.00794947
    1.5241729 1.16544783 1.25053787 1.47741425 0.906364143 1.33229196
    1.59518683 1.34563088 1.74775076 1.29419637 1.39839137 0.923043191
    1.53557813 0.712066472 0.926939726 1.02805209 0.872489631
    0.794794142 1.14847755 1.38407958 1.52560306 1.03252089 1.38286579
    1.81160963 1.265517 1.74455905 1.73659003 1.18898702 1.12120676
    1.00095332 0.85330224 0.753411829 1.33472347 1.2294476 1.27243602
    1.62012827 1.25414312 1.55173159 1.36884713 1.3826232 0.848549783
    1.46109712 1.55663359 1.35169125 1.39877522 1.20415759 1.430897
    0.807200491 1.02950597 1.52316284 1.22410607 1.57501543 1.39509702
    1.15457714 1.08790219 0.825437307 1.22900879 1.50652528 0.998454809
    1.67017376 1.20619583 0.90395999 0.78931433 1.75699949 1.07859457
    1.4342953 1.29119337 1.27086377 1.55453098 0.788719058 0.780445457
    1.35708988 1.04119587 1.39267504 1.67549825 1.03533149 1.17084074
    1.73936927 1.38228548 1.23699582 1.47551382 1.51332426 1.06191361
    1.6989609 1.25195408 1.088238 1.11994338 1.76815915 1.57568884
    1.06858015 1.41636503 1.37305284 1.19985974 0.712174356 0.75240463
    1.04441798 0.696103036 0.783011734 0.894500017 0.842264295
    1.12698245 1.11490059 1.24211216 1.64106524 1.72372735 1.22126639
    1.02222872 0.956174254 1.71613812 1.68563437 1.47959101 1.21823812
    1.29547369 1.72005033 1.66098821 1.17624128 1.09653091 1.41691446
    0.96314615 1.45574331 1.6888926 1.1356833 1.01582098 0.917614937
    1.57701826 1.75977898 0.833739698 1.23837924 1.45558894 1.41011631
    1.16318786 1.06195664 1.26331222 1.71531618 1.53886878 1.26831126
    1.28397596 1.37238955 1.42403376 1.55194736 1.03514111 1.71670854
    1.00160694 0.814061403 0.709378123 1.6126827 1.47650242 1.35124099
    1.87524652 1.2210263 1.32197261 0.879092038 0.926519156 1.35688412
    0.921779394 1.31874979 1.49089813 0.688346267 0.918725431 1.41112244
    0.92064029 0.723039925 1.56185234 0.760131001 0.814620793
    0.901560843 1.03530669 1.37370408 0.772829473 0.783676744
    0.722775519 0.73060894 1.38362968 1.04810488 1.32932723 1.58806121
    1.04590452 1.04067004 1.90059543 1.44586253 1.71880019 0.897680283
    1.56892061 1.31335366 0.757147193 1.39640963 0.968383491 1.45175922
    0.85437572 1.29397726 1.6122762 0.846743941 1.14910328 1.61454046
    1.50834203 1.15227103 1.20381856 1.02411091 1.27877212 0.884405911
    0.919766724 1.2960192 1.65143645 1.52520561 1.0972048 1.45965338
    1.57663131 1.41199803 1.66445446 0.990487218 0.86086601 1.24748409
    1.58571219 1.39183128 0.872555971 1.39275694 0.813170254 0.899464726
    1.50923419 0.936456621 1.42599905 1.62921798 1.1042347 1.3047024
    1.84739971 1.67980123 1.16042316 1.21997261 1.30101585 1.00013757
    1.08926272 1.04424894 1.60284781 0.843553066 1.68666852 1.21276414
    1.75018942 1.63344789 1.74369979 1.33699059 1.13347661 1.10448074
    1.45305729 1.35998344 1.18730986 1.28058791 0.91920948 1.70799625
    1.42141175 1.40028286 1.09136438 1.69636548 1.82028997 1.5579946
    1.02624857 0.880551815 1.31363869 1.45664048 1.34780204 1.19166017
    1.14520609 0.958562911 0.949318707 0.73649621 1.79848301 1.44476092
    1.68042934 0.953766346 1.51139927 1.37665236 0.713481367 1.05549109
    0.795366704 1.46592224 1.55915487 0.95874238 1.3543309 1.38172042
    0.979669929 1.43349552 1.77162564 1.64842033 1.29894984 1.30689967
    1.41771936 0.90477103 0.851532161 1.70052385 1.41890299 1.66593611
    1.44991374 1.54261351 1.58811629 1.66388392 1.46921253 1.28040743
    1.34099138 1.44262421 1.79013991 1.47609806 1.27472901 1.25061548
    1.23133504 0.876000166 1.57950604 0.855040491 1.29898655 1.15438342
    1.03104579 0.799286425 0.772774696 0.876534104 0.860220611
    1.52636421 1.24838388 0.908616185 1.33465242 1.07303071 1.54812157
    1.44577539 1.52792966 1.30444217 0.782946885 0.754759312 0.855432153
    0.823944151 0.884550869 0.69490397 0.969673395 0.92596674 1.58198082
    1.68366051 1.09761083 0.934036374 1.69391036 0.980805755 1.38446116
    1.27286315 1.78113461 0.987081409 1.18953288 0.897696793 1.30380392
    1.56179893 1.20478094 1.20322347 1.43462586 1.72138011 1.09771979
    1.36650586 1.13417435 0.682916045 1.09206259 1.64681458 0.769269705
    1.18481982 1.40579188 1.50248325 1.76868057 1.84671891 1.60607517
    1.56218719 0.847096801 0.89228934 1.53549182 1.38484144 1.4279418
    1.24246025 1.22914863 1.46394646 1.32396102 1.18362951 1.32609642
    1.35813904 1.09422565 1.5160172 0.943637848 1.3645829 1.11944294
    1.13180804 1.04880309 0.849584699 1.30490923 1.01435304 1.63223529
    0.932548821 0.729902864 0.893700778 0.918803394 1.2503382 1.01041365
    0.986338139 1.38329518 1.49795187 0.942907691 1.23561931 0.988876581
    0.86684674 1.52865052 1.45095122 1.10614026 0.952793539 1.0316056
    1.8932755 1.31389999 1.7782619 1.69325089 0.898258209 1.24322319
    1.43262994 0.859639823 0.597321808 0.502745509 0.678427517
    1.07272446 1.08406746 1.13253379 1.53735459 1.11344326 0.89183563
    1.38154292 1.05032277 0.691027164 0.746627629 1.12309706 1.10572433
    1.60941541 1.29642141 1.03608322 1.201455 0.968494892 1.09427726
    1.36199093 1.25177467 1.32942772 1.77911997 1.16512966 1.46337783
    1.10825515 1.65366447 1.01199329 1.38498783 1.20185554 1.70457041
    1.410146 1.38614905 0.833650053 1.65604317 1.2833817 1.14518952
    1.47574401 0.994834781 0.920821548 0.738092661 1.20385933 1.39918005
    1.69039738 1.47330272 1.54634809 1.80156708 1.40624237 1.50048792
    1.79272699 1.73263514 1.70825613 1.46920347 1.02061188 1.25831032
    1.78654659 1.7468586 1.17419517 1.26094198 1.64174998 0.812185585
    1.39971721 1.30121863 1.02244389 1.58519268 1.09044921 1.43966556
    1.02542281 1.92276382 1.78736603 1.59249151 0.92096597 0.905490041
    1.50384092 1.24871516 1.14062083 1.21062815 1.4509995 1.13671899
    1.08808959 1.34848595 1.70615053 1.63189912 1.2242564 0.885465801
    1.0885421 1.23957229 1.60710025 1.49346232 1.21504617 1.25370562
    0.790131867 1.00678289 1.55359125 1.52180994 0.868588984 1.02123129
    1.64186895 1.6542269 1.4608078 1.10331583 0.887414694 1.46745884
    0.974028945 1.33387136 1.08149827 1.53234124 1.13749635 1.01955307
    1.68015277 1.19313967 1.01032805 0.706516981 0.831138313 1.29179013
    1.23338675 1.32385039 1.20979965 1.19287014 1.19188106 1.6886096
    1.43723345 1.12586975 1.30668569 1.04801369 1.74918723 1.67876923
    1.50149488 1.46904254 0.789812982 1.1857965 1.05373704 1.1298219
    1.58723378 0.997239292 1.69887888 1.61444354 1.07369518 1.64626682
    1.23691881 1.58045042 1.70355833 1.49555576 1.86989474 1.33572245
    1.69921207 1.61225986 1.64301491 0.854626834 1.56490397 1.20791245
    1.14947832 1.62182307 0.782582164 1.23365819 1.14168918 1.46506047
    0.765780568 0.744180501 0.904795885 1.35509455 0.839915395 1.4663403
    0.8498348 1.10390067 1.21827054 0.898802519 1.05901623 1.31270278
    1.42261314 0.950605094 0.932155728 1.38706088 1.41744483 0.99915266
    0.945554078 1.29471254 1.14928174 1.27532864 1.59504664 0.955111623
    1.03584743 1.08323085 1.29078627 1.01369798 1.56337774 0.9908638
    1.23393726 0.981812716 1.52078509 0.885142803 1.2931546 1.44043791
    1.14377642 1.01822722 1.28551865 1.03561997 1.66802955 1.43162727
    1.24679148 1.68077683 1.14245474 1.39123666 1.14168215 1.15873075
    1.59963298 1.48270679 1.20440042 1.11000204 1.73209333 1.78575051
    1.88525283 1.23794413 1.70111156 0.925363541 0.803339362 1.42286026
    1.00822759 1.21605897 0.972491264 1.58055484 1.32973027 1.67076516
    1.25323498 1.35123396 1.63204014 0.965182841 0.745992601 1.37948358
    1.29107976 1.03462338 1.20974803 0.816819727 1.54315531 1.16163993
    1.05128479 1.22946572 1.44889045 1.57327926 1.68484449 1.69792891
    0.746281922 1.12875414 1.04626 1.58748186 1.80967224 1.31391776
    1.42815959 1.0221591 0.819204748 1.17051494 0.901372433 0.845818102
    0.932724357 0.644313991 0.580586076 0.709614277 1.29769421
    1.44418573 0.811802626 1.25611544 0.980764568 1.55612147 1.19853866
    0.845755637 0.971669137 1.24050844 1.16965985 1.14280748 0.961896777
    1.06440568 0.86456126 0.775439382 0.794522643 0.878088474
    0.917178571 1.66947639 1.18213522 1.61647248 1.68437099 1.24109364
    0.777900696 1.44855654 0.990210354 0.838278234 1.28005552 1.19791794
    1.02502966 1.27698183 1.00226247 1.19254732 0.931394458 1.34371006
    0.7552315 0.828399599 1.58028352 1.45475578 1.50769472 1.6776464
    1.37985814 1.10608125 0.974893391 1.87718284 1.35148573 1.4361968
    1.11171007 1.27503598 1.22998703 0.911185145 0.91959548 1.55965269
    0.911642551 1.67769945 1.71112299 1.39599073 1.34288669 1.49954224
    0.872903705 1.5079124 0.857846379 1.15798748 1.28723741 1.7069428
    1.69920015 1.85692608 1.78505182 1.49929678 0.849408269 1.49541438
    1.38974559 1.64234936 1.40157211 1.54385757 1.54654181 1.68034256
    1.89591813 1.55270863 1.30561674 1.05134416 1.18841469 1.02016044
    0.856193304 1.62117708 1.0144074 0.919781506 1.73241937 1.27395105
    0.873064101 0.824936986 1.03613842 1.75816572 1.56442869 0.834313571
    1.11306238 0.768988252 1.47686398 1.38437092 1.62816727 1.27085412
    1.26968682 0.824737728 1.38522387 0.761810303 1.03099251 0.725293219
    1.08998156 0.893086076 1.62769842 0.831150353 1.19605291 1.10979402
    1.50515223 1.47823012 0.841782331 1.58639097 1.18304431 1.33079445
    1.05957448 1.50562251 1.23121011 1.37944663 1.03992915 1.63645291
    1.68650281 0.836206436 1.29391479 1.75431538 1.5811193 1.27116501
    0.90331912 1.40107417 1.40368044 1.53653133 1.74751842 1.83879113
    1.33874619 1.1987685 1.38274193 1.91157091 1.66264069 1.67774189
    1.33441556 0.864762604 0.909376085 1.81435907 1.19990885 1.64967871
    1.53482115 1.46918142 1.51511085 0.807394266 1.15856075 1.06344759
    0.877980769 0.818519711 1.15062284 1.50128901 1.36660993 1.00486624
    1.66043413 1.34454095 1.28350675 0.737695158 0.923896909 0.984670877
    1.17048717 1.58060646 0.801348031 1.55472183 1.45506835 1.00067854
    1.07467854 1.63231504 0.886656225 0.838613391 1.22399688 1.06342888
    1.34423304 1.11867797 1.05842292 1.77035391 0.850892425 1.12719584
    1.44768441 1.71688437 0.806671143 1.33749712 0.979807734 1.18473291
    0.758566082 0.77242732 1.43857944 1.06086373 1.01188421 1.83210957
    1.3988055 1.54967499 1.85825694 0.930806875 0.900567532 0.900748789
    1.24415982 0.672062337 1.17433369 1.65064204 1.72288406 1.42945254
    1.73407459 1.26834261 1.76177537 1.01619804 1.45488906 1.03151631
    1.09877086 1.70867646 1.50032711 1.68414152 1.46810734 1.18869889
    1.44259167 0.808431566 1.68891203 0.763461828 0.727487445
    0.769291162 0.995076835 1.41026735 1.67135692 1.29529345 1.11775243
    0.793906987 1.47459698 0.912715733 1.47028351 0.955816865
    0.950957119 1.08906829 0.95635581 1.56356478 1.53180873 1.44506371
    0.939165652 1.04839766 1.66207278 1.65519714 1.52314782 0.74669838
    0.78899473 1.31501114 0.654247344 0.724472582 0.573240161
    0.986144125 1.27708995 1.36995173 1.44407499 0.99285531 1.09628117
    1.43416071 1.53303325 1.30172491 1.32308137 1.64397728 1.08201432
    0.991288006 0.990181088 1.6688503 1.23528433 1.26614058 0.805843949
    0.843958616 0.878245354 1.70499706 1.54418051 1.26247382 1.4484762
    1.21433949 0.742174387 1.64422536 1.11203206 0.898864388 1.459288
    0.925445259 1.17000902 0.827114522 1.2661674 1.47531581 1.11946464
    1.37331569 1.68859982 1.02592635 1.47215414 1.24344695 1.96296716
    1.46525991 1.87771118 1.20499337 1.54717386 1.56430471 1.78564787
    1.5909462 0.951162696 1.69673371 1.32469809 1.24752116 1.62935889
    1.3614527 1.14154446 1.78853106 1.83541214 1.1506269 1.66256797
    0.942698717 1.50571084 1.33065915 1.29126143 1.56725609 1.23371935
    1.73883688 1.23538196 1.51201332 1.14215064 1.08272111 1.15819275
    0.912090719 1.32056952 1.0387553 1.10568869 1.14563084 1.63387203
    1.00169373 0.980430305 1.74754322 1.0948 0.876878321 1.05084109
    1.24701667 1.48993862 0.877897799 1.26893485 1.45891416 1.31344855
    1.13910484 0.943659782 1.11518013 1.56682777 1.04989135 1.13991785
    1.3237803 1.28481662 1.32673991 1.72083056 1.44056916 1.11761439
    1.09363973 1.2283107 1.62395763 1.60560775 0.7259655 1.01068676
    1.11940134 1.13268971 0.986768961 1.40979242 1.19302583 0.93066746
    1.24160051 1.29559004 1.67288458 1.58204114 1.29792821 0.861000001
    1.9040463 1.18844306 1.89712644 1.4573971 1.68478036 1.12881756
    0.979214728 1.68436444 1.51649261 1.647735 1.05369914 0.893063903
    1.69315541 0.725062847 0.861048162 1.13734782 1.69573796 1.39769375
    1.23992383 1.81219268 1.07225728 1.68948066 1.76267195 1.6463449
    1.43344557 1.0755012 1.29889822 1.43452692 1.53836977 0.975693345
    1.71953475 1.66532564 1.89256811 1.37853539 1.43555641 1.39248371
    0.936714232 0.725636661 1.51945829 1.39722621 1.48847592 1.54586983
    1.0620923 1.46660113 0.844284475 1.26999891 1.36043179 1.80840647
    1.12690234 1.16096151 1.54732203 0.805424809 1.50678551 0.635321259
    1.34619951 1.52533412 0.689282715 0.78192848 1.69752598 0.828360319
    1.35370064 0.764157057 1.5665313 1.05958927 1.56246936 1.64149439
    1.37437308 0.794476748 1.31757927 1.24036324 0.896006942 0.780815542
    1.21711433 1.29771626 1.62780929 0.868186712 1.38403618 1.38920546
    1.31384301 1.476578 1.14412105 1.14255548 1.10364211 1.60242498
    0.64686048 0.772088528 0.895601869 1.259992 1.6612817 1.59452653
    1.05782318 1.83463883 0.88232857 0.906873405 0.677567005 1.12075865
    0.866069376 1.06406248 1.48988652 1.38594544 1.83536041 1.90550637
    1.30724776 1.84321642 1.39065194 0.977024019 0.783524096 1.41037905
    0.885705292 1.44740951 1.15301681 1.18405461 1.23728657 1.72205019
    0.82044214 0.787592292 0.983421683 0.904518664 0.90716815
    0.889145494 0.674209356 0.915063858 1.5013355 1.75723732 1.45247138
    1.37321436 1.48966599 0.773332179 0.685987651 0.666281044 1.38762033
    1.05051398 1.15817964 0.732582867 0.694172084 0.887032151 1.17335832
    0.9942137 0.716807604 0.773585677 1.32416403 1.00134194 1.36622584
    0.944383562 1.66176844 1.88782156 1.08530354 1.77934945 1.51795733
    1.21718538 0.91342473 1.44291949 1.3809396 0.817556858 1.65629518
    1.52594376 1.08453286 0.818899632 1.32827699 0.758419394 1.12795889
    1.21366751 1.27595186 0.973174512 1.41818738 1.20658624 1.56933784
    0.75936842 1.2890358 1.60023761 1.69241869 1.52330983 1.07436192
    0.959352612 1.0115937 0.921753705 1.55906606 1.35447419 1.9808172
    1.85656106 1.52668858 1.80198789 1.69874442 0.951694071 1.19866598
    1.8012954 1.44373107 1.1230619 1.17890871 0.984350502 0.786346257
    0.91938591 1.18715572 1.49451888 1.81059301 1.88944352 1.72339272
    1.36713541 1.54707468 1.13876212 1.0120374 0.90553683 0.848013818
    1.28429532 1.48314798 1.94996905 1.67088258 1.7895515 0.9772681
    0.800637066 1.64947152 1.49092782 1.21458483 1.14764369 1.87499714
    1.8852917 1.38345253 1.61367118 1.17526412 0.944814086 0.989208996
    1.69807327 1.65429819 1.19882774 1.1936512 0.679581046 1.28825378
    1.62130153 1.34691489 1.25235045 1.67860413 1.62012172 1.26354408
    1.26056361 1.07195973 0.867782354 1.12365305 0.993930519 1.33746743
    0.718284845 0.864214003 1.21945918 1.45576477 1.36369479 1.21533775
    1.05328834 1.13557172 1.4298631 1.3693682 1.31722188 1.16331434
    1.31799304 1.67319489 1.34492731 1.38409913 1.25738168 1.65975428
    1.73028159 1.72110283 1.39261031 1.82145894 1.04506361 0.98583436
    1.02276373 0.856831431 1.35587609 1.64110267 0.958817482 1.22796237
    1.52529109 1.07745111 1.16454411 1.35872519 1.6076951 1.86313677
    1.15697217 1.41014433 1.50478959 1.82431245 1.06398177 1.17021465
    1.40245271 1.12364602 1.3499881 1.06976688 1.890854 1.93172121
    1.89023244 1.91210544 1.6159209 0.986602306 1.26032722 1.21580458
    1.45128608 1.40741348 1.39806056 1.24621165 1.6865536 1.76539814
    1.29437876 1.04759717 1.14177835 1.72578514 1.2205143 1.62733388
    1.38995302 1.10662174 0.838817656 1.47898185 1.06955695 1.04520082
    1.29508412 1.60936666 1.37207544 0.851925194 1.33875608 1.3271203
    1.63066888 1.66456354 1.80691385 0.962078214 1.51081777 1.36252868
    1.79673922 0.952553153 0.783515751 0.994737983 1.55707097
    0.951814651 1.27305949 1.63923669 0.827709317 0.92966032 0.989609599
    0.819751203 1.49167979 1.54816914 1.68987215 0.913620949 0.823487461
    0.760352015 0.685532689 0.980045319 1.05197144 1.76746118 1.10421562
    1.73105502 0.852945924 0.8351354 1.30501139 1.44683576 1.50653911
    0.968401492 1.406708 1.74063027 1.63682663 1.93563497 1.29960644
    1.32104158 1.33334923 1.75659144 0.979514062 0.710107505 0.742477536
    1.04901397 1.22097671 1.36551297 1.82231367 1.39207423 1.52251267
    0.786089361 1.40189314 1.4936744 0.662361741 0.632019222 1.39253521
    0.877640545 1.3178308 0.912427247 1.05219507 1.20816267 1.55364144
    1.14656687 0.850039661 0.910301924 0.94071883 1.04228246 1.01887476
    0.800799072 1.28958893 0.938873053 1.29662442 1.12205374 1.43974185
    0.982130945 0.908014119 0.79123652 1.70729554 1.31215203 1.86380219
    1.92040956 1.72430503 1.24542928 1.51053953 0.778402448 1.38619244
    1.04246593 0.829485178 1.25321877 1.18223631 0.836758316 1.30911958
    0.987024426 1.2499578 0.921939015 0.903272271 1.46612334 0.743966281
    1.37774551 0.923434973 1.71570766 1.17406321 1.60313582 1.71676445
    1.51829505 0.746441901 1.0777669 1.16478097 1.69184613 1.0534054
    1.75119412 1.59901667 1.75685585 1.67812312 1.14200735 1.90987146
    1.42948568 1.70314813 1.02962983 1.19739962 0.980043828 1.28736436
    1.39289832 1.73965502 1.42871928 0.934133828 1.31696796 1.73292363
    1.7243644 1.46965396 1.83080649 1.81243455 1.61082971 1.45849741
    1.15811253 1.50300145 0.963651419 0.685285568 0.826574147
    0.944593966 1.63002896 1.68615675 1.59568536 1.73311281 1.35494041
    0.866565585 0.66891861 1.06117475 1.60523939 1.75658512 1.70502925
    0.920079708 1.44834137 0.939828157 1.23720407 0.886432588 1.32371199
    1.33554637 0.875652134 0.768057764 0.769686699 0.959291756
    0.917447925 1.20445561 1.51038337 1.30327284 1.57940459 1.80264401
    1.11972785 1.42071462 0.894014001 1.17541826 0.978465021 1.3253417
    0.876688123 1.54202485 0.769472539 0.87192136 1.70411277 1.06488574
    1.19111478 1.27574849 1.22644925 1.37806702 0.987988055 0.825754404
    0.887913942 0.930393338 1.74901724 0.76939857 1.69560516 1.37700307
    1.0276345 1.48787189 1.88231945 1.2399081 1.60503519 1.75106442
    1.29893851 1.6440078 1.37020302 1.39524829 1.15856946 0.956933141
    0.776764274 1.18114495 1.29137754 1.55152404 1.33827603 1.22632957
    1.66981995 0.899714053 1.87769389 1.0861485 1.73272562 0.944018722
    1.12655318 0.767502367 0.799699426 1.40092981 1.25461137 0.99778527
    1.07809865 1.63795328 1.70791864 1.07988358 1.65968764 1.17537928
    0.937081099 1.18858457 0.830480456 1.3130846 1.17088056 1.39098835
    0.979506314 1.33449221 0.9478212 1.76579022 1.21937454 1.45089638
    0.860616624 0.923855484 1.20090902 0.855014026 0.859428942
    1.05365181 0.800448418 0.700249732 0.726283371 1.46156657 1.24390221
    1.2781992 1.57339799 1.42035758 1.78727746 1.15010905 1.23676312
    1.21798074 1.34891033 1.12499571 0.676490247 1.41137505 1.24183941
    1.20552909 1.39691854 1.45912015 0.881019473 1.43041313 1.17755234
    1.31790042 1.31383133 1.26275885 0.868481338 0.831595421 1.27106845
    1.35146487 1.12367785 1.14191854 1.46369815 1.70795226 1.40749812
    1.31716001 1.73850417 0.817497134 1.18735516 0.796750486 1.10422087
    0.744905412 1.66706312 1.72758186 1.70360386 1.8520658 1.18722427
    1.60543215 1.48610127 1.25975895 1.38607013 1.02786899 1.34386361
    0.91974324 1.10920155 1.45664847 0.835110664 1.71254718 0.860734463
    1.34559822 0.807741344 0.952562153 1.0784235 0.823830783 0.69319278
    1.19724 0.927150667 1.51830578 1.64722919 1.69328296 1.11711919
    1.37254131 1.4307276 1.6380136 1.23147392 0.675222039 0.72024554
    1.09773874 1.05908573 1.47938383 1.47429502 1.4037776 1.22620642
    1.57372606 0.725349426 1.26393592 1.30407429 1.52849758 1.88942873
    1.01982439 1.73999822 1.83727002 1.72406936 1.56338632 1.08836102
    1.62911165 1.67905271 1.79328692 1.24745953 1.40951014 1.38557398
    1.08312225 1.25619411 1.45313895 1.39013159 0.868938982 1.63862264
    0.66854459 1.20737457 1.28749669 1.41330957 0.928827167 1.73734319
    1.11149657 1.47930241 0.94657129 1.47503209 1.32820797 0.994827449
    0.984708309 1.1383779 1.56045425 1.75862134 1.51703012 1.64666116
    1.19006562 1.5730859 1.52722013 1.68482101 1.38385379 1.12312007
    1.79976487 1.41088676 1.47482264 1.47535014 1.25000715 1.24236083
    1.47694039 0.926454902 1.39407492 1.62220836 1.86346459 1.76780045
    1.34967852 0.88652277 0.667150378 1.32762575 0.788680673 1.28182042
    0.906509459 1.14580894 1.97137606 1.92140627 1.51821494 0.803719521
    1.02758801 0.690422237 0.770414531 1.28631854 1.47024429 1.76563931
    1.63520563 1.77252829 1.27267611 1.38145697 1.52842879 1.76194751
    1.47299254 1.58295846 0.902730703 0.961556315 1.28429317 0.87890327
    0.894629836 1.02821922 1.19575739 1.44240344 1.49766397 0.804888785
    1.30319774 1.30494559 1.21851647 1.51718211 1.05549991 1.09151959
    0.661752939 1.60470593 0.834748685 1.33121026 1.079669 1.02237165
    1.726951 1.45936513 1.29645777 0.813128412 1.49419606 1.39783907
    0.919337571 1.09694755 1.20062029 1.22167623 1.37454069 1.08226025
    1.10378766 0.950454116 1.67008281 1.53734887 1.43215585 1.32729292
    1.19932425 0.990087867 1.13923335 0.727780223 1.10790789 1.27409291
    1.06133592 1.71130645 1.38250506 0.971015692 1.21024978 1.76693416
    1.15259719 1.80668926 1.28065014 0.980111063 1.0630368 0.777525246
    1.00055492 1.67849135 0.952281892 1.6780982 1.48560607 1.30515587
    1.10020876 0.861275196 0.7653355 1.507833 1.08096445 0.842701375
    0.924027383 1.63089621 1.67854357 1.7848947 1.52852905 0.921932399
    1.07903457 1.28105986 1.40521765 0.84304595 1.54253697 0.771512628
    0.920460761 0.991412103 1.59101081 1.39292169 0.997029662 1.02252483
    1.17592978 1.353441 1.67885101 1.26680768 1.72079682 1.58619869
    1.460639 1.1474452 0.852624297 0.963660121 1.66402352 1.31597471
    0.969159722 1.13677192 1.7020545 0.931966066 1.59332335 1.41493714
    1.39054334 0.936711133 1.73267829 1.07328689 0.766618192 1.10175896
    0.82542634 1.13405418 0.878127277 1.0409503 0.951256037 1.65501249
    1.2169919 1.52427661 1.30831277 1.19145119 1.28465068 1.63319266
    1.59717512 1.12446034 1.11864007 1.44348669 1.31009722 1.68252552
    1.75306487 1.52946782 1.32089305 0.970427394 0.880281627 1.67067254
    1.52219021 1.46146095 1.05690086 1.33891237 0.851073563 1.29827952
    1.59961247 1.11697757 1.44671762 0.954659104 0.956546605 1.47784185
    1.26837432 1.21536183 0.765889466 1.61463714 1.2528466 1.4588449
    1.37386143 1.80370653 1.70189762 1.21082318 0.836538672 1.38731956
    1.45589101 0.880731523 0.715506613 0.987947106 0.997324049
    1.18283796 1.54758477 1.62200117 1.24230289 1.05299544 1.5271908
    1.57074964 1.12527704 1.14047825 0.976291597 1.53657317 1.47830629
    1.67836452 0.932743788 0.795660913 0.840747237 1.28196871 1.63574684
    0.780974269 1.06370366 1.71928883 1.49076939 1.60707319 1.43941665
    1.37475622 1.39434505 1.69090545 1.62574947 0.853531539 1.31677616
    1.21927774 1.44613802 1.77257729 1.49599946 1.58377337 1.38075078
    0.78478688 0.850511491 0.853940308 1.25137305 1.06063962 1.74609482
    1.8288964 1.24115324 1.31845188 1.1999768 1.40915585 0.850414515
    1.44198918 0.941950321 1.2571671 1.20421922 1.45879734 1.09535456
    1.06442523 1.39676237 0.943499744 1.63119531 1.90702152 1.54461575
    1.92764747 1.08459616 1.48957491 1.90118361 1.59793782 1.40719461
    1.20509946 1.52165806 1.23186672 1.06336486 1.16433728 1.01309967
    1.29808116 1.29426587 1.42416859 0.999988437 1.56068814 1.01510179
    1.20286334 1.15548146 1.2091428 1.16974354 1.51830781 1.04638755
    1.17131734 0.804921985 1.21854961 1.37750125 1.04289579 1.13790762
    1.48307359 1.20413983 0.847847283 1.02343822 0.915453613 0.702645898
    1.58599019 1.13824773 1.29955792 1.52319419 1.03913438 0.678061724
    0.700659394 0.744137347 1.18982768 1.51025248 1.50350428 0.730567515
    1.64492941 0.828798831 0.746988118 1.03648436 1.15109682 0.872787416
    0.912410021 1.65877271 0.864332914 0.904844522 0.803044736
    0.909097075 1.02691102 1.20316505 0.971272767 0.789490223
    0.710125864 1.6702677 1.27457893 1.71550393 1.29599369 1.84434772
    1.45889235 1.45796108 1.04211843 0.952226102 0.942532241 1.25391495
    1.55521142 0.722821772 0.983323336 0.730595946 1.27944362 1.01847112
    1.4769783 1.18020844 0.995599806 1.67181933 0.959227622 1.32076967
    1.65973854 1.52110505 0.730185568 0.827079654 1.22805917 1.60593903
    1.60620272 0.971838951 1.07257116 0.854809642 0.739618003 1.04824686
    0.877207398 1.79887652 1.4418956 1.88540244 1.59327531 1.26901317
    1.45858788 1.2225852 0.818938911 1.48465657 1.13940787 1.04650724
    0.783756375 1.70849669 1.29251277 1.60128462 0.853370667 1.64814603
    1.2517091 1.14903045 1.0514338 1.29160058 1.35070479 0.946555972
    1.07171381 1.89709806 1.61131001 0.78745085 1.34350133 0.903548717
    0.925446033 0.873083472 0.993666768 1.37634909 1.32493234 1.82182765
    1.33978629 1.3435092 1.21878576 1.5933665 1.05279183 1.70479429
    1.07810938 1.46239102 1.0629003 1.28226316 0.97800523 1.67802083
    1.02093279 1.33846915 1.21580756 1.76543689 1.2846446 1.73260856
    0.881259143 0.790889919 1.7291441 0.894110918 0.970255256 1.40965557
    1.40243769 1.11883211 1.62292099 0.878062785 1.32464588 1.03812671
    1.50724995 1.7094599 1.49179602 1.26249564 1.07491922 1.2119031
    0.861767471 1.08061147 0.780392587 1.53509593 0.776425004 1.55309892
    1.24353051 1.46977353 1.04673684 1.55103028 1.13801026 1.21895075
    1.77293694 1.49612665 1.78855467 1.34888601 1.3384949 1.37224901
    0.815219104 0.803851604 0.891167402 1.58848107 1.09299922 1.13555694
    1.26089752 1.42653334 0.937515378 1.56700873 1.53509402 0.686324537
    0.890339077 0.910194218 1.53954887 1.68206191 1.24215937 1.80977106
    1.23624849 1.31860101 1.75466275 1.63133574 1.39373279 0.976964295
    1.03222489 1.38783252 1.58303988 1.75628328 0.888127029 1.59582734
    1.05531824 1.64289951 1.60462821 0.970431089 1.26979852 0.85205996
    1.30453348 1.40318584 1.11315548 1.64017963 1.42514706 0.962092698
    1.51847804 0.725150645 0.799878538 1.49626827 1.63634062 1.03204131
    1.73936176 1.28603208 1.75479496 1.16880393 0.837140858 0.822793245
    0.908391714 1.28824449 1.36121833 1.4977535 1.7088362 1.75553679
    1.25766253 1.4912889 1.53656971 1.28919375 1.33573282 1.71779072
    0.842070699 1.57952964 1.7190907 1.46580362 1.09276664 1.66826463
    1.23422992 0.831895411 1.2520932 1.17014229 1.77670527 1.6150701
    1.35863531 1.70085502 1.25563741 1.59130633 1.0865736 0.941611111
    0.766999841 0.6534307 1.34761536 1.457533 0.99836725 1.42019618
    0.990307331 1.03366005 1.42670774 1.75094831 1.46126115 1.52061987
    1.02724516 1.57242405 0.934472501 0.964601099 1.37423241 1.34381175
    1.10268605 1.03364563 1.34690928 0.945734382 1.38010764 1.27637792
    1.17627728 1.77600861 0.846551955 1.0692941 0.91930604 1.30025005
    1.22952676 1.47928572 1.17795491 1.36286569 0.873812318 1.4619348
    1.41830373 1.73505688 1.5602026 1.72912657 1.5548631 1.33052564
    1.14489543 1.4153831 0.678788602 1.3943553 0.591527164 1.49495113
    0.909771323 0.991491973 1.78070629 1.50084829 1.76462901 1.46596003
    1.19667721 1.47093415 1.44887531 1.50927234 0.729519486 1.29740071
    1.07286096 1.02037227 1.06389844 0.91754812 0.764776289 1.43179727
    1.6413449 1.25905633 1.19411933 1.32878888 1.28888524 1.57746923
    0.882868111 1.27323318 1.19813347 1.05356812 1.46491742 0.705177903
    0.7745983 1.19396865 1.45287478 1.49812841 1.78630567 1.35617065
    1.83944929 1.07179666 1.2914958 1.32354712 1.12042201 1.09940159
    1.71888101 1.60172462 1.25841951 1.35599852 1.33933222 1.49256706
    1.72297668 1.65662658 1.37022197 1.5321244 1.73374975 1.87297249
    1.28971159 1.24871337 0.961636603 1.5643003 1.32537079 1.17358863
    1.35368669 1.38344038 1.01716149 1.49205029 0.91606003 1.4003979
    1.46220231 1.33505535 1.13796246 0.875488997 1.34564161 1.42119277
    0.877954066 1.35801327 1.07987726 1.6903671 1.1470753 1.21289861
    0.962371349 1.49116898 1.28665674 0.866167426 0.833062112 1.59578967
    1.75461733 1.52825356 1.5744226 1.00857592 1.51244962 1.35817921
    1.3093797 1.35483575 1.29849792 0.931581438 1.41015077 1.07590508
    0.874841809 1.55160701 1.59611094 1.75765443 0.8705917 1.38813114
    1.84895158 1.65393102 1.18737853 0.990140378 0.876688778 1.58408093
    0.710355103 0.726749718 1.2118988 1.24486482 0.952214658 0.799063385
    0.83104378 0.85631597 1.41532695 0.945244014 1.68894482 1.43956614
    0.986219823 1.08186448 1.50747323 1.69838595 0.650776446 0.762114465
    0.756919622 1.19724441 0.760069847 0.86459142 1.61518395 1.27090418
    1.67563176 1.52892399 0.778934419 1.16725183 0.798956633 0.934257567
    1.45576799 1.61178327 1.5712564 0.978282809 1.04971874 1.13523161
    1.00206614 0.875399292 0.909698009 1.24759185 0.889430702 1.69733918
    1.41108131 1.53868163 1.20273614 1.71533442 1.52156651 0.881976426
    1.00059533 1.45705152 1.45190883 1.1214602 0.831688166 1.34422398
    1.73718929 0.883152544 1.32832885 1.18636405 1.05577862 1.58890343
    1.3112427 1.34221745 1.354316 1.29602325 1.63846505 0.857708991
    1.31044579 1.12561595 1.2113533 1.13736403 1.18758261 0.783285677
    1.65784478 1.14783561 1.64994669 0.848558307 1.11460543 1.05837297
    1.46359468 1.72491145 1.6551218 1.32376528 1.43687797 1.01525354
    1.26236987 1.2165488 1.57385528 1.50436366 1.75147688 1.75228322
    1.12755871 1.02257395 1.51362634 1.49170554 1.35956478 0.840435803
    1.07737279 1.23937321 1.09591675 1.14006531 1.41409004 0.930117369
    0.86109823 0.696748018 1.46011257 1.02929807 0.989676774 0.858318806
    1.68576705 1.22699738 1.30879354 1.26571226 1.37469506 0.839572191
    1.52983189 0.876648903 1.125916 1.03154278 1.26888299 0.887817144
    0.98890996 0.959449768 0.949453413 0.882631183 1.53042221
    0.845147252 1.27653158 1.18745613 1.57646978 0.934089601 1.56967664
    1.15020537 1.36069024 0.936150014 0.799514771 1.2880398 1.68045497
    1.4184953 0.898777425 1.02176189 1.62954509 1.3681612 1.14232373
    0.787699223 0.890483379 0.901281238 0.842940509 0.87895751
    1.39948118 1.24624288 1.33796322 1.14494336 1.6175679 1.3114059
    1.02865183 1.00311625 0.882032514 0.869640231 0.743079662
    0.705739975 1.29150712 1.44673383 1.00333095 0.919794142 1.09259617
    1.34182692 1.12854528 0.957834661 1.4527576 1.69889605 1.50849986
    1.24162292 0.925340414 1.62516069 1.15319657 1.46184504 0.836587369
    1.27328706 1.3508637 1.33051574 0.836208045 1.50749707 1.12419808
    1.69049692 1.78264856 1.89082837 1.37251234 1.08692324 1.1102469
    1.36572683 1.65593433 1.43959773 1.88599169 1.40927637 1.84334612
    1.66168201 1.15492988 1.44733489 1.23871899 1.5546819 1.25317907
    1.82619965 1.08572137 1.40120625 1.60648954 1.63426566 1.61302662
    0.981265068 0.917833745 1.12391472 1.13394034 1.42456543 1.67430866
    1.48349941 1.75214994 1.46073329 1.12971771 0.861512303 0.90990448
    1.41641688 1.69369066 1.00826371 1.44002032 1.59400165 1.08051372
    1.45038462 1.21136749 1.41030681 1.01992297 1.59956479 1.5733664
    1.44139671 1.74977243 1.22749531 0.94428885 0.816639423 0.806272089
    0.981029212 1.22885752 1.66173077 1.84197283 1.51275897 0.946889997
    1.0423075 1.14658415 1.20054114 0.827648997 1.0486691 1.31557369
    1.6463511 1.70521855 1.02628136 1.76454651 1.21881855 1.18885326
    0.642466128 1.0911752 0.734774649 1.00325191 1.08427525 1.63657081
    1.09886873 1.65657949 1.65799892 1.55156624 1.24224222 1.5433507
    1.05095935 0.883898377 1.6472789 0.96560514 0.807617068 1.01533842
    1.40442729 1.08737397 1.70469213 1.07977939 1.6896385 0.904324353
    1.63590181 1.39661169 1.29244971 1.04119825 0.868573368 1.41904902
    0.842025518 1.57740605 1.17959678 1.92889512 1.74471056 1.79103327
    0.836106598 1.48184073 1.26475203 1.65207493 1.61202312 1.67639756
    1.01904738 1.63622749 1.3161912 0.920537591 0.898140609 0.884497881
    1.27905548 1.25157106 1.62516475 1.61501861 1.51717281 1.05187666
    1.47930574 1.46351516 0.950915873 1.68002236 1.23744583 1.13891363
    1.30537331 1.36830544 1.31886744 1.66913295 1.38942695 1.25521243
    0.893899262 1.39156997 1.38523877 1.09377301 1.5488503 1.37854028
    0.80591917 1.13737583 0.967830658 1.62934494 1.60597694 1.32211804
    1.50977385 1.1939671 1.1508503 0.94729358 0.898907125 0.942794919
    1.44857931 1.32044017 0.929001868 0.859648943 1.10960829 1.2668184
    1.44267833 1.72848523 1.72641313 1.25500429 1.40127182 1.68475497
    0.994134247 1.27586555 0.942000151 1.52758455 1.36332762 0.766108751
    1.47711504 0.826701343 1.23695123 0.931742847 1.30101478 1.41855907
    1.68090725 1.07094598 1.55713069 1.59912002 1.40761054 0.98241204
    1.5377903 0.850562871 1.38341379 1.75075912 0.967285693 1.47749269
    1.0975014 1.3701694 1.62733746 1.53740799 1.76085234 1.8656801
    1.54876077 1.64065492 0.947746575 1.20680034 1.32450974 1.57247674
    1.45677388 1.0291034 1.62369311 1.38907814 1.80967009 0.99797684
    1.46561718 1.07082415 0.833174467 1.06414914 0.950968504 1.53620589
    1.35358286 1.08001935 1.49825096 0.864423871 0.968304694 0.847742617
    1.19181001 1.72606432 1.42473066 1.80655205 1.52516723 1.84177029
    1.41823971 1.5478164 0.79259479 1.46253741 0.927165389 1.19743991
    0.818512082 1.68047035 1.54316759 0.964340687 0.715454042 0.68708235
    0.998158634 1.25373042 1.74263477 1.0788281 1.59012544 0.983670413
    1.67941284 0.943963468 1.299667 1.18007505 1.22824132 1.34692276
    1.24381912 1.91603541 1.69447565 1.55102754 1.33616853 1.54657698
    1.46238506 1.84000039 1.36268497 1.59625852 1.17482007 1.39621079
    1.48911798 1.33655417 1.11351717 1.8525269 1.29196978 0.956842303
    1.08201253 1.35153735 1.36681283 1.7529273 1.83110905 1.75596499
    1.50436115 0.908799887 0.870624185 1.14917028 1.32310915 0.948375642
    1.2923665 1.29909861 1.19999671 1.71947157 0.872991025 1.16010821
    0.940170765 1.40825868 0.72347796 0.828854263 1.31925845 0.968221784
    1.66485512 1.5107801 1.19618022 1.61352491 1.52468753 1.43037379
    0.922319114 0.930693328 1.63120067 1.12246931 1.32698214 1.43802524
    1.77921033 1.6560837 0.846345246 1.43459272 1.03046679 1.09086668
    1.16109788 1.02048028 1.58727372 1.54093099 1.52048469 1.05709088
    1.31729472 1.08214915 1.53937817 1.33534169 1.23672438 1.40228033
    1.47966695 1.53034282 1.75865591 1.57101667 0.797794521 0.965376318
    1.30601299 1.06820953 1.01842046 1.46873629 0.88335371 1.71315479
    0.918338597 0.887201369 1.25781322 0.961778343 1.34221816 1.59338963
    1.43105245 1.28671658 1.73603427 0.850868881 0.978561938 1.62852585
    1.67610705 1.01781583 1.11006212 0.972040057 1.57952166 1.38779688
    1.50173974 1.02760184 1.50168395 0.748182893 1.29688466 1.80361247
    1.39572716 1.809798 0.833903134 0.867298007 1.71105659 1.31595373
    1.72474194 1.48297954 0.912454605 1.55747855 1.30983913 0.875469446
    1.15150821 1.11794424 1.63644731 0.886942387 1.70076811 1.49645495
    0.894880176 0.77813828 1.20296538 1.64306438 0.7985906 1.59722078
    1.33118534 1.17266333 1.11043227 1.44283319 1.14191628 1.27652371
    1.60520422 1.88242638 1.16754615 1.55244255 1.5952363 0.879396021
    1.05654597 0.831235707 1.29660547 1.37322879 0.9284181 1.45819223
    1.20566869 1.44844747 1.06622612 1.10749257 0.995089352 1.52738428
    1.58246732 1.01720715 1.23801637 1.01582634 1.56316209 0.92721951
    0.885485053 1.03812528 0.995496988 1.37593591 1.57133114 1.29323912
    1.7562784 1.53500676 1.00080276 1.38053405 1.50130725 0.762532771
    0.955131769 0.6417647 1.50232828 0.814239204 0.710692525 1.66309702
    0.960938454 1.26422715 0.920952916 1.55233324 1.79750049 1.31428063
    1.24218357 1.00989449 0.69153291 1.45501375 0.761612713 1.15382874
    1.05653524 1.43794322 1.36063921 0.964304149 1.00757134 1.35123324
    0.805995643 1.11197197 1.50248098 1.54518759 0.92071712 1.3804301
    1.1254971 1.01518452 1.51823163 1.31952572 1.12275088 1.73365283
    1.13563967 1.79191959 1.14175248 1.79458261 0.999468565 1.49957895
    1.29698348 0.794312477 0.949946344 1.1880281 1.10005069 1.10851359
    0.717452943 1.35006738 1.11104929 1.51997375 1.27021027 1.22452343
    1.32915366 1.71979201 1.47533488 1.33712423 1.57123911 1.49595368
    1.33690798 1.33402276 1.46319938 1.27207696 1.23510075 1.47420025
    1.33602095 0.81815356 0.977731466 1.27937531 1.16765285 1.33528078
    0.740651906 1.43841958 1.01533389 1.48534989 1.56953907 0.965834856
    1.60057938 0.949734986 1.53222466 1.48472869 1.39306664 1.47040391
    1.71990335 0.894882798 1.76611578 1.45591044 0.88796109 1.83239198
    1.39031303 1.60196435 1.65746975 1.7649349 1.82480752 1.54887187
    0.954228938 1.76515734 1.38159418 1.47572613 1.31239152 1.40246916
    0.990722001 1.32416928 1.17228115 1.79822409 1.54814005 1.66373515
    1.7417109 0.960542262 1.1479578 1.38979149 0.90581423 1.19345665
    0.934203386 1.3976841 1.70747626 1.25413394 0.832367241 0.693765461
    0.647225082 1.30725002 1.20256901 1.19656372 1.72833431 1.00627124
    1.19551492 1.00936401 1.17311251 1.66733515 1.62193394 1.5935328
    0.783456922 1.56082618 0.963810027 1.04827607 0.975110352 1.47724545
    1.48090351 1.27301478 1.66608608 1.48726892 1.46064413 1.88090444
    1.70267141 1.6168766 1.05146873 0.693953454 0.90444237 1.30711687
    1.65773213 0.993188143 1.11475372 0.872373343 1.19833684 1.5456599
    1.16727686 1.01926398 1.19605517 1.03874075 1.12894309 1.78178155
    1.19796896 1.57209504 1.11626399 1.70991051 1.82221055 1.54517484
    1.36050367 0.932507992 0.930942178 0.908969223 1.10071301 0.97889787
    1.62894368 1.148821 1.71803606 1.71062434 1.30870831 1.77653348
    1.07598996 1.22203517 1.39790392 1.15332615 1.02290642 1.11139536
    1.39336181 1.19562054 1.15503073 1.6968956 1.5383333 0.972995162
    1.53331971 1.1008929 1.29348361 1.66107571 1.38049686 1.47405636
    0.869459808 1.25381601 0.842823625 1.75259244 1.59050608 1.42160022
    1.22214925 1.68576777 1.71186984 1.30556726 1.25100744 1.30057871
    1.41286528 0.908528984 1.28935909 1.72668207 1.70887518 1.1784234
    1.41014588 1.00904679 1.5330193 1.31434381 0.916839302 1.06166291
    1.87528014 1.61184072 0.969120264 1.15955746 1.01676333 1.31643713
    1.41053081 1.42235577 1.26860261 0.970366776 1.59408641 1.78900743
    1.07204103 1.25858092 1.07227182 1.35518956 1.25140119 1.67077386
    1.32722616 1.369596 1.42116714 1.17048621 1.68498099 0.72386992
    0.982077897 1.38886821 1.62519336 1.44469929 0.997266948 1.78914595
    0.995984137 1.29114389 1.56969321 1.61837697 0.823329151 1.06940889
    0.876945555 0.858216345 0.880517244 1.36864626 1.04507077 1.71806705
    1.58782625 1.28895211 1.5314213 1.61649108 1.48240936 0.716095924
    1.05090249 1.29752958 0.733207226 0.972476602 1.50670314 0.997976959
    1.83252132 1.67839217 1.32816327 0.859380126 1.53734994 1.87970567
    1.04714918 1.60429168 1.44149399 1.8016187 1.18519974 1.7900418
    1.62462986 1.66219127 1.33058691 1.03299105 1.27934086 0.850610375
    1.65058386 0.904902995 1.5754602 1.05806601 1.50931013 0.811514676
    1.38990331 1.32710099 1.5832777 1.65410638 1.05474722 1.77419233
    1.36060452 0.977698207 1.82506216 1.64813864 1.52962649 1.72215557
    1.52078068 1.42119873 1.38418877 1.76885808 1.84552145 1.29392469
    1.29857028 1.4211489 1.74760401 1.30099595 0.849120915 1.02605557
    1.00759816 0.819411337 0.932554245 0.67541492 0.833701253 1.29184663
    0.872684538 0.878271282 1.0453018 0.76430738 1.51721442 1.13543808
    1.14898658 1.72183645 1.37250352 1.29526043 1.25225461 1.5268147
    0.960159898 0.869275153 1.74908984 1.1481626 1.88551748 1.68530297
    1.31840169 0.958597183 1.14049292 1.58465838 1.30542731 0.983164132
    1.48467207 1.14764893 1.42340791 1.45430863 1.70662129 1.77703595
    1.47454333 1.86868536 1.12545753 1.6718775 1.27833915 1.74680722
    1.47000015 1.04462111 1.04184735 1.19083142 0.662474275 1.31038237
    1.06745958 1.13295841 1.006791 1.13467014 0.801239431 0.855145574
    0.928642452 1.49251974 0.867679179 1.1783464 1.0919435 0.798412502
    1.26623929 0.859893382 1.66733038 1.55021429 0.86287415 0.836659372
    0.90198493 1.32407022 0.966938198 1.39819396 1.68748283 0.948334634
    1.11479533 1.14374423 1.74254274 1.73888481 1.59149253 1.22537851
    1.32376516 0.886135161 0.893497825 1.66879129 1.5779562 0.886416972
    1.54997408 0.788338661 1.46500671 1.65606856 1.23888028 1.86418688
    1.65841734 1.8996954 1.72388554 1.75573373 1.88804293 1.11480069
    1.38284111 1.80818903 1.56251037 0.900143802 1.52635109 0.949545979
    1.71305847 1.40370011 1.75916171 1.25447714 1.10481775 1.33537889
    1.58627796 1.29427898 1.23836458 1.5102663 0.959972978 0.875852048
    1.58821583 0.85065645 1.56657791 0.880988061 1.01900804 1.13598764
    0.762516677 1.28878045 0.871956348 1.51246071 0.992478311 1.16436899
    1.667274 1.31755054 1.69324207 1.24889135 1.19157052 1.74582303
    1.24943781 1.84276354 1.48892808 1.36781406 1.77354681 1.4970957
    1.68968213 1.2751075 1.70903778 1.25232387 1.21937191 0.921337247
    1.39201891 1.08022046 1.71410668 1.39602363 1.25332999 1.64848864
    1.56424356 1.323035 1.26840711 1.6720928 1.6696949 1.56371939
    1.89328885 0.956742525 1.35460865 0.853582799 1.34959531 1.43408918
    1.32872832 1.84557092 1.7275089 1.16729999 1.05918443 1.6743257
    1.28453398 1.112692 1.66849613 1.78901851 1.47689664 1.51849067
    1.41865778 1.21254838 1.02616405 1.18694603 1.11380804 0.778333962
    0.760469258 1.17937541 0.793505549 1.40600979 1.23215353 1.85978973
    1.05797815 1.72417867 0.842826247 0.985050917 0.848652065
    0.712274253 1.60517097 1.36545348 1.30044162 1.74250841 1.13682103
    1.56566608 1.09352672 0.77994293 0.89945519 0.811319888 1.15617347
    1.24415457 0.915842712 1.06809258 1.40971303 1.19368839 1.36150563
    1.05536234 1.61453784 0.931622207 1.07219326 1.37886047 0.923946023
    1.30200779 1.57227564 1.33526897 1.32350957 1.24997485 1.57113016
    1.63644695 1.80711079 0.995096982 1.42599714 1.32846272 1.40650451
    1.55321121 1.27429485 1.79234636 1.1883477 1.55864716 1.56787169
    1.19493771 1.00940335 1.36014652 1.23310196 1.09002352 1.81657648
    1.81419623 0.952072322 1.77658927 1.52628708 1.85317051 1.76109505
    1.3827945 1.59150004 1.86696732 1.55485594 1.07331836 1.76435363
    1.59400773 0.8909868 1.47252214 1.13307035 0.842818558 0.917619467
    0.785697103 0.951285362 0.863809407 1.39391923 0.691902995
    0.927010775 0.688857913 1.02666652 1.63203609 1.09589148 0.821939111
    1.76444507 0.821594775 0.848868966 1.59123909 0.863592505 1.44903326
    1.22221541 0.809020102 1.17651272 1.53529572 1.46136093 1.75273371
    1.68075633 1.82472515 1.47417939 1.29020536 1.06351447 1.59811056
    1.76468587 1.05942655 1.22496152 1.08917606 1.09729815 0.906872749
    1.68788731 1.55175579 1.77521539 1.84078252 1.04642522 0.95988965
    1.78865206 1.4883436 1.28521538 0.673452079 0.910488486 1.40416265
    1.13979256 1.75262046 1.65103662 0.992559135 0.904814184 0.948219895
    1.35696363 1.32438517 1.54673004 0.899585307 0.826753974 1.49373019
    0.954380333 1.53797948 1.65999734 0.979598522 1.40649056 0.929174364
    0.867089272 0.977179766 1.48604441 0.91268152 0.968841493 1.33373952
    0.933954 1.63215852 0.98259151 0.995772362 1.1888175 1.12333775
    0.623877227 1.25675797 0.72116667 1.16325808 1.79090691 1.78397501
    1.31779563 1.05206585 1.3569479 1.41368937 1.32421732 1.80736697
    0.911512315 1.53372526 1.53028643 1.64013398 1.03042555 1.5904721
    1.36381638 1.48288667 1.24775279 1.73320413 1.31951249 1.30840755
    1.31912065 1.62124157 1.42948461 0.852831602 1.64937317 1.61909497
    1.31943429 1.7586112 1.07934916 1.72284842 1.77690434 1.67489564
    1.44622493 1.67850935 0.970944822 0.811864018 1.03356993 1.18557835
    1.00438404 1.10518491 0.767219305 1.06106555 1.45753813 1.04703248
    1.86811316 1.84732354 1.72349393 1.513502 1.32019246 1.71730089
    0.980447531 1.16260707 0.957992852 1.57661521 1.15190995 0.919127285
    1.06707025 1.19018865 1.59184039 0.980151296 1.24600673 1.67368889
    1.62388659 1.45084727 1.7594316 1.82158673 1.31446409 1.34516501
    0.888740063 0.864986062 1.73318946 0.895145655 1.34880805 1.77523196
    0.978025138 1.46691608 0.980913341 1.08446515 0.890549541 1.35619903
    1.93169415 1.77872086 1.66127002 0.974734306 1.46035445 1.64508331
    1.78680134 1.02953446 1.0970372 1.10787237 1.698331 1.17931724
    1.45931673 1.36961377 1.86333621 1.74659503 1.76936233 1.22503674
    1.5575211 0.92850399 1.57943165 0.781740248 0.858389556 1.41510415
    1.21302927 1.59969187 0.994667709 1.68140769 1.4962889 0.873364925
    1.01517856 1.54647875 1.63740957 0.990224838 1.3724314 1.29981172
    1.69317532 1.35223806 1.23867822 0.915515542 1.53352487 1.17907405
    1.45121062 0.930592477 1.49743378 1.34627175 1.11289346 0.946674168
    1.47648191 1.7187531 1.76649857 1.58314514 1.71389246 1.1245749
    1.44389105 1.00605631 1.44537401 1.57286787 1.46882093 1.01397729
    1.30849242 1.39499998 0.823089898 1.24216843 1.01543021 1.28418839
    1.22277939 1.11526906 1.20888579 1.59264219 1.76669228 1.51157796
    1.76978564 1.63727808 1.84586453 1.50557268 1.5957551 1.63792014
    0.880601168 1.55225992 1.83686137 1.67676902 1.20754707 1.54964721
    1.28252935 1.78962588 1.54886734 1.62019444 0.92492336 1.24899828
    1.59778404 1.61213613 1.24706137 1.7182368 0.952979326 1.41904855
    1.40165675 1.28072083 1.32019591 1.06211138 0.835880339 1.5873543
    1.4813565 1.45731509 0.981108785 1.07679236 1.0469681 1.57695222
    1.55358136 0.928037345 0.885293424 0.771906853 1.30899513 1.61307275
    1.01960921 1.13996303 0.950798035 1.44875777 1.27133393 0.973633528
    1.40021145 1.74316144 1.14012396 1.85335231 1.5135206 1.1000905
    1.38992071 1.59120619 1.31656671 1.77833295 1.51045048 1.24042666
    1.16317821 1.73369622 1.35247612 1.6233995 1.13549352 1.17243707
    0.997222543 0.58651942 0.691162705 0.611320078 1.4691968 1.03535485
    1.15615535 0.971297741 0.974994719 1.60419393 1.13714445 1.13196325
    1.21969163 0.834990978 0.750781298 0.643159151 1.02770472 1.34621406
    1.23733425 0.851713359 0.930851758 0.857848942 1.29402518
    0.684244692 0.716920972 1.02800143 0.817082345 1.51748586
    0.832590163 1.3722899 1.39203072 1.19483912 0.842963338 0.96026957
    1.24899793 0.7726897 1.50279367 1.54147339 1.53145814 0.839874744
    1.697487 0.736350536 1.4354465 0.888889313 1.72743392 1.46424615
    1.53956401 2.06557226 1.95264781 1.93558502 1.33294892 1.58267283
    1.56707311 1.52059138 0.893345714 0.817170322 1.3845557 0.867343724
    1.32475221 1.30901718 1.15014029 1.75895381 1.10109985 1.39555037
    1.35637403 1.74519181 1.83973825 1.60089815 1.74820125 1.18531978
    0.727404475 1.29950297 0.841527998 1.53911567 1.45225227 1.40798712
    1.35104346 1.46080649 1.05983829 1.26608431 1.58178926 1.73745549
    1.48956203 1.72772026 1.95389068 1.70689976 1.66687775 1.65712106
    1.277547 1.6996429 1.20586598 1.84932363 1.09583592 0.93351233
    1.42123532 1.12656283 0.802425683 0.85273695 1.41638565 1.68542743
    1.73543739 1.4308145 1.19623113 1.65661395 1.70971358 1.59836555
    1.05526447 1.32478547 1.62163901 1.09973407 1.88151336 1.79011071
    1.73849177 1.43946922 1.15290964 0.75171566 1.2689966 0.89837873
    1.62623334 1.76858127 1.12217045 1.81305349 1.85853505 1.70291841
    1.04229927 1.73224449 1.17219496 1.77681029 1.76143336 1.29083204
    1.66136205 1.82821441 1.28616858 1.80430305 0.909980953 1.3941083
    1.47377753 1.14714694 0.685795188 1.12995601 1.3169986 1.4930793
    1.74596572 1.2216301 0.898771226 0.902092457 0.883933544 1.75309062
    1.44159067 1.00524759 0.956019819 1.30542505 1.10695946 1.17328453
    1.46080852 1.64674079 1.36758375 1.26646626 1.71032286 1.69627869
    1.83975172 1.50515032 1.2853086 1.67628574 1.15735948 0.904109836
    1.63259196 1.63590801 1.45224166 1.38881934 1.18321288 1.46398365
    0.974405527 1.1423496 1.27169871 1.43615067 1.23056829 1.72865105
    1.38480127 1.35981762 1.05872226 1.35313916 1.63023567 1.79876339
    1.29403126 1.30416477 1.43609834 1.56354439 1.22215295 1.47042811
    1.57767725 1.78545296 1.89683402 1.73264718 0.949002564 1.30759966
    1.44061387 0.963598967 1.02788877 1.49290872 1.10183048 1.88297045
    1.75165248 1.76532876 1.46968484 0.970507741 1.12062287 1.12236094
    0.930612266 1.58628297 1.39397788 1.59567511 0.998063147 1.18438971
    0.864074826 1.76646078 1.82782996 1.41467381 1.01908171 1.03004181
    1.22487485 1.77120638 1.62506068 1.72741449 0.826308846 1.15487421
    1.77522981 1.5416069 1.8654294 1.44687259 1.66241074 0.961270154
    1.07986617 1.02965653 1.27397048 1.64193666 1.61458552 1.07080972
    1.76954865 1.7885524 1.65925276 1.71128643 0.899700224 1.70473695
    1.43339562 1.22761178 1.53326178 1.74304199 0.851885736 1.02760243
    0.914107144 1.33843815 1.09957874 1.39148915 1.47281277 1.10423708
    1.10023427 0.704283595 0.824057043 1.12602937 0.874558449 1.04759562
    1.58832741 1.79361737 1.05515337 1.61621773 0.973698497 1.3449235
    1.42620122 1.18860006 1.41849911 0.724469662 1.25990927 1.49982977
    1.68845761 1.12415028 0.791527152 0.788946629 1.3042264 0.980653942
    1.16394114 1.12162757 0.827347398 0.996728122 1.0780704 1.00914538
    1.5684284 1.05116057 1.39855206 1.00947869 0.772243261 0.821719289
    0.844390571 1.60682404 1.13134837 1.34513855 1.15760982 1.25526357
    1.06936193 0.999294043 0.974689484 1.57081139 1.64852726 1.72894275
    1.32921576 1.64398038 1.01006258 1.6809473 1.74825823 1.03155899
    1.79511929 1.65224779 1.66221571 1.50193143 1.84633124 1.17070174
    1.67803192 1.87071037 0.967657089 0.994027853 1.72982728 1.6690073
    1.2380811 1.31684029 1.74626231 1.06036854 1.60252631 0.811139524
    0.967339277 1.60112834 0.934389234 1.86635375 1.76399648 1.70370841
    1.16155827 1.08920121 0.91298759 1.58373833 1.95563126 1.85690963
    1.76845133 0.977498174 1.74315143 1.28541708 1.19124532 1.71481514
    1.17737305 0.75631988 1.40842664 1.54260707 1.68220401 1.59048367
    1.16454875 1.12334657 0.89241612 1.67346442 1.22606528 1.2309103
    0.925512135 1.02341878 0.922676742 1.38880682 1.87777412 1.0780201
    1.42925036 1.52476442 1.20980263 0.90461123 1.78564858 1.01298058
    1.13937736 1.11434329 1.15268886 1.82121944 1.64422452 1.16221869
    1.58813369 0.968671739 0.975467861 1.55592012 1.84854674 1.70084393
    1.81808734 1.38926673 1.65368557 1.49986887 0.951283574 1.07203889
    1.71075881 1.92117286 1.67308033 1.4629178 1.09331524 1.03797042
    1.2586484 1.20383251 1.68183148 0.886804581 1.18555605 1.40252447
    1.47076404 1.61571109 0.93484807 1.11217928 1.38112199 1.4460007
    1.40302527 1.3556267 1.43899703 1.57925665 0.940407097 1.4085263
    1.62670958 1.46534371 1.41168225 1.46795952 1.44496226 0.970095217
    1.6857574 1.05391634 1.74905467 1.65401769 1.11328995 0.994109392
    1.68744326 1.74167538 1.41103494 1.59182978 1.69206285 0.920633733
    0.783815801 0.761095941 0.857058644 1.00227964 1.74024856
    0.815091372 1.25553489 1.39433742 1.50325119 1.48389471 1.75008821
    0.901173711 1.27402008 1.52002156 1.86449111 1.60043371 1.69468367
    1.71529794 1.95735013 1.17298841 1.39377511 1.26362288 1.44276905
    1.15429711 1.39331758 1.67344964 0.836601555 1.20207298 1.74568188
    1.35205126 1.69949603 1.15668237 0.826449454 1.24312222 1.19505084
    1.85046744 1.71722949 1.76445317 0.861195564 1.22991812 1.53220129
    1.2833885 1.71271682 1.74948668 1.81273174 1.81502032 0.878357768
    1.59448183 1.66263235 1.77235925 1.53629506 1.75290763 1.60917759
    1.2857368 1.68240607 1.14957976 1.21220529 1.32415414 0.790693164
    1.01786077 0.974355996 1.06442392 1.71110022 1.91224897 1.12278128
    1.67786384 1.15640867 1.76003194 1.32589638 1.20300674 0.977041364
    0.762146235 0.847365141 1.61576104 1.0051471 1.61203742 0.702638209
    0.682824314 0.718013108 0.843578458 0.779000998 1.02699542
    1.22744727 1.06366277 1.08056879 0.704513073 1.58704925 0.981838405
    1.41225779 0.96915555 1.1955111 1.18257689 1.19030762 1.14649987
    1.569731 1.54169476 1.38104534 1.17017806 0.752863288 0.964091122
    0.789685011 1.3769871 0.732871532 1.15142369 1.04778528 1.49345279
    1.20110977 0.747090816 0.930531204 1.05131042 1.31541491 0.864477694
    1.55904639 1.07074571 1.20145404 0.577647507 1.20889652 0.825452209
    1.53623831 1.37433088 1.07241035 1.04769003 1.35297298 1.15567422
    1.04750752 0.813830912 1.84917724 1.36066556 1.66877663 1.98988807
    2.01009083 1.10507345 1.25632894 1.70122504 1.08490825 1.21362269
    0.842555285 0.897734463 1.52772307 1.1499908 1.43738186 1.44430804
    1.85824704 0.943860531 1.35383642 1.62922645 1.1545223 0.908356428
    1.10148573 0.869802713 1.05118012 0.922405243 0.946179032 1.0705893
    1.0827204 1.5687145 1.56306112 1.21226811 1.80425513 1.89245284
    1.48576772 1.87649131 1.84859395 1.84858084 1.61367166 1.66201413
    1.17697227 1.19657767 1.64899015 1.19222522 1.66390419 1.53652251
    1.63953483 1.45140123 1.42617977 0.975313723 1.7367506 1.01958072
    0.985218346 1.03695941 0.74483186 1.24441564 1.5807457 1.75683033
    0.91827476 1.14311409 1.29692042 1.71427011 1.77826393 1.89117455
    1.49840176 1.37634814 1.41037369 1.55016577 1.04575789 0.922184885
    1.04272687 1.76308286 1.59813178 1.53297448 0.987563312 1.10578561
    1.22009397 1.15753543 1.28757751 1.87481153 1.17592919 1.73011565
    1.18361998 1.67062938 1.1358918 1.54424763 1.45845985 1.30198383
    1.75415576 1.18430364 1.56612182 1.36777723 1.40680707 1.16446018
    1.15418482 0.817655206 1.51259005 1.7842015 1.31827438 1.39405191
    0.994311452 1.55508482 1.00927091 1.13087118 1.13417244 1.72657871
    1.63837695 0.947182894 1.37577057 1.31356192 1.80629265 1.21290267
    1.36503339 1.45559978 1.39167881 1.59708726 1.84697258 1.51793504
    1.60945487 1.09189844 1.17524529 0.916346669 1.38994336 1.00066495
    1.66216767 0.865925372 1.09031618 1.48629522 1.66483021 0.735489547
    0.926836193 1.49172008 1.4397831 1.45551991 1.70422995 0.847848713
    1.65907466 0.762978077 0.920262396 1.32094693 1.70362592 1.4664129
    0.879673958 1.39924181 1.72537148 1.8890022 1.5230124 1.10201955
    1.77122915 1.79251981 0.954460621 1.2101891 1.23282945 0.78635484
    0.76212877 1.19046378 1.23357975 1.26520181 1.13387072 1.3980546
    1.57267177 1.78357232 1.64349389 1.37274253 1.50637496 1.63735747
    0.908134162 0.95568043 1.61696541 1.63577473 1.34140325 1.7904712
    1.41062844 1.21409333 1.52604449 1.66431105 1.26636684 1.54858887
    1.27471352 1.5648545 1.01507497 1.16467273 1.86700976 1.23250949
    1.72190619 1.6707288 1.77386129 0.854265809 0.77871418 1.49766374
    1.15616918 0.974200666 1.59428632 1.39786375 1.65467787 1.23329031
    1.45363402 1.23839259 1.06440067 0.760879636 0.640702665 0.881830037
    0.720959723 1.71183109 0.983127654 1.24748588 1.11768436 1.16163206
    1.28859401 0.913951576 1.49074948 1.06076097 0.851302683 1.09959543
    0.890482605 1.01667917 1.03266072 1.36821735 1.72089207 1.59170675
    1.05464017 1.34195483 1.65372467 1.38241768 1.37913167 1.35865653
    0.866827905 1.70266795 1.67951441 1.27357817 1.27061582 1.10092604
    1.18265605 1.31908214 1.620314 1.24771917 1.67562842 1.25951886
    1.31936884 0.799860239 1.40573311 1.83719468 1.61063266 1.24103546
    0.844766974 1.5796839 0.717777193 0.970907807 1.57193208 0.835021257
    1.17509151 1.24650002 1.64094937 1.62038958 1.02649796 1.08473456
    1.32512712 1.63934493 1.87730229 1.45415139 1.84153986 1.76720595
    1.59564686 1.79136527 1.28886032 1.80541921 0.886921406 1.86373782
    1.49655545 1.30338466 1.15390098 1.68549168 1.27018082 1.71978676
    1.23167694 1.77686095 0.935871005 1.53941488 0.701805055 1.61107886
    1.5101645 0.785163581 1.61001301 1.66796899 0.864975691 1.57710218
    1.93126369 1.60730505 1.80836046 1.75790417 1.07219446 1.78823245
    0.951542258 1.36581123 1.76366961 0.935478747 1.78844965 1.62915695
    0.907386243 1.49434578 0.918822527 1.11978626 0.918223679
    0.982497036 0.995625615 1.12314618 1.63006365 1.17846346 1.5524956
    1.53154385 1.31070471 0.972003758 1.30473387 1.22703457 1.26642632
    0.834461033 1.44706631 1.53644347 1.33336353 1.61326408 1.61726093
    1.75154948 0.902709603 1.57545948 1.48221922 1.84330094 1.34795105
    1.33357704 1.74144816 1.33981383 1.64961255 1.47372091 1.2377007
    1.28846931 1.1799252 1.65480006 1.74815238 1.33241904 1.32707357
    1.23039114 1.00661504 1.56955802 1.35170221 0.797412157 1.29734433
    1.10977733 1.7504009 1.40766072 1.02984226 1.14159048 1.30081511
    1.25464725 1.13614964 1.27385497 1.83905768 1.04065108 1.30059338
    1.17890012 1.34924376 1.07926667 1.33128095 0.811578751 1.13366902
    1.11759031 1.10757983 1.54447269 0.915342152 1.58319175 1.07589114
    0.790111303 1.05026126 1.31625223 1.32664478 1.73342586 1.53227627
    1.47659719 1.87448812 1.19245303 1.8583045 1.43727577 1.12846947
    1.06624925 1.46023798 0.964356244 1.50368512 0.96033293 1.36510193
    1.00500226 1.13347459 1.52827609 1.54600489 1.75322437 0.986602426
    1.09970224 1.32502234 1.71236539 1.50977528 1.08376265 1.85082245
    1.83866501 1.34113955 1.44248152 1.884413 1.74859297 1.30307782
    1.17165005 1.52326214 1.1447103 1.22702217 1.00701368 1.02880132
    0.929299414 1.04845166 1.21176863 1.75296009 0.948252022 1.74396253
    1.02149165 0.947889149 1.21132982 1.37748742 1.02865005 0.989811897
    1.41931808 1.55609953 1.48032284 1.04240596 1.34352756 0.897096395
    1.02530193 1.51862121 1.14987743 1.61372459 1.42549324 0.959709108
    1.69749618 1.62183309 1.6801939 0.853752971 1.09173262 1.44961977
    1.14865696 1.15256846 1.12503266 1.63215339 1.02311468 0.784339786
    1.60061109 1.55004323 1.32002962 1.83044219 1.52125108 0.900258005
    1.05765986 0.65303129 0.699900091 0.794058084 0.837686419 1.00839078
    1.19712257 0.901178896 1.20355499 0.70649749 1.15432692 0.903846323
    1.51289105 1.10588157 1.47608423 1.21311128 1.13334775 1.32532203
    0.917048395 1.65985215 1.05042732 0.955702662 1.02362013 1.38038063
    0.890127003 1.55305672 1.82609689 1.62843299 1.84179318 1.40814245
    0.886288702 0.981520176 0.979364216 1.03430629 1.71023941
    0.907447219 1.20444703 1.6704303 0.88288939 1.18205762 0.95498544
    0.814526618 1.79647863 1.70464456 1.18140173 1.55380499 1.52667594
    0.986128271 1.25644445 1.0899905 0.761735976 0.778327644 1.00153816
    1.42852175 1.57659769 1.66711342 1.19592619 1.56571317 1.5593524
    1.36893499 1.34145856 1.78960741 1.11911225 1.85667896 1.55374944
    1.78262055 1.46727705 1.53467059 1.73897481 1.40993285 1.13701165
    0.956787348 1.10813153 1.52911818 1.77099693 1.75651371 1.57488322
    1.47575831 1.52444923 0.836300671 1.05045915 0.640228927 0.778034627
    1.37476468 1.48699546 1.39839649 0.90360564 1.73144174 1.53960884
    1.87626946 1.88904357 1.06472421 1.02535999 1.84633207 1.48353958
    1.55370843 1.47329664 1.06706095 0.993459821 0.986063302 1.45841932
    1.30421424 1.84569252 1.57514358 1.01777291 0.750022054 1.12048793
    1.28891075 1.31362426 1.70473313 1.17442882 1.50162053 0.831487894
    1.19927049 1.32850718 0.811145723 1.23102117 1.20504689 1.70176148
    1.35529113 1.3039881 1.76345229 1.61543417 1.1075505 1.64434707
    1.35731721 1.82550693 1.30695462 1.43828261 1.68993258 1.6068449
    1.45911145 1.63163173 1.54361272 1.51434648 1.19382477 1.46042955
    1.84291148 1.15067899 1.78638995 1.50674701 1.03853047 1.00019431
    1.38738596 1.01386058 1.16410315 1.59559178 1.45020843 1.3171227
    1.55455351 1.0542655 1.01836944 1.38953161 1.50149596 1.07734835
    1.83246028 1.50170302 1.94081151 1.50530851 1.70307112 1.02987456
    1.68766356 1.01054788 1.31539726 1.38606441 1.5072962 1.6681962
    1.75822461 0.913535178 1.41716599 1.02679527 0.870195627 1.25020027
    0.716021836 1.10919952 1.0510633 1.31898367 1.62516427 0.856535733
    1.39842641 1.51968515 1.79200697 1.33235633 1.53116989 1.66359103
    1.06704676 1.13116741 0.857835889 1.04636967 1.06572616 0.827154517
    1.40307522 1.34443021 1.64185619 1.40427375 1.36183596 0.784673989
    0.855648279 1.23019481 1.8334136 1.11879683 1.87018824 1.19985795
    0.924848676 1.75895345 1.21307933 1.46522212 1.07985151 1.71512127
    1.09032595 1.67757857 0.777988851 0.841454148 1.60725117 0.920891404
    1.25006938 1.05555379 1.45973563 1.82189548 1.16549706 1.50435257
    1.27737975 1.62028348 0.782888234 1.52979028 0.731859565 0.969019413
    1.69712305 1.18045795 1.49720037 1.56597471 0.870101154 1.1615001
    1.56749296 1.16186333 1.4326247 1.3767221 1.53821814 1.65531075
    1.18920147 1.34051251 1.45831525 1.3503803 1.35142469 1.28247035
    1.64063752 1.04668117 0.819755256 1.42347431 1.73337436 1.05266929
    0.843829393 1.51849759 1.58159208 1.6641376 1.2329731 1.27590287
    0.804604411 0.767224669 1.30424249 1.63591301 1.64157319 1.28588903
    1.27298951 1.50175428 0.945142984 1.61878204 1.56966197 1.70730484
    0.831402242 0.813035905 0.650430083 1.42852998 0.947606146
    0.782126307 0.746720254 1.24353516 1.62201738 1.3071996 1.43770933
    1.11939728 1.30778658 1.74129403 1.31654692 1.47568953 0.826156795
    1.12401307 1.5120908 1.19320631 0.805541337 0.882046938 1.57734287
    1.51359963 1.36127543 1.30139327 0.910912693 1.09664309 1.45355809
    1.80045795 1.37703574 1.6883781 1.45261967 1.39636552 1.32957721
    1.47068608 1.35309684 0.834281981 0.706242502 1.49463487 0.835177958
    1.76937771 1.05623722 1.11219537 0.832430959 0.816680431 1.13614666
    1.54853642 1.1131115 1.80733645 0.921476603 1.58169007 1.03365612
    1.14673913 1.26357818 1.49724889 1.74918771 1.9190557 1.51685286
    1.84722376 1.25851464 1.10933828 1.83800805 1.45769072 1.53608131
    1.08821511 1.34064591 0.783253372 1.09100831 1.34773755 0.756507695
    1.73025727 1.00705206 1.04044819 1.44822133 1.5692414 1.8598454
    1.86433232 1.70034254 1.40307355 1.02479827 1.36969137 0.834457159
    1.41506445 1.30128169 1.68354297 1.53798521 1.79557145 1.26808393
    1.6340903 0.874443173 0.718910158 0.880088389 1.18271506 1.43653786
    1.604424 1.83145559 1.34351408 1.65576625 1.7414465 1.71879268
    0.984002352 0.760645986 1.18422663 1.6929493 0.866192877 0.992048383
    1.41361344 1.17644095 1.1659739 1.30714607 1.24871194 1.71352458
    1.7857691 1.3912518 1.83477008 1.11526763 1.59884536 1.44860125
    1.4095068 1.29277527 1.55350769 1.802948 0.985270381 1.77609563
    1.56060421 0.835472584 1.45914006 0.946069419 0.760003328 1.51353216
    0.935878873 0.881613553 1.03352213 0.955076635 1.45946848 1.50966108
    1.3108573 1.5199858 1.28904665 1.22570896 1.22832251 0.932008326
    1.76086342 1.74413633 1.52824783 1.53999209 1.06246376 1.64968371
    1.47953856 0.939478219 0.860093355 1.15295565 1.64827919 1.61560893
    1.50568545 0.858086646 1.45488453 0.716997802 1.42159569 1.2898562
    0.995735168 1.05314553 0.913711607 1.69761181 1.53400874 1.96708798
    1.77597976 1.1802628 1.26089597 0.80404824 1.23214281 0.89680469
    1.10345054 1.16142452 1.62471628 1.54447389 1.26259398 1.01825273
    0.923906803 0.799142659 1.23117244 1.15196979 1.73534858 1.05862713
    1.5979774 1.71420705 1.850209 1.09380114 1.84581113 1.83351254
    1.85301614 1.82271576 1.79221737 1.17201877 1.18820524 1.06428277
    1.58891201 1.7526195 1.2459929 1.16441119 1.25818264 1.65446711
    0.793697417 1.24911511 1.19491279 1.57973242 1.81314731 1.37681735
    1.70967042 1.07314181 0.820579648 0.80107826 0.86951077 1.60715342
    1.75647807 1.40998733 1.34923148 0.987362206 0.82175535 1.43405414
    1.16178632 1.37007284 0.951317191 1.58126163 1.4651041 1.42020071
    0.910239637 0.765161932 1.33188808 1.19971204 1.2700491 1.64023054
    0.861307144 1.09407187 1.11244285 1.02942455 1.45158315 1.32245648
    1.29481041 1.68540585 0.863196611 1.64165401 1.23645484 1.21590805
    0.739166796 1.30759144 1.36244357 1.76647484 1.71510112 1.1938839
    1.37645352 1.22110987 1.50212491 0.844310462 1.10218382 0.998672843
    1.41723776 1.44041336 1.07017612 0.919103742 0.833342016 1.68280923
    0.910656035 0.952701271 1.23676074 0.910014391 1.62291431 1.47370315
    1.92529476 1.47148168 1.87463975 1.5722754 1.56694412 0.695719302
    1.27751827 0.738914907 1.35526371 1.62401235 1.12100208 0.773931742
    1.18874395 0.749196053 0.979018688 1.69480717 1.34312892 1.7784735
    1.62635088 1.39317977 1.31046355 1.521963 1.58664906 0.751872301
    0.79314959 1.55659544 0.784944832 1.30446696 0.827733338 0.850189626
    1.09133399 1.10282028 0.888073444 1.25932825 1.34852016 1.34665787
    1.03286076 0.836268663 1.64298928 1.10927057 1.81229115 1.774405
    1.89989257 1.58974659 1.7457422 1.88605356 1.63893425 1.25692821
    1.47210801 1.41662025 1.83450675 1.43317091 1.51797605 1.23926365
    1.49222088 0.998960614 0.787632167 0.97475034 1.36864877 0.758347213
    1.159338 1.47998214 1.53730369 1.68554485 1.35532296 1.589679
    1.17657864 1.088745 0.850583613 1.6619668 0.868886054 1.61999249
    1.37908566 1.31781805 1.64629281 1.6662153 1.12689018 1.54231453
    1.31010509 1.29953599 1.01764047 1.22771883 0.953341067 0.958928645
    1.38329387 1.7057935 1.71231961 1.62636912 0.923593163 1.47364509
    0.985363066 1.12970138 1.06036186 1.7021054 0.748004138 1.00671697
    1.00862253 1.52725756 1.41581678 1.49670398 1.14760208 1.79663205
    1.27090526 0.91190362 1.32400727 1.3677963 1.32436728 1.52868187
    1.62717497 1.36133134 1.37970543 1.04924142 1.22809935 1.75018764
    0.859995842 1.30414319 1.43285811 1.05178332 1.10371089 1.20262623
    0.886671364 0.827827871 0.957239032 1.11627519 1.55630326 1.18046141
    1.29328167 1.02515137 0.904386103 1.59605503 1.78272665 1.72308767
    1.68555927 1.50377774 1.71048546 1.15385509 0.974160671 1.45406187
    1.42955804 1.00466824 0.800896168 1.33365834 1.16448486 1.65411842
    0.981587648 1.06500077 1.05745411 1.21915376 1.36040449 1.69769216
    1.63335276 0.900004745 0.888230145 1.67405009 1.39606619 1.84058356
    1.69360876 1.38666856 0.924384475 1.46908867 0.889859498 1.15886605
    0.9641397 1.58089018 0.858780503 1.42995465 0.912435591 1.69746506
    1.02216566 1.41753089 1.26582551 1.45814681 1.28206599 1.02697968
    1.749174 1.32739878 0.94553858 1.45170701 1.33829987 0.886707366
    1.27824736 1.23836792 1.47206306 1.64854968 1.09484887 1.2334038
    0.885386527 1.44863701 1.17072487 1.23960841 1.61291325 1.68596053
    1.52289128 1.23038352 0.926054776 1.49011612 1.28284967 1.5188067
    1.07157469 0.902348518 1.65013027 1.15999413 1.51371884 1.11052859
    1.2482717 1.40636289 1.10813701 0.855447829 0.928464711 0.813296914
    1.47714829 1.55054104 1.38823879 1.24047136 0.813662887 0.784348488
    0.799136877 1.44291747 1.69912982 1.4004252 1.62833965 1.46026444
    1.16222703 1.69607139 1.14604521 1.05165482 1.0651778 0.844898522
    0.971036732 1.28659379 1.3739785 0.897042692 1.03294516 0.931973875
    1.390944 1.51620817 1.35803533 1.09783566 1.08619118 0.909068584
    1.33850694 1.5154494 1.51332712 1.29802907 1.31000638 1.19515514
    1.25941396 0.805328608 1.46428883 1.44970489 0.736929655 1.61276019
    0.782420337 1.63280559 1.71153665 1.17801094 1.40443444 1.16798019
    1.52341092 1.62749434 0.865917027 0.940219343 1.07392013 0.844729722
    0.877620459 1.18030751 1.15423071 1.36890244 1.5986315 1.36532116
    0.831396937 0.912956476 1.15597391 1.41670287 1.32977831 1.34874094
    1.11575937 1.85216296 1.05488062 1.59487891 1.36258364 0.820993245
    1.59244418 1.06026101 1.66628289 1.66076529 1.22040093 1.27712202
    1.62036169 1.03759837 1.56706524 1.28607261 0.863960028 1.37566614
    1.2290082 1.32467937 0.880378425 1.47856081 1.26915812 1.27915454
    1.9846915 1.93107593 1.86735654 1.59035397 1.24954557 1.0867759
    1.65549815 1.69158471 0.975993454 1.4620465 1.11539006 1.51665628
    1.4237349 1.07937586 1.43374312 0.857463837 1.33845949 1.31253219
    0.849385977 1.68013716 1.41160619 1.07226181 0.891227603 1.1032424
    1.58194959 0.843467295 1.62670815 1.55148053 1.50634289 1.3183583
    1.33115613 1.05071938 0.916809618 1.58302021 1.67561471 1.35710359
    1.03948557 1.54981422 1.6635983 1.11528945 1.37212861 1.51212192
    0.915754139 1.247105 1.02464283 1.82726574 0.946696162 1.22554719
    1.72498357 1.19544315 1.08632755 1.47838044 1.06515789 1.24639356
    0.841388524 1.00024343 1.03616369 0.957773149 1.59924173 1.76705885
    1.51280749 1.53678858 1.578879 0.855361283 1.29622638 0.838877559
    1.50144207 1.03042769 1.39750755 1.36179054 1.74143553 0.937741756
    0.862630069 0.705895305 0.978266835 0.843210042 1.49855399
    0.92742151 1.48380697 1.33554387 1.34868681 1.2156328 1.35927796
    0.646112919 1.50761938 1.51553071 1.22927248 1.47739971 1.67979288
    0.976856887 1.19227278 1.62078178 0.868136048 1.68535388 1.39226472
    1.23791969 1.10162067 1.52600992 1.78123009 1.62886488 0.849937141
    1.37521529 1.18587482 1.57949936 1.58674407 1.18453944 1.66153371
    1.29307318 1.87372279 1.79116154 1.77365863 1.13692367 0.94473511
    0.82561785 1.50393176 1.13985181 0.700571001 1.29092073 1.06338477
    1.5730381 1.24808228 0.958109975 1.63588333 0.776452839 1.04223526
    1.64761257 1.59876776 1.51715016 1.17969811 1.10590935 1.39967406
    0.884304404 1.74685526 1.63287568 1.65831792 1.83827281 1.22649598
    1.04831243 1.66728091 1.49994922 1.03041351 1.45036387 1.73791957
    1.63911378 1.19454074 1.15205896 0.912350655 1.31814158 0.888669252
    1.33624852 1.6365453 1.66150713 1.39863539 1.0989542 0.820702016
    1.67181957 1.36937308 1.01996279 1.11425066 1.77710807 0.972214222
    1.1474719 1.49575746 1.35944796 0.767416894 1.20310712 1.14388156
    0.999462962 0.977597117 1.21303773 1.45132244 1.41190946 0.938017607
    1.0868547 0.985628963 1.20611131 1.49880254 0.921571553 1.25113714
    1.16193521 0.903803468 1.0316751 1.04367614 0.602217376 0.819117367
    0.667028487 0.802793682 1.30827951 1.00645494 1.63359809 1.05529487
    1.84960186 1.7632916 1.20420849 1.64972985 1.35092103 1.57690263
    1.30699813 1.02840364 1.25388741 1.58611405 1.46643019 1.20968235
    1.58790505 1.12350655 1.39489305 1.3913269 1.45458996 1.10818422
    1.14197505 0.968964636 1.81213558 1.21161878 1.77348447 1.85109615
    1.47385204 1.2853682 1.12046349 1.52015877 0.832557499 0.985642016
    0.794951797 1.32463706 0.729871809 0.96482414 0.771389544 1.56188798
    1.33505595 1.36422479 1.67677581 1.38688576 1.57440197 1.47453308
    1.64570677 1.41092575 1.38902354 1.72813284 1.15791416 1.52598596
    1.17464864 1.82467806 1.20905173 1.59402061 0.87548095 1.59417856
    1.1049155 1.04872179 1.58222103 0.940468848 0.983917713 1.35492599
    1.69177794 1.40813243 0.892577827 1.72145808 1.6180898 1.42609012
    1.02343261 1.15290475 0.914511561 1.23883033 0.952391148 1.07650816
    1.28440773 1.58551788 1.22367811 1.07732785 0.909419537 1.55696547
    0.948897839 0.977686465 1.54763234 0.922850847 0.991205871
    1.56999695 0.956340015 1.52150631 1.7181015 1.56176591 1.064852
    0.804581583 1.08491445 1.06184328 0.917002678 1.25346947 1.87248909
    1.61683309 1.71610379 0.886313915 1.55545926 0.909991443 1.13000059
    1.71092498 1.56086659 0.981365621 0.950215518 0.986289501 1.25517941
    1.36288714 1.32823277 1.53014648 1.07286859 1.71318889 1.63121593
    0.831822991 1.08825123 1.6375463 0.917962134 1.25050259 0.841609001
    1.12033892 1.60107744 1.53834498 1.38061178 1.09576368 1.14844227
    1.17138541 0.93410784 1.0692873 1.02328801 1.61365259 1.17532933
    1.59018099 1.53409374 1.71628213 1.27728522 1.39227915 1.58441901
    1.78676939 1.18143499 1.26361728 1.01584113 1.51222992 1.12135994
    1.25082946 1.64296961 1.06567836 1.44751596 0.911808372 0.678443193
    1.39563751 0.971381128 1.56457007 1.70649421 1.40585899 1.2590456
    1.43882048 1.27886832 0.94368881 1.44827199 0.837293029 0.790326357
    0.827053964 1.4238832 0.7592749 1.6134541 1.2016089 1.18432641
    1.02213609 1.8077929 1.78334212 1.65366244 1.43343937 1.07772636
    0.998149693 1.09749925 1.15709448 1.6898663 1.80247879 1.64153063
    1.78282738 1.62121308 1.22251296 0.939545155 0.849299371 1.39480078
    0.998839498 0.902496874 1.38887346 1.51201224 1.11327636 1.87048519
    1.52894819 0.901705503 1.35121262 1.13775957 1.09315765 1.37504983
    1.15382874 1.57317877 1.37552583 1.08758926 1.63973999 1.33190286
    1.23677158 0.999347329 1.51199007 1.62475204 1.28735626 0.921651006
    1.56174052 1.17563069 1.43602061 0.861306489 1.68330288 1.20401967
    0.928146958 1.12925327 0.878316224 1.63896143 1.27653241 1.14743114
    0.965867162 1.41808152 1.2355125 1.25725186 1.08956599 1.83299959
    1.46020424 1.11540842 0.810180187 1.00607133 1.13063037 1.55518484
    0.885022461 1.60122311 1.11091757 1.24968708 1.18012071 0.9363572
    0.84884721 1.67086053 1.19965267 1.05967605 1.63173461 1.49464738
    1.40370619 1.41565883 0.82363832 0.727493286 1.2364614 0.81438452
    1.50024474 0.709347606 0.993768573 1.75212502 1.37614727 1.84737194
    1.36802399 1.44335973 0.939918399 1.12896371 1.17142487 1.3706392
    1.5853014 1.83172464 0.978849411 1.72498631 1.5674454 1.30697978
    1.0082382 1.14654291 1.11884785 0.962166846 1.17429984 1.64917958
    1.38775253 0.971290052 1.40964818 1.62936568 1.31337571 1.41062558
    1.54055512 1.24399853 1.12953997 1.65528762 1.23313224 1.53306174
    0.795942187 1.0070374 1.27717066 1.67350698 1.11882281 0.761568308
    1.17091811 1.4254775 1.58055842 1.77677226 1.78315127 1.64829576
    1.88945127 1.89546442 1.37765169 0.894303918 1.73390114 1.37225747
    1.93493032 1.54004979 1.58685935 1.44345164 1.30060291 1.080513
    1.76790583 1.7258085 1.33584929 1.26906645 1.27551305 1.3305577
    1.70989764 1.36715376 1.23744047 1.3963902 1.62179077 1.14666009
    1.17706215 1.51894033 1.39734101 0.802401841 1.50516701 1.67776704
    1.3750782 1.83269823 1.84934914 1.46891654 0.984926045 1.55790937
    0.76803863 0.855959773 0.629789174 0.941422999 1.18982768
    0.863713443 0.944695234 0.851427138 1.44523466 1.31950712
    0.765665233 1.14238226 1.35122097 1.60168529 1.79745698 1.76307654
    1.83353341 0.911717176 1.01703334 1.06033182 0.914072812 1.7993288
    1.69578874 1.02014935 1.21232736 1.78900921 1.64682388 1.43752468
    0.791499496 1.09949958 1.7479986 1.35903025 1.58588231 1.39579988
    1.42151499 1.50757527 1.09981227 1.06731272 1.64884293 1.10525548
    1.2737416 1.23370922 1.4864676 1.5007633 1.12794936 1.33008027
    1.49987888 0.978518009 1.553653 1.06079781 0.972194135 1.75321507
    1.57982552 0.829254508 1.2172848 0.872911036 1.69706798 1.50920808
    1.47659576 1.05122948 0.868349254 1.231745 1.43068993 1.79327607
    1.52792311 1.46659625 1.07220316 0.919375896 0.932974339 0.701358259
    0.996150911 0.978848755 1.70690763 1.72179508 1.75679564 1.66450477
    1.47952247 1.7364167 1.76645839 1.51407123 0.92006737 1.08396864
    1.58016062 1.51162589 1.33429253 1.34959972 1.42241144 1.31293356
    1.34265268 1.49520206 1.1418345 0.943810046 1.86382711 1.23537719
    1.33315289 1.14262474 1.87470186 1.10272098 0.885895133 1.65112305
    0.858424067 0.98293066 1.21977055 1.10480106 0.698967814 1.01298463
    1.36910164 1.4409622 0.961748958 1.56641006 1.66995037 1.79766917
    1.87131131 1.41452754 1.76729786 0.853686929 1.30231774 0.8095541
    1.04871345 1.44751108 1.58933997 1.18420124 1.74441075 1.1560173
    1.44249189 1.34276628 1.6688149 1.85713267 1.72230029 1.3807497
    1.68404555 1.18940306 1.36081207 1.6193893 1.52117372 1.38614607
    1.01247406 0.924532473 0.984270275 1.25188577 1.15896034 1.14444196
    1.38434219 1.54791057 0.879002333 0.975249052 1.62482679 1.39906263
    0.822336793 1.39450014 1.15611124 1.47441411 1.0791378 0.96581614
    1.34659946 1.76052618 1.69240284 1.09139979 1.02638328 1.1478498
    0.857829332 1.63992238 1.09789634 0.808079243 0.98752439 0.828939378
    1.27857924 0.831530213 0.648495257 1.01886034 0.981285512 1.24449968
    0.959574878 1.61728334 1.06952107 1.5738641 1.77053487 1.65817058
    1.31042933 1.38591838 1.58818626 1.57084918 1.68052137 1.54989231
    1.27810824 1.35381985 1.82284462 0.957533538 1.18658781 1.24630654
    1.26236606 1.47830403 1.43753588 1.51318669 1.74075389 1.84623313
    1.54844499 1.49835551 1.13498771 1.28804708 1.23727703 1.84569705
    1.16363502 1.15965366 1.47576475 1.41231716 0.950367033 0.952909291
    0.904705346 1.16990221 1.5054239 1.11470532 1.61531901 1.38973212
    0.927379906 1.71280301 1.81954789 1.7854116 1.81351388 1.87621665
    1.58467484 1.75320315 1.63590515 1.84235775 1.63066065 1.26716685
    1.54054689 1.49739528 1.52717781 1.74637651 1.50864625 1.42588222
    1.47628677 1.63589442 1.51092577 1.72128522 1.83602774 1.58938181
    0.919626117 0.901039481 1.28522563 0.961097836 0.952771366
    1.00293505 0.713865221 1.00318432 1.15653491 0.966129363 0.935466051
    1.39749765 1.61627614 1.27491355 0.925268531 0.890282989 1.01696253
    1.11471248 0.805366099 1.34649384 1.39274883 0.76881963 0.73100543
    1.00931394 1.17762899 1.34240139 1.19454622 1.51993585 1.35396528
    1.52246654 1.27491367 1.27779627 1.65487504 1.1369158 1.81126845
    1.54099202 1.43394768 1.36129224 1.715186 1.48694694 1.01643574
    0.947419047 0.85160172 1.71493745 1.45613134 1.21290517 1.21325946
    1.03123796 1.05629992 0.982345998 1.53947473 1.523018 1.48016083
    0.988825679 1.424739 1.19544542 1.41807103 1.0645864 1.2341876
    1.64155269 1.80128813 1.12675273 1.6859386 1.0882076 1.04638016
    0.978770018 0.755144715 1.37816072 1.66938496 1.63740695 1.07613802
    1.48698473 0.827267885 1.40602231 1.65327156 1.26074624 1.63339114
    1.35638094 1.01334596 1.69069517 1.51073468 1.27591324 1.62270582
    0.972730696 1.57375956 1.26048803 1.54590118 0.696412086 1.1094799
    0.764655888 1.76922357 1.45282984 1.68929541 1.86619592 1.15757871
    1.02799439 1.24688065 1.00728405 1.21384752 0.967437446 0.923607767
    1.33189666 0.81039691 1.21410477 0.856624722 1.52566135 1.13364565
    1.37392044 1.58034384 1.19149005 1.61680746 1.65785134 1.67085445
    1.75934064 1.44759071 1.6876545 1.63625085 1.44529319 0.881251454
    1.69714403 1.19282544 0.815232694 1.08699191 0.99931103 0.76697886
    1.47395897 1.0179317 1.49562633 1.81708789 1.52607989 1.44812918
    1.24286187 1.16822886 1.77313447 1.38846135 1.26441133 0.783059597
    1.1835767 1.29222727 1.08534396 1.13683152 1.10087883 1.54978836
    1.03336918 1.14229846 1.21626234 1.28585684 1.21914887 1.66265357
    1.34457874 1.61856449 1.50616407 1.00001633 0.965909958 1.15067875
    1.44628108 1.09543169 0.843937457 1.45399463 0.827972889 0.789886475
    1.46175313 1.54757524 1.3900696 1.76094699 1.74876535 1.37668729
    1.41332245 0.960734367 0.973607659 1.18574917 1.51987052 1.02325261
    1.74878967 1.64689422 1.02246392 0.927912056 1.05093837 1.49738622
    1.24196136 1.47103631 1.11267626 1.41899228 1.0335238 1.35725236
    1.04636919 1.06622112 0.818473399 1.34427273 1.7582314 1.29780746
    1.04429483 1.1514318 1.02922833 1.16346037 1.63331294 1.43430305
    1.81714737 1.01776743 1.13642502 1.75616753 1.39503837 1.50979209
    1.25434875 1.17115188 1.50555193 1.70771599 1.73242462 1.35312545
    0.77457875 0.908729851 1.60006702 1.18039882 1.35184002 0.984567165
    1.65218949 0.859015882 1.32170618 1.61621153 1.63226914 1.44554901
    1.0374099 1.49937785 0.98860085 1.03572023 1.1763345 0.989517987
    0.886655092 1.17119026 1.17700207 1.64719629 1.16633165 1.02446735
    1.13862133 1.55844223 1.97651589 1.21972609 1.93251824 1.67434728
    1.75427258 0.974880338 1.09543955 1.21802235 1.49876952 1.65919554
    1.42363989 0.945646763 1.62655795 1.33237505 1.71021581 1.33812046
    1.78316534 1.96514964 1.66951251 1.70500255 0.963934004 1.26562989
    1.39859509 1.73351181 0.774953008 1.03637838 0.815047264 1.02923584
    1.22300255 1.2163291 0.857121289 0.961236715 0.899066269 1.71155739
    1.48230958 1.42776334 1.79883587 1.64320946 1.13326633 0.814365089
    1.25820923 0.579558313 1.03777456 0.762821615 1.10311377 0.939929426
    1.71031439 1.06392694 1.02633083 0.871928811 0.997810483 1.36895967
    1.81920207 1.82198858 1.99944425 1.74878204 1.6580565 1.69073784
    0.881684721 1.00198603 0.841042459 1.51990843 1.21633744 1.02794635
    1.17246735 1.77601051 1.62529445 1.31556392 1.31423366 1.6880784
    1.76564622 1.65816152 1.04463303 0.943920493 0.874169648 1.38095415
    0.930961549 0.879522741 1.58550084 1.50899911 0.852684677 1.77909911
    1.5659616 1.39852035 0.771397471 0.904828608 1.44906211 1.23851943
    0.930491924 1.63869905 1.1778791 1.4497503 1.03875089 1.24819863
    0.956310153 1.26988101 1.11120462 0.944921374 1.48781538 1.24765778
    1.09034395 1.05696237 1.50414729 1.5248245 1.81793678 1.32690823
    0.949114561 1.31621003 1.13807797 1.03438663 1.04186773 1.09881556
    0.963225842 1.80092263 1.73606896 2.04008412 2.00008202 1.74300003
    1.3724643 0.98715806 1.58111525 0.783961236 1.26468861 1.40746832
    1.48161626 0.800525784 1.47198737 1.66590929 0.763960838 1.04437757
    1.39131105 0.884589911 1.60069287 1.66339791 1.88858318 1.14376032
    1.59461641 1.1081661 1.14136553 1.27325702 1.10596776 0.888193369
    0.899347901 0.945159376 1.15469587 1.28789341 0.80502063 1.51017308
    1.80887485 1.20107675 1.26966476 1.12996042 1.55279303 1.41241157
    1.16746795 1.44290566 0.907244503 1.10515606 1.50269639 0.886222363
    1.15427971 1.44332922 1.16350496 1.61445916 1.8571471 1.95900655
    1.92366636 1.70990813 1.77693069 1.200302 1.92348397 1.7758739
    1.22880828 1.40845716 1.48027098 1.11520302 1.41420209 1.6913718
    1.59785581 1.48856604 0.829325259 1.06824899 1.19551063 1.05152941
    0.947861135 0.998492658 0.835380018 1.71270204 0.806465566
    1.15367448 1.04236317 1.48114085 0.934975922 1.1019007 1.70107627
    1.01568544 1.42018545 0.970373869 1.06620586 1.27816141 1.75414383
    1.68083119 1.35270596 1.52856255 0.926264286 1.36278856 1.68504786
    1.64483023 1.15531397 1.03057313 1.46947396 1.80304193 1.5235647
    0.996983111 1.40327346 1.05416155 1.45835817 1.1126591 1.45687664
    0.957670391 1.83159566 1.549986 1.00012445 0.978377521 1.33140337
    1.6030724 0.872298419 1.48620594 1.07036066 1.2314204 0.925001502
    0.932313323 0.85692966 1.20656741 1.78957927 1.68037951 1.6727066
    1.68896866 1.11444664 1.17431617 1.47736359 1.41946673 1.15777266
    1.02385759 1.46934342 1.64048755 1.52870655 0.880752802 1.75010478
    1.74056351 1.5517143 1.17317224 1.12936771 1.19893062 1.71698785
    1.58280683 1.78047347 1.00428927 1.40250003 1.16956723 1.19751811
    1.88294959 1.07031047 1.21878076 1.30753386 1.31704199 1.60158968
    1.57081866 1.2085259 1.02901137 1.76470828 1.48610878 1.84430301
    1.58361495 1.72244704 1.68495214 1.31335616 1.08404815 1.08181798
    1.27694547 0.844086945 0.782662213 0.624932826 0.807158768
    0.817243338 0.683083534 0.751700699 1.44017339 1.37622762 1.02642131
    1.36277449 1.06482315 1.50343859 1.6072315 1.1166302 0.938259661
    0.806546211 1.50502062 1.56820989 0.971320391 1.01612604 1.31437492
    0.791266561 0.851895452 1.77381623 1.28557789 1.64898741 1.616202
    1.50473595 1.82225657 1.08278501 1.95680881 1.22248685 1.62910903
    1.90030599 0.889814913 1.27516127 1.0427556 0.999073446 1.53117812
    1.56156301 1.45748591 1.22733462 1.28715062 1.75639379 1.37325084
    1.72631919 1.47753048 1.56937945 1.62513435 1.03952837 1.02086949
    1.66635525 1.32408166 0.870028138 0.946882367 1.19968116 1.22475362
    1.54563332 1.43818033 1.07749343 1.28681958 1.48042965 0.753431261
    0.946718454 1.04712784 0.842957318 1.22506166 1.75988257 0.956581831
    1.00424278 1.05897415 0.732776999 0.882337809 1.03503036 1.42791152
    1.2586782 1.52670419 0.984705925 1.01907659 1.20648253 0.935933173
    1.79466689 1.38882911 1.02503252 0.822722793 0.906205416 1.48823273
    1.11299706 1.97365236 1.70931339 1.89750457 1.39551163 1.01464438
    1.08345354 1.12195432 0.796321511 1.66118419 1.6336062 1.26290631
    0.840898514 1.5259918 1.18746734 0.806215942 0.689492047 0.869613886
    0.801534593 0.964109242 1.73934758 1.70099366 1.92073834 1.58285034
    1.32247186 1.28424931 0.860095978 1.2178309 1.64472485 1.10366058
    1.21774602 1.49744689 1.09845901 1.01997554 1.55216086 1.47947896
    1.46555316 1.44045091 0.868320823 0.938825965 1.5791508 0.97034204
    1.63093102 1.48873591 1.48304844 1.23301888 1.08162045 1.33983743
    0.970772147 1.46052217 1.71152997 1.32331049 1.68338192 1.71156871
    1.41942847 1.09833038 1.47589481 1.52695632 1.85991526 1.76044822
    1.08139503 1.2312634 1.25146663 1.17852736 1.56858051 1.01696455
    0.778645813 1.03188777 1.63688159 1.06596386 1.17401934 1.70681536
    1.0056479 0.959431708 1.05421567 1.73402667 1.48942089 1.66413331
    0.956731975 1.42490149 1.39658642 1.15208089 1.3662113 1.28001332
    1.36185873 1.630018 1.6027 1.88279653 1.27499545 1.80579257
    1.43577456 0.974699736 1.62797236 1.16239321 1.1936022 1.41941714
    1.47162437 1.4724462 1.79782844 1.00168669 1.58720171 1.46106791
    1.66869724 1.7332859 1.1513083 1.74742842 0.925346196 1.52764392
    1.27098107 0.925174415 1.21990395 1.32807529 1.03624308 1.33093858
    1.22794259 1.47245729 0.83848387 1.60036933 0.794927239 1.64567053
    1.13328528 1.05815589 1.61548102 0.873805761 1.19336724 0.890720904
    1.76579165 1.03782046 1.46419752 1.71400547 0.999182761 0.834801972
    1.56780875 1.63491881 1.47888267 1.13000202 1.69990182 1.73976266
    1.92745721 1.47348857 1.65757442 1.08029795 1.04660726 1.7412101
    1.26278138 1.18767893 1.11671472 1.62982905 1.76469493 1.42001653
    1.09853959 0.973093092 1.34835494 1.43046916 1.24231434 1.46247613
    1.7998668 1.41461277 1.6403389 1.92642951 2.036623 1.94450152
    1.32524717 1.67494559 1.33379626 1.62301123 0.909249723 1.48465025
    1.68889427 1.26685202 1.38741326 1.52779388 1.37574792 1.12069666
    1.28236008 1.49742234 1.46728468 1.34553266 1.2463727 1.29125857
    1.33490241 1.69868433 1.14841914 1.46639848 0.893354654 1.0437603
    1.27479851 1.35864043 1.16665447 1.60964286 1.64128864 1.65488839
    1.10612714 1.33123422 1.12514329 0.886457443 1.31859219 1.37905812
    1.89882076 1.70132387 1.89942241 1.4855268 1.59214139 1.18643379
    1.63264 0.833620369 1.79847419 0.916194081 0.954253912 1.4177351
    1.722386 1.7291826 1.67097247 0.917339146 1.03498709 1.04876029
    1.33298969 1.48617601 1.5870899 1.22743523 1.67971921 1.00856686
    1.03497684 1.24240649 1.72138834 0.792362034 1.22685516 0.762313604
    1.48408425 0.802727461 1.12957811 1.23057342 1.18891823 1.29391873
    1.08238649 1.38556635 1.13450348 1.27571857 1.44891644 1.41428602
    0.900486946 1.45537865 0.886092126 1.69932413 1.22893918 1.20944309
    1.13239241 1.67462969 1.17644513 1.89502645 1.49134254 1.57883751
    1.72597599 0.767983735 1.42808163 1.5953232 1.54390693 1.77398729
    1.22842646 1.8225801 1.77932072 1.83326387 1.70998669 1.29271233
    0.910354435 1.09923041 1.06785226 1.42650568 1.18940687 1.36160159
    0.884738564 1.41086221 1.13029695 1.31027424 0.83926183 0.887483835
    1.75335264 1.89786053 1.22538066 1.4166286 1.16771615 0.792547762
    1.43862164 1.65421534 1.00816786 0.942948043 1.48138046 1.5756613
    1.59173536 1.66038465 0.800950468 0.933673918 1.28008604 1.4458282
    0.901714265 1.44019783 1.08937085 1.23119926 1.44147956 1.07647729
    0.950955391 1.4574517 1.73362768 1.08881581 1.74654567 1.29695535
    1.32649374 1.80425882 1.68640149 1.76200354 1.5285604 1.28465962
    0.975489378 1.66051161 1.35003006 1.48857582 1.63554657 0.955658793
    1.53832603 1.36128759 0.80292058 1.07017708 1.7057035 0.876776397
    1.74295092 1.41008294 1.09636176 1.06728184 0.698030531 1.12059307
    1.44088495 1.03731728 1.03501463 1.59950328 1.13020933 0.911393881
    1.05722737 1.00653505 0.896403909 1.33633053 1.59138656 1.67122471
    1.82748616 1.65674412 1.38061345 1.83025205 1.48810852 0.99515599
    1.45849288 1.51160443 1.73772609 1.05980062 1.68473458 0.98757571
    1.08906615 1.80931926 1.3528651 1.77720773 1.60422385 1.49492168
    1.64268041 1.07266128 1.2468394 1.56818414 1.65601218 1.00402892
    1.5273993 1.57227802 1.27527785 1.7404542 0.834498525 1.72734427
    0.994780421 1.61054206 0.868005753 0.800410032 0.675521195
    1.30694544 1.13226974 1.71523702 1.17875361 1.22216368 0.859407663
    1.59571433 1.07517958 1.24645042 1.16248047 1.69478786 1.63422751
    1.2689513 1.21492398 1.99663222 0.985625446 1.91254258 1.60127282
    1.63539708 1.64523244 0.865687728 1.59417403 1.64922094 1.57451081
    1.72905791 1.20214808 0.851430714 1.78981984 1.62527084 1.75662947
    1.81320405 1.62583721 1.81280637 1.89596736 0.996400177 1.37377048
    0.891694903 1.32986641 1.09981263 1.97613919 1.10586989 1.68254209
    0.921610832 0.912821591 1.63988423 1.5630784 1.36103845 1.11003017
    1.0546217 0.736792624 1.26284957 0.792671561 1.68007541 1.17411399
    0.789114118 1.07049537 1.17491519 1.57590759 1.49453282 0.888695776
    1.46510112 1.55845618 1.54785287 1.69810808 1.7511574 0.939943075
    1.05154169 1.11255121 0.967034638 1.45647442 1.30679083 1.16335368
    1.62258935 1.61579943 1.69168401 1.69529498 1.02258921 1.86223352
    1.53061962 1.42253661 1.80716491 1.37295127 1.50651264 1.75846982
    1.36061633 1.77368391 1.12908852 1.27951598 0.85983789 1.33207834
    1.498245 1.45064199 0.927194357 1.29438221 1.48339736 1.48511958
    1.13719869 1.40837812 1.76805675 1.13258481 1.30119872 0.822194874
    0.954847395 1.36678934 1.47203195 1.64045668 0.851671994 1.44609725
    0.865030646 1.42736709 0.799117804 0.849875808 0.804673254
    1.69131804 1.80759394 0.837097764 1.77309895 0.888652027 1.26832521
    1.30341947 1.57477009 1.0478909 1.54609799 1.70367432 1.26730561
    1.33613479 1.09690261 1.75738335 1.77799439 0.957252264 1.17805111
    0.839904904 1.3761977 1.088323 1.54657817 1.16311359 1.75792241
    1.4474833 1.67162299 1.43077052 1.23022723 1.20297456 0.847352922
    1.15283346 1.70431209 1.23361313 1.76289034 1.69116426 0.959450126
    0.817724884 0.9058218 0.635522902 1.19084704 1.02951157 1.76271713
    1.16543448 1.18341112 1.40341949 1.4591279 0.833113611 1.19071698
    1.19504178 1.11212409 0.876689494 1.37403405 1.66775882 0.857921302
    0.93110925 0.84325999 1.32474124 1.05297709 1.66118991 1.09540153
    1.54769802 1.03505373 1.04072297 1.55394804 1.50726366 1.14983487
    1.66607201 1.53342688 1.75879014 1.29676354 1.62352145 1.63173473
    1.62923312 1.07759476 1.04718363 1.34194815 0.911554277 1.18981683
    1.1304419 1.26774859 1.66312158 0.946513474 1.61258662 1.45010424
    1.34370649 1.39980757 0.784445226 0.782862246 0.873760641 1.62815571
    1.33814597 1.48932195 1.48718584 1.45784748 1.61336076 0.956018746
    1.7266736 1.30770302 1.02370489 0.865157425 1.06282616 1.25892282
    1.65188074 0.966515899 1.01874852 1.11598766 1.69475818 1.02758408
    1.16616082 1.19128299 1.29621315 1.60135221 1.0263201 1.31657803
    0.832618833 0.89575839 1.32428408 1.48266196 0.8771438 1.77997077
    0.860862315 1.48779261 0.871812761 1.02923989 1.55515504 0.963534892
    0.897986829 0.931230426 1.70764303 1.66058302 1.00188994 1.14018464
    1.09168816 1.0034405 0.874658465 1.80139518 0.891041219 1.81497538
    1.334378 1.30819428 1.30859411 0.679385424 1.6511513 1.32737708
    1.24608159 0.997261822 1.19520295 1.53299332 1.25731766 1.62097752
    0.867197335 1.26640058 1.45375562 1.05018151 1.19524503 1.81564569
    1.38356674 1.71983767 1.7620945 1.42218733 1.49281621 1.01720119
    1.45639038 0.979752779 1.38946629 1.55915248 1.11710227 0.748574615
    1.47467852 1.11183119 1.70160091 1.33559537 1.55672657 1.16309476
    1.38448 1.48119986 1.69144404 1.10550201 1.38218832 1.44365048
    1.68282473 1.99377823 1.62959361 1.73115122 1.21140552 1.59523761
    0.978812099 1.55145705 1.68028796 1.75471282 1.20893049 0.814748645
    1.07387269 1.76475167 0.969181895 1.48309302 1.61986542 1.61160791
    1.35729921 1.66566479 1.54520559 1.61842835 1.61609292 1.5486536
    1.61747849 1.29582405 1.27046716 1.42516375 0.863521159 1.19831789
    0.867337048 0.814957023 1.50180805 1.2871201 0.940152526 1.77557111
    1.34677577 1.73692226 0.998653114 0.815536201 1.68610716 1.23866832
    1.91906667 1.39434803 1.8494966 0.941357672 1.62897468 1.29111779
    1.09865344 1.32564712 1.66911829 1.63057745 1.7345022 1.03522456
    1.08974671 0.961588085 1.37882495 0.85424614 1.38888764 1.68505907
    1.40998363 1.65420139 1.1114831 1.46910489 1.38897443 0.942572892
    1.30725408 0.956931651 1.61032546 0.780856907 1.26150751 1.38585103
    1.36997843 1.2920599 0.850239992 1.64585495 1.11265826 1.69834161
    0.831108928 0.908534646 1.70107388 1.60957444 0.895873725 1.30147326
    1.18566442 1.43218315 1.21370351 0.981109858 1.62863231 1.59310067
    1.64306283 1.07476175 1.44595289 1.54132748 0.924408019 1.5575974
    1.3747617 0.938572288 1.80666733 1.44619608 1.38549912 1.36891437
    1.31710231 1.49884021 0.898885071 1.65478671 1.41774285 1.03416157
    1.08246255 1.17718077 1.03956378 1.29557204 1.09730923 0.900627911
    1.25863874 1.09638679 1.04307055 0.923047483 1.5688225 1.42817831
    1.32304919 1.53240573 1.22025776 1.15751648 1.39639556 0.808803499
    1.31231344 1.65730989 1.07326198 1.53475344 1.0543474 1.31168902
    1.04491711 1.03983164 1.67453837 1.49061573 1.31537712 1.3791424
    1.67762315 1.49643695 0.953787565 1.07185137 0.825025082 1.62131178
    0.95272404 1.02636933 1.26634443 1.10358191 1.3733108 0.820241153
    1.35416687 1.33573866 1.75822055 1.73772657 1.33691752 1.20404768
    0.829835713 1.05177343 0.801250041 1.51005483 1.43549907 1.47396708
    1.70302057 0.963193357 1.18706322 1.38144529 1.30317736 1.28587902
    0.765413046 1.09770215 1.68428314 0.881175876 1.29092693 1.13871801
    1.37366319 1.31886244 0.962460816 1.59178054 1.1860615 1.22102809
    0.823913097 1.66846991 1.43343329 1.16529608 1.71316195 1.02314258
    1.25656927 1.48756444 1.20982707 1.49151695 1.57380009 1.1105814
    0.968470454 0.994605303 1.42153275 1.33942938 1.09260213 0.954246998
    1.23215103 1.65319657 1.61263192 1.03375161 0.794504583 0.737942457
    1.13578415 0.913106441 1.07974088 1.5269357 1.54817045 0.821807563
    1.31384921 1.05683291 1.60772669 1.72615457 1.76742959 1.16480446
    1.47809625 0.764176071 0.703800738 0.799064577 1.52613723 1.15123332
    1.54959655 0.9722718 1.19669306 1.43961406 1.30747545 1.19243717
    1.7379142 0.98222506 1.44616044 1.54415739 1.35479116 1.84781599
    1.67377055 1.40332997 0.936504662 1.27102828 0.939873159 1.68248701
    0.804282844 1.60635889 0.870471835 1.17154729 0.915444791 1.0108918
    1.61891961 1.23349059 1.28563225 1.59886813 2.07514167 1.74569333
    1.84872532 1.22768247 0.846483171 1.56063306 1.36358333 1.69415343
    1.06824803 1.56049395 1.02449656 1.11432493 1.73935771 1.68522549
    1.2487396 1.24446058 0.679583013 0.765187502 0.952323258 1.58750665
    1.11001301 1.45518947 0.938675106 1.51941454 1.75684607 0.967658401
    1.478338 1.67329705 1.12210691 0.968945503 1.08104706 1.86671042
    1.4585309 1.39535248 0.804746032 1.31366992 1.50341868 0.980841994
    1.49751508 1.30679786 0.955374599 1.79195344 1.36433029 1.56623995
    1.74388635 1.02310944 0.91355145 1.70975292 1.79002154 1.51144075
    1.36453998 1.02022696 1.64650786 1.74884927 1.75469613 1.08072567
    0.946755767 1.60861099 1.11318481 1.80578303 1.73127162 1.25707722
    0.823077738 1.09087467 1.54585946 1.52115798 1.26258278 1.05620837
    1.69361603 1.29358423 0.780614614 0.967227221 0.929630339 1.21771109
    0.76489234 1.69471264 1.59404659 1.27793944 1.5611068 0.927292109
    1.26796854 1.71274507 1.71479034 1.70982063 0.781171203 1.18315196
    1.43574166 1.68612051 1.46060979 0.78885293 1.10910833 1.54252028
    1.42598653 1.72881079 1.50787902 1.4337095 1.47297716 0.92072618
    1.04378331 0.662038863 1.52704227 1.00171804 1.49393129 1.48619878
    0.952913702 1.77114344 1.41942096 1.90432656 1.40153539 1.53833091
    0.83814621 1.34841776 1.16760445 1.15796578 1.7218461 1.48475718
    1.34889126 1.663288 1.16541243 1.01881766 0.791025162 1.474033
    0.764731944 1.25121546 1.56480908 1.33644664 1.02790534 1.61398458
    0.773391902 1.50957263 0.665101111 1.21193266 1.69152045 0.864148736
    1.14931762 1.71574795 1.24479258 1.32216465 0.854776084 1.32417667
    1.61173046 1.52787149 1.5916326 0.872695327 1.09033 1.29970574
    1.0922277 1.04748261 0.679229915 1.64313257 0.753395796 1.08115911
    1.38317168 0.88000077 1.52705729 0.897429764 1.10221791 1.1349889
    1.66660368 1.61007011 1.32438564 0.931671858 1.10764003 0.830215454
    0.946163893 1.53156316 1.49528325 1.73724663 0.851004958 1.60375428
    1.40769315 0.886050701 1.01692498 0.743217051 1.18631005 0.790769815
    1.0374403 1.7342695 1.23853481 1.50328779 1.49930322 0.827780962
    1.65161729 0.945685685 0.803908825 1.44906056 1.46011269 0.907315612
    1.35301936 0.69152081 0.846236408 1.59266639 1.38672137 0.80269289
    1.13013935 0.822733521 1.65133214 1.33179641 1.10511959 1.043661
    1.55579495 1.6801399 0.840204954 0.904343188 0.749079764 1.14794672
    0.924183428 1.36678231 1.04388714 1.01207161 1.11356163 0.710484564
    1.39355934 0.805489123 0.826054394 1.15147591 0.822282374 1.44503093
    1.60910308 1.88935173 1.05131769 1.52774537 0.918461859 1.19636321
    0.855493844 0.742492557 1.74724042 1.62041235 0.904239893 1.5320493
    1.46845734 0.890510619 1.7071234 1.66711259 1.70225894 1.80050862
    1.90559769 1.82504201 1.62586045 1.54747427 0.978985727 1.40381098
    1.68809855 1.42480719 1.33511806 0.878326714 1.26957607 0.946980596
    0.72910285 0.783996284 1.57765353 0.95805335 1.63567138 1.405393
    1.85095191 1.52608073 1.0226984 1.69888675 1.53037989 1.07432258
    1.73292708 1.50914431 1.85389471 1.46985245 1.97577429 1.24284577
    1.76407135 1.5768317 1.04156351 1.315346 1.1086601 0.717669427
    0.73173511 1.16700816 1.5437032 1.50661862 1.69605148 1.86944556
    1.35970044 1.7705456 1.36686707 1.77171206 1.27490711 1.38751495
    1.78288364 0.94339323 1.59838808 0.83102119 1.78434551 1.22494113
    1.76714325 0.718428969 0.751568913 1.46208346 0.722974002 1.27520227
    1.16775358 1.00496602 1.09141088 0.938250244 0.756391287 1.14090431
    0.756685317 1.13849878 1.85197592 1.57983506 1.45381653 0.925943851
    1.75601578 1.67466271 1.15077734 0.873283327 1.0779655 1.32813609
    1.04800951 1.51398575 1.22064817 1.34003472 1.58329606 1.40822589
    1.58868432 1.63224578 1.70451021 1.35059094 1.68158543 0.896448195
    1.0056411 0.954307735 0.687866271 1.24702072 0.725656867 1.40226519
    1.00041878 1.02111208 1.54488742 1.05539966 0.907500148 1.18109691
    0.80905813 0.928425193 0.830186665 0.855805039 1.03294849
    0.772724748 1.35365331 0.6981287 1.1786691 0.77058512 1.01425505
    1.22767258 1.10972238 1.17698276 0.994710505 1.74945366 1.01026142
    1.46125591 0.929148376 1.10910475 0.759521723 1.00360966 0.870814323
    0.885558486 1.4985981 1.09470463 0.784682155 1.26282263 1.64585304
    1.0702405 0.834545076 0.815670848 0.740867138 0.883831441 1.19343424
    0.894686818 1.28088987 1.82190669 1.49634933 0.908439159 0.796342432
    0.769602537 0.734535873 0.983687282 1.61262834 1.04396117
    0.911106586 0.979580879 0.783665121 1.7445662 1.02492929 1.85024786
    1.26534367 1.58475971 1.01302099 1.36743069 1.05565214 1.32679296
    1.78172505 1.66562104 0.962787867 1.06027937 0.984966159 1.00954473
    0.765855908 1.5759995 1.05210459 0.650757074 0.929966569 1.64314234
    0.761707306 0.76391691 0.996359348 1.35796702 1.82163286 1.46951747
    1.26355195 0.973403513 1.5778501 1.36757803 0.887616575 1.01267111
    1.02038312 1.04327011 1.56920648 1.23826981 1.08003438 1.10916293
    1.54252863 1.4335146 0.92018944 0.884345114 0.664347172 1.55936515
    1.23249614 1.2429353 1.68734932 1.45818782 0.980143666 1.09870625
    1.13181615 1.45527256 1.50763571 1.42356038 0.916946352 1.28874576
    0.720393658 0.893029809 0.828204155 1.30034113 1.13329065 1.50025082
    1.31207526 1.06217146 1.6986413 0.988294125 1.46136999 1.22396564
    1.2044704 1.5955466 0.8466869 1.13242161 1.62447047 1.45144153
    0.964243472 0.731788218 0.826329768 1.27588236 0.916347921
    1.52459657 1.02568364 1.07840717 1.4341383 1.44130945 0.808680713
    0.883341074 1.5449053 1.69691384 1.67921424 1.80759728 1.05266309
    0.978379309 1.33156872 1.63024092 1.12793434 1.27445114 1.55844164
    1.20848906 1.43418813 1.74492884 1.61834645 1.77709496 1.75477099
    1.72669733 1.64608049 1.09305573 1.70522821 1.60361183 1.71111643
    1.44292176 1.28309846 1.69875062 1.37016428 1.75246811 1.2844007
    1.32735956 0.735228896 1.29275632 1.35878491 1.53779793 0.836978137
    1.42780232 1.75123203 1.68710303 1.9246372 1.74176908 1.30752397
    1.07465196 1.15959179 1.09452677 1.09857166 1.6163466 1.78278828
    1.26049471 1.69233072 0.959397912 1.03900921 1.16514623 1.09849966
    1.32756162 0.834061801 0.68129009 1.28202116 1.03729618 1.47527087
    1.70665586 1.26197624 1.29313183 1.27902603 1.7628746 0.92093277
    1.38933325 1.46087062 1.30405903 1.03397346 1.67659628 1.34387064
    1.00527191 1.50609922 1.64007175 1.50410426 1.28075409 1.43037868
    1.19979751 1.1396277 0.853991866 0.731493831 1.5321883 1.09152389
    1.72915816 1.16763973 0.969296038 0.945012808 1.46846819 1.51850641
    1.41580355 1.64129078 0.994509518 1.79651296 1.02961063 1.27850974
    0.920699 1.45700109 1.5082314 1.58551836 1.63105083 1.62622476
    1.08392084 0.999967694 1.18968749 0.884780288 1.3269105 1.06147492
    1.61793005 1.59091401 1.72599697 1.01111996 1.24675262 1.57527804
    0.750322402 1.78513384 1.35126257 1.30661333 1.26851821 1.58392704
    1.17220998 1.68906522 1.01399648 1.54961801 0.679461777 1.09904897
    0.935522079 1.27560365 0.878098667 0.724854946 0.883965373 1.0126878
    1.10213029 1.28331423 1.38293934 1.43918085 1.04943919 1.43956411
    0.889503539 0.849553287 1.0256809 1.13850021 1.65983343 1.2543546
    1.74774551 1.22682726 1.47634923 1.75045121 1.72806573 0.834456563
    1.69178796 1.00236189 1.1181674 0.865109324 1.70442545 0.939292073
    1.71995664 1.09261513 1.25509691 1.01930285 1.61881185 1.03960323
    1.28046095 1.33583772 1.05889702 1.21186709 1.40132844 0.923685431
    1.34896743 1.73904908 0.896038711 1.66089547 1.37404335 1.39527881
    1.16601515 1.01048172 1.48005939 1.27746081 1.29709136 0.876291692
    0.927345872 1.6625545 0.806692004 0.80742687 0.613866985 0.642933071
    0.635385394 0.727286756 1.12806761 0.688226223 1.29973423 1.29919517
    0.985425472 1.63460672 1.71594453 1.223719 0.755010784 1.15219843
    1.5024482 0.836163461 0.730089843 1.45677996 1.75565994 1.51204097
    1.76834416 1.26076365 1.21682978 1.3439256 0.803011417 1.58095694
    1.42126477 1.51588786 0.824695528 1.08632839 1.05192232 1.64947617
    1.75424051 1.12125933 1.60564971 1.3295716 1.71462071 1.35003936
    1.44918334 1.57431138 1.49552381 0.868029952 0.940114915 0.819746196
    0.631781161 1.244452 0.826189876 1.21578014 1.68549097 1.58856726
    1.64370954 0.789468288 1.30695486 1.26485276 0.827481866 1.59646976
    1.26424515 0.916381359 1.4600575 1.26019502 1.10427523 1.33180594
    0.971338153 1.11501908 1.37967467 0.811608553 0.847789764
    0.745108604 1.3392272 1.6519177 0.894613564 1.3204788 0.954889715
    1.39448237 1.64237273 1.48844635 1.37838006 1.64153552 0.911745548
    1.56226623 1.65209019 1.50142145 1.02468717 1.15324914 0.953837931
    1.09014785 0.958620608 1.82861495 1.38464344 1.52968264 1.43214154
    1.27289402 1.20930195 1.46911252 1.42291176 1.73059344 0.995747745
    1.71126854 0.99010098 1.24494994 1.42378211 1.17145431 1.1503154
    1.22024119 1.24548423 0.796847343 1.2353332 0.913730383 1.71492577
    1.07589447 1.96988273 1.31524432 1.7758193 1.23263133 0.784993172
    1.05422533 1.16770577 1.94657409 1.63024092 1.73003519 1.35074294
    1.14820504 0.849840879 0.957713127 1.52314496 0.844474077 1.06072009
    1.54084682 1.18670177 1.23494339 1.26490903 1.17595971 1.38317442
    1.44900131 1.89006674 0.972485363 1.54442775 1.70946407 1.63900042
    1.54052365 1.21242285 1.67985594 0.710619092 0.926351964 1.24918032
    1.6332835 1.64401627 1.06686115 0.793811023 0.817519009 1.31206095
    1.26788378 1.16272283 1.13817561 1.0907768 0.780506849 1.12685013
    1.62429428 1.75798023 1.34318078 0.971280694 1.0241617 1.48243117
    1.65439916 1.59933245 1.61505532 0.768526196 1.67206061 1.22443211
    1.47041237 1.78534663 1.09067428 1.16005588 1.22397566 1.53179991
    1.64543045 1.44537568 1.1404233 0.916167557 0.903499246 1.44098091
    0.917417288 1.83979452 1.26738572 1.07368898 1.20230865 1.19615865
    1.37712407 1.0853374 1.58990359 1.78749228 1.77811813 1.24704504
    1.52677095 0.757983148 1.61828363 0.862235248 0.844219446
    0.767263353 0.88159281 0.878554225 1.18219972 1.28663635 1.22963953
    1.26785064 0.990587234 1.30273759 1.62149322 1.61629295 1.3340143
    1.57705438 1.11015952 1.20176566 1.29649007 0.894190848 1.29427648
    1.26627731 1.20137298 1.58608103 0.96366936 0.933835566 0.687435389
    0.833278 0.570224881 1.39507234 0.709137142 1.65433502 1.44733071
    1.52432871 1.29012418 1.7334106 1.49185801 1.39518654 1.26391232
    0.763410509 0.964458525 0.836866856 1.16604877 1.61873102
    0.955564678 1.44310582 1.22044516 1.72940671 1.49652219 1.22248173
    1.65823805 1.48674428 1.71557653 1.2675302 1.26788485 0.941023827
    1.45424891 0.728042483 1.67301357 1.57536542 1.35097253 1.24135149
    0.896032631 0.836128831 0.681281447 1.33111429 1.31506824 1.15145183
    1.07167196 1.4953742 0.990433037 1.28128958 1.17143297 1.74322021
    1.16818321 1.00357759 1.2298578 1.27107954 1.68573141 1.07152081
    1.44652247 1.75096989 1.24198222 0.691206515 1.65776253 0.822659433
    1.64574873 1.27767074 1.09021807 0.820365071 1.52594304 0.909080267
    1.50372553 1.34550786 1.03443515 1.65307713 0.985054731 1.25098753
    0.858864248 1.84169292 1.05891263 1.6190815 1.04373658 1.41117895
    1.44896054 1.25035083 0.901316226 0.694340169 0.873625278 1.44151068
    1.48565817 1.17878163 0.788584292 1.31959856 1.53014445 0.947345138
    1.4572016 1.25327015 1.10479414 1.79830611 1.77911162 1.65040457
    1.64509642 1.63809872 1.07107508 0.993941665 1.22281587 1.40107799
    1.20265615 1.11283505 1.84620237 1.6361984 1.52063656 1.16221762
    1.20323873 1.76060927 1.62600362 1.88340187 1.33700907 1.17257762
    1.00774813 1.36938202 1.47799563 0.882784784 1.47359645 1.6730448
    1.22750425 1.15018451 1.02592599 0.881940067 1.01090312 1.58194184
    0.954097271 1.42300737 1.61980295 1.7222755 1.00045121 1.21688676
    1.24257541 1.20230961 1.87655234 1.02853036 1.23697746 0.84020251
    1.04243159 0.960733712 1.05657291 1.64127302 1.563923 0.98163408
    1.51919198 1.74570847 1.0638988 1.19089985 1.01473427 0.962150216
    0.78141886 1.35437131 1.70728183 1.39030445 1.32255507 0.899203241
    1.77044594 1.42412674 1.69335425 1.25379968 1.40914392 1.39270115
    1.42706442 0.970634103 0.823102176 1.0556879 1.25701666 1.52199137
    1.13781667 1.93657792 1.558599 1.661111 1.49121714 1.33995283
    0.799942613 0.963505805 0.912688136 0.678266048 1.30655026
    0.901990473 0.838852763 1.74809873 1.20904374 1.79393137 1.50566483
    0.842680871 1.72532713 0.942370713 1.23044133 1.41621757 1.28079295
    1.3357116 1.70306802 1.2721765 1.5798732 1.28212273 1.25666976
    0.923018396 1.4398253 1.4206599 1.69785225 1.31350243 1.28999782
    1.04778445 1.47378194 1.65115201 1.12210739 1.46967542 1.19044995
    1.77126503 1.46865547 1.37233186 1.43345809 1.19718552 1.10104537
    1.47802258 1.91425812 1.6854049 1.81479335 0.961884141 1.37505507
    1.14071417 1.32264447 1.19374466 1.31680048 1.32153428 1.81741345
    1.9120692 1.40151823 1.28073192 1.45537031 1.25731444 0.949106812
    0.959367752 0.689337671 0.945175946 1.58270192 1.58652818 1.1324805
    1.7884897 1.06463182 1.47536993 0.881840825 1.12626565 0.986812532
    1.23613298 1.46214604 1.22031116 0.928186238 1.19866657 1.52813399
    1.27584374 1.51671112 0.996490896 0.937313199 1.52139401 1.31546795
    1.25767124 0.673788965 1.410712 1.38836491 1.60322261 1.00021136
    1.60372651 1.02785933 1.8974663 1.68458056 1.62443674 0.858699977
    1.16327739 1.44472051 1.45350909 1.1869781 1.30920422 1.67525554
    1.90250945 1.78903008 1.45880556 0.950888574 1.45752692 1.45377302
    1.55988598 1.407601 0.911766052 1.45189703 0.765702546 1.4766202
    0.728858471 0.837446868 0.940578938 1.76463699 0.923496962
    0.760304987 1.44153786 1.06354403 1.09372568 0.742369711 0.802484751
    1.7027998 1.6019274 1.64619124 1.12586129 1.20823407 0.989875615
    0.791711867 0.688604295 0.780633211 0.975112617 1.19902968
    1.12284994 1.6054008 1.0774591 1.11507165 0.984339356 0.894774318
    1.15870297 1.53357685 0.952605844 1.29547572 0.859012246 1.196311
    1.63215554 1.30355203 1.20375025 1.56127417 1.2946279 1.33926439
    1.53014517 1.53377056 1.57759154 1.76477253 1.30320716 0.9198035
    0.827395499 0.819153309 0.747649729 0.880901515 0.836859465
    0.854482949 1.67491019 1.18746948 0.830579877 1.5979197 0.793866277
    1.22974956 0.946624815 1.10349405 1.22056746 1.445472 1.0610007
    1.85936975 1.42353189 1.88661098 1.67554224 1.57414246 1.28511977
    0.888262451 1.64824212 1.57933199 1.64204562 1.1230582 0.924159348
    1.83555353 1.52134025 1.54741323 1.65715873 1.53530061 1.8212142
    1.54406047 1.8879019 1.46122694 0.787233353 1.03427207 1.63069057
    1.39029574 1.32712162 1.30122674 1.40237546 1.49491918 1.46621192
    1.17637157 1.2376219 1.54800427 1.66191113 1.74705279 1.12278271
    1.42530942 1.62927055 1.33742654 1.7644223 1.62903047 1.1247896
    1.70642841 1.38706994 0.754330158 1.62919199 1.45685506 1.70237708
    1.58052146 1.4209975 1.68756425 1.79862773 1.68623137 1.487661
    0.792216957 0.976437271 1.37161732 1.10761166 1.04043734 1.70716381
    1.76989627 1.79926312 1.10739863 1.73454297 1.62474144 1.1220876
    0.905846059 1.5457015 0.935635209 0.835249603 0.925831378 1.42173958
    0.787674427 1.58777463 1.66436219 1.14147067 1.46606588 1.49342334
    1.19373751 1.26474035 1.64557302 1.11691654 1.12126434 0.578760207
    0.88907665 1.51650453 1.36820853 1.32619154 1.68543446 1.83915091
    0.916473985 1.76456368 1.31889439 1.23247313 1.66497993 1.36548173
    1.34206522 0.871411383 1.81575704 1.69636858 1.03793442 0.823720038
    1.45253634 1.3923347 1.10551119 1.68412781 1.11428988 1.10187197
    1.65833664 0.96715039 1.85516489 1.54867649 1.61912358 1.10592556
    0.900293589 1.50809956 0.888943195 1.61385751 1.65653312 1.34038448
    1.27501929 1.75670862 1.44637132 1.84643173 1.52935612 1.44722998
    1.24499643 1.15917432 1.42132318 1.15006614 1.0207119 1.35511625
    1.65090978 1.81505287 1.3975364 0.869261324 1.44839561 0.671968758
    1.35555601 0.612618685 1.17744553 1.18276906 1.38599157 1.62779367
    1.80141687 1.77272332 1.73913431 1.53617203 0.98978579 1.46031833
    1.33031976 1.32039285 1.11622155 0.913585067 1.04200435 1.2605288
    0.92081815 0.857025206 1.15820098 1.07102001 1.18095994 1.08236241
    0.632201076 0.702545106 0.998194456 0.895082116 0.973003447
    1.76246965 1.39603996 1.82282507 0.933814168 1.21731901 1.25181413
    1.74715567 1.15242302 1.40953875 0.744365096 1.28868926 0.810641706
    1.39481282 0.923864484 1.87649679 1.4195739 1.82884586 1.2540462
    1.7321564 1.63048232 1.53960407 1.97091591 1.19237494 1.10204029
    1.41911185 0.778149009 0.744817793 1.41182077 1.45998383 1.53418207
    1.6424917 1.448771 1.08845425 1.59007657 1.32128918 0.8583619
    1.25820506 1.19823706 1.60318792 0.896106899 1.16057122 0.753690541
    1.63914728 1.09539974 1.54258847 1.02750707 1.0504359 1.21816063
    1.71903884 1.23445618 0.740892231 1.04187703 0.859702468 1.14054191
    1.01374352 1.79471695 0.949251473 1.19663644 0.860103846 1.3172884
    0.903251112 0.788931847 0.987019777 1.04822552 1.72822523
    0.935626447 1.7870928 1.24019814 1.30393076 1.71459377 1.59608197
    1.34611356 0.842478395 1.36297524 0.659732401 1.30965924 1.07436872
    1.11439228 1.17636657 0.814530134 1.23557603 1.0491997 1.74325287
    0.797234178 1.26176238 1.22441733 1.07539535 1.46374142 1.68009782
    1.25259292 1.39370358 1.79956079 1.87560463 1.32432544 1.54336965
    1.45280218 1.22003257 1.02160263 1.70046055 1.90642035 1.61897349
    1.72326672 1.19354796 1.79779661 0.932811439 1.50251865 1.8644197
    1.8128655 1.4589864 0.985705495 1.6514461 0.876443803 1.35499501
    1.49738908 1.39171946 0.948193133 0.72955066 1.08454621 0.748689234
    1.04099441 1.71719909 1.43969858 1.11800444 1.46400154 1.70724952
    1.18386316 0.771892428 1.42361486 1.5298543 1.72965562 1.54550469
    1.59128273 1.09962869 1.50971317 0.907073081 1.73286569 1.29036927
    1.46394622 1.67493451 1.00427747 1.34277177 1.71970308 1.34971619
    1.22490764 0.757949829 0.653315306 1.54579818 1.09029937 1.18733931
    1.85746121 1.13583791 1.67839563 1.38921928 1.38836408 1.76846743
    1.05087137 1.1058768 0.89009583 1.78328693 1.26480436 1.63541853
    1.17090166 1.70698464 1.19234121 1.30987287 1.69651759 1.12354553
    1.05158317 1.12387896 0.687288225 0.692382157 0.86825496 0.85136342
    0.925384939 1.22454798 1.06128418 1.69009626 1.28168714 1.2302022
    1.93810666 1.69610524 1.55416048 1.46283185 1.07758951 1.11785913
    1.44701469 1.56546891 1.21321189 1.35262573 1.85869086 1.4036206
    1.2220757 1.71301961 1.77446878 1.01495004 1.43558967 0.805366218
    1.78723967 1.11717153 1.56052876 1.61064947 1.18539798 1.60541511
    1.23878813 0.906731248 1.48110723 1.41710389 1.46056402 1.88256979
    1.74677002 1.52471149 1.39915574 1.49773657 1.15764499 1.69674754
    1.32380188 1.07677031 0.902276158 1.01585805 0.859902203 1.0351491
    1.47650933 1.80799997 1.47830081 1.77582514 0.998427153 1.16815829
    1.41037858 0.759644687 1.5306294 1.42537749 1.23100567 1.63276172
    1.15994048 1.72944009 1.85191226 1.63380182 0.805498719 0.770350635
    1.4422977 1.52444446 1.05361819 1.63259637 0.829081297 1.10244727
    0.737460554 1.56465149 1.43993974 0.880999565 1.61838436 0.877189398
    1.45734 0.899105489 1.35048068 1.60419893 1.22021711 0.761462629
    1.22805572 0.832095444 1.55727291 0.914393187 1.20902038 1.69023991
    1.08333325 1.21920574 1.63874149 1.01253617 1.39267612 1.49379373
    0.75346297 1.58916855 0.914845228 1.69230235 0.954418242 1.75826895
    1.6256932 1.35540509 1.59117818 1.4792372 1.79184175 1.20775092
    1.30355263 0.877810538 0.939416409 1.6348685 1.12972164 1.84390414
    1.27814901 1.74332118 1.35285771 0.838476658 0.952661395 1.19116747
    1.46340001 1.21708298 0.936237514 0.901910424 1.2486974 1.61473835
    1.45283735 0.80436939 1.56946564 0.820806205 1.33918941 0.779731095
    0.779660642 0.858746469 1.40950799 0.687776983 0.955798209
    1.26361632 1.06779468 0.822299361 1.64384627 1.52997983 0.94356215
    0.72720921 0.794616461 1.7436986 0.983950675 1.42111146 1.65482545
    1.5088532 1.20329857 1.25392067 1.47123349 1.37248588 1.64808369
    1.51224995 0.979334533 0.857436597 0.529909074 0.677947044
    1.09824669 1.07457566 0.940815926 1.01047933 0.718788743 1.70094645
    1.48047233 1.45273983 1.00209332 1.72600532 0.875621378 1.14243937
    1.18147147 1.72223115 1.50885427 1.30991316 0.944990039 1.55256152
    1.28310668 1.83817995 1.01755321 1.54400802 1.58626139 1.55582178
    1.46344173 1.50188005 1.25030339 1.07154775 1.30841804 1.58782959
    1.82563186 1.57262576 1.60178149 0.895653307 1.24974871 1.19454443
    1.18764186 1.41177988 1.17085087 1.06658483 1.30986607 1.26229286
    0.982149601 1.75382423 1.83984113 1.49461305 1.38004541 1.30294728
    1.05955124 1.41437733 1.42343402 1.26658738 1.44949496 1.46270478
    1.25551105 1.08284557 0.943035305 1.78771436 1.531304 1.447052
    0.978647709 0.791369975 1.15559423 1.03046501 1.54772282 1.4785496
    1.26002729 0.885604441 1.21704435 1.04420733 1.28197443 1.68768501
    1.24999619 1.59548843 1.89266717 1.54783118 1.53221953 1.579615
    1.64691687 1.12601507 1.16712749 1.26590788 1.45732868 1.55185962
    1.57806206 1.0647639 0.764762521 1.02412403 0.662013471 1.18583536
    1.16838098 1.0526669 0.982063234 1.30751252 0.705171645 0.88241607
    0.866133213 1.40437305 1.77527845 1.44569743 1.3633498 1.54878497
    1.18357289 1.75880563 1.63550878 1.05049372 1.63298583 1.52054214
    1.07611632 1.22975767 1.73909032 1.09024191 1.35441697 1.48324108
    1.11434615 0.953840435 1.04400837 1.21068907 1.7549305 1.07932591
    1.03758883 1.60183966 1.00941014 1.32410955 1.62829375 1.08366632
    0.935128868 0.762706399 0.751584232 1.60956502 0.848084211
    1.40818548 1.55448639 1.25036693 1.40226114 1.76960647 1.17319679
    1.25350785 1.67180574 0.777254999 1.62693739 0.858594537 1.02828026
    1.12954438 1.60574841 1.32428837 1.30222607 1.22345853 0.872651875
    1.39186502 1.17730939 1.29002655 1.30798066 1.19482958 1.06960773
    1.92059577 1.86932027 1.68126249 1.23298609 1.63646328 1.38823664
    1.22714424 1.16936231 0.82048583 1.79441619 1.48526251 1.79613543
    1.5846808 1.1125282 1.14870167 1.26340926 1.39399743 1.31195104
    1.2064054 0.740962744 1.10244095 1.21112275 0.742048919 1.01675761
    1.12136841 1.47635102 1.22214067 1.38782728 1.0993675 1.53510106
    1.12949419 1.02985954 0.995480061 1.54474056 1.22902966 0.737460375
    0.967732012 1.25519073 1.07755637 1.41304004 1.11265028 1.31909394
    1.40499187 1.58615756 1.87076724 1.19204855 1.79187727 1.46396792
    0.897700191 1.00284648 1.11927426 1.15043366 1.16339374 1.65290093
    1.19350958 1.00675249 1.722651 1.33282769 0.876637757 1.74737239
    1.18368065 1.30952358 0.814121842 1.75745237 1.63774598 1.08803427
    1.22570169 0.804844022 1.54504359 0.987658024 1.26295042 1.64986157
    0.863094389 0.933529079 1.68976796 1.05857325 1.0464077 1.07159126
    1.06980538 1.67503834 1.64133644 1.77762675 1.6192379 0.865215898
    1.51957452 1.0729214 1.47998393 1.11989295 1.52453601 1.67370808
    1.38975048 0.907909811 1.59586883 1.57142842 1.4849695 1.33012521
    1.00616717 0.752838492 0.644198537 0.791199505 0.831525683
    1.01737237 0.824713588 0.612685204 1.01654673 1.43686187 1.12998152
    1.6185596 1.65025377 0.740719378 1.61313987 1.447528 1.41731119
    1.52374101 1.66957879 1.05339336 0.947945654 0.862113595 1.06490314
    1.63549972 1.76302385 1.56704998 1.75916088 1.424577 1.15169239
    1.31379378 1.69751906 0.95945847 1.19868243 1.28857267 1.71324921
    1.82394266 1.08554995 1.15163589 1.11838448 1.04012299 0.891561031
    0.782294452 0.914224148 0.726981699 1.0010711 1.44184482 0.921532452
    1.21675825 1.23417437 1.40092337 1.0119797 1.54411578 0.927934289
    1.35768926 1.57970679 0.836875856 1.25364292 1.06951392 1.29657173
    0.979206502 1.82881546 1.76383162 1.43098021 1.12876844 1.12463379
    1.27895367 1.39332259 1.53643596 1.63849962 1.67895627 1.16185308
    1.54674268 0.762175798 0.76417166 1.33300126 1.40197599 1.42602539
    0.858408749 1.54791284 1.50137401 1.08443677 1.83596122 1.37096369
    1.38635349 1.77720094 1.4324584 1.72864878 1.26090789 1.5828048
    1.54072893 0.938454628 0.890526474 1.02558756 1.20422113 0.880671144
    0.753637791 1.573246 1.47424865 1.07734191 1.05991888 1.17706752
    1.64374995 0.932123244 0.998111248 1.62164509 1.39852452 1.1486975
    1.11165583 1.85257518 1.66900885 1.54163015 1.65003431 1.73730719
    0.91329366 1.34169376 1.69900084 1.78548598 1.07745564 1.57254672
    1.54432118 1.3242768 1.11048388 1.21122324 0.855235636 1.00551474
    1.1244446 1.55032253 1.76454687 0.86853683 1.78413343 1.67030537
    1.76446664 0.776356637 0.872187972 0.846634448 1.21901405 1.1032877
    1.08407903 1.48912573 1.34692085 1.7172296 1.37389231 0.862522185
    1.05969596 1.43451178 1.18182743 0.952352941 1.43592918 1.12850296
    1.05679417 1.26309037 1.3846761 1.82678962 1.6801641 1.73857796
    1.14028656 1.69383991 1.52545822 1.50677299 0.909403563 1.75770772
    0.855428696 1.44494748 1.23948956 1.58154929 1.21503472 0.726953447
    1.06304705 1.04193532 1.14093244 0.943171322 1.1352396 1.11630392
    1.38914227 0.72550261 0.681307375 0.845671237 1.14011252 1.04816842
    1.22520053 1.23426867 0.772875607 0.705494702 1.15067518 0.751010358
    0.939032137 1.40349627 1.6965158 1.26678193 1.46276498 1.35595548
    1.06010497 1.23031914 0.708605826 1.01058233 1.34182501 1.0679307
    0.772756219 0.904691517 1.1121906 1.10365415 0.847448468 1.80559242
    1.11990023 1.37543941 0.966814458 1.11573422 0.819944263 1.67481649
    1.47811067 0.783636689 1.33604205 1.1867497 1.44902277 1.46065831
    1.09658659 1.48263943 1.51921022 1.0666579 1.40500844 1.07827187
    1.1323539 1.71170306 0.871048868 1.53553081 1.71476102 1.46237302
    1.04728675 1.19632173 0.842263997 1.0657419 0.841934025 1.62191808
    1.80970716 1.14611316 1.45038438 0.953998327 1.03227627 1.31134987
    1.4573226 1.31125271 0.942669094 0.841998339 0.780254066 1.59137988
    1.10189736 1.33480656 1.01750898 1.86324513 1.23117089 1.59734869
    1.03418493 1.86442232 1.64762521 1.72734237 1.29870105 0.892646432
    1.24555552 0.89662534 1.11745369 0.942439377 0.764847398 1.05088389
    0.815261245 1.26395822 1.17240322 1.08820736 1.386186 1.17744899
    0.785378158 0.881987333 1.02819526 1.59575987 1.08921957 0.754161537
    0.754992604 1.1702528 1.33234572 0.821565986 1.14685452 0.932229102
    1.42541516 1.26323318 1.62423909 1.39421391 1.0758239 0.873830259
    1.76836717 1.77111602 1.08063948 1.38564301 1.39274263 1.1284126
    0.947339535 0.846406639 1.57600105 1.69033754 1.1398586 0.97457701
    0.81954217 0.984805822 0.824234009 1.16647029 1.29534125 1.54801464
    1.32679653 0.846832573 0.916055143 0.737169325 1.59648311
    0.972571731 1.30427277 1.23704576 1.76454127 1.66346085 1.6387558
    1.77176952 1.22349179 1.14289081 1.79471576 0.909572601 0.80573976
    1.12290764 0.720852137 0.901542366 1.65248907 0.936911464 1.14367783
    1.4218415 1.06526196 1.71003139 1.15364838 0.813292503 1.40063143
    0.906944692 1.23268044 1.58046556 1.61448359 1.23681557 1.74530292
    1.18531573 1.65210366 1.66188753 1.22469652 1.76029909 1.18149018
    1.48422706 0.965044558 0.874703169 1.38267994 1.55994642 1.21378469
    1.70800638 1.06376243 1.6838913 1.19022679 1.18874097 0.936630189
    1.13732338 1.61610603 1.11465716 1.50553727 1.19322467 1.76960206
    1.02381456 1.25515759 1.69400513 1.5543946 1.70420372 1.08401728
    1.29556191 1.02514601 1.64391184 1.25965917 1.00493324 1.30817211
    1.17583489 1.7878716 1.00833118 1.45819628 1.36571038 0.72607255
    0.636774659 0.737450063 1.22929573 1.33180773 1.76339328 1.58908439
    1.11880815 0.793262661 0.738924682 0.950430751 0.723730505
    1.06566179 0.895926416 0.980720222 0.95679462 1.58756614 1.21312332
    1.68013442 1.4415493 0.920403183 1.52387142 1.06109619 1.54270184
    1.68395698 1.5251199 1.2460593 1.29842794 1.38551927 0.955168724
    1.20200145 1.1715014 1.13528144 1.52180326 1.55099809 1.16063201
    1.53703153 1.58687294 0.816666007 0.765493155 0.931993663
    0.769024193 1.40416944 0.681315005 1.7323854 1.72717702 1.78410518
    1.60208988 1.37345576 1.25032258 1.4767853 0.782973528 0.956513882
    1.02865565 1.63446927 0.786647677 1.39722109 1.02446163 1.61722362
    1.70678842 1.25671148 1.63811934 1.37769485 1.37682652 1.58999968
    1.12811518 1.38431227 1.09229243 1.18876541 1.55864799 0.890462279
    1.07947934 1.69948363 1.4689002 1.52300942 1.5466857 0.900817752
    1.3100127 1.19829786 1.82657826 1.35889256 0.994269669 1.05141234
    1.11085868 0.760351479 1.28918004 1.27251637 1.4334147 1.1570971
    1.23094034 1.08311653 1.25556529 1.68696213 1.7557801 1.79719543
    1.00784862 1.26669335 1.19876158 1.3321327 1.46497869 1.21751606
    0.971648395 0.897886813 1.33535981 0.839031577 1.07216334 1.61636221
    1.51107728 1.70902753 1.40965283 1.0032028 1.24415028 0.847261846
    0.785485327 1.20638716 1.13583243 1.43495905 1.66528797 1.26870823
    0.950726569 1.21097374 1.30136049 1.78345168 0.982015133 0.884147048
    1.54582751 1.74386466 0.983798563 1.89025605 1.23392451 1.17423534
    1.35380554 0.760046005 1.49466598 1.44489634 1.18859529 1.14102185
    1.08934426 1.25975382 0.656949282 1.01596749 1.1655252 0.734248102
    0.838084936 0.889940679 1.18383145 1.24285066 1.57306778 1.08943403
    1.01590633 0.873931825 1.39507973 1.55308664 1.06787586 0.858388126
    1.20031357 1.07876825 1.46790683 1.61217046 1.5871352 1.73506391
    1.34039867 1.61974692 0.898324668 1.70976615 1.63326073 1.57712531
    0.862713516 1.6866082 1.41575551 1.59059966 0.957993627 1.11525583
    1.12077272 1.21923304 1.09140873 1.15315163 0.818822742 1.12285614
    1.11189461 0.84430033 1.17975235 1.23777342 0.930374503 1.39285421
    1.51473916 1.81543469 1.01486957 1.5918268 1.86544025 1.45205009
    1.75949323 1.7775799 1.03207743 1.48877144 1.50762773 1.56805706
    1.19437993 0.887455046 1.24522972 1.41201389 1.03979075 1.52019644
    1.70039892 1.24501765 0.922697663 0.949283004 1.62883925 1.54848683
    1.64067137 1.66114628 1.45273459 1.74940979 1.1629945 1.61924803
    1.32971632 1.7799269 1.72241127 0.88899976 0.875409424 0.839819849
    1.6452651 1.3937633 1.25662661 1.41181409 1.46823049 1.46734619
    0.978411317 1.47796774 1.44117379 1.20539212 1.36446071 1.23021364
    0.979797006 1.25423002 1.355281 1.17068529 1.6032083 0.929591417
    1.50641239 0.963472426 1.82083905 0.783564389 0.939851701
    0.929302871 0.966009378 1.53424275 1.00929308 1.71982408 1.84562171
    1.42337775 1.1636467 1.39765072 1.38009667 1.1538142 0.745301187
    0.727004111 1.12021899 0.809530318 1.76952887 1.77190721 1.16461527
    1.42180645 1.24163938 1.63136601 1.41232657 0.986190498 1.23909736
    1.24006224 0.904021978 1.33479464 1.06819892 0.98325485 1.86340511
    1.85107458 0.950286448 1.50547898 1.03883076 0.80918932 1.41587126
    1.20020759 1.51048112 1.53501225 1.09076369 1.11460292 0.946279287
    1.34590888 0.860988557 0.968823671 1.76252723 1.3159368 1.53710735
    1.08925819 0.94121927 1.36545789 0.656567037 1.58424914 0.831121683
    1.20828855 0.931850553 0.936286211 0.830883145 1.18307078 1.47387254
    1.29191899 0.855752945 0.779670715 0.869382501 0.681414545 1.4925102
    1.43971813 1.241974 1.3528353 0.725229979 0.841236711 1.36253822
    1.54845619 1.29864609 1.53775001 1.73401332 1.84957767 1.68348682
    1.22290051 1.13822627 0.889539063 0.978701532 1.00440347 1.72890663
    1.51311767 1.5995611 0.931720674 1.62610364 1.28375649 1.76827347
    1.22393358 1.66930532 1.36135101 1.41012275 1.2480489 0.820879698
    1.0283159 1.50950563 1.43607891 1.7730906 1.79103756 1.45972443
    1.10982823 0.964826465 1.46919823 1.53016651 0.904653013 1.08242929
    1.30202377 0.983624518 1.32259119 1.02021194 1.58484137 1.01523006
    0.856203198 1.08237231 1.67643082 1.15725839 1.30469418 1.47230637
    1.16175878 1.47097325 1.57633376 1.22515738 1.55061471 0.827713966
    0.985440373 1.50135195 1.08276534 1.27562606 1.06256652 1.7035594
    1.65670311 1.42075276 1.58406043 1.54953384 1.54131734 0.795591891
    1.56404459 1.52733541 1.03418076 1.50139749 1.71851718 1.15452099
    1.06226504 1.60648179 1.62811148 0.907722831 0.865100145 0.866303325
    1.0215677 0.676121116 1.67630184 1.65963721 1.29898918 1.41143167
    0.951861501 1.51313341 1.63918149 1.16781855 0.89651525 1.52085745
    0.784222662 1.44563043 0.884344339 0.97943902 0.917711079 1.04804504
    1.65529215 1.23634923 1.22284472 1.18870389 1.7181021 0.946567953
    1.69596505 1.72888482 1.00714529 1.69654381 0.765370369 1.30520236
    0.803707778 1.03315747 1.10207188 0.856613934 1.49470949 1.01018012
    1.23482776 1.52661908 1.01785254 1.57437789 0.915755272 0.749904752
    1.0263834 0.915344834 0.91004914 1.01334107 0.785365105 1.0678854
    1.38666523 1.90856397 1.26311696 1.70399213 1.57510281 1.56897616
    1.59124148 1.82907867 1.42949378 1.33463407 1.04328895 0.748522997
    0.6467942 0.80973655 1.51287806 1.67809069 1.42302191 1.04129434
    1.69822228 1.06068373 0.934743702 1.45546353 1.52821481 0.879292548
    1.17607272 1.66216671 0.714342535 0.744043052 0.777186692 1.62891531
    1.3537004 1.21393049 0.902147412 0.894195735 1.25351226 1.60964274
    1.67573535 1.12854409 1.69425547 1.49376702 1.96370542 1.36464918
    1.66534138 0.791676402 1.18030155 0.944679797 1.12790465 0.852072775
    1.29855621 1.3364563 1.73099732 1.45619094 0.944838881 1.46410918
    1.43768787 0.994173765 0.812432468 1.61203194 1.46686435 1.72144163
    1.19323647 1.45479119 1.09927809 1.36913061 1.66402018 1.49484813
    0.963053882 1.50821793 1.47184169 0.785108566 0.779794574 1.44644678
    1.04612684 1.08949816 0.889624536 1.81731379 1.58324337 0.997615218
    0.793839931 1.27102208 0.728742599 0.693027258 1.03909063 1.40791237
    1.40728557 1.11257315 1.48628736 1.80081379 1.79211819 1.68964255
    1.20981479 1.33832419 1.1475563 1.04930556 1.76823533 0.74398607
    1.0429188 0.715923607 1.23369753 1.22474825 0.879050672 0.742786586
    1.56604481 0.725550592 0.949620426 0.872766674 1.02688682 1.26784182
    0.906016409 1.33142161 1.15046918 1.38977003 1.1942215 0.888583362
    1.79995131 0.842462838 1.58252752 1.07714832 0.902878463 1.58361804
    1.05930841 0.913317859 0.781399667 1.4507519 1.31520855 1.24669397
    1.17811823 1.44378209 1.46085 1.35445881 1.87926948 0.919959724
    1.64831805 1.36331904 1.17244947 0.868969858 1.6996119 1.14478528
    1.34139359 1.74188685 1.37363195 1.83125103 1.0295856 1.48058212
    1.39984655 1.2823658 1.32912922 1.43982136 1.28510153 1.52181435
    1.75351822 1.11150908 0.779310465 0.737853348 1.04152811 1.69487643
    1.39316261 0.974130809 0.8621068 1.35651731 1.22475171 1.27422094
    1.80277932 1.19541287 1.55826771 1.42465079 0.714648783 0.878815889
    1.31152785 1.01841068 1.29923236 0.777409434 0.8910954 1.55395377
    0.924636245 1.88577664 0.98421067 0.944760203 0.88475728 0.777199507
    0.988348722 1.22151327 1.63134789 1.29917645 0.906268299 1.51116073
    1.56820488 1.23712599 1.56056416 1.2956444 1.85735857 1.16436183
    0.895343781 0.726869583 0.89500922 0.885909319 1.6606319 0.780375779
    1.45584202 1.11696303 1.30298758 0.907564521 1.49979472 1.13649046
    1.54880583 1.5872376 1.06779456 0.644961059 1.06513262 1.39499342
    0.986061037 0.862471223 1.34506357 1.47135758 1.35560572 1.80148661
    0.93201232 1.84583068 1.12385309 1.43176794 1.41762185 1.24241865
    0.918855488 0.863238931 1.15657377 1.74544215 1.56964719 1.27977216
    1.36559212 0.958168507 0.993853629 1.02336323 0.984236479 1.08794773
    0.866004586 1.25004482 1.64058673 1.08949387 1.08934164 1.20313358
    1.00231063 0.973624587 1.26230299 1.48203242 1.05796778 1.70427835
    1.40094197 1.12770128 1.36413145 0.920181811 1.53888893 1.54724813
    1.60128534 1.63907588 0.888553143 1.63819337 1.66476786 1.40641129
    1.47796857 1.81791294 1.35063684 1.68238366 1.71409261 1.4434644
    1.71588039 1.00568366 1.03750622 0.817834079 0.832565069 1.26001537
    1.47273886 0.997354686 1.41709042 1.67336273 1.50974011 1.14564264
    1.4884367 1.58051038 1.41866922 1.57317436 1.4225713 1.43374038
    1.1641258 1.21857882 0.956730843 1.63970447 1.21665645 1.65245533
    1.6711055 1.7122246 1.40044725 1.0065552 1.20220852 1.46062911
    1.67802131 1.82174265 1.73133981 1.29776502 1.3034333 1.08607793
    0.722374916 0.829497099 0.869494438 1.28370845 1.43733227
    0.767161369 1.30777705 1.05523896 1.3818903 0.793396413 1.21893799
    0.94001776 0.95530355 1.20568073 0.77794534 1.31359255 1.51269102
    1.5350368 1.74349713 1.78832197 0.993807793 1.41224253 1.70530283
    1.19890618 1.02515483 1.77079594 1.7627821 1.67847049 0.865765393
    1.14145684 1.41681647 1.08206153 1.36044586 1.38920057 0.863596141
    1.58505964 0.936724484 0.92335695 1.29429257 1.55502772 1.06076539
    1.68544114 1.42630291 1.68801093 1.12154281 1.3946619 0.988632917
    1.06383324 1.75199568 0.904503763 1.32059646 1.30965459 0.811686516
    1.00443292 1.03014922 0.677828252 1.22118759 1.74773777 1.04434776
    1.2763679 1.44137788 1.11948323 1.3348732 0.768308342 0.845978856
    1.09956527 1.36662495 1.02585959 1.57740247 1.49736679 1.71297359
    1.57004619 1.56693757 1.39158666 1.09571397 1.61562705 0.981634796
    1.28738308 0.81269294 1.6854769 0.835145354 1.49132943 1.24343681
    1.50646889 1.20284319 1.13056076 1.46650207 1.70695245 1.85627019
    1.09398043 1.05290139 1.59297442 1.5039469 1.75681543 1.64837337
    1.13227284 1.13217187 1.76530468 1.79494774 1.34578812 1.71133566
    1.24802423 1.47614861 1.74712479 1.12496567 1.50831926 1.31738281
    1.29289484 1.39027166 1.42509818 1.58632171 0.811058998 0.895171225
    1.82389998 1.27776611 1.80622888 1.28355145 1.41267335 1.22521937
    0.720374167 1.26857769 1.2769978 0.656030238 0.725015879 1.28365684
    1.53907263 0.943186343 1.24043822 0.949620187 1.27171564 1.66938329
    1.81173348 1.28545022 1.0240494 0.945845604 1.10457253 0.811797678
    1.33887219 1.08432734 1.4664129 1.01355314 1.32024062 0.755139053
    1.61758566 1.68126547 1.78294492 1.96260393 1.34927976 1.32120001
    0.84637773 1.17288327 0.692076385 1.00915086 1.4292978 1.31980026
    1.10311687 0.976412177 1.09870791 1.41254413 1.13899589 1.18154478
    1.18467069 1.38906932 0.702731431 1.2363224 1.18081474 0.862792611
    1.35656083 1.67361391 1.27290201 1.85558987 1.0308423 1.38863575
    1.41029096 1.52324688 1.77024794 1.06354034 1.20335793 1.17298937
    1.72129834 1.67736351 1.15339339 1.49216354 1.56350136 1.15777099
    1.2417351 1.09267545 0.98188746 1.15102518 1.48584056 1.32310605
    0.842329681 0.912240505 1.26630986 1.46057856 1.58998072 1.05867386
    0.962094903 1.02194047 0.85198313 1.74500144 1.70194101 1.39832485
    1.40194869 0.950393558 1.16733027 1.1103611 1.14759493 0.800240159
    1.03471339 1.43110359 0.961466134 0.900254369 1.30036259 1.31390107
    1.69528008 1.50428915 1.78875721 1.14727783 1.21866834 1.32085574
    1.2246331 0.740855455 0.956403673 0.991839767 1.26763499 1.03740406
    1.55866802 1.09609163 1.37627053 1.56376791 1.51931262 1.21883738
    0.893674076 0.899154484 1.42185807 0.947864056 0.866731822
    0.998288989 0.761233807 0.715730906 1.04136074 1.10968792 1.51436019
    1.48049188 0.764792919 1.69849563 1.1001848 1.25856054 1.73172152
    1.55003369 1.70014334 1.75739944 1.00666952 1.06488335 0.820860326
    1.22223711 0.643983066 1.42867148 0.831882775 1.61353958 1.53265762
    0.800377905 1.17482221 1.58505452 0.799003422 0.877175093 1.47449446
    1.50455546 1.48749626 0.829942226 0.936878562 1.3919009 0.957873583
    1.0035578 1.22087979 1.57151806 1.43946135 1.63399947 1.74694836
    1.82544231 1.02219677 1.00997949 1.38274789 1.6453476 1.47197688
    1.38264966 1.26853549 1.27371609 1.53560746 1.3571943 1.02810895
    0.735743761 1.38035035 1.2745012 1.23086452 1.27781963 1.07133925
    0.936560869 0.983714461 1.78034616 1.50608909 1.02861559 1.70699215
    0.932325244 1.20275939 1.2155298 1.35437429 1.22102308 0.865316987
    0.993451774 1.70174515 1.38289011 1.02223599 1.06413984 1.07677865
    1.55679917 0.887467921 1.32664597 1.46837091 0.888696611 1.22066748
    0.821051538 1.70029175 1.58698475 1.1774627 1.42662072 1.21638882
    0.941176176 1.48449087 1.15941679 1.2125411 0.729987442 1.36075068
    1.05418134 1.58938825 1.05477631 1.03934133 1.49626327 1.1738838
    1.58081162 0.913752019 1.08588767 1.06015921 1.67563283 0.959871829
    1.40722048 1.76207364 0.892789841 1.61702204 1.49524868 1.66090047
    1.62656617 1.510252 1.2319746 1.44257569 1.70630658 1.58026481
    0.955158472 1.15852273 1.04259729 0.862279654 1.67130196 1.49401331
    1.29182696 1.46230686 0.701390207 1.42598021 0.834866881 1.32087672
    0.820566654 1.1001755 1.23257887 1.46353459 0.81297195 1.25247216
    0.9056862 0.570120096 0.743008196 0.934854388 1.40904295 1.09147668
    1.11464751 0.999084353 1.18841636 1.87162542 1.49910843 1.52654707
    0.918553412 1.14728236 1.08226764 1.52815378 1.74890327 0.825540721
    0.960093915 1.36404276 1.20728338 1.27767527 1.50549781 1.01263475
    1.12219834 1.41253436 1.29848552 1.4619571 1.85478771 0.787149072
    1.44069827 0.921334267 0.827208936 1.45079565 0.830923498
    0.966683865 1.4987638 1.43038154 1.70550823 0.999898672 1.19837546
    1.58353579 0.869239271 1.14501488 0.831050158 0.854825675 1.1079011
    1.35075009 0.952653348 1.64975786 1.28862238 1.80281889 1.53681612
    0.94524914 1.40453124 0.869362414 1.44453585 1.69171059 0.971600354
    1.7597301 1.60258794 1.2009201 1.61133897 1.08196926 1.82114041
    0.941626072 1.4864217 1.1539259 0.926273048 0.719529986 1.32863069
    1.5864321 0.951417565 0.99269855 1.03194582 1.39831722 1.384776
    1.69037437 1.42092597 1.4631511 0.923568666 1.6132201 0.913927615
    1.68474889 1.45790815 0.837650418 1.41945422 1.03853381 0.797629118
    0.906728327 1.6908834 1.20501268 1.46819687 1.78317511 0.906944215
    1.24028313 1.33870184 1.06112075 1.23909986 1.43383789 0.798673451
    1.09213948 1.30168068 0.920206666 1.68651319 1.39000654 1.19767761
    0.776580393 1.16191554 1.45182681 1.77521992 1.77483952 1.15344381
    1.11232531 1.10951877 1.20429599 1.57170737 1.53227437 1.29946864
    1.03329432 1.59794092 1.70219052 1.82578087 1.32341433 0.875371099
    1.66493654 1.23497117 1.17397928 1.21535707 1.31525731 1.43667603
    1.0436312 1.20219874 0.704299212 1.33218408 0.822627783 0.986220479
    1.40963602 1.4085027 0.703471482 1.41094935 0.622837126 0.804171801
    0.767715633 1.30973935 1.05846894 1.61622036 1.31166899 1.69239581
    1.34593546 0.960307956 1.18642855 0.906883717 1.35102248 1.08772373
    1.77589309 1.79068422 1.30324578 1.69233799 1.63241851 1.43430853
    1.16086984 1.62611461 1.78870738 1.83708954 0.99157387 1.00108588
    0.90411365 0.859706581 1.16215551 0.826653302 0.822948039 1.38869548
    1.68514705 1.06812751 0.841659904 1.45062494 1.12657809 0.902570009
    1.75656557 0.935639024 1.56075954 1.69218171 1.72187233 0.809104383
    1.19435835 1.21257937 1.25891387 1.78545821 1.21269763 1.42182767
    1.85484612 1.78932726 1.66221607 1.9225843 1.34893405 1.03609228
    1.03960156 0.670256495 1.60875773 0.793281198 1.41397297 0.986902654
    1.19169414 1.48365998 1.04004335 1.23103523 1.67344773 1.1742934
    1.62001932 1.63885713 1.81569254 1.06590915 1.36850739 0.881155849
    1.15764034 1.75976133 1.65092015 0.76699549 1.28377819 1.70239317
    1.6669451 1.19675124 1.26318169 1.76753247 1.42392254 1.45489049
    1.4378854 1.229339 1.64841294 1.34393525 1.05605638 1.33536422
    0.893047154 0.843509018 1.52061415 0.920349121 1.70001626 1.82869649
    1.20903838 1.21653306 1.18424511 0.978332579 0.874063849 1.69172513
    0.901458442 1.35927367 1.62997842 0.866247296 1.47277987 1.69604087
    0.845537663 0.839352429 1.19126511 0.59788233 0.953009903
    0.510747969 0.861676455 1.57253659 1.03684378 1.32340634 0.866611898
    1.26592326 1.4925909 1.29261601 1.24079967 1.67413032 0.981780529
    0.767702579 0.928295076 1.6621052 1.55574644 0.909205616 1.59513807
    1.33155477 1.51153028 1.17387223 1.357651 0.969771206 1.0166465
    1.17058527 1.58455348 1.93968344 1.89803827 1.81941116 1.78472114
    0.98901546 0.984039307 0.944341004 1.27786279 1.75199294 1.56975281
    0.954463065 1.40658033 1.3828969 1.11878991 1.30348051 1.57706845
    0.892337143 1.74227285 1.69612896 0.811106622 1.45848083 1.01420569
    1.41479969 1.46460855 0.910202086 0.808579981 1.60559916 1.31238031
    1.3317399 1.12792993 1.40465903 1.0230298 1.45305288 1.63418627
    1.62304819 1.2208451 1.30804706 1.22659862 1.53840423 1.31773233
    1.24661744 1.30910754 1.16652226 1.69514763 1.74205554 1.00278366
    0.880560696 1.32577682 1.24058378 1.51084602 1.01083982 1.62855887
    1.10413373 1.34165156 1.58372891 0.899416447 1.02616 1.20181692
    0.782232046 1.1366694 1.17544186 0.928613007 1.38315427 1.38594341
    1.33255303 1.44890714 1.09069896 0.761668861 1.31800771 1.57738101
    1.62836766 1.38170481 1.7969172 1.62235546 1.70730984 1.20559776
    1.35361969 1.4143672 1.50119424 1.34369767 1.43626714 1.25450993
    1.39664602 1.08090162 1.36466825 0.904132187 1.3709228 1.46483421
    0.924160123 1.20126462 0.91007334 1.61271608 1.03531408 1.10565412
    0.979010046 1.52238548 1.25885546 1.19258881 0.94754982 1.15388346
    0.971078157 1.04932642 1.29707789 1.13671386 0.791279674 0.70207268
    1.0587281 1.21210515 1.38313699 0.803439021 1.6394428 1.28665686
    1.00789249 1.07649386 0.871873081 0.843611896 1.61326301 0.823021233
    1.17480826 0.909216106 1.10283363 1.38508964 0.992468715 1.16198039
    1.56010032 1.22089231 1.13045132 1.64153707 1.74940407 1.15834713
    1.73488915 0.899053633 1.67338896 0.82988143 1.64681697 0.917304099
    1.65578532 0.872122347 1.46158791 1.82834959 1.0929234 1.76421678
    1.76859868 1.22064543 1.24375987 1.48221874 0.963644147 1.69826126
    1.16106033 1.25886416 0.789089501 1.32145131 1.29599953 1.5681597
    1.65599608 1.7184273 1.29904699 1.06727433 0.87192899 1.56490326
    1.42445636 1.85440814 1.93006086 1.7432127 1.32147098 1.15776157
    1.66803682 1.9499737 1.77216482 1.6159569 0.792624474 0.761230528
    1.57655978 0.88497901 0.84403789 1.30474842 1.30415142 1.81975949
    1.62903392 1.44274795 1.17044401 1.35892642 1.76553309 0.978327394
    1.13230741 1.22603881 1.59470809 1.00088787 1.46278107 1.45415676
    0.837858081 0.867291987 1.36378872 1.09040439 1.05286729 1.39901936
    0.876365125 1.70502734 0.948061407 1.739375 1.00213146 1.01062799
    1.59837043 0.904440641 1.03331423 1.83611465 1.375139 1.60716462
    1.71509087 1.12213445 1.54704106 0.932472825 1.77737546 1.71112049
    1.06818748 0.978771389 1.53849161 1.41733515 1.27578735 1.62070417
    0.954388916 1.32557678 1.12541795 1.72875714 1.31724226 0.910473406
    1.4755882 0.922506213 0.84095186 0.780897617 0.62394172 1.19206929
    1.02710485 1.67296326 1.59669936 1.448089 1.58994961 1.80172789
    1.2023325 1.49816024 1.47476828 1.289379 0.704535604 0.783308983
    1.18295455 1.74383032 1.33991098 1.42123318 1.02380764 1.02070642
    1.28016484 1.55633795 1.10375178 1.2591939 1.47902191 1.44597614
    1.44805014 1.56835675 1.52042747 1.49250162 1.79056978 1.14138639
    1.63828099 0.979589164 1.35298562 1.35944724 1.74723923 1.00540876
    1.70125771 1.78409076 1.80777705 1.00109637 0.801283181 0.870293379
    1.10942495 1.47279787 1.57989073 1.53365779 1.09215736 1.03102696
    1.11234629 1.58905125 1.63842404 0.896460831 1.20921361 1.41810834
    1.23785913 1.1645515 1.36968732 1.3424139 1.05411601 1.67676258
    1.59490979 1.33532572 1.64023387 1.81984878 1.09083486 0.924578309
    1.57256806 1.15163279 0.89262104 1.09137678 1.09022045 1.357041
    1.5046494 1.73889005 1.83402276 0.958717644 0.826170862 0.949820101
    1.24890912 1.29110789 1.44171906 0.730416775 1.46021724 0.901157081
    1.27767825 1.42250633 0.745169342 0.760479093 0.79005003 0.926313281
    1.34861529 1.03648508 1.77714825 1.29913402 1.76104212 1.32384717
    0.87653923 0.81433773 1.07937562 1.4764359 1.64878631 1.54067743
    0.985643089 0.846646249 0.862831295 1.72670114 1.4371314 1.13694048
    1.00269449 0.906559408 1.10355568 0.91908592 1.01103795 0.979278147
    1.17260635 1.07576239 1.17432058 1.31147969 0.939516723 1.73797572
    1.81673431 1.37429106 1.56127071 1.09631348 0.785056412 0.931798458
    0.88393569 1.18767059 0.704356194 0.649794638 0.928596556 0.85106504
    1.15433228 1.29419279 1.75183403 1.1415118 1.23264408 0.926524103
    0.781218112 1.3150959 0.890197337 1.01204455 0.79997015 1.46679902
    1.62662518 0.966302216 1.34336531 1.32920134 0.8164801 0.954454541
    1.3540659 1.57930636 1.54186821 1.45601094 1.10769069 0.889748633
    1.51020551 1.47801721 1.42788815 1.36533868 1.05451274 1.81952584
    1.51924384 1.14723909 1.02490544 1.37552822 1.41059089 1.2080158
    0.944807827 1.61789024 1.31355214 1.84475994 1.5652436 0.998096824
    0.893998742 1.0783596 0.815266907 1.75350702 1.63045192 1.10569763
    1.43362975 1.24943376 1.00703573 1.40964615 1.6369257 1.83803129
    1.30828321 1.70871317 0.993133545 1.76681137 1.64945257 1.90730596
    1.61886513 1.69670951 0.899760902 1.7189467 1.19076216 0.968714535
    0.763158143 1.46598208 0.917717814 1.09480381 1.66850495 0.977923095
    0.947008371 1.63002503 1.65990102 1.91425753 1.84849143 1.88647151
    1.82590568 1.58198202 1.72388852 1.71206117 1.02620935 1.51706278
    0.998193026 1.28409672 1.58473825 1.71544695 0.950168014 1.65545499
    1.07077038 1.38838673 0.823152006 0.748436749 1.50119221 1.64571857
    1.735888 1.54072845 1.44766831 0.780721843 1.00808549 0.803936481
    1.53193331 1.39893115 1.89285564 1.51337445 1.32416642 0.990125775
    1.70728385 1.10016334 1.63491631 1.67750633 1.65053177 1.46275949
    1.41365755 0.802066863 0.803429008 1.02253211 1.31151867 1.04171109
    1.12940073 1.31123674 0.779497743 1.44426727 0.880080283 0.822695851
    1.17247713 1.8125782 1.69469798 1.07072961 1.30918241 1.49560058
    0.988610983 1.26277041 0.941495657 1.41563749 1.18929935 0.790561616
    1.74015272 1.50907719 0.965203464 1.65952146 1.14039576 1.72672045
    0.948854268 1.54149985 1.25030577 1.35313332 1.24179411 1.92449427
    1.27156186 1.93347716 1.51250315 1.14405131 1.63894892 1.91576934
    1.31145024 1.74496305 1.65778542 1.79056871 1.53160954 1.52311563
    0.971504748 1.73022926 1.50328851 1.1964308 1.43060637 1.67514014
    1.13313472 1.27481592 1.78595829 1.08623433 1.72385848 1.24230874
    1.33834183 1.2173419 1.66008079 1.19222462 1.61331093 1.49712372
    1.45360482 1.52836692 1.34962535 0.983561158 1.16163898 1.76066589
    1.49055016 0.827078521 1.13057482 1.31406009 1.73904407 1.56085873
    1.31714368 0.835603535 1.08396041 0.874208093 1.85523224 1.20122123
    1.72239101 1.552338 1.46575713 0.825911164 1.45307541 1.24522674
    1.30190766 1.4652853 0.930188596 0.775702834 0.578985274 1.44066978
    1.28383803 0.798590541 1.18973291 1.07053638 1.26886857 1.17541909
    1.79545581 1.34157991 1.30770659 1.46778512 1.37890744 1.5391196
    1.55417907 0.946280539 1.46959341 1.41735113 1.43264413 0.886484146
    1.79897034 1.77540493 1.55322492 0.835425019 0.930540919 1.24544382
    1.50193143 1.23512197 1.0619489 0.951926053 0.744226456 1.0823009
    1.52541053 1.19144678 1.27656877 1.33184052 1.51956809 1.5539391
    1.18795669 1.08269036 0.951524556 1.14638841 0.644107342 1.43499267
    1.1384089 1.00770652 1.3150053 0.674722791 0.91403681 1.36100864
    0.821448565 1.70598674 1.30912292 1.16645074 1.11432743 1.02646613
    0.957032681 1.75778317 1.40775955 1.40697396 0.871270597 1.41600263
    0.706308246 0.779251695 1.09647477 1.49225676 1.47311461 1.64218152
    1.87927818 0.988061309 1.31019282 0.783723474 1.29217279 1.62165713
    1.10419202 0.767485142 1.40141869 1.62176836 1.70600414 1.19103849
    1.88282168 1.69016492 1.7286917 1.34517527 1.58922529 1.33123457
    1.22588968 1.68675673 1.55961514 0.962949336 1.11367881 1.20479572
    0.730953872 1.19145381 0.865791857 1.27993596 1.13627601 1.77472651
    1.76992702 1.42471647 1.38215709 1.89279509 1.75049925 1.66186559
    1.76438129 0.997076809 1.07904911 1.30115116 1.32757199 1.38017404
    1.23545182 0.850939453 1.45393765 1.39775288 1.43453407 0.853277564
    1.44668579 1.54415643 1.49742329 1.70656931 0.985026658 1.36042392
    1.39482713 1.26036966 1.72599697 1.57489014 1.77874947 1.31822979
    1.18384242 1.21454847 1.10429573 1.47181475 1.36515379 1.57259059
    0.991522968 0.913900733 0.833763778 1.33903491 1.02238953
    0.888433397 1.31832945 1.57786274 0.93028599 1.22974217 1.49764085
    1.79909182 1.78039336 1.2750777 1.18083096 1.50017881 1.79739642
    1.76313949 1.50209022 1.01845324 1.71138763 1.4848187 1.06376576
    1.69405568 1.2732296 1.75603175 1.73182952 1.72476864 1.73138952
    1.08837521 1.21622097 1.20689905 1.54586625 1.63673818 1.03714287
    1.74693167 1.72545981 1.75252318 0.896685898 0.915883124 1.05918741
    1.54957628 1.79946315 1.81650329 1.55483878 1.20466995 1.15793681
    0.797490835 1.26297355 0.980162203 1.19775701 1.44323444 1.21634531
    0.884588301 1.20610249 1.7515552 1.87361646 1.10523319 1.34430921
    1.30857861 1.38417876 0.988174856 1.89121056 1.74113917 1.51143849
    1.65350139 1.79889596 1.53601098 1.2829715 1.83627236 1.43109
    1.95299399 1.40798938 1.55018413 1.79546714 1.87424612 1.7663362
    1.18266106 0.677083671 0.918358922 0.682777226 1.37383759 1.48728442
    1.35702527 1.76715016 1.62800145 1.58301818 0.929761887 1.8339951
    1.78991735 0.916987956 1.31121778 1.55359769 1.2497679 1.11777568
    1.25494468 1.20823383 1.16270888 1.17082763 1.59230614 1.70318353
    1.18359482 1.09910023 1.02646554 0.892143846 0.747644424 1.35919535
    0.898483098 1.22584474 1.17004728 1.44134569 1.81106865 1.65964532
    0.858691216 1.71834064 1.14959085 0.8417117 1.46717453 1.08048069
    1.57568336 0.925619006 1.53485548 0.846716821 0.732166409
    0.662154913 1.58425093 1.38503039 1.53807533 1.32875323 1.37377024
    1.07732165 1.62837279 1.68149269 0.761983037 1.67212987 0.804637849
    1.15977466 0.979773939 1.29522038 0.887972832 1.48731661 1.23964953
    0.953409612 1.3895452 1.60532236 1.52285647 1.77566373 0.993434608
    1.35264361 0.756084025 0.80562824 1.26346707 1.65689838 1.71151745
    1.39704645 1.10494423 1.26499498 1.26571095 1.77056301 1.85893822
    1.70631063 1.4527142 1.24535573 1.61405408 0.850678921 1.07378578
    1.40905166 1.3351928 0.662005723 1.30016482 0.81353277 1.23756778
    0.911484122 1.31280625 1.10101211 1.51336348 0.710683644 1.65669537
    1.47301245 1.06875134 1.54850936 1.76516616 1.1975764 1.43080318
    1.21865761 0.680793703 1.31940365 1.33095658 1.49531829 0.898096144
    1.72667718 1.59532058 0.836903274 0.740023851 1.06223297 1.49153078
    0.837114334 1.41862929 0.876950562 1.58941209 1.25530207 1.26420641
    1.50657547 1.41839409 1.1429193 1.62535191 0.934609592 1.72203934
    1.77153802 1.46249497 1.43172491 1.6410358 0.758273005 0.859998584
    1.11806691 1.15741396 1.41186285 1.26522636 1.11026025 1.70098352
    1.37674963 0.972604871 1.47953486 1.70232391 1.29274893 0.92505908
    0.932495415 1.66513062 1.74122596 0.901521683 1.30491245 1.54811168
    1.26400065 1.73048067 1.61864996 1.13586819 0.892115295 0.738758802
    1.66120172 1.2928282 1.78577542 1.78136718 1.68234754 1.82172477
    1.54166925 1.76754737 1.70165372 1.4818455 1.74515593 1.07848978
    0.99695313 1.59718835 1.3242054 1.06290257 1.76842487 0.99562788
    1.57389808 1.41950369 1.06725407 0.89950031 1.43692672 1.05138516
    1.68341219 0.851316988 1.05106437 1.54869425 1.50017262 1.0619272
    1.06428325 1.49694026 1.16949618 0.764726162 1.50286758 1.14224327
    1.18113732 1.70853651 1.65943515 1.76939964 1.07370746 0.807244241
    1.18779957 1.33987308 1.33356726 1.22141981 1.17497575 0.689643025
    1.1729151 1.48213768 1.26039875 1.70621073 1.29080939 1.56545734
    1.06059611 1.2250042 1.31698275 1.48857594 1.00764251 0.972342253
    0.921390176 1.69603252 1.26978326 0.800151348 1.44650209 1.36525512
    1.65542138 0.641026318 1.02321327 0.801598966 1.66066909 0.829533756
    1.71774423 1.08440089 1.80737388 1.61838281 1.84733891 1.02495182
    1.45100665 1.26763403 1.35536397 1.11489058 1.62718809 0.997735143
    1.87834454 1.61827731 1.88728392 1.76176107 1.76421082 1.64656496
    1.64476848 1.61966181 1.86642241 1.58573186 1.58413482 1.43192649
    0.979210556 0.793366015 1.00681424 0.870250165 1.25694382 1.39084518
    1.49593711 1.4200989 1.28147209 1.67044258 1.16869628 1.13444054
    1.43767822 1.83379328 1.38143849 1.19029498 1.11610031 1.34645426
    1.23172879 1.62372053 1.72528124 1.10186005 1.394346 1.00876939
    1.46791708 1.71478701 0.943394959 1.36713457 1.11178219 0.989079058
    1.12300611 1.63323462 1.53923059 1.08418584 1.37580645 1.26150131
    0.912342429 1.59805322 1.12314022 1.62065613 1.76897728 1.69722521
    0.806163073 0.986391246 1.10591769 1.02436399 0.753420591
    0.791288435 1.12217224 1.70096684 1.50919783 1.04936171 1.27439916
    0.840534866 1.18920875 1.57649374 1.17475367 0.916085541 1.65129232
    0.955279887 1.03300858 1.66700625 1.83664322 1.32821536 1.6202569
    1.21117437 1.46044099 1.63484013 1.04651415 1.75808311 1.54636109
    1.16736805 0.927303851 1.33301139 1.75659394 0.970714629 1.1530081
    1.81433928 1.49382949 1.73850763 1.40137553 1.04884171 1.41374445
    1.03839839 1.17094493 1.12646842 1.69809043 1.09514415 0.859042823
    1.54163408 1.57287097 0.76769644 1.11223674 1.1045891 1.12713599
    1.46323204 1.45455492 1.10037506 1.6298157 1.29854429 0.919734776
    1.55662632 0.89893955 1.33063197 0.970796764 0.972829998 0.795312345
    0.754084408 1.59451354 1.61701548 1.77976608 1.6898663 1.60730004
    0.899537444 1.16804326 1.10283613 1.52755213 0.875593841 1.17220342
    0.753408909 1.01789427 1.30704248 0.93698585 1.86116254 1.53881514
    1.37161708 1.69356394 1.28234613 0.892701268 1.66214597 1.19032693
    1.03865874 0.843192279 1.12500811 1.08465123 0.651955962 0.764038444
    1.37667596 1.25468755 1.673805 1.44620132 1.22223258 1.75064373
    1.60640335 1.55088341 0.912201166 1.04707885 1.36065972 1.45225418
    1.51952791 1.03086412 1.11057699 1.62521255 0.905457079 1.40835369
    1.35583293 1.18201017 1.72286987 1.33061576 1.74485719 0.911521971
    1.38609087 1.42968619 1.60979748 1.55103171 1.797189 1.05359399
    1.44134009 1.61749768 1.80695033 1.24988043 1.54364407 1.14599085
    1.10133016 1.03722453 0.920013905 1.38072634 0.836207867 1.60405445
    1.37942266 1.7207067 1.5786227 1.40406322 1.05669129 1.71808374
    1.85154474 1.46442628 1.28096986 1.6369096 1.47433996 1.03124762
    0.902482927 1.4654665 1.2266736 0.826131046 0.977257431 1.51838529
    1.70296776 1.22439468 1.21422756 0.992814183 0.832264781 1.42448235
    1.04387081 1.66846359 1.20930922 0.975857615 1.03383815 1.47364581
    1.25660741 0.914790392 1.18276024 0.964399338 0.997486115
    0.924113035 1.70813668 1.79509008 1.64761889 1.17031193 1.60279608
    1.10407507 0.952997267 1.39082551 1.21179926 1.12738776 0.955646873
    1.05679345 0.791743934 1.44275582 1.54961038 1.43065369 1.76296902
    0.937505007 1.81500161 1.61419964 1.48034716 1.9555546 1.02842295
    1.77309203 1.84920454 1.93107903 0.977121949 1.87871552 1.39042974
    1.12060475 1.60556328 1.64237845 1.68315911 1.79433656 1.74982905
    1.64046168 1.88735867 1.04342163 1.85844731 1.1692704 0.815199018
    0.921402752 0.711440146 0.759901941 1.0707078 1.48310947 1.31731856
    1.78293753 1.6718235 1.89691293 1.4395473 1.43908501 1.64757895
    1.4041363 1.04311824 1.17503047 1.64878356 1.3308121 1.46261132
    1.47280777 0.862329304 1.66370761 0.77098459 1.24112606 1.41799378
    1.85779738 1.51742232 1.76172638 1.26731944 1.09354639 1.09153426
    1.4921391 1.24915683 1.11065841 1.6068933 1.23870873 1.01235211
    1.7494204 0.919034004 1.74830973 1.16173744 0.852614999 1.66963637
    1.53872013 1.27807236 1.53933668 1.57935977 1.23196745 1.11626804
    1.63203061 1.1879853 1.07597089 1.53124404 1.73154831 1.23847449
    1.39058554 0.907595038 1.34887922 0.782419562 0.939929605
    0.992957413 1.33794451 1.63528454 1.1336683 1.66999137 1.18149006
    1.71446848 1.7916646 1.37707245 1.92341375 1.4138881 0.84170717
    1.45686722 1.35856533 1.6274389 1.90747309 1.51780117 1.81060064
    1.77779126 1.44017768 1.2095803 1.07248867 1.40713882 1.45685077
    0.910400987 0.96404171 0.807646692 1.22399962 1.63832641 1.05823851
    0.980739117 0.963720381 1.68761277 1.35975718 1.32616234 0.845394075
    0.957990646 1.03214407 1.04820979 1.59801328 1.61730063 0.987293959
    1.02800798 1.24758935 1.36722684 1.05880356 1.31365812 1.16384459
    1.5015682 0.959362924 0.979539573 1.22663188 0.98496294 1.62709093
    1.03713977 0.984261572 0.620399952 0.756439507 0.581891596
    1.08786345 0.91054517 0.900083721 1.47713673 1.77790606 1.45877635
    1.68381155 1.65107751 1.55010569 1.10157895 1.34186685 1.48971331
    0.959649086 1.08955324 1.03690374 0.771319389 1.26498199 0.961140215
    1.417274 0.68302834 1.2255646 1.23915541 1.77593839 0.75036639
    1.09129441 1.0038321 1.43011761 1.41776145 1.30455339 1.11863685
    1.71052158 1.14236236 1.49014258 1.50884926 1.02090502 1.27358735
    1.82264757 0.877088726 0.823865473 0.90312624 0.948470592 1.02258992
    1.11076665 1.82997823 1.86089301 1.64399457 1.53881145 1.73176551
    1.53452992 1.15866303 1.58241761 1.07963443 0.868056953 0.826256514
    1.45275247 1.59432578 1.30406237 1.48002934 0.68782264 1.24070859
    1.31394398 1.56104839 1.52964032 0.927344561 1.67512357 1.75217247
    1.28376675 1.06847346 1.71896815 1.49799228 1.7459712 1.37476873
    1.13425672 1.35613775 1.46826065 0.73142314 0.681219578 1.52672565
    0.678437591 1.23491657 1.35187352 0.87198633 1.31431842 0.891093612
    0.873452306 0.860959411 1.71955967 0.949597299 0.801527679
    1.35879946 0.977253973 1.15918434 1.26552808 1.21788239 1.50553107
    0.830604732 0.984556556 1.35916221 1.52274227 0.920372128 1.10530555
    1.65298343 0.9076882 1.20668662 1.1856395 0.882612467 1.67251074
    1.03862226 0.89677912 1.03613615 1.02827597 0.932965457 1.61718881
    0.886838317 1.5217669 0.905661523 1.02246761 1.64270413 1.18059564
    1.4643364 1.86475718 1.59600818 1.52106166 1.8085829 1.64450586
    1.77270377 1.61871576 1.72195399 1.43029821 1.20548189 1.31277847
    1.45722771 1.28433514 1.0545454 1.06819761 1.61527526 0.77632612
    1.60780752 0.82313174 1.47477198 1.59184825 1.45246279 1.42318773
    1.78367102 1.1885637 1.67002094 1.56232107 1.8940053 0.999505937
    1.85970759 1.38731694 1.86869061 1.65969002 1.46539414 1.66939509
    1.00239754 1.87199605 1.63521659 0.950151563 1.46305919 1.49576938
    0.9188357 1.62081659 1.77207506 1.96902394 1.1446898 1.78456306
    1.02498817 1.67267859 1.59965098 1.64578092 0.939141929 1.03958988
    1.52986085 1.47781146 1.13515615 1.70316243 1.029796 1.10588777
    1.47357845 1.13968587 1.34201634 1.69811046 0.765487731 0.791489124
    1.18385649 1.44356859 1.7808516 1.62310219 1.67466605 0.8767941
    1.02784884 1.66202652 1.08907378 1.16534996 0.760588169 1.06248987
    1.62813008 1.44612169 1.14258778 1.47579718 1.71579719 1.64546454
    1.94775343 1.37038422 1.06695127 1.81950355 0.831068277 1.30913329
    1.04050291 0.984652042 1.50684536 1.40984154 2.01392245 1.80162263
    0.971749723 1.40517747 1.18667054 1.51418877 1.4051466 1.11854339
    0.808587015 0.778965175 1.69853365 0.954641461 1.34423196
    0.898447037 1.08545494 1.45970273 1.23522067 0.919077635 1.1960032
    1.53390372 0.993217289 1.34651041 1.54675984 1.29518545 1.48988163
    1.27303743 0.801274657 0.853607893 1.03413856 1.76639557 0.887075782
    1.79462504 1.77119386 1.15250456 1.35442019 1.71645296 1.82133675
    1.42820907 1.22589052 1.2217139 1.09016478 0.98709482 0.797394812
    0.784322619 1.20679986 1.49132216 1.51228547 1.77784598 1.32917249
    1.78994823 1.90585375 1.45396852 1.12013924 1.65952969 1.35095298
    0.852024674 0.914623201 1.16566658 1.16294312 1.07557213 1.3111676
    0.798985124 1.23572433 1.49269021 1.26235092 0.976492345 1.12379289
    0.820908248 1.19227803 0.721213222 1.33715653 0.837380588 1.03652167
    1.22432101 1.18422925 1.39513958 1.13121963 1.36286235 1.3287679
    0.981592536 1.27865434 0.873669624 1.66463864 1.13943934 1.7073729
    1.46811616 1.26355267 1.22279251 1.1821177 0.986819267 1.14915609
    1.72059739 1.06430197 1.0375737 1.46095955 1.29827523 1.0787766
    1.51975679 0.888167799 1.04404163 1.16208589 0.749042571 1.23278999
    0.954940379 1.12757826 1.6295135 1.56367099 1.77337384 1.93318808
    1.75463009 1.78218627 1.02917349 1.74984145 1.84600627 1.23319972
    1.74887848 1.48716259 1.19448757 1.24848032 1.31735849 0.776704669
    0.683439314 1.15643001 0.666267633 1.39349818 0.816069961
    0.796650231 1.31566715 1.78961992 1.78349721 1.77017987 1.15831518
    1.24020576 0.748202622 1.01599538 1.3684572 1.54909217 1.19485939
    1.1860739 0.941479027 1.6842593 1.75457072 1.26551807 1.5774554
    1.46898425 1.33244312 1.03792739 1.05932283 1.3379215 1.18928266
    1.60203683 1.45785666 0.997000396 1.74308813 1.64949286 1.58484745
    0.963195324 1.74838924 1.59917176 1.78310108 1.63716102 1.53472185
    1.42916703 1.87502408 1.48273981 1.62807178 1.52372456 1.3300947
    1.89307988 1.95381904 1.92071593 0.992288291 1.2922411 1.09307301
    1.64379466 1.17202091 1.40833712 1.34672117 0.802478254 1.40044665
    0.818106234 0.957902193 1.04506385 0.811065853 1.10846496 1.06677985
    0.958276153 1.70156932 1.17957044 1.79186237 1.41444385 1.77272105
    1.62401783 1.2920413 1.83606911 1.09607649 1.63038206 1.61077261
    1.33781266 1.03770435 1.1421361 1.21371257 1.16169655 1.22969198
    1.4887265 1.1374011 1.76240182 1.34810853 1.63629007 0.883028328
    1.30143046 1.64473701 1.28828907 1.24277711 1.03306663 1.02954173
    1.77744269 1.73660839 1.30457532 0.995815337 0.874230742 0.765616715
    0.902516603 1.30135298 1.75797236 1.17772532 0.903009236 1.67265701
    1.04968441 1.101125 1.31699383 1.46237624 1.74785841 1.75872254
    1.83636427 1.7879082 0.984602451 1.49944067 1.10073531 0.963283181
    1.50327063 1.04722476 1.17360485 0.892584503 1.82870626 1.48515606
    1.48528326 1.77377534 1.53559411 1.28954685 1.13832855 1.56314719
    1.74477303 1.53002775 1.84756935 1.52032053 1.97761858 1.9012078
    1.18950462 1.29715693 1.61467898 0.705717027 0.782606006 1.66268849
    1.37680399 0.927361488 0.85976404 0.75159961 1.76698649 1.21699846
    1.34452379 1.27290022 1.28879833 1.73493385 0.87672168 1.11699224
    1.010746 1.43709219 1.65964353 1.26238477 1.5886904 0.885870516
    1.27522671 1.22318399 1.63480091 0.9528386 1.17643285 1.26586854
    1.25054932 1.62937653 1.11699212 1.01281154 1.4421438 1.7532171
    0.979107141 1.12329674 0.61725843 0.649810672 1.26551831 1.62481904
    0.711781859 1.30701971 1.41510165 1.49529505 1.58580172 1.39713657
    1.62916112 1.109972 1.01584756 1.20418048 0.702795386 0.740416467
    1.06885231 0.862918019 0.816947579 1.53837204 1.27178192 0.918489218
    1.02665508 1.14289641 0.905978441 1.33895314 0.959139168 1.38087404
    0.659913301 1.50481391 1.05837035 0.790714622 1.71156943 1.03598475
    0.983885467 1.46374202 1.02944839 1.69685364 1.75786698 1.57175434
    1.14415312 1.43378603 1.28226018 0.753178835 1.47260857 1.71069765
    1.07820702 1.44356525 1.57442284 1.61530924 1.15771329 0.928704679
    1.36998475 1.32310605 0.710893869 1.38399017 0.830102205 1.22123432
    1.08411324 0.821680546 0.944351435 0.629635751 0.863738835
    0.981294155 1.71273267 1.18893361 1.41945529 1.71775317 1.41601765
    1.32047105 0.996721864 1.01282692 1.21074378 1.88353729 1.77083254
    1.41626072 1.68534279 0.877063513 1.23553896 0.920818985 0.727130771
    1.32507241 0.830330551 0.654181063 0.903074086 0.96909374 1.08937728
    1.56576657 1.04493356 1.80621731 1.19701242 1.77096081 1.42738569
    0.808279872 1.73012698 0.80006814 1.15841889 0.938586414 1.70429838
    1.62110901 0.923797607 0.826552868 0.877749443 1.78071487 1.16378415
    1.60128152 1.66418433 0.960177541 1.23317504 1.0467869 1.62577462
    1.76875329 1.76717687 1.58054924 1.2583853 1.61146879 0.786107481
    0.830151141 1.03599823 1.62761116 1.20872021 1.57151175 1.65289199
    0.957658529 0.946543634 1.75377178 1.89284265 1.24483204 1.97457051
    1.66511798 1.09151721 1.55164814 1.21753788 0.814631283 0.751575291
    0.911927581 0.838353813 1.40503776 1.07939982 1.24332047 1.58184576
    1.56743705 1.10879147 1.30863702 0.988373339 1.76242185 1.14637172
    1.2905407 1.09243631 0.878575206 1.4390409 1.30014086 1.90411592
    1.22999024 1.62512088 1.69036925 1.40818524 1.385728 1.22150552
    1.29324973 1.73155689 1.67786193 1.54279482 1.43690598 1.34483147
    1.24151981 1.53376412 1.14809108 1.72768116 1.80261958 1.30670714
    1.03631663 1.66283143 1.26145613 1.14096069 1.26456308 1.62609327
    1.24371731 1.20184433 0.7678864 1.43536353 0.853007019 0.944388151
    1.48072898 1.64677083 1.5780915 0.742263496 0.737769663 0.895345151
    0.830244422 1.10203254 1.71843708 1.42648852 1.64586079 1.4503262
    1.05298209 1.90318739 1.54283023 1.61679363 0.993109107 1.1211946
    1.25639892 1.34552717 1.40402961 1.57049692 1.5946244 1.24847186
    1.61438215 0.871557534 0.808557034 1.51671469 1.15507329 1.19759881
    0.99073863 1.46267331 1.52169037 1.81689143 1.7941432 1.6919862
    1.2407347 0.756680012 1.38320696 1.14432383 0.759146154 1.53338623
    1.40681493 1.5158962 1.21184719 1.09004998 1.43162894 1.54525089
    0.894302905 1.05642891 0.920586228 1.70803082 1.66246748 0.999662459
    1.48115671 1.30243814 0.991247237 0.903896153 0.836325824 1.03661919
    1.8362869 1.12896574 1.82017565 1.59428406 1.84575152 1.69619405
    1.67216671 1.55069852 0.984269977 1.67427456 1.29497457 1.3254658
    0.9403736 1.0392127 1.3703016 1.25069797 1.22952223 1.33330643
    1.37758911 1.44322157 1.71813667 1.75129962 1.55979502 1.13965476
    1.62847328 1.34594214 1.12238586 1.02583683 1.46914732 1.07425082
    1.33029759 0.890858471 1.36923516 1.27920103 1.27409041 1.53738534
    1.08772612 1.55642617 0.857837796 1.05421484 0.946884573 1.18510461
    1.08485115 1.05831659 0.913832903 0.857989371 0.922110438 1.72117448
    1.7724452 1.64112496 1.3211993 1.42775142 1.10213292 1.46725571
    1.48017371 1.53480995 1.36734629 1.66476858 1.12372029 1.64127684
    1.64828253 1.19595277 1.16999769 1.02125621 1.27333665 1.20007956
    1.23420501 0.828838706 1.10328996 0.767666221 1.04928076 1.17267621
    0.87105763 1.24614012 0.728165746 1.3668474 0.854597211 1.26412165
    1.48079073 1.75973046 1.62621403 1.73457408 1.45514929 0.943612814
    1.37109327 1.22591519 1.55094993 1.43377054 1.10679626 1.67534125
    1.2543124 1.72803605 1.62337232 1.33271766 0.796580076 1.01961625
    1.17957604 1.39561772 1.28863525 1.36497796 1.55108857 1.60274327
    0.950075805 1.46040225 1.57515061 1.12642741 1.53409302 1.27315116
    1.39570737 0.853888988 1.01614821 1.4521172 1.440835 0.869264901
    1.50644517 1.52116013 0.898121715 1.55901897 1.05706131 0.915599704
    1.51239538 0.900401533 1.18185663 1.226946 1.0515703 1.71381032
    1.81536782 1.47337067 1.61361253 1.56141269 1.13650918 1.20075226
    1.24200535 1.69178128 0.887049735 0.974769235 1.1971302 1.58409595
    0.706226647 1.07971478 1.09828246 1.77357852 1.57215488 1.7274065
    0.957825065 1.09077513 0.822026074 1.04741216 1.02018321 1.05619681
    1.22468185 1.11895669 1.68538964 0.777513385 1.1945523 1.60897183
    1.17205381 1.63453209 1.38205612 1.24206555 0.796857715 0.75792104
    1.10517836 1.30275738 1.39443946 1.54775178 1.14096022 1.20346379
    0.934215009 1.60765219 1.7035569 1.52026629 1.03122222 1.13813472
    0.789761961 0.789753079 1.56407404 1.19545531 1.66411531 0.877724767
    1.54610062 0.946007013 0.974215984 1.15208554 1.07669353 0.806540489
    0.858829081 0.963262022 1.47198951 1.59284341 1.76707256 1.69309139
    1.1423074 0.913279474 0.705170512 1.180704 1.66049147 1.10225677
    1.49602544 0.809640527 1.09733713 0.935388327 1.83401346 1.75844455
    1.4334054 1.74573064 1.887658 1.13945174 1.92510045 1.56369901
    1.52794075 1.86814284 1.51179159 1.60233784 1.0778302 1.20336163
    0.811060429 1.33333337 0.841491997 1.07234371 0.836283088
    0.974794745 1.1112498 1.75509477 1.40500391 1.11790025 1.56581986
    0.870332122 1.78696251 1.22974694 1.14916849 1.57126284 1.06962609
    0.994987905 0.884491384 1.03875601 0.848476529 1.51340377 1.2407763
    1.81348598 1.05559766 1.4043982 1.577649 1.74505579 1.05546927
    0.826587498 1.24220181 1.54979908 1.70613086 1.02284074 1.64214993
    0.992537081 1.27112174 1.18171859 1.67186356 1.53069663 1.67212749
    1.32854176 1.45152748 0.943571329 1.31097031 1.65047324 1.01622987
    0.905165017 1.37402213 0.999547184 0.707713306 1.02167177 1.14384925
    1.01862776 1.60686266 1.24239683 0.890721023 1.01143217 1.28875256
    1.45809615 1.26994884 0.842496514 1.32123506 1.0991677 0.855624557
    1.41979253 0.67901659 0.855411947 1.66345692 1.09192801 1.66288853
    1.538118 1.5626359 0.955498517 1.67024398 1.01934087 0.939752102
    1.70183969 1.69501233 1.58984697 0.929596186 1.40851879 0.814515889
    1.33385611 1.59943938 0.817107975 1.77456295 1.44692528 1.67576289
    1.67109418 1.11117351 1.8597312 1.82845676 1.67171335 1.57805848
    1.14334619 1.13384545 0.917024732 1.04529119 1.86529613 1.14733744
    1.46127176 1.74502349 0.858140051 1.13204265 1.51454461 1.31534803
    0.886514425 1.5821867 1.10616493 1.03031754 0.704832733 1.06900454
    1.5289396 1.09310341 1.1639477 0.896823287 1.61279011 1.11650693
    1.12960947 1.66109967 1.06129205 1.51824713 1.27473474 0.928773046
    1.01495135 1.50276852 1.8148067 1.91097248 1.65469515 1.50433075
    1.51728845 1.779966 1.28342378 1.35772884 1.12169313 1.53544712
    0.682867229 1.1610806 0.819557488 0.839241207 1.12492251 1.34792471
    1.78945792 1.10749924 1.125283 1.44393444 1.6134702 1.20177078
    1.46795702 1.19130552 1.34671485 1.63722479 0.854155302 1.0607214
    0.861957431 1.14677107 1.50267029 1.64971471 1.70645738 1.19802165
    0.968374968 1.52034605 1.60493183 1.430161 0.947438419 1.60090804
    0.911678374 0.857892513 1.64096773 1.2439816 1.4367522 0.99635011
    0.78771013 1.20832646 1.50778055 1.0668416 0.829170763 1.26445961
    1.03245783 1.26909316 1.41827619 1.34406459 1.64559722 1.42899477
    1.15654945 0.947102666 1.31225252 0.85173279 1.54538441 1.10388303
    1.09992683 0.95637542 1.45041633 1.66242349 1.24050534 1.69814956
    1.15354037 1.03490472 1.0182265 0.78161186 1.01570213 0.797191858
    0.996397674 1.50340307 1.69539881 1.42446959 1.1198746 0.92819804
    1.25983906 1.06520212 1.55521882 1.01930487 1.29337633 0.951853156
    1.29158723 0.881355345 1.73821211 1.42967129 1.40649259 1.27354109
    1.57108808 1.61238909 1.31888449 1.06401908 1.37477505 1.04933178
    1.65332031 1.23162818 1.57727623 1.74042141 1.39940524 1.67809498
    1.39411592 1.08815241 1.01936448 0.934918225 1.33114934 0.930745304
    0.946276784 1.42946994 1.43909538 0.873926222 1.26981831 1.70138073
    1.14939344 1.83197248 1.4347477 1.53540468 1.62328839 1.89621389
    1.38177288 0.987698436 1.80598855 1.14309669 1.05886555 0.951039374
    1.09088862 1.3114531 0.956385374 0.858552814 1.17075086 1.64654624
    1.00402427 1.26362145 1.05447364 1.43929327 1.33356047 1.10488641
    0.915165544 1.25449431 1.47028661 0.775949657 1.10048056 1.0464046
    1.18998623 0.872400761 1.69234002 1.12520099 1.03791392 1.64717877
    1.70536697 1.80505538 1.67141676 0.781006038 1.04617214 0.958624065
    1.22092998 1.39033628 1.67557466 1.71639204 1.39474416 1.61579108
    1.73312163 1.93642604 1.48744655 1.73469031 1.66863918 1.78198719
    1.51359367 1.02797353 0.908090532 1.10933113 1.08564091 1.1339246
    0.791954756 0.959845841 1.58652031 1.30348623 1.49039888 1.49304616
    1.75868356 1.90810645 0.917156577 1.55049872 1.0984987 1.46258008
    1.49602568 0.857758701 0.946551621 0.72779578 0.920315981 0.99033612
    0.744174421 1.45601833 1.71150947 1.45290828 1.65762961 1.43125355
    1.05839288 1.45266557 0.78530246 0.980034649 1.03977859 1.60774863
    1.68776941 1.65599179 1.64295352 1.71750021 0.984236419 1.33892584
    1.02565873 1.49471819 1.32797909 1.52448058 1.78712606 1.06772554
    1.17653763 1.39073896 1.61385894 1.82959712 1.56666803 1.86133969
    1.70200968 1.77096713 1.2846781 1.06775057 1.59936297 1.00111258
    1.71712768 1.45788884 0.815597951 1.28166056 1.00190854 1.4347074
    1.28615928 0.698833108 0.995661914 1.41074407 0.864144742 1.68038988
    0.951971829 1.77615941 1.53293443 1.71692801 1.57091594 1.18602264
    1.12770104 0.919174492 1.27559531 0.896762371 1.79903173 0.908124983
    1.49777532 1.72666335 1.27743971 1.90156698 1.74015617 1.82461798
    1.3289541 0.937646568 1.02807426 1.30194569 1.35223079 0.807472229
    0.833591163 1.08691502 1.6416651 1.64406621 0.962958694 1.2028805
    1.39474273 1.70262086 0.883435547 1.06965101 0.87094605 0.965283334
    0.88214165 1.32739758 1.05836427 1.27395988 0.722109854 0.68544805
    1.22584128 0.738209188 1.37959909 1.58512115 1.35702789 1.37598372
    1.68322027 1.03911877 1.68177974 1.29212725 1.09300685 1.29267657
    1.28699541 1.76866877 1.6172595 1.53499496 0.946124315 0.77104485
    1.20539546 0.930317044 1.19309473 0.724164665 1.08842731 0.769619763
    0.838983953 0.932474971 1.4507618 1.73817921 1.7303921 1.4293524
    0.71545434 1.14206982 0.875397325 1.68836427 0.774593174 1.33190918
    0.963410735 1.64844775 0.756191969 1.20832121 1.02715683 1.71939468
    0.806867421 1.07346046 1.33333874 1.17299354 1.41772234 1.6229558
    1.00336444 0.9790079 1.25569046 1.13834465 1.09219003 0.871166468
    1.67640173 1.05101573 1.01704669 1.19211805 1.13521719 0.874281883
    1.6736089 0.793873668 0.903171778 0.940284848 1.22088516 1.70465112
    0.88385576 1.33062863 0.773721993 1.29287934 1.33252239 1.52338767
    1.95122075 1.7933234 1.33312654 1.63130283 1.44041133 1.23727965
    0.816592157 1.42490745 1.6241101 1.1917994 1.34654975 1.48277867
    1.6580658 1.75091565 1.53120852 1.55239534 0.887774587 0.937824547
    1.74373662 1.48749471 1.20908391 1.88884783 1.20486605 1.33723557
    1.44562352 1.61565924 1.55593431 1.59398544 1.27276218 1.25819361
    1.62183762 1.52773523 0.836796045 1.69302988 1.03679574 1.6096828
    0.980639279 0.858346403 0.79338038 1.13283837 1.32140696 1.53464925
    1.17517757 0.920395255 1.23733842 1.34301543 1.19467747 0.895472705
    1.30094028 0.940487444 1.78618896 1.50061059 1.88632381 1.0112164
    0.963027775 1.54410589 0.750068963 0.971073925 1.31289685 1.5292443
    1.43870199 1.32548869 1.57147467 1.36997497 1.82919729 1.93511808
    1.65334308 1.19438446 1.33544111 1.26291299 1.54399133 1.08333445
    1.33897388 0.738853395 1.20156205 0.614875197 0.970160365 1.52558148
    0.720420539 1.56801999 1.52782357 1.83848464 1.62165248 1.12087691
    1.75229549 1.00808382 1.25970399 0.703994632 1.57351339 0.876867712
    1.60609698 1.07200646 1.41551054 1.49190021 0.826109588 1.7710681
    1.72012663 1.41095889 1.67674243 1.28274441 1.34180295 1.68774676
    1.58483636 1.04227591 1.19806552 1.71548212 1.33703947 1.44169807
    1.88299179 1.38898206 1.09206283 1.35777426 0.973245978 1.76177514
    1.77255249 1.45876527 1.77614582 1.10367203 1.5310868 1.29990172
    1.48392165 1.69386888 1.41231477 1.24869156 1.43656337 0.726093054
    1.41462886 1.04266429 1.7837348 1.32658207 1.15291357 1.42031693
    0.943313539 1.68447888 1.26137912 0.798985779 1.61792541 0.855806828
    1.4278785 0.987994134 1.62750089 1.52696455 1.39776444 1.73733938
    1.51688385 1.41491771 1.87124383 1.49666846 1.0011369 0.859354794
    1.51150274 1.06084132 1.75104535 1.77321684 1.32505894 1.13777852
    0.945062757 1.5310812 1.22593272 0.815315962 1.23083031 1.49031293
    1.2525866 1.53678346 0.879984081 0.687098444 1.25299466 1.14577258
    1.79563677 1.4859767 0.964375854 1.84073377 1.54364026 1.45249975
    1.24496329 1.7906394 0.956063747 1.22493613 1.09460282 0.994109571
    0.851859033 1.06066048 1.27383292 0.904186726 1.26566744 0.996824622
    0.859626651 1.32841587 1.66262329 1.67702866 1.25841188 1.15775752
    0.896908522 0.9997859 1.50287533 1.77030623 1.82514298 1.61706817
    1.86137354 1.12500679 1.09621215 0.852327049 1.49682009 1.17259181
    1.50623429 0.989581406 1.50041485 1.2296772 1.71401036 1.75423336
    1.33552003 1.64102066 1.03653312 1.72461021 1.19986999 0.943366706
    1.40997338 1.6733048 0.832885146 1.23362529 1.00620568 0.881799519
    1.09283841 1.11614764 1.28533733 1.09529614 1.51115513 1.34726548
    1.01813018 1.47422314 1.00559437 1.37741637 0.914079845 1.03536463
    0.780483246 1.64926386 1.45003462 1.75246656 0.958535969 1.39277148
    0.91807431 1.51325285 1.60641861 1.00972867 1.14816988 1.47312295
    0.936057925 1.03427148 1.84634852 1.2685765 1.32375395 1.41306388
    0.842280626 0.959255338 1.70770252 1.51203561 1.31885779 0.964081168
    1.11147916 1.74034894 1.71145475 1.21150708 1.73583782 1.00023365
    0.926527858 1.08640158 1.06134748 1.2096498 1.06790376 0.866098344
    1.0080868 1.50605714 1.25591457 1.55724108 1.57659841 1.25829542
    1.60241508 1.37221825 1.6550144 1.60543501 1.72166312 1.42907572
    1.6614337 1.13871348 1.44574988 0.873579383 0.90560317 1.14923584
    0.982044995 1.55493248 1.35551095 0.810590088 1.55546379 0.752674878
    0.758538604 0.817889273 1.66173899 1.64882064 1.07370949 1.19452608
    0.844547391 0.931377292 1.58270526 0.966843843 1.37189877 1.19761634
    1.7373873 1.26327145 1.23718929 1.34048414 1.41196334 1.01692939
    0.784281909 1.31123471 1.44902658 1.12662625 1.2221334 1.491063
    1.21704042 1.92542028 1.78963101 1.92646587 1.27120006 1.77492487
    1.23410785 0.989770293 1.16038013 1.05078959 0.869257689 0.765693247
    0.71100992 1.6514647 0.963151813 1.45057774 1.65521467 1.85177481
    1.15390885 1.8837353 1.0313431 1.94357395 1.8089174 1.29050708
    1.3017925 0.844407499 1.03389776 0.75814724 1.45063651 1.61015916
    1.25685084 0.88061142 1.13023305 0.827599287 1.11723936 1.81061435
    1.12787664 0.904110253 1.32981515 1.47180879 0.916955709 1.03862393
    0.918255627 1.57002652 0.909271002 1.83090365 1.75183058 1.71161616
    1.62160981 1.34839976 1.62373495 1.57495797 1.21454537 1.08372271
    1.55814183 1.4119693 1.57463408 1.73000741 0.912125707 1.85444677
    1.78053284 1.0205543 1.76748943 0.811711848 1.69748557 1.50410783
    1.61268604 1.01063287 0.780869067 0.903504908 1.12303114 1.57044601
    1.10186851 1.15491295 1.22121215 1.42306685 0.969459653 0.84260124
    1.53070998 0.848228574 1.1939472 1.66573954 1.40839291 1.90315735
    1.86560166 1.57768083 1.7695477 0.802419543 1.4108001 1.59693372
    1.747769 1.28088188 1.62668753 0.8384372 1.52041507 1.05720723
    1.30195773 1.29166269 1.16387486 1.65274179 0.872257054 0.662981153
    0.864237309 1.32788312 1.54222202 1.09024513 1.42673361 1.41527236
    1.88222075 1.21989119 1.72640812 1.19971061 1.86326861 1.71732092
    1.46880114 1.64141619 1.08772218 0.871663153 1.50745463 1.04740441
    1.24566126 0.967226982 0.858358204 0.925266147 1.75236404 1.00567019
    1.10287249 1.56480587 1.74823964 1.70796227 0.846351862 1.58638191
    0.809745848 1.31961417 1.58233595 1.49981475 1.62990153 1.62967777
    1.69866359 1.57317364 1.0390383 1.08837998 1.22653055 1.41364169
    1.34779584 1.54930639 1.15459526 1.01308775 1.67900217 1.72145331
    1.00659549 1.70336473 0.725316048 1.02657306 0.956450582 1.60809624
    1.55683506 1.18434882 0.85515517 1.26803267 0.729850888 1.07416475
    1.04105949 1.21995032 1.1205548 1.2385397 1.54194427 1.92579579
    1.87687993 1.84655964 0.961740136 1.25607002 1.11752677 0.916275799
    1.64362919 1.69647729 1.58061123 0.918869138 0.787331581 1.42755985
    1.37047696 1.75407624 1.43618882 1.23365486 0.976429522 1.70737076
    0.963183641 1.7503655 1.83553815 1.64300764 1.60995901 1.65044439
    1.36346388 1.01039076 1.76410306 1.78481567 1.63828814 1.37781584
    0.910183609 0.980465472 1.39098525 1.1856761 1.76706648 1.63830113
    1.36275184 1.13749194 1.00849116 1.1550473 0.676956713 1.36514986
    1.05274594 1.52543032 1.1775099 1.56437135 1.45009542 1.50119746
    1.46042907 1.58369899 0.859232485 1.00238001 0.902232289 1.29441893
    1.4724071 0.791855216 1.02521038 1.74170136 1.73936546 1.51196694
    0.733302653 0.885217071 0.944759727 1.59728611 1.601138 0.832138002
    0.832165301 1.47289217 1.10169458 1.18322098 1.23644829 0.997392774
    1.49523818 1.632792 1.78813648 1.49597669 1.49160147 1.40951777
    1.12518144 1.28916252 1.60893226 1.09074295 0.96734637 1.49966061
    0.929935694 1.15231109 1.3801614 1.51811528 1.58923221 1.57454085
    1.30545986 1.06685519 0.999830186 0.733526647 0.756019473 1.26833379
    1.46809542 0.924254298 0.937471688 0.89835912 1.35212624 1.40206683
    0.933011711 0.987504244 0.718067706 1.100124 1.2758261 1.38701296
    0.846622348 1.82627678 1.22392905 0.910608709 1.13156378 1.27443969
    1.43817389 1.15491319 1.77313042 1.67927694 1.36398804 1.76690912
    1.74340796 1.62339842 0.964335799 1.42195594 1.147524 1.66038442
    1.49246013 1.39495134 1.57167196 1.73615324 1.15254855 1.74220085
    1.60015452 1.4589541 1.17756057 1.3393898 1.5586524 0.858858764
    1.0888027 1.16358852 1.43192887 0.893508971 1.22732341 0.74810648
    1.03915429 0.912776828 0.89921701 1.72445822 1.53799903 1.38476717
    1.1012311 0.718976974 0.830729067 1.30225694 1.26149166 1.26749253
    1.28531277 1.65228236 0.700258195 1.50106239 0.931113124 1.17863345
    1.69073355 1.15660203 1.46390772 1.40115261 0.777271688 1.10165524
    1.50803125 1.39393616 1.79903734 1.68693554 0.974615395 1.11778533
    1.3338691 1.19062686 1.34294665 0.909490108 1.66660929 1.76497996
    1.63750637 1.05284011 0.708385229 0.900023043 0.845565677 1.21735489
    0.775291145 0.864087343 0.88082093 0.938165545 1.38449597 1.32081902
    1.777215 1.88091743 1.89417863 1.88826442 1.5976944 1.25587463
    1.13486052 1.57137311 0.915694714 1.43109059 1.73733437 1.19922459
    1.50164795 1.48577476 1.13182318 1.62582517 1.00695193 1.6201247
    0.870322645 0.692230046 1.17506003 1.30569172 1.76224101 1.28469968
    1.40827715 1.44438696 1.36885762 1.64906275 1.78273296 1.76363313
    1.53654051 1.58618391 1.26450682 1.66793215 1.77372634 1.70959783
    1.4201988 0.923468351 0.837807655 1.18434489 0.909553885 1.40760589
    1.33213484 1.77924955 1.53352439 1.69627523 1.1746484 0.924726069
    0.749167562 1.48690879 0.897494376 1.75730622 0.970693171 1.67132413
    1.00535858 1.43215621 1.63350976 0.742472887 0.888824344 0.890059471
    1.0721277 1.40608621 1.55172455 1.70535576 1.86236727 1.34102249
    1.24480474 1.48915696 1.66907799 1.10493648 0.841718316 1.39409184
    1.20936728 1.17891717 0.699225605 0.798632205 1.3051393 1.75249219
    1.64340067 1.20339215 1.48043346 1.35941112 1.21385264 1.80985761
    1.57486832 1.7307744 0.928608835 1.18263268 1.03664148 1.15893638
    1.23943448 0.898947179 0.993424296 1.4250983 0.933247983 1.14434171
    1.02299356 1.75274944 1.146451 0.915561736 1.35270083 0.932912886
    0.796657503 1.02924311 1.43984354 0.786648154 1.26770914 1.32259953
    1.49215925 1.61531997 0.913508177 1.22046065 1.88392103 1.43178046
    1.24957812 1.02513158 0.96970737 0.817468286 1.26801014 1.44577515
    1.45890021 0.930772543 1.11229706 1.19881046 1.49109602 1.29953158
    1.03640079 1.39886296 1.3574549 1.15489554 1.22903025 1.27485275
    1.69670308 1.31993616 1.43135846 0.833004296 1.20810223 1.09858608
    1.84167302 1.55414379 1.0500282 1.27737737 1.30219829 1.08464777
    0.887496233 1.16380775 1.50478148 0.81169337 1.69336379 0.994814217
    1.21202552 1.81841397 1.43357921 1.60073578 1.19075775 0.846995533
    1.23373377 1.58759809 1.41497529 1.00039148 0.966813445 1.37160492
    0.726615191 1.48231721 1.56921494 1.55430067 0.875266969 1.35353684
    1.64376974 1.19066286 0.873566628 1.49413705 1.11763 1.2727257
    1.66548538 1.50146925 1.77419949 0.786203623 1.25113738 1.37258852
    1.26922238 1.40101957 1.3871913 0.843627989 0.930406034 1.43530023
    1.60302389 1.28307641 1.1144309 1.59977984 1.68589866 0.911278129
    1.34589338 1.23261487 1.11751318 1.61163509 1.32591581 1.16606748
    1.20169866 1.70388734 1.43891406 1.0300262 0.757013917 1.3381325
    1.33275521 1.07933867 0.808394253 0.737526417 0.798927188 1.04527247
    1.48360574 1.44851136 0.952601433 1.00097585 1.16050267 1.47477674
    1.24658084 1.74640059 1.29024827 1.78967333 1.05157399 1.37439668
    0.884664536 1.1613487 1.27250421 1.44465089 1.68620884 1.28026426
    1.24125183 1.59130049 1.34474432 0.928703785 1.02001548 1.37856829
    1.32752264 1.51314795 1.44088626 1.44012058 1.31866252 1.27354527
    1.66020989 1.0622921 0.810817122 1.59609652 1.00344551 0.980925202
    1.66651869 1.72376645 1.29290485 1.5009228 1.03842783 0.737279117
    1.07886863 1.34149444 0.738542259 1.24215949 1.4866904 1.7984997
    1.51434624 2.00242162 1.30710495 1.80447745 1.745242 1.44916534
    1.63790929 1.61224663 0.948186398 0.862717748 1.79978585 1.53417015
    1.54954326 1.12413907 1.67977715 0.837412715 1.13225067 1.0615027
    1.64964509 1.43674576 1.69858706 0.984421134 1.10768592 1.55434179
    1.38098383 1.01177573 1.29481506 0.972801626 1.00464737 1.15917587
    1.43873131 1.39326942 1.65259266 1.44689035 1.6624279 1.13861692
    1.49132824 1.00107121 1.51953518 0.950958371 1.55797923 1.46853149
    1.3673799 1.3743521 1.44387317 1.00245297 1.44051862 1.41266263
    1.66143334 1.178316 1.41602898 1.30239761 1.11372948 1.81314707
    0.936380923 1.79063368 0.880937338 1.2928592 1.13849306 1.71084714
    1.37712896 1.78927922 1.94811988 1.83205509 1.45803511 1.51174176
    1.12389946 1.08153129 1.33801329 1.5960182 1.04005086 0.99784106
    1.03785717 0.729468703 0.996840835 1.36358619 1.45642745 1.37610817
    1.26696539 1.48248112 0.972475648 1.76603949 1.46210837 1.45990491
    1.35198116 1.65063012 1.06968725 1.4849993 0.834464729 1.60085595
    1.39142144 1.28457987 1.14758277 0.799916685 1.06274045 1.52673757
    1.82149434 1.38312101 1.03709984 1.02897704 0.79694581 1.09138608
    1.03794789 0.917606592 0.738113523 1.80773938 1.0182066 1.25332427
    1.35761583 1.27398098 1.37622488 1.43378961 1.48706329 1.04421973
    1.05643141 1.0945884 1.35973084 0.807242513 1.05658722 0.891241372
    0.838582993 1.4604758 1.08347619 0.826893747 1.46064544 1.29609787
    0.908632398 1.20890558 1.17696691 1.12273097 1.13212383 0.812606096
    0.779024839 0.74517709 0.88559705 1.16879809 1.47981358 1.4208076
    1.30835545 1.28214633 1.36357617 1.56963968 1.11169171 1.54281676
    1.57067704 1.26762164 1.71527612 0.921515644 1.29038262 1.73671055
    1.54991221 1.51978958 1.18906832 0.742463648 0.847831428 1.26281548
    0.675762475 0.735894442 0.665818214 1.55220246 0.9575454 0.839917362
    1.27046251 0.986911535 1.1071763 1.14107013 0.88697505 0.930686057
    0.818746865 0.807838678 1.71820056 0.943580329 1.28479564
    0.871173322 1.36256945 1.36002052 1.83822036 1.33101439 1.19468188
    1.46595347 0.819752812 1.13600171 0.905833602 1.70974684 1.7783426
    1.80847287 1.83345544 1.16970503 1.60753179 1.16573405 1.42936456
    1.19388223 1.18430376 1.31084013 1.23514462 1.10396206 1.112975
    1.23765635 0.735050559 0.95085454 1.34591472 0.72330153 1.07281029
    0.761233866 0.914623141 0.803381443 0.767086506 1.27827442
    0.879398882 1.23331785 0.694354892 1.13719308 0.682311058 1.20692885
    1.16545439 0.949098289 1.41645133 1.38591814 0.954702735 0.905843139
    1.16225934 1.29351199 1.39135861 1.49359643 1.15002632 1.0490998
    1.58518064 0.901694119 0.87495935 1.28297877 1.69245577 1.22122622
    0.924277306 0.911057889 1.31536007 0.979537964 1.58788145 1.57043827
    1.10235059 1.35191023 1.31027591 0.933214843 1.60314155 1.25460422
    0.918196321 1.40247166 1.29928815 1.58159995 1.56980705 0.718765557
    0.959027469 1.55584371 1.41848338 1.05343437 1.90293252 1.96909952
    2.03519845 1.06507957 1.86180437 1.07248199 1.12414694 1.34968007
    1.43952954 1.23338127 1.06302929 1.34919822 1.56212068 1.71421933
    1.74439788 1.42788124 1.6881026 1.7309227 1.43653464 0.950335324
    0.852622688 0.853155792 0.860250115 1.67259479 1.7506814 1.78674018
    1.72325253 1.81681931 1.68493509 1.11304986 0.980881572 1.20822752
    1.37459207 1.78683317 1.21118653 1.64763272 1.22767329 1.78158569
    1.38769543 1.47225392 1.75889361 1.00559795 1.44771433 1.22635698
    1.77991557 1.18863046 0.96624589 1.07390821 1.61245763 0.915552497
    1.51378357 0.807022095 0.711187363 1.62118459 1.53626502 1.63321829
    1.32303381 1.59996581 1.24651539 1.17055857 1.10848689 1.39853728
    1.57545865 1.79853582 1.53552151 2.01546335 1.52751207 1.1057682
    0.789615393 0.853331923 0.911968946 0.814975739 0.832786798
    1.54045045 0.88390094 0.760936856 1.23900938 1.52818167 1.22323775
    1.15883553 1.56549454 1.07039881 1.68691456 0.861198843 1.61322355
    1.08181977 0.704555333 1.11109698 0.889939666 1.06414735 1.59601176
    1.61773968 0.80795145 1.64551878 0.968520761 1.65154481 1.46495485
    1.27883387 1.02989972 1.12078762 1.51554763 1.68191862 0.837900281
    1.32874274 0.766488612 1.48368406 1.1640569 0.875245571 0.997514248
    1.44436049 1.54825103 1.10029209 1.06063962 1.54259408 1.60635126
    1.04404545 0.773816645 1.36008728 0.776530564 0.998409092 1.11622798
    1.31953597 1.32394457 1.23829758 0.793336153 1.28601992 0.925982058
    1.64467013 1.83960545 0.976746321 0.984072447 1.59928107 1.08544147
    0.837462485 0.664562345 0.575436473 0.741508722 0.738781571
    1.19201899 1.53834748 1.41910255 1.69318616 1.00377011 1.15094829
    1.58981669 1.2751292 1.66810548 1.48031437 1.4253974 1.5594635
    1.43348241 1.83799601 1.18137062 1.64044201 1.22093666 0.899474084
    1.31015837 1.53571963 1.74240398 1.39293849 1.36639333 0.925252855
    1.26523793 1.06697381 1.07262146 0.865509629 1.59961355 0.979173243
    1.80656743 1.81359148 1.52792919 1.29242086 1.51909912 1.37343729
    1.85548377 1.45700991 1.11593747 1.32868874 1.70970631 1.63177133
    1.53361678 1.58107471 1.50585806 0.847818673 0.946812868 0.926743686
    1.48908818 1.26184428 1.61265004 1.31376052 1.22283113 0.868921757
    1.65835106 1.0735302 1.61923635 1.38028157 1.58563995 1.58850956
    1.07842863 0.821022332 1.36148489 0.950419128 1.51518643 0.845643342
    1.01647127 1.40798485 1.47978222 0.95391506 0.721161664 1.03715658
    1.05517244 0.737681508 1.08668542 1.42838335 1.53515112 0.983134687
    1.69246745 0.837703526 1.16629529 1.35899699 1.75358105 1.79772186
    0.791032135 0.848197997 0.96132803 1.39629161 1.28996146 1.74592888
    1.58901358 1.47575903 1.40006638 1.26661575 1.32777226 1.09450924
    1.58824074 1.58652604 1.02815282 0.842583597 1.10964787 1.08444571
    0.777446747 1.03434062 1.05586302 0.647444308 0.784458876
    0.830270588 1.55850971 1.48919749 1.15173638 1.69973075 0.913376927
    1.72863102 0.834023118 1.48450577 1.05981755 1.70650005 1.25871933
    1.82702112 1.82856643 1.23016441 1.69633985 1.72818947 1.90833569
    1.34868324 1.24601293 1.19093752 0.818674088 0.777250409 1.19415224
    1.32348514 1.47762525 1.45157671 1.05912232 0.817925096 1.2297343
    1.5869565 1.11327636 1.80519044 1.69406688 1.04940212 1.5590297
    1.2698791 1.54535103 1.82481599 1.47869265 1.10759771 1.03026807
    1.38280189 1.53852129 1.66178596 1.0034709 1.70267415 1.57227778
    1.52216721 1.71355712 1.51521468 0.979905128 1.585145 0.925713241
    1.28425908 0.992974639 1.35988295 1.08252001 1.13547742 1.44253564
    1.68458509 1.1705476 0.891044974 1.6060065 1.1105305 0.952585459
    1.37095225 1.64510202 1.35213089 0.941543818 1.49088156 1.28208315
    1.70215821 1.06436038 1.57769716 1.67035282 1.93276179 1.24591196
    1.04168653 0.887024581 0.846989036 1.36914814 1.33510125 0.970624387
    0.713596225 1.07063222 0.908415914 0.843677878 1.18862367 1.39100313
    0.96399051 1.68582547 1.13846338 1.85766804 1.25792336 0.936493635
    1.52229142 0.892827332 0.819442034 1.48731863 1.65145206 1.23470891
    1.83123291 1.171996 1.07705963 0.762882829 1.62581253 1.44530487
    1.23637021 0.932081521 1.0395509 0.943230391 1.59800649 1.58746433
    1.29920137 1.28938389 1.08501577 1.46803892 1.44524086 1.5338428
    1.6238054 1.37573302 0.876532316 0.968405485 1.04251146 1.1768955
    1.8278079 1.22497857 1.25320745 0.843101561 1.08968091 1.27766395
    0.845228493 0.637331605 1.57406342 0.887025356 1.15290618 1.50057721
    1.75926852 1.48255849 1.18132019 1.28484392 0.845988989 1.33020306
    0.934892476 1.20021343 0.666760385 0.981522739 0.675931871
    1.01371706 1.46993804 1.30286682 0.795657277 1.1449703 1.20629978
    1.74513483 1.22450376 1.83397114 1.54383433 1.7819196 1.53723526
    1.25925171 1.13103569 1.78281069 1.55424821 0.795973003 1.42708254
    1.2704432 0.786988378 0.713814974 0.849276483 1.10564232 1.14493692
    1.24232292 1.02254915 1.43879783 1.38135815 1.43933547 1.85946369
    1.8844645 1.79577625 1.87203741 1.41390979 1.79314411 1.17743659
    1.23530984 1.29250753 1.76537466 1.69938743 1.55839288 1.65381145
    1.91896725 1.58146834 0.768730044 0.806024671 1.26529574 0.729502797
    1.30195403 1.29783428 1.28260815 1.73719382 1.53954613 1.38280725
    1.14448321 1.12503815 1.387658 1.40511119 1.14441431 1.63781881
    1.15898764 1.14771593 1.41797853 1.10330606 1.67870903 0.761785567
    1.20248449 1.57928276 1.25436294 1.17460465 0.877245307 0.83502394
    0.615792453 1.04077554 0.691651106 1.00257146 1.2740041 1.00788808
    1.17049754 1.6359247 0.902658403 1.04962182 1.54590714 1.52946579
    0.849553049 1.0570401 1.59811902 1.29848337 1.44860506 0.973775625
    1.16706538 1.50434315 1.20395184 1.13298512 0.99819541 0.899392664
    1.67541862 0.933338702 1.66590869 1.49460018 0.972429752 1.61926639
    1.48109543 1.00781572 1.43764722 1.22475016 1.61569178 1.55131984
    1.59813523 0.938715339 1.45253265 0.750655055 1.52870488 0.792659581
    1.69074416 0.936237514 1.34190333 1.56154764 1.83946693 1.16526806
    1.7475071 1.08027148 1.14841092 0.835475266 1.37718844 1.64649677
    1.56028318 1.4897548 1.44664168 1.49661088 1.51595056 1.35979259
    0.889185727 1.63028252 1.42755747 1.73789179 1.26116216 1.63710439
    1.23990297 1.67505443 1.67814422 1.83406377 1.18147254 1.73650062
    1.02411091 1.72079241 0.876728356 1.70301521 0.92624104 1.08628368
    0.846951902 1.34148479 1.06852293 1.39976013 1.6805234 1.72717285
    1.70194507 1.16464031 1.76832938 0.865079224 1.79146862 1.36539197
    1.06115818 1.04437411 0.799032629 1.38564837 0.680483162 0.778248429
    0.742787123 0.921847939 1.39636171 1.51249039 1.17748678 1.81822562
    1.05551434 1.68900681 0.836861134 0.986488521 1.38989413 1.12632465
    1.14149106 1.38095737 1.50637388 1.52844417 1.55256844 1.53754902
    0.831502974 1.1826421 0.942773342 1.66451883 1.23414898 1.58754206
    0.772413254 1.11519897 1.45993102 1.68897331 1.37875378 1.05000722
    1.42814839 0.978710234 1.02582073 1.52880466 0.786273777 1.28158391
    0.662171721 1.11282301 1.11279583 1.57856488 1.85083151 1.6572082
    1.51118386 1.26274443 0.724762738 0.716538668 1.33382237 1.06126332
    0.862966597 1.73583186 1.76478755 1.15122914 1.32108116 1.27426922
    1.51484179 1.40204859 0.81481564 1.36473298 1.26841843 0.747716725
    1.05976033 0.702005327 1.54124725 1.52817523 1.14829445 1.13017488
    1.22408569 1.143085 1.25690031 1.00400615 1.2302053 1.36149251
    0.904264867 1.00336111 0.973406613 1.18887162 1.07887137 1.84146786
    1.75185072 1.89171898 1.5769465 0.981392026 1.58067715 1.05946696
    1.59277487 1.10308409 1.06441939 1.29642153 1.28741372 1.04578662
    1.51214421 1.06900656 1.65881538 1.59392321 1.41968524 0.881018519
    1.66956401 1.77628422 1.35825658 1.75323236 1.89233005 1.20432568
    1.62339008 0.877690673 1.68877304 1.69396973 1.04296219 1.65956247
    1.49732411 1.75027227 1.27338898 1.13715971 1.84853625 1.27926981
    1.87391067 0.838198781 1.82843113 1.94849265 1.8377943 1.94371951
    1.93007791 1.44150186 1.65851736 1.25341725 1.28906631 1.50988233
    1.10295105 1.15492952 1.73938489 1.32549238 0.978364289 1.8169235
    1.69898403 1.15500224 0.961201429 1.26451969 1.40900135 1.07432425
    0.817614615 0.97056073 1.78159332 1.00533402 1.09927535 1.67836273
    1.36119521 1.22344708 1.0457871 1.24746037 1.69413209 1.01038444
    1.08741009 0.921447158 1.0874573 1.68002379 0.963917077 1.66019309
    0.958864093 0.834513426 1.10963476 0.92104733 0.604922771 1.15289569
    1.19671011 0.840610743 1.55737495 1.53039694 1.82713914 1.4026494
    1.09252334 1.654163 1.5464052 1.29164588 1.26853359 1.76712799
    0.791094363 1.48074901 1.19602251 1.73428047 1.73405778 1.28526592
    1.29030466 1.27681994 1.70915425 1.80841863 1.5798068 1.67488897
    1.51384008 1.24607038 0.940283537 0.839795291 1.43144429 1.19954753
    1.41037476 0.873912036 0.825799823 1.07068586 1.64483571 1.05636954
    1.04090858 0.748919129 1.35022283 1.44340205 1.40275085 1.39607978
    1.61485291 1.66965044 1.59044254 1.32457554 0.909911335 1.30899453
    0.870653152 1.43558848 1.85302067 1.66213918 1.77915144 1.73008573
    1.40499938 1.10832 1.22969973 0.858348072 1.80653954 0.908366084
    1.1288532 1.25921142 0.84454453 1.12758255 0.85804069 1.78540862
    1.58257949 1.95006728 1.68761265 1.34329414 1.355304 1.46498847
    1.36793852 1.16758585 1.49901605 1.36870515 1.24329364 1.21609449
    1.04467213 1.56227112 1.51393664 1.18500185 1.68258429 1.0236727
    1.00233746 1.38145673 1.7085954 1.32567203 1.23608053 1.58293903
    0.876159847 0.766644001 0.653643072 1.36934114 1.57004476 1.65239596
    1.61021936 1.09728706 1.45636809 0.844622135 1.19659424 0.832660019
    0.937276363 0.955539465 0.657905757 0.7243402 1.36440194 1.77306437
    1.15483713 1.39327896 1.44857037 1.08440769 0.890139818 0.887325406
    1.57803047 1.30619144 1.09291828 1.78904545 1.08325231 1.61133063
    1.39859223 1.18990505 1.18642151 1.0319078 1.19205153 1.63795698
    1.62471449 1.81705058 1.28104043 1.38068843 0.73638165 1.10251927
    0.906283438 1.27058649 1.9085505 1.26529121 0.905210078 0.889799058
    0.849868655 1.32958138 0.973251462 0.909616768 1.33551419 1.23804057
    1.38006532 1.097682 1.29077148 0.991980553 1.81588113 1.55551636
    1.72013843 1.00084054 1.54893267 1.09323108 1.01448655 0.749727488
    1.20091975 1.31441426 0.980278909 1.23206437 1.63452756 1.64217186
    0.899306715 1.33244908 0.902677178 0.98774147 1.09031141 0.917066813
    1.20106232 1.32083309 1.0994879 1.33497274 1.31090522 1.86873448
    1.36680019 1.24367785 1.14293981 0.827384472 1.55460596 1.17963922
    1.13473499 1.27385163 1.3391062 0.721476734 1.01067805 0.886927366
    1.47994494 0.754377007 0.823059678 1.52516675 1.31328118 1.42850375
    1.42877614 1.74978936 1.50816107 1.34637749 1.028512 1.47041917
    1.22731984 1.03337419 0.831409514 1.30944252 1.0578016 1.74674571
    1.05966961 1.0840615 1.39008141 1.96297681 1.35004902 1.68640673
    1.97229683 1.35818779 1.56591976 1.94471598 1.92015171 1.35830474
    0.950149238 1.29217577 0.84765166 1.67023468 0.985660493 1.79207218
    1.26949084 1.76374424 1.18241084 1.50880575 1.58576 1.50391686
    0.803051114 1.52511871 0.919709504 1.38821614 1.61495852 1.03754675
    1.64091742 1.62309027 1.34406292 1.72474265 1.78040421 1.27716553
    1.7535677 1.31489217 0.868892312 1.05040503 1.57189429 1.11003959
    1.45068979 1.55471802 1.18809724 1.39412594 1.7096138 1.66830766
    0.858187675 1.40888 1.00400364 0.597648621 0.900445223 0.919745207
    1.68875909 1.75946748 1.71666384 1.82329571 1.06105387 1.35990834
    1.13229764 1.39732993 1.52481413 1.33702075 1.23884845 1.37320995
    1.45577443 1.40019357 1.0782665 1.41860223 1.54335415 1.68144119
    1.85191929 1.17170405 1.28308904 1.58540869 1.18282807 1.68119681
    0.872819066 1.59246397 1.04897428 1.70895123 1.26631761 1.00641549
    1.06538618 1.14782381 1.14266956 1.24765539 0.817684114 1.12079549
    0.838025749 1.34469163 0.983543277 1.55705786 1.25114977 0.939171672
    1.4040544 0.917106986 1.00743186 1.12031496 1.60124671 1.18089473
    0.970533848 1.85498369 1.75343394 1.63757014 1.99484921 1.51969349
    1.6347245 1.03417015 1.7553668 1.29634726 1.77003431 1.42577946
    1.57804012 1.43444216 1.05389678 1.54185092 0.946432471 1.87521434
    1.85413826 1.32036901 0.982162595 1.86518669 1.45423329 1.68915331
    1.03155005 1.24391842 1.13829851 1.09556067 0.905828953 1.77880824
    1.07935965 1.08689296 1.08544242 1.17517984 1.41887045 0.755065858
    1.09756494 1.38905418 1.65814948 1.14090598 1.0134145 1.58010066
    1.27865803 0.838855565 0.690907001 1.49813044 0.828944564 1.37466514
    1.01878858 1.52279103 1.35801995 0.695921183 1.36596155 1.52092385
    1.1801306 1.16318917 1.18499899 1.33818853 1.05236125 1.65302122
    1.1152575 1.44112349 1.58542061 1.33119023 1.62225986 1.70691824
    1.69108963 1.73870027 1.45039809 1.64445424 1.19299638 1.41697443
    1.28070736 0.848715603 1.11705029 0.983491004 1.0603528 1.67326033
    1.2680589 1.2962153 1.30901504 1.51584542 0.882425249 1.57509732
    1.80800962 1.81688869 1.32318962 0.861047685 1.146824 0.904615879
    0.679275632 0.756783724 1.42452025 1.60593891 1.47383595 1.38876116
    1.78130388 1.56137252 0.915566325 0.971953034 1.50511682 1.05989122
    0.735672057 0.7132321 1.02302694 1.45315611 1.17378211 0.866070449
    1.75605881 1.46993649 1.13230968 1.69757688 1.82487118 1.15958834
    1.71281171 1.71003056 1.25595534 1.0802139 1.23570025 1.28849161
    1.56258762 1.05896378 1.54491997 1.77512693 1.11452079 1.49840581
    1.08969438 1.7622602 0.984149456 1.56137347 1.63004863 1.45357871
    1.20654953 1.50302243 1.43558884 1.08243668 1.20427418 1.24495471
    1.36480916 0.752643466 1.02138472 0.792923331 1.30102718 1.05067301
    0.825113475 1.74622571 1.3775146 1.73522782 1.05711567 1.59089863
    1.58897042 1.3918978 1.28712833 1.50760174 1.94650185 1.85097182
    1.92472601 1.6176784 1.85846722 1.52675617 1.04134893 1.08663046
    1.61678338 1.71159637 1.717942 1.22192657 1.10245538 0.82462883
    1.35495234 1.05725038 0.910920382 1.47224104 0.768252552 1.40189731
    0.987774968 1.5266608 0.891658902 1.52115726 1.56028926 1.25512242
    1.1359266 1.07145536 0.92759943 1.18221974 1.03433037 1.79938495
    1.4691782 1.01814449 1.31714773 1.73076284 0.85191375 1.17176914
    1.64595354 1.67153108 0.902806163 0.771279752 0.73558712 0.934009016
    1.51773095 0.976347089 1.24023747 0.773676038 0.915472806 1.31079113
    0.66470319 1.38579428 0.770307362 1.65281558 1.53294909 1.88433707
    1.74993896 1.69717658 1.21992242 1.90942442 1.62847984 1.95569599
    1.24446678 1.73101544 1.70582187 1.77412915 1.36322987 0.945226669
    1.66806352 1.45914793 1.70055628 1.03509879 1.85201252 2.03192496
    1.84117305 1.32540715 1.0502876 1.02986705 1.07362092 1.54858541
    1.27666962 1.63343036 1.68832541 1.13886571 1.6843766 0.852353156
    1.17684388 1.14704013 1.63111496 1.59580851 1.70627165 1.30883873
    1.16725099 1.13260972 1.12539315 1.78362966 0.926713288 0.858871996
    0.71755439 1.45910704 1.59540868 1.06068647 1.89566255 1.49730694
    1.45513761 1.47701406 1.45992422 1.85878909 1.59585333 0.944784582
    1.53493452 1.68982255 1.57618487 0.82091701 1.41388869 1.30869246
    0.872150779 1.28357792 1.07061481 1.68263423 1.12092531 1.87988675
    1.36447251 1.07342851 1.58476961 1.11847126 1.14617777 1.70298076
    1.23860681 1.80297673 1.00735939 0.926693559 1.43940771 1.05311537
    0.960109174 1.16202354 1.04163504 1.26625872 1.19942284 0.933003306
    1.13172233 1.84252322 1.3980695 1.67998743 0.912109256 1.09395587
    1.30734611 1.16915226 1.63411307 1.13206542 1.30251825 0.877995729
    1.17349386 1.07625127 1.16995823 0.779657364 1.17771566 1.34283137
    1.04738855 1.01792097 1.47681165 1.15985847 1.07547486 1.66909575
    1.41724288 0.953521609 1.29509604 1.25671947 1.4235158 1.15699565
    1.35276067 1.62539124 1.46834743 1.62240398 1.35954893 0.842768431
    0.92907232 0.736962557 1.50645351 1.27391422 1.29040515 1.71940124
    1.10057974 1.5624212 1.64084148 1.55996776 1.85783815 1.31194019
    1.462515 1.63704967 0.751012683 0.712792456 1.45193052 0.990089834
    1.56377709 0.742164135 1.52279341 1.10446358 1.10471678 1.00621355
    1.33402729 0.819955826 1.28718293 0.957685232 1.2123878 0.869132102
    1.01207507 1.39147711 1.71946323 1.04913294 1.06992888 1.51527619
    1.76848459 1.37416887 1.61504745 1.80193114 1.84911704 0.775321245
    1.41432643 0.890711367 1.04362953 0.907167256 0.847349048 1.40474534
    0.815422356 1.10719109 1.22337449 1.83743322 1.43072295 1.25500929
    1.28850305 1.61103523 1.25199997 0.751365483 1.17072928 1.23105836
    1.10396492 1.29378724 1.10058284 1.17035723 0.830825746 1.47641468
    1.55515897 0.815015495 1.45039809 1.27220821 0.973104894 1.18825078
    1.05123556 1.13055086 1.74412668 1.52599323 1.82818258 1.30248797
    1.79821837 1.42201161 1.12056077 1.91363072 1.78588223 1.58593035
    1.76464581 1.84572756 1.51221073 1.57056892 1.59242785 1.56636906
    1.00341392 1.21899807 1.45795977 1.12228274 1.40413606 1.25322938
    1.13661885 1.11032426 1.23414552 1.50234818 0.979078829 1.93638515
    1.65746975 1.33331347 1.56855214 1.15067506 0.850712538 0.923856199
    0.972452521 0.773386359 1.04138148 1.41951251 1.56630993 1.97160852
    1.02128041 1.13550258 1.3903935 1.10589159 0.831795633 1.63594913
    1.1571759 0.852873802 0.760142565 0.887031496 1.14546168 0.823975265
    0.937811553 1.1343075 1.68515873 0.786309183 1.31247902 0.844210207
    0.871037185 1.31919265 1.48431456 1.61596811 1.57899272 1.81463587
    1.84181094 1.03661799 1.85128307 1.54843557 1.17539573 1.75579095
    1.69292665 1.29163837 1.55035686 1.43753612 1.1882993 1.10606837
    1.3546412 1.91563213 1.68197262 1.60831499 1.73182023 1.53186631
    1.2980355 1.1137377 1.0405935 0.930658698 0.907186866 1.74018359
    0.869803071 1.22189307 0.748226702 0.74364084 0.965009212 1.54686773
    0.905406177 1.42863429 1.25339949 1.1764667 1.76616621 1.53447843
    0.891572177 1.6362958 0.804696321 1.53548157 1.19245327 0.929074407
    1.49441624 1.19891369 1.66824603 1.56778526 1.80908489 1.53461754
    1.8528291 1.4776783 1.92112815 1.45601952 1.82761288 1.67660201
    1.05969727 1.88790953 1.06833375 1.12893629 1.5393486 1.03319395
    1.66578424 1.82136357 0.896258056 1.42357564 1.23646939 1.47273529
    1.47813225 1.6998837 0.952183545 1.5850724 1.59163666 1.65554142
    0.895711899 1.59227479 1.04543173 1.63850069 1.16669226 0.885095775
    1.11030638 1.29061818 1.12388515 1.10833073 1.37265098 1.30717564
    1.81602943 1.47361553 1.82704246 1.08419657 1.1723038 1.52102757
    0.891647637 1.44630861 1.53585708 0.846460581 0.793527007 1.16307378
    1.62506163 0.945172369 1.72699082 1.61318624 1.25931251 1.0694381
    1.28446805 0.988766015 1.03157711 0.852783263 1.28763723 1.56906128
    1.11714447 1.88237166 1.90578282 1.92589927 1.05750334 1.0030874
    1.23133576 1.15112162 1.41944993 0.986259341 0.995236576 0.594236553
    1.10397768 0.907474875 0.789902389 1.44138527 0.920027316 1.31888509
    1.81396675 1.38799739 1.06322539 1.10421455 1.57602286 0.790210485
    1.20871866 1.50245821 1.61877108 0.982607305 1.29996336 1.00568676
    1.61745238 1.33543634 1.53451478 0.783192635 0.979510605 0.857253075
    0.792009175 1.39162934 1.09581792 1.09869254 1.32578099 1.44863319
    1.38969886 1.11015701 1.70455134 1.35475111 1.28716671 1.4813503
    1.94125545 1.31940031 0.974878728 1.49806929 1.36937082 1.62811506
    1.07607996 1.58997178 1.31925595 1.25591922 0.989373267 1.77366555
    1.55254924 1.86994553 1.24219024 1.57789814 0.854379296 1.08772743
    1.05439115 0.97004801 0.845551491 0.84350282 0.774003386 1.15767205
    1.60374606 1.73530102 1.43635082 1.03958416 0.802878141 0.903946161
    0.632469475 1.07265449 1.05727804 0.807549119 1.1381377 1.54881406
    1.92416584 0.999722779 1.82887948 1.34446681 1.59348261 0.975056946
    1.0873791 1.78378308 1.96250594 1.64866877 1.71378052 1.46250021
    1.52802801 1.18208444 1.06687272 1.7435838 1.16100526 1.11048877
    1.26630402 1.76527643 1.55244315 1.74491262 1.15939808 1.37526214
    1.3684516 1.15453911 1.35245287 1.84466457 1.95330226 1.56689334
    1.01779413 0.726212502 1.30746436 1.41915298 1.14864028 0.97687012
    1.11827445 1.2526269 1.68983531 1.75038886 1.26149404 1.17689097
    0.818996787 1.02097678 1.22263968 0.866354167 1.43411314 1.09236586
    1.36567712 0.887389302 0.935859382 0.708758831 0.916114926
    1.23758423 1.08003628 0.758998454 0.995939314 1.83087993 1.41520464
    1.9178319 1.92482853 1.31289089 1.40013134 1.8784368 1.33851159
    1.72903585 1.8737309 1.71551049 1.59880209 1.9198581 1.89246988
    1.48102331 1.61706829 0.885740995 1.69872677 1.47406447 1.08194959
    1.86605263 1.73313403 1.88774312 1.38423383 1.08989739 1.35692251
    1.25152016 0.936187387 1.69776702 1.578565 1.42452621 1.48626852
    0.987220228 1.49122763 1.53870928 1.40458763 1.22378314 1.69929707
    1.39182043 1.33266628 1.76976705 1.00455821 1.68791533 1.72236037
    1.21391177 1.26682353 0.984099805 1.21382189 0.910399079 1.02059948
    1.7776953 1.75362861 1.9233681 1.09064877 1.82634568 1.44678926
    1.74055135 1.52644455 1.5388875 1.73871326 1.24245155 1.58645415
    1.1701256 1.04784179 1.07339716 1.63968146 1.70945811 1.29287505
    1.78055155 1.65224791 1.38750684 0.825547397 0.851512611 1.24779022
    1.75721443 1.02945995 1.79396009 0.824399114 1.28787541 0.955464482
    0.976617038 0.762393653 1.67316222 1.61500752 1.77609885 0.828315258
    1.18411005 1.12087691 1.67631364 1.10853791 1.7214222 1.49728239
    1.55646729 1.78092492 1.84678686 1.69971442 1.50997627 1.18480492
    0.80702132 1.66710651 1.68006945 1.13151717 0.770235002 1.47091794
    1.18633211 1.72002649 0.769877255 1.31227815 1.41101909 1.7270838
    1.09381354 1.57202685 1.39028442 1.69893396 1.69282424 1.37455356
    1.31459284 1.83136272 1.3713733 1.26751304 1.35807049 0.839125872
    1.55943179 1.36335719 0.697064757 1.17812538 0.56421423 1.49092448
    0.752684474 1.21930754 1.03274071 1.24429226 1.11970866 1.50715506
    1.29676998 1.40322232 1.71600354 0.757901132 1.55350614 1.14249635
    1.7804786 1.57002759 1.34387934 1.63699782 1.06192791 1.06835413
    0.810462356 0.921548128 1.58602679 1.50693548 0.698504448 1.36617947
    1.46038938 1.44709039 1.33544862 0.868700266 0.955521047 1.65637958
    1.52680182 1.30210412 1.17831576 1.83815348 1.09115148 1.77404082
    1.01659477 1.68128216 0.937218904 1.22359693 0.947110236 1.50516236
    1.64787936 1.67100239 1.22969604 0.982296705 1.00878012 1.356125
    1.12169075 1.43139088 1.38124728 1.1843971 0.766417623 1.57908189
    1.1372999 1.23096001 0.763574958 1.10863125 1.01359212 1.18074012
    1.29276502 1.05147636 1.52606094 1.45594215 1.16606057 1.44401562
    0.796952963 1.07927239 0.728734732 1.63618207 1.46744907 1.8220017
    1.35932696 1.30522263 1.64835536 1.319713 1.29287362 1.74156773
    1.08837092 1.27067816 1.8423177 1.19954205 1.79134429 0.903056085
    1.58221662 1.0378437 0.968197823 1.1976018 1.57043648 1.73521352
    1.34053123 1.12113345 0.952952504 1.31045091 0.922241688 0.68064785
    1.22920632 1.73597896 1.98082423 1.8091073 1.4241147 1.4285593
    1.09997737 1.27372932 0.626932561 0.711882353 1.19011486 0.848589599
    1.68833172 1.18091094 1.83811581 1.51393223 1.48360825 1.16483927
    0.760245681 0.888517678 1.60889935 1.44695818 0.808650494
    0.834992349 1.35564291 1.36607206 0.907541096 1.59876597 0.761537015
    0.910872757 1.59288728 1.37612116 1.86535525 1.69664443 1.51115465
    1.7279588 1.02228677 1.79172421 1.40280104 1.7670337 1.40435553
    1.03012586 1.14641249 1.80606389 0.946202874 1.37411618 0.913538456
    1.59228075 0.887352765 0.773647249 0.882542372 1.52098107 1.69107103
    1.89689577 1.24845076 1.0663563 1.282704 0.844579458 1.74147224
    1.37384856 1.32212484 0.718425095 1.2606827 0.769219577 0.7892133
    0.988551855 1.23094416 1.18358541 0.868428588 1.19653821 1.0934763
    1.56533515 1.80317664 1.77250767 1.89574325 1.36520469 1.67746842
    1.81422877 1.66990376 0.889549255 1.73464942 1.59112358 1.58095729
    1.48910654 1.43420613 1.57066572 1.89684045 1.79842436 1.24655414
    1.59752011 0.987339973 1.46633899 1.73178458 1.62797046 0.98652339
    1.77050638 1.27974272 0.888584971 1.00703025 1.20850348 1.86903727
    1.67032731 1.0737747 1.56127846 1.15946174 0.980193198 1.71987009
    1.0805341 1.36226261 1.32161748 1.28887045 1.59269011 1.10460949
    0.921209157 1.19150698 0.935672462 1.73156464 1.09534407 1.45820785
    1.00160611 0.89937079 1.22128212 1.44952643 1.52614272 1.55282617
    1.27427948 1.36803114 1.73076618 0.994452357 1.5653553 1.52354968
    0.825801075 1.34774089 1.33094275 1.25013745 0.886514783 0.955800295
    0.805194318 0.783334672 1.65629971 1.05321229 1.21174014 1.58926845
    0.997037709 1.31577432 1.02497113 1.26619971 1.27332056 1.17819631
    1.43859971 1.7286675 1.81716371 0.934368372 1.10770595 1.46324062
    1.081738 0.799268961</data></your_img>
</opencv_storage>
