<?xml version="1.0"?>
<opencv_storage>
<g>1.3300000000000001</g>
<r>2</r>
<filter-type>1</filter-type>
<circular>0</circular>
<L2_diff>132.99611426198496</L2_diff>
<test_img type_id="opencv-matrix">
  <rows>128</rows>
  <cols>256</cols>
  <dt>f</dt>
  <data>
    0.855138063 0.260826051 0.0833284259 0.987805188 0.538923085
    0.215642214 0.996652722 0.469497204 0.584402978 0.16256547
    0.104264528 0.891951561 0.320942163 0.812352479 0.84105283
    0.716655731 0.655326188 0.219265133 0.369030595 0.793979347
    0.595631659 0.120155632 0.507516205 0.909251213 0.21730718
    0.0720188022 0.844481945 0.235266238 0.976917028 0.791526198
    0.900525689 0.90187645 0.935168743 0.693668485 0.585685015
    0.236296594 0.0703358948 0.919041276 0.516717672 0.215403378
    0.911533058 0.904779434 0.417242497 0.1907323 0.330680162
    0.0263559818 0.81455338 0.0948823392 0.86013484 0.987980127
    0.258382797 0.303868949 0.467713982 0.403670758 0.560100853
    0.0791067779 0.735116065 0.754729509 0.0623809099 0.203051269
    0.909720659 0.148956358 0.238496184 0.313723385 0.101287872
    0.0415337086 0.842490613 0.151750863 0.00499901175 0.516260326
    0.823535919 0.229084998 0.936182261 0.41295445 0.724551797
    0.218217045 0.218659759 0.298069119 0.0765473545 0.170354813
    0.343969882 0.0621725321 0.08758834 0.363025844 0.775892615
    0.767740488 0.177652359 0.545858085 0.479815781 0.262047291
    0.564412951 0.376623273 0.828373194 0.688688576 0.213674366
    0.524490595 0.991183996 0.948774695 0.0880512297 0.971532524
    0.517346382 0.280708015 0.0403962135 0.752250314 0.358326018
    0.376504064 0.905122995 0.820227683 0.149124861 0.676042914
    0.511023641 0.886341095 0.550140381 0.590103269 0.882475734
    0.475052357 0.83123517 0.484035641 0.621916056 0.045910418 0.5507164
    0.140984565 0.177479208 0.189409971 0.892490506 0.917841673
    0.10326755 0.604311705 0.482004941 0.927965522 0.0742691159
    0.0664218068 0.831029832 0.026102066 0.169484466 0.403274953
    0.262772143 0.036806941 0.733553767 0.224467158 0.566662192
    0.418097526 0.573061407 0.416469425 0.977738738 0.48025617
    0.563715935 0.401249081 0.832824349 0.479366481 0.667458117
    0.0780119896 0.50009644 0.414801776 0.0485073924 0.467299253
    0.713028371 0.462350875 0.618429601 0.59839052 0.777753949
    0.0557862222 0.845189512 0.748722434 0.928964794 0.523687124
    0.634755313 0.625147462 0.243381262 0.349375784 0.0940276682
    0.0916148722 0.0977970362 0.559413135 0.400253057 0.921033382
    0.225250572 0.415546685 0.497594357 0.111952603 0.721753001
    0.540288806 0.0267408192 0.0729548037 0.620776892 0.784558475
    0.177910656 0.739984393 0.422800541 0.791664362 0.557102442
    0.231282651 0.54114449 0.503131688 0.953093529 0.453617841
    0.457838982 0.806759596 0.121231943 0.566381931 0.591573834
    0.231909692 0.197119296 0.327017218 0.291664183 0.38629058
    0.49555406 0.199525833 0.483108252 0.948962808 0.85226661
    0.559871256 0.706166327 0.691936612 0.316446275 0.601446152
    0.652013659 0.398312986 0.961719632 0.599276483 0.298885733
    0.212386578 0.306083918 0.369098157 0.327754259 0.461242139
    0.54284364 0.925013542 0.313615948 0.942920923 0.841775656
    0.370337248 0.638640463 0.559850216 0.0944562852 0.460969359
    0.211712837 0.841553092 0.100989401 0.48847878 0.254579335
    0.288667321 0.259165555 0.720574856 0.672025204 0.82178688
    0.0510107577 0.541080236 0.711657703 0.460017353 0.42910111
    0.607798636 0.84524852 0.713759363 0.123716921 0.312941104
    0.14585644 0.885594368 0.534126103 0.504120588 0.716683328
    0.967693031 0.134899706 0.635807991 0.292292893 0.361680031
    0.663924932 0.779833317 0.880481958 0.638315678 0.914983392
    0.302429914 0.906523287 0.792432368 0.657760262 0.190324336
    0.528227687 0.244143993 0.033164978 0.706925452 0.923631012
    0.700165749 0.938869238 0.446066648 0.624497533 0.875031114
    0.440826476 0.249525547 0.854338169 0.541624367 0.0877059102
    0.016774714 0.339584291 0.756841898 0.255741 0.368358552 0.112972111
    0.513980031 0.577593923 0.559852958 0.0919761658 0.952776313
    0.995784044 0.891692042 0.906804383 0.76537466 0.702729225
    0.810072899 0.107776761 0.464124203 0.0450017154 0.777117968
    0.0257371664 0.128188372 0.205899805 0.655481696 0.997210383
    0.846131444 0.984873533 0.859316111 0.0244211555 0.398415029
    0.585277379 0.85483712 0.115474224 0.282778352 0.205186546
    0.506784081 0.268902779 0.938316941 0.992792189 0.466857314
    0.0369124115 0.0677784681 0.166710079 0.418927252 0.849689007
    0.463980228 0.491618633 0.305046678 0.849871516 0.336254418
    0.321248055 0.134251595 0.071351558 0.859299421 0.0494315326
    0.586038411 0.0254746675 0.309595317 0.846679449 0.404464006
    0.329696357 0.81180191 0.17604351 0.719863176 0.916914821
    0.957867384 0.819840908 0.309282005 0.173001617 0.320772171
    0.0682777166 0.502969384 0.202986747 0.820066273 0.832871675
    0.57536006 0.340809673 0.140118301 0.437436104 0.549070358
    0.541444838 0.825163305 0.698739409 0.569033861 0.927529335
    0.0986787975 0.133051813 0.117318511 0.886201024 0.269075811
    0.406956613 0.422897577 0.901381612 0.941081166 0.564979255
    0.497591347 0.480931818 0.277776837 0.83581996 0.788175881
    0.379756302 0.422675192 0.396658242 0.366862059 0.725256205
    0.338059962 0.316262901 0.805103302 0.387065142 0.0432713628
    0.668991327 0.858901143 0.0384016633 0.829082489 0.953994095
    0.133956164 0.128761411 0.632236719 0.937933922 0.0552497208
    0.339168966 0.0298413038 0.244625956 0.320233971 0.993679106
    0.68429786 0.378455609 0.208838105 0.531757712 0.17301172 0.77742976
    0.613710999 0.589892328 0.276469648 0.386528462 0.853936434
    0.694539666 0.412921011 0.0670298338 0.188997954 0.123873204
    0.358070791 0.822847486 0.327839375 0.36001122 0.0425728261
    0.592757702 0.653800905 0.919653416 0.647730708 0.414098173
    0.217048794 0.132148027 0.193013966 0.918081999 0.134261489
    0.965851307 0.761696696 0.68121326 0.86236614 0.466766894
    0.626145244 0.836867452 0.722041667 0.694258988 0.9471699
    0.553882778 0.628424287 0.340824544 0.0275767148 0.474608749
    0.325398922 0.751472771 0.174340427 0.448983014 0.0340194404
    0.235909939 0.866383255 0.163670629 0.890276074 0.478834718
    0.412636429 0.275605381 0.366590112 0.212371141 0.149867743
    0.747696221 0.663955927 0.453832567 0.477843612 0.785753012
    0.469458163 0.108456433 0.572585583 0.695736289 0.422120124
    0.426244557 0.0444835424 0.52172631 0.376384497 0.943385959
    0.324916631 0.921114326 0.764468789 0.0975155532 0.0199052691
    0.905047894 0.917465091 0.628140748 0.44757098 0.106105357
    0.684625924 0.214362651 0.708614945 0.645139813 0.712461174
    0.458902061 0.611150384 0.29279533 0.797044396 0.59373343
    0.799184382 0.681616008 0.422388196 0.0165550113 0.780246615
    0.510948539 0.126262993 0.627642035 0.513331413 0.485351145
    0.626138687 0.226669818 0.853435099 0.0276713073 0.950392306
    0.780422807 0.79236418 0.54660666 0.260822117 0.106430382
    0.179273188 0.812436104 0.612255931 0.213203639 0.656373739
    0.572039545 0.0404329896 0.11118719 0.992373526 0.697469115
    0.95249927 0.924366474 0.621840656 0.0130335987 0.595392823
    0.544206083 0.871987402 0.745808721 0.0936829448 0.332925379
    0.0229459107 0.844077766 0.629974425 0.392089307 0.656139553
    0.480969071 0.820566297 0.771297574 0.518934429 0.930794954
    0.52681905 0.102046192 0.824981689 0.0349659324 0.716127694
    0.492000759 0.339340627 0.616234422 0.797196627 0.2305637
    0.557210207 0.661116064 0.00603181124 0.838825822 0.790197492
    0.458202809 0.483577281 0.240559369 0.7856071 0.226204872
    0.957208574 0.18798846 0.759364009 0.324504107 0.160210371
    0.51509589 0.305847079 0.895155907 0.246597201 0.40502727
    0.616719961 0.489558399 0.412132561 0.368066788 0.0869043469
    0.47951141 0.210252702 0.0680301785 0.637462497 0.822140038
    0.226997554 0.982596397 0.941836476 0.563739657 0.911103249
    0.94752425 0.804631472 0.440819174 0.5764364 0.908948481 0.971062303
    0.656314254 0.67904526 0.747875392 0.989772916 0.673596382
    0.827942014 0.346765727 0.527949631 0.163259804 0.944861889
    0.63885051 0.497851878 0.984619319 0.0920586586 0.171083927
    0.125526637 0.872177839 0.619371712 0.668849111 0.238429964
    0.244898051 0.992594004 0.0806263685 0.808834672 0.298693538
    0.588090539 0.00200974941 0.269106448 0.214841366 0.3978706
    0.751158237 0.0565022528 0.359091103 0.987450242 0.135728985
    0.856074095 0.376148313 0.556889474 0.863928199 0.143184692
    0.0770527422 0.766832471 0.936823547 0.731880307 0.0380386412
    0.39598453 0.00944158435 0.831826508 0.518722832 0.0564335287
    0.676119149 0.986091971 0.449821502 0.126517266 0.336344242
    0.579454064 0.337881267 0.0045979619 0.0501328707 0.746812165
    0.420822591 0.363933086 0.591397643 0.115311593 0.527346909
    0.616313577 0.58826071 0.76327312 0.243747383 0.667364895
    0.717827857 0.880152106 0.396209866 0.838065982 0.977003276
    0.0574729741 0.707846701 0.322568417 0.104687274 0.155048817
    0.457352132 0.112154722 0.099857986 0.562671959 0.532212496
    0.563664675 0.11634919 0.777422011 0.308885396 0.232640386
    0.858029723 0.633998454 0.832557797 0.13843894 0.825399995
    0.364225864 0.0981858969 0.744993925 0.520190001 0.521535456
    0.522058845 0.0790213346 0.635375917 0.528732419 0.210871369
    0.344822109 0.267755628 0.620346665 0.582456827 0.545781374
    0.661683381 0.54626739 0.588273644 0.0642357469 0.502840579
    0.157021582 0.310873717 0.30272907 0.0803157091 0.442416012
    0.668679535 0.511576533 0.421272278 0.00979155302 0.123149216
    0.16604504 0.215891063 0.748525918 0.96448195 0.155415446 0.85367918
    0.324870229 0.469337672 0.704132318 0.994493783 0.924900591
    0.964804888 0.852826953 0.190392822 0.639452457 0.0871890485
    0.245435119 0.858862221 0.761935711 0.991525054 0.428887635
    0.478774101 0.636162043 0.128043324 0.857477903 0.657362759
    0.0364463031 0.588670969 0.103222251 0.257416755 0.568775952
    0.0523169935 0.951573133 0.6534006 0.804888606 0.0508812964
    0.787940562 0.5889889 0.313250661 0.956721663 0.438687027
    0.248993039 0.175458342 0.160260648 0.345815957 0.478384107
    0.931222081 0.85964185 0.797084689 0.467144936 0.359396458
    0.410989404 0.518384457 0.59993571 0.558259368 0.452765226
    0.0596446693 0.474446654 0.873659134 0.677939057 0.387529731
    0.484526157 0.949568152 0.82916677 0.278090358 0.303754032
    0.802957654 0.549611986 0.549782038 0.326732665 0.295661509
    0.737186134 0.37938872 0.635665596 0.970163345 0.43382743
    0.935616612 0.289934933 0.339382529 0.152132541 0.964011073
    0.435948581 0.902491212 0.887269378 0.434327722 0.0360001922
    0.293484151 0.139676839 0.960271597 0.665356278 0.221484959
    0.899561167 0.182244003 0.586473227 0.402210593 0.305048048
    0.455413938 0.458292902 0.716666222 0.893581986 0.508034587
    0.718256712 0.394792318 0.863215804 0.0104596317 0.650943756
    0.80594784 0.482621908 0.688823938 0.8574965 0.817972183 0.479409039
    0.959812462 0.908396959 0.556236863 0.836473346 0.152428478
    0.562443197 0.397129893 0.919622421 0.195350707 0.0606837571
    0.572124183 0.913759232 0.203332126 0.724466085 0.412575394
    0.905747414 0.309922487 0.0764994919 0.23393023 0.987849116
    0.507609844 0.527426481 0.184632629 0.265168488 0.929857314
    0.875240088 0.263909578 0.661180139 0.413762718 0.347283483
    0.767158151 0.477803081 0.32386905 0.144125283 0.458889753
    0.14157933 0.725075483 0.108796895 0.684451222 0.881160975
    0.567095816 0.861551404 0.659454703 0.291791677 0.698409259
    0.0504278541 0.453864723 0.80022049 0.662441969 0.0607379079
    0.792485595 0.888256788 0.427407086 0.842994332 0.941320419
    0.728472829 0.38565281 0.334017396 0.372495592 0.957708716
    0.919883311 0.623682559 0.739612937 0.0514657497 0.917297482
    0.320591748 0.832888365 0.966827452 0.981173396 0.336296558
    0.74821496 0.144436032 0.151884854 0.944715261 0.913947463
    0.281797558 0.851741076 0.417197227 0.93191433 0.963567019
    0.92679131 0.119094521 0.475840271 0.999322295 0.661680698
    0.661485732 0.331383139 0.735156834 0.36116305 0.402190983
    0.869460702 0.657183111 0.493485242 0.251263857 0.360131204
    0.641378939 0.87591213 0.15345189 0.0681372881 0.438993245
    0.640863538 0.0649932325 0.422579318 0.514675438 0.318900764
    0.982420683 0.759073496 0.600716531 0.298256516 0.76563406
    0.836161733 0.760265052 0.816961288 0.52371037 0.575937271
    0.968634129 0.0961089134 0.0441822112 0.160133004 0.728882194
    0.419956207 0.889548421 0.452460468 0.861901879 0.861839533
    0.594526708 0.691421747 0.520960033 0.732385397 0.991333663
    0.221558124 0.240943551 0.0447050929 0.172884971 0.0766616762
    0.895388961 0.58439678 0.432970732 0.886767447 0.232051909
    0.450519651 0.864825368 0.93676728 0.328744411 0.556525767
    0.631631792 0.498787761 0.442831784 0.576031268 0.940612912
    0.672526598 0.221247733 0.255048752 0.467066735 0.734464765
    0.764790833 0.577407837 0.200984091 0.158082664 0.822535992
    0.754674554 0.158202678 0.698743284 0.320089251 0.703428566
    0.591912508 0.0166328847 0.106747031 0.67630434 0.311893284
    0.696892083 0.443599284 0.143663824 0.373748183 0.613439083
    0.47249791 0.0901168585 0.6864115 0.306485593 0.891541481
    0.272092104 0.918361306 0.333731115 0.884014189 0.889019489
    0.929208755 0.651284575 0.375597388 0.925960422 0.359661043
    0.127105087 0.160041034 0.0293797553 0.923563778 0.683502734
    0.713121176 0.103426695 0.118709773 0.205656111 0.160636336
    0.604574025 0.457736433 0.888234496 0.316173136 0.261837721
    0.79571414 0.553707361 0.717570543 0.252973855 0.41980058
    0.720841408 0.23967129 0.0973701477 0.14490661 0.634502411
    0.188780487 0.621888518 0.69921279 0.941404462 0.436831236
    0.752025843 0.720702231 0.190256834 0.206922203 0.641392767
    0.326447994 0.914028049 0.477121532 0.0456089675 0.360169828
    0.890637755 0.894055724 0.33884874 0.856106818 0.0553372204
    0.410799414 0.920802116 0.380134016 0.230279416 0.384591579
    0.549319565 0.850366592 0.0877949595 0.995724499 0.0266508162
    0.631099701 0.679998457 0.937518597 0.21345216 0.633238137
    0.54456836 0.398764729 0.333767682 0.377315432 0.46380803
    0.066196084 0.861208439 0.850428104 0.493269295 0.394811571
    0.713629723 0.81634748 0.915090919 0.485536635 0.38135761
    0.735124469 0.717865169 0.764871836 0.234149694 0.548840582
    0.436832786 0.747177839 0.00436136127 0.730535567 0.314520001
    0.212476045 0.854499936 0.116573483 0.707424939 0.839942634
    0.66290468 0.500875294 0.0410631597 0.209744126 0.74083817 0.9056108
    0.0557608604 0.582978606 0.684248388 0.347606957 0.751321316
    0.396386087 0.574854434 0.454999149 0.606018662 0.640586436
    0.20098567 0.537949502 0.920382857 0.0910283327 0.919167042
    0.257142872 0.675757766 0.982096195 0.0238925219 0.0547901988
    0.389571011 0.425159574 0.706971407 0.207183838 0.427750081
    0.0858894885 0.420221508 0.688174665 0.00015065074 0.019503504
    0.648328125 0.740025103 0.144578308 0.480493009 0.825430751
    0.492370397 0.423108935 0.567459702 0.837716222 0.924580634
    0.7298823 0.969915152 0.167672455 0.427024156 0.103298187
    0.854223371 0.242786527 0.27199018 0.489080489 0.661427915
    0.590844989 0.701399565 0.524152994 0.394340277 0.749414027
    0.0874617398 0.206688166 0.743434429 0.715702176 0.983406782
    0.215587407 0.84642607 0.381198257 0.174441487 0.269538552
    0.514716923 0.111210316 0.372275531 0.401749164 0.658503294
    0.636009216 0.289111316 0.642757833 0.356575519 0.664239645
    0.21995312 0.388946712 0.230803072 0.0886254907 0.491570979
    0.132970095 0.24588725 0.535354674 0.609532237 0.535386145
    0.51655817 0.469131261 0.706562757 0.575320601 0.817977786
    0.116583705 0.377187073 0.975340724 0.499008089 0.442901671
    0.40854308 0.454233915 0.297843933 0.641445935 0.974082589
    0.48866412 0.605583787 0.151405782 0.295261949 0.593860507
    0.814044595 0.0273088217 0.437039316 0.918766439 0.468645215
    0.576599658 0.792155623 0.829100907 0.675374568 0.563275099
    0.880169868 0.852256298 0.866142869 0.167184591 0.225504398
    0.233409613 0.517613232 0.210830957 0.607283056 0.668934107
    0.736016095 0.949704647 0.912726998 0.848834515 0.940913737
    0.808641076 0.731637836 0.321621299 0.293172717 0.501674891
    0.181349814 0.360392034 0.0316806138 0.0745708644 0.969297469
    0.571658552 0.89586693 0.731762111 0.694178641 0.549830794
    0.0670137107 0.223487198 0.560530007 0.75031662 0.517306209
    0.903224051 0.932104528 0.39291209 0.00853657722 0.95611769
    0.673546791 0.148696274 0.0986762643 0.792691708 0.653819799
    0.510119557 0.766701519 0.221258223 0.471271783 0.439365089
    0.412543476 0.76227212 0.976578534 0.367953002 0.140077144
    0.766409159 0.386338532 0.214683264 0.0442112088 0.979198456
    0.452088326 0.117411375 0.357122004 0.320266604 0.395277977
    0.26537022 0.30387786 0.856161416 0.796623766 0.309939623
    0.822661757 0.410312653 0.750347733 0.531249583 0.354318023
    0.550301075 0.159599096 0.451607376 0.851733863 0.287885278
    0.106327415 0.921511829 0.588423848 0.0608563721 0.864526391
    0.508489072 0.253321111 0.126309246 0.551556289 0.9190346
    0.222662002 0.511979342 0.362352669 0.948255718 0.548868179
    0.648614049 0.889243722 0.823419333 0.485435635 0.0872369707
    0.354175359 0.56809622 0.489394128 0.147391289 0.130184054
    0.32985124 0.10074994 0.815361977 0.877173424 0.347100645
    0.807429433 0.0593770146 0.675724983 0.910415828 0.666298926
    0.0766294897 0.85021162 0.131055862 0.847688198 0.999938667
    0.658640563 0.874280095 0.0403633714 0.960080028 0.52776587
    0.0594476759 0.667004764 0.451341599 0.697856665 0.330401123
    0.0203599334 0.224956453 0.281868577 0.597940326 0.74665308
    0.699374318 0.00794437528 0.688297689 0.0197342932 0.46535641
    0.697758734 0.525692999 0.302071631 0.175570071 0.65073669
    0.785070181 0.713233173 0.602395952 0.560019255 0.847709119
    0.479340285 0.164340883 0.651101589 0.399136513 0.660403848
    0.40336892 0.633144557 0.200916618 0.40783453 0.966955543
    0.974223733 0.557503164 0.542361438 0.077883482 0.724177778
    0.324212074 0.985558033 0.240306228 0.420882165 0.323646486
    0.105354041 0.382056713 0.95106554 0.791218638 0.630847096
    0.765399396 0.76455915 0.381553054 0.56927073 0.873293281
    0.122691095 0.941910386 0.245225281 0.236679196 0.175026149
    0.2182841 0.786452472 0.683679163 0.460579038 0.677085638
    0.0213157237 0.151040703 0.179219991 0.383070707 0.157247812
    0.163080126 0.0288015008 0.15099293 0.186676234 0.194491565
    0.613545418 0.633588672 0.584547758 0.935847402 0.496298552
    0.744430482 0.875213742 0.699261546 0.820104659 0.314802945
    0.678771436 0.25260216 0.347890258 0.619770646 0.109935284
    0.317706794 0.357278943 0.975851238 0.942357242 0.973304391
    0.624729991 0.437343478 0.968344092 0.542577207 0.592945278
    0.868971109 0.893169761 0.616128862 0.401232213 0.325584292
    0.487497211 0.368699789 0.0302266479 0.160499901 0.334246606
    0.863480806 0.345845938 0.70827806 0.427832574 0.650090814
    0.135029733 0.50834018 0.997091651 0.571879804 0.156256378
    0.412619263 0.65256536 0.504352152 0.139555156 0.496850878
    0.434621811 0.915680766 0.387172163 0.423724741 0.991834879
    0.519601047 0.421832234 0.414972812 0.748276591 0.334445298
    0.552067518 0.496219605 0.694043517 0.120090574 0.0991971195
    0.703879237 0.18374458 0.159242988 0.809895873 0.31179136 0.42394942
    0.99311167 0.311046004 0.302182883 0.940395832 0.624341726
    0.172235548 0.73703742 0.48664549 0.616528988 0.758536518
    0.726850152 0.445762843 0.739780009 0.0684036911 0.0716382861
    0.717438579 0.648673654 0.0876449943 0.795093894 0.563245952
    0.914096236 0.208424389 0.758218169 0.450356364 0.183719933
    0.437227786 0.697187364 0.140910774 0.118345082 0.787830591
    0.366333902 0.499600977 0.870451927 0.30109936 0.698811829
    0.992390156 0.987694383 0.879225791 0.779203236 0.536702216
    0.130519062 0.189388305 0.144707352 0.769020438 0.905166268
    0.623609662 0.0828255117 0.839589953 0.916066051 0.960592508
    0.526043355 0.465465367 0.293134689 0.941071868 0.646930158
    0.730768442 0.876658797 0.77222693 0.709810615 0.0468763113
    0.921676278 0.373385966 0.0971387625 0.707364202 0.423458844
    0.523261368 0.957861781 0.943915844 0.247680426 0.908822596
    0.923888683 0.410677433 0.645811796 0.981832266 0.600063264
    0.549189568 0.911082983 0.986649454 0.312935472 0.218590677
    0.384144962 0.626313984 0.421575338 0.734058499 0.377670586
    0.719639599 0.800449908 0.37564227 0.760746121 0.913204193
    0.897437572 0.790940881 0.224225491 0.403812647 0.140616298
    0.875965595 0.284315884 0.916089416 0.944200635 0.0786655545
    0.697014689 0.722546518 0.804323196 0.91526866 0.378311515
    0.846473098 0.991496921 0.0989019871 0.988484561 0.453269273
    0.741914093 0.598439932 0.163351625 0.59874624 0.648550928
    0.545594513 0.754748702 0.854334831 0.928750157 0.394294441
    0.370146334 0.0627666712 0.935111225 0.793769896 0.212800503
    0.942887068 0.347990423 0.63356334 0.274617136 0.227250814
    0.951117873 0.39898321 0.536656559 0.944327295 0.326853573
    0.188530743 0.432785302 0.598183751 0.743613124 0.564441204
    0.179412723 0.325765491 0.872364521 0.553227484 0.38688615
    0.0898957253 0.5650087 0.780395031 0.700958252 0.748964071
    0.395266026 0.491199523 0.749184012 0.494797915 0.496062547
    0.500914633 0.841637969 0.180213392 0.641127825 0.176323295
    0.14451164 0.532129467 0.907999694 0.279700577 0.518541157
    0.304947495 0.830364466 0.637511373 0.29396522 0.416535288
    0.492278725 0.663732052 0.715368748 0.436536819 0.578285336
    0.0624167919 0.907107532 0.067422688 0.0887964964 0.378007591
    0.841752768 0.858012617 0.161372095 0.0968367755 0.164627105
    0.611003935 0.096939683 0.69560498 0.30143398 0.0660610199
    0.47948423 0.311123133 0.445862442 0.417651504 0.144101113
    0.417227924 0.124319077 0.909469843 0.819803596 0.682261229
    0.066298306 0.0190589726 0.741524279 0.355039716 0.54382664
    0.928785086 0.85458523 0.463668823 0.944786429 0.734820247
    0.0994829535 0.810739636 0.37868917 0.0264205039 0.225927293
    0.490081847 0.560552597 0.790554643 0.323841929 0.360515833
    0.929229259 0.343840927 0.620197117 0.77743578 0.933656991
    0.268082738 0.562211752 0.030251056 0.895135045 0.260382384
    0.406323612 0.184173137 0.512462795 0.313795686 0.254868746
    0.48832199 0.595078468 0.49856773 0.162341088 0.972031236
    0.364043176 0.512184441 0.0821783841 0.757634282 0.850918293
    0.0937566757 0.206052005 0.4251284 0.969711304 0.368662298
    0.814879835 0.894336581 0.707440376 0.334169745 0.289619118
    0.0345511734 0.0554557443 0.67243439 0.681406379 0.291781604
    0.815894842 0.432827652 0.979131818 0.275790215 0.615795851
    0.4315992 0.705969691 0.444216996 0.812189221 0.829154372
    0.00643220544 0.832558036 0.525639594 0.671591043 0.745738387
    0.907191873 0.877763331 0.253709227 0.19010064 0.451015353
    0.122361869 0.278730273 0.84604001 0.00655540824 0.921610355
    0.271881789 0.878384531 0.751968563 0.530283153 0.473649681
    0.482243776 0.984642506 0.877108455 0.100355923 0.281540573
    0.483693004 0.278813452 0.638310909 0.708173752 0.399410963
    0.0853595138 0.750614882 0.947973371 0.322140276 0.762123108
    0.698807836 0.845913172 0.449978232 0.793961167 0.305359423
    0.446111262 0.524853945 0.76519841 0.254640877 0.783839941
    0.97527796 0.770972848 0.321425557 0.196607739 0.76815927
    0.897397161 0.58975327 0.129437774 0.37724039 0.318365991
    0.0641781986 0.0573804677 0.450244308 0.914585114 0.563772202
    0.288968265 0.56505543 0.275425851 0.969829857 0.738050222
    0.528046072 0.380845547 0.573802948 0.0753241181 0.632377684
    0.469856381 0.0570907295 0.689471006 0.683287442 0.867105722
    0.486855775 0.657040477 0.573499858 0.486552984 0.994675219
    0.819106936 0.976699591 0.554354548 0.810421288 0.545361936
    0.606393099 0.454487532 0.0488334894 0.668028414 0.836349249
    0.383901596 0.923180997 0.120175511 0.976775706 0.883094549
    0.00358840823 0.921802998 0.827076256 0.369588256 0.793750942
    0.895073295 0.749218941 0.735346437 0.0673035383 0.838110447
    0.0362477005 0.562501073 0.0440037549 0.16266951 0.318453193
    0.130449921 0.119381219 0.170029759 0.0704880059 0.410211951
    0.813492715 0.490158647 0.0475248098 0.378162742 0.195658803
    0.767748952 0.620809555 0.180123508 0.462656856 0.0606252551
    0.351483732 0.318359554 0.388045728 0.256347984 0.0100431144
    0.648203909 0.358040392 0.264746845 0.356115103 0.642164171
    0.455780536 0.771728635 0.143131673 0.71274507 0.251980871
    0.168310136 0.490299106 0.994499087 0.485178828 0.87310183
    0.100059241 0.884501815 0.410836101 0.0960990191 0.614834547
    0.370983452 0.64411211 0.178223997 0.929319739 0.396805048
    0.162769705 0.612641454 0.63722235 0.868310153 0.309208721
    0.183373481 0.249238282 0.819640875 0.750694036 0.910718918
    0.115082115 0.739575326 0.532180846 0.0436586738 0.472901851
    0.859274626 0.61418128 0.482417792 0.640223563 0.209187537
    0.519791007 0.143306285 0.220193684 0.673677444 0.552544415
    0.397705674 0.107775122 0.224157393 0.00407513976 0.043277204
    0.926279545 0.898093581 0.274317294 0.150586039 0.39171797
    0.64127636 0.92914176 0.0721111298 0.165701151 0.244149268
    0.838254213 0.522432625 0.843678832 0.0773292184 0.26390931
    0.379533559 0.342649043 0.823491275 0.176645398 0.0750940144
    0.33932817 0.611257493 0.63844192 0.631663084 0.389133751
    0.643376231 0.0536006689 0.993562877 0.927829981 0.795866013
    0.700637698 0.0206560194 0.865146399 0.330912769 0.68484664
    0.8573066 0.642532945 0.938292742 0.797876596 0.285563588
    0.500212193 0.372728378 0.866185188 0.355632782 0.5164904
    0.187926948 0.712818503 0.102475584 0.509930253 0.963151336
    0.876640856 0.0155715346 0.343789577 0.300730169 0.796818733
    0.0781777203 0.605287731 0.411619276 0.35192436 0.777612448
    0.481108308 0.557544529 0.661098778 0.564309359 0.395208538
    0.466196179 0.294350028 0.183081508 0.582829475 0.789287567
    0.972388744 0.949166596 0.825540543 0.548670769 0.791738629
    0.859166741 0.66952908 0.0609080791 0.407372952 0.197299957
    0.13856557 0.003867805 0.11930877 0.538354218 0.597714067
    0.782756448 0.469357371 0.616196811 0.259247631 0.626830697
    0.213206679 0.42082724 0.371653616 0.553830922 0.289954305
    0.652084112 0.467838645 0.454378158 0.254530549 0.257156014
    0.506344318 0.823636651 0.0305808187 0.840753973 0.0722459853
    0.589053869 0.481030971 0.257330835 0.950015783 0.458597243
    0.680562615 0.349909067 0.326798201 0.735842228 0.144935071
    0.636425138 0.698344767 0.296358198 0.77127862 0.843587697
    0.88072443 0.717550695 0.512646198 0.408674031 0.0254523456
    0.5596205 0.75044775 0.429046571 0.270324349 0.456027389 0.686087608
    0.29706037 0.699311495 0.0815247893 0.219846636 0.689585567
    0.739195287 0.0275795758 0.503023922 0.513424695 0.684582114
    0.680930495 0.939651251 0.79392612 0.794139564 0.753509402
    0.681585073 0.478110492 0.625558257 0.129997164 0.155621439
    0.251752675 0.761289716 0.251182169 0.0652401149 0.806833029
    0.336934149 0.0573953688 0.797678709 0.0820301175 0.510806024
    0.426384151 0.656585395 0.4459548 0.872792661 0.521080494
    0.473321408 0.394624531 0.012730062 0.446767241 0.560369253
    0.903028369 0.970303237 0.400661528 0.0977515578 0.0286958516
    0.361257613 0.422606945 0.780852973 0.697840869 0.121459335
    0.951908469 0.563624144 0.395556599 0.597661853 0.981923819
    0.750129104 0.596654117 0.736820877 0.861505568 0.176230013
    0.34030059 0.0795223713 0.794181049 0.271997273 0.216890901
    0.696454346 0.697004378 0.726894438 0.446096629 0.237452894
    0.831372619 0.468270868 0.106702238 0.827153802 0.867317259
    0.738448262 0.118302137 0.117305279 0.0852922797 0.937055767
    0.437099308 0.108214021 0.955768347 0.373798728 0.857158124
    0.678064942 0.311213493 0.58359921 0.84279108 0.826424003
    0.177119106 0.858508825 0.552324474 0.184488475 0.791815996
    0.415405631 0.151751429 0.48952046 0.452867627 0.287470877
    0.153828681 0.702026486 0.804416895 0.0375249684 0.818037808
    0.814815044 0.0953284204 0.693693042 0.756911993 0.117012978
    0.59988749 0.162791967 0.471725643 0.619270265 0.552039921
    0.614508986 0.940550089 0.0935913026 0.949597299 0.683652043
    0.0493721664 0.832782269 0.869454741 0.892282605 0.717855573
    0.961354971 0.517536998 0.229312539 0.356600672 0.904024363
    0.216732353 0.738693953 0.995961547 0.960165739 0.329338253
    0.196951926 0.784692526 0.722005486 0.466577291 0.644654632
    0.973328471 0.433021545 0.864633679 0.465471298 0.0172389746
    0.573536456 0.380100399 0.123197854 0.509558916 0.763025641
    0.989810348 0.303334296 0.250625938 0.608215094 0.171933502
    0.0458022356 0.922658682 0.245982766 0.905722976 0.510543108
    0.884874463 0.742285967 0.668937922 0.379202127 0.897047281
    0.560111642 0.314143598 0.964938521 0.23547861 0.278601766
    0.180657595 0.0992749631 0.922718406 0.059558928 0.660911798
    0.646117568 0.555757284 0.174221098 0.767367303 0.307889581
    0.244458109 0.8813712 0.108696193 0.416575164 0.53638339 0.766538799
    0.556378603 0.928815365 0.649412096 0.0179534853 0.0362344086
    0.489372075 0.745253086 0.609725296 0.793982744 0.609409809
    0.782290459 0.126361221 0.85423851 0.819694877 0.696419656
    0.540192604 0.124161214 0.489888102 0.804290354 0.926876545
    0.919279456 0.0203626454 0.850048363 0.186647236 0.714053869
    0.235644102 0.390707672 0.819582105 0.418275476 0.590042412
    0.921654224 0.438347816 0.792964995 0.589760542 0.781732082
    0.0311799645 0.270996392 0.998567402 0.0313361287 0.296457231
    0.973694205 0.365151107 0.208891064 0.54615134 0.634357989
    0.415722698 0.193576932 0.944441438 0.827234149 0.239202261
    0.283590496 0.248330981 0.38950339 0.340943962 0.177272171
    0.661910474 0.291961461 0.792225003 0.404540747 0.159133285
    0.034520328 0.945433199 0.749048233 0.432246506 0.282032549
    0.748903275 0.676894665 0.0654454827 0.191150725 0.0263206959
    0.794949174 0.319588721 0.896075606 0.987583041 0.106333673
    0.416845441 0.99464792 0.620980978 0.935325325 0.489188224
    0.788082719 0.368834496 0.515924633 0.479480326 0.439725608
    0.90572381 0.497999102 0.493898809 0.679998994 0.457544178
    0.281274259 0.0775016844 0.892963886 0.770484746 0.178573668
    0.351850808 0.307252437 0.857594907 0.639434636 0.93855691
    0.903530002 0.208712846 0.455496967 0.0686167777 0.984386027
    0.580935061 0.783601522 0.869155109 0.285172403 0.599172652
    0.647418082 0.231574714 0.0767595768 0.613843381 0.0813291073
    0.099116683 0.0402007103 0.401586235 0.055403322 0.897729039
    0.988327861 0.668793678 0.778504252 0.0655519664 0.333795249
    0.661670685 0.209838003 0.200010359 0.984810948 0.731403828
    0.275563598 0.921590626 0.783472419 0.710783839 0.556656837
    0.0910784304 0.527015805 0.691649675 0.0546218157 0.522794425
    0.923454762 0.355729222 0.195525259 0.109534889 0.772030354
    0.848595858 0.301341355 0.0729079545 0.844931364 0.99520874
    0.509635448 0.897467494 0.81908536 0.939931631 0.0546665192
    0.0742738545 0.509819448 0.0910778046 0.760613441 0.438987494
    0.235457927 0.941838801 0.768365502 0.2363846 0.623569429
    0.0929717124 0.153321624 0.230822027 0.659080625 0.56198442
    0.284326375 0.00639030337 0.724465966 0.332711279 0.902474403
    0.867034793 0.467444032 0.757534504 0.820645094 0.831501961
    0.0976557732 0.301042795 0.275801003 0.866256356 0.020430088
    0.358662069 0.451665103 0.216243237 0.786791801 0.691784382
    0.803574085 0.287047803 0.662757635 0.852062702 0.0729942918
    0.518625736 0.361092508 0.000325649977 0.457191765 0.112062752
    0.712796807 0.807181358 0.851846874 0.697363257 0.616901994
    0.0178382099 0.469814986 0.801672339 0.23268348 0.688062787
    0.125671566 0.334127992 0.854229927 0.645278156 0.754769087
    0.508763611 0.0985507369 0.170321107 0.918735981 0.682530642
    0.306399047 0.457551301 0.41760087 0.29820627 0.00982674956
    0.850481153 0.401486695 0.884607375 0.0581130981 0.894249737
    0.185543507 0.0960171223 0.642050624 0.701134443 0.833910048
    0.286969781 0.909049392 0.549119353 0.139721334 0.832625329
    0.166609406 0.0177257955 0.445872128 0.884421349 0.904099405
    0.251909852 0.785458803 0.952457786 0.558175325 0.12384811
    0.473709822 0.0123759508 0.442455858 0.247848243 0.766977787
    0.223606735 0.570798039 0.439963549 0.3141734 0.77404654 0.842128992
    0.33792007 0.875446081 0.0795501769 0.063767761 0.969413638
    0.566552877 0.457603902 0.878431261 0.840376914 0.698154807
    0.0137130618 0.909764886 0.261606336 0.442064613 0.300713897
    0.355859697 0.477782488 0.800801337 0.232637137 0.599651754
    0.664162815 0.774720311 0.77361083 0.690770745 0.442025453
    0.889673114 0.0664351881 0.0872569978 0.263595402 0.679766536
    0.996134758 0.287633538 0.607244134 0.270015359 0.862319469
    0.891840458 0.88778466 0.758288026 0.242266297 0.749704599
    0.50139904 0.798453808 0.000167608261 0.44959262 0.790670633
    0.693448424 0.709983289 0.190554202 0.134310544 0.00829160213
    0.896186769 0.711904883 0.442471683 0.0589883327 0.478523076
    0.944059074 0.441809148 0.695996642 0.587526858 0.846346378
    0.0850395858 0.982663155 0.330379903 0.392103851 0.931975484
    0.134010583 0.381387562 0.362164974 0.419079423 0.0529046655
    0.220323354 0.490876198 0.478018612 0.45607695 0.92043215
    0.0238723159 0.0858570635 0.392038256 0.296440601 0.273306131
    0.285351723 0.637412608 0.240430027 0.754474103 0.840996861
    0.0376678407 0.182920665 0.081738621 0.0631431043 0.0721582472
    0.449993789 0.0332630277 0.309562773 0.0562645495 0.361799985
    0.954021692 0.744547009 0.600099802 0.28263098 0.472525299
    0.93548131 0.328760266 0.328687072 0.894088149 0.371889412
    0.719035268 0.842231512 0.954472542 0.156295061 0.329170763
    0.858113647 0.569380999 0.0728346705 0.582364142 0.780486763
    0.205122352 0.833011627 0.563471496 0.280398279 0.495430529
    0.146859586 0.286424279 0.889609218 0.638443232 0.739899755
    0.393469602 0.158596873 0.792404175 0.906850338 0.146559834
    0.389161915 0.834534764 0.373689532 0.156244963 0.290607899
    0.380130321 0.782468796 0.0731979311 0.364559114 0.211317509
    0.294809133 0.0815546811 0.033102721 0.806077123 0.0934154987
    0.539967358 0.538758337 0.55131799 0.00266602635 0.397746861
    0.761764228 0.214500844 0.825916409 0.962627709 0.27559039
    0.232932985 0.0473124385 0.822051644 0.273521632 0.980518162
    0.0151380897 0.0745224357 0.0770488381 0.178628415 0.196759522
    0.0352694392 0.638872385 0.940401137 0.200324684 0.923900008
    0.0411235094 0.441117823 0.551580966 0.916466117 0.944959342
    0.23698929 0.473984331 0.890053868 0.465507209 0.0105662942
    0.262181818 0.648283005 0.932739139 0.33787185 0.046574533
    0.907442272 0.0854070485 0.768787622 0.220810473 0.707051277
    0.00698241591 0.962586761 0.467692614 0.367576599 0.233887792
    0.9134745 0.487702906 0.453808099 0.604523778 0.225026667
    0.952287197 0.976292968 0.280160189 0.807430506 0.843693733
    0.83097899 0.0270417929 0.63678658 0.272516012 0.0301810503
    0.0747244656 0.682447612 0.999523461 0.104833066 0.332119852
    0.471611738 0.549146652 0.208117783 0.935018301 0.490611047
    0.214518249 0.105886966 0.324215233 0.14566043 0.436284095
    0.968793273 0.434012771 0.682237089 0.0487855375 0.145595491
    0.130371571 0.930607677 0.994858205 0.518759549 0.0722980797
    0.167407662 0.784842491 0.0584557354 0.72935921 0.696597457
    0.0891572535 0.283408344 0.391770363 0.0521159768 0.580765426
    0.256395042 0.712665975 0.305499524 0.0908735991 0.782006502
    0.759588122 0.65695101 0.244820178 0.840651512 0.587162971 0.661798
    0.701130807 0.99475795 0.459281832 0.923899412 0.791248918
    0.413434446 0.638316095 0.53109622 0.76175344 0.133636832
    0.397400469 0.324848652 0.605858147 0.899239302 0.216282696
    0.742959142 0.443469346 0.257427812 0.525944889 0.771140933
    0.255506635 0.0397565067 0.763090253 0.607578814 0.425299615
    0.968405485 0.77332139 0.26594466 0.327395856 0.571780801
    0.537819922 0.047986269 0.928454638 0.173313648 0.588769972
    0.358383179 0.124043196 0.237448156 0.773243606 0.703851461
    0.057785064 0.963135064 0.811081469 0.443983674 0.664477885
    0.826343119 0.851516962 0.0723786652 0.76814568 0.982540965
    0.101126701 0.891720474 0.963108361 0.358291745 0.359535187
    0.667892635 0.577385962 0.237333268 0.288731992 0.680514812
    0.214332104 0.565488696 0.135732979 0.854726672 0.750416756
    0.355645657 0.674920857 0.879577458 0.162837178 0.0048867166
    0.371697545 0.395087451 0.634657621 0.101197362 0.879415512
    0.49973321 0.891592979 0.9938308 0.939419329 0.420158267 0.202667922
    0.726093709 0.820640087 0.396540284 0.378486097 0.245288461
    0.0304499269 0.266201138 0.958338141 0.190804005 0.45295471
    0.807885885 0.285230994 0.32711339 0.434146434 0.645900726
    0.186266452 0.754331112 0.786163151 0.147290647 0.156619638
    0.544829428 0.840675473 0.812966824 0.894625962 0.163478076
    0.666426778 0.497249812 0.40917483 0.599427462 0.613342106
    0.744543374 0.589125276 0.791330218 0.283560038 0.5900442
    0.0953648686 0.612952709 0.684119701 0.00819534063 0.518378675
    0.644563913 0.678267539 0.654439449 0.683421135 0.879299104
    0.522777379 0.814618587 0.271735609 0.341088593 0.906803906
    0.280888081 0.280580819 0.634080291 0.775965333 0.531268775
    0.895311534 0.358106792 0.88206172 0.361714065 0.0725115836
    0.81430769 0.333612084 0.678052068 0.565782845 0.21242249
    0.744887292 0.787481666 0.105429202 0.54690057 0.201666862
    0.535570681 0.646789432 0.501963079 0.81406498 0.742227376
    0.450860292 0.967691064 0.677215517 0.435965091 0.816612124
    0.832191169 0.119018078 0.770838022 0.409997821 0.668297529
    0.697703958 0.203139514 0.559866428 0.843004584 0.959315062
    0.934970021 0.422117621 0.896099329 0.182880849 0.664135337
    0.801389694 0.25009042 0.0604104102 0.806003451 0.381650358
    0.0977801979 0.0443443954 0.411009759 0.859481752 0.679260731
    0.764965773 0.212164938 0.189729214 0.73292762 0.831686199
    0.23707822 0.608386338 0.0426713228 0.274030894 0.276378036
    0.117722899 0.232854962 0.960353851 0.361053288 0.141215742
    0.239240348 0.716788828 0.0321898162 0.0135644674 0.0453520715
    0.218438923 0.60329318 0.641157985 0.938608646 0.768417597
    0.45696032 0.86105299 0.233344793 0.468502939 0.456256807
    0.756362081 0.152909696 0.372706175 0.60004586 0.599297285
    0.935667217 0.487316877 0.863101006 0.214353144 0.871882319
    0.745639682 0.763430178 0.108659297 0.974166036 0.623639166
    0.685246944 0.0291775167 0.0979030728 0.958486438 0.765930414
    0.720371604 0.862127662 0.923443437 0.726016462 0.139695466
    0.362581193 0.361599147 0.792711258 0.673642397 0.153278768
    0.674421489 0.219985157 0.364690512 0.6550529 0.848779559
    0.702759624 0.415754139 0.658879459 0.105506092 0.802984178
    0.629086733 0.254000276 0.215983957 0.212017745 0.559633851
    0.87739706 0.806114793 0.274010539 0.429991424 0.145066559
    0.315464973 0.779526114 0.871103406 0.137757897 0.700155616
    0.663330376 0.396596283 0.758621812 0.504509151 0.857839942
    0.0638374984 0.178346962 0.236896038 0.261101365 0.0473447144
    0.532444179 0.350361168 0.842874408 0.962635756 0.896395087
    0.320869148 0.0160532594 0.584791183 0.04422611 0.785098135
    0.344002575 0.77378726 0.81572783 0.96505028 0.70863992 0.935207307
    0.194560587 0.520201623 0.0298125148 0.16008848 0.906119704
    0.572746098 0.637486279 0.560195148 0.410574526 0.196834207
    0.964123905 0.922952414 0.387655646 0.968639731 0.189731449
    0.0255612731 0.0876461565 0.381205767 0.911413908 0.375778675
    0.330618143 0.0573560297 0.857468843 0.713270187 0.8592453
    0.60367161 0.606645763 0.351413131 0.0469585955 0.15119341
    0.446878463 0.967768729 0.877330422 0.895681202 0.549664915
    0.664321542 0.157502025 0.804105282 0.126250297 0.0832184851
    0.544956625 0.732532382 0.881663144 0.62232393 0.794951439
    0.0299799144 0.674319386 0.681903601 0.205910116 0.240067571
    0.678518772 0.493165672 0.464714378 0.65533334 0.473566175
    0.61676544 0.659639835 0.813951135 0.51807332 0.883776248
    0.719602764 0.72493428 0.00163507462 0.715394318 0.354138166
    0.429470003 0.72094965 0.715966225 0.513817489 0.849397421
    0.723405182 0.706303716 0.794616103 0.394047469 0.0452989936
    0.850911617 0.730466604 0.440502018 0.240087032 0.173654974
    0.102296263 0.521127522 0.0521863401 0.670757055 0.526726544
    0.59792614 0.414836347 0.450091302 0.143124938 0.299687624
    0.167726696 0.521571338 0.904680252 0.0210870504 0.709838986
    0.0290364921 0.530662775 0.438200116 0.605109692 0.649897754
    0.889158249 0.790761232 0.112518668 0.722385168 0.424457997
    0.746198952 0.302789032 0.260611117 0.502501309 0.951035619
    0.913818598 0.485471994 0.516755998 0.915444255 0.484453052
    0.590304673 0.59775722 0.854195595 0.940674424 0.891880155
    0.0813216269 0.961867571 0.303655922 0.180799097 0.480846852
    0.284247249 0.415817499 0.274087429 0.219657391 0.0952784717
    0.80529356 0.677903056 0.248352617 0.894740105 0.3252303 0.318367273
    0.185168087 0.664583862 0.395039409 0.561719179 0.912968636
    0.0195330977 0.0151272714 0.685526371 0.240789413 0.82411921
    0.750941992 0.0392301679 0.524270773 0.319125175 0.617431521
    0.981900811 0.586791694 0.433145881 0.293918312 0.200500548
    0.248455584 0.321455538 0.658502996 0.0502484441 0.730542541
    0.93111527 0.999049425 0.443831116 0.132125497 0.0914644301
    0.242375642 0.454180241 0.0775880814 0.720434189 0.63675791
    0.72779417 0.830553591 0.151016951 0.656766355 0.575828671
    0.781719208 0.196543992 0.583367229 0.661392987 0.0716266036
    0.367552996 0.463134944 0.494459808 0.376677305 0.518603861
    0.543629885 0.413631111 0.944818974 0.0346981585 0.101628453
    0.101210088 0.316368788 0.051971972 0.415180147 0.80395484
    0.603555202 0.162895322 0.731445193 0.0168955922 0.289065331
    0.622152805 0.0449489951 0.531427801 0.523937047 0.699142337
    0.389328808 0.420690775 0.104446292 0.0615225732 0.239973158
    0.0906427801 0.656921268 0.948402405 0.094814986 0.408298314
    0.99311614 0.777396441 0.0280871093 0.412498295 0.133126318
    0.625014424 0.468055516 0.704194546 0.526457071 0.658533931
    0.665171027 0.461494863 0.867180765 0.821396232 0.312170088
    0.472790658 0.364004314 0.894455671 0.747353494 0.35461235
    0.402233034 0.0316010118 0.135216743 0.921243072 0.164978087
    0.70616895 0.204956084 0.15840745 0.993562102 0.383300126
    0.584767818 0.275968105 0.271629214 0.268512309 0.773952365
    0.30678767 0.535571933 0.463906497 0.688359022 0.155214757
    0.839431345 0.838906527 0.521037102 0.0931976736 0.0567638874
    0.159095287 0.395535141 0.947132051 0.944203258 0.973771691
    0.394545108 0.533457279 0.772411883 0.456288993 0.211991459
    0.781904101 0.765587151 0.0194348097 0.449820697 0.481736928
    0.666688323 0.295126796 0.800024271 0.117745966 0.715847373
    0.966322601 0.319834739 0.871396065 0.0400304794 0.871567786
    0.543233931 0.64357096 0.944090724 0.621847093 0.0130878687
    0.161519736 0.109807402 0.424230695 0.0310966074 0.528312564
    0.1347875 0.427830815 0.667821646 0.47756049 0.0513693988 0.77247858
    0.059425056 0.241718054 0.508674502 0.253254265 0.712068141
    0.372404814 0.796652794 0.122290939 0.692113817 0.15302965
    0.523213863 0.71718955 0.139451563 0.579794824 0.554464281
    0.873270094 0.761054039 0.522349834 0.206908524 0.349401087
    0.683110714 0.838844419 0.636952877 0.847307742 0.515212655
    0.76105994 0.44442904 0.811794519 0.858166814 0.835111201 0.59848398
    0.686034858 0.0921605229 0.341924369 0.286108911 0.909374714
    0.162561446 0.675109386 0.716770053 0.8839221 0.136748821
    0.912590861 0.706440806 0.346360236 0.560534477 0.865803778
    0.444680363 0.698111773 0.219268143 0.0363702476 0.371320218
    0.627265096 0.259219468 0.794963419 0.96394825 0.992162228
    0.946497858 0.369316339 0.2145693 0.15209946 0.119393378 0.853182912
    0.0963877439 0.745069861 0.334573656 0.220494449 0.939365625
    0.333232522 0.779021025 0.0801972151 0.846640706 0.484386206
    0.986029148 0.374433994 0.403986514 0.0674411654 0.479582071
    0.211591005 0.1191127 0.634923637 0.228990257 0.912642837
    0.377647817 0.491419107 0.817946315 0.579024255 0.357106507
    0.392612845 0.805796027 0.97794497 0.0534970462 0.127975672
    0.321386576 0.788177133 0.411045104 0.684414864 0.435383558
    0.21782288 0.616787672 0.492409259 0.993000627 0.118327886
    0.937153816 0.930050015 0.243039668 0.105508596 0.102641493
    0.554061651 0.962822318 0.111075461 0.358312786 0.0280378461
    0.752273917 0.887107968 0.626336217 0.721537173 0.673492551
    0.935146689 0.770853877 0.942533731 0.117855608 0.687437892
    0.821027815 0.301905155 0.264684379 0.934142113 0.42068696
    2.63154507e-05 0.498419017 0.113746136 0.948679805 0.228436172
    0.0867879987 0.503739953 0.685237288 0.13134411 0.225789398
    0.121132374 0.135311186 0.459931046 0.853024483 0.0463436246
    0.851577103 0.4522385 0.563157499 0.0476765931 0.00528013706
    0.880767107 0.582793713 0.74878037 0.402432948 0.699192226
    0.911872864 0.239035964 0.0915650725 0.152485281 0.778010607
    0.871601939 0.136511624 0.829893827 0.112818241 0.436207891
    0.89013958 0.180652499 0.582634628 0.668457866 0.134451389
    0.955266476 0.177092791 0.725754738 0.0950307548 0.765968621
    0.327973306 0.974706054 0.615819395 0.250429213 0.872743249
    0.854979455 0.131139398 0.384811342 0.645905018 0.7816149
    0.380434334 0.56141299 0.586697698 0.703106046 0.182442218
    0.868183613 0.34959662 0.0177467167 0.957288027 0.0425950885
    0.713635564 0.284506232 0.605598032 0.70438683 0.856746495
    0.85838449 0.498103172 0.130325317 0.220499426 0.659247279
    0.918028891 0.425260872 0.629721999 0.254453361 0.869607151
    0.365181565 0.996819496 0.135983467 0.0771317184 0.623782098
    0.753115058 0.757610142 0.553968787 0.223095745 0.313086063
    0.71966362 0.764217079 0.0550815165 0.247801453 0.20246473
    0.504577279 0.637168169 0.391783267 0.637576818 0.526270926
    0.417143941 0.0737603009 0.557497144 0.692015648 0.737391055
    0.0585609078 0.521074176 0.556080282 0.279185742 0.823830009
    0.347646356 0.883998096 0.532361507 0.553229213 0.870322943
    0.0231527686 0.346461415 0.812356472 0.635693133 0.387834132
    0.568445444 0.416552365 0.0902781785 0.137726724 0.596992671
    0.718864858 0.340284348 0.466482162 0.00678658485 0.284419864
    0.868681133 0.300658375 0.215043813 0.146189451 0.796881914
    0.96762538 0.849925816 0.786483645 0.00356635451 0.485489726
    0.447960109 0.0038895309 0.701626956 0.964933574 0.667007208
    0.208665341 0.339888453 0.0471047461 0.661738873 0.797566414
    0.149365544 0.451970696 0.511557758 0.366307765 0.384371698
    0.782651544 0.0813875198 0.73398298 0.818152785 0.426997036
    0.0428699851 0.547183514 0.706812382 0.836593986 0.184361011
    0.1995278 0.624180198 0.232365221 0.91442132 0.296101987 0.65086472
    0.298502684 0.997479081 0.0362609029 0.622109175 0.670089185
    0.239114255 0.693885684 0.0950286388 0.339432478 0.395524621
    0.329551041 0.387159377 0.410300851 0.788778424 0.402073711
    0.483413607 0.778368235 0.577372193 0.661855876 0.0252102613
    0.218798637 0.515670776 0.756825566 0.0409832597 0.632999122
    0.359609008 0.924806714 0.855849206 0.0818785131 0.390307188
    0.52951628 0.471067727 0.485977888 0.150038451 0.638165176
    0.642730176 0.624657989 0.46689409 0.330391467 0.74762392
    0.885861754 0.00135803223 0.0627957284 0.708871007 0.174139827
    0.367706299 0.49603647 0.292093515 0.686037064 0.682551384
    0.217660129 0.287253559 0.644565463 0.712177396 0.00410965085
    0.696093798 0.788791955 0.308162779 0.589226782 0.285691172
    0.932249665 0.889862239 0.37607187 0.0652324557 0.233169377
    0.723489404 0.91131711 0.564945638 0.0947441161 0.574919045
    0.171263099 0.680977762 0.00259122252 0.020842135 0.697471261
    0.413366795 0.48545897 0.596663475 0.684584796 0.599708438
    0.0895545185 0.356757343 0.933266401 0.666190386 0.848086834
    0.471934438 0.127197981 0.918324053 0.534308434 0.839655161
    0.628721714 0.504509568 0.253128767 0.0709416568 0.344634831
    0.369239211 0.807482719 0.252645552 0.516471744 0.923486054
    0.462668598 0.467471004 0.287533164 0.824331045 0.663856626
    0.529073596 0.801193237 0.921634018 0.155923635 0.0125336349
    0.323977232 0.217758089 0.725550294 0.1825414 0.630731046
    0.029055506 0.835614443 0.597090602 0.73072809 0.895602822
    0.688511729 0.849584341 0.748047948 0.488335669 0.202158272
    0.676226139 0.241200358 0.231703401 0.0190350413 0.63927269
    0.0495871603 0.598031819 0.77538991 0.759917736 0.816484988
    0.881806195 0.259816617 0.400272548 0.627616167 0.168409556
    0.435015738 0.657684743 0.492968321 0.260406941 0.423925817
    0.860098243 0.792417526 0.534477592 0.994492769 0.524155378
    0.218027323 0.95895803 0.753883779 0.804606855 0.208178192
    0.616235971 0.0168868303 0.749132097 0.551284313 0.947137594
    0.0572574139 0.21619308 0.167883515 0.253332555 0.791081429
    0.146636724 0.0506986678 0.397157729 0.903480172 0.6570099
    0.714565575 0.533147037 0.0276829004 0.435575873 0.0234922171
    0.57958442 0.0344280601 0.878967524 0.920584917 0.921014547
    0.640073419 0.980161667 0.141791314 0.442611992 0.580877125
    0.615153909 0.541443884 0.443709373 0.712303996 0.755238295
    0.051828444 0.365738571 0.555403233 0.369092613 0.420462638
    0.711261272 0.463860363 0.272381932 0.6328578 0.75689137 0.807321668
    0.720403254 0.378498971 0.618725359 0.492974401 0.568514466
    0.942231536 0.289248645 0.757998824 0.308835655 0.407099992
    0.71180594 0.186214328 0.924304128 0.339543939 0.494854867
    0.412159681 0.732638001 0.964465261 0.567020118 0.971889734
    0.215490699 0.306844115 0.385744482 0.164218187 0.896467924
    0.873629332 0.494673312 0.483749986 0.346585751 0.0967434645
    0.110330254 0.838707387 0.688290119 0.714622974 0.0353417397
    0.697857022 0.5290851 0.712103009 0.731050253 0.0683764517
    0.725338817 0.953879952 0.447220445 0.0451947153 0.0520324409
    0.652287543 0.280584991 0.0217489302 0.269260705 0.0632466972
    0.226035804 0.562511027 0.668254435 0.131371707 0.639108419
    0.551262617 0.953164697 0.532961488 0.07112059 0.29149887
    0.830396533 0.529774725 0.48201257 0.397707403 0.0678413808
    0.592411458 0.918432355 0.371521294 0.0222350955 0.0381981134
    0.568592668 0.389225543 0.411342442 0.293889463 0.611098886
    0.323888004 0.524567783 0.8360039 0.777700186 0.3368617 0.0949233472
    0.749793589 0.361836284 0.780698776 0.540440559 0.910772324
    0.0364547968 0.785003543 0.23396787 0.731934607 0.41178757
    0.707153559 0.809752941 0.938326001 0.602785945 0.732451081
    0.268472075 0.84320128 0.506598532 0.15256691 0.881132782
    0.143477678 0.587620378 0.193088263 0.211999059 0.428082108
    0.0395765305 0.771769047 0.131173849 0.815470994 0.803102851
    0.297036052 0.487796843 0.111746579 0.108616829 0.469437003
    0.216948658 0.99748832 0.492035091 0.810017943 0.883561611
    0.58719945 0.355439961 0.122088522 0.0350713432 0.166165084
    0.321021914 0.557407081 0.524801314 0.0272948444 0.0319571495
    0.152743459 0.644410074 0.529167891 0.193903267 0.326911837
    0.613813758 0.900176525 0.535538197 0.921190858 0.139090151
    0.0904597044 0.434783816 0.484282821 0.662924349 0.895907521
    0.922435105 0.20992887 0.230812579 0.711516678 0.751090288
    0.123275131 0.91943562 0.386060029 0.943010926 0.218816131
    0.593210757 0.14393571 0.756902575 0.828383982 0.661303461
    0.680445194 0.734410644 0.209635228 0.342411757 0.853854895
    0.114536792 0.772560477 0.628724039 0.398868293 0.0825776756
    0.0189716518 0.983748913 0.916931868 0.725286543 0.661473274
    0.669232965 0.307477057 0.263345182 0.507567465 0.264259726
    0.769834876 0.810163379 0.154313117 0.832235932 0.486667007
    0.185753614 0.720262408 0.50552541 0.307625413 0.758752942
    0.544837892 0.64437753 0.0219085515 0.222943455 0.74115479
    0.556045055 0.54973948 0.242868483 0.249855161 0.736808777
    0.294354618 0.602597833 0.153236002 0.0694284737 0.422290117
    0.534024656 0.118390113 0.020608753 0.980743349 0.738925099
    0.00812491775 0.508778095 0.817072392 0.66541779 0.911103964
    0.047665596 0.812323213 0.940112233 0.439231455 0.888933778
    0.620311558 0.675938249 0.657477736 0.85644877 0.0254221261
    0.0947240293 0.0927170515 0.50534302 0.753338814 0.359105498
    0.187906623 0.157189012 0.406695634 0.538780332 0.821936607
    0.901468992 0.195117593 0.0517301857 0.040137291 0.815105796
    0.34037447 0.9378497 0.691757798 0.819734812 0.862152755 0.59860611
    0.173960865 0.674787879 0.112347007 0.963198781 0.676166773
    0.428552866 0.560906708 0.63152957 0.922420263 0.877297044
    0.312052637 0.137555987 0.54562211 0.0813563764 0.0693032146
    0.858669043 0.435217321 0.361639798 0.489475816 0.744702756
    0.807619691 0.432590157 0.327886164 0.502884328 0.0342697501
    0.710222423 0.823333859 0.277264774 0.994256616 0.656196415
    0.490682662 0.685772598 0.858883381 0.78186667 0.440057367
    0.218784213 0.513028681 0.442685962 0.975037336 0.708823264
    0.97077632 0.941485524 0.202666223 0.750265241 0.555773258
    0.750470042 0.638568103 0.187299937 0.392352343 0.664655983
    0.560684323 0.0133999586 0.37877956 0.259629518 0.437559992
    0.309881121 0.905774713 0.794441462 0.58945173 0.217718482
    0.0255264044 0.599658966 0.121364772 0.818105817 0.6266976
    0.912481546 0.504682004 0.759282112 0.27430892 0.623828113
    0.126305759 0.788010597 0.632922113 0.93613565 0.965499163
    0.961692929 0.0991271734 0.0470839143 0.223443568 0.780896664
    0.729275048 0.778280854 0.188297868 0.267295361 0.281984806
    0.165185392 0.83171463 0.396414369 0.353349149 0.905655444
    0.56008482 0.47696504 0.8874228 0.78350091 0.00254175067 0.668036461
    0.614477396 0.457004905 0.890006423 0.660988092 0.0573375523
    0.812635422 0.9688766 0.190300912 0.612019241 0.73197782 0.318266779
    0.421120942 0.182941616 0.364926279 0.202939361 0.386681378
    0.315333605 0.472839803 0.365952671 0.908465266 0.826500416
    0.819781542 0.0821543336 0.450808436 0.850052953 0.273960531
    0.760311663 0.11285165 0.84848845 0.391801834 0.274940461
    0.460395873 0.390663683 0.640844822 0.874488056 0.192717761
    0.619972289 0.78475219 0.984118819 0.810082138 0.666563034
    0.663365245 0.634881794 0.604296505 0.55342263 0.0278575718
    0.848943472 0.248473376 0.313250422 0.48601979 0.851311982
    0.348678172 0.381246001 0.65995115 0.554424882 0.19126457
    0.637957335 0.859563947 0.0114698708 0.999142528 0.923994243
    0.796681285 0.979396403 0.689175844 0.165993392 0.517233729
    0.97707963 0.075725019 0.233415484 0.0925659835 0.0547649562
    0.658030748 0.865405321 0.299357533 0.510032773 0.51713419
    0.538529694 0.839660764 0.423157275 0.775097609 0.422426283
    0.719119787 0.295904458 0.0513691604 0.181944638 0.170027763
    0.322250783 0.432740152 0.683903456 0.676708221 0.700716853
    0.56974858 0.200854987 0.536138594 0.306637496 0.375402689
    0.214755177 0.799281001 0.983924568 0.300874054 0.861408293
    0.510766149 0.0459065735 0.714674413 0.823619843 0.863579154
    0.402215689 0.0791012645 0.677884877 0.299185425 0.883658648
    0.226343185 0.135090172 0.170196116 0.575140893 0.346925199
    0.23508352 0.550916612 0.302055448 0.974613667 0.202675641
    0.175184339 0.904931366 0.0582273006 0.444868952 0.911809087
    0.635816157 0.422465384 0.0458680689 0.615006149 0.298102379
    0.443433434 0.492636472 0.481711835 0.0721726418 0.653822064
    0.435059428 0.682735562 0.591774881 0.245749027 0.239926606
    0.556033254 0.732407391 0.271113932 0.742905617 0.0242458582
    0.898295283 0.0868326128 0.396786153 0.219082534 0.491661131
    0.852836251 0.386231154 0.904368043 0.421560764 0.890240669
    0.438917935 0.558245957 0.553219855 0.904319644 0.556539416
    0.190803021 0.855374813 0.741406739 0.0714008808 0.0370141566
    0.678417683 0.416132957 0.682313442 0.303589344 0.487712979
    0.558220744 0.291602671 0.476511717 0.740046024 0.916255236
    0.855077505 0.605302036 0.197175801 0.569356263 0.159707725
    0.607001722 0.769833446 0.990698695 0.55512172 0.476974308
    0.566211164 0.336335689 0.199971527 0.0660554171 0.319542766
    0.316108644 0.531252503 0.517442822 0.689240098 0.756645918
    0.956875503 0.629570007 0.954014182 0.566391468 0.530071378
    0.370215178 0.694978714 0.49986887 0.595422983 0.548009515
    0.42845118 0.56631279 0.877704918 0.662626743 0.771836579
    0.668130636 0.453187704 0.098672688 0.56477499 0.596055329
    0.0556885004 0.872732997 0.288057953 0.559408724 0.475967854
    0.0929575861 0.417325586 0.230371118 0.510307789 0.779755235
    0.45919162 0.965291262 0.464068562 0.948624134 0.636218667
    0.382420242 0.457796633 0.329197079 0.650442064 0.628353 0.426061809
    0.115924209 0.463507533 0.362205267 0.51494056 0.939019561
    0.45429796 0.437829673 0.121770233 0.631233811 0.363929003
    0.288738698 0.236212134 0.228305012 0.267954826 0.48701182
    0.487531662 0.157052428 0.432934046 0.951044261 0.506147921
    0.335320592 0.0308023095 0.922857285 0.248513043 0.559707224
    0.988381267 0.197729141 0.127964139 0.608919859 0.43328172
    0.154188067 0.838130832 0.802067399 0.0170537233 0.221237808
    0.605845928 0.613785386 0.979592562 0.0789377689 0.814424813
    0.185762256 0.397060275 0.596013784 0.861488461 0.947446704
    0.381531447 0.475012183 0.00747531652 0.246944457 0.515387952
    0.868939638 0.0872137249 0.887583852 0.0102118552 0.260266215
    0.0576355159 0.536388576 0.595371723 0.734000802 0.985060036
    0.173409522 0.945864201 0.530560493 0.252105892 0.585989296
    0.106674492 0.136105388 0.689901114 0.720943213 0.16594094
    0.867648363 0.363152504 0.661264896 0.392282605 0.609489977
    0.272023946 0.356490493 0.670953631 0.332145572 0.588918567
    0.698066175 0.489100844 0.267635733 0.0359775424 0.49619481
    0.431510746 0.327920973 0.555376291 0.656570077 0.933893085
    0.277541637 0.592600465 0.516053259 0.545465767 0.467093647
    0.142172247 0.601735115 0.411640733 0.365803778 0.362196773
    0.499881357 0.388221353 0.818708897 0.209079266 0.586675167
    0.709538341 0.295989811 0.460975498 0.0329217017 0.834332287
    0.49154377 0.0673579276 0.784152627 0.727315545 0.643037379
    0.322013974 0.941576481 0.718885183 0.953641415 0.460647255
    0.898129582 0.376185238 0.683448672 0.424921185 0.423342347
    0.730092049 0.990767598 0.591835976 0.851011634 0.224107295
    0.15992409 0.502861977 0.0774259865 0.223571628 0.819872499
    0.252481759 0.958625376 0.0553926229 0.295635939 0.00793457031
    0.413686931 0.733359396 0.455638766 0.355709314 0.253129065
    0.922409952 0.91695869 0.269736618 0.359161973 0.625479162
    0.836536944 0.932219446 0.226094544 0.904387712 0.79621911
    0.124327868 0.890232861 0.199628025 0.140951544 0.907469511
    0.668177605 0.8212291 0.203604341 0.445282817 0.448612422
    0.299408019 0.52176863 0.0314422846 0.84949261 0.0145471692
    0.767203212 0.227373153 0.879574656 0.0907412171 0.197423279
    0.58110702 0.876940727 0.79725194 0.595897853 0.26155439 0.136659175
    0.730172098 0.42392534 0.273564458 0.769825935 0.253146619
    0.941488385 0.723581791 0.689379513 0.805737257 0.915916324
    0.310154855 0.434886605 0.842835307 0.156159163 0.529509544
    0.230359405 0.268214405 0.507139385 0.603381872 0.993244052
    0.357112527 0.0419815481 0.258501887 0.160470128 0.0592930317
    0.779283762 0.437605351 0.453157574 0.46922341 0.714904904
    0.690235376 0.364337087 0.179010212 0.843405008 0.64143616
    0.0163714588 0.491832227 0.225958079 0.132192582 0.528627992
    0.466786742 0.631832719 0.877463281 0.450437188 0.0819708705
    0.811145544 0.52525115 0.130393684 0.249053657 0.387923628
    0.880854964 0.0440331399 0.0574420094 0.0512184203 0.152756035
    0.635190725 0.113914549 0.748371542 0.932124734 0.180832505
    0.993998587 0.256158948 0.438291371 0.969215512 0.408973992
    0.843015671 0.383658886 0.0738961399 0.967490137 0.542474091
    0.388275385 0.858336031 0.892395139 0.821856141 0.437255502
    0.510870397 0.00318685174 0.777301073 0.0489324331 0.670863628
    0.453230262 0.496256799 0.891718626 0.397973746 0.737853408
    0.353629768 0.899034202 0.903106153 0.116358399 0.241755992
    0.467272669 0.712207913 0.788960874 0.247574776 0.303384483
    0.651523113 0.203949511 0.556087017 0.949022174 0.842413068
    0.625819802 0.457716078 0.472872138 0.494603336 0.376615793
    0.596073806 0.602487504 0.43118602 0.750348628 0.991684556
    0.435839117 0.566199899 0.163993388 0.409022003 0.809470415
    0.450582355 0.358756542 0.0164954662 0.419742793 0.0138826072
    0.0120079219 0.554034054 0.445145816 0.0937101841 0.167221963
    0.180354536 0.0727647245 0.702591896 0.41900754 0.438990414
    0.190257579 0.81882745 0.932021976 0.501995623 0.465335995
    0.662207186 0.483937651 0.306597412 0.809107184 0.690193653
    0.286963433 0.0376983285 0.537199616 0.435320616 0.0880783498
    0.285300761 0.271023273 0.945115209 0.343680233 0.729887605
    0.534964263 0.142544836 0.717403352 0.2012012 0.832870126
    0.142494857 0.0866957605 0.798809826 0.935494065 0.391700059
    0.69496274 0.19085151 0.810590386 0.712060571 0.614439607
    0.00267192721 0.455705464 0.0488812923 0.793482542 0.803951502
    0.735119462 0.515216112 0.313513696 0.961578488 0.699285805
    0.435477257 0.465914667 0.319771051 0.607588172 0.989848375
    0.121901006 0.290700406 0.902279019 0.753925681 0.272848666
    0.511613727 0.695008934 0.412294388 0.299971342 0.754503071
    0.962203503 0.697631896 0.527417421 0.247752875 0.377924889
    0.897579014 0.53496027 0.628116071 0.5379107 0.598655343 0.685403407
    0.237860292 0.684970737 0.0995826125 0.516976357 0.878906369
    0.798731208 0.93440634 0.633277655 0.103622526 0.970691741
    0.392834336 0.167075902 0.591983974 0.946242988 0.252704054
    0.434377611 0.756856322 0.453769237 0.853051186 0.849601209
    0.796109855 0.635924399 0.444077432 0.886388421 0.755796552
    0.0162090361 0.335442036 0.356317937 0.947692692 0.8159163
    0.757764459 0.0564662814 0.299961537 0.435503334 0.31701085
    0.848714709 0.768103898 0.683100522 0.696445942 0.174894363
    0.302399486 0.0281055272 0.340021104 0.00771337748 0.746780396
    0.253491104 0.891477108 0.987032294 0.477588534 0.647070408
    0.746395648 0.888929307 0.106874764 0.413508475 0.527646184
    0.312379926 0.45792836 0.378740251 0.669769764 0.333035231
    0.94715488 0.348229766 0.410250962 0.0487578213 0.867335558
    0.909503937 0.23226136 0.253590822 0.907524824 0.131523192
    0.703577042 0.405007035 0.754377246 0.215221733 0.265036792
    0.542568862 0.063208431 0.772944927 0.485578299 0.196920753
    0.892377973 0.809006691 0.37564221 0.551721632 0.836632133
    0.315441459 0.980633855 0.749879658 0.672783434 0.540126979
    0.974033356 0.0820265114 0.278428406 0.78062439 0.445889413
    0.0978823602 0.804378033 0.140379697 0.152889609 0.240987629
    0.84039402 0.110353798 0.573775828 0.273895144 0.266768575
    0.576053619 0.953518808 0.696565568 0.140031844 0.0863250196
    0.29918772 0.93298465 0.608319521 0.331362128 0.737964213 0.37468791
    0.716991544 0.605143249 0.654953361 0.58098942 0.672214746
    0.280196965 0.73773098 0.839180171 0.0886391103 0.5065099
    0.381680757 0.328819036 0.534473956 0.14087379 0.442140937
    0.636140764 0.36176458 0.136159778 0.573302209 0.0438415706
    0.259669483 0.344542056 0.760777891 0.157985032 0.241349339
    0.314941108 0.0651862025 0.51629293 0.9281407 0.972599626
    0.0852449536 0.260290325 0.983109474 0.750010431 0.0725616217
    0.327759624 0.307386369 0.384289026 0.660819888 0.885617912
    0.265422761 0.0411431491 0.0842538774 0.184334874 0.621980011
    0.254385203 0.241296113 0.902843118 0.280344009 0.318302095
    0.263811588 0.724097013 0.332223475 0.807237148 0.930872679
    0.777454555 0.473418951 0.910663247 0.701625109 0.895948529
    0.557114303 0.877674341 0.0596573949 0.508554101 0.187888235
    0.825799286 0.847972214 0.39284724 0.109457582 0.607088327
    0.583972752 0.205143213 0.0915393531 0.854784727 0.932024956
    0.700457931 0.348502219 0.00494351983 0.155879408 0.916861296
    0.97018683 0.993658423 0.304128885 0.621919513 0.566318333
    0.276944399 0.657019377 0.96071732 0.884110808 0.107599169
    0.493427575 0.433063239 0.566653073 0.399031371 0.106848091
    0.255019188 0.390650779 0.287450701 0.28121835 0.0218265653
    0.16968745 0.979899049 0.31688118 0.199216723 0.229155928
    0.253224075 0.0270953178 0.0623937547 0.00773608685 0.844667435
    0.594446719 0.270445228 0.244482696 0.223703861 0.0202747583
    0.323608637 0.215179473 0.0208434463 0.74594295 0.361225992
    0.884162664 0.998473406 0.642101765 0.174072444 0.201844603
    0.591271877 0.0587467253 0.865238428 0.82199955 0.145130664
    0.841993451 0.4959988 0.752207518 0.989483237 0.827794433
    0.828791857 0.912474394 0.558090806 0.409199536 0.471713454
    0.465262681 0.260430455 0.530124545 0.304549813 0.761365056
    0.551609814 0.339696348 0.592455983 0.352940619 0.0416050553
    0.621081114 0.499622583 0.116547227 0.444052756 0.420709401
    0.505117834 0.105028987 0.245017499 0.910167456 0.271435678
    0.760102987 0.331590354 0.416137278 0.569226325 0.836142361
    0.641277909 0.104003906 0.339391291 0.0682697892 0.164269388
    0.613716066 0.553858459 0.0992096961 0.702937841 0.207425445
    0.938487172 0.940878153 0.226160139 0.523180664 0.145352274
    0.510213554 0.416224062 0.741131425 0.838414609 0.429124296
    0.474097729 0.722195148 0.107627392 0.122456908 0.32923615
    0.23730424 0.463142693 0.918858826 0.492299557 0.477467775
    0.0956990421 0.369253159 0.474696845 0.0105447471 0.460405618
    0.647969425 0.0782177746 0.09574911 0.211191833 0.899170518
    0.766997576 0.786173105 0.239729077 0.456668317 0.485730708
    0.773857951 0.132804036 0.540108323 0.433908522 0.566838086
    0.421243578 0.568375409 0.0931626856 0.0909964144 0.282943547
    0.539077103 0.85616231 0.679545045 0.866382599 0.476540297
    0.812021732 0.485555828 0.949643135 0.533199191 0.546593547
    0.899806321 0.140999019 0.741898775 0.902744293 0.666722655
    0.959784031 0.773828924 0.973925591 0.429564238 0.968452096
    0.197235703 0.917249799 0.801933527 0.58268553 0.267984807
    0.0744664073 0.511669219 0.898387432 0.143457919 0.978215933
    0.299944639 0.131996274 0.749356627 0.388812006 0.458443522
    0.804072618 0.573800385 0.234400898 0.499005467 0.557903767
    0.292405993 0.117226034 0.213399589 0.0262470245 0.836683869
    0.879739881 0.319118619 0.301630735 0.440648824 0.372441262
    0.640393853 0.993786573 0.911708951 0.852646708 0.92657727
    0.531660318 0.7690292 0.648716211 0.441758811 0.641650081
    0.611551166 0.214387715 0.209215492 0.688489497 0.0393099189
    0.36614576 0.906511843 0.343012363 0.762664199 0.991738141
    0.679249346 0.750746846 0.178186864 0.198122591 0.570706725
    0.237192601 0.751502514 0.670626998 0.471912593 0.75565362
    0.00898978114 0.244779736 0.212342829 0.206739813 0.0521790981
    0.160087556 0.909570873 0.209792316 0.348368913 0.24448663
    0.308752656 0.0896080732 0.152662665 0.253480256 0.554742873
    0.92167902 0.586808562 0.238312781 0.162666738 0.934684992
    0.80928278 0.657985508 0.48387602 0.307247877 0.255821675
    0.912951589 0.964437366 0.951593995 0.563031077 0.904195905
    0.270273387 0.394902945 0.288447291 0.907265306 0.84769994
    0.958118916 0.580438852 0.356605947 0.672364593 0.11686644
    0.419033229 0.770439506 0.609135866 0.949400306 0.879454076
    0.674745083 0.839088202 0.915871382 0.317244112 0.347521603
    0.397821158 0.644918561 0.358003318 0.311837584 0.820360303
    0.37038517 0.0859426558 0.742363214 0.673779726 0.40526852
    0.847337604 0.191889793 0.233522415 0.318341702 0.449747801
    0.557042181 0.90354234 0.69796747 0.458212882 0.149866849
    0.695309997 0.31984216 0.403790325 0.658027232 0.411467969
    0.341717005 0.906860054 0.61488831 0.167100251 0.0454584062
    0.24666664 0.557657599 0.0152393281 0.00818708539 0.211736888
    0.794943094 0.510218084 0.833170235 0.707195878 0.0831413567
    0.98002851 0.421279669 0.590364516 0.0114195943 0.701609552
    0.399708182 0.154834211 0.272041112 0.40686214 0.638790965
    0.0124594271 0.674785256 0.551652908 0.454490095 0.0351051986
    0.824625611 0.109759331 0.888658166 0.617715538 0.156531811
    0.155090898 0.0435198247 0.311462581 0.132046878 0.281973481
    0.443998754 0.766502023 0.81832999 0.886916697 0.306416571
    0.33047688 0.651517093 0.372866035 0.857913196 0.610084832
    0.00147736073 0.0758853853 0.649547577 0.180640966 0.0124727488
    0.541272163 0.415184021 0.919186413 0.675695777 0.41441521
    0.195752054 0.999176383 0.526997924 0.563971043 0.40380314
    0.100215971 0.595518231 0.348002613 0.567867994 0.736435771
    0.784691811 0.670240223 0.705958724 0.0308117867 0.0740845799
    0.791822314 0.944140792 0.0632867217 0.270348132 0.469762713
    0.836414635 0.393000036 0.499802202 0.961422443 0.591569424
    0.234325469 0.295286417 0.164693832 0.0584370196 0.925121307
    0.424812466 0.661509037 0.15348509 0.566216946 0.164794683
    0.238482982 0.0020608604 0.676639199 0.742273211 0.482885003
    0.827275515 0.11132288 0.763875723 0.344680429 0.3069067
    0.0406588912 0.914179325 0.746529222 0.544150412 0.816741943
    0.855319679 0.676522493 0.42338717 0.900463581 9.55462456e-05
    0.192105681 0.147611886 0.409574866 0.576583266 0.00756976008
    0.341729999 0.855133533 0.822451234 0.851830125 0.5894171
    0.896069407 0.257397056 0.502836525 0.964108944 0.825907946
    0.589528084 0.58294332 0.923875332 0.480408102 0.141734958
    0.332021594 0.238425374 0.489294708 0.489509493 0.280105293
    0.443296134 0.360074997 0.457911849 0.716616392 0.287133574
    0.153189093 0.9589746 0.0366579592 0.0651505589 0.0871510208
    0.415731788 0.271284342 0.30546397 0.57215178 0.0304815769
    0.424796641 0.721732199 0.0944116414 0.37447685 0.687803745
    0.260165155 0.445578158 0.266940057 0.346958876 0.410398304
    0.674095571 0.381663144 0.204266727 0.501603127 0.61603117
    0.684179783 0.294158578 0.146542579 0.595907688 0.212156773
    0.407406062 0.736445308 0.581665754 0.782371044 0.798134685
    0.386333913 0.296989918 0.742236435 0.312853456 0.672157705
    0.971379876 0.24399823 0.219501168 0.697804332 0.161995232
    0.709295571 0.387807518 0.446927279 0.713807523 0.376975894
    0.65147388 0.295361459 0.303862214 0.826371729 0.685984075
    0.928421259 0.736862421 0.278694808 0.721297085 0.861108124
    0.129926294 0.465590298 0.404497534 0.572387457 0.0697109103
    0.136499137 0.452258885 0.0331537426 0.0837879777 0.347074628
    0.625391483 0.900738358 0.198631227 0.723163605 0.683730662
    0.633393288 0.666410744 0.831055641 0.393573791 0.544997811
    0.671607673 0.509846032 0.770362496 0.0917389691 0.964362144
    0.835207105 0.343455523 0.273716569 0.459203273 0.092659533
    0.676394463 0.313547701 0.920931518 0.865823865 0.237704992
    0.483593702 0.393320978 0.872466326 0.682104707 0.727031887
    0.194049299 0.27208221 0.409440547 0.384378821 0.926743448
    0.337649465 0.679537833 0.737817228 0.209989518 0.927269459
    0.161904186 0.808077931 0.208818734 0.900047064 0.527853429
    0.827115536 0.700324595 0.989063442 0.380898535 0.536018491
    0.6177876 0.987946212 0.163092434 0.478909165 0.664584398 0.9386127
    0.444572031 0.987616479 0.0943711698 0.477586776 0.505374432
    0.369437099 0.0407894254 0.623368382 0.51843363 0.746201754
    0.4586505 0.233433217 0.794597745 0.672499418 0.321200192
    0.876456499 0.82144177 0.0397884548 0.755604029 0.766987801
    0.0370684862 0.954018533 0.671983123 0.327232212 0.470252246
    0.835224569 0.773285925 0.111330807 0.702211559 0.879453778
    0.624315321 0.212159485 0.547561944 0.700922489 0.743547738
    0.589850307 0.535374165 0.760492563 0.116627306 0.354294896
    0.409950703 0.776240706 0.248870194 0.248184621 0.329553843
    0.727629364 0.723892093 0.699822128 0.428355038 0.63088125
    0.0192926228 0.322433054 0.854896903 0.418346673 0.812378883
    0.870777011 0.375669539 0.682252944 0.402891666 0.202499092
    0.3070499 0.381373763 0.0283856094 0.396196693 0.623838723
    0.289239228 0.842470646 0.0176610947 0.204944432 0.811433494
    0.398797512 0.351991504 0.811968803 0.223030627 0.750016212
    0.319559872 0.0116996467 0.752377033 0.133668542 0.29584673
    0.617671728 0.682202816 0.0969573855 0.606818438 0.656823158
    0.348085672 0.847201347 0.686859012 0.270708978 0.0439660251
    0.023971051 0.0617841482 0.141058117 0.824590206 0.618342817
    0.829837978 0.572869301 0.755988121 0.125543863 0.967589736
    0.888885617 0.588674963 0.701076865 0.928196311 0.168556839
    0.0745080113 0.577297151 0.214375287 0.126404196 0.976780295
    0.285824239 0.0262560844 0.361173391 0.918485224 0.496338665
    0.518485963 0.109691888 0.63941741 0.263794422 0.785823405
    0.14093703 0.335518003 0.138643086 0.998080373 0.543786883
    0.157577872 0.794822991 0.204588622 0.304182827 0.30530411
    0.0739606917 0.956838131 0.845050573 0.93716526 0.238155872
    0.741570175 0.769751608 0.85540998 0.994741201 0.12541315
    0.626048863 0.613145292 0.330842137 0.422268182 0.396349311
    0.968026519 0.687523842 0.595623374 0.358906895 0.712392092
    0.113661587 0.22935313 0.764298797 0.501605153 0.819267273
    0.129957497 0.713105559 0.27151978 0.060079217 0.523261249
    0.866678357 0.786746025 0.160572857 0.438495159 0.952710867
    0.308807045 0.98779422 0.835534096 0.240494192 0.673035264
    0.695963621 0.334435999 0.936865211 0.905260324 0.270756364
    0.313681185 0.67684114 0.471833318 0.415456116 0.894640088
    0.674365103 0.946860313 0.991875887 0.530525327 0.606809616
    0.708278596 0.483375669 0.0487768352 0.104591191 0.296768904
    0.287909925 0.0746208429 0.167642295 0.755921483 0.0306994319
    0.176529199 0.601764262 0.0722151399 0.917567849 0.755394876
    0.408297986 0.999319434 0.37536335 0.89247781 0.147662133
    0.0633222759 0.101499498 0.373054028 0.601722181 0.906588793
    0.620471179 0.748875201 0.685305476 0.782554746 0.0763715804
    0.848803401 0.699732065 0.384090066 0.32192418 0.250297993
    0.455132186 0.915960193 0.449684471 0.724511504 0.44557941 0.1585235
    0.345386207 0.3989788 0.352619886 0.398812115 0.539338112
    0.779766142 0.377763838 0.112317711 0.887148082 0.39963603
    0.67151165 0.29692468 0.80182755 0.100905806 0.214273959
    0.0394926071 0.75494647 0.00768524408 0.583092391 0.619004846
    0.740673423 0.346310556 0.70018369 0.214293569 0.90095979
    0.289038301 0.0997445583 0.420149386 0.193120807 0.72576797
    0.712143242 0.962277293 0.558903396 0.90391624 0.865159512
    0.628231645 0.0866068006 0.566007733 0.30599919 0.286641538
    0.685830295 0.555943608 0.100717336 0.472224325 0.267155975
    0.229604006 0.387946784 0.0861386359 0.278198063 0.522879541
    0.356758714 0.470338941 0.489804894 0.846845627 0.142788678
    0.851293325 0.816311121 0.460458994 0.250430465 0.042923063
    0.56402266 0.817869127 0.301154613 0.997263968 0.131685257
    0.998218775 0.143328249 0.502604306 0.877711415 0.0413594246
    0.294317186 0.977380097 0.616241336 0.774697006 0.396120012
    0.622731805 0.564432025 0.0508227944 0.257946283 0.0884009302
    0.121091902 0.667667329 0.520522475 0.649620831 0.676722109
    0.36210078 0.821606636 0.0845702291 0.255935639 0.117712528
    0.25223431 0.316764593 0.752979159 0.822372675 0.652354002
    0.32044965 0.619507432 0.747972131 0.738339543 0.130853951
    0.19069621 0.704865992 0.281839311 0.156167775 0.582722902
    0.530034065 0.628273427 0.33137548 0.249105632 0.311985075
    0.230216682 0.956541836 0.299027056 0.570309937 0.118962198
    0.204866946 0.870461285 0.254667372 0.88709271 0.326957673
    0.906209946 0.400508225 0.316757441 0.879335523 0.363003165
    0.299691051 0.132371604 0.704935312 0.218803704 0.219898313
    0.284233391 0.290452957 0.15862909 0.52499485 0.343376487
    0.162852913 0.429343194 0.815789282 0.211913675 0.975754082
    0.720774472 0.416919678 0.346528471 0.780068755 0.851904511
    0.647492826 0.36962831 0.374204397 0.790327907 0.827883005
    0.360660732 0.133699715 0.171795487 0.133222699 0.617417097
    0.789042115 0.369346082 0.798456669 0.0263579488 0.137635857
    0.423962891 0.115395308 0.339472771 0.0674411356 0.625662386
    0.267357141 0.317033648 0.607875228 0.996465564 0.4867149
    0.144854069 0.11234042 0.483308285 0.553471088 0.636662006
    0.52955097 0.965462983 0.877529979 0.751737297 0.369279474
    0.216481447 0.563644052 0.74585253 0.724429488 0.00206941366
    0.860211492 0.468710482 0.921136618 0.633303642 0.743691981
    0.242436916 0.230217606 0.695358276 0.839990199 0.151121587
    0.669546068 0.543368757 0.103470027 0.721313775 0.719087899
    0.454869449 0.384108365 0.828659654 0.808549047 0.746010065
    0.625441611 0.67745477 0.202393621 0.679241002 0.655057013
    0.179317325 0.151503801 0.918192506 0.0358236134 0.869590402
    0.00280746818 0.363814175 0.54791224 0.961137414 0.0744634271
    0.0465130508 0.398234099 0.54758358 0.0950756669 0.618444681
    0.278634548 0.734089971 0.915250659 0.0785956383 0.955103099
    0.13221702 0.784011424 0.57877481 0.491092145 0.170952708
    0.774204612 0.107349843 0.0496203303 0.842762351 0.261174977
    0.0656068623 0.815072536 0.290346503 0.450923413 0.500223398
    0.780654192 0.555634975 0.0362606049 0.833153725 0.781478882
    0.286553144 0.0718809664 0.900519788 0.452877134 0.99598366
    0.998688579 0.873670459 0.836904883 0.126882583 0.677555323
    0.456789583 0.630315721 0.589250326 0.704210162 0.664557695
    0.532226205 0.669501543 0.104772359 0.219442368 0.271548331
    0.518590689 0.0843805373 0.684742391 0.559157729 0.949857771
    0.228719682 0.0329313874 0.783683419 0.973600447 0.780973554
    0.623523414 0.196822166 0.00233915448 0.79467541 0.134233057
    0.948588967 0.870722771 0.702043056 0.637945533 0.483176559
    0.766671538 0.736006737 0.840731025 0.613433599 0.90141654
    0.496238232 0.801705837 0.321449161 0.882296801 0.576657295
    0.658233643 0.701319337 0.737843394 0.204907954 0.461427748
    0.252934694 0.920246482 0.418952316 0.69829458 0.450007766
    0.855216742 0.224596262 0.632936299 0.018940568 0.0287256539
    0.691636562 0.518280864 0.924989998 0.214625895 0.124304056
    0.377117306 0.281009912 0.0848006606 0.758525848 0.951836348
    0.667566538 0.477369189 0.968638957 0.0282486975 0.156504989
    0.100674391 0.0212857425 0.654446125 0.658963144 0.668843091
    0.23910588 0.964745164 0.691944182 0.285570502 0.452106655
    0.946709037 0.864408791 0.964048564 0.506117523 0.701330006
    0.246736944 0.909946561 0.434447616 0.51039207 0.484082341
    0.947889924 0.111227274 0.538771629 0.170439899 0.610343754
    0.144778699 0.682171702 0.478773117 0.100457609 0.823479891
    0.0758700669 0.813516974 0.242655098 0.594673336 0.713344395
    0.630996287 0.902026892 0.079638809 0.552009106 0.35199672
    0.868237615 0.786889434 0.778502345 0.0413938761 0.64689362
    0.260191232 0.127423793 0.158083677 0.928869247 0.377959281
    0.911995113 0.193282485 0.136021376 0.0149454176 0.569050491
    0.101962268 0.299375296 0.737685561 0.763509274 0.730630457
    0.478711575 0.465706378 0.985010743 0.746249557 0.57845825
    0.21185115 0.975714326 0.809128106 0.0370792449 0.263620019
    0.134889483 0.398624033 0.646001339 0.773220658 0.980093122
    0.947150946 0.699005485 0.329007089 0.0990943611 0.915711999
    0.349894524 0.0174158514 0.713053644 0.616920531 0.524058282
    0.166281462 0.97135222 0.713323116 0.0239188671 0.933391213
    0.70776701 0.668544054 0.780439258 0.0713369548 0.639001846
    0.982003331 0.0636235774 0.162005603 0.845808625 0.785074353
    0.598806739 0.631052434 0.243476301 0.676027894 0.0862708688
    0.233901918 0.0511871576 0.00149342418 0.447151333 0.660965145
    0.629752934 0.658890009 0.079205662 0.0920771658 0.6286726
    0.0572417974 0.97296977 0.777378678 0.0372350216 0.804656506
    0.158505559 0.527220309 0.438416481 0.228105336 0.169763803
    0.908318758 0.0212423801 0.0910368264 0.663405657 0.318348169
    0.762034595 0.120215654 0.095925808 0.185991675 0.913530946
    0.709844947 0.564770758 0.848358035 0.643739164 0.164221704
    0.662490964 0.308391869 0.0133033097 0.00807160139 0.0196600258
    0.773798466 0.569087565 0.786222816 0.0954443514 0.409039855
    0.20351252 0.76087153 0.28250888 0.651249766 0.875971675
    0.00490969419 0.968524933 0.869510055 0.374692798 0.208058804
    0.0642290711 0.402383476 0.58448261 0.050468564 0.396346569
    0.73446852 0.509976029 0.855747461 0.414280444 0.0812809467
    0.961247802 0.217978805 0.285945654 0.661081493 0.70881021
    0.141351581 0.866848469 0.449043393 0.318075448 0.122165829
    0.656619072 0.262405813 0.441123664 0.122297287 0.808796167
    0.391637027 0.122858375 0.347226948 0.387486935 0.746856689
    0.743827939 0.35346216 0.122852027 0.181873739 0.621054649
    0.306697905 0.101884723 0.00108706951 0.417170525 0.996295393
    0.81490165 0.640520453 0.212661505 0.532914817 0.568533957
    0.676576912 0.419931948 0.124839306 0.705408752 0.0608803928
    0.94580245 0.231797874 0.97313875 0.661794066 0.948809087 0.23835057
    0.0403437018 0.238089621 0.0243839622 0.108805329 0.891670823
    0.807801723 0.546691239 0.901119947 0.711263239 0.796762288
    0.452624589 0.0367245972 0.213454038 0.286733925 0.385788709
    0.0203515589 0.762046337 0.0643312335 0.880932689 0.331899464
    0.766079903 0.289047033 0.0916627645 0.875443101 0.066157788
    0.386834711 0.994387805 0.0740895271 0.398561895 0.460868806
    0.858264804 0.0129544139 0.124389976 0.225910723 0.44807601
    0.0692819059 0.756073594 0.63615191 0.424564481 0.313680559
    0.19385311 0.758370996 0.931298256 0.657138109 0.191080809
    0.187749237 0.709482551 0.692647278 0.668426752 0.568716764
    0.879973531 0.936600506 0.789672077 0.736882269 0.718400061
    0.379198611 0.00253999233 0.63918817 0.898799002 0.494214058
    0.135184467 0.534687877 0.546760976 0.0332627296 0.103473544
    0.0756070912 0.801331401 0.305073172 0.543055654 0.0225850642
    0.714268804 0.910443246 0.541394413 0.942050338 0.296915621
    0.366985261 0.183733284 0.3347013 0.739827156 0.482455075
    0.398044169 0.673603654 0.976745725 0.120734662 0.0235533416
    0.284686506 0.364727348 0.100389689 0.567028821 0.737212121
    0.142058104 0.00232353806 0.200175852 0.502367139 0.107021242
    0.466623396 0.936132193 0.110037684 0.979537129 0.950425923
    0.806238472 0.00266584754 0.569022 0.0679914653 0.863113821
    0.191536427 0.657225311 0.960713208 0.222191334 0.368727624
    0.19049111 0.0183638036 0.92210114 0.849308789 0.687142253
    0.555769742 0.534807444 0.892434239 0.20952788 0.952782154
    0.891205788 0.752376795 0.298948854 0.453378558 0.179431736
    0.294898748 0.929689169 0.744906843 0.00295570493 0.883707643
    0.405793726 0.21707961 0.925218701 0.830051422 0.241675854
    0.285426676 0.941038013 0.818805873 0.329229027 0.838579834
    0.359710991 0.445151746 0.844125986 0.657979369 0.803040802
    0.694378853 0.202901155 0.0506038368 0.540496409 0.513471365
    0.385632277 0.582685828 0.95023334 0.77515626 0.697291017
    0.267624974 0.940846562 0.859788954 0.984986901 0.209546357
    0.6499933 0.47356087 0.364769042 0.697869122 0.627819836 0.280901104
    0.595587134 0.846741021 0.276696324 0.700576663 0.605661511
    0.202826262 0.365076244 0.318115711 0.42036292 0.418719739
    0.604061186 0.646650553 0.887063622 0.731111288 0.878376007
    0.0919412673 0.3797943 0.0216530263 0.272570878 0.839907169
    0.281661361 0.0335459113 0.0971327424 0.856242061 0.21265021
    0.244253993 0.651826322 0.95132792 0.131011099 0.357138455
    0.643478036 0.534841061 0.171109855 0.322290599 0.375658005
    0.270433724 0.668520153 0.336632073 0.4859294 0.866914749 0.23770085
    0.821864486 0.46641463 0.4831146 0.607313335 0.0776850879
    0.967143595 0.546915948 0.0694457293 0.547587276 0.550375283
    0.98126328 0.233903319 0.555428863 0.0142130852 0.778008223
    0.313836098 0.116662502 0.828401208 0.629237473 0.86595118
    0.445375651 0.0101849735 0.282740742 0.470675796 0.152506649
    0.243796289 0.994710028 0.607625306 0.146508038 0.657069743
    0.665415406 0.73462379 0.658031106 0.189331353 0.43242535
    0.131540507 0.566451728 0.999891818 0.676901102 0.197576731
    0.457087755 0.96079725 0.484895319 0.137014002 0.847597003
    0.806724668 0.492857397 0.82340318 0.45301342 0.221371442
    0.765929222 0.721036315 0.880831838 0.173196733 0.167608261
    0.55992496 0.953286886 0.283623904 0.632526278 0.470511198
    0.15387693 0.256514013 0.608397901 0.609686017 0.215050548
    0.972313762 0.578839183 0.422169864 0.6976372 0.766698718
    0.461500287 0.0421082973 0.70999229 0.0408080816 0.968772531
    0.791132808 0.458924443 0.69338721 0.343584538 0.499096215
    0.793088078 0.984542847 0.915165782 0.54762423 0.64530468
    0.884588361 0.57977289 0.583035588 0.966644287 0.847490132
    0.597632766 0.106426865 0.502847135 0.677411497 0.866060853
    0.748778701 0.687624276 0.508538127 0.282618821 0.630728722
    0.682156026 0.802957475 0.0795525014 0.590170205 0.123122007
    0.72679615 0.737078667 0.8791852 0.854625821 0.644215763 0.018941313
    0.438221365 0.0173293352 0.39942947 0.691121936 0.119717747
    0.842775941 0.999736309 0.154812485 0.874433696 0.207167 0.854385555
    0.651328087 0.268648386 0.423622817 0.290043622 0.412450403
    0.377329797 0.515064955 0.495274425 0.108993083 0.332891971
    0.919426799 0.736489296 0.417637646 0.888723016 0.825281143
    0.882961988 0.547965944 0.0418309867 0.59975493 0.868012547
    0.828530252 0.118422687 0.472899407 0.749020338 0.217365056
    0.218595505 0.862946272 0.287733614 0.0850282013 0.208983779
    0.181773812 0.838450313 0.294932157 0.868145347 0.106622428
    0.551405966 0.0465430021 0.495544195 0.558334172 0.274792969
    0.319743991 0.372993052 5.39422035e-06 0.663289666 0.96417886
    0.303667486 0.7345469 0.505826533 0.402795345 0.932072878
    0.517577827 0.38502419 0.855249405 0.942621708 0.663957655
    0.367153823 0.917918563 0.521056831 0.367319703 0.0449949205
    0.244299263 0.515604913 0.207681328 0.665717006 0.545369923
    0.0987104177 0.540191054 0.472887993 0.0747760832 0.567263782
    0.0766500235 0.235115349 0.0563039482 0.0473380685 0.665329337
    0.658343971 0.499778241 0.439272255 0.85601747 0.839457929
    0.829838514 0.650336146 0.99533844 0.896692038 0.0706012845
    0.870471597 0.570457458 0.556626499 0.316414416 0.43021065
    0.151800513 0.254485011 0.61118257 0.736677766 0.163422912
    0.95985353 0.356554538 0.178846121 0.0259688795 0.808176279
    0.625194073 0.0682490468 0.367073059 0.623540938 0.106123239
    0.531768858 0.0747115612 0.440571755 0.999840379 0.480742335
    0.751095772 0.496113747 0.290702999 0.825999498 0.166894466
    0.243284732 0.785622597 0.364544392 0.379679978 0.953713298
    0.288393617 0.936458826 0.564146996 0.42923224 0.802426219
    0.657343745 0.297901988 0.642916322 0.173335463 0.205837846
    0.00906783342 0.465124607 0.659517825 0.456811011 0.323314071
    0.854290009 0.736072898 0.160217196 0.930523455 0.612892568
    0.144433379 0.0318543613 0.149103701 0.375842094 0.1339252
    0.028185904 0.647986472 0.202897727 0.951363206 0.184965432
    0.301062584 0.0814585984 0.44438383 0.101476401 0.372360319
    0.0329978466 0.244105995 0.100445926 0.48863709 0.650580108
    0.5671736 0.129834443 0.25857839 0.380415231 0.060885191
    0.0763222277 0.736396313 0.301359802 0.720309973 0.0852625668
    0.334322155 0.267090797 0.580106258 0.749300599 0.833757102
    0.584322214 0.496925741 0.91965878 0.118506461 0.660896659
    0.360047996 0.079246223 0.145382583 0.0783641934 0.69856739
    0.895527601 0.0850023329 0.309537441 0.0560231805 0.503768206
    0.502011478 0.518627763 0.378719121 0.0421832502 0.902114511
    0.64271003 0.280984074 0.125393182 0.954624176 0.154883295
    0.894539118 0.913630128 0.320750892 0.178857625 0.749392986
    0.410714537 0.247966111 0.766691089 0.638177931 0.983905792
    0.272887766 0.193770021 0.465306669 0.450155973 0.388545454
    0.183058381 0.178818613 0.0732272863 0.481036931 0.458391577
    0.257858485 0.973491788 0.553440213 0.699879229 0.468622476
    0.57060349 0.888626277 0.326073319 0.678674519 0.96068418
    0.325593889 0.472451359 0.580920339 0.917431235 0.19168669
    0.527673423 0.645085752 0.682074785 0.72632277 0.560872495
    0.886547804 0.960727274 0.334250987 0.810160756 0.474575758
    0.429279506 0.673297107 0.152738601 0.784363627 0.756317735
    0.373449028 0.934460402 0.614210427 0.907368124 0.617278934
    0.224032223 0.0438639224 0.65170753 0.977480769 0.861429691
    0.961542964 0.418458462 0.0862621367 0.557255208 0.493884414
    0.152840912 0.0482675433 0.700141311 0.877477348 0.0443010926
    0.767280102 0.118202984 0.588849187 0.310708046 0.380341649
    0.655084968 0.747660398 0.556604385 0.412157893 0.210283279
    0.146530747 0.972645938 0.59389627 0.486133605 0.621646166
    0.593169272 0.0797114968 0.62938422 0.350352108 0.328535497
    0.649273455 0.327675045 0.0299942791 0.379182845 0.026499927
    0.585986018 0.299242318 0.224999189 0.295710266 0.813330889
    0.618837237 0.580982804 0.73308897 0.0820551813 0.263232559
    0.773834825 0.662616611 0.613225341 0.930722713 0.126691461
    0.914724231 0.641861916 0.0589114428 0.594579577 0.749057472
    0.291762024 0.905991554 0.532119572 0.332015932 0.428962648
    0.0544068813 0.254475981 0.0961020887 0.154299587 0.509512007
    0.47517091 0.593117893 0.835301757 0.511914909 0.899123907
    0.311734855 0.113410413 0.494067103 0.629654765 0.388171107
    0.910070121 0.946206331 0.919374347 0.282771826 0.418424457
    0.653937578 0.780664206 0.60248518 0.865415692 0.754720747
    0.339901954 0.355653167 0.0793835223 0.348414242 0.754714489
    0.111912608 0.495043814 0.67453748 0.660538554 0.773796618
    0.998661399 0.994613051 0.339611888 0.49891755 0.198337734
    0.794882536 0.210470349 0.0188602507 0.63891834 0.706118762
    0.575506747 0.0878565609 0.233240873 0.687019646 0.578384042
    0.433993608 0.0916623771 0.921375513 0.181849808 0.255215675
    0.271196574 0.401417762 0.755074382 0.869653821 0.0900600851
    0.287040055 0.964569867 0.317570418 0.149727106 0.26039511
    0.487251222 0.13629362 0.0553337932 0.231900603 0.434171736
    0.357715786 0.906049609 0.767320037 0.70110786 0.799455345
    0.245833278 0.0655405819 0.614219189 0.978166997 0.866448998
    0.085247457 0.797021687 0.66464138 0.683558702 0.269937813
    0.134704977 0.337254047 0.391655207 0.639352441 0.645134687
    0.526955307 0.212046981 0.82823503 0.0316873193 0.807764053
    0.377825767 0.00735127926 0.340340585 0.240386814 0.0113598704
    0.385188699 0.935096741 0.787675142 0.410610735 0.868393064
    0.0523899496 0.552857935 0.348100632 0.652968645 0.223516554
    0.558711171 0.506758213 0.301244646 0.367093682 0.0382778645
    0.654030204 0.586494505 0.105272263 0.439074546 0.258633852
    0.680364072 0.293678284 0.547680914 0.909304559 0.196478903
    0.625293851 0.0869201422 0.799174666 0.681130528 0.0399837792
    0.0815815032 0.297073871 0.651881695 0.696454585 0.566823304
    0.755667806 0.606381357 0.305541158 0.938540757 0.542038858
    0.711465418 0.476014376 0.677782416 0.232170999 0.630810618
    0.535624504 0.437574565 0.785825253 0.496676952 0.671828747
    0.496697307 0.571286559 0.318017006 0.464705646 0.694550157
    0.974005699 0.00661915541 0.618285537 0.148162663 0.575611949
    0.389868945 0.733711064 0.879218936 0.452684313 0.0647785366
    0.519092381 0.579860508 0.995928526 0.0589535534 0.961013198
    0.052482456 0.835400224 0.728227556 0.0580649972 0.74303329
    0.521932542 0.373954654 0.956400752 0.537150562 0.517032146
    0.243168622 0.215309978 0.197047472 0.734956443 0.632253051
    0.0364217162 0.819613814 0.218508959 0.0160625279 0.200750381
    0.543352425 0.323256701 0.407786965 0.980684698 0.135977536
    0.151578426 0.0902302265 0.83399564 0.377095878 0.105970889
    0.807501793 0.141426146 0.90006429 0.292214245 0.631303728
    0.880324066 0.77242887 0.0835149586 0.122062266 0.914040804
    0.931941569 0.663403332 0.659558892 0.459550858 0.407463908
    0.914241612 0.875691772 0.509687603 0.59000051 0.579945624
    0.855224967 0.916432142 0.468638808 0.0180356205 0.789369345
    0.987965822 0.881692648 0.493710309 0.485224575 0.879199624
    0.679543078 0.294467062 0.0165606439 0.568340421 0.386234492
    0.523980618 0.346264422 0.69039166 0.747899294 0.624145746
    0.105373234 0.767652154 0.909989119 0.269949377 0.330411881
    0.419906259 0.00951546431 0.974026799 0.0853356719 0.144712031
    0.923411846 0.774086118 0.722152174 0.149899334 0.078327626
    0.734731615 0.096286267 0.720025003 0.178572237 0.301170021
    0.653752148 0.7932055 0.887351632 0.203565896 0.319007218
    0.630656838 0.652279258 0.542388797 0.817797661 0.731593013
    0.0743395984 0.302803695 0.974828959 0.21675697 0.0702089369
    0.168404728 0.263780832 0.695448756 0.884282708 0.637586832
    0.508638561 0.480750918 0.777802229 0.406208485 0.556059599
    0.244868279 0.984650016 0.542319119 0.329175591 0.805261075
    0.750702322 0.33947289 0.694194496 0.911878824 0.0283081234
    0.720684826 0.187805146 0.080827117 0.23649171 0.0543898344
    0.91970253 0.310953617 0.713173091 0.800429106 0.983517706
    0.424369127 0.245046049 0.00498050451 0.331044137 0.392381072
    0.665784061 0.641453385 0.0708573461 0.848036647 0.957006276
    0.723230064 0.64875555 0.757394314 0.572359204 0.0431600809
    0.720280647 0.404243529 0.0727573931 0.130511522 0.841423869
    0.733494878 0.707461357 0.152114481 0.176175356 0.297145605
    0.006729424 0.274040252 0.812676311 0.460650653 0.358773232
    0.570300221 0.577030778 0.633084476 0.934927583 0.986716628
    0.447420388 0.305838108 0.656498611 0.634531736 0.716499507
    0.419873774 0.92372942 0.125421822 0.401345491 0.270893633
    0.788721681 0.97091943 0.0918577909 0.76001358 0.420229733
    0.512037575 0.280289173 0.599007726 0.975318909 0.360567629
    0.971955597 0.949885011 0.388138831 0.232694238 0.102215469
    0.708252788 0.294583499 0.496436447 0.140375316 0.0496524572
    0.213401109 0.48796162 0.201462597 0.237689823 0.733706713
    0.0172079206 0.346936882 0.618963838 0.281251669 0.876275659
    0.821780801 0.99136591 0.925415397 0.342832088 0.809594631
    0.212781757 0.269503117 0.62462455 0.923366904 0.0318492651
    0.370830894 0.151505798 0.488853455 0.749051094 0.420289785
    0.902844846 0.0927101076 0.624709904 0.443370432 0.212035358
    0.704471767 0.975728869 0.979662418 0.866539001 0.478993565
    0.924410105 0.527969182 0.968123198 0.490310729 0.112957746
    0.0812413394 0.28696394 0.580108285 0.732898891 0.348506689
    0.546876729 0.519867182 0.0283759534 0.874069154 0.188163817
    0.89029038 0.28983593 0.295457423 0.0211302638 0.965776324
    0.925352931 0.949144125 0.706069827 0.0778532922 0.956873655
    0.293575674 0.564535558 0.277038217 0.777848005 0.612208962
    0.365102708 0.438390911 0.756182611 0.139450699 0.358442307
    0.493485898 0.352113664 0.490631282 0.530790567 0.201098919
    0.518188536 0.125201166 0.616763115 0.636283517 0.360624611
    0.871681452 0.669389606 0.703698754 0.233098328 0.620792747
    0.470330507 0.0731340349 0.811046243 0.185833752 0.0318795741
    0.77473712 0.164100826 0.466289401 0.627903759 0.865155578
    0.836285293 0.835700631 0.835940599 0.484994799 0.208729118
    0.312013388 0.835708082 0.40330404 0.225236654 0.916039348
    0.921675563 0.0316534936 0.776232958 0.486746341 0.935251117
    0.421275079 0.331282407 0.29275775 0.745166779 0.36959523 0.16862762
    0.8652125 0.0663073361 0.436745077 0.503922403 0.0309073627
    0.276123196 0.214642704 0.320355028 0.9101879 0.14718923 0.763055563
    0.788032413 0.0857865214 0.0616294146 0.90303421 0.775557876
    0.284992695 0.190080702 0.960986018 0.391569674 0.536725461
    0.231716037 0.00850754976 0.0950534046 0.401255488 0.511363387
    0.058362633 0.857954323 0.274998933 0.389612526 0.487899363
    0.0840648413 0.429260254 0.744170487 0.665159106 0.692437649
    0.977137208 0.12919265 0.387957186 0.922621608 0.809081912
    0.331336617 0.773353338 0.393377066 0.783659577 0.583972275
    0.0926997066 0.835214138 0.618048787 0.675383747 0.336361587
    0.224642217 0.245869815 0.503293872 0.0957099795 0.64610821
    0.497753054 0.886582375 0.514406621 0.614877582 0.762727737
    0.748022556 0.774983287 0.13195309 0.698412776 0.960368037
    0.530515134 0.0501029491 0.626667142 0.793680072 0.773012936
    0.94945097 0.865983248 0.906130612 0.842186213 0.802710414
    0.334775209 0.339935124 0.954571426 0.506414056 0.409722328
    0.286558837 0.507734835 0.681310952 0.380068928 0.735216618
    0.669981956 0.848232508 0.196185887 0.976664007 0.946432233
    0.554848194 0.353883982 0.151763529 0.813465476 0.26910311
    0.347825408 0.789998174 0.782423973 0.424468935 0.542091012
    0.4157359 0.0710709393 0.0426819324 0.614023507 0.854913592
    0.156971246 0.642742932 0.176449358 0.862199783 0.514812708
    0.432351589 0.672626197 0.355813056 0.208677381 0.570464432
    0.336224854 0.116439939 0.839594245 0.295034528 0.0695506036
    0.296714395 0.152299613 0.354367167 0.454252511 0.406541824
    0.701871634 0.260306716 0.339985788 0.405141413 0.778606653
    0.0740845501 0.331935972 0.00510066748 0.102389902 0.801324725
    0.42026329 0.651533544 0.220191926 0.10376218 0.253641397
    0.391873926 0.539039254 0.91767633 0.789222956 0.0730054379
    0.790100336 0.914177477 0.612485647 0.518166661 0.7419523
    0.0699883103 0.320663005 0.600351751 0.651860595 0.0961280167
    0.853466451 0.32432729 0.306036294 0.640613198 0.872737885
    0.764532566 0.443495423 0.51534009 0.896300793 0.390045434
    0.384690166 0.213246495 0.553850532 0.930153131 0.470197707
    0.769159257 0.803253293 0.421044409 0.333452851 0.488255709
    0.335896075 0.701301455 0.602026165 0.132690221 0.844342232
    0.060141474 0.883821011 0.889750242 0.0820496678 0.813850462
    0.598433197 0.404494494 0.799473524 0.898336768 0.204594731
    0.998054028 0.1037772 0.556480944 0.301384062 0.776641726
    0.699364185 0.704589605 0.634214401 0.0910030603 0.232532024
    0.836031199 0.50390631 0.685892344 0.0658176839 0.30918932
    0.56817174 0.0677428544 0.919610858 0.0794982016 0.0449862778
    0.75964582 0.0747598112 0.583628416 0.577873468 0.531289935
    0.298150063 0.41661036 0.838648558 0.663766146 0.439027846
    0.588408768 0.00815683603 0.411524594 0.603801489 0.524011254
    0.644498706 0.26348111 0.862237692 0.293289483 0.781220734
    0.203564495 0.0353157222 0.57628113 0.899799943 0.733282685
    0.985558629 0.902394772 0.339155048 0.246216714 0.706192613
    0.401209414 0.309676945 0.641151249 0.824601054 0.474230468
    0.974861681 0.985008121 0.230246961 0.0890109539 0.690446675
    0.215509742 0.264173925 0.209350944 0.419721484 0.40957737
    0.0864437819 0.730433285 0.232117504 0.879033387 0.382664591
    0.113210529 0.583656192 0.425036609 0.812920988 0.417801172
    0.0537495613 0.382872701 0.187715828 0.626354754 0.0464655459
    0.59425807 0.399399012 0.785007536 0.752162576 0.0897351205
    0.444146454 0.81007719 0.22566551 0.70709455 0.354279369 0.816557527
    0.942155361 0.664003134 0.347852826 0.676211953 0.850852013
    0.100033283 0.302840352 0.911401749 0.972073555 0.00640255213
    0.880530477 0.135253251 0.130629033 0.0848329961 0.0898070037
    0.3783319 0.0593500733 0.0393490493 0.550313234 0.12331903
    0.539370239 0.7906636 0.864613593 0.310179412 0.669592977
    0.809655368 0.417152345 0.928420424 0.0669285953 0.223367751
    0.967754602 0.0703952909 0.580680549 0.563517869 0.975867927
    0.775236964 0.249815196 0.96071291 0.706218064 0.0347043574
    0.956283748 0.19324711 0.526913643 0.639410436 0.36281848
    0.589830935 0.331834763 0.556520939 0.0624831617 0.382820368
    0.648278475 0.385164469 0.477349877 0.0757678151 0.133504868
    0.202350378 0.665774465 0.590774357 0.413525075 0.409784734
    0.984640479 0.388942629 0.435352445 0.591325521 0.70235461
    0.236109525 0.255647242 0.863304853 0.460230023 0.756126583
    0.957050562 0.418221593 0.492110848 0.166184574 0.0338728726
    0.767952919 0.981432438 0.779049873 0.85507071 0.846934438
    0.855691016 0.317026138 0.52525723 0.392136633 0.394531161
    0.786943495 0.260238856 0.402428448 0.49965179 0.653572857
    0.94433701 0.526625872 0.230467379 0.650400281 0.478342831
    0.60872978 0.553821385 0.475090504 0.312822521 0.99563694
    0.998361111 0.590880036 0.468435585 0.00801745057 0.876626968
    0.614058971 0.0208456516 0.446208835 0.6092363 0.695938766
    0.659908056 0.32772547 0.908452392 0.577967644 0.060120374
    0.761375308 0.114616096 0.514965236 0.2679497 0.0160543323
    0.808666945 0.99184525 0.793117821 0.468818784 0.481753141
    0.0013756454 0.202921271 0.733951032 0.948534846 0.987024724
    0.844157577 0.0150560737 0.328038335 0.141288936 0.659799933
    0.814156651 0.0764516592 0.838212729 0.6889714 0.74672246
    0.398848206 0.543485284 0.0614281595 0.793228984 0.471638232
    0.207445711 0.506871998 0.0617882013 0.928994358 0.3990767
    0.246985972 0.0202144384 0.164304078 0.39932549 0.248840272
    0.918769002 0.536143482 0.792278647 0.81356585 0.129529804
    0.199171066 0.50253731 0.685114563 0.0686223507 0.932819724
    0.139328092 0.176699966 0.670036674 0.0575552881 0.019523412
    0.342819691 0.609663725 0.353257477 0.475034475 0.704110444
    0.97624588 0.212917775 0.496591121 0.80738163 0.800843954
    0.679986477 0.875275493 0.00276437402 0.714997888 0.653063178
    0.520370483 0.726652145 0.695383906 0.937598109 0.408258379
    0.915050149 0.847136497 0.835772753 0.873099208 0.0555503368
    0.859964848 0.690295219 0.798230171 0.59280169 0.726699233
    0.496679604 0.0272583663 0.894406915 0.358457088 0.904156685
    0.324848711 0.85700953 0.835941315 0.503861666 0.931532264
    0.662186325 0.184097528 0.402468204 0.215602964 0.17985341
    0.895067215 0.38874051 0.0531622469 0.305277169 0.518752873
    0.970664263 0.768631637 0.642153442 0.348144442 0.274968266
    0.139760315 0.773637116 0.386621207 0.547474325 0.103448123
    0.396023601 0.077101171 0.160099059 0.206021398 0.799221337
    0.366482139 0.0309847295 0.140414774 0.876844883 0.0999883115
    0.540381849 0.299886227 0.268537223 0.784086406 0.562075615
    0.212197691 0.961063683 0.131132692 0.784873962 0.367028564
    0.543258429 0.163549691 0.185124397 0.959448814 0.440703034
    0.753481448 0.0573693812 0.0930969417 0.791350961 0.360086054
    0.240955323 0.656391859 0.0835078955 0.667682946 0.539610147
    0.684265614 0.98451829 0.852951288 0.740412235 0.567542911
    0.13305074 0.176995963 0.149747998 0.0933185518 0.0811843574
    0.436440617 0.450021595 0.470271558 0.358665705 0.625054359
    0.401063353 0.687673628 0.431194693 0.950326025 0.138499767
    0.561907768 0.11592567 0.267217219 0.753107548 0.329405904
    0.996182203 0.22313264 0.734833419 0.691078663 0.16961962
    0.764920115 0.630597472 0.165310919 0.566599131 0.997663021
    0.532305896 0.160154819 0.977055669 0.467479527 0.888354063
    0.383241147 0.719226301 0.00386479497 0.056535691 0.268936515
    0.464417428 0.597407877 0.489131063 0.189600348 0.407692283
    0.895316243 0.555466831 0.0784677565 0.00569832325 0.166298389
    0.606135488 0.608467758 0.475518852 0.599210083 0.994808316
    0.982323766 0.744265079 0.577853799 0.311201811 0.138881773
    0.174141228 0.0267031491 0.444203973 0.779262543 0.48112756
    0.413749784 0.683332443 0.53948015 0.27733022 0.468788266
    0.479051828 0.633792222 0.630742311 0.896579385 0.467775792
    0.258253992 0.904111385 0.0182907581 0.297359645 0.821362734
    0.763705969 0.0945335329 0.645536363 0.307009757 0.959537148
    0.784673691 0.763418436 0.945709467 0.651317358 0.60728395
    0.230107993 0.64305836 0.179175943 0.00258556008 0.132227838
    0.316783249 0.589867413 0.097317189 0.970674396 0.398915172
    0.306892693 0.756673694 0.850225389 0.741652131 0.457388729
    0.0738368034 0.00248533487 0.956876695 0.244023144 0.581178308
    0.149852931 0.0903083086 0.649069965 0.469811797 0.137308002
    0.599375546 0.443520248 0.271341175 0.698294759 0.264332473
    0.427857101 0.169598311 0.597217917 0.269245148 0.239322871
    0.709914505 0.289934188 0.753575981 0.946421146 0.890315831
    0.148799211 0.742296398 0.0484346151 0.488827705 0.836505413
    0.665265143 0.815633655 0.792710662 0.421891332 0.724558234
    0.606829584 0.539267898 0.846588731 0.987741649 0.301893055
    0.585164964 0.897399545 0.716853678 0.310222805 0.846627831
    0.188480049 0.137483835 0.822446942 0.143987268 0.551168919
    0.598084748 0.497718006 0.310194373 0.404092461 0.213154823
    0.544915557 0.533260822 0.298120618 0.341927111 0.391135693
    0.0647569895 0.435404837 0.527378201 0.950271368 0.208967268
    0.00894466043 0.912292242 0.0210608542 0.0745311081 0.563556671
    0.042611748 0.29448539 0.871222973 0.639519811 0.418546736
    0.687589526 0.109159797 0.344354391 0.54673326 0.435163856
    0.29260987 0.0514531732 0.966637909 0.748093605 0.235630125
    0.449864715 0.0940786898 0.50364095 0.538918257 0.872502148
    0.542361319 0.587309003 0.247638166 0.828061342 0.340695828
    0.00477203727 0.03041628 0.138833642 0.172828019 0.551111758
    0.298695534 0.816638887 0.265381157 0.391588092 0.343172878
    0.609265804 0.402743608 0.899957299 0.760257602 0.356170237
    0.793201864 0.794367135 0.137515068 0.428201288 0.963297427
    0.55402422 0.665557802 0.738336027 0.381676763 0.297870666
    0.258519828 0.694774866 0.366585165 0.461978912 0.286718786
    0.490192503 0.208610088 0.700525761 0.875687838 0.0453538597
    0.816382289 0.898635268 0.22666204 0.0474939644 0.44332096
    0.383107394 0.237499028 0.781263828 0.926259518 0.846429288
    0.048676759 0.274338305 0.183683455 0.640784562 0.588085115
    0.375726789 0.567806005 0.343000472 0.431368709 0.469842136
    0.77342689 0.342090309 0.975474656 0.891227365 0.346814215
    0.169375956 0.251594245 0.734815121 0.0114565194 0.477228194
    0.773596406 0.755098641 0.0663487315 0.138197333 0.476229101
    0.149715692 0.60422188 0.231609374 0.381220639 0.736272573
    0.934512258 0.690537751 0.529880524 0.690450966 0.441638947
    0.203443706 0.751521111 0.589157283 0.792914093 0.736271679
    0.76974237 0.227236301 0.80566144 0.514918983 0.857180119
    0.940217495 0.660916209 0.886779547 0.561481774 0.542630792
    0.218559772 0.739184797 0.326122284 0.151882142 0.36834538
    0.837986767 0.638716757 0.250522584 0.647663355 0.63516891
    0.208672434 0.077500999 0.48924315 0.792436957 0.255462021
    0.69847542 0.101644486 0.0148402154 0.572179258 0.56544435
    0.778120518 0.337466419 0.505293727 0.100238293 0.271249115
    0.0896164179 0.205617011 0.885262966 0.548410714 0.822398067
    0.14767912 0.259952188 0.985667944 0.430442661 0.449700505
    0.737633646 0.183455408 0.723166704 0.210694075 0.33522445
    0.0270457864 0.200487316 0.598070979 0.596847534 0.188613862
    0.769752324 0.198942095 0.284008801 0.809426308 0.0774075985
    0.194618106 0.414523423 0.287009478 0.346704811 0.0426388085
    0.890531361 0.702124178 0.64684546 0.315950036 0.878976703
    0.174668044 0.0790804029 0.0673671663 0.366601884 0.883472621
    0.241402239 0.555886805 0.614705801 0.202768058 0.647494912
    0.345757782 0.713711381 0.861109018 0.776079178 0.648628533
    0.403386831 0.391079515 0.0601706803 0.923467278 0.208989322
    0.566506982 0.545569003 0.334198952 0.578210711 0.479906946
    0.913699746 0.637418628 0.94602859 0.630081058 0.668884635
    0.124202788 0.711487532 0.447749317 0.839957952 0.928444862
    0.967355132 0.880342722 0.324109495 0.5223189 0.69884187 0.695649862
    0.880745649 0.172363579 0.357955039 0.869611204 0.78921479
    0.955772758 0.786246181 0.0396956205 0.561931968 0.637910366
    0.168862164 0.392382085 0.232605308 0.0128314495 0.496652484
    0.491716504 0.782952785 0.218922734 0.521743953 0.506839573
    0.187613666 0.350987732 0.119243294 0.181731552 0.531281471
    0.0279799998 0.5911057 0.0204078257 0.580438256 0.00352799892
    0.527929187 0.296257019 0.479626 0.341629028 0.656766653
    0.0895417035 0.236917734 0.394709229 0.570244491 0.858304977
    0.00543296337 0.887370706 0.18938157 0.838044822 0.478992045
    0.341257662 0.257573843 0.0879427195 0.141410232 0.786938071
    0.121341169 0.434675157 0.221224189 0.221106321 0.618228793
    0.304451704 0.560904324 0.997992873 0.315753043 0.189908683
    0.947972775 0.0943916142 0.245848 0.208479702 0.827717245
    0.511185229 0.532747865 0.469256938 0.644583642 0.895379901
    0.165387094 0.383641124 0.873438358 0.31034255 0.922040164
    0.223570228 0.759627104 0.715295076 0.7353912 0.894888222
    0.519819975 0.721632183 0.067482084 0.828315556 0.439431459
    0.253589571 0.0910815597 0.202771991 0.210445791 0.461717188
    0.173110783 0.44294706 0.00709012151 0.704695165 0.741173267
    0.0243454874 0.101427078 0.586739898 0.473188818 0.539917171
    0.514497876 0.244789362 0.992904902 0.981700778 0.321071059
    0.133143634 0.769762158 0.666860342 0.646886826 0.303968668
    0.513523996 0.214075834 0.520503521 0.534623027 0.0706308186
    0.540070713 0.895293355 0.939311504 0.348658919 0.310483336
    0.858399332 0.924179077 0.965053558 0.463030666 0.0390564203
    0.871613741 0.630754173 0.404594243 0.863947988 0.65993464
    0.285855353 0.847666621 0.185277581 0.908381879 0.860276222
    0.788321674 0.834575295 0.434966564 0.360687286 0.697968602
    0.759425998 0.0583316386 0.0397589207 0.0251821876 0.780286312
    0.813891292 0.125185966 0.884040296 0.681519508 0.65917784
    0.480007619 0.924457669 0.849177361 0.567727387 0.0900320709
    0.80161947 0.299362034 0.233201861 0.0459815264 0.143206924
    0.729373097 0.43978864 0.0212514997 0.884316325 0.661954165
    0.535939217 0.184722096 0.626985371 0.464513481 0.0798125267
    0.559103489 0.952547073 0.858573318 0.821838737 0.281497598
    0.386265874 0.276728153 0.0794181228 0.824197531 0.492473304
    0.00206771493 0.183526069 0.394816995 0.458122343 0.592539012
    0.77784586 0.0339916945 0.476398885 0.41197741 0.112791806
    0.431459844 0.804983139 0.539809227 0.0279710293 0.183413804
    0.601072371 0.366972208 0.64620024 0.729757726 0.660495341
    0.765982628 0.455153883 0.636420131 0.991711736 0.413586408
    0.462959647 0.0596807599 0.530938387 0.663821578 0.957676947
    0.89649725 0.345575541 0.206484884 0.174936861 0.0654531419
    0.188521028 0.607711732 0.452499211 0.350799084 0.736004472
    0.963223338 0.471873969 0.166744292 0.209917009 0.192331672
    0.143305093 0.950551391 0.265684903 0.557279587 0.272751331
    0.0721934438 0.25899896 0.060431838 0.79700911 0.276133895
    0.189988822 0.663684309 0.482995749 0.19744125 0.28193742
    0.766973853 0.578953803 0.000665485859 0.267039001 0.997657537
    0.820211291 0.56811142 0.746137142 0.496716887 0.711034417
    0.699730158 0.720810533 0.643424153 0.930143833 0.541682541
    0.79204452 0.777730823 0.231411099 0.586723924 0.240437806
    0.924916625 0.385077894 0.672766864 0.776150942 0.42895171
    0.657240272 0.158088654 0.512000263 0.482290864 0.599472165
    0.992288768 0.685032725 0.280431986 0.23890695 0.328320682
    0.474397421 0.339951664 0.647593975 0.423535615 0.865690112
    0.614352226 0.499886453 0.741732001 0.727284789 0.506631672
    0.767083943 0.820388198 0.180836886 0.0260486901 0.111561924
    0.00462561846 0.325695097 0.371585935 0.973697662 0.561505198
    0.029856056 0.288216472 0.0650994182 0.856415689 0.728066325
    0.24577716 0.937471151 0.821294069 0.65364486 0.0299274623
    0.523790598 0.0910249352 0.452720135 0.201218456 0.318405569
    0.877889514 0.525348723 0.128098398 0.746985078 0.373807013
    0.918370247 0.787093759 0.85853529 0.0561600029 0.623316765
    0.320085406 0.691384315 0.848423541 0.39985165 0.162560314
    0.232923746 0.922996759 0.873756409 0.81387347 0.155664861
    0.780997515 0.666374564 0.224401444 0.0614646971 0.022721976
    0.752938867 0.00887036324 0.800868332 0.783079028 0.428552151
    0.44905594 0.469474852 0.596538544 0.664135456 0.57860297
    0.288134456 0.801279068 0.817854643 0.940596044 0.10469529
    0.755068719 0.271424711 0.443395704 0.49056077 0.306953549
    0.103788555 0.146571159 0.744207561 0.0385938585 0.81925118
    0.218631625 0.858608603 0.902264237 0.750529647 0.18118149
    0.880093813 0.257905424 0.219920546 0.497774452 0.696594477
    0.818115711 0.713562548 0.445241958 0.846529841 0.322086424
    0.437857211 0.264589995 0.468037903 0.246647209 0.277836144
    0.645799875 0.237833083 0.556337357 0.921401918 0.321453124
    0.859110415 0.862730801 0.395611465 0.0503443778 0.904956698
    0.412876457 0.00600153208 0.874678552 0.831054926 0.326789737
    0.528372824 0.930508137 0.725092471 0.197652042 0.776653647
    0.358022064 0.00918510556 0.228377432 0.797656119 0.432495832
    0.211488068 0.034381032 0.0392329991 0.319435656 0.983252048
    0.112065703 0.113975346 0.374194562 0.807392895 0.72442615
    0.103684008 0.0403113365 0.0819636285 0.906144738 0.284435987
    0.0793376267 0.803890824 0.654312849 0.922574878 0.430938423
    0.357631683 0.741615236 0.709566772 0.247639656 0.28815496
    0.95927453 0.970990717 0.0886217952 0.0987624526 0.985200524
    0.585604548 0.615689456 0.485289544 0.917180777 0.173684567
    0.362308502 0.447753459 0.347840339 0.168643624 0.902758598
    0.559623659 0.237721711 0.397596776 0.185950607 0.210565001
    0.0786287785 0.364077598 0.971483171 0.739822626 0.798119187
    0.44696486 0.589350581 0.271845549 0.708871305 0.768969178
    0.602155387 0.308035493 0.161308676 0.113166153 0.754561067
    0.128653437 0.940581977 0.273470283 0.967480958 0.454093665
    0.194419593 0.557425201 0.887257814 0.577151775 0.914974809
    0.223273963 0.637279451 0.120918304 0.321669757 0.639723659
    0.543205798 0.185142338 0.070017904 0.232723683 0.836700678
    0.90189302 0.0688471198 0.347221285 0.116135299 0.431456178
    0.00247555971 0.846530199 0.0439116657 0.00888800621 0.133172959
    0.55988574 0.0563922524 0.793351054 0.894836187 0.177298158
    0.9118644 0.0911877155 0.308746219 0.865168691 0.215871781
    0.598816752 0.0414503515 0.595833719 0.650119483 0.846834779
    0.90504086 0.380835712 0.628316522 0.596090794 0.323800802
    0.780759633 0.338510156 0.105100214 0.517147779 0.178504109
    0.850365639 0.282672524 0.446619958 0.112064719 0.508112013
    0.840851545 0.168809414 0.820840478 0.390201956 0.431975514
    0.25797224 0.32092467 0.889575601 0.690922856 0.0210643709
    0.498841256 0.441608191 0.0717771947 0.393256694 0.641808629
    0.0160380602 0.27088505 0.455135912 0.987942934 0.780101657
    0.78977859 0.870829105 0.00142067671 0.857746363 0.478804022
    0.0771816671 0.994272947 0.398117155 0.69531405 0.276581258
    0.885458827 0.522361219 0.226418257 0.703754306 0.962374866
    0.390898615 0.152777135 0.525894105 0.772129476 0.993129492
    0.377067864 0.0683161616 0.53597641 0.0506552458 0.364206433
    0.445319057 0.998092175 0.257296294 0.330405891 0.461435974
    0.696867108 0.874418855 0.870529711 0.610689938 0.45840162
    0.742296338 0.766610026 0.311547577 0.374167025 0.395511657
    0.781030893 0.351102293 0.801411271 0.849408448 0.202217042
    0.0733450055 0.434022248 0.181759417 0.624136031 0.770137787
    0.489583135 0.831105053 0.155510694 0.699237347 0.893400908
    0.0296587348 0.822304726 0.348165631 0.958422065 0.358331144
    0.745989203 0.0998211801 0.189061522 0.650994897 0.601891935
    0.962047935 0.331631154 0.735508263 0.818996251 0.284348845
    0.0279861093 0.943139434 0.375449866 0.781029999 0.251508683
    0.0410960019 0.942019999 0.9961586 0.0375057757 0.699800849
    0.274929613 0.149873704 0.295643926 0.943505764 0.684998095
    0.799267828 0.627045631 0.996061325 0.827136517 0.556235611
    0.679100513 0.425564677 0.894783497 0.0543156862 0.747457564
    0.888467789 0.29833132 0.882423639 0.300183147 0.58945024
    0.241468608 0.189541966 0.728645921 0.794981718 0.917072773
    0.0923552811 0.403213263 0.430310488 0.215215832 0.649203777
    0.100692302 0.69170922 0.754303932 0.548796237 0.993014276
    0.0595804453 0.840590954 0.171326637 0.85521549 0.206888497
    0.264270604 0.878814936 0.944982171 0.913384795 0.259911984
    0.113648206 0.870817542 0.862838387 0.272026777 0.0908575356
    0.990394056 0.626648247 0.244337201 0.257581651 0.43287918
    0.248621166 0.241311312 0.430196285 0.739285588 0.536179066
    0.256698549 0.654278636 0.386498034 0.364394933 0.458971411
    0.270486504 0.183869213 0.995098472 0.709891915 0.937610507
    0.529148102 0.360217392 0.97857976 0.798001647 0.00915780663
    0.799052477 0.677089036 0.431403816 0.329642892 0.160898179
    0.242110759 0.559385836 0.896195352 0.143687963 0.365862638
    0.610926807 0.402723372 0.688268006 0.248034745 0.73100245
    0.158974111 0.637508988 0.892125249 0.906671524 0.367796987
    0.905054808 0.728724957 0.538463295 0.667821348 0.860957563
    0.810289979 0.947651923 0.835781932 0.193251759 0.0563590229
    0.914862096 0.316900134 0.359053195 0.0969825983 0.424699515
    0.829402328 0.490981877 0.70886451 0.934864402 0.783305764
    0.176572233 0.343291849 0.711122036 0.951539278 0.952791035
    0.258953333 0.0699329376 0.947740436 0.988909483 0.448867112
    0.115805477 0.439562082 0.703079283 0.86379683 0.537326217
    0.209248424 0.440666676 0.046867609 0.29904604 0.82224226
    0.540010571 0.668934047 0.787237167 0.323250741 0.428211987
    0.073692441 0.30524689 0.330711603 0.354010433 0.894571602
    0.0231543779 0.206055969 0.0659923851 0.421957821 0.616863132
    0.494699448 0.445475757 0.622511983 0.110063702 0.452821791
    0.965528011 0.911863089 0.774971128 0.422035903 0.668213367
    0.550081968 0.965973139 0.421557575 0.034889549 0.564246476
    0.900505424 0.497126639 0.0197322369 0.889017224 0.374608219
    0.602983117 0.44606477 0.137168676 0.134185642 0.160881728
    0.0170976222 0.294305205 0.516362071 0.218664616 0.554342806
    0.906826198 0.877958715 0.354672134 0.968180418 0.356139839
    0.809147239 0.465890765 0.11998871 0.358340621 0.394987404
    0.138568461 0.266310841 0.993437946 0.518818796 0.886761427
    0.458612651 0.685673118 0.0899034441 0.130234599 0.33262831
    0.660792947 0.701422572 0.110273242 0.649487078 0.835716844
    0.948794842 0.655382156 0.429962337 0.684333503 0.598087251
    0.0558736026 0.902106345 0.851229668 0.928166032 0.863950491
    0.476211458 0.469569206 0.852074862 0.667610884 0.232658744
    0.710483909 0.715614855 0.148945272 0.480269432 0.973256826
    0.470748276 0.273144364 0.3932693 0.600540161 0.734676957
    0.519315839 0.0785350502 0.547599494 0.258309662 0.125428498
    0.0632057786 0.0169050992 0.253181845 0.697984934 0.586446106
    0.546237409 0.422923058 0.494559139 0.788326859 0.80691433
    0.957669199 0.211340368 0.887028337 0.690550327 0.484884322
    0.950240135 0.509599328 0.808590293 0.504699767 0.384919077
    0.948473394 0.822751999 0.389288962 0.047587961 0.374879152
    0.974583924 0.141039371 0.624670744 0.877010226 0.341585696
    0.490219831 0.060569793 0.0134094656 0.476982564 0.42704311
    0.263419807 0.564364791 0.679206371 0.418123007 0.594553828
    0.771323562 0.43255347 0.620622993 0.123411924 0.229348987
    0.263048649 0.870311677 0.852237105 0.734107733 0.0128291249
    0.0538291633 0.27158469 0.273887396 0.207706481 0.222775221
    0.81471467 0.217550486 0.733431995 0.45261085 0.691055655
    0.926750302 0.324929088 0.503006399 0.638509095 0.755176723
    0.995029926 0.45428285 0.452407628 0.876113653 0.270000756
    0.974637628 0.249871343 0.338723361 0.635978341 0.327302068
    0.476276398 0.472520262 0.837917268 0.305559337 0.289571345
    0.733123541 0.138471514 0.259073943 0.24835673 0.785984397
    0.723280251 0.209224373 0.712385654 0.923011899 0.380438566
    0.127734572 0.681995153 0.873302937 0.830534577 0.396315664
    0.0754507482 0.799175918 0.715627432 0.478931457 0.925107837
    0.53606528 0.942045569 0.817796946 0.547574222 0.992014647
    0.931085467 0.570583701 0.920924067 0.0769460797 0.705813587
    0.442536294 0.274500191 0.273351312 0.492394716 0.273299873
    0.960039377 0.0398110449 0.520974994 0.0999432802 0.191638052
    0.203428566 0.525913298 0.91076839 0.859465122 0.994590461
    0.358341753 0.0371108353 0.0584524572 0.325432301 0.489221096
    0.539486051 0.904816687 0.0807754397 0.256281018 0.4659971
    0.493489027 0.787447214 0.501039863 0.0117931664 0.964307904
    0.067091316 0.0380293429 0.305981398 0.230634212 0.999548852
    0.754076779 0.0437586606 0.953892708 0.134465396 0.814904451
    0.958365619 0.629189432 0.515229046 0.911454201 0.947933912
    0.562285721 0.723011613 0.188799232 0.821741581 0.309124231
    0.401773572 0.294993788 0.467559576 0.306842417 0.937499821
    0.247036964 0.0951681733 0.0628131926 0.317812592 0.597751439
    0.299060613 0.199353725 0.544537067 0.713535011 0.242699027
    0.166947246 0.384752005 0.796208382 0.231227547 0.19599697
    0.926846385 0.706179857 0.768265665 0.270879388 0.966275811
    0.334075093 0.223466605 0.970495939 0.280820668 0.0864765048
    0.784300089 0.932207704 0.821888208 0.260703832 0.729442954
    0.56638664 0.623031139 0.626309514 0.0841906071 0.0389046967
    0.529968262 0.44555214 0.840677917 0.318734437 0.11396268
    0.896648288 0.712794065 0.939255834 0.510296702 0.319797337
    0.602153897 0.291336685 0.399588346 0.402778625 0.557555616
    0.0293341577 0.681265295 0.857075214 0.676840305 0.502687335
    0.91444087 0.412612498 0.0100776851 0.136735886 0.334931195
    0.796787977 0.988461733 0.176188111 0.701952338 0.141303331
    0.849272966 0.328712702 0.626043499 0.0413166881 0.155451924
    0.615176022 0.293839991 0.541571617 0.351884931 0.353870988
    0.12647444 0.24895063 0.672152042 0.328378379 0.33386755 0.958534002
    0.282687753 0.965995491 0.195819885 0.368402511 0.726097167
    0.252263248 0.149887323 0.973197699 0.769842625 0.083961606
    0.881146908 0.912076533 0.120927691 0.919705987 0.15518102
    0.52568531 0.137044162 0.510378778 0.466305822 0.118965894
    0.153360158 0.150275052 0.365230024 0.812084317 0.911260247
    0.889961898 0.62309885 0.154087156 0.768429935 0.741783917
    0.132139266 0.0616662502 0.39181143 0.708787858 0.47927618
    0.276243538 0.473012 0.475093365 0.455280662 0.434729815 0.659370601
    0.449393928 0.796494067 0.612944126 0.983450234 0.408649772
    0.555363953 0.359495014 0.123995841 0.03118819 0.377368808
    0.111282557 0.882063806 0.632449389 0.851066232 0.976788044
    0.389166623 0.0792824626 0.0195989311 0.594856322 0.373747468
    0.0810442865 0.989456534 0.401345074 0.982519686 0.564443946
    0.681117475 0.197204411 0.919889987 0.740431547 0.764279544
    0.565892875 0.588789284 0.264575332 0.250003576 0.205379188
    0.187158734 0.427067339 0.118316054 0.935944915 0.0942918658
    0.806040049 0.0456038713 0.570136547 0.0156615674 0.114434063
    0.393619686 0.324872553 0.920730472 0.643353641 0.0296449065
    0.986066937 0.707707345 0.806487918 0.331198573 0.984625638
    0.479406416 0.831788719 0.932341695 0.998710155 0.411331534
    0.0577329993 0.821162462 0.0328915119 0.648561835 0.00241717696
    0.557611883 0.685016274 0.0933172107 0.182548881 0.911705852
    0.560589135 0.888403118 0.917971909 0.966744542 0.763632238
    0.432694256 0.697021365 0.528404415 0.612344205 0.397130102
    0.19869104 0.404229432 0.435018927 0.828397632 0.323917568
    0.426218152 0.590694249 0.188169122 0.439023584 0.273380756
    0.999739766 0.936136723 0.378411204 0.86621958 0.743348658
    0.354542792 0.959497094 0.588304877 0.055200845 0.114133686
    0.535218418 0.970955491 0.344875693 0.390375137 0.933079481
    0.119435728 0.320525914 0.58083868 0.944979191 0.790609717
    0.301918983 0.104166478 0.323239386 0.535179317 0.289961368
    0.12860328 0.554431677 0.906980515 0.108999044 0.0673322976
    0.881155729 0.447298259 0.346090704 0.244570583 0.813872457
    0.72858876 0.369198799 0.636085272 0.889935493 0.367768109
    0.106584072 0.973980308 0.719823062 0.565349698 0.785840392
    0.907256067 0.556916654 0.349386096 0.963185787 0.595702171
    0.0791140497 0.128859073 0.188276231 0.362593055 0.800556898
    0.355852038 0.812139928 0.945211172 0.720378458 0.449316978
    0.227258056 0.537641406 0.0764573812 0.735827625 0.481220931
    0.546969831 0.00916844606 0.693211257 0.130337894 0.807096601
    0.249323219 0.170704305 0.312282085 0.0329728723 0.954841614
    0.540825665 0.493270129 0.834935069 0.635867119 0.443841755
    0.521850348 0.211280376 0.643685102 0.151764601 0.734412432
    0.701822281 0.680464208 0.882821321 0.662798882 0.440656006
    0.893517077 0.26679951 0.503527999 0.827440619 0.604088545
    0.149251252 0.11776787 0.866291463 0.768408954 0.124058604
    0.913486123 0.0242224336 0.42051205 0.701917291 0.754222035
    0.867618263 0.103086978 0.80176127 0.667731881 0.854236364
    0.740398765 0.486264288 0.941764057 0.304973066 0.372453094
    0.508334219 0.527394235 0.622053385 0.356482804 0.526255786
    0.493159682 0.705976188 0.949767828 0.0952525139 0.681331396
    0.393105805 0.421599805 0.757410467 0.846036673 0.24013254
    0.249907017 0.817365527 0.378539771 0.470895857 0.97697711
    0.00083810091 0.628146172 0.118365437 0.845686316 0.325590074
    0.876276016 0.108811766 0.458433717 0.408526123 0.510875225
    0.121510297 0.593314111 0.337357938 0.473065823 0.699018061
    0.902614713 0.602485716 0.87833941 0.270872325 0.519180298
    0.0912258029 0.694620848 0.665002048 0.688491642 0.273941576
    0.0792467296 0.712284029 0.176928997 0.737904906 0.644674897
    0.355552018 0.00693491101 0.249623269 0.0185345113 0.636208832
    0.0503038764 0.738611817 0.332101703 0.993981481 0.61209929
    0.622834623 0.191926301 0.0978188217 0.430182785 0.062036097
    0.280956119 0.465189517 0.746009648 0.860737503 0.484977484
    0.817004204 0.776600718 0.786587596 0.698964119 0.790369272
    0.438903451 0.718019128 0.432921648 0.901006281 0.542070925
    0.94710499 0.792774558 0.531002283 0.566980124 0.468518734
    0.606416464 0.0507809222 0.931543708 0.665452957 0.174279153
    0.101543695 0.717675388 0.321355641 0.492987216 0.970795214
    0.644247711 0.483125448 0.419905841 0.093262434 0.98215872
    0.0728437901 0.0196190774 0.39888674 0.186220706 0.840043783
    0.159411311 0.197552383 0.68817699 0.288068652 0.280442774
    0.642851472 0.394801289 0.782764196 0.969364166 0.0847648978
    0.620792747 0.720833182 0.899026632 0.695566893 0.857654631
    0.965419769 0.25747034 0.97077769 0.498871684 0.340937674
    0.646864891 0.689595044 0.765402079 0.598354578 0.581526995
    0.0700155199 0.166480094 0.190084249 0.97290194 0.85920167
    0.150356919 0.0738842487 0.161030054 0.577822506 0.59893626
    0.504615307 0.691441774 0.141176224 0.487043887 0.728813708
    0.300762445 0.97439158 0.532465994 0.328329682 0.0565682054
    0.104323119 0.0953331292 0.0816522539 0.502107739 0.388330489
    0.154610246 0.340257347 0.298687547 0.432436407 0.379618049
    0.666473269 0.777484655 0.651210546 0.491788238 0.288800716
    0.35522458 0.2333121 0.680808187 0.534448445 0.959516644
    0.0653684139 0.857750893 0.419358253 0.738666177 0.173266321
    0.533172727 0.314035773 0.872688949 0.802777588 0.599519134
    0.206475377 0.533186316 0.524287164 0.0442417562 0.448181361
    0.74553597 0.760177851 0.177515149 0.823101759 0.0122458637
    0.0186994374 0.681043088 0.471952885 0.661518872 0.268000424
    0.357859969 0.973200917 0.85766077 0.797855616 0.197832257
    0.391983569 0.197185636 0.0961859226 0.83898592 0.219777018
    0.463770539 0.169904619 0.195763916 0.247438073 0.846161246
    0.0642965138 0.519292355 0.0860819817 0.481672764 0.280022562
    0.791622162 0.564567089 0.892439961 0.0737034082 0.316066206
    0.483314484 0.653357983 0.614083707 0.226620227 0.0141065717
    0.108209968 0.0422258377 0.885320544 0.850245595 0.317958564
    0.624769092 0.0806228817 0.422835559 0.772269607 0.465373486
    0.637537479 0.689823329 0.476385921 0.678393126 0.741443992
    0.685836673 0.702684343 0.923678339 0.295063972 0.0130319595
    0.165879488 0.386314929 0.307559788 0.120933115 0.926780999
    0.0140804052 0.937173843 0.507417083 0.359095991 0.123329252
    0.0624611676 0.898674488 0.964061975 0.187226027 0.831248701
    0.741692245 0.347670615 0.852781892 0.790926337 0.216213077
    0.405042917 0.18721199 0.643742442 0.926719308 0.21629566
    0.501220286 0.863982737 0.377871513 0.735953331 0.609655321
    0.371282965 0.732913554 0.572969973 0.685757816 0.502364337
    0.30719766 0.546102822 0.391892493 0.316988111 0.283228695
    0.665112376 0.123828799 0.535764098 0.0474202633 0.518288434
    0.8416363 0.811215818 0.519274116 0.104496241 0.318307161
    0.745366991 0.251534045 0.997696877 0.287690401 0.370990485
    0.756240368 0.308134973 0.0479407907 0.146529555 0.04414922
    0.737722397 0.682620406 0.296491206 0.106151283 0.650858462
    0.299483001 0.0541913807 0.337121278 0.621435881 0.0767064691
    0.132275581 0.204094321 0.153251469 0.482239574 0.219132334
    0.811869502 0.735067308 0.168705612 0.697243452 0.392936498
    0.629263341 0.569782495 0.746245921 0.133134782 0.0789454877
    0.0294961035 0.110588044 0.0277008116 0.491671085 0.440570712
    0.404197037 0.308254242 0.256279647 0.506480515 0.293299586
    0.463840663 0.39903295 0.840558052 0.827233016 0.825643182
    0.810188413 0.625140667 0.0364573002 0.572315991 0.893691421
    0.946501255 0.59528321 0.982073903 0.339594126 0.516777933
    0.832045913 0.69017756 0.0931410193 0.690565228 0.462862253
    0.0149701238 0.699948967 0.551417351 0.367356718 0.597528934
    0.254420072 0.612248838 0.537534297 0.412816972 0.3885355
    0.159546465 0.689170361 0.773678541 0.243768245 0.158832222
    0.742075562 0.979917288 0.880649924 0.404109746 0.389411002
    0.795156121 0.142143101 0.415739715 0.710313439 0.742948413
    0.232514411 0.813770354 0.630824029 0.420391619 0.520458281
    0.499025941 0.554493666 0.685169995 0.181647807 0.0153996348
    0.39475587 0.468378484 0.823586583 0.615923762 0.748358965
    0.262460887 0.652188301 0.37378639 0.214355856 0.269735098
    0.969565034 0.77842021 0.928713679 0.602739155 0.538267314
    0.11902976 0.471298128 0.327385545 0.421116799 0.165603667
    0.929495335 0.859747827 0.432051986 0.601114452 0.203203976
    0.948812723 0.810709357 0.301184058 0.973395765 0.946115613
    0.0378467143 0.770650864 0.367833912 0.0749170482 0.778590918
    0.0496993661 0.848144293 0.230185628 0.502556562 0.359818906
    0.52789098 0.867077351 0.112139881 0.873821855 0.226260334
    0.108065695 0.707487047 0.290309101 0.883631229 0.923103571
    0.696047068 0.163986415 0.263663709 0.814294994 0.686265945
    0.296172798 0.977326751 0.981981039 0.546519101 0.1073457
    0.740080118 0.553038418 0.67061913 0.689122736 0.525090516
    0.0208458006 0.40290612 0.0615708828 0.697744608 0.570885897
    0.052495718 0.518241405 0.393387854 0.203361511 0.258818507
    0.411510915 0.628524184 0.76873523 0.100043952 0.696581006
    0.412473887 0.357527733 0.537923157 0.300349951 0.691351891
    0.0379965901 0.64176482 0.0426082909 0.191601694 0.898156524
    0.676016569 0.461531162 0.879098356 0.737474263 0.654248655
    0.795948207 0.0636184514 0.0186649263 0.427482307 0.294170976
    0.612098932 0.94177556 0.395116687 0.727220714 0.781858921
    0.127075374 0.0481974185 0.488376677 0.542607188 0.824224591
    0.776245952 0.684769392 0.605765104 0.308942348 0.594164789
    0.546499372 0.440919071 0.098729372 0.936355829 0.581413865
    0.655534923 0.564771593 0.0205676854 0.0237615407 0.435093194
    0.550612271 0.167156756 0.0760302544 0.947858572 0.0230815113
    0.499424696 0.216291755 0.68837899 0.409188092 0.845255256
    0.167413712 0.333185673 0.838237405 0.508288026 0.482239902
    0.349203825 0.957714081 0.641328335 0.119654596 0.881655574
    0.21811378 0.788410544 0.483715773 0.990701914 0.0103945136
    0.32604149 0.72644949 0.772521615 0.208295286 0.248008519
    0.470793456 0.587533653 0.763412893 0.907638669 0.272836208
    0.335860819 0.791805625 0.810704947 0.885393977 0.583537877
    0.0124247372 0.0622088909 0.166502744 0.422479451 0.540346265
    0.0320376754 0.921637297 0.516197205 0.588269472 0.912704587
    0.759599447 0.920150995 0.121979922 0.810494304 0.626532495
    0.190758288 0.671094298 0.11946559 0.69327116 0.076946795
    0.605724633 0.294929862 0.713996232 0.119960546 0.757000208
    0.351118803 0.852547765 0.718106151 0.975900173 0.0301766992
    0.316916496 0.346254885 0.0571715236 0.98683238 0.0520810783
    0.580779433 0.775971174 0.59612608 0.987222791 0.599222541
    0.752590537 0.110248715 0.961075902 0.128406763 0.39673987
    0.0244242549 0.00766968727 0.885734916 0.616695583 0.259315073
    0.489505678 0.0280076861 0.288553119 0.356462657 0.145643651
    0.675240755 0.876619697 0.231628656 0.50264591 0.154997706
    0.399534166 0.832257152 0.597949207 0.292641938 0.544583201
    0.810964227 0.970858932 0.00770130754 0.0980456769 0.21207878
    0.537842691 0.983449638 0.676740527 0.319557339 0.600464344
    0.711683691 0.534601867 0.657082915 0.645997763 0.506675899
    0.0793683827 0.603202164 0.807191849 0.0185459256 0.44049412
    0.378673792 0.267827004 0.038321197 0.294034898 0.738601923
    0.557543695 0.986076355 0.644700289 0.592066884 0.377008736
    0.32915327 0.945844054 0.444683373 0.884099185 0.504584849
    0.953967631 0.910959482 0.345018923 0.387495279 0.49892357
    0.859864175 0.5810076 0.0599955618 0.614638329 0.674666584
    0.121822238 0.713199198 0.521574378 0.426216751 0.601590872
    0.153961688 0.690533519 0.373375654 0.281602293 0.506780922
    0.310121775 0.373786747 0.825191021 0.218893677 0.0066960752
    0.29711464 0.54671675 0.954860806 0.496601552 0.616131067
    0.939133763 0.929249585 0.797146797 0.876137197 0.410265416
    0.637169302 0.851404309 0.885264754 0.024078548 0.493728071
    0.620890319 0.810802698 0.764855325 0.104429901 0.546829343
    0.586644053 0.545005739 0.91409421 0.803786159 0.99924171
    0.276343286 0.770104885 0.386871964 0.0377806723 0.365897059
    0.407910585 0.433602393 0.8021065 0.148488671 0.513085604
    0.566720188 0.0698462725 0.563680649 0.295321643 0.392647594
    0.371454775 0.424153507 0.818086147 0.0882113576 0.79261291
    0.408101022 0.611484528 0.192502677 0.639482617 0.376012236
    0.79083848 0.331922829 0.861659765 0.819494247 0.358151942
    0.79459703 0.579251528 0.633229256 0.00481471419 0.356316537
    0.656947017 0.110142767 0.841349721 0.0868413448 0.220680684
    0.309901476 0.797649384 0.437334597 0.30078128 0.206785887
    0.203467488 0.925153017 0.899620175 0.148272663 0.164782107
    0.557596684 0.705869257 0.809612036 0.138688236 0.986960948
    0.637664676 0.165329129 0.609777987 0.90109539 0.941558063
    0.0443766117 0.847740293 0.812492013 0.362524331 0.556621492
    0.194161952 0.77739042 0.276176512 0.60419482 0.459732622
    0.332936734 0.453804761 0.619516909 0.215527922 0.502927244
    0.836160481 0.454552114 0.460107505 0.530878723 0.990242958
    0.645296812 0.264550775 0.593713939 0.985552847 0.659858167
    0.814115286 0.544828653 0.560220301 0.990379632 0.950083852
    0.447790474 0.619934618 0.69784379 0.734663844 0.385513932
    0.873356044 0.553400636 0.284594595 0.43372941 0.236523747
    0.150496006 0.318152547 0.413846612 0.488350809 0.467578799
    0.923654377 0.953172982 0.551425338 0.640563905 0.525089025
    0.237875223 0.403809011 0.840641499 0.327403128 0.0663384497
    0.376993954 0.838608503 0.504018188 0.56871897 0.702234149
    0.836169422 0.275096595 0.249585479 0.631473362 0.157990754
    0.554262161 0.596208155 0.480668187 0.187026918 0.569211245
    0.482717663 0.600695848 0.688055038 0.954772711 0.917117715
    0.878882825 0.322895795 0.272439003 0.519355059 0.97698617
    0.745685935 0.794157565 0.391913682 0.124851137 0.586230218
    0.346969068 0.512039244 0.447017521 0.46393007 0.47102043
    0.190099478 0.441108257 0.0160140693 0.325082988 0.966822982
    0.981610179 0.270676851 0.931280136 0.728602767 0.33710736
    0.641361356 0.748887062 0.495094448 0.693206906 0.829214096
    0.0551338494 0.374211937 0.684918582 0.456328601 0.419053197
    0.198031634 0.71617043 0.364585876 0.312276721 0.541524231
    0.980060577 0.234677613 0.24894011 0.771306276 0.806773186
    0.369006157 0.119540721 0.445157528 0.44854936 0.454363495
    0.113692015 0.472321957 0.0693196952 0.218047023 0.0471737683
    0.603248715 0.15211162 0.371776909 0.585924268 0.662412167
    0.295381784 0.625963688 0.255301535 0.255016208 0.12741667
    0.110697836 0.696864128 0.543055296 0.671948016 0.121007442
    0.0428594947 0.733219504 0.576180458 0.5494712 0.304577559
    0.0691847205 0.414502084 0.219300926 0.914465547 0.156396508
    0.502048135 0.942686558 0.103321314 0.574407399 0.617419779
    0.662585735 0.776879787 0.403814673 0.0654885471 0.668846607
    0.968132794 0.0673624575 0.425676644 0.91135633 0.261452675
    0.902686417 0.834965706 0.514485121 0.270895123 0.907530427
    0.752274036 0.56761992 0.261481375 0.883334577 0.382867664
    0.251923621 0.0837500989 0.327394724 0.933539391 0.522390664
    0.890720487 0.761346817 0.34823519 0.520527065 0.0137715936
    0.763793945 0.473500609 0.63035959 0.298955798 0.545096338
    0.658884466 0.938900232 0.611520708 0.730229259 0.402141809
    0.073048979 0.352738023 0.895693064 0.0135224462 0.743828356
    0.675058842 0.0658217669 0.803378701 0.611009836 0.0145889223
    0.557258606 0.566144049 0.884209812 0.99615562 0.120680213
    0.88485384 0.0529652834 0.910202503 0.791372359 0.194044173
    0.827799797 0.946208119 0.691703439 0.590155363 0.730655849
    0.883174777 0.558685005 0.330735832 0.676487267 0.156195104
    0.0373871028 0.0262530148 0.884747028 0.589748085 0.00417259336
    0.351044178 0.454210907 0.0589099824 0.860429168 0.532232523
    0.380116463 0.965432763 0.25479719 0.292419374 0.684494078
    0.390021503 0.887034774 0.638778806 0.204933375 0.270373404
    0.319080412 0.268479347 0.166965455 0.205818415 0.314622402
    0.754534245 0.537045062 0.121054292 0.650008559 0.323049337
    0.48721227 0.478721321 0.651838124 0.721957028 0.947399378
    0.704440892 0.913976252 0.766468346 0.162618488 0.888159513
    0.787210584 0.406850517 0.429428697 0.453033626 0.475251019
    0.805284739 0.188854426 0.637295961 0.309387535 0.683405161
    0.999526024 0.966090322 0.682376623 0.331110775 0.414034903
    0.440738887 0.128688514 0.41301918 0.294078529 0.622669041
    0.675549984 0.52075541 0.419271618 0.730037093 0.753603458
    0.0924554467 0.255327076 0.230736226 0.998205364 0.193148106
    0.114020228 0.26342243 0.551119447 0.779825568 0.885274827
    0.286434829 0.585159659 0.87585032 0.391147256 0.529030025
    0.297253191 0.0342680812 0.276387036 0.301849991 0.607755601
    0.465204984 0.46981892 0.759116173 0.0859656036 0.569033325
    0.646618485 0.914837718 0.0414771736 0.838659048 0.726385355
    0.996750414 0.0888019204 0.173970282 0.482367724 0.740647078
    0.653288484 0.0384410024 0.414371073 0.742460847 0.931922734
    0.7377069 0.135935605 0.211057484 0.655517459 0.0779955387
    0.30029285 0.315678775 0.574925661 0.902612567 0.720454216
    0.689293444 0.321031064 0.434113801 0.774123549 0.615112901
    0.861146212 0.430231273 0.260506213 0.387101918 0.711389482
    0.571543217 0.653962076 0.481471956 0.0149716735 0.185339212
    0.394979954 0.109030128 0.274202943 0.99256444 0.841403008
    0.300712705 0.458562821 0.876689672 0.924393415 0.529008448
    0.423615783 0.0216374993 0.328779101 0.625788569 0.485843569
    0.14125371 0.478959233 0.72109133 0.172218651 0.362972021
    0.270007789 0.391593456 0.903983653 0.864596248 0.669182777
    0.689292312 0.506252348 0.214499682 0.385783911 0.806793213
    0.403074533 0.279467732 0.852958083 0.408816904 0.438599974
    0.637053192 0.81428057 0.0673807263 0.167405635 0.117239326
    0.127730936 0.291912735 0.524719238 0.725618005 0.877240479
    0.0256373286 0.851021886 0.297398686 0.934599638 0.858154833
    0.823541403 0.396173656 0.936522245 0.152633399 0.440143526
    0.247703701 0.200893551 0.303128064 0.470256686 0.683047295
    0.746618509 0.657551706 0.323214978 0.890888095 0.64432472
    0.160508245 0.895935655 0.514085829 0.500547826 0.0409272015
    0.0288224518 0.490311682 0.467944711 0.790078521 0.732969224
    0.815491259 0.178686321 0.369548261 0.50859189 0.712205648
    0.630684018 0.0316156149 0.0825353861 0.442026645 0.918177605
    0.531427801 0.460234523 0.22132653 0.201921821 0.592361093
    0.516756833 0.245307118 0.393010557 0.233859628 0.127156317
    0.793284237 0.91510129 0.393686324 0.83279711 0.49558863 0.21377629
    0.590984285 0.345404744 0.460094422 0.287058324 0.304501206
    0.63342464 0.814094067 0.401442617 0.170744479 0.194795966
    0.267404497 0.530512333 0.347014576 0.506403804 0.198887885
    0.28616035 0.274062306 0.637585044 0.36828503 0.306125045
    0.490836859 0.86939919 0.31034261 0.891179681 0.131990969
    0.923787594 0.267777234 0.999145269 0.742729425 0.299817741
    0.389274508 0.980809927 0.490144879 0.165777624 0.661809564
    0.996762395 0.128558457 0.70778352 0.929569244 0.327489942
    0.363243848 0.896906018 0.450325191 0.910323322 0.833710134
    0.99248457 0.746061742 0.0513501465 0.177575976 0.0299225748
    0.607117236 0.443840891 0.147964895 0.821553826 0.768792748
    0.41239199 0.400693804 0.907369733 0.671603143 0.318483412
    0.554701447 0.386458218 0.744581223 0.716057599 0.694526553
    0.411780864 0.393363982 0.0245165229 0.386396378 0.612844467
    0.832530379 0.585038126 0.751529932 0.544165373 0.876250207
    0.171722353 0.98209548 0.497285068 0.869458079 0.975910127
    0.343942165 0.192884445 0.472215086 0.553135335 0.200241029
    0.398853004 0.824621439 0.24993971 0.227096885 0.152248412
    0.624474704 0.453244925 0.45427838 0.567968667 0.647933424
    0.661410213 0.176597476 0.450519949 0.807480633 0.726524472
    0.334088206 0.764224827 0.355688334 0.397425652 0.184892505
    0.848170877 0.251348495 0.940402269 0.709391594 0.938719511
    0.803781033 0.453209907 0.97787255 0.298852503 0.996662259
    0.861482978 0.648489594 0.435484648 0.849130809 0.383643806
    0.438441008 0.400943786 0.8723827 0.724356055 0.862802207
    0.681704283 0.337112665 0.816425323 0.555996776 0.821781397
    0.246348351 0.312599361 0.590750158 0.513146043 0.369184554
    0.975031257 0.225084513 0.429829717 0.134037226 0.908982277
    0.296801746 0.16316393 0.356609493 0.182585955 0.420244038
    0.864483953 0.379225194 0.938740611 0.653917611 0.761519194
    0.0710343122 0.225410014 0.935908139 0.518730462 0.574914694
    0.778456867 0.0969493389 0.363667786 0.822898626 0.349693954
    0.100763291 0.662845433 0.240784943 0.716945171 0.231640041
    0.549506903 0.409648031 0.325362861 0.584646761 0.730446696
    0.332831204 0.302781105 0.807169676 0.737970531 0.811671376
    0.380982876 0.0877511799 0.0367652476 0.2713072 0.623936474
    0.753080249 0.669263601 0.456622154 0.43303591 0.15483132
    0.0835391581 0.0810663998 0.751175761 0.876926899 0.189382404
    0.900042653 0.8544631 0.339490473 0.325474203 0.828039765
    0.0187610686 0.890011549 0.258165359 0.427803934 0.997828007
    0.0408052504 0.214778572 0.509019196 0.913334727 0.635664403
    0.807050109 0.0926659107 0.509442389 0.759896994 0.7790609
    0.291073918 0.519452214 0.533925116 0.198176742 0.500054836
    0.460131019 0.376293868 0.792645574 0.647526145 0.995885193
    0.718744278 0.0618417859 0.914347529 0.111937493 0.268514097
    0.198659509 0.387329578 0.197554976 0.951886594 0.643926024
    0.897856832 0.338570118 0.916238904 0.924826622 0.704676509
    0.0399153531 0.127794087 0.646576047 0.798548222 0.561197698
    0.856995165 0.576036394 0.875852466 0.0221982598 0.356641442
    0.156495124 0.472786874 0.733058453 0.327195525 0.673711717
    0.875744045 0.755100727 0.678159356 0.417845249 0.542416692
    0.0759108067 0.626877666 0.209368587 0.0611758828 0.33046484
    0.941254497 0.617959142 0.350060999 0.623128831 0.44971478
    0.0125589371 0.111523837 0.167650819 0.804205179 0.362941742
    0.09886536 0.0742980838 0.900602818 0.914029181 0.072830081
    0.459320188 0.787644982 0.626839399 0.751457453 0.587910235
    0.738200188 0.495848268 0.869637728 0.44092074 0.52671802
    0.693658948 0.267309517 0.456422538 0.512730122 0.968281865
    0.0225765705 0.781676888 0.738720894 0.76407063 0.252582312
    0.825402975 0.612898588 0.44828105 0.902138531 0.00100469589
    0.307290792 0.30407539 0.428719729 0.793477356 0.869578481
    0.0644423068 0.426010013 0.796054482 0.198811501 0.897881985
    0.935310483 0.316046834 0.45086804 0.864861071 0.399219036
    0.766278446 0.52215004 0.421824902 0.264861703 0.704819679
    0.962028861 0.587522089 0.417056203 0.871961653 0.293102562
    0.0585460961 0.744106114 0.802795053 0.020413965 0.531958759
    0.98148334 0.946949124 0.068343699 0.179934353 0.636417925
    0.835320175 0.697773397 0.49378258 0.832059979 0.708974302
    0.779256165 0.00255402923 0.397330314 0.312448323 0.944117785
    0.203273714 0.858776093 0.143186718 0.884301841 0.251467884
    0.414714456 0.00489914417 0.0605538189 0.879823327 0.38846305
    0.437930256 0.769510388 0.505002677 0.191603839 0.53354013
    0.414076328 0.0576038063 0.625920355 0.164656401 0.459848404
    0.151900679 0.745428741 0.699092329 0.285502106 0.0900773108
    0.915687621 0.647428095 0.348786414 0.261453092 0.636145592
    0.333399087 0.963487267 0.174758524 0.602746904 0.632396221
    0.136530131 0.572125793 0.274291813 0.527788877 0.669787347
    0.365614355 0.146566957 0.178560913 0.124093384 0.395706773
    0.224800915 0.883415341 0.610432625 0.0434471369 0.434697688
    0.436202615 0.468925357 0.185768723 0.773744881 0.0108346045
    0.82239747 0.209562629 0.419590533 0.240643024 0.540623844
    0.285813749 0.265760303 0.770896435 0.98784095 0.315075219
    0.142508179 0.0454222262 0.106965929 0.821480513 0.693741441
    0.757901192 0.918175578 0.544306099 0.0914233923 0.194334388
    0.434131712 0.692494512 0.426492512 0.40322727 0.063962996
    0.737314641 0.353739381 0.366511345 0.321774244 0.0498485267
    0.460548222 0.473305136 0.285527676 0.214789271 0.402066052
    0.291932881 0.207344472 0.200200528 0.602643967 0.586377978
    0.590049982 0.800370634 0.996605396 0.10239324 0.992075562
    0.00122833252 0.771730781 0.405479461 0.731773019 0.530350268
    0.896535397 0.0356421769 0.260871112 0.537233531 0.201843143
    0.999580622 0.544851422 0.872927785 0.971062541 0.457051158
    0.196217984 0.176201016 0.8739537 0.386914313 0.728702307
    0.524838686 0.288299143 0.157548726 0.557756424 0.340729833
    0.94072032 0.349276364 0.522903383 0.497953773 0.457036614
    0.171746284 0.594626606 0.795502424 0.710678935 0.752631426
    0.408447385 0.0128314793 0.819251359 0.998365521 0.105996907
    0.0965169072 0.731218576 0.798704863 0.858592987 0.015561372
    0.0800265074 0.663517594 0.732421219 0.545146883 0.019955337
    0.660405993 0.951452672 0.225111187 0.331986547 0.759175062
    0.228630692 0.901263475 0.427620411 0.911314189 0.146728724
    0.708281398 0.284991324 0.0988201499 0.128440171 0.890272856
    0.56186676 0.85944891 0.911356211 0.428473681 0.0873709023
    0.970125318 0.506209135 0.882379413 0.537954211 0.415815204
    0.594979584 0.410691082 0.605776846 0.82267791 0.160194784
    0.279767722 0.449166805 0.929663062 0.500754535 0.801492393
    0.136969537 0.230657935 0.473280042 0.3363837 0.250823438
    0.0813225508 0.418359727 0.983554602 0.834815741 0.799838424
    0.189522862 0.155645311 0.142153978 0.285661519 0.677302599
    0.433928609 0.992005229 0.179146588 0.638449609 0.455170572
    0.145635515 0.33694303 0.248127311 0.860263407 0.431808203
    0.0487167537 0.833508611 0.368640572 0.732951641 0.518103659
    0.870447159 0.212491333 0.933213115 0.95413816 0.910119593
    0.129623115 0.827527046 0.1422337 0.109506816 0.703401566
    0.370064437 0.397555441 0.115716904 0.265792131 0.763097763
    0.14612636 0.388560891 0.472831577 0.0252147615 0.124685466
    0.556387126 0.989125729 0.502649188 0.723815262 0.89355886
    0.994673133 0.00452697277 0.911319613 0.993951082 0.379100978
    0.360369086 0.561752796 0.649012506 0.415485531 0.138373435
    0.183972329 0.497458458 0.348068118 0.499787182 0.188288957
    0.223223001 0.473951608 0.336589992 0.214933872 0.99115169
    0.719913542 0.116568089 0.0172507763 0.411060631 0.983018279
    0.818354428 0.706428528 0.857349515 0.155023485 0.439635783
    0.420793474 0.110365093 0.906326294 0.0577875972 0.440427154
    0.746687293 0.370389313 0.373791963 0.275855094 0.941137195
    0.188916981 0.9951756 0.293302864 0.737706602 0.00875627995
    0.689163208 0.823342562 0.64408803 0.280982286 0.607732058
    0.249334782 0.314232826 0.783784747 0.869326532 0.0331714153
    0.177646726 0.737692475 0.453148782 0.11669153 0.851945043
    0.652133703 0.16688177 0.455289602 0.275928825 0.399026215
    0.860004425 0.920263171 0.970964015 0.911787391 0.377826303
    0.306386411 0.426891267 0.748965383 0.122565895 0.484185874
    0.843331158 0.456309438 0.847208619 0.239870191 0.903645277
    0.00484475493 0.897306919 0.950695038 0.0269820392 0.891624391
    0.993598104 0.0723397136 0.91371417 0.341620892 0.91690588
    0.928180814 0.0644634664 0.110055596 0.843052983 0.0991761684
    0.280954361 0.0447765887 0.456103384 0.253882468 0.564171553
    0.993887424 0.211360186 0.524681807 0.214822948 0.713148415
    0.805077195 0.901004553 0.326732785 0.0708923936 0.83173883
    0.1986579 0.248832017 0.885800123 0.216248184 0.637861013
    0.390104264 0.218685955 0.0751541853 0.184559345 0.275155187
    0.0147253573 0.636616409 0.351733267 0.234840095 0.791139126
    0.814318538 0.0280053914 0.951610804 0.843618751 0.176242948
    0.448912829 0.78518033 0.938081145 0.0839778185 0.301325202
    0.506383181 0.81637454 0.461221337 0.206854135 0.229460925
    0.527787209 0.872400463 0.875232697 0.445946932 0.64255774
    0.600282609 0.255718529 0.322374284 0.0674655139 0.576017141
    0.405705184 0.250940084 0.498148352 0.499721169 0.171889931
    0.152675271 0.549638927 0.141468078 0.355579257 0.342661083
    0.576874495 0.528567433 0.663799703 0.478699356 0.337717831
    0.913511634 0.297185332 0.661602139 0.63860172 0.779271245
    0.151738524 0.932396233 0.959031224 0.200686663 0.615306973
    0.0788784027 0.0289890468 0.644895256 0.735228121 0.497892767
    0.38932699 0.401706815 0.963689446 0.632518232 0.823107541
    0.620562375 0.537142217 0.462763995 0.718353629 0.92628479
    0.40520066 0.0734788179 0.594856381 0.370772779 0.827711761
    0.252300233 0.00710177422 0.0477237105 0.228071868 0.0332589149
    0.766020596 0.512713313 0.258200228 0.971402049 0.80087781
    0.692643762 0.478800744 0.753715396 0.00303548574 0.160750449
    0.175919741 0.238307446 0.207896501 0.219794124 0.824904799
    0.616942823 0.717965186 0.796955824 0.223808289 0.964906216
    0.342334867 0.932917714 0.647677302 0.995534539 0.272190064
    0.411541104 0.778857589 0.767071784 0.42154333 0.817174196
    0.549336851 0.376781881 0.690568566 0.366204232 0.287106454
    0.334157735 0.686117589 0.118523359 0.659382761 0.897106349
    0.694189489 0.0454812646 0.803143561 0.848923683 0.738874137
    0.754759789 0.942199886 0.930383563 0.662291169 0.810299575
    0.889942884 0.392472178 0.852309704 0.0998566151 0.464367598
    0.737856627 0.634595931 0.888565719 0.942613482 0.611617625
    0.706237674 0.584177136 0.644886076 0.596680641 0.699847162
    0.238516122 0.521046758 0.287211269 0.748233676 0.512353659
    0.253819525 0.452705562 0.0922140777 0.649956465 0.0673675239
    0.2853567 0.777610898 0.190806895 0.37738961 0.499171853 0.157034904
    0.313247472 0.564195752 0.488222629 0.016428411 0.0199841559
    0.471691251 0.00706574321 0.0974085629 0.682442427 0.695207238
    0.814582109 0.84413898 0.625368834 0.292863071 0.242823392
    0.172793239 0.751831234 0.0620569885 0.681232691 0.634594321
    0.631511569 0.941960156 0.155673236 0.147277147 0.370513827
    0.159771293 0.911507607 0.636983395 0.417632401 0.910809278
    0.858407259 0.830126643 0.560167432 0.578863919 0.262422234
    0.703358173 0.837974668 0.398951828 0.666577399 0.208023548
    0.102252334 0.797050118 0.393688202 0.124201 0.865061879 0.326144427
    0.169011682 0.601459026 0.716500044 0.768329024 0.974165559
    0.705116034 0.469867468 0.81675303 0.1116907 0.752865314 0.576892436
    0.637808919 0.391648918 0.414805382 0.317120671 0.0125143826
    0.503888726 0.241532117 0.0824126005 0.761052728 0.521447659
    0.306725442 0.369173497 0.240488023 0.382371664 0.607777417
    0.622283399 0.976285994 0.0179802477 0.257297814 0.330507636
    0.517458856 0.0680239201 0.453655124 0.779973805 0.646881938
    0.0461447835 0.0674726069 0.228053302 0.955081224 0.710957527
    0.94244802 0.453398824 0.776485085 0.168535918 0.775785565
    0.24134326 0.0816175938 0.964904189 0.937963068 0.120221704
    0.642696559 0.352735043 0.495140076 0.0929154456 0.0757103562
    0.859548748 0.267753005 0.890421033 0.605632365 0.610921144
    0.717748463 0.623929858 0.79603833 0.0488652587 0.731088519
    0.782623649 0.65694046 0.0494062304 0.79831028 0.267870486
    0.680064261 0.455979109 0.673475146 0.259188294 0.373327464
    0.612135172 0.654538393 0.646874428 0.792190433 0.859937847
    0.601635933 0.792850077 0.272877187 0.605044365 0.632017136
    0.104638547 0.372513175 0.533807456 0.128731072 0.747457087
    0.766474724 0.953122258 0.109802783 0.185508788 0.924403667
    0.779255509 0.820915699 0.887595415 0.0276003778 0.212477267
    0.832531929 0.547682822 0.536895931 0.896030545 0.799646914
    0.266161561 0.628322661 0.869740963 0.814861178 0.968731642
    0.352295697 0.986973643 0.127748132 0.387645006 0.969747186
    0.179859757 0.0891546607 0.0424534976 0.777042985 0.657349885
    0.3842583 0.23869431 0.218749404 0.291836262 0.602699101 0.680217445
    0.973349452 0.164870977 0.628208578 0.76476413 0.243848771
    0.998275638 0.375716686 0.267742515 0.815155268 0.76503849
    0.123181939 0.711748481 0.398064345 0.498922706 0.582669139
    0.882784307 0.805281281 0.774726987 0.0318814814 0.874143958
    0.75142765 0.420254648 0.0322024524 0.126078963 0.806195319
    0.423815131 0.737682581 0.170153797 0.966950655 0.506041586
    0.865748048 0.394666135 0.221539289 0.570589423 0.609933257
    0.971241593 0.856593013 0.229538828 0.32263118 0.0687366426
    0.423065901 0.176560968 0.832561135 0.166387886 0.943885088
    0.0471193194 0.81580615 0.310485482 0.34831351 0.949716449
    0.773860216 0.380061448 0.536556959 0.846972823 0.760823011
    0.294807553 0.233916968 0.68214649 0.316842973 0.195697635
    0.296134531 0.11727035 0.614803314 0.103424579 0.354524136
    0.323121965 0.150257349 0.446085721 0.00317564607 0.68155551
    0.120132446 0.0901416242 0.587973595 0.965875685 0.957292795
    0.102852225 0.878925562 0.883016825 0.397890389 0.603948295
    0.935858965 0.191756308 0.443980038 0.747357309 0.973804355
    0.442950189 0.327887475 0.80882597 0.418424606 0.966106117
    0.338508844 0.927705169 0.705464661 0.45695287 0.487327874
    0.807451129 0.987115622 0.241682768 0.0381115675 0.59343034
    0.325092018 0.946053982 0.0814768076 0.986373186 0.103031904
    0.948234439 0.510086834 0.996610761 0.650437295 0.403921366
    0.338796943 0.637394309 0.367044896 0.24400562 0.365430057
    0.229304254 0.125788212 0.60292685 0.345896184 0.124699652
    0.344433129 0.647294998 0.921221018 0.470335126 0.039709717
    0.327633917 0.561848164 0.454775125 0.485616237 0.247352421
    0.802756548 0.892730117 0.187406272 0.67090863 0.0433998406
    0.504662037 0.180834502 0.935480416 0.997381806 0.294106245
    0.357931077 0.543990493 0.74905479 0.37369442 0.739018679
    0.553600073 0.460848838 0.515854061 0.981137037 0.312188983
    0.481194049 0.163492441 0.724328578 0.39087972 0.673427582
    0.305805027 0.333774328 0.862838268 0.408118546 0.415545493
    0.875574887 0.0750714839 0.331566513 0.226674974 0.227207452
    0.981990695 0.750091076 0.200123638 0.052326858 0.90581727
    0.940288424 0.569969773 0.356434524 0.125702918 0.221136093
    0.900117159 0.604110301 0.59754312 0.166381091 0.307321191
    0.290070206 0.822333992 0.507840276 6.34491444e-05 0.203552663
    0.550851703 0.330850303 0.951966345 0.189760685 0.0356696248
    0.595582962 0.121835083 0.209363669 0.689775825 0.993233383
    0.935901046 0.55337733 0.80558455 0.597131312 0.813128114
    0.164691418 0.35023132 0.805626512 0.502721608 0.381232023
    0.535321236 0.412436724 0.670044482 0.938390374 0.278354943
    0.982356787 0.16342926 0.749050558 0.241004795 0.729399621
    0.0808927417 0.312851697 0.78772819 0.0544977188 0.465817392
    0.404781967 0.384432942 0.80810082 0.323886752 0.608083665
    0.99880898 0.716775179 0.374054193 0.707537711 0.500995636
    0.360829175 0.335698426 0.974575639 0.929552794 0.279518485
    0.532232583 0.184865743 0.773982882 0.666306078 0.807002425
    0.701956868 0.238549322 0.499624312 0.16773811 0.769078672
    0.324747503 0.475154132 0.287855834 0.879207969 0.0976234972
    0.271218449 0.756227016 0.772812009 0.392879903 0.479829103
    0.512641609 0.536528051 0.944355965 0.876288295 0.230938017
    0.442348152 0.096847713 0.295896977 0.948891044 0.55501318
    0.911182821 0.367221534 0.981988907 0.605123162 0.436098069
    0.244898647 0.719555736 0.382359684 0.666465163 0.76808238
    0.0261218548 0.798484445 0.508079171 0.650185704 0.0608311594
    0.128287256 0.470144004 0.77970612 0.031026274 0.032941699
    0.0346274078 0.795463085 0.234220743 0.0244495869 0.931436539
    0.905774355 0.399408519 0.611700833 0.835347533 0.50417757
    0.778360486 0.194878668 0.166916192 0.762154996 0.529745221
    0.761198759 0.67891711 0.469959319 0.0793909431 0.981245756
    0.85818696 0.117207795 0.813898563 0.026443094 0.581755698
    0.729763567 0.197067589 0.346932948 0.631142378 0.573222637
    0.243082166 0.664553523 0.298472941 0.274178475 0.443583339
    0.772635698 0.396326303 0.611803651 0.705323756 0.509649754
    0.133069128 0.202824444 0.505589902 0.805278659 0.299685717
    0.7640028 0.903648138 0.672024369 0.741487145 0.637485683
    0.548601031 0.183445483 0.496664017 0.326462448 0.698090851
    0.802946448 0.892406225 0.94379878 0.703017652 0.690618873
    0.14300549 0.392476946 0.360348016 0.925904751 0.875865936
    0.507901251 0.17216143 0.485753179 0.330899358 0.544591665
    0.888172746 0.669673681 0.500795841 0.96126014 0.940251052
    0.469607413 0.168927133 0.0560198426 0.0762430727 0.39814356
    0.919379413 0.95181334 0.855691433 0.180910915 0.403286189
    0.614277959 0.625878096 0.277022213 0.296169579 0.756901681
    0.379725337 0.639769137 0.976334333 0.329760045 0.14557597
    0.0107187033 0.229251444 0.85806036 0.658070266 0.22842288
    0.922850013 0.048642993 0.139461368 0.964002907 0.927743316
    0.870711565 0.107154846 0.315537572 0.5349195 0.335838795
    0.647433519 0.953819752 0.442740321 0.0351768136 0.675327659
    0.140264481 0.40734762 0.283737123 0.428084999 0.906003475
    0.397954881 0.0825737715 0.0119401813 0.216265351 0.587222457
    0.616311133 0.0712281168 0.625720859 0.686976552 0.786502838
    0.241907835 0.589950085 0.968272567 0.810204506 0.774216175
    0.152276129 0.835757375 0.170460701 0.889177918 0.277076185
    0.454297006 0.28916204 0.390354127 0.779331326 0.0419047475
    0.445903391 0.928754687 0.117701113 0.882671595 0.469184875
    0.994235814 0.973929584 0.411186993 0.438242495 0.142038733
    0.878067851 0.916504264 0.0248872638 0.663473248 0.64722842
    0.568343282 0.970351517 0.606519222 0.526170492 0.628236413
    0.196876645 0.40869686 0.944287896 0.0486902297 0.722299933
    0.258513749 0.152136952 0.997046947 0.27847299 0.725036144
    0.277844906 0.898636878 0.508226991 0.508800328 0.656011105
    0.125239134 0.0508163869 0.456114024 0.669873178 0.547104657
    0.428626567 0.688138545 0.623241842 0.0858240724 0.588794231
    0.258740306 0.98945725 0.609492064 0.0038164854 0.933856606
    0.836435199 0.479400575 0.210151851 0.0301393569 0.542697728
    0.736741245 0.130079538 0.452832907 0.374575615 0.833610892
    0.0586103201 0.395040274 0.836913347 0.211653411 0.858100832
    0.278248966 0.816286206 0.65416503 0.993406534 0.526906013
    0.265657723 0.905488133 0.68816781 0.114610791 0.164202422
    0.777970016 0.229024708 0.531089127 0.264594734 0.548540592
    0.326451957 0.471414655 0.0195265412 0.107468307 0.0369864702
    0.883250654 0.0851403177 0.835571885 0.132740676 0.395206451
    0.534940243 0.307746023 0.634229302 0.816058934 0.514896572
    0.347843289 0.976059616 0.10659495 0.0249703825 0.830104947
    0.925921798 0.593981266 0.86062032 0.0307141244 0.979570866
    0.171332806 0.769182563 0.71731782 0.0394907296 0.171323001
    0.0659881234 0.502156973 0.438597351 0.136443913 0.979346335
    0.726314366 0.722190738 0.240750402 0.0458209217 0.371954024
    0.452321053 0.665539861 0.748560011 0.364333361 0.548946559
    0.197044611 0.203733981 0.653346896 0.321400076 0.927924991
    0.280616164 0.847670078 0.78020829 0.0463362634 0.0496709347
    0.515688002 0.390913635 0.145015806 0.0462621152 0.503984332
    0.125788689 0.72966522 0.901882946 0.936781287 0.737550497
    0.0941086113 0.747864902 0.755230904 0.748025775 0.138381571
    0.971409559 0.0579318702 0.134187996 0.410198689 0.209121317
    0.815273881 0.807472229 0.0145149529 0.804454923 0.223006099
    0.218015373 0.0826982558 0.83929038 0.155229539 0.876348376
    0.570328891 0.539646685 0.584351361 0.384069979 0.526237309
    0.0645320415 0.83139205 0.904016972 0.307240665 0.370595783
    0.590022385 0.619584203 0.228741497 0.0951503515 0.679411829
    0.396870464 0.0296057761 0.828990698 0.416494519 0.467608511
    0.647107601 0.570652664 0.758426905 0.972101092 0.559725106
    0.363219798 0.879726052 0.351067662 0.827320576 0.291311622
    0.683748245 0.655767262 0.373923242 0.054610759 0.709931016
    0.542638183 0.524446011 0.798843265 0.508636415 0.178922832
    0.386794835 0.63904804 0.398411393 0.743610203 0.298640788
    0.638712049 0.472884238 0.208475024 0.217212021 0.545377493
    0.960207582 0.924400628 0.686654449 0.538382888 0.877131581
    0.255148172 0.378713787 0.0203822255 0.936629057 0.55488348
    0.108882248 0.242474258 0.831327021 0.663000405 0.935452342
    0.0872731805 0.572639167 0.393858135 0.797393739 0.574003041
    0.0229080021 0.996108413 0.238886446 0.694134235 0.90834105
    0.59557873 0.117585391 0.863490522 0.376227647 0.609480321
    0.568409741 0.349733651 0.0327693522 0.331354707 0.623566687
    0.521356642 0.260980636 0.527454734 0.281278849 0.483422726
    0.241295457 0.523089111 0.53463763 0.766637564 0.0487619936
    0.908671021 0.249254853 0.206408799 0.678679526 0.704694033
    0.866956115 0.443775922 0.0253295004 0.645221174 0.360417902
    0.337071896 0.931091964 0.228579342 0.0894066393 0.717225313
    0.768289089 0.411316663 0.176646233 0.65801388 0.758640647
    0.786528707 0.197919667 0.0973349512 0.530961156 0.465125859
    0.668806791 0.259046316 0.90821743 0.0615866482 0.165127516
    0.285752624 0.680582166 0.551480651 0.945663929 0.399405986
    0.0659379661 0.848278642 0.10793516 0.298723161 0.0898834765
    0.746773303 0.11378336 0.636450052 0.893131495 0.186666399
    0.482627958 0.341999114 0.829604387 0.668486536 0.807712972
    0.737987161 0.439074069 0.163225949 0.64301604 0.586002767
    0.869763851 0.735669971 0.577630758 0.608994842 0.77766639
    0.573297322 0.633523822 0.423192561 0.942692161 0.762640715
    0.0135621727 0.5842852 0.119245738 0.198377669 0.562294483
    0.789095998 0.0915521979 0.75030905 0.46728915 0.486436993
    0.112314463 0.558625221 0.538933992 0.808339953 0.714087188
    0.249686331 0.730892062 0.808825731 0.244099975 0.0257068872
    0.525828719 0.298804522 0.266592622 0.97584784 0.94890666
    0.782710731 0.742820501 0.33947733 0.588698983 0.0419524014
    0.493759513 0.159661978 0.983410835 0.637993693 0.180222988
    0.793242514 0.00514248013 0.00168037415 0.954911828 0.549185336
    0.038626641 0.0235100389 0.198258042 0.0410983264 0.366614491
    0.67935586 0.161054134 0.045951128 0.217334718 0.264962733
    0.256837428 0.854601264 0.0833591521 0.203291416 0.92481637
    0.0625391901 0.0653397143 0.857661486 0.131676704 0.816723764
    0.723842561 0.267418325 0.671590328 0.0961111188 0.101885527
    0.110597342 0.330596507 0.464024872 0.868992209 0.18272388
    0.933564186 0.628029108 0.0894181132 0.800153077 0.963651478
    0.0516048074 0.222232312 0.989444613 0.410272777 0.143226355
    0.651773214 0.180776209 0.22531122 0.301981121 0.380668283
    0.581734717 0.217806011 0.565370262 0.452197492 0.264508367
    0.113729805 0.0275023878 0.246732473 0.654533386 0.79654789
    0.673036695 0.780682206 0.946802974 0.226096243 0.188586324
    0.895602882 0.226692289 0.368959486 0.380177647 0.638487577
    0.375812948 0.559275687 0.573002338 0.513300717 0.706500292
    0.919507504 0.445420682 0.762274384 0.180529118 0.581915259
    0.658447921 0.75809437 0.427536994 0.492260635 0.193182647
    0.989343643 0.00119137764 0.495597094 0.0215010047 0.0500974059
    0.892490327 0.859571815 0.0370057821 0.623940051 0.173531681
    0.0627259612 0.538742542 0.475216269 0.229871452 0.984862447
    0.0537770689 0.384818226 0.137640566 0.878118396 0.216364741
    0.00495567918 0.295558512 0.956112564 0.750033796 0.349791348
    0.766698062 0.734979987 0.350672543 0.254407138 0.67354089
    0.624236584 0.230485439 0.648228705 0.0586620271 0.164661914
    0.994256556 0.207214504 0.34068501 0.644789338 0.0421245098
    0.447593361 0.81899935 0.575111806 0.325886309 0.906413436
    0.358094633 0.199049771 0.819795132 0.65108484 0.91265595
    0.563548565 0.177073479 0.212738454 0.225370497 0.335187614
    0.59544611 0.940895498 0.552208304 0.744202495 0.898329079
    0.114433676 0.247116774 0.568199158 0.786038935 0.473521113
    0.0097360909 0.837292552 0.0718648732 0.430494249 0.776823282
    0.301168799 0.431865484 0.0921998918 0.579302192 0.0226475596
    0.968212724 0.815441608 0.454029322 0.0589157045 0.843644977
    0.565604627 0.336979866 0.917510033 0.772087693 0.167201847
    0.756037474 0.960384846 0.596698999 0.718356252 0.166101068
    0.450893402 0.650074422 0.337903827 0.91402626 0.791543305
    0.842266977 0.410305291 0.85770303 0.984955907 0.273915768
    0.365762413 0.481644362 0.780782342 0.798783064 0.739431262
    0.884720385 0.177282482 0.41855526 0.80027765 0.202495486
    0.377855092 0.848379016 0.0400519073 0.135110378 0.775547981
    0.0482300222 0.649312258 0.124224156 0.158063799 0.593108356
    0.758921146 0.0177998543 0.9419626 0.988234341 0.340627044
    0.969053864 0.198600501 0.208947986 0.0889815092 0.929648101
    0.428592741 0.391865224 0.16469121 0.925029755 0.0814828277
    0.852288187 0.322043717 0.187232524 0.954015911 0.770899415
    0.2844432 0.302065104 0.798599362 0.340405405 0.582905829
    0.183706671 0.929235876 0.781675458 0.919670701 0.791156054
    0.766602457 0.33638829 0.328300476 0.0278586447 0.119146466
    0.150263309 0.675005198 0.953264713 0.738410234 0.0486494899
    0.707953751 0.284408659 0.150295317 0.343552113 0.337250292
    0.965450048 0.989722133 0.863917708 0.591427505 0.648907661
    0.905790448 0.885256529 0.578228652 0.328720957 0.899425149
    0.165526211 0.811026752 0.643050492 0.934844851 0.0211990178
    0.288978189 0.355988085 0.172228456 0.527294636 0.704316139
    0.905337989 0.278172761 0.358373612 0.415365368 0.958804965
    0.334615976 0.137102425 0.721675754 0.270289779 0.127578914
    0.165456712 0.384778559 0.223238707 0.756985545 0.479882181
    0.932648778 0.920562685 0.831068635 0.165005654 0.286768258
    0.319990188 0.785143375 0.47968033 0.0540630817 0.905565619
    0.430670261 0.42762807 0.910152078 0.989726305 0.868761182
    0.397612393 0.912643909 0.148799151 0.423491508 0.730366111
    0.261224478 0.742617011 0.838864565 0.0257491767 0.776302218
    0.377016932 0.0992503762 0.430992573 0.449789345 0.853934586
    0.660178781 0.189534485 0.758092999 0.129834503 0.569522202
    0.455578655 0.425323933 0.631854892 0.189901501 0.387821019
    0.842754364 0.316548854 0.725097358 0.72553134 0.718815565
    0.456700265 0.332792461 0.0335309207 0.933964252 0.161617696
    0.00346016884 0.590938151 0.948787808 0.324432492 0.361338615
    0.717340887 0.650151789 0.591848791 0.214027226 0.978770137
    0.479556769 0.925780892 0.370150566 0.797388554 0.950819254
    0.696576595 0.67245549 0.470077842 0.615961254 0.425631225
    0.162701964 0.722743154 0.712350845 0.127850264 0.0580017567
    0.118857235 0.1918706 0.768688321 0.512684107 0.694762707
    0.892331362 0.359857678 0.579884231 0.298779786 0.43847993
    0.489885092 0.543138564 0.105500787 0.351746142 0.655387044
    0.155268967 0.429469347 0.98547709 0.701155663 0.98052597
    0.442781448 0.182381719 0.0840542614 0.30357638 0.931023836
    0.030872196 0.211020142 0.670050979 0.582604051 0.333000064
    0.896162033 0.300334305 0.105007678 0.0438030958 0.642772019
    0.957161665 0.788065851 0.751766682 0.592699587 0.837163687
    0.0406891704 0.0293368995 0.236768752 0.113936156 0.754085898
    0.464204371 0.184942991 0.211710244 0.0459997356 0.643216491
    0.286955416 0.475960582 0.378018856 0.31602329 0.957748473
    0.018969208 0.80374819 0.799868584 0.113730401 0.599408805
    0.673740506 0.855379462 0.277305424 0.770787477 0.0177717209
    0.38742131 0.238937527 0.30000028 0.252848923 0.063813597
    0.150671393 0.121961802 0.0326658785 0.300545394 0.00990214944
    0.286346853 0.968537688 0.953533173 0.656441331 0.342519581
    0.56723994 0.231062144 0.415271521 0.283489674 0.0198950469
    0.377540529 0.631935656 0.436982512 0.116262972 0.554558158
    0.311416447 0.889849544 0.791919112 0.392093122 0.781696916
    0.144909114 0.516485572 0.0783284605 0.223575354 0.113025635
    0.903869867 0.278641701 0.630615711 0.43259871 0.77706778 0.28027299
    0.206636846 0.531219244 0.823088109 0.801108539 0.814329922
    0.91026926 0.337778002 0.74547112 0.746110618 0.0571974516
    0.476415932 0.642509222 0.808844805 0.09049052 0.824146628
    0.228262573 0.241856843 0.614239216 0.191662908 0.0456050634
    0.563070297 0.951714098 0.00430569053 0.937716842 0.0284339786
    0.412880272 0.456982076 0.439188778 0.770549178 0.0387863815
    0.364569962 0.123591989 0.813288152 0.76441741 0.706884325
    0.844542325 0.00517639518 0.0907342434 0.0149940252 0.598398685
    0.989334345 0.161437899 0.398367584 0.352714479 0.592234373
    0.4391931 0.24740988 0.024299711 0.00575685501 0.412593603
    0.456440091 0.844486594 0.55783999 0.451855838 0.652429342
    0.143806368 0.269956797 0.443196744 0.863296866 0.28534475
    0.391169727 0.240909815 0.337982476 0.444652557 0.10118109
    0.642763197 0.123669088 0.663576365 0.88629514 0.312791109
    0.0297066569 0.910378933 0.954734325 0.766627073 0.634064972
    0.556257784 0.0565007329 0.977297306 0.825722098 0.331109434
    0.104394585 0.784337401 0.884383798 0.177949399 0.022277087
    0.226953357 0.274094582 0.415329993 0.740498304 0.95461899
    0.0280324817 0.562218487 0.958528161 0.691075325 0.672076106
    0.823862672 0.356262594 0.338414758 0.220680863 0.417802602
    0.422631115 0.177598149 0.0131472051 0.0990008712 0.0593310297
    0.870669842 0.421414077 0.0145451725 0.693928242 0.784998059
    0.453932106 0.187697738 0.183093697 0.115290314 0.435610205
    0.245050281 0.264058709 0.012609303 0.521747708 0.177764088
    0.805549383 0.211870849 0.212402284 0.130498469 0.811917961
    0.252779454 0.554017484 0.568561256 0.341709524 0.771457672
    0.0858924985 0.105489612 0.72467792 0.00492113829 0.119703919
    0.0957287848 0.697664857 0.612728298 0.427823395 0.336089224
    0.0684933066 0.771206617 0.215667427 0.0503189862 0.553574264
    0.151420653 0.175016046 0.651758194 0.509652495 0.382777035 0.921682
    0.280816406 0.064176172 0.26862061 0.710596144 0.441541731
    0.379279017 0.632033885 0.915611744 0.272007406 0.428156376
    0.0401859283 0.891338825 0.852808237 0.822762668 0.100330949
    0.542257488 0.752264798 0.196028769 0.166628897 0.0644031763
    0.131789684 0.624963224 0.652962267 0.753329933 0.853380322
    0.229677647 0.476006657 0.63026607 0.958604515 0.245858788
    0.163845181 0.731461287 0.111416429 0.920892596 0.560479522
    0.642627239 0.541204154 0.815824151 0.38394326 0.767837167
    0.135607541 0.240176946 0.755482018 0.41610235 0.4900949 0.426033735
    0.179552764 0.634585977 0.937909603 0.426374465 0.199009418
    0.771584809 0.637336016 0.65868479 0.126415193 0.698410451
    0.964625597 0.471392542 0.655800879 0.727018595 0.651142299
    0.786421537 0.624731064 0.713677168 0.0117262602 0.993004739
    0.768562436 0.798104048 0.526614308 0.539827526 0.803039432
    0.0941989422 0.875000119 0.288460791 0.544861317 0.00988280773
    0.507895589 0.74802959 0.381860584 0.194199294 0.550736308
    0.775533319 0.0519163311 0.358478248 0.836863756 0.53426373
    0.541461766 0.34125936 0.283377111 0.284244329 0.302996039
    0.621558607 0.25992322 0.7175107 0.0369182527 0.273967892
    0.370653212 0.337789476 0.463528663 0.0498166084 0.400562495
    0.900336981 0.181470305 0.0677731931 0.940944612 0.0360563099
    0.208330661 0.577573478 0.968223453 0.431921571 0.250134885
    0.232403159 0.0607478917 0.181744307 0.615437686 0.183338642
    0.728239179 0.164963424 0.0920449793 0.370548666 0.52848655
    0.460443765 0.799101591 0.0792996883 0.0671391487 0.00327035785
    0.18233484 0.553821206 0.686193585 0.145658702 0.789789081
    0.958543181 0.101568997 0.433080435 0.407378554 0.28664276
    0.223434955 0.656906843 0.826331973 0.39130041 0.307627678
    0.663967252 0.0377443433 0.779939771 0.37794134 0.81385386
    0.790207148 0.941671371 0.182316452 0.0783406496 0.352376819
    0.872310519 0.224661291 0.906993866 0.134935379 0.0121172369
    0.869109511 0.57482928 0.607143879 0.1341874 0.678708911 0.764473557
    0.341744423 0.206022203 0.895409584 0.623420596 0.185886949
    0.746519685 0.827441812 0.308632076 0.929756522 0.82037425
    0.758407712 0.519083261 0.00887048244 0.0693044662 0.990085959
    0.798246861 0.605245173 0.319269001 0.350437403 0.868664622
    0.23634997 0.284969389 0.490934074 0.0862603188 0.257949173
    0.648417115 0.736980677 0.800513148 0.704311848 0.163699597
    0.524035931 0.210037202 0.35102874 0.24960652 0.139274091
    0.486237139 0.331850886 0.342359245 0.0443738997 0.97037816
    0.384160668 0.934358001 0.881882727 0.451646328 0.210576147
    0.610127866 0.17414403 0.666202307 0.749402404 0.0707938969
    0.89337337 0.83971256 0.484400272 0.961176515 0.598489165
    0.380197436 0.0356324613 0.732334852 0.130404085 0.416006207
    0.49913916 0.322592556 0.0921307206 0.398316771 0.655178726
    0.122564852 0.908070683 0.140775621 0.90886426 0.0455030501
    0.329903573 0.567207575 0.829897165 0.150080323 0.397347361
    0.635256648 0.59119308 0.324961841 0.903428912 0.76452148
    0.294930875 0.625030279 0.423308671 0.39006108 0.590550065
    0.502193093 0.0557813644 0.762229979 0.88007617 0.443446755
    0.51715976 0.818289578 0.192917258 0.874002576 0.503769159
    0.650575936 0.676798046 0.0546840429 0.735432088 0.896638274
    0.901509583 0.37239939 0.690567791 0.566381156 0.897192597
    0.583558857 0.299941808 0.868259072 0.543091476 0.771641493
    0.773760498 0.45213446 0.533487856 0.336133093 0.346311808
    0.687291503 0.166363329 0.0333666205 0.0987396538 0.0410223305
    0.875938058 0.642829537 0.189417779 0.295474619 0.0253429413
    0.304712266 0.724192977 0.348991841 0.220548838 0.923161566
    0.850209892 0.709507346 0.913417935 0.245687246 0.786815166
    0.414750874 0.810668945 0.115100592 0.219065666 0.0547841489
    0.932790041 0.609327555 0.707901359 0.697482228 0.577032506
    0.99886024 0.0878554285 0.395525128 0.0980506539 0.170321018
    0.243347824 0.0625022948 0.893435836 0.388252616 0.3436988
    0.682228804 0.274910212 0.083843261 0.507661283 0.184471726
    0.686317384 0.672671676 0.496397913 0.945210814 0.628411591
    0.498590887 0.510325313 0.987794399 0.924510896 0.0880925059
    0.262360752 0.063184917 0.214739501 0.40669477 0.609971941
    0.143871784 0.943616986 0.17835173 0.897762835 0.198744416
    0.679846585 0.16522491 0.802911878 0.0386773646 0.0419448018
    0.270965397 0.738948524 0.447563767 0.468007505 0.782153785
    0.139537364 0.372300655 0.914507151 0.437860787 0.81649971
    0.24140045 0.819862843 0.159769624 0.715802312 0.636022449
    0.678374648 0.228219539 0.177631885 0.695820808 0.838805199
    0.78777945 0.47117281 0.871634781 0.60241276 0.0833148062
    0.952624679 0.89464736 0.944823742 0.728829503 0.904417872
    0.691638231 0.90738523 0.905733347 0.0548194647 0.697614491
    0.227733701 0.876693666 0.0754363537 0.0457839668 0.878263891
    0.924020708 0.404756367 0.513378203 0.702350378 0.824835896
    0.946396947 0.371235996 0.795330346 0.268178701 0.0431224406
    0.912697136 0.917614579 0.0238254666 0.708551586 0.709199846
    0.567064941 0.132597327 0.97732991 0.945086658 0.452094972
    0.752184033 0.0594449937 0.410628438 0.638989449 0.0238380134
    0.952885687 0.284822226 0.152605414 0.0125569403 0.860420465
    0.796542645 0.142681837 0.969944 0.0440457165 0.902620673
    0.787074327 0.122708082 0.546181083 0.833785653 0.718922973
    0.139501721 0.757354558 0.774600506 0.391313732 0.596504927
    0.05760023 0.250022292 0.810525537 0.855086207 0.587190986 0.9868927
    0.112660855 0.272731781 0.882855475 0.32742393 0.884800792 0.7039994
    0.725496888 0.193684608 0.511587799 0.665148258 0.0992985964
    0.870734334 0.792703748 0.183784693 0.609639108 0.638698697
    0.640723825 0.844998837 0.348123133 0.679014802 0.586429596
    0.181524962 0.150904328 0.543205619 0.419213682 0.35366112
    0.343727827 0.291533291 0.600088239 0.898152828 0.87137121
    0.652392566 0.99033308 0.356490552 0.555217564 0.436719894
    0.880404174 0.665636539 0.956624508 0.30076319 0.108001143
    0.502424181 0.886077762 0.320232928 0.0686360002 0.948082089
    0.593096375 0.092867136 0.457928091 0.142500967 0.557526767
    0.362765253 0.913999677 0.013097316 0.598028183 0.908647299
    0.360249341 0.85020113 0.796662211 0.649308622 0.0502524078
    0.671881497 0.620817184 0.0221894085 0.884414375 0.974368691
    0.623792171 0.0444614291 0.577968359 0.920340121 0.991418719
    0.219296813 0.84341073 0.145748079 0.437871605 0.254920185
    0.955276489 0.584712863 0.0846027136 0.454779088 0.549118936
    0.115383357 0.784424543 0.89750731 0.664695919 0.0373852849
    0.814653933 0.211503178 0.930562854 0.635007322 0.440592587
    0.202903539 0.285410285 0.689607263 0.116684884 0.0796129107
    0.265321583 0.223996937 0.483150572 0.287694156 0.863479614
    0.37955451 0.624765396 0.482010752 0.211082935 0.838896334
    0.907049656 0.82259655 0.684212804 0.154147983 0.417044997
    0.35621956 0.930200875 0.12827605 0.643657625 0.559987545 0.27766782
    0.195748121 0.0697325766 0.593973875 0.51171118 0.203254968
    0.385337502 0.176130384 0.280732065 0.889326453 0.389308065
    0.772365928 0.95749855 0.134741694 0.65111953 0.414335966
    0.980449736 0.871572018 0.977900803 0.283282518 0.710262895
    0.518349469 0.17929852 0.11021322 0.2296004 0.709230304 0.748550951
    0.404013216 0.294016749 0.24526915 0.301238239 0.617120564
    0.0863123834 0.330809474 0.677441895 0.372109801 0.181061655
    0.732964039 0.716239154 0.765521348 0.204195946 0.87255466
    0.237955034 0.0402041078 0.409444362 0.735031009 0.684214711
    0.44416368 0.278168023 0.0442055464 0.457055509 0.130996853
    0.611402214 0.708786607 0.644594669 0.627739787 0.0867753923
    0.886562586 0.813499093 0.109365523 0.771495998 0.709187746
    0.604553938 0.332151711 0.0877388418 0.311225712 0.313922465
    0.171734124 0.611322522 0.398290366 0.590779126 0.296316981
    0.206541687 0.882723212 0.220826834 0.635021448 0.461002141
    0.193188161 0.0435200334 0.246641964 0.955137849 0.0741644502
    0.236549526 0.769836426 0.188735157 0.356695533 0.0477749109
    0.35192889 0.0603991151 0.588604927 0.479990572 0.736170173
    0.799044609 0.122856855 0.459988892 0.322595894 0.888425708
    0.679546237 0.699022114 0.0604433715 0.378866106 0.283236742
    0.0319914818 0.717231631 0.958739042 0.0850867033 0.157824427
    0.172944129 0.420144707 0.492667466 0.24399358 0.258397877
    0.738604963 0.572126925 0.261136174 0.551100671 0.446929991
    0.0459975898 0.956866503 0.883867264 0.507765174 0.59695816
    0.77966249 0.666238248 0.645717859 0.880424857 0.911699057
    0.76142472 0.898756444 0.641774178 0.239145458 0.256009519
    0.960647106 0.75536108 0.0297775567 0.107916266 0.104414821
    0.963567674 0.124557525 0.832185924 0.355855852 0.962074161
    0.0378952026 0.424077839 0.282589972 0.131313801 0.0513447523
    0.14357993 0.853443682 0.693061113 0.563243568 0.54889673 0.51331073
    0.369603872 0.605586231 0.154132694 0.828789949 0.878940821
    0.310292363 0.684253335 0.635726333 0.178240865 0.629999757
    0.340584308 0.180423051 0.226179302 0.511214256 0.136029243
    0.855690837 0.219280601 0.303344548 0.0625370145 0.151225716
    0.693491757 0.949302435 0.302384794 0.228962898 0.756462336
    0.155111343 0.402372181 0.235328496 0.836468458 0.0873959661
    0.906944394 0.427135855 0.436877549 0.490307659 0.998893619
    0.505113542 0.380565524 0.363999397 0.52835983 0.0486060977
    0.307746649 0.429364115 0.562810421 0.916945457 0.801310301
    0.017872721 0.37797913 0.419806421 0.832799256 0.798090041
    0.94549346 0.513952076 0.258842885 0.590118647 0.32933116
    0.158469051 0.863157094 0.160942882 0.220263124 0.694320142
    0.960195124 0.559653819 0.972536802 0.479069591 0.907897949
    0.143278986 0.101956964 0.274282277 0.184521884 0.121744871
    0.726188004 0.181346774 0.524958193 0.391179949 0.967801571
    0.921879888 0.900619388 0.390431166 0.916498303 0.82581073
    0.154569209 0.225901186 0.586665928 0.439265132 0.503562272
    0.675041795 0.625470638 0.585930407 0.441349834 0.851937652
    0.593048394 0.249670386 0.22844404 0.789974093 0.121447504
    0.800149679 0.733820856 0.0599237084 0.425783366 0.818211317
    0.576363981 0.16032961 0.123346299 0.806533337 0.524355769 0.9365623
    0.0591439009 0.175662279 0.943237185 0.347200483 0.882356048
    0.175207078 0.752110839 0.304745376 0.910941958 0.36849618
    0.165370643 0.290812075 0.104881525 0.340716183 0.498530149
    0.800750494 0.407110393 0.821185589 0.0454002023 0.276391745
    0.84382236 0.979313612 0.658841729 0.917387962 0.173600078
    0.836711824 0.69378233 0.989064574 0.114006281 0.0963421166
    0.0923318565 0.904908538 0.207750857 0.751289845 0.343646288
    0.864682078 0.953517377 0.367712945 0.282389432 0.373140663
    0.368792474 0.852871478 0.238892615 0.666873634 0.712062299
    0.0216837823 0.571586788 0.0738855898 0.597528875 0.475961804
    0.390359908 0.97748816 0.250446618 0.462208509 0.1597386 0.520208836
    0.0457586348 0.653497636 0.0906264484 0.0634162128 0.756810188
    0.263429731 0.656798422 0.106952995 0.774913311 0.155177325
    0.396495104 0.897864938 0.523299098 0.604751289 0.579594612
    0.238022983 0.845416009 0.217320472 0.226024181 0.00432372093
    0.499234259 0.160132885 0.857976437 0.963252425 0.150834173
    0.232940674 0.290666103 0.725277603 0.397284448 0.148153663
    0.00123280287 0.161011994 0.0268210471 0.617386639 0.463220656
    0.306808829 0.287430525 0.0808029175 0.592168689 0.555101931
    0.732246637 0.024707377 0.515835583 0.861229181 0.301565528
    0.0851741135 0.391640276 0.0986526608 0.342109054 0.799220026
    0.687078059 0.204049736 0.906029582 0.207720131 0.081734091
    0.0558989346 0.542652011 0.303621411 0.0772245824 0.311950564
    0.793117166 0.476863593 0.44681564 0.519921958 0.81341958
    0.149982005 0.744997561 0.829073548 0.528062403 0.857295632
    0.844341397 0.717622101 0.865851998 0.245878428 0.0540819764
    0.471778214 0.811251879 0.993907213 0.622852921 0.304351449
    0.245917082 0.596213222 0.0490573049 0.92483592 0.393939316
    0.346606076 0.56608063 0.954371691 0.0297489166 0.0857872963
    0.818386376 0.0977203846 0.54136157 0.148229539 0.827261329
    0.36962378 0.27764529 0.47904098 0.900476933 0.907913566 0.729925275
    0.266957372 0.580884993 0.00954645872 0.126307547 0.711996317
    0.0380677879 0.213936657 0.266578674 0.52802527 0.693218589
    0.872906566 0.392863452 0.481519848 0.136329263 0.904898405
    0.911302328 0.760792017 0.0608554184 0.950199842 0.384343386
    0.249306798 0.848412991 0.325443566 0.66092521 0.524887323
    0.722468793 0.669016242 0.560160995 0.928233147 0.267096132
    0.711688459 0.321886301 0.459285617 0.540745497 0.0762255192
    0.43305254 0.779562712 0.799928427 0.987823427 0.54736805
    0.0829871297 0.509248555 0.478595704 0.238749415 0.159119964
    0.625555873 0.281864941 0.156386375 0.250002086 0.999855042
    0.204094023 0.604451597 0.493982822 0.0240221322 0.241387308
    0.576287687 0.276279598 0.458938628 0.912795424 0.195465326
    0.0147131681 0.0149725974 0.145965219 0.0208026469 0.345307171
    0.880010009 0.0731667578 0.234294266 0.0495836139 0.593953013
    0.947558463 0.985061646 0.516736925 0.984619021 0.44571656
    0.0273145437 0.0915365517 0.620948732 0.889957309 0.731573939
    0.543992221 0.508581042 0.178653181 0.493751526 0.0822069943
    0.498627156 0.314504683 0.171417385 0.173543304 0.541478336
    0.796028137 0.388870358 0.575852871 0.349708676 0.261219978
    0.738541961 0.643099129 0.788408458 0.500199199 0.790279031
    0.979898214 0.575344682 0.63358885 0.350216478 0.514503837
    0.968736947 0.550782263 0.458323985 0.875906467 0.0275059938
    0.845465422 0.365872562 0.0621017516 0.713201284 0.673590839
    0.926827908 0.388166815 0.158706963 0.417130232 0.103967011
    0.673528492 0.399810523 0.174482018 0.628013551 0.307139099
    0.243318141 0.976748884 0.550658345 0.54395473 0.857490718 0.7223773
    0.675662041 0.205628991 0.889048994 0.471096009 0.595724523
    0.544636786 0.822196484 0.351015449 0.294209778 0.514797688
    0.545676053 0.0438081622 0.0552844107 0.213480949 0.916677177
    0.383611798 0.054214716 0.839235723 0.798638105 0.0454636812
    0.105230033 0.303276718 0.995791912 0.764687717 0.62497592
    0.219199568 0.126218438 0.17050308 0.885531068 0.631167293
    0.0815823376 0.367774844 0.543665767 0.657334328 0.624568462
    0.756086588 0.065664053 0.478953421 0.142913043 0.363898337
    0.664712906 0.451412201 0.923818886 0.0862758756 0.968174815
    0.339819014 0.928816676 0.432477891 0.140689105 0.260377079
    0.396287888 0.502038479 0.58212322 0.832329631 0.863315701
    0.0223192573 0.922667861 0.534736812 0.199730307 0.352564335
    0.892010868 0.26511395 0.237631232 0.581445515 0.702476025
    0.747923136 0.436923921 0.226064742 0.137083381 0.41510883
    0.778560817 0.370031893 0.609902263 0.50603193 0.798512459
    0.588049173 0.977282166 0.996606112 0.762017965 0.668537021
    0.917153656 0.209937632 0.0159617662 0.524727106 0.961518049
    0.43965891 0.758784473 0.441917121 0.720953822 0.666707695
    0.573418736 0.747163057 0.00332465768 0.98459518 0.965763092
    0.498998225 0.667639613 0.841523886 0.18238622 0.711990356
    0.326609015 0.766172647 0.797502995 0.0385437608 0.879421949
    0.816251934 0.589060783 0.650801599 0.554634392 0.457289547
    0.210261673 0.735655546 0.443660855 0.0177490711 0.373990178
    0.949196815 0.0521905124 0.447825849 0.610595345 0.130367726
    0.469567865 0.521633387 0.86196655 0.700769305 0.914979994
    0.763648868 0.280582637 0.622554719 0.571769655 0.944535315
    0.0157071054 0.133549452 0.958946884 0.793794572 0.047198236
    0.592087865 0.651053071 0.0212253332 0.602582455 0.766037703
    0.397295266 0.00618174672 0.645933986 0.754471779 0.636857271
    0.123935401 0.653342366 0.518224657 0.730818808 0.490183383
    0.179660797 0.543363214 0.967890739 0.964998245 0.245488793
    0.952241778 0.833955288 0.702233255 0.314058721 0.575853527
    0.39382568 0.828192711 0.381491601 0.957248688 0.730445623
    0.205641836 0.391224295 0.422007918 0.894809723 0.935150504
    0.226530939 0.382928461 0.11150974 0.511984646 0.137323111
    0.983503222 0.101200908 0.675643981 0.607905924 0.924010634
    0.690354824 0.406072676 0.0307998061 0.0449644923 0.727614462
    0.849507332 0.907293916 0.330998182 0.0281589329 0.434450805
    0.235951692 0.0646929145 0.806753695 0.531931221 0.230052769
    0.862494111 0.427155137 0.0390702188 0.00529253483 0.00952515006
    0.626078963 0.479373366 0.975166559 0.154950857 0.361373335
    0.0870479941 0.958726764 0.0434046388 0.10897249 0.680968821
    0.285966724 0.335578471 0.354723513 0.0916888118 0.173451573
    0.159862369 0.515043139 0.237683624 0.650268197 0.821014881
    0.410445243 0.213555008 0.607425272 0.790135682 0.19691816
    0.720392227 0.221923828 0.916214466 0.661077082 0.421852231
    0.865225196 0.962876499 0.362595677 0.539838254 0.762646675
    0.873271704 0.0755644739 0.753197312 0.642959654 0.378052056
    0.546680927 0.559212446 0.269417942 0.131064206 0.16115734
    0.877532959 0.509460986 0.623667181 0.186992943 0.483536392
    0.665646017 0.00153020024 0.9357301 0.160506129 0.147613436
    0.725812972 0.792795837 0.194573611 0.0894437134 0.393713892
    0.94378376 0.279221028 0.267125249 0.0070733726 0.381829143
    0.561233699 0.461204797 0.370860547 0.297755837 0.358195007
    0.607873321 0.568599045 0.438052088 0.776864886 0.774706244
    0.571262658 0.0557533503 0.423255384 0.17835927 0.805368006
    0.352184862 0.618434191 0.617708623 0.719408691 0.205256343
    0.208050311 0.92104739 0.833694696 0.113456458 0.276392519
    0.765288711 0.709932566 0.214614242 0.508988261 0.707022369
    0.0189993083 0.479991496 0.296239436 0.0841757655 0.792648315
    0.449251235 0.585409343 0.495873094 0.0918724537 0.148941219
    0.643933833 0.0729562938 0.286936879 0.889545679 0.387882829
    0.832651496 0.897195578 0.349155724 0.843720555 0.959562898
    0.785952091 0.90822953 0.926524878 0.306191653 0.244193196
    0.217088014 0.164668947 0.275758237 0.986600697 0.790590763
    0.244514257 0.773694158 0.0800906718 0.824306846 0.658527732
    0.382110059 0.879949272 0.0133776367 0.779955387 0.129954845
    0.445919216 0.904670835 0.314005077 0.412215889 0.804482102
    0.39873606 0.00396493077 0.207954317 0.532758892 0.192771316
    0.247514039 0.324272513 0.623043954 0.261865795 0.502583802
    0.757988811 0.677817225 0.0173939764 0.70578146 0.410903335
    0.948647499 0.645810187 0.361263812 0.923363805 0.804814577
    0.00462344289 0.354717016 0.630400777 0.185949087 0.667482674
    0.172123164 0.0415072739 0.0990461409 0.142136276 0.206908852
    0.251012564 0.936765611 0.742018342 0.339692235 0.90299964
    0.0722618997 0.12266621 0.669599771 0.699365854 0.955016017
    0.893152416 0.980969369 0.501073897 0.399526 0.369775295 0.879675031
    0.470810503 0.134887397 0.691771865 0.505475461 0.511819541
    0.323162764 0.756770313 0.140801042 0.970651805 0.232735217
    0.166044235 0.646380723 0.19056794 0.662389696 0.141634405
    0.860815585 0.0204833746 0.136184961 0.459774375 0.689771831
    0.645860374 0.0801373124 0.268865705 0.698001504 0.0448306203
    0.496119797 0.253204912 0.500617027 0.651656389 0.428247392
    0.983642578 0.673395395 0.505710721 0.334555656 0.0299871862
    0.89124918 0.654357433 0.855748057 0.935483932 0.169033915
    0.819540083 0.00186786056 0.706531525 0.988203406 0.81933105
    0.872244716 0.0463757515 0.420140505 0.882831216 0.0868203044
    0.220414221 0.361597061 0.0492412746 0.263163328 0.905248404
    0.428905666 0.71890372 0.918553352 0.281674802 0.793984175
    0.84414345 0.450315833 0.317621768 0.872543931 0.472885013
    0.835787117 0.610276222 0.00728139281 0.521474063 0.114034265
    0.0435214341 0.594257653 0.996420026 0.698327541 0.11656335
    0.64416647 0.476695955 0.700760961 0.726602912 0.409175158
    0.637904286 0.733406305 0.415707737 0.352091014 0.992210627
    0.890923142 0.795268655 0.469369829 0.954476714 0.792625904
    0.64797163 0.142476946 0.685136616 0.00152805448 0.283114046
    0.303032517 0.0322350562 0.148827374 0.267608583 0.375520498
    0.173779637 0.373295933 0.153277367 0.746150434 0.701357603
    0.395816773 0.921913624 0.39751488 0.91341269 0.153237969
    0.631975412 0.645197868 0.863273859 0.0221681595 0.545530379
    0.934367061 0.516896129 0.532590032 0.999876916 0.0147006214
    0.583330572 0.210673451 0.10434559 0.954569578 0.876753509
    0.496111006 0.630386353 0.58769536 0.364946842 0.261411697
    0.0246140063 0.884587049 0.926249027 0.180442363 0.896986246
    0.430884033 0.151691765 0.621676207 0.696361244 0.907283187
    0.465521038 0.56381005 0.141218722 0.542224586 0.568214953
    0.624957025 0.0513740778 0.686847806 0.310637921 0.685608625
    0.162974566 0.637087226 0.930105329 0.279901445 0.665885448
    0.799943566 0.74097079 0.82161057 0.0644364059 0.777090311
    0.248063087 0.036485374 0.0728622377 0.766603172 0.460359842
    0.15928483 0.0791852772 0.653490007 0.548732877 0.326445103
    0.116157711 0.874169946 0.455806285 0.172697872 0.759467959
    0.646877229 0.0428441167 0.904837847 0.165825486 0.0704255998
    0.799674034 0.583398819 0.0239844322 0.352557451 0.154831916
    0.480211854 0.458121538 0.391242951 0.622773767 0.268610805
    0.492313802 0.417506486 0.28107059 0.123921067 0.0608278215
    0.569716692 0.325669765 0.141027927 0.396024108 0.216181695
    0.322970539 0.581343651 0.594054103 0.0681271553 0.682560146
    0.595104516 0.347875059 0.422297597 0.179954678 0.0798358321
    0.612846792 0.465059996 0.477168024 0.499848187 0.646313906
    0.856912255 0.422431648 0.629329741 0.976742685 0.11349836
    0.0567729175 0.388105661 0.18279162 0.841337144 0.545909703
    0.366270632 0.190072238 0.84894681 0.821418881 0.540464222
    0.281049311 0.18196094 0.353637516 0.276076168 0.591908336
    0.448899716 0.775731206 0.518462241 0.0781129301 0.643004417
    0.490372628 0.604334593 0.237851053 0.621263444 0.0253401101
    0.0727146268 0.833306193 0.00997129083 0.207099497 0.66471076
    0.473092139 0.243201882 0.277041793 0.747837901 0.223820031
    0.363011181 0.116972655 0.0469340384 0.60711062 0.458707154
    0.629439056 0.695468545 0.261351943 0.878217816 0.917454243
    0.841515064 0.814058423 0.711815894 0.230367035 0.35175091
    0.250422895 0.433114111 0.875161052 0.215093851 0.204270184
    0.761731625 0.859511852 0.846554518 0.987333417 0.39354533
    0.101778179 0.552660882 0.844925761 0.363924235 0.899541736
    0.14824459 0.967393875 0.490288347 0.290003181 0.810906172
    0.00698623061 0.57690376 0.715862751 0.289650083 0.6431247
    0.303095698 0.812324882 0.638225019 0.151556253 0.19367218
    0.0884655118 0.792319179 0.507223845 0.122605413 0.260443568
    0.431345433 0.85145998 0.794626892 0.135988146 0.863142252
    0.664531648 0.1189138 0.75581032 0.105997145 0.85172683 0.824867845
    0.620472252 0.401067019 0.669341147 0.55282557 0.527822852
    0.102996349 0.474097252 0.606132507 0.43250978 0.812576771
    0.716344476 0.727430999 0.252674699 0.0957170725 0.415163219
    0.194789797 0.544864655 0.14965573 0.97385931 0.0576008558
    0.758888245 0.937024117 0.941163659 0.79428041 0.165848672
    0.828641713 0.611558676 0.13636145 0.889094949 0.700363457
    0.820714593 0.27414459 0.0634521842 0.487502605 0.311443508
    0.119019389 0.350443661 0.912591636 0.528876543 0.946238041
    0.521835685 0.302448541 0.871550322 0.642458677 0.219662964
    0.572608113 0.126375109 0.251346767 0.66691196 0.568067729
    0.920675397 0.668236375 0.576184094 0.28886655 0.948368311
    0.380410492 0.713416398 0.349659979 0.64845407 0.91836977
    0.287234902 0.732852876 0.882517815 0.759702921 0.516445279
    0.992722988 0.890555501 0.993628979 0.214219272 0.364899516
    0.93550539 0.619525731 0.569770813 0.630856752 0.814743936
    0.880477667 0.329136193 0.618378401 0.0457500517 0.57743609
    0.933712184 0.387288928 0.981860042 0.607477427 0.791836381
    0.504480243 0.982668996 0.0629709661 0.498602271 0.951728463
    0.0681608319 0.531197071 0.550143123 0.0595015585 0.585495055
    0.841424584 0.504010737 0.772242963 0.109604239 0.237964779
    0.723872185 0.946215034 0.255872697 0.603551269 0.955704331
    0.227894396 0.125534117 0.455933064 0.77072084 0.305400968
    0.550662041 0.42948088 0.219891906 0.508271098 0.562809289
    0.196116745 0.600590289 0.325029373 0.176423103 0.208903402
    0.768112659 0.0339640975 0.856811762 0.544342399 0.760773122
    0.997579455 0.0293399394 0.487035751 0.729434371 0.764684677
    0.857290983 0.457114965 0.693434 0.199592113 0.00971475244
    0.657871485 0.252868205 0.058147788 0.114518732 0.219574988
    0.504877269 0.330740571 0.579445362 0.822735667 0.514775693
    0.180495799 0.65819031 0.551274478 0.333234042 0.657379091
    0.221760452 0.807171702 0.34717828 0.30558157 0.31975615 0.309274316
    0.504757822 0.0390137434 0.989647269 0.636581302 0.180586845
    0.142971367 0.357362151 0.341808885 0.626960814 0.813573241
    0.880874515 0.758063197 0.663309336 0.289123893 0.248993278
    0.717348516 0.508525074 0.0866231918 0.663090825 0.346177042
    0.990494132 0.544412076 0.794186771 0.55278331 0.946220636
    0.0889474452 0.349667639 0.0404950678 0.623371959 0.889921427
    0.860102236 0.317023277 0.948660076 0.436695278 0.121544421
    0.366072059 0.4270356 0.623195827 0.560463011 0.28418088 0.541962624
    0.66471827 0.847297788 0.704244137 0.502527654 0.429620713
    0.115699202 0.698313653 0.783203483 0.964878917 0.905006766
    0.562436521 0.638759851 0.0609372556 0.519600809 0.981611133
    0.739447296 0.0943782032 0.0902574956 0.966951251 0.687960088
    0.57640481 0.736276448 0.976514041 0.584917307 0.241488427
    0.877191126 0.598486483 0.944552302 0.00270655751 0.301196039
    0.381751001 0.901224673 0.685427427 0.802596509 0.465918571
    0.62068522 0.866663039 0.763554394 0.751578152 0.21472919
    0.964701593 0.72763747 0.197781473 0.848317564 0.435968637
    0.0198596418 0.0557114482 0.94472599 0.364640146 0.585892081
    0.035651207 0.531685054 0.0541522801 0.982687652 0.614498496
    0.566367388 0.622672677 0.133008868 0.286631852 0.282939434
    0.220086366 0.418296158 0.107985407 0.280305326 0.396982163
    0.866939306 0.921763062 0.31538105 0.661979556 0.792384446
    0.770188272 0.705917954 0.761261463 0.569770217 0.628032684
    0.445531815 0.958056808 0.0017066896 0.0128614902 0.246010154
    0.0402212739 0.301523238 0.584357977 0.878903329 0.995960236
    0.796894789 0.878655672 0.127542078 0.403087556 0.691520691
    0.750567019 0.802510142 0.205067128 0.387133479 0.948158979
    0.0155377686 0.90199846 0.0724212825 0.884264171 0.121133745
    0.469427556 0.439276963 0.203677952 0.0493950248 0.0499668419
    0.723893642 0.0268361866 0.784342468 0.979398727 0.17971909
    0.357117414 0.405953467 0.560290515 0.92670083 0.377163529
    0.593570054 0.800994039 0.515324116 0.310805023 0.799597383
    0.696001172 0.0889075696 0.823364496 0.157032877 0.0576398671
    0.390312791 0.0823707879 0.452038676 0.749875128 0.0104430616
    0.342793465 0.411743045 0.825132251 0.362805396 0.542437553
    0.473631978 0.379314244 0.544781148 0.704576313 0.811491907
    0.292567998 0.3843835 0.492662311 0.155547082 0.473309815
    0.0943097472 0.0648672879 0.461688697 0.767615378 0.845308065
    0.194479108 0.897806048 0.760270119 0.0489669442 0.473201483
    0.392222464 0.379059941 0.996679664 0.970037818 0.693915069
    0.0850456655 0.818677187 0.190578252 0.209550142 0.69273746
    0.596632302 0.209163576 0.668446124 0.479972064 0.843406677
    0.590338826 0.367908776 0.192727268 0.228049397 0.252093881
    0.0361770988 0.764710426 0.881166875 0.217713952 0.0348526239
    0.0950948 0.843361497 0.622732878 0.424736351 0.35910055 0.650485873
    0.49491927 0.73604387 0.349909663 0.0969078541 0.645992339
    0.821081877 0.991500735 0.709017992 0.699518263 0.788699627
    0.46856305 0.0664601922 0.730211616 0.789154172 0.0695808828
    0.135234475 0.468468428 0.240104467 0.897772193 0.226794302
    0.995548785 0.646627545 0.448248833 0.64878428 0.985076666
    0.626133263 0.0237894058 0.412913054 0.604926765 0.966662049
    0.442350894 0.86834532 0.538943648 0.978422999 0.0737502873
    0.0801856816 0.40391624 0.641865373 0.171597332 0.797736049
    0.931837976 0.818177462 0.792870045 0.00656580925 0.684776545
    0.0861286223 0.391695946 0.271100432 0.844794512 0.136632025
    0.694720387 0.905830979 0.359621048 0.145014048 0.590439439
    0.892781973 0.821798444 0.296438873 0.417323887 0.250485539
    0.423353732 0.885773659 0.174331307 0.787173271 0.0753201842
    0.497358739 0.334044218 0.72202462 0.87750268 0.26467824 0.443239272
    0.736968935 0.762136877 0.780342698 0.157171041 0.843769073
    0.897871971 0.0559544563 0.433678508 0.469318002 0.583195746
    0.264926702 0.451895893 0.516661167 0.522095978 0.361135751
    0.217134684 0.788697362 0.52789396 0.269540161 0.633648336
    0.676900625 0.255928516 0.920947433 0.557749808 0.656757236
    0.538923144 0.991478145 0.016412884 0.463819236 0.963128388
    0.531625688 0.672107279 0.196921736 0.490515321 0.362008631
    0.844428897 0.0525313318 0.727468014 0.734373331 0.373652935
    0.87825352 0.886819482 0.821650088 0.490427792 0.419823438
    0.179486424 0.559711695 0.734079838 0.941554308 0.343203634
    0.0891046226 0.698539615 0.793237984 0.144027501 0.627249479
    0.351344585 0.530535579 0.964734554 0.687549353 0.357380569
    0.468674958 0.981436372 0.770864964 0.796343863 0.597439706
    0.427069724 0.814715385 0.503374338 0.219532847 0.552033186
    0.793941498 0.634787261 0.0301100612 0.679256618 0.660648406
    0.507333994 0.474711984 0.187519461 0.224449843 0.623396039
    0.553618193 0.767376423 0.259200633 0.0207732618 0.99018538
    0.0288139582 0.249582827 0.434793442 0.716969848 0.381135672
    0.519268632 0.907115459 0.650540709 0.885476708 0.463303506
    0.342671335 0.358235598 0.271746278 0.0973483324 0.2490969
    0.32505703 0.60247916 0.234475106 0.795666456 0.200938076
    0.916537881 0.99252367 0.798993707 0.492179155 0.775241733
    0.563563168 0.678090096 0.729120374 0.927713811 0.379975945
    0.0738040805 0.5070979 0.991621852 0.5344944 0.316428661 0.768032432
    0.320197642 0.312127739 0.458453298 0.338928461 0.274230689
    0.717207074 0.782713294 0.191426814 0.6260674 0.802099824
    0.602701247 0.997959197 0.550994575 0.911796212 0.0394009948
    0.528734267 0.246129125 0.640188932 0.240028888 0.404023349
    0.107721448 0.17116335 0.376492649 0.365839213 0.527929783
    0.186883003 0.500973523 0.509306312 0.360230267 0.925868392
    0.774153352 0.656871319 0.668017745 0.0165079832 0.293390363
    0.273433954 0.150112629 0.454639077 0.261792481 0.814785242
    0.35843271 0.830395818 0.68866241 0.428210735 0.591727674
    0.136057585 0.85162431 0.124890089 0.022893846 0.298170984
    0.317477703 0.992593765 0.918325901 0.68452239 0.759411037
    0.896446109 0.341520071 0.500319541 0.0587029755 0.15679422
    0.301529706 0.0773470998 0.385064811 0.442344099 0.560583353
    0.147035003 0.44469586 0.315831423 0.860889077 0.725919545
    0.958552957 0.584946811 0.0274527371 0.509308457 0.146602869
    0.984420419 0.369204044 0.308677435 0.126757681 0.642228127
    0.371078432 0.291090995 0.911901295 0.318262488 0.58634156
    0.878235579 0.04782933 0.919673681 0.615202069 0.026309669
    0.216875762 0.808807731 0.307403117 0.639744759 0.38950181
    0.127354532 0.871339083 0.445859432 0.274487168 0.235454261
    0.189885408 0.757075131 0.414770603 0.135420948 0.223361969
    0.0151554644 0.758069396 0.905162573 0.690784037 0.362209618
    0.869726896 0.609230697 0.230115831 0.114150882 0.322569489
    0.86406064 0.065248251 0.925348878 0.0287727416 0.998158455
    0.705561876 0.427534521 0.893167734 0.739208579 0.0478956997
    0.583835065 0.089756757 0.737559974 0.764390826 0.0508883893
    0.667234182 0.595687449 0.211074591 0.980939567 0.613209128
    0.252912998 0.149199903 0.222618341 0.0320939422 0.716012716
    0.101498365 0.240251422 0.678180575 0.972435296 0.466504246
    0.904527962 0.793244421 0.387942225 0.205070168 0.825620532
    0.777858019 0.349472284 0.152984113 0.657360792 0.579338133
    0.574996114 0.0999027491 0.597429812 0.560449481 0.963355124
    0.454055429 0.744173527 0.743687093 0.195752621 0.247432888
    0.453928769 0.284390301 0.0353096426 0.0658420324 0.703805625
    0.29936862 0.43813327 0.026964426 0.348448098 0.404069126
    0.646684408 0.0918220282 0.0959328115 0.372504771 0.827715993
    0.740412712 0.372497559 0.914433956 0.861674428 0.300529599
    0.711293995 0.432763934 0.763362825 0.436941296 0.780610204
    0.0350171626 0.488232642 0.130524069 0.0926176608 0.869421721
    0.671609402 0.492853403 0.468243897 0.221044034 0.413406372
    0.491718888 0.486630768 0.856151402 0.680371642 0.22875151
    0.446899891 0.0266807079 0.545998573 0.937653422 0.373248369
    0.546850383 0.496140838 0.144575208 0.580515563 0.354417771
    0.692440808 0.953622222 0.560133278 0.855263948 0.734008908
    0.183902502 0.550260961 0.570852876 0.61452806 0.0423042178
    0.73457408 0.0990092158 0.756717086 0.629836142 0.466837227
    0.51261574 0.881009698 0.460245371 0.713938653 0.485545397
    0.490707129 0.857964396 0.474917561 0.0917653441 0.757869124
    0.545580626 0.715225279 0.552128494 0.224578857 0.279302955
    0.933676481 0.356178939 0.929329515 0.605887175 0.521271765
    0.35086894 0.721166015 0.238467783 0.673526883 0.0582193434
    0.1355941 0.503813326 0.561890244 0.461669058 0.78421402 0.662950993
    0.657535434 0.373380303 0.2869066 0.182230502 0.911850214
    0.830206752 0.724841535 0.534070015 0.686409056 0.373211414
    0.303610742 0.379646599 0.175278246 0.754208207 0.457665473
    0.714534879 0.914130092 0.422050923 0.865163326 0.490865439
    0.92610991 0.348905057 0.509844184 0.0192658305 0.484673381
    0.843611956 0.896166325 0.742836535 0.022946775 0.225523978
    0.884677351 0.212315798 0.0229320824 0.314386845 0.587450266
    0.635686278 0.425961643 0.780627429 0.975881517 0.227724552
    0.532848001 0.292522371 0.330313742 0.277697682 0.355560482
    0.841258764 0.93255496 0.759436905 0.383539855 0.920742929
    0.268653333 0.055062294 0.36821726 0.488276988 0.0674085617
    0.303100288 0.804817975 0.455392897 0.540378869 0.413022518
    0.71192944 0.651403069 0.736681342 0.455738842 0.874353647
    0.60345304 0.927766442 0.103943229 0.161004454 0.624699593
    0.0978966057 0.42723757 0.767581284 0.0620640516 0.158157647
    0.569214404 0.548838735 0.71926415 0.365989625 0.420243889
    0.875559628 0.179284424 0.535973728 0.95747751 0.014426887
    0.234711289 0.694546878 0.769977331 0.220611513 0.293676257
    0.624719977 0.152382821 0.993858397 0.801124811 0.815675616
    0.360819101 0.00758931041 0.618805945 0.807701945 0.153433979
    0.810015559 0.707574248 0.581128776 0.0509512722 0.0149212778
    0.207213074 0.843499541 0.126663297 0.228468716 0.24104926
    0.664006412 0.621365547 0.0993691981 0.0255115032 0.462520927
    0.793995917 0.642938256 0.499153018 0.142425567 0.527299404
    0.693789124 0.734959304 0.392666638 0.514557183 0.193055034
    0.556289494 0.114428937 0.261123121 0.973291636 0.709460258
    0.883098066 0.805967331 0.76207906 0.671770036 0.624247432
    0.109171838 0.449879766 0.975560725 0.903388619 0.198161513
    0.11073643 0.117961466 0.869511962 0.294888079 0.885242224
    0.561969876 0.389519721 0.881854177 0.198729426 0.66431582
    0.110354006 0.361163378 0.582095385 0.426259249 0.898456454
    0.937263489 0.676707268 0.380404741 0.0399596691 0.725269914
    0.76089108 0.546649575 0.536160529 0.944288254 0.0219851136
    0.289138079 0.588690519 0.778009415 0.853298903 0.0265616179
    0.0430036783 0.415682346 0.204215795 0.0160463154 0.595409095
    0.293361634 0.00468593836 0.319141865 0.504205167 0.34284544
    0.287943482 0.0653204322 0.673205376 0.555397213 0.69009757
    0.506051302 0.317610443 0.216094345 0.111311913 0.278110534
    0.211275011 0.0340346098 0.413204968 0.41092962 0.191831827
    0.439795196 0.556173623 0.130774081 0.131208092 0.109161675
    0.208698392 0.913525164 0.290223241 0.952230811 0.0461439192
    0.438188493 0.458618671 0.653797746 0.42291528 0.104049563
    0.885229409 0.380765975 0.456384838 0.618265569 0.454279929
    0.621966481 0.73712647 0.450900495 0.30406943 0.777201116
    0.626657486 0.748813033 0.256292343 0.127797604 0.707355857
    0.180166811 0.856884956 0.473138809 0.576790154 0.0820872486
    0.504835486 0.475588918 0.617583752 0.211210728 0.592481077
    0.896667063 0.751765966 0.578677654 0.803162813 0.55168575
    0.64592278 0.459841937 0.935818672 0.580208421 0.51546967
    0.838881135 0.0642880201 0.834848762 0.862903237 0.483275533
    0.070294112 0.34586519 0.218343288 0.339324772 0.728201926
    0.409036726 0.757949948 0.208562821 0.48830542 0.989874959
    0.835728645 0.607486069 0.677320719 0.834216952 0.29964 0.9389534
    0.0406113565 0.939658642 0.0839859843 0.345866501 0.073273927
    0.5776124 0.64910543 0.99610436 0.19669041 0.425868094 0.164893717
    0.226826072 0.350494891 0.258896798 0.178323686 0.857440293
    0.559570849 0.483332872 0.489603698 0.584358096 0.038351506
    0.507437944 0.395500004 0.169716597 0.573834717 0.146863639
    0.167305559 0.316166639 0.664647579 0.332910955 0.775346041
    0.321461201 0.812372863 0.128110439 0.860491514 0.357212305
    0.858872235 0.83135581 0.40035671 0.317538589 0.594863176 0.74355948
    0.29479605 0.734916985 0.482114553 0.460046202 0.34947288
    0.411026716 0.631269217 0.0885085464 0.140199691 0.783884883
    0.70718956 0.12032932 0.650039017 0.758303463 0.837910771
    0.591743469 0.783937573 0.15432319 0.922585249 0.423030257
    0.207324564 0.445572436 0.293541133 0.640870094 0.309234738
    0.312930286 0.537536681 0.935245097 0.00951954722 0.0995856822
    0.400320292 0.562220871 0.281634927 0.7704373 0.705519617
    0.323681176 0.366330981 0.494908363 0.96642065 0.898944736
    0.570408463 0.355115294 0.460117459 0.994458556 0.384690791
    0.792884707 0.955944657 0.0332735181 0.285814226 0.4847399
    0.851854205 0.843436122 0.938041091 0.659751713 0.848400712
    0.654266953 0.916904449 0.956397057 0.0472646356 0.944424272
    0.433684468 0.33430928 0.483678818 0.673215151 0.810563326
    0.067986697 0.259996176 0.945685267 0.908736825 0.63032037
    0.885789037 0.894385934 0.707608461 0.911997318 0.0673412085
    0.223205328 0.334134698 0.105861098 0.0408874452 0.765452743
    0.560654521 0.400177479 0.474615335 0.441409171 0.205122322
    0.229653627 0.0935290158 0.301059604 0.790900469 0.402339965
    0.505904555 0.893389106 0.604417801 0.921802282 0.926315069
    0.990131378 0.364186734 0.462338328 0.795912981 0.120361239
    0.601080179 0.288505524 0.440542161 0.208725333 0.849487305
    0.814505398 0.754121602 0.697188556 0.580000758 0.992425084
    0.577318549 0.752415776 0.356180906 0.863956273 0.33290565
    0.325453401 0.652454734 0.0783239007 0.354417205 0.155369878
    0.271587998 0.780650258 0.962380528 0.959658444 0.0210877061
    0.000946611166 0.766869128 0.263210952 0.0155568421 0.0480904281
    0.748959899 0.791879058 0.988735199 0.578024566 0.421021461
    0.483636975 0.846431196 0.421017945 0.561185062 0.605636239
    0.990298331 0.502545118 0.0426201224 0.508343875 0.927881181
    0.468909532 0.0129520893 0.634654224 0.285375983 0.611625373
    0.376008689 0.790402651 0.478341997 0.763883233 0.201638848
    0.764656961 0.787213683 0.83411026 0.829254389 0.935453057
    0.608085752 0.202138305 0.541190445 0.82986939 0.595533311
    0.212420583 0.396135986 0.858904898 0.345978349 0.12099877
    0.791754723 0.331408679 0.565864742 0.753724813 0.333517939
    0.680009365 0.144357473 0.834583402 0.725705504 0.902070284
    0.123731703 0.993097246 0.404349327 0.0507781804 0.951423109
    0.124041498 0.0269971192 0.734060645 0.486196607 0.387170345
    0.909536958 0.212333232 0.140384257 0.157827795 0.669821799
    0.00139597058 0.635555744 0.720570803 0.355300486 0.12700972
    0.352595806 0.28704077 0.129849285 0.186991274 0.525307715
    0.0157252252 0.058824718 0.751793265 0.983578324 0.429712087
    0.0394642055 0.283589929 0.641828775 0.418474108 0.802148342
    0.954508185 0.915321708 0.619155467 0.640128076 0.0117393136
    0.328867227 0.941727102 0.604977131 0.373883426 0.604573488
    0.465028256 0.285722196 0.29652071 0.55827564 0.301788032
    0.678110123 0.123447388 0.0925713181 0.349698186 0.607107937
    0.94652915 0.502669513 0.808299422 0.367441654 0.439442873
    0.557469606 0.0461384058 0.758913875 0.581747949 0.339584589
    0.542730927 0.681572258 0.764766455 0.769825578 0.486106217
    0.200130492 0.42232126 0.762486219 0.260631859 0.781027198
    0.0498280525 0.581710517 0.705150366 0.678806961 0.0805539191
    0.359016836 0.948559761 0.606845081 0.40632233 0.407281101
    0.0625139475 0.338712335 0.222748995 0.298396111 0.595442414
    0.190316737 0.900167286 0.080542475 0.670794606 0.751989603
    0.433376014 0.458223611 0.794624805 0.114762098 0.904158413
    0.0274829865 0.145930886 0.110313594 0.982309461 0.64907068
    0.849814892 0.871105134 0.994121552 0.492978871 0.503582895
    0.245697588 0.469983846 0.2755211 0.701119363 0.231439054
    0.00322294235 0.00851517916 0.233804673 0.825919271 0.319959402
    0.177740008 0.879625559 0.440025747 0.837349176 0.110189676
    0.911680102 0.731044888 0.944508672 0.280095249 0.0715636611
    0.951584697 0.368974507 0.419671953 0.563045681 0.0233193636
    0.376914948 0.0184651315 0.940473676 0.811482072 0.0911292136
    0.188465118 0.803111136 0.562353313 0.8827492 0.314323992
    0.383026332 0.55268687 0.559950352 0.443694174 0.411290407
    0.852458954 0.725928307 0.801214457 0.892494917 0.649518371
    0.614469409 0.472629458 0.130649358 0.875568748 0.0545645952
    0.42500332 0.740600824 0.577338696 0.441626221 0.927268565
    0.945664763 0.957070529 0.856518626 0.445725858 0.5893659
    0.567334831 0.0222685337 0.802024961 0.509874284 0.260248721
    0.506047845 0.84585768 0.442007661 0.400522828 0.0742515922
    0.971071124 0.489090174 0.725891829 0.0384126604 0.0817251205
    0.749637961 0.82686305 0.642139733 0.42785877 0.378055215
    0.430874318 0.956423044 0.409919143 0.282920063 0.264373779
    0.948413372 0.579635799 0.242350549 0.0189883709 0.622827113
    0.145337701 0.734985292 0.303785145 0.585321665 0.670325875 0.772533
    0.35757488 0.349598467 0.408330709 0.0866961479 0.210450143
    0.515835166 0.551710367 0.0857283175 0.196960539 0.538021266
    0.277792543 0.13642481 0.648384035 0.228662968 0.901531696
    0.886919141 0.174840927 0.478301883 0.860595345 0.991695881
    0.619309306 0.812889934 0.480868697 0.0683758259 0.185709238
    0.790376365 0.435797274 0.886747956 0.572132528 0.739557624
    0.526228249 0.474478662 0.258361638 0.0569008589 0.465548217
    0.00910210609 0.846227765 0.945001543 0.8984887 0.852164626
    0.129370183 0.271632671 0.27546227 0.456451774 0.486347228
    0.72286588 0.177931309 0.685256898 0.701394796 0.749414325
    0.287460566 0.821054578 0.364554346 0.885867357 0.0831133127
    0.593251467 0.821702838 0.48488754 0.93261379 0.160013556
    0.632987559 0.318540096 0.173946112 0.939277172 0.906228721
    0.382189989 0.675219774 0.554710507 0.309784383 0.186800331
    0.679649353 0.88737154 0.981214404 0.0953204334 0.918918014
    0.797371328 0.470223546 0.553860068 0.37018019 0.827505946
    0.639845729 0.068129003 0.0696083605 0.793245077 0.937231779
    0.692751229 0.466738582 0.667611063 0.965199947 0.273467064
    0.829993546 0.152952641 0.44914183 0.0904902518 0.966102123
    0.553439319 0.585630417 0.0848567486 0.262174308 0.613614202
    0.0403407812 0.410115957 0.382525265 0.396692336 0.136994094
    0.971157908 0.734995246 0.667941809 0.973310828 0.0986253023
    0.254149824 0.851598144 0.388076425 0.562541306 0.879920304
    0.215724915 0.212324888 0.650137901 0.802509665 0.671261966
    0.0477714539 0.810021043 0.719214737 0.532435477 0.0325889587
    0.346076727 0.384043306 0.642701983 0.717328072 0.656308532
    0.968417287 0.813142002 0.244302392 0.835791945 0.0542807877
    0.47528246 0.636550546 0.375216931 0.208246887 0.836449981
    0.242361546 0.950473964 0.0849484503 0.163201302 0.157891005
    0.762207031 0.0718016326 0.132670283 0.990170121 0.232304484
    0.262027621 0.521906257 0.503081203 0.0609497726 0.477257848
    0.974778771 0.358124197 0.715350151 0.256170303 0.793072701
    0.709467769 0.690575778 0.344852746 0.851139724 0.300323129
    0.30163908 0.238531739 0.64400512 0.991209686 0.87526226 0.766229987
    0.407726943 0.43476826 0.83326757 0.156640887 0.603002548
    0.0737126172 0.0770457685 0.790916562 0.856754005 0.413064688
    0.0162050426 0.926360369 0.895384789 0.37951234 0.2618756
    0.118575096 0.230999887 0.722203374 0.252688289 0.482010961
    0.655657351 0.411705077 0.737269044 0.487802625 0.435866475
    0.639411449 0.243554026 0.742038608 0.734701633 0.895111501
    0.10792017 0.949689746 0.493258446 0.883208871 0.956513882
    0.288036883 0.356562793 0.729145527 0.412721694 0.322228253
    0.0714039505 0.624447644 0.840394974 0.539404213 0.980909586
    0.660846591 0.331298232 0.809283197 0.13454172 0.36877194
    0.322254956 0.321206957 0.639314234 0.805477858 0.863256216
    0.795008183 0.261431575 0.776981473 0.370318741 0.360019982
    0.816810012 0.320505381 0.504277468 0.902974665 0.668414593
    0.445629805 0.907698393 0.914774299 0.355770826 0.744832337
    0.666996539 0.186744452 0.471093565 0.400158376 0.0929439664
    0.97939229 0.586224973 0.113850117 0.282182515 0.474809259
    0.69709748 0.545467198 0.281010926 0.728546381 0.864572763
    0.310769856 0.535196662 0.604127586 0.288704574 0.382182956
    0.496284306 0.333441436 0.59910804 0.379954785 0.430091619
    0.504036903 0.252307594 0.394908845 0.935331225 0.840080261
    0.969841003 0.466602802 0.921811819 0.0137883127 0.211107731
    0.963224173 0.518854856 0.079754889 0.724222898 0.942679465
    0.100714177 0.118529707 0.552484274 0.0562412739 0.0886547863
    0.505328774 0.0273902118 0.512795269 0.181130648 0.382624775
    0.429333329 0.414345264 0.362807393 0.804253697 0.0400618315
    0.924871862 0.45141983 0.747736156 0.154531449 0.899436355
    0.243517339 0.594000459 0.836163878 0.29562825 0.974099576
    0.38829121 0.107525408 0.813456655 0.00396093726 0.293796271
    0.450418621 0.870888829 0.805467725 0.145052075 0.389765024
    0.133074403 0.757347345 0.108991385 0.31964314 0.56944108
    0.497866452 0.81945169 0.790134728 0.319713175 0.832682014
    0.0550679564 0.316506147 0.280428767 0.300228357 0.570454299
    0.394728214 0.845375061 0.934896886 0.0440892577 0.562365949
    0.93912214 0.200467885 0.216882199 0.323348522 0.405522346
    0.143910766 0.103633523 0.180596143 0.92076242 0.494924664
    0.82967639 0.169181675 0.559930623 0.35815677 0.17426908 0.866129994
    0.664330363 0.80842638 0.711473167 0.651103258 0.798734426
    0.991985917 0.520207763 0.792929173 0.618965805 0.918991745
    0.682015181 0.957666278 0.290022969 0.0154052377 0.411990255
    0.783034027 0.109700918 0.409442246 0.285659909 0.0425221622
    0.116334498 0.875379086 0.130730271 0.543281019 0.16769436
    0.280012071 0.755928159 0.479081899 0.677528262 0.173021287
    0.630435884 0.910314083 0.0515524447 0.467182755 0.469914734
    0.937431097 0.946259975 0.548781753 0.132949591 0.21543771
    0.797789216 0.897878289 0.139701396 0.954621017 0.864666104
    0.911974847 0.78305769 0.563944578 0.323163092 0.170479834
    0.812067151 0.0138262808 0.0107465982 0.465808153 0.832839847
    0.615098119 0.93667984 0.151586473 0.444101572 0.362282574
    0.243415713 0.299654305 0.549640715 0.0123018026 0.79833734
    0.34438771 0.079122901 0.0777838528 0.858844042 0.592650771
    0.089294225 0.66401422 0.270511031 0.0292161405 0.445904672
    0.99702692 0.969724894 0.00843825936 0.000222891569 0.851246715
    0.629691243 0.90604794 0.973649979 0.90362525 0.611315548
    0.988826275 0.0744245946 0.485514998 0.684878469 0.107147813
    0.401802808 0.7001158 0.76018858 0.460102022 0.894185305 0.793259501
    0.231945276 0.0930666029 0.62688452 0.518211365 0.702569902
    0.301699877 0.126432925 0.468287557 0.387103617 0.335017115
    0.690923154 0.112997055 0.602204442 0.60623616 0.41498667
    0.404402494 0.413034141 0.741240263 0.502404988 0.347382367
    0.597468674 0.841857255 0.9715873 0.0139433146 0.853262424
    0.0292820334 0.49737218 0.304681242 0.24164173 0.80947566
    0.019613564 0.452682137 0.253520906 0.286301225 0.268165439
    0.849743843 0.806182206 0.984915733 0.39610222 0.279895663
    0.00924053788 0.093460381 0.999817669 0.196319699 0.450381875
    0.0673368871 0.641176462 0.142800182 0.348094642 0.945066929
    0.218449414 0.872539461 0.898527503 0.544095933 0.803276539
    0.799016237 0.630127251 0.811177969 0.53992641 0.613362193
    0.859843969 0.961869776 0.278548241 0.291526198 0.678882957
    0.38046211 0.665345192 0.00105768442 0.19915095 0.873180866
    0.902612388 0.902133346 0.956504166 0.284564257 0.21966067
    0.0252034664 0.774339914 0.422963798 0.31714195 0.65632534
    0.252200782 0.771917105 0.483618379 0.418476045 0.514193654
    0.622487962 0.908710241 0.582267582 0.83172673 0.0989640057
    0.224257588 0.0694006681 0.409406841 0.866402268 0.22571376
    0.955671787 0.0931464434 0.693386614 0.662911952 0.931292415
    0.575835288 0.0448870957 0.590350032 0.448135644 0.333150387
    0.284052491 0.160797626 0.458708078 0.185264796 0.267855048
    0.199495286 0.666919589 0.846492946 0.632302642 0.152580261
    0.345411479 0.860910237 0.0190959871 0.636147141 0.445929796
    0.0432556272 0.478157848 0.0934339762 0.583838046 0.51683563
    0.691270828 0.65992564 0.151345223 0.69246763 0.449475765
    0.426813841 0.701108932 0.320494115 0.0772627592 0.343920082
    0.552860022 0.239081979 0.621912956 0.326592714 0.625086188
    0.529780149 0.358726174 0.758203566 0.234382153 0.898914397
    0.648581505 0.884964049 0.601113498 0.500360012 0.710091531
    0.382054329 0.512827873 0.211240381 0.190511346 0.0170444548
    0.762903452 0.834520757 0.00519147515 0.0884661376 0.965800285
    0.163116872 0.00642064214 0.274461299 0.439615995 0.362048388
    0.341259658 0.0136431456 0.153334945 0.00774532557 0.37419349
    0.701732337 0.36148119 0.415527493 0.962801695 0.330358386
    0.289611161 0.2185224 0.549677134 0.373678565 0.776277423
    0.951670885 0.543370545 0.774917483 0.400593877 0.874642611
    0.663637519 0.898816824 0.10090515 0.37402764 0.590325952
    0.584824264 0.536004126 0.691170454 0.0455291867 0.330186307
    0.77856195 0.601170421 0.0402839184 0.485739231 0.564277828
    0.939304352 0.401912928 0.107993394 0.352635264 0.788743794
    0.333583772 0.771029592 0.355854571 0.882090926 0.591775954
    0.862334847 0.989079654 0.221667618 0.938334465 0.199092925
    0.949283659 0.250016838 0.68690896 0.79022634 0.488139898
    0.438789934 0.617686033 0.699583232 0.497362524 0.32853964
    0.636983633 0.93826139 0.579894662 0.034448117 0.530114532
    0.271790028 0.948173165 0.463597387 0.00844311714 0.687891483
    0.013661325 0.734435797 0.356502742 0.093699187 0.00179937482
    0.989089727 0.109296232 0.161561698 0.759260833 0.756582379
    0.777057409 0.546139061 0.24059692 0.260694265 0.0328170955
    0.970933676 0.901827991 0.636702418 0.925890326 0.216771483
    0.343508661 0.776561856 0.436086655 0.235721409 0.38593033
    0.280283451 0.765204787 0.900877357 0.961639047 0.141007334
    0.160387218 0.707877517 0.706678748 0.438128501 0.612874925
    0.530632615 0.775475383 0.724455655 0.789273083 0.638223529
    0.9370749 0.117362678 0.260951459 0.600621045 0.605637312
    0.818540215 0.00135278702 0.208943605 0.971287131 0.308169007
    0.064873606 0.126509815 0.741223395 0.701449275 0.960539818
    0.554931223 0.131203949 0.583138466 0.685183465 0.892931104
    0.63060689 0.983731747 0.984496117 0.919180632 0.813738167
    0.348419815 0.921390891 0.223400474 0.517484844 0.586814821
    0.38729912 0.503395677 0.323835373 0.998924017 0.533370316
    0.287878782 0.65724951 0.794401646 0.463810503 0.596179605
    0.212800294 0.219109356 0.492551476 0.178831369 0.117880642
    0.78886652 0.685640275 0.407118201 0.509205341 0.37015909
    0.952352285 0.134252995 0.683089793 0.694592595 0.938761353
    0.998453617 0.699506581 0.779723644 0.0835929215 0.0253790915
    0.423740685 0.875994205 0.712078154 0.452121764 0.00769641995
    0.533004582 0.17534557 0.784711003 0.879880667 0.533605278
    0.869159162 0.850937366 0.250457525 0.471505582 0.334766448
    0.680727899 0.413104624 0.528189421 0.071159184 0.124558717
    0.343528301 0.970149994 0.298022926 0.971997142 0.230304688
    0.48812741 0.991633236 0.114146173 0.620029211 0.777626336
    0.861017346 0.477198243 0.538660407 0.948703289 0.830774665
    0.308096707 0.825386763 0.503884852 0.780044734 0.28493464
    0.36297673 0.515475869 0.286292493 0.367855638 0.916466475
    0.580863416 0.311220229 0.105976701 0.217548162 0.541644633
    0.869871259 0.873465002 0.947796345 0.510766089 0.701044679
    0.14663282 0.0480911434 0.603060246 0.170207411 0.495838761
    0.856136084 0.841509342 0.0706939399 0.84067893 0.19212392
    0.971454203 0.386473119 0.504196942 0.63433218 0.675560296
    0.546082079 0.373263597 0.128713578 0.403574258 0.935634851
    0.30093053 0.480851948 0.418883592 0.420286596 0.458944738
    0.460897654 0.940655112 0.889467955 0.0520768464 0.936693668
    0.4429757 0.113408595 0.828455448 0.701667666 0.0294673443
    0.608449817 0.235137224 0.381120682 0.385701954 0.086913079
    0.650944591 0.981158614 0.138755411 0.690637708 0.260287821
    0.290556133 0.436109334 0.312569261 0.463715047 0.922027946
    0.950397789 0.759795666 0.161096245 0.0245772898 0.626711607
    0.634981751 0.0162641704 0.796634197 0.617705464 0.252338141
    0.280213535 0.985056758 0.748358428 0.940400243 0.924863577
    0.0298699737 0.730211735 0.0981358588 0.931364 0.00337544084
    0.395194292 0.441166222 0.677616894 0.629002094 0.866488218
    0.215146393 0.9461658 0.0591537356 0.889716148 0.0715993345
    0.00552624464 0.657879174 0.673704028 0.286991477 0.640975833
    0.221650511 0.900204778 0.671418667 0.548870385 0.781135142
    0.0723710358 0.550214112 0.934040368 0.67450279 0.132900417
    0.819656491 0.478761911 0.229803443 0.19982484 0.606927574
    0.150883496 0.902314782 0.638903618 0.403057545 0.12395215
    0.517757893 0.285539031 0.911166608 0.728409886 0.00536337495
    0.866311431 0.998077035 0.505340219 0.419143319 0.262210041
    0.831196785 0.818037093 0.79488945 0.927255869 0.818914115
    0.177794516 0.769264936 0.435132831 0.446985424 0.356906265
    0.616049767 0.190958321 0.440830886 0.422407657 0.656365752
    0.231781453 0.38778615 0.064743638 0.391935587 0.989059687
    0.484071195 0.684638679 0.719759345 0.598400414 0.553812623
    0.433208704 0.452223152 0.245762259 0.404678404 0.656588495
    0.3326509 0.831124961 0.582926154 0.819646358 0.642622113
    0.771708608 0.0112545192 0.439004034 0.886059046 0.514113069
    0.00916561484 0.322737068 0.784489274 0.751305699 0.370828509
    0.611197889 0.515592813 0.995497525 0.683581591 0.969902635
    0.795959353 0.975337982 0.665348649 0.360294878 0.542202055
    0.00294724107 0.589137316 0.364279151 0.713778019 0.37298578
    0.535691142 0.373970926 0.385537356 0.105550587 0.0715310872
    0.37469548 0.457340688 0.389316559 0.244161069 0.776717663 0.6376912
    0.599904418 0.0796970427 0.683895171 0.0976270139 0.809640944
    0.64061296 0.312777817 0.575556993 0.133917779 0.243620604
    0.614620388 0.0221438706 0.646977663 0.451367885 0.660246551
    0.20687744 0.964123607 0.570864141 0.541986883 0.322261423
    0.110717297 0.545129597 0.00665014982 0.0155415535 0.289292991
    0.167646945 0.7631405 0.249267668 0.177218437 0.508547366
    0.712197363 0.0029066205 0.434491575 0.0867327452 0.447632581
    0.270181298 0.646758735 0.633197486 0.28119868 0.407205462
    0.701530218 0.280528545 0.950990915 0.542604744 0.0914110243
    0.846272469 0.0643245876 0.778613567 0.193219543 0.231671154
    0.259815037 0.572355151 0.208703697 0.431152284 0.98114872
    0.00288790464 0.0994206667 0.840310693 0.674592018 0.645410061
    0.0767871141 0.923448503 0.952318311 0.474723101 0.462908208
    0.739376009 0.487461954 0.313626766 0.00401127338 0.669901967
    0.278600216 0.224761903 0.108084559 0.254034698 0.0653528273
    0.455884933 0.922765791 0.495583713 0.901890099 0.118220806
    0.965915084 0.744688988 0.644249976 0.400309891 0.0959719718
    0.046621263 0.0374236107 0.970379829 0.611852169 0.239734024
    0.597243965 0.903352857 0.326215804 0.469492078 0.215614676
    0.050637424 0.745780468 0.479545534 0.784716129 0.532132626
    0.0771749914 0.223382056 0.522678137 0.795832515 0.361068726
    0.686068058 0.837130904 0.164485276 0.851370692 0.682838619
    0.52775681 0.794592679 0.938431621 0.284854829 0.00179678202
    0.101480514 0.0575336814 0.196577042 0.692873299 0.936335564
    0.454398155 0.416244835 0.311783344 0.435187727 0.0771464109
    0.46402505 0.275183856 0.230299324 0.922312737 0.652769446
    0.281871617 0.188412815 0.201915503 0.496682256 0.021980077
    0.995036304 0.784114599 0.140793115 0.128276587 0.803104281
    0.18149817 0.274564803 0.392383009 0.960336566 0.378535122
    0.417481095 0.600841343 0.267439604 0.945283294 0.736287951
    0.213496536 0.689150214 0.198085308 0.492786109 0.00881072879
    0.305017591 0.490563154 0.715574503 0.582338691 0.462459117
    0.777586937 0.559482932 0.578909814 0.737221301 0.923354089
    0.751215458 0.480823219 0.720582843 0.795494258 0.974177361
    0.698011935 0.0879318714 0.83818531 0.77754724 0.376306713
    0.39942199 0.0859363973 0.833900511 0.467951208 0.779760957
    0.100017399 0.216228038 0.155112624 0.990024924 0.938959122
    0.783662021 0.355684608 0.183226198 0.127321154 0.951295614
    0.965588033 0.187684596 0.082360208 0.853426695 0.553475916
    0.78036499 0.559754133 0.820806265 0.00811854005 0.731722593
    0.337442636 0.937128782 0.576409578 0.48480466 0.309194922
    0.520546913 0.698908925 0.312755406 0.7459355 0.9352718 0.200533569
    0.0139234066 0.831462264 0.467682838 0.663491249 0.274602532
    0.0782482326 0.0478469729 0.980740309 0.744476676 0.209219068
    0.332036853 0.208216012 0.021065414 0.394121796 0.998668551
    0.640524089 0.7410357 0.763736606 0.0716085732 0.989586353
    0.979974985 0.0734821856 0.0800042748 0.270180106 0.186749935
    0.532840014 0.316653311 0.713661373 0.0640399754 0.365919828
    0.900011897 0.804578781 0.243417382 0.0255569816 0.857906818
    0.722335398 0.641392827 0.527432084 0.921006203 0.653361082
    0.885699809 0.0125035644 0.569190264 0.882650495 0.0408605933
    0.366357863 0.49681583 0.971320033 0.260590196 0.421137452
    0.197444111 0.41048646 0.0699642003 0.902923822 0.133737117
    0.857774079 0.135095626 0.408744961 0.853667259 0.656526506
    0.530755579 0.0830956101 0.4383412 0.556882441 0.735130966
    0.333929121 0.0690012872 0.0739522874 0.511227429 0.772346497
    0.660002708 0.35023284 0.903360724 0.471051604 0.721279621
    0.831827641 0.277560145 0.979955852 0.267220974 0.73517561
    0.176716208 0.720193505 0.175908118 0.952082515 0.135061443
    0.619880557 0.724696696 0.0134388506 0.251479566 0.131079763
    0.890457392 0.600304425 0.0609665811 0.486985713 0.806889296
    0.698979259 0.00120636821 0.669039309 0.717484236 0.351636678
    0.370903611 0.905732691 0.837873042 0.183129102 0.0653887689
    0.266958594 0.192735404 0.714918971 0.31113404 0.0780603886
    0.966197431 0.459723264 0.902181268 0.207075626 0.90920341
    0.13279891 0.166016251 0.570148647 0.121687025 0.496021479
    0.297686338 0.712945223 0.740871727 0.701649845 0.36556077
    0.913042903 0.312148631 0.820221841 0.520800292 0.24836424
    0.93451488 0.505699515 0.0373662412 0.794951499 0.893373728
    0.942064703 0.586917162 0.18234992 0.793465018 0.102560639
    0.102785885 0.312332273 0.268128127 0.965126157 0.863269687
    0.878929317 0.46378541 0.860415816 0.372489899 0.941019714
    0.587015688 0.317592561 0.343556464 0.545696676 0.916471422
    0.608694732 0.781306267 0.850156307 0.764439285 0.828309536
    0.406670034 0.60164994 0.9960531 0.720533788 0.998087764 0.171126455
    0.608360767 0.694952846 0.420325756 0.21874854 0.181191146
    0.323671401 0.284288108 0.512749195 0.426622123 0.614973426
    0.914564312 0.337659001 0.86123085 0.363883793 0.0970802903
    0.979374766 0.0070233345 0.0573945045 0.827588797 0.261165738
    0.460811347 0.972608566 0.408751249 0.332564354 0.0374314189
    0.835328281 0.00451645255 0.720745027 0.551249027 0.850274146
    0.356523573 0.562936306 0.546404779 0.191013336 0.549952984
    0.385920614 0.528885484 0.152301967 0.268387437 0.680900931
    0.540296674 0.700596333 0.297705173 0.972797513 0.64418745
    0.0386542976 0.974724591 0.34240976 0.30034101 0.667181253
    0.146072775 0.759917855 0.242518544 0.0381253362 0.910783529
    0.309060812 0.639419615 0.437480688 0.907319784 0.967377245
    0.0524070263 0.739081383 0.871877074 0.497526914 0.663325608
    0.30085808 0.373415977 0.0134749413 0.17009002 0.87245059
    0.881936193 0.462985396 0.116467327 0.67576468 0.536238372
    0.137415618 0.684274137 0.0935296714 0.707162082 0.396506816
    0.267203152 0.407387465 0.930751562 0.772565365 0.211692631
    0.0851662457 0.740428984 0.643602014 0.595750332 0.534532011
    0.567626595 0.780085921 0.80316782 0.48457855 0.904532909
    0.358644396 0.589958727 0.71031332 0.688558936 0.774374843
    0.886856914 0.917347074 0.565982878 0.284270555 0.190118104
    0.726078391 0.202273309 0.632939994 0.591731668 0.47254923
    0.982394099 0.653943896 0.0265878737 0.737308741 0.529388011
    0.321060419 0.346295565 0.989010334 0.329381585 0.204118431
    0.865326524 0.0139573514 0.242885858 0.209973544 0.938448906
    0.585948825 0.225837648 0.815158129 0.0643507242 0.807743788
    0.408847451 0.414099038 0.66785562 0.232342631 0.508836091
    0.499222577 0.692831278 0.786774814 0.645754576 0.887367427
    0.737797439 0.903848708 0.654291272 0.477356404 0.0255293548
    0.927519083 0.861112118 0.373677909 0.869434118 0.624348998
    0.947167277 0.864016533 0.836264968 0.133432209 0.0474626124
    0.960620403 0.651712775 0.716277838 0.111144096 0.0559917688
    0.883463383 0.679888368 0.188310355 0.953606725 0.840049446
    0.823045969 0.0741582215 0.325922787 0.895639539 0.483506531
    0.606240451 0.282193899 0.701082587 0.46431002 0.80136776
    0.266124725 0.915621519 0.437552035 0.801900029 0.170828164
    0.61283952 0.493565768 0.418408811 0.800811052 0.716367722
    0.036356926 0.876381993 0.586110413 0.175776392 0.526239634
    0.887208164 0.62775588 0.901501954 0.934366941 0.189856023
    0.0627465844 0.52871877 0.0448940098 0.114754617 0.951962173
    0.436549634 0.0124990046 0.0397798717 0.377276599 0.226813227
    0.589916646 0.773368239 0.636884332 0.250750721 0.717287898
    0.697314382 0.327210963 0.404007077 0.443358034 0.95042491
    0.171199471 0.666913152 0.443114668 0.415989399 0.371455818
    0.721313238 0.780128598 0.966814518 0.83700794 0.17210722
    0.367250204 0.00122541189 0.458478332 0.969625711 0.927780151
    0.922976851 0.873787761 0.323940158 0.526498914 0.475213587
    0.19890976 0.914957762 0.614835441 0.515725791 0.649970293
    0.254849166 0.32266742 0.970210671 0.488391995 0.857860386
    0.313161671 0.57418716 0.46698159 0.0966466069 0.596464992
    0.394007921 0.415171564 0.239591181 0.50707835 0.179554075
    0.554829717 0.247701555 0.790668607 0.59257412 0.453786373
    0.697139263 0.306138277 0.958396077 0.81071049 0.256566018
    0.856046736 0.782748818 0.875017345 0.910342336 0.34931767
    0.508981645 0.0223881304 0.199406505 0.710801661 0.935317993
    0.184782743 0.194585294 0.183165967 0.585253119 0.720806837
    0.427175224 0.861358166 0.578494906 0.331322134 0.626008272
    0.133939058 0.140423268 0.442085862 0.636067808 0.109532356
    0.644402444 0.706320465 0.535260201 0.72394985 0.136991441
    0.634813368 0.842693806 0.478615463 0.0374874175 0.39117837
    0.662351727 0.123274684 0.250227809 0.0710442066 0.954493165
    0.77828747 0.287194639 0.733534336 0.62759012 0.0123247504
    0.170887589 0.0740552545 0.923648238 0.73915112 0.932691753
    0.637934446 0.798388243 0.583405316 0.554765642 0.494267195
    0.692810655 0.722317517 0.775847316 0.177304238 0.566992819
    0.318963498 0.394450486 0.371352851 0.203106403 0.517810524
    0.754551232 0.722115397 0.208613545 0.254895031 0.880271792
    0.860180259 0.149353564 0.228614837 0.538504243 0.349368989
    0.608824909 0.998619854 0.979427159 0.617543221 0.724761963
    0.197840214 0.982022285 0.100320041 0.113108158 0.381443173
    0.933369875 0.232193291 0.816694021 0.934662104 0.301963925
    0.483091295 0.968747258 0.872791111 0.590312243 0.509678721
    0.239094138 0.335718215 0.302302599 0.307842523 0.280408949
    0.659680068 0.316301227 0.992530704 0.0722619891 0.338631153
    0.721692801 0.494051158 0.168220609 0.914563656 0.304582983
    0.349617243 0.688957751 0.723467648 0.827412009 0.689096332
    0.863664925 0.421226919 0.591395557 0.110352457 0.0350867808
    0.13238886 0.221497893 0.747614145 0.990018964 0.144026428
    0.0879690349 0.590488434 0.397693753 0.351699531 0.403832078
    0.894604206 0.902388811 0.729381561 0.75784117 0.792893052
    0.558531165 0.689577937 0.0706920922 0.956361055 0.249987155
    0.90063858 0.946198583 0.900608182 0.197390467 0.0303001404
    0.322920024 0.798144639 0.43823272 0.881116629 0.655328929
    0.585541725 0.867266655 0.835298181 0.916121125 0.108148605
    0.582317412 0.4811261 0.308528841 0.713847458 0.0183003247
    0.974585652 0.825056612 0.938160419 0.0738580525 0.0137491226
    0.466768116 0.756661654 0.201035708 0.879607916 0.746251225
    0.655455709 0.780084014 0.878804743 0.766940594 0.23844102
    0.572900414 0.613989413 0.28746438 0.929457068 0.747659683
    0.300307393 0.68283546 0.414740562 0.873511076 0.386272669
    0.350992888 0.0924416184 0.812897205 0.361462176 0.749321342
    0.605897784 0.0866201222 0.24812144 0.317944527 0.244716942
    0.0531181693 0.517320096 0.831586599 0.945655048 0.381541938
    0.840437114 0.781185389 0.299409986 0.562327981 0.92059648
    0.70989275 0.212038547 0.938579261 0.888700604 0.869589865
    0.357146442 0.0226128995 0.407103151 0.375617266 0.266765356
    0.124333858 0.50203824 0.326649189 0.601075292 0.241497904
    0.446417451 0.166039526 0.411927402 0.253628969 0.0946865678
    0.542877972 0.523797333 0.477622509 0.179276824 0.427704424
    0.847665429 0.761736751 0.806397438 0.730564892 0.18578887
    0.538246512 0.0576425493 0.505858064 0.396973729 0.0482233465
    0.397028595 0.284559548 0.779885411 0.0384728611 0.518595159
    0.551870346 0.718028188 0.696569026 0.729673803 0.202677637
    0.385845721 0.226564914 0.0463222861 0.509994447 0.0301498473
    0.743709326 0.834395885 0.892784476 0.428160787 0.570587456
    0.0646285415 0.627043962 0.559370339 0.983028889 0.943005025
    0.284815431 0.21955359 0.354539275 0.994284928 0.737833917
    0.479866534 0.737412333 0.398555338 0.472546101 0.341565013
    0.0269989073 0.708260179 0.501369238 0.89454788 0.286831319
    0.781514525 0.217553169 0.449784338 0.333334088 0.132947475
    0.701062799 0.629541874 0.354550838 0.517401636 0.211546093
    0.371461928 0.751823902 0.0751828551 0.952290773 0.744511306
    0.976879478 0.931495488 0.497358352 0.85635215 0.442603678
    0.124579102 0.353004396 0.64500612 0.834927261 0.526450813
    0.0330555439 0.440534472 0.233953506 0.180677772 0.473912179
    0.656062007 0.846873045 0.0568919778 0.688188195 0.307057321
    0.103800058 0.994995832 0.557988048 0.312761128 0.650568306
    0.25171268 0.828442097 0.97993046 0.895742536 0.038988322
    0.311031848 0.448306769 0.450288236 0.353238404 0.29887569
    0.284648657 0.160296321 0.581370711 0.394050986 0.569003165
    0.630985498 0.456358373 0.0467695892 0.0969450772 0.859534562
    0.38931334 0.0501919985 0.986933827 0.28860423 0.606272697
    0.953960776 0.415869176 0.356099129 0.311451465 0.106755942
    0.312915981 0.248440534 0.454635203 0.143692255 0.280039221
    0.24350208 0.848083496 0.0487611592 0.400049835 0.673626423
    0.29191047 0.281033397 0.467682421 0.273361504 0.538322687
    0.760067582 0.124711633 0.908336759 0.427821845 0.973037243
    0.482784659 0.874980092 0.169853747 0.354530662 0.894627452
    0.66344732 0.204425782 0.629837453 0.169939667 0.82672298
    0.0252934098 0.545338571 0.420500815 0.684462607 0.747183681
    0.692143559 0.312541366 0.495753944 0.0176898837 0.825987339
    0.81269145 0.43263489 0.706089616 0.232736945 0.787877619
    0.415624321 0.64016813 0.537351847 0.127413064 0.918522716
    0.198884666 0.770040751 0.129074275 0.443669438 0.841721714
    0.982067704 0.313513637 0.590646625 0.0641520321 0.502372205
    0.235521764 0.400202364 0.414606392 0.363792688 0.170175135
    0.0639286935 0.0139941275 0.480283022 0.264706224 0.945186615
    0.785939336 0.484870225 0.573010862 0.969121933 0.103312701
    0.609812975 0.578748405 0.907717526 0.859502196 0.333028197
    0.853190064 0.345252812 0.205239743 0.644979537 0.561314702
    0.879092336 0.00849911571 0.472739607 0.601531684 0.11536476
    0.583836317 0.296992719 0.810782433 0.0168049335 0.122239947
    0.928136587 0.509076118 0.0382179916 0.92177844 0.117284924
    0.0347959697 0.953350306 0.315594018 0.597133875 0.773009896
    0.496400476 0.234614342 0.0367676914 0.537247241 0.632176161
    0.220978141 0.906317592 0.290610194 0.277554184 0.845377505
    0.727473378 0.482157648 0.0775421858 0.607215762 0.0199507475
    0.108586937 0.266428232 0.863271892 0.668272853 0.330642492
    0.426387966 0.72227186 0.273376286 0.797557712 0.619767308
    0.919030666 0.702613831 0.566246331 0.491326094 0.00896367431
    0.23265022 0.271263778 0.91752851 0.344102204 0.924654365
    0.414089084 0.181406587 0.845308065 0.171780497 0.762612104
    0.809956193 0.0208761096 0.767967343 0.889231026 0.323770821
    0.672474384 0.631622195 0.326205611 0.198651731 0.0992074609
    0.468313456 0.43225646 0.811399162 0.512905061 0.089643091
    0.696083546 0.58650893 0.612879813 0.611394286 0.334796846
    0.368126035 0.557877362 0.719420135 0.26142782 0.133516639
    0.525963426 0.806872785 0.331229866 0.737347186 0.895404816
    0.994476199 0.432312787 0.0357761085 0.874901831 0.32689774
    0.502967894 0.446683288 0.434912592 0.476752579 0.118909299
    0.851263463 0.80630374 0.697494388 0.488699466 0.499559343
    0.946194649 0.899873257 0.131962895 0.18714416 0.330599725
    0.486298352 0.35277319 0.506492794 0.545575857 0.905994177
    0.643250763 0.102089524 0.705103397 0.893024266 0.842189431
    0.767660618 0.998380661 0.583568573 0.061170876 0.953077912
    0.849711776 0.590656936 0.326919854 0.301420569 0.391767442
    0.877709448 0.614840329 0.450102001 0.480003566 0.309202492
    0.0815174282 0.0207433701 0.67627871 0.635891795 0.220401496
    0.33387658 0.244848162 0.506015003 0.578276932 0.735637307
    0.821432352 0.0279183686 0.606672645 0.587405384 0.625998855
    0.226392984 0.728899419 0.803121686 0.154095322 0.499484539
    0.907773495 0.0434430242 0.729807794 0.944367349 0.0857218802
    0.231402367 0.76267457 0.540141702 0.765387058 0.546842933
    0.499153316 0.559810221 0.605617046 0.37996152 0.961522818
    0.0787273645 0.57101059 0.137649715 0.398477554 0.0982401967
    0.223865688 0.277357966 0.181248724 0.871734738 0.037317872
    0.489681602 0.346245646 0.178377956 0.324564427 0.627285898
    0.961791277 0.868447363 0.852175474 0.560022175 0.160666704
    0.467000514 0.675622463 0.120322138 0.510484338 0.408720195
    0.610369802 0.24543488 0.49691093 0.48449111 0.281552255 0.962809801
    0.0557445884 0.0126746893 0.546710014 0.884709239 0.0207116306
    0.999179423 0.923878074 0.0362803042 0.964456797 0.0952384174
    0.955304265 0.483341545 0.988720655 0.773705959 0.496436536
    0.762413025 0.278279066 0.307758689 0.969109535 0.222461104
    0.583372474 0.870106459 0.626675844 0.435013026 0.0763063431
    0.47720018 0.219885975 0.979084611 0.818756819 0.888728619
    0.977651715 0.831978917 0.308962762 0.799925864 0.308420181
    0.364591122 0.679167628 0.132428378 0.947601199 0.735159755
    0.124985546 0.23666212 0.332252175 0.0402111709 0.93158716
    0.526624084 0.703113198 0.806501031 0.188837647 0.846829057
    0.230738014 0.968325555 0.0948214829 0.93136698 0.925500035
    0.852083623 0.814499736 0.295400918 0.983430266 0.125447512
    0.964331508 0.928713918 0.107218981 0.126502037 0.922076762
    0.0451311469 0.593894184 0.0746180117 0.338395417 0.570806563
    0.718527436 0.834489524 0.610833287 0.247175008 0.321676224
    0.414648414 0.697731733 0.705147207 0.943467915 0.794384837
    0.128072679 0.773322701 0.741612196 0.454533428 0.440769762
    0.851292253 0.254034936 0.0806375742 0.429727495 0.714841068
    0.802798748 0.193464756 0.143549204 0.32128486 0.933629155
    0.0152007043 0.864189565 0.278167158 0.529464781 0.461247802
    0.775057197 0.132293463 0.527516127 0.791252732 0.910730124
    0.55340004 0.905352831 0.0263901055 0.520010591 0.444232106
    0.187740862 0.770790219 0.0738107562 0.435468793 0.822610199
    0.563720822 0.0624508858 0.191249669 0.136505514 0.398294836
    0.126008123 0.548252761 0.539966762 0.748705804 0.975158572
    0.541893125 0.595762253 0.925277948 0.34488219 0.120371252
    0.0957885683 0.28701973 0.65595907 0.994637251 0.226733267
    0.602560699 0.888998389 0.0337353647 0.605611026 0.589170933
    0.628176332 0.065839678 0.890663147 0.298330307 0.068944335
    0.0881571472 0.930673957 0.802780747 0.624058306 0.587660968
    0.523031175 0.23210904 0.489727497 0.797285676 0.666981518
    0.810207248 0.169362724 0.764270365 0.85200572 0.73630172
    0.197324008 0.822382689 0.313476741 0.926060915 0.124120235
    0.939152718 0.103676021 0.312400103 0.0730577707 0.969143212
    0.707305431 0.644031763 0.00274065137 0.397554398 0.0933190584
    0.366898775 0.892525196 0.532495737 0.0454150736 0.137276798
    0.173622489 0.483187616 0.154946625 0.486037046 0.744168937
    0.372667968 0.820674658 0.0577061474 0.853101254 0.0573559701
    0.296217978 0.903951466 0.762599349 0.232335627 0.204299271
    0.550444841 0.209690273 0.796252608 0.118130594 0.961278498
    0.558958411 0.227680564 0.486933827 0.548227191 0.272420198
    0.980553806 0.202970952 0.941752911 0.845921993 0.668886781
    0.155102193 0.612914324 0.160647333 0.318554223 0.45551312
    0.213508606 0.800481677 0.160445422 0.830134869 0.931695938
    0.811635554 0.635790288 0.982562125 0.417632669 0.815055013
    0.864799082 0.122081399 0.303605705 0.0917028487 0.525699675
    0.688387394 0.0152027905 0.746790111 0.106223553 0.186743498
    0.632512152 0.995012045 0.450190663 0.283516645 0.095671773
    0.111879468 0.550991058 0.0811307132 0.914652824 0.938652039
    0.563258529 0.390806735 0.324954182 0.770741522 0.462040931
    0.0673376024 0.866672158 0.536486089 0.70456332 0.762996376
    0.334997296 0.332437456 0.844552934 0.867834568 0.385711074
    0.592526078 0.944395602 0.106039643 0.0318518281 0.285833657
    0.263145804 0.947811127 0.230773151 0.665983617 0.557014525
    0.497070789 0.0145684481 0.517598748 0.0412540138 0.571870267
    0.821209908 0.322852194 0.366692871 0.826320887 0.965838492
    0.0476525724 0.429936528 0.66940999 0.833762765 0.0589376092
    0.5404827 0.386706859 0.494446009 0.829932213 0.856278181
    0.698655009 0.473095655 0.458848625 0.492697567 0.654476225
    0.610849082 0.685925543 0.211294085 0.480056614 0.26234597
    0.82660377 0.59880197 0.954443097 0.329503179 0.313676119
    0.959264159 0.42127198 0.841167927 0.91351068 0.885611296
    0.633301616 0.0457399487 0.957311988 0.396960944 0.102863431
    0.095271796 0.779251218 0.34475559 0.188953221 0.716407716
    0.676140666 0.467050642 0.349361748 0.0315726101 0.342442513
    0.535527587 0.824809253 0.525826037 0.86958313 0.844202816
    0.834675908 0.751169741 0.268506199 0.919359803 0.574043989
    0.153608322 0.494180888 0.37746641 0.801407099 0.149618089
    0.435469836 0.349004298 0.780187488 0.149973959 0.529699445
    0.790287971 0.417788208 0.0276434422 0.803566992 0.817305684
    0.865137637 0.217643827 0.985279024 0.647215784 0.143885195
    0.781698823 0.156680286 0.73401767 0.178284734 0.688688874
    0.155075788 0.851600528 0.986225188 0.257347047 0.910928965
    0.588916421 0.587805927 0.119808763 0.864319146 0.370643735
    0.903799355 0.673016846 0.371666431 0.853757977 0.445046544
    0.635560811 0.681733251 0.848446131 0.383521199 0.990559161
    0.747258365 0.145809203 0.869179606 0.527858555 0.99635458
    0.217928231 0.287073255 0.641138434 0.478101432 0.376344144
    0.697147071 0.486930698 0.823187232 0.741874278 0.707116723
    0.0217975974 0.760814548 0.0594992638 0.287946165 0.479204208
    0.61193651 0.699164987 0.894322157 0.551693201 0.990441561
    0.294891059 0.230008453 0.598237634 0.261402965 0.978716016
    0.60867238 0.775152683 0.544733107 0.278566092 0.106610179
    0.884880722 0.954762578 0.616787672 0.420347571 0.919117689
    0.735263705 0.739396632 0.544019282 0.621986628 0.542906165
    0.788216949 0.816665649 0.0937337577 0.302505612 0.84099555
    0.335109413 0.909417927 0.329334408 0.509663463 0.873028874
    0.421388686 0.053260386 0.171263099 0.205399185 0.0914204717
    0.159009725 0.415504575 0.56168431 0.143806636 0.173715264
    0.735903382 0.644839048 0.839071453 0.305868566 0.682222605
    0.0916292965 0.105392575 0.325192511 0.179034173 0.583568931
    0.299360037 0.57624203 0.573572993 0.884380639 0.547008574
    0.285453081 0.138103962 0.72533834 0.0143803954 0.786212146
    0.930747092 0.838083863 0.413449556 0.540436625 0.153486729
    0.679903209 0.19464162 0.891580343 0.116212696 0.505997539
    0.178494781 0.0288102329 0.653383553 0.610524476 0.985957861
    0.00249421597 0.0656234026 0.24365285 0.592193544 0.906396866
    0.35953331 0.793519497 0.282489598 0.672215223 0.879392266
    0.423617482 0.389205068 0.762874126 0.615362465 0.966575027
    0.463359684 0.729096591 0.0206277072 0.491028488 0.036190033
    0.757637739 0.375383258 0.568817556 0.960687757 0.983177662
    0.0809519887 0.526867032 0.990273774 0.868492723 0.0366330147
    0.0202840567 0.861429334 0.584664166 0.30466041 0.970719159
    0.789564431 0.322185844 0.0229712427 0.762278318 0.742728591
    0.753064632 0.640747786 0.460143805 0.259262264 0.749050796
    0.990577102 0.80850327 0.533769727 0.850528717 0.801822007
    0.610483348 0.644532442 0.305373847 0.707469821 0.954757631
    0.106852263 0.0360835493 0.6155321 0.0337044299 0.198177755
    0.801643193 0.0734761357 0.261696994 0.477845639 0.168750793
    0.495101243 0.387887716 0.178386122 0.498137534 0.427161723
    0.744603813 0.84274435 0.703502953 0.258480608 0.981023312
    0.0589644611 0.411017776 0.117297113 0.536108196 0.557407916
    0.0484297574 0.796622634 0.128341019 0.948627949 0.489818633
    0.415213794 0.79023397 0.254557967 0.420560062 0.0978648961
    0.0794788599 0.082010299 0.304675072 0.364493787 0.881048679
    0.888198972 0.912511945 0.608831108 0.748531997 0.509045184
    0.26489085 0.474550784 0.850545287 0.12366724 0.187308848
    0.607158601 0.614668667 0.997264564 0.185635686 0.450103283
    0.87116009 0.806776881 0.542127609 0.600597084 0.187684804
    0.747121334 0.0971550941 0.3677845 0.700386405 0.00649639964
    0.500705004 0.418432236 0.81365788 0.426455319 0.197587132
    0.996665835 0.925081432 0.472255886 0.0226394832 0.223754644
    0.0075109005 0.520632565 0.819685221 0.592686772 0.336182654
    0.0739322007 0.418960392 0.973172188 0.0248912871 0.219780862
    0.130709589 0.745682716 0.481709272 0.487509966 0.0243706107
    0.432250381 0.673622966 0.691506207 0.725107551 0.795647979
    0.397687554 0.49690184 0.356900513 0.103686094 0.16839245
    0.0157404244 0.456972241 0.68444854 0.559090376 0.0657804906
    0.012503475 0.0399672091 0.811669111 0.0542016327 0.633162916
    0.368250668 0.556906044 0.144024312 0.877995729 0.921408653
    0.0346875489 0.492439061 0.685253143 0.617909431 0.145696223
    0.772595763 0.122619987 0.209943116 0.541956663 0.193622082
    0.110803604 0.590318978 0.204369426 0.81248951 0.939541221
    0.169166028 0.0335582793 0.121808738 0.645587087 0.468576461
    0.366921544 0.0844460428 0.989302576 0.419060588 0.144668519
    0.160958976 0.438106656 0.639956713 0.186546326 0.893161058
    0.109544039 0.727111578 0.352220714 0.963462949 0.5309062
    0.381314546 0.855584919 0.521007419 0.0713038743 0.391296953
    0.637667179 0.166137546 0.935166359 0.656726778 0.471624643
    0.0154890418 0.236150235 0.431896448 0.295201004 0.540368736
    0.804783106 0.560018957 0.225226879 0.127015412 0.326977372
    0.034209758 0.809768677 0.559284329 0.0789013803 0.577791393
    0.0595262647 0.485491246 0.0597500205 0.119012207 0.935527325
    0.49971211 0.354413122 0.483261585 0.365095258 0.906482279
    0.227770329 0.596549392 0.0692273676 0.099244386 0.277839601
    0.558449626 0.462520987 0.92179364 0.0360735357 0.352582902
    0.772744298 0.780112028 0.391815752 0.266656548 0.833012462
    0.152848661 0.263611346 0.4635607 0.94308728 0.202050716 0.768954873
    0.0179337561 0.98293376 0.360901982 0.920733213 0.187915981
    0.15116179 0.835456371 0.886767805 0.10864681 0.25147891 0.650496066
    0.428845853 0.121413618 0.959079266 0.442114413 0.458006173
    0.478948563 0.920945764 0.0793325305 0.252904207 0.232224911
    0.662683308 0.396897227 0.430275977 0.604221165 0.926758051
    0.853996694 0.307439387 0.382805556 0.234851539 0.209342182
    0.14477101 0.229806066 0.376890302 0.743864775 0.435856223
    0.630772352 0.260620594 0.886914134 0.113907874 0.895986617
    0.659674346 0.934520304 0.10149169 0.207581788 0.398453832
    0.863543808 0.583471239 0.441429228 0.749548435 0.751529396
    0.780080557 0.0887273848 0.728863537 0.246706158 0.595107198
    0.794898272 0.416509658 0.569140136 0.826666057 0.010227859
    0.135365009 0.636173725 0.806792557 0.13086763 0.807199538
    0.561453342 0.783854425 0.835818052 0.784203053 0.88574028
    0.265158772 0.339636743 0.618197083 0.176739752 0.65231359
    0.602214694 0.683652878 0.514760852 0.116104037 0.69483459
    0.906034768 0.0442457795 0.956998527 0.269274265 0.998811841
    0.0646238923 0.788343072 0.525902152 0.511623383 0.775183856
    0.946016788 0.105291635 0.0157255232 0.223331273 0.292346656
    0.603533804 0.475104898 0.461124599 0.227042019 0.770445228
    0.67555666 0.542551935 0.717527092 0.709188759 0.852352142
    0.429172903 0.168536425 0.392219186 0.0433922112 0.147967905
    0.120315045 0.807030618 0.83874625 0.772047639 0.877975762
    0.556474149 0.735658884 0.248919517 0.043379128 0.235090762
    0.977172613 0.584687829 0.989283144 0.124369085 0.628059566
    0.558988094 0.361903876 0.593018234 0.396850646 0.132652491
    0.0318998098 0.359757543 0.0430466533 0.290915966 0.287837029
    0.188841581 0.473819882 0.00609394908 0.75643158 0.723926187
    0.0556327105 0.0857336223 0.299841225 0.459944963 0.647302687
    0.159979165 0.0952425003 0.198029935 0.557403684 0.867423832
    0.133980781 0.607156038 0.976507545 0.808551252 0.111330092
    0.613735378 0.425039083 0.329674959 0.427431405 0.596031368
    0.356360495 0.597328007 0.623974562 0.0155886412 0.0409366488
    0.650518835 0.44638294 0.44166109 0.799929857 0.541440248
    0.515647709 0.760046601 0.9451074 0.531054497 0.220302641
    0.0342873931 0.333591759 0.885374963 0.951856434 0.324296296
    0.586298704 0.526344359 0.266658694 0.179406077 0.731874883
    0.558858573 0.239294112 0.399562508 0.741678417 0.303008169
    0.573882103 0.580315709 0.977902949 0.852055907 0.185251892
    0.92034924 0.706802011 0.627331257 0.218081772 0.184244812
    0.743118167 0.385177076 0.481522471 0.1136747 0.449620306
    0.398439705 0.445490718 0.678681612 0.508522153 0.645942211
    0.014737606 0.697966576 0.640654624 0.91629529 0.209131032
    0.603084862 0.887378216 0.360836953 0.0241639912 0.259343326
    0.217770308 0.845850825 0.0546214879 0.734457731 0.119170278
    0.328353822 0.422995508 0.338626266 0.516603351 0.143923104
    0.0712345839 0.548919976 0.451391816 0.159581214 0.739757121
    0.772482693 0.0519680083 0.393087029 0.634034216 0.248838127
    0.989661157 0.896070063 0.0636759996 0.785341144 0.908208251
    0.290700674 0.175344646 0.682920575 0.117719531 0.33524555
    0.529147029 0.836683154 0.217125684 0.55799824 0.079257369
    0.123323828 0.016782552 0.963123798 0.698765576 0.763454556
    0.000525087118 0.334921598 0.679839134 0.106398612 0.550920844
    0.153567702 0.819821954 0.425562501 0.871863186 0.288229942
    0.236678183 0.221427143 0.214195579 0.980460644 0.534291565
    0.191765964 0.743286431 0.200260997 0.92458576 0.103597939
    0.663223445 0.826774299 0.144421279 0.915553272 0.416168034
    0.720642328 0.720754266 0.169548631 0.472891092 0.742229939
    0.616285503 0.871869445 0.838431478 0.354227811 0.432510674
    0.223145038 0.0844085515 0.592216671 0.790415585 0.026607424
    0.0544615984 0.529057622 0.00754243135 0.768098772 0.361394644
    0.716546655 0.645807087 0.745258093 0.164560378 0.683971763
    0.593896508 0.771994233 0.513278127 0.508086681 0.302635878
    0.989110112 0.722534418 0.189829886 0.250932813 0.838742137
    0.847890735 0.381647825 0.798220336 0.742177367 0.756162286
    0.302904308 0.924294293 0.65577507 0.558242917 0.49971804
    0.353370726 0.27543503 0.0774171352 0.26397717 0.639930665
    0.720800042 0.373694181 0.478269517 0.0292248726 0.468592972
    0.62700963 0.0594316125 0.458331734 0.0423227847 0.652157009
    0.652899921 0.907372475 0.392173797 0.268570244 0.743234754
    0.479434758 0.698598385 0.220063925 0.59943372 0.517324328
    0.75827837 0.768348694 0.753264725 0.810890913 0.587494195
    0.783043861 0.253837228 0.312435538 0.965582132 0.934148192
    0.263882101 0.664598942 0.568332434 0.169361472 0.23783192
    0.265362173 0.784427047 0.470632225 0.880029082 0.0971785486
    0.53554529 0.000509381294 0.110932142 0.392110914 0.273009062
    0.224792957 0.86258769 0.46534723 0.231173784 0.74945879 0.183393896
    0.63227123 0.0809744895 0.777925134 0.549027979 0.827163219
    0.234800398 0.409833372 0.00772660971 0.600416422 0.241383582
    0.811330736 0.0476962328 0.922622681 0.149329573 0.68806529
    0.439575613 0.527573645 0.638352513 0.930416763 0.712245226
    0.601514161 0.91581881 0.815740705 0.0962539017 0.620961607
    0.77288425 0.631474853 0.494176745 0.571751058 0.962975383
    0.0316695869 0.489261836 0.281301945 0.513774157 0.873995304
    0.940882266 0.79345423 0.417971253 0.273483157 0.425222427
    0.785352051 0.569847047 0.478413105 0.155378759 0.0110881329
    0.653410971 0.248025477 0.618587792 0.199021518 0.584511161
    0.853059173 0.975756109 0.427962452 0.654005408 0.501795769
    0.884102941 0.459905028 0.649651229 0.351382792 0.691669166
    0.394885987 0.888740003 0.91772759 0.69853282 0.613399744
    0.550534129 0.941264808 0.759207308 0.466242254 0.864935815
    0.790959716 0.00991469622 0.549644709 0.110225171 0.627871335
    0.307297051 0.670221329 0.995844543 0.873497367 0.0665451884
    0.694093287 0.911155701 0.415867716 0.308834195 0.344122142
    0.551930487 0.928007662 0.807783246 0.308912873 0.01429528
    0.347595781 0.94626677 0.261668742 0.414361477 0.00100937486
    0.180426419 0.0675971508 0.940824866 0.475709587 0.315956324
    0.80706799 0.545314908 0.454802543 0.853060603 0.0933190286
    0.200283796 0.547623217 0.317492187 0.794171453 0.911574125
    0.489133805 0.0657779872 0.63610518 0.875141859 0.924733162
    0.693450034 0.801204443 0.142234683 0.0476642847 0.194133371
    0.162920445 0.518218279 0.552876413 0.951706052 0.509187937
    0.174313933 0.850799859 0.563976765 0.761089146 0.334960788
    0.764062405 0.299223185 0.823636889 0.398863912 0.862646937
    0.386082709 0.617774725 0.0583859682 0.654221654 0.337104082
    0.619184494 0.485349238 0.563165069 0.643407345 0.532719731
    0.730602264 0.503826916 0.774508953 0.851847053 0.892351985
    0.670699358 0.0797945261 0.650570631 0.921985686 0.0924778283
    0.423890024 0.163221925 0.309968561 0.846614778 0.573744416
    0.286727756 0.136333764 0.835474849 0.656204164 0.798567772
    0.0285611749 0.878254592 0.524542749 0.0753333867 0.390677214
    0.986574411 0.586440623 0.985865116 0.248899132 0.117913991
    0.30161047 0.30344674 0.540624857 0.951012015 0.0769108236
    0.0343904495 0.54645896 0.657200038 0.743673325 0.217493653
    0.99783361 0.442169994 0.538631797 0.97483933 0.193593442
    0.738755703 0.371804953 0.745123804 0.0744820237 0.756679654
    0.140415698 0.145895541 0.875941813 0.888062239 0.354005754
    0.391730577 0.813977778 0.482119411 0.0812467337 0.568003237
    0.687770367 0.0912100971 0.371266723 0.395757139 0.843435168
    0.927084923 0.824459434 0.897015333 0.401429474 0.592358351
    0.961007833 0.0713043213 0.0989693105 0.462471455 0.77706641
    0.464916438 0.976357818 0.958153546 0.593968749 0.804652572
    0.722516894 0.271656752 0.00418433547 0.852382302 0.912499666
    0.450351804 0.57124275 0.737666726 0.267831326 0.550450265
    0.652604163 0.131002307 0.396317899 0.319562823 0.441969156
    0.664812326 0.442689657 0.806175411 0.0913448036 0.377473295
    0.6147995 0.900035024 0.660403132 0.828326464 0.0259493887
    0.715430439 0.758100748 0.794160724 0.493393809 0.67787081
    0.780299664 0.550940514 0.304720432 0.883209229 0.348159969
    0.827453315 0.465828449 0.356928855 0.992079735 0.912846446
    0.691259563 0.850925684 0.0641827881 0.428083479 0.439069003
    0.724768639 0.667681992 0.0476904809 0.406255782 0.595143497
    0.191943437 0.198164105 0.980340064 0.585619688 0.294665009
    0.342037499 0.37547335 0.178446859 0.857460856 0.318517834
    0.121810794 0.769119978 0.750657022 0.610512316 0.660388768
    0.963619411 0.220076472 0.220204681 0.915763736 0.998778582
    0.042104423 0.924030125 0.654269397 0.38364172 0.0671635866
    0.755198777 0.902742028 0.358808279 0.0725773573 0.711127162
    0.530811429 0.747551978 0.192071199 0.479542881 0.289251447
    0.400329113 0.999337375 0.838836312 0.124592245 0.78770715
    0.768210649 0.93302089 0.365364015 0.582770169 0.537207484
    0.129595071 0.938156128 0.577242076 0.782359838 0.728636026
    0.722332716 0.373145401 0.600471199 0.751024067 0.138454556
    0.619504333 0.603178263 0.223744124 0.109119534 0.939561009
    0.965157807 0.598930359 0.944038153 0.555039525 0.619749188
    0.321766347 0.82087028 0.468151629 0.368439019 0.952387333
    0.543276191 0.937414169 0.185453266 0.901229978 0.441067755
    0.367854476 0.631934166 0.328314006 0.611630321 0.0913254619
    0.841008067 0.517036617 0.19704175 0.319370419 0.979896903
    0.634426177 0.944332719 0.831247568 0.589680493 0.711348414
    0.0174193382 0.973746955 0.893851101 0.788607776 0.156988025
    0.520837486 0.930352807 0.0359522104 0.483441055 0.806810856
    0.395168006 0.239796549 0.0944482982 0.607481003 0.154996425
    0.146737188 0.710145354 0.95886755 0.757765412 0.705865204
    0.31933099 0.167819113 0.0294964015 0.405180186 0.817763209
    0.338133365 0.240636021 0.762394011 0.19431901 0.17375508
    0.728758156 0.805173278 0.267994404 0.667420208 0.761011541
    0.295200258 0.974431336 0.374753267 0.718356133 0.273969829
    0.380108953 0.485146731 0.304768562 0.940111279 0.140120625
    0.858215332 0.189129651 0.369284093 0.435001254 0.712748766
    0.615310252 0.0732436478 0.206319958 0.302718043 0.596636355
    0.0301505923 0.439600557 0.752519727 0.615724802 0.72383213
    0.469759822 0.509587407 0.333803207 0.965825677 0.821510077
    0.492073208 0.346138239 0.602203965 0.487416089 0.676866531
    0.000894904137 0.697665036 0.506511331 0.157045186 0.549700141
    0.615031421 0.194473922 0.525879264 0.763915062 0.0697695613
    0.721915424 0.644203782 0.909004152 0.329430848 0.377027661
    0.384883732 0.570295691 0.690185606 0.991439104 0.525596499
    0.198275179 0.291784525 0.20482105 0.201197177 0.894352376
    0.728325605 0.971827149 0.929783702 0.861217856 0.532896459
    0.785042286 0.263591886 0.0532271266 0.854673743 0.4277955
    0.025362283 0.537907422 0.611200154 0.480277151 0.305327535
    0.672601759 0.745550096 0.270509779 0.516905785 0.849426806
    0.189324617 0.578766167 0.282903522 0.260816306 0.649330974
    0.531906188 0.415086538 0.0127474964 0.344636261 0.891933024
    0.885340154 0.438415229 0.101127446 0.0345075428 0.988562584
    0.534004867 0.371149242 0.371795475 0.743575573 0.17341882
    0.187321156 0.908295929 0.0871061385 0.0586821437 0.732965887
    0.576147497 0.870616078 0.403207153 0.352588117 0.125969708
    0.528853118 0.756225705 0.761039317 0.0990092754 0.513174891
    0.276893198 0.15508166 0.962495506 0.224608064 0.246606529
    0.717610121 0.0607068241 0.598194242 0.601221859 0.186406165
    0.187894344 0.832350314 0.978660583 0.103026509 0.683919966
    0.910600722 0.714567959 0.683257043 0.15733245 0.143408507
    0.358478725 0.938043475 0.823137164 0.763188422 0.990918994
    0.0909770131 0.86025691 0.323429644 0.714273572 0.375971675
    0.974508762 0.186117262 0.28613928 0.489724874 0.561384857
    0.341281176 0.745085597 0.662542164 0.233224243 0.161180973
    0.394230783 0.151431143 0.326426864 0.327829093 0.226664633
    0.628182888 0.198462307 0.807621241 0.882371664 0.397995114
    0.220621198 0.351798058 0.129454553 0.029653728 0.102314532
    0.81816721 0.310899973 0.559599102 0.923085332 0.52252388 0.70230931
    0.535375178 0.230244398 0.27852574 0.868919373 0.0661799908
    0.916854203 0.989578903 0.0912657678 0.805842876 0.787751555
    0.0466127396 0.694420338 0.982129574 0.482780963 0.65475601
    0.765424252 0.556493759 0.482225925 0.514949739 0.494073212
    0.762604773 0.486049235 0.605247557 0.254502833 0.723392785
    0.597308457 0.737183809 0.651913762 0.786947012 0.208700746
    0.351181448 0.490434825 0.907774925 0.521609008 0.380533665
    0.490050644 0.696268797 0.502078772 0.251305699 0.884990633
    0.951179028 0.113122046 0.0196240544 0.355890095 0.755614877
    0.166567951 0.976055861 0.32702148 0.114160925 0.622502029
    0.862711787 0.0879999995 0.615361989 0.510991454 0.151098758
    0.822639704 0.00249883533 0.674680173 0.4660092 0.646882892
    0.100382805 0.69784385 0.481121838 0.048576802 0.171089798
    0.592914045 0.763063252 0.129681677 0.473614156 0.00507065654
    0.662193418 0.203588963 0.288518548 0.701863408 0.642593622
    0.817126155 0.88859117 0.601335168 0.348082125 0.757402539
    0.718814433 0.569128931 0.0256601274 0.83651346 0.704027414
    0.504576564 0.607192278 0.273376465 0.457057297 0.537778854
    0.729255855 0.813058376 0.922104716 0.261584848 0.434035003
    0.291863859 0.389995515 0.369500309 0.0900120437 0.0816837251
    0.111238778 0.335141122 0.80713892 0.546939194 0.0575997531
    0.553560674 0.557141662 0.318133444 0.0867248774 0.74245882
    0.0711593926 0.261525869 0.756494284 0.423100233 0.15845266
    0.318966269 0.753507495 0.904433966 0.930967689 0.702098906
    0.429006428 0.402265012 0.126171172 0.51209414 0.2757442
    0.0724330842 0.816897631 0.0768184662 0.846098185 0.599678814
    0.246406466 0.691757977 0.316004425 0.409154564 0.116851032
    0.702332675 0.806786418 0.357265174 0.0716761947 0.746856153
    0.721272349 0.526745021 0.946870089 0.54545331 0.22761026
    0.363214552 0.526169181 0.884424806 0.858528197 0.228639424
    0.0308087766 0.168402463 0.0575118065 0.693945587 0.546597958
    0.923542619 0.802106082 0.888353884 0.238132358 0.620401502
    0.3160097 0.101584464 0.853517294 0.473417729 0.150783092
    0.408401757 0.765140355 0.547847748 0.136905462 0.929819107
    0.66934526 0.179923177 0.248865873 0.023396641 0.090084523
    0.923880458 0.176706016 0.412656307 0.649730623 0.1732741
    0.214288175 0.981757045 0.884501159 0.357143104 0.86970222
    0.519152939 0.778311849 0.558760166 0.303489804 0.231001288
    0.810415626 0.888354421 0.472631454 0.265044153 0.158081561
    0.575841546 0.296951771 0.0631471574 0.693364859 0.74720794
    0.235738605 0.544954062 0.807457626 0.394663692 0.799895287
    0.064011097 0.0616449416 0.594991446 0.580893219 0.771012843
    0.110863328 0.52294594 0.238403171 0.624619842 0.63791573
    0.934050798 0.45514679 0.0611948669 0.762089133 0.977823138
    0.149493039 0.40520525 0.475305587 0.501148999 0.586601138
    0.252076745 0.105259031 0.44997716 0.164604813 0.13921684
    0.246128798 0.597811937 0.973215222 0.9348225 0.671199918
    0.173038393 0.293248177 0.671393394 0.338514149 0.557627976
    0.0775913298 0.618715703 0.664547622 0.451999664 0.347820073
    0.89689219 0.0805290639 0.622722685 0.555199325 0.440574139
    0.489771843 0.944319725 0.831551015 0.145882785 0.465832978
    0.150582075 0.141318738 0.714159727 0.150755584 0.645374477
    0.899395227 0.235463142 0.447414994 0.773405433 0.428155988
    0.672702134 0.768185139 0.479840368 0.0373136401 0.863480866
    0.790702462 0.55544591 0.671999037 0.719480395 0.0937228501
    0.230333149 0.957333744 0.0406216681 0.854374886 0.927610576
    0.405370235 0.963131547 0.328803897 0.934110284 0.537029266
    0.708823323 0.796308637 0.627368808 0.234773189 0.395066142
    0.10356763 0.575724602 0.377236843 0.201674908 0.222342253
    0.752149701 0.334649205 0.218736261 0.72675693 0.543671846
    0.958991885 0.223427325 0.403480142 0.483197927 0.333966017
    0.304818898 0.0796029568 0.249142975 0.979700804 0.89076376
    0.356350958 0.871328473 0.0827688575 0.48902449 0.306645095
    0.626803398 0.795528769 0.335358143 0.517199397 0.583424091
    0.701615453 0.373762727 0.783421338 0.251963496 0.848686814
    0.307087779 0.118018895 0.173060268 0.747637153 0.429052353
    0.649341941 0.46700871 0.1655671 0.462694913 0.898682594 0.68799752
    0.339900792 0.191444188 0.192483246 0.391812146 0.869472027
    0.964607239 0.285431564 0.277459323 0.625638068 0.904434562
    0.647749305 0.711987436 0.615621328 0.836963415 0.929869294
    0.836927652 0.0343470573 0.540516794 0.538659692 0.616889119
    0.442501366 0.000910103321 0.880872965 0.0188088119 0.484802306
    0.31985876 0.6737836 0.209009141 0.138895959 0.612684488 0.536938906
    0.695559621 0.939339519 0.830132246 0.186060786 0.752408981
    0.288217366 0.179021448 0.592537045 0.819422007 0.364689201
    0.304503202 0.668356776 0.0215752721 0.762360454 0.850837708
    0.758381009 0.683500648 0.402909964 0.794474483 0.819388866
    0.49446699 0.0720131099 0.131860107 0.664138436 0.684598744
    0.482235342 0.123485714 0.597813904 0.209618032 0.411857456
    0.640611649 0.0517649949 0.922694683 0.737920642 0.526927292
    0.352983832 0.370530069 0.256896675 0.532553494 0.539276302
    0.109485596 0.730408669 0.297774136 0.538547218 0.0304629207
    0.164400488 0.305308342 0.0917335153 0.829257429 0.148242265
    0.151795924 0.340099931 0.0387999117 0.244999439 0.427962959
    0.323233247 0.801436365 0.459753901 0.222673923 0.435518354
    0.911060333 0.907664537 0.850959778 0.599911511 0.0832732916
    0.584856391 0.625182152 0.181956083 0.477261543 0.0492844284
    0.703221917 0.516825914 0.205167562 0.0223084688 0.0123738945
    0.220090538 0.973464251 0.0647595227 0.643105447 0.626757979
    0.777255356 0.106008023 0.937294126 0.748575091 0.179730505
    0.30670464 0.955446362 0.977975488 0.15605846 0.998188376
    0.645500422 0.245573163 0.459023893 0.657963872 0.684241176
    0.427166462 0.882879496 0.564143419 0.548588932 0.186301589
    0.229417473 0.701676607 0.407618105 0.429201782 0.700540662
    0.803801537 0.701847851 0.454807132 0.647812247 0.593402803
    0.947461784 0.703719318 0.895512462 0.0455872118 0.419692993
    0.985779583 0.833304524 0.116532326 0.654408813 0.234473407
    0.82023263 0.504906356 0.593018174 0.466943055 0.524824858
    0.350523502 0.338357359 0.861713707 0.999744534 0.158293992
    0.0848354697 0.967613339 0.384165645 0.151781917 0.562072933
    0.577280998 0.257125795 0.16380766 0.210175127 0.776568472
    0.759323597 0.689321637 0.475204557 0.359456867 0.518519998
    0.570702672 0.828541756 0.500750422 0.650976956 0.953759432
    0.0779232979 0.94719398 0.746355474 0.657610595 0.774301887
    0.730472922 0.70519048 0.738426566 0.830873847 0.0872329772
    0.160185575 0.977848291 0.0894022584 0.609568477 0.832461596
    0.966193736 0.172214091 0.901802301 0.172041297 0.396625221
    0.797249377 0.301417351 0.692504585 0.809257865 0.375165969
    0.308748901 0.615881562 0.156775445 0.663906395 0.421904087
    0.0104086101 0.485792518 0.623605311 0.90782398 0.460584491
    0.397547573 0.791517496 0.707190514 0.787918031 0.449049264
    0.357411414 0.342684507 0.946632802 0.346764982 0.91271317
    0.820469201 0.480087429 0.440881968 0.505892992 0.106044441
    0.112865508 0.538590908 0.768217444 0.466844141 0.703428984
    0.676098466 0.0263463855 0.25616473 0.822455525 0.24997133
    0.790742874 0.0493296087 0.418561518 0.279709041 0.234112531
    0.302329361 0.476795435 0.623299778 0.190182447 0.739413738
    0.0188399255 0.627034187 0.0625070035 0.0382750332 0.777792454
    0.647137463 0.0756167173 0.680795014 0.360674381 0.541189253
    0.761631429 0.203874469 0.381114781 0.446814477 0.902939439
    0.57831341 0.956273317 0.24078241 0.933185935 0.442444116
    0.573239088 0.946830511 0.692310274 0.544428647 0.341884643
    0.96784842 0.582429171 0.663616121 0.665371895 0.986007512
    0.671339691 0.585777402 0.00234153867 0.590858102 0.71706146
    0.617450356 0.822267532 0.0755407512 0.218194485 0.901105642
    0.457389742 0.0420662463 0.29391557 0.310972124 0.412973434
    0.493928283 0.189617872 0.815195799 0.0942786336 0.963575244
    0.0464193523 0.449373454 0.968769848 0.0161550641 0.606878579
    0.957636714 0.224069595 0.137703866 0.677376091 0.589378297
    0.0232613981 0.726416051 0.542909563 0.0332497954 0.582108438
    0.727439702 0.241878122 0.676305175 0.941020191 0.287765086
    0.927110612 0.702532589 0.210311681 0.593575239 0.207770616
    0.894492209 0.797647357 0.257885307 0.847175598 0.901915133
    0.544767499 0.54210043 0.0739282966 0.826479673 0.088922143
    0.186478078 0.36459893 0.570538461 0.014796108 0.194210857
    0.380897164 0.764822781 0.525514305 0.625460625 0.0236578286
    0.583371282 0.575813651 0.0718328953 0.336201519 0.422351182
    0.0387121737 0.849581838 0.203042209 0.00818097591 0.861593962
    0.42088303 0.0608142912 0.439378977 0.705137253 0.493655592
    0.0436074734 0.501282811 0.193206847 0.647507846 0.0957109034
    0.594884813 0.924527407 0.169854492 0.0716770291 0.666193306
    0.838397264 0.696418762 0.210318953 0.0969447196 0.381755263
    0.134368598 0.90536201 0.362211376 0.897628725 0.296145201
    0.602423012 0.321947217 0.132391483 0.757683396 0.623942852
    0.143753797 0.823802173 0.732871294 0.700123489 0.508132339
    0.7528795 0.502976954 0.528674126 0.227652878 0.719608486
    0.282716006 0.918030322 0.911802769 0.849190354 0.592568278
    0.273528516 0.629570723 0.962463856 0.600835383 0.765548348
    0.861656785 0.348939538 0.836226225 0.507692754 0.527693629
    0.855983853 0.581499934 0.182404906 0.718600571 0.149347693
    0.854983091 0.559829056 0.314971745 0.4303267 0.325447679
    0.310627401 0.996937633 0.471395135 0.367769867 0.550155044
    0.722841084 0.20385462 0.741634846 0.420163691 0.117630124
    0.580812395 0.220659047 0.392835677 0.524339855 0.788927913
    0.838357329 0.768695354 0.7499879 0.875619233 0.193521768
    0.958134055 0.75022316 0.478589475 0.204031348 0.622553945
    0.826433599 0.279521465 0.873049974 0.179477781 0.097160995
    0.938549578 0.134914517 0.502110362 0.875681639 0.800538242
    0.962043464 0.952553749 0.951452374 0.242107779 0.521124661
    0.666786909 0.328181148 0.0334468484 0.955232859 0.702491164
    0.335831136 0.113155842 0.119089991 0.0222840011 0.831486821
    0.19088316 0.360651642 0.636437178 0.015248239 0.464249134
    0.238780022 0.260743022 0.0261594355 0.906632543 0.743817687
    0.825489938 0.104644775 0.889087915 0.754381359 0.894524097
    0.797029972 0.74470216 0.174233019 0.956776142 0.307315588
    0.933077037 0.101070851 0.0505485535 0.15220505 0.503024459
    0.77053678 0.540293872 0.544428527 0.304917634 0.865945458
    0.236997902 0.874120712 0.687891543 0.951318264 0.294238508
    0.111408055 0.952010393 0.98932004 0.261514008 0.523540497
    0.213746428 0.445534825 0.999133587 0.20216608 0.0929987431
    0.547003508 0.230687648 0.966858506 0.489576876 0.296560019
    0.838784814 0.936365247 0.333801627 0.180205822 0.0971835852
    0.508324802 0.653015614 0.6416803 0.86960721 0.684791386 0.580010414
    0.0318423212 0.950299025 0.253748357 0.267341942 0.119943798
    0.744872868 0.385728866 0.444603801 0.424922496 0.880634129
    0.0662376285 0.665044367 0.21377784 0.58671385 0.228020936
    0.281646937 0.216959566 0.33974129 0.17206043 0.694836974
    0.198941678 0.416226119 0.678161263 0.439889878 0.892686903
    0.351542711 0.919026375 0.731410623 0.53158915 0.665562332
    0.0796480477 0.85155344 0.60531497 0.982598186 0.156798482
    0.0223329961 0.308487236 0.167468518 0.818549633 0.486725897
    0.11035192 0.128433406 0.706775546 0.865565419 0.720400214
    0.20480901 0.873175204 0.0525166094 0.930027902 0.162359267
    0.243051022 0.86225462 0.683469057 0.1505391 0.737667322 0.640080988
    0.853185475 0.125854224 0.338899016 0.420867294 0.611531734
    0.916342735 0.730688512 0.429424733 0.757580042 0.0158725381
    0.391151011 0.536469996 0.692929327 0.0146037936 0.929611683
    0.314766705 0.725667596 0.680977762 0.0260671377 0.868236303
    0.567275286 0.420525283 0.682020009 0.561915457 0.647264123
    0.812179327 0.922960401 0.301585793 0.422240645 0.944201767
    0.66832757 0.859890997 0.592143297 0.165327847 0.0590959191
    0.559359252 0.136161655 0.957478106 0.254185855 0.362312317
    0.405488908 0.518238783 0.053052485 0.588107705 0.949567318
    0.619898558 0.811386943 0.484276205 0.846799612 0.107524723
    0.50080359 0.57249397 0.327008009 0.159777492 0.133707583 0.59961766
    0.937520623 0.947082877 0.767712772 0.478558719 0.516726553
    0.802530944 0.453674585 0.79016912 0.407115728 0.0604140162
    0.451178074 0.744844913 0.518969893 0.898990989 0.910561085
    0.567983627 0.664539874 0.577551842 0.621530831 0.230427533
    0.219847053 0.781196952 0.0634160042 0.741547644 0.215602219
    0.624914229 0.25951314 0.502093196 0.625711203 0.661682069
    0.0856191218 0.0244146585 0.99231708 0.862883151 0.220045388
    0.328972042 0.618291497 0.341045946 0.960380673 0.524809182
    0.315903842 0.989921927 0.963625789 0.277627707 0.403930604
    0.749723136 0.874623895 0.680197418 0.587529063 0.322180897
    0.640570998 0.345154315 0.952316165 0.914656758 0.486773401
    0.332727134 0.443384618 0.859544396 0.277921021 0.252899915
    0.990918338 0.475471377 0.751387835 0.118062288 0.950501561
    0.94129467 0.715965152 0.300883293 0.555038393 0.0822682679
    0.217762321 0.980933011 0.68797946 0.666565239 0.279713452
    0.952126622 0.0697219372 0.827132761 0.24120006 0.716724038
    0.0738635361 0.00129884481 0.434606254 0.932706118 0.833044291
    0.92492497 0.443404883 0.801861942 0.232146829 0.80156076
    0.485715926 0.762172222 0.915540457 0.69196701 0.739450634 0.5293051
    0.967866421 0.238713712 0.742826462 0.144484609 0.246867061
    0.0726340711 0.531811893 0.934821129 0.485012412 0.651575983
    0.368407905 0.0924443007 0.729745984 0.348001659 0.159642816
    0.720259368 0.0340488255 0.385855019 0.873117566 0.70723635
    0.607708931 0.405582249 0.475298285 0.260754585 0.623989463
    0.984793305 0.610546947 0.897334099 0.682171345 0.391801953
    0.0933944881 0.311061054 0.432486832 0.895700991 0.749771595
    0.319893211 0.320280135 0.655016661 0.230944008 0.0212279558
    0.60462147 0.446385562 0.111411005 0.205249727 0.831485331
    0.539574087 0.585189879 0.447733372 0.0591974258 0.142412305
    0.918381333 0.95501554 0.30505693 0.342199415 0.0347239673
    0.155503005 0.744337738 0.875063419 0.516666889 0.4562563 0.78927362
    0.88381058 0.389735699 0.725657761 0.838959336 0.0323069394
    0.00957238674 0.394018471 0.00590926409 0.564571857 0.604471624
    0.221845418 0.0788035095 0.62198323 0.188271403 0.785449624
    0.302668512 0.671046555 0.928695261 0.657575309 0.154996902
    0.420420021 0.162602454 0.0673179924 0.901620269 0.675446868
    0.0659316182 0.262174428 0.759364903 0.0216731429 0.751745582
    0.0432721078 0.964940667 0.399392664 0.652069092 0.7192626
    0.477264047 0.273891926 0.10600704 0.546724439 0.711916804
    0.226902008 0.813536286 0.979855061 0.780801415 0.789376497
    0.652876258 0.375867963 0.840067267 0.961573422 0.380126059
    0.760311186 0.355425835 0.940023899 0.834298611 0.628455758
    0.109247535 0.00244823098 0.766275287 0.556750357 0.240065902
    0.995615005 0.110672504 0.00182890892 0.0262526572 0.273787439
    0.282033652 0.873106718 0.903845191 0.991106272 0.412154019
    0.719669104 0.940766335 0.534663379 0.714388251 0.426337659
    0.601665616 0.105616242 0.140451461 0.0768600404 0.317224115
    0.826513052 0.58461237 0.227891773 0.23512274 0.815800965
    0.492914736 0.0900833309 0.42774874 0.735001922 0.235470444
    0.467526495 0.769135475 0.398622155 0.0967549384 0.826082468
    0.737784445 0.351729572 0.797736287 0.52222991 0.637996793
    0.304302543 0.857129574 0.161311924 0.443598568 0.774174094
    0.144422472 0.18137446 0.247197747 0.246721685 0.142593145
    0.758321166 0.850216925 0.948741436 0.0906098783 0.273276269
    0.82435441 0.825631142 0.210478038 0.868587136 0.633457243
    0.588366985 0.293842018 0.691213071 0.727787852 0.640572429
    0.0423876047 0.371824801 0.520961702 0.115814745 0.919193804
    0.907379031 0.771829128 0.102925241 0.227141291 0.840782762
    0.644073188 0.492176026 0.0786581933 0.163322181 0.445408732
    0.719306946 0.439733833 0.0957936347 0.795215011 0.945365787
    0.10970816 0.408599168 0.580977678 0.414215833 0.561794698
    0.619445026 0.61647439 0.170678198 0.975745201 0.8192662 0.134185523
    0.267215788 0.796676815 0.774138093 0.292127669 0.531202435
    0.630486846 0.926272631 0.262823522 0.494255126 0.603482306
    0.52756089 0.231788546 0.271627426 0.979218364 0.496478915
    0.736955643 0.719655812 0.375606596 0.490826458 0.547345459
    0.94379431 0.375410408 0.836226821 0.370801747 0.367503583
    0.671097875 0.784430861 0.161701679 0.036680311 0.870670676
    0.806688905 0.52829355 0.442659587 0.697187543 0.769865274
    0.449951589 0.799201846 0.421550632 0.270120144 0.942832708
    0.490986317 0.508359969 0.792051375 0.0638997555 0.738605678
    0.871589303 0.121522427 0.0588380694 0.773476601 0.901651978
    0.7186625 0.411869526 0.00236916542 0.700590312 0.738351107
    0.17682904 0.378240347 0.581582129 0.678513288 0.680619955
    0.458318472 0.430795848 0.426379055 0.984814405 0.830819964
    0.792762399 0.787697911 0.914910197 0.207361072 0.45879969
    0.738017738 0.81857872 0.148440719 0.876621842 0.937388301
    0.955964923 0.723150969 0.741509318 0.463668525 0.447031587
    0.0651113987 0.808634639 0.232537061 0.876506209 0.843661189
    0.737269759 0.602053225 0.885055304 0.00659796596 0.962705314
    0.6487661 0.813693166 0.383368015 0.430398792 0.417073071
    0.0643470287 0.675194025 0.854516983 0.707399666 0.783680797
    0.249836385 0.810769796 0.297127068 0.133105218 0.831364036
    0.498652816 0.0588721633 0.042440027 0.484791607 0.261076421
    0.090349704 0.538213193 0.0371064842 0.944399118 0.724562168
    0.481050193 0.212389976 0.169584602 0.104687124 0.540435016
    0.681544423 0.371279687 0.215303123 0.0566839278 0.328088313
    0.193432301 0.286269367 0.684013128 0.884212673 0.753231347
    0.658809304 0.361772746 0.352567315 0.553197026 0.473816395
    0.691492736 0.876792908 0.0909159184 0.317890078 0.6635409
    0.417236805 0.704201162 0.626882136 0.932759643 0.792716205
    0.413321793 0.815095603 0.387416661 0.57512635 0.473731011
    0.0495946109 0.992444217 0.480263978 0.105742902 0.334693253
    0.936035872 0.0577787161 0.606379807 0.557789624 0.601086855
    0.411489487 0.400684267 0.290367842 0.144568086 0.52030313
    0.0482710898 0.212930351 0.597767889 0.175602943 0.0669903755
    0.0140961409 0.352003425 0.808496594 0.601394176 0.699486136
    0.0448971093 0.520538092 0.0420134962 0.586814463 0.986354709
    0.953986883 0.444724649 0.299204528 0.984668016 0.49951914
    0.872503996 0.845462918 0.727978766 0.231583446 0.368442655
    0.763649106 0.410576403 0.922473967 0.451613694 0.838968813
    0.501816154 0.230891734 0.511131942 0.866365671 0.596401334
    0.0320923924 0.0653743446 0.472639024 0.943767548 0.943968415
    0.131058067 0.52328074 0.840430439 0.00517895818 0.187334478
    0.96306175 0.0791036189 0.0330937505 0.870927989 0.411021918
    0.142164379 0.347362697 0.417367131 0.118966967 0.288912058
    0.823933721 0.645296812 0.890630484 0.663921356 0.375234336
    0.625619531 0.173129648 0.574513614 0.374077082 0.799969554
    0.107597351 0.46487093 0.644164026 0.0826043189 0.511632085
    0.708950579 0.132399023 0.123220384 0.954216361 0.859236717
    0.240768254 0.0625233352 0.811630607 0.481317461 0.070961833
    0.9569031 0.940863848 0.183555663 0.938221574 0.343064845
    0.872155428 0.428694904 0.791591167 0.23003906 0.375124723
    0.403766036 0.478165597 0.691570461 0.484673321 0.246616721
    0.856675029 0.139107049 0.768995762 0.632874012 0.770717323
    0.29425326 0.36925149 0.0687456131 0.248297155 0.542879462
    0.0479162335 0.93562454 0.485780656 0.0340996385 0.121247292
    0.0599237978 0.50466001 0.0192158818 0.0768651068 0.732610226
    0.766878486 0.0862884521 0.8802737 0.898594022 0.218527228
    0.923675418 0.846342623 0.268808961 0.933723569 0.501687586
    0.995267034 0.757066369 0.704313338 0.0364762247 0.629064798
    0.697576046 0.745607555 0.804218411 0.405170679 0.862049341
    0.693495989 0.0678068101 0.540907502 0.867928743 0.971993208
    0.98411119 0.570094645 0.918019176 0.583518744 0.255365074
    0.766406357 0.318950653 0.623966992 0.0306046605 0.780633569
    0.640898824 0.526857078 0.671098351 0.468895644 0.43604961
    0.355717123 0.428121328 0.831800699 0.707766533 0.253408194
    0.194210052 0.694911122 0.905884266 0.386202872 0.436970383
    0.0334478021 0.447701931 0.881593347 0.312526494 0.328658074
    0.569943905 0.39428696 0.0985286236 0.806195855 0.504412591
    0.361972451 0.955367148 0.931615472 0.90729785 0.23974365
    0.417035013 0.602665603 0.346809387 0.0751449168 0.380935848
    0.0125426352 0.293251038 0.917607188 0.205982447 0.118956596
    0.123799235 0.103903681 0.277853191 0.531707585 0.428787202
    0.574915171 0.55562073 0.413563579 0.813696325 0.704981685
    0.60767591 0.199961782 0.877385139 0.212893486 0.0461229682
    0.870459318 0.264880955 0.600796938 0.351600707 0.706353843
    0.606610596 0.698502243 0.861722708 0.28776598 0.98824811
    0.446743071 0.799704194 0.413455218 0.78342855 0.496924222
    0.190481871 0.885039687 0.0627571046 0.967028022 0.762192607
    0.820913196 0.686959386 0.453574419 0.215225995 0.525684297
    0.380330533 0.898540199 0.991018295 0.156730503 0.21173951
    0.380700409 0.228519082 0.803770423 0.389340073 0.80468154
    0.253106952 0.467396468 0.150143862 0.477910668 0.955999374
    0.935676992 0.439763665 0.687474489 0.551638365 0.777302444
    0.00715133548 0.985447049 0.0451495945 0.348312378 0.535682917
    0.270072132 0.878250122 0.764408469 0.969591022 0.358614445
    0.959673882 0.748323977 0.497955501 0.280133963 0.369114012
    0.952863812 0.533968866 0.540869653 0.542391181 0.798328519
    0.636848569 0.503334999 0.718623102 0.872203946 0.284092695
    0.907059908 0.202419698 0.106598914 0.771439314 0.868785083
    0.26421541 0.842121243 0.167018563 0.590093195 0.846745491
    0.0261092484 0.628114164 0.574684262 0.00845813751 0.889237881
    0.48178494 0.325283766 0.595613062 0.0212312043 0.392820239
    0.808256507 0.474542767 0.620346546 0.495744497 0.494745821
    0.0864875913 0.16806978 0.226184875 0.167778164 0.471165746
    0.626392484 0.964427054 0.0210860074 0.281272143 0.955132782
    0.755824566 0.672524393 0.274347812 0.585127115 0.246523023
    0.961342275 0.622780025 0.968710065 0.681108415 0.132298768
    0.259939075 0.196836323 0.365764081 0.278604746 0.807041526
    0.816755295 0.542143643 0.0053652823 0.670278192 0.371767879
    0.941643953 0.45029825 0.217290699 0.860695302 0.942502141
    0.520102441 0.163731903 0.274751395 0.382037997 0.669533789
    0.399947137 0.74175632 0.835562706 0.606021464 0.376517177
    0.951520801 0.327692628 0.579201102 0.740284562 0.657696545
    0.511280239 0.505769491 0.226333708 0.733901262 0.0407304466
    0.182325482 0.0176594853 0.818890631 0.528742731 0.254770726
    0.720369041 0.598970413 0.0655810833 0.264134616 0.738872409
    0.338242948 0.506327868 0.0142001212 0.633383811 0.71053493
    0.870355666 0.260899603 0.763076782 0.133176565 0.0304092765
    0.807708323 0.0509789884 0.128686309 0.811777294 0.599806249
    0.0171694458 0.53883183 0.885697603 0.709776044 0.75667429
    0.777523518 0.298916936 0.523914397 0.927540064 0.74227941
    0.718698859 0.231780052 0.659797668 0.916210055 0.362568796
    0.581147254 0.440978944 0.823237181 0.220558524 0.739315808
    0.353132248 0.564423203 0.144520283 0.690065503 0.658557534
    0.810151219 0.0491321087 0.544752657 0.668496966 0.16652 0.269421726
    0.292150021 0.710600257 0.215990573 0.653749347 0.0382145643
    0.642420352 0.0811063647 0.129897654 0.522375524 0.405457586
    0.405631155 0.59046042 0.116751224 0.172783822 0.0524146855
    0.423062921 0.263674021 0.868898809 0.685958982 0.30467844
    0.486927539 0.0173804164 0.613833904 0.534095168 0.00482186675
    0.5494892 0.435037076 0.0318599641 0.190966457 0.0378068388
    0.572344124 0.00814217329 0.483789116 0.184518218 0.825324535
    0.364981711 0.338746488 0.942800045 0.962864876 0.366164625
    0.594365537 0.778445005 0.721291721 0.304875553 0.440326154
    0.816025198 0.939524412 0.197915882 0.129773676 0.738449275
    0.917209268 0.74340111 0.115329623 0.272421658 0.536238849
    0.0938593447 0.157525957 0.693259358 0.452800453 0.766685963
    0.995688438 0.250043392 0.677195251 0.734722376 0.875625312
    0.949900389 0.421072781 0.608835936 0.177231103 0.775442302
    0.0229011476 0.655642986 0.868406773 0.120016456 0.582148671
    0.127963394 0.128898382 0.776055098 0.210348576 0.173272043
    0.274787664 0.482870221 0.636140049 0.248304129 0.759376884
    0.901959181 0.408747017 0.62420404 0.296874046 0.0218574703
    0.629277408 0.49530232 0.342469037 0.80603075 0.659890831 0.78379643
    0.650252461 0.620153129 0.582362175 0.956566751 0.444215834
    0.0768223703 0.883856535 0.633238971 0.0561525226 0.453554422
    0.289125443 0.725581825 0.0793537199 0.66105932 0.521893919
    0.693695426 0.829157054 0.187835485 0.581003666 0.458062857
    0.116237462 0.540176809 0.100985646 0.868993461 0.573469579
    0.330052435 0.351457596 0.00551789999 0.627292991 0.603257716
    0.286713362 0.91277647 0.291411906 0.178271681 0.580424786
    0.893725395 0.749406159 0.464577228 0.164119184 0.123020202
    0.525496066 0.417670727 0.0739248097 0.794965029 0.920501709
    0.849244535 0.61669147 0.353170127 0.920935154 0.42876932
    0.761714339 0.84981668 0.22411859 0.139136344 0.914669156
    0.355472803 0.264989913 0.420455873 0.0206192732 0.550643504
    0.478618085 0.467870772 0.534597993 0.722010374 0.287404656
    0.0854447484 0.595970869 0.279726923 0.658692122 0.811755061
    0.760448813 0.219302177 0.358791888 0.776717126 0.733053446
    0.969176114 0.601296782 0.630843043 0.682189941 0.990450621
    0.484021217 0.432616919 0.340130925 0.582510233 0.0385883152
    0.968299329 0.356649637 0.332275867 0.577535689 0.747480094
    0.0800332129 0.0464658439 0.301837683 0.406453371 0.409794867
    0.281938851 0.948370099 0.684717417 0.616880536 0.895398974
    0.886919498 0.384649932 0.83226335 0.943427205 0.0746691823
    0.156694323 0.512785852 0.278454125 0.0109348595 0.45093292
    0.753215909 0.712616563 0.0705198646 0.190373749 0.225291014
    0.344925165 0.30054456 0.389990449 0.453295022 0.459332347
    0.668669283 0.573861599 0.938488483 0.744194686 0.565451562
    0.392323732 0.726062655 0.550126791 0.737816095 0.349052429
    0.498912752 0.488607824 0.674921393 0.147445112 0.776246309
    0.0612082183 0.720677555 0.378635734 0.990180731 0.547844529
    0.986466289 0.164155543 0.21522814 0.340505362 0.976180315
    0.773416519 0.294921339 0.835832417 0.800508499 0.0630236566
    0.173129737 0.15743202 0.726399302 0.885377705 0.904961705
    0.230080217 0.881585956 0.516271234 0.0734632611 0.530573487
    0.960715055 0.316212118 0.176258475 0.709780753 0.0857566893
    0.119359583 0.609480739 0.537747681 0.955707073 0.348610699
    0.922448575 0.304149538 0.501404285 0.792902708 0.327009082
    0.619089305 0.806163192 0.89438951 0.334610105 0.139790446
    0.238713384 0.639232993 0.813950956 0.116191745 0.396905541
    0.865185618 0.434800208 0.266347975 0.780855238 0.532679081
    0.086145848 0.923838675 0.358875155 0.606318355 0.961388588
    0.058578372 0.195695162 0.739134192 0.690986156 0.436640769
    0.0136407912 0.796538711 0.648509979 0.449085295 0.900094867
    0.0681496263 0.96167624 0.206396282 0.554180682 0.651015937
    0.845031977 0.241783381 0.647537529 0.902995825 0.402935743
    0.430916995 0.174189687 0.399417013 0.306441575 0.758306146
    0.251929879 0.993434429 0.262245178 0.656055748 0.827462554
    0.902243376 0.59967196 0.886845827 0.358296812 0.178586781
    0.305442095 0.278795898 0.119165003 0.611393332 0.258414984
    0.401769936 0.0800159574 0.878173113 0.852849126 0.151527107
    0.717312574 0.077265203 0.82129544 0.819901764 0.951233506
    0.93364507 0.674697459 0.0815460384 0.0445249677 0.757442355
    0.315102398 0.281861007 0.453508765 0.598996758 0.188299328
    0.765418053 0.168878138 0.753028214 0.310444802 0.509026766
    0.633631349 0.920431733 0.676130295 0.067492485 0.476450741
    0.951632619 0.0230326653 0.561199784 0.0120648742 0.701604903
    0.963344097 0.724119723 0.136084765 0.949772954 0.265280008
    0.362674415 0.673642993 0.965377092 0.192894191 0.467394859
    0.193773031 0.523371339 0.261462629 0.847532928 0.480188668
    0.267759144 0.936347842 0.53864795 0.526050806 0.367641449
    0.593833506 0.900211453 0.039303571 0.838801622 0.961734653
    0.029868871 0.912729263 0.480295509 0.950235605 0.870204449
    0.837688923 0.418067455 0.890228093 0.645792246 0.3535631
    0.226999789 0.117559105 0.555881083 0.0583147705 0.438397437
    0.178420395 0.799509883 0.449600041 0.455193937 0.417327881
    0.417924911 0.879074812 0.949788988 0.409809351 0.945876956
    0.622793913 0.94716239 0.0447616279 0.832826972 0.722125888
    0.46597746 0.177025884 0.284425437 0.427759588 0.412189603
    0.0850630999 0.757956147 0.374774873 0.265236706 0.588305831
    0.166622102 0.0953680575 0.358370304 0.316327631 0.509808838
    0.976233244 0.534918666 0.388926089 0.014990598 0.86091876
    0.561101019 0.00139737129 0.924884915 0.642752945 0.24552986
    0.510118246 0.926805615 0.593768835 0.671926618 0.464370489
    0.725402713 0.134467274 0.968263268 0.193043053 0.286887825
    0.591170073 0.928436637 0.347307682 0.639109492 0.334673047
    0.968741119 0.951007247 0.0800128579 0.11136061 0.680334032
    0.690404832 0.941960335 0.743618429 0.117681712 0.500733793
    0.72977984 0.837121844 0.752615333 0.30965215 0.338971853
    0.657560468 0.144146264 0.303485513 0.302209973 0.165357769
    0.107921869 0.419239938 0.999543071 0.19250223 0.946772933
    0.136705846 0.543209553 0.842228293 0.563381493 0.619819999
    0.421986431 0.974688053 0.996194005 0.118255168 0.740392804
    0.890275002 0.642436087 0.550959349 0.142991573 0.170077622
    0.436982155 0.546154976 0.810702145 0.0992616415 0.134743512
    0.250360548 0.590609431 0.0707820952 0.986818671 0.41829738
    0.958351374 0.8853091 0.557861328 0.525692761 0.723752439
    0.242430389 0.159371495 0.0368900895 0.890798211 0.707839906
    0.389552414 0.653601885 0.242832661 0.844819069 0.124469846
    0.00359994173 0.855450153 0.471984357 0.232288003 0.903084517
    0.590536058 0.753283739 0.810150862 0.324920595 0.258979797
    0.732795358 0.735297084 0.944284797 0.492613196 0.459353507
    0.819207191 0.377373487 0.343378603 0.232969493 0.193713039
    0.202109903 0.125984699 0.685863614 0.025311023 0.362697124
    0.902903318 0.90638274 0.944167137 0.373510659 0.442316294
    0.648653924 0.346131623 0.72279799 0.382631034 0.377745837
    0.951177001 0.142103612 0.770340264 0.712926745 0.805734158
    0.154140621 0.379632145 0.804433465 0.560409904 0.538406014
    0.890009403 0.149787486 0.579432011 0.0612830818 0.307677805
    0.0951955914 0.35368067 0.759426117 0.0662621558 0.0116556883
    0.624206543 0.280933559 0.745430231 0.623336852 0.673618555
    0.402624577 0.0100513697 0.809457898 0.0666507781 0.990309834
    0.46548003 0.927376509 0.0798976719 0.439098775 0.702413976
    0.398875356 0.980417073 0.290189356 0.285292208 0.48212707
    0.235731065 0.693994999 0.866812944 0.230694681 0.888045549
    0.365953863 0.839237571 0.718796611 0.889149547 0.405756295
    0.0575452447 0.557952523 0.228154778 0.461352021 0.0271465778
    0.0517403185 0.939146519 0.31285429 0.176824689 0.741055727
    0.452121496 0.799775124 0.557779968 0.433023095 0.928345382
    0.895427942 0.586199343 0.65380919 0.118404388 0.378257513
    0.685078681 0.768785357 0.873183548 0.628170729 0.312654078
    0.201135397 0.567684174 0.920402646 0.510415077 0.378756493
    0.312815845 0.810409606 0.660101056 0.9669559 0.920467198
    0.384213507 0.479277223 0.112888366 0.766845167 0.137394339
    0.302280724 0.214219093 0.951004446 0.985455096 0.601073682
    0.982371867 0.27251339 0.107289046 0.428679645 0.513605237
    0.640218019 0.724304855 0.0661333203 0.991443217 0.490377426
    0.963266373 0.521281779 0.477424592 0.943981647 0.137007058
    0.236826301 0.311223388 0.437840104 0.587778211 0.958129406
    0.512518167 0.24408105 0.972381711 0.567145765 0.537826657
    0.567275226 0.367323875 0.395217657 0.0698909163 0.761307299
    0.968214393 0.130893171 0.912382782 0.346115351 0.77940011
    0.0702508092 0.68811661 0.0386312902 0.624171078 0.223731905
    0.432359785 0.283961236 0.447680324 0.94376123 0.12721315
    0.210297555 0.444149494 0.736538649 0.306775749 0.676137924
    0.556860387 0.201142907 0.974441648 0.577452242 0.843042254
    0.82877171 0.568556905 0.232156485 0.0211039186 0.493280083
    0.833063126 0.0474745631 0.283192396 0.946114659 0.0993624628
    0.937773824 0.530135393 0.841117144 0.396763891 0.470070362
    0.0931662321 0.0612745285 0.850582957 0.359323025 0.281259149
    0.0616464317 0.086633116 0.63766861 0.145661861 0.530014753
    0.529536009 0.894895613 0.930362582 0.677461326 0.0664021075
    0.793158293 0.93543148 0.673550308 0.43784073 0.235489279
    0.271119535 0.231070966 0.349694371 0.0151589513 0.700580835
    0.0148313046 0.227551907 0.474349976 0.845185637 0.968771935
    0.549343824 0.521849155 0.301590443 0.862606645 0.397993803
    0.877948046 0.204845488 0.801785827 0.353024483 0.74524653
    0.694534481 0.189181775 0.135447025 0.333112955 0.90954113
    0.367122352 0.268561125 0.168492794 0.262848914 0.421503156
    0.986227989 0.299350023 0.274885654 0.666358948 0.976903498
    0.974289656 0.786310792 0.857114911 0.13985756 0.820464492
    0.564187825 0.318493009 0.55920434 0.616127133 0.200331926
    0.14702335 0.961128056 0.239033133 0.0759327114 0.599383831
    0.525209606 0.101453066 0.392263055 0.849530578 0.696464062
    0.520017147 0.632052898 0.885322452 0.890660226 0.205287218
    0.0877302587 0.0781781673 0.200004488 0.831442475 0.0213244557
    0.031096071 0.939445615 0.619134486 0.295929432 0.732510984
    0.750662208 0.173870444 0.416149467 0.235198468 0.305250734
    0.093785733 0.506128728 0.835120916 0.340831846 0.409544051
    0.0839595497 0.261265129 0.255585343 0.690711379 0.718149364
    0.0923062563 0.889675498 0.208213836 0.00876060128 0.2771433
    0.191085696 0.155155212 0.938622236 0.598982811 0.44461152 0.3338359
    0.0189728439 0.665358067 0.312881291 0.472056776 0.757495284
    0.536989093 0.770937204 0.0998490155 0.299015105 0.610907614
    0.942211807 0.766790509 0.377049088 0.125812232 0.561281681
    0.203163475 0.691558897 0.453845084 0.865047097 0.26671803
    0.75499773 0.500075579 0.409548342 0.853291154 0.0882723033
    0.972546935 0.389355719 0.480125993 0.95069176 0.368890524
    0.904130995 0.104421765 0.973990023 0.015434444 0.705174088
    0.767304182 0.216096133 0.670705259 0.997474849 0.0318904221
    0.323075354 0.208306879 0.334732205 0.450995117 0.958465219
    0.267128944 0.744710922 0.845661521 0.261077225 0.0258887112
    0.861241162 0.625336647 0.873307288 0.00150051713 0.465100497
    0.556536436 0.416254818 0.459365696 0.105828077 0.505317986
    0.376955032 0.274087995 0.594784558 0.990678787 0.926909626
    0.341086507 0.211077839 0.532015085 0.0925008059 0.861504614
    0.164447546 0.0488786399 0.431390345 0.0955126286 0.483794034
    0.999480486 0.421300948 0.0344831944 0.48685804 0.409366906
    0.0401084721 0.503473282 0.399107337 0.618110955 0.0199385285
    0.694580495 0.0312161446 0.605165303 0.269336224 0.920528591
    0.61970365 0.68769002 0.520596623 0.234037548 0.68481344 0.424107611
    0.19425419 0.392947644 0.443634629 0.163193285 0.141613781
    0.917397499 0.194642305 0.636229038 0.519884348 0.429259598
    0.715682685 0.134545565 0.671817541 0.0197577178 0.212368906
    0.468454421 0.368662715 0.817771316 0.94404304 0.587671578
    0.389531076 0.71213007 0.0696103871 0.412353724 0.184923261
    0.596526623 0.260883987 0.259641945 0.614423692 0.757591426
    0.45887059 0.615996063 0.833698988 0.46684292 0.0840342045
    0.168168157 0.441560537 0.123390228 0.623337746 0.57184279
    0.423477411 0.460225284 0.585793614 0.117891759 0.726560235
    0.954480886 0.346764028 0.926357925 0.39924413 0.0373209715
    0.817444801 0.942574024 0.326002777 0.8123101 0.524948478
    0.792169094 0.0701791048 0.0733191669 0.452418983 0.282424152
    0.714121521 0.600416064 0.62512517 0.603821099 0.164230138
    0.447237045 0.784534454 0.228163898 0.231521547 0.774285495
    0.346384645 0.536701441 0.614409685 0.116313696 0.0151472986
    0.580300689 0.492542922 0.422399074 0.263376236 0.442171276
    0.573881745 0.288196892 0.0134924352 0.72789073 0.649703264
    0.0409302413 0.892162681 0.369835675 0.513666928 0.0642719865
    0.611586869 0.999483943 0.332274497 0.174881756 0.0646627247
    0.758909047 0.814250708 0.798340678 0.534355342 0.49756521
    0.360982329 0.584950924 0.501102388 0.431239516 0.0894704461
    0.18684423 0.220073164 0.633360624 0.589838266 0.0495949388
    0.499148995 0.0340762138 0.763557851 0.0926450491 0.290053725
    0.516114891 0.851656914 0.331705809 0.753680348 0.756538749
    0.58003372 0.0367577076 0.0955465734 0.386020988 0.17546612
    0.0894439518 0.394552052 0.70224911 0.147230476 0.965951562
    0.977287889 0.732786775 0.778741121 0.0465058386 0.0624212921
    0.389770389 0.24520883 0.84681356 0.513766766 0.841832697
    0.0305915475 0.428628564 0.301672161 0.7520895 0.848039746
    0.218518466 0.900681138 0.494984776 0.823307395 0.0364169478
    0.894992828 0.571760654 0.822376847 0.445577502 0.450529665
    0.973682761 0.00735843182 0.238408655 0.993147612 0.0405709147
    0.992242098 0.569192529 0.150860131 0.318715394 0.69930917
    0.264901459 0.550372422 0.851714611 0.436870337 0.063627094
    0.300635904 0.935882807 0.212160677 0.0137732029 0.817656875
    0.655946612 0.483215213 0.659443736 0.638143957 0.957722783
    0.617601693 0.935293913 0.970482588 0.780124545 0.919062257
    0.62983036 0.217582852 0.821278512 0.455130875 0.780746102
    0.347045124 0.947429359 0.6479249 0.260479629 0.253897518
    0.986909807 0.547254324 0.50241524 0.050153017 0.950315475
    0.699987888 0.238668233 0.22802794 0.279986978 0.39104721
    0.830800116 0.12991941 0.899727702 0.26979506 0.271203876
    0.565467238 0.900345087 0.530464172 0.0171064436 0.541160762
    0.891597152 0.274167448 0.665401399 0.933887482 0.221882671
    0.847851753 0.188274026 0.505420446 0.301820695 0.828516603
    0.415601045 0.262382329 0.317269087 0.763798594 0.985471547
    0.060667634 0.876649916 0.141769409 0.559389412 0.0764783919
    0.763118982 0.958499551 0.795917153 0.178110749 0.293981284
    0.0336956978 0.673470259 0.061560899 0.516566217 0.132829428
    0.982971013 0.684338868 0.294325948 0.784167528 0.787418365
    0.764422417 0.724213123 0.911889672 0.875252247 0.179186881
    0.966754973 0.170116186 0.799606323 0.217796564 0.803134322
    0.818947792 0.654748797 0.590126872 0.245458961 0.934982061
    0.380017459 0.416579962 0.156315029 0.664382339 0.880890965
    0.168347418 0.704525232 0.79409194 0.192505777 0.570219457
    0.482435256 0.207749337 0.664957881 0.472545892 0.552921712
    0.630277812 0.267614067 0.865646124 0.854489923 0.540663123
    0.056751281 0.76831454 0.133434981 0.31350404 0.176526278
    0.680792332 0.34859091 0.0869489014 0.423538536 0.546850264
    0.351190448 0.358108103 0.681264043 0.58518362 0.46481216
    0.666630924 0.893694222 0.398841321 0.359510005 0.791955948
    0.653417051 0.109538972 0.480491787 0.776116252 0.65722692
    0.846859634 0.97883594 0.0204739869 0.282464087 0.0391703546
    0.873612523 0.846082807 0.0629642308 0.296610594 0.0629953146
    0.434190214 0.984419048 0.168486923 0.324341476 0.725867033
    0.0284045637 0.741182148 0.687637389 0.157296568 0.0578481257
    0.762579083 0.834493339 0.771478295 0.634090662 0.156235725
    0.253866315 0.11320895 0.898562312 0.777796447 0.614660263
    0.609153509 0.81886673 0.663990617 0.956706285 0.345623553
    0.954936683 0.289404809 0.552556992 0.571877837 0.187486887
    0.364617079 0.331958085 0.238458067 0.392741114 0.838120103
    0.885122418 0.430380762 0.0643641055 0.93175292 0.837964296
    0.926167607 0.725150943 0.879931688 0.36713782 0.918631852
    0.732806027 0.000425577164 0.958325148 0.747221708 0.170607865
    0.625177264 0.202764124 0.679782867 0.663114309 0.989199281
    0.300750911 0.769572854 0.681620955 0.913934946 0.824326336
    0.98037076 0.646808505 0.0134650469 0.847586572 0.447564214
    0.03604877 0.3472974 0.821630061 0.377631187 0.381942451 0.890155792
    0.60171932 0.58422631 0.602311194 0.824514091 0.450794816
    0.597853065 0.714946389 0.575324416 0.429227382 0.179886281
    0.294971317 0.753905416 0.0433337092 0.776587129 0.762107015
    0.161681533 0.0223938525 0.603085399 0.055204004 0.554357767
    0.288167119 0.527190804 0.365090311 0.185889482 0.0784533322
    0.697296023 0.0530518293 0.888009667 0.619357824 0.0198558271
    0.599476576 0.627034068 0.157294095 0.845940709 0.565294564
    0.631950617 0.768565178 0.628503919 0.623789132 0.902859449
    0.8947016 0.00310173631 0.723034501 0.815700769 0.443949878
    0.306556493 0.547926545 0.753428936 0.68959558 0.52114284 0.31741029
    0.95494926 0.657439888 0.472562253 0.240649402 0.813845515
    0.713821948 0.896114707 0.711226344 0.369013697 0.378530413
    0.0712932646 0.39209798 0.382493913 0.32070452 0.389199883
    0.0918306112 0.410512388 0.917303801 0.30923599 0.145426273
    0.494337171 0.801065147 0.814492226 0.650018454 0.548147321
    0.429267585 0.769405603 0.386765122 0.991217613 0.103030831
    0.404526591 0.472650796 0.538023651 0.326198101 0.85176754
    0.943284154 0.628348768 0.852863252 0.562698007 0.797559977
    0.640423477 0.28467077 0.683382928 0.0139173269 0.0729301572
    0.344151556 0.304241508 0.0253653228 0.62132138 0.306948096
    0.635968387 0.125485152 0.323706388 0.601995707 0.846047878
    0.645168245 0.799215853 0.495862544 0.351326287 0.448300511
    0.581689358 0.339867771 0.0955651402 0.77861619 0.145744026
    0.0224262178 0.370905697 0.916883469 0.28107065 0.67341584
    0.721967399 0.0812027156 0.914037704 0.0760910213 0.136335462
    0.35351193 0.104209542 0.147394627 0.684443295 0.804764807
    0.900324583 0.134168357 0.640577197 0.914419651 0.241534352
    0.643230855 0.333733588 0.075186193 0.350170374 0.573704481
    0.27471891 0.774991095 0.47663343 0.211813301 0.98293376 0.610143721
    0.94011873 0.839107394 0.202164501 0.798910379 0.15539512
    0.321729362 0.430204391 0.734473944 0.438253999 0.364425331
    0.0905207098 0.0150768459 0.252283573 0.166237324 0.688773155
    0.254811883 0.997528553 0.328325331 0.221073121 0.259694546
    0.725143194 0.379442155 0.843433976 0.566823959 0.318355083
    0.452454984 0.920689642 0.462502122 0.177969575 0.911976933
    0.748372555 0.94291544 0.300009489 0.464356482 0.540306866
    0.833729982 0.23620528 0.705512583 0.344643176 0.162092835
    0.396669924 0.400478423 0.685050368 0.665170372 0.400828004
    0.543558419 0.750838995 0.117763489 0.494294435 0.789240897
    0.952616334 0.581390083 0.422011793 0.322282165 0.433448732
    0.0287392437 0.153180391 0.375715494 0.405291378 0.364057958
    0.00724861026 0.493656933 0.483722687 0.974144101 0.68301332
    0.952341199 0.115906864 0.467898369 0.338109672 0.872068286
    0.668359399 0.222973406 0.123971164 0.996000707 0.494095296
    0.0891949236 0.211319268 0.0905357599 0.386861235 0.778278351
    0.308769882 0.286201477 0.380793035 0.593651056 0.327274084
    0.0951865315 0.0698393583 0.838492155 0.335513055 0.841238618
    0.464898467 0.325791687 0.970919728 0.697271168 0.155084789
    0.853928685 0.679810286 0.340919048 0.535284936 0.308707178
    0.176465899 0.791744471 0.761516452 0.365291804 0.624739647
    0.384374708 0.17191121 0.101348341 0.340848684 0.584493876
    0.607774675 0.155911237 0.0555997491 0.125516593 0.976852775
    0.467457712 0.41815716 0.964703083 0.839144945 0.856410801
    0.386376143 0.266812295 0.274423897 0.925661862 0.161025494
    0.702952683 0.164603859 0.511696994 0.825287044 0.487158269
    0.697551787 0.437765181 0.356900215 0.567388713 0.723916054
    0.382454902 0.25124532 0.458630413 0.916247725 0.835528851
    0.59051764 0.541232824 0.6486305 0.979883492 0.277555525 0.508848548
    0.412967563 0.447469413 0.769277573 0.945296049 0.118207633
    0.0134282708 0.229618341 0.416348398 0.0651768744 0.439157397
    0.117442638 0.819043279 0.861618042 0.452911705 0.629705906
    0.277847648 0.0768942535 0.848923087 0.892346621 0.745474875
    0.913280964 0.130268067 0.193546444 0.0163553655 0.780873775
    0.16959548 0.540366173 0.521827996 0.273326218 0.400361449
    0.429384053 0.475813925 0.496762484 0.471016705 0.898041189
    0.313881785 0.658205748 0.691847503 0.103184998 0.181073695
    0.762266994 0.825491726 0.155672461 0.633106589 0.870960593
    0.163575143 0.928731084 0.585051239 0.256008744 0.683537006
    0.229996711 0.619559407 0.392095596 0.950060606 0.51834172
    0.708381474 0.734143376 0.583048761 0.411074936 0.957542062
    0.531342149 0.263440132 0.767023742 0.291565865 0.842822671
    0.561218977 0.931508303 0.237168908 0.224829823 0.69829154
    0.419927537 0.399169743 0.416101277 0.324289858 0.933090746
    0.672329187 0.175920337 0.877333045 0.266696513 0.533600688
    0.417601943 0.0112066269 0.48014456 0.441731572 0.899422407
    0.275623262 0.57503438 0.919855237 0.755795836 0.440128505
    0.586895347 0.463868976 0.0814458728 0.253407151 0.586212158
    0.143831521 0.876069486 0.256566048 0.438240916 0.310773075
    0.371980131 0.0687086582 0.404089034 0.408585697 0.332348436
    0.574141264 0.983848631 0.938656688 0.218094915 0.566894352
    0.194651455 0.0621078908 0.504718661 0.695571184 0.607676327
    0.987975717 0.904117167 0.502669573 0.53158772 0.804056942
    0.739942193 0.722998023 0.966373384 0.984707713 0.986819148
    0.409188986 0.0607118905 0.253351092 0.0254104435 0.00959923863
    0.509408951 0.530029595 0.865675986 0.823932528 0.858151257
    0.254271775 0.732974529 0.820616007 0.826384008 0.828315139
    0.627152801 0.309474409 0.892253757 0.971303701 0.0458939075
    0.0600177944 0.694644094 0.291524291 0.249199927 0.165426075
    0.446411312 0.68181169 0.904832959 0.600295961 0.762251973
    0.593972743 0.841490507 0.911753714 0.174438804 0.278410316
    0.177040637 0.174123585 0.227546215 0.103675365 0.957918286
    0.999341488 0.254306793 0.881561399 0.377775431 0.156881034
    0.732097626 0.566232562 0.777411819 0.5238235 0.493814677 0.99798429
    0.502060294 0.75472641 0.238144398 0.721006811 0.349661827
    0.0287406743 0.37917915 0.764624774 0.494958252 0.414977193
    0.594861865 0.330172539 0.932815433 0.4422656 0.419965208
    0.00129696727 0.758023202 0.211190194 0.278010666 0.747500181
    0.413481146 0.440965772 0.574554026 0.233417302 0.97882998
    0.792253435 0.234736472 0.485875964 0.75930202 0.137160033
    0.868327856 0.0554619431 0.716403127 0.300080597 0.574191332
    0.481812835 0.413709342 0.352920175 0.089846313 0.538763881
    0.535766065 0.346205205 0.858368158 0.0960248709 0.571990728
    0.65202713 0.0256439745 0.725774884 0.483893722 0.215155095
    0.936126292 0.926662445 0.653423786 0.551302493 0.15919131
    0.190657318 0.685580134 0.534029067 0.482491374 0.989902616
    0.110467821 0.3574422 0.0840180516 0.0829335749 0.284040093
    0.538124144 0.0904645324 0.81717062 0.765662372 0.318453282
    0.816048265 0.980246067 0.864510655 0.30086422 0.860508323
    0.0142208636 0.384961456 0.125634372 0.0488461554 0.451049477
    0.0111054182 0.925929189 0.115801126 0.0686093867 0.678080499
    0.596067309 0.482590407 0.536561847 0.461983711 0.322514474
    0.268299997 0.702993214 0.549826264 0.197018325 0.0726981759
    0.752331078 0.864096165 0.633267522 0.243421733 0.298657358
    0.92528224 0.099650681 0.271283954 0.482374251 0.373052418
    0.558941841 0.159536898 0.112483621 0.155830294 0.993984878
    0.766628504 0.525133312 0.210148752 0.531471908 0.574691355
    0.259270072 0.991548657 0.299177766 0.795212626 0.420088947
    0.40241617 0.284644604 0.908756077 0.631923437 0.733508825
    0.896773458 0.55922401 0.889205754 0.923527956 0.195237786
    0.430436701 0.833197474 0.237538457 0.15915516 0.985192418
    0.791535378 0.492621511 0.00487211347 0.9690485 0.863782644
    0.351787359 0.64049077 0.609048128 0.770832181 0.253169 0.222292572
    0.482575029 0.532951474 0.016479522 0.26548928 0.314823031
    0.674673319 0.478672296 0.905324697 0.574248612 0.472678542
    0.114799559 0.331478357 0.451131314 0.67075634 0.274105847
    0.400769651 0.456914425 0.547890127 0.854861617 0.817248702
    0.811522841 0.0265978575 0.153303623 0.0566476285 0.779369891
    0.679793715 0.708986104 0.0826789737 0.094055444 0.702768981
    0.888304234 0.0106691122 0.397065729 0.899044991 0.213296205
    0.768486202 0.38620618 0.258456111 0.939312577 0.910776317
    0.559206486 0.985793352 0.0152620673 0.613442838 0.994522333
    0.651047945 0.541404963 0.0307289064 0.0740503669 0.998934269
    0.573704422 0.992013454 0.455895633 0.629849434 0.214010954
    0.390517145 0.815190077 0.91336149 0.652283669 0.323000044
    0.72011143 0.365055829 0.0136995018 0.679246664 0.873417675
    0.556941926 0.300410271 0.832446337 0.617311835 0.226336062
    0.865392208 0.0415783823 0.0731972754 0.650572956 0.302308083
    0.606134713 0.337126076 0.633287013 0.0962491333 0.605353057
    0.349944472 0.329880416 0.124145687 0.328605711 0.928206265
    0.792665362 0.597549915 0.641432703 0.0521443486 0.743396759
    0.654205024 0.340205252 0.257285058 0.0788032711 0.483565181
    0.941951692 0.276928842 0.45761475 0.661681652 0.857603192
    0.61553973 0.0991549194 0.608799279 0.526106417 0.542618036
    0.0144283175 0.350307167 0.584483624 0.0268890858 0.731672347
    0.837973475 0.533539176 0.565720797 0.649962425 0.62081033
    0.765954018 0.718368649 0.46867004 0.358324945 0.581385136
    0.266225696 0.962748766 0.0997205079 0.983825207 0.231084436
    0.6980474 0.633066773 0.971185565 0.466139853 0.683827281
    0.206712782 0.643156946 0.968316197 0.348894238 0.822450519
    0.749715984 0.111628503 0.159994304 0.405550182 0.587407589
    0.619962096 0.921227992 0.235253423 0.17832908 0.878033161
    0.422981828 0.137168407 0.753981352 0.0335371792 0.157887369
    0.291639805 0.165834337 0.641481996 0.101984859 0.364645183
    0.237049222 0.543590784 0.7420277 0.803456426 0.836779356
    0.842327118 0.13550055 0.619234562 0.549899697 0.623363316
    0.722774327 0.777590573 0.913814545 0.084461838 0.803175092
    0.416844726 0.396967351 0.197632521 0.488969803 0.786231995
    0.207479686 0.31016323 0.536401153 0.933486104 0.331270456
    0.779264867 0.482449561 0.621673107 0.536656439 0.638119936
    0.540380716 0.480620891 0.143541962 0.454508305 0.314288616
    0.40721482 0.271815717 0.849563539 0.0173466802 0.580818534
    0.658342421 0.739170909 0.695900798 0.547404826 0.603787303
    0.0589054227 0.519941449 0.404080331 0.847242773 0.278180063
    0.119506389 0.797186971 0.459851474 0.881661415 0.994324148
    0.111827612 0.189141601 0.836052895 0.498521328 0.513752997
    0.763585925 0.48323074 0.141782463 0.495555669 0.404158205
    0.531463325 0.806218266 0.658307076 0.218180478 0.188876629
    0.967042208 0.963885307 0.388696909 0.69470346 0.197852701
    0.401487529 0.383765459 0.0935443938 0.423434138 0.691451073
    0.536746323 0.972942591 0.0303343236 0.135664314 0.215988427
    0.728871167 0.702159047 0.369268775 0.48105076 0.402467638
    0.303398252 0.816775799 0.748007059 0.208508879 0.394833654
    0.234362572 0.147083551 0.801931024 0.799827039 0.649098873
    0.248256385 0.108590394 0.273535103 0.762860179 0.653813839
    0.991904318 0.623127937 0.327763975 0.00595524907 0.436706722
    0.476331353 0.840775669 0.36149615 0.488562822 0.662485778
    0.509245038 0.371286929 0.0420443118 0.362334311 0.049193114
    0.746159315 0.165129364 0.685246229 0.55272752 0.443053007
    0.614169478 0.873991787 0.396590263 0.349814236 0.866990507
    0.509459496 0.512832522 0.76643455 0.112400681 0.112526298
    0.546691239 0.500780165 0.115572184 0.333114862 0.331105828
    0.921153009 0.195551962 0.310312301 0.967219591 0.801273286
    0.394788772 0.515386522 0.614877939 0.610697865 0.290694833
    0.650504112 0.379404962 0.480207235 0.335095048 0.0697908401
    0.156631768 0.462943017 0.971652031 0.511874974 0.230873138
    0.511066914 0.122337997 0.082329452 0.205589741 0.327047348
    0.857197046 0.0126051307 0.763908684 0.988794684 0.962149739
    0.673993886 0.322272599 0.635042965 0.977722764 0.818604469
    0.129577816 0.106102645 0.929207623 0.0980695188 0.0554817021
    0.234216899 0.702421427 0.911227584 0.556350827 0.0163155794
    0.522597909 0.197620928 0.149469882 0.817493916 0.863835812
    0.791900039 0.708651066 0.127991289 0.132029742 0.522618473
    0.401769191 0.394573987 0.763021588 0.167643636 0.47977984
    0.134581923 0.877099812 0.376656651 0.21499899 0.174369186
    0.429769784 0.0568308234 0.302254081 0.425724745 0.868165374
    0.247693986 0.769816041 0.0394616127 0.660214007 0.127937317
    0.121692806 0.176399499 0.991108418 0.379589528 0.578504741
    0.746573687 0.238112777 0.35866642 0.858381629 0.131403625
    0.416605294 0.267803907 0.945147276 0.394605696 0.0460694432
    0.638179302 0.554058194 0.757660985 0.506742656 0.989736915
    0.699326873 0.790059507 0.546065509 0.0431233644 0.565803826
    0.936701655 0.30725044 0.492694199 0.518456101 0.93427074
    0.0891391337 0.908863783 0.589295745 0.256298721 0.406944603
    0.366692752 0.260575056 0.336834908 0.65775162 0.694389582
    0.233890176 0.952224731 0.12748307 0.768803537 0.36946696
    0.680775642 0.140390098 0.814802051 0.120530158 0.27130574
    0.455810636 0.452608734 0.11572206 0.524360418 0.490345329
    0.0256434083 0.428053856 0.73637265 0.889694333 0.14118576
    0.509402633 0.868418097 0.898010135 0.937988043 0.591190279
    0.983095765 0.0948039591 0.695587993 0.277037829 0.236269563
    0.874523878 0.158740431 0.980848849 0.313357145 0.532240987
    0.30967316 0.741135836 0.118423462 0.57539767 0.494389921 0.65190661
    0.933097124 0.789255381 0.09323138 0.093870163 0.54710412
    0.915502548 0.310816884 0.884336829 0.124201685 0.0994645357
    0.225488693 0.437303573 0.597020686 0.599022448 0.562016726
    0.00268381834 0.711880326 0.376408905 0.429163396 0.576739669
    0.285750926 0.991369605 0.606379747 0.516996086 0.779838443
    0.610073924 0.131536931 0.488078505 0.371920347 0.0456133485
    0.245139897 0.340299785 0.0459407568 0.400072217 0.313445508
    0.67935288 0.365185618 0.0424728394 0.391858637 0.854542255
    0.604189515 0.162767291 0.271604955 0.0201248229 0.671180725
    0.164900541 0.997175336 0.689173639 0.0231858194 0.829809427
    0.48180142 0.12410444 0.0121583641 0.887062132 0.407562554
    0.870759845 0.61098063 0.662647724 0.97496897 0.855323076
    0.668892384 0.502322257 0.751610696 0.00096976757 0.913397193
    0.147144318 0.528936386 0.286552668 0.390568912 0.597337425
    0.780735135 0.869072855 0.255096674 0.441544026 0.923938632
    0.814572334 0.977543712 0.671903491 0.916542828 0.330878496
    0.0906215608 0.4765746 0.647927105 0.297710299 0.758837223
    0.855282128 0.0538694859 0.47348994 0.710825264 0.372463584
    0.691013992 0.619741321 0.86195159 0.286337554 0.924812019
    0.0349538326 0.488561153 0.290426195 0.273655653 0.870979667
    0.260578156 0.398480952 0.452728093 0.221516103 0.368459016
    0.268543601 0.0112032592 0.164222807 0.872064233 0.266252995
    0.979474783 0.686496019 0.666429579 0.580629289 0.203235149
    0.910869956 0.711690247 0.345366716 0.514328301 0.344117433
    0.857298613 0.555012167 0.975805283 0.775096059 0.339580476
    0.0701082349 0.4447788 0.239122182 0.830817938 0.806503892
    0.837659121 0.613710642 0.219226599 0.828105509 0.754802644
    0.0876503587 0.425386101 0.528383911 0.168819487 0.57505399
    0.671328127 0.759564638 0.685764909 0.877089858 0.107544869
    0.796028256 0.428329945 0.0262378156 0.911269426 0.806839347
    0.648403406 0.561701238 0.173319876 0.805013895 0.84100163
    0.831837535 0.556646585 0.163498938 0.0286998451 0.680100322
    0.691277206 0.0380967855 0.532529771 0.389988571 0.756231844
    0.825527906 0.534879386 0.163963646 0.794824719 0.513123989
    0.591851652 0.783822834 0.178418398 0.111585766 0.347117245
    0.022341162 0.356360853 0.252759755 0.308429539 0.679695129
    0.560275674 0.328540117 0.223253787 0.376121581 0.133999944
    0.191305935 0.916696608 0.0819950998 0.795576394 0.979866028
    0.565629363 0.860407472 0.233852684 0.0984819531 0.382255197
    0.224673092 0.396328628 0.101089865 0.275111914 0.777566195
    0.479819059 0.103676111 0.874990225 0.836507857 0.826808035
    0.123758256 0.835118115 0.335278511 0.75535512 0.325732529
    0.596167803 0.783246577 0.217995435 0.437382728 0.772542953
    0.147936732 0.875078022 0.931982696 0.139936388 0.0787555277
    0.0994256735 0.773263574 0.852118731 0.86892426 0.800872087
    0.911369562 0.197908819 0.792901397 0.492543221 0.502525091
    0.668165565 0.10550949 0.864906549 0.560945451 0.392909169
    0.425125539 0.994662046 0.132361889 0.990303993 0.539798796
    0.365342498 0.633030772 0.850222647 0.990998268 0.27800104
    0.243614167 0.71017611 0.849927425 0.8304919 0.481500745 0.899817705
    0.5487836 0.246188819 0.0606316328 0.726150751 0.245177895
    0.513948143 0.445779651 0.207847357 0.603131831 0.119310081
    0.808374643 0.415264457 0.8661924 0.143766463 0.34099251 0.823865652
    0.596482337 0.69734019 0.699566185 0.123645604 0.0997334719
    0.933364272 0.165333301 0.622546852 0.474662572 0.701615691
    0.714960098 0.622415721 0.156924069 0.0416074097 0.664970696
    0.966455102 0.0886791646 0.444426894 0.367127717 0.82943368
    0.824108362 0.618378818 0.110892981 0.771052182 0.681365192
    0.624824286 0.772449672 0.858880579 0.718352795 0.330464542
    0.524205625 0.577639341 0.425114185 0.610707939 0.799835145
    0.65475291 0.957160056 0.447460562 0.678399086 0.049264282 0.9964782
    0.286526978 0.550170898 0.41746673 0.972683668 0.921678364
    0.205869257 0.163336068 0.714966536 0.386863321 0.960460722
    0.105379969 0.982295394 0.0520900488 0.111468852 0.789067864
    0.751212835 0.396087259 0.569977045 0.64484632 0.309934825
    0.0474444032 0.186300725 0.486287713 0.440652281 0.942209363
    0.809273958 0.86566174 0.857236028 0.105163157 0.431111693
    0.989884377 0.504836142 0.715488672 0.466983736 0.301533163
    0.0736776292 0.502491891 0.432191819 0.834435523 0.911553204
    0.316007495 0.0105560124 0.55810231 0.837827563 0.985338032
    0.738925159 0.412935019 0.357803822 0.900819004 0.159309983
    0.329380363 0.837113798 0.78358531 0.0738566518 0.922671437
    0.411396503 0.418500394 0.773152113 0.71628511 0.801441014
    0.154090434 0.650492966 0.637973785 0.82488513 0.193024457
    0.591606438 0.0675126612 0.328563035 0.193120509 0.459495842
    0.810110927 0.814262629 0.0728356838 0.999499559 0.769848585
    0.56312865 0.544479847 0.121260494 0.853590131 0.464117676
    0.533686996 0.322732389 0.615210116 0.387587667 0.00420770049
    0.0871826708 0.288445592 0.0043605268 0.424213529 0.195321441
    0.307731092 0.0981543064 0.549758434 0.323240131 0.852363467
    0.889879405 0.426470578 0.445724428 0.261440158 0.0334923267
    0.0849795341 0.734424651 0.485590458 0.63936162 0.201836437
    0.304290682 0.343153745 0.195499629 0.536356449 0.327210605
    0.491751939 0.487351626 0.299795866 0.0290130973 0.525464237
    0.468184203 0.367142081 0.0414115191 0.449547797 0.238054693
    0.141653627 0.847022474 0.11934343 0.974202335 0.694630146
    0.574244678 0.170702428 0.0707377791 0.636081457 0.784745514
    0.177803427 0.115799248 0.0880049467 0.0479360819 0.796900272
    0.319045067 0.647824347 0.998105288 0.0162744224 0.22200799
    0.519188702 0.590744495 0.130441904 0.596034169 0.552380681
    0.754556119 0.514823437 0.052282542 0.360960573 0.444897085
    0.772090912 0.529804051 0.397194266 0.0287900269 0.744344234
    0.167091578 0.932491899 0.560918927 0.364418507 0.886981726
    0.273142695 0.925192356 0.0513488948 0.212811172 0.0294301212
    0.778976679 0.897271574 0.294262588 0.574593425 0.550066769
    0.46204108 0.746906519 0.720356464 0.221224457 0.00536718965
    0.826190829 0.310467958 0.199797958 0.408985913 0.767301917
    0.062307626 0.784269214 0.94955492 0.301608562 0.488036573
    0.862891197 0.883825541 0.304471135 0.781274915 0.231431007
    0.744461298 0.114659309 0.222807735 0.247904003 0.582103431
    0.348088145 0.0510182679 0.432033956 0.159303397 0.815267086
    0.353839099 0.807010651 0.598720431 0.453444093 0.347724378
    0.0643561184 0.822612464 0.40018779 0.231188893 0.0894022882
    0.434617281 0.884958029 0.236784518 0.889402151 0.346081704
    0.194088012 0.177671313 0.21248135 0.181260884 0.651343048
    0.827323377 0.252881378 0.488923818 0.235867679 0.664074659
    0.968606234 0.634895921 0.068531245 0.662861228 0.827516317
    0.971970141 0.423960775 0.983073354 0.467106521 0.897786617
    0.57329303 0.224608988 0.0112307072 0.567664683 0.857602
    0.0225054324 0.522550762 0.137451202 0.855895042 0.815430224
    0.416625679 0.734481514 0.0189920068 0.688482583 0.341311276
    0.60467869 0.126436144 0.921447754 0.828932643 0.966017187
    0.188177019 0.611974418 0.196537286 0.745568693 0.241304576
    0.752372563 0.483787835 0.188360333 0.472392797 0.32804513
    0.0250575542 0.532508969 0.901309729 0.562257886 0.468903631
    0.208078295 0.426574498 0.755038142 0.836089671 0.998570502
    0.910352588 0.42057699 0.538803101 0.994532049 0.183211654
    0.666324973 0.665665746 0.226207793 0.155907303 0.857799649
    0.378457069 0.3532269 0.0181700587 0.272252619 0.293567479
    0.00704574585 0.338405252 0.721490026 0.993662357 0.377279609
    0.473495722 0.89004153 0.605149508 0.671205997 0.594915748
    0.684740901 0.528994143 0.611943424 0.0140455961 0.214270383
    0.220095992 0.309625864 0.446424067 0.261345863 0.987332225
    0.756834865 0.397949159 0.0467145145 0.132852584 0.781107008
    0.679611862 0.29820165 0.832256079 0.743974984 0.548936367
    0.832399726 0.322076738 0.916470647 0.419919223 0.0395662785
    0.963819623 0.504832327 0.84616673 0.423324615 0.961964011
    0.865125418 0.233506411 0.36879307 0.983539343 0.764608026
    0.956259608 0.562473834 0.0795065761 0.63724041 0.709403396
    0.00496795774 0.538027227 0.185221374 0.114632666 0.336865306
    0.250339091 0.0418310463 0.104504079 0.991416335 0.826795876
    0.58019799 0.233632356 0.948676884 0.938167751 0.501738608
    0.584698498 0.82058835 0.0684424639 0.520525813 0.785009861
    0.979121208 0.882076681 0.29246223 0.320080668 0.108577609
    0.778344989 0.19571203 0.479026914 0.203220367 0.527443945
    0.0117534101 0.747219324 0.504591048 0.726234674 0.243587583
    0.803869426 0.617906749 0.908520937 0.854013085 0.749188542
    0.573085785 0.00596180558 0.728781164 0.401678473 0.0418951213
    0.940070987 0.014383316 0.733409047 0.144338518 0.420531869
    0.934399784 0.273582935 0.630040646 0.804853439 0.791220427
    0.096237123 0.197878182 0.307538241 0.247310728 0.521913648
    0.886326551 0.178042978 0.822520018 0.563974261 0.303974301
    0.982537687 0.820759058 0.56123513 0.769464135 0.0854365528
    0.260011673 0.522262454 0.399715841 0.07136935 0.966241479
    0.888882399 0.0942324996 0.722565174 0.235624641 0.97989887
    0.54582274 0.941494942 0.332118154 0.287429005 0.18709895
    0.402449429 0.556059897 0.540481329 0.385840207 0.71191299
    0.80021286 0.00726053119 0.106489837 0.948958874 0.326822221
    0.55913353 0.957368135 0.470460743 0.900224924 0.573557794
    0.78941226 0.0115491152 0.971171618 0.501925766 0.612439811
    0.0452942848 0.473618835 0.966552258 0.748157442 0.785862923
    0.526455462 0.418459833 0.512014151 0.152853608 0.835988879
    0.439407557 0.547479928 0.339322239 0.433311969 0.551607072
    0.994474888 0.163085312 0.563335955 0.183389843 0.190020055
    0.773660779 0.980131984 0.814649642 0.298143327 0.105036467
    0.0877833664 0.80963552 0.644105792 0.416695982 0.132542491
    0.187695324 0.722972155 0.520059884 0.586198807 0.152212024
    0.264779925 0.639177263 0.814445138 0.794261336 0.142489105
    0.36735642 0.721364856 0.839328408 0.681283593 0.567084551
    0.570231616 0.0852065682 0.561919391 0.74155885 0.886017442
    0.0418083668 0.505239248 0.684291244 0.421323657 0.218412668
    0.926838875 0.0761169195 0.156398058 0.975402236 0.0811006129
    0.0730563104 0.586342394 0.622399747 0.551603496 0.170792431
    0.960560441 0.289706826 0.598336577 0.102610648 0.472436339
    0.697696507 0.974411726 0.486727178 0.827263236 0.530381322
    0.323764175 0.958132446 0.0384377837 0.307696909 0.429098129
    0.139740348 0.247313112 0.111313969 0.759239018 0.935028255
    0.801702559 0.584923625 0.255528092 0.572339237 0.519983172
    0.682355464 0.118545473 0.124168545 0.261871874 0.728096366
    0.852477908 0.891983032 0.543664277 0.189526916 0.0169116557
    0.37062937 0.107096761 0.236063927 0.0183539689 0.991678953
    0.996234775 0.164753318 0.0592266321 0.892274976 0.846387148
    0.924720526 0.289101779 0.731894135 0.219013005 0.106559247
    0.489614159 0.432071239 0.279159129 0.602200806 0.660124302
    0.269755661 0.279121786 0.744916201 0.852392673 0.803576946
    0.759135962 0.498008937 0.843843818 0.632831872 0.14864555
    0.317753166 0.939964414 0.145591617 0.113555491 0.611769974
    0.777908206 0.439775527 0.262113512 0.702211857 0.114284724
    0.413259298 0.362372965 0.163351834 0.176547647 0.242337584
    0.109140933 0.211835593 0.199876666 0.519296229 0.671265721
    0.858107686 0.926636815 0.980490685 0.808084965 0.25028494
    0.489771307 0.320704401 0.21066606 0.116373867 0.337245464
    0.355370551 0.209942222 0.0825315118 0.0354377031 0.212759405
    0.849292159 0.76608181 0.925442219 0.520329177 0.372261941
    0.827067733 0.18290934 0.469178945 0.132544249 0.0584107637
    0.0668879151 0.812606335 0.506300807 0.123445064 0.81512928
    0.0939724743 0.745590091 0.515217602 0.544074178 0.660081923
    0.591553032 0.60781455 0.5642097 0.922739685 0.605230451 0.73580718
    0.819208503 0.129057825 0.45520553 0.689617574 0.0248133838
    0.870880365 0.508730054 0.448159873 0.63220787 0.161922872
    0.66024816 0.334979653 0.334739178 0.240784973 0.706277609
    0.210082233 0.896131516 0.681276917 0.7975595 0.502026618
    0.209991127 0.0501747727 0.496801317 0.494701535 0.59954375
    0.802514911 0.533236027 0.937929511 0.449440151 0.266633242
    0.135915667 0.292445958 0.515835047 0.92136234 0.78163141
    0.993866801 0.0537443757 0.824488342 0.379457325 0.441762805
    0.908844352 0.913201094 0.769245148 0.150057375 0.163369715
    0.97893846 0.421924114 0.602017641 0.72614032 0.229991883
    0.635820925 0.599307775 0.336185575 0.245950103 0.558640063
    0.320823669 0.403211534 0.350852847 0.756679296 0.589676738
    0.920129895 0.36627835 0.556569695 0.0297544897 0.213821918
    0.164047539 0.592467666 0.745470583 0.219552577 0.0179226398
    0.758370876 0.750678062 0.457548022 0.168919295 0.727870584
    0.0507148802 0.217156947 0.57512325 0.493734598 0.905933738
    0.857993603 0.476548523 0.610646367 0.379281104 0.190981925
    0.353647202 0.0657212436 0.512916446 0.476730317 0.167670161
    0.931458473 0.221179664 0.499005735 0.597404003 0.852308214
    0.563368082 0.526136637 0.0955138803 0.716145456 0.974937201
    0.99498719 0.13462761 0.468739718 0.818507552 0.817685843 0.83088696
    0.576619089 0.650667071 0.789677024 0.135290205 0.314675778
    0.476286829 0.699629188 0.689636827 0.870838761 0.68921572
    0.37800616 0.329388618 0.586073041 0.27790606 0.444519371
    0.437851995 0.172790527 0.00603508949 0.924331307 0.769857645
    0.889271855 0.9666242 0.371139705 0.689994574 0.348200083
    0.761421084 0.518292725 0.96388942 0.247587711 0.0195931196
    0.372982621 0.558435977 0.701831579 0.835367084 0.35109809
    0.671832621 0.844193935 0.413991839 0.0154170692 0.319065094
    0.477615893 0.468313873 0.924781024 0.213906825 0.897326231
    0.135172814 0.580055237 0.429264128 0.499156982 0.128407151
    0.34759751 0.267749816 0.96674633 0.0201663673 0.776522219
    0.461894423 0.340140879 0.294709027 0.354604125 0.217769653
    0.0947767496 0.770357013 0.214413643 0.616462827 0.466664612
    0.83000952 0.425885439 0.951207042 0.130430996 0.724052608
    0.435022146 0.38874051 0.333835632 0.606305599 0.0378216505
    0.322575122 0.554776967 0.862320185 0.316260219 0.354296356
    0.0951546133 0.140858233 0.998888612 0.640642226 0.613419712
    0.0140941739 0.3461923 0.199592829 0.766714871 0.352696925
    0.0277610719 0.751573265 0.982959628 0.900280595 0.972185194
    0.549743772 0.500240088 0.0241757333 0.536764622 0.703324556
    0.487094611 0.105560333 0.0471011698 0.276048779 0.21801272
    0.265791953 0.00168886781 0.701351821 0.109124124 0.134509236
    0.259248734 0.135433823 0.162213922 0.991973042 0.577046752
    0.617440939 0.412158579 0.360332668 0.642957032 0.404626071
    0.522795796 0.0196754038 0.247868568 0.152351648 0.678783357
    0.100588262 0.920268774 0.323708177 0.588212609 0.997435093
    0.315526605 0.386687368 0.0362653434 0.778544068 0.575075865
    0.826776266 0.0758216381 0.696908355 0.267745525 0.568102121
    0.247577041 0.254604638 0.345065653 0.327552021 0.222771019
    0.959305525 0.934714317 0.0151068568 0.0408376157 0.527613342
    0.274388909 0.744937241 0.0982709229 0.68471837 0.664691448
    0.318562031 0.0164825916 0.655830443 0.00576376915 0.960491121
    0.558108568 0.571145892 0.513037443 0.910429835 0.151282609
    0.401741982 0.970529914 0.100664198 0.439927727 0.197102368
    0.270158887 0.18321681 0.502180815 0.257812649 0.699252129
    0.646241486 0.0917840004 0.454642117 0.409124374 0.928219914
    0.815880895 0.146723986 0.507184267 0.265220761 0.0590857863
    0.928112149 0.742091119 0.202722549 0.332290351 0.932058811
    0.377829403 0.23245278 0.832520783 0.989040494 0.0620518029
    0.30839318 0.575528502 0.895623267 0.555360317 0.84828198
    0.266049951 0.308398783 0.412277162 0.367901444 0.0794544816
    0.465778887 0.929748893 0.493309587 0.549859524 0.127640665
    0.289083779 0.666777015 0.724190593 0.798564911 0.661020994
    0.402340621 0.134563506 0.928009748 0.828970194 0.662684679
    0.764673114 0.399816215 0.454898953 0.881225705 0.0301730633
    0.212722301 0.953025699 0.755602241 0.0131089091 0.968990445
    0.432655692 0.542998075 0.623456836 0.541384339 0.727666974
    0.926446915 0.625859141 0.325883269 0.753733397 0.236436605
    0.159520894 0.227630764 0.316491544 0.510668397 0.688944936
    0.580001414 0.133380502 0.367048234 0.621132851 0.740995884
    0.313196748 0.661576748 0.0532815158 0.967490673 0.450103968
    0.11540544 0.00208893418 0.419486701 0.984146297 0.114571333
    0.0824883878 0.619065106 0.770221472 0.394583404 0.939072847
    0.270462751 0.888672292 0.0932037234 0.33185488 0.00633826852
    0.45867011 0.311787248 0.514092445 0.0225605965 0.983778477
    0.334124297 0.788417161 0.0467424691 0.244548917 0.0353272557
    0.255708098 0.260625899 0.193984956 0.438723087 0.857452393
    0.590032458 0.508970618 0.268533528 0.514200091 0.42906639
    0.794509113 0.156144768 0.625481904 0.272426307 0.464593023
    0.529546976 0.786448598 0.797673643 0.678010881 0.15968293
    0.861449659 0.694218397 0.947898984 0.104372114 0.215737671
    0.447725207 0.689540148 0.227294564 0.307500571 0.789497733
    0.0620004833 0.80588603 0.843003392 0.797553658 0.458809316
    0.540134251 0.943394184 0.774324059 0.934285045 0.763118386
    0.739574552 0.153039962 0.770293474 0.686744213 0.766546249
    0.562626302 0.573873103 0.623415291 0.929429531 0.0722832978
    0.553953946 0.176095426 0.253544629 0.930263877 0.594410062
    0.526630342 0.310763478 0.807276368 0.865080953 0.461714536
    0.851401985 0.482488632 0.726139426 0.429623038 0.92856741
    0.860575438 0.271354258 0.665993452 0.0568419993 0.807177067
    0.172879994 0.354344428 0.981964469 0.954804301 0.917951345
    0.458011121 0.431022435 0.999187827 0.870002449 0.991519451
    0.168634415 0.938867271 0.939360976 0.690387785 0.561155319
    0.00914278626 0.38423878 0.366072893 0.512305677 0.473724604
    0.0979295075 0.536152422 0.47081995 0.532347262 0.730042696
    0.135450304 0.506818831 0.733331203 0.187874645 0.468038231
    0.594647944 0.361338317 0.168646842 0.407647163 0.588116169
    0.515898168 0.121581405 0.293737531 0.246287286 0.0680249035
    0.457206279 0.196976036 0.911479712 0.00658464432 0.162759185
    0.380547523 0.679939628 0.674517035 0.127986193 0.0202210248
    0.835219264 0.695720732 0.350057542 0.0945173502 0.746453047
    0.374068022 0.423599184 0.0654878318 0.322428256 0.178805113
    0.79274106 0.178403646 0.990754485 0.279598057 0.840047121
    0.722162724 0.766061008 0.904840469 0.970400274 0.563869178
    0.588045955 0.319846451 0.130003422 0.280312359 0.666670024
    0.628164053 0.744699478 0.139466882 0.935448766 0.444740117
    0.564999282 0.669130564 0.496817648 0.87877655 0.226360679
    0.741847873 0.563166142 0.625580013 0.800937176 0.666341186
    0.794932306 0.290645599 0.337740213 0.405325174 0.0200729668
    0.112653613 0.282137275 0.7830742 0.506801724 0.756966829 0.3386738
    0.851847529 0.939086497 0.294285715 0.0828844309 0.640473604
    0.221758276 0.0244063437 0.673621356 0.397363514 0.12142241
    0.479897797 0.553562522 0.669348955 0.951917768 0.0813512504
    0.531993687 0.045569241 0.655879855 0.114118487 0.614379466
    0.257651269 0.0245987773 0.979929566 0.369213223 0.980577648
    0.854962409 0.23765552 0.385566175 0.63046658 0.388714254
    0.332910508 0.771862626 0.946113467 0.322981954 0.310510129
    0.436763614 0.504947782 0.250054479 0.0445275605 0.055057466
    0.458937734 0.80049777 0.798876882 0.183267117 0.296974897
    0.905269623 0.911221385 0.757206023 0.641453028 0.823291421
    0.43265295 0.225198001 0.00995320082 0.952488303 0.400203586
    0.45830816 0.292929322 0.356310725 0.977217078 0.930349112
    0.950649321 0.932699323 0.959086955 0.106635928 0.872196734
    0.123445779 0.99112618 0.259922832 0.647483289 0.207058251
    0.423469543 0.300832927 0.438880324 0.595871687 0.30430001
    0.567617714 0.333246589 0.794072807 0.0188334584 0.722715139
    0.62246412 0.0655915141 0.8324368 0.436359644 0.533296704
    0.221426696 0.584896624 0.13543424 0.484448045 0.944249988
    0.314949572 0.937656879 0.816451311 0.124402881 0.368620455
    0.965171695 0.467362821 0.128875315 0.736296594 0.897901297
    0.596357942 0.591606855 0.649447918 0.80303359 0.785802603
    0.30627197 0.029305011 0.327812165 0.770811915 0.0969212949
    0.616523206 0.814503133 0.48328495 0.326641083 0.330570102
    0.257071316 0.0672028363 0.923261642 0.219601929 0.600917995
    0.044636488 0.620826364 0.636620104 0.774844646 0.552353919
    0.877792239 0.0276403427 0.676342666 0.990933537 0.77975595
    0.47723791 0.909189761 0.664963365 0.263508886 0.508259237
    0.146013409 0.506737411 0.698223054 0.289379537 0.0196229219
    0.975065291 0.604994178 0.250179529 0.462677985 0.448942721
    0.024852246 0.439993113 0.353893429 0.648499429 0.316900164
    0.859830022 0.0127111077 0.766497254 0.623324096 0.886278152
    0.0724072456 0.951726735 0.324249864 0.246994615 0.849038005
    0.949803293 0.501042604 0.314127445 0.139823109 0.209868193
    0.379094094 0.698828936 0.369571507 0.971260607 0.368567586
    0.584738374 0.0942389071 0.105730861 0.247650683 0.814355016
    0.616598129 0.292740226 0.135133862 0.880436659 0.772131801
    0.812500179 0.964816511 0.388188779 0.349130273 0.98686868
    0.519631386 0.324809521 0.140776694 0.738921881 0.216602892
    0.146001756 0.0896874964 0.323469698 0.994182944 0.445945263
    0.0665612221 0.218335271 0.733992517 0.809342504 0.589822531
    0.095466733 0.16463688 0.854831994 0.474110395 0.415952325
    0.270092785 0.588216722 0.392243862 0.807405472 0.0740859807
    0.910041153 0.427418053 0.634076595 0.330596089 0.813790083
    0.982668161 0.986625075 0.200766534 0.979813576 0.46386224
    0.242845416 0.557439625 0.553126693 0.801452458 0.474125147
    0.616135597 0.94529146 0.782989621 0.101922572 0.176633537
    0.558233559 0.463934511 0.630426526 0.773347676 0.58289355
    0.321698755 0.940533519 0.79510653 0.937782407 0.496531934
    0.759695053 0.887594342 0.599521399 0.753603101 0.332855314
    0.389928907 0.105044901 0.243842751 0.926473856 0.348012 0.159796536
    0.384325534 0.689880967 0.633225799 0.785295665 0.174527824
    0.467938393 0.784157038 0.318069428 0.500263095 0.950407147
    0.0148066282 0.447217196 0.731604695 0.395633042 0.950531006
    0.525977492 0.0312463939 0.251266658 0.0345161557 0.277801931
    0.07057634 0.373764127 0.504348218 0.134260535 0.147389501
    0.177294821 0.896547437 0.980690837 0.692628503 0.75482887
    0.0235922933 0.223563612 0.645830035 0.868328929 0.431579947
    0.582778454 0.107353419 0.628104985 0.522303343 0.216653585
    0.857077479 0.695852637 0.414563596 0.323698223 0.809693515
    0.672045231 0.252885938 0.368972719 0.674705029 0.645357847
    0.961631119 0.62865442 0.712723613 0.0702053308 0.398042172
    0.463596284 0.562504709 0.892753363 0.673116326 0.0712245405
    0.553298354 0.436938643 0.650670111 0.797555089 0.00284004211
    0.427041918 0.244544774 0.468110174 0.963037968 0.980954289
    0.527771235 0.214726239 0.278578937 0.298216641 0.687069416
    0.604854167 0.709565163 0.550817132 0.0592449903 0.104350388
    0.618127584 0.999593437 0.428531021 0.944286585 0.411974102
    0.855385542 0.316133648 0.10284856 0.999194264 0.56765157
    0.190472901 0.839823902 0.388760179 0.801414728 0.306243956
    0.333660424 0.933103681 0.354467154 0.601028681 0.0680203438
    0.70801127 0.996383786 0.568980515 0.0619539022 0.726040006
    0.681625485 0.993193567 0.709576845 0.369125038 0.449433655
    0.483182311 0.385563433 0.570913672 0.620210707 0.663543999
    0.795168757 0.96413213 0.217743337 0.0331397951 0.673881948
    0.358703673 0.940538645 0.580595434 0.857034087 0.950450182
    0.947191119 0.58629024 0.695254564 0.563950598 0.304682553
    0.847032905 0.878178298 0.354257196 0.872745097 0.783499002
    0.970762074 0.408346921 0.37004289 0.904400706 0.914358735
    0.115321547 0.372253984 0.531811476 0.215580821 0.592579961
    0.495846927 0.522044778 0.919495344 0.0875807703 0.444392234
    0.474623144 0.4030568 0.898531616 0.660769165 0.943671107
    0.681259453 0.236842215 0.343196541 0.273852915 0.552484274
    0.5406394 0.640406013 7.93933868e-05 0.628333628 0.319772959
    0.65883255 0.965626359 0.750010014 0.718052983 0.0121699572
    0.74398917 0.380838752 0.102666467 0.598485529 0.503012419
    0.916557848 0.806483626 0.639590859 0.805051088 0.615619063
    0.97646898 0.188378841 0.465431362 0.161972106 0.263154328
    0.535367191 0.108511806 0.508762598 0.295533597 0.0359675288
    0.956564188 0.202781469 0.540039957 0.286891103 0.543928623
    0.908473611 0.237819403 0.0442789197 0.523805678 0.204575807
    0.68650949 0.416805863 0.935577273 0.918055892 0.462592691
    0.561907768 0.523723841 0.438075989 0.0821699798 0.985449374
    0.201120555 0.0220463574 0.893733442 0.425967038 0.862400889
    0.299064726 0.844227314 0.0464076698 0.320545077 0.783243656
    0.911595702 0.778424025 0.837009609 0.224520832 0.453560442
    0.974636316 0.407193482 0.210358441 0.765255332 0.987117112
    0.364613086 0.911516845 0.671304941 0.340876162 0.922357798
    0.0731545985 0.673766017 0.260089427 0.698442101 0.783132732
    0.936777472 0.0751673281 0.417902291 0.462063462 0.715540349
    0.037778616 0.0231133997 0.510188341 0.560786247 0.996892691
    0.750627995 0.276716053 0.411200553 0.910575569 0.991094351
    0.0773806274 0.270975381 0.0344957113 0.42964384 0.612104058
    0.732570052 0.279698342 0.761745512 0.440912694 0.54118073 0.9474051
    0.328830719 0.100168109 0.303019881 0.787871122 0.377045542
    0.717922568 0.678186536 0.531252027 0.92000252 0.148863047
    0.956002891 0.224619031 0.405280143 0.512382567 0.374389321
    0.698539734 0.168745786 0.122942299 0.79049629 0.829336047
    0.261373967 0.469119281 0.47786063 0.186963201 0.696418762
    0.333678484 0.458234519 0.0109908283 0.851783633 0.462015927
    0.305925071 0.74326539 0.934689283 0.415843368 0.851915717
    0.457032859 0.70389688 0.882379651 0.963673294 0.240619302
    0.91579783 0.49386251 0.566266358 0.606631875 0.0464748144
    0.896007895 0.718046844 0.438455552 0.383094221 0.119742781
    0.68957597 0.839624524 0.908685803 0.881784022 0.30007571
    0.0069976747 0.925859809 0.438717008 0.825597107 0.668066204
    0.875302434 0.45374012 0.950315297 0.106276035 0.492462128
    0.213734239 0.47802189 0.715420187 0.398452967 0.401670128
    0.359702826 0.191108733 0.842350006 0.166398376 0.864962339
    0.321012348 0.795270205 0.624320507 0.672157168 0.321522266
    0.0814366043 0.279688179 0.699700475 0.662142694 0.863864899
    0.992626846 0.538483799 0.12811926 0.0890176296 0.202704519
    0.918954849 0.887750685 0.164558083 0.168226928 0.870122135
    0.346879452 0.272340804 0.248033643 0.261786252 0.649536908
    0.131139517 0.196275413 0.699421108 0.241147608 0.0322847366
    0.862567782 0.0617990196 0.73036325 0.692335963 0.293183744
    0.78654182 0.0399573743 0.554698467 0.824963331 0.662483811
    0.0568351448 0.934858441 0.514327586 0.883264661 0.040024668
    0.103650659 0.478263319 0.19947499 0.288252115 0.936629415
    0.0580089688 0.227406532 0.698556006 0.594758332 0.756264269
    0.933845639 0.914598942 0.810859442 0.82615602 0.521885872
    0.216478199 0.491707087 0.754407525 0.449351758 0.222946912
    0.456844062 0.622880042 0.719028115 0.163049459 0.787138104
    0.921559155 0.0602760613 0.355544537 0.367145747 0.402150661
    0.218420804 0.43311137 0.333836257 0.856844306 0.754899979
    0.333297431 0.877888322 0.381721169 0.443987012 0.6900388
    0.201623976 0.734580755 0.315032125 0.729784191 0.82171905
    0.601775169 0.582945168 0.886721849 0.354697555 0.0660566092
    0.268932939 0.801720142 0.948842645 0.169979334 0.855939388
    0.669388354 0.427495718 0.00170305371 0.0310708582 0.728607953
    0.128925651 0.7286309 0.337746084 0.128955632 0.228014112
    0.546880066 0.599340916 0.345597506 0.525486529 0.741496742
    0.301890701 0.597599328 0.821709812 0.674203515 0.130543649
    0.611855984 0.848757029 0.185321361 0.0471642315 0.650555849
    0.0650275946 0.328990757 0.822251141 0.676171482 0.883616447
    0.648987055 0.969998896 0.733277678 0.560981691 0.899934292
    0.00173705816 0.716885209 0.574120998 0.473879993 0.785150886
    0.97921747 0.33626771 0.178727627 0.191582769 0.899433911
    0.610164225 0.943739653 0.534654677 0.0171814561 0.46023789
    0.165239841 0.0705751181 0.521819651 0.636255503 0.863271594
    0.817155242 0.327486157 0.772245347 0.175734639 0.138327956
    0.635216296 0.683843911 0.727003336 0.621236384 0.0540707409
    0.617810726 0.83224678 0.636171103 0.405587673 0.491195858
    0.107528627 0.131831467 0.239199668 0.201156169 0.878968954
    0.569205642 0.363363624 0.905460954 0.846103191 0.198037863
    0.247937292 0.177232295 0.923997879 0.350500822 0.388618052
    0.305876315 0.254362524 0.660509706 0.314230412 0.639031708
    0.17945227 0.440394223 0.276906848 0.300849736 0.275441706
    0.72662437 0.592772424 0.326153636 0.252119243 0.668252468
    0.389541715 0.958142281 0.0801774561 0.303352773 0.00695106387
    0.453368038 0.769373059 0.730628252 0.866100848 0.976270318
    0.25343582 0.00550159812 0.267191052 0.0988612175 0.0461148322
    0.0836014152 0.234967977 0.221823871 0.757052302 0.792065263
    0.60734874 0.0293350518 0.381723791 0.394617617 0.108878344
    0.898551345 0.731094182 0.0368666351 0.435276777 0.520394802
    0.966253161 0.974011183 0.510003507 0.413618833 0.966153443
    0.172450572 0.152667463 0.811104119 0.474733442 0.0741203129
    0.236851066 0.94773984 0.254103184 0.288174421 0.0232146978
    0.405559689 0.402004063 0.390384853 0.469218433 0.0402518511
    0.569602609 0.781484485 0.00168633461 0.286543846 0.958534002
    0.420497358 0.997270226 0.642950833 0.788169861 0.156346917
    0.372913033 0.733381629 0.381079137 0.198016196 0.73269254
    0.91900301 0.89513576 0.482481599 0.00340116024 0.712603271
    0.79372561 0.180626124 0.40713191 0.270786732 0.381047547 0.94142133
    0.654748261 0.112378508 0.378363729 0.881002188 0.738824725
    0.8215065 0.380023062 0.0356494486 0.846674919 0.653947294
    0.372523069 0.744946837 0.484463245 0.554107904 0.804974616
    0.101154655 0.421633542 0.708891809 0.330588371 0.156610668
    0.248052925 0.127968311 0.0822513998 0.670186281 0.0923740864
    0.0718581975 0.915812254 0.731799364 0.375775397 0.386087894
    0.927537918 0.73114115 0.419951081 0.0532894731 0.515900016
    0.276701212 0.621460438 0.303239465 0.165909022 0.719388366
    0.910553753 0.0608758926 0.875187039 0.747992039 0.0181102455
    0.333557934 0.291968167 0.208243459 0.247227192 0.61790961
    0.76590991 0.0988793373 0.284829855 0.170646042 0.43332243
    0.994792223 0.844984114 0.350010246 0.310478091 0.0112427771
    0.0022507906 0.477784455 0.448503464 0.194239795 0.558771968
    0.221137255 0.391298771 0.212447822 0.232424587 0.585281193
    0.328611612 0.281277448 0.501499355 0.308303595 0.611813188
    0.391514331 0.965140402 0.797780633 0.391050577 0.170512289
    0.910782397 0.251758814 0.0271765888 0.792143226 0.945896864
    0.486303598 0.859805644 0.0566316843 0.652772069 0.487102658
    0.24228245 0.97935015 0.79880029 0.639231563 0.475123256 0.303829014
    0.207858354 0.0880305171 0.480869055 0.607498944 0.301740229
    0.724036515 0.593717575 0.257807076 0.939780533 0.555911839
    0.133271396 0.0112814009 0.188247919 0.667167664 0.884934187
    0.567045331 0.812696695 0.787071168 0.582004666 0.558548272
    0.637881577 0.299169362 0.568902493 0.816042662 0.368864119
    0.178079098 0.703783631 0.255289525 0.407796085 0.737769961
    0.203398019 0.855801582 0.149600506 0.598169506 0.900412023
    0.535711706 0.0642049313 0.985193133 0.0913400352 0.195578784
    0.20107612 0.0596014559 0.171688646 0.867408633 0.0729183257
    0.872132659 0.42955029 0.444319308 0.981356263 0.454036146
    0.752939224 0.732391834 0.260452211 0.52970612 0.934008241
    0.587211907 0.185415298 0.171047896 0.902247667 0.974393129
    0.099891603 0.412061661 0.828822136 0.25702852 0.558021128
    0.260827899 0.379446745 0.430482566 0.0297098458 0.363556087
    0.838840604 0.633774877 0.200471252 0.487838864 0.732356787
    0.353765428 0.503172636 0.874664962 0.131115377 0.437402576
    0.0189485848 0.626505852 0.261241674 0.651307762 0.927062392
    0.62084955 0.777701378 0.932247281 0.164621264 0.488939941
    0.642898977 0.331818908 0.957040489 0.469026566 0.912087202
    0.252552509 0.896580219 0.665034831 0.828143358 0.842226684
    0.669827938 0.775372386 0.424016833 0.693846941 0.662878871
    0.907330275 0.917841256 0.720872998 0.317323297 0.313605368
    0.0107432902 0.468675405 0.381202281 0.947427988 0.530555964
    0.861607432 0.529446185 0.256123841 0.149817497 0.754306078
    0.72578156 0.0427094698 0.914279342 0.467238426 0.0850295424
    0.802750468 0.0859399438 0.108924568 0.646487594 0.273914754
    0.706460416 0.767103314 0.0604848862 0.173621863 0.292725891
    0.701000273 0.50044632 0.186862618 0.794759572 0.113745421
    0.537331879 0.124845803 0.475084066 0.339869261 0.121078938
    0.661760509 0.477358073 0.0262770653 0.88621974 0.261193603
    0.665329099 0.0906222165 0.00840857625 0.628489256 0.731564701
    0.793880343 0.494977325 0.374775916 0.434824705 0.707844317
    0.449847877 0.632537127 0.146708041 0.427507043 0.56940949
    0.858360052 0.850174069 0.925596237 0.134551913 0.880573988
    0.89201951 0.647567809 0.228686661 0.295434892 0.124893248
    0.84887296 0.365997791 0.771303892 0.682308853 0.192752957
    0.432365775 0.0473711193 0.086697787 0.337115109 0.723015964
    0.621650815 0.681823611 0.932876587 0.0755714476 0.235687941
    0.490668744 0.763731003 0.12732619 0.527021289 0.564350963
    0.0914541781 0.101737201 0.183385462 0.0266238451 0.773166299
    0.86590302 0.826300263 0.808895707 0.0571355522 0.883399248
    0.472704768 0.967097044 0.367462337 0.0567773879 0.68927604
    0.769810617 0.508321166 0.598386109 0.560191989 0.339107931
    0.606610119 0.757217646 0.536182761 0.567701161 0.0529781282
    0.324917823 0.0400525928 0.110896856 0.787083268 0.10403195
    0.283081442 0.0533641875 0.3616561 0.383566946 0.0728008151
    0.370215595 0.0164088607 0.388961732 0.823550463 0.0650077164
    0.40367943 0.650354147 0.601714611 0.913360953 0.27939719 0.54890871
    0.945424795 0.698952794 0.593285739 0.854985356 0.282187939
    0.0277129114 0.133194268 0.553829134 0.145374656 0.123925894
    0.229509234 0.162145942 0.0834120214 0.945430994 0.0643773079
    0.394833744 0.79978168 0.254916489 0.803305089 0.424200654
    0.668427944 0.898440897 0.66900152 0.0905241668 0.61161989
    0.986780643 0.549500883 0.649294615 0.108601272 0.669974029
    0.154379159 0.86089766 0.346270621 0.436915159 0.862604499
    0.914262712 0.27270323 0.93426913 0.711920202 0.837324977
    0.209627628 0.963424802 0.864219427 0.100357383 0.941687346
    0.803576589 0.231619447 0.449392557 0.0205607414 0.824303448
    0.669014215 0.60440433 0.110228896 0.42882821 0.67049861 0.484134138
    0.241580725 0.349167466 0.564182222 0.317395389 0.760997415
    0.726972222 0.482554317 0.162654698 0.276458204 0.187141627
    0.676966608 0.952591419 0.131732106 0.846951127 0.51526618
    0.317278504 0.0996583998 0.231060058 0.327962101 0.120245397
    0.29044196 0.528470397 0.466852993 0.0579149723 0.117127866
    0.697441339 0.326835781 0.27996543 0.341061115 0.224472672
    0.937432945 0.598655403 0.83657515 0.193693072 0.476379514
    0.668598175 0.10615167 0.470383108 0.44818607 0.841363907
    0.125304043 0.175860047 0.0169169307 0.665427864 0.861958861
    0.477213025 0.189203024 0.982561886 0.601808786 0.180813432
    0.715312839 0.595656395 0.40558821 0.829763174 0.383401752
    0.651626468 0.385624796 0.763365149 0.801554024 0.295367032
    0.510281324 0.993019342 0.156831026 0.588811457 0.400907516
    0.927286327 0.26849997 0.124575734 0.0740291178 0.334911823
    0.600816011 0.988882065 0.097039938 0.0497361124 0.653997421
    0.263460398 0.678644776 0.555065334 0.695806384 0.371916294
    0.533047616 0.932588816 0.457563043 0.470563263 0.903088689
    0.755592227 0.638927102 0.0936869085 0.330949366 0.331595302
    0.12656492 0.758577466 0.778290987 0.70122993 0.906400323
    0.977101922 0.245738983 0.497136116 0.0877621472 0.678431988
    0.287551463 0.89555335 0.656453311 0.60065192 0.763342202 0.13973859
    0.510019004 0.651462078 0.886456251 0.785239816 0.110740632
    0.811636448 0.977729321 0.805776477 0.75554049 0.955894113
    0.45200792 0.440442592 0.683282673 0.332696676 0.985338509
    0.322114795 0.492323995 0.0224868357 0.126228869 0.0973012447
    0.226849943 0.933927298 0.0749301314 0.647216439 0.139511913
    0.514796913 0.783789873 0.418409616 0.547380209 0.740737557
    0.427921236 0.418581486 0.413470566 0.0819456279 0.0660091937
    0.5797804 0.0164181888 0.341689676 0.0554586053 0.763794065
    0.339574575 0.725950122 0.35123831 0.330292821 0.907145739
    0.712198436 0.41902554 0.102538973 0.249419957 0.833531737
    0.333168328 0.0670770109 0.395154715 0.39740482 0.653609574
    0.31195125 0.896008968 0.883276045 0.123316169 0.977879524
    0.55238229 0.571916819 0.789858103 0.583636403 0.812439919
    0.39417851 0.0297604799 0.787897885 0.192503482 0.244736969
    0.00561329722 0.513392389 0.153092414 0.413048208 0.356271654
    0.363348365 0.129071444 0.590884864 0.164661735 0.859731317
    0.313112319 0.0738969147 0.724936008 0.102452993 0.526649058
    0.793643236 0.652815461 0.488493592 0.38009423 0.564362466
    0.0402307212 0.764105856 0.973016262 0.559085071 0.524086237
    0.846589386 0.239761174 0.547033489 0.554910183 0.506027818
    0.0870734453 0.251616061 0.125005156 0.291696548 0.126420826
    0.0440328717 0.089832902 0.10348621 0.233047634 0.964872241
    0.516620338 0.891321719 0.342370123 0.501595736 0.954752564
    0.0754413605 0.648418903 0.712932229 0.22289598 0.982585073
    0.495900095 0.702635825 0.946788788 0.918939114 0.938095152
    0.344962299 0.882924259 0.103315264 0.597198188 0.249729007
    0.660436213 0.162892222 0.608985364 0.553391457 0.776601672
    0.188473672 0.454047918 0.220494539 0.364728034 0.463643104
    0.597937763 0.668250084 0.391387522 0.45295006 0.539129496
    0.39390853 0.175463319 0.611073196 0.00344386697 0.246259034
    0.360534787 0.685226858 0.693892777 0.384963363 0.464484841
    0.62867099 0.156329125 0.699834645 0.813788891 0.848878145
    0.0319092274 0.692021728 0.72769177 0.560713232 0.46576336
    0.804491699 0.283443093 0.226490378 0.712022424 0.919302702
    0.952656984 0.456975937 0.702906013 0.912685633 0.375315487
    0.192323655 0.152908683 0.586181164 0.655855358 0.845106602
    0.879825592 0.503023148 0.360588789 0.962154686 0.40538013
    0.283422053 0.798973322 0.732647717 0.578711212 0.15794012
    0.373322994 0.762551665 0.36192584 0.244159132 0.644432902
    0.876479924 0.718186378 0.216829985 0.801639736 0.184049547
    0.0939017832 0.657163739 0.756326616 0.322934389 0.203928977
    0.724222779 0.267058849 0.42430234 0.201103002 0.890672803
    0.634353876 0.877715826 0.888234377 0.983958602 0.466741413
    0.074629277 0.95186621 0.75364387 0.276585877 0.405955791
    0.197353482 0.699766099 0.956445932 0.841155648 0.0388569534
    0.841584086 0.140856713 0.984828353 0.852224827 0.416577816
    0.367333114 0.0814276338 0.301826656 0.300994754 0.722489536
    0.771849453 0.782890797 0.400024146 0.000894844532 0.4830935
    0.293088853 0.42814818 0.710782528 0.281594515 0.794735074
    0.346447766 0.376514584 0.745959282 0.21610859 0.885305047
    0.576331079 0.247293591 0.989147425 0.573385894 0.962612748
    0.577029288 0.583133638 0.725723684 0.0572864413 0.585770607
    0.0884011984 0.795473456 0.130707026 0.86823988 0.712083697
    0.261220276 0.358250886 0.00492784381 0.166357934 0.810667753
    0.107834071 0.567158818 0.799141586 0.238206118 0.401281774
    0.813020527 0.377580404 0.594523549 0.91973871 0.159224331
    0.448542386 0.419287682 0.661426544 0.680176616 0.75467515
    0.776095271 0.972128272 0.817165852 0.631868482 0.144940823
    0.551946044 0.0878769755 0.500287116 0.419802904 0.25319767
    0.555255234 0.397598863 0.797316432 0.921853185 0.23356697
    0.14052695 0.217252612 0.188649595 0.658465207 0.636419952
    0.806773543 0.47823292 0.448687315 0.840008736 0.28045845
    0.539777875 0.463486314 0.351974726 0.719658792 0.261401117
    0.329857886 0.200008482 0.180508673 0.290537506 0.831448078
    0.262183726 0.883808255 0.254300117 0.131290317 0.891514063
    0.503406644 0.250295997 0.0651429892 0.242832959 0.026344806
    0.0921235383 0.184461266 0.76679045 0.119423926 0.163772106
    0.833854973 0.615498006 0.240513355 0.338539928 0.259894699
    0.993033409 0.196049243 0.0277852714 0.825793266 0.0789601803
    0.341458976 0.00535094738 0.895058036 0.478694856 0.322707772
    0.509672701 0.576479912 0.546981096 0.75147438 0.316141069
    0.0415497422 0.96006912 0.732682824 0.267418772 0.565479398
    0.103924066 0.964432955 0.970772445 0.152258337 0.784503937
    0.742412686 0.530197859 0.415557444 0.000810861588 0.655045331
    0.539287984 0.67066437 0.426261276 0.707743585 0.686322987
    0.39573431 0.497277558 0.647718132 0.393132538 0.894073665
    0.994499207 0.761605263 0.642048836 0.308754861 0.607567549
    0.490879923 0.843653858 0.572796285 0.272273183 0.649455547
    0.15919438 0.885411978 0.577042699 0.493268907 0.187162042
    0.510215819 0.955937028 0.849074602 0.515980005 0.0637106597
    0.974422216 0.810468614 0.338404536 0.832819223 0.726046801
    0.903717935 0.366650105 0.339356899 0.512791097 0.579268575
    0.539038837 0.546522498 0.703790843 0.358793318 0.248951077
    0.449641496 0.0996109247 0.961030245 0.390117973 0.843936682
    0.872786283 0.356720358 0.263874292 0.696686029 0.818339229
    0.10913974 0.121122897 0.714237809 0.673370302 0.969819427
    0.638989389 0.986715078 0.419219196 0.202674568 0.695862472
    0.877727449 0.413213313 0.531042635 0.0401225388 0.359064311
    0.794265389 0.449191302 0.225839823 0.842590094 0.67067343
    0.720394731 0.506703615 0.654554307 0.681437492 0.852671266
    0.622337639 0.108320355 0.257668734 0.23086229 0.443385005
    0.00747090578 0.83360976 0.938898265 0.916157961 0.990225136
    0.715817809 0.122784257 0.675302505 0.857054353 0.43862167
    0.502084553 0.899347067 0.481934726 0.353051603 0.365882695
    0.708394468 0.262691617 0.758479595 0.463404238 0.523170173
    0.55667907 0.747652054 0.580496669 0.963264942 0.0611647069
    0.997657835 0.497206211 0.970736027 0.473111778 0.337107956
    0.354849517 0.104107887 0.705004454 0.234798998 0.624071181
    0.578781962 0.170390278 0.458110392 0.397002161 0.262240052
    0.63157618 0.110471129 0.389316827 0.719190121 0.439661235
    0.664913297 0.153805971 0.94252634 0.0567366779 0.525742114
    0.648391545 0.832695723 0.898976088 0.835030556 0.449512839
    0.271852791 0.536140442 0.234271646 0.350755751 0.726886749
    0.135670811 0.0338060558 0.173196137 0.627920806 0.698118448
    0.88645339 0.586726129 0.0699814558 0.33083728 0.868497729
    0.52842617 0.0589172542 0.474649191 0.627637267 0.313311875
    0.769024611 0.979724765 0.0505582094 0.0260748565 0.562009573
    0.88724035 0.641669393 0.334127367 0.268889487 0.161972821
    0.860791445 0.639063418 0.162090957 0.791101694 0.0608142614
    0.735817313 0.354508102 0.694689512 0.920305729 0.933711827
    0.111678869 0.0188565254 0.127038062 0.853350163 0.213107586
    0.0867435038 0.562255621 0.30029881 0.846595168 0.345263749
    0.391425729 0.945376396 0.885350466 0.776134253 0.307710648
    0.125215739 0.558396995 0.954550385 0.58291322 0.179441452
    0.356161118 0.528111339 0.777904689 0.572935402 0.933470249
    0.835552335 0.320331901 0.138739884 0.395979345 0.233018368
    0.401924312 0.929627299 0.774838805 0.689661264 0.432191968
    0.8778795 0.099956274 0.454383671 0.0455138981 0.801208019
    0.492684633 0.379325002 0.406699359 0.0175202787 0.421960652
    0.574692786 0.21939683 0.798638701 0.0981346965 0.989060879
    0.724636316 0.396862507 0.805550396 0.0542387366 0.1549972 0.7994982
    0.805464387 0.457550228 0.20306924 0.49224636 0.281114519
    0.712208271 0.0335043371 0.89969033 0.320326567 0.192372888
    0.652237654 0.989622116 0.163894981 0.357601225 0.350865036
    0.710391462 0.731702149 0.242695004 0.37837714 0.35175705
    0.838032424 0.438113153 0.315082788 0.509500265 0.0662219822
    0.43064487 0.467765093 0.697119892 0.972550035 0.45620501
    0.804552317 0.602564454 0.230796933 0.519917607 0.744766533
    0.802732706 0.213966966 0.734851599 0.751470327 0.693470955
    0.32721287 0.263741195 0.402789116 0.641570628 0.154283851
    0.941960633 0.399856269 0.0476377308 0.771879673 0.545065463
    0.770605206 0.312080622 0.922568798 0.994777381 0.544647038
    0.765600681 0.39003399 0.960724711 0.170801908 0.605350733
    0.492432922 0.400209278 0.0225200951 0.172195435 0.123625636
    0.337841421 0.403382599 0.206255525 0.688010216 0.713131607
    0.892240882 0.153277278 0.392780304 0.585399032 0.904941916
    0.794234693 0.0683043003 0.151646674 0.167563409 0.185339808
    0.0815694928 0.456114709 0.789414465 0.486344516 0.537457228
    0.442335546 0.148101151 0.755533934 0.782767773 0.332895219
    0.734825552 0.0530962348 0.358484 0.67065376 0.842134356 0.522773027
    0.919403195 0.202164412 0.353953242 0.374648899 0.197646469
    0.770282805 0.65097332 0.564132929 0.625436008 0.708071887
    0.324894071 0.734187603 0.0235720575 0.990915298 0.806263864
    0.522980332 0.508265376 0.358519912 0.83845365 0.575134158
    0.498773932 0.943692923 0.666401923 0.394907355 0.326454699
    0.955192447 0.777348161 0.309490293 0.932440162 0.234140188
    0.398035735 0.911513209 0.838067889 0.305873156 0.900249243
    0.771894813 0.233236194 0.366259754 0.42574805 0.864905715
    0.227994829 0.70676291 0.982663035 0.836416841 0.509333134
    0.497419596 0.0124907494 0.0780638456 0.856656969 0.742045403
    0.525253654 0.856470942 0.947687447 0.967263818 0.842743039
    0.745991707 0.639200747 0.743921459 0.527275145 0.622979999
    0.442142427 0.170636922 0.0979910791 0.623161197 0.138631701
    0.893616021 0.212148219 0.345147431 0.393403351 0.988173604
    0.254953325 0.733983696 0.4738653 0.0562944114 0.571215034
    0.672139525 0.945333064 0.239601374 0.603896618 0.622997403
    0.761202872 0.0337813199 0.992773771 0.986259341 0.543100238
    0.163534999 0.211580217 0.571510553 0.816213369 0.271757483
    0.184042752 0.655259848 0.872852325 0.33368814 0.0434898138
    0.300075591 0.125509858 0.538059831 0.406247377 0.674505949
    0.926518202 0.0759123564 0.89198643 0.752016664 0.630554676
    0.612023473 0.71124053 0.0571294129 0.164258659 0.941835105
    0.984420896 0.275279403 0.588470459 0.0276553035 0.544628859
    0.158172786 0.23098731 0.758216381 0.710976362 0.143456727
    0.844380856 0.21109727 0.618156016 0.211344421 0.547016025
    0.129844993 0.217192054 0.944756269 0.419674188 0.496757895
    0.624875426 0.555304706 0.14967975 0.799735188 0.093953222
    0.332302451 0.878411889 0.792346239 0.748472154 0.182465315
    0.374575526 0.775396407 0.559781134 0.650598407 0.772686839
    0.53066498 0.0777842402 0.451234698 0.351804018 0.322889268
    0.407651156 0.872978568 0.553182364 0.311912298 0.0782902837
    0.554679632 0.744104207 0.0267668068 0.589756906 0.571440101
    0.842303753 0.904559016 0.369159222 0.0942011476 0.130450249
    0.868735552 0.426665008 0.294985056 0.098442018 0.0287301838
    0.0409497619 0.289772421 0.983860016 0.0436249375 0.676311493
    0.570270181 0.360588282 0.0122357905 0.573538899 0.555999458
    0.818654299 0.414213628 0.418910503 0.815529943 0.964773178
    0.3816486 0.64456749 0.0405859947 0.661000133 0.607893944 0.65802294
    0.481008768 0.243443221 0.865505934 0.43455559 0.369090468
    0.571192622 0.815430343 0.727938831 0.607289672 0.347698867
    0.147101074 0.827490747 0.764773428 0.547995508 0.133628845
    0.587758958 0.898038149 0.160625517 0.427871466 0.136840731
    0.520806491 0.940914512 0.344014168 0.539628506 0.997457206
    0.160806835 0.405476213 0.73439163 0.924054742 0.346184373
    0.0603562295 0.824269712 0.0174356103 0.405523658 0.688915133
    0.162085831 0.818629622 0.0103009939 0.120562136 0.393800646
    0.211574137 0.416629791 0.140134841 0.462932795 0.975927711
    0.384865493 0.594583571 0.294619083 0.389406741 0.195869952
    0.526904404 0.260512769 0.0801194608 0.645983934 0.680522084
    0.223481059 0.926696777 0.519583046 0.457496583 0.53428179
    0.897063136 0.0626156032 0.496272862 0.210184991 0.349464893
    0.415629119 0.0866659582 0.291472524 0.525207281 0.0830356181
    0.0664806366 0.831956148 0.569077909 0.460073173 0.777210057
    0.280739754 0.383629441 0.153232157 0.735156775 0.579411983
    0.0978750885 0.361989975 0.385280073 0.914087534 0.0356010795
    0.0986899734 0.0561226308 0.397241175 0.526077569 0.347920209
    0.733090401 0.73933959 0.221233457 0.291662037 0.553631723
    0.199109375 0.977770448 0.149405658 0.478175044 0.206443131
    0.85557425 0.456105232 0.502565682 0.187240422 0.693131149
    0.187496424 0.19184497 0.820023239 0.202027917 0.363341421
    0.437683672 0.00906038284 0.980255425 0.467408568 0.574657917
    0.0478305817 0.917845368 0.609418392 0.828726768 0.0442109406
    0.33929354 0.450947016 0.659820378 0.103506416 0.842985511
    0.742102385 0.550779819 0.570605755 0.38062349 0.0416412055
    0.518177509 0.738358796 0.489410251 0.381157368 0.0634143651
    0.697235465 0.957015157 0.41090554 0.354992568 0.245892704
    0.0740651786 0.284510136 0.56825006 0.064961493 0.835631013
    0.981565177 0.504536211 0.94159627 0.766950309 0.80901885
    0.640287876 0.264358431 0.537348092 0.0716870427 0.104717135
    0.0843197107 0.482738644 0.86214155 0.20727393 0.409836292
    0.75095135 0.148746848 0.20732069 0.236018449 0.709096789
    0.363248408 0.269970059 0.0233148932 0.400543004 0.665551484
    0.950367749 0.718850911 0.408949792 0.284596026 0.145991594
    0.84745872 0.400188148 0.167542934 0.919139147 0.149388283
    0.0621070564 0.873893261 0.450441241 0.974208832 0.152717531
    0.758451223 0.163685858 0.471972615 0.0861218572 0.0828405023
    0.136118025 0.279505014 0.805438519 0.154295236 0.272951305
    0.550827146 0.746959209 0.748473823 0.525633693 0.894129038
    0.541677713 0.399625838 0.0552837849 0.0501875281 0.305294573
    0.39189142 0.0195913017 0.0215305388 0.458463877 0.975394428
    0.515812814 0.957770824 0.76307857 0.57421124 0.301077068
    0.323427975 0.424124122 0.552187145 0.918690443 0.945207596
    0.605346501 0.604872763 0.368926823 0.239745408 0.804301918
    0.900701165 0.748832822 0.0916152 0.641026139 0.88965106 0.675186992
    0.441449404 0.0767269135 0.674931288 0.302699924 0.504598439
    0.906676054 0.935788989 0.097243011 0.1933586 0.171419173
    0.575731039 0.275886238 0.297908396 0.981392741 0.0838858187
    0.436937273 0.892899156 0.825698197 0.319729984 0.449506611
    0.535380125 0.502687514 0.49246794 0.800858915 0.583353519
    0.935539663 0.626843333 0.269755304 0.763890147 0.389101923
    0.218772173 0.112966746 0.963345408 0.968016922 0.707396567
    0.199982226 0.173798889 0.754850626 0.500607133 0.607720375
    0.0784745514 0.828425884 0.0683756769 0.843163371 0.621820092
    0.783121347 0.388898343 0.57294184 0.267965436 0.228674591
    0.878170609 0.209931523 0.355720043 0.37378034 0.614600301
    0.856902361 0.863291502 0.489584476 0.100876719 0.503554285
    0.620741487 0.0951533318 0.923646092 0.175603122 0.155429929
    0.589807272 0.197619796 0.236268818 0.643218875 0.194632322
    0.352099001 0.532936335 0.27217406 0.936595798 0.0304912031
    0.767074108 0.263588369 0.485672235 0.200960696 0.279855669
    0.0431409776 0.0502961576 0.158558369 0.35606873 0.0532738268
    0.549164772 0.374514639 0.626477361 0.732051909 0.412094891
    0.904230952 0.73990041 0.766535938 0.0510587394 0.567237854
    0.495568931 0.304514378 0.0711259842 0.0522566438 0.133026481
    0.842195034 0.213360518 0.817215085 0.112948954 0.451886684
    0.145269096 0.637138844 0.3980667 0.297816992 0.396989793
    0.728102446 0.789643526 0.929915845 0.743221045 0.960299015
    0.396512866 0.0402582586 0.39051342 0.989024162 0.605300844
    0.737692475 0.296486229 0.483205318 0.571170092 0.487501055
    0.27387318 0.847824574 0.718491435 0.398305088 0.399555206
    0.232490689 0.267778099 0.371961027 0.761808038 0.241715074
    0.750309229 0.653872728 0.948554158 0.407929033 0.844999433
    0.539865553 0.599894524 0.273414433 0.0828277767 0.938603282
    0.910261869 0.695374429 0.598383188 0.186313957 0.897328854
    0.362420619 0.833859563 0.779525757 0.648578644 0.404302537
    0.680572689 0.32486245 0.108820796 0.434535235 0.0459375978
    0.640268087 0.684933662 0.783011198 0.0558164418 0.629603386
    0.132699102 0.310650259 0.098305583 0.155022234 0.62567246 0.2903772
    0.388804495 0.211485147 0.222095132 0.160522491 0.421816885
    0.945095837 0.226933807 0.379165828 0.829753518 0.543260336
    0.016138643 0.0100370944 0.496012092 0.707110643 0.344641864
    0.443788111 0.577339172 0.199214071 0.706235707 0.616283 0.587634921
    0.769034386 0.756764054 0.783289313 0.0901893377 0.862114906
    0.543539882 0.134450287 0.133644015 0.900040865 0.518335044
    0.111152589 0.147083074 0.823411465 0.777730584 0.119326472
    0.94658494 0.576595962 0.511773467 0.385831356 0.369646728
    0.631069124 0.0807726085 0.53241533 0.603206575 0.113709211
    0.325239003 0.926631927 0.193773478 0.128566593 0.818037629
    0.948305249 0.599734485 0.942335367 0.31092447 0.0526396632
    0.899034917 0.824752808 0.69925034 0.0956322253 0.290361881
    0.333858728 0.700760722 0.840601444 0.19654572 0.00404283404
    0.753376603 0.495148093 0.632210612 0.236594379 0.209761292
    0.938518286 0.43720144 0.349791169 0.721859932 0.425137013
    0.31138581 0.224853367 0.817152739 0.734955072 0.264784783
    0.112200618 0.418867767 0.897717953 0.0177236795 0.213450402
    0.196023971 0.407767951 0.418414474 0.42111218 0.244852215
    0.213763505 0.507117271 0.235563368 0.687312007 0.0809917748
    0.515608132 0.872225881 0.534289062 0.231154859 0.534178972
    0.86250484 0.348191917 0.553252757 0.0737365186 0.470475793
    0.474761218 0.186951339 0.450307727 0.21937108 0.411182672
    0.210083812 0.443381757 0.735113323 0.0552624464 0.035097748
    0.881878853 0.941540718 0.0029796958 0.341709435 0.669231415
    0.595960677 0.599573255 0.312416315 0.719456196 0.646714747
    0.853880882 0.695829332 0.989594877 0.476659596 0.210014611
    0.341005921 0.0245198011 0.348908961 0.0347108841 0.238014042
    0.328369796 0.894367814 0.588992655 0.140706003 0.0341226757
    0.364142895 0.968253553 0.330034733 0.621574044 0.536960542
    0.523549318 0.668805659 0.70071888 0.47052151 0.812065601
    0.658412337 0.884558201 0.00154274702 0.785001516 0.78354764
    0.752970397 0.940327168 0.879787028 0.876800418 0.863406658
    0.0660426617 0.489564121 0.375662893 0.251056492 0.13035965
    0.117537647 0.86880213 0.474751025 0.111634851 0.536497891
    0.027121067 0.816574335 0.691099286 0.705552638 0.265811682
    0.0663114786 0.45771724 0.850120306 0.958483338 0.983971477
    0.718714714 0.335084498 0.203787208 0.868158579 0.559241831
    0.229120821 0.15803352 0.183382928 0.317745447 0.665208757
    0.504915595 0.186855584 0.822634161 0.133045644 0.28442052
    0.805619717 0.939392447 0.506573558 0.317667514 0.509667635
    0.76743257 0.274755418 0.410250455 0.63127178 0.0981628597
    0.636408567 0.820811868 0.994592786 0.980123937 0.875433743
    0.628439426 0.881417096 0.107258439 0.815431833 0.408280283
    0.0336708128 0.105738848 0.913072467 0.998064041 0.845347762
    0.631695032 0.914362907 0.547950923 0.100456476 0.609359741
    0.51660651 0.738161623 0.532457709 0.0475601256 0.0039921701
    0.417894453 0.589392662 0.413483799 0.7603091 0.0527068079
    0.990595818 0.669226408 0.87661469 0.702195704 0.214887172
    0.892285109 0.332440406 0.0364223123 0.551355898 0.534051776
    0.570028424 0.970515728 0.762506485 0.402540922 0.977021575
    0.0744883418 0.349480361 0.506579876 0.141824365 0.855698407
    0.274383307 0.455109417 0.840747237 0.385429829 0.485156327
    0.539057016 0.459967464 0.955804944 0.143368274 0.880291462
    0.0383784175 0.253605485 0.0562974811 0.836068094 0.688659728
    0.745061755 0.417667001 0.508035302 0.80405426 0.879710913
    0.647300005 0.512987018 0.0878529847 0.164234698 0.283685744
    0.666005015 0.980360985 0.674755394 0.922008991 0.0532744825
    0.27653116 0.39381817 0.552356362 0.111010671 0.542469144
    0.459426552 0.337054312 0.285129607 0.0605573058 0.122986287
    0.0230371356 0.236503392 0.588820994 0.18848145 0.373090148
    0.190257102 0.864931464 0.752333224 0.486219466 0.481857449
    0.540255368 0.222170323 0.377423912 0.146706849 0.137839496
    0.119640648 0.726396799 0.965465307 0.819863796 0.880145907
    0.133908749 0.631153584 0.492423952 0.85785538 0.85270071
    0.479002565 0.0261278749 0.585490346 0.458913088 0.44568947
    0.861275852 0.410392255 0.131114036 0.539212286 0.610772491
    0.218070328 0.568804026 0.693327606 0.723371446 0.442167729
    0.499431074 0.691123486 0.656423628 0.612618387 0.776661992
    0.944599628 0.744214594 0.119354546 0.657821953 0.931903839
    0.49596405 0.182871878 0.679794788 0.252994746 0.714467525
    0.829861581 0.990862668 0.103697717 0.671112895 0.501106083
    0.77611959 0.0565668941 0.547488868 0.0772015452 0.122326583
    0.729776382 0.806925714 0.160486281 0.508354664 0.310915291
    0.439402908 0.331443429 0.48769784 0.207709581 0.275954187
    0.210693121 0.0899536312 0.850859761 0.321823001 0.907642126
    0.999737859 0.652104318 0.940126181 0.952884912 0.316555977
    0.418682873 0.388673335 0.267862082 0.159220338 0.830526054
    0.0857034028 0.756477475 0.880907893 0.427385718 0.433548927
    0.051112324 0.537703454 0.480051011 0.0630772412 0.216978878
    0.593394041 0.52542156 0.971244991 0.618249774 0.552883506
    0.60588336 0.944110751 0.447458655 0.89313215 0.877798975
    0.700853527 0.0720344186 0.822492838 0.462462991 0.439905584
    0.895810664 0.80434531 0.765035033 0.719992876 0.791283965
    0.263668239 0.967360675 0.230005145 0.476648897 0.605044663
    0.794430017 0.841845274 0.303137541 0.310242057 0.755622745
    0.442764312 0.960225999 0.120178521 0.152020514 0.468091816
    0.0955107212 0.534791708 0.532643974 0.523016214 0.966674685
    0.0119302571 0.938882589 0.514730453 0.692063451 0.278441429
    0.292843848 0.69174248 0.225338876 0.414968699 0.413093179 0.9732548
    0.59469682 0.918946266 0.312600613 0.351835817 0.741948247
    0.709498882 0.104774952 0.786782146 0.137908638 0.233970761
    0.59913677 0.447393298 0.695030391 0.791302264 0.135058612
    0.521036506 0.692352295 0.81215775 0.0644794106 0.80858314
    0.820715725 0.261939049 0.971825778 0.60157752 0.277430028
    0.0223898292 0.304821372 0.297334075 0.543575227 0.932660639
    0.470366061 0.52749759 0.0540453196 0.348019451 0.567904055
    0.992366314 0.093980819 0.159531742 0.728965878 0.0567456484
    0.764892995 0.737747371 0.948325515 0.890596569 0.854561329
    0.89411521 0.079842478 0.276059985 0.160886168 0.81322515
    0.504088581 0.658734441 0.0394923091 0.0394388437 0.245110393
    0.922603607 0.922140419 0.652904749 0.101379752 0.81056881
    0.477493018 0.929919243 0.188609421 0.0681233108 0.468951464
    0.64454025 0.544480801 0.00913652778 0.309649974 0.157802999
    0.618983984 0.368371725 0.489408374 0.0714041293 0.165986478
    0.407973349 0.301553607 0.944957614 0.795268178 0.119640499
    0.411793619 0.457952827 0.633125186 0.812516332 0.388546258
    0.695415795 0.382551491 0.287094653 0.357180774 0.956418753
    0.15218094 0.980987787 0.838233709 0.305782914 0.723663449
    0.533990979 0.786376238 0.0897586346 0.852651775 0.14432162
    0.551467359 0.209067553 0.218908757 0.750459075 0.990846455
    0.891464114 0.6649459 0.758630514 0.126369178 0.248615861
    0.664311111 0.385290027 0.52700007 0.88245368 0.890871048
    0.583587289 0.918859363 0.16864872 0.173136055 0.596165419
    0.399297416 0.956839681 0.354666293 0.416660309 0.568111777
    0.292007208 0.952061415 0.654716671 0.741985977 0.797716856
    0.660631359 0.352944672 0.973800778 0.864394546 0.840344429
    0.862303436 0.654126585 0.850973606 0.375780106 0.546302438
    0.171954453 0.0774721503 0.582550645 0.54225862 0.467462718
    0.430143863 0.462565899 0.731108904 0.469682723 0.0875382423
    0.403959066 0.584114134 0.841284633 0.25001353 0.780874908
    0.61948663 0.295128763 0.804084659 0.858264804 0.774410605
    0.466996342 0.75606823 0.501791477 0.791456103 0.624416351
    0.69544524 0.506176472 0.0193443596 0.881688595 0.0537335873
    0.41468364 0.316192746 0.813758373 0.127070427 0.315939128
    0.155417174 0.497504085 0.16413939 0.942955136 0.367166579
    0.387241691 0.63083005 0.590254128 0.344059795 0.860984206
    0.721510828 0.791414738 0.331410527 0.455272049 0.242599696
    0.100464493 0.798487902 0.0933403075 0.0261935294 0.584983766
    0.819435656 0.512475967 0.71241945 0.582152367 0.4778938 0.816191852
    0.40257442 0.150785983 0.559856355 0.0944041312 0.927093267
    0.280285239 0.506816983 0.566094518 0.588372886 0.46419093
    0.583004594 0.9499017 0.526728451 0.364010334 0.711931467
    0.419459373 0.144280225 0.0782280564 0.922822118 0.294413954
    0.605497003 0.657512069 0.49744606 0.123738021 0.149012715
    0.949536443 0.298789501 0.824772477 0.463427335 0.592942059
    0.845509052 0.706111193 0.326671422 0.2451334 0.138712794
    0.666137576 0.88062346 0.192174315 0.785482764 0.222419411
    0.931751847 0.317021638 0.418979406 0.861105919 0.914303064
    0.416623056 0.237233967 0.501832664 0.170717835 0.48959136
    0.146777391 0.468784422 0.532678306 0.596947074 0.384568304
    0.427791595 0.564682901 0.788158298 0.168220371 0.51217252
    0.585943282 0.177548915 0.255467653 0.529824376 0.935165167
    0.324503362 0.720818222 0.373350531 0.186403334 0.840958536
    0.912745237 0.570398867 0.263839483 0.301925689 0.660218716
    0.795170784 0.798092902 0.279235363 0.370009243 0.0061956346
    0.279812932 0.806705713 0.510055244 0.539890945 0.511210978
    0.155746222 0.0732672811 0.87414068 0.902745366 0.00624781847
    0.575232029 0.412541449 0.0837829411 0.336776257 0.539530814
    0.768883467 0.0508943796 0.131262988 0.258239359 0.458994865
    0.662001014 0.770616055 0.311889112 0.396102428 0.46291694
    0.0570592582 0.0697863698 0.0420945883 0.835908055 0.584343314
    0.424382567 0.118174404 0.104459524 0.64695698 0.524758279
    0.133371323 0.0308993161 0.0964467227 0.19506368 0.767971933
    0.0624926984 0.598338902 0.871981621 0.0834484696 0.256855071
    0.396284163 0.356423497 0.241206616 0.494811982 0.529088497
    0.506890893 0.0145432949 0.763277054 0.820691109 0.348826766
    0.0869784057 0.352954686 0.439780831 0.555095732 0.469495714
    0.0865567029 0.0275595188 0.460229576 0.604795873 0.0304454565
    0.590207279 0.116741627 0.732097924 0.52307117 0.239887893
    0.218846947 0.649934769 0.0363499224 0.414213717 0.0633224249
    0.402950674 0.428400069 0.771277487 0.755000472 0.891988039
    0.431656122 0.832220495 0.234252214 0.858085155 0.177386016
    0.452937871 0.635159552 0.389462113 0.491881549 0.540089965
    0.762712717 0.370564431 0.792157173 0.0939777792 0.942520142
    0.613200784 0.612195194 0.405041903 0.90834415 0.24859345
    0.990027726 0.030436039 0.904089808 0.743754089 0.266467512
    0.258536458 0.595362127 0.233430594 0.0312151909 0.377997577
    0.00524845719 0.778738856 0.838490963 0.224931002 0.196489811
    0.181837618 0.31207791 0.841338992 0.923075676 0.228149801
    0.353718728 0.410087585 0.763212442 0.0427362025 0.215387076
    0.339606225 0.430125117 0.890778542 0.135262042 0.873610973
    0.194032699 0.729452372 0.345431417 0.244842023 0.103421122
    0.875604928 0.656818271 0.181990683 0.21367529 0.780833364
    0.580963969 0.188093394 0.728350759 0.290391088 0.573338985
    0.907104313 0.678064942 0.996253669 0.231615156 0.172070831
    0.313862801 0.304017663 0.295236647 0.632207096 0.795433879
    0.545832694 0.873722136 0.892243028 0.797488689 0.283366114
    0.377987921 0.258890152 0.780730665 0.48530975 0.286517084
    0.800643682 0.0142362714 0.696187019 0.627484202 0.835344315
    0.155493081 0.840912163 0.519320369 0.180559516 0.959297657
    0.571983457 0.461712837 0.661184967 0.961734831 0.0533520877
    0.453121901 0.207862109 0.16569382 0.102075249 0.394192874
    0.831339836 0.290125966 0.993876934 0.331514001 0.551718593
    0.834211886 0.467201412 0.244702756 0.179028302 0.571337223
    0.836914897 0.938800573 0.971020937 0.636771917 0.580582917
    0.385730088 0.0294157267 0.0289286375 0.647293806 0.179314643
    0.850338221 0.385841906 0.522702217 0.681615353 0.154739738
    0.940126002 0.574349582 0.978853583 0.472581029 0.850722075
    0.787292778 0.848077834 0.323486388 0.697607577 0.12814644
    0.908924937 0.33737421 0.465455353 0.544163108 0.555914938
    0.0773310363 0.234651059 0.0332489908 0.729206085 0.0588528514
    0.43501097 0.740377128 0.929257631 0.786145926 0.998675704
    0.216461599 0.236334175 0.219565421 0.0634356141 0.144818097
    0.788425267 0.235284299 0.825063586 0.827634633 0.92994976
    0.912888944 0.59864676 0.241829336 0.976928174 0.739296973
    0.387850046 0.475274235 0.849763036 0.0689289868 0.503222108
    0.808416009 0.379795581 0.766724706 0.0478156805 0.504346609
    0.253311992 0.390146375 0.777355075 0.909694016 0.420792937
    0.580006301 0.298087329 0.0406534672 0.828484893 0.101386517
    0.991811574 0.421093822 0.086317271 0.351474315 0.0709427297
    0.050309062 0.0954891443 0.830441415 0.272100598 0.232331872
    0.947176695 0.122934222 0.447119683 0.420954645 0.218159556
    0.897954822 0.921685457 0.0210178196 0.224009395 0.936452985
    0.879042745 0.212863535 0.172660798 0.0876306295 0.145223856
    0.65457207 0.148134828 0.280772686 0.242905289 0.582272112
    0.186426222 0.880930185 0.841580272 0.715699792 0.903172374
    0.175768137 0.236916512 0.947512984 0.231723309 0.918824732
    0.637179732 0.129674017 0.047776401 0.201443046 0.354811251
    0.374224365 0.569537878 0.633648336 0.211411595 0.975561738
    0.335668266 0.616358101 0.787255406 0.64771378 0.235773027
    0.318541765 0.659798145 0.226785541 0.64139986 0.170755178
    0.325484276 0.934280396 0.470260918 0.329948872 0.310290843
    0.0808899403 0.482316524 0.290162504 0.285185426 0.987316847
    0.716174483 0.63733542 0.497638971 0.203764588 0.576516688
    0.74938792 0.51031822 0.613923848 0.798077703 0.508633137
    0.893685818 0.883092999 0.091609329 0.807426095 0.247236878
    0.98051244 0.371654361 0.373326123 0.151419371 0.223145515
    0.429275692 0.43268472 0.151007473 0.115739495 0.234389484
    0.367255449 0.0937888026 0.28696093 0.240974635 0.0524204075
    0.228314847 0.61210531 0.0392022133 0.234630018 0.198713303
    0.817285717 0.057056129 0.383880377 0.139246821 0.368123412
    0.198414177 0.491959989 0.476843745 0.15656656 0.251717031
    0.513407528 0.129987389 0.440320313 0.560839713 0.395524263
    0.481247127 0.311899543 0.597111583 0.465994418 0.315709978
    0.0815926492 0.686217904 0.499245018 0.664819896 0.214603394
    0.220776796 0.606621921 0.81833148 0.106370419 0.38637349
    0.582965493 0.53309226 0.261591375 0.381526291 0.938522816
    0.238709927 0.0829722881 0.405554771 0.366988689 0.829863846
    0.4572393 0.169461221 0.587194383 0.468467593 0.754995048 0.6153934
    0.191363335 0.946890056 0.470051706 0.945249677 0.0406333208
    0.462075055 0.264596224 0.94295001 0.112659901 0.51137054
    0.641848624 0.877827585 0.882268548 0.0838759542 0.181831896
    0.854753196 0.946375489 0.267134249 0.226074696 0.624624848
    0.484675467 0.5194363 0.943580866 0.45830822 0.128689975 0.525325239
    0.061216563 0.687140644 0.623019993 0.38071245 0.310437322
    0.253923625 0.365866482 0.567213356 0.913403332 0.320683151
    0.804540753 0.529970646 0.543771863 0.94379878 0.669772327
    0.583886564 0.0178361237 0.682112813 0.632455409 0.998382568
    0.259360284 0.00044387579 0.392142266 0.890603542 0.470705569
    0.177712113 0.966321468 0.125787646 0.934427321 0.926349044
    0.589443207 0.270564198 0.913385034 0.292841375 0.27411449
    0.723036051 0.822402716 0.0508236587 0.977245688 0.366036981
    0.451788574 0.104795903 0.693156302 0.263065755 0.172055006 0.603239
    0.490310341 0.695449114 0.982590556 0.459919065 0.177924901
    0.45068109 0.420105606 0.332468152 0.231661946 0.44404313
    0.875911176 0.181441426 0.442874521 0.679256797 0.414726615
    0.657933593 0.0699420273 0.247145355 0.887574792 0.829502106
    0.577960372 0.653288245 0.888257504 0.746873617 0.789503038
    0.133905083 0.406398594 0.698651671 0.0491625667 0.112845659
    0.880231738 0.81708777 0.179581285 0.00958508253 0.0949939787
    0.054956615 0.468756914 0.992917299 0.00822165608 0.52709043
    0.64233464 0.319543064 0.116300493 0.793861628 0.182004094
    0.209100008 0.921796799 0.791591048 0.877884328 0.959383726
    0.483595371 0.511276841 0.3116346 0.598198175 0.307609797
    0.459975064 0.724291086 0.360155106 0.660214663 0.133626789
    0.852048397 0.587601364 0.32017985 0.0763320625 0.874944448
    0.862025201 0.081679821 0.822776914 0.223306477 0.253656864
    0.701389074 0.377107352 0.975782394 0.519600391 0.92353785
    0.816114843 0.0179517269 0.623000801 0.544072688 0.63771385
    0.00861421227 0.787819505 0.0869424045 0.769676387 0.136815131
    0.0523535609 0.953147531 0.100988358 0.294557512 0.227012932
    0.384022474 0.807611346 0.451758921 0.077650249 0.484205574
    0.14802447 0.251011431 0.691981018 0.798355579 0.708034933
    0.00577747822 0.99053967 0.264051527 0.83855921 0.504057825
    0.342430055 0.882208824 0.221585512 0.425748408 0.421554178
    0.398209095 0.980418563 0.781159699 0.778645396 0.0454940796
    0.455223829 0.350763857 0.738557935 0.573254824 0.509504199
    0.141024858 0.184693605 0.0389345884 0.98301506 0.843899071
    0.149765253 0.328811765 0.499458909 0.758477569 0.219877571
    0.490957916 0.943994999 0.305472434 0.597711265 0.795023322
    0.918526173 0.114513963 0.730026126 0.837527514 0.0101480782
    0.152612895 0.245918691 0.196305096 0.358924299 0.413168997
    0.114686906 0.726347446 0.640921712 0.550514996 0.0910793543
    0.662432671 0.171991587 0.177437901 0.781318307 0.0255388618
    0.320256293 0.750213146 0.31962052 0.891381621 0.569700122
    0.0196715295 0.197693974 0.738933861 0.980497003 0.145405561
    0.13282758 0.43248871 0.461855799 0.0127495229 0.323365569
    0.051538825 0.410454452 0.844814956 0.900780678 0.964666605
    0.687408209 0.363201201 0.598711312 0.897920132 0.399273574
    0.93358916 0.582498431 0.67780441 0.944593072 0.170209885
    0.799807191 0.854595959 0.908158422 0.0895649195 0.497536242
    0.896475792 0.153254211 0.875925124 0.232696801 0.584969461
    0.234439194 0.930473447 0.521676838 0.301466644 0.799572229
    0.655230939 0.626934767 0.157063961 0.600139916 0.656579971
    0.176584363 0.426985383 0.921775103 0.90361768 0.17507863
    0.761403024 0.935771942 0.506745875 0.717490435 0.183429807
    0.0248575807 0.676275849 0.00111231208 0.655177414 0.956301093
    0.299546242 0.998020053 0.664674938 0.462430835 0.944246531
    0.0496352613 0.0440886021 0.950642943 0.940935969 0.623405337
    0.905732393 0.691953838 0.675463498 0.218948662 0.00253537297
    0.778262973 0.0230505764 0.132151097 0.0304271281 0.0539140105
    0.726039767 0.141658098 0.494922698 0.691222072 0.73642391
    0.268864304 0.848807931 0.947303176 0.223317802 0.479253471
    0.830708444 0.673565209 0.417891622 0.780948997 0.130626917
    0.829482794 0.405942887 0.88610518 0.372562766 0.903928995
    0.731154442 0.0994926989 0.0173837841 0.654442668 0.382268369
    0.819609463 0.239128858 0.0768000185 0.2584126 0.917933583
    0.26563412 0.901332557 0.284909427 0.319063991 0.309669375
    0.417154998 0.309914589 0.492217034 0.320150793 0.881403327
    0.728014827 0.611862421 0.592762709 0.18703258 0.626345575
    0.494018257 0.216122717 0.778947949 0.859190702 0.103473842
    0.235679656 0.34223038 0.598895371 0.0853722692 0.780774951
    0.435611129 0.243066609 0.967446566 0.674337268 0.412886441
    0.347046077 0.977683783 0.547118902 0.93698895 0.260543585
    0.365750551 0.0425392091 0.162437528 0.366627365 0.977533162
    0.595812619 0.755618751 0.584396124 0.969458342 0.592107415
    0.941510201 0.250400752 0.563523531 0.787724555 0.0994880497
    0.549077392 0.187518805 0.117998898 0.650531828 0.163879931
    0.44862783 0.790148199 0.586398363 0.759609401 0.495506704
    0.264688671 0.00866836309 0.557566881 0.114057869 0.462530762
    0.0368403792 0.28655538 0.844954491 0.302060336 0.503456771
    0.0382716656 0.579102039 0.0263478458 0.136243254 0.896331072
    0.775468707 0.0182198286 0.944658518 0.916995347 0.594641447
    0.870995402 0.265987128 0.536486745 0.633075953 0.790261269
    0.533115089 0.536906242 0.625379086 0.00828313828 0.182196409
    0.34339866 0.879585028 0.616288841 0.870275259 0.0925139189
    0.631663263 0.09041664 0.503712773 0.414826661 0.275673568
    0.810492039 0.577894866 0.366917759 0.377358079 0.170111507
    0.577085137 0.698018014 0.32062906 0.471547693 0.455517083
    0.919783294 0.718134582 0.0881029367 0.665648282 0.96716249
    0.368257165 0.932301581 0.335700303 0.662077308 0.341146111
    0.707306385 0.207375497 0.995519876 0.237228096 0.581925631
    0.705177784 0.309429646 0.195611775 0.85625422 0.731383026
    0.133114398 0.505433261 0.182574719 0.768558085 0.544712961
    0.0648816526 0.964257717 0.397603095 0.923296332 0.549228191
    0.371053427 0.389854014 0.90331161 0.602108479 0.0294466913
    0.685834169 0.125643671 0.361326456 0.861744881 0.458849728
    0.117158532 0.388141364 0.737752259 0.249983758 0.455371261
    0.937375784 0.15408048 0.401331246 0.333744884 0.641289711
    0.458903491 0.848714709 0.603539526 0.179713309 0.337684274
    0.740130365 0.689084947 0.579997599 0.257183492 0.696635246
    0.825476289 0.747691095 0.206774801 0.88514787 0.666606128
    0.116606146 0.424054205 0.911670923 0.182127684 0.034399122
    0.615114331 0.631432235 0.0613713562 0.880029321 0.233150065
    0.713561893 0.0365440249 0.740920782 0.159065455 0.798909724
    0.17462796 0.39558211 0.07423985 0.489593923 0.52054131 0.386330783
    0.0601605475 0.461956799 0.34011066 0.514785826 0.866563737
    0.696078598 0.00267311931 0.820082307 0.42138201 0.965997338
    0.549822628 0.684604883 0.479680926 0.098172456 0.294577926
    0.815667987 0.692319334 0.115094244 0.734371185 0.712627292
    0.25841403 0.932603002 0.393773258 0.8894279 0.316254765 0.389614612
    0.315878689 0.0646943152 0.91362083 0.499324232 0.376963466
    0.394559026 0.619067729 0.417695194 0.26007551 0.997091889
    0.710554719 0.454174221 0.0376274288 0.112673968 0.552760303
    0.618312836 0.774672568 0.457469195 0.279709756 0.75790906
    0.0444486737 0.812745094 0.667307794 0.70197928 0.594225168
    0.72318542 0.0877779722 0.456393361 0.98325479 0.872291923
    0.0938177109 0.562951922 0.831712604 0.461093247 0.786880374
    0.0815111399 0.330681324 0.384677827 0.689472556 0.410404116
    0.0575405955 0.491534621 0.155313402 0.706663668 0.436598748
    0.587805688 0.829602003 0.580695152 0.597553372 0.372342587
    0.822627664 0.26340872 0.589950502 0.0225137174 0.195570111
    0.653569579 0.0634769201 0.155920982 0.828832209 0.250899196
    0.204204768 0.595760465 0.320412874 0.186707675 0.910502911
    0.638782382 0.0899991989 0.590932548 0.96981895 0.00684225559
    0.733392537 0.153434783 0.746177137 0.629202962 0.208958626
    0.038476944 0.107594609 0.308330685 0.188249707 0.958743513
    0.654632449 0.882648587 0.470230281 0.0095923245 0.368660629
    0.314958215 0.432964206 0.786625206 0.845394254 0.522239506
    0.457762629 0.570878208 0.816171408 0.89401114 0.9719491 0.571752787
    0.997160673 0.50532645 0.885725439 0.52078402 0.474801749
    0.275338024 0.309604645 0.748305082 0.0699630082 0.520675361
    0.602717519 0.0466642082 0.0500005782 0.257997066 0.744874656
    0.856902122 0.574573994 0.767454028 0.385971338 0.874917448
    0.872767746 0.469795555 0.668563128 0.748973668 0.140074342
    0.921081483 0.973858714 0.758249879 0.828940511 0.064986527
    0.053565681 0.875925899 0.809133589 0.32629326 0.173065841
    0.859074235 0.691828609 0.506371856 0.909182191 0.277667135
    0.475599349 0.12384358 0.698123932 0.45117873 0.996717274
    0.335932732 0.473423064 0.201857597 0.284734726 0.242390305
    0.341775537 0.708614707 0.383930326 0.59848243 0.3854931 0.720173836
    0.244764715 0.930833578 0.918278337 0.0957672 0.780911744
    0.973637223 0.18982774 0.0961280465 0.741875112 0.710138917
    0.221944898 0.342443228 0.994890213 0.822760463 0.0181644857
    0.544216812 0.425555497 0.753950775 0.806650937 0.875112891
    0.600015521 0.992325008 0.167477787 0.832169294 0.224842429
    0.0966302156 0.635689795 0.527747393 0.594332933 0.250284433
    0.9658705 0.333799243 0.759528637 0.0513270795 0.0646852255
    0.50498265 0.249617219 0.704710126 0.396411955 0.140956193
    0.137600869 0.674832463 0.805085063 0.966988802 0.884405494
    0.759161592 0.8897686 0.193212062 0.598147571 0.459346175
    0.920376718 0.996686339 0.679624438 0.905317962 0.574435532
    0.748530626 0.298923612 0.346015573 0.0249120593 0.416754454
    0.675501645 0.419929266 0.828823507 0.599517703 0.285874248
    0.49049741 0.0120244622 0.787159324 0.983041167 0.687997758
    0.89464587 0.0445122123 0.771103859 0.0805242062 0.473688513
    0.541101336 0.92777884 0.821864784 0.161640435 0.810959697
    0.692690432 0.518018961 0.102540314 0.52285099 0.522408128
    0.65038681 0.526836157 0.772291541 0.382024288 0.203532636
    0.394202024 0.270197868 0.217147231 0.0346738994 0.0460661948
    0.853238642 0.95921576 0.951831579 0.781236529 0.279122502
    0.636126757 0.985565126 0.0703352988 0.321651995 0.531179547
    0.245699316 0.586440444 0.859057307 0.562898636 0.0332421064
    0.175926894 0.252551079 0.452841163 0.847859621 0.578615189
    0.166083038 0.292414963 0.700993717 0.809356689 0.608268321
    0.490532726 0.424942136 0.148950696 0.426287442 0.141335666
    0.817469478 0.853387117 0.520176649 0.681948185 0.723198771
    0.96946764 0.600686431 0.763931572 0.0047712326 0.978372693
    0.731247962 0.147062987 0.132601142 0.0244239867 0.364762306
    0.343537748 0.144970953 0.557120502 0.71999383 0.15900442
    0.261413962 0.78032279 0.546925783 0.109834403 0.600957394
    0.572121561 0.238889813 0.604442596 0.140042841 0.34632951
    0.581572473 0.0543787479 0.318937302 0.0150794089 0.0891782045
    0.171149462 0.183364779 0.570690632 0.0680485666 0.857642174
    0.604795218 0.692836463 0.524302185 0.714636445 0.378796786
    0.133404464 0.920444787 0.656798124 0.871443987 0.86313808
    0.264693826 0.814614892 0.91489327 0.340282947 0.111738414
    0.316902667 0.496469885 0.278380692 0.430987179 0.97164768
    0.799400628 0.116640866 0.541793466 0.856584311 0.120351553
    0.000815957785 0.387589753 0.105543554 0.58492589 0.865636945
    0.51288116 0.0693013072 0.748111248 0.0851712525 0.879059434
    0.0801450014 0.497276872 0.858957767 0.373825014 0.407972127
    0.638508081 0.306328952 0.413786292 0.264053047 0.136952758
    0.6150195 0.182384104 0.185557872 0.443902612 0.194011748
    0.0366809666 0.960103273 0.941389084 0.476632744 0.527050853
    0.960076392 0.138074487 0.575482905 0.979552507 0.766378641
    0.730145276 0.15943408 0.919677019 0.495785564 0.0820055306
    0.414117217 0.809192657 0.769798398 0.775407791 0.595638454
    0.514148474 0.475118101 0.0978149772 0.0963363051 0.782397032
    0.678947449 0.728748143 0.185296535 0.773038387 0.96501255
    0.53962332 0.237043411 0.966797829 0.0132646561 0.587522626
    0.363410085 0.567900896 0.487880081 0.732120633 0.43511349
    0.548346937 0.298488319 0.0435722172 0.792454839 0.771666348
    0.270850301 0.501743495 0.5486992 0.104130417 0.881337404
    0.00322562456 0.749337792 0.538918197 0.346342713 0.935335636
    0.78330946 0.192755044 0.681006312 0.746006668 0.656816304
    0.494348139 0.674585879 0.110776275 0.0433126688 0.506786108
    0.710860848 0.831239939 0.124752849 0.165237337 0.890263379
    0.648979962 0.208625644 0.871741533 0.201319128 0.929525673
    0.562583804 0.0092150569 0.698829532 0.7298733 0.17895028
    0.501619935 0.838705301 0.947314739 0.798649549 0.630525529
    0.0972302854 0.336507022 0.546233535 0.902529776 0.13139078
    0.524505377 0.438554943 0.017464906 0.791231513 0.0870600045
    0.269304037 0.195955962 0.733352065 0.453976244 0.396909148
    0.355206072 0.820866048 0.767208695 0.0568016768 0.793576121
    0.485520661 0.995572209 0.0851394832 0.658383608 0.531891584
    0.551340103 0.125987887 0.452412754 0.428496152 0.958447218
    0.920182109 0.746962905 0.79259795 0.803201854 0.853539348
    0.982944369 0.0658616424 0.296756744 0.617808938 0.15624553
    0.000713050365 0.0818331838 0.347670704 0.918758988 0.551825523
    0.756393254 0.224167198 0.576715648 0.695169687 0.26668638
    0.172593266 0.665298104 0.190892607 0.44354707 0.961680949
    0.703919709 0.992468059 0.0961951911 0.324068964 0.876400888
    0.386166751 0.0273274481 0.638929605 0.634134948 0.575567365
    0.834306717 0.458776265 0.0977915823 0.351117671 0.234258801
    0.507634342 0.0185434222 0.993529677 0.611803412 0.690369844
    0.866504073 0.59181869 0.715762734 0.767089367 0.00881224871
    0.37013334 0.348349631 0.936372042 0.655214727 0.68358618 0.92015785
    0.250962347 0.991616488 0.185368627 0.930779815 0.646139562
    0.549082518 0.498171449 0.249231219 0.268242061 0.868385911
    0.896905243 0.599506557 0.56524086 0.726867259 0.590152025
    0.383401364 0.841457605 0.600983799 0.424831033 0.719732225
    0.411652267 0.572149694 0.0762753487 0.553441465 0.485114902
    0.251132309 0.464562714 0.602440357 0.300054371 0.884227216
    0.251421392 0.887756526 0.569210887 0.0130472779 0.249233216
    0.275607586 0.218772829 0.271654248 0.35921666 0.866796374
    0.982360959 0.555598199 0.246279836 0.614265084 0.538715243
    0.275203705 0.695951521 0.35440433 0.151825815 0.62105751
    0.0407992899 0.966454268 0.232258588 0.128964126 0.71158886
    0.468986034 0.573900938 0.0153872371 0.849338412 0.385033101
    0.555295885 0.817323625 0.969111681 0.564465582 0.000288784504
    0.96497643 0.71271807 0.643629313 0.547994018 0.43034941 0.617028236
    0.304020643 0.00175592303 0.0833658576 0.233834803 0.154329866
    0.424393117 0.768188655 0.303989232 0.992964506 0.164224178
    0.0338166952 0.640633583 0.778191924 0.949612021 0.322247446
    0.925822854 0.77843833 0.552549899 0.128872663 0.982179761
    0.902933717 0.0568478703 0.00207218528 0.149768323 0.566961467
    0.930918097 0.00211715698 0.816651821 0.102405816 0.849571943
    0.644903898 0.641654134 0.435706079 0.0879601538 0.890682518
    0.552471757 0.896813154 0.744822085 0.573985457 0.503168643
    0.133954167 0.790498137 0.422916502 0.616007805 0.06287238
    0.695279002 0.542133093 0.0937749147 0.583556771 0.823729455
    0.476309031 0.336604476 0.0514481366 0.238762379 0.873536408
    0.753233492 0.531952322 0.0699023902 0.738886118 0.405201912
    0.119070888 0.097504884 0.406541437 0.139503568 0.00905555487
    0.000499784946 0.978916645 0.580003142 0.412750512 0.986119628
    0.110744178 0.465715587 0.73107183 0.798230052 0.172091186
    0.450029969 0.0616550446 0.815227628 0.524353504 0.809217572
    0.921998203 0.697605312 0.84663868 0.905455291 0.43021369
    0.924226403 0.0640076101 0.0896611512 0.681432366 0.0411403477
    0.882518411 0.836864352 0.486865699 0.703195572 0.137703121
    0.744102836 0.620668352 0.608640075 0.742866993 0.090572089
    0.666792989 0.101800919 0.00504764915 0.936098814 0.579031765
    0.486206532 0.582858562 0.395642161 0.780029655 0.235756814
    0.735574305 0.0427128077 0.306464612 0.142673969 0.509359062
    0.0207092762 0.490070581 0.26205045 0.0588104427 0.90191704
    0.218442678 0.243007898 0.0786102414 0.784737706 0.140397877
    0.591457486 0.067969054 0.574758708 0.906243086 0.430297524
    0.242608726 0.89055872 0.124094456 0.481799304 0.194206655
    0.559972644 0.700327039 0.762686372 0.593351126 0.174039781
    0.952909112 0.587145388 0.998400569 0.323897213 0.429656774
    0.985745072 0.872031868 0.34152329 0.940164685 0.603181601
    0.735018492 0.631444156 0.909949422 0.0848838389 0.660222888
    0.491086602 0.404369235 0.474672407 0.919569731 0.630685091
    0.145167112 0.00767949224 0.4000597 0.581460118 0.124851316
    0.419999659 0.930964351 0.848977745 0.558988333 0.0214616358
    0.689619958 0.0225427747 0.967356026 0.624432147 0.0277603865
    0.894409478 0.646570861 0.0326026082 0.247137934 0.902748823
    0.514386833 0.883954525 0.120117158 0.168746084 0.0423231721
    0.525863409 0.871910691 0.0610978901 0.0706899762 0.042797178
    0.965515494 0.39608115 0.580645621 0.448384464 0.435195744
    0.725126207 0.134962946 0.170021445 0.333393335 0.527418852
    0.475005835 0.565700769 0.427547961 0.380482346 0.816618085
    0.199764073 0.499778599 0.479541391 0.428467095 0.518927813
    0.600723207 0.100635111 0.0367811322 0.75571698 0.550855458
    0.252759039 0.527110398 0.825794816 0.239148825 0.152260721
    0.522989213 0.553892016 0.291695118 0.535895884 0.0584596097
    0.854819417 0.336476654 0.914170861 0.0551803112 0.889961898
    0.974640131 0.710051417 0.719972849 0.876475334 0.87459904
    0.825721025 0.0155584514 0.430314213 0.132246107 0.167571485
    0.353606164 0.839545667 0.0607498288 0.876892209 0.0786599815
    0.116618872 0.23238048 0.324577034 0.137616128 0.393181562
    0.50740993 0.725972891 0.435538113 0.357697487 0.556868017
    0.463982403 0.367045283 0.22969985 0.844240665 0.745483696
    0.544453084 0.999661028 0.505180538 0.93355751 0.329428017
    0.00165948272 0.845226407 0.631265998 0.680642426 0.880705357
    0.957882404 0.814446688 0.637903094 0.69044888 0.428645939
    0.0262107849 0.652338684 0.243693024 0.986990929 0.403247476
    0.122947991 0.178310543 0.52238965 0.0735479891 0.628765047
    0.889540315 0.86154294 0.23552081 0.0580264032 0.273474336
    0.615010798 0.316528141 0.43257767 0.97709024 0.642689645
    0.246828228 0.394534051 0.473847389 0.109852374 0.000624716282
    0.541194797 0.530595303 0.281297982 0.633215904 0.894320726
    0.698639572 0.383639038 0.513056934 0.663806677 0.829787195
    0.323746681 0.0925570428 0.970665157 0.285403252 0.973802805
    0.187184513 0.19946757 0.663026571 0.685525477 0.488104731
    0.0982478857 0.979274213 0.390761703 0.541020811 0.450178266
    0.885195136 0.709622204 0.718720078 0.196065784 0.865833342
    0.206807762 0.166185409 0.0426501632 0.913839579 0.460050762
    0.801420212 0.764695346 0.675684094 0.678138435 0.0977119505
    0.156610638 0.411230147 0.246783942 0.228541106 0.950629115
    0.978278458 0.699150741 0.164167345 0.567384601 0.662920892
    0.0393638015 0.72199893 0.177501321 0.40229252 0.393568724
    0.872152805 0.0985261798 0.26719749 0.897451043 0.51422441
    0.516674399 0.215725303 0.257531822 0.95247227 0.729049683
    0.963598788 0.97806561 0.753984571 0.215630829 0.579542279
    0.34373039 0.734296381 0.466659307 0.482805848 0.954595923
    0.289468169 0.213886619 0.0706237853 0.770734429 0.0828642845
    0.747129738 0.995986104 0.740665436 0.0765649974 0.284962207
    0.560155034 0.245547712 0.19603616 0.772616565 0.76860106
    0.946234345 0.916264653 0.841492355 0.869756818 0.127426654
    0.36168316 0.0194551945 0.891128242 0.468986779 0.964196682
    0.420343041 0.892270565 0.240533054 0.197442204 0.00782877207
    0.123147607 0.99294728 0.73118031 0.859017968 0.647371292
    0.838436246 0.979882956 0.68340373 0.737480521 0.767833054
    0.822329938 0.133997411 0.858528495 0.069401294 0.805351317
    0.160066098 0.924770594 0.67230165 0.319448024 0.973844469
    0.752315044 0.828721583 0.666756272 0.44301632 0.110573262
    0.0219990313 0.752675295 0.039111197 0.700783253 0.969095826
    0.895368278 0.987127662 0.135168105 0.257758856 0.486863196
    0.773169041 0.0418225229 0.749081433 0.897928476 0.08731848
    0.838492632 0.368260175 0.946849823 0.205411524 0.978620589
    0.0176945031 0.755493581 0.115925193 0.353637666 0.437376261
    0.464233488 0.256809264 0.662818193 0.207020879 0.949099541
    0.0169627368 0.941262543 0.743292511 0.879271507 0.577010572
    0.423249602 0.664146185 0.0683004856 0.84433341 0.408725262
    0.403822422 0.564017653 0.126092136 0.919468522 0.072075665
    0.769464791 0.701477468 0.954996645 0.118754685 0.78548038
    0.00342646241 0.568976462 0.838637114 0.906635523 0.370188415
    0.0382593274 0.499805003 0.829562902 0.700436711 0.461161643
    0.996922374 0.661136806 0.23556301 0.137722403 0.0274444818
    0.541412771 0.561435997 0.199190468 0.942743242 0.014087528
    0.571728945 0.361433506 0.083689034 0.702402711 0.0166309476
    0.318811655 0.239853442 0.117082119 0.6533584 0.813819051
    0.723853886 0.370778561 0.697271585 0.15560618 0.779038429
    0.724743128 0.690655589 0.661788583 0.68257606 0.644039869
    0.354214609 0.974211097 0.318315327 0.41910857 0.240625292
    0.998810172 0.618710935 0.688906491 0.0737564266 0.181616932
    0.37310499 0.652868986 0.127122104 0.0750220716 0.248410165
    0.433276474 0.19705531 0.628174305 0.423786134 0.409400135
    0.928534627 0.80764401 0.209054351 0.651106954 0.998820186
    0.70457691 0.727163196 0.207728058 0.840412617 0.030026406
    0.365085006 0.0935690105 0.212596357 0.520376921 0.889446259
    0.333285779 0.451510996 0.946426272 0.381960452 0.399454921
    0.226273477 0.576066256 0.677044511 0.0382739902 0.769423664
    0.517776966 0.0252575278 0.883395076 0.568361163 0.42229417
    0.914883733 0.885467172 0.894874275 0.270879447 0.761282206
    0.559367836 0.227265298 0.210884213 0.440969437 0.423433125
    0.210743487 0.641527474 0.0990738273 0.0399887264 0.250060081
    0.20029062 0.536914468 0.505740762 0.541536629 0.458855093
    0.846828222 0.271042705 0.236468554 0.589406073 0.706407011
    0.793696225 0.10336569 0.893625259 0.94972837 0.609668612
    0.729919195 0.53833729 0.744217157 0.0689127445 0.501888752
    0.280319095 0.461564541 0.428045541 0.952646494 0.276983231
    0.346283853 0.686904013 0.726042271 0.848720908 0.0637399852
    0.726389408 0.874463141 0.414070308 0.621695697 0.977515936
    0.0700028539 0.0548854172 0.58954215 0.68999362 0.295481265
    0.782931685 0.309895992 0.866044819 0.547065675 0.109168798
    0.95849371 0.990671277 0.623797894 0.438674241 0.329693347
    0.0999986529 0.394556016 0.998521209 0.406715691 0.160901755
    0.323893726 0.889699042 0.359884441 0.995559514 0.192499459
    0.399664074 0.767244995 0.167901963 0.0876555145 0.607198715
    0.217408806 0.54990083 0.603086114 0.0521358252 0.906360567
    0.800139785 0.755933702 0.885582447 0.0919312835 0.731921792
    0.216674298 0.497417927 0.494263142 0.0113736689 0.40616852
    0.127489388 0.758622825 0.572631478 0.773397386 0.333554029
    0.292786002 0.171353489 0.356565058 0.387710035 0.268755257
    0.032175988 0.559373438 0.0353641212 0.703334689 0.521688223
    0.795042634 0.85950613 0.0508857071 0.769327521 0.23270908
    0.125497282 0.501298428 0.359768808 0.353463471 0.351149917
    0.347630024 0.673387527 0.538213551 0.302101135 0.993096471
    0.810023248 0.283824563 0.571195006 0.545428991 0.837146282
    0.574404418 0.584712863 0.0786580145 0.844020367 0.607149661
    0.748690367 0.306300551 0.566480517 0.100343823 0.957437932
    0.334373325 0.0451112092 0.865680456 0.290136158 0.490093648
    0.104177892 0.467156887 0.635096431 0.58593899 0.740402281
    0.714989185 0.731510103 0.130173922 0.469658494 0.0357471108
    0.329501569 0.616335571 0.730352879 0.4825975 0.402981341
    0.529225707 0.739587426 0.257488906 0.184894711 0.906141877
    0.796029091 0.0379488468 0.592723191 0.104344815 0.316829145
    0.733460188 0.940580726 0.687201202 0.405793667 0.99023068
    0.159325719 0.571815968 0.308352023 0.917597532 0.619422138
    0.0339450836 0.24144727 0.857535064 0.707023203 0.461402833
    0.483230978 0.416546732 0.549745083 0.408069372 0.535008609
    0.868873715 0.403890282 0.878870547 0.0325703025 0.939404011
    0.794969022 0.108377814 0.871993899 0.58399719 0.221657306
    0.89088881 0.521776915 0.47300446 0.544580519 0.541481316
    0.898135543 0.217071474 0.724368632 0.653012395 0.359382391
    0.642316639 0.379546106 0.041754216 0.0367141664 0.425594807
    0.798886418 0.531367183 0.0451127887 0.709088802 0.998390615
    0.0901150107 0.155895561 0.1306822 0.364159793 0.409310877
    0.718215823 0.257683367 0.489512056 0.885553718 0.279343545
    0.404261053 0.018409729 0.514679849 0.158889681 0.542553067
    0.591896832 0.376461715 0.630915642 0.200429738 0.361317992
    0.744746089 0.141720355 0.682207763 0.944369018 0.456359208
    0.69466567 0.918523908 0.00255089998 0.899184763 0.286016434
    0.201809824 0.768086255 0.583686829 0.691091359 0.912986279
    0.131893933 0.722249925 0.202951372 0.383322567 0.556844115
    0.0478261113 0.147166163 0.618494093 0.0485742688 0.961452127
    0.793054163 0.664799273 0.492414862 0.0708270967 0.954478383
    0.185005963 0.280448467 0.884352684 0.284774214 0.942507625
    0.128944576 0.215515584 0.289793789 0.433659494 0.498780072
    0.795674384 0.506491661 0.0619300008 0.0736919641 0.30166012
    0.454267263 0.0616191328 0.578782439 0.694655478 0.787639022
    0.486892104 0.828985572 0.721994638 0.598842621 0.234396219
    0.148868591 0.37898609 0.525235951 0.966398954 0.22811231
    0.955702126 0.705112338 0.0452322662 0.74681747 0.362731814
    0.526286244 0.0286962986 0.330356598 0.531685054 0.00615462661
    0.478052348 0.735432982 0.838895679 0.0263126791 0.907563329
    0.313502908 0.888271093 0.991773605 0.761278152 0.786022782
    0.707882166 0.261826515 0.684389651 0.949462771 0.475387603
    0.522046626 0.758441925 0.417609513 0.160930157 0.863982081
    0.0550257266 0.979305506 0.764746904 0.362928122 0.75674808
    0.244665414 0.0627502203 0.627209187 0.195067227 0.98554194
    0.356586725 0.788639307 0.894237041 0.790696025 0.120486468
    0.543513477 0.514968693 0.107515961 0.176103413 0.181388259
    0.173842043 0.516954899 0.476011455 0.0536909103 0.0685786605
    0.855024278 0.640442252 0.790201128 0.980060458 0.975271344
    0.143321455 0.0710210204 0.773419142 0.735750377 0.352556765
    0.330029428 0.166037917 0.433368742 0.92447263 0.344470143
    0.245430321 0.90427506 0.565699041 0.782401383 0.966328859
    0.447467268 0.816061974 0.746324837 0.566328406 0.0900720656
    0.762166202 0.975346804 0.00824001431 0.742098808 0.00948503613
    0.793278813 0.0273469687 0.822179556 0.279971778 0.887837648
    0.493735969 0.145019174 0.955290198 0.728106618 0.269708335
    0.958681881 0.558675289 0.647999227 0.129412085 0.839116752
    0.926594496 0.741928935 0.92104423 0.682584643 0.669687331
    0.91546154 0.557321072 0.416268438 0.22022593 0.132919103
    0.0349117219 0.0300027132 0.918740511 0.791737139 0.694794893
    0.445656449 0.219691187 0.320556998 0.0759253204 0.49023059
    0.404134542 0.0138127208 0.922979712 0.0515616536 0.309137344
    0.064104706 0.326213241 0.312808752 0.776987731 0.209353268
    0.997558713 0.11343953 0.44792676 0.563037217 0.252871215
    0.711830616 0.24295193 0.235687107 0.216793716 0.0624775887
    0.386841387 0.753525853 0.777673483 0.239675939 0.314922392
    0.469689369 0.717203557 0.394510537 0.915372849 0.463950574
    0.52325666 0.61736387 0.781481385 0.475370973 0.547908247
    0.690427065 0.139914334 0.0799312592 0.352295548 0.474457711
    0.54174298 0.455883294 0.757957578 0.369382083 0.623873055
    0.367554009 0.0269133151 0.474890798 0.567496419 0.226885468
    0.388406038 0.7572999 0.716611862 0.610735178 0.575760543
    0.237409651 0.621867061 0.156343073 0.51367116 0.801258504
    0.458095074 0.282105595 0.244805723 0.918145657 0.841239572
    0.657788277 0.640934765 0.34612602 0.136950016 0.211926728
    0.997869253 0.658626676 0.00329425931 0.771621168 0.0915650129
    0.574086964 0.574573278 0.978856921 0.887105525 0.447984695
    0.0162521601 0.451021969 0.0422494411 0.0593417883 0.356251597
    0.487966806 0.216733396 0.245031446 0.0199525058 0.0940033793
    0.782295346 0.901890635 0.354820907 0.257649004 0.81748575
    0.802592754 0.480725259 0.49986735 0.49635452 0.0353637636
    0.884049296 0.225029588 0.899745822 0.331106812 0.433639944
    0.0808151364 0.826079249 0.715052724 0.307244599 0.678692102
    0.594217837 0.21223855 0.998649776 0.953776956 0.45519349
    0.775318861 0.715876341 0.393569976 0.314043492 0.43675983
    0.998106182 0.469117433 0.455295175 0.143367559 0.361777633
    0.246522397 0.78151083 0.887522578 0.480692685 0.235160649
    0.0525122881 0.664805591 0.23440811 0.518508554 0.365532577
    0.651920557 0.323077142 0.299611002 0.469336718 0.927934647
    0.772329271 0.535870552 0.260141939 0.794878185 0.858790517
    0.488534898 0.172076851 0.661284447 0.721578836 0.839812398
    0.537979901 0.483950466 0.0880890191 0.593181372 0.248743504
    0.302456379 0.318195164 0.173461258 0.704161406 0.112170368
    0.457295775 0.0186413527 0.456179082 0.232603788 0.18472898
    0.869308114 0.249157131 0.369306445 0.950061262 0.851828933
    0.976382077 0.560141087</data></test_img>
<my_img type_id="opencv-matrix">
  <rows>128</rows>
  <cols>256</cols>
  <dt>f</dt>
  <data>
    1.65585649 0.180103093 -0.270421267 1.78317046 0.7138623
    -0.0280500054 1.8061595 0.62045902 0.965234876 0.0230243504
    -0.181561261 1.54020548 0.144837439 1.25440836 1.3082664 1.04320979
    0.949671805 -0.00258249044 0.388432592 1.40000439 0.999254346
    -0.0581246912 0.777097344 1.62008703 0.00865381956 -0.319987059
    1.45564234 0.00781142712 1.6631999 1.16166198 1.41233432 1.41751432
    1.5102694 1.0631181 0.992310643 0.271813035 -0.192878917 1.67277002
    0.752554297 0.0936903656 1.65879083 1.59085846 0.509631991
    0.0816511512 0.427436113 -0.380736053 1.34336185 -0.399849534
    1.32945538 1.64217758 0.0562884808 0.278468579 0.717375994
    0.586385071 0.954821467 -0.182492658 1.32762742 1.40264833
    -0.195671245 0.0366620123 1.58035648 -0.181882977 0.0982180536
    0.368728936 -0.0496689975 -0.233291924 1.55159581 -0.0146369934
    -0.287332028 0.859266281 1.49783826 0.068095535 1.65495634
    0.381697834 1.15816689 0.135172218 0.274016559 0.505092561
    -0.0357394964 0.114129245 0.472228587 -0.162833661 -0.101426855
    0.443916082 1.31040561 1.32605565 0.0560725331 0.95976305
    0.778674603 0.229807466 0.911736488 0.447417796 1.45972478
    1.11872768 0.0114959478 0.682291269 1.69709849 1.62370574
    -0.325033605 1.69552314 0.607836962 0.123762071 -0.363088608
    1.3336463 0.440363556 0.455128521 1.62535548 1.42959213 -0.108488709
    1.06619632 0.606539667 1.48691165 0.767174959 0.883332789 1.53792095
    0.570844412 1.38997293 0.581341386 0.943016052 -0.345866978
    0.899026334 0.0544693768 0.184802711 0.0893395841 1.56915474
    1.62442732 -0.195520863 0.947692275 0.569817543 1.6219542
    -0.248993307 -0.208762527 1.57236791 -0.286298007 0.0273604989
    0.54866612 0.260113627 -0.251512289 1.329216 0.101592809 0.885814309
    0.549903154 0.887607217 0.454817772 1.74781394 0.634609699
    0.844884276 0.450340778 1.42900491 0.579503596 1.07862616
    -0.179383963 0.821091175 0.576984525 -0.270075917 0.72388947
    1.28810585 0.698760867 1.03456604 0.919293165 1.29804182
    -0.370162755 1.46503639 1.20883512 1.63057053 0.705014408
    0.957058668 0.95648247 0.154580295 0.490399092 -0.0770892501
    -0.115908235 -0.146200329 0.91026473 0.530804217 1.75037289
    0.153847903 0.591255367 0.765783548 -0.117494732 1.32468343
    0.935051739 -0.240268856 -0.206085175 0.950944543 1.31244195
    -0.0278601348 1.33377612 0.578045011 1.38817894 0.836079478
    0.0863152742 0.74217993 0.561112344 1.59155357 0.47958231
    0.536001682 1.37036276 -0.217774361 0.801808238 0.858285785
    0.07867226 0.0688958764 0.415613741 0.359851182 0.585926414
    0.824124694 0.0905759633 0.663110614 1.67279339 1.46013594
    0.822589755 1.15438151 1.11246765 0.256170839 0.914815307 1.03066278
    0.450937271 1.77113068 0.989370346 0.386024922 0.196024776 0.3458938
    0.454280406 0.360924751 0.638220012 0.771249294 1.66085768
    0.233683437 1.6299051 1.3755157 0.355261445 1.06214452 0.939393163
    -0.125489652 0.670726299 0.00698080659 1.43799138 -0.264168262
    0.721351624 0.279706717 0.364679039 0.168254554 1.10729766
    0.972032964 1.41574013 -0.291206121 0.837248921 1.18424273
    0.579793096 0.48438251 0.852429032 1.39979935 1.17796659
    -0.0770115256 0.480886996 -0.119288325 1.42269206 0.564123392
    0.486801565 0.957560003 1.54590273 -0.340460211 0.889047861
    0.130204439 0.285485923 0.901616991 1.07366645 1.27122867
    0.700605333 1.34159219 -0.10848093 1.27159452 1.04681957 0.844306052
    -0.124692082 0.76450181 0.129985392 -0.468851805 0.967668414
    1.43043339 0.9082762 1.49660611 0.388523757 0.720965028 1.17716634
    0.143100023 -0.299669206 1.12397027 0.55037415 -0.278898537
    -0.368234009 0.248136878 1.08553183 -0.0255057812 0.359304667
    -0.238764107 0.602803707 0.711984992 0.722884953 -0.362701476
    1.51264465 1.47159386 1.1661253 1.18870068 0.898159444 0.853929877
    1.24121547 -0.288303494 0.579370499 -0.400156915 1.30022287
    -0.423653126 -0.151023209 -0.0303191841 0.861628473 1.54511929
    1.1884644 1.58244085 1.41228735 -0.448782504 0.380136967 0.752076924
    1.43531942 -0.204391807 0.160265684 -0.0963225663 0.553699732
    -0.0714027286 1.4159112 1.60201907 0.570383251 -0.283094645
    -0.19366245 -0.0218453109 0.475001514 1.41053748 0.522979021
    0.611424863 0.124006391 1.34552372 0.213383436 0.301607221
    -0.0681962073 -0.269014388 1.45774221 -0.468372464 0.784953117
    -0.568870664 0.022832036 1.23589635 0.16451925 -0.0558040142
    1.10640669 -0.310291737 0.899783313 1.26512122 1.3759222 1.1530509
    0.0669040084 -0.190607488 0.14476943 -0.487543046 0.522075951
    -0.160703331 1.22776914 1.18144083 0.586650491 0.116531134
    -0.316242784 0.367938221 0.650598764 0.636918366 1.24398923
    0.90897572 0.625025988 1.56175423 -0.212975636 -0.0848858058
    -0.255165786 1.39539981 -0.0314995646 0.364991844 0.387649953
    1.42673659 1.51832783 0.722451389 0.6128636 0.589644492 0.1166116
    1.34412265 1.18658543 0.287729919 0.424902856 0.345188737
    0.242838025 1.08260107 0.229045928 0.143247724 1.16082716
    0.169945657 -0.538913429 0.967582047 1.40882993 -0.547861814
    1.20796382 1.53782356 -0.228872597 -0.240063846 0.84775728
    1.60559678 -0.350939006 0.328509897 -0.401233166 0.0915001929
    0.197097421 1.6619575 0.902082562 0.214795351 -0.151695043
    0.627202749 -0.216025054 1.12401366 0.714405 0.736025572 0.102788389
    0.372570693 1.38899159 0.96290952 0.33802098 -0.416256636
    -0.108696371 -0.239866406 0.291583359 1.34704471 0.249167264
    0.419088244 -0.28899622 0.948291898 0.992307305 1.50599074
    0.846560538 0.374813974 -0.00337940454 -0.207062483 -0.137226164
    1.52535486 -0.325299919 1.49105823 0.903819323 0.725778639
    1.22524905 0.364868701 0.765693069 1.25850081 0.965330839
    0.891005278 1.52646089 0.690181017 0.932700992 0.307368428
    -0.399095416 0.632859468 0.234436095 1.14746881 -0.251935393
    0.406053483 -0.533105314 -0.0945065022 1.36133909 -0.233157486
    1.48483288 0.545422792 0.419557333 0.115414083 0.381462812
    0.0854898691 -0.108749837 1.16565943 0.930646956 0.483827114
    0.557545364 1.25968575 0.536673307 -0.338015437 0.6165452
    0.854399204 0.299382031 0.406009376 -0.413556814 0.692617774
    0.235320389 1.42103243 -0.0857762694 1.32552934 1.10894454
    -0.24902457 -0.397350997 1.51182008 1.38330603 0.671599984
    0.326724946 -0.381885588 0.984286726 -0.12682116 1.01306057
    0.823559165 0.922204614 0.35011816 0.810449541 0.187639683
    1.50846744 0.908729255 1.1766361 0.866823852 0.279804111
    -0.691026092 1.08854842 0.526896358 -0.327675372 0.824820936
    0.510442257 0.377697468 0.686719596 -0.198371649 1.30982566
    -0.619106054 1.43955684 0.931454837 0.94893229 0.494407117
    -0.00733959675 -0.256541014 -0.0900349915 1.28718376 0.733536422
    -0.227883339 0.806973517 0.690451622 -0.469565004 -0.41529566
    1.45084071 0.71793741 1.32484651 1.25913453 0.664120734 -0.561856091
    0.862479448 0.619197369 1.26500607 1.04940104 -0.292797148
    0.328342795 -0.493912548 1.29264414 0.758686006 0.17413801
    0.689233959 0.190042198 0.960193396 0.901138186 0.386139691
    1.3840127 0.500854075 -0.425569415 1.27225375 -0.550993502
    1.09819913 0.651148915 0.299262285 0.817919672 1.09242105
    -0.270196259 0.508892834 0.793835402 -0.656671166 1.32038212
    1.18885899 0.412932992 0.507881045 -0.0385575891 1.18907166
    -0.169956028 1.51589751 -0.302979439 0.990240335 0.0460429192
    -0.187156767 0.693425775 0.155153453 1.47430348 -0.0889222026
    0.224810898 0.714198172 0.438567281 0.240107715 0.147407293
    -0.422672391 0.599443018 0.0396310687 -0.351451039 0.833415449
    1.2282989 -0.108747959 1.60676539 1.39318275 0.458232224 1.26558042
    1.34047604 1.03901088 0.260181129 0.57651931 1.27491069 1.36367178
    0.658905268 0.79941833 1.0302918 1.60515201 0.829484999 1.16532564
    0.0875344276 0.546215296 -0.341951191 1.44368351 0.755890608
    0.451717079 1.62367892 -0.354568183 -0.119061828 -0.308653295
    1.31345344 0.69177717 0.881802797 -0.028885901 -0.0201467276
    1.6310401 -0.552539587 1.17906332 0.0625290275 0.7790941
    -0.583841801 0.00928282738 -0.136460721 0.313978374 1.1713264
    -0.481651962 0.112768292 1.51751518 -0.44274193 1.26604104
    0.17753005 0.621317565 1.37786078 -0.24609533 -0.473533869
    0.966943443 1.34402204 1.00753558 -0.506468475 0.336500466
    -0.633059978 1.15333331 0.401442289 -0.579759061 0.861944199
    1.54432845 0.408339083 -0.220060855 0.245577812 0.777180493
    0.255168378 -0.524647176 -0.533428252 0.970435441 0.204341292
    0.157262802 0.770125806 -0.357773632 0.488460541 0.63795501
    0.631630421 1.11415887 -0.0987166166 0.811868906 0.865252674
    1.26611328 0.208054602 1.29505157 1.67342997 -0.463365793 1.01679873
    0.192420244 -0.163825944 -0.0167192221 0.597716331 -0.272648484
    -0.340194643 0.689874053 0.6168136 0.724782169 -0.338254333
    1.15491915 0.0775535703 -0.125301063 1.18652177 0.556398094
    1.04458404 -0.499109954 1.15536571 0.115835249 -0.48040691
    1.04663718 0.533843458 0.536205053 0.559946954 -0.440418005
    0.859265745 0.611988187 -0.1247181 0.170872688 -0.0391453505
    0.758799851 0.660386026 0.549606085 0.796937525 0.588074088
    0.808004797 -0.331083715 0.709749818 -0.122804582 0.200264335
    0.197247744 -0.314431757 0.447224021 0.879634261 0.483904302
    0.303179502 -0.592601001 -0.270240873 -0.156382054 -0.119384646
    0.988270283 1.45061755 -0.38065061 1.3060782 0.144094825 0.4991467
    0.930154026 1.43804562 1.16625488 1.26593363 1.17655587 -0.145846218
    0.948162735 -0.45412609 -0.194298267 1.1968751 0.988419533
    1.56963062 0.309350371 0.486880124 0.907187402 -0.309172302
    1.2971673 0.818549395 -0.551937819 0.839200318 -0.119455814
    0.157906383 0.708967805 -0.519179583 1.5600667 0.807126522
    1.14794004 -0.574366271 1.13912499 0.646862686 -0.027359724
    1.4199419 0.218424618 -0.119431198 -0.179785907 -0.21017462
    0.115833998 0.325384617 1.36947989 1.27012825 1.21136165 0.482983828
    0.21765554 0.314602435 0.573095381 0.785130084 0.713662267
    0.528227627 -0.370479912 0.460459411 1.23218083 0.759092033
    0.101905882 0.2904616 1.39211917 1.23894787 0.0521165133
    0.0580043197 1.13936734 0.615674913 0.764133215 0.301489681
    0.149347842 1.05545855 0.134022593 0.652423739 1.3754369 0.11875093
    1.32039785 -0.0779324174 0.143374741 -0.300172806 1.54257834
    0.270065904 1.31944406 1.34996319 0.43997556 -0.42353037 0.118064046
    -0.360612571 1.46701217 0.801718712 -0.178272247 1.41596389
    -0.246162921 0.71201539 0.303016365 0.0886193514 0.412937164
    0.366175652 0.913519263 1.31378388 0.453292727 0.942327082
    0.155016363 1.31330478 -0.561661303 0.917827189 1.20407796
    0.428361952 0.887131155 1.24119925 1.15385151 0.362284243 1.41945362
    1.28797638 0.553720891 1.30679643 -0.241074771 0.657083571
    0.169759631 1.39082551 -0.221503764 -0.568452358 0.510619879
    1.28275824 -0.326606899 0.899542987 0.175396442 1.37959528
    0.0627551675 -0.475402594 -0.16966033 1.53612423 0.433501005
    0.526064038 -0.284161687 -0.176684082 1.3358134 1.31019723
    0.0128933191 0.924598038 0.252855301 0.0663118362 1.07236576
    0.460140526 0.203774989 -0.165945053 0.502055109 -0.332318038
    0.993356347 -0.429738998 0.90041393 1.32564616 0.566907108
    1.23380554 0.793668211 0.0114100575 1.03261852 -0.438103795
    0.445589304 1.18719053 0.919025242 -0.423054397 1.21716368
    1.33202863 0.218292594 1.18695593 1.43082619 0.991101444 0.255304456
    0.198954999 0.329328358 1.58818114 1.31302643 0.593132675 1.00151134
    -0.512795627 1.4839704 0.0366751552 1.13295746 1.36839342 1.41153252
    -0.0737738609 0.932779133 -0.31552586 -0.183973104 1.6088897
    1.46883154 0.0243684053 1.39266777 0.320175231 1.3855865 1.40633607
    1.40749848 -0.364353329 0.461269021 1.5890944 0.787591755
    0.869431078 0.14024502 1.02927971 0.0764271021 0.109851539
    1.18444467 0.73590076 0.452664316 -0.00962424278 0.251573026
    0.851660073 1.45145702 -0.0939396024 -0.273659647 0.501317322
    0.950755417 -0.369614959 0.421569467 0.586750209 0.105273962
    1.60242796 1.06579208 0.758896828 0.0632355213 1.04874194 1.13093948
    0.951508284 1.10494351 0.438972652 0.579062343 1.54258144
    -0.404032826 -0.478672862 -0.244956285 1.05222654 0.337035596
    1.39195895 0.318377078 1.26131821 1.28037202 0.679086089 0.910223365
    0.476094425 0.892454326 1.48498833 -0.182323575 0.0430884361
    -0.289002419 0.0137049258 -0.323676229 1.49071789 0.773727119
    0.403686166 1.38362002 -0.180617809 0.295699775 1.2179631 1.42176914
    0.0919042826 0.640391529 0.738595605 0.353990436 0.243511498
    0.616574347 1.50171423 0.934391081 -0.0565984249 -0.0276788473
    0.306419551 0.780581534 0.818772256 0.489564002 -0.245308071
    -0.324010044 1.14454246 0.953391254 -0.398789227 0.895583272
    0.0310531855 0.968500137 0.812232077 -0.41591692 -0.214845181
    0.972094238 0.0118922591 0.905250072 0.408136487 -0.0795243382
    0.449592412 0.877795339 0.553286672 -0.370302618 0.915291548
    -0.0374339819 1.29811573 -0.180994749 1.33177948 0.00932097435
    1.25836587 1.22295213 1.40110052 0.909743726 0.300198793 1.49059355
    0.126455784 -0.3779217 -0.2572909 -0.560198784 1.47482312
    0.875140667 0.954237938 -0.426930606 -0.333107799 -0.0554741025
    -0.120167464 0.870702863 0.436195612 1.38439512 0.0460525155
    -0.105685174 1.09898233 0.542143047 0.990429282 -0.022159636
    0.362172186 1.03779459 -0.0452662706 -0.33040303 -0.227658063
    0.861590147 -0.248033553 0.671250463 0.764990985 1.32307434
    0.202923894 0.996801913 1.02838135 -0.118743449 -0.101316571
    0.845472991 0.0195897818 1.30678678 0.3765136 -0.47207582
    0.253040314 1.39751434 1.37290108 0.0646646023 1.27298284
    -0.550986409 0.286016405 1.45182562 0.208267033 -0.098965466
    0.254339278 0.561421692 1.18697953 -0.601028025 1.58163917
    -0.59448415 0.786972106 0.823097587 1.47241068 -0.104561687
    0.874611318 0.622213602 0.270081103 0.0822874904 0.151004851
    0.377646446 -0.556267262 1.19493318 1.09113204 0.30853349
    0.184557378 0.952850342 1.12645483 1.29942107 0.312236667
    0.106841028 0.911234796 0.838614643 0.986400068 -0.186529219
    0.576634586 0.320779026 1.07053328 -0.602326095 1.12778926
    0.161980212 -0.100340873 1.36652124 -0.377980292 0.922419548
    1.13953924 0.747733176 0.514394045 -0.431480378 -0.0637020767
    1.04492283 1.37113309 -0.552868366 0.747583091 1.01591671
    0.199962437 1.07167578 0.211842358 0.629059136 0.333434939
    0.661810637 0.771261811 -0.226242214 0.514938056 1.39219975
    -0.48337698 1.50495291 -0.0157718062 0.902152121 1.56138122
    -0.609633207 -0.474901617 0.261192262 0.287047684 0.939720452
    -0.220478922 0.299947381 -0.460625321 0.369826317 1.06700957
    -0.474522352 -0.508224726 0.766431093 0.902407348 -0.410446584
    0.407776833 1.16736102 0.375028193 0.192018926 0.455042481
    1.04241014 1.25599492 0.86388278 1.58087802 -0.139760286 0.462788343
    -0.390013725 1.29427934 -0.114607155 -0.0345119238 0.424144745
    0.80687207 0.701007307 1.03004456 0.624222577 0.283261061 1.13869882
    -0.306242406 -0.00704064965 1.14654517 0.963138044 1.5125308
    -0.307670951 1.17779231 0.188963175 -0.189227879 0.0184617043
    0.523861706 -0.387839794 0.310034454 0.392652512 0.94050467
    0.888716698 0.10390377 0.91455394 0.245804429 0.956260026
    -0.146137655 0.18695426 -0.164557219 -0.472085655 0.445069849
    -0.419317156 -0.188473284 0.453962743 0.609729111 0.427561939
    0.42450732 0.42591995 1.05732155 0.729801893 1.27625394 -0.325174719
    0.266084135 1.58085072 0.413267732 0.281678975 0.235844851
    0.361439109 -0.0408895612 0.691580057 1.46383572 0.417020559
    0.810780823 -0.121404201 0.243477613 0.823328853 1.25117874
    -0.546001673 0.403389633 1.44663572 0.349521458 0.554908216
    0.995619118 1.06824255 0.749157786 0.522305727 1.24705505 1.15925193
    1.2409091 -0.285497755 -0.0876355171 -0.0456100702 0.656925678
    -0.051582247 0.764793098 0.763472915 0.85987258 1.37587714
    1.32909083 1.18316722 1.34786534 1.04069149 0.958104134 0.0765843987
    0.0122172236 0.524024546 -0.132431149 0.374696493 -0.391606867
    -0.428010821 1.49013209 0.502045333 1.32985139 1.1710937 1.22972977
    0.773377597 -0.366693914 -0.0353682637 0.643306732 0.963652015
    0.336834431 1.21112394 1.34800363 0.205047667 -0.671217203
    1.47239089 0.834669232 -0.256575882 -0.322246253 1.20426655
    0.819779694 0.513324738 1.14517856 -0.125811458 0.40921092
    0.254448354 0.126136899 0.929395914 1.50729847 0.230756342
    -0.210947543 1.24752688 0.350082159 -0.0593973994 -0.529858947
    1.55689096 0.338424206 -0.38173449 0.173321843 0.055875659
    0.235178471 -0.0217983127 0.0970800519 1.34124017 1.14368153
    -0.0183495879 1.13957119 0.117012262 0.877560198 0.419165373
    0.0824193954 0.597348094 -0.226754755 0.48878634 1.37093067
    0.0237801075 -0.469879448 1.33355069 0.624673009 -0.491120696
    1.32964909 0.438784003 -0.111914754 -0.410237372 0.525669575
    1.3961916 -0.203057349 0.433649004 0.0763944983 1.50141275
    0.600542784 0.769397259 1.25902939 1.12509596 0.443838358
    -0.397006631 0.175574005 0.578549445 0.417545259 -0.305668831
    -0.34223184 0.107110023 -0.424535871 1.21514845 1.33894157
    0.118741751 1.18589425 -0.63471818 0.693806052 1.24980283
    0.800155044 -0.538975358 1.18744898 -0.556830525 1.08573318
    1.42566681 0.624529779 1.17773056 -0.6891132 1.49109674 0.519507468
    -0.538507879 0.895150781 0.409030318 0.990388811 0.167519331
    -0.523353159 -0.0813196898 -0.0309307575 0.617372274 0.952069759
    0.952592611 -0.538877666 1.07863104 -0.517134488 0.431177378
    0.918949008 0.580082953 0.143318832 -0.159635931 0.839711785
    1.05590272 0.888486266 0.648347557 0.532560945 1.23287106
    0.475983262 -0.217301488 0.84307313 0.209207833 0.862734616
    0.316136241 0.852838755 -0.202611089 0.237156153 1.55773103
    1.60659981 0.624100864 0.568608344 -0.511270642 1.0031085
    0.0782793164 1.62852168 -0.0763617158 0.424467206 0.2750386
    -0.283650577 0.196088195 1.42431736 1.08659291 0.750824392 1.0372715
    1.01918054 0.136954546 0.554347396 1.23705554 -0.527258933
    1.38842428 -0.117275476 0.0373544097 -0.0598259866 -0.0823513865
    1.09674382 0.841062427 0.396212399 0.968598962 -0.517287731
    -0.190865159 -0.094835341 0.399621934 -0.156142622 -0.152745843
    -0.388611287 -0.0353559256 -0.00668045878 -0.126979291 0.741895497
    0.740758479 0.616831243 1.49789119 0.550021589 1.10419297 1.34436083
    0.937497258 1.2816782 0.154429734 1.01467156 0.0139786601
    0.193852186 0.797237337 -0.331768602 0.220501184 0.257272482
    1.56478047 1.40702295 1.46209788 0.663447022 0.254068136 1.47826493
    0.447282135 0.549313486 1.18452239 1.27435589 0.756913722
    0.376726151 0.202092886 0.54158777 0.287795484 -0.463601172
    -0.19068107 0.116786599 1.27800822 0.076500833 0.926449716
    0.240415633 0.755118549 -0.405435711 0.473087966 1.61285758
    0.7053864 -0.174637169 0.396096289 0.908978462 0.597911716
    -0.240142733 0.517272055 0.275321305 1.34175444 0.108413994
    0.17794615 1.47499382 0.414642096 0.243806958 0.222603977
    0.999485552 0.122578919 0.727921963 0.604438663 1.03125477
    -0.31463933 -0.406506002 0.918539524 -0.333326906 -0.390863359
    1.14845848 0.0309200287 0.286193728 1.58185399 0.0174235702
    0.0194875002 1.4858501 0.761491418 -0.245238304 1.10618615
    0.535009563 0.771602273 0.987582743 0.859455168 0.245172203
    1.1216464 -0.220761701 -0.357994556 1.06394958 0.857653439
    -0.519107759 1.00949597 0.390033364 1.25280118 -0.249686331
    1.16786337 0.513879895 -0.126763463 0.419555426 1.04995847
    -0.215569079 -0.345080465 1.11677313 0.104733944 0.42398268
    1.32341921 0.00573956966 0.831626475 1.37201977 1.33272052
    1.19651461 1.12305188 0.675825655 -0.210941344 -0.058255285
    -0.201384872 1.1449399 1.36680484 0.727024078 -0.482682943
    1.23425376 1.31834936 1.41328502 0.481633425 0.388947845
    -0.0519890189 1.4144969 0.716327071 0.876851439 1.17989969
    0.948935747 0.850171447 -0.656593859 1.44066954 0.263296843
    -0.374415159 0.948405802 0.250869155 0.481069565 1.46780634
    1.48891056 -0.0633711219 1.44694328 1.45604813 0.267624736
    0.755265296 1.47804058 0.624238193 0.538278282 1.32452679 1.45706892
    -0.0410168767 -0.16316098 0.224385619 0.74245882 0.262029052
    1.03733957 0.248208642 0.998930216 1.09888351 0.0832804441
    0.988295078 1.33551359 1.31353998 1.11558056 -0.17539072 0.227517784
    -0.421977609 1.27153277 -0.132209182 1.27257788 1.34958506
    -0.539550364 0.960949481 0.950062096 1.03822362 1.23785257
    -0.0322629213 1.06245255 1.44981587 -0.585537612 1.50662947
    0.303333342 1.00756228 0.696271777 -0.306289911 0.658054829
    0.742517531 0.536943913 1.04732871 1.25615883 1.41566515 0.241125941
    0.310759127 -0.356510252 1.63081765 1.27090514 -0.0993446112
    1.58393586 0.237191796 0.949068308 0.0653528571 -0.167725623
    1.45383644 0.20231092 0.540957332 1.47017133 0.0755221248
    -0.148008645 0.452233613 0.784726858 1.0910995 0.705853164
    -0.153872311 0.179075181 1.42339313 0.655364871 0.25934875
    -0.420932591 0.666901767 1.10622752 0.878928065 1.00737381
    0.23217988 0.480053067 1.09430254 0.562323332 0.613087893
    0.551554859 1.21459699 -0.374778628 0.755475283 -0.255141169
    -0.329285383 0.534951746 1.40612113 -0.0414153934 0.522718132
    -0.00101494789 1.18527067 0.792101026 0.132663906 0.471704483
    0.531353295 0.77764833 0.88555634 0.36049968 0.809403121
    -0.380034953 1.54383445 -0.402172416 -0.31391263 0.326628566
    1.3495121 1.44560599 -0.0463751256 -0.186308712 -0.150318027
    0.790005684 -0.445803523 0.943170786 0.0765390396 -0.410978824
    0.541543186 0.0863875747 0.3592785 0.339891553 -0.200160742
    0.487728804 -0.223610282 1.50947905 1.21084976 0.914424479
    -0.405964732 -0.481724948 1.09684563 0.0654798746 0.411791682
    1.28855515 1.18256783 0.316624701 1.41313744 0.902350783
    -0.581374764 1.12390983 0.269402087 -0.418537766 0.0267638266
    0.544387341 0.682729602 1.30226123 0.26592049 0.251755357 1.45046687
    0.0557093024 0.680963933 1.01166058 1.42136037 -0.0509651303
    0.607365549 -0.701967299 1.3557117 0.000256180763 0.391319931
    -0.158051312 0.591455996 0.11889416 -0.0835593939 0.360294223
    0.570411444 0.403250575 -0.348269552 1.50703526 0.108350277
    0.521199048 -0.460187018 1.09333062 1.35144329 -0.320274293
    -0.0542468429 0.345190465 1.52602005 0.128513932 1.19316888
    1.38496649 0.960747659 0.148850858 0.133398414 -0.435940742
    -0.446405053 0.911177456 0.868291378 -0.0767944455 1.13426423
    0.24449265 1.55171418 -0.020314455 0.790233672 0.317809999
    0.907244265 0.282734871 1.28234434 1.4340812 -0.654968441 1.18429387
    0.428457022 0.720086694 0.823816776 1.21053123 1.28034139
    -0.00782001019 -0.0564997196 0.614136219 -0.128937632 0.159319609
    1.39152813 -0.600104094 1.48090816 -0.097381413 1.27881694
    0.983402073 0.51823163 0.421539009 0.355272412 1.39561892 1.15297055
    -0.527647257 0.00571602583 0.551151514 0.123381615 0.960031569
    1.07668281 0.286976099 -0.503506541 1.03040504 1.49772942
    0.00955867767 0.961752295 0.788770437 1.16813922 0.267731011
    1.07838118 -0.0212292671 0.332564771 0.481336713 1.01373172
    -0.168194532 1.03922331 1.45472586 1.02814674 0.0676554441
    -0.233546138 0.99854362 1.26923788 0.624577403 -0.357253909
    0.287112415 0.165439665 -0.444881767 -0.463049293 0.413432419
    1.39970481 0.547496617 -0.042078793 0.628429115 -0.0980778337
    1.45465267 0.943455279 0.557404101 0.271012902 0.70658952
    -0.49398157 0.770243943 0.379335105 -0.617786169 0.779542446
    0.707268059 1.12007642 0.251467884 0.70244199 0.595912278
    0.461692214 1.63173378 1.14862359 1.47733974 0.506564915 1.09776068
    0.507228971 0.757225752 0.466365516 -0.536296427 0.798718214
    1.12497091 0.0612253547 1.33128333 -0.533634782 1.44088924
    1.24100876 -0.743008733 1.42401338 1.22857511 0.162896335 1.04039192
    1.17070544 0.871678114 0.976767004 -0.472003579 1.37808824
    -0.440071642 0.822076917 -0.401474953 -0.170844108 0.161791265
    -0.284749955 -0.291419446 -0.133652538 -0.384834439 0.297653437
    1.14435506 0.406489909 -0.563635647 0.226638734 -0.193602294
    1.16875315 0.858930826 -0.154106826 0.515830755 -0.411223441
    0.252994537 0.152748823 0.317624092 0.0389351249 -0.544846177
    0.910413802 0.260870874 0.0374925733 0.126832426 0.685264051
    0.291724682 1.16445374 -0.233100832 1.05227125 -0.0351082683
    -0.213913202 0.4478122 1.49945617 0.304648459 1.29558849
    -0.416644633 1.43092263 0.286770105 -0.474730462 0.749619663
    0.196506917 0.806291878 -0.308330655 1.47014642 0.321323872
    -0.156199068 0.831784904 0.765361726 1.29645824 0.130578935
    -0.0674618185 0.0133273005 1.22776842 1.04385924 1.4392761
    -0.414068222 1.02251363 0.579103231 -0.450804263 0.583382905
    1.42208529 0.808802783 0.481952429 0.844820619 -0.118142843
    0.648956776 -0.217119187 -0.0870141983 0.885291398 0.624547958
    0.373894274 -0.265269279 -0.0438447595 -0.631167769 -0.637028217
    1.37885284 1.43130326 0.121131122 -0.184797049 0.244898438
    0.68484956 1.28348196 -0.658913016 -0.344144851 -0.129122198
    1.22385931 0.440587461 1.22353005 -0.426004052 0.0928968191
    0.315845728 0.127675414 1.21860898 -0.170920491 -0.300979435
    0.255237937 0.784228802 0.798028648 0.716991842 0.0918310285
    0.738650262 -0.544367552 1.62178159 1.40754986 1.13975525 1.00908351
    -0.548841894 1.37434554 0.0773540735 0.853688002 1.19864368
    0.644075394 1.32465875 1.05977821 -0.0674560666 0.447188199
    0.144359887 1.32702565 0.207822084 0.634534538 -0.093793273
    1.15992284 -0.303077936 0.500589073 1.42287612 1.24439645
    -0.653195977 0.152980089 0.056448102 1.27393389 -0.323800355
    0.924502134 0.43745786 0.202541173 1.0872519 0.345335662 0.493953645
    0.723833621 0.577469885 0.314677477 0.535252929 0.0945977569
    -0.243615299 0.641801417 1.25071406 1.62313688 1.39262819 1.07479978
    0.393292844 0.903197706 1.07113898 0.758418858 -0.486976236
    0.41383183 -0.0651579201 -0.174043089 -0.43744868 -0.209109336
    0.651704609 0.710009754 1.11053848 0.370809078 0.696893334
    -0.140903473 0.754418314 -0.184543431 0.255260348 0.0916774273
    0.540649593 -0.0104439855 0.883767843 0.504118979 0.499243975
    0.0313512087 0.0219237208 0.539150894 1.21395338 -0.631888509
    1.28655124 -0.507533789 0.658478558 0.389200568 -0.154376388
    1.40679693 0.277770102 0.902273774 0.211683273 0.153814793
    1.10168755 -0.270442694 0.800140858 0.856542289 -0.0799722075
    1.05730343 1.22207069 1.27670217 0.876545668 0.444922209 0.316366017
    -0.493248492 0.728058159 1.13068438 0.416470826 0.0783526897
    0.466547787 0.956279755 0.0480307341 0.984463453 -0.487003475
    -0.204516172 0.8944121 1.05175853 -0.587011337 0.494137168
    0.465477943 0.822964966 0.810008407 1.40798688 1.02946925
    0.989099026 0.881402373 0.738571227 0.32950449 0.756360531
    -0.330052853 -0.244646311 -0.0469983816 1.09969616 -0.095169723
    -0.513273835 1.25329995 0.229488194 -0.403328568 1.24915504
    -0.516468287 0.407539904 0.196548581 0.781554997 0.311992049
    1.25465429 0.410708845 0.342979014 0.205662251 -0.644017339
    0.354510069 0.497271001 1.19174623 1.41764617 0.289055288
    -0.244505569 -0.333319396 0.43302232 0.52094841 1.2967453 1.0491097
    -0.374960393 1.49478531 0.623267293 0.318297207 0.788770258
    1.58235586 0.99231267 0.678242862 1.01502395 1.29073381 -0.250842333
    0.184904218 -0.455627203 1.17524576 0.0160188079 -0.0418117046
    1.04305434 0.968354702 1.06146586 0.491653979 -0.0196732879
    1.2925272 0.507957697 -0.273835182 1.27981937 1.22136354 0.976501048
    -0.265090436 -0.191927075 -0.397701442 1.48093009 0.318843782
    -0.505207002 1.37480879 0.0459369421 1.28613472 0.956442595
    0.115441859 0.688198864 1.23347855 1.22178054 -0.267127544
    1.27577019 0.55450815 -0.25237608 1.23995495 0.468597293
    -0.121599257 0.570458591 0.44086194 0.146868944 -0.109835744
    1.05739903 1.16391778 -0.682658136 1.1016506 1.11713099 -0.516742051
    0.870156944 1.03761649 -0.381153166 0.807367325 -0.196935445
    0.475818992 0.797437191 0.678481996 0.837445974 1.58834386
    -0.427585453 1.47679389 0.85624063 -0.536384165 1.29011011
    1.30708122 1.33820283 0.918218732 1.47016037 0.541917086
    0.0280926824 0.335343808 1.48637044 -0.269075215 0.829177678
    1.42208433 1.45240331 0.109778404 -0.192681462 1.08268511
    0.919708133 0.400172293 0.849121213 1.59609628 0.288461626 1.2709676
    0.44321543 -0.480084896 0.826639056 0.342746198 -0.315661281
    0.465401828 0.975929976 1.56131816 0.0634229183 -0.0451834202
    0.778202474 -0.19887045 -0.484167337 1.50838649 -0.115368426
    1.37891507 0.402457952 1.24439657 0.907646894 0.731834114
    0.0731998086 1.32823133 0.570722222 -0.0280253291 1.50815892
    -0.0707303286 0.156600893 -0.00658831 -0.222885936 1.57570028
    -0.589405775 0.719128728 0.722785354 0.602989793 -0.249388814
    1.16193581 0.162674308 0.0586032271 1.5457927 -0.257586628
    0.388201296 0.546122134 1.01779592 0.503899336 1.37307763
    0.803222716 -0.555488825 -0.481807292 0.511677146 1.03862453
    0.739343941 1.33707213 0.742809355 0.988513649 -0.549099803
    1.0823729 0.950672269 0.759827077 0.575481355 -0.28091836
    0.563073695 1.23846745 1.52168274 1.5609498 -0.523400724 1.3493042
    -0.249953628 0.961218894 -0.156061351 0.175013542 1.14126408
    0.220988095 0.62861073 1.40181923 0.331235349 1.20770931 0.71104759
    1.13777053 -0.565025747 0.0295276046 1.73577976 -0.519902766
    0.0023778677 1.4851377 0.111835957 -0.16925469 0.620260596
    0.797283888 0.289472044 -0.251681209 1.43189013 1.1511749
    -0.146145463 0.0331059694 0.00366282463 0.39511323 0.312750697
    -0.154422641 0.840573192 -0.0780476332 1.11613703 0.272018194
    -0.28753075 -0.642201722 1.43410599 1.02891135 0.365937173
    0.00875324011 1.05729198 0.940263212 -0.382142484 -0.0773994029
    -0.522196233 1.23323512 0.0992836356 1.41400588 1.66188478
    -0.327053457 0.375971496 1.63531828 0.692560256 1.37800479
    0.339422643 1.09426022 0.155568838 0.484169662 0.38647294
    0.286996186 1.36170506 0.428912818 0.452730656 0.922232687
    0.487618029 0.172802776 -0.298341036 1.54595494 1.25318813
    -0.0817041397 0.352799654 0.214931369 1.41852474 0.819925606
    1.40931463 1.28204656 -0.262049377 0.392752647 -0.530250549
    1.53183234 0.571047843 1.07945204 1.31306839 -0.0581037998
    0.610896528 0.676042795 -0.232971728 -0.436245382 0.967279792
    -0.215538889 -0.204718813 -0.390421748 0.404963136 -0.491503328
    1.34050918 1.46630788 0.750857472 1.12165642 -0.455882967
    0.157423615 0.900292575 -0.166278839 -0.2814807 1.46718574
    0.943803608 -0.0261930823 1.43289948 1.03038526 0.923539281
    0.691501975 -0.391225457 0.554528832 0.979962587 -0.414302886
    0.622745812 1.45940924 0.208691657 -0.047447443 -0.305783093
    1.11266899 1.33679247 0.233443677 -0.280226797 1.33796668 1.5619843
    0.42214632 1.2900815 1.08636665 1.46217346 -0.479872704 -0.385002613
    0.597497106 -0.485475272 1.00383914 0.323369563 -0.095574379
    1.48157001 1.04083633 -0.147674024 0.845222592 -0.24344252
    -0.00679424405 0.115488291 1.03148651 0.828030765 0.195628375
    -0.561951458 0.991980016 0.00870466232 1.27345777 1.20979357
    0.324564576 0.937934637 1.03452206 1.17025137 -0.373970926
    0.140810311 0.0198204517 1.40198827 -0.496138573 0.284750462
    0.433659852 -0.172035456 1.09877503 0.855623484 1.14872003
    -0.0513264537 0.782905042 1.23156643 -0.53480947 0.53075397
    0.229632616 -0.502616465 0.586321771 -0.32077077 0.922661006
    1.01855183 1.08607531 0.809972882 0.762022853 -0.605997384
    0.361489594 1.10303068 -0.193421543 0.891782165 -0.3752909
    0.112202346 1.27514124 0.827237904 1.18484831 0.65684396
    -0.316341758 -0.211727828 1.44923031 0.860600471 0.0269922614
    0.455799341 0.39777106 0.131887913 -0.519619107 1.41426098
    0.310624599 1.41664577 -0.530622661 1.35655022 -0.321708381
    -0.512754679 0.766440272 0.912540197 1.24276471 -0.0597449541
    1.31677198 0.506084859 -0.299467891 1.44662023 -0.0469042063
    -0.435977817 0.409401715 1.27957785 1.31305707 -0.11627984
    1.16739655 1.55415571 0.689287126 -0.242464691 0.599178016
    -0.472321272 0.543090582 0.0220451355 1.08897328 -0.251471221
    0.5695948 0.291349173 0.020422399 1.10607243 1.24771929 0.0264952779
    1.27956569 -0.462227166 -0.289858818 1.60839522 0.523960412
    0.251953602 1.17168331 1.08326912 0.897072554 -0.566343665
    1.52187395 -0.0502951145 0.333097279 0.0108590722 0.170099735
    0.469411254 1.21039486 -0.136749506 0.710904002 0.876838505
    1.10316646 1.03635716 0.832264662 0.244230449 1.29277575
    -0.517014027 -0.377050996 -0.0238777995 0.866632462 1.64042914
    0.0491190553 0.806809187 0.00285041332 1.28879845 1.27692246
    1.3118093 1.06871462 -0.150283635 1.01374209 0.450025141 1.14404535
    -0.72196126 0.319574356 1.08500588 0.853028297 0.982079566
    -0.0952940583 -0.180445552 -0.552861333 1.37492871 0.854754865
    0.283070087 -0.486666083 0.504546106 1.50429559 0.295372784
    0.915775478 0.684545338 1.28693628 -0.482260585 1.65361416
    0.187001824 0.299843132 1.50171018 -0.352027595 0.216838896
    0.174317777 0.431410313 -0.293142796 0.0397595167 0.507025063
    0.370228291 0.268303692 1.359182 -0.649479747 -0.465294898
    0.22042793 0.0174279809 0.0201547146 0.0342292786 0.788248718
    -0.181614876 1.02487469 1.34500968 -0.338902175 0.0684602857
    -0.246294513 -0.335873008 -0.284579277 0.591220438 -0.425989628
    0.190178156 -0.455506891 0.124503553 1.41333675 0.960578918
    0.696945131 -0.0160121322 0.398372531 1.43633628 0.00288844109
    -0.0192807317 1.2801652 0.0738542676 0.894239068 1.19643044
    1.53565979 -0.216958851 0.203276098 1.38244605 0.702147365
    -0.447260499 0.682938576 1.07790196 -0.287158489 1.17764926
    0.609994054 0.0670329928 0.643858433 -0.180306762 0.0521919131
    1.31079841 0.626667202 0.893839061 0.167881489 -0.390493482
    1.03161657 1.36466277 -0.282499373 0.298146069 1.30386615
    0.271243453 -0.193457037 0.0563028455 0.18042177 1.16063619
    -0.385992467 0.310055554 -0.0788300335 0.145863235 -0.29031229
    -0.442633003 1.23138022 -0.492207348 0.527987123 0.480356753
    0.551765203 -0.594010413 0.390895367 1.20855618 -0.142444909
    1.17062759 1.43602896 -0.0818275213 -0.100841343 -0.58878541
    1.13330841 -0.141298652 1.58711624 -0.514236093 -0.24475801
    -0.231593549 -0.0511975288 -0.0246545672 -0.430871397 0.878874958
    1.50256252 -0.276929855 1.34589386 -0.71536243 0.231240213
    0.424260557 1.22445965 1.38801479 -0.111425042 0.48660171 1.44836938
    0.514109969 -0.47369197 0.102638066 0.941117644 1.56557417
    0.139237761 -0.60868758 1.36394382 -0.518669009 1.11601484
    -0.137035072 1.00386858 -0.634509683 1.60703099 0.531083822
    0.372824192 0.0248429179 1.50213611 0.438971877 0.317284524
    0.672761738 -0.14360404 1.56231546 1.55315936 -0.0866107345
    1.1816957 1.32871366 1.38445604 -0.478202075 0.85631758
    -0.0257774591 -0.545811534 -0.43536672 0.920286477 1.6231178
    -0.422106206 0.142681956 0.462616026 0.660503447 -0.105048418
    1.58518183 0.540780187 -0.104762822 -0.362668812 0.154047072
    -0.275023758 0.327915788 1.49963224 0.259492695 0.898404658
    -0.518609762 -0.286110669 -0.387665093 1.40827227 1.60623479
    0.613817155 -0.378442466 -0.179764658 1.20054519 -0.599744618
    0.872754276 0.868823588 -0.38317278 0.10903585 0.313485563
    -0.474949479 0.794878125 0.0525786281 1.12980676 0.21583882
    -0.335236967 1.12086272 0.984268367 0.789830089 -0.122879028
    1.24361193 0.6063115 0.739412248 0.808643281 1.54530096 0.448271573
    1.74570489 1.23244905 0.18277657 0.686989546 0.445016503 1.04932809
    -0.287659287 0.358277321 0.092800498 0.672976553 1.36660576
    -0.195735753 1.04644608 0.362086475 -0.0808281302 0.50612396
    1.09938121 0.00349730253 -0.463345587 1.15826607 0.75358212
    0.287426293 1.50970125 1.10594535 -0.0155134797 0.069960475
    0.584935665 0.587270617 -0.461506665 1.59643841 -0.198842108
    0.698708653 0.112302899 -0.431917727 -0.200985134 0.98611325
    0.829007685 -0.633471429 1.49808991 1.19349766 0.382606447
    0.828067064 1.11636353 1.22762513 -0.48008275 1.15487885 1.61089826
    -0.526322842 1.21022987 1.40245962 0.124522388 0.179969132
    0.899448693 0.740387619 -0.016184926 0.0521559715 0.916368544
    -0.135924608 0.73963654 -0.288335264 1.26350355 0.946787775
    0.0534851551 0.820571005 1.36789906 -0.10667941 -0.327189445
    0.45178175 0.308581412 0.721747696 -0.588732421 1.23179495
    0.419890881 1.36357284 1.57426953 1.5021987 0.426641405 -0.06114012
    1.02356923 1.12463832 0.135964572 0.218933165 0.101715744
    -0.30800882 0.16291067 1.71082711 -0.0503095388 0.54091543 1.3127023
    0.106004179 0.199326992 0.356230795 0.768512487 -0.324884385
    0.990409374 1.09562969 -0.343790889 -0.342869192 0.491227865
    1.13037443 1.06645703 1.31434071 -0.339885086 0.812312305
    0.406635404 0.236263216 0.658033371 0.621359766 0.920746386
    0.592079401 1.09147358 -0.0347318649 0.714997768 -0.480181396
    0.714369059 0.995302677 -0.444301695 0.749185145 0.921858072
    0.871223152 0.741532624 0.777590513 1.24537086 0.438857257
    1.14558291 -0.0376347899 0.205120981 1.52938485 0.0542549491
    0.0406717658 0.840779305 1.1454742 0.560628772 1.43298244
    0.216438532 1.4489038 0.248662829 -0.437611461 1.24748695
    0.100234389 0.901178539 0.659935772 -0.172534525 1.03318882
    1.19103575 -0.299156606 0.706487954 -0.198327422 0.508259773
    0.713539243 0.3377074 1.09613872 0.999200702 0.306884885 1.41754615
    0.689074218 0.164310336 1.171363 1.35038304 -0.243329912 1.28454375
    0.441827059 1.00013661 1.00914574 -0.166030169 0.63309145 1.22853971
    1.44332373 1.35138774 0.139600873 1.25578165 -0.35073325 0.841314793
    1.22214055 0.00469613075 -0.394233048 1.33214617 0.321784317
    -0.317157924 -0.399379313 0.415950537 1.33390951 0.820784688
    1.04165339 -0.145162284 -0.145036757 1.06910849 1.24227262
    -0.145012915 0.783873856 -0.432794154 0.144990414 0.142852962
    -0.223175257 -0.00818502903 1.60778487 0.212578416 -0.30037418
    -0.155752182 0.904495001 -0.623384714 -0.530754626 -0.342290968
    0.0630632341 0.855481148 0.853992045 1.51637578 1.07886958
    0.277430713 1.21365833 -0.13039124 0.501976132 0.433399677
    1.09957159 -0.272878975 0.251506984 0.7508654 0.740026951 1.55148506
    0.533033311 1.40495813 -0.160470545 1.28367305 0.958211303
    1.06673145 -0.396036565 1.61724293 0.800172567 0.996926785
    -0.447296739 -0.261781305 1.65471578 1.07589769 0.885162175
    1.1768676 1.32260489 0.989713669 -0.180793196 0.394101948
    0.309937537 1.2436173 0.949731588 -0.261783123 0.974753678
    -0.0253022313 0.309524834 0.886153579 1.27672935 0.971514165
    0.32264775 0.839162409 -0.493315488 1.11689639 0.69433862
    -0.148342073 -0.0966902375 0.121864855 0.754119098 1.30634284
    1.10963416 -0.0903159976 0.353113651 -0.23473528 0.122503161
    1.0763303 1.22650218 -0.461627483 0.880751371 0.831978858
    0.243320644 1.05283093 0.394382536 1.27728415 -0.387516439
    -0.006413728 0.113227546 0.105983794 -0.478058994 0.565626442
    0.107613742 1.23718715 1.45645928 1.30808473 0.110351503
    -0.483061999 0.847211361 -0.451450586 1.21073842 0.129879296
    1.09251499 1.10687113 1.37880325 0.809185445 1.41232491 -0.284985483
    0.522701979 -0.52518338 -0.218361259 1.4434154 0.644795239
    0.777150154 0.526612461 0.157704413 -0.337122321 1.39388156
    1.28367507 0.114609301 1.56279469 -0.163583368 -0.469061404
    -0.295784473 0.336582243 1.49688005 0.253493547 0.199301064
    -0.473719448 1.26345038 0.83794862 1.15604305 0.573626041
    0.682453096 0.28034687 -0.30658707 -0.139120013 0.356496334
    1.41067195 1.14608729 1.24787629 0.556281507 0.890093327
    -0.290386796 1.26493049 -0.188554287 -0.258752555 0.670703292
    0.940315485 1.25244546 0.75504148 1.31617868 -0.389157712 1.05800629
    1.02807677 -0.0475386083 0.0136033297 0.951272905 0.489135563
    0.426254928 0.85318017 0.424038589 0.739941895 0.781968474
    1.14318955 0.50779295 1.32093143 0.842632532 0.84001404 -0.777177751
    0.983674169 0.203224003 0.32622534 0.906086683 0.855400085
    0.357733548 1.09568453 0.795089364 0.782983065 1.04832888
    0.198383749 -0.599258184 1.21466994 0.938774228 0.408589661
    0.10158813 -0.0338437259 -0.299951911 0.596079946 -0.541539192
    0.814045906 0.410230041 0.604745865 0.254321873 0.404671133
    -0.260662049 0.127629578 -0.207453758 0.53850019 1.39070201
    -0.618065596 1.06987333 -0.472906113 0.660302281 0.386827171
    0.738166749 0.750633776 1.19706154 0.973790228 -0.500950098
    1.01931036 0.366545022 1.12514472 0.133228242 0.0671386123
    0.55462867 1.47892404 1.35845757 0.369693458 0.400239229 1.29880428
    0.337783635 0.605689049 0.553747892 1.06476831 1.26211381 1.26693463
    -0.464218259 1.66960835 0.171625316 -0.0914633274 0.582595289
    0.0882183909 0.375719726 0.0179291368 -0.140219569 -0.493645638
    1.08308244 0.794199347 -0.147304416 1.36958241 0.0409030318
    0.100194156 -0.0975022614 1.04055953 0.331770241 0.655149341
    1.52005649 -0.454921871 -0.460437328 0.981064916 -0.179734111
    1.1441021 1.05734682 -0.535508513 0.526573181 -0.00519275665
    0.739824533 1.6692102 0.804471374 0.455129623 0.162517905
    0.0268548131 0.13885954 0.206561089 0.918816686 -0.534887612
    0.96014154 1.33723855 1.53002644 0.376761019 -0.223894745
    -0.283880919 0.0147000551 0.427227616 -0.502477109 0.950624645
    0.677812576 0.867627323 1.23286009 -0.223582476 0.925070226
    0.655126035 1.14702761 -0.157579303 0.740250707 0.898967981
    -0.432256877 0.314773083 0.54999882 0.595464826 0.244449258
    0.497226298 0.54979986 0.256157041 1.49505699 -0.53776902
    -0.227544636 -0.133272752 0.318117499 -0.471973836 0.197304308
    1.03201556 0.592460871 -0.384205878 1.05095267 -0.439618319
    0.259440392 0.94429177 -0.512155175 0.571758986 0.543758929
    0.973261535 0.31051898 0.40961504 -0.346820474 -0.448719651
    -0.0185485482 -0.389133155 0.857482374 1.50427151 -0.448626906
    0.282475948 1.62362409 1.22099662 -0.28234905 0.435220003
    -0.386040121 0.70779115 0.328897774 0.931218565 0.595078766
    0.871090412 0.781177104 0.263024211 1.21824074 1.13423455
    0.00496733189 0.42785573 0.123403609 1.28050733 1.00445879
    0.255942881 0.481523961 -0.348001361 -0.161902636 1.55805349
    -0.294713438 0.914457858 -0.287486881 -0.425876141 1.56373978
    0.276076436 0.823452353 0.0884156227 0.0539549589 0.015286088
    1.15162921 0.0162492394 0.478495955 0.265721679 0.835004091
    -0.328878075 1.25940859 1.23152077 0.561775565 -0.338092804
    -0.383677185 -0.166259646 0.265197694 1.39236891 1.35051763
    1.4877553 0.169011772 0.470067263 1.0256474 0.359748006 -0.12416634
    1.2295773 1.21344984 -0.494223207 0.474586368 0.485168338
    0.899126172 0.0432032347 1.20495987 -0.44118759 0.87797749 1.435179
    -0.013478756 1.37642825 -0.498220205 1.38636565 0.490663946
    0.624679863 1.33023417 0.677913964 -0.618124068 -0.189154863
    -0.289547771 0.461210668 -0.380933702 0.817069769 -0.19797191
    0.315251052 0.800793827 0.439505696 -0.425265253 1.31326711
    -0.379098654 0.00828421116 0.651371479 0.0466235876 1.01157057
    0.109090447 1.06160891 -0.465579659 0.953734219 -0.253385365
    0.564785838 0.990574777 -0.347481668 0.592333257 0.425899982
    1.20116901 1.07570791 0.642291188 -0.0659986138 0.164027154
    0.821921647 1.15138221 0.670408726 1.13900566 0.369530797
    0.963240325 0.256994367 1.12388015 1.18065262 1.10053098 0.648901582
    1.01511741 -0.272718847 0.296634555 0.114444613 1.56179976
    -0.185334533 0.905284047 0.887046099 1.28154087 -0.391441435
    1.438254 0.967206597 0.166778684 0.663174987 1.30954933 0.307881832
    0.978406012 -0.00872343779 -0.358197927 0.378972083 0.88412106
    -0.0607555509 1.0532732 1.32201529 1.39565825 1.41154218 0.186951399
    -0.105091572 -0.210638821 -0.253505051 1.46702099 -0.367128134
    1.03050661 0.0550965667 -0.175843954 1.46264315 -0.0106177926
    1.02653146 -0.566364169 1.20922446 0.292155504 1.4384917 0.127257347
    0.348087966 -0.377978742 0.576747119 -0.0497903526 -0.281216621
    0.886640131 -0.110488057 1.43916368 0.223274648 0.512534916
    1.21927953 0.658721387 0.197964787 0.261735797 1.17423081 1.62506664
    -0.418489903 -0.201950014 0.190884829 1.1837585 0.282631338
    1.00126755 0.470623791 -0.104301393 0.724007726 0.394129217
    1.60983229 -0.406051278 1.40786076 1.36542106 -0.0932532549
    -0.282872319 -0.31539607 0.617579639 1.56468987 -0.262919605
    0.425014228 -0.404100925 1.15346622 1.39273965 0.750081718
    0.914552331 0.769392073 1.42099619 1.10190058 1.54540217 -0.35518083
    0.97073245 1.27581573 0.0222837329 -0.17777729 1.32171178
    0.247840762 -0.557344675 0.611526012 -0.40941599 1.47942519
    -0.144162714 -0.433560073 0.556811094 1.06546783 -0.134435892
    0.0912877321 -0.198163927 -0.238323092 0.421757519 1.26916122
    -0.636401474 1.26547682 0.441318631 0.822483361 -0.337725848
    -0.511686862 1.36772799 0.53409636 0.9247244 0.229665756 0.98676151
    1.52687454 0.0628157556 -0.22980015 -0.158111751 1.20515323
    1.37476516 -0.376200855 1.21135211 -0.449943364 0.30774343
    1.37472379 -0.236835301 0.739317775 0.953025937 -0.327398449
    1.55809808 -0.201084912 1.11921525 -0.380077362 1.22239041
    0.410204202 1.71062088 0.705048382 -0.211141825 1.18482566
    1.19126558 -0.36568749 0.253072321 0.801984191 1.08998299
    0.141398609 0.556659281 0.667323828 0.996150374 -0.270717263
    1.23532701 0.0635160804 -0.615927339 1.63708758 -0.435920477
    1.10028625 -0.0105833411 0.660048187 0.862402201 1.21714091
    1.25871325 0.499250114 -0.296076328 -0.114213169 0.860807836
    1.49602664 0.401489556 0.86985743 -0.0649638176 1.31174183
    0.137959957 1.66716218 -0.304620564 -0.508451402 0.675301611
    1.00829363 1.16028643 0.818861127 0.0738181174 0.168451667
    0.964379132 1.02516544 -0.58485806 -0.11907357 -0.26870054
    0.389488876 0.746454716 0.266447544 0.852925301 0.592429578
    0.390542746 -0.408506125 0.616812348 0.850069523 1.00934863
    -0.468890905 0.612672508 0.62287575 -0.0674176812 1.18520939
    0.0738661289 1.3415463 0.510204732 0.487556934 1.17575705
    -0.759509921 0.0774660707 1.23802614 0.884307802 0.329288602
    0.751896024 0.438402414 -0.269055307 -0.190027922 0.767017484
    0.979876697 0.142130613 0.524636149 -0.503081977 0.125288844
    1.45429969 0.129757822 -0.0964487791 -0.36880511 1.00730681
    1.35534167 1.17280293 1.18538427 -0.54662925 0.535450339 0.387171745
    -0.666081965 0.890385747 1.43584549 0.809956551 -0.111778021
    0.265622199 -0.480670005 0.829230309 1.10960388 -0.361161143
    0.332871914 0.431153476 0.0989221931 0.176073134 1.11812174
    -0.574144959 0.867911518 1.12161386 0.392657459 -0.390096664
    0.757315516 1.06955409 1.3744657 -0.0810063779 -0.0144847631
    0.889711499 -0.149734855 1.4096446 0.00382983685 0.802279592
    -0.0801513195 1.56594992 -0.601007819 0.79080689 0.886206031
    -0.0971782804 1.05040312 -0.25953269 0.30998686 0.36910677
    0.112937748 0.154629588 0.18679142 1.11763382 0.270334303
    0.474299312 1.17026877 0.744883597 1.00272226 -0.436498016
    -0.0256010294 0.544937909 1.05163729 -0.572993994 0.822547615
    0.125269234 1.37987661 1.23368561 -0.534116685 0.165203929
    0.48807174 0.432154357 0.56084168 -0.207947373 0.873686671
    0.841957271 0.775247753 0.366882324 -0.00507646799 0.941276729
    1.34060049 -0.614480853 -0.462838739 1.0425539 -0.163441658
    0.269450665 0.521677971 0.061863184 1.04134858 1.08405137
    -0.00573080778 0.0686838627 0.817424119 0.994354427 -0.622457623
    0.946304262 1.12860966 0.0470141768 0.762798965 0.0298429132
    1.40957046 1.27516818 0.217829585 -0.386756122 -0.0732280612
    0.894383609 1.32504964 0.720696926 -0.20089668 0.907901287
    -0.151230812 0.96245265 -0.605897725 -0.556603014 0.993470788
    0.314817309 0.456039131 0.684578121 0.914353549 0.788212061
    -0.373203337 0.156342387 1.3457582 0.665993094 1.21394444
    0.535351396 -0.216330051 1.4984138 0.47969681 1.1696099 0.704082429
    0.486485302 0.0398606062 -0.296724081 0.305390805 0.303590536
    1.28295827 -0.0829956532 0.45348531 1.39135718 0.3916803 0.50017488
    0.102910399 1.2806946 0.814438581 0.417019725 0.995795071 1.35312152
    -0.261244208 -0.524152696 0.188351989 -0.0465126038 1.13765395
    -0.150688231 0.906430602 -0.479926944 1.31722021 0.622780383
    0.855374396 1.21631634 0.744964898 1.1791234 1.03684235 0.524391413
    -0.118166834 0.956035316 -0.0392402411 -0.000204503536 -0.499140918
    0.935172856 -0.284233749 0.840922177 1.04434204 0.944943964
    1.04546857 1.22992337 -0.101899207 0.312076569 0.871536911
    -0.208059996 0.346113384 0.814426243 0.483940065 0.0231094956
    0.360434115 1.26626801 1.09885716 0.549388885 1.67564344 0.640919805
    -0.0996671319 1.53492165 1.02478778 1.13250983 -0.26958546
    0.750727355 -0.554861784 1.11666799 0.53782922 1.43209088
    -0.528477073 -0.0493793488 -0.183205903 -0.0780368447 1.13144839
    -0.327039391 -0.499956489 0.273195505 1.35102129 0.72926265
    0.952677906 0.6937868 -0.377641529 0.559010684 -0.480234563
    0.766606927 -0.510535896 1.41731644 1.43033218 1.34848309
    0.647031426 1.50814188 -0.291321039 0.47144258 0.7432006 0.783672154
    0.582463503 0.26485765 0.812175155 0.967747092 -0.542972088
    0.247122943 0.683792233 0.227118373 0.280587912 0.895458341
    0.344251752 -0.0692826509 0.704509974 0.90585196 1.02245128
    0.898831725 0.19802171 0.819987535 0.546283901 0.712572217
    1.56843972 0.0490719676 1.15167296 0.0917856097 0.280354679
    0.974739194 -0.217443347 1.53848052 0.184957743 0.548248172
    0.33908993 1.00912642 1.44635069 0.441838741 1.37812865 -0.274764836
    0.0808690786 0.307563722 -0.285520375 1.34180021 1.29316711
    0.424422145 0.395327032 0.124451756 -0.388752967 -0.379050583
    1.20308685 0.78961879 0.922464132 -0.583926141 0.926331222 0.4763183
    0.922656298 1.03261399 -0.503636658 0.940696895 1.43563914
    0.395177245 -0.349784732 -0.295764953 1.00535798 0.063809514
    -0.537178874 0.0962346196 -0.320431948 0.0463716984 0.746446848
    0.946509004 -0.314652383 0.784649491 0.452683032 1.36898744
    0.503954887 -0.470883846 0.0361932516 1.25884795 0.584310889
    0.52298969 0.335844219 -0.498147935 0.618137717 1.37906408
    0.266189933 -0.406583875 -0.403207123 0.692471147 0.19420284
    0.290565372 0.123026729 0.942755044 0.254386306 0.591175139
    1.21842813 1.12712908 0.167292476 -0.436851799 1.0041101
    0.0704740286 1.05809283 0.52525574 1.43263841 -0.567347527
    1.19782877 -0.101545274 1.00057137 0.223085999 0.883668423
    1.04582071 1.3077879 0.576184571 0.970313966 -0.0267043114
    1.35583043 0.607291341 -0.186739326 1.51127648 -0.204181165
    0.839757085 -0.0796364248 -0.0320597291 0.452555716 -0.539132237
    1.08435285 -0.390851349 1.22466385 1.14728701 -0.035610795
    0.501355469 -0.277326822 -0.290587425 0.450224042 -0.198094606
    1.65368223 0.50455296 1.16427529 1.21963024 0.576776385 0.2348243
    -0.18125394 -0.418183953 -0.217241704 0.0806043744 0.649127841
    0.625829697 -0.489378482 -0.454797864 -0.203645736 0.872943461
    0.601878762 -0.102634192 0.206681609 0.728145123 1.25194049
    0.388808787 1.39361906 -0.270981193 -0.309685737 0.410877645
    0.389266491 0.721940339 1.23959363 1.34348369 -0.210710257
    -0.115320206 0.9669469 1.07282782 -0.353918225 1.44615757
    0.140560806 1.48570359 -0.0828379393 0.866750181 -0.23811838
    1.0257268 1.08748162 0.69499886 0.75822109 0.963824511 -0.134669155
    0.20925492 1.37132812 -0.371328115 1.13523889 0.822021842
    0.410029769 -0.22657679 -0.457454622 1.5882113 1.29640174
    0.814573407 0.671661198 0.734086454 -0.00695514679 0.0108982325
    0.629255354 0.0184025764 1.1663475 1.30294716 -0.232392222
    1.29018807 0.610744178 -0.070496887 0.941373765 0.405539215
    -0.0434878469 0.974737465 0.490430951 0.825498104 -0.505422711
    -0.0255135894 1.076581 0.579823792 0.640002012 0.0473276973
    0.0679938793 1.10323954 0.0198540092 0.767592371 -0.215822071
    -0.376093179 0.394565046 0.609808922 -0.32124123 -0.571459293
    1.58954716 1.07425714 -0.569799304 0.488526702 1.07727194
    0.759694874 1.48406959 -0.445757359 1.26795983 1.4620446 0.278566778
    1.38498378 0.789261699 0.857667923 0.730484545 1.22054672
    -0.548354149 -0.221266881 -0.217396989 0.629518867 1.14179623
    0.273905039 -0.0701752007 -0.193096697 0.278285027 0.506225944
    1.13172555 1.37337184 -0.135047495 -0.405414104 -0.509118676
    1.19318426 0.0284415483 1.3606503 0.735361934 1.04685032 1.21220136
    0.686858416 -0.216068804 0.964728236 -0.433965623 1.49232507
    0.896066546 0.372954547 0.591447413 0.619993448 1.25270677
    1.23087168 0.046482861 -0.276107132 0.704776764 -0.399546683
    -0.518251956 1.24120247 0.283453763 0.193878233 0.4991045 1.04118049
    1.16569781 0.30128026 0.0752049685 0.521588206 -0.561772048
    0.942106962 1.14107037 -0.134654164 1.57264233 0.865253985
    0.533209801 0.93994838 1.24453139 1.01543212 0.245543778
    -0.236635029 0.452742755 0.285117507 1.51577473 0.859778285
    1.4195261 1.36355197 -0.275998592 1.03525829 0.542820394 0.978192985
    0.76331073 -0.237580985 0.218989134 0.787267506 0.565967381
    -0.55991441 0.442128301 0.189073086 0.529166937 0.158472478
    1.49289703 1.22331953 0.81421566 0.00996890664 -0.442040592
    0.87621361 -0.276338696 1.23236418 0.635283589 1.24059057
    0.358812749 1.04594326 -0.0581255555 0.740502536 -0.413047701
    1.14668596 0.768761277 1.3890301 1.36122179 1.42992496 -0.313187718
    -0.24973695 0.0884512365 1.18691158 0.941408634 1.08534718
    -0.160761923 0.128912151 0.161244541 -0.217808664 1.2494905
    0.270765424 0.2230497 1.48674297 0.63425982 0.392355084 1.31617236
    1.10749602 -0.669053614 0.871403933 0.747109294 0.39150697
    1.36675715 0.810693085 -0.62916255 1.02635849 1.3746984 -0.310702831
    0.758133352 1.05028486 0.125771105 0.409022927 -0.147141039
    0.292226434 -0.0307109356 0.405287921 0.186700761 0.501841426
    0.207120717 1.39806473 1.16545284 1.21607471 -0.449623108
    0.345198572 1.22531533 -0.0444535613 1.2085166 -0.246474862
    1.44808626 0.341805577 0.0241940618 0.417126 0.193943858 0.72409445
    1.34824753 -0.0873564184 0.928079247 1.18255639 1.51218081
    1.05525017 0.754888833 0.819970608 0.822694778 0.816379547
    0.734695494 -0.494471192 1.4389987 0.0758243799 0.166569948
    0.434920549 1.21312475 0.057469368 0.180058539 0.892492354
    0.704527318 -0.15303722 0.812583566 1.26289988 -0.76081419
    1.50054145 1.32448077 1.04011893 1.49121213 0.918274403 -0.220376104
    0.543413997 1.57282615 -0.449687719 0.00325948 -0.310187042
    -0.462615192 0.81913358 1.23158026 -0.067591548 0.451950014
    0.505715966 0.595590472 1.28875494 0.301044285 1.11892581
    0.287857175 1.01692986 0.15483129 -0.305177867 -0.0363676846
    -0.208669454 0.0421528816 0.268096089 0.837320447 0.817976117
    0.921005368 0.712508202 -0.0947746038 0.633195698 0.0442889333
    0.218966544 -0.194960475 1.08131433 1.64363408 0.193090975
    1.27549899 0.450138628 -0.591550589 0.906098664 1.10399592
    1.25662971 0.286233246 -0.449836552 0.878507316 -0.023145318
    1.42944169 0.0249415636 -0.139022321 -0.106988579 0.770356596
    0.223074734 -0.0134774446 0.735208571 0.13606143 1.7170167
    -0.0255653262 -0.14092195 1.44882417 -0.503694594 0.417476356
    1.37167311 0.617772043 0.198785007 -0.523105681 0.838657141
    0.000895142555 0.25473392 0.392124653 0.427886665 -0.529539585
    0.770853221 0.226495206 0.862860501 0.819380105 0.129517645
    0.0377289653 0.614730597 0.984189034 0.00114655495 1.18755019
    -0.484577775 1.51868153 -0.383662224 0.32953012 -0.0870093703
    0.567874193 1.39753056 0.233744264 1.36595321 0.223401248 1.29683948
    0.186479509 0.411091685 0.406951725 1.33412659 0.671794295
    -0.151374191 1.30544949 1.02370894 -0.43859309 -0.489687204
    0.892533123 0.145413935 0.727549314 -0.0900555253 0.417186797
    0.64168632 0.0785603523 0.499349117 1.00696039 1.33524871 1.24084258
    0.774780512 -0.136200964 0.677167833 -0.339569569 0.67263782
    1.07154846 1.65423822 0.693738759 0.504191458 0.675074995
    0.126981437 -0.15473786 -0.418973356 0.14784795 0.0443187356
    0.473142087 0.434279442 0.833133876 0.959217072 1.41975284
    0.678762853 1.44844675 0.565044641 0.498636127 0.136315346
    0.893361986 0.409144461 0.621066451 0.564215481 0.329956532
    0.628050804 1.31839108 0.822425961 1.11668491 0.937762558
    0.522628784 -0.232623696 0.867182434 0.907935739 -0.432235301
    1.39187646 0.0280002356 0.693421841 0.532036483 -0.333141148
    0.404143989 -0.112183809 0.413566232 0.949898124 0.20417279
    1.4408592 0.327994645 1.46407223 0.734035909 0.174268007 0.342489243
    -0.0544788837 0.609872222 0.648311734 0.416569173 -0.14733392
    0.61745429 0.240323961 0.486154377 1.46155715 0.422251105
    0.469718277 -0.272994787 0.855365455 0.21300602 0.0662702322
    -0.0500670075 -0.0710240602 0.0317518115 0.503274024 0.45199132
    -0.314175844 0.32448709 1.50238204 0.5009287 0.170936048 -0.55209434
    1.45480037 -0.198680103 0.434270561 1.46300411 -0.205835849
    -0.273651719 0.829658985 0.422272623 -0.236662894 1.3096633
    1.23133135 -0.546358049 -0.067112565 0.782404184 0.760366142
    1.59262776 -0.548098803 1.13681412 -0.249729484 0.328632891
    0.742449343 1.28070807 1.51955676 0.300990999 0.583940148
    -0.458924383 0.115201026 0.694783926 1.46151042 -0.421313226
    1.40043616 -0.566170275 0.127790272 -0.400509238 0.523353875
    0.519178331 0.815207064 1.43772936 -0.401141793 1.45434749
    0.559635878 -0.0246731639 0.801850796 -0.255475879 -0.185966551
    1.01368093 1.02471459 -0.255447447 1.38664639 0.174392104
    0.831371009 0.216479003 0.764970422 0.00716525316 0.199341714
    0.887645483 0.0307254791 0.594339788 0.878259242 0.447981179
    -0.00548583269 -0.508947611 0.539980114 0.383589923 0.170079827
    0.673661649 0.869120061 1.53270185 0.0274409652 0.761113584
    0.56964308 0.604227781 0.397116482 -0.359535694 0.714696288
    0.274523616 0.166410506 0.170364082 0.537043154 0.340613961
    1.38531017 -0.0659428537 0.746804893 1.01020825 0.0291987658
    0.370839715 -0.640332878 1.2580415 0.519960761 -0.438293815
    1.1790787 0.97818625 0.751959443 -0.0533616543 1.34703279 1.00879312
    1.68580103 0.308859706 1.28881216 0.113705933 0.823950768
    0.201024532 0.212327302 0.953906834 1.57309985 0.652661979
    1.29587424 -0.106749237 -0.216925472 0.602449656 -0.382155806
    -0.0557785034 1.30443847 -0.040176928 1.6292479 -0.422446191
    0.167518497 -0.495388538 0.396901309 1.06170487 0.414501429
    0.168786407 -0.204099894 1.24443603 1.30384338 -0.0499874949
    0.18032974 0.691983461 1.1368233 1.44956076 -0.119836867 1.41072106
    1.08397961 -0.489115655 1.37621105 -0.0799489021 -0.156676024
    1.50804424 0.794553101 1.10837698 -0.26060155 0.392994881 0.46511656
    0.179496944 0.754790068 -0.380642891 1.48028898 -0.527758241
    1.15327716 -0.188690662 1.28339016 -0.515433788 -0.234856039
    0.581813514 1.16529894 0.979946077 0.644568026 0.0183680654
    -0.24470675 1.07606292 0.363358259 0.0678060651 1.20620155
    -0.109666348 1.39182043 0.89490515 0.877478957 1.1330868 1.35681725
    0.001044631 0.343465626 1.25982404 -0.368114561 0.550835133
    -0.0681415796 0.0443595648 0.558493197 0.724101782 1.60844707
    0.17671454 -0.472745001 0.0868702531 -0.123048067 -0.416055381
    1.16120887 0.353803098 0.432023883 0.432485461 0.922436714
    0.833595693 0.0802865028 -0.379453152 1.11856985 0.666673303
    -0.695829868 0.500522137 -0.0839493871 -0.313990355 0.58145529
    0.387489021 0.716707706 1.32124639 0.428237259 -0.417215824
    1.20465541 0.525749028 -0.32652986 -0.00867021084 0.294795811
    1.4338913 -0.457687706 -0.330500215 -0.28301537 -0.093054235
    0.90838933 -0.405945122 1.02710927 1.47492528 -0.237544298
    1.65998197 -0.0826072097 0.272126257 1.42862737 0.11029309
    1.18315649 0.185789168 -0.543207645 1.50776958 0.556924284
    0.215548813 1.24040151 1.26243234 1.16291368 0.41495651 0.670079827
    -0.536011755 1.2202096 -0.520193934 0.90653187 0.434925199
    0.556334198 1.43470979 0.262442112 1.09839296 0.240057945 1.50299597
    1.52172101 -0.299881756 -0.0618616343 0.410436034 0.979509652
    1.13273966 -0.164726794 0.0201871991 0.942354321 -0.0745579302
    0.653049231 1.43552566 1.09879994 0.650488734 0.44033134 0.597958148
    0.649941742 0.335876286 0.797539353 0.766497433 0.342002213
    1.07458186 1.64815402 0.369056165 0.674315631 -0.262273759 0.2678743
    1.13534188 0.333555937 0.22091186 -0.567441523 0.312461734
    -0.635149777 -0.604993701 0.691284597 0.523142815 -0.214000389
    -0.0570498705 -0.0987046063 -0.442917675 0.979225695 0.406391621
    0.537813902 -0.132641882 1.16305077 1.35720277 0.357082546
    0.254827261 0.717558503 0.376921237 0.0584471822 1.2662816
    0.987310946 0.0578296185 -0.544627428 0.579202771 0.380361021
    -0.356899679 0.09679389 -0.0302348137 1.42187703 -0.0294156671
    0.938024759 0.600254118 -0.270630836 1.03544605 -0.193130344
    1.30861044 -0.226861119 -0.334675282 1.27453279 1.56747961
    0.333822906 1.08036852 -0.141125262 1.17789888 0.915763021
    0.80221808 -0.495829463 0.615326285 -0.353751242 1.29027987
    1.20480478 0.986992896 0.496041894 0.0696370602 1.59750926
    1.02217972 0.463535845 0.563259244 0.206468463 0.803622067 1.632231
    -0.394727439 -0.0482441783 1.31841874 1.03586268 0.0251682401
    0.618798912 1.03486776 0.336136997 -0.0107879639 0.960939705
    1.38652325 0.790479958 0.614710391 0.0279204249 0.0754766464
    1.19000816 0.368772388 0.647963524 0.495000184 0.663726211
    0.87648958 -0.136700869 0.949027121 -0.383524358 0.566443145
    1.34001338 1.12055612 1.47825527 0.845823646 -0.361828029 1.63311028
    0.300174952 -0.166102916 0.837400854 1.64418375 0.0149057508
    0.420098484 1.16126251 0.401887596 1.19667482 1.08046532 0.990293026
    0.73393935 0.310340345 1.25534391 0.948459566 -0.630897164
    0.210889459 0.203338563 1.50117242 1.18168068 1.11179852
    -0.395181626 0.2180942 0.430408895 -0.00386589766 1.12185276
    0.941836596 0.85417819 1.01521063 -0.0951538384 0.252170801
    -0.4043293 0.265921712 -0.563550055 1.10535491 -0.120186269
    1.31813073 1.59630489 0.470575571 0.803365707 0.929063678 1.26137328
    -0.445215762 0.379855037 0.676593184 0.172373056 0.521777987
    0.339682579 0.97165364 0.0887541175 1.46395636 0.138339996
    0.358517587 -0.561599135 1.2078476 1.31434536 -0.147314072
    -0.0482171774 1.46006763 -0.341858 1.02276218 0.342945278 1.14524841
    -0.12312901 0.00439554453 0.699936509 -0.364011407 1.31985569
    0.663916588 -0.0909253955 1.36086154 1.09392655 0.119438708
    0.530288339 1.15393984 -0.0877920389 1.43845391 0.878089011
    0.693365872 0.420987189 1.54298913 -0.415999711 0.0465736389
    1.15504622 0.350850523 -0.494602978 1.10848355 -0.376766533
    -0.242079049 -0.0516493917 1.25745916 -0.46127364 0.68093884
    0.0562517047 0.0540264249 0.71290797 1.54536748 1.01405525
    -0.165496081 -0.274629831 0.127744079 1.49313569 0.683715403
    0.0572535992 1.0158844 0.151948094 0.953681409 0.687334299
    0.768948734 0.602904916 0.896294296 0.0585456491 1.1054008
    1.28491569 -0.479024112 0.502882779 0.225765646 0.118844211
    0.630163968 -0.253967285 0.413493693 0.799745739 0.156226039
    -0.347654462 0.683459699 -0.517883539 -0.0171605349 0.125333786
    1.0872916 -0.251461446 0.00819563866 0.209088027 -0.376787603
    0.621412218 1.49744058 1.56448865 -0.485588729 -0.112927794
    1.48871779 0.969315052 -0.472390294 0.219447732 0.154886842
    0.229759932 0.768734634 1.29872441 -0.0283973813 -0.440719903
    -0.308815897 -0.0925401747 0.917540014 0.0611107349 -0.0102818012
    1.48021483 0.0501877069 0.171253502 0.0282790661 1.08884668
    0.142856538 1.17348409 1.45817173 1.18863523 0.515833974 1.47190106
    0.913980484 1.3393029 0.586352885 1.44389558 -0.381676912
    0.631493926 -0.198619813 1.21217012 1.26567006 0.319442391
    -0.289565325 0.743520796 0.566019773 -0.294397324 -0.523667157
    1.20588982 1.38147807 0.948682725 0.222212017 -0.605098248
    -0.361216158 1.3305738 1.4423492 1.54790068 0.0459981561 0.868684769
    0.722791135 -0.0571671128 0.680700898 1.29562688 1.17715168
    -0.494895101 0.46120894 0.316461444 0.664573848 0.364445448
    -0.231966406 0.111724883 0.359574378 0.082495749 0.108477294
    -0.445341706 -0.180742949 1.55708969 0.0127056837 -0.130043894
    0.0530036092 0.184885472 -0.315014243 -0.299556673 -0.5745399
    1.23883414 0.636206508 -0.0433999896 -0.0242935419 -0.0105555654
    -0.447330266 0.269909889 -0.00816833973 -0.543011904 1.07177782
    0.121070921 1.23733282 1.47009015 0.798784375 -0.119366884
    -0.0404886603 0.837300479 -0.403787494 1.4024899 1.17674899
    -0.476173222 1.17585707 0.579733789 1.17986441 1.47253823
    0.986513197 1.01471591 1.31765413 0.593954027 0.294124544
    0.482973576 0.528014123 0.0706182718 0.665222704 0.0737845898
    1.06021452 0.525232077 0.0607193708 0.746680617 0.257621169
    -0.489086181 0.828838944 0.557670295 -0.312002271 0.484825075
    0.470189631 0.685064852 -0.254141778 0.00361245871 1.41876626
    -0.182964385 0.93143785 -0.0218194127 0.199998975 0.53235203
    1.18207073 0.847970843 -0.324141264 0.202311575 -0.441656023
    -0.198681146 0.858902514 0.772228539 -0.227921516 1.13315511
    -0.183663368 1.3405056 1.30760741 -0.228496253 0.616387308
    -0.205386579 0.616773903 0.352530062 1.08578598 1.32731152
    0.390391409 0.447242439 0.975306571 -0.428236306 -0.3645446
    0.0776349902 -0.189440668 0.351920426 1.50020301 0.564375699
    0.532423019 -0.323099315 0.36980772 0.615339994 -0.537891507
    0.413966358 0.836943865 -0.404801846 -0.317607164 -0.129528314
    1.35046875 1.03705645 1.1940794 -0.0269436836 0.426455557
    0.461423099 1.16731453 -0.27949369 0.693975985 0.46709615
    0.796521902 0.456157327 0.782773495 -0.322417229 -0.315588653
    0.0685483813 0.522506654 1.17972219 0.809895813 1.30623603
    0.386070669 1.09183884 0.251407266 1.29867554 0.330718338
    0.386067569 1.29921544 -0.362966448 1.0392617 1.3776114 0.836977124
    1.49783969 1.02345943 1.55293643 0.385367572 1.61721778 -0.287643552
    1.3224709 1.0709722 0.658739388 0.0367048383 -0.420031846
    0.471102953 1.31251097 -0.372397482 1.64112401 0.0523635745
    -0.382224143 1.0588243 0.271580279 0.440378785 1.20400286
    0.656954467 -0.116694689 0.504967511 0.662934422 0.110484719
    -0.243277818 -0.0207451582 -0.503375351 1.29447687 1.35546684
    0.144288719 0.207456887 0.539230108 0.315470815 0.8170439 1.53133345
    1.34045815 1.25436652 1.45220733 0.569734812 1.15365863 0.849478602
    0.348743618 0.854199529 0.866409481 0.0161405206 -0.00376319885
    1.03226912 -0.543009341 0.202555478 1.45596087 0.0757174492
    0.939087033 1.47024095 0.882475376 1.19203162 -0.0825348496
    -0.0854446292 0.666125357 -0.179399312 1.03134012 0.879392326
    0.457393706 1.17556334 -0.506033182 0.0729944408 -0.0285305977
    -0.0863307118 -0.43368265 -0.169723749 1.53171349 -0.11016351
    0.228178382 -0.0445603728 0.0956468582 -0.371231347 -0.222384155
    -0.071993947 0.522906303 1.33448887 0.603262842 -0.127889395
    -0.30415234 1.41614008 1.09161389 0.766512096 0.417684138
    0.109081388 0.0221682787 1.43065262 1.44549799 1.46782827
    0.643515408 1.43930757 -0.0110796094 0.36923641 0.137269914
    1.45600641 1.14389145 1.31696105 0.478195965 0.0445441604
    0.875340283 -0.356232762 0.315221131 1.03671527 0.547622263
    1.25443029 1.11133361 0.720403016 1.15371799 1.36526752 0.0275710225
    0.180500031 0.377303541 0.98932904 0.321012795 0.185417116
    1.34623384 0.294265211 -0.4456231 0.986293912 0.867580533
    0.337159395 1.40609336 -0.0801913142 0.0677861273 0.267161936
    0.495133877 0.621724844 1.36575913 0.922735631 0.444140315
    -0.217441022 1.06063557 0.186472833 0.377870858 0.937256932
    0.328623831 0.0967652798 1.30352676 0.618422151 -0.279642552
    -0.451849312 -0.00474965572 0.713294029 -0.485629261 -0.52571708
    -0.181203097 1.09583127 0.474156916 1.41579819 1.06616998
    -0.631828308 1.36386561 0.108483016 0.636645675 -0.620929837
    1.01680398 0.385977566 -0.106910378 0.136658967 0.360532343
    0.853305995 -0.618161321 0.893741429 0.59523648 0.433663428
    -0.492856979 1.31089497 -0.392906159 1.42309403 0.821283519
    -0.175618559 -0.114189655 -0.37670821 0.234966427 -0.210909486
    0.0308678746 0.270148873 0.959650874 1.09956551 1.28831923
    -0.0437639952 0.0545419455 0.859972119 0.217862368 1.3191874
    0.790979266 -0.542962492 -0.368910849 0.972025692 -0.0415308774
    -0.424941152 0.655489087 0.181876957 1.32286572 0.8694188
    0.358305275 -0.183191687 1.60532832 0.490570903 0.631261468
    0.351440191 -0.298243046 0.795753777 0.131621361 0.608429313
    0.965775967 1.05185485 0.810272932 0.977175057 -0.478399158
    -0.33931303 1.27939475 1.64563465 -0.332954764 0.140766472
    0.507236183 1.27830148 0.257376432 0.565069854 1.64029503
    0.742654324 -0.101753294 0.0655879378 -0.181442767 -0.430194885
    1.51278782 0.326670885 0.937927961 -0.183787376 0.81941992
    -0.0980161428 0.0589650869 -0.533296227 0.985623062 1.10760808
    0.501873851 1.27486873 -0.46959585 1.02341342 0.140818179
    0.173912227 -0.443389833 1.47741556 0.955032229 0.39286685
    0.986203551 1.08804989 0.745980382 0.242755055 1.38647413
    -0.702067077 -0.233614057 -0.355997175 0.207407176 0.649807274
    -0.55312705 0.216390193 1.27763879 1.10371804 1.14632678 0.582466841
    1.43972301 0.0347719193 0.476411462 1.38587046 1.07337761
    0.629330337 0.670159698 1.46093893 0.455012441 -0.251479208
    0.250132203 0.0206852555 0.552627683 0.516001999 0.0346181393
    0.441811681 0.280040562 0.545647144 1.19181633 0.191966325
    -0.236214787 1.53414011 -0.542788029 -0.344450116 -0.277083039
    0.396802664 -0.0760752559 -0.10235256 0.53941071 -0.632552743
    0.313732445 1.02033973 -0.396113098 0.245620966 0.914152563
    -0.107648373 0.376351178 0.0461497307 0.258504689 0.385573447
    1.00250196 0.308762908 -0.166063666 0.443244815 0.640627325
    0.813067973 0.0130673647 -0.210148513 0.89073956 -0.0555047989
    0.285198748 0.978883982 0.591659546 1.03106487 1.0848465 0.202161789
    0.0517716408 1.11771011 0.117860377 0.915936887 1.61360717
    -0.0633679628 -0.16473639 0.948252022 -0.231629938 1.0643903
    0.30710119 0.448418498 1.03380835 0.169826984 0.73648715 -0.12439388
    -0.0841408372 1.15874743 0.7935974 1.31218398 0.929375768
    -0.0285173655 1.05775428 1.44358873 -0.208683103 0.513866663
    0.275453985 0.690627337 -0.379618168 -0.18789506 0.553466797
    -0.403598189 -0.350076765 0.101860225 0.598806977 1.20181656
    -0.364938915 0.939657807 0.931142688 0.880123675 0.927718759
    1.2142632 0.100468755 0.387717187 0.668910027 0.314444661
    0.963460147 -0.564222097 1.488451 1.20674539 0.146108627
    0.0849992037 0.567421257 -0.31463784 0.964090526 0.0398153663
    1.37771201 1.22630179 -0.150998354 0.497557878 0.275431156
    1.37950945 0.965853512 1.10341752 -0.14308998 -0.00311851501
    0.278935134 0.194063962 1.45216179 0.100607455 0.913218915
    1.07068217 -0.128612161 1.57598436 -0.180024117 1.27972221
    -0.211606324 1.36744308 0.532165825 1.23569775 0.90415293 1.58970046
    0.254831731 0.629776359 0.745914698 1.60560727 -0.213877678
    0.686097145 1.00189614 1.37513518 0.115340412 1.42983282
    -0.528903723 0.413013816 0.489152312 0.275184453 -0.398397028
    0.912375987 0.57531637 1.07859552 0.427831173 -0.0997941494
    1.19015288 0.933787107 0.133893967 1.39393377 1.2761972 -0.505712092
    1.16051579 1.21107984 -0.460597277 1.6336292 0.94618547 0.159062028
    0.434999228 1.15930152 0.986266851 -0.476835489 0.947452486
    1.35293758 0.757525086 -0.192691803 0.561051309 0.874971867
    1.01227832 0.745103538 0.642416656 1.16053319 -0.26837337 0.33313337
    0.347878337 1.05761909 -0.164034784 -0.0647575259 0.158215523
    1.00689411 0.932035089 0.92261374 0.398361683 0.974429309
    -0.428799331 0.170868993 1.28518605 0.186999381 1.03877807
    1.16507101 0.0947733521 0.958391845 0.462221831 0.041775167
    0.215283334 0.345773995 -0.478129834 0.325379074 0.786924899
    -0.0148974061 1.29382467 -0.59906143 -0.157422483 1.27226424
    0.346206009 0.256972373 1.3490901 -0.0434458256 1.11704648
    0.111284792 -0.547988236 1.22768557 -0.171244621 0.203259259
    0.888876319 0.990655839 -0.392568707 0.772872269 0.8743788
    0.121659398 1.23275304 0.880348146 0.0374225974 -0.359420419
    -0.379020274 -0.373958588 -0.335127264 1.11962914 0.595461071
    1.13583755 0.603058577 1.08471227 -0.345169008 1.624228 1.43481028
    0.716242313 0.935907602 1.5064168 -0.127101839 -0.330390155
    0.711119294 -0.220277846 -0.470473319 1.47573781 -0.0389313698
    -0.516297877 0.188871562 1.31196117 0.306124806 0.471757472
    -0.411125183 0.79259187 -0.112769246 1.1720947 -0.188255906
    0.350241125 -0.167539597 1.72149277 0.626077116 -0.260918856
    1.2329793 -0.0896112323 0.244796634 0.288778305 -0.353617847
    1.57059276 1.30617058 1.5935607 -0.0182783604 1.09475374 1.05644822
    1.15806639 1.50620341 -0.376788586 0.880383134 0.855421722
    0.185047448 0.347288251 0.193500996 1.44751096 0.789210677
    0.646537483 0.184494078 1.09268212 -0.24407047 -0.0198532939
    1.1089288 0.432456315 1.17836046 -0.39744395 1.01316929 0.0457100272
    -0.430360526 0.588677287 1.31132638 1.10453916 -0.360680133
    0.249924541 1.44427097 -0.0241225362 1.57716942 1.25020504
    -0.134827733 0.832451701 0.899304271 0.0690968633 1.39495838
    1.30251956 -0.0788110495 0.0888488889 0.948317587 0.456711888
    0.258046746 1.31467891 0.787161946 1.40007329 1.49701834 0.448013484
    0.638029754 0.913276732 0.496418595 -0.433717489 -0.286354125
    0.203284562 0.244252324 -0.269355357 -0.123099178 1.24336207
    -0.389846116 -0.0593627691 0.866439402 -0.411477923 1.49461496
    1.02120113 0.129029691 1.48023474 0.0870092511 1.39792943
    -0.230012685 -0.348774403 -0.25858745 0.279838145 0.685809016
    1.33054566 0.644466817 0.930106997 0.817201972 1.09893703
    -0.568083048 1.19977355 0.93148756 0.306502402 0.194377363
    0.00564777851 0.429704368 1.41873944 0.253353596 0.879567862
    0.287031353 -0.330911785 0.107128263 0.239509881 0.16558367
    0.29390204 0.61206013 1.16117287 0.218937814 -0.445805967 1.30567408
    0.188509583 0.889018059 0.0795382261 1.30632389 -0.265166163
    0.0515915155 -0.399213701 1.14569306 -0.693929374 0.610051095
    0.702443779 0.982092679 0.0298124552 0.851881981 -0.258721381
    1.38633013 0.0810883045 -0.232404619 0.62383759 -0.0508700907
    0.875882864 0.692513645 1.30350447 0.460779607 1.3012979 1.22844863
    0.776968002 -0.397729218 0.687748134 0.0154280066 -0.0531844497
    0.887519002 0.603512585 -0.451224327 0.432678103 -0.0219451189
    -0.102167726 0.323278606 -0.306803167 0.122023642 0.630371571
    0.198784351 0.407118142 0.41353476 1.2577467 -0.390331388 1.21220469
    1.16893387 0.479449272 0.0546836257 -0.508906424 0.605796516
    1.18580949 0.0111193657 1.63388944 -0.368442476 1.70957243
    -0.268561184 0.503228128 1.37640715 -0.514039755 0.0142979026
    1.51829529 0.745788991 1.24113703 0.377527297 0.814836144
    0.614686906 -0.525391817 0.0682021379 -0.274815768 -0.258385003
    0.901453257 0.475782692 0.698258162 0.67209518 -0.0814540982
    1.08278751 -0.466985852 0.0883560777 -0.176162541 0.0878850818
    0.156690776 1.09120464 1.18500972 0.797238529 0.0799942613
    0.802721798 1.11640704 1.13105905 -0.249076039 -0.114412367
    1.07290184 0.112940729 -0.188784957 0.735961854 0.582034588
    0.839380264 0.185378015 0.0261833668 0.161808968 -0.0859102011
    1.58406425 0.0689463615 0.698681593 -0.386764169 -0.247207344
    1.27838492 -0.0908119082 1.48603058 0.265761733 1.65525532
    0.430858552 0.0973177552 1.28899193 0.11838758 0.10001421
    -0.218094587 1.11949825 -0.00919359922 -0.0210514665 0.0788379312
    0.0306916833 -0.340684831 0.530643702 0.226472795 -0.164421618
    0.349885941 1.18975997 -0.23399806 1.48408592 0.902433395
    0.317936301 0.198669076 1.13244247 1.264498 0.828219593 0.178921402
    0.0962652564 0.971201301 1.10320961 0.213470876 -0.136964411
    -0.0614561439 -0.287707627 0.77151829 1.17298567 0.191787899
    1.2528249 -0.416796297 -0.128860772 0.435824931 -0.354734004
    0.163362205 -0.488641828 0.782984436 -0.0727635026 -0.00228613615
    0.600736916 1.4963274 0.442627132 -0.198873699 -0.263052315
    0.49884671 0.565950871 0.701559126 0.397762001 1.3800894 1.22360229
    1.06671274 0.342169762 0.0789519846 0.808584154 1.06744719
    0.950726628 -0.704517066 1.32079625 0.427306771 1.4991169
    0.825440824 1.04307985 -0.169421256 -0.193215668 0.907931268
    1.24645257 -0.343321741 0.872423053 0.592647016 -0.402368784
    1.00587678 0.96231854 0.392092288 0.222398877 1.13734424 1.03532326
    0.978622317 0.816742599 0.99972856 -0.146382183 0.848176539
    0.737838686 -0.352133632 -0.436730027 1.34484029 -0.653490543
    1.35956299 -0.552325726 0.398236543 0.837106586 1.75144291
    -0.316069782 -0.34806934 0.476345152 0.808038175 -0.252104759
    0.956207633 0.0946493745 1.04671431 1.40975022 -0.539861977
    1.48993611 -0.484136343 1.01000023 0.623309314 0.57019949
    -0.0816528201 1.35373628 -0.183601797 -0.375431597 1.33537459
    -0.0983970761 -0.579619408 1.14615989 -0.031701684 0.389175117
    0.465691149 1.08960247 0.618054092 -0.544267595 1.30127621
    1.16978288 0.0181981921 -0.502658725 1.39429855 0.315716684
    1.54968572 1.55713964 1.30696881 1.27384138 -0.347365499 0.944505215
    0.425329387 0.82016176 0.698598683 0.906312466 0.786340475
    0.549698949 0.976347566 -0.277811348 0.0192677975 0.19368735
    0.820541382 -0.249447659 0.972376943 0.521564126 1.41813707
    -0.153527439 -0.563021898 1.07609332 1.40911436 0.991645753
    0.773932338 -0.058865428 -0.429611027 1.50012314 -0.182999283
    1.39166546 1.04049182 0.654817343 0.607499659 0.343915045 1.05702209
    1.03338099 1.30978203 0.737523854 1.33676529 0.361141264 1.06833887
    -0.0473985672 1.270028 0.599365473 0.869568229 1.04619932 1.19671106
    0.00989601016 0.598081112 0.0242263675 1.48424268 0.26276052
    0.878321409 0.284221709 1.25691366 -0.157001257 0.874205768
    -0.445790231 -0.390654951 1.0185622 0.46941483 1.43609953
    -0.122508347 -0.301653206 0.295954943 0.126364589 -0.336281598
    1.11006188 1.49103665 0.850929141 0.367869675 1.48913145 -0.57843262
    -0.138592482 -0.257369995 -0.552455664 0.82163161 0.862265408
    0.985848606 -0.0142816305 1.55907583 0.849625587 -0.0920176506
    0.237795889 1.25911021 1.00613439 1.31642413 0.408999503 1.0157373
    0.0354188085 1.54805899 0.33236444 0.415305078 0.342352748
    1.50378883 -0.349297613 0.698793948 -0.122078568 0.938527703
    -0.163106889 1.01775432 0.517828286 -0.320247948 1.36070049
    -0.473335207 1.16715908 -0.167562962 0.688105822 1.01100397
    0.849384367 1.48609149 -0.431440711 0.658663809 0.167701423
    1.3148315 1.0560627 1.0626967 -0.528982103 0.974793851 0.111756235
    -0.183478743 -0.17813006 1.48113215 0.145952046 1.51060629
    0.0017208159 -0.0770834684 -0.390211791 0.874522924 -0.257210612
    0.118586361 1.03637338 0.988219321 0.897972167 0.434421539
    0.47907418 1.62539887 1.01670384 0.630296946 -0.271150887 1.4519949
    1.15239811 -0.482549816 0.110264838 -0.214371383 0.326037586
    0.770250976 0.926146686 1.33518958 1.30329132 0.880575001
    0.182565212 -0.335053205 1.45501351 0.0881845355 -0.652645588
    0.981053174 0.810633361 0.69032526 -0.182839811 1.56780982
    0.980734706 -0.568493187 1.49219835 0.915241659 0.834109783
    1.09328127 -0.577241719 0.737437427 1.59047949 -0.453525901
    -0.218803942 1.26740861 1.04557157 0.619714737 0.701002061
    -0.232237875 0.798359632 -0.44982177 0.0737911463 -0.237158999
    -0.423033267 0.432157159 0.828605592 0.745173693 0.808966458
    -0.538709521 -0.498702735 0.756934822 -0.606029451 1.46204495
    0.998366833 -0.669268966 1.18379259 -0.270899892 0.609424055
    0.427424133 -0.0442985892 -0.228330493 1.45854497 -0.566598952
    -0.411266327 0.825221062 -0.0297538638 1.08233047 -0.272597164
    -0.258888572 -0.119088203 1.43924332 0.899270236 0.554816902
    1.18596172 0.713066101 -0.343191355 0.904093564 0.222193331
    -0.332851976 -0.346278518 -0.431317836 1.23605072 0.772373855
    1.34136295 -0.245736644 0.46097371 -0.0560339987 1.16106701
    -0.0765991211 0.731946111 1.3159306 -0.686890483 1.48616624
    1.24571109 0.235350192 0.00759533048 -0.283944935 0.469872981
    0.894961596 -0.367671549 0.322456777 1.01339281 0.456364691
    1.25426078 0.279044986 -0.4531506 1.57559514 -0.167022347
    0.00769120455 0.899236798 1.0209862 -0.317749649 1.34695506
    0.393438458 0.13879931 -0.322125077 0.85274303 -0.0970161557
    0.376032352 -0.327264577 1.2407068 0.255747974 -0.327247977
    0.2394014 0.317044735 1.08297884 1.06329703 0.239395142 -0.236596048
    -0.108515352 0.925867438 0.256429732 -0.180009231 -0.484686613
    0.301310301 1.50130761 1.11201668 0.867972374 -0.063433975
    0.543891847 0.47418648 0.761876702 0.32145077 -0.274915248
    1.10525846 -0.263214588 1.69023371 -0.25878638 1.32420993
    0.604369819 1.39347529 -0.0963295102 -0.479184628 -0.0486171842
    -0.586524844 -0.426297814 1.35347605 1.12036431 0.45840627 1.2394613
    0.810992062 1.09010255 0.42055738 -0.432724476 0.0155860186
    0.182560772 0.39905262 -0.526870012 1.09522641 -0.582509637
    1.29898429 0.00116962194 1.06074739 0.067527473 -0.304843962
    1.55318165 -0.372992456 0.217690825 1.52941394 -0.530036569
    0.337529421 0.489630163 1.40371418 -0.529568672 -0.27617085
    -0.119351983 0.349947155 -0.558704555 0.980365574 0.699590743
    0.303055167 0.127616346 -0.15066433 1.09572721 1.43036032
    0.808276951 -0.219923288 -0.265550733 0.840657949 0.785779834
    0.791370034 0.525175333 1.11412549 1.17132533 0.894683599
    0.905432582 0.991279244 0.281037211 -0.641542196 0.696591139
    1.21717381 0.339303136 -0.353951305 0.692474723 0.80014056
    -0.33095938 -0.168523267 -0.327240169 1.24454045 0.035153985
    0.621890783 -0.579185605 0.953149259 1.33034706 0.461696982
    1.44234133 0.016430974 0.244856358 -0.15209347 0.190488279
    1.09838319 0.470003545 0.238086462 0.835787833 1.56647635
    -0.32933116 -0.48586604 0.132464528 0.294554532 -0.402996898
    0.592552483 1.02753854 -0.204030454 -0.44146952 -0.0134499669
    0.664856315 -0.247322172 0.541543543 1.56020117 -0.4366602
    1.46607661 1.35324502 1.16499782 -0.554951251 0.765912175
    -0.471252233 1.33681583 -0.274552226 0.750784814 1.51816308
    -0.0145947337 0.455396175 0.0312966704 -0.488926351 1.44459653
    1.16533732 0.786112249 0.503010333 0.460203826 1.33684599
    -0.233342052 1.44071746 1.28847611 1.01875567 -0.00893747807
    0.401935041 -0.194918662 -0.0289040208 1.32269502 0.950091302
    -0.684636474 1.33684528 0.214873493 -0.177352905 1.48133159
    1.26627493 -0.0830292702 0.00864821672 1.51873875 1.24156451
    0.0871118903 1.25125611 0.164205074 0.37974453 1.27444971
    0.841732383 1.26234746 1.14410567 0.0945613682 -0.314518094
    0.676190913 0.514308214 0.162895679 0.547818899 1.34827924
    0.947269201 0.804617882 -0.203756928 1.31060004 1.11565268
    1.47310889 -0.246641308 0.851630926 0.492943048 0.285989165
    1.08202934 0.881275833 0.02034235 0.74177897 1.31855845 -0.048363626
    0.940140903 0.807846665 -0.0422198176 0.334340394 0.174494088
    0.364607394 0.312008679 0.692454755 0.754052281 1.32377315
    0.992268741 1.3657403 -0.376492202 0.425483823 -0.363694072
    0.126510501 1.33274412 0.0616115928 -0.399578214 -0.24551633
    1.45107198 -0.0682432652 -0.0435374379 0.782247841 1.42468798
    -0.426556677 0.139137745 0.759183288 0.506853402 -0.215413779
    0.268132269 0.429578781 0.164343417 1.09589005 0.311579555
    0.550470769 1.32842612 -0.170645654 1.17187238 0.347113013
    0.42231828 0.732575595 -0.50454694 1.58668756 0.689400375
    -0.356867135 0.708369553 0.637100458 1.66474867 -0.00141751766
    0.758470356 -0.561169505 1.19844818 0.190589786 -0.239480615
    1.33319986 0.812170267 1.41843224 0.545034647 -0.417667419
    0.174298584 0.573001444 -0.1642676 0.0145913959 1.72028279
    0.864156723 -0.126950532 1.07862592 1.02179456 1.04087877
    0.769231975 -0.27207002 0.429048061 -0.209817499 0.69742626
    1.56259704 0.807436585 -0.234628558 0.372363985 1.56543791
    0.659719825 -0.176948369 1.24796748 1.05249453 0.351211667
    1.25073433 0.537859738 0.0189070702 1.1672945 0.987768412 1.4007405
    -0.186416119 -0.214500308 0.590451717 1.4183948 -0.119946957
    0.793488383 0.534313619 -0.136573434 0.0921142101 0.879450619
    0.851720273 -0.139642298 1.52767253 0.560210347 0.197497725
    0.860372066 1.07504201 0.465462327 -0.437407732 1.11070251
    -0.543159306 1.46459532 1.00893521 0.364693403 1.01430476
    0.186473131 0.512938797 1.19480062 1.64904761 1.49841094 0.638906956
    0.805077314 1.29173946 0.568442166 0.580284894 1.46952701 1.20730436
    0.648396969 -0.496875823 0.426332176 0.835250735 1.21965337
    0.883065104 0.777107179 0.436666608 -0.104883015 0.620755076
    0.704891086 1.03364801 -0.574541926 0.684601843 -0.374340206
    0.954153597 0.821089625 1.08516264 1.12998664 0.815194905
    -0.503389418 0.559634328 -0.379778713 0.462049216 1.02695537
    -0.410632908 1.20165169 1.56785202 -0.369864017 1.28335452
    -0.288747966 1.25353909 0.821738303 -0.0416134596 0.337092996
    0.0352448225 0.323083282 0.255034745 0.599966586 0.559792817
    -0.346358836 0.168602586 1.51611364 1.06323552 0.299373567
    1.37062252 1.18847263 1.33021474 0.643367171 -0.438659161
    0.823186636 1.33433032 1.24324012 -0.327327609 0.506943107
    1.12297118 -0.14787966 -0.254833937 1.19127059 -0.0254443288
    -0.34519273 -0.00805205107 -0.118078202 1.33097422 0.000640809536
    1.29977345 -0.420733869 0.769464433 -0.298529804 0.732867539
    0.796341002 0.0528296828 0.13513726 0.287231326 -0.625320435
    0.78820014 1.42535758 -0.0947032571 0.928581536 0.439721525
    0.218505144 1.41759944 0.466834486 0.176030159 1.19361567 1.32768798
    0.73079288 0.125522077 1.4330833 0.527330518 0.21083802 -0.531941175
    -0.0663661957 0.605197608 -0.107772946 0.926099658 0.678850532
    -0.304555804 0.731935799 0.566956043 -0.398955375 0.684409976
    -0.472479135 -0.0527028441 -0.398368418 -0.384800047 1.01764107
    0.925184667 0.492486179 0.286781251 1.14442229 0.983537376
    0.936343431 0.595541179 1.4725709 1.26185143 -0.675507426 1.17729616
    0.506288528 0.54179436 0.0741062164 0.436325371 -0.151726872
    0.0676270723 0.811058462 1.04280329 -0.304163337 1.5360477
    0.147194624 -0.20622921 -0.57096833 1.17296386 0.755881667
    -0.446743578 0.278431416 0.833576381 -0.382719934 0.653773129
    -0.40722996 0.35641402 1.61335754 0.487496734 1.20234513 0.571783841
    0.0120121837 1.30882359 -0.0912351906 0.0810344815 1.25019956
    0.268094122 0.295290828 1.53874755 -0.0919566154 1.39573252
    0.559265554 0.276866317 1.14550972 0.85636884 0.136077046 1.02772915
    -0.0354732275 0.0741006136 -0.373446882 0.593276858 0.921144962
    0.392645299 0.0241718292 1.19662416 0.935061395 -0.35902366
    1.45877862 0.791559339 -0.174134463 -0.404641777 -0.222469568
    0.252950311 -0.271444827 -0.506637275 0.8903175 -0.174304098
    1.61871767 -0.0595310926 0.245761126 -0.35425061 0.407191813
    -0.369129241 0.371679842 -0.329525888 0.160640508 -0.23734197
    0.584316254 0.908614874 0.741749346 -0.190050662 0.178663015
    0.459177464 -0.377595603 -0.486957103 0.971994758 -0.0049392581
    1.06747985 -0.330249816 0.228453398 -0.0241062641 0.651427269
    1.0264225 1.19264483 0.665161192 0.691498637 1.72069883 -0.319973052
    0.866128445 0.211614907 -0.319259822 -0.0855936706 -0.30595696
    0.97570765 1.3615315 -0.455466032 0.164010704 -0.415871859
    0.540224612 0.454051435 0.503007591 0.278251886 -0.402254581
    1.6005187 0.930193126 0.0481770039 -0.345636487 1.52459931
    -0.411024481 1.26577973 1.31622028 -0.0192615986 -0.301791191
    1.08150291 0.348194122 -0.0245240927 1.09561658 0.660118639
    1.44160485 -0.102812529 -0.20257771 0.424814761 0.361736774
    0.217822433 -0.216211647 -0.158028364 -0.40300712 0.45936048
    0.349849463 -0.124548614 1.50511456 0.491797626 0.855213404
    0.351152003 0.572671771 1.29296637 0.00241011381 0.810288727
    1.43339157 -0.0146238804 0.371617258 0.599289417 1.34656858
    -0.331199527 0.476719916 0.774295628 0.882914722 0.971640587
    0.509834111 1.15079021 1.27700686 -0.0876757503 1.18368077
    0.539686322 0.508565366 1.07266974 -0.220066816 1.1672647 1.05366349
    0.11808902 1.43057847 0.729192376 1.41817093 0.763492346
    -0.0967538357 -0.524680912 0.821934998 1.54830933 1.29399884
    1.55507946 0.349438906 -0.355503261 0.763836324 0.619811893
    -0.182121754 -0.495563358 0.923331559 1.2780925 -0.674470484
    1.04864454 -0.382647961 0.761849582 0.0739716291 0.128948629
    0.685345054 0.948141456 0.624732316 0.334583163 -0.155254871
    -0.340024859 1.51008606 0.588809252 0.389139831 0.772457838
    0.768044591 -0.385816216 0.86099869 0.127479494 0.0223632455
    0.812978446 0.193081617 -0.42032671 0.369928181 -0.473864943
    0.862383902 0.235831738 0.0650333166 0.143966973 1.20507431
    0.661573052 0.556441426 0.957335055 -0.463939071 -0.0490676761
    1.02802539 0.74236387 0.666733146 1.407938 -0.465353251 1.39197969
    0.804092705 -0.499877393 0.739856541 1.06126332 -0.0087184906
    1.46374404 0.674520552 0.253415525 0.478286803 -0.358875632
    0.158210635 -0.197459787 -0.106585205 0.613276303 0.431568325
    0.685857236 1.29246175 0.56138891 1.44615448 0.0784841776
    -0.384695441 0.454388738 0.727306902 0.111859381 1.20994484
    1.23488212 1.28036153 -0.0487580299 0.322851479 0.802524149
    0.976797104 0.506709218 1.17265511 1.03553081 0.194931209
    0.316193938 -0.320013016 0.229898274 1.09583962 -0.436165512
    0.43585825 0.842230797 0.793840885 0.993012369 1.44358408 1.47964287
    0.11064744 0.579662979 -0.115624964 1.32076263 0.0598566234
    -0.396304667 0.867869616 0.874248683 0.597216964 -0.47154516
    -0.16717875 0.839225173 0.676577687 0.509482741 -0.264279783
    1.58003044 -0.161515772 0.0208331347 0.0204890966 0.22904104
    0.9294402 1.18302441 -0.554941297 -0.0913431048 1.49482822
    0.114641845 -0.160574824 0.127756983 0.716410041 -0.0263681114
    -0.277440339 -0.0240340233 0.349906385 0.118633628 1.34696364
    1.03526199 0.936021686 1.22243357 0.0153876543 -0.345821977
    0.875200689 1.6124146 1.34018707 -0.434393167 1.17061627 0.761681736
    0.821319401 -0.00360196829 -0.19446072 0.280056775 0.324751794
    0.83072263 0.845606327 0.653941512 0.00968813896 1.46614659
    -0.452867866 1.25601411 0.252809465 -0.509299099 0.337271959
    0.131590426 -0.406225592 0.359143138 1.46855223 1.03671229
    0.170942426 1.29453325 -0.501084447 0.756874502 0.283676147
    0.931964517 -0.142998099 0.608064115 0.571624041 0.31216222
    0.552567005 -0.362302423 0.972708821 0.824828982 -0.225147069
    0.584293962 0.107401729 0.965480089 -0.0124678016 0.578526318
    1.43011153 -0.229845941 0.757604599 -0.518083811 1.14794898
    0.972739875 -0.388686448 -0.297772974 0.0906383991 0.854948819
    0.952482998 0.630769968 1.03130019 0.639719784 -0.0897011161
    1.39481235 0.515966952 0.966003716 0.460475445 0.946541369
    -0.146383226 0.658664465 0.364833117 0.177136719 1.05748749
    0.411066592 0.818656683 0.424106002 0.663251877 0.179789901
    0.559078217 1.0243361 1.6154089 -0.658386409 0.74691087 -0.3512519
    0.655040324 0.213501453 0.957389772 1.26083279 0.323671162
    -0.532994568 0.521083772 0.670998871 1.62426543 -0.641932964
    1.40129018 -0.691591978 1.17862582 0.973771632 -0.55899173
    1.02158642 0.462005854 0.0428057909 1.35678387 0.454236686
    0.540484548 0.00199455023 -0.013707459 -0.0679571331 1.12165523
    0.837409973 -0.562519014 1.25182438 -0.113812685 -0.528033078
    -0.0959765613 0.690867305 0.170319974 0.298066854 1.54409266
    -0.430463135 -0.340524197 -0.445742309 1.32288206 0.310237408
    -0.296503007 1.3318603 -0.227516472 1.51413524 0.0281659961
    0.744648159 1.31340575 1.1203227 -0.436256945 -0.409771234
    1.28863108 1.23342252 0.632875144 0.754937589 0.416460335
    0.299087107 1.41419148 1.29334235 0.408585787 0.550112367 0.51792562
    1.17308319 1.36968088 0.424807131 -0.595843792 1.13502073 1.54260504
    1.3217063 0.507535219 0.542892158 1.44232321 0.994625866 0.18853873
    -0.406664014 0.859082222 0.390694201 0.651536465 0.155361056
    0.865727723 0.994227588 0.802947998 -0.398416817 1.05433941
    1.39105272 -0.0429216027 0.10290271 0.322730005 -0.621810973
    1.62652326 -0.414087534 -0.293981701 1.44622552 1.09997153
    1.08451724 -0.142905951 -0.294936985 1.20278144 -0.291261971
    1.17984307 -0.0550106764 0.197191954 0.913080692 1.15032411
    1.33683825 -0.251775444 0.00622075796 0.70057261 0.785737813
    0.587554395 1.20019412 0.973424256 -0.534696639 -0.0506686568
    1.46567392 -0.206110299 -0.404346198 -0.134557158 -0.0206746459
    0.80011797 1.14636612 0.633996427 0.464901328 0.500464261 1.24402666
    0.406924367 0.735569179 -0.0790352821 1.55806732 0.504280746
    -0.00755536556 1.0359056 0.840840816 -0.132686436 0.753129482
    1.38098311 -0.59810096 1.04310763 -0.0978321135 -0.220240399
    0.107032776 -0.515978754 1.33630466 -0.104988098 0.840689659
    0.997457981 1.42121005 0.264551163 0.0413272977 -0.474622637
    0.206208467 0.318921566 0.980267107 0.922801971 -0.496624053
    1.16119981 1.35598755 0.848758519 0.678933978 0.962313116
    0.646623433 -0.527335942 1.04873371 0.412484586 -0.226612806
    -0.138284028 1.34448147 0.99593693 0.928816795 -0.353075922
    -0.254238218 0.101481557 -0.516269088 0.126674294 1.36007142
    0.456571877 0.108326375 0.575113654 0.627902508 0.717005193
    1.32698524 1.46554244 0.352564394 0.124144137 0.924554527
    0.825941145 0.981932223 0.279458582 1.51268935 -0.263870448
    0.404792666 0.0619952083 1.20919013 1.65749693 -0.304732025
    1.27055299 0.455017209 0.644691408 0.0263889432 0.664503396
    1.49514532 0.0468067527 1.47262144 1.52929711 0.395809889
    0.116051495 -0.258562952 1.03294611 0.0344112515 0.60090822
    -0.0224279463 -0.0979113504 0.129415542 0.636942327 -0.0919567347
    -0.0196834207 1.16624033 -0.492362529 0.17668283 0.70147121
    -0.12732923 1.23199987 1.11285996 1.55915928 1.42557979 0.0550947189
    1.20512509 -0.0621012449 0.0923864245 0.840558708 1.48969102
    -0.590793729 0.184852004 -0.342613041 0.416649401 0.960247755
    0.159349203 1.34898376 -0.435600638 0.841225624 0.394183397
    -0.208157301 0.826033413 1.35491824 1.36177421 1.17825842
    0.339040577 1.39280987 0.472120941 1.54092669 0.545656323
    -0.240387052 -0.341360033 0.0452631712 0.642525256 0.985832632
    0.140239179 0.627515197 0.555579662 -0.642868102 1.26837921
    -0.302040368 1.39863062 0.0518094301 0.109092534 -0.56774646
    1.49606764 1.28276253 1.32776308 0.841196299 -0.514439344 1.5910368
    0.0234135389 0.609873116 -0.103450954 1.04543424 0.720589399
    0.230708778 0.441086411 1.20463252 -0.21027106 0.297187924
    0.59057802 0.235142112 0.538660586 0.649217129 -0.0799607933
    0.672227681 -0.274835527 0.785892844 0.73284936 0.0557011366
    1.28712356 0.88754636 1.0178628 -0.0766175389 0.821127295
    0.491771281 -0.421998441 1.28920734 -0.164418578 -0.542169392
    1.14862871 -0.261973619 0.460057974 0.762690485 1.16146255
    0.946028471 0.904714346 1.02540874 0.419122517 -0.0980299711
    0.0922276378 1.22724485 0.219628632 -0.21822226 1.30285704 1.2656467
    -0.812638283 0.968642235 0.410043895 1.52952015 0.328090668
    0.117409825 0.0424041748 1.11999321 0.271396458 -0.196377963
    1.44552088 -0.35394752 0.52354598 0.655999482 -0.418346375
    0.182467371 -0.0276052356 0.0755226016 1.38864195 -0.312895924
    1.16586185 1.21044457 -0.384498566 -0.42054981 1.48492372 1.16722143
    0.0317600369 -0.220656216 1.57536399 0.276476264 0.603676796
    -0.0757335424 -0.495462418 -0.25105831 0.400868952 0.581746757
    -0.50406146 1.37330341 0.0518957973 0.314661026 0.520040035
    -0.423825055 0.322042942 0.960119784 0.732075274 0.789476156
    1.50648308 -0.361811429 0.273951173 1.50654721 1.27930653
    0.185909629 1.21169937 0.358630121 1.30782187 0.844030082
    -0.404219091 1.14466882 0.562503874 0.773803055 0.0900871754
    -0.119031906 -0.057790041 0.583987415 -0.323550075 0.889131427
    0.43114388 1.31176126 0.429944694 0.574129581 0.846586645
    0.838327527 0.974937797 -0.459390223 0.887685657 1.52332401
    0.631445765 -0.381454736 0.897106707 1.11946785 0.966145515
    1.34594417 1.13003159 1.21017122 1.10850263 1.14561319 0.198297381
    0.255689144 1.65799677 0.623598278 0.433182418 0.122365892
    0.540259361 0.837708056 0.0782877207 0.867146492 0.701061845
    1.19366527 -0.241895169 1.54280078 1.44773841 0.662556708
    0.315675914 -0.221354008 1.16854835 -0.16593796 0.0372586846
    1.12148833 1.20015979 0.478729248 0.787231684 0.431143701
    -0.443483353 -0.581705749 0.649846673 1.17195225 -0.396804482
    0.775386512 -0.342363983 1.24022079 0.482327104 0.335522354
    0.90392077 0.177773416 -0.177211851 0.625706673 0.107666194
    -0.324055821 1.38735437 0.10062623 -0.43385312 0.118428409
    -0.185204744 0.263806343 0.415802598 0.215532482 0.862137854
    -0.132859945 0.108133376 0.243599355 1.07706547 -0.463759959
    0.329014778 -0.358862758 -0.247543588 1.22478604 0.29830426
    0.920972943 0.100237459 0.013182044 0.204789221 0.386241138
    0.628872931 1.4724623 1.24205041 -0.384242058 1.13952839 1.27178657
    0.568423331 0.411044717 1.0203371 -0.452774704 0.113560319
    0.661433458 0.746703088 -0.491905093 1.33962417 0.157591879
    0.131777942 0.860811591 1.32729018 1.06606364 0.328521967
    0.431135178 1.2665689 0.163721859 0.277549505 -0.0900769234
    0.630639732 1.42307425 0.298341334 0.959749401 1.05414808
    0.221782207 0.0507780313 0.431196213 0.102859914 0.988056242
    0.830315888 -0.205492795 1.41326535 -0.537846744 1.24896717
    1.24932265 -0.531481862 1.24726212 0.753556669 0.254710257
    1.11082435 1.34163952 -0.214729905 1.72344995 -0.283895761
    0.758770168 0.0690926313 1.06366217 0.823219895 0.879723907
    0.826829135 -0.387935936 -0.120489538 1.22175074 0.454076886
    0.906989336 -0.504757762 0.0811728239 0.675959587 -0.476221502
    1.56590915 -0.344089329 -0.441837341 1.1724304 -0.458771706
    0.698124528 0.68195647 0.600813925 0.029471159 0.192586005
    1.09565663 0.72626102 0.285573423 0.692234099 -0.627022922
    0.296521068 0.710554659 0.549812853 0.878478587 -0.0148450136
    1.35487759 0.0194358826 1.17171252 -0.12707746 -0.548367202
    0.55671376 1.14644933 0.674267888 1.29459953 1.26446247 0.166808426
    0.0578585863 1.07491136 0.301517189 0.111058772 0.861727893
    1.17355907 0.243335605 1.34696674 1.42073441 -0.178405583
    -0.386671752 1.05422187 -0.0397747159 0.0566728115 -0.087076515
    0.427978516 0.434802055 -0.296834558 1.22268081 0.0260891914
    1.47236395 0.343639135 -0.205094069 0.878516912 0.386788011
    1.22023129 0.364851534 -0.413261205 0.373691916 -0.0754660368
    0.910699666 -0.500294566 0.737208545 0.24954772 1.10890508
    1.04507136 -0.436310768 0.435991704 1.34165287 0.01595819 1.08587313
    0.173146129 1.1967051 1.48473811 0.859124362 0.147737205 0.932843745
    1.38894773 -0.30685243 0.0901920199 1.34584093 1.42223346
    -0.816170096 1.25928938 -0.369817138 -0.28328836 -0.34461695
    -0.284654379 0.430746257 -0.280062765 -0.318556607 0.833991945
    -0.224378079 0.635639906 1.08788896 1.21467745 -0.0322615504
    0.853160918 1.19811869 0.28449446 1.52749157 -0.389693975
    -0.0325602293 1.62904787 -0.501365542 0.620635629 0.458049297
    1.35031295 0.929541767 -0.223574817 1.47006142 0.898947299
    -0.652693748 1.55426204 -0.163002074 0.541763961 0.696219265
    0.0429548025 0.577205896 -0.0562787056 0.468481481 -0.631748736
    0.178483129 0.876958609 0.347313643 0.617051244 -0.285381079
    -0.15516293 -0.0602457523 0.937128484 0.711210668 0.242265165
    0.153206825 1.49693418 0.23743397 0.422298908 0.71260047 0.914248884
    -0.106953681 -0.0235666037 1.29577613 0.233058572 0.883716524
    1.39383817 0.233913422 0.550293565 -0.0686323345 -0.354032278
    1.2435081 1.61160374 1.05905557 1.17622781 1.13292241 1.20714712
    0.0459010005 0.580428302 0.258791983 0.227025926 1.11333418
    -0.102925301 0.266182661 0.496719301 0.809459031 1.49910235
    0.621887505 -0.0359116197 0.901062667 0.497163773 0.829140842
    0.70823586 0.480383813 -0.0167985559 1.43937802 1.41204464
    0.567601144 0.427540064 -0.602284729 1.39525294 0.865938067
    -0.350359648 0.677489638 0.912807941 0.960588336 0.842458606
    0.112092435 1.60007644 1.05824089 -0.306026936 1.18334746
    -0.427067697 0.505814493 0.0547473431 -0.476196796 1.1950779
    1.44015527 1.00416505 0.386929393 0.5634287 -0.476240993
    -0.0859636664 0.99678874 1.41166472 1.50946283 1.27076364
    -0.532779515 0.246276081 -0.254258782 0.862129331 1.21031904
    -0.488086641 1.23243117 0.820037723 0.987245679 0.256586254
    0.603685498 -0.588297009 1.07839954 0.369256139 -0.194245189
    0.525860786 -0.543007016 1.41704166 0.198173106 -0.075057745
    -0.544212878 -0.18714425 0.33878547 -0.0795810223 1.37150192
    0.359688997 0.94219023 1.10665596 -0.388380378 -0.212493539
    0.467542112 0.870162368 -0.545583546 1.54088426 -0.223584622
    -0.0915635228 1.06101036 -0.389246047 -0.540947616 0.142834127
    0.764789164 0.229172885 0.520655513 0.966376424 1.55836415
    -0.159159809 0.543820858 1.2584033 1.21977353 0.902823627 1.35199487
    -0.61924839 1.10906947 0.950572491 0.590536892 1.05392933
    0.950434148 1.49699128 0.285572588 1.41036105 1.11639059 1.03883338
    1.21930122 -0.567022443 1.34823394 0.932995915 1.14741278
    0.664578617 1.03894067 0.558762729 -0.572082639 1.38559842
    0.140309215 1.46824729 0.160660744 1.33698034 1.13806248 0.249995649
    1.2255106 0.675630331 -0.294691056 0.36385113 0.0239984095
    -0.0590427816 1.58652306 0.432693183 -0.370369136 0.0910668373
    0.423056066 1.36878192 0.946453869 0.811228335 0.247992277
    0.114666283 -0.238882989 1.16342998 0.246473134 0.670986056
    -0.318661004 0.404453576 -0.305166304 -0.168020099 -0.177284032
    1.18497252 0.269493878 -0.451501459 -0.236863792 1.44628549
    -0.316792339 0.759929121 0.211929351 0.109300435 1.25970793
    0.723246157 -0.127131373 1.5376215 -0.432872504 1.12425411
    0.19429338 0.659724653 -0.14226234 -0.0863677263 1.62154245
    0.341172576 1.04953277 -0.590431213 -0.517045021 1.14980805
    0.22916317 0.019420743 1.00049329 -0.41134119 0.827925563
    0.478304744 0.807874978 1.5025177 1.24805605 1.07188725 0.74187845
    -0.223564565 -0.0957468152 -0.0999629796 -0.164671451 -0.218487814
    0.50077492 0.434821129 0.434092164 0.135213256 0.71668303
    0.206638753 0.918396831 0.331194401 1.57353377 -0.23426798
    0.790946603 -0.269258946 0.00892269611 0.997841537 -0.119750857
    1.41523409 -0.314437449 0.935458243 0.874089777 -0.300346553
    1.0823741 0.771837533 -0.309094429 0.54549551 1.50361598 0.48281765
    -0.367222786 1.46865833 0.244636893 1.24214101 0.09722507
    0.960713863 -0.557379067 -0.318569958 0.183307797 0.586412013
    0.861061513 0.598482013 -0.14547652 0.257638752 1.32393885
    0.588262677 -0.394402504 -0.48619625 -0.13513869 0.81930095
    0.776516378 0.426383078 0.630097687 1.46236432 1.4224143 0.929675341
    0.634148359 0.13426888 -0.14064768 -0.00894644856 -0.427534044
    0.418857992 1.13703775 0.436468482 0.240916491 0.828862369
    0.535375953 0.0110819936 0.49620688 0.464918792 0.74226588
    0.719105005 1.37350297 0.398437917 -0.102571487 1.4353646
    -0.509074688 0.183320761 1.3321017 1.15434575 -0.405449092
    0.867228329 0.0273765326 1.44763446 0.947415531 0.864678204
    1.35974312 0.837501466 0.846382201 -0.0262256861 0.976923764
    -0.000359654427 -0.407724857 -0.242487907 0.075728476 0.709867775
    -0.413104594 1.71673644 0.638974667 0.273167789 1.16926563
    1.25951576 1.0009129 0.475120604 -0.325634181 -0.587695539
    1.50564957 -0.150612116 0.720151544 -0.211405933 -0.344655514
    0.885475636 0.410434544 -0.367716551 0.725829005 0.405295551
    0.0597951412 1.08337522 0.0536109209 0.395609498 -0.213497937
    0.780198991 -0.043613255 -0.19677788 0.87465328 -0.0857340693
    0.974841058 1.3899765 1.29452944 -0.352161884 1.08069181
    -0.555430532 0.362133801 1.06409669 0.689338028 1.14598918
    1.15885544 0.289203703 0.950498879 0.654788435 0.47544241 1.10933375
    1.3839891 -0.164838731 0.558324397 1.3236022 0.947509289
    0.0296920538 1.32429743 -0.113262981 -0.163952351 1.43564034
    -0.163088143 0.74433583 0.79821676 0.549876034 0.146041095
    0.397253811 -0.0640583932 0.654315472 0.630200267 0.147587836
    0.266199708 0.357220709 -0.423142612 0.390524209 0.560626686
    1.58300638 -0.0715217292 -0.535015702 1.54828274 -0.502580643
    -0.377573013 0.75343895 -0.446439922 0.0511523485 1.22795939
    0.63715905 0.224500656 0.970310986 -0.35385704 0.134267628
    0.555034399 0.330521643 0.0934965014 -0.423999935 1.65672755
    1.09068418 -0.0801389813 0.490098894 -0.309164643 0.575693369
    0.527590573 1.21539521 0.447600842 0.607234955 -0.118163586
    1.31807184 0.271181941 -0.453416318 -0.342993557 -0.0528247058
    -0.0308478773 0.701819837 -0.0346165299 1.10623264 -0.132431388
    0.246163726 0.189988196 0.822358251 0.26792866 1.32852507 1.00168014
    0.115567148 1.16745913 1.21944261 -0.261988133 0.355903864
    1.48321259 0.507169664 0.848742783 1.09915233 0.300970376
    0.138626695 0.0930632949 1.12902904 0.364696711 0.565712392
    0.122626543 0.586991727 -0.103050113 0.955827773 1.32220769
    -0.573994398 1.2628088 1.49932146 0.0111912489 -0.391744345
    0.462831378 0.275278568 -0.114953518 1.04516768 1.33381665
    1.25294566 -0.466024339 0.0875749588 -0.17077595 0.846472025
    0.697442174 0.20721966 0.646822274 0.0914090872 0.294414282
    0.400699437 1.10289168 0.0666635633 1.54034853 1.4453814 0.302189648
    -0.119593322 -0.037653923 1.05573916 -0.571919918 0.484795392
    1.06567991 1.01793742 -0.509265304 -0.323445082 0.465439439
    -0.250636041 0.852466226 -0.0238141418 0.211659968 0.8709234
    1.2422874 0.709494531 0.431825221 0.866075337 0.318038046
    -0.195866436 1.11029816 0.740515471 1.16039419 0.925274611
    0.998274267 -0.199606717 1.12069488 0.358178377 1.1175493 1.30509233
    0.655453801 1.24750245 0.656149209 0.753231704 0.00150567293
    1.17601371 0.253259301 -0.096955061 0.342579842 1.29829586
    0.794343233 -0.0580642819 0.904466331 0.918171465 -0.023501873
    -0.360134721 0.506692946 1.17189932 -0.105665386 0.860121548
    -0.549489319 -0.709737897 0.627495289 0.66534996 1.26147294
    0.331816286 0.718624115 -0.303381592 0.091260612 -0.283827007
    -0.0764679611 1.37412047 0.54478538 1.24341416 -0.248067886
    0.00596785545 1.61417317 0.293012857 0.369251549 1.05299759
    -0.239282042 1.08835649 0.0319436193 0.364963621 -0.440727443
    -0.139656991 0.714850068 0.676309109 -0.299774826 1.02795076
    -0.316521108 -0.158222198 1.07444048 -0.481450856 -0.0536818802
    0.489077777 0.165017903 0.28659755 -0.482264042 1.39444423
    0.938556969 0.883271456 0.178751945 1.59660828 0.125913203
    -0.246773019 -0.406277478 0.150567353 1.2884922 -0.124169648
    0.73660481 0.909316361 -0.0794095099 0.941861868 0.219022214
    1.02544725 1.30968595 1.09167135 0.866488457 0.410170913 0.433790714
    -0.375594914 1.57936406 -0.0867880881 0.757693291 0.705040038
    0.227349877 0.78912586 0.477635443 1.37811661 0.696919501 1.43417478
    0.667621851 0.722842574 -0.499497503 0.925507069 0.309575319
    1.1701715 1.27400041 1.2899673 1.11998665 -0.101837277 0.38900125
    0.782871246 0.758893132 1.24860036 -0.316788405 0.0844516754
    1.17496991 0.948198199 1.35552847 1.02194715 -0.633319259
    0.628622949 0.863772333 -0.123110175 0.445161313 0.043133527
    -0.532313824 0.502264798 0.44773066 1.19455433 -0.0285525322
    0.699325204 0.639106393 -0.126007706 0.273009539 -0.238499671
    -0.108940154 0.693532765 -0.477805793 0.787155032 -0.590378582
    0.733277321 -0.570915163 0.659945905 0.1509794 0.645777166
    0.348506749 1.08679473 -0.235024184 -0.000180780888 0.204471886
    0.577334166 1.34717727 -0.548077106 1.48952174 -0.234602481
    1.22093153 0.428457201 0.176189482 0.0127777457 -0.367164493
    -0.226981461 1.3047663 -0.204719007 0.540709853 0.00095552206
    -0.0999009609 0.740292847 0.00922036171 0.617013514 1.618752
    0.0439607501 -0.220267177 1.59906554 -0.269733161 0.158826292
    -0.0120642781 1.27014363 0.429092169 0.481702328 0.402102649
    0.847598076 1.42082202 -0.309956282 0.130653858 1.22080493
    -0.0725385547 1.37876034 -0.227200925 1.09191716 1.05113864
    1.04902279 1.33175421 0.441797554 0.936372221 -0.557337642
    1.26801109 0.44015187 0.0679963827 -0.305497468 -0.0536195338
    -0.0356398821 0.525744379 -0.192966968 0.390587091 -0.66432941
    0.951026082 1.08989084 -0.511223495 -0.31331718 0.821590006
    0.575348139 0.73026216 0.637569964 -0.0809383988 1.52575505
    1.45564258 0.0203362703 -0.34278971 1.10498738 0.84250325
    0.815907419 0.046253264 0.592678785 -0.0746828318 0.596305728
    0.586703897 -0.522040963 0.493630588 1.21687961 1.31341267
    0.0696647167 0.0935689211 1.33489263 1.40690851 1.53735518
    0.476604104 -0.515769601 1.31569839 0.715286016 0.217763841
    1.28681636 0.80214715 -0.030077219 1.35027158 -0.188417375 1.3855356
    1.15851879 0.939874947 1.05567777 0.211556375 0.120658278
    0.907165468 1.06562996 -0.470424652 -0.4462758 -0.549649715
    1.11145759 1.20040429 -0.392266452 1.29717708 0.7846452 0.77374512
    0.374009371 1.36615539 1.17452741 0.617168844 -0.371416271 1.3084774
    0.121765614 0.0240853429 -0.336980879 -0.136511445 1.14494109
    0.44134891 -0.554142356 1.40358949 0.886750877 0.645778537
    -0.181454033 0.799161434 0.444556296 -0.435093492 0.59126246
    1.44452119 1.253708 1.18388677 -0.0719243884 0.26488167 0.150983781
    -0.298508465 1.34308708 0.577614486 -0.495987654 -0.123189121
    0.2589975 0.36998564 0.707775652 1.20361233 -0.482403129 0.506927252
    0.313955724 -0.361059576 0.394177735 1.27206206 0.74827677
    -0.316797137 0.0459128022 0.887345374 0.190456688 0.735251963
    0.898266256 0.758586884 1.04686368 0.341879606 0.703890622
    1.50417829 0.284943223 0.569349766 -0.313402832 0.710722744
    0.892902374 1.46706188 1.28171587 0.0568206906 -0.157146603
    -0.112923473 -0.205578148 0.0760062933 0.882575989 0.431591153
    0.110123575 0.947794318 1.53111982 0.519110084 -0.111801416
    -0.00848504901 -0.0597805679 -0.212638795 1.58471787 -0.0883325338
    0.577377498 0.0122019053 -0.304287136 0.196825176 -0.318390846
    1.33025455 0.098969698 -0.117154747 0.995023429 0.63755846
    -0.0149911344 0.076659143 1.06590819 0.582889795 -0.718256176
    -0.104212642 1.55373073 1.16327071 0.590303421 0.96476531
    0.347653687 0.813475311 0.763056159 0.816027522 0.632466078
    1.28168821 0.372834563 0.979270935 1.02487159 -0.135425866
    0.715935409 -0.162272513 1.38798237 0.138110399 0.833953738
    1.10147595 0.315288186 0.919667244 -0.140675843 0.690795898
    0.528831303 0.696388125 1.53986454 0.841873646 0.0156359076
    0.023839891 0.245557725 0.542436659 0.188906252 0.909514427
    0.40315485 1.41858816 0.839899361 0.584124327 1.10491276 1.05380666
    0.578394651 1.18987226 1.29114854 -0.162106633 -0.45390892
    -0.223552018 -0.449377567 0.286853999 0.272435427 1.55508471
    0.6057899 -0.545450568 0.111360431 -0.452938318 1.27944994
    0.937111855 -0.138436198 1.48916841 1.20822251 0.888031185
    -0.463820279 0.720410883 -0.315719426 0.486846447 -0.110178471
    0.155392766 1.44348216 0.642561555 -0.287059575 1.08202147
    0.136136651 1.35586703 1.07553422 1.36132014 -0.43571943 0.811397254
    -0.0282210112 0.770707011 1.18528163 0.235137165 -0.294782043
    -0.177408934 1.38078189 1.23429132 1.10528529 -0.403938621
    1.03825164 0.78397733 -0.132495105 -0.392549694 -0.482815981
    1.15157318 -0.645509243 1.12302423 1.04938674 0.276230454
    0.404814899 0.490298927 0.762700617 0.918210626 0.758658707
    0.0647867322 1.17666519 1.16712046 1.48643565 -0.395249039 1.1906215
    0.106831491 0.466582894 0.515927076 0.109454751 -0.324110001
    -0.2647008 1.05731916 -0.622128546 1.18687522 -0.218640983
    1.22715163 1.29029667 0.995873928 -0.27747947 1.34208047
    -0.0469740033 -0.06171 0.547420382 0.963302314 1.23980379
    0.922561169 0.17210871 1.08841491 -0.0269404054 0.300871313
    -0.150742948 0.303627133 -0.131215155 0.0340452194 0.893760562
    -0.11692965 0.567541718 1.36606193 -0.0716742873 1.17191982
    1.23202491 0.250259042 -0.510817468 1.43247008 0.248636186
    -0.754297256 1.19178295 1.12986588 0.0538559556 0.519026518
    1.45161164 1.08780408 -0.0464416146 1.26198566 0.223681748
    -0.592811406 -0.129320979 1.11621523 0.293025732 -0.119019657
    -0.489982545 -0.531215906 0.0543256402 1.60463393 -0.386588663
    -0.389834374 0.199657381 1.25996423 1.14235091 -0.28336975
    -0.434112966 -0.343256831 1.51388252 -0.00493448973 -0.482245922
    1.22679508 0.859419346 1.47957349 0.397347033 0.242291272 1.02794743
    0.880913734 -0.146653473 -0.0269846916 1.50381255 1.59449327
    -0.322983444 -0.290820867 1.66573691 0.681580007 0.750260293
    0.413678527 1.40645087 -0.287314683 0.160222828 0.371060371
    0.216014445 -0.192626923 1.43895459 0.636419117 -0.0492588282
    0.383680463 -0.0232646167 0.0913329124 -0.288509667 0.22152859
    1.50838006 0.900734305 1.03138447 0.263664365 0.663827598
    -0.0577492118 0.905306637 1.01459789 0.686052382 0.103057563
    -0.176880985 -0.339002579 1.03369427 -0.504725337 1.38610363
    -0.133343816 1.52005982 0.417110145 0.0217536986 0.804291546
    1.4118576 0.655124843 1.43215084 -0.162812471 0.878875613
    -0.239823341 0.221141398 0.906240284 0.684754968 -0.141289771
    -0.45698458 -0.135589659 1.25278878 1.4608202 -0.397508323
    0.279943049 -0.245596528 0.52463901 -0.501220524 1.36695993
    -0.50183332 -0.455662191 -0.115319103 0.771026731 -0.566595912
    1.06621671 1.35204399 -0.260933518 1.45977545 -0.43469125
    0.0367170572 1.25695837 -0.264964819 0.653568029 -0.633441031
    0.653762519 0.751761377 1.18452191 1.33099008 0.131519556
    0.733391404 0.734370768 0.183798492 1.26805878 0.227357447
    -0.33732295 0.580938399 -0.24987492 1.30602002 0.056155324
    0.535759628 -0.28489989 0.468613088 1.1300261 -0.427136779
    1.15695167 0.229862034 0.384062827 -0.000367343426 0.134207308
    1.42025936 0.939783394 -0.603858471 0.536725521 0.4432109
    -0.420448065 0.264742076 0.838762403 -0.536127329 0.0919701457
    0.474648416 1.69494379 1.22775841 1.26623201 1.4967711 -0.532428145
    1.33571756 0.349813521 -0.561048687 1.63283324 0.26601851
    0.926911533 -0.116630435 1.30834055 0.547087312 -0.129864097
    0.936079204 1.58051658 0.335985541 -0.216598332 0.572106957
    1.06466591 1.58612967 0.247086287 -0.3738029 0.764366686
    -0.391618133 0.245320141 0.338231206 1.57253122 -0.164631546
    0.0196571946 0.328002751 0.842794895 1.19705415 1.16717219
    0.634508848 0.357667208 0.995440304 0.990720332 -0.0872794986
    0.0807617903 0.170058548 1.07373023 0.0334098935 1.09562862
    1.32696795 -0.0493830442 -0.30353415 0.506269276 -0.189639717
    0.697535217 0.999277771 0.415992379 1.27269197 -0.315197051
    0.903332591 1.39137745 -0.54213661 1.2893194 0.120815098 1.53752732
    0.203142643 1.18916035 -0.278844357 -0.11169818 0.873660088
    0.701294422 1.56386745 0.114475667 0.993648946 1.16204572
    -0.00529134274 -0.578133523 1.45652223 0.031116426 0.969865918
    -0.17382586 -0.625556767 1.42072868 1.58002782 -0.570196509
    0.965466917 -0.0187929869 -0.251697898 0.0479214787 1.41768503
    0.756125867 1.06936955 0.669962883 1.48983002 1.13981104 0.626137257
    0.994937897 0.398519337 1.44971526 -0.551744819 0.995701134
    1.26765347 -0.109843493 1.30241776 0.0267366171 0.750012517
    -0.0476219058 -0.165462703 1.0300858 1.07955956 1.35421467
    -0.499082685 0.248782754 0.348098695 -0.0406018496 1.04738927
    -0.264001608 1.0492723 1.149562 0.593655765 1.57845068 -0.539921165
    1.35365784 -0.203478545 1.34429252 -0.195949703 -0.0709726214
    1.32211006 1.41486144 1.33257687 -0.10990423 -0.373838305 1.38986754
    1.37815738 0.0323041081 -0.420445919 1.63918364 0.820545316
    -0.0330471992 0.00166481733 0.410549879 -0.00248175859 -0.038449347
    0.326229155 1.01093054 0.591886938 -0.0253890157 0.865570486
    0.241673946 0.239996254 0.473851204 -0.0164778829 -0.323779136
    1.47293699 0.808017433 1.40887916 0.506109774 0.08183676 1.5150584
    1.20995975 -0.575566709 1.15656614 0.830841899 0.347310841
    0.189884841 -0.172978699 -0.0176750422 0.616466761 1.29609978
    -0.506543875 0.00598394871 0.602121115 0.180892348 0.919389129
    -0.0809439421 1.04071331 -0.286838472 0.809779644 1.37607396
    1.41912794 0.165179729 1.39065051 0.981893301 0.571034968
    0.861854017 1.23715115 1.09755754 1.60119295 1.35814857 -0.261837155
    -0.535156906 1.51996481 0.180366695 0.344545513 -0.25845319
    0.399357498 1.24168634 0.475737691 1.01500702 1.49949288 1.11386323
    -0.274397969 0.153305054 0.988362074 1.51092196 1.60778809
    0.150387764 -0.309647232 1.54605043 1.57834959 0.467703342
    -0.210849464 0.455122709 0.912394941 1.18958688 0.460124791
    -0.206274867 0.395661712 -0.515822649 -0.00181418657 1.13475907
    0.48796016 0.832463205 1.13425398 0.0959092379 0.384983778
    -0.431973398 0.0892637372 0.107863188 0.1258412 1.44868064
    -0.437211752 0.0680503249 -0.291549534 0.458375454 0.862596333
    0.552875757 0.411218226 0.864071488 -0.250026494 0.486530542
    1.48259926 1.25547719 0.999999642 0.242705286 0.807281613
    0.520764947 1.53177428 0.319727242 -0.576518893 0.633542895
    1.42002749 0.533356965 -0.510346472 1.49213743 0.186988413
    0.69413805 0.44284004 -0.178056687 -0.210807651 -0.210598081
    -0.569363594 0.087634027 0.660729468 -0.0260373354 0.627143562
    1.32368863 1.26109076 0.0974984169 1.53216314 0.0502307415
    1.05547607 0.308021426 -0.369075358 0.243468702 0.309959114
    -0.275396734 0.0283722878 1.66049314 0.480356216 1.29280102
    0.29598397 0.906696022 -0.363878727 -0.221739024 0.21293503
    0.940573335 1.04453528 -0.344884843 0.806347489 1.10459411
    1.33057594 0.699703753 0.200470209 0.792329788 0.640878916
    -0.58382374 1.34569979 1.18903816 1.38298845 1.26988912 0.401314497
    0.377976656 1.24389124 0.855094373 -0.0746929646 1.07746506
    1.10526347 -0.205536157 0.476370513 1.49404025 0.318331599
    -0.0601499677 0.259091258 0.705737531 0.992539704 0.566046953
    -0.402731895 0.643881798 -0.0425297618 -0.295824736 -0.398108274
    -0.477402568 0.0585861206 1.01215029 0.684389055 0.592078328
    0.331261337 0.476118386 1.09623754 1.15079832 1.60733962 -0.10768652
    1.33900833 0.745363593 0.226468861 1.36278951 0.394858897 1.09169817
    0.404766858 0.187416136 1.53659904 1.29207575 0.347516358
    -0.466344833 0.197002053 1.5397824 -0.399274409 0.688578129
    1.23442268 0.0420800447 0.509126246 -0.406521171 -0.533703923
    0.475910962 0.325728357 -0.0752167702 0.598411143 0.881627738
    0.325177014 0.768927217 1.19485354 0.416114807 0.842940688
    -0.360651672 -0.179400444 -0.134603679 1.30637252 1.31841779
    1.12483954 -0.453746855 -0.310116231 0.142714858 0.0514382124
    -0.179481864 -0.216287792 1.14237583 -0.195574343 1.02114046
    0.298917413 0.790264845 1.35694528 0.0104614496 0.426403999
    0.705165386 0.986597002 1.62906301 0.430445552 0.389289856 1.3440299
    -0.0401054025 1.61543071 -0.0624021888 0.190511763 0.93247503
    0.245841026 0.589553833 0.532621801 1.32084429 0.0373405814
    0.00889307261 1.09198713 -0.271753311 -0.0181773901 -0.0870959759
    1.12724352 0.98532033 -0.214583278 0.847953677 1.23601723
    0.0374530554 -0.425349116 0.873616099 1.24096143 1.15687561
    0.292315722 -0.401637495 1.15795159 0.896674931 0.408516228
    1.4701581 0.50950402 1.37479007 1.00255704 0.324757636 1.36244202
    1.26203251 0.481331527 1.37035608 -0.521019816 0.999394655
    0.454602838 0.118308246 0.0583013892 0.446605742 -0.110989392
    1.53576994 -0.545821607 0.626450837 -0.309217751 -0.114319891
    -0.220640689 0.404737115 1.42900074 1.37983847 1.55234456
    0.156036496 -0.492405921 -0.397934556 0.275155187 0.670918465
    0.685776353 1.42764688 -0.478697002 -0.0394251943 0.400046587
    0.437299073 1.18475175 0.560676157 -0.666237175 1.46374869
    -0.513851106 -0.375683069 0.26797083 -0.0902684331 1.59147143
    1.1234746 -0.443757534 1.58980322 -0.433038414 1.11329842 1.45677257
    0.729063272 0.506968141 1.4327898 1.45677352 0.501360178 0.896178007
    -0.315505177 1.16736388 0.0463158488 0.382196605 0.163603067
    0.495604575 0.0335862637 1.45153975 -0.105771959 -0.313889027
    -0.298045635 0.244543165 0.811683714 0.130100667 -0.0554939508
    0.729284406 1.11473942 0.0452011228 -0.199632496 0.13184756
    0.98900038 -0.270885766 -0.281715125 1.41115212 0.883966088
    1.07474804 -0.0330843925 1.59311318 0.120604634 -0.116687536
    1.66742373 0.109873414 -0.381711155 1.12720287 1.4438014 1.30306232
    0.100295603 1.15659213 0.681023121 0.779143691 0.826357543
    -0.360747516 -0.446540654 0.601072252 0.297074795 1.22504163
    0.0906475782 -0.383235872 1.32416463 0.787958562 1.32924426
    0.44213891 0.0951110721 0.793287516 0.0974363089 0.333249152
    0.259408891 0.574929178 -0.63576299 0.888053119 1.27985895
    0.868198752 0.479725301 1.44395638 0.334361553 -0.485832393
    -0.174788803 0.115476191 0.9937222 1.42503881 -0.353064299
    0.913541138 -0.432517529 1.20835686 0.0163559914 0.723125517
    -0.601660728 -0.291529685 0.783166945 0.0142365694 0.570957839
    0.139324307 0.207933843 -0.27860114 -0.0470990539 0.881609857
    0.104319453 0.108084261 1.50115991 -0.0755397677 1.55150986
    -0.235158682 0.160988927 1.02665508 -0.00939971209 -0.259092778
    1.57792711 1.10864139 -0.419724107 1.46207571 1.5360744 -0.327023149
    1.47890782 -0.313980162 0.605448902 -0.252277285 0.595737994
    0.455055237 -0.315165609 -0.157869846 -0.17402482 0.194471359
    1.05756342 1.16355669 1.11603451 0.602554679 -0.399882108 1.06782985
    1.05685234 -0.303599089 -0.451807499 0.302936852 1.0360117
    0.513814747 0.0567498207 0.505802691 0.456057668 0.349766493
    0.313002348 0.932095826 0.534105837 1.32667851 0.809065938
    1.63665926 0.315797031 0.654981017 0.208100736 -0.297047645
    -0.484804988 0.338842869 -0.279228389 1.4753623 0.84052068
    1.30431175 1.56765604 0.213394403 -0.464383066 -0.55855 0.819807947
    0.311214924 -0.425365329 1.61410666 0.195547044 1.52261615
    0.562632442 0.878821075 -0.273429662 1.30664706 0.81112951
    0.88581568 0.512198448 0.650612056 -0.0582768321 -0.0594371557
    -0.117388368 -0.152518988 0.339429855 -0.421310157 1.52102971
    -0.398695529 1.28192735 -0.475546777 0.742429554 -0.543081164
    -0.301938832 0.324451327 0.112680316 1.45556104 0.832199574
    -0.521769762 1.72220337 1.02480805 1.20149219 0.0502272248
    1.57234144 0.390603304 1.12506056 1.30167961 1.54255533 0.292166591
    -0.542865813 1.15605843 -0.641316056 0.924028754 -0.577942729
    0.579365373 0.821365118 -0.519550681 -0.356154531 1.24456298
    0.369747519 1.10140824 1.15883791 1.29625642 0.873367071 0.150309265
    0.809362233 0.483908474 0.778737068 0.402115047 0.0113622546
    0.404529572 0.310517788 1.18130922 0.115993679 0.469018042
    0.891871452 -0.0443873703 0.494970322 -0.0282093883 1.54682732
    1.53626406 0.292365193 1.2341913 0.979943812 0.151111424 1.61094499
    0.843434632 -0.308072448 -0.208533138 0.665805757 1.64942765
    0.211057663 0.299836814 1.55537224 -0.286280423 0.200428188
    0.691958308 1.41353106 1.09934175 0.121828914 -0.263939559
    0.177561224 0.60845679 0.0923110843 -0.265136212 0.60596931
    1.35251033 -0.459372699 -0.536203146 1.32572329 0.320101976
    0.116885543 -0.135597229 1.14242375 0.929877162 0.0832074285
    0.68290174 1.34460163 0.26507622 -0.316051066 1.63062596 0.982803583
    0.575266719 1.06366956 1.41339231 0.677870452 0.192620158 1.62457538
    0.848340929 -0.29728803 -0.206909955 -0.0996191502 0.281429172
    1.20321846 0.0108798742 0.989288747 1.35679448 0.946191132
    0.386100352 -0.0950469375 0.646878302 -0.437640905 1.0858016
    0.528126597 0.740230441 -0.491470397 1.08733451 -0.272518188
    1.2469306 -0.0332903266 -0.12124157 0.249484181 -0.502626061
    1.49420893 0.481655955 0.4379161 1.32863832 0.902155161 0.409475565
    0.538665473 -0.151371717 0.960985899 -0.150206566 1.09959793
    0.863573313 0.709668696 1.19747472 0.786118627 0.352296293
    1.45149279 -0.0178354979 0.464658082 1.19319499 0.737901866
    -0.27620542 -0.41103372 1.23279679 0.97047919 -0.501359642
    1.41991055 -0.521360874 0.471338034 1.04663169 1.03757334 1.29091406
    -0.422216892 1.18177867 0.780535102 1.17566025 0.92744571
    0.396731675 1.5660311 0.173566937 0.306463242 0.511710107
    0.496920049 0.74834168 0.181793571 0.602327704 0.476623595
    0.891471207 1.48130763 -0.424600601 0.967199445 0.264169991
    0.269120514 1.01866746 1.26751065 -0.082156539 -0.0477227569
    1.21982789 0.136959016 0.359199405 1.57960868 -0.679259598
    0.790803969 -0.393985331 1.28517461 0.0820149183 1.42725396
    -0.288572222 0.537113249 0.399824917 0.667361259 -0.194408238
    0.897099853 0.215289533 0.351703107 0.691190898 1.13949823
    0.582958162 1.36311328 -0.0129340887 0.582720816 -0.399286747
    0.972484708 0.865525544 0.938016117 0.0408453941 -0.343847692
    1.15677321 -0.111919403 1.12548804 0.858264804 0.247579157
    -0.456441522 0.118394285 -0.498855054 0.905503511 -0.446941406
    1.12385917 0.138835728 1.70721853 0.877513051 0.962074935
    -0.0196052492 -0.279381573 0.425434649 -0.490806043 -0.00179696083
    0.432897568 1.07808459 1.32255125 0.423696041 1.17130589 1.06297183
    1.10077858 0.923609316 1.15613341 0.363887727 1.0316956 0.321619809
    1.32556772 0.437076509 1.38391542 1.07732868 0.552875102 0.700744927
    0.493330836 0.807107508 -0.551661849 1.40666342 0.781923711
    -0.26648882 -0.350098789 1.10879385 0.144260168 0.454892695
    1.50948262 0.76262033 0.442908525 0.333084524 -0.458107114
    1.61486995 -0.400150001 -0.472384721 0.352915764 -0.200992495
    1.30264664 -0.27924034 -0.200295627 0.896477461 -0.0588652492
    -0.0445845127 0.839010477 0.242894351 1.09878659 1.57391024
    -0.400569499 0.816524506 0.946813643 1.34383333 0.864899516
    1.1348294 1.29691887 -0.333185077 1.36892557 0.296378672
    -0.0325939059 0.711496472 0.801970005 0.965202332 0.627544284
    0.696680069 -0.378296584 -0.0954366624 -0.123382211 1.55072951
    1.27360964 -0.238013297 -0.296456754 -0.0718927383 0.850776553
    0.805126309 0.463972747 0.861844301 -0.227690667 0.598605692
    0.961025298 -0.0694044828 1.53173137 0.564228952 0.183037758
    -0.378656268 -0.270040393 -0.34728241 -0.413483143 0.588540673
    0.363858342 -0.152898043 0.301082313 0.187124193 0.38282007
    0.103499353 0.729133725 1.08116138 0.891866863 0.54137969
    0.0513187647 0.233954072 -0.0713107586 0.842481434 0.454984665
    1.53840113 -0.489061654 1.34273303 0.3301844 1.10522115 -0.221534938
    0.564543664 0.00708520412 1.25905645 1.05053449 0.619830966
    -0.190388858 0.607773304 0.577406108 -0.526237309 0.367802978
    0.966013134 0.987693846 -0.343617529 1.18268931 -0.608346462
    -0.473221719 1.07199764 0.50980413 0.91991961 -0.0337437391
    0.0398592353 1.33409905 1.0625335 1.03519511 -0.238257319
    0.309483171 -0.0933326781 -0.335319132 1.37742209 -0.0449200869
    0.578615785 -0.0605386794 -0.0176371336 0.0518364906 1.42146373
    -0.392275959 0.720004082 -0.224890932 0.677697182 0.0636613369
    1.08828306 0.514576077 1.35371113 -0.462494344 0.142165124
    0.508332491 0.87229985 0.817671657 0.0242754817 -0.394889653
    -0.213331491 -0.501358271 1.28435993 1.1104604 -0.0666764975
    0.746414483 -0.484004736 0.282875836 1.03963697 0.339445174
    0.847629786 1.05107856 0.504980624 0.837440729 0.887879848
    0.753323555 0.841572046 1.44920015 0.109460711 -0.47282511
    -0.13941583 0.333321631 0.113072038 -0.422315598 1.35464191
    -0.789918482 1.38892674 0.448675036 0.216311693 -0.226850867
    -0.400734782 1.38322198 1.43984652 -0.344141275 1.1905297 1.0315783
    0.15738678 1.29823136 1.14833736 -0.0914449692 0.42711848
    -0.129165441 0.816487908 1.44020939 -0.15448761 0.535388052
    1.33212698 0.139214516 0.960484147 0.702836394 0.161196411
    0.973555624 0.596757412 0.89101541 0.470980108 0.00379347801
    0.597734988 0.31515342 0.170408845 0.0703210235 0.944257677
    -0.312178433 0.683621168 -0.435831457 0.533936262 1.08953381
    0.996718466 0.481668591 -0.35055396 0.147353411 1.08638859
    -0.118697286 1.59994006 -0.0127652287 0.210724235 1.10798097
    0.0999234915 -0.439281225 -0.154772013 -0.403104275 1.15849972
    1.04368067 0.226099312 -0.192732811 1.01111293 0.148635507
    -0.423133582 0.177186906 0.756929874 -0.503593206 -0.285531253
    -0.0421626866 -0.148200214 0.599390388 -0.0466373563 1.28674245
    1.094841 -0.219026595 0.978414953 0.221185327 0.736667097
    0.576121032 1.0107553 -0.348326683 -0.424112499 -0.54145354
    -0.367100507 -0.554608405 0.53116864 0.404561281 0.309726238
    0.0577701926 -0.0835513473 0.524339199 0.046310544 0.421626568
    0.21297878 1.14256501 1.03915644 1.07671809 1.15884912 0.842465937
    -0.4632231 0.758226216 1.40516663 1.42481399 0.553693652 1.50410867
    0.114795685 0.557743907 1.28943515 1.04525971 -0.275320321
    1.06449556 0.458606958 -0.602404833 1.00902808 0.684462249
    0.263023913 0.772576988 -0.0694331527 0.75154078 0.578038454
    0.259750307 0.205901921 -0.270609677 0.980280221 1.15506959
    -0.0843958855 -0.355797082 0.838534772 1.31792057 1.16552341
    0.150222242 0.15844655 1.13166142 -0.373797804 0.241514385
    0.913998902 1.03150725 -0.105211437 1.30066288 0.92539072
    0.410260499 0.571161687 0.532180905 0.740566492 1.09539747
    -0.0771661699 -0.521081448 0.261377275 0.352022767 1.21435094
    0.948626399 1.22402978 -0.0992366672 0.769043386 0.155772924
    -0.176641226 -0.0610431433 1.54475272 1.12541246 1.50795507
    0.753269196 0.634784341 -0.263639987 0.604955196 0.256787241
    0.445242822 -0.230813771 1.40934944 1.17682016 0.235182464
    0.71976155 -0.179118037 1.53799319 1.23084211 0.0286884308
    1.51114345 1.44158006 -0.603395879 1.15385699 0.271531045
    -0.369558215 1.24512696 -0.517366529 1.2819252 -0.194635451
    0.394401252 0.00290358067 0.384770989 1.22915149 -0.459919721
    1.38557649 -0.0775159597 -0.405152112 0.913628936 -0.0753600597
    1.26496935 1.3250258 0.907074153 -0.179377943 0.0542601943
    1.22849989 0.876838446 -0.0745617747 1.3734535 1.2844485 0.350364447
    -0.527889729 1.03139329 0.664901078 0.998346388 1.04359031
    0.658064902 -0.480937034 0.453824222 -0.335241139 1.10297143
    0.784165919 -0.402343422 0.70499897 0.450767428 0.0409230888
    0.117956817 0.330265105 0.716958523 1.04289269 -0.451235741
    0.990581572 0.355638266 0.221646369 0.610344529 0.0501980186
    1.0183506 -0.442012578 0.964428544 -0.491131127 -0.270496428
    1.26241755 0.76726526 0.368890762 1.3944025 1.03183305 0.788055718
    1.15521669 -0.421116829 -0.420521498 0.503921688 0.0482383966
    0.645563066 1.37845767 0.154944062 0.988158584 1.1936121
    -0.241202563 -0.384718984 0.621044934 0.662672758 1.17385781
    0.973258674 0.792661726 0.666705489 0.0131093264 0.752635658
    0.725838661 0.441096246 -0.517603338 1.34563613 0.547150552
    0.745576382 0.604858577 -0.538152575 -0.50409925 0.40704757
    0.698304355 -0.140151024 -0.39475137 1.54856873 -0.602403402
    0.557480872 -0.114466608 0.91804558 0.201285362 1.22032499
    -0.289024293 0.0993797183 1.18411732 0.383407712 0.389924645
    0.106123269 1.46678543 0.708955526 -0.464076847 1.34550452
    -0.19341892 1.10222781 0.352068603 1.59650159 -0.577021062
    0.106559277 0.878671825 0.974523008 -0.200261891 -0.0176492333
    0.478212893 0.683139384 1.04846668 1.43156362 0.0529332161
    0.191891134 1.15504789 1.1643784 1.38009512 0.742308974 -0.53503865
    -0.414093435 -0.174581259 0.460226119 0.754814923 -0.493884206
    1.52204967 0.6024369 0.758453846 1.42068851 1.02468348 1.46424747
    -0.344940752 1.23612928 0.815144122 -0.14739874 0.981380701
    -0.311995924 1.02810168 -0.431800336 0.761728823 0.0145384669
    0.984827459 -0.378750652 1.14447594 0.1933707 1.27869177 0.886682093
    1.51999736 -0.56212908 0.203423381 0.276105165 -0.486416459
    1.59758496 -0.578211546 0.671692908 1.11670411 0.656279206
    1.49088669 0.550843775 0.949340522 -0.483740747 1.58082366
    -0.254076034 0.42824465 -0.461550266 -0.602610111 1.28675556
    0.600943089 -0.134120047 0.492171884 -0.569664478 0.0748405457
    0.276515841 -0.262997061 0.893803 1.35254264 -0.114758015
    0.585735142 -0.167444468 0.342181385 1.23982286 0.691424787
    0.0375602245 0.595441997 1.15287352 1.57184887 -0.569788158
    -0.321625412 -0.0791935325 0.587085485 1.47259617 0.689831138
    -0.0654585361 0.690259099 0.988837481 0.581053436 0.871709406
    0.857577085 0.561435997 -0.407993883 0.807973444 1.2971257
    -0.492271781 0.507012308 0.355493665 0.101023734 -0.447330624
    0.115790963 1.11908364 0.651719332 1.60763204 0.81360209 0.771924794
    0.46702081 0.260812998 1.50807333 0.328490794 1.41702604 0.521092355
    1.44590044 1.27750206 0.0421460867 0.246259868 0.524484098
    1.35916948 0.745289862 -0.439468324 0.835575581 0.949829876
    -0.36801365 0.955736458 0.473492086 0.269790947 0.720800042
    -0.30478698 0.945854545 0.215699673 -0.0301517844 0.459225833
    0.0371043086 0.199055254 1.24961448 -0.0882101655 -0.543147564
    0.0767721534 0.590766847 1.49445796 0.390771687 0.628591716
    1.33045757 1.26762414 0.97695893 1.26896739 0.318007767 0.878423691
    1.28480995 1.30353272 -0.6832003 0.37595892 0.613744438 1.11649024
    1.15213609 -0.335379362 0.61521405 0.636285782 0.490827382
    1.24835289 0.922881246 1.43807673 -0.146394312 1.06590962
    0.252009988 -0.471062303 0.314178348 0.376882553 0.422234714
    1.30552626 -0.215189725 0.609093368 0.748932898 -0.375694364
    0.795578003 0.195520312 0.40793705 0.264642 0.270308495 1.15843487
    -0.482518584 1.19886935 0.297284842 0.768208325 -0.191119522
    0.841839194 0.169713795 1.10548735 0.0518562198 1.28683567
    1.17366087 0.0638116598 1.04128885 0.571815312 0.809608817
    -0.549543321 0.276579022 0.900103271 -0.409703642 1.39374733
    -0.225520998 0.0880499482 0.16419363 1.1666224 0.288893998
    0.0165646076 -0.173189938 -0.191412747 1.49768412 1.48548913
    -0.224761248 -0.2471928 0.522312582 0.806518316 1.12420487
    -0.369901359 1.61944294 0.869071722 -0.142184883 0.852851391
    1.37635374 1.39894152 -0.645440638 1.24604082 1.19092751 0.247403622
    0.754020274 -0.150328696 1.14804566 -0.0298632979 0.709373057
    0.346077025 0.0781053901 0.401489437 0.789008439 -0.1992926
    0.418469667 1.22030795 0.414147198 0.418113828 0.46106118 1.47858429
    0.756546319 -0.0859773755 0.596752167 1.41263759 0.623261452
    1.01336932 0.452040374 0.4986763 1.46774805 1.44820881 0.414269328
    0.811172307 0.883566618 0.939566493 0.177707195 1.35288727
    0.617603183 -0.0127030611 0.357960343 -0.00232613087 -0.120818853
    0.201802254 0.295721114 0.433465362 0.397816896 1.44782615
    1.50560999 0.573525012 0.80995363 0.599912763 -0.0482009053
    0.283496082 1.27469075 0.156248212 -0.39179793 0.265626967
    1.24499822 0.445015073 0.590066552 0.865802824 1.20628524
    0.00544458628 0.00391411781 0.86436671 -0.277706385 0.635103524
    0.727892816 0.442424953 -0.253567219 0.658372402 0.491781235
    0.725889385 0.784152567 1.28916538 1.26215506 1.35609519 0.175909102
    0.0184854865 0.471170008 1.4849577 1.00052047 1.17097878 0.274263024
    -0.327561259 0.713278174 0.116748393 0.480049133 0.303728342
    0.368785143 0.499217033 -0.0377607346 0.580028176 -0.498958617
    0.0271949172 1.39479828 1.49508762 -0.0564689636 1.48783779
    1.01439643 0.13194865 0.817213655 1.03705966 0.474201381 0.976942539
    1.37014997 -0.359293491 0.289462984 0.849143624 0.330860376
    0.351635158 -0.196172267 0.898654342 0.105108082 0.114508867
    0.713139713 1.72721994 -0.0595141053 -0.128085673 1.03266716
    1.16701031 0.217535794 -0.337489486 0.42367816 0.442758203
    0.49292618 -0.274848729 0.536415339 -0.43652463 -0.0795872808
    -0.444080323 0.883708537 -0.13794744 0.35625875 0.797683954
    0.940859139 0.047054708 0.767517447 -0.0834057331 -0.0258268118
    -0.256388128 -0.144907594 1.19722223 0.676063299 0.984693646
    -0.234285921 -0.474099755 0.960417151 0.508040249 0.549556792
    0.124469459 -0.403107285 0.322256863 -0.209308922 1.39029229
    -0.353751987 0.460841119 1.4978292 -0.421951145 0.693905175
    0.790774524 0.897623241 1.17375851 0.322146475 -0.4865399
    0.845647871 1.53164411 -0.521103919 0.280413806 1.38364649
    -0.0786104798 1.417413 1.233778 0.531383276 -0.00150597095
    1.43343365 0.9948259 0.504413486 -0.271615744 1.16323137 0.122733772
    -0.00959318876 -0.384535313 0.0454223752 1.38217521 0.482906103
    1.38501692 1.0539577 0.0741547346 0.52806586 -0.596742213 1.13955808
    0.443095267 0.796588421 -0.028827548 0.486599863 0.740419745
    1.42353666 0.713035107 1.04533839 0.325698733 -0.431516528
    0.17663765 1.41521132 -0.598853409 1.13029146 0.972769976
    -0.419622064 1.31649041 0.88282156 -0.503608286 0.688209593
    0.597147048 1.2923727 1.62647891 -0.30842182 1.48823786 -0.508399069
    1.44127762 1.19355726 -0.160850048 1.24341416 1.41817594 0.811192989
    0.597171128 0.911485195 1.23757792 0.489340127 0.0144164562
    0.923502386 -0.166491061 -0.409481198 -0.541959047 1.343786
    0.717020214 -0.489803314 0.3387658 0.481202245 -0.512020111
    1.32672501 0.552268684 0.187055469 1.52781355 -0.142451465
    -0.0230600834 0.94428122 0.222447217 1.26894927 0.669162869
    -0.259572506 -0.0652429461 0.0522235632 0.0242161751 -0.0833550096
    0.0101305842 0.132869482 1.06670213 0.588494003 -0.376141071
    0.80267477 0.0650016665 0.50642699 0.441309869 0.744382024
    0.86566788 1.39722705 0.844036877 1.35058618 1.02997589 -0.372989297
    1.29547977 1.07564044 0.279204011 0.417117655 0.443553448
    0.363191426 1.05602479 -0.322585762 0.77293396 -0.0627223253
    0.686467826 1.35578179 1.30496383 0.726115942 -0.0573632121
    0.148688734 0.319222629 -0.287026435 0.36624223 0.0171251893
    0.748657942 0.859766841 0.50673455 0.309882283 1.06998158 1.17005384
    -0.288651168 0.123138994 -0.0242642164 1.6675365 -0.18429774
    -0.313797474 -0.0141568184 0.530160606 0.979731977 1.26087022
    -0.0441693068 0.682923555 1.35039115 0.257493198 0.666022599
    0.190615952 -0.454691738 0.00267922878 -0.0317867398 0.624484241
    0.266581595 0.310760438 1.07942033 -0.441028118 0.610889196
    0.720809281 1.37948179 -0.612391233 1.22029746 0.934588134
    1.61332023 -0.435495675 -0.275834918 0.298535824 0.809933245
    0.685888648 -0.60012573 0.304091215 0.973352253 1.34848952
    0.962178826 -0.325595498 -0.104662001 0.952491581 -0.374495566
    0.123674572 0.134830952 0.695801616 1.37676048 0.932810843
    0.970986724 0.239941299 0.526947379 1.23283982 0.702325642
    1.17088938 0.214669347 -0.113347292 0.166727245 0.930600286
    0.65074724 0.828157306 0.422716379 -0.594143629 -0.144368351
    0.402959704 -0.212933719 0.0464608669 1.53608406 1.20559144
    0.0682991743 0.420556903 1.2939707 1.40397751 0.577964604
    0.411151052 -0.486221403 0.211139739 0.818099856 0.453707874
    -0.300211996 0.511043131 1.05499458 -0.223846287 0.259919584
    0.111017585 0.419286698 1.54985929 1.38177943 0.894779563 0.94813633
    0.574087977 -0.0448922217 0.347469449 1.29923522 0.367397785
    0.0379541516 1.28716636 0.259805501 0.376838744 0.844939411
    1.38079822 -0.183438048 -0.0910028517 -0.209614396 -0.145043612
    0.168841362 0.549302876 0.905054867 1.31245518 -0.528594434
    1.41781342 0.00149512291 1.34679735 1.13554001 1.12776875
    0.188818753 1.46116543 -0.325744033 0.403047204 -0.00351881981
    -0.103150457 0.124594271 0.494720995 0.927940309 1.00024414
    0.786488473 0.0126062036 1.27786875 0.691640556 -0.383771718
    1.32556796 0.452925205 0.566647589 -0.373704076 -0.431934804
    0.520746469 0.354643047 1.0036087 0.825334072 1.10907841 -0.23583439
    0.216961145 0.442370057 0.898094416 0.816593349 -0.491878152
    -0.410242885 0.324116051 1.3759377 0.496883035 0.390569389
    -0.0920841694 -0.0860097706 0.80904597 0.580554366 -0.100336492
    0.237788022 -0.103992224 -0.376103729 1.11462796 1.38655198
    0.178211391 1.220245 0.504553199 -0.105170161 0.790143549
    0.265424609 0.554318726 0.110927463 0.0770090818 0.755801141
    1.12978554 0.216516137 -0.182417661 -0.00651046634 0.156252712
    0.670296252 0.172599316 0.591005743 -0.0550429821 0.0723927617
    -0.105947554 0.720288336 0.172014892 0.0190102458 0.36131537
    1.21925569 -0.0365220308 1.37988842 -0.331474751 1.51174569
    -0.102020025 1.52983272 1.00460029 0.117599964 0.348463774
    1.65016878 0.466210544 -0.304518968 0.810478032 1.55034769
    -0.47835061 0.887250125 1.43533707 0.0647577047 0.114071071
    1.28500319 0.259324551 1.40430045 1.23526311 1.59304368 1.08634937
    -0.41830045 -0.0565785468 -0.444778562 0.794140041 0.382162571
    -0.324680746 1.15152955 1.01632428 0.272899628 0.226710439
    1.30135727 0.72716254 -0.0462651849 0.544627666 0.160935819
    0.971111476 0.856265604 0.790803194 0.217077494 0.308148146
    -0.479112983 0.327904999 0.727643073 1.13221478 0.570532978
    1.00480819 0.471115947 1.14804828 -0.518845081 1.43146086
    0.356948972 1.19901657 1.44680595 0.0972017646 -0.147185624
    0.484186471 0.633783698 -0.172568709 0.303013444 1.29482961
    -0.024130702 -0.0568318963 -0.219378918 0.898493707 0.485912859
    0.419982851 0.65563482 0.92985642 1.06346071 -0.113884181
    0.340974629 1.03939426 0.863162577 0.0243200064 1.0854609
    0.188955307 0.348510563 -0.104586422 1.45395458 0.0347200036
    1.55858302 0.926418483 1.39735639 1.05854225 0.26836884 1.563416
    -0.0110042691 1.50291669 1.13820791 0.741878927 0.315752447
    1.23643255 0.117937207 0.299820721 0.271414697 1.33231449
    0.901239753 1.19965243 0.846335351 0.118474066 1.20590317
    0.517827392 1.16242766 -0.0293585062 0.231749237 0.863952577
    0.64188087 0.266195714 1.63989568 -0.0761619806 0.422611296
    -0.352742285 1.38993812 0.0438190103 -0.156263113 0.3202914
    -0.145508975 0.295035124 1.26990485 0.169680238 1.48054147
    0.792483151 1.08722281 -0.473599374 -0.174572051 1.44477558
    0.565841854 0.792170763 1.32776546 -0.257535219 0.204293609
    1.10726953 0.0292598009 -0.44787401 0.893378496 -0.106691718
    1.00737929 -0.0871879458 0.695709884 0.41746372 0.231966078
    0.773515701 1.07990408 0.195775688 0.126060367 1.24397111 1.0613327
    1.27721679 0.370156169 -0.243642405 -0.406654328 0.0304822326
    0.779260457 1.07759619 0.921701133 0.460887253 0.416211188
    -0.225706965 -0.38537246 -0.441294402 1.03205156 1.32498825
    -0.23986125 1.40290236 1.4187516 0.433720976 0.242987096 1.39843559
    -0.437886119 1.55828786 -0.0282597542 0.252884805 1.56304979
    -0.589456797 -0.176914752 0.411525011 1.28060377 0.650210321
    1.12846589 -0.479644001 0.474748671 1.03575492 1.14387941
    0.119485676 0.699627995 0.701337516 -0.154635072 0.464492917
    0.336690307 0.144985497 1.08635449 0.704730451 1.52981043
    0.928344488 -0.606656075 1.39544916 -0.328357875 0.201347053
    0.037075609 0.337524712 -0.226596326 1.46566939 0.704125464
    1.29303002 0.0189534426 1.374403 1.41071081 0.967582941 -0.488143474
    -0.244012207 0.912124395 1.15249157 0.493568361 1.16808295
    0.60059154 1.41641784 -0.497830153 0.277468264 -0.242143959
    0.445429265 1.05584157 0.142509997 0.901703894 1.28704453 1.00250149
    0.848203599 0.248380005 0.567427218 -0.501486778 0.81050539
    -0.0644107759 -0.366249621 0.15361321 1.4345386 0.628278732
    0.0489196181 0.790163577 0.520804226 -0.406452119 -0.20461604
    -0.164575726 1.29906797 0.346051365 -0.226857439 -0.391339898
    1.37036061 1.39912844 -0.431117505 0.47803086 1.12188768 0.696919024
    1.03028464 0.677324951 0.994192064 0.361654043 1.19325435
    0.235663831 0.558035076 1.06951201 0.0874048471 0.432890058
    0.475659788 1.50895715 -0.703160226 1.04383683 0.936573148
    1.03304505 -0.109171152 1.2344712 0.693625808 0.270215094 1.37555933
    -0.652320623 0.0499052405 -0.00396233797 0.271341443 1.14657402
    1.40355802 -0.433997482 0.321800768 1.11230242 -0.287187636
    1.2977066 1.40105414 0.0645474195 0.37794888 1.25583935 0.170475483
    1.09011555 0.568760157 0.334540129 -0.0917143226 0.851204753
    1.43492627 0.660928071 0.383084714 1.47803879 0.0839380026
    -0.563482821 0.934288085 1.05087829 -0.753284574 0.404806614
    1.38878298 1.31537151 -0.628929019 -0.298746824 0.704660952
    1.1102488 0.863662601 0.492185891 1.29937482 1.00454414 1.20867229
    -0.551208019 0.384307265 0.186367035 1.64997339 -0.0933315754
    1.41706014 -0.297633499 1.36189246 -0.0782609582 0.460531116
    -0.389649004 -0.360483408 1.33829927 0.0774140954 0.198366463
    1.04188013 0.540052235 -0.0954434276 0.74023205 0.463315368
    -0.39056626 0.891489327 -0.249605 0.372617066 -0.377820045
    0.990675449 0.900249124 -0.00963515043 -0.487751782 1.3222034
    0.68707639 0.113588154 -0.0378113985 0.758968771 -0.00158822536
    1.52205729 -0.248884588 0.737810791 0.779240847 -0.387153238
    0.625660956 -0.0425264239 0.554111183 0.856309474 0.193774879
    -0.178977907 -0.0383568406 -0.224717706 0.34437567 -0.10252434
    1.3969363 0.818550348 -0.450923681 0.366575599 0.262220383
    0.367748201 -0.196408391 1.24550235 -0.52393198 1.30120182
    -0.163430482 0.33819443 -0.121054828 0.531204104 -0.0185345411
    -0.0362490416 1.062361 1.53315353 0.0575239658 -0.252177656
    -0.420455039 -0.298965514 1.2041049 0.788531125 0.967918336
    1.40473723 0.590431511 -0.41927731 -0.149916142 0.435060263
    1.03963268 0.441472054 0.443251163 -0.351529837 1.16795492
    0.266978204 0.291072726 0.143601418 -0.517073631 0.468054473
    0.580517709 0.209163159 -0.00491964817 0.317996681 0.0358228683
    -0.0934569836 -0.0894785821 0.797719657 0.729240716 0.716082573
    1.17059159 1.61042953 -0.476701856 1.63866603 -0.602074921
    1.22970891 0.501079679 1.282354 0.644577384 1.48678732 -0.444925368
    0.0760582089 0.633551717 -0.23002696 1.57133234 0.479442954
    1.22427535 1.45069885 0.280966222 -0.290658772 -0.29447338
    1.37497187 0.22351867 0.957184792 0.506700039 0.0864918232
    -0.127799273 0.769283414 0.138129056 1.42751646 0.0468574166
    0.488090098 0.433078229 0.355916679 -0.267152607 0.726297021
    1.14933014 0.922654629 1.10487485 0.436283171 -0.478001177
    1.30010092 1.6806705 -0.364080608 -0.400087178 1.0092206 1.11079466
    1.26117301 -0.631814361 -0.436222553 0.91212219 1.0640173
    0.628898323 -0.644625306 0.743451536 1.37111235 -0.259575725
    0.0948268771 1.14643943 -0.124849558 1.38233125 0.272524416
    1.45471263 -0.259874821 1.03850222 -5.76972961e-05 -0.440734804
    -0.382131845 1.34341824 0.525225401 1.17406297 1.32632625
    0.332289338 -0.402731359 1.56021786 0.370271027 1.22564626
    0.487843931 0.312802255 0.829145133 0.434607685 0.843638241
    1.31768823 -0.151084691 0.219260424 0.593386412 1.59098291
    0.465917647 1.16338539 -0.276877254 -0.050891161 0.398988008
    0.0459955931 -0.0890914202 -0.463163614 0.269055843 1.52938962
    1.18710732 1.19579983 -0.0943676829 -0.0938772857 -0.167107582
    0.029663682 0.816429615 0.204732478 1.5258255 -0.342940301
    0.741705656 0.360560238 -0.324160129 0.092101872 -0.161144495
    1.27131677 0.330658078 -0.534875095 1.25700092 0.128896713
    0.940804303 0.426132739 1.29374981 -0.205903322 1.41495454
    1.41991234 1.35869431 -0.417261422 1.25223589 -0.295019329
    -0.398216039 0.93990308 0.182093322 0.273465991 -0.378196746
    -0.0512306094 1.04820836 -0.452675939 0.0999581814 0.371574879
    -0.582241118 -0.346984446 0.597759068 1.55845666 0.40753454
    0.89046967 1.24050689 1.45347381 -0.878079295 1.22541857 1.50026321
    0.172037542 0.123541355 0.53323251 0.756741226 0.313759446
    -0.253332675 -0.13948068 0.581667781 0.253984451 0.640097618
    -0.0747361481 -0.0125311017 0.553014398 0.227473021 -0.113806188
    1.60076976 1.01006734 -0.215732545 -0.362490505 0.434256315
    1.58283472 1.10042048 0.837442636 1.29181826 -0.180977076
    0.566021085 0.522702098 -0.214684218 1.5943625 -0.461192906
    0.344267786 1.00203013 0.130925894 0.172008872 -0.0108361244
    1.59129798 -0.18753615 1.60319328 -0.038077116 1.06492448
    -0.63401252 0.853246689 1.11683655 0.791723132 0.0498341322
    0.827798069 -0.0304985046 0.062857151 1.08981419 1.29892445
    -0.60602212 -0.276979148 1.04507613 0.483223736 -0.24797985
    1.40200579 0.881755829 -0.252060115 0.424231172 0.0444064736
    0.351579726 1.33035588 1.35526395 1.47107208 1.40746784 0.256602287
    0.15652746 0.410750389 1.10431254 -0.383774638 0.394069672
    1.17469454 0.30736661 1.25416291 -0.187519252 1.35772038 -0.69505924
    1.41100597 1.57933533 -0.565973639 1.35731447 1.5571909 -0.545580506
    1.43907237 0.127303302 1.47180486 1.5113647 -0.428514421
    -0.282345206 1.43587565 -0.242219388 0.198147595 -0.420250654
    0.476312995 -0.00773704052 0.717581272 1.72234201 -0.0793292224
    0.703146279 0.00351840258 1.06938875 1.16277969 1.4271965
    0.246980309 -0.302739441 1.36999416 -0.213529438 -0.188487232
    1.24213171 -0.271674037 0.801581502 0.311014175 -0.0053435564
    -0.257068098 0.133214474 0.167901933 -0.575829446 0.883635819
    0.272560954 -0.0142771602 1.23585749 1.28585696 -0.597060442
    1.43102956 1.12258077 -0.385201156 0.301155269 1.08676386 1.45718575
    -0.468970925 0.0626218915 0.471291244 1.1410346 0.391587973
    -0.075671792 -0.0206825137 0.539899528 1.22845125 1.242239
    0.293856919 0.792365372 0.765046597 0.0248712301 0.162692606
    -0.511832952 0.597434342 0.209236145 -0.0823409557 0.511336088
    0.505445004 -0.204194278 -0.181877375 0.758317649 -0.218634576
    0.228837252 0.181456566 0.743284047 0.576807559 0.803115547
    0.383714855 0.130965889 1.45830405 -0.0964847803 0.662905037
    0.635191083 1.07707882 -0.30791679 1.45557058 1.44620204
    -0.297131658 0.733446479 -0.451116323 -0.534787357 0.874491692
    1.03449214 0.422565699 0.105142474 0.0705992579 1.33570385
    0.609394372 1.17413759 0.749881446 0.523106277 0.347904921
    0.958163917 1.4523809 0.286333501 -0.420662284 0.810141504
    0.252106845 1.32674468 0.084171474 -0.429692954 -0.396617323
    -0.0637568235 -0.584548891 1.09204519 0.544976234 -0.0484281778
    1.5245235 1.10998511 0.90833956 0.41508311 1.05996466 -0.647405744
    -0.243026733 -0.153288096 0.0647362471 -0.0044157505 -0.0875871778
    1.18254876 0.631830573 0.861467004 1.05713534 -0.244634449
    1.54597378 0.165685117 1.53819716 0.791554689 1.56142783
    -0.0719266534 0.299092233 1.11394727 1.02332473 0.209359884
    1.16034508 0.557733536 0.142373204 0.831125081 0.0408495069
    -0.115138412 0.0873970985 0.998601377 -0.279876322 0.95317477
    1.43105912 0.931545377 -0.563023984 1.18016887 1.25249469
    0.976620615 0.976289392 1.34895802 1.28799963 0.721918166 1.14987397
    1.33534753 0.121433318 1.21513224 -0.449378848 0.385240436
    0.929108858 0.66933316 1.27533317 1.39225721 0.657502353 0.95492655
    0.70172441 0.821474314 0.715067744 1.0325706 0.0445403457
    0.718779922 0.137216389 1.19788551 0.656891406 0.0277078748
    0.441652119 -0.405249685 0.914692223 -0.486517966 -0.0619458556
    1.10883331 -0.136792421 0.363485575 0.609839022 -0.286227643
    -0.0387443304 0.5066908 0.445044518 -0.495984644 -0.44340077
    0.591900706 -0.493527621 -0.339601457 0.896425903 0.817238927
    1.06336093 1.16415513 0.715173602 0.035574913 0.0193066001
    -0.145651788 1.120731 -0.532429457 0.896368623 0.742797434
    0.667606592 1.40172911 -0.311411858 -0.241013408 0.275094986
    -0.264223516 1.41171598 0.712040782 0.215991318 1.40966427
    1.29052901 1.23799455 0.692188442 0.788488805 0.000465095043
    0.980808794 1.30925846 0.289114714 0.903393865 -0.142774254
    -0.387841821 1.19171143 0.226282179 -0.403478712 1.36297262
    0.180235147 -0.195151269 0.716603696 0.907597423 0.971300364
    1.43185925 0.872108459 0.394771338 1.20074391 -0.479054302
    0.990164518 0.586760581 0.778230488 0.24372828 0.294086277
    0.0928283334 -0.576322615 0.573389769 -0.0518244505 -0.490225971
    1.05037332 0.594827592 0.210044205 0.379475325 0.0707215071
    0.368274152 0.828262031 0.805753708 1.61396182 -0.592466235
    0.00220006704 0.189071596 0.651927769 -0.376022279 0.447187006
    1.10905302 0.825779855 -0.453010261 -0.336149395 -0.0143428445
    1.54288077 0.823214591 1.31202114 0.267687559 1.16780114
    -0.150056303 1.29072785 0.0920449197 -0.121887699 1.72265434
    1.55851758 -0.31930691 0.901519239 0.203887403 0.580899537
    -0.272908479 -0.358934939 1.31041491 -0.15666759 1.30961263
    0.687104344 0.699531496 0.947118342 0.790257215 1.23000669
    -0.592457652 0.874469519 0.996993363 0.827730715 -0.531887293
    1.14670587 -0.135163307 0.850098848 0.341597021 0.86264509
    -0.0315933228 0.287099838 0.811321139 0.826792002 0.719233274
    1.02724636 1.22348762 0.663648307 1.16094649 0.0168493986
    0.825483859 0.926576316 -0.250803113 0.360155821 0.699912965
    -0.272319019 1.06773353 1.00603282 1.47179079 -0.399056494
    -0.249293566 1.32459879 0.8826285 1.01675701 1.31334734 -0.58310467
    -0.176672131 1.20855498 0.523156345 0.471073627 1.32766914
    1.19013131 -0.0224453211 0.744433939 1.19870877 1.00226831 1.3438586
    -0.0669667721 1.4936682 -0.408218145 0.216359198 1.55829597
    -0.216506958 -0.361442626 -0.499911249 1.1734103 0.928929925
    0.324081004 -0.0379253626 -0.0818569064 0.137321711 0.859790683
    0.971445441 1.6058228 -0.306685925 0.747521877 1.09813452
    -0.0884869099 1.63190162 0.156143427 -0.12153703 1.10972118
    1.02876258 -0.385104567 1.01509464 0.313799143 0.589804888
    0.746870637 1.33486271 1.06515336 0.989297867 -0.706213713
    1.25931668 0.983262897 0.300635755 -0.490203619 -0.26382339
    1.21815062 0.265385389 1.06173444 -0.18595627 1.63331389 0.470212936
    1.29197562 0.262593389 -0.124733031 0.58430028 0.579490125
    1.42742407 1.23593402 -0.128280759 0.172059178 -0.372806549
    0.437333167 -0.210868269 1.26224649 -0.311245471 1.46338725
    -0.644015789 1.1690619 -0.0283631086 -0.0431176424 1.29238307
    0.955713212 0.150273085 0.52677691 1.19369316 1.04154086
    0.0976976156 -0.0312440395 0.919601023 0.051632762 -0.205579191
    0.0274314284 -0.372291148 0.822918117 -0.361895502 0.199049234
    0.121754169 -0.244496346 0.49673897 -0.493014097 1.11304641
    -0.192326516 -0.319790751 0.715935886 1.49087381 1.46046233
    -0.499964207 1.28861284 1.27488172 0.192049861 0.743206859
    1.56929088 -0.132946908 0.398103237 0.957421839 1.40493286
    0.242491901 0.080183506 1.23413539 0.339973807 1.64510036
    0.145839989 1.39207435 0.770592034 0.196134686 0.33134681 1.13868606
    1.64814091 0.0210180283 -0.44920361 0.746103227 0.0413045287
    1.43834841 -0.631802261 1.46062624 -0.519249916 1.56538248
    0.593826413 1.69642758 0.816066802 0.160420001 -0.0262607336
    0.717963457 0.168423772 -0.0903559923 0.203584731 -0.0440706611
    -0.236917615 0.825109541 0.175285161 -0.347761303 0.114552855
    0.771821797 1.48537707 0.573399305 -0.37989679 0.215509653
    0.653783858 0.385822356 0.514343739 -0.0311644673 1.20078802
    1.32809758 -0.400024027 0.707441807 -0.648917735 0.542119384
    -0.224423349 1.43853426 1.53865683 -0.0707029104 0.12085408
    0.59446156 1.11766231 0.285889506 1.15107393 0.710627615 0.466136456
    0.502643406 1.53298175 0.0918186903 0.646116853 -0.0594601929
    1.17492616 0.308557451 0.927999198 0.0622489452 0.0844510794
    1.29595256 0.285733163 0.331972539 1.39481819 -0.463779926
    0.13023001 -0.123234689 -0.114841402 1.65727448 1.15276337
    -0.107290804 -0.525073588 1.33215165 1.36519814 0.587980151
    0.23867017 -0.211585045 -0.0472049117 1.49624467 0.981781244
    0.84580338 -0.277410746 0.0479940176 -0.013972342 1.23340392
    0.611625314 -0.473440051 -0.0556499064 0.639193356 0.0658128262
    1.49520671 -0.255061001 -0.602091849 0.694918275 -0.370477647
    -0.154139459 0.882819951 1.48242021 1.31613374 0.487478077
    1.13597596 0.670043886 1.22694707 -0.240984619 0.14182055 1.16201329
    0.499409497 0.24261409 0.565848053 0.230886877 0.777698517
    1.39051819 -0.0929746628 1.59204721 -0.299313724 1.08355927
    -0.084657371 1.09596801 -0.349085033 0.210465491 1.30894899
    -0.417434245 0.444085658 0.192793667 0.162291825 1.21771002
    0.0377905965 0.560189486 1.41968966 0.853263676 0.173820436
    1.00396585 0.535448194 0.211714923 0.0854449272 1.44783258
    1.33011079 -0.0567330122 0.602062583 -0.279131204 0.975960195
    0.654005647 0.983042896 0.782992959 -0.228436112 0.46359688
    -0.270107567 1.1233542 0.130149007 0.561408281 0.125852644
    1.45081425 -0.364238501 0.0580699444 1.15653253 1.18737066
    0.326226294 0.512804687 0.546318829 0.582276165 1.51897073
    1.34679556 -0.126123309 0.421751916 -0.357613474 0.0808491707
    1.51543164 0.51770407 1.3425777 0.0732854605 1.48664403 0.660247087
    0.340320885 -0.09701401 0.991051257 0.169218183 0.777394414
    1.00077248 -0.718728244 1.10073304 0.503103852 0.952358782
    -0.364842743 -0.279483795 0.441732287 1.2459867 -0.351206958
    -0.332035005 -0.440352976 1.26269448 -0.0326505303 -0.582765341
    1.38502598 1.28140211 0.184485435 0.752444685 1.29340506 0.53146708
    1.20371711 -0.117503226 -0.196964353 1.14411712 0.569318056
    1.07177567 0.866180897 0.403848886 -0.52883482 1.46712697 1.13083339
    -0.479975164 1.30754685 -0.497746617 0.708045304 1.05891573
    -0.0600281358 0.307919621 0.885814548 0.719603658 -0.0705184937
    0.861076474 0.02406317 0.0391032696 0.437142849 1.13616061
    0.232178032 0.762509882 1.02106738 0.645842433 -0.11997208
    0.0725025833 0.66893667 1.19673514 -0.107555687 0.948335946
    1.30324411 0.781106234 0.990623653 0.831335068 0.659491658
    -0.191440135 0.532624602 0.0597885251 0.790254414 0.966852725
    1.21435249 1.39867234 0.893002868 0.919444859 -0.330482543
    0.229171455 0.0877931118 1.3300674 1.21506369 0.450557709
    -0.243540257 0.526189327 0.188502848 0.668613374 1.39107728
    0.810354769 0.368102789 1.38545465 1.33796525 0.338962078
    -0.26353091 -0.488970757 -0.454317749 0.222341299 1.33800101
    1.38141274 1.22862053 -0.24419117 0.303000271 0.801139355
    0.905458152 0.148709238 0.131282449 1.12783337 0.208702862
    0.745098233 1.51373458 0.143401563 -0.117158175 -0.395835698
    -0.00423079729 1.33426738 0.853296816 -0.116344273 1.52604818
    -0.481075168 -0.325269312 1.42572367 1.24268734 1.21232367
    -0.412406147 0.0856038332 0.528451324 0.0643478632 0.828444779
    1.54604733 0.36558193 -0.523998499 1.02731001 -0.226994842
    0.343273103 -0.00100487471 0.266648352 1.37035787 0.304275215
    -0.301190436 -0.443909615 -0.0300322175 0.748936355 0.780234277
    -0.494149566 0.719303727 0.798355281 1.10695314 -0.0919892788
    0.673962176 1.50049376 1.13983548 1.12052655 -0.269432545 1.32054257
    -0.240868062 1.45736134 0.0367857218 0.405698001 -0.00877261162
    0.264963984 1.26326132 -0.402646422 0.448228896 1.49475908
    -0.228243649 1.55149162 0.416936159 1.59667945 1.53806841
    0.237528265 0.359235048 -0.283459902 1.4212333 1.49924612
    -0.585947156 0.870297194 0.804902196 0.602286398 1.55787206
    0.752533317 0.536179364 0.718185961 -0.29236573 0.194128931
    1.42473412 -0.652886748 0.977477729 0.00748640299 -0.210454017
    1.65950787 -0.0809609294 0.979302347 -0.0632067919 1.37155676
    0.501058519 0.523885548 0.858884454 -0.358996391 -0.539605498
    0.365545213 0.872997403 0.624999046 0.372889042 1.02284193
    0.926818967 -0.309028268 0.8397066 -0.0115115643 1.5858252
    0.703419626 -0.648160994 1.47079039 1.14493501 0.310083449
    -0.232361257 -0.599906981 0.584035337 1.06610107 -0.292741716
    0.397777021 0.0760720372 1.1312561 -0.56018275 0.267075837
    1.22774088 -0.299930274 1.18021703 -0.171712935 1.06814671
    0.681875348 1.54554296 0.571757853 -0.00661331415 1.47357762
    1.01099491 -0.290918499 -0.196560413 1.21889758 -0.0690534711
    0.615691125 0.0056142807 0.681515932 0.137503803 0.445951283
    -0.599413276 -0.372730345 -0.542405725 1.4186666 -0.393685281
    1.43771613 -0.192912072 0.324193299 0.563674569 -0.0237510204
    0.634990931 0.995139301 0.36651051 0.0851206779 1.62044168
    -0.335302234 -0.53877914 1.20889699 1.33281922 0.553016424
    1.22638893 -0.63582617 1.66400003 -0.13550663 1.22103357 1.03154492
    -0.436330825 0.0605056584 -0.144475847 0.780940175 0.555115938
    -0.216290295 1.63111079 0.962365448 1.00364184 -0.00733655691
    -0.42393437 0.276182055 0.398679078 0.891415179 1.11477971
    0.252102554 0.718940079 -0.0967940688 -0.129213005 0.868608356
    0.0643698573 1.44340456 -0.11452204 1.20432961 1.17914438
    -0.35557732 -0.31732899 0.666963995 0.338917553 -0.168413728
    -0.401178926 0.585138798 -0.332379192 1.00900817 1.28750205
    1.38016605 1.05447316 -0.426079541 0.98987931 0.98402524 1.03515792
    -0.325599909 1.71165216 -0.285630703 -0.0816641152 0.451656878
    -0.157569796 1.15946245 1.12570906 -0.676597357 1.23307943
    -0.0210763216 0.0368776023 -0.33194828 1.31911612 -0.353080779
    1.25194311 0.466837704 0.400718868 0.574885786 0.160960078
    0.536207378 -0.490803629 1.28804278 1.41948032 0.01406461
    0.128363073 0.61180979 0.741363525 -0.0806483626 -0.388966262
    0.935436904 0.270305336 -0.597942531 1.23598337 0.228191376
    0.270721257 0.668516338 0.565297842 1.06631207 1.57978916
    0.639320552 0.177237213 1.33460903 0.0839025378 1.20990062
    -0.0325550437 0.881984234 0.856360793 0.300299942 -0.372776419
    1.10146272 0.616850853 0.516934335 1.11416173 0.47676748 -0.14666301
    0.443784058 1.00796938 0.356343806 1.12162805 0.096540153
    0.847651839 0.429975867 -0.128429711 -0.126632214 0.460238457
    1.30421567 1.30216825 0.879716814 0.556355715 1.34804404
    -0.0307738781 0.315751374 -0.534569204 1.55174041 0.675037324
    -0.299670547 -0.000371396542 1.29404235 0.855916798 1.47173142
    -0.490526259 0.701869607 0.325398207 1.27322495 0.763710916
    -0.561177731 1.62836075 -0.190628409 0.804192185 1.30807853
    0.725039899 -0.295563966 1.36744916 0.114498675 0.60389173
    0.550934315 0.13839519 -0.549212754 0.154550314 0.86482507
    0.653970003 0.0214715004 0.613410711 0.0731200576 0.606100559
    0.0609899759 0.644777238 0.598297954 1.26339221 -0.309676558
    1.51160049 -0.0672847033 -0.170636207 0.876591504 0.8630445
    1.24726868 0.361165345 -0.546624541 0.873718023 0.164576173
    0.0541219115 1.39758217 -0.173673153 -0.438364863 0.946367621
    1.01337576 0.260164142 -0.226224333 0.865725398 1.06185138
    1.16861939 -0.11044839 -0.3586182 0.526201963 0.302402794 0.78095001
    -0.18516624 1.36273623 -0.472802818 -0.149632066 0.0811320543
    0.924304128 0.552732766 1.4290632 0.219473481 -0.466374576
    1.37128055 -0.328503251 0.176751196 -0.3183285 1.17417586
    -0.328352362 0.821017206 1.40788603 -0.169709027 0.525151312
    0.147781432 1.24509096 0.845919132 1.16364574 0.996136606
    0.314430296 -0.291676015 0.803990662 0.599429727 1.26872647
    1.03100038 0.653054655 0.645205259 1.02237606 0.590355456
    0.737633824 0.195453465 1.36351681 1.00709426 -0.604863167
    0.768826544 -0.356349289 -0.165323079 0.721834242 1.24577332
    -0.403912663 1.12613773 0.480791986 0.531980276 -0.378119349
    0.589696705 0.495839596 1.1452558 1.00449276 -0.0275568366
    1.09336996 1.33042216 0.128279179 -0.371427059 0.663196683
    0.0199747682 -0.116478145 1.44307196 1.33403468 1.04115677
    1.07400441 0.19898957 0.797896028 -0.531666756 0.404721618
    -0.463951737 1.43343329 0.670221388 -0.34002769 1.17262483
    -0.549878597 -0.56993705 1.56942987 0.69421947 -0.358877718
    -0.361552209 0.0345386863 -0.326597184 0.376150697 1.01294327
    -0.210139275 -0.439387769 -0.0106844306 0.105176866 0.0500043631
    1.39336443 -0.433804125 -0.171038449 1.55406022 -0.367190003
    -0.34858942 1.4572444 -0.261688679 1.27804029 1.00028515
    -0.0921937227 0.855043888 -0.400925905 -0.284061015 -0.261863649
    0.1899333 0.496104121 1.48328292 -0.150193304 1.5141356 0.80516839
    -0.46686995 1.06973398 1.44570112 -0.566453159 -0.20443505
    1.45299554 0.127955556 -0.376417637 0.878747642 -0.141780019
    0.0417779982 0.215433121 0.321323931 0.710959315 -0.165516794
    0.667052746 0.455593169 0.11796698 -0.109466285 -0.286157757
    0.079957068 0.835211694 1.06944907 0.759935856 1.00363088 1.43968654
    -0.146776736 -0.189654261 1.47236133 -0.0474062562 0.279702485
    0.245512486 0.821848094 0.203117251 0.589016199 0.608176947
    0.503578544 0.966911316 1.4729135 0.396767259 1.15564179
    -0.179427922 0.720235348 0.780092418 0.958115935 0.25449872
    0.452359498 -0.264660835 1.60678673 -0.626900673 0.567906499
    -0.543108702 -0.548408449 1.31224728 1.21554148 -0.638669968
    0.813392341 -0.165040016 -0.426769853 0.628391981 0.44922173
    -0.128224492 1.66454959 -0.432620585 0.388331294 -0.189901203
    1.52420771 0.0166827738 -0.471899003 0.0819539428 1.49238276
    1.00751853 0.090500474 0.996543765 0.882842124 0.0621591806
    -0.0893387794 0.88432318 0.797108233 -0.0411968231 0.98405534
    -0.384735763 -0.198210925 1.66379213 -0.173981071 0.131977141
    0.82893455 -0.53077817 0.4474352 1.29112101 0.684068918 0.0740396976
    1.45713425 0.244362712 -0.159007996 1.17063487 0.695154786
    1.29898977 0.605124295 -0.103114963 0.0349833071 -0.0667476654
    0.0236526132 0.529679179 1.32906365 0.495070755 1.03250766
    1.50119019 -0.214543343 0.106513292 0.752114058 1.18961978
    0.524875998 -0.460490078 1.4879421 -0.357063025 0.406353414
    1.30632031 0.336564094 0.479591191 -0.35718894 0.766919136
    -0.616782308 1.43263602 1.06341958 0.381163776 -0.477642 1.26568055
    0.573008716 0.0257219672 1.37411797 1.13530207 -0.207041919
    1.0671711 1.47514319 0.71728313 1.11504173 -0.146363825 0.485976696
    0.948546946 0.242024302 1.5267477 1.10436606 1.122787 0.0909869075
    1.14407206 1.53142762 0.0446327329 0.343649626 0.554228902
    1.16138148 1.12524652 0.935693264 1.33821547 -0.187188029
    0.412136972 1.30309927 -0.0839022696 0.263570309 1.32775021
    -0.505719781 -0.277010798 1.21882486 -0.408376187 1.045187
    -0.183347732 -0.192308933 0.697094858 1.0397706 -0.684245288
    1.44430423 1.55186415 0.077673614 1.56037736 -0.221220255
    -0.197287112 -0.544720173 1.33877933 0.211687982 0.223138213
    -0.290868163 1.44828939 -0.522379041 1.29947257 0.118187189
    -0.172998339 1.57713103 1.14874077 0.0644367933 0.111165702
    1.25014079 0.22063601 0.82105428 -0.165206224 1.46029949 1.02466393
    1.30957925 1.04557133 1.07627213 0.155858219 0.192014456
    -0.421563417 -0.101528704 -0.0503309071 0.983906746 1.45786858
    0.912231505 -0.689956009 0.891420424 0.0487323403 -0.130998403
    0.30319801 0.150369763 1.47642624 1.48435187 1.20451427 0.585027814
    0.727521837 1.34292126 1.38464761 0.807322562 0.239787161 1.47888768
    -0.266532362 1.2390362 0.85138756 1.60079634 -0.423297524
    0.226595819 0.342643082 -0.121865124 0.655338049 1.02389491
    1.51423264 0.0966182351 0.280511856 0.370534658 1.60070193
    0.179130435 -0.231576622 1.10475564 0.0621604323 -0.193990678
    -0.139829695 0.232370675 -0.236058295 1.00162125 0.404779911
    1.49504447 1.44475913 1.2228533 -0.258552521 0.115598738 0.15467304
    1.12440419 0.428457141 -0.492299616 1.46358311 0.347832441
    0.355646968 1.35754001 1.4053762 1.18544769 0.226704895 1.47218561
    -0.292801052 0.364972055 1.0649637 -0.059789896 1.04810727
    1.30862045 -0.541954041 1.23685122 0.404989064 -0.11118491
    0.67512536 0.570014119 1.31199849 0.77696836 -0.285155594 1.06001437
    -0.4057751 0.652297795 0.434686005 0.416257143 0.96859628
    -0.0412366092 0.351018488 1.36237502 0.138043106 1.05321193
    0.999123454 0.969331205 0.390087247 0.176974714 -0.47870782
    1.60329235 -0.17884025 -0.560667396 0.690235138 1.45405889
    0.0515984893 0.193040371 1.02165854 0.865571737 0.784912467
    -0.0272780955 1.74594092 0.466224492 1.37784815 0.0641978383
    1.11065149 1.51986027 0.97665596 0.950414419 0.501276195 0.861751139
    0.423345387 -0.190588206 1.10084915 1.08003449 -0.236539036
    -0.358955204 -0.189446896 -0.0235389769 1.21911716 0.478767455
    0.831407487 1.29670298 0.0661152005 0.593659222 0.00385570526
    0.389885306 0.517801344 0.648872852 -0.369765818 0.190184891
    0.928828597 -0.229651362 0.314308941 1.53683209 0.901517451
    1.64658821 0.515559494 -0.046133548 -0.35177058 0.0465382338
    1.46458519 -0.562234938 -0.0778235197 0.920272827 0.594902158
    -0.0252104402 1.35996342 0.129342258 -0.190842628 -0.361618102
    0.85553205 1.4131546 0.931472123 0.833326817 0.505153537 1.18361616
    -0.484896541 -0.348403156 0.126470804 -0.301610976 1.11118686
    0.510796249 -0.0323102772 0.0398041904 -0.439074606 0.880993068
    0.177504152 0.724520504 0.320876241 0.117901385 1.63041258
    -0.588380039 1.1015358 1.05292916 -0.434713542 0.70578444
    0.777382851 1.17354989 -0.141453445 1.06602335 -0.567632675
    0.347996712 -0.0966494083 -0.0322013497 -0.0788183808 -0.410147309
    -0.15446946 -0.211269438 -0.422770768 0.173033178 -0.566530585
    -0.0171044469 1.47399867 1.3855834 0.721626222 0.103266954
    0.745040894 -0.00735461712 0.402042687 0.0896192789 -0.572740197
    0.16501534 0.759359539 0.417036474 -0.258938134 0.764865458
    0.162505984 1.4221096 1.15092385 0.272264123 1.24126494 -0.185138851
    0.747068286 -0.225131422 0.114640713 -0.228013009 1.49132013
    -0.0313947201 0.772884727 0.297389209 1.10278702 -0.00406068563
    -0.117406845 0.623344719 1.20590222 1.04757881 1.05008161 1.36700654
    0.151980579 1.1255722 1.11736774 -0.468033701 0.487575352 0.83748883
    1.24047232 -0.425959885 1.27673364 -0.0867729783 -0.0571415424
    0.819159269 -0.0526207685 -0.315226495 0.799070418 1.55512357
    -0.735724688 1.44155002 -0.64222163 0.258592606 0.387948751
    0.4307307 1.29809177 -0.332052231 0.40855065 -0.320620328 1.09055448
    0.927420199 0.872433722 1.30977416 -0.495139778 -0.191126317
    -0.442146271 0.700159371 1.446527 -0.479269385 0.166753411
    0.134575665 0.703858495 0.333292305 -0.0505285859 -0.456876874
    -0.469418377 0.425757587 0.429710805 1.21793258 0.531852782
    0.395170331 0.977741957 -0.177612573 0.0933555961 0.454558015
    1.35923409 -0.0346063972 0.260954738 -0.0150083303 0.209004343
    0.407042503 -0.428147614 0.83112371 -0.390329689 0.832420588
    1.42796814 0.257624686 -0.421102673 1.41262233 1.3643465 0.938247263
    0.701205075 0.551884711 -0.626590133 1.52998483 1.26929724
    0.234396815 -0.30432111 1.14315045 1.33019578 -0.233568519
    -0.536634624 -0.0352649689 0.061324656 0.272566736 0.915596306
    1.47095764 -0.565013349 0.677816153 1.53343642 0.891878724
    0.859915137 1.21298862 0.126811028 0.125351608 -0.120965719
    0.3536852 0.461007416 0.0211387873 -0.321921289 -0.212002516
    -0.473859191 1.32379389 0.305017471 -0.649812818 0.859004319
    1.04883075 0.349422455 -0.144551754 -0.040964067 -0.180720747
    0.500391185 0.0329592824 0.105715573 -0.494647086 0.642835915
    -0.192745 1.27918196 -0.0402806401 -0.0155909359 -0.257256716
    1.31540465 0.0243270397 0.683129728 0.657835603 0.111068606
    1.15615821 -0.374276638 -0.329842746 1.09592021 -0.538642704
    -0.280738086 -0.453623861 0.85923636 0.674295008 0.29414922
    0.12798661 -0.479007602 1.15683937 -0.0811094046 -0.412522376
    0.737098992 -0.240974158 -0.23159796 0.851275206 0.560645342
    0.302210093 1.5618906 0.0897299051 -0.426632881 -0.023663342
    0.937617064 0.273767412 0.10044533 0.685739517 1.39818358
    -0.0387747884 0.347563505 -0.566538036 1.37124062 1.23063266
    1.1867013 -0.453480691 0.523056448 0.974792182 -0.232442766
    -0.161684871 -0.293063462 -0.125767499 0.936659575 0.913702905
    1.13704062 1.43378663 -0.01308918 0.441916466 0.705623746 1.51689649
    -0.00619119406 -0.0913249552 1.22570658 -0.320462286 1.43106604
    0.48300761 0.610591054 0.346621215 1.0058403 0.100239635 1.16661966
    -0.180753857 0.047802031 1.17448139 0.388265491 0.634449303
    0.518550396 -0.118742079 0.817742825 1.48550797 0.480214357
    0.00815922022 1.13745761 0.797023177 0.924493313 -0.278052837
    0.978961468 1.54059577 0.394817054 0.7681759 0.861148477 0.68594563
    1.05000877 0.768693388 1.10284865 -0.498839438 1.68060887 1.04988527
    1.12212539 0.543968618 0.612196505 1.27621543 -0.340299726
    1.43763232 0.0224244595 0.630916834 -0.603315532 0.534552038
    1.10988438 0.320724845 -0.102829158 0.684645653 1.20783556
    -0.435392082 0.250781238 1.27772248 0.562835276 0.655559182
    0.250467658 0.148477495 0.16884461 0.171349823 0.837213397
    -0.034404695 1.06934166 -0.452553809 0.149879962 0.403512925
    0.310037524 0.535587788 -0.502286017 0.259284258 1.4131763
    -0.228037357 -0.478841543 1.56586647 -0.493555546 -0.0926545262
    0.671527684 1.48511982 0.217024028 -0.139423251 -0.0857377648
    -0.450482577 -0.173373461 0.849907815 -0.193662524 0.993951678
    -0.321339488 -0.450924158 0.195159078 0.541958034 0.347520947
    1.16176629 -0.343991458 -0.230574861 -0.426582009 -0.138044029
    0.664318562 1.00822675 -0.250486583 1.13172758 1.47432423
    -0.431524634 0.414618552 0.37507683 0.0897042751 -0.136646092
    0.742065251 1.10330725 0.193104267 0.101965249 0.992139876
    -0.417297959 1.27307582 0.169533968 1.04311633 1.00483274 1.46567678
    -0.220695943 -0.444305867 0.177307844 1.42546916 -0.00599080324
    1.61378753 -0.192713439 -0.556854308 1.30840826 0.622287095
    0.824195921 -0.240176678 0.942231536 1.09846735 0.135955751
    -0.204356909 1.35380912 0.738327861 -0.229429692 1.07029676
    1.20355511 -0.0510437489 1.38046503 1.12212896 0.97979641
    0.518939257 -0.507553101 -0.358116329 1.62503684 1.04472375
    0.580057919 -0.0411794186 0.0580865741 1.28537011 -0.130539834
    0.0515790582 0.593734026 -0.348114312 -0.0608343482 0.75973922
    1.00599432 1.22392666 1.03887963 -0.198792934 0.600616038
    -0.201845944 0.163255095 0.0225616097 -0.258309275 0.442231238
    0.038831234 0.092302382 -0.59117943 1.54656971 0.195760787 1.5068574
    1.4101367 0.488331258 0.0301534832 1.01001942 -0.04722175
    0.965548754 1.04409647 -0.568214178 1.30575967 1.1110425 0.269512117
    1.45026779 0.737910509 0.343054771 -0.461282343 1.10556304
    -0.268916607 0.478432178 0.689693391 0.234682977 -0.343003273
    0.36339128 0.972344756 -0.292598784 1.49700022 -0.284576386
    1.55130851 -0.43058306 0.186108112 0.653961599 1.28713989
    -0.201732516 0.347996056 0.812062263 0.707107961 0.0768836141
    1.35775423 1.03395033 -0.00433123112 0.79334414 0.353731036
    0.273836255 0.690946937 0.518427432 -0.442477435 1.18124306
    1.36845756 0.285444975 0.447328389 1.19113278 -0.242264152 1.3480196
    0.515476406 0.863210618 0.901430786 -0.541610479 1.03082955
    1.3452847 1.33946967 0.141314507 0.878946781 0.563144326 1.34877765
    0.629618466 -0.0696629286 1.21765935 0.448112071 0.977550089
    1.04229498 0.418202817 0.716284394 0.323394597 0.359684944
    1.12119806 -0.107159108 -0.40159598 -0.247569665 -0.462566465
    1.34057629 0.744759083 -0.215218723 0.180191278 -0.406373739
    0.125595808 0.9658494 0.0497903824 -0.253340602 1.35865605
    1.15091252 0.799773097 1.32462347 -0.112015903 1.22348022
    0.352457345 1.29478776 -0.234134763 0.0705351233 -0.36665833
    1.55735183 0.705292642 0.948161304 1.12272012 0.843053937 1.61187255
    -0.511224091 0.292159021 -0.328975946 -0.14006263 -0.00490176678
    -0.516652524 1.28966236 0.047968328 -0.0233928561 0.83630538
    -0.0057592988 -0.328572989 0.698638558 -0.149672061 0.870781302
    0.75666821 0.346862793 1.43661022 0.777337015 0.524799407
    0.508958459 1.59442735 1.53868437 -0.312320441 0.108205497
    -0.349381536 -0.00326621532 0.353733063 0.731629908 -0.352518588
    1.55931735 -0.217032135 1.45650721 -0.146496505 0.981635213
    -0.232735902 1.29202986 -0.376979738 -0.306932151 0.160842597
    1.1577493 0.44487375 0.478384674 1.20356202 -0.269288182 0.279055893
    1.49638116 0.331204832 1.19689643 -0.117275536 1.26258922
    -0.274924546 1.01562285 0.877552629 1.03590906 -0.0161671638
    -0.191582888 0.945627391 1.24736714 1.1550703 0.44764924 1.39273787
    0.781319201 -0.457275033 1.48043942 1.30961275 1.47890639 1.03029358
    1.42828321 0.853923023 1.33915973 1.47938108 -0.355153173 1.15475345
    0.00811177492 1.5116663 -0.297669232 -0.385133415 1.39527035
    1.41140795 0.246705294 0.514871597 0.92860961 1.22339213 1.50960386
    0.120190084 1.08870494 -0.0617109537 -0.518207014 1.51002693
    1.55142879 -0.510222852 0.983721912 0.859508455 0.550549388
    -0.349392861 1.6695776 1.57275367 0.396423757 1.1338532 -0.409732819
    0.417591453 0.940688014 -0.514942825 1.58643079 0.0582408905
    -0.132680804 -0.495963514 1.27810717 1.04640722 -0.405727893
    1.54280376 -0.669996977 1.30208921 1.05282211 -0.500877202
    0.422812819 1.03876829 0.789539158 -0.493257731 0.995623708
    1.08570242 0.276494324 0.826024175 -0.419088274 -0.0455772281
    1.14817619 1.20258594 0.589030206 1.56801534 -0.385709018
    0.0345011353 1.4687109 0.178948224 1.42719209 0.958604872 1.04004622
    -0.173474133 0.53853327 0.895809531 -0.412266672 1.35708404
    1.19845319 -0.150139958 0.835223258 0.809420049 0.72719723
    1.19911003 0.070681572 0.842747092 0.668545902 -0.196004778
    -0.223654449 0.729934692 0.497280538 0.378719211 0.331755966
    0.102427602 0.689936996 1.31773293 1.24225998 0.734092116 1.51853752
    0.0377829075 0.54641515 0.343250275 1.37826037 0.844265819
    1.58359969 0.173325181 -0.250699252 0.599146247 1.44594598
    0.135184169 -0.459549427 1.53373718 0.674477458 -0.455444515
    0.472976863 -0.197556078 0.745057106 0.222996414 1.53274953
    -0.50494051 0.78336525 1.36021805 0.0174415112 1.15814853 1.07134449
    0.820818603 -0.527926803 0.872340858 0.732713759 -0.652507007
    1.32259071 1.54933357 0.835569322 -0.480568647 0.653710365
    1.34624815 1.5377748 -0.198700845 1.25442171 -0.376038581
    0.313248992 -0.148302495 1.46238256 0.675371587 -0.40090394
    0.476455152 0.706862271 -0.299934864 1.16793323 1.34019732
    0.827553451 -0.579543471 1.19079399 -0.321683317 1.27274704
    0.597774744 0.239696383 -0.220059305 0.0433618426 1.07377887
    -0.182671517 -0.244007736 0.180626512 0.0503849387 0.584862351
    0.0267212987 1.2767508 0.139068484 0.786945999 0.572802305
    -0.0224047005 1.31237388 1.34292459 1.14785373 0.869346321
    -0.336086839 0.276840627 0.0766629577 1.39551687 -0.384228349
    0.886931002 0.684547126 0.0391644835 -0.0821737051 -0.331466943
    0.844838142 0.560440242 -0.213738829 0.251243949 -0.0570478439
    0.166493386 1.35796738 0.15472585 1.08447158 1.60729694 -0.195714474
    1.02484643 0.369950116 1.52756858 1.16682196 1.42770362 -0.103939176
    1.01358771 0.699458718 -0.0418625176 -0.299099952 -0.187100649
    0.821600795 0.919688284 0.19275707 0.00189578533 -0.104194045
    0.00324034691 0.787260175 -0.338442206 0.262948811 1.03673387
    0.334471405 -0.135581821 1.0167681 0.862225056 0.993952572
    -0.229596436 1.39759982 -0.0134198666 -0.44966954 0.346738935
    1.0338521 0.941492975 0.519845605 0.251659483 -0.307931751
    0.575381517 -0.263394505 0.757876098 0.919870317 0.803194225
    0.833180726 -0.435455382 1.36270022 1.19710946 -0.386548042
    1.17461252 1.03086567 0.79069978 0.179635048 -0.321448654 0.25374189
    0.234488159 -0.187037826 0.754214704 0.216503859 0.664263844
    0.0156089664 -0.160421729 1.40100098 -0.200845301 0.727846324
    0.393909097 -0.104653388 -0.428221166 -0.0665051937 1.48742223
    -0.530644655 -0.057541728 1.25941014 -0.0529800653 0.354643881
    -0.340987474 0.365115225 -0.384777337 0.788012922 0.512296975
    1.04944217 1.15030265 -0.387905568 0.443068564 0.105666161
    1.38190699 0.892760158 0.9666453 -0.484125763 0.31618154 0.12135005
    -0.529854417 0.986645997 1.58559656 -0.34007597 -0.139228582
    -0.18260783 0.311467528 0.499852002 -0.0219897032 -0.00237363577
    1.11054063 0.767061055 0.0470321178 0.744177878 0.593042791
    -0.381385744 1.51188672 1.21212268 0.39263612 0.636632383 1.01608562
    0.718446493 0.669194996 1.18347394 1.19447112 0.806528091 1.14643192
    0.633632898 -0.220814586 -0.149995804 1.54082716 1.17674232
    -0.429279089 -0.315656751 -0.480441928 1.46466231 -0.444311649
    1.24447799 0.164839983 1.59825826 -0.540215731 0.391520977
    0.0749528408 -0.27995494 -0.42834121 -0.196850985 1.37520349
    0.931770802 0.641871035 0.623753428 0.548575759 0.241206527
    0.810744524 -0.297349036 1.13460612 1.16640615 -0.133275449
    0.801605523 0.797257423 -0.138433814 0.974284291 0.30463782
    -0.0434830487 0.105189204 0.752226591 -0.236733764 1.30320501
    -0.234112501 0.00246059895 -0.488684952 -0.28125295 0.883236289
    1.40449655 -0.0640746355 -0.180630326 1.05172253 -0.304753423
    0.370746017 -0.00567007065 1.31061363 -0.487372875 1.42621076
    0.307779193 0.290893972 0.360723972 1.53946471 0.468338728
    0.272270799 0.250060678 0.62822485 -0.437630236 0.205353796
    0.410903394 0.551876187 1.24400926 0.96641475 -0.749734342
    0.232406735 0.367179871 1.23743379 1.09333682 1.46168685 0.485401809
    -0.0685771108 0.806666374 0.263043463 -0.239415646 1.27630687
    -0.32863155 -0.136765897 0.937760115 1.53527856 0.587161899
    1.50655723 0.351132393 1.4315145 -0.219415694 -0.213208273
    0.244252801 0.0381371975 -0.189554542 1.12037849 -0.17778039
    0.627697587 0.276685834 1.5187515 1.30997205 1.2227422 0.0459468365
    1.30867124 1.18488812 -0.237175137 0.0581629872 0.942888439
    0.54191947 0.570789158 0.865436077 0.708052814 0.621544182
    0.313586593 1.32257795 0.810054421 0.0610691309 -0.05685395
    1.18127012 -0.366255283 1.22566462 1.08156157 -0.474083394
    0.325351655 1.19456291 0.697612643 -0.202430427 -0.323420972
    1.20053148 0.527894914 1.51996779 -0.509527624 -0.275072396
    1.47892666 0.139694333 1.57124138 -0.0762928128 1.01736927
    -0.0955964327 1.3403374 0.175593495 -0.168512374 0.173750222
    -0.291266292 0.143698335 0.358678341 1.00175047 0.148924708
    1.26328158 -0.383260667 0.188360572 1.37676489 1.53025031
    0.727384031 1.38429093 -0.271305412 1.28750753 0.901386261
    1.57556629 -0.355026275 -0.294878662 -0.364839226 1.43255138
    -0.171969622 1.11096501 0.0606575012 1.1640588 1.38551188
    0.131102324 0.0470315218 0.341177523 0.323614955 1.36805093
    -0.100082278 0.949956119 1.15354991 -0.402589202 0.858135104
    -0.329377711 0.823785126 0.410584807 0.147889137 1.59823155
    0.0212144852 0.503976107 -0.304243386 0.521282554 -0.507009447
    0.973101556 -0.303111613 -0.391634405 1.17174828 0.0474597216
    1.02415681 -0.26341635 1.23089564 -0.284922034 0.204585433
    1.35882592 0.553308487 0.797252655 0.745591462 -0.0801416636
    1.30161226 -0.102958441 0.0371753275 -0.456528068 0.588227868
    -0.327596933 1.25771141 1.5838809 -0.164457411 0.104749829
    0.20656395 1.1583395 0.374107718 -0.195397317 -0.517477393
    -0.159425855 -0.554865003 0.7700544 0.454404414 0.126687467
    0.0701636672 -0.430607677 0.727967322 0.615495622 1.0648725
    -0.516313255 0.643491328 1.42514777 0.119755983 -0.353869796
    0.412424564 -0.256679624 0.213480711 1.15345788 0.86993587
    -0.236662179 1.37533259 -0.221099883 -0.41866833 -0.453895956
    0.690286338 0.238673925 -0.277175516 0.070276022 1.04023278
    0.33543241 0.302974701 0.438857496 1.10438764 -0.44799611
    0.888515174 1.04864717 0.327568054 1.04295588 1.02314258 0.819289625
    1.24091816 -0.119337857 -0.466361821 0.519654751 1.20268118
    1.51247764 0.671293736 0.0334002376 -0.0829577446 0.700779617
    -0.578864038 1.48069048 0.302621663 0.252864778 0.766364038
    1.69120288 -0.400599509 -0.306714237 1.28206635 -0.427217126
    0.649305761 -0.265901506 1.31003869 0.289291739 0.0487609506
    0.339531302 1.15121174 1.13788795 0.805822849 -0.117906153
    0.775606096 -0.486059248 -0.239259869 1.14073944 -0.337595254
    0.0676639974 0.0429757833 0.534249306 0.903773904 1.36530042
    0.330463409 0.565246701 -0.360972494 1.30309176 1.35536635
    1.10228992 -0.52696234 1.53010511 0.275839627 -0.0097091794
    1.32824934 0.0551493168 0.814456999 0.503709078 0.961972773
    0.763645291 0.432678401 1.3389039 -0.0952904224 0.969987154
    0.0760612488 0.463804305 0.71232444 -0.402953327 0.28182292
    0.936149955 0.946157277 1.47287107 0.599212289 -0.401682973
    0.529370546 0.37098366 -0.188759625 -0.311008126 0.864287436
    0.1654118 -0.0916313529 0.0155059695 1.64008176 -0.195317179
    0.786241114 0.505145848 -0.624060988 -0.143025815 0.637297332
    -0.00300139189 0.489215672 1.58901763 -0.0438160598 -0.427612722
    -0.389704019 -0.056535691 -0.377331138 0.295498133 1.49623644
    -0.390759081 -0.0690710545 -0.590542495 0.574199259 1.31536591
    1.43876827 0.495555878 1.74042988 0.588598788 -0.3788293
    -0.348770231 0.725995243 1.29429102 0.96665448 0.573420763
    0.527590215 -0.176634669 0.624836624 -0.312644631 0.633069396
    0.20573175 -0.090400815 -0.102944106 0.690169394 1.24381721
    0.263064086 0.667883992 0.152020991 -0.0275696516 1.06606579
    0.777757704 1.06496048 0.40882504 1.11725283 1.5506053 0.591795266
    0.775505841 0.305729866 0.682866335 1.4782958 0.452025473
    0.290689945 1.32702518 -0.594552994 1.36083114 0.288936377
    -0.462920785 0.922039688 0.746810734 1.36801648 0.255033314
    -0.104597718 0.538554668 -0.337317437 0.826328695 0.171992779
    -0.272321969 0.842901051 0.0881205201 -0.120228589 1.55588126
    0.622959971 0.662139356 1.31940627 0.910149395 0.841257155
    -0.167582929 1.40391278 0.337942183 0.59863472 0.551613688
    1.31723022 0.301753998 0.141848683 0.586729705 0.678098202
    -0.405925333 -0.336583078 -0.024634093 1.54291463 0.30980587
    -0.488113642 1.21400857 1.09503531 -0.500970781 -0.222158939
    0.186187804 1.6479528 1.06042004 0.810716331 -0.0434647202
    -0.217931151 -0.154275119 1.43757725 0.828700304 -0.428109109
    0.254951119 0.664824247 0.879981995 0.729841053 1.05536222
    -0.461421311 0.548400104 -0.214467436 0.301683545 0.962892532
    0.46446389 1.60733008 -0.355635941 1.6192019 0.0730655789 1.4422648
    0.402592719 -0.138241023 0.181246191 0.436045021 0.573250771
    0.679850101 1.2467742 1.35080409 -0.575950086 1.49307823 0.550011277
    -0.221672416 0.125332057 1.37033463 -0.033911705 -0.0470130444
    0.739601433 1.01934218 1.15832162 0.433936059 -0.0659849644
    -0.246244341 0.4112252 1.25497127 0.296947718 0.777158439
    0.430644929 1.07416558 0.572740078 1.4633441 1.55185556 1.08414352
    0.871682346 1.47198606 -0.0355946422 -0.435073137 0.602869987
    1.51577616 0.343228698 1.11400747 0.338102341 0.972309291
    0.840292633 0.585837007 0.981334269 -0.762184024 1.42922926
    1.33294618 0.322296143 0.805050313 1.27272558 -0.227709174
    0.967479527 -0.0225000978 0.928619742 1.04135847 -0.60010469
    1.41022539 1.2302767 0.681572795 0.833754122 0.665992677 0.52561903
    -0.0230998993 1.21434557 0.609710813 -0.384375334 0.294030845
    1.53465509 -0.518358171 0.431842446 0.832905293 -0.211863667
    0.557739317 0.490704656 1.07703543 0.60416913 1.14325356 0.945347369
    -0.00462627411 0.861869216 0.697757185 1.58368242 -0.443840593
    -0.159158677 1.59911561 1.13006067 -0.581308484 0.70939976
    0.890889108 -0.553627729 0.713564396 1.02773428 0.237024724
    -0.592263043 0.871412873 1.07656789 0.840755522 -0.30660367
    0.921481133 0.569811404 1.00759029 0.424706459 -0.280178934
    0.520126998 1.41947937 1.44074547 -0.143014312 1.50203693 1.20103788
    0.93764323 0.0902943611 0.683792651 0.155050635 1.07925391
    0.0344856977 1.4396317 1.01837659 -0.144780159 0.234225452
    0.21213603 1.28753757 1.45404041 -0.0702989697 0.396944106
    -0.244250327 0.56586355 -0.412573516 1.58591866 -0.38724184
    0.951305568 0.743292451 1.46472192 0.968918145 0.421136379
    -0.38138783 -0.417841434 1.05751204 1.29638326 1.4731245 0.234180331
    -0.428389013 0.448969722 -0.0433622599 -0.414220572 1.28143144
    0.567902088 -0.223028719 1.18578112 0.257612765 -0.462908119
    -0.423686177 -0.385640919 0.9794451 0.463457525 1.49407053
    -0.365663618 0.219591498 -0.411739796 1.60456169 -0.481883585
    -0.29209578 1.02416539 0.0776731968 0.213773608 0.321116388
    -0.287549645 -0.189292401 -0.303633988 0.511815369 -0.151507437
    0.748428106 1.13249755 0.247421503 -0.164908201 0.738548517
    1.17511928 -0.17468819 1.05426633 -0.119706571 1.50777102 1.06391764
    0.476382315 1.27932954 1.47358382 0.114311814 0.516443849 1.01468968
    1.31285703 -0.48110193 1.0838573 0.763305068 0.116706073 0.512109876
    0.614073813 0.0952020288 -0.148795873 -0.202357084 1.30121756
    0.428719819 0.766168892 -0.199354291 0.519160628 0.942723274
    -0.633853734 1.50863075 -0.328093112 -0.417991519 0.866645753
    1.06861329 -0.185258806 -0.353758246 0.303418875 1.49576259
    -0.0658383369 -0.00712174177 -0.539669454 0.301385343 0.683709264
    0.499164343 0.345344901 0.154879868 0.199976921 0.719115436
    0.664201796 0.357492745 1.04105592 1.02360034 0.718979001
    -0.337060422 0.474753916 -0.23809886 1.16313994 0.147784114
    0.796350658 0.795884073 1.03589332 -0.189355671 -0.244523138
    1.3796953 1.23802376 -0.342865914 0.0234186053 1.10728002 1.03085196
    -0.05684793 0.611032963 1.09531331 -0.434836537 0.626315176
    0.131820083 -0.394101948 1.23368716 0.380830169 0.659491122
    0.508847475 -0.319696009 -0.138132215 1.01436138 -0.338675916
    0.0837429762 1.40920711 0.17926681 1.17451334 1.35894346 0.125128448
    1.25592542 1.4833585 1.03691518 1.31394291 1.43603599 0.0993900299
    0.00225824118 -0.0533586144 -0.161740631 0.0919165611 1.73305035
    1.2776711 -0.00259119272 1.23736238 -0.367296487 1.315938
    0.859428763 0.170744658 1.30180955 -0.717351615 1.09880614
    -0.394466847 0.319908738 1.41226578 0.164232194 0.454815626
    1.28752828 0.298104227 -0.574324787 -0.0881981254 0.624759734
    -0.195213914 -0.0773043036 0.0778505206 0.753617108 -0.0909764171
    0.450495541 1.04278517 0.909740806 -0.604820251 0.95741719
    0.229555488 1.45989108 0.715854466 -0.0157513022 1.29377401
    1.15768611 -0.576778054 0.248342693 0.863295019 -0.18408981
    0.950039327 -0.152963609 -0.411123216 -0.239836037 -0.0927137136
    0.0236784518 -0.0220241547 1.47568393 1.05736268 0.182545781
    1.55277944 -0.322412491 -0.233861983 0.903948009 0.805107832
    1.28461146 1.1486218 1.4733417 0.484056234 0.294729352 0.202963054
    1.4259901 0.593627572 -0.190158635 0.95295155 0.44802314 0.502943635
    0.0883018374 1.09803474 -0.388430446 1.45856059 -0.2567693
    -0.315519929 0.884849727 -0.153363347 0.941937327 -0.278506994
    1.39350963 -0.52728343 -0.226031452 0.447828948 0.869149446
    0.744621575 -0.574766338 -0.161084235 0.902328014 -0.524855435
    0.49446255 -0.150183439 0.417352438 0.798827887 0.263235331
    1.49056959 0.752509713 0.419768393 0.0956792831 -0.568647623
    1.40072513 0.758006692 1.15813231 1.3441875 -0.368072927 1.24815881
    -0.580045462 1.0601809 1.63289952 1.15976596 1.3188144 -0.486212641
    0.410518646 1.42487991 -0.454408228 -0.104337513 0.328947902
    -0.334143639 0.0523024201 1.38402295 0.211917937 0.910078466
    1.44759321 -0.00467312336 1.14574564 1.27633286 0.416556358
    0.0878756642 1.33532989 0.385637164 1.22747386 0.773713887
    -0.50710845 0.751494527 -0.224330574 -0.493142098 0.646261513
    1.54625154 0.973655045 -0.272458196 0.931056321 0.474915981
    0.986423671 1.068663 0.326111555 0.804453433 0.988760948 0.285798073
    0.160830259 1.57919192 1.26793301 1.0668788 0.322128057 1.37207818
    0.966648877 0.756341279 -0.27607584 1.04794693 -0.513021588
    0.17840448 0.237836242 -0.431595922 -0.198812902 0.193473071
    0.387694567 -0.232146591 0.209578931 -0.322649628 1.01658082
    0.90252465 0.227774024 1.48726654 0.235492766 1.38585043
    -0.401996851 0.695887506 0.745404303 1.3696214 -0.516873896
    0.603592098 1.38791049 0.413870454 0.491401732 1.61400998
    -0.626469314 0.746622741 -0.132087797 -0.458850235 1.43945622
    1.21504784 0.297779858 0.637767732 0.677495956 0.300200999
    0.0616799593 -0.602276504 1.3180846 1.43948126 -0.264931977
    1.37790418 0.312769413 -0.257529527 0.860672534 0.970251918
    1.36595917 0.309569418 0.596021712 -0.373010576 0.496707976
    0.543702066 0.785174429 -0.423988551 1.06724799 0.0930763483
    0.9119488 -0.285885304 0.793276489 1.44956422 -0.0272057056
    0.856568098 1.06748748 0.877340496 1.16203487 -0.46337229 1.20692623
    -0.0596420765 -0.497084051 -0.388028771 1.15819478 0.465659082
    -0.101667762 -0.259082615 0.975516021 0.662791312 0.144570649
    -0.367624581 1.38221312 0.475814044 -0.122492045 1.22832704
    0.965070844 -0.432107121 1.55289912 -0.173833162 -0.433006108
    1.18338037 0.673165083 -0.596683681 0.137265623 -0.38525027
    0.35074383 0.321938396 0.197483242 0.772709489 -0.00917768478
    0.545280695 0.395648777 0.105448246 -0.229224592 -0.379443109
    0.776956677 0.247041047 -0.114855319 0.462007165 -0.0315469503
    0.147613645 0.706429243 0.728856862 -0.491908073 0.934207559
    0.711323678 0.142076671 0.386641026 -0.118919283 -0.377313346
    0.820886195 0.481833637 0.536404192 0.587290585 0.892531514
    1.35195005 0.318430662 0.751464963 1.54140818 -0.387428671
    -0.403352916 0.426924586 -0.0989536941 1.30780172 0.525518537
    0.0791836381 -0.37262705 1.08838177 1.04016137 0.559159636
    0.119269788 -0.081448704 0.30400914 0.103495777 0.786306322
    0.40882796 1.169608 0.611575723 -0.380736589 0.899269044 0.477703452
    0.736038804 -0.0640152693 0.882177114 -0.485321462 -0.390253663
    1.35043466 -0.610098302 -0.230624825 0.780146897 0.376009047
    -0.0832279325 0.0181402564 1.10037279 -0.112806082 0.268676996
    -0.241279423 -0.453068286 0.710709333 0.30248934 0.747883439
    0.959864736 -0.0719963908 1.24010313 1.21292043 1.03424275
    1.05543101 0.941552639 -0.048347652 0.293728113 -0.00888383389
    0.327169538 1.41398549 -0.00548112392 -0.0985088944 1.00244689
    1.13725138 1.11049533 1.46183407 0.179837763 -0.389798045
    0.631679893 1.20878553 0.0448181629 1.33993316 -0.358887404
    1.52245808 0.374343395 -0.071896553 1.20201838 -0.632466376
    0.638771355 0.864171147 -0.17255944 0.677805841 -0.0607435703
    1.15740883 0.78251493 -0.306548148 -0.208164662 -0.49778384
    1.18358803 0.657124758 -0.202465326 0.0238001943 0.3455531
    1.33070779 1.28632653 -0.201502204 1.3803395 0.79442662 -0.486848354
    1.02794838 -0.45753175 1.27303457 1.17928123 0.743217766 0.300434351
    0.921599925 0.628820956 0.580734253 -0.423218548 0.415127933
    0.743251503 0.363080263 1.21465814 0.914902151 0.888888955
    -0.174494922 -0.421100378 0.399255514 -0.139706671 0.610437214
    -0.327212095 1.66039848 -0.421329677 1.1412797 1.44334364 1.4123584
    1.0612731 -0.458969057 1.02743053 0.56541276 -0.462740511 1.27567792
    0.792168856 1.12938941 -0.0160112977 -0.405957341 0.630643249
    0.237754792 -0.210209101 0.287268341 1.57003546 0.816417992
    1.70623648 0.638379157 0.118499577 1.40161121 0.870972991
    -0.0625283122 0.77961731 -0.279657871 -0.0660561323 0.785204351
    0.503387749 1.34234405 0.794247508 0.639155209 -0.0296887159
    1.42718363 0.0689789653 0.879637122 0.0487653017 0.74402076
    1.39895272 -0.0355687141 1.00411606 1.30424583 0.97801435
    0.421339095 1.53166533 1.29431343 1.61325479 -0.101930559
    0.267810106 1.53393829 0.716498554 0.553300738 0.665076971
    1.07564545 1.28833127 0.111658871 0.831876874 -0.5623734 0.566771269
    1.37054348 0.166162014 1.58911133 0.705483556 1.14135468 0.525088727
    1.73239827 -0.375918597 0.540680945 1.51197994 -0.525463223
    0.543428004 0.55714941 -0.547865868 0.677532017 1.20411682
    0.396027327 1.08043587 -0.405380011 -0.116960406 1.00438416
    1.57179546 -0.0162270665 0.747242332 1.57527065 -0.0173930526
    -0.206680536 0.485943913 1.14394033 0.0567147732 0.636735082
    0.385664821 -0.0305098891 0.662615597 0.76106751 -0.0895259082
    0.840350151 0.163198352 -0.146870494 -0.0203678608 1.27088106
    -0.483378977 1.3696022 0.580425739 1.05616248 1.62365603
    -0.595713437 0.454762042 0.980522752 1.0768292 1.31622362
    0.369390726 0.927433193 -0.154653192 -0.556693673 0.943283081
    0.0611031055 -0.279748023 -0.138819754 0.0157138705 0.618860662
    0.205346406 0.763140142 1.29141021 0.553614378 -0.240659803
    0.848904669 0.604583621 0.143144548 0.909490228 -0.170047641
    1.16964221 0.190696537 0.17617631 0.168539166 0.0629740357
    0.483430028 -0.648322284 1.51843524 0.773801923 -0.106911451
    -0.0678737164 0.400700271 0.213821769 0.749854922 1.11967516
    1.2010622 0.849096179 0.683188081 -0.0172261596 0.0170092583
    1.13524055 0.668809772 -0.317647815 0.945478201 0.1180408 1.57176685
    0.518697739 1.11299825 0.577138603 1.52956367 -0.433612585
    0.195067286 -0.507163167 0.838537037 1.40921187 1.32697105
    0.0725156665 1.52805257 0.35932529 -0.293027371 0.323539615
    0.422569811 0.802278221 0.637361348 0.0400292277 0.666781485
    0.88252753 1.1954782 0.836676121 0.450024962 0.360610545
    -0.407045752 0.832558751 0.939260542 1.32323098 1.210922 0.534892142
    0.871709466 -0.404336572 0.583705485 1.55629086 1.05090618
    -0.320604861 -0.372405767 1.49892211 0.749404013 0.466300011
    0.84855628 1.47956538 0.642428517 -0.175124228 1.22193098
    0.531062126 1.42682827 -0.625534058 0.0781596899 0.161512196
    1.31492901 0.857084215 1.20520735 0.409941316 0.685335755 1.21548653
    1.00321972 1.00501442 -0.261897326 1.46434271 0.943946302
    -0.249373287 1.27659249 0.38909924 -0.446437627 -0.351717025
    1.57822752 0.106003642 0.644097447 -0.510053277 0.693052828
    -0.536875367 1.52520025 0.69032079 0.636104941 0.803340673
    -0.345557153 -0.0120232701 0.0137104988 -0.0881279707 0.354890347
    -0.398262262 -0.00261282921 0.229596794 1.25329781 1.3589592
    -0.0368840098 0.761018753 1.03497505 0.972949624 0.868702173
    1.09000468 0.695672691 0.799638033 0.327156723 1.55848765
    -0.526349902 -0.393365264 0.0930548906 -0.530718803 -0.0406380892
    0.557678878 1.20889425 1.4408319 1.01263857 1.33485007 -0.351525873
    0.225465834 0.846013904 1.02355587 1.20982718 -0.158673853
    0.24807024 1.55421567 -0.599511325 1.51395106 -0.241764992
    1.60145259 -0.238292962 0.560009778 0.449293017 -0.0678145885
    -0.359757632 -0.37001878 1.12349749 -0.634598076 0.975196183
    1.40320325 -0.364948243 0.114006102 0.219164729 0.507107675
    1.29258513 0.0471342206 0.641672075 1.15597773 0.455226362
    -0.053455174 1.10216212 0.898515642 -0.503204644 1.2308799
    -0.265483052 -0.476993144 0.281312525 -0.443306983 0.406526923
    1.11006355 -0.58803755 0.133876801 0.176354349 1.05594099
    -0.02800107 0.457344949 0.413275659 0.286308348 0.652704716
    0.925622642 1.14570165 0.0042424202 0.275344193 0.554078937
    -0.213569492 0.54148519 -0.297919929 -0.352523416 0.468142688
    1.07554448 1.26746547 -0.252621889 1.31909275 1.00225759
    -0.595664322 0.441606998 0.29824537 0.265338659 1.65258884 1.5645963
    0.944403172 -0.450887978 1.25335479 -0.228174329 -0.203026205
    0.939480662 0.769500196 -0.121161997 0.907077551 0.446551859
    1.33345842 0.82571435 0.358766645 -0.0923591256 -0.0815172791
    -0.0399454832 -0.572973013 1.06114817 1.37849355 -0.0144402385
    -0.33706212 -0.225814998 1.40549183 0.819461226 0.351948798
    0.202567995 0.875639796 0.485858798 1.02859235 0.149424314
    -0.457630426 0.713696241 1.02991271 1.46331 0.917191565 0.980810702
    1.26333892 0.595118523 -0.344841003 1.13490462 1.28127384
    -0.331787467 -0.194741726 0.50609684 -0.0898652077 1.39814687
    -0.205702543 1.55028486 0.764660001 0.334952235 0.741021514
    1.52491999 0.854403436 -0.437336564 0.393096328 0.723637164
    1.53643131 0.312666118 1.25737858 0.483683705 1.64058113 -0.28641054
    -0.221980572 0.422056437 0.850978971 -0.311939031 1.08940315
    1.35732818 1.10759354 1.11615932 -0.646607041 0.991608679
    -0.352158576 0.351791263 0.0188660026 1.3432343 -0.324816018
    0.889126182 1.33539784 0.134319723 -0.285998613 0.728062868
    1.35189581 1.17067194 -0.0282313824 0.259453177 -0.0981616974
    0.327297151 1.39714694 -0.23314476 1.24707079 -0.369884014
    0.601272166 0.138955951 0.979562998 1.3355329 -0.0993091464
    0.281412303 0.934014142 1.0206902 1.15804839 -0.240420908 1.31477356
    1.4016912 -0.588452101 0.203082383 0.240312636 0.583048522
    -0.0529524684 0.426702261 0.548108518 0.51012522 0.151693881
    -0.119594038 1.21323168 0.545171142 -0.113526285 0.700507641
    0.81062305 -0.143587947 1.3893677 0.486594141 0.654273629
    0.357318699 1.51040542 -0.586050093 0.50347507 1.55983603
    0.490853429 0.887141287 -0.121853024 0.559656322 0.177022874
    1.26482832 -0.553684831 1.02602565 1.00956655 0.127249122 1.29314411
    1.35067391 1.24806905 0.531100094 0.424306154 -0.147758722
    0.613383055 0.89164263 1.41013432 0.178876221 -0.352932453
    0.958767295 1.08836579 -0.400063723 0.7970981 0.215525687
    0.647117913 1.6435771 1.00056195 0.219067097 0.429741442 1.58709717
    1.09288597 1.14655411 0.654390514 0.230313361 1.12350237 0.413376391
    -0.215721309 0.566990852 1.13875031 0.813067615 -0.592667758
    0.85922277 0.795609534 0.515690386 0.587750852 0.0252643526
    0.0776841044 0.868602335 0.553874731 0.981913745 -0.193473995
    -0.758055925 1.53207731 -0.574915171 0.00931698084 0.371090591
    0.962130308 0.176140785 0.497923255 1.37711787 0.741308331
    1.29848075 0.384813249 0.189641654 0.392622501 0.236463159
    -0.259939194 0.0614873171 0.184036791 0.82578361 0.0197132826
    1.31651831 -0.181588233 1.32138872 1.38577223 0.986662626
    0.403669953 1.09935224 0.547573328 0.72607404 0.785528958 1.30912042
    0.173665822 -0.474695206 0.480270267 1.54378474 0.513952911
    0.104180813 1.20579565 0.174194694 0.178160846 0.514066458
    0.197141886 -0.00710743666 0.977191746 1.16924906 -0.139546752
    0.79825151 1.03538656 0.474231422 1.40855777 0.439473152 1.40003443
    -0.505909681 0.670867324 -0.0342763066 0.862487555 -0.0369836688
    0.376540422 -0.310305715 -0.175501615 0.293165028 0.279686213
    0.661394119 -0.178870022 0.509993553 0.551047921 0.183161318
    1.3687346 0.927902222 0.717622936 0.906155884 -0.468754888
    0.174180984 0.0500570536 -0.233083963 0.521157146 0.0358000994
    1.24705338 0.149097979 1.20758605 0.831014156 0.268636167
    0.738740861 -0.30182901 1.36545658 -0.258406013 -0.419522494
    0.187155247 0.0782547593 1.5094049 1.32104874 0.79699856 0.956537426
    1.3556937 0.246820807 0.745320439 -0.267088085 -0.0897384286
    0.187219262 -0.375324607 0.303728819 0.40360719 0.666557491
    -0.298019618 0.389830291 0.0382907391 1.17821932 0.727466762
    1.26267004 0.548988521 -0.567301393 0.634803057 -0.213673353
    1.70091403 0.247077048 0.176555097 -0.153911948 1.03123403
    0.303278565 0.0193232298 1.40820563 0.000238955021 0.593617797
    1.30102992 -0.590669274 1.38502884 0.701595843 -0.490695119
    0.0070746839 1.26000166 0.00888299942 0.810432553 0.258122325
    -0.401016772 1.25786567 0.295448542 0.0293856263 0.0339336395
    -0.0873362422 1.16672599 0.319914162 -0.334135205 -0.123328388
    -0.663235307 0.993202627 1.35694349 0.969457328 0.268894315
    1.40471578 0.773534 -0.0241623521 -0.253724813 0.125100136
    1.29754972 -0.502444029 1.59759164 -0.536619723 1.56196141
    0.804891706 0.209155321 1.37350798 1.08053041 -0.525162935
    0.686334074 -0.478404909 1.04006541 1.15242243 -0.46400407
    0.951314986 0.749371052 -0.200087219 1.51527381 0.640504777
    -0.160861611 -0.353942782 -0.120102525 -0.536974907 1.05509377
    -0.338871717 -0.0455267429 0.826441109 1.44745755 0.349925697
    1.43974876 1.18739653 0.236142457 -0.224934995 1.16977727 1.06364346
    0.116201997 -0.310484439 0.855967939 0.669683754 0.706305623
    -0.381203592 0.695216417 0.490291357 1.34745479 0.141936362
    0.900771856 1.06436133 -0.128427893 -0.0755339265 0.354605377
    0.0297316313 -0.466885805 -0.394563794 1.05340409 0.0996356606
    0.42301333 -0.555875361 0.187902033 0.340863407 0.926353216
    -0.331640482 -0.295057058 0.298725605 1.29152238 1.09388196
    0.219944775 1.38436151 1.25302029 0.0798464417 1.11271822
    0.383859575 1.04496944 0.258040607 1.11866534 -0.519411027
    0.607072115 -0.204637587 -0.317205548 1.42909801 0.917517066
    0.48318547 0.434714854 -0.105098307 0.353533089 0.482152879
    0.420396626 1.32024789 1.00349927 -0.0123013258 0.467264473
    -0.551375329 0.587026536 1.43708682 0.153850436 0.635618329
    0.585776508 -0.187005699 0.810873449 0.176927745 0.823493242
    1.38650799 0.51697439 1.2265358 0.972479343 -0.230924904 0.657622635
    0.682055295 0.769005477 -0.577349544 1.00912404 -0.490500927
    1.03110051 0.74701643 0.401808262 0.547482312 1.54012573 0.665285468
    1.13203764 0.560765803 0.505983412 1.32368374 0.485141337
    -0.388929904 1.05184174 0.405740619 0.753484011 0.469759762
    -0.187222302 -0.0676434636 1.38762665 -0.0313055515 1.2573092
    0.570328832 0.516235292 0.191186726 1.01349819 -0.179128528
    0.868685126 -0.426391184 -0.157587707 0.687857032 0.779825628
    0.486333907 1.16775882 0.835898876 0.832003593 0.252829671
    0.077319622 -0.311411202 1.21344256 0.977588356 0.780716598
    0.404906511 0.853995562 0.235459387 0.130977154 0.306357205
    -0.168382436 1.1945703 0.493537784 1.03033245 1.41710329 0.251249611
    1.32656801 0.501827955 1.54637134 0.239681423 0.669090271
    -0.490366817 0.43198812 1.09464383 1.22313333 1.05196631
    -0.445378691 0.0461473465 1.53142905 -0.00715830922 -0.404473543
    0.216521204 0.758184016 0.841838956 0.320434034 1.06784654
    1.51607275 -0.143644333 0.622012675 0.0855252743 0.231012642
    0.136368513 0.224128962 1.17176282 1.24527645 0.854403853
    0.0641918778 1.3710804 -0.0601576567 -0.434742272 0.353325188
    0.649912715 -0.311088264 0.213984877 1.31222928 0.441024482
    0.63850981 0.371398449 1.04591227 0.837384105 0.993420899
    0.283886731 1.15022612 0.466806352 1.3360424 -0.396989465
    -0.177673578 0.872053862 -0.40093416 0.378282368 1.25249231
    -0.314254761 -0.114539266 0.752631485 0.639526188 1.00753069
    0.15047121 0.246830046 1.36066914 -0.21226722 0.551501215 1.53857732
    -0.531626046 -0.0206837058 0.939044416 1.11067581 -0.100562215
    0.0677422881 0.765308738 -0.404788107 1.54378152 1.13745618
    1.23044538 0.222242951 -0.608396232 0.753765583 1.21504807
    -0.227392346 1.25243688 0.867819786 0.542853594 -0.581683099
    -0.593307674 -0.200967938 1.249771 -0.335451663 -0.0407397151
    -0.0585381985 0.877503395 0.819179893 -0.302023709 -0.485668898
    0.375036478 1.0335412 0.724732041 0.498896241 -0.294859439
    0.529515743 0.842329562 0.922892451 0.133420885 0.462824285
    -0.220031768 0.683880866 -0.294513255 0.00249296427 1.54420102
    0.896107078 1.32172656 1.14527297 1.07161164 0.907088399 0.859161615
    -0.265874505 0.484627724 1.56759882 1.36842239 -0.196673304
    -0.373286605 -0.399344951 1.29970109 -0.10017693 1.20970905
    0.44511652 0.0943626761 1.31001735 -0.226999193 0.905025959
    -0.321246207 0.282211185 0.719754636 0.250852883 1.271523 1.31545186
    0.72827369 0.145235181 -0.559919 1.00517297 1.02699089 0.535547733
    0.552328825 1.54942715 -0.548778355 0.088998735 0.750722945
    1.15609813 1.38480556 -0.417346865 -0.310486376 0.562772274
    0.0383994281 -0.525805712 0.698135376 0.0466893315 -0.516064405
    0.176038802 0.543284595 0.242972076 0.200738072 -0.384144843
    0.866188884 0.482919931 0.830108464 0.536527693 0.219150007
    0.023501277 -0.245405942 0.101950705 -0.0780538917 -0.519085348
    0.355440617 0.409357905 -0.0712577403 0.415492177 0.612578273
    -0.297691822 -0.165672004 -0.198334396 -0.0553328097 1.47972131
    -0.0628013611 1.45795178 -0.57562989 0.410768986 0.45213449
    0.868481517 0.297305942 -0.516012669 1.20559573 0.0232453942
    0.284559011 0.718858659 0.343617797 0.736713231 1.03457212
    0.407592595 0.0470722914 1.09028673 0.733564317 1.06829405
    -0.0329636931 -0.321471095 0.999269247 -0.241432488 1.46682954
    0.656910181 0.760260046 -0.454231769 0.453444064 0.36219573
    0.756832898 -0.161029458 0.660122275 1.27727044 0.930897057
    0.614878774 1.19125223 0.565133035 0.733205855 0.252743125 1.3407743
    0.597747505 0.557958961 1.33918154 -0.493331045 1.24400115
    1.29631197 0.533194602 -0.284715354 0.381994784 0.0178045332
    0.214932799 1.05587268 0.282086372 1.13086057 -0.069762826
    0.537679255 1.50318527 1.01092851 0.529390335 0.796503127 1.21366513
    -0.0164929628 1.48376203 -0.617381155 1.47238016 -0.478306532
    0.191698253 -0.421299875 0.695277214 0.742808163 1.5098021
    -0.267819643 0.358490825 -0.203186154 -0.00402444601 0.355793744
    0.148148179 -0.170605063 1.24703515 0.542333186 0.508585274
    0.644554973 0.858373344 -0.483701795 0.585729539 0.346867621
    -0.186100543 0.743203878 -0.215299785 -0.163265646 0.0947554708
    0.830762267 0.0741918683 1.14749932 0.106390774 1.25239396
    -0.369331956 1.27351546 0.0339827538 1.15412259 1.09810734
    0.167948425 0.0494329929 0.757456422 1.15156722 0.0843316317
    1.07360828 0.524254262 0.506243885 0.187020361 0.263686895
    0.818138063 -0.35132575 -0.226175368 1.19877291 1.0002532
    -0.362508655 0.786071181 0.938354075 1.1393019 0.676398575
    1.21436357 -0.26141724 1.48787069 0.352509439 -0.076028496
    0.52039963 0.138649523 0.911451519 0.163698733 0.18098861
    0.616033733 1.46438026 -0.657099187 -0.422964573 0.2035923
    0.568999946 -0.00471740961 1.14060402 0.957113624 0.115712583
    0.258570373 0.511533976 1.56233239 1.42132604 0.672288954 0.12730962
    0.32505399 1.60118175 0.197033703 1.07906723 1.47354937 -0.551591575
    0.0430073142 0.365038693 1.13388848 1.16716003 1.46430874
    0.800613284 1.20437384 0.778344154 1.42106938 1.54874706
    -0.510966182 1.63007176 0.474512696 0.204102635 0.450557292
    0.842330515 1.19942808 -0.476180255 -0.0690601468 1.40914476
    1.27125835 0.639644861 1.23893571 1.27452993 0.882860243 1.42807508
    -0.459238827 -0.101892233 0.0797713995 -0.481024206 -0.647853494
    1.01599491 0.57792753 0.269406855 0.507733285 0.507722318
    -0.0487068295 -0.0724354386 -0.419948161 0.0512309074 1.12594855
    0.138628542 0.321271181 1.19627094 0.518807471 1.26677024 1.31304932
    1.53283107 0.143914878 0.419814706 1.23580873 -0.337991863
    0.744853556 0.00413286686 0.353280246 -0.252314329 1.15517056
    1.08082485 1.02307689 0.922030032 0.587307036 1.46657634 0.483514428
    0.966503441 0.147489727 1.37026 0.0951983929 0.0535988808
    0.910559773 -0.270944774 0.418553382 -0.103861839 0.104872108
    1.21038413 1.56206763 1.62206769 -0.433891535 -0.489157021
    1.21942043 0.0706926584 -0.454044372 -0.433819294 1.05749798
    1.05140066 1.53749633 0.714758933 0.443799496 0.581298709 1.41043544
    0.446713388 0.770758569 0.81306541 1.69103909 0.628144622
    -0.421619862 0.530388713 1.39998031 0.430596232 -0.478663504
    0.960851133 0.0212264657 0.670975089 0.0684733987 1.06076431
    0.440309227 1.18871808 -0.151573628 1.06600928 1.0452404 1.09852123
    1.04445148 1.32782745 0.683387697 -0.162588894 0.636845171 1.2811439
    0.764415681 -0.099871546 0.230349302 1.18581057 0.0105264783
    -0.401198417 1.25329947 0.205515325 0.705474854 1.12305045
    0.286597937 1.12942946 -0.271441549 1.22379375 0.878429949
    1.30529106 -0.433185667 1.61745477 0.239097118 -0.589070678
    1.5227201 -0.37329635 -0.618661284 0.972297907 0.389142871
    0.166566968 1.40002441 -0.127517581 -0.229931593 -0.244856745
    0.894590795 -0.69464761 0.744158804 1.01367354 0.325777113
    -0.139610827 0.316140234 0.0827808976 -0.297713816 -0.166881293
    0.618818998 -0.539256334 -0.493859887 0.954636633 1.41565418
    0.214061379 -0.552027583 0.0907220244 0.87868911 0.235743821
    1.02491736 1.36599898 1.33997536 0.720100999 0.829630494
    -0.615165949 0.0550225377 1.44632936 0.740974307 0.266045213
    0.790839016 0.483787537 0.147292316 0.213079751 0.753565431
    0.0638667941 0.952247024 -0.250225544 -0.272117794 0.280935168
    0.754866362 1.4301424 0.374438524 1.13581491 0.208260119 0.493151665
    0.792583406 -0.48436144 1.08597159 0.649862587 0.120278955
    0.623186171 0.905280113 1.00857449 0.992654562 0.404123008
    -0.218081743 0.256181598 1.04283094 -0.0501678586 1.24183404
    -0.446047843 0.708778858 0.904123962 0.868417621 -0.478321731
    0.105936706 1.40994835 0.682147443 0.366793752 0.452954113
    -0.38152945 0.229363978 -0.0344994068 0.0803938508 0.658538103
    -0.341340482 1.35892212 -0.447227597 0.959999979 1.11016393
    0.385937691 0.504996657 1.29774642 -0.323146045 1.52628076
    -0.440517604 -0.14591676 -0.323566258 1.6064136 0.786614418
    1.2152456 1.21840942 1.52503026 0.425845146 0.473750174 -0.114803433
    0.465748191 0.0332479477 0.987938344 -0.0785681009 -0.509235859
    -0.477511257 -0.085998714 1.15450788 -0.0295056105 -0.336629927
    1.25447226 0.242637694 1.28667188 -0.360746801 1.41038108
    0.896161139 1.3883698 -0.130146861 -0.608061135 1.45083213
    0.107417762 0.215876758 0.60295558 -0.514548004 0.404916167
    -0.459969163 1.56764567 1.20140409 -0.440593243 -0.196887821
    1.19959307 0.573275685 1.25867009 -0.0550429225 0.136571825
    0.524978638 0.538733602 0.265488029 0.186989903 1.24535227
    0.960942209 1.10007346 1.28749335 0.704309881 0.645518064
    0.414791584 -0.318799943 1.4292146 -0.425092578 0.476580679
    1.1620717 0.693160772 0.264971435 1.27655411 1.25240529 1.28818965
    1.11500406 0.23025775 0.620343745 0.617469192 -0.611079514
    1.20990992 0.509489834 -0.0901649594 0.452876389 1.23648357
    0.349191189 0.307905734 -0.487897962 1.49722028 0.344589055
    0.984561384 -0.558243632 -0.53067553 0.907328606 1.0418787
    0.655025721 0.248299122 0.189892769 0.285724342 1.50192142
    0.333699048 0.152259648 0.0995510221 1.5939858 0.676996946
    -0.0816557407 -0.563286126 0.875011802 -0.213394612 1.12567782
    0.0735018253 0.726114571 0.917086482 1.13294065 0.146857619
    0.11402452 0.301301181 -0.338765413 -0.0269325078 0.604242921
    0.657450855 -0.377324641 -0.10147056 0.662616014 0.0745389462
    -0.206222147 0.937146425 -0.215538263 1.21957064 1.2561152
    -0.256957859 0.470691562 1.2895714 1.51668549 0.604274929 1.10492063
    0.447201371 -0.449376076 -0.191811413 1.17850077 0.305997312
    1.30970228 0.563749075 0.988993227 0.577626705 0.555133998
    0.0905609727 -0.393318027 0.549782515 -0.551955879 1.26493478
    1.36611509 1.27253056 1.27876735 -0.305825621 0.0664459467
    0.0572999716 0.471754551 0.669922709 1.25116229 -0.207258373
    0.823004603 0.772758543 0.931325793 -0.0440168977 1.23199606
    0.185328066 1.45629942 -0.390363872 0.744387448 1.1879847
    0.373921871 1.48313284 -0.255551755 0.865479231 0.188553035
    -0.125980884 1.55821228 1.39598393 0.153873324 0.806501269
    0.571716845 0.145731747 -0.065394789 1.02704382 1.44526017
    1.67860961 -0.375925004 1.49122715 1.1706512 0.376813054 0.526400208
    0.0878211856 1.18558013 0.849984229 -0.358067691 -0.372544259
    1.15335011 1.37215555 0.825050712 0.357968509 0.819555461 1.5136025
    -0.0496184826 1.26571345 -0.296794802 0.455014825 -0.363631338
    1.59554839 0.582454622 0.723602474 -0.371292055 0.0213757753
    0.793884575 -0.534274638 0.37243259 0.340154707 0.341715217
    -0.395500422 1.3879683 0.77841866 0.69321835 1.57478571 -0.306346714
    0.0634990335 1.38010383 0.260180831 0.658381283 1.43552756
    -0.0604843497 -0.127805591 0.758578062 1.08961296 0.89960444
    -0.485940337 1.20582891 0.92990905 0.577420473 -0.470651388
    0.265548468 0.23421061 0.737968564 0.938191354 0.813149989
    1.44006348 1.00030494 -0.244818211 1.31979775 -0.365523189
    0.584825218 0.874198675 0.270224035 -0.128952563 1.22493684
    -0.255689502 1.41817379 -0.470644802 -0.195054412 -0.214735776
    1.18133509 -0.390535802 -0.22808823 1.7380929 -0.0486055017
    0.0304903388 0.625510454 0.562422693 -0.49172771 0.411221623
    1.50852644 0.0700538158 0.940482676 -0.0888670087 1.16119361
    0.956427991 0.961737692 0.200746238 1.37222624 0.127649665
    0.229502976 0.0781618059 0.869247317 1.56134987 1.29585922
    1.03810155 0.153089881 0.245757461 1.31107795 -0.195836693
    0.768694699 -0.549733281 -0.593883276 1.00986207 1.1477437
    0.175103009 -0.69121027 1.42779469 1.39169848 0.332028806
    0.175237387 -0.215289623 -0.121894836 0.952753723 -0.0959656239
    0.436636031 0.804752409 0.242588341 1.02010858 0.453373671
    0.334290504 0.806466341 -0.107394576 1.02197754 0.952521801
    1.33450413 -0.487462103 1.43425727 0.328355312 1.21121311 1.42926812
    -0.00195401907 0.207274795 1.04113913 0.32987839 0.181112766
    -0.425290108 0.741167724 1.10281849 0.319532752 1.34739065
    0.680050313 0.0266467333 1.22753119 -0.283450454 0.310550034
    0.217766523 0.176325083 0.837888777 1.15110016 1.24407125 1.08589852
    -0.135312855 1.07856083 0.134321392 0.109223068 1.21214187
    0.129314899 0.54212594 1.365623 0.764588714 0.248255432 1.32961988
    1.39624143 0.146950364 1.01932478 0.823891819 -0.221231282
    0.477207005 0.270171165 -0.519945621 1.49959242 0.644750178
    -0.359652221 0.0496334434 0.452932954 0.91402024 0.534609973
    -0.074047029 0.97230196 1.29991651 0.0391412377 0.592979848
    0.829480112 0.190797925 0.376093388 0.50316453 0.0488284826
    0.683757544 0.215309441 0.393675089 0.643655002 0.0686462522
    0.297433972 1.40982223 1.09355998 1.41259432 0.315688431 1.43056989
    -0.650652289 -0.217469394 1.46387577 0.434156239 -0.537000537
    0.969396472 1.50752187 -0.35443753 -0.253959864 0.738759339
    -0.448258638 -0.394281894 0.585189044 -0.475137442 0.70578897
    -0.0749229193 0.331456661 0.366910219 0.27122885 0.102389634
    1.130162 -0.589408636 1.53528452 0.471788347 1.18006265 -0.192964584
    1.64928961 0.170628965 0.7664693 1.15752029 -0.182275653 1.46853411
    0.237659931 -0.379169017 1.26693583 -0.549736977 0.152242362
    0.432934284 1.32636487 1.18877268 -0.266654015 0.339864254
    -0.283715367 1.18061233 -0.298707843 0.135560274 0.617271483
    0.387870252 1.09988284 1.07617283 0.117120028 1.41216278
    -0.399782598 0.172412992 0.0807705522 0.107367754 0.655560255
    0.159724951 1.18048882 1.43035805 -0.602226317 0.57312113 1.45247102
    -0.164230615 -0.0832712054 0.0892104506 0.239751697 -0.302896529
    -0.33460629 -0.199457824 1.46349192 0.4862445 1.29794681
    -0.228005886 0.732428193 0.306465209 -0.2059187 1.2852087
    0.836118817 1.25552046 1.02949703 0.841995835 1.17526913 1.66122377
    0.614480972 1.26604486 0.779178739 1.33187985 0.703540862 1.40980029
    0.00785756111 -0.518957436 0.394892097 1.2281146 -0.32166487
    0.38430202 0.107815385 -0.445494592 -0.347838342 1.31316876
    -0.4358311 0.588958681 -0.26484409 -0.0660822988 1.02184856
    0.469411314 1.02050829 -0.176681101 0.780725121 1.37567914
    -0.559613883 0.43997705 0.320557117 1.28070629 1.35428238
    0.618083298 -0.225662291 -0.100769043 1.14180732 1.40890288
    -0.306520224 1.49595261 1.16404295 1.26948047 1.06738949 0.65945375
    0.126487255 -0.255470723 1.24915493 -0.548628509 -0.53549993
    0.473921478 1.25520694 0.700315237 1.48319745 -0.292382687
    0.374682546 0.167049229 -0.0940687656 0.039847374 0.626472533
    -0.625973761 1.18365312 0.133397996 -0.44360128 -0.422429383
    1.41866493 0.839000344 -0.351995647 0.906203687 -0.0165607333
    -0.541037261 0.367141604 1.54916036 1.52431691 -0.530783415
    -0.457011312 1.41734791 0.770246923 1.34235215 1.42087245 1.20361543
    0.548168898 1.50937319 -0.534911275 0.502581775 1.06336904
    -0.245610163 0.321533799 0.843752205 0.929836929 0.281551361
    1.33069777 1.12296128 -0.115980208 -0.381077617 0.85981226
    0.575377643 0.99112612 0.0459033251 -0.408869117 0.374103189
    0.25469178 0.160375535 0.925233901 -0.4874354 0.608828902
    0.630717337 0.254595459 0.243691146 0.214707494 0.977806628
    0.484158635 0.163149476 0.693881452 1.16025043 1.41132379
    -0.791970491 1.26146686 -0.542000353 0.587530017 0.140700221
    0.0427606106 1.4167552 -0.458295524 0.433061421 -0.12581104
    -0.0639041662 -0.0947849751 1.2218821 1.0491662 1.45617914
    0.151681662 -0.0362980962 -0.644086957 -0.540153921 1.47614455
    -0.354383498 0.320325375 -0.547401428 0.82972604 -0.291903108
    0.146371484 1.50553083 -0.17640835 1.30027926 1.30336571 0.471821666
    1.06731403 1.07359314 0.741471648 1.20162535 0.56736356 0.716706038
    1.27046943 1.53249383 -0.00540202856 0.0322619081 0.900216401
    0.209639609 0.961416245 -0.504046977 -0.11222139 1.30079353
    1.2818644 1.26319838 1.42208695 -0.0511143804 -0.104645669
    -0.540821791 1.15672731 0.316610336 0.0540964603 0.7866081
    -0.204755843 1.04334795 0.490429521 0.392351747 0.550499856
    0.729789138 1.34313488 0.544462621 1.18073797 -0.385148525
    0.0237528086 -0.301267117 0.448530793 1.4358362 -0.0934121609
    1.64326048 -0.30196169 1.10566688 0.949698985 1.47801876 0.637942553
    -0.571760952 0.71046102 0.400291681 0.149739146 0.0564138293
    -0.19799459 0.521871805 -0.00173923373 0.211452991 -0.156178951
    0.763837218 1.10204077 0.689160407 -0.289831698 0.177356541
    1.35882664 -0.54748702 0.935248435 0.478081942 -0.481703222
    0.53634727 -0.359433383 0.742260158 0.544664323 0.974565446
    0.972128153 -0.215910375 0.931349337 0.246744037 0.14367789
    0.838075042 0.0942020416 -0.340519547 0.34435755 0.829474211
    0.064622879 0.904913902 0.114091694 0.690958142 0.437373877
    0.101004422 1.07823789 -0.194241285 1.28501046 0.729241133
    1.33887672 0.695755064 0.493910372 1.06537724 0.37286669 0.663744867
    -0.0945158899 -0.154775828 -0.566063225 1.13602042 1.34053636
    -0.496746868 -0.342226565 1.55807543 -0.340940684 -0.629883587
    0.0129901171 0.362822771 0.196140647 0.195622921 -0.536887407
    -0.1816926 -0.538240194 0.212700546 0.905924857 0.151243567
    0.345326304 1.63678265 0.133934319 0.0474800467 -0.0626275539
    0.741585135 0.335146248 1.24120831 1.57508707 0.558548987 1.05497754
    0.141406715 1.22273183 0.76219058 1.41799402 -0.331850082
    0.315798044 0.765985548 0.684299231 0.5297544 0.959570408
    -0.46448794 0.10443908 0.98060149 0.558986187 -0.615819097
    0.504155815 0.634038389 1.44826412 0.268117607 -0.335301846
    0.182965875 1.09850419 -0.0125429034 1.0008949 0.0538457036
    1.30421436 0.619477093 1.24901104 1.60959065 -0.110099971 1.56975019
    -0.204433203 1.47495306 -0.145639777 0.925303578 1.18661487
    0.486852407 0.349088669 0.722101271 0.916626871 0.495739877
    0.111209691 0.769395709 1.44382548 0.670528591 -0.540320933
    0.621698916 0.00137752295 1.57339633 0.500420749 -0.516408086
    0.995378017 -0.691677392 1.00187612 0.301442206 -0.191905186
    -0.507829607 1.62680769 -0.496047467 -0.400735945 0.934479773
    0.868339002 0.956476927 0.561482131 -0.0260503292 0.0585001111
    -0.547641814 1.47066593 1.17598724 0.540801823 1.29472244
    -0.251244009 0.111469746 1.17324877 0.432762802 -0.0241574645
    0.302851439 0.0283256173 1.10347867 1.35842061 1.53637767
    -0.248161048 -0.154998362 1.04637432 0.951582611 0.264940739
    0.653004348 0.463276863 1.0096916 0.855693877 1.01733375 0.735568762
    1.52320957 -0.3483015 -0.0660791993 0.65974158 0.667274594
    1.22970068 -0.60255295 -0.147337824 1.59130907 0.148592293
    -0.292164654 -0.187635124 1.09157693 0.91636622 1.54156518
    0.612116337 -0.43377322 0.534254789 0.739414036 1.24430895
    0.656992614 1.4575057 1.38160276 1.18723691 1.00823975 0.0235145092
    1.43477941 -0.105245471 0.637676179 0.771368027 0.2532686 0.4885934
    0.00689822435 1.5305084 0.472253382 -0.068025589 0.796791613
    1.14278793 0.410433114 0.744675696 -0.127264738 -0.110693157
    0.52759552 -0.179033607 -0.334834218 1.16922724 0.916903019
    0.335441589 0.618375599 0.218086123 1.47429752 -0.455593705
    0.813679576 0.82911098 1.42197108 1.6123054 0.953588486 1.16475201
    -0.396973491 -0.503642559 0.329151094 1.25673831 0.881399512
    0.420565367 -0.494163811 0.727869928 -0.177458912 1.16129053
    1.33064938 0.525078714 1.34408307 1.37301946 0.0553728938 0.56286484
    0.155190885 0.924944878 0.360896349 0.718580186 -0.303776354
    -0.241455257 0.143285394 1.54086769 -0.00368976593 1.60507774
    -0.102623045 0.482252717 1.64843047 -0.361826241 0.878599226
    1.40020931 1.51312566 0.46774888 0.509908319 1.41023779 1.20395041
    0.0801659822 1.28259134 0.499416947 1.15678132 0.065613687
    0.317569792 0.677420974 0.0869237185 0.216168046 1.45683098
    0.66937983 0.061999023 -0.361432612 -0.0805337429 0.572535098
    1.19921613 1.17286777 1.432863 0.542901456 1.09972441 -0.0914629102
    -0.276736259 0.991444826 -0.0688333809 0.571708798 1.24932051
    1.15426922 -0.594516814 1.2409358 -0.306449741 1.4268713
    0.0492223501 0.387433708 0.767232656 0.943282902 0.719864666
    0.355875075 -0.248040408 0.328719497 1.53880358 0.0379749537
    0.435307205 0.346401095 0.459112346 0.56475085 0.456991673
    1.48184514 1.37165034 -0.560380697 1.51669669 0.445363581
    -0.280842751 1.3351686 1.03399658 -0.506016374 0.802759826
    -0.0921051502 0.271233201 0.269321501 -0.483277738 0.768125415
    1.52479696 -0.366811007 1.02825689 0.106188893 0.179388434
    0.457369208 0.0743557811 0.289372504 1.24200714 1.31220603
    0.997877181 -0.212804168 -0.421639085 0.957279682 0.927080691
    -0.553437948 1.18759871 0.758587062 -0.0127939582 0.0381760001
    1.56271601 0.961615205 1.45436382 1.45763302 -0.646082163 1.00161564
    -0.365019798 1.64445746 -0.538176835 0.333813608 0.370382428
    0.815237045 0.647075474 1.23326039 -0.251627862 1.45416594
    -0.598533392 1.37090659 -0.467831403 -0.593638718 0.873452961
    0.896965206 0.0464725494 0.904538751 -0.104486644 1.38204479
    0.78071624 0.516141057 1.12467337 -0.510495424 0.515735805
    1.33381462 0.771256983 -0.423449486 1.19830656 0.423161685
    -0.133579433 -0.184025556 0.781837881 -0.290237397 1.4033668
    0.771584094 0.343053579 -0.176140815 0.711323619 0.0329889655
    1.39468145 0.958989143 -0.734556973 1.22790289 1.54505348
    0.466459632 0.303217769 -0.0860891938 1.17294741 1.07852578
    0.997894168 1.28882647 1.05220604 -0.351442993 1.12316704
    0.387967527 0.420648336 0.200079143 0.799972177 -0.192169964
    0.361625969 0.28167516 0.851185322 -0.0541229248 0.348627985
    -0.452069759 0.226222336 1.55841064 0.365150928 0.814491153
    0.851343215 0.536077857 0.476401567 0.307568073 0.442221224
    -0.0248755217 0.297685564 0.839716196 0.0951914787 1.29725325
    0.699923098 1.14653301 0.70586741 1.16246974 -0.45022893 0.523492396
    1.44272494 0.51386559 -0.662921488 0.0450056791 1.06481266
    0.960377157 0.0607298017 0.566330552 0.308666945 1.45354986
    0.741259992 1.39314294 0.998876214 1.46107888 0.810152829
    0.208733857 0.723821104 -0.552455187 0.724270165 0.171450675
    1.00259066 0.184805393 0.529941916 0.164626122 0.230906963
    -0.387739241 -0.465064436 0.231506705 0.464670539 0.349980235
    -0.0196575522 1.18189859 0.860024273 0.758504272 -0.485185564
    0.932134926 -0.411141336 1.21600294 0.80402416 0.0782527328
    0.706151366 -0.343732566 -0.119700849 0.737724125 -0.614086807
    0.847539544 0.390970111 0.894393682 -0.197692811 1.49230504
    0.579842448 0.619662464 0.223910272 -0.210741371 0.81461823
    -0.460111201 -0.50161314 0.0490819812 -0.304979026 1.08369088
    -0.0490615964 -0.211771637 0.48695153 0.959842265 -0.601222038
    0.481994569 -0.292226911 0.528670669 0.0246537924 0.813732266
    0.76467514 -0.0188977718 0.295068324 0.947198451 -0.0522345901
    1.56291699 0.728227854 -0.130214751 1.41333461 -0.501420975
    1.15467525 -0.236831218 -0.131211758 -0.0160096288 0.717925727
    -0.171728194 0.314513683 1.64108753 -0.57305634 -0.388700128
    1.25502241 0.88068378 0.890864074 -0.408008128 1.5126251 1.56653225
    0.486667156 0.395983458 0.924532056 0.338662267 0.0411944389
    -0.599167168 1.00286317 0.18502906 0.13260144 -0.136840791
    0.175891787 -0.368293762 0.362692595 1.33710217 0.342852354
    1.33178186 -0.498922855 1.41669834 0.887185633 0.727183282
    0.272984982 -0.342393577 -0.421245217 -0.465954721 1.62605441
    0.702135623 -0.204801917 0.627365351 1.38330984 0.116718948
    0.53475517 0.0041987896 -0.419660985 1.08089447 0.373427629
    1.04449081 0.490980506 -0.458264947 -0.0915614367 0.517918289
    1.11769247 0.134277761 0.9128685 1.30125189 -0.25445202 1.27646971
    0.802202761 0.379975021 0.964687347 1.35923219 -0.00509160757
    -0.510783434 -0.218528301 -0.373788238 -0.195470095 0.783848345
    1.2744416 0.22722441 0.26974678 0.149342299 0.529001355 -0.28057164
    0.610486686 0.133150935 -0.0832434297 1.44116259 0.839532435
    0.000915586948 -0.255992055 -0.259377986 0.444058657 -0.629487336
    1.62840223 1.18086815 -0.193430811 -0.198006719 1.32490134
    -0.119688153 0.0507185459 0.190207243 1.45952725 0.175740361
    0.318193913 0.735431373 -0.0733180046 1.46949017 1.01748335
    -0.129833609 0.986243427 -0.15079549 0.600387692 -0.480262786
    0.148508608 0.45417887 0.924551547 0.652220845 0.399300992
    1.09364939 0.513846219 0.517004967 0.878159463 1.31471777
    0.962965727 0.405735612 0.975839376 1.11450076 1.52380371
    0.925186276 -0.485452414 1.23857689 1.17207122 0.356313467
    0.421263099 -0.40873903 1.21017182 0.297738731 1.03626609
    -0.493109077 -0.170740128 -0.349731565 1.4976387 1.32988334
    1.00140309 0.101349771 -0.206075042 -0.354345679 1.45621824
    1.45878696 -0.253892958 -0.411132812 1.36119914 0.593837798
    1.10897827 0.634845316 1.28756952 -0.600180864 1.05914354
    0.143368185 1.561445 0.694046557 0.421787381 -0.00438207388
    0.508132577 0.902738929 -0.0715413094 0.884905815 1.385957
    -0.191421896 -0.575971007 1.27401471 0.374635041 0.832395673
    -0.0139971972 -0.420750737 -0.572681785 1.44949257 0.880941331
    -0.244746059 0.141582608 -0.120535851 -0.553455472 0.304015636
    1.66803145 0.77226609 0.968343556 1.03602862 -0.583668828 1.45769095
    1.40068221 -0.579026282 -0.447061956 -0.0241835713 -0.265662402
    0.535737991 0.0362498164 1.01340008 -0.404584348 0.280625582
    1.41640997 1.20723987 -0.00602382421 -0.54834038 1.26715732
    0.928909063 0.814875424 0.599150181 1.49814487 0.839639366
    1.41463375 -0.571455479 0.69671458 1.40980577 -0.509731293
    0.236751795 0.455242157 1.5161525 -0.123307467 0.253112614
    -0.260229319 0.278857052 -0.474878222 1.49116695 -0.319961905
    1.32529509 -0.360075027 0.245583594 1.20031238 0.711351275
    0.440240324 -0.572228849 0.320738494 0.684938729 1.14715493
    0.230530679 -0.341637969 -0.287263602 0.698050976 1.18959618
    0.8123945 0.0607798696 1.37479341 0.342495024 0.871362686 1.18383503
    0.0115267634 1.68178773 0.000453948975 1.08461404 -0.229946554
    1.01002312 -0.271578491 1.54666924 -0.35654217 0.73783344
    0.969508827 -0.624279141 0.0693628192 -0.00241875648 1.4921695
    0.731939435 -0.49547863 0.469740331 1.19873428 0.993106484
    -0.618016779 0.896523058 0.982245505 0.14072454 0.165975928
    1.31756866 1.11576533 -0.271868467 -0.345024407 0.17317012
    -0.096660912 1.06462967 0.128620028 -0.466877401 1.55169678
    0.425500333 1.54400289 -0.055269748 1.56478047 -0.229538232
    -0.131904006 0.825789928 -0.211480737 0.592689157 0.00969350338
    0.891437709 0.923303068 0.83513999 0.0621197224 1.32661366
    -0.0822562575 1.14980602 0.560514927 -0.00666642189 1.56558919
    0.507897317 -0.647865415 1.06779385 1.29693675 1.45505321 0.69630754
    -0.221577942 1.19651103 -0.367805362 -0.338072479 0.104704797
    -0.0775142312 1.46549165 1.2210418 1.31830931 0.357839823 1.23386574
    0.0709556937 1.40924239 0.635868251 0.0606470704 0.102352917
    0.489405155 1.29997683 0.573726118 0.963377416 1.16363907 1.08045053
    1.34034133 0.407988131 0.826711237 1.63167965 0.878387392 1.52162242
    -0.321976334 0.741208375 0.962069809 0.401674032 0.0197281539
    -0.0417776108 0.242277861 0.0372149944 0.480528176 0.255120933
    0.663590193 1.32844543 -0.00969964266 1.27404082 0.203122854
    -0.389565349 1.70244586 -0.493997484 -0.418299109 1.3149575
    0.0482311249 0.509174943 1.58039677 0.224014938 0.116733849
    -0.541715145 1.29364109 -0.65726608 0.980177045 0.582210422
    1.34062099 0.229238808 0.713017702 0.719545603 -0.0631876588
    0.716407239 0.237036705 0.561013281 -0.260789216 -0.00281947851
    0.85754627 0.473977625 0.887109399 -0.0410182476 1.48664081
    0.760956168 -0.560887516 1.61472034 0.0650705099 -0.0853001475
    0.805060744 -0.361073613 1.07514286 -0.0449396968 -0.400096059
    1.63344896 0.116378665 0.735707521 0.159419894 1.24490571 1.48036242
    -0.557517648 0.995856762 1.1906985 0.284584641 0.736324072
    0.0223998427 0.334721148 -0.467586517 -0.231923997 1.27946997
    1.3521477 0.494711339 -0.315909207 0.881217539 0.497794449
    -0.382259488 0.988537073 -0.365474284 0.993108451 0.253473222
    0.00705134869 0.317927659 1.4728241 1.10851932 -0.17241928
    -0.524009943 0.902353823 0.638972759 0.599953711 0.567332625
    0.673678279 1.13438988 1.16220725 0.407158732 1.41395295 0.176885307
    0.636782706 0.797575951 0.741644204 0.979445577 1.24123502
    1.36266398 0.668536305 0.0948203802 -0.1388596 1.06752419
    -0.16476354 0.840017378 0.695948541 0.306599081 1.4605279
    0.840034842 -0.47369951 1.16807175 0.626683533 0.13658011
    0.153993845 1.62588072 0.160854459 -0.131290197 1.31347954
    -0.658497274 -0.0543270111 -0.190763324 1.39455235 0.59097898
    -0.145732522 1.29799867 -0.435633868 1.27109432 0.315221131
    0.297185957 0.879892468 -0.0613445044 0.640569568 0.55114156
    0.885829985 1.04609549 0.699302375 1.23033714 0.867946327 1.28206599
    0.750291884 0.406195283 -0.62188822 1.44647527 1.27689004
    0.111394525 1.17780709 0.528243363 1.27433634 1.17168474 1.28013945
    -0.22276634 -0.44698149 1.58261502 0.83530432 1.02608609
    -0.356298804 -0.549253941 1.26579356 0.763154387 -0.344107509
    1.42720675 1.13454223 1.17494559 -0.447403282 0.152476072 1.41301322
    0.399070323 0.676990211 -0.0389825702 0.983985007 0.440327048
    1.19049227 -0.104407966 1.3891319 0.300809205 1.25253808
    0.00257077813 0.810611546 0.40317893 0.256233394 1.1511879
    0.964226484 -0.575833201 1.36208761 0.637269676 -0.300843567
    0.530400515 1.30070102 0.593549371 1.22462857 1.47501361
    -0.0314649045 -0.26178956 0.75241214 -0.435143888 -0.324984312
    1.58295488 0.432827771 -0.449136645 -0.330435485 0.43619746
    0.0121732354 0.748865366 1.08595324 0.776552558 -0.0750995874
    0.990824699 0.914680839 0.0554013252 0.195355415 0.227424622
    1.41862607 -0.360568672 0.767097294 0.228406549 0.250896752
    0.235833645 1.03574562 1.11127841 1.52318859 1.25112462 -0.248681396
    0.250205934 -0.577928901 0.435795784 1.54092944 1.43651366
    1.46921825 1.39082479 0.118001163 0.545609832 0.38217485
    -0.268512845 1.40365791 0.71256882 0.460245252 0.7376315
    -0.169377685 0.00667119026 1.49927425 0.366918266 1.25118184
    0.0143799782 0.632582545 0.416256547 -0.383120537 0.801823974
    0.310816407 0.343764663 -0.0897773504 0.492694914 -0.280978203
    0.612796962 -0.117987514 1.13816381 0.746184349 0.511698246
    1.11646318 0.171529591 1.60406327 1.18920541 -0.174558163 1.11544752
    0.89601171 1.1637013 1.36427045 0.183200598 0.612506032 -0.517775893
    -0.142943949 0.966163456 1.49994886 -0.135174453 -0.115834236
    -0.276823699 0.60288167 0.968658924 0.306525409 1.31128955
    0.691889107 0.157476783 0.853802264 -0.276914895 -0.266783476
    0.398419499 0.853473604 -0.34361887 0.879618347 0.985954285
    0.605288804 1.08232737 -0.312164932 0.766293943 1.23460436
    0.479526937 -0.493097752 0.277195334 0.898524821 -0.311003864
    -0.0480976701 -0.577176213 1.38073099 0.970083475 -0.118899226
    0.965356886 0.842831194 -0.438912928 -0.0677836239 -0.447318941
    1.35611057 0.850651443 1.33139586 0.731104434 1.18236947 0.665709972
    0.519530118 0.335079074 0.827162385 0.983744442 1.23683167
    -0.0669733584 0.773080587 0.0573028922 0.23702544 0.293040633
    -0.0777911544 0.540196896 0.966039717 0.894155025 -0.176187336
    0.00305569172 1.40371358 1.34425437 -0.229323447 -0.0240188241
    0.647701561 0.18743515 0.762024999 1.57137048 1.4355402 0.593640149
    0.92445749 -0.213857859 1.67224133 -0.352290332 -0.34256196
    0.218783855 1.45905161 -0.198028684 1.10350513 1.32053745
    -0.137735188 0.29823947 1.40421081 1.23283887 0.727303505
    0.666978419 0.0735473335 0.299039662 0.231746703 0.225046843
    0.0728426576 0.85011375 0.0138207674 1.66016245 -0.386613607
    0.24447161 1.10577416 0.57252264 -0.245206863 1.41689205
    0.0268056989 0.152949214 0.874789298 0.918929577 1.15868473
    0.798724055 1.20445335 0.263041735 0.749777853 -0.31147185
    -0.427555621 -0.191753954 -0.0621419549 1.05231977 1.62018085
    -0.211190134 -0.29060024 0.767050505 0.204553843 0.0488889813
    0.12491864 1.22088599 1.23515689 0.843402028 0.908356249 1.02477562
    0.530788422 0.85748589 -0.581017971 1.46195626 -0.24069947
    1.20005488 1.27407742 1.25755692 -0.188163847 -0.44449532
    0.189781666 1.17243767 0.250594139 1.25636148 0.765161991
    0.611737728 1.20848918 1.1204915 1.37032771 -0.47275272 0.639274538
    0.461045384 0.153586507 1.14058232 -0.523629665 1.5990659 1.1685549
    1.44559193 -0.493629158 -0.593078375 0.425739288 1.04114306
    -0.286047131 1.27756214 1.01386166 1.01501942 1.14651561 1.20852351
    0.987078488 -0.17905879 0.655069053 0.775997758 -0.0628061295
    1.34899318 0.972789645 0.00557160378 0.866924167 0.175030649
    1.24448991 0.213078618 0.278650641 -0.253511667 1.40604186
    0.286151767 1.10438037 0.781339109 -0.309872448 0.161399066
    0.353444338 0.149813831 -0.404281676 0.520945132 1.1239835
    1.38490045 0.144019127 1.24572384 1.1216805 0.0157935619 0.585682631
    1.34872818 0.867893696 -0.240606338 1.40172207 1.20474434 1.23266053
    0.213535428 -0.488365233 0.36770457 0.28664428 0.0916854739
    -0.219565213 0.621583819 0.177655816 0.776599944 -0.119228184
    0.336875319 -0.297974676 0.299556613 -0.0513891578 -0.434569448
    0.577265382 0.524630487 0.459640086 -0.180812478 0.360799968
    1.23304152 0.973117769 1.06516576 0.919513106 -0.263552219
    0.636336565 -0.456103384 0.574572802 0.326650083 -0.430620223
    0.390737712 0.0585433841 1.18560982 -0.510795355 0.589253128
    0.617257357 0.991167486 0.942109704 1.03598142 -0.148489654
    0.309039593 -0.0366491079 -0.429542392 0.631630063 -0.56407398
    0.965666652 1.04395056 1.16525805 0.183858216 0.630052388
    -0.477514207 0.858091354 0.682233751 1.59011531 1.42859566
    -0.0385895371 -0.0835745335 0.182286143 1.52364457 0.880144238
    0.348746002 0.995017052 0.21780163 0.454989552 0.236917794
    -0.472613096 1.07809329 0.540222406 1.39718771 -0.0538074374
    1.10454226 -0.18964833 0.370490491 0.111476421 -0.370397925
    0.93495822 0.78802979 0.2008847 0.652905464 -0.0227413774
    0.309258461 1.15003753 -0.467930466 1.48464322 0.909007967
    1.39818001 1.28226912 0.289582133 1.16375089 0.304105699
    -0.297247946 0.284476578 0.859020114 1.14746857 0.410740316
    -0.633329451 0.411125422 -0.0363497138 -0.206413388 0.375526667
    0.740568399 1.22018504 -0.531412959 1.05386651 0.254068226
    -0.282164097 1.65261519 0.633787751 0.169173002 0.987630069
    -0.043079555 1.13684213 1.41443634 1.31466699 -0.537015855
    0.130393445 0.422958851 0.453702211 0.268930435 0.137006938
    0.064027369 -0.287032157 0.620492756 0.131866336 0.551235795
    0.759489715 0.421704471 -0.450431585 -0.274982959 1.45991206
    0.272778332 -0.594877362 1.5225091 -0.148318827 0.571560204
    1.39915752 0.185523927 0.0689114332 0.0233932137 -0.327896833
    0.261434793 0.156779736 0.657370865 -0.0464666486 0.253026128
    0.0773404837 1.39287376 -0.489953816 0.348241031 1.00624323
    0.138571024 0.127780378 0.547874391 0.00274336338 0.500288129
    0.99688071 -0.45428285 1.35324609 0.200252235 1.44809937 0.314513505
    1.30320835 -0.247235954 0.211350143 1.47462082 0.986716866
    -0.0482855737 0.887141645 -0.28175652 1.26797938 -0.455693275
    0.781888068 0.351796448 0.859992325 0.96489507 0.802627563
    -0.0598782301 0.435613692 -0.680940688 1.1156733 1.03322649
    0.171880722 0.851294696 -0.223561645 1.08152509 0.218118787
    0.733579755 0.477112651 -0.452207685 1.47901773 -0.145404637
    1.14519954 -0.393498629 0.311477244 1.19803476 1.5188477
    -0.0321515203 0.58611542 -0.649566531 0.40598309 -0.173601329
    0.244314551 0.317674577 0.267312646 -0.0974312723 -0.319481254
    -0.52032274 0.437415779 -0.144808352 1.46550655 1.18207598
    0.514449716 0.682780445 1.5550884 -0.516653419 0.664906919
    0.777387202 1.45424128 1.1719588 -0.0310090184 1.24469912
    0.118450999 -0.205125511 0.708818913 0.410829961 1.20708823
    -0.695158601 0.42876184 0.720561087 -0.415858686 0.674335897
    0.060569942 1.35476589 -0.46686703 -0.298768938 1.51111364
    0.602021337 -0.387690902 1.68788338 -0.216912985 -0.47539103
    1.56146765 -0.00131565332 0.609638929 1.02073801 0.433483124
    -0.135716021 -0.611583233 0.525365651 0.738541603 -0.234702468
    1.35331047 -0.049826622 -0.102651179 1.13378692 0.900565386
    0.533464789 -0.276037753 0.924223006 -0.474038184 -0.222744405
    0.139976978 1.43378115 0.903101861 0.116469085 0.345196486
    1.02314973 -0.0208150148 1.1867578 0.736481786 1.42000377
    0.926945448 0.624478579 0.494178414 -0.574586332 -0.0853168368
    -0.0894427299 1.36357415 0.0180025101 1.41699946 0.33026123
    -0.141952217 1.40482271 -0.224353164 1.10187387 1.27941358
    -0.479294538 1.21598446 1.45265293 0.15682596 0.944812655
    0.791072905 0.0636900067 -0.225690037 -0.436115861 0.440441489
    0.32727766 1.21455908 0.628597617 -0.266738713 1.0883832 0.665955126
    0.589055717 0.594365597 0.0568199158 0.190039515 0.628616571
    1.02142239 -0.0303162932 -0.368433684 0.510979235 1.20615613
    0.135181248 1.02529824 1.29487467 1.48857307 0.215745211
    -0.674783051 1.30204272 0.0984099507 0.604176164 0.494060516
    0.398799717 0.414028943 -0.478751659 1.18921065 1.08637691
    0.862459302 0.39775914 0.415976644 1.4232353 1.33108246 -0.363606572
    -0.156829298 0.196884692 0.565560222 0.263355613 0.59888339
    0.576766491 1.26915026 0.635697424 -0.549241662 0.876028121
    1.28172517 1.14788747 0.981509864 1.57385111 0.712473929
    -0.471823961 1.53895402 1.29368782 0.792699218 0.264174968
    0.194612443 0.302900255 1.31642926 0.678043783 0.367231429
    0.531903207 0.224947006 -0.273058712 -0.520661652 0.888313234
    0.841236413 -0.00427561998 0.293407232 0.00782042742 0.474646986
    0.523470521 0.8951478 1.2296803 -0.518541098 0.80236131 0.725417435
    0.842254877 -0.0838170052 1.03544474 1.1507827 -0.38775593
    0.415431499 1.403723 -0.549251676 1.09071028 1.64811957 -0.300187469
    -0.0103747845 1.13157678 0.537567079 0.988506913 0.444628596
    0.331659615 0.471391261 0.607283592 0.129132032 1.55187154
    -0.385770053 0.873243034 -0.0901550353 0.521532416 -0.182811648
    0.0992819965 0.173394471 -0.119719565 1.48404098 -0.451956689
    0.551921368 0.203133047 -0.132208288 0.228218198 0.853449047
    1.51421499 1.24886858 1.22072482 0.536226809 -0.400568902
    0.327043533 0.852255583 -0.388597339 0.559344232 0.329825282
    0.777438462 -0.0878244638 0.511003017 0.482310116 -0.0177388191
    1.60476923 -0.412308216 -0.537673593 0.568114877 1.29111171
    -0.735133827 1.53484941 1.44788051 -0.500276983 1.64972258
    -0.496837974 1.41385305 0.289935887 1.46207023 0.983976245
    0.408692241 1.10629833 0.0235519409 0.0709483027 1.55722678
    -0.186688364 0.659299076 1.28054178 0.705653846 0.336072624
    -0.440973639 0.47111547 -0.198771894 1.51366282 1.13168013
    1.30030084 1.51230705 1.19253397 -0.010055542 1.17440248 0.128693581
    0.334730864 1.04219246 -0.34424901 1.42328358 0.913998961
    -0.379200578 -0.00837475061 0.218024075 -0.532465696 1.44208574
    0.462570131 1.0392921 1.33063722 -0.282797098 1.20164466
    -0.239383817 1.48377454 -0.577836335 1.29121339 1.23770213
    1.13634467 1.16278255 0.0477529764 1.7146852 -0.303910196 1.56097662
    1.48200607 -0.335247874 -0.281332612 1.5022583 -0.535840213
    0.854691148 -0.271797836 0.292815596 0.710828245 0.93905437
    1.1445992 0.630549788 -0.194059253 -0.00921010971 0.240345836
    0.913323343 0.874805927 1.39697134 1.11569214 -0.389975965 1.0789113
    1.01111197 0.381846309 0.318029344 1.27180111 0.0158940554
    -0.280590922 0.467056811 1.05044758 1.30357707 -0.0675559044
    -0.276541919 0.0109305382 1.43514502 -0.654534459 1.33469832
    -0.00835686922 0.578632832 0.361801744 1.07404864 -0.381199628
    0.556914687 1.15920484 1.4208411 0.549496293 1.36449325 -0.644751787
    0.50640738 0.342081249 -0.183169603 1.22597218 -0.414871275
    0.332112312 1.13967037 0.597999334 -0.444063425 -0.129545569
    -0.284733474 0.32182157 -0.345945925 0.591803849 0.538210511
    0.98709625 1.51642704 0.528372347 0.618574381 1.3876909 0.185959637
    -0.175183892 -0.243143022 0.051907897 0.775752366 1.55264258
    -0.178937078 0.68507266 1.30887437 -0.641307473 0.767541289
    0.745511651 0.834319711 -0.454008818 1.46528292 0.0576554537
    -0.51265347 -0.538967848 1.35724831 1.04742312 0.677287817
    0.692353964 0.632974625 -0.0450763702 0.468600929 1.09556949
    0.751560152 1.08845091 -0.369308859 1.04387546 1.22762036
    0.902946889 -0.385055691 1.12285852 0.0262721777 1.48335075
    -0.401558906 1.5139308 -0.367502689 0.141668379 -0.531283438
    1.40151763 0.811558783 0.821274698 -0.608576059 0.263260722
    -0.502382576 0.0801285505 1.29931808 0.556572616 -0.472255409
    -0.22312358 -0.124296933 0.64669174 -0.0676985681 0.677368879
    1.16622686 0.196044922 1.24268472 -0.465335131 1.43237352
    -0.40189445 0.122976005 1.44245982 1.08495402 -0.0436804295
    0.0116247237 0.847887993 0.000324130058 1.2725606 -0.411249816
    1.4988513 0.611976624 -0.106085002 0.466617763 0.601884365
    0.00359207392 1.64984918 -0.224205613 1.42489052 1.15553784
    0.761730373 -0.342987865 0.823512554 -0.18758899 0.196796119
    0.523876548 -0.0859560668 1.21943569 -0.316916764 1.18096852
    1.38914609 1.11437595 0.664055645 1.44346714 0.181233764 1.21098769
    1.44368744 -0.203440517 0.23154065 -0.29559499 0.680242181
    1.05447876 -0.521205962 1.14664936 -0.333029449 -0.131873071
    0.811532319 1.58608007 0.378982306 0.0683221221 -0.364776433
    -0.359417707 0.645161867 -0.476594448 1.40472484 1.42588031
    0.578154981 0.207719386 0.0512043238 1.11238015 0.450696945
    -0.495023638 1.27441657 0.500431478 0.954523921 1.10430944
    0.116474926 0.145126164 1.28324318 1.23766601 0.12784797 0.667565763
    1.50390911 -0.398049682 -0.509597123 0.0590269566 -0.0723463893
    1.47090364 -0.232820332 0.712783039 0.429543853 0.375611305
    -0.634906888 0.591335416 -0.547764599 0.611753583 1.17352271
    0.0265570879 0.0677537918 1.10901976 1.57102489 -0.414191097
    0.47413367 0.9333148 1.24662566 -0.562596381 0.574817181 0.207653165
    0.433141053 1.18836462 1.26417685 0.974708498 0.51511687 0.472622693
    0.461004734 0.709036529 0.579859018 0.873649836 -0.113889247
    0.545902491 0.0117400885 1.25404286 0.684233546 1.65001333
    0.343082368 0.114257455 1.50226235 0.187478185 1.12181091 1.25080848
    1.16716743 0.627573609 -0.649871409 1.55628073 0.364542544
    -0.210769385 -0.259213299 1.20155144 0.131797433 -0.239786327
    0.916419387 0.78788203 0.400052249 0.278696656 -0.373083234
    0.291756034 0.574736595 1.13671696 0.440012872 1.25378311 1.16008115
    1.11127782 0.954877317 -0.13903302 1.32313991 0.497080088
    -0.383874744 0.491891026 0.212149918 1.21433759 -0.236913621
    0.434851229 0.182175338 1.21806479 -0.189643085 0.622482419
    1.12870908 0.316618443 -0.494259268 1.23190868 1.08343184 1.16765094
    -0.237816811 1.63269734 0.914577663 -0.240036458 1.16771269
    -0.33686766 1.05585122 -0.182482004 0.997729778 -0.33111155
    1.21649337 1.5867269 -0.0147288442 1.48955584 0.700481355
    0.747080863 -0.285711765 1.4292829 0.172299445 1.31399477
    0.797537744 0.170921385 1.32530022 0.396604896 0.864552855
    0.971629143 1.35164785 0.230031788 1.57213473 0.974155962
    -0.422451973 1.2543869 0.507156074 1.74211133 0.0463550687
    0.195803434 0.919812322 0.443499446 0.176556051 0.930946708
    0.386660814 1.09836483 0.963108122 1.00539029 -0.553861618
    1.16389358 -0.437542647 0.10058099 0.526765823 0.817699492
    0.937646508 1.29591417 0.497811556 1.59885907 0.0718088746
    -0.0520658493 0.733181059 -0.133212924 1.52491629 0.688718319
    1.10161817 0.601903677 0.0171333551 -0.417631745 1.28800392
    1.39129877 0.671561301 0.294299364 1.43978143 0.959515333
    0.972254157 0.572711051 0.791846335 0.550255537 1.0130583 1.08836055
    -0.458830237 0.107591987 1.3237555 0.08394593 1.40995932
    0.0909938812 0.547833025 1.43968618 0.446755528 -0.380655289
    -0.0801264644 0.0618601441 -0.174453184 -0.0893447995 0.400126994
    0.707037508 -0.250035226 -0.197201282 1.08035231 0.847099245
    1.29854703 0.111523092 1.07071185 -0.252976686 -0.19691202
    0.307623088 -0.0765155554 0.809682786 0.109223902 0.742808223
    0.68594408 1.34152389 0.59897542 0.0827888846 -0.261598051
    1.03929842 -0.698361814 1.0236603 1.37436676 1.28609419 0.417209327
    0.742663205 -0.198714048 0.96760112 -0.191286534 1.4501729
    -0.366243035 0.486791015 -0.272544265 -0.591903389 0.797402084
    0.632226944 1.57643723 -0.592808962 -0.388677478 0.0179457068
    0.796468735 1.50068033 0.202771366 1.18890357 -0.0294623971
    0.863697469 1.40446174 0.380319595 0.196455777 0.985186517
    0.703163862 1.60077834 0.46590668 1.12641275 -0.50411129 0.550611854
    -0.578677773 1.05890131 0.157949626 0.591594934 1.48914587 1.6019237
    -0.419216335 0.565888405 1.52651501 1.2536633 -0.604135275
    -0.652800262 1.27788472 0.665324509 0.00177294016 1.51036024
    1.14718366 0.170127451 -0.503334403 1.15585542 1.0449357 1.03713739
    0.770679057 0.368920565 -0.102567911 0.954963803 1.43467522
    1.03978181 0.496374726 1.31417084 1.21665347 0.71536094 0.764715135
    -0.0146356821 0.863979459 1.39578128 -0.46360907 -0.473418415
    0.917280912 -0.476453066 -0.148961276 1.22384727 -0.456107497
    -0.00511854887 0.466379106 -0.278148562 0.511150539 0.308665276
    -0.173136622 0.531747222 0.281139433 0.902496159 1.0780319
    0.804773331 -0.17018193 1.55879581 -0.522293389 0.341241717
    -0.334337741 0.751108408 0.929951787 -0.453305334 1.16676736
    -0.446280152 1.43173385 0.332363904 0.14494133 1.07890773
    -0.0650029182 0.388818741 -0.284774363 -0.234803811 -0.238133579
    0.16803664 0.19096452 1.26697719 1.15494895 1.23131537 0.703320682
    1.20008302 0.710993052 0.0873138309 0.441718519 1.26367068
    -0.377075881 -0.243192315 0.609811246 0.539350986 1.46580291
    -0.368652612 0.214926004 1.17894125 1.13030648 0.621692479
    0.800684869 -0.116477579 1.2452085 -0.28962183 0.233545065
    0.961527407 -0.627245426 0.482832968 0.218705833 1.19289398
    0.415885806 -0.145638555 1.53328383 1.29255438 0.343828142
    -0.560709596 0.0092484951 -0.50207001 0.581584334 1.20833695
    0.730557859 0.251666427 -0.297214031 0.433464408 1.64550149
    -0.508569896 0.0153616369 -0.239127219 1.13206935 0.548189759
    0.609576344 -0.506865084 0.356888235 0.872424006 0.910199404
    0.973155618 1.12952971 0.256998181 0.574324429 0.305676818
    -0.280778408 -0.185056716 -0.611941099 0.359697878 0.830140829
    0.536058724 -0.491411 -0.481620193 -0.396166325 1.35819006
    -0.449519575 0.850077987 0.206151962 0.647359014 -0.366224945
    1.27967811 1.44172597 -0.520730734 0.531671047 0.93828541
    0.812144697 -0.2702066 1.17379415 -0.357450932 -0.211655438
    0.529304862 -0.199342072 -0.278660357 0.875198841 -0.115415484
    1.13774419 1.38436222 -0.311144084 -0.541244686 -0.323403597
    0.907553136 0.517715037 0.250213802 -0.502736628 1.55112481
    0.280832589 -0.280824155 -0.259266585 0.301816523 0.702100754
    -0.369898379 1.31632352 -0.490564972 0.888468027 -0.0119643211
    1.50117147 0.585074842 0.218644619 1.27570415 0.554147303
    -0.392157942 0.361443162 0.898066282 -0.213406116 1.5484221
    0.896939635 0.569276214 -0.378362328 0.11627537 0.45100379
    0.0502336025 0.603166342 1.1968267 0.597648859 -0.153380096
    -0.272505015 0.307578862 -0.363172054 1.37653804 0.778705537
    -0.297632188 0.887944341 -0.312033027 0.682668746 -0.34782517
    -0.320302427 1.49751234 0.542388678 0.29206723 0.573483825
    0.233539462 1.43737674 -0.193811417 0.701051056 -0.399029672
    -0.256890178 0.113478601 0.662492812 0.347036064 1.43356335
    -0.555030704 0.151384473 1.06118584 1.13764596 0.324329495
    0.0175007582 1.31092691 -0.219964385 0.0760619044 0.498351812
    1.56215739 -0.164391816 1.20445049 -0.532663345 1.62728381
    0.0615102649 1.35147512 -0.235939115 -0.243573695 1.26378429
    1.32502723 -0.414771736 -0.0360385776 0.884327054 0.388465106
    -0.322617233 1.5970397 0.398672521 0.457751632 0.472522795
    1.43447161 -0.538602233 -0.055613935 -0.0518538952 0.880888104
    0.170156717 0.251916707 0.684348643 1.39275229 1.20861411
    0.00430363417 0.223262548 -0.11387229 -0.11405158 -0.166044354
    0.0401373506 0.249330044 0.969656765 0.217236459 0.690900564
    -0.132437825 1.36676514 -0.444310844 1.32223415 0.737294197
    1.41688371 -0.411240578 -0.0845910609 0.312346578 1.32348156
    0.655620813 0.288605809 0.961935818 1.00088644 1.15200114
    -0.389944106 1.13098824 -0.0269607902 0.71361351 1.15853119
    0.303722441 0.667258143 1.27052808 -0.595257878 -0.267242134
    0.885556638 1.22536039 -0.434214354 1.04855633 0.423310339
    0.929916441 1.05198908 0.978996396 1.32563615 -0.0332883596
    0.177636683 0.952566266 0.0459734797 0.970350623 0.773998857
    0.95888406 0.559166551 -0.422630787 0.869550407 1.40402651
    -0.499218583 1.66365755 0.0497413874 1.77951241 -0.364378929
    1.2851429 0.574336529 0.386020482 0.868757069 1.33163631
    -0.407056868 -0.475240886 0.000688791275 0.0834116936 0.727155089
    0.424805939 0.444568217 -0.138372779 0.99565351 0.690462947
    0.389355004 0.81502372 0.776223719 1.14057672 0.280830681
    -0.230983913 0.311734974 -0.45263046 -0.147434801 -0.249520779
    1.23764944 1.25985563 1.11061728 1.31893563 0.514449179 0.977991104
    -0.00691759586 -0.424004734 -0.0922497511 1.53505754 0.657594204
    1.71360183 -0.216476858 0.91088742 0.630562723 0.132821918
    0.729328632 0.382560372 -0.138269007 -0.376810968 0.34117642
    -0.399822295 0.175228715 0.137527466 -0.0993602276 0.59906143
    -0.493180633 1.17443252 1.04611015 -0.469957799 -0.372011274
    0.0714178085 0.388190269 0.854779601 -0.179194838 -0.260354817
    -0.0685257912 0.665067613 1.33956885 -0.411571205 0.594709992
    1.45767117 1.2290926 -0.282158434 0.856078744 0.376044154
    0.150813699 0.351125538 0.734254181 0.202914357 0.748293996
    0.784895957 -0.598106325 -0.534053624 0.815506279 0.305729866
    0.330816865 1.18982828 0.574382067 0.480661809 1.01692867 1.50107837
    0.692063689 0.0816887915 -0.372092724 0.187417865 1.30625761
    1.42316341 0.0403372049 0.697847009 0.576690137 0.0139586926
    -0.182564765 1.04459333 0.586150587 -0.150426745 0.270224333
    1.10133934 0.062029779 0.60884434 0.504352868 1.36961412 1.13721418
    -0.349032134 1.31180692 0.756292939 0.642147362 -0.205026925
    -0.275836408 1.01610136 0.276707888 0.618787348 -0.223985165
    0.497327626 0.301558852 0.309897423 0.790922761 0.476783216
    0.933455944 -0.534575224 0.951261699 0.76510334 1.43310881
    -0.20918411 0.656581163 1.32189178 0.24195385 -0.369949132
    0.188639462 -0.043864131 1.34829795 -0.433341265 1.24253392
    -0.120097101 0.384329498 0.531374395 0.214886308 0.580084443
    -0.239619404 -0.379721701 0.694012761 0.41715163 -0.29361555
    1.05296397 1.18387282 -0.409264743 0.382940829 0.842424691
    -0.166654408 1.50416303 1.33697426 -0.549964786 1.04739332 1.2598877
    -0.0805049539 -0.197816163 1.06705809 -0.201043665 0.32529062
    0.71299082 1.31991088 -0.179156184 0.660784543 -0.346959054
    -0.221886814 -0.617874146 1.41540241 0.792773783 1.09865284
    -0.566474617 0.161340773 0.907966852 -0.385762453 0.677980423
    -0.270165175 1.27617884 0.346862257 1.36447513 0.0401005745
    -0.0216774344 -0.0767529607 -0.181321144 1.56130219 0.567140698
    -0.202864259 1.03453326 -0.292116553 1.37345743 -0.53987664
    0.761670768 1.16918957 -0.380072385 1.44706559 0.334524632
    1.11105466 1.16913199 -0.137683988 0.438054204 0.972151935
    0.683743894 1.27561784 1.18096447 0.10141325 0.368591726
    -0.100754261 -0.485933006 0.681099653 1.24522412 -0.454843074
    -0.453146607 0.553355515 -0.68400538 1.10894823 0.164548635
    0.970737875 0.793944895 1.04977489 -0.248789996 0.989719987
    0.727123737 1.07200193 0.464774549 0.480003238 -0.00113511086
    1.59085226 1.00250936 -0.211554796 -0.103491306 1.19122624
    1.15413272 0.0514967442 1.01627409 0.88387686 0.963067651
    -0.0183230639 1.43624854 0.795961976 0.726461947 0.800010681
    0.293120086 0.0704051256 -0.358332187 0.0569267273 0.824034214
    0.942284822 0.1973961 0.536461234 -0.525053978 0.406239927
    0.750126779 -0.521473289 0.443626106 -0.547757328 0.764776945
    0.670085788 1.35448503 0.34255445 0.100890815 1.11168694 0.399657011
    0.862371624 -0.241786182 0.670287669 0.450218737 0.963516116
    0.989890456 0.946743608 1.01549876 0.470216334 1.01979113
    -0.0803717971 0.0855875015 1.55555391 1.50384283 0.0363143086
    0.99819839 0.728484929 -0.227024645 -0.0846393108 -0.0828957558
    1.06005824 0.361358702 1.45686746 -0.282799661 0.680354059
    -0.637593985 -0.386939377 0.314798057 0.0765852928 -0.111100614
    1.26973236 0.35655427 -0.129769504 1.11245048 -0.154691458
    0.945377707 -0.341706574 1.22689223 0.642722368 1.29351532
    -0.0260996222 0.426565528 -0.563956738 0.713788629 -0.14265424
    1.27683926 -0.422161102 1.5918225 -0.29253158 0.926589429
    0.415176809 0.683036923 0.860031307 1.42489171 0.908458889
    0.636278212 1.28977871 1.08996964 -0.440586925 0.833537042
    1.13589001 0.779538929 0.46797961 0.653015554 1.5784533 -0.574096382
    0.482861042 -0.0189531446 0.497608244 1.2896626 1.42035162 1.0875814
    0.232452929 -0.0790846348 0.266696095 1.05349278 0.558776736
    0.47802496 -0.126640439 -0.436840951 1.00244689 0.000931084156
    0.796101868 -0.243247986 0.609003603 1.19851398 1.52672875
    0.35287565 0.901284814 0.456420541 1.28633404 0.349112093
    0.844158113 0.120948851 0.858435988 0.107774377 1.17856956
    1.21449661 0.782790184 0.652345061 0.443522453 1.27805972
    0.894318521 0.285638273 1.23457575 1.10761094 -0.607058167
    0.738965929 -0.261415571 0.900143862 0.0782575011 0.831739545
    1.49410141 1.20115638 -0.609952509 0.853455126 1.31070209
    0.191653371 0.0308532119 0.122343898 0.518114269 1.35030961
    1.16842389 0.152300775 -0.501701176 0.174220324 1.49804819
    -0.0351999998 0.449782014 -0.414958447 0.00252410769 -0.357779682
    1.58340812 0.485568404 0.124836147 1.26340783 0.644874871
    0.390083313 1.26298046 -0.498142183 -0.193158597 0.651799858
    0.0844463706 1.1209085 1.33282864 0.328336477 -0.61816752
    0.731003702 1.2089119 1.26587176 0.815616667 1.2295289 -0.184307069
    -0.336892933 0.0274023116 -0.0934052765 0.627224147 0.629283428
    1.58911562 0.638335466 -0.175000727 1.24450576 0.465816736
    0.965470493 0.118467271 1.23833942 0.147052169 1.28858006 0.26778686
    1.37056172 0.276469648 0.829097986 -0.465917289 0.889206469
    0.112885833 0.785710335 0.484942675 0.604497492 0.728049934
    0.475836098 0.959402621 0.419322789 1.01247978 1.1723429 1.2955265
    0.840188265 -0.502444744 0.798697352 1.42151403 -0.442417145
    0.412204742 -0.157848179 0.130544364 1.27529359 0.640129983
    0.0625889301 -0.286731154 1.26554441 0.855532587 1.27740419
    -0.506472766 1.38083744 0.531646669 -0.434550524 0.331761301
    1.64980245 0.631387532 1.54012752 -0.10129112 -0.311900765
    0.113977075 0.0418445468 0.552099645 1.56833196 -0.38240695
    -0.510541618 0.58197993 0.79868269 1.01671183 -0.20843178 1.58970904
    0.307014346 0.567142606 1.58336234 -0.290969938 0.923651278
    0.0729699135 0.991175532 -0.528262794 1.09586596 -0.330696046
    -0.398030281 1.23709691 1.44221306 0.471057206 0.407015681 1.3595072
    0.597205341 -0.413877487 0.571729481 0.788919449 -0.527222097
    0.212703586 0.253782094 1.213974 1.37974942 1.16479504 1.37983298
    0.288870513 0.721988261 1.53251886 -0.472344816 -0.313850343
    0.477458894 1.06965303 0.259577632 1.43302417 1.40067267 0.579417348
    1.09583557 0.950320721 -0.0258886814 -0.660237789 1.19590878
    1.29107213 0.321872115 0.706822455 1.05436873 -0.151563942
    0.508523703 0.895358682 -0.187121779 0.429918081 0.17884165
    0.412842631 0.89006114 0.320771098 1.19539952 -0.353427649
    0.338603318 0.809335113 1.44393373 0.893795907 1.28171587
    -0.600000739 0.938484967 0.992705643 1.14148951 0.485501647
    0.856724799 1.06873488 0.619260848 0.112787843 1.43142438
    0.140296817 1.25379944 0.449996591 0.215812624 1.63017464 1.37208939
    0.860818863 1.30814922 -0.42580092 0.461040258 0.410435498
    0.970773518 0.857955098 -0.51319766 0.264905274 0.619938672
    -0.294726789 -0.262470305 1.53254437 0.656438291 0.0424896479
    0.129375458 0.145648956 -0.352244169 1.24667072 0.0604820251
    -0.365502954 1.10830092 1.02591801 0.67202884 0.761856914 1.48865795
    -0.178631842 -0.169293344 1.40841007 1.59388638 -0.652899683
    1.36046815 0.799286664 0.343536496 -0.297541469 1.2444365 1.52095985
    0.283896923 -0.370125234 1.03757 0.497409225 0.926308215
    -0.319549352 0.47688067 0.0902402997 0.285833895 1.62212801
    1.29318416 -0.345391124 1.10659933 0.959761381 1.30945718
    -0.0151847601 0.522922754 0.497696877 -0.399203986 1.43660665
    0.513812423 0.96868366 0.851371408 0.843405962 0.0903704166
    0.704775572 1.10197067 -0.294638216 0.820412934 0.73720789
    -0.194345057 -0.542867303 1.30731773 1.35513592 0.520434439
    1.35479712 0.532327473 0.757798076 0.0493573546 1.1490171
    0.302272379 0.0949296355 1.4837209 0.529460549 1.41327667
    -0.357776672 1.37422693 0.429669797 0.337768734 0.923460484
    0.146546364 0.789043307 -0.413888395 1.30004287 0.540525079
    -0.161115706 0.0657692552 1.48107338 0.675953031 1.48981881
    1.26324892 0.666394234 0.921141148 -0.715043128 1.48132181
    1.31532347 1.11797786 -0.378546149 0.42477417 1.42066193
    -0.565306365 0.544522405 1.33261085 0.427661002 0.102249771
    -0.299279928 0.80724895 -0.239840388 -0.239402324 0.981663525
    1.45354915 0.985518992 0.933260441 0.117145419 -0.143505484
    -0.434020162 0.376485765 1.28191805 0.185412943 -0.0161458254
    1.19495654 -0.141138703 -0.253720492 0.938295245 1.09865904
    -0.11082685 0.799708247 0.969183147 -0.107272804 1.52452636
    0.144654989 0.90331775 -0.158471346 0.138354003 0.468209624
    0.072339952 1.48961234 -0.422812283 1.27336109 -0.229875684
    0.230063558 0.356626391 0.959097207 0.803105116 -0.318260163
    0.0284884274 0.193237722 0.868724883 -0.421038568 0.454545856
    1.04780591 0.726549208 1.05677712 0.465675533 0.515324354
    0.0704618096 1.51006234 1.22258306 0.567880332 0.238863528
    0.746080756 0.449655473 0.973008394 -0.541227579 1.01332176
    0.459696889 -0.394561917 0.544706643 0.753684342 -0.184984207
    0.588719368 1.14532542 -0.468412936 0.99453634 0.733455539
    1.34694612 0.060577929 0.231172383 0.272905111 0.688788652
    0.902084708 1.58099329 0.679831743 0.0700973272 0.160178959
    -0.0399097204 -0.0736248791 1.39815474 0.852566302 1.35709369
    1.29816544 1.22499442 0.512491345 1.10001516 -0.123771787
    -0.637943447 1.2516259 0.389583349 -0.452025533 0.723006964
    0.871127665 0.544645429 0.038736105 0.7673859 0.891463101
    -0.185603678 0.417124927 1.23108387 -0.231444001 0.745414436
    0.10392195 0.0473448634 0.865688086 0.530120432 0.310204864
    -0.560786784 0.149412751 1.28683758 1.26657724 0.405933261
    -0.200021252 -0.356555402 1.73523295 0.602985084 0.230236709
    0.22030443 1.12063336 -0.111177266 -0.119775712 1.42064857
    -0.501335144 -0.520776391 1.02155209 0.600591779 1.24776554
    0.20014888 0.195156872 -0.324817419 0.472407579 0.925249279
    1.04628301 -0.363055229 0.632031679 0.0694165826 -0.240007788
    1.60271895 -0.148973882 -0.135198236 0.942640483 -0.579863608
    0.695704639 0.769990444 -0.115810454 -0.131081492 1.25235558
    1.5458684 -0.450837553 0.892970562 1.39356637 0.971722424
    0.935293615 -0.281109512 -0.318322808 0.144341886 1.44806957
    1.13897741 0.94310528 1.49860859 -0.479074508 1.3542912 0.0454337001
    0.917298079 0.13015008 1.55404794 -0.203693062 0.112485826
    0.58806932 0.694450259 0.113566995 0.963028193 0.714702547
    -0.192964375 -0.179355651 0.458320528 -0.155239969 0.187496662
    0.208331227 0.00190001726 0.893750668 -0.222653866 1.10141158
    1.31043458 0.297914624 -0.0413563251 0.268482208 -0.25645265
    -0.46648711 -0.338689834 1.17710161 -0.129030585 0.445548475
    1.35870862 0.505002856 0.993426204 0.635834813 -0.101287425
    -0.0616391897 1.23972487 -0.663529813 1.31575727 1.51014197
    -0.549994946 1.12262607 1.10169768 -0.596418858 0.907936811
    1.5528481 0.331453979 0.656072199 0.888848841 0.439991295
    0.349926949 0.505872786 0.457507789 1.03993726 0.380574346
    0.656400084 -0.178860307 0.874006629 0.546444356 0.862268269
    0.667115271 1.03785396 -0.205374002 0.176217556 0.477470458
    1.44635773 0.603279889 0.307301939 0.51749295 0.987841606
    0.580266774 -0.0724846721 1.26269841 1.42351675 -0.411702335
    -0.60134095 0.120318651 1.04064214 -0.309465617 1.55384469
    0.061013341 -0.367211819 0.821546018 1.35419536 -0.461926639
    0.750406802 0.510891795 -0.288834661 1.3472867 -0.498823106
    1.03741193 0.47418201 0.882055879 -0.387693971 0.956076264
    0.41932714 -0.554637909 -0.240865737 0.748416185 1.19545174
    -0.222451806 0.578479886 -0.513071477 1.04749978 -0.0371237695
    0.0885657072 0.982208133 0.776639998 1.12309146 1.29765689
    0.663711846 0.0443017483 0.962160408 0.930113673 0.691066802
    -0.552152276 1.23363817 0.835243642 0.4142856 0.771290004
    0.0307694674 0.369155228 0.451057494 0.853518486 1.06268764
    1.35961938 -0.155949354 0.26788789 0.0355810523 0.395740569
    0.401644707 -0.255472749 -0.261203647 -0.193092555 0.216531873
    1.18628097 0.595741749 -0.479992747 0.663811564 0.677340209
    0.162644207 -0.407487154 1.0771333 -0.464595556 -0.0469895601
    1.03660011 0.29442358 -0.21926862 0.174164951 1.10659742 1.36577785
    1.37698078 0.873701632 0.348402321 0.380040824 -0.249717385
    0.629497647 0.0436108708 -0.513363481 1.14258933 -0.583832562
    1.23959255 0.681095719 -0.11691618 0.972437859 0.136647582
    0.389917374 -0.14782542 1.17005181 1.30720067 0.316268206
    -0.36075455 1.06469631 0.869990587 0.360970378 1.3302362 0.439183176
    -0.218292117 0.157989919 0.547080159 1.35101891 1.30863273
    -0.0304564834 -0.372074902 -0.0548354089 -0.398603141 0.990303159
    0.571133375 1.39919114 1.12150788 1.37718785 -0.103915691 0.82436043
    0.203867972 -0.249913067 1.49407434 0.622571945 -0.152367353
    0.357492805 1.13657391 0.650963068 -0.322542995 1.4356997
    0.801723659 -0.233501703 0.0554460287 -0.44505465 -0.359400928
    1.53635955 -0.195366651 0.364028573 0.959335625 -0.0819038749
    -0.0518802106 1.58299351 1.3477335 0.206485748 1.41809368
    0.550608575 1.09970224 0.62559098 0.135402918 -0.0646657944
    1.11217129 1.23182845 0.386490226 0.0222381353 -0.191551954
    0.799124002 0.127347708 -0.500229716 0.910005748 1.0332818
    -0.154392898 0.562054455 1.17548168 0.237078607 1.24430025
    -0.423868537 -0.487647355 0.658707023 0.607367814 1.09889674
    -0.384210497 0.591795146 -0.0829200745 0.803889155 0.779686391
    1.38973355 0.263745725 -0.640297472 0.94772476 1.45532751
    -0.393103033 0.212811351 0.330845535 0.413309693 0.689917088
    -0.0404118299 -0.365975261 0.476192653 -0.140753716 -0.207488567
    -0.0542191863 0.610856295 1.39494765 1.37175381 0.914827764
    -0.126193106 0.165904939 0.979201198 0.152491629 0.692846775
    -0.384049833 0.808798313 0.818351924 0.354813278 0.195587575
    1.50488567 -0.37057662 0.942664981 0.807432234 0.456922412
    0.393624544 1.33115947 1.10366225 -0.367068559 0.482436836
    -0.216041982 -0.257304639 1.03786707 -0.339205772 0.721630096
    1.28220844 -0.244585931 0.236484408 0.977257848 0.165118217
    0.730273843 0.983635008 0.357496798 -0.675078392 1.21759748
    1.04313087 0.499041796 0.791315079 0.989031255 -0.420266151
    -0.173623025 1.46848226 -0.655255735 1.22441292 1.36646247
    0.120279431 1.39030361 -0.0911323428 1.31826186 0.42662394
    0.90855515 1.16511941 0.788934886 -0.0930410028 0.345593452
    -0.275495172 0.820009708 0.325576186 -0.11231479 -0.140430808
    1.02040112 0.0735135674 -0.140155256 1.01681972 0.528388858
    1.52596724 -0.11244905 0.300498784 0.462226272 0.134975255
    0.076620996 -0.445464551 -0.0854298472 1.53730869 1.33206582
    0.174693823 1.44526386 -0.37434113 0.530816436 0.0383297801
    0.757113874 1.19850552 0.190809906 0.612091899 0.725995541
    0.971961737 0.204639256 1.20492172 0.021402061 1.44610107
    0.235095114 -0.18253538 -0.122102439 1.11935472 0.321570396
    0.812723696 0.393045366 -0.269311011 0.440344036 1.39420748
    0.85172385 0.116948307 -0.0974069238 -0.0773691535 0.252205312
    1.22197032 1.46035242 0.0195941925 0.0534173846 0.741106033
    1.23436964 0.578613579 0.760354638 0.585446775 1.11666846 1.34919763
    1.20347917 -0.58465749 0.636889696 0.660737872 0.875074685
    0.471579015 -0.619461 1.36846721 -0.624168932 0.481419325
    0.0849118829 0.970840991 -0.0164994001 -0.21550864 0.772906899
    0.540010691 0.881813467 1.440359 1.24166608 -0.186036944 1.17595923
    0.107679904 -0.193431556 0.679383636 1.19525671 0.227840424
    0.159279764 1.0100925 -0.531115294 1.12806928 1.25357103 0.984594703
    0.821278214 0.190767705 1.07448947 1.14960766 0.52338922
    -0.349645913 -0.185583472 1.14771235 1.14518368 0.549197912
    -0.242615491 0.875643671 -0.119359523 0.273916841 0.768127799
    -0.671128094 1.31180763 0.923695564 0.503305256 0.14718622
    0.217521667 -0.020388186 0.663261175 0.710411608 -0.29672724
    1.09442282 0.00382524729 0.532078147 -0.609569311 -0.226299644
    0.153275669 -0.338481307 1.40065598 -0.122338027 -0.100310147
    0.329812676 -0.32432726 0.156513214 0.463838339 0.0881775618
    1.17594886 0.43631357 -0.106532812 0.327778339 1.41231632 1.45274305
    1.38304007 0.835978448 -0.375616252 0.769603193 0.883451462
    -0.106462389 0.598585486 -0.446132451 0.981043339 0.5254125
    -0.112117022 -0.449802488 -0.479828179 -0.0876451135 1.63209152
    -0.426025689 0.893124819 0.713216782 1.03607559 -0.418915123
    1.56355214 1.10297632 -0.20623675 0.0972335339 1.57038975 1.6047039
    -0.312593251 1.60749567 0.754754782 -0.162051439 0.346433103
    0.839560688 0.969030797 0.380091071 1.36234856 0.579221964
    0.626069963 -0.13293162 -0.0817061663 0.921829939 0.201073885
    0.216599703 0.798434198 1.05941403 0.87948072 0.301490843
    0.732137918 0.600222886 1.36899841 0.74881345 1.2682004 -0.57289958
    0.323041439 1.55655742 1.19521809 -0.388260722 0.900512159
    -0.130849779 1.13739324 0.336733103 0.571128666 0.365707397
    0.587412894 0.230621517 0.164119363 1.30316901 1.63587773
    -0.248173803 -0.420575798 1.60030532 0.280707479 -0.23360166
    0.674800456 0.705813706 0.0385729671 -0.136559188 -0.117157847
    1.04588056 0.922532499 0.810502589 0.44069308 0.270433486
    0.654018879 0.720396042 1.24907517 0.405258775 0.664761782
    1.35679221 -0.643261552 1.35975814 0.861870587 0.65025121
    0.897262871 0.825004995 0.858910382 0.965664983 1.17209089
    -0.515403926 -0.3299779 1.56757903 -0.432115436 0.791208804
    1.20355177 1.47052622 -0.371274054 1.29359972 -0.429765671
    0.0782987475 0.996223271 -0.13659513 0.790072083 1.08169937
    0.145630121 0.0711730123 0.813250422 -0.268412679 0.941668689
    0.480122387 -0.398311466 0.685398638 0.89556092 1.44666243
    0.378734291 0.251044035 1.15836644 0.930966198 1.11708713
    0.404069424 0.27489984 0.191519976 1.47330976 0.0204145908
    1.36299109 1.18638062 0.369179964 0.215213895 0.394494414
    -0.421421647 -0.325793684 0.649948597 1.11432862 0.344857931
    0.888920546 0.94636035 -0.421466172 0.0939930677 1.28074956
    -0.126116216 1.16528749 -0.488944143 0.408207655 0.0991604924
    0.0151183605 0.137448609 0.449025273 0.75645566 -0.206546217
    1.09448576 -0.606392562 0.82850945 -0.441582382 -0.527652442
    1.12742782 0.844728887 -0.390480787 1.07253528 0.259736598
    0.54569304 1.01472378 -0.197922349 0.269917727 0.317039967
    1.22138739 0.436968148 1.41846609 -0.165504158 1.43999743
    0.255553603 0.533683777 1.38615489 0.80649066 0.526721895
    0.123630643 1.5957402 0.66529721 0.841170609 0.861594856 1.60090125
    0.873212039 0.769810498 -0.511960804 0.780173838 0.949114919
    0.683145344 1.18850672 -0.507144213 -0.144191504 1.47105491
    0.512330294 -0.35642603 0.242550313 0.19291687 0.371937752
    0.583189547 -0.12627089 1.29161549 -0.42818135 1.55068445
    -0.633960247 0.253850579 1.46691918 -0.706207812 0.650688767
    1.46543908 -0.135983288 -0.257771432 1.01401377 0.936793149
    -0.282430351 1.1826551 0.721147776 -0.463585675 0.784834027
    1.11384118 -0.0496216416 0.831379592 1.33624649 -0.171998084
    1.38263249 0.93332243 -0.13808468 0.795196235 -0.109358311 1.4343226
    1.15676093 -0.111319244 1.22880745 1.31830883 0.53210634 0.641295373
    -0.364803493 1.40014291 -0.323236644 -0.10899356 0.268254459
    0.7708022 -0.436179668 0.00314322114 0.345919907 1.11221814
    0.517154276 0.844704807 -0.500463486 0.720679104 0.629082859
    -0.525632262 0.160894692 0.436976075 -0.458564043 1.39071202
    -0.0944723189 -0.54618752 1.38309813 0.316724539 -0.547150373
    0.327224374 1.00644171 0.594550908 -0.449521959 0.540546238
    -0.2150383 0.914796114 -0.322137326 0.774121344 1.50700331
    -0.209589779 -0.459441274 0.870322764 1.27604318 0.977654099
    -0.113268077 -0.339019686 0.281392038 -0.416411996 1.31156087
    0.0622168183 1.33098054 -0.0295186043 0.768824339 0.154075027
    -0.336219311 1.09844601 0.864314198 -0.223979592 1.2253685
    0.861920297 0.760700762 0.349954545 0.940267503 0.383048654
    0.493412971 -0.174815416 0.972230077 -0.0627269745 1.34668422
    1.24116254 1.10767317 0.601902783 -0.136551619 0.608632505
    1.36801648 0.582851231 1.00517344 1.25673342 0.0782940984 1.20154452
    0.443484187 0.510802388 1.29396737 0.703518093 -0.199801594
    1.01415551 -0.340419263 1.31827545 0.67010659 0.145498633 0.42890197
    0.136862278 0.0374522209 1.63784552 0.480777919 0.270680666
    0.625770211 0.941159844 -0.288172811 0.979370475 0.269984365
    -0.359640002 0.764549017 -0.118381083 0.18654108 0.400592506
    0.953959882 1.07681823 0.952318966 0.895535052 1.16577721
    -0.444193393 1.30528688 0.874504745 0.367724478 -0.229395181
    0.727022171 1.23260319 -0.0371221304 1.32656872 -0.236869305
    -0.422967136 1.44951057 -0.477824539 0.347668946 1.19029522
    1.0289818 1.42046332 1.39976442 1.40980768 -0.243545651 0.416122496
    0.83519125 0.143684924 -0.536762476 1.54202187 0.95122242
    0.221036851 -0.152529359 -0.0935349762 -0.427515179 1.28989077
    -0.277449906 0.113917232 0.756154478 -0.674745142 0.413997352
    -0.0368259549 0.0563836098 -0.588183105 1.2813096 0.809725821
    1.04573441 -0.566959381 1.24364352 0.888071954 1.2534014 1.13895667
    1.12974596 -0.176084876 1.56712747 -0.0396938324 1.42416668
    -0.370137811 -0.346500695 -0.129345268 0.558379412 1.10457611
    0.607598364 0.682266176 0.142810702 1.45168042 -0.0561795235
    1.30612576 0.778090596 1.44445252 0.0500612855 -0.337017566
    1.52605462 1.54826105 -0.105374932 0.534351587 -0.222872853
    0.317254901 1.70330572 -0.0403195322 -0.297345579 0.635845065
    -0.21405369 1.50313711 0.451892674 -0.0311228633 1.13302708
    1.38506055 0.12571311 -0.134819329 -0.331166089 0.561775744
    0.780393243 0.629182696 1.1313206 0.793058217 0.679136872
    -0.545205832 1.5411644 -0.138297021 -0.0933203101 -0.399081916
    1.11019456 0.362144411 0.507595778 0.323779225 1.27388382
    -0.605743766 0.842193067 -0.180954695 0.702034771 -0.106703758
    0.0884226561 0.0394003391 0.394255102 -0.0136733055 1.16005635
    -0.0248166919 0.412763834 0.957896888 0.39068979 1.43497229
    0.126928568 1.36870027 0.908636868 0.497887194 0.822564483
    -0.553323567 1.28622401 0.746277034 1.67935157 -0.0488331914
    -0.209366605 0.249039501 -0.161402792 1.35809922 0.585147262
    -0.28142789 -0.279795945 0.924991786 1.18655932 0.860661924
    -0.292024493 1.30821896 -0.555589139 1.5472827 -0.189689219
    -0.0461302996 1.29234469 0.852479875 -0.400902629 0.876559556
    0.603236437 1.18969107 -0.373413175 0.187526584 0.356788695
    0.71022141 1.35464549 0.977880895 0.375369132 1.1714834 -0.592036486
    0.222796261 0.568127275 1.04347205 -0.494518012 1.53657103
    0.0320997834 1.00386822 0.966959417 -0.459649742 1.53242373
    0.802866936 0.446369588 0.982964516 0.56742698 0.688157082
    1.08235049 1.38994753 -0.01331985 0.27100724 1.45606399 0.788774908
    1.27081835 0.783793271 -0.0631279349 -0.293786496 0.7950297
    -0.278390855 1.55899167 -0.0843088627 0.209871113 0.324988008
    0.619056761 -0.420012236 0.772138894 1.48132753 0.648782134
    1.10963225 0.359032452 1.24947 -0.372860283 0.575864971 0.689098418
    0.120777786 -0.199282885 -0.290515989 0.633732259 1.29530919
    1.32094049 0.979459822 0.362736642 0.452427924 1.13749576
    0.391223073 1.22850251 0.374239385 -0.448207557 0.340383947
    0.901342213 0.346526504 1.24464631 1.28264165 0.493561208
    0.715784967 0.533964992 0.710170567 -0.144293427 -0.174157083
    1.12787354 -0.550374985 1.00118494 -0.20094955 0.83579284
    0.0323152542 0.562939048 0.798838794 0.898103476 -0.40701282
    -0.586367607 1.60574567 1.31667662 -0.13652426 0.119329274
    0.782260239 0.131386578 1.57482958 0.557810187 0.0210139155
    1.54896283 1.54911089 0.023085773 0.27241075 0.979028702 1.21606052
    0.756020606 0.567631185 -0.023943007 0.702493906 -0.0215964913
    1.35459363 1.2445538 0.306805372 0.0740707517 0.389750898 1.32124925
    -0.0601899624 -0.127728641 1.58064103 0.401343524 1.04743242
    -0.473429531 1.41295195 1.35110211 0.842894495 -0.041267395
    0.622591615 -0.481796622 -0.234412551 1.46763062 0.771294296
    0.807416677 0.0159275532 1.59329796 -0.53629446 1.20743132
    -0.0732493997 1.15977407 -0.246861398 -0.462998509 0.363942683
    1.39794374 1.17150688 1.41341782 0.286579072 1.14412582 -0.120639861
    1.21531773 0.378378808 0.879129112 1.17603803 0.724764526
    0.921517551 0.409532428 1.37719977 -0.291162372 0.981971145
    -0.285693377 0.0199243426 -0.453056931 0.519166768 1.46402502
    0.48704493 0.90424943 0.227065444 -0.442381084 1.04864502
    0.206182361 -0.220069259 1.08484054 -0.485585958 0.275994062
    1.24892902 0.77024585 0.610876918 0.285336316 0.496295452
    -0.11350292 0.596170545 1.40545869 0.556279957 1.231812 0.795443177
    0.278259575 -0.301281929 0.16703099 0.328371644 1.3046211
    0.932694256 -0.0319215655 -0.0251255631 0.738187671 -0.163059473
    -0.511487365 0.91948241 0.560115457 -0.26802963 -0.190297514
    1.09860015 0.350322068 0.522175252 0.340987206 -0.455961853
    -0.300941527 1.38025641 1.44479775 0.0396345258 0.255546391
    -0.374573171 -0.124872506 1.08021092 1.24989605 0.419454098
    0.319026291 1.10445952 1.34729719 0.241099 1.0726614 1.40235996
    -0.394345641 -0.386385947 0.530866563 -0.41552797 0.786936402
    0.838413119 -0.0197015405 -0.352949798 0.836892128 -0.290460944
    1.0536468 -0.0134453177 0.889940143 1.49126768 0.86689961
    -0.298580676 0.38099581 -0.0144803524 -0.109968469 1.62515974
    1.02870107 -0.367100477 0.0705981255 1.17559505 -0.599993944
    1.02719748 -0.66435802 1.50057209 0.198247015 0.773880005
    0.924923182 0.41793561 0.0646496415 -0.28583473 0.64366293
    0.951062024 -0.222558677 1.03188753 1.32384896 0.894127846
    1.03301001 0.804721534 0.144828796 1.13877952 1.39562607 0.126760185
    1.08187187 0.125357449 1.46632791 1.22281146 0.790982366
    -0.311419964 -0.53172636 1.14577699 0.587570906 -0.142376125
    1.68664455 -0.235886693 -0.393978238 -0.345756918 0.17122376
    0.0723782778 1.28021622 1.24759746 1.49151874 0.243765056
    0.984165013 1.42945206 0.41396451 0.831077218 0.242608368
    0.817516148 -0.167923346 -0.0466863513 -0.320414782 0.0478029847
    1.14063168 0.650925875 -0.0933188796 -0.104629815 1.21176052
    0.487261891 -0.45935756 0.268139541 0.976874948 -0.164920449
    0.351715744 1.05473685 0.257615447 -0.431502998 1.21879268
    1.04170513 0.210200548 1.19506502 0.433929801 0.686039269
    -0.0177652836 1.33569813 -0.293972105 0.285762548 1.05432534
    -0.300945193 -0.132534415 0.0814992785 0.129869461 -0.209258884
    1.04842103 1.19081926 1.44661379 -0.509464622 -0.0708867311
    1.1928854 1.21250021 -0.163922161 1.3795532 0.786512613 0.653281927
    -0.0506537557 0.835009217 0.930825531 0.830183506 -0.468272626
    0.298955023 0.601495028 -0.365073144 1.48229909 1.41025221
    1.09048343 -0.393066943 -0.0693634152 1.29063702 0.817676842
    0.550804198 -0.376949996 -0.249985516 0.321171165 0.953648746
    0.365145504 -0.423254609 1.13814378 1.43290484 -0.517287612
    0.200366676 0.627737522 0.243093967 0.553335309 0.641010702
    0.614063144 -0.41414687 1.50234866 1.22868156 -0.299136668
    -0.0343112946 1.12416434 1.06705213 -0.0329192877 0.523141086
    0.730774343 1.3924942 -0.166114688 0.38376528 0.696190953
    0.630839348 0.0314282179 0.0914250612 1.61244082 0.377499521
    0.909977853 0.954596937 0.282397509 0.589876056 0.663869917
    1.54975367 0.250372231 1.35523903 0.298124433 0.278341293 0.87616092
    1.05120873 -0.362385899 -0.631084085 1.23835647 1.06505442
    0.471298575 0.275650263 0.790555477 0.870461643 0.108927369
    1.01756573 0.240824521 -0.135410011 1.35214925 0.294520557
    0.395727813 1.14767933 -0.486606777 1.06501186 1.34411073
    -0.395536095 -0.581790805 0.981667578 1.24371743 0.88280493
    0.275289237 -0.601874053 1.01326215 1.09322858 -0.160649151
    0.28558749 0.625612557 0.757267416 0.793995857 0.370965004
    0.355149508 0.290932655 1.4814136 1.05113029 0.931093872 0.913826346
    1.32374787 -0.127079159 0.520736754 1.06419826 1.16244864
    -0.415092736 1.27503788 1.40427423 1.42329538 0.901211858 1.06216812
    0.530553937 0.535398424 -0.348303378 1.33589768 -0.129890025
    1.23766446 1.0898025 0.832493186 0.578753173 1.3709414 -0.623352945
    1.50377584 0.729038477 1.24460626 0.406499684 0.602736592
    0.549955249 -0.420856476 0.842239141 1.23250425 0.941774011
    1.15984941 -0.0667762756 1.23786676 0.0496402979 -0.309442788
    1.34591794 0.636551261 -0.320810914 -0.387949437 0.560916722
    0.039702177 -0.302547842 0.75711906 -0.464834541 1.52091765
    0.931399643 0.433039188 -0.100700676 -0.180618763 -0.356622756
    0.613426208 0.952325463 0.403432667 0.176205426 -0.401854783
    0.176544547 -0.105530888 0.0604199171 0.875603676 1.28559256
    0.987438858 0.806196928 0.147292316 0.100618899 0.510068536
    0.295060754 0.840769887 1.40770292 -0.30813998 0.180863261
    0.871570647 0.19815129 0.792557836 0.596802711 1.34558821 1.0753715
    0.227007568 1.14199471 0.103238761 0.559181631 0.415618241
    -0.52244848 1.63170767 0.397162974 -0.485104471 0.0641875863
    1.53449678 -0.480775595 0.729873717 0.571603656 0.691494823
    0.316051424 0.424159229 0.267701209 -0.0799173117 0.733541787
    -0.473970711 -0.238100588 0.595331669 -0.309108347 -0.469649255
    -0.595062077 0.127373815 1.12740588 0.613327444 0.882256985
    -0.520309746 0.709989011 -0.397072971 0.733299911 1.49296415
    1.37314677 0.273818851 -0.00313359499 1.55037045 0.384713411
    1.30095005 1.26906419 0.978481889 -0.160097659 0.180977225
    1.06829214 0.216242492 1.42181027 0.332314372 1.22281027 0.469907701
    -0.103875875 0.512510657 1.27122283 0.703043997 -0.480363965
    -0.351506293 0.511865318 1.44454741 1.40086603 -0.382314116
    0.608407915 1.4019922 -0.452359378 -0.0431443155 1.66213071
    -0.415485919 -0.504506707 1.40763187 0.294821203 -0.311149567
    0.228238761 0.408973396 -0.353601366 -0.046813786 1.159096
    0.730356812 1.2795229 0.759679794 0.152337253 0.798841 -0.23460865
    0.713293552 0.253419101 1.23107362 -0.383716971 0.474308074
    0.913793921 -0.443495214 0.46594286 0.963854551 -0.241409987
    -0.26231125 1.52141166 1.23070359 -0.112352908 -0.461517453
    1.20816147 0.375492036 -0.557835639 1.52960634 1.50311804
    -0.259803861 1.46718585 0.0362502933 1.23596931 0.209412754
    1.09699512 -0.176113009 0.207452416 0.309695125 0.423261523
    0.835151076 0.365047514 -0.135882139 1.30236137 -0.389166385
    1.05693364 0.777596593 1.17850566 0.11944443 0.339949667
    -0.307348192 0.0745894313 0.645489693 -0.581884861 1.48816943
    0.515837014 -0.425747395 -0.171499461 -0.341893345 0.656080723
    -0.510064721 -0.451524913 1.01175594 1.09077883 -0.503643155
    1.32938743 1.40918851 -0.163374245 1.41450596 1.18824089
    -0.152636468 1.40399218 0.366907239 1.43727052 0.846262276
    0.810105324 -0.642246962 0.734506071 0.827088118 0.888263345
    1.01034832 0.112987638 1.23591948 0.898049951 -0.521444917
    0.569095373 1.23437262 1.34863329 1.34099412 0.453276932 1.37852192
    0.691121697 -0.0392930508 1.17057836 0.158449888 0.836108387
    -0.645273447 1.044186 0.741136789 0.517879069 0.894497156 0.45371139
    0.350919664 0.100357771 0.205975354 1.11871481 0.926901758
    0.0339615345 -0.0784372985 0.975128889 1.40050244 0.21155268
    0.355972946 -0.602276325 0.321695685 1.35667682 0.137388289
    0.247458637 0.803879082 0.353649318 -0.40751183 1.17379403
    0.44839859 0.0890797377 1.39569461 1.30995917 1.37087679
    -0.0633699298 0.323339939 0.742239833 0.267148793 -0.239936888
    0.52032125 -0.358699977 0.183760971 1.50564837 -0.182693124
    -0.324488461 -0.245185554 -0.309828222 -0.00569844246 0.543956637
    0.326220095 0.654518843 0.611761391 0.327907681 1.26004624
    0.962376773 0.737510979 -0.157616168 1.49394727 -0.0443494916
    -0.561562777 1.25202632 -0.0808917284 0.830182552 0.276649177
    1.06684661 0.788441181 0.984710634 1.49205732 0.249304861 1.63953137
    0.318207026 1.18007207 0.243193328 0.999839485 0.285263717
    -0.388098031 1.31367433 -0.543710351 1.53829718 1.01140952 1.1316874
    0.835353971 0.389003992 -0.0417544842 0.700164139 0.275461912
    1.35867107 1.52686393 -0.327969283 -0.107941449 0.286641717
    -0.126443267 1.14550447 0.133740842 1.09630108 -0.121816039
    0.465417445 -0.24831751 0.485834599 1.53606248 1.44241321
    0.312505424 0.905108511 0.541676164 1.04826546 -0.718397081
    1.61373401 -0.491838276 0.257976472 0.67546308 0.0305784345
    1.37438226 1.00795627 1.49683785 0.171020269 1.61413944 1.11488628
    0.538967371 0.0135138631 0.135537744 1.43424249 0.504539549
    0.605088472 0.619018734 1.13963199 0.698559463 0.392515063
    0.930777907 1.29675674 -0.105761409 1.36039984 -0.188149333
    -0.36880666 1.12927055 1.32357645 -0.0825188756 1.24806237
    -0.335981905 0.665716887 1.28049445 -0.649982989 0.73800385
    0.658047378 -0.633719981 1.41257179 0.517758846 0.239007294
    0.902438879 -0.520692229 0.149970174 1.0097971 0.293425262
    0.711802423 0.484670222 0.582543969 -0.31523478 -0.140103877
    0.0234476328 -0.0873171091 0.523843408 0.778079569 1.60828602
    -0.473606914 0.144779325 1.60923874 1.03442514 0.801648438
    -0.118232608 0.602614105 -0.189679921 1.49815178 0.729314744
    1.54539967 0.909623861 -0.328772992 -0.00321608782 -0.102047056
    0.322086394 0.0597245693 1.15854335 1.09244728 0.519946814
    -0.602277875 0.923939943 0.0786796212 1.37731695 0.378079236
    -0.0951547623 1.30827606 1.45124376 0.521513581 -0.265839785
    0.0179296732 0.251709402 0.853484809 0.195922077 1.00707901
    1.2431196 0.737029612 0.220653176 1.55661535 0.0728397965
    0.576658845 0.886085272 0.708781719 0.41484791 0.449089289
    -0.181662083 1.00131571 -0.533959389 -0.0779503882 -0.440409988
    1.38782811 0.732010722 0.0777024627 1.05305409 0.722894967
    -0.444659442 0.109146297 1.25802636 0.334293127 0.724850655
    -0.437535256 0.937157989 0.990996659 1.26916361 -0.155271053
    1.04582965 -0.395149261 -0.605220556 1.23382211 -0.520931304
    -0.379953474 1.15881407 0.685370982 -0.64451468 0.485101342
    1.20074511 0.826385438 1.0161345 1.09933496 -0.0310790539 0.41584444
    1.26696205 0.814764082 0.813020051 -0.228441894 0.845758915
    1.44073892 0.0569452047 0.459417045 0.121043444 1.07880259
    -0.256906033 1.03340006 0.229868054 0.775316358 -0.230683267
    0.935347199 0.760307312 1.11786366 -0.595531821 0.572863936
    0.896114767 -0.197325766 0.0338311195 0.0202069283 0.971412599
    -0.171673 0.918419302 -0.394998968 1.04008889 -0.362918377
    -0.349335134 0.537096322 0.29069978 0.308125079 0.74062115
    -0.322048724 -0.112331122 -0.370563596 0.41719383 -0.0612202883
    1.28281498 0.885895729 0.0842238069 0.518675923 -0.668918908
    0.673378229 0.577166319 -0.581552565 0.65787077 0.415438056
    -0.414218813 0.0201023817 -0.328592926 0.897714972 -0.483132005
    0.549380004 -0.183015138 1.34572983 0.349904358 0.248604953
    1.49085677 1.47034192 0.135197282 0.661930799 1.03521264 0.914542735
    -0.0208082199 0.28008604 1.13129568 1.46362329 -0.148873121
    -0.280191511 0.999240518 1.31791699 0.991564631 -0.366543263
    0.025657475 0.662057996 -0.336714298 -0.186376363 1.1470108
    0.564261079 1.03295398 1.50763655 -0.174906373 0.820008397
    0.86949563 1.12831521 1.32093334 0.182125747 0.719834387
    -0.239297539 1.16683102 -0.587865591 0.865850985 1.38511133
    -0.281224549 0.855275989 -0.211869955 -0.321276337 1.09534883
    -0.145587981 -0.113609999 0.12554431 0.520780802 0.765962958
    -0.238295376 0.88420397 1.25627685 0.267629623 0.917128921
    0.175963283 -0.552417159 0.788043022 0.473025501 0.099840343
    1.12418938 0.75983119 1.05674052 0.771052897 0.746331513 0.674994826
    1.53474617 0.334046066 -0.562257171 1.29193723 0.782822073
    -0.493097275 0.422255635 0.0504934788 1.12558699 -0.388128847
    0.830108762 0.374354959 0.78568846 1.1797117 -0.279028744
    0.644444108 0.37390095 -0.416413695 0.574506521 -0.445848346
    1.32270074 0.65378809 0.177366495 0.269503534 -0.596026123
    0.785891056 0.692202985 -0.0792072415 1.39512873 0.0198954344
    -0.221112192 0.632052183 1.28659904 0.981704116 0.389907539
    -0.241608262 -0.284687519 0.652465045 0.383310199 -0.482317567
    1.03860354 1.21457863 1.06567872 0.594330609 0.0569688082 1.4853245
    0.430985868 1.22675896 1.45536685 0.0427879691 -0.21919328
    1.46520638 0.166586101 0.0537339449 0.447178364 -0.555170774
    0.572152138 0.337982357 0.316310048 0.489183307 0.928896189
    -0.0604102015 -0.502056181 0.682890356 -0.0696723461 0.820878267
    1.2227366 1.18834615 -0.0183771849 0.246178746 1.09087634
    0.907806218 1.48835349 0.710827887 0.77004844 0.811161995 1.54769003
    0.492242634 0.429327428 0.14877063 0.654293954 -0.608227372
    1.60783041 0.257185042 0.193577945 0.677236795 1.06966829
    -0.426127821 -0.496842563 0.0980904102 0.343629062 0.297572076
    -0.0951468349 1.3719213 0.72799021 0.586162269 1.25862646 1.27628994
    0.137071609 1.20446634 1.55174017 -0.358371288 -0.148693383
    0.645139098 0.112253547 -0.535806954 0.363964796 1.03032124
    1.07579684 -0.305098265 -0.0591331422 -0.0526414514 0.213375688
    0.146150649 0.349670053 0.405192077 0.309061825 0.747344017
    0.553103983 1.46774507 1.06608582 0.697236896 0.341709137 1.09957743
    0.63689208 1.09712601 0.214693069 0.468985379 0.345209002
    0.788348198 -0.391151011 1.11656201 -0.542379022 0.924271107
    0.0413470268 1.43416762 0.413852334 1.48798299 -0.325462461
    -0.147270083 0.0629038811 1.42201567 0.945950985 -0.0908822417
    1.23103166 1.22429729 -0.397042871 -0.108123094 -0.203312188
    1.01817632 1.31234694 1.38008654 -0.139186203 1.36592698 0.521217525
    -0.466179609 0.556578875 1.50431991 0.0464152098 -0.223259538
    1.08864975 -0.238282815 -0.107276738 0.919276774 0.574596703
    1.4687469 0.0881044269 1.47214246 0.0538164377 0.546487808
    1.28645062 0.207128823 0.788302183 1.11620402 1.29512072
    0.0639160872 -0.29282248 -0.0632286668 0.809823036 1.23652303
    -0.323927432 0.294014573 1.30498838 0.338932157 0.0350183249
    1.25912702 0.691465437 -0.337712467 1.59688258 0.259339988
    0.811462522 1.65046513 -0.394468069 -0.0986773074 1.04882336
    0.874827564 0.296393096 -0.721384585 1.04894066 0.737805307
    0.324564159 1.36325061 -0.603203475 1.50800943 -0.169173241
    0.638492465 0.757650912 1.1711911 -0.184190214 0.790051341
    1.41317773 0.332157493 0.465379655 -0.11574769 0.505950212
    0.227979362 1.05400574 -0.168346167 1.60896826 -0.0642907023
    0.805110574 1.11589098 1.26424456 0.632836521 1.43308771 0.303884506
    -0.0926855505 0.16570127 0.0474151373 -0.346523702 0.845888853
    0.109425843 0.481732428 -0.364178002 1.35020781 1.27030921
    -0.285008609 1.09063637 -0.415232003 1.21015847 1.05208075
    1.24984384 1.24992037 0.861025691 -0.307436615 -0.35127762
    1.21530843 0.0955608487 -0.00634628534 0.371614814 0.667883456
    -0.320638508 1.00000501 -0.39883408 0.998750091 0.0263574123
    0.509840727 0.774460673 1.41674519 0.900602698 -0.412036479
    0.540422797 1.58748055 -0.537781596 0.780189157 -0.55218488
    0.891091347 1.37919092 0.84334892 -0.464545369 1.45305812
    -0.103111506 0.170477033 0.902186334 1.59571755 -0.185662329
    0.422042966 -0.245475948 0.560231447 0.00725847483 1.38128209
    0.480301797 -0.101776659 1.38742518 0.509371638 0.593167365
    0.227547765 0.629291892 1.25436354 -0.743063211 1.17191184
    1.56630564 -0.517882109 1.49996805 0.419257045 1.47265542 1.22592139
    1.08054042 0.0603588223 1.16601431 0.669607997 0.132761359
    -0.013135314 -0.221330374 0.78045404 -0.389511645 0.44961834
    -0.223468482 1.20409501 0.404977322 0.434089363 0.330811203
    0.256546736 1.24100065 1.40451264 0.21422559 1.50019026 0.762429297
    1.53415847 -0.605174303 1.15954876 0.894748688 0.365006506
    -0.225656658 0.0752803087 0.396818042 0.321214855 -0.467420518
    1.1013633 0.225901365 -0.059230566 0.656892002 -0.276601434
    -0.36522314 0.266970336 0.134469688 0.528409302 1.58225036
    0.603263199 0.364261329 -0.491630018 1.40712261 0.697900295
    -0.592568636 1.52293968 0.884278655 -0.00472837687 0.536170065
    1.39170623 0.569157004 0.762861669 0.302219868 0.914939761
    -0.474334091 1.45999932 -0.329696119 -0.0559338927 0.727393866
    1.56779063 0.235543013 0.915891528 0.169087589 1.5617795 1.50250137
    -0.410684228 -0.265600204 0.968274415 0.867207766 1.43581033
    1.07438898 -0.281425744 0.584540665 0.984004736 1.13464117
    0.978738964 0.0743958354 0.220094085 0.974564075 -0.208185375
    0.162208736 0.128748715 -0.20949769 -0.382816344 0.261273623
    1.58530784 -0.26897341 1.4818821 -0.416038722 0.536171556 1.2261579
    0.584563673 0.72828722 0.238477767 1.5123558 1.64456344 -0.320616931
    1.07140183 1.30218911 0.686897039 0.519879639 -0.353183866
    -0.20541355 0.46267581 0.689408779 1.26008248 -0.411551058
    -0.334332883 -0.0598618984 0.740401924 -0.514307559 1.56983614
    0.24520278 1.49449492 1.31585336 0.588639021 0.552919209 1.09419179
    0.118316621 -0.00238794088 -0.401429653 1.38112354 0.859651387
    0.165215075 0.820977211 -0.167792439 1.21264708 -0.415379345
    -0.669442236 1.26903164 0.344547212 -0.20644027 1.39648914
    0.710306823 1.06358469 1.18747091 0.149695158 0.0357794166
    1.03968334 0.969443142 1.4933145 0.492394209 0.428814232 1.28363204
    0.261420071 0.16930908 -0.0813595057 -0.158955604 -0.131064564
    -0.293594956 1.02887917 -0.490236878 0.286506772 1.47329021
    1.37274098 1.43097019 0.180886149 0.360757291 0.774869084
    0.0510756373 0.969551444 0.219575584 0.205088973 1.51915503
    -0.353508234 1.10962057 0.95082438 1.19686663 -0.254066318
    0.286763489 1.28811383 0.861504436 0.823292613 1.46560216
    -0.307062298 0.704698443 -0.454929054 0.13133496 -0.422779232
    0.148641884 1.15495062 -0.344766498 -0.409489065 0.964425802
    0.0636969805 1.0808183 0.795813322 0.979195654 0.433132529
    -0.455930024 1.33363259 -0.532503963 1.52640676 0.316337764
    1.4876492 -0.403477252 0.381007016 0.829241872 -0.00581359863
    1.39625573 0.0128206015 0.189204484 0.651048303 -0.02752918
    0.93735534 1.29207766 -0.199160457 1.32109451 0.0793493986
    1.14189601 0.832280934 1.27294242 0.251280308 -0.503419042
    0.636780798 -0.16072315 0.437015831 -0.489868134 -0.467358887
    1.52638388 0.120306015 -0.135693163 1.0947094 0.280224442 1.02907109
    0.489196301 0.226059377 1.39152062 1.36479568 0.710983276
    0.894984424 -0.353234977 0.230104983 0.882504106 1.0065639 1.2642262
    0.808595538 0.150307953 -0.171230525 0.553455591 1.34007239
    0.489795744 0.274964392 0.0831856728 1.13968396 0.731362939
    1.43735409 1.35590744 0.210527122 0.52004385 -0.395560056 1.02099276
    -0.438955128 0.0149562359 -0.200201511 1.41352558 1.41527367
    0.562754631 1.62014651 0.153928518 -0.162940606 0.524829447
    0.604472935 0.810521185 1.0178895 -0.479409635 1.66011071
    0.483729482 1.59371674 0.523694575 0.354890823 1.46097183
    -0.323195398 -0.0452244878 0.113568842 0.369261622 0.61889559
    1.38081408 0.355480611 -0.193661809 1.55592227 0.648217559
    0.608568013 0.718953073 0.299874425 0.382540107 -0.394943297
    1.14639616 1.5726006 -0.353799492 1.50357509 0.181321084 1.18044901
    -0.481577814 0.963701963 -0.499567062 0.935025513 0.0327049792
    0.489307046 0.0906375647 0.386184037 1.4608016 -0.395812571
    -0.118633121 0.386466086 1.00006104 0.0094152689 0.901198745
    0.635781765 -0.210141301 1.53779292 0.561658263 1.1607492 1.14736295
    0.607207716 -0.0912394524 -0.536226034 0.563876867 1.35989952
    -0.466869593 0.0716838241 1.62457061 -0.373515159 1.47918892
    0.43779242 1.16440558 0.241233647 0.531402647 -0.361265123
    -0.559364557 1.1956377 0.114024043 0.0951007605 -0.333711505
    -0.3332102 0.891693771 -0.260913074 0.600662768 0.534193993
    1.34691536 1.45458221 0.940688252 -0.469483972 1.12398958 1.37541246
    0.788683355 0.319002211 -0.0595769882 0.0674802661 -0.0657309294
    0.181162894 -0.552312493 1.08395994 -0.546758294 -0.129949689
    0.3713516 1.23255002 1.59887791 0.687398136 0.606677413 0.0389313102
    1.34108031 0.307853699 1.45489562 -0.11901629 1.26270604 0.162653327
    0.990120232 0.869285882 -0.250234872 -0.361867845 0.0793014169
    1.43460798 0.244558156 0.10549593 -0.0801703036 0.111183643
    0.375591636 1.60572457 -0.00303542614 -0.0809174776 0.7429896
    1.40645003 1.44339693 1.06742084 1.2569555 -0.390846789 1.21722066
    0.653131306 0.102895677 0.623067141 0.752093494 -0.119212627
    -0.204745889 1.62213993 -0.0955550075 -0.448066175 0.797222555
    0.631093025 -0.377875149 0.241066396 1.24761105 0.883058667
    0.507374406 0.802025914 1.41124868 1.47750664 -0.0130876005
    -0.221407354 -0.305765033 -0.163682282 1.26140904 -0.562080383
    -0.586034715 1.39062154 0.629195869 -0.0290164351 1.06201339
    1.13449407 -0.187770218 0.375771165 -0.0923246741 0.0439661145
    -0.410639107 0.578318298 1.31531763 0.171780229 0.489357024
    -0.189743578 0.0636714101 -0.0383352041 0.935084701 1.04125714
    -0.367533088 1.47500205 -0.110954762 -0.508485496 0.190944672
    -0.0141064227 -0.187438786 1.54847908 0.717109323 0.382428765
    0.192920744 -0.502722502 1.00297356 0.160200417 0.453920722
    1.02365696 0.482139587 1.08844614 -0.379123569 0.102328658
    0.720925808 1.3584981 0.970865488 0.257702291 -0.209250629
    0.745581985 -0.180609405 0.886114538 0.268254101 1.19895101
    -0.194099545 0.930082142 0.291737854 0.0448320508 1.11821961
    -0.561825395 1.57447302 0.223439932 0.405455232 1.50809515
    0.192805767 1.41382158 -0.502550602 1.58179963 -0.570623994
    0.977564752 1.02732337 -0.258281171 0.828511655 1.5929203
    -0.642059982 0.104262173 -0.0734504461 0.246012866 0.457636714
    1.56200385 -0.113621294 0.929132938 1.17473125 -0.0428317785
    -0.509745419 1.32197881 0.641345143 1.27002072 -0.620783627
    0.485201418 0.634183288 0.263088703 0.339966476 -0.493862748
    0.457354665 0.220389426 0.0235438347 0.695916891 1.50160921
    1.37825668 0.15887332 -0.0806315839 0.576285064 -0.561491668
    1.24711537 -0.22566551 -0.345455438 0.600751758 -0.235955894
    0.505959153 1.56048203 0.241306663 -0.544501185 0.559128284
    0.388542771 -0.475994349 0.561562955 0.284334719 0.826950073
    -0.520419478 1.04260278 -0.522641659 0.775633454 -0.13297081
    1.26792955 0.576115966 0.786507845 0.422873557 -0.203244984
    0.899383724 0.353397965 -0.111032814 0.38514626 0.484674335
    -0.232339591 -0.354771852 1.4430685 -0.208322078 0.815256536
    0.51850909 0.328104079 1.06219184 -0.247139037 1.00659442
    -0.48908335 -0.025478512 0.504911661 0.168035209 1.14876068
    1.47125244 0.717597485 0.267456532 1.00354409 -0.461690933
    0.359905303 -0.185777664 0.728398025 -0.121844411 -0.169075429
    0.654322743 1.01499772 0.382627904 0.820457458 1.36096489
    0.520099401 -0.320646226 -0.0588229895 0.581978202 -0.225195497
    0.850937903 0.659035683 0.266451001 0.338543475 0.68713063
    -0.344372302 1.02651966 1.47207761 0.0379518867 1.4422543
    0.324588299 -0.444298208 1.31467187 1.50596929 0.0254025459
    1.1145215 0.387347341 1.04682302 -0.475193262 -0.330298126
    0.517797887 -0.0467092395 0.860104561 0.656919599 0.835671484
    0.873231292 -0.144177914 0.46706754 1.25341821 -0.00502115488
    -0.00178426504 1.22692013 0.175970554 0.572087705 0.788844347
    -0.298305899 -0.559862196 0.651898265 0.404768467 0.3113482
    0.04083848 0.49120307 0.772458255 0.076030612 -0.621004462
    0.964349389 0.781427443 -0.583762765 1.39384961 0.145947218
    0.499898732 -0.506979644 0.775496542 1.69797587 0.223895013
    -0.0948469341 -0.407868564 1.12003565 1.17418504 1.05163538
    0.369407415 0.313763499 0.0964518785 0.677383304 0.47184515
    0.30276227 -0.454862386 -0.198840529 -0.14869225 0.791248024
    0.738623798 -0.451554567 0.607163787 -0.501125455 1.19964767
    -0.33327809 0.12661469 0.584152281 1.25814056 -0.0468589664
    0.90306139 0.951705158 0.608468652 -0.61431092 -0.440751731
    0.304859757 -0.0930134058 -0.256391883 0.372778296 1.011217
    -0.27052772 1.57787716 1.46189141 0.878136039 1.11853743
    -0.478000343 -0.421950519 0.326528847 -0.0453349352 1.29949546
    0.510021508 1.31547284 -0.555115581 0.349399745 0.0692684054
    1.27042782 1.57986712 -0.05425632 1.4399035 0.448846638 1.22304821
    -0.568320572 1.46362948 0.737561405 1.36465919 0.513824701
    0.49096173 1.66060901 -0.596343935 -0.0475175977 1.73209751
    -0.474759459 1.71362901 0.718976915 -0.239263088 0.125081897
    0.95706296 -0.0928552747 0.571868479 1.31134748 0.37869221
    -0.521330476 -0.0632703304 1.4056766 -0.155183464 -0.579323828
    1.18891561 0.778030813 0.408017397 0.774469376 0.662392795
    1.41288173 0.625824809 1.3078618 1.32586432 0.892840505 1.29698515
    0.700680971 -0.236671031 1.16191447 0.315075696 1.07070386
    0.000696003437 1.34198272 0.710144043 -0.0563705564 -0.0429525375
    1.62575495 0.623107851 0.553809524 -0.512912571 1.57503116
    1.05813932 0.074881196 0.0399856865 0.0663797855 0.263069808
    1.25806212 -0.44421044 1.31394958 -0.0676144958 -0.000479400158
    0.603337944 1.29966712 0.503428936 -0.59098053 0.619868815
    1.40201485 -0.0326828957 0.858903527 1.46666086 -0.18723768
    1.27155578 -0.264489979 0.436556339 -0.116574466 1.1084255
    0.262349188 0.0104442835 0.113966644 1.08052313 1.6366806
    -0.402709723 1.56432402 -0.115610421 0.84433496 -0.414130569
    1.02048349 1.46027887 1.20687163 -0.126373231 0.166514993
    -0.479832619 0.95330888 -0.475551903 0.632859409 -0.26504913
    1.64461827 0.933031142 0.0454796553 1.1109333 1.02326846 0.985178232
    0.923756838 1.34262109 1.27406704 -0.302835882 1.56347322
    -0.244272828 1.25945961 -0.101865828 1.23634005 1.24171543
    0.869329095 0.769992292 -0.0500654578 1.47179019 0.163525283
    0.334769368 -0.228619277 0.897863865 1.396788 -0.212441355
    1.02219057 1.21006584 -0.185064763 0.68728143 0.494505584
    -0.145366281 0.889313638 0.443903267 0.637963653 0.786071658
    -0.116131604 1.21928978 1.1994009 0.534644961 -0.537358999
    1.16346729 -0.281368703 0.140895307 -0.178928047 1.04332733
    0.360681117 -0.196291894 0.53625232 0.724142075 0.201540112
    0.171684325 0.885285914 0.678655088 0.443397641 0.887504399
    1.35962152 0.19541198 0.0959220529 1.11078942 0.852167785
    -0.391972274 0.390044868 0.989987493 0.673017561 1.08897519
    1.44720364 -0.616347015 0.13072437 -0.470918477 1.33586526
    1.22127962 -0.512865484 0.138620973 -0.365041703 0.474542499
    1.71954632 -0.176678985 0.179741323 1.07031155 -0.589173079
    1.03853869 0.911908448 -0.23110494 -0.392527759 1.14922082
    1.15139174 0.979087293 0.798106849 -0.156867266 0.116678417
    -0.263884366 1.50501156 1.17209363 0.73979646 0.720522702 1.22901833
    0.844258904 1.48613214 0.0462729931 1.45226276 -0.115664124
    0.53909564 0.723172486 -0.0572662652 0.320951581 0.143474758
    -0.112753808 0.222052217 1.17341328 1.25787735 0.320064366
    -0.438420236 1.53832889 1.24871433 1.4292978 0.973007977 1.36737204
    0.179009795 1.46323621 1.09792149 -0.540721476 1.67153025 1.14924526
    -0.182298183 0.863261878 -0.193601966 0.823615849 0.698051572
    1.42288613 -0.128087103 1.02935863 0.829853475 1.36211836 1.17927289
    1.62693226 0.954941452 -0.529849946 1.32232809 0.3861745
    -0.558090627 0.0989567637 1.1927166 0.269134104 0.349837482
    1.4862653 0.752533257 0.692568421 0.737935901 1.2692728 0.393414557
    0.706814826 0.956255436 0.649173796 0.45963335 -0.0432868898
    0.0633845925 1.11331117 -0.539215624 1.12199783 1.08480728
    -0.243874192 -0.51638782 0.852980316 -0.435439885 0.680998325
    0.0410829782 0.634223759 0.304725051 -0.0951667726 -0.393868059
    0.986905515 -0.513217568 1.43536401 0.774533272 -0.658739388
    0.66648376 0.734100223 -0.346051574 1.25725579 0.606207132
    0.750418484 1.06543088 0.776107609 0.72662276 1.27322769 1.29531825
    -0.644352198 1.04298067 1.19386339 0.340992928 0.0478609204
    0.549056351 0.920240223 0.716762662 0.370340526 -0.0291762352
    1.4817605 0.808398068 0.397666335 -0.197207332 1.02387547
    0.719259322 1.22186041 0.988684118 0.321310222 0.348634541
    -0.374135196 0.385294318 0.346581519 0.184026182 0.380454063
    -0.279186577 0.407363236 1.51759934 0.0993200541 -0.292021573
    0.438036144 1.07395887 1.11587596 0.802458584 0.597996473
    0.291205525 1.06639862 0.192515671 1.60608208 -0.456014216
    0.25650382 0.386728585 0.508610308 0.00525772572 1.21143794
    1.42293119 0.697001576 1.19351339 0.490556836 1.06556511 0.761724591
    -0.0439698696 0.900705934 -0.577155411 -0.385346383 0.239085793
    0.181897879 -0.445912093 0.854341209 0.00258141756 0.73994571
    -0.379487216 0.159726202 0.827491999 1.35299301 0.828991592
    1.19814944 0.55176276 0.212749898 0.350978792 0.633178532
    0.140107393 -0.419930428 1.12592781 -0.314934909 -0.566205859
    0.20758158 1.4584713 -0.0314247608 0.841418445 0.955309272
    -0.498936772 1.45077538 -0.487672478 -0.309626549 0.240244985
    -0.301175356 -0.219791621 0.947492898 1.18089211 1.44744706
    -0.322002679 0.787338674 1.42022634 -0.0769934654 0.897048175
    0.233200014 -0.31287697 0.295867443 0.758543372 -0.00305730104
    1.06970799 0.3314026 -0.26744315 1.53807926 0.642262161 1.38963044
    1.20065224 -0.205489337 1.221048 -0.28065747 0.0811343789 0.30310452
    1.01186192 0.365536451 0.280510545 -0.283703148 -0.487571388
    -0.0418099165 -0.325436234 0.875373065 -0.10789603 1.686939
    0.223280847 0.0131793022 0.0355277658 1.01968646 0.118970096
    1.1300168 0.52245456 0.0328784585 0.324139893 1.32674861 0.232607782
    -0.443039 1.26065111 0.960331559 1.50847352 0.0126693845 0.366890907
    0.586019635 1.35148597 0.010079205 1.13290906 0.308533996
    -0.135040998 0.347299099 0.252438843 0.839615226 0.792562246
    0.183247685 0.511536837 1.0571593 -0.332337171 0.519317031
    1.10071564 1.45985484 0.715632915 0.486363888 0.26520586 0.429605544
    -0.566752136 -0.275474519 0.235252976 0.313361526 0.239193976
    -0.620271742 0.438592136 0.338065624 1.42786145 0.729723275
    1.3996489 -0.42421937 0.502433479 0.180303037 1.36451507 0.931310713
    -0.0549515486 -0.380794823 1.55978525 0.486453652 -0.332342625
    -0.064024508 -0.444385022 0.154291213 1.06531167 0.0684081316
    0.0596555471 0.241180241 0.760732889 0.209837735 -0.326553851
    -0.427499473 1.3226757 0.111377776 1.23436844 0.291947186
    -0.0710527301 1.44623494 0.86699295 -0.370036423 1.21515846
    0.78616178 0.0384560823 0.57088542 0.127662361 -0.187353253
    1.16699815 1.11128259 0.269967318 0.88662535 0.323668778
    -0.120378971 -0.282456756 0.195748985 0.707231641 0.776424408
    -0.212080985 -0.415818751 -0.332758754 1.54893923 0.31627208
    0.201376975 1.62857175 1.41658425 1.32614183 0.297153711
    0.0508558154 -0.0274990797 1.43982577 -0.282710165 1.04812598
    -0.156695247 0.663217902 1.36204076 0.548125267 1.04202914
    0.476346791 0.287928522 0.680736959 0.982705772 0.210004091
    -0.123915851 0.277650952 1.30599165 1.13670683 0.632217824
    0.575924098 0.831109166 1.62272859 0.0316931009 0.581366301
    0.324027896 0.323321581 1.01431906 1.49360776 -0.310535103
    -0.530353725 -0.066666007 0.382570565 -0.390885502 0.464231849
    -0.391850054 1.12384295 1.22300673 0.358122945 0.811870635
    -0.0142037868 -0.516308784 1.2029593 1.21345305 0.830690324
    1.31471491 -0.297520667 -0.00586503744 -0.429832608 1.29804695
    -0.131536782 0.758351445 0.732444644 0.130524755 0.349740446
    0.336578548 0.43926537 0.534817338 0.465922713 1.38218594
    -0.0619785786 0.712370157 0.864610732 -0.397956014 -0.201129913
    1.08996558 1.19959402 -0.366289228 0.728726089 1.25857651
    -0.414232403 1.34975886 0.560901284 -0.168129981 0.863594413
    -0.189212978 0.702307343 0.159262717 1.42759407 0.389455974
    0.847059369 0.987114847 0.718244672 0.298412442 1.53637815
    0.60611397 0.0135673285 1.11635923 -0.0427291989 1.2648325
    0.651694477 1.54825687 -0.0341044664 -0.0656267405 0.98173821
    0.305357516 0.285662353 0.328935027 0.0446230173 1.42870331
    0.906761706 -0.178983837 1.44368076 0.0274227262 0.679111302
    0.421700716 -0.524463952 0.51322031 0.309815109 1.31136775
    -0.125025809 0.611204624 1.47886705 1.17614031 0.463341057
    0.773219049 0.472632885 -0.399629027 0.0107584596 0.766753137
    -0.326008707 1.33160245 -0.0625501275 0.428581238 0.155871332
    0.350251794 -0.305379331 0.454266429 0.382556319 0.0751671791
    0.501615763 1.40493655 1.3594265 -0.244511664 0.575651467
    -0.291103184 -0.546488881 0.5411852 0.998396099 0.731954098
    1.50331211 1.25197995 0.358945847 0.501276612 1.21116471 1.10559726
    1.00221968 1.42537975 1.39460921 1.47340322 0.273091137 -0.402438343
    0.176439315 -0.304108262 -0.460929036 0.527860045 0.460181057
    1.15177345 1.03165174 1.19911242 -0.151526749 0.938381612 1.13523734
    1.1332891 1.10707808 0.675793409 -0.02082479 1.33296537 1.57543361
    -0.460060954 -0.387354583 1.06642914 0.164661527 0.135761052
    -0.0930801928 0.410591424 0.807465553 1.26918745 0.591744602
    0.994810104 0.571350157 1.16648567 1.46171951 -0.139858127
    0.0960986018 -0.193140209 -0.175676584 0.0184302926 -0.313947797
    1.53259349 1.58191359 -0.0850419998 1.43703294 0.300805271
    -0.189983428 1.13604701 0.694585264 1.10822439 0.457056046
    0.341637731 1.48790717 0.384333551 1.06276155 -0.12435329
    0.986693799 0.183393776 -0.510352075 0.231585622 1.05217886
    0.481863379 0.389433682 0.813987434 0.120955825 1.44409513
    0.321131885 0.374809504 -0.581259429 1.10845423 -0.168370396
    0.0446365476 1.15748179 0.34617728 0.340178907 0.593318582
    -0.250577807 1.43422019 1.03654408 -0.143864691 0.506186187
    1.10788441 -0.416500509 1.26253414 -0.576116204 1.04170477
    0.102955818 0.704393566 0.453610659 0.340775013 0.294568896
    -0.259727716 0.793845356 0.777563334 0.288507044 1.42049694
    -0.366870582 0.763356268 0.986894369 -0.483051926 1.03028011
    0.355341673 -0.315060139 1.37240934 1.53241205 0.979421616
    0.621470392 -0.236320287 -0.161583215 0.891862929 0.49786377
    0.418425918 1.65869093 -0.308995783 0.331455946 -0.295424402
    -0.333913147 0.0909036994 0.685934186 -0.39431107 1.1658535
    0.984361649 -0.017344594 1.11583722 1.4202888 1.142766 -0.116343021
    1.27143693 -0.608764946 0.318711758 -0.230534464 -0.366737604
    0.561683536 -0.526614726 1.52753687 -0.371451974 -0.441105574
    0.975061178 0.739653587 0.459971547 0.624943316 0.516754508
    0.229753971 0.0515792966 0.949711978 0.567756593 -0.154327661
    -0.377854049 1.14265692 1.28563142 0.672898114 -0.261768997
    -0.111554325 1.46457243 -0.306828201 0.14474377 0.58436209
    0.269627273 0.707135975 -0.145820558 -0.198868096 -0.170109242
    1.63317549 1.02823067 0.511531711 -0.13915959 0.636254549
    0.679020941 -0.16138941 1.4948709 -0.047911644 1.21929979
    0.394329131 0.335976243 0.034183383 1.44946957 0.718008578
    0.869045615 1.22316289 0.469248831 1.32070804 1.49790192
    -0.166450232 0.322068095 1.2221303 -0.127932847 -0.324552625
    1.51449275 1.04221177 0.421046495 -0.664360464 1.53716373 1.27503991
    0.152486861 0.824251354 0.649207175 0.996529341 -0.114174485
    -0.0873240232 0.55807668 0.698321998 -0.514179468 -0.00813519955
    0.04170084 0.891424179 0.468417943 1.43598771 0.62416172 0.425049961
    -0.339625686 0.178440928 0.422082424 0.91994822 0.0481652617
    0.403321803 0.509212971 0.618901014 1.24429214 1.13964844 1.17517996
    -0.567724466 -0.205683619 -0.465248436 1.1144737 0.865645707
    1.03755069 -0.346264809 -0.371492267 0.933645725 1.34247446
    -0.60345763 0.371875405 1.53855419 -0.0564283431 1.27013421
    0.399824619 0.0306617618 1.45095754 1.26300216 0.443715334
    1.50718331 -0.699750841 0.693059266 1.5892396 0.840933561
    0.642502904 -0.518632829 -0.493810564 1.50630879 0.451598644
    1.49544752 0.358805716 0.851790488 -0.116040617 0.165304482
    0.990331292 1.19474161 0.718375027 0.113243818 1.17014527
    0.454662472 -0.350226104 1.05625653 1.36045289 0.563550055
    -0.131038547 1.00127387 0.539400041 -0.256063759 1.29464054
    -0.61737293 -0.578830421 0.76915139 0.0385429263 0.767410398
    0.109550178 0.882330477 -0.251156658 0.901826203 0.205585897
    0.177073777 -0.204574496 0.254429102 1.50908017 1.09210038
    0.61018604 0.699498117 -0.695568204 0.887276769 0.737351775
    0.182334483 0.131653607 -0.292688429 0.556409001 1.58836043
    0.0837473869 0.48056078 0.82497716 1.21837687 0.728351772
    -0.37233603 0.864614248 0.67525214 0.728454173 -0.483506501
    0.251608908 0.715222538 -0.658871531 0.910527408 1.16228008
    0.539765298 0.673407018 0.895847678 0.857064962 1.16612911
    0.97927475 0.374621093 0.153002322 0.717735708 -0.000413715839
    1.58366728 -0.462164283 1.64285445 -0.0502391458 0.98856014
    0.73988378 1.53287983 0.414349675 0.933677912 -0.205920488
    0.754016638 1.45852411 -0.0295287371 1.04094088 0.965653419
    -0.324821234 -0.142166644 0.327330053 0.64446497 0.696486771
    1.43145514 -0.117269993 -0.235459238 1.36800337 0.309100568
    -0.294416219 1.23699403 -0.36439383 -0.0557636023 0.224632442
    -0.139824718 0.908021629 -0.339757681 0.285622954 -0.0355937481
    0.628106177 1.00769627 1.08953202 1.14606285 1.19544935 -0.250319153
    0.966914773 0.653017879 0.803380191 1.01193416 1.08327651 1.39959097
    -0.477458686 1.24416697 0.375739455 0.356913269 -0.0804339051
    0.585364044 1.214149 -0.179493457 -0.00222969055 0.411238015
    1.30110312 -0.0403468013 1.02023721 0.30588764 0.660978913
    0.511582613 0.778505921 0.595038593 0.522702098 -0.188779086
    0.56970048 0.223925292 0.406713068 0.0628803372 1.40876389
    -0.545107007 0.665521443 0.742301941 0.952412844 0.958203673
    0.687432468 0.833010435 -0.467626572 0.542860746 0.265215635
    1.40883183 0.173818171 -0.275026679 1.14371932 0.266066432
    1.24595809 1.59500241 -0.329016954 -0.097892046 1.36502671
    0.525929213 0.521766365 1.08964479 0.494231105 -0.227773905
    0.560051441 0.229467094 0.471291065 1.16303992 0.922802687
    -0.020155549 -0.123111725 1.55427837 1.48969805 0.224040329
    1.01528406 -0.116657913 0.367940485 0.347573519 -0.353294671
    0.288481236 0.782955647 0.411570728 1.53308451 -0.51896286
    -0.191777408 -0.0544549227 0.998428464 0.866365314 0.166437328
    0.481137216 0.250214934 -0.00144296885 1.24075866 1.09866428
    -0.198602408 0.21743083 -0.134115577 -0.375256866 1.0364356
    0.982842267 0.73502481 -0.0494215488 -0.303592056 0.0789864063
    1.17490387 0.848331153 1.59130538 0.766734838 0.155663729
    -0.581435204 0.347161353 0.384507239 1.27802539 0.224630833
    0.480004251 0.799259484 0.44415915 0.18876946 -0.543860674
    0.196771383 -0.536292195 1.09033132 -0.264173597 0.9627828
    0.664968908 0.353011847 0.675667524 1.30418897 0.28584975
    0.211730659 1.34866786 0.416657388 0.413466036 1.11334205
    -0.30712375 -0.299657792 0.686704516 0.603576601 -0.24401927
    0.213453889 0.0610604882 1.37625217 -0.255561113 0.0430212617
    1.54420447 1.14946795 0.25164783 0.581042707 0.823747873 0.808632135
    -0.00331562757 0.717036963 0.0489580631 0.364571035 0.149442315
    -0.392270327 -0.230307221 0.352459371 1.4450742 0.411485016
    -0.144723117 0.571201384 -0.293118834 -0.340004712 -0.0421433449
    0.182006359 1.36361957 -0.629161596 1.00454521 1.36360526 1.27885175
    0.725711763 0.0245207548 0.76632148 1.5047152 1.18501854
    -0.264174163 -0.277333856 1.60888195 -0.263766915 -0.318463773
    -0.0133260489 0.927399874 1.39965653 0.687226832 -0.518140197
    0.602858603 -0.185211211 -0.330943763 1.1166966 1.14301634
    1.00205696 0.946197689 -0.249515027 -0.2107144 0.616158545
    0.265819907 0.270749152 1.21850824 -0.143197358 0.497190952
    -0.373357445 1.39372826 0.303181648 -0.0463346839 -0.162262172
    0.454873979 -0.351207137 0.196235418 0.380373001 1.33107257
    -0.157033801 1.08933139 -0.511320949 1.01193047 -0.186935127
    -0.203616619 -0.166648537 1.64484298 0.208069384 0.66848135
    1.07548976 -0.0552291274 0.246183157 1.42213368 -0.223987371
    0.428980291 -0.0323347449 1.44225609 0.150546432 -0.627240837
    0.76423049 0.565696299 1.03952563 0.443030775 1.5331614 0.834914505
    1.13144326 0.73059833 -0.394518018 0.703460395 1.47464061
    -0.00788551569 0.393081367 0.43791008 1.45066619 -0.486716449
    1.42117 0.708049536 0.00938820839 0.42662549 0.35037297 0.0903598666
    0.222118258 0.910436213 0.999550819 -0.0658420324 1.54601252
    -0.420028239 1.09499812 0.190988302 0.895408034 -0.372481763
    1.35219765 -0.19152987 -0.021071136 0.377933323 0.387218297
    -0.410937667 0.548600078 0.529071987 -0.512574375 0.385770679
    1.03379488 1.39428258 -0.316744238 0.490285993 1.23627067 1.23206687
    1.27148938 0.487404704 1.48805785 -0.544117212 0.852912605
    -0.0684201121 -0.0982707739 1.37611604 -0.345789701 1.56344461
    0.0701709986 0.623652518 0.0979641676 1.12644494 -0.278720111
    0.778440118 0.526456892 0.794317067 1.37919533 1.10347223
    -0.382106602 -0.324485928 0.682285905 1.46990466 0.0129717588
    1.37559474 -0.267840356 -0.239792794 -0.018471837 0.33865726
    0.626275778 0.651087224 0.686533391 -0.533257365 1.07996142
    0.242860198 0.345784724 0.647055209 -0.102231383 1.52988195
    0.722961128 0.582345068 1.14454532 0.680035889 -0.406009018
    0.534685969 0.35779804 -0.430850238 -0.0901845694 0.101472139
    -0.486656308 0.385159731 0.126571059 0.94547236 0.261421084
    -0.483192623 0.212383032 1.18347073 0.639064312 -0.250809133
    0.133441389 -0.427267283 0.979021192 -0.367188275 1.48715186
    0.83193177 -0.632770777 1.26246595 0.471648991 -0.314830959
    -0.569833338 1.41750407 0.229242086 1.25451684 0.628954589
    0.730690002 1.42971158 1.18324661 0.847677946 0.53250736 1.11956191
    -0.653354406 1.46569014 -0.315258563 0.582712412 0.0545564294
    0.297687948 0.680460453 1.02513051 1.30461276 -0.00141853094
    0.400641024 1.37939858 1.03695834 1.4104656 0.731124043 1.37886536
    0.137317121 -0.350580603 0.498494089 0.826813102 -0.0130407214
    1.03739321 1.28600669 -0.484735638 0.529529333 1.01024556
    0.119804621 0.780480862 0.610598207 1.28736305 0.0571250916
    1.53857851 -0.58951503 0.474388659 0.0779448748 0.0488476753
    1.373909 -0.0475846529 0.348307014 0.466665268 -0.149325609
    0.192205429 0.0310857296 -0.536058009 -0.211299747 1.38109553
    -0.120934069 1.44771123 0.772710681 0.821571469 0.700663924
    -0.170487255 1.42996299 0.931797683 0.110065103 0.579162121
    0.223671734 1.38274217 0.599692941 1.53301191 1.10616755 0.15197444
    -0.474653602 0.370188415 -0.1820153 1.07616591 0.952553034
    1.07182109 0.661664009 -0.212055206 1.16692007 1.05613804
    -0.318932384 0.557722807 0.794200718 -0.0197810829 0.902489305
    0.998113573 1.08210385 0.894190967 1.41142607 -0.346763849
    1.21971333 0.346714139 -0.627585709 1.32029331 1.02441716
    0.753465652 0.712532282 -0.126813531 1.24884367 1.20646679
    1.17512155 0.643121719 -0.133857906 -0.400332928 1.05220723
    1.0208652 -0.491467714 0.682555377 0.346388519 1.18071318 1.3547883
    0.718080342 -0.161827773 1.24102545 0.54232198 0.717891693 1.2083379
    -0.12337935 -0.235580713 0.322481841 -0.457861155 0.263238668
    0.000931739807 0.138210952 0.963155627 0.652799249 0.173503458
    0.0207934678 0.450683206 -0.0789329708 -0.0332267582 1.50127029
    -0.543881595 1.05738866 1.47723997 0.578093648 1.33790863
    -0.0695822835 -0.356940717 0.280308247 -0.134318173 0.277002037
    -0.333702147 0.0988361835 1.21281815 0.473534405 -0.452335
    1.24140918 1.11467206 1.19647014 -0.350333065 1.28595686 0.088775456
    1.08932662 0.114646077 0.735467613 1.17240024 -0.130005598
    0.373506248 1.1814754 -0.262119293 1.33662534 1.40985417
    -0.337674797 -0.364807278 -0.343974918 1.145486 1.43111491
    1.46661615 1.13761473 1.4313581 -0.160038263 1.22605348 0.525303423
    0.582125783 0.979539096 -0.389786184 1.27802575 0.531263769
    0.176062346 0.243364036 1.49438262 -0.589750469 1.38955665
    0.409087956 0.100775421 0.742592275 1.22248888 1.61110842
    0.0515846014 -0.0401747823 0.946112096 1.23135233 1.23906207
    0.457496703 1.4071281 0.618509531 -0.0108887553 -0.447594225
    1.0396384 -0.116502643 0.51912868 0.41825825 -0.0600264668
    0.897097588 -0.267479658 1.23712039 0.226209939 1.29739547
    -0.26057604 0.259047508 1.33335245 0.74200958 0.957665145 1.02426577
    -0.226918072 -0.311752528 1.53641081 -0.259594291 0.831361175
    0.436691105 0.842800915 0.805393755 0.697731376 -0.238184631
    -0.535057247 0.784033775 1.46598363 -0.482386023 0.414717317
    0.20251292 1.20589411 1.22420955 0.877866268 -0.275278032 1.1469084
    0.874842942 0.791412413 1.1452359 1.25855994 0.865810871
    0.0175157785 0.586749017 0.795681477 0.443166077 0.791836977
    1.1172173 0.709214211 1.42299569 0.268202424 0.825321496
    -0.589778125 1.69376695 0.0762165189 0.651100576 0.233786762
    1.42100811 1.31013513 -0.258660942 -0.316157401 0.952581644
    0.207799435 1.57892942 -0.423170149 1.61252868 -0.490505308
    -0.298067808 1.24317801 1.0921247 0.193156064 0.49000299 0.626417816
    -0.0182791948 -0.469652176 -0.170363218 0.391812265 0.188182354
    1.30554771 1.00054383 1.21672225 1.32044685 -0.365049422 0.359904528
    1.62931323 0.522411525 1.03773952 0.530643582 0.250523329
    -0.310547292 0.519063354 0.207284391 1.08545136 1.29407156
    0.00650978088 -0.645737886 0.573649406 1.1435051 1.48567724
    1.00285327 0.347657025 0.259534061 1.55232358 -0.133044928
    0.225196302 1.31165242 1.15716469 -0.474559605 1.51818001 0.34483391
    0.342974186 1.059551 0.816005051 1.03516114 -0.388674378 0.781463027
    0.712394774 1.13371456 -0.284930557 0.738809168 -0.404423505
    0.229876101 -0.148272812 0.326831341 1.03852773 1.0935626
    -0.555755019 1.58328569 1.04078054 0.607996821 0.546040177
    -0.530665636 1.13142729 0.293480396 0.554091752 0.0758699179
    0.7648018 0.347774744 -0.428047478 -0.197486922 0.289932609
    -0.389345527 0.515408754 -0.0561693609 0.216638505 -0.303186268
    0.64861995 0.0358520746 1.25911772 1.33914578 0.204807639
    0.249340653 -0.0725831985 -0.494739801 -0.371168464 1.044734
    0.355566978 0.691027939 -0.234092802 0.153165758 0.341208428
    -0.00937077403 0.726922035 0.204295278 0.582853615 0.579889476
    0.158014596 -0.460967749 0.67689693 0.495902419 0.235828578
    -0.51566112 0.435217917 -0.0609187484 -0.296368569 1.31381369
    -0.413841337 1.56530976 0.958132446 0.77187705 -0.113477409
    -0.378705949 0.866364062 1.21886873 -0.0846531093 -0.11464712
    -0.155713037 -0.371537864 1.21709132 0.0255984068 0.709247768
    1.49548507 -0.665422738 -0.0478100181 0.689917922 0.866450787
    -0.230938017 0.779283106 0.633511066 1.12531471 0.595217884
    -0.471655697 0.212709606 0.294588804 0.941543996 0.396854401
    0.25209552 -0.472741812 1.17735076 -0.249955565 1.48803258
    0.587078452 0.0700015426 1.29258764 -0.0619381666 1.50867581
    -0.48319751 -0.107888222 -0.65482986 1.00668216 1.39524174
    0.156640589 0.805929422 0.664435327 0.558176517 1.14895296
    0.936003387 -0.167576432 -0.586935043 1.35138595 0.155524254
    -0.115726203 0.334487021 1.11677074 -0.602601409 1.00842845
    1.38556147 -0.0920986533 0.341138363 1.17093372 1.2070899
    -0.0637615323 1.15345132 -0.113833725 1.01972115 -0.438847721
    -0.104004741 -0.037691474 0.680663943 0.141352057 -0.483121961
    0.408923507 -0.291578025 1.22667527 0.196492374 1.24618149
    0.713983774 0.365592957 0.167945325 -0.434793442 1.36572182
    0.430099666 0.0498866439 -0.394174576 0.260360956 1.3059094
    -0.0792818069 1.51183116 0.224817991 -0.153758317 -0.173662901
    -0.0187733769 -0.0543619394 0.941854179 1.24799848 -0.0677204132
    0.535176396 -0.0848261714 0.790624499 1.40377319 0.695563793
    -0.484386206 0.889146209 1.12508643 1.38491035 0.151177824
    1.50776529 0.319229543 1.33278453 0.649537563 -0.0662888885
    -0.580820322 0.619113088 1.28743994 -0.599557936 0.569613636
    -0.382694364 1.23311734 1.15910041 0.327564418 1.13380969
    -0.53530246 0.990630865 0.123968184 0.670576274 -0.486534327
    1.34091449 1.1127789 1.47229528 -0.247931749 0.818014443
    -0.143407583 1.05348563 -0.236470222 0.934202731 0.403523803
    -0.211220413 0.459925771 0.134977937 -0.561261117 0.595585167
    1.4477644 0.737545788 0.60436976 -0.031034857 0.348720431
    0.943021834 0.994295537 1.37413025 1.33473063 0.351155758
    0.614555478 1.60384619 -0.294939041 0.838859737 0.847380638
    -0.154018342 -0.329357505 1.268332 0.162458003 0.205333769
    -0.452426791 0.199076951 0.293794453 -0.330419242 0.359544814
    1.03044534 1.47715712 0.0223536491 0.333330393 1.35413432
    0.650593877 0.722813547 0.503941655 0.749927342 0.500209033
    0.850505114 -0.437285542 0.0509695411 0.0495977104 0.187988758
    0.402420163 -0.0803961158 1.60278463 1.07272434 0.269506514
    -0.547637224 -0.433506727 0.993593872 0.779918432 -0.0587982535
    1.18042517 0.961021543 0.515123725 1.22087979 0.103794396 1.5298481
    0.374197185 -0.553381741 1.5113126 0.383521557 1.21217537
    0.253870785 1.46708512 1.28091621 -0.0536481142 0.296356142
    1.63455534 1.05156159 1.5327698 0.701208234 -0.419915497 0.812957287
    0.991079867 -0.57437706 0.719649851 -0.0468110144 -0.168076724
    0.350203246 0.183007658 -0.257738888 -0.197236449 1.68666708
    1.21452403 0.687443435 -0.0772224069 1.54597282 1.46920407
    0.453113139 0.659158826 1.22189915 -0.522645116 0.474565446
    1.02377939 1.51874352 1.43984032 0.222810179 0.342565924
    -0.232454121 1.2327764 -0.124185979 0.578515291 -0.0343276858
    0.729664862 -0.521662295 1.11204934 0.517919838 1.04883754
    -0.0866094828 1.16282606 0.654493868 1.27524662 1.12535787
    0.90420717 0.611228108 -0.56492734 1.17544818 0.399422646
    -0.494537979 1.56312132 -0.531906664 1.23404777 -0.121463269
    0.424609482 1.51181281 -0.0554477572 0.731705785 1.10628414
    1.17765856 -0.325662971 -0.0870060325 0.142003417 -0.0134705305
    0.594777942 1.44145131 -0.193806142 1.29746604 0.678856969
    0.0073658824 1.46442354 1.02180302 0.481801808 1.13625014
    -0.301482558 0.128450096 0.660131693 0.286589444 -0.58014971
    1.3963294 1.23043966 -0.499708265 1.03784943 -0.0888357162
    1.59159839 0.460270166 1.32456589 0.0313662887 0.118585527
    -0.083978951 0.353821278 0.815133095 0.697792172 0.184496045
    0.965624809 1.24470055 -0.529140234 -0.271240592 1.64974034
    0.140610635 0.625539839 1.48805952 0.282468736 1.24562168
    0.511135578 1.06124449 -0.740857482 1.50410306 0.4902879 0.861375511
    -0.443101704 0.442253709 1.51077282 1.04320955 1.1615591 0.535189927
    0.321177542 0.625678003 -0.198008358 1.34358883 0.404089272
    0.658516645 0.141125977 0.292008042 0.50563246 1.56671476
    -0.278944254 0.725228131 -0.0867093503 -0.0506477952 1.19828844
    1.54577768 1.16316056 0.0857019424 -0.276213318 -0.335584044
    1.29800081 0.903070688 0.404526114 -0.248711705 -0.176895767
    1.02431488 0.559659779 0.713213503 -0.330022216 -0.117592871
    0.704665542 1.10474479 1.09806466 -0.402129501 0.0661010146
    0.814899504 1.06535983 0.751653731 0.589184046 0.674293041
    -0.43285194 0.642454088 0.97429496 1.2753644 -0.610115528
    0.557140052 0.995512664 0.373771727 -0.138034165 1.50629854
    -0.39117527 -0.146399677 1.72252965 -0.421271682 -0.502520144
    0.618901968 0.676451147 0.531951964 -0.354221404 1.48921967
    -0.0237011909 0.754493117 -0.372711301 0.472049713 0.929421186
    1.51508546 0.377358854 1.19335055 0.535821736 0.0916842222
    1.58265758 -0.544853032 0.135380745 0.497640193 -0.12516588
    0.0864543617 -0.377339691 0.942246497 1.22929382 0.936848104
    0.572996795 -0.0699007511 0.679889083 0.551685035 0.991036475
    -0.257254481 -0.239049137 0.0269632936 1.00483704 1.19149411
    1.30492997 0.656922102 0.00529998541 -0.317677736 0.518805861
    -0.118008003 0.0855681002 -0.612397254 1.47752953 1.48493171
    -0.343444198 -0.583854079 1.25601339 1.08815432 1.29956198
    -0.101967216 1.03421879 -0.0285212994 -0.183913901 0.729553223
    0.54318583 0.0779212117 0.728589058 0.858901322 0.00595909357
    0.03812778 1.05308342 1.20951247 1.04671645 0.968223751 0.426151156
    1.26202369 0.766062856 -0.349229127 0.0607907176 1.52163374
    -0.323865026 -0.437288642 0.664877534 1.04025936 0.284587204
    -0.0895485282 0.968582869 -0.406602383 0.265916526 0.219094992
    -0.104013562 -0.0314458013 0.0655254424 -0.282798618 -0.0383023024
    -0.0674764216 0.625639677 0.910665631 1.32095194 1.4885385
    1.63157535 1.26926839 0.0105580688 0.602266908 0.278338701
    0.0889016688 -0.183797568 0.199996471 0.210261345 -0.0315697193
    -0.2411706 -0.385630518 -0.103429347 1.25376225 0.992402852
    1.38064671 0.495291352 0.128893316 1.14168072 -0.285480618
    0.540503323 -0.11154151 -0.267453402 -0.365339696 1.26736164
    0.579287887 -0.251975983 1.3753438 -0.311625659 1.17051756
    0.58461225 0.632413745 0.889983892 0.666948795 0.609075427
    0.470244408 1.33850288 0.61976397 0.936110854 1.22140861
    -0.270431638 0.511874497 1.02605534 -0.550683022 1.40724254
    0.586584985 0.477918088 0.89430058 -0.277916849 0.821418822
    0.0761042833 0.0774201155 -0.149989724 0.995075464 -0.11561361
    1.45060325 0.929752469 1.22091675 0.577644706 -0.0311312079
    -0.388892114 0.577395082 0.484211743 0.639192283 1.04309869
    0.41400969 1.40566587 0.356991589 0.0356510878 -0.211386055
    0.133828402 0.576309383 1.40972137 0.977067947 1.47692847
    -0.590646803 1.29503226 0.240609229 0.292741179 1.27857971
    1.25155354 1.00475299 -0.265872777 -0.165807754 1.69298673
    0.494100869 0.849045694 0.978190482 -0.170314193 0.854857087
    0.858097076 0.282122552 0.0568720102 0.744941175 0.109801173
    0.21217382 0.0393202901 0.976241767 0.615561783 1.42065156
    0.139057636 0.595104039 -0.562473118 -0.0280992389 -0.11986649
    0.745748103 0.961983263 -0.259005785 -0.694771588 1.01809621
    1.04082704 0.441974819 -0.18525669 1.14080477 -0.439831853
    -0.11336726 0.663367808 0.414992511 1.28595948 1.1723491 0.383441448
    0.793467343 0.323737919 -0.118781745 0.177742362 -0.553887844
    0.513807297 0.52715385 -0.121189922 1.63625073 -0.0748248696
    0.524810433 0.707697749 1.28677928 0.658565402 0.636449456
    -0.383792758 0.950542867 1.48246098 1.57232094 -0.379431009
    0.349100351 1.08331919 1.09710681 1.18781614 0.579937398 0.692613721
    1.06316912 -0.302320749 0.192420006 0.487462759 0.875741124
    0.75900352 1.18738878 0.872034192 0.255147815 0.204321623
    0.843776703 0.124068201 0.491864681 0.517694294 -0.0559904277
    -0.517893612 1.48265219 1.02664137 1.27398825 1.50802565 0.224123418
    1.01239777 0.197612762 1.1460675 0.566075385 1.58485746
    -0.0760407448 -0.602075398 0.185659468 0.570947587 0.874031723
    1.18867683 0.089699924 0.863812029 1.31764102 0.406997263
    -0.459412932 0.225884736 0.502393842 0.36020714 1.33647537
    -0.347824395 1.26704073 -0.436368167 0.684125841 0.393389165
    0.598060906 -0.233894527 0.303567886 0.107160091 1.67390561
    -0.610156298 1.07763183 0.318389773 0.110014677 0.135484636
    0.365645111 0.047467351 -0.317375481 1.15408158 -0.246295989
    0.603333294 0.276400864 1.20579982 0.234788179 1.36254144
    -0.564484298 0.875913262 0.268867671 0.228088915 0.193138599
    0.933525681 -0.339919001 0.27155292 0.672828257 1.28569567
    0.0552985072 0.257456005 -0.33016777 -0.36606288 1.47427726
    0.625317752 0.66864568 -0.626565993 0.166716695 -0.214755356
    1.08325076 0.154134572 -0.566865802 1.07789254 1.5149883 1.25078487
    1.44167197 0.528553307 0.457759261 -0.644621491 0.534057438
    0.933560193 0.510635614 -0.28473419 -0.385652602 0.151946813
    0.0175063908 0.0932870507 -0.593260705 0.998420179 -0.341175586
    -0.228543401 0.0620827675 -0.259801507 -0.246876448 1.6515131
    0.708244205 0.866429687 0.427394092 0.272134602 0.877998292
    0.341762841 0.703797281 -0.372488201 0.168398172 -0.172825217
    0.926452994 -0.467395663 1.44768715 0.0635319948 0.650034964
    1.61790204 0.155035377 0.451625884 -0.321259618 1.36099017
    0.777991593 1.28727245 -0.43799299 1.07656276 0.104501247
    0.782553136 -0.00244939327 0.0139761567 0.26257509 0.200014591
    -0.177740395 1.41843581 1.40512884 -0.610586166 -0.517545879
    0.58438468 0.0280622244 1.20110941 -0.307182312 0.977786779
    0.883212626 0.0983030796 -0.5801723 0.900862932 -0.662668347
    1.48016536 0.488684773 0.518721521 0.399913192 1.37610602
    -0.311058968 0.302989841 1.61924458 -0.393202573 0.413052619
    -0.117789179 0.121380687 -0.0809194744 0.573823333 -0.0868012905
    0.870454371 0.720562696 -0.546462655 0.321890533 0.218445361
    1.43067646 1.2078793 -0.313007742 0.507805347 -0.0957410336
    -0.611025453 1.41526532 1.0626545 -0.0964724123 0.221933305
    1.54908931 0.163129091 -0.261345446 1.11436224 1.58287418
    -0.481301606 0.080485642 0.79889071 1.57269311 0.614581227
    1.30523944 0.0484662056 0.209802747 0.450832367 0.358797044
    -0.321013331 0.483347297 1.45306039 0.402282238 0.587797165
    -0.312987983 0.0839211941 0.915614545 1.01919365 1.23092151
    0.995425344 0.432994843 -0.308058292 1.36219716 1.07652831
    0.713219285 0.994088769 0.222999394 0.399767697 1.42689681
    -0.482659072 -0.0709902644 1.52507138 1.01597285 -0.68588078
    1.50948048 0.238219202 0.557023227 0.834832013 0.694893956
    1.08483219 1.45945287 0.732120156 0.0789712667 1.15212584
    -0.0197563767 -0.241267949 -0.129800737 0.0424799323 0.436141074
    0.836031318 0.69125241 -0.220097691 0.286262095 0.71785295
    0.934250951 0.0257242918 0.9197703 -0.573067188 1.40981185
    0.197231472 -0.478898466 -0.715058923 0.202994287 1.54866076
    -0.333935082 -0.353853077 0.793491602 1.04013371 0.12753433
    1.41092157 -0.0819405317 1.44383311 -0.32554245 0.300278604
    -0.448736787 0.550773382 0.183247626 0.681979835 -0.516548812
    1.57773948 -0.00658923388 1.09530687 -0.547568798 0.00825411081
    -0.417421758 0.0945288539 0.0744091868 -0.139673352 0.337517917
    1.27014613 0.666558146 0.483603179 -0.0689272881 0.512610674
    0.278293371 1.10203099 -0.345597953 0.811130345 0.0210055709
    0.453207552 0.53780961 1.04235601 1.00735509 0.74941051 -0.393845946
    1.2881397 0.924599648 1.55060136 -0.34223181 -0.0388799906
    0.45554328 0.989428461 -0.0505744219 0.152919054 1.26352549
    -0.469413668 1.17141056 1.1985718 1.1473732 0.447170734 0.63623035
    1.46952808 0.968589664 1.30008662 0.909859776 0.926721036
    -0.375778317 0.992748797 0.692759275 0.886728704 0.475931287
    0.544324458 0.700482368 1.49746275 -0.37566489 0.829463959
    -0.0885561407 -0.0307530165 1.46881962 0.705518186 0.598148227
    0.0996143818 1.17530036 1.22586155 0.30983907 1.30731821 0.498196483
    1.04355597 0.274726748 1.37927461 1.2790637 -0.00277340412 0.8868168
    -0.632645428 1.08354521 -0.351930618 0.095603466 1.53904414
    1.43367243 1.30479527 0.25288403 0.268485546 1.65781164 1.40246272
    1.72827148 -0.192764193 1.5261327 1.44376814 0.87088412 0.693320751
    -0.459724724 0.46175772 0.377875566 0.606090486 0.426472783
    -0.427411079 0.65882045 0.500487566 0.565620124 0.979495943
    -0.382096112 0.541215718 1.15512013 -0.0791898668 0.502426326
    0.754915118 0.261580229 -0.165700912 0.342965484 0.730711997
    0.626458764 -0.177182168 0.25953263 0.110885322 -0.331934214
    0.538339436 -0.149303555 1.46166384 -0.598533154 -0.150967956
    0.362810373 0.999949932 0.981240451 -0.218801141 -0.465469629
    1.30636072 0.880808234 0.128924131 -0.363457531 1.16121721
    0.252593875 0.398031056 -0.366053581 0.209147871 -0.269662082
    1.05636215 -0.347207755 1.59890437 -0.0563235879 1.21429968
    0.884723127 0.933107376 1.21215725 1.36037207 0.486757398
    0.633100986 0.057600677 -0.319474727 0.0968582034 0.980368376
    0.850538373 1.12784481 -0.308236182 1.47510242 0.292397916
    0.549386263 0.764462769 0.357708633 1.26460361 -0.250339687
    0.924181819 0.504951477 0.677412927 1.10038924 0.821942389
    1.18838334 0.0641207695 0.19339937 0.386422455 -0.444783062
    -0.215112031 0.0888344049 1.10723341 0.363319814 0.988974869
    0.0975575447 1.28979397 1.58896852 0.25892207 -0.424368143
    0.856164694 -0.00329595804 -0.424207509 1.01829624 0.350481987
    -0.286686242 0.506241024 0.624608219 0.884803474 1.61527419
    -0.303607225 0.771567345 -0.430174828 0.942059278 -0.299250364
    0.919069409 0.0918690562 -0.584091187 1.44780636 -0.0610722899
    1.40993881 1.24944949 -0.0810799003 0.244169772 0.790761173
    0.294608831 0.168222904 1.08271766 1.45519853 0.0764990449
    0.0672270656 0.316305697 0.489238739 -0.0125619769 -0.442696929
    -0.491750717 0.343636811 1.10660779 1.14001989 -0.24377948
    0.00124323368 1.33071208 1.3090713 0.994151354 0.758191109
    1.19795513 0.360491753 -0.0462609529 -0.5911659 1.51929677
    0.242569506 0.438148141 0.0536335111 0.0956009626 1.43033433
    1.34255505 1.46857715 1.42771316 1.43453145 -0.561859429 1.30082154
    -0.368025064 1.653427 -0.0623195767 0.844006658 -0.186233401
    0.321511686 0.0652679205 0.460818172 0.914956808 0.239456177
    0.750725508 0.118667901 1.19748545 -0.618048966 0.950119495
    0.714381278 -0.503824353 1.31696439 0.408417761 0.69918865
    0.014277637 0.835754037 -0.281516671 0.423854172 1.42279267
    -0.0563768744 1.40565169 1.20868468 -0.30566746 0.210732102
    1.48081112 0.341126621 -0.347634912 1.05852461 1.3341341 0.55137068
    0.502196968 0.643509805 1.06345844 1.11755931 0.0883724093
    -0.531422973 0.135770142 1.17537761 -0.39986825 0.719512045
    1.15778828 0.505472779 0.231664002 0.242646039 0.0274690986
    -0.53033632 1.34277582 -0.31058985 0.637730122 -0.641631186
    0.630149186 0.594500721 0.920142591 0.446770966 1.26915145
    -0.666678369 0.769009948 1.37150717 0.862395465 0.23334825
    1.30072594 0.759631217 -0.130406141 0.544423997 -0.205344468
    0.61920023 1.00174093 0.0371435881 -0.601325393 1.57892203
    0.691201627 -0.122840941 0.411888063 0.435866177 -0.528469622
    0.393670082 0.111106873 0.712812304 -0.105407536 1.24215174
    -0.593370318 1.1751976 0.764695525 1.35672331 -0.511457264
    1.54454803 0.0617541671 -0.184194505 1.12477398 1.32745004
    0.330710292 -0.0173313618 -0.322751284 -0.100098997 0.263480186
    0.933787584 0.105170012 1.48732734 0.138104439 0.738710821
    -0.332171321 -0.304845154 -0.05976367 1.18037081 0.752196074
    0.0878760815 -0.27274996 1.37429976 1.04764748 1.14020634 1.55486608
    0.304965377 0.243426681 1.66031075 0.559052348 0.201110661
    -0.176946193 1.17376828 -0.0710639358 -0.171735346 -0.217910066
    0.29885447 1.77805471 0.505155981 -0.360841334 -0.117379367
    0.936677277 1.12320089 0.750778615 -0.33050096 -0.20905906
    1.38369846 0.546280861 0.432950854 0.0566573739 0.737738371
    0.240631759 1.20438957 -0.51617527 1.41350853 0.338475168
    0.903803766 0.158635914 1.10236859 1.3596971 1.39495659 -0.342662752
    1.52166533 0.315188706 -0.210248947 0.521354258 0.469115198
    0.986837804 0.229182482 0.590408742 1.38978589 1.12994802
    -0.326950818 -0.144485861 0.693564177 0.437628031 0.757078648
    0.998707533 0.52725184 -0.0548118353 1.39290237 1.03502512
    1.38023758 0.400109768 1.03269982 1.30734611 0.600119293 0.940834522
    0.00315159559 0.250579119 -0.318956196 -0.0321167111 1.49796319
    0.242710948 -0.0630421042 0.436928183 1.00201607 0.736572564
    1.06918645 -0.308199286 0.384252846 1.22483873 0.337422103
    0.546298742 1.5606246 -0.495286196 0.550127923 1.11075389
    0.252282917 1.53720498 0.570185542 -0.552367508 -0.0204308629
    -0.476311684 0.165634036 -0.295114249 0.379990131 0.667461097
    -0.178417891 -0.141556442 -0.119552284 1.43623328 1.47880149
    0.720851243 0.929914236 -0.600857019 -0.0388718843 0.890021205
    1.34780145 0.351655662 0.733894825 -0.400217235 0.775875807
    0.551665843 -0.130927622 1.31930542 0.915539086 0.327231526
    0.161708355 1.23701525 0.847571969 -0.165613294 0.0798270106
    0.791370094 0.698825538 1.37094522 0.597115755 0.899404347
    -0.49390015 0.282750785 0.407273233 0.62835592 1.39069819
    0.901700795 -0.459804356 0.638233781 0.276032507 0.678270936
    1.02766109 -0.698786259 0.348095059 -0.148384452 0.280517876
    1.37071109 1.4198072 0.457454443 -0.166334629 0.0540468097
    0.126124203 1.00806761 0.773003459 0.997529566 0.684849501
    -0.358532965 -0.247824937 0.835975051 1.62162113 0.262951434
    1.45440114 0.188128054 1.24447525 0.0520920753 -0.443817735
    1.63638961 0.7173087 -0.0884328187 1.38391542 0.233530581 1.09371459
    -0.121716678 -0.066352129 1.38923061 0.189893365 0.882178843
    -0.44116497 0.863917947 1.52510118 0.676733077 -0.490211815
    0.925027311 0.754125535 1.50870264 0.895259202 0.141636431
    0.388460875 0.559282422 0.362232983 0.733559489 0.802631259
    0.858404934 1.07860136 1.47558475 -0.138542593 -0.484162748
    1.00139523 0.229219913 1.50501776 0.549917281 1.1337173 1.38697278
    1.42725253 0.566498339 0.791542709 0.539410353 0.0133638978
    1.29130459 1.34770131 0.0750442147 1.17257071 0.915161312 1.42568803
    0.197795749 0.10644275 1.3144635 1.36692393 -0.427855641 0.177482903
    0.543706715 -0.153775573 0.736453474 0.465155602 0.479922831
    1.43051851 -0.402626395 0.512530148 0.558946073 0.291297495
    1.35264659 0.726123035 1.33966994 0.822298825 -0.0264356136
    0.284269691 0.0588928461 0.653651178 0.613355756 0.864526629
    -0.616780162 0.789956093 -0.0225353241 0.696643472 1.40105593
    0.984540582 1.04205108 -0.537699997 1.14351201 0.267215431
    -0.414391398 0.658986807 0.372576833 1.34564805 1.13463306
    0.783541381 1.17768168 0.721115053 1.56320226 -0.234411299
    0.452237964 -0.263354331 -0.0854024291 0.538410902 -0.356960744
    0.68705529 0.182077348 -0.527831912 1.57047582 -0.11890775
    0.741728604 0.153396785 0.704688728 1.54642332 0.0346493721
    -0.422968656 0.625606775 -0.12168169 1.01859951 0.284204721
    1.33724976 1.29906869 0.375167906 0.678564668 0.59293288 0.435616732
    -0.364992291 1.73952961 -0.0522242188 -0.498152852 1.39942622
    0.210301757 1.19378245 -0.131280839 1.18487358 -0.589808345
    0.0311455131 0.98202765 1.19392359 0.905530989 1.13017178
    -0.24229449 0.267291844 1.49101496 0.265905559 -0.164530486
    1.02003956 1.43490863 -0.0561712384 1.23313618 0.808375061
    0.19863981 1.6031909 -0.378815055 0.994229853 -0.0743858814
    0.804085195 0.943422735 1.37038255 -0.545635819 0.279912829
    0.392309189 1.02120483 -0.538377225 -0.618252695 0.439531863
    0.513329029 1.54082346 1.02999377 -0.0135853291 0.263882339
    1.36613655 1.65003133 -0.284594059 0.248511732 -0.37957713
    0.375941932 0.678664744 0.963179231 -0.0401822329 1.21073651
    0.571444392 0.62758404 1.56641197 0.217356741 -0.290313601
    0.115721107 1.1859138 0.202776551 0.995904505 0.926419675
    0.609655857 1.55116463 -0.200279742 1.70291042 0.00963020325
    0.443537772 0.686237931 0.329270303 1.05324912 -0.205115497
    -0.396807343 1.04046726 1.1352154 -0.0510080457 0.537356496
    0.566300511 -0.147550136 0.988929629 0.118254662 0.397217393
    -0.693137646 1.2581116 0.430209219 0.096233964 1.07091141 1.52706218
    0.35103786 1.34515691 0.389586627 0.900382161 1.2146244 1.3732245
    -0.268172204 1.33138573 0.381601274 0.642460644 0.81625098
    -0.514994442 1.39544821 0.968038201 0.336391449 0.220679224
    -0.422019511 0.824911177 1.10059333 1.23317754 1.26199901
    0.0953158736 -0.53300035 1.49413121 0.267573953 1.12696433
    0.725357175 1.2469573 0.388191342 1.66622496 -0.251099646
    0.616789162 -0.101000637 0.476706147 1.08011293 0.424398661
    0.419432819 0.249174595 -0.192292571 1.26968145 -0.370949596
    1.21783257 -0.0502377152 1.08389735 0.719705105 0.889141798
    0.165659428 -0.342360616 0.0767254829 0.93924886 0.709768176
    1.08964515 1.42724347 0.543608904 -0.229414701 -0.2869322
    -0.145856261 1.3773458 1.32115006 -0.223629326 -0.218357801
    1.28544021 0.057331562 -0.0170282125 -0.0383710861 -0.0541425943
    0.829321086 -0.313721389 -0.109631181 1.03621352 -0.0774735808
    -0.618300974 1.25806046 -0.596922755 1.02594209 0.972996294
    0.0494800806 1.20764601 -0.565889955 0.539953589 1.12809324
    0.81987679 -0.514079928 1.52660131 0.511830688 1.418401 -0.451610327
    -0.323301613 0.453443766 -0.232396156 -0.0570682883 1.40604186
    -0.61828506 -0.162606895 0.940593779 0.647832692 0.990094006
    1.41039741 1.38009501 1.16932714 1.23570466 0.524553001 -0.200591981
    0.407276809 1.01506472 0.414870739 0.000313460827 0.520877063
    0.822063148 1.00938725 -0.339735419 1.02048182 1.38967586
    -0.411947787 0.380839646 0.358204961 0.339907825 -0.164072812
    0.342238188 0.152788758 1.38074446 1.141204 0.121539116 1.33267832
    0.198426247 0.422774374 1.04630828 -0.0781186521 1.17260289
    0.173086166 1.04285502 1.16334128 0.636081338 0.60579133 1.33634555
    0.160191774 -0.474169791 -0.0694651604 1.07951331 1.44970465
    -0.275716335 1.32059789 0.881201208 0.44269675 -0.444560766
    -0.445415139 1.0515306 -0.378683597 1.08492327 0.264699936
    -0.189165562 -0.0117082 0.654770195 0.75337106 0.166380703
    0.570053637 1.08799338 0.101324499 0.741447985 1.15959287 0.80908072
    -0.390020281 0.734317839 1.28510129 -0.173564255 -0.452994049
    0.933031559 -0.384668648 0.245542407 1.2849381 0.813869715
    1.20741725 0.612522542 1.37418699 0.875271201 0.494582295 1.27232838
    -0.82340312 0.859647155 0.565300524 0.327465653 0.995962322
    1.48920393 0.144912183 -0.152168632 -0.215095371 1.2980777
    0.545310438 1.34049153 0.525654554 -0.538329363 0.51901263
    -0.174156696 -0.389208376 0.585882723 0.719588101 1.20233738
    1.18546844 0.173105299 1.27142668 -0.121990412 -0.233998775
    0.874637187 0.905928731 0.945712388 0.693380535 -0.62189573
    0.681001484 1.16933608 0.712441325 0.194965422 0.467677534
    -0.295160174 -0.111941606 0.163318902 -0.0747500956 1.31001997
    0.564845681 0.192752063 1.6156081 1.47307062 -0.12939328
    0.0253091455 -0.113159508 1.60722232 0.267237186 0.367685199
    0.131150246 -0.0725288987 0.841948688 0.0587671399 0.846964359
    -0.188563347 0.448427677 0.0869603753 0.162599087 0.0962744355
    1.11107552 0.803660035 0.228704631 0.0157009959 0.833855629
    0.0884767175 1.46579623 -0.462248862 0.154529154 -0.515862882
    0.443442345 1.08215427 0.927855909 1.18236899 1.45535564
    -0.0874193311 -0.564895868 0.0164606571 -0.406334579 -0.52201432
    -0.439231336 -0.109108329 -0.216877997 0.916799545 0.969505012
    0.605917215 -0.688290894 0.165663123 0.279045522 -0.311423957
    1.51239955 1.08557773 -0.53568244 0.362975895 0.485999107 1.43046117
    1.39535058 0.346037328 0.173633039 1.52783036 -0.208027035
    -0.219359189 1.22836816 0.406225622 -0.49101311 -0.139578521
    1.48581576 -0.0324228406 0.180847406 -0.395501554 0.443971395
    0.35661602 0.307625234 0.555537522 -0.403589994 0.759428203
    1.19934118 -0.590532839 0.04619807 1.52828074 0.230439723 1.55896854
    0.735746861 1.12981105 -0.246289015 0.311163843 1.15040982
    0.325497329 -0.176738501 0.89430666 1.20953035 1.23803687
    0.510725081 -0.478401989 1.07525063 1.12000966 -0.343455672
    0.26835984 0.0485691428 0.254261672 1.44218588 0.811581135
    -0.31977585 0.320996523 1.38855302 0.97272408 1.18514085 0.222307682
    -0.557121754 1.29856789 0.79045403 0.10590291 1.01068616 0.457787097
    0.640092015 1.23414421 -0.391404331 0.325852394 0.936494827
    0.0886448622 -0.182226241 0.138436407 -0.127274424 -0.291991293
    1.041049 -0.285273999 -0.396916479 1.42925358 0.986046135
    0.232853293 0.247039676 1.44519854 0.996279299 0.339061022
    -0.487716913 0.571857452 0.00502967834 0.828547359 0.128126323
    -0.218187451 0.95983845 1.33849835 -0.650688112 1.25882792
    1.05441475 -0.543099821 0.185619473 0.0575326681 -0.0981961489
    -0.0331761837 0.691978931 1.02259016 -0.369341463 0.180911362
    -0.105351478 0.393653929 1.58469486 1.22973967 0.166289568
    0.182675838 -0.419361085 -0.427607894 0.615301967 0.501125276
    -0.0943994522 0.783699095 0.0379653275 0.452568442 0.0174646974
    0.00331217051 0.774984658 0.182330787 0.0602943897 0.528414071
    0.09846735 0.846977532 0.244649589 1.42490983 1.01721621 0.170299709
    -0.309711874 1.40380621 -0.0545484424 -0.516646624 1.18029249
    1.45473456 0.441997409 1.43791628 -0.349030375 1.05810404
    0.651730537 0.020650506 1.66727591 1.22489524 0.853786528
    0.497530282 0.154013574 -0.0799255967 -0.435104966 0.441449702
    0.733915806 -0.0203307867 0.926451683 0.677220702 -0.0438353419
    1.54692864 0.669978201 -0.281260341 -0.578564703 -0.242654622
    0.760831177 1.18971992 0.431677163 1.01898885 0.998417914
    0.561865449 0.519193411 0.720327258 -0.048966229 0.528086543
    1.04643166 0.0791194439 -0.241381615 1.01927626 -0.0546907783
    0.232968926 0.921123147 -0.31714955 1.32675481 -0.208836585
    0.809524536 1.44603372 0.611088455 -0.46806404 1.64767098
    -0.433077663 -0.120400518 -0.0149502158 -0.301908851 -0.0860822797
    1.45464015 -0.482257605 1.28897476 0.234509051 0.317843556
    1.59756255 0.342132211 0.989612043 0.932009041 -0.127160847
    0.528155744 1.50041056 0.805179477 -0.00948387384 -0.0942970514
    1.44060159 1.56953669 -0.351667762 0.54638499 1.43017364
    0.0412923694 0.808799386 0.120307177 0.35540086 0.499786317
    -0.393817872 0.310592949 1.2718271 0.728430808 -0.251366764
    0.455510437 1.06098461 0.20954293 0.565618098 1.44982982
    -0.263564408 0.443846703 -0.511514187 0.959940374 0.0986009836
    0.868619561 1.34756184 0.592381656 1.04138315 1.50980639
    -0.230327755 0.499672711 0.798774183 -0.00769752264 1.37051272
    0.246013582 1.39551663 -0.0506505966 1.43643117 0.851884544
    1.20535052 1.23467779 0.835729003 1.03697896 0.155569732 0.77765286
    0.734208941 1.30993009 1.35809219 1.01642132 0.217267394 0.259703696
    -0.476812363 0.508746207 0.204190731 1.45433009 0.436435282
    1.19941652 0.494675934 -0.0812293291 -0.338559747 1.07332945
    1.03618121 -0.580095828 1.43965435 0.460732937 -0.439705938
    1.16689038 -0.441343963 -0.255361021 1.05183458 0.145054966
    1.0819037 1.20387673 -0.406477302 -0.155862689 0.0110288262
    0.893104851 0.4902156 -0.180563897 1.22485542 -0.377312213
    0.590534866 -0.395747393 0.42860198 0.155754685 -0.347391218
    0.905411124 0.521647215 -0.554581285 1.29869783 -0.244550347
    0.806030512 -0.349047601 -0.534942031 0.723712504 0.829036415
    1.00308359 0.433442175 0.257826388 0.371178806 0.91974628
    0.327044368 0.842506707 -0.24462828 0.371912897 0.64621675
    1.29800224 1.29071307 1.47164726 -0.405478895 1.28598428 1.31812525
    0.817247808 -0.10009557 0.0619633198 -0.356875539 1.29384589
    0.120027721 1.05032265 0.935659409 -0.0342082381 0.662903309
    -0.189454228 -0.151647702 0.34243381 1.17645705 0.836870492
    0.841351151 1.42105067 -0.460823178 -0.0543659329 0.454062283
    1.0574559 -0.337910056 0.684179068 0.804546237 -0.295097053
    -0.257472068 -0.021409899 -0.430749834 1.12764788 1.20731044
    1.10318053 1.09524131 -0.610965133 1.36134696 0.410886407 1.57269442
    0.25142014 -0.467312276 0.872571111 0.995788097 0.483033299
    0.813898325 0.758614838 0.170662344 0.70596981 1.07334638
    0.663983226 0.863801301 -0.229759157 0.434935123 -0.271783441
    -0.17785421 1.3478421 -0.229858488 0.213968426 -0.328302354
    0.389522702 0.442526996 -0.289396942 0.400667846 -0.476416856
    0.291308463 1.28040481 -0.44057858 0.319167137 0.793589473
    0.621361554 1.34711981 -0.120320439 0.501656353 1.43467641
    0.879071653 0.608237743 1.22097158 0.00973844528 -0.427331686
    -0.12064907 0.858399034 -0.0729944706 -0.120048195 0.0862254202
    -0.102577329 -0.313448012 1.67567825 -0.392007232 0.316548467
    1.18904686 -0.098854959 1.17697942 0.247319281 0.760785341
    1.31416512 0.841475725 -0.483694255 0.70573175 1.5683496 0.577098787
    0.80263561 -0.537207842 0.698999107 -0.513576865 1.16122115
    0.024747014 0.27800411 1.24843538 1.36748242 -0.102774799 1.39885855
    0.836235702 1.17973804 -0.219551057 1.54453003 1.3441422
    -0.415582836 1.48529577 1.12829018 -0.141937256 0.446775734
    -0.565605402 1.22019744 0.847020864 0.779824793 -0.308791816
    0.449752033 1.03889883 0.654254317 0.0947351456 0.266474843
    0.685676157 0.0575149059 1.03024149 0.949322939 0.446898162
    -0.266483456 -0.0196099281 -0.258490443 0.848725379 1.46933079
    -0.461903781 1.1968981 0.507951677 0.204138696 -0.242852792
    -0.0254226327 0.126656592 -0.303874046 0.258233547 0.728724539
    0.472502887 -0.432638466 -0.248078048 1.11076045 0.272942096
    0.159984291 0.19009912 -0.239588261 1.3602525 0.622943938 1.23561394
    -0.228735149 0.459621668 0.91813916 -0.394532382 0.455091894
    0.419773459 1.38470984 -0.225820094 -0.0977403522 -0.554557443
    0.799654305 1.16134667 0.301255703 -0.289519727 1.60014045
    0.751810491 -0.199168146 0.979482591 0.585246027 0.115000784
    1.17538977 0.202813506 0.827266753 0.169319749 1.01088953 1.08497381
    -0.105177462 0.350063026 1.44500768 -0.481096148 0.554405153
    0.129921138 1.38053608 -0.0639321804 -0.247404277 -0.264641285
    0.303510696 0.770348072 1.54374015 -0.537513793 -0.595543981
    0.831540108 -0.065269053 0.893412888 0.545963526 0.863088906
    0.18403697 0.597630024 1.52547991 0.445131302 0.435444057 1.34036016
    1.0045886 0.865721107 -0.274122596 0.314113945 0.272640347
    -0.257413357 1.15779603 1.12928152 0.858766854 1.286852 1.52120757
    -0.0699253082 0.572424591 -0.387712806 0.937861323 -0.0287719369
    1.34205675 0.759683847 0.628201365 1.04406118 -0.331796408
    0.536050022 0.779994726 1.30690289 1.18163228 -0.292145103
    1.25933146 1.45239866 0.932734549 0.846592307 1.46456254 0.448390007
    0.453592896 0.943631291 0.0795924067 1.62826812 0.126352727
    0.56066227 -0.507479668 -0.289857686 -0.404903442 -0.137318432
    1.46737218 -0.560193598 0.812467039 -0.304910302 0.581823885
    1.17070937 0.264106691 0.491877019 0.88915962 0.17646265 0.26207912
    0.426545262 -0.195513546 -0.18724446 0.964287281 -0.418563396
    0.289480507 -0.441246957 1.11228228 0.0699430108 1.00029564
    0.182117045 0.138006866 1.46531475 1.05151224 0.435770512
    -0.281609118 0.0156565309 1.34743857 0.237410963 -0.365431219
    0.297536612 0.201235831 0.767449319 -0.0319575667 1.32277763
    1.31530845 -0.420526475 1.59212339 0.651655138 0.700251043
    1.09722471 0.542594433 1.1377368 0.29185915 -0.475698322 1.25993061
    -0.184341192 -0.0271982551 -0.488298416 0.779961407 0.00175493956
    0.637101293 0.490594685 0.441138417 -0.168740213 0.901845098
    -0.113422334 1.45538723 0.212097526 -0.276117831 1.24734056
    -0.252889425 0.652059793 1.20365143 0.869640648 0.525602937
    0.307863533 0.738013506 -0.550882459 1.0284797 1.47364593
    0.517606854 0.425237477 1.18410575 -0.198469996 0.566111028
    0.695234001 0.687728941 -0.275016755 0.10905531 -0.127292782
    0.304801822 -0.106081903 -0.350805104 -0.269379497 -0.262361437
    -0.0590980053 1.51619458 0.43907541 1.38195539 0.143975616
    0.452249885 1.44115376 -0.589641869 0.788341224 0.948059857
    -0.223745406 1.50847697 0.368653953 0.833366156 1.32903695
    1.19234788 1.2427386 -0.0541046262 1.3158778 -0.439368367
    0.680393338 -0.162124634 0.806026936 -0.353743643 0.665162206
    0.546599925 1.09543383 -0.263207257 0.40289259 -0.0791891217
    0.226208687 0.36334002 0.638038754 0.85496217 0.265849411
    0.369547009 0.519650459 0.235197842 -0.208300143 0.802449882
    -0.610542178 -0.00467401743 0.268015265 0.969096601 0.942707121
    0.208137989 0.371264577 0.767619014 -0.271406323 1.01805639
    1.26939642 1.35402751 -0.579494894 0.871739209 0.882556438
    0.47118634 0.311679006 1.25268126 0.138026059 -0.0560005903
    0.975717127 1.49339557 1.76716864 0.548853934 0.926373959 1.40602756
    0.228898823 -0.131746143 -0.184509754 0.78553468 0.814383447
    1.13364339 1.20981026 0.421919644 0.155008733 1.55763054 0.274209142
    0.0177125335 1.18273401 0.961591542 0.611826181 -0.293844849
    0.259560585 1.17474306 0.211769402 -0.142419219 0.725681543
    1.29498291 0.993121147 -0.143146873 1.26468158 -0.132203817
    -0.429795533 0.721257985 0.891650498 -0.0546317101 -0.238395274
    1.01566184 -0.0684708953 0.264420033 -0.283700824 1.26642013
    0.594111979 1.14341092 1.21328485 1.49722672 0.348114192
    -0.553043723 1.49053001 1.1077292 0.0962435603 0.386302531
    -0.235253572 0.799063206 1.4023509 1.2294724 -0.606617272 1.23687029
    -0.432106107 1.49953032 1.22900939 0.331734955 0.288432777
    -0.383200198 0.101413369 0.0226368308 0.91043371 1.02519417
    1.16771817 0.42029047 -0.45202148 0.645590484 0.142649293
    0.344652593 0.891299546 -0.159020245 1.03998542 0.0560951233
    0.210548341 1.12541556 -0.134096861 1.33643138 0.552570045
    -0.251880705 1.45254636 0.5079723 1.47896028 0.653892696 0.699001312
    1.01232338 -0.524582088 0.804878175 -0.301665574 1.24744344
    -0.471552789 1.12682903 0.771944284 -0.120176435 0.290026486
    -0.494122148 -0.212752312 1.23535419 -0.378033787 0.687738121
    1.22727728 -0.043893218 0.323704004 1.26440215 0.26941973
    0.739788592 1.44048953 -0.304878801 0.425794661 0.354173183
    0.873982191 0.855353832 0.950169325 0.95915252 1.43851566 1.15914488
    0.861180723 -0.167559028 0.796572626 -0.339980125 0.558821499
    0.38698113 0.0604480505 0.752343535 0.287566483 1.15118861
    1.49102688 -0.0305551887 -0.230260313 -0.0574298501 -0.120015919
    0.945658505 0.798238993 1.11511421 0.378809988 0.380069196
    1.33139944 0.0259554386 0.576157331 0.344846308 0.0896280408
    1.00773287 -0.00345951319 0.158766806 -0.157120764 -0.246604085
    -0.087798655 1.13316536 -0.11224407 1.46609521 0.0849871635
    -0.228800803 1.4547689 0.532459259 0.0078702569 -0.349909246
    0.119018972 -0.335380286 -0.161346421 0.00271117687 1.28501487
    -0.258415848 -0.200265527 1.32120442 0.880658925 0.10535863
    0.32611841 0.0504004359 1.67545605 -0.191070557 -0.570239782
    1.28484082 -0.413060576 0.255491138 -0.553429067 1.43528962
    0.404929101 0.00130206347 0.40651387 0.592484534 0.59134537
    1.12404037 0.168890297 -0.450785965 1.64690828 1.12355995
    0.135157853 0.882889152 -0.272234797 1.62821424 1.66073298
    -0.204961449 1.16594791 0.938886285 0.478269219 0.351970017
    -0.565952003 0.854681849 0.498093665 0.833823442 0.299749196
    0.950578272 0.900941253 0.214850247 0.409831405 0.688622594
    0.00219905376 1.09110963 1.33225226 0.909062803 0.774657309
    0.0499481559 0.706429005 0.396084249 1.2170167 0.59112978
    -0.107744098 0.802749634 -0.288392216 1.41344416 0.699647605
    0.554085076 -0.160518169 0.486170888 1.43971729 1.22510028
    0.528162241 -0.532983065 1.51965141 1.11869776 0.0169118643
    1.14115882 0.900916338 1.37453103 0.176181912 0.11722362 0.503879249
    0.655398309 0.577791452 0.643479288 1.08094144 0.315886497
    0.0525138974 0.511045396 -0.344292104 1.55589151 0.115873694
    1.11806512 1.23910475 0.189767003 0.0445395708 0.948971152
    1.13304877 -0.421347201 -0.130835772 1.19217753 0.89521867
    1.53979826 0.800002396 1.64266694 0.355628192 -0.169319928
    0.878501952 1.24352884 0.199673295 0.543906808 -0.561317801
    0.164881766 1.18191314 0.42720294 -0.131487668 1.18532491
    0.749154389 0.922228515 0.47780937 0.853042841 0.924385726
    1.31262064 0.775494516 -0.401657432 -0.0288155079 -0.0783235431
    0.436521351 -0.57527566 1.2583952 1.36784124 1.24218392 1.42860091
    0.88952601 -0.388424903 0.90431118 1.28081179 0.273927271
    0.379849911 1.25199771 0.275528371 0.0315551162 0.126265824
    0.948546529 -0.130492091 0.986378193 0.343644381 0.559914529
    0.652633786 1.00281799 0.48428303 1.37676013 -0.639778972 1.54819
    0.356572211 1.48885107 0.372031391 0.106067955 0.230872631
    -0.305586815 1.0476234 -0.129527271 0.729012907 0.634526432
    -0.242375106 0.518868506 0.412655771 0.0636458993 0.891011477
    -0.354561001 0.182602525 0.829512835 0.16174531 0.745113134
    -0.389201343 1.4866091 -0.5417974 0.528614104 0.729823291 1.12279916
    1.29597521 1.17483747 0.326442659 -0.0438175201 0.598534226
    -0.0694201589 0.214830875 1.09743762 -0.221440673 -0.424387425
    -0.169988155 0.781548083 0.859755099 1.27579689 0.670804679
    -0.396688282 0.231409788 1.38670468 0.556680799 -0.490287423
    0.447341561 0.714738369 -0.0429461598 1.04454672 1.62345028
    -0.432656735 -0.513469756 0.639832854 1.39886785 0.87225914
    0.1485461 -0.0182828903 -0.275618523 1.31799865 0.786359608
    -0.307157189 1.18189645 -0.494830132 1.08105803 0.18310684
    0.933068335 1.38060391 1.43476367 -0.347930849 -0.498514533
    -0.293138802 1.3633554 -0.100515366 -0.381293356 0.711910129
    0.105081618 1.38739061 0.20532465 0.246909142 1.44568598 1.25891352
    1.03668702 0.0510898829 -0.30965808 0.638385057 1.50530481
    0.698190331 -0.137458086 0.326216578 0.696449399 1.19052815
    0.610629141 1.38367951 1.17263317 0.0667856932 -0.25036478
    0.405403137 -0.00201296806 0.294600427 1.43426633 1.06249261
    0.92803663 0.418983281 1.54714656 -0.218355983 0.574363947
    -0.460127175 1.22277141 0.465025008 0.23644948 0.404106081
    -0.425991714 0.498057187 0.77514708 -0.128864169 1.19927287
    -0.433695138 1.62675941 1.03110278 0.306633651 1.29141629
    -0.431174815 -0.25279671 1.10348094 1.03700757 0.305655122
    -0.145224333 0.601250648 0.0966259241 1.05309296 -0.55832386
    1.50353837 0.266506374 0.0132130086 0.954051018 1.58630633
    -0.307046324 0.240200341 0.172053337 0.922450125 1.04094291
    0.0349912643 0.347119808 0.148008585 1.20093083 0.307724833
    0.0452697277 0.479711711 -0.530136764 0.352007449 0.411728024
    0.86565274 1.41019034 0.135091662 0.955006957 0.596446574
    -0.157375872 0.517117083 0.994522452 1.12701952 -0.247225881
    0.919144154 0.93226099 0.87378484 0.145023704 0.0236949325
    0.283814549 0.829243302 -0.279151589 1.51757503 0.202716172
    -0.598934472 1.13618183 0.602659643 1.06805158 -0.075150013
    1.28159177 1.42691779 0.403224826 0.980128527 0.186392367 1.55313349
    -0.307628602 0.699078441 0.48937434 0.353813171 -0.444294631
    -0.0288437903 -0.146682978 0.298554987 0.396025658 -0.130757689
    0.919812858 0.93083787 1.38780069 -0.214978874 0.375136554
    0.695756793 1.32440484 1.16876435 -0.231640518 -0.0343289673
    -0.136809975 -0.127294928 -0.390402079 0.436977029 1.21381116
    0.510926962 0.579709888 0.348291516 -0.313541591 1.08837831
    1.15227747 0.113294542 1.06015444 -0.474668741 0.232420266
    0.853909075 1.18712616 0.460497797 1.44293928 -0.155673474
    0.235016823 0.300655425 -0.0940076113 1.20712137 0.87554431
    0.661577404 0.811701775 0.995631993 0.0745988488 0.995141685
    -0.721085548 1.46812403 1.09496999 0.565623701 0.55269587
    0.130815387 1.21886945 0.633963883 0.459084809 1.47092009
    0.838623285 0.237631083 0.0461232066 1.43824482 1.02508807
    0.00130724907 1.49790537 -0.122059464 0.190088272 1.2896204
    1.14337087 -0.0299224854 1.31968021 0.990565479 -0.189439535
    0.208291233 0.375577152 1.42653823 -0.0350372791 1.00077593
    1.53156328 1.19167924 0.53109616 0.623756826 -0.457168758
    -0.383835196 1.31788015 1.02919102 0.516439617 1.18183708 1.29009581
    1.3549664 1.15307081 0.976657093 0.740631282 1.01902366 0.514140069
    0.675417304 0.24587065 -0.322856903 -0.42608428 0.858885229
    -0.254908681 1.47082758 -0.106149107 0.236795127 0.347986162
    1.72741842 -0.0155816078 1.04704523 0.452240467 -0.487922966
    0.69898361 0.936102033 1.6188879 -0.0146339536 0.75232023
    0.717903376 1.05399621 -0.655221283 1.47244501 1.40713334
    0.457700372 -0.270026118 -0.0409701467 0.787982583 1.31156921
    0.0690529346 -0.122148335 0.909655035 1.39181066 0.190426826
    -0.455723971 0.153514504 -0.227749467 0.722036123 0.339100897
    0.875996172 1.45683956 -0.506919026 1.33039725 0.95920676
    0.722316682 0.728371382 1.00707531 -0.424419105 -0.138994038
    1.57056308 1.58719516 -0.0132397413 0.790959597 -0.491666257
    0.704654515 -0.254407018 -0.196838319 0.967834592 0.931294262
    -0.301077873 1.31993186 -0.162828982 0.872071445 0.0316083431
    0.860227585 -0.153331906 -0.0821795464 1.48086536 0.237513661
    0.462590456 0.78795886 0.640938044 -0.294630885 1.21035695
    -0.464117229 0.0425856113 1.28681815 1.12676418 1.11735439
    -0.107904136 0.389930487 1.3132509 0.725414038 0.797101438
    1.01805997 0.532050431 -0.422360957 0.485280335 0.265929699
    0.199251056 0.345269978 1.3522048 0.561853528 -0.00778883696
    -0.542607784 0.582280874 1.09754729 -0.473652601 0.777920008
    0.521855593 1.04339206 1.31522727 0.270103395 -0.312808752
    -0.309739739 1.36407745 0.394441545 0.18282783 -0.193923563
    -0.341080815 -0.443863064 -0.034581542 1.59276223 -0.471499532
    1.01732922 0.720212579 0.278396726 -0.474424958 0.758427858
    0.594243348 1.17977345 0.256962419 0.229661524 1.12070882 1.52476752
    0.240793526 0.868817389 -0.582419693 0.777774215 0.580074191
    0.694896936 0.36109525 -0.120734692 1.31383574 0.294441223
    0.194479108 0.667371213 1.1164391 0.812222779 0.602706134
    0.175399542 -0.221681029 1.27325869 1.05701506 0.591469705
    -0.338278085 0.696678638 1.41032243 -0.286479354 0.333624244
    -0.382302999 0.448869944 1.38340342 0.0164582729 0.50940454
    1.60089219 -0.301077724 0.28767556 1.00979555 1.43636751 0.146868944
    -0.469831645 1.35615075 -0.441925734 0.48082751 1.07750833
    -0.195903122 1.31983304 -0.561543405 -0.289571702 0.368587971
    -0.0198976994 0.467497826 -0.258806586 0.376874149 1.60536742
    0.470805794 0.991193175 0.168132663 0.373039365 -0.0867856443
    0.652259409 0.0434916615 -0.358917356 0.939044714 1.03855371
    -0.0077586174 1.57321155 0.588590026 0.461025059 0.645424068
    1.50765228 -0.435758591 0.507356942 -0.216776282 0.105978787
    0.29957211 -0.398630291 0.12747699 0.699323416 -0.328329861
    -0.427600563 1.30306339 0.711759806 0.46960026 1.1736567
    0.0171675086 0.297056854 -0.258450747 1.03281903 0.69157958
    -0.346433312 0.271137357 0.253610373 1.47085547 -0.515861571
    -0.365601361 -0.553159714 0.178136528 0.478098035 0.0547685623
    0.944985986 1.01715183 -0.139370143 0.00956642628 0.605237007
    -0.247662991 1.52493882 -0.382026106 0.417275965 -0.255261272
    1.21425962 0.318839073 0.508960605 -0.175253689 1.04251564
    -0.0884746611 -0.129112065 1.21429563 -0.251605093 0.191169918
    0.424830794 -0.592041612 1.57282138 0.317948043 0.598787665
    -0.622867882 1.33244371 0.573663533 1.12913203 -0.644464552
    0.047309041 0.30198127 0.828282952 -0.457791209 1.20378506
    0.943408668 0.532620251 0.632217824 0.269211054 -0.484493554
    0.586643696 1.10548139 0.598761201 0.385362387 -0.411244124
    0.923679352 1.44066167 0.254753888 0.264695346 0.0615104437
    -0.339778334 0.162617266 0.829123259 -0.42620039 1.22890484
    1.52337193 0.42585361 1.39720464 0.965410829 1.13564754 0.837867677
    0.0207021236 0.684359848 -0.373238742 -0.254314095 -0.290111691
    0.588474929 1.43523884 -0.0812203288 0.388497174 1.19325066
    -0.159092069 -0.0112766623 -0.0373000503 0.943546176 0.130105436
    -0.0239274502 -0.616478801 0.186404049 0.759703934 1.4125731
    0.926137567 0.350715637 0.149364233 -0.273280412 1.25960326
    0.291639686 -0.146972686 1.61122894 -0.198062569 -0.430995256
    1.35375524 0.262706161 1.51604176 -0.289535046 1.17920208
    -0.17490992 0.609540105 -0.213318437 -0.187214732 -0.0933654606
    0.125629783 1.22031164 -0.302161127 0.0291374922 0.630240619
    0.984518468 0.942566872 0.435271382 1.34621501 0.599612892
    0.298527241 -0.520909429 -0.519267797 0.146937072 0.436453879
    -0.394344479 -0.484045535 0.335424066 1.44132137 0.449730575
    1.55642509 1.1039319 0.695825815 0.129860818 0.184652984 0.326392353
    0.532141387 1.36230326 1.43082261 0.661281884 0.755201638
    0.307418525 -0.0644732118 1.04402375 1.19048572 0.991277933
    -0.369549096 0.889114559 1.36552334 0.888668537 0.474764466
    -0.282341987 1.12670219 0.228576005 0.603697777 1.42931175
    1.51572442 -0.31448859 -0.0442419052 -0.133120179 0.800654888
    0.0812171698 0.0383223295 1.57675219 -0.483909369 0.315135002
    1.28824365 1.13080287 0.0618983507 0.446291506 0.647657752
    0.548021793 0.481362522 1.14260638 0.614860415 1.47190285
    0.798107386 -0.036015451 1.13836527 0.36460346 -0.0246493816
    -0.44863531 1.37704778 1.43048382 0.966371417 -0.15393734
    -0.279405504 1.00636053 0.444915652 0.745768428 -0.506670117
    1.20990252 -0.561061084 1.23888624 0.729061663 1.12827182
    0.241186023 0.729488254 0.0674282908 -0.0201658607 1.48067975
    -0.114795089 0.163421929 0.202971399 0.809859693 1.3556459
    1.32740998 0.502269447 -0.349213302 0.563794255 0.802947581
    -0.429440558 1.51726723 -0.180316776 -0.209509671 0.791145027
    -0.114126593 -0.0293951035 0.866490245 -0.185208619 0.345698148
    0.727996171 -0.0669993758 1.44741702 -0.626007795 1.14942479
    0.0598706007 0.629775465 -0.0229669511 0.203214854 -0.313617408
    -0.351676941 -0.165124506 0.296649694 -0.405859441 0.725036383
    0.279114187 0.796352148 0.994033337 0.262341321 1.45039058
    1.10202157 1.16898298 -0.519242227 0.650657475 0.46377176
    0.0701995492 -0.367739558 -0.389060736 -0.280991763 1.34427118
    -0.0576194823 1.39188945 -0.26046437 0.509371758 -0.222014934
    0.896096706 0.313185155 0.098552227 0.36493212 1.07450223 1.07024002
    1.31128478 0.903832734 1.47941256 0.236921072 -0.527668178
    0.283875585 1.6086067 0.697534859 1.03392553 -0.0140742064
    0.372211993 0.550392866 0.341300666 -0.184075356 1.1495471
    0.922457397 0.273194551 0.358976007 0.0718789101 0.179653734
    0.299457312 1.06857276 -0.199478805 0.968422413 0.70816642
    1.37507796 0.174336374 1.26359653 0.543817103 0.653892219
    -0.0694259405 -0.450222224 1.55638814 1.44837439 0.906556964
    0.686560154 -0.278628439 1.32491314 0.0310872793 1.09922624
    0.987906218 0.77379781 0.280271351 0.927728593 0.132421732
    -0.254256934 0.588823318 -0.388086349 0.793170214 0.743506134
    1.01611304 -0.525061011 0.913178742 -0.194291711 0.271598518
    -0.198761106 -0.128394246 0.839532733 -0.0105419159 0.237108767
    -0.166085333 -0.137024105 -0.260439157 0.336497366 1.5414784
    -0.100054026 0.292513371 1.37195182 0.764809191 -0.397519112
    -0.423061967 0.602951884 0.987330914 0.132268012 0.427465498
    0.775131106 -0.174715698 0.885089457 0.64560014 0.64609623
    1.12065244 1.09631741 1.13946223 -0.527558088 1.22051585 0.53185451
    -0.314733595 -0.311231881 1.44252777 0.620867491 -0.249438405
    -0.187191874 1.33414221 1.19984508 -0.37934339 1.49887896
    0.670539081 0.614811242 0.385035634 0.364118755 0.987556815
    -0.260957956 0.815442681 0.969540834 -0.253201425 0.104787409
    1.46898723 -0.176276147 -0.357019693 1.13104939 1.38948154
    0.624922693 1.52241921 0.17093575 -0.424681991 1.41121674 1.14641714
    0.920919955 -0.331740797 0.20859313 0.215766788 0.867222846
    1.10052419 -0.307261616 -0.654214203 1.08688629 0.468575299
    0.831652522 -0.0654813647 -0.18950209 1.44459724 0.275433362
    0.0797826648 0.972850919 0.370370924 0.160204768 -0.134727895
    1.09462667 0.893609285 -0.0639587641 -0.344766408 0.287676632
    1.33390594 -0.653273225 -0.0914360881 -0.0753232837 0.409723401
    0.373559773 0.323216856 -0.0845523477 -0.104562074 0.630512595
    -0.00399649143 0.995262384 -0.466044575 0.509595156 1.30512357
    0.53097713 -0.13759768 0.544030786 1.27373838 0.138808608
    0.739983439 -0.340644598 0.514052451 0.487402558 -0.159420222
    0.460113883 -0.0881669521 0.366721988 -0.0915567875 0.437246859
    1.14880967 -0.322623789 -0.366729558 1.41265512 1.40065932
    -0.771195769 0.0465878248 0.787447333 0.588374376 0.588229597
    -0.0340157151 0.977575541 0.810041726 1.27131844 0.899397969
    1.57409453 0.40348798 -0.153649628 0.190579891 -0.508285761
    0.316344053 -0.372457474 0.0728130639 0.201008081 1.46856189
    0.799951971 -0.197610259 -0.516522408 0.120138168 1.48723471
    0.0509518981 0.748960495 0.520953715 0.454044819 0.776322603
    0.868428648 0.353665352 1.16985655 0.853413522 1.42501247
    -0.630083621 1.17397833 1.28642368 1.11973143 1.31419659 1.13428354
    1.20357394 1.28212166 -0.464968622 0.594634533 0.358020306
    0.0919239521 -0.181281835 -0.254502714 1.45946896 0.566187918
    -0.263090879 0.686053693 -0.560736358 1.22747684 0.916262686
    0.987350881 0.018532753 -0.445314705 0.392146528 1.19625831
    1.37555432 1.45906734 0.960256279 0.20685041 -0.055221498 1.43670726
    0.699280202 -0.00158417225 -0.0976594687 -0.0428150892 0.182090163
    0.891881645 0.484178305 -0.231109411 1.31008768 -0.271385759
    -0.015258193 1.06162465 1.34128845 0.408955395 0.0627371669
    0.558982253 1.16905975 -0.0111590624 0.245436966 0.766706824
    -0.432656705 0.765363812 1.0776763 1.4377811 1.41612554 1.15387917
    0.571706891 1.23663366 -0.466038346 1.29105914 0.500154734
    -0.285212994 -0.239760891 1.4149009 1.46131825 1.06917238
    0.598992288 1.33046603 0.587615967 -0.404922634 0.72622633
    0.487016559 1.09047937 0.704359651 -0.408188999 -0.566924334
    0.301160574 0.633341849 0.188773274 0.965693414 -0.718272805
    1.43739367 0.723177969 1.2993679 0.953896224 -0.176027715 1.44666207
    0.283368051 -0.296533287 0.835728407 0.584547281 0.472969115
    1.37965465 1.01655948 0.27813679 1.66819239 -0.361993551 0.346110344
    0.727019668 -0.184313297 1.39418495 0.0199933648 0.46505475
    1.39969635 0.363454938 0.551912785 0.610947609 0.41663152 1.60144627
    -0.249666154 1.54462731 -0.321745574 0.160672128 -0.471706688
    1.21053219 0.885793447 1.08519983 0.332975745 0.466442585 1.05104971
    1.20956814 0.752686441 0.555705249 -0.355528384 -0.177044719
    0.0167426467 0.77535975 1.43669391 0.778029621 1.45118666
    -0.504101813 0.0687277317 0.381040931 0.748363018 -0.314036816
    0.672968209 0.482143641 0.203718424 0.0938213468 -0.4270356
    -0.286526293 -0.52512449 -0.030829072 0.824056685 -0.0482418537
    0.395428836 -0.113753676 1.31800854 0.983422101 0.387463987
    0.382235169 0.486193478 -0.219914615 0.24953717 -0.187172204
    -0.168322802 -0.303539634 0.917111039 1.36585188 1.08766294
    1.37346697 -0.287668675 0.788990915 0.310024917 1.09809411
    1.18299842 0.455485582 -0.574884295 0.659389377 0.332687974
    0.299215138 1.24062431 0.196131527 -0.398417264 0.594293237
    0.811376095 -0.0292622447 0.770679474 0.926985741 0.907154024
    0.30028981 0.514898241 0.947185695 0.798967659 0.700113595
    1.13501668 1.54047537 1.07747948 -0.371158719 0.835510612 1.43821812
    0.488879502 -0.177072436 0.954987884 -0.0968673229 0.916595757
    1.13268447 1.51069331 -0.514106274 0.829734445 0.431263745
    1.09583414 -0.507671595 0.727297246 -0.295173168 -0.202272713
    1.10162187 1.2201215 -0.224378675 0.672428966 0.251894921
    0.549607515 0.268785655 0.582371294 -0.0740170479 0.159968287
    0.00681483746 -0.425806433 1.23364854 -0.0168012381 1.28686571
    1.42857444 0.622958004 1.34439588 1.46644998 0.0873774886
    0.355803609 0.284928203 0.0249405503 -0.248042136 1.27495003
    -0.469033003 1.07627106 1.37171197 0.391908884 0.48010087
    -0.407204479 0.68508029 0.547684193 -0.35877037 0.0253095925
    0.812004089 0.519702435 1.48753953 0.678750694 0.542462587
    0.625917375 1.35105181 0.16002959 1.20604396 1.20175374 0.856081247
    -0.511212647 1.31142449 0.460061252 0.348972201 1.5151453 1.19514203
    0.872077763 0.777378738 1.05765724 -0.0882614255 1.59852076
    -0.0807593465 0.498824239 0.763850391 1.15601218 1.24194551
    0.0345699787 0.13740772 1.20417213 0.413873315 1.54860556
    -0.406314969 -0.291063994 0.479754329 -0.367843568 0.632280171
    0.548478961 0.406747758 1.35370088 -0.843216002 1.42815626
    0.551877201 1.0263027 0.0831046104 0.142111301 1.1148262
    0.0524131656 0.450828731 0.336288989 1.53485763 0.606480479
    1.37883317 0.0430396795 0.191621065 1.0565269 0.937755108
    -0.426482588 1.22564101 -0.271944612 -0.0830075145 0.72644949
    0.342863739 0.897651672 1.1331327 -0.391650885 0.440110922
    0.769907832 1.06447577 -0.656488419 1.02166772 1.01715648
    -0.216783047 1.537956 0.797730684 0.200647295 -0.330613792
    0.214003414 0.0127978325 0.456907272 1.35232449 0.352740467
    0.554582715 -0.512161672 0.179440796 0.65253073 1.64254093
    -0.347508311 -0.102958411 1.21719205 -0.429509759 1.12535024
    1.01095831 1.47854686 1.31206703 1.18617427 1.26822257 -0.549697638
    0.0120764971 -0.234474927 1.26193404 0.590769768 1.08453965
    -0.281314939 -0.37096706 -0.0817961693 1.354105 1.3529532
    0.808218122 -0.446111917 1.21999025 0.528110445 1.69566965
    0.0405197144 -0.279995203 0.53990221 0.892300427 0.670884073
    -0.520561039 0.245142609 -0.13150382 0.85384798 0.230163455
    0.545024633 -0.376008779 -0.107626051 0.491055518 0.174543083
    1.49392915 1.07128358 -0.39048025 0.395947337 0.477847874
    0.777205527 1.11493635 0.15347892 0.975260735 0.353887737
    0.168427765 0.290044188 1.61233616 -0.367668629 1.45207381
    1.11590266 -0.00740963221 1.07069099 0.653463304 1.25810587
    -0.32398349 1.47439146 -0.182536483 0.754843056 -0.0553045571
    -0.0834439397 1.05788302 1.55593431 1.3313545 0.837727427 1.11875224
    -0.267551512 0.0466592312 0.946363866 0.199073792 0.463016152
    1.24708509 1.2431891 0.547496498 1.41899884 -0.19551298 -0.122299522
    0.803792894 0.228848279 1.42936361 -0.00746071339 0.170119762
    0.589171052 -0.0181194544 1.46798205 0.678914368 0.850972772
    1.06744242 0.877685785 0.20271337 1.60004067 1.30117726 1.22490287
    1.24687719 0.752515852 1.27175856 0.271175861 0.772722244
    -0.0409605503 -0.335873604 0.671332002 0.513714254 0.420647323
    0.387999773 0.415085137 1.01618838 0.483880579 -0.355264425
    0.316271365 0.659744263 1.25418591 -0.133172512 1.08401668
    0.757049441 0.0411493182 1.19145977 1.27738619 1.03594995
    0.263761938 0.963132858 0.453961313 1.13439488 0.697266281
    0.900542855 0.570524335 -0.491285652 1.53901982 -0.42718941
    0.300554752 -0.00309407711 1.22941315 -0.218807042 0.313363552
    -0.0605340302 0.688294411 -0.179062337 1.56061602 0.236225367
    0.288406372 0.758699417 0.583850801 0.00128054619 1.18531775
    0.836339653 1.01166153 -0.0176607966 0.365778804 -0.0209801197
    -0.320087552 1.30321336 -0.324233353 -0.517108381 0.703386962
    1.1900177 0.429928958 0.899235249 0.650019228 0.432938695 1.22807419
    0.289131343 -0.25506407 0.764616907 -0.29992497 1.57636702
    0.0181837678 0.54090482 0.664182842 0.668247759 0.305302262
    0.500229955 1.32329512 0.381225705 0.0514562726 0.921074927
    0.36251235 -0.177886248 -0.373415112 1.50077748 0.138405859
    0.744169116 0.663981676 0.347006381 -0.381932378 -0.255775273
    1.6107589 0.0802666545 1.25922275 0.339904845 0.573143601 1.16080058
    0.926044822 0.146944702 -0.0206813216 -0.352633119 0.789932013
    1.30845773 -0.241946965 1.14067101 -0.193001866 1.45629168
    0.0295086503 0.220629632 1.16419601 1.28761292 0.232442141
    -0.0927367806 0.574442804 -0.131750882 0.674963713 -0.110398144
    0.597868741 0.675268233 0.756057084 0.192480981 0.213489294
    0.483274102 1.04887509 -0.297136128 0.566431642 0.794738531
    -0.0803936124 0.107908487 0.658296645 1.51571393 0.0526841879
    0.941548169 0.105190456 -0.344420046 1.15191329 1.30173612
    0.534373224 -0.123257935 -0.0208464265 0.747106194 1.00715876
    1.07658648 -0.00749546289 0.30152303 -0.491040647 0.129523516
    1.28482962 0.533259332 0.566165864 0.517834246 -0.253277957
    -0.464909852 1.33328819 1.41209745 -0.611717701 0.767609239
    0.447728276 -0.284412146 0.260404885 0.651969194 1.17625451
    -0.437451005 -0.229782522 0.0312492847 0.438542366 0.850754797
    1.13316584 0.159299314 0.369820535 0.505128384 -0.366919458
    -0.244855404 -0.332196921 1.36921668 0.627440333 0.244747281
    -0.354826838 -0.349479795 0.832410455 0.544850826 -0.223706484
    -0.31179297 -0.10659641 0.0459247828 1.26601219 -0.421617925
    0.817089617 1.48448229 -0.279508829 0.104359806 0.310571492
    0.15766865 -0.0811792612 0.565766573 0.701817214 0.662743211
    -0.579158723 1.00389898 1.10100245 0.164079309 -0.280738533
    0.347329468 0.453873515 0.649261475 0.46960336 -0.340804011
    -0.429311335 0.537707508 0.808714032 -0.549278915 0.717837751
    -0.471435308 0.94885695 0.569108725 -0.00271594524 -0.0570269227
    0.943610907 -0.434702784 0.49539718 -0.337364227 0.393704116
    0.407486796 1.14655447 1.01403952 1.28270507 0.236605883 1.21766675
    -0.152231336 1.31776357 -0.247628897 0.393452227 0.809820354
    0.21712482 0.388358951 0.438801825 0.957865357 0.0927269459
    1.14391375 -0.473548591 1.43244827 0.635041475 0.668098569
    0.199087322 1.35580409 -0.17460233 1.6001873 -0.60528028 1.40286231
    1.00821364 -0.0597889423 0.000758945942 0.846111059 0.0201698542
    -0.466791779 0.321003139 -0.591463625 1.13968468 1.29779232
    -0.00510472059 0.02242589 -0.000896781683 0.229116678 1.32179272
    1.44529295 -0.0954118967 0.282223582 0.402102709 1.2257266
    -0.369600624 0.0672150552 0.263991356 0.366112292 1.41480613
    -0.336685002 1.38496506 -0.17786786 1.07446384 0.168396533
    -0.0579864383 -0.415921509 1.31648326 0.813457727 -0.212350726
    -0.126123667 1.12996817 0.661552668 -0.185413092 1.11626625
    0.0985662937 0.709167659 1.3843317 0.800863683 1.63185048
    0.00849890709 -0.0378677845 0.302964896 0.241858065 0.0990291834
    0.752426267 1.12567377 0.570902228 1.27374375 1.24895239 1.0450635
    -0.0787892938 0.190144956 -0.106634498 1.08017039 0.430494487
    0.0446148515 1.2682066 -0.596062899 0.956037998 0.780636072
    1.27403307 -0.325084716 1.22109199 0.474665582 -0.282247871
    1.49756217 0.552130461 0.302035689 0.816961825 1.62105656
    -0.44292444 0.436676562 -0.129848689 -0.140227824 -0.286643744
    0.286771119 1.20027757 -0.142642319 1.46557367 -0.00927436352
    0.575598001 1.26954293 0.492175221 0.0424504876 -0.146953404
    0.713890374 1.45558727 1.59699798 1.47256017 0.705041647 0.671414554
    0.295322001 -0.507388413 -0.542116165 0.815646529 -0.360650361
    1.17594504 0.151999235 0.544887125 0.930686355 -0.339625925
    1.42301774 0.548135638 1.52706933 0.355946302 1.2008003 1.0419178
    1.22036827 0.0588015318 0.93884927 -0.473648161 1.3050487
    0.0650203228 0.444301128 0.647073984 0.739757001 -0.297103286
    0.0622045696 -0.473969907 1.0951438 -0.486768663 0.353788495
    0.984129846 1.34417951 1.01442552 1.62147856 -0.0753192306
    0.0382934809 0.0252120495 -0.382220089 -0.301853508 1.14368439
    -0.13403374 1.21550155 1.17358303 1.37866807 1.31358552 0.596836448
    -0.177360773 1.57703996 1.02044034 0.159989119 0.33089602 1.27486992
    -0.411765993 0.621742725 1.24898362 0.188036978 1.08676815
    -0.57086575 0.488968313 -0.0864739418 0.260952413 1.12642086
    1.37162161 0.284566522 0.788771212 0.187347114 -0.454260409
    1.35181928 -0.332972497 1.75835967 0.495234787 -0.209293187
    0.398968279 -0.284444153 -0.361325115 -0.353233635 1.30072367
    0.0523734689 -0.0225026011 1.63673878 -0.212316185 0.56698215
    0.393676281 -0.247093379 1.23233175 1.37602568 -0.525391459
    -0.0252159834 1.49695992 1.34797418 -0.0450991988 -0.00594064593
    -0.198796585 -0.149234742 0.971193433 -0.213256091 0.0769793391
    -0.0113588572 0.840483427 -0.114124507 1.35441566 1.19238234
    0.936841667 1.44658065 -0.157395899 -0.00364691019 1.54423833
    -0.258648574 1.29797351 0.760476887 -0.242481649 -0.341528326
    -0.00246825814 0.283244133 0.295222938 0.784084558 0.947094202
    -0.0979011357 1.63217497 0.16540277 0.832995474 1.17999995
    0.851091146 -0.0157564878 0.236046374 1.00323939 -0.0481411815
    0.922477245 -0.124186218 0.235029161 1.59512687 0.495613277
    0.150059938 0.0367440581 -0.533299744 0.440190434 0.0275479555
    -0.0265064836 1.54514933 0.911561012 0.769239962 0.48269093
    -0.188281238 0.653595865 1.02081561 0.445352733 0.654510736
    1.04348016 0.34123075 1.2367475 1.28621101 -0.467333794 1.19830394
    -0.164964914 1.53404713 0.202901781 0.32750237 -0.147990376
    -0.0386936665 0.370357335 0.403712571 -0.136501551 -0.15240407
    0.0876157582 0.363473117 -0.294561207 0.0858199 -0.0315564871
    -0.3894777 0.0355972648 0.883057535 -0.468441159 -0.0540841222
    -0.201898962 1.28343892 -0.356193841 0.470552951 -0.0979328752
    0.446297318 0.0376838148 0.659631014 0.558024704 -0.228748322
    -0.0196543336 0.617122114 -0.248788506 0.455895424 0.727873862
    0.358442187 0.547716379 0.1178056 0.757607877 0.472942531
    0.141713321 -0.440968513 0.958488822 0.568737268 0.961839139
    -0.1246351 -0.147301733 0.722532153 1.22189534 -0.365860999
    0.379858792 0.886387587 0.791177273 0.143202275 0.286469758
    1.42025852 -0.233471751 -0.55002594 0.194367409 0.0677919984
    1.1511147 0.354153037 -0.267822325 0.660280943 0.318113029
    0.979711354 0.704420269 -0.256127328 1.44613814 0.264332473
    1.41673887 -0.560720563 0.456855416 -0.0738124847 1.49538946
    -0.395557672 0.508547843 0.733167171 1.22515821 1.26687145
    -0.46420306 -0.184046745 1.29686487 1.50968981 0.0650637746
    0.016633153 0.846879363 0.439480007 0.477048934 1.41843319
    0.307711959 -0.382117361 0.595831931 -0.480278373 0.954148531
    0.788837612 0.270208657 0.281518877 0.149369597 0.211136758
    0.592321992 1.37170494 0.0176093578 1.18177855 0.524869621
    0.503972292 1.39105821 0.787062049 0.712487578 -0.559833705
    0.871843755 0.622877061 1.45150149 -0.193034351 -0.721715629
    0.190013111 1.34055018 0.394118726 -0.243498623 1.65281379
    -0.280430138 1.52252078 1.42804956 0.686045229 -0.0118543506
    1.46916604 0.0494713783 0.0484140515 1.0535779 1.22468197
    -0.561691523 1.63914669 0.204836905 0.344480097 -0.519877553
    0.853430271 -0.0540676117 -0.168911666 0.838037908 0.521933317
    0.924539208 1.52410579 0.323804557 -0.243607283 0.447043061
    0.356947303 0.0948634744 -0.192580819 0.303158104 1.37458289
    -0.199771821 0.368096411 0.856649697 0.231502473 0.88433969
    -0.365035713 0.0272217989 1.38449574 1.19362116 0.643235922
    0.828967035 1.32330871 0.950373828 1.07414699 -0.416845024
    0.235410392 0.983852983 -0.423891455 -0.264996052 1.41335678
    1.21059775 -0.171269029 -0.416484505 -0.135170072 -0.247931018
    0.631603599 1.81053495 -0.483166099 0.671616971 0.871272624
    0.118983924 -0.341302544 1.24451756 -0.159233779 -0.144147128
    1.38696718 0.972924352 1.1580472 1.47922134 0.561478376 0.657896638
    0.0587975979 0.666342437 0.0772060156 0.504471362 1.09836721
    0.194782972 0.871368885 -0.344792664 1.32261682 0.720402658
    0.17739594 -0.385484457 1.3623271 1.2863946 -0.497406125 1.2721318
    -0.0588302612 -0.000613927841 0.923953891 0.0539226532 1.40033162
    0.401264369 1.48889518 1.36704683 -0.449195743 0.915751398
    0.692320049 0.933492899 -0.531207323 1.22846532 -0.42802465
    1.21557903 -0.208935052 -0.42517069 1.67096829 -0.266803443
    0.182871699 -0.0249299407 0.262536943 1.17531061 0.36610204
    -0.457813203 0.501580417 -0.252930313 -0.0260711312 0.909221113
    1.10941625 0.956477165 -0.631021857 1.63074028 -0.102448344
    1.23232555 0.462247491 0.0881338716 1.345909 -0.172126591
    0.342176318 0.346163273 0.228288472 1.47859633 0.970793307
    1.01014185 -0.60397476 0.42910552 0.190212965 1.05038869 0.645776629
    0.550474167 -0.192442924 -0.0121486187 -0.424243957 1.61572444
    1.26924944 -0.20195654 0.287922293 0.59713769 1.14025688
    -0.100956202 0.50524509 1.55254221 0.102958143 0.750438631
    1.15173924 1.46500766 -0.384005934 1.01690197 1.3039372 -0.481289655
    -0.0486964583 0.155060709 -0.020942986 0.320102334 0.442896962
    -0.262737572 1.10638428 0.861524701 0.688973308 -0.349871099
    0.939594209 -0.232839406 -0.221088976 1.21090782 -0.512990117
    0.137259543 1.09089422 0.104930997 1.44986117 0.731523156
    -0.487943769 -0.114603877 1.03636181 1.60193992 -0.248671472
    -0.228442103 0.478288352 0.565697849 -0.475221366 0.262885422
    -0.35319376 0.385819197 1.22420812 1.26591158 1.4158361 0.801306784
    0.0838340521 0.651942551 1.35954475 0.187567055 1.3919121
    0.543025911 0.749223173 1.37495434 -0.418152571 1.01139832
    1.09618282 1.29721761 -0.440210909 0.576195061 1.4337157
    -0.326436937 1.41948056 -0.0627943277 0.68197912 -0.209142506
    1.42470646 0.556753755 0.0604916811 1.12888706 0.772476494
    0.816205144 -0.214024395 0.781252444 0.906648874 -0.189082146
    0.332877576 1.4047637 1.39385581 -0.217084616 1.141078 1.47004807
    0.453420877 1.03181767 -0.0098362565 -0.292291731 1.04816794
    -0.663046956 0.734489024 1.38554144 -0.12158531 1.53099251
    0.785812199 0.34699142 1.51860666 -0.47025609 -0.4783023 1.46187818
    1.27014983 0.523717403 1.27821422 0.852371693 0.844612718
    -0.155755997 -0.576309919 1.28348422 -0.421495259 -0.152060509
    -0.480582893 -0.512978613 1.06795049 -0.269544452 0.517510056
    0.945585489 1.02143395 -0.150465488 1.16436195 1.49314153
    -0.0771023631 0.504444659 1.22737765 0.8078987 0.239633024
    1.17564964 -0.280790359 1.31292665 0.241047323 1.25976288
    0.00166076422 1.27358818 0.991808653 -0.34142974 -0.492712438
    0.899566114 0.157917559 1.18269062 -0.0626330972 -0.384910822
    -0.0295911431 1.43220186 -0.073806107 1.49922276 0.157509804
    0.215022087 0.0936712623 0.329094827 0.127281368 0.532029569
    0.0271416306 1.2442174 0.889163733 0.670035601 0.671776414
    -0.212184042 0.874274015 0.561596513 -0.171223402 1.10124707
    1.42157316 -0.140422761 0.23117584 0.408634007 0.923507571
    -0.334738314 1.24925399 0.434212327 -0.0544715524 1.58489168
    0.911472619 0.319445968 0.132395208 1.54359627 0.471586704
    1.32464719 -0.211284697 0.178924143 -0.434098393 -0.150985271
    0.188941658 1.53029597 0.71228677 1.156358 0.73154664 1.56954706
    0.640748858 1.41615272 -0.210223436 0.5671345 1.22129917 -0.2954427
    0.728835881 -0.124321491 -0.297328681 0.895982802 -0.246299684
    0.389083803 1.09247661 0.532062769 0.891217113 0.307403684
    -0.12559706 -0.621599793 0.698774219 -0.34878394 0.46392256
    -0.478898108 0.114589393 1.3755722 0.107524157 0.641125321
    -0.378820091 0.881003857 -0.401677102 -0.123963863 1.59830999
    1.2341435 -0.638524711 1.38501787 1.28213024 0.593733728 1.30182421
    -0.0748928785 0.534498513 0.687375188 1.01531005 0.469367981
    0.533037066 0.739518762 -0.689324677 -0.267980576 0.115521193
    1.36691737 0.719890952 1.29089856 -0.462101847 0.872775137
    -0.41089493 0.448307931 0.198686361 -0.0942828059 1.18937182
    0.698480248 0.258788466 0.292576075 -0.233631074 0.661506414
    0.973516047 0.190295398 0.543566287 0.397406101 1.44774067
    1.07646751 -0.360101938 0.873662591 1.50210238 0.124774158
    1.44617319 0.0710105896 0.85144639 0.0557133555 0.869894862
    -0.266461343 1.58165288 -0.178080916 0.70343256 1.09418035
    0.21741873 -0.0746744871 1.40372741 1.0717988 -0.318784803
    0.574871957 -0.18598637 1.14060104 0.615915656 -0.523187637
    1.49994993 0.140272975 1.37782526 0.584221125 0.259420037
    0.279077113 1.42550218 0.759163499 -0.540111601 1.01508689
    -0.252863228 0.228062928 1.27162027 0.368386507 -0.277439892
    0.423258692 1.22538853 0.0682273507 0.501628458 1.61188412
    -0.148569375 0.421902835 0.115436196 0.66319567 0.147605896
    1.07015526 0.590385258 -0.32788834 0.0419350266 0.954276502
    0.819609821 0.557861388 -0.231823206 0.738375962 1.02712798
    0.870222688 -0.36773628 1.27323484 0.904672027 -0.273515552
    0.40585798 1.48065925 -0.193379015 -0.520027816 0.77514863
    0.775780022 -0.529222965 1.41938233 -0.0935501456 0.943243384
    -0.686862886 1.0052954 -0.2782377 1.24405885 -0.168606311 0.3914904
    -0.41933766 0.405054927 0.435564518 0.211351633 -0.509016156
    0.375533819 0.0757589936 0.56108588 1.57235253 1.26053011 -0.5101524
    1.26366568 0.191276431 1.39006364 0.463923931 0.861325026
    0.476503909 -0.338380992 0.147394836 1.37725389 1.04068851
    -0.478719234 0.795182228 0.720340371 -0.269418895 1.35045445
    0.129011095 1.38277316 0.175299108 0.420810431 0.296105027
    -0.307825506 1.54568458 0.498972058 0.263676047 0.372145951
    0.894218504 0.378570259 -0.085229516 1.51616597 0.85738796
    0.416503727 -0.444173187 -0.342305392 0.536306977 0.629598022
    1.04866481 0.419169724 0.0791150331 1.19140375 -0.551711261
    1.09265757 0.654026628 0.744618773 0.571249723 0.983611465
    -0.440663397 0.348570526 1.49368763 1.2672472 -0.452485621
    0.688871205 1.31554782 0.45987612 1.24993181 -0.347811937
    0.267726004 0.357033968 0.995982289 0.368137538 -0.37884149
    0.606619656 -0.29356876 0.913808763 0.275580585 0.622956395
    1.19881225 0.67878896 0.777223349 0.265378594 1.28348172
    -0.0199510455 0.853696406 -0.316077828 0.125566512 1.1443063
    -0.27044946 -0.127886236 1.3688184 0.0203086734 -0.126213551
    0.714132488 0.0779207945 -0.231577188 1.39685869 0.750976801
    -0.530576825 0.577065468 1.46255994 -0.678932071 1.11128807
    -0.247099698 1.01845384 0.714536488 -0.117270023 -0.387899041
    -0.24983725 0.133380294 -0.239888191 1.43686509 0.650655091
    1.2466495 0.46175468 -0.497316927 0.356451988 0.25322324 0.496112347
    1.21075988 1.28279901 0.500660181 0.304574907 0.527654171 1.06603384
    1.24754453 1.48428142 0.611286163 1.63037944 0.484345734 1.39101982
    0.611159921 0.54919076 0.0750363469 0.151696384 1.217623
    -0.312055886 0.740069687 0.955877304 -0.286363691 -0.318904042
    0.053920269 1.06891501 1.18530118 0.421256483 0.890257537
    0.0760535598 1.22761559 1.20959139 0.283711553 0.749080062
    0.94665736 -0.454670131 1.35767245 1.48288846 1.01125336 1.25757098
    -0.4409917 -0.530609071 1.24940705 1.09660578 0.0892487764
    -0.231570423 1.30294847 0.896948814 0.493297994 1.42457199
    -0.0394442677 0.480041981 -0.297874898 0.985292554 0.285257578
    1.52904451 0.10273546 0.506958663 -0.126183748 0.0761984587
    0.000563383102 0.193990588 0.957205772 0.154037893 0.665335655
    0.179082394 0.98134768 -0.109330952 1.43985176 1.36814213
    -0.532087743 1.07257295 1.5634234 -0.15446654 -0.32025063 1.1583662
    1.06027746 -0.112702787 0.0980571508 1.561028 1.17950678
    -0.621741116 0.625783086 0.289600372 0.958754897 1.01287389
    1.17338288 0.595877111 1.62790954 -0.214757174 1.28948879
    -0.170366704 -0.420527428 0.877425075 0.60648936 0.731640577
    -0.115920007 1.50639462 0.0815503001 1.18133223 -0.403342098
    -0.351278454 0.643177748 -0.0459199548 0.985393584 0.364036262
    -0.190818399 -0.335285395 0.721069038 0.916960239 1.32471025
    1.24590564 1.02932131 1.34256411 -0.274480402 0.678468525
    0.335915446 1.35757184 1.47446227 0.724054217 1.31380844 0.608368218
    1.04719329 0.0805633664 0.29885751 -0.44535166 0.374972045
    0.922075927 0.321796238 1.25629163 0.710326374 0.00154298544
    0.52829349 -0.573514819 1.13899851 1.50375307 0.850286722 1.43281746
    -0.492695749 1.192734 -0.440909922 0.416335106 0.459254503
    1.29614305 1.1097312 -0.359670758 1.16597962 0.92487824 0.605417132
    -0.191919208 0.867845416 0.728935361 0.902419031 0.466083884
    0.963780224 0.119106054 -0.184912294 0.341144741 0.102828979
    0.0112031698 -0.399616599 -0.441768616 1.26795244 1.36061752
    1.29787254 0.933567703 -0.202366889 0.664446652 1.58411443
    -0.431628287 0.202966273 0.736991346 0.067415297 0.728459537
    1.26697707 0.640770316 -0.477081299 -0.0849794745 0.0713295937
    0.430958569 1.2553699 0.674760461 -0.17357704 0.112193465
    0.928038657 1.06020367 0.570518315 0.360018432 0.320572376
    -0.206176072 0.494168103 -0.250118822 1.13372147 1.09084201
    0.323483586 0.738795817 0.86370492 1.45877147 0.597513199
    0.994166434 -0.741379857 1.53529465 0.99512583 -0.25680539
    -0.18857038 -0.437504143 0.296102583 0.217772603 -0.263831377
    0.649029553 1.04423952 -0.187024057 0.0303294659 1.14093912
    0.57661289 -0.421379864 0.69495219 0.627694666 -0.0802901983
    0.833796263 -0.236568063 0.231470287 0.805525601 -0.341172487
    0.347745687 -0.357426256 -0.211617738 -0.0500085056 -0.0927411616
    0.777264237 -0.357010752 1.45140338 0.790730953 0.990816355
    0.581533134 0.960660398 0.15515238 -0.427080482 1.35678995
    0.721761525 1.25457132 1.28788984 -0.098266542 1.12499785 1.38946581
    0.223343611 -0.182632565 0.277197629 0.634923697 0.0763101578
    0.31532222 1.44475698 1.07755327 -0.35528028 0.702644825 1.4320581
    -0.230720639 -0.510473669 0.278267086 -0.455179691 0.651374757
    1.28605056 0.432314098 -0.623349428 0.96117866 -0.554505289
    1.33098686 -0.491593122 0.509126008 1.37990761 0.300949574
    0.414018095 0.935497701 0.127682388 0.379241645 0.0617253184
    -0.210901171 0.960737348 0.0135237873 -0.0388423502 0.432674289
    -0.235587627 -0.702674985 1.31439018 1.25945497 0.279123843
    0.419768274 1.40609682 -0.449417055 0.630170703 1.56830883
    1.04652774 0.932361603 -0.411076069 1.39326072 0.511242986
    -0.371385038 0.301433563 1.05160201 0.955488801 1.09421003
    0.725064874 0.487879872 0.391313076 -0.458573937 -0.481939435
    1.09902143 0.905021966 1.0722208 -0.232178211 1.03539538 1.46651983
    0.568116665 -0.0686061978 1.66972029 -0.516824543 0.784654438
    0.188173771 0.640962422 0.476330221 1.06003499 0.346520901
    0.596935093 0.0367624164 -0.568523228 1.12641454 1.07505059
    -0.0368869305 0.581790268 0.765905738 -0.257971346 1.53690004
    -0.512726426 1.15724921 0.540603757 -0.00307321548 1.35171986
    1.07837939 -0.21853742 0.863613605 0.89917016 0.672426164
    0.378684521 0.913974047 -0.309021175 -0.478117406 0.483972669
    0.867235899 1.17144656 -0.41338414 -0.332385868 1.3147409
    0.759946406 -0.21874845 1.39584064 -0.127344579 1.56820738
    0.724771321 -0.594261527 0.923925817 0.989825785 -0.192816854
    0.57993263 1.22535992 1.32284987 0.938062549 0.638171315
    -0.471569896 0.145310998 0.625561774 1.44110548 -0.370928317
    0.530897141 0.323396623 -0.684720039 1.09447551 -0.504798174
    -0.0221377015 -0.17265591 1.12802303 0.564037859 0.451118201
    0.268176496 1.26342201 1.131675 -0.503326535 1.18506312 0.449308932
    1.71340799 -0.34509933 0.909218013 0.511907697 0.582170665
    -0.314167053 0.477671266 0.337606132 1.46825671 1.34134889
    0.907518148 0.977975965 1.02292371 1.18397021 1.52927613
    -0.546599925 0.0594186187 0.960863709 0.0641986728 -0.427778184
    -0.38473016 0.056617558 1.29847503 0.502255499 1.06104875
    -0.153822839 0.693063676 1.03353417 0.0855267048 -0.188370854
    0.820689261 -0.391464382 0.161999285 1.37112045 0.778687239
    1.50099921 -0.479586422 0.0933486223 1.36120129 0.302287638
    -0.438646078 0.914345682 0.784685314 0.653458297 1.33841443
    0.509920299 -0.353794098 0.18111223 -0.100790858 0.598023415
    -0.518631041 1.65060186 0.633402348 0.782916903 1.21413422
    0.597558677 0.966207325 1.21576321 -0.497548521 0.246948242
    0.0320550203 1.33583999 0.73783648 0.85177213 1.38658261
    -0.210550427 1.52680695 -0.263423383 1.51470768 0.788384676
    0.54540205 0.537761271 0.0692987442 0.0879308581 1.37225139
    1.40416479 0.765216112 0.692695618 1.04754782 0.745838344
    0.238487124 1.24438179 0.695389807 0.31447202 0.988145649
    0.287102938 0.721091628 -0.391636908 0.719637632 0.554303169
    0.0543710589 0.616042256 0.937528491 0.178903401 1.51385832
    0.0209742188 1.44721556 0.727972388 -0.461728513 0.0936797261
    0.0814038515 -0.0693155527 0.0512675643 0.201239824 1.30278563
    1.50410199 0.490920544 -0.203336239 0.671242654 0.487807631
    -0.15262574 0.802814603 0.0509593487 -0.326485217 0.830082536
    -0.491477281 1.71351218 0.0603526831 -0.21720174 1.01296067
    0.404213011 0.7170766 -0.561572194 1.37214255 0.358368278 0.78439033
    1.30664825 1.60764432 0.694796205 -0.634949923 1.53213251
    0.900534272 0.761355221 0.57146287 0.323564589 0.813442886
    0.158650994 -0.512983322 -0.344163448 -0.0299267769 -0.263658851
    0.301216543 1.07345808 0.0256448388 1.71088409 -0.129556298
    -0.424481541 0.871173739 1.04769373 1.38055944 -0.124295354
    1.2185998 0.909378052 0.522275686 -0.404885232 1.555022 1.41453171
    -0.469635725 -0.579186022 -0.259077162 0.686212242 1.51765978
    -0.62877965 1.30086219 -0.403857231 1.20467281 0.652844071
    0.727781713 0.373179078 -0.423081756 1.37986922 0.559633076
    1.34840786 0.96949935 0.603926837 0.529573023 -0.283029884
    1.21873379 0.333248496 0.800523043 -0.473667085 0.986371338
    0.64836365 -0.38765496 0.673762441 1.17782998 0.425724447 0.17426908
    -0.485123247 -0.0929487348 1.35326242 1.08157182 0.576939225
    -0.534675062 1.01142991 0.326933265 -0.23428908 -0.272986412
    0.430038869 -0.144357145 -0.420927823 -0.556077123 1.57485473
    0.577314734 0.149171352 1.50440502 -0.449313402 0.385860503
    0.933963835 1.10665441 -0.21932283 0.553383052 -0.350459337
    1.27870786 0.442926824 1.00162005 1.25505638 0.785893619 1.17221808
    1.34853601 0.298948944 1.51493955 -0.419444203 -0.377046824
    0.899764419 -0.639649212 1.32272112 1.20797575 0.422162473
    1.00834203 -0.296715915 1.01050329 0.636690795 0.621368706
    1.01186049 -0.409630895 0.997252524 -0.323830128 -0.620135605
    1.47739005 0.657603323 0.496460378 0.699896276 0.192315459
    1.07917428 -0.165163457 1.02060318 -0.514241278 0.19954288
    -0.163452893 0.629362583 -0.571251512 0.52486825 0.00442683697
    -0.524615288 1.42299032 -0.0576525927 0.0908353329 -0.343334675
    1.20676899 -0.339797556 0.727482617 -0.449716955 0.695028126
    1.37422538 0.2472471 -0.16824156 1.32329154 -0.489157289 0.327171326
    -0.340002745 0.528797805 0.882784128 1.18994641 1.10065758
    -0.0189359188 1.63110757 0.591440558 1.45383835 -0.0854660273
    0.196096897 1.49593377 1.29758453 0.173182845 1.61466742 0.758007646
    0.940911174 0.63191402 1.28407979 -0.63556695 0.676218271
    0.305143237 0.184340358 0.345374763 1.3479749 0.795449138
    -0.166148901 -0.474788785 0.350461781 0.733615637 -0.329269171
    0.315074325 1.43689227 1.22385609 0.586681128 -0.607309997
    0.957253993 -0.65572232 1.52030921 0.780090928 -0.587512434
    1.38753879 0.832624912 -0.535389185 -0.0783271194 1.32992101
    0.372923255 1.30301619 -0.368813187 -0.20641467 -0.522979021
    0.528115392 1.29473424 -0.50754863 -0.408356071 -0.541338444
    1.52035236 0.214470267 0.710004091 0.404682279 0.327168465
    1.02009273 -0.258898616 -0.140171677 0.195396543 0.609564722
    0.451917291 0.632516682 0.318946004 0.215025961 1.21357453
    -0.2356112 0.46404779 0.431344092 0.332159877 0.575522363 0.84633249
    -0.245844126 -0.429716825 1.15128374 0.645514965 -0.0441903472
    0.557496428 1.27681243 0.0174055696 -0.172129244 0.613345981
    0.667802989 0.0904262662 0.662875772 -0.50963974 1.2424953
    -0.0180023909 1.3719635 -0.57721293 1.33350945 1.44042313
    0.778828621 0.824770212 1.20770526 1.21919477 1.20506394
    -0.512206435 0.596495628 -0.0777773857 -0.110559613 0.204511166
    1.31500268 -0.481735468 1.44910479 -0.335723072 -0.202878624
    0.016882062 0.200064003 -0.195712268 0.38661325 0.55699122
    0.990061641 0.286758125 0.105871856 0.595649481 0.4440189
    0.306800306 -0.00369745493 1.32791996 1.01038432 0.500498176
    1.51279521 0.339529335 1.39347386 0.0960446 -0.591952801 1.3524096
    0.757917285 0.748054802 1.12643409 1.30002689 1.02052665 0.7089082
    0.948214471 0.398458183 -0.542690516 0.938152492 0.0365450978
    1.78822565 0.440663546 -0.212816507 -0.117048085 0.658933818
    -0.439957619 0.719079852 1.21293604 1.18033671 -0.148851216
    -0.474204063 0.015927434 0.764918268 0.0412393808 0.27034533
    1.5260179 0.838665962 0.0391326547 0.402138174 0.530915678
    -0.315167993 -0.543129921 0.654427409 0.559264839 -0.00505340099
    0.812242031 1.34392393 0.865426898 0.215160787 0.583383977
    0.910280704 1.26751339 0.0862215757 -0.479309797 1.54209757
    -0.078037858 1.50789452 -0.250047475 -0.122214407 0.956992567
    0.999023676 0.623137116 -0.230798334 1.7258606 0.23626858
    0.552505076 0.313034892 1.3165729 0.981857717 1.06875265
    -0.163464397 1.39157319 -0.069417268 -0.0921355486 -0.435115397
    1.44774246 0.284619272 1.04034162 0.935140729 0.718263447 0.76884234
    -0.461395055 -0.237043142 0.357036471 -0.0264055729 -0.114276469
    1.44206381 1.43838942 0.844296098 -0.317523032 0.663367569
    0.922198594 -0.520123363 1.01642895 -0.273615628 0.283168375
    0.263201892 1.36895072 -0.397080481 0.0170629025 1.42053628
    0.451583385 0.488068163 -0.144131005 -0.0870768428 1.45394051
    0.938837886 1.4911952 1.51593494 1.0754621 -0.0807883739 0.770875692
    0.172748089 1.0537504 0.443306565 0.457318306 1.46543252
    -0.0790230036 -0.108361453 -0.333553314 1.30009151 -0.369790822
    1.03939891 1.54049087 1.04576635 -0.403355956 0.0432776213
    0.644548476 -0.0787339807 -0.21040979 1.08316994 1.00550771
    1.37933183 1.32100272 1.1897397 1.42793584 0.0124486983 0.391889989
    -0.554022193 1.31759536 0.213598192 1.33576143 0.0801050663
    1.24198973 -0.128623724 -0.0874772668 -0.496107399 -0.311903208
    1.59766698 0.941880763 1.25343919 0.742208421 1.11763811 1.42288756
    0.777780414 0.92179352 1.00323045 1.22889113 -0.251030207 1.49079943
    -0.344623625 1.35066366 -0.21262002 1.46526182 0.788864613
    -0.0700499415 1.44771647 0.96005547 1.18706465 0.857138932
    0.421744287 -0.25640887 -0.473334968 1.1508522 -0.530465841
    0.982540905 1.47835457 1.20009208 1.46760428 -0.384539574
    -0.0370324254 0.509186208 1.19714737 -0.54882735 1.01651037
    1.38921547 -0.412861586 1.32425749 0.139907479 1.43717384
    -0.274057031 1.57216144 -0.624802172 1.15357816 -0.272454292
    0.289279222 0.46170944 0.504425526 -0.0203838348 0.894820392
    -0.164244831 1.56077337 -0.652885556 1.42359579 0.894363046
    1.2061727 0.561691761 0.304560661 0.994973183 -0.302150786
    1.47954917 0.360373914 0.277613521 0.639712274 -0.382255495
    1.48639679 -0.44145003 1.17435765 0.966301203 1.54465878
    -0.378883719 1.22950649 -0.561534643 0.692205131 1.236449 1.39244008
    0.173822165 -0.635591388 0.344210267 1.04952157 0.759241521
    0.225426614 1.48686528 0.789245427 -0.0357914567 -0.10003981
    -0.298048973 0.797138035 0.694366932 -0.207388252 1.54749274
    -0.566190124 0.797974646 0.358591765 -0.303966284 1.09582496
    -0.500810742 0.202161968 -0.0168804526 -0.368510544 0.779964447
    1.1026721 0.928054512 0.166294277 0.99361378 -0.269659191 1.08138216
    0.882863283 0.794271767 0.704425156 0.736684918 0.697148383
    0.100775063 1.57568717 0.0556867123 0.29563123 -0.178015053
    1.51940095 0.664356709 0.92552352 -0.445847869 -0.178334087
    0.288993418 0.963793278 -0.251923442 -0.353322625 0.0960376859
    0.578120112 0.0223624408 0.954920948 0.412335157 0.304956079
    1.39119279 1.03217554 -0.31473431 0.809776962 1.67508864 1.01061642
    1.08031487 -0.140218168 1.28865266 -0.590597808 0.286375046
    -0.253051162 0.0143601 0.635745347 1.45461011 0.159592688 0.35370928
    1.44582224 0.180854142 0.257798612 -0.162850082 0.654308856
    0.93683964 -0.514114201 1.16041565 0.554345012 -0.594260037
    1.33831787 0.547977567 0.202716708 1.3422873 1.30559158 1.39230585
    -0.0265946984 1.15310764 0.760236502 0.0384738445 -0.060945183
    0.364242673 0.280041873 -0.20427981 0.843203723 -0.339638442
    -0.41712141 0.0686442256 -0.0935657918 0.659321964 0.58248055
    0.637714267 0.393537164 1.27643943 -0.0530372858 -0.157587171
    0.585613549 0.852364004 1.20001745 -0.292425215 1.49937773
    1.54801655 0.723985434 0.952619493 0.456798613 0.977804303
    -0.51396215 0.510238647 -0.0185931921 0.413472116 0.346658528
    1.61346745 0.0909360051 0.202126145 0.88321358 0.939670384
    1.25619733 -0.579478145 0.938812792 1.31105554 0.268029094
    0.719783902 1.55658221 -0.474221677 -0.507426798 0.679896951
    0.940841019 0.0492334962 1.13446164 -0.011526227 1.28817344
    0.574978769 -0.480708361 1.37016559 1.41417789 0.690282106
    0.394902229 0.222940564 -0.326081038 0.195083439 1.49104154
    0.235291064 -0.193180054 0.170821249 1.43830144 0.188413441
    1.6536243 -0.251249403 0.148410976 0.955957055 -0.386159897
    -0.481564999 0.903239131 0.241099507 0.83793819 0.842449486
    -0.55743885 1.30001569 0.959801078 0.854136765 1.28211164
    -0.38156265 1.22471213 0.0577332377 0.691708565 0.64502877
    -0.490630567 0.410500586 -0.312081844 1.07857442 0.623461187
    1.10208273 0.077401042 -0.00602948666 -0.262470394 0.193176508
    0.33800602 0.17455408 -0.355916202 0.775386274 -0.542932212
    0.973710716 0.52344358 1.11168218 1.24219179 -0.595641196 1.1693089
    0.0196710825 -0.188222975 0.634232402 0.235443413 0.203780055
    0.162796617 0.0485669971 0.752740443 0.527699769 0.057410419
    1.6194067 1.18042898 0.0460388064 0.741437316 0.607567787 1.25960839
    0.69812274 0.750191271 -0.477306277 1.23597836 0.680808902
    1.05758584 0.0680935383 0.723854542 -0.343166828 1.624524
    0.191602111 -0.440978199 1.43643141 0.0350797772 0.485559642
    -0.414652348 0.387622714 0.694967568 0.507711053 0.857159853
    0.878373861 1.06996357 -0.166858107 0.731440425 -0.279925227
    0.279708415 0.782016933 0.982064247 0.452145219 0.334294617
    0.661666453 1.15755224 0.0334364772 -0.162056744 1.48837399
    1.26954532 -0.425575495 0.888794839 -0.270801365 0.186467528
    1.09720767 1.50883102 0.858884037 0.163579524 1.54490209
    -0.323960662 0.666027069 0.056836307 1.53107524 0.959377468
    -0.303649157 0.135838032 1.45438027 1.04793668 0.46528089
    0.515372455 0.394180238 0.766621768 0.441228211 0.669510782
    1.40121913 0.316388607 1.43921447 -0.551263571 1.46826506 1.07574952
    -0.489017993 1.33245564 0.704537034 -0.110646844 1.43283629
    0.561111927 0.439852238 0.564844429 0.515190721 1.35599017
    -0.197896898 0.994515717 0.869489491 0.261058986 0.935184717
    0.306724668 -0.429345816 -0.38438791 0.472525358 1.25070071
    0.619969189 -0.474723041 1.07739258 1.78147089 -0.238099366
    -0.0148901343 -0.116988778 0.327117383 0.379236579 1.07494283
    -0.0729400516 0.373466253 1.28573275 -0.0550379753 0.325104952
    -0.489233851 0.71509546 -0.161594838 0.64742893 0.777481318
    0.361732423 1.01276207 0.000759899616 0.277125239 1.07085252
    -0.381987989 0.828555226 1.45561004 0.41362977 1.03349483 1.59342504
    -0.522090554 1.55931187 0.143381596 -0.0499846637 1.25595748
    0.797526598 0.949467123 1.38126886 -0.426870018 0.992280245
    -0.199788958 0.220239282 0.660861552 -0.446124524 -0.149508148
    0.978307128 -0.404734761 1.59109378 1.12718987 0.870971918
    0.576939344 -0.316683978 1.7510711 -0.08001858 0.0881865025 1.434618
    0.0048713088 1.55490661 -0.311496258 -0.113128126 0.0558897257
    0.3696208 0.43903625 1.10979152 0.577608943 -0.325457871
    -0.349845767 0.0735891461 0.431859016 -0.445028663 0.736052155
    0.975637555 1.18032956 0.433064461 1.19370019 0.995565712
    0.812609315 0.0532127023 -0.11327526 0.356021106 0.565105379
    1.52081668 -0.181780159 1.54386497 0.977053106 -0.563883245
    1.0330354 0.131543517 0.611541867 -0.438831061 0.23736316
    0.644771814 -0.556139827 0.520111978 1.00874519 1.19526529
    -0.670294344 1.43250668 0.0467585325 1.28728592 1.46446514
    0.999584734 1.18016899 1.10295701 0.0759544969 0.941673636
    1.49177623 0.485521495 0.685031474 1.22632623 0.414645731
    -0.210754752 1.39302993 -0.512105882 1.55741298 0.979166448
    0.0770682693 1.10366678 0.114088565 -0.046754986 1.12441266
    0.0255266428 1.79422069 0.241420925 1.16346359 1.39403176 1.26606727
    -0.150585771 0.895254016 0.858439386 -0.0443869531 0.149815083
    0.171075225 0.111972243 0.83026135 0.696102023 -0.273308277
    -0.260091692 1.50939083 0.972065151 1.29126799 1.70961738 1.77906132
    -0.00370186567 -0.136225909 1.40100181 1.25094318 0.378491282
    0.345059931 -0.0692242384 0.501346529 1.6455195 0.358955324
    0.174538523 1.68095756 0.828040361 1.28873706 1.71700883 0.51412195
    1.33641839 1.16614771 0.825521171 -0.259343147 1.21908176 1.70532537
    -0.443034083 1.31843781 -0.422487199 1.3751837 -0.399240881
    1.46386468 0.16728276 1.53515375 0.626251101 -0.162856817 1.71401525
    1.20002401 0.138933599 1.71115589 0.806778371 1.08132219
    -0.142112404 1.43358302 1.59282446 1.15775657 1.55957866 0.973831773
    0.913726509 1.48376608 0.721780062 0.531899691 0.215018004
    0.106916487 -0.109185182 -0.245627791 1.63005912 1.24752235
    1.08372903 0.601721287 0.133241177 0.401281357 -0.155311525
    0.773682654 0.527865291 -0.381596774 1.77313232 -0.198449612
    0.445713937 -0.150752366 0.36765784 0.245579422 1.28608918
    -0.0522007644 1.8062644 -0.183158547 0.627484024 0.865693927
    0.128010273 1.25494707 0.256063253 0.260969102 0.173781335
    -0.225421101 0.473589689 1.26598918 1.33398342 0.152392864
    0.344284475 0.637881041 1.15428996 0.385796726 1.61244941
    0.575095356 0.682446241 0.869485974 1.26711357 0.578646362
    0.775093079 1.15606713 -0.0689190924 -0.178130239 0.429262877
    0.650553346 0.754702985 0.537050545 1.24841404 0.354963541
    0.989251614 0.46983847 -0.282290578 0.75786221 0.997685194
    0.218696654 0.50962007 1.25620008 1.14503694 0.93846941 0.875971913
    0.124637693 1.10495758 0.068549484 0.84611994 1.43691814 0.633259058
    0.252242446 0.117497116 1.57171881 1.34371161 0.979545772 1.0494082
    0.467551619 0.0230433941 0.118089616 1.84009337 1.06176329
    -0.388680279 1.43909478 -0.146259099 0.911609113 0.805218875
    1.67425036 1.45713472 0.522402942 -0.376045823 0.689834237
    -0.218190655 -0.16258873 0.48868984 0.784632683 0.178540289
    0.258628249 -0.284752518 -0.208376974 1.28145385 1.55584645
    0.357795864 0.152498841 1.40601182 1.37153351 0.694706678
    0.796448112 0.81069243 -0.301426977 1.57279003 -0.0280888081
    1.57500386 0.346054822 0.657708764 -0.185711861 1.48626912
    1.19230402 0.224155247 1.07563531 0.902714014 0.0338531137
    1.82608998 1.69230556 0.532465994 1.24904048 1.11877525 0.481595159
    0.390381038 0.629053235 1.85273552 0.644251883 0.687253356
    -0.0287358463 0.434295118 0.0956242681 1.25339293 1.4655298
    0.603760242 0.168952346 -0.184777096 1.23105979 0.173963338
    0.760593295 0.352478206 1.02168512 0.286879539 0.253923714
    0.610318244 1.6021986 1.2440238 0.798088789 0.217400193 1.40903151
    1.52630925 0.721884191 -0.0181026459 1.01736164 1.09199929
    1.38724828 0.741367996 0.660496294 -0.282811642 0.854417205
    0.076997757 0.268228769 0.360666066 0.0212429762 1.19964099
    -0.19064495 0.675407171 -0.310771048 0.704424679 0.185621977
    0.0399048328 1.58611715 0.123950779 0.334038556 1.58452511
    1.33087349 1.7031045 0.929494143</data></my_img>
<your_img type_id="opencv-matrix">
  <rows>128</rows>
  <cols>256</cols>
  <dt>f</dt>
  <data>
    1.19175315 0.688447595 0.547904968 1.50622094 1.08075166 0.746138573
    1.512694 0.94296664 0.980827034 0.518318653 0.528762162 1.42999315
    0.923899949 1.45072544 1.49243951 1.34325385 1.23256445 0.732735336
    0.84043926 1.24394691 0.984199107 0.458242983 0.912931681 1.40771949
    0.714979053 0.559809685 1.35648263 0.77562505 1.58993399 1.47412014
    1.58641624 1.58573449 1.6038425 1.24679792 0.958020449 0.515054584
    0.427097529 1.38763762 0.968115568 0.623602986 1.37661433 1.42205727
    0.879785478 0.55348742 0.673728883 0.468501419 1.36910105
    0.715807736 1.53479373 1.64779603 0.804126263 0.733415067
    0.840111494 0.757838547 0.910314381 0.445918262 1.12030911
    1.11060095 0.403399646 0.639498711 1.44901335 0.677907646 0.69597429
    0.675969958 0.386957645 0.371599168 1.25389802 0.519967318
    0.303978741 0.859880626 1.24453652 0.694757462 1.46253049
    0.993440509 1.25459051 0.591490626 0.454120487 0.487477571
    0.290642202 0.453152299 0.67319113 0.369868189 0.39309603
    0.764960051 1.27331662 1.23052001 0.535509825 0.857944369
    0.819112062 0.642809927 0.967758656 0.806737661 1.29875791
    1.17460537 0.700039685 1.06426239 1.60354424 1.53571391 0.61824429
    1.53968 1.11492646 0.810995638 0.497608066 1.17134738 0.752862036
    0.798629999 1.38870406 1.30176616 0.605074584 1.18502653 1.09516907
    1.46460426 1.06479251 1.08171117 1.40072322 1.01107991 1.37804019
    1.03049731 1.12796426 0.49874866 0.934859276 0.41500923 0.406203061
    0.541395605 1.40283847 1.43198526 0.539401829 1.06466568 1.03525901
    1.46817112 0.496309459 0.429947138 1.19496143 0.373217851
    0.537022769 0.794239521 0.614917636 0.374079406 1.11351788
    0.645882845 1.00117075 0.842361569 1.02068734 0.932025492 1.50805616
    0.9646433 1.03228974 0.88581866 1.34430015 1.01678681 1.14400935
    0.439163864 0.844229937 0.804305375 0.431605458 0.832216978
    1.08627856 0.840867579 1.02480459 1.07334721 1.29187894 0.555930853
    1.34944475 1.28441072 1.46288228 1.03886366 1.15667653 1.12525868
    0.655879319 0.67302227 0.39020142 0.420985758 0.471864462
    0.952580929 0.802038491 1.31666827 0.596236587 0.792515099
    0.891205728 0.49029693 1.07875407 0.864109933 0.329315782
    0.449024677 1.11624253 1.30013788 0.620302677 1.13037193 0.829880714
    1.24806333 1.0190717 0.683855951 1.05983126 1.11431623 1.58224785
    1.03096509 0.988602102 1.31614673 0.621476769 1.08424354 1.111655
    0.693586946 0.58751142 0.673353612 0.611390471 0.700421274
    0.826070309 0.573845029 0.945639729 1.48725283 1.37791193 1.04178154
    1.19715238 1.19168127 0.797595143 1.0880003 1.14054275 0.875444889
    1.43139577 1.00622046 0.609264553 0.511222541 0.673365653
    0.774816453 0.730496883 0.897716224 1.03642011 1.41943753 0.81065762
    1.51002157 1.42759717 0.877961576 1.06452811 0.924907982 0.440029085
    0.864301682 0.698022962 1.36438036 0.600462914 0.905282795
    0.568042517 0.596583128 0.69476676 1.29221654 1.26581097 1.3208102
    0.461071968 0.96454823 1.18557739 0.952064693 0.944524109 1.17154038
    1.41487813 1.19885218 0.488988906 0.561206877 0.604990244 1.52633727
    1.21451652 1.19192004 1.42899561 1.67651498 0.789676249 1.22819281
    0.843130946 0.918908656 1.3092531 1.52317858 1.66077638 1.42498577
    1.70530236 1.11557269 1.74712801 1.5919801 1.3460356 0.758472145
    0.994496346 0.683014095 0.579291105 1.38639343 1.64525783 1.42327571
    1.62982845 1.09687805 1.35861158 1.73668718 1.32485211 1.13058937
    1.72097588 1.2532351 0.570959151 0.424093813 0.882678866 1.43475175
    0.877123356 0.86732924 0.614961267 1.10874975 1.21140277 1.14142537
    0.668982089 1.66010046 1.84436715 1.8032093 1.83095789 1.65053821
    1.48615849 1.4563272 0.647200108 0.966163039 0.550012589 1.28757989
    0.509357929 0.577890515 0.715965569 1.32112551 1.77559137 1.62915325
    1.69718802 1.44923532 0.530104816 0.946585059 1.19689667 1.41128814
    0.588920951 0.781386197 0.779593706 1.13389122 0.966849029
    1.70868433 1.70397878 0.98425144 0.406012952 0.41936481 0.57698983
    0.920026243 1.41892695 1.02207506 1.02566528 0.891799033 1.48454845
    0.906343758 0.76814878 0.515254021 0.506615043 1.40372503
    0.632979453 1.16655481 0.653701305 1.00812042 1.58354628 1.18234587
    1.15369296 1.59689355 0.896516562 1.49736106 1.78820515 1.81377637
    1.57701933 0.963005066 0.766702831 0.923401892 0.714907765
    1.15281212 0.836649239 1.5030514 1.59202194 1.3292985 1.01836503
    0.782836735 1.08872402 1.17780554 1.16609299 1.50380468 1.41782641
    1.26985669 1.52691853 0.541575909 0.52794838 0.645836353 1.55564964
    0.927522063 0.990173697 1.02059901 1.57486427 1.61547267 1.15892959
    1.04411554 1.01185846 0.808385253 1.43915784 1.43804038 0.976858556
    0.982605457 0.975683153 0.978812635 1.33250201 0.896693647
    0.909907639 1.52016687 1.11898124 0.683006942 1.26015902 1.45131099
    0.675739348 1.55288088 1.63897681 0.674946606 0.668839276 1.25759089
    1.51772308 0.534920573 0.800922751 0.500604689 0.723104298
    0.869281709 1.64699399 1.37662935 1.04546177 0.847125947 1.1435504
    0.792154133 1.46482754 1.3292526 1.22831583 0.817855537 0.91456908
    1.45461667 1.34990752 1.03700602 0.639465988 0.738059521 0.652364135
    0.90079236 1.39303732 0.84253782 0.779749095 0.430763721 1.02559125
    1.18484962 1.55645514 1.31038272 1.00413287 0.726151884 0.64711535
    0.779962659 1.53185821 0.772390604 1.72522664 1.63263071 1.54266167
    1.64643037 1.18946517 1.31937087 1.52826786 1.43906784 1.4208771
    1.62761486 1.15424871 1.15995193 0.827577293 0.490925908 0.947587729
    0.849142313 1.35493541 0.832488954 1.08905995 0.646390021 0.88008666
    1.52371705 0.778180659 1.4797864 1.04909682 0.954521954 0.802351773
    0.839282155 0.621706069 0.607809365 1.32416904 1.28032637 1.0274353
    1.033674 1.35687172 1.02662241 0.699175417 1.29016471 1.4624027
    1.10627794 1.01338494 0.561686993 1.04473078 1.01804006 1.72044289
    1.16774869 1.74178147 1.43673658 0.57375133 0.463635623 1.50198936
    1.67185271 1.42010868 1.16368639 0.735216498 1.29551756 0.84064883
    1.34662735 1.32475626 1.45029104 1.17802572 1.22468114 0.787368715
    1.14569044 1.06840312 1.48464787 1.40295756 1.12674856 0.746154249
    1.50967276 1.17456234 0.748131156 1.26522708 1.19895136 1.23852205
    1.39832234 0.953182161 1.53211343 0.711251497 1.72524965 1.66735291
    1.68964052 1.32579315 0.875877261 0.610954165 0.687014639 1.41822839
    1.30527568 0.937851489 1.37875092 1.21444011 0.604206979 0.785548985
    1.85376322 1.60463464 1.8469764 1.81900573 1.40660882 0.605257988
    1.1201787 1.1930089 1.63871181 1.43414199 0.604761422 0.78029865
    0.570322394 1.51813471 1.33912885 1.13151932 1.49571073 1.41158497
    1.77229238 1.66728258 1.34191203 1.71553445 1.25345325 0.765383303
    1.47493529 0.667430043 1.28650606 0.987213552 0.830742002 1.23414087
    1.56224382 1.03797352 1.3466171 1.40768099 0.676757157 1.4729079
    1.44249868 1.11288238 1.1024313 0.839620292 1.42699993 0.92321825
    1.67160714 0.928981066 1.53844178 1.03455567 0.720657349 1.02184343
    0.86331743 1.50656557 0.910090923 1.12392974 1.33947933 1.19166207
    1.1322937 1.07825506 0.712063849 0.997329891 0.660510421 0.577991545
    1.28933465 1.50942731 0.864649832 1.6652807 1.74313259 1.41902089
    1.76839352 1.81477964 1.64041197 1.20774662 1.343014 1.7518878
    1.86996567 1.52662134 1.46180236 1.46013308 1.69079185 1.41359091
    1.59172142 1.0671953 1.21185708 0.88560617 1.70270658 1.37148166
    1.20612955 1.65510345 0.661123455 0.688771307 0.726656973 1.59089863
    1.37073064 1.34546471 0.822857678 0.835657179 1.67429793 0.821025312
    1.51435626 0.932120442 1.17924738 0.59053421 0.886841714 0.851882458
    1.01093078 1.33003056 0.669804454 1.08300519 1.77069414 0.894719481
    1.58468568 1.07504392 1.23312438 1.49902034 0.722900331 0.730119467
    1.58660877 1.77560031 1.42962587 0.633137107 0.982128024 0.664500415
    1.61664891 1.32590461 0.767682731 1.38953257 1.73935795 1.08956659
    0.641363323 0.874448538 1.15240157 0.869976282 0.539958417
    0.700370789 1.51644921 1.19699788 1.05463445 1.19922841 0.741761208
    1.26760471 1.41436923 1.32727766 1.42754066 0.910395443 1.4104563
    1.52511406 1.66479301 1.11132431 1.49570799 1.5799911 0.654750824
    1.34033072 0.881732583 0.512434542 0.533031821 0.925266206
    0.646123767 0.672721684 1.18382359 1.15545392 1.1522212 0.725697041
    1.43389618 0.951034784 0.899993539 1.67071724 1.5548166 1.72783339
    0.960111499 1.59321642 1.09703684 0.807365954 1.43419242 1.19838917
    1.20050812 1.17850912 0.703559041 1.25653589 1.14869082 0.826919734
    0.977384925 0.930771649 1.30695462 1.27919519 1.26784575 1.40646827
    1.23099637 1.1509465 0.544988751 0.964709163 0.645686448 0.834945202
    0.81084007 0.581883073 1.02602124 1.34706867 1.2196455 1.09965706
    0.625206947 0.680327713 0.709312022 0.838301897 1.50432098
    1.76110744 0.898184121 1.53667331 0.937722981 1.06374764 1.41460657
    1.87361872 1.9136641 1.94686675 1.66335773 0.779854298 1.18121386
    0.744465649 1.01159716 1.66313589 1.54882634 1.73214769 1.11884546
    1.10743761 1.2112323 0.735556602 1.55823421 1.3704685 0.673304021
    1.12107396 0.463185877 0.699291468 1.18505621 0.693395197 1.6086719
    1.3686974 1.53233898 0.743800938 1.48471713 1.31447029 1.07048452
    1.76594138 1.24240315 0.948577881 0.764062226 0.743842602 1.03573322
    1.26763451 1.73148942 1.59247911 1.44293034 1.07260883 0.979134679
    1.05399227 1.15312481 1.21265578 1.14534128 0.979480505 0.569096684
    1.11944807 1.677104 1.49844503 1.18856812 1.32301044 1.76994288
    1.52217758 0.873924494 0.953496635 1.53448164 1.21453297 1.06664097
    0.786530077 0.835204899 1.39937139 1.12934184 1.46434271 1.85520709
    1.32589447 1.79520559 1.04341578 0.98676914 0.806774199 1.66757846
    1.18164289 1.68585157 1.60464394 1.00633574 0.543411076 0.859238207
    0.825736403 1.73069227 1.41391766 0.915817201 1.57957494 0.85303551
    1.24094045 1.03634489 0.927190602 1.1035912 1.15993965 1.47297943
    1.66184402 1.23846245 1.44946766 1.15964198 1.56120396 0.596491873
    1.24981558 1.47972846 1.17876899 1.40665245 1.61426425 1.569996
    1.23414779 1.77672184 1.73698556 1.29854786 1.47865987 0.748661697
    1.21585226 1.1526829 1.67151713 0.872021675 0.770529211 1.39455354
    1.76005995 1.00370288 1.51292908 1.19847965 1.63654363 0.96928674
    0.730145931 0.948647976 1.7534132 1.25683963 1.23026597 0.898988307
    1.05969524 1.76061141 1.60435236 0.86592555 1.27713192 1.12497449
    1.09014201 1.48227096 1.13094378 0.87470907 0.645882249 1.02604771
    0.803777158 1.42114496 0.792032659 1.3788085 1.60862005 1.32152188
    1.63516068 1.40231586 0.960256219 1.29308438 0.606028557 1.06578016
    1.47754371 1.2869066 0.625311613 1.42181337 1.62586641 1.2049731
    1.62021518 1.70377088 1.43471313 1.02891934 0.913322926 0.91108197
    1.60098886 1.75018513 1.48372996 1.46139967 0.684176505 1.57063031
    1.03089535 1.64056075 1.85114205 1.85577476 1.1936413 1.55877662
    0.796497822 0.689749658 1.53701222 1.57461345 0.914017498 1.4436301
    1.06909156 1.71768832 1.80234218 1.67871666 0.760938108 1.12327909
    1.73864889 1.41580486 1.33331656 0.963260829 1.41879249 1.12624586
    1.2294445 1.71085942 1.45251894 1.19064152 0.846332908 0.947663903
    1.28413177 1.46533036 0.604934335 0.500556827 0.960530162 1.18332005
    0.586042404 0.985619545 1.12711906 0.956665576 1.66903281 1.46192253
    1.24148929 0.929958761 1.50081933 1.6534791 1.58017421 1.61553752
    1.3049829 1.33880866 1.68297005 0.724075556 0.625799656 0.778199136
    1.37495112 1.06141853 1.57023728 1.18831623 1.60881507 1.58955371
    1.30068779 1.39221108 1.25870252 1.5463891 1.81615269 0.920112133
    0.759253621 0.437870383 0.562002063 0.578959525 1.49092746
    1.17231417 1.03810644 1.56931543 0.953350604 1.2045306 1.66190505
    1.69766593 1.00281453 1.21283925 1.36473835 1.30697274 1.23111832
    1.30160964 1.63052678 1.30512238 0.793353319 0.876991272 1.24891269
    1.66518605 1.72798133 1.43320417 0.914585173 0.850425184 1.59450233
    1.5596751 0.925603986 1.43123198 1.03484416 1.37391698 1.15883672
    0.471304446 0.570312858 1.27999926 1.02671242 1.41540051 1.06904912
    0.557924867 0.794989049 1.16495681 1.02013147 0.670391858 1.37045872
    1.05803108 1.6707176 1.08706152 1.72636378 1.10200369 1.68540144
    1.73748291 1.69316471 1.2590338 0.950540602 1.59285486 1.07121551
    0.801181734 0.790227532 0.658033431 1.60064423 1.40092337 1.42045546
    0.771341622 0.728411257 0.74030894 0.655086517 1.14252865 1.08806682
    1.57342565 1.00680411 0.977604806 1.55074561 1.30170238 1.39908063
    0.864562511 1.03576374 1.36260712 0.84337163 0.654645681 0.710197031
    1.25130284 0.876672566 1.39963841 1.56338775 1.81180239 1.25172424
    1.50744402 1.37155724 0.752298772 0.790367484 1.29036498 1.06748199
    1.73692667 1.21230102 0.62395376 0.946325243 1.56830943 1.60430455
    1.06370175 1.57785285 0.735259295 1.08194566 1.61444533 1.05757928
    0.86579591 1.02635062 1.26781249 1.6447413 0.893385172 1.73412347
    0.683231413 1.31458998 1.44129717 1.64952648 0.815357447 1.23407173
    1.19119906 1.05780542 1.02915883 1.10545564 1.16683435 0.776700258
    1.6728909 1.74079347 1.3340534 1.13016522 1.42353666 1.59198213
    1.7478317 1.30460024 1.16307974 1.53672969 1.55187643 1.56062305
    0.966247737 1.25100458 1.13387406 1.41756904 0.616849482 1.30489397
    0.885371387 0.807886064 1.47896349 0.766169965 1.43330538 1.65746963
    1.45973933 1.1535207 0.568220794 0.762150049 1.42206824 1.64455068
    0.738551974 1.1937356 1.26263046 0.957568705 1.43022418 1.1081233
    1.2852062 1.18171227 1.35623145 1.36189103 0.895524442 1.27643394
    1.67267525 0.786501229 1.55587339 0.872057617 1.34812117 1.70899904
    0.689195275 0.657353044 1.03607917 1.12873375 1.41449428 0.910401106
    1.12446034 0.746637285 1.02951133 1.22461212 0.475024104 0.573171377
    1.39250159 1.5618763 0.891892433 1.1922648 1.58132339 1.26456523
    1.21693397 1.43459833 1.74718499 1.82285833 1.56662524 1.64893925
    0.698109627 0.95920217 0.733996689 1.55028462 0.923086286 0.94023931
    1.20449305 1.39568305 1.26650643 1.3056159 1.12120688 1.02989209
    1.35684991 0.597490013 0.695312262 1.32909143 1.42015016 1.76221359
    1.02557707 1.64080632 1.08042717 0.770117939 0.879101574 1.19014561
    0.758170068 0.929643095 0.945172191 1.25231135 1.22919405
    0.858836889 1.2258296 0.941591978 1.25565791 0.878581464 1.10823822
    0.933131397 0.767208457 1.19186151 0.862107575 1.00727785 1.32876849
    1.42001331 1.35527396 1.29563141 1.13628721 1.29553246 1.18601573
    1.44761217 0.713398516 0.989948809 1.66703391 1.24842918 1.19318354
    1.12460363 1.15115988 1.03270996 1.44443488 1.7798593 1.21023095
    1.20581317 0.625585377 0.739744663 1.15422666 1.45958972 0.636940062
    1.05195129 1.61285663 1.21106708 1.36516881 1.64225912 1.69266343
    1.49983954 1.35340047 1.68391061 1.6787616 1.64334655 0.842222512
    0.838565171 0.822864115 1.06672645 0.753649294 1.25745952 1.46407783
    1.591061 1.78663945 1.71029007 1.64345157 1.78537738 1.65208316
    1.47824979 0.994414568 0.96404779 1.1465528 0.736326039 0.825409055
    0.497103304 0.676331937 1.73762858 1.40157783 1.65338552 1.26567423
    1.0818851 1.05755889 0.589849472 0.779580653 1.22325814 1.53490233
    1.38579512 1.79661202 1.75590444 1.10334969 0.69964397 1.71148086
    1.40824163 0.751734495 0.650838196 1.43539679 1.35744023 1.18537354
    1.40793729 0.862601399 1.16012406 1.20863724 1.24763286 1.60897017
    1.74470806 0.994527161 0.677404523 1.3046155 0.936425209 0.774292707
    0.6770823 1.70383978 1.16702986 0.772714317 1.01589441 1.01061213
    1.08109725 0.9054811 0.914833188 1.50977731 1.50907564 1.05044854
    1.5998925 1.24932885 1.6210978 1.34989572 1.09745955 1.23515451
    0.758219779 1.01506615 1.46534312 0.934877932 0.823949695 1.7350837
    1.33477843 0.693772435 1.54922402 1.25448465 0.955474079 0.830847263
    1.31101286 1.66419351 0.944521725 1.27124226 1.13023984 1.65627897
    1.22718823 1.39048755 1.70215201 1.61689055 1.17266226 0.687505782
    1.00382984 1.31321108 1.21213722 0.796481848 0.775744736 0.991294622
    0.760033131 1.50000703 1.58204615 1.0371033 1.50284588 0.832443655
    1.55635822 1.78188193 1.41862035 0.794151485 1.64375567 0.993246436
    1.73706853 1.90412879 1.56874335 1.73362207 0.823523223 1.70596969
    1.23795283 0.736468554 1.32597506 1.09393728 1.33347392 0.932716429
    0.591151774 0.830424786 0.969553173 1.37376916 1.53428507 1.3763237
    0.565332472 1.21340036 0.582849741 1.11845946 1.40458763 1.17047465
    0.862579763 0.744284213 1.32724142 1.55838072 1.48658025 1.35763109
    1.33230317 1.59000039 1.12021995 0.764556527 1.3250953 1.1199168
    1.33641028 1.0270822 1.25553262 0.871663511 1.12093282 1.66223085
    1.63756526 1.23238456 1.23745513 0.77062273 1.4084034 1.00134695
    1.65338659 0.87658149 0.97707051 0.802704275 0.634479582 1.07616079
    1.74273074 1.54816532 1.34989655 1.5115087 1.52680147 1.13361704
    1.34132409 1.67101121 0.935820282 1.74813735 0.933875561 0.750787318
    0.642663121 0.809237421 1.52214289 1.43558908 1.13751578 1.2860961
    0.588269055 0.693830729 0.691637874 0.876003563 0.679777861
    0.695802569 0.484520257 0.53816241 0.628312349 0.77463609 1.30121064
    1.36909175 1.32971287 1.61848056 1.10265267 1.37476063 1.5701009
    1.39104366 1.44927037 0.893864036 1.24563742 0.827186465 0.964622378
    1.26659882 0.697853088 0.837462366 0.932466328 1.6848042 1.73102653
    1.77900565 1.41690397 1.20228565 1.74632084 1.35949981 1.42519426
    1.70915151 1.6998992 1.29479527 0.959377229 0.882102787 1.08177793
    0.939974725 0.564255893 0.725145817 0.996254623 1.59738278
    1.07516611 1.43211627 1.18426692 1.40968382 0.855084717 1.21968484
    1.70745766 1.1989733 0.694970846 0.977925837 1.26406419 1.08158088
    0.704861403 1.13724124 1.17196941 1.70746243 1.18086934 1.23305738
    1.82781625 1.31562948 1.16089439 1.1592555 1.49227548 0.991123974
    1.1104629 1.04797268 1.27991009 0.714540899 0.7368325 1.4253782
    0.945196509 0.921142519 1.54849494 1.00734532 1.1255579 1.72520804
    1.01835966 0.986781538 1.64566791 1.31756639 0.818782687 1.34814847
    1.08551991 1.2814393 1.53834403 1.56095588 1.239218 1.34182096
    0.448545992 0.596550107 1.32512105 1.30242991 0.810965478 1.63816667
    1.48557568 1.79113913 0.943739653 1.35700309 0.985806823 0.738550842
    1.03641319 1.27167535 0.684801996 0.739169598 1.5067029 1.11515784
    1.2396884 1.57518566 0.996921241 1.49541688 1.93263924 1.95630169
    1.73130739 1.47169483 1.11139274 0.645569801 0.688918352 0.683260381
    1.4158982 1.64739895 1.34959626 0.758491993 1.5615809 1.73215067
    1.78548801 1.27009094 1.16105175 1.02812755 1.71927249 1.43795025
    1.5566076 1.73937416 1.62257993 1.51349807 0.812691987 1.62851238
    0.980078399 0.697887182 1.40711701 1.15924871 1.26139069 1.72187352
    1.65432906 0.888146937 1.57943583 1.62050104 1.09993112 1.39528799
    1.79146099 1.37397254 1.29052293 1.70937932 1.82847381 1.08309186
    0.891067922 1.05481708 1.34316671 1.14181674 1.40707529 1.00943434
    1.39746976 1.56661475 1.16760814 1.54498935 1.70545638 1.67492712
    1.51825249 0.922061384 1.11717832 0.890229881 1.64543283 1.07898104
    1.77799976 1.79460287 0.801506639 1.36010945 1.45601785 1.6401726
    1.80999207 1.29204023 1.75630283 1.85186899 0.914881229 1.78502405
    1.20605338 1.46301162 1.29653323 0.850250781 1.33577013 1.41715693
    1.27988577 1.46598446 1.58877587 1.677073 1.0718745 0.921828151
    0.565523326 1.48310292 1.37234867 0.807970345 1.55587804 0.921616256
    1.16069758 0.849122226 0.924470842 1.71338606 1.12630308 1.24610901
    1.6744386 1.01290035 0.775816023 0.988941371 1.20722508 1.38513219
    1.17373598 0.751316667 0.90572387 1.48158062 1.18688273 1.02898216
    0.720285356 1.21457732 1.49248791 1.4552629 1.48667669 1.08405602
    1.15564132 1.40048027 1.08535373 1.03880036 1.11649096 1.58805752
    0.974889398 1.37948048 0.842297733 0.810509086 1.23703945 1.61751783
    0.972818315 1.20402396 1.0164901 1.57984304 1.33081198 0.846240282
    0.915357947 1.10793483 1.43257952 1.49662173 1.09316778 1.11628711
    0.587882817 1.47683346 0.626689911 0.609604955 0.932136655
    1.45352459 1.41157603 0.583744228 0.508775175 0.698526263 1.24463749
    0.768612564 1.37319362 0.927236199 0.630962074 1.05513942
    0.949652433 1.12544346 1.05088782 0.680017531 0.901640177
    0.637592793 1.51905572 1.51909602 1.35750532 0.626738071 0.545191348
    1.37243032 1.11680245 1.39915097 1.80429912 1.66320121 1.22739255
    1.73300147 1.54460049 0.912652969 1.57585299 0.991632938 0.506518066
    0.725574017 1.08758521 1.18391049 1.33028567 0.812473118 0.948762298
    1.64386654 1.08928096 1.38429248 1.57720065 1.68771732 0.943680644
    1.26479948 0.802703261 1.6250881 0.866817176 0.961737752 0.77134788
    1.11504519 0.926045477 0.932272434 1.265818 1.41119981 1.25697994
    0.888865471 1.72982883 1.10391355 1.18437505 0.733841121 1.42959142
    1.48211467 0.632484078 0.740400016 1.07048702 1.70311856 1.09913146
    1.52038097 1.59317434 1.39502871 0.963934422 0.83103323 0.550996184
    0.6310727 1.32802892 1.400792 1.0484271 1.58266556 1.19682336
    1.70879471 0.938695848 1.26036656 1.11941528 1.44363487 1.19650781
    1.42224574 1.32700288 0.676387608 1.58812451 1.3219229 1.51631153
    1.6594919 1.81041789 1.64261067 0.852671683 0.689534783 0.887744904
    0.536402702 0.768852174 1.42578495 0.621933579 1.58805442 1.00274777
    1.64620352 1.52065337 1.24761128 1.15571439 1.25059927 1.88324082
    1.76780069 0.861832619 0.931814075 1.05954623 0.805067182 1.16554379
    1.28153563 1.04306233 0.787753761 1.46914268 1.65902174 1.06316841
    1.57611763 1.53825963 1.64875162 1.23069644 1.56550944 1.03807616
    1.15298557 1.26642704 1.53437889 1.01614869 1.57096374 1.79294991
    1.5391928 1.00269175 0.888249874 1.55942667 1.71909475 1.33930087
    0.788281679 0.969098091 0.894719005 0.658595085 0.654126287
    1.08588111 1.64586377 1.32986486 1.00434303 1.25320542 1.01524591
    1.77488089 1.51425195 1.20098937 0.997202754 1.2041744 0.744810939
    1.33557379 1.18528676 0.807898343 1.51639616 1.56807923 1.76738584
    1.36976171 1.48550284 1.3138423 1.15852928 1.68053484 1.57900238
    1.77506983 1.3394357 1.60094213 1.30882633 1.26206315 1.04707789
    0.698912024 1.42581642 1.66007197 1.2171669 1.74290919 0.933819175
    1.8117739 1.69969594 0.754958034 1.64559078 1.52558875 1.06783247
    1.6027987 1.80988872 1.62322092 1.4719367 0.696124375 1.41281962
    0.560776591 1.05105162 0.548007429 0.712533534 0.898657858
    0.719148219 0.688958824 0.699851692 0.619559526 1.06835234
    1.56457555 1.22573864 0.721893251 1.0326432 0.845146179 1.38785088
    1.20836496 0.753918171 1.02481663 0.613105536 0.917446315
    0.907388389 0.974568188 0.814703703 0.578289628 1.24810517
    0.931403697 0.844114423 1.05903101 1.45314264 1.22602451 1.40540254
    0.709729314 1.32116973 0.874204576 0.774385929 1.18488383 1.81222558
    1.31099701 1.61184061 0.749841869 1.51446843 1.08131397 0.79474014
    1.29777944 1.03886807 1.33860135 0.901816547 1.62448835 1.00003695
    0.69822216 1.20831108 1.3565886 1.59501469 0.899086118 0.67809546
    0.816636086 1.50163579 1.45595181 1.593418 0.797291696 1.44027209
    1.19305897 0.596187651 0.991380274 1.43929899 1.23642099 1.12449884
    1.28712392 0.81473738 1.08194733 0.694329083 0.820259273 1.3580544
    1.21542501 0.95046562 0.624160469 0.790288806 0.644738019
    0.781141341 1.70565796 1.55934846 0.792345524 0.686248541 1.05952239
    1.45060086 1.81056011 0.899043143 0.895929635 0.942139387 1.56752706
    1.29911315 1.58592045 0.683510363 0.785921216 0.948000968 1.01334596
    1.52361691 0.759149671 0.551042557 0.874724805 1.25125873 1.32798278
    1.38644624 1.20398426 1.4037925 0.722857773 1.68678272 1.6821239
    1.51047862 1.32404006 0.617626488 1.50659204 1.02458549 1.42685139
    1.65618718 1.49555945 1.79985607 1.59715104 1.01838267 1.2185185
    1.09682548 1.55737126 0.976435125 1.08537841 0.719590008 1.21376276
    0.64432162 1.19747865 1.78441775 1.67481756 0.705049157 0.99183923
    0.944983304 1.37947261 0.584132135 1.09110594 0.933234274
    0.969366848 1.5021975 1.25675499 1.36266959 1.47762525 1.30168045
    1.00136697 1.01718032 0.885587811 0.85327673 1.29902065 1.37761343
    1.61491764 1.76809657 1.67425013 1.43378079 1.73329198 1.78988612
    1.47111285 0.689800024 0.942720115 0.722166777 0.635466397
    0.450328529 0.606407583 1.14101505 1.28037798 1.49604046 1.19215083
    1.35504198 1.00419807 1.33292782 0.894521713 1.1460942 1.14592898
    1.30360746 0.975991845 1.28767228 1.05378377 1.01383531 0.816235602
    0.83440578 1.14697587 1.5287565 0.733722627 1.51315939 0.748112917
    1.30307078 1.21263266 1.01128817 1.75675547 1.24935877 1.36399961
    0.95351398 0.934423208 1.34866703 0.753076553 1.31915486 1.46894586
    1.06684494 1.5110544 1.58707619 1.65611017 1.51289821 1.26218951
    1.04451847 0.578004777 1.13547814 1.36830664 1.01225412 0.821827352
    1.05202353 1.32839203 0.941180289 1.34424376 0.758480906 0.936605513
    1.40190792 1.40976167 0.678851366 1.1809324 1.24422634 1.45669353
    1.45749021 1.72105169 1.61430466 1.65538561 1.62778389 1.53110731
    1.2626034 1.32674849 0.762943566 0.762865663 0.88533479 1.43539846
    0.931606472 0.730523467 1.43345416 0.892502546 0.594455242 1.4071151
    0.789628565 1.29344428 1.22331071 1.40487432 1.17303753 1.65174556
    1.32448912 1.23318136 1.10843742 0.686408281 1.13322496 1.36875868
    1.81533825 1.81346369 1.04514754 0.570018351 0.428876609 0.769965529
    0.886332631 1.30349517 1.2747004 0.779420018 1.67506993 1.25360107
    0.998906195 1.20144367 1.68745065 1.50561726 1.30861545 1.43858945
    1.57807982 0.837688327 0.948296726 0.720436633 1.46937716
    0.889732122 0.764058292 1.27613866 1.35266995 1.35909271 0.993847728
    0.810391486 1.47594357 1.05138433 0.62915355 1.47460282 1.66680276
    1.48253167 0.659036517 0.582553625 0.681724787 1.63946545 1.13669693
    0.865559638 1.80789983 1.19881284 1.5682019 1.30151379 0.920899034
    1.25518644 1.57301593 1.53021157 0.856934249 1.58306432 1.28473234
    0.866722703 1.39679229 0.914703548 0.626931489 1.05964458 1.06718731
    0.810409069 0.622085214 1.28034925 1.51479053 0.807616234 1.62241542
    1.59620309 0.834185898 1.43984079 1.4829005 0.770806372 1.19025803
    0.739032686 1.09502745 1.26473284 1.1598109 1.20886898 1.54368794
    0.739244461 1.68536508 1.42032075 0.700793505 1.48305488 1.58820307
    1.63309813 1.47224033 1.7311517 1.18148124 0.735518098 0.852136433
    1.52403057 0.990793943 1.63067317 1.89446759 1.74494874 0.986917973
    0.848531246 1.53034091 1.48456991 1.15353 1.29757869 1.6450876
    1.15350008 1.60826254 1.10680401 0.537490666 1.08323741 0.922988176
    0.725910187 1.23142946 1.56494546 1.73475039 0.946680367 0.879767776
    1.24715388 0.771408916 0.636688769 1.56406701 0.934491098 1.63714254
    1.29765034 1.70223558 1.56416523 1.49572921 1.18954313 1.65893602
    1.29444957 1.0741235 1.70508635 0.854874074 0.77114296 0.608178139
    0.553471625 1.49695182 0.787737131 1.48170745 1.42878604 1.24768186
    0.829545081 1.39339733 0.862598062 0.755442202 1.38917327
    0.619544864 0.998994112 1.24003434 1.53477824 1.34884143 1.71987748
    1.35931969 0.615273893 0.602467895 1.11793196 1.44306827 1.29104125
    1.30689037 1.28652525 1.61651349 0.969882488 1.76224148 1.77891183
    1.55925024 1.22336006 0.694375098 1.06825376 1.43981934 1.56481624
    1.50025058 0.591208339 1.48135686 0.871488929 1.41658056 0.940756142
    1.12604308 1.58794427 1.17186916 1.33623052 1.66728926 1.12846279
    1.43286407 1.25285494 1.46539748 0.668855011 0.872890353 1.58944964
    0.624252021 0.984824657 1.7572639 1.10411727 0.864861786 1.19842339
    1.31512821 1.09488463 0.896292388 1.71309996 1.60351467 0.942689061
    0.911250353 0.823279262 0.901933014 0.822592676 0.744738996
    1.36358857 1.05027926 1.5219723 1.07510245 0.817444623 0.757154405
    1.71418643 1.46541929 1.07344365 0.930415332 1.43655574 1.31379592
    0.60007596 0.713931322 0.609844208 1.41394567 0.964946866 1.56992567
    1.62676692 0.681144595 1.01212382 1.67685938 1.37530637 1.73662853
    1.28957403 1.53005552 1.07265007 1.23385942 1.2101965 1.17729008
    1.65435517 1.22942424 1.19195247 1.34216404 1.03600419 0.763840616
    0.556421697 1.42761469 1.31252599 0.676354408 0.818863511
    0.808219194 1.43726611 1.30939162 1.71607983 1.72670817 0.957063079
    1.12405217 0.758744478 1.74617314 1.36346591 1.52994108 1.58121812
    1.0077281 1.38434839 1.47985947 1.00411558 0.691854775 1.0768187
    0.486364871 0.534777343 0.524290085 0.932319105 0.675996304
    1.6489284 1.82482398 1.4762255 1.47076273 0.674171031 0.954114556
    1.30307078 0.865039408 0.94751519 1.81223488 1.4917711 0.943819761
    1.6359973 1.578578 1.44337082 1.16216528 0.694516599 1.20043385
    1.32323086 0.596193552 1.11815965 1.615695 0.975886643 0.698546529
    0.670534253 1.45819211 1.48903179 0.770023108 0.523010314 1.47565472
    1.75206089 1.27493989 1.69848514 1.64118755 1.66779888 0.661912143
    0.63233459 1.10020161 0.788764536 1.52900362 1.13845873 0.879649222
    1.65475309 1.51782084 0.934834719 1.23126352 0.553038359 0.517355263
    0.653149128 1.163252 1.04337728 0.751178443 0.583231211 1.4204917
    1.09922397 1.73178208 1.6774323 1.23202407 1.58465517 1.69822609
    1.5986501 0.699164629 0.861662209 0.898596883 1.48264539 0.564170778
    0.909594297 1.07038498 0.892125547 1.52124178 1.44801867 1.52718163
    1.00719559 1.42407787 1.60580242 0.77788043 1.19626975 0.97280544
    0.503700912 0.936126769 0.693939745 1.45095241 1.66936195 1.75057471
    1.51224685 1.29226089 0.665398717 1.20299435 1.56653821 0.968257725
    1.39946699 0.793777227 1.00044382 1.56944442 1.32153833 1.3285327
    1.03733885 0.644515634 0.778897107 1.61016047 1.41222656 0.993316591
    1.06784654 0.992839754 0.86113894 0.552342176 1.4178412 1.02632606
    1.52909696 0.724139273 1.62130153 0.939568162 0.832491755 1.37158835
    1.42223752 1.53415585 1.01535428 1.71036243 1.32248259 0.764739931
    1.32602215 0.601713598 0.495004714 1.07535243 1.66554546 1.69759381
    0.955139577 1.44818127 1.61752868 1.16943681 0.654878914 0.978275716
    0.513533294 0.930287421 0.803289592 1.46506274 0.996081591
    1.33116269 1.1737293 1.02577496 1.47150254 1.55657017 1.09877861
    1.63566983 0.727129281 0.502205491 1.61975217 1.36266077 1.27186728
    1.75349271 1.715186 1.42778313 0.612008214 1.50764298 0.921444297
    1.138978 0.990518153 1.0149132 1.12160444 1.45627367 0.911431253
    1.28593636 1.33482349 1.47665215 1.53976691 1.46800184 1.2277143
    1.66983593 0.738243163 0.667616785 0.901650488 1.39699006 1.67669964
    0.908700705 1.21531379 0.896300852 1.58272529 1.69290614 1.64451361
    1.45638454 0.957030475 1.48277438 1.21963358 1.51480567 0.722519517
    1.17756903 1.54792726 1.45615494 1.38216484 0.729839623 0.627699614
    0.58047241 1.60937333 1.51588833 1.19036067 0.683097184 1.08893561
    1.63942099 1.1758517 1.40189338 1.27191925 1.53139699 0.765442491
    1.61865425 0.913163245 1.00586271 1.60176814 0.798282862 1.05318177
    1.03169155 0.964124143 0.46931532 0.693917155 1.12759268 1.22157383
    1.25043261 1.70585692 0.728974581 0.751198888 1.0850594 0.969719231
    0.889954686 0.915991962 1.33433521 0.982246876 1.48752403 1.4555099
    0.464336038 0.540665507 0.518484056 0.546139598 0.524866283
    0.907258868 0.536755562 0.840665936 0.642867804 1.08029056
    1.76355577 1.51876259 1.30138719 0.957173288 1.1751368 1.67881668
    1.09188318 1.11380875 1.69714844 1.16453755 1.50014842 1.60820067
    1.64273393 0.737421334 0.892862499 1.47507238 1.19389141 0.689800024
    1.25633407 1.52111888 0.970215857 1.59627938 1.266366 0.866693318
    1.00592518 0.669349253 0.901601017 1.65160036 1.49934864 1.57002723
    1.14237225 0.918621182 1.60708928 1.65514874 0.770543635 0.997763157
    1.47513461 0.973142624 0.713752806 0.911421418 1.08541226 1.44498491
    0.629741549 0.903926313 0.782517314 0.835851192 0.56188941
    0.552864969 1.45285654 0.80328089 1.27010441 1.31370854 1.28412378
    0.602888346 0.933601558 1.3281188 0.856732726 1.57967401 1.76952136
    0.999543428 0.876508176 0.746335804 1.60412371 1.05212557 1.67800939
    0.564645946 0.492917717 0.488166243 0.646030188 0.679863811
    0.548318565 1.24856997 1.62897325 0.944011033 1.73069334 0.852303803
    1.23768198 1.41250396 1.82737243 1.75869977 0.90059936 1.091766
    1.51551008 1.03602898 0.508877695 0.770427346 1.21766472 1.54044712
    0.985875547 0.763780594 1.65783894 0.803074539 1.44404793
    0.872333884 1.35061216 0.657761097 1.59838295 1.0263325 0.851205885
    0.754003465 1.53973389 1.18507886 1.19389653 1.34030235 0.892942846
    1.60880089 1.69789624 1.01954412 1.50704789 1.48078644 1.38270402
    0.568251252 1.26418173 0.933255792 0.646314442 0.684199154
    1.35226405 1.70529532 0.771200299 0.963277221 1.10785103 1.16815484
    0.798080623 1.52842915 1.09295452 0.819108486 0.715272427
    0.925589681 0.760072947 1.12491024 1.72644937 1.18576992 1.37344491
    0.681065619 0.770943701 0.821802557 1.69065142 1.7066431 1.11365211
    0.619194984 0.737232149 1.41298032 0.794402301 1.55601192 1.45084584
    0.680066466 0.834713995 0.991109729 0.648495615 1.13907075
    0.801216841 1.24337101 0.801474512 0.637846053 1.48321891 1.54516006
    1.39781666 0.93813026 1.55575752 1.34894097 1.46437514 1.52612221
    1.76724303 1.08113694 1.33088017 1.40240979 1.19396019 1.43860304
    1.32353389 1.48731101 0.73266995 0.965066195 0.988945484 1.34453118
    1.62786114 0.915957212 1.42760789 1.11466646 0.938062727 1.24527264
    1.46851802 0.847339869 0.595734715 1.38282442 1.26965523 1.12882125
    1.71508896 1.4692148 0.901109278 1.02026772 1.31909442 1.20366979
    0.621300876 1.49531567 0.775976539 1.2618953 1.08111298 0.84498167
    0.991687477 1.58878791 1.51481771 0.825895786 1.70914972 1.50740373
    1.09585929 1.38464427 1.63535917 1.60792625 0.721103787 1.40304625
    1.66096318 0.863074839 1.75919914 1.8046912 1.06858921 1.01728308
    1.32463384 1.1823076 0.806504667 0.909321547 1.34974575 0.849650562
    1.14344084 0.740325928 1.58273613 1.55210006 1.13081491 1.42691553
    1.56109393 0.648927271 0.343462259 0.785971105 1.00705981 1.39166212
    0.925719619 1.69665873 1.24422061 1.60543168 1.73518717 1.62606764
    0.972485602 0.73602432 1.39432275 1.60809302 1.18451464 1.04142559
    0.715094805 0.409407079 0.723539114 1.48043883 0.685686827
    0.967423797 1.37755764 0.843815029 0.889960527 1.08947682 1.38233697
    0.945151567 1.52151322 1.52229357 0.834268689 0.864412487 1.32305419
    1.66907489 1.64072263 1.66476357 0.884266973 1.40688884 1.24920642
    1.12628889 1.33806002 1.42106938 1.55858302 1.3697077 1.54365599
    0.9789868 1.24984932 0.797746599 1.32676351 1.28281593 0.471592218
    0.977015853 1.22453976 1.3874079 1.43775082 1.49820197 1.68269515
    1.30199158 1.56709683 0.942514479 0.930703998 1.49027216 0.881102443
    0.893662393 1.27070808 1.43849051 1.20849621 1.54840493 0.976057053
    1.48836172 0.955844939 0.679075122 1.4641577 1.01069391 1.35673475
    1.22412097 0.879901469 1.44728577 1.43127835 0.650235891 1.1146909
    0.869878113 1.27519059 1.44026959 1.33382964 1.61469758 1.4724164
    1.19447994 1.80486512 1.56605363 1.28745341 1.54795563 1.42081356
    0.639660239 1.28234684 0.923465729 1.22529411 1.31420839 0.842484832
    1.23126376 1.57866561 1.75119531 1.76206243 1.26605082 1.72822905
    0.959726572 1.37025583 1.44648707 0.828105032 0.595399737 1.35184526
    0.949111402 0.642765939 0.547046125 0.952711999 1.52816486
    1.44115341 1.50568247 0.851671576 0.776834965 1.37154055 1.52724254
    0.934483349 1.24205267 0.574889719 0.767532408 0.777485907
    0.615192354 0.783592105 1.59019351 0.989728987 0.770622611
    0.952422619 1.48241186 0.730576754 0.575924277 0.493313372
    0.66433835 1.15348518 1.28106403 1.60919094 1.47996104 1.24424732
    1.65364826 0.907429457 1.05813861 1.08593559 1.41911411 0.782068193
    0.989604652 1.24728727 1.255633 1.56428695 1.08973181 1.46916819
    0.874266505 1.61969519 1.52476871 1.47549105 0.757871985 1.62672997
    1.27654576 1.28494549 0.544457793 0.587798476 1.53704417 1.47465062
    1.51367521 1.69401741 1.75246167 1.42792118 0.645979226 0.813293397
    0.894187629 1.39611113 1.29349756 0.772201359 1.27107 0.757852793
    0.90489459 1.29517257 1.54970646 1.36867535 1.06181359 1.35490608
    0.844650805 1.55704081 1.40052021 0.994163036 0.815916717
    0.584154248 1.10946155 1.61538947 1.57472825 1.00277102 1.07875776
    0.717806935 0.927995265 1.51949155 1.67427206 0.9203614 1.45076692
    1.37691128 1.07734501 1.47337973 1.28563309 1.57932281 0.600095332
    0.600309074 0.675636292 0.763483763 0.635716915 1.20741272
    1.05908895 1.56958449 1.74911785 1.676911 0.958142757 0.536519349
    1.10014343 0.598723531 1.40363848 1.01564932 1.48419642 1.60950243
    1.83481419 1.55058539 1.7019155 0.932872236 1.20956945 0.624459028
    0.751455963 1.57396328 1.26244926 1.34567916 1.33883739 1.20950866
    0.992580295 1.81665099 1.78975642 1.17628396 1.66277564 0.795388997
    0.554180503 0.587646186 0.932833016 1.53812838 0.997849464
    0.901657343 0.664715111 1.59192073 1.5372411 1.70524383 1.43660021
    1.33767724 0.889858842 0.4629592 0.642594039 1.13160896 1.81199801
    1.77542305 1.73474205 1.27410269 1.32209742 0.81486851 1.41274011
    0.608967721 0.535870075 1.1440022 1.49901724 1.68349266 1.3172971
    1.33100963 0.488990813 1.18747723 1.24266219 0.733219326 0.785821736
    1.30819464 1.15310609 1.12124407 1.32907987 1.15293682 1.31388712
    1.41463208 1.56726801 1.21739125 1.62204361 1.55364478 1.57401717
    0.782622576 1.3985889 0.976056159 1.10390985 1.49467552 1.52876747
    1.35327852 1.73280883 1.61384988 1.56900835 1.59774256 1.11379421
    0.75010401 1.61886585 1.4936794 1.05828202 0.697901607 0.612114847
    0.640598476 1.13927472 0.715319693 1.4195751 1.34376931 1.38634801
    1.12708318 1.0941329 0.73726815 0.870330215 0.765983641 1.19833243
    1.62188303 0.68828547 1.2938906 0.569597721 1.10680473 1.07237923
    1.27684844 1.41352558 1.76383531 1.65944469 0.875637293 1.38623226
    1.04690015 1.35969782 0.875059187 0.800696433 1.11870074 1.68802452
    1.68455839 1.24692833 1.32055819 1.74962509 1.27544498 1.36002564
    1.43678379 1.77970302 1.87033212 1.70302618 0.735019326 1.53341055
    0.839548826 0.693524361 1.01862466 0.858325005 1.0089525 0.894782007
    0.87167871 0.810922921 1.59854496 1.46321785 0.974318683 1.60990214
    1.04211378 0.959968746 0.714111924 1.17250466 0.983710945 1.21537554
    1.52012897 0.519967079 0.51081115 1.30173802 0.981562853 1.60021496
    1.44329 0.666144907 1.21924865 1.06787956 1.31622243 1.60051954
    1.14954507 0.987246215 0.816229999 0.64081198 0.688497543 0.86388582
    1.27399826 0.702214956 1.47256505 1.76337528 1.79680836 1.10119665
    0.663872659 0.588457465 0.792410791 1.08519256 0.760845423
    1.44842112 1.44259131 1.55592728 1.53288341 0.726468861 1.2619617
    1.26238334 1.45609736 0.812070906 1.20236206 1.30347061 0.670773506
    0.909178436 0.992240548 1.05108643 1.00988615 1.22972453 1.26048756
    1.12123454 1.6511904 0.653313875 0.565967381 0.470302284 0.735390604
    0.645040512 1.18524551 1.645154 1.41737795 0.926647246 1.38475978
    0.495880634 0.703147173 1.12747705 0.661835253 1.19789553 1.20095146
    1.35488248 0.985946059 0.991285264 0.694626629 0.653589725
    0.817659259 0.69097358 1.33006549 1.65390837 0.764360726 1.07715738
    1.68345261 1.3677336 0.375879139 0.938399315 0.829350829 1.37350702
    1.22972703 1.41374922 1.15802336 1.32182753 1.43384242 1.27375376
    1.66947114 1.60101485 1.03455901 1.14653707 1.08873069 1.69803011
    1.48422825 0.924916267 0.857912064 0.453232765 0.612174451
    1.50968587 0.844090462 1.43708479 0.969990849 0.953373015 1.74482191
    1.00031304 1.12382448 0.830558062 0.850570261 0.878859878 1.42563212
    1.00535357 1.3049587 1.27908683 1.45723152 0.845743179 1.53589785
    1.56203806 1.17327797 0.648441136 0.572700977 0.696046948 1.05193436
    1.76158071 1.79367924 1.75490451 1.14482331 1.30634546 1.54648411
    1.15969443 0.830097914 1.37416339 1.33595538 0.558941185 1.02331662
    1.11901557 1.32094598 0.939568996 1.45912099 0.833281696 1.50579417
    1.78267515 1.07852852 1.52532077 0.631521821 1.51595509 1.31830513
    1.5184114 1.81358778 1.39283681 0.661706626 0.727015555 0.655206382
    0.951477528 0.484485358 0.942211032 0.646814167 1.10942554
    1.42305219 1.15077078 0.596325278 1.25908673 0.576984048 0.796636879
    1.04251456 0.796713054 1.35961628 1.13101757 1.59124494 0.872808516
    1.35100484 0.762974143 1.17751622 1.39766645 0.811855316 1.33838367
    1.42046607 1.70682037 1.45860195 1.09713376 0.755003929 0.999478459
    1.45283711 1.6419698 1.45064437 1.68252933 1.34612727 1.57108939
    1.22295439 1.57939565 1.67704284 1.6803894 1.34404993 1.26937866
    0.579613388 0.841973662 0.838298142 1.46641803 0.726664126
    1.34283018 1.49979818 1.66191971 0.84681499 1.60067356 1.38524115
    0.986600876 1.20340478 1.57357728 1.17290366 1.34630609 0.738886297
    0.47931087 0.857524216 1.20467174 0.923956335 1.59395504 1.88793218
    1.90824199 1.74029565 1.04287195 0.819607317 0.717130065 0.65108496
    1.37407827 0.688099384 1.45057607 1.05903375 0.910090446 1.66544437
    1.12028205 1.56760883 0.833420992 1.61008894 1.32085061 1.84498525
    1.11960793 0.997187197 0.602557778 1.02026117 0.754388452
    0.677861869 1.22765553 0.873025656 1.59993696 1.03429246 1.12389064
    1.50448179 1.26942945 0.991199851 1.04566503 1.50906992 1.63149011
    0.596635163 0.628109038 0.879332483 1.44087136 1.08614898 1.27783406
    0.979203284 0.829651654 1.32989538 1.24559367 1.69685972 0.800083101
    1.71286142 1.73164558 0.902575374 0.634215951 0.65719229 1.22744572
    1.64150858 0.632800937 0.768167317 0.497466892 1.35160589 1.56132972
    1.3356179 1.48816645 1.47333813 1.6930424 1.46504283 1.59323514
    0.747640014 1.31843579 1.45820689 0.98306042 1.05917633 1.78898156
    1.15304673 0.557432353 1.04820919 0.788190603 1.67967868 0.904855192
    0.722564101 1.12064302 1.21637249 0.571811795 0.660591066
    0.601534724 0.688909411 1.10981286 1.5714103 0.790725827 1.57027495
    1.06463563 1.05283105 0.496488869 0.529269636 1.56522667 1.40660667
    1.56871426 1.11043584 1.34154868 1.50966215 0.733173966 0.534711778
    0.665887833 1.38562214 1.52766919 0.830784619 1.55219436 0.825628102
    1.1448288 1.58944106 0.838408113 1.20085561 1.27293885 0.77512151
    1.62293923 0.790803969 1.29754794 0.696529686 1.3282851 0.681946933
    1.53515029 1.34563029 1.04507113 1.72140944 1.65581608 0.802381694
    1.0283494 1.34887946 1.51279461 1.12544775 1.31284595 1.28637958
    1.34519279 0.878249824 1.65572453 1.10064054 0.675023913 1.55068159
    0.577762127 1.27612019 0.957989037 1.35659313 1.48320591 1.6358248
    1.59970689 1.15943348 0.730059624 0.84847635 1.33448565 1.56100953
    1.01462913 1.22711682 0.912293494 1.58404994 1.0780946 1.65224671
    0.757445455 0.765300095 1.40189266 1.49957943 1.36255515 1.02585495
    0.669090629 0.874125004 1.43210077 1.5196774 0.768279493 0.944252372
    0.942908168 1.29075336 1.37531543 1.03819072 1.2702055 1.16005266
    0.99854666 0.654127896 1.23965311 1.45434272 1.44616354 0.663898647
    1.12250459 1.22887146 0.997106194 1.55814469 1.08379626 1.60216749
    1.26255918 1.35469639 1.72241843 0.836608648 1.07625043 1.46712101
    1.23255038 0.962199032 1.14102733 0.948716938 0.569681704
    0.648657978 1.22096813 1.41394329 0.991016209 1.02874959 0.525681317
    0.821829259 1.43840849 0.87143451 0.812544644 0.855615973 1.64630985
    1.86685073 1.65745008 1.43360639 0.558505237 1.0812304 1.10453534
    0.679034233 1.44603193 1.77738333 1.41117716 0.806633651 0.866206288
    0.637528777 1.37436008 1.5462923 0.858548462 1.17219055 1.27233386
    1.12088263 1.1038847 1.48810804 0.845165372 1.57625198 1.60283494
    1.02924263 0.532853663 1.06480563 1.28413105 1.41139233 0.694928586
    0.678912401 1.18880856 0.923510969 1.63537824 0.982189775 1.36509979
    1.07416546 1.75565529 0.721756637 1.28081667 1.34519088 0.893428743
    1.26023638 0.575978041 0.820323288 0.947990298 0.984467149
    1.13461125 1.17951024 1.50899839 1.06857121 1.13546801 1.42169762
    1.17776573 1.20125771 0.520448148 0.754200578 1.17224574 1.46859169
    0.709468246 1.28533947 1.07222867 1.69972992 1.61629236 0.806772232
    1.13451886 1.27521741 1.13650131 1.05746472 0.707575381 1.25140333
    1.29833424 1.30486345 1.18787503 1.10528016 1.548311 1.60931921
    0.619003057 0.671948552 1.31798661 0.74332726 0.955011308 1.13012338
    0.910808206 1.24315488 1.18884468 0.730539024 0.887870491 1.3289789
    1.37719631 0.63614279 1.37168813 1.4980675 0.979167879 1.19932616
    0.92150867 1.694821 1.68807316 1.03448975 0.603980184 0.849682093
    1.51483607 1.70963669 1.16057205 0.516394615 1.00657904 0.721536934
    1.3052032 0.614526391 0.626007318 1.32910848 1.06169415 1.16053915
    1.30231118 1.36531377 1.20881689 0.671419978 1.03165948 1.76201892
    1.55242085 1.61018467 1.03619027 0.639899313 1.55960512 1.29955041
    1.62644196 1.38956082 1.19353151 0.803058147 0.532959819 0.842243135
    0.925976038 1.40595925 0.924305379 1.26636565 1.68385112 1.14900625
    1.05650353 0.854575038 1.46432781 1.39620411 1.34479535 1.67217851
    1.71591961 0.780469894 0.565889716 0.890492141 0.771647096
    1.27842855 0.758551061 1.1939038 0.576681674 1.4653759 1.36553133
    1.57795 1.76604104 1.54777908 1.64999235 1.45415735 1.10176647
    0.791353881 1.29579782 0.842437506 0.771776795 0.562527597 1.1936053
    0.44935894 1.15052378 1.53770638 1.58558214 1.67342651 1.70649123
    0.96708864 1.02083099 1.21842504 0.768863916 1.10248888 1.375664
    1.15764439 0.844045699 1.05123878 1.59785903 1.53989315 1.23042166
    1.63601768 1.10451758 0.825698078 1.65840864 1.48564529 1.54683089
    0.96281898 1.30133843 0.611095011 1.37794185 1.29794753 1.7218771
    0.719144166 0.769302428 0.742258012 0.921634138 1.50285268
    0.815339684 0.668783128 1.04933977 1.6575675 1.45858037 1.4268254
    1.0815928 0.469825596 0.891456962 0.558463693 1.16340911 0.625181317
    1.50964558 1.63521552 1.71849549 1.48441315 1.75579667 0.763486028
    1.00245535 1.19112027 1.2647903 1.22054458 1.21269464 1.55979717
    1.54719627 0.715560913 0.970786452 1.16570055 1.00196016 1.11955273
    1.47304153 1.20040345 0.976314604 1.40290654 1.61459625 1.66593003
    1.50011122 1.06237984 1.24036789 1.09532094 1.18058097 1.56919134
    0.914125979 1.37246311 0.936637163 1.0752883 1.39557445 0.83753705
    1.5394522 0.945723653 1.09961855 1.03340173 1.4305582 1.76531839
    1.4463383 1.85826409 0.99234879 0.940921783 0.976965308 0.832366943
    1.64343786 1.61601865 1.22283995 1.21556032 1.02967894 0.710908711
    0.746450245 1.5898087 1.50238752 1.45723045 0.701614261 1.3975327
    1.2855351 1.44864666 1.40178335 0.731330216 1.47468126 1.74078107
    1.09406686 0.500283182 0.469033003 1.16675949 0.870538533
    0.609602809 0.800403535 0.53104341 0.706327498 1.12671483 1.2787782
    0.752120197 1.34358144 1.38302147 1.80505109 1.27080679 0.707715452
    0.934497952 1.50637245 1.1798389 1.08211219 0.988521516 0.724059641
    1.35459232 1.67931557 0.970976055 0.480626643 0.530406833 1.2009424
    1.1019181 1.07920504 0.855625212 1.09220433 0.824160755 1.1556356
    1.56546474 1.46261239 0.954456925 0.752946615 1.49270248 1.1344409
    1.54163408 1.27441144 1.60023344 0.688741982 1.41623318 0.880658269
    1.43677092 1.14816666 1.4711529 1.65065658 1.81683755 1.43109262
    1.46874833 0.920716286 1.45202994 1.07968175 0.694787145 1.42289555
    0.681961834 1.11701882 0.722620368 0.738016546 0.97295773
    0.670922101 1.48563802 0.827660263 1.49085462 1.52704561 1.0247407
    1.12300789 0.649442971 0.652281463 1.11300123 0.920533717 1.66795385
    1.13392389 1.53308451 1.72263014 1.37859774 0.948790789 0.587808669
    0.534971535 0.770571411 0.988398731 1.20703781 1.12175858 0.58027035
    0.561215043 0.712281466 1.27294207 1.16025031 0.748332083
    0.881934762 1.31585467 1.74564743 1.39453328 1.67394662 0.734151483
    0.610916495 1.03695238 1.22339535 1.48559773 1.74377859 1.72822511
    0.909773529 0.883926213 1.40240359 1.42830288 0.764424384 1.61556327
    1.14501905 1.65452302 0.811495662 1.10864162 0.717424273 1.49475873
    1.67103708 1.50714171 1.50766146 1.48176301 0.832754493 0.930976152
    1.47200871 0.752735615 1.43738759 1.27162921 0.918201685 0.50156045
    0.52063024 1.6876725 1.75698137 1.60063088 1.53104472 1.49445927
    1.03085375 0.866041183 1.06094432 0.861582279 1.39720273 1.39489675
    0.746254921 1.48115754 1.00985694 0.689056516 1.45710015 1.27786052
    1.06788051 1.55190992 1.32387924 1.32027912 0.578378141 0.767915308
    1.39146447 1.27180636 1.19063044 0.761424363 0.764023781 1.35033381
    0.960346878 1.23905849 0.726097941 0.60729003 1.01166093 1.16849327
    0.715480328 0.640086472 1.67632818 1.38636339 0.596855283 1.20570433
    1.64357889 1.45614636 1.54990673 0.604483783 1.43707633 1.66852903
    1.18407393 1.57516551 1.27637589 1.39320648 1.45891631 1.63142765
    0.633009851 0.536697924 0.526144743 1.05327344 1.36682212
    0.921916366 0.695904195 0.716536045 1.07601142 1.28791249 1.60532343
    1.62852001 0.784788907 0.577675581 0.642775774 1.52111804 1.10500538
    1.76238918 1.56819141 1.68286669 1.65876722 1.30650008 0.795358539
    1.28231537 0.80808115 1.71512687 1.35556877 1.05412662 1.27637196
    1.48300004 1.81895292 1.69052756 0.992652476 0.73416841 1.11214483
    0.670463443 0.749031663 1.61816537 1.16581988 1.01038241 1.13084984
    1.4386797 1.52367592 1.13924479 1.01665592 1.15301669 0.675890267
    1.4229337 1.60063148 1.05794585 1.73823237 1.31988013 1.10076344
    1.34367442 1.61555028 1.58818376 1.21984732 0.965186417 1.25564289
    1.18902671 1.73109961 1.50060308 1.81315899 1.77159464 0.950877249
    1.46312499 1.30790448 1.52087235 1.36312079 0.86128968 1.0875442
    1.42603683 1.30111146 0.604536295 0.819207668 0.67549324 0.927907825
    0.873431683 1.52333283 1.42217052 1.14865851 0.715033591 0.527043462
    1.12065077 0.680483341 1.49192822 1.45161951 1.7979728 1.32177818
    1.48246622 0.971574247 1.33684516 0.833645761 1.47738934 1.33886933
    1.72830141 1.85389042 1.77251244 0.643281221 0.406526387 0.655615807
    1.41347444 1.48707724 1.50632811 0.787793815 0.761181355 0.777764857
    0.767876029 1.52011919 1.04929447 0.95360291 1.52908969 1.23082268
    1.19593859 1.63894546 1.501562 0.677517593 1.3531574 1.2991004
    1.13031948 1.59696424 1.39039719 0.820096612 1.67971742 1.85166073
    0.94440484 1.27989066 1.38720143 0.934057295 0.993309855 0.756336629
    0.922978103 0.706498921 0.882360995 0.863360167 1.07271516
    1.01150167 1.62712443 1.58679354 1.513798 0.723197103 1.15599358
    1.60536087 0.956742108 1.32332122 0.622270823 1.37738025 0.962894559
    0.89135766 1.11599243 1.10696626 1.40991879 1.56379783 0.729106545
    1.13642836 1.43066835 1.7649349 1.64232337 1.46476614 1.38903558
    1.29146159 1.19592786 1.10820186 0.587236822 1.3879832 0.751591861
    0.876554012 1.18352532 1.62174428 1.10362887 1.08949065 1.30514503
    1.14170754 0.789948225 1.31181419 1.59944797 0.799008787 1.82660317
    1.75242019 1.61282992 1.77017784 1.37668109 0.773134112 1.17897427
    1.68084908 0.701852083 0.774014056 0.618431747 0.644982517
    1.37210882 1.65021932 1.06445217 1.24645913 1.2163409 1.19771338
    1.50731552 1.10806942 1.46214926 1.11882234 1.37773907 0.830530524
    0.476237178 0.642243326 0.774861932 1.0309422 1.17292857 1.44007802
    1.43546212 1.41238165 1.18475461 0.763621747 1.15214586 0.976813912
    1.03112435 0.910095215 1.58029139 1.63283467 0.808819652 1.59299064
    1.25071263 0.744419515 1.47376728 1.63865829 1.61908865 1.05314493
    0.713243783 1.37884927 1.01943266 1.51314151 0.728781283 0.588872552
    0.673741639 1.14486253 0.932186186 0.796305597 1.09934378
    0.869783223 1.52844691 0.700475276 0.724285901 1.56459713
    0.697591484 1.06393731 1.66465104 1.49949563 1.20802486 0.675846279
    1.20931339 0.991785765 1.22189939 1.24835479 1.17621374 0.769874454
    1.40637445 1.22225261 1.41064882 1.15123022 0.68882668 0.761226654
    1.23686016 1.45472765 0.901662827 1.28632557 0.565316439 1.47264183
    0.672814786 0.991767764 0.816554129 1.0693574 1.44241416 1.05240548
    1.64559233 1.18039608 1.66766179 1.27511716 1.44786739 1.43527043
    1.67725778 1.18148184 0.78674829 1.5429486 1.44517541 0.676357925
    0.612944245 1.36659765 1.24030864 1.54455447 1.10100818 1.20689738
    1.21718872 0.892476618 1.08743489 1.45739269 1.71588099 1.60656536
    1.24087524 0.792796433 1.2187885 0.871396422 1.34867787 1.491997
    1.64478827 1.15481675 1.08413303 1.21040821 0.993016422 0.820643067
    0.63893801 0.916229486 1.00832319 1.29592872 1.28880525 1.46203566
    1.56041384 1.76664257 1.4177053 1.72842026 1.32103896 1.26650155
    1.09650123 1.42091703 1.2554189 1.36169219 1.26065624 1.0967859
    1.25777078 1.6043663 1.38412106 1.45353091 1.28711236 0.986486316
    0.561203718 1.01351821 1.07692862 0.617677987 1.51432419 0.931232691
    1.16940916 1.05293655 0.642689943 0.985550165 0.879319549 1.28575885
    1.64668679 1.32493532 1.77356076 1.2173537 1.69484603 1.38457227
    1.09919155 1.18197346 1.15070522 1.55609989 1.44410384 1.00221658
    0.533361554 0.926025808 0.965819597 1.22859752 1.66537797 1.09056103
    0.988254607 0.678489566 1.24664319 0.998877525 0.895229638
    0.836653411 0.831279695 0.860537827 1.11847532 1.171489 0.837160528
    1.11718333 1.66459525 1.18454385 0.945681453 0.654666007 1.6183145
    1.02622855 1.42955458 1.8283056 0.864273906 0.699772298 1.1980443
    1.0205555 0.750109196 1.48131239 1.43955314 0.60314697 0.803834438
    1.23506272 1.28353918 1.66941535 0.810961604 1.57522058 0.868317902
    0.993577838 1.24227655 1.58804846 1.63544071 0.969508767 0.997850299
    0.48381713 0.707123995 1.02145815 1.43205857 0.711734891 1.55521822
    0.600175858 0.738896132 0.592435539 1.26282001 1.46340954 1.62901568
    1.84252036 0.978595495 1.69538033 1.20713067 0.86418581 1.14949358
    0.610701919 0.639197409 1.28368974 1.37602615 0.808030844 1.50262284
    1.03490567 1.37064099 1.08982205 1.26463127 0.898674369 0.987771511
    1.3466301 1.07531929 1.36675906 1.4463011 1.18072462 0.89671284
    0.628752887 1.11234856 1.05334091 0.921897054 1.17574143 1.31725824
    1.57716203 0.896772683 1.21224606 1.1488142 1.21217322 1.15830553
    0.832969189 1.28908169 1.09624004 1.05171633 1.0357511 1.12756169
    0.9521631 1.34099042 0.762176812 1.20682335 1.35255444 0.956447303
    1.16420877 0.749962091 1.52028513 1.11687994 0.662595689 1.43214941
    1.44377446 1.38935494 1.12566817 1.78841698 1.38509464 1.48982489
    1.22509575 1.70195925 1.13899088 1.45193326 1.21396303 1.19740272
    1.47729969 1.72615635 1.31815183 1.5379945 0.853026628 0.749472678
    1.07208073 0.639984369 0.800271988 1.4257369 0.880941212 1.56297457
    0.606903493 0.816949129 0.521810651 0.980676115 1.38038182
    1.10277569 1.01572561 1.0470196 1.82718909 1.74962902 0.948210537
    1.0156796 1.39086223 1.64884472 1.65472996 0.872731686 1.60089004
    1.5674299 0.903127551 1.58826447 0.744710147 0.626044691 1.51382923
    1.43047833 1.62631595 0.938604057 1.0897969 1.02876282 0.817531705
    0.982699454 0.485345691 1.34852147 0.576200306 1.40150964 0.94584316
    1.6455934 0.817602038 0.892275572 1.35327291 1.75491357 1.67490292
    1.33977175 0.852608085 0.699781775 1.35541022 1.04831314 0.84316355
    1.35731888 0.952644587 1.74333596 1.51462221 1.41815484 1.55001843
    1.69318414 1.03177118 1.10470676 1.54681754 0.888124526 1.21243155
    0.835238397 0.848794401 1.13028097 1.28515983 1.69905555 1.01247013
    0.612543583 0.77394098 0.657413542 0.613501191 1.43380606 1.10342264
    1.07699084 1.13002849 1.45819664 1.4648881 1.13295591 0.975557327
    1.68996882 1.46930921 0.750346601 1.13727915 0.83638984 0.754191756
    1.1788758 1.16691089 1.38729525 1.60070622 1.07171857 0.690178752
    1.49645936 1.22333729 0.760740936 0.838018835 0.996989906 1.49935567
    0.604318082 0.5217821 0.45357281 0.601731777 1.20679593 0.785280526
    1.46496809 1.62905014 0.839716613 1.65003312 0.935616493 1.18738389
    1.79886031 1.25159037 1.62408566 1.09179473 0.789281785 1.71397269
    1.24951458 1.07740819 1.61785746 1.70924342 1.57386744 1.04110432
    1.03111863 0.546624005 1.36820281 0.683138967 1.32744396 1.07433152
    1.09620082 1.53471327 1.06281054 1.35865879 0.937529147 1.49078786
    1.48562253 0.687355161 0.866909146 1.14558208 1.39214265 1.49450016
    0.989150763 0.990083158 1.22721767 0.753709733 1.19872057 1.72471821
    1.70643568 1.43349111 1.08386326 0.976706088 0.9970873 0.918254256
    1.18738651 1.23978603 1.09384727 1.42407906 1.65415561 1.08228815
    1.21113014 0.808371723 1.0941689 1.56019461 1.16688335 0.973747432
    0.622371376 1.08528173 0.681378901 0.644980073 1.15364885
    0.959192693 0.526055276 0.613898933 0.699285269 0.685224235
    1.36040521 0.988903463 0.924024224 0.766199648 1.56364453 1.7464304
    1.31456304 1.29474163 1.48759151 1.23459113 0.962522209 1.42804527
    1.31103373 0.897758603 0.670162857 1.20967197 1.06925666 0.650200665
    0.853257656 0.932742357 1.72535658 1.1738708 1.4925009 1.1811769
    0.745305181 1.35350716 0.863130212 1.46484709 0.701368928
    0.623372138 1.38550389 1.54771566 0.970538318 1.23385739 0.7766608
    1.52136695 1.45539868 1.24386585 0.504727006 0.902172863 0.516525924
    1.35201705 1.47235382 1.46095502 1.21962762 0.974363506 1.60454702
    1.3064419 0.986603439 0.988236606 0.858369112 1.21964657 1.66396403
    0.800657749 1.01627648 1.68617046 1.47470987 0.883417904 1.08487475
    1.27951193 1.03680325 1.00969255 1.55155563 1.81761432 1.53263426
    1.14158952 0.79709661 1.18301332 1.79892993 1.41264546 1.44366312
    1.29624248 1.32979596 1.40590382 0.928775549 1.33192563 0.715134382
    1.15508819 1.58674467 1.53921866 1.63331783 1.26299095 0.706891
    1.59929335 1.0079633 0.722465694 1.13390577 1.50680542 0.826598644
    1.02637911 1.35906899 1.109164 1.64398539 1.7487067 1.66075289
    1.38368881 1.16843736 1.69632959 1.56834304 0.684873223 0.906132519
    0.983200192 1.65464413 1.53532064 1.4115572 0.583214402 0.780777633
    1.01981735 1.05951214 1.70436716 1.61594927 1.42054665 1.30395436
    0.677552044 0.754819453 0.497920692 0.866348565 0.589235604
    1.38142383 0.964311659 1.65048814 1.69051266 1.11979425 1.3513788
    1.5564338 1.69876146 0.801108778 0.997128129 1.08046865 0.867852092
    1.00312352 0.921522379 1.25867963 1.02025318 1.6900692 1.02126503
    1.00761807 0.723962724 1.68037987 1.71430266 0.920744538 0.892674625
    1.56199014 0.779830217 1.3201493 1.00572813 1.36682773 0.839817464
    0.878176868 1.10681784 0.574495435 1.25405097 0.953059137
    0.746671498 1.61075699 1.60006571 1.13144982 1.30694473 1.63204527
    1.13821197 1.82705677 1.61901009 1.54700303 1.37763548 1.70054173
    0.689148009 0.880593061 1.44443297 1.13396132 0.820551217 1.5700953
    0.844231009 0.751201451 0.854138136 1.54105306 0.828751802
    1.22973466 0.855819106 0.834312856 1.20535052 1.62985003 1.30550814
    0.631802082 0.562092066 0.868550956 1.61370325 1.34198856 1.04618227
    1.44153655 1.09576261 1.43390036 1.32779276 1.41204596 1.33178997
    1.34218085 0.874510229 1.35124338 1.50955439 0.774192274 1.18379521
    1.04523122 0.976123154 1.14963436 0.723076999 1.05883574 1.31860292
    1.04844999 0.801066458 1.2256366 0.663875937 0.881860018 1.02199125
    1.44609869 0.777551591 0.795497715 0.83966583 0.593857706 1.09784317
    1.59326792 1.67426813 0.76945442 0.979694605 1.78503692 1.5282197
    0.71402055 0.871991754 0.868709803 1.04992247 1.43179548 1.65038311
    0.912255287 0.577726543 0.589381337 0.706375241 1.15365338
    0.785991967 0.813797832 1.52625275 0.883357763 0.888692498
    0.850213528 1.3223964 0.96344763 1.51461542 1.64163446 1.40028846
    1.06065118 1.56060779 1.42243099 1.64420581 1.26883769 1.47876
    0.580336034 1.06199121 0.824287593 1.53774154 1.55807745 0.988738894
    0.654059052 1.27808344 1.37860954 0.977524281 0.828493178 1.64054334
    1.72216511 1.38384223 0.938300312 0.621560216 0.880294621 1.72257411
    1.78837287 1.76098192 0.966751039 1.20230722 1.16304886 0.979391873
    1.50717378 1.90356159 1.76693726 0.853200376 1.18190479 1.12563908
    1.22238088 0.964329064 0.587770581 0.737488985 0.941292644
    0.87471503 0.827979863 0.518024087 0.745802164 1.70597422 1.0425086
    0.793435574 0.71008563 0.658350706 0.405241668 0.507327795
    0.600301087 1.57390857 1.34330118 0.943982601 0.838420987
    0.755489349 0.514845252 0.807706833 0.724715948 0.612420559
    1.41221225 1.08181167 1.70692897 1.85482633 1.33941436 0.699028134
    0.712631226 1.13163483 0.59941411 1.47875404 1.56050968 0.959458351
    1.62798095 1.07194221 1.32498646 1.82244098 1.7700423 1.74516106
    1.72088552 1.26448846 1.06850994 1.08783221 1.02131057 0.796615124
    1.10009205 0.940366387 1.47513127 1.31162858 1.07046938 1.22619784
    0.917671025 0.627631068 1.23936117 1.1060729 0.700104535 0.993870676
    0.930772722 0.996977687 0.603888333 0.812295854 1.61209118
    1.08684516 1.5997051 1.12601531 1.18573821 1.36317158 1.60228336
    1.28748465 0.670474291 0.927861512 0.668994427 0.745698154
    1.18477201 1.07212019 0.558289766 1.20762777 0.874390125 1.78465664
    1.82551694 0.981609583 1.12580431 0.689409673 1.08223724 1.03349602
    1.38218164 1.46460915 1.03859246 1.13150311 1.42960322 0.786635518
    0.772326112 1.01872146 0.97966373 1.19034481 1.55959702 1.07498193
    1.05754471 0.641777217 0.859805346 0.965400517 0.573005557
    1.11918426 1.32079422 0.665266991 0.636451662 0.832796991 1.64376891
    1.51704562 1.42387712 0.825241446 1.09424984 1.15605998 1.40963233
    0.721731067 1.10458469 0.977819204 1.09104896 0.946583748 1.10991657
    0.632648885 0.618606687 0.87365365 1.2726202 1.67129838 1.4529891
    1.57881808 1.20080841 1.61219358 1.36549354 1.86363602 1.44483495
    1.43408883 1.69713974 0.832493246 1.43126118 1.62852716 1.38320935
    1.69824123 1.5533911 1.69023573 1.04508138 1.60772765 0.944438457
    1.73197091 1.59946632 1.28160346 0.855684519 0.668005109 1.23275566
    1.67911911 0.850112379 1.61633515 0.946452022 0.821771741 1.43653321
    1.0231638 1.08623815 1.47355878 1.25380087 0.897249699 1.15672064
    1.19488513 0.863227189 0.633640528 0.73136574 0.590777934 1.49168038
    1.574067 0.918376327 0.796973467 0.928130329 0.924758554 1.3154676
    1.7779758 1.69553256 1.58494699 1.63329494 1.20069408 1.40720856
    1.31074643 1.12231338 1.28249526 1.17005599 0.697770536 0.700450778
    1.26040101 0.673911452 1.0167098 1.56272364 1.06651378 1.60058475
    1.83224702 1.37942505 1.30795538 0.675897121 0.745192885 1.23432815
    0.96925056 1.47116327 1.35379565 1.11407518 1.34076333 0.535969138
    0.742122054 0.735632181 0.774774253 0.607439041 0.702815235
    1.49715757 0.808771849 0.93189013 0.858700871 0.932499468
    0.669626236 0.730750859 0.916083276 1.32438767 1.73470247 1.35080969
    0.921471 0.845832646 1.69636083 1.60329783 1.42457962 1.19362307
    0.914053977 0.829717934 1.60947621 1.76607835 1.70097983 1.23137808
    1.57166481 0.911089957 0.94579041 0.823259532 1.56518698 1.67894936
    1.87357497 1.45466542 1.14295375 1.36363387 0.745398045 1.08015954
    1.52884829 1.48080027 1.90707266 1.81724846 1.52649832 1.64044559
    1.68458426 1.02885187 0.976746917 0.947440922 1.15824974 0.871138215
    0.853002012 1.38556588 0.939117372 0.731812119 1.48577559 1.37610579
    1.01238477 1.41554093 0.719184279 0.709843457 0.79291594 1.00252628
    1.23322582 1.64303684 1.40149617 1.08170855 0.7164976 1.25474656
    0.878601551 0.966750979 1.25397372 1.04156458 1.04115248 1.7163173
    1.42915595 0.836086392 0.603225768 0.826149523 1.14370573
    0.536376238 0.552980065 0.886286974 1.55132914 1.22486925 1.35865867
    1.28879213 0.908689022 1.89962912 1.29437816 1.32926822 0.658957064
    1.31955588 0.945050776 0.622508228 0.769238055 0.994318604
    1.27386796 0.659651339 1.35329354 1.24176764 1.07978857 0.609757245
    1.4351083 0.758404613 1.53613782 1.23570907 0.696869433 0.630642235
    0.521629274 0.802204013 0.650625587 0.908103943 1.20836699
    1.59280097 1.62547338 1.66511345 1.06413126 1.045946 1.30957973
    1.02378154 1.53766346 1.24060321 0.54788202 0.621609032 1.1909678
    0.643065214 0.466475397 1.14694726 1.20068574 1.73802495 1.38064814
    1.0216974 0.835045993 1.72192883 1.26433218 1.24676228 0.993224263
    0.631962299 1.18732202 1.0272274 1.2825712 1.4865551 1.56116903
    1.42162704 1.37366748 0.581002414 0.586014688 1.35737348 1.4983542
    0.543699563 0.759492815 1.05707371 1.50695932 1.05131364 1.09927142
    1.56124151 1.22727191 0.88205719 0.917715847 0.72987324 0.624790192
    1.56786621 1.08795464 1.26489711 0.694892704 1.0660826 0.646782458
    0.735183299 0.540158927 1.26758552 1.36416173 1.10613334 1.47995877
    0.840301096 1.52029252 1.00696766 0.848087072 0.57878387 1.56680155
    1.53091013 1.41915393 1.73354709 1.76016462 1.50683975 1.16712415
    1.61206973 0.702385426 0.873325944 0.847544849 1.15647721 1.27021492
    0.578334451 0.921570599 1.56995583 1.63504457 1.69026756 1.38029206
    1.54418814 0.822360277 1.19803417 1.82461238 1.67689574 1.33379817
    1.27104139 1.61556613 1.14474666 0.723456621 0.855499625 0.773271263
    1.07672358 1.11406457 0.898132503 1.03436446 0.919009149 0.979199231
    1.19451642 0.764188468 0.746334434 1.65924513 0.664858997
    0.561401546 0.567295909 0.987584114 0.979452074 1.11954749
    1.36585486 0.734056413 1.10084045 1.38302851 0.710503817 1.001387
    1.37623405 0.973998368 1.10742414 0.842760682 0.896868289
    0.981052995 1.24223638 0.962175548 0.846271873 1.22709358 1.41075647
    1.46525061 0.966480553 0.698135257 1.09363306 0.761986911 1.07146335
    1.47347903 1.34528732 1.57423079 1.5729419 1.08433008 0.937204778
    1.35393715 0.923941553 1.32234824 1.62108779 0.875882089 0.895675242
    1.37543631 0.771074057 1.29756403 0.984297872 1.0398494 1.34317076
    1.08550274 1.43292069 1.10794759 1.09600198 1.59307039 1.49072957
    1.779459 1.52437603 0.956571102 1.34416497 1.42390132 0.641337633
    1.03654897 1.07152271 1.21542287 0.61175549 0.64243722 0.952555299
    0.514000118 0.629090726 1.05389822 1.48374665 1.79764199 1.02638113
    1.46847701 1.34568036 1.22907591 1.29142892 1.55315208 1.210132
    1.42712545 1.56754363 1.38334274 1.60184693 0.869713008 1.72287488
    1.57449424 0.99759835 0.826476932 0.961725652 0.623194098 1.28830314
    1.00429857 1.68899012 1.65689158 0.942555964 1.11280918 1.03432763
    1.52580333 1.30555511 1.31759858 0.789274096 0.90915221 1.08450174
    1.08591747 1.63389373 1.02376521 1.34964204 1.38624918 0.827877223
    1.51182282 0.719165146 1.41117728 0.906972706 1.62971354 1.22558594
    1.51859701 1.42792785 1.70388079 1.01356041 1.1551652 1.31131816
    1.68425369 0.756975472 0.908670306 1.21117008 1.75044501 1.36508441
    1.85893023 0.843159616 1.17735004 1.19374454 0.955041111 0.534225821
    1.1634407 1.15106761 1.40625644 1.09947491 0.877126813 1.45585752
    1.30563605 0.935702622 1.52466619 1.45920372 0.638207614 1.35564566
    1.34298944 0.584035397 1.54325247 1.29151833 0.930621266 1.13094079
    1.62199628 1.5887754 0.847566903 1.39091206 1.57564354 1.32144499
    0.899182796 1.26232994 1.45909989 1.46373582 1.21909809 1.14037931
    1.371907 0.656742394 0.846668661 1.01725745 1.52726233 0.992772579
    0.891212344 0.939198852 1.41611159 1.47852564 1.407794 1.02806067
    1.12640524 0.493043751 0.902833104 1.56162059 1.2060951 1.66644371
    1.7346164 1.15620613 1.31351042 0.879407406 0.632546842 0.807192862
    0.924200654 0.572653949 0.99395591 1.29045808 0.97806406 1.5116024
    0.657872796 0.8398875 1.42980933 0.981789768 0.915159285 1.35476601
    0.786137819 1.38050747 0.952849627 0.586948037 1.27772999
    0.616360903 0.7819103 1.16797054 1.28107953 0.715436935 1.24783301
    1.31284237 1.03746605 1.58842754 1.4068923 0.864038289 0.505827308
    0.458843887 0.579699814 0.804850817 1.62625611 1.46362054 1.62752283
    1.30459619 1.43272817 0.763230085 1.59784591 1.52517891 1.24404526
    1.3986783 1.58447683 0.688396096 0.57850194 1.21128023 0.934147477
    0.891399324 1.77694035 0.990726113 0.603730619 1.01383579 1.74659467
    1.34668291 1.25480068 0.776399076 1.33666801 0.991204679 1.44469726
    0.657576203 0.767033815 0.629221082 1.60211468 1.18473315
    0.785653174 1.41378117 0.770891309 0.76813215 0.727884293
    0.599906981 1.61567819 1.50784779 1.52719939 0.811337411 1.37467492
    1.50682473 1.69044888 1.80628502 0.794414461 1.20435965 1.18635201
    0.916656852 1.05886471 1.1263423 1.77601719 1.50024378 1.33688843
    1.01066589 1.27958357 0.622563541 0.783599198 1.43618619 1.23788881
    1.5497998 0.830202341 1.36147213 0.85845083 0.630424321 1.15378273
    1.5747124 1.51532507 0.895387828 1.21026421 1.72825611 1.05244994
    1.71218538 1.53212368 0.935673416 1.40875578 1.41825461 1.0445751
    1.72480285 1.71199727 0.980429769 0.955709577 1.30556333 1.11449325
    1.12542212 1.6644727 1.45847392 1.75297165 1.80592859 1.31863594
    1.38264632 1.44529104 1.11322248 0.596144378 0.63464272 0.784955859
    0.714487791 0.517842829 0.681347966 1.27385652 0.492075264
    0.647205055 1.13743556 0.651954353 1.56088591 1.49426377 1.23060262
    1.84749877 1.16295052 1.5740217 0.72172761 0.559637547 0.596580744
    0.962431788 1.31792593 1.68839514 1.42170238 1.56364739 1.46486521
    1.50697017 0.822400331 1.62674189 1.39862025 0.97251749 0.877630115
    0.827844441 1.08588564 1.63140798 1.24409556 1.53305554 1.1967479
    0.858795106 1.04300773 1.08908939 1.00864053 1.03414226 1.18393588
    1.43544829 1.03901577 0.81982398 1.64852893 1.14227831 1.34711564
    0.909220934 1.3637619 0.601182461 0.661940753 0.530724108 1.36827874
    0.719521224 1.33164668 1.35884225 1.48434985 1.12340176 1.47972977
    0.972319067 1.61386597 0.881409228 0.564553976 0.775259793
    0.693962336 1.54092431 1.67892337 1.90087903 1.40036857 1.70874333
    1.65253258 1.31504345 0.686129868 1.1970576 1.00354922 1.00770092
    1.39629591 1.24777961 0.786613047 1.13982892 0.911574483 0.866749108
    0.968584061 0.593644857 0.804375887 1.11081731 0.989222169
    1.15911055 1.21751547 1.56224906 0.865817606 1.62260211 1.54938221
    1.05387914 0.779249787 0.65184021 1.27239883 1.53769493 0.991725445
    1.68699956 0.806954265 1.61449611 0.745844126 1.17044401 1.54637182
    0.651766658 0.965778291 1.73638046 1.30629456 1.33860409 0.941552281
    1.25886083 1.26487184 0.694631755 0.790758967 0.5691908 0.661621034
    1.32187891 1.25755715 1.46497929 1.58138955 1.28724968 1.6531626
    0.748604715 0.763909638 0.568145335 0.752055228 0.898135364
    1.41621602 1.55349135 1.37510037 0.987103164 1.26023793 1.37434018
    1.32761157 0.684819758 0.749430716 1.27430189 0.825584173
    0.708823681 1.20450532 1.18297899 1.2527703 0.918102443 0.803338408
    0.877101302 0.852531672 1.60121989 0.926813841 1.20045054
    0.782908261 0.929414272 1.6202513 0.938854277 1.46798825 0.823007286
    1.3624239 0.902833819 0.957484543 1.63919532 1.09041297 0.897957027
    0.658892035 1.22793651 0.737809896 0.753312826 0.867659152
    0.936516643 0.868919671 1.21758926 0.916970909 0.706721783
    1.07982695 1.52681839 0.939670622 1.76517534 1.49774563 1.0704062
    0.955270588 1.46518636 1.57234406 1.32793152 1.0519408 1.14983535
    1.66059065 1.65364087 0.987529337 0.582184494 0.633535087
    0.731339157 1.28448057 1.45452464 1.03813457 1.40603578 0.504568338
    0.587188184 0.97597146 0.73900038 0.967082024 0.713220894 1.30047119
    0.963062882 1.05800807 1.42348766 1.82190287 1.17813337 0.681237698
    0.637145877 1.11056983 1.27710772 1.41852534 1.36564279 1.83490217
    1.69857252 1.43657243 0.887530982 0.641931236 1.06835043 1.41624165
    1.46162343 0.711408019 1.54370809 1.13349915 1.56826794 1.28346038
    1.43341434 0.976736188 0.959840238 1.40761185 1.55071473 0.846556604
    1.35716534 1.21677101 0.746923983 1.39609814 1.43224418 1.12262309
    1.05668199 1.62209225 1.65714502 1.50559127 1.26597798 1.25619578
    0.820352852 1.41369593 1.44350111 0.949260294 0.941237569 1.7127409
    0.77278322 1.53617311 0.561674595 0.813264608 0.987441242 1.4491446
    0.564033031 0.502957821 0.84977442 1.01541507 0.568706751 1.10321319
    0.833203614 1.39780533 1.63803422 0.801585495 1.69055724 0.924418867
    1.6007576 1.30401075 1.06513727 0.650925338 1.22436512 0.541076779
    0.540667236 1.47102404 0.968109727 0.798090279 1.56803179
    0.998555601 1.11239982 1.20005286 1.50997615 1.2322104 0.665015399
    1.4731257 1.43254185 0.936023712 0.742022395 1.60443223 1.19236422
    1.76693988 1.76849329 1.60235369 1.51305175 0.769884527 1.31175411
    1.0957799 1.27878964 1.26360488 1.43870735 1.4266367 1.22261429
    1.25309265 0.626703262 0.711475313 0.710568547 0.906365693
    0.530434847 1.30781531 1.34043097 1.74488938 0.915164053 0.672683418
    1.53357244 1.83297527 1.60899627 1.30240071 0.714283168 0.437400401
    1.14614594 0.629995346 1.76713574 1.85901487 1.6829859 1.51685917
    1.26506281 1.49599409 1.41752148 1.48985219 1.30520999 1.66495192
    1.29133201 1.60134149 1.1178242 1.66802025 1.32090318 1.32234991
    1.28919411 1.26030755 0.672447503 0.938473284 0.818046212 1.58017814
    1.13235068 1.44699943 1.21430409 1.590958 0.90490675 1.23347211
    0.508862376 0.486311316 1.28458738 1.25646031 1.64411712 0.837212563
    0.715585709 0.959845722 0.809398413 0.618667781 1.4158293 1.67857838
    1.37206757 1.22176969 1.73643625 0.67250073 0.659754097 0.592615724
    0.623337209 1.357674 1.33208203 1.24139893 0.810504258 1.65352559
    1.45454848 1.04296744 1.26771927 1.89343095 1.87234688 1.8938576
    1.27637184 1.31969166 0.786215246 1.48206329 1.11434615 1.28430057
    1.2696414 1.65268481 0.719684422 1.09531569 0.689643443 1.09391701
    0.645219922 1.2538774 1.07648623 0.654771805 1.38148749 0.725982547
    1.54185247 0.975604475 1.29215646 1.36443281 1.25183332 1.51765811
    0.696637988 1.17952657 1.00444758 1.57639968 1.56427908 1.52971601
    0.666823626 1.17936182 0.754680634 0.607799947 0.704548776
    1.61200237 1.11265242 1.52633727 0.641909778 0.530034602 0.43998006
    1.02041531 0.596744955 0.87833339 1.42011952 1.55426645 1.53502715
    1.159688 1.07172811 1.65468669 1.46830726 1.29596901 0.97661531
    1.7971338 1.54199839 0.606023669 0.767589867 0.663553417 1.00138044
    1.3809334 1.64867818 1.92852056 1.85072124 1.44711316 0.913028419
    0.665037453 1.59430766 1.07696426 0.71064043 1.39341545 1.24371195
    1.05478871 0.736557126 1.66679299 1.39463127 0.648142993 1.61599433
    1.4416225 1.39214194 1.50558162 0.814793885 1.3904388 1.67959166
    0.665392399 0.758282542 1.54913402 1.56872594 1.37431157 1.40040255
    1.04301381 1.45281327 0.737103701 0.705102265 0.407612175
    0.428006381 1.05685687 1.37240839 1.35190356 1.3851372 0.802464247
    0.805319786 1.33654499 0.796644628 1.77794421 1.59030414 0.793261588
    1.49571371 0.798723459 1.14621961 1.03250265 0.803889334 0.793643951
    1.56615651 0.637336075 0.714418948 1.38391984 1.08985317 1.4552449
    0.67291522 0.578321517 0.738440514 1.60281479 1.46451354 1.32586968
    1.63907051 1.43058527 0.890049756 1.30200136 0.804751575 0.377151996
    0.373156935 0.496785641 1.34069812 1.1226877 1.27675903 0.563566387
    0.901129007 0.733730793 1.37263525 1.01735377 1.4367156 1.60105503
    0.703239799 1.73902178 1.64975762 1.01237667 0.685240448 0.497827798
    0.87006402 1.05136549 0.535731852 0.997377336 1.43238747 1.2418555
    1.59537828 1.10050893 0.723816097 1.62536025 0.892891824 0.944507778
    1.30216455 1.33935177 0.78845042 1.53965044 1.10187602 0.920391917
    0.728937328 1.33379865 0.970827401 1.09290946 0.734514475 1.45258439
    1.04840326 0.736366332 0.916864276 0.973286808 1.40405393 1.41365004
    0.937633872 0.645693362 0.714154899 1.14224458 0.76487422
    0.519285381 0.488306552 1.08786762 1.81635594 1.60160577 1.26496077
    0.771596789 1.23071444 1.41903162 1.49112451 1.07692266 0.690630138
    1.24375272 0.465946257 1.45928836 1.03067338 1.91634214 1.59940445
    1.76605892 0.890036941 0.613529086 0.841455638 0.667723417
    0.788619518 1.61578786 1.5696156 1.36207557 1.76126814 1.55751467
    1.56311595 1.08668244 0.555017412 0.695216 0.772263229 0.885623753
    0.594640553 1.44238806 0.796732783 1.6345216 1.10405552 1.49029875
    0.894999087 0.610080898 1.36204398 0.59329778 1.07046878 1.78189743
    0.776754618 0.989681661 1.0450629 1.45430768 0.572706819 0.690389514
    0.871634662 1.14214587 0.789413273 1.5373596 1.41879523 1.11074448
    0.916939914 0.796195149 1.42964816 1.67086291 1.37999296 0.856222391
    0.890755713 1.52191877 1.52073562 1.43449092 1.36865139 1.81618631
    1.94755423 1.73492432 1.54838526 1.40099299 0.981694162 0.650000393
    1.43190551 1.77582669 1.30642974 0.804115593 1.08803594 1.0205735
    0.441724271 0.513090193 0.579011738 1.42389309 0.980739653
    1.18648458 0.654393852 1.42536592 1.70142889 1.34114635 1.69468641
    0.972298145 0.977204502 0.763925254 0.92406702 1.36524129 1.13657188
    1.08740056 1.40731227 1.68608689 0.731377602 0.564298689 0.815541565
    0.91998744 0.737294614 1.29565346 1.42737782 0.677083969 0.449206859
    0.680035591 1.00802624 0.603702843 1.01231217 1.55711925 0.803085625
    1.79578197 1.8116734 1.51977634 0.563828588 1.12893105 0.697663844
    1.53735328 0.912368536 1.43777549 1.68101203 0.754491806 0.772466838
    0.603038788 0.550077856 1.6260004 1.66286099 1.50207138 1.34770286
    1.32070506 1.63495994 0.931069851 1.73204696 1.67923903 1.48665905
    1.00443733 1.1078155 0.792426288 1.01091671 1.77316988 1.53044844
    0.69447881 1.60590124 1.13641953 0.900228024 1.59964669 1.4977963
    0.887809932 0.941822588 1.61491776 1.48505902 1.0092206 1.54121482
    1.03363264 1.10261071 1.53648973 1.34933877 1.41177845 1.16817605
    0.581099451 0.483028859 1.12366211 1.19555128 1.12125981 1.39252496
    1.81599784 1.63400114 1.51736116 1.09494805 1.82241905 1.74744463
    1.8068974 0.94443059 1.31284678 1.08401465 0.928691804 1.24187493
    1.20936418 0.915058315 1.24152625 1.50108922 0.969762385 1.39277947
    1.20900619 0.71763128 0.881363511 0.88483125 1.03520107 1.08232808
    1.31906903 1.39929402 1.63014889 1.44233191 1.55925179 0.682656586
    0.839231193 0.435798585 0.781150579 1.46414673 0.87632066 0.51128608
    0.568968415 1.4002142 0.776368439 0.856903374 1.3883338 1.74323404
    0.862823606 1.05013323 1.38359869 1.27416742 0.785209596 0.805095494
    0.821362376 0.736200809 1.13028216 0.809405267 1.06767416 1.5583998
    0.962189317 1.5649364 1.20604765 1.18645322 1.28977787 0.763238251
    1.63390076 1.13182962 0.588121355 1.11509609 1.19564927 1.60285783
    0.780315518 1.09110773 0.60849911 1.39231944 0.854484379 0.627966702
    1.42537618 1.28319049 1.46518517 0.938066185 0.451583385 0.767228127
    0.994348824 0.67211473 0.797250211 1.59210169 1.15923548 0.614822328
    1.10941637 1.19403887 1.40541828 1.42201149 0.902543366 1.01092839
    0.647847354 1.18885803 1.76704276 1.44664419 0.892559111 1.14973831
    1.63401675 0.954981506 0.633205056 1.57453048 1.63389862 1.29000354
    1.4911983 0.970674932 0.718259871 1.38324976 1.41328239 1.53242946
    0.763161361 0.772635937 1.27409852 1.75605047 1.0644145 1.31282425
    1.03248858 0.648983598 0.762077451 1.14651442 1.17853415 0.855760694
    1.71013224 1.36732411 1.20832789 1.46275997 1.47806466 1.07133365
    0.577628374 1.25357187 0.679050207 1.76141727 1.62553704 1.16352499
    1.29467463 0.957663417 1.14905155 1.44618273 1.62948 1.54909134
    1.18468177 1.34378731 1.65393984 1.36220169 1.36122358 1.74939859
    1.61483765 1.34171999 0.851277292 1.24814868 1.42052948 1.66432917
    1.61036801 1.51268148 1.25676537 1.04600358 1.47957158 1.56668842
    1.64020026 0.839451611 1.28066492 0.784336567 1.46607769 1.63338232
    1.84252405 1.71591723 1.33004355 0.566463947 0.899642825 0.437485456
    0.868050933 1.2744807 0.809292972 1.60479224 1.76126969 0.885389686
    1.62850964 0.978614151 1.59156489 1.3471843 0.936212659 1.07357097
    0.930600405 1.05037665 1.00147343 1.1151998 1.0894711 0.709305763
    0.939927638 1.54557753 1.389274 1.09135973 1.58882523 1.5597136
    1.61004889 1.18135953 0.577956319 1.17399728 1.55615151 1.51576555
    0.721675217 1.06781197 1.3712666 0.871705353 0.982756793 1.6823405
    0.983597338 0.628336608 0.703968108 0.723384917 1.46106529
    0.981483221 1.59115052 0.775786519 1.06671739 0.453518003
    0.917294621 1.06291187 0.862230957 0.929610372 0.954835534
    0.625338435 1.4205544 1.78535795 1.1059159 1.51745975 1.24468088
    1.12280333 1.68620312 1.25669956 1.1061002 1.65436494 1.8112421
    1.48018622 1.09710014 1.62358546 1.20778871 1.01233661 0.681774318
    0.879882753 1.1117667 0.799351811 1.29073799 1.13723135 0.633261502
    1.06690037 1.007761 0.647959828 1.2045784 0.727723718 0.835636973
    0.58586061 0.542435825 1.19790566 1.26710069 1.17177546 1.17599547
    1.70611572 1.81185758 1.82701898 1.57007825 1.84190607 1.72413301
    0.910609722 1.72137427 1.39333487 1.31177175 0.979553759 0.99627614
    0.657222569 0.779808044 1.22417939 1.41033363 0.848361731 1.66026473
    1.04013193 0.80178678 0.657444715 1.5182631 1.32601476 0.674012899
    0.943921745 1.24281502 0.73611021 1.11701715 0.656019449 1.11068988
    1.71611106 1.11337519 1.29880381 1.08027506 0.956028819 1.4417547
    0.646993816 0.729103744 1.36592364 0.94583869 0.969043553 1.63711786
    1.05230737 1.72267544 1.31934404 1.15247703 1.52656972 1.33258593
    0.855936646 1.11318207 0.612680316 0.61133939 0.403642803
    0.955588102 1.27504945 1.12853539 1.05246401 1.64816141 1.51606131
    0.892546892 1.63986444 1.24937284 0.655097604 0.510716796
    0.718984902 0.99860388 0.71741575 0.600496292 1.26747751 0.849953592
    1.54932177 0.675465941 0.756777227 0.625507712 1.07260633
    0.707045555 0.868280053 0.439408809 0.652232409 0.571826935
    1.04284525 1.25781679 1.14693868 0.62239939 0.682402968 0.807605207
    0.580343246 0.741110146 1.48020494 1.00846744 1.33115232 0.614174187
    0.884839475 0.913518488 1.2803266 1.46874845 1.58376634 1.28063166
    0.963264227 1.34176481 0.71459955 1.33465731 0.98734498 0.583149731
    0.569717646 0.56690973 1.3505218 1.62057531 0.738523781 0.866748929
    0.602428913 1.1373235 1.21764684 1.22402275 0.982882738 0.542724848
    1.40352261 1.21003127 0.887499928 0.763195813 1.65429938 0.926785946
    1.71303558 1.72616804 1.08736193 0.897387028 1.4139756 1.01948524
    0.850251317 1.45746469 1.46501386 1.83480155 1.01152873 0.847831786
    1.12465632 1.13728261 1.07603407 0.825796068 0.753494263 0.646853983
    1.14249241 1.17659461 0.983217359 1.73661304 1.35115826 1.47538447
    1.20936084 1.32743788 1.66615915 1.08341408 1.44969726 1.76568675
    1.09885144 1.20164573 1.3351754 1.70847738 0.969516277 1.28043246
    1.37383997 1.38839424 1.44701433 1.35787129 1.80141425 1.92221487
    1.2007314 1.51415467 1.04065084 0.920935452 1.16940951 0.728686213
    1.44466603 1.46487463 1.12549639 1.68117476 1.31612837 1.60336494
    1.29204643 0.842781186 0.670747817 1.34825099 1.70670152 1.57456195
    1.64685857 1.04402769 0.642756224 1.09182358 1.02482319 0.691082001
    0.656294346 1.40813923 1.64390719 0.821993053 1.5063982 0.776263952
    1.19901812 0.960686147 1.1375891 1.49608779 1.54156768 1.22876036
    1.03790259 0.855498254 0.827972114 1.72882497 1.38886523 1.22968495
    1.29762387 1.20720911 0.651255488 1.23485076 1.03919291 1.07166016
    1.34910226 0.898076296 0.520207644 0.89275068 0.562109709 1.08894956
    0.760645092 0.684213996 0.840748191 1.50331759 1.3991549 1.37823129
    1.48385131 0.737182915 0.92563206 1.54884458 1.46414948 1.37530708
    1.69136846 0.88723582 1.6540519 1.3333075 0.696052551 1.24009347
    1.43309808 0.980285943 1.55320776 1.09743762 0.852197528 0.950158834
    0.540050507 0.689194381 0.517479718 0.620402873 1.08339858
    1.15075064 1.28922534 1.48909307 1.14328766 1.54792821 0.959592879
    0.762352109 1.19085467 1.36944342 1.18075049 1.82058883 1.91598475
    1.78115499 0.990388036 1.07050192 1.37508798 1.62281477 1.49956644
    1.70917904 1.47768927 0.936942279 0.868131101 0.584360123
    0.930321097 1.41735959 0.808834434 1.21263766 1.40397894 1.40575242
    1.58373034 1.8819586 1.83241868 1.0202601 1.08173251 0.776089549
    1.32619619 0.641009569 0.459109306 1.25972843 1.47712684 1.31922042
    0.764107525 0.943870783 1.44855034 1.24944115 0.935715914
    0.569515526 1.48815012 0.767075539 0.829035163 0.882595479 1.1076802
    1.58495748 1.71292293 0.854841411 1.04718649 1.71718943 0.942867756
    0.659166098 0.739358723 0.906136572 0.480225921 0.4617019
    0.796263039 1.09588552 1.07255995 1.67018175 1.51991367 1.39866745
    1.4397527 0.8032372 0.564072073 1.17014933 1.64488125 1.54508817
    0.718267143 1.48346603 1.45157397 1.45493114 0.902494848 0.6430282
    0.842999339 0.979460001 1.29832089 1.30269217 1.10081971 0.696428359
    1.29187608 0.558386624 1.43384016 1.00535035 0.533778846 0.796062231
    0.668897629 0.444053948 0.923535287 1.64531982 1.58624589 1.19639134
    1.59721553 0.675542951 1.08414245 0.87549895 1.24242103 0.88730824
    1.25244403 1.11588085 0.690982401 0.669854939 0.48976773 1.20521176
    1.12819779 0.57570374 0.877824366 0.75384891 1.30013216 0.990416467
    1.24525118 1.5978725 0.884120703 1.32462406 0.807527959 1.51330268
    1.2954247 0.521832347 0.569439411 0.898617566 1.31581724 1.36671078
    1.25675178 1.48507357 1.37953031 1.10715318 1.73052835 1.28902245
    1.40317619 1.12465239 1.31047416 0.919512689 1.44193494 1.41879666
    1.2799865 1.55931067 1.24286759 1.41853321 1.22989607 1.23913229
    0.879206836 0.988391519 1.28851593 1.62803018 0.680428088 1.31198001
    0.84463346 1.26174736 1.0847621 1.48586798 1.66696632 1.18376756
    0.748707056 1.2074939 1.25993669 1.6921767 0.838248253 1.79888391
    0.866358697 1.60325694 1.45122612 0.752348185 1.45271456 1.27602959
    1.20246315 1.82803071 1.3344748 1.18123233 0.80775696 0.730689704
    0.724125206 1.32574964 1.26799273 0.68380326 1.47748959 0.841447532
    0.581521213 0.764475226 1.1184963 0.90612483 1.05986369 1.7215873
    0.883268416 0.845280409 0.746208966 1.45432353 0.94549191
    0.649386048 1.35712063 0.698465526 1.48307872 0.944907546 1.35759318
    1.61807346 1.45186543 0.714361846 0.816238642 1.75512469 1.8699429
    1.57625782 1.44139349 1.11384404 1.05776763 1.63023305 1.62271142
    1.288674 1.41458929 1.41329324 1.67481613 1.68203795 1.13576007
    0.655902386 1.49357915 1.74732125 1.61433029 1.13651991 1.07290566
    1.48541141 1.26825261 0.792036533 0.461810946 1.03349137 0.895466745
    1.09331882 0.99769938 1.43327641 1.49627697 1.27545726 0.749309719
    1.5019424 1.63921094 0.941853046 0.997368872 1.07555795 0.653497398
    1.61698592 0.69825536 0.775872886 1.6287359 1.47773516 1.32024944
    0.642070711 0.555767953 1.24387491 0.611895204 1.21784008
    0.649656236 0.805704176 1.26391399 1.49105036 1.61804247 0.929649949
    1.05607319 1.39951468 1.38635218 1.21860027 1.52307212 1.46278048
    0.782247543 1.05900502 1.78050661 0.927911043 0.63814199 0.695344925
    0.899064839 1.51572645 1.79829538 1.48916793 1.22886503 1.10043621
    1.34605479 0.945749938 1.11610937 0.894446731 1.72081709 1.30164194
    1.10371006 1.64561355 1.65899789 1.26313126 1.55853808 1.65557349
    0.692367017 1.3567729 0.723223209 0.489394695 0.680484533
    0.697096884 1.72630477 1.14046359 1.53417683 1.6679709 1.85390389
    1.14859796 0.774676144 0.491207719 0.89616853 0.987707317 1.23679364
    1.21323776 0.732578993 1.66276228 1.83084345 1.55959773 1.48142195
    1.55981004 1.25933278 0.671058953 1.34980083 0.933646381 0.468894869
    0.572887421 1.45745993 1.44660115 1.42702949 0.859617233 0.840902269
    0.888013303 0.53867811 0.785879791 1.34614074 1.07739472 1.08638859
    1.32398617 1.29360998 1.39116609 1.78632355 1.82022393 1.13734567
    0.894296765 1.26158571 1.28704953 1.40401125 1.11872113 1.5633297
    0.681525111 0.931687832 0.840080559 1.4172529 1.57566476 0.610618412
    1.26029217 0.944347799 1.06039369 0.906973958 1.33019221 1.75266683
    1.15388346 1.76399064 1.63382006 0.896692455 0.658820271 0.598940432
    1.32553566 0.946551919 1.05222523 0.48987779 0.263254046 0.581210136
    0.987969995 0.762827218 0.811190486 1.27700305 0.549664974
    0.978617072 1.35967839 1.06389737 1.68599808 1.62367022 1.74208951
    1.65605342 1.08653617 1.49082506 0.770664513 0.805058956 1.23944104
    1.58512068 0.69685179 1.05001473 0.847127259 1.21123254 1.53409243
    1.24021566 1.65748954 0.74432534 1.23905826 1.0822401 0.914235055
    1.51985753 1.89425874 1.90050173 1.70731628 1.25600779 1.68547571
    1.28601646 1.68292344 1.08707833 0.616536319 0.611893773 0.91032666
    1.28923535 1.45472062 1.02028799 1.19358432 1.175578 0.73736006
    1.64227092 0.928625941 1.56603634 0.913344204 0.874780655 0.63811022
    1.71996748 1.7986629 1.83288705 1.5100162 0.77369076 1.59535253
    0.954193473 1.27003038 1.02598834 1.54479957 1.3180666 0.985083163
    1.01875532 1.31345546 0.674641907 0.896424949 1.05272996 0.937396348
    1.09514153 1.11831546 0.749620199 1.0533402 0.691755414 1.26792848
    1.38597476 1.14517879 1.61557555 1.34152114 1.32545388 0.852835119
    1.24611259 1.07442951 0.665534794 1.41157663 0.783244967 0.648328483
    1.43124604 0.80842948 1.0926857 1.32822895 1.71950543 1.8388015
    1.87816858 1.75827348 1.19591022 0.793097973 0.946776927 1.55566299
    1.12337375 0.968260467 1.74755394 1.80353308 0.918044329 1.61621356
    1.21082139 1.58486605 1.07475543 0.985760629 0.932479143 1.36141205
    0.959355772 0.757907867 1.435637 0.57475096 0.930815101 1.02206206
    0.521267951 0.737022877 0.742365479 0.991259694 1.64228356
    0.803036094 1.37511325 1.41370332 0.670167625 0.625775754 1.5221802
    1.4153862 0.917265594 0.85362494 1.62471938 1.02745068 1.18361902
    0.847347975 0.523792505 0.567586184 0.935311854 1.12109339
    0.698409081 1.48368442 0.863850653 0.982748687 1.10466492
    0.703761041 1.10739374 1.51796794 1.48290443 1.51634121 1.74738371
    0.792022943 1.01794636 1.56578267 1.41493618 0.917441249 1.36356723
    0.951315522 1.30176461 1.10059762 0.712909162 1.6365943 1.49559867
    1.47522473 1.02999699 0.867090464 0.876536548 1.09198117 0.642264426
    1.26240885 1.22637391 1.64055812 1.28302932 1.47341275 1.69329679
    1.65258753 1.60575652 0.898793995 1.43802893 1.67470169 1.13516963
    0.548297644 1.18969488 1.52348673 1.60798752 1.81572747 1.75369275
    1.8072437 1.69597745 1.52741277 0.916504145 0.876294792 1.52072597
    1.06276047 0.931192935 0.831875026 1.15049756 1.43105745 1.18734193
    1.5811249 1.52997804 1.63094902 0.895194292 1.7094903 1.70388091
    1.1850878 0.862757742 0.726726472 1.54029167 1.06205118 1.12099981
    1.50920558 1.40531206 0.934752285 1.01793134 0.953256845 0.680149615
    0.72383666 1.39485168 1.67491019 0.919518769 1.36494744 0.929940283
    1.63090444 1.23199916 1.10420835 1.33592439 1.00708401 0.872107565
    1.27393997 1.01196253 0.711800814 1.40849435 0.881838739 0.665456653
    0.869630575 0.692362428 0.916236281 1.09685838 1.13825178 1.4750948
    0.999681354 1.02401924 1.10552144 1.51569474 0.710461497 0.776332021
    0.375847876 0.58850199 1.44362533 1.10117245 1.24863386 0.633001566
    0.332345992 0.639836669 0.918699086 1.16612768 1.58339977 1.38606203
    0.627350211 1.49150562 1.77242434 1.47115386 1.31445038 1.45036399
    0.685835838 0.954247415 1.33773792 1.42399263 0.812011421 1.50241923
    0.922417939 0.887322843 1.2724303 1.5789268 1.47982967 1.14831781
    1.28494728 1.71811283 1.13512945 1.00346875 0.800187647 1.21368253
    1.67433572 1.26741707 1.60155094 1.62068546 1.18029583 1.0596199
    1.19469535 1.015674 1.34727764 1.1744312 0.647351265 1.39839423
    0.738117874 1.69415677 1.71354556 0.804707289 1.46285987 1.23922598
    1.09225655 1.55142248 1.64982176 0.896030366 1.60007 0.629473865
    1.09431124 0.934516311 1.52255476 1.50566292 1.46655941 1.28510487
    0.690976202 0.894821167 1.56223321 1.22393107 1.37703216 0.723930657
    0.948427677 1.21605229 0.701805174 1.49639499 0.608818352
    0.591641605 1.35719025 0.707721889 1.24535811 1.24236226 1.16838157
    0.963368535 1.19472647 1.69704306 1.48408008 1.17638946 1.26716697
    0.654185176 1.07385588 1.30010438 1.19514453 1.26770222 0.892237067
    1.51637399 0.957218111 1.42975247 0.804947257 0.665968537 1.36230242
    1.84988439 1.76756346 1.98731077 1.74051201 0.96257782 0.762043059
    1.27671003 1.03451014 0.920165479 1.27330577 1.57236242 1.33585179
    1.89932263 1.85934258 0.945127964 0.683078229 1.24496567 0.757422149
    0.823026359 0.784215271 0.969693959 0.929090559 0.584692359
    1.20966208 0.746862054 1.45481706 0.930633903 0.582085192 1.06505823
    1.02858388 1.48679566 1.02642632 0.592247248 0.901274145 0.700559795
    1.1750617 0.655024827 1.24167085 1.08045101 1.50516987 1.45963001
    0.735128701 1.04301608 1.35590422 0.735508025 1.26875174 1.00660419
    1.52243137 1.65263915 1.35200596 1.01061273 1.31894207 1.44438946
    0.63996321 0.918266416 1.68912697 1.81477165 0.837490618 1.67287719
    0.820210338 0.718282998 0.627110898 0.583711684 0.829099 0.477698505
    0.449588925 0.99855113 0.635030568 1.16046298 1.5450207 1.66448581
    1.0651592 1.3765837 1.49803376 1.10462284 1.56414855 0.612566233
    0.776374817 1.593575 0.735781848 1.3130306 1.41846526 1.89932716
    1.65199721 1.05545938 1.72911263 1.45275879 0.768259108 1.63016284
    0.806514859 1.21285844 1.43301749 1.16523063 1.38693118 1.16128862
    1.3847332 0.839817822 1.09630871 1.28180873 0.935284078 0.972523749
    0.537687898 0.599734187 0.734072506 1.27990043 1.25606811 1.13477349
    1.21137631 1.78191864 1.05774498 1.02742469 1.25651336 1.4245919
    0.893198371 0.874871969 1.57902896 1.2995075 1.63418496 1.79314005
    1.15876448 1.08843541 0.62202704 0.466828883 1.31377506 1.65656626
    1.53518057 1.6711576 1.68736911 1.64230406 1.00979602 1.16867816
    1.04702306 1.08676279 1.5071876 0.969520688 1.07390416 1.16712117
    1.36693859 1.64553988 1.13177669 0.803367972 1.26477027 1.09571791
    1.19792938 1.13598931 1.10166752 1.05849767 1.87609303 1.91249776
    1.4000293 1.13235044 0.628982842 1.52391493 1.17887831 0.419775665
    0.808385849 1.11594892 1.35688782 1.35503519 0.979233384 1.42506981
    0.866391361 0.506227791 1.3520323 0.808739305 1.2090199 0.837525129
    0.529657662 1.49778306 1.8626895 1.63691711 1.17423713 1.04080927
    0.480821818 0.761691451 1.44726813 1.74695611 1.77732933 1.54028094
    0.58291626 0.846091628 0.724750876 1.33500445 1.50082242 0.742670596
    1.55881715 1.4742372 1.49934006 1.07157826 1.20612049 0.7928527
    1.56305301 1.20129919 0.885039628 1.16202307 0.748761714 1.67650938
    1.13075233 0.897521079 0.611526966 0.734276831 0.990968347
    0.908219218 1.68799889 1.4256686 1.69609761 1.6025182 0.819714665
    0.875733256 1.20590711 1.41126907 0.774095953 1.56540549 0.687547147
    0.679974318 1.17021179 0.580905139 0.605960608 0.998755455
    1.26539111 0.947174489 1.06120932 1.37831128 1.69253457 0.868176103
    1.10982752 1.43017769 1.44703686 1.36153126 1.5626725 0.628453791
    1.27187347 1.22412789 1.14229679 1.36582232 1.36519432 1.62521052
    1.07392788 1.63675618 1.70457411 1.74428999 1.68811905 0.752005041
    1.51544917 1.36568701 1.51069367 1.30945086 1.38096774 1.09518039
    0.662852943 1.59277654 1.05335283 1.54259455 0.921085477 1.51686144
    1.64562225 1.4278636 1.8764919 1.52945006 0.907735944 0.97636801
    0.693959534 0.657954693 1.39405084 0.86181277 0.547399342
    0.925506115 1.30439103 1.86352992 1.61308956 1.32714272 0.911328673
    0.800978065 0.704284787 1.41278172 1.04097545 1.15210354 0.663143218
    0.914305031 0.561913252 0.70114994 0.863335311 1.47643459
    0.950891733 0.554680586 0.704445004 1.47360802 0.649753451
    1.03954244 0.786691666 0.784928441 1.35129988 1.14846575 0.833749712
    1.66272056 0.869544446 1.48937631 1.02791178 1.14932597 0.686882794
    0.702831984 1.57342207 1.12636864 1.45956039 0.781471372 0.827057838
    1.48539054 0.969923437 0.782960594 1.18529165 0.689422548 1.3954587
    1.31859732 1.47072959 1.77592826 1.59227169 1.39368558 1.14803934
    0.666623533 0.685143471 0.598623812 0.475422174 0.488831758
    0.952572346 1.06375074 1.13191211 1.05914354 1.36474788 1.12890232
    1.37155628 1.10468388 1.59105182 0.69547224 1.08020627 0.655291438
    0.880910695 1.51000667 1.21667266 1.90205276 1.05746913 1.51153719
    1.42720222 0.865179837 1.46480989 1.32805204 0.859579742 1.34127963
    1.81860197 1.28976095 0.900538385 1.78493714 1.31206977 1.71607828
    1.17896795 1.43430972 0.570248842 0.506833792 0.712250769
    0.960098088 1.12830675 1.03032446 0.776845753 1.09997666 1.65746427
    1.26144183 0.655700147 0.505171597 0.688912392 1.19913018 1.24968123
    1.1570946 1.36527193 1.85034716 1.84872377 1.54872727 1.29010475
    0.90203321 0.603123903 0.58883673 0.516455531 1.06034112 1.45790637
    1.16568637 1.13687027 1.44663477 1.26109302 0.912427664 1.06485808
    1.13032377 1.36826217 1.38126683 1.61210632 1.15925539 0.962557256
    1.5753262 0.569982946 0.806886852 1.40303624 1.38879514 0.720245719
    1.28240788 0.994965971 1.74762416 1.66554797 1.67750514 1.78946936
    1.33138537 1.1758734 0.792485416 1.16446054 0.59701556 0.416334778
    0.682806551 0.979159892 1.2543906 0.737170875 1.51560926 0.689412832
    0.74878484 1.35045779 1.57173479 1.46878874 1.047984 0.571510732
    0.595971704 1.68074989 0.963209212 1.21517217 0.710416198
    0.645382166 1.27592731 1.15403867 0.824952126 1.27009165 1.0716269
    0.843770981 1.24194622 0.826616287 1.02915466 0.778260231 1.20853662
    0.940199494 0.993723154 1.489362 1.05121481 1.534567 1.76160598
    1.67022252 0.847663224 1.39115524 0.71671778 1.26566255 1.72146618
    1.52599478 1.57007098 1.48087108 1.1156944 1.46228015 1.36595404
    1.32031953 1.70980644 1.90519059 1.17014265 1.39027488 1.66473842
    1.43961334 1.0033499 1.49497318 0.740901589 0.621773541 1.30310798
    0.642565787 1.09105659 1.19340551 1.10752499 0.886906147 0.948374152
    0.773863912 1.16025341 1.14555824 0.845153868 0.87241751 0.945261061
    0.638783514 1.05937386 1.19554269 1.58139729 0.767382801 0.564801455
    1.48965049 0.572713435 0.625761688 1.12320483 0.588337004 0.92948401
    1.67321301 1.49244189 1.16925979 1.31936216 0.717359126 1.01243258
    1.26558721 1.1185739 0.880894363 0.59533906 1.56217682 1.40046751
    0.8647874 1.00795054 0.622446656 1.10143101 1.26700699 1.69003689
    1.35846233 1.34850407 0.942798555 1.43937242 0.863335192 0.469307333
    0.44427982 0.515140712 0.606365144 1.13338232 1.02927256 1.61317492
    1.01615059 1.05782461 0.952777386 1.20649683 1.07320762 1.6683327
    1.52997768 1.07047975 1.47390318 1.42579997 0.719913304 1.07000637
    1.72456777 1.337731 1.36756456 1.35950673 0.970013261 0.853282571
    0.767807782 1.18457139 0.856031895 0.97267735 0.832147062 1.04534924
    0.797721744 1.37692297 1.59383273 0.725022674 1.45574427 1.49313402
    0.743593335 0.549899161 1.0134275 1.00046897 0.905825317 1.55644095
    1.75062764 1.56566381 0.628117919 0.825971544 0.782441914 1.28734052
    1.26088119 1.04395056 1.24397182 1.05078256 1.14204347 1.16387475
    1.47261989 1.07249725 1.70798218 1.52240574 0.852701664 0.683615327
    0.87546277 1.39119506 0.610070109 1.10437453 1.51039624 1.49654114
    0.730206609 0.783642232 1.12040341 0.749189317 1.15959263 0.79507345
    1.0578047 1.58086431 1.86963844 1.5899961 1.33267701 1.43312645
    1.1526196 0.873333871 1.39226711 1.22137833 1.48000968 1.52651
    1.56496787 0.956303656 1.56215775 1.35650182 1.73686051 1.82583177
    1.54539704 1.70547342 1.21358514 1.05372882 0.726298451 1.28547168
    0.832727969 0.602722585 0.884010255 1.49220014 1.33258355 0.89230454
    1.25225258 1.19694102 0.718381047 0.618213058 1.12248683 1.46691573
    0.956353903 1.4658016 0.887965441 0.759155869 1.27786171 1.21757972
    1.3296684 0.791946888 0.964004099 0.637175083 0.811999023
    0.582249641 0.761172593 1.57380497 1.28142238 1.49517143 0.739839315
    0.859672904 1.66810107 1.14036119 1.12825119 1.40332234 0.850188553
    1.31978858 0.669667661 0.751333833 0.530789852 0.807279706
    1.27672625 1.31119323 0.927859068 1.53532457 0.978998184 1.10397172
    1.62094903 0.739218175 0.701760173 0.891285241 0.790723741
    0.867929459 0.624251187 1.57102525 1.39951658 1.27072394 0.873361647
    1.33038437 0.455731422 0.510110795 0.630610168 1.07021689 1.65347159
    0.928039074 1.11449826 1.13765395 0.754627168 1.21429622 0.932351232
    1.35121167 1.55780697 1.49267244 1.29344451 0.933107316 0.868504107
    0.575963259 1.49578202 0.782722533 1.128775 1.11170459 0.885532558
    1.1363157 1.12045467 1.66450346 1.42568445 1.71610045 1.43054807
    1.5045433 0.913092613 1.44374633 1.18142974 1.62688851 1.81772089
    1.93132544 1.81155443 1.18112183 1.35032058 1.54427218 1.55762088
    1.68428278 0.890758872 1.10753858 1.72083521 1.67988694 1.82719457
    1.5962528 0.765505731 1.24261057 1.2604692 0.685421109 0.861470938
    0.731442094 0.575042546 1.15158808 1.18968534 1.41267848 0.7575652
    1.03808224 1.04866946 0.750761271 0.89577961 0.635579884 0.714106262
    1.07563448 0.570979238 1.18122709 0.658336699 1.1995821 0.582663536
    1.09805834 0.835556507 0.951377332 0.789117873 1.1002382 0.533197999
    0.7891168 1.10990989 1.32158005 1.51097822 0.566168845 1.46542263
    0.865243018 1.5697577 1.16658616 0.960198522 0.844943285 0.660013735
    0.697877586 1.31573749 0.608785033 0.906758368 0.735720992
    0.836185098 1.31840897 1.00460398 1.25079775 1.70456421 1.00749683
    0.85266304 1.55768359 0.584057271 0.659847558 0.70630163 1.48615479
    1.27315474 1.29234803 1.16052306 1.29886544 1.56079328 0.860695302
    1.14687109 1.68774486 1.10597908 1.69163346 0.97168982 1.43764126
    1.33079398 1.39982998 1.6482234 1.28920293 1.466663 0.782052994
    1.49027979 1.02315497 0.776456892 0.60879904 0.728850245 0.736424387
    1.01177382 0.769425869 1.08442652 0.687939465 1.3956089 1.37821615
    0.592293859 0.651069403 1.13225389 1.00037062 1.067662 1.07570791
    0.896086991 1.78061831 1.81342101 1.04883039 0.786158085 1.45832074
    1.37814152 1.33822572 0.965962529 1.11735606 0.787555337 1.136971
    1.19359076 0.757241488 1.30480492 1.76444733 1.81449449 1.09136963
    0.940340579 1.52357697 1.67060769 1.67627311 1.06528807 0.645827472
    1.5867753 1.3851254 1.12953496 1.59013069 1.39543521 0.981975555
    1.47245836 0.805391788 1.63937593 1.7062012 1.68523622 1.72345781
    1.23688233 1.08043039 1.41707003 1.46325874 0.664669037 0.578673124
    0.633506477 1.4868958 1.50985384 0.809135735 1.64667726 1.48481476
    1.42131698 1.22441602 1.71228886 1.65323329 1.27336311 0.671223104
    1.36091542 0.875109971 0.752476871 0.4900994 0.613390565 1.28387117
    1.02314723 0.624909878 1.54118395 1.3175565 1.13889909 0.796578526
    1.28869975 1.1022737 0.700869262 1.27055216 1.7274605 1.6053412
    1.55283618 1.00931144 1.02138376 0.770520985 0.562970817 1.40149069
    1.06232166 0.502873123 0.734331012 1.0557431 1.15556169 1.26537931
    1.38661444 0.595595419 1.07948101 1.05792904 0.736656308 1.0425837
    1.4085319 1.04928792 0.40994069 0.564855099 1.11422563 1.03156078
    1.41659486 1.53182709 1.44086254 1.50385845 1.17378283 1.41538846
    1.79822171 1.09229946 0.972305894 0.512139857 1.057302 1.3176235
    1.72200239 1.70361996 1.09394586 0.844741225 0.695463181 0.423537105
    0.55176872 1.14110398 1.07523119 1.0580374 1.50310063 1.67641377
    1.05223012 0.667059958 0.707508743 0.700245082 0.689844668
    1.58061814 0.973063052 1.27836359 0.896060109 0.544691324
    0.665641427 0.519628823 1.32378566 0.820556164 0.749817491
    1.21504533 0.970817268 0.67247051 0.862192452 1.4881146 1.34502637
    0.720472217 0.993452549 1.76846886 1.56803286 1.30150759 1.51987147
    1.30641353 1.55426931 1.56704521 1.58427155 1.51013649 1.81569076
    1.43096828 1.65823746 1.56497192 0.906024754 1.23785532 0.962930381
    1.69199002 1.14419913 1.40635991 1.48310673 1.11312091 1.26894283
    0.667111099 1.01416504 1.07719731 1.29985416 1.76445711 1.43928528
    0.918202519 0.771720231 0.847750068 1.03730679 0.943132818 1.2469734
    1.00721884 1.46415997 1.20589364 1.08049762 1.36505485 1.36805153
    1.10868871 1.36451733 1.44074428 0.764293492 0.540651023 0.595053196
    0.464780867 0.797710657 0.964945734 1.6873287 1.26402259 0.644871175
    0.848400414 0.669719398 1.57241428 1.48734891 0.956874073 1.63261044
    1.52668691 1.28860629 0.563478768 1.0238117 0.618832529 1.02071166
    0.780235946 0.90489769 1.47988987 1.10684979 0.713627219 1.40543866
    1.10864079 1.70230603 1.545488 1.49760234 0.622732222 1.26424766
    1.09410536 1.53160274 1.63996887 1.09636879 0.83610779 0.953044891
    1.69279742 1.67531753 1.60491335 0.922302544 1.56246996 1.43505001
    0.879751861 0.597227156 0.558480144 1.35571337 0.675047576
    1.54386723 1.55826628 1.15084815 1.09054136 1.07305229 1.22377276
    1.29336035 1.16808915 0.894700944 1.49159396 1.55633533 1.64574945
    0.743884265 1.32375741 0.797012806 1.00992489 1.11764026 0.912700593
    0.669725895 0.752782762 1.420892 0.750646114 1.54123116 0.946684301
    1.63201511 1.71424317 1.50338984 0.880813837 1.58863211 0.905798972
    0.794045508 1.11016846 1.35635734 1.48452151 1.45360196 1.31054676
    1.73052931 1.09948814 1.15719318 1.03182781 1.2549392 0.952550411
    0.891149163 1.25675297 0.908913732 1.28506172 1.70220661 1.14211333
    1.68891776 1.64086866 1.06712723 0.678464174 1.58103561 1.1262424
    0.774282336 1.72089684 1.63754702 1.03435373 1.24045491 1.6469804
    1.32675385 0.704622984 1.32427108 0.968531668 0.623397768
    0.889817834 1.5399797 1.14718533 0.823274851 0.604471385 0.661861777
    1.00939512 1.66959536 0.759767473 0.769372284 1.04641044 1.42865407
    1.2699883 0.628637493 0.568349719 0.616195679 1.50357938 0.952106357
    0.746440232 1.45016134 1.31944239 1.59260094 1.03767788 0.948622286
    1.44163132 1.48194361 0.971293509 0.986540735 1.69057155 1.63890576
    0.618093967 0.619699776 1.61498094 1.26848304 1.29998565 1.20233572
    1.64776134 0.86568439 1.04626453 1.11995864 0.942293942 0.754210353
    1.56723177 1.22712767 0.840872169 0.940316856 0.642480075
    0.609848559 0.550343513 0.990849793 1.72665882 1.56287515 1.62635243
    1.22472858 1.29870987 0.962994933 1.45523465 1.5460695 1.31912518
    0.922700644 0.714038908 0.715845883 1.47899413 0.933141351
    1.74603415 1.04399991 1.70165181 1.09502172 0.625663519 1.05193436
    1.54271102 1.26679063 1.61471534 0.906314731 1.24326503 0.642481208
    0.850018919 1.22403955 1.12412035 0.757813871 0.690144241
    0.910559595 1.5334245 1.54248357 0.626769185 0.876303911 0.63232708
    0.91211009 0.509464145 1.4519856 0.648059189 0.485259265 0.558785021
    1.09339273 0.754382133 1.57564223 1.62776053 0.85133636 1.57673311
    0.738346338 0.991407871 1.62405348 0.983817935 1.34049189
    0.771470666 1.33036387 1.41313648 1.63543797 1.682796 1.13666344
    1.35890245 1.25061154 0.894458115 1.33187079 0.899881423 0.687306643
    1.14116383 0.844293535 1.52569747 0.885144174 0.951484859
    0.658075452 1.2234 1.67000937 0.989271998 1.57644689 1.06951046
    1.05441558 0.859414935 0.934471846 1.54202747 1.36098969 0.674002826
    1.12441587 1.02734435 0.659466088 1.04480267 1.29846036 0.589534104
    0.810077071 1.04095423 1.59490621 1.36997998 1.36373067 1.40308976
    0.537159026 1.52057779 1.24460387 0.818063617 1.67809546 1.05971158
    1.38848424 1.03764594 1.64023745 1.19237566 0.883836865 1.40742254
    1.62419164 0.965706825 0.725346148 1.17912042 1.50652528 1.72099161
    1.00854957 0.601295769 1.02043486 0.560300112 0.967487276 1.14468122
    1.7511158 1.02142811 1.0805943 1.20857906 1.47777259 1.71476078
    1.73169184 1.39908874 1.16881025 1.47640646 1.56209099 1.12473285
    1.1652143 1.14699531 1.52710259 1.13576078 1.57307088 1.50156212
    0.722765863 0.547773123 0.939024746 0.794898629 1.3808378 1.56528103
    1.21431959 1.49488783 0.833047688 1.42512763 1.58364737 0.640900195
    1.4489553 1.03857636 1.65401804 0.990100145 1.29498374 0.61124897
    0.741273105 1.29415298 1.30300581 1.63975215 0.989856064 1.45559359
    1.56521165 0.952173054 0.671327293 1.6841321 1.21913159 1.63096392
    1.01134968 0.762406409 1.71619809 1.73718023 0.695090771 1.36486995
    0.934308589 0.750777364 0.93657285 1.7241894 1.52491772 1.59219253
    1.41809905 1.82705426 1.61455357 1.22612727 1.26646686 1.01861107
    1.52991378 0.732616007 1.49333251 1.69094408 1.10328674 1.63605285
    0.97287339 1.21285677 0.851712286 0.796637475 1.39630508 1.56772971
    1.69963777 0.806625664 1.09391749 1.08483529 0.757270575 1.11445928
    0.599306941 1.2541194 1.36227012 1.23383582 1.72828686 0.738324106
    1.44551003 0.773996234 1.50357509 0.884888351 0.950993776 1.60434365
    1.73192906 1.70899451 0.975411117 0.752286851 1.50995481 1.4950943
    0.873545051 0.72300154 1.6588285 1.26619327 0.846690118 0.856082082
    1.03093779 0.830390215 0.842016101 1.10632455 1.45089042 1.19358945
    0.8801952 1.31317747 1.04536438 0.973438919 1.05452359 0.917197943
    0.936063647 1.84074092 1.55592263 1.71336389 1.25595331 1.11768711
    1.74361229 1.44738579 0.606062114 1.50427878 1.4238646 1.08926392
    0.907825947 0.708769619 0.823903859 1.24628818 1.68823075 0.98502481
    1.21233857 1.43226516 1.16017652 1.37254322 0.906899631 1.39352489
    0.81622237 1.31312525 1.59470308 1.60008812 1.05958438 1.62318218
    1.4447608 1.22204757 1.36199105 1.62983739 1.60070825 1.55448806
    1.42500532 0.905365407 0.722832501 1.52652609 0.874910772
    0.851101577 0.581405282 1.01489186 1.52022338 1.15923202 1.34551179
    1.6136055 1.49454486 0.862383544 0.989856839 1.37967432 1.657704
    1.56500614 0.711926758 0.54252398 1.60992527 1.71471906 1.02702427
    0.59648174 1.00861907 1.42885911 1.68685639 1.32917154 0.903072119
    1.07175827 0.671891809 0.99763751 1.6033076 1.31027508 1.39508712
    1.4872458 0.980515778 1.0409621 0.677369237 0.927208483 0.993406534
    1.05301356 1.53024268 0.514315844 0.618116021 0.5113042 0.946744144
    1.191558 1.09447348 1.07221603 1.20889342 0.616538584 1.02136612
    1.73260915 1.7810266 1.58065438 1.16267419 1.41786873 1.31100798
    1.68491614 1.0840596 0.692700982 1.24539781 1.5786556 1.12207484
    0.576054752 1.46828985 1.06045699 1.31379569 1.04255569 0.634828389
    0.657645881 0.746334195 0.626298726 0.892402172 1.05875623
    0.754190505 1.21881795 1.69604254 1.66251183 1.08355987 1.6918776
    1.13571501 1.6389842 1.24339473 0.768637717 0.949805617 1.00534892
    0.736829638 0.858442843 1.64765537 1.2473104 1.66011453 1.23119617
    1.3765955 0.663257241 0.655420184 0.894717276 1.25986719 1.29120183
    0.712094665 1.3564446 1.67834306 1.82891083 1.48271883 1.23130429
    1.48650086 1.35075152 0.769882798 1.65831435 1.64555669 1.7078042
    1.60706604 1.18446958 1.18568885 1.59351802 1.36804998 0.849446595
    1.28844631 1.27773392 0.70152384 1.12292671 1.74690497 1.24926019
    0.969720781 1.05049551 1.2940613 1.45393455 1.16327488 0.664253592
    1.17962456 0.90270102 0.713501632 0.60858345 0.533696592 0.78450942
    1.31213951 1.26847649 1.22689235 1.0770725 1.17076349 1.52889097
    1.53622639 1.58169878 0.811449945 1.61479592 1.55416882 1.38819599
    1.8015101 1.30210686 1.60090744 1.27588344 1.0943644 1.62181747
    1.44768846 0.948815942 0.624812782 1.05134559 1.70558202 0.868935406
    1.39157546 1.68602145 1.09540033 1.12330568 0.60821861 0.578357458
    1.11244094 1.09632516 0.952404857 1.28092372 1.38012958 1.06717265
    1.21093702 1.37365389 1.0242883 1.2237339 0.771613419 0.943132758
    1.01055551 1.59176552 1.51953173 1.3197391 0.496467918 0.489367366
    0.761662126 0.86060673 0.871144474 0.958129406 1.57062387 0.92001754
    1.421188 1.20827675 1.51095033 1.72913337 1.0715524 1.24860728
    1.42106986 1.52814162 1.68438673 1.0823164 1.11722755 1.57342863
    0.939207911 1.63011265 0.894473791 0.937437057 1.18533278
    0.844074905 0.996446609 1.04087067 1.46942031 0.980172038
    0.955379546 1.34931409 0.732863486 0.880893588 0.914123952
    1.49008477 1.42320275 0.911300421 1.52429044 1.83761239 1.22940731
    0.850705147 1.3974278 1.66713715 1.60880458 1.02741539 0.652888596
    1.50330412 1.48636448 1.18632555 1.61045122 1.2755934 1.76222157
    1.7207067 1.49866462 1.94096673 1.83848214 1.41871226 1.69632113
    0.777250409 1.35096455 1.01904309 0.79577738 0.851958513 1.19306886
    1.02107799 1.66116118 0.67839241 1.10839593 0.642028868 0.752474666
    0.898057699 1.34655416 1.60385787 1.48218036 1.75964165 1.03724158
    0.615985036 0.592581272 0.808534384 0.958187819 1.11071217
    1.58539283 0.747679234 0.892840981 1.15172374 1.2060194 1.43744731
    1.10778654 0.70550853 1.74739647 0.737265289 0.502320766 0.750947177
    0.858280301 1.73702621 1.38760126 0.589473844 1.58665943 0.880808175
    1.60033345 1.73458517 1.3661375 1.20874465 1.60235262 1.69984651
    1.37105131 1.51145065 0.944206536 1.56903553 0.98306793 0.955709457
    0.818726361 1.0613687 0.988199055 1.67033458 0.928405106 0.630799115
    0.507213593 0.813772798 1.17882872 0.865771115 0.719341815
    1.08402407 1.26133215 0.76298666 0.755566895 1.14937663 1.66237354
    1.04087377 0.934385121 1.67524636 1.46761298 1.48357654 0.935112715
    1.62458515 0.991865396 0.86083132 1.56432772 0.825259447 0.669677913
    1.48451626 1.66045046 1.43382537 0.767848194 1.27245295 1.20504451
    1.29554987 1.25925314 0.641102254 0.576093316 1.16372204 1.18661392
    1.5744158 0.970738113 0.762731612 1.66167426 1.58564568 1.79847777
    1.25714898 0.969814062 1.21188498 0.872714818 0.997380078 1.08184397
    1.28173101 0.733445644 1.38056028 1.57420146 1.38567948 1.19422352
    1.60113168 1.03963816 0.519391119 0.630119264 0.99984467 1.65958178
    1.86653888 0.939770699 1.42396021 0.903057635 1.61972201 1.07825744
    1.36159945 0.739245176 0.809184611 1.26536918 0.964250684 1.23247576
    1.03245258 0.970456541 0.699761033 0.876104534 1.35665655
    0.989180565 1.00369465 1.69075823 1.01688993 1.66525519 0.88723886
    1.06579149 1.39124846 0.849436402 0.758217573 1.66282117 1.4549346
    0.699316263 1.47214341 1.50114048 0.729712367 1.58371317 0.830733061
    1.14508319 0.708634317 1.10382342 1.09774303 0.71132189 0.668559194
    0.674440801 1.02174461 1.64667737 1.87093985 1.84753859 1.47236454
    0.912992358 1.49104178 1.413288 0.743622839 0.65715605 1.00179529
    1.32425189 1.08217502 0.863141179 1.06932735 1.12600327 1.16631806
    1.13464808 1.26360822 0.962375998 1.32564688 1.23203814 1.63822997
    1.04500663 1.19438088 0.989017606 0.709953725 0.588661671
    0.917795241 0.649799287 1.46191013 1.26553571 1.52973866 1.68504798
    1.08253038 0.728393674 0.623814464 1.16106355 0.933364153
    0.695242763 1.68078375 1.14093196 1.74917436 1.31696594 1.38929999
    0.930120409 1.75658667 1.65450776 1.65923512 1.37222481 1.31005609
    0.939312637 0.891948998 0.801301003 0.77575767 1.08270431 0.81530261
    1.59566677 0.712687492 1.40218604 0.62740767 1.15612507 0.595234215
    0.68300426 0.986302197 0.969145358 1.61047149 1.31016803 0.620487332
    1.56139946 1.33185744 1.48411262 1.05266416 1.70646191 1.20581985
    1.64479601 1.80301833 1.7831496 1.07756746 0.735116661 1.57841241
    0.750844598 1.23568213 0.585991979 1.27748227 1.45973909 0.830297053
    0.964042187 1.79141772 1.49701428 1.85697412 1.89800835 1.92300308
    1.66952837 1.29056251 1.51171887 1.27567816 1.26036918 0.920328259
    0.650278926 0.941554308 1.13809538 1.57725477 0.962651908
    0.950288355 1.07514036 0.670990586 0.966978192 0.938567221
    1.78230619 1.58107138 0.967744112 1.65032005 1.49540722 1.0295161
    1.58418024 1.11562049 0.491891205 0.588598251 1.11647153 1.58385396
    0.937378407 1.00011241 1.55178225 0.684001327 0.866923153 1.24223435
    1.73324966 1.53338873 0.883561254 0.610814035 0.898825884 1.17369032
    0.873260319 0.693385124 1.24028814 1.66773474 0.822339475
    0.760419667 1.6085254 1.16940129 1.03559649 0.950017273 1.56777155
    1.49632347 1.1462245 1.43526208 1.61888361 0.959591568 0.670975983
    1.61272871 1.4142071 1.30734777 1.55317891 1.60777032 1.17666197
    0.970835507 1.58283317 1.13534725 0.560737789 0.636010706 0.72657907
    0.926005721 1.46263587 1.17410743 1.71513724 1.79075873 1.45266926
    1.11012518 0.851816297 1.14346755 0.692243993 1.36450446 1.07433915
    1.08117902 0.522001326 1.22105908 0.706543446 1.44070113 0.863536596
    0.689686894 0.790415108 0.612425804 1.68541372 1.31929362 1.20467341
    1.45169556 1.21528244 1.06851757 1.1990962 0.854935467 1.18248546
    0.655582726 1.34599555 1.47349501 1.55627716 1.7423203 1.42100179
    1.11508822 1.52391934 0.906277895 1.21209013 1.56218219 1.27371287
    0.773212135 0.803200722 1.6519537 1.58832264 0.914474785 1.62199831
    0.602021575 0.928967059 1.29075289 1.47398603 1.59825492 0.765496433
    1.48808646 1.443012 1.66894674 1.53808212 1.22252846 1.57004321
    0.841993451 0.933805645 1.18104279 1.25930274 1.32309604 1.0052942
    1.15010405 1.16559803 1.4594295 1.68141937 0.741791368 1.30163407
    1.0448724 1.13480687 1.50350916 1.54979146 0.88179785 0.879913092
    1.50199926 1.12357843 1.208884 1.67372513 0.682050467 1.30092275
    0.788142085 1.53096068 1.00220001 1.49074519 0.650915325 0.989470959
    0.960567117 1.03385329 0.599037528 1.07863605 0.908112407 1.22360623
    1.63653922 1.86620855 1.42331922 1.56175697 0.914938927 1.14614964
    0.703068733 1.34060276 1.34893131 1.35466111 0.871380091 0.60773927
    1.21513271 0.701092958 1.33173513 1.28850257 0.936409056 0.479534745
    0.712851226 0.560575008 1.21307182 0.614453256 1.33571827 0.96706295
    1.60273981 1.16077757 1.11196434 0.658719838 0.605118215 1.007074
    0.697386265 0.93738085 1.11618364 1.40612745 1.54370463 1.19127893
    1.54931808 1.5231086 1.51855814 1.40394127 1.47579622 1.09766078
    1.35930812 1.1200093 1.67478347 1.36801982 1.76994431 1.56261075
    1.21536243 1.18729877 1.06683671 1.21225929 0.720762432 1.69537723
    1.43403471 0.846838355 0.688239276 1.28106523 0.925854027 1.18675482
    1.72326565 1.38272464 1.16589916 1.06520188 0.768671155 1.65571856
    0.642719746 0.537716269 0.975377083 0.821107447 1.49469912
    0.810079992 0.858144999 1.39515197 1.01813388 0.97845906 1.30168498
    1.07179391 1.5078181 1.6540724 0.682836592 1.25071549 1.45356095
    1.64992535 1.45133817 1.72116053 1.91792893 1.19056129 1.86376441
    1.36486411 1.16791642 1.44256377 1.49438155 1.58358645 1.36497629
    1.23980486 0.611448228 0.649815381 0.756362796 1.68903375 1.58753181
    0.73870182 0.542491257 0.608122826 1.07337236 1.18933141 1.21639621
    1.44065666 0.697807491 1.02325046 1.46592438 1.07094324 1.71299255
    1.20888293 0.910300076 0.567028403 0.617436349 0.664741695
    0.685385048 1.08347821 0.929282129 0.66775012 0.831974685 0.80750525
    1.05719316 1.1606288 1.49022222 1.50786257 1.27666426 1.09627509
    0.910387635 0.948943794 0.848240077 1.42460978 1.32472873 1.65678918
    0.706738472 1.51357746 1.06627858 1.35453725 0.798511863 1.21092153
    1.03865397 1.64699769 1.622715 1.3765676 0.877951741 1.16773713
    1.16847014 0.673562288 1.12464082 1.51662171 1.54369843 0.934743047
    1.5582397 0.649125159 0.535490811 1.19587576 1.06179905 1.28293824
    0.926185131 1.15181446 1.90665984 1.79347694 1.62166405 0.897038817
    0.995822072 0.749960721 0.65561825 1.41640103 0.776777506
    0.965740204 0.626321077 0.669530988 0.772132397 1.39625323
    0.606383383 1.00923932 0.51154393 0.926273108 0.868813813 1.5478189
    1.3654325 1.61811388 0.707926691 0.910335422 1.10110474 1.30338228
    1.22722709 0.730369925 0.44186455 0.573670685 0.641970277 1.66375756
    1.72085726 1.12547851 1.33406663 0.752478898 1.12516654 1.53202081
    1.21024859 1.27537 1.24603319 1.08138442 1.42160833 1.58112848
    1.53051257 1.49836683 1.62664866 0.873102248 0.516221464 0.691794515
    0.953106999 0.911102057 0.825022876 1.73153877 0.836806059
    1.73186207 1.24102402 0.979477882 0.637537241 0.608730435 1.60936415
    1.77047992 0.967603981 1.57752836 1.43825698 1.00035644 1.5415324
    1.48544741 0.811434567 0.92167443 0.752581418 1.32717431 1.6457659
    0.874752223 1.13367546 1.5449357 1.11909771 1.49024057 1.32731581
    1.07517588 1.46704638 1.31123281 1.3925581 1.20189309 1.0191747
    1.22078741 0.989848614 0.885161579 0.87283057 1.27056646 0.724528313
    1.10047328 0.593741059 1.19196415 1.71311498 1.70463037 1.24751425
    0.698526382 0.912609458 1.39568353 0.956305563 1.72239065
    0.970774353 1.02467418 1.41029942 0.926165998 0.598923981
    0.642715394 0.550121188 1.29811585 1.22944546 0.761216342
    0.546216607 1.15624583 0.848642886 0.603590786 0.945427001 1.3124516
    0.759025753 0.726008892 0.721796811 0.658527613 1.00646746
    0.776347995 1.41678298 1.35293305 0.780816317 1.34340584 1.08729315
    1.35877979 1.32125461 1.47424364 0.791665554 0.68700093 0.639675617
    0.735358596 0.646852195 1.10609603 1.06253922 1.03625 0.968716323
    0.936962545 1.16224086 0.930377126 1.12296283 1.11580086 1.65649331
    1.71552956 1.67267346 1.53907812 1.23925257 0.5846259 1.14758599
    1.5708257 1.7270354 1.42859936 1.76619744 1.01605284 1.16312659
    1.4812777 1.25303161 0.585479975 1.23508656 1.08272433 0.652255356
    1.32180202 1.1517576 0.960274041 1.21719432 0.916652024 1.2872479
    1.21195078 1.11493027 1.08792126 0.801899314 1.31465709 1.42127991
    0.896144211 0.884708226 1.6325767 1.94520378 1.76704073 1.19546306
    1.13829207 1.51620841 0.847134233 1.14289892 1.45134497 1.44251096
    0.879484415 1.40919232 1.17525339 0.989643574 1.16196442 1.12957549
    1.10589743 1.1862185 0.682053387 0.572362304 1.05315971 1.2076776
    1.52819228 1.10239971 1.26800561 0.973231435 1.40274358 1.08893573
    0.890446246 0.959261 1.68389904 1.46672678 1.58466136 1.25385201
    1.15764582 0.660009086 0.964467585 0.833406627 0.957076132
    0.782273948 1.68587005 1.68614018 1.20355046 1.28194952 0.855787337
    1.62155318 1.4688201 0.974254489 1.73026419 1.70898509 0.72942543
    1.41241038 0.953356028 0.619032025 1.34758091 0.682865441 1.54239547
    0.961153448 1.27911198 1.19529343 1.37310588 1.65821612 0.833345532
    1.52425027 0.830962837 0.765010893 1.44230306 1.04208946 1.67752278
    1.74890888 1.41076255 0.725452662 0.823739946 1.4831022 1.40842712
    1.06081712 1.88104451 1.98554838 1.46954405 0.885350943 1.43307352
    1.1767168 1.23481536 1.25118852 1.09048653 0.550353587 0.887853086
    0.540272176 1.22051811 1.11688411 0.57715416 1.02074492 0.859214067
    0.636270761 0.743908823 1.04006624 1.37602699 1.51699555 0.784382164
    1.32903326 1.01789975 0.968920946 1.18093956 0.949967325 1.28385127
    0.568541169 1.17264819 0.633016765 0.908530176 1.72844362 1.48387003
    1.16800797 1.53299487 1.42395627 1.39059222 1.49529076 0.63296628
    0.482675701 0.919594407 0.931350946 1.3927263 1.75765502 1.1607945
    1.43348634 1.40997815 0.664363623 0.545216322 1.00524938 1.14420915
    1.5708102 1.61164033 1.48762023 1.35049236 1.01566875 1.22593307
    1.09400427 1.02716434 0.846372128 1.77242875 1.38895762 1.4373548
    1.27583086 0.606642962 0.583225191 1.04181278 1.13523448 0.696783006
    0.647932053 1.60780025 0.679264843 1.10560334 0.834718108 1.37425649
    1.16131091 1.59437501 0.84651196 1.01012862 1.60721326 1.30919147
    1.21593428 1.0567255 1.72240257 1.42666781 0.862526715 1.59040844
    0.919737816 1.52317929 1.25870514 1.70253599 0.611634791 0.979158998
    1.54040504 1.59797394 0.893885076 0.843517601 1.08952928 1.27334774
    1.49369836 1.59087312 0.855611265 0.926525295 1.48166478 1.53526914
    1.56826699 1.20087206 0.576412976 0.62124908 0.729035318 0.946630418
    1.04453802 0.600569725 1.54700255 1.11649978 1.20048332 1.61861777
    1.5047828 1.59985554 0.751133859 1.46281672 1.27120924 0.782623827
    1.25336337 0.709816456 1.28049135 0.688033164 1.25533426 0.967578053
    1.39277995 0.778219342 1.37633479 0.975854993 1.56029236 1.50461137
    1.72975004 0.662617505 0.851908445 0.87692374 0.676797569 1.68856704
    0.751641512 1.26230264 1.46727979 1.32882059 1.79656506 1.44456732
    1.55678594 0.850869 1.61955929 0.681670487 0.892899096 0.542883039
    0.628150165 1.6627419 1.45265317 0.997639179 1.13788199 0.662930012
    0.886041284 0.910504758 0.74799037 1.35474861 1.56660092 0.886081398
    1.08807576 0.683586836 0.988267362 1.53159356 1.29974604 0.936937451
    1.21802008 1.54763734 1.66111147 0.595433533 0.648117483 0.785415888
    1.20393062 1.80229104 1.56371486 1.12958443 1.30928719 1.38106918
    1.19917071 1.31637669 1.29359543 1.12579477 0.672290504 1.20068991
    1.39082325 0.554029644 0.959833145 0.905490041 0.790840149
    0.574940145 0.863345265 1.34046078 1.20490122 1.67600214 1.33325005
    1.19965804 0.788418233 0.835267425 1.64158738 1.15230477 1.52702415
    1.15917528 1.73081172 1.75599301 1.10676682 1.04409945 1.13693142
    1.50417817 1.18946552 0.639253497 1.21116996 1.29680979 0.7736817
    1.41921699 1.26335061 1.14951086 1.28249764 0.817479432 1.35362208
    1.02764118 0.967887342 1.22835469 0.995601058 1.04565465 1.49827147
    0.817126095 0.565445483 0.912619591 1.22979999 1.68522847 1.26291132
    1.42312479 1.79685771 1.82677698 1.67753983 1.64856958 1.04817617
    1.24335015 1.55036628 1.64439905 0.763381839 1.26815569 1.45382047
    1.58348274 1.39483213 0.68313098 1.20572758 1.31723905 1.32404184
    1.79558086 1.7537266 1.88939822 1.06661737 1.49853957 1.0362736
    0.596871912 0.904258728 0.981459737 1.02166128 1.36548829
    0.709657013 1.09948158 1.13824522 0.608282447 1.0814786 0.787900805
    0.899579465 0.972302437 1.14212275 1.56579196 0.776262462 1.44053161
    1.06169152 1.26803505 0.83215344 1.28763795 1.08240712 1.52800477
    1.05344689 1.5824914 1.55525494 1.12883437 1.60471928 1.35709226
    1.29904461 0.565576375 0.909955084 1.2875303 0.776479065 1.40794706
    0.514702618 0.646816671 0.867778301 1.48955011 1.16743016
    0.985036969 0.861786962 0.868959486 1.5830754 1.51024604 0.718509197
    0.795917273 1.33448434 1.54402637 1.57180333 0.831733227 1.66713703
    1.25435162 0.692730844 1.17770934 1.62429368 1.73644686 0.793214738
    1.57693434 1.51467085 0.95980233 1.09952927 0.796887934 1.44066441
    0.949530959 1.30259585 1.18483257 1.03057408 1.10968029 1.273983
    0.917000532 1.25627816 1.56410635 1.09951138 1.11404419 1.30676496
    1.81892467 1.39229202 0.966931403 1.38031542 1.8692534 1.57406616
    1.6976347 1.362239 1.36685729 1.83021617 1.71557045 1.07687306
    1.25320995 1.44025326 1.50686407 1.10605419 1.55538821 1.22522092
    0.960403085 1.08635855 0.789950192 0.621970594 0.85764569 1.08238816
    1.19274282 1.15922046 1.62794292 1.6684562 1.26272142 1.32312417
    1.14863372 0.840325296 1.06118798 1.52464533 0.934004247 0.612704933
    0.989762843 1.54756796 1.23336554 1.30376768 1.47263694 1.57815897
    0.910627127 0.82720542 1.23843956 0.803815544 1.21058941 1.25748038
    1.15820014 0.876366973 1.23710108 1.11566854 1.27442777 1.50707066
    1.89022768 1.79184687 1.57058454 0.899333894 0.888736367 1.25828242
    1.76840615 1.48261368 1.4735657 1.03080952 0.743315637 1.23886836
    1.03865862 1.22504163 1.18484008 1.17610192 1.0692811 0.670791984
    0.888862312 0.552285492 1.05533147 1.82472217 1.77367413 0.957822978
    1.61332512 1.41185069 0.990618885 1.31851983 1.4567343 1.17446315
    1.33143651 1.39113295 0.542889178 0.956662774 1.43163514 1.18871367
    1.04381204 0.855617642 1.48619318 1.10896277 0.925372601 1.09013593
    1.53638184 0.840990603 0.957056224 1.53578258 1.51954448 1.01125479
    0.735560119 1.05869639 1.05091119 1.02010417 0.653443038 1.03641677
    0.667359233 0.805683911 0.601168931 1.12510967 0.644479156
    0.881758332 1.15344393 1.2649734 0.93656671 1.3169415 0.933559895
    0.875030756 0.680685699 0.513531387 1.12333524 1.13231087 1.25289321
    0.637240648 0.616821885 1.48120391 1.41064072 1.28018224 0.889773846
    0.633492351 1.05803502 0.939581037 1.6548779 0.874552369 1.21097922
    1.64131701 0.766011119 1.21887147 1.2652334 1.30878735 1.41325128
    1.02255642 0.704616725 1.38161123 1.69223821 0.745420873 1.13708949
    1.65117013 0.949247897 1.58853281 1.54665768 1.18185222 0.903586745
    1.5886426 1.51024675 1.38576078 1.14234877 1.77827287 1.1522156
    0.848498881 0.663423061 1.04480219 1.72651112 1.25665462 1.58108234
    1.48132706 1.08546853 1.20528924 0.642601609 1.40387571 1.13366187
    1.30250895 1.0243504 1.32857084 1.45366549 1.70300102 1.32332885
    1.386325 1.01343346 0.67476964 0.997979879 1.56744659 0.643883169
    1.34665704 1.27517593 0.638808548 1.3587606 1.15184116 0.55218941
    1.16746163 1.28811264 1.65204585 1.69071913 0.710286975 1.45832527
    0.684773505 1.58969665 1.44171262 0.807017207 1.51315928 1.73269701
    1.49217951 1.36804616 1.52159882 1.70339406 1.37108088 1.08693385
    1.32920027 0.686620712 0.53398031 0.629381418 1.60242152 1.24684095
    0.503698051 0.830211341 1.0313201 0.708190322 1.53850389 1.22006559
    1.07873225 1.68707752 0.990926206 0.996816516 1.33508396 1.07632434
    1.68487668 1.45797038 0.942000687 0.965586483 1.01031423 0.869820058
    0.639350057 0.675244629 0.914823055 1.44589674 1.19986606
    0.779251873 1.3618536 1.01075268 1.1159898 1.15283227 1.42623889
    1.53844905 1.75761306 1.5017513 1.69295466 1.5223639 0.914508879
    1.66209137 1.54577065 1.07560813 1.01287997 1.06504846 1.21939445
    1.6255734 0.951470971 1.34926176 1.09298277 1.58927131 1.97263992
    1.912117 1.54619825 1.15996206 1.23004746 1.14843786 0.715559185
    1.00911164 0.962156296 1.32483006 1.38981462 1.22738099 1.08629215
    1.3610419 1.33944571 0.596527874 0.727100194 0.792615831 1.65648746
    0.827481091 0.693484783 0.891353488 1.30506706 1.61708724 1.68709481
    0.997997284 1.26565826 1.56619036 1.04502714 1.09564745 0.799237192
    0.568804383 0.917689621 1.03694725 1.39934206 1.28255105 1.2537365
    1.4484365 0.727293611 1.28399169 1.43243039 1.6669277 0.750510335
    1.57243717 1.48427498 1.70585883 0.731206 0.855156004 1.30774856
    1.65642166 1.48956203 0.728134274 1.07576442 1.49904239 1.75481308
    1.49438512 0.778261065 0.807483435 1.23038161 0.634220719
    0.876300633 0.916379392 1.21870089 1.62893927 1.46630168 1.32436049
    0.829092026 0.918651581 1.34499156 1.34600043 1.6967274 1.21800101
    0.980832934 1.12232208 1.4383266 1.25249171 1.34953642 1.18058527
    0.643999279 0.761547863 0.912323534 0.576004028 0.866634965
    1.7691555 1.59628046 0.933074236 1.10645735 1.62540603 1.67425251
    1.18363369 0.999489486 0.558274269 0.883694649 1.26577604 1.16415119
    0.770586848 1.08389103 1.34623957 0.797334433 0.948777258
    0.788108468 0.884719491 1.4604063 1.49732602 1.33359909 1.34720707
    1.11173236 0.759176254 0.93719095 1.3873862 0.974840462 0.892673373
    1.55318403 1.10155475 1.08369923 1.27644777 1.33075607 0.407815874
    0.648463607 0.600021362 0.570387661 0.803228021 1.19801223
    1.51125312 1.60875571 0.613966763 1.41608942 0.988842428 1.76541924
    1.72211552 1.61462402 1.13043952 1.65745354 0.834013283 1.06263077
    0.82837224 0.772125959 0.884822249 1.07123387 1.34660721 1.48599565
    1.40315866 1.0636996 1.68878841 1.45396066 0.91826421 1.65789783
    1.25898051 1.10017669 0.509991586 0.52791363 1.11199141 1.20361269
    1.62735283 1.61545336 1.60650766 0.8308599 1.01363456 1.25124097
    1.47355032 1.28358436 0.597158134 0.685085714 1.14783275 1.68159366
    1.27277148 1.14201152 0.829101503 0.7584095 1.1635164 1.14024591
    0.917209268 1.07093716 0.88274467 0.799534261 1.52700865 1.66073537
    1.1327641 1.55296946 1.14575696 0.817045212 1.17783427 0.884773254
    0.97779572 0.844976723 0.936979949 1.35350287 1.58114755 1.12028778
    0.750996768 0.65518105 0.734204173 1.09630978 0.98295927 1.09531903
    0.717339575 0.880521178 1.01857507 1.40286994 1.05437434 1.00038624
    1.27317142 1.67584372 1.06996298 1.58773983 0.771004677 1.56446695
    0.993718326 1.79732084 1.46868885 0.880793095 0.947820306 1.61592829
    1.16597176 0.856558442 1.39334774 1.76887119 0.906450272 1.4696691
    1.66012871 1.02578366 1.09553099 1.70169377 1.24025834 1.62707627
    1.54099154 1.7119298 1.39803624 0.589296401 0.647906542 0.544420719
    1.2275604 1.09582758 0.817403793 1.58424449 1.54375553 1.10036576
    1.10760009 1.72018409 1.50927615 1.10681498 1.30252814 1.12597013
    1.50834405 1.52820623 1.52197027 1.15415287 1.00175381 0.560753047
    0.958794951 1.31312907 1.64011133 1.37764394 1.49778652 1.34095478
    1.76986492 1.09068048 1.8389169 1.29901028 1.69627905 1.80297494
    1.04812562 0.789490819 1.08828962 1.20815706 0.839371324 1.02516711
    1.45115995 0.856429935 0.813064635 0.726366103 1.18100703 1.02339268
    1.09276402 1.23570096 1.22776186 1.13903534 0.701953769 1.15925682
    1.64951634 1.55616391 1.08819377 1.45940781 0.995486856 0.974916935
    0.720278502 1.37045443 0.802270412 1.57295644 1.43585551 1.72857964
    1.61804855 1.24082017 1.6928997 1.00618303 1.81596839 1.73053026
    1.41759145 1.13441133 1.59117281 1.15959668 1.16018784 1.06372821
    1.57271993 1.51086581 1.67347884 1.42374003 1.00411105 1.5127933
    1.33364201 1.57410431 0.849698544 0.809206605 1.10324538 1.06689548
    0.963188767 1.60695851 0.825693369 1.00872159 0.799086273 1.63697278
    0.944530725 0.699599028 0.867218196 0.753520191 1.10437739
    1.60882676 1.09313965 1.64546478 1.38506234 1.44863617 0.710143745
    0.925187409 1.67179859 1.16153049 1.12229526 1.26449597 0.580376565
    1.00672007 1.63298285 1.135221 0.783415854 1.31389689 0.908505559
    1.38004827 0.858549297 1.134148 0.946664214 0.851492226 1.17335796
    1.35248327 0.912552238 0.882200718 1.44390404 1.3961091 1.42564893
    0.898516834 0.535853803 0.529082596 0.87297076 1.29844797 1.430161
    1.30694664 1.05966461 1.02579856 0.741295218 0.663557887 0.711245477
    1.46936369 1.59517813 0.870504558 1.59423947 1.42661047 0.696782351
    0.840842009 1.35893679 0.500360429 1.4054507 0.887950361 1.17170227
    1.75971735 0.725338161 0.892127454 1.28350902 1.7608006 1.46655202
    1.55901098 0.788221478 1.22169435 1.49470222 1.45039344 0.849790454
    1.03014791 1.0766331 0.814563572 1.20068979 1.19554603 1.108073
    1.5531553 1.45153165 1.78648722 1.46507394 0.812589169 1.64932811
    0.701109767 0.692804873 0.624460578 0.952282727 0.88445437
    1.70411301 1.44014812 1.69683337 1.10848498 1.67667246 1.66896188
    1.37898982 0.621061623 0.669566453 1.24097383 1.50667405 1.37521982
    1.68571103 1.31760955 1.50017095 0.571750343 0.910147727 0.763272822
    1.12895107 1.38524306 0.947051167 1.34175599 1.62918305 1.51198399
    1.41006696 1.14304459 1.23882043 0.754269779 1.27699733 0.761608183
    0.569965184 0.946834743 1.69983864 1.42952526 1.1167835 1.28485548
    0.976746082 0.448273361 0.575990438 0.722852886 1.3789351
    0.862544596 0.55607909 0.63875246 1.62864709 1.64458883 0.673641682
    1.05150545 1.50097013 1.39045596 1.47206867 1.28041625 1.46401465
    1.28952086 1.70263922 1.23260224 1.19593585 1.24037218 0.802735865
    1.08699703 1.23173141 1.71542144 0.77834028 1.55914724 1.5233674
    1.51131022 0.950270236 1.5141207 1.34732664 1.22256076 1.62856209
    0.655666232 0.973373115 1.01653337 1.1562953 1.49570549 1.49213827
    0.648590326 1.09681261 1.53855884 0.949229956 1.69224036 1.71352971
    0.987888515 1.12344182 1.62414801 1.15892398 1.46159172 1.16999948
    1.0701369 0.973703802 1.49584472 1.76863003 1.29552042 1.00571251
    1.42559361 0.892093539 0.758441389 1.5435853 1.62242937 0.821263075
    1.36661613 1.87955642 1.83796918 0.85651356 0.897928298 1.41461074
    1.67136741 1.45992291 1.1521101 1.47138488 1.35634029 1.38625073
    0.559712946 0.9388026 0.854085863 1.49393904 0.770233035 1.44266415
    0.774445236 1.58283281 0.915648997 0.920468032 0.405963182
    0.56212759 1.59151244 1.21616805 1.25994134 1.52058959 1.14160669
    0.733484209 1.03645658 0.915558815 0.582386911 1.19282544 0.79791081
    1.15867805 0.883649349 1.49160218 1.4277283 0.960357249 0.787709177
    1.72703636 1.46885908 1.04787064 0.908450186 1.35939598 1.11180735
    1.68635523 0.830830574 1.26933646 1.32663858 0.841798484 1.27951801
    0.955918133 1.20342577 1.37408233 1.02372086 0.667045891 0.632964671
    0.637948632 0.973327816 0.851111412 1.54483688 1.21419024
    0.595602632 1.08096778 1.19033432 1.19377339 0.815018237 1.33106816
    0.560011208 1.43738174 0.861274064 1.0590421 0.922396123 1.26907325
    0.970294297 0.921230853 1.50472414 1.75635684 0.991676331
    0.726729989 0.571710944 0.655162036 1.53142524 1.5216279 1.55589271
    1.65278721 1.22210765 0.723717153 0.797049642 1.0105983 1.26637411
    0.978748024 0.899495602 0.564526677 1.28730285 0.910973907
    0.92941004 0.927906811 0.68306911 1.06557095 0.995588243 0.741643965
    0.720167935 1.0208832 0.93631357 0.78391403 0.756146312 1.20908487
    1.22339797 1.24878383 1.49464273 1.70826662 0.817671299 1.66494572
    0.60616523 1.34015465 0.84916687 1.15445018 1.12148893 1.4986757
    0.563613832 0.792642593 1.15543604 0.902164638 1.75727105 1.3349123
    1.68257427 1.78293931 1.24101412 0.944064677 0.881222606 1.53529394
    1.06490612 1.46939385 1.24101281 0.873544335 0.652436435 1.0880456
    0.996501207 1.70508218 1.11623287 1.253178 1.22510779 1.16601527
    0.839067817 1.25380957 1.4996928 1.44390607 1.40138781 0.923846602
    0.520730019 1.42800617 1.64388669 0.717050254 0.721488416 1.42573738
    1.54889238 1.59794164 0.683633745 0.702710748 1.2973913 1.3749454
    1.18644083 0.711076558 1.45570052 1.79722488 1.00919604 1.01068842
    1.38161349 0.886189759 1.61887622 1.15145147 1.57996368 0.748481452
    1.32007468 0.949078739 0.769805908 0.809837639 1.62119031 1.34579074
    1.68790197 1.70849001 1.09452808 0.693676472 1.67029929 1.31540549
    1.712677 1.30354369 1.07186246 1.1521368 0.932993591 1.17359865
    1.42182922 0.684533238 0.712366104 0.902338982 1.50479507 1.20159495
    1.50558424 0.732985795 0.818982124 1.1770345 1.07416224 0.924333453
    0.733967721 1.12408197 1.74584723 1.59282911 1.46766198 0.725478709
    0.612176239 0.64048034 0.921589255 1.43898821 1.24024987 1.77755213
    0.939498544 1.38433158 1.15515792 0.809126437 1.02991843 0.9874084
    1.59336054 1.10726333 0.697101891 1.5185827 1.09867632 1.49992466
    1.29915249 1.60483944 0.913499594 1.69264495 1.75736773 1.67200398
    0.848906517 1.50342917 0.768657565 0.762873709 1.4024241 1.0502212
    1.05039346 0.763534069 0.936318338 1.49290717 0.939276814 1.1939497
    1.20295429 0.666206241 0.762187064 1.25500989 1.73533201 1.26628733
    1.51983535 1.73504424 1.85878754 0.893154025 1.80927598 1.80959404
    1.09036875 1.07648766 1.33740437 1.40447056 1.06980741 0.714116156
    0.752108514 1.07486892 0.905082405 1.02419364 0.701738358
    0.755863726 1.02524459 0.893371522 0.829535961 1.69976521 1.38724482
    0.603904247 0.419935584 0.934575617 1.69061613 1.62469983 1.51496446
    1.56315577 0.697205245 0.897966027 0.878540158 0.582199991
    1.42370415 0.653625607 1.12235463 1.48443842 1.1024704 1.07271826
    0.929433584 1.54268873 0.816629767 1.71074152 1.01477551 1.3916384
    0.663170993 1.44166696 1.62489414 1.35309005 0.885836899 1.19594979
    0.860783339 0.98353821 1.52018893 1.59593284 0.716482937 0.86854285
    1.41143966 1.02576184 0.636562645 1.43497121 1.2898494 0.807776392
    1.09188318 0.874436557 0.97717762 1.53345907 1.70921242 1.76223826
    1.62878406 1.00155926 0.863739312 1.01079762 1.38974226 0.791919172
    1.21826923 1.63359845 1.2121439 1.56704175 0.986286938 1.65141857
    0.71119225 1.57702613 1.58647895 0.655823827 1.61179471 1.75149071
    0.786471844 1.60359585 1.01029432 1.58149183 1.57947743 0.643177688
    0.648830354 1.37149072 0.57247597 0.737430453 0.56935674 1.04251122
    0.853165686 1.16111004 1.58730316 0.7831586 1.04404426 0.711842
    1.30539548 1.51812732 1.57314861 0.841039956 0.538811147 1.39969599
    0.87506032 1.01709795 1.70758259 0.991780579 1.3224957 0.988033056
    0.733567894 0.50733155 0.481368124 0.748364866 0.624864936
    1.23629677 0.898710847 0.79629463 1.39863563 1.42582381 0.690318406
    1.73783445 1.68666971 0.972090304 1.19372439 1.52788675 1.66662443
    0.748617053 0.940791011 1.21496463 1.57749271 1.14427912 0.764496028
    0.784787357 1.21763194 1.67664242 1.67228591 1.19114637 1.34735179
    1.23389447 0.826671481 0.910813749 0.73649317 1.32070267 1.14176202
    0.917971432 1.14749801 1.15862644 0.776587784 0.69028604 1.07198
    0.689723313 0.955241621 0.959604859 1.17770791 1.18332207 1.40733755
    1.21035409 0.993634582 1.58368969 1.08611202 1.54023015 1.49135256
    1.51789427 0.813206077 1.6493088 1.74737215 0.9654181 1.31552589
    0.713781416 0.631320775 1.27300942 1.41381741 1.23541701 1.19131637
    1.2670846 1.87338185 1.49689138 1.56681049 1.31659114 1.26557744
    1.19309926 1.43395376 1.63214755 1.0629847 0.665346742 1.17073023
    0.982566595 1.42953539 0.755988359 0.453341872 0.555537343
    0.823236167 0.695301056 1.45880342 1.16235912 0.908235073 1.71024537
    1.55693793 1.39816415 1.17932343 1.44990778 0.657513916 0.778325737
    0.739100754 0.728827536 0.696711123 0.819501579 1.56438434
    1.42258906 1.52935684 1.59672749 0.989916146 1.66716385 0.974290073
    1.56841874 1.36521089 1.75370228 0.978319466 1.07133973 1.47964835
    1.5310241 1.19437945 1.5608449 1.27155817 1.11231053 1.46846819
    1.17861056 1.07120299 1.02534819 1.28617024 0.674559116 1.2425698
    1.55630517 1.38010561 0.714476705 1.49429929 1.57442117 1.48383033
    1.53706074 1.78856766 1.81017768 1.48351145 1.54842365 1.62816226
    1.18549907 1.62305915 0.7819013 1.16110361 1.52795362 1.44387126
    1.68359089 1.74664545 1.37918448 1.39684486 1.24358535 1.32599628
    1.27187896 1.29792058 0.749718308 1.01630592 0.819197118 1.29373276
    1.04924619 0.817511201 1.06585741 0.712322593 1.24966276 0.710851908
    1.01218367 1.48061085 0.772179365 0.893221796 1.05240321 0.809153974
    1.08185863 1.37208116 1.18073678 0.550691307 0.509948015 0.978831172
    0.517056525 0.663971961 1.37610745 1.49780118 1.64919746 1.6468277
    1.36730468 0.939659059 0.789295316 0.721053362 1.38286698
    0.739079237 1.37213624 1.37040174 1.43532705 1.73499823 0.829803884
    0.731446266 0.958716154 0.796261907 1.62360442 1.409114 1.17472458
    1.62333071 1.56796718 1.52632701 1.17316902 1.13912797 0.873400927
    1.3613739 1.48119724 1.03939474 1.31630898 0.835492671 0.728342056
    1.46246564 1.08469951 0.81706804 1.51768351 0.905825913 0.757960141
    1.28625488 1.4783479 1.58723533 1.81211197 1.47592795 1.1698873
    1.51904356 0.850984335 1.51687694 1.3342911 1.3456732 1.06046259
    1.08721566 0.963183582 0.617995501 1.10455966 0.856126368 0.76466006
    1.48393214 1.1415931 0.811351538 0.849872351 0.730103552 0.905023515
    1.19563675 1.26644993 1.63707054 0.652340353 0.854601681 0.911518812
    1.07121027 0.602541864 1.06348467 1.48825967 1.32833707 0.606672347
    0.560833216 0.773760319 1.63753963 1.54427409 1.82633066 1.2421304
    1.41789424 0.711280882 1.29263818 0.711628139 0.393674284 1.49047649
    1.56489944 0.719645202 1.23866034 0.970720232 1.06791687 0.582316935
    0.611050427 1.55188227 1.04828513 1.65548933 1.32965147 1.33483601
    1.44298398 1.28742921 1.42080104 0.755178928 1.56005526 1.60914338
    1.35988104 0.69641006 1.51166749 1.02717209 1.41451514 1.17681336
    1.38002706 0.894690394 0.956080675 1.22708893 1.35282087 1.43485856
    1.61074781 1.64010549 1.3397994 1.47924423 0.891831636 1.18931389
    1.17804074 0.599249423 0.880313039 1.07766581 0.700993478 1.4212985
    1.54632783 1.70210636 0.764699757 0.867037952 1.75366557 1.71229231
    1.71689224 1.64234555 0.675013959 0.884221494 1.56377625 1.30062759
    1.31678975 1.65611243 1.47269285 0.908763289 1.3478806 1.69752872
    1.71121943 1.88201773 1.24011147 1.79295409 0.833619356 1.07449865
    1.67096221 0.81543988 0.658327639 0.641281426 1.41414297 1.26004517
    0.955499053 0.832777381 0.810292482 0.834493041 1.14719725
    1.29367876 1.63543093 0.855706334 1.3444128 1.44852996 0.900503278
    1.69235635 1.094993 1.01311946 1.60474586 1.51881564 0.795300424
    1.35502779 1.01175523 1.07160771 1.19341755 1.60480893 1.61643326
    1.59054315 0.812379062 1.65158272 1.51899135 1.0988121 0.597437739
    0.683666348 1.4664799 1.14591897 1.39474857 0.752568424 1.58663177
    1.21490562 1.59096515 1.0516448 0.862458825 1.31576252 1.45158756
    1.80681038 1.61652076 0.892645121 0.902302682 0.601699531
    0.971476376 0.798816264 1.51018214 0.865317166 1.6797502 0.800923109
    1.54757249 1.06227982 1.20300162 1.87017262 1.62124121 1.11533153
    1.25995791 1.62672651 1.49199975 0.884011507 0.810187519 1.35194683
    1.00345433 0.8572523 0.958696544 0.762801409 1.22437704 0.706299365
    0.981516063 0.95424211 0.744853318 0.988726497 0.503589034
    1.15653348 0.592367589 0.619962394 1.2420162 1.72549236 1.72732258
    0.842462122 1.63820934 1.6655643 1.13292515 1.267941 1.54711938
    0.771495461 1.0803504 1.53127789 1.83783555 1.23253226 1.01168168
    1.45925498 1.05338013 1.57203293 0.981394529 1.69718397 1.57860529
    1.32551825 1.29145491 1.55012619 1.63895416 0.783785582 0.576115131
    1.23001981 1.0412519 1.71201134 0.9031201 1.82399631 0.862346053
    1.59223831 1.10476279 1.62228632 1.3498894 1.18463802 1.15445459
    1.40455973 1.05383563 0.902894795 1.01329732 0.807653785 0.655792356
    1.18263686 0.976549208 0.763011158 1.03240955 1.38367057 1.58228886
    0.992816687 0.512130082 0.875511289 1.21717048 1.12857878 1.10275829
    0.854848027 1.47239113 1.64469361 1.02408707 1.52668405 0.793439209
    1.1384052 0.82660228 1.6766156 1.78262436 1.05007672 1.07105649
    1.21702683 1.37669027 0.958512843 1.30985844 1.13286066 1.06849027
    1.21515048 1.73420453 0.947770655 0.95625931 0.603890061 1.23708808
    0.993072033 1.31451464 0.956081867 1.02701747 1.57729888 1.07330155
    1.05179393 1.52084613 0.713767886 0.97388649 0.878062308 0.871442199
    1.61275434 1.34504008 0.773702502 0.699322045 1.68421972 1.76596248
    1.31001914 0.948256791 0.630175769 0.783588111 1.50114524 1.02990615
    1.14401519 0.831459761 0.975385547 0.979906201 1.50496817 1.07948291
    0.47365135 0.733480334 1.19514287 1.03591859 1.67484105 0.886964023
    0.720871687 1.28837299 0.776188552 0.851320505 1.41413343 1.8250469
    1.80041683 1.35526848 1.54662061 1.31840348 1.48076952 0.789406955
    1.02444971 1.52072299 1.17465341 1.02688837 1.21677172 1.14252746
    1.45354962 1.73432171 1.01989663 1.67920077 0.843533158 1.41077912
    0.887203395 1.33293283 0.618457854 0.831330657 1.31418598
    0.598911643 1.1070863 1.15513027 1.11786997 1.47326577 1.04075217
    1.46472919 1.90634441 1.53359771 1.07177997 1.35213482 1.13286734
    0.989846289 1.03243089 1.79750419 1.76529992 0.987529457 1.17027187
    0.894734263 1.60140276 1.56479371 1.70427501 1.55452347 1.02280533
    1.20015204 0.828675568 1.43767774 0.951260209 1.02085495 0.832707167
    1.47694838 0.689324796 0.845087409 1.3617034 1.38609338 0.98206377
    1.08502626 1.16077769 1.20436215 1.62573445 1.57124448 0.895146847
    1.0512675 0.680116296 0.904487729 1.64437521 1.33048987 1.69166112
    1.14956224 1.78337884 1.35481298 1.11188567 0.912526488 1.40506935
    1.10403955 1.44193459 1.55694175 0.805714011 1.55822015 1.18879974
    1.21275949 0.567410469 0.706680357 1.12384725 1.35043454 0.454524428
    0.441730857 0.555662215 1.38619769 0.81260556 0.664182544 1.71665764
    1.73482645 1.14554501 1.28451896 1.48830235 1.14744425 1.38822329
    0.766449153 0.752795279 1.39385891 1.1947335 1.46301627 1.39461315
    1.16111565 0.793206632 1.80042136 1.72692919 0.870277226 1.40273535
    0.585802078 1.2292012 1.37119687 0.716263294 0.847367167 1.21588969
    1.1892277 0.879982114 1.35188675 0.969851732 0.873911083 1.03998971
    1.43671632 1.08758855 1.27479637 1.3276608 1.05129111 0.563092232
    0.602902889 1.01467776 1.48484278 1.10550904 1.59579349 1.70590413
    1.4567349 1.47852862 1.29149234 1.16734982 0.802313626 1.1212666
    1.02733147 1.53438818 1.70695901 1.75736046 1.74417758 1.44804585
    1.38031578 0.806690872 1.07777667 1.11216581 1.75319552 1.70156991
    1.24075353 0.816837788 1.09136879 0.913392007 1.14487684 1.56653798
    1.41965878 1.2995472 1.81554163 1.79307079 1.22483051 0.826058209
    0.675516844 0.70820713 1.10347676 1.72353232 1.78812575 1.62083185
    0.846624553 1.03994274 1.2444061 1.17871583 0.773774683 0.854962289
    1.39264917 1.05578256 1.38533306 1.73745859 0.954699457 0.601926088
    0.431528986 0.767638087 1.52307355 1.33807731 0.876992345 1.54704237
    0.643056333 0.789675772 1.7844063 1.84669781 1.68714595 0.769231796
    0.96513629 1.25283062 1.05399525 1.32750881 1.63017249 1.10874343
    0.641137242 1.22153103 0.694075525 1.01319444 0.945849478 1.15887475
    1.64663386 1.02091455 0.576161146 0.483670413 0.750195861 1.20651436
    1.27208185 0.731339157 1.36434686 1.48927653 1.51210117 0.897542357
    1.29057157 1.72385406 1.55814564 1.45761347 0.776512027 1.46252954
    0.808502138 1.50360107 0.885877967 1.10711098 0.97168225 1.03491521
    1.33191192 0.54218924 1.03662944 1.59799409 0.620188296 1.38780487
    1.1454494 1.71412575 1.70511711 1.13172448 1.10011244 0.756448865
    1.50273275 1.55271316 0.668821752 1.33906877 1.3503685 1.29029667
    1.67339849 1.26717567 1.21596837 1.3738414 0.947965086 1.16683173
    1.71974468 0.81502521 1.42778111 0.853364348 0.717070162 1.66065848
    1.00827599 1.43506825 0.988430321 1.62090409 1.19133747 1.17041957
    1.32563257 0.7760427 0.708824098 1.15331435 1.35768032 1.19685948
    1.0544374 1.26865935 1.14857626 0.594822407 1.12097812 0.873116791
    1.70906734 1.32618892 0.660869896 1.63895226 1.64039409 1.28632057
    0.932167053 0.70027101 1.22314811 1.3872472 0.72590661 1.11015654
    1.17126465 1.64466822 0.755355 1.04840827 1.5591805 1.00473619
    1.67725885 1.09828186 1.6500864 1.49649405 1.76250076 1.18283927
    0.891253471 1.54169798 1.28060389 0.672572434 0.74335444 1.37174237
    0.831705809 1.15283573 0.875486195 1.1451242 0.949581146 1.12385964
    0.664436638 0.73059988 0.665570676 1.52255809 0.677202642 1.34473825
    0.634938598 0.991844177 1.2176764 1.04854524 1.47699261 1.72233701
    1.34809518 1.07319748 1.62983656 0.69026345 0.62193048 1.55535257
    1.75050044 1.42494106 1.6394769 0.738104224 1.59797084 0.706044853
    1.34034431 1.35712337 0.567835033 0.50999999 0.364216298 0.891242564
    0.90541327 0.670648456 1.63011265 1.45626128 1.40125322 0.80903542
    0.576518059 0.962424874 1.10755014 1.32483244 1.37792504 0.96112746
    1.10905194 0.752952695 0.807647169 1.30703676 1.00589252 1.6465857
    1.0489738 1.6184119 1.41894901 0.509877086 0.482733279 1.05027688
    0.962824881 0.651316404 0.55523181 1.09312904 0.751255512 1.42077696
    1.7157681 1.73931563 1.40156996 0.739461243 1.50051093 1.5308938
    1.45576799 0.786410451 1.52314186 0.478543818 0.528510153
    0.914304674 0.853943825 1.55539978 1.56317341 0.724932134 1.44575548
    0.763686657 0.689113617 0.607333481 1.475721 0.869995117 1.6662972
    1.43235743 1.39630461 1.37100422 1.117993 1.2161628 0.705695271
    1.48049283 1.59089613 1.00904667 1.10572088 1.35296476 1.32185173
    0.842357457 0.705816984 1.32700443 1.05127335 0.696529746 1.52455568
    1.15873539 1.2864151 1.48635197 1.3349756 1.4592495 1.65730739
    1.22456408 1.03228474 1.59487879 1.08515286 1.54507685 1.00262284
    1.39489746 1.3273443 0.944864452 0.55463028 1.26260746 1.19013429
    1.22947097 1.54598618 1.2169919 0.742476046 0.844242752 1.12006068
    0.97036612 1.35459411 0.897933662 1.2792592 1.14472854 0.822651625
    0.849948227 1.35586858 1.89327562 1.77608573 1.40684247 1.23645926
    1.57280421 0.880417287 0.945365548 0.602442026 1.56723428 1.17272472
    0.662248433 0.807810545 1.47427654 1.35187459 1.64332497 0.781145871
    1.20501888 0.98614943 1.38209629 1.14771926 0.637461364 1.68868041
    0.986120164 1.50727487 1.7166971 1.25823724 0.687123239 1.50797415
    1.13833952 1.42567778 1.34187019 1.02621782 0.658334732 0.948860824
    1.21165204 1.08214772 0.847593904 1.1430136 0.863538504 1.00369716
    0.742523909 1.09710968 1.18204534 1.28951097 0.472054034 1.51427388
    0.897303402 0.857977509 1.38341129 1.48358679 1.63969541 1.1166085
    0.630971789 1.27486849 1.03561544 1.06832755 1.70295405 0.934842348
    0.736088932 1.44199252 1.54502702 1.1095202 0.814456284 1.32546079
    1.46442199 1.45052123 0.769520998 0.682743549 1.24189878 1.24646628
    1.44617665 1.04779041 1.66162777 0.677886248 0.69950676 0.870424092
    1.34203446 1.28369772 1.71999788 1.1105485 0.685947955 1.45348728
    0.687927306 0.817996919 0.617640495 1.31257927 0.707250953
    1.29836154 1.56624174 0.791308165 1.0819999 0.991075635 1.51749158
    1.38014102 1.52603841 1.46136057 1.14768648 0.835218251 1.33725286
    1.35195959 1.62758732 1.41878068 1.27045572 1.38274765 1.56725287
    1.31872463 1.37200022 1.21377778 1.775648 1.53249919 0.650025189
    1.17684317 0.753437638 0.825920641 1.15060639 1.38191628 0.70878154
    1.37239134 1.07528102 1.08785486 0.752126455 1.27052522 1.2988106
    1.54651618 1.37341762 0.859012306 1.34050059 1.36296749 0.68457377
    0.457030922 1.0878129 0.97504431 1.00423157 1.80650127 1.8258245
    1.56526995 1.39958775 0.931469917 1.16247153 0.671368241 1.23949754
    0.995626152 1.84132481 1.45429754 0.940170169 1.46887279 0.567003012
    0.575532615 1.61042655 1.13456762 0.487504452 0.439840645
    0.625660717 0.463454574 0.84467566 1.24931169 0.74644953 0.592405021
    0.734409094 0.777149022 0.805264294 1.45245779 0.711390078
    0.847998857 1.52557826 0.575445473 0.566170692 1.39876831
    0.700172186 1.44164979 1.41011047 0.982696891 1.38135183 0.720975935
    0.623339832 0.630152702 0.910953045 1.04909873 1.41046119
    0.758663833 1.59463298 1.28616869 0.764632404 1.59477556 1.76325846
    0.738297105 0.944468677 1.84185493 1.23825276 0.853361368 1.29165721
    0.743764758 0.708508372 0.790163994 0.94630146 1.22621727
    0.890810907 1.21563017 1.05022442 0.762845874 0.488186508
    0.377740711 0.741662145 1.34438455 1.58305526 1.48127639 1.59604084
    1.71316743 0.899677336 0.817646742 1.50999641 0.802291632
    0.948932648 1.02047908 1.30431533 1.04833984 1.27337182 1.29992068
    1.20571291 1.3857348 1.58904648 1.0864836 1.3827318 0.780589759
    1.21754241 1.41253912 1.5663383 1.16919959 1.18686831 0.907959044
    1.68772769 0.630868018 1.08243191 0.614707053 0.71523279 1.65974545
    1.64683282 0.761899233 1.264328 0.742900491 0.635647357 1.16562057
    1.13324845 0.893696427 1.61504233 0.61169821 0.893113375 0.648244262
    1.39992666 0.703811824 0.488401443 0.902255893 1.69147205 1.49009407
    1.07430482 1.55656087 1.56464124 1.10558033 0.936514556 1.35856783
    1.28159964 0.808713257 1.17454624 0.58008033 0.746535063 1.64708233
    0.864005327 1.00250399 1.31821406 0.671052814 1.04305077 1.43614674
    1.23105347 1.01116168 1.56122231 0.948092401 0.821843743 1.5592829
    1.47295785 1.74015474 1.27149248 0.692769647 0.673435748 0.817231476
    1.09252214 1.45315611 1.80411839 1.34378278 1.44568658 1.4902457
    0.59560746 0.716385484 1.13998914 1.42788994 1.05194926 0.49291122
    1.30024207 0.596373081 1.02719247 1.28050125 0.666327953 0.958520889
    0.664214611 1.16215718 0.692198694 1.79151237 1.65200102 1.13075387
    0.673831344 1.54365706 1.31045485 1.09642112 1.68119025 1.43575001
    0.763824046 1.45043385 1.72293818 1.26972437 1.27708459 0.699480355
    1.01549828 1.21620083 0.8831954 1.51695967 1.53147304 1.68196201
    1.27532971 1.71207905 1.74847543 0.867506802 0.874339223 1.04964674
    1.43862355 1.53470111 1.52661288 1.60790348 0.777538657 0.981651962
    1.36182523 0.758212268 0.994687259 1.49735188 0.639092624
    0.726928473 1.36374998 0.568982184 1.11702287 0.597014189
    0.718661368 1.27795601 1.48743677 0.743518889 1.69243121 1.73895633
    1.0566144 1.66657197 0.882559955 0.893083751 0.84102869 1.75694871
    1.21552587 1.08177292 0.839289904 1.63205969 0.793716848 1.53864706
    0.954218447 0.796482623 1.59974194 1.41835415 0.882759035
    0.894711137 1.40919507 0.912913978 1.12002206 0.776949406 1.63405609
    1.57831526 1.7529242 1.58897829 1.47651398 0.964314759 0.901226163
    0.514332771 0.498286486 0.550707698 1.26386058 1.71650279 1.54667449
    0.85195893 1.46606553 0.898348451 0.631481767 0.840830564
    0.972673714 1.73852229 1.81142294 1.67233169 1.38442576 1.43334055
    1.67336082 1.56325674 1.11817884 0.85485363 1.51619816 0.817734718
    1.46168292 1.28997064 1.51223707 0.493890256 0.735701561 0.842797279
    0.695385873 1.10055292 1.32147789 1.50054276 0.829697073 0.912872314
    1.01263213 1.5921185 0.935140729 0.688127697 1.2984246 0.837904453
    0.618828535 0.690800548 1.04894185 0.979443073 1.5191406 1.19322777
    1.61067593 1.62071455 1.54460526 0.808021367 0.839339554 0.910894334
    1.49012327 1.16887832 0.672329664 1.55195045 1.08629954 1.06835461
    1.67326641 1.89041245 1.7075268 1.0973444 1.56691861 0.788302183
    1.04525471 1.36715531 0.929667413 1.42480743 1.48479867 0.627698839
    1.34823525 0.850477338 0.441688627 0.76007992 0.927784443 1.53160357
    1.42142701 0.916305304 1.46443546 0.838123977 1.2442112 1.0823909
    1.00007153 1.13548052 0.673608541 0.940425515 1.44399691 0.91606468
    1.36136234 1.41689599 1.42432463 1.13072455 0.931224167 0.590365767
    1.50680852 0.717027247 0.572189808 1.27758884 1.70540428 1.02876163
    1.01021719 1.36708653 1.29943371 1.18594396 0.739988744 1.5133636
    1.13069952 1.70500219 1.16840363 1.54465234 1.64636767 1.34294415
    1.28886235 1.06408298 1.18939972 0.994006574 0.732385695 1.30588555
    1.29209375 0.66228044 0.552101016 0.585241437 0.662468076 1.3406148
    1.22847068 1.48215234 1.67476046 1.13221085 1.33735514 0.991080999
    1.07025278 1.11351597 1.15977848 0.721083403 0.981129825 1.25361025
    0.746696889 1.11582398 1.74480665 1.43333101 1.61856329 0.958902776
    0.653464675 0.631671309 0.964371145 1.63572407 0.66503942
    0.780520499 1.31099701 1.34516919 1.13410068 1.62425601 0.870770931
    0.540518165 0.507482409 1.28489876 1.77419364 1.69278717 1.67005622
    1.46853614 1.60413909 0.620391548 0.446095049 0.661969125
    0.681018412 1.39991915 1.03500426 0.648170412 0.665190935
    0.592253745 1.26091778 0.778057337 0.860428214 0.93792659 0.93445617
    1.55888999 0.651547492 1.57494557 1.61063337 0.813435793 1.29024696
    1.46617317 1.6748637 1.06488061 1.50069904 0.626812458 0.942116261
    0.892311275 1.03120232 0.920805216 0.62264657 0.656205118
    0.617402256 0.531548142 0.827782869 0.59950459 0.970639467
    1.75123191 1.78968203 1.4643234 1.03732336 1.14386821 0.776791513
    0.980811417 0.85440129 0.6389907 1.09219468 1.34498608 1.03811526
    0.646093905 1.0818131 0.874510765 1.54108942 1.48616695 1.03340602
    1.36178577 0.667686164 0.972828627 0.485965282 0.62986517
    0.604388416 1.51856661 0.959271729 1.32706559 1.14316452 1.48484862
    0.937369764 0.805507541 1.14561546 1.53498113 1.62011254 1.66163707
    1.66419005 0.972820103 1.35684645 1.36718071 0.658501208 1.09888971
    1.30206692 1.45298076 0.727293313 1.46767449 0.84688735 0.862524807
    1.22625744 0.690858245 0.467091411 1.0759536 1.61408436 0.750062585
    1.68104696 0.736906826 1.11629856 1.13380158 1.03176785 1.26783705
    0.461210877 0.805467367 0.732181668 1.61769485 1.61808968 1.48149109
    1.50255179 0.512377203 0.493271321 0.492076337 1.29250824 1.84795642
    1.01685762 1.15981066 1.0399636 1.26828182 1.12922084 0.874403417
    0.537794948 0.488588601 0.948179185 1.09023476 1.59420776 1.3257544
    1.10950959 1.1948477 0.656487763 0.805600584 1.0212872 1.51554453
    0.98480463 1.04164052 0.817237973 0.916477323 1.07365048 0.765080631
    1.30927777 0.802147746 1.37728858 1.52339482 0.7839697 0.520025909
    1.6189394 1.81491888 1.61462092 1.41023123 1.30045366 0.814737558
    1.72441518 1.48035729 0.86819768 0.651955068 1.46869302 1.61480236
    0.826140046 0.610817373 0.791019678 0.851410329 1.11048222
    1.55026329 1.70792365 0.658361495 1.19437146 1.65846229 1.40940213
    1.37809825 1.53047407 1.05954337 1.00156951 0.855832994 1.03759742
    0.94635421 0.570263028 0.365701467 0.541675448 0.671431541
    1.57553661 1.09829128 0.698248267 1.45177674 1.56521285 1.16217136
    0.769585252 0.650666058 0.564637482 0.950190723 0.783058107
    0.773599923 0.536636055 1.09458399 0.78469944 1.40329754 0.745810568
    0.722890556 0.691816568 1.38828206 0.817428589 1.16174853 1.23547339
    1.02682412 1.41279566 0.660298645 0.681123197 1.31725729 0.555030107
    0.679352105 0.772400737 1.46398747 1.36609018 1.13050258 0.991190553
    0.707090318 1.41127872 0.799282014 0.580084562 1.10630333
    0.745204926 0.814401388 1.31907964 1.1364975 0.972437441 1.50731051
    0.84538883 0.640339434 0.918170035 1.4286679 1.19656658 1.16255367
    1.41893327 1.65080357 0.944559515 1.07819724 0.700357199 1.59691763
    1.6092186 1.55309832 0.787582755 1.28266084 1.5302496 0.88521862
    0.716559112 0.50752604 0.564627111 1.14446795 1.2606616 1.37154818
    1.40796983 0.777915716 1.14318562 1.39316213 1.67525649 0.824900985
    0.636929393 1.21005964 0.691478968 1.63550639 1.38338912 1.52935767
    1.45558858 1.71085417 1.17829156 1.3902781 0.632326961 0.7519871
    1.34127367 0.997355402 0.9975667 0.900141895 0.716652751 1.29542851
    1.63773119 0.939612627 0.654542148 1.43191969 1.3253057 1.2689271
    0.699015379 1.34674537 1.67160761 1.17492008 1.41564119 1.55982327
    1.48235834 1.56877494 1.31166112 1.2736963 0.537887752 1.62609708
    1.50942767 1.53556097 1.20965707 1.1854291 1.39790571 0.653982222
    1.47611797 0.938150108 1.18347132 0.636225283 1.15674019 1.38105428
    0.950870991 0.749512792 1.1493063 1.37469041 0.608273506 0.942951202
    1.50903368 1.21626294 1.14750838 0.885926008 0.795168281 0.77768904
    0.837626934 1.23257685 0.899949014 1.31996906 0.575491488
    0.762433112 0.830762327 0.814801395 1.00796258 0.66817534 1.07458901
    1.58494604 0.832333446 0.704526305 1.56747913 0.613623023
    0.786395729 1.25179207 1.73906446 1.22127473 0.972372353 0.8596403
    0.652773023 0.778581917 1.19949973 0.804180264 1.43108487
    0.870667696 0.757433891 1.03876817 1.21790218 1.18575704 1.49924207
    0.608059406 0.454148263 0.437472314 0.745219052 1.17990613
    1.27679789 0.735530078 1.49827003 1.71762455 0.769749463 1.02753937
    0.981493771 0.864816189 0.880684435 1.44543445 1.64837837 1.10992599
    0.922434926 1.218871 0.542986631 1.32412362 1.08901072 1.6670171
    1.62655711 1.67008877 0.827809632 0.705180168 0.996106982 1.47932482
    0.75411284 1.40650201 0.642048299 0.597204804 1.5857265 1.29189432
    1.19759309 0.687020779 1.31786919 1.4472295 1.00205326 0.890410841
    1.62790477 1.33766282 0.848433256 1.41561365 1.55182636 1.07878852
    1.71562409 1.60971737 1.54570138 1.20960784 0.537091911 0.588900208
    1.67194951 1.61343825 1.43540859 1.10434508 1.10886991 1.607283
    0.917585135 0.897369027 1.04107642 0.635361254 0.91980511 1.39948988
    1.44815135 1.44178212 1.30647874 0.743912578 1.14442372 0.901269734
    1.00567055 0.808628142 0.722091973 1.17693841 1.06623209 1.04775393
    0.73894453 1.68478954 1.08349431 1.60455477 1.52653277 1.01565099
    0.671065032 1.02170646 0.627121329 1.25290489 1.45141339 0.80395788
    1.6691736 1.68520057 1.34354079 1.75045002 1.25505853 0.92300266
    0.579938471 1.333112 0.703162253 0.906868458 0.972440004 0.839550316
    0.649798632 0.963003576 1.2094003 0.700739682 1.52687526 0.753359199
    1.47520936 0.5821082 0.912470818 1.23483968 1.47641766 0.701499999
    0.975170553 1.30334234 1.26156497 1.00523937 1.65066385 1.51190603
    0.98645103 1.28800666 1.05588686 1.02506709 1.27558482 1.15387547
    0.62822938 1.35698271 1.56219602 1.19123268 1.27481353 1.53377151
    0.884678543 1.56240916 1.16207492 1.30320728 1.3523066 0.723708332
    1.41815937 1.64052081 1.66255724 1.09877539 1.42064393 1.32290483
    1.63887382 1.31363237 1.06846893 1.67364335 1.36038244 1.59201598
    1.53432751 1.08740497 1.06023026 0.795928657 0.793533385 1.16748261
    0.661148906 0.512706757 0.576372683 0.599170864 1.5762974 1.39586329
    0.845979929 0.80373925 0.490765691 0.889096081 1.44571304 1.11235237
    0.987768352 1.71547198 1.68028653 1.56288636 1.7170583 0.930154443
    1.39661443 1.02866304 1.40473986 0.617419779 0.658953547 0.549089551
    1.54883897 1.32376814 1.40915024 1.19989574 1.07846427 1.7143321
    0.803782642 1.02493966 0.655484617 0.707231581 0.815250039
    0.72478503 1.68547916 1.24491286 1.16790986 1.4355166 0.921210229
    0.607771039 0.991873562 0.763962924 1.41465569 1.48332846 1.30614233
    1.71094167 1.31527364 1.1355083 1.1904248 1.69492793 1.5399369
    0.605668485 0.765455723 0.559787273 0.718348742 1.00056052
    1.29957664 0.831611574 1.58292711 0.810943425 1.53304291 0.808315337
    1.28225386 0.782934844 1.38166666 0.505775392 0.446608335
    0.741472185 1.30294919 1.04551351 1.08008027 1.40101016 0.733947575
    0.96070528 1.54892766 1.12687159 1.52204764 0.921138942 1.46755409
    0.806957364 1.36799884 1.2404021 1.22307861 0.776138246 0.783097029
    1.37145579 1.54585409 1.46823525 1.12135613 1.50980592 1.22471523
    0.734713316 1.69180059 1.66956294 1.66735685 1.39670849 1.58342826
    1.44923234 1.68243301 1.53671098 0.537702084 1.16830289 0.750241458
    1.40772355 0.548872352 0.537593961 1.52934825 1.66558099 1.10113335
    1.19467771 1.41021717 1.52331138 1.64189804 1.11602581 1.55974519
    0.954746127 0.661804676 1.52925444 1.50422788 0.589561701 1.37575483
    1.50212717 1.33777702 0.790942073 1.58493125 1.57438469 1.10905266
    1.3709197 0.607684612 0.949801266 1.1871469 0.594323397 1.5866785
    0.890217066 0.640856862 0.53777808 1.58709311 1.60607982 0.880858421
    1.68710971 0.816669166 1.70363784 1.56813538 0.909495115 1.39597034
    1.73773789 1.60447431 0.957798481 1.52636707 1.49371731 1.02658045
    1.16033721 0.610897064 0.878151536 1.55087388 1.64485109 1.36631572
    1.71833718 0.760869682 0.873695672 1.47119808 0.911373377 1.5191946
    1.38571322 1.37585843 0.818443894 1.16505408 1.31913412 0.742930949
    1.5424614 1.44125032 0.762142956 1.19487512 1.31744671 1.4064132
    1.61473596 1.08856845 1.41837204 1.28426468 0.800482929 0.726165891
    1.07894003 0.898701072 0.798972368 0.812857687 0.868378282
    1.30835688 1.67311621 1.65940607 1.43837523 1.7792716 1.14933074
    1.30245936 1.111027 1.55348563 1.37230384 1.60195982 0.828216255
    0.610343158 1.07392633 1.50469291 0.931191504 0.688107312 1.62337637
    1.30053341 0.764692008 1.05192375 0.672084272 1.11150706 0.985011876
    1.51086962 0.54855454 1.20806861 1.66557741 1.18218899 1.67302132
    1.5815407 1.34137917 0.69526732 1.36502457 1.33460736 0.726397693
    1.62250912 1.69531429 1.24165857 0.628625214 1.27092445 1.71848464
    1.76364958 0.92895931 1.55413604 0.861379683 1.14486337 0.99718672
    1.71868837 1.2717222 0.682631016 1.03795922 1.12170374 0.684161484
    1.44420052 1.64850199 1.38588393 0.704036593 1.52200353 1.02598882
    1.82602727 1.51679981 1.22747684 0.895728052 0.907054424 1.22261322
    0.5712322 0.509118795 0.70289433 0.695524871 1.02402914 0.931300223
    1.59863627 1.12484801 1.29352283 1.03229344 0.725310922 1.48115087
    1.67755067 1.59139287 1.40908241 0.849399626 1.11191928 1.10954809
    1.70205188 0.811387599 1.25644886 1.18021131 0.885469377 0.734014869
    0.563676476 1.13309491 1.14355803 0.890577972 1.03192997 0.643562019
    0.768344343 1.60348964 1.14166999 1.48750699 1.58117318 0.644404292
    1.1433816 1.00978851 1.73732877 1.73551309 1.82870603 1.04726994
    1.35158765 1.02664495 0.638926625 0.666109979 0.951669931 1.54013598
    1.57298636 1.15260696 0.977179945 0.92094034 0.999882996 1.26775134
    0.625862479 0.83864671 1.21914756 0.904654324 0.738517106 1.42400217
    1.52285123 1.55523348 0.909568846 1.50800741 0.805810213 0.583549261
    1.01671076 1.41380131 1.33694196 0.959219396 0.67464 0.45513612
    0.946613371 0.699613929 1.27809322 1.44038916 1.34330606 1.25719273
    0.724417448 1.58955312 1.51184249 0.750735164 1.39446914 1.3307296
    1.2224648 0.926430166 0.61361903 0.782639623 0.810873628 0.758912444
    1.28148925 1.10980296 1.30303061 0.971126556 0.848205566 1.53846729
    0.936198771 1.38677502 1.14122808 0.747969985 0.573142886
    0.887822986 1.69318688 0.777612269 0.84525156 1.30414522 0.681468189
    0.833152175 0.500077903 0.806807995 0.585906386 1.17204142
    1.08607161 1.4020046 1.51051605 0.797018886 1.08869445 0.968578219
    1.57655048 1.37012875 1.36109829 0.685402155 0.945442617 0.821828306
    0.636386156 1.40173531 1.6070044 0.623414755 0.664783835 0.758511782
    1.0876143 1.14073062 0.834488332 0.862838626 1.34901381 1.1381216
    0.82255137 1.09098732 0.895234108 0.53455776 1.67447853 1.73115551
    1.29822183 1.35123837 1.5801903 1.50012696 1.48104537 1.74834073
    1.84148657 1.72901618 1.8464272 1.50347507 1.017169 1.00250745
    1.65812767 1.33861005 0.528438389 0.675017953 0.828143358 1.7440182
    0.859088302 1.52670121 1.02015996 1.60544848 0.666406751 1.02065814
    0.866071761 0.717229903 0.59931922 0.674972117 1.46676397 1.37612271
    1.23373008 1.20407259 1.16074908 0.989574373 1.20585752 0.81061089
    1.62526441 1.76046669 1.16654897 1.47695804 1.31971121 0.731975853
    1.12361491 0.829508007 0.644291818 0.647987902 0.950116873
    0.689711034 1.54624546 0.964316905 1.00767684 0.69693321 0.784834504
    1.42609107 1.75668049 1.07101607 0.943076909 1.4672972 0.821274221
    0.969153404 0.789314032 1.47482634 0.778401554 1.59391415 1.11458325
    1.16390824 1.27200055 1.78685105 1.21368933 0.995012403 0.962057352
    1.13121343 0.599488676 0.81944257 1.01887906 1.32228267 1.80941927
    1.70194864 0.809250414 1.02626383 1.03077543 1.5357877 1.56430292
    1.68680644 1.22605872 0.930524051 1.15842867 0.83362931 0.76711762
    1.59800625 0.864571393 0.870242119 1.37432599 1.66217113 1.2764852
    1.73199046 1.24416935 1.59178567 0.696534753 0.552724957 0.669107258
    0.576320708 0.594964921 1.29782748 0.781665087 1.1204133 1.0259434
    1.70402777 1.75988805 1.77632046 1.25418901 1.74326825 1.56506157
    0.7518906 0.694088042 1.01070905 0.920833468 1.10607326 1.38245308
    1.37476432 1.32960403 1.15610838 1.51437449 1.16479683 0.77033329
    0.817572534 1.44934356 0.77067548 1.43883383 1.36206198 0.673629403
    1.09250689 1.53008068 1.22167933 0.736328065 0.734164119 1.48522449
    1.21820986 1.59878469 0.706476808 0.860027671 1.66205311 1.01648319
    1.36700416 0.659732342 1.48715973 1.11039865 1.69309926 1.05149877
    0.719196618 0.794654012 0.640521765 0.990886509 1.30142689
    1.66474879 1.20675302 1.47126651 0.534443378 0.732024014 1.43316352
    1.73086393 1.46655893 1.6706109 0.849393666 1.49874294 1.40890884
    1.71801865 0.734667182 0.61569792 0.672304213 1.5807941 0.863780022
    1.39083016 1.08368456 1.71533251 1.78970098 1.09338176 0.893325269
    0.901380837 0.904464006 1.47201109 0.895594656 1.27073324 1.21761751
    0.474796146 1.04524887 0.575416684 1.16598606 1.17436802 1.15200925
    1.65680385 0.812772632 1.0351783 0.836172819 1.21101284 0.659385741
    1.20304561 0.604897678 0.602810383 1.34842968 0.829761267 1.16298187
    0.619569838 1.34956586 0.801662564 1.11574316 1.63106453 1.18927753
    1.21656907 1.18445861 0.87275821 1.513623 0.826635659 0.715485215
    0.470926046 1.07422233 0.860839427 1.59935021 1.62374949 0.666735232
    0.670942605 0.761354148 1.25683498 0.948849499 0.688748956
    0.521582663 0.695595801 0.644179106 1.28584313 1.08812034
    0.894985795 0.886979938 0.699681461 1.2439543 1.23299384 1.37350881
    0.598588884 1.07424116 1.44274545 0.884457231 0.63749963 0.891737521
    0.585192978 0.925742447 1.50794482 1.41803408 0.916147709 1.64174592
    0.912807882 0.690842927 0.640039384 1.11674488 0.772385418
    0.534333348 0.96851933 1.60084736 1.25252342 1.1849215 1.29248261
    1.60429955 0.947436154 1.59232676 1.71216762 1.43087983 1.81183851
    1.78851426 1.57039189 1.64236891 0.938113093 0.646454751 1.05136681
    1.49878752 1.79723346 1.4028064 0.980090082 0.901861668 1.28461039
    0.742224753 1.59901309 1.0091964 0.901333451 1.11868441 1.48685479
    0.499663413 0.592385948 1.44316018 0.752625942 1.15342832
    0.759505928 1.44474149 0.941555381 0.875797868 1.25567508 1.84737659
    1.88546443 1.62482846 1.0068742 1.15874088 0.517849088 0.659864008
    1.2302084 0.464360952 0.644745052 0.844731212 1.22407484 1.40464401
    1.54147863 0.977771819 1.03821433 0.814948976 1.71021998 1.67927039
    1.43114746 0.72961086 1.63406038 1.00402379 0.839900792 1.49696589
    1.0285778 1.38642406 1.24416554 1.44384837 1.46417868 1.4326576
    1.75211239 0.984720469 1.39993548 0.995820105 1.06561673 1.08835804
    0.656784236 1.16024208 1.65979385 1.7176044 1.81658101 1.22352338
    0.678030193 1.16642714 1.22274017 0.983795106 0.840877652 1.21881366
    0.773198485 0.612397969 0.817000985 1.6894356 0.874950171 1.22658265
    1.139817 0.704054654 0.946845531 1.28174055 0.923012555 1.03904998
    1.45059133 0.6947155 0.476607561 0.439562798 0.542599916 0.446603984
    0.854374826 1.43419683 0.634404361 0.849271059 0.755655944
    1.40366435 1.84000373 1.84148705 1.225178 1.53835142 0.895637453
    0.469786763 0.653586924 1.34176397 1.66926682 1.46948671 1.23807335
    1.16598475 0.771549761 1.01935601 0.586393893 1.02735901 0.841568828
    0.661220729 0.680843353 1.11295342 1.40695632 1.03187418 1.24970603
    1.01250887 0.897432208 1.39327884 1.36376238 1.56043971 1.25683832
    1.5143764 1.71245587 1.3241024 1.3343451 0.860490978 1.03043139
    1.74759817 1.38207948 1.23552883 1.58974326 0.686147988 1.45456862
    0.92941916 0.669719517 1.45292056 1.49624693 1.71832037 1.03756213
    0.633091867 0.850488961 0.683527648 1.41652131 1.15937626
    0.853347063 1.24838412 0.934652686 0.930477917 1.69669235 1.21073234
    1.14923 1.53603792 1.49536693 1.40869749 0.852327406 1.55662024
    1.23080754 1.38512802 1.26202679 1.4206841 0.867127419 0.837869883
    1.12754655 1.13900304 0.551806509 0.520680189 0.735525727 1.50962031
    0.967621386 0.66864872 1.58064616 1.5644294 0.65236485 0.572574914
    0.823723674 1.66803443 1.48599005 1.27045345 0.773399234 0.638238549
    0.722050369 1.51124144 1.27308679 0.699778259 0.969739139 1.14558291
    1.30894136 1.34997201 1.46240604 0.680082619 1.04651475 0.690367937
    0.910097837 1.25060141 1.03873873 1.46898675 0.64293462 1.60482001
    1.05853188 1.65069461 1.03755867 0.606735706 0.685809553 0.883593619
    1.09853721 1.25862014 1.52488363 1.52403724 0.650273204 1.57940555
    1.23066223 0.886774242 1.04870713 1.60006166 0.916741073 0.838325083
    1.19661212 1.31990302 1.3322624 1.02102065 0.818780482 0.702731967
    0.971087217 1.33763623 0.935258508 1.25381601 1.25444126 1.58488107
    1.38546383 1.79100561 1.76684284 1.45337629 1.35454583 1.5821358
    0.734686971 0.488225818 1.14447117 1.68607914 1.12083542 1.41274476
    1.13348174 1.42846692 1.37984395 1.32364738 1.50671864 0.773255169
    1.84947252 1.88304496 1.33936787 1.41818976 1.529549 0.835055292
    1.40344846 1.11010826 1.62273502 1.61432648 0.728455365 1.51824987
    1.48784232 1.27999961 1.33341515 1.18093979 0.99715519 0.723271251
    1.23538744 0.867679894 0.443479747 0.951356351 1.6261704 0.692152619
    1.05941761 1.20037711 0.645988166 1.0059216 1.24633443 1.79331338
    1.72939253 1.90362978 1.5976032 0.938966513 1.21123803 1.20623565
    1.56162024 0.496145248 0.603878379 1.59417748 1.51327527 0.738478661
    1.26225293 1.27711773 0.624308109 1.29303515 1.52317131 1.08596849
    0.612848341 1.27954733 1.4358232 1.27997923 0.719308615 1.25414896
    1.15587676 1.42603636 1.20760417 0.87844938 1.28927255 1.80359662
    1.77269888 0.960492074 1.66892827 1.57603323 1.40079355 0.955521166
    1.23379946 1.15638876 1.67862785 1.23588121 1.74800634 1.41400731
    0.829567492 1.06855142 1.19315028 1.69217885 1.66001093 0.824647009
    0.878207624 0.615577757 1.13904524 0.869859457 1.68914735 0.72424078
    1.29858887 1.28103435 1.61223352 1.32996333 0.931085646 0.483951151
    0.56757319 1.36544418 1.53247619 1.54816425 0.868043602 0.522158206
    0.997751415 0.829081416 0.62964797 1.40505838 1.20342898 0.98910439
    1.68632448 1.16481376 0.593011916 0.441310316 0.41735968 1.10539782
    1.13285577 1.75323427 0.881649971 0.983781695 0.701609671 1.58799839
    0.626421094 0.654974163 1.24346089 0.874595881 0.903702736
    0.860112906 0.592873394 0.766886115 0.835975647 1.2032783 0.94299382
    1.41696489 1.60148203 1.11936104 0.876046419 1.28417754 1.45603263
    0.83042562 1.34463978 0.858712912 1.54322302 1.13746893 0.928385615
    1.6018703 1.73279488 1.0931319 1.28121746 1.52492392 1.5951376
    0.732731581 1.42428982 1.37775064 1.14220726 1.30833757 1.24810374
    0.801959693 0.585239589 0.739011049 1.62096703 1.26778519 1.31064272
    0.822040737 1.09101558 1.27387786 0.638949394 1.60735047 0.862578511
    0.909544289 1.55031145 1.57139695 0.833189011 0.651605844 1.00764835
    1.64703739 0.995644271 0.896648884 0.563223779 0.970105767
    1.18519902 1.03664756 0.889620721 0.836647093 0.992812395 1.30510283
    1.22923291 1.10122073 1.54590428 1.5561713 1.18332577 0.522719145
    0.934686482 0.832035244 1.51873553 1.02499151 1.26303518 1.26108563
    1.35973763 0.872859299 0.937330544 1.68739247 1.53817964 0.720675945
    0.896968484 1.44113147 1.33322358 0.771513343 1.08389795 1.25907123
    0.498104304 0.972056448 0.854657292 0.674407125 1.40583169
    1.11517656 1.289922 1.14240992 0.625631273 0.634106457 1.12993824
    0.581620336 0.871756732 1.55297995 1.11238289 1.59821606 1.6287179
    1.03756011 1.55366409 1.71198618 1.58030522 1.71046126 1.64929187
    0.920228183 0.810905099 0.776261747 0.710088193 0.826358318
    1.55233014 1.35499609 0.816823721 1.33903909 0.633998394 1.42900383
    1.33346856 1.10168195 1.62842131 0.761899292 1.49844527 0.827216506
    1.16500235 1.60028803 0.881404638 0.917863309 1.39139712 1.02968681
    0.58752805 0.780686021 1.1493274 0.837142408 0.901525974 1.00197697
    1.32111931 0.962989628 1.22310865 1.48131752 1.34739065 0.662742198
    1.39283514 1.13875258 1.69910502 1.43469357 1.21875966 1.78102756
    1.5223465 0.592174113 0.932864964 1.2359395 0.803300261 1.27267802
    0.726133704 0.549342513 0.56965965 0.566027522 0.665328085
    0.85789603 1.64374554 1.41355836 0.948629439 1.45420933 0.563044667
    0.642340481 1.32581925 1.52378047 1.89559197 1.82557595 1.79328609
    1.18451977 1.03569221 1.02838862 1.50332785 0.97417134 0.639333665
    1.35064876 1.23521018 1.20141542 0.987830162 1.4220103 0.857297957
    1.77371001 1.0317775 0.868447244 1.26759803 0.787954569 1.26382041
    0.750149608 1.47300625 0.595493019 0.679527462 1.08321965 1.42779076
    1.4060936 0.841623664 1.05640697 1.42201698 0.674141288 1.15761638
    0.993355811 1.2497021 1.37118793 1.16282845 1.78496051 1.48989689
    1.26424825 1.01839101 0.668504953 1.5671345 1.42100358 1.69150865
    1.77097392 0.930955946 1.48090959 0.586265385 1.29256892 1.65781772
    1.5686065 1.58576059 0.640643895 0.988549113 1.51494813 0.743519843
    0.838316739 0.875170231 0.498117119 0.824031472 1.6304543 1.21633804
    1.48387074 1.61118937 0.942650139 1.49822164 1.53466463 1.08299541
    0.969804704 1.57024157 1.18906999 1.5556972 1.25850594 0.5313555
    0.985014081 0.604064643 0.638068438 1.33261645 1.7718271 1.35177565
    0.660614133 1.21401811 1.11248147 1.34711027 1.35092473 1.0364418
    1.31976795 1.45348215 1.0985086 1.0116328 1.72486961 1.69884109
    1.58136582 1.24087346 1.80632925 1.67279518 1.40140438 0.750524104
    1.23355806 0.518109977 0.764365315 0.77126205 0.538938582 0.694408
    0.697663546 0.862788677 0.810832739 1.0334965 0.833063245 1.46809995
    1.43299615 1.09029579 1.58270562 1.08823168 1.65581393 0.912279189
    1.40859056 1.40310454 1.50508058 0.590693891 1.21302402 1.72353172
    1.30739355 1.28212297 1.71557999 0.67542237 1.19586802 0.833630323
    0.806321025 1.73926032 1.70454133 1.35426962 1.46141887 1.27952957
    0.915071964 0.808821082 0.684241176 1.62759042 1.64492786 0.86580503
    1.60906005 1.12207448 0.762663126 1.20950913 1.34863091 1.65529382
    1.24061561 1.28146577 0.843268871 1.3089 1.34845376 1.29593241
    0.595064223 1.21995533 0.941347957 1.37112784 0.828590512 1.32822394
    1.64768672 0.959277511 1.36083043 1.59632444 1.59009206 1.57392836
    0.677945554 1.38078451 0.885692179 0.618580341 0.630659938
    1.39459372 1.06733918 0.632086217 0.52276963 1.20060575 1.16448915
    0.942491472 0.754429877 1.52877271 1.04202092 0.697575986 1.30070138
    1.18903029 0.57477802 1.4602108 0.726032019 0.667523265 1.47953427
    1.26955295 0.676551878 1.03675067 0.900840521 1.24836159 1.20360637
    1.10535574 1.3011272 0.903651714 1.09412432 0.994647801 0.830516815
    0.641881704 0.581999719 1.12019992 0.837439358 0.584478259
    0.856753051 0.751431942 0.927878201 1.2294451 1.24934328 0.718771577
    1.33871758 1.27037442 1.01634717 1.01960993 0.718168318 0.643166602
    1.21989369 1.06681621 1.05256522 1.07720387 1.25969374 1.50156772
    1.08826661 1.344203 1.71114504 0.765378177 0.59240675 0.865467191
    0.707649827 1.49385107 1.29236066 1.14049757 1.00556767 1.7386111
    1.69516325 1.24058628 0.816624463 0.687378585 0.873603761 0.81583786
    1.18474853 1.08600807 1.41357708 1.11490345 0.64085263 1.24193561
    1.15523744 1.27639532 0.856059253 1.18663013 0.569703996 0.63239342
    1.42447495 0.643302679 0.920266092 1.43333995 1.19938779 0.893090189
    0.904408932 1.38992739 0.85812676 0.940150261 0.63079828 0.609358668
    1.310969 1.22500539 1.34814858 1.35604548 0.942298353 1.68436205
    1.84220207 1.76800215 1.65538347 1.42879426 0.815469921 0.877602458
    0.842792153 1.1151005 1.50030088 0.721743643 0.778728604 1.53411925
    1.72492313 1.70853114 1.82598615 1.13066816 0.728719354 1.20868087
    1.60481739 1.16704953 1.6555407 0.852541924 1.69896376 1.25831699
    1.03760707 1.49829912 0.655730486 1.282318 1.51965165 1.13709426
    1.46379948 1.07005239 1.54763305 1.34277439 0.81123054 0.853092968
    0.792374074 1.45483494 1.03193069 0.610741317 0.843476832 1.09082711
    1.50465393 1.35978091 0.654342711 1.49392414 1.41846383 0.882831335
    1.48889995 0.810502231 1.56321573 1.56752884 1.32295489 1.03511882
    1.30730617 1.21208823 1.176916 0.76619637 1.16361594 1.27516973
    1.07717729 1.4912225 1.47052503 1.53345621 1.01590168 0.739838243
    0.983237982 0.788356602 1.20396197 0.825565577 1.58255303
    0.613140583 1.38581812 1.67694664 1.72171676 1.58368063 1.01124513
    1.73194635 1.47107768 0.916824222 1.68500805 1.54004157 1.60359013
    0.928912699 0.617253125 0.992740393 0.799352109 0.606543601
    0.879709184 1.4688946 0.944740951 1.44473624 1.09933376 0.888654113
    1.5006516 1.26841438 0.79400599 1.1271677 0.700487018 0.903040886
    1.43561244 1.38827765 1.72350526 1.43097961 1.27953768 0.991614223
    1.730883 1.197788 1.49603951 1.11560249 1.41533124 1.65921855
    0.992060959 1.43628407 1.63453853 1.5517962 1.29842365 1.77410209
    1.6712364 1.69552982 0.815280735 0.947305322 1.58129466 1.34652221
    1.3440361 1.4356761 1.63745189 1.64365935 0.984364569 1.22732317
    0.714721084 1.35609102 1.73871827 1.12351 1.68048239 1.31741631
    1.49546063 1.15483057 1.53988945 0.585611999 1.11966455 1.65727592
    0.752438784 1.22545826 1.27482712 0.746006131 1.27216637 1.59782696
    1.28232849 1.49113309 0.770362079 0.909383118 1.40611017 1.57910049
    0.868283153 1.26258337 1.60722494 0.776281416 0.624709129 1.03231323
    1.4225601 0.960270464 1.19696951 1.04450643 0.76274991 1.02992725
    1.11308742 0.742594659 1.1596154 0.919149518 0.734359443 0.716016173
    1.28693402 0.596479356 1.48358095 1.23223448 1.47721195 1.69828355
    0.693415344 1.16706705 1.44849372 1.46957064 1.53855538 1.15280211
    1.38170207 0.81929493 0.589043856 1.24742901 0.780948043 0.473380089
    0.520167112 0.715470791 1.06238067 0.896019697 1.16641295 1.44829953
    1.16058874 0.841710806 1.34286904 1.2311604 0.966524839 1.27958214
    0.90850997 1.5182395 0.965407073 0.841410339 0.896248698 0.966909409
    1.19741344 0.778237998 1.77709007 1.34601367 0.708265603 0.54396832
    0.789315701 0.92440182 1.33792448 1.58952367 1.73224998 1.67525423
    1.5256319 0.980008721 0.812138379 1.25352991 1.02457869 0.606103122
    1.26261425 1.03472888 1.72657871 1.29419458 1.53164363 1.26362991
    1.621351 0.729807556 0.96932584 0.642011583 1.23729169 1.5542264
    1.53716922 0.983171701 1.6309855 1.09487009 0.697770238 0.895480335
    0.99945873 1.27296388 1.22898054 0.906293094 1.137954 1.33098423
    1.62602353 1.50845683 1.22339213 1.0700264 0.792324066 1.49282551
    1.66880727 1.88981605 1.80275047 1.33802152 1.25536084 0.607257724
    1.1465652 1.71247423 1.41145313 0.634884298 0.672963321 1.72102559
    1.54150307 1.45312786 1.60324442 1.77222633 1.30534601 0.979280651
    1.69911563 1.46189797 1.71853089 0.634546876 0.924823046 1.10971868
    1.68614924 1.42538905 1.46743894 1.14156747 1.38154614 1.67050135
    1.53941655 1.49774086 0.976945519 1.74811363 1.47908664 0.907985508
    1.54830503 1.06267631 0.512570143 0.537236154 1.56770992 1.10824811
    1.30692303 0.628771722 1.07745838 0.717202485 1.74714959 1.35595918
    1.24989831 1.27015948 0.788476706 0.966507256 0.928477764
    0.821015537 1.03803587 0.757853687 0.936029494 1.09235382 1.63360989
    1.71051192 1.08710277 1.44337308 1.60366523 1.59177732 1.48200464
    1.44499588 1.20166206 1.29171073 1.1564641 1.63184154 0.532033086
    0.436194003 0.726158917 0.664655507 1.0447104 1.38823342 1.71785367
    1.87571573 1.64102125 1.59107316 0.776241004 1.11681569 1.45675004
    1.47583234 1.46253157 0.84154743 1.04108417 1.60315371 0.651252091
    1.48970389 0.482927829 1.34314716 0.64166826 1.00318396 1.01349914
    0.746062219 0.524242938 0.536408424 1.28706825 0.723962605
    1.63666427 1.85819459 0.963412762 1.07519484 1.13266051 1.35865974
    1.7933284 1.20882046 1.33491623 1.51133227 1.26080287 1.08843577
    1.56049728 1.41916823 0.799266815 1.51092398 0.788402498 0.668933868
    1.01842904 0.717601776 1.0987618 1.38702059 0.622812927 1.00762546
    1.19475007 1.69174957 1.23614299 1.3489722 1.16391873 0.976808071
    1.16141641 1.42061651 1.55656636 0.970008969 1.00465286 1.08648658
    0.731541276 1.0346365 0.611971378 0.568531513 1.06928062 1.48061466
    1.54741049 0.900237322 1.67060137 1.52944219 0.758724272 1.13415384
    1.00785542 0.996930957 1.66635442 1.66562974 1.36633408 0.73409009
    1.47284031 0.862799883 0.900828123 1.3673352 1.21728539 0.817676663
    1.31884801 1.15175509 1.47508574 1.14011395 0.866369605 0.734140873
    0.840921819 0.879418135 0.693442762 1.48533738 1.55579197
    0.739427686 0.453121364 0.542480707 1.40290201 1.2542392 1.06242323
    0.99323684 1.29047799 1.16222239 1.42243373 1.01577497 0.780333638
    1.43745816 1.70429003 1.83838737 1.44383836 1.34858513 1.36303091
    0.965196371 0.566153407 1.29670012 1.34660959 0.563491762 0.64507246
    1.05390298 0.889413059 1.59143472 0.960927665 1.7648927 1.38860977
    1.15771639 1.41943002 1.7553854 1.23062038 0.51655525 0.98190403
    1.29076898 1.68255341 1.16036236 1.6342113 1.31099868 1.6175673
    0.531998932 0.48899889 0.92298466 1.28643274 0.883358181 1.56705797
    1.74569225 1.61693752 1.5240978 0.668471158 1.28869724 0.638966918
    0.952556193 0.883898377 1.46993136 0.779800653 1.42429268 1.68101931
    1.06321836 0.768895507 1.23810053 1.62106824 1.5659169 1.01537287
    1.13023531 0.932278514 1.08247089 1.55247927 0.813667953 1.37421632
    0.620700181 1.05493248 0.973411322 1.42477906 1.58655095 0.980687737
    1.19457459 1.52009237 1.5172255 1.44049263 0.763800442 1.49497747
    1.58822238 0.774780452 1.24106693 1.3225162 1.35899317 0.935158312
    1.07811117 1.17237306 1.22845435 1.0508883 0.842652559 1.41313052
    1.21271586 1.01109505 1.40954137 1.44345605 0.99582988 1.67738724
    1.37071288 1.53272796 1.43729532 1.79121685 0.640704989 1.04104292
    1.64738142 1.27946019 1.35097599 0.777602494 1.07375968 1.02846599
    1.54711998 0.728614151 1.39644289 1.43589664 1.11701524 1.63144004
    1.60243511 1.48802578 1.10202444 0.973705947 0.745448589 1.25045705
    1.55284333 1.72524142 0.96399188 0.649650812 1.36736977 1.55311668
    0.879675448 1.29164279 0.954451799 1.11956561 1.56898892 1.2889775
    0.971010208 1.13094616 1.68108594 1.47409439 1.50527084 1.33508372
    1.19182885 1.58949983 1.26286006 0.946765602 1.27127969 1.50507486
    1.30077386 0.692934275 1.40270174 1.40434968 1.1737318 0.993040025
    0.599175394 0.669733822 1.2073065 1.28967381 1.57344985 1.05661201
    0.82723099 1.76524019 0.670865655 0.821793914 1.07677162 1.42537928
    1.09304094 1.23124135 1.64357662 1.4249922 1.6501565 1.15798759
    0.951453865 0.800302088 0.668451965 0.584109068 0.768005252
    0.898403108 1.1804719 0.761088908 1.33305097 0.850712061 1.73068237
    1.91933143 1.67398643 1.23528659 1.48220265 1.32909191 1.53196609
    1.64244187 1.78016651 1.09165406 0.720462799 1.2083658 1.75831616
    1.26591337 0.949526548 1.3517524 0.892063439 0.861224473 1.01258302
    0.931489825 0.920295715 1.41110778 1.43718624 0.776998103 1.28655291
    1.63560593 1.5327636 1.91464615 1.39533877 1.63624716 0.637115002
    1.08981788 0.853886247 1.26934159 0.836279869 0.968857288
    0.669018149 0.745475531 0.960555434 0.93855834 1.09661198
    0.801190436 1.15824819 1.14494193 1.01640546 1.71440709 1.65002835
    1.46975863 1.31834328 0.523726463 0.802808821 0.860478044
    0.732959032 0.992790997 0.835968912 1.46618152 1.04448295 1.55763173
    1.46223164 1.15730572 1.23171246 0.754900813 1.47045231 0.674289942
    0.495758951 0.805754125 0.978945911 1.79593241 1.73697662 1.48246109
    1.57230127 1.62947178 0.890441 0.920743644 0.462568998 0.611863196
    0.816874683 0.632890463 0.978536963 1.06939852 1.20018506
    0.787646234 1.09100699 1.01342797 1.68854117 1.68984532 1.92931139
    1.39888442 0.658719003 1.06119406 0.701860905 1.5772059 0.982372344
    0.851340711 0.576015055 1.10738564 0.932412565 0.950009823 1.6284256
    1.0595752 1.35889947 1.62349451 0.749940991 1.67748451 1.34702694
    0.578306377 0.715121567 1.43332791 1.01476943 1.31991744 1.03891873
    0.825107396 1.64369333 1.18926322 0.884656668 0.750129044
    0.719654739 1.35433424 1.06127191 0.78508693 0.867123723 0.713703096
    1.53116858 1.6572479 1.33085346 0.937263727 1.49147487 1.25520408
    0.79044807 0.633847296 0.949056208 1.57977211 0.719720781 1.48382008
    0.632433057 1.76190603 1.54462934 1.21453452 1.60074043 1.38103414
    0.684655607 1.2578367 0.777294815 1.41600919 1.39299893 0.633462489
    1.27057493 1.23426819 0.902965665 1.75125504 1.40148139 1.00306189
    0.850778461 0.861421645 0.643847644 1.32922876 0.676861227
    0.845564067 1.43190014 1.79075193 1.20353353 1.5723294 1.45410728
    1.05570519 0.907818735 1.57953918 1.52662361 1.04754066 0.819921494
    1.33304358 1.25951219 1.20843136 0.713879883 1.29422474 1.37600541
    1.86051774 1.37006807 1.57732582 1.41211665 0.780284107 0.899485469
    1.15697742 0.917288125 0.584466934 0.613817751 1.29026854
    0.897261858 1.03597045 0.645666897 0.972429991 1.00468683 1.22710598
    0.637407899 0.614513278 0.94171524 1.46477199 1.37169242 1.02047205
    1.66070354 1.61635554 0.920917094 1.25589085 1.05724442 1.49702883
    1.19697392 1.48076677 0.636018217 1.01874244 0.639282763 0.625622392
    1.46607637 1.31894219 1.15801644 1.12453723 0.84117502 1.02311015
    1.15527093 1.20008397 1.53073621 1.26213825 0.774043858 1.02091217
    0.640222132 1.2311486 1.68529892 1.08906674 1.18539333 1.06637239
    0.668441236 1.1222434 1.0032835 1.48233473 1.78905392 1.34826934
    1.62149322 1.47177041 0.843320251 1.17474639 1.21888471 1.27737308
    0.718222558 1.43700755 0.820201635 1.48876739 1.35033786 1.15275967
    1.15952814 1.39363647 0.867331564 1.24537802 1.05610037 1.12807131
    1.53333783 1.09633434 0.694508493 1.47186232 1.41104293 1.62821627
    1.36882806 0.935070038 0.997722387 1.72151601 1.21738148 1.83735812
    1.44727564 1.2195996 0.977206886 1.38798463 0.97322619 1.37415934
    0.62026149 0.609116077 0.989841461 1.0912689 1.05102408 1.44367385
    1.37172794 1.35758936 0.990526736 0.878079414 0.918238819 1.82301855
    1.78700006 1.63300574 1.3735466 1.43174648 1.00733459 0.880046546
    0.957865953 0.752058983 1.31694305 1.03048837 1.34906864 1.62694979
    1.15418005 1.55442572 1.13275397 1.53757477 0.922172427 1.02869081
    0.554522038 1.18197441 1.71458399 1.76110053 1.42167926 0.521791518
    0.704847455 1.41454661 0.714169919 0.480837345 0.830387056
    1.19802547 1.27499628 1.09801829 1.53164268 1.73361266 0.901967049
    1.15237105 0.888574243 0.868932068 0.788364768 0.959887445 1.6296289
    1.8601315 1.67452097 1.21299589 1.6949935 0.954773247 0.618099689
    0.872838318 0.976049781 0.535558701 0.795338988 1.36781466
    1.07543385 1.16095185 1.00396657 1.32481277 1.33178794 1.459728
    1.23372352 1.76137161 1.54269218 1.75341988 0.743120313 0.713818371
    1.20819581 0.726929843 1.04441869 1.30355346 0.520927966 0.641204238
    1.14285231 1.18810666 1.3876189 1.06827414 1.15258205 1.5549444
    0.809284329 1.23329127 1.64982295 0.579667509 0.80227232 1.3737967
    1.45334876 0.835198641 0.910199642 1.31500888 0.912222862 1.76576674
    1.53028941 1.48575425 0.979284644 0.633668602 1.3068583 1.47459936
    0.738327444 1.44491482 1.48840249 1.39230525 0.75135076 0.642995536
    0.890987515 1.55908251 0.757240415 0.801540554 0.861232281
    1.33363795 1.24996734 0.632923245 0.570622146 1.16515827 1.61046517
    1.41625226 1.16328335 0.769136548 1.22639132 1.46798813 1.52452195
    1.17415905 1.25065112 0.862905025 1.16856325 0.675561666 0.867046952
    1.69686019 1.46639562 1.61898971 1.5385983 1.46611166 1.32990587
    1.21958232 0.629416704 1.01347184 1.68101835 1.63986182 0.85655117
    0.742038906 0.792156637 1.59577358 1.08215427 1.73814774 1.42624307
    1.20273817 1.62655699 0.888768256 1.30714571 0.688725114 0.920462787
    1.21862304 1.16859031 1.72033691 1.80563557 1.52516162 1.12151253
    0.692984641 1.40997577 1.50677657 1.2847954 1.23308563 1.59505284
    0.621988773 0.873831093 1.20961642 1.43467331 1.45667982 0.505797029
    0.453688622 0.821450055 0.641639173 0.579239845 1.28457701
    0.930204868 0.531668603 0.886703551 1.13571858 0.898703158
    0.758113742 0.601661861 1.37558496 1.36655283 1.46791637 1.14862323
    0.838492751 0.696092844 0.616074622 0.824157357 0.78159976
    0.63242054 1.02053189 0.959037721 0.710057735 1.04902577 1.2394799
    0.733169496 0.602594972 0.561842859 0.75029844 1.56231737 1.02924466
    1.71297669 0.729289174 1.04839873 1.07506561 1.30866492 1.11100197
    0.862497747 1.74221838 1.2447052 1.23520243 1.3399657 1.16913438
    1.33443522 1.42005897 1.09390604 0.965478957 1.49779296 1.3532052
    1.42525351 0.88641715 0.747037113 1.35622573 0.841387928 1.38659739
    0.918642044 1.16045117 0.727582335 1.22765815 1.22151542 1.299721
    0.864361107 1.31283987 1.70863104 1.57248342 1.31211782 1.48327994
    1.27198052 1.4177171 1.2785306 1.77550197 1.33434665 1.15855503
    1.45429277 0.707410157 1.53604531 1.57715583 1.07611287 0.518794775
    0.76973629 0.709278643 0.915018618 1.36903965 1.080006 1.39311266
    0.764276981 1.08837771 1.79309845 1.77204788 1.4935385 1.45897508
    1.56427717 1.01429415 1.64295268 0.752617061 1.65668344 0.75797981
    0.960037231 0.665301979 1.22817218 1.41871297 1.80722535 0.922798693
    1.05964983 0.752282262 0.759355307 0.81135416 0.713978171
    0.764422953 1.60824096 1.32103765 1.10091329 0.9858253 1.08753908
    0.611412287 1.10403872 0.970147431 0.751256824 1.16766584
    0.704355776 0.72039324 0.958079457 1.382514 1.03440154 1.43440306
    0.964075029 1.45280766 0.795939684 1.59192133 1.15553415 1.70592189
    1.67030752 1.16523945 1.00797045 1.22343791 1.3244859 0.897339225
    1.37366521 1.08118713 1.02570999 0.976724327 1.10503209 1.28398848
    0.646059275 0.693040371 1.41156375 1.35468805 0.76320523 1.37855875
    1.58679652 1.65094101 1.29410732 1.39614844 0.775313437 1.58433807
    1.05618131 0.766419232 0.963356674 0.838842452 1.22264588
    0.866052926 0.861069262 1.17396343 1.64998591 0.688799322
    0.754584908 1.12947416 1.30319571 0.942561686 1.42495215 1.39226663
    0.962145686 0.961311817 1.13651085 1.65584815 1.57216012 1.2271713
    1.0552243 1.20713711 1.7103653 1.08398664 1.56123888 1.70974624
    0.662392378 0.90875411 1.24914515 1.70278609 1.64148223 1.65936828
    1.3963598 1.62080061 1.40036476 1.63222241 1.63605535 0.668357432
    1.51486099 0.969656527 0.909147322 1.16009307 1.39947593 1.49974787
    0.702575922 0.934847414 1.73998725 1.75483525 1.45932198 1.710742
    1.70377529 1.47347581 1.60887599 0.683485031 0.845165968 1.03289711
    0.833541691 0.784008801 1.53296268 1.28905201 1.06318414 1.07273579
    0.962170243 0.731764197 0.837181985 0.731399834 0.951297522
    1.50775015 1.20116353 1.36339092 1.77871478 1.49390376 1.80283129
    1.77157986 1.76430631 1.06882703 1.11977196 1.41458154 0.738794684
    1.25674343 0.956590474 1.11372507 0.947369635 1.67362213 1.63147831
    1.48814797 1.3996079 1.34409559 1.83819902 1.43895662 1.53904104
    1.03859258 1.50671446 1.01337731 1.03016102 1.26211452 0.531763375
    0.761655867 0.621243536 0.799515903 1.38918126 1.64265943 1.57359481
    0.504113615 0.492309332 1.33425379 0.805799842 0.505848646
    0.593960464 1.43653858 1.58555675 1.75499177 1.21006286 0.958201945
    1.02921247 1.40818048 0.95527631 1.09798765 1.20370328 1.60665452
    1.04533064 0.563544869 1.16239643 1.68986392 1.13087249 0.521793962
    1.15254748 0.929075599 1.36573744 1.18363559 1.57127643 1.15256965
    1.35501313 0.823030889 1.4802984 1.57618117 1.67906582 1.71696556
    1.78723121 1.34153795 0.835709453 1.16531885 1.48232102 1.2187103
    0.807232082 1.0887835 1.67434263 1.14158142 0.804124355 1.3832438
    0.898075521 1.1788547 1.38685322 0.82401675 1.13500178 0.752152026
    1.55536914 1.53816938 1.69860303 0.845212281 1.68955922 1.10738611
    0.758162141 1.64551878 0.786354601 0.708561718 1.47212422 1.22989202
    1.12271035 1.62873375 0.834587157 0.69741112 0.770423174 1.3359158
    0.699296236 1.37224185 1.38582718 0.857373416 0.562553167
    0.858003676 0.873064935 0.730111957 0.789562166 1.13045561
    0.591621339 0.689746261 1.54883492 1.85966182 1.21687984 0.683443427
    0.853632331 1.25860071 1.15777481 1.64623678 1.81251335 1.70804572
    1.34168661 1.30199599 0.654257834 1.04010534 1.68962169 1.27359951
    0.978986621 1.22239077 1.06475651 0.804162621 0.774334133 1.10549235
    0.941087365 1.30585968 0.661305428 0.580380201 0.883559763
    1.26680303 1.72179949 1.29945099 1.55582213 1.01532066 0.970193148
    1.06379044 0.638002336 1.4412117 1.28735793 1.01053774 1.1841079
    1.36435556 1.53809774 1.57086456 1.21461082 0.884516299 1.15014815
    1.49624801 0.918071866 1.3589865 0.611975253 1.22831726 1.44402671
    1.39200938 0.746566236 1.08958924 1.74875569 1.33864665 0.986259699
    0.903292 0.589700878 0.898548067 0.776253581 0.913265169 1.32428515
    0.975095212 1.63863492 0.715434015 1.27374601 1.39396131 1.05720437
    1.02088809 1.34835422 0.705303848 1.48456681 0.532036006 0.631866634
    0.690910637 1.6646769 1.37479091 1.61463797 1.68237078 1.78539455
    1.21577454 1.20318091 0.932976484 1.09929812 0.88423723 1.34678924
    0.849260092 0.519968271 0.505866766 0.864568233 1.59580326
    1.09497035 0.928504229 1.67468083 1.22264802 1.50170088 0.727678478
    1.62551367 1.53821826 1.75684416 1.06286407 0.846368134 1.71794486
    1.12126744 1.18163085 1.2719866 0.592201471 0.850210607 0.521458089
    1.56413162 1.50083125 0.744053543 0.824476659 1.47476697 1.29936087
    1.6808846 1.10174191 1.13890564 1.31546867 1.32590103 1.2120136
    1.18260717 1.59333611 1.45639908 1.56797063 1.68451464 1.45858622
    1.40066504 1.15906453 0.753862262 1.4864291 0.606792688 0.938680291
    1.30412912 1.22937703 1.20564389 1.81125021 1.89665854 1.89885509
    1.73720312 1.25400913 1.34224474 1.27175558 0.685233712 1.46083319
    1.18839169 0.956793129 1.23226285 1.58022261 1.12269437 1.02583528
    0.735155761 1.73644674 1.28408122 1.43265843 0.686157763 0.802820146
    1.58896577 1.71157539 1.48329961 1.17647052 1.06903112 1.14908707
    1.68296742 1.03133166 0.789864182 0.780813694 1.56423068 1.25319016
    0.888682961 0.626517415 1.19900239 0.697369158 1.32182324
    0.938102782 1.22300649 1.31509876 1.43959415 1.04386675 1.05013824
    1.05844009 0.627463579 0.727731466 1.1134882 1.1797446 0.662799954
    0.757349133 1.1289947 0.85051024 0.660516739 1.22197247 0.976985991
    1.78252971 1.69732547 0.839178145 1.12205362 1.57621109 1.7856617
    1.45802498 1.60200286 1.15409136 0.677067518 0.810223103 1.45345247
    1.14520764 1.64316857 1.34145224 1.47373366 1.17471337 1.02487993
    0.769783199 0.582797885 1.00049293 0.582265973 1.55300367 1.78074002
    1.71943676 1.55894089 0.736628294 0.838090837 0.859989405 1.04822981
    0.949613631 1.15598106 0.79976964 1.45890069 1.56288612 1.564224
    1.00126052 1.50211573 1.02863777 1.49363875 0.667131245 1.2311399
    1.54828572 1.24075353 1.62247109 0.788396835 1.24236929 0.872185469
    0.705221355 1.56958067 1.62175763 1.11881936 1.44198072 1.27546906
    0.885850191 0.687439859 1.23618853 1.50968707 1.58883429 0.69334197
    1.56876981 1.48459542 1.18903148 1.31795394 1.14487886 1.57001472
    1.28070199 0.584937215 0.604340136 1.48815596 1.74882627 1.48181093
    1.19627106 1.40358937 1.70051348 0.960263789 1.49816501 0.806127131
    1.04062748 0.664963841 1.62157166 1.26049829 1.22654676 0.653865039
    0.851664662 1.2494508 0.668609381 0.993253529 0.933654368
    0.979270279 0.851690829 1.84598744 1.66911554 1.53102779 1.66633928
    0.634768963 0.782819867 1.45571792 1.03211367 1.2148813 1.49460697
    0.77884835 0.83484751 1.40638113 1.58274412 1.33569789 0.645019352
    1.49154115 1.46507597 1.19558966 0.579172611 0.886887014 1.04465365
    1.40222907 1.45051098 1.37235749 1.78476608 1.7074579 1.05834508
    1.4633894 0.546278238 0.997865438 1.24551463 0.979248405 0.822414637
    1.56044173 1.06275344 1.74690449 0.753523171 0.738514721 0.740512729
    1.35681427 0.629635274 0.669880331 1.55917382 0.822179496
    0.842061698 1.11243737 1.11283767 0.694690406 1.17804718 1.73748672
    1.12249982 1.44163334 0.941914201 1.47973835 1.4060998 1.33787966
    0.947613418 1.46206915 0.872426391 0.774955153 0.716148913
    1.27528977 1.73937845 1.61876404 1.5134443 1.20464087 1.20202076
    1.46370304 0.717450857 1.23930371 0.795196414 0.850445688 1.62389004
    1.70524704 1.20040238 0.745173097 1.65698528 1.5899328 0.931747258
    0.696808279 0.610144734 0.891124427 1.4521836 0.937417507 1.16846049
    1.37858641 1.1283896 1.4349972 1.17100906 1.11714482 1.32277381
    0.918429554 1.44901109 1.49403465 1.64621735 0.846836209 1.72820973
    1.31419528 1.72987235 1.75592303 0.961116731 0.980079234 1.38691533
    1.04448473 0.891907454 0.663065314 1.33824301 1.69569695 1.47668338
    1.91903841 1.52056873 1.07657635 1.46738195 0.73147434 0.917460442
    0.855342507 0.893294036 1.29102767 1.53114104 1.63057196 1.56147873
    1.00587988 1.50878751 1.09884 1.08964372 1.50783551 0.937968016
    1.13711798 1.6412828 1.46123195 1.23569179 1.69301593 1.64995706
    1.03776646 1.46096683 1.39720666 0.843090236 1.09153461 1.06235623
    0.829449117 1.76178396 1.30737901 0.738772988 0.890034318 1.12818193
    1.40731442 1.28179562 1.00981331 1.45375741 1.57911098 0.995722353
    1.18922508 1.1822648 0.770588219 0.896575868 1.14946222 1.06153142
    1.31127226 1.04993999 1.03853011 1.03478789 0.771538019 1.01761246
    1.70483065 1.70390725 1.81697631 1.23809898 1.63906336 0.696567476
    0.920457959 1.74366081 1.29363036 0.802584291 1.44226575 1.63160074
    0.6898157 0.648663759 1.1010133 0.635542095 0.689502299 1.09755588
    0.566346824 1.00181925 0.67808795 0.942683816 1.06276977 1.10854089
    1.10575891 1.54800296 0.72281456 1.54453862 1.03143966 1.30989885
    0.707554281 1.34583354 0.640283763 1.21155226 1.62690556 1.16671777
    1.77521777 1.05534983 0.737228751 1.44187474 0.562926948 0.826099217
    1.06695974 1.57369471 1.49343467 0.749677479 0.958053291 0.726853192
    1.34135437 0.661649108 0.928851366 1.27896738 1.27002501 1.62889111
    1.55497599 0.947524786 1.36066842 0.583158851 0.881552398
    0.853057325 0.892392635 1.24405253 1.15471995 1.6346103 1.68284869
    0.749043465 1.29955757 1.67480576 0.831788659 0.805488884
    0.987540066 1.11063766 0.782119393 0.679705918 0.800843 1.60264683
    1.16185474 1.46487546 0.791380882 1.13214087 0.886196792 0.786234736
    1.59900403 1.37610137 1.43653941 1.33970869 1.32617784 1.4845165
    1.64208937 1.11781085 1.37440944 1.28197742 1.72836292 1.56756949
    1.77922833 0.957918942 0.570256829 0.977035463 1.37938869
    0.686968923 0.979140759 0.843432248 0.587093413 0.735232174
    1.60184348 0.871162832 1.22016716 0.823266327 0.99852252 1.49539232
    1.12593126 1.23566079 0.752841949 1.31862617 1.65566671 0.731283545
    1.11574149 1.24425888 1.84093916 1.79676342 1.20935988 0.668384373
    0.818176568 1.51483095 1.5810318 0.771725833 1.68293536 1.7152952
    1.76739573 1.54019248 1.21848166 0.949645877 0.823168576 1.45502865
    0.594669938 0.571286082 1.07721961 1.51814961 1.34796154 1.63594663
    0.797165632 1.10417581 1.03935182 0.904643178 0.958001375 1.20383108
    0.666938782 1.47481024 1.01341307 0.707080603 0.681449711 1.44128561
    1.13452673 0.649345458 1.30496371 0.917362452 0.638327062 1.11772096
    1.77093935 1.70486689 0.558882773 0.45775345 1.41730368 1.32662499
    1.67478728 1.82138216 1.80545664 1.48751199 1.7834183 0.782745183
    1.11418319 1.21727633 0.602412462 1.01646948 1.48763347 1.60159099
    1.25058842 1.64693916 1.51859272 0.888357937 0.690989494 1.22771311
    1.15026617 1.34843183 0.958757341 0.829890668 1.18529439 1.03436327
    0.955231428 1.37554026 0.863715529 1.39651191 1.38804913 1.12731028
    1.10296917 1.16069615 1.49052334 1.18885005 0.993633807 1.29568923
    1.64313412 1.82406199 0.838401794 1.57989705 0.639509499 1.06871927
    0.873888314 0.761906445 1.27879882 0.523608685 1.07437015
    0.970035732 1.01728737 0.987775922 1.60776484 1.63542044 1.82359028
    1.16733873 0.968350649 0.674857914 0.85137701 1.85324812 1.00812817
    1.17944622 0.771633327 1.30539155 0.767427683 1.01278365 1.64154184
    0.903844893 1.60527718 1.68873084 1.34001768 1.60759687 1.5871309
    1.35685205 1.49959731 1.2305913 1.32578993 1.59281111 1.67053258
    0.932967663 0.938520312 1.36046386 1.05729914 1.25418329 0.507569134
    0.775394082 1.60689878 1.72383511 1.74090564 1.76307189 0.998713434
    0.836115718 0.624749422 1.42182457 1.09185922 1.00198627 1.39895523
    1.04458451 1.52713609 1.12001979 1.0011735 1.1617651 1.34309578
    1.68287003 1.39448845 1.58891225 0.714698613 0.723024964 0.532371283
    0.914793849 1.44928336 0.845038891 1.53912675 0.612139285 1.20331061
    1.25779796 1.62318504 1.27958906 0.721235096 1.25540447 1.09200001
    0.959651589 0.889481008 0.733450711 1.00562608 0.618671 0.680504322
    0.820498288 1.45700502 1.71678078 1.41640747 0.797923982 0.972863674
    1.50800443 0.611076593 1.18312156 1.00686419 0.625744462 1.05591822
    0.670568585 1.20192051 1.17639828 1.32736635 1.22542429 0.719889939
    1.37456775 1.25001025 1.27761221 1.49661779 0.973043442 0.597804606
    0.800896287 1.01154959 0.731520116 1.16605628 0.973461986 1.39057887
    1.32679403 1.09355378 1.44658005 0.974733949 1.70837438 1.43053544
    1.60805345 1.30595279 1.17228854 1.29922748 0.899374247 1.04397202
    0.797946334 0.789178669 0.622821331 1.40444791 1.43841767 0.51403445
    0.636818767 1.65803945 0.884119868 0.651264369 0.900966048
    1.10109854 1.00948048 0.940771759 0.58231914 0.692297935 0.564032078
    1.0333637 1.43084371 1.05248892 1.03838015 1.5693469 0.966159225
    0.916925073 0.790307164 1.08883977 0.909203351 1.34379554 1.59397697
    1.250875 1.52549767 1.19257092 1.68982828 1.44772232 1.57506609
    0.667864203 0.929713964 1.1997999 1.26316559 1.25513923 1.34202707
    0.616100132 0.995081306 1.61200988 1.44291115 0.749964535 1.11335576
    1.2450068 1.67961919 1.07025242 0.694919884 0.991309524 1.52801275
    1.12337697 1.5666337 1.13115013 1.63314831 1.35113692 1.62256396
    1.6840446 0.848253071 1.55490363 0.867412627 1.68616152 0.978195906
    1.36210322 1.44483888 1.1386534 1.11208189 1.33479333 1.41298544
    1.1604774 0.982827306 1.35175991 1.68058503 1.26052058 0.655033112
    1.14358234 0.903683245 1.58402038 1.04335856 0.544523656 1.2953006
    0.737169623 1.44379497 0.885711968 0.503923535 0.513821483
    1.66686118 0.860003889 0.938736498 1.59385896 1.65108037 1.63112414
    1.2571609 0.827238023 0.809611857 0.656922698 1.76254344 1.82709992
    1.57941735 1.78849244 0.973092973 1.03241408 1.41270232 1.01940572
    0.809109688 0.982296586 0.90501827 1.44465327 1.64150107 1.66588044
    0.717715442 0.689087808 1.31085777 1.4016577 1.19402719 1.38786924
    1.30372977 1.57264149 1.55674362 1.6109457 1.38971555 1.59724963
    0.739119232 0.935047507 1.34032655 1.34949768 1.49603808 0.607057691
    0.843120098 1.64307714 0.877610505 0.508193731 0.608912706
    1.37669706 1.41945982 1.65703249 1.23580456 0.870682418 1.40759635
    1.54224706 1.72915173 1.44292831 1.81832099 1.8967694 1.8736347
    1.7015084 1.13672364 1.63345242 0.849169075 1.08554828 1.18272531
    1.03643739 1.1877141 1.0714736 1.79590845 1.30386972 1.02666187
    1.39184928 1.50256956 1.13405585 1.24060249 0.835889637 0.840327322
    1.11260092 0.774542153 0.727376759 1.45769835 1.36627913 1.020262
    1.07727814 1.01454365 1.69703567 0.902656198 1.4610095 1.48388231
    1.70410442 1.71254516 1.37576854 1.43172789 0.675337851 0.588154972
    1.08190536 1.66032243 1.48982084 1.08500004 0.519792795 1.04703534
    0.761359572 1.45179713 1.59935331 1.251827 1.55021679 1.46060181
    0.778650701 1.00724876 0.959581316 1.34187913 1.01474202 1.04029059
    0.540736496 0.656235814 1.00066388 1.68973172 0.996106088 1.63167286
    0.869537711 1.14321148 1.6537081 0.741933048 1.18609798 1.18928635
    1.35406208 1.12132132 1.28383064 1.74894428 1.56252921 0.945796013
    1.46594656 1.17851973 1.44076777 0.883218586 0.891142726 1.03911352
    0.866430342 1.00879133 1.59500241 1.26489544 0.97436434 0.714334965
    0.804969132 1.23114157 1.69745493 1.7357707 1.72329879 1.15794957
    1.23475432 0.57975018 0.436879784 1.01674581 0.635624111 1.07943428
    1.60161257 1.64795685 0.829927564 1.5585252 0.946222365 1.80807126
    1.23773313 1.29154193 1.34509337 1.30633283 1.09858871 0.887092769
    0.676656604 1.01518273 1.57686043 0.964123726 1.16592979 1.04848123
    0.940442026 0.963535011 1.07779753 1.65053642 1.59027803 0.733796537
    1.60249341 1.02974558 0.6584934 1.42358804 1.30255675 0.604142606
    1.22337806 0.875112057 0.997898757 1.01506603 0.772698343 1.39951992
    1.74246132 0.828866541 1.27156663 0.760569513 0.788163483
    0.994874835 0.966499865 1.25479853 1.82834601 1.85261846 1.53224242
    0.749254763 0.503481448 1.12967002 1.18740857 0.607597589 1.46519315
    1.29837203 0.853079915 0.894935071 1.71752298 1.5304184 1.67716897
    1.6221627 0.745549262 1.42998934 0.691812217 1.45698452 0.549416959
    0.982183456 1.098701 1.4412272 1.44750154 1.6521455 0.968065321
    1.6965661 0.795515239 1.59184825 0.706257164 0.612041116 1.3172847
    1.34646916 0.909209013 1.22991061 0.842582881 1.61563706 1.45510781
    1.31159747 1.47650671 0.751490891 1.31647718 1.77654004 1.47483718
    0.866007864 1.53114963 1.1711154 0.898824871 0.849442184 1.23923099
    0.792679369 1.60134137 1.35596502 0.999128044 0.58890152 1.01281011
    0.917856038 1.63950324 1.4666158 0.752417088 1.65691411 1.77854288
    1.21632326 1.09252954 0.959248722 1.5949378 1.64553773 1.64908755
    1.79893589 1.67477787 0.943498731 1.43848515 1.0610249 1.06781304
    0.988418639 1.25147343 0.828061163 1.10634077 1.12494218 1.33451247
    0.825955153 0.94269985 0.667666137 1.07892311 1.73515832 1.24680626
    1.46535575 1.54545546 1.45659554 1.36779451 1.13501692 1.06368184
    0.843263805 1.0498935 1.34672344 1.01253593 1.47039282 1.24122107
    1.58288932 1.43406427 1.4073199 0.487706482 0.93839103 1.50785148
    1.19813097 0.693442822 1.02970874 1.54753673 1.54147089 1.17412901
    1.4689585 1.40825713 1.86145687 1.5350666 1.83663297 1.65166843
    1.78679645 1.40545821 0.991048098 1.08171165 0.562269509 1.23755717
    1.04159892 1.37429011 1.05723727 1.25390959 1.08069706 1.05293226
    0.739222646 0.703262866 1.01622927 1.05827403 0.946443975
    0.832713902 1.40457118 1.26348746 1.23917747 0.750576735 1.34523582
    0.736239374 1.48010123 1.32921696 0.963297427 1.21045339 0.789678752
    0.930957437 1.30896163 0.687825859 1.30689609 1.11208498 1.30422723
    0.886594713 1.71822655 1.32113516 1.18515384 0.849220335 0.579429924
    1.00066328 0.482256204 0.553366482 0.914263725 0.863243282
    1.45756686 0.879123032 0.80190897 1.20651114 1.41177499 0.610900939
    0.964862287 0.581046939 0.961945832 0.875049949 1.33997428
    1.34387243 0.955289364 1.06092584 1.38889706 0.986394763 1.60388291
    1.07864594 0.434613556 1.40475285 0.715621829 1.43810797 0.880252302
    0.902676821 0.881193638 1.18801689 0.866711497 1.12122333 1.62613773
    0.582673073 0.719770908 1.54321218 1.36570764 1.25835133 0.663709164
    1.5624584 1.60468769 1.09416068 1.14550078 1.53759015 1.28458607
    1.00318277 0.612524629 1.22791052 0.742709637 0.615855694
    0.496762395 0.670043647 0.585918725 1.15540421 1.73570788 1.30744147
    1.67151213 0.892598152 1.79979897 1.5926286 1.41816914 1.06004703
    0.661980212 0.576494038 0.590575337 1.60531032 1.33533227 1.00311625
    1.36145711 1.62485516 0.969579637 1.02865338 0.713798165 0.588283479
    1.40255451 1.22345889 1.56861389 1.28102124 0.715257704 0.835423708
    1.22259986 1.53243005 1.06808102 1.37173808 1.48639405 0.802187979
    1.5585947 1.47164989 1.37745523 1.68130624 1.76574504 0.953658164
    0.516766787 0.556458414 0.565375447 0.850071609 1.52341974
    1.84355581 1.28592145 1.11634851 0.888896227 0.920173764 0.537469208
    0.93471688 0.783211231 0.850140154 1.63013887 1.33418989 0.937716901
    0.883406818 0.931756735 1.20989335 0.702680886 1.68506861 1.43023348
    0.662271917 0.625167727 1.34943593 0.724077046 0.863582194
    1.11642814 1.73839331 1.08478165 1.07201803 1.26537025 0.963891804
    1.67830324 1.4343555 0.840777159 1.30862677 0.810419559 1.04059017
    0.509602547 0.867200017 1.17939651 1.45831144 1.28696704 1.14068794
    1.49571514 1.34923208 1.41076458 1.57678759 1.76005149 1.53858161
    1.19540572 1.42370164 1.53449523 1.72020686 1.39919341 0.778265595
    1.55258024 1.41716099 0.896787882 0.908812106 0.694907188 1.56671679
    1.26053882 1.5603379 0.826167107 0.890779495 0.866256535 1.79914439
    1.79685044 1.60819137 1.08307993 0.816218197 0.7783252 1.71159613
    1.75662148 0.878882647 0.685392261 1.4807117 1.24923706 1.48963714
    1.22913599 1.44571531 0.627215624 1.37749267 0.980315804 1.55919373
    1.22539735 1.19261205 1.03400135 1.22528863 1.42462778 1.11301672
    1.59905934 1.72849798 0.85919863 0.62233603 1.49475467 1.18274879
    1.37703013 0.928423643 0.681317449 0.732012272 1.81637275 1.59816587
    0.941445529 0.964100063 0.813895166 0.623603284 1.00840986 1.6575346
    1.36067915 1.49930537 1.50721455 0.822125435 1.83763158 1.86263442
    0.823721886 0.713476181 0.923883319 0.887539864 1.23861921
    1.01820564 1.36309218 0.617837489 0.93788743 1.58062959 1.47200739
    0.816603601 0.633445144 1.58967233 1.47646785 1.32096267 1.15719867
    1.56880558 1.33605313 1.53474677 0.613092363 1.19868898 1.52942026
    0.645797133 0.983219862 1.19915462 1.71834326 0.991072714 1.14927518
    0.917718172 1.08806288 0.70785898 1.51556933 0.765306532 1.53109252
    0.809943438 1.11553717 1.64239955 1.47488189 1.32717574 0.848937094
    1.13893771 1.16947985 1.3008312 0.881453335 0.571412265 0.533524692
    1.00433636 1.38231766 1.38541448 1.10549557 1.6333977 1.22610688
    1.5304985 1.58615112 0.912748694 1.58146524 0.889391959 1.36352062
    0.818411589 1.38822126 0.857352614 1.62376559 0.806296766 1.32636881
    1.44373095 0.669030488 0.768064141 0.438914359 1.47305346 1.26707435
    0.698497355 1.15192223 1.48820698 1.33449447 0.622033954 1.33137786
    1.40697706 1.03022563 1.06913316 1.69852138 1.67435205 0.881688416
    0.562768996 0.715801954 0.73846972 1.31605053 0.907456398
    0.726818442 1.66574073 1.10537815 1.46026063 0.744831562 1.4628669
    0.671758652 0.684738159 1.07280505 0.616698623 1.05906236
    0.981602013 1.48266995 1.54379988 1.50135398 1.15519774 1.71381915
    1.12171125 1.58153272 1.17375004 0.833719313 1.54634535 1.17608202
    0.772295058 1.57939458 1.67799759 1.68202209 1.2581265 0.828803122
    1.44572747 0.709332287 0.680349529 0.935361743 0.970380962
    1.74837852 1.65364623 1.60852516 1.18656564 1.63131917 1.16943538
    1.72435331 1.31889391 0.996936023 1.04169011 1.32776475 1.7518729
    1.4532274 1.63837242 1.66738141 1.46513236 1.41792929 0.94622314
    1.17678308 1.68517697 1.52099013 1.80200994 0.891827404 1.28463304
    1.35212314 0.998010695 0.708704472 0.645144165 0.835547924
    0.909464359 1.22692668 1.1655308 1.38427138 1.71705389 1.13410413
    1.59385788 1.00861025 0.712842643 1.55887234 0.517385125 0.609422743
    1.44091308 0.82145083 1.02532685 1.65838969 1.13712668 0.990705431
    0.666361749 1.48800206 0.672305882 1.41990399 1.25344884 1.4907918
    0.957984746 1.16156018 1.09998226 0.699262083 1.11493623 1.04807889
    1.20017529 0.767954707 0.896549702 1.4098537 1.32521045 1.44587624
    1.03237653 1.75277495 1.38418818 0.689606309 1.63111258 1.07515395
    1.08543563 1.4166528 0.847495854 1.45538342 0.852526426 0.527053416
    1.39946032 0.912793815 1.39355981 1.29739082 1.77646923 1.74100375
    0.732033014 1.46528423 1.71265221 1.37217987 1.47255027 0.979457498
    0.908754051 0.512458086 0.79832375 1.6257906 1.58469987 1.04702997
    0.703745365 1.36907876 1.28787935 0.839853406 1.29009593 0.676927984
    1.3617413 1.06689453 0.882735193 1.03867257 1.62657857 1.46412337
    0.877355814 0.807613492 1.56327486 1.50422204 1.3838948 1.21265888
    1.21651828 1.46329629 1.5123415 1.20648777 1.59814155 1.0174005
    1.32777989 1.56776726 1.55125713 1.59922254 1.71199846 1.69210172
    1.21618676 0.851800561 0.771952927 1.350317 0.838333607 1.26767266
    1.27451789 1.26698983 1.81084478 1.3375982 0.562237084 1.28716624
    1.13617849 0.932551026 0.999170363 1.66752362 0.935986221
    0.811004579 1.56805789 0.704975247 0.863136947 0.88997525 1.73048246
    1.36023068 0.897772014 1.4164778 0.649921775 1.41869235 1.04624081
    1.08176386 1.34406674 0.835045516 1.0538547 1.11126947 1.42129815
    1.5738647 1.45106041 1.72459626 1.58891916 1.72775018 1.42849803
    1.18340158 0.706900954 1.6421634 1.59061325 1.13295281 1.7174083
    1.55083871 1.87973058 1.70549023 1.50462282 0.667095542 0.605032027
    1.61625087 1.33489919 1.35911906 0.72640866 0.735706568 1.67613959
    1.50087404 0.971181154 1.74830353 1.66282248 1.56579757 0.694350183
    0.932846785 1.56946635 1.21100652 1.34179032 0.97868818 1.35061991
    1.1058253 1.47806227 0.990603447 1.65988767 1.15623903 1.41778898
    0.566286981 1.23014402 1.24039507 1.13706791 1.51551294 1.421278
    0.696901858 1.5562644 1.31447816 0.886178792 1.22197747 1.65370214
    1.49687767 1.77737296 1.63642824 0.663685441 0.470735699 1.00822139
    0.58464098 0.70711714 1.58707917 1.02088249 0.490758359 0.462902457
    0.820133626 0.743114829 1.21555698 1.48936284 1.34427226 0.910099447
    1.39774394 1.40737605 1.03421092 1.14998817 1.24895763 1.74628901
    0.930663049 1.45372355 1.24716532 1.13434803 1.00111425 1.36622751
    1.48654985 1.69630384 1.53611147 0.821798384 0.972737253 0.582009494
    1.09093702 1.68792415 1.65299416 1.60429454 1.51888824 0.960719526
    1.20763171 1.20028639 0.930882156 1.64315152 1.33483338 1.2571218
    1.4267695 1.01802528 1.06781149 1.73152721 1.25942719 1.60549331
    1.02844846 1.27946055 1.13879204 0.704953671 1.18440449 1.00122988
    1.03875673 0.887615979 1.19587588 0.878893256 1.23478603 0.942833662
    1.49476266 1.2270875 0.999410391 1.20501053 0.847910881 1.58739555
    1.51046062 1.02892303 1.73518813 1.71054173 1.75010657 1.66716933
    0.980027258 1.08240294 0.59232825 0.806967556 1.40080595 1.61466014
    0.750501037 0.763803244 0.886766374 1.34601128 1.43162787 1.11596823
    1.55703318 1.23449886 0.945825934 1.23080528 0.722931921 0.734393001
    1.07372642 1.26463234 0.708361626 1.26624179 1.3660928 1.1771276
    1.32842565 0.768346429 1.34763467 1.57156599 1.11426246 0.617930949
    1.02542853 1.30710638 0.721508563 0.881356239 0.813753366 1.79773116
    1.62161386 1.07525742 1.47731256 1.24704385 0.479954332 0.636839271
    0.693922937 1.71963823 1.61072159 1.77446783 1.39321733 1.4762634
    1.27702975 1.32783949 1.31083083 1.47989726 1.42157292 1.34674001
    0.657396495 1.11500561 1.0048455 1.07649469 0.943564355 0.754135489
    1.18411207 1.54661584 1.51048923 0.870870352 0.845744848 1.52759147
    1.52014589 0.726670802 0.785306275 1.14551759 0.975963652 1.26536202
    1.7540338 1.82595217 1.46277881 1.48899984 0.872665763 1.59789288
    0.686355889 0.719212174 1.05142188 1.64907002 0.971232355 1.61608601
    1.7918874 1.14327502 1.31045449 1.82171762 1.67355561 1.2384361
    1.03025174 0.722636104 0.818902075 0.774921 0.800068676 0.860919178
    1.34662092 1.03946233 1.64496481 0.627245963 0.883170128 1.29746294
    1.0726676 0.805381477 1.62860477 0.987455726 1.01127625 1.41944003
    1.49021769 1.59659719 1.49596655 1.67155087 1.13964403 1.21956933
    0.678945482 0.544394553 0.632608831 0.799729884 1.43723547 1.6765821
    0.690798163 0.583537161 1.19927585 1.11976624 1.12227035 1.21984208
    1.75814617 1.76979792 1.58543861 1.615255 1.61555839 1.32912052
    1.43880856 0.816422701 1.72272611 1.07315671 1.79907155 1.8767637
    1.74146819 0.845474124 0.545394719 0.885541975 1.48538387 1.20872068
    1.67775667 1.41708326 1.33811617 1.67950881 1.66105115 1.68035567
    0.832887411 1.29984248 1.14110458 0.873814464 1.23652983 0.584569693
    1.64630437 1.57888353 1.67848229 0.739576519 0.638863027 1.12859857
    1.47854042 0.955496132 1.65153205 1.47115493 1.16764796 1.45116413
    1.71789622 1.56683373 0.973067343 1.25268936 1.26858699 1.02006233
    1.74609876 1.51691699 0.994452059 1.40691781 1.20605552 1.66430175
    1.07320929 0.890155733 0.561342299 1.30090594 0.917517245 1.39085972
    1.23630047 0.598317504 0.664845288 0.705311 0.665093601 0.581165254
    1.20173073 1.64519989 1.76413107 1.12651539 1.55293167 1.47966683
    0.981241643 1.28686953 1.71685803 1.49604905 0.946694791 1.7237469
    1.75462866 1.6630739 0.975762188 0.563666224 0.987948895 0.964161217
    0.796643138 0.633596957 1.05020356 0.910085917 1.22498071
    0.923416138 1.14969492 0.850886285 1.07216167 0.895973682
    0.749875844 1.23051834 1.21961462 1.1308428 0.777804255 1.06345582
    1.58968437 1.56346571 1.62013757 1.51326799 0.882229269 1.15602434
    0.64805305 1.10993457 0.995272517 0.591203928 0.931367457
    0.889039874 1.41140854 0.638909996 1.13766873 1.22047102 1.39986646
    1.37746513 1.39383233 0.82340616 0.975826561 0.791110218 0.583795607
    1.06665146 0.664472938 1.51088536 1.73458791 1.80771422 1.24191725
    1.2700038 0.692727208 1.22996509 1.18046939 1.68337083 1.71161103
    0.987024844 0.814687908 0.998329639 1.78732419 1.57684267 1.24920964
    1.46056616 1.10938764 1.11858892 0.900493681 0.562519491 1.28041327
    1.12933719 1.58165646 1.00895572 1.4979012 0.914100349 1.12729144
    0.998526096 0.813113093 1.39958096 1.30834448 0.979769647 1.07004201
    0.727189898 0.927709818 1.35353613 0.718289435 1.68648505 1.57021475
    1.85482872 1.81961071 1.36662114 1.68790185 1.16976452 0.712096453
    0.891028106 1.28885031 1.63283908 1.34234095 0.743404508 1.05585432
    0.815414846 0.808070242 1.20260084 1.44411802 1.59990215 0.720863283
    1.23780024 0.768432677 0.627818286 1.66072106 1.22431231 0.872321546
    1.17876244 0.881282926 1.62187004 1.84873211 1.66815543 0.666846931
    0.905342698 1.06990266 1.04575753 0.907353401 0.858249128 0.88385272
    0.820818901 1.31547177 1.18032336 1.34354472 1.34169209 1.09796906
    0.60617435 0.59781003 1.40233815 1.02363503 0.762016714 1.76398051
    1.10937083 1.44732797 1.77753186 1.19932044 1.11689866 1.01374018
    0.683394134 0.780575395 0.670527279 0.856564462 0.524961829
    0.679504514 0.733521402 1.43124425 0.652328491 0.983924985
    1.23693275 0.833490849 0.808060765 1.00950801 0.907550514 1.29232645
    1.53414428 0.86957258 1.67151535 1.22439468 1.79211473 1.29315937
    1.61047542 0.812849045 0.96923691 1.50448859 1.22256279 0.729023397
    1.21021712 0.847655714 1.48500812 0.53992033 1.03408921 1.04847133
    1.41926825 1.52322662 1.50221038 1.10064101 1.21524704 0.739847898
    1.63486445 1.67303598 1.26879346 1.49998379 0.998575628 1.54210734
    1.16591024 1.39818001 1.31226897 0.876492977 1.5796628 0.80769062
    1.41903615 0.823315978 1.16594207 1.60489857 1.75143766 1.07615197
    1.38073778 0.863192797 1.26691616 0.957888782 1.08835936 1.06296468
    0.944117069 0.664114475 0.532363832 0.566923141 1.16192687
    1.02628016 1.68196487 1.43510211 1.10016811 1.22534573 1.67208755
    0.860684693 1.36577022 1.14984512 1.56845808 1.6901834 1.13999283
    1.59642375 1.03124094 0.888573885 1.43896294 1.45834792 1.72028947
    0.723460674 1.14546108 1.28253949 0.800023317 1.26983893 0.928415835
    1.3451395 0.522827446 0.705828011 1.57958126 1.09320211 0.514956832
    1.38163888 0.607471764 0.591261506 1.61318898 1.05224359 1.37881684
    1.5533849 1.21953046 0.916981816 0.734019697 1.2636677 1.36660504
    0.970559716 1.66472721 1.01755857 1.02690661 1.68132019 1.52192092
    1.07212007 0.534253299 1.09780538 0.540474117 0.584338844
    0.747229099 1.44091439 1.32224667 0.984570384 1.07467556 1.38201547
    0.931158066 1.46910942 1.32734346 1.64036834 1.41275859 1.26112151
    1.14193749 0.604435384 0.860042036 0.992751241 1.69179595 1.12785769
    1.6620996 1.04865527 0.746036112 1.41005313 0.796382189 1.43762445
    1.41774058 0.548812032 1.34134686 1.50848639 0.921330869 1.29452705
    1.31222892 1.02257454 0.887200356 0.766476691 1.11904228 1.11213648
    1.48740017 1.07937634 0.565250158 1.22957516 1.28711939 1.45183408
    1.44157743 1.05805349 1.03582013 1.22911513 1.3742466 0.9008708
    0.813044131 1.24047899 1.48073018 0.967814207 1.4300679 1.68682337
    1.8230325 1.22385645 0.793917358 1.61138022 0.990159571 1.07070684
    0.993394852 1.04945922 1.17355704 0.87471962 1.64549661 1.59861457
    1.46019697 1.22961009 1.24755597 1.72759283 1.6654954 0.803043067
    0.780019283 0.904012442 1.05381322 0.911379099 1.08773756 1.24000108
    1.7478106 1.50632751 0.889199793 1.47196627 1.69204569 1.65660322
    1.5747999 1.7507565 1.23080945 0.675522923 1.63479555 1.53585255
    1.17418849 0.824468195 0.809118032 1.00168526 1.60634315 1.36937451
    1.13160825 1.06650865 0.804697275 0.544511735 0.589736998 1.36369491
    1.27628338 0.738212585 0.818401754 0.807523966 1.21038294 1.40219176
    1.55452442 1.50568938 0.611509323 1.21785867 1.23064244 1.24232125
    0.837705791 1.39179015 1.52361262 0.90089345 1.24785197 1.61916268
    0.693916917 1.33954978 1.49662387 0.585641265 0.780944705 1.40812957
    1.2611047 1.56023192 1.37635839 1.33052087 1.39277673 1.40942132
    1.13613975 1.6499995 0.647932112 1.02822232 0.548528552 0.805397809
    0.509951472 0.646190763 0.750207603 0.723277807 1.41883576
    0.576225221 1.07871842 0.949864984 0.726206899 0.852581263
    1.23541307 1.68854988 1.64306116 1.61701953 1.3286469 0.935589015
    1.22806823 1.39756727 0.789270043 1.14056849 1.03121293 1.25509298
    0.905122697 1.14371037 1.13104522 0.955307841 1.6013875 0.597937703
    0.579880297 1.25242949 1.65497017 0.804103792 1.79241812 1.6286335
    0.621090412 1.56191838 0.813981891 1.76731014 1.3195914 1.83036947
    1.59246445 1.24444139 1.43253708 0.903117299 0.953888059 1.66990805
    0.927483857 1.28333116 1.61691272 1.38117695 1.11252081 0.695073783
    1.11796105 0.930992246 1.74668884 1.59478009 1.65916538 1.74327302
    1.57795596 1.03890157 1.48935068 0.898345768 0.879357576 1.21943569
    0.785235465 1.7322284 1.53408289 0.795402408 0.796459556 0.88837558
    0.666368961 1.66009951 1.2910881 1.30207491 1.35501111 0.911626399
    1.61829615 1.00774145 1.74074972 0.89359194 1.81023848 1.84421301
    1.70109379 1.54950166 0.9359321 1.56013751 0.721650422 1.65024734
    1.61061132 0.692287087 0.702584386 1.56825745 0.686126888 1.12297654
    0.520275772 0.834041178 1.18995762 1.45364213 1.63425088 1.40352511
    1.01715207 1.080392 1.14043343 1.41012323 1.47333431 1.74477696
    1.52960944 0.816458106 1.49625313 1.45845652 1.13175011 1.14973402
    1.56300223 0.830042243 0.549114048 0.963935673 1.3299731 1.36974275
    0.711793602 0.754560709 1.05894804 1.67384005 0.705152869 1.54305291
    0.934653461 1.18448496 1.17415333 1.50689173 0.821736693 1.19971418
    1.47566676 1.6118902 1.29332578 1.65033162 0.732630789 1.22522771
    1.13721156 0.808346689 1.34075928 0.660661101 1.11799872 1.59962142
    1.27919114 0.652024865 0.766406953 0.739296854 1.00450027
    0.765552998 1.2338779 1.25987887 1.50609398 1.73085105 1.27613187
    1.36531377 1.69348478 0.962498009 0.576020122 0.562118948
    0.903867781 1.40859139 1.75949955 0.933958828 1.32145441 1.65149021
    0.753646195 1.24914336 1.21642768 1.25750756 0.673254967 1.50062525
    0.935784578 0.742238104 0.832531154 1.74189591 1.62583673 1.40082645
    1.264557 1.10871911 0.817999482 1.16219175 1.55939186 1.46948838
    1.60953927 0.933286905 1.50114477 1.60955858 1.54893792 1.04214466
    1.61567569 1.01760542 1.60043204 0.814879298 1.61344767 0.712743819
    0.898623943 0.774565756 1.82572925 1.54376829 1.32335114 0.617702484
    1.06059527 0.813135028 1.14164424 1.67279077 1.21663821 0.623487592
    0.680255234 0.702459872 0.96232307 0.583670914 0.941134453
    1.31185567 1.0449394 1.4901619 0.657496572 1.40845358 0.592889845
    0.863429844 1.56769848 1.45450175 0.817358077 0.668691814
    0.985093355 0.697944462 1.37896061 0.804624736 1.70220613 1.24935496
    0.86426121 1.15487194 1.22371221 0.903567135 1.61539507 0.90009886
    1.71114659 1.66138256 1.46566272 0.859478056 1.2174921 0.72254467
    0.863989413 0.99298209 0.796939731 1.4461683 0.851200044 1.58338046
    1.71340144 1.58837044 1.45312595 1.82846475 1.20948303 1.50314546
    1.43609345 0.609971642 0.779466331 0.6009655 1.07033777 1.23785126
    0.571831226 1.34016168 0.686753929 0.753728867 1.29473317 1.72730982
    1.12015271 0.875788331 0.683363497 0.731976271 1.18963838
    0.746759772 1.64106917 1.69983089 1.29749584 1.09366703 1.03089297
    1.45418918 1.08789933 0.719257891 1.61160171 1.28606725 1.39167202
    1.43646836 0.999065995 0.961890578 1.52911806 1.65222287 1.15656996
    1.30554605 1.64092839 0.751161695 0.615663707 0.892799199
    0.948621929 1.68530738 1.00129485 1.50494218 1.42531455 1.27963436
    0.683419764 1.13226843 0.685140491 1.29257441 1.56110644 1.04854059
    1.15333343 1.64262867 1.64521742 0.572874129 0.957554936 1.29582047
    1.52980447 0.758858621 1.22499013 1.08008063 1.21336412 1.57530951
    1.58722949 1.3518126 1.06029177 1.05534327 1.1796782 1.47036934
    1.45426834 1.41048229 0.817498505 1.05268598 0.861871958 1.49854767
    1.30977714 1.52828217 0.754163265 0.930284083 1.69208729 1.21535754
    1.67927837 1.79118216 1.78191841 1.48132062 0.802185476 1.63156831
    0.95733732 0.553304672 0.576468349 1.39335513 1.01623869 0.869000554
    1.46921825 1.46366644 1.15522623 0.884677887 0.478220016 0.848577619
    1.20857024 1.60989785 1.31098795 1.64192879 1.65111434 1.6681931
    1.54651785 1.03315866 1.73832846 1.41448629 0.895390451 1.15373135
    1.04481328 1.45434809 0.735141933 1.01526344 0.980009019 1.37995946
    0.689056337 1.14141679 1.50294995 1.07461643 0.586311877 1.44396949
    1.63819611 1.71325743 0.962570846 1.64828169 1.24065089 0.719174087
    1.43534434 0.858613014 1.38842762 0.776170135 1.29560423 0.847513855
    1.61933625 1.69740307 0.871694565 1.54383755 1.26061022 1.21031272
    0.684674978 1.44889987 1.06194425 1.69565725 1.44360852 1.06672788
    1.5177139 1.08540022 1.25186455 1.29854262 1.47367764 1.04709387
    1.72642744 1.51421428 0.907996595 1.63998103 1.25061309 1.57574952
    0.679345906 0.760150492 1.21517861 1.14857829 1.07666993 1.39055312
    1.23481846 1.64284849 1.50733316 1.34930849 0.626447558 1.36961889
    0.635675251 0.858279765 1.06898427 1.22004914 1.39057291 1.6821785
    1.33932686 1.69931138 0.910178423 0.817993999 1.25895035 1.00368476
    1.73420799 1.33816087 1.47964025 1.21205747 0.910491765 0.772643507
    1.65864897 1.78806043 1.38234174 1.10545802 1.62088037 1.48891294
    1.48993659 1.23887312 1.27936924 1.257622 1.61170411 1.63113606
    0.770963728 0.899751663 1.47675967 1.03196847 1.61840236 1.00568974
    1.14934635 1.46749985 0.95646888 0.558012366 0.650432527 0.622119188
    0.478883386 0.618847191 0.983503282 1.16337121 0.72891134
    0.775673091 1.37020612 1.30021477 1.49556112 0.907019258 1.2010895
    0.55810225 0.547869265 0.775267959 0.672699392 1.13360167
    0.887645006 1.17607784 1.22405398 1.60346365 1.22256303 0.867769837
    0.721484184 1.37607825 0.746248662 1.59442616 1.72502089 1.5047251
    0.959577739 1.05699086 0.70982486 1.2964766 0.839443088 1.51878953
    0.753231347 1.19818079 0.866931856 0.687841475 1.37836504 1.40081954
    1.70680237 0.601114631 0.607203364 0.793418348 1.17553568 1.51762116
    0.99447459 1.45351636 0.970152736 1.37477911 1.52391458 1.0303266
    1.0995971 1.55518436 1.34599316 1.61791658 1.07708108 1.30147886
    0.57280153 1.08451307 0.699190557 1.46403229 1.09207666 1.30256748
    1.70994413 1.67205787 0.688786447 1.18857884 1.77109683 1.63841736
    0.726123095 0.720346212 1.590675 1.28160727 1.01274621 1.72213471
    1.48206592 0.902751446 0.57982862 1.3825314 1.42835045 1.4705677
    1.36301112 1.16335845 0.965911269 1.53937531 1.86394656 1.65253413
    1.28107834 1.51808977 1.45341384 1.31754851 1.38157797 1.03153062
    1.49189508 1.78356159 0.819427013 0.59357661 1.13244104 0.58868885
    0.808893204 1.44562447 0.700783074 0.87656951 1.12484682 0.840088606
    1.13753664 0.983000815 0.767162442 1.12705088 1.14130914 1.57703447
    1.72830677 1.53789139 1.03092229 1.70801187 0.718645036 1.02744746
    0.724937081 1.03413177 0.926216543 0.614576399 1.48598599
    0.873655856 1.72719717 1.29873216 1.23772061 1.5525713 0.912680864
    1.01164627 0.610664487 0.499468416 0.511227846 0.846531332
    1.02279985 1.66691506 1.80275357 1.80734932 1.32408679 1.29252851
    0.984127462 0.794772744 1.13853562 1.568645 0.788887858 0.866930783
    1.41202688 1.50749564 1.85508835 0.986819446 1.28391778 1.72202194
    1.55626059 1.18359244 1.19930339 0.741467953 1.24270546 0.613148272
    0.99117732 1.37075925 0.648878396 1.18451476 1.17467344 1.5165869
    1.00421047 0.803603709 1.78561342 1.78796697 1.22878408 0.636099041
    0.735854387 0.527081251 1.15212214 1.52121496 1.24308908 0.867821753
    0.543408275 0.961673617 1.5951618 0.591457903 0.716508687
    0.674390137 1.35105419 1.05590224 1.01383185 0.588019192 1.08250558
    1.37074029 1.39251637 1.4414525 1.51997817 1.06730151 1.08035874
    0.88280189 0.626053035 0.745803595 0.664356649 1.16201961 1.44907284
    1.3257122 0.710460007 0.523256779 0.529257238 1.34466815 0.630010962
    1.25835443 1.02012277 1.20713806 0.84582603 1.64404774 1.62656486
    0.636240304 1.10815096 1.34360754 1.24549377 0.755375028 1.39894986
    0.765775561 0.910766065 1.27541089 0.844103634 0.647636414
    1.09056342 0.795965672 1.5678457 1.7443099 0.874467015 0.652993679
    0.729026735 1.24225175 1.04264462 0.971634924 0.783941984 1.74325264
    1.11463916 0.762570381 0.795259953 1.15707862 1.42895496 0.991097748
    1.65790284 0.85534668 1.53281355 1.18485928 1.70716012 1.18284273
    1.0511328 1.57339382 1.18080747 0.629599869 0.941575706 1.2253654
    0.76664412 1.56568182 1.28996062 1.00123382 0.42994079 0.670104921
    0.987211347 0.932785749 1.19626164 1.48310113 1.2672143 0.903385699
    0.695466459 0.781255722 0.477090478 1.31999159 1.08371139
    0.560373783 1.0361011 0.510255516 0.934017062 0.546792746
    0.716613114 1.61779344 1.1216526 0.888128579 1.03577721 0.982227743
    1.5812093 0.952286601 1.28545845 0.629556835 0.587374091 0.811727226
    1.19714451 1.19315886 1.63600945 0.67515564 1.02271664 1.51205266
    1.460127 0.980417132 0.870465517 1.46300447 0.7289505 0.801763892
    1.04530537 1.57832325 0.837220728 1.35616934 0.592382789 1.64588571
    1.14029336 1.71456659 0.861699343 0.746942461 1.51828539 1.62790966
    0.776565611 0.873463392 1.28182495 1.03959167 0.726924717 1.59669423
    1.07356846 1.06740892 1.12237597 1.63227785 0.802779555 0.897784889
    0.825162888 1.32584739 1.15151119 1.18090236 1.32770789 1.69335222
    1.63519478 1.0194695 1.05147994 0.895927906 0.811161041 0.648131788
    0.725116849 1.00571465 1.50741291 1.23416483 1.40957141 1.00030434
    1.58665895 0.823624074 1.66140139 1.4594214 1.69506884 0.749207854
    0.775838435 1.01450455 1.55211937 1.28733838 1.18135357 1.53406048
    1.50170636 1.44566715 0.685406387 1.29612744 0.848492265 1.26809335
    1.48847997 1.08325481 1.22797847 1.48227 0.629316628 0.718007565
    1.23290181 1.46125877 0.870003641 1.63941824 1.44632924 1.68031871
    1.73128521 1.63239968 1.62387908 0.916267097 0.953353643 1.10602999
    0.542569935 1.20185363 1.23137605 1.31768 1.15498698 0.809257329
    1.44424868 1.6130693 0.646557033 1.5231477 0.846941888 1.54653108
    0.579576492 1.34003949 1.17691767 1.31768537 1.71260512 1.81859958
    0.757678032 0.527606905 0.743004322 0.890102625 1.28261256
    1.15729344 1.09097672 0.89442265 1.569929 1.55914068 1.4173429
    1.57434142 1.58537471 1.69775593 1.14831531 0.792210281 0.994354904
    0.597126544 0.640167832 0.650169969 1.44976258 1.53316927 1.4603014
    1.60472381 1.3386097 1.47175288 0.835819602 0.568457186 0.875101984
    1.71892715 1.28941643 1.58071089 0.630625844 1.18055105 1.23086762
    1.07231808 1.24542201 0.938952267 0.580001831 0.483037353
    0.856816173 0.543167591 0.793521464 0.82096982 0.728202701
    0.978758752 0.51347357 1.34448469 1.36456406 0.655214727 0.657504201
    0.927053511 1.14342642 1.30073845 0.711925507 0.577512324
    0.727965474 1.19108665 1.54895246 0.85772723 1.42711961 1.79409909
    1.46338296 0.652887583 1.18765998 1.03933597 0.947003961 1.07222104
    1.25053024 0.983766079 1.24080825 1.29293942 0.650016487 0.670372665
    1.35072136 1.18072522 1.13991463 1.47393811 1.22861397 1.23644495
    1.51402664 1.64612937 1.07634783 0.651918948 0.486269712 0.923442721
    1.64204097 1.74651849 1.0395695 1.25452769 1.1760366 0.874014735
    0.779987037 1.39255011 1.27484834 0.947276115 1.06031883 1.36844969
    0.946987391 1.30218303 1.42809844 1.88680279 1.70013189 0.965920925
    1.75295615 1.59735787 1.44686568 0.931239188 0.889371634 1.45848227
    1.00593185 0.98468256 0.602521956 0.99990797 1.02524543 1.17358673
    1.46908689 1.21659541 1.21753156 0.583651483 1.37296689 1.3682766
    1.61815453 0.905590415 1.35169148 1.63307762 0.959633172 0.450415224
    0.674973786 0.769039273 1.46838534 0.615230858 1.20321047
    0.516934216 0.709088802 0.877200663 0.912739158 1.14020455
    0.718883336 0.616932869 1.13389075 1.08598316 0.825020969 1.41042733
    1.38849449 0.582318306 0.92603898 1.2689091 0.995285273 1.79140866
    1.64693904 0.762005746 1.56779253 1.76444566 1.04853821 0.781713843
    1.20706725 0.593049705 0.791077077 1.04906881 1.46624398 0.902184725
    1.19734955 0.610886157 0.632555246 0.673760056 1.7917999 1.53411555
    1.44365072 0.568223119 0.9539482 1.35589743 0.740069866 1.15658593
    0.781545639 1.4538281 1.070261 1.53882921 0.919705153 0.809815764
    0.814105332 0.894592464 1.70363176 1.21205032 0.84144491 1.44061065
    0.958985686 1.70541298 0.884857774 1.44686329 1.58396888 0.860995293
    1.60172677 1.05131483 1.28868425 1.2309798 0.702280939 1.13667309
    1.49947381 1.36848688 1.62770748 1.61101258 1.07816541 1.07166886
    0.843827188 0.767013431 1.29098189 1.38685977 0.543445766
    0.634503663 1.20840633 0.709121704 1.44882071 1.03889561 1.41536248
    1.35659266 1.43193471 0.796775997 1.28790593 1.25055158 1.49873888
    1.24444175 1.21192539 1.00891256 1.70288432 1.40353012 0.84368825
    0.939097703 1.60178506 1.66934347 1.21939051 1.64179969 1.58757365
    1.55495286 1.02699423 1.64165139 1.38776898 1.13248694 0.864050388
    0.883604348 0.846793592 0.616131246 0.822117209 1.30693483 1.4579792
    1.04700553 1.05617619 0.622372806 1.15417469 1.3378154 0.719380617
    1.08261859 0.688692212 1.40690601 1.504071 1.66706538 0.963384449
    0.793448031 1.36328471 1.19686079 1.46396089 0.974599063 1.32582653
    1.27247107 1.56155086 1.5687108 1.56162786 1.68476796 1.4861393
    1.58774507 0.925649762 0.954822838 1.65983474 1.60687053 0.842413068
    1.21491611 1.16406214 0.79099834 0.876619637 0.966551721 1.55208397
    1.20584667 1.47362924 0.606404245 1.10301173 0.639290333 0.756343424
    0.990931392 0.832534909 0.859661162 1.60268462 1.19305205
    0.899578273 1.38324726 0.765393138 1.16008556 0.611351609 1.36359847
    1.1855408 1.46093822 0.807984948 0.938179672 0.589686275 1.28559804
    0.946461499 1.42489219 0.580989599 1.48051107 0.789799035 1.36466789
    1.04860997 1.0737834 1.26568246 1.67339611 1.46331775 1.36676407
    1.75989795 1.62644696 0.761112392 1.23426509 1.43781447 1.32327223
    1.17762887 1.25091553 1.62825477 0.679556072 1.1463809 0.955688655
    1.21325958 1.62074196 1.71278632 1.55462122 1.15939128 0.989783645
    1.14929473 1.56172943 1.33881414 1.11509073 0.644051731 0.47376439
    1.17341161 0.82499373 1.2637955 0.905989647 1.33741856 1.64217305
    1.72253907 1.07223928 1.27655315 1.21455944 1.65772903 1.18237162
    1.31918049 1.04915583 1.44482231 1.20719588 1.78093493 1.84153628
    1.54332399 1.39027596 1.3897562 1.85635197 1.63384187 1.26694846
    1.64566052 1.52628481 0.640074134 1.09135103 0.628465414 1.19066763
    0.945041656 1.40009749 1.82206082 1.70758963 0.831547916 1.45787561
    1.72344649 1.19318604 0.997564614 1.02358282 1.31981421 1.73995578
    1.52149427 0.876379132 0.549304545 0.983273745 1.65302014
    0.906556904 0.930041671 0.418319672 0.598295808 0.582878113
    1.54953861 1.09854448 0.927298307 1.42412853 1.17102373 1.12440908
    1.57771134 0.808894455 0.860103607 1.17178547 0.972802579 1.52368236
    1.70271313 1.30047929 0.837208152 1.38722646 1.70531058 1.81348979
    1.49357188 1.43848181 0.657948554 0.495615005 0.619061828
    0.635930419 1.09844279 1.21179497 1.58006561 1.05726039 0.755466104
    1.58865809 1.41222572 1.56895638 0.996952236 1.30598843 0.849361062
    1.45413065 1.06043005 1.50205255 1.00918579 1.22809172 0.660342634
    1.28935158 1.00967073 1.27617407 1.13127017 1.27084208 1.41449654
    1.29812062 1.47350299 1.25842106 1.56663501 1.66430783 1.67600572
    1.39324069 0.768160522 1.36770284 1.64869845 0.750368297 0.999348998
    0.701377213 0.901650906 1.54393363 1.27043915 0.892214477
    0.740722597 1.5165869 1.32962728 1.38182652 0.601581395 1.54375041
    1.21508074 0.685410738 0.969193816 1.63549042 1.32145965 1.74280345
    0.930125117 0.70455426 0.890385866 0.968633115 1.2481811 1.59853804
    0.638520002 0.62506181 1.23772848 1.3897934 1.45972037 0.932685792
    1.73307681 1.16541159 1.22650135 1.66285264 0.935636103 1.53640521
    1.16514063 1.49008667 0.776287913 1.42387724 0.798280358 0.883862376
    1.6797893 1.5150342 0.707781851 0.897447169 1.35103869 1.00825226
    0.684429109 1.31972134 1.50135589 0.830951631 1.02361453 1.06408918
    1.59466529 1.70744348 1.58065474 1.60722792 1.04788959 1.25056493
    1.66763711 0.709788263 0.643418193 1.06257105 1.51797807 1.28859413
    1.81824732 1.7899785 1.39849842 1.5836575 1.45566058 0.930505633
    0.674171627 1.64252412 1.74755168 1.17779946 1.19541585 1.40206146
    1.04344237 1.32447577 1.2778132 0.623359442 0.889820516 0.885302544
    1.05891466 1.32376385 1.15338552 1.48916471 0.657605827 0.918382764
    1.23794723 1.55318284 1.30534649 1.47661138 0.686412156 1.44389856
    1.53176975 1.50306571 1.15749967 1.40058506 1.52966297 1.21537101
    0.901931167 1.50966227 1.01907587 1.50161994 1.10121214 0.972760379
    1.67345083 1.6676892 1.44107556 1.5254333 0.639529586 0.964477718
    1.05166423 1.44270599 1.36542594 0.672007024 1.08792639 1.361889
    0.933898449 0.922356784 1.73198807 1.29367518 0.938744843 1.00960934
    1.10467732 0.946472108 1.60867393 1.00018251 0.771132886 1.45286834
    1.47377002 1.36097717 1.43723774 1.7201947 0.911486506 0.902574837
    1.641083 1.73204637 0.79310739 1.71655202 1.37943041 0.933990479
    0.521196246 1.27037549 1.4851712 0.910934627 0.611807764 1.33048332
    1.27019286 1.56304002 0.959146559 1.11999726 0.872967005 1.04726207
    1.70566547 1.50014079 0.760283291 1.51646566 1.59838009 1.79750252
    1.23184681 1.41770184 1.29120409 0.830755651 1.68745339 1.40840364
    1.63657463 1.57498646 1.56196213 1.15220392 1.29479349 1.39893961
    0.755691946 1.24253654 1.27137578 0.939412951 0.906235516 1.82142031
    1.85883963 1.47400355 1.78884995 1.31595397 1.30596673 1.02212453
    1.58448076 1.25667262 1.13197231 1.68772888 1.27964914 1.70831251
    0.975336015 1.62686896 1.03908587 0.887186646 1.18088043 0.946739256
    1.24768567 0.718002141 1.50051403 1.18120694 0.817264736 0.997734249
    1.78198314 1.43668604 1.65480912 1.50480556 1.29724181 1.447649
    0.773049593 1.7612555 1.66120076 1.50808609 0.901316285 1.30961466
    1.67741287 0.685027242 1.06533635 1.35406935 0.888248444 0.69627279
    0.613792717 1.21566296 0.755978465 0.728037119 1.38312054 1.73947978
    1.53783989 1.41727066 0.946226776 0.702343047 0.532243192
    0.972764313 1.4412334 0.94057107 0.817463815 1.34381545 0.788220942
    0.832324862 1.48846924 1.58256805 1.00324821 1.42280114 1.56498528
    1.09028971 1.72033012 1.10327339 1.48880827 1.07079089 1.12740898
    1.14732909 0.942539275 1.64095831 0.889414072 1.5844959 0.859677315
    0.999652386 1.09192789 1.41435611 1.2458781 0.562161505 0.658557057
    0.814813316 1.11807418 0.521440089 1.00932407 1.45808482 1.32381439
    1.35358393 1.09862459 1.18160176 1.04110289 1.70613718 1.51304555
    1.07072353 0.913776815 1.25925839 1.1734401 1.2809571 0.544207633
    1.30990279 1.22698581 0.917522371 1.28579473 1.29437029 0.832582355
    1.16245854 1.39851165 0.700745583 1.40944207 1.41174316 1.68003774
    1.0364269 1.02432966 1.00875771 1.21029603 1.39623332 1.72049892
    1.07040465 0.590159059 0.811463594 0.721963882 0.743611515
    1.58003879 1.57275796 1.87909079 1.79801428 1.64286113 1.26205385
    1.51417565 1.00153267 0.815189779 1.59443772 1.03497553 0.536481977
    1.06822467 1.16416883 1.05467749 0.978004575 1.47237813 1.59121883
    1.0864011 1.30417132 1.59750736 0.861895084 1.1818769 0.838146746
    0.821173429 1.29658401 1.24112713 1.07203341 0.6032359 0.998225987
    1.68329942 1.6816057 1.05398953 0.536775589 0.471465498 1.55668056
    1.17525125 1.00569034 1.01777446 1.35547316 0.688661933 0.743555129
    1.60397673 0.791398466 0.716187894 1.41922438 1.31797945 1.6513859
    1.14253092 0.978961587 0.74429661 1.2886734 1.59298241 1.48797786
    0.692756116 1.07684076 0.852637827 0.756429672 1.60239112
    0.896918654 0.956397951 1.44700134 0.78201741 1.29628229 1.23207843
    0.736543059 0.756769657 1.51937091 1.71307123 0.793915689 1.38448286
    1.63873398 1.40778899 1.33995235 0.805026472 0.795873106 1.04939222
    1.67561531 1.60206938 1.59831202 1.80115175 0.782027781 1.51036429
    1.031587 1.4612329 1.12183571 1.69106603 0.8234635 0.840357959
    1.04271448 1.17496133 1.02289939 1.51810682 1.4915626 0.969601154
    0.716088295 0.854467988 0.659505725 0.899504781 0.883339703
    0.752893209 1.1980983 0.883533359 1.58796704 1.62786305 1.02740896
    0.776024878 0.903005302 0.687536299 0.565234005 0.679397166
    1.54739499 1.16432738 1.41791654 1.71516562 1.23500168 1.34526384
    1.14696455 0.868001223 0.989129961 1.65377653 0.883908987 1.73736715
    1.78515589 0.853909969 1.56083083 1.52151501 0.751639247 1.40448296
    1.71764338 1.27620661 1.52426529 1.66001403 1.41313303 1.25588536
    1.20890999 1.18775594 1.49953687 1.23796952 1.35907423 1.02635479
    1.53489125 1.44259298 1.59255385 1.50375748 1.58267975 0.900347471
    0.993216693 1.15567756 1.57653272 1.13367808 0.959875166 1.11437571
    1.33073354 1.09165549 0.909332693 1.68432033 1.74390936 0.788398743
    0.666689038 1.06479537 1.47555542 0.864136934 1.6964215 1.02796817
    0.747367799 1.25138569 1.5186348 0.754966617 1.29874861 1.19070971
    0.791993558 1.39210367 0.507144153 1.2092731 1.07762861 1.27206421
    0.721968651 1.36774373 1.18280864 0.716398537 0.810594678 1.22598755
    1.34554887 0.654291749 0.998655319 0.529956877 1.15760434
    0.715075076 0.872201025 1.35499716 1.36319673 1.59793854 1.66135168
    1.33873427 1.11481178 1.55998993 1.46353829 1.20413256 0.637600601
    1.55195177 1.50916767 1.26595426 1.25066018 0.87957418 1.15284562
    1.339746 1.57490361 1.64479661 1.71098936 1.02702701 1.17744863
    0.93632561 0.902944446 0.82879138 0.555212855 0.533210397 0.56351769
    0.899488091 1.50149167 1.22556567 0.671799839 1.1795454 1.17794144
    0.896740198 0.696281135 1.39525473 0.701556325 0.9178707 1.48252583
    1.11450016 0.746915996 0.88799274 1.40258241 1.64598715 1.72314143
    1.46428776 1.08018899 0.959501743 0.669867396 1.07577586 0.874617279
    0.754565656 1.57767987 0.839638114 1.57791448 1.31583476 0.937449694
    1.3311162 0.915647209 0.97256726 0.536939323 1.16871607 1.37939811
    0.873424768 0.599436283 1.42233479 1.53184617 1.39309061 1.82284117
    1.37717628 0.976234198 1.05151463 1.20506334 1.5941155 1.55026615
    0.791825712 0.474668115 0.615615606 0.590117455 1.32053554
    1.24903786 1.67620575 1.54950535 1.58103061 0.896896422 1.24157667
    0.848444343 0.588189304 1.34813833 0.953909159 0.654475033
    1.00248504 1.41134346 1.17336988 0.77843827 1.66059816 1.42719615
    0.832645893 0.773277283 0.522965491 0.659382343 1.54016244
    0.783797622 1.01011693 1.20426738 0.658906698 0.765459836 1.6862576
    1.59765542 0.982800782 1.47801483 1.17817068 1.49207604 1.23508048
    0.875218213 0.833900094 1.58651268 1.72639155 1.18737268 0.860358953
    0.717963576 1.11842835 0.861501694 0.710509717 1.3988992 1.45492041
    0.939402461 1.25264263 1.51335216 1.0771513 1.4193511 0.637025476
    0.692924976 1.32261443 1.32700658 1.46857619 0.753385425 1.14961481
    0.876802623 1.27609479 1.34457302 1.72065556 1.25189304 0.844076335
    1.5900321 1.80082357 0.890914798 1.13652217 1.25192201 1.25551641
    1.26346481 0.879827261 0.716487885 1.02223134 0.688887775
    0.671080649 0.873828113 1.37985742 1.84585905 1.7412051 1.32026792
    0.702410877 0.810611486 1.25653875 0.974760413 1.16405439
    0.642428935 1.25152493 1.39459181 1.15034568 0.96265322 1.48176539
    0.638738334 1.13100147 1.04138148 1.01018953 1.23731565 1.81342518
    1.66540253 0.852858126 1.06878698 0.717480302 0.727895975 1.34028482
    0.841221929 1.42746699 1.7127775 1.02867818 1.25340748 1.59818232
    1.26064122 1.50982416 1.57442141 1.2403717 0.799332798 1.65779388
    1.58990836 1.35059297 1.44644177 1.40683854 0.732363284 0.940632403
    1.71943927 0.790526092 1.62065542 1.72248065 1.22960341 1.81692445
    1.18604922 1.7923255 1.36168349 1.45182669 1.48658836 1.30020332
    0.87483573 0.969976723 0.620375276 1.09715319 0.930622458
    0.783892274 0.880830526 1.48425746 1.04086816 0.868546903 1.40328085
    1.28203833 1.6674757 0.856462061 1.04309011 1.14682293 0.977131546
    0.938425958 0.710542381 0.915075958 1.72509491 1.63417745 1.01195478
    1.45625985 0.649961412 1.09763503 0.982798517 1.33014143 1.45060527
    0.925932705 1.11018205 1.21680665 1.36441767 1.03999066 1.4038713
    0.817636371 1.38002598 0.787507236 0.575538337 0.698393166
    1.37027717 1.10717392 1.34958506 1.16209352 0.820649505 1.10043001
    1.59840572 1.43930805 1.01492131 0.734916151 0.71833837 1.0525291
    1.67337143 1.75178969 0.930893004 0.870522141 1.34226882 1.77739739
    1.57839155 1.61056364 1.46457219 1.67041957 1.74726713 1.58348989
    0.69903326 1.16303134 1.13299894 1.1791662 1.0019505 0.622491717
    1.56483972 0.686802268 1.13297224 0.980217814 1.27285838 0.712499797
    0.678032219 1.26733243 1.24799597 1.43439996 1.68764162 1.52267432
    0.805619359 1.32956266 0.852083862 0.789572954 1.29376483 1.53341854
    0.98657459 0.854715884 1.21553552 0.602960944 1.41059101 1.57971871
    1.54081404 1.45477891 1.15092242 1.57111073 1.57895732 1.12318587
    0.589449525 0.624677658 1.06386864 1.13453007 1.05664575 0.653822958
    1.11507678 0.817387581 1.09756839 1.36510897 0.843505561 1.76076555
    1.53358006 1.25136292 1.02824986 1.01634347 0.875854194 1.11014199
    1.08537865 0.661314309 1.33783817 0.98776257 1.26128399 0.711010754
    0.773753226 0.863401175 0.643953919 1.3607713 0.615984678
    0.605790615 0.802720129 0.453530967 0.659334898 0.961278379
    0.98818922 1.49283433 1.09466696 0.848036885 1.12249768 1.62151456
    1.56977987 1.45065594 1.16172683 0.652916312 1.1779685 1.19840515
    0.712376177 0.990695477 0.610249639 1.36068559 1.19561768
    0.795325041 0.524089754 0.521033227 0.820546627 1.60954452
    0.641674876 1.24841642 1.3738873 1.55218482 0.771921813 1.55763745
    1.38977885 0.804739356 0.924092829 1.61124682 1.65195453 0.83226788
    1.71647167 1.39476156 0.979810119 1.18211639 1.35145903 1.30949223
    1.0423733 1.57763994 1.29937577 1.20073116 0.753315866 0.845666409
    1.4147532 1.15629435 1.21264207 1.53436625 1.61724508 1.45767272
    1.21301687 1.42507684 1.37580848 1.7860496 1.59457183 1.7138561
    0.724704981 1.0745362 1.72608852 1.57968593 0.776313245 1.27866912
    0.911646187 1.59398139 1.34460497 1.40362179 1.18921292 1.160254
    0.936621726 0.962610602 1.5663377 1.69327176 0.775292754 0.703077853
    1.62184715 0.998564184 0.739035368 1.19690239 1.21653199 0.817655981
    0.682038724 0.817041039 1.54009235 1.60601497 1.4849385 1.1417383
    0.926557899 1.0726527 1.1800437 1.50996876 1.26224005 1.50299132
    1.81922686 0.902746081 1.79439771 1.62349308 1.53959191 1.68116248
    1.6074698 1.48937392 1.49329543 1.59471917 0.805889726 0.863395751
    1.68865585 0.72982502 1.23865426 1.56854534 1.74689889 0.944746971
    1.70940208 1.00266325 1.24246323 1.65861714 1.14031506 1.51596832
    1.61312938 1.1036725 0.956960857 1.23763514 0.790475011 1.26913965
    0.924818218 0.432972074 0.932290554 1.18104482 1.57639134 1.15501189
    1.07278943 1.47738695 1.42397833 1.50667989 1.09126472 0.915280223
    0.949619472 1.67897749 1.13431275 1.67634392 1.54578185 1.22951114
    1.25292325 1.29012918 0.774549603 0.701635718 1.1435591 1.44383538
    1.20973313 1.45349801 1.30504751 0.509199679 0.759035468 1.45802748
    0.95852077 1.46788645 0.653211653 0.9856022 0.832270682 0.764476359
    0.869308293 1.13870347 1.31913257 0.839853764 1.36776209 0.66912961
    1.25951445 0.649730742 0.655108452 1.46262109 1.31023884 0.642284453
    1.19451201 0.941309154 1.2564671 1.52150905 0.87682426 0.999194443
    1.1708523 1.78540099 1.48881555 1.7659241 0.967309475 1.6675117
    1.21778536 1.37520254 1.76679063 1.49890256 1.28622556 1.01484513
    1.62719512 1.27419186 1.36867106 1.35409355 1.68250394 1.36234903
    1.18082821 0.519758165 1.18738353 1.43869972 1.37296462 1.54964399
    0.758695006 0.870779216 1.52962697 1.01077759 0.496506631
    0.736188531 0.842620254 1.00326383 1.06159163 0.757698417 1.42298639
    0.742129266 1.65802109 0.788536727 1.24256301 1.75908446 0.760004282
    1.37021697 1.72349107 0.882134974 0.716325402 1.24164855 1.02583659
    0.359890789 1.23631024 1.08674109 0.574307501 1.1535871 1.30853307
    0.855075896 1.42071652 1.79735076 1.13025582 1.70464587 1.406111
    0.838422537 1.18140924 0.801234424 1.54433632 1.49940479 0.970077395
    1.59228754 1.68506873 1.28196943 1.16389906 0.610984743 1.35203445
    0.619347453 0.729965508 0.945859969 1.12909079 0.485450745
    0.643578947 0.922467709 1.43464184 1.23280835 1.23807907 0.579244018
    1.22194731 1.28837669 0.764835775 0.958656311 0.969453335
    0.587475479 1.43839562 0.770602882 0.573430181 1.48600984 1.08481598
    0.749661922 1.13590765 1.34166539 1.04932225 0.594734848 1.12872553
    0.858417094 1.24140501 0.640854537 1.20684505 1.57167292 0.775205255
    0.69812572 1.3481009 1.51581955 1.34142041 0.813630164 0.661845684
    0.989852905 0.863859475 1.70329475 1.14394701 1.65812314 1.01568198
    1.23724425 0.918009222 0.77708292 1.4246397 1.2134155 0.702679694
    1.51789296 1.57854104 1.57071042 1.34212625 1.56682122 1.29186463
    1.26707184 0.932899535 1.42406595 1.00417137 1.71035683 1.79514086
    1.72013068 1.37134957 1.04740143 1.48783803 1.83698845 1.4179306
    1.54410255 1.61258376 1.08367455 1.58308876 1.24713266 1.2464174
    1.55645883 1.23287666 0.807209969 1.3787843 0.837746978 1.52881825
    1.19412422 0.903357208 1.00408602 0.946878493 0.996937096 1.68195677
    1.0889678 0.953992963 1.20624614 1.4659009 0.967008591 1.49027359
    1.12916064 0.751348317 1.16955626 0.85317564 1.1216017 1.34545922
    1.67316997 1.7149117 1.60743654 1.60192478 1.75003493 1.0886209
    1.88529944 1.62373829 1.22597849 0.908819437 1.34608245 1.51942074
    0.967928648 1.58068788 0.834530234 0.746513367 1.67585957 0.92708993
    1.32435858 1.72572458 1.63681054 1.78314149 1.77223957 1.75852871
    1.04976439 1.31922257 1.38520932 0.949158311 0.648140609 1.6389035
    1.38807333 0.897280872 0.5293383 0.490104645 0.501720965 1.47896039
    0.913090885 1.08705282 1.36318123 0.725521803 1.13195217 0.83196348
    0.811890662 0.675293982 1.73777699 1.66718709 1.70314717 0.915426433
    1.71701932 1.62401795 1.72536397 1.51515317 1.35011232 0.756280899
    1.61893713 1.06305468 1.68297982 0.706703782 0.514827311 0.636188149
    1.11669195 1.46131134 1.19158006 1.1306808 0.872565031 1.43191791
    0.845382512 1.60469604 1.51258814 1.72343743 0.929752946 0.708006382
    1.64414012 1.74617469 0.976216555 1.20903838 0.934648454 1.16637599
    1.62380898 0.713532627 0.607031286 1.18567669 0.982243538 1.71650171
    1.17839825 1.01866782 1.66012633 1.7330358 0.985846221 0.734904647
    0.654787421 1.1309458 1.39414883 1.50761271 1.76447153 1.48729706
    1.25229764 0.651240706 1.62333131 0.98327899 0.983568966 0.798494756
    1.37023211 0.922332704 0.972934783 1.09121263 1.65862775 0.826315045
    1.37240469 0.892834902 1.25172234 0.866013527 0.849461675 0.68307507
    0.737083316 0.586634576 1.15375078 0.687292516 0.973269105
    1.30038023 1.07414353 1.53767526 1.0437088 1.69165754 1.52696049
    1.27230477 1.39375818 0.81855166 1.54944909 1.26942182 1.59270036
    0.570972145 0.283735484 0.778223038 0.719072998 1.36767113
    1.03565001 0.648899794 0.707479179 1.42857087 1.69577348 1.53827071
    0.974038482 1.5994544 0.730469525 1.54971027 0.730345488 0.855490148
    1.57896304 1.42347205 0.902197719 1.57987261 1.52823317 1.65141654
    0.792507708 0.941007078 1.04469943 1.32617915 1.69677579 1.45531201
    1.05461514 1.35125828 0.644892156 1.07973659 1.21831787 1.26398265
    0.543148696 1.55903578 1.01607335 1.41260469 1.30069649 0.546453238
    1.35880315 1.08615971 0.953979552 1.28816223 1.30375147 1.46723247
    1.62220669 1.68351042 1.01760066 1.13505411 1.68812788 1.43675578
    1.59261882 1.18804383 0.613669634 0.49057591 1.06763661 0.731809199
    1.62941051 0.930747747 0.99662894 1.02529001 1.10667849 0.596677065
    1.18625975 1.68073142 1.4154799 1.59228623 1.25360715 1.5703727
    0.730917633 1.09181094 1.21730649 0.968158901 0.731341898
    0.735762239 1.36299455 1.82663453 1.83284557 1.57702374 1.23086381
    1.26827133 1.53493226 1.11951327 1.40276062 0.981455982 0.649386168
    1.16203892 1.57899141 1.38164341 1.74899375 1.74952686 1.39782417
    1.4971329 1.38928258 1.35952699 0.911617219 0.906247675 1.47351229
    0.761550248 1.46816862 0.91890496 1.24517155 0.831863523 1.10903132
    1.28477955 1.30529773 0.692124605 0.667668343 1.69867027 1.55672431
    0.869275451 0.976147652 1.27665043 1.00429642 1.62323785 1.18980443
    1.03094602 1.74747729 1.65976298 0.901414514 1.07267809 1.51754928
    1.69643712 1.50903678 1.38884068 1.09680533 1.43060756 1.17096019
    1.81661904 1.80125308 1.31415009 1.03391075 1.08671987 1.54103363
    0.98566699 0.96988529 1.71911705 1.1819762 1.45468903 0.86657691
    1.75221837 1.78340912 1.54126954 1.04320896 1.22568631 0.755749941
    0.95956111 1.79887617 1.5196774 1.41224551 0.915518224 1.57728386
    0.768468559 1.54692078 0.876445591 1.22691715 0.492826968
    0.467323661 1.0832963 1.70796752 1.60253072 1.66658235 1.18995929
    1.52607453 0.893688798 1.45387959 1.23905516 1.65890431 1.8727119
    1.57948554 1.54085314 1.35305345 1.84579563 1.086079 1.49164093
    0.766827106 0.802143037 0.694928288 1.25176692 1.64892936 1.12804639
    1.26549852 0.999732852 0.750220597 1.38140905 0.952663124
    0.751679718 1.31362319 0.598968565 1.00890303 1.65855253 1.58485115
    1.41279387 1.06525254 1.08644772 0.981815636 1.48171437 1.87390304
    1.47684133 1.75631034 1.47618735 1.02644098 0.612285554 0.868802309
    1.11180949 1.67806315 1.56404507 1.09716594 1.09165835 1.44301784
    0.932103038 0.582176447 1.093907 0.926348507 0.639028251 0.873778999
    1.67024589 1.44645953 1.426507 1.14996493 0.653089345 0.775174499
    1.67795348 1.7354039 0.976205051 0.883977652 0.490203977 0.642697513
    1.39843369 1.664065 1.30104649 1.20030725 1.52382159 1.59579206
    1.05672085 1.34377897 1.39137471 0.501927793 0.418262005 0.781214893
    0.435205817 1.09308779 1.17447746 0.758446693 0.615365446 1.23431206
    0.917404711 1.56190062 1.02133155 1.3446449 1.60128748 1.32282627
    0.814720392 1.0190028 0.555946529 0.33413741 1.37723589 1.22053707
    0.586652756 0.802442789 1.35309005 0.672165513 1.47611547
    0.808454037 1.71268034 1.13173044 1.39751005 1.47022116 1.1713537
    0.84741044 0.638838172 1.17692947 1.41962087 0.978142262 1.6771884
    1.9390682 1.70594072 1.59561372 1.36935651 1.10681152 1.65864444
    1.80641353 1.13905966 1.44996428 1.05821049 1.66395164 1.55540287
    1.30177534 0.675214291 0.539879024 1.40591967 1.26640785 0.941795528
    1.62875342 0.604426086 0.400068492 0.433178306 0.74048835
    0.866793811 1.62722909 1.76220703 1.80886495 1.12870789 1.41233313
    1.70329988 1.36646461 1.54783571 1.17709601 1.18603027 0.519625425
    0.514389753 0.576358676 1.00855339 1.6116569 1.29583335 0.852198482
    0.88758862 1.50485659 1.15414429 0.759334981 1.15626371 1.47068131
    0.949037135 1.2051475 1.50648415 1.06979632 0.753696978 1.53206193
    1.41511703 0.961058855 1.46139681 1.30509591 1.43849003 1.03109252
    1.51854324 0.831140935 1.19142079 1.52367437 0.781872034 0.736511409
    0.741669178 0.69171375 0.684094071 1.47678852 1.64040303 1.71269512
    0.811195612 0.980896711 1.55221462 1.53685153 0.864813983 1.51284194
    1.32290006 1.30598009 1.02914762 1.46673036 1.49270809 1.30292273
    0.609423339 0.939221501 1.13330734 0.750736296 1.57861614 1.6113199
    1.4797076 0.735808134 0.825743914 1.50916958 1.32708681 1.08814192
    0.638881803 0.793848336 1.16203988 1.44164348 1.09916818 0.742247462
    1.50992227 1.71516335 0.882615745 1.16026855 1.30691791 1.13624477
    1.31744111 1.42174125 1.43879652 0.982505322 1.74688292 1.499475
    0.745974422 0.924139798 1.52876949 1.51082766 1.00570428 1.24576294
    1.36874676 1.69199371 1.04131711 1.26210415 1.31340504 1.1259383
    0.740427613 0.813094258 1.64835644 1.27577519 1.54408455 1.44185686
    0.968372464 1.04457605 1.15879047 1.59308136 0.999744415 1.42939627
    0.936645448 0.945445657 1.35859489 1.56094587 0.900852442
    0.753229558 1.66097713 1.62121975 1.28791904 1.19840622 1.53107893
    1.69318974 1.38941145 1.64377654 1.16293907 1.0349102 1.78748357
    1.34046388 1.29711092 1.48985171 0.699392974 1.39454496 1.55828154
    0.800205708 0.777721584 1.5940094 1.7587837 1.51034117 1.09623635
    0.609763384 1.3197037 1.36548054 0.749489844 0.973952949 1.31105578
    1.50218177 1.47246861 1.15523541 1.07940078 1.12890947 1.79801834
    1.71550024 1.70880485 1.70920753 1.72290325 0.817591548 1.00706613
    1.39340091 1.56341863 0.909400284 1.64411283 1.71722865 1.7600677
    1.50688076 1.40705788 1.01346231 0.953216851 0.565124273 1.35685551
    0.904238403 1.68110108 1.71958923 1.62261498 1.42608404 1.57629275
    0.64532423 1.70203257 1.43135273 1.46499193 0.870115757 0.830491424
    0.838898063 0.635132015 1.40615702 1.61303735 1.413867 1.44980764
    0.898731411 1.46199667 0.939792812 0.752683163 1.42252433 1.02396274
    0.51685518 0.529274762 1.05343938 0.829682291 0.603412271 1.03513086
    0.588399112 1.62393141 1.48139226 1.16885805 0.807959259 0.745335519
    0.705230772 1.18622231 1.31721747 0.832928658 0.540753961
    0.590612233 0.915989518 0.749660492 0.892857075 1.40216017
    1.65883565 1.52082169 1.38763821 1.05741084 1.07343018 1.33207738
    1.28274786 1.46190083 1.51201749 0.610889971 0.8777107 1.33802068
    1.19124722 1.55243218 1.49071479 1.7605015 1.56437349 1.14935398
    1.57227361 1.18685865 1.3559891 1.16190612 0.687598526 1.6731317
    1.20211613 0.837228358 1.05034101 1.5825026 0.673178673 1.28937089
    1.28583586 1.31012428 1.05420852 0.910119355 0.699223638 0.561329067
    0.999067605 0.634713411 0.947158813 1.3952353 0.893866241
    0.692727208 0.642002225 1.04479754 1.56488776 1.38931525 1.44703209
    0.66981709 1.02340293 0.536977887 1.22079217 1.79159725 1.80362964
    1.20711422 0.999484658 1.72857404 1.27868521 1.60448825 1.54632747
    1.44568741 0.93127048 1.0459367 1.47465932 1.15097678 1.65002799
    1.17155933 1.57095587 1.20114017 0.872745335 1.18955874 1.61377454
    1.28297234 0.587231517 0.5692029 1.06202269 1.69819856 1.7425487
    0.818737566 1.13411701 1.39664114 0.469605327 0.666968167 1.54486501
    0.678901017 0.61470896 1.49255848 1.07388175 0.784556925 0.928479075
    0.98085922 0.749761343 1.00889099 1.58460319 1.41848159 1.68627667
    1.45117819 1.09719324 1.28447199 0.811130345 1.19983673 0.992257595
    1.43282485 0.742016137 1.07371211 1.23127234 0.718567431 1.23779213
    1.39695084 0.68229872 0.672635138 1.65612876 1.63055456 0.914111137
    0.669720173 1.49456859 1.22729504 0.794138551 1.65688097 1.62995863
    0.871044219 1.65709198 1.10615563 1.66830826 1.2181412 1.53900337
    0.942143083 1.04171288 1.03484583 1.16902995 1.46777856 1.24891448
    0.95711571 1.55036652 0.852392733 1.50382245 1.32987392 1.38798308
    0.860418916 0.889657795 0.536271095 0.752240181 1.16229892
    0.741445839 1.62746024 1.10181272 0.53929919 0.57525295 0.541439652
    1.02443707 0.574053645 0.707485676 1.42783618 1.46292651 0.790983737
    1.60192394 1.58312941 0.891069949 1.66133308 1.63007998 1.04777038
    1.70530736 1.30371237 1.87696862 1.67476869 1.53525817 0.763712764
    1.3602798 1.49583995 1.59460962 1.66769898 1.23623061 1.63470483
    1.4112916 0.747241616 1.23212659 1.65583014 1.88810432 1.93609595
    1.4451381 1.67848182 1.25199556 0.889658809 1.38155484 0.903655708
    1.24170172 0.74718684 1.55532372 1.39305615 1.23655498 1.34026027
    1.10771108 1.10112548 1.08418024 1.21966875 1.65118158 1.42996073
    0.809887767 0.725156724 1.33892512 1.61609221 1.07450294 1.0991385
    0.713657439 1.1691519 1.57902896 0.903324902 0.846972704 1.09403408
    0.959326267 0.735612154 1.51083815 1.23129535 1.11628854 1.78567803
    1.79232037 1.65042484 0.861716211 1.06538665 1.26463652 0.887726545
    0.490169466 0.748195052 0.400466889 0.792764962 1.54998362
    0.868614614 0.720613956 0.657436967 0.655827463 0.930949628
    1.22662973 1.10164142 1.25994873 1.23845565 1.04925907 1.44956255
    1.38521218 1.28604984 0.823488891 1.42774546 0.753284812 0.715152264
    1.64660311 0.962945342 1.17047119 0.894181132 1.28531158 1.23157203
    1.3413018 1.37747931 0.708955884 1.65133476 1.16944742 1.48294282
    1.13361251 1.60897768 1.36949396 1.02240264 1.63350773 0.752691507
    1.68190598 1.52669203 1.60195363 1.4522208 1.12139881 0.758457065
    1.05036461 0.99103868 1.63346779 1.77322698 0.849881887 0.813034058
    0.981090724 0.887411773 1.53105104 1.16276157 1.58328843 0.964662194
    1.09101272 0.748296559 1.10560787 1.64741528 1.6733911 1.15190768
    1.3841815 1.29527974 1.54015172 0.742210805 1.6678046 0.642186463
    0.901903749 1.10836101 0.868761718 1.55019057 1.5375241 1.73190033
    1.02316582 1.58157456 1.37703252 1.11922443 0.919332147 1.09361196
    1.73879409 1.27357662 1.19600749 1.1871438 1.51880181 1.42214632
    1.28359044 1.462237 1.60768247 1.05179 1.66010976 0.862206995
    0.72378099 1.43962252 1.56947792 0.962356389 1.55620134 0.8921538
    1.2992934 1.539168 0.736926913 1.35361636 1.25565124 0.66188556
    1.5485903 1.08658504 0.844187558 1.08095264 0.591392159 1.15812123
    1.68169713 1.28680229 1.35395169 1.16615903 1.06495965 0.603238523
    0.699776173 0.72974807 0.646018386 1.0451386 1.30780745 1.60325623
    0.543823361 0.791856885 1.57135344 1.48247075 1.43785775 1.03181088
    1.34585917 1.01060152 1.70311797 1.34454274 1.68040466 1.3584671
    0.769327879 0.868813157 0.757511973 0.895907998 0.868029237
    1.52890503 1.62734783 1.28539157 0.620144248 1.3080864 1.15930748
    1.75835752 1.12141383 0.818732679 1.55783904 1.68728828 1.21042764
    0.811066985 0.896992385 1.02047718 1.37606275 1.13590181 1.46296942
    1.53930426 1.28102183 1.033149 1.61194885 1.01837671 1.35208094
    1.57906222 1.48134768 1.28771544 1.23512316 0.935353339 1.44257534
    0.669591665 0.685094237 0.49921608 1.33907771 1.0287025 0.770684004
    1.34577489 1.27167654 0.663044453 0.770421863 1.2024188 0.792055905
    0.961221099 0.484821588 1.17201018 1.37508464 1.62912059 1.02406669
    1.49521589 0.838627219 0.706483483 1.45584655 0.690691292
    0.808478892 1.54440451 1.3119837 0.701688886 1.30920863 1.74862778
    1.53716862 1.50359094 1.48981822 1.02647245 1.32879055 1.82174635
    1.65702641 1.58024716 1.00026953 1.35136724 1.6102407 1.15040886
    1.47580349 1.3474164 1.66257739 0.991366088 1.42852151 0.946062267
    1.10421288 0.711935818 1.362571 1.43268931 1.57994008 0.759141743
    1.24116254 1.32998002 0.751837254 0.863343298 0.952652574 1.39488637
    0.890921652 1.25856602 0.522253513 1.09917092 0.633002639
    0.781894326 1.20241404 1.05947399 1.04262662 1.22561216 0.71083039
    0.687701225 0.545104444 0.991605759 0.939254761 1.610618 1.39834762
    0.93035537 1.10279274 0.726795673 1.37068856 1.20137048 0.597609341
    1.17192829 1.03323531 0.520312488 0.615815938 0.454489708 1.00819099
    0.510245442 1.06163776 0.797460794 1.402601 0.865484655 0.879420877
    1.64866757 1.73599815 1.084131 1.3173064 1.55700934 1.48735881
    1.03604376 1.18620002 1.58606815 1.66499305 0.807932973 0.712337792
    1.45979559 1.73638964 1.48396111 0.75059092 0.881506562 1.12361729
    0.649265945 0.710937798 1.16154277 0.943564475 1.52011025 1.80800617
    1.00755095 1.43505168 1.57712984 1.78751683 1.84223485 1.2200464
    1.30758917 0.829477131 1.4153918 0.664126456 1.31744015 1.50668311
    0.680879295 1.08327925 0.63798815 0.750507951 1.48891473 0.846048772
    0.690605879 0.789498687 1.08717704 1.35238361 1.065148 1.64452112
    1.74724734 1.09349787 1.16147053 0.812627256 0.625202596 1.30745065
    1.17633128 1.04058158 1.55989301 1.43760526 1.55330169 1.39428771
    1.3187784 1.26427138 1.65062118 1.1451925 0.818075657 1.65130508
    1.32586372 0.680085182 1.08808064 0.912294269 1.29060054 0.652376711
    1.37121868 1.36355197 1.52431726 1.58138132 0.90452081 1.29029822
    1.15144837 0.803484321 1.22428226 0.782130539 1.57104743 1.25586557
    0.921708107 0.900850236 0.614400744 1.30299473 1.31664515 1.03396273
    1.64441693 0.95050627 0.814756811 1.3007623 1.68950641 1.51381862
    1.15713465 0.788125217 0.694344819 1.09743702 1.00753331 0.728487194
    1.60862982 1.85069191 1.76230562 1.45925188 1.1190877 1.58138967
    0.996815979 1.30974984 1.37452269 0.703526974 0.68251729 1.58064198
    1.01713848 0.828682542 0.95293963 0.623832941 1.26149082 1.25581574
    1.2416997 1.2910279 1.4753983 1.01746774 0.786587298 1.30169272
    1.00116313 1.37256646 1.48040783 1.34394836 0.748653412 0.948598325
    1.49559176 1.53326178 1.73900318 1.29149032 1.33065879 1.46053052
    1.75051069 1.11954808 1.01128685 0.98386538 1.28546512 0.736726582
    1.61660624 0.930458248 0.912900567 1.24595714 1.41944039 0.692638397
    0.651573777 0.907029033 1.00986063 1.06704485 1.03400326 1.78615105
    1.55211878 1.46805 1.72305214 1.67715192 1.14381254 1.56697071
    1.58987248 0.607019603 0.670485497 1.06243789 0.814998686
    0.572220027 1.13764179 1.47788775 1.2972163 0.539929509 0.693077683
    0.802860558 0.935225129 0.854662716 0.948998213 1.10428035
    1.22051489 1.47932458 1.35785508 1.65742159 1.41208243 1.18571675
    0.964728892 1.31821108 1.19503009 1.35980153 0.947651505 1.19239414
    1.28185511 1.45914006 0.882143199 1.46833813 0.746202409 1.4755851
    1.21950984 1.86313426 1.41046977 1.79694974 0.872100353 0.863979816
    1.070979 1.8286649 1.6295259 1.07297039 1.55229032 1.441396
    0.6069116 0.684645116 0.727560759 1.40073347 1.63596094 1.63343596
    0.905353308 1.56975436 1.19796562 0.710812271 1.21023083 1.69486117
    1.00657117 0.810200214 1.27492023 0.523852527 0.504744053 1.1102941
    1.2161032 1.71375799 1.07276917 1.5996114 0.959001482 1.12318838
    1.35391545 0.88181138 1.27326524 1.56831944 1.68319643 1.05033565
    0.758324623 0.858144224 1.31882286 1.4739337 0.710845947 1.02768099
    1.57607961 1.10895264 0.851920545 1.34112096 1.08235586 0.624578118
    1.47950006 0.935714364 1.20757759 1.55095875 0.589533985 0.75034219
    1.41249335 1.42615628 1.15762067 0.76680845 1.60353315 1.4217329
    1.17088974 1.63406539 0.830141842 1.69437242 0.85647285 1.20692921
    1.41023219 1.64276528 0.989328861 1.36624861 1.5937984 1.00961852
    0.969573915 0.695799351 0.824108422 0.792471051 1.47115374 1.0072726
    1.69916856 0.937567234 1.37955499 1.63955951 1.74022579 1.36407113
    1.52010882 0.889243841 0.687379479 0.851420879 0.880975187
    0.743343174 1.19005096 0.75109601 0.856161475 0.630631149 1.57410848
    1.56967843 0.789593816 1.29801452 0.672525108 1.52475536 1.67819202
    1.91776383 1.85911775 1.38571703 0.578984976 0.499545753 1.30697465
    0.953730166 0.944943428 1.13856959 1.32677579 0.947675228 1.54883707
    0.96119839 1.50883389 1.00742376 1.18521845 1.33553183 1.6482923
    1.35091114 0.636786461 1.04615819 1.58145595 0.614480436 1.08860612
    0.592360914 1.4452529 1.82874465 1.5679698 0.917707622 1.7096858
    0.986493886 1.03722882 1.34104478 1.61898804 0.827999949 1.13438189
    0.890740156 1.18259513 0.863412082 1.44100261 1.11872649 0.993414521
    1.73061299 1.28432596 1.15858185 0.99669832 1.34817374 1.74334061
    0.873943985 1.6212976 1.63627076 0.617345452 1.53942049 1.18012702
    1.69162905 1.67185938 1.70896375 1.33180606 1.79844511 1.48088014
    1.04460359 0.769044638 0.612802148 1.07063007 0.583699822 1.01024508
    0.817608416 1.45827293 1.09219086 1.0817064 1.05889058 1.13514316
    1.6863184 1.75828493 1.1504395 1.64958024 1.31147432 1.61989236
    0.754230559 1.61376488 1.50993049 1.18669844 0.815152884 0.871856391
    1.02762139 1.05137658 0.750680745 1.42263079 1.0220989 0.942468882
    1.30216634 0.831453025 0.682798743 0.926402748 0.918901265
    1.16925418 1.66860616 1.17801607 0.930862606 0.54154861 1.45973682
    1.1705662 0.59722203 1.55692697 1.25608873 0.822342753 1.16252363
    1.69455636 1.40809333 1.47465396 1.24413395 1.50065124 0.92211014
    1.76431739 0.972529531 1.01127017 1.24120247 1.52390337 0.92099154
    1.21234298 0.945373654 1.66412854 1.66435266 0.677127063 0.636431038
    1.29723787 1.43184042 1.70091748 1.40186048 0.673305929 1.08290291
    1.4461621 1.65297461 1.52747011 0.956745803 0.908682168 1.21511245
    0.688192427 0.84839797 0.877610445 0.760139108 0.742196202
    1.13479543 1.74317074 0.910005808 1.67087185 0.871269107 1.27271628
    1.57846224 1.29149675 1.33571339 1.16673708 1.73335564 1.67276251
    0.714406788 1.39410615 1.66242647 1.45241523 1.31481493 0.829345882
    0.771772027 0.992474794 1.12928724 1.43955564 0.742092311
    0.783028841 0.893562496 1.22632754 0.750011981 1.71626997 1.14772749
    1.69681525 1.63222599 1.26903915 1.19763768 1.31590378 0.688976586
    0.533095062 0.524273574 1.5852344 1.49745548 1.13199449 1.35551703
    0.976425171 1.60060036 0.829863846 0.681429982 1.57961726 1.22716069
    0.979959249 1.61078238 1.25617826 1.44485021 1.51033151 0.932290435
    0.826623321 1.40052521 1.47909606 1.65115392 1.14800775 1.10083306
    1.44432783 0.995233655 0.974141717 0.857147872 0.804019988 0.8040905
    0.713123977 1.25504661 0.574522614 0.921274662 1.53337801 1.64551353
    1.71310651 1.06290436 1.11215603 1.38514853 1.10154259 1.43736589
    1.05458581 1.05280471 1.64826429 0.826713264 1.45561254 1.42322159
    1.48622811 0.767354488 0.977411568 1.39064956 1.00466049 0.969599426
    1.49812925 0.805854619 1.22481012 0.659001768 0.893232107
    0.739780545 1.0291146 1.37393832 0.565419495 0.448302507 1.114182
    0.871811748 1.40146434 1.27989841 1.26395416 0.907607377 0.489401102
    1.36186218 0.754451036 1.77132511 1.23371077 1.60051477 0.669536591
    1.0811919 1.50979674 1.33406842 1.86853325 0.953509867 0.760818541
    0.954434872 0.812513649 1.37364793 1.59440947 0.967373669 1.63609719
    1.13927698 1.65276527 1.56131184 1.68792558 1.09988809 0.695044637
    1.22120106 0.920478582 1.09928644 0.580266237 0.63965416 1.60097408
    0.921498716 0.724519312 1.37300622 1.22534013 1.63417995 1.36821091
    1.21590745 1.69986939 1.61697936 1.2410605 1.2822001 0.747521579
    1.02949262 1.398808 1.55349135 1.64347529 1.28321302 0.89083004
    0.841011405 1.33693278 1.72486818 1.20988655 0.986294806 0.958491087
    1.55898011 1.46677363 1.78260887 1.70924842 1.06890392 1.07594931
    0.771478295 1.53260171 0.896478176 0.991638601 0.913551092
    1.75331926 1.86629176 1.43882072 1.65115178 0.753541052 0.520213127
    0.902673841 1.10583246 1.32140481 1.39404547 0.699633598 1.64139521
    1.14922738 1.61396039 1.2121737 1.23493302 1.68248701 0.77942884
    0.833856046 0.922805011 1.08874595 1.33840597 1.80975688 1.35120487
    1.00645173 1.68210864 1.24037778 1.18239474 1.17007339 0.923313975
    0.933534682 0.627679944 1.38875723 1.65155315 0.789673686 1.53465962
    0.971242964 1.41495347 0.715513051 1.32772636 0.628209293 1.14346421
    0.712322354 0.950450957 0.854953289 1.10459137 1.68192339
    0.819432259 0.81892401 1.09255171 1.45261276 1.01214802 1.35034049
    1.21856332 0.879947186 1.70709765 1.36125779 1.64658129 1.61244714
    1.2860868 0.864320517 0.606502116 1.07874572 1.41420078 0.624959886
    0.871346831 1.52599132 0.704392135 1.64359808 1.32755828 1.63651454
    1.07999015 1.03393161 0.67150867 0.76340872 1.63680351 1.08252156
    0.841492116 0.538994133 0.621698499 1.23174262 0.745967031
    1.16428626 1.2291609 1.63308704 1.64352524 1.31525803 0.690602958
    1.51722741 1.73957443 1.45423913 1.13900745 0.843756378 0.835347772
    0.83519727 0.983319283 0.602791846 1.24897408 0.596146524
    0.887697518 1.20823383 1.58191824 1.62713277 1.14191687 1.13108027
    0.965364873 1.53139973 1.01746559 1.46867144 0.801151693 1.40724075
    1.01291823 1.4915508 1.44351399 0.88021028 0.812906444 1.0299648
    1.59416389 0.977959275 0.788812697 0.641251206 0.764103234
    1.02801371 1.6784147 0.999871016 0.99628675 1.47598565 1.84663844
    1.80098748 1.55099416 1.59723711 0.856572449 1.51492608 1.22561419
    0.957686067 1.23908329 1.29960978 0.786317945 0.694333553 1.57841647
    0.891535342 0.700922132 1.1987257 1.11785495 0.715713859 1.06516957
    1.58132577 1.43616652 1.22428286 1.30271029 1.53687525 1.48839188
    0.696694076 0.513549149 0.566098392 0.829697192 1.50729442
    0.633090794 0.689584672 1.73773241 1.43252182 1.01446128 1.37724817
    1.36521113 0.7667588 1.01000655 0.875535667 0.972518742 0.722945571
    1.10709035 1.46563518 0.96318984 0.874424636 0.469328851 0.806341469
    0.889434338 1.36498404 1.35018015 0.67491293 1.48761749 0.804306746
    0.537658393 0.731942534 0.650421858 0.704105675 1.57713294
    1.27750349 1.09812748 0.918752789 0.565902054 1.2126689 0.881694317
    1.1180284 1.49880242 1.30603397 1.47877479 0.711620748 0.893391669
    1.31339657 1.7790674 1.58254707 0.997871161 0.628205359 1.12348616
    0.85714376 1.41677666 1.24304998 1.68165576 1.0822705 1.58406043
    1.37351382 1.31896389 1.7232399 0.855772257 1.66410828 1.07311463
    1.19336438 1.65770829 1.03559971 1.5969348 0.850275159 1.66158724
    0.622020602 1.37066495 1.52779973 0.977881253 1.40493679 1.72867095
    0.748255074 0.971578896 0.767112374 0.86864543 1.04417706 1.62968528
    1.0031606 1.55075455 1.6413219 0.912219048 0.595954776 1.54595447
    1.44102585 1.63809252 0.625780284 1.06358337 1.21908307 1.12303984
    1.18972123 0.846270144 1.22535431 1.03487086 0.889169157 1.28471565
    1.79735124 1.70835233 0.976944745 0.783520758 1.19532526 0.869519472
    1.62169516 0.773275912 0.508221269 0.835778058 0.554012895 1.105075
    1.76778793 1.16162562 0.659330249 1.06210899 0.974648893 0.609555602
    1.11500299 1.04469264 1.23135936 0.586814821 1.27035034 0.626591563
    1.23956704 1.0298605 1.79743063 1.48749721 1.50349987 1.31071317
    0.982590079 1.38104498 1.05888033 0.757899284 0.923369408
    0.992628992 0.775773227 0.826345742 1.6118654 0.856480956 1.30338621
    1.21270573 1.1013304 1.32103157 0.695175827 1.23055804 0.554876566
    0.73266691 1.05504167 1.05961156 1.57441771 1.67241108 1.23934889
    1.02968192 1.36784899 0.693493545 1.01323259 0.801572144 1.25803554
    0.990588069 1.03368294 1.39170825 1.50778162 1.14541101 1.23080933
    1.41525269 1.03448749 0.60048008 0.618822932 0.888418436 0.636084974
    1.22477686 1.24520075 1.14372885 1.19400668 1.2635622 0.736951888
    1.39292598 1.70634353 1.11677229 1.64251757 1.00489461 0.568577051
    1.40741932 1.63280225 1.06018651 1.59047115 1.36073101 1.5911001
    0.708889723 0.57445091 0.988757372 0.987181604 1.51792002 1.34246588
    1.2459954 1.13749301 0.691064179 1.02223182 1.35908163 0.764806926
    0.772751033 1.35145044 0.977490306 1.21512806 1.25713992 0.6856305
    0.610302806 1.28050303 1.23539948 1.09524071 0.83620441 0.9812271
    1.13856804 0.883665025 0.665934324 1.45952666 1.38208437 0.720060408
    1.57705188 1.08560562 1.21061206 0.72100538 1.26108778 1.63030565
    0.882579088 0.677203238 0.623195469 1.40713143 1.53726995 1.60683918
    1.40999591 1.34312856 1.10561931 1.27050328 1.19682562 1.13326526
    0.752799034 0.821031809 0.881535947 1.31784296 1.22553766
    0.616705656 1.05500233 0.614599288 1.34299994 0.641786098
    0.839264154 1.13451028 1.57787693 1.15143931 1.60669422 1.5675689
    1.32304358 0.736713886 0.758921862 0.980590105 0.677315593
    0.554240227 0.941079974 1.32727253 0.760805249 1.63874149 1.79247761
    1.56204379 1.47467053 0.632864833 0.629813373 0.971406519
    0.861880362 1.52039373 1.20082176 1.48783004 0.656985462 1.07793343
    0.935299814 1.23403037 1.24410522 0.781922758 1.55936456 1.19945264
    1.51856554 0.689589024 1.51669669 1.16640162 1.37385583 0.969948411
    1.00930202 1.58175457 0.620847523 0.841418326 1.57508409 0.609860539
    1.59053719 1.17643428 0.741627336 0.936240375 1.37163651 0.974977255
    1.26087177 1.52486205 1.07608604 0.733208656 1.06438804 1.71081305
    0.861678481 0.625188529 1.53388166 1.40627134 1.20108914 1.42147815
    1.46262658 1.77633524 1.43078887 1.80666685 1.90584254 1.70497417
    1.76349211 1.39665413 0.961221814 1.57294297 1.20051003 1.52918065
    1.15496433 1.81295717 1.44744599 0.923767745 0.888431311 1.66065466
    1.19924903 1.11923325 0.679922104 1.58951938 1.27282035 0.719884038
    0.719347417 0.86597693 1.03911746 1.50850248 0.876841962 1.68214357
    0.966032028 0.903588295 1.27966785 1.69848192 1.2630167 0.647944987
    1.1821965 1.56700373 0.945660472 1.35688317 1.64318466 0.926106989
    1.55179071 0.891442418 1.24649358 1.12163758 1.65053475 1.12160218
    0.863288939 0.942539334 1.46292615 1.64493966 0.604732871 1.35492015
    0.587702572 1.01843178 0.668803573 1.5207026 1.73152471 1.44353247
    0.719482005 0.81244272 0.592039227 1.28934717 0.680549741 1.08730614
    0.707371116 1.62867534 1.34581721 0.934625745 1.50034451 1.59883463
    1.56034851 1.48787272 1.69397163 1.64052284 0.899528205 1.65582085
    0.810759783 1.40322959 0.82712841 1.43809724 1.48538089 1.31098437
    1.19513011 0.8674438 1.64170015 1.10193288 1.05244184 0.749148428
    1.3145293 1.53657889 0.773038328 1.32387829 1.43426049 0.826108932
    1.21154952 1.11200368 0.837171614 1.32499599 1.12967455 1.20326567
    1.31275344 1.00728643 1.6633116 1.64605057 1.26576328 0.726340771
    1.39502013 0.725707173 0.903073132 0.766760528 1.22371113
    0.800126612 0.485831708 0.874130964 1.09686923 0.967924118
    1.02081561 1.38332343 1.2700063 1.10442686 1.3323766 1.61638033
    1.13272965 1.10124636 1.52642393 1.32371104 0.756737173 1.20999277
    1.5944798 1.51554811 1.73106742 1.81232011 0.684525371 0.809881151
    0.601355731 1.57326448 1.59617603 0.722536445 0.849092245
    0.574816108 0.971310973 1.55856907 0.737740457 0.900315821
    1.34682572 0.683760226 1.42959797 1.3779242 0.754902542 0.585161984
    1.39016747 1.62747109 1.58993554 1.31341505 0.677132189 0.728696465
    0.640870333 1.48720098 1.41796863 1.30702233 1.30795848 1.49780786
    1.36682975 1.6997 1.10465348 1.72767663 1.07938206 1.30091918
    1.18118072 0.68159759 0.893223345 0.961945474 0.906819224 1.08577573
    1.61752665 1.68958032 1.11310363 0.652752697 1.5644083 1.5417068
    1.65484011 1.44174469 1.56280053 1.04355919 1.59580791 1.34232247
    0.542138636 1.51969242 1.33900321 0.750422299 1.21857846 0.868806601
    1.44006121 1.51011908 1.87114763 1.12958765 1.53331912 1.43994439
    1.68128502 1.56573403 1.63770235 1.19893098 0.574688494 1.5001353
    1.10421443 0.678133011 1.05754364 1.54331172 0.98837775 0.922030866
    1.47795343 1.25119209 1.25290513 1.2677604 1.47635901 1.1077323
    1.2840358 1.42451608 1.2666564 0.96969384 0.642308235 0.918869972
    1.39719379 0.6835168 1.46403742 1.45300913 0.78227371 0.590959311
    1.15529406 0.619269252 1.16501307 0.918513656 1.12132156 0.911025584
    0.714178681 0.655117631 1.33509016 0.689880192 1.52170813 1.28792834
    0.724859118 1.32977331 1.35392332 0.86984092 1.55972672 1.27622378
    1.35397708 1.49389112 1.31681049 1.35059488 1.73329437 1.68403828
    0.654680908 1.36472404 1.52242017 1.13736022 0.972972274 1.27553916
    1.58867812 1.57959068 1.3650651 1.08615255 1.69822037 1.38087678
    1.17596602 0.998569906 1.68623006 1.65776801 1.76220179 1.37969971
    0.907505453 0.911871791 0.611541808 0.920391858 0.927123308
    0.883920014 0.915581584 0.584982514 0.959643066 1.53702223
    0.930435836 0.776291013 1.20810664 1.59358823 1.59638298 1.36210287
    1.22733414 1.1382556 1.49572217 1.09541237 1.69467247 0.799106836
    1.09056973 1.18719864 1.28300834 1.08098185 1.62494814 1.71820498
    1.39539981 1.64652133 1.38322759 1.59030962 1.37088549 0.991923332
    1.37495935 0.623500168 0.62820375 0.90693891 0.831226289 0.53037864
    1.21465898 1.01955569 1.37782907 0.79735285 0.91821599 1.17715371
    1.46434641 1.31941867 1.46323931 1.09945953 0.957166612 1.14186192
    1.30384696 0.991652429 0.738162398 1.46686423 0.80026257 0.640885174
    1.02753448 1.59475064 0.967390001 1.40105629 1.44884205 0.769341826
    1.59297013 0.741055489 0.763623655 0.93694979 0.648193121
    0.710615695 1.33170331 1.49897468 1.55063379 0.768783331 1.34578335
    1.62479115 0.881302834 1.2449106 0.87813282 0.563247025 0.870199919
    1.15189242 0.917871296 1.51101232 1.25578678 0.972781539 1.73509037
    1.38951659 1.74096489 1.59357536 0.878697097 1.43932354 0.798123181
    0.990224481 1.12947607 1.43393636 1.09384942 0.933025777 0.585137069
    0.537777245 0.881914198 0.879006505 1.4182415 0.956419587 1.63483107
    0.870042562 0.722994149 0.829255044 1.39504039 1.14457214 1.67861831
    1.36506915 1.02724409 1.18253529 1.7391479 1.3075242 1.03567755
    1.77623212 1.53174901 1.63143492 0.986362219 1.17941618 1.21320224
    1.42483497 0.77648437 1.21644795 0.839127779 0.674810112 0.973611832
    1.08115423 1.44160235 1.42245507 1.15150964 1.2985127 1.44313443
    0.72448957 1.12668347 1.52745676 1.71235764 1.22039604 0.918935299
    0.80799371 1.01377881 0.66245383 0.785565317 1.01587963 1.0362587
    0.97311902 0.644409597 1.20528543 1.27273095 1.81603849 1.54471099
    1.77164733 0.810189188 1.055668 0.945602179 1.53947222 1.29432619
    0.797452986 0.793618798 1.75689709 1.15888357 0.629361749
    0.767717659 0.74586904 1.13395667 1.52635527 0.959795535 0.893395364
    1.02686059 1.21612513 0.879984915 0.643525004 0.660064518 1.46950316
    1.00588071 1.56695604 1.25616491 1.15593886 1.78692782 1.45492005
    0.886468828 1.62842405 1.47760642 1.09680426 1.21161354 0.90033257
    0.774984777 1.46951091 1.42456734 0.946454346 1.19375765 0.956298947
    0.692843258 0.619946599 0.939277112 1.239133 1.24746525 0.731265366
    0.600965977 0.750729024 1.70398068 1.24036205 1.19108629 1.58388948
    1.3777684 1.52570605 0.989478767 0.83762902 0.941330671 1.64262831
    0.818925083 1.29270649 0.704826117 1.0407331 1.38616502 1.07411182
    1.28081822 0.981411219 0.900549173 1.2086674 1.42793477 1.06357074
    0.960562706 1.24958837 1.74511313 1.64560413 1.33420587 1.2263813
    1.32883036 1.64028358 0.8925668 1.11309946 1.05115402 1.16675162
    1.54737508 1.65422797 0.704166591 0.575069785 0.831295133 1.00386965
    0.607924581 0.998162329 0.782934129 1.60357118 1.64618123 1.15007305
    1.28505003 0.939436495 0.772366762 1.62395453 1.75806093 1.65174091
    1.72651076 0.731313288 0.65037477 0.484296054 1.30226278 0.696289778
    1.04106796 1.00524247 0.779651403 0.983463228 1.0932703 1.14519489
    1.11940181 1.1025629 1.60829127 1.10720491 1.47945499 1.43924141
    0.741562009 0.804105282 1.44838333 1.54929352 0.884678602 1.37951875
    1.64172232 0.958937645 1.74291587 1.38731933 1.02063906 1.41258383
    0.955102086 1.36082554 1.14641559 1.73610771 1.33662212 1.51185071
    1.45758271 1.22330773 1.07046711 1.6522367 1.16325545 0.86368829
    1.43782973 1.01364338 1.54176712 1.21716475 1.553666 0.823876858
    0.814310014 1.34357262 1.09300113 1.04357302 1.05668223 1.03526223
    1.67848861 1.33209455 0.764798582 1.47783828 0.860676587 1.09777904
    0.968913734 0.561781943 1.08566117 1.16115105 1.68370903 1.04285133
    1.30366004 1.58425081 1.34065974 1.00228691 1.18114257 1.07205093
    0.670843661 0.833087444 1.18533325 0.804967761 1.58570898
    0.916915059 1.030761 0.879002988 0.88844198 0.534179211 0.891350091
    0.978034019 1.03155315 1.41027474 1.87127948 1.76630032 0.970767736
    1.31210673 0.93929261 0.753308177 1.13952804 1.31785595 1.2916081
    1.78664708 1.75873017 1.31494367 1.26891041 1.46634483 1.35841024
    1.4053638 1.79264379 1.88446736 1.81270456 1.08950806 0.604608953
    0.667219877 0.388725042 0.4928945 1.16847169 1.30481744 1.73092747
    1.71204352 1.65853143 0.998251915 1.50242352 1.5974139 1.61856961
    1.6512115 1.41262531 1.05137444 1.63823962 1.65900767 0.61288774
    0.587213814 1.24673569 0.806114316 0.69407469 0.643949032 1.07595825
    1.46296751 1.74390638 1.40724099 1.54348898 1.40657902 1.6356777
    1.57442033 0.720739305 0.831007838 0.782685399 0.755508184
    0.739298642 0.65918678 1.65727425 1.7458936 0.931883633 1.49856651
    0.957186997 0.712397277 1.30183816 1.19096923 1.48055696 1.28727627
    1.30276513 1.83538032 1.2875272 1.45047748 0.917374134 1.41425896
    0.980980158 0.606058419 1.03108084 1.49402177 1.16634762 0.992440403
    1.16690254 0.978518724 1.6621803 1.15161264 1.02367473 0.585578382
    1.41576314 0.871633708 0.88113898 1.33169377 1.03071499 1.12823701
    1.31994629 1.02785742 1.82528353 1.60165989 0.925537229 1.11178088
    1.42059135 0.873243392 1.62899756 0.760804474 1.34391761 0.896312594
    1.20766366 1.15082622 1.03687716 0.880655289 0.558915913 1.00023842
    1.00653768 0.864356279 1.43786907 0.686633348 1.1413728 1.18435597
    0.568446398 1.38655031 1.25602448 1.03152657 1.74489129 1.55337381
    1.19647944 1.21436703 0.766427338 0.796472192 1.391119 1.28045309
    1.18827021 1.6376847 0.676853538 0.858826578 0.575204432 0.610081911
    0.854949832 1.10601926 0.695557892 1.55532479 1.56529415 1.07779408
    1.60160351 1.84393048 1.73605442 1.11822081 1.59405589 0.65612042
    0.963209927 0.648896873 0.529395342 0.940311253 0.563595831
    1.55580723 0.757069707 0.669574916 1.28294694 1.24525058 1.14705467
    1.16180754 1.02165139 0.844219208 0.841859698 1.39125538 1.26316476
    0.810398638 0.61993891 1.36260557 1.59180892 1.43588281 1.07236326
    1.10608327 1.61661732 0.638664961 0.758631825 1.02194417 0.972637296
    1.15414047 0.677078426 0.573438525 0.68902415 1.67679417 1.52464211
    1.23716211 0.838954985 1.13354695 1.23470128 1.02475882 1.80698621
    1.0441736 1.42875826 1.00456715 1.00406957 0.913683236 1.57668817
    1.38629651 1.57353878 1.76309264 1.39296722 1.640347 1.57744622
    0.816592038 1.11128628 1.5524174 0.918935895 0.854539275 1.76619792
    1.59360111 1.219383 0.68058461 1.68976784 1.60135615 1.01896501
    1.30858302 1.37892306 1.57034183 0.95722723 0.827558398 1.0488981
    1.07640648 0.569056273 0.892214477 1.00665998 1.35523796 1.12556088
    1.57874358 1.28808618 1.14896953 0.721908212 0.925381958 1.08018494
    1.3136704 0.864607155 0.931241155 1.01231205 1.2055732 1.60239708
    1.58178985 1.52719104 0.656295359 0.716184676 0.653885007 1.48082805
    1.39806747 1.3233732 0.621585846 0.684696853 1.40657496 1.61557865
    0.638985753 0.950353503 1.45526552 0.766704738 1.28892481
    0.886241913 0.829997063 1.67695332 1.76988292 1.41844213 1.7755084
    0.750573516 1.34970522 1.72251999 1.32705617 1.1603756 0.620960057
    0.740398288 1.82014227 1.45883703 1.80795729 1.15932667 1.24560821
    0.828697085 1.13511765 1.72425163 1.84675217 1.45372951 0.962346375
    1.22782576 0.760973454 0.395845383 1.20563495 1.54802811 1.29106653
    1.13140488 1.77077234 1.51624835 1.00976276 1.58711565 0.755829036
    0.822577357 1.39725637 0.968142927 1.25101817 1.01307976 1.22651529
    0.5716663 1.11399961 0.959729075 0.921427965 0.617979646 0.839827895
    1.58184671 1.54747522 1.37965512 1.43647289 0.869208932 1.58823454
    1.44115102 0.950549006 0.725105643 0.555103242 1.05386305 1.54833877
    0.838425756 1.04329622 1.37842274 1.63744175 1.3213954 0.70252192
    1.1626873 1.07668221 1.07846391 0.531552792 0.914913893 1.23110795
    0.748412371 1.52594149 1.62817156 1.23692024 1.21044314 1.26852715
    1.21023333 1.38449776 1.4128927 1.18605006 1.04021966 1.21827674
    0.886945188 1.6222862 0.794233561 1.63328338 0.819750309 1.33593762
    1.36822867 1.70116806 1.13789594 1.34346688 0.894274116 1.38769603
    1.7659688 1.19134665 1.69781935 1.53090084 0.696544111 0.674947679
    1.02315211 1.31160235 1.36798692 1.63623416 0.900663972 0.829295039
    1.55584729 1.09942889 0.751187027 1.2737639 0.476072639 0.581528544
    0.746528029 0.692053139 1.22811353 0.679367244 0.928645492
    0.824967623 1.18205106 1.46325588 1.58597791 1.64041233 1.60949993
    0.70153594 1.09513628 1.17814815 1.27241969 1.39490438 1.50610018
    1.64341128 0.758716702 1.43040609 1.01235342 0.964987934 0.738550186
    1.04290533 1.4040035 0.870400846 1.03507328 1.37497771 1.80740547
    1.14347744 1.57471502 1.30066943 1.40919244 1.27548325 1.34643352
    1.20442915 1.07776546 0.666773796 0.943812132 0.822655737
    0.949312329 0.842265964 1.42028272 0.602871418 1.26860428 1.44997823
    1.50902629 1.359146 1.13542557 1.17760134 0.663781643 1.18854427
    1.08037186 1.41248667 0.752521396 0.672982931 1.51091325 1.26523888
    1.68997443 1.716097 0.701402962 0.727733552 1.41902947 1.13414681
    1.18903124 1.45309627 1.11492717 0.699909508 1.09014893 1.11637986
    1.29848182 1.521667 1.26935983 0.746696532 0.752070963 1.66597223
    1.72004008 1.07032049 1.29807842 0.775507331 0.969013035 0.930365443
    0.664797544 1.12155437 1.51957643 1.37579465 1.70681429 0.619976103
    0.643539548 0.773696423 1.42871249 1.47182417 1.06322765 1.12076187
    1.0900023 1.01175928 1.47910476 1.39219928 0.892936945 1.09736526
    0.914542854 0.86504513 1.6339947 1.68058169 1.42647445 0.876115382
    0.665197968 0.831885517 1.3654207 1.32886887 1.71173584 1.30828118
    0.9357903 0.601266146 1.107072 1.20167625 1.52175748 0.979151368
    1.14690995 1.40681815 1.25162685 1.047616 0.683868229 1.00980186
    0.70010525 1.39437926 0.81405437 1.31908715 1.17561376 1.12235475
    1.36951685 1.60620356 1.03479576 0.953150749 1.53841054 1.27984262
    1.29426622 1.43888485 0.681418002 0.674370348 1.13377726 1.06402135
    0.6288746 0.895818532 1.04152179 1.69118726 0.90674907 0.990318656
    1.6766367 1.51877201 1.06299877 1.13519442 1.22379565 1.22499168
    0.971329451 1.44914186 1.21446037 1.23451912 0.966424167 0.624673843
    0.751891017 1.18914092 1.79052699 1.29305863 0.913530767 1.13065147
    0.700504303 0.614161789 0.726757109 0.907061398 1.49084651
    0.671136737 1.53927052 1.9290812 1.92510676 1.51868784 1.04864693
    1.34837162 1.75110173 1.54093421 0.695668221 0.630655646 1.48537946
    0.590338469 0.503217876 0.793268323 1.41166365 1.63473129 1.16542149
    0.572471082 1.13739252 0.843288839 0.828678429 1.60555828 1.73355699
    1.63497007 1.41361046 0.675725996 0.650373399 1.12416101 1.07207155
    1.04318213 1.32235348 0.701450646 1.10047591 0.821515262 1.52701402
    0.951084971 0.762281299 0.742911577 0.97625947 0.540453792
    0.810270667 1.03729033 1.55991805 0.981854677 1.47415602 0.64272815
    1.18658209 0.612966418 0.608853638 0.754058957 1.65554786 1.05596364
    1.25793934 1.41060066 0.84814471 0.948176086 1.43627691 0.66156137
    0.958315253 0.924121737 1.70508444 1.16349053 0.780652106 1.3609066
    1.27931738 1.48348558 1.24442244 1.76266265 1.49384403 1.49945486
    1.08779979 0.538118839 1.18066645 1.64457595 1.03102946 1.2475903
    1.28854859 1.66045547 0.783549786 1.60534644 1.25430524 0.844086528
    0.928499997 0.870713949 0.777355194 0.899541914 1.27987671
    1.31276643 0.844696462 1.62489605 0.844546854 1.46511757 1.03933668
    1.37157476 0.839980721 1.36109316 0.59289521 0.924519181 1.13991618
    1.11996877 0.796292067 1.19752002 1.10377789 0.597966969 1.03964865
    1.41832614 1.56839955 0.786892831 1.20602465 1.65556157 1.75830686
    1.85201073 1.48125899 1.78565097 0.859814346 1.46339548 0.990956187
    0.885048449 1.53604841 0.87439537 1.70278203 0.973308206 1.14870989
    0.933247507 1.34153724 0.673070252 1.13763416 1.1198616 1.37653184
    1.72801828 1.52474821 0.69256717 0.637073576 1.13957083 1.5787189
    1.02204835 1.56924713 0.681432068 0.571009636 0.769349158 1.11756361
    1.36180305 1.34365761 1.1849823 0.542194486 1.29060006 1.01058149
    1.08332944 1.27348793 1.05378211 1.77137887 1.29628336 1.13925183
    1.45231676 1.35151029 0.844027102 1.09061539 0.880696714 0.582742691
    0.906500459 1.03172624 0.63963908 0.947080731 0.917202473 1.31677282
    0.954646945 0.624627233 1.09250629 1.66215503 1.3728869 0.792824149
    0.771003127 0.494282931 1.25601053 0.916307151 1.83344209 1.46301627
    0.709979534 1.50079942 1.1327498 0.72809875 0.610320747 1.53641272
    1.12794125 1.64511335 1.40561116 1.47592688 1.81693506 1.66497922
    1.37973392 1.14022577 1.38330162 0.656583726 1.57592249 0.805249155
    1.17864573 0.899663925 1.00290656 1.30867314 1.57471752 1.58939981
    0.850890458 1.0697006 1.697317 1.67556751 1.84475505 1.50631464
    1.67322218 0.964508295 0.652350426 1.08849943 1.33078408 1.00441599
    1.48953474 1.56208277 0.664121032 1.04719222 1.35680246 1.12049925
    1.52059579 1.45314038 1.58293593 0.896378934 1.54104567 0.705911219
    1.15252006 0.889174402 0.862425625 1.5264535 0.915309906 0.978634536
    1.0409193 0.886974156 1.0347631 0.863164485 0.573364854 0.758161604
    1.52287841 1.00755656 1.81393981 1.51332104 1.39763904 1.2328316
    0.847260296 1.60323417 1.43813074 1.04000604 1.13355124 0.922239304
    1.47206223 1.24849749 1.7164197 1.47490227 0.97882843 0.708114088
    1.11092508 0.978292227 1.69045782 1.73310483 1.71758378 1.38199234
    0.942079782 1.5906713 1.45735466 0.610808074 0.858812809 0.965317726
    0.581949949 1.01244044 1.23740911 1.44724643 1.3894062 1.50928319
    0.704888225 1.43106091 1.07962453 0.714957595 1.71423388 1.66235793
    1.40571761 1.157933 0.703968704 1.43185258 1.59406865 1.59489751
    1.21051133 0.678309441 0.495903313 1.21252692 1.28108788 0.618330121
    1.09076869 0.952273428 1.33753884 1.39421952 1.06306803 0.707826674
    1.40574086 1.16638088 1.25297427 1.40179217 0.717512667 0.607161343
    0.833418608 0.532257259 0.92344296 0.840758264 0.888859391
    1.30022919 1.21291876 0.920535147 0.722641647 0.801801622
    0.525152743 0.670275629 1.55132949 0.816925168 1.59188068 1.78571391
    1.30545223 1.52724826 0.848311663 0.684885621 0.992601454
    0.882479489 1.04277229 0.670331299 0.817286491 1.37647712 1.12426317
    0.797576487 1.67230833 1.67089903 1.55680072 0.762448132 1.49498641
    1.02770185 1.42600596 0.970043242 1.24977112 1.43581092 0.855930448
    1.08297825 1.39109266 0.754748642 1.57738447 1.69364834 0.803662896
    0.627063215 0.675062418 1.42948174 1.4064405 1.4269017 1.52928948
    1.60350251 0.81907469 1.41430819 1.11486554 1.09128273 1.24545228
    0.741132796 1.60211301 1.33668458 1.13232517 1.17230403 1.81784213
    1.03051567 1.9081558 1.38844192 1.11581516 1.36540008 1.60875249
    1.68891573 0.874158919 0.851409912 1.41877425 1.59890592 1.52647603
    1.14590073 1.58926499 1.20893979 0.830697596 0.649497569 1.3784436
    0.932945132 1.19231856 1.06618798 0.752158225 1.11133134 0.664782286
    1.45476723 1.15662086 1.58702517 0.739318371 0.876457572 1.41012013
    1.24427664 1.36447763 1.30528975 0.638657868 0.643864989 1.57169211
    0.810154259 1.24171972 1.14393532 1.49357927 1.57542348 1.37491298
    0.76074183 0.673609972 1.43031859 1.75231183 0.777687609 1.06522429
    1.02002239 1.55612004 1.52007139 1.18133521 0.644551635 1.42069542
    1.39410305 1.2892524 1.42702162 1.60151231 1.52630389 1.08293128
    1.15885568 1.12785757 0.972464263 1.24182057 1.54623377 1.47111285
    1.76434731 1.22184122 1.43374741 0.753828287 1.62450552 0.877918363
    1.18096852 1.15637755 1.81802833 1.75905383 0.944205642 0.860066414
    1.42825675 1.08045542 1.61940479 0.774085343 1.65851486 0.663965166
    0.669258952 1.38441801 1.40941405 1.12581456 1.40802062 1.5209204
    1.05036211 0.627642095 0.790744603 1.22752571 1.27918971 1.83200932
    1.69433844 1.66593134 1.53414917 0.715242743 1.07569742 1.66700172
    1.15869284 1.3448379 1.02441227 0.75358218 0.555893719 1.15423453
    1.23191428 1.69321883 1.74140072 1.0457952 0.680889428 1.28483129
    1.64646065 1.79549849 1.45776737 1.02741659 0.931952715 1.44740367
    0.663547277 0.871640325 1.47593641 1.45217443 0.720502257 1.55431581
    1.02511632 1.05063212 1.51504564 1.56922448 1.63363743 0.901795626
    1.3846786 1.412058 1.61315286 0.92770195 1.23124027 0.629240632
    0.864238858 0.791364133 1.20328975 1.65914178 1.61793184 0.798297882
    1.74504781 1.52281511 1.26722157 1.26707768 0.934463263 1.71102774
    1.25203156 1.22308588 0.998828948 1.28384805 0.942892194 0.442059159
    0.487805218 0.670591176 0.403866023 0.897222281 0.706589758
    0.808105946 0.630040109 1.18207574 1.0405376 1.57925248 1.62415278
    1.21533954 1.23492169 0.943179071 0.6062693 0.654150307 1.40090001
    1.26144934 1.43804622 0.906208098 0.860122144 0.801493466
    0.660384536 1.05914497 0.885316014 1.05468047 1.0429914 0.840305626
    0.557581365 1.07289886 1.063151 0.986754417 0.653561532 1.06177616
    0.853640854 0.768075168 1.50677121 0.811254859 1.67878413 1.35498595
    1.14035761 0.681916475 0.6142627 1.25178719 1.3943336 0.67673856
    0.500258684 0.44876951 0.531164885 1.43658674 1.03682172 1.44800746
    1.8282057 0.719616592 0.78709656 1.03898048 1.10072839 0.665309429
    1.20551074 1.20591664 1.38735723 1.11914408 0.645756602 0.989288986
    1.1869185 1.62951875 1.36739326 1.07056141 0.568612576 1.30131555
    0.806370556 1.61716533 1.28078163 1.14351201 1.66106141 0.971503317
    1.57221484 0.654189289 0.81654942 0.752832174 1.58731031 1.59267259
    0.82325381 1.1074667 1.16728699 0.980420291 1.33824563 1.46278358
    0.90425396 0.604807734 1.39982951 0.878334045 0.781053364 1.02743614
    1.43834448 0.810085773 1.60318816 1.77645636 1.0964551 1.28402352
    1.70249379 1.73604918 1.07765043 1.44819415 0.884499013 1.45933509
    0.820663273 0.845954478 0.863211811 1.2577405 1.01778138 0.653012633
    1.02974963 0.82205826 1.48816407 0.981791794 1.44116414 1.27975512
    1.14437592 0.989976943 0.64909935 1.37357771 0.902525723 0.719972372
    0.69188416 1.18691444 1.64100075 0.867774248 1.4498781 0.92763406
    0.800071418 0.76530838 0.7263363 0.657960713 1.22711813 1.50698829
    0.909815431 1.09293997 0.870265603 1.42074406 1.82168567 1.41863978
    0.712595224 1.31818163 1.63054276 1.85175014 1.26061165 1.76586902
    1.23623502 1.65684509 1.25952828 0.81423682 0.618218541 1.27121031
    1.56837475 0.674501002 1.17048037 0.840406835 1.61701322 1.55628216
    1.05979908 1.31201386 0.598545849 1.30201602 1.0125984 1.34300387
    0.907566607 1.72750664 1.64756668 1.74454212 0.874561131 1.21986032
    0.797876775 1.42925811 1.04001451 1.57119787 1.20748961 0.838460326
    1.11314225 0.957412243 0.644702911 1.17766964 1.55359709 1.1347729
    0.95707947 0.723935604 1.07177258 1.57125509 1.78988302 1.95110941
    1.69674373 1.04936564 1.17965889 1.7079457 0.905033946 1.38000238
    1.36928642 0.90729022 0.848528862 1.58814085 1.09780407 0.97091186
    0.512933135 0.7075243 0.6837852 0.353881598 0.767344654 1.37211668
    1.83173847 1.23398745 1.24341047 1.6097039 1.36455393 1.51230252
    1.47712779 1.53025997 1.26134157 1.18726647 0.484057367 0.662550807
    0.683321953 0.843065381 1.08417189 0.950677872 1.68503177 1.44753563
    1.05566418 0.703196526 0.875905871 1.60749245 1.48318899 1.05180967
    1.59098744 1.51641512 1.31283438 1.5510112 0.968721211 1.52199924
    1.0241338 0.685137451 1.69820678 1.29757011 1.60555971 1.15580022
    1.73625505 1.59995151 0.831224501 0.931724787 1.64063072 1.49458325
    1.65157461 1.17182958 0.684672356 1.3090533 1.37123346 0.590920448
    1.07198083 0.66359818 0.549803495 0.771558225 0.650621593
    0.397036254 0.545235097 1.61474919 1.53870606 1.24461603 0.855218232
    1.61312103 1.65489459 1.2176764 1.28788722 1.51066005 0.750558555
    1.25878561 1.59030318 1.74173045 1.49747503 0.751089096 0.723302662
    0.594017446 1.35911238 0.77590704 1.01664436 0.711051583 1.0267235
    0.560801208 1.37619102 1.1623683 1.36952388 0.897756159 1.51405907
    1.40313566 1.75012815 1.71850574 1.59059048 1.29714739 0.584780097
    1.2513932 0.938166559 0.63404876 1.56731498 0.57980299 1.20820439
    0.602110565 0.975761652 1.59973848 0.966478944 1.36632943 1.57387805
    1.4571054 0.646132588 0.745940387 0.882099032 0.837015152 1.14319456
    1.5100162 0.786689281 1.44152558 1.19917715 1.00486851 1.80742705
    1.71132469 1.38711131 1.42606533 0.585986316 0.737388849 1.07900226
    1.04446423 0.817809641 1.82125461 1.7295388 0.813502431 1.36829269
    0.873465717 1.6714648 1.35731971 1.8106122 1.07458711 0.838553011
    0.707018554 0.986335337 1.03654647 1.10201061 1.10035193 1.40504539
    1.4200083 0.553317845 0.625851691 1.51029265 0.947707355 1.23637486
    1.69997656 1.2841655 1.75212741 1.39881194 1.56749833 0.779316127
    1.72989833 1.18112493 1.17804909 0.593931735 1.13489687 1.7078464
    1.44815481 1.45536435 1.21790671 1.07229364 1.07932901 0.707010865
    1.44025421 1.05913782 1.16459155 0.988817036 1.15092087 1.33121896
    1.74488676 0.822018325 1.15068054 0.69739753 0.683414578 1.37800193
    1.71806192 1.54962277 0.907115459 0.625984788 0.627902627 1.39808547
    1.24180162 0.983071506 0.690078139 0.801921308 1.38318241 1.17213964
    1.23882842 0.836888254 0.999310136 1.42379475 1.60735738 1.54682553
    0.876618326 1.15719569 1.58724558 1.72960377 1.51702058 1.29920745
    1.22457814 0.716589928 1.22873747 1.49509597 1.67507362 0.749337316
    1.12530661 1.28317714 1.02923608 0.865348399 1.58007503 0.644644558
    0.667205095 1.52555966 0.691336691 0.745797575 1.33361828 1.39613986
    1.30488777 0.922960103 1.70944667 0.988424778 1.23796773 0.714404821
    1.10116339 1.39390814 1.72970557 1.24344254 1.56143594 1.23034811
    0.986450374 1.60792351 0.672850847 0.88925004 0.931256592
    0.590501308 0.737098277 0.748015165 1.58601952 1.8843503 1.73282158
    1.37479889 0.920809209 1.22600067 1.17985892 1.2812072 0.652010858
    0.652530432 0.845070004 1.41972399 1.64725721 1.66537356 1.15348005
    0.625824571 0.373993576 0.715389907 0.47464022 0.700524747
    0.673515975 1.82476139 1.83253014 0.892072797 0.781078875 1.71526241
    1.73031473 1.77975714 1.06467617 1.40298879 0.757834494 0.538756132
    0.900861979 0.895611465 0.85167861 1.2767396 1.33931255 0.892327249
    0.891347766 1.42748749 1.62895501 1.62919462 1.55969906 1.2322185
    1.54797626 1.34126735 0.84421885 0.997327507 1.60844767 0.808685184
    0.815428376 1.37231648 1.55017483 1.17986512 0.962386608 1.36978245
    0.78717047 1.11023688 0.987607002 0.647975087 0.61934942 0.741458774
    0.646237969 0.743714869 0.733065665 1.10361683 1.3246491 1.53654659
    1.59716201 1.63345861 1.42165458 0.822890699 1.02867162 0.789606869
    0.612616301 0.57132256 0.923030913 0.973122537 0.730677307
    0.516000509 0.503638148 0.811918139 1.57438064 1.55864966 1.70107579
    1.2374047 1.11073899 1.61245489 0.89456892 1.02186251 0.552913904
    0.46196121 0.588076413 1.43861759 1.10669374 0.663048089 1.33903658
    0.624554038 1.31229746 1.13106239 1.17935324 1.3080889 1.30292284
    1.41494703 1.40857375 1.73422027 1.39565337 1.51412702 1.50655568
    0.70019418 1.00395989 1.2703712 0.63331157 1.49278903 1.10748613
    1.01445425 1.21095169 0.817120016 1.37720764 1.03937805 1.03726137
    0.951803565 1.35682893 0.815187335 1.53351462 1.33889949 1.43495643
    1.09410381 0.730401695 0.555974126 1.07695329 1.16314423 1.35728848
    1.62927592 1.36166644 1.71763933 1.13964415 0.852237642 0.663985193
    0.840016663 1.14142144 1.65841532 1.62576461 1.8326478 0.76961571
    1.45051384 1.02298367 1.17832911 1.74787199 1.78940618 1.55683339
    0.765563846 0.709828913 1.56687844 0.910906434 1.15567315 1.43985665
    0.936187267 1.26242661 1.1375978 0.837375343 0.762141824 1.11533022
    0.958541632 1.13052058 1.12901962 1.5435003 1.34806168 1.64338088
    1.08064926 1.25827312 0.661555588 0.740126193 0.666144788 1.22716916
    1.52043366 0.99011606 0.754453957 1.50727892 1.45893097 1.08166015
    0.747758031 1.28300416 0.608712316 0.83649987 1.25179267 1.22914374
    1.73079991 1.68476963 1.2034651 1.23998499 0.939268172 0.754751563
    0.999902785 0.772739708 1.19420445 1.06035817 0.679531574 1.46550608
    0.811353147 1.13687861 1.28165758 1.5514071 1.21745038 1.11558557
    0.701853991 1.43422163 1.76407969 1.74098635 0.827740908 1.21180296
    1.64231074 1.62578702 1.57903743 1.340204 1.47410762 1.56645525
    0.752837062 0.855450392 1.09857249 1.45402408 1.53748703 1.71250439
    1.4230541 1.00361276 0.892542422 1.1078465 0.801358938 0.988384843
    0.940352857 0.631382883 0.53799051 1.59537101 1.53698444 1.68728697
    1.71083307 1.0117718 1.28528428 0.961893499 1.38946474 1.15983939
    1.62489426 0.900507808 0.66732049 1.05637276 1.28864419 1.46306753
    1.59309542 1.07945681 1.37339056 1.49352479 0.971595645 0.510751724
    0.836602032 1.08806717 1.19927788 1.74304557 1.06013405 1.72105551
    0.886493683 1.24745798 1.03606033 1.06413186 0.661490321 0.853931844
    0.784446716 1.54535973 0.677310228 1.50818717 1.21971858 1.02265441
    0.845896363 0.81518662 0.677705705 0.632982075 1.41120744
    0.960293353 1.44948781 1.27759218 1.55813193 1.18341041 1.80497789
    0.99881953 1.53518212 1.17975593 1.06641698 0.91853404 1.08547211
    0.465865076 0.802622259 1.17457902 1.58583069 0.997848034
    0.922350883 0.647032619 0.835120797 1.85202181 1.50802088 1.37404191
    0.673499584 0.986103594 0.879399419 1.46990979 1.02034616
    0.659310281 1.42484641 1.75826716 1.74714971 1.79570472 1.30209339
    1.20804012 0.725126684 1.25336874 1.40851057 1.11138952 0.636250198
    0.542499483 0.767295659 0.708475888 0.791800082 0.598884583
    1.33708143 0.70455879 0.676459193 0.80121547 0.710796118 0.787048817
    1.651757 1.21332157 1.18964863 0.945093989 0.927773178 1.26304853
    1.00564194 1.03711283 0.438007325 0.657004178 0.680156231 1.33389568
    0.802354455 1.61680806 1.01441622 1.30871296 1.70355678 0.895668209
    0.83604306 0.442023247 1.23156154 1.13701105 1.46589255 0.6904791
    1.24414217 0.787091374 1.10922682 0.826881051 0.833857298
    0.886493683 0.8907336 0.919567823 1.77605164 1.7074697 0.66089201
    0.653535128 1.17256784 0.8856529 1.2795316 0.634424567 1.30232537
    1.33020985 0.96250844 0.635059416 1.28305233 0.681861699 1.7182703
    1.36981678 1.38319409 1.3085016 1.65562522 0.814830065 1.03481102
    1.61262012 0.728414357 1.0519067 0.77414 0.778248429 0.691031516
    1.09843874 0.945317388 1.45805526 1.4314214 0.852103353 1.19206762
    1.1439389 1.66029572 1.50900412 0.801598608 1.18111825 0.978926182
    0.807780981 1.67534816 1.40850902 0.771538496 0.884593487 1.55466664
    1.09504282 1.03541303 1.65793204 1.71063066 0.687934101 0.946463645
    1.11761916 1.40973234 1.23476863 1.51953959 0.837480128 0.817165256
    0.922050655 0.866314709 0.585596859 1.06769633 1.64300346 1.2404387
    1.24323487 0.738031387 0.878727794 1.30475283 1.39236104 1.42829955
    1.20577455 0.906799376 0.756154776 1.72807515 1.68394232 1.49352074
    1.55227268 1.10838866 1.11504579 1.50758469 0.583135307 0.779355526
    1.64850414 1.50018263 0.729533434 1.71725762 1.2025243 1.25116026
    1.24127924 1.107916 1.3382988 1.62561536 1.35199082 1.0062201
    1.35780632 0.807090282 0.77247256 0.887811184 1.01143694 1.26438451
    1.45815539 1.24015212 0.664254785 0.936008573 1.35051942 1.53326523
    1.01722085 1.28328037 0.750494599 1.81193233 1.30161476 0.863198578
    0.722015023 1.19389653 1.72854626 0.715457737 0.628539443 1.26799524
    1.52470374 1.18642855 1.71619105 0.982581437 1.51544571 0.635910749
    0.804798067 0.469843179 0.976598144 0.855003893 1.02994812
    0.59167552 1.69824278 1.11922324 1.53012228 0.703221083 0.806093752
    0.535061479 0.756979167 0.793474972 0.78564328 1.12342989 1.58517039
    1.29825008 1.2112689 0.963144004 1.19967568 1.15049767 1.54368424
    0.865559936 1.27172434 0.886174142 1.09388721 1.22558177 1.5765177
    1.64889824 1.50836575 0.925589979 1.58048749 1.38714767 1.60590219
    0.689790964 0.757286429 1.03538167 1.30674016 0.807465315
    0.871057868 1.365502 0.675875306 1.51218998 1.60862935 1.50848031
    1.0806644 1.1624167 1.67197466 1.6099093 1.81108248 1.63132429
    1.53606224 0.885401428 1.57232845 1.59409881 1.66587019 1.39761436
    1.36667299 1.37549055 1.59753752 0.616368175 1.01520264 0.674953878
    0.875056565 1.62895918 1.27386725 1.15553081 0.93522799 1.5129298
    1.65485799 1.22767031 1.52785039 1.10849071 1.37448835 1.155918
    1.71285486 1.58665252 0.906383038 1.33094144 0.821929157 1.60435426
    0.927620888 1.08436346 1.73089755 1.74582589 1.75198269 1.27229297
    1.1668191 1.66948378 1.49464548 1.57348835 0.754316986 1.60029542
    1.68430388 1.42810738 1.17532647 0.490170181 0.817757368 0.841147244
    1.09988749 1.15103018 0.753516316 1.12656713 1.06734288 1.20709622
    1.45154619 0.833145499 1.14649093 1.28687263 0.704812467 1.05614102
    1.22526264 0.941676259 0.727294981 1.01449955 1.2277149 1.09148216
    0.582048178 0.718613267 0.709251285 0.558457196 0.984157503
    0.805233717 1.57356369 0.620460093 0.69295609 0.904412806 1.26424909
    1.26490128 0.644995153 0.532805741 1.47491932 1.43594182 1.03676736
    0.678200305 1.32447147 0.993052721 1.01255417 0.584127963
    0.864538193 0.865083098 1.58346558 0.941291869 1.70030808
    0.987385094 1.58305728 1.52007878 1.61787581 1.80096161 1.87106073
    1.39092696 1.3250922 1.00748801 0.752386093 0.836581945 1.23964274
    1.24124777 1.35200441 0.772660971 1.63994205 1.18858671 1.33206141
    1.4637419 1.29669428 1.6617223 1.00412083 1.54617167 1.37039185
    1.40576851 1.56673145 1.39697385 1.45874131 0.903729081 0.931275487
    0.963310361 0.511626065 0.590248466 0.850682855 1.50040376
    1.32432997 1.53172469 1.03022623 1.54685831 1.53818953 0.721049368
    0.700373352 1.2766124 0.741751075 0.505480647 1.22486281 0.972738504
    0.691022873 1.09181857 1.21875489 1.34412861 1.55461204 0.574506879
    0.999971688 0.581920385 1.24202061 0.679265022 1.12681425
    0.766109586 0.666005135 1.81535912 1.29055226 1.85538471 1.59757519
    0.872472763 1.03976572 1.30869257 0.999809623 0.940369129 1.48758483
    1.69535935 0.999030769 0.966771722 1.13811719 1.19223738 0.845243394
    0.590973735 0.675092101 1.18462586 1.55904973 1.52024007 0.854059041
    0.987683177 1.68383563 1.72529578 1.5273447 1.37784743 1.54360533
    1.08024251 0.796170354 0.624310076 1.65248919 1.09010851 1.08801806
    0.921821177 1.09091365 1.82379866 1.75550747 1.69708526 1.67817557
    1.75922799 0.91695708 1.60359359 0.779099524 1.64702332 0.927862704
    1.31211281 0.875737429 1.088642 0.936505675 1.00065327 1.06929588
    0.773862839 1.13944149 0.99104327 1.44677699 0.680764377 1.45652187
    1.35842407 0.722244143 1.45505023 1.04465985 1.07668936 0.723073244
    1.11195183 0.732512653 1.18935788 1.72156 1.10515881 1.71674573
    1.5100981 0.71992898 1.01677394 1.7332108 1.2151916 0.776789725
    1.39334309 1.65587711 1.43450129 1.46785378 1.51915181 1.61064339
    1.49916339 0.93151325 0.629008651 0.955844462 1.39142609 0.722616196
    1.33351016 1.55450714 1.10386598 0.856050789 0.85815227 0.828578472
    0.75412184 1.7316854 1.0418644 1.36332691 0.790270686 1.43720269
    1.52544427 1.66009009 1.39256752 1.65389669 0.758720756 1.48321128
    1.92830145 1.73419201 1.35585403 1.7268759 1.45469689 1.00789082
    1.14807928 0.69156909 1.0682354 1.32334185 0.926490247 0.666669786
    1.6680454 1.32342887 0.955938756 1.12882972 1.05911303 0.611227572
    1.07150698 1.06735814 1.4466908 1.16068494 1.62108219 0.635698318
    1.37723827 1.31097364 1.59458303 0.752573431 1.6247021 1.01799798
    1.00668657 1.70252264 1.83539498 1.33776152 1.06337571 0.788362205
    0.79895997 0.998903096 1.39331281 1.1255033 1.74697042 1.08922577
    1.20846796 0.645986974 0.656928957 0.884440422 1.53143156 1.30107582
    0.886948884 0.722745717 1.55755424 1.52355146 1.5654192 1.65797293
    0.987703264 0.919177115 1.62596178 1.1713202 0.880505025 0.645732522
    1.28684151 0.792351604 0.657921135 0.516569436 0.77829957 1.53257453
    0.979841888 0.582490206 0.844435811 1.50751781 1.57190979 1.21333051
    0.648405194 0.75729996 1.46289206 1.0325067 0.952170372 0.842751741
    1.22102332 1.06554043 1.48427081 0.762881696 1.61692846 1.08482683
    1.20767128 0.942249119 1.60755241 1.91258788 1.89050484 1.01121533
    1.7411139 1.22947252 1.01892412 1.33491969 1.37279665 1.68199873
    1.3496542 1.4613229 1.75803483 1.47740746 0.666352987 0.732675493
    1.16535366 1.10727382 1.34224176 1.57654011 1.41378367 1.12606883
    1.73907423 1.61267972 1.74257779 1.25334156 1.49708486 1.64834285
    1.39628708 1.56866384 1.10525656 1.04788423 0.66875571 0.844113111
    1.58719468 0.916168988 0.595164597 0.842875898 1.29528761 1.37206924
    1.54584813 0.889376998 1.1739819 1.38640416 0.721749127 1.11957741
    1.60423124 0.544592261 0.939105332 1.32548976 1.06517518 1.6280632
    1.18131948 0.656417966 0.857148707 0.591250479 0.759446383
    0.530133486 0.864644408 1.01201844 0.625505507 0.632363498
    0.70994401 1.5492698 1.78689897 1.58560181 1.58366585 0.679419279
    0.783338726 1.2605927 1.54373407 1.08550549 1.20675743 0.75770402
    1.31571376 1.18760431 0.85238415 1.53476262 1.40165019 1.05326533
    0.916206658 1.45926428 1.39033866 1.00772357 1.14885223 1.45539773
    1.45021605 1.83128655 1.49630356 1.47396529 0.727683842 1.04272962
    1.13650239 1.24478483 1.58217037 1.33977652 0.696982145 1.20424974
    1.1789732 1.48846042 1.62819731 0.708243728 1.07395458 0.962718546
    1.27828896 1.83620524 1.84677064 1.30002379 0.881372988 0.873621047
    0.86693722 1.27987361 1.24116099 1.36532247 1.1493715 0.555818856
    0.595311761 1.22238982 1.70702481 1.1640569 1.69007313 1.18374574
    1.60395861 1.000633 0.786303282 1.69092739 1.17297101 0.72270757
    1.41269815 1.06104076 1.57499635 1.14150906 1.17744136 1.71800458
    0.990482271 1.11924672 0.667672634 1.49375951 1.79285693 1.21797204
    0.696518242 1.49268579 1.51568711 1.79863203 1.4676317 1.08754992
    1.1081531 1.04971468 0.921693206 1.16758299 1.2626704 1.35119653
    1.56931055 1.73497522 0.863627911 0.594518363 1.24263167 0.965263307
    1.62697601 1.38346565 1.72020626 1.77802634 1.72689366 1.38584828
    1.52365494 1.3385452 1.00122905 1.52931511 1.57663238 1.10463226
    1.73367059 1.69389045 1.80694962 1.16199958 1.12580001 1.69719076
    1.67789078 0.811876416 1.06212282 1.22722554 0.871659636 1.23683786
    1.18601465 1.25848627 1.63140094 0.694270313 0.967295945 1.02154899
    1.05088162 1.63946378 1.47423828 1.80275488 1.44629526 0.815120161
    0.858574688 0.853037417 1.18612146 1.18697333 1.2680254 0.617044568
    1.30239499 1.08737922 1.4972688 1.81447995 1.51299286 1.34906518
    0.57822597 1.33397198 1.00097752 0.756270707 1.33397007 1.30245447
    1.70648956 1.55095756 1.34629619 1.50313842 1.3288964 1.68843937
    0.861712873 1.0976485 0.8027215 0.961706161 1.24436176 0.718305051
    1.00712407 0.802049577 0.64760375 1.61488295 0.794170022 1.0566045
    0.801950574 1.10659361 1.47879398 0.757289231 0.570417404 1.11866605
    0.80291909 1.26747704 1.10375869 1.7782228 1.75805748 1.16526556
    1.19258821 1.15106761 1.02317643 0.63861829 1.54201698 0.721955776
    0.571567237 1.57670605 1.20816839 1.67801249 1.12716639 1.62640321
    0.744345844 1.03626966 1.62617373 1.84168994 1.68662095 1.65707016
    0.989948869 1.2430644 1.75452399 1.09004879 0.865023971 1.52826071
    1.85219133 1.27033293 1.80221474 1.42707062 0.93647778 1.46826053
    0.622419834 1.24941087 0.940483689 1.52172697 1.66440928 1.74908638
    0.795943081 1.11170173 1.14636207 1.36154449 0.6641801 0.695220351
    1.25939524 1.35408902 1.7788291 1.46959734 0.935049713 1.10541546
    1.66608 1.6503129 0.542271614 0.65383631 0.494447827 1.05477214
    1.35964167 1.47627902 0.971577704 1.32587612 0.896794915 1.17454767
    1.58844709 0.877649546 0.623873353 0.893335104 1.43769717 1.05278516
    1.39477766 1.33194149 1.15941334 1.51244378 0.695993721 1.48057938
    0.738351285 0.906045079 1.01999605 0.917446017 1.2728883 0.767039001
    0.806205153 1.59188533 1.62647355 0.921383321 1.02481067 1.0249753
    0.770137608 1.33014488 0.99289465 1.12870359 0.729737103 1.57832778
    1.10830379 0.922496498 1.40416229 1.58545315 1.03372049 1.49172246
    1.13233268 1.44359446 1.72369993 1.83580744 1.06943452 1.71822107
    1.26296091 1.24320626 1.2038331 0.669755578 1.58825815 1.42305779
    1.12366569 1.0550245 0.820762992 1.4713769 1.69535637 1.79274583
    1.67434204 0.903936386 0.556302667 1.58898187 1.19335365 1.62227392
    1.49930334 1.66779959 1.12276328 1.49832487 0.604998827 1.02310967
    0.812735617 1.1151067 1.3022362 0.902449667 0.918128729 0.948635817
    0.828684688 1.535344 0.925056159 1.66249216 1.11920893 1.56435239
    1.35928226 1.3491416 0.905009627 0.613544464 0.854636133 1.39075375
    1.49516678 1.78702509 1.87820387 1.24954212 0.656051874 0.58336091
    0.820862293 1.68277371 1.6350596 0.771607816 0.778553486 1.61206651
    1.09777713 0.923923075 0.864323139 0.925890863 1.33363688 0.75041604
    0.763228297 1.29285872 0.880495071 0.725809276 1.61429036
    0.802713633 1.40616751 1.33248258 0.926821709 1.41153824 0.698948026
    1.30719233 1.61903477 1.38619435 0.703341007 1.5864774 1.20088029
    1.52287042 0.584892452 0.668458343 1.13917315 0.896647871 1.01694787
    1.71293414 0.811455011 0.919870675 1.38559759 1.33271265 1.52826583
    1.69930863 1.66551948 1.53083479 1.51539493 1.21332693 0.921464384
    1.2301079 1.49711227 1.08147061 0.742099702 1.00041366 1.25212741
    1.38497651 0.882690191 1.60068822 1.67911601 0.612667024 0.803123713
    0.864390492 0.999253809 0.891414106 1.10002255 0.958885968
    1.47254717 1.37261307 0.988341391 1.59068966 1.07270527 1.05570245
    1.25152075 0.74952656 1.27355099 0.87597084 1.38732624 1.57298303
    1.3678298 1.33541608 1.61643815 1.02095091 0.694138288 0.965011716
    1.59021485 1.70994139 0.841747522 1.52968025 1.34786201 0.980863929
    0.450231999 0.548881173 1.37473392 0.808005989 1.34141779 0.85999459
    0.618587792 0.7709952 1.16634047 1.24243414 0.984458983 1.17981648
    1.38119066 0.903971553 1.24855781 1.57670081 1.43601692 0.824730575
    1.30316269 1.54125965 0.790684402 0.610050976 1.2333194 0.601210475
    0.849996865 1.45315814 1.43778121 1.73502553 1.54860437 1.85590935
    1.56654346 1.37348664 1.72445261 0.829187453 1.52758074 1.34652233
    1.25055492 1.61859024 1.77159035 0.974859238 0.747331619 0.853065968
    1.69703722 1.48653638 1.80216146 1.2547456 0.595543563 1.01357949
    0.724405348 0.62422353 1.15177667 1.39914274 1.67235708 1.53565836
    0.917423546 1.30015028 0.707186699 0.694630802 1.24063313 1.37127149
    1.47520876 1.37533665 0.801951468 1.37630832 1.60204577 1.40600848
    1.15564167 1.16800451 0.653230608 0.550940335 0.633216023
    0.744600177 1.6169467 1.33060896 1.01724887 1.39957702 1.34445298
    0.788859367 0.800322115 0.703343093 1.46969056 0.899930537
    0.92641294 0.887417853 0.919556141 1.35754871 0.987620234 1.28101134
    0.786139309 1.01808512 0.835139453 0.839230478 0.820946455
    1.30858374 1.17027211 0.857387006 0.823855996 1.39142525 1.2086972
    1.72481751 0.729239881 0.855635464 0.539009869 1.06627321 1.47985792
    1.50513613 1.70174682 1.79562485 0.931360602 0.58321625 0.873285472
    0.735542417 0.675576627 0.717624068 0.891551733 0.955551565
    1.60418451 1.66807222 1.41655409 0.785976529 1.10547709 1.0350312
    0.673988938 1.47977638 1.348966 0.658448279 1.08649588 1.2469157
    1.78716183 1.84810686 1.35227442 1.20371759 1.68946075 0.782287419
    0.727741838 1.47260857 1.17463672 0.737833798 0.928292513 1.67015791
    0.878586531 0.778773427 0.472806573 0.906542301 0.982057393
    0.992356241 1.00695992 0.537628651 1.13734853 1.40300214 0.596148372
    0.907992959 1.66363728 1.16981649 1.76194119 1.40527952 1.49479461
    0.766924262 0.930636525 1.29175103 0.943496227 0.836132407
    1.54555929 1.85074973 1.74276531 1.09593868 0.489727944 1.29771829
    1.52309644 0.944940507 1.08738947 0.853150725 1.01462662 1.69274724
    1.36873055 0.693996251 0.938954651 1.54518425 1.48756218 1.55047572
    1.04316914 0.675834358 1.5208596 1.38719034 1.13459885 1.4699868
    1.1554755 1.20508718 1.44642127 0.728249371 1.07818735 1.42411482
    1.01221442 0.703739703 0.68757987 0.553408861 0.565888464 1.19067144
    0.592879713 0.636204243 1.62040102 1.45084584 1.01847875 1.03863311
    1.64350271 1.43842089 1.05937612 0.665170848 1.14608967 0.916385412
    1.24091589 0.881661117 0.770664513 1.43572485 1.6936456 0.85340488
    1.65554488 1.43639886 0.603407025 0.92512846 0.914721251 0.791646779
    0.85644269 1.36566007 1.52788985 0.69860971 0.767572045 0.673602819
    1.04930985 1.72796321 1.58405733 0.999244571 0.851216257 0.456799537
    0.435102969 0.975720286 0.992391288 0.741217971 1.07701159
    0.698421776 0.850456417 0.689986646 0.770661712 1.17400169
    0.91194576 0.876359582 1.14157879 0.928183615 1.19036031 1.05909324
    1.78900766 1.63939333 1.13189864 0.877517939 1.62909925 0.892905354
    0.607144713 1.45754445 1.6951021 1.17739356 1.42523658 0.537613869
    1.11562705 0.970321238 0.786149979 1.59396029 1.43510962 1.27485466
    1.08463013 0.857737064 0.772093952 0.728246629 1.15984428 1.28905571
    1.02512586 1.48458993 1.29985893 0.902332842 1.58254051 1.18120837
    0.725054026 0.616131783 0.869520187 1.46083713 1.75711083 1.45658374
    1.68729115 1.62252915 1.37620997 1.34077239 1.40381825 1.04520023
    1.36635876 1.67099023 1.14919794 0.834384978 1.32432318 0.904804885
    1.12499201 1.53565073 0.994465053 1.52306449 0.707006276 1.18237984
    1.55233824 1.17283154 0.681866527 1.63302219 0.737240016 0.771677852
    0.684533715 0.500381708 0.657805502 1.43383062 0.725075722 1.6152271
    1.19589353 1.16173971 1.67035377 1.16980803 1.51767552 1.50685573
    0.994466662 1.23576558 1.60983706 1.15023613 0.626916885 0.663886547
    1.56388307 1.67519236 0.6843068 0.825780332 1.32980406 0.814612627
    1.04941094 0.74824971 0.908156812 0.933720589 0.492751628
    0.900048852 1.52151215 1.38203943 0.918935955 1.168993 1.37776351
    0.968495965 1.10994673 1.46280444 0.700178564 1.01270378 0.574612975
    1.12632406 0.771333873 1.30023527 1.73955595 1.47504723 1.54836249
    1.59457695 0.778516471 1.12849724 1.3420794 1.11265457 1.81643224
    1.31584489 1.64173365 0.891650438 1.54918098 1.36268139 1.55236685
    1.56993711 1.39479804 1.54501116 1.25640619 1.53285742 1.47317755
    1.71147978 1.6983192 1.38408577 0.839419127 0.784602106 0.512587547
    1.05194306 1.06521285 1.70060515 1.33031607 1.66973615 1.26837981
    0.934121728 0.837451935 1.43850982 1.38067138 0.722318411 1.60489595
    1.09517097 0.722854257 1.50626886 0.727523923 0.618079841 1.1009692
    0.767081201 1.27060938 1.35057747 0.607891977 0.734023571
    0.963748336 1.44122601 1.1762706 0.802816391 1.42169404 0.756084561
    1.19878018 0.811484098 1.15342796 0.976010025 0.750584066 1.29825139
    1.06795526 0.642083883 1.65241385 1.11432493 1.40951538 0.6508196
    0.562942624 1.36915672 1.60707402 1.64053798 1.21483231 0.990177393
    1.07678747 1.43737531 1.17094898 1.26384199 0.733166099 1.05168557
    1.24991667 1.56033671 1.54036641 1.61058819 0.853536665 1.64632714
    1.65229976 1.33915293 0.861622095 0.921834886 0.772769988 1.53290105
    1.09874499 1.51811934 1.33642912 0.676075578 0.77687484 0.347200036
    0.440351337 0.780159473 1.23118603 1.23322678 1.42912138 1.68542826
    0.712476075 0.839206696 1.17986465 1.4857682 0.761906207 1.07080185
    1.07474244 0.599639416 0.596256912 0.632083595 0.519407272
    1.44699574 1.67614663 1.64839935 1.59838152 0.801226556 1.58037269
    1.16322052 1.64773881 0.972229362 0.65638113 1.42271805 1.56768143
    1.20967615 1.17872739 1.10682452 0.958567142 1.31404197 1.44818854
    1.1215055 1.02664351 0.406176329 0.647041202 0.405158669 0.547140718
    1.2731452 0.576284945 0.72869283 0.506005108 0.814792037 0.834750891
    0.531823695 0.832150161 0.531058371 1.00393403 1.46201825
    0.657054245 1.02508533 1.37208986 1.38234806 1.69437194 1.05071294
    1.32620966 1.71358836 1.44844139 1.36740386 1.62612975 0.929947376
    0.51961565 0.564185917 0.985852003 0.557092071 0.5327214 0.678040385
    0.642523348 0.591210067 1.47260702 0.606383622 0.998247862
    1.47422612 0.947726905 1.49802661 1.1652689 1.46507967 1.67764306
    1.38629937 0.78513974 1.33096242 1.71762991 1.25273919 1.35951543
    0.898850024 1.53201437 1.02765942 1.70556796 1.12833416 1.17692327
    1.62403738 1.67701232 1.01087666 1.7122575 1.53445864 1.60855401
    0.917611122 1.66367459 1.53370845 0.749772966 1.65052307 1.54761982
    0.913230062 1.04970145 0.634072661 1.52473319 1.38079655 1.23284149
    0.675854027 0.978245914 1.19386148 0.957912326 0.709728658
    0.896252871 1.19305062 0.999411762 1.5038799 1.47149456 1.16000772
    0.808123589 0.940215707 0.881671965 1.40557337 1.7027986 0.900571704
    1.62344921 1.20788479 0.852398694 0.574715257 0.794852555
    0.965457261 0.704291224 0.708938181 1.0310818 1.08211756 0.625495315
    0.638113797 1.21171927 0.815420985 0.772300541 0.945634425
    0.987082124 1.76139903 1.37057853 1.55018127 0.873733044 1.12672222
    1.30829275 0.74801755 1.1112839 1.07268608 1.417032 0.6430825
    0.683354259 0.610890806 1.41622055 1.70897639 1.28786373 0.919565856
    1.67179048 1.25221288 0.801276803 1.40250909 1.39828968 1.23560798
    1.58772171 1.07391441 1.34264946 1.11481082 1.53111649 1.5842011
    1.08874965 1.3491739 1.86174655 1.00334346 1.40633702 1.20510089
    1.70732725 0.958037078 0.662241518 0.511158168 0.811745703
    1.23036909 1.74923706 0.860656857 0.761165261 1.34627128 0.942592263
    1.36647415 1.30240405 1.45394635 1.05444431 1.17741859 1.58004081
    1.07855368 1.1315316 1.66692519 1.5115335 1.26190615 0.586099923
    0.787947357 0.831572056 0.678874552 1.36826706 1.4624275 1.47632873
    1.73146117 1.73254192 0.888236165 1.08303869 0.679960728 1.3213172
    0.98631829 1.640136 1.42630565 1.37196958 1.49786842 0.797125876
    1.16231322 1.38937402 1.6449964 1.43321621 0.660911441 1.44341803
    1.80343986 1.75050116 1.66935766 1.71856475 1.05679631 1.01308095
    1.33169997 1.02828765 1.65290916 0.94628948 1.0787766 0.582360804
    0.710199893 0.728916585 0.892728686 1.64260566 0.809710801
    1.34276378 0.769484937 1.13244987 1.43931079 1.12919736 1.33089924
    1.57749641 1.24851513 1.13179719 0.950311661 0.468392462 0.40705502
    0.966381431 0.473235905 0.848346114 0.62592411 1.43115187 1.06084025
    1.41711831 0.987506509 0.961868227 1.55548072 1.32010853 0.959584534
    0.623063862 0.814912021 1.42822194 0.872039557 0.588797629
    1.01832855 1.12212205 1.40907073 1.07075524 1.6609323 1.62600052
    0.831169426 1.66421545 1.18777788 1.20423198 1.53300273 1.40091491
    1.56768823 1.02075529 0.574800789 1.36376941 0.825377822 0.842172384
    0.506990671 0.929635286 0.508042753 0.738349259 0.695789933
    0.768811584 0.598548174 1.06580138 0.661745965 1.40751815
    0.830566406 0.522194624 1.16669631 0.594057918 1.10168159 1.43918049
    1.30423486 1.10108066 0.957850277 1.14131343 0.684850812 1.51599288
    1.76649845 1.34414661 1.31996965 1.63503683 0.996874571 1.25551033
    1.15261686 0.997343719 0.564971328 0.728826225 0.543559909
    0.666547656 0.52706331 0.497434556 0.568523109 0.606970489
    0.835146666 1.69683003 1.28127027 1.58614588 0.996116996 1.21806383
    1.73817205 0.840861619 1.37089372 1.42600453 0.965988874 1.76353121
    1.28269339 1.50641119 1.82376957 1.86771917 1.8811183 1.202829
    1.62425995 0.783408225 1.30827665 0.993722141 1.39322567 0.89617461
    1.36275899 1.2961936 1.49064958 0.890824497 1.10908699 0.813435912
    0.988335669 1.18059158 1.3530941 1.37031054 1.03747118 1.1387769
    1.27565074 1.07651758 0.792593062 1.2324239 0.62201035 0.824716628
    0.93256557 1.31270885 1.3679558 1.07378995 1.17546988 1.32585549
    0.791982293 1.31239295 1.44052052 1.47273672 0.68575263 1.43269324
    1.54065728 1.39598882 1.23931289 1.42627609 0.805839419 0.810213566
    1.39531744 1.56788266 1.40517914 0.972875893 1.41430318 1.63321555
    1.02090168 0.772183895 0.693695664 1.16644859 1.36961484 1.68056142
    1.72000885 1.25314748 1.04575193 1.64634454 1.07570672 0.926082909
    1.47784722 1.47812533 1.31528223 0.819785416 0.983604968 1.36455405
    0.993443668 0.955469131 1.42027998 1.62369525 1.39843953 0.865190744
    1.40477884 0.745088696 0.742488503 1.46709728 1.626917 1.13000321
    0.917478859 1.39599991 0.957776904 1.14850676 0.95337379 1.69952035
    1.51828635 1.77938271 1.74453545 1.77935541 1.20613468 0.80155921
    1.67918456 1.40190482 0.824787498 0.965530276 0.892440736 1.53115797
    1.78261423 1.571576 0.736010969 1.56560469 0.901159108 1.779948
    1.60889924 1.05546916 0.934786499 0.654354155 0.903669417 0.97967571
    1.49545658 1.54506457 1.43930817 0.911789954 0.455001265 0.963110864
    0.833336592 1.08108079 1.47560632 1.09673011 1.60648239 1.09757602
    1.0432452 1.35862887 0.853738427 1.61163449 1.36661232 1.07536829
    1.84131444 1.40140259 1.72654021 1.26761484 1.24283373 1.40433657
    0.715345919 1.14573801 0.59604156 1.4014833 0.906807065 1.76440966
    1.59929442 0.990039945 0.902948976 0.510531902 0.766724169 1.4641695
    0.737121224 1.20090067 1.43386424 0.837119639 1.0125643 1.44295609
    0.987923026 1.23997486 1.62224054 0.835095823 1.06785154 1.04205465
    1.32856822 1.40963447 1.56289887 1.62524474 1.79867136 1.56201732
    1.24294126 0.65021193 1.0414077 0.63261044 1.10713458 1.01096249
    0.782700181 1.09665632 1.03643775 1.50387502 1.57874429 0.808333158
    0.698215067 0.780881107 0.748219132 1.2470305 1.32103956 1.57144165
    1.21370578 1.11405957 1.46582973 0.907971144 1.22130299 1.19856322
    1.08244777 1.38873112 0.873925149 0.939659894 0.823148966
    0.847697973 1.05528855 1.63555658 0.9853158 1.47698629 0.761832297
    0.665997565 1.513973 1.1438849 0.825615406 0.566835403 0.689614713
    0.423108488 0.468117803 0.611544847 1.26839733 0.656097651
    0.745626628 1.45553255 1.1689496 0.695550919 0.801219523 0.815048933
    1.63134527 0.843914568 0.662764788 1.4650507 0.675997972 0.88156724
    0.571247756 1.54525375 1.18912482 1.07331479 1.29069614 1.3271935
    1.23010159 1.37836933 0.883859456 0.589146674 1.5501219 1.31627381
    0.755346596 1.00015724 0.618302047 1.58334744 1.57193899 0.711981714
    1.44645023 1.53334785 1.28728962 1.03183627 0.568652093 1.32661903
    1.29773533 1.39948893 1.11970079 1.40620792 1.38451421 1.10294509
    1.24610269 1.46827877 1.30693245 1.88615561 1.97943008 1.62708271
    1.36336541 0.978205562 1.31677079 1.23854589 1.5923506 1.3162818
    1.01441383 1.35993719 0.818509459 1.53497767 1.22190452 1.08850038
    0.783767819 1.21284771 1.74355304 1.60231817 1.1900512 0.745139658
    1.72517455 1.58016264 1.10997522 1.63212931 1.51681948 1.63484967
    1.04476285 1.01283491 1.20371509 1.27356613 1.21720791 1.17644072
    1.26268196 0.878895164 0.776493251 0.986260712 0.675996482
    1.64433897 1.18321931 1.69224405 1.6672734 0.998111844 0.834161878
    1.37099338 1.59202099 0.784782529 0.534175038 1.18623424 1.34710455
    1.6897006 1.3278321 1.64309418 1.04037166 0.844226241 1.43872011
    1.67930365 1.17632711 1.22446513 0.694925904 1.03080249 1.46299076
    1.06860411 0.883534253 1.62050021 1.48418808 1.476686 1.20951378
    1.32662308 1.34480119 1.52677464 1.29688978 0.762364328 0.886852443
    0.847095013 1.03995061 0.600153685 1.51752532 1.75869012 1.808622
    1.8688488 1.4941473 0.797296524 1.34444618 1.57317924 1.18668306
    1.29209173 1.74282825 1.32931411 1.14410675 1.09212351 1.41040707
    1.0052551 1.53935885 1.19949162 1.18224204 1.20110762 1.48686326
    1.44877088 1.83091235 0.84345746 1.77401066 1.29912448 1.74369979
    1.20343089 1.01650155 0.950776279 0.652266026 1.30004156 0.911407828
    1.34914422 1.29281747 0.809774756 1.00663912 0.909361422 0.809613526
    1.21213722 0.722429872 1.11382258 1.56539023 1.30232656 1.46904814
    0.901375353 1.65200365 0.730730593 1.22210717 1.42932057 1.6500777
    1.69761515 1.60581422 1.17043519 0.949087441 1.18681347 0.849544764
    0.953185856 1.32309508 0.673224509 0.536961496 0.746731281
    1.30942822 1.46497917 1.67609298 1.28299332 0.629726529 0.870278358
    1.50539267 1.20297837 0.686481833 1.13324022 1.37529373 1.08627462
    1.51630521 1.63903332 0.601015568 0.60029906 1.23165905 1.55564249
    1.2644999 0.964098036 0.913684845 0.814988077 1.54843688 1.34172153
    0.846920133 1.45247221 0.697341621 1.36921346 0.997405112 1.38024771
    1.68401432 1.67449665 0.719821393 0.561306834 0.716175556 1.47830069
    0.810163498 0.670149207 1.16040123 0.894913375 1.4317714 0.94440347
    1.05653858 1.70241749 1.68930364 1.54783988 0.973586559 0.726626456
    1.22107697 1.67334795 1.24291074 0.734998167 0.859799862 1.06216133
    1.39989448 1.29724586 1.72477627 1.60975611 0.999919534 0.712368608
    0.913208067 0.777964115 1.04380751 1.66139257 1.51772058 1.36853528
    1.02021587 1.37619221 0.551210403 0.938733637 0.611688375 1.44525146
    1.17561471 1.02670288 0.950202703 0.48433429 0.907071829 1.13857985
    0.859455585 1.46019399 0.760483682 1.66681325 1.38193631 1.01491857
    1.39106655 0.611789882 0.768937409 1.55884814 1.64518893 1.21798706
    0.821444869 1.03792965 0.839485347 1.31856072 0.669893265 1.49243033
    0.80018115 0.627388716 1.2179004 1.70913529 0.852816582 0.95061177
    0.996327221 1.4431535 1.39562535 0.773183107 0.91287601 1.02334225
    1.58971703 1.15119195 1.00395596 1.21692407 0.750655949 1.08203995
    1.14592969 1.45575666 1.82840133 1.38407111 1.72415209 1.41009295
    0.925929785 1.2142086 1.48555017 1.54608035 0.95973593 1.52791166
    1.57013524 1.43547344 0.944595158 0.854563296 1.05747318 1.30718696
    0.792916775 1.61915374 1.12880516 0.757568121 1.43417764 1.21240842
    1.4980638 1.11437845 1.79056227 1.88569093 1.41044974 1.56932187
    1.11242068 1.6460799 0.876398861 1.31673944 1.15042722 0.978883684
    0.519286513 0.60225457 0.558356345 0.826456904 0.947238386
    0.817588627 1.37126112 1.44389045 1.58336151 0.725392222 0.93282187
    1.25362182 1.68905151 1.47603726 0.459093839 0.539312363 0.694796085
    0.744476557 0.662028551 1.08188486 1.41493905 1.10860026 1.21002269
    1.12468588 0.806718469 1.42754972 1.45433915 0.99524653 1.38681471
    0.651479244 0.961331487 1.37936795 1.61718142 1.28033638 1.61867344
    0.828880966 0.943647385 0.946925402 0.752170265 1.35792029
    1.29219699 1.21698534 1.27100003 1.36224735 1.00729835 1.44970298
    0.799580455 1.83162379 1.58988869 1.17590082 1.13982785 1.06305587
    1.57318103 1.28123295 1.20183241 1.67157745 1.38049519 1.07741034
    1.04097092 1.74254596 1.56348121 1.02929533 1.60712016 0.901746392
    1.13537085 1.74571848 1.64739537 1.04848003 1.67814982 1.57984424
    0.966115952 1.01135373 1.04216385 1.45359802 0.794260085 1.35274458
    1.74070466 1.59358859 1.16498315 1.03265047 0.498762995 0.643787861
    1.53478765 1.44182026 1.23265517 1.67021132 1.86570346 1.86602235
    1.65326369 1.50749528 1.38790727 1.45823479 1.24168622 1.39910626
    1.22646368 0.891077816 0.752394557 1.21624148 0.716552258 1.50491381
    0.812602639 0.9125458 0.962046921 1.56319964 0.864576221 1.39712048
    1.12573099 0.67538327 1.20316255 1.30212259 1.52907121 0.812506437
    1.25865543 1.35667801 1.48080957 0.76771313 1.83349144 1.87711036
    1.3508234 0.814597666 0.745532393 1.11514759 1.4064213 0.835899472
    0.735010684 1.27236021 1.51478755 0.920754671 0.600545049
    0.845737219 0.645697236 1.06970322 1.01370287 1.3701086 1.62846613
    0.759707153 1.63991749 1.54500878 1.37743032 1.30966675 1.36135566
    0.614660084 0.685975313 1.56574798 1.69092631 0.929920137 1.16864693
    0.583758414 1.10895967 0.781122386 0.966026127 1.55702591 1.43625712
    0.778788865 1.49185634 0.865782857 1.18638813 0.672168553
    0.961335719 0.585715771 0.805429101 1.66517293 1.1600014 1.19161344
    1.29287624 1.20822644 0.793064475 1.45276105 0.776981533 1.06398141
    1.63829339 1.51174891 1.37505782 0.715513647 0.85740602 1.26881909
    1.13865709 1.3693912 1.55498731 1.23506391 0.681382477 1.01733112
    0.9055776 0.875970244 1.01220822 1.55481374 1.28024364 1.04645693
    0.803314447 1.26480234 1.38031971 0.562786162 1.18597054 1.3810401
    1.76147938 1.69695437 0.959196687 0.62649858 0.744139016 1.52881193
    1.026353 0.799472392 0.521735489 0.436752319 0.580225766 0.999523699
    1.68349195 0.616770566 1.23478806 1.17878711 0.922362208 0.515170097
    1.15145659 1.25723493 1.54634535 1.12236893 1.16531038 1.59500587
    1.68792713 1.03009629 1.27759242 0.71757108 1.42335606 1.44421268
    1.49631941 1.24066401 0.931400537 1.56829906 1.1526289 1.03459203
    1.2347002 1.59894395 1.61181355 1.41956854 0.98243767 0.711527586
    1.4822855 1.48968053 1.23335516 0.783262134 1.26055872 1.58014476
    0.821362317 1.09118772 0.837982595 1.28541565 1.74984193 1.12910903
    1.28755844 1.7206403 0.836564422 1.0625602 1.43572855 1.64073467
    1.00592494 0.670817912 1.38866735 0.499986321 0.869566321 1.21657908
    0.73564899 1.40620375 0.59584558 0.691043675 0.942768157 0.724439561
    0.919879377 0.725455642 1.16469216 1.64447176 0.81079638 0.988770008
    0.812948942 0.923685074 0.739032626 1.10233223 0.824015856
    0.625715137 1.21208179 1.22758496 0.751950622 1.51268876 1.14162147
    1.06243861 1.13373435 1.47956789 0.644268572 1.1452316 0.916692257
    1.0577395 1.08447301 0.687227905 0.843126476 1.04961681 0.604838431
    0.648981035 1.4673506 1.18326974 1.06244338 1.41445279 0.91769588
    0.980429173 0.768713832 1.41525304 1.23786223 0.67235738 0.934289336
    1.02937233 1.57305598 0.634413183 0.694238901 0.74004817 1.14467669
    1.27374029 1.10380566 1.49620509 1.4448489 0.876077533 0.961668134
    1.23835659 0.910697162 1.73103666 0.879546821 1.17504704 0.942716897
    1.63480282 1.19999135 1.16458309 0.798764229 1.26561105 0.712837815
    0.76795578 1.51638162 0.92435813 1.0187571 1.03265572 0.622212708
    1.69142914 1.23852265 1.31482315 0.782143652 1.72398126 1.45569968
    1.63052821 0.791687071 1.08253849 1.19967222 1.36891901 0.802467406
    1.60335672 1.52779222 1.3014766 1.26789939 0.998265207 0.623158813
    1.13888741 1.35325348 1.03097498 0.883891702 0.622413933 1.3981148
    1.74619877 1.11356151 0.917429924 0.757312238 0.586415291
    0.784801483 1.06314945 0.642522156 1.55374658 1.74524009 1.25425196
    1.73831117 1.58853364 1.55838537 1.2942909 0.859611511 1.10500932
    0.611956656 0.603022158 0.570896268 1.01904464 1.43569243
    0.771442473 0.976257682 1.30741727 0.654419065 0.701654553
    0.823241591 1.41774607 1.07951176 0.922927678 0.694117367 1.14740419
    1.45658243 1.75215161 1.46763599 1.01108718 0.798340678 0.759432375
    1.56243432 1.04098678 0.704890728 1.44950438 0.695525587 0.63781178
    1.55630922 1.2372632 1.72807348 0.798084438 1.34644043 0.719983816
    0.962128699 0.500104249 0.463073611 0.546638489 0.805121958
    1.46179867 0.815964222 0.879790366 1.20401382 1.50285566 1.54985106
    1.31508863 1.63123465 1.2041738 1.0322268 0.705004454 0.686392248
    0.869693875 0.868544579 0.459583431 0.555742204 1.1912607 1.80674207
    1.2679261 1.63295174 1.4371196 1.21629763 0.872725904 0.892362237
    1.08594108 1.30664182 1.69693589 1.71671855 1.35452199 1.25902462
    0.921107829 0.862825453 1.63430166 1.80884922 1.50233519 0.674627721
    1.24550247 1.59701443 1.35970414 0.995262086 0.537842572 1.12081897
    0.779414654 1.07661498 1.58991969 1.6004529 0.63830781 0.688126028
    0.703945935 1.11652958 0.837483883 0.953712583 1.69128573
    0.763249099 1.13986611 1.68511045 1.61877227 1.00280249 1.05056548
    1.13515806 1.12592757 1.15855563 1.52425385 1.32770669 1.6434443
    1.28928101 0.934300542 1.40538883 0.931106031 0.753160775
    0.824814618 1.83089244 1.7930125 1.3892591 0.819878101 0.858155727
    1.50729191 1.2221061 1.27794039 0.76799047 1.54875565 0.788752079
    1.56884766 1.34159946 1.47952211 1.05384552 1.17840803 0.824896634
    0.781652272 1.44362831 0.813867152 1.02112567 1.04171705 1.23675931
    1.49783909 1.54735076 1.12804687 0.685132742 1.11304152 1.26412165
    0.746301174 1.55847418 0.765075147 0.727091372 1.17291319
    0.772200525 0.816170275 1.27542865 0.833334267 0.826791525
    1.04668188 0.973339081 1.67144692 0.727543473 1.40493214 0.817878604
    0.987513125 0.69216603 0.728704453 0.457276881 0.519163072
    0.693123817 0.889059126 0.583261311 1.10368228 0.968019545
    1.28981745 1.44369948 1.10993469 1.56069839 1.3618468 1.38358164
    0.689267814 1.23824465 1.18647277 0.943833292 0.604589164
    0.563075423 0.723969996 1.46023834 0.768109977 1.32943678
    0.636584401 0.995410979 0.705760956 1.22557569 1.0123769 0.893178403
    0.957043946 1.35007906 1.55927289 1.78533494 1.57109344 1.71838319
    1.08346665 0.661728144 1.01653409 1.68484378 1.3181169 1.42259049
    1.00137329 1.23686182 1.35160351 1.28207779 1.09607315 1.6737088
    1.47011912 1.05316138 0.971542835 0.702315152 0.712047279
    0.939172924 1.46824801 1.00438988 1.53010726 1.4692297 1.7836076
    1.18406725 1.55025172 1.25393522 1.34375656 0.979896069 0.726038754
    1.5691607 1.58279777 1.40903986 1.3060559 0.899053991 1.66319191
    1.17577338 1.67752612 1.60791457 1.38596916 1.06605601 1.33857858
    0.949370205 0.616630197 0.858179092 0.5410586 1.33892238 1.537323
    1.59131432 0.710929811 1.18340063 0.636179686 0.762866855
    0.526118755 0.644618154 1.24395657 0.977497935 1.05761039
    0.870330811 0.876600921 0.794979036 1.0681529 1.60569084 0.855743587
    0.970108807 1.39112735 1.04424763 0.451260775 0.45648545 1.0487684
    1.36734736 1.01538944 1.05034876 1.14740825 0.838098645 1.4666754
    1.40662217 1.31072819 1.44023192 1.42370689 1.46889114 0.827888489
    1.65032685 1.27813327 0.762453079 0.756266356 1.55460835 1.10518825
    0.619576573 0.676978528 1.40781796 1.38999772 0.776700556 1.65324891
    1.24952543 1.08939433 0.899782717 0.866804779 1.11390328 0.52993077
    0.957500458 1.03913701 0.631853104 0.978258491 1.61669695
    0.821541786 0.785146534 1.59301579 1.76837492 1.37219298 1.61555767
    0.864442885 0.599972069 1.5825696 1.60000956 1.40758348 0.650196075
    0.758311927 0.895982862 1.46631038 1.69867873 0.961758971
    0.667676866 1.42185771 1.18026793 1.2736088 0.853340626 0.888007283
    1.68066871 1.18044722 1.08502185 1.43094265 1.04533529 0.876710057
    0.883489549 1.62649179 1.55379117 0.945692003 0.718394458 1.10715318
    1.65549505 0.712293208 0.802225888 0.728083134 0.948143899
    1.01976037 1.07908678 0.899910212 0.816394508 1.05818796 0.788422525
    1.2934866 0.735747159 1.20738006 1.59938872 1.24820542 0.907343388
    1.2347852 1.59840262 1.02067041 1.10234821 0.586187184 1.05263197
    1.09355223 0.781968117 1.03941083 0.818672717 1.00251627 0.791135848
    1.03921437 1.29911768 0.506647766 0.483605087 1.52400124 1.73467112
    0.781118214 1.09130466 1.44109344 1.39617467 1.40834939 1.07436192
    1.41821349 1.34351826 1.57210505 1.41771364 1.72125649 1.18378842
    0.852998257 0.944969833 0.589936674 0.845522821 0.488044679
    0.71977371 0.892463326 1.50968301 1.16139352 0.666161358 0.630151033
    1.09245777 1.7370497 1.04806376 1.32088113 1.26712489 1.28937447
    1.45080018 1.46496511 1.21317148 1.5343219 1.33909965 1.52056634
    0.635220945 1.44007671 1.32279003 1.38766003 1.81709278 1.7954073
    1.71617138 1.59302247 0.684890687 1.03561389 0.892937183 0.744094133
    0.615379453 0.645903051 1.43364215 1.01473308 0.634834886 1.10048425
    0.651049495 1.49171567 1.38509798 1.36213934 0.866620183 0.666131973
    1.13205183 1.63464224 1.81619513 1.81755781 1.43306363 0.908980966
    0.733832896 1.45426095 1.1629951 0.764556408 0.623911142 0.653480232
    0.876002192 1.32326353 1.19719076 0.85333842 1.4292841 0.714427769
    0.962378502 1.62108898 1.78688848 1.27793455 0.99509573 1.13821089
    1.3864907 0.926094532 1.12069714 1.33542824 0.759539068 1.35387671
    1.65562737 1.87421298 1.84768713 1.76131535 1.52099621 1.69848537
    0.823208988 1.4243288 0.859418571 0.397336811 0.591871321 1.62563038
    1.86223507 1.74583566 1.50455225 1.71436238 1.23706055 0.739442706
    1.30294156 1.23328304 1.36759877 1.06872451 0.566564202 0.580218315
    1.09042799 1.32933581 1.18812788 1.56613588 0.89378643 1.86129034
    1.50534606 1.61975884 1.38441551 0.891602159 1.52464736 0.823658347
    0.417819589 1.00028682 1.19384503 1.42522562 1.85216284 1.52258706
    1.0623244 1.58528936 0.610039592 0.81765914 0.959891379 0.656588376
    1.45529079 0.893702924 1.05045962 1.39999187 0.920026481 1.06365776
    1.18411231 1.11506009 1.58138418 0.727082551 1.38674307 0.449545711
    0.683834195 0.659177244 1.57357442 1.40744328 1.39585578 1.05785537
    1.22531497 1.6264509 1.71986914 1.40282249 1.15254164 0.648078859
    0.723946333 0.927930892 1.44243693 1.82790828 1.46890593 1.61910319
    0.681505978 0.852120936 0.930373549 1.09098363 0.683702409
    1.13345397 1.04774678 0.918672442 0.85566026 0.628691435 0.696070671
    0.601838171 0.818385422 1.13671708 0.675885081 0.846961379
    0.747309923 1.56221306 1.52184749 1.23164666 1.22235024 1.31285679
    0.959741771 1.0072844 0.675705969 0.627328396 0.70194304 1.50179017
    1.84914768 1.64248347 1.55741894 0.733584821 1.31275058 1.32974696
    1.75856435 1.65649509 1.13959289 0.66189009 1.29029346 1.19549263
    1.1849308 1.62742436 1.17047477 0.835027039 1.20128357 1.22249639
    0.75543642 1.12343788 1.38179529 1.50167286 1.17212868 1.14820731
    1.35425544 1.38692307 1.33990562 1.45126772 1.60504138 1.40075505
    0.768609285 1.3550365 1.66502154 1.16268075 0.786035836 1.30872881
    0.939339936 1.46258116 1.63075471 1.78887939 0.859419823 1.4050715
    1.23741949 1.48864412 0.696039319 1.09584069 0.552254379 0.609620214
    1.32853353 1.46694112 0.758797944 1.02039206 0.783453047 0.91360414
    0.834920883 1.04166257 0.765689909 0.758959174 0.694793224
    0.725352049 1.59971452 1.08847189 1.73558247 1.90055251 1.54854941
    1.78622437 1.70665681 0.96675396 1.03841031 1.00935411 0.867040157
    0.778245926 1.49070179 0.754425347 1.44279909 1.56171143 1.03128552
    0.963617086 0.577408493 1.10547233 1.05088568 0.568817616
    0.697230101 1.16399825 1.22995126 1.74670625 1.3800211 1.29863954
    1.39167428 1.79283702 1.33000779 1.76808619 1.72131705 1.47776103
    0.751087248 1.42747664 1.07994044 1.11591339 1.46790409 1.48332775
    1.67548895 1.62019753 1.57731831 0.966276526 1.62279022 0.846676409
    1.08841658 1.25094831 1.48943985 1.5613991 0.974878013 0.89569819
    1.31205177 1.06053185 1.64894712 0.806509435 0.797292233 1.07899129
    0.685894191 1.14857626 1.22522557 1.33489633 1.86532569 0.882943749
    1.69832242 1.1621753 1.27826858 0.844105363 0.833058774 1.18867636
    0.697965205 0.931017101 1.03931129 1.70608079 1.37385988 1.68125772
    0.997920394 0.979992151 1.41416073 1.42487621 0.775383294 1.3943435
    0.73118031 0.862130165 1.26867604 1.14695585 1.41679943 1.50190377
    0.841396153 1.29494047 1.53562546 1.64000952 0.871204853 1.67091417
    1.71582699 1.08904004 1.69822371 1.20552254 0.723194659 0.405171931
    0.801051736 0.977324665 1.35319829 1.75343561 1.21357846 1.20198429
    0.692132711 0.979463995 1.23858976 1.66203868 0.660464525
    0.634199142 1.21026444 0.618472695 1.42174351 1.44574034 1.67937732
    1.65361941 1.6595149 1.70918095 0.815573215 0.907203197 0.770225883
    1.44610572 1.08784509 1.10904586 0.412824303 0.502298415 0.898013711
    1.7181648 1.71777439 1.36595476 0.783706486 1.47920394 1.06194139
    1.40096152 0.587549686 0.506845832 1.0217061 1.25401866 1.14223707
    0.550985634 0.785991728 0.656987846 1.20736861 0.99651438 1.08470511
    0.613784552 0.660360992 0.867495716 0.829630375 1.6527797 1.57695949
    0.78888309 0.975325525 1.04713511 1.3311013 1.59074306 1.14038014
    1.34047389 0.920008719 0.787597358 0.899367809 1.57253826
    0.874431193 1.81461549 1.67541552 1.02566683 1.33910823 1.12472677
    1.36052692 0.622879744 1.36493897 0.663127482 1.08154321 0.751499474
    0.812410057 1.44114566 1.74358439 1.63722122 1.37654245 1.40748739
    0.68836081 0.781231642 1.26579213 1.08394206 1.29189396 1.69148564
    1.72341144 1.39584911 1.64080298 0.757113218 0.698842645 1.18143797
    1.10081208 1.75691259 1.18849945 1.21735895 1.30264115 0.990503252
    1.70238268 1.50129223 1.6198405 1.58895457 1.32221663 0.972592354
    1.64271569 1.57725644 1.57344413 1.62459302 1.4257257 1.56198359
    0.980171919 1.04646504 0.613568902 0.593855858 1.26856184 1.29200685
    1.13600349 1.04437923 1.1252594 1.41840422 1.08016264 0.646766722
    1.02891231 1.28535581 1.54729176 0.965717554 1.51629674 1.30584097
    0.941629529 1.48614216 1.58063567 1.54283738 1.29133594 1.55457437
    1.2170043 1.50115395 1.38204026 1.41528988 1.11504328 0.555702329
    1.39700317 0.606122255 1.08034182 1.05601585 1.48040223 0.641951561
    0.738713741 0.578073263 0.968394279 0.725646496 1.5794245
    0.986439347 1.00110841 1.3419646 1.38169563 1.14443862 1.68175972
    1.56629145 1.62374949 1.12125778 1.15027714 0.828837097 0.654634356
    1.35575128 0.635056615 0.604332924 1.24460888 1.53870285 1.2766161
    1.4731214 1.28854835 1.15844762 1.48984456 1.05144143 0.757181346
    1.09970474 0.614290714 1.51085353 0.91516608 1.14679563 1.22091186
    1.29103386 1.24045372 1.44117534 1.83987749 1.37278008 1.16069818
    1.44965684 1.03428733 0.658339322 0.63391459 1.57222033 0.841992497
    1.27213585 1.52553368 1.30948889 0.793979943 0.751987636 1.55119765
    0.914702475 1.48726964 1.20330834 1.40135336 1.65474474 1.42530537
    0.940871119 0.836975515 0.814546824 1.42830598 1.62401855
    0.881887436 1.47498655 0.933658481 1.64644206 1.02617335 1.17457175
    1.70328677 1.7570163 1.15491271 0.882725835 1.09666002 0.700241268
    0.955375493 0.59916693 0.963183403 1.09855056 1.23177671 1.08813155
    1.21105671 1.39712 1.57569194 0.857310057 1.13910294 1.15645266
    0.671631515 0.742798805 1.10601854 1.59838593 1.0279119 1.45877659
    1.13806677 0.965143204 1.64847875 1.73770559 1.36505485 1.00184357
    1.02625895 1.4514221 1.64075983 1.58106291 0.9373492 0.930607855
    0.51167208 0.802253604 1.40150046 1.16522467 1.23167098 1.18449843
    0.771912873 0.708889842 1.57760012 1.59404469 0.632522941 1.14791346
    0.926034749 0.563409328 0.861059964 1.14466834 1.3841275 0.606929421
    0.666888237 0.828687847 1.08991063 1.35370862 1.43298566 0.879291415
    0.949200571 1.03638494 0.556926847 0.47724402 0.472371995 1.41435719
    1.31842279 1.16844678 0.74834758 0.697329998 1.3219564 1.20259416
    0.667832971 0.414687634 0.427763999 0.603637338 1.29133427
    0.629718602 1.1753788 1.41921639 0.557392299 0.750967503 1.00905478
    1.02922165 0.884397328 1.08195722 1.06004739 1.02520347 0.627587914
    1.53781378 1.63189864 0.997513831 0.570376575 0.828009605 1.01059663
    1.19920743 1.09381735 0.629037857 0.521084487 0.994856954 1.20525622
    0.650662303 1.24755251 0.860184848 1.48902905 1.17271829 0.801542699
    0.785787225 1.22067189 0.555748045 0.883934438 0.548227847
    0.948121667 1.01908541 1.42179966 1.50011206 1.68761528 1.20080912
    1.55362761 0.932291389 1.5396601 0.838324249 1.11483097 1.3052609
    1.07978404 1.24960649 1.35969758 1.58196795 1.14125252 1.49396956
    0.786494493 1.70614386 1.40691698 1.37051141 1.14970231 1.66898215
    1.00241852 1.69660509 0.706632316 1.60775673 1.46848738 0.947125673
    0.860167444 1.13644493 0.757154047 0.570738375 0.937728763
    0.608940959 1.45351565 1.49438262 0.75412488 0.631885052 0.606416106
    0.810102761 1.47986603 1.62854898 0.855150819 0.895659745
    0.963488936 1.31577075 0.511912227 0.650023937 0.866897464
    1.06620431 1.55148649 0.787107587 1.52415955 0.823996782 1.35461247
    0.981890202 0.873310328 0.760313928 1.59928119 1.37374711 0.8183797
    0.837662458 1.47020686 1.27305734 0.811764121 1.30914187 0.868436098
    1.20005107 1.63632572 1.45709252 1.68567407 0.762779534 0.610863626
    0.742198229 0.770520747 0.884108901 1.35282326 1.52312112 1.24672067
    1.63575101 1.72221708 1.61057377 1.02239847 1.06855488 0.968738556
    1.51966274 1.18558705 0.909487009 1.39793682 0.643469691 1.36226487
    1.30888617 1.50766349 0.842876673 1.57914567 1.25467134 0.883511245
    1.69689882 1.35257447 1.23546803 1.38478422 1.58152044 0.620586872
    1.07221925 0.822029471 0.691988289 0.626554251 1.02589107 1.56808412
    1.10876179 1.84403646 1.11321604 1.26162505 1.50838256 1.06360555
    0.772409678 0.74311775 1.18866265 1.33133936 1.52920794 1.76093948
    1.41540885 1.26192653 0.989159167 0.605342746 0.638448536 1.33984184
    0.957768202 1.65568125 1.13285434 1.19571126 1.33909273 0.854909241
    1.70760179 1.36444843 1.73251307 1.21774852 1.63210428 1.57976711
    1.60373092 1.01840806 1.384184 0.900375843 1.72167134 1.05843568
    1.10566509 1.16498911 1.11143959 0.554615676 0.719183445 0.584689021
    1.33311248 0.682748675 1.09479809 1.48132598 1.75024831 1.60344028
    1.70411146 0.796136439 0.748699367 0.705940783 0.593460679
    0.784097731 1.48177171 0.917530417 1.53196049 1.58244026 1.71806443
    1.72633481 1.39665723 0.982652485 1.67613089 1.44141877 1.1315515
    1.25176728 1.55484092 0.641299546 1.05398691 1.44304168 1.07668233
    1.46642494 0.730092049 1.19050598 0.930002868 1.03823495 1.46217144
    1.65765941 1.11667395 1.14264977 0.805283725 0.589636445 1.40703547
    0.670589626 1.54437292 0.907007635 0.496729791 0.771441221
    0.520683408 0.528854251 0.671212494 1.46464634 0.853721499
    0.796167731 1.51735973 0.621687114 0.92192632 1.00810277 0.973564684
    1.75785804 1.69318712 0.595380843 0.771167278 1.62142861 1.57923818
    0.753934741 0.580901146 0.490606576 0.632830143 1.20853162
    0.706545055 0.857993782 0.820233524 1.09848273 0.73492384 1.57908177
    1.61008 1.44643867 1.5609833 0.742703736 0.792578876 1.61098003
    1.03028727 1.76171267 1.3613317 0.674296141 0.500623763 0.673273623
    0.898277342 0.950944126 1.11247659 1.16295481 0.801901758 1.61644566
    0.952372491 1.21947706 1.44156051 1.30579579 0.800880671 0.824697733
    1.19388855 0.803337038 1.21338427 0.692800939 0.848833501 1.51602674
    1.07035553 0.948669851 0.996524334 0.802663147 1.1659236 0.938693225
    0.976173818 1.74261582 1.47329998 1.35308695 1.17444694 0.866817355
    1.26620471 1.47464609 1.25400698 1.3898555 1.61411858 1.35251749
    1.73922622 1.65448868 0.772392809 1.49042499 0.988263488 1.73105931
    1.03470707 0.915673733 0.652216911 0.781768262 1.05913067 1.03712749
    0.639356434 0.537816584 0.692901194 0.859487534 0.606877923
    0.869760096 0.834002018 0.56403774 0.724691153 1.15525317 0.59898454
    0.835402071 0.863614321 1.43812251 0.546190679 0.807768703
    0.561624825 0.779553652 0.623035371 0.978595734 1.02986503
    0.750115037 0.857872069 1.09252501 0.681646526 1.01037133 1.13972235
    0.958653629 1.05483663 0.920819938 1.23077369 1.07881904 0.909600914
    0.712672055 1.32661688 1.09374869 1.25201106 0.839264393 0.882488549
    1.29751885 1.50314832 0.720074475 0.906765044 1.05488765 0.984019935
    0.727896988 0.984012842 1.70502234 1.02837574 0.826323569 1.15612996
    1.15428019 1.61233187 1.16845381 0.832128167 1.29507637 1.24188387
    1.53442228 1.34483981 0.893367231 1.70700574 1.30093968 1.73094261
    0.696029425 1.08185458 0.954917908 1.64463401 0.770715177 1.19431615
    1.40418875 1.69800746 1.67108274 0.743509948 0.789547026 1.54946339
    1.6417408 0.824493289 0.736195564 1.2331214 1.17448914 1.25267398
    1.72369087 1.21845448 0.810654938 1.15350115 0.684129596 1.33402991
    1.28581893 0.997563779 0.75223738 0.69619602 1.00719869 1.29649842
    1.66992819 1.05026555 1.49734211 1.23993254 1.30678785 1.75179183
    1.44327974 1.2318548 0.619227946 1.3995918 1.48319936 1.87311268
    1.05670404 0.723193765 1.11582053 1.6251595 1.17333078 0.835280001
    1.56503665 0.699303031 1.58912206 1.65669298 1.27680063 0.912833095
    1.57240617 0.925690532 0.864387214 1.35413218 1.51391912 0.730934262
    1.61508143 1.01406634 1.15997589 0.868847966 1.45478022 0.93007654
    0.741854906 1.17074788 1.11080003 1.39130628 1.74792087 1.207726
    0.836097121 1.053725 1.04200435 1.01225555 0.964015007 1.17550552
    1.5422014 0.803971708 1.10667574 1.40527534 1.14953721 1.30657911
    0.59794271 0.795772195 1.57112825 1.56862068 1.28137207 1.34648287
    1.63458872 1.53671515 1.55489814 0.862748921 1.11789691 1.34265709
    0.587602794 0.640772104 1.51781487 1.51030469 0.769274712
    0.448402852 0.451500088 0.430936605 0.929356992 1.49587965
    0.510544181 1.0835942 1.26770175 0.945094526 0.728583276 1.39904165
    0.765307486 0.840450048 1.68261623 1.66307378 1.76530766 1.71552646
    1.04889405 1.0446552 0.978945613 1.32565749 0.947134733 1.02724576
    1.3135221 1.00453353 1.32714605 0.789769828 1.51470447 1.23630977
    0.888803005 0.639670253 1.55123782 1.58414936 0.769399941 1.46771514
    0.802440703 0.845291257 1.41167176 1.20184469 1.84902382 1.32900488
    1.58648598 1.35061538 0.508974969 1.15884125 1.11944211 1.19009423
    0.559892654 1.39497364 0.717542827 1.34744322 0.664529443
    0.599508107 1.50301301 0.603094697 0.798004806 0.780883074 1.016258
    1.51403534 1.13825512 0.716388464 1.11082411 0.745851815 0.861939073
    1.39507568 1.54910791 1.40127909 0.650260866 1.6677568 0.981739998
    1.56007671 1.21626508 1.05215824 1.59184635 0.910006404 1.07556593
    1.05761218 1.0977478 1.78619742 1.63046849 1.58274734 0.755470037
    1.08678985 0.977830768 1.4090091 1.26316202 1.14617479 0.66205579
    0.627178311 0.553896248 1.65771556 1.54093456 0.700674772
    0.807020903 1.06606042 1.38547349 0.833148539 1.12964487 1.5909611
    0.914265096 1.23993993 1.49568844 1.59368443 0.765337467 1.41408503
    1.48502958 0.515082717 0.556897402 0.663848519 0.674638927
    0.875115633 0.932955742 0.644644976 1.31235254 1.27274466 1.14424157
    0.6531654 1.26630652 0.805571377 0.811957181 1.39088213 0.598034501
    0.929193914 1.40731561 0.959405363 1.51843941 1.16557825 0.553449988
    0.77292484 1.42428792 1.66311526 0.73287195 0.67075789 0.961899042
    0.972281992 0.517677367 0.813921809 0.524818003 0.980994105
    1.58902574 1.73368824 1.79650354 1.48776257 1.12562597 1.34176612
    1.63052917 1.14201391 1.71693969 1.39669383 1.50786567 1.7705406
    0.984951496 1.65195966 1.74962175 1.72694993 0.73846209 1.0806005
    1.5515486 0.836773455 1.4973501 0.837674499 1.26596916 0.989824891
    1.67377007 1.18043005 0.943392217 1.53368843 1.40944266 1.27148759
    0.737047374 1.21721339 1.27976227 0.777108014 1.08898377 1.66474748
    1.61519098 0.800096393 1.39439404 1.64607251 1.23404288 1.35742545
    0.620657504 0.375067502 1.2038306 0.666750968 1.4472518 1.79894125
    1.11907434 1.79241419 1.42755544 1.19290316 1.62573433 0.635541677
    0.625117362 1.70376265 1.86316693 1.55222237 1.73787463 1.45183456
    1.40468073 0.884855032 0.584752738 1.30813146 0.498253703
    0.592123687 0.581905186 0.692512214 1.34976184 0.741265893
    1.13058245 1.35618389 1.43085766 1.04578364 1.6621685 1.66137815
    0.820750654 1.09146941 1.53888142 1.43507338 1.15194607 1.42491043
    0.715777934 1.44925106 1.11074245 1.69096732 1.23897338 1.73649538
    1.44293559 0.67274034 0.550600469 1.27972794 1.11503613 1.54660892
    0.858932316 0.640654862 0.890105069 1.62451708 0.958367765
    1.50221479 0.791238606 0.847461045 0.937527776 1.06003141
    0.904734194 1.10705316 1.03896058 1.6908555 1.53512561 1.36746609
    1.30212355 0.835002482 1.21145666 1.08348417 0.890912056 1.49264944
    1.4395318 0.484990686 0.553637385 0.730993211 1.07081401 0.619028032
    1.3507266 1.01637268 0.863883436 1.63670528 1.33407044 1.05546594
    1.0232681 1.71209073 1.35031927 1.79552591 1.07889497 1.03902519
    0.575753868 0.691902339 1.03192747 1.7248894 1.27176929 1.35985255
    1.21449232 1.65874922 1.33096886 1.71907628 1.04405797 1.30939901
    1.40182364 0.626738012 1.09959185 0.748759151 0.690265 1.27028823
    0.792019963 1.10484672 1.53871691 1.42064393 1.6382823 1.34263361
    1.00701034 0.650465429 1.15792346 0.728596687 1.07630479 0.601576626
    0.839639962 1.43812621 0.898336828 1.03538573 0.506264806 1.04740584
    0.489415437 0.577653885 1.38647258 1.3481673 0.699196815 1.76069486
    1.77146423 1.38642228 1.59859037 0.960630059 1.25200236 1.42076778
    1.61626005 1.30590534 1.25486088 1.34299374 0.716907501 0.874694645
    1.0279963 1.56210077 1.33235097 1.60711801 0.770173192 1.23066342
    0.71198225 1.22905552 1.18268645 1.0122757 1.50956666 1.22590959
    0.963047624 0.964026392 0.800102413 1.26018727 1.35088396
    0.877399445 1.02668762 1.11946571 1.61513758 1.31492066 0.653484702
    1.34294629 1.71854877 1.10152209 1.65839112 1.04687142 1.35327089
    1.08030319 1.48543537 0.957021832 1.73342812 0.968050539 1.23437977
    1.2540617 0.812981904 0.726061761 1.44759917 1.36370647 0.762055755
    1.10822082 0.793960214 1.41869748 1.1979785 0.739243507 1.71102822
    1.18374527 1.69675136 1.2447089 0.976187885 1.01913667 1.58252549
    1.24585772 0.63816911 1.26874077 0.671256721 0.975154221 1.59799027
    1.15958309 0.667577803 0.869252026 1.23132658 0.764218569 1.01475775
    1.50957727 0.661657333 0.914530218 0.995934248 1.47229898 1.38054264
    1.75606465 1.41940129 0.926333666 1.08255374 1.51035762 1.47504306
    1.37353063 1.0882442 1.58141947 1.72170818 1.61958873 1.05629635
    1.67430758 1.3151263 0.661814034 1.00624251 1.55520499 0.799864173
    0.634576857 1.27318203 1.32688928 0.733589649 1.51111531 0.869939923
    1.43291783 0.808554411 1.46197081 0.807925761 1.41631043 0.750117362
    0.925797999 0.666556299 1.22529292 1.29783821 1.07512987 0.709350824
    1.16278243 1.05680943 1.15315092 1.31330478 1.05741155 0.519053936
    1.46720827 1.21192563 1.82670772 1.36698532 1.41840935 1.12083364
    0.665295243 0.833549559 1.33892059 1.26473486 0.86198312 1.6502738
    1.65270865 1.12993753 1.7551136 1.18225372 1.57902181 0.877829254
    0.876606226 0.755770922 0.523257554 1.49667275 1.16377759
    0.991612375 0.941735625 1.16727698 1.01235473 0.951280832 1.80414999
    1.50875926 1.0958966 0.569472551 0.717509806 1.30438483 1.42938364
    1.53099489 1.10420263 0.852318525 1.33243334 0.699725389 1.6137836
    1.56810856 1.59297216 1.40752017 1.42459607 0.732964158 1.17121935
    1.78055072 1.63748503 0.764898658 1.18575859 1.45405519 1.07556438
    1.37037969 0.619244039 0.833442748 0.923943222 1.29996133
    0.998508215 0.570451677 1.03019059 0.810762346 1.43938112 1.17829323
    1.33443666 1.56376243 1.25492597 1.21262932 0.974522233 1.45586836
    0.897102058 1.11083877 0.391048521 0.525681973 1.03208041
    0.481827646 0.647103012 1.39119291 0.815185606 0.806215465
    1.26974976 0.989054203 0.853313744 1.6351161 1.37616837 0.830274165
    1.3907398 1.76693726 0.7017169 1.33090913 0.758037508 1.4663161
    1.38070941 0.813102245 0.516027272 0.608127296 0.893360853
    0.866759717 1.75575089 1.52927101 1.69257033 1.10411215 0.529259324
    0.871187866 0.795587599 0.945658386 1.40870202 1.53236377 1.2383976
    1.21977472 1.37337029 1.65181684 1.72951257 1.75230908 1.29265046
    1.6901654 1.1983912 1.55844581 1.12305093 1.03189909 0.841839254
    0.879287064 1.27423298 0.54503268 0.993779242 1.05117202 0.441755563
    0.485405952 0.805209935 1.4115175 1.66818309 1.49207485 1.66536438
    1.2092309 1.68585968 1.69672537 1.28070784 1.4772352 1.54742479
    0.921117783 1.70952892 1.76006114 1.51371861 1.50280106 0.657396853
    0.708982766 1.66742623 1.5978092 0.997307777 0.807879686 1.55776882
    1.40684056 1.19292021 1.60300481 0.964075863 1.10370386 0.710273981
    1.33946013 1.2171675 1.79002404 1.01592052 1.06954014 0.798369586
    0.87196821 0.80659622 0.944121957 1.40248132 1.12445009 1.32761085
    1.10460961 1.41683102 0.924397469 1.65982413 1.68972492 0.850992382
    1.52786314 1.67878854 0.786592901 0.640357077 1.31207812 1.30448496
    0.851779282 1.04227877 1.75195634 1.56028545 0.682228804 1.18645883
    1.12749946 1.55190122 1.67327392 1.74074328 1.40217447 1.67653286
    0.772458196 1.48163497 0.91909188 0.742305994 1.23942196 1.15090954
    1.24748814 0.949367166 1.70995414 1.03000104 1.34789813 0.574261308
    0.566680193 1.03841448 0.877145171 1.36129105 0.956015527
    0.660202563 0.793496251 1.52612317 1.763973 1.89536238 1.69916475
    1.49868679 1.62036538 0.917876601 1.31336296 1.19370735 1.70728278
    1.84450293 1.53909504 1.70090032 1.30450201 1.44541371 0.914852321
    0.853374422 0.528308809 1.01282036 1.32734442 1.07656825 1.5036906
    1.28606761 0.950418234 1.10506284 0.613556147 1.48224187 1.76977384
    1.44074571 1.54635322 0.640921474 1.37504184 0.709055603 1.16104758
    1.34261322 1.79336059 1.62707865 0.897933364 1.53451633 1.38178086
    1.11958599 0.533378482 0.873248398 1.01068366 1.26336896 1.28828061
    1.60795069 1.15303493 0.862675846 0.971548021 0.796929836
    0.711897135 0.51508069 0.595169008 1.57333207 1.83357096 1.87172639
    1.66795003 1.13184476 1.4538554 1.69781733 0.665844917 0.868134797
    1.03183651 0.750763476 1.22438705 1.59368384 1.23368204 0.587777555
    0.670816004 0.769665539 1.07700253 1.56800246 1.25202811 0.726633489
    0.861548364 1.40627038 1.63495409 1.45501518 1.27345574 1.09448493
    0.702181816 0.925369024 0.720766664 1.58845186 1.7509371 1.40870476
    1.53209174 1.54454696 1.76955581 1.40277255 1.54972589 0.757268071
    1.72268653 1.43992972 0.746525109 0.630132198 0.518836081
    0.918555975 0.926208079 0.746584713 1.20618176 1.35333979
    0.716508806 0.840179086 1.45753574 1.24464989 0.787128568 1.30623591
    1.27747011 0.875793338 1.17899764 0.702910721 0.921806872 1.13111079
    0.522253692 0.714315534 0.407640696 0.508581161 0.619936228
    0.703345895 1.12313557 0.583612382 1.40454519 1.22323716 1.316329
    1.16439319 1.41907907 1.10624087 0.871317387 1.70829105 1.46537614
    1.64733696 1.58635998 0.979696989 1.58766997 1.65712881 0.909798622
    0.554721475 0.778088212 1.01832104 0.850697517 1.11986506 1.7908299
    1.58445084 0.743694365 1.10152745 1.4203676 0.631491303 0.513190866
    1.01240683 0.806639791 1.29642856 1.59652054 1.27558005 0.854122698
    1.5300318 0.838125527 1.59628093 0.758476079 1.146806 1.48042178
    0.943887651 0.944529116 1.19073415 0.892393053 0.998666644
    0.817571223 0.666953921 1.08727753 0.593815207 0.656750143
    1.04552138 0.881646812 0.824822664 1.88275361 1.87537086 1.30806339
    1.33531106 1.79095757 0.909205019 1.28618741 1.69360137 1.50551319
    1.49902201 0.941991448 1.66926372 1.13972294 0.64446342 1.07757676
    1.64300954 1.60793984 1.48789775 1.25841129 1.22423458 1.19083023
    0.784297705 0.802739322 1.50636065 1.35587311 1.35451043 0.849215686
    1.53882253 1.74697196 1.22882903 0.857960761 1.54971659 0.560995817
    1.17179585 1.02198172 1.25014758 1.14831042 1.37792683 1.1024071
    1.22906029 0.957203686 0.713618755 1.51246023 1.49459839 0.938818455
    1.0890156 1.06126249 0.604725659 1.39795339 0.52346772 1.3380456
    1.25399387 1.1563946 1.76294768 1.5300411 0.860411704 1.40413725
    1.58503199 1.51477218 1.2674948 1.33239698 0.677906156 0.622348666
    1.20362508 1.49993074 1.59658241 0.828811228 0.882626414 1.64983618
    1.40115702 0.913471937 1.50705862 0.7977373 1.52711308 1.14863265
    0.624947727 1.40317631 1.44065237 0.788721263 1.09046173 1.56752872
    1.83170831 1.72144055 1.46147883 0.795346737 0.975257337 1.19339585
    1.56431866 0.808459699 1.21570575 1.13699138 0.742878199 1.54032516
    0.794708073 0.918920159 0.825189233 1.31403947 0.947703004
    0.870589256 0.914659739 1.4700619 1.42313004 0.692476153 1.45754552
    1.16747487 1.60184753 0.62861383 1.28319931 1.25929129 1.25379181
    0.733706713 1.02886319 1.08928609 1.72337234 1.72285771 1.57986832
    1.66137528 1.65173841 1.65831566 1.74392855 0.765919149 0.928781331
    1.09644008 0.456098944 0.430152595 0.657234609 1.10112596 1.76099241
    1.33532357 1.45774078 0.900299609 1.22739947 1.28138089 0.802538931
    0.763106406 1.39475346 1.02713692 1.31501257 1.83127725 1.56536543
    1.80391967 0.799916506 0.985801041 1.55721378 0.983647645
    0.529646456 1.21328998 1.32698393 1.26318097 1.43982685 1.01780474
    0.679440081 0.988109648 0.880872607 1.092399 0.580380619 1.65785193
    1.40390301 1.5160147 1.67132425 1.37319779 1.41728246 1.33864439
    0.526893377 0.985595763 1.12794924 1.7822789 1.4440285 1.42456985
    1.67754304 1.04625511 1.77527618 0.880700827 1.58478904 1.36326015
    1.28304291 1.12114966 0.760641158 0.805315197 1.51947379 1.58252966
    1.23114073 1.18955648 1.37292004 1.21936786 1.03823936 1.55767202
    1.30588627 1.10021544 1.40856254 1.08369899 1.18416691 0.645633817
    1.12332249 1.06112945 0.781899452 0.930951536 1.06859779 0.820277691
    1.43061829 0.816259027 1.50901365 1.1674999 0.505175889 0.736266911
    0.836369455 0.797829092 0.853341103 0.994951665 1.58364606
    1.76716006 1.35922158 1.02344823 1.37426007 1.30611408 1.06905401
    1.51470387 1.12920702 0.832065165 1.23803914 0.627338886 1.50478053
    0.713068426 0.646652222 1.35663021 1.15751052 1.19401348 0.612811685
    1.45615435 0.923791885 1.06474495 1.4150393 1.61949754 1.18487418
    0.635911644 1.68123889 1.47281682 1.38193047 1.25335705 1.10949886
    1.24126124 0.853737831 0.518830538 0.621771753 0.80859673
    0.777577281 1.11201262 1.48461008 0.986639202 1.59568763 0.676422775
    0.537091136 1.2621361 1.54368556 1.78164864 1.19737935 1.86439013
    1.68282175 1.31771541 0.834031284 1.71563661 1.59223759 0.658939123
    0.586086333 0.757805645 1.20176947 1.58229756 0.635829806 1.4185884
    0.744868577 1.62440181 1.49468577 1.40892649 1.07772219 0.715989053
    1.58610344 1.28009784 1.63797987 1.51075828 1.30744469 1.14597869
    0.729097188 1.41362488 1.07506335 1.25078297 0.683032155 1.32890785
    1.15693951 0.699925363 1.26948166 1.56518912 1.16038465 0.946623743
    0.656445444 0.888027549 1.55561376 1.4266957 1.19446206 0.767449975
    1.4490608 1.02238929 0.630795181 0.597677588 0.923744142 0.608904064
    0.451082885 0.557741404 1.6849376 1.3540957 1.2252878 1.77937341
    0.818091512 1.16497242 1.50050545 1.5514518 0.792386472 0.945216656
    0.555770576 1.43600011 1.3031702 1.69307458 1.81519759 1.53713202
    1.64708889 1.66663027 1.13366258 1.56273448 0.632589519 0.67561841
    1.36940551 0.776646495 1.61606526 1.57878256 1.19910026 1.33329928
    0.755267322 1.46735919 1.43013477 1.40540278 1.46188664 0.711235881
    1.22316813 0.662827134 0.636944294 1.63981891 1.27057254 1.12260747
    1.24102271 1.12517297 1.51832438 0.950233638 1.42885935 0.656474888
    0.820984304 0.638557196 1.06680298 0.64021337 1.10706675 0.868201196
    0.720454037 1.58039331 0.785066843 0.718380928 0.605106652
    1.40640759 0.807322502 1.24207079 0.676053941 1.21891844 1.64356387
    1.18564379 0.976128638 1.6422689 0.902391911 1.27722025 0.986711025
    1.33591104 1.44930482 1.34979928 0.875201702 0.59848845 1.54207969
    1.36375356 1.87083566 1.16404378 1.23466015 1.78659713 1.60628164
    0.964089692 1.51608098 1.25058711 1.5067004 1.47079492 1.74605167
    0.918230057 1.52232397 1.33017516 1.16220915 1.23528433 1.71419227
    1.3047322 0.649555385 0.500361502 0.981737018 1.20264649 0.745023966
    1.08352458 1.66321898 1.60323989 1.27474988 0.678777277 1.33918047
    0.730789721 1.70098627 1.29926813 0.679954529 1.59084475 1.32045603
    0.643955886 0.901296496 1.67623258 1.33998489 1.6405524 0.768803239
    0.768339157 0.663915098 1.22300971 1.60872829 0.711004615
    0.643753648 0.68385303 1.69481432 1.10447991 1.22354579 1.08843791
    1.12203336 1.39457762 0.708325207 0.706343055 0.914803207 1.14673996
    1.12985218 1.25126684 1.10478866 1.05198026 1.50576377 0.90082556
    1.20021498 1.16552866 1.09463549 1.15250731 1.15407574 0.580959082
    0.552197874 1.36525369 1.18883359 0.885877967 1.19778109 1.47308433
    0.778960049 0.679157436 1.12820816 1.17665732 0.880918503 1.12165749
    0.704310238 1.60405326 1.1384697 1.67222524 0.76096338 1.63006377
    1.80512846 1.58564258 1.57273948 1.71095753 1.69322014 1.54458714
    0.564016104 0.836450696 0.518156946 0.668572724 0.972997367
    1.48068428 0.68403244 1.47094619 0.59766078 0.591219485 0.756945014
    0.880777597 0.653973937 0.922681332 1.13268387 1.42742813 1.16358387
    1.08526087 1.25872111 1.10104251 0.915460467 0.76859796 1.48340142
    1.4720763 1.31253064 1.81607604 1.34272182 1.71527267 1.00095069
    0.597478926 1.4621942 1.34419847 1.51848435 1.80631471 1.88972127
    1.69158089 1.41530907 1.35098028 1.02893293 0.629972458 1.23413515
    0.77495271 1.49845409 0.902150512 0.622233331 0.710822165 1.08062363
    0.684872448 1.37470782 1.74923325 1.68860137 0.93313545 0.667431951
    0.894742131 1.2830677 1.01279938 1.17013836 1.72769248 1.30149055
    0.782805324 0.911660194 1.04699612 0.680976331 0.545210123
    1.14775121 1.20761752 0.94177568 1.29636693 1.63416386 1.46104276
    1.06235719 1.12509561 1.30019557 1.49567795 0.991854846 0.787524819
    1.69021738 1.0284307 1.73486865 0.873371899 0.786441386 1.25088584
    1.28377604 1.00225163 0.557963789 1.53512251 1.06496787 1.24909425
    1.18605876 1.631127 1.38118422 1.3245852 0.816363454 1.49165177
    0.758087099 0.645532966 0.57714051 1.59534335 1.24734986 1.62838769
    1.61129487 1.53176451 1.48935878 0.786775947 0.758556545 1.01235998
    0.848196089 0.875318408 1.72353113 1.819278 1.48387587 0.864200354
    1.2260232 1.28532803 0.651204824 1.38782752 0.864694893 1.05646574
    1.047382 1.53531802 0.725172639 0.872704744 1.56797564 1.26078379
    1.23245764 0.862496138 0.944657862 1.71779227 1.4888978 1.7175889
    1.74102354 1.43530655 0.798839152 1.15900004 0.971874118 1.3914566
    1.11066902 1.1504252 1.71337199 1.04295206 0.820603907 0.568730533
    1.26645398 0.645728946 1.44854307 1.77614295 1.42064941 0.658317447
    0.905646563 1.22076774 0.896407843 0.863210082 1.48964334 1.55393398
    1.77162826 1.73015857 1.61242974 1.46835434 0.411882073 0.812514901
    0.618808031 1.64986157 1.34812784 1.87501347 1.31963718 1.72927129
    0.929598689 0.744959712 0.52217716 0.721984684 1.70884752 1.4929496
    1.60709047 1.4135381 1.67435467 1.8401227 1.49795401 1.53401661
    1.55365348 1.5094676 0.697241545 1.36810052 0.575729966 1.33115625
    0.745640099 1.61422431 1.44990003 1.13381195 1.79518533 1.54515374
    1.57257819 1.36315942 1.05350006 0.624617815 0.546591759 1.35555649
    0.660706103 1.3510673 1.74873447 1.78148437 1.81953061 0.834649265
    0.895369411 1.11206818 1.37750566 0.688096404 1.4779309 1.60088611
    0.703632116 1.46792293 1.08639872 1.71583617 0.958077431 1.68664503
    0.683724821 1.3622154 0.658485174 0.888334155 0.99475342 1.04147208
    0.875558734 1.3123641 0.853624344 1.59972811 0.709371448 1.71080852
    1.58080113 1.72180152 1.35975349 1.10486042 1.21663356 0.529591441
    1.33208108 1.00068128 1.06711519 1.23846662 0.802142382 1.57543325
    0.681461871 1.3879602 1.36961865 1.63548005 0.774336815 1.38614321
    0.57294482 1.2024864 1.55621266 1.62665629 1.05890536 0.762994945
    1.32014036 1.71292281 1.57321262 1.3102417 1.83288646 1.41234016
    0.820216238 0.558655381 0.389439106 1.00576651 1.17521489
    0.870692551 1.59184229 0.613101602 1.10588276 0.844981909
    0.582650721 1.2431761 0.556191802 0.859480798 0.815592408
    0.758394003 1.39571893 1.60734546 1.48237896 1.06839848 1.32830071
    0.78782773 1.51281571 1.53053129 1.5056113 1.49933076 1.53629351
    1.4475044 1.07875955 1.66843581 1.00430322 1.10000026 0.97929734
    1.80663669 1.39595079 1.36853504 0.691456735 0.783118427 0.95344615
    1.21026051 0.67524004 0.603146076 0.731168091 0.864690721 0.63383168
    1.13689947 0.998872757 1.05834639 1.70082772 1.65727901 1.01088524
    1.35840929 1.6509825 1.33562469 1.34113872 0.831952572 1.50992131
    0.690585673 0.929358065 0.564635992 0.693585753 1.09710979
    1.50724614 0.950248897 1.14982235 1.70577717 1.09107423 1.07238626
    0.916340828 1.26399159 1.31771863 0.641566515 1.40176523 1.16985226
    0.678367615 1.60338759 1.34466505 1.20352292 1.70427561 1.64301395
    1.5876255 0.928623319 1.38196206 1.10245848 0.718319595 0.763189495
    1.10418558 1.12999034 0.906055629 1.29308271 0.669554174 0.550283849
    0.764055848 0.76053369 1.1286031 1.10163617 1.1656028 1.1344502
    1.54349852 0.955609381 0.94502759 1.37710881 1.49997139 1.44299102
    0.636633039 1.47639441 1.61457872 1.30621111 1.47801149 1.33586454
    1.50043869 0.743441582 1.16105092 0.952055633 1.1235379 1.07873309
    1.55884528 0.831418037 0.950999081 1.40417695 1.47805047 1.57004333
    0.791732192 1.48006403 1.60090673 1.11082518 1.35046279 1.69854593
    0.707331181 0.690195203 1.28327835 1.35683763 0.934719086 1.47270095
    1.04347992 1.59575605 1.24674988 0.844240487 1.82161868 1.88475728
    1.38696492 1.0658828 0.874938309 0.659076512 1.11878812 1.83403385
    1.1190722 0.728982866 0.907744944 1.52439642 1.01000178 1.66158903
    0.892272532 1.1824702 1.59896874 0.945273519 0.773457944 1.11873257
    0.482871801 0.993231595 1.16582716 0.731051147 1.71816504 1.70466435
    1.66312242 1.66687799 0.687693894 1.21258736 0.663792133 0.964693248
    1.00086749 0.528504848 0.942040563 0.736621559 1.44763947 1.28340161
    1.47333062 1.03333378 0.98100692 0.83307761 0.994185209 0.953068316
    0.72040087 0.463062167 1.08732724 0.660694659 1.36839378 1.21377814
    1.53580987 1.61996377 0.765090644 1.39255178 0.755250096 0.606128931
    1.0350914 0.962586701 0.97325331 1.00653255 1.10904109 1.48964012
    1.26455128 0.948586345 1.68760467 1.51694846 0.899096966 1.16064203
    1.20871079 1.52808869 1.21464396 1.19690263 0.739237547 1.5746094
    1.3409996 1.43555307 0.95188725 1.16252553 0.677311778 1.56374431
    0.921861112 0.591198504 1.44628441 0.931073606 1.14645219
    0.761564672 1.16800988 1.41990352 1.44346571 1.60837984 1.50254011
    1.36596501 0.600337267 0.832522392 0.398963153 0.817531824 1.2703805
    1.4500109 1.1549046 1.00763321 1.1006552 1.30527389 0.82400161
    0.777756155 1.52907836 1.38123155 0.55194515 1.08497334 0.618269622
    0.868573606 1.34521472 1.62330282 1.42949593 1.18771338 1.75256586
    0.854515314 1.23812008 0.969975829 1.52452457 1.10329831 0.416686296
    0.6681813 1.40121138 1.30645049 1.0711906 1.09378672 0.99292028
    1.06402946 0.917642772 1.11206794 1.4921304 1.028566 1.48742449
    0.659722686 1.65995038 1.57149744 0.849916101 1.57128382 1.24017358
    0.848765671 1.53382337 1.17640519 1.13525259 1.24860871 1.28794205
    1.63480127 0.920744896 1.41763175 1.30504167 0.935684383 1.20372975
    0.957163751 0.56838733 0.506646037 0.944705367 1.40959108 1.14948356
    0.624948561 1.2838732 1.54316986 0.538182378 0.534022391 0.552160501
    0.885534763 0.983768642 1.31671584 0.931025624 1.25660896 1.66316128
    0.985251963 1.02108443 0.550538301 0.998788476 0.690697491
    1.15927267 1.19353521 0.891885042 1.08818698 0.666671157 0.926063716
    1.40915191 0.853916883 1.44319654 1.68913901 1.10604644 1.27974188
    1.46525967 0.530584991 1.43497336 0.809053183 0.722011387 1.30176985
    1.14615059 1.35186708 1.65897548 0.866076887 1.41281211 0.875616968
    1.05622482 1.19342935 0.605385542 0.639571428 1.08127809 0.566487014
    1.6105417 1.51368058 1.34280956 1.06280208 0.552538216 1.42734194
    0.696088433 0.845706999 1.51027656 0.943426847 1.58364391
    0.740881681 0.83079493 0.90912354 1.07446539 1.2219013 1.53980422
    1.10900831 0.531684756 0.595239997 0.930939138 1.08085096
    0.650220454 1.19129336 1.3375653 1.44250834 1.18828642 1.56682193
    1.40867639 1.18153656 0.727326691 0.609007597 0.906002462 1.1839304
    1.69729173 0.94139415 1.638623 1.37097108 0.714506805 1.45386672
    1.07635343 1.14099133 0.534389794 0.862724304 1.12573946 0.576634705
    1.07180226 1.44024658 1.5982573 0.757915616 1.58967924 0.997206151
    1.67065692 1.83814096 1.53547156 1.43728685 1.25429046 0.795927882
    1.33734381 1.66993499 1.09751928 1.05338383 1.29928541 0.975993991
    0.746652186 1.48403037 0.695341587 1.70367444 1.56744063 1.13148248
    1.41630435 0.700647235 0.255713195 0.96419394 0.62404722 1.48763394
    0.946012914 1.46270537 1.58377755 1.36695051 0.551805675 0.91464591
    0.856406331 0.402415097 0.436609268 0.432947665 0.466921717
    0.891198516 0.889016092 0.452099055 0.488458633 1.33783996
    1.16060758 1.34010184 1.55398393 1.46859217 0.480962306 0.372725874
    1.1744839 1.19910562 0.795522809 0.753938019 0.622130513 0.941771328
    1.43297434 0.788130224 0.642744422 1.33027828 1.0557375 1.31665957
    1.50086617 0.975944102 1.38106799 1.31911397 1.06035244 0.559283078
    1.3189317 1.54257941 0.470473319 1.15275109 0.454072356 1.26643479
    0.490306288 1.27399325 0.765023291 1.42134559 1.01788974 0.645770669
    1.46710122 1.22457099 0.759195149 1.48125494 1.05361032 1.07651532
    0.573054612 1.36067569 1.49273515 1.31286669 1.50749862 1.29917514
    1.31633234 1.56472087 1.13409913 0.854274154 0.518334329 0.335704118
    0.225441217 0.345536828 1.42934668 1.38896239 1.22993791 0.882314742
    0.598330498 0.666173518 0.408142835 0.858785272 0.817902684
    0.427593172 1.30039012 0.37014991 0.583713412 0.364221036
    0.718632281 0.796073735 1.3012799 0.74934715 1.51560616 0.560912192
    0.864112079 1.00922012 0.714050949 1.11544895 0.552966654
    0.523868918 0.548141718 0.433471501 0.814592123 1.24325192
    1.25566924 0.645727992 0.704407096 0.926184535 1.23399794
    0.927923322 1.43574214 0.969860077 1.05999839 1.18633568 1.3352195
    1.00433898 1.04944134 1.14305496 0.534833848 0.444301337 0.743881285
    0.929390907 1.04930115 0.981040776 1.2755847 0.875078738 1.08824563
    0.754116356 0.371911883 0.823524237 0.892077982 0.536831915
    0.783772111 1.26560855 1.24128056 1.09527874 1.04131067 0.66593647
    0.965859771 0.452072948 0.864404976 1.2312727 0.89219749 0.687169194
    0.697705925 1.48570633 1.45761621 1.21088922 1.08490467 0.685047984
    0.433000177 0.587626338 1.48281121 1.13146353 0.399650216 1.13040376
    0.451170623 1.00010049 1.10811019 1.58534324 1.49692667 0.969386041
    0.43016547 0.81206882 0.358881265 0.360196859 0.697627962
    0.840296805 0.543181896 0.557326436 0.351194292 0.52140826
    1.32358956 1.44744921 0.823757768 0.70547235 1.31621563 1.30110037
    0.906108499 0.86811018 0.842168212 0.419188321 1.37109435
    0.777437329 1.42114949 0.756530881 0.786312222 0.454826266
    1.26457477 1.18882155 0.798969269 1.18440938 1.07603133 0.672901213
    1.49941373 1.48377156 0.983328342 1.3327713 1.26509297 0.828992844
    0.655383766 0.82535696 1.47095823 0.917909145 0.828879595
    0.506149828 0.770424426 0.725295365 1.34903812 1.48992038
    0.996946275 0.614132583 0.359643012 0.982742846 0.606615663
    0.966040134 0.864745259 1.14921033 0.788967371 0.743780971
    0.952573001 1.48782372 1.32783282 0.986360192 0.648872435 1.23791289
    1.33346307 0.904937088 0.591118634 1.18471539 1.31085837 1.40932715
    1.05010509 0.951058745 0.576148093 1.12087667 0.751318097
    0.738950968 0.698923886 0.556383014 1.14521646 0.564172268
    0.84738785 0.372846752 0.814651608 0.588948667 0.575242639
    1.30867875 0.705742538 0.895751894 1.57917905 1.5057168 1.54824793
    0.935775638</data></your_img>
</opencv_storage>
