<?xml version="1.0"?>
<opencv_storage>
<g>1.3999999999999999</g>
<r>7</r>
<filter-type>0</filter-type>
<circular>0</circular>
<L2_diff>139.55583310899053</L2_diff>
<test_img type_id="opencv-matrix">
  <rows>128</rows>
  <cols>256</cols>
  <dt>f</dt>
  <data>
    0.142503142 0.136746883 0.964765906 0.940242052 0.474994302
    0.78258419 0.831899405 0.0617147088 0.706329107 0.450314522
    0.0401673317 0.782543302 0.127938688 0.419756591 0.531345606
    0.741638303 0.0375919342 0.972958326 0.487376332 0.673237085
    0.866200387 0.299779415 0.846106887 0.297987998 0.878334939
    0.67710048 0.532963574 0.289896905 0.462814927 0.0274242163
    0.0350334346 0.991285324 0.52371335 0.792787671 0.561906278
    0.650456309 0.725434959 0.0302813649 0.354884863 0.877244473
    0.559159517 0.747043908 0.272771358 0.26978302 0.981476665
    0.508050382 0.480039179 0.157949358 0.0500850976 0.742967129
    0.3435781 0.745940626 0.0774914026 0.0852762461 0.959600925
    0.445067436 0.431555152 0.136382312 0.163633227 0.172323167
    0.908190727 0.443473369 0.404203892 0.421578765 0.089070797
    0.895997345 0.598159671 0.100493699 0.592180789 0.83934021
    0.341535985 0.768784165 0.257505596 0.2673814 0.220439404
    0.787062764 0.608186305 0.58478719 0.998612225 0.837386966
    0.90194726 0.148437351 0.662953734 0.641484141 0.165385991
    0.798336744 0.526251256 0.652085006 0.0429860651 0.946511865
    0.269986123 0.952389002 0.445316285 0.66048789 0.600767493
    0.449992716 0.331905305 0.826124072 0.520199418 0.753411889
    0.906917691 0.269092739 0.90094161 0.125491261 0.777132094
    0.484006137 0.88586539 0.512508571 0.0673435032 0.610867798
    0.680831969 0.153868854 0.850095034 0.675991535 0.844130516
    0.12376523 0.761131525 0.801125765 0.767662287 0.923117995
    0.98851651 0.303233981 0.804094017 0.52879256 0.421874136
    0.610640526 0.244008154 0.033343792 0.461126655 0.0974320173
    0.402557701 0.365996152 0.316052496 0.666199565 0.199031949
    0.993168712 0.959376097 0.842723012 0.48451212 0.744893134
    0.289006889 0.551435232 0.284638733 0.146694511 0.732402682
    0.315382302 0.707672775 0.667032123 0.364551276 0.653078258
    0.976674616 0.431554109 0.774381578 0.104192078 0.552354336
    0.750039816 0.235567629 0.717481613 0.699555516 0.338699102
    0.90247947 0.861369073 0.987053096 0.197639674 0.472289771
    0.777154207 0.408532113 0.734525919 0.839568973 0.245679468
    0.616069674 0.811437786 0.503231287 0.934152961 0.897142828
    0.373746932 0.206965417 0.878017068 0.869955242 0.167232484
    0.726217628 0.285792917 0.302810133 0.100240678 0.49590686
    0.769146025 0.587336302 0.44199577 0.572278321 0.981639385
    0.550963342 0.786906958 0.480679095 0.290651172 0.911522627
    0.649550796 0.390588135 0.0132562518 0.360727787 0.0507430732
    0.583937109 0.0527855754 0.664798439 0.0382203162 0.304083943
    0.00193807483 0.0656961203 0.563434601 0.0891519189 0.932400107
    0.812301576 0.0399186313 0.334289968 0.122761935 0.182256579
    0.44391036 0.105575234 0.755720079 0.00716421008 0.356342554
    0.221314281 0.915527463 0.249502867 0.162207663 0.526689768
    0.876267493 0.929265559 0.881000042 0.969595551 0.625434756
    0.631677866 0.541625381 0.899376094 0.650322556 0.642459869
    0.41615063 0.789771855 0.451029092 0.0493631959 0.525020957
    0.685723305 0.823385954 0.32446596 0.815680861 0.25919795
    0.380301088 0.321934879 0.479067802 0.364324391 0.62805593
    0.872141957 0.870135784 0.70140028 0.0421299934 0.918753386
    0.280159414 0.563051581 0.580616593 0.299225181 0.759483755
    0.0557851791 0.0408115983 0.670524478 0.966106355 0.451595277
    0.886820674 0.663507342 0.656187534 0.973313689 0.854473352
    0.0544876158 0.350187778 0.0965451598 0.636932194 0.333034486
    0.121741861 0.579467654 0.280881971 0.461849183 0.320349187
    0.340199113 0.189301103 0.58783257 0.0469856262 0.42771101
    0.68738848 0.88325882 0.879321218 0.304125011 0.813069582
    0.636290371 0.96899879 0.00715997815 0.862078846 0.658681214
    0.942296147 0.415071249 0.961269259 0.895435333 0.173067212
    0.10522747 0.932752132 0.784469366 0.312349677 0.410179555
    0.446451724 0.430591255 0.0848627388 0.996797085 0.825919628
    0.908869565 0.233936965 0.045583427 0.691843033 0.300132155
    0.396227807 0.0153493583 0.173343569 0.151087373 0.808324039
    0.712652206 0.58406961 0.878227711 0.240639478 0.797299147
    0.717269659 0.487803578 0.468332708 0.753870368 0.618389487
    0.786026597 0.477939606 0.783501208 0.114025295 0.185815901
    0.923730373 0.318380207 0.071862489 0.628753245 0.469114125
    0.931092501 0.132161409 0.108020186 0.450050473 0.994603753
    0.932299078 0.997244835 0.656199038 0.994522572 0.564469397
    0.750516891 0.19926396 0.968111753 0.422765732 0.653177738
    0.767668068 0.672193766 0.369514763 0.437483847 0.79826653
    0.538089514 0.215158105 0.43283391 0.183796793 0.555425882
    0.524810016 0.96572268 0.232192606 0.69778204 0.812307358
    0.830087185 0.479844779 0.724272192 0.375176996 0.0332555771
    0.61816597 0.80886972 0.114189684 0.528871953 0.108435065
    0.440528482 0.0290749073 0.851576269 0.271851152 0.875297189
    0.10259676 0.259028792 0.560622454 0.789133787 0.0708115101
    0.492845327 0.516195834 0.841609597 0.640567183 0.699307501
    0.765866637 0.321083665 0.988800168 0.947662354 0.00864809752
    0.973604202 0.840500891 0.445381761 0.848871291 0.714894831
    0.367232412 0.647776306 0.597697437 0.56348139 0.822191596
    0.937872708 0.703550458 0.87625432 0.166757673 0.0386203229
    0.983913541 0.0564861894 0.612997174 0.783682227 0.82826674
    0.676583052 0.173775136 0.122480482 0.593022227 0.690973461
    0.858591437 0.143591732 0.390150666 0.378719538 0.65016377
    0.72858429 0.400484174 0.932411194 0.799325585 0.977875352
    0.967088819 0.0236316025 0.967133284 0.265163869 0.285961628
    0.548157632 0.396419257 0.38265416 0.403854966 0.0332077146
    0.545974672 0.714289069 0.631950915 0.634929419 0.863107741
    0.0609724522 0.674006581 0.822178483 0.573293984 0.266387403
    0.130467087 0.0453438461 0.253832281 0.774653494 0.0218509436
    0.978508949 0.344797015 0.345161438 0.921849608 0.0888848007
    0.669923902 0.721125603 0.244395614 0.939495802 0.0348075926
    0.579388797 0.284102827 0.625107884 0.128920823 0.0265046954
    0.122084975 0.557639122 0.258021981 0.857147515 0.31108132
    0.32918483 0.745144725 0.00239339471 0.434265018 0.365721285
    0.211666763 0.380165517 0.583540022 0.829951048 0.703990102
    0.379044265 0.148617268 0.462631166 0.432128221 0.145705462
    0.939591825 0.0769758523 0.644858956 0.076510936 0.977746248
    0.0130362511 0.747629821 0.576201141 0.970232129 0.542932034
    0.801790595 0.434715033 0.465553194 0.991259694 0.59753412
    0.245640665 0.220814079 0.574859023 0.35232982 0.600466251
    0.176955342 0.799658775 0.998338938 0.0219154358 0.558903694
    0.86265552 0.132486403 0.290766031 0.405148268 0.688637614
    0.0081679225 0.260413945 0.594483793 0.0170015097 0.299686849
    0.582960069 0.55291748 0.309477508 0.392896742 0.22319442
    0.125475287 0.339154601 0.75625062 0.743518353 0.510349929
    0.149038076 0.317628086 0.797568977 0.702279985 0.250989497
    0.170722336 0.942522883 0.679098666 0.150008142 0.977542341
    0.335221231 0.521802545 0.833601236 0.51400125 0.42109704
    0.386653006 0.546457589 0.701564133 0.728752077 0.728181601
    0.655537724 0.85800004 0.492550313 0.848946631 0.45943144
    0.0583213866 0.979098082 0.287028611 0.802007139 0.397617608
    0.817509472 0.788595021 0.551073015 0.132948488 0.36509043
    0.02625072 0.790198684 0.476262748 0.855800509 0.472788036
    0.935988009 0.640788078 0.985530734 0.661699653 0.0271045268
    0.774700284 0.321965903 0.285666466 0.527351797 0.357662022
    0.89899087 0.987718642 0.0194536448 0.575284004 0.151841998
    0.575471938 0.251892507 0.0523478687 0.11697349 0.728291154
    0.979184389 0.468033016 0.515531123 0.860076785 0.981716335
    0.0923779607 0.315527469 0.250723839 0.373765051 0.69861412
    0.784794033 0.213511825 0.791283667 0.385089517 0.34362787
    0.482825845 0.572309971 0.259879053 0.585478485 0.775590897
    0.119921923 0.520125449 0.00615119934 0.957012177 0.718551874
    0.210224867 0.72954601 0.289305151 0.431340188 0.0902104974
    0.0578610897 0.0677478909 0.319094181 0.843442321 0.203949362
    0.941485226 0.611373246 0.0692048073 0.00346678495 0.0144221783
    0.869261742 0.592747509 0.752948284 0.409337819 0.588048458
    0.90184617 0.332688212 0.646373093 0.450089395 0.991384983
    0.317383468 0.594372272 0.497854888 0.626567721 0.584847093
    0.58688283 0.51497817 0.0342368782 0.0466800034 0.145001769
    0.282355607 0.218064249 0.781310797 0.0194588006 0.368997216
    0.275221229 0.599778175 0.573430479 0.488718003 0.65827769
    0.989789367 0.285736978 0.121241659 0.0869683027 0.738592803
    0.138073623 0.891565621 0.386787951 0.823252678 0.447773129
    0.169350445 0.222488523 0.373005986 0.181730866 0.29396379
    0.123554081 0.510991812 0.673953652 0.0529171526 0.00627329946
    0.057171762 0.10047248 0.465965658 0.0632220805 0.943953395
    0.158614248 0.747331262 0.588565409 0.650249362 0.0715191066
    0.012502104 0.076069206 0.578117728 0.568831444 0.489185572
    0.808610439 0.297849566 0.202731311 0.298096061 0.614484608
    0.42453301 0.435448229 0.679100513 0.397947818 0.793230891
    0.874075651 0.525789618 0.268665433 0.81274277 0.108345449
    0.682662964 0.53802067 0.876389265 0.462084979 0.0892904401
    0.117314875 0.951841474 0.130492091 0.701454997 0.319408804
    0.0787150264 0.23853606 0.408806831 0.908032298 0.814679861
    0.549961865 0.698137045 0.21501866 0.498580992 0.583067596
    0.367921054 0.495795041 0.673885524 0.543183088 0.392245948
    0.27649188 0.00642946362 0.5750283 0.247685909 0.210299492
    0.0926600993 0.787275374 0.510829747 0.350214243 0.869349241
    0.285337001 0.844999671 0.106574386 0.656530559 0.913966179
    0.933331728 0.702699423 0.508913994 0.39399749 0.395082563
    0.140695482 0.567099452 0.0980016887 0.991121113 0.0717029274
    0.0482831299 0.187794477 0.320146084 0.481652528 0.0837225318
    0.880788207 0.0337987244 0.408719957 0.18865034 0.757499695
    0.226213783 0.128591567 0.35438183 0.827944398 0.733443975
    0.418106616 0.585398197 0.0740301907 0.391418338 0.797644019
    0.68684566 0.608393729 0.940239847 0.0622178614 0.997657657
    0.970731258 0.0295475423 0.112027913 0.966676414 0.45681417
    0.563873112 0.40098983 0.206951499 0.209138691 0.490865618
    0.487676203 0.996508837 0.282107443 0.41171813 0.326638103
    0.487245888 0.981324017 0.902766109 0.0371225178 0.450742096
    0.342520803 0.808400869 0.786541224 0.57899791 0.945823014
    0.796548605 0.623269081 0.283851683 0.927221179 0.217929453
    0.0240579247 0.628857374 0.197941333 0.525552273 0.16016376
    0.142202109 0.0796393156 0.526159823 0.096847415 0.956113338
    0.80648756 0.326711208 0.588502228 0.659971535 0.2249915 0.161388159
    0.183576584 0.453751534 0.695887923 0.481121153 0.776599526
    0.26384306 0.146868229 0.295677245 0.959426701 0.989293575
    0.389995009 0.183430016 0.724643171 0.572720706 0.132535934
    0.557358623 0.345352769 0.879350066 0.230303407 0.438172638
    0.927697778 0.0964232683 0.905363321 0.591027617 0.390256017
    0.393817931 0.975045323 0.810217738 0.172377557 0.0797145367
    0.880806983 0.0288155973 0.859801412 0.85068047 0.491277218
    0.945216358 0.133896858 0.357628345 0.831956625 0.590654075
    0.727491975 0.944142759 0.774185121 0.404441237 0.00941449404
    0.757144094 0.930690289 0.658663094 0.13193205 0.94080317
    0.0511698425 0.422630906 0.681569874 0.985031366 0.724421024
    0.345309556 0.951044142 0.502675772 0.357625067 0.721373081
    0.874238849 0.672385991 0.603862226 0.447823614 0.5884974
    0.808255494 0.998764455 0.893416941 0.712536037 0.387334555
    0.522298515 0.23267135 0.0894363523 0.305686504 0.495173275
    0.933642864 0.308651805 0.781344771 0.76028049 0.287166893
    0.941153407 0.456252992 0.79394412 0.0738004148 0.560361207
    0.385895133 0.442921788 0.379003406 0.131967723 0.980980158
    0.397074282 0.584600091 0.137277544 0.0930338502 0.808597565
    0.0985788405 0.753242731 0.766223907 0.66763109 0.574019313
    0.129837185 0.928258181 0.779984772 0.544627428 0.795122147
    0.428370088 0.878820062 0.00112390518 0.434045196 0.104523152
    0.997682929 0.175286531 0.226196557 0.492034554 0.711839378
    0.292754889 0.26011163 0.137192011 0.465913177 0.0813212395
    0.242195725 0.715643167 0.213009536 0.735221386 0.160290152
    0.665065587 0.662994027 0.0994654894 0.161882758 0.263901949
    0.880977631 0.646201491 0.0961268544 0.535825014 0.740389764
    0.608784318 0.696916223 0.40585506 0.0926644504 0.901993155
    0.17360729 0.568668902 0.665534735 0.111112088 0.52610749
    0.0666566491 0.196145505 0.375543535 0.319275409 0.167849094
    0.483892113 0.959175825 0.152584463 0.450978994 0.319497555
    0.852061689 0.5927459 0.775050759 0.000994294882 0.551690221
    0.922943354 0.293862462 0.187091082 0.147455961 0.429193944
    0.647277176 0.8214553 0.993593931 0.823361874 0.10675016 0.396630645
    0.295602292 0.20177418 0.58848089 0.985752821 0.973097444
    0.255581856 0.19892481 0.947682381 0.0409455597 0.0565211475
    0.0393609107 0.762396097 0.728549778 0.812263846 0.352563679
    0.915758014 0.262865096 0.825797081 0.15564245 0.934687257
    0.488679886 0.573702574 0.455392241 0.43985799 0.237621963
    0.975780487 0.644012511 0.258402139 0.285842836 0.67323029
    0.808532953 0.739275336 0.829811931 0.816541016 0.12287885
    0.660155594 0.587580085 0.738457382 0.458050817 0.103309393
    0.645355821 0.868506789 0.769531667 0.528824806 0.946297526
    0.899412036 0.503287792 0.899717152 0.531897008 0.861839771
    0.478918195 0.429697186 0.344681501 0.44040519 0.26698792
    0.590018153 0.514534354 0.885506749 0.427814454 0.551378489
    0.300963938 0.102795035 0.542372465 0.0495197773 0.7979635
    0.33956176 0.828848481 0.299015403 0.645368516 0.40179643
    0.879720211 0.490589857 0.139332831 0.129628956 0.0135934055
    0.079506427 0.395120829 0.919915318 0.560144901 0.709866345
    0.959519446 0.967095137 0.612012386 0.221989125 0.273668885
    0.0145120919 0.310929894 0.803425312 0.561952531 0.651479363
    0.527606368 0.047503829 0.258196175 0.653527796 0.583407998
    0.13389203 0.0113398731 0.210452735 0.727716565 0.219860226
    0.377800494 0.391511798 0.304515928 0.316432863 0.485025346
    0.146921128 0.593347549 0.750906467 0.85054636 0.575998366
    0.777167201 0.666008174 0.34303844 0.674251795 0.410758436
    0.929834306 0.621933162 0.179444313 0.551582932 0.891574979
    0.332650959 0.79246074 0.990177393 0.62901777 0.228456259 0.70420444
    0.73031646 0.885491371 0.636520922 0.623154819 0.746502042
    0.992016494 0.949153662 0.808129191 0.977739334 0.638933003
    0.030638814 0.734025359 0.695608497 0.895320415 0.467836261
    0.27124238 0.922966719 0.900689542 0.576928735 0.99720794
    0.0461197495 0.715264082 0.594407678 0.931421518 0.909271479
    0.387433559 0.743330479 0.00935104489 0.722263932 0.846659541
    0.741183639 0.730467439 0.801234245 0.133363754 0.308081776
    0.488780588 0.507310152 0.508992493 0.483297974 0.739726603
    0.737948477 0.343744934 0.366086453 0.924966931 0.517799258
    0.656545401 0.360050857 0.353741407 0.265155733 0.621857584
    0.508560121 0.312531114 0.457798451 0.602731943 0.604600906
    0.10204199 0.898499846 0.58112669 0.508687913 0.83725667 0.741115451
    0.430985212 0.978196144 0.221834242 0.713119328 0.132066697
    0.634053349 0.385400116 0.308555812 0.965095401 0.202883095
    0.501464963 0.666377902 0.451811582 0.336287767 0.863897324
    0.0399627686 0.55276835 0.426044494 0.326700956 0.933686018
    0.5936414 0.569722593 0.719301224 0.576891184 0.645148039
    0.779151797 0.842613697 0.773603678 0.952495933 0.49771443
    0.645493269 0.89023459 0.764423847 0.802728176 0.777109504
    0.447862774 0.856252313 0.0472936332 0.97334969 0.817417979
    0.274604917 0.708421052 0.42296049 0.0878523886 0.480421394
    0.274391472 0.313233852 0.493939996 0.321311951 0.780919135
    0.744621515 0.0299631655 0.837206483 0.94158113 0.502048552
    0.441335291 0.626193702 0.597564697 0.610149562 0.9205513
    0.167224973 0.970732093 0.294384539 0.00599908829 0.487507939
    0.235345781 0.42297402 0.955893874 0.67884028 0.798117161
    0.0345007777 0.016191572 0.784238279 0.852767646 0.00974294543
    0.588777184 0.399557769 0.7909953 0.0167365372 0.642574847
    0.913584471 0.0469513834 0.979737699 0.505255938 0.954826474
    0.498818129 0.610145032 0.887022138 0.78394264 0.575927019
    0.755398512 0.117001176 0.513406575 0.403736502 0.683072448
    0.0859026909 0.420127988 0.075532198 0.449669838 0.759121299
    0.33284232 0.41672954 0.0196535289 0.6966151 0.391188949 0.371864021
    0.419206768 0.616078317 0.0924063623 0.762363791 0.269258797
    0.497352511 0.433407873 0.585766971 0.807478547 0.434432209
    0.555889428 0.302832484 0.243635207 0.866931319 0.657231331
    0.713937402 0.689509153 0.0626377761 0.738497972 0.415237606
    0.553886771 0.671850264 0.333247244 0.61746788 0.153084427
    0.788480639 0.264974713 0.521391332 0.807358623 0.702950239
    0.307117671 0.33295083 0.529271722 0.458650142 0.476209193
    0.0625657141 0.358282149 0.0451551974 0.471252024 0.913667917
    0.193322957 0.86640358 0.219216913 0.383097291 0.325020492
    0.437773436 0.0163929462 0.585542262 0.354325175 0.254979908
    0.765127897 0.0170345008 0.757442355 0.314052403 0.412879258
    0.342970014 0.450832307 0.905365825 0.266868889 0.272288769
    0.557068706 0.429806888 0.864860475 0.0844427347 0.124431044
    0.925338626 0.894456744 0.870377421 0.335214555 0.86515218
    0.0150173306 0.767894864 0.736013055 0.267737061 0.294703424
    0.371583909 0.342711091 0.26905638 0.676181436 0.117155463
    0.632584989 0.682496786 0.509756088 0.929041386 0.13256377
    0.169678956 0.167636484 0.43473947 0.249511451 0.382045001
    0.830157936 0.33510381 0.595762372 0.94674778 0.642778635
    0.226733327 0.721609712 0.193268478 0.520636261 0.657492459
    0.0762559772 0.95127058 0.986556053 0.169220388 0.624336839
    0.395354867 0.607245207 0.91820538 0.0196664929 0.189734668
    0.323911965 0.17197448 0.602843046 0.713011086 0.669222176
    0.512676001 0.074111551 0.48337391 0.494196832 0.477332324
    0.535716593 0.898314595 0.438755333 0.614535093 0.194162011
    0.414933801 0.196169704 0.787316084 0.389614642 0.714780629
    0.0868090689 0.261449754 0.549177647 0.968878567 0.197969228
    0.79630208 0.924385667 0.986525297 0.778005958 0.912287831
    0.446736664 0.109178156 0.947162211 0.530671716 0.286902785
    0.488708735 0.482842624 0.809475183 0.332568288 0.3729361
    0.728056252 0.204244524 0.241930902 0.999192238 0.95151031
    0.232573986 0.801343679 0.742465317 0.329787612 0.405803174
    0.773239195 0.907066405 0.302969098 0.671468735 0.927609444
    0.856619358 0.657570183 0.579097033 0.0104396939 0.581850529
    0.710972428 0.360630095 0.0844876468 0.0846810043 0.198825151
    0.604756713 0.524453402 0.0150026679 0.982269287 0.271879911
    0.591891944 0.17310375 0.622335434 0.712575257 0.440870523
    0.223473221 0.526590109 0.304235697 0.725680709 0.872648716
    0.493899345 0.211182296 0.759985328 0.260699511 0.0525010228
    0.224675357 0.850278258 0.39645946 0.016282618 0.473620653
    0.279058933 0.601576269 0.833236039 0.303751945 0.613884807
    0.47641173 0.119196892 0.997800887 0.867968917 0.813601792
    0.504047751 0.747537732 0.991202354 0.459683269 0.811775923
    0.92570889 0.192501634 0.277993739 0.381955683 0.397108972
    0.38301906 0.33297503 0.434654444 0.200023174 0.469505459
    0.712176919 0.395930201 0.426815927 0.226513833 0.857645154
    0.324413747 0.0680834055 0.284028172 0.335841179 0.247105092
    0.343176842 0.388462454 0.047808975 0.0700009465 0.563752234
    0.459059894 0.669985414 0.882296622 0.502931297 0.713551581
    0.823218584 0.135936439 0.0619414449 0.586954534 0.940586567
    0.0553524792 0.242985725 0.597428441 0.0635152459 0.037592411
    0.416005909 0.232346624 0.763965309 0.850558758 0.513118088
    0.435834199 0.00782677531 0.452562541 0.817070603 0.995048404
    0.450867325 0.429574132 0.0158962905 0.409210682 0.33958295
    0.566282034 0.820060551 0.415088654 0.325750053 0.636770904
    0.260375679 0.695236683 0.815001845 0.630421042 0.394024521
    0.134872913 0.631001174 0.431365162 0.380019397 0.641596854
    0.564249098 0.806749701 0.790888071 0.211857945 0.228316218
    0.370780498 0.720814824 0.667468905 0.461758196 0.908612907
    0.572020054 0.260315418 0.151744127 0.431477547 0.139168471
    0.392460912 0.207136691 0.265899956 0.709235132 0.90098691
    0.518096149 0.923345208 0.00564044714 0.954176903 0.4343822
    0.351255059 0.502083063 0.77391243 0.913842142 0.208522618
    0.356714129 0.59559691 0.160740048 0.268921494 0.656878531
    0.983533561 0.934103608 0.866138279 0.154027373 0.169132411
    0.260573208 0.50178957 0.298762262 0.869718075 0.4425852 0.503135383
    0.783732057 0.0216436684 0.54669857 0.777212203 0.975024939
    0.862493396 0.719391167 0.373555303 0.649516165 0.859680414
    0.726326168 0.602316976 0.162357062 0.703982592 0.411642104
    0.977504611 0.702239037 0.743487835 0.960783362 0.158174545
    0.939553857 0.693807662 0.355192661 0.911128104 0.508699656
    0.69251287 0.276607215 0.0182010531 0.588474274 0.594129205
    0.998069286 0.626124442 0.968897939 0.868002415 0.4247576
    0.263125002 0.241764426 0.889295459 0.928713143 0.0908071101
    0.548404694 0.71212393 0.536661088 0.1601502 0.549631774 0.981878817
    0.00473424792 0.0656458735 0.926675856 0.850860715 0.551799595
    0.283215284 0.695835412 0.237007439 0.47737059 0.703613639
    0.79877758 0.490598381 0.0733395517 0.450156838 0.146481782
    0.979472518 0.310105741 0.472029507 0.869875908 0.632617235
    0.514784217 0.0106363595 0.341325015 0.294185102 0.725735188
    0.841398716 0.298576415 0.0160121918 0.237232655 0.847073078
    0.366743088 0.365810037 0.28422609 0.828460395 0.693073153
    0.160875887 0.535368264 0.435937226 0.592631519 0.734408617
    0.79609251 0.985314667 0.335147113 0.358015478 0.0699537396
    0.0952101648 0.602671981 0.164400339 0.877115607 0.563307047
    0.82167846 0.550815821 0.0201427341 0.0141178966 0.043777138
    0.692389071 0.00115188956 0.171348542 0.460649014 0.958680689
    0.519189298 0.964190722 0.073925674 0.825694084 0.959629178
    0.614658773 0.476227969 0.269979894 0.620959878 0.609391391
    0.0736220479 0.211556405 0.718218267 0.887281656 0.839634597
    0.76261127 0.450033009 0.960653543 0.683509707 0.601076782
    0.263536215 0.15488103 0.602743089 0.645939469 0.352215499
    0.672220647 0.17756629 0.456749976 0.369037598 0.815695882
    0.0669396222 0.586529255 0.250377864 0.472096115 0.511174202
    0.928070962 0.362009555 0.0749926269 0.00858515501 0.898779392
    0.723501563 0.0392365158 0.0809053779 0.561136246 0.66905272
    0.182219207 0.450795501 0.399174452 0.613818288 0.335989863
    0.218164206 0.157697469 0.237192303 0.56788516 0.182141513
    0.934732437 0.286450088 0.867241263 0.817943275 0.312940896
    0.313832343 0.308160335 0.249391824 0.133099526 0.412012994
    0.0253480673 0.37930572 0.551148355 0.255824625 0.617891431
    0.743264019 0.271752596 0.0829082429 0.810019791 0.1908575
    0.0177740455 0.480311245 0.0570847392 0.42163384 0.933128417
    0.0720349848 0.640907645 0.268597484 0.68766737 0.81635499
    0.937394261 0.87267065 0.362251639 0.184983194 0.273140758
    0.0761597753 0.913859963 0.686248064 0.444343507 0.487355113
    0.649868727 0.583023906 0.291396648 0.380785227 0.404700637
    0.870962024 0.0642984807 0.107982278 0.725787401 0.832658768
    0.281259418 0.542686582 0.191599816 0.461067826 0.258470297
    0.73057735 0.46646148 0.83106637 0.013507098 0.62005198 0.176954895
    0.113028198 0.991535068 0.00692799687 0.0230397582 0.866496384
    0.941087484 0.503396034 0.591416955 0.957749307 0.994087219
    0.832736194 0.906404614 0.0493075848 0.708910644 0.0310100615
    0.734866977 0.668782473 0.531414688 0.533987582 0.878139138
    0.945595086 0.85223186 0.265479267 0.802180767 0.560474575
    0.552339017 0.435561597 0.354005575 0.389811307 0.661521971
    0.126373649 0.0895496905 0.02211532 0.565311551 0.30897212
    0.959068298 0.969156146 0.602929771 0.0534377694 0.614030063
    0.495566338 0.154446602 0.977254093 0.162835628 0.118121684
    0.299150109 0.634904206 0.7435866 0.751621783 0.0175743699
    0.790387571 0.428811342 0.379653752 0.462857425 0.112381399
    0.352538764 0.827039003 0.182918936 0.665325701 0.417377949
    0.15695864 0.0902656019 0.520883024 0.670448065 0.514209449
    0.116080791 0.734018922 0.191211998 0.0598034859 0.905016422
    0.823049664 0.944911122 0.316505313 0.583335757 0.740139306
    0.582849801 0.245958596 0.959743261 0.368071258 0.733394623
    0.201516986 0.294758737 0.995265007 0.867961228 0.114367902
    0.348314106 0.326435924 0.0658598244 0.896198213 0.548810005
    0.176612645 0.17442891 0.916013241 0.970528483 0.114423752
    0.0303373635 0.0844145417 0.348776788 0.605488122 0.393129587
    0.11148417 0.42114535 0.891462088 0.299583942 0.274744004
    0.0833053887 0.39216277 0.571023285 0.0300372243 0.772277594
    0.931092739 0.232196033 0.262876421 0.207211018 0.421111226
    0.472709298 0.305167377 0.805628717 0.803438425 0.156712174
    0.223755866 0.213425308 0.182405472 0.98713243 0.370652974
    0.218630791 0.383756071 0.583328724 0.829562068 0.0996428728
    0.0759904087 0.87260896 0.924018383 0.897432089 0.570868015
    0.840175986 0.148859262 0.75999856 0.474733353 0.167294592
    0.074793756 0.745694876 0.120596558 0.158690482 0.997717559
    0.420077413 0.595711529 0.91162467 0.0866696239 0.393829703
    0.309420228 0.86629498 0.232511163 0.774025202 0.362624168
    0.619027913 0.321724206 0.673279226 0.766282678 0.673362792
    0.853013158 0.603380442 0.748182476 0.458725274 0.310693741
    0.133129954 0.570298016 0.496325612 0.86383903 0.00387537479
    0.35863018 0.451479495 0.991315246 0.166679174 0.507362723
    0.16026628 0.429732144 0.407405883 0.203949153 0.0759948492
    0.210350484 0.236073732 0.637518287 0.0125490725 0.588231206
    0.886546969 0.402328074 0.839406073 0.913669825 0.805462241
    0.744666159 0.596724153 0.394145638 0.477082223 0.0932452679
    0.392259181 0.959895909 0.321428359 0.289120406 0.401624292
    0.633482635 0.0102726817 0.178584725 0.303118974 0.204341412
    0.976620197 0.5999614 0.148992747 0.736887813 0.882789612
    0.0845237076 0.755426168 0.651650071 0.279803246 0.952541113
    0.919418454 0.733911991 0.0341156125 0.810843825 0.9470855
    0.781085074 0.715289116 0.147116721 0.363285363 0.452734739
    0.765057325 0.311055481 0.812282085 0.200692266 0.688638687
    0.332701027 0.281013548 0.326661289 0.28715843 0.877571225
    0.283860683 0.504945755 0.803008556 0.379713267 0.363445222
    0.510541022 0.876544833 0.773244083 0.30309853 0.822206616
    0.480177552 0.124771386 0.314475238 0.551927507 0.427494049
    0.135221303 0.732787609 0.849932015 0.977898777 0.993807256
    0.307326972 0.626932263 0.210978687 0.464101523 0.23421669 0.7758044
    0.215093613 0.450613141 0.852708757 0.536371171 0.913635969
    0.0294077396 0.179417998 0.870719969 0.32207042 0.646270633
    0.715340078 0.871380568 0.133776873 0.798669457 0.934691072
    0.985895753 0.218281865 0.316527605 0.877312362 0.90674597
    0.340158105 0.617035151 0.821612477 0.353473186 0.460777283
    0.0114600658 0.367275715 0.578106284 0.251836002 0.262157619
    0.720027149 0.402609795 0.891953111 0.960472584 0.20167321
    0.215699136 0.162641227 0.361121893 0.813882411 0.374004483
    0.844252765 0.513955712 0.989354551 0.654909968 0.63858825
    0.38809675 0.457500339 0.462803394 0.248776257 0.870894194
    0.895714283 0.537549376 0.880184114 0.729012251 0.513369501
    0.653814435 0.23069337 0.810896635 0.0654753745 0.343571305
    0.50060904 0.647062182 0.897386789 0.120520979 0.462487161
    0.0728246272 0.576909423 0.880223513 0.736223042 0.509266615
    0.588593006 0.360649914 0.0838215649 0.735141993 0.501751482
    0.784320056 0.914502382 0.817026258 0.74104768 0.947757781
    0.482770056 0.128687352 0.110005379 0.0249350667 0.611994267
    0.979224145 0.445869148 0.345706165 0.578150988 0.816184402
    0.788765788 0.879454017 0.846075356 0.934975624 0.310621858
    0.106503546 0.102095246 0.500445247 0.845708966 0.755035996
    0.659860015 0.967512131 0.598724902 0.178122014 0.625550508
    0.316001207 0.125029981 0.360469162 0.0461174548 0.776328087
    0.43403244 0.598915398 0.644211531 0.13379547 0.222802103
    0.836172938 0.568286538 0.556781113 0.510075271 0.126070708
    0.217903525 0.356643677 0.206165373 0.745831251 0.981467664
    0.73074311 0.57461077 0.995424032 0.046205759 0.796188593
    0.310418785 0.987455606 0.40259254 0.195096731 0.90822643
    0.328025758 0.15844354 0.0390475094 0.439512461 0.225634128
    0.742810249 0.0847426057 0.341932416 0.161163598 0.777041197
    0.802564979 0.661911488 0.412434459 0.443710268 0.63505441
    0.151111752 0.13080433 0.611248136 0.80251199 0.867520154
    0.378825039 0.435768515 0.350706279 0.26141715 0.937868595
    0.863035619 0.36038807 0.650951922 0.155336887 0.813289821
    0.060582906 0.464006484 0.373105109 0.667518377 0.822403789
    0.272179902 0.994720221 0.00521355867 0.949835777 0.0527728498
    0.701046705 0.273827374 0.590125859 0.880103707 0.756890178
    0.794824243 0.71491468 0.0391531289 0.552099705 0.857321501
    0.144505918 0.967518687 0.757479012 0.757073283 0.379602492
    0.115456402 0.212677211 0.752184451 0.681643426 0.698387265
    0.700851262 0.792562842 0.284558535 0.472303957 0.911218405
    0.561423659 0.241668135 0.565746427 0.928581715 0.654688239
    0.94409132 0.235151142 0.826521277 0.584997416 0.815211117
    0.0199772418 0.736088097 0.458817631 0.477668136 0.174677432
    0.627808988 0.494798422 0.0893289447 0.163079262 0.00727036595
    0.222338647 0.461732805 0.784599483 0.498366445 0.42708236
    0.0877604783 0.345785558 0.190780133 0.479179949 0.379098177
    0.253368229 0.49163574 0.436650872 0.729471207 0.0411939025
    0.704992592 0.777935147 0.725507617 0.556387544 0.361546636
    0.994758666 0.253990412 0.804607868 0.11039722 0.798160017
    0.0549970269 0.360574722 0.274620801 0.252135754 0.417503208
    0.49045825 0.858216524 0.212419242 0.686076403 0.602611899
    0.755887806 0.826232672 0.404040754 0.793123245 0.949680984
    0.60569638 0.293292224 0.22443673 0.252205312 0.354117155
    0.731175542 0.336948574 0.419906139 0.884037852 0.874073148
    0.247392207 0.940289557 0.183071792 0.212324351 0.178717166
    0.858983517 0.968356252 0.678180575 0.257203341 0.0599306524
    0.748344302 0.359576911 0.73300308 0.0403185189 0.195512861
    0.665904105 0.518621624 0.18508324 0.726215363 0.437201172
    0.514219642 0.3857674 0.29821384 0.577537656 0.365263373 0.490845114
    0.704559147 0.570757985 0.636277437 0.247345448 0.798045397
    0.313989818 0.679017782 0.878355265 0.541118503 0.35720849
    0.672837913 0.987097025 0.710321724 0.46916005 0.0334153175
    0.109583318 0.309339821 0.630787015 0.711639464 0.569244027
    0.386154443 0.961772323 0.166112632 0.20749408 0.625885487
    0.37025398 0.887875915 0.217240006 0.454068065 0.119897246
    0.57674861 0.0390858948 0.664138317 0.982967615 0.178259194
    0.984121561 0.641398907 0.609031081 0.416276991 0.922146022
    0.678372443 0.705684781 0.404991955 0.0511312187 0.819756627
    0.919566751 0.972736716 0.206294954 0.51600039 0.274044216
    0.349631965 0.574172437 0.375539243 0.829349935 0.615512669
    0.478073657 0.816166222 0.991175473 0.250737846 0.365530074
    0.173211217 0.472524554 0.493386328 0.656280637 0.899744451
    0.174179673 0.28736341 0.572957337 0.153787971 0.318917632
    0.400503755 0.994512916 0.898345709 0.771392465 0.626711488
    0.833020747 0.97765255 0.060059458 0.641771555 0.496938258
    0.456935972 0.392604083 0.866730213 0.292352617 0.83719933
    0.66712898 0.515782535 0.934079826 0.797863841 0.140598029
    0.00243252516 0.00700968504 0.19585222 0.613405466 0.44014433
    0.249836773 0.814523697 0.428281456 0.194241911 0.784716189
    0.352327615 0.551068366 0.425652266 0.989519775 0.141558498
    0.913680434 0.234049916 0.230708838 0.686947465 0.420147598
    0.0901267231 0.76568234 0.955434084 0.386816055 0.176018864
    0.527413785 0.275307119 0.0386819243 0.471429497 0.546857178
    0.149422169 0.342055231 0.0491880774 0.440481216 0.772297859
    0.0625574291 0.623326123 0.744023442 0.829532027 0.189355403
    0.325639814 0.745701492 0.212726742 0.818907261 0.314495832
    0.528960824 0.0247667134 0.144563824 0.923051476 0.932006836
    0.494747669 0.577633262 0.536521554 0.260700524 0.89300698
    0.90796423 0.0314818621 0.180116564 0.319077879 0.475380123
    0.895558178 0.196088493 0.253677279 0.417794973 0.517594635
    0.895288587 0.200634986 0.820759058 0.95509243 0.0151413977
    0.822225094 0.95781225 0.963966608 0.804749727 0.0448054671
    0.747614026 0.74675858 0.74591893 0.915627837 0.331975579
    0.504738033 0.765330374 0.582607567 0.758870661 0.131457597
    0.708101392 0.894857645 0.262700737 0.0933976173 0.8513515
    0.587619305 0.574050307 0.596186876 0.287248731 0.653467 0.415905327
    0.631461263 0.692072332 0.466474026 0.913904905 0.760222673
    0.328408271 0.140255421 0.404028445 0.150243402 0.947037935
    0.0369190276 0.865487278 0.820772529 0.681000352 0.806488991
    0.787797689 0.995643139 0.78724575 0.265566349 0.184518933
    0.947027564 0.659124374 0.755616307 0.825762093 0.771877766
    0.590918064 0.794148803 0.331766367 0.114481062 0.361294717
    0.487803996 0.402130574 0.558105171 0.951168537 0.0379682779
    0.372870803 0.4946329 0.0917060077 0.591742873 0.0122464299
    0.20782733 0.109925389 0.421469748 0.0849668682 0.31290096
    0.83219552 0.0657775998 0.753022075 0.310807288 0.741913795
    0.0695176721 0.169911623 0.602870047 0.421818495 0.543238819
    0.0870894492 0.889429152 0.125042796 0.665739536 0.569375992
    0.872150302 0.0170078874 0.246376395 0.666271925 0.114899755
    0.623361766 0.683525026 0.298812628 0.00160479546 0.183739841
    0.337395191 0.706531584 0.408425391 0.0561370552 0.677228689
    0.51564312 0.91966033 0.905493379 0.934580445 0.140991241
    0.856848061 0.987314403 0.480779856 0.423910707 0.57848388
    0.641954184 0.513872683 0.545685768 0.856094718 0.175802737
    0.471037686 0.472539634 0.0621888936 0.117258787 0.777873516
    0.615893841 0.16741395 0.645612299 0.40445441 0.211756438
    0.120426238 0.140680999 0.283499837 0.456794769 0.12493965
    0.0679726601 0.344731152 0.555215418 0.0842395723 0.771119535
    0.0857371688 0.451607972 0.711735904 0.98670435 0.61804086
    0.499820948 0.414803773 0.252826035 0.913804591 0.649518371
    0.151944727 0.455850899 0.380701751 0.489923894 0.496914119
    0.666281939 0.589419961 0.818500638 0.703070641 0.874965966
    0.0638176203 0.28558749 0.621728599 0.532200873 0.729637384
    0.148993313 0.972621679 0.453662515 0.392479837 0.218199939
    0.0459981561 0.0563595891 0.576553345 0.639235079 0.657655656
    0.315357387 0.410194218 0.0876449049 0.858650327 0.703040719
    0.0388301611 0.681096613 0.813789964 0.557470798 0.0268021524
    0.118056834 0.925114751 0.87734437 0.494392127 0.743367612
    0.399243832 0.0464742482 0.673760235 0.034170717 0.207059473
    0.996815622 0.616449654 0.0827201307 0.793853641 0.967036009
    0.861526728 0.599393189 0.952352881 0.806319118 0.435341507
    0.25638774 0.693611622 0.378543139 0.128590554 0.413277179
    0.930280566 0.411806673 0.864544034 0.560501575 0.930613041
    0.63317275 0.374433547 0.538556933 0.61248517 0.660277188
    0.966514707 0.931356311 0.84585458 0.524068594 0.349080026
    0.265848219 0.168031752 0.367579937 0.17324093 0.480961055
    0.0204760432 0.79694736 0.925947905 0.377532125 0.932696819
    0.973634005 0.932058454 0.183682144 0.0143102407 0.983331084
    0.834866226 0.365607142 0.0429501235 0.210165113 0.122969925
    0.837825477 0.654946506 0.0911275744 0.0451686978 0.536306977
    0.580465317 0.549726248 0.811718583 0.114532977 0.640716434
    0.600736439 0.426629156 0.674751997 0.149095833 0.19428429
    0.590731025 0.615727484 0.553745449 0.851452589 0.21230796
    0.642639995 0.401682884 0.341695607 0.368578494 0.0706284344
    0.840252817 0.188627601 0.896366715 0.375889897 0.770184755
    0.0284571946 0.692555904 0.243240058 0.201971531 0.176718384
    0.24071762 0.120820403 0.398709625 0.163474739 0.016154319
    0.308284521 0.935188055 0.284834683 0.12847963 0.499949485
    0.931127965 0.120953023 0.230188847 0.592681825 0.0579047501
    0.622812748 0.846728563 0.405584693 0.496825546 0.460484624
    0.499600172 0.649367213 0.0360689461 0.266421914 0.0939173102
    0.0564385653 0.610756636 0.254395872 0.248873651 0.922201812
    0.881946206 0.774417996 0.828915 0.927381873 0.988651156 0.21768555
    0.127036214 0.40068692 0.516138613 0.385253012 0.409318954
    0.805286288 0.445523858 0.560539961 0.347945035 0.408117265
    0.199061573 0.0757829845 0.243169159 0.653142095 0.374326468
    0.00747710466 0.214731067 0.708911896 0.330562711 0.745056808
    0.243985534 0.83487922 0.111058325 0.29141435 0.00754514337
    0.98671031 0.69901073 0.522670388 0.552936912 0.00185099244
    0.588443816 0.510385394 0.176207542 0.897006869 0.189611971
    0.176365465 0.0695471168 0.939010799 0.742922127 0.684455156
    0.442998946 0.951556385 0.87721175 0.322431266 0.954523206
    0.725452065 0.323860884 0.887689114 0.116386622 0.559273541
    0.162051946 0.625994921 0.714254975 0.838580608 0.648446083
    0.0902843773 0.114182383 0.318742275 0.665356934 0.716713905
    0.481176376 0.657037914 0.527302623 0.592432857 0.586605608
    0.367214113 0.357233435 0.884615779 0.809040308 0.77438587
    0.783664882 0.141031206 0.276058376 0.173497826 0.963959336
    0.989130318 0.29790774 0.948715329 0.977577209 0.470114887
    0.860230744 0.95955193 0.449285448 0.325415432 0.282541335
    0.624589801 0.975991368 0.438640654 0.388085276 0.599651754
    0.540354908 0.716895461 0.744379997 0.609318495 0.708213091
    0.853811085 0.235344678 0.136259168 0.179909945 0.641821623
    0.72646904 0.90349859 0.816722751 0.836376667 0.0683265924
    0.615073085 0.866118133 0.155515015 0.504856884 0.560110569
    0.386759907 0.668584228 0.869040012 0.565259516 0.575434327
    0.293593585 0.146365583 0.666191339 0.984125972 0.375421315
    0.763754666 0.225895464 0.770052493 0.144757152 0.569443226
    0.121591926 0.108503193 0.875693738 0.867026806 0.994538546
    0.522723436 0.816262364 0.786680579 0.69433701 0.247886747
    0.416945696 0.422438532 0.073605299 0.211007178 0.253089666
    0.663636625 0.581344008 0.0775907338 0.165663838 0.977544665
    0.397333711 0.220650434 0.437999099 0.167224288 0.0173936486
    0.151651293 0.216063142 0.3271752 0.677177727 0.953092754
    0.582554102 0.450290918 0.838291228 0.0287703574 0.917354465
    0.707439005 0.991347909 0.317727625 0.630140185 0.860758781
    0.860441566 0.635277987 0.925103784 0.668174863 0.66114825
    0.51815778 0.291681081 0.131712139 0.834432244 0.362621963
    0.45565626 0.516842425 0.732703447 0.754534006 0.46284613
    0.0689077973 0.890473604 0.408048272 0.152695358 0.799563766
    0.588647246 0.568331122 0.342901289 0.296083063 0.815853715
    0.286076427 0.456531852 0.425121486 0.0361879766 0.99994123
    0.367982239 0.91579622 0.14334619 0.314498186 0.897183955 0.77236551
    0.32375133 0.801632166 0.36071676 0.797014356 0.44273594 0.231248617
    0.896391749 0.316450655 0.938109279 0.773535252 0.732697248
    0.736393809 0.391042382 0.24699837 0.9691661 0.86610508 0.393193036
    0.788949251 0.415661126 0.991515875 0.293709457 0.107216418
    0.80381602 0.115472466 0.839443088 0.610164523 0.242718071
    0.719580531 0.4161973 0.044077009 0.0258073509 0.607464433
    0.587364197 0.986644745 0.739719748 0.265621066 0.92364794
    0.380723894 0.412656546 0.0183511972 0.588727355 0.168559134
    0.277442455 0.199840575 0.870756686 0.623603523 0.00506317616
    0.943861365 0.0700226426 0.31861499 0.287423968 0.252052903
    0.864003778 0.174737871 0.103495896 0.94553256 0.909195662
    0.994694114 0.414893687 0.851128221 0.122903526 0.110635132
    0.181112587 0.784638166 0.559809387 0.748430014 0.748177469
    0.737996101 0.612934768 0.0211256444 0.0223534703 0.927736521
    0.880690098 0.419617474 0.745654702 0.146607399 0.639246166
    0.778442442 0.147414684 0.989104748 0.887880087 0.690113306
    0.92630291 0.401452482 0.833550215 0.23680076 0.887945294 0.89965415
    0.850674689 0.206742138 0.599651456 0.310846597 0.889998555
    0.71226573 0.980022788 0.932171881 0.532874227 0.0449568331
    0.550664008 0.0417205393 0.849598885 0.473218203 0.925965607
    0.726083875 0.850915134 0.179021686 0.705323339 0.112473071
    0.858341932 0.65464747 0.729500532 0.644262791 0.469902962
    0.0557538569 0.490840763 0.845403075 0.760483861 0.939174473
    0.547484219 0.983287454 0.315035045 0.857333422 0.128110677
    0.502169788 0.246042579 0.667391062 0.298170358 0.433454007
    0.403589606 0.0809418857 0.995120943 0.803736329 0.0491123796
    0.913063288 0.781036973 0.743290544 0.980900228 0.891727209
    0.280125737 0.642041445 0.778117895 0.0628835559 0.641804576
    0.253543794 0.642855406 0.954910517 0.935614109 0.881689906
    0.448127478 0.632553816 0.629851222 0.839744329 0.0462165475
    0.975861907 0.717069983 0.182986647 0.263223171 0.541484773
    0.380730629 0.50795567 0.208928347 0.258041918 0.615402997
    0.0610548854 0.78062284 0.226003349 0.285845041 0.408184409
    0.367328823 0.0317477584 0.767365277 0.327202767 0.972679734
    0.828002095 0.345064729 0.528897464 0.578453541 0.685890257
    0.0493102074 0.540438712 0.95107305 0.112079531 0.436942369
    0.698122978 0.281648219 0.631603241 0.417475879 0.937881112
    0.525551021 0.318605244 0.00281557441 0.0172615945 0.485320032
    0.682651579 0.188407421 0.756346703 0.433045894 0.89036411
    0.876546621 0.606675088 0.410724491 0.732144594 0.988339186
    0.156819582 0.862422764 0.545029044 0.0576323867 0.782316685
    0.536810458 0.815775275 0.337599933 0.296060026 0.901417375
    0.047285825 0.490048081 0.846562386 0.165506572 0.416858643
    0.56408602 0.382556468 0.923601508 0.911341786 0.482772499
    0.395923913 0.20383364 0.507928431 0.914872825 0.0511435568
    0.113515139 0.738870323 0.103387386 0.544708192 0.493664831
    0.418220401 0.184178144 0.294537127 0.809149623 0.827163219
    0.663398981 0.303765506 0.0518658459 0.996558189 0.815841019
    0.956275403 0.0121527016 0.172228694 0.305422604 0.153724581
    0.733606577 0.323503584 0.353078425 0.0308316946 0.82629329
    0.875914097 0.627532899 0.117850333 0.558449388 0.0154645145
    0.975324571 0.741794407 0.8829633 0.637764573 0.838424563
    0.0409748852 0.62080133 0.000373631716 0.910570264 0.921931267
    0.521528721 0.87437886 0.40281567 0.269183755 0.59373343 0.409107864
    0.509477615 0.795635343 0.149908721 0.117084831 0.287740976
    0.124667108 0.882412314 0.361382991 0.996000588 0.957230449
    0.770537615 0.262846649 0.0196189284 0.0563073754 0.498944312
    0.461635798 0.560938835 0.122019589 0.392675608 0.183390737
    0.616803288 0.515889049 0.779979587 0.302289486 0.23527512
    0.766906977 0.0270995796 0.355792254 0.138283134 0.943329573
    0.0394209027 0.927596331 0.0162206292 0.325423181 0.262548208
    0.893155098 0.724240005 0.584764719 0.730457306 0.407965183
    0.443861306 0.334249884 0.786817133 0.218689203 0.712729633
    0.709703743 0.821496844 0.759261727 0.201455802 0.577971637
    0.0266354382 0.708645523 0.329024255 0.175074726 0.530507028
    0.346444786 0.375310689 0.46876803 0.149453461 0.563769519
    0.915583968 0.885800719 0.918238759 0.852376699 0.732647538
    0.191178232 0.183936626 0.261568725 0.49948284 0.529956043
    0.768435419 0.55348444 0.706438661 0.90532434 0.124451905
    0.200067431 0.438675374 0.685858011 0.0233829319 0.778016329
    0.36039716 0.147235632 0.627654552 0.861151218 0.545373857
    0.44712168 0.187269241 0.509116948 0.199061811 0.618385851
    0.599025965 0.280272782 0.348398209 0.131136954 0.319143713
    0.938519478 0.281387746 0.679603696 0.167619199 0.789335728
    0.697133839 0.0119651258 0.949700713 0.619066119 0.426780283
    0.79707849 0.353701562 0.560708821 0.873850822 0.81756568
    0.0427140892 0.617963612 0.381546289 0.659065008 0.440631241
    0.403041273 0.547507823 0.877682149 0.362122089 0.626104832
    0.828273892 0.81708914 0.700308681 0.745680094 0.289519072
    0.0116965175 0.844448566 0.943284392 0.341129661 0.247350752
    0.0621492565 0.0309428573 0.813296556 0.341272652 0.854403615
    0.471898824 0.736449957 0.711791396 0.116922557 0.0611985922
    0.97131896 0.684771061 0.726534128 0.688489139 0.720218658
    0.948831439 0.604449272 0.133611292 0.479242563 0.342496961
    0.157445312 0.136827856 0.989212096 0.84644419 0.949731052
    0.310459971 0.716572404 0.991061926 0.832764328 0.0745072663
    0.248795301 0.331598312 0.462104589 0.448325932 0.322246015
    0.408353031 0.848797441 0.229545087 0.31559664 0.0321283638
    0.40369916 0.698848903 0.829626799 0.597186208 0.336861551
    0.209347248 0.199265629 0.769277811 0.907007933 0.704822958
    0.447268069 0.551202893 0.725519836 0.308186769 0.279050171
    0.374329418 0.810311198 0.408477336 0.792420149 0.92858243
    0.364571631 0.767299831 0.112137854 0.812738836 0.463884056
    0.582448781 0.122139573 0.691584945 0.0315512717 0.668330789
    0.921587169 0.167986691 0.240069479 0.536155581 0.398607999
    0.551179051 0.303903937 0.551336229 0.449191481 0.581000328
    0.545469522 0.583428681 0.555688679 0.418935537 0.645314217
    0.558288038 0.535528362 0.646659255 0.0335003734 0.0978509188
    0.97589004 0.48927772 0.668844759 0.736288607 0.516334355
    0.0849916935 0.924034059 0.43146199 0.594282389 0.885075569
    0.910870075 0.416522026 0.178758144 0.347312987 0.2531389
    0.011349678 0.692376256 0.249446183 0.595290244 0.522845864
    0.430992663 0.0502678454 0.0138221085 0.818537951 0.0494213104
    0.173107952 0.158766121 0.562168717 0.486570001 0.158761948
    0.503507853 0.27846548 0.745389104 0.926266551 0.658287406
    0.803312123 0.18615979 0.605909169 0.016761452 0.931018829
    0.89669919 0.0263246596 0.126558721 0.346905589 0.824579954
    0.231238157 0.0852138102 0.0157027245 0.493626267 0.673870921
    0.757399917 0.444282562 0.348655939 0.207266718 0.103113532
    0.437800974 0.136138171 0.0106991231 0.822638154 0.0948432386
    0.377883554 0.339419425 0.747822046 0.785449028 0.981558919
    0.608098567 0.872920692 0.110490143 0.336124003 0.539092004
    0.901157856 0.276843607 0.676065445 0.255159914 0.176565677
    0.747343063 0.931913137 0.00184416771 0.270728618 0.42177707
    0.711077154 0.308563054 0.518330932 0.81423378 0.068883419
    0.386083901 0.527602792 0.99708426 0.487188727 0.269152999
    0.426196367 0.524501145 0.172091872 0.427059352 0.590193629
    0.31461519 0.135450184 0.547528267 0.00227540731 0.532561541
    0.933686972 0.726000309 0.864982724 0.393820256 0.212453038
    0.931254864 0.238069385 0.431417912 0.158996701 0.369640052
    0.0111225247 0.484983444 0.483072937 0.670579672 0.826583922
    0.514608026 0.608888686 0.216632128 0.742019534 0.866010845
    0.801657677 0.0371669829 0.277979732 0.58858043 0.10303092
    0.841067314 0.351574302 0.160835445 0.871798515 0.0806425214
    0.0961388052 0.207561523 0.572971582 0.221703351 0.88315618
    0.86695075 0.690437675 0.432130933 0.967085719 0.525435925
    0.313252002 0.860549212 0.276248783 0.662258804 0.453932106
    0.0673397481 0.135981202 0.795757651 0.573624611 0.249268621
    0.591727555 0.649021149 0.469739497 0.700252652 0.964344501
    0.315920115 0.163716674 0.751782179 0.276371598 0.292576462
    0.539512992 0.994965196 0.985434532 0.552432775 0.720601559
    0.490427822 0.202039421 0.680739403 0.98197484 0.601516426
    0.886525631 0.91870445 0.545433283 0.883229852 0.651252747
    0.690674663 0.488330841 0.969388962 0.231547654 0.400952607
    0.560219824 0.448065221 0.181288511 0.979808807 0.393646598
    0.170998782 0.622771323 0.626012683 0.404883444 0.904867351
    0.809482217 0.28963834 0.0439078212 0.680704653 0.810050845
    0.0170041621 0.831978321 0.934978604 0.613963187 0.962934375
    0.0232146084 0.476498961 0.675355136 0.774009347 0.530117631
    0.807854891 0.0920029879 0.707019091 0.570405841 0.484359205
    0.645293713 0.809683442 0.0202027559 0.665916324 0.715297818
    0.394401073 0.42926681 0.704946399 0.71464926 0.699525595
    0.490497887 0.758718193 0.275625378 0.0751499832 0.268149018
    0.00786301494 0.320970774 0.170149595 0.318019688 0.489816993
    0.29672569 0.207099468 0.12113902 0.936452687 0.598489165
    0.144242734 0.720959961 0.248091877 0.606871963 0.181587636
    0.0414892137 0.538828969 0.816269994 0.24946475 0.35918653
    0.682971954 0.154098451 0.323004097 0.255847156 0.383673906
    0.840394616 0.0908336043 0.127488375 0.729413033 0.955812097
    0.840698123 0.99455601 0.527300537 0.646564603 0.406879783
    0.474071801 0.112927318 0.906089127 0.961910844 0.107582748
    0.808613181 0.742925942 0.891252339 0.35164547 0.847826838
    0.840839386 0.957208633 0.48652485 0.252954364 0.684505224
    0.319433868 0.726592779 0.585161448 0.309540212 0.872970283
    0.190362692 0.465060413 0.680917144 0.596375644 0.220692992
    0.600652575 0.671424091 0.0313680768 0.331421196 0.221895218
    0.32524538 0.34023723 0.899482727 0.452603757 0.599066556
    0.0399852693 0.555520296 0.866836369 0.949587524 0.672849178
    0.208129615 0.418543547 0.296945989 0.497918874 0.264546305
    0.699397683 0.571301103 0.41605112 0.011834085 0.40779236
    0.481286377 0.645547152 0.528832316 0.237608522 0.558915615
    0.89764142 0.135234267 0.556917429 0.845215857 0.219159812
    0.794267952 0.0810004175 0.310065687 0.41886881 0.84730494
    0.878278971 0.890416145 0.283064187 0.227148592 0.859878957
    0.086220026 0.598157763 0.303034902 0.576383412 0.773649454
    0.912836134 0.616173327 0.71231997 0.674286842 0.812147856
    0.0926114917 0.0244212151 0.508856952 0.0521875918 0.405656219
    0.728502393 0.55780983 0.778725863 0.190467566 0.0648908019
    0.809798956 0.191330165 0.374195457 0.383164465 0.223942608
    0.392026365 0.277419627 0.762196183 0.188847125 0.718813658
    0.584275544 0.755708277 0.718129992 0.530303419 0.62852782
    0.472357988 0.547259212 0.850139499 0.710208058 0.8205688 0.57803911
    0.518806219 0.934462726 0.717258692 0.0944538116 0.791579068
    0.823808312 0.959245443 0.869843483 0.346076071 0.897583485
    0.895422935 0.517293036 0.292955816 0.20270735 0.75615412
    0.645910978 0.968117177 0.657812774 0.018142879 0.718980134
    0.346143872 0.88713026 0.17120862 0.430532962 0.237006575
    0.113687128 0.807193875 0.535125375 0.827512145 0.484804183
    0.389489055 0.534733534 0.0650922954 0.991198778 0.428134352
    0.336408079 0.389298975 0.962294459 0.9154526 0.609473944
    0.413206011 0.302029938 0.836532891 0.296902776 0.423271805
    0.656321347 0.0697475672 0.645691633 0.565120697 0.56975913
    0.923723459 0.631402791 0.55792129 0.97572732 0.0613674819
    0.0892925262 0.395573884 0.398044199 0.591356933 0.337693572
    0.764347315 0.370422423 0.814344764 0.205492049 0.30387184
    0.729429364 0.484754562 0.859078586 0.0719123781 0.0956065059
    0.0531260073 0.32645452 0.638684034 0.302543581 0.972007632
    0.779540539 0.705385804 0.915605068 0.737855613 0.230952591
    0.78562057 0.149335504 0.981930017 0.309893847 0.507963896
    0.794914484 0.953769088 0.054290086 0.36814338 0.671353161
    0.582620561 0.587727666 0.221698195 0.207090706 0.741969764
    0.197460026 0.618813872 0.343235433 0.752923727 0.912541091
    0.646661341 0.306864381 0.992217898 0.783662498 0.236088455
    0.714621127 0.374654114 0.422802895 0.975531101 0.514635623
    0.395760328 0.863931179 0.216437161 0.406605005 0.992419899
    0.986669302 0.846934319 0.972619295 0.53043288 0.51987952
    0.450358272 0.147835046 0.421790689 0.291438937 0.869207501
    0.511909068 0.489026397 0.555968165 0.983017027 0.15284574
    0.366610527 0.112012953 0.11306724 0.625955701 0.717745781
    0.373151064 0.603687465 0.45443818 0.997679353 0.267302215
    0.599321365 0.796152413 0.517615914 0.657161295 0.0134024024
    0.534625828 0.609328032 0.997135162 0.445039272 0.142163277
    0.405981749 0.777833164 0.992762744 0.0852285028 0.0317205489
    0.0677965879 0.130089402 0.60040307 0.168405771 0.656764209
    0.436649799 0.85800457 0.732871354 0.0138491988 0.442222178
    0.211179107 0.220077217 0.856821954 0.763776422 0.0981455445
    0.411698818 0.22706598 0.380175918 0.5336622 0.75447768 0.255527914
    0.32705456 0.866491616 0.82251054 0.442433 0.803064346 0.898316443
    0.862292647 0.0795478821 0.579454899 0.918724418 0.195993036
    0.707841516 0.581483126 0.119960755 0.674810588 0.734591961
    0.234110266 0.637276411 0.0183806717 0.670492113 0.252595723
    0.720324278 0.525736153 0.0468625724 0.611001551 0.620293915
    0.448463321 0.176812619 0.548852324 0.0349400342 0.257678777
    0.428234696 0.589860618 0.705214441 0.957571983 0.0906627774
    0.0299112201 0.961081505 0.136993915 0.381964594 0.39978826
    0.746406853 0.806528509 0.561077714 0.61696583 0.160779089
    0.470896155 0.429798216 0.634311557 0.450910717 0.882602751
    0.988929152 0.855749846 0.928999543 0.16219762 0.827566087
    0.420314968 0.29058814 0.950169206 0.221042335 0.0655906498
    0.486834347 0.169975698 0.396203071 0.891478956 0.256754041
    0.307062984 0.389599502 0.022963196 0.249566048 0.971919894
    0.312219262 0.804008245 0.295860708 0.664186954 0.155152172
    0.0434241891 0.757476449 0.155387312 0.481238246 0.368927062
    0.505286694 0.64215076 0.554871082 0.0792262852 0.0548671186
    0.947822988 0.151443839 0.268666148 0.754771352 0.976504266
    0.29846561 0.548569858 0.542330503 0.562911093 0.685520709
    0.762984872 0.616949975 0.128253907 0.475111216 0.429396331
    0.435127586 0.601384878 0.742667556 0.170689404 0.13103956
    0.894080281 0.0105113387 0.931755781 0.882092357 0.64185369
    0.981584966 0.0981844664 0.885663152 0.34783119 0.193589211
    0.762762129 0.175271183 0.238107532 0.0154275298 0.66174072
    0.351086229 0.715936244 0.704711914 0.0378353 0.939177632
    0.0606310368 0.649559081 0.315664887 0.644949317 0.980596244
    0.103220552 0.0369772911 0.354958296 0.541383147 0.939159155
    0.607022405 0.751439095 0.0620980263 0.188490063 0.944731176
    0.518218935 0.730502784 0.992810845 0.705125153 0.133252561
    0.820622802 0.0761095881 0.538757741 0.265403122 0.211802393
    0.586854637 0.914950132 0.99543643 0.247475594 0.215730727
    0.347508103 0.157627136 0.824697852 0.479875207 0.727705061
    0.478714526 0.415151805 0.118887365 0.399687618 0.620954871
    0.20956701 0.45416382 0.587006807 0.620564997 0.895974874
    0.765818596 0.00743305683 0.400314718 0.292847395 0.391674459
    0.815624774 0.785679042 0.583152056 0.80539 0.411108553 0.487904668
    0.533424735 0.916234255 0.191598177 0.195863575 0.416059911
    0.743535757 0.603578031 0.727031827 0.144844294 0.374771923
    0.929721057 0.896006227 0.303821325 0.00940153003 0.199835241
    0.539701045 0.0684179068 0.204615653 0.618085861 0.346047848
    0.292034984 0.817140698 0.0847235024 0.329833269 0.58412987
    0.622974992 0.881490648 0.919032872 0.661549807 0.785895586
    0.0115321577 0.736796021 0.434504688 0.333391696 0.852957249
    0.295462817 0.338841677 0.238616079 0.224140644 0.434162885
    0.278693259 0.566743731 0.708414853 0.622893155 0.951548517
    0.519884527 0.990649223 0.164013535 0.785645008 0.480660707
    0.115274936 0.326609492 0.106465936 0.604316473 0.501476347
    0.497613728 0.72812748 0.0609993339 0.457887292 0.200704128
    0.133171707 0.0616641343 0.0254597366 0.108499438 0.606651127
    0.914756417 0.970057487 0.0542377234 0.0749553442 0.925411224
    0.36341995 0.62991327 0.55018115 0.488586843 0.17401284 0.116237253
    0.883971632 0.704465866 0.421260327 0.854204059 0.386340767
    0.736419678 0.729045093 0.56336838 0.21733281 0.0546639264
    0.995749772 0.193011731 0.804791629 0.754493475 0.741422176
    0.311901212 0.235920876 0.360049546 0.557107449 0.731350958
    0.934382677 0.57426554 0.27357319 0.645318449 0.391624391 0.56493026
    0.888401151 0.0284376144 0.0450018942 0.18895629 0.96607542
    0.232699215 0.669440269 0.579238594 0.600555956 0.467761517
    0.974637032 0.479733348 0.937345505 0.78739053 0.519697905
    0.457178712 0.966260254 0.985359788 0.328793943 0.909799576
    0.404697835 0.835367799 0.435244352 0.173654497 0.190908432
    0.221385598 0.0756786168 0.28456229 0.617836356 0.949852943
    0.0169717073 0.0860771537 0.787147522 0.544543326 0.00750163198
    0.206667781 0.834918976 0.927226484 0.700306058 0.13755694
    0.308424473 0.400427669 0.0370615423 0.298338413 0.581689
    0.682541311 0.759096622 0.0804885924 0.820905507 0.0505688488
    0.371711642 0.753694892 0.662515402 0.0366602242 0.216272682
    0.793391764 0.284530282 0.106350303 0.907049179 0.344709516
    0.429717541 0.10741505 0.411698043 0.562948287 0.369174421
    0.570426702 0.578892589 0.0661959946 0.360473782 0.146831542
    0.0201435089 0.144727707 0.344361365 0.0341941118 0.619678676
    0.599194169 0.054359436 0.749290645 0.396525443 0.532526076
    0.807342887 0.529736996 0.026537925 0.36683166 0.270175993
    0.529559195 0.145625353 0.82970655 0.57014358 0.841323614
    0.989085019 0.516022503 0.55745399 0.793655932 0.274470508
    0.698905528 0.262807906 0.554021835 0.927329302 0.184423983
    0.760363102 0.256873906 0.750779033 0.442329764 0.548592925
    0.233082652 0.106679857 0.95586586 0.274342418 0.96511054 0.48532626
    0.416618258 0.252441525 0.191968292 0.600300074 0.214279652
    0.715128362 0.410534382 0.160503954 0.629687965 0.982010961
    0.0239117444 0.331936032 0.810375929 0.628418863 0.272817075
    0.463439107 0.688472748 0.375728726 0.499667645 0.430704921
    0.259239852 0.89090991 0.182767868 0.505586505 0.637388825
    0.173085809 0.985945702 0.36971724 0.945985079 0.95397532
    0.678384662 0.861633062 0.870388508 0.0524093211 0.966509223
    0.95791924 0.284253955 0.0980628431 0.365859956 0.697672844
    0.689683259 0.299636245 0.0482698083 0.190246552 0.480938405
    0.463222682 0.109872431 0.127696127 0.0771450102 0.225329459
    0.696062684 0.752184629 0.315161109 0.775313497 0.14222014
    0.850543618 0.0521616638 0.0281675458 0.154287577 0.914627552
    0.0533671975 0.660492599 0.932226181 0.277004808 0.0812787116
    0.059086144 0.901591539 0.839349389 0.196700841 0.484933645
    0.0905744731 0.321537018 0.465248585 0.162550956 0.392077804
    0.626424193 0.345037907 0.336483896 0.838944614 0.801990986
    0.589611888 0.962206841 0.981656551 0.720499575 0.405970365
    0.077057898 0.741649866 0.541576385 0.65643239 0.201312035
    0.436106861 0.890523911 0.404265642 0.281652242 0.394426286
    0.472440988 0.808669984 0.215682 0.442361832 0.0298602581
    0.325335413 0.0421912968 0.398816884 0.198121458 0.807615995
    0.00395917892 0.83237195 0.468250841 0.094099462 0.902649403
    0.572210968 0.908612132 0.734812081 0.442680418 0.739551425
    0.622836232 0.335299253 0.20122245 0.489909679 0.814843655
    0.531329691 0.105083466 0.672223032 0.873067379 0.406695455
    0.552066267 0.396860361 0.27018556 0.299943447 0.736905694
    0.795851469 0.037982136 0.00105568767 0.446098119 0.54135412
    0.717801213 0.929126978 0.952934384 0.00371545553 0.60609585
    0.154227972 0.141965687 0.433977515 0.300311625 0.62482655
    0.692796469 0.432413071 0.854730844 0.393396854 0.100375563
    0.154047698 0.223913938 0.948724508 0.886910558 0.44636184
    0.140535206 0.352162123 0.874497652 0.446069509 0.385880291
    0.589609683 0.64091146 0.616548598 0.459677458 0.91330725
    0.229947895 0.0848549008 0.0611477792 0.37112838 0.370647311
    0.555722535 0.156382143 0.966564536 0.987566113 0.0991434157
    0.757174253 0.788336039 0.437007368 0.699559093 0.0724268556
    0.595421553 0.857213855 0.405623257 0.190595448 0.0297221839
    0.899968863 0.375333667 0.64027673 0.211906224 0.580387175
    0.413059056 0.289640278 0.919966102 0.718782067 0.818356335
    0.373553038 0.488577485 0.613278508 0.143730372 0.989233792
    0.0728615522 0.751526356 0.134642333 0.238328606 0.372463495
    0.0431151688 0.0482803583 0.707674921 0.503494322 0.451011091
    0.600043178 0.928019404 0.903158903 0.731774092 0.198638529
    0.0430061817 0.769977331 0.706593335 0.3143664 0.141543835
    0.346815258 0.50160104 0.569942534 0.986206174 0.271447182
    0.0146059096 0.100225627 0.331447184 0.967880726 0.863044322
    0.145472288 0.301536202 0.0566449761 0.631479621 0.0615985096
    0.806764841 0.681648731 0.454378247 0.228953093 0.720597625
    0.774918497 0.750787854 0.440143198 0.587716043 0.85846132
    0.552102864 0.380537838 0.851968765 0.330296218 0.567429185
    0.485439837 0.447898626 0.872531533 0.978256106 0.406158864
    0.500181139 0.243886352 0.763784289 0.491790444 0.712766588
    0.129559338 0.731122851 0.119944543 0.320621967 0.685579956
    0.497290939 0.396305799 0.411618888 0.268629253 0.770544171
    0.101518363 0.608195662 0.638561785 0.164597601 0.904976487
    0.635666668 0.420581043 0.898261428 0.649848104 0.526155055
    0.175837785 0.439981669 0.687608063 0.588664174 0.237825036
    0.37575376 0.298347086 0.450119108 0.811092973 0.22145772
    0.0664439499 0.351346731 0.538433671 0.666162133 0.492797464
    0.357578158 0.90725112 0.379767358 0.649894655 0.250091374
    0.359707236 0.697994947 0.772572398 0.145476222 0.194341779
    0.312698156 0.976500511 0.846707702 0.566673517 0.520012498
    0.467554063 0.166677833 0.247321784 0.195576757 0.752068698
    0.149327248 0.442791164 0.492365509 0.534466445 0.0702912509
    0.602651596 0.427051336 0.917494178 0.272394836 0.741130769
    0.0345162451 0.458017588 0.199220181 0.000319331884 0.872398198
    0.86456883 0.162892818 0.0400557518 0.349386752 0.00393474102
    0.961499274 0.972695231 0.786091805 0.397853166 0.00312381983
    0.190851539 0.990959644 0.218858749 0.16245079 0.721228659
    0.647961497 0.0961861014 0.988643169 0.86986959 0.764325261
    0.453006268 0.96629411 0.772348404 0.509840131 0.441334486
    0.443164021 0.0324571133 0.829200804 0.0167891979 0.982365608
    0.251155853 0.628917933 0.986143351 0.839530468 0.413734496
    0.551158726 0.369135737 0.651391566 0.950956345 0.622463822
    0.234599829 0.0805194676 0.479480386 0.111693263 0.284131408
    0.0811891258 0.703753233 0.549022377 0.0840230584 0.826602578
    0.388941944 0.799372554 0.410159767 0.743492365 0.523137987
    0.0280838907 0.0974314213 0.900923133 0.0527461469 0.483660281
    0.545780241 0.616450667 0.30886969 0.319163293 0.813162684
    0.111009449 0.475877732 0.734337926 0.539527655 0.363785595
    0.219330907 0.955005288 0.675060153 0.0220765173 0.337270111
    0.133107007 0.116075814 0.114069611 0.299783587 0.844112396
    0.420464188 0.458211273 0.406744778 0.345710576 0.470638275
    0.557555139 0.872036815 0.111447543 0.064741075 0.356488407
    0.227733165 0.89482969 0.84717226 0.349529326 0.604114473
    0.729086936 0.710001349 0.340266645 0.555150747 0.0657962859
    0.563433647 0.882635951 0.557097495 0.64648813 0.512333512
    0.79912293 0.652400434 0.361198008 0.695002973 0.870666206
    0.966887236 0.0358166695 0.584303796 0.0927512944 0.955937028
    0.629955769 0.937637687 0.0613440275 0.0450969636 0.454950839
    0.651408792 0.898842812 0.436484843 0.875623465 0.314711958
    0.309386194 0.133924544 0.299985617 0.301427752 0.688575506
    0.327172756 0.437819362 0.312913895 0.933587432 0.738162041
    0.00382459164 0.158200204 0.2118361 0.745100975 0.0899945498
    0.378840655 0.219843298 0.90070802 0.684255838 0.424638689
    0.446813881 0.436809361 0.492906481 0.368715286 0.350862086
    0.917629361 0.129301757 0.0556667149 0.0409622192 0.489290267
    0.397882044 0.375084996 0.568099082 0.211676508 0.545687079
    0.801050901 0.296362996 0.41073364 0.591341555 0.529818714
    0.831915736 0.508282602 0.337066293 0.22156772 0.289191991
    0.164212406 0.694309235 0.559175372 0.527424812 0.0863789022
    0.902079344 0.598637283 0.0129036307 0.368103266 0.35580349
    0.779102862 0.638408482 0.155909926 0.0310050547 0.15953669
    0.0979781747 0.734712422 0.50767386 0.723828733 0.583940744
    0.840341926 0.974279642 0.083861798 0.403643727 0.71799171
    0.381985366 0.162674159 0.112804592 0.510947526 0.633142054
    0.391021371 0.321032494 0.208524615 0.438680649 0.303602874
    0.303032339 0.613452077 0.199441582 0.607148468 0.929937363
    0.469791889 0.0124391913 0.632050395 0.324814081 0.676095903
    0.529662311 0.648907244 0.508340716 0.754802883 0.344029695
    0.525800169 0.57941407 0.654551864 0.785846114 0.101619244
    0.724054456 0.867518187 0.613632917 0.0980925858 0.541634738
    0.833973289 0.812889993 0.572575748 0.97959578 0.559722543
    0.115814626 0.674218297 0.640076995 0.534567952 0.127049357
    0.940806925 0.308430195 0.493184358 0.791223407 0.174922407
    0.769976616 0.649272144 0.00293958187 0.299685985 0.948101342
    0.402548611 0.278397888 0.500062048 0.163009584 0.652531981
    0.843111277 0.0251440704 0.853877187 0.438077867 0.141984046
    0.395520329 0.854946792 0.0999743342 0.850794315 0.587093353
    0.619111478 0.95543921 0.0508470535 0.713158369 0.963142216
    0.490979224 0.486354798 0.385210872 0.716066658 0.374334484
    0.948072851 0.57333678 0.472998649 0.754587114 0.738853693
    0.339096785 0.143954247 0.212132633 0.838538229 0.145349085
    0.569823384 0.586898983 0.693539262 0.954534888 0.427520156
    0.524373353 0.370229393 0.439074159 0.934414387 0.434630305
    0.98909831 0.456012279 0.674466074 0.416566491 0.724051237
    0.047193408 0.800229371 0.859065652 0.372339666 0.366200686
    0.153167009 0.3585729 0.192967951 0.0182346702 0.883355737
    0.202838898 0.82378602 0.328499079 0.974485815 0.506671071
    0.0996442735 0.0957338214 0.843762457 0.689258218 0.134349525
    0.878447533 0.158024907 0.94461596 0.894552588 0.732357323
    0.942985535 0.556096554 0.977641284 0.722305357 0.48007375
    0.459117651 0.337692082 0.991078734 0.106925577 0.624745369
    0.537176609 0.0333934426 0.184054226 0.391565859 0.695676804
    0.194052428 0.0895234048 0.105266243 0.766019106 0.695243835
    0.194283009 0.918632329 0.846849918 0.239448398 0.999299526
    0.971820652 0.779651403 0.518979788 0.0923942029 0.492574573
    0.27609086 0.154938459 0.8781389 0.559325457 0.506767452 0.650995135
    0.296744347 0.590538144 0.344283044 0.660672367 0.235843897
    0.855879545 0.929899693 0.0429553092 0.0580747128 0.954265594
    0.893806815 0.614190638 0.873072982 0.775365591 0.240723431
    0.449146777 0.121827245 0.870034635 0.060056895 0.61918956
    0.775250077 0.41399163 0.324873894 0.663679004 0.216231942
    0.284559488 0.145647049 0.144292891 0.337246627 0.513568878
    0.0569468737 0.866064429 0.0646349192 0.0721901655 0.318448424
    0.840636969 0.697191715 0.0298895538 0.999079704 0.479025811
    0.00655600429 0.769882798 0.452959657 0.649431229 0.52289474
    0.0040910542 0.59490788 0.868780017 0.350103468 0.587720513
    0.217718244 0.0933254659 0.717858374 0.490247369 0.485831499
    0.416237414 0.99863553 0.946399748 0.878384948 0.259090513
    0.860609651 0.0259571373 0.662168622 0.0102009475 0.18287462
    0.265459657 0.446126014 0.676207542 0.741173744 0.737301409
    0.525996685 0.920005739 0.513099372 0.692649662 0.563218176
    0.523691893 0.150383085 0.81050837 0.901808143 0.966780186
    0.818399072 0.0229993761 0.62781626 0.557522953 0.683838069
    0.0525974929 0.989961505 0.358917326 0.728485584 0.990713835
    0.343450487 0.349144816 0.208350778 0.326725662 0.537875533
    0.915966034 0.585900545 0.794759154 0.103914469 0.534349561
    0.472707868 0.262481272 0.520025074 0.65881598 0.74758929
    0.408424407 0.342912376 0.557600319 0.861377001 0.85662353
    0.562965393 0.49651897 0.754127979 0.973411381 0.714757442
    0.395828396 0.398904979 0.683553994 0.96492815 0.268843621
    0.0902357697 0.429881275 0.576579809 0.845198631 0.95560801
    0.213471025 0.260681659 0.15220198 0.953134894 0.223039061
    0.894062936 0.047347486 0.449892759 0.561716139 0.310696125
    0.805425525 0.271899551 0.127371103 0.0437171459 0.679330409
    0.755217493 0.880936623 0.343791544 0.764427543 0.862596273
    0.122269511 0.530763209 0.53166604 0.973581493 0.253786296
    0.344722182 0.41162473 0.543792188 0.929219484 0.312035978
    0.254863173 0.152518839 0.366906732 0.794551373 0.0690762699
    0.129471987 0.969302237 0.858589172 0.39684388 0.98352176
    0.142688453 0.0587033629 0.782819033 0.71389389 0.997767091
    0.176443458 0.268286407 0.37995851 0.222540736 0.540420055
    0.375773072 0.636094451 0.87739718 0.378809035 0.719147205
    0.337596238 0.21491164 0.301028669 0.31278491 0.197107553
    0.445568234 0.917663932 0.10189414 0.838270664 0.0828426182
    0.0807606876 0.966993451 0.193043023 0.979489386 0.216150671
    0.103233844 0.99611342 0.0280877054 0.949227571 0.97012496
    0.768827319 0.982976317 0.759874582 0.473901808 0.133119315
    0.198634326 0.0958429575 0.213599473 0.319150567 0.00786340237
    0.463716984 0.977206588 0.730577409 0.651296258 0.111905634
    0.244615257 0.834258437 0.577823699 0.9023844 0.921736777 0.12634778
    0.425751597 0.999357462 0.912686229 0.957810283 0.149262577
    0.325360358 0.23423022 0.4243007 0.480595291 0.564180851 0.35491702
    0.131272703 0.91132915 0.223520458 0.0287087262 0.388514042
    0.103524148 0.456355542 0.681861341 0.261596859 0.51742667
    0.174054921 0.861125827 0.773869753 0.123595506 0.606238782
    0.484099805 0.193409383 0.114319205 0.00792375207 0.418690801
    0.689740658 0.0164396167 0.705903351 0.368457377 0.716478288
    0.229139775 0.956703603 0.602692306 0.464049429 0.237610519
    0.123971611 0.746768475 0.936751723 0.739444673 0.0647425056
    0.877704382 0.708877504 0.743336082 0.955314159 0.056812942
    0.894454956 0.232603669 0.14346981 0.671222627 0.683244467
    0.595435381 0.621341228 0.646654963 0.0468946397 0.273508906
    0.912268579 0.739518583 0.315424681 0.792654753 0.533961356
    0.548676491 0.0368036628 0.150264621 0.525654316 0.802321196
    0.924469531 0.282368958 0.285358191 0.903680444 0.167503715
    0.0297425389 0.342488348 0.245467693 0.604908943 0.499860823
    0.141975909 0.174165428 0.314389706 0.739605546 0.171657979
    0.4059425 0.850748479 0.443958521 0.789688826 0.110035121
    0.0700515509 0.780144691 0.521726429 0.707444549 0.211003423
    0.599728882 0.678613424 0.764073133 0.0466098487 0.360457927
    0.568413258 0.172522932 0.298167467 0.612955928 0.0394695103
    0.649540603 0.627785265 0.0134929121 0.159166276 0.372220397
    0.896848202 0.224318445 0.979568243 0.283426791 0.0403682292
    0.384559602 0.282164901 0.207327724 0.339852065 0.549865067
    0.22007516 0.491466254 0.309361935 0.61894989 0.034043014
    0.0862315297 0.978765249 0.0803031623 0.431376457 0.796086311
    0.78779304 0.0660444498 0.0557009876 0.171447128 0.658483922
    0.428263366 0.7131235 0.9061867 0.630998731 0.903047502 0.121636868
    0.580391407 0.752058506 0.511143148 0.710839748 0.667163908
    0.24549377 0.914482236 0.0865597725 0.0599802136 0.345266521
    0.0494107306 0.764286995 0.423127621 0.274937719 0.950198472
    0.382888764 0.273084283 0.299641073 0.793140769 0.883226156
    0.35157603 0.683753848 0.803369761 0.372980028 0.427198291
    0.195772469 0.755039871 0.790149689 0.465328366 0.0967854857
    0.879830003 0.00928241014 0.647330761 0.373182297 0.370587647
    0.763705254 0.499777973 0.670818508 0.452127904 0.652694523
    0.79712677 0.985390067 0.769747496 0.217079729 0.195316434
    0.279105574 0.810040832 0.387983203 0.178562641 0.0548860431
    0.720629156 0.589817643 0.432619691 0.654862165 0.128525019
    0.712113321 0.238844991 0.997505844 0.00496482849 0.0617424548
    0.435757637 0.430692583 0.337381363 0.83409667 0.21699965
    0.177821487 0.893714666 0.366141796 0.21008262 0.659585118
    0.511233389 0.0677872598 0.572358847 0.771682262 0.072422266
    0.600446045 0.0306775272 0.425281048 0.887018919 0.0805912316
    0.986259282 0.110111743 0.0407101512 0.300221324 0.272022992
    0.155473441 0.43560043 0.888113856 0.259380162 0.0754264295
    0.371015877 0.878705978 0.574023724 0.842323542 0.235047847
    0.839740634 0.889905393 0.826240599 0.0973920822 0.56046319
    0.396651506 0.369034469 0.729877353 0.669336438 0.0343341827
    0.685351908 0.366929114 0.37776193 0.000603169203 0.413595051
    0.677129865 0.603784084 0.720514178 0.671139181 0.6281479
    0.920632601 0.644639194 0.946161985 0.445890039 0.00833749771
    0.552662432 0.979396462 0.700151563 0.00306627154 0.390450031
    0.927904844 0.0790521502 0.00841295719 0.996595621 0.0320352018
    0.422242671 0.162616193 0.113750845 0.152219921 0.0685389042
    0.13317135 0.751367211 0.418305516 0.559058547 0.16201818
    0.327290297 0.992221355 0.231133878 0.457902282 0.365790367
    0.54319036 0.789818287 0.304405093 0.887566626 0.661655188
    0.186516017 0.461319029 0.907805026 0.260669857 0.860291839
    0.797809064 0.188305616 0.23127985 0.970709443 0.385740221
    0.921860099 0.224855393 0.94750452 0.548653901 0.71800828
    0.782079577 0.296149135 0.622324705 0.11025095 0.69798553
    0.650680244 0.476651728 0.25807333 0.18247506 0.624033868
    0.800546646 0.784401774 0.733894706 0.645509005 0.156534314
    0.914561987 0.0272007883 0.749175966 0.978902161 0.198566109
    0.0792231262 0.556006074 0.822791159 0.379670173 0.425471604
    0.788904905 0.1077362 0.312479109 0.883033514 0.478144675
    0.156800747 0.75844425 0.413183063 0.452355623 0.0122371912
    0.905870914 0.894624949 0.106185555 0.968463778 0.108056128
    0.38312161 0.876658678 0.57717216 0.0385013223 0.00763389468
    0.273836911 0.0473101139 0.931910157 0.549753368 0.479669571
    0.708478034 0.879924476 0.992417812 0.508939862 0.531177521
    0.431370199 0.781879187 0.270138383 0.0593691468 0.804627597
    0.520194709 0.0493072271 0.756582379 0.784439683 0.435222805
    0.705253839 0.472496212 0.39361915 0.807040393 0.377209842
    0.349113256 0.103307605 0.3222121 0.0950408578 0.859163404
    0.251185864 0.755255818 0.557290852 0.604065239 0.0730727613
    0.160563529 0.0272073448 0.01162678 0.679622591 0.424413085
    0.318089575 0.841891766 0.401729554 0.410269856 0.987091541
    0.527973235 0.597506046 0.598403811 0.671879172 0.921070158
    0.0509391725 0.445489317 0.0990285277 0.12368691 0.685667753
    0.9638623 0.0208440125 0.580602765 0.0275927484 0.463607877 0.45262
    0.132601321 0.608633041 0.597952127 0.0873020291 0.813617826
    0.142781496 0.435579598 0.397768289 0.134987712 0.915472746
    0.587211609 0.749723017 0.159461439 0.528107941 0.742884576
    0.568747699 0.578949511 0.587208271 0.918902576 0.0208747089
    0.114795536 0.36372143 0.837423563 0.800256729 0.453066826
    0.507217467 0.117530614 0.351308018 0.0101423264 0.300710082
    0.514258504 0.687172771 0.283163935 0.485815823 0.973519921
    0.463677287 0.494573236 0.0533107221 0.282724082 0.368140936
    0.498803586 0.504483104 0.372904509 0.361304998 0.542442381
    0.37542969 0.0317601562 0.791193485 0.820783377 0.79352349
    0.686037123 0.810745716 0.420509577 0.248246312 0.223380834
    0.159760892 0.287882805 0.131423891 0.322284222 0.0278105736
    0.62988323 0.643811584 0.577745974 0.323350161 0.0787343681
    0.438087761 0.190578997 0.481974065 0.783532381 0.496207207
    0.234301448 0.597703934 0.120518386 0.886256039 0.537681699
    0.735733986 0.575011432 0.368559957 0.142991692 0.304711491
    0.255353093 0.363382667 0.710231602 0.15051046 0.882285118
    0.965159655 0.767572284 0.0762187839 0.431386888 0.849781692
    0.89212209 0.929554999 0.0857291222 0.482738733 0.114452392
    0.469604224 0.759212375 0.0572904944 0.849727035 0.412363529
    0.187240183 0.161666662 0.655878067 0.924357116 0.945414901
    0.352947831 0.130761057 0.197180599 0.557528615 0.0632636547
    0.708260357 0.28335762 0.494282156 0.517234802 0.0248613954
    0.724223316 0.714199245 0.393576056 0.387094826 0.738832116
    0.501149356 0.966387033 0.776613772 0.519659996 0.0338745415
    0.861298561 0.958203197 0.553630412 0.094660759 0.195549399
    0.62090832 0.326632857 0.203692108 0.595595419 0.914411783
    0.0348771214 0.627184212 0.296419203 0.855414152 0.567933679
    0.0575357378 0.434874028 0.292652726 0.838883936 0.392132342
    0.597889781 0.278910577 0.036973834 0.344600976 0.968556583
    0.981982946 0.704971373 0.241374254 0.314624071 0.571874142
    0.303759068 0.494989216 0.357253194 0.454964817 0.168890625
    0.687942505 0.331080616 0.82982707 0.888409853 0.0702406466 0.365199
    0.129969507 0.953208864 0.961764097 0.332526714 0.18087855
    0.536648273 0.772650361 0.0649517775 0.855928779 0.647942603
    0.76765132 0.422564626 0.888885736 0.614594579 0.432246923
    0.883549571 0.391704559 0.339434057 0.698989868 0.109454781
    0.32642445 0.139995068 0.772764087 0.659015179 0.33638984 0.45105648
    0.049746424 0.985034347 0.60710001 0.567260325 0.531254411
    0.111646086 0.173310131 0.85489291 0.596029818 0.515512764
    0.963462353 0.582607627 0.775316358 0.501256824 0.464471102
    0.183973432 0.150107026 0.879705667 0.581302106 0.314345062
    0.0416868627 0.45242098 0.272635341 0.769188166 0.278794467
    0.718532443 0.622014821 0.738435149 0.379724085 0.877067327
    0.728230774 0.0721229911 0.697168827 0.41632086 0.822246313
    0.55410862 0.467181802 0.601228476 0.361147791 0.340356767
    0.810221195 0.0351213813 0.18168509 0.413356602 0.126696408
    0.507324398 0.758751392 0.240862548 0.464825809 0.154737443
    0.376803517 0.220139921 0.922482133 0.914943695 0.129328966
    0.720000267 0.664529383 0.814715862 0.74610126 0.403783023
    0.831285834 0.0615103841 0.035705626 0.966053843 0.697360992
    0.470075727 0.276098847 0.222005844 0.88764894 0.00739854574
    0.185463041 0.969317913 0.185740352 0.642618299 0.88431859
    0.61893785 0.393020689 0.507323265 0.0110240579 0.696224332
    0.656696558 0.278905809 0.286938101 0.406086981 0.883094788
    0.166720808 0.719217539 0.24121815 0.608770072 0.186688006
    0.387637109 0.0981130302 0.525534809 0.121427149 0.774642825
    0.845379472 0.860990405 0.380521208 0.977532685 0.020786643
    0.274079263 0.912705302 0.368956983 0.825700998 0.177210391
    0.154326081 0.464871317 0.0270326436 0.0617559552 0.601583242
    0.74170512 0.456886619 0.611711085 0.204590529 0.415371954
    0.140412629 0.183731198 0.0854225755 0.41867578 0.548802197
    0.551181138 0.0262109339 0.967552185 0.279946387 0.123129785
    0.0715255439 0.0307019353 0.547538042 0.964826882 0.485724092
    0.690292835 0.0762140751 0.158380955 0.446921229 0.629966199
    0.291716337 0.486492634 0.384122342 0.193899244 0.92850101
    0.581399858 0.221159875 0.773002386 0.688652635 0.732386708
    0.301100731 0.864162087 0.198876023 0.420262069 0.416053802
    0.0365395248 0.608168781 0.664116442 0.175262868 0.0571338832
    0.0338554084 0.749888182 0.341879487 0.205501884 0.0619235933
    0.649475574 0.00174075365 0.433846235 0.296916336 0.60383606
    0.722929597 0.00985041261 0.593132675 0.155501097 0.84766984
    0.6751405 0.324756742 0.763498187 0.917631626 0.148406893 0.97233212
    0.623793662 0.0522495806 0.359387815 0.440384567 0.367668211
    0.625493526 0.428069741 0.185653418 0.864786267 0.582171381
    0.973688602 0.308116317 0.728166819 0.844947517 0.819747448
    0.472673476 0.00361397862 0.714722633 0.0647428036 0.698079586
    0.963125467 0.597869277 0.716401815 0.684252322 0.333057225
    0.083833307 0.0323213339 0.164761394 0.041040957 0.438311398
    0.259376317 0.305999279 0.178338647 0.0506272018 0.337565631
    0.785547495 0.292683899 0.279987693 0.880582333 0.576615214
    0.0561053455 0.873556554 0.447615325 0.350204527 0.416821212
    0.0352925062 0.521974444 0.785555899 0.92689532 0.201508105
    0.559644759 0.512025237 0.372566044 0.738830328 0.152431309
    0.379739165 0.772504568 0.940607667 0.007904917 0.887274861
    0.198414028 0.801004648 0.0880264342 0.82323575 0.32544452
    0.416493088 0.763579011 0.876048267 0.558763921 0.212030232
    0.130003065 0.843548775 0.0862974524 0.404205561 0.219469905
    0.0772072375 0.906760573 0.503383398 0.61029917 0.712699175
    0.926042676 0.652617216 0.387597561 0.413448036 0.579689562
    0.792723298 0.960561574 0.111437917 0.0419197083 0.947750032
    0.343622863 0.504846692 0.523203969 0.0481122434 0.19776237
    0.741130233 0.397917122 0.336824596 0.560263455 0.724230587
    0.381296009 0.492152303 0.701689005 0.318314821 0.749372602
    0.442426711 0.943595886 0.176429778 0.966456771 0.732907593
    0.418570817 0.99225235 0.64693433 0.0218983591 0.339215517
    0.132712632 0.507260799 0.0855619013 0.5985291 0.456708968
    0.698916554 0.274057925 0.383299232 0.74968648 0.637460887
    0.795148492 0.385749906 0.836676598 0.289756179 0.858509779
    0.987291336 0.0542812943 0.697221279 0.685065985 0.94789499
    0.596812546 0.303524613 0.140411049 0.423558742 0.656572521
    0.777509809 0.316609025 0.374776185 0.133817911 0.093947351
    0.508773565 0.718924999 0.450205505 0.274414867 0.712480187
    0.145285636 0.569268286 0.766925693 0.884287059 0.631315649
    0.339521825 0.864771724 0.346051276 0.525605917 0.183215648
    0.678665161 0.736193419 0.341653049 0.934631705 0.200717896
    0.216853052 0.791856289 0.0680061281 0.959071159 0.710706234
    0.893033564 0.472661644 0.865197182 0.788559318 0.88893342
    0.505049407 0.794433057 0.920493007 0.580611587 0.0616759956
    0.854537129 0.173678845 0.53215301 0.438753009 0.512687743
    0.508336663 0.0271653235 0.969063997 0.593799174 0.198742747
    0.968291879 0.653517425 0.248633683 0.664958298 0.0906738341
    0.555748701 0.433388889 0.446434528 0.472639054 0.163877666
    0.32137531 0.998709619 0.804405272 0.773049295 0.120679766
    0.325606167 0.813918114 0.806352973 0.278505206 0.157953739
    0.964774251 0.198203713 0.0210050642 0.65476948 0.521956086
    0.605797172 0.670033991 0.0622287691 0.716235995 0.234296948
    0.147177458 0.115471125 0.327414036 0.250877947 0.991222978
    0.435398936 0.519888103 0.618305445 0.888366044 0.601593554
    0.441511363 0.452625632 0.359097123 0.955720365 0.11472553
    0.913134336 0.651329517 0.875796616 0.697017372 0.699662924
    0.562901378 0.11308217 0.905201554 0.45588994 0.412864089
    0.160884798 0.190406621 0.10798499 0.416262686 0.981466115
    0.429003239 0.123478591 0.868555486 0.982678294 0.771186233
    0.847900331 0.87904501 0.171252012 0.498078942 0.509754419
    0.639579415 0.67232275 0.517361522 0.483201683 0.742019296
    0.591001272 0.244037539 0.750436842 0.146425694 0.698345125
    0.732121885 0.168013126 0.86780858 0.406493038 0.34672305
    0.380533457 0.573638916 0.604921162 0.243333608 0.155608505
    0.994772792 0.040161401 0.187291592 0.147371769 0.0507671833
    0.777516723 0.997083366 0.350574315 0.304175109 0.866550565
    0.680299878 0.149400115 0.0709346235 0.0576120019 0.00574204326
    0.037529856 0.802733898 0.777064204 0.451794237 0.752634883
    0.459928393 0.796626449 0.762429833 0.335416704 0.514051914
    0.0724485815 0.33576721 0.793784738 0.0705919862 0.264101446
    0.283342957 0.181031197 0.000284254551 0.868027925 0.466412187
    0.165432602 0.436678886 0.241054595 0.542698979 0.65644896
    0.792315423 0.946758151 0.496691495 0.909053564 0.0256078541
    0.712425292 0.164002925 0.19923234 0.318137527 0.27730298
    0.0690640509 0.0492303967 0.338676453 0.366328955 0.845947027
    0.863379538 0.647073507 0.0551919639 0.794793665 0.0117825568
    0.540879011 0.031796813 0.441334069 0.792788386 0.634977996
    0.486014754 0.181447178 0.625553787 0.0283471942 0.325462341
    0.921155393 0.123892963 0.906172514 0.61816144 0.171153486
    0.0456027687 0.0103907883 0.0849983394 0.556840897 0.936297178
    0.778713405 0.713199973 0.954146326 0.16173628 0.208484352
    0.270651728 0.363167226 0.575219989 0.438285589 0.291883409
    0.0358445346 0.473750919 0.377448589 0.566014171 0.662480533
    0.552851558 0.355804086 0.644950032 0.811754048 0.0795895457
    0.759067655 0.49356088 0.560765147 0.84141469 0.200583339
    0.431460828 0.337655902 0.970205069 0.0490342677 0.559903502
    0.821647048 0.938566923 0.226956099 0.159456611 0.206096292
    0.794442773 0.266754597 0.624464571 0.0461445153 0.749815047
    0.907232165 0.141542494 0.956271529 0.140816361 0.738690078
    0.978767872 0.728085279 0.287171483 0.912946463 0.555407166
    0.877596021 0.246159732 0.487029791 0.877699375 0.590101242
    0.510336936 0.146854609 0.835840702 0.405123115 0.608782411
    0.422167659 0.26179415 0.47330606 0.991235018 0.938503981
    0.432032526 0.714000821 0.0742279589 0.946937382 0.86395824
    0.200538754 0.759614468 0.959113717 0.750696659 0.785165727
    0.0237547457 0.615124524 0.568550944 0.504741371 0.315529406
    0.847839475 0.239507765 0.00714609027 0.00781196356 0.65910399
    0.952632546 0.141530365 0.0992146134 0.00305104256 0.27076149
    0.401713133 0.490520656 0.902271807 0.231759787 0.802869201
    0.213053584 0.525327325 0.506371319 0.396811485 0.161522806
    0.3849805 0.0155365765 0.526242077 0.185116738 0.129858375
    0.968374431 0.852707922 0.118409634 0.572349608 0.500563979
    0.467578441 0.963339686 0.690555871 0.829744637 0.288530499
    0.197451085 0.039028883 0.706442714 0.814283967 0.791906595
    0.0815141201 0.110147774 0.0235976577 0.641257703 0.25685063
    0.399115205 0.212890565 0.571492016 0.202008903 0.227868408
    0.498127401 0.716747701 0.830154538 0.304593176 0.789910257
    0.733819783 0.804416656 0.0503241122 0.115025818 0.588771045
    0.0602421165 0.0211381018 0.51038444 0.390521169 0.665177643
    0.385592908 0.610676944 0.97798115 0.284971416 0.115203619
    0.664856851 0.263751209 0.114527404 0.776582003 0.2619012
    0.758437097 0.136951238 0.627756 0.547375858 0.442619205 0.963995278
    0.889675081 0.534253955 0.619394541 0.778180718 0.834860027
    0.87066257 0.116398156 0.84599632 0.296136826 0.734909296
    0.841195047 0.365105748 0.712255061 0.209634036 0.824405313
    0.130380183 0.729836702 0.481141746 0.355700433 0.0818918347
    0.547174335 0.157242388 0.576847136 0.786929131 0.28104791
    0.570627034 0.664111078 0.400837004 0.294274598 0.259473771
    0.818079352 0.159133494 0.119788677 0.702258766 0.384465069
    0.495080322 0.718677044 0.826898098 0.505328774 0.407495409
    0.118682295 0.0208488107 0.178409457 0.111844122 0.499318212
    0.409668416 0.47173211 0.602010429 0.662825108 0.72018981
    0.235890627 0.854191422 0.014488399 0.419947863 0.109469801
    0.119173378 0.508237779 0.718850493 0.0962278545 0.868725538
    0.254761368 0.903531432 0.305779159 0.519645929 0.806744099
    0.95528996 0.0193184018 0.87958312 0.168019831 0.836748004
    0.405873299 0.722168386 0.230900496 0.971995175 0.414871037
    0.192135751 0.707458913 0.293648839 0.0457902551 0.819183707
    0.21200484 0.386677891 0.991983652 0.198836744 0.917630434
    0.432759106 0.84821856 0.636915386 0.234673351 0.454693526
    0.350567937 0.588642597 0.214088976 0.129676789 0.637657106
    0.401647061 0.072037071 0.943108797 0.0866451561 0.478358179
    0.849940479 0.829178095 0.928937972 0.118906021 0.306085259
    0.486166656 0.822537065 0.681794405 0.766288459 0.302286327
    0.767160296 0.651443124 0.87861681 0.795662165 0.325116098
    0.601198435 0.275728196 0.647958457 0.615703404 0.0330789089
    0.800210536 0.691054165 0.373856187 0.742550373 0.127068937
    0.905349374 0.221598685 0.500660777 0.540742218 0.857461095
    0.477897137 0.404619157 0.213927925 0.530266881 0.658574581
    0.657251358 0.283867657 0.441439986 0.424926996 0.299195945
    0.76326102 0.0959757864 0.608692586 0.0994901955 0.803385377
    0.378086209 0.88338995 0.642753959 0.535039186 0.20931524
    0.548038423 0.474887311 0.193605721 0.411312848 0.409254491
    0.622494757 0.912783921 0.990936995 0.0383501053 0.0829878151
    0.865105748 0.0349027514 0.0811251104 0.988580108 0.622675776
    0.599590838 0.474639237 0.711727858 0.611982703 0.910679936
    0.89283812 0.349275559 0.861926913 0.724246621 0.312514216
    0.230018824 0.940185785 0.93189311 0.0251968503 0.496995926
    0.142289042 0.176056564 0.870150089 0.660894394 0.648322582
    0.756018817 0.0753241479 0.356837124 0.761337578 0.847429276
    0.626159191 0.354872704 0.701402009 0.690728247 0.283904314
    0.779904425 0.146956354 0.849770546 0.341119885 0.490224332
    0.11835438 0.388211489 0.711708188 0.972618639 0.315592766
    0.657041132 0.100795001 0.443797082 0.151850075 0.513247192
    0.191104412 0.766671658 0.766292512 0.556177318 0.465113491
    0.800421417 0.258174777 0.617264569 0.499745816 0.398839504
    0.971298099 0.808697939 0.432485133 0.382759929 0.0883897245
    0.873421192 0.37935558 0.0401839316 0.0640569627 0.00703957677
    0.579579353 0.452569246 0.318583757 0.397908419 0.170425266
    0.959272265 0.382597119 0.35643971 0.972832441 0.556059003
    0.594835758 0.0160068274 0.997143328 0.582257628 0.450996071
    0.0390431881 0.195804745 0.0334370732 0.0689046681 0.262160182
    0.15936622 0.749306619 0.12902841 0.162751198 0.137185484 0.74328196
    0.910739422 0.861379385 0.64635402 0.212370157 0.971616328
    0.166830629 0.896745205 0.978063226 0.87714088 0.82202816
    0.945822954 0.208573341 0.0383192599 0.492909938 0.434228987
    0.83040297 0.293062568 0.812744617 0.746524334 0.0809467733
    0.782691836 0.679576635 0.932249308 0.248445749 0.145274907
    0.672859073 0.709623694 0.70427388 0.319580674 0.686307192
    0.399335235 0.785541415 0.788705826 0.0613031089 0.433337748
    0.127557009 0.207610875 0.679580212 0.386302382 0.532777071
    0.461274087 0.30583781 0.553039134 0.220786512 0.687426805
    0.531871617 0.47641921 0.59928304 0.0035943985 0.166823834
    0.639555335 0.820174754 0.683275163 0.771909714 0.833225846
    0.306167781 0.958315551 0.843523622 0.732673526 0.709056735
    0.425378948 0.175446242 0.643537879 0.984319806 0.62603724
    0.646262467 0.663594604 0.889640927 0.0611410737 0.599480271
    0.0172412992 0.450261533 0.462443829 0.716212213 0.646981955
    0.98159039 0.275154948 0.0394625962 0.78215766 0.637931705
    0.234972805 0.361795664 0.964646339 0.767745018 0.843553364
    0.196939588 0.150238931 0.23841688 0.182058901 0.312291443
    0.581513405 0.767316818 0.524528384 0.842719793 0.935762644
    0.896656394 0.733748138 0.0438307524 0.442669004 0.0764351785
    0.350315779 0.576279998 0.224882245 0.553438783 0.453376144
    0.609525561 0.545776367 0.945006073 0.301978588 0.796284378
    0.0323284566 0.0500867963 0.920822144 0.436925143 0.256982327
    0.585635424 0.95624882 0.781062543 0.885899782 0.576450706
    0.586049378 0.46124506 0.378866434 0.63804853 0.909369171 0.95910275
    0.426783115 0.040135473 0.23183769 0.434449732 0.612511694
    0.652684212 0.636476874 0.0499272645 0.277843654 0.346428007
    0.428164989 0.737852991 0.439695895 0.332188129 0.913683057
    0.225348175 0.620624363 0.0723053217 0.109264433 0.719713092
    0.473701596 0.391096205 0.397181064 0.869421482 0.339923441
    0.730474234 0.0367747545 0.0860666633 0.045512259 0.726424277
    0.341631263 0.87911737 0.119325668 0.581103206 0.348166555
    0.0772092938 0.965604126 0.828679681 0.872535527 0.966653764
    0.0142237842 0.469121873 0.373072207 0.750271738 0.25371477
    0.547973573 0.186308205 0.07502985 0.497788697 0.642162204
    0.0285236537 0.891545415 0.195064962 0.165327549 0.769128084
    0.162967741 0.733373642 0.997090459 0.745815277 0.332416177
    0.302199215 0.410535395 0.788334966 0.582742929 0.153290182
    0.335068613 0.364598215 0.712419033 0.402690053 0.436076313
    0.551652014 0.507599711 0.741052687 0.748010993 0.415105373
    0.616223514 0.740654886 0.641964793 0.589395761 0.68859148
    0.995501816 0.830980659 0.59505558 0.539898872 0.25455606
    0.710024416 0.825694621 0.55864042 0.306072652 0.725163281
    0.867289364 0.36607793 0.268077016 0.149559826 0.581608117
    0.140645802 0.822811246 0.238065004 0.399838358 0.0209991038
    0.575661838 0.266979277 0.212135077 0.80814904 0.532461047
    0.133388013 0.821333408 0.204344332 0.127260298 0.258619964
    0.143616349 0.0691990554 0.744840503 0.677048087 0.639618874
    0.927395582 0.872689426 0.226988882 0.277637601 0.548427463
    0.570577741 0.0639060736 0.498088032 0.649941266 0.0215274692
    0.955343664 0.0444556475 0.366990328 0.774696708 0.858497918
    0.36919421 0.48249498 0.68902868 0.531846166 0.99425 0.964675248
    0.344317317 0.242917657 0.295135856 0.0546563566 0.079607904
    0.256275952 0.692323625 0.0953682959 0.464227855 0.133480459
    0.638387203 0.895274758 0.0254992545 0.0500114858 0.94352603
    0.147300094 0.15825659 0.524699152 0.849640012 0.696145654
    0.694598436 0.88092649 0.798487604 0.276360869 0.88876915
    0.302907944 0.429333478 0.259550661 0.117860138 0.388205171
    0.101708978 0.654825449 0.735882282 0.367705643 0.25654757
    0.215343744 0.052271992 0.274753749 0.143862277 0.217742085
    0.949160814 0.77390492 0.326177388 0.763899148 0.100703448
    0.891076922 0.480362058 0.803474963 0.773885846 0.43917799
    0.623415232 0.158867747 0.742683351 0.779512405 0.6700207
    0.864029765 0.0270166695 0.332958221 0.599278688 0.911782146
    0.894381106 0.157329917 0.641895652 0.379351288 0.956493616
    0.224079669 0.0720152259 0.992747903 0.868279338 0.517730176
    0.294307888 0.721434116 0.906750441 0.969348788 0.751549125
    0.132833153 0.0185912549 0.788641334 0.289209485 0.748228908
    0.917205751 0.481977105 0.389221132 0.790599346 0.349287271
    0.145282745 0.904737234 0.977539659 0.501580358 0.655652046
    0.940933585 0.499057204 0.557159781 0.53852582 0.846052706
    0.727131963 0.292414576 0.390686542 0.251422524 0.47771734
    0.369458914 0.699288726 0.327710629 0.0500737131 0.22136277
    0.317718446 0.265779316 0.149209172 0.709388018 0.224339664
    0.762788177 0.985837162 0.626955807 0.853264451 0.703178525
    0.977474689 0.478613436 0.234142631 0.0498579741 0.863887668
    0.523728549 0.0198260546 0.402767897 0.621735275 0.257793427
    0.60052681 0.591361821 0.929835677 0.40180105 0.104031146
    0.930860937 0.285746872 0.346215427 0.89847517 0.608270884
    0.676872253 0.0685277283 0.123820513 0.662622213 0.831799507
    0.0166886449 0.216745555 0.148691863 0.970215082 0.402193516
    0.679116368 0.441936344 0.284320325 0.790359855 0.580117345
    0.70559144 0.656526327 0.0972553194 0.779097497 0.556816936
    0.587656021 0.54121691 0.233169407 0.369427741 0.600687802
    0.0566700399 0.735964537 0.938094914 0.662301362 0.551903009
    0.967527509 0.250980198 0.681099355 0.64893496 0.430111051
    0.0291808844 0.0831041634 0.543165982 0.91081506 0.692989588
    0.101913184 0.699903965 0.877010465 0.978997946 0.707566917
    0.837344646 0.0960739553 0.547145426 0.234668255 0.620708764
    0.717586756 0.301767886 0.565409541 0.701950312 0.553743243
    0.654552937 0.306019127 0.197702199 0.00239515305 0.75350523
    0.00142142177 0.898935258 0.0225123465 0.617251337 0.210065514
    0.477739334 0.757488072 0.887797892 0.0202658176 0.190908462
    0.832383096 0.162311345 0.557827234 0.133983195 0.244755447
    0.343678981 0.214425892 0.812981129 0.746154726 0.959333062
    0.50062871 0.167130977 0.695482254 0.797143638 0.73502624
    0.309670329 0.508987188 0.0421538949 0.535898149 0.105000556
    0.622874379 0.00611379743 0.80566442 0.2837255 0.834867001
    0.119367301 0.250002921 0.246726304 0.245185494 0.953121603
    0.124242991 0.300162435 0.662093163 0.899731636 0.213286668
    0.393951982 0.576155663 0.550590217 0.902757347 0.127315015
    0.146393657 0.885292709 0.893109322 0.316254705 0.478690267
    0.391686231 0.777357221 0.493858784 0.531413019 0.642733693
    0.190397203 0.999415636 0.920275569 0.277546942 0.281123102
    0.492904246 0.0826357305 0.12531516 0.224090368 0.892795324
    0.0841410756 0.568544328 0.296378106 0.830660105 0.656981826
    0.838311374 0.950631261 0.698012829 0.295316398 0.644829929
    0.0410708487 0.865085244 0.186882913 0.0318846107 0.516009569
    0.625749648 0.438942254 0.265360713 0.763047218 0.055565536
    0.862229228 0.652541578 0.358612478 0.359462768 0.948633075
    0.85989368 0.94094348 0.765916228 0.229623348 0.15751344 0.405245721
    0.302691579 0.123474717 0.0757051706 0.862358034 0.780025125
    0.808460593 0.736267626 0.614569604 0.570055902 0.104304135
    0.334741682 0.174241215 0.754991531 0.964982033 0.868175864
    0.04226017 0.00047069788 0.120662272 0.0577833056 0.880612612
    0.207031608 0.819373071 0.825640559 0.939566374 0.432291389
    0.488026023 0.255721599 0.0264063478 0.665233254 0.469225705
    0.544197857 0.00545039773 0.372625232 0.451102495 0.177356303
    0.0794425905 0.825251102 0.279010117 0.0632427335 0.437984675
    0.306161046 0.777379036 0.149461895 0.897134066 0.975965261
    0.622028172 0.903823137 0.193691343 0.936420083 0.531088054
    0.126946151 0.997453928 0.230525583 0.0762522519 0.0922058821
    0.0279086232 0.203469843 0.349056423 0.754648805 0.130731463
    0.438203871 0.119230211 0.947967052 0.858761311 0.700223744
    0.49543941 0.751942992 0.479490995 0.805517554 0.0950336456
    0.123366266 0.417665362 0.702353597 0.432461292 0.23698169
    0.469274193 0.0703624487 0.818373084 0.929424286 0.739970565
    0.525507271 0.838884711 0.202864796 0.545380592 0.274659336
    0.385488987 0.228562504 0.157013357 0.693051636 0.791258633
    0.642706513 0.687926829 0.128022999 0.321631968 0.392519534
    0.690243721 0.505097985 0.610451519 0.86520046 0.32646665 0.93357271
    0.565266252 0.0143893957 0.716509461 0.442421198 0.00693291426
    0.493337333 0.157363057 0.498066515 0.112245172 0.697510958
    0.0132330656 0.672467232 0.128692985 0.115918517 0.227377325
    0.307147324 0.964401841 0.582267165 0.122882098 0.837266266
    0.594785988 0.173154593 0.197574943 0.693196774 0.869147897
    0.962755859 0.757702649 0.433844864 0.456202537 0.734009385
    0.388764024 0.789788246 0.421650022 0.0810392797 0.449070841
    0.607764602 0.118784308 0.415579826 0.154897422 0.840212464
    0.12764293 0.00991556048 0.85874486 0.273918599 0.762346983
    0.197382629 0.427688986 0.280626953 0.361446023 0.828060269
    0.659721494 0.903204679 0.538695335 0.277290285 0.633933306
    0.606893897 0.557915866 0.845871329 0.948908567 0.819620252
    0.150866568 0.453641981 0.142281532 0.964069068 0.103765607
    0.69813776 0.452769637 0.336357892 0.624307513 0.279542208
    0.26819998 0.33093521 0.693976343 0.484387666 0.964875102
    0.219424874 0.977969646 0.148091882 0.135768831 0.689188421
    0.926339626 0.354516447 0.394059271 0.0682691336 0.920257628
    0.751983702 0.220287263 0.214363188 0.0614877343 0.347577929
    0.199739724 0.746899724 0.508238137 0.690730453 0.53185451
    0.116173059 0.680891633 0.1000956 0.191383541 0.112735331
    0.518988907 0.208770722 0.41550678 0.1030972 0.705125809 0.87233752
    0.243913889 0.701197505 0.416555524 0.28083998 0.774655581
    0.716218054 0.610037684 0.920367837 0.432039142 0.636142731
    0.0357365906 0.00131502748 0.561816633 0.304721415 0.0714219511
    0.202473998 0.0480908453 0.81352973 0.083384335 0.139955401
    0.725028276 0.34053877 0.556621611 0.911650062 0.649610281
    0.528747261 0.361500263 0.089697212 0.346293688 0.0572810173
    0.776627302 0.44806394 0.643676639 0.129956305 0.592068672
    0.453408659 0.411998928 0.476558387 0.0363162458 0.321002483
    0.102608621 0.420202672 0.371037632 0.28669399 0.458237022
    0.514916003 0.53771162 0.0340543985 0.480363011 0.298814118
    0.327829987 0.761880815 0.33888042 0.996195555 0.422619671
    0.532100737 0.228439778 0.481895626 0.123525143 0.662718236
    0.418949962 0.275160313 0.264167786 0.702650189 0.0361520648
    0.906044602 0.169481039 0.534092307 0.570427001 0.18882066
    0.98992312 0.180156231 0.938083589 0.591852725 0.865450203
    0.773239315 0.756487727 0.167963773 0.0259385407 0.16237545
    0.56214118 0.731846511 0.223456949 0.487147391 0.985938191
    0.233112246 0.74052757 0.748973131 0.859615803 0.904180527
    0.791584015 0.129275829 0.678852141 0.722158134 0.545500755
    0.766138554 0.899875522 0.580999017 0.046664685 0.312607408
    0.643422782 0.294965625 0.407052159 0.328481346 0.755144715
    0.581113398 0.36374259 0.704190433 0.732233167 0.785931826
    0.348677993 0.636932015 0.743868709 0.608663142 0.259495884
    0.0759060085 0.723152697 0.67630434 0.670041442 0.835620046
    0.525818765 0.732826293 0.742627382 0.230706424 0.577417433
    0.245312691 0.419866055 0.161709458 0.481464028 0.968223214
    0.655137658 0.982539415 0.522193313 0.786418557 0.367043674
    0.765521526 0.363456309 0.484947711 0.201859623 0.744094193
    0.0856611729 0.971331477 0.468615979 0.935074687 0.855719626
    0.888151765 0.0580296814 0.374536693 0.581688106 0.979120731
    0.305721283 0.441069126 0.301593423 0.437066317 0.625011086
    0.34714824 0.213567495 0.753064036 0.83058691 0.0449465215
    0.397378266 0.462907463 0.781290889 0.862328053 0.372519851
    0.0931600332 0.945219994 0.820788085 0.805170298 0.518740237
    0.904604256 0.687406838 0.337498307 0.947217464 0.0961776376
    0.271013379 0.386081934 0.370951056 0.637676001 0.00191882253
    0.930260777 0.0503189862 0.762003005 0.326843143 0.164047658
    0.441542059 0.605453014 0.221137136 0.518732786 0.173653454
    0.271892399 0.135245591 0.390073359 0.679223418 0.823871017
    0.540692747 0.538298368 0.909635663 0.937131166 0.573885679
    0.687472284 0.67440033 0.350374967 0.209565222 0.76296103
    0.114089072 0.557453394 0.533500373 0.953452229 0.441943794
    0.925596178 0.887426615 0.581407249 0.185837477 0.888825297
    0.401109695 0.881612778 0.225487411 0.750460386 0.62823534
    0.78046304 0.732442856 0.998070359 0.880689144 0.010666579
    0.867137969 0.331977218 0.540733933 0.307746112 0.464161217
    0.364325076 0.249746144 0.501915216 0.451511264 0.468437344
    0.14626506 0.00770255923 0.829902172 0.558417618 0.672608674
    0.501172483 0.575212657 0.17926988 0.677696407 0.983557343
    0.0804476738 0.93462497 0.908831418 0.659524679 0.663812339
    0.340206027 0.998937845 0.0844457448 0.212740868 0.558560908
    0.496836543 0.807419777 0.395401895 0.0555894673 0.373353004
    0.119753599 0.104955792 0.781474113 0.951703072 0.228815734
    0.0507916212 0.403477639 0.824865341 0.604691982 0.869148552
    0.0285519361 0.691062868 0.17157042 0.445477784 0.72840488
    0.151307374 0.619232297 0.823796272 0.740289271 0.48863107
    0.536158621 0.720401943 0.00468811393 0.3475402 0.5614627
    0.788135409 0.691114426 0.720382512 0.919589281 0.204514503
    0.378984988 0.118300408 0.438105226 0.929283738 0.887444198
    0.263051182 0.942176223 0.885187685 0.0517322719 0.527565777
    0.363079965 0.238499463 0.776242375 0.0148821771 0.753559828
    0.397723675 0.686394513 0.189443618 0.219563425 0.845665514
    0.734373868 0.748334229 0.654217184 0.887356937 0.835086823
    0.598621368 0.565536499 0.695227087 0.242514998 0.637910068
    0.344541132 0.350252867 0.277245581 0.0206857622 0.433413029
    0.420901269 0.656317592 0.222066641 0.419074893 0.00955873728
    0.734426022 0.0461344123 0.218512028 0.714834094 0.0218747258
    0.867632151 0.506829917 0.892876208 0.0534261465 0.884104967
    0.267328024 0.94506681 0.496176064 0.107529879 0.518729746
    0.498202324 0.783333659 0.754056692 0.237132192 0.983002543
    0.431392431 0.152714968 0.0399689972 0.376451433 0.173201144
    0.638543725 0.417646766 0.130209535 0.74587357 0.496694088
    0.454117715 0.94998908 0.234536231 0.566353083 0.679614365
    0.126633972 0.885177433 0.581316471 0.507923305 0.287721813
    0.384533614 0.476082146 0.220040441 0.523135602 0.556387126
    0.526923656 0.282352984 0.601617873 0.301303208 0.306333095
    0.598165989 0.955841482 0.722776115 0.800694466 0.729826093
    0.204880089 0.182856172 0.51767844 0.857941151 0.725159168
    0.0498327315 0.480667353 0.735818028 0.28066802 0.896672249
    0.836274445 0.652748466 0.377272815 0.825091124 0.598408759
    0.408826947 0.460957468 0.513049066 0.842948675 0.933002234
    0.515528679 0.826051116 0.747575581 0.561555207 0.395727247
    0.0344317257 0.413575977 0.719274998 0.659649074 0.230892777
    0.208583862 0.62268877 0.0646956563 0.722353876 0.629073977
    0.0975005627 0.645576596 0.685501456 0.26041925 0.557353795
    0.379739225 0.744544923 0.616625428 0.719634891 0.408807129
    0.217574984 0.894145787 0.455214202 0.33692795 0.44936496
    0.814023733 0.866732121 0.956144512 0.806857347 0.10188669
    0.99017489 0.495375067 0.167511672 0.204540044 0.0512382686
    0.657672763 0.77283448 0.912252724 0.663630128 0.0479041934
    0.885101318 0.408952236 0.0525253117 0.570290208 0.620521307
    0.0528814197 0.727261364 0.9551844 0.917704463 0.270282626
    0.667644501 0.376915693 0.0727867186 0.894703984 0.197887719
    0.364841342 0.957064748 0.551486671 0.372621596 0.0287821591
    0.127508551 0.968714237 0.476624161 0.351339638 0.955058336
    0.841719627 0.0507197678 0.147976488 0.234774232 0.658289969
    0.299255997 0.695826411 0.772696316 0.881143928 0.803358495
    0.129111826 0.19456175 0.233703077 0.448859513 0.478721499
    0.446974427 0.26248461 0.814523101 0.932210326 0.231674761
    0.774163008 0.246450454 0.11023429 0.218754143 0.760344982
    0.924735069 0.411300927 0.779614568 0.53294158 0.144205242
    0.428681135 0.0410199463 0.202176601 0.623913646 0.156836867
    0.100490183 0.0407219827 0.349628538 0.231093645 0.853498578
    0.456701517 0.63148272 0.201195985 0.325043559 0.779003263
    0.647366345 0.0925082564 0.286709189 0.904785216 0.735502064
    0.350664139 0.495362848 0.029275775 0.968756914 0.420920402
    0.83834064 0.869126439 0.664224267 0.255521238 0.328084767
    0.137609631 0.314789891 0.579477131 0.716810226 0.557805359
    0.923134565 0.072101444 0.0754828453 0.579795241 0.801708341
    0.0468180776 0.343001544 0.323149383 0.219064921 0.160134912
    0.672417402 0.576222479 0.3252244 0.0726444721 0.965609074
    0.316903234 0.493697733 0.359112203 0.971380174 0.630695879
    0.433195233 0.68851912 0.468256921 0.0878426433 0.374044895
    0.560121179 0.482335865 0.0434628427 0.979015589 0.615626156
    0.186865062 0.905505419 0.663470685 0.397920102 0.732613504
    0.183012307 0.780717731 0.802583218 0.00663372874 0.596456468
    0.352116942 0.514256001 0.976224303 0.461723149 0.0086389184
    0.64509654 0.996592641 0.601632833 0.534433007 0.57402724
    0.175731242 0.558748603 0.926723778 0.130878538 0.934383273
    0.344224274 0.398695081 0.96383369 0.836287141 0.426783323
    0.455881387 0.842915773 0.0825002789 0.540179431 0.264380872
    0.0592207909 0.96385777 0.200378239 0.237343758 0.289635599
    0.797774673 0.610776186 0.487199903 0.925462604 0.38236165
    0.885686517 0.863574862 0.482763439 0.985525966 0.729678154
    0.0741898119 0.675990582 0.0990917981 0.484043121 0.926469445
    0.259506583 0.0102086663 0.97771275 0.798757792 0.307950258
    0.337421417 0.92391181 0.962264299 0.0562502742 0.115302116
    0.70111692 0.378510237 0.881886363 0.955968499 0.127944469
    0.603608191 0.779585242 0.809604824 0.222359538 0.721815228
    0.657737494 0.902145565 0.995541632 0.0747916698 0.519960761
    0.282104492 0.300146997 0.287804723 0.296058029 0.404946268
    0.834419787 0.759683967 0.917128265 0.575010836 0.79586637
    0.749277353 0.65473634 0.405059934 0.969894826 0.751836061
    0.495342553 0.836262941 0.261162877 0.461049765 0.150208086
    0.206877261 0.75699842 0.548337758 0.814575076 0.424433351
    0.84461987 0.0457009077 0.555683374 0.378128469 0.617733479
    0.887061477 0.11572358 0.989041686 0.286774278 0.491235048
    0.00455799699 0.240946263 0.768527269 0.767239094 0.168792009
    0.0255158246 0.14742294 0.310004294 0.844508886 0.347864151
    0.956092834 0.0831027031 0.73974812 0.42909795 0.78761363
    0.932025433 0.28104651 0.921559811 0.261546493 0.947629094
    0.832343817 0.0319463611 0.177480042 0.641659498 0.511149943
    0.647049844 0.777850807 0.610452533 0.305356055 0.67282331
    0.153134763 0.914938688 0.218397588 0.702219486 0.187283963
    0.43039161 0.358910143 0.439643115 0.952785492 0.951283455
    0.105899304 0.232331574 0.607213557 0.133139223 0.480873972
    0.594126701 0.492315382 0.689040542 0.513932943 0.923306108
    0.0329978764 0.357079864 0.575374603 0.116012424 0.882619739
    0.141407311 0.941049874 0.773510575 0.623440444 0.0988453925
    0.408191651 0.878322601 0.742386222 0.139480144 0.148445189
    0.120903611 0.479903877 0.476990908 0.604003847 0.598028004
    0.8310287 0.287350327 0.226689875 0.417346865 0.906440496
    0.948285043 0.410926878 0.987769008 0.743418932 0.274196148
    0.50190711 0.34870705 0.584404767 0.838311315 0.42267102 0.204147935
    0.730893016 0.851483941 0.2299591 0.878800988 0.727881789 0.77536118
    0.962197483 0.830220103 0.787609458 0.933429837 0.92997098
    0.671645343 0.645384073 0.992358446 0.0606320202 0.90774262
    0.929206014 0.642337859 0.475161582 0.547785103 0.0811374784
    0.622366965 0.121896416 0.867429316 0.278003573 0.313887537
    0.132520616 0.51913774 0.830668092 0.808463097 0.277637362
    0.607733488 0.461155474 0.764437199 0.819872379 0.890085697
    0.929788709 0.852646172 0.712993622 0.602128625 0.26482892
    0.0623289049 0.268026352 0.393459231 0.19378987 0.127532482
    0.692865133 0.0989154279 0.412684858 0.38905406 0.173881322
    0.890672505 0.614197552 0.624495983 0.656232238 0.700441718
    0.729171395 0.354817152 0.155265242 0.6310727 0.212370187
    0.534842134 0.0295854509 0.953449845 0.84044975 0.524531424
    0.840980172 0.304269016 0.835402608 0.416335613 0.358986437
    0.299136043 0.465321332 0.494771361 0.39664042 0.219857663
    0.832360148 0.135017037 0.340911835 0.0474565327 0.328733861
    0.353259385 0.0654052794 0.717020154 0.216175914 0.285457015
    0.217779696 0.204070151 0.255643785 0.0485242009 0.653036773
    0.397726864 0.713314414 0.503710985 0.468245566 0.466671944
    0.868478537 0.113712817 0.0471029878 0.439558268 0.547477126
    0.335302293 0.240523368 0.422869086 0.6001333 0.397898316
    0.594870269 0.375989377 0.610043645 0.923640609 0.440334499
    0.624502182 0.817262948 0.27652669 0.383269519 0.683062732
    0.432565212 0.463959485 0.981163859 0.775616884 0.795839906
    0.0118782818 0.649043322 0.196190357 0.930588007 0.804622531
    0.258042932 0.946097016 0.298044264 0.408885837 0.529514611
    0.97876811 0.489388287 0.615454435 0.510232389 0.778809667
    0.424320281 0.953238428 0.482555598 0.158481926 0.402897954
    0.423236907 0.879250884 0.289161831 0.48291558 0.440851688
    0.242791504 0.453967184 0.801392436 0.736271799 0.426591277
    0.697492838 0.0717582107 0.29468599 0.940119624 0.885887027
    0.625436366 0.687408984 0.403186619 0.845403194 0.174033225
    0.961449921 0.63420248 0.451691151 0.807940841 0.335525632
    0.906182051 0.286762416 0.229012609 0.455834329 0.502127528
    0.133719832 0.573494256 0.428328872 0.173860103 0.72015661
    0.873378158 0.556319416 0.19364199 0.340265453 0.0747174025
    0.459588736 0.342699558 0.504736423 0.42417407 0.039269954
    0.968905687 0.790392995 0.550274909 0.219670415 0.433168888
    0.878160596 0.231886625 0.50049156 0.236826122 0.558827758
    0.927830458 0.834985495 0.0761593878 0.242934525 0.350901902
    0.257676274 0.0626746416 0.978221238 0.894388318 0.00226467848
    0.300691664 0.327792108 0.562159419 0.175516665 0.532087684
    0.27680397 0.478504598 0.639333665 0.795023084 0.00142240524
    0.145141125 0.774818063 0.765742421 0.535636425 0.569931209
    0.28043437 0.456784457 0.316590637 0.314905524 0.378549755
    0.0940900147 0.418863595 0.638656557 0.400350094 0.433876187
    0.135900795 0.282841116 0.407933652 0.508626461 0.144990295
    0.427747071 0.127852231 0.560639799 0.956569314 0.0701648295
    0.0834332705 0.099126488 0.408528924 0.555616438 0.183731675
    0.196347445 0.495829731 0.158020437 0.122340053 0.402141064
    0.357555628 0.863272786 0.836112201 0.730490983 0.790769458
    0.916829884 0.0960299671 0.981271327 0.0356191993 0.0414048433
    0.306127608 0.271771848 0.573512316 0.136937916 0.716380656
    0.214381605 0.355320513 0.28565985 0.800996482 0.643758297
    0.601491988 0.405912042 0.166055143 0.0950714648 0.124094963
    0.267950058 0.698691428 0.5532794 0.0923739672 0.826675177
    0.765905738 0.478440166 0.665302992 0.879929721 0.67922169
    0.752952158 0.617798865 0.572357833 0.792925596 0.416891068
    0.839323878 0.629286051 0.768777966 0.213591367 0.53969419
    0.154947966 0.142226994 0.146826923 0.376190782 0.105294108
    0.921793938 0.713038445 0.203899026 0.771866322 0.260025978
    0.127904564 0.825440884 0.118833274 0.822832227 0.704300523
    0.261530399 0.914558768 0.121074826 0.741295695 0.252982348
    0.241990268 0.843365073 0.651760757 0.833722711 0.411026746
    0.828977346 0.929176271 0.105267256 0.700016677 0.552824557
    0.227821618 0.621838391 0.686998844 0.327097535 0.536867559
    0.274399757 0.27025345 0.627874672 0.843164802 0.320210308
    0.698880076 0.762206674 0.412938386 0.91648674 0.512784123
    0.56281662 0.536776245 0.357876152 0.125475079 0.299644649
    0.627430677 0.252964795 0.63586998 0.70530355 0.928014517
    0.917611003 0.60634011 0.424775124 0.530698001 0.338186443
    0.78559351 0.0216963291 0.731450438 0.0582110286 0.985317111
    0.77341783 0.0888762176 0.81097424 0.850702107 0.0486471057
    0.699999094 0.698052049 0.790638089 0.408961505 0.825552762
    0.754227638 0.807466805 0.244907856 0.78888756 0.423349887
    0.557146549 0.981333375 0.419234931 0.0799743533 0.885813892
    0.341435224 0.44896692 0.798290849 0.360739321 0.148860306
    0.297060251 0.532396853 0.631445825 0.676017761 0.214894235
    0.0553387702 0.892955065 0.653890848 0.786088347 0.453734308
    0.722318649 0.977295637 0.0559169948 0.890308022 0.391430467
    0.88462919 0.519029379 0.811855495 0.411417365 0.486250222
    0.218255937 0.640663385 0.911610723 0.671215892 0.785212517
    0.260020703 0.0151597857 0.593564093 0.716399789 0.227886677
    0.920149505 0.204265177 0.52682358 0.636115193 0.0982176363
    0.0998886526 0.0617075264 0.130472273 0.175846934 0.943180203
    0.608084798 0.515822411 0.523878157 0.689580679 0.431591719
    0.21924001 0.939995646 0.184733361 0.420464635 0.0997964442
    0.239800632 0.040838927 0.616771102 0.51955837 0.834204078
    0.54418695 0.926536202 0.480638087 0.649876237 0.591703594
    0.200144202 0.44491598 0.954836965 0.930602431 0.213759869
    0.797656417 0.385136306 0.778936028 0.679782629 0.10895139
    0.555069089 0.502218902 0.720853388 0.693179965 0.343339086
    0.37912339 0.435250431 0.107396305 0.334657609 0.382673383
    0.07676965 0.364011109 0.282483757 0.172791451 0.269957542
    0.657882333 0.0242436826 0.595233142 0.613712966 0.887672782
    0.549693525 0.4443703 0.349872351 0.632997036 0.935075998
    0.373587132 0.262085974 0.57897985 0.716440678 0.104372829
    0.0554000437 0.142656893 0.62789911 0.720657408 0.386429697
    0.609567642 0.499939412 0.369375587 0.840972483 0.788144171
    0.901840985 0.195068508 0.817626238 0.31652984 0.289451241
    0.457697153 0.562395811 0.81625545 0.61644733 0.399108976
    0.808677673 0.479955435 0.169483364 0.414106488 0.444923013
    0.168394148 0.00904113054 0.439888716 0.688745677 0.496753782
    0.496892393 0.451177597 0.823204458 0.656044066 0.841528893
    0.12604779 0.334542513 0.519168377 0.601691842 0.353800476
    0.36052534 0.361759901 0.948044062 0.271440119 0.120267808
    0.701163709 0.873019516 0.336094618 0.755039632 0.452613562
    0.583022952 0.625631452 0.928573251 0.582469523 0.194194585
    0.518256485 0.0833359361 0.982091546 0.496945739 0.829087138
    0.981713414 0.0165248811 0.945008278 0.0409864485 0.336229563
    0.526514053 0.530874014 0.978370905 0.475484371 0.203631103
    0.40710482 0.36296165 0.414516866 0.301885903 0.316703081
    0.573626459 0.311732441 0.678252578 0.0590380728 0.818032801
    0.0974251628 0.243801832 0.724960387 0.781241894 0.0952957869
    0.521376669 0.156623244 0.858740389 0.995889425 0.41333437
    0.499694198 0.503306866 0.411246657 0.654749393 0.910412729
    0.891631484 0.951205611 0.886490881 0.181328773 0.538977742
    0.577522695 0.996983528 0.144437492 0.460777313 0.811425924
    0.317508757 0.76303488 0.425943792 0.262575269 0.373003542
    0.459805071 0.406361461 0.575759649 0.0519374609 0.18230933
    0.140228689 0.665768325 0.515086174 0.133657902 0.839975953
    0.152959853 0.176092654 0.71512419 0.162955165 0.130858034
    0.257894218 0.366931379 0.372905374 0.756957352 0.900208116
    0.817469835 0.253934026 0.187078059 0.280932367 0.947484255
    0.932819545 0.945932806 0.65196228 0.119864792 0.67653656 0.87042731
    0.517992854 0.0372348428 0.990671813 0.0813488066 0.358540624
    0.589657903 0.0768956244 0.239881396 0.736675978 0.615475655
    0.264799893 0.460702598 0.827863455 0.43090874 0.655687213
    0.321390033 0.0573436916 0.715423346 0.599437654 0.671385765
    0.184258014 0.662465632 0.372930706 0.00444316864 0.749860227
    0.370996892 0.972026587 0.433554024 0.567119956 0.679898977
    0.624791324 0.20887512 0.743961513 0.470903277 0.462314725
    0.514720559 0.734494507 0.0946702063 0.647942066 0.314472914
    0.21962899 0.968309999 0.550001085 0.772518158 0.257485747
    0.667802453 0.493394315 0.477616698 0.797666371 0.260905981
    0.730742514 0.430102855 0.697431207 0.390081763 0.318381488
    0.0306306183 0.981818438 0.191090971 0.720579684 0.179493159
    0.832057059 0.147088796 0.200377643 0.545967937 0.776572108
    0.551576316 0.470993549 0.545354009 0.771078408 0.564329982
    0.50561887 0.307482302 0.834025025 0.992131472 0.904932618
    0.747311354 0.365287364 0.163059026 0.548100173 0.102194279
    0.778562307 0.527926922 0.700065792 0.568557084 0.302401483
    0.612429321 0.728247821 0.815555215 0.945752859 0.197213858
    0.148017764 0.480545461 0.175378174 0.68856442 0.606661975
    0.691437602 0.483825833 0.525198162 0.721786141 0.850975871
    0.754856288 0.226842821 0.134190202 0.129722446 0.345377505
    0.220724851 0.581646442 0.99902904 0.66898042 0.990150094
    0.104198784 0.555914104 0.457433492 0.117598116 0.957918167
    0.302981853 0.194103658 0.130844623 0.184641391 0.0375995636
    0.400145262 0.83542347 0.995360374 0.978147626 0.888236642
    0.337588191 0.436734796 0.996569276 0.794011712 0.89525789
    0.645288885 0.0902355015 0.468057036 0.0123408735 0.0835095346
    0.426977396 0.41085884 0.961642504 0.420592278 0.00702962279
    0.999915361 0.844193935 0.0423133373 0.721049368 0.556698442
    0.0490950346 0.833108664 0.636856496 0.25387156 0.0952992439
    0.00900676847 0.353534877 0.884689569 0.12842235 0.31362772
    0.102716357 0.383654535 0.948409796 0.806052327 0.608602405
    0.376400679 0.251043916 0.708069623 0.0972734094 0.129268944
    0.134648442 0.712931633 0.00436845422 0.829206705 0.652521074
    0.514542997 0.121382117 0.425218999 0.794247806 0.106484115
    0.215918034 0.640499651 0.0696087778 0.232931435 0.773232937
    0.101630449 0.626953781 0.820863128 0.836182535 0.256234139
    0.458558142 0.185256481 0.302857786 0.752275348 0.940703869
    0.71755898 0.8681041 0.806413889 0.776334167 0.424340248 0.017629236
    0.575085104 0.289983988 0.650196254 0.194234014 0.314051807
    0.237259358 0.397558391 0.941887081 0.516530335 0.651087284
    0.681533575 0.387533665 0.615288734 0.676647782 0.138785124
    0.64339149 0.225316137 0.299795806 0.558258474 0.444968611
    0.362586379 0.471137106 0.326307595 0.849876761 0.690531015
    0.585570991 0.659809232 0.413110495 0.29133749 0.894050956
    0.252795458 0.598785639 0.707000196 0.573070884 0.129717678
    0.629459679 0.44076854 0.549339592 0.342373312 0.782232523
    0.526491523 0.061858654 0.164183527 0.324885964 0.350129724
    0.674039245 0.279300183 0.916460633 0.473968834 0.900448203
    0.227629781 0.707237244 0.574711561 0.5205459 0.0519320071
    0.71651125 0.784509063 0.128027976 0.817758977 0.485414535
    0.61195457 0.973757744 0.381068558 0.328481972 0.236948282
    0.584524453 0.769962907 0.216455758 0.325969458 0.118960261
    0.286161363 0.979876995 0.811983526 0.319432348 0.656079531
    0.768815637 0.300617307 0.0648067892 0.282142431 0.55018568
    0.697447538 0.532653451 0.0499359965 0.087898314 0.71795845
    0.701586604 0.513341129 0.765251994 0.748157263 0.390930414
    0.767747462 0.560145915 0.528660774 0.184307337 0.811516404
    0.344387054 0.642796874 0.892922521 0.420916915 0.914515138
    0.243450284 0.567843139 0.748507857 0.0385410488 0.414470583
    0.451491773 0.567562997 0.29441756 0.815801859 0.898423553
    0.611460328 0.931052446 0.146194398 0.163551122 0.683373809
    0.52838105 0.0184808969 0.12462458 0.318556309 0.119709164
    0.127869844 0.367964208 0.350660235 0.949109077 0.253564596
    0.0508234501 0.133721471 0.156305224 0.385191858 0.532494485
    0.0529164672 0.385034353 0.103827298 0.527573287 0.312334299
    0.00844010711 0.492067993 0.618374944 0.448983461 0.867402673
    0.797305822 0.297735631 0.107523561 0.442897916 0.157255799
    0.670702755 0.510724962 0.860799789 0.67490375 0.822284162
    0.912883222 0.664267004 0.620737612 0.522741258 0.669362783
    0.521802962 0.886184037 0.910863519 0.450924426 0.796426415
    0.065312922 0.542101741 0.784424901 0.885110259 0.173065603
    0.804225147 0.920844257 0.664939344 0.125947714 0.284484088
    0.716015697 0.696878731 0.676134944 0.188836843 0.407358736
    0.811324835 0.938683689 0.122325599 0.690332413 0.926213026
    0.353832841 0.0641501844 0.74705416 0.0134059787 0.386578232
    0.22785458 0.628435135 0.756998122 0.783009529 0.984786987
    0.00181412697 0.953725219 0.478589267 0.74740082 0.730043769
    0.0424753726 0.906153202 0.311861217 0.314632356 0.663640499
    0.768967748 0.283332229 0.465108365 0.967930913 0.325293243
    0.924090624 0.463241816 0.808819413 0.00963801146 0.881882668
    0.579201758 0.361401141 0.643442392 0.837269723 0.702264786
    0.33458969 0.330479622 0.190464526 0.486890107 0.862944841
    0.910215735 0.545793772 0.965874434 0.841824174 0.634867609
    0.66433686 0.874600887 0.777614117 0.0117441118 0.39505738
    0.852756023 0.136731714 0.578816533 0.308021367 0.851979375
    0.309387386 0.513501644 0.279291034 0.420311511 0.822455287
    0.903252125 0.456943452 0.405459315 0.189613819 0.981780946
    0.421374917 0.324697614 0.984807134 0.794953465 0.0133701563
    0.925270319 0.572551191 0.503292918 0.573953748 0.331799924
    0.723837852 0.414744616 0.812978506 0.284711957 0.613969028
    0.812297165 0.0146867335 0.981351495 0.165779859 0.0276474953
    0.275864482 0.0891174674 0.326556265 0.214799434 0.295105428
    0.838369608 0.509097636 0.575485408 0.253556043 0.0663531125
    0.639496088 0.940527856 0.187131971 0.479463547 0.963178515
    0.329666525 0.00535580516 0.759931684 0.366714776 0.851313114
    0.121180624 0.270296454 0.429106474 0.0433841944 0.878866732
    0.410968751 0.620679259 0.811286092 0.809307814 0.467836797
    0.960701644 0.336285293 0.141000628 0.337022185 0.367191464
    0.87323916 0.165326804 0.180957109 0.0509677827 0.0936480165
    0.472435445 0.853799641 0.0432622731 0.997773111 0.0154075921
    0.727289915 0.734939396 0.423602015 0.721757174 0.414439261
    0.755346119 0.835120738 0.813411474 0.0552411079 0.771942735
    0.908829987 0.588864684 0.937872887 0.976506233 0.43901363
    0.535065889 0.634606004 0.748467088 0.650636911 0.66353333
    0.688420534 0.544678569 0.633245051 0.135034144 0.876005411
    0.497991234 0.265749514 0.765805542 0.500576675 0.18572554
    0.778701067 0.733801007 0.0442519188 0.444038153 0.172579199
    0.97921592 0.215672433 0.232543111 0.767850995 0.587229609
    0.0192101002 0.896322429 0.42280972 0.195564032 0.119147688
    0.114911109 0.867207885 0.633431375 0.33978948 0.158879578
    0.889777482 0.986101627 0.313436627 0.384110689 0.741779804
    0.252092183 0.112879574 0.116991431 0.980970383 0.203303128
    0.723502159 0.204932243 0.345208824 0.237156481 0.756768942
    0.237346888 0.161548674 0.478920698 0.0901236534 0.0104542971
    0.346942246 0.713829279 0.624880672 0.919768751 0.314007998
    0.0137418211 0.12644276 0.286799252 0.309722662 0.318744481
    0.743146479 0.0970119834 0.745278478 0.892662823 0.887822151
    0.136544377 0.117866963 0.103549331 0.534457505 0.035025835
    0.215491116 0.979503989 0.568024993 0.203844547 0.168223381
    0.781379223 0.739775062 0.113853991 0.404942095 0.083791256
    0.719553649 0.347977698 0.340685368 0.177406907 0.887493253
    0.0968438983 0.335085869 0.871035635 0.241831303 0.532495618
    0.312224507 0.469955921 0.822967112 0.467680514 0.693828225
    0.778235555 0.396105826 0.787697434 0.247933477 0.843087554
    0.450082779 0.819122314 0.145644337 0.00229755044 0.310457289
    0.261930108 0.423783749 0.0282491446 0.212641627 0.664420843
    0.465028703 0.443056822 0.861036777 0.297941983 0.710160375
    0.049706459 0.369243801 0.435654014 0.0260537565 0.769813776
    0.684750557 0.116099507 0.64802283 0.0855838954 0.525887966
    0.168701947 0.811115682 0.708010375 0.916060209 0.388017595
    0.0585885942 0.863012433 0.400047183 0.807524562 0.558787823
    0.102062345 0.0787272155 0.328540623 0.49954012 0.696021974
    0.874952435 0.818368793 0.575256526 0.387665838 0.122668415
    0.680590749 0.197860718 0.720952928 0.170209408 0.692948103
    0.50158149 0.205972046 0.175351977 0.69077158 0.39225775 0.962873161
    0.036069423 0.36890915 0.243679583 0.241953731 0.201910228
    0.785640597 0.28215152 0.0991285145 0.110646635 0.459955692
    0.272322416 0.33494705 0.188205034 0.0109554231 0.36183539
    0.56280762 0.0303280652 0.135775506 0.336362004 0.643917859
    0.774103642 0.0329990387 0.738532364 0.0156386793 0.409402937
    0.230746031 0.301923573 0.991568565 0.679208279 0.364075959
    0.411628187 0.98221004 0.443638414 0.640558898 0.0457081795
    0.414861679 0.907115638 0.809589207 0.473526776 0.160700828
    0.772238374 0.861854434 0.865065336 0.313702792 0.826920629
    0.373516917 0.0243138075 0.143532723 0.754380941 0.858931601
    0.619731665 0.999621153 0.442593277 0.693049371 0.508455515
    0.717727184 0.947229743 0.655215383 0.873347282 0.143791795
    0.00600391626 0.245396048 0.928654313 0.266008884 0.756232738
    0.331867874 0.688404977 0.62911129 0.0659563839 0.672478557
    0.562548757 0.531625509 0.44932723 0.574380994 0.687238991
    0.154031068 0.650654316 0.818386018 0.55352819 0.257330745
    0.590348065 0.753723681 0.865412831 0.34811604 0.778241992
    0.779262424 0.368402183 0.445519418 0.748878062 0.703518033
    0.391561151 0.578719735 0.869963586 0.751670063 0.941741407
    0.531016588 0.649431705 0.277267456 0.30362618 0.5999946 0.438620865
    0.760063887 0.0998124778 0.779839814 0.231545299 0.0706824958
    0.254790902 0.0595106184 0.478796393 0.913846612 0.793540359
    0.608896494 0.165630579 0.57078433 0.952079654 0.875871539
    0.380184203 0.09471789 0.116456866 0.893592715 0.439672172
    0.482193202 0.28484267 0.837317586 0.574988604 0.334208697
    0.242901057 0.872440577 0.294342399 0.853973031 0.848577559
    0.154766262 0.708197713 0.559889793 0.695407152 0.193747789
    0.791591585 0.522794187 0.494269729 0.428616464 0.155057818
    0.0992561877 0.810813308 0.478773057 0.127676934 0.736357927
    0.0799326897 0.63160181 0.859397531 0.78709662 0.143300086
    0.727820277 0.226305485 0.192800939 0.221988648 0.160193413
    0.727806211 0.746013999 0.00552803278 0.375958323 0.00474250317
    0.469202042 0.846131623 0.700862169 0.158697009 0.552023768
    0.946473956 0.504172444 0.349164486 0.831582069 0.603892028
    0.101853967 0.342754185 0.72305721 0.120501876 0.0874590576
    0.3341344 0.12987709 0.981969953 0.944757462 0.330046177 0.44043529
    0.143225372 0.0807329416 0.823997974 0.236437291 0.25814721
    0.40031302 0.265244663 0.971829414 0.855425119 0.0830287337
    0.304468125 0.0451002121 0.335929245 0.912315667 0.648898602
    0.947739005 0.522317469 0.212324351 0.323989302 0.0959266722
    0.609805167 0.864793837 0.376740247 0.166202784 0.233538121
    0.142997026 0.456889778 0.0330655575 0.0911775827 0.364383429
    0.627097964 0.361176103 0.220064104 0.166458368 0.11319375
    0.764047682 0.805949688 0.268054664 0.0889779031 0.521004081
    0.281004816 0.930970907 0.586676955 0.0200826526 0.917329073
    0.705826938 0.421493769 0.0848985612 0.526682436 0.345220864
    0.173025668 0.719804108 0.417003602 0.97337985 0.64507395
    0.603308141 0.962125301 0.327235132 0.702554703 0.309015632
    0.453443438 0.099540025 0.741437733 0.54794699 0.652741432
    0.209394485 0.246655107 0.440339059 0.698485851 0.128602982
    0.499912739 0.887773991 0.387379467 0.291518867 0.513375759
    0.709276676 0.415462762 0.0975759029 0.895636082 0.111630499
    0.3237167 0.759333968 0.208977282 0.876333356 0.588723242
    0.340443462 0.382972181 0.567670226 0.881954432 0.326227158
    0.194196433 0.914577127 0.714457154 0.778482497 0.641835928
    0.881517529 0.486699045 0.835351825 0.758280277 0.942210078
    0.153783321 0.394083798 0.0066563189 0.195359409 0.293403596
    0.839130878 0.854838252 0.613228381 0.68641448 0.740430057
    0.13777411 0.436129928 0.1655038 0.566457689 0.672859907 0.312644064
    0.466475815 0.186095357 0.919129252 0.818017364 0.53057462
    0.38855198 0.616047859 0.298286796 0.381459326 0.819542468
    0.689435661 0.169613838 0.502047122 0.446062535 0.600685656
    0.098077625 0.38223657 0.365207851 0.960928082 0.495690048
    0.81957382 0.404480696 0.36092478 0.856717348 0.808552861
    0.222920477 0.14377901 0.86832881 0.360009789 0.745974541
    0.311090648 0.608829975 0.582628071 0.452110648 0.217979908
    0.826492548 0.072674185 0.943338633 0.432060361 0.591802835
    0.128058434 0.308440089 0.688344836 0.805268407 0.00530850887
    0.202835649 0.448242903 0.00502881408 0.909084797 0.324119151
    0.7853297 0.834594011 0.271540761 0.0932421982 0.655269384
    0.828226447 0.11521095 0.948563695 0.98623085 0.119447172
    0.761475146 0.816277146 0.512410879 0.62689364 0.16980657
    0.133290559 0.181299508 0.115420341 0.673616767 0.964461446
    0.993507802 0.0846841931 0.418031693 0.292883158 0.395793706
    0.913330913 0.160335392 0.496737778 0.079259187 0.585587204
    0.262849569 0.0960473418 0.0387504995 0.0459806025 0.690136671
    0.291508555 0.907400727 0.0477615893 0.999821365 0.232303202
    0.221760631 0.773721814 0.85788548 0.653851867 0.877662778
    0.0272536874 0.614215612 0.690397441 0.415755063 0.515051425
    0.354488045 0.100972325 0.532250345 0.462892145 0.399401337
    0.738840342 0.201382995 0.169935971 0.210481554 0.477379918
    0.153519601 0.355927259 0.0867909789 0.675843477 0.965696275
    0.571192503 0.748681068 0.154522389 0.294680595 0.338247269
    0.876201272 0.569235146 0.229301661 0.520319223 0.618382514
    0.592438281 0.175360829 0.0488550663 0.211381137 0.852057099
    0.759438813 0.472436607 0.781299353 0.391528189 0.151890546
    0.467205495 0.513701439 0.704333186 0.528151274 0.644795656
    0.410142422 0.90327704 0.0129056275 0.714686096 0.138491362
    0.330255032 0.326284379 0.633184552 0.116349071 0.381245077
    0.629066944 0.0668143034 0.179504097 0.299822241 0.992857695
    0.448077023 0.446247071 0.527669311 0.744625568 0.770930648
    0.306245923 0.992542148 0.242610335 0.999312162 0.249817491
    0.256551743 0.738872409 0.48430717 0.224896312 0.59419173
    0.656323969 0.946409822 0.513477743 0.970824778 0.778341055
    0.807712197 0.566420496 0.397780895 0.598030448 0.115297228
    0.922883272 0.348115683 0.260165274 0.823366284 0.629454374
    0.564433396 0.509325862 0.632190347 0.487277746 0.895022869
    0.0085080266 0.869191468 0.542297482 0.944270134 0.0588544607
    0.782470405 0.0196870565 0.480487764 0.85518676 0.162429333
    0.230114013 0.825432658 0.537661672 0.540045977 0.137210578
    0.774801075 0.584312916 0.816051722 0.806447566 0.805028558
    0.758786559 0.703990698 0.509532332 0.200582564 0.163309336
    0.0843073428 0.313607812 0.025432229 0.779625893 0.326168478
    0.660988271 0.219099313 0.355808556 0.893680692 0.920051336
    0.95634073 0.246655673 0.516245067 0.455684543 0.365013719
    0.279281318 0.792908251 0.501600146 0.987627625 0.38989976
    0.752008796 0.280791581 0.348881483 0.744324148 0.823972285
    0.679003716 0.660902083 0.0722302198 0.40632391 0.784165978
    0.190425307 0.367498994 0.917129517 0.333173186 0.267382324
    0.163311005 0.597498596 0.993339419 0.96892035 0.049015671
    0.153158605 0.502086461 0.756531417 0.821417987 0.221297592
    0.432140589 0.139632344 0.34780243 0.878287315 0.130632937
    0.115675211 0.897459507 0.286936998 0.969639719 0.524641514
    0.536228418 0.00556868315 0.585538507 0.866514862 0.728616416
    0.522266567 0.391110986 0.244651079 0.309269607 0.871134818
    0.656755269 0.00630047917 0.792850852 0.676179349 0.233462811
    0.849888682 0.275576293 0.351718336 0.192132115 0.179590076
    0.89300108 0.436213881 0.044467181 0.411748707 0.693582773
    0.418521881 0.338666141 0.0691392124 0.0963352919 0.940317154
    0.196503073 0.574656427 0.654902458 0.949377656 0.289525151
    0.948789001 0.435817033 0.303106487 0.186867297 0.553857386
    0.681971788 0.682955861 0.916595936 0.0188544393 0.968861043
    0.464554369 0.815435767 0.430462599 0.201336503 0.79892087
    0.0957919657 0.119069636 0.99344027 0.000343888998 0.354320854
    0.585396826 0.890631437 0.502274454 0.325550735 0.852776408
    0.204470277 0.19629848 0.80563271 0.0720804632 0.863821089
    0.609808683 0.850726783 0.878172517 0.733165979 0.278532743
    0.0861333013 0.345899284 0.197522044 0.897987604 0.0547892749
    0.945744991 0.840203047 0.0152191222 0.617305756 0.417741239
    0.0789613426 0.35010165 0.117118627 0.81332171 0.585030735
    0.788960457 0.724792659 0.821394086 0.0510068834 0.748536646
    0.461661905 0.132816821 0.742307961 0.670616388 0.206280112
    0.994019389 0.151882321 0.427056551 0.237326264 0.684642315
    0.460586995 0.36922127 0.572525442 0.149483383 0.0213077962
    0.86070478 0.546938539 0.843469977 0.370156944 0.419942081
    0.738178253 0.398039311 0.621314704 0.544907451 0.0408020318
    0.131692559 0.586029828 0.330333978 0.592584491 0.875337422
    0.939310193 0.362515748 0.779550433 0.57482636 0.83855629
    0.974938273 0.688372493 0.335612595 0.952360511 0.332139194
    0.520153999 0.995749652 0.722565174 0.168403447 0.904650211
    0.97722733 0.111370951 0.0259830952 0.677401185 0.264482677
    0.220029116 0.213770449 0.966298759 0.307786584 0.00261425972
    0.0258287787 0.00586956739 0.72725141 0.922960401 0.611570418
    0.158084005 0.548870206 0.449014574 0.838483334 0.213759542
    0.709225416 0.702127695 0.564915478 0.965166688 0.465219975
    0.0890556276 0.982750893 0.929915667 0.855890632 0.59290421
    0.906085491 0.659231842 0.844172239 0.856284142 0.62571007
    0.690989971 0.0798496008 0.335436523 0.997093081 0.831256032
    0.771133423 0.741680026 0.198582619 0.890670061 0.943260431
    0.969886184 0.706800282 0.162381202 0.145878732 0.919892073
    0.809072375 0.77379632 0.390532702 0.497727275 0.700344682
    0.96311307 0.706560075 0.974688888 0.158571601 0.918610632
    0.350901574 0.4602153 0.132432133 0.0927976668 0.548089325
    0.210215628 0.186143607 0.351115286 0.566482782 0.185389668
    0.52806145 0.331990421 0.754265428 0.643510222 0.96040225 0.87507087
    0.0375313163 0.621210277 0.0872523487 0.0933710039 0.369196832
    0.454795659 0.115520716 0.0576755106 0.173561692 0.271554828
    0.673016787 0.539910257 0.984094977 0.4338094 0.806361675
    0.638944507 0.501463354 0.0687858462 0.814020991 0.863583744
    0.457154274 0.297839314 0.516794205 0.298866451 0.398260385
    0.106548458 0.0306347907 0.746022224 0.471342802 0.695674181
    0.285946608 0.449383885 0.381166518 0.546102107 0.157915384
    0.951037407 0.884682059 0.716241956 0.675216436 0.00942927599
    0.456033826 0.780085325 0.556022406 0.134878337 0.532124758
    0.311589956 0.436843783 0.927682877 0.864789367 0.0224352777
    0.642897725 0.50071156 0.668455482 0.908548176 0.63053453
    0.287987143 0.716270864 0.365360796 0.184948206 0.47713089
    0.12240684 0.36559993 0.0607578456 0.661604702 0.0583509505
    0.92731446 0.957274973 0.789311528 0.995158136 0.692657709
    0.303931832 0.933051705 0.832056999 0.663176537 0.580555975
    0.827001214 0.724642694 0.0975031555 0.69143188 0.309521794
    0.766912401 0.051101923 0.74408567 0.0797202587 0.840549767
    0.644922137 0.283568442 0.0884926617 0.663555145 0.947746158
    0.914011955 0.315109074 0.804055333 0.90858978 0.0135857463
    0.259234488 0.232925981 0.270311207 0.637332439 0.740252256
    0.0922236443 0.366564602 0.211031169 0.226455539 0.583589911
    0.0769987106 0.225191653 0.900128305 0.573054075 0.0328123271
    0.345641553 0.257008433 0.464234442 0.254894644 0.732034683
    0.491258234 0.815232098 0.0550741851 0.0847909451 0.362187207
    0.484777808 0.101180613 0.519136846 0.786046028 0.949497581
    0.872437835 0.383075893 0.128842831 0.982400656 0.227420598
    0.301603884 0.684559226 0.910024703 0.195241272 0.477605939
    0.0264897346 0.79522121 0.420436621 0.773040533 0.592671096
    0.318251401 0.0398901999 0.294058084 0.151974976 0.527745068
    0.774171829 0.332507402 0.503080785 0.993305564 0.300310075
    0.941466987 0.545355558 0.543234706 0.849597692 0.793462813
    0.893049955 0.0076713264 0.386446595 0.173410624 0.0672014952
    0.696985304 0.854828715 0.279212803 0.436005563 0.645950317
    0.134167731 0.33914426 0.229845136 0.5662691 0.528458536 0.975078702
    0.689742684 0.613157392 0.382534444 0.421254069 0.756815314
    0.755047917 0.0919802785 0.348601878 0.258313864 0.903414726
    0.949603081 0.0317237079 0.603763938 0.586538732 0.991392612
    0.171415716 0.503317773 0.403950363 0.655280828 0.428752333
    0.331033647 0.949629426 0.765321374 0.655291438 0.609265983
    0.511462152 0.419703931 0.266734123 0.268665731 0.284081697
    0.183104664 0.980048835 0.863332152 0.814042032 0.491528302
    0.97589016 0.150924712 0.476934791 0.135296434 0.250184536
    0.351779282 0.523280501 0.335925043 0.646652222 0.347339094
    0.311256409 0.721496701 0.787268996 0.354346871 0.276645422
    0.0396619737 0.990596354 0.737614274 0.780112028 0.997027338
    0.272647738 0.405459017 0.68269372 0.924077868 0.852639198
    0.650833249 0.226566762 0.645928502 0.729609311 0.216050088
    0.783274651 0.13487792 0.505120754 0.564816833 0.898393989
    0.915399194 0.363019437 0.203363538 0.524803877 0.575252116
    0.357599974 0.098490268 0.920681 0.489749342 0.24184081 0.352919877
    0.504128635 0.0295362175 0.00828805566 0.27540499 0.163864613
    0.601130724 0.692711294 0.00389382243 0.977835655 0.931450963
    0.506425261 0.935032129 0.109116375 0.778123379 0.745705962
    0.160646826 0.283452421 0.807897687 0.966951728 0.941416621
    0.751630008 0.712009549 0.0966131091 0.589233518 0.845925927
    0.455655217 0.712989271 0.995257974 0.905394435 0.345702827
    0.794488966 0.111614168 0.412154734 0.352209687 0.18156451
    0.846278787 0.579571187 0.102919102 0.38464433 0.708960772
    0.349038243 0.540949285 0.982934475 0.142834514 0.117599189
    0.471793354 0.369495094 0.593410969 0.603460193 0.942632675
    0.796742439 0.802578211 0.253638804 0.0571172833 0.332903773
    0.986421466 0.391392231 0.353229344 0.605808377 0.722371876
    0.777082682 0.582308054 0.0741265118 0.244834125 0.184755862
    0.975634813 0.232894838 0.468955249 0.373819917 0.709477007
    0.453480721 0.212698847 0.262735277 0.556248665 0.538975298
    0.457510263 0.652307391 0.820738316 0.64717865 0.667871177
    0.961461127 0.390941918 0.763686061 0.033646971 0.680272758
    0.86649549 0.227068871 0.37513122 0.844736814 0.467060328
    0.688761532 0.630957186 0.812724233 0.148354471 0.555607915
    0.859707952 0.993130684 0.962522864 0.782145619 0.09020558
    0.394592524 0.0407427549 0.347110957 0.620007813 0.751295567
    0.635294735 0.155999601 0.278447747 0.896673083 0.0320527554
    0.516885936 0.0412668586 0.325061202 0.217815161 0.23298347
    0.288734019 0.491213232 0.354093671 0.193941563 0.698239803
    0.532100916 0.238528252 0.0508223474 0.659579754 0.197487116
    0.591519117 0.574162781 0.70673728 0.303790152 0.751090348
    0.429742545 0.461285532 0.171371728 0.893405318 0.77597332
    0.570801198 0.766891062 0.906157017 0.861057401 0.992373943
    0.246710807 0.0117433369 0.447383761 0.781175435 0.173885882
    0.849973559 0.56167388 0.657540858 0.262131721 0.37633872
    0.833866596 0.406088233 0.703345597 0.674080133 0.0495247841
    0.571750224 0.668971539 0.529920876 0.301439047 0.347496212
    0.239228994 0.353732347 0.726020873 0.971905589 0.0488972068
    0.436195135 0.992105484 0.864209294 0.699543238 0.960888624
    0.568295538 0.977892876 0.693000376 0.679962873 0.112807423
    0.106917858 0.437017888 0.317761421 0.360142261 0.606301188
    0.923596561 0.729180515 0.486392498 0.681249559 0.0261011422
    0.519473732 0.901960313 0.668623567 0.0591258705 0.22798261
    0.982666016 0.446216613 0.762861848 0.878675401 0.115020514
    0.749539673 0.707971454 0.655498505 0.431812972 0.0542298257
    0.351008236 0.891458392 0.0341481566 0.639119864 0.419760227
    0.253416538 0.549337864 0.132232666 0.478353709 0.143413901
    0.989183128 0.0322925448 0.0242012739 0.183051497 0.227134228
    0.150663644 0.211486518 0.536669552 0.925427079 0.643790364
    0.688692629 0.628220916 0.010807842 0.0826914907 0.292931676
    0.37878865 0.411584735 0.13173461 0.507753193 0.580189586
    0.919766903 0.323706836 0.775687575 0.210790932 0.681655765
    0.582369745 0.583836675 0.87075609 0.0340611637 0.119132996
    0.380588055 0.492868453 0.766855001 0.120428145 0.0256198347
    0.929595113 0.154150873 0.572321057 0.600001156 0.302457839
    0.937116981 0.423181266 0.559548616 0.400740653 0.818319619
    0.448967457 0.399665803 0.0457442999 0.290438592 0.103819162
    0.0623912513 0.348949373 0.220147669 0.752341986 0.775702477
    0.34999758 0.594952941 0.183589846 0.332356572 0.273164511
    0.133915097 0.625797391 0.763390124 0.542678952 0.14939484
    0.600482702 0.561398804 0.358632028 0.152398229 0.955027282
    0.522145033 0.652623296 0.160121411 0.00898590684 0.025865376
    0.465456575 0.620817363 0.562826991 0.180379599 0.119368285
    0.88117826 0.366984308 0.878803909 0.566770434 0.0632920265
    0.971530318 0.4550879 0.76599288 0.424068809 0.476486474 0.857719183
    0.880872786 0.200376183 0.553267062 0.509006381 0.55159539
    0.630155563 0.211888015 0.836406946 0.774595618 0.343390375
    0.370065123 0.289579868 0.0800514221 0.124618083 0.784332991
    0.0368049443 0.760853648 0.990773797 0.403533101 0.858922422
    0.602585554 0.998915493 0.698996961 0.697813094 0.508089602
    0.613558173 0.738113463 0.320066243 0.984392822 0.112969458
    0.185122132 0.169636518 0.0772848129 0.902316749 0.918190837
    0.857904434 0.318342179 0.369172275 0.597806752 0.796501994
    0.474340111 0.0535552502 0.547669888 0.443571806 0.519292533
    0.436945498 0.0626502037 0.423381686 0.0403316915 0.859563172
    0.519244492 0.908011079 0.288544834 0.581415057 0.98277998
    0.0266090631 0.626178145 0.841710806 0.2147412 0.279619694
    0.605410695 0.327829152 0.260280371 0.869653821 0.0967780054
    0.98350513 0.798203111 0.559333086 0.275437683 0.659624696
    0.472170651 0.0232306719 0.244275033 0.933929384 0.729722083
    0.112668157 0.687400222 0.872077823 0.197236627 0.540539742
    0.328692108 0.536213636 0.652451754 0.142712295 0.59794879
    0.254137218 0.511772811 0.834675431 0.810692608 0.338959038
    0.180237621 0.411413848 0.2953493 0.651174963 0.87231338 0.429732144
    0.764779568 0.479889929 0.373785913 0.0697745681 0.748073518
    0.894773364 0.218323022 0.200061649 0.725337327 0.801940501
    0.790324807 0.737947464 0.20980233 0.900708199 0.992039084
    0.456447482 0.624876022 0.17329362 0.157678008 0.895749331
    0.107879907 0.0874978006 0.899725676 0.685618937 0.778522611
    0.313246667 0.279105783 0.549422622 0.764877677 0.461232901
    0.890120029 0.662722707 0.154658347 0.694089532 0.757542014
    0.0899102092 0.636869311 0.799197555 0.231495798 0.454197496
    0.292430043 0.136575848 0.18574658 0.0725386143 0.631028891
    0.538846254 0.0695944428 0.161402911 0.375012219 0.530596316
    0.299817324 0.179788947 0.677152991 0.992875397 0.0215488374
    0.17540431 0.30410552 0.828531086 0.190143675 0.20317468 0.851110816
    0.223937333 0.628598869 0.926712871 0.886904776 0.0708851814
    0.0520206392 0.0134746134 0.556497872 0.413163126 0.282585233
    0.435467005 0.657478988 0.0955090821 0.39650318 0.934231162
    0.98380518 0.512612224 0.441854358 0.269014418 0.642794251
    0.622385919 0.677469015 0.55671066 0.581484377 0.174446464
    0.441602051 0.193328857 0.649647534 0.707749486 0.44478327
    0.184896141 0.242263138 0.888248861 0.565370977 0.766762137
    0.633509517 0.850492597 0.275894463 0.763449788 0.72016114
    0.203860909 0.647377014 0.460391968 0.109069616 0.497055382
    0.816567183 0.0129189491 0.423886031 0.31350714 0.516004503
    0.51931107 0.752588034 0.93817997 0.0732772648 0.743986309
    0.646573424 0.288146734 0.84486711 0.131022871 0.793156743
    0.438567281 0.652004242 0.998318553 0.586835325 0.607056737
    0.78531146 0.794750094 0.321542799 0.0762687325 0.311464906
    0.671655118 0.257142782 0.487625003 0.501156867 0.528004467
    0.505892098 0.594914019 0.252372921 0.52429831 0.555914223
    0.787319422 0.635293841 0.445239574 0.837485552 0.813765764
    0.398161888 0.196386278 0.807090163 0.751060605 0.572231293
    0.227193654 0.299360901 0.27450484 0.537879586 0.368685782
    0.0413267016 0.807017803 0.312431306 0.255168974 0.248586565
    0.364582628 0.69882834 0.427211404 0.195489615 0.86815244 0.44556731
    0.123519212 0.960513115 0.947014332 0.35046494 0.202001691
    0.477960676 0.260993063 0.506688178 0.775882602 0.856511831
    0.436734974 0.543417811 0.0516082346 0.0822928548 0.411048412
    0.287072659 0.803931355 0.676033318 0.372449577 0.59057194
    0.99407959 0.666118145 0.990868449 0.628148198 0.0460809469
    0.650404453 0.932044387 0.828477383 0.767557859 0.505795002
    0.721653342 0.591586947 0.0958304703 0.932055831 0.986271858
    0.362804115 0.828096867 0.200620353 0.908685088 0.289535403
    0.527665675 0.975284815 0.75419724 0.00123211741 0.930192828
    0.329756707 0.993359149 0.42827487 0.400321484 0.923904121 0.7773875
    0.0967781842 0.245174974 0.862507582 0.431492329 0.324620217
    0.0246599019 0.903865457 0.63259685 0.477844596 0.801655591
    0.966302395 0.857969403 0.462382466 0.0198962688 0.204962134
    0.229809135 0.154628158 0.256046742 0.296678901 0.247116476
    0.868958473 0.374399126 0.89780128 0.460122973 0.0607763827
    0.940106511 0.247869581 0.13306281 0.492869228 0.078132987
    0.211806118 0.82000035 0.98899579 0.525211334 0.962638438
    0.248721838 0.140176922 0.535846114 0.402309775 0.0902566314
    0.282277286 0.175444931 0.328669965 0.13569656 0.522145391
    0.499154925 0.524022639 0.0758285522 0.217015266 0.588229954
    0.794268727 0.595857382 0.256020665 0.276242614 0.327124059
    0.141731173 0.580927432 0.150562078 0.787117481 0.420496225
    0.42804262 0.325936556 0.79894799 0.0868544281 0.287258506
    0.372428864 0.505290985 0.408531487 0.325285167 0.0418023765
    0.472200364 0.702443719 0.227447152 0.188726753 0.191644102
    0.0277511477 0.33955574 0.708461761 0.538902879 0.582715452
    0.130919188 0.73992455 0.872694492 0.179794192 0.38731581
    0.162874877 0.471451759 0.631600976 0.373571873 0.095069319
    0.624196053 0.39100647 0.44206652 0.591816723 0.979129195
    0.203571051 0.825167298 0.292405188 0.27532357 0.722462416
    0.509987295 0.186533839 0.135481566 0.273200631 0.443849951
    0.217852712 0.127324134 0.454634577 0.182125598 0.865799367
    0.754295468 0.0698454082 0.881422758 0.209183186 0.102482617
    0.177699029 0.835332334 0.249551415 0.33405906 0.374949157
    0.186879486 0.834113121 0.712186158 0.980191469 0.468445241
    0.709523499 0.40390116 0.0333834291 0.879136026 0.293155342
    0.652143657 0.492521912 0.394348294 0.294153899 0.0348218381
    0.979762673 0.0858892798 0.0868966877 0.693472326 0.227600276
    0.519447446 0.32819435 0.706789851 0.818915367 0.403968036
    0.376861513 0.411738008 0.0862951875 0.727228642 0.327008516
    0.71662873 0.384139568 0.641122818 0.0355091989 0.39253062
    0.800419927 0.392677724 0.117751718 0.365461826 0.26468873
    0.73649025 0.590988874 0.218028486 0.396486878 0.544393778
    0.659020662 0.52919507 0.659022748 0.971989989 0.262120664
    0.0527043641 0.112760097 0.205142826 0.358942628 0.165922046
    0.390565127 0.514514327 0.103148729 0.765447855 0.0408710241
    0.280745625 0.421403676 0.902976036 0.586460471 0.053088516
    0.1491009 0.0295414627 0.0299572945 0.14770031 0.99893105
    0.971627951 0.181590021 0.845824003 0.896790862 0.0912549496
    0.986207247 0.327381879 0.389899731 0.9563362 0.824400544
    0.225766093 0.464184016 0.631001532 0.629342079 0.647207499
    0.444873601 0.523595572 0.96789825 0.20528841 0.660486698
    0.688454151 0.00856047869 0.711994648 0.0152197182 0.119775593
    0.245699286 0.760196686 0.910376251 0.581445217 0.935126841
    0.229140311 0.0956832767 0.758063376 0.975818038 0.749485016
    0.153165638 0.521196425 0.549510479 0.667197168 0.800382733
    0.397125751 0.487569481 0.690046906 0.035954088 0.0789158344
    0.418676913 0.0363429785 0.920689166 0.83388561 0.707958817
    0.670332134 0.741903007 0.542426288 0.379025072 0.233531982
    0.665701866 0.127675623 0.197103798 0.364123762 0.249425232
    0.909386158 0.0298678577 0.439366341 0.546268642 0.0232960582
    0.181707144 0.04600963 0.626365781 0.687022209 0.183326304
    0.180034459 0.0856517255 0.331047714 0.933230996 0.324986219
    0.476593018 0.383793473 0.781636238 0.985492468 0.173012018
    0.215190172 0.62473017 0.7801162 0.0704988539 0.460271269
    0.967907667 0.332710236 0.411780804 0.673768342 0.515596449
    0.734781325 0.601567328 0.49847433 0.292114854 0.724655271
    0.85240972 0.687794805 0.46375224 0.0652703345 0.821228862
    0.77928102 0.15136835 0.757804275 0.269741118 0.565891385
    0.947382033 0.108383358 0.471680194 0.67620635 0.0601240695
    0.54259342 0.000881761312 0.212825358 0.851911128 0.615868211
    0.0712341368 0.0600233376 0.71486032 0.482595563 0.34146437
    0.531131744 0.897040606 0.884835839 0.518982828 0.0362296999
    0.476337761 0.979111671 0.148322076 0.719030738 0.109617114
    0.971196711 0.140207022 0.39607805 0.328162789 0.75287199
    0.614756346 0.516884565 0.549352527 0.567749798 0.203585446
    0.649475336 0.511418521 0.970265865 0.351309121 0.0839676857
    0.488731951 0.728187323 0.709005952 0.823655367 0.701183856
    0.60964644 0.621448398 0.611902475 0.544846475 0.00233608484
    0.0460584164 0.0848051012 0.43150118 0.370088935 0.0516119003
    0.261045992 0.115203053 0.834499002 0.605612814 0.308641702
    0.0985268652 0.115969747 0.589298368 0.140439749 0.799335063
    0.336814284 0.327849239 0.623720348 0.840888739 0.940500975
    0.223386675 0.88235575 0.0883273482 0.147106707 0.46050337
    0.123749882 0.355626404 0.209954798 0.631591082 0.138032734
    0.294858694 0.502345741 0.91497767 0.0371072888 0.682036161
    0.0507954061 0.110978931 0.900953174 0.670411289 0.809013546
    0.330804855 0.281056792 0.779193044 0.0434964597 0.18862918
    0.562803149 0.959551692 0.74715364 0.469494939 0.207351446
    0.342166543 0.873034418 0.101857811 0.818532348 0.98372674
    0.00184875727 0.447121084 0.579165936 0.916573286 0.287237108
    0.133421242 0.0183160901 0.114561677 0.821254313 0.372035652
    0.875982046 0.0886245668 0.854040384 0.384139061 0.852763534
    0.868792236 0.0247222185 0.241984993 0.799826145 0.483551323
    0.496276647 0.00751039386 0.104218692 0.455171943 0.0196688771
    0.0385981202 0.940871954 0.60260576 0.650402069 0.778829098
    0.496118546 0.705373883 0.176999092 0.0377788842 0.0370586514
    0.635670662 0.444363236 0.514680862 0.692383647 0.442554414
    0.804596186 0.401287556 0.530018687 0.907368839 0.446330756
    0.125900298 0.40356943 0.7248227 0.784331322 0.869594812 0.356247187
    0.498677254 0.814019263 0.766134262 0.422217727 0.0983889103
    0.142408699 0.673457623 0.855757833 0.56389147 0.139694691
    0.136579543 0.115931422 0.0817590952 0.536348701 0.606313229
    0.840796292 0.401790321 0.537639141 0.169158489 0.686527848
    0.317022562 0.533198178 0.723846018 0.65572679 0.351603746
    0.480325431 0.00662353635 0.821709394 0.213804036 0.894127965
    0.841631651 0.592612624 0.973493099 0.173952371 0.573585629
    0.0161412358 0.0828052163 0.455833852 0.10629499 0.570305288
    0.830190957 0.691482127 0.8445279 0.373334587 0.343247771
    0.253630936 0.472931445 0.875619411 0.937544107 0.705842733
    0.933945775 0.907287836 0.254031897 0.263486236 0.626208425
    0.101006836 0.432230651 0.757740557 0.911619186 0.46346727
    0.72523582 0.14318192 0.185999274 0.467755795 0.64980793 0.762686789
    0.250652909 0.489916295 0.497674584 0.430739582 0.995996952
    0.55785805 0.832391024 0.146113396 0.331133962 0.817998886
    0.265415013 0.366306245 0.742911339 0.706271172 0.587598145
    0.656735063 0.851160824 0.830291808 0.609275222 0.0599327981
    0.245127767 0.48271811 0.0822303891 0.673544884 0.594568133
    0.111759514 0.337444425 0.947121382 0.535632133 0.617435575
    0.599687278 0.307040334 0.482182324 0.875469148 0.827246964
    0.858956933 0.617002487 0.878105819 0.649209738 0.141279072
    0.082804054 0.931249917 0.224684477 0.28314805 0.415338635
    0.62171489 0.465282589 0.741886735 0.11215961 0.8018502 0.918103397
    0.251449764 0.992550254 0.802515507 0.695890069 0.070220083
    0.14914006 0.0866783857 0.474988699 0.981494308 0.815079451
    0.956565201 0.837144673 0.167960674 0.682936609 0.200819731
    0.0368153453 0.827372193 0.0497507751 0.788510203 0.613439977
    0.0746346116 0.891373277 0.0664567053 0.413065106 0.559115767
    0.708961308 0.445846438 0.625004411 0.0478653312 0.561957002
    0.976368308 0.571499586 0.207168221 0.483777314 0.383352369
    0.205686331 0.31771183 0.0692542791 0.200537384 0.868767381
    0.989562452 0.888029099 0.491660893 0.0252450109 0.892645419
    0.951512218 0.504183173 0.987516582 0.166921675 0.613274455
    0.415297478 0.63817209 0.348919511 0.397296965 0.145632654
    0.485964179 0.280328214 0.906390786 0.370768189 0.18669641
    0.585285962 0.729272008 0.230614305 0.16420421 0.923597634
    0.818594277 0.67808044 0.348948598 0.354729533 0.748694301
    0.762838721 0.461320698 0.36866349 0.151517212 0.841869295
    0.162335217 0.127827078 0.237928718 0.517247379 0.808939338
    0.339391053 0.515836477 0.60858053 0.343746305 0.844034135
    0.330831349 0.832337499 0.882201374 0.925729752 0.739500105
    0.539988041 0.175049305 0.435727775 0.583332002 0.470621556
    0.638283432 0.991214097 0.223432004 0.903334856 0.464244068
    0.0219323635 0.361460865 0.233507603 0.800861835 0.0705344081
    0.904205799 0.226222515 0.880096734 0.226253241 0.738004506
    0.745903134 0.502466738 0.628386676 0.963386953 0.256462514
    0.248052031 0.0564799607 0.205061793 0.139657199 0.833112955
    0.00781130791 0.675170302 0.00865092874 0.591063142 0.787091315
    0.600648105 0.892560124 0.0669884086 0.628558576 0.421171129
    0.391845345 0.822832704 0.130913675 0.674966812 0.233304828
    0.359770566 0.82322669 0.743028581 0.309454381 0.716499925
    0.842550159 0.226207525 0.364626825 0.883200884 0.563199341
    0.858311892 0.0249407887 0.351314753 0.870102584 0.369891733
    0.213999391 0.799572468 0.407414854 0.9792189 0.943440437
    0.459357798 0.415046901 0.102728963 0.396878719 0.885473311
    0.197359681 0.643133879 0.4652282 0.885026693 0.295409918
    0.500737011 0.633516312 0.762930989 0.341293842 0.829128742
    0.63142997 0.404338568 0.127830148 0.829247355 0.122687787
    0.550798953 0.24250254 0.566720963 0.418662429 0.251188636
    0.508614659 0.0903433263 0.192339897 0.105989397 0.600531101
    0.851092458 0.861738622 0.60281992 0.67255044 0.721687436
    0.108784556 0.457888395 0.343209445 0.427791089 0.236901879
    0.464782536 0.662904203 0.067391485 0.168887317 0.993989468
    0.691455066 0.985723436 0.702212691 0.370628357 0.681488216
    0.291840881 0.906363368 0.911613822 0.414658606 0.671487033
    0.988740087 0.731263638 0.943443954 0.705137491 0.305318832
    0.711380482 0.772779644 0.0176868737 0.530007541 0.592642605
    0.545039713 0.203484446 0.301764488 0.832929254 0.0761187673
    0.560725152 0.0554262698 0.892764747 0.684586048 0.0898863971
    0.133131236 0.1642088 0.0763457716 0.520089269 0.876988411
    0.976807952 0.786594391 0.302439272 0.262325704 0.951865673
    0.7394979 0.674490452 0.389196754 0.344126046 0.968448043
    0.792054534 0.152600557 0.294341326 0.848452926 0.898376822
    0.366743892 0.00115737319 0.663501024 0.308955848 0.518694103
    0.505295455 0.96865809 0.870301962 0.175533563 0.299451798
    0.488204002 0.0500389636 0.266230822 0.651339769 0.652169287
    0.733954072 0.312856078 0.318485737 0.22947678 0.104615152
    0.978242517 0.0884371698 0.484526187 0.872848153 0.804158688
    0.219741493 0.859441638 0.157802522 0.534680188 0.446624547
    0.0882447362 0.515808225 0.517096639 0.221894354 0.095387131
    0.31244722 0.493917704 0.0204553902 0.105907053 0.427488774
    0.154397249 0.137256294 0.617335677 0.381537378 0.155653328
    0.722070098 0.564534068 0.801921248 0.625032961 0.0302257538
    0.604147732 0.00564730167 0.999421239 0.593363822 0.810352743
    0.35362196 0.473857582 0.440243423 0.847283721 0.992565036 0.2082932
    0.187555283 0.381003827 0.576246202 0.411054581 0.33194831
    0.97910279 0.233625025 0.00122204423 0.218087941 0.29439047
    0.820657253 0.313748509 0.089874804 0.522841513 0.474715114
    0.564543843 0.987574577 0.44524312 0.27431941 0.835204005
    0.102346689 0.728628397 0.0377015769 0.216362447 0.929075122
    0.961515129 0.0961342454 0.20949167 0.731632292 0.746975899
    0.195967764 0.463936538 0.909011722 0.0573665202 0.0257682502
    0.890001416 0.200395375 0.89857769 0.927456319 0.647249877
    0.92916584 0.267066687 0.396407425 0.506247759 0.351429939
    0.410140038 0.0793257952 0.747923195 0.957114756 0.871506929
    0.323044479 0.399731457 0.17397666 0.036018312 0.705935419
    0.41988951 0.555744946 0.183804929 0.471357048 0.692130625
    0.832936466 0.141651481 0.449545234 0.3847498 0.332823813
    0.416618884 0.493765533 0.803629279 0.712338388 0.695104361
    0.595860898 0.588191152 0.972812355 0.546559215 0.796494603
    0.696020663 0.503625512 0.811248779 0.0228580236 0.821385026
    0.342701077 0.534900188 0.837346256 0.310474396 0.768919468
    0.989165545 0.381408006 0.393139809 0.0562814474 0.727698922
    0.774612904 0.46737361 0.397192508 0.574390948 0.835298419
    0.687106848 0.619586825 0.792877555 0.406558931 0.364076972
    0.597446501 0.0531624556 0.768624485 0.857475638 0.0835396349
    0.622141242 0.989309192 0.547758758 0.773591101 0.963673353
    0.895534158 0.609577 0.171770006 0.683668315 0.406062901 0.417101324
    0.768227696 0.118784517 0.803198099 0.384363681 0.750694036
    0.695927858 0.54861021 0.250819355 0.779756129 0.741274595
    0.330407292 0.0543061793 0.194376171 0.152252227 0.37889713
    0.674609363 0.283300817 0.794941902 0.781600833 0.849259257
    0.732607603 0.748405457 0.691185117 0.435533047 0.82329917
    0.961362064 0.0208736956 0.340361118 0.281533241 0.626416326
    0.340002418 0.356089413 0.846654177 0.530284882 0.169303298
    0.599722981 0.27536279 0.490299612 0.596628428 0.22136122
    0.653590858 0.814567208 0.752462983 0.896015167 0.544553339
    0.194563568 0.734273434 0.143508166 0.309799373 0.516276896
    0.283058286 0.501525998 0.562152147 0.832687736 0.186047912
    0.576377988 0.0695911348 0.0633818209 0.414104521 0.960426748
    0.449871749 0.0755458772 0.87722218 0.41414851 0.301057875
    0.559876621 0.489718616 0.0402908027 0.823954284 0.0668410063
    0.691862166 0.711091757 0.84000963 0.612384558 0.237680554
    0.568379164 0.938230395 0.48891145 0.159706265 0.281642377
    0.118085355 0.287820458 0.0343145728 0.791454196 0.853392899
    0.968876302 0.417094022 0.680896938 0.0666879714 0.159829259
    0.412044197 0.793599308 0.303758234 0.0308830142 0.483153492
    0.898625255 0.90620327 0.644395709 0.556063414 0.564822674
    0.275649667 0.152214706 0.680563807 0.702743888 0.761786699
    0.250342429 0.592975736 0.623192072 0.18149507 0.616983235
    0.880694032 0.82025677 0.653163373 0.694308162 0.216375768
    0.421650916 0.209450901 0.441896558 0.582845509 0.157469213
    0.75167346 0.362302959 0.405604303 0.730030179 0.263107568
    0.963261604 0.584013224 0.582118511 0.837557733 0.857347131
    0.828885794 0.590517879 0.614055753 0.341114104 0.242630303
    0.588487744 0.135881454 0.115909725 0.650046527 0.829776645
    0.119595021 0.82549578 0.975255966 0.471410543 0.442809075
    0.788031936 0.667924464 0.0948308408 0.150649041 0.32912457
    0.838994324 0.539658606 0.336259127 0.217828065 0.30522722
    0.760843575 0.616472125 0.139064968 0.273386687 0.0736815929
    0.181186855 0.839964628 0.306187689 0.785372317 0.731621742
    0.809777677 0.201303184 0.088016063 0.886553466 0.995714903
    0.907206178 0.907419562 0.678007364 0.902346134 0.539687395
    0.958604813 0.00437507033 0.945267797 0.587755442 0.499028832
    0.719442129 0.812856317 0.350056112 0.324816465 0.367405474
    0.855415642 0.127718866 0.533282995 0.971654534 0.0104440451
    0.0679656267 0.0143133104 0.712287247 0.335219622 0.304697454
    0.826626658 0.60505724 0.889925718 0.39067626 0.693020105
    0.761605501 0.551430941 0.457787126 0.638707519 0.745329022
    0.295449376 0.520016253 0.862886071 0.0797263384 0.272692561
    0.682584763 0.867954612 0.445465058 0.690118611 0.592689514
    0.0209880769 0.107835948 0.205269456 0.209889263 0.515336514
    0.271051973 0.176660866 0.370249391 0.145078212 0.845331907
    0.00218456984 0.561559021 0.763224602 0.211166471 0.856741309
    0.323660672 0.458663911 0.565755844 0.349435806 0.806074142
    0.805937767 0.970847607 0.836752295 0.200321823 0.725704193
    0.903611422 0.105551571 0.901660681 0.95275104 0.0346988142
    0.834310532 0.815962136 0.992797971 0.725943863 0.986826658
    0.232016653 0.968080163 0.946006715 0.323972523 0.922892928
    0.687416375 0.729765356 0.48541522 0.313517183 0.68944788
    0.285180837 0.157514393 0.934939861 0.355149209 0.00700265169
    0.622661769 0.642267942 0.0717214346 0.592004061 0.600813329
    0.548871577 0.847799659 0.882633865 0.563693762 0.436792761
    0.980706751 0.989922047 0.672869205 0.408221543 0.79055059
    0.555640519 0.950652361 0.230145335 0.797712088 0.779852509
    0.0727952421 0.845030725 0.446410984 0.643894494 0.000702261925
    0.557186961 0.779426813 0.899127483 0.937576413 0.874639809
    0.275715858 0.386346161 0.00765830278 0.247644007 0.562201381
    0.321511298 0.142283857 0.856594682 0.936667681 0.938261509
    0.726435542 0.306176424 0.058971554 0.825918317 0.432339251
    0.38630414 0.569090426 0.0236240029 0.678443432 0.978824377
    0.123954624 0.351027131 0.148353755 0.560591877 0.446479648
    0.700506449 0.0613704026 0.0162828863 0.0798690021 0.184393913
    0.748647869 0.169638038 0.452479511 0.515841424 0.361640602
    0.0920222104 0.581828713 0.0475390851 0.769114017 0.0971632898
    0.0720683038 0.3625651 0.563142359 0.947258353 0.990966439
    0.721744537 0.383524597 0.950894713 0.0686319768 0.0266715884
    0.113261253 0.829138637 0.331030458 0.607168376 0.756932259
    0.249079794 0.963942885 0.63193655 0.11404559 0.469463199
    0.621304393 0.23208335 0.108210951 0.188337475 0.998267472
    0.398002565 0.829386234 0.401108623 0.4572649 0.221154004
    0.780348301 0.398640454 0.970938921 0.31501621 0.422496229
    0.717603207 0.964003801 0.773150206 0.439034402 0.508403182
    0.314503103 0.405382752 0.911391735 0.742414474 0.566584587
    0.325378805 0.152188241 0.307657331 0.250837564 0.914200664
    0.563305974 0.0340184867 0.658304393 0.446937144 0.650571287
    0.760738134 0.363467813 0.206834257 0.195017904 0.473475903
    0.750044942 0.399217606 0.109435588 0.0653365254 0.685886979
    0.573404253 0.205414116 0.719742954 0.584741414 0.00273519754
    0.956082463 0.239866346 0.947185576 0.625697196 0.0252564549
    0.137481511 0.794257283 0.106469184 0.128981948 0.0481204987
    0.351028651 0.266943753 0.150535107 0.41244781 0.41133219
    0.637505889 0.321280718 0.508245945 0.92689836 0.379420221
    0.679525256 0.0780976415 0.410982966 0.411415964 0.220238417
    0.547879934 0.0136941373 0.239644498 0.235671818 0.277617872
    0.450861037 0.125685185 0.831922412 0.148968011 0.0220631659
    0.364932716 0.455826223 0.0195539594 0.869505167 0.277325898
    0.989540994 0.206993073 0.939908385 0.768031716 0.0733325183
    0.532753348 0.369410783 0.840595067 0.0753315389 0.0523552597
    0.739623487 0.263621092 0.484359831 0.0378319919 0.28558287
    0.711308599 0.900457621 0.79001081 0.686771333 0.198988914
    0.757807195 0.143063694 0.881154418 0.133992642 0.410002172
    0.157518536 0.689153314 0.476173937 0.888316751 0.874152541
    0.963161945 0.850611091 0.501126111 0.994704664 0.0579080582
    0.966716409 0.426802158 0.491751641 0.102972239 0.0702621937
    0.9606601 0.398368269 0.670359731 0.535025477 0.314554274
    0.969779491 0.972420692 0.120345801 0.553043842 0.0868965685
    0.133791387 0.178337157 0.118804872 0.36430788 0.328065813
    0.930685222 0.107979327 0.126459301 0.0872254372 0.456566721
    0.537442803 0.917684674 0.174482346 0.369565517 0.791140974
    0.285603821 0.352484077 0.182856292 0.456846923 0.528939605
    0.167520881 0.611850977 0.0515075326 0.849010468 0.0632459819
    0.51414156 0.509216964 0.424467027 0.536163151 0.811272621
    0.826523006 0.839691639 0.874292612 0.909478903 0.817623615
    0.357617557 0.16166842 0.821946681 0.264559925 0.137105882
    0.347272098 0.265560627 0.775812626 0.446592122 0.898186326
    0.390654057 0.620930314 0.76426971 0.25874126 0.210811019
    0.473159343 0.371323168 0.763518214 0.728754818 0.240657002
    0.629909515 0.466625929 0.117810994 0.0154237449 0.640474975
    0.427963436 0.686236739 0.20410198 0.569576561 0.403891832
    0.905234933 0.14840132 0.0205582082 0.646490335 0.637282729
    0.607840478 0.470800132 0.606323838 0.851584554 0.579149127
    0.42429027 0.0286224484 0.0545520782 0.396018147 0.0380493999
    0.460161656 0.226846784 0.407001883 0.649898708 0.203819424
    0.822226763 0.587855279 0.453146368 0.275833637 0.183796436
    0.0696319938 0.0814466476 0.849046648 0.179852515 0.523376703
    0.380328804 0.624910057 0.0606279075 0.831408024 0.347874731
    0.0453520119 0.50766778 0.798301935 0.955375254 0.727514803
    0.857976079 0.570909441 0.676722407 0.854905009 0.108414441
    0.446760118 0.305957079 0.48169446 0.926946163 0.932855666
    0.00691241026 0.491319448 0.949462593 0.723039031 0.401970148
    0.297552466 0.470037431 0.649457276 0.865292311 0.927551031
    0.664251745 0.396832556 0.600047529 0.555632114 0.367089868
    0.859531701 0.010504812 0.0896732509 0.286366373 0.983769894
    0.514206171 0.442254692 0.219134837 0.565512538 0.880884409
    0.959727883 0.796189249 0.189137548 0.418286622 0.614596665
    0.464382887 0.868146062 0.573976398 0.532561243 0.27766186
    0.712819338 0.929175615 0.264965266 0.441385657 0.77390027
    0.220435083 0.993104219 0.28620857 0.111711532 0.716425061
    0.988729656 0.505872965 0.0180740356 0.769602358 0.967955589
    0.886759996 0.767261028 0.402071893 0.637383401 0.816538274
    0.181052208 0.584768295 0.334565341 0.00801134109 0.881441355
    0.914775014 0.943517685 0.38041085 0.678867161 0.727536559
    0.605599701 0.974088192 0.519461989 0.799463332 0.825462282
    0.543114007 0.720497668 0.905935287 0.268013775 0.661371708
    0.977841496 0.108186096 0.809651613 0.667977691 0.284257054
    0.418478906 0.479788721 0.24067837 0.187149465 0.77569294
    0.878958941 0.865827203 0.940414786 0.696649134 0.786965966
    0.811435223 0.809959292 0.671133876 0.100665867 0.627627552
    0.593047798 0.194713354 0.588620186 0.0583421588 0.696865499
    0.977891028 0.41513589 0.734015942 0.16152817 0.329531193
    0.129750878 0.0360481739 0.289845705 0.408744901 0.363117605
    0.093472302 0.804073811 0.781643689 0.976933718 0.500002146
    0.574777305 0.974290133 0.371191382 0.581577897 0.185244888
    0.262986243 0.586479247 0.551178396 0.882894635 0.699195921
    0.00183784962 0.0411946476 0.155021638 0.608381033 0.562864125
    0.850840747 0.584452152 0.0520594418 0.398826569 0.594243884
    0.782160461 0.539465249 0.930172801 0.347583652 0.811527491
    0.765883088 0.554225087 0.630312562 0.436201751 0.82608211
    0.970991373 0.110415608 0.589235067 0.0877313614 0.757977962
    0.817079663 0.175442606 0.039937228 0.937847853 0.0893938839
    0.780946016 0.00586608052 0.126025021 0.212301791 0.0698040426
    0.244114876 0.271539807 0.982256293 0.055569768 0.86606431
    0.899864614 0.245726496 0.398251176 0.316861421 0.855628729
    0.209233016 0.561749578 0.135124236 0.788368464 0.0746509731
    0.878489375 0.336769134 0.328369319 0.314791828 0.417945206
    0.695458472 0.244645357 0.713192701 0.531273425 0.691381872
    0.747995138 0.0773873031 0.583293855 0.412356257 0.661839604
    0.23741731 0.734557092 0.0532412827 0.0267078578 0.190585464
    0.917907953 0.668492138 0.592836142 0.505248785 0.498977125
    0.265417099 0.993660808 0.948859274 0.741388857 0.0306428373
    0.121419013 0.952237248 0.504660249 0.512201786 0.759446144
    0.0235786438 0.162442476 0.900120974 0.361625671 0.53113687
    0.816942096 0.51415962 0.384857208 0.578962743 0.439090252
    0.687339604 0.162384778 0.134051472 0.857506037 0.744044721
    0.905835032 0.583042741 0.267973453 0.632185936 0.35843277
    0.990443826 0.367061257 0.706676722 0.0175001919 0.967152297
    0.851526022 0.0878087878 0.864492238 0.627364755 0.459079504
    0.405685008 0.080332458 0.451692551 0.662929893 0.223341078
    0.498886973 0.00367468596 0.290529519 0.177407891 0.833489776
    0.279212415 0.168606251 0.588562906 0.265014261 0.763501048
    0.864532232 0.63483566 0.517189145 0.799250245 0.299722224
    0.0218545496 0.136002481 0.994541049 0.843841195 0.795749962
    0.651450872 0.276015252 0.343902946 0.830375493 0.268222839
    0.851207197 0.36408931 0.527791262 0.658392906 0.43543157
    0.427077472 0.510476887 0.0886760652 0.127466559 0.710226893
    0.122023046 0.899198651 0.551408768 0.846895337 0.37796852
    0.120424986 0.647245705 0.816229582 0.327685118 0.490039974
    0.384965092 0.0550086498 0.423889846 0.232658565 0.97359097
    0.298733443 0.30940634 0.687777281 0.0800991058 0.958123446
    0.41380167 0.323280931 0.053373605 0.977132559 0.687496901
    0.53626287 0.793970287 0.849299669 0.0137780607 0.85556519
    0.267922699 0.638871372 0.469528586 0.0859955549 0.436497808
    0.303529441 0.708510458 0.496400505 0.203686565 0.671726763
    0.380121261 0.304779768 0.571032345 0.00655004382 0.0979386866
    0.727761805 0.0422549248 0.62016207 0.0446764827 0.691571593
    0.161814302 0.221511424 0.681651354 0.41940859 0.307567656
    0.62623626 0.137998253 0.99029541 0.279818714 0.413956761 0.38654536
    0.969284892 0.778280377 0.924056649 0.52141118 0.567160308
    0.393657714 0.371796072 0.151271522 0.0355397165 0.146833569
    0.881355882 0.983204067 0.785874367 0.358442426 0.708395839
    0.558050275 0.321109653 0.865509152 0.0252739787 0.529284835
    0.541199148 0.600929856 0.444847196 0.668588161 0.630021751
    0.847868621 0.593022048 0.745099664 0.13078773 0.743404984
    0.569512784 0.535307586 0.676824212 0.88508445 0.123643368
    0.571824074 0.976972759 0.448842168 0.449265659 0.62599045
    0.336225033 0.0328949392 0.295131803 0.560949743 0.636995792
    0.367543846 0.641295135 0.268664479 0.29885304 0.837532341
    0.283973038 0.684001803 0.291952014 0.297050774 0.455383182
    0.777223706 0.944107115 0.209550768 0.234611243 0.85286355
    0.38929382 0.196026772 0.429034948 0.208129883 0.538597405
    0.938383222 0.25526005 0.19530338 0.271003246 0.720468879
    0.441874564 0.0149838328 0.0520303249 0.378105521 0.195764601
    0.146712869 0.271943033 0.783985972 0.987616777 0.300141513
    0.406278282 0.857250214 0.0492575765 0.979240298 0.334898055
    0.642589927 0.865499735 0.220109046 0.53001529 0.645137548
    0.124938637 0.284925461 0.2903772 0.5442366 0.0760703683 0.770632625
    0.789862216 0.58719641 0.183818549 0.232340455 0.0617735088
    0.114680439 0.488835931 0.343443453 0.310632795 0.876879692
    0.931592286 0.600364625 0.938941479 0.170622528 0.509265542
    0.524001122 0.669957399 0.750630379 0.898837507 0.645938039
    0.398003161 0.420021415 0.723070979 0.333614349 0.6351735
    0.363392413 0.926691055 0.525794148 0.863784194 0.717736006
    0.180931002 0.620865881 0.109237432 0.420390546 0.860605359
    0.136824995 0.695191741 0.0569388866 0.771605492 0.26974836
    0.117519945 0.0420035124 0.996717572 0.542570353 0.782494903
    0.622464061 0.757496178 0.855165005 0.992667437 0.906766891
    0.362698704 0.0453170836 0.848823905 0.0274230838 0.764088571
    0.821377695 0.242012918 0.241504759 0.7242136 0.562669098 0.22367534
    0.789951563 0.759065747 0.864040256 0.292820275 0.876933873
    0.65211916 0.900640249 0.0301687717 0.585020304 0.969863951
    0.971805692 0.295425773 0.114698321 0.481427103 0.139018476
    0.314053357 0.56355077 0.153661788 0.161033154 0.19753167
    0.465327233 0.635922551 0.475169361 0.247688442 0.392409801
    0.173476458 0.00691118836 0.253739774 0.274783909 0.780759394
    0.936496377 0.523934186 0.238524407 0.19217813 0.462452352
    0.963635027 0.323926568 0.0668412149 0.345471352 0.891300261
    0.0991817713 0.815922558 0.961081743 0.681649923 0.160441548
    0.286800265 0.403233618 0.358995497 0.166651517 0.975204289
    0.403945923 0.241680413 0.480226219 0.366550803 0.388533235
    0.647130549 0.975301385 0.706896245 0.539082825 0.737196684
    0.955657244 0.598155439 0.61068058 0.258394659 0.452977836
    0.0659555495 0.0964428186 0.101781428 0.273833632 0.156939924
    0.900948703 0.63313967 0.138226539 0.717686474 0.199471802
    0.364407539 0.222767889 0.299280047 0.847650588 0.804539382
    0.283496737 0.46535033 0.0894999802 0.212346375 0.516780555
    0.876483083 0.205326766 0.177512914 0.788555205 0.379593819
    0.542753696 0.603620112 0.916141391 0.400949985 0.996352911
    0.161255956 0.379034847 0.652815759 0.144104451 0.936443567
    0.436374903 0.626681089 0.925452113 0.696214736 0.557234645
    0.113891035 0.658838451 0.398666292 0.43279168 0.842113137
    0.413952172 0.593684316 0.526339293 0.985136151 0.7106722
    0.867648661 0.854196131 0.434176683 0.148317307 0.808163166
    0.93696636 0.215155065 0.524221301 0.159965247 0.341825515
    0.486376554 0.82769835 0.166757643 0.806498885 0.239470303
    0.71340096 0.112248778 0.6138798 0.707209349 0.553329766 0.992383957
    0.520328343 0.180015177 0.767819405 0.819800019 0.263975382
    0.419546932 0.774695516 0.287135243 0.899518251 0.491148472
    0.346877217 0.559091687 0.158129543 0.699125469 0.627279341
    0.423577517 0.0939786136 0.294501841 0.806430936 0.367565453
    0.168055445 0.0708877146 0.514757633 0.242075294 0.912020922
    0.184283257 0.242377251 0.472452521 0.965794861 0.458332896
    0.143211991 0.691802561 0.97020781 0.141003579 0.782898784
    0.518448234 0.171109408 0.691619277 0.611989439 0.74673903
    0.0938054919 0.469535708 0.691319525 0.878368258 0.837097406
    0.528746247 0.304410428 0.976741791 0.843417346 0.212325007
    0.38930279 0.959896266 0.650773883 0.864772081 0.921527922
    0.421507418 0.330718994 0.835319698 0.725323558 0.190931201
    0.220982283 0.232738048 0.383345127 0.271922171 0.774337649
    0.189985543 0.286265552 0.864235759 0.342020333 0.4365367
    0.811213613 0.386346132 0.58550179 0.466168493 0.829099536
    0.395139009 0.0748071969 0.831842184 0.822010636 0.320019037
    0.840817094 0.934646726 0.26157847 0.133494735 0.258739322
    0.704058111 0.70378679 0.584240019 0.804515302 0.0239359736
    0.871131897 0.945258856 0.895178914 0.0760979354 0.596625805
    0.382665277 0.472829133 0.503632724 0.223241925 0.969695687
    0.118023813 0.0303649008 0.177904189 0.232335985 0.970190465
    0.676695526 0.847471476 0.96418488 0.493044674 0.679021478
    0.371877283 0.942509711 0.639324903 0.603448808 0.33121413
    0.623942971 0.49795422 0.290922523 0.995797873 0.417013228
    0.958008289 0.120781332 0.425162047 0.175501615 0.637390494
    0.966964841 0.124695063 0.515714645 0.14709264 0.532360256
    0.848911107 0.531131864 0.910606146 0.433572829 0.38599965
    0.860010266 0.745619535 0.668430626 0.986952782 0.927992344
    0.961888194 0.0961620212 0.684616029 0.831086576 0.373782754
    0.982441306 0.545512974 0.750614047 0.357692152 0.581962585
    0.184991121 0.598687649 0.760381579 0.0473959446 0.89363879
    0.465174377 0.78359139 0.060403347 0.921594501 0.181954682
    0.400222838 0.353066087 0.456655532 0.118973315 0.547529101
    0.48304984 0.2089338 0.28342104 0.822482765 0.341691196 0.819264889
    0.431409746 0.861277223 0.361333013 0.659565806 0.0731722116
    0.888359785 0.342985272 0.116420656 0.443115443 0.525658846
    0.573841691 0.976615489 0.246065915 0.275457412 0.796944737
    0.376783669 0.873634696 0.131105661 0.0182319582 0.103766829
    0.0378739834 0.869689226 0.353468537 0.771587372 0.220816016
    0.978622556 0.929047704 0.836697221 0.761800528 0.582329094
    0.0668447912 0.27064994 0.221627027 0.0459701419 0.263393164
    0.970989466 0.670354724 0.442902923 0.802684426 0.450066924
    0.826841116 0.173115224 0.546411991 0.0726868212 0.316074342
    0.976242959 0.646094918 0.952681184 0.747269392 0.0674109757
    0.459116101 0.104784817 0.0374110639 0.0277356207 0.780415773
    0.590749383 0.234459311 0.594270647 0.88691324 0.363992989
    0.279373229 0.510599136 0.0301674902 0.0959313512 0.125932276
    0.512172639 0.279068947 0.902148724 0.872534633 0.957758546
    0.226177275 0.606182158 0.631402373 0.943391681 0.157920539
    0.753457665 0.0540091991 0.97210145 0.875740767 0.760627627
    0.310231715 0.358924806 0.204328716 0.504193485 0.764840484
    0.185087502 0.94328177 0.138224572 0.847472668 0.368511677
    0.271806419 0.153371453 0.431607783 0.306340218 0.223805279
    0.137846649 0.118979812 0.136467576 0.181894481 0.0733312666
    0.158337981 0.193490237 0.18936646 0.731764436 0.0936327279
    0.105798751 0.782591164 0.895235777 0.288247049 0.352251083
    0.0849593878 0.896806598 0.295847714 0.0804560781 0.604668319
    0.938958883 0.419555217 0.512550354 0.883407831 0.269286871
    0.447981834 0.0462440848 0.0197402537 0.84550494 0.160380155
    0.232217103 0.589616835 0.201826215 0.0630100965 0.83848834
    0.332094431 0.337937295 0.0604910553 0.83880806 0.0903495252
    0.476765811 0.175706506 0.648473799 0.79310149 0.0504903197
    0.610399187 0.362313479 0.335613966 0.543069243 0.23425597
    0.235365152 0.0130665302 0.296245456 0.309720576 0.816483974
    0.62562716 0.841546416 0.254469872 0.209354132 0.324734122
    0.740744472 0.661648452 0.850795865 0.961828172 0.227524757
    0.244545698 0.809683979 0.765847683 0.266447127 0.356800228
    0.527784824 0.394512862 0.601599157 0.235476792 0.827887952
    0.526573896 0.0546002388 0.85285449 0.0922510326 0.0382592976
    0.257227957 0.945172668 0.0161474347 0.800379753 0.41115129
    0.865728557 0.641992509 0.304572165 0.113380492 0.737189889
    0.949815392 0.321275473 0.839496136 0.302625418 0.855812073
    0.733448684 0.948696196 0.46649617 0.785944581 0.0811223388
    0.506075323 0.149820209 0.567545712 0.774485648 0.947344899
    0.871070147 0.922940493 0.055649966 0.597633243 0.0461925864
    0.536996961 0.766365945 0.957481384 0.729180455 0.785785913
    0.697960019 0.030008167 0.612576246 0.90052551 0.231800079
    0.425730914 0.0312791467 0.881209671 0.407989889 0.00832390785
    0.575449526 0.592633307 0.268897951 0.180215031 0.621655583
    0.809772253 0.440816194 0.83777976 0.743323565 0.355147243
    0.103131354 0.97848165 0.811901093 0.882414579 0.831806302
    0.821520388 0.983120561 0.291542172 0.507602513 0.667336464
    0.135997653 0.353829741 0.665336609 0.259551108 0.414397597
    0.958052635 0.188932747 0.379957676 0.436858237 0.0994179845
    0.814084291 0.822818637 0.808108807 0.352689326 0.286288708
    0.00389435887 0.571238697 0.106201559 0.681894243 0.387340456
    0.24840647 0.746686935 0.975105882 0.927019119 0.389623225
    0.838478982 0.531906962 0.241998106 0.37106815 0.311587751
    0.389822304 0.78736186 0.615550041 0.597493768 0.890688598
    0.724905252 0.857134402 0.897057176 0.432830095 0.239922762
    0.5852319 0.411822587 0.489056349 0.879740238 0.430686951
    0.550946355 0.259928793 0.950179338 0.52641803 0.412988842
    0.801585495 0.720638275 0.255358994 0.312559783 0.279303104
    0.577439904 0.792259574 0.0170380175 0.757174551 0.765712917
    0.714477897 0.741424561 0.0305568278 0.463426173 0.902964473
    0.498327255 0.89301157 0.994001269 0.453056097 0.398746163
    0.661837816 0.158796042 0.608340144 0.55476439 0.439205974
    0.813542724 0.322078168 0.231708914 0.153004795 0.00784501433
    0.129117876 0.737407327 0.470255077 0.600538015 0.802032948
    0.66964972 0.489730984 0.526105821 0.0419541895 0.376686156
    0.48440966 0.508618355 0.274333358 0.531390786 0.466880023
    0.925639987 0.476630926 0.261987269 0.132275224 0.686154962
    0.38438341 0.927549839 0.915367305 0.376209557 0.453116804
    0.108455628 0.909908414 0.711376488 0.889991164 0.217957377
    0.414173305 0.81483382 0.907898784 0.9063977 0.0702463984
    0.0948245823 0.604167342 0.712020516 0.786142707 0.907216311
    0.314516902 0.659762144 0.876787782 0.64365226 0.21336481
    0.361393929 0.0256551802 0.0239593387 0.449549735 0.815386176
    0.860151112 0.401948571 0.220805943 0.865786552 0.163060367
    0.392575055 0.18050006 0.00118294358 0.434886009 0.217916399
    0.956415296 0.136563569 0.0935431123 0.800313711 0.472343624
    0.434722334 0.631108522 0.267005563 0.580824018 0.403545707
    0.31636557 0.337209523 0.0321996212 0.982820511 0.204523563
    0.286900163 0.308101535 0.4434973 0.08359918 0.578060508 0.393512517
    0.549779296 0.151596725 0.746484399 0.910557747 0.860384345
    0.738535523 0.0911099613 0.292737484 0.113263696 0.785376906
    0.912282467 0.354473293 0.326411843 0.585852146 0.467982411
    0.433636934 0.527798235 0.786463797 0.180845678 0.786761403
    0.741651773 0.360451758 0.767375112 0.716758609 0.314780444
    0.290044904 0.567841768 0.0382116437 0.364569753 0.0424342453
    0.0979964435 0.329713702 0.99362278 0.554047883 0.53655535
    0.602901518 0.238900572 0.66143322 0.0513046384 0.534978926
    0.123455614 0.670353591 0.857978284 0.797994137 0.96853137
    0.262789816 0.908969939 0.197710127 0.639678597 0.41333887
    0.0907077193 0.589979768 0.0656874776 0.806989551 0.216234058
    0.576232135 0.786219716 0.0385393202 0.360676914 0.958404899
    0.178025305 0.539444387 0.375091642 0.525975645 0.55588448
    0.958183527 0.401087046 0.76813513 0.145444542 0.767692626
    0.465627402 0.127427012 0.0913603306 0.58376646 0.533601105
    0.368124366 0.269960642 0.508775234 0.822547138 0.425822943
    0.391396999 0.192709804 0.581440091 0.852314413 0.145386666
    0.274822235 0.0989959538 0.308963388 0.841073632 0.522180557
    0.508356631 0.893853784 0.898818552 0.167576134 0.19750461
    0.453361541 0.268042684 0.494612038 0.509343147 0.19089812
    0.37813881 0.253739357 0.0199948251 0.567527175 0.883706093
    0.578776181 0.49532941 0.616639018 0.662692547 0.879901767
    0.704046488 0.113350868 0.00366538763 0.622736692 0.942378998
    0.185721219 0.863423645 0.417548537 0.872671723 0.471126437
    0.680018306 0.752322316 0.387537867 0.019620508 0.55705744
    0.905598164 0.17130965 0.382457197 0.914386034 0.918738723
    0.883404374 0.781936526 0.993973851 0.234412879 0.767237186
    0.0236428678 0.299462795 0.417705566 0.762203753 0.495499104
    0.513871014 0.653759062 0.113982081 0.879512906 0.890005112
    0.10390991 0.41238609 0.94022584 0.0510436296 0.059325248
    0.959232748 0.297137052 0.114965498 0.525764823 0.678287804
    0.481328458 0.504309952 0.00430193543 0.0561624467 0.946755528
    0.405691564 0.365827501 0.387061149 0.330593288 0.149468839
    0.674586058 0.515816629 0.119781107 0.907141209 0.599235773
    0.890173674 0.2170569 0.875073612 0.615008831 0.940257132
    0.117002964 0.0582471192 0.102304339 0.323080957 0.977417827
    0.046302557 0.252586365 0.0573570132 0.411704481 0.649418831
    0.649280787 0.791424036 0.615865231 0.42168659 0.696898758
    0.676835895 0.846236348 0.734825671 0.259417117 0.169981956
    0.960878909 0.332435668 0.630991459 0.89994216 0.697591424
    0.104346305 0.0346084237 0.276404411 0.448744863 0.191411704
    0.534353554 0.844928026 0.456339061 0.209917635 0.255373418
    0.825884104 0.675232768 0.0496923625 0.411402375 0.627268136
    0.625116646 0.527181268 0.49966839 0.795099974 0.0644133985
    0.0231159925 0.427295923 0.372872263 0.876591086 0.630451918
    0.137080252 0.47621423 0.643070698 0.247430474 0.466691196
    0.813119054 0.913047075 0.591305256 0.284058392 0.833178163
    0.144796789 0.622406125 0.981221914 0.610642016 0.763894081
    0.781702161 0.596180141 0.268324435 0.758284986 0.285589099
    0.224765509 0.395786673 0.540377259 0.642943621 0.352625728
    0.506331563 0.743048787 0.454378873 0.0384242237 0.491072059
    0.447022051 0.929132342 0.495620072 0.0695600808 0.647767901
    0.911546707 0.872838378 0.222031891 0.880331635 0.185442954
    0.736336112 0.934487402 0.224009812 0.341511905 0.624206066
    0.4961586 0.24746272 0.0375880003 0.847656369 0.600072265
    0.173491597 0.523905516 0.00829610229 0.696949184 0.0539290309
    0.192120463 0.726310134 0.862708509 0.178050667 0.621530116
    0.751301467 0.299740911 0.47704789 0.866431355 0.214713961
    0.539794862 0.422725618 0.541127086 0.237381011 0.432399452
    0.167814702 0.784754872 0.20402047 0.307582378 0.817391872
    0.690159917 0.815472186 0.783120871 0.836773038 0.21442312
    0.688667178 0.636617362 0.269105822 0.834699333 0.290260434
    0.292446047 0.218610018 0.712755382 0.341861606 0.824766815
    0.0136739016 0.506826043 0.942176104 0.74416244 0.192785203
    0.991055369 0.512919486 0.519374847 0.295905292 0.505171537
    0.772583008 0.0617910028 0.856378675 0.0180649161 0.620278001
    0.857144058 0.754853249 0.0921669602 0.149327278 0.0794251561
    0.0701225698 0.0140412152 0.034314841 0.0338644385 0.57235539
    0.891838312 0.843568861 0.693230569 0.312222004 0.134898603
    0.177900076 0.795387387 0.12682724 0.280506372 0.80078733
    0.669132173 0.77486074 0.803287148 0.0641905367 0.600815892
    0.320661783 0.189280897 0.660418272 0.5462327 0.328874797
    0.0572791994 0.783825278 0.389214456 0.866358042 0.208699316
    0.213123322 0.73847723 0.000293642282 0.860617042 0.926244617
    0.41314292 0.306703866 0.570585191 0.99009937 0.176493675
    0.110965014 0.754846931 0.786008 0.482653409 0.287118077
    0.00392970443 0.401120067 0.318757951 0.76088351 0.252375275
    0.647334695 0.285287797 0.320653677 0.968105793 0.624561906
    0.577302754 0.690863729 0.728724539 0.415159225 0.581820965
    0.657437503 0.450132698 0.947020054 0.742741227 0.999837756
    0.636880398 0.252236843 0.645581782 0.925613344 0.759857297
    0.981571913 0.743529022 0.871779144 0.898860097 0.0579386652
    0.594297469 0.167587876 0.589535236 0.865795374 0.0134088993
    0.36048618 0.658709347 0.416285515 0.984821558 0.468387604
    0.765203595 0.34784025 0.105073035 0.406351238 0.25204286
    0.289511204 0.0295135975 0.805138052 0.554210901 0.128733993
    0.839320421 0.323881388 0.868718386 0.698352396 0.791761339
    0.616356373 0.925858021 0.273705512 0.0636328161 0.580713809
    0.874616563 0.121460915 0.987690449 0.423536956 0.312357336
    0.999882162 0.46991086 0.389958858 0.446798116 0.853104115
    0.621863604 0.940066099 0.793331623 0.428878635 0.777101517
    0.541539788 0.207787156 0.979037583 0.293288589 0.664933741
    0.697439134 0.000832408667 0.496148258 0.74407053 0.376029938
    0.885176003 0.700947583 0.344914973 0.721504331 0.118331969
    0.512352526 0.516542971 0.852619052 0.564493239 0.928110003
    0.93008095 0.926283121 0.127812207 0.56402874 0.883349001
    0.234597027 0.361624509 0.419527888 0.758265138 0.19374299
    0.677416086 0.454877615 0.205013305 0.160583705 0.939150572
    0.0126091242 0.704790533 0.429278463 0.13949433 0.47063753
    0.323087156 0.0242799819 0.304263175 0.447708219 0.722777009
    0.596060872 0.599561155 0.138885856 0.263294429 0.812616587
    0.651546419 0.478348345 0.998493075 0.167523772 0.229443341
    0.719395816 0.770035207 0.272114635 0.819838643 0.268928945
    0.580417156 0.710825086 0.0657807589 0.94008702 0.58605504
    0.489758641 0.515443683 0.946151376 0.275202274 0.208427906
    0.504434526 0.538876295 0.920097768 0.281898558 0.820000112
    0.855901837 0.889979482 0.738020062 0.253349304 0.255394459
    0.608335614 0.740947366 0.661499619 0.707198024 0.740267694
    0.952542067 0.903659105 0.596532524 0.9815467 0.394675374
    0.742883801 0.977561116 0.571260929 0.709863305 0.793348312
    0.809586167 0.0954057872 0.959405184 0.501210272 0.171322584
    0.993138134 0.456916302 0.769794643 0.683272481 0.371523559
    0.352595687 0.966371059 0.0577734113 0.903785825 0.468125224
    0.576811194 0.392933637 0.779521525 0.244705021 0.0719081163
    0.310890317 0.176840514 0.629015923 0.0688269436 0.599433839
    0.0489095449 0.996120155 0.258265436 0.0804120004 0.373503268
    0.780571103 0.692717254 0.907446146 0.475198299 0.844331861
    0.0304577351 0.284690022 0.492919654 0.244060129 0.651025057
    0.851153851 0.0393417478 0.321644843 0.243438393 0.868281007
    0.845849872 0.177327484 0.444410354 0.893459558 0.604860783
    0.667737246 0.642914176 0.370587289 0.571925282 0.533214688
    0.468092531 0.163875729 0.845845997 0.1543293 0.909889519
    0.386217892 0.443629503 0.378783405 0.919228137 0.60248369
    0.809659421 0.584892809 0.00654280186 0.301924586 0.165136069
    0.140973479 0.810952902 0.138180494 0.644225776 0.104858637
    0.907951951 0.32381475 0.719243109 0.375826478 0.479851663
    0.578645647 0.45381695 0.764877915 0.875753284 0.644899368
    0.186182857 0.364928246 0.376378506 0.300045609 0.599524021
    0.110083997 0.0118982494 0.568324089 0.570238829 0.53380549
    0.543849349 0.863588512 0.426184893 0.891221404 0.65597862
    0.247877121 0.423165292 0.230889827 0.450938344 0.134500563
    0.715603292 0.24954161 0.669303358 0.636319757 0.596006691
    0.411857218 0.448170751 0.149466187 0.466018319 0.385862827
    0.81843698 0.273549974 0.623661637 0.75060302 0.745015383
    0.959530652 0.702995181 0.722863436 0.508092225 0.078894347
    0.704439878 0.830869138 0.0399091244 0.00938147306 0.655126691
    0.738353908 0.138243884 0.660780132 0.676208019 0.600395739
    0.363038957 0.532280266 0.349162042 0.0710964799 0.199318945
    0.784077406 0.861002088 0.823369622 0.315561831 0.311501384
    0.0712083876 0.768577576 0.643801928 0.569952905 0.905204833
    0.846970081 0.636294723 0.528605819 0.543747902 0.103118837
    0.619905591 0.358703434 0.566001952 0.340194702 0.316059053
    0.179218054 0.707910001 0.728875816 0.916330338 0.187225193
    0.49818626 0.0950553119 0.860697687 0.757114172 0.611918688
    0.296832025 0.387877405 0.241310269 0.384898156 0.723151386
    0.164568782 0.876994848 0.190357596 0.813545942 0.936626315
    0.873633981 0.517031372 0.349262118 0.815998197 0.0805124938
    0.982642949 0.905385137 0.315422237 0.892543197 0.800361156
    0.465838909 0.544402003 0.955655575 0.423037082 0.561214924
    0.535215437 0.754375756 0.33573103 0.0673305392 0.130453646
    0.865981162 0.718306124 0.793768823 0.576622069 0.509060979
    0.500855446 0.319629014 0.874052942 0.789603233 0.632595122
    0.276679069 0.840892971 0.93898797 0.539747596 0.164665639
    0.724772155 0.522417486 0.114517033 0.763789892 0.64454478
    0.134228468 0.52744627 0.63439858 0.652504683 0.841927886
    0.0714446604 0.272883981 0.616975963 0.370504528 0.201519012
    0.604357004 0.207958132 0.14271614 0.744427502 0.15142265
    0.411258101 0.0347036421 0.0314393044 0.571634233 0.267747104
    0.191853434 0.300679088 0.298610151 0.911294401 0.878677726
    0.646345794 0.815393567 0.663155019 0.1756652 0.571419954
    0.933973551 0.735555291 0.910823345 0.510626137 0.683742702
    0.384933084 0.156511843 0.922464132 0.412324727 0.00771173835
    0.038708508 0.552904189 0.203074276 0.174221665 0.139669538
    0.210184395 0.770541072 0.0475861132 0.525745153 0.385163397
    0.234748453 0.223773301 0.470620871 0.502721667 0.334926903
    0.507833362 0.83819443 0.791740656 0.436024845 0.0621349812
    0.790714979 0.901215911 0.106700301 0.684351325 0.22831881
    0.75119549 0.585291088 0.871528029 0.733766377 0.605553985
    0.918377638 0.532474041 0.364900351 0.439382523 0.794411421
    0.797854304 0.725482285 0.316649199 0.78878355 0.0299121141
    0.957791567 0.852764666 0.829410672 0.782091022 0.914048672
    0.56133759 0.36973083 0.232433379 0.349046469 0.917230606
    0.221683621 0.258410573 0.672147095 0.45256111 0.396955222
    0.996070623 0.170490831 0.692803681 0.283144057 0.853118718
    0.614246011 0.464954287 0.685563743 0.255747616 0.20601356
    0.150891423 0.503564239 0.198964208 0.978172421 0.845742702
    0.121780396 0.75958395 0.866735339 0.79216814 0.589346766
    0.605791986 0.462290019 0.316761732 0.887935162 0.976533413
    0.32873553 0.520251036 0.515289545 0.338838458 0.685437918
    0.773813725 0.204559714 0.34881863 0.0857714713 0.904150546
    0.104203016 0.0531392694 0.305764496 0.180531919 0.232240736
    0.33095336 0.840835214 0.150583565 0.0584824979 0.380453467
    0.91808188 0.21849817 0.566927195 0.991443694 0.563837171
    0.429266602 0.0322490633 0.974548936 0.889296889 0.63905251
    0.396170944 0.523880541 0.0814036727 0.856539249 0.0572510064
    0.178361595 0.924676359 0.985664904 0.265487075 0.912913918
    0.00428241491 0.573745847 0.0826511383 0.302444279 0.318619192
    0.906388283 0.770903468 0.22280255 0.00886467099 0.670126736
    0.452536792 0.221423715 0.126334071 0.858737111 0.653743625
    0.982268572 0.651480198 0.402999282 0.828412652 0.933584809
    0.107179672 0.595491409 0.205733657 0.726090074 0.417549938
    0.284332931 0.802051544 0.679006577 0.285760343 0.636083364
    0.643402517 0.759407163 0.308006763 0.968204737 0.853196144
    0.186618209 0.316520184 0.960559368 0.155828923 0.485525638
    0.688091159 0.893035352 0.121142745 0.440320402 0.530661881
    0.907636046 0.456010789 0.313830316 0.697221637 0.753492236
    0.183184296 0.022831738 0.592587471 0.779037833 0.612544
    0.00703218579 0.0759979784 0.319481879 0.731723547 0.330514818
    0.118079633 0.505238414 0.470808744 0.226516515 0.771987557
    0.127781928 0.78316474 0.588859856 0.850191414 0.292675465
    0.337521911 0.433641613 0.506503165 0.620418072 0.322924882
    0.307266712 0.404147327 0.826523542 0.31462121 0.920486569 0.6175915
    0.131437868 0.885734081 0.845619261 0.602310777 0.525117695
    0.689774215 0.766841054 0.519215941 0.0342890918 0.771710873
    0.679586053 0.291458428 0.5718804 0.976320624 0.402294159
    0.524427891 0.96420908 0.645498753 0.734593511 0.370870084
    0.270508528 0.620089293 0.636858523 0.252556622 0.804609537
    0.951765299 0.268314004 0.924982607 0.783352613 0.297964931
    0.538113713 0.865282655 0.248658061 0.320435107 0.570830226
    0.877815723 0.9350245 0.047033906 0.142047048 0.0678782463
    0.941071033 0.99564755 0.88990891 0.493935138 0.126681536
    0.0819045305 0.701555073 0.700206339 0.438023508 0.148290545
    0.938755989 0.57792449 0.942638516 0.7587111 0.554582119 0.169445783
    0.127944082 0.0820608139 0.619504929 0.691431224 0.762289643
    0.0744993091 0.790745378 0.678266704 0.44885236 0.591570675
    0.722330928 0.051004976 0.123458564 0.306067586 0.834114373
    0.0564163625 0.0647379458 0.880571723 0.354097575 0.698118269
    0.941344261 0.691203892 0.0421526134 0.965130925 0.606619895
    0.483633548 0.81873858 0.250824362 0.234197766 0.257904828
    0.542829156 0.442035019 0.972001195 0.900926352 0.117414385
    0.145672619 0.628031194 0.173256636 0.342162848 0.0921165943
    0.189827144 0.918002248 0.321586818 0.233084977 0.210698873
    0.0344459116 0.707887352 0.559834063 0.790786505 0.663220108
    0.0209510922 0.052156657 0.908737063 0.148614287 0.898863018
    0.946897626 0.996301174 0.377887309 0.904207826 0.424022317
    0.419412315 0.743026853 0.886735082 0.172066897 0.818527818
    0.807201862 0.790027618 0.694152951 0.860312104 0.673059583
    0.229657352 0.235253632 0.828560412 0.217565298 0.245741874
    0.162449688 0.801876605 0.114119411 0.261389136 0.152415365
    0.349317014 0.384798586 0.143225789 0.124077171 0.497415602
    0.110602111 0.855656862 0.479077101 0.294943273 0.909292817
    0.811826468 0.601255953 0.327105403 0.167859524 0.640657306
    0.817677796 0.107949644 0.556851268 0.948965728 0.326961458
    0.872824907 0.513394773 0.170118421 0.583260119 0.599462926
    0.619246602 0.773752809 0.51406008 0.687929153 0.723102868
    0.243094921 0.312833041 0.0207049549 0.591066062 0.263866544
    0.828141332 0.636286914 0.68242389 0.785324156 0.788053751
    0.0803980231 0.734370828 0.0432737172 0.36021319 0.625974119
    0.525904119 0.490845531 0.29140988 0.684995532 0.307258308
    0.237297356 0.906025887 0.796269 0.856465578 0.137360454 0.837075651
    0.404082745 0.21238938 0.318073809 0.206008613 0.297392309
    0.0273673236 0.323032707 0.86220634 0.170055449 0.478275925
    0.116843879 0.601855159 0.189287186 0.934289098 0.0975083411
    0.799755156 0.447270781 0.210778534 0.80145365 0.520874023
    0.454270661 0.296829283 0.512732089 0.981814086 0.766462922
    0.547607422 0.706787348 0.631607533 0.207063287 0.845501661
    0.270851135 0.708037376 0.707284391 0.894763649 0.210832417
    0.828690112 0.619564295 0.488245696 0.316533417 0.129839003
    0.835509181 0.454066813 0.673156679 0.96754986 0.0710138083
    0.521638274 0.692247629 0.112608224 0.503906071 0.600280404
    0.810471416 0.125162393 0.0760945082 0.370379716 0.949955463
    0.019608438 0.537810862 0.696219265 0.303473294 0.532120645
    0.599644959 0.392496765 0.859933138 0.801996469 0.964994729
    0.685233533 0.16255033 0.975933909 0.573286414 0.789294839
    0.810886145 0.781081855 0.180927664 0.87631309 0.916917861
    0.459545076 0.364798993 0.316417098 0.38641572 0.000786870718
    0.358795702 0.108041167 0.157876998 0.855996609 0.207006037
    0.0581644773 0.520567119 0.575260699 0.49379915 0.637618482
    0.792585015 0.334291518 0.44244644 0.254730433 0.225446135
    0.676790595 0.0222469568 0.366684526 0.203234315 0.327782869
    0.211350471 0.669885397 0.642808676 0.14617005 0.283833504
    0.764026463 0.882616162 0.45658648 0.23771137 0.732562363 0.4917458
    0.830690742 0.689423203 0.253296733 0.427680671 0.159352064
    0.677672625 0.898651659 0.69565475 0.619706392 0.0694305003
    0.0206581652 0.773156404 0.519438267 0.303441286 0.518625259
    0.454310715 0.654235303 0.691782355 0.559958637 0.236594468
    0.0259121954 0.788200617 0.805345535 0.960547566 0.820054471
    0.693122149 0.809144855 0.0991135836 0.717768312 0.576735914
    0.148199946 0.744001985 0.623346806 0.535734713 0.130120248
    0.554469883 0.441538095 0.45642066 0.670814395 0.144979805
    0.0987335443 0.404349506 0.653100252 0.348546058 0.980288506
    0.216702074 0.727833509 0.753651023 0.648798823 0.847588301
    0.363330007 0.254335165 0.336753577 0.916523337 0.283319771
    0.433462888 0.342226446 0.781872153 0.960297704 0.257893741
    0.705221057 0.45291996 0.409275055 0.326814115 0.844038606
    0.282467663 0.14900288 0.915529191 0.510671437 0.71466291
    0.726810694 0.000198572874 0.0102311373 0.407775939 0.689858556
    0.802768111 0.0234208107 0.547837794 0.0999042094 0.698648989
    0.553167582 0.948809862 0.65403825 0.679469109 0.889877439
    0.663888931 0.858431399 0.781182289 0.350552738 0.642175496
    0.224120706 0.182669133 0.944293201 0.867684901 0.685127497
    0.515047789 0.544754267 0.0775148273 0.410913616 0.504837275
    0.586667836 0.750905216 0.67264396 0.81305778 0.453058749
    0.273989379 0.127966136 0.403599739 0.844595194 0.154316515
    0.0376702249 0.298766732 0.173726231 0.596230805 0.261440814
    0.872144938 0.0732287169 0.0366566479 0.3955248 0.778091192
    0.289815784 0.677874148 0.359251916 0.871801972 0.205504537
    0.654785097 0.420619875 0.655395508 0.227209121 0.57426542
    0.820727587 0.608262002 0.708339095 0.835443139 0.423812151
    0.0849719346 0.148279399 0.41473043 0.991089106 0.291838765
    0.446227342 0.41891855 0.182396263 0.385009527 0.0736383498
    0.0470384657 0.247858137 0.817734241 0.41892451 0.728444219
    0.334191978 0.242680162 0.309653163 0.477722526 0.392185122
    0.897542715 0.546052575 0.415738374 0.43936348 0.582509279
    0.963160276 0.058819741 0.541948617 0.015416652 0.528215468
    0.160761833 0.311522871 0.910809159 0.319530994 0.962090611
    0.79387939 0.668665707 0.163110852 0.104526669 0.162617326
    0.963724613 0.90955472 0.343056858 0.330844879 0.308592737
    0.757042885 0.848141551 0.471057415 0.38325426 0.939073086
    0.581003785 0.318367273 0.706408978 0.400336862 0.560889363
    0.217344284 0.747166634 0.179884732 0.860721946 0.703440905
    0.0326158106 0.238969773 0.245340168 0.0565280318 0.230951458
    0.60346359 0.887664914 0.343762755 0.574768901 0.333105296
    0.943615675 0.642000318 0.181748211 0.00220152736 0.968007028
    0.641315937 0.898344517 0.204914629 0.560804188 0.864561319
    0.423585773 0.648981273 0.357474893 0.750658512 0.551535428
    0.651426971 0.538293064 0.00912168622 0.620398104 0.77047503
    0.794911325 0.991747677 0.934306026 0.0710081756 0.969600677
    0.440833688 0.450842649 0.142759919 0.209865808 0.477743328
    0.225028127 0.835102081 0.162192136 0.715260744 0.503969252
    0.285892665 0.636567533 0.151318401 0.42861101 0.195584744
    0.895621717 0.659012675 0.994884968 0.975109279 0.525449932
    0.959770203 0.646724045 0.379513651 0.741267204 0.453920335
    0.334158778 0.333716452 0.0419521332 0.680037856 0.544563055
    0.253887773 0.445867717 0.609635293 0.133636504 0.192225128
    0.505740345 0.507004738 0.921394587 0.845815122 0.690101504
    0.734590292 0.227821976 0.7669186 0.724796176 0.0137007535
    0.108001858 0.164363772 0.614245534 0.360639513 0.506618679
    0.102551848 0.150811762 0.572050214 0.780621409 0.89612937
    0.225236565 0.144332021 0.60369271 0.749240279 0.64312923
    0.0808852613 0.337135136 0.942263007 0.802969575 0.932708561
    0.281490564 0.066416204 0.907855392 0.313230425 0.0532998741
    0.376547575 0.721681356 0.207320213 0.234722316 0.504817367
    0.62423718 0.481687576 0.0901204944 0.435832262 0.189087272
    0.487266302 0.226676941 0.668951571 0.796063185 0.703848898
    0.857526898 0.478475302 0.991158009 0.251883417 0.240110934
    0.613450408 0.963892043 0.235150099 0.573868871 0.178809613
    0.00462308526 0.231756657 0.750778437 0.888703942 0.525742829
    0.637068033 0.796686888 0.857566118 0.0935507417 0.464127362
    0.640130043 0.878952384 0.160705537 0.75646168 0.943978548
    0.170078039 0.76391542 0.695565283 0.468599081 0.653348267
    0.33238849 0.837299824 0.381908447 0.501230299 0.412906379
    0.275587618 0.579904139 0.793985724 0.866552472 0.021410048
    0.292095721 0.538581371 0.687951207 0.601645768 0.299194336
    0.432326615 0.017881006 0.0731982291 0.163977921 0.85915786
    0.257819355 0.0820066035 0.0635379255 0.389410734 0.743016124
    0.470444858 0.313299924 0.24500972 0.194695294 0.680391014
    0.634313226 0.531330764 0.325675964 0.067368269 0.188425213
    0.526023686 0.854292989 0.401737124 0.897073388 0.275201738
    0.207607865 0.713047266 0.669679523 0.384948581 0.308853984
    0.609168649 0.987352192 0.645440698 0.706922889 0.0231013894
    0.0540210307 0.747894526 0.200652391 0.97781074 0.261317432
    0.273259223 0.0544087291 0.870090008 0.417376876 0.683314025
    0.27732867 0.139586747 0.991859078 0.888808012 0.893425703
    0.393508732 0.71005553 0.75598985 0.527964652 0.593149424
    0.811629534 0.0598032475 0.607074499 0.274502337 0.0142427385
    0.535642147 0.827252388 0.541990519 0.945997894 0.111165792
    0.192979902 0.299980789 0.665418148 0.173188895 0.490181088
    0.984995127 0.962722301 0.956977487 0.691479027 0.847750902
    0.629470944 0.357019722 0.322377414 0.528353274 0.256890774
    0.779029369 0.156722933 0.620905101 0.766900003 0.640578806
    0.755743444 0.73986274 0.347518206 0.0582199693 0.360080063
    0.494980335 0.186285794 0.471267879 0.186658621 0.247619629
    0.0413908362 0.657651722 0.181042403 0.305332243 0.305946708
    0.501544178 0.134144902 0.428310335 0.89341712 0.844277501
    0.469536483 0.820962131 0.0159466267 0.166356742 0.142466515
    0.00836843252 0.611987412 0.547818005 0.920708299 0.572142661
    0.686308324 0.352082431 0.934615731 0.368843675 0.0590588152
    0.0788660347 0.928522825 0.00241941214 0.0234327018 0.168916613
    0.771001697 0.352007389 0.00887900591 0.557060599 0.777986288
    0.234421134 0.729946911 0.643205523 0.241466492 0.269996345
    0.461068809 0.78336823 0.8121171 0.463842034 0.505537212 0.747635782
    0.360042512 0.411981046 0.286226541 0.778460264 0.594036698
    0.505718172 0.422203958 0.467414975 0.105949402 0.117352366
    0.255942106 0.986361444 0.856093466 0.612737536 0.8384251
    0.490084022 0.405398726 0.865749121 0.722341955 0.400351346
    0.744346619 0.309800625 0.844382644 0.558958292 0.80281496
    0.542267323 0.0723085105 0.128064096 0.54046452 0.359520078
    0.713296235 0.852291167 0.890345454 0.115184486 0.347413003
    0.00573438406 0.833759606 0.899288297 0.575556338 0.435925663
    0.594903469 0.452633798 0.338208258 0.395212173 0.292282879
    0.320091903 0.175616115 0.579654098 0.237138718 0.80482614
    0.129608989 0.316258073 0.851793945 0.498842657 0.88286525
    0.972873092 0.0489183962 0.368514776 0.187856913 0.38989073
    0.950165331 0.160445899 0.713195205 0.335560501 0.328764439
    0.927867174 0.898292959 0.910816312 0.934238672 0.716394663
    0.325451076 0.486196816 0.00896596909 0.00272980332 0.354890645
    0.50681895 0.291925728 0.810312271 0.572143257 0.418030709
    0.0145450532 0.830040395 0.127034277 0.490423322 0.0856895149
    0.27980715 0.805544972 0.622659266 0.534698427 0.451208591
    0.130591154 0.373378515 0.865249455 0.597572267 0.713091493
    0.562747002 0.891810775 0.777206898 0.578343451 0.991980553
    0.77978158 0.850862026 0.432035983 0.412724406 0.996646166
    0.331880867 0.01921615 0.992589951 0.482889891 0.132024676
    0.215359598 0.55151087 0.633231997 0.42964381 0.339448094
    0.714974642 0.386002898 0.990754604 0.830049157 0.0496559143
    0.212327152 0.171299577 0.138154089 0.849750459 0.740300059
    0.878059745 0.341187596 0.857464075 0.0872573555 0.668381333
    0.18287304 0.491587341 0.0102300048 0.786113381 0.890227079
    0.433353961 0.675609469 0.110479683 0.660501361 0.144612491
    0.768219113 0.374450803 0.712541401 0.139583945 0.747511804
    0.988177359 0.412102103 0.872542262 0.842209101 0.637798786
    0.679889262 0.35999611 0.223762065 0.523527563 0.205933362
    0.378543615 0.364642978 0.313566446 0.491050422 0.409270376
    0.381709754 0.0281187892 0.811194718 0.957103014 0.67149508
    0.758395791 0.606782198 0.361403406 0.746065617 0.776632905
    0.118311912 0.91362983 0.0567922294 0.176036388 0.00524756312
    0.566658974 0.592585981 0.569846451 0.542221904 0.508528411
    0.361390233 0.86752069 0.269019067 0.399040341 0.355319858
    0.893821597 0.563216686 0.770909965 0.941533566 0.240001738
    0.125495553 0.842633724 0.186267942 0.102944404 0.686264813
    0.629324377 0.977754235 0.158143967 0.389572889 0.142575383
    0.897919118 0.74766624 0.0869864225 0.831272423 0.434862703
    0.997347116 0.701890469 0.0467751324 0.967959523 0.858189166
    0.233421355 0.665718853 0.0603806973 0.109077126 0.639826179
    0.610601366 0.503012955 0.790018797 0.514049768 0.35457164
    0.940671325 0.227096587 0.341775537 0.178976655 0.0552015901
    0.0868117809 0.404013723 0.394233435 0.709494829 0.414976895
    0.716290832 0.10038659 0.0634383559 0.236712217 0.597190261
    0.353438318 0.27244699 0.33169049 0.313936174 0.170336366
    0.210974544 0.751554012 0.338306099 0.734955907 0.0279852748
    0.58052063 0.774976611 0.5156551 0.721812963 0.445653319 0.488224864
    0.277510345 0.318567216 0.27417469 0.648637533 0.608527064
    0.158223778 0.271080852 0.401960135 0.746171236 0.328363478
    0.474120915 0.364773095 0.382800221 0.312836945 0.737698436
    0.55672121 0.832701564 0.801487744 0.569635987 0.423382699
    0.651736259 0.691100359 0.394936353 0.872122407 0.76342535
    0.873817265 0.0984077454 0.886070967 0.185341954 0.842175722
    0.736586928 0.218481451 0.180665553 0.792074621 0.13237235
    0.399937034 0.554647803 0.955422044 0.131011486 0.305655062 0.985771
    0.40138346 0.890785873 0.930869877 0.128855795 0.881825686
    0.108931929 0.725607753 0.853703916 0.151335269 0.104385823
    0.303593457 0.495218366 0.851093769 0.93504703 0.82243526
    0.0583886802 0.270792305 0.950331569 0.0384959877 0.0258161128
    0.880186915 0.870209038 0.107221216 0.841483235 0.476870149
    0.609800041 0.09292382 0.976063728 0.577405155 0.296589643
    0.710408688 0.689811826 0.729009151 0.456643105 0.373371661
    0.523156285 0.137470156 0.44277966 0.238867104 0.627385736
    0.103535622 0.322334588 0.316475958 0.884088457 0.871931553
    0.194683343 0.584302306 0.8130849 0.000708281994 0.335679114
    0.672560692 0.235058635 0.218404591 0.5604707 0.953819633 0.40895915
    0.26462999 0.94700861 0.056324482 0.522108734 0.68821907 0.38028419
    0.875066876 0.882776856 0.257331342 0.143413424 0.278538883
    0.625210941 0.62819171 0.28569746 0.0943619311 0.387871265
    0.967622638 0.482757032 0.924466491 0.740976453 0.134394944
    0.575304568 0.114314109 0.571422994 0.198837876 0.850238502
    0.795600653 0.138008207 0.927851617 0.480757833 0.633951247
    0.849437833 0.263161808 0.398904622 0.917861164 0.291296124
    0.151993513 0.440698534 0.88129127 0.71163702 0.749871373 0.20882529
    0.898452759 0.376241833 0.876861513 0.504646957 0.131684959
    0.769022942 0.445364207 0.557735264 0.384284437 0.323197663
    0.60647285 0.294904709 0.711954236 0.21008867 0.641636968
    0.884189129 0.422984242 0.748515606 0.513344884 0.321027845
    0.438583404 0.292447269 0.377777547 0.165607154 0.613953531
    0.349122941 0.751721501 0.176985532 0.690691888 0.160966188
    0.291857183 0.666652739 0.653558016 0.876603246 0.689935088
    0.392818481 0.334060431 0.878352523 0.93924582 0.257575333
    0.435990661 0.753341496 0.2846663 0.375926465 0.0523723066
    0.935648561 0.973410845 0.451692522 0.740942955 0.184161365
    0.391213447 0.94272995 0.471584022 0.187988967 0.42337051
    0.645095289 0.0489824116 0.917163253 0.322130442 0.57459867
    0.548692346 0.513836682 0.59768492 0.83156687 0.521919966
    0.244106472 0.554733992 0.264382809 0.967078567 0.497422129
    0.677425325 0.881860971 0.219690055 0.887643695 0.00527194142
    0.25593853 0.776443481 0.396393836 0.546266913 0.986784577
    0.220395416 0.601469278 0.169346005 0.471386254 0.0657764077
    0.270678699 0.720937788 0.744840622 0.712076306 0.3436867
    0.217630595 0.632447779 0.854530573 0.422708124 0.930676103
    0.923187256 0.379707605 0.261676371 0.318803966 0.292171776
    0.0414478481 0.0181938708 0.280439734 0.478747338 0.682308912
    0.975631952 0.102887362 0.404927135 0.771560609 0.308733851
    0.60181725 0.293619692 0.0455482304 0.508035243 0.0428497195
    0.347895145 0.0860421658 0.461106628 0.468073398 0.552191556
    0.407210976 0.563612461 0.423622072 0.0583898127 0.589886308
    0.394081533 0.412904829 0.79385221 0.954365492 0.468088061
    0.396244556 0.240407109 0.315164149 0.0569656193 0.755405843
    0.0126075745 0.484560758 0.168600708 0.518836379 0.462142646
    0.847463787 0.787477195 0.238179326 0.332464993 0.934185147
    0.231592596 0.937824726 0.049765408 0.6523543 0.624228001
    0.615390897 0.755996108 0.187750995 0.379940331 0.564363897
    0.197919369 0.402278572 0.656838775 0.0841422379 0.319444001
    0.358385861 0.219079673 0.56938535 0.465078026 0.366475582
    0.0471226275 0.666182756 0.841768265 0.24354279 0.718973279
    0.81693399 0.138488799 0.90352416 0.986557424 0.00420564413
    0.517983258 0.728525043 0.694053411 0.208194464 0.13546896
    0.924419284 0.177937388 0.471527457 0.285543293 0.208033383
    0.828503132 0.969583869 0.593051434 0.3273893 0.836803675
    0.281703889 0.96855706 0.752419829 0.841247499 0.791935086
    0.549676418 0.198058128 0.752499342 0.457668394 0.785623312
    0.026884526 0.136355013 0.458991051 0.573955178 0.384776235
    0.871924639 0.593971491 0.716519237 0.129145175 0.522863984
    0.223262012 0.128390253 0.0960290432 0.955539584 0.390572488
    0.436142087 0.0142439008 0.0960569084 0.720634937 0.493338138
    0.435717225 0.732124627 0.15242064 0.991382003 0.0105384886
    0.750943065 0.0429583192 0.0251946747 0.96079278 0.91899997
    0.153360993 0.816510499 0.0868464112 0.606409252 0.0838593245
    0.0122340918 0.975235581 0.334988981 0.301520228 0.183116108
    0.901174128 0.948423386 0.705941439 0.525413394 0.00909334421
    0.900694191 0.24617973 0.883722544 0.396822482 0.0268628299
    0.237444162 0.544383168 0.399491757 0.100150883 0.207382172
    0.957478046 0.499603778 0.322722495 0.0524364412 0.518978894
    0.191941321 0.75695312 0.208676308 0.684264243 0.180003524
    0.943979084 0.593252063 0.464991719 0.463952214 0.805470347
    0.765520513 0.945386589 0.620184243 0.512695253 0.792318821
    0.404029816 0.568990886 0.3911089 0.108979195 0.661054969
    0.925026774 0.733667672 0.170702517 0.111547917 0.261895478
    0.677243948 0.829496861 0.917204797 0.113912016 0.651383996
    0.89490509 0.330201089 0.582285464 0.341582388 0.854685187
    0.882842898 0.404176116 0.310979068 0.0946640372 0.0953303576
    0.284773946 0.155340791 0.160182893 0.900334477 0.581915557
    0.806459963 0.291127414 0.620732546 0.843269765 0.918999493
    0.0572215021 0.795603275 0.171440452 0.0998012722 0.901570201
    0.29681924 0.8596524 0.429927915 0.618004799 0.0943281651
    0.351053655 0.243936658 0.63005054 0.787013054 0.204698354
    0.835192084 0.476879656 0.248105407 0.789157748 0.818426609
    0.730778337 0.752377748 0.889740348 0.821211874 0.918516636
    0.578337848 0.219541132 0.980583429 0.246318966 0.760737658
    0.872157812 0.342906117 0.130568147 0.540757 0.54321754 0.439384937
    0.297489882 0.128096223 0.369317472 0.461227536 0.344558418
    0.80199641 0.189342737 0.653935671 0.300046563 0.0113843381
    0.903183639 0.385643095 0.475603104 0.522831202 0.282977164
    0.213359267 0.713169754 0.445567936 0.1800735 0.672618747
    0.675361335 0.958036661 0.692857862 0.693792462 0.341430128
    0.394028127 0.197459579 0.939846873 0.268090725 0.202189445
    0.474855572 0.129716724 0.84508425 0.0332329273 0.316398859
    0.991603613 0.315248072 0.293410659 0.600741029 0.915832162
    0.127757251 0.776922941 0.793126822 0.865409136 0.402886361
    0.949590564 0.758618116 0.990741551 0.418131411 0.596307755
    0.337484956 0.94112277 0.355890214 0.358400941 0.261872172
    0.767965615 0.488810956 0.380542815 0.85794878 0.13620162
    0.691450059 0.900184989 0.585692763 0.141347915 0.642888546
    0.274214536 0.153278917 0.0258973539 0.203181982 0.782519937
    0.257156342 0.380839914 0.124426752 0.809829473 0.962240338
    0.890279651 0.986384749 0.832524776 0.644788265 0.0615127981
    0.549746096 0.488389969 0.72806406 0.0546127856 0.319834471
    0.783560276 0.521597564 0.178843796 0.743403316 0.891814947
    0.555281699 0.530190706 0.52350086 0.390353948 0.294041574
    0.78345108 0.515551627 0.794957638 0.0124716461 0.221179515
    0.352897316 0.00787568092 0.655146599 0.408673137 0.327763975
    0.797326922 0.0974929333 0.357561052 0.673939586 0.472031981
    0.620096922 0.920726895 0.892978787 0.276101053 0.247727811
    0.926150262 0.0707961917 0.656789839 0.205807865 0.145899117
    0.340741962 0.746581197 0.748862624 0.110710263 0.287852108
    0.473113567 0.619195759 0.473808527 0.464645833 0.648588896
    0.0201229751 0.664490342 0.409021854 0.617236376 0.287949145
    0.0651855767 0.22471261 0.433317959 0.931090951 0.624762535
    0.164092988 0.275610924 0.181114405 0.680269718 0.717425942
    0.840140939 0.759156704 0.333929032 0.144851089 0.00922778249
    0.8539114 0.854729056 0.558350146 0.772591233 0.0984764993
    0.00455898046 0.398469746 0.927273393 0.989432454 0.551599503
    0.452652901 0.71350503 0.00331133604 0.491783112 0.21708414
    0.552700698 0.782152057 0.164256483 0.667886376 0.452068448
    0.935106874 0.884140432 0.171379596 0.833893061 0.173555762
    0.842481911 0.0682164431 0.0463481247 0.693861842 0.410535991
    0.311075896 0.636591136 0.259591877 0.87145412 0.42139414
    0.980800629 0.470290184 0.737119198 0.395500273 0.6587466
    0.230954617 0.189377278 0.0421742201 0.629645407 0.137884349
    0.274752885 0.728794098 0.360321194 0.0114992857 0.0741339326
    0.91180563 0.731519759 0.526554465 0.424295992 0.83921349
    0.0417866409 0.602186561 0.981143713 0.977584958 0.666602373
    0.240398496 0.434355795 0.394718766 0.56019491 0.186074466
    0.438452661 0.466049969 0.991585433 0.572784364 0.590568125
    0.521991014 0.215423286 0.768119335 0.171729505 0.651736259
    0.815136194 0.693838656 0.168818414 0.0686328709 0.527443469
    0.903073192 0.495360017 0.197396696 0.331014037 0.444274962
    0.395164013 0.267088026 0.33945775 0.820092201 0.125608683
    0.118456513 0.12338236 0.231150717 0.593392015 0.848050237
    0.766235471 0.251176357 0.112252146 0.549677432 0.475697219
    0.0438159704 0.392724693 0.767314792 0.0789766014 0.92387867
    0.195366532 0.501101732 0.114479542 0.484120607 0.312371939
    0.0240079761 0.985883713 0.498666912 0.829188347 0.0794973075
    0.51443696 0.198943108 0.456353426 0.378090739 0.273996115 0.1833722
    0.83101964 0.646312058 0.201476514 0.269573629 0.408537626
    0.116160691 0.606569946 0.258927017 0.659533978 0.994409919
    0.0518983305 0.976391554 0.576915503 0.28200826 0.475360096
    0.997453213 0.419439197 0.848469019 0.483357906 0.277310848
    0.305477262 0.00521495938 0.614989221 0.728226066 0.925413966
    0.0556289852 0.0487395525 0.389600277 0.628601372 0.00224295259
    0.82055831 0.551962316 0.60973227 0.846868038 0.450735629
    0.595716834 0.768220425 0.108457565 0.292913973 0.53198874
    0.70285219 0.336241186 0.662616789 0.931030273 0.758318365
    0.343409419 0.767563224 0.654309571 0.179561526 0.558042586
    0.264264703 0.949373662 0.805041134 0.114420831 0.797783673
    0.590294063 0.0102799237 0.735514879 0.294355631 0.626259446
    0.0195590258 0.566391885 0.59941119 0.320388526 0.195033163
    0.908561528 0.877223551 0.124824941 0.415489852 0.703218818
    0.542241514 0.641646922 0.375283867 0.363078624 0.490770191
    0.372149706 0.287710905 0.514532387 0.272647619 0.107919067
    0.220961511 0.74011004 0.841111124 0.561327755 0.565981627
    0.587246418 0.160190523 0.437891215 0.730291247 0.592189014
    0.314051837 0.20321101 0.614616275 0.71384722 0.1752882 0.611350119
    0.498413712 0.306321859 0.843226194 0.218532115 0.113025874
    0.466775775 0.396957278 0.91428405 0.463067174 0.253521979
    0.420818269 0.963836074 0.574231803 0.676538169 0.151789844
    0.324145883 0.0412295461 0.257912397 0.498039514 0.439711869
    0.610517442 0.348055601 0.277933121 0.384769887 0.153704673
    0.686533213 0.00510016084 0.128959328 0.377412885 0.340248197
    0.87277776 0.579234719 0.246499807 0.54377681 0.524288058
    0.249771595 0.71546185 0.341830969 0.255610824 0.739088178
    0.90154928 0.338510871 0.161873162 0.266579628 0.287136078
    0.692898035 0.989521384 0.026815474 0.936631441 0.163828254
    0.0828406811 0.347962499 0.400955081 0.795965791 0.949637353
    0.0884046257 0.8082304 0.0864214301 0.59959805 0.762075484
    0.916844547 0.2811867 0.277058244 0.305339873 0.0648790896
    0.782959938 0.210104376 0.500826836 0.299805284 0.647521794
    0.83581537 0.842218339 0.680129409 0.0717925429 0.595481038
    0.99396646 0.898349524 0.58996892 0.485279024 0.55135268 0.477516502
    0.629253626 0.65758872 0.120830894 0.621689618 0.224802673
    0.0731227398 0.317366183 0.959042966 0.685955524 0.364115477
    0.489415258 0.331871808 0.0744231343 0.208763719 0.0139548481
    0.90463686 0.0341718793 0.109163076 0.752288461 0.288536429
    0.000629156828 0.827927053 0.334687412 0.613325894 0.0793718398
    0.248739481 0.514830351 0.46365279 0.374981344 0.229206562
    0.552773058 0.96104157 0.721083224 0.569746971 0.992851615
    0.33165434 0.720317423 0.367420614 0.91862154 0.656494439
    0.926025748 0.614754021 0.449488819 0.214215517 0.296686649
    0.881057978 0.720029473 0.446046561 0.213009238 0.416125208
    0.921889901 0.841484666 0.688569665 0.798235893 0.877348304
    0.345215023 0.366913378 0.742783308 0.217457414 0.663795054
    0.408245683 0.0913775563 0.0794700086 0.548644304 0.830163956
    0.0202349126 0.934209466 0.644141197 0.0670857728 0.307287812
    0.597569883 0.842533112 0.869228244 0.940965533 0.0260799229
    0.352079481 0.854902625 0.00919950008 0.0835191309 0.956555605
    0.175161481 0.830891252 0.203733146 0.044459492 0.973390222
    0.153092593 0.0851199329 0.233311385 0.297545135 0.697657824
    0.230324835 0.0626527071 0.559857547 0.903144836 0.512690961
    0.906710148 0.505765438 0.528385282 0.430878371 0.454145879
    0.394320428 0.865011811 0.297084391 0.0829134881 0.714669824
    0.159988493 0.971980214 0.864817023 0.199029088 0.845155478
    0.507863164 0.194017082 0.379812419 0.725658178 0.710646152
    0.685203314 0.559211731 0.372588098 0.880278766 0.796683311
    0.869713306 0.268444479 0.00209674239 0.459051609 0.737863123
    0.0147298276 0.959848285 0.756905854 0.44650203 0.0179542601
    0.30193159 0.783925176 0.274595857 0.0393197536 0.123101115
    0.135209024 0.490887284 0.904247403 0.581907809 0.561043203
    0.430216014 0.975628257 0.635397911 0.00735029578 0.808126509
    0.467323214 0.807147264 0.370096505 0.588500023 0.510376513
    0.94533658 0.0561591685 0.909244835 0.256940007 0.973584294
    0.140956283 0.917956114 0.841267288 0.520032942 0.0849591792
    0.31535697 0.696311057 0.977448165 0.587900639 0.183796108
    0.70559001 0.722696066 0.809900939 0.996787667 0.651014984
    0.0426823199 0.301980644 0.041033417 0.431043804 0.0577219725
    0.246674269 0.536198378 0.975402415 0.923676252 0.104661316
    0.90532285 0.472572863 0.644890308 0.128306419 0.24783653
    0.746064603 0.0918236971 0.335218608 0.190243065 0.636364937
    0.329489827 0.995291948 0.238369554 0.584207118 0.339468837
    0.180796057 0.0714222193 0.621150732 0.459927797 0.223357052
    0.146691471 0.802861214 0.0416764617 0.0205691755 0.586167991
    0.0510917604 0.928876758 0.164930403 0.690164089 0.671205521
    0.967725635 0.315396845 0.474615842 0.52373594 0.407927364
    0.167663962 0.993359208 0.126355052 0.582547665 0.235020876
    0.578202724 0.537777543 0.6147421 0.614573717 0.112994134 0.3632375
    0.469055146 0.426240981 0.928200006 0.104809016 0.869827747
    0.0642975271 0.720575988 0.582564652 0.441231579 0.994097233
    0.534482419 0.674033403 0.490268826 0.0360312164 0.255731046
    0.865104795 0.12027204 0.218861014 0.937094808 0.383814692
    0.527642548 0.630585194 0.958878517 0.48619768 0.69867599
    0.606952369 0.5171628 0.151122957 0.23510924 0.444849044 0.928366184
    0.288074851 0.990393996 0.120053351 0.635472953 0.0960371792
    0.215061516 0.85050106 0.905553102 0.96635592 0.463401139
    0.423998505 0.0125371218 0.0674889386 0.887810111 0.292544425
    0.4404459 0.27205947 0.765125394 0.0528047383 0.566627622
    0.759212971 0.173851341 0.21979931 0.394088268 0.883307993
    0.141545206 0.501925707 0.259507358 0.606741905 0.164890558
    0.00594636798 0.960330844 0.326575965 0.800219536 0.362677515
    0.645217776 0.0922136307 0.433175713 0.651090264 0.192263246
    0.443084091 0.602590501 0.541226208 0.0577266216 0.0610515773
    0.225881547 0.637598813 0.0943513811 0.0544510186 0.00692650676
    0.895261884 0.0496159494 0.530315995 0.590303123 0.871391475
    0.571172357 0.873901606 0.78981477 0.836715221 0.949241817
    0.989746153 0.840974212 0.148984402 0.668632507 0.0786921084
    0.585054338 0.0379635394 0.0889829397 0.886721849 0.630092382
    0.320535362 0.141057253 0.485901505 0.647392154 0.384626329
    0.30749625 0.505512476 0.687881827 0.264545798 0.990945339
    0.953306556 0.801567793 0.0390293896 0.820198536 0.925599098
    0.510004759 0.628278315 0.189597368 0.222943068 0.384513766
    0.960811317 0.0908856094 0.644320667 0.791192412 0.778879046
    0.66602248 0.55857861 0.687713861 0.0813534558 0.376608789
    0.495431066 0.529166877 0.686066031 0.738326311 0.861593366
    0.779341698 0.312263846 0.430096805 0.310467303 0.486388236
    0.448994279 0.135291845 0.732880831 0.586688697 0.727300823
    0.506441832 0.0853844881 0.905716777 0.689397454 0.753046036
    0.182864785 0.0987036228 0.811619163 0.399539858 0.78416121
    0.679612994 0.551415861 0.826405168 0.591500461 0.650726914
    0.00514966249 0.941473484 0.947250307 0.0536370277 0.599809289
    0.119149297 0.315383434 0.725300729 0.0976359844 0.752282143
    0.305112779 0.969094038 0.0868699849 0.742034078 0.0629381537
    0.563708603 0.782084465 0.843805671 0.561589777 0.708918571
    0.093842417 0.217813373 0.612236142 0.154519022 0.657211661
    0.316131413 0.0184981823 0.0593568683 0.644165277 0.800897598
    0.243047684 0.826889873 0.841663361 0.613307059 0.269931525
    0.157572001 0.170454413 0.410698205 0.600536346 0.842958987
    0.159666419 0.767269969 0.588133216 0.739548683 0.885524213
    0.529384017 0.268931121 0.970274687 0.999955297 0.0376579463
    0.779731274 0.404428601 0.308556825 0.0407503247 0.770076931
    0.967779517 0.795928717 0.125614345 0.797189832 0.134826332
    0.427160203 0.655076742 0.441879123 0.43777436 0.634478986
    0.190971345 0.1976614 0.709395587 0.507847071 0.785068393
    0.901587963 0.503348589 0.763056278 0.071043998 0.766871154
    0.386360943 0.496963173 0.373021603 0.197927952 0.780997396
    0.64011395 0.0939626098 0.356326133 0.21278283 0.893841803
    0.939120531 0.0196040571 0.359289676 0.545454085 0.964865029
    0.708619177 0.163511395 0.594401002 0.785084546 0.181321979
    0.124831229 0.438359141 0.215961695 0.456096947 0.252584696
    0.825298369 0.431582332 0.321447134 0.439927042 0.474897385
    0.538327754 0.0947743654 0.390324295 0.301151156 0.432890058
    0.782941222 0.787393093 0.293535054 0.322956592 0.504812896
    0.411972165 0.623653471 0.656118095 0.628298581 0.30299145
    0.437373132 0.172262281 0.455144167 0.24549228 0.821586847
    0.156313568 0.0197499096 0.67123723 0.108695805 0.23997885
    0.601632833 0.464949578 0.74847883 0.0213662982 0.708097637
    0.793975413 0.553555906 0.520046949 0.935233235 0.631661952
    0.549819589 0.608738363 0.153778404 0.796050429 0.0694068074
    0.496810675 0.358383715 0.445677966 0.672536552 0.577190459
    0.491223872 0.589706779 0.846621156 0.0944768786 0.558449209
    0.0682872236 0.922945201 0.319823295 0.34974435 0.537626624
    0.822824776 0.767450213 0.450214982 0.295648307 0.768831015
    0.834517837 0.364824414 0.554094434 0.366175085 0.468945086
    0.500400364 0.572545469 0.109232932 0.589845777 0.864035368
    0.648095608 0.43735835 0.917851686 0.0469049811 0.798114777
    0.573394358 0.726626396 0.934874177 0.405072927 0.826423407
    0.729512811 0.24542594 0.502651632 0.396034956 0.0858679712
    0.882942796 0.769034505 0.508724093 0.92334789 0.475893378
    0.820540249 0.717090726 0.410876364 0.826850891 0.494053096
    0.863781571 0.00565287471 0.64518714 0.502656102 0.593653738
    0.76936698 0.435940623 0.749994755 0.969618082 0.212869406
    0.741098583 0.239828885 0.392871588 0.666359186 0.511038125
    0.647941947 0.677931786 0.414416105 0.638114095 0.549563944
    0.910508156 0.572582603 0.00707781315 0.39715156 0.385480285
    0.803343952 0.414543301 0.0585456491 0.306992143 0.252669662
    0.703489423 0.176451951 0.569455862 0.884838581 0.500298321
    0.621232748 0.128679186 0.444193691 0.408556134 0.408429265
    0.860172272 0.392270952 0.273136139 0.816575885 0.88821137
    0.775783658 0.11072138 0.248686045 0.870206296 0.467073381 0.9988451
    0.600365281 0.00169309974 0.545848191 0.0243960917 0.824469686
    0.81902492 0.225006968 0.11420396 0.92896539 0.38510111 0.331474692
    0.636955917 0.590815246 0.729782045 0.174036205 0.258525491
    0.280862451 0.243699908 0.891359091 0.810552955 0.862481952
    0.261340857 0.593309224 0.864515424 0.767664075 0.653663695
    0.344893366 0.496228635 0.883496523 0.779161811 0.635085404
    0.412684023 0.713727295 0.370313048 0.743923247 0.0587404668
    0.469655395 0.909321904 0.473350137 0.238501549 0.671813905
    0.744785368 0.67905879 0.89058423 0.578143954 0.00337347388
    0.156255454 0.145918757 0.846908033 0.93258822 0.746121585
    0.285157919 0.251960397 0.550619543 0.346786112 0.546247363
    0.174485147 0.557297051 0.639048755 0.623186946 0.300214112
    0.482315749 0.678324461 0.927561045 0.960116744 0.970650077
    0.0613465607 0.811632454 0.521995068 0.179421604 0.541138232
    0.755811989 0.0560338497 0.226866603 0.647259235 0.698476911
    0.15555796 0.650154233 0.106030017 0.332356274 0.475403905
    0.0655416548 0.203546613 0.78593874 0.352208495 0.988945484
    0.366874903 0.899404168 0.349740207 0.529721081 0.562447369
    0.30465287 0.688380361 0.945521772 0.567017436 0.989654064
    0.801524282 0.199516267 0.00759729743 0.702686727 0.323594034
    0.579774201 0.305977941 0.361263603 0.423041642 0.0154475868
    0.463641346 0.592830122 0.811971664 0.36855799 0.656054139
    0.303116143 0.542054474 0.785419762 0.782021523 0.467495143
    0.906173587 0.953338027 0.941313505 0.172528863 0.631583631
    0.122172266 0.0344125926 0.515696883 0.725502729 0.33226186
    0.417612404 0.695931256 0.245578587 0.950466752 0.762470186
    0.0795384645 0.17937386 0.205129474 0.778329968 0.555770874
    0.0255680382 0.849260271 0.692610919 0.520676434 0.44941625
    0.996383429 0.925438523 0.847726345 0.540271521 0.284229159
    0.537982762 0.437889606 0.411976635 0.615657449 0.718449771
    0.342230976 0.905821204 0.322414488 0.979308248 0.508054376
    0.310399354 0.0171071887 0.846781313 0.0677443445 0.319341928
    0.469726145 0.704397261 0.325732082 0.991875947 0.598434985
    0.94337666 0.513513505 0.55780679 0.423579752 0.160382122
    0.326475739 0.707695484 0.649884701 0.430706948 0.338284254
    0.465960979 0.9180758 0.528230906 0.533172667 0.0459169447
    0.121826649 0.24589622 0.0919240117 0.965034604 0.0347236097
    0.668191314 0.0727972686 0.912389636 0.761010766 0.9774369
    0.790733337 0.353957415 0.911677122 0.501676559 0.682444811
    0.0789407492 0.93747443 0.00189876556 0.780110359 0.170291215
    0.405765593 0.441072553 0.788643241 0.320095658 0.258061707
    0.623889089 0.955521166 0.210816145 0.23021856 0.534858346
    0.940534353 0.227353871 0.0981964171 0.526522875 0.608466506
    0.776657224 0.734492898 0.874652267 0.287136883 0.595608652
    0.689083517 0.831111789 0.385557264 0.583352983 0.667095542
    0.905656338 0.272237509 0.296138674 0.247287899 0.284480929
    0.0746794939 0.444210321 0.710522413 0.475884944 0.910499871
    0.324971229 0.271413982 0.577892184 0.582145452 0.535751581
    0.101138622 0.253335178 0.529460073 0.782187939 0.440168083
    0.750976324 0.0720479488 0.62051183 0.0787386596 0.91920507
    0.732669115 0.52224803 0.965269566 0.542411268 0.469717622
    0.694898009 0.608439922 0.415266693 0.988449097 0.799160063
    0.918417752 0.754706979 0.0431378186 0.356085956 0.0173303783
    0.745052338 0.579174519 0.922498703 0.220420986 0.125054121
    0.577409685 0.92459929 0.702596486 0.672018588 0.834341407
    0.354233384 0.305727988 0.085675776 0.543903351 0.0955786109
    0.632367432 0.751365066 0.684442163 0.112581372 0.524337113
    0.764606357 0.0369409919 0.748645723 0.991740465 0.0799867213
    0.998706102 0.265797168 0.331323326 0.850920081 0.167066693
    0.417168975 0.205379903 0.594402254 0.269655287 0.0669302344
    0.66690141 0.201766789 0.367987067 0.561856329 0.261701345
    0.935750484 0.485369802 0.324140608 0.117221892 0.399021566
    0.635846436 0.979070961 0.851690769 0.812603712 0.858579516
    0.980136454 0.467369229 0.759585083 0.844451904 0.803608894
    0.102300555 0.929947257 0.596796215 0.109248966 0.278327942
    0.863863945 0.502666891 0.136346936 0.945933342 0.379931122
    0.256598651 0.333138764 0.363776743 0.0378750563 0.0632394254
    0.249428838 0.963778734 0.639353335 0.826497912 0.465577602
    0.279551685 0.119405121 0.0894002616 0.178191423 0.227373868
    0.369172096 0.706880569 0.286112428 0.507910669 0.268945634
    0.0312848389 0.8889184 0.436824918 0.908576906 0.0240572393
    0.0877394378 0.39699465 0.917506576 0.743745685 0.820751786
    0.911892474 0.368045449 0.871725798 0.44444561 0.934318662
    0.910065889 0.596373618 0.0869027078 0.135365933 0.0941617191
    0.749658227 0.354383171 0.544402003 0.604644835 0.0458137989
    0.61989212 0.645235837 0.636485457 0.275863945 0.0560614467
    0.85545826 0.231422305 0.0920357108 0.870521545 0.654234886
    0.998760939 0.646167994 0.936556816 0.431900203 0.0600383878
    0.221464872 0.353557229 0.427100867 0.22435829 0.836654305
    0.351304829 0.278258651 0.863472342 0.346299142 0.523376226
    0.412820429 0.249366045 0.601687729 0.338533044 0.589802504
    0.624675035 0.954705238 0.534549117 0.793300688 0.678742707
    0.580992043 0.560955048 0.556029379 0.133091658 0.993890762
    0.957365811 0.477720916 0.185538679 0.81913209 0.165886402
    0.950745821 0.487118185 0.335154325 0.471713185 0.763094306
    0.435626268 0.814087033 0.0501424074 0.149250031 0.111686468
    0.284029007 0.269220293 0.835761249 0.650731385 0.0553162098
    0.536548615 0.927264273 0.696015477 0.723406017 0.660642624
    0.984035254 0.882014751 0.670938492 0.277862191 0.0466295779
    0.0272435844 0.900539994 0.0468505621 0.354599744 0.537525356
    0.142688662 0.311133593 0.452138543 0.10570851 0.559149563
    0.346682757 0.692700267 0.677019477 0.64782536 0.193133593
    0.211231977 0.845731258 0.0438806415 0.797285438 0.94539535
    0.287840486 0.667778552 0.170001507 0.934028625 0.252409279
    0.226619303 0.554298222 0.823817372 0.0562666059 0.583213925
    0.56425947 0.861010373 0.207659781 0.975324273 0.445878804 0.243285
    0.685856164 0.732860804 0.0793970525 0.405718803 0.56107688
    0.36948359 0.0146991313 0.388894707 0.268976927 0.814960539
    0.841478944 0.782515347 0.111365885 0.033675611 0.355003655
    0.694351196 0.392531514 0.154720485 0.955937505 0.0645644069
    0.940506577 0.447953075 0.500286341 0.370417058 0.0618537962
    0.559149921 0.66865468 0.193143427 0.508873403 0.795697808
    0.640663028 0.980593562 0.805426598 0.862924695 0.83212328
    0.230716586 0.304141104 0.794517159 0.886299968 0.219884634
    0.985712886 0.541310489 0.815214276 0.313323885 0.995403767
    0.492022157 0.529957294 0.112986743 0.0344130695 0.153850734
    0.949338317 0.0472513139 0.202857405 0.135937661 0.748247921
    0.873687327 0.821006835 0.415079057 0.036305517 0.177015662
    0.61616087 0.306570739 0.438267499 0.730512798 0.874972701
    0.19492802 0.91345346 0.98012948 0.824681163 0.369367182 0.485842258
    0.688886285 0.3978329 0.874587417 0.290584445 0.249821037
    0.210933417 0.376217008 0.446087301 0.904287577 0.392593265
    0.421466798 0.0137840807 0.903031766 0.85324204 0.41918841
    0.971295416 0.684203625 0.592473805 0.993445277 0.291851133
    0.888443947 0.65911454 0.631339908 0.65212357 0.10504654 0.914893389
    0.353381395 0.844573498 0.25195986 0.771130085 0.828188062
    0.831866026 0.476771504 0.874152839 0.987140179 0.872046947
    0.354333162 0.984419107 0.247136891 0.43275696 0.0406527221
    0.105608791 0.735987365 0.151364446 0.647774696 0.493724227
    0.861502588 0.681377888 0.176509112 0.818811893 0.0179094076
    0.128918082 0.926734328 0.720504642 0.853375316 0.405039668
    0.916932225 0.980839252 0.426451564 0.547945559 0.0683248341
    0.335193515 0.198978037 0.834625721 0.940923631 0.926901817
    0.46558252 0.925455928 0.633649647 0.366586387 0.600405574
    0.58450222 0.248282462 0.85764724 0.0689234436 0.966794729
    0.246654898 0.246952355 0.888093233 0.317617327 0.15332216
    0.433511436 0.0714394152 0.451659858 0.511207104 0.464395881
    0.596359551 0.0389278829 0.342955679 0.479980916 0.114078045
    0.5965873 0.799129963 0.592102289 0.266326278 0.836136699
    0.732894719 0.141299546 0.458523005 0.776896358 0.404173434
    0.432082236 0.667442501 0.644851029 0.448430061 0.551862478
    0.449321389 0.0851204395 0.988605261 0.206026345 0.852357984
    0.177587211 0.965402365 0.0833640993 0.408375263 0.730203927
    0.847899437 0.912581801 0.371767253 0.695885539 0.496753126
    0.0533743799 0.999486923 0.990185618 0.5107283 0.0371537805
    0.75701642 0.830682158 0.629998922 0.843248248 0.994830847
    0.421976089 0.894356251 0.829436779 0.514992833 0.725357592
    0.991530895 0.419112861 0.0231717229 0.766422153 0.585970163
    0.486279517 0.237445474 0.618225574 0.434152573 0.946316242
    0.555566132 0.668747544 0.987820446 0.735747814 0.606616974
    0.856676102 0.612651944 0.7674582 0.115966052 0.886464715
    0.608229876 0.314344406 0.375762999 0.417540431 0.300876498
    0.100585967 0.838650167 0.43365097 0.804534316 0.199005574
    0.683247924 0.802770019 0.72905755 0.863675475 0.259781241
    0.398192853 0.623736382 0.396378219 0.282752901 0.993193626
    0.782367766 0.854143679 0.397206843 0.800602973 0.790727794
    0.244061559 0.789481997 0.788860261 0.122395754 0.946476281
    0.376080096 0.503600419 0.747169971 0.93167752 0.610250056
    0.132481813 0.615692616 0.684427142 0.584565997 0.631802619
    0.104585379 0.810835421 0.316436172 0.86950165 0.893287778
    0.239205539 0.813835144 0.39023447 0.00849890709 0.859523177
    0.164414465 0.808565617 0.932721496 0.990918875 0.910912395
    0.344961882 0.399214149 0.052035749 0.25246942 0.050661236
    0.579907656 0.455105364 0.723173022 0.659010708 0.0543778837
    0.0170736909 0.80925107 0.223349035 0.211515486 0.820032716
    0.138721764 0.79100275 0.439203709 0.815335214 0.664015412
    0.172934085 0.159287244 0.615149498 0.171911329 0.578082204
    0.669259191 0.0879585147 0.0348134935 0.388329148 0.554314315
    0.80702734 0.974440396 0.872432649 0.379103124 0.882428527
    0.355683684 0.199530333 0.373423576 0.150402486 0.867866397
    0.0823760331 0.311359167 0.211048782 0.79643476 0.802228093
    0.821769178 0.213968813 0.428397715 0.716106176 0.215580374
    0.218420088 0.978771269 0.399622679 0.114483207 0.00843203068
    0.628604293 0.187884331 0.481826365 0.307329416 0.0676083863
    0.342409015 0.357251197 0.647509634 0.40972355 0.105607122
    0.555286765 0.0268609822 0.744302928 0.574311614 0.547786176
    0.085077107 0.136511266 0.189216733 0.327438951 0.214942485
    0.639396369 0.870456338 0.485548079 0.603011727 0.373078227
    0.0396225452 0.810234785 0.107245952 0.326738775 0.699609756
    0.221078306 0.707793474 0.125718713 0.510949492 0.785010517
    0.817291975 0.776201844 0.181165755 0.506994784 0.0709159076
    0.202844232 0.136028022 0.934999228 0.374822378 0.173756272
    0.644582987 0.912116826 0.546365499 0.779902577 0.911419272
    0.287107676 0.213312536 0.837144077 0.726232469 0.0426283479
    0.560964108 0.730489254 0.284179628 0.386672378 0.371160805
    0.989071608 0.347644448 0.182110161 0.420383394 0.460269868
    0.942054152 0.370464861 0.733644426 0.0663295984 0.0924440324
    0.928916812 0.596903324 0.238074154 0.0966176689 0.950966716
    0.26060605 0.688948452 0.707949281 0.364560127 0.369241953
    0.730104864 0.533427596 0.126318842 0.201051742 0.905707955
    0.464197546 0.103003889 0.42959553 0.447618783 0.191931039
    0.218159705 0.930817723 0.425905615 0.832960725 0.626423478
    0.402958959 0.0584284067 0.348306358 0.753105402 0.10459131
    0.534876168 0.941441298 0.385517359 0.431620568 0.794803143
    0.0158753097 0.63671422 0.126839787 0.24681586 0.333242685
    0.567020535 0.69934082 0.288755655 0.248009801 0.992119551
    0.757776022 0.536577821 0.23838082 0.755693793 0.0376811624
    0.288496852 0.381821483 0.288774014 0.89960748 0.0322338641
    0.168913394 0.469433755 0.0548294187 0.534376025 0.634927154
    0.605768263 0.870868683 0.875964999 0.669821978 0.110829324
    0.680325925 0.349392802 0.482839048 0.45201534 0.109355658
    0.592415392 0.0274042785 0.245999694 0.114459604 0.563628733
    0.73722744 0.259765446 0.541130304 0.172803968 0.548097253
    0.642550886 0.591501057 0.31255126 0.139193565 0.0329664648
    0.380772531 0.564984798 0.285675853 0.849638462 0.93979013
    0.0265067816 0.17889291 0.621572375 0.51869005 0.426217139
    0.752648652 0.0834436119 0.871150553 0.0174585283 0.807843924
    0.00593987107 0.203199655 0.875211418 0.914174676 0.177381396
    0.256042719 0.031370461 0.0171855092 0.201672912 0.638325691
    0.974828243 0.0567191243 0.30562824 0.792985916 0.551432133
    0.166435808 0.0794408321 0.387180179 0.581897855 0.344207883
    0.633075297 0.853874683 0.691427588 0.0949673355 0.190148562
    0.827050924 0.885560751 0.00507575274 0.776312232 0.254760504
    0.376394212 0.407507688 0.758680761 0.454963744 0.133558691
    0.339712262 0.962476373 0.73942101 0.575865746 0.778640032
    0.86613363 0.326022923 0.548458636 0.960809886 0.942617416
    0.086170882 0.951387346 0.777747273 0.239038855 0.697796941
    0.444303513 0.295056373 0.0707247853 0.991434336 0.755775213
    0.807271063 0.10969612 0.833188415 0.53749305 0.287100643
    0.512192726 0.849283099 0.605528474 0.355627298 0.575586379
    0.0327384472 0.986164093 0.421922773 0.644904196 0.861327767
    0.696133614 0.385565579 0.385027975 0.872105837 0.98086983
    0.527464986 0.867578626 0.435202479 0.413147241 0.813510358
    0.38839525 0.904005408 0.41566515 0.756525159 0.467215031
    0.291525841 0.407157242 0.671004295 0.540667832 0.800336719
    0.330031097 0.111241251 0.791008353 0.112049103 0.517331779
    0.479871899 0.0502969325 0.16498974 0.238753438 0.780325651
    0.323148429 0.0145768821 0.960418999 0.632870674 0.782962918
    0.144483 0.572174668 0.443882048 0.175490171 0.419553667 0.395038068
    0.2072393 0.128675461 0.234315991 0.536450446 0.267184854
    0.0148968101 0.622310281 0.495826125 0.712114632 0.678938925
    0.439455509 0.291888952 0.972724676 0.274586976 0.512294352
    0.702791274 0.717773974 0.172468156 0.106688619 0.720311761
    0.41281265 0.218738079 0.263656437 0.598349333 0.397922635
    0.646917164 0.557291985 0.169879735 0.577601314 0.171451092
    0.721826136 0.951697946 0.605737507 0.080105722 0.997990131
    0.277989179 0.340399504 0.6560179 0.277749062 0.379427314
    0.182582051 0.557356358 0.0730717182 0.660383224 0.111696392
    0.581283569 0.865941048 0.490397751 0.974033833 0.528782666
    0.571752548 0.700129271 0.0654108524 0.26368016 0.995106161
    0.361593962 0.865117371 0.0449535251 0.977352798 0.908785462
    0.982565582 0.407510221 0.506980896 0.147546172 0.942419171
    0.854265928 0.0314782858 0.635807872 0.995614409 0.0203840733
    0.454200119 0.0745139122 0.0051241219 0.829739928 0.00316545367
    0.0752002895 0.376207709 0.658474863 0.655086339 0.224421382
    0.903994441 0.881711125 0.20611459 0.507546604 0.970983207
    0.875638962 0.546765268 0.916229963 0.380316287 0.522295594
    0.396050185 0.73204726 0.93468827 0.922467589 0.585918128 0.32771787
    0.993189037 0.731441557 0.563389659 0.79966557 0.441277057
    0.853332043 0.219644994 0.668620825 0.553402603 0.985813737
    0.202668548 0.026553452 0.762741029 0.604065895 0.176317066
    0.415549845 0.633771479 0.615282476 0.0367029011 0.909867764
    0.834439635 0.853850603 0.608686209 0.735027194 0.0287016034
    0.357638657 0.869769752 0.659044683 0.1496692 0.954459071
    0.314671397 0.860372245 0.925833285 0.386870474 0.512808621
    0.903724551 0.856667995 0.104687929 0.395961165 0.196626037
    0.67480129 0.453102559 0.00710302591 0.926006317 0.0544972718
    0.381480753 0.901952386 0.177386314 0.127177805 0.54720515
    0.517088056 0.991569519 0.0561733842 0.613518 0.022462517
    0.828585923 0.441053331 0.255877316 0.120039701 0.464592367
    0.172260106 0.567092538 0.03970173 0.304297 0.0377112031 0.733185232
    0.618952453 0.970914125 0.103035033 0.90021801 0.978271723
    0.36941278 0.47720775 0.980229855 0.486869097 0.804956496
    0.490829349 0.640091419 0.913740873 0.154318541 0.0697167516
    0.481569707 0.155166447 0.440271616 0.171535581 0.053219378
    0.393727094 0.450328469 0.555462718 0.196147949 0.60834229
    0.720750451 0.304779917 0.763288975 0.465707362 0.527481139
    0.771122575 0.267879725 0.939617813 0.0603671968 0.960381746
    0.167768449 0.39822486 0.377245665 0.00686046481 0.254987419
    0.290629119 0.866180658 0.155214369 0.947526097 0.411604851
    0.188023895 0.88634479 0.467966557 0.920003057 0.439073384
    0.673301697 0.320002317 0.668713331 0.205505669 0.405271083
    0.676196396 0.643693209 0.212972373 0.82750845 0.0981189311
    0.372125387 0.248185337 0.573753595 0.686839104 0.24224633
    0.791317761 0.709883809 0.42711544 0.198153406 0.794249594
    0.404624254 0.480281055 0.716141105 0.786361814 0.651490152
    0.349739254 0.536943316 0.276148558 0.881574273 0.732218027
    0.0642790794 0.349076182 0.971928895 0.194081306 0.138983518
    0.570162892 0.63578552 0.394914329 0.205980897 0.0209457576
    0.325652599 0.603476465 0.703765512 0.967261076 0.634995759
    0.0444683731 0.13265112 0.146688402 0.26607424 0.467845201
    0.285653353 0.80137682 0.45628804 0.58122766 0.2218557 0.43567723
    0.415443838 0.461283088 0.943133354 0.146242529 0.0550430119
    0.695064902 0.0796081126 0.136917055 0.270863652 0.349060774
    0.16704157 0.232571214 0.770597935 0.830858707 0.619777203
    0.0248004496 0.860229969 0.0639246106 0.934191525 0.672888279
    0.0473524332 0.875473022 0.802735686 0.383178085 0.761662722
    0.463875502 0.15302068 0.794409633 0.365896106 0.516397178
    0.0951263607 0.448103696 0.590903461 0.397010684 0.676722944
    0.0997530222 0.349675387 0.269901812 0.287815779 0.592461944
    0.853151679 0.203804523 0.906771421 0.169432878 0.772812366
    0.577355683 0.740121007 0.290448904 0.703675747 0.195260733
    0.849317729 0.124393135 0.735382915 0.751372695 0.874121368
    0.578569174 0.97861433 0.291517735 0.59152025 0.492307037
    0.991535068 0.946755171 0.335905701 0.589695811 0.261162966
    0.563741922 0.199778855 0.691542447 0.476989299 0.971817493
    0.0901971757 0.151412934 0.356664628 0.114936143 0.333212495
    0.725059032 0.16897139 0.970729828 0.370946229 0.542960942
    0.518369615 0.464611322 0.116545588 0.844563186 0.730391622
    0.917015553 0.357900739 0.995309591 0.648506284 0.476700455
    0.247730315 0.791960835 0.577420056 0.263569266 0.399279505
    0.34881866 0.246983111 0.0554893315 0.829794288 0.201513171
    0.20774278 0.549672961 0.726046324 0.587073028 0.123409867
    0.743956327 0.606135249 0.752250195 0.713883102 0.122010171
    0.753849983 0.177697033 0.353237063 0.101369739 0.224501729
    0.898281455 0.288910449 0.834416568 0.489141285 0.549904943
    0.495087028 0.280423731 0.489548236 0.717959583 0.218859076
    0.257541776 0.000709056854 0.986876726 0.399123549 0.252394021
    0.500066757 0.821052313 0.945747018 0.422450304 0.0657503605
    0.566280425 0.804613769 0.566067457 0.284135759 0.83789283
    0.452093899 0.434944957 0.0223443806 0.567931294 0.251975298
    0.84586674 0.710452795 0.329666883 0.457224816 0.851518989
    0.922363281 0.61920011 0.92471844 0.586321115 0.626667857
    0.889239788 0.555733144 0.250432998 0.749371469 0.552310646
    0.0616022348 0.538414478 0.412126988 0.477026373 0.863902092
    0.103296548 0.438452065 0.605565548 0.696984649 0.866550148
    0.056101948 0.344056308 0.131997943 0.181316942 0.961242914
    0.590090394 0.28498438 0.500287592 0.378465891 0.982515693
    0.406966805 0.181300938 0.655103147 0.37431854 0.894885898
    0.603936315 0.588640332 0.506373465 0.644531131 0.0296525955
    0.775499761 0.814577103 0.127857625 0.132025421 0.509895384
    0.747889161 0.933647752 0.827039182 0.643998265 0.635086 0.81689322
    0.728966892 0.514483333 0.947929859 0.946522236 0.866060615
    0.0812214017 0.132166117 0.997427464 0.938260317 0.925440073
    0.254032582 0.432709396 0.79302299 0.683618188 0.958429813
    0.411350667 0.86392796 0.134100199 0.226073802 0.691364408
    0.87416774 0.855549455 0.556856573 0.0129282475 0.31589368
    0.609338403 0.534512341 0.809930861 0.413487971 0.187388718
    0.829603553 0.204838246 0.611004233 0.976274669 0.326160401
    0.999048948 0.999490857 0.399228573 0.393830389 0.914213061
    0.501286864 0.540139377 0.794087827 0.252518892 0.16123265
    0.996934056 0.989040971 0.654564321 0.262945712 0.487176955
    0.958761156 0.631257117 0.99245441 0.840338945 0.96055913
    0.945242405 0.579690397 0.59385401 0.950172305 0.993567228
    0.177912712 0.180871546 0.263517946 0.0691260397 0.0914535522
    0.204689384 0.713783979 0.613996267 0.562202871 0.226947904
    0.142483324 0.588229418 0.525167525 0.707492948 0.117491037
    0.347800583 0.302861571 0.6913746 0.229849428 0.706443369
    0.453774542 0.81005621 0.444118768 0.134020299 0.873569846
    0.288175464 0.773976684 0.4092471 0.180311948 0.395047992
    0.686661899 0.791313231 0.775770068 0.681952953 0.624028444
    0.724567771 0.929772735 0.90737927 0.73621428 0.500395656
    0.147126228 0.495141953 0.66280663 0.0999448299 0.310658365
    0.984416604 0.106868416 0.286253512 0.676584065 0.436172247
    0.793022275 0.478129059 0.408325911 0.490446419 0.456801206
    0.096570611 0.466301978 0.473287851 0.697646558 0.753485322
    0.823478162 0.0117672682 0.663676858 0.847414315 0.985593975
    0.933663487 0.522115529 0.79690659 0.839955568 0.420056462
    0.439196348 0.695379972 0.623086572 0.841650486 0.330686152
    0.903919518 0.444491029 0.186279774 0.86777997 0.97284174
    0.308217406 0.243412614 0.855625033 0.66269803 0.223082572
    0.545743346 0.309605122 0.174393892 0.00235548615 0.251957893
    0.874301195 0.273881882 0.888711691 0.766741037 0.721530974
    0.179860204 0.251250446 0.3771725 0.141888261 0.0422702432
    0.354731619 0.694185555 0.664799392 0.743675411 0.467077613
    0.517999768 0.456452847 0.782749534 0.277087092 0.937349081
    0.659826279 0.332336307 0.490060776 0.893789172 0.876312375
    0.426956296 0.647958696 0.116165251 0.873372436 0.897713959
    0.412018776 0.38814193 0.225184321 0.595692277 0.322270334
    0.481898874 0.0723784268 0.145419955 0.259452581 0.741683185
    0.552915037 0.85601294 0.0717840791 0.484334052 0.158336252
    0.926977992 0.0846074224 0.619349122 0.8818174 0.922547817
    0.932063937 0.795340061 0.107728004 0.787843943 0.522065461
    0.726561189 0.158684045 0.572786093 0.71849972 0.912079334
    0.148400903 0.627071381 0.872001052 0.0701208413 0.873948932
    0.295288146 0.600762546 0.908033609 0.623818159 0.666026533
    0.970134676 0.913709641 0.576615274 0.883596003 0.321114331
    0.162608713 0.031442225 0.133808583 0.344611883 0.251700878
    0.868025422 0.700475991 0.882779479 0.500124872 0.0598373413
    0.448515534 0.0803688765 0.355233461 0.105361044 0.294958949
    0.820417523 0.753292918 0.0114860237 0.513178766 0.921614051
    0.108660609 0.000163704157 0.197165996 0.737386584 0.980712771
    0.380362988 0.94871366 0.854054749 0.709282339 0.878627539
    0.871546507 0.114212632 0.73386246 0.374439061 0.841816902
    0.768030882 0.420225859 0.396542132 0.877263188 0.498928636
    0.623485029 0.191839337 0.540643811 0.855712175 0.649232209
    0.038669765 0.354236424 0.0105908513 0.350559086 0.447881043
    0.514570117 0.0361049771 0.32638067 0.598030806 0.440172821
    0.59010148 0.985631406 0.635639131 0.288999408 0.735127866
    0.621991396 0.869735479 0.632717133 0.530854166 0.1100896
    0.704031587 0.0120351315 0.769090116 0.378798932 0.373200893
    0.605199456 0.421383858 0.918568254 0.619857609 0.279031575
    0.789877355 0.60913533 0.434973419 0.373715192 0.180356801
    0.37849772 0.772194028 0.130845279 0.10415107 0.485241026
    0.446063817 0.726198494 0.378482074 0.669263899 0.845532298
    0.0768525302 0.925862074 0.401973367 0.317807853 0.183483958
    0.918833196 0.569277465 0.161684692 0.988749743 0.168542981
    0.805999756 0.556956053 0.58296454 0.496570796 0.398482502
    0.694008589 0.292196542 0.680833459 0.576723158 0.70430088
    0.262902558 0.393214315 0.962379873 0.919530451 0.262390137
    0.305425584 0.226392061 0.368845344 0.365786791 0.297704428
    0.642577648 0.973555565 0.59261328 0.156851649 0.447222203
    0.940710485 0.448313922 0.228404075 0.721877873 0.473127156
    0.918637276 0.212216735 0.689159453 0.694741726 0.510166764
    0.667922914 0.115773797 0.593699336 0.602023661 0.415622801
    0.812904954 0.590956986 0.0690737367 0.589860916 0.503438532
    0.275020719 0.546115398 0.453923881 0.785228133 0.524794579
    0.631581366 0.360948712 0.217789561 0.315127581 0.583628118
    0.18193239 0.985044718 0.181940645 0.938802481 0.41399321
    0.164800584 0.998104811 0.990997314 0.00548350811 0.684231639
    0.512764692 0.919200301 0.281249583 0.016053766 0.954509377
    0.588320613 0.902599931 0.816563725 0.952910423 0.170993 0.570708573
    0.371831 0.846101403 0.766558409 0.9560256 0.0426410735 0.740310609
    0.768721342 0.0306277275 0.289216489 0.441199958 0.233398914
    0.794489503 0.350283504 0.859386206 0.406784773 0.542554915
    0.324338675 0.935698509 0.729435205 0.300833195 0.639158964
    0.830675006 0.466664702 0.379527241 0.323420823 0.148324847
    0.0530722737 0.737740338 0.00905629992 0.614448905 0.133702874
    0.117670208 0.120194107 0.629436374 0.894543707 0.98582077
    0.600786626 0.943171978 0.910568476 0.804377675 0.379588753
    0.330645919 0.0216736794 0.929851055 0.79334718 0.314410746
    0.201503009 0.310290813 0.741682947 0.487323552 0.314563304
    0.194079965 0.447223991 0.952054143 0.510585785 0.184675574
    0.708781481 0.995993316 0.844040453 0.300969124 0.293623447
    0.809168816 0.281195462 0.781885028 0.687283397 0.304140091
    0.271571398 0.302714258 0.482086718 0.562162161 0.776200652
    0.37199986 0.90191257 0.616661131 0.888122916 0.041965574
    0.444915831 0.698579133 0.269416213 0.963199615 0.780809343
    0.975895524 0.107565284 0.515513718 0.270440459 0.750547707
    0.139889568 0.287314951 0.905760884 0.117562652 0.491673201
    0.954294086 0.667445064 0.796258926 0.991182089 0.714916825
    0.92936039 0.607478082 0.830646038 0.64902693 0.112780929
    0.684068441 0.309686303 0.212047637 0.855339766 0.989926815
    0.241236091 0.884901047 0.427088886 0.333071172 0.169031531
    0.817699552 0.757880449 0.567020297 0.148978829 0.0412664413
    0.868995786 0.929890156 0.738368571 0.675562799 0.199126184
    0.434749246 0.766130805 0.96722579 0.32998687 0.0643312633
    0.464628488 0.105614781 0.697644472 0.64259553 0.036550492
    0.206135005 0.977873206 0.359623075 0.817811608 0.250993907
    0.302694887 0.656071961 0.63919723 0.141551405 0.89499259
    0.351516426 0.756419301 0.870568514 0.0807730258 0.0739376545
    0.343950659 0.965327442 0.129717439 0.382811219 0.191306949
    0.548286557 0.11643517 0.994574487 0.976853967 0.31752041
    0.209760815 0.431165934 0.0168217719 0.307510287 0.823209107
    0.161689848 0.13734585 0.228245646 0.86169982 0.925793707
    0.0410293341 0.0454109311 0.542328775 0.0162442029 0.214033097
    0.232976913 0.0465167165 0.509111106 0.951370239 0.522937715
    0.305927515 0.258309454 0.660396338 0.823647141 0.545126498
    0.488085836 0.501609087 0.346920669 0.435981572 0.474568009
    0.906065226 0.234320343 0.427362442 0.268884361 0.867509007
    0.742260873 0.989119768 0.138384074 0.754021585 0.227298111
    0.464582652 0.856763184 0.379191875 0.308765888 0.15892157
    0.539654374 0.490504593 0.579042554 0.146489263 0.875382662
    0.747063875 0.522407293 0.945762753 0.385439456 0.938587248
    0.599977255 0.366037548 0.530376077 0.720536053 0.0476854742
    0.385479152 0.124027669 0.611215949 0.966124177 0.638611555
    0.956334591 0.769915879 0.615039229 0.11681664 0.821937501
    0.937819839 0.591170967 0.786535084 0.680666745 0.811836362
    0.0237288475 0.633338451 0.986896634 0.707979023 0.661937714
    0.571061552 0.0709985197 0.020827055 0.485147566 0.12067613
    0.398765355 0.431048036 0.589561462 0.883762062 0.162439823
    0.382723957 0.728700161 0.754403412 0.988101602 0.138167769
    0.650857449 0.725565732 0.12254867 0.812811255 0.917665839
    0.688209832 0.446994245 0.370321214 0.0114682317 0.503599346
    0.967660785 0.941695571 0.847054958 0.265827 0.0809352398
    0.830953002 0.9366045 0.697733641 0.0734225512 0.622631609
    0.600260377 0.364268124 0.0374410152 0.0958685279 0.855191112
    0.441328704 0.608961165 0.414907515 0.13407585 0.462325543
    0.855849385 0.438118726 0.0587976277 0.565040588 0.522391319
    0.0181123018 0.112737924 0.971034646 0.362243533 0.574474633
    0.654098988 0.807627141 0.203166813 0.615961313 0.773794532
    0.924531102 0.512489617 0.698234141 0.195396006 0.23775354
    0.0528034866 0.493463933 0.206308901 0.779491663 0.772717118
    0.493532956 0.631640136 0.77062273 0.857447267 0.7389853
    0.0288082957 0.906809211 0.168991774 0.220883012 0.94518739
    0.0498170257 0.41850543 0.405039698 0.528185487 0.571332395
    0.69620502 0.949752331 0.713160872 0.963693082 0.613816619
    0.373097658 0.0741506517 0.926958561 0.338307321 0.528044224
    0.260227621 0.539066672 0.0200762153 0.00869303942 0.646453381
    0.568278909 0.921633482 0.914933085 0.476777673 0.0663430393
    0.860640407 0.323317915 0.39877525 0.851108789 0.48224172
    0.688504219 0.399257898 0.70259285 0.0916371942 0.326480299
    0.825074553 0.961910903 0.426037014 0.618079662 0.753288865
    0.70158577 0.290440321 0.675410271 0.686073005 0.786017358
    0.924544871 0.388646603 0.314569384 0.474561155 0.677152157
    0.781968772 0.0793614686 0.936002791 0.241348028 0.683322489
    0.142733186 0.324580401 0.981802106 0.239369929 0.249743223
    0.460080266 0.964823008 0.515232384 0.464859784 0.768276691
    0.902348042 0.245750546 0.521242797 0.090919435 0.28030771 0.1668396
    0.399402529 0.373569667 0.465588599 0.979033113 0.611520588
    0.853316963 0.649828255 0.755569279 0.368919969 0.638762176
    0.744525433 0.0537301004 0.766500831 0.516059756 0.670755029
    0.675775766 0.765538692 0.401035488 0.553106666 0.397957385
    0.957407713 0.931835532 0.975963295 0.965232611 0.680622935
    0.631410897 0.511265457 0.949110091 0.952369213 0.742936969
    0.502459586 0.849009633 0.371857911 0.48365435 0.49107942
    0.245335281 0.846649766 0.123721689 0.857195973 0.0617298782
    0.383597821 0.465288788 0.566728473 0.104805142 0.758758307
    0.265873909 0.556925058 0.939215779 0.126702815 0.755924165
    0.433379799 0.639864087 0.672383368 0.996106029 0.244386494
    0.534568787 0.451405525 0.882827282 0.0793743432 0.395348519
    0.0735859573 0.108803332 0.643948674 0.625101388 0.490263879
    0.374799788 0.351777136 0.942322791 0.251790673 0.49546811
    0.629729271 0.805556893 0.295938611 0.255764484 0.567282081
    0.721124113 0.256230175 0.0333355367 0.302157581 0.229676306
    0.827278018 0.232236564 0.474352539 0.434840739 0.470039129
    0.415370524 0.695562363 0.240895927 0.487626076 0.0950410664
    0.0369317234 0.447374016 0.0805945694 0.426474005 0.0792614818
    0.809983552 0.735017955 0.332329363 0.44445172 0.88294971
    0.411637127 0.203492254 0.337442815 0.683852851 0.122746766
    0.203609735 0.418464243 0.338680148 0.106839865 0.452972829
    0.119505286 0.295814097 0.373329103 0.973599434 0.0809096694
    0.292758107 0.411297053 0.042837888 0.104500711 0.636647224
    0.84289813 0.937107086 0.327352345 0.441378295 0.618578315
    0.501854122 0.437375128 0.75004971 0.320682168 0.0175652504
    0.760815501 0.565503955 0.325751603 0.00971642137 0.348420441
    0.559872568 0.545759559 0.228344977 0.830856085 0.689194024
    0.511183202 0.676354885 0.582912743 0.382404864 0.0394989848
    0.230020553 0.977113366 0.88372606 0.467377245 0.818883896
    0.681984842 0.0443130434 0.768261433 0.840462804 0.295890003
    0.942468643 0.939541221 0.507856488 0.64330101 0.202729195
    0.963573277 0.796921611 0.663828373 0.928431869 0.731167376
    0.489469916 0.922591269 0.23865059 0.940172911 0.913168371
    0.806604207 0.605055332 0.373781025 0.733457088 0.514693797
    0.036111325 0.152674943 0.0870954096 0.271857053 0.313080043
    0.910260677 0.52636379 0.936635613 0.162293285 0.877548099
    0.914360166 0.90666312 0.629807949 0.0718021989 0.0227492452
    0.285833359 0.528430223 0.273808807 0.0508595705 0.867515802
    0.177088916 0.00258392096 0.504767716 0.114576817 0.15502125
    0.706715167 0.79430449 0.151267439 0.454030395 0.631485105
    0.561721087 0.27892825 0.933583856 0.78967768 0.130622745
    0.659016967 0.322204411 0.145787388 0.984326005 0.320906937
    0.626624584 0.750862181 0.274383694 0.900311112 0.877780676
    0.0840955377 0.07962659 0.968878269 0.324251592 0.59558475
    0.0128593743 0.457890213 0.924607456 0.632379293 0.916853905
    0.453356862 0.315303028 0.273886204 0.114969164 0.790821254
    0.0357571542 0.544740021 0.706360996 0.418987811 0.877742231
    0.12813133 0.134048939 0.754652858 0.30513078 0.960740089
    0.129311144 0.368467093 0.273358405 0.808915973 0.0384018421
    0.98033917 0.684334755 0.752789199 0.459467888 0.406463325
    0.821164727 0.474550754 0.962675452 0.384234995 0.812080383
    0.43300882 0.934788823 0.586996436 0.520182192 0.268521905
    0.392849863 0.744333267 0.927858829 0.571341515 0.0891339481
    0.713132918 0.819375038 0.824497342 0.869639039 0.144357562
    0.903349757 0.83189249 0.0939213932 0.655238092 0.895507812
    0.655103922 0.439179182 0.977808475 0.838698626 0.7971223
    0.776417911 0.241745383 0.00337696075 0.19380331 0.281354964
    0.621958613 0.915865421 0.465320885 0.113320351 0.392102718
    0.652265549 0.456771821 0.487069011 0.127800286 0.314294159
    0.844449282 0.0841756165 0.767145753 0.20335111 0.291056663
    0.28020668 0.304433644 0.419457555 0.106990516 0.683963299
    0.709272027 0.78517586 0.199563473 0.154774934 0.229162633
    0.459363103 0.488699734 0.900340438 0.997430563 0.735652387
    0.838995159 0.945435405 0.664269209 0.843970656 0.0904338062
    0.988870502 0.138784021 0.790762067 0.191126406 0.129469961
    0.698702455 0.106783926 0.757274747 0.323626339 0.166375935
    0.382275283 0.190965652 0.0652263761 0.977655411 0.810217261
    0.159779131 0.562166572 0.905548573 0.084094286 0.27157855
    0.345682621 0.906669021 0.957975864 0.477887452 0.538828194
    0.774318933 0.00768440962 0.378338844 0.70522958 0.128641784
    0.820419848 0.49220401 0.712175727 0.592315793 0.835791588
    0.899447322 0.67210114 0.719185948 0.0787065029 0.613040805
    0.808466911 0.972548246 0.588937342 0.83278656 0.104449391
    0.792842627 0.475396901 0.117675215 0.917914927 0.874405742
    0.883000493 0.124451965 0.700573206 0.249689162 0.721953392
    0.66416955 0.415766269 0.949170828 0.0184763968 0.232840896
    0.882914841 0.601127267 0.0558422804 0.850545764 0.427936465
    0.273325801 0.121836543 0.901285768 0.50302285 0.0848121643
    0.731959105 0.335617721 0.866698682 0.43509382 0.0277728438
    0.853919089 0.932880819 0.181794494 0.338217825 0.38864702
    0.0256586671 0.715638757 0.713216424 0.0812062919 0.429406792
    0.870548487 0.867883503 0.603080392 0.440334052 0.669259548
    0.195077896 0.255423814 0.646685123 0.00911825895 0.608017683
    0.65811187 0.119049966 0.344568044 0.670362532 0.69766438
    0.587471902 0.00708755851 0.289346039 0.434349179 0.775668204
    0.69639039 0.165055305 0.654703259 0.993146658 0.301550567
    0.640291154 0.331300914 0.901290894 0.0870125592 0.858518243
    0.319328725 0.785729527 0.732443213 0.214926332 0.295251489
    0.595130086 0.768863082 0.545710504 0.197877645 0.121279359
    0.792271793 0.604251027 0.600424826 0.519496441 0.128826857
    0.756559074 0.953821898 0.00609463453 0.735576391 0.239242136
    0.17420575 0.368379742 0.725696325 0.627658188 0.921677291
    0.325557828 0.0575802624 0.312161684 0.00417307019 0.972523093
    0.320371926 0.476396233 0.792395413 0.420748204 0.18515864
    0.245264351 0.0494938195 0.799688876 0.699926555 0.121389121
    0.790088356 0.371523231 0.0337839723 0.875578046 0.67585218
    0.333160132 0.777641177 0.57025063 0.820461392 0.836215258
    0.709117651 0.636622727 0.331121624 0.859065175 0.605490804
    0.911728621 0.643329501 0.163527817 0.503326476 0.121331632
    0.571804643 0.98363471 0.586330831 0.684022903 0.419008374
    0.00925228 0.308698833 0.667221308 0.330063879 0.496663421
    0.569299877 0.155930281 0.67383486 0.29381156 0.00435703993
    0.610747933 0.203644753 0.177908242 0.449485689 0.183678567
    0.901364923 0.49884358 0.951176643 0.134626567 0.244582921
    0.0756874382 0.891358733 0.403593093 0.463444531 0.922045708
    0.731072783 0.501241684 0.829394698 0.414857268 0.826155782
    0.0249890387 0.0295655131 0.212551892 0.048502624 0.552957296
    0.0116290748 0.570828617 0.286703408 0.685385346 0.518709719
    0.470949441 0.801283121 0.464202911 0.406651586 0.402852952
    0.237617195 0.342142642 0.672689974 0.869867682 0.626097322
    0.333729506 0.279328048 0.645941675 0.321777105 0.752281189
    0.0439758599 0.317500055 0.0199142992 0.0241993368 0.0929360688
    0.957906425 0.987416506 0.146704912 0.0146412849 0.446947962
    0.0279348493 0.615453422 0.432180822 0.047544837 0.276282609
    0.510156155 0.883620501 0.994029522 0.476928294 0.175240129
    0.686864853 0.311013669 0.495815724 0.900350451 0.112098008
    0.29737711 0.248604804 0.747337461 0.027728349 0.866693616
    0.483782351 0.733545601 0.827542782 0.824369311 0.448722452
    0.382388711 0.0197382569 0.118298322 0.879141212 0.979699969
    0.393265277 0.754060805 0.035802871 0.693979144 0.0785562992
    0.745881557 0.625670552 0.965592742 0.370143592 0.924775898
    0.338821977 0.257692844 0.309100211 0.403115183 0.935978293
    0.185336292 0.186403215 0.193042904 0.334987044 0.707164884
    0.237134963 0.845505834 0.596066594 0.24638775 0.851450861
    0.914742827 0.903590083 0.70618546 0.326079667 0.508961737
    0.842881918 0.313991308 0.305629253 0.402497709 0.535854757
    0.680538058 0.408909619 0.695474744 0.102580816 0.610064507
    0.626416862 0.946259499 0.95951128 0.850490093 0.827218413
    0.805992961 0.906817555 0.221939355 0.659321487 0.336350739
    0.417507678 0.809384704 0.923019826 0.312441081 0.913639188
    0.999894619 0.622061014 0.968362629 0.121189594 0.465984195
    0.663161516 0.00881063938 0.250907898 0.710754752 0.212335527
    0.629823446 0.409727156 0.763725519 0.940075099 0.0433631837
    0.427389741 0.27413702 0.479805589 0.20252794 0.101974934
    0.681138575 0.701722741 0.337150514 0.883294284 0.378116161
    0.35075599 0.6750983 0.148237556 0.291434556 0.678186238 0.791477382
    0.763811946 0.27356106 0.504083335 0.377794355 0.164484113
    0.698778391 0.621083081 0.280915141 0.687376559 0.190967947
    0.560100973 0.607646167 0.871322989 0.363097012 0.632468581
    0.498569936 0.238851517 0.0229684412 0.923570752 0.863720953
    0.852846622 0.407664627 0.165248603 0.477421701 0.409528226
    0.144183844 0.450440645 0.822833598 0.209311783 0.0736889243
    0.0596556664 0.851867318 0.993829966 0.0360760689 0.704054296
    0.610197961 0.564241171 0.417542905 0.607839167 0.414057732
    0.300862521 0.397905529 0.870519042 0.157757223 0.638193011
    0.978906453 0.526160955 0.0367701054 0.543134689 0.694251418
    0.480599701 0.905126214 0.927110016 0.31034115 0.60827601
    0.707410574 0.644626021 0.47427696 0.447017848 0.518597007
    0.228117615 0.890077889 0.256153226 0.354793549 0.799090028
    0.250323802 0.586376071 0.598253131 0.529360235 0.016952455
    0.215385914 0.636384726 0.10314247 0.158987015 0.331641853
    0.915997386 0.439752877 0.54839617 0.0965665579 0.535620868
    0.149384558 0.668466449 0.281927198 0.731204093 0.720980883
    0.876031995 0.530295074 0.629089057 0.0721252263 0.977064013
    0.0488144457 0.580468416 0.803711951 0.711031914 0.382701248
    0.317531347 0.583919525 0.390496552 0.56715107 0.0380161107
    0.763365507 0.471587449 0.85766542 0.593669116 0.9640885 0.685329795
    0.165490896 0.837574601 0.250992954 0.69195503 0.598306537
    0.0961223245 0.458755672 0.592851162 0.12227428 0.530490339
    0.933566451 0.586232483 0.0563260615 0.0372852683 0.0181226134
    0.93289113 0.387328565 0.365153342 0.469890893 0.495012671
    0.132605046 0.580629885 0.251806498 0.733768523 0.645833075
    0.596592546 0.46340555 0.237453908 0.876412868 0.677096546
    0.128606379 0.805301547 0.107277155 0.275597662 0.125430346
    0.362047881 0.325622529 0.379601479 0.82223314 0.978832603
    0.648861766 0.20435214 0.1230492 0.812347174 0.156065255 0.670865595
    0.575333059 0.715831995 0.373886108 0.248638928 0.697839499
    0.791320324 0.707177699 0.944331884 0.164784789 0.290743589
    0.153968871 0.465756834 0.934595227 0.788159847 0.687439919
    0.310890019 0.929383755 0.85020268 0.176627994 0.920809746
    0.330346465 0.0643475056 0.512035728 0.654442072 0.539308667
    0.131421596 0.578395247 0.201356262 0.598793089 0.482601374
    0.127465963 0.343628287 0.48037827 0.89436841 0.662682533
    0.970870674 0.125945151 0.570743918 0.518614531 0.20385468
    0.941944003 0.364136934 0.328345716 0.561641574 0.253313482
    0.728014469 0.516495287 0.432019114 0.897817969 0.145545185
    0.643326402 0.668223023 0.174828827 0.427047253 0.905080438
    0.808084965 0.0580306649 0.381040782 0.662227213 0.477000415
    0.820223927 0.650329471 0.954102218 0.357619405 0.910538077
    0.62090683 0.771283388 0.546753228 0.224794 0.733674228 0.544520736
    0.751307607 0.422875881 0.44087553 0.709077597 0.0168029666
    0.125196338 0.0126574039 0.598642349 0.498998076 0.117250741
    0.0459939837 0.899332762 0.794825077 0.162756622 0.10356015
    0.122609347 0.118747652 0.699680686 0.240661591 0.970793962
    0.501351178 0.307191253 0.534577966 0.916018307 0.00346767902
    0.549666286 0.736303329 0.617085814 0.850343585 0.670843959
    0.156004459 0.432159603 0.60739094 0.925414443 0.675027013
    0.504713833 0.417627335 0.676893175 0.735106289 0.485604256
    0.296354294 0.406752944 0.50431174 0.998075902 0.901379228
    0.653204978 0.420879245 0.136488438 0.62024653 0.358358234
    0.198777497 0.881696463 0.426396012 0.68397665 0.0888411701
    0.0699523389 0.439429611 0.387528032 0.801485896 0.404295385
    0.357180238 0.356433123 0.223107338 0.522292733 0.0267885327
    0.566107094 0.973852515 0.753957033 0.577792168 0.414189428
    0.597160518 0.789633989 0.51925534 0.113611609 0.881546319
    0.930395186 0.132044256 0.653766036 0.468565494 0.724690676
    0.58272022 0.692847669 0.325174451 0.358997732 0.769818723
    0.590442717 0.357197821 0.429662287 0.0116771162 0.719377756
    0.95985359 0.746263027 0.455558836 0.664408922 0.907051325
    0.221603006 0.878965974 0.364873737 0.703621268 0.10924232
    0.592267573 0.783278108 0.101717234 0.63271451 0.472190827
    0.598769069 0.323826462 0.438528121 0.278829336 0.792548954
    0.122126073 0.78385067 0.418341339 0.611786902 0.424893081
    0.424408883 0.674821615 0.0776659846 0.918146074 0.985097826
    0.606739879 0.449939281 0.904267132 0.924738407 0.204763263
    0.338009655 0.197001845 0.736965775 0.581321895 0.835686207
    0.613073468 0.686290026 0.737103522 0.999660373 0.0888057053
    0.627830148 0.858383894 0.647987604 0.439236403 0.335893124
    0.821947694 0.247113258 0.826623559 0.612525225 0.507847488
    0.484931827 0.0529946387 0.739714384 0.0158997476 0.497677505
    0.58757782 0.0797268152 0.806199968 0.17524302 0.804362237
    0.748824298 0.529450059 0.697992086 0.0508009493 0.700139403
    0.744595587 0.0880484581 0.440934479 0.447398037 0.923385799
    0.315806329 0.992543817 0.271661699 0.634881675 0.820093274
    0.478638589 0.570155025 0.800113797 0.19759205 0.788422108
    0.555069745 0.428522587 0.0228797197 0.486272573 0.237769067
    0.169743717 0.748696983 0.880431414 0.878701985 0.145369262
    0.606084287 0.501830161 0.0414805114 0.0927249491 0.502296567
    0.568670452 0.877577066 0.94927609 0.218525916 0.616361797 0.4774068
    0.247231185 0.135343909 0.00253018737 0.458385915 0.0297759473
    0.01280123 0.823477387 0.835057616 0.723714709 0.95922935
    0.340727866 0.00632196665 0.413537592 0.930922508 0.995077968
    0.0725102723 0.981182337 0.701990783 0.715968132 0.302335262
    0.396385193 0.757165551 0.167178124 0.375151753 0.662611485
    0.565187931 0.48621732 0.386600643 0.966844082 0.419542134
    0.281149417 0.734208941 0.318898559 0.458549321 0.538587034
    0.705614448 0.736193061 0.123083144 0.0672333539 0.112163991
    0.679035068 0.119345337 0.703042507 0.383997589 0.25754559
    0.310392499 0.785473704 0.275807977 0.0635360181 0.532853186
    0.127176404 0.285170317 0.819813013 0.627753615 0.306027859
    0.808567643 0.521569431 0.877304435 0.11288467 0.921774387
    0.72195673 0.366148353 0.368249387 0.551179349 0.149763793
    0.920072675 0.179689735 0.989412904 0.345691204 0.167032152
    0.442165405 0.666071296 0.0191932321 0.416046441 0.797193408
    0.0897288918 0.0680043697 0.156224191 0.340455502 0.282601535
    0.265280485 0.154127508 0.898595452 0.153394192 0.924001813
    0.239342779 0.924438715 0.992541969 0.432378292 0.971397161
    0.754351139 0.590704739 0.39100647 0.46815151 0.698645115
    0.932396889 0.849637032 0.316904783 0.72745049 0.529994965
    0.281198382 0.854452491 0.968530476 0.601460516 0.165120333
    0.00182628632 0.731526911 0.234928787 0.110428721 0.983825922
    0.783426225 0.905564964 0.173364937 0.144786477 0.266710281
    0.203017235 0.0598730445 0.0531564355 0.723753393 0.956527114
    0.862789392 0.554652631 0.7294662 0.26528886 0.434519768 0.429371178
    0.875519037 0.566482067 0.78388679 0.230961174 0.426810861
    0.535593748 0.25893566 0.311730474 0.444389939 0.552870035
    0.934143662 0.803428352 0.0390805602 0.0873704255 0.0356434286
    0.372418463 0.385336161 0.16073221 0.959884703 0.0317037106
    0.271058559 0.643395662 0.868296146 0.826535821 0.127384812
    0.167306155 0.196618587 0.0179251134 0.0413524806 0.644871891
    0.957947731 0.835659742 0.254336357 0.35520637 0.948914886
    0.655180812 0.77690506 0.930236816 0.208081454 0.390676767
    0.77374053 0.619567454 0.495454282 0.176619589 0.848204136
    0.678774536 0.495230407 0.109317482 0.0446766317 0.996905982
    0.10199371 0.508258343 0.491969228 0.154739082 0.395961791
    0.662649095 0.733920872 0.225355625 0.699086785 0.29833886
    0.32229805 0.662302315 0.371343315 0.455047369 0.93373543
    0.319067925 0.584270597 0.696392417 0.127480984 0.430585653
    0.652098477 0.393464506 0.722200871 0.648766577 0.711389899
    0.468338162 0.38494578 0.0205988586 0.712843478 0.173891485
    0.119143307 0.503257036 0.559943557 0.197074383 0.740996718
    0.552149713 0.24418819 0.261768639 0.356073558 0.363446116
    0.0825639963 0.433831066 0.815405726 0.451677978 0.776431084
    0.229776323 0.584622085 0.553925693 0.12646845 0.498750299
    0.939568698 0.165570229 0.55480814 0.361552358 0.309729815
    0.954419374 0.317372501 0.907028198 0.72416836 0.309491277
    0.511443079 0.196910322 0.284430265 0.6235075 0.270343244
    0.800927401 0.686368227 0.597291052 0.550708652 0.368562371
    0.995344222 0.942625165 0.584189296 0.170209497 0.690138996
    0.278545201 0.0374451876 0.223290175 0.589784384 0.334531993
    0.358101428 0.358648628 0.609744549 0.336927712 0.851058185
    0.326114178 0.738841891 0.99066776 0.953518689 0.513901353
    0.0992213488 0.708235919 0.314997792 0.869793653 0.422761858
    0.767009854 0.876572609 0.740306973 0.803267717 0.191000819
    0.316134155 0.985848904 0.303113282 0.340217263 0.324033499
    0.24432379 0.798103809 0.48474443 0.865115404 0.78477037 0.377291739
    0.961368084 0.0197654963 0.62323457 0.986287355 0.711835444
    0.0976696908 0.27330482 0.252950251 0.572692752 0.0908170342
    0.761167526 0.7472018 0.677045286 0.607459784 0.326313466
    0.278976321 0.700870335 0.525922298 0.207458675 0.108760923
    0.360571563 0.353103876 0.45831567 0.263117075 0.342177927
    0.64094764 0.310098529 0.879391611 0.472614586 0.0650196373
    0.677215934 0.174068302 0.0583008826 0.94955945 0.420944601
    0.0438450575 0.261702001 0.825305581 0.429571569 0.612854242
    0.692924261 0.620297134 0.0836093128 0.72055161 0.211064935
    0.749091268 0.979434252 0.80961144 0.236089766 0.553158343
    0.033311367 0.610907137 0.00654253364 0.241208106 0.680096924
    0.723969281 0.148742855 0.864835978 0.528770268 0.539401591
    0.0277011991 0.546546161 0.0824825764 0.380999058 0.484929174
    0.912234366 0.668539762 0.785092413 0.422263682 0.807554483
    0.483012587 0.769214451 0.279575527 0.48611629 0.29675293
    0.542012751 0.822505593 0.576568067 0.784872532 0.525348485
    0.323362678 0.965068817 0.294223696 0.291412354 0.768598378
    0.000928997993 0.537790775 0.569010437 0.976174831 0.605014265
    0.604616284 0.563713014 0.629458785 0.571505904 0.995759249
    0.669715643 0.585241973 0.797641873 0.146724731 0.462092787
    0.363063037 0.219927937 0.152017266 0.980169356 0.0341823995
    0.248078227 0.603415966 0.221990377 0.222774744 0.393484414
    0.853855193 0.85566175 0.261835098 0.877821088 0.165435046
    0.504243791 0.672761977 0.439358264 0.2255449 0.532268226
    0.898804069 0.53247726 0.479000211 0.99643892 0.350547671 0.13760215
    0.414231092 0.51871717 0.976262689 0.920308292 0.338964224
    0.949964881 0.902756333 0.731941521 0.0234260261 0.144590557
    0.152939796 0.606653452 0.798812747 0.939749837 0.173639625
    0.448455155 0.0930134058 0.0916679204 0.829294741 0.479994684
    0.692256033 0.467047155 0.880766392 0.086261183 0.104449272
    0.81530869 0.000435262918 0.364316911 0.999313951 0.948069215
    0.350035787 0.478218883 0.786995351 0.121774197 0.496121585
    0.211544961 0.224376321 0.497845531 0.0304030478 0.650676489
    0.682411075 0.262717932 0.111441165 0.374486864 0.697631657
    0.756434739 0.517585397 0.816624403 0.882337451 0.950367808
    0.176676929 0.695962965 0.98071146 0.289232135 0.0869388282
    0.127729565 0.902061939 0.519114554 0.13877821 0.951485157
    0.30059278 0.565148354 0.0908610523 0.731918097 0.292762488
    0.483818531 0.714135826 0.708099604 0.998119831 0.557579994
    0.877077997 0.617669404 0.620857537 0.292014003 0.139327615
    0.484279394 0.470904887 0.531769216 0.03587538 0.389036059
    0.150910586 0.530974567 0.441511661 0.591887176 0.166475594
    0.0618750155 0.599600673 0.119419068 0.702045083 0.506987751
    0.846499324 0.820867062 0.547096133 0.289336801 0.276407093
    0.474589288 0.51035738 0.384631842 0.562595308 0.145445943
    0.995420992 0.339301646 0.534823179 0.774348259 0.972183228
    0.922882497 0.564508438 0.376438737 0.728015244 0.216814399
    0.518717647 0.551680982 0.352385908 0.422181427 0.453507185
    0.507982671 0.808611989 0.728198528 0.177260011 0.585254729
    0.611725569 0.709057689 0.931319773 0.448952824 0.417393386
    0.440217853 0.935395956 0.846247315 0.69695133 0.354988784
    0.770078063 0.342393339 0.130321622 0.233472347 0.755658925
    0.393324375 0.308337837 0.268771082 0.573194742 0.588601232
    0.655364394 0.533987522 0.690832496 0.45585838 0.312140107
    0.211634338 0.39017868 0.0296796262 0.665620208 0.440651149
    0.200972855 0.141287386 0.491861731 0.395406306 0.769526958
    0.748849869 0.807712913 0.142349303 0.381357998 0.43772465
    0.558441341 0.567206621 0.577030718 0.625409722 0.499177545
    0.104384124 0.765857339 0.480527222 0.70456022 0.927461386
    0.230981261 0.887780011 0.955000281 0.404654086 0.501215935
    0.972810268 0.189720303 0.758427501 0.743639946 0.749726415
    0.822986841 0.697558224 0.74969393 0.981001019 0.905437112
    0.0732787848 0.662100315 0.296791375 0.932010293 0.889821768
    0.648415446 0.655034721 0.456322968 0.870941639 0.828471065
    0.342383564 0.883227587 0.862330794 0.775024533 0.434022367
    0.812977552 0.708459139 0.2554515 0.945046961 0.667476296 0.77789557
    0.552642822 0.566444218 0.880912483 0.156607836 0.806492805
    0.305696368 0.655665278 0.56653446 0.851394773 0.65354836
    0.0365981162 0.416517675 0.0741022825 0.188379735 0.457214952
    0.340208769 0.370121986 0.864357948 0.13999179 0.342355818
    0.409059703 0.92768681 0.479931056 0.4377487 0.683764338 0.527976036
    0.149438232 0.5075261 0.195492357 0.850003123 0.152426869
    0.891564846 0.942918777 0.458828956 0.995724142 0.841589093
    0.0835509896 0.470650434 0.330890656 0.804916024 0.394159973
    0.135779768 0.997251272 0.326315939 0.355861247 0.668461025
    0.190358162 0.96357429 0.603872418 0.164162844 0.054697454
    0.101520091 0.154468536 0.441890895 0.611376584 0.299203753
    0.865507483 0.772271395 0.476206511 0.132282138 0.00907158852
    0.0837576091 0.41192168 0.251012415 0.427044928 0.172284991
    0.451513588 0.896231294 0.437061012 0.254980206 0.355260432
    0.317267507 0.837422729 0.56462425 0.513818681 0.565225184
    0.216165423 0.830994248 0.316188633 0.372978121 0.667350113
    0.617474616 0.790877283 0.120299578 0.388961732 0.499668181
    0.762162447 0.893221855 0.0727125406 0.222715288 0.988892555
    0.0389893651 0.856914878 0.905139089 0.988017201 0.580183506
    0.979702353 0.189924061 0.111839265 0.694072902 0.817934275
    0.486124992 0.577460945 0.487551957 0.704331756 0.259450018
    0.607041121 0.200995028 0.56309998 0.16473791 0.967103183
    0.389768481 0.714610815 0.263394177 0.951133072 0.0308794677
    0.619355202 0.145320803 0.929954767 0.291649133 0.451383412
    0.847054839 0.749394834 0.00964730978 0.0556204319 0.0843019485
    0.375635803 0.0201173723 0.610796571 0.566740334 0.187519729
    0.0335695148 0.694015086 0.685680985 0.183061689 0.75478971
    0.00908255577 0.305957675 0.0784109533 0.856109977 0.411709785
    0.582624316 0.57233423 0.218717992 0.975473642 0.686109185
    0.918966591 0.621223032 0.231618166 0.0991327465 0.337432563
    0.116398424 0.566271067 0.131162345 0.00879868865 0.756444871
    0.0945383012 0.960364223 0.435995311 0.778985977 0.436713994
    0.403475642 0.844436765 0.415208101 0.759048522 0.94280982
    0.133074343 0.410768628 0.562462032 0.555701852 0.334619999
    0.703139663 0.0697202981 0.0490944088 0.518095255 0.32461375
    0.578615665 0.332019508 0.452147663 0.313017517 0.803059578
    0.8419559 0.140871674 0.707404971 0.283241808 0.454897702
    0.142514616 0.710367262 0.639986992 0.324733317 0.605025649
    0.326684237 0.656057596 0.713779032 0.104803771 0.417085469
    0.431473821 0.494533718 0.314231753 0.959680915 0.558610022
    0.640657783 0.386743188 0.416633844 0.724513531 0.532609701
    0.910178065 0.318503559 0.749075353 0.032323271 0.157843918
    0.544179976 0.180413753 0.82885325 0.709486127 0.68811363
    0.490907878 0.0781048834 0.25151521 0.685516417 0.663744152
    0.165227115 0.131045401 0.152066588 0.303231031 0.525216579
    0.541119516 0.522869229 0.289530814 0.268312097 0.0552798808
    0.280765951 0.293964416 0.394815326 0.150423884 0.0197198987
    0.692261875 0.833091199 0.317947239 0.229412109 0.544220865
    0.0738673508 0.680737376 0.0737183392 0.954121768 0.558656693
    0.874684632 0.229672253 0.361629367 0.566277683 0.489724725
    0.215363115 0.993599892 0.335909486 0.539734125 0.0793765485
    0.58675468 0.614239633 0.988809347 0.458628774 0.730155647
    0.27871424 0.0120567977 0.420287699 0.311351091 0.202237666
    0.981305361 0.305059791 0.646407723 0.888106704 0.508945346
    0.147112995 0.96176064 0.438026428 0.110608518 0.111436427
    0.0571964085 0.194763839 0.213025689 0.754352808 0.183917731
    0.923906088 0.0729473531 0.359123766 0.329528749 0.170894802
    0.613063812 0.595847249 0.712910295 0.23364988 0.207008868
    0.336363435 0.50476712 0.598805368 0.69259876 0.129118592
    0.310115278 0.779028773 0.787508965 0.539607763 0.92721498
    0.926335812 0.221138269 0.321745306 0.757232249 0.2589432
    0.484624028 0.695725739 0.0834450722 0.397748411 0.94404763
    0.85427767 0.505068719 0.317946553 0.487825066 0.798270106
    0.260171831 0.73802954 0.319306314 0.99137789 0.180479586
    0.105587393 0.406023979 0.140200615 0.0804081261 0.680166304
    0.595851302 0.92128551 0.177608758 0.176708579 0.243813336
    0.679781914 0.256048441 0.104933441 0.910365224 0.0206465721
    0.398508787 0.426286757 0.990121245 0.662653923 0.821667314
    0.344357669 0.00534763932 0.972760856 0.779465556 0.760152102
    0.0996683538 0.648493767 0.393148869 0.192160606 0.362960219
    0.749422908 0.46431157 0.0430431068 0.0541523993 0.0949014723
    0.0581969917 0.995841742 0.521442294 0.490884095 0.881172597
    0.570174813 0.906107247 0.585705101 0.373039544 0.965159178
    0.227668047 0.915409207 0.462988913 0.180243134 0.556946099
    0.626796067 0.675023139 0.396032155 0.463504374 0.510767579
    0.814550996 0.48273614 0.0806702971 0.799276769 0.971787453
    0.243089288 0.0651368797 0.948519468 0.792164922 0.206469864
    0.603223562 0.609983325 0.808026671 0.733340621 0.236816555
    0.920893788 0.270120144 0.849677801 0.975914836 0.950125813
    0.805554211 0.89170742 0.175114781 0.0723437071 0.284254789
    0.795287251 0.767757714 0.390901357 0.777841091 0.153865367
    0.701538265 0.0974693596 0.883334935 0.710787892 0.09562096
    0.0203545988 0.502863109 0.555729032 0.819293499 0.0640549064
    0.431495905 0.313792974 0.516651511 0.425581157 0.141464889
    0.44265452 0.729892969 0.127367795 0.323142171 0.777882934
    0.785045385 0.712399781 0.257292151 0.479422897 0.106065035
    0.210753709 0.493858308 0.85038197 0.942370296 0.867813945
    0.41557166 0.80795002 0.462615371 0.396280736 0.562933028
    0.815938711 0.937697768 0.612849951 0.903195739 0.804068863
    0.440261126 0.0412844419 0.41468519 0.227710068 0.609995604
    0.118064851 0.248425096 0.195896238 0.674830556 0.389158934
    0.0264573693 0.836664796 0.583117843 0.606446445 0.252297908
    0.378205687 0.186617404 0.270316601 0.514815271 0.962986887
    0.524625421 0.948981285 0.864716887 0.320179045 0.485577762
    0.831581235 0.964873374 0.346613288 0.0792582631 0.633750379
    0.182774812 0.921164036 0.920532763 0.341877609 0.237643898
    0.36278826 0.0305779874 0.24028483 0.484843254 0.549726903
    0.380077779 0.253820151 0.0454186797 0.602874935 0.421002507
    0.589662254 0.516792119 0.155269414 0.151440859 0.665623128
    0.29702431 0.336043209 0.153347015 0.520285606 0.109510124
    0.177477598 0.293193519 0.0156204998 0.488318264 0.979281068
    0.701839626 0.851167202 0.00370058417 0.972233653 0.047724694
    0.279741645 0.163008213 0.472091913 0.304078817 0.0687459707
    0.0657398403 0.155613691 0.0310783982 0.533664525 0.133111089
    0.389262021 0.281025469 0.657569051 0.92409873 0.970531285
    0.698464394 0.470661938 0.591138721 0.655789495 0.788177609
    0.292201996 0.0329931676 0.639872551 0.201096594 0.877192974
    0.117279768 0.148436397 0.669827044 0.479365915 0.460645378
    0.970435083 0.855556965 0.999180555 0.950072527 0.595081508
    0.334597409 0.323003709 0.216459781 0.0897375643 0.468810499
    0.836824775 0.466012418 0.902908206 0.0645750761 0.938494802
    0.855843782 0.347113609 0.461132556 0.370169222 0.997243881
    0.905146778 0.30539614 0.258950114 0.255175024 0.96323204
    0.186213255 0.953489304 0.177363694 0.301249951 0.388011932
    0.331597567 0.0161829293 0.22884801 0.402051896 0.135992885
    0.832603931 0.848184109 0.662711978 0.882883906 0.328638643
    0.524273694 0.853544116 0.122509092 0.103257418 0.256362975
    0.671413779 0.561688721 0.958331704 0.192252457 0.742825747
    0.552129865 0.217467189 0.388957471 0.374662876 0.203438997
    0.489842236 0.865289092 0.819382191 0.0789858103 0.139156103
    0.0050560236 0.459328294 0.0321373343 0.0209408402 0.366270304
    0.0486319363 0.881662607 0.310069263 0.900836587 0.822707415
    0.223424911 0.426354051 0.124751687 0.913365006 0.867330909
    0.0693441033 0.629930615 0.925715208 0.600742877 0.112558663
    0.349946171 0.212914377 0.0772667825 0.55858922 0.828413427
    0.0886768103 0.469603777 0.967360616 0.671966732 0.0980584621
    0.511916041 0.133634418 0.946766615 0.196887851 0.660323203
    0.0153611004 0.358365893 0.428779989 0.538138092 0.200666189
    0.307603389 0.882242322 0.523501217 0.978451014 0.649096131
    0.362749994 0.220912725 0.413407534 0.683949769 0.225377321
    0.658373237 0.25417915 0.609047174 0.679473341 0.304402411
    0.548827052 0.236729503 0.296611488 0.552564502 0.0476336777
    0.568686128 0.765429139 0.443526804 0.819658637 0.602244258
    0.446681738 0.883477449 0.282207459 0.934656858 0.631700397
    0.494054794 0.609483302 0.758085668 0.957852721 0.785282612
    0.931393683 0.00726941228 0.671928346 0.802962959 0.0915537775
    0.202820837 0.910526097 0.671247184 0.866280735 0.646052957
    0.470251501 0.109894007 0.251366675 0.836181164 0.55349189
    0.270515233 0.0154651701 0.0873215795 0.677182138 0.0452735722
    0.342260867 0.669851363 0.599966466 0.379789233 0.649568439
    0.106797129 0.615362108 0.873015344 0.314220011 0.788113773
    0.325154662 0.340049863 0.763827562 0.64974308 0.53512615
    0.683050036 0.899863124 0.154014587 0.000390231609 0.718730152
    0.992828429 0.341494262 0.624430776 0.183518261 0.0169923306
    0.256529868 0.550559103 0.218548089 0.550746024 0.158086389
    0.970127285 0.0815290511 0.641126156 0.486809492 0.750024498
    0.784468532 0.694294035 0.721893191 0.836604953 0.388227105
    0.374228925 0.484491825 0.770451486 0.588617384 0.552581489
    0.26294136 0.737079024 0.521330714 0.512816906 0.389969856
    0.747561991 0.957292557 0.418208659 0.519805551 0.217854798
    0.744686604 0.439939141 0.511185944 0.459747434 0.499365538
    0.101781368 0.841576695 0.0129994452 0.0526279807 0.0808941722
    0.144184083 0.696215868 0.775997281 0.791641474 0.695493877
    0.621138036 0.478660464 0.795341074 0.818109334 0.00942033529
    0.243878573 0.581760705 0.890177786 0.432928503 0.967817426
    0.335417867 0.178790927 0.389495075 0.39750278 0.980559528
    0.489354402 0.579219699 0.629650056 0.24373123 0.287432015
    0.908267379 0.884234488 0.169485211 0.0875526369 0.878501058
    0.88519609 0.477658659 0.278852105 0.505104303 0.5491606 0.332907796
    0.874739528 0.142442763 0.174798667 0.628408432 0.716622829
    0.648045242 0.858237326 0.687183201 0.308317423 0.569336891
    0.762247741 0.497470409 0.888073802 0.175776422 0.0330418348
    0.301415563 0.88534832 0.813936472 0.339596808 0.831069827
    0.888846636 0.969537139 0.49698779 0.383088857 0.0125189126
    0.446402222 0.773109794 0.397390097 0.408786267 0.941190481
    0.340880364 0.971995592 0.165242434 0.760942698 0.943621576
    0.1444785 0.518317878 0.10052681 0.271962941 0.0455809534
    0.969254494 0.568127513 0.197581887 0.589076638 0.184997112
    0.641967177 0.743451774 0.643751144 0.737570763 0.148390323
    0.174187332 0.316770554 0.346943855 0.546125174 0.70759213
    0.457976967 0.955711603 0.386050582 0.824317455 0.66350925
    0.885000825 0.266722202 0.0185177922 0.0165645778 0.370798111
    0.318681747 0.86637044 0.281413317 0.55828923 0.831250906
    0.0239791572 0.256573141 0.0749417543 0.0297449231 0.459755987
    0.868647933 0.496156573 0.884904504 0.0939397812 0.427890927
    0.339154959 0.294879198 0.417908251 0.948422432 0.459331006
    0.607306123 0.731027305 0.851488471 0.0191195905 0.437650651
    0.74504149 0.83114624 0.893944442 0.246952802 0.647366941
    0.505525708 0.835016608 0.369341791 0.955583572 0.811364889
    0.0701522529 0.0929901302 0.762536645 0.966175914 0.0698539913
    0.0757805705 0.72781539 0.553059876 0.97754252 0.500500798
    0.247822881 0.467351854 0.692907095 0.349999666 0.727932394
    0.325772285 0.355355322 0.147727162 0.0718240738 0.971380115
    0.615971029 0.697992504 0.114205897 0.677051365 0.733196139
    0.0338294506 0.602461696 0.948234081 0.0505138338 0.805722237
    0.142208129 0.684802949 0.486043334 0.835213423 0.635880589
    0.46473521 0.572588801 0.537700117 0.817697525 0.270853281
    0.231460482 0.2661933 0.898039877 0.665948272 0.253198415
    0.858725905 0.862971187 0.527818322 0.0992442667 0.863939643
    0.275844991 0.237424016 0.913650155 0.754333377 0.114491343
    0.635003686 0.606564462 0.347130299 0.184731334 0.760762632
    0.344932973 0.891989827 0.125705779 0.021191448 0.69378221
    0.0118689239 0.948641658 0.752646267 0.565385699 0.763409853
    0.378771424 0.855738401 0.404824913 0.405522168 0.268125355
    0.815743804 0.409540892 0.907954872 0.506312251 0.451896101
    0.162444532 0.221900463 0.344966948 0.593121529 0.144718736
    0.453743815 0.564416528 0.0560869575 0.565775812 0.784246802
    0.703038514 0.108791858 0.529150248 0.77510792 0.604466617
    0.50538975 0.0361025929 0.444230318 0.0171250105 0.464018464
    0.100229293 0.509095311 0.206443459 0.096639365 0.957653284
    0.135496408 0.459954083 0.825068593 0.449973822 0.572779357
    0.658881545 0.0430776477 0.00312110782 0.399096906 0.891554475
    0.15875259 0.0848176777 0.514221072 0.25711593 0.30439657
    0.901584625 0.440560788 0.787449956 0.141035199 0.0799054503
    0.838271976 0.90651238 0.449905932 0.933863878 0.74936682
    0.448283911 0.463267118 0.48534447 0.633854747 0.103244394
    0.831567466 0.883231282 0.412324518 0.40387401 0.415364265
    0.359666497 0.0152804852 0.212047815 0.190197468 0.22092399
    0.254730731 0.430353582 0.302935541 0.504100382 0.0113235116
    0.844149351 0.0192120373 0.282803833 0.446819335 0.320521057
    0.35444212 0.467152864 0.498225331 0.27788502 0.0739065707
    0.863345623 0.91766715 0.695991457 0.568575919 0.514676154
    0.462018609 0.241712928 0.0592912138 0.912438512 0.0578667521
    0.265081495 0.0324701965 0.974182725 0.696115375 0.182793021
    0.806654394 0.68167156 0.227743238 0.235765785 0.221629888
    0.441603214 0.854732871 0.85650301 0.897945225 0.95218277
    0.911106586 0.155124664 0.376568019 0.446765929 0.860891879
    0.886669993 0.693767071 0.0146999359 0.198106796 0.977883577
    0.736594379 0.939310431 0.948520303 0.82978344 0.848643661
    0.425060034 0.319405675 0.69163388 0.812020063 0.582171321
    0.977075458 0.261926025 0.717601776 0.65713644 0.808654308
    0.271339118 0.17755729 0.83040452 0.145442843 0.500793099
    0.396186769 0.887332022 0.539568543 0.126890987 0.271908343
    0.353842646 0.344376802 0.942035794 0.419710875 0.135235369
    0.0684959292 0.80483222 0.648410141 0.325133026 0.503667355
    0.485597551 0.306545854 0.905634046 0.926676154 0.871150255
    0.260680914 0.633669317 0.129421324 0.717462361 0.471476883
    0.505272269 0.213533878 0.409280539 0.268678337 0.913228571
    0.872398853 0.020581007 0.480086207 0.65054822 0.515519559
    0.122164786 0.090370208 0.276120782 0.609032929 0.945787072
    0.85365802 0.556941211 0.400837779 0.834509492 0.399170518
    0.915194035 0.259226799 0.500636816 0.0110872984 0.097784996
    0.163628757 0.625087857 0.240785509 0.00296321511 0.714877248
    0.105124682 0.826116145 0.125227809 0.746199667 0.500023127
    0.567208588 0.0520676374 0.973546147 0.954959571 0.947000623
    0.729715884 0.0749382973 0.249270558 0.974275351 0.136038452
    0.620262027 0.643696904 0.842014849 0.956491292 0.137269974
    0.705672324 0.709549844 0.471019179 0.775670648 0.0984044075
    0.105379492 0.831726193 0.805088222 0.121731192 0.230076969
    0.0522301197 0.801461816 0.619446635 0.629740953 0.728231668
    0.850524426 0.526230991 0.517671645 0.0291918516 0.7279948
    0.28602612 0.544156075 0.257385164 0.674208879 0.927653074
    0.0738254189 0.31804198 0.244265139 0.148339242 0.619495571
    0.608509898 0.0330492258 0.697273433 0.805350482 0.878495872
    0.49253118 0.0551847517 0.836812198 0.606949329 0.209634155
    0.912667096 0.678521514 0.566843927 0.498440981 0.117808491
    0.070825845 0.51264298 0.231840193 0.0820809305 0.922869503
    0.753093243 0.633530974 0.523454905 0.589807153 0.0606256723
    0.238301128 0.973102093 0.847291589 0.0147851706 0.846042931
    0.976098537 0.0590962768 0.407248229 0.808938324 0.234750301
    0.459879577 0.596805871 0.675908029 0.64338851 0.669420898
    0.96145463 0.0993398428 0.712683797 0.614383519 0.766076446
    0.842502058 0.121293008 0.391457558 0.585846484 0.617581606
    0.159416974 0.0191062689 0.880401134 0.662431121 0.740608037
    0.645310521 0.731358886 0.769678533 0.0388891995 0.847689271
    0.311561704 0.224012882 0.793269515 0.573378146 0.616307199
    0.988420486 0.716430485 0.372944772 0.550775766 0.315591872
    0.838061929 0.90426451 0.0121449232 0.0219921172 0.147698969
    0.511611521 0.986970663 0.598495364 0.670934379 0.980087161
    0.210600257 0.913377821 0.516086876 0.689430296 0.955629945
    0.00135403872 0.87536478 0.833630919 0.526855409 0.287112772
    0.313446879 0.357580245 0.0973455012 0.54148072 0.172094613
    0.347492844 0.637592733 0.470713049 0.340564936 0.0388706923
    0.548892796 0.452245653 0.919666231 0.901997685 0.669740081
    0.922843158 0.670917511 0.616751492 0.00163328648 0.87884289
    0.722839832 0.144526988 0.700579226 0.156794488 0.0974204242
    0.737631738 0.948099375 0.445624381 0.403931439 0.165118903
    0.989558756 0.733049989 0.968569517 0.393777728 0.253083259
    0.827658653 0.769086957 0.746503294 0.425417721 0.15832594
    0.730690956 0.0285310149 0.373574197 0.381506562 0.332800895
    0.570754409 0.724310517 0.884638608 0.0542619526 0.947705507
    0.636943996 0.637108803 0.542201698 0.151145697 0.872098446
    0.532239914 0.459177375 0.669483542 0.471886724 0.930595994
    0.0357168317 0.630432069 0.445925057 0.351783156 0.353842139
    0.348809004 0.788757086 0.61035341 0.974835992 0.97063458
    0.271030605 0.0947210491 0.404881418 0.00338214636 0.923246145
    0.62967658 0.215791523 0.818287253 0.487679601 0.214183062
    0.876210332 0.293523192 0.137699395 0.992657244 0.62631309
    0.574137807 0.205976367 0.952805281 0.624710143 0.845215917
    0.172450215 0.701176465 0.637871504 0.25512138 0.365077853
    0.77961266 0.65493989 0.129906386 0.626172304 0.0439938307
    0.635460019 0.502647221 0.569950044 0.430380076 0.00145950913
    0.289025486 0.327530116 0.810209334 0.962610066 0.757309437
    0.436647952 0.308030307 0.823910356 0.754771113 0.983430982
    0.205716461 0.729482412 0.607245326 0.952075422 0.333279252
    0.218470871 0.901590943 0.877912223 0.673299372 0.0243856609
    0.28541714 0.838984728 0.179968983 0.151358783 0.768486917
    0.812879324 0.884287715 0.0987078249 0.189545691 0.5803262
    0.912469864 0.256909609 0.122805834 0.982416749 0.105190039
    0.28290695 0.374648988 0.621958137 0.353930473 0.317096353
    0.0497844219 0.280005515 0.738821208 0.0559792817 0.647839367
    0.836629391 0.0767142773 0.929952621 0.761576355 0.309351534
    0.734379292 0.668797016 0.431078196 0.866983533 0.681050599
    0.252515465 0.572070599 0.16913864 0.903401613 0.7258178 0.793010592
    0.37850827 0.283890247 0.921903968 0.602935851 0.930880189
    0.651092052 0.313020855 0.528746784 0.694209635 0.320860982
    0.835541129 0.626775444 0.334428787 0.788440228 0.537048936
    0.761728108 0.601799428 0.362561256 0.287340403 0.24068284
    0.873729348 0.679001689 0.291251361 0.0888333023 0.55102247
    0.150919825 0.823227286 0.624211431 0.55189687 0.124451548
    0.160401195 0.844700396 0.54823947 0.750445962 0.837779403
    0.378253758 0.93296659 0.238062978 0.877445161 0.19169417
    0.230210751 0.445461899 0.979574859 0.466549337 0.0718586147
    0.102071702 0.359392077 0.131887406 0.738897741 0.806840301
    0.990692675 0.548616588 0.730232596 0.355763376 0.615258336
    0.0651467443 0.55924958 0.0933139622 0.534501672 0.624850631
    0.134665549 0.830168426 0.00746828318 0.101414412 0.226863623
    0.975235164 0.752657712 0.798216641 0.660263598 0.327960193
    0.49129352 0.521677256 0.606817603 0.206532001 0.491768569
    0.846457183 0.231918931 0.581459284 0.55923748 0.0885884762
    0.562183022 0.203095973 0.0382142067 0.324104428 0.571093202
    0.250579923 0.172409177 0.55834794 0.0989606678 0.879296303
    0.138221413 0.87500912 0.236310989 0.29757607 0.847489655
    0.906084895 0.608415663 0.664475918 0.0281469822 0.415194303
    0.0728911757 0.436903179 0.31409803 0.552800179 0.125577509
    0.148546308 0.867087007 0.0932070911 0.270988882 0.403577209
    0.966653943 0.272666782 0.909751177 0.20619294 0.375526905
    0.67119211 0.0463544428 0.373290181 0.22734794 0.880485177
    0.659600794 0.646837413 0.667682827 0.0173009336 0.00424066186
    0.44100818 0.0451441407 0.983477354 0.362883031 0.867009521
    0.354699314 0.137972474 0.121690333 0.668930113 0.343820632
    0.0596252978 0.351429105 0.722552598 0.81442219 0.307608783
    0.00612488389 0.463621259 0.262715131 0.564671457 0.0865916908
    0.736513376 0.212459862 0.067912966 0.301813424 0.439382404
    0.267639995 0.752085388 0.304332912 0.789382815 0.375729531
    0.909238279 0.964889646 0.803423524 0.0781335533 0.259547323
    0.183294743 0.901605248 0.391460031 0.58651638 0.568926334
    0.655488908 0.0974647999 0.774433374 0.764567494 0.95681417
    0.88536334 0.488556206 0.534923613 0.591699779 0.633627713
    0.470735669 0.270518363 0.906196475 0.230966985 0.200372666
    0.648127794 0.349728763 0.348885059 0.30140686 0.768756688
    0.678358138 0.798637867 0.624489427 0.268769324 0.515528142
    0.103566587 0.479915082 0.0691424608 0.305154026 0.0429546535
    0.363864273 0.36503917 0.733861923 0.965933919 0.703983724
    0.350288451 0.627664804 0.438804477 0.352297723 0.526933789
    0.362324089 0.176946133 0.524404943 0.0833268762 0.107833117
    0.626283526 0.418185055 0.783860326 0.45003885 0.153693914
    0.630498767 0.390027702 0.254483879 0.5623281 0.0694128275
    0.276932061 0.831420779 0.152750701 0.594515502 0.726617634
    0.0136710107 0.401472598 0.726543188 0.599489689 0.813024998
    0.564785421 0.436611712 0.00214397907 0.637082398 0.961740911
    0.316636592 0.314990908 0.952244997 0.00214698911 0.49040556
    0.357997537 0.902727425 0.582963824 0.796706915 0.909520507
    0.482476801 0.933736622 0.873806953 0.577980697 0.191446096
    0.105785638 0.495198309 0.550848901 0.215153903 0.474249303
    0.0832849741 0.720360041 0.888906896 0.98216033 0.495438248
    0.104192972 0.813568115 0.322172761 0.0011215508 0.263936877
    0.91244328 0.0936595798 0.977789462 0.426809698 0.247808874
    0.238340259 0.43473202 0.186424404 0.399889618 0.547799706
    0.0354230404 0.0256614685 0.830183625 0.529563189 0.276871532
    0.469396412 0.30888778 0.838809133 0.0909414291 0.377113253
    0.261441588 0.484851152 0.922323465 0.105113089 0.718703926
    0.328556001 0.574919581 0.445410222 0.459978163 0.0375403762
    0.00605657697 0.204845548 0.296754479 0.466062129 0.306361437
    0.251166791 0.106068403 0.950143218 0.542590499 0.610174179
    0.248556256 0.559449613 0.565210819 0.0465343595 0.45479697
    0.188705206 0.238028049 0.45222041 0.30260241 0.177960098
    0.781406045 0.718545437 0.635050178 0.898237109 0.744815767
    0.602452815 0.320590705 0.619786024 0.567860425 0.76747334
    0.267688096 0.737370133 0.830591917 0.828545094 0.945747972
    0.665944219 0.463659734 0.335879207 0.786941648 0.52760911
    0.14540112 0.00348639488 0.702426672 0.11132431 0.0072824955
    0.195700258 0.284243226 0.0316265523 0.635671139 0.325747848
    0.990782022 0.485535204 0.23702094 0.0827507377 0.602683663
    0.558421254 0.861005306 0.856755316 0.291065961 0.63104707
    0.57243073 0.413998842 0.542639256 0.845111072 0.522775054
    0.764817715 0.95312351 0.52321893 0.661275506 0.253785312
    0.440248579 0.386819631 0.228568971 0.417786658 0.195951909
    0.979634941 0.718217075 0.679333448 0.676422715 0.611938655
    0.108353496 0.643400669 0.421158373 0.0553817451 0.826797485
    0.389461696 0.519186616 0.513583779 0.953589857 0.630361021
    0.735972941 0.706869781 0.887207866 0.988850296 0.369025797
    0.123534858 0.9108724 0.331965208 0.600562692 0.969082117
    0.269660473 0.152924687 0.718482494 0.764732718 0.663878441
    0.128987432 0.154991567 0.231051654 0.074975282 0.615900517
    0.152985096 0.303362876 0.986030042 0.643761039 0.140467882
    0.329351813 0.337194651 0.115271777 0.759593368 0.706124187
    0.074500978 0.185363024 0.341943383 0.75614953 0.409181118
    0.366487175 0.273883343 0.434318066 0.208053529 0.604689002
    0.195598692 0.277139157 0.377035856 0.897337198 0.76115942
    0.402784526 0.875310838 0.991000056 0.0326385796 0.495258629
    0.906064391 0.149972767 0.395501465 0.555619538 0.65421629
    0.746144831 0.277656913 0.27787447 0.428950548 0.49717015
    0.951357007 0.508098245 0.308570057 0.958169103 0.238856703
    0.982002378 0.232730985 0.235708475 0.15429163 0.769988835
    0.995275676 0.406490952 0.592176795 0.816412091 0.988451779
    0.0275531709 0.359895825 0.360554159 0.0537212491 0.895361423
    0.262844205 0.201506495 0.503581822 0.446264684 0.323466003
    0.263002634 0.357638419 0.986092269 0.0735108554 0.518371403
    0.0162387192 0.168881983 0.873921812 0.516815901 0.0725526512
    0.566537797 0.486264914 0.191991329 0.407234371 0.852843404
    0.287498653 0.382519484 0.167922437 0.768222094 0.32773605
    0.0528805554 0.338262975 0.310259163 0.366449416 0.0180508792
    0.864498496 0.0730482042 0.520995259 0.501562655 0.920527458
    0.170686066 0.86359787 0.574908257 0.948920965 0.422089189
    0.680259943 0.763173223 0.740713596 0.101318657 0.192144543
    0.53145802 0.23067224 0.946567774 0.528424919 0.210135311
    0.577944934 0.0750731528 0.0660692155 0.397845149 0.728824615
    0.0454559624 0.18466711 0.00831916928 0.463650912 0.810371518
    0.829057336 0.93740654 0.68029964 0.470620751 0.236230105 0.57238394
    0.203658551 0.159763366 0.272486567 0.585196555 0.464244872
    0.965246797 0.752992749 0.632604182 0.876464248 0.373962402
    0.64159143 0.146786958 0.17574963 0.500295639 0.0915501416
    0.351842105 0.316805005 0.543372989 0.554010987 0.0431102216
    0.97594583 0.0693049133 0.118023545 0.799420118 0.648699284
    0.785354197 0.640437424 0.787101984 0.361488968 0.235386908
    0.661669731 0.816948235 0.475158334 0.433281034 0.146737248
    0.925447583 0.62614274 0.909193099 0.281560719 0.655019164
    0.775170267 0.903683066 0.22826308 0.14907825 0.260938078
    0.376504153 0.393403411 0.537395179 0.5651564 0.716880083
    0.673033953 0.767172575 0.227562517 0.702219129 0.622364461
    0.447896034 0.537321627 0.950335979 0.587435246 0.888879716
    0.461539447 0.474326402 0.87111032 0.535029471 0.43253687
    0.00820672512 0.233184457 0.524226546 0.328743577 0.296332121
    0.660402477 0.276320577 0.770923913 0.207207739 0.111800224
    0.409116983 0.590584338 0.256253153 0.842320204 0.608115852
    0.0911003053 0.327475727 0.710364699 0.139379352 0.477961123
    0.967123806 0.245697021 0.0531006157 0.689456344 0.319697231
    0.378257185 0.39664948 0.0463224947 0.178152233 0.899474978
    0.138400018 0.173965067 0.381840289 0.235176206 0.821808457
    0.440749615 0.757893264 0.736709714 0.237939179 0.502465189
    0.453142524 0.13166067 0.637689948 0.438227415 0.174539328
    0.0698849559 0.333241045 0.706106544 0.885465145 0.967015743
    0.032545805 0.590346038 0.452959031 0.0275610089 0.70283246
    0.131439626 0.696031451 0.315822512 0.298982829 0.922612786
    0.13248989 0.741614103 0.0612971783 0.0538058579 0.295067132
    0.68757683 0.338406622 0.077662617 0.784602642 0.0376784801
    0.627213001 0.862719417 0.485847354 0.486933529 0.530936182
    0.733051956 0.907446563 0.00328049064 0.0604246855 0.230782747
    0.851566076 0.0334818065 0.259121835 0.187317282 0.198573053
    0.279387176 0.169287354 0.607287228 0.627885461 0.291322589
    0.835683405 0.419874102 0.0384057164 0.848147511 0.258794904
    0.290035784 0.754462123 0.516182005 0.681234598 0.447225332
    0.146982044 0.368040979 0.404853433 0.260155916 0.215717912
    0.457179576 0.627154708 0.35211885 0.61679399 0.65678525 0.940898418
    0.804231048 0.511427283 0.24705568 0.308826536 0.937221467
    0.843588471 0.92739594 0.164439231 0.664733648 0.515369892
    0.521649599 0.592050076 0.278998673 0.265999526 0.252938628
    0.798115551 0.631331086 0.870838642 0.646930575 0.731678903
    0.0701288283 0.615449369 0.421976298 0.696576655 0.224199921
    0.605918646 0.634150982 0.176235616 0.608012915 0.254033506
    0.356448144 0.367453873 0.670112491 0.499545336 0.177877069
    0.695941448 0.204809695 0.453984052 0.776868463 0.523986936
    0.486002803 0.215706289 0.242472649 0.250249863 0.984170258
    0.0939795375 0.404117972 0.371421576 0.127637535 0.389333874
    0.822066426 0.349670649 0.467443526 0.788469672 0.10669139
    0.527126372 0.740789115 0.978249311 0.112673253 0.280990541
    0.719476402 0.703066826 0.447697878 0.665517449 0.279880404
    0.0377110839 0.153064698 0.814794779 0.926350713 0.197064251
    0.944233894 0.394907266 0.801174402 0.368000209 0.9526546
    0.777243137 0.903276443 0.40430814 0.32355547 0.878038764
    0.320530564 0.902201533 0.173616469 0.882400393 0.0379351079
    0.0281610787 0.245738059 0.829235435 0.806212425 0.38095066
    0.313206732 0.452488005 0.998000026 0.0779689252 0.774626672
    0.974168718 0.31814298 0.774139285 0.598487735 0.137177289
    0.604665041 0.802319765 0.179031789 0.446212351 0.279808879
    0.42587477 0.551956594 0.187050283 0.276864141 0.252543211
    0.86419487 0.0929258466 0.489909649 0.402991652 0.495110214
    0.364107192 0.0400086045 0.0530409217 0.331926405 0.637105703
    0.551991582 0.614200711 0.753580809 0.712549984 0.646872699
    0.149754584 0.363556743 0.55643785 0.171512723 0.238310367
    0.215802938 0.552963614 0.873563528 0.69056797 0.275701314
    0.973265707 0.769167423 0.634922981 0.55699265 0.568316698
    0.0876399279 0.396199584 0.902786851 0.454548776 0.749686599
    0.289271951 0.958195984 0.466023654 0.26817745 0.886141658
    0.435422987 0.659035683 0.245938301 0.90582782 0.196378112
    0.254367501 0.471604437 0.444968432 0.475176007 0.0950976312
    0.699143648 0.116621524 0.398253262 0.522725701 0.13154763
    0.638490736 0.923328996 0.806792498 0.583677649 0.904295564
    0.188939363 0.297172248 0.6399647 0.284836054 0.77937305 0.625784039
    0.170722991 0.0599050224 0.316814214 0.0610019565 0.255140543
    0.409338504 0.287887007 0.404298961 0.140727252 0.156475246
    0.655536532 0.26065886 0.476301134 0.861796021 0.956841528
    0.447294652 0.621080875 0.0257415771 0.541238546 0.659054577
    0.326519728 0.923063934 0.588016689 0.275154352 0.271938264
    0.643227398 0.0613586605 0.0923795104 0.831154943 0.956462264
    0.784047127 0.0278806984 0.477757215 0.984776974 0.293207258
    0.722006798 0.866586566 0.940370321 0.194724649 0.0269269943
    0.101684302 0.372072697 0.761193335 0.264509082 0.143033475
    0.805175662 0.991203785 0.82015276 0.383493572 0.260122001
    0.369012535 0.50846976 0.00304564834 0.927598715 0.885813355
    0.330626249 0.0458597541 0.742793024 0.809490263 0.0779569447
    0.912739992 0.797668099 0.894347191 0.158110172 0.794208944
    0.0765832663 0.95526129 0.393641293 0.47241047 0.398227453
    0.957617998 0.180257946 0.353783131 0.749397993 0.805790424
    0.468343109 0.299577057 0.508994818 0.392023385 0.0215095282
    0.478969365 0.516120851 0.0968405604 0.473142922 0.561111212
    0.751162827 0.130303591 0.637176871 0.628735781 0.315636635
    0.74452728 0.0837007761 0.699991941 0.898317099 0.0580300987
    0.905649304 0.0758966208 0.532317698 0.50873965 0.591240883
    0.0566754937 0.351707518 0.0402267277 0.574681699 0.307503164
    0.592349589 0.378476173 0.0265766382 0.223277211 0.846963882
    0.192482829 0.840672016 0.561772823 0.85446161 0.575070918
    0.380133212 0.189625174 0.520312011 0.800735593 0.226834476
    0.000513106585 0.105183601 0.80138129 0.309904724 0.037599951
    0.433875471 0.814211786 0.559519589 0.0469006896 0.682974219
    0.10684076 0.620042861 0.411513805 0.260195673 0.920447111
    0.650994301 0.04839468 0.0211062729 0.671520174 0.731044352
    0.93875432 0.821758091 0.0798574686 0.902502179 0.36847797
    0.121528625 0.231030464 0.86621058 0.940203786 0.694255173
    0.646454036 0.138431698 0.289719105 0.536517739 0.137458682
    0.368489236 0.540384948 0.920239091 0.722136855 0.0172044635
    0.731031358 0.357321143 0.80077076 0.0305713415 0.662706077
    0.758168042 0.805850744 0.692351103 0.534598768 0.372540414
    0.258298606 0.812302113 0.765421629 0.447917759 0.0485200882
    0.391351968 0.12467432 0.276865125 0.580366015 0.183947176
    0.891680241 0.670477629 0.687176764 0.68840301 0.773749411
    0.708565831 0.673898697 0.406303346 0.337577254 0.929564357
    0.0841716528 0.927039742 0.893491507 0.456693798 0.120228916
    0.529210865 0.539215803 0.759592056 0.49022752 0.921098053
    0.603166461 0.0624553859 0.0750896931 0.214667022 0.967206597
    0.703698158 0.679782152 0.23618114 0.943772554 0.361406475
    0.762605488 0.934315443 0.580052495 0.0869232118 0.930918276
    0.341999769 0.804941416 0.373847723 0.271795839 0.997352719
    0.694826126 0.476221263 0.703472555 0.777273774 0.021441251
    0.645691395 0.564150631 0.0405291319 0.976207972 0.367889583
    0.322636813 0.962957025 0.807660878 0.586517096 0.762086332
    0.846464574 0.075935334 0.295018613 0.944610655 0.598882914
    0.223568588 0.0314635336 0.468767643 0.661496401 0.466268837
    0.655572891 0.358505845 0.458351225 0.631607056 0.862176061
    0.594446301 0.914911151 0.159998745 0.874007344 0.365750551
    0.545909345 0.938270748 0.154914111 0.678468883 0.0407639444
    0.676239014 0.810296357 0.864575267 0.724212408 0.00546371937
    0.522837043 0.244443387 0.779301047 0.966343641 0.907718897
    0.504979432 0.666170478 0.822891474 0.688177764 0.598527789
    0.713562191 0.90009141 0.0793179572 0.146173388 0.754031062
    0.60537684 0.690004349 0.0627627373 0.964588761 0.833121419
    0.907769084 0.0711526275 0.560260952 0.277839243 0.914887488
    0.434012353 0.168606222 0.947983384 0.503465652 0.192377269
    0.0577429235 0.684987307 0.820333719 0.0924474001 0.831464946
    0.930318236 0.877706587 0.554871798 0.887235641 0.102234781
    0.234538913 0.916777492 0.0290026069 0.240456462 0.702742338
    0.624064922 0.581794798 0.857273221 0.856877089 0.511125445
    0.149338931 0.496119648 0.888285637 0.85634923 0.689717054
    0.938375175 0.158165395 0.181671411 0.767232537 0.720544636
    0.750119805 0.414655387 0.749203324 0.156049162 0.271100581
    0.688202381 0.173551559 0.669679999 0.693219602 0.00891217589
    0.225193918 0.333940685 0.913365722 0.221137971 0.253507763
    0.40564391 0.522758842 0.109235793 0.303470552 0.482903659
    0.935069561 0.969891667 0.358718783 0.906598449 0.286187232
    0.538664937 0.582121849 0.779924154 0.0945658982 0.139707178
    0.738407135 0.989926338 0.241860121 0.426020563 0.216802031
    0.0591494739 0.991488397 0.624414802 0.815752208 0.421739638
    0.653496623 0.000335782766 0.592658579 0.454111397 0.825868249
    0.158448815 0.132693321 0.774848461 0.575958908 0.608245075
    0.15184015 0.539340258 0.147884905 0.931792319 0.281674862
    0.932628214 0.945257783 0.645998359 0.439195603 0.0313971937
    0.000685662031 0.339033246 0.633995712 0.0585771799 0.716141224
    0.963486671 0.614282966 0.329989195 0.135072201 0.555904865
    0.899294019 0.345398605 0.617146134 0.534030557 0.695098877
    0.129156172 0.278060377 0.232393414 0.179788858 0.96715045
    0.995360672 0.225450486 0.470154971 0.160027772 0.0270059705
    0.903023839 0.114296317 0.706590414 0.669032574 0.603175104
    0.236886382 0.895506382 0.822377205 0.277435303 0.636070788
    0.878545642 0.256214321 0.351348221 0.485951006 0.547137082
    0.156683892 0.911286473 0.052519083 0.0608944297 0.712498486
    0.650127888 0.810365677 0.377200067 0.444298893 0.521570265
    0.777221084 0.0571127236 0.0825508535 0.659006953 0.649674594
    0.757016063 0.754656315 0.178804547 0.951149106 0.856747448
    0.481976986 0.895949304 0.0152207017 0.474489957 0.71358484
    0.112627059 0.191725522 0.516786158 0.827189922 0.221408159
    0.834462762 0.737484038 0.551957726 0.98040235 0.368386388
    0.0555350184 0.49246189 0.114212185 0.449322581 0.853749394
    0.232636392 0.645447075 0.653161466 0.209092647 0.618443966
    0.175008982 0.40139237 0.0320057571 0.677621007 0.956920385
    0.092997402 0.617609501 0.16760838 0.457142442 0.0783422887
    0.126524597 0.311061978 0.120793879 0.221480399 0.854336619
    0.262403131 0.157519579 0.271451592 0.259233117 0.546474159
    0.0171715319 0.152620733 0.297975004 0.92447108 0.533185065
    0.414512008 0.833575606 0.0333439708 0.866503716 0.373536408
    0.513378978 0.0713015497 0.757588625 0.630544305 0.630353689
    0.360975593 0.856155992 0.986829758 0.568190217 0.967594504
    0.392391592 0.0445643067 0.933062077 0.45182842 0.998208642
    0.722322404 0.736994207 0.322105646 0.364601284 0.665487409
    0.284598291 0.316553235 0.806767941 0.349431217 0.672045231
    0.113396525 0.516906142 0.12280342 0.843145251 0.643616557
    0.898988247 0.645611644 0.69104445 0.955845714 0.298607051
    0.943707585 0.235043555 0.321808696 0.734536588 0.898403168
    0.845079362 0.0504072011 0.375677735 0.417601615 0.375107557
    0.54863137 0.690066874 0.83218658 0.145373404 0.616773069
    0.641812861 0.113562793 0.211257368 0.915174901 0.381826997
    0.649855614 0.552021384 0.397429109 0.494105726 0.716484189
    0.105469286 0.417687565 0.493889362 0.8109743 0.947300673
    0.274417281 0.64648217 0.750262141 0.0810759664 0.320002317
    0.0950896144 0.579579651 0.112427592 0.724304259 0.136838317
    0.90272814 0.248245299 0.936621785 0.783359051 0.261231899
    0.558922231 0.827991962 0.604723394 0.540358782 0.145240039
    0.742965579 0.175144315 0.890915513 0.526831925 0.122088045
    0.64305681 0.0909399092 0.813464463 0.754567683 0.318171829
    0.978032827 0.89014852 0.458480716 0.0103770196 0.168830484
    0.907931924 0.397217631 0.51784724 0.769603491 0.490199357
    0.878229856 0.21480462 0.22095868 0.0825229287 0.451571018
    0.0717409551 0.709020078 0.443502396 0.703167021 0.642284632
    0.477843642 0.878985524 0.306297839 0.334619939 0.757437944
    0.754162669 0.548505843 0.35665077 0.749484718 0.225878745
    0.576902509 0.727086604 0.122182339 0.156630844 0.92080462
    0.807619572 0.534779668 0.659223437 0.968825817 0.870791793
    0.690480232 0.19217959 0.602981985 0.687133074 0.946814418
    0.82761538 0.462614566 0.133249104 0.375782013 0.168683469
    0.332642794 0.65343684 0.235716581 0.175299317 0.961963415
    0.390823662 0.7285676 0.275184631 0.678751707 0.623004675
    0.217951208 0.0739159584 0.831956029 0.932335496 0.276235223
    0.189761847 0.146797121 0.861397624 0.277653664 0.531105042
    0.603305995 0.601379037 0.790544629 0.0436854362 0.990255535
    0.360278487 0.129297674 0.767568946 0.612438321 0.0179136097
    0.777284861 0.80818212 0.0759580135 0.349786043 0.169712871
    0.539387226 0.856641889 0.700095296 0.119333029 0.230313808
    0.240680546 0.618081391 0.420978785 0.753468156 0.397708029
    0.628768563 0.480801851 0.140295029 0.571835279 0.850356519
    0.96156168 0.305090517 0.266954184 0.922717571 0.543711305
    0.517079949 0.249333471 0.720454514 0.930428743 0.411048651
    0.826063752 0.562471449 0.624427795 0.10372889 0.389880687
    0.419025481 0.996618867 0.387155056 0.527763546 0.304859817
    0.519550502 0.69446528 0.593806624 0.183237106 0.974104524
    0.166965634 0.966668725 0.512488961 0.743563831 0.773267984
    0.823790431 0.351160616 0.580580592 0.120399177 0.630103946
    0.736585021 0.486488372 0.111764073 0.296216518 0.706690073
    0.383366108 0.616592348 0.254136562 0.293393165 0.56525898
    0.793449759 0.936924577 0.808163583 0.135438323 0.630943418
    0.408513725 0.205275029 0.620907545 0.363468707 0.360685706
    0.886075377 0.888250828 0.666817725 0.722900867 0.243477732
    0.735893488 0.305900931 0.306882232 0.635763764 0.0699609816
    0.719760358 0.937072635 0.582140386 0.472235948 0.259898782
    0.720227361 0.987708688 0.404558092 0.220713347 0.457600117
    0.789866567 0.537163496 0.175999314 0.48973003 0.175905585
    0.145489275 0.930076122 0.568273246 0.946072936 0.839018703
    0.803367138 0.0226008594 0.0375909209 0.097361505 0.713114977
    0.210081607 0.24034062 0.840450585 0.42195347 0.0807265043
    0.232485682 0.525184214 0.722195446 0.334626079 0.877367735
    0.00920772552 0.122707456 0.131452739 0.606566846 0.368014932
    0.498407841 0.590417981 0.704009891 0.289044589 0.36552915
    0.947854042 0.849229693 0.289735615 0.77941227 0.407195956
    0.690996528 0.80567801 0.646066189 0.204100192 0.465199202
    0.453046262 0.789543748 0.205429852 0.993552446 0.499926478
    0.466364294 0.160715848 0.194030553 0.730690598 0.699991405
    0.359838605 0.582403243 0.60611707 0.259774864 0.625087678
    0.986217141 0.821667075 0.307648212 0.198847473 0.428568333
    0.713588536 0.813280344 0.230068207 0.0813091695 0.388294637
    0.874068737 0.408936441 0.182244897 0.614804387 0.684554338
    0.484838665 0.27768594 0.851030111 0.885650575 0.469837159
    0.964231849 0.664854288 0.351877898 0.770841837 0.145406127
    0.917039335 0.249897569 0.955841422 0.958423853 0.282901943
    0.673768997 0.389491439 0.138317794 0.0780916214 0.543616772
    0.483083457 0.431049585 0.444169492 0.264334202 0.545671642
    0.421603322 0.756311536 0.603200555 0.960665822 0.775425076
    0.740919173 0.190904886 0.0100292861 0.50311619 0.784886539
    0.819645584 0.345053375 0.776674867 0.471305668 0.559020877
    0.54604578 0.981632948 0.871698081 0.782011509 0.436047614
    0.999855399 0.233528852 0.632532299 0.73152703 0.736089349
    0.952844203 0.914993286 0.133149326 0.961690187 0.20965752
    0.621307909 0.64940387 0.856439948 0.405011863 0.0191788673
    0.944337666 0.150573045 0.517139673 0.911718011 0.0613464713
    0.686573267 0.0994391441 0.0481843352 0.416450858 0.673588037
    0.725746274 0.476483285 0.538666189 0.090162009 0.582547367
    0.723643661 0.3875494 0.632161796 0.102192283 0.29343462 0.870100141
    0.71039021 0.304715097 0.0568791032 0.771291733 0.179308593
    0.474615782 0.538507998 0.365390837 0.591488361 0.154516101
    0.322084308 0.310601801 0.979786038 0.141251624 0.138352424
    0.0612515211 0.0772893429 0.646809816 0.70550406 0.791548669
    0.44064948 0.450714409 0.388210326 0.480255187 0.0895906091
    0.0439295173 0.311426878 0.484626532 0.751684546 0.24754858
    0.382285237 0.861304045 0.949913919 0.735979319 0.482197821
    0.00248840451 0.435634375 0.0852361917 0.947311699 0.318345368
    0.126696795 0.238605678 0.23397696 0.115258008 0.0387951136
    0.366643906 0.929403126 0.737940013 0.0649443865 0.302954018
    0.786832988 0.808331907 0.741123915 0.531223118 0.0729864836
    0.226829022 0.60933286 0.425557792 0.228754997 0.320631683
    0.333737224 0.229652643 0.649578094 0.317477465 0.552247643
    0.68274343 0.0837706327 0.923947811 0.415765703 0.666470528
    0.388419449 0.381218612 0.529662907 0.47695142 0.765379906
    0.585930943 0.619763196 0.205110759 0.396858096 0.768346071
    0.782051563 0.999575615 0.161265373 0.230531693 0.673842013
    0.076746285 0.855757236 0.840975583 0.771861553 0.13264969
    0.78973937 0.0187594295 0.527591348 0.979598641 0.312961698
    0.341638744 0.493368894 0.224701315 0.444204539 0.536159337
    0.256239742 0.472102284 0.50603044 0.052805692 0.096029371
    0.575846314 0.983274698 0.602012634 0.775170326 0.640969992
    0.188832521 0.362000883 0.756244779 0.465428501 0.434594601
    0.309788287 0.713741899 0.661872745 0.167086691 0.547574937
    0.849080265 0.583226144 0.155319452 0.595707536 0.549876332
    0.929071307 0.833891213 0.0838058591 0.193073839 0.379080564
    0.384031773 0.794763923 0.621032953 0.986803412 0.290465176
    0.870150864 0.448951811 0.330489218 0.951779962 0.472435951
    0.274443984 0.993894815 0.206791788 0.961852908 0.569059968
    0.719823718 0.476393908 0.249276251 0.827483416 0.895639658
    0.919330359 0.381475896 0.832000613 0.830101371 0.852214932
    0.404370874 0.817033708 0.139090896 0.296498328 0.410137177
    0.50441283 0.905758321 0.377576888 0.803214908 0.704185367
    0.80847913 0.426942259 0.120463997 0.174810171 0.2737225 0.478785038
    0.25431776 0.727442205 0.0192588866 0.545539796 0.723358929
    0.0285995305 0.563078105 0.641347885 0.800652027 0.59438318
    0.46056211 0.329245538 0.229174256 0.155116647 0.624398112
    0.313927561 0.372434437 0.713167369 0.331565887 0.668886662
    0.374427468 0.317482769 0.0510618389 0.735364199 0.661093235
    0.0432608426 0.0790270865 0.64099735 0.860286355 0.960331857
    0.000267267227 0.539502919 0.261280656 0.440021783 0.0438765287
    0.501483977 0.37303257 0.760289907 0.896347761 0.767902374
    0.908675611 0.105719715 0.644446909 0.142047256 0.12080881
    0.748849392 0.867360592 0.065669626 0.161881179 0.668262243
    0.727554023 0.0480478406 0.646110773 0.94913733 0.693510294
    0.579452872 0.523491561 0.0573510826 0.977146208 0.0867241025
    0.797253251 0.459952891 0.696383059 0.585854471 0.879691124
    0.322375357 0.490821928 0.163609117 0.876631558 0.31037119
    0.715622663 0.802187681 0.777724504 0.176817387 0.161064535
    0.976341367 0.9914217 0.476160735 0.911636829 0.175985217
    0.899276793 0.542951226 0.337312758 0.467118531 0.58994472
    0.443967462 0.344417125 0.565809429 0.319370151 0.102811515
    0.447621375 0.674806118 0.0257122517 0.591332376 0.417632729
    0.895257354 0.444203675 0.203128517 0.541413903 0.286215901
    0.462889045 0.0424290895 0.988156199 0.280178875 0.836767673
    0.46854049 0.0924327672 0.491994053 0.577481985 0.0808287561
    0.815177441 0.0286144614 0.556696773 0.655333817 0.635118961
    0.0912172794 0.793882549 0.215766251 0.177383006 0.0528064668
    0.692035258 0.621840596 0.690879166 0.447357982 0.625145912
    0.107786626 0.958587766 0.888993025 0.636952996 0.904619455
    0.0953914225 0.285911977 0.40247035 0.288010716 0.240512639
    0.0194274485 0.361433566 0.797053397 0.629358649 0.189505249
    0.186454147 0.474036932 0.655927479 0.124384433 0.760249674
    0.486919641 0.52969861 0.805313587 0.748678267 0.62499249
    0.521712363 0.728542447 0.79101491 0.951877832 0.606833458
    0.339218885 0.538200915 0.150017172 0.201649785 0.333682239
    0.214167893 0.0471946001 0.0768571198 0.217282653 0.980376422
    0.216558248 0.225516975 0.131591827 0.524070024 0.655524969
    0.550139904 0.38476935 0.0680924058 0.247049063 0.665975332
    0.364347637 0.619506001 0.635374248 0.605770946 0.348639905
    0.0629603565 0.172147274 0.127643526 0.0204954743 0.416478366
    0.0678434968 0.520385802 0.433576435 0.351090252 0.328479975
    0.491155803 0.00761568546 0.220880538 0.332063198 0.416653574
    0.930225492 0.354211271 0.569552302 0.500353396 0.555389166
    0.824600041 0.816384077 0.175284594 0.18291986 0.446558297
    0.928560913 0.9150002 0.799491167 0.902442932 0.798907995
    0.866363823 0.990400553 0.0970696807 0.0899435878 0.413584471
    0.147661865 0.422807544 0.371428132 0.745700955 0.63233614
    0.206827998 0.760718465 0.587584853 0.552856028 0.185323924
    0.468470901 0.198886186 0.100450605 0.277456284 0.757172227
    0.69209069 0.0344079137 0.599080503 0.69715029 0.40670085
    0.335483968 0.713098705 0.207562983 0.326414764 0.0282724202
    0.291817367 0.443359137 0.907517076 0.66931814 0.680401504
    0.613139451 0.0570287406 0.439713538 0.266546845 0.891310096
    0.513405442 0.902341247 0.952660322 0.911394238 0.764711618
    0.315914512 0.179119229 0.875908017 0.345231593 0.138463914
    0.0690294206 0.358938336 0.752798915 0.835977793 0.787635684
    0.00299030542 0.478796422 0.830758572 0.424373835 0.325262308
    0.222459465 0.603460252 0.557306588 0.703446269 0.0281783342
    0.905176282 0.205351323 0.704443574 0.129318237 0.0384969711
    0.25524956 0.954838037 0.901408911 0.162815481 0.989365578
    0.0587528944 0.969239116 0.332754463 0.984542847 0.435150355
    0.57340312 0.375568151 0.855779052 0.966813326 0.289375424
    0.678525865 0.55039376 0.503050566 0.243581116 0.782202959
    0.101816803 0.407849729 0.553877711 0.27099359 0.201113731
    0.37213397 0.912327945 0.660347223 0.190441281 0.543659508
    0.939755678 0.402811497 0.75797081 0.230329126 0.585303307
    0.912805557 0.0514609814 0.277515888 0.468717545 0.665656745
    0.770704865 0.486424744 0.765983701 0.473370224 0.0558494925
    0.717141271 0.704929948 0.592934191 0.425457686 0.0272015035
    0.54963845 0.642606676 0.895666361 0.0937074423 0.213603228
    0.672594547 0.425193101 0.7127918 0.88938868 0.425660521 0.489751428
    0.792713881 0.540450633 0.0395401716 0.417078435 0.39373076
    0.392264307 0.546644628 0.597201824 0.600503623 0.968225002
    0.348131835 0.5564937 0.101842642 0.403929412 0.415182471
    0.651101589 0.400787413 0.879315257 0.441832393 0.532928824
    0.432841659 0.921516776 0.550450087 0.479106754 0.699928463
    0.129553854 0.815881968 0.191191018 0.890723228 0.307851672
    0.37384814 0.946285367 0.300952315 0.841384649 0.998978853
    0.532326818 0.769949436 0.122946352 0.724771202 0.0976586938
    0.390753061 0.692534566 0.622215152 0.396704912 0.0407037437
    0.565589786 0.786257505 0.161849618 0.683490396 0.781479239
    0.205096245 0.594978392 0.771732748 0.183831483 0.019767195
    0.22881341 0.157372922 0.796883702 0.0781832933 0.665566802
    0.267571509 0.653675199 0.37582612 0.446114898 0.059147507
    0.709782422 0.905799031 0.842333198 0.911042929 0.0614075363
    0.598133147 0.291335732 0.312878728 0.431396693 0.539750218
    0.0818716288 0.696718693 0.450500757 0.946445465 0.382992893
    0.955116391 0.91451323 0.528607607 0.723543525 0.267383695
    0.0550773144 0.4902246 0.28697139 0.867429435 0.871388316
    0.654942036 0.583584368 0.766072035 0.0598985553 0.784729719
    0.974137962 0.350462347 0.215225577 0.508091867 0.888351977
    0.726167083 0.952158868 0.972417712 0.200856894 0.577427506
    0.5171839 0.047195375 0.0740862191 0.616846323 0.0582132936
    0.101475537 0.467509866 0.404663086 0.0554479361 0.261309177
    0.359421074 0.231979102 0.12761879 0.382352233 0.174119174
    0.892561197 0.0759755969 0.142632008 0.577609599 0.105873436
    0.136873096 0.537592709 0.120846927 0.022218436 0.226133287
    0.905274332 0.94907546 0.631381989 0.169708073 0.576760113
    0.0561757088 0.140409023 0.977110982 0.254019618 0.0210760832
    0.730880141 0.0674808621 0.426935285 0.615156591 0.683797836
    0.398424923 0.297495723 0.534024417 0.276828766 0.243789732
    0.300676703 0.201177031 0.568703949 0.800132871 0.12494269
    0.574524879 0.152967244 0.925859571 0.0790458322 0.518708706
    0.550552487 0.445549369 0.742687643 0.370262563 0.263247669
    0.971919537 0.390957475 0.0353304148 0.186967641 0.804040134
    0.884653449 0.150610715 0.0970154703 0.139433771 0.249347866
    0.0599954724 0.133594275 0.0177962184 0.80704248 0.498580575
    0.727424324 0.519725144 0.436038107 0.344703764 0.683410943
    0.630166709 0.280450463 0.851725698 0.839308858 0.144368589
    0.195664346 0.11338684 0.454415202 0.254212201 0.800403357
    0.573110044 0.471460313 0.712139666 0.103638679 0.693869531
    0.25505048 0.408080369 0.0225349963 0.747959018 0.378182024
    0.277916372 0.380075306 0.382859647 0.430753708 0.0838468969
    0.671172142 0.936974823 0.666176856 0.612401545 0.30208087
    0.760889411 0.329142749 0.526978374 0.789311707 0.13901028
    0.0494527221 0.730765939 0.413341343 0.971453786 0.140301824
    0.244312257 0.798555672 0.726724386 0.126268566 0.0807997882
    0.133130699 0.2001656 0.617867649 0.891569853 0.859971166
    0.531805456 0.652147651 0.252244353 0.525501728 0.153630465
    0.402738571 0.021360606 0.665319681 0.191377074 0.190715969
    0.299512297 0.125463068 0.623860538 0.0720774233 0.27368325
    0.392526507 0.0691055954 0.0148390234 0.922972798 0.456854582
    0.700487971 0.830702603 0.926309228 0.178254902 0.130568475
    0.227443904 0.0172320008 0.43350175 0.855745256 0.234629065
    0.544324994 0.764597714 0.667743087 0.610862076 0.0111196637
    0.562652767 0.565948367 0.33544746 0.117297947 0.930631518
    0.17825222 0.600195825 0.0806632042 0.237544566 0.294779122
    0.651870131 0.566014051 0.162172407 0.679442227 0.711448491
    0.834536672 0.42988202 0.301219225 0.872059882 0.871032 0.539513588
    0.458583623 0.400593221 0.268860459 0.2807495 0.919844151
    0.506079495 0.812301815 0.55636245 0.541139424 0.438166529
    0.0299728811 0.626428246 0.254995346 0.641866267 0.404810816
    0.0635112524 0.0815817714 0.524959624 0.142767757 0.114336491
    0.732637405 0.927066147 0.877541423 0.617382467 0.437016726
    0.105602026 0.743971765 0.713878155 0.317836583 0.891434789
    0.951082289 0.224892557 0.993476868 0.736063778 0.533428192
    0.0314382613 0.662939191 0.684450328 0.886144519 0.335794657
    0.333717138 0.558552682 0.568466425 0.320432663 0.396707445
    0.300218284 0.810360968 0.812876463 0.708080292 0.234590501
    0.624677718 0.660957336 0.0944432616 0.851005912 0.0315980613
    0.0124613941 0.380078435 0.426196396 0.605123758 0.346910387
    0.613193154 0.130542576 0.397296131 0.767555833 0.790901244
    0.288892657 0.818870068 0.582699716 0.731869221 0.127310961
    0.869662046 0.133981436 0.456115723 0.199601978 0.0320858061
    0.0456937551 0.359322786 0.113308936 0.599082708 0.570984364
    0.453799754 0.96135807 0.529276431 0.781569421 0.529116511
    0.402896583 0.360278577 0.14244476 0.88117069 0.946202576
    0.382417738 0.0258740187 0.610504448 0.212465256 0.628518045
    0.798524916 0.90983808 0.779390216 0.457251579 0.0665735304
    0.570368588 0.749482095 0.930178881 0.448896229 0.799896419
    0.853381991 0.0570268631 0.48011595 0.300666273 0.404308975
    0.900164366 0.363383651 0.724493861 0.829895377 0.813221097
    0.654153943 0.723263144 0.29330945 0.136537313 0.0480874777
    0.305667281 0.846740782 0.218451381 0.705892444 0.86030221
    0.127109468 0.662789643 0.781297922 0.997658968 0.233136863
    0.709248662 0.589015126 0.516905427 0.155846119 0.0963310301
    0.775552988 0.0537080169 0.301211178 0.505901814 0.493671447
    0.168236166 0.175698131 0.165777594 0.897968471 0.331500292
    0.236359358 0.308947772 0.132058948 0.813216805 0.297299385
    0.478246272 0.0560960174 0.573747396 0.905071199 0.539286613
    0.276766658 0.241178691 0.0209644139 0.679109991 0.728598833
    0.451157093 0.87378931 0.36670661 0.767965198 0.524125278
    0.591119051 0.148741066 0.610687733 0.142177284 0.177072227
    0.483959854 0.0986185372 0.91938436 0.420543551 0.670790315
    0.923029721 0.643193722 0.769651532 0.42762208 0.960224867
    0.523467302 0.831064284 0.794953465 0.8932302 0.221444249
    0.883207858 0.148532271 0.745714366 0.430803329 0.839392781
    0.393600196 0.0314386189 0.346086085 0.0772141814 0.542410314
    0.770678043 0.64451915 0.43051374 0.358189851 0.834256649 0.74900943
    0.682033181 0.542587638 0.162316918 0.670802116 0.849152327
    0.23949033 0.705765605 0.48880437 0.838746428 0.569666564
    0.417623848 0.919874251 0.978805661 0.458700836 0.591669917
    0.265359282 0.603901505 0.587521195 0.232564807 0.74183929
    0.580288768 0.979063392 0.230185866 0.0741728544 0.41490069
    0.0810135603 0.872192502 0.636438787 0.438226759 0.237024039
    0.760919213 0.460211933 0.327705324 0.963759422 0.763127685
    0.967900634 0.102842242 0.86761874 0.0565926731 0.361303687
    0.511847973 0.62270081 0.82988894 0.463041633 0.832027912
    0.0713448524 0.740284204 0.40971595 0.655553997 0.148005486
    0.737353802 0.840490103 0.553872108 0.323481619 0.42088151
    0.921575129 0.942110479 0.836779833 0.559938848 0.203302801
    0.377352357 0.33489421 0.271440923 0.626758397 0.727457166
    0.0144599676 0.705625772 0.0918526351 0.842661858 0.113368392
    0.903660357 0.343865633 0.349460036 0.940162063 0.352198154
    0.450246304 0.85863483 0.132280052 0.50310117 0.0554131269
    0.908883452 0.543449879 0.809775472 0.22017163 0.553376973
    0.292788923 0.729810297 0.827833295 0.254343748 0.352792799
    0.862723947 0.158178121 0.366315544 0.0519813597 0.826125741
    0.966372728 0.26687026 0.269960463 0.576924145 0.167247087
    0.0124251842 0.574123859 0.248493105 0.00533258915 0.876356363
    0.149127007 0.58301723 0.0148326457 0.806459248 0.740342796
    0.818407416 0.468782216 0.295798719 0.920128226 0.938384652
    0.59670341 0.174542874 0.713795006 0.511476934 0.289824814
    0.751792789 0.10828346 0.44884029 0.65658015 0.556027055 0.357915521
    0.172415584 0.884954989 0.354001909 0.599893868 0.643405437
    0.763437271 0.899806738 0.597314894 0.0419324636 0.041646868
    0.984092116 0.0958792567 0.220269859 0.9739815 0.995480657
    0.508122027 0.202965438 0.277340353 0.387390226 0.787279248
    0.165506035 0.463368952 0.759689927 0.587016523 0.578608453
    0.0246261656 0.339529991 0.983684003 0.00793030858 0.560176313
    0.770229161 0.398981929 0.945554852 0.648576915 0.0785927474
    0.322267115 0.369531512 0.404607773 0.969045043 0.767190516
    0.499949753 0.816133201 0.294815421 0.57706362 0.58563453
    0.736262918 0.291940928 0.41233325 0.316596687 0.887561321
    0.121160269 0.959662735 0.48647356 0.738354504 0.509977639
    0.454669327 0.0892511904 0.303848088 0.584071696 0.178927749
    0.585863173 0.858670354 0.565140426 0.00207021832 0.018130362
    0.0557696223 0.968221784 0.055549413 0.841784775 0.0865627527
    0.76474452 0.105157673 0.984387696 0.185247064 0.570047915
    0.689278305 0.798993409 0.598702073 0.912798405 0.867333412
    0.346404254 0.631384492 0.314467549 0.131105423 0.332828432
    0.570684314 0.36120376 0.0231125653 0.022903353 0.573339939
    0.912892103 0.469418973 0.21749717 0.672352552 0.722836912
    0.568048358 0.778509259 0.552023828 0.341547489 0.732836723
    0.834907651 0.212156892 0.709083676 0.319255292 0.319624603
    0.160533786 0.589615762 0.102054685 0.26176846 0.840158582
    0.575413644 0.400985837 0.356064677 0.99965167 0.0804491043
    0.559640348 0.406311095 0.77815032 0.225226283 0.833544374
    0.131063908 0.863851905 0.194248736 0.284652025 0.895768702
    0.338561475 0.706662416 0.146055073 0.381995291 0.591354072
    0.376526713 0.553424358 0.469382703 0.352707148 0.777722001
    0.495625079 0.629367948 0.341882944 0.813112974 0.595541716
    0.747081697 0.440346479 0.738699138 0.05726403 0.710865378
    0.550425768 0.284962386 0.308238983 0.449620813 0.267795146
    0.12499103 0.260947347 0.190832824 0.554249644 0.172096074
    0.336016178 0.320058525 0.709990144 0.547308564 0.763708949
    0.782396317 0.720247567 0.429127932 0.403514296 0.317384779
    0.530843139 0.361449003 0.907860756 0.00624260306 0.490798861
    0.305805176 0.047565788 0.0650805533 0.287031442 0.311507493
    0.606083393 0.129891694 0.363810062 0.403372914 0.905450225
    0.77024889 0.810839295 0.628966093 0.805002391 0.950668573
    0.307702631 0.811235666 0.333499879 0.924121261 0.921849251
    0.592648387 0.94603622 0.950998545 0.668079495 0.757904053
    0.382649332 0.0624520779 0.724830687 0.936773062 0.299515724
    0.660918236 0.0461066961 0.346035182 0.515665829 0.781903148
    0.640804887 0.665387213 0.510186315 0.641238868 0.698182106
    0.372422636 0.0606701076 0.405022353 0.976727307 0.437861472
    0.330616474 0.819222689 0.393574238 0.301715583 0.796822309
    0.878204823 0.122376591 0.276704609 0.325057745 0.632128954
    0.909409881 0.610641062 0.276331842 0.972914219 0.705862403
    0.346776426 0.644682288 0.138200521 0.921189129 0.20917961
    0.195901871 0.853746057 0.421836317 0.458344638 0.758633494
    0.976501107 0.0277336836 0.128430873 0.254194319 0.0217719078
    0.969264507 0.410544127 0.740277767 0.573347867 0.235171527
    0.480346262 0.432320684 0.830733836 0.924069047 0.405216426
    0.62140578 0.0423338115 0.527030885 0.896097004 0.502217412
    0.738295197 0.55064404 0.192361563 0.679890752 0.334158659
    0.328843415 0.18478471 0.202067226 0.438494682 0.374834657
    0.332845449 0.708894491 0.388715982 0.559224665 0.238648176
    0.287263751 0.0955476761 0.027936101 0.41316542 0.240251929
    0.237801284 0.398931801 0.43707186 0.231188297 0.95328337
    0.595740378 0.0575077534 0.0881723762 0.515763283 0.516714931
    0.800574064 0.579952896 0.478539437 0.931618035 0.545497417
    0.0448152423 0.58795166 0.956043959 0.130436987 0.309546441
    0.639177978 0.88767767 0.72724843 0.0929851234 0.116392255
    0.82324332 0.861351132 0.6846174 0.659690678 0.874137104 0.192488819
    0.447157919 0.388889998 0.278293431 0.742146254 0.577560961
    0.885178328 0.369269133 0.568116605 0.275109798 0.472092211
    0.37626186 0.962844551 0.565853953 0.0939626396 0.771510959
    0.325618982 0.106738418 0.137785941 0.0324474275 0.0543332696
    0.22858128 0.801835299 0.439264148 0.897943258 0.318053067
    0.340212464 0.800665259 0.392468452 0.321375847 0.902396798
    0.717974663 0.867582083 0.162727773 0.030482322 0.456611782
    0.73167026 0.283677757 0.855494738 0.681553662 0.692174792
    0.542330444 0.122119397 0.172846824 0.260594219 0.512929082
    0.85913384 0.0260528326 0.401154578 0.58235538 0.727877855
    0.14529714 0.888101339 0.193472564 0.298457801 0.65582788 0.05881688
    0.630762041 0.722890079 0.479524255 0.033767432 0.0263323784
    0.233470857 0.887985945 0.762344122 0.0652402937 0.924867153
    0.218539238 0.417594492 0.332441926 0.739287138 0.576954007
    0.821859837 0.811978459 0.181011677 0.0885062218 0.137831897
    0.737167358 0.711959839 0.364727914 0.776790619 0.12324217
    0.65608561 0.16871962 0.291009665 0.405120075 0.480876476
    0.196714163 0.356562912 0.740118504 0.279918313 0.948201478
    0.297821462 0.0768782794 0.541111767 0.233240813 0.181104153
    0.565268219 0.363487542 0.823781371 0.200710446 0.674214125
    0.546810925 0.020911932 0.657154024 0.900642872 0.929669619
    0.510886967 0.220682383 0.11095804 0.888481975 0.489957571
    0.401598573 0.955076575 0.197323829 0.655111015 0.890011489
    0.747435331 0.464003056 0.0737495422 0.514561057 0.404081017
    0.809945822 0.919709802 0.039455533 0.520247042 0.555056512
    0.291682363 0.460049629 0.492273629 0.807581365 0.0080948174
    0.504564583 0.462557226 0.109196246 0.959196925 0.0207734704
    0.93061322 0.370082796 0.81898272 0.144282103 0.751737297
    0.899163127 0.949548066 0.880557775 0.119801432 0.876495004
    0.432878733 0.71854192 0.05044204 0.100541741 0.144791991
    0.250965714 0.199128658 0.754193783 0.466872126 0.940361559
    0.927331328 0.306069016 0.314568251 0.842071652 0.336324215
    0.19653073 0.512929142 0.710168958 0.973863959 0.309339523
    0.138018072 0.648252904 0.406430542 0.369930834 0.859447956
    0.215123713 0.270739377 0.0783641338 0.238076717 0.120999306
    0.976130962 0.723339021 0.350412667 0.715749025 0.704314947
    0.256449461 0.56069392 0.515576541 0.927075982 0.427017808
    0.22551012 0.344963849 0.811344147 0.0712366998 0.168470562
    0.0170077682 0.309722841 0.0145888031 0.43677479 0.0658745766
    0.496068686 0.771324158 0.000139802694 0.762150407 0.0588389039
    0.76899004 0.514418244 0.995794177 0.77343595 0.0957292914
    0.194647729 0.584142566 0.83672905 0.319956005 0.0754072368
    0.458695889 0.224314511 0.151523203 0.587526321 0.54549396
    0.317769289 0.361836255 0.906179845 0.8453933 0.28348574 0.67110467
    0.808124423 0.746963501 0.3436836 0.253536284 0.42607826 0.152662009
    0.85677439 0.444086105 0.915093541 0.806519508 0.729982495
    0.532283604 0.935600758 0.315183818 0.168868423 0.166794926
    0.529718995 0.600408494 0.844387412 0.347002923 0.583696246
    0.104187608 0.644989252 0.281848907 0.780807137 0.756110907
    0.996399581 0.47253415 0.791316628 0.985105515 0.0896776319
    0.0966398716 0.283511996 0.680566788 0.787022114 0.706607282
    0.545005739 0.577518404 0.386583149 0.262191564 0.890669107
    0.103829235 0.793180168 0.0587343574 0.0457276106 0.024117291
    0.743305802 0.784519672 0.739831328 0.371462643 0.175473034
    0.465727508 0.374731541 0.276542902 0.331637144 0.591000021
    0.370494306 0.893106878 0.455933988 0.957246542 0.708493769
    0.466484278 0.306571543 0.997848451 0.304653764 0.702203989
    0.650038838 0.153779835 0.961651802 0.650266051 0.45920217
    0.242511183 0.229204088 0.360687941 0.97982955 0.729466736
    0.0567810535 0.509617925 0.737356067 0.112276793 0.800799727
    0.370555699 0.342983603 0.774209976 0.831163287 0.308616102
    0.27307418 0.317805767 0.783319354 0.215164542 0.866883636
    0.453465879 0.256792426 0.220116854 0.194962949 0.527688205
    0.112188667 0.179760128 0.869053483 0.987391591 0.962021351
    0.276313245 0.940441012 0.557032824 0.383597314 0.718483508
    0.441970199 0.78041935 0.994141221 0.389894545 0.214689642
    0.813268244 0.818919063 0.80150342 0.492676765 0.574624717
    0.825928032 0.200470299 0.470231265 0.858181238 0.636272788
    0.847480357 0.820129752 0.18541652 0.139035583 0.391792208
    0.598101914 0.137922645 0.0571423769 0.736931205 0.381243348
    0.473603368 0.160638154 0.35712862 0.332863808 0.0455704629
    0.388603657 0.698773324 0.789322257 0.977596521 0.542229056
    0.249793977 0.0725856721 0.177257568 0.73712647 0.560741901
    0.90534395 0.808594584 0.353959829 0.988617063 0.0652095973
    0.476316333 0.538986802 0.740458727 0.276499867 0.886556387
    0.222289354 0.756396294 0.109840125 0.724239588 0.970804751
    0.333209932 0.390517235 0.0289738476 0.534617484 0.535105705
    0.976685941 0.30153209 0.988588393 0.190929413 0.957945228
    0.878263354 0.668959379 0.316406667 0.802734613 0.444050193
    0.772214293 0.345811367 0.767300487 0.423924029 0.287553996
    0.624202073 0.856973231 0.367091298 0.12588504 0.427054226
    0.797117114 0.773038149 0.933950424 0.375148535 0.125008315
    0.958510399 0.0312580764 0.0801435113 0.361890495 0.23853159
    0.992571175 0.576197028 0.121677697 0.963689089 0.629070044
    0.114737809 0.631278276 0.919000328 0.863209486 0.0909699798
    0.67177844 0.519028962 0.992011189 0.147304624 0.691475868
    0.0343893468 0.106811643 0.492318362 0.900226891 0.582017183
    0.758839905 0.79001385 0.210917354 0.53457427 0.924058199
    0.117826253 0.20926854 0.780907512 0.0508425832 0.491018295
    0.603909552 0.326536745 0.43967551 0.798855186 0.61498332
    0.0468422472 0.900191247 0.840667009 0.451903969 0.92893517
    0.359889209 0.111210734 0.896141291 0.430869341 0.236711532
    0.408865213 0.0705982447 0.526634097 0.162336022 0.25498569
    0.899462342 0.752272367 0.503054678 0.58465451 0.39155972
    0.216105103 0.692017913 0.486890078 0.954297841 0.748447776
    0.435814083 0.246730477 0.939414203 0.855897009 0.0991856158
    0.326816976 0.794442773 0.807110786 0.280212313 0.447127521
    0.377121001 0.339241624 0.533809185 0.823437035 0.0414974689
    0.665840924 0.758595586 0.244042128 0.251751304 0.911191821
    0.797942996 0.848285496 0.352909744 0.969081461 0.916183114
    0.992646873 0.269678771 0.25440523 0.792104244 0.506477356
    0.690502584 0.601247191 0.082735002 0.253054827 0.964224458
    0.353269845 0.561617792 0.726031482 0.580958188 0.211456865
    0.588766217 0.0957472324 0.483431697 0.59780699 0.925332665
    0.10513714 0.143029869 0.519115508 0.72646904 0.0550499856
    0.226833791 0.308152795 0.842999578 0.649872124 0.890635431
    0.336026728 0.266208768 0.0692280531 0.929192424 0.466799825
    0.0673968494 0.779311597 0.834720612 0.572997153 0.146588326
    0.539720297 0.478380054 0.797592103 0.0204069912 0.0107064247
    0.860323191 0.762673378 0.164963633 0.447631299 0.142331898
    0.942842245 0.41516763 0.551008761 0.273963809 0.575124681
    0.492676049 0.502969503 0.325061738 0.89331305 0.723369896
    0.531478643 0.0544032156 0.0656165183 0.877313077 0.0283690691
    0.0469439328 0.29183951 0.202444345 0.62278533 0.0267054439
    0.80706501 0.375110209 0.125750691 0.967839599 0.508647561
    0.884521127 0.213424832 0.478259861 0.185763508 0.93766892
    0.0687705576 0.786240935 0.608307242 0.763154924 0.567370415
    0.342066824 0.612977743 0.162370265 0.558820546 0.350338101
    0.379108727 0.347515583 0.723591566 0.0846696794 0.924377739
    0.910740733 0.814739704 0.271776736 0.553361952 0.124737442
    0.192050576 0.721081555 0.37830016 0.611219525 0.190125704
    0.765509188 0.940339208 0.429635018 0.450637013 0.893431485
    0.867828608 0.643665671 0.249572903 0.199142992 0.0589073598
    0.961397052 0.747547448 0.730406642 0.675634623 0.189324766
    0.514441788 0.26993072 0.992914379 0.863134265 0.469859749
    0.420618236 0.940146565 0.499487847 0.533227742 0.65228343
    0.779589891 0.255499125 0.670030534 0.724844217 0.215468645
    0.849122047 0.0475769341 0.106720388 0.450182706 0.306296349
    0.094075352 0.862603426 0.523266792 0.549027085 0.95632273
    0.0798844695 0.229659915 0.0944076478 0.336720288 0.170569539
    0.470687836 0.0579319596 0.536847949 0.252530426 0.126839459
    0.240561575 0.692572236 0.841111481 0.880395949 0.284644306
    0.101282388 0.535838425 0.181957901 0.00514388084 0.198008925
    0.796942234 0.59610492 0.772681594 0.444986701 0.322943658
    0.617236912 0.794312358 0.0518500805 0.679911852 0.605126619
    0.47664535 0.780065536 0.705607355 0.958942056 0.834945679
    0.823335648 0.853303671 0.365440696 0.140104353 0.00761950016
    0.211702436 0.557591021 0.804270029 0.88967514 0.0845515728
    0.0941335857 0.800555825 0.917188525 0.213139594 0.840638161
    0.12588349 0.749356151 0.854282975 0.808692575 0.0937965512
    0.115655243 0.157005101 0.504258752 0.995130599 0.172821015
    0.865270734 0.704541445 0.000157982111 0.0668263733 0.772215009
    0.7359519 0.287125349 0.122917056 0.3770307 0.146255583 0.580824971
    0.734660029 0.24162069 0.246507376 0.207307667 0.259416193
    0.912077904 0.031910032 0.731245458 0.589594364 0.767304301
    0.171928227 0.225800812 0.516272962 0.798442245 0.192542851
    0.556447685 0.859829187 0.293342412 0.43744421 0.341646999
    0.694054365 0.275229394 0.866487026 0.553922772 0.994609237
    0.54214108 0.0146766305 0.873469353 0.860551238 0.933906436
    0.214074582 0.184696764 0.626511693 0.838671207 0.314581335
    0.343106031 0.906854868 0.922521472 0.936903775 0.34150362
    0.444847226 0.390074432 0.92353487 0.0659971535 0.623278797
    0.331380427 0.615781128 0.483168125 0.283780813 0.239647627
    0.405991852 0.599812627 0.512415648 0.410417497 0.197943956
    0.754103959 0.415887654 0.223997653 0.478617698 0.66214776
    0.571429014 0.404404581 0.384330213 0.123144746 0.746221781
    0.877592206 0.495633245 0.286704123 0.0379686058 0.271384478
    0.885868669 0.351897061 0.954889059 0.278759241 0.897853315
    0.341478884 0.223620117 0.0476593971 0.756799638 0.117907465
    0.165911227 0.732003152 0.150065064 0.0386811793 0.954093575
    0.803211331 0.954707146 0.480291605 0.34952575 0.846287966
    0.660295665 0.705843091 0.636583388 0.543271542 0.503690064
    0.697504699 0.118418157 0.255319118 0.562707603 0.840916157
    0.715715528 0.179391026 0.283685565 0.575161755 0.937019289
    0.55825597 0.970989347 0.0640628934 0.0611591935 0.162328988
    0.586220622 0.825079441 0.0920980871 0.291585207 0.263602048
    0.395680249 0.965231001 0.161368966 0.68607223 0.22343123
    0.539983034 0.600574851 0.526792645 0.578018546 0.905068457
    0.0324687958 0.716174662 0.39098084 0.544981122 0.46550867
    0.804166257 0.81432277 0.683827519 0.443255395 0.93753612
    0.0193293989 0.0609584451 0.184088469 0.455369592 0.79112643
    0.224407256 0.807779789 0.416277528 0.343988538 0.315142095
    0.209794253 0.000799238682 0.385192215 0.291954428 0.882541537
    0.238319159 0.0649744272 0.883911133 0.672164679 0.858318925
    0.288762391 0.230120838 0.48040542 0.295147359 0.0450992882
    0.429116011 0.227818161 0.140788049 0.9656955 0.775581181
    0.555645883 0.705775738 0.617020607 0.0330915451 0.505052388
    0.192007154 0.284366935 0.961767554 0.862662613 0.0230989754
    0.0262972414 0.895936608 0.801196098 0.315843225 0.956492543
    0.582470775 0.357068002 0.229163796 0.181666911 0.322267056
    0.09807688 0.0757492781 0.459748387 0.464089334 0.658540606
    0.486526489 0.0456803739 0.969088793 0.863024473 0.206994027
    0.476074606 0.241324335 0.541135192 0.5210976 0.635620534
    0.493599474 0.341312826 0.459082216 0.395657152 0.993884087
    0.480891705 0.850356519 0.357896775 0.58540225 0.333966941
    0.634813666 0.93661499 0.292644918 0.340750754 0.623930812
    0.480981499 0.689516902 0.785123169 0.660342216 0.268271446
    0.277065694 0.394182652 0.535443723 0.101118863 0.322068661
    0.868173838 0.698087096 0.303845614 0.745446801 0.386883825
    0.104225099 0.591336906 0.523057103 0.0649650991 0.440132052
    0.407218069 0.192482501 0.991850078 0.0981779993 0.93896234
    0.500134766 0.639366686 0.747554958 0.435992837 0.965240002
    0.7402246 0.429980785 0.127130777 0.12833631 0.342938006 0.636334062
    0.426828682 0.748592615 0.417346567 0.659038424 0.950680614
    0.601646304 0.873928428 0.937437117 0.922849298 0.52667129
    0.523892403 0.784836173 0.369998246 0.84431982 0.396764964
    0.869499803 0.266482919 0.143427849 0.54025805 0.337037206
    0.726850569 0.435816109 0.885950685 0.816763759 0.992551446
    0.0592115819 0.991050839 0.110503703 0.385794699 0.308462381
    0.0566731393 0.541361988 0.177442133 0.44624275 0.223021537
    0.516480267 0.241035908 0.662816167 0.559841156 0.54384625
    0.442679226 0.993942142 0.964268565 0.932663321 0.139002919
    0.853515744 0.374801874 0.310972571 0.287881911 0.533699155
    0.697536409 0.997830868 0.972756982 0.0136356354 0.537200272
    0.680063665 0.787529111 0.437613964 0.51528728 0.789149582
    0.0950715244 0.21751982 0.642826498 0.406941891 0.0199118853
    0.416710049 0.931740165 0.0374243259 0.437228739 0.57623142
    0.116771668 0.936742961 0.0677136183 0.797837675 0.118030787
    0.379918188 0.723489642 0.380491674 0.0644188821 0.614035249
    0.718743205 0.754148245 0.951303303 0.301826298 0.325119793
    0.899119973 0.088157475 0.915840089 0.109918237 0.21374917
    0.405319482 0.770373464 0.182958871 0.021178782 0.650057197
    0.482494652 0.173596472 0.677817941 0.848588705 0.679082811
    0.805660367 0.947095633 0.875581145 0.710845292 0.625204086
    0.753864408 0.284562349 0.796302736 0.550982237 0.762175083
    0.707779944 0.596851826 0.30625838 0.995128512 0.0743839741
    0.114238977 0.978943944 0.279744029 0.214492053 0.897326231
    0.524741828 0.309733152 0.491349071 0.514760792 0.86505115
    0.014851898 0.11625421 0.476071298 0.0788138509 0.646943152
    0.688136637 0.0630022287 0.747347534 0.454730242 0.401991069
    0.46151942 0.44351995 0.41377455 0.253514171 0.755071044 0.647035837
    0.433541954 0.203481406 0.324195415 0.820799828 0.890282035
    0.150441587 0.797930717 0.0137692988 0.71265322 0.841831684
    0.683063507 0.974974275 0.214790523 0.361186951 0.156891495
    0.503125966 0.658318281 0.743874133 0.675593317 0.855073094
    0.318366528 0.0291984379 0.590910316 0.527263403 0.360642076
    0.344500601 0.589541018 0.360531628 0.592890024 0.55497539
    0.130172044 0.468630552 0.172941715 0.602689266 0.859514415
    0.765972316 0.540609658 0.443964839 0.644219935 0.317125261
    0.933831334 0.00901126862 0.527738094 0.636141479 0.568778872
    0.306614757 0.762059689 0.564511299 0.623671114 0.791612148
    0.730812013 0.135985196 0.120187074 0.369245172 0.956652164
    0.41685921 0.985012949 0.651624918 0.499002129 0.0966149569
    0.392209053 0.152013958 0.102997571 0.971587658 0.842985928
    0.558057189 0.204082817 0.900179744 0.144154042 0.0934680104
    0.581151128 0.577178001 0.867818773 0.236568362 0.387613982
    0.953289151 0.64665091 0.133969307 0.155075282 0.270270646
    0.429385483 0.0492516458 0.262084723 0.883065104 0.174715906
    0.517492175 0.902831376 0.28680867 0.216470957 0.269925833
    0.582056463 0.199503332 0.458174288 0.0677333772 0.171877503
    0.0159497857 0.900918126 0.442117363 0.746896982 0.386401534
    0.854313493 0.682042539 0.91102314 0.335725158 0.286390394
    0.0980204344 0.408309996 0.919806361 0.769359708 0.573357761
    0.756802201 0.909302711 0.757135391 0.951823294 0.684996367
    0.537276745 0.219577044 0.731085062 0.224352062 0.0137839019
    0.757759571 0.886172533 0.748263896 0.414911509 0.766508818
    0.074316144 0.63356632 0.178167045 0.181134135 0.208574176
    0.825158119 0.139816195 0.225509733 0.154867113 0.690210819
    0.236646652 0.628207803 0.189539105 0.583364367 0.923647165
    0.133530647 0.53832835 0.058765918 0.391283333 0.534302294
    0.826598823 0.52662921 0.622118354 0.824534178 0.215035856
    0.236212164 0.00675576925 0.382466316 0.365162134 0.774928868
    0.942286253 0.70059067 0.711475551 0.48101455 0.464372814
    0.682058156 0.465957642 0.749622464 0.367259026 0.996142983
    0.855921865 0.221099347 0.23297441 0.199050695 0.626521409
    0.118680239 0.812669754 0.948310971 0.330316156 0.0311409831
    0.929885507 0.0379937291 0.230298966 0.720147371 0.188615948
    0.280275702 0.476736188 0.573425949 0.978055 0.27700308 0.399417609
    0.791342795 0.460701495 0.121830583 0.262592852 0.574470997
    0.388990521 0.138940513 0.476247966 0.878798187 0.0251153409
    0.422426313 0.84444207 0.712021351 0.00108611584 0.714708209
    0.320915133 0.260776043 0.246672243 0.28425175 0.0955566466
    0.623341322 0.30763036 0.153003752 0.202622354 0.142082095
    0.266720533 0.483617544 0.0980473161 0.0870396793 0.103252292
    0.110973001 0.284844577 0.883886933 0.201003671 0.763229311
    0.910185874 0.493197411 0.719371557 0.188679576 0.933606744
    0.81408751 0.237330258 0.832517982 0.29443562 0.00752526522
    0.0177041292 0.952753901 0.732109904 0.736299992 0.600358307
    0.654182911 0.403292865 0.713458002 0.742534757 0.463422179
    0.0670858622 0.65419513 0.491102189 0.844394684 0.239504367
    0.526929021 0.687479317 0.542088032 0.229967713 0.206278145
    0.636677682 0.465727687 0.899898708 0.637632191 0.953164399
    0.619617403 0.494849205 0.67742306 0.65474534 0.724399328
    0.504477143 0.770606399 0.436800301 0.926672995 0.749696255
    0.558946788 0.802774131 0.933522165 0.300400853 0.138607085
    0.865536928 0.898433805 0.483995378 0.369359404 0.69227916
    0.0993818343 0.0427758694 0.534460843 0.298884064 0.368676484
    0.457074732 0.934849977 0.0447016954 0.217487425 0.778420568
    0.89702034 0.215499669 0.83256793 0.0084901154 0.645597875
    0.358888566 0.834305644 0.431047499 0.299610794 0.677137256
    0.378631979 0.499592215 0.27180016 0.797436357 0.767072916
    0.687808514 0.779708982 0.94944787 0.661236286 0.775993168
    0.192460805 0.826238036 0.771383166 0.14706704 0.433285624
    0.742082119 0.0902650952 0.0428750515 0.296685874 0.253111422
    0.39374283 0.618201971 0.291887879 0.203308463 0.547706485
    0.65052557 0.248942643 0.271809638 0.681304455 0.55468756
    0.468958318 0.46914205 0.840296745 0.148110241 0.415340751
    0.341976106 0.1565516 0.21568507 0.0461718738 0.912577748
    0.301602989 0.574995697 0.973540902 0.618927538 0.252876937
    0.688854873 0.715055883 0.207726181 0.42412746 0.304531574
    0.494442761 0.195209175 0.0724454224 0.0542628169 0.173003256
    0.912895024 0.152615488 0.497132003 0.0641299784 0.494356215
    0.288262784 0.785464287 0.401969761 0.264130294 0.994586587
    0.867073596 0.721991777 0.296496958 0.219238549 0.0145475566
    0.188758582 0.358993232 0.275801897 0.332362771 0.0549384952
    0.851654768 0.723111391 0.383409977 0.810541511 0.166211307
    0.273692429 0.188344151 0.61728096 0.551006973 0.924683332
    0.28919512 0.905862093 0.881054401 0.51435709 0.30803895 0.468875676
    0.258787811 0.426307797 0.714094162 0.396097958 0.769097805
    0.876639962 0.236454636 0.0284616947 0.322737604 0.0922112763
    0.855540276 0.147932827 0.374043137 0.134351909 0.62905854
    0.732065082 0.679050088 0.450704098 0.602703393 0.844864249
    0.828235447 0.624177396 0.537043333 0.235388726 0.445760518
    0.0911323726 0.744902253 0.366472661 0.581509471 0.504873157
    0.53974551 0.566054881 0.479144841 0.934634089 0.574026763
    0.0654945672 0.328533947 0.691047311 0.381326556 0.418752462
    0.713312924 0.511665463 0.951729119 0.38185963 0.0659894049
    0.12134096 0.625343442 0.0819550157 0.482563317 0.0769342482
    0.4030191 0.0554943681 0.630511761 0.785488605 0.241873205
    0.455932617 0.994213343 0.458585441 0.787818909 0.718133807 0.439778
    0.540320992 0.760810971 0.101034313 0.101654917 0.91777432
    0.302510023 0.841050386 0.462121964 0.0263461173 0.266220748
    0.296596944 0.345244169 0.188076496 0.12139678 0.837763786
    0.0451633036 0.790850043 0.685734153 0.477043927 0.987652779
    0.494660676 0.586592436 0.338390023 0.294298351 0.35602504
    0.177659065 0.424124837 0.382759899 0.0769434571 0.289327979
    0.569301128 0.907640696 0.624970496 0.521607995 0.0497585535
    0.805121303 0.268724591 0.468818694 0.601164699 0.457039773
    0.606874466 0.149013579 0.49350673 0.201102346 0.296695918
    0.916004419 0.595639706 0.304433703 0.458135903 0.107567757
    0.742613554 0.0246093869 0.281627387 0.834893942 0.215806365
    0.915860295 0.14016664 0.439306617 0.221276104 0.767724037
    0.271245569 0.0662946105 0.208416551 0.740098655 0.627245903
    0.798518419 0.618838668 0.296490729 0.304388016 0.349224448
    0.27286613 0.456111312 0.0431317985 0.180230051 0.010489434
    0.155185163 0.699797928 0.255734146 0.111683875 0.0397637486
    0.979503572 0.966544449 0.344890982 0.925050795 0.0275113583
    0.267749012 0.404534638 0.785170496 0.859866261 0.343063235
    0.623642921 0.0041436255 0.381009698 0.728248 0.727634847
    0.434592068 0.131691605 0.611203372 0.579497695 0.486522913
    0.6894418 0.717391014 0.479312122 0.862258077 0.120913923
    0.915575624 0.36970517 0.982006192 0.235281974 0.749197185
    0.0535013974 0.375661701 0.271111578 0.434202433 0.972862482
    0.0603084564 0.673761964 0.0471010804 0.726177931 0.322954059
    0.82376647 0.776973844 0.527020335 0.0220021009 0.239942044
    0.225818038 0.774665296 0.808488786 0.213616073 0.240075856
    0.0741345286 0.791874528 0.603877306 0.632377028 0.59453094
    0.683463693 0.726271331 0.454506576 0.27353254 0.208357334
    0.581465602 0.359224558 0.733289361 0.736864209 0.460394531
    0.266819596 0.79693687 0.22496736 0.286071777 0.813282013
    0.602365553 0.982158065 0.566323102 0.829015315 0.382845491
    0.695857763 0.521264911 0.330276489 0.594327629 0.143750548
    0.360510856 0.0506297052 0.397486597 0.397592694 0.25813818
    0.345928043 0.651349664 0.139380157 0.216974378 0.944264174
    0.562266469 0.528398097 0.658167064 0.201573342 0.907677829
    0.438095421 0.0842030346 0.907320499 0.444643468 0.590024829
    0.32571435 0.0354571939 0.870979488 0.464467913 0.810441613
    0.648560643 0.381698102 0.0660391748 0.627733052 0.155373991
    0.34949246 0.848156393 0.210003018 0.20964393 0.317320436
    0.629991412 0.540883064 0.711352468 0.475462258 0.234670311
    0.547809601 0.00390723348 0.730803967 0.187726051 0.913861752
    0.00793391466 0.230306566 0.62469244 0.390602857 0.177860111
    0.993935585 0.109532565 0.859386086 0.16063571 0.700556278
    0.905068994 0.349457622 0.518270731 0.441766888 0.975447178
    0.114541233 0.911745787 0.749354839 0.138087302 0.0308371782
    0.883997798 0.469642609 0.143413097 0.939561009 0.671312571
    0.305772603 0.452257156 0.470999002 0.135847569 0.813928664
    0.297673672 0.0411086679 0.754924059 0.0013012886 0.550341785
    0.445604265 0.573341906 0.431187272 0.0126383305 0.962602258
    0.75962007 0.00191378593 0.154171735 0.850613832 0.677161098
    0.986554027 0.939752579 0.438021243 0.818844318 0.179247737
    0.230197489 0.00750884414 0.104304463 0.395323217 0.77814126
    0.580619812 0.273481488 0.226715207 0.939504385 0.129690945
    0.206514299 0.128357857 0.505821586 0.957584143 0.0386493504
    0.242893815 0.410979807 0.0241993368 0.956683695 0.188424051
    0.529160678 0.486693472 0.586866796 0.937195659 0.324217647
    0.373472214 0.318301976 0.345437855 0.43673265 0.331329167
    0.281965852 0.824682832 0.144099385 0.0264011919 0.804715276
    0.0186260641 0.798547149 0.792859674 0.969506145 0.287267417
    0.668585181 0.671670854 0.727561474 0.85189569 0.284151405
    0.262782931 0.435629576 0.979485929 0.909274101 0.661771715
    0.183090925 0.424102783 0.348895043 0.364171445 0.844654083
    0.628657579 0.542658925 0.122294754 0.898185253 0.616616607
    0.254705995 0.634043455 0.189921647 0.0494712591 0.63186264
    0.981122136 0.136444896 0.0767842531 0.21241492 0.462808371
    0.806590676 0.147042066 0.114622444 0.621607482 0.533278525
    0.00201335549 0.560116053 0.737362862 0.389547527 0.287775218
    0.606313467 0.407805592 0.995782971 0.390859872 0.422306657
    0.375071406 0.563146591 0.352966964 0.0582306385 0.594468713
    0.0564210713 0.6347363 0.127485216 0.406326801 0.543092847
    0.321439922 0.919634879 0.657407761 0.522995174 0.319713712
    0.862642467 0.162916034 0.268342495 0.454630107 0.416058213
    0.635564446 0.882663846 0.0835447311 0.997820199 0.844758034
    0.491473466 0.240057737 0.254032522 0.913485885 0.619424999
    0.190212846 0.679742694 0.219437808 0.431749523 0.147403955
    0.750905991 0.952074945 0.552315354 0.120451897 0.245893687
    0.598998308 0.725525022 0.44259277 0.323947072 0.438197166
    0.542552233 0.485121489 0.0571669638 0.209996611 0.277980268
    0.77130574 0.154918671 0.123225719 0.8345384 0.978782892 0.580876052
    0.621640027 0.119829923 0.162288636 0.10673663 0.488683641
    0.793896556 0.241269499 0.961915314 0.57635498 0.367577374
    0.616018414 0.0169848502 0.599505961 0.325429976 0.905725718
    0.640963018 0.437169522 0.226524949 0.77480197 0.654203117
    0.0556276441 0.0342689157 0.779089808 0.432230502 0.948358655
    0.985472858 0.655997396 0.151138484 0.719419241 0.910001516
    0.605882347 0.900768638 0.50745815 0.469373047 0.318595231
    0.985975266 0.324219078 0.0301831663 0.156432658 0.512792647
    0.597350538 0.464534223 0.642230272 0.581454337 0.70673573
    0.206242502 0.760028601 0.893980086 0.0647296011 0.0866385102
    0.172042459 0.767554462 0.331128776 0.7578578 0.576663136
    0.378222674 0.00934538245 0.997822583 0.403123498 0.871524036
    0.880741179 0.350583673 0.0357208252 0.56733638 0.497155964
    0.305648446 0.796110749 0.246477634 0.675988436 0.869862318
    0.256004065 0.402937889 0.685678303 0.48803401 0.465849847
    0.858073175 0.000104695559 0.582988203 0.467065722 0.207250208
    0.23634994 0.611965954 0.81347239 0.0990920961 0.0047968924
    0.564210832 0.194559276 0.137757629 0.776459336 0.871499836
    0.107495785 0.495577186 0.39357692 0.371021092 0.459648043
    0.997639537 0.624631941 0.149436712 0.893652081 0.446921825
    0.697889745 0.108261436 0.298875213 0.581058025 0.294627726
    0.612121582 0.851744533 0.853672504 0.5751912 0.927729905
    0.567905962 0.687188745 0.899286866 0.943811059 0.0823777616
    0.808478236 0.685263276 0.355007797 0.957375586 0.524629533
    0.756405294 0.579394937 0.39497602 0.606138229 0.609718204
    0.949155986 0.583868921 0.151106775 0.770215571 0.822916448
    0.690306008 0.914584637 0.386422753 0.465115458 0.835718513
    0.244028866 0.961220741 0.42072466 0.180180669 0.783027053
    0.42793414 0.945602119 0.663329184 0.319784969 0.402804494
    0.727409005 0.912168622 0.703882694 0.514881849 0.866654396
    0.849083304 0.674581528 0.954979658 0.129578114 0.110975862
    0.408058912 0.563338816 0.366548926 0.790035844 0.167123616
    0.0638013482 0.427651733 0.85356462 0.265487075 0.632732153
    0.799604416 0.562015355 0.988805532 0.712014258 0.826165199
    0.10095343 0.589717925 0.0731257796 0.451165855 0.9073053
    0.239939451 0.404344141 0.473964602 0.823887467 0.647666276
    0.872243404 0.76571095 0.167234421 0.52087754 0.81401515 0.706258774
    0.911785603 0.394834936 0.663808048 0.648314893 0.850089908
    0.403188407 0.217323631 0.857682586 0.566486955 0.191328913
    0.635719359 0.88521564 0.667969704 0.421397477 0.0437005162
    0.548888743 0.829767585 0.26641804 0.586893141 0.74169457
    0.0674651265 0.0400961637 0.133015931 0.94375819 0.408875287
    0.96553421 0.707673192 0.542866528 0.306190193 0.28968823
    0.682753742 0.63387078 0.382932633 0.414902717 0.25456965
    0.192156255 0.00200107694 0.493910402 0.41741702 0.295121729
    0.695579708 0.871834517 0.0314615965 0.897491276 0.967408836
    0.274843872 0.413334191 0.544197202 0.802969873 0.722153068
    0.523914576 0.809564769 0.0980336368 0.154485315 0.440800279
    0.57499975 0.069463104 0.933365047 0.661011219 0.592733443
    0.69160527 0.468949288 0.392589092 0.15148887 0.704949856
    0.138814121 0.525664508 0.103387356 0.000841170549 0.441150695
    0.0659895241 0.552247465 0.268758118 0.924687326 0.361428261
    0.516258478 0.00889289379 0.437909842 0.32352078 0.653786421
    0.972416341 0.0981459022 0.919289231 0.184664965 0.244071633
    0.594773352 0.439449281 0.4553487 0.0695133209 0.787247002
    0.447391063 0.77595818 0.546788752 0.0434815288 0.576160848
    0.843213439 0.223530859 0.683861971 0.593016267 0.72045964
    0.800661147 0.132035553 0.923393726 0.0343063176 0.416652858
    0.489196956 0.500682533 0.811988175 0.774928093 0.341084659
    0.478125334 0.64818126 0.297433674 0.293328404 0.495604336
    0.902266562 0.718661964 0.728443265 0.119418442 0.712994158
    0.363147825 0.197438836 0.924402475 0.89595139 0.353352278
    0.660535276 0.237740993 0.383679509 0.371584415 0.0174917877
    0.760190129 0.723074913 0.670295358 0.647847354 0.0353667736
    0.141328961 0.187816352 0.796204329 0.596794248 0.173321366
    0.908037186 0.250654995 0.659096718 0.223913759 0.211139679
    0.641653776 0.891505539 0.805455565 0.10586977 0.798338771
    0.857491255 0.863723993 0.994665861 0.519516945 0.416028023
    0.227341056 0.930546761 0.793685555 0.638706684 0.547359586
    0.404176325 0.00502216816 0.65073961 0.174285889 0.399079978
    0.131401837 0.48116231 0.413084179 0.466729462 0.631980956
    0.702576995 0.5755229 0.189374864 0.256122887 0.947877765
    0.380761415 0.668208003 0.159702212 0.19508034 0.518756747
    0.719204068 0.715387344 0.0176270008 0.785447478 0.0154403448
    0.216261685 0.270727158 0.834589243 0.993071675 0.443183541
    0.023509562 0.487925112 0.843804359 0.834371805 0.102177709
    0.705841064 0.460811436 0.623811364 0.09222278 0.421783268
    0.805704474 0.557862341 0.900713384 0.113453269 0.0945160389
    0.795823812 0.826498151 0.360124558 0.25746122 0.743182898
    0.293936104 0.261820674 0.47393772 0.591881156 0.794138312
    0.297313094 0.468785524 0.564846516 0.533825755 0.574230492
    0.111729354 0.605650663 0.0186098218 0.678915501 0.821593761
    0.666855931 0.613304555 0.0623992085 0.989117503 0.885085881
    0.128739864 0.790191472 0.824087739 0.937286019 0.316392064
    0.792727351 0.145359665 0.476616889 0.0126697719 0.406296253
    0.898270488 0.666294932 0.231053412 0.996272564 0.291585982
    0.782551527 0.899947703 0.720409691 0.393356681 0.687359452
    0.567818582 0.949741602 0.291645706 0.291847587 0.0797214806
    0.811687052 0.284061313 0.938602805 0.0350490808 0.326084197
    0.675458848 0.27709043 0.151423901 0.33947432 0.269566119
    0.526495337 0.504954815 0.732144713 0.266755283 0.865751982
    0.995088995 0.634535313 0.44689247 0.411661208 0.207390547
    0.470676184 0.0805433393 0.54242152 0.203176707 0.643575847
    0.645393431 0.0840523243 0.463143051 0.95505321 0.467067361
    0.466697305 0.40494591 0.907270312 0.759487808 0.603018045
    0.160065174 0.951253176 0.426720291 0.117454827 0.199268192
    0.297566742 0.483347028 0.435389549 0.695831358 0.305841267
    0.715618789 0.248562366 0.647533774 0.706804276 0.0745940804
    0.157627016 0.579645991 0.426291287 0.104881734 0.824570417
    0.442985743 0.152080208 0.879963994 0.493162841 0.778360009
    0.961763263 0.851924181 0.383913547 0.825342357 0.62384212
    0.726688206 0.357135594 0.79031992 0.481519461 0.760903358
    0.136542469 0.736318529 0.539439142 0.372174799 0.48508057
    0.788005114 0.288684547 0.394838512 0.160139978 0.828056812
    0.036847502 0.381887496 0.599688292 0.919841468 0.154321998
    0.708597958 0.22814244 0.808117151 0.112948716 0.119533718
    0.376483679 0.86952889 0.86539191 0.884181917 0.467782825
    0.526187062 0.295595646 0.296162248 0.503202081 0.499052972
    0.583682001 0.193841785 0.338645995 0.343816876 0.140898049 0.699368
    0.177078217 0.757162452 0.382549912 0.90456754 0.756800771
    0.413101554 0.364442527 0.801654935 0.710724175 0.450508118
    0.661039233 0.646239877 0.310164213 0.258668125 0.749855399
    0.5924716 0.682410002 0.141059071 0.781777501 0.60149008 0.918552816
    0.240196556 0.00503069162 0.687256217 0.218987435 0.142902672
    0.393269897 0.162939608 0.892361999 0.991961122 0.72980088
    0.0511371791 0.350135744 0.722181201 0.259836793 0.362590402
    0.912762761 0.902377129 0.522583961 0.361553818 0.0393038988
    0.465635926 0.617294371 0.775284827 0.369501501 0.47629863
    0.871429801 0.488248885 0.0196169615 0.678625166 0.857907891
    0.053442955 0.764976621 0.00652018189 0.0851756036 0.719613016
    0.478006095 0.0731847286 0.0720667243 0.201740175 0.144032031
    0.930871248 0.584822476 0.708629429 0.654241264 0.153138131
    0.583772004 0.437737525 0.238734037 0.480348021 0.496523798
    0.397571862 0.573310435 0.555667579 0.153313279 0.195172012
    0.238150865 0.467495203 0.141185343 0.669582009 0.630219758
    0.394533485 0.372250378 0.490024745 0.677915931 0.76308924
    0.53260392 0.2926296 0.617993712 0.729641914 0.175971538 0.202284902
    0.257322252 0.0548785925 0.300624818 0.570047617 0.413726777
    0.741136611 0.9503268 0.200339317 0.234683901 0.220142901
    0.590209365 0.721934676 0.217471302 0.729879022 0.5138641
    0.705958962 0.687226474 0.920520306 0.968570948 0.515418768
    0.791792512 0.4801144 0.423370242 0.542274714 0.771431625
    0.533259153 0.131931782 0.52327776 0.0666852593 0.528977692
    0.190444529 0.730377734 0.958816648 0.811943531 0.401011169
    0.576615751 0.456775963 0.832899094 0.150970548 0.142840534
    0.562529087 0.608544171 0.0148813725 0.156756759 0.21468696
    0.475249827 0.529872477 0.209097385 0.184151143 0.623201489
    0.456400573 0.826726437 0.723397434 0.375210345 0.0209599435
    0.085960716 0.0038652122 0.296813101 0.850550056 0.421255887
    0.488728762 0.294923961 0.817110062 0.122068137 0.225153625
    0.57752037 0.00445070863 0.665962338 0.515942454 0.558565021
    0.480587006 0.942842603 0.525626719 0.598023236 0.794545949
    0.187104613 0.324497193 0.821871161 0.157868415 0.984610915
    0.665034711 0.356397003 0.382181257 0.171406716 0.493922383
    0.955946684 0.643786788 0.649342656 0.707733393 0.38117072
    0.616171658 0.202582419 0.786745071 0.978199482 0.399076849
    0.641168237 0.300351441 0.164626956 0.463223994 0.885052025
    0.160180032 0.298950553 0.632360935 0.173620015 0.899652719
    0.304974735 0.296174467 0.391778558 0.109510541 0.420699865
    0.865404189 0.425284922 0.728889227 0.232917935 0.511052608
    0.490488589 0.220119685 0.15186739 0.0452249348 0.878050089
    0.554488897 0.152802736 0.910400033 0.578853786 0.659950793
    0.440111995 0.484753698 0.958635569 0.804112375 0.486574143
    0.8132357 0.618381321 0.738681376 0.260595143 0.503157973 0.84254384
    0.221431136 0.0291887522 0.14130792 0.0188668966 0.148185611
    0.472335666 0.596333385 0.0169398189 0.576098561 0.891260386
    0.948983431 0.521025956 0.743727207 0.980898261 0.0885871947
    0.677182913 0.0830008388 0.947668016 0.195837468 0.42638135
    0.259479642 0.185196429 0.920349717 0.289904684 0.696008205
    0.54015851 0.464106649 0.090385288 0.856084347 0.165165603
    0.667436957 0.387034833 0.185013205 0.937326789 0.633840442
    0.477069706 0.02714625 0.100166678 0.158800453 0.385109812
    0.675727606 0.303935468 0.289743245 0.580005407 0.913844883
    0.651910603 0.774629474 0.198446035 0.109879196 0.518523753
    0.38203764 0.0878513455 0.441429466 0.379820466 0.359962344
    0.149091542 0.757306218 0.822187126 0.346147269 0.707018614
    0.658324361 0.109789699 0.0032544136 0.352091074 0.080779165
    0.256169409 0.251664162 0.955441952 0.905997872 0.392880708
    0.256480157 0.652781606 0.206845373 0.470864236 0.578514338
    0.640254021 0.370930701 0.841194689 0.344822913 0.0689083934
    0.586520553 0.76885128 0.719550967 0.659424782 0.645086706
    0.772183657 0.513401866 0.172786653 0.166671067 0.978780448
    0.510220528 0.161240637 0.0927865207 0.243613958 0.844981968
    0.344407469 0.599745393 0.969926357 0.346944273 0.153663009
    0.543031037 0.464162856 0.887481868 0.539948583 0.979435205
    0.845701575 0.210337937 0.558798254 0.640514016 0.562098503
    0.361252725 0.451881349 0.83173275 0.00957497954 0.880153656
    0.449961931 0.200058401 0.394257486 0.754098237 0.624199986
    0.581314206 0.629205942 0.00604522228 0.216839284 0.678208947
    0.0573010147 0.653814256 0.315494835 0.896992922 0.10990271
    0.542297304 0.189275563 0.77526319 0.193637103 0.310205162
    0.0475178361 0.599274755 0.803858399 0.854411721 0.381436408
    0.88217175 0.459765583 0.588607609 0.70398736 0.296264172
    0.939657331 0.336826086 0.612172246 0.931591511 0.396686018
    0.0915315449 0.66617775 0.448073059 0.148254365 0.471925616
    0.106519163 0.676773489 0.787069678 0.898683369 0.831076741
    0.669321656 0.00232166052 0.519575298 0.102594703 0.0695477128
    0.797765553 0.579033673 0.400559425 0.78233546 0.773400843
    0.412803113 0.563244343 0.860051632 0.21025303 0.0720868409
    0.145599604 0.449021667 0.577969551 0.0823838711 0.954355597
    0.677076221 0.890690804 0.29991132 0.456252307 0.808520436
    0.775423169 0.914288104 0.970037699 0.029963702 0.859614134
    0.0310754478 0.383191347 0.317454994 0.00942465663 0.95067215
    0.846089244 0.879694462 0.770379186 0.808057189 0.0865810513
    0.139103532 0.232500434 0.802789152 0.893617451 0.828327298
    0.0779573917 0.00135904551 0.0337316096 0.390672624 0.0643502772
    0.570026278 0.571644425 0.339781672 0.026774466 0.0451993048
    0.40707323 0.189339429 0.709257305 0.694197714 0.550284982
    0.210550696 0.734193087 0.385513306 0.999834418 0.207270056
    0.811762333 0.586393714 0.132267386 0.714565217 0.838822007
    0.875490308 0.224931419 0.23748076 0.250427544 0.817188501
    0.172656149 0.635016203 0.902273118 0.0298327804 0.625429869
    0.841393471 0.65566957 0.612074375 0.915687442 0.195484042
    0.797095418 0.60330534 0.0428079665 0.692176938 0.320563436
    0.942996323 0.914709687 0.354952693 0.449443609 0.213144779
    0.746325374 0.119265556 0.714444876 0.519446611 0.907863855
    0.54838562 0.544729471 0.896201134 0.569780588 0.598552108
    0.594632983 0.886147141 0.869434953 0.768797696 0.127159566
    0.654411733 0.0752620697 0.498865932 0.971002221 0.669505119
    0.658436239 0.55538851 0.98036027 0.0241951942 0.571486115
    0.538422346 0.169137895 0.958074808 0.243847817 0.739528239
    0.14064014 0.87810427 0.0510361493 0.257104516 0.317088127
    0.848974347 0.943070769 0.14530614 0.847853184 0.689803004
    0.672334015 0.543096066 0.645228446 0.920900404 0.634840131
    0.68731308 0.653189421 0.858941138 0.50246042 0.187711567
    0.373012304 0.544211745 0.302615464 0.975842357 0.873742342
    0.0313277543 0.388917923 0.968830824 0.134943843 0.958773851
    0.357984334 0.51241219 0.448759526 0.816954494 0.420634538
    0.41997987 0.0721715689 0.712443173 0.0364045203 0.980153799
    0.143089294 0.867727578 0.858227849 0.619200349 0.0353096426
    0.301000416 0.80281496 0.930063248 0.99022311 0.42986083 0.730785668
    0.553769708 0.981845737 0.0408968627 0.828011036 0.216846764
    0.731403351 0.128060162 0.716541171 0.885483205 0.399122357
    0.839245915 0.536119282 0.43248114 0.286640644 0.914714277
    0.56873703 0.940429926 0.329164267 0.0225698948 0.066095978
    0.490611017 0.76291436 0.180160463 0.962787747 0.525282502
    0.516320229 0.380363047 0.198227614 0.530567706 0.366179526
    0.834138691 0.684627891 0.637738943 0.749329448 0.608649075
    0.286932439 0.809028804 0.223343313 0.47150594 0.915234268
    0.582519412 0.0908342302 0.569458485 0.821570277 0.942455649
    0.619494617 0.326050431 0.276152462 0.984705865 0.308635414
    0.676258922 0.0137126148 0.970261335 0.958513677 0.0721721649
    0.407890409 0.850634456 0.321301788 0.51515317 0.958194256
    0.201692611 0.536361158 0.0474258363 0.275587618 0.619835496
    0.855980992 0.573833585 0.232321978 0.228864253 0.387494713
    0.882625222 0.880161643 0.322889626 0.493815511 0.966776788
    0.250716388 0.175803125 0.311727405 0.553557038 0.211806864
    0.830331206 0.107735902 0.628765702 0.52388078 0.993211031
    0.563113034 0.00837269425 0.997531414 0.492534012 0.447326809
    0.874844313 0.241435081 0.795491576 0.699759007 0.521714628
    0.211369157 0.483436912 0.861222446 0.623229682 0.987187028
    0.428590506 0.525869012 0.100059807 0.0191590786 0.200841457
    0.493067205 0.775733769 0.0575596392 0.954919934 0.674663246
    0.64648664 0.437550575 0.715520263 0.723216236 0.699688613
    0.943989396 0.781444788 0.978642642 0.826060057 0.943066001
    0.883383214 0.3317267 0.358006954 0.717688859 0.0449179709
    0.168309301 0.551159799 0.527466536 0.70758158 0.490001857
    0.560727477 0.932340562 0.665966034 0.466416597 0.473953933
    0.288242638 0.618955851 0.774059892 0.47739169 0.33080256
    0.517534554 0.769547105 0.956777215 0.188741684 0.228095591
    0.383004457 0.325501978 0.68144846 0.0652858615 0.624942541
    0.271865845 0.931745172 0.00395411253 0.117631823 0.90083766
    0.0909834206 0.331207395 0.662442803 0.0124996006 0.00809496641
    0.779202938 0.270226598 0.146058977 0.752274275 0.818292141
    0.0113667846 0.514352143 0.303145081 0.587239683 0.868057966
    0.491378248 0.106059283 0.966409922 0.922694445 0.361902535
    0.556963384 0.788755655 0.46933049 0.892276764 0.489856273
    0.721101761 0.30033958 0.241296709 0.93959862 0.790982604
    0.499073386 0.151973367 0.193299651 0.738860428 0.500954866
    0.848377526 0.0924343765 0.121035725 0.149812728 0.936042666
    0.929108858 0.653733969 0.337523699 0.665489376 0.942108512
    0.207509071 0.16583854 0.953480005 0.381820768 0.415934116
    0.0224733055 0.937341213 0.334723234 0.318699598 0.684243977
    0.160904229 0.688262641 0.970018327 0.851972938 0.994014323
    0.366202652 0.806516171 0.574097753 0.934294343 0.980011582
    0.0802643597 0.69666177 0.293702215 0.220477015 0.172451317
    0.313322544 0.529784262 0.656621575 0.44809401 0.564473808
    0.666537821 0.0496839583 0.945580244 0.698056042 0.953429341
    0.00706955791 0.443562359 0.204585701 0.649219275 0.949528694
    0.497676134 0.58604002 0.722855806 0.489931434 0.999321103
    0.964172482 0.0456110537 0.0430677831 0.673398256 0.0237478018
    0.449451447 0.694952965 0.363755286 0.373411477 0.773968816
    0.839664876 0.16150409 0.946668148 0.00148397684 0.675783396
    0.565037072 0.145935208 0.12737152 0.626522779 0.172719836
    0.075260669 0.669289649 0.305526972 0.130795509 0.416944534
    0.722190797 0.252258837 0.611352265 0.393312573 0.384212375
    0.9587605 0.536546469 0.950136602 0.319792479 0.758021116
    0.338391662 0.964840889 0.863754511 0.418933213 0.255838901
    0.185413659 0.525765717 0.704942942 0.112023681 0.647322178
    0.213376939 0.60181725 0.589484155 0.028185606 0.184835702
    0.886641026 0.79368639 0.997359753 0.0555726588 0.798035026
    0.198845595 0.892568886 0.678268194 0.129389286 0.0687211156
    0.0703642666 0.345294893 0.465870142 0.271409929 0.726640463
    0.350687444 0.26735726 0.878706336 0.569464684 0.968431592
    0.248307377 0.728826046 0.962093472 0.324091077 0.940245509
    0.945602894 0.592306137 0.127167344 0.977409661 0.357064843
    0.700391412 0.338005304 0.511610031 0.982725501 0.374098063
    0.0512754023 0.382150084 0.46764046 0.847543836 0.507306993
    0.644983292 0.274321973 0.735139012 0.910554886 0.238892794
    0.647321939 0.555292487 0.863999009 0.453092456 0.615873694
    0.402916282 0.975021899 0.751215577 0.267730832 0.919251323
    0.566188812 0.944975436 0.719709575 0.947957039 0.42213434
    0.483685136 0.184200376 0.804852366 0.77952522 0.602649093
    0.352005601 0.114647627 0.798191547 0.796544313 0.958049893
    0.050550878 0.0954036415 0.976466179 0.801549911 0.629251659
    0.316988736 0.054022193 0.798609912 0.104978383 0.191874355
    0.0212319493 0.186550498 0.410869777 0.405602187 0.563858688
    0.190668017 0.218253046 0.798765481 0.268931746 0.25464195
    0.881289959 0.513207197 0.937219262 0.308362246 0.282613039
    0.659859776 0.936924279 0.867224634 0.611199558 0.688301206
    0.69860673 0.601440251 0.475419819 0.982761085 0.193458319
    0.547110498 0.927761912 0.0832546353 0.00808006525 0.217783213
    0.483220369 0.316596687 0.413882822 0.0872201324 0.275153011
    0.882084727 0.341313958 0.997210622 0.688654065 0.285333037
    0.172427714 0.325315773 0.77563405 0.346948385 0.232361674
    0.489130288 0.94918716 0.0505036712 0.0435737967 0.0832286775
    0.0152090788 0.28228119 0.925783277 0.30237335 0.303944647
    0.210273921 0.772602856 0.255221099 0.860636592 0.024487555
    0.473222286 0.236859441 0.276003271 0.718358576 0.904051304
    0.331562459 0.527859628 0.872009575 0.203066021 0.615002751
    0.398958117 0.726099014 0.444843501 0.49969238 0.0121931434
    0.427281737 0.188032418 0.733684003 0.782976151 0.300058663
    0.794001579 0.400876075 0.392176241 0.838367224 0.336304516
    0.876308084 0.000234127045 0.67053473 0.179697663 0.618994415
    0.0529153347 0.0679162145 0.367690206 0.265807927 0.62409234
    0.780492127 0.833529592 0.506413341 0.590292394 0.701274335
    0.186455548 0.394680798 0.775131643 0.201874733 0.884197831
    0.238380551 0.218823463 0.303428143 0.359009385 0.0929327905
    0.846001089 0.68877089 0.930964351 0.448730975 0.468639016
    0.825459242 0.745200872 0.212709904 0.143231809 0.903400183
    0.846353412 0.0044131279 0.477276802 0.719566882 0.514817476
    0.498782933 0.912162662 0.994228601 0.352443457 0.733561218
    0.602965117 0.501972616 0.0236331522 0.347507477 0.9185884
    0.754840136 0.313261032 0.929605126 0.427731276 0.241772294
    0.45955956 0.213219732 0.663802385 0.953734696 0.455430567
    0.139506102 0.00363436341 0.0422601402 0.038307488 0.0945381224
    0.159769118 0.635922909 0.910763502 0.727776527 0.261436939
    0.630167842 0.486904442 0.989741087 0.0117692351 0.0248158872
    0.705151796 0.901602507 0.267426491 0.580811679 0.000315397978
    0.96307534 0.926385522 0.488580644 0.759628952 0.40310055
    0.251398206 0.948782563 0.961004078 0.148929358 0.697882175
    0.49259001 0.568302214 0.679490983 0.796887994 0.866289616
    0.0823167562 0.825096726 0.742004693 0.561486185 0.333334833
    0.972267389 0.874513268 0.580776274 0.146938801 0.466468334
    0.64682126 0.0779608488 0.155486941 0.784849584 0.119546324
    0.305639446 0.70847559 0.161677569 0.110312134 0.841077089
    0.722919285 0.133038491 0.71805954 0.591198385 0.292020917
    0.469349205 0.0683634281 0.126279682 0.286255628 0.0298062563
    0.451516539 0.680066645 0.448749751 0.312419742 0.781538486
    0.995549679 0.834742308 0.607398868 0.0332832634 0.643214881
    0.0751502812 0.923197329 0.17934224 0.0321989357 0.921043396
    0.802426338 0.571577132 0.961242914 0.11927858 0.992920756
    0.30229184 0.465094149 0.842351437 0.795893729 0.570356667
    0.085801512 0.546485722 0.0048186779 0.618134618 0.664216459
    0.758244157 0.60651654 0.329676867 0.587337673 0.745038927
    0.696687341 0.459029168 0.674677968 0.594581127 0.606216192
    0.764761925 0.517383993 0.287314266 0.665961146 0.0837422311
    0.923239529 0.0983137488 0.520194829 0.224989444 0.0588459969
    0.74470526 0.787435651 0.740235806 0.742054105 0.377647161
    0.845271826 0.393631995 0.770995498 0.241624743 0.968134046
    0.977920532 0.0569442213 0.721224427 0.392327756 0.802433074
    0.763684988 0.0726464391 0.229312897 0.0171361268 0.405656248
    0.971064448 0.114328176 0.570331275 0.704233408 0.422792256
    0.553220928 0.0145385563 0.913633227 0.920901895 0.0522869229
    0.772010088 0.548163056 0.371521413 0.0668722987 0.425430745
    0.932736278 0.260334313 0.446552992 0.965453386 0.723337591
    0.246793151 0.391152352 0.148477018 0.828268766 0.0861739516
    0.865370214 0.997009277 0.81621182 0.2170268 0.733228624 0.714806855
    0.79082948 0.9995628 0.206587046 0.44629392 0.305339873 0.650945485
    0.0867385566 0.405339539 0.815533996 0.880934954 0.136899531
    0.344915867 0.829381824 0.110364318 0.812467337 0.7433424
    0.330840528 0.0765036643 0.617513061 0.106158912 0.898524761
    0.441377878 0.410272092 0.310725451 0.268231452 0.76214993 0.4281528
    0.294458389 0.654744387 0.329451203 0.534813881 0.505154014
    0.720532954 0.965404391 0.697329521 0.0375195444 0.425739437
    0.856715798 0.83069104 0.313652039 0.807880282 0.237337857
    0.486312449 0.610266149 0.673740029 0.703371465 0.305337101
    0.145012558 0.803252816 0.378713489 0.980753183 0.301727057
    0.786577821 0.08015576 0.372837365 0.0524480939 0.824268758
    0.653743386 0.535132885 0.180430025 0.0831251442 0.119328111
    0.295465887 0.165769428 0.0329990089 0.174896032 0.0462245345
    0.905224562 0.778198838 0.352993369 0.38240096 0.203404963
    0.81208241 0.0705678165 0.667387366 0.379486114 0.730536103
    0.814545631 0.193412513 0.403736115 0.43022573 0.151743799
    0.353542864 0.536615968 0.193103999 0.711947083 0.879292548
    0.0103973746 0.587568939 0.627221525 0.925934672 0.703560293
    0.962427378 0.170631349 0.327653587 0.183125287 0.147861421
    0.0912413001 0.0146656632 0.057271421 0.499793917 0.249720931
    0.411188483 0.593646169 0.689748347 0.0988581479 0.734502912
    0.301541418 0.746846735 0.399968475 0.94516629 0.0565137863
    0.488399982 0.66570574 0.80559814 0.373973429 0.893261909
    0.0558656156 0.767682314 0.7860322 0.233360291 0.590680659
    0.00146114826 0.678903043 0.841543436 0.896937013 0.392838657
    0.198328644 0.144238263 0.339253724 0.783098698 0.747781754
    0.834067464 0.318821371 0.0583666563 0.261443615 0.531089008
    0.709973574 0.525427222 0.849028349 0.382348269 0.498132765
    0.694751024 0.0145365298 0.933800876 0.429039121 0.436938703
    0.927857041 0.33430624 0.488450676 0.765371919 0.119195491
    0.217699379 0.514947116 0.126952231 0.174939245 0.801679194
    0.816988289 0.21411258 0.827301085 0.104170769 0.083560288
    0.351655126 0.994233847 0.507298291 0.726418793 0.525919378
    0.0673038661 0.328627795 0.851652384 0.725595236 0.00285246968
    0.104027778 0.250817299 0.804262102 0.0274635553 0.511537492
    0.527372897 0.467774272 0.194628656 0.194520831 0.558021128
    0.683402181 0.435755044 0.778185964 0.719899476 0.139497548
    0.39633888 0.391897023 0.988401175 0.975318193 0.953948915
    0.560248494 0.716239154 0.719167233 0.375551969 0.983692467
    0.626725733 0.157248706 0.41492337 0.710377455 0.031948328
    0.65279448 0.654150248 0.646156311 0.159985691 0.266104579
    0.781541407 0.261637986 0.368662924 0.847896576 0.647335947
    0.699753642 0.216733307 0.0796651542 0.236679137 0.645743489
    0.874111652 0.150819004 0.463478386 0.0426662862 0.452486008
    0.260524869 0.240144342 0.497265577 0.910606265 0.922885716
    0.907082796 0.447933406 0.484355092 0.774898171 0.451131612
    0.186691225 0.393461019 0.360702187 0.680092692 0.199326575
    0.49202624 0.296304256 0.276734054 0.899416566 0.640359581
    0.131948084 0.678868175 0.75511229 0.859726548 0.686280131
    0.540752172 0.569185495 0.738586724 0.896407306 0.8909024
    0.566121101 0.881841421 0.71696645 0.521469474 0.219834745
    0.355623186 0.511174023 0.704241991 0.838844776 0.93643713
    0.969721317 0.426496059 0.0404929519 0.515556872 0.742604256
    0.73463881 0.431493998 0.252690345 0.712861419 0.140028954
    0.79045862 0.0870214701 0.191276073 0.0316966474 0.455078691
    0.267209828 0.166994691 0.74633944 0.933244169 0.295649648
    0.354102612 0.660520434 0.79614377 0.460926414 0.40392825
    0.812628508 0.0074224174 0.0658560395 0.287889063 0.581303179
    0.861557722 0.0694365501 0.265958458 0.752061009 0.338438213
    0.975146353 0.565392613 0.61049968 0.98848182 0.439082563
    0.599662066 0.485364765 0.197409272 0.473117471 0.748949289
    0.00921994448 0.0613594949 0.337717414 0.869094908 0.195734233
    0.92234534 0.154022902 0.0186619163 0.920249879 0.606749296
    0.266377419 0.567946315 0.946303248 0.191950291 0.861179113
    0.693149745 0.486784279 0.0931869149 0.0589746237 0.0695422292
    0.522235453 0.263947695 0.510827363 0.306604058 0.0501278341
    0.754327297 0.0194089115 0.672179461 0.304896683 0.804600298
    0.41377455 0.33311832 0.37504217 0.359533906 0.330346227 0.526309669
    0.637818217 0.241517782 0.571775734 0.0413876772 0.0918584168
    0.399252862 0.291576117 0.922829151 0.632513642 0.385459334
    0.393445015 0.192648798 0.0688948333 0.835611939 0.748451114
    0.576269746 0.873496294 0.378473222 0.710988522 0.864670753
    0.834154487 0.024266094 0.13884747 0.824531436 0.0853618383
    0.244082093 0.376440227 0.789781034 0.543018222 0.145438522
    0.754606485 0.437249452 0.163007051 0.888049364 0.965337098
    0.588314891 0.901428461 0.238474876 0.738616228 0.863617659
    0.576757908 0.0535483956 0.143467963 0.214844167 0.188018799
    0.192207217 0.275650322 0.84497714 0.408316314 0.951502919
    0.563567102 0.466825694 0.810005546 0.779238224 0.05862692
    0.361530691 0.427821517 0.717569113 0.612340093 0.162045091
    0.96195662 0.607917905 0.695702553 0.609456956 0.301587999
    0.583110452 0.447794378 0.239937156 0.549091935 0.713050604
    0.538932502 0.798247516 0.682768106 0.466715574 0.264110059
    0.508957505 0.113991439 0.2180641 0.727155447 0.724324584
    0.0464484096 0.957075238 0.908051014 0.36618185 0.73298198
    0.15163523 0.0290291309 0.197502285 0.661748648 0.245124727
    0.529304385 0.183471978 0.294761211 0.617433906 0.406227916
    0.635909796 0.160523146 0.366393626 0.203445852 0.259222448
    0.643763602 0.594819784 0.0134661794 0.956576228 0.627134264
    0.879609704 0.79623574 0.819360018 0.810792208 0.91925627
    0.283962578 0.400763392 0.892578125 0.135716885 0.561500311
    0.00048583746 0.938463211 0.961414337 0.25315848 0.521794438
    0.501035929 0.018581003 0.34632805 0.943893135 0.465916246
    0.797613561 0.26657176 0.918944478 0.627496541 0.24234724
    0.476073772 0.17319876 0.437274277 0.635158181 0.438431948
    0.00888675451 0.192907125 0.935700953 0.600369871 0.00604352355
    0.919487596 0.850130439 0.164667815 0.366164982 0.757540464
    0.336190492 0.341608286 0.867957532 0.372595787 0.487448186
    0.94290328 0.867348671 0.911879182 0.835265875 0.34021014
    0.0998636782 0.731587768 0.195233345 0.373112082 0.434559762
    0.769045532 0.762378216 0.820869088 0.246149182 0.120081395
    0.563984275 0.010465771 0.135962635 0.127802163 0.379032552
    0.936169863 0.599615037 0.242351413 0.416655034 0.455978006
    0.444342345 0.70697093 0.608339489 0.152708292 0.299440265
    0.950188816 0.598140597 0.312463403 0.358276486 0.370001554
    0.900207996 0.733707011 0.200515985 0.956694305 0.916942179
    0.652502358 0.942510605 0.68675977 0.342457831 0.0462768674
    0.826930165 0.0681016743 0.419318974 0.801924825 0.95151186
    0.902968645 0.0314348936 0.18168661 0.3286964 0.288998127
    0.447084159 0.736884713 0.0231827796 0.944726586 0.840764642
    0.462362438 0.475501031 0.301177561 0.719294906 0.58315599
    0.748497486 0.151822805 0.531451881 0.659980774 0.181038082
    0.205484539 0.671211004 0.946940899 0.478186429 0.332940936
    0.533505738 0.925330162 0.858693182 0.366307259 0.678921759
    0.610857487 0.562033296 0.575128078 0.582009256 0.876854658
    0.624624014 0.526811659 0.251541644 0.780687928 0.280537218
    0.267589331 0.408377856 0.67966634 0.368162215 0.185846388
    0.0327588916 0.536062062 0.189908117 0.931829929 0.800750196
    0.165972531 0.60029763 0.978037596 0.665293217 0.997442365
    0.0200344622 0.552334964 0.889313936 0.412712991 0.689946949
    0.671274066 0.536204159 0.612798452 0.553554714 0.512720585
    0.624035597 0.815475106 0.305216372 0.641017497 0.712210298
    0.951823413 0.864096582 0.924014807 0.359979838 0.560843229
    0.89736259 0.659375072 0.617799819 0.0476142168 0.0305190086
    0.0796194077 0.898829043 0.410715014 0.343433738 0.272951394
    0.406469941 0.366710067 0.52246815 0.137331814 0.113711566
    0.0475447178 0.319497943 0.615367055 0.511359453 0.804267049
    0.891225755 0.947027802 0.299892426 0.53424859 0.583999753
    0.0855758786 0.373583049 0.204825789 0.389072537 0.638340116
    0.714229047 0.382650554 0.215796947 0.749403715 0.473678023
    0.945697665 0.163538843 0.725255847 0.561744452 0.491571635
    0.314748526 0.0223045945 0.963080227 0.735840738 0.419742763
    0.677154362 0.709833086 0.301755071 0.626318693 0.60098052
    0.415569454 0.295629263 0.866374731 0.750834465 0.245426118
    0.385937989 0.31891194 0.282177299 0.311722457 0.649920166
    0.458521396 0.553829789 0.302964449 0.713581622 0.0285339057
    0.305926114 0.414402783 0.878433943 0.211249202 0.673769832
    0.358511984 0.856841743 0.52949816 0.892491281 0.739708543
    0.683815122 0.809170008 0.727458894 0.313329548 0.0693841577
    0.847972393 0.857730925 0.31944406 0.535178542 0.403198451
    0.422741592 0.615384161 0.976262033 0.655122519 0.552915275
    0.460333288 0.157527387 0.536912739 0.158590347 0.849710286
    0.572210193 0.334915906 0.770302355 0.149260908 0.602932334
    0.480757833 0.168125302 0.979996324 0.954432726 0.980618954
    0.500565231 0.82226187 0.351546347 0.652476788 0.505484641
    0.542310178 0.389997244 0.397894472 0.845872164 0.898144722
    0.885671616 0.257195771 0.635614336 0.971965432 0.704689264
    0.469437003 0.250547945 0.171865851 0.0307231545 0.368248641
    0.404730499 0.0596392751 0.202649534 0.444602072 0.33938843
    0.66359359 0.35115701 0.142306656 0.0498197675 0.151565611
    0.34698689 0.822930098 0.2243613 0.692929089 0.630010486 0.168989211
    0.092137754 0.922996342 0.363385618 0.0380616784 0.130976796
    0.73260808 0.0609936118 0.781668186 0.870583177 0.711915374
    0.0546796024 0.110268593 0.70980978 0.513199627 0.265203536
    0.474129707 0.18998751 0.316190958 0.772705734 0.0289337039
    0.86940676 0.638029456 0.906531692 0.849808097 0.893803358
    0.369798362 0.182774067 0.904589534 0.506683826 0.077889502
    0.00117790699 0.0177511871 0.12722379 0.328119397 0.600473225
    0.308295041 0.719563961 0.403345495 0.59440881 0.486192644
    0.724783897 0.736856401 0.28710562 0.591177344 0.772392392
    0.754077673 0.744860351 0.910096765 0.397476494 0.897261739
    0.313093871 0.598352849 0.234917074 0.176165521 0.491670638
    0.971100211 0.0345982909 0.145197541 0.679229438 0.68469286
    0.164954334 0.0175148845 0.141344756 0.666025579 0.0257849693
    0.781339765 0.354719579 0.87652421 0.139198065 0.124625206
    0.491715372 0.961295247 0.49688983 0.101888239 0.735650361
    0.277454972 0.22798714 0.28557384 0.294708073 0.278108835 0.75433147
    0.543218672 0.715715289 0.809440374 0.021661222 0.917253494
    0.110993296 0.325124443 0.449876726 0.104214191 0.430893958
    0.305658162 0.179641902 0.416738451 0.797186494 0.0377844572
    0.639451027 0.209330291 0.775866032 0.915674865 0.053109169
    0.717708468 0.118435353 0.0703338087 0.291992843 0.612192631
    0.0838218033 0.484962493 0.701454043 0.913444996 0.0698167682
    0.0905137062 0.272412807 0.985099316 0.685492873 0.117577553
    0.02790308 0.624102592 0.0799516141 0.864777505 0.262769401
    0.792345405 0.713950694 0.852738738 0.644534826 0.173282295
    0.496527106 0.961008251 0.527909577 0.159055859 0.878027856
    0.944158971 0.179200441 0.151057452 0.910654664 0.523934424
    0.203217238 0.209005117 0.240453959 0.962409973 0.992932916
    0.934799671 0.34548229 0.260669857 0.284047246 0.180811673
    0.464885324 0.60394454 0.920526743 0.176241159 0.790511489
    0.745070755 0.293785781 0.318734169 0.682724833 0.846841455
    0.730984151 0.816438913 0.605856061 0.918409407 0.295569986
    0.141799033 0.297836721 0.619866073 0.321527421 0.750050843
    0.548775673 0.565844476 0.869001389 0.0478957295 0.500389159
    0.582226753 0.828372359 0.970025659 0.931782246 0.749822795
    0.863847494 0.291809082 0.987286568 0.995833397 0.00196695328
    0.733389854 0.795171916 0.54392761 0.617372572 0.223060876
    0.887722373 0.69902122 0.211791039 0.0815256238 0.457157195
    0.824857056 0.333843201 0.839107394 0.48977837 0.142035753
    0.66692245 0.648200333 0.471172482 0.79841429 0.415755361
    0.707075894 0.855225921 0.24365443 0.0109325647 0.247121543
    0.33479175 0.360803038 0.541187882 0.763346195 0.674947143
    0.0164833665 0.646250427 0.388071686 0.2245754 0.0336748362
    0.823296905 0.738725424 0.681637645 0.2416915 0.108195931
    0.223826647 0.0748087764 0.832905054 0.723431587 0.472830534
    0.0148542821 0.731625974 0.644549191 0.546269357 0.348278105
    0.0700596571 0.867812991 0.301830471 0.940566778 0.454886317
    0.427487671 0.185329556 0.744900525 0.398404449 0.0621798337
    0.683294594 0.453927875 0.630920529 0.550877929 0.963338733
    0.869551182 0.33822149 0.586109877 0.121972471 0.382530689
    0.738839269 0.75307405 0.267357886 0.41518563 0.217769951
    0.300032318 0.684053004 0.272068262 0.914760709 0.92339921
    0.937046528 0.509666264 0.399260044 0.564080596 0.954570055
    0.512714386 0.901936173 0.962105513 0.56472075 0.657244205
    0.51054281 0.105071038 0.996147394 0.285831153 0.88767612
    0.979826927 0.347213417 0.163590729 0.804813862 0.631045222
    0.394867003 0.240983158 0.0504292846 0.680264831 0.648481131
    0.28688848 0.813697338 0.851324797 0.176049054 0.784115434
    0.147522986 0.135759592 0.34014976 0.325164497 0.60838908
    0.455349505 0.969680488 0.534943402 0.228813261 0.522460461
    0.546427131 0.486814499 0.517575979 0.580323517 0.419450194
    0.76502955 0.444629729 0.229687691 0.257316411 0.42315641
    0.345567644 0.0306684971 0.63501811 0.593088806 0.0991870761
    0.0178256929 0.546775937 0.677559912 0.416745752 0.460888386
    0.0324326158 0.988563299 0.29394412 0.95472002 0.954979479
    0.811835766 0.97110939 0.622304082 0.216587871 0.847107887
    0.494449645 0.895769238 0.592092872 0.0923830569 0.32124275
    0.282878965 0.119644344 0.127703607 0.706802368 0.283753395
    0.375192732 0.277951539 0.404876649 0.372666627 0.829697013
    0.413105845 0.1132783 0.0188909471 0.940095901 0.0420523584
    0.433440477 0.402474344 0.779677689 0.131049961 0.265730679
    0.894929647 0.332198203 0.683559418 0.975380182 0.372136831
    0.215075046 0.416083187 0.332109213 0.515384316 0.540787578
    0.905441701 0.831106246 0.117866755 0.849895 0.13105163 0.478740215
    0.00921684504 0.409067422 0.487114757 0.178249806 0.291519284
    0.710035324 0.0817311108 0.920491934 0.920466661 0.385928363
    0.0761567652 0.609361827 0.0663645864 0.225191802 0.691193223
    0.449021697 0.323695421 0.264904678 0.951813459 0.0177382231
    0.497819215 0.332068861 0.814669073 0.327023089 0.128188014
    0.194796741 0.112558424 0.903972149 0.0767943561 0.50111413
    0.138605326 0.0277027786 0.0235823393 0.108529836 0.368555844
    0.0904184878 0.286384761 0.25016129 0.085772872 0.807558656
    0.0630967319 0.228179634 0.89897418 0.895492435 0.894924879
    0.100201964 0.583108068 0.589234948 0.471519411 0.500645339
    0.503997922 0.930831492 0.568727791 0.909064353 0.308976978
    0.292522758 0.176228523 0.266648918 0.839669824 0.00610858202
    0.532824695 0.901350141 0.431384981 0.729238153 0.107974559
    0.607239962 0.155790001 0.30478102 0.0706775486 0.985240579
    0.130604118 0.441155076 0.299939513 0.318507671 0.364526033
    0.149573535 0.867208719 0.225697696 0.95370245 0.0197475553
    0.814828992 0.772243023 0.842315197 0.858092427 0.613451004
    0.737048864 0.758149028 0.889286757 0.973635852 0.354405135
    0.975747645 0.026766181 0.00322163105 0.121136606 0.985296369
    0.694185495 0.722496808 0.936312199 0.938788772 0.924500763
    0.339399517 0.426413506 0.314016402 0.112512767 0.0513494611
    0.867169499 0.534816325 0.508163869 0.72768718 0.77175045
    0.635877728 0.0599068105 0.498859674 0.199852854 0.0900883079
    0.332715929 0.0836838484 0.494980603 0.123330355 0.0461321473
    0.188654006 0.238585532 0.211238712 0.718421817 0.63762629
    0.143828124 0.237070531 0.789673984 0.0431283414 0.203169048
    0.462627828 0.165575832 0.671340823 0.220136404 0.964136124
    0.283279181 0.378130674 0.0620559454 0.198409349 0.563785791
    0.592167199 0.439658284 0.920562029 0.324521244 0.0783277154
    0.730382621 0.0319032669 0.302478313 0.224545538 0.292926073
    0.45279187 0.995238066 0.0129155517 0.940576434 0.677730083
    0.436250657 0.243917972 0.815297604 0.270199597 0.320842385
    0.0538297892 0.20240888 0.793815374 0.819887519 0.385608643
    0.703785896 0.290817976 0.412428856 0.838602662 0.119008064
    0.756129742 0.35554862 0.337313592 0.20409897 0.727168918
    0.977675259 0.841999054 0.056712687 0.0108581483 0.567647159
    0.516290367 0.888835549 0.610434175 0.580619812 0.504529357
    0.263925254 0.421801686 0.814584732 0.717229366 0.642423034
    0.397257507 0.363010824 0.890376568 0.253906786 0.94755435
    0.0241443217 0.908010483 0.728067815 0.668966115 0.0895551145
    0.867681086 0.160969347 0.737963796 0.479559451 0.167601019
    0.833572328 0.779957175 0.965127051 0.226423234 0.111622363
    0.666047752 0.43978861 0.503598452 0.300867617 0.807041049
    0.345368087 0.391886383 0.862618685 0.346337557 0.408112705
    0.436084002 0.376152039 0.684826016 0.0185458958 0.258596957
    0.369825304 0.695559859 0.313464522 0.55820024 0.277629793
    0.133201659 0.103513896 0.0736268163 0.618908346 0.284015119
    0.313390732 0.504374564 0.368367821 0.888934851 0.255420387
    0.809031665 0.774995983 0.0843898654 0.988391638 0.514570594
    0.48185721 0.243549526 0.319039732 0.252746224 0.489202559
    0.616606236 0.472016424 0.272046506 0.606545448 0.254113913
    0.0100631416 0.84063828 0.605195642 0.295818448 0.920141757
    0.111776978 0.656323552 0.927733779 0.680338621 0.485069275
    0.68250674 0.0209004879 0.580362141 0.387169182 0.80782491
    0.984126329 0.754129767 0.969256997 0.133810163 0.421882212
    0.718862295 0.0981684327 0.662434816 0.884672165 0.70335871
    0.704115629 0.985557199 0.990153909 0.684536934 0.367810309
    0.819380879 0.78586936 0.856340706 0.667416811 0.549165249
    0.440098852 0.415031046 0.857738733 0.941519737 0.310486317
    0.178284168 0.169334054 0.931695998 0.748890042 0.216783047
    0.328363091 0.473130763 0.214311719 0.379322797 0.46056512
    0.715596974 0.502637982 0.757422149 0.030567199 0.532588422
    0.0233023763 0.718731225 0.653632879 0.466035903 0.796427965
    0.672448993 0.670148134 0.837466121 0.406164229 0.890363991
    0.781231701 0.555854738 0.954995275 0.0363582969 0.257607132
    0.809108496 0.0321019292 0.766635656 0.550576329 0.48502475
    0.3218835 0.297888935 0.0308938026 0.6270715 0.984056294 0.311239809
    0.924703836 0.656088412 0.00396415591 0.965435743 0.66997087
    0.712124825 0.941990018 0.312880486 0.458210051 0.0454882681
    0.638946652 0.3126809 0.906364858 0.638090074 0.96793294 0.609445333
    0.161474973 0.494513571 0.81550473 0.0286409557 0.647036552
    0.0940460861 0.558421135 0.840274572 0.066408366 0.465037823
    0.323422372 0.790774047 0.0452518761 0.474951357 0.0287905931
    0.0508626401 0.503372133 0.133059889 0.546089888 0.188586861
    0.0999045074 0.710101008 0.274738252 0.2564044 0.771739244
    0.0254806578 0.342353284 0.349510491 0.626479924 0.11322397
    0.292950094 0.766917109 0.475361049 0.400410026 0.907872796
    0.761405945 0.022616446 0.925960183 5.84125519e-06 0.723437905
    0.210768998 0.665110469 0.856323659 0.886708438 0.149606675
    0.528467417 0.34170711 0.765810251 0.618883252 0.0197136402
    0.602923274 0.387403697 0.66871649 0.397936106 0.704826355
    0.161950767 0.0633658171 0.293611109 0.0822704732 0.305996627
    0.625449359 0.377510488 0.124756902 0.744750381 0.104609728
    0.612749517 0.216082126 0.0315037966 0.747609675 0.38882339
    0.99222815 0.272836089 0.133990526 0.757583976 0.0450368524
    0.782556176 0.494202256 0.874879479 0.0453850925 0.712014735
    0.495806277 0.467780024 0.419955075 0.264969558 0.442700416
    0.658231139 0.809284747 0.0427207649 0.280456245 0.877795398
    0.249765366 0.336962491 0.343539268 0.219960064 0.863370955
    0.629193842 0.230403274 0.330925643 0.309735626 0.671860099
    0.649816811 0.824135244 0.206225038 0.748909116 0.834379792
    0.40253678 0.655140817 0.742082596 0.622691512 0.0297612846
    0.809071064 0.132872552 0.924286366 0.829305708 0.63540113
    0.328978777 0.849684119 0.707751393 0.990087211 0.524880052
    0.837863922 0.812457919 0.718231618 0.934166431 0.399468869
    0.217462331 0.334327728 0.75766325 0.486668408 0.628660083
    0.654820383 0.895622313 0.762087762 0.937314451 0.697617054
    0.2123712 0.717807412 0.538712859 0.708999336 0.426976889
    0.671170354 0.99030757 0.671651483 0.870755136 0.219438434
    0.33996439 0.990803242 0.309571505 0.13646844 0.108400464
    0.173243374 0.473617911 0.373213112 0.789943695 0.0708090663
    0.522855997 0.32140559 0.400013715 0.737323105 0.869801521
    0.246947527 0.648346603 0.533752918 0.989081383 0.297563165
    0.635206878 0.474410027 0.520134509 0.195835322 0.945266366
    0.162005782 0.896473885 0.244314611 0.433356106 0.235580921
    0.47421366 0.76144284 0.200670987 0.485960573 0.233136028
    0.596498072 0.159099847 0.677672148 0.525894523 0.558786452
    0.587620676 0.140680075 0.869054437 0.87955606 0.550421655
    0.122875243 0.150117308 0.625166178 0.190271616 0.551261544
    0.0893098414 0.889387965 0.396893501 0.75151372 0.411518574
    0.0749513805 0.713958323 0.579295635 0.119157284 0.564069211
    0.481917232 0.4487212 0.364074588 0.584722877 0.0766521096
    0.0696334839 0.469831198 0.595461845 0.139683992 0.995983303
    0.874235809 0.520803094 0.420697123 0.481404692 0.972890019
    0.375105381 0.715744257 0.950813174 0.543394923 0.349348366
    0.459060133 0.181284726 0.478867173 0.85018301 0.212480038
    0.174786031 0.476617068 0.0868478417 0.279893517 0.554645777
    0.145896286 0.706468463 0.27960813 0.621588886 0.746685565
    0.67168802 0.0563006103 0.330931187 0.442715734 0.689782262
    0.571185887 0.756712377 0.5275895 0.925930738 0.685637593
    0.0324112177 0.075396955 0.922243953 0.287244916 0.0603632629
    0.137250721 0.28490442 0.898431182 0.759125054 0.881266475
    0.169504374 0.872035682 0.913529515 0.522107184 0.294383764
    0.471222937 0.749420404 0.138268769 0.590339482 0.0141027272
    0.976254821 0.385061562 0.396936268 0.221850932 0.598647654
    0.652525008 0.451196969 0.869697213 0.414525956 0.797299266
    0.472616494 0.939054966 0.611068845 0.731318414 0.429669321
    0.169898689 0.00985813141 0.393569529 0.319462001 0.312007964
    0.806047678 0.682960093 0.557637155 0.0272960067 0.345669568
    0.353448093 0.273699641 0.694173098 0.957914531 0.849041998
    0.805436015 0.369077682 0.880809903 0.501289308 0.991994262
    0.990652859 0.542029142 0.102901161 0.818476558 0.986231267
    0.571113288 0.519897342 0.222867221 0.0824016333 0.548368454
    0.191104203 0.0855259001 0.859010398 0.183765501 0.582413018
    0.346086204 0.0448122323 0.799679995 0.772631764 0.494566947
    0.0186057091 0.577969313 0.734480023 0.56336987 0.385115862
    0.714089274 0.0215955973 0.120205969 0.687860489 0.702571452
    0.722911716 0.493666559 0.67938745 0.754481792 0.846311986
    0.564576924 0.678494096 0.26910919 0.350181043 0.385203987
    0.227905363 0.434451848 0.217645854 0.62347877 0.0436877906
    0.305149287 0.818200707 0.475211769 0.141138256 0.00790822506
    0.43013218 0.394170642 0.33589673 0.637215912 0.37608847 0.990867436
    0.110673368 0.436751008 0.0322250426 0.348419309 0.119467556
    0.248503625 0.387852252 0.948747694 0.908638716 0.981996059
    0.238420427 0.143079191 0.419673085 0.107047558 0.339296937
    0.4752855 0.630969465 0.61100018 0.493801653 0.3442294 0.902756929
    0.979985595 0.486925244 0.0479299426 0.557961822 0.41991061
    0.57788223 0.680279434 0.852125227 0.433918655 0.477725804
    0.192194074 0.930074155 0.833604813 0.371863067 0.309836864
    0.479904592 0.447762072 0.422489643 0.669012785 0.699537635
    0.191904962 0.347924441 0.503797531 0.549490035 0.842285156
    0.357311249 0.563300848 0.384334177 0.197201341 0.212213427
    0.974282026 0.773297608 0.837983966 0.00296747684 0.513221264
    0.064021498 0.59570688 0.738356292 0.013769269 0.771339238
    0.629408419 0.57759881 0.976728678 0.178994894 0.468996853
    0.0583024025 0.157142729 0.713599861 0.5930143 0.57900095
    0.262875199 0.772443295 0.22881186 0.418576181 0.336298406
    0.484064609 0.327902555 0.401903361 0.805460155 0.973228574
    0.635320425 0.662989736 0.603117883 0.410463482 0.194003165
    0.924512386 0.935094059 0.197390318 0.991155148 0.279975832
    0.312793016 0.304541707 0.329913616 0.873617172 0.649181485
    0.437058151 0.676799297 0.0480042696 0.264552087 0.735699177
    0.254610777 0.958991885 0.613348246 0.264087826 0.657890856
    0.575472355 0.962379754 0.72219044 0.08223176 0.661912978
    0.873756349 0.0984402001 0.250002712 0.361819029 0.189778358
    0.331840128 0.574161232 0.594569504 0.892664313 0.444605201
    0.371161819 0.469185323 0.869392872 0.346048236 0.267630875
    0.778685689 0.137781709 0.407589376 0.77771616 0.040628463
    0.0276261568 0.0556797683 0.198136032 0.437575519 0.296433777
    0.906798005 0.0571368039 0.299172223 0.620240986 0.758727491
    0.330642104 0.451764822 0.432180166 0.0144124329 0.105076253
    0.967828393 0.304930359 0.897921443 0.413623542 0.60028857
    0.735651612 0.296248645 0.0439742506 0.765316427 0.559628427
    0.636954725 0.43533358 0.0395605564 0.0566086471 0.763702691
    0.37127164 0.201413721 0.544038832 0.894104242 0.557195246
    0.336745203 0.299915254 0.896280289 0.243959129 0.65524888
    0.132717282 0.822747588 0.482105643 0.0450855196 0.958755732
    0.762017727 0.45838058 0.786648512 0.413041025 0.194141269
    0.567152917 0.100069672 0.463109434 0.683442414 0.963597894
    0.856371403 0.929022551 0.434153706 0.406437606 0.895844281
    0.0879810452 0.668185234 0.958915949 0.56032896 0.44400543
    0.494303584 0.991166592 0.836173892 0.793876767 0.101510733
    0.938053846 0.473514736 0.117658019 0.179896921 0.0981395841
    0.812459111 0.829205036 0.925824881 0.654990733 0.749268651
    0.734534383 0.547882259 0.807619452 0.313211322 0.657937646
    0.934444547 0.456464678 0.185422957 0.768646359 0.218811363
    0.190434366 0.395321965 0.813372612 0.973000526 0.457138807
    0.272252977 0.114024431 0.0997776389 0.00563806295 0.191452891
    0.2609303 0.348745525 0.420657724 0.708908319 0.854984343
    0.818959832 0.0826218724 0.0873253047 0.579673409 0.132600456
    0.01976794 0.0924991369 0.338978827 0.26468271 0.825842261
    0.962432742 0.356335044 0.558423877 0.99792093 0.940013885
    0.588493407 0.881711841 0.203870326 0.319296479 0.681144118
    0.366355419 0.357578993 0.466426313 0.472613961 0.548564792
    0.423856318 0.101032108 0.250126958 0.828659475 0.631646454
    0.00861635804 0.726665258 0.401010185 0.98314321 0.180958062
    0.290890396 0.594053626 0.350720227 0.987070501 0.0327197611
    0.640567064 0.751478255 0.319519043 0.616362989 0.469546586
    0.902101994 0.0284702778 0.0176865757 0.236434519 0.900721014
    0.617661655 0.699404836 0.95942986 0.228641838 0.610897839
    0.541303813 0.899686754 0.288225561 0.609116614 0.779265881
    0.171810091 0.332943261 0.560558081 0.0551058352 0.34568119
    0.542253017 0.932616711 0.102683693 0.992213726 0.496915311
    0.618264318 0.778403401 0.58375752 0.330971003 0.138998479
    0.186867863 0.324342757 0.763034582 0.195213854 0.679712832
    0.595487118 0.386277556 0.566024423 0.868759155 0.93223393
    0.0269966424 0.931950927 0.740437984 0.0307834446 0.311460495
    0.54437077 0.941154361 0.095313549 0.948586822 0.312211543
    0.806719244 0.961115241 0.434375644 0.696810126 0.620351553
    0.965675712 0.574853182 0.687549233 0.484763801 0.955641925
    0.874979377 0.900062203 0.699437499 0.315811872 0.469528377
    0.0588514805 0.336201012 0.637563527 0.924021482 0.725323856
    0.275380671 0.772455692 0.0698718429 0.347106338 0.339742243
    0.774752975 0.869316161 0.0340009034 0.486955792 0.573895574
    0.0801409483 0.726942241 0.576506913 0.224213064 0.0863800049
    0.796401024 0.109625518 0.20011875 0.00651797652 0.921797514
    0.174062699 0.476186574 0.365601987 0.0969416201 0.807623804
    0.403327346 0.37360245 0.502715468 0.52088064 0.890992641
    0.322822332 0.687770069 0.678665996 0.11790064 0.0112524033
    0.0473051369 0.912750125 0.13066262 0.0304049551 0.670210242
    0.336363912 0.603006065 0.70994699 0.25019294 0.609348416
    0.619536281 0.624660075 0.988777399 0.171088278 0.250613868
    0.490046531 0.484872818 0.723783851 0.597811878 0.128902763
    0.520820856 0.453931987 0.616671741 0.918397427 0.657923281
    0.421876699 0.595521748 0.0849153399 0.879427373 0.84751308
    0.504519165 0.0275339186 0.912878275 0.588641167 0.210528105
    0.112137973 0.615955889 0.397736192 0.154988527 0.41023463
    0.866193771 0.62315923 0.201806694 0.794266462 0.995179832
    0.0060313642 0.819875598 0.097348541 0.313466161</data></test_img>
<my_img type_id="opencv-matrix">
  <rows>128</rows>
  <cols>256</cols>
  <dt>f</dt>
  <data>
    0.149675354 0.107856095 2.07034087 1.99443889 0.848319232 1.56531858
    1.65930581 -0.208835632 1.33810949 0.734177232 -0.257923305
    1.52376175 -0.0487186313 0.655895114 0.920650005 1.43742025
    -0.244516209 1.99983549 0.832240105 1.27559757 1.74174881
    0.385480136 1.69364572 0.373959005 1.74564719 1.264727 0.913731456
    0.321751624 0.73083806 -0.311736345 -0.300011277 1.98899162
    0.863797545 1.50284517 0.949803591 1.15923214 1.33414793
    -0.337719083 0.435513347 1.69007063 0.932347536 1.39540172
    0.262891978 0.259775192 1.96573091 0.83011055 0.76355958
    -0.0188535452 -0.274075389 1.39630103 0.442955106 1.41038334
    -0.187284976 -0.160446927 1.95292735 0.723854184 0.696457028
    -0.0181148648 0.0539752841 0.0652247071 1.83233428 0.716802239
    0.632303357 0.667713284 -0.128813893 1.80353355 1.09017026
    -0.108414397 1.05869806 1.64388037 0.43242237 1.45244241 0.226634979
    0.256148279 0.147292227 1.49765742 1.07410407 1.02906775 2.02628922
    1.63923252 1.78859508 -0.0214056373 1.20615435 1.15678012
    0.00474390388 1.52567911 0.8753016 1.18068826 -0.28777498 1.88105869
    0.262967169 1.89672196 0.667099595 1.17704535 1.03616846 0.675624371
    0.384033501 1.5783093 0.852049351 1.41253352 1.78662336 0.247592539
    1.76486897 -0.0979543626 1.46869183 0.767003298 1.7254566
    0.823895156 -0.240704745 1.0538497 1.22356999 -0.0372591317
    1.6267668 1.20334589 1.61456394 -0.120151937 1.41383839 1.50969195
    1.43375981 1.80504048 1.96998107 0.328600109 1.5413636 0.878337979
    0.626971126 1.06790507 0.188363314 -0.30243355 0.724469602
    -0.151889488 0.570452332 0.474656403 0.348095685 1.18076265
    0.0589801967 1.95770097 1.88015854 1.59592342 0.739246011 1.36747396
    0.289052099 0.915452838 0.265612364 -0.0642628372 1.35005093
    0.36254704 1.31401205 1.21312773 0.487434924 1.18600059 1.96232522
    0.64865607 1.47308087 -0.126758933 0.945283771 1.40698624
    0.180704594 1.32751393 1.29392111 0.431008816 1.78234768 1.68000185
    1.99601591 0.10277614 0.75719285 1.49187422 0.613374233 1.39501381
    1.63386321 0.207060218 1.10592747 1.56976414 0.838085294 1.87268472
    1.77807379 0.528504252 0.12877354 1.73364317 1.7151686 0.0244903564
    1.36715055 0.317339718 0.354732931 -0.120925561 0.830163002
    1.48508346 1.05684996 0.701963782 1.01147413 1.99080729 0.956683636
    1.52765548 0.798534155 0.347070098 1.84300721 1.21519291 0.579712451
    -0.320651889 0.514790893 -0.225681484 1.04307675 -0.231001675
    1.23887801 -0.275720417 0.367438704 -0.358333617 -0.205355838
    0.978982985 -0.158607095 1.87091422 1.5792197 -0.254570156
    0.458468199 -0.0503796637 0.0828920603 0.721310258 -0.0925566852
    1.4666841 -0.322649598 0.513059616 0.183030933 1.83780289
    0.242664188 0.0285159647 0.900944829 1.73355007 1.83892643
    1.71573782 1.93114769 1.11234617 1.12673903 0.915816665 1.77570081
    1.17697942 1.15365195 0.618249118 1.5219897 0.717255473 -0.239196017
    0.901100338 1.28786421 1.62074363 0.428610563 1.59660506 0.256377965
    0.544826686 0.406761736 0.785205126 0.514213145 1.17420828
    1.78118706 1.80137706 1.41396213 -0.150686592 1.97452784 0.472037971
    1.13423061 1.14658344 0.443984032 1.52761841 -0.190847188
    -0.249111414 1.23594415 1.924371 0.68797183 1.74299526 1.2008214
    1.18162 1.93638062 1.65732956 -0.264422715 0.455270767 -0.145638764
    1.14733458 0.414002359 -0.100311011 1.00216913 0.285545975
    0.712225318 0.369640708 0.395418614 0.0353174806 0.989050686
    -0.314925969 0.588663757 1.21701801 1.67957008 1.66461051
    0.282760382 1.50114727 1.08076882 1.87435722 -0.435830295 1.6129092
    1.12203264 1.80491173 0.541171551 1.86407614 1.71237469
    -0.0156698823 -0.184112966 1.80279183 1.44695199 0.303636104
    0.54116255 0.636647403 0.603845894 -0.225791767 1.97226095
    1.57123435 1.78389168 0.169568479 -0.281169653 1.25977409
    0.327620357 0.550196648 -0.359385669 0.0185883045 -0.0214201808
    1.54781854 1.31913614 1.00541437 1.71096969 0.175894082 1.49409723
    1.29840291 0.735128403 0.683689594 1.37442076 1.0529691 1.45855284
    0.705504 1.44665742 -0.152475446 0.0228748024 1.78895736 0.331980467
    -0.257902771 1.06923413 0.68829602 1.78570998 -0.132594287
    -0.187599987 0.636463046 1.93791926 1.7931397 1.95771623 1.13242936
    1.93516064 0.900751591 1.35137188 0.0285333097 1.86200655
    0.560809374 1.12614453 1.40246999 1.18183506 0.450019628 0.611119866
    1.47579563 0.848897099 0.074762851 0.588617086 -0.0170850456
    0.876278758 0.794962168 1.85461736 0.100697666 1.21562374 1.48074794
    1.52687287 0.678119063 1.26582634 0.428393334 -0.388704926
    1.01445198 1.48188758 -0.180937022 0.828667521 -0.180847496
    0.620714009 -0.38005954 1.59161556 0.215870976 1.66690695
    -0.185945854 0.179286331 0.895062685 1.4367491 -0.29488489
    0.717821836 0.765846968 1.55492401 1.06398749 1.20700908 1.36829901
    0.31486097 1.91445315 1.80233264 -0.453130126 1.86882794 1.56551385
    0.631988347 1.60144234 1.27952075 0.448801339 1.1212697 0.994071007
    0.914568305 1.54213119 1.81619143 1.24129367 1.66405368
    -0.0497291684 -0.34386462 1.93032336 -0.297070742 1.03244531
    1.45135474 1.55882001 1.1920228 -0.0149553418 -0.133443743 0.9975999
    1.22061515 1.62437165 -0.0770026445 0.51271373 0.498826355
    1.14778221 1.32816684 0.544215858 1.82049108 1.49986112 1.93256605
    1.90143764 -0.359279901 1.9125936 0.222353548 0.285884142
    0.917254686 0.550787926 0.526821494 0.567280889 -0.326716721
    0.898944318 1.302549 1.10745919 1.12097836 1.66964149 -0.246366188
    1.22322559 1.56582737 0.975696623 0.235765308 -0.0876377821
    -0.301607758 0.200489581 1.45341539 -0.359418839 1.94157183
    0.423088968 0.427988142 1.80109096 -0.197217092 1.1999402 1.32139182
    0.197107792 1.87034845 -0.300384104 0.998196244 0.300131023
    1.11312008 -0.0810943842 -0.32368657 -0.094347924 0.942837
    0.212361664 1.65295935 0.336760134 0.377504021 1.37130284
    -0.434603482 0.596331239 0.433497965 0.0715147555 0.473247945
    0.968032002 1.56154108 1.25852251 0.474858969 -0.0739043951
    0.688928366 0.619686127 -0.0546744466 1.85037851 -0.218283162
    1.14750397 -0.215766028 1.93662834 -0.387912333 1.3713522
    0.964015245 1.91173196 0.890386879 1.54038048 0.686760902
    0.785809517 2.07096553 1.14395261 0.32508868 0.297344267 1.13714135
    0.569026709 1.13294864 0.0911753774 1.55114317 2.0038774
    -0.368733227 0.893399239 1.61823678 -0.119170249 0.255672038
    0.527488351 1.19980907 -0.432308406 0.171155632 0.98247391
    -0.395049542 0.278712839 0.958827317 0.879865527 0.298463494
    0.498618752 0.0882742107 -0.149649411 0.339743942 1.34579289
    1.31725621 0.75573647 -0.117072284 0.29126215 1.43584454 1.20218062
    0.120119274 -0.0760238171 1.78261781 1.14715576 -0.124445498
    1.85729873 0.3153359 0.765353739 1.51310921 0.754574478 0.537693143
    0.457663208 0.833598971 1.2070682 1.27199686 1.26080692 1.08355284
    1.57846522 0.702830136 1.56058669 0.632552981 -0.319797516
    1.90445948 0.250016004 1.49024487 0.507289231 1.52431703 1.44636953
    0.88403511 -0.12148279 0.447564304 -0.372293949 1.45855069
    0.702473283 1.60869157 0.683654964 1.77412844 1.06244349 1.87758231
    1.09567857 -0.421514452 1.37491989 0.294855505 0.192805797
    0.77942431 0.37808913 1.68349504 1.89081991 -0.435777634 0.903588414
    -0.117276222 0.900055349 0.107930183 -0.37466988 -0.216666222
    1.25551701 1.85208237 0.629929721 0.750683784 1.57606614 1.8629781
    -0.276319444 0.265969396 0.110596567 0.390936494 1.17659926
    1.39792252 0.0320189595 1.42953885 0.447293997 0.343860716
    0.678335309 0.888477087 0.140553445 0.909716189 1.3576504
    -0.215323359 0.738599837 -0.496546984 1.7911253 1.21568537
    -0.0130589604 1.23497891 0.16594243 0.507081807 -0.311880559
    -0.383159757 -0.356357425 0.258246899 1.52112401 -0.00218090415
    1.76886249 0.980681896 -0.33556667 -0.491234303 -0.447269857
    1.60543883 0.945315719 1.3202101 0.490564674 0.91282326 1.65773928
    0.288678944 1.03518796 0.571983576 1.86097014 0.247843981
    0.910444438 0.694837391 0.998064935 0.883246422 0.88446027
    0.716035247 -0.420476258 -0.377020597 -0.13746208 0.187454373
    0.0346923769 1.37983775 -0.45276767 0.391645879 0.172645956
    0.951956213 0.876615524 0.683029175 1.07641125 1.8873415 0.204346418
    -0.192698359 -0.284712017 1.28720999 -0.15074718 1.6595211
    0.450928092 1.5012759 0.60099566 -0.0831798613 0.0469166934
    0.424568087 -0.0377456844 0.249364197 -0.160283983 0.762224734
    1.1557126 -0.334546953 -0.450956404 -0.326239765 -0.23166424
    0.645956278 -0.310462594 1.79786932 -0.0708222687 1.34243941
    0.958451748 1.1137352 -0.286502242 -0.435812116 -0.289889693
    0.917655706 0.897668123 0.712723851 1.48340344 0.271862507
    0.0479280353 0.262947857 1.0296489 0.570762873 0.601053715
    1.17351973 0.503206491 1.45545113 1.64369726 0.814780712 0.199888974
    1.51286268 -0.189832181 1.18933141 0.839183331 1.64842272
    0.673743606 -0.216420621 -0.148518413 1.84692454 -0.113388956
    1.24821889 0.326744229 -0.243926823 0.138500214 0.54072088
    1.72987556 1.51174998 0.868264496 1.2259357 0.0612745881 0.719650507
    0.918394804 0.40152359 0.716340423 1.14197946 0.836294413 0.47341311
    0.194808155 -0.455879748 0.910091996 0.132586658 0.044662118
    -0.223172635 1.44126809 0.781389534 0.398186505 1.64187312
    0.228679687 1.55994415 -0.215752214 1.10952568 1.73295307 1.77922702
    1.25646877 0.823385358 0.573946357 0.605106473 0.0144627094
    1.06680393 -0.0270371288 2.11589003 -0.127357796 -0.218391418
    0.0855180621 0.367393047 0.725803316 -0.264365584 1.62185836
    -0.414549619 0.494496346 -0.0435768664 1.31593859 0.0354778767
    -0.196885198 0.339658618 1.48269653 1.26123202 0.500894904
    0.905083537 -0.332572997 0.433494329 1.40960598 1.13990724
    0.948935032 1.72232032 -0.375550389 1.87595201 1.80439472
    -0.459111094 -0.25636515 1.78844714 0.563717365 0.819694221
    0.425825179 -0.0327134728 -0.0313893557 0.644790649 0.627929807
    1.84841144 0.139595449 0.450861633 0.253241956 0.649151862
    1.83533883 1.64254665 -0.435460091 0.553584874 0.283861518
    1.39663458 1.35220146 0.853652954 1.73444259 1.38702106 0.98504591
    0.180987835 1.72836947 0.028162092 -0.453753591 1.00814223
    -0.0380561948 0.756372452 -0.11953634 -0.147212893 -0.301236421
    0.769648731 -0.259639084 1.79935253 1.43017817 0.258420169
    0.887086213 1.04739237 0.00286209583 -0.142494529 -0.0823111236
    0.574990511 1.14544415 0.636019528 1.35127163 0.12717396
    -0.161330342 0.195142567 1.79230142 1.86336279 0.421285808
    -0.0881171823 1.20912194 0.844229639 -0.20613578 0.80455631
    0.301104307 1.58460629 0.0272114873 0.517460883 1.68583989
    -0.302737504 1.63917804 0.872965753 0.394927144 0.421868622 1.818542
    1.43062758 -0.105676055 -0.329378009 1.59588027 -0.455076754
    1.54233778 1.50640845 0.639298201 1.72871268 -0.22280094 0.306929469
    1.44682205 0.862891257 1.18238044 1.70255649 1.28030956 0.392047286
    -0.558895588 1.23955858 1.65724838 1.01695514 -0.243611693
    1.70417953 -0.426863253 0.469009101 1.07820034 1.81385875 1.21115112
    0.298414469 1.75718784 0.676617861 0.322490156 1.1889596 1.54992056
    1.06563771 0.8971681 0.53218329 0.862162113 1.39437544 1.85193229
    1.61592793 1.17306292 0.378095865 0.698379457 0.0107191801
    -0.317545593 0.214635551 0.669367194 1.71443355 0.213631511
    1.33974254 1.2852186 0.15242368 1.72478962 0.560879767 1.35854077
    -0.358994544 0.792665958 0.390955746 0.530938029 0.374420464
    -0.228887051 1.81853104 0.418846846 0.873509288 -0.19638747
    -0.302035302 1.41856265 -0.301941723 1.27183509 1.31618392
    1.07585371 0.869542599 -0.195425123 1.71730304 1.36714315
    0.804018855 1.40113926 0.524846792 1.59501529 -0.511793911
    0.540706158 -0.257601261 1.90227008 -0.0704550743 0.0505933762
    0.693605721 1.20882607 0.196545005 0.111114264 -0.186669528
    0.602689087 -0.313224345 0.0764009356 1.22643805 0.0267297924
    1.26253581 -0.104800582 1.10674429 1.09990609 -0.26445964
    -0.105656058 0.141284525 1.61063421 1.0495156 -0.266430497
    0.79556644 1.27243972 0.95930475 1.16870356 0.463285029 -0.266884387
    1.67945957 -0.0693059564 0.871834993 1.11651134 -0.227670789
    0.765206397 -0.330255032 -0.0192043483 0.406321496 0.264866352
    -0.0914306045 0.657510757 1.79582393 -0.146651626 0.544413805
    0.222374082 1.50040805 0.890103459 1.32737398 -0.519268513
    0.804179072 1.69718933 0.188669384 -0.0688763857 -0.158294737
    0.521141171 1.05734575 1.47269297 1.88941228 1.48724973 -0.23168391
    0.448518693 0.190584123 -0.0393083394 0.896190643 1.85499549
    1.8266468 0.13549602 0.0364795625 1.86561978 -0.279643595
    -0.216573477 -0.222728133 1.55034935 1.46016228 1.62371922
    0.481626153 1.79863691 0.193270445 1.5109036 -0.133532226 1.70823276
    0.635719359 0.84925276 0.552523434 0.504501283 0.0157762766
    1.78890014 0.988225341 0.0721728206 0.141786218 1.07153583 1.3974607
    1.22235012 1.44259477 1.41050339 -0.261651874 1.02862334 0.830918789
    1.20433831 0.541850686 -0.316241354 0.982506156 1.52460921 1.28037
    0.702889323 1.70419824 1.59203386 0.64384377 1.59515405 0.713960648
    1.49829841 0.572953522 0.464126945 0.26037097 0.494249225
    0.0892383456 0.862532675 0.672601819 1.56243062 0.458252847
    0.742049575 0.13452518 -0.331271648 0.724817336 -0.458477944
    1.35115039 0.270324469 1.45210862 0.183653414 1.01913285 0.412558019
    1.56833994 0.622877002 -0.214611471 -0.239556193 -0.505896389
    -0.349823922 0.410136759 1.66843677 0.80018729 1.14763355 1.72431052
    1.74164915 0.877041399 -0.0615319014 0.073364079 -0.538732767
    0.185131669 1.36113322 0.791871428 1.01492739 0.723175347
    -0.436091483 0.070058465 1.02181518 0.853248596 -0.231439054
    -0.535718679 -0.061942935 1.18200862 -0.0304167271 0.34224993
    0.37561816 0.164858639 0.192037344 0.588646114 -0.226967752
    0.847322226 1.22408342 1.45472717 0.796100676 1.30075479 1.03612161
    0.273427963 1.05770135 0.421197057 1.66540384 0.923646271
    -0.136849612 0.740037799 1.55291057 0.205525875 1.30386996
    1.77232528 0.902619898 -0.0586751699 1.07189846 1.13487065
    1.48947954 0.89247191 0.856919408 1.15707994 1.74968827 1.6645999
    1.33320355 1.74463463 0.937056422 -0.516963899 1.1568284 1.07422137
    1.5733248 0.544323802 0.0762321353 1.63755703 1.57702589 0.793657899
    1.79562759 -0.491134554 1.1106323 0.83035028 1.63460565 1.58470106
    0.329464853 1.20268178 -0.570241809 1.12386918 1.41951346 1.17074859
    1.1567812 1.34251094 -0.257405639 0.157717347 0.591560841
    0.622484326 0.621540606 0.561216295 1.18171036 1.18008614
    0.218593061 0.284293652 1.61181283 0.650137246 0.986286223
    0.276091993 0.252475083 0.0505629778 0.906102061 0.638154745
    0.171813488 0.518639624 0.86693567 0.858267725 -0.3457551 1.57800937
    0.816270411 0.661424339 1.45198035 1.22066522 0.47935313 1.78983343
    -0.031899929 1.15150976 -0.251234382 0.957906127 0.375563979
    0.182763815 1.77283573 -0.0563726127 0.663071871 1.06004024
    0.535010457 0.251217008 1.51204288 -0.464691728 0.766428113
    0.467520416 0.230014682 1.69911623 0.885453463 0.809796154
    1.18308663 0.842180014 1.00628793 1.31477678 1.48042083 1.31647909
    1.73615694 0.643652797 0.999612927 1.59867954 1.28701544 1.38176978
    1.31894743 0.525589585 1.52938199 -0.404883802 1.81844532 1.43885303
    0.149584174 1.17559743 0.484479487 -0.316914827 0.62603271
    0.127346873 0.209423721 0.651096523 0.227601767 1.32636178 1.2277956
    -0.511717379 1.41630185 1.66143346 0.614198387 0.465616941
    0.91664964 0.849773467 0.883796334 1.63043547 -0.177855194
    1.76066422 0.135681987 -0.540186763 0.614320874 0.015670836
    0.469790936 1.74895906 1.07099581 1.34671891 -0.492253363
    -0.52557534 1.32629633 1.49192977 -0.497218728 0.93123877
    0.510053873 1.48560095 -0.344675153 1.19520187 1.88663387
    -0.199190974 2.00191426 0.81812346 1.86014724 0.72160548 0.954494536
    1.58097804 1.30006218 0.797585785 1.23931837 -0.308474272
    0.631756723 0.365307212 1.03628206 -0.399955213 0.408665538
    -0.41635251 0.48198235 1.22334075 0.192518234 0.393114328
    -0.560585499 1.06080174 0.327365398 0.254087627 0.381565571
    0.861880958 -0.399271518 1.20304775 0.0257477164 0.571384311
    0.415100396 0.785255253 1.31731379 0.425273061 0.719722033
    0.111916065 -0.0387350917 1.45659852 0.967850983 1.10289395
    1.04966187 -0.447191656 1.17446136 0.390041471 0.717214525
    0.997243166 0.169989824 0.850698888 -0.253879488 1.27263606
    0.0185241103 0.648633599 1.34914958 1.10234594 0.159240186
    0.223253548 0.678125262 0.520018399 0.550474465 -0.432562679
    0.272494256 -0.46538493 0.554598868 1.61666298 -0.117980152
    1.48815012 -0.0783212781 0.292623341 0.155511618 0.41305238
    -0.596032202 0.77634424 0.229801893 0.000966489315 1.2162472
    -0.568120003 1.21432388 0.156243742 0.392151594 0.224742413
    0.487282038 1.57785416 0.0402683616 0.0429740548 0.719061613
    0.412434995 1.46695852 -0.415105313 -0.319539994 1.60103011
    1.52431989 1.45983219 0.166222572 1.439605 -0.601851225 1.19644487
    1.11753511 0.0188749433 0.0829235911 0.281913877 0.201286256
    0.0168802738 0.992461383 -0.35227108 0.887215376 0.996242404
    0.577628136 1.58287275 -0.337685972 -0.252093554 -0.26008144
    0.381793499 -0.0779839754 0.243017197 1.29822278 0.11545229
    0.73664999 1.58516669 0.860275447 -0.121143997 1.07097769
    -0.189594924 0.598850012 0.93321681 -0.477873564 1.63167262
    1.73726392 -0.22820437 0.866962492 0.313646436 0.815019906
    1.55719852 -0.603452742 -0.199053168 0.120946169 -0.233703554
    0.793638825 1.06384814 0.954997897 0.598082364 -0.460307181
    0.502767742 0.527096093 0.488333941 0.639438808 1.52081203
    0.422224104 0.837431133 -0.171986878 0.345782042 -0.18552956
    1.23549795 0.282583356 1.06587529 -0.457481563 -0.0314435363
    0.6482023 1.67193532 -0.174382985 1.26388681 1.56807423 1.7235738
    1.22211504 1.5520612 0.437620282 -0.373711467 1.63711452 0.625223279
    0.0469381213 0.54775387 0.535288811 1.34062243 0.197115481
    0.295934916 1.15467024 -0.107556045 -0.0197870731 1.80622983
    1.67993915 -0.0415334702 1.33525634 1.18279147 0.207755566
    0.388303041 1.27100384 1.59292781 0.133096755 1.01245403 1.61724305
    1.44865656 0.971145928 0.785981655 -0.57943207 0.805136144
    1.11691129 0.258054018 -0.388504207 -0.386998087 -0.109487295
    0.855120182 0.676975787 -0.547964513 1.76600218 0.0612508059
    0.828573465 -0.1676521 0.899675548 1.11705267 0.464998126
    -0.0618790984 0.688945115 0.164823771 1.17370272 1.51769614
    0.621928751 -0.0735856891 1.2384367 0.0391120315 -0.457176834
    -0.0473200679 1.44291317 0.36688596 -0.554000139 0.536601961
    0.0617278218 0.814992309 1.35907698 0.0859333277 0.835539877
    0.497422814 -0.35065639 1.76070333 1.45673323 1.32686734 0.579779804
    1.17954874 1.76218367 0.501245916 1.34977889 1.62739754 -0.128965467
    0.0772836208 0.31499207 0.344732702 0.305259883 0.19363147
    0.444557428 -0.118016541 0.566012084 1.1928916 0.467159331
    0.578088403 0.12990576 1.68312931 0.447772145 -0.170028329
    0.306092471 0.383396178 0.131287247 0.317545891 0.386794388
    -0.474245638 -0.458414525 0.722939134 0.485404313 0.980966747
    1.47925317 0.560994983 1.06262994 1.32073307 -0.326524556
    -0.497790933 0.760795176 1.6103816 -0.527407169 -0.0784156322
    0.77373445 -0.512513638 -0.576915145 0.306179166 -0.124345779
    1.16288579 1.36781597 0.552923083 0.376629174 -0.647888601
    0.415125012 1.29752445 1.71913362 0.419786692 0.371173918
    -0.624833345 0.311189651 0.144377053 0.704540014 1.31590104
    0.34880501 0.142327905 0.889826834 -0.0219432116 1.01442337
    1.29942536 0.838763237 0.272271752 -0.342354834 0.854234099
    0.381902039 0.27340436 0.91685164 0.732901692 1.32128549 1.28246641
    -0.120877266 -0.07227391 0.25861305 1.10882103 0.975635827
    0.493836045 1.56234241 0.75600028 -0.000570297241 -0.27147916
    0.388667643 -0.337153554 0.270339012 -0.188005686 -0.0433104634
    1.02294135 1.4921844 0.578216553 1.54251122 -0.65088594 1.63645816
    0.395103753 0.195913315 0.561729193 1.21702743 1.55315638
    -0.14505899 0.202277541 0.768642902 -0.275285184 -0.00653588772
    0.9150998 1.69767606 1.57338583 1.40671301 -0.310074329 -0.279776186
    -0.0583663583 0.517401636 0.0215296149 1.38680446 0.385779142
    0.528950095 1.21215606 -0.625455379 0.631493747 1.18598962
    1.65911579 1.39665413 1.04216504 0.207069457 0.86856389 1.36166763
    1.03588319 0.735079169 -0.317997575 0.968952239 0.271483362
    1.61368251 0.955331087 1.04746294 1.57610965 -0.343417078 1.54831207
    0.965794802 0.156967878 1.4931407 0.532900929 0.962245226
    -0.0279352665 -0.628759444 0.737124264 0.750842094 1.71392548
    0.815286875 1.63258505 1.38582087 0.316948414 -0.0776172876
    -0.121983767 1.43092239 1.52923679 -0.483640194 0.630331516
    1.01959252 0.58115685 -0.327448189 0.609468222 1.65944266
    -0.675806522 -0.525458515 1.53146589 1.34811807 0.61908555
    -0.0285087824 0.964248657 -0.136778831 0.439491034 0.968227446
    1.20472395 0.456313968 -0.525442243 0.383183837 -0.343235523
    1.65130842 0.0534101129 0.441516638 1.40394628 0.841319442
    0.558749616 -0.65751195 0.124820292 0.0197935104 1.06983376
    1.34609759 0.0592224002 -0.621430576 -0.0843357444 1.38487005
    0.230184853 0.227223814 0.0437430739 1.33632529 1.01083112
    -0.260228395 0.63150847 0.40806675 0.78059715 1.12081885 1.27361667
    1.72210801 0.158361852 0.201253355 -0.488112956 -0.427163988
    0.792354465 -0.26456368 1.46386206 0.715907097 1.32367229
    0.689205468 -0.583257556 -0.593147874 -0.530128181 1.03949153
    -0.621490717 -0.219668359 0.472924471 1.66464031 0.616346478
    1.67327952 -0.460703433 1.34049153 1.65685821 0.850736439
    0.528214455 0.0299364328 0.866178989 0.850431085 -0.456090748
    -0.131119072 1.0802964 1.49352491 1.37639689 1.18182635 0.443935215
    1.66363251 0.991689384 0.787645578 -0.0456510186 -0.321727455
    0.754756331 0.864763141 0.153238535 0.933784902 -0.251836598
    0.428714454 0.216086984 1.28617096 -0.49617964 0.748905301
    -0.0460201502 0.4904598 0.586016476 1.59004617 0.234827518
    -0.468100309 -0.636635363 1.49730146 1.0869832 -0.551000237
    -0.451607287 0.741648555 1.04791093 -0.0836144984 0.60116595
    0.51344806 1.07055926 0.450776041 0.160041869 -0.0328925848
    0.108255833 0.861664057 -0.110595286 1.65461087 0.0551909804
    1.40735197 1.28799701 0.0905954838 0.0820355415 0.0550092459
    -0.0883796215 -0.368736267 0.294162869 -0.626413703 0.233996868
    0.646577597 -0.0637153387 0.791151524 1.09130454 -0.0418974161
    -0.497404873 1.24239016 -0.270756721 -0.676742494 0.442376912
    -0.577106535 0.289091945 1.53085542 -0.53855443 0.817885458
    -0.0672548413 0.935685933 1.25209284 1.54093528 1.38411212
    0.152377427 -0.268232703 -0.0378772616 -0.508436203 1.50716662
    0.96722734 0.389306009 0.482927024 0.870811403 0.71080482
    -0.00745218992 0.208661437 0.270435631 1.3998847 -0.530225933
    -0.412234366 1.08160377 1.33796406 0.0190734863 0.646676362
    -0.21227029 0.445038378 -0.0530247688 1.08744502 0.445528805
    1.33161092 -0.638616264 0.822103083 -0.250317872 -0.416378528
    1.67713809 -0.70555681 -0.664095223 1.35011721 1.53215861 0.48745805
    0.705209374 1.58640194 1.66823578 1.2932924 1.47939301 -0.57348454
    1.0084337 -0.615275025 1.07888746 0.923117518 0.586926877
    0.583806038 1.40176845 1.56585813 1.35197735 -0.0658718944
    1.22586811 0.6372298 0.610741138 0.321519732 0.120653272 0.209119856
    0.858427048 -0.437677979 -0.529292345 -0.668654919 0.634534538
    0.0304662585 1.58398616 1.60283947 0.725560367 -0.599003077
    0.752202809 0.459453881 -0.363594383 1.61436605 -0.353695065
    -0.470809519 -0.0387168527 0.77117008 1.02001119 1.04077089
    -0.735154927 1.11671877 0.24290061 0.134064734 0.339236021
    -0.480846226 0.105408907 1.25055552 -0.29562211 0.870980322
    0.263991535 -0.353427976 -0.498205423 0.531545162 0.888292015
    0.504318476 -0.453877211 1.02064919 -0.287420392 -0.606582046
    1.41295886 1.22331667 1.51506138 0.00921291113 0.645514011
    1.04152405 0.662076533 -0.163529396 1.54434085 0.128149033
    1.01477551 -0.251849562 -0.0195733905 1.64913523 1.34461594
    -0.474289954 0.081250906 0.0258675814 -0.600535572 1.39180684
    0.540895402 -0.343644947 -0.354884654 1.44326973 1.57661831
    -0.473374844 -0.683366418 -0.549696922 0.0855458379 0.705475211
    0.200377107 -0.476283044 0.26374948 1.38128877 -0.0291130543
    -0.0724198222 -0.533635497 0.22198981 0.651863813 -0.64032352
    1.14793551 1.53165078 -0.144581616 -0.0591292977 -0.20333007
    0.307887614 0.437197685 0.02928859 1.25134706 1.23975968
    -0.314972132 -0.145930707 -0.178754747 -0.261235982 1.66039252
    0.179281414 -0.184318721 0.214502156 0.688103259 1.29467559
    -0.449613094 -0.518695056 1.41002274 1.53043175 1.4718802
    0.681990504 1.33737135 -0.323663086 1.14211345 0.455425501
    -0.284446955 -0.502272964 1.09711313 -0.40065378 -0.311908245
    1.69562507 0.333070636 0.760156095 1.51774907 -0.465170801
    0.285375237 0.0660833716 1.39955282 -0.127034366 1.18224049
    0.193505824 0.79976809 0.0999183059 0.941490889 1.15652108
    0.927937329 1.33805346 0.723865867 1.07317686 0.381506681
    0.0201823711 -0.393645883 0.655750871 0.484706879 1.36504793
    -0.699947715 0.16372472 0.384962738 1.69115043 -0.27938509
    0.541361272 -0.292524219 0.361443281 0.294523418 -0.203692347
    -0.518129468 -0.190300167 -0.127147377 0.837505221 -0.620166898
    0.810968041 1.5680505 0.447081327 1.53425097 1.756042 1.54573607
    1.42309165 1.01998878 0.481417567 0.638272703 -0.329816848
    0.342368722 1.65781045 0.0840293765 0.0116274953 0.293896675
    0.840670466 -0.675083101 -0.270248294 0.0319582224 -0.219674408
    1.64994144 0.7560606 -0.32213369 1.08973885 1.42815876 -0.485918105
    1.12471938 0.873072207 -0.029517591 1.56670833 1.49379694 1.06191587
    -0.623983622 1.22921205 1.57472134 1.16939425 1.00242054
    -0.353952676 0.15909344 0.379847169 1.13010526 0.0393868685
    1.23988545 -0.221188664 0.965213478 0.108554661 -0.0164319873
    0.103586614 0.0122624636 1.420964 -0.00854176283 0.520245671
    1.21986055 0.209253013 0.173332751 0.531645298 1.41703868 1.17561507
    0.0587005019 1.30448365 0.489023745 -0.358411044 0.0771305561
    0.658506095 0.344382405 -0.351986349 1.07576513 1.36872315
    1.66717911 1.7105968 0.0598586798 0.812039912 -0.199269533
    0.389506519 -0.161849022 1.12826395 -0.214158833 0.359000266
    1.32897854 0.569183946 1.4776305 -0.626522899 -0.262800336 1.4044106
    0.0878399014 0.867631733 1.0371592 1.4160471 -0.361525863 1.23147225
    1.54969609 1.67532253 -0.156128466 0.0690177083 1.42335892
    1.48460853 0.115505397 0.773137152 1.258816 0.134265959 0.391443312
    -0.699385166 0.150658607 0.678349197 -0.10910207 -0.0706661344
    1.01560438 0.245546758 1.42103624 1.57488036 -0.241462111
    -0.216768503 -0.348975718 0.122439444 1.20255435 0.135135412
    1.26492786 0.475699902 1.6056869 0.802627504 0.748411834 0.145059049
    0.306487501 0.330516875 -0.17326051 1.33469248 1.4020102 0.543905139
    1.36804342 1.01207328 0.480050147 0.827045619 -0.177215815
    1.21591699 -0.571746171 0.0910337567 0.469825923 0.812994421
    1.40493238 -0.465301543 0.34969908 -0.578773737 0.636954367
    1.37037945 1.01675773 0.495737433 0.682351708 0.124143958
    -0.550481856 1.01020658 0.457176983 1.14099264 1.46387136 1.2184155
    1.03841281 1.52731133 0.407190502 -0.445040107 -0.490857035
    -0.691888094 0.700984359 1.58637643 0.297694504 0.0769299865
    0.63679105 1.21589196 1.14849424 1.36753988 1.29009926 1.5090332
    0.0143458843 -0.475461662 -0.487592012 0.452888072 1.2897923
    1.08946228 0.864669144 1.61641622 0.729744732 -0.26866284
    0.809148252 0.0644137859 -0.39081043 0.185518146 -0.579127133
    1.16690767 0.348526597 0.736878812 0.867013335 -0.364019692
    -0.155011237 1.32126093 0.677021205 0.640133083 0.517494321
    -0.410044611 -0.191387475 0.137435853 -0.226601452 1.08047462
    1.65677643 1.04062378 0.679255605 1.68713522 -0.586917937 1.2042402
    0.0498402119 1.67006314 0.27042073 -0.234559357 1.4744128
    0.0855489373 -0.327381641 -0.618170261 0.338008821 -0.178156853
    1.08583331 -0.486314595 0.130456209 -0.305910438 1.18501878
    1.22878742 0.884139478 0.281075597 0.373467207 0.834225714
    -0.333189726 -0.368851364 0.783344626 1.23848855 1.38806033
    0.199793279 0.324580252 0.123435736 -0.0843570828 1.53212547
    1.36342633 0.15958792 0.860132754 -0.335279763 1.24448538
    -0.546849728 0.42206043 0.218263268 0.931484818 1.30246925
    -0.020221293 1.71819901 -0.667319775 1.58595967 -0.569035172
    0.991608918 -0.0317615271 0.726255715 1.46544981 1.2181673
    1.34753942 1.19599676 -0.389311254 0.887210131 1.67061985
    -0.0164793134 1.90867949 1.35154223 1.31197393 0.363048792
    -0.310715377 -0.119764566 1.13019705 0.967752516 1.0131824
    1.01212072 1.20797801 -0.00829172134 0.451656282 1.48619294
    0.660906851 -0.093752265 0.685610712 1.5501672 0.880239844
    1.56866467 -0.13557899 1.28643322 0.697662771 1.23609328
    -0.666828811 1.07146227 0.401995063 0.433676481 -0.276676506
    0.802720547 0.472316921 -0.489857048 -0.312952667 -0.681489885
    -0.162517905 0.409523129 1.17629671 0.49608928 0.343696177
    -0.475642532 0.13763839 -0.221157074 0.472287714 0.2269243
    -0.0777649283 0.497318804 0.350294471 1.05446124 -0.596664906
    1.00238252 1.18257952 1.06667614 0.669032335 0.194866657 1.72296357
    -0.0438955426 1.25828719 -0.395078361 1.24073195 -0.544264734
    0.183543563 -0.00783073902 -0.0715882182 0.332600653 0.50631839
    1.37741888 -0.184943795 0.932074726 0.735848486 1.09016109
    1.25900137 0.254700899 1.19279051 1.56336832 0.746383846
    0.00763857365 -0.158553481 -0.0853800178 0.152226627 1.05835509
    0.115650296 0.322078168 1.43511176 1.40523934 -0.0990806818
    1.56955636 -0.238120794 -0.177682817 -0.242823929 1.37640107
    1.63464284 0.934574008 -0.0748173594 -0.542022884 1.10919547
    0.161566734 1.05209553 -0.596711159 -0.225965887 0.908835292
    0.54212743 -0.265266091 1.03563011 0.328312695 0.522197008
    0.205235124 -0.0106066465 0.652063847 0.134992898 0.425349295
    0.940405488 0.619311333 0.773342371 -0.162300289 1.14591944
    -0.0258789659 0.842936695 1.32812047 0.530086219 0.10041374
    0.864095926 1.61367846 0.950015545 0.379706085 -0.680449426
    -0.489815235 0.00323975086 0.770737171 0.967707872 0.62563777
    0.197061658 1.56854367 -0.344715714 -0.252725601 0.747914732
    0.135995507 1.38827229 -0.20893687 0.346000075 -0.431171 0.666978061
    -0.637376964 0.855981052 1.62031269 -0.303393543 1.63378978
    0.82614553 0.734939814 0.275388539 1.48266268 0.891792119
    0.960704207 0.229752183 -0.611786246 1.21459079 1.45398378
    1.57899034 -0.242932022 0.498670578 -0.0772922635 0.0999825597
    0.638187945 0.160431325 1.25612402 0.747057855 0.421051145
    1.22648692 1.632586 -0.138418853 0.154090524 -0.297642231
    0.431435466 0.47874397 0.884841502 1.47281456 -0.268351257
    0.0045902729 0.701846004 -0.320215732 0.0694141388 0.269046485
    1.68722749 1.4833672 1.17182148 0.820358217 1.31526995 1.65756321
    -0.551998317 0.835276484 0.482830465 0.382415593 0.223614693
    1.35931063 -0.00557780266 1.31281435 0.885928512 0.536135077
    1.5366118 1.21462035 -0.368669361 -0.691545486 -0.683533192
    -0.228294313 0.760359406 0.341747701 -0.111507833 1.23886895
    0.30864197 -0.257728249 1.1552037 0.144623637 0.6256634 0.320924044
    1.66987777 -0.355510473 1.48301196 -0.154557824 -0.167642236
    0.941207707 0.302397847 -0.491046846 1.14286733 1.59796095
    0.23440516 -0.273675174 0.555862308 -0.0590366125 -0.623668015
    0.42137152 0.596749246 -0.348374844 0.118955612 -0.582982719
    0.354272127 1.14525628 -0.543209076 0.798446894 1.10805929 1.3157053
    -0.222016782 0.103681922 1.11562967 -0.172453523 1.27156007
    0.0614503026 0.584422231 -0.627072513 -0.33762148 1.57546842
    1.65063369 0.637574553 0.881549358 0.814820766 0.199299157
    1.76437855 1.80818987 -0.343062818 -0.0392744541 0.255415201
    0.589403749 1.55854225 -0.165633589 -0.0737521648 0.326102138
    0.572807789 1.47145319 -0.21276769 1.27934158 1.61259472
    -0.658975244 1.29437149 1.62716389 1.63982081 1.25034463
    -0.583674133 1.09910834 1.09250665 1.09440649 1.4944694 0.0808417201
    0.500616789 1.14326453 0.703241289 1.10989618 -0.384806693
    0.993767381 1.43056881 -0.0712304711 -0.475719333 1.34314716
    0.709403694 0.680217445 0.728583813 -0.00898963213 0.891009927
    0.316897511 0.827657104 0.981925368 0.444173515 1.52010477
    1.14548719 0.112499952 -0.353428841 0.276391625 -0.329197973
    1.59069657 -0.588436127 1.40946031 1.31213379 0.962098897 1.27423096
    1.24085557 1.72340131 1.23181581 -0.0349725485 -0.232733816
    1.59703207 0.919688225 1.14872539 1.32101798 1.18673301 0.73882705
    1.20876551 0.0779190063 -0.43433997 0.138581574 0.441795826
    0.245498657 0.621637166 1.5570128 -0.629118741 0.184324861
    0.475851536 -0.488728076 0.705676079 -0.677049994 -0.198881775
    -0.424552739 0.321024954 -0.487729669 0.0683859587 1.31659055
    -0.518691838 1.12798011 0.0821589828 1.10680544 -0.512956798
    -0.279174358 0.765809655 0.338661492 0.624681771 -0.486212105
    1.43634593 -0.383845091 0.90625608 0.675375581 1.3933723
    -0.666317403 -0.115443647 0.881224513 -0.432399392 0.777305067
    0.92332375 -0.0113058686 -0.734947026 -0.30971837 0.0581216216
    0.937150538 0.220322907 -0.624196649 0.853461146 0.458641768
    1.42320454 1.39438748 1.4683609 -0.427835345 1.30420387 1.6098175
    0.398049533 0.274716616 0.635291636 0.799221754 0.512545288
    0.585246205 1.3296504 -0.298141718 0.415277183 0.409810781
    -0.577056408 -0.449811012 1.13602042 0.747355342 -0.319535851
    0.835217834 0.237562239 -0.202836394 -0.427197516 -0.396598637
    -0.0611406565 0.348802865 -0.44680053 -0.579476416 0.0971966982
    0.590912044 -0.536554575 1.10726357 -0.544243097 0.332295239
    0.94838798 1.6148541 0.714739025 0.430453479 0.22879678 -0.143045247
    1.45131803 0.824800432 -0.376649737 0.352916896 0.165977657
    0.434076667 0.451772511 0.858588815 0.674110889 1.2108326
    0.943032265 1.36518097 -0.570128858 -0.0303242803 0.773642719
    0.56453836 1.04564834 -0.343892574 1.63404644 0.403811038
    0.245154917 -0.181473613 -0.59433639 -0.580759466 0.694676399
    0.840117991 0.885939956 0.0658801794 0.289755046 -0.492566943
    1.3526175 0.971330106 -0.629599273 0.90823698 1.22308171 0.615725338
    -0.643966079 -0.439388514 1.51070893 1.39348078 0.477505803
    1.06247842 0.248293459 -0.599305034 0.913259208 -0.634584367
    -0.228918582 1.67233753 0.759800673 -0.523107052 1.18376994
    1.59359169 1.36725068 0.745026112 1.5891068 1.23950207 0.36489886
    -0.0828974247 0.959628701 0.191735566 -0.390590221 0.296239018
    1.53875184 0.304282427 1.39414644 0.661888659 1.55099273 0.821130097
    0.183862865 0.580818832 0.761479437 0.870734394 1.61064935
    1.52857327 1.32975268 0.552562118 0.133723676 -0.0533108115
    -0.292806029 0.202467144 -0.257564485 0.479346275 -0.621151805
    1.25421834 1.55096793 0.220376253 1.55109811 1.65752482 1.55405927
    -0.24593389 -0.606868625 1.76760817 1.44788063 0.364345133
    -0.3777439 0.0683754683 -0.095138222 1.63434756 1.14543796
    -0.25987184 -0.410270989 0.729097843 0.792164683 0.672400475
    1.2543031 -0.41164571 0.860953867 0.763835073 0.33228749 0.932914197
    -0.322141588 -0.222245693 0.744727254 0.815279305 0.668883026
    1.37207556 -0.171150506 0.861699045 0.27500689 0.133442342
    0.187170148 -0.544344544 1.30698252 -0.239610046 1.45648694
    0.189786792 1.14199281 -0.640238285 0.943330765 -0.128592014
    -0.220537126 -0.285417497 -0.13242954 -0.407990396 0.259990633
    -0.306462437 -0.640069962 0.0575507283 1.55932498 0.0111575723
    -0.356407464 0.538888037 1.56473053 -0.380391002 -0.127166808
    0.741548419 -0.536623061 0.825447857 1.36478627 0.310985684
    0.543688893 0.440722346 0.541858256 0.902936757 -0.586554825
    -0.0253955722 -0.450592607 -0.539339185 0.788950264 -0.056291461
    -0.0727574229 1.54730189 1.44527245 1.16809058 1.28175282 1.49949145
    1.65840244 -0.208696187 -0.424034387 0.239273906 0.514336348
    0.191782892 0.257092893 1.22300839 0.359565139 0.638922274
    0.122590423 0.276107788 -0.215098947 -0.505717635 -0.103193879
    0.87699008 0.21388334 -0.659409642 -0.159685969 1.03265905
    0.135549009 1.11179245 -0.0989097357 1.31812096 -0.410511553
    0.0250854492 -0.663280129 1.67462361 0.983944178 0.571947634
    0.643017471 -0.675763309 0.720501959 0.525927186 -0.283759654
    1.43795705 -0.24658069 -0.28819254 -0.542830288 1.52636814
    1.05200338 0.897008955 0.318957925 1.53804445 1.3582871 0.0256159306
    1.53397322 0.972946525 0.00718528032 1.36985803 -0.477560312
    0.591884255 -0.351646602 0.75069505 0.969663918 1.28109288
    0.818684518 -0.512132347 -0.436138391 0.0522507429 0.883624554
    1.00677729 0.45190984 0.865487814 0.554533124 0.707870543
    0.697294474 0.175499558 0.155067563 1.4211576 1.21993899 1.16035223
    1.18186688 -0.382702917 -0.064343214 -0.317370415 1.5775907 1.643592
    -0.00155335665 1.54552424 1.60896301 0.3833884 1.31155229 1.55204546
    0.321021855 0.0266646147 -0.0890247226 0.723046482 1.57238591
    0.292493641 0.177023232 0.697250843 0.539820433 0.9608953 1.02206087
    0.70928359 0.950788915 1.2969507 -0.183761179 -0.431236565
    -0.312046409 0.802803695 1.02215326 1.45647204 1.24385595 1.29883552
    -0.541282177 0.783376753 1.38793516 -0.307873398 0.520117402
    0.642960131 0.229133129 0.892099321 1.39496851 0.657261848
    0.680784822 -0.000178158283 -0.360322714 0.881365776 1.64305449
    0.174414277 1.09580326 -0.197618663 1.107265 -0.38939482 0.642905891
    -0.441538304 -0.461413175 1.38126242 1.36754918 1.66554034
    0.549416184 1.25274014 1.19022906 0.950646818 -0.128393531
    0.282046854 0.294603288 -0.541107535 -0.211402535 -0.117075503
    0.888045132 0.698779941 -0.511343241 -0.301971018 1.65483379
    0.241324842 -0.18727529 0.320887506 -0.309866428 -0.664894998
    -0.335926503 -0.16849333 0.0990280509 0.93710196 1.60188162
    0.703654528 0.368117452 1.30197728 -0.640513182 1.49168754
    0.993411481 1.67807126 0.0716232061 0.821520746 1.37300301
    1.38242888 0.836666644 1.54429042 0.933247983 0.919208944
    0.583824277 0.0530325174 -0.343258202 1.33162272 0.191793621
    0.420395315 0.55791074 1.07524085 1.1682837 0.519244969 -0.390847117
    1.62175989 0.500399709 -0.065926075 1.52719283 1.0423615 0.941230893
    0.346868902 0.194422126 1.39923298 0.0815272331 0.447528899
    0.326526105 -0.604112923 1.72134256 0.201671839 1.50297463
    -0.344434202 0.0753436089 1.46603036 1.17693138 0.112073481
    1.26361609 0.195264995 1.23692906 0.386630476 -0.134134889
    1.46488345 0.0667116642 1.54347074 1.15659666 1.07586837 1.08513951
    0.240232825 -0.10181129 1.6366241 1.38258314 0.250478208 1.20595145
    0.30300051 1.68696117 0.025364697 -0.422756195 1.24920011
    -0.383596689 1.34536147 0.78894186 -0.0839824677 1.06306028
    0.336250067 -0.564727604 -0.611606658 0.777995765 0.729932487
    1.69678748 1.10928094 -0.0235437751 1.56150818 0.266382635
    0.320081234 -0.620933831 0.748419344 -0.274830282 -0.000281214714
    -0.191421062 1.42064393 0.829380512 -0.644424617 1.60550046
    -0.490165114 0.102281749 0.00413143635 -0.0996724367 1.35245538
    -0.286711693 -0.466997623 1.55863309 1.4756887 1.67415738
    0.269943595 1.31910992 -0.418482214 -0.452393413 -0.284347892
    1.15958953 0.629183352 1.09335685 1.10102117 1.07424188 0.768750131
    -0.649349689 -0.64524591 1.53241432 1.4253242 0.332412362 1.09933686
    -0.344654709 0.838979185 1.18093312 -0.326928675 1.68571734
    1.43699765 0.95805192 1.534935 0.274845243 1.32131934 -0.117539108
    1.43956923 1.46241832 1.3337543 -0.20110482 0.730479419 0.0429334641
    1.42285025 0.991694093 1.62272811 1.50689054 0.551091313
    -0.614567578 0.602638006 -0.628518701 1.29551053 0.383752167
    1.48226643 1.01128078 1.3229388 -0.28046304 0.970081329 -0.445813596
    1.35842824 0.859450579 1.04704714 0.856871903 0.43365401
    -0.562128782 0.480567575 1.34713674 1.13947082 1.56311035
    0.615988195 1.66522026 0.072897613 1.37837493 -0.372703671
    0.503615975 -0.0881958008 0.920938194 0.0145606399 0.330037892
    0.251823843 -0.526954174 1.67022634 1.22575963 -0.602151394
    1.46536255 1.14034462 1.03846908 1.61157298 1.3903228 -0.0793606043
    0.777321219 1.09504724 -0.612558603 0.784760892 -0.143401861
    0.806632638 1.54099512 1.48918724 1.35875225 0.330101132 0.775419593
    0.768833458 1.27751732 -0.635766029 1.61344552 0.998657644
    -0.267600924 -0.071023941 0.594834566 0.214047134 0.520317674
    -0.182858646 -0.0645619631 0.80274421 -0.534630418 1.18248105
    -0.152494848 -0.0244697928 0.286663592 0.179903626 -0.623255432
    1.13705134 0.0805960298 1.6269393 1.28175068 0.116788447 0.543694139
    0.661502063 0.919438422 -0.602273405 0.588260591 1.56917429
    -0.435417771 0.348576367 0.98255682 -0.0247796178 0.832339525
    0.316038609 1.57120311 0.565648019 0.054405272 -0.697436154
    -0.657166183 0.462941527 0.930322289 -0.264601827 1.11429095
    0.347335219 1.43958127 1.39980519 0.758321702 0.262643516 1.02817309
    1.63396358 -0.34830907 1.35470867 0.601079643 -0.557948112
    1.18183541 0.593655527 1.26759052 0.109972417 -0.00280857086
    1.45243955 -0.592007399 0.472523749 1.33594775 -0.299550176
    0.308982611 0.667343915 0.231280208 1.54065275 1.50443232
    0.485984206 0.281101763 -0.178172797 0.563154101 1.54711056
    -0.533251822 -0.400041163 1.09581304 -0.427388847 0.625660777
    0.505293071 0.363976359 -0.149549156 0.147462666 1.42247593
    1.50720036 1.16074324 0.338690966 -0.242768452 1.97337544 1.48512506
    1.77924502 -0.529036701 -0.193277538 0.0829493403 -0.328319192
    1.07357025 0.0951409936 0.162025392 -0.620946825 1.29310894
    1.41938281 0.808193624 -0.406606495 0.661166906 -0.63711834 1.659536
    1.09446335 1.43018222 0.830895782 1.31225085 -0.609402597
    0.766309321 -0.711141288 1.48731375 1.51886344 0.541372716 1.3926065
    0.266891837 -0.0571776032 0.728710949 0.293174386 0.528990448
    1.22319365 -0.316351801 -0.389866114 0.0178893209 -0.350623906
    1.45435047 0.197899401 1.72785175 1.64320695 1.19631338
    -0.0302774906 -0.615984023 -0.538534641 0.522687852 0.434833527
    0.675725043 -0.373470753 0.277665079 -0.218117744 0.793142378
    0.556042492 1.18956602 0.0307596326 -0.122054458 1.15179229
    -0.620136023 0.164939404 -0.346618921 1.58389032 -0.581180274
    1.54974556 -0.661268651 0.0651875734 -0.0949920416 1.43684053
    1.026299 0.69398421 1.04644227 0.263049901 0.334819615 0.0774004459
    1.17065525 -0.200351477 0.980344117 0.969046354 1.25013208
    1.11183667 -0.21995014 0.681933701 -0.645967305 0.995087862
    0.0864582062 -0.278307468 0.582380295 0.157861114 0.209868491
    0.430000424 -0.330334842 0.670278192 1.51813889 1.43584943
    1.51430559 1.34766626 1.06392527 -0.235726327 -0.247862518
    -0.0661817789 0.497168124 0.565065622 1.12548423 0.615035057
    0.97435075 1.45542026 -0.425366491 -0.245323718 0.316031098
    0.906189442 -0.673372984 1.14435577 0.148736656 -0.36997804
    0.768333673 1.32184935 0.5777632 0.350933492 -0.252204329
    0.528797567 -0.224535525 0.785675645 0.753299654 -0.0179771781
    0.145617485 -0.365868151 0.0829281807 1.56030095 -0.0176995397
    0.9528929 -0.279714733 1.2102313 0.978110671 -0.671124458 1.5912168
    0.799064875 0.341384292 1.21424627 0.165771127 0.66735369 1.39863181
    1.25236118 -0.6150949 0.759158015 0.191470325 0.874296486
    0.325262725 0.233784318 0.574044287 1.36024714 0.126524329
    0.754172385 1.23550534 1.20041347 0.910738826 1.03149045
    -0.0558720827 -0.719035149 1.2989471 1.52361679 0.0683940649
    -0.153095007 -0.58507669 -0.656579971 1.21146178 0.0797560811
    1.29858828 0.39679122 1.0336951 0.99257499 -0.43052429 -0.564618051
    1.62856495 0.941465974 1.05471373 0.961909652 1.05059195 1.5937264
    0.757952571 -0.370260477 0.44977957 0.139301896 -0.314210385
    -0.360397696 1.67681932 1.33274126 1.57819104 0.0477623343
    1.01142311 1.65481353 1.27399755 -0.547183812 -0.125154078
    0.0814338326 0.388647318 0.358507454 0.0607882142 0.272133827
    1.32192516 -0.148094773 0.0540338755 -0.622652769 0.25333792
    0.947474301 1.2694788 0.724392235 0.0976706743 -0.21706897
    -0.245485663 1.13399315 1.47153068 0.980858505 0.361793935
    0.619785488 1.00854313 0.00432831049 -0.0774301887 0.167268395
    1.22794008 0.271538436 1.20185494 1.52462673 0.172446489 1.14768839
    -0.425932139 1.24887991 0.412386417 0.697911918 -0.402419984
    0.97597158 -0.610948563 0.931435943 1.53871346 -0.274283975
    -0.0924969912 0.610317886 0.292607367 0.662792861 0.0649795532
    0.660650492 0.422937453 0.736274838 0.636864364 0.719312549
    0.653055429 0.323950469 0.865609407 0.698601246 0.69373244
    0.996277928 -0.436251938 -0.240556985 1.91380334 0.787680924
    1.21855617 1.32660317 0.745942175 -0.329703242 1.64473677 0.41588515
    0.764293015 1.41778731 1.49236226 0.31024611 -0.262807757
    0.138103783 -0.0859696865 -0.660957038 0.964850008 -0.0872886777
    0.754780769 0.583850265 0.349628985 -0.567716897 -0.659941316
    1.26216733 -0.584516227 -0.298298657 -0.341901928 0.635534525
    0.471549332 -0.306987494 0.500178277 -0.0374500751 1.08739448
    1.51521659 0.877959669 1.23683429 -0.255667508 0.758157372
    -0.645142078 1.55251336 1.47802472 -0.585882843 -0.355987847
    0.164420247 1.31349969 -0.100746095 -0.451821208 -0.625108302
    0.527167439 0.952400923 1.15260673 0.406282365 0.175967932
    -0.166604191 -0.413873792 0.393983364 -0.364744484 -0.665446401
    1.28020453 -0.474176824 0.214889765 0.121854544 1.10736299
    1.18846059 1.66653061 0.767875075 1.40727019 -0.420218885
    0.106119573 0.579137206 1.44030738 -0.0382148623 0.920675635
    -0.0883054733 -0.276208401 1.08455527 1.51738834 -0.708845735
    -0.0578229427 0.299712718 0.989884675 0.0169655085 0.53491807
    1.25531411 -0.523553669 0.23585242 0.572510302 1.70125532
    0.478167474 -0.0416342616 0.341679692 0.591542065 -0.272380233
    0.337897539 0.734232187 0.0825627446 -0.342551887 0.633910954
    -0.678459644 0.581052065 1.549119 1.04846311 1.38432193 0.251651883
    -0.191197276 1.53419065 -0.1436373 0.325936437 -0.331164956
    0.176264524 -0.69243753 0.444695354 0.430810809 0.88069427
    1.26470888 0.521755636 0.754322052 -0.194525599 1.05600071
    1.34553182 1.20168447 -0.623992741 -0.0252128839 0.728035152
    -0.444443107 1.33006477 0.166848242 -0.293682486 1.41439331
    -0.478112102 -0.446890146 -0.18592608 0.695967376 -0.131657541
    1.45055223 1.4088012 0.979574144 0.357179105 1.64916027 0.588963509
    0.0873509645 1.38437057 -0.0114778876 0.919089556 0.402203381
    -0.534650803 -0.377716452 1.19547415 0.656045854 -0.103860021
    0.696011722 0.829944968 0.38978368 0.933461607 1.57459652
    0.00609457493 -0.358012378 1.05083752 -0.101471245 -0.0495012999
    0.551512182 1.64604378 1.63923216 0.591302931 0.987128496
    0.437426209 -0.243787438 0.910116374 1.62177682 0.707029819
    1.38472092 1.47549582 0.581290424 1.40945935 0.858741939 0.95019865
    0.473937571 1.63320661 -0.125848651 0.278223276 0.675154328
    0.405208826 -0.244733125 1.68109477 0.264661551 -0.261519104
    0.809148133 0.823040485 0.284023046 1.48389995 1.25105357
    0.0100665092 -0.591978967 0.914648354 1.22050285 -0.693878055
    1.26493287 1.51634932 0.734711766 1.57531381 -0.669080794
    0.426878989 0.897991538 1.14504075 0.555513978 1.23191047
    -0.50268507 0.962796152 0.645499468 0.456827998 0.848555803
    1.2253803 -0.671056092 0.896489084 1.02596045 0.249127388
    0.332042396 0.998362184 0.998999 0.954742014 0.437066257 1.09412885
    -0.0538886189 -0.524901927 -0.0549787879 -0.686467826 0.075471282
    -0.281108946 0.0725621581 0.472857356 0.0126602054 -0.202611446
    -0.40622133 1.55897927 0.744536877 -0.332592696 1.05372274
    -0.0879700184 0.7771734 -0.255139589 -0.574026585 0.623309731
    1.28769231 -0.078127861 0.195447743 0.969827414 -0.310923874
    0.0852193832 -0.0752728581 0.232977927 1.32510614 -0.433699012
    -0.29326576 1.19284952 1.77999496 1.5407331 1.95377219 0.87559855
    1.16782999 0.541758299 0.647005677 -0.259561568 1.60557616
    1.68886065 -0.405338138 1.23398221 1.08449674 1.44742799 0.152968884
    1.34088755 1.32400274 1.60733807 0.467923999 -0.0841430426
    0.963026464 0.0887022614 1.05111682 0.704116106 0.0415495634
    1.38839269 -0.247987539 0.403358698 0.916073263 0.71839726
    -0.165067077 0.759460986 0.910277307 -0.618217051 0.10259974
    -0.17136085 0.0833625793 0.12956053 1.46402287 0.397002339
    0.754421711 -0.585447192 0.661515951 1.43180513 1.62029707
    0.946775794 -0.171002448 0.343607903 0.0441712737 0.52164799
    -0.0286006927 1.01640761 0.708877325 0.340136945 -0.632091999
    0.315731764 0.489821374 0.888735473 0.569897175 -0.127045155
    0.637458205 1.44545674 -0.378707111 0.633740127 1.33268511
    -0.185535371 1.19707739 -0.513329625 0.0411675572 0.309844255
    1.32815027 1.39070821 1.41739821 -0.0150342584 -0.145005584
    1.38014162 -0.473536313 0.7447294 0.0327787995 0.694157302
    1.17831314 1.50710011 0.792455137 1.02008688 0.939805686 1.27748752
    -0.437042952 -0.607349277 0.54981178 -0.55103755 0.298658192
    1.07041192 0.667392433 1.20740366 -0.224355638 -0.533598781
    1.26104474 -0.221447885 0.219466329 0.23419714 -0.149600327
    0.232776046 -0.0367050171 1.12184119 -0.250129312 1.01978672
    0.690024018 1.09799433 0.990992844 0.550167441 0.788880885
    0.418054044 0.5887537 1.31539893 0.965108037 1.22828507 0.663270235
    0.52229625 1.52602959 0.998011291 -0.510737181 1.15683925 1.25014532
    1.58258581 1.38713503 0.135724604 1.44627285 1.4505055 0.553920686
    0.0141592622 -0.205358922 1.12544739 0.861062229 1.6309067
    0.896029115 -0.620306313 1.05443811 0.156780064 1.45691681
    -0.267335325 0.367953956 -0.0953516364 -0.381166309 1.26214409
    0.610812306 1.32614577 0.488109529 0.247376144 0.587728679
    -0.558315873 1.65482426 0.329219639 0.0887839198 0.20889473
    1.57817852 1.45270467 0.728812754 0.238726616 -0.0267516375
    1.25233078 -0.0636416674 0.253948271 0.820734799 -0.5873698
    0.812136889 0.617089152 0.616599679 1.46216464 0.769399941
    0.599410534 1.58978486 -0.613637865 -0.548578858 0.20566684
    0.216695666 0.701294839 0.0941973329 1.11614251 0.182846367
    1.25648999 -0.193850577 0.0426740646 1.07762814 0.492181838
    1.37537694 -0.505620718 -0.451321214 -0.545346022 0.0960116386
    0.855189383 0.0445158482 1.65581012 1.18767321 1.01406467 1.50523376
    1.05719197 -0.165328383 1.156587 -0.36551109 1.63751125 0.0167620182
    0.491591215 1.18466365 1.57377934 -0.591463208 0.168640792
    0.891442358 0.692273736 0.686102688 -0.199539661 -0.225212634
    1.07367373 -0.225508809 0.765195906 0.109481692 1.10722041
    1.50358009 0.865191102 0.0475565195 1.69633901 1.17450094
    -0.145561695 0.988315701 0.188723505 0.312209666 1.64681578
    0.548886418 0.255864561 1.38705206 -0.166098595 0.290913284
    1.68547642 1.66749024 1.33526993 1.64059055 0.590217173 0.555092633
    0.396131098 -0.32916379 0.320937634 0.0139779449 1.38621283
    0.547808468 0.499842763 0.657286525 1.67692113 -0.308651537
    0.208009362 -0.417122483 -0.426299125 0.80355823 1.03484797
    0.208894193 0.804144621 0.498890281 1.84236145 0.134160817
    0.967609048 1.48434567 0.860828638 1.1990124 -0.399960995 0.79235369
    0.93082273 1.8189044 0.439253032 -0.33219102 0.257547379 1.16049886
    1.6854074 -0.492255092 -0.620471537 -0.528848529 -0.37400943
    0.742114902 -0.287930071 0.896847844 0.376943409 1.37965465
    1.07781482 -0.645953953 0.379528761 -0.17180568 -0.161292732
    1.36180687 1.14178157 -0.439815193 0.319152713 -0.141939461
    0.229740739 0.600224793 1.11989307 -0.0714232326 0.105401516
    1.39064252 1.29132199 0.380365849 1.25131357 1.48410141 1.41491854
    -0.470755398 0.720049977 1.53412032 -0.194343805 1.02903557
    0.718468428 -0.376942873 0.954778969 1.10025728 -0.0993446708
    0.863607287 -0.618508399 0.937111795 -0.0591521859 1.03093171
    0.569977164 -0.58583802 0.764007211 0.790062666 0.379878521
    -0.263582498 0.613934934 -0.621225119 -0.0830591917 0.330092549
    0.729351997 0.995412767 1.59203744 -0.483729035 -0.612038493
    1.6193862 -0.35086444 0.239331961 0.275118351 1.10297513 1.25151896
    0.667493582 0.800112009 -0.29621917 0.448785543 0.355504155
    0.849445999 0.426391602 1.45469785 1.70697284 1.38763428 1.5656805
    -0.278823078 1.32245708 0.353388786 0.0210789442 1.6019671
    -0.14656502 -0.525324345 0.491044998 -0.271807402 0.274677634
    1.4382019 -0.0851732492 0.0300195813 0.22964406 -0.654114604
    -0.112712562 1.61659169 0.0157852173 1.20646572 -0.00721186399
    0.886624753 -0.341804355 -0.613816202 1.08542109 -0.364353865
    0.432705462 0.169896483 0.506988168 0.830741465 0.605549872
    -0.54543364 -0.581482947 1.57165551 -0.318725377 -0.0373001099
    1.10858858 1.64981937 0.0349180698 0.634736419 0.616959453
    0.670515656 0.958160937 1.13575315 0.792651057 -0.358813018
    0.466421425 0.350442171 0.365143418 0.754240513 1.10519969
    -0.258351147 -0.344654769 1.46774697 -0.648213863 1.57981467
    1.44454217 0.860237002 1.67184711 -0.468038619 1.40992188
    0.139851272 -0.249936283 1.11084199 -0.302319467 -0.161193609
    -0.685111821 0.847983062 0.100756764 0.971277475 0.918535829
    -0.665273845 1.50072742 -0.611479044 0.818940163 0.0175108314
    0.80647409 1.60727096 -0.491700381 -0.639722526 0.113081336
    0.547316134 1.50245428 0.720477402 1.06895626 -0.5663113
    -0.267051667 1.5490303 0.540318787 1.05855417 1.69650733 1.00253046
    -0.358523726 1.29506183 -0.512596786 0.602510571 -0.054133296
    -0.179998994 0.707424045 1.50573838 1.69343829 -0.0890814662
    -0.16674453 0.155520856 -0.309032679 1.27405369 0.43570888
    1.02761972 0.431455374 0.290462017 -0.428291291 0.24466759
    0.782967925 -0.199259043 0.381360173 0.706561029 0.776376545
    1.44250798 1.1097095 -0.722359538 0.223859489 -0.0138317347
    0.232151449 1.22903109 1.15743339 0.685336411 1.23318422 0.289289951
    0.470547676 0.58431673 1.48864079 -0.256008595 -0.252465189
    0.290714025 1.0837791 0.757314801 1.06038487 -0.346520156 0.21920222
    1.55004621 1.47006249 0.0356142521 -0.674472749 -0.211855203
    0.60412395 -0.517446756 -0.199652463 0.799939513 0.147356212
    0.0181519985 1.28357959 -0.482512772 0.119241893 0.734811604
    0.823796809 1.43739939 1.53522682 0.919959664 1.20530486
    -0.657947659 1.07886469 0.36243695 0.120261848 1.41127658
    0.121206045 0.267387331 0.0662506819 0.0710534751 0.615842462
    0.290802151 0.98843348 1.27589071 1.01255631 1.76360071 0.687298715
    1.76340985 -0.263262033 1.19036579 0.474038243 -0.400638461
    0.10332185 -0.421023428 0.774717927 0.53703618 0.518254459
    1.08286846 -0.503471017 0.458556473 -0.176190227 -0.340577185
    -0.512648225 -0.601448894 -0.404021531 0.780937254 1.51637232
    1.65102887 -0.538648367 -0.482884169 1.53628099 0.188117087
    0.826384544 0.62301445 0.47753334 -0.270143241 -0.422175884
    1.4273746 0.992897213 0.319656432 1.36074042 0.256453872 1.09330559
    1.06940222 0.670070589 -0.151204467 -0.539277315 1.71506071
    -0.202196836 1.2684319 1.15836906 1.1321528 0.0983073711
    -0.0777398944 0.211867213 0.691026628 1.07476258 1.5628165
    0.692769587 -0.0301971436 0.864533246 0.253457546 0.670709372
    1.43511391 -0.631692588 -0.59426266 -0.241932094 1.63000989
    -0.140504062 0.901958406 0.693327665 0.762582004 0.442389727
    1.66262031 0.477750838 1.57033992 1.20306993 0.566729069 0.41893357
    1.64373875 1.68610954 0.107450962 1.50679255 0.294984698 1.34120584
    0.372519851 -0.251666337 -0.209197819 -0.135875463 -0.492638201
    0.00988298655 0.819339216 1.59871185 -0.642022491 -0.477303207
    1.20570016 0.631212831 -0.657692909 -0.171630085 1.31076181
    1.53345656 0.979761839 -0.369420171 0.0399284363 0.262090147
    -0.613220334 -0.00275576115 0.685147583 0.936950326 1.1256249
    -0.510717809 1.25922108 -0.600867987 0.167454779 1.09853435
    0.88168627 -0.614203632 -0.182721317 1.18887603 -0.0425459146
    -0.451187372 1.47771406 0.150040746 0.352103889 -0.438668191
    0.296191573 0.674162567 0.207505584 0.682261765 0.702930629
    -0.528147042 0.168560207 -0.338188112 -0.623010218 -0.332890391
    0.137372196 -0.602055728 0.791134417 0.755613685 -0.541546643
    1.13802719 0.273749471 0.606917441 1.28702962 0.605336368
    -0.61081481 0.205387354 -0.0498540998 0.558675051 -0.343856871
    1.28572512 0.660574436 1.31174517 1.64971876 0.521248877 0.603067338
    1.16660261 -0.0895114541 0.900218844 -0.12465024 0.575011492
    1.4695065 -0.29258284 1.09438574 -0.112480879 1.06562519 0.326519847
    0.588501334 -0.174727619 -0.487491697 1.55125093 -0.0720653534
    1.5871067 0.455388904 0.279474974 -0.11313355 -0.249548286
    0.736981869 -0.179623723 1.01842356 0.298533559 -0.29018724
    0.820566118 1.66974366 -0.630471587 0.112890065 1.24845934
    0.82512331 -0.0335562229 0.441551208 0.982094228 0.240516126
    0.52674526 0.341230571 -0.0771174431 1.43180466 -0.273158103
    0.503892958 0.808027506 -0.304619491 1.64934397 0.173672438
    1.54987133 1.57333255 0.900397003 1.34652567 1.34718585 -0.627807319
    1.56628156 1.56751883 -0.0375996232 -0.498419136 0.150736094
    0.964249074 0.955872834 0.0235537291 -0.581217229 -0.234791279
    0.454539955 0.406044066 -0.456375688 -0.400668263 -0.516426563
    -0.151032209 0.978874087 1.10661244 0.0644587874 1.16790712
    -0.35277158 1.33235919 -0.584370315 -0.640659034 -0.335371226
    1.49719262 -0.577542782 0.891253531 1.54200125 -0.0276704431
    -0.494600296 -0.5515517 1.47927642 1.33587861 -0.217086434
    0.469511092 -0.466584623 0.0878096819 0.424524784 -0.306148946
    0.235635757 0.807445467 0.134104669 0.161573827 1.41517794
    1.37279415 0.900334775 1.837533 1.92656314 1.35325027 0.596619725
    -0.246790513 1.29182148 0.775349915 1.01138008 -0.132984161
    0.391023517 1.44065309 0.288523734 0.00443488359 0.277890563
    0.466101825 1.27229691 -0.143775463 0.394656718 -0.576904178
    0.14910382 -0.525570929 0.312797904 -0.168085247 1.29022193
    -0.640222073 1.34947145 0.463132262 -0.441468656 1.49485207
    0.707708955 1.53075004 1.09105921 0.38877666 1.10012913 0.808435678
    0.125672638 -0.18919152 0.484268844 1.27507329 0.587155342
    -0.42823118 0.933793604 1.43038535 0.308015525 0.653986752
    0.273575246 -0.0204876065 0.0506654978 1.0920167 1.24278569
    -0.576984584 -0.655300915 0.420742631 0.64745748 1.08176327
    1.57482398 1.63729131 -0.670259237 0.781206131 -0.305223256
    -0.330192238 0.37544471 0.0504906178 0.833212793 0.984656632
    0.353362501 1.36005306 0.257380128 -0.444481432 -0.33227095
    -0.16147536 1.5847491 1.45031285 0.387508214 -0.349876046
    0.156924605 1.39970672 0.3632074 0.21960932 0.710618377 0.8373034
    0.780266762 0.403471589 1.49573874 -0.138250411 -0.482179135
    -0.542515814 0.20419389 0.203689754 0.651842058 -0.315242887
    1.63519168 1.69809139 -0.449252427 1.12762642 1.20839858 0.36723417
    1.00939918 -0.496309847 0.758630395 1.36695087 0.281025708
    -0.24391517 -0.627264559 1.46134174 0.204279304 0.835829556
    -0.206369579 0.690664768 0.29585278 -0.0028732419 1.50100231
    1.0045135 1.23980319 0.1752038 0.464689076 0.765922189 -0.351184785
    1.68410826 -0.528700829 1.08807027 -0.371085495 -0.114726901
    0.226410508 -0.561259151 -0.556297958 1.02511966 0.551560104
    0.42305094 0.769471169 1.55512333 1.49752533 1.0742569 -0.208856076
    -0.565920591 1.17165542 1.00317669 0.0650444031 -0.36669454
    0.138073623 0.516280115 0.69514364 1.6752038 -0.0336468816
    -0.624035537 -0.434800208 0.112713456 1.6351732 1.36162436
    -0.372263014 0.0275696516 -0.569143236 0.810707092 -0.553895831
    1.2184813 0.926420093 0.363664269 -0.182408452 0.985566437
    1.08511424 1.04970515 0.305303037 0.664885879 1.33605611 0.609430134
    0.192121506 1.31898713 0.0644415021 0.642788172 0.442438126
    0.342784584 1.36456633 1.62875199 0.258441508 0.501004815
    -0.127768338 1.11883831 0.471642196 1.00924969 -0.383598566
    1.05782616 -0.398099065 0.0956929922 0.957139969 0.502642274
    0.259712398 0.300344646 -0.0544986725 1.16304946 -0.443383098
    0.793207347 0.861312926 -0.265943229 1.50210857 0.83682096
    0.312972307 1.45034409 0.849820256 0.550518572 -0.297940105
    0.328867078 0.92640084 0.698811352 -0.152121365 0.175017476
    -0.0182049274 0.362289608 1.21211267 -0.217101753 -0.587007701
    0.120156586 0.583875239 0.872156382 0.463589609 0.155608654
    1.48629689 0.224841535 0.870129168 -0.085967958 0.17495513
    0.979040921 1.13873267 -0.356961995 -0.236037403 0.0553229451
    1.64824414 1.32601261 0.666045785 0.557090759 0.432810664
    -0.300927758 -0.110039234 -0.236256093 1.10387075 -0.335151553
    0.357883453 0.485272288 0.578705549 -0.527053952 0.752923071
    0.328899801 1.51604211 -0.0278728604 1.08841705 -0.620551944
    0.402278721 -0.216954589 -0.700066209 1.39243197 1.36034322
    -0.314663708 -0.606686771 0.189418614 -0.5942384 1.7489028
    1.81113625 1.40634692 0.516242743 -0.382195622 0.0861596763
    1.95249414 0.0470109284 -0.122610211 1.1789875 0.952217221
    -0.416230023 1.68446243 1.4097265 1.17030907 0.42704165 1.6618191
    1.19115829 0.571720302 0.404318213 0.425011218 -0.54489398
    1.36748195 -0.597471476 1.71569109 -0.0445668697 0.866683006
    1.72699118 1.36105394 0.331400514 0.652362227 0.216228843
    0.906405866 1.59949946 0.8093701 -0.122432768 -0.506200194
    0.454377949 -0.428820372 -0.0241943002 -0.499477565 0.986242354
    0.620382428 -0.487592995 1.30603254 0.257157981 1.24244463
    0.303583324 1.11629295 0.589822769 -0.60983938 -0.432801783
    1.50063038 -0.52348423 0.512814224 0.65413475 0.835268438
    0.0837010145 0.106227279 1.26755691 -0.410514593 0.46146369
    1.0904336 0.626588881 0.200902283 -0.138608575 1.61708522
    0.942251325 -0.629337311 0.128834784 -0.354134202 -0.410457343
    -0.414459288 0.0421628356 1.35933542 0.337560534 0.42596215
    0.296789587 0.137920678 0.422296643 0.625330925 1.38064909
    -0.44537282 -0.55918467 0.138902724 -0.17148757 1.43680537
    1.32594967 0.130043089 0.740457594 1.03908265 0.996086478
    0.098677516 0.619353354 -0.536831856 0.650970817 1.41518331
    0.640111685 0.856984735 0.555354536 1.24690998 0.890960157
    0.177292585 0.96980679 1.38492775 1.6155262 -0.615737677 0.707440376
    -0.472913414 1.58475435 0.812371969 1.56334102 -0.541470468
    -0.585598528 0.38337338 0.850347579 1.44805133 0.345405757
    1.40534127 0.0680865049 0.0676640868 -0.364355713 0.0241456628
    0.0498836637 0.98286283 0.132040799 0.394939005 0.0868638754
    1.57411671 1.11796069 -0.643312812 -0.287153631 -0.151901186
    1.13070297 -0.450366199 0.237601399 -0.129511833 1.49386239
    0.95890069 0.341047764 0.37843436 0.363587856 0.503724277
    0.222938657 0.163740575 1.5238421 -0.334296972 -0.53025943
    -0.572125554 0.49742341 0.258065939 0.187598765 0.676138759
    -0.196758866 0.606947839 1.22851765 0.00347626209 0.287593901
    0.704428017 0.548851073 1.26914382 0.458044648 0.0666393042
    -0.208122492 -0.0409593582 -0.324202478 0.953932285 0.620626748
    0.546680331 -0.513975322 1.45149648 0.722751558 -0.689279318
    0.162034631 0.144556344 1.16294599 0.840483069 -0.331524968
    -0.632668674 -0.31877628 -0.459152073 1.08053732 0.533897758
    1.06387937 0.738545656 1.33390152 1.65035605 -0.489203155
    0.280103862 1.02588272 0.226161897 -0.300736904 -0.401698291
    0.544717968 0.847546279 0.255661905 0.072229743 -0.201806426
    0.341023445 0.0156294107 0.0140359998 0.752913952 -0.247736394
    0.733344615 1.51684618 0.403941274 -0.699254155 0.783130288
    0.0616224408 0.888245046 0.526423931 0.808970928 0.493345499
    1.09999061 0.0911956429 0.532136738 0.677719474 0.865822852
    1.18597698 -0.461907208 1.03496814 1.37948549 0.764584601
    -0.484905303 0.588764131 1.29382944 1.25228882 0.671810091
    1.63752508 0.646669567 -0.41020292 0.929648936 0.840496898
    0.589950442 -0.386397421 1.57465136 0.0631423593 0.492839575
    1.21510744 -0.267542094 1.16483176 0.878336251 -0.666937053
    0.0490600467 1.60544181 0.284165621 -0.0243065953 0.511664927
    -0.299105048 0.861953974 1.31875896 -0.657371521 1.33819878
    0.33965975 -0.319962204 0.337520719 1.48452806 -0.296729892
    1.55219197 0.962017298 1.08828783 1.92443299 -0.305702269 1.23351347
    1.79748821 0.625822067 0.564217627 0.277022481 1.03071713
    0.218695343 1.60556984 0.716597557 0.480509043 1.14687204 1.12199426
    0.154219925 -0.294706553 -0.113416433 1.39175296 -0.283559263
    0.733786523 0.771156788 1.02998257 1.65397882 0.379611135 0.60749799
    0.227735579 0.397952199 1.60051203 0.37715596 1.71018434 0.421081901
    0.934948444 0.312604606 1.05062509 -0.588065624 1.22873628
    1.36414123 0.205488265 0.192503512 -0.314526469 0.176887155
    -0.22149545 -0.643490016 1.44658899 -0.188691616 1.297539 0.12133944
    1.6816709 0.568166852 -0.405352205 -0.42417562 1.38172519
    0.996829391 -0.330564886 1.43479586 -0.288219154 1.59858537
    1.4777236 1.08662462 1.59009576 0.666824579 1.6656599 1.04518342
    0.457167029 0.414163351 0.135970473 1.69488728 -0.42288205
    0.830101192 0.632581234 -0.58314234 -0.227078795 0.274783015
    0.9963696 -0.221034646 -0.479950696 -0.44154489 1.14598203
    0.975377202 -0.24058187 1.49677444 1.32567668 -0.134192228
    1.68340397 1.61288929 1.15244055 0.532859683 -0.50418216 0.461662591
    -0.0368422866 -0.333996385 1.40451956 0.643236756 0.521164536
    0.894528091 0.0435074568 0.746265948 0.143439174 0.894714594
    -0.124314785 1.36309385 1.54162419 -0.580862463 -0.544181705
    1.59140563 1.45798087 0.790886343 1.41157508 1.17127895 -0.124919176
    0.372267723 -0.406336606 1.3971715 -0.537621677 0.808201075
    1.19887686 0.318619192 0.0965414047 0.930540681 -0.14077574
    0.0396233797 -0.291852593 -0.305305421 0.158573508 0.596244037
    -0.499910653 1.42389977 -0.494138986 -0.474813581 0.106369257
    1.35626972 1.02251887 -0.593731165 1.71112144 0.467699111
    -0.68355304 1.15924156 0.406018257 0.886170566 0.564206839
    -0.680834651 0.766409159 1.40545452 0.157219589 0.725181341
    -0.180235326 -0.486619622 1.03855515 0.477371573 0.469930112
    0.30667609 1.69131708 1.57840443 1.40329814 -0.0912547708 1.35103083
    -0.679456532 0.863605142 -0.704002976 -0.28694576 -0.0740302205
    0.362077236 0.911011755 1.07297587 1.05991626 0.564311564 1.50576282
    0.52069062 0.949230015 0.64414072 0.543415666 -0.341293097
    1.23231709 1.45300865 1.61661816 1.26346755 -0.634363413 0.811747968
    0.647678912 0.963990927 -0.570769668 1.67796946 0.161073685
    1.05221915 1.67576933 0.136403382 0.154210329 -0.170499682
    0.103014588 0.622723877 1.51680088 0.706999481 1.20284057
    -0.465245068 0.564981341 0.417524815 -0.0928390026 0.519881785
    0.853308618 1.07119572 0.239385784 0.0730161071 0.5930053 1.33701444
    1.30683661 0.593506277 0.435104251 1.07711005 1.62574995 0.982524812
    0.225235879 0.250048935 0.936451256 1.62141514 -0.0479623675
    -0.473056614 0.345398426 0.687379241 1.32476759 1.59833598
    -0.180859149 -0.0573119521 -0.325020671 1.5831989 -0.153159976
    1.46231842 -0.575552344 0.390239775 0.660505772 0.0638936162
    1.26575184 -0.0111025572 -0.374168694 -0.572064161 0.948004484
    1.14053929 1.44263697 0.156251073 1.16844654 1.39959264 -0.390681207
    0.584127665 0.586674273 1.64240706 -0.107195377 0.112770855
    0.261186779 0.590974629 1.51627707 0.0864949822 -0.00525009632
    -0.206330508 0.344178259 1.41803813 -0.275608659 -0.0786064565
    1.95839846 1.63357449 0.470863074 1.84045982 -0.217891574
    -0.466700584 1.22962308 1.02284288 1.71215582 -0.248802602
    -0.0248726606 0.251260638 -0.134670377 0.644067764 0.244697511
    0.890726388 1.48460996 0.293237448 1.09618258 0.184027016
    -0.115386009 0.0899247527 0.118193209 -0.167233139 0.419381082
    1.54208279 -0.417200685 1.36313105 -0.475167841 -0.479765475
    1.63202357 -0.236323833 1.6458106 -0.177907169 -0.468485922
    1.68283939 -0.641182661 1.58072269 1.63449109 1.15474021 1.66911256
    1.13334739 0.446301699 -0.358376771 -0.201901168 -0.450092018
    -0.152160168 0.116344035 -0.626898587 0.474298954 1.6974858
    1.1088829 0.904896498 -0.386582553 -0.0844523907 1.33718193
    0.728178799 1.50063455 1.54580653 -0.369671196 0.35155338 1.71205914
    1.49800479 1.60423946 -0.330298126 0.105508924 -0.116627157
    0.339902401 0.483884037 0.70129168 0.187864065 -0.355685532
    1.52680564 -0.133482754 -0.611275196 0.246913135 -0.432049155
    0.408199608 0.946990669 -0.0796624422 0.52733916 -0.296555281
    1.35129106 1.13829327 -0.429115504 0.735004008 0.445656598
    -0.265980035 -0.445757627 -0.676608145 0.308361173 0.961708248
    -0.650604367 1.00806141 0.23086369 1.06744528 -0.103291273
    1.63419986 0.776193976 0.44054234 -0.102721155 -0.380033344
    1.11523342 1.56443048 1.07534564 -0.542121053 1.41534162 1.01348019
    1.08869767 1.58624375 -0.567482412 1.45020044 -0.135521173
    -0.343881756 0.928400278 0.971723974 0.753800213 0.815417469
    0.899310589 -0.538832903 0.0263000727 1.55436075 1.13101125
    0.114395916 1.27054858 0.646896183 0.66074723 -0.559714377
    -0.287726581 0.60358578 1.26571107 1.5656538 0.0104565024
    -0.00602787733 1.48001862 -0.302323133 -0.618508577 0.138547003
    -0.0836299658 0.759922624 0.505905628 -0.325925112 -0.266737849
    0.0707268119 1.09093237 -0.294370532 0.263795614 1.35836041
    0.368474722 1.20170021 -0.425546765 -0.534362376 1.17780042
    0.543564916 0.982234716 -0.211565673 0.697590053 0.901809216
    1.09989953 -0.619211793 0.149901211 0.648609996 -0.309556305
    0.00128942728 0.753570497 -0.61413449 0.845372379 0.789493024
    -0.688624024 -0.331899762 0.176326334 1.4445796 -0.177654862
    1.64152551 -0.0273177028 -0.607444584 0.227740586 -0.024232924
    -0.202947319 0.133347809 0.621335983 -0.166960657 0.479154706
    0.0505271554 0.792196035 -0.59391439 -0.464661479 1.687711
    -0.47834298 0.378163338 1.24380279 1.20590699 -0.53446269
    -0.566385388 -0.2998842 0.864781737 0.296939611 0.977172792
    1.44132519 0.784702063 1.41434121 -0.469834566 0.637199402
    1.06174445 0.467234731 0.940601647 0.840239167 -0.145328522
    1.47886753 -0.524707019 -0.576675177 0.12726754 -0.578524351
    1.14684081 0.32138288 -0.0279029608 1.59875762 0.227781475
    -0.037776053 0.0302029848 1.21237755 1.4409579 0.16081214
    0.946210086 1.24541163 0.213920832 0.342279494 -0.211025715
    1.12949431 1.21921873 0.452735722 -0.431635529 1.42897594
    -0.660182297 0.867738605 0.219637096 0.210957706 1.15495324
    0.526541471 0.935472608 0.398300707 0.877814353 1.22074163
    1.66592813 1.12961888 -0.198015869 -0.265899152 -0.0470532179
    1.2249887 0.264926136 -0.191543907 -0.443780303 1.18995452
    0.921340227 0.590399683 1.176965 -0.0507489443 1.292063 0.0988311768
    1.87620783 -0.548483849 -0.463097304 0.392457902 0.339845657
    0.123884141 1.32415581 -0.157613039 -0.242728055 1.46171188
    0.210065901 -0.166431785 0.924993336 0.581566751 -0.474842042
    0.730725527 1.21324921 -0.46533075 0.798623025 -0.568079054
    0.371873975 1.47496819 -0.468451411 1.70319724 -0.387689322
    -0.571598947 0.0488956571 -0.0295709372 -0.314759701 0.349143326
    1.43994153 -0.0863011479 -0.517362535 0.193856776 1.41736174
    0.684396625 1.32432556 -0.132766783 1.32156265 1.44404984 1.29801917
    -0.454177976 0.653802156 0.270957887 0.223750472 1.09039831
    0.956078708 -0.583392799 0.984565616 0.208266556 0.24475646
    -0.67420727 0.327750862 0.965229869 0.788169324 1.06900048
    0.943400979 0.846743941 1.53674126 0.865331948 1.58879972
    0.389919221 -0.645101607 0.656606376 1.68640232 1.01659572
    -0.638406932 0.276468515 1.55624461 -0.478179634 -0.655165732
    1.71215534 -0.612724006 0.322613239 -0.304429829 -0.419840276
    -0.346761256 -0.552743018 -0.402059138 1.07565188 0.277669966
    0.608742297 -0.339486986 0.0634797812 1.64903474 -0.166781127
    0.394332826 0.177191377 0.610485196 1.20846534 0.0447426438
    1.47633338 0.931092918 -0.206919014 0.443546951 1.5082376
    -0.0517265797 1.38899517 1.22770071 -0.232761472 -0.135591328
    1.62999463 0.226346612 1.51758718 -0.152436554 1.57082474
    0.608290672 1.0213356 1.18349719 0.0208473206 0.807875454
    -0.414643556 1.00363684 0.88761431 0.464956164 -0.0397272706
    -0.216399223 0.861331224 1.27824354 1.22913194 1.11561894
    0.906036377 -0.269673109 1.52756405 -0.592354655 1.13943911
    1.68586993 -0.181482106 -0.460630924 0.676340818 1.29041564
    0.222670257 0.316518426 1.20464087 -0.423378319 0.0797837377
    1.43720365 0.458999038 -0.283103585 1.14199853 0.313218713
    0.402961016 -0.674861908 1.46480513 1.46000242 -0.438349664
    1.63405502 -0.425523192 0.221593738 1.41933572 0.686148882
    -0.616294026 -0.68540895 -0.0701435208 -0.601729333 1.51901197
    0.611841798 0.457225323 1.01066375 1.41555738 1.69279063 0.531565428
    0.592676997 0.348931849 1.17774463 -0.0532351732 -0.556989551
    1.22433686 0.550983131 -0.586850345 1.11438477 1.18304431
    0.348995328 1.00347507 0.440360129 0.251209378 1.25956726
    0.218768239 0.156418681 -0.435092539 0.0882492065 -0.455025941
    1.39802718 -0.0627911687 1.16118455 0.67946434 0.798839271
    -0.481682241 -0.291209966 -0.621680737 -0.66806376 0.928138137
    0.308420181 0.0377274752 1.29049587 0.239839673 0.263038397
    1.62185872 0.514906764 0.687128961 0.697856843 0.859826624
    1.44932175 -0.633854568 0.340389311 -0.46891582 -0.42828691
    0.929895043 1.61376393 -0.644912243 0.709782124 -0.62341702
    0.430205762 0.404878378 -0.373563319 0.765283108 0.739736795
    -0.489773393 1.26174176 -0.355928212 0.332213402 0.254823565
    -0.372863352 1.50033689 0.715602815 1.10355473 -0.305401593
    0.593643606 1.10940313 0.677195311 0.705470026 0.726052046
    1.53247046 -0.618451178 -0.391251683 0.206528962 1.33844852
    1.23758519 0.401648343 0.523347616 -0.419394702 0.125535965
    -0.693291068 -0.00767505169 0.51952064 0.929983854 0.0124869347
    0.543476999 1.75571942 0.569000959 0.692475319 -0.318189025
    0.28396368 0.528499842 0.785131276 0.746180594 0.386584818
    0.320464432 0.704318285 0.266568244 -0.595729113 1.22980332
    1.31183565 1.24453735 1.00049186 1.28634501 0.36112541 -0.0512444377
    -0.104507446 -0.246630073 0.0625349283 -0.317614079 0.13993454
    -0.567369163 0.869541585 0.897470236 0.732385814 0.109680593
    -0.485710531 0.372668326 -0.207690895 0.476062536 1.19201612
    0.49521637 -0.138503611 0.729220271 -0.407802403 1.41334033
    0.586952209 1.06461644 0.686995745 0.191765606 -0.350432932
    0.039487958 -0.0748942494 0.180197895 1.01662159 -0.325706214
    1.42626572 1.63460851 1.17798066 -0.485431999 0.380700886 1.36968613
    1.47204578 1.55210638 -0.457439274 0.483950019 -0.384728253
    0.469703317 1.16451049 -0.519131362 1.37489843 0.33519721
    -0.210500091 -0.284461647 0.903222919 1.55045128 1.61607099
    0.193808377 -0.335313767 -0.178449959 0.707578659 -0.494989932
    1.04203165 0.0307199359 0.529875398 0.582131624 -0.612825572
    1.05499673 1.02818465 0.256293654 0.214129746 1.0551616 0.479308903
    1.59395671 1.14004326 0.509354889 -0.650012434 1.34445882 1.56490445
    0.606976151 -0.483811289 -0.234659672 0.799259126 0.100592673
    -0.19066909 0.786113799 1.54433835 -0.563075185 0.845955908
    0.0451174974 1.38631034 0.695627868 -0.538360298 0.368986666
    0.0212336779 1.32791281 0.256854653 0.753914058 -0.0060864687
    -0.594987929 0.134637892 1.64546227 1.68854427 1.03145146
    -0.0752273202 0.103522122 0.731656373 0.0853619576 0.538881898
    0.225066245 0.464286745 -0.205374002 1.03624749 0.170405865
    1.37255466 1.516078 -0.456122458 0.226143956 -0.331779748 1.63989425
    1.65535021 0.147540152 -0.215277582 0.633663416 1.17699945
    -0.523276269 1.35592175 0.872676373 1.16046846 0.344037533
    1.45613766 0.792206764 0.385089397 1.44342697 0.26806885 0.138526559
    0.979325473 -0.440010339 0.0975565314 -0.35709089 1.1617887
    0.898019254 0.111553133 0.399252713 -0.578197122 1.65614259
    0.75546658 0.634924114 0.566803813 -0.448557854 -0.289006263
    1.35530066 0.736070633 0.536719978 1.62022257 0.703946233 1.16932392
    0.505661726 0.405568659 -0.270423651 -0.354073644 1.39075565
    0.686852872 0.0349869728 -0.61097163 0.37309587 -0.0508000255
    1.1480341 -0.0325278044 1.023036 0.805585861 1.07967305 0.222447336
    1.41917515 1.0622046 -0.508219302 1.00709915 0.33207196 1.32194495
    0.669910312 0.468207777 0.784220755 0.19263649 0.13656944 1.24932158
    -0.617736936 -0.271949351 0.268618107 -0.423812032 0.492461145
    1.09890771 -0.165606141 0.358768284 -0.380783349 0.155160427
    -0.231487751 1.44736338 1.43640256 -0.427266061 1.02068019
    0.873187661 1.24053431 1.09184527 0.27451694 1.30961704 -0.540947318
    -0.599929273 1.63588381 0.98069948 0.436548471 -0.0301440358
    -0.16214633 1.44206142 -0.671980858 -0.259804875 1.63436961
    -0.242927939 0.852712095 1.43284702 0.798566341 0.258010209
    0.549486339 -0.635568678 0.99535358 0.903870761 -0.00101041794
    0.021649003 0.311867774 1.45522571 -0.272198468 1.04619193
    -0.113728762 0.765895486 -0.25599587 0.216042936 -0.487969846
    0.533342123 -0.448037684 1.13705683 1.30253291 1.39086819
    0.286782503 1.76139927 -0.498004735 0.164399624 1.7466799 0.49378863
    1.63013351 0.0188895762 -0.0862042904 0.614451468 -0.477673233
    -0.44587189 0.811911702 1.113608 0.429776073 0.816115975
    -0.168571949 0.355196536 -0.322833896 -0.211123824 -0.447932839
    0.354526877 0.672394753 0.678501725 -0.582656384 1.67838335
    0.0260355473 -0.356802523 -0.490149498 -0.593272924 0.633880198
    1.62830949 0.468694985 0.97198081 -0.510328948 -0.316238672
    0.370761812 0.810925543 -0.0065715313 0.465633869 0.202946842
    -0.239405155 1.52163804 0.697658777 -0.169256926 1.15083504
    0.95548147 1.0674206 0.0276767612 1.3821106 -0.216969877 0.311886847
    0.307442009 -0.582762241 0.786040008 0.932590067 -0.256741405
    -0.532921851 -0.595672965 1.13697052 0.15098983 -0.169207692
    -0.512418807 0.897148013 -0.654490829 0.376716316 0.0566101074
    0.788574994 1.05325699 -0.656379104 0.745643616 -0.292231977
    1.36605263 0.951794505 0.116887033 1.19328678 1.5512054 -0.306480229
    1.67821574 0.8323192 -0.538787007 0.185727954 0.374156892
    0.208012879 0.824535489 0.327219427 -0.256378174 1.37258923
    0.694066942 1.62743306 0.0160425901 1.02628541 1.31753445 1.24575186
    0.425596774 -0.693313837 1.02089787 -0.530086875 0.990073383
    1.62681568 0.782093644 1.05856419 0.982753158 0.124734342
    -0.47210747 -0.598602414 -0.276803792 -0.586934984 0.365489781
    -0.0701355338 0.0330353379 -0.271497339 -0.575481892 0.12307024
    1.19394469 0.00452637672 -0.0161550045 1.43212414 0.712913036
    -0.539895535 1.42660856 0.415858388 0.187009573 0.345860362
    -0.554705143 0.626081109 1.27268577 1.60965085 -0.142583013
    0.723492563 0.613892138 0.273318768 1.12611723 -0.276597381
    0.269077659 1.20438814 1.60464752 -0.639427543 1.46782506
    -0.21135366 1.23407149 -0.493517548 1.28696549 0.0962094665
    0.322728872 1.15461481 1.42068219 0.690200031 -0.164138436
    -0.355896235 1.35229468 -0.483073026 0.277911961 -0.148760676
    -0.490052462 1.49675786 0.536460519 0.779488206 1.03104341
    1.52836227 0.858039498 0.227403045 0.27036953 0.681742489 1.18215585
    1.59919095 -0.43009311 -0.591699302 1.57318914 0.128596067
    0.512282252 0.55417347 -0.589216948 -0.236813307 1.07028222
    0.246403515 0.0983719826 0.63930881 1.02940643 0.217305124
    0.478837669 0.987735212 0.0704931021 1.10025215 0.368024647
    1.58878183 -0.255483627 1.64162207 1.07858849 0.317484498 1.6966908
    0.881021976 -0.614777207 0.159945011 -0.342615515 0.561995327
    -0.455316961 0.762506425 0.417776167 0.979000807 -0.0483710766
    0.212486863 1.07767081 0.806046724 1.18544841 0.201451242 1.2581799
    -0.0685395002 1.30505037 1.61756492 -0.631509066 0.906250954
    0.885872304 1.53896666 0.726362228 0.0102854967 -0.380630225
    0.309072554 0.872250617 1.17832351 0.070171237 0.216241181
    -0.361886084 -0.472370505 0.52547121 1.03072655 0.379206479
    -0.0414238572 1.00454998 -0.371929735 0.65152812 1.13239288
    1.42080927 0.814784765 0.112175286 1.37677836 0.147289455 0.58668071
    -0.248317987 0.945025742 1.08557034 0.147774398 1.5818435
    -0.176240802 -0.148543358 1.22989511 -0.519642591 1.61249304
    1.00861764 1.43662417 0.415227234 1.3526628 1.156497 1.41214943
    0.481964052 1.22636366 1.5761435 0.798707843 -0.410824269 1.55073798
    -0.0367080271 0.876498938 0.701381683 0.823867083 0.76292789
    -0.435776621 1.78381205 0.831309795 -0.156315923 1.65342569
    0.896670878 -0.061819315 0.928292215 -0.43392092 0.667347014
    0.377120614 0.403472602 0.470634162 -0.265487581 0.112977743
    1.73691654 1.27071905 1.19001508 -0.37704879 0.109666169 1.27441907
    1.24511993 -0.0253503919 -0.328018397 1.6174618 -0.22448191
    -0.644961953 0.872058094 0.554199755 0.749410748 0.910391688
    -0.565401196 1.02035546 -0.140675485 -0.343087673 -0.415140063
    0.0841057301 -0.0901195407 1.69892335 0.362801671 0.561938763
    0.788011372 1.43329608 0.753665507 0.393756509 0.417947829
    0.207755804 1.6242218 -0.385491371 1.52175617 0.90056926 1.43951178
    1.00976467 1.01587236 0.687771201 -0.380678326 1.51480973
    0.441962004 0.332846642 -0.297256857 -0.228077054 -0.419171035
    0.334532261 1.69129503 0.371469259 -0.354139566 1.45524788 1.7271682
    1.21517205 1.40594161 1.47085786 -0.226755202 0.548957348
    0.568749189 0.889647126 0.965543985 0.561501324 0.473844469
    1.08967304 0.725402415 -0.112656832 1.08234477 -0.372193635
    0.95932591 1.03242362 -0.318819165 1.36898148 0.266997695
    0.134099126 0.21579206 0.679978013 0.790295422 -0.0803298354
    -0.292445421 1.7025888 -0.588304281 -0.232811064 -0.324050486
    -0.570867002 1.17373967 1.69720674 0.135518312 0.0304327607
    1.3842833 0.945174456 -0.332550466 -0.523350656 -0.549584389
    -0.668415725 -0.57644546 1.25899303 1.19789648 0.428474307 1.1548667
    0.447972059 1.27069664 1.20367479 0.189360678 0.609975278
    -0.460065305 0.178831518 1.27661765 -0.465087354 -0.0248354077
    0.0223093033 -0.22703135 -0.664918363 1.41495728 0.445029378
    -0.283486217 0.346176684 -0.123274028 0.58548224 0.873642266
    1.20162404 1.5815624 0.502067804 1.4891777 -0.597270429 1.02644491
    -0.280063629 -0.193629056 0.0738002658 -0.0279575586 -0.508182287
    -0.558099508 0.132765353 0.205323696 1.34750032 1.39784849
    0.862701714 -0.572582126 1.20861411 -0.689459443 0.592047334
    -0.644769728 0.345037341 1.1957705 0.825698495 0.459081113
    -0.262307316 0.800895333 -0.6328848 0.0726240277 1.49547458
    -0.413017362 1.46490026 0.772293508 -0.299278706 -0.602811813
    -0.676429152 -0.496957183 0.638285041 1.54782534 1.16568947
    1.00803375 1.60003877 -0.304613888 -0.186873257 -0.0384136438
    0.174766541 0.683448076 0.368412495 0.0280602574 -0.576185584
    0.467852354 0.240740716 0.69240272 0.914318204 0.641121209
    0.155891836 0.850191951 1.24663711 -0.521774888 1.10489714
    0.462912858 0.63106519 1.28133512 -0.279332697 0.283873558
    0.0648974776 1.57096553 -0.643918991 0.586826324 1.23510838
    1.54089165 -0.184621096 -0.344794691 -0.226901174 1.18815076
    -0.0582175255 0.791960657 -0.592604101 1.09941316 1.46310091
    -0.371942073 1.58038259 -0.382871717 1.05329204 1.6276449 1.00500059
    -0.0460374355 1.45843232 0.607177615 1.38670945 -0.130825043
    0.45195514 1.40494347 0.724114537 0.524974525 -0.348208994
    1.31227779 0.282334685 0.787503004 0.344718874 -0.0474709868
    0.456171393 1.68803167 1.55757749 0.326010525 0.997736156
    -0.547860503 1.54655242 1.33875549 -0.239181221 1.09729052
    1.62559116 1.17731798 1.29660726 -0.494303197 0.985021234
    0.921262503 0.822610378 0.412286162 1.63278496 0.121374726
    -0.482633054 -0.524862826 0.989654481 1.65024054 -0.332455814
    -0.44249624 -0.66353339 -0.0337294936 0.296560287 0.493197083
    1.48759341 -0.127358794 1.24288976 -0.166559517 0.582971454
    0.539690077 0.282346666 -0.291118324 0.251408577 -0.643105268
    0.584539115 -0.240952402 -0.377418756 1.61881447 1.35020542
    -0.41697827 0.683922946 0.50649178 0.42950958 1.61924744 0.969487369
    1.28361082 0.000281512737 -0.228505731 -0.601761103 0.999478757
    1.25242996 1.20634699 -0.488470256 -0.416959405 -0.629591167
    0.843603253 -0.0811167955 0.269653499 -0.161457539 0.70032084
    -0.17348063 -0.130835533 0.527147651 1.04523516 1.32868004
    0.0663661361 1.23214018 1.10320544 1.2694 -0.530278504 -0.388391614
    0.753776491 -0.517170072 -0.629595041 0.536904633 0.252504945
    0.929733455 0.260218859 0.803654671 1.69056606 0.0455325842
    -0.361770838 0.950831234 -0.00621187687 -0.368030697 1.22636342
    -0.0211678147 1.15287888 -0.331412613 0.843532503 0.622439265
    0.361864328 1.60856509 1.4311986 0.567862809 0.750200987 1.12367678
    1.26496005 1.34561253 -0.470780551 1.29171371 -0.0190702677
    1.04619288 1.29813743 0.156646132 1.02830708 -0.175116539 1.2988435
    -0.386195987 1.05517185 0.462621748 0.166861117 -0.498885393
    0.619105458 -0.314576626 0.676374495 1.1884706 -0.018202424 0.685516
    0.910482585 0.269302368 0.01660043 -0.0663239956 1.28562641
    -0.297227681 -0.395463228 1.01249433 0.253279865 0.514580369
    1.06629646 1.34631109 0.588730335 0.347094297 -0.35033676
    -0.580935717 -0.201751202 -0.362979233 0.546589971 0.334352493
    0.478626728 0.78875339 0.932109594 1.05872846 -0.107290566
    1.35566795 -0.665935278 0.286298394 -0.446262747 -0.419171453
    0.524628103 1.02859306 -0.473356903 1.41072416 -0.0835348368
    1.48140872 0.0530418754 0.551623821 1.23886132 1.60952079
    -0.638445258 1.42857409 -0.268984258 1.32588148 0.297271013
    1.04414988 -0.142196894 1.64429235 0.296330869 -0.226946294
    0.998693466 0.0117130876 -0.576901555 1.29102349 -0.169023335
    0.259297013 1.7098341 -0.200052023 1.52220345 0.347504377 1.34762549
    0.835697114 -0.129740894 0.391793847 0.139320314 0.726494431
    -0.173336685 -0.37505722 0.839341581 0.26434046 -0.525920153
    1.57247293 -0.482054114 0.461596608 1.35271513 1.29456282 1.5340569
    -0.3981812 0.0684228539 0.508536577 1.30646861 0.971050203
    1.17236876 0.0502719283 1.15648305 0.859657764 1.40583897 1.19845927
    0.0603866577 0.721232474 -0.0663420558 0.830287516 0.726888895
    -0.694041133 1.1554749 0.899314046 0.126960218 1.01161468
    -0.466195762 1.42199755 -0.191476583 0.462177098 0.562790394
    1.32831407 0.414346457 0.256612062 -0.20303607 0.565970182
    0.878006995 0.860514879 -0.0327691436 0.342602968 0.292753518
    -0.00397878885 1.10533702 -0.515187263 0.719772756 -0.499099463
    1.19364524 0.18711096 1.39814961 0.822255909 0.572697997
    -0.200450718 0.604141772 0.428419471 -0.244685948 0.285063207
    0.291738093 0.806269705 1.498595 1.68618035 -0.61237216 -0.513254166
    1.34530389 -0.652185738 -0.546147823 1.63743734 0.752862036
    0.713217616 0.403275311 1.02683592 0.837608397 1.59578788 1.59338784
    0.346256912 1.62428546 1.34941781 0.408939868 0.157185674 1.81178761
    1.74572468 -0.468405962 0.614105284 -0.28281936 -0.238506287
    1.42012048 0.923483968 0.884378254 1.15996742 -0.49048543
    0.189513981 1.15489411 1.35817099 0.829979241 0.17945081 1.01507282
    0.989401042 0.00792437792 1.21182585 -0.316633731 1.36657548
    0.142003417 0.497424901 -0.411274374 0.240644932 1.01149297
    1.64975536 0.0690786839 0.88825506 -0.447760046 0.375921369
    -0.339829534 0.542307556 -0.246753752 1.14226961 1.14175355
    0.628182173 0.420000076 1.23369455 -0.0621378422 0.796789706
    0.505967081 0.261291504 1.64636159 1.27187002 0.370820463
    0.259734213 -0.464097291 1.43113208 0.240007997 -0.561377287
    -0.497068644 -0.635219216 0.746414363 0.435922861 0.117940903
    0.293728352 -0.248197466 1.64442706 0.243455946 0.173945963
    1.65800714 0.673389435 0.765411258 -0.61832422 1.74629247
    0.766640604 0.448681951 -0.550881028 -0.170637339 -0.562005997
    -0.471058935 -0.0201669931 -0.284183234 1.13389134 -0.352606893
    -0.297400773 -0.369014263 1.08371282 1.48150826 1.35266507
    0.81271559 -0.232792795 1.60143125 -0.330933124 1.41781974
    1.62384796 1.38945138 1.2696116 1.57030892 -0.196857572 -0.571674168
    0.523966372 0.376107454 1.31321049 0.0269567966 1.27816737
    1.11802101 -0.492479175 1.19030261 0.943570435 1.53519726
    -0.0985058546 -0.338868529 0.930074453 1.01048124 0.987107873
    0.0615677834 0.944039226 0.263598979 1.1864717 1.18893397
    -0.541436434 0.36255753 -0.370504051 -0.164185882 0.987787187
    0.295657694 0.638956249 0.463963866 0.0956814885 0.691514194
    -0.0991988182 1.00153089 0.633522153 0.492711425 0.784012735
    -0.647782207 -0.275408387 0.853196621 1.26913404 0.933160245
    1.12827229 1.28282499 0.0213861465 1.59631932 1.31933951 1.03921187
    1.00903225 0.308298051 -0.280676544 0.849050641 1.65192747
    0.793457687 0.853739798 0.895746589 1.4412334 -0.535423338
    0.751198769 -0.641782522 0.383723974 0.408209026 1.02586901
    0.851856589 1.66143191 -0.0458671451 -0.603235066 1.18091917
    0.845697999 -0.123255789 0.191150069 1.63808072 1.15586007
    1.33387256 -0.229864895 -0.338482469 -0.135186493 -0.272184283
    0.0360520482 0.68263483 1.14637434 0.566203415 1.32978678 1.55176187
    1.44925904 1.05702996 -0.598177195 0.358843684 -0.512570679
    0.145921052 0.680831254 -0.159555376 0.640311539 0.41519022
    0.793846309 0.628905714 1.5841434 0.0403245091 1.21454358
    -0.624090791 -0.604574859 1.48871613 0.323651254 -0.123684764
    0.666035593 1.55472016 1.13438106 1.36410046 0.602308393 0.63394928
    0.341919422 0.137130976 0.764632642 1.41797066 1.55009246
    0.302337229 -0.635094941 -0.167584002 0.323222339 0.745260298
    0.857307076 0.820129037 -0.579767525 -0.0305585861 0.125688851
    0.318848312 1.0583787 0.328837454 0.0743604898 1.46454382
    -0.203504682 0.74443078 -0.570084631 -0.472103834 1.0032711
    0.411470056 0.211769104 0.234662294 1.37838411 0.0983169675
    1.03834558 -0.626008213 -0.501547813 -0.587616742 1.05437016
    0.124492228 1.41512871 -0.417734504 0.683924019 0.111006558
    -0.543540955 1.58400774 1.25952029 1.35868335 1.59851384
    -0.695862174 0.450126886 0.272382319 1.2192241 0.06712538
    0.829477787 0.00960108638 -0.206593558 0.867192566 1.1584152
    -0.361449778 1.6620189 -0.0480368733 -0.170283169 1.23481679
    -0.258630812 1.09710014 1.73671985 1.12858689 0.143667042
    0.0516770482 0.315968633 1.21571398 0.718291581 -0.310216784
    0.122977316 0.201048791 1.03548551 0.290795684 0.381036282
    0.652808785 0.547025561 1.10526526 1.11697054 0.310659409 0.79806143
    1.091429 0.872165501 0.738694191 0.979171753 1.71557689 1.32012832
    0.73665899 0.61634028 -0.080827415 1.01556087 1.29246449 0.639025569
    0.04664886 1.05856037 1.40369272 0.19007647 -0.0558453798
    -0.340180933 0.704616964 -0.336813688 1.30202699 -0.0846839547
    0.290944874 -0.608258367 0.721505642 -0.00525271893 -0.126198769
    1.30101085 0.646610975 -0.315888762 1.34118319 -0.156552762
    -0.340727061 -0.0245056748 -0.317100286 -0.504361033 1.11466157
    0.961856782 0.869584084 1.56169057 1.43730283 -0.102971554
    0.0160506964 0.657652915 0.715837657 -0.496110171 0.555417657
    0.908926189 -0.611896753 1.63186812 -0.548740089 0.201454639
    1.16852474 1.36643624 0.18826896 0.447465777 0.928314686 0.546748102
    1.6652019 1.59501839 0.099814713 -0.135469854 -0.00387144089
    -0.573860407 -0.512369871 -0.0833168626 0.998276591 -0.432725787
    0.445839882 -0.358064711 0.864092112 1.48011041 -0.608427703
    -0.5635885 1.57700682 -0.331249774 -0.323639512 0.568251729 1.351408
    0.986744881 0.970291138 1.40198874 1.20894253 -0.0418543816
    1.43606877 0.0229129791 0.318638206 -0.0773894787 -0.409371734
    0.242631853 -0.433269173 0.918779433 1.11830187 0.230044305
    -0.0407778621 -0.131307423 -0.515828609 0.0211485028 -0.308451325
    -0.124293208 1.61865914 1.20102715 0.128045678 1.16272032
    -0.436744422 1.44294786 0.447419286 1.21156693 1.14691198
    0.344471097 0.791941643 -0.327748805 1.06240988 1.17579556
    0.889443755 1.36790359 -0.63813895 0.0797896385 0.72078675
    1.48462796 1.44584382 -0.323992968 0.84419328 0.211024463 1.6013689
    -0.172346652 -0.538724899 1.67777419 1.37265968 0.541861713
    -0.0021790266 1.03341532 1.4805547 1.64248943 1.12061524
    -0.354149163 -0.624745488 1.21670103 0.0173786879 1.11407399
    1.52634513 0.471856475 0.250854492 1.20689833 0.148486674
    -0.324751794 1.50215185 1.67608774 0.533942759 0.893340111
    1.57117844 0.508292258 0.646363318 0.607651234 1.34330893 1.05043328
    0.00872969627 0.252162278 -0.0694717765 0.476871192 0.204327047
    0.984667122 0.0923893452 -0.584398985 -0.181412518 0.0322365165
    -0.0860743523 -0.369470716 0.963497639 -0.197426736 1.0931772
    1.63002133 0.750801504 1.2814281 0.926543236 1.59340441 0.391242564
    -0.187781751 -0.626116872 1.33904934 0.547275782 -0.672973394
    0.256153226 0.7824682 -0.0965149403 0.744059443 0.721479416
    1.53723288 0.268851817 -0.454757094 1.52887774 -0.025454998
    0.102363467 1.42787695 0.726064861 0.87991333 -0.580523014
    -0.451221377 0.845746458 1.26208258 -0.696190119 -0.210933089
    -0.363838553 1.61701107 0.247742236 0.908983409 0.345912755
    -0.0259647965 1.20058417 0.705103397 0.994966626 0.880002916
    -0.470363766 1.16685355 0.613474905 0.681729734 0.561120391
    -0.172742665 0.1482898 0.714556396 -0.599262357 1.08357763
    1.62231255 0.998982966 0.775057554 1.83150601 0.158974826 1.24329746
    1.23742414 0.659788013 -0.353276759 -0.273486525 0.791377306
    1.62233019 1.05370057 -0.407380521 1.007967 1.44036627 1.67859375
    1.0329845 1.32618117 -0.443415493 0.627772212 -0.129024625
    0.793706357 1.02607417 0.0409795642 0.67099148 0.998562157
    0.650246561 0.885033548 0.0549573302 -0.20758009 -0.678291202
    1.1138289 -0.68878603 1.46170151 -0.625276983 0.799025416
    -0.169914782 0.473380804 1.14117289 1.43987513 -0.629291713
    -0.227541864 1.32107234 -0.294146895 0.642257869 -0.365919828
    -0.100393355 0.143417597 -0.180002272 1.25383568 1.09125566
    1.60584712 0.522333264 -0.278008401 1.00839353 1.24262345 1.10848045
    0.0854081511 0.581816375 -0.524130821 0.659745693 -0.361223698
    0.873068631 -0.604575574 1.29284322 0.040346384 1.36298347
    -0.37302205 -0.0707484484 -0.0860376954 -0.07913661 1.61102462
    -0.376377016 0.0522194505 0.924518943 1.49211895 -0.16514957
    0.277639508 0.725670636 0.66930902 1.50375366 -0.362175316
    -0.316067994 1.46648312 1.46725965 0.0622937679 0.447197974
    0.232917726 1.14591742 0.456937551 0.540358543 0.816841245
    -0.265487552 1.66914272 1.49320662 -0.0396069884 -0.0305655599
    0.480905533 -0.501305878 -0.368073583 -0.122257769 1.48061109
    -0.464743853 0.705790877 0.0524677634 1.33573997 0.910632491
    1.3412751 1.60731518 0.983922601 0.0270068645 0.869535625
    -0.574400365 1.39639068 -0.24285233 -0.613244891 0.553129852
    0.819495976 0.361361444 -0.0625097752 1.14411461 -0.553509474
    1.3846035 0.898477554 0.215813696 0.221224666 1.63140345 1.41374135
    1.61217082 1.19788241 -0.0897249579 -0.285081685 0.318272412
    0.061201036 -0.370905817 -0.486135781 1.38884139 1.18343639
    1.23465121 1.04994357 0.747076094 0.647034287 -0.469760656
    0.087305963 -0.305484593 1.08201492 1.61458135 1.35896754
    -0.61231941 -0.710328341 -0.435901523 -0.582861781 1.40857983
    -0.209098667 1.26164055 1.28427005 1.55696988 0.34423095 0.46117264
    -0.0970161557 -0.644255042 0.879938245 0.4201985 0.594262838
    -0.689333379 0.195748806 0.39030683 -0.271784246 -0.49571234
    1.30162263 -0.020516634 -0.537514448 0.35700053 0.0485168695
    1.16778541 -0.336553514 1.45375121 1.64353299 0.813423336 1.49465644
    -0.213919133 1.57261598 0.591002047 -0.387263596 1.68973279
    -0.145075738 -0.516575813 -0.479931116 -0.638116777 -0.20809871
    0.146361887 1.12694323 -0.368045807 0.354773045 -0.421561629
    1.56868207 1.343521 0.958329976 0.45555532 1.08185577 0.419643521
    1.19443572 -0.504808426 -0.437802315 0.268874288 0.938015938
    0.281888127 -0.186725557 0.378703594 -0.585157752 1.21266747
    1.486444 1.04392457 0.550201058 1.29463005 -0.22368297 0.597644627
    -0.0578890443 0.228109658 -0.151480615 -0.32170701 0.965153933
    1.19664049 0.838638723 0.943268061 -0.416889727 0.0461894274
    0.210395277 0.915932 0.464236557 0.718972802 1.33188725 0.0461549759
    1.49651766 0.613289833 -0.692976177 0.999821901 0.335272431
    -0.708365142 0.466423273 -0.327804357 0.503324986 -0.412214369
    0.975674987 -0.663726985 0.904919088 -0.396153986 -0.443685591
    -0.181552887 0.000213384628 1.5810343 0.661901951 -0.426979899
    1.27888513 0.747983456 -0.212460756 -0.117876649 1.10968876
    1.59464645 1.87086296 1.43283987 0.725294232 0.727620602 1.34631777
    0.466140211 1.39009106 0.458319366 -0.403362542 0.435439885
    0.798580408 -0.368135273 0.335794806 -0.288328946 1.34604001
    -0.358427048 -0.655976474 1.37085271 -0.0356461406 1.13641274
    -0.205144852 0.346048594 -0.0126852393 0.181926906 1.29428899
    0.891096294 1.46503782 0.589458466 -0.0465077162 0.808175087
    0.740985692 0.640161633 1.32979882 1.58132076 1.27157927 -0.34005037
    0.375424504 -0.354273796 1.61558676 -0.442636371 0.982644081
    0.383103907 0.110753119 0.800245583 -0.0157768726 -0.0540715456
    0.0945458412 0.961641312 0.46183145 1.62877131 -0.156724632
    1.67648816 -0.329223871 -0.34039861 0.99037236 1.57331777 0.22145766
    0.322296083 -0.445580512 1.58989704 1.18782377 -0.10753864
    -0.117363095 -0.482863724 0.181264639 -0.188535839 1.12382019
    0.558272779 0.980721414 0.602996111 -0.390738189 0.967088342
    -0.437792778 -0.230973959 -0.41423887 0.570162654 -0.175342619
    0.310795903 -0.443792015 1.00370419 1.41688776 -0.118788183
    0.966911674 0.27816087 -0.0517883897 1.12189031 0.970469475
    0.716219723 1.46944833 0.302061617 0.788346589 -0.635593474
    -0.710568309 0.639849007 0.0271533132 -0.529332995 -0.180992424
    -0.548272491 1.28578162 -0.473139465 -0.327740848 1.07813632
    0.149648368 0.663134158 1.51368189 0.883520901 0.576823056
    0.185163677 -0.46766001 0.153434336 -0.547981143 1.1697154
    0.38476187 0.863145828 -0.369074702 0.730513632 0.388212621
    0.307086408 0.463347673 -0.591617644 0.101609528 -0.396261275
    0.366491675 0.242928743 0.0381917357 0.455915451 0.590333939
    0.64466542 -0.584284842 0.4959234 0.0510820746 0.119777739
    1.15696883 0.12362051 1.69425702 0.304934204 0.549097002
    -0.184002697 0.429013193 -0.429428041 0.867403626 0.28395474
    -0.0623266101 -0.0634787083 0.971498489 -0.618933141 1.46785736
    -0.309730947 0.572410047 0.671203434 -0.245255888 1.68031311
    -0.265725493 1.5607475 0.733168662 1.37006855 1.14654136 1.10988498
    -0.30874604 -0.642732739 -0.321981132 0.65161705 1.06366849
    -0.151253462 0.477940917 1.68600726 -0.110425711 1.09821272
    1.11435151 1.37443614 1.49208999 1.20625734 -0.385214359 0.92978555
    1.03634644 0.633762419 1.16302681 1.47616744 0.716718018
    -0.574326754 0.0608358979 0.840514183 0.0129785538 0.284280956
    0.0917719007 1.11245346 0.701512694 0.179624379 0.999723554
    1.06625199 1.18001366 0.120346963 0.81385988 1.05600023 0.728740871
    -0.123977423 -0.554894328 0.990837157 0.86541903 0.856859446
    1.25589657 0.513246357 0.999181092 1.01283991 -0.218249559
    0.62185967 -0.177230239 0.240996003 -0.369092286 0.407610536
    1.59291625 0.835921645 1.62893844 0.524531543 1.15537095 0.165266812
    1.12187648 0.155910909 0.454335332 -0.226295412 1.07321918
    -0.513029933 1.60176134 0.397207379 1.50766706 1.31041169 1.38568807
    -0.605926752 0.157156646 0.663379788 1.61611485 -0.000138521194
    0.339530528 0.00838565826 0.330167294 0.786993682 0.12522006
    -0.188554645 1.11524129 1.31530929 -0.591160595 0.253340065
    0.401629984 1.17231154 1.34314907 0.15902251 -0.518981934 1.5356636
    1.2376256 1.2095449 0.506515265 1.48635733 1.01953435 0.216948092
    1.71855116 -0.256716907 0.214143634 0.541915357 0.576783359
    1.16479123 -0.405912012 1.77537203 -0.371513814 1.29154801 0.2036376
    -0.231983542 0.412230611 0.810745835 -0.122996509 0.586250961
    -0.258028597 -0.0184482336 -0.356112838 0.252164781 0.944278538
    1.28990424 0.618930399 0.604791284 1.4846071 1.552284 0.677250028
    0.952137887 0.906811595 0.134250283 -0.209320366 1.12608123
    -0.433961332 0.64606303 0.585216165 1.59825325 0.364757121
    1.52104628 1.42112613 0.703436136 -0.247176945 1.44029355
    0.273884833 1.42266202 -0.148356795 1.10932577 0.82077384 1.17662382
    1.06010175 1.69282913 1.41211855 -0.659775317 1.39595902 0.122599721
    0.616586983 0.0732444525 0.456936955 0.228501678 -0.0305252671
    0.581790984 0.480034769 0.514612854 -0.254272521 -0.609760404
    1.36248541 0.712705255 0.965568066 0.541305184 0.722457767
    -0.225329757 0.957932174 1.6906482 -0.477955699 1.57982755 1.5065341
    0.895084083 0.908384204 0.14168036 1.7202872 -0.478370309
    -0.175507665 0.65885669 0.522355676 1.23817611 0.241972983
    -0.583680153 0.173404098 -0.442025542 -0.489121407 1.13468206
    1.54791069 -0.182178199 -0.616301596 0.244233131 1.26191592
    0.739013255 1.38178205 -0.632764578 0.990214825 -0.258580536
    0.398139417 1.07438838 -0.302280277 0.821506858 1.30740356
    1.09964657 0.49447453 0.607065022 1.04338312 -0.662828743 0.16007328
    0.67464292 1.21387541 0.970165253 1.04711151 1.53496563 -0.179271251
    0.228846431 -0.406165987 0.378954232 1.56716156 1.47411895
    -0.0162938833 1.63276529 1.495049 -0.505710185 0.637417197
    0.244432092 -0.0568648577 1.2351495 -0.613681674 1.16637659
    0.30783534 0.999712765 -0.194578379 -0.147970974 1.34359908
    1.06713176 1.08340263 0.851974487 1.41082239 1.28125691 0.722510576
    0.64649266 0.949816883 -0.115840793 0.817281842 0.122682571
    0.130131185 -0.0603759289 -0.670578182 0.334429979 0.300871074
    0.869870484 -0.171161652 0.309230149 -0.671975136 1.04388225
    -0.608485937 -0.19063133 1.0017755 -0.657002211 1.36467838
    0.514278531 1.44510055 -0.56222564 1.41906357 -0.0442860126
    1.59501052 0.50578922 -0.436412871 0.549784482 0.508233488
    1.17981601 1.10808277 -0.139203727 1.65765882 0.353938103
    -0.314944625 -0.588210046 0.229869664 -0.265198469 0.844006598
    0.297627687 -0.382821411 1.10094142 0.497274518 0.396929562
    1.58960795 -0.127700686 0.670784354 0.936429799 -0.409960628
    1.39914727 0.667930663 0.475928605 -0.0521344543 0.162556529
    0.390795588 -0.235070884 0.477951348 0.561456263 0.490132868
    -0.0921489 0.662539363 -0.0649813414 -0.0511957407 0.662253976
    1.52282643 0.962054908 1.16271353 0.997390151 -0.243736446
    -0.297067821 0.519149959 1.34182739 1.02189553 -0.586677134
    0.445785522 1.05663168 -0.031514883 1.44590998 1.29300261
    0.843165815 0.176560581 1.25199819 0.705109656 0.242125213
    0.35643959 0.480715454 1.27570009 1.49867511 0.498147845 1.24316883
    1.07738757 0.630021214 0.228844643 -0.631550133 0.283452511
    1.02101099 0.881656587 -0.137939453 -0.211067379 0.783666015
    -0.565934837 1.01869965 0.776932776 -0.505937338 0.806574643
    0.907624364 -0.110923052 0.611178219 0.174619913 1.10541391
    0.852659464 1.13907099 0.434234798 0.0435620248 1.7190367
    0.717313528 0.488049358 0.707409382 1.5401293 1.62016892 1.79778934
    1.39075208 -0.343595445 1.74157655 0.534304023 -0.247549057
    -0.168930709 -0.543580055 0.905535817 1.18454516 1.50509918
    0.899196923 -0.584016502 1.41953588 0.287401497 -0.572083116
    0.665089667 0.78219831 -0.581338823 1.03911424 1.57352138 1.49151134
    -0.0668135285 0.885585368 0.1859321 -0.519867539 1.45479274
    -0.209558189 0.186704516 1.60413206 0.622993648 0.207694352
    -0.611014485 -0.378816575 1.63924146 0.45402652 0.154351532
    1.60761034 1.34591603 -0.565719068 -0.340295464 -0.145172238
    0.872812033 0.0284141302 0.976835012 1.16918707 1.42329645
    1.24334311 -0.361387968 -0.189615548 -0.0794820189 0.449279547
    0.533876538 0.453081846 0.019620657 1.32826436 1.61566567
    -0.0654794574 1.2178719 -0.0560430288 -0.379074931 -0.115103126
    1.17598987 1.56747794 0.334964395 1.22386909 0.617395699
    -0.327804446 0.35347569 -0.566329896 -0.185237586 0.821986675
    -0.300380737 -0.433208942 -0.56843549 0.146251142 -0.142864764
    1.3403995 0.381308913 0.790700793 -0.256677777 0.0407662392
    1.1368556 0.828438759 -0.511030316 -0.0281980634 1.46155703
    1.05725718 0.135918081 0.48244226 -0.610129058 1.64001238
    0.326164067 1.32693279 1.40755701 0.919684887 -0.0678591728
    0.0983108282 -0.362294942 0.0613040924 0.690637767 1.03166223
    0.647969127 1.53515553 -0.512509465 -0.509963214 0.70624429
    1.24400926 -0.563001335 0.139899135 0.0854738951 -0.146594405
    -0.276912212 0.960180879 0.734345794 0.151391983 -0.455177963
    1.68637884 0.126144707 0.556028783 0.225290895 1.69562197
    0.859124184 0.390193403 0.994830608 0.462424159 -0.450246394
    0.209998965 0.650563121 0.461915851 -0.609529614 1.62660778
    0.752603471 -0.279468536 1.44929624 0.873651028 0.228868902
    1.05254483 -0.27749747 1.17025971 1.21682823 -0.707319021
    0.716517091 0.142757952 0.520818233 1.62937427 0.399948955
    -0.672856271 0.856986046 1.67932403 0.73093152 0.574089766
    0.670431316 -0.283680707 0.627947927 1.52452695 -0.386187017
    1.55071998 0.119193196 0.269968867 1.63904941 1.3221705 0.324668169
    0.392223239 1.33210325 -0.506863832 0.58893168 -0.0761350989
    -0.558854938 1.62798071 -0.198177487 -0.109709501 0.0229803324
    1.23753488 0.781698108 0.468704939 1.52926803 0.230405152 1.43490708
    1.37621987 0.469245553 1.67518139 1.06545758 -0.519086719
    0.908404708 -0.491668165 0.434279501 1.48326111 -0.119804025
    -0.731001735 1.59835386 1.16006637 -0.0267044306 0.0401684046
    1.45512021 1.55450058 -0.628819168 -0.498852223 0.91020292
    0.145867229 1.35296607 1.5287571 -0.44843179 0.695201755 1.13025939
    1.202618 -0.197923422 1.0078969 0.861055672 1.45928025 1.67572403
    -0.538980126 0.529801369 -0.0401954651 0.00235319138 -0.0294616818
    -0.0169941187 0.241341114 1.27671897 1.08928359 1.46219623
    0.638338923 1.1718688 1.06753969 0.841852009 0.250408828 1.62709546
    1.10765004 0.485142231 1.30802059 -0.0710964203 0.414024234
    -0.32050088 -0.181332171 1.12035513 0.618512094 1.24963808
    0.319938362 1.30762911 -0.617323339 0.59926039 0.178582907
    0.758860946 1.4158777 -0.445743144 1.70573425 0.0715680122
    0.597285867 -0.527715325 0.10785538 1.42491639 1.47346723
    0.0932529271 -0.299247146 -0.0481240451 0.295542985 1.53593993
    0.295148492 1.71051764 -0.429562151 1.12789154 0.385560274 1.2337302
    1.57734966 0.00727933645 1.54632008 -0.053124845 1.57753551
    1.29750109 -0.625467181 -0.265077442 0.84601891 0.528706908
    0.851676106 1.15784991 0.758565843 0.0171136856 0.91129148
    -0.342172861 1.47731304 -0.196691811 0.989133298 -0.244629115
    0.33796221 0.159224212 0.345771253 1.57918668 1.58893526
    -0.430569947 -0.127239823 0.774807036 -0.368101776 0.465440273
    0.743008554 0.514092863 0.975908518 0.544748068 1.51858234
    -0.610433102 0.184856534 0.708005548 -0.392348826 1.44228673
    -0.336568385 1.60025001 1.20466352 0.860332906 -0.38573736
    0.363808632 1.48406219 1.16423881 -0.291110784 -0.26895076
    -0.341306955 0.501716495 0.487690508 0.796807468 0.784642696
    1.34253681 0.0291280746 -0.113969147 0.349999487 1.5081985
    1.60182238 0.314642668 1.70633769 1.11250472 -0.0169950128
    0.531597972 0.16484803 0.736545086 1.31805253 0.32013613 -0.22113499
    1.0397104 1.31632137 -0.190691888 1.36600029 1.01180983 1.13244605
    1.57135296 1.2706145 1.17931414 1.5280273 1.51908207 0.898025453
    0.861721992 1.68536162 -0.542891264 1.48421264 1.54268396
    0.856685042 0.450817823 0.610234261 -0.516688824 0.783545911
    -0.424437225 1.37121773 -0.0375557542 0.065819025 -0.374243677
    0.551259756 1.30352235 1.2564292 -0.00740021467 0.776542246
    0.415065944 1.15566516 1.30382895 1.48441207 1.58322549 1.41787744
    1.08264947 0.808164597 -0.0124909282 -0.491617978 -0.00785428286
    0.291673779 -0.209011555 -0.366159618 0.984717727 -0.443054914
    0.316520274 0.234390557 -0.287128866 1.43673158 0.750949681
    0.769699335 0.84653765 0.948247492 1.02187729 0.128250897
    -0.355070978 0.802897334 -0.216390848 0.568311036 -0.644212365
    1.5629077 1.29909253 0.546539247 1.2916491 0.00679051876 1.28431726
    0.293748677 0.163503528 -0.00182843208 0.399603665 0.477612257
    0.242369711 -0.173930109 1.28635526 -0.380027533 0.111410558
    -0.584552467 0.0817269087 0.159254253 -0.521012902 1.02845311
    -0.189964056 -0.0275450945 -0.176900685 -0.226506203 -0.106909454
    -0.598293006 0.86109823 0.266717255 1.03140402 0.522107303
    0.443988323 0.434628069 1.39500046 -0.428679943 -0.582178533
    0.366896152 0.625488937 0.110069633 -0.11102587 0.325986743
    0.75143975 0.257282794 0.720837533 0.17480737 0.745706737 1.48444819
    0.32018286 0.747099221 1.21581864 -0.088629365 0.157876372
    0.875600994 0.279964328 0.362876177 1.59531391 1.09172738 1.13548839
    -0.73967582 0.789125979 -0.301174939 1.46853876 1.17005503
    -0.129317045 1.52257204 -0.0156393051 0.258257806 0.550330043
    1.6419152 0.462051034 0.761283994 0.50652498 1.15492129 0.306173503
    1.5762794 0.441435814 -0.335613132 0.252437055 0.299159586
    1.38724196 -0.0374152064 0.426550984 0.333049953 -0.143998921
    0.370266259 1.22481298 1.07290709 0.32580483 0.977563441
    -0.515727699 0.0173063278 1.57674646 1.45210052 0.805453718
    0.95761025 0.269008398 1.34389627 -0.28264612 1.60125852 0.807680845
    0.368255913 1.22832203 0.101865888 1.46327436 0.0266825557
    -0.0574449897 0.52272439 0.676484585 -0.141505986 0.962042689
    0.664531827 0.09958601 1.36002052 1.68484044 0.874796033
    -0.038410157 0.265396833 -0.4142465 0.465053201 0.173581183
    0.559266031 0.352850378 -0.571411431 1.65628338 1.22523618
    0.631599665 -0.180104673 0.330390453 1.39557505 -0.141244173
    0.506045699 -0.12993598 0.636307001 1.51352715 1.28597605
    -0.543332577 -0.126942873 0.127510726 -0.103653908 -0.575778604
    1.64354563 1.44276929 -0.696295559 0.0141263604 0.0742619634
    0.630681872 -0.291077048 0.571079671 -0.0386404395 0.44607228
    0.826269865 1.19579625 -0.699135602 -0.343323439 1.16077113
    1.13465536 0.580909729 0.667787135 -0.00867325068 0.415846527
    0.0886308551 0.0898436904 0.242781758 -0.430214673 0.359638453
    0.905967712 0.343074679 0.427639782 -0.295391202 0.0667262673
    0.354829192 0.593437135 -0.282128662 0.373697996 -0.360161126
    0.681992352 1.62495792 -0.504581928 -0.476784527 -0.43855074
    0.310097098 0.647515237 -0.253539592 -0.219916552 0.502166808
    -0.312256038 -0.395645976 0.276630044 0.17243737 1.39402866
    1.29778874 1.04919446 1.18160927 1.48102713 -0.503666997 1.60501528
    -0.660992146 -0.636483014 0.0109834671 -0.0842506289 0.654330313
    -0.391525328 0.998755634 -0.204439163 0.130924881 -0.0154168606
    1.21049798 0.836441755 0.731921792 0.272696316 -0.299448192
    -0.474602401 -0.417779267 -0.0811032653 0.956799984 0.601168573
    -0.490692973 1.27417254 1.14290273 0.453563929 0.904246628
    1.42594719 0.955311477 1.14095545 0.806287169 0.685064852 1.22696841
    0.332561255 1.35712171 0.858251214 1.21332908 -0.123393476
    0.65425545 -0.27410537 -0.297934473 -0.293119788 0.252107918
    -0.41734606 1.53694916 1.03276014 -0.192894638 1.17301643
    -0.0770386457 -0.395757079 1.27731061 -0.44156751 1.24108481
    0.958832324 -0.112908721 1.45736718 -0.442420155 1.04971361
    -0.108234048 -0.142152965 1.31011486 0.855570912 1.28610563
    0.280675352 1.28442764 1.5176543 -0.454912394 0.971829712
    0.628889263 -0.145041347 0.773617625 0.935087085 0.0718529224
    0.573195279 -0.0468670726 -0.0642534494 0.802798986 1.31679368
    0.0708948374 0.970041752 1.13412106 0.307550728 1.50456035
    0.520932734 0.636957228 0.586600542 0.135543466 -0.424173415
    -0.00202363729 0.794106066 -0.087258935 0.836599171 1.00076413
    1.54259348 1.51925266 0.768782914 0.319636166 0.579290092
    0.123058856 1.19858146 -0.637549222 1.06976128 -0.54445529
    1.68287456 1.16221809 -0.488423705 1.2222985 1.32088256 -0.623618543
    0.933318853 0.916465342 1.14150405 0.221751213 1.21671343 1.0421195
    1.18099916 -0.163587213 1.13184941 0.24565202 0.564264596 1.58706808
    0.238665104 -0.580322623 1.36420178 0.0544294715 0.323041618
    1.16771197 0.136972666 -0.367324561 -0.00571298599 0.567025661
    0.801085711 0.907287478 -0.202933252 -0.582145691 1.4301343
    0.859011889 1.17566824 0.38228476 1.03040946 1.64238071 -0.578194141
    1.41468358 0.217373371 1.40575385 0.528904796 1.23986697 0.296182811
    0.482456028 -0.161250532 0.854623318 1.51026404 0.931816816
    1.21130037 -0.0447717905 -0.652506351 0.735954404 1.02133477
    -0.138314486 1.51317239 -0.214123398 0.558092892 0.821857035
    -0.466723472 -0.461494952 -0.557716072 -0.340928108 -0.179923475
    1.69788611 0.939039052 0.782536983 0.851994395 1.30226421
    0.716969252 0.160232633 1.85030103 -0.010681659 0.51218003
    -0.307113141 -0.0143410563 -0.537684023 0.83804667 0.598304331
    1.3383007 0.639569402 1.55744147 0.48209393 0.87130326 0.713454843
    -0.228890777 0.353643 1.59357357 1.5345614 -0.190348625 1.20804334
    0.214390934 1.14932728 0.908448398 -0.4457151 0.620646358
    0.484792769 1.00847077 0.959892929 0.120309412 0.206293523
    0.335232556 -0.458882064 0.0843550563 0.2055884 -0.521616936
    0.168324888 -0.0237796307 -0.29566437 -0.0659877658 0.875904024
    -0.632738054 0.727501631 0.77166301 1.4284904 0.61807549 0.380436599
    0.150614619 0.840030551 1.57412505 0.219548702 -0.0415737033
    0.725476801 1.07596445 -0.383881032 -0.50020051 -0.292905509
    0.886024356 1.09919274 0.291657865 0.82733804 0.541806638
    0.216116488 1.3476584 1.20799518 1.48189402 -0.218659729 1.27985525
    0.0805630088 0.00325781107 0.396457136 0.645607948 1.25323892
    0.77054882 0.255949616 1.24043202 0.455183208 -0.280704111
    0.282476664 0.36697799 -0.308797657 -0.690337181 0.328737199
    0.909573019 0.454065323 0.466249585 0.365733981 1.24630535
    0.854457259 1.29893088 -0.419061989 0.0848430395 0.526044428
    0.739779711 0.133152485 0.156580806 0.157624424 1.57230043
    -0.051633954 -0.424938768 0.959759831 1.37076378 0.0876739621
    1.08979392 0.377425194 0.696811378 0.811789632 1.53665721
    0.710252464 -0.216409624 0.567168236 -0.466563106 1.68447053
    0.514244258 1.32728434 1.69766903 -0.612047672 1.62415934
    -0.527693808 0.173869014 0.62109226 0.625318408 1.7080214
    0.489873409 -0.167078257 0.307905495 0.195100427 0.313081264
    0.0366132855 0.0691606998 0.667262137 0.0387768149 0.920013726
    -0.586568356 1.22794354 -0.500848055 -0.156979978 1.00139701
    1.14311218 -0.497024357 0.534656107 -0.345936716 1.34615254
    1.68298721 0.281611323 0.494164824 0.501959085 0.273621976
    0.863730252 1.48097897 1.44750834 1.59387445 1.41039658 -0.272089243
    0.585657418 0.676189721 1.6916182 -0.358658701 0.409273684
    1.24451125 0.0667434931 1.12356412 0.32237947 -0.0580759645
    0.19529587 0.387974739 0.259605348 0.682596207 -0.597301364
    -0.286009133 -0.382445037 0.881239593 0.5381639 -0.374920011
    1.32343781 -0.316540122 -0.255933225 1.03529406 -0.304395288
    -0.378158182 -0.0655372739 0.201625884 0.210384429 1.13545036
    1.47657323 1.2780112 -0.081551671 -0.254429191 -0.0528720021
    1.54854798 1.49623585 1.52387738 0.806402445 -0.464916885
    0.867402017 1.32478714 0.471918821 -0.669403076 1.62330937
    -0.562966466 0.0942918658 0.64112699 -0.585973561 -0.189966321
    0.998443961 0.716817081 -0.132714868 0.34154886 1.22251248
    0.291386127 0.837797344 0.0448087454 -0.58203131 0.99150908
    0.710321426 0.87855202 -0.280266672 0.871764183 0.172832549
    -0.708230555 1.08605599 0.184702218 1.63332725 0.338919103
    0.648887873 0.922092974 0.787373066 -0.212479174 1.08077502
    0.441967607 0.42939508 0.555743694 1.08700597 -0.438794076
    0.88421762 0.086851716 -0.136126518 1.64094961 0.636782885
    1.16207457 -0.0665550828 0.911137581 0.486307383 0.446550012
    1.21270871 -0.0720995665 1.0491277 0.317408442 1.01123738
    0.324766576 0.192095816 -0.455559939 1.8914597 0.0402986109
    1.36231399 0.105637074 1.62576628 -0.0557899475 0.0267596841
    0.813009739 1.31346214 0.730261862 0.49155724 0.665207803 1.20333934
    0.691874623 0.540909588 0.0683211684 1.3312937 1.69063425 1.46934152
    1.08833671 0.164541364 -0.309089273 0.616712034 -0.45352149
    1.16520977 0.558169067 0.961002171 0.640130758 0.0213196278
    0.762045145 1.02925146 1.23624277 1.56688643 -0.227763832
    -0.34427163 0.449434161 -0.289175332 0.938742638 0.746701777
    0.956432104 0.458750665 0.558982551 1.0273211 1.3288393 1.10944605
    -0.1477651 -0.37727493 -0.390357584 0.120253205 -0.181711495
    0.694711566 1.6933006 0.912958264 1.68938708 -0.440934479
    0.648213863 0.419778943 -0.377429098 1.64952314 0.074267447
    -0.18206057 -0.321417779 -0.19910112 -0.550663769 0.322722197
    1.34898257 1.71968436 1.67800558 1.45057321 0.129534602 0.368942618
    1.72172189 1.23637164 1.47334337 0.866903722 -0.47282815 0.431137443
    -0.665763915 -0.494127989 0.328793764 0.297424197 1.63259423
    0.312002659 -0.663755774 1.70644832 1.33136773 -0.612333596
    0.998221397 0.598817468 -0.606959403 1.28441048 0.801331758
    -0.11118412 -0.493252665 -0.699946761 0.126370966 1.39639354
    -0.407762706 0.0248994231 -0.475730836 0.192122877 1.55896807
    1.22562218 0.74502629 0.182072937 -0.117794394 0.986550391
    -0.48151809 -0.38878268 -0.370555907 1.02907872 -0.674490809
    1.30543685 0.882708192 0.557686508 -0.368245095 0.355239809
    1.23154736 -0.400524199 -0.137995303 0.884771585 -0.481726259
    -0.0757217407 1.21345913 -0.404893965 0.854127526 1.32906055
    1.36201859 -0.0341898799 0.441539109 -0.226797223 0.0485452414
    1.12323749 1.5702405 1.01739514 1.37856531 1.23874199 1.1489228
    0.298804879 -0.677523196 0.648433626 -0.0301582217 0.84150511
    -0.243686289 0.0530142188 -0.137234271 0.255740225 1.56753826
    0.544910491 0.871862054 0.940279961 0.226265192 0.784680009
    0.931854606 -0.349727094 0.865267336 -0.165288448 0.0228646994
    0.639126599 0.358898461 0.171295643 0.426243901 0.084384501
    1.3353864 0.963265359 0.705619752 0.886192441 0.300835311
    -0.00021559 1.43025374 -0.104759276 0.744633317 0.980902731
    0.657732129 -0.391477853 0.809794545 0.37133491 0.636456907
    0.141628623 1.20514035 0.590373516 -0.526329756 -0.298110664
    0.0906197429 0.158818603 0.937606156 -0.020883441 1.50348377
    0.440299571 1.45905912 -0.160554647 0.98122555 0.63743037
    0.504890978 -0.638265789 0.961443543 1.11621487 -0.449258208
    1.20201135 0.401081324 0.700638115 1.57946467 0.164838195
    0.0361995101 -0.191768408 0.633703291 1.08170867 -0.237049043
    0.0224601626 -0.464010537 -0.0767616034 1.59463954 1.18876553
    0.0233206153 0.840712667 1.11584091 -0.00209617615 -0.567188084
    -0.0485036969 0.59025979 0.952629268 0.560735047 -0.606740415
    -0.504006028 1.00690258 0.973880529 0.521699727 1.1296525 1.08190167
    0.222754002 1.12937689 0.632812083 0.561146796 -0.251744896
    1.26484144 0.145726979 0.861743331 1.47673178 0.334605455 1.52982831
    -0.0724310279 0.686299622 1.11675739 -0.594293475 0.312869191
    0.393442392 0.666156888 0.00868684053 1.26030445 1.46322274
    0.767324269 1.5313828 -0.30365628 -0.210933506 1.07443953
    0.745372057 -0.411610603 -0.111691624 0.40496996 -0.0437512994
    -0.0714024007 0.471290261 0.389263809 1.78226388 0.0601795912
    -0.473929197 -0.321467191 -0.271912009 0.274818122 0.613860607
    -0.543905854 0.255352557 -0.420326531 0.575135708 0.0490664244
    -0.680548131 0.469808221 0.774232209 0.369928181 1.36901927
    1.20419884 -0.000694692135 -0.467236429 0.33070153 -0.333066761
    0.896001816 0.503067434 1.33657491 0.902998507 1.26052117 1.47873926
    0.876522243 0.767288029 0.528027892 0.888592124 0.536587715
    1.41749454 1.48072827 0.382372081 1.20212555 -0.542740583
    0.614067614 1.19329166 1.43794751 -0.279761523 1.23307419 1.52280664
    0.908765733 -0.378646791 0.0118913651 1.04296088 1.00097585
    0.952232242 -0.200392514 0.334534049 1.29921675 1.60610509
    -0.347031236 1.00731373 1.57139432 0.201083183 -0.507910132
    1.12430584 -0.633428693 0.246677458 -0.13086164 0.829583406
    1.15222716 1.21162879 1.68884063 -0.673372328 1.60290432 0.460935891
    1.10296595 1.06764889 -0.584505677 1.49104047 0.0716056228
    0.0588560104 0.910953641 1.15432382 -0.0102884769 0.40578419
    1.59165597 0.0445832014 1.49221945 0.396112919 1.21453452
    -0.69705385 1.39108062 0.662983775 0.138414502 0.811350167
    1.28925681 0.95631355 0.0757510662 0.0595853329 -0.267732978
    0.455441236 1.35217011 1.46449447 0.587323368 1.60323107 1.30389786
    0.828085303 0.904881358 1.42178762 1.18618989 -0.659445286
    0.266266644 1.36886597 -0.336804271 0.721110106 0.0613380671
    1.39035678 0.0866532922 0.586253464 0.0250419378 0.37171638
    1.32624602 1.51223707 0.436803639 0.3182531 -0.194727659 1.70161104
    0.350449383 0.108205259 1.68734765 1.22765625 -0.660373688
    1.50876713 0.658002555 0.503640056 0.665263891 0.0820317864
    1.02139878 0.266860068 1.22954392 -0.0369176865 0.758306682
    1.2365644 -0.681428432 1.64851546 -0.30313617 -0.635939538
    -0.0355252624 -0.486130178 0.0726135373 -0.185802937 0.00427728891
    1.32168818 0.540047288 0.672702372 -0.0872525573 -0.541340649
    0.828592896 1.56142902 -0.258822054 0.445416212 1.60426021
    0.0911673903 -0.691032767 1.12421012 0.18438369 1.33923125
    -0.428531915 -0.0620636344 0.339030623 -0.606808424 1.39724529
    0.286142528 0.789350033 1.2625345 1.26169586 0.442800224 1.6366837
    0.133739948 -0.336303294 0.11687541 0.188753128 1.40960073
    -0.295283765 -0.267405003 -0.587201238 -0.487932801 0.419578254
    1.33351779 -0.620829999 1.64638197 -0.718653381 0.967710793
    0.991531909 0.235393047 0.960363567 0.222986877 1.03457141
    1.21912503 1.18064332 -0.631706178 1.09111118 1.40979505 0.632193387
    1.47180879 1.57230043 0.280574381 0.52785033 0.748895645 1.02769113
    0.789090514 0.838100135 0.911655843 0.575467467 0.786890805
    -0.407193363 1.36577725 0.455315351 -0.0960839987 1.11146176
    0.473863721 -0.270763099 1.15062428 1.05404425 -0.605089009
    0.358079016 -0.304990202 1.62479258 -0.201035738 -0.155122817
    1.13378525 0.712670088 -0.63547343 1.46937037 0.333640814
    -0.206897974 -0.397625834 -0.403250664 1.40906191 0.838707328
    0.130156934 -0.309349477 1.45695281 1.67754149 0.0581765771
    0.224115551 1.08229136 -0.0918254256 -0.428636014 -0.425652027
    1.70112383 -0.112602592 1.177845 -0.0228556395 0.374963343
    0.163038403 1.46211147 0.248227835 0.0220127106 0.747661889
    -0.226467907 -0.463248402 0.296301425 1.12874413 0.865175962
    1.5675106 0.107117534 -0.626087546 -0.362791002 0.0205131769
    0.0747442842 0.0740902424 1.08662581 -0.468095571 1.08290684
    1.43912506 1.43173695 -0.38222754 -0.419849455 -0.45485431
    0.571837127 -0.628995955 -0.174699068 1.65513313 0.660532773
    -0.223089367 -0.293012679 1.17738593 1.08227873 -0.42684871
    0.268230677 -0.504525661 1.02833438 0.1337713 0.119411111
    -0.267896444 1.43745804 -0.47153607 0.111382723 1.41128993
    -0.099191308 0.597697377 0.0613729358 0.43825078 1.29531384
    0.439404726 0.984546721 1.20281935 0.283782601 1.2243911
    -0.0734371543 1.36866152 0.4356938 1.31583595 -0.302807242
    -0.640635371 0.0953025818 -0.0210877061 0.366345942 -0.596831381
    -0.160343826 0.929354072 0.430202901 0.381967604 1.38480473
    0.0452946424 1.03655171 -0.557031929 0.211376071 0.36317873
    -0.618236005 1.15792739 0.957844019 -0.405190498 0.874793291
    -0.464828432 0.572639108 -0.269745022 1.25839591 1.01325202
    1.49008286 0.202653766 -0.589932799 1.34205496 0.239424586 1.1993897
    0.613471746 -0.490051687 -0.551419616 0.0484560132 0.44828105
    0.934950888 1.36232758 1.2302525 0.645047545 0.206971645
    -0.419735909 0.909543872 -0.249847353 1.00589871 -0.303970098
    0.948435783 0.512245774 -0.191028595 -0.255752265 0.980507314
    0.254172921 1.62051511 -0.597642064 0.210283577 -0.0947395563
    -0.107395887 -0.176686436 1.22809982 0.0286902785 -0.411350846
    -0.380390525 0.448696315 -0.00931179523 0.134560823 -0.210073084
    -0.632182896 0.210927784 0.681879163 -0.602806449 -0.351393759
    0.12840271 0.852747738 1.14708686 -0.635785341 1.06987071
    -0.671128631 0.273940623 -0.160290062 0.00455188751 1.66529012
    0.918888748 0.163411438 0.280751109 1.65056896 0.367045224
    0.84873116 -0.576192141 0.317045569 1.49306428 1.24727094
    0.451993823 -0.310274184 1.1709609 1.39219797 1.37233806
    0.0603957176 1.28999174 0.198871672 -0.638364136 -0.361329973
    1.10346699 1.35024309 0.780743062 1.69092619 0.357695043 0.963734567
    0.516093493 1.00958669 1.56671059 0.888724566 1.39634395
    -0.360438436 -0.677610815 -0.0962300301 1.5564214 -0.0339876413
    1.13814116 0.130044222 0.978287578 0.837423801 -0.528600752
    0.927892268 0.667095542 0.583833516 0.378378272 0.668509066
    0.940712035 -0.344952941 0.837842226 1.23306227 0.577161133
    -0.137574613 0.643408418 1.0459559 1.30619788 0.0746920705
    1.10304809 1.09849095 0.105136037 0.299269497 1.02959394 0.922715902
    0.170376718 0.61700356 1.31792724 1.04307497 1.50129366 0.527347267
    0.794123054 -0.0988939404 -0.0410041213 0.691153646 0.320509791
    1.10403216 -0.47523576 1.16469145 -0.154275596 -0.546190679
    -0.0965874791 -0.560579479 0.444000483 1.49702954 1.20680809
    0.771511674 -0.293366075 0.679340899 1.58221591 1.38969731
    0.207419038 -0.47720021 -0.422688365 1.45320678 0.377692163
    0.474739969 -0.000583410263 1.33120096 0.6955266 0.120037735
    -0.0948087573 1.40832543 0.0189554691 1.3607986 1.36365008
    -0.312050223 1.01019967 0.64760375 0.975309551 -0.227188081
    1.20190454 0.55060178 0.532578409 0.424882114 -0.187814146
    -0.275242507 1.49234033 0.74148047 -0.0510554612 1.4414711
    -0.175875559 1.11247778 1.61954117 1.40234828 -0.19500491 1.15761709
    -0.0957117677 -0.18083179 -0.116822958 -0.2739079 1.08014953
    1.12792325 -0.654016793 0.21393609 -0.679482818 0.432900488
    1.33353555 0.982102036 -0.316387028 0.621192753 1.57724535
    0.512106419 0.132992625 1.29228759 0.765596211 -0.443258733
    0.129503012 1.03296423 -0.400188237 -0.479010224 0.114930272
    -0.381992131 1.66163158 1.56857848 0.101751685 0.368210614
    -0.337861001 -0.484049946 1.29853344 -0.12881434 -0.0656145811
    0.285786688 -0.0396717787 1.65579522 1.36625123 -0.488154143
    0.0529595613 -0.568370223 0.133499086 1.53141046 0.89353919
    1.60845208 0.587813497 -0.145227313 0.138487756 -0.414249897
    0.821456194 1.44052935 0.267997742 -0.231469095 -0.0776048303
    -0.306345463 0.441962421 -0.569689631 -0.45254454 0.20332253
    0.839924693 0.204217851 -0.130026102 -0.265030742 -0.392319351
    1.16343606 1.2654804 -0.0358387232 -0.468407542 0.574542701
    -0.00298917294 1.56528306 0.71972096 -0.622948408 1.51659846
    1.00867093 0.313189268 -0.517383337 0.5396173 0.100397646
    -0.306396753 0.986962199 0.270175159 1.60396433 0.810548127
    0.712166309 1.5601722 0.0512779951 0.948914587 0.0141202807
    0.359170496 -0.487900853 1.06531191 0.588364244 0.842670977
    -0.218989909 -0.115267158 0.351601958 0.985552013 -0.375175536
    0.524287164 1.45786345 0.252127469 0.0192198753 0.555124283
    1.03245521 0.333189011 -0.444774508 1.49987578 -0.379734069
    0.13002634 1.17769766 -0.143372834 1.45316958 0.754112124
    0.153091252 0.26122719 0.703439891 1.46073866 0.12073648
    -0.198867679 1.52164483 1.04650962 1.18663812 0.842505276 1.41787374
    0.477946222 1.31047916 1.12956429 1.56798911 -0.333178192
    0.246961355 -0.683392704 -0.233706057 0.000232458115 1.30506063
    1.35247493 0.779225945 0.950855494 1.09067607 -0.362017304
    0.341218352 -0.297481358 0.644843876 0.911828697 0.0561820865
    0.40130496 -0.261939228 1.49756074 1.25111198 0.568291962 0.2216627
    0.763583183 0.000300168991 0.202292979 1.25664186 0.953014851
    -0.288796246 0.514779747 0.371016979 0.744670928 -0.446175575
    0.22448355 0.174763799 1.62189531 0.50522238 1.2920115 0.300572634
    0.192313552 1.39174867 1.26842666 -0.141021371 -0.342685014
    1.39058232 0.173762321 1.09379816 0.0455005169 0.749707401
    0.686167181 0.365349174 -0.204599023 1.25092649 -0.577063441
    1.51070857 0.26925379 0.657566607 -0.463124901 -0.0261129141
    0.879247665 1.15479946 -0.768527269 -0.280871212 0.312936306
    -0.745431662 1.41479099 0.00567227602 1.11065722 1.23489666
    -0.112077653 -0.532147825 0.800183117 1.22082949 -0.494294137
    1.53083932 1.63602591 -0.434829861 1.10628843 1.24787843 0.51901257
    0.792118907 -0.295067996 -0.376988947 -0.259480983 -0.408856809
    0.93076849 1.64001012 1.70318604 -0.476686597 0.307532072
    -0.00266975164 0.251022339 1.49516225 -0.311478704 0.503247499
    -0.487764388 0.723075271 -0.0548775792 -0.452635586 -0.600371599
    -0.585307062 0.962725461 0.00369554758 1.47997451 -0.581248224
    1.72204173 -0.130626202 -0.161162436 1.15821695 1.3639605
    0.874549925 1.40871429 -0.63621223 0.822523534 1.05661321
    0.445875645 0.730456591 0.401057839 -0.161438391 0.923259258
    0.78438437 0.589123011 1.36828732 0.0395007432 -0.0851182938
    -0.0373562574 0.55602026 -0.267845899 0.215119064 -0.440332264
    0.963443637 1.65277827 0.704579651 1.12393856 -0.317620575
    0.00971406698 0.112443388 1.40098727 0.665997505 -0.140906155
    0.552052498 0.793119073 0.718491673 -0.289354235 -0.593598902
    -0.187601507 1.3491205 1.12528229 0.430444121 1.18234873 0.24887073
    -0.318153739 0.428343296 0.531630397 0.990127861 0.571847677
    0.85383147 0.301900685 1.48670304 -0.647035599 1.02206206
    -0.354178727 0.121585429 0.111678481 0.846876085 -0.402100652
    0.227199078 0.832015336 -0.514199317 -0.243643433 0.0608172417
    1.71973252 0.415424466 0.413818419 0.615774095 1.15239203 1.20817041
    0.0913435221 1.73937547 -0.0617766976 1.76550031 -0.0445345044
    -0.0344459414 1.11718154 0.508365333 -0.138652265 0.744711637
    0.894881785 1.5961746 0.564230382 1.65510178 1.18982673 1.25336313
    0.680212021 0.267964125 0.741465688 -0.404926926 1.52816391
    0.153850675 -0.0750463009 1.29490542 0.815992355 0.660410523
    0.513065755 0.787074089 0.436433733 1.41748476 -0.704305887
    1.34293842 0.568267047 1.53760457 -0.59144187 1.14777684
    -0.695777476 0.425162256 1.31914735 -0.334003568 -0.171246767
    1.25805187 0.58164221 0.576048076 -0.393785864 1.13427341
    0.689615905 1.24783611 1.23396504 1.23304641 1.12785137 1.00092888
    0.526534855 -0.217416942 -0.299401611 -0.486901641 0.0676617026
    -0.634535253 1.20399308 0.124358535 0.931221306 -0.120523214
    0.20403409 1.49190068 1.54578209 1.63085198 -0.0688055158
    0.577807903 0.437821746 0.210851073 0.000236034393 1.23147202
    0.533900678 1.68792272 0.239934206 1.11513638 -0.0164611936
    0.148932576 1.09770179 1.29184651 0.934789181 0.893952906
    -0.517099917 0.277802706 1.18694782 -0.235059828 0.195390046
    1.51644647 0.109016955 -0.0376697779 -0.297475606 0.73633796
    1.69398212 1.61444581 -0.587656558 -0.326317489 0.488248348
    1.1091826 1.26922607 -0.177414119 0.333990097 -0.372357666
    0.12288022 1.39917493 -0.395144582 -0.432538033 1.45155931
    -0.00895297527 1.63469183 0.561905384 0.583585501 -0.675334752
    0.703643084 1.37078261 1.0601784 0.564897478 0.258141756
    -0.0847411752 0.065446198 1.4228754 0.903034925 -0.658752382
    1.21835542 0.933817983 -0.129559398 1.3469224 -0.0337574482
    0.141507864 -0.245437324 -0.2870076 1.41750622 0.320269883
    -0.641410112 0.237324059 0.899083018 0.249753058 0.0448873639
    -0.601752996 -0.535612702 1.48657823 -0.295663536 0.629854202
    0.820939362 1.53232074 -0.0590051413 1.51795602 0.277589262
    -0.0295853019 -0.303553164 0.586324751 0.877415299 0.88553071
    1.44517112 -0.690491498 1.60459971 0.399600804 1.23541307 0.32425952
    -0.224565238 1.20724273 -0.467896938 -0.403868675 1.69622898
    -0.680688977 0.163733423 0.725937665 1.454831 0.522260785
    0.0832099915 1.33659101 -0.216139317 -0.228389204 1.23285222
    -0.522892356 1.3924644 0.775200427 1.35206485 1.41661549 1.06334293
    -0.0300595164 -0.491425574 0.12971276 -0.226426065 1.46324492
    -0.54625237 1.58607388 1.32779527 -0.65177387 0.799512506
    0.317251861 -0.497369915 0.147358418 -0.361023366 1.35712814
    0.859227121 1.39665329 1.2967248 1.57415497 -0.230318546 1.4562428
    0.727321744 -0.100751728 1.32311034 1.10675406 -0.0572830141
    1.78656673 -0.285126269 0.381120563 -0.0738489628 0.986794293
    0.441634715 0.222400546 0.706190109 -0.328442335 -0.643779516
    1.36918712 0.616995037 1.33157587 0.200352967 0.318472922 1.08480573
    0.260384858 0.782369852 0.593921185 -0.595815837 -0.376453161
    0.716914415 0.0970074534 0.739152312 1.41873813 1.57601976
    0.177242279 1.17029858 0.677649617 1.31320286 1.64621127 0.96979779
    0.13305074 1.61266303 0.10770905 0.566462934 1.71827459 1.06596994
    -0.26768294 1.49803495 1.67157626 -0.391040683 -0.594750345
    0.972090006 -0.00367468596 -0.113448441 -0.125823021 1.67426574
    0.100622535 -0.616876185 -0.571635723 -0.617679536 1.11097217
    1.58668709 0.840384722 -0.26566565 0.662482977 0.420672655
    1.35880435 -0.166770756 1.01803112 1.00059986 0.680356622 1.65276861
    0.447937727 -0.457198918 1.67980361 1.55955064 1.36442006 0.73368001
    1.50505424 0.910009086 1.35919166 1.36691475 0.834861159 0.982562125
    -0.480243534 0.119615197 1.68706393 1.28604722 1.14557385 1.08038104
    -0.241035372 1.43441105 1.5632515 1.62336111 0.997072041
    -0.328868806 -0.355453581 1.49392021 1.23456097 1.14450574
    0.224009454 0.493732333 0.968122363 1.58949733 0.972176552
    1.63223028 -0.324651897 1.50798655 0.140615106 0.403201878
    -0.375336707 -0.476259023 0.617938519 -0.184737504 -0.234456271
    0.167218208 0.67420876 -0.209863245 0.621777713 0.147341728
    1.16160798 0.891953647 1.64729393 1.43812859 -0.570698321
    0.831164181 -0.450247854 -0.43645668 0.217244148 0.416557491
    -0.401841611 -0.541396081 -0.273390353 -0.0456427336 0.928107977
    0.609845638 1.68000543 0.358969808 1.25118339 0.835609794
    0.511694908 -0.523257792 1.26036417 1.3764205 0.401563287
    0.0253433585 0.552137494 0.0187996626 0.263630033 -0.443573862
    -0.634930849 1.0886265 0.408255935 0.953961551 -0.0148320794
    0.350285769 0.189449012 0.589678586 -0.347748697 1.56268954
    1.39880002 0.988439023 0.892876744 -0.702891171 0.362407565
    1.14637172 0.609053433 -0.394365668 0.551807225 0.019395709
    0.338199973 1.50831974 1.35307217 -0.647356033 0.837027848
    0.503638506 0.91718334 1.48689151 0.828405976 -5.00679016e-05
    1.02737677 0.176714897 -0.26232639 0.443145752 -0.414955586
    0.166778207 -0.568362653 0.865118384 -0.591634631 1.49092054
    1.56143439 1.13568413 1.62964368 0.889599741 -0.0278831124
    1.47341084 1.23329949 0.833069324 0.628517985 1.22764194 0.998935282
    -0.507423997 0.925495088 -0.00207275152 1.09124541 -0.638271511
    1.03576636 -0.55488801 1.28235984 0.793887734 -0.0677412152
    -0.539180636 0.855854571 1.55576253 1.48112214 0.0384294987
    1.21833825 1.46988106 -0.679948151 -0.0787591338 -0.132229149
    -0.0362049341 0.85143441 1.09168363 -0.454933554 0.19996953
    -0.168672204 -0.146844208 0.695079029 -0.525584459 -0.167551398
    1.45650864 0.680221438 -0.602274477 0.144063056 -0.0679140687
    0.428205729 -0.0791565776 1.06676126 0.489964902 1.26155734
    -0.56218946 -0.482401699 0.203461826 0.497337103 -0.425684184
    0.572202206 1.21508646 1.60510349 1.41333592 0.232366025
    -0.329063803 1.76741755 0.00260096788 0.228187203 1.20372498
    1.78655934 0.117033452 0.804187536 -0.322007537 1.48343301
    0.546193719 1.34485447 0.862528563 0.159072518 -0.557128012
    0.0591093302 -0.280543745 0.609675407 1.19169116 0.133851588
    0.533549547 1.69204605 0.0258840322 1.5671277 0.618035913
    0.615207851 1.35811925 1.21850562 1.45670474 -0.672827005
    0.225302219 -0.298593402 -0.540820122 0.968687177 1.35231793
    -0.0339832902 0.359209955 0.861653626 -0.365093678 0.111925662
    -0.15852952 0.646408498 0.558812678 1.63883615 0.963114798
    0.786121964 0.235687792 0.31260097 1.12621439 1.1299665 -0.455022216
    0.15534091 -0.0641175508 1.48459458 1.61162686 -0.588758051
    0.787146986 0.762423873 1.72928071 -0.241657048 0.550962389
    0.316108942 0.936603487 0.380856097 0.148816705 1.63078618
    1.19000721 0.924531698 0.793326914 0.548931718 0.326991439
    -0.0372706056 -0.0570876598 -0.0212777853 -0.265076846 1.65072584
    1.38926435 1.26407015 0.489824653 1.64841938 -0.323773593
    0.445918202 -0.368882537 -0.0702005625 0.175779223 0.588934064
    0.115491331 0.880731225 0.150643766 0.0732512474 1.04763269
    1.18292439 0.141313493 -0.0393067598 -0.60476464 1.66223049
    1.07237148 1.17395723 1.69137466 -0.0510411859 0.246236324
    0.925317109 1.49824846 1.337605 0.843590915 -0.179885805 0.838813782
    1.02937746 -0.215021193 1.14317286 -0.398843259 0.486922324
    0.64487952 1.43793678 1.48274076 0.170959771 -0.215630025
    0.557074368 0.684308648 0.174833715 -0.436623394 1.52527952
    0.522644997 -0.0642982721 0.194768548 0.55863446 -0.582258463
    -0.637466013 0.00128698349 -0.26586318 0.785686553 1.00392389
    -0.653265178 1.67377543 1.55187428 0.529438198 1.55897677
    -0.43531552 1.16814077 1.10249233 -0.302756995 -0.00440353155
    1.24653828 1.62623 1.55554974 1.10668588 1.0169059 -0.462261587
    0.7205441 1.33523178 0.404578149 1.02714801 1.69683218 1.48719454
    0.143028796 1.20980525 -0.420548618 0.281946838 0.144888341
    -0.250662804 1.31401539 0.680470645 -0.458013207 0.209332108
    0.999531448 0.13078475 0.583134115 1.64669895 -0.370192051
    -0.440225124 0.413017929 0.163130522 0.705110312 0.718999684
    1.52959156 1.19753671 1.20182145 -0.115737796 -0.567999125
    0.0846218467 1.66363633 0.242261767 0.143319488 0.752394319
    1.02578616 1.15509486 0.686995387 -0.537765741 -0.125534654
    -0.276165992 1.61969185 -0.170530498 0.382224977 0.148116887
    0.9569906 0.336376786 -0.257688642 -0.133771658 0.56186682
    0.535149753 0.34168309 0.805544853 1.21554351 0.803731263
    0.856943548 1.57572174 0.211322308 1.11043298 -0.6566661 0.889307618
    1.32594228 -0.206342876 0.144805253 1.28303492 0.35972029
    0.891845405 0.748977602 1.1950624 -0.383111119 0.600798965
    1.32859302 1.65551901 1.58510745 1.15638423 -0.497758001 0.248449624
    -0.590345621 0.156692147 0.803395331 1.12496614 0.840879321
    -0.301360279 -0.01815027 1.4502058 -0.62470144 0.541907668
    -0.594850957 0.0964426398 -0.155402541 -0.121927559 0.00570034981
    0.488357127 0.157489002 -0.22282511 0.987478912 0.586950898
    -0.120093703 -0.563993931 0.913434565 -0.203470796 0.734143376
    0.689491749 1.01083958 0.0490217805 1.11762452 0.342781663
    0.47031641 -0.181354463 1.5977577 1.36532831 0.928092241 1.44221759
    1.82532978 1.72548699 1.99775851 0.169634521 -0.427425593
    0.570288539 1.32741857 -0.176719993 1.40119576 0.720417619
    0.949851811 -0.0172424912 0.246840596 1.34521818 0.309748352
    1.00726342 0.933094442 -0.55957979 0.698418081 0.929366529
    0.601813972 0.0441635251 0.15639317 -0.111907005 0.149322748
    1.02757776 1.62988806 -0.587394536 0.346463799 1.67750168 1.38389838
    0.99238795 1.61731398 0.650965929 1.62509251 0.939509034 0.907958508
    -0.444928348 -0.447138876 0.351994216 0.0734184384 0.157065928
    0.756371975 1.52802336 1.07063651 0.479709148 0.939827323
    -0.63177377 0.574931324 1.49491405 0.936803579 -0.511811614
    -0.112918973 1.69384408 0.402132154 1.16761506 1.46734166
    -0.376988322 1.14657784 1.04419947 0.928898394 0.390946925
    -0.534560502 0.164668679 1.45840359 -0.593511581 0.840963185
    0.31788969 -0.0828583837 0.627925932 -0.354766101 0.470135391
    -0.334022135 1.69071472 -0.600296855 -0.638078511 -0.253246427
    -0.127705097 -0.30273512 -0.155133963 0.602528632 1.5497427
    0.859442115 0.979448795 0.830685854 -0.680372894 -0.511336327
    0.000883162022 0.215377867 0.2796579 -0.373871863 0.533900142
    0.708802104 1.51474404 0.0623700619 1.1616056 -0.195180833
    0.940798938 0.691245019 0.683735847 1.39187336 -0.62654829
    -0.433442295 0.189714372 0.471105456 1.12841296 -0.410611659
    -0.644367814 1.53139973 -0.310164392 0.692991138 0.753327608
    0.0540114045 1.58786416 0.366057873 0.679282844 0.33159101
    1.33927727 0.444288373 0.32423979 -0.528937221 0.051499784
    -0.405558556 -0.504381418 0.181771457 -0.132964313 1.14205778
    1.1865015 0.154155791 0.74034071 -0.247522742 0.0927447081
    -0.0478787422 -0.368072808 0.81239444 1.1426332 0.604848206
    -0.337801874 0.738949478 0.650972843 0.170590103 -0.325647354
    1.59915257 0.56034261 0.883683145 -0.291059166 -0.657092631
    -0.614833891 0.431884229 0.795633256 0.665661693 -0.263987601
    -0.409965694 1.42992377 0.16639936 1.39842093 0.659060597
    -0.557798266 1.63348722 0.38075161 1.11780882 0.29539305 0.420809209
    1.32897615 1.38546157 -0.255580962 0.596247256 0.484847367
    0.581423104 0.793409467 -0.219631553 1.27777767 1.14899409
    0.102610886 0.175882041 -0.0100363493 -0.517117023 -0.405747831
    1.17471051 -0.614197075 1.12743402 1.67121768 0.263473511 1.34649873
    0.728762865 1.67607737 0.946875036 0.93728143 0.483723819
    0.738769591 1.02218962 0.0241119862 1.60287356 -0.469901979
    -0.299636215 -0.340767056 -0.556113243 1.42697227 1.46823955
    1.33303702 0.0379282236 0.15590471 0.685615778 1.15916514
    0.372965753 -0.633114338 0.54254216 0.307644725 0.470311344
    0.276982605 -0.622000933 0.248889863 -0.649915338 1.32302904
    0.502374053 1.44432282 -0.0380035043 0.676297724 1.64740956
    -0.631593108 0.816663086 1.34794688 -0.166974843 -0.00525295734
    0.768402159 0.107723236 -0.0589089394 1.39133358 -0.463514626
    1.67141187 1.22829866 0.667741358 -0.0100194216 0.908623576
    0.45115006 -0.6308406 -0.0972247124 1.56427884 1.0700444
    -0.410509109 0.965098381 1.41322303 -0.197081774 0.623094678
    0.105016112 0.604187489 0.88608259 -0.330872834 0.756820202
    -0.0694895387 0.599988818 1.41505003 1.40467536 0.322915763
    -0.00401991606 0.595618844 0.365163654 1.2222513 1.712345
    0.615982175 1.38996243 0.656267464 0.358442128 -0.415895939
    1.17113376 1.5363915 -0.0861080885 -0.147819459 1.10169995
    1.29070532 1.25032878 1.10798526 -0.167368948 1.49464345 1.71232879
    0.419851005 0.831985354 -0.262688696 -0.29600668 1.46620369
    -0.440680206 -0.51118356 1.45047283 0.930991054 1.15941644
    0.0428478718 -0.0272254944 0.626394272 1.14212108 0.393689632
    1.41815257 0.871613443 -0.351186126 0.942398548 1.100178
    -0.494888663 0.825168848 1.19962955 -0.145684719 0.393514812
    0.0198623538 -0.360727847 -0.247091293 -0.522077084 0.835803092
    0.617417872 -0.507022738 -0.270841569 0.235726774 0.603154719
    0.0406517386 -0.23820889 0.97967273 1.72428536 -0.601795971
    -0.241127938 0.0768277049 1.33206952 -0.211620003 -0.190411627
    1.35786998 -0.139872193 0.813984275 1.53561115 1.44207668
    -0.516736865 -0.544088364 -0.643121898 0.658988476 0.303144038
    -0.00794619322 0.348187685 0.885668278 -0.453549474 0.275799513
    1.56687379 1.658512 0.545247734 0.361841321 -0.0389853716
    0.857069552 0.77592063 0.904924452 0.621241748 0.687778831
    -0.304358035 0.347088754 -0.245740533 0.857612789 0.990292132
    0.336379409 -0.271561682 -0.139545619 1.41711187 0.627710164
    1.0993861 0.796337247 1.30736136 -0.0868489146 1.08291626
    0.998248041 -0.241240948 0.83403337 0.378555834 -0.457300246
    0.493319213 1.26043057 -0.668187678 0.329258084 0.0737739801
    0.57450974 0.567968726 1.15807867 1.6132952 -0.469936401 1.13120842
    0.894165576 0.0310396552 1.35509896 -0.358870417 1.2356286
    0.379958749 0.892180681 1.71678877 0.721340597 0.768797338 1.1967783
    1.20566523 0.0709482431 -0.500620604 0.0682296157 0.93417567
    -0.0703254342 0.48629868 0.517203808 0.581032038 0.532605171
    0.738104939 -0.0868848562 0.567349553 0.651511371 1.21715748
    0.846799076 0.392912328 1.32299256 1.25578845 0.266732872
    -0.231474578 1.23303044 1.1068449 0.65501672 -0.165274739
    0.0191428065 -0.047719419 0.5929178 0.173607051 -0.614484429
    1.220083 0.0324680805 -0.112449765 -0.126946211 0.13927412
    0.951345325 0.293402493 -0.271733969 1.35974884 0.333958745
    -0.439689249 1.58330154 1.53711712 0.1178087 -0.237983674
    0.424662232 -0.0946574807 0.493239403 1.14611411 1.35387325
    0.332211077 0.596034884 -0.594153106 -0.518516898 0.265212715
    -0.0391514301 1.20375943 0.902880728 0.178265154 0.684642494
    1.65811038 0.859029233 1.65322399 0.778452277 -0.628832519
    0.83392638 1.50849366 1.26443052 1.12303901 0.495009184 1.0027914
    0.672805727 -0.520020485 1.47040296 1.60945559 0.102277458
    1.23251784 -0.293185025 1.41019309 -0.0764517188 0.499564707
    1.59391069 1.06570113 -0.743772864 1.4955802 0.0638507009 1.66135287
    0.316684723 0.265596569 1.53154731 1.19569898 -0.444928735
    -0.0812609792 1.38884819 0.362303197 0.0992601514 -0.631015837
    1.48737931 0.839486778 0.468641341 1.25362062 1.65662754 1.39384031
    0.431077957 -0.638085961 -0.195807129 -0.133334696 -0.313798726
    -0.0629401207 0.0294563174 -0.0820395947 1.42128849 0.222517252
    1.47042036 0.423183262 -0.529541492 1.58131051 -0.0923359394
    -0.362377197 0.552872181 -0.402022094 -0.0328284502 1.47555351
    1.93107295 0.862816572 1.95918679 0.243112564 -0.063223809
    0.852327168 0.500622511 -0.298044384 0.116007388 -0.189753413
    0.139835119 -0.31346947 0.615677953 0.545162141 0.598480165
    -0.472011745 -0.142986178 0.735744596 1.22429299 0.754698873
    -0.0597976446 -0.0180684924 0.114801884 -0.33940357 0.727097988
    -0.314525604 1.20210004 0.30850482 0.338103116 0.0845826268
    1.22227526 -0.488295376 0.00197666883 0.214431167 0.539901555
    0.287221432 0.0821605921 -0.606897175 0.423043013 0.971785486
    -0.162073135 -0.250269711 -0.240106285 -0.643898308 0.12196064
    1.01126623 0.616453588 0.717148542 -0.373557985 1.08078623
    1.41297662 -0.24391517 0.264999747 -0.254817903 0.478847146
    0.852141738 0.227633655 -0.434470206 0.853628397 0.285910249
    0.411094785 0.760750592 1.69839358 -0.167091191 1.31394529
    0.0317812562 -0.0144726038 1.0604434 0.531626582 -0.237390965
    -0.353886753 -0.0257965326 0.404519081 -0.142768204 -0.365715504
    0.411878586 -0.233375609 1.39598489 1.12965155 -0.50627625
    1.44502521 -0.174573123 -0.450893402 -0.25509274 1.31188631
    -0.0866394639 0.11746496 0.186735213 -0.267971516 1.294276
    1.00958633 1.63503683 0.419229031 1.00123489 0.27519244 -0.620764732
    1.39132452 0.000717461109 0.861852467 0.483168066 0.241946995
    -0.0126568675 -0.617509425 1.64221931 -0.516534925 -0.516590953
    0.955350816 -0.161228597 0.551100433 0.0862646103 1.00213623
    1.28801405 0.286984801 0.219899297 0.312578797 -0.467449725
    1.08571601 0.106725872 1.07051969 0.277503669 0.886834025
    -0.569616795 0.282966912 1.26186156 0.276719809 -0.385441393
    0.209266841 -0.0365605354 1.09644926 0.740090728 -0.159387767
    0.267629504 0.622023582 0.886186779 0.578357279 0.906706214
    1.6584928 -0.0430984497 -0.561236918 -0.416664422 -0.200223625
    0.170806408 -0.291587114 0.237811863 0.531081319 -0.456888765
    1.13935161 -0.587472498 -0.022033155 0.318835855 1.46291482
    0.687253773 -0.585545242 -0.361936033 -0.654979706 -0.640560865
    -0.371309221 1.68257785 1.6250689 -0.274871111 1.3300302 1.44190645
    -0.495732278 1.6512239 0.0640828609 0.207120776 1.57474804
    1.24548662 -0.182397544 0.388688385 0.779354692 0.783712089
    0.819462299 0.337218106 0.535161674 1.58738101 -0.230714321
    0.865962565 0.933340192 -0.696686149 0.985759914 -0.681909978
    -0.415742904 -0.126111269 1.110039 1.46388435 0.679409087 1.52248919
    -0.177113175 -0.489113063 1.11057901 1.63699722 1.07373941
    -0.353060007 0.52365911 0.609744489 0.888424098 1.20137024
    0.239880741 0.463542581 0.952604771 -0.615058839 -0.513991535
    0.289587736 -0.64661473 1.47249854 1.24912143 0.958486378
    0.858278334 1.04385936 0.543585598 0.156511903 -0.199260414
    0.845390022 -0.426245421 -0.256564617 0.14502126 -0.120563984
    1.47443759 -0.633850574 0.354515731 0.620002687 -0.625898421
    -0.234423518 -0.570344388 0.835589767 0.969533324 -0.234939218
    -0.24899286 -0.492163897 0.0995554924 1.54577041 0.0828409791
    0.452998102 0.24165678 1.19454658 1.67389798 -0.285839021
    -0.179126203 0.802799821 1.17201173 -0.520519674 0.411567986
    1.63646531 0.123973072 0.305464685 0.928121388 0.553774416
    1.08554912 0.761776567 0.503710747 0.0191930532 1.10923386
    1.45345294 1.11017966 0.623269141 -0.286646724 1.57477474 1.52062237
    -0.00875154138 1.40094697 0.195237368 0.874584079 1.73592758
    -0.322853297 0.496868849 0.946452558 -0.520410597 0.643483579
    -0.671436012 -0.162774384 1.38414574 0.806309223 -0.516107321
    -0.551401496 1.02822304 0.466963708 0.118924975 0.589867115
    1.4605186 1.44411314 0.555458605 -0.618559301 0.427659869 1.64566803
    -0.359222382 1.00846756 -0.449082494 1.6306591 -0.349774808
    0.269515336 0.0955929756 1.11004937 0.767510235 0.528719485
    0.605136335 0.661282539 -0.205931365 0.867482543 0.529244363
    1.64968204 0.167919815 -0.465078861 0.502446115 1.07299685
    1.01993799 1.30671453 1.0179491 0.81407541 0.859267831 0.827339292
    0.650855541 -0.656258225 -0.550343513 -0.448503107 0.371385753
    0.23031348 -0.541682303 -0.0299042463 -0.384365827 1.33161998
    0.774740517 0.0577431917 -0.44703719 -0.424818337 0.718457699
    -0.346786797 1.2313478 0.139148951 0.118176997 0.822685421
    1.33148789 1.5733192 -0.15813446 1.42214918 -0.47349143 -0.327660292
    0.420426607 -0.404044539 0.169873595 -0.185639858 0.833763778
    -0.354695141 -0.00528234243 0.490897596 1.49156535 -0.602984011
    0.935156465 -0.565057397 -0.416087389 1.48034775 0.916494012
    1.23393893 0.0955506563 -0.0222085118 1.17414331 -0.598537028
    -0.261717618 0.657297909 1.60016751 1.07770312 0.405837595
    -0.207709312 0.110123038 1.39097953 -0.463789046 1.26302099
    1.67404628 -0.683422267 0.376966059 0.702831924 1.50740945
    0.0144075155 -0.375421345 -0.626629233 -0.393234342 1.29192066
    0.209746361 1.41788399 -0.470700532 1.35886741 0.230312645
    1.35639334 1.38948274 -0.636362374 -0.12334156 1.2119174 0.448576808
    0.476860821 -0.704268217 -0.460008562 0.401638567 -0.648011208
    -0.598665774 1.55639362 0.748606682 0.863045752 1.16900837
    0.487667561 0.987812281 -0.282942235 -0.611982346 -0.607576132
    0.849238813 0.382207155 0.549994349 0.964097917 0.351019025
    1.22507703 0.246497214 0.54370147 1.46049678 0.347117603
    -0.407167703 0.26404959 1.03215635 1.18297589 1.38071072 0.142524719
    0.48429966 1.23727107 1.1179173 0.29871881 -0.492771208 -0.376374334
    0.904856384 1.32972538 0.636302769 -0.389122665 -0.390799046
    -0.431599349 -0.527531207 0.574053943 0.746215999 1.30861568
    0.253482997 0.570204675 -0.30512628 0.954458714 0.0538626313
    0.56915015 1.0260489 0.861833394 0.125610292 0.429090381
    -0.699127197 1.26651263 -0.186966658 1.42766356 1.30361056
    0.698024511 1.631899 -0.293022662 0.658477008 -0.671099484
    -0.504228711 0.391018808 -0.437906653 0.674111664 1.28043294
    0.925525367 1.28766775 0.139558852 0.074780941 -0.146902621
    0.390182614 1.33624887 1.49104142 0.928287446 1.48160768 1.43590569
    -0.126997292 -0.107239366 0.775858819 -0.469590396 0.325879633
    1.11758828 1.50102699 0.434991419 1.07181442 -0.333839148
    -0.220513344 0.444219112 0.886754215 1.15390778 -0.0930145979
    0.482794583 0.503108025 0.33241421 1.68902111 0.657013178 1.31353688
    -0.342937082 0.0918251276 1.26240849 -0.0609378219 0.178140521
    1.09631968 1.00052524 0.718788862 0.897785604 1.35863638 1.29980564
    0.776367247 -0.534343719 -0.0958243608 0.464338899 -0.495029449
    0.975169897 0.826650381 -0.281059116 0.312898338 1.81838572
    0.882147253 1.12595415 1.0683006 0.318331987 0.701470912 1.61262834
    1.44132495 1.47290885 0.836307406 1.42195487 0.876638234
    -0.336914837 -0.491434902 1.5390954 -0.144015491 -0.0142437816
    0.293601036 0.785598636 0.42112571 1.08520377 -0.436407179
    1.23578453 1.50552225 -0.0742561817 1.69093657 1.21855772
    0.951569617 -0.547000289 -0.363340139 -0.510175049 0.426041007
    1.64656854 1.2573545 1.59540081 1.29601038 -0.317131639 0.90889895
    -0.252772838 -0.65499419 1.26061893 -0.594944358 1.17970443
    0.754715979 -0.524570107 1.43432903 -0.529026866 0.301135421
    0.651948512 1.01314807 0.389698029 0.828478813 -0.546125531
    0.709749699 1.69848585 0.70874244 -0.171407431 0.495569408
    0.264222264 -0.170310348 0.103197813 -0.507715106 -0.182844669
    1.41744161 1.69119978 1.44344974 0.48471576 -0.632888317 1.42520523
    1.57689285 0.511671126 1.67001152 -0.283107132 0.790249765
    0.312488437 0.839080215 0.14692837 0.253825009 -0.355234921
    0.475550234 -0.013644278 1.487221 0.187247694 -0.240864366
    0.710745454 1.0687058 -0.126679003 -0.306968808 1.51251435
    1.26957655 0.941024721 0.147562742 0.169897318 1.11866784 1.14743304
    0.414295554 0.178185701 -0.329810917 1.33264852 -0.300915778
    -0.390771329 -0.140730143 0.541612983 1.23294377 0.0922996402
    0.510464668 0.744663954 0.105553925 1.319314 0.0874543786 1.29814172
    1.43619394 1.53067541 1.07383418 0.602604628 -0.28425175 0.361107588
    0.700734794 0.457801163 0.86197722 1.7040472 -0.141060948 1.48967648
    0.433345556 -0.632824779 0.180024087 -0.126708984 1.23719692
    -0.511352062 1.48509312 -0.137676418 1.42624211 -0.143369794
    1.07449734 1.10030246 0.526666999 0.819056869 1.62903702
    -0.0762794614 -0.0930153728 -0.554041743 -0.198998302 -0.361141294
    1.29929781 -0.690256715 0.907473207 -0.691181421 0.726334631
    1.18939996 0.745753706 1.43736768 -0.551789284 0.804656863
    0.292270482 0.210305393 1.25644445 -0.414774358 0.906464279
    -0.145089328 0.160466611 1.2843287 1.08789515 0.0408267975
    1.02096415 1.31776547 -0.162660956 0.176602483 1.40793514
    0.655129135 1.3724761 -0.640862226 0.151591897 1.39331961
    0.194630086 -0.176543891 1.21486497 0.28573674 1.66210723 1.5719434
    0.408960521 0.295339882 -0.447153717 0.268681049 1.42439008
    -0.232584387 0.833609343 0.408437371 1.4048543 -0.012444675
    0.493864596 0.819525898 1.13568854 0.107466519 1.27751112
    0.795005202 0.268856585 -0.405836433 1.27656412 -0.40972048
    0.627180398 -0.107734025 0.677291334 0.31805712 -0.101694942
    0.494565666 -0.515329182 -0.285479605 -0.486517489 0.695904016
    1.31065869 1.31512761 0.70681262 0.866341352 0.991204441
    -0.467009425 0.374978065 0.0913265944 0.309572339 -0.135746241
    0.415180206 0.904599369 -0.515508652 -0.267514974 1.72116566
    0.984098196 1.69421947 1.00225484 0.20859772 0.948536158
    -0.0067743659 1.4693954 1.48607326 0.280034482 0.897486508
    1.67189145 1.05654907 1.55093956 0.975448251 0.0207508206
    0.993837893 1.14736247 -0.647108257 0.578099489 0.732477009
    0.634497046 -0.19110471 0.0397386551 1.32173371 -0.489529938
    0.669816732 -0.557212114 1.45778131 1.00625241 -0.381107837
    -0.22236225 -0.0997026563 -0.273411155 0.840441108 1.74489772
    1.95718861 1.4503845 0.251245648 0.123298407 1.72770083 1.17352068
    0.961431444 0.23079294 0.126100659 1.6258297 1.1940372 -0.34593904
    0.0122922063 1.33476949 1.44718599 0.167637706 -0.699575722
    0.885656476 0.0203982592 0.540742815 0.500207305 1.62996483
    1.38881373 -0.291552186 -0.000846922398 0.447514772 -0.608994663
    -0.0838696957 0.844472468 0.852622747 1.0622381 0.0580284595
    0.0595561266 -0.158729911 -0.475305468 1.61273718 -0.531337798
    0.435863435 1.37885928 1.21116424 -0.194818616 1.34857595
    -0.345021129 0.572977364 0.359681964 -0.500042915 0.522798836
    0.536835432 -0.158469796 -0.447081268 0.0968418121 0.53367579
    -0.623491168 -0.423987389 0.355018795 -0.290358394 -0.332676739
    0.830614388 0.249663651 -0.284150183 1.06986582 0.679705381
    1.24764729 0.817894757 -0.609155238 0.751189232 -0.680083871
    1.71447563 0.740196884 1.27297187 0.17937094 0.459838629 0.367657065
    1.35018003 1.69167554 -0.192691743 -0.231307268 0.237882257
    0.699369133 0.287811399 0.103474319 1.65404892 -0.124936461
    -0.682120383 -0.183586359 -0.00390911102 1.26923263 0.0636354685
    -0.47543326 0.56998837 0.454122722 0.663331985 1.66778231
    0.351780057 -0.0467159152 1.30770755 -0.455162942 1.04555285
    -0.628208995 -0.181952298 1.52367353 1.59280753 -0.489474773
    -0.209828019 1.03743982 1.08936334 -0.235650986 0.409274936
    1.49630749 -0.559448063 -0.640159905 1.43971872 -0.232251734
    1.46554637 1.51987553 0.871584654 1.5462507 -0.0484523773
    0.260596395 0.528380632 0.151838541 0.292362332 -0.498616964
    1.10704947 1.61437082 1.41246343 0.0941027999 0.288068354
    -0.257754833 -0.588871837 1.01012659 0.332124472 0.663517475
    -0.239312351 0.457341075 0.978458762 1.32038569 -0.336977065
    0.39839077 0.235786796 0.103381455 0.295275211 0.477649212
    1.21875548 1.01618481 0.965444744 0.733003259 0.710600078 1.63026392
    0.609707475 1.19397783 0.937759638 0.483762622 1.21717644
    -0.662798107 1.25908613 0.111917913 0.581916571 1.3070159
    0.036888361 1.13874912 1.65371394 0.196660399 0.233956218
    -0.58258009 1.04584551 1.16653013 0.412440717 0.248339951
    0.676417112 1.30674899 0.950044692 0.7772066 1.20365691 0.283631563
    0.184831142 0.748256087 -0.571391463 1.14382863 1.36478877
    -0.50421226 0.782714963 1.66363835 0.605870843 1.1386466 1.59659111
    1.44994819 0.766110599 -0.286369085 0.929602087 0.25809145
    0.276233315 1.1418283 -0.420549303 1.22030079 0.22461617 1.1150136
    0.988684714 0.64109844 -0.0793377757 1.17374182 1.05855703
    0.0717882514 -0.60211277 -0.260631174 -0.366716892 0.196596086
    0.883169174 -0.0472794175 1.17651033 1.14683652 1.3189683 1.04428315
    1.06923032 0.943412721 0.341695726 1.28193355 1.62520123
    -0.624041498 0.142650366 0.00883454084 0.820205748 0.138975501
    0.164777815 1.3454051 0.580850959 -0.301357925 0.736788213
    -0.0325815678 0.469429672 0.720900178 -0.173086286 0.861214578
    1.2392056 1.08550608 1.43818343 0.599013984 -0.238336086 1.08075976
    -0.342125893 0.0589557886 0.566364944 -0.00628644228 0.515062928
    0.670535684 1.33003199 -0.222595304 0.707907856 -0.509639859
    -0.474978507 0.404323518 1.76546466 0.590379953 -0.274416387
    1.69648516 0.634567261 0.331159323 0.900709748 0.694068909
    -0.412536919 1.41695666 -0.4427239 0.999796689 0.999598682 1.3051368
    0.761954844 -0.138107359 0.653633118 1.55752277 0.473623753
    -0.323162049 -0.0337167978 -0.414143234 -0.0101446509 -0.642312348
    1.19092441 1.32817674 1.62563324 0.295585573 0.921792805
    -0.554419041 -0.336999714 0.261617005 1.1875304 0.0174145103
    -0.62817663 0.471579194 1.47151375 1.48106205 0.8533988 0.628207207
    0.644277394 -0.0602375269 -0.338661104 0.94176954 0.992574096
    1.1279788 -0.0976632237 0.715702772 0.797269642 -0.273344338
    0.766833842 1.40442872 1.26773381 0.877454042 0.987662911 -0.1420151
    0.354113281 -0.171612322 0.378210604 0.717638373 -0.288702011
    1.14054251 0.21590656 0.304041266 1.09649491 -0.0247092843
    1.63800836 0.725869119 0.717419803 1.33231711 1.37187672 1.30925274
    0.741578579 0.799409688 0.1572119 -0.0783831477 0.744136989
    -0.350947797 -0.391320348 0.881715715 1.30850673 -0.382200152
    1.31908214 1.67243528 0.451991677 0.385009229 1.20458269 0.926849604
    -0.450153112 -0.33722946 0.0843723416 1.31789017 0.604205608
    0.120189607 -0.154190838 0.0593349338 1.14215684 0.782117844
    -0.376443326 -0.0441575646 -0.513697505 -0.254651576 1.31967831
    0.0277730227 1.19373465 1.05864882 1.23845577 -0.223176837
    -0.495611787 1.41129637 1.68660998 1.47282004 1.47442353 0.939684629
    1.46451378 0.587608397 1.60248077 -0.701922178 1.57676315
    0.707305133 0.519377768 1.04773927 1.26567292 0.152525127
    0.0957459211 0.194621921 1.36162698 -0.384544432 0.587224543
    1.64476919 -0.661880732 -0.530690789 -0.647379816 1.02226567
    0.118772626 0.0422307253 1.30267072 0.770977259 1.45288134
    0.26592499 0.983214378 1.15602946 0.65587616 0.429832399 0.854160964
    1.10035777 0.00946629047 0.545681715 1.36275291 -0.505895019
    -0.0582865477 0.931269586 1.37912917 0.354369462 0.939101458
    0.689200878 -0.697349906 -0.480222404 -0.245531559 -0.219991028
    0.522788465 -0.057326138 -0.273181021 0.189453304 -0.357602149
    1.32649171 -0.710457683 0.636474669 1.13243449 -0.203557253
    1.3645457 0.0938938856 0.401326716 0.660892844 0.145325422
    1.24297667 1.23905241 1.62365007 1.31586611 -0.202171028 1.0612452
    1.48696899 -0.449468344 1.46232653 1.59412253 -0.622680008
    1.29453254 1.25196791 1.6776967 1.02601027 1.65340507 -0.136719048
    1.63041353 1.57791281 0.0718755722 1.50462568 0.935020447 1.05894804
    0.464968383 0.0514869094 0.964572251 -0.00328111649 -0.303725064
    1.56603694 0.172939897 -0.676541924 0.771936595 0.816667676
    -0.566149473 0.689376473 0.70934993 0.605067134 1.30545235
    1.40117979 0.627661645 0.320870936 1.64143252 1.66362691 0.888928652
    0.26169306 1.18967259 0.63452667 1.59627485 -0.129163742 1.22946167
    1.19019485 -0.525535941 1.33376169 0.361874282 0.843467593
    -0.702073812 0.612944663 1.15296268 1.4515518 1.53211188 1.38115823
    -0.0456717014 0.216638744 -0.698059678 -0.126825571 0.634827375
    0.0617555976 -0.368118823 1.36975694 1.56226182 1.56861329
    1.07276154 0.0515238047 -0.542493463 1.30563843 0.366764188
    0.25763458 0.692997396 -0.616542697 1.0068531 1.76768661
    -0.233554631 0.362303674 -0.0907428563 0.941464067 0.714593589
    1.27866292 -0.306382656 -0.456193835 -0.332243621 -0.129539937
    1.178936 -0.266893476 0.369937897 0.520561218 0.156125188
    -0.493499607 0.680818081 -0.580544591 1.1488713 -0.467916906
    -0.530970573 0.179041743 0.655313313 1.55134225 1.67030573
    1.01937532 0.225213587 1.57467651 -0.546547651 -0.655279577
    -0.452852517 1.2578764 0.0655868649 0.730628252 1.10517025
    -0.0914238691 1.62916613 0.830743253 -0.406212986 0.436985731
    0.797462165 -0.148751259 -0.429510444 -0.232090384 1.71511555
    0.270149708 1.30908215 0.276721776 0.420653462 -0.156667948
    1.17636371 0.259782135 1.63805878 0.0713108182 0.333898306
    1.05668783 1.65667653 1.18832946 0.384945989 0.550955236
    0.0959755182 0.318448067 1.54137647 1.11813653 0.703942478
    0.120886266 -0.305772841 0.0711057186 -0.0679495335 1.53135216
    0.68032676 -0.59127444 0.909050703 0.399143279 0.899052083
    1.16046321 0.201069355 -0.183584452 -0.201851845 0.455479801
    1.11786902 0.287515759 -0.400012195 -0.512682557 0.962105393
    0.688603044 -0.19411689 1.05096173 0.729525626 -0.682127237
    1.59881103 -0.113798082 1.58774507 0.822440028 -0.605263054
    -0.329622209 1.23106909 -0.438115627 -0.394839048 -0.583279133
    0.158192575 -0.0525532365 -0.340052307 0.276563525 0.287169099
    0.828165293 0.0603515506 0.502276361 1.50368404 0.177539289
    0.90628314 -0.536049366 0.266069174 0.283224404 -0.186800957
    0.589570999 -0.67456907 -0.147779226 -0.142762721 -0.0559703112
    0.379785299 -0.397972167 1.29512787 -0.347169071 -0.640669167
    0.185515285 0.400770783 -0.64399606 1.3927927 -0.0209892392
    1.69296503 -0.194866657 1.57480717 1.16386986 -0.500451207
    0.605490744 0.220202744 1.35216451 -0.489267975 -0.536635876
    1.10607243 -0.0304842591 0.498532057 -0.569491625 0.0148861408
    1.02525723 1.47083592 1.20095026 0.943987906 -0.216600418 1.10589027
    -0.363471985 1.41005945 -0.39396289 0.261517227 -0.363639116
    0.895931661 0.394475758 1.38385499 1.35962319 1.5823431 1.31418753
    0.489593685 1.67625058 -0.577803373 1.60970759 0.303177893
    0.463239431 -0.455443025 -0.54424715 1.60727048 0.274576724
    0.910032332 0.5819363 0.0600734353 1.63640857 1.63941264
    -0.416876495 0.626654327 -0.482642829 -0.371192098 -0.267579228
    -0.431047261 0.162743926 0.0864486098 1.52137232 -0.458762646
    -0.415078104 -0.508096099 0.370807767 0.567558587 1.49950171
    -0.277459502 0.197239578 1.19649315 -0.0158072114 0.14272356
    -0.241660237 0.412310779 0.583007693 -0.271794945 0.79626286
    -0.542010248 1.37573671 -0.509490967 0.557641745 0.518945694
    0.309113503 0.565037787 1.22550261 1.26006186 1.31291175 1.38019276
    1.47336221 1.24970508 0.137475073 -0.317747027 1.26593626
    -0.086429894 -0.385344326 0.127001822 -0.0593903661 1.1769855
    0.387079418 1.4723525 0.253943682 0.785810888 1.13117278
    -0.0998237133 -0.214766622 0.417224884 0.14818567 1.09718513
    1.02398884 -0.16599685 0.772246182 0.392368495 -0.448213935
    -0.702610314 0.793076873 0.288105905 0.909701228 -0.246623039
    0.654150963 0.259385407 1.46400547 -0.336340755 -0.655262947
    0.844566584 0.83531791 0.768015146 0.437366545 0.761334419
    1.35887837 0.756874561 0.428303897 -0.469927132 -0.354457378
    0.499656081 -0.314812005 0.746690154 0.138505489 0.521059632
    1.0604893 -0.0374858975 1.39525366 0.789304376 0.408734739
    -0.0568725467 -0.279251277 -0.551870584 -0.52341491 1.32594156
    -0.256935537 0.563049555 0.220531464 0.799482524 -0.541378915
    1.30362058 0.120460093 -0.588444531 0.514429629 1.2318964 1.59578228
    1.04448652 1.35380292 0.654627144 0.904868722 1.33602059
    -0.450044334 0.374543369 0.0577236414 0.479938209 1.55034781
    1.56631184 -0.663301706 0.495286822 1.58070529 1.05467927
    0.291997731 0.0363503098 0.447170377 0.876951933 1.38808131
    1.54355693 0.89966011 0.255001485 0.744675279 0.644833446
    0.199763238 1.38375652 -0.64071703 -0.4393574 0.0218026638 1.692922
    0.565507948 0.402171373 -0.129903316 0.706323087 1.45139527
    1.65129054 1.25238824 -0.212860614 0.332899809 0.803268373
    0.44711405 1.41376758 0.69899869 0.598458707 -0.0195920467
    1.04042983 1.55621195 -0.0466314554 0.371986568 1.17717648
    -0.16428411 1.68846846 0.00376081467 -0.405063421 1.03547239
    1.67754221 0.508266449 -0.654670119 1.16229725 1.6438719 1.43515158
    1.14570904 0.276479304 0.844141483 1.27804112 -0.233631492
    0.740857363 0.124139607 -0.673094869 1.4129858 1.49659371 1.58297288
    0.219312549 0.929962516 1.03175616 0.748528838 1.63075471
    0.530544758 1.19707584 1.26025879 0.570711732 1.00881243 1.45040667
    -0.0784166455 0.881596029 1.63241029 -0.468103737 1.23122168
    0.868404806 -0.0372492075 0.272289515 0.437226713 -0.134581923
    -0.269493043 1.14143443 1.40613019 1.37258303 1.55027139 0.966023088
    1.17903292 1.24227822 1.24231339 0.904534459 -0.448384285
    0.821785331 0.744753599 -0.205318332 0.747618675 -0.523254991
    0.995793223 1.67724013 0.323101699 1.098773 -0.280022442 0.124921441
    -0.365653247 -0.601744115 -0.00405102968 0.274598598 0.152534664
    -0.487652481 1.20146322 1.15346479 1.63063657 0.479346514
    0.646162331 1.58856535 0.122874379 0.641644001 -0.307265252
    -0.110275388 0.682113409 0.603146136 1.41454768 0.975993097
    -0.702311397 -0.606700957 -0.340603918 0.747310281 0.656155825
    1.34114718 0.709936023 -0.551437736 0.259463072 0.726380944
    1.18309903 0.599305511 1.52608085 0.117419124 1.24184442 1.14073145
    0.636874199 0.811748266 0.326968908 1.26594961 1.62078094
    -0.455419332 0.687747002 -0.511668861 1.09479785 1.23690617
    -0.302215964 -0.60503763 1.55151677 -0.483873129 1.17108631
    -0.688058615 -0.399344474 -0.172627985 -0.523257613 -0.105893791
    -0.0238644481 1.6824367 -0.537920833 1.41293001 1.48901176
    -0.0938522816 0.248505414 0.0455337167 1.32482874 -0.234621823
    0.608798683 -0.395085722 1.16182709 -0.538647652 1.38609338
    0.0780653954 0.0724570155 0.0411564112 0.277407229 0.949843585
    -0.126954436 1.0095998 0.589948952 0.975421131 1.11895311
    -0.495812505 0.701205373 0.293575823 0.87611717 -0.144190073
    1.05235839 -0.606383204 -0.663017929 -0.259441227 1.47255981
    0.884372175 0.710985601 0.499413729 0.481482327 -0.0910461545
    1.66034317 1.55022335 1.04768348 -0.637130618 -0.413676918
    1.57868636 0.515946984 0.520626783 1.10980749 -0.643812001
    -0.31220001 1.45569551 0.161197722 0.569472492 1.31168938
    0.630205929 0.373228371 0.894057512 0.59302485 1.23368537
    0.022061497 -0.0677098632 1.61953592 1.30476856 1.66365385
    0.839631021 0.043536067 0.863903046 0.168502152 1.68053043
    0.183928251 0.999685705 -0.650915027 1.64867806 1.36382556
    -0.467269599 1.38603354 0.824633896 0.414694548 0.267233849
    -0.495733678 0.385487795 0.907184243 -0.166268408 0.491286337
    -0.703542709 -0.0311641693 -0.301765203 1.27923656 -0.0456535816
    -0.299769014 0.728330076 -0.0467600226 1.15352559 1.39650631
    0.836293817 0.54665035 1.2076782 0.0255765915 -0.635985672
    -0.373303056 1.68732381 1.32364511 1.1984849 0.858825982
    -0.0569477081 0.105303228 1.27900755 -0.0684598088 1.33946657
    0.17497021 0.578115582 0.906431973 0.362313688 0.346718848
    0.547527194 -0.458439112 -0.360578567 1.04110706 -0.378915012
    1.50483561 0.666387796 1.36428106 0.236808479 -0.389471501
    0.873749197 1.28480935 0.100542188 0.488785386 0.226081848
    -0.549117386 0.333980143 -0.133179784 1.64728999 0.03013134
    0.0347909927 0.936276853 -0.506854296 1.61195326 0.302914143
    0.0752019286 -0.586005151 1.64157772 0.963012457 0.60708499
    1.21322107 1.34842396 -0.650103152 1.36819792 -0.0354965925
    0.87568289 0.476660609 -0.461272746 0.368766427 0.042312026
    1.01802397 0.526591361 -0.184817225 0.929997683 0.212321401
    0.041862905 0.672974885 -0.690434456 -0.476804882 1.02971888
    -0.632829368 0.764554799 -0.619654775 0.934801579 -0.326237112
    -0.185545385 0.905757725 0.287937582 -0.00313091278 0.779231071
    -0.404913574 1.66117406 -0.0434405804 0.275246501 0.215510309
    1.63651061 1.17459488 1.52216566 0.557381034 0.668964982 0.249427617
    0.198849797 -0.333322644 -0.589371383 -0.320688874 1.4475143
    1.69409823 1.22593403 0.200316727 1.02316916 0.660857797
    0.0932577252 1.41094887 -0.610321522 0.5955863 0.615419865
    0.753352344 0.366845548 0.891974807 0.790044069 1.32193589
    0.697639644 1.0680635 -0.398952514 1.0619657 0.632617831 0.533687711
    0.855644643 1.35997272 -0.460579187 0.624215841 1.60644269
    0.340601265 0.360162616 0.788788855 0.0869989395 -0.644940138
    -0.0189301968 0.620206952 0.821395516 0.17344749 0.841138959
    -0.0350918174 0.0193096995 1.30413127 -0.0198033452 0.944743454
    0.00126594305 0.00488203764 0.392395794 1.17521524 1.5838747
    -0.191992342 -0.151952267 1.3390677 0.232460082 -0.243540674
    0.305084407 -0.218453825 0.57531178 1.53957319 -0.0981594324
    -0.222808659 -0.045766592 1.0358727 0.364946008 -0.654888153
    -0.560750961 0.239857912 -0.204239488 -0.325191051 -0.0150870085
    1.22193468 1.71495378 0.0667775869 0.315548062 1.37886381
    -0.583868146 1.64034915 0.0800471306 0.812471747 1.34148407
    -0.193919301 0.544952214 0.82965374 -0.42114234 -0.0416651368
    -0.0197836161 0.589888036 -0.541203499 1.12677705 1.17931843
    0.707282484 -0.242072493 -0.126403511 -0.535377026 -0.412980705
    0.470069647 0.121077716 0.0268526077 1.38518381 1.52322984
    0.705000758 1.51962137 -0.315166205 0.487408876 0.531376958
    0.88230747 1.07176208 1.42776752 0.814765275 0.224615693 0.276580036
    0.99465245 0.076540947 0.807511687 0.150906146 1.51505792
    0.543447018 1.34681869 1.0079217 -0.275302202 0.782190144
    -0.44418335 0.30291152 1.41118824 -0.282597184 1.11110044
    -0.362398475 1.39262187 0.230250597 -0.0875840187 -0.298345745
    1.94430375 0.810218692 1.35551167 0.922584176 1.20352352 1.38104165
    1.67599678 1.47238445 0.170518517 -0.596394002 1.3351059
    -0.614246428 1.14390242 1.28784454 -0.114077091 -0.108930707
    1.04350281 0.639997423 -0.160153806 1.19327211 1.13454819 1.36139798
    -0.0167025328 1.37873399 0.827639878 1.42226017 -0.664589405
    0.673917234 1.60623503 1.63519001 0.0145323277 -0.416327029
    0.461021483 -0.365739107 0.0496911407 0.637207031 -0.328540087
    -0.307471693 -0.229680747 0.416344702 0.826032281 0.430979192
    -0.107676148 0.224174917 -0.302826166 -0.69448632 -0.0974164605
    -0.0390117168 1.18144047 1.55879259 0.579134285 -0.112880766
    -0.21955511 0.426107347 1.63036335 0.0980254412 -0.514051795
    0.146453381 1.47704887 -0.431840867 1.27154565 1.61545873
    0.935453594 -0.322664618 -0.0124217272 0.257171631 0.153621912
    -0.317904919 1.63889074 0.270427525 -0.126027226 0.44449085
    0.176909149 0.212192833 0.831076443 1.63721061 1.00668025
    0.604496419 1.07848597 1.59205735 0.750321031 0.790608764
    -0.0459472537 0.410287857 -0.52555865 -0.445536554 -0.432277113
    -0.0110776424 -0.272270918 1.5186137 0.855255306 -0.344096273
    1.04163706 -0.208108932 0.202538133 -0.152818918 0.0229597092
    1.32196569 1.22659481 -0.0256838202 0.402936637 -0.505191267
    -0.218287647 0.491283894 1.36254716 -0.24500224 -0.309304118
    1.16927481 0.189268887 0.571661055 0.725486875 1.4531492 0.232807815
    1.6485455 -0.339951366 0.183778703 0.836987019 -0.372701794
    1.55449212 0.352246106 0.802871168 1.52173102 0.971304655
    0.634939313 -0.427353799 0.887109816 0.281914413 0.360031724
    1.34556842 0.324723184 0.756758571 0.596790433 1.67766237 1.01725316
    1.39695239 1.37951648 0.366514564 -0.325816721 1.24727941 1.55335736
    -0.194796503 0.53872335 -0.343053073 0.106104434 0.434313595
    1.26221097 -0.313992947 1.21417689 -0.160102248 0.961409748
    -0.499611735 0.706463456 0.941913784 0.583353639 1.63871002
    0.507956982 -0.288130671 1.12691021 1.2452631 -0.0843980908
    0.28395772 1.13859105 -0.017775774 1.44971871 0.480498612
    0.149956822 0.64243269 -0.331746131 0.969420552 0.807611227
    0.314274192 -0.491559744 -0.00109148026 1.23952365 0.191392422
    -0.295842528 -0.548918962 0.522338986 -0.125101089 1.47173488
    -0.283058882 -0.136332214 0.416237593 1.61078858 0.393297017
    -0.344792575 0.976498783 1.64801443 -0.346215963 1.20179713
    0.566078186 -0.255319476 0.990469456 0.791111231 1.12321889
    -0.43885535 0.467723131 1.00475407 1.44348741 1.32411385 0.559728205
    0.00513029099 1.60500252 1.27995491 -0.24726969 0.190659046
    1.55711269 0.826852679 1.34147131 1.47278523 0.285743117
    0.0660309792 1.26687896 1.00467944 -0.272708565 -0.180684388
    -0.129347503 0.229924977 -0.0398181081 1.16461229 -0.247476667
    -0.0180567503 1.35108924 0.0985288024 0.335052967 1.21232986
    0.193637013 0.681530595 0.387264132 1.27191973 0.226462305
    -0.54572463 1.27544093 1.2469188 0.0496983528 1.29932117 1.51662934
    -0.0839552879 -0.382860482 -0.0882603526 0.985269904 0.979744494
    0.683962345 1.22262597 -0.647936285 1.38632846 1.56833732 1.44725072
    -0.46485284 0.826048791 0.363734663 0.639981627 0.754650652
    0.122896403 1.96027637 -0.115596354 -0.377494931 -0.0669829845
    0.0290620923 1.74807906 1.00237012 1.35770512 1.6030488 0.474980056
    0.924272418 0.181133389 1.54766774 0.835259616 0.743991911
    0.102263093 0.789809704 0.49329257 -0.0081589222 1.67327189
    0.297646761 1.5897218 -0.4067083 0.301027179 -0.302674502
    0.799610436 1.57989192 -0.436625689 0.50832212 -0.369354367
    0.558446527 1.34506416 0.583578408 1.49785435 0.347364187
    0.232512295 1.36249268 1.07205319 0.902973533 1.67562723 1.5270083
    1.6132288 -0.465437621 0.93549192 1.29535735 0.181935847 1.63720644
    0.599917531 1.09004712 0.153989494 0.697139978 -0.249887854
    0.753295541 1.13341582 -0.576351702 1.44881511 0.423086584
    1.18512344 -0.550605834 1.50702882 -0.242839873 0.274119794
    0.146423578 0.391771317 -0.42385003 0.597799778 0.454372764
    -0.206916869 -0.0274444818 1.25619912 0.115552604 1.26038313
    0.322367966 1.35260653 0.154130876 0.845257998 -0.560424447
    1.41073179 0.118814409 -0.424277484 0.357651711 0.535243273
    0.665626049 1.6416738 -0.105000496 -0.0365817547 1.21292198
    0.215952337 1.41061044 -0.362980068 -0.610308051 -0.406298012
    -0.583565831 1.40258741 0.161872625 1.16164708 -0.142568767
    1.66109419 1.53904736 1.30659509 1.12936831 0.696629167 -0.545759797
    -0.066537559 -0.186870337 -0.626804709 -0.0889818072 1.61106622
    0.889224052 0.346139014 1.20745564 0.354001582 1.26671219
    -0.32513687 0.581254363 -0.567232311 0.0322269201 1.61493087
    0.824424148 1.56549215 1.09180629 -0.545398593 0.392009676
    -0.45304358 -0.611769319 -0.638212979 1.16693091 0.715591669
    -0.12419945 0.740877628 1.44776368 0.200170994 0.000416755676
    0.559513986 -0.607284665 -0.452232093 -0.379424155 0.557729125
    -0.00735831261 1.48389506 1.40549517 1.61165309 -0.157941639
    0.747788906 0.796607137 1.55617082 -0.346412599 1.0863663
    -0.590260148 1.6052506 1.36569881 1.08066201 -0.012118578
    0.106246173 -0.253415585 0.475132763 1.10375524 -0.289144218
    1.54743671 -0.382763356 1.31549573 0.172069669 -0.0616946816
    -0.34357968 0.33101064 0.0255926847 -0.167957962 -0.359256506
    -0.423529923 -0.394639224 -0.282666981 -0.534415483 -0.336283445
    -0.261730611 -0.259148896 1.05033827 -0.478693277 -0.459812433
    1.15057802 1.43004465 -0.019395709 0.124487638 -0.529699504
    1.43233323 -0.00578343868 -0.509601951 0.753669322 1.57860327
    0.335865915 0.556982756 1.44235444 -0.0268240571 0.399004817
    -0.556108534 -0.620321095 1.35751712 -0.272589684 -0.0958683491
    0.759501874 -0.174207389 -0.518042564 1.31903493 0.0801552534
    0.0799283981 -0.592469811 1.2754668 -0.535786629 0.40441364
    -0.318933636 0.82344979 1.17104006 -0.620513439 0.740853488
    0.14342016 0.071500957 0.564594626 -0.172647059 -0.153660119
    -0.664509773 0.0131024718 0.0403649807 1.26006317 0.794279099
    1.3122704 -0.110974073 -0.218665957 0.067805171 1.04117739
    0.854679942 1.32134104 1.5855844 -0.164225876 -0.12079972 1.22966313
    1.12635303 -0.0799102783 0.141982853 0.553826153 0.222629607
    0.729763687 -0.143732309 1.26973009 0.551255405 -0.584525466
    1.32290888 -0.492811918 -0.621307969 -0.0956894159 1.56241345
    -0.666630089 1.27132237 0.379579961 1.51985979 1.04492772
    0.279510498 -0.137329608 1.40731287 1.88717544 0.326631129
    1.52623999 0.198902249 1.47600102 1.14232063 1.60547733 0.414990127
    1.18444252 -0.504610658 0.508943319 -0.351293236 0.66854167
    1.16257417 1.58720183 1.38857007 1.52303779 -0.559064388 0.732362568
    -0.58265537 0.584186971 1.14894938 1.58729601 1.03401947 1.16392851
    0.940390944 -0.658529758 0.745919704 1.43746185 -0.162748098
    0.333797991 -0.617327154 1.42302763 0.287536442 -0.669600368
    0.689723611 0.709140003 -0.0560872555 -0.257016271 0.796070993
    1.25461364 0.369758904 1.3061626 1.09153748 0.146863878 -0.469124198
    1.64104235 1.23875332 1.40863156 1.29278183 1.27187693 1.6701138
    -0.00194245577 0.51902467 0.897457182 -0.372354567 0.150451958
    0.897818029 -0.083742857 0.312424541 1.61100221 -0.243178427
    0.208063006 0.341702163 -0.472749054 1.25437343 1.27349877
    1.24065089 0.133503497 -0.0168744922 -0.704509497 0.651505113
    -0.467188686 0.911815107 0.180589676 -0.150583088 1.05718231
    1.62209952 1.51224506 0.220329344 1.27763772 0.55887717 -0.125917494
    0.1903072 0.0464711189 0.239034772 1.2004416 0.790346622 0.759614825
    1.48339176 1.0826993 1.38034797 1.4732548 0.358532012 -0.109039545
    0.733551502 0.30402261 0.489346147 1.42131448 0.34639287 0.630826116
    -0.0707570314 1.58215308 0.564567447 0.278861523 1.2254231
    1.03294063 -0.0868321061 0.0495729446 -0.0299410224 0.685546517
    1.20550108 -0.679261088 1.10307813 1.10694301 0.999289095 1.05985951
    -0.647638857 0.389703691 1.4649806 0.490936756 1.43841648 1.68107414
    0.385451317 0.248575032 0.876694024 -0.32128942 0.773957193
    0.64686352 0.374971747 1.27898455 0.102217436 -0.110529721
    -0.309684396 -0.666627944 -0.374303788 1.09240961 0.45315063
    0.759841681 1.23406768 0.91498059 0.463770211 0.542940736
    -0.633163989 0.184675753 0.42846328 0.486242652 -0.0706941485
    0.536237299 0.376204431 1.47354722 0.387057424 -0.132617116
    -0.430197179 0.909136355 0.188675523 1.4938823 1.48569512
    0.195100963 0.380851984 -0.444578618 1.47752905 0.999007285
    1.43317842 -0.187979996 0.28213793 1.25605333 1.46750939 1.45360541
    -0.549995542 -0.481936395 0.72932595 0.976226389 1.16888058
    1.45938253 0.042299211 0.86270541 1.37113535 0.824058294
    -0.195574582 0.151970208 -0.663441062 -0.656818688 0.36714536
    1.26147103 1.37405992 0.301756084 -0.129581213 1.41429138
    -0.271866471 0.283269823 -0.226536006 -0.646972656 0.392533362
    -0.13733834 1.6428591 -0.32386443 -0.4349159 1.25973248 0.463420808
    0.352559865 0.803513348 -0.0852743387 0.662807703 0.230736256
    0.00623482466 0.0665209889 -0.66760689 1.61838579 -0.246051639
    -0.0491861701 0.0209361315 0.343580544 -0.525483012 0.656321108
    0.217923105 0.605161369 -0.32807067 1.1007458 1.49284577 1.37740517
    1.08358896 -0.472880393 0.00128239393 -0.424816072 1.19692767
    1.47952127 0.148352027 0.0843885541 0.702194989 0.428405881
    0.34443891 0.56549859 1.18513203 -0.272792757 1.18207419 1.06925905
    0.147033095 1.1314466 1.01109564 0.0348390937 -0.0180237293
    0.648798585 -0.63311404 0.153834045 -0.622660816 -0.489417732
    0.0728683472 1.66867733 0.667882085 0.671883702 0.882227421
    0.0686237812 1.12924707 -0.293622285 0.915010214 -0.0971180201
    1.16215575 1.57391024 1.39523184 1.75155866 0.017365098 1.51560092
    -0.224342883 0.835208654 0.293404102 -0.484667838 0.713246882
    -0.53371644 1.24098635 -0.165334344 0.688365042 1.20093775
    -0.60062933 0.159969866 1.60322237 -0.280533582 0.602369368
    0.190270662 0.551255882 0.618273973 1.56604326 0.23191011 1.11975503
    -0.37100023 1.12212682 0.423101068 -0.391033828 -0.47141993
    0.708732009 0.596723199 0.196519613 -0.0655443072 0.518163562
    1.27827764 0.320419848 0.249058127 -0.232165366 0.680799544
    1.3384577 -0.371405572 -0.0737618208 -0.487162799 0.00919872522
    1.2887398 0.525664985 0.499345958 1.43674111 1.43376017 -0.315459937
    -0.249729574 0.370945275 -0.0656190515 0.4779163 0.51228708
    -0.22772184 0.225477099 -0.0780573487 -0.645867467 0.662709117
    1.41572833 0.694118619 0.497248173 0.795547724 0.8883968 1.41617846
    0.979782343 -0.447213531 -0.711078107 0.766295195 1.51465046
    -0.30946368 1.32211912 0.264763474 1.36343026 0.400472939
    0.877686977 1.06226373 0.197048604 -0.678631067 0.61319381 1.461882
    -0.291752249 0.218521893 1.51178157 1.53780735 1.45733285 1.19473886
    1.70360208 -0.119449258 1.1530149 -0.61322397 0.0368854403
    0.32098341 1.14911675 0.507255733 0.540115952 0.871468425
    -0.427728593 1.40255499 1.42129183 -0.456740588 0.294060528
    1.56154108 -0.569025517 -0.548775494 1.60679507 0.0219404697
    -0.444041938 0.545598984 0.897537112 0.441458225 0.492193282
    -0.70385021 -0.574764848 1.57919025 0.278470159 0.173514426
    0.219705522 0.0818277597 -0.362921208 0.897426009 0.522839189
    -0.409558505 1.48300886 0.752967417 1.45682931 -0.155335248
    1.42454362 0.78925401 1.55968523 -0.412165791 -0.538669586
    -0.424428403 0.0997617841 1.66118848 -0.574863434 -0.094766736
    -0.572513819 0.263572097 0.846333027 0.829954088 1.17464614
    0.752984643 0.281587064 0.93838948 0.889327288 1.28607941 1.00815129
    -0.117139399 -0.316732973 1.58493805 0.0771450996 0.810056806
    1.45906961 0.977249801 -0.44238627 -0.618537962 -0.0346605778
    0.380095601 -0.248401463 0.572924852 1.33310211 0.38763088
    -0.214214325 -0.101662397 1.27348638 0.901432157 -0.607512653
    0.272034168 0.789147496 0.793950379 0.55163455 0.473263681
    1.19980216 -0.538805783 -0.646919429 0.304184616 0.186860263
    1.39946175 0.818541467 -0.357018113 0.482705832 0.888170063
    -0.0629671216 0.466188788 1.29699719 1.53779173 0.773805141
    0.0295126438 1.3392694 -0.306283295 0.840521455 1.69378674
    0.79937923 1.16267228 1.18925548 0.725565314 -0.0746520162
    1.09656549 -0.0476307273 -0.207249224 0.21404773 0.564206302
    0.817247391 0.12619561 0.496667624 1.08747387 0.392986715
    -0.609745264 0.472406805 0.368405581 1.53734851 0.517484546
    -0.505189121 0.87644428 1.51607025 1.41969264 -0.150338411
    1.41802621 -0.2518318 1.07801163 1.53569484 -0.159345865 0.129948318
    0.80330199 0.501205385 -0.0973231792 -0.606633127 1.33541322
    0.74100107 -0.288562387 0.550855279 -0.691634178 0.971338272
    -0.568891764 -0.248395234 1.03397465 1.35541558 -0.304761052
    0.762584925 1.07274663 -0.0140516758 0.419144452 1.35412788
    -0.156520784 0.672538579 0.441607893 0.785222232 0.0998651385
    0.610572934 0.0217438936 1.48233688 0.0359365046 0.248391151
    1.43757236 1.07786107 1.34321105 1.21352506 1.30691242 -0.191508353
    0.949950755 0.822865963 -0.0602336526 1.30644166 0.000230669975
    0.0140535235 -0.170839787 1.02181768 0.121824861 1.26439106
    -0.674882829 0.496819556 1.55784369 1.06571949 -0.254604965
    1.65685642 0.491513431 0.514717042 -0.0140107274 0.493992388
    1.13107705 -0.549978852 1.35990191 -0.646718383 0.799816072
    1.38032126 1.12622118 -0.491026878 -0.344257385 -0.50162518
    -0.530560255 -0.652204394 -0.604595423 -0.62886095 0.666301608
    1.4221096 1.29101562 0.935138345 0.0146328807 -0.407667637
    -0.30116415 1.18997812 -0.404654622 -0.0441581011 1.20664859
    0.889196217 1.1461848 1.21858692 -0.551375628 0.740186214
    0.0940862894 -0.212198645 0.914861083 0.631558716 0.104321361
    -0.552937627 1.19758511 0.25008738 1.39999044 -0.192184985
    -0.184260547 1.06889832 -0.707445681 1.35136187 1.49916029
    0.248290002 -0.020305872 0.615363002 1.63704908 -0.308965743
    -0.466455728 1.0568254 1.1481874 0.429672062 -0.0363214612
    -0.710135639 0.251357615 0.0546402931 1.11770129 -0.0868547559
    0.874716341 0.0159836411 0.0811513662 1.63861489 0.812951565
    0.691973507 0.983851969 1.05731928 0.306834519 0.710925639
    0.892281413 0.386694372 1.58146882 1.09028018 1.70224476 0.832173824
    -0.0896046162 0.866929889 1.53525043 1.14008379 1.67566204
    1.09922528 1.41626334 1.446527 -0.571066856 0.706221104 -0.309257507
    0.69780618 1.36747825 -0.677500844 0.165409327 0.878008723
    0.289108455 1.64725184 0.407605112 1.10788703 0.105076671
    -0.468036413 0.274327219 -0.0911377072 0.00595593452 -0.607734978
    1.25756121 0.65502286 -0.371322513 1.3235265 0.095179677 1.41539335
    1.01675773 1.23207593 0.804216862 1.55096698 -0.033465147
    -0.544382334 0.679379582 1.39008904 -0.436007589 1.64466166
    0.284589648 0.00614506006 1.65456343 0.379044116 0.174274862
    0.299883127 1.296229 0.752744853 1.51403677 1.16241336 0.302379847
    1.14413309 0.587637246 -0.207023978 1.63365197 -0.005179286
    0.894391716 0.963803649 -0.706146002 0.504695892 1.08325982
    0.189119041 1.41688704 0.980232477 0.118984044 1.01885664
    -0.422993153 0.522767484 0.54592967 1.35031247 0.650102615
    1.53656244 1.55230069 1.53396773 -0.405792832 0.659528553 1.42728162
    -0.11771208 0.201391935 0.361938417 1.17719173 -0.173413098
    0.984023273 0.445362985 -0.153994977 -0.254147887 1.60450006
    -0.622213602 1.04608798 0.380962729 -0.324011654 0.46480459
    0.103203952 -0.629116535 0.0277733207 0.357383847 1.01205778
    0.7028898 0.698455155 -0.396570146 -0.0950926542 1.23598719
    0.853304148 0.442551911 1.7189424 -0.272893548 -0.126161635
    1.04045248 1.15897202 -0.023578167 1.31482136 -0.0123757124
    0.730365396 1.05059099 -0.499049604 1.59582865 0.733942866
    0.500515938 0.56444186 1.57845414 -0.026265204 -0.180522382
    0.527138293 0.614180148 1.52713871 -0.00844466686 1.29115272
    1.37641025 1.45077467 1.07852626 -0.0950613022 -0.0854770541
    0.762642264 1.0705837 0.879362702 0.986712456 1.05423188 1.56419206
    1.44933748 0.705265999 1.63620615 0.222252965 1.11057663 1.72321439
    0.800331771 1.19222879 1.43947434 1.52161765 -0.147316337 1.88682485
    0.737419248 -0.0922140777 1.84247017 0.500974417 1.21207464
    0.955995977 0.17066139 0.115907192 1.59815717 -0.578842938
    1.45330691 0.423536062 0.688482523 0.256295681 1.1839931
    -0.0988735557 -0.524352968 0.0345340371 -0.274761766 0.800919294
    -0.532427311 0.729091644 -0.589046359 1.67976236 -0.106836379
    -0.532693207 0.169464946 1.15352857 0.936041057 1.46782207
    0.43326658 1.33216381 -0.61670202 2.49743462e-05 0.494648039
    -0.128044784 0.85466069 1.35185182 -0.606695414 0.0807211995
    -0.104839742 1.37540734 1.31977558 -0.289604992 0.338790476
    1.42263973 0.716930866 0.866505742 0.809923828 0.168561876
    0.661710739 0.561550319 0.400964737 -0.32718125 1.31384492
    -0.341181546 1.47755754 0.226258993 0.380857885 0.235872507
    1.52954245 0.765414298 1.26150846 0.7184093 -0.666769028
    0.0423941612 -0.284817129 -0.351501286 1.2527467 -0.370071024
    0.840838194 -0.461944789 1.45515871 0.0375838876 0.972992361
    0.155513644 0.410630047 0.658777773 0.354915261 1.08456421
    1.37036109 0.823025763 -0.281702042 0.157342374 0.188049138
    0.00625526905 0.723705471 -0.433922768 -0.652882159 0.687665284
    0.670342326 0.593315542 0.613206804 1.3725965 0.333794653 1.4301219
    0.872524142 -0.0937822461 0.317679405 -0.146393836 0.380766451
    -0.377228618 1.01393032 -0.106568098 0.905461431 0.837306261
    0.737220764 0.29659754 0.385645747 -0.331572384 0.434934556
    0.208550155 1.24221563 -0.0687260628 0.774552584 1.08065259
    1.0724566 1.58983707 0.980883002 1.0294838 0.509854853 -0.530097842
    0.967794061 1.2618587 -0.640303373 -0.706350505 0.860058486
    1.06530976 -0.370300412 0.898151636 0.932666183 0.7540344
    0.174452841 0.574506342 0.14192313 -0.511503816 -0.190552592
    1.20878696 1.38566005 1.30026174 0.0607738495 0.0489926934
    -0.547688007 1.13093424 0.81438452 0.642967463 1.44368351 1.29266882
    0.785359263 0.52357024 0.548070014 -0.521018445 0.742817521
    0.131632924 0.628527045 0.0916463733 0.0413672328 -0.275603294
    1.00085068 1.05896509 1.49609339 -0.253396094 0.500174046
    -0.470046014 1.36459732 1.13620079 0.771430492 -0.00582003593
    0.216885328 -0.136085153 0.20170337 1.01292992 -0.319057018
    1.39190352 -0.246011317 1.24459672 1.53251529 1.39686787 0.546848297
    0.137303829 1.23242152 -0.514249921 1.65370965 1.47868514
    0.0780783296 1.48246169 1.26349401 0.455012321 0.641905665
    1.62403178 0.348622561 0.687644541 0.611728489 1.13192749
    0.136635423 -0.509654045 -0.365980238 1.39843655 1.04138124
    1.21444118 0.685774624 0.513578475 0.492422342 0.0510830879
    1.37003481 1.1792376 0.803238392 -0.0364253521 1.32541335 1.56446433
    0.632186294 -0.264573961 1.07522154 0.579910338 -0.402226746
    1.16079783 0.894221187 -0.333083332 0.605071962 0.869428456
    0.909454286 1.36101532 -0.501044691 -0.0207085013 0.80646795
    0.193738282 -0.210760534 0.763869226 -0.189334244 -0.34664613
    1.10105276 -0.327348709 0.308012068 -0.59579581 -0.61764276
    0.674767137 -0.0599864721 -0.237013668 0.0216802359 0.0110845566
    1.48257756 1.40250254 0.829318762 1.23019433 0.863402009
    -0.318534553 0.635000229 1.4945029 1.07196784 1.5480653 0.637768686
    1.11036015 0.440054506 -0.0622150004 1.81819165 0.570837379
    -0.451195806 -0.419611424 0.776444376 -0.116730124 -0.230266154
    -0.362004548 -0.228419065 1.10929656 -0.61836791 0.538879693
    0.206153154 -0.142896175 -0.168874979 0.438004613 0.519833148
    0.122795284 0.532208622 1.30831051 1.206936 0.347342074 -0.543004513
    1.19093072 1.460886 -0.449542493 0.919581831 -0.17463398 1.07969451
    0.691401899 1.3693974 1.05287957 0.745645165 1.50632477 0.584398687
    0.190706193 0.367238581 1.20089746 1.2180866 1.06039453 0.0682790279
    1.20881116 -0.614282191 1.59882069 1.34258103 1.2789346 1.15324354
    1.47672939 0.620581806 0.162733853 -0.16797024 0.124950767
    1.49927258 -0.177221239 -0.0919915438 0.901409984 0.375325561
    0.247415125 1.68658745 -0.284119278 0.985688984 0.0142917037
    1.3744297 0.799691796 0.444425344 0.973354876 -0.0601532459
    -0.182368487 -0.314675987 0.525416076 -0.207808018 1.65409625
    1.33590734 -0.407814652 1.10784507 1.35154152 1.15674138 0.682528079
    0.725974858 0.390720963 0.0397471189 1.3981328 1.63269317
    0.0793427229 0.530534685 0.53090626 0.112142324 0.948234081
    1.15723634 -0.189650714 0.170409262 -0.456932098 1.48423052
    -0.424040347 -0.547786117 0.0463528037 -0.246150017 -0.142531574
    0.104602516 1.34557533 -0.315710723 -0.538511992 0.22725004
    1.51748264 -0.169171691 0.6701895 1.6938467 0.677895546 0.348268867
    -0.60760653 1.6559484 1.44765806 0.855995655 0.241809905 0.542504609
    -0.528228283 1.3347528 -0.576613426 -0.280801266 1.51961684
    1.66943312 -0.0575916767 1.49392331 -0.696841121 0.663476348
    -0.520848155 0.00290155411 0.0478568077 1.47447205 1.15220094
    -0.160155833 -0.659996271 0.918153763 0.397741914 -0.174689233
    -0.407597393 1.35823357 0.878559649 1.6775279 0.885043263
    0.282369792 1.31342363 1.54323566 -0.439330012 0.718280554
    -0.214030147 1.01872528 0.284462035 -0.0384975672 1.1950779
    0.900884211 -0.0458606482 0.779322088 0.782574236 1.0764966
    0.00515085459 1.5885427 1.31775594 -0.276081234 0.0440092087
    1.59825611 -0.324785709 0.45337522 0.942201734 1.44258595
    -0.413291812 0.348911941 0.587959826 1.48616505 0.384506464
    0.0468510985 0.96309495 1.09436536 -0.271148562 -0.652457118
    0.716546237 1.1719234 0.773254693 -0.685726404 -0.506029189
    0.0794089437 1.06524193 0.0754659176 -0.419824719 0.512064457
    0.441024661 -0.1278162 1.19551373 -0.356098354 1.21019971
    0.745506763 1.36913919 0.0351785421 0.149359584 0.36677146
    0.540269077 0.818474531 0.104467869 0.0601207614 0.290276766
    1.30092263 0.0655406713 1.51285911 0.78048867 -0.384003967
    1.42046082 1.30956101 0.732310116 0.544855952 0.957024813 1.14874196
    0.560604692 -0.576408148 1.19833171 0.973801792 0.0354988575
    0.700943053 1.67671371 0.316431761 0.609748662 1.65555143
    0.901936889 1.1102494 0.239190876 -0.0155489445 0.816591263
    0.858946264 -0.089009583 1.2327441 1.59938765 -0.0422836542
    1.53400171 1.1951654 0.0202977061 0.608434737 1.39718819
    -0.0948802829 0.0806080103 0.668351591 1.40665817 1.54381299
    -0.593911588 -0.358857125 -0.53406018 1.5408752 1.66645432 1.4113518
    0.450770855 -0.421907753 -0.547175109 0.99224031 1.04317141
    0.459416211 -0.175151348 1.77232361 0.95242691 1.86795771 1.40649498
    0.867663264 -0.102980942 -0.240920246 -0.406650603 0.840167344
    0.965204239 1.09904349 -0.554916501 1.17213178 0.90894866
    0.355577648 0.70803082 1.02170622 -0.574138999 -0.394276112
    0.0461429358 1.30959344 -0.575413883 -0.542317688 1.41022742
    0.15045917 0.961078525 1.55011606 0.93992424 -0.632693827 1.58980393
    0.730378807 0.446085393 1.24251163 -0.109825552 -0.149980843
    -0.0827854872 0.610499144 0.379030347 1.65022337 1.46407795
    -0.406459421 -0.323619217 0.830921531 -0.255356222 0.143676937
    -0.472834051 -0.241583854 1.49728298 0.0576022267 -0.145882726
    -0.20920521 -0.63647157 0.974501729 0.63221699 1.19326568 0.88105756
    -0.662431002 -0.589429975 1.46947157 -0.350498766 1.45140123
    1.58132589 1.71704471 0.243069351 1.49843001 0.340562582 0.335421443
    1.11259437 1.4558295 -0.263301164 1.28538966 1.24961424 1.2043004
    0.970699966 1.37259912 0.918606758 -0.167113185 -0.165140808
    1.2432909 -0.209293604 -0.129134059 -0.316750318 1.2154274
    -0.450008065 -0.0688623786 -0.324214399 0.140407562 0.236706495
    -0.34500885 -0.390746176 0.504634261 -0.401923418 1.39470768
    0.497034669 0.0289087892 1.5115093 1.27546954 0.754251242
    0.098293364 -0.303592801 0.83742857 1.28116107 -0.426795244
    0.651516318 1.58218813 0.087638855 1.38876605 0.532850325
    -0.287422448 0.718240023 0.749064028 0.792757988 1.16599846
    0.546076119 0.967240334 1.02662492 -0.132290781 0.0288088918
    -0.672094882 0.710626781 -0.0699913502 1.2955308 0.837471306
    0.94355315 1.18607926 1.18658543 -0.515140235 1.05372608
    -0.613656819 0.154924572 0.802467346 0.565631092 0.485248268
    0.0166462064 0.948297143 0.0425027609 -0.142857075 1.45619798
    1.20668459 1.36386538 -0.352662295 1.32674742 0.281152189
    -0.166464865 0.0695801377 -0.196241289 0.00455409288 -0.642134964
    0.0606310368 1.36090112 -0.301703095 0.433973014 -0.430193067
    0.732399821 -0.27509445 1.49929178 -0.496883482 1.19691181
    0.352145851 -0.210412741 1.20872402 0.548202991 0.394819975
    0.0233960152 0.534391046 1.65992761 1.1473583 0.616759121
    0.992681742 0.835606337 -0.192855895 1.32350063 -0.051479578
    0.987459064 0.981156468 1.4351368 -0.205734968 1.27781129
    0.779650271 0.459327757 0.0449157953 -0.391551197 1.30353308
    0.383942306 0.882489741 1.60300016 -0.550048113 0.544281721
    0.975685954 -0.409010291 0.522322476 0.745474279 1.25452924
    -0.390299827 -0.501854897 0.209210396 1.58883762 -0.646294296
    0.604323745 0.985023797 0.0408264995 0.594795644 0.75275445
    0.247151256 1.3706466 1.22546387 1.61929297 0.943498015 -0.324777663
    1.63106787 0.661830842 1.19603825 1.25345933 1.1871109 -0.226736248
    1.43875146 1.52853799 0.428613007 0.191706657 0.0776588321
    0.268358648 -0.650190592 0.201428235 -0.390781224 -0.273336202
    1.4071151 -0.162031829 -0.521586657 0.589636445 0.70017463
    0.510057807 0.86703074 1.23203397 0.137534201 0.3937729
    -0.0661637187 -0.130221605 0.956179261 -0.626234889 0.206450701
    -0.202589959 0.0953365564 -0.183217525 0.90662235 0.846121907
    -0.347331077 -0.0411886573 1.11196327 1.38903522 0.361526966
    -0.15537715 1.01385713 0.485066652 1.35225654 1.05577707
    0.0707814693 0.540383577 -0.0608535111 1.22710013 1.74230003
    1.21015716 0.983807802 -0.377763927 -0.549737632 1.21328902
    0.555561483 0.0013487339 0.517508686 0.370822608 0.860922158
    0.945492387 0.637173057 -0.133615375 -0.620322645 1.21891367
    1.25701475 1.62322414 1.27051973 0.980429232 1.25085974 -0.450658083
    1.02076292 0.694853663 -0.348068535 1.06213951 0.779266953
    0.568878293 -0.400100827 0.606886208 0.337045968 0.374397576
    0.894982636 -0.35669446 -0.461462468 0.275858939 0.855554521
    0.129641891 1.65268683 -0.180335939 1.05337143 1.10839558 0.84056437
    1.31828058 0.149092913 -0.118758738 0.0840114355 1.46812952
    -0.0573212504 0.297801912 0.0899484158 1.15630221 1.5865581
    -0.101162851 0.975733578 0.378148139 0.281252503 0.0808024406
    1.33065081 -0.000227689743 -0.310818404 1.52243376 0.549569964
    1.04699385 1.07864332 -0.668694794 -0.6471048 0.299228489
    0.972541451 1.23681998 -0.639211774 0.618762672 -0.452689588
    0.969017267 0.608155012 1.54826629 0.85768491 0.928153038 1.44125175
    0.895681024 1.34913921 1.18643868 0.159498215 0.854085803
    -0.139919102 -0.243149638 1.58649206 1.39911139 0.978430092
    0.574338734 0.644918561 -0.500512421 0.310905695 0.535158396
    0.716849744 1.11281598 0.903724968 1.24873698 0.399973691
    -0.0348786116 -0.387422144 0.266569972 1.32154226 -0.342491776
    -0.609883189 0.0279383659 -0.261771977 0.745670795 -0.0648893714
    1.40457487 -0.510347486 -0.588885784 0.24627924 1.15480351
    -0.0219907165 0.911618948 0.160226583 1.39574385 -0.194002301
    0.887484491 0.318290293 0.875050962 -0.157697141 0.677872181
    1.26486993 0.748439729 0.998901427 1.31282282 0.328582346
    -0.479740739 -0.318977952 0.303689837 1.69026315 0.0018402338
    0.362480164 0.31044656 -0.246589154 0.244850338 -0.506697297
    -0.570409298 -0.0797984004 1.27188075 0.317525923 1.04156232
    0.0895019174 -0.137504756 0.033854723 0.434773028 0.226637423
    1.44570827 0.595799744 0.273453057 0.318560898 0.677295268
    1.59270716 -0.569105387 0.589266956 -0.672172189 0.574242473
    -0.295454293 0.0760273337 1.50111341 0.0844503641 1.62555003
    1.21470022 0.909291804 -0.28283444 -0.430372149 -0.310488194
    1.61751437 1.4681685 0.106763363 0.0781030655 0.0283881426
    1.10301685 1.32182467 0.41792053 0.204673648 1.54856086 0.68717283
    0.0598521829 0.968734384 0.242619216 0.631175816 -0.176876068
    1.12190318 -0.229820907 1.3971523 1.0107677 -0.595783353
    -0.0988295674 -0.080196619 -0.529905915 -0.12197572 0.770606518
    1.45236444 0.142033279 0.694458604 0.114865839 1.57484758 0.84360981
    -0.260047823 -0.693591654 1.62813497 0.84449333 1.44481778
    -0.213291526 0.638567507 1.38391113 0.331147909 0.878010869
    0.204739451 1.14563203 0.665656209 0.898572028 0.61585772
    -0.656432867 0.827789664 1.18716514 1.24094558 1.72371435 1.58030009
    -0.489441812 1.65654993 0.38810128 0.415237963 -0.342095762
    -0.176292896 0.47817266 -0.130939543 1.33940005 -0.281347275
    1.03708911 0.536619663 0.0117070675 0.848389685 -0.306764692
    0.344173312 -0.220472991 1.46037197 0.88407582 1.69207859 1.63958442
    0.536495805 1.57803547 0.819299221 0.176283181 1.0547967 0.353813648
    0.115453422 0.164240956 -0.494722724 1.09646773 0.825552464
    0.169531941 0.672980547 1.04262722 -0.142790288 -0.0426400304
    0.666150808 0.617643774 1.56830931 1.3376404 0.926737547 1.03579509
    -0.169900537 1.13539171 1.03662467 -0.670715511 -0.437615395
    -0.283982426 0.803077579 0.189796984 0.532264292 -0.448777199
    -0.321616501 0.68076098 1.18337977 1.44590139 -0.145671666
    -0.355008721 0.735253513 1.0842936 0.830306292 -0.514549732
    0.0897251368 1.54406273 1.21659851 1.5364275 -0.0154979229
    -0.525984764 1.49895489 0.0587360859 -0.555151582 0.228507876
    1.05711222 -0.175949961 -0.115599751 0.51738292 0.800425172
    0.450102448 -0.492618948 0.335812509 -0.263623893 0.444406867
    -0.184725761 0.882807612 1.20061612 0.975484014 1.33544672
    0.427242935 1.66326296 -0.106410861 -0.133951128 0.771627486
    1.62474823 -0.116030216 0.691435337 -0.262802184 -0.670166731
    -0.121259511 1.12636042 1.44637918 0.570291638 0.834629834
    1.21398258 1.35845828 -0.475184768 0.414735138 0.825413883
    1.39264917 -0.339973837 1.10678816 1.56713724 -0.284738451
    1.13402677 0.956526458 0.433484197 0.881282687 0.101896286 1.3222363
    0.224894762 0.51473999 0.302269578 -0.0113073587 0.727163196
    1.23903561 1.39002001 -0.623389602 0.0259534717 0.602724493
    0.958579898 0.730512619 0.0158305168 0.354087949 -0.642813146
    -0.514611781 -0.305717766 1.36156535 -0.088963151 -0.50295186
    -0.537058949 0.256822646 1.09247649 0.430458069 0.0612292886
    -0.0938647389 -0.200127661 0.941223741 0.820017934 0.565398455
    0.0736262202 -0.53447479 -0.242935121 0.579994202 1.37259614
    0.278080583 1.45638967 -0.0383084416 -0.198084056 1.00695133
    0.893943548 0.21769768 0.0386944413 0.76140523 1.67309737
    0.863488734 1.00023997 -0.632844865 -0.56815964 1.08532202
    -0.214657217 1.66527057 -0.0440177321 -0.0232465863 -0.544077098
    1.42100859 0.323154211 0.970031559 -0.019769609 -0.3536852
    1.68236613 1.43910694 1.44307709 0.238826156 1.00020385 1.10739326
    0.545022845 0.685612321 1.22967911 -0.580128372 0.743607104
    -0.0584139228 -0.683679163 0.581920743 1.28885293 0.613201022
    1.57107949 -0.432343543 -0.243367851 0.0113564134 0.879300654
    -0.277529776 0.473640859 1.63891745 1.59255147 1.56042778 0.92227751
    1.29532063 0.775909901 0.122391343 0.0430682302 0.537363708
    -0.115897596 1.15228343 -0.340107143 0.778900564 1.10619271
    0.814603567 1.09663248 1.07561028 0.154576421 -0.534347296
    0.18860209 0.499349177 -0.235624611 0.447943151 -0.230735362
    -0.0833489299 -0.589898467 0.883662641 -0.263257146 0.0258342028
    0.0270774364 0.493349791 -0.392266512 0.312017024 1.43167162
    1.30871499 0.414991736 1.25573015 -0.692260683 -0.325859368
    -0.382425457 -0.688433468 0.76260376 0.614557564 1.5364697
    0.695363939 0.970912337 0.162209153 1.55007958 0.1882025
    -0.539681673 -0.49274826 1.54208446 -0.666703224 -0.618125498
    -0.261216104 1.17322791 0.169289649 -0.646252334 0.65571326
    1.18623137 -0.108189881 1.07702458 0.872500181 -0.0961552858
    -0.0372994542 0.435657799 1.20987713 1.26908612 0.442295015
    0.521301329 1.09785724 0.170704603 0.289373279 -0.0155387521
    1.16723239 0.700083077 0.487857342 0.28184396 0.388591111
    -0.466618925 -0.453886479 -0.0730090141 1.73190534 1.46022487
    0.937960744 1.5339613 0.739852667 0.574995697 1.66099966 1.27800345
    0.463720918 1.24339819 0.146972179 1.38341522 0.650202096 1.20415211
    0.579777896 -0.531441748 -0.390823096 0.600445092 0.160729051
    1.01971722 1.37028146 1.47444141 -0.392297924 0.159136534
    -0.669240892 1.32697642 1.48106265 0.709065318 0.353064716
    0.752290249 0.384734392 0.103133023 0.238218009 -0.00859487057
    0.0599344969 -0.298212171 0.666844726 -0.153772712 1.21792841
    -0.390310526 0.0649385452 1.35334635 0.489823163 1.42137027
    1.64032221 -0.567750096 0.200669229 -0.230371505 0.243091941
    1.58375049 -0.314916253 1.01215506 0.106479228 0.0807163119
    1.50563407 1.43035221 1.46666026 1.53653514 1.01185608 0.0735795498
    0.453011155 -0.690622926 -0.708054066 0.134436607 0.512672365
    0.00751125813 1.26238167 0.685133934 0.310346127 -0.647400796
    1.31649256 -0.37251386 0.48939836 -0.489140779 -0.033829093
    1.22717786 0.790149629 0.580690086 0.384048939 -0.400491148
    0.174628139 1.34380674 0.718474925 1.00256991 0.652748942 1.43996692
    1.15447712 0.695878208 1.69817281 1.18295252 1.36789751 0.361733139
    0.318864703 1.71882629 0.141585588 -0.603088379 1.73154759
    0.485470295 -0.338512868 -0.143056691 0.644865394 0.841177404
    0.332035601 0.122867286 1.04311025 0.24527359 1.6866647 1.28804636
    -0.590380549 -0.207309127 -0.290603161 -0.365052432 1.35794306
    1.08302295 1.41050875 0.132858872 1.37566662 -0.4553262 0.917112589
    -0.260018945 0.475337327 -0.672290206 1.20461738 1.45933759
    0.373928964 0.951316357 -0.41019097 0.897208452 -0.347193718
    1.14850032 0.1892187 0.994521201 -0.37923342 1.07997227 1.66070247
    0.28304863 1.39360416 1.31293082 0.832229972 0.922816396 0.148676217
    -0.166443408 0.562715411 -0.18446061 0.224682629 0.201473236
    0.0828358531 0.500280797 0.31609422 0.234398305 -0.620278418
    1.24968028 1.60028088 0.903387189 1.10429573 0.74106586 0.154078245
    1.0672133 1.12234378 -0.441859901 1.46268857 -0.579705715
    -0.296148479 -0.710202992 0.647891283 0.721591592 0.677158594
    0.603572249 0.523317933 0.166658342 1.37728715 -0.066547215
    0.272355855 0.161066234 1.43081725 0.643434584 1.12225044 1.53000712
    -0.15944767 -0.427688748 1.28743219 -0.286069453 -0.486771822
    0.915982246 0.794838488 1.63218188 -0.335227132 0.197484493
    -0.388334751 1.4292804 1.08152282 -0.486109793 1.30770755
    0.359949589 1.7022661 1.00265217 -0.572950065 1.64524066 1.37861109
    -0.131128788 0.900712788 -0.556923985 -0.455006957 0.818034828
    0.747769713 0.484288573 1.17177808 0.512299478 0.124713898
    1.52853954 -0.185095727 0.0775083303 -0.313095033 -0.607094049
    -0.517950118 0.245950222 0.230463326 1.01957297 0.312374532
    1.03672063 -0.441152453 -0.537982106 -0.129524529 0.745293379
    0.167204976 -0.0283575654 0.128711343 0.0830311775 -0.256119609
    -0.17051053 1.12727034 0.145987451 1.08242524 -0.618954003
    0.717581987 1.17916107 0.559922934 1.05235052 0.38392365 0.497271419
    -0.0128462315 0.0789670944 -0.0182832479 0.862356484 0.760769069
    -0.317954719 -0.0554885864 0.254850149 1.08695471 0.061609149
    0.409105539 0.140342832 0.182006657 0.0272673965 1.03378797
    0.647742689 1.36000907 1.32759082 0.831132889 0.536975563 1.13074505
    1.26451623 0.534748018 1.64059711 1.33754134 1.55112886 -0.363073707
    1.47825015 -0.250996649 1.29165792 1.04271293 -0.184621215
    -0.275906563 1.18921936 -0.403826118 0.251319647 0.635576844
    1.61698008 -0.368742764 0.0450205803 1.67461395 0.281868756
    1.45976734 1.55754292 -0.386713713 1.43561673 -0.447567165
    1.02558446 1.33618951 -0.349127412 -0.459100217 0.00474780798
    0.4603585 1.31842518 1.52728391 1.26725245 -0.55979377 -0.0505496264
    1.5671382 -0.60972327 -0.638695538 1.41904712 1.4025358 -0.428505808
    1.32248282 0.442754984 0.760418177 -0.477629542 1.63981724
    0.675560892 -0.010379374 0.977974117 0.937099576 1.04330826
    0.387033701 0.190181732 0.546944261 -0.379911155 0.349057138
    -0.142145216 0.804390252 -0.440181851 0.092479229 0.0744965076
    1.43128085 1.41268182 -0.210350215 0.714962959 1.25257611
    -0.701282442 0.0884429812 0.898230195 -0.150775492 -0.182014048
    0.637345612 1.56525815 0.251671314 -0.106704891 1.54267716
    -0.587160468 0.547432721 0.943093538 0.198944509 1.41141319
    1.44017076 -0.0600374341 -0.314576924 0.0169358253 0.847541213
    0.854876459 0.0467373133 -0.414027274 0.287956536 1.66481876
    0.521236598 1.57464623 1.12320828 -0.33312732 0.703608215
    -0.397971809 0.713701725 -0.19403109 1.35770321 1.21386337
    -0.373780578 1.5215857 0.463207543 0.836835027 1.36888933
    -0.0510020256 0.266288102 1.51817822 0.0137917399 -0.311531246
    0.361563385 1.40530825 0.992685378 1.0844959 -0.202955902 1.45937872
    0.217565298 1.42119861 0.522281528 -0.387225449 1.13589001
    0.363012671 0.617543697 0.205386817 0.0654159188 0.743690014
    -0.00127321482 1.00370765 -0.191577733 0.836557627 1.4359889
    0.314725399 1.08339179 0.526950896 0.0704788566 0.366158962
    0.00637191534 0.225965381 -0.280998528 0.787792325 0.164585114
    1.12005758 -0.260143697 0.962406576 -0.305773437 -0.00838530064
    0.884361506 0.857335627 1.39894915 0.947575152 0.219033003
    0.0924733281 1.39043164 1.54518306 -0.0957953334 0.32135427
    1.09214818 -0.0247451663 0.203670979 -0.581883669 1.53736186
    1.6255362 0.372787833 1.05301356 -0.262838244 0.225867808 1.53268385
    0.40807724 -0.288171917 0.275130093 0.803610384 -0.622427106
    1.45459867 0.0272518992 0.637502432 0.578871012 0.509592712
    0.710601389 1.28075504 0.518054068 -0.141425312 0.605994642
    -0.074549973 1.63117707 0.510929883 0.948607624 1.4301188
    -0.149961412 1.45422482 -0.661186457 -0.0623596907 1.17670345
    0.258857965 0.611801267 1.65886569 -0.186279297 0.729420245
    -0.314320385 0.405934334 -0.559998512 -0.0722275376 1.00934768
    1.07025266 0.976346433 0.0927305818 -0.207262516 0.799457908
    1.33484185 0.306956589 1.5531317 1.53739774 0.238531113
    -0.0442329645 0.0802006721 0.00945770741 -0.585868537 -0.631575167
    -0.0073313117 0.483966649 0.972077608 1.68323123 -0.423886031
    0.300838888 1.18599415 0.0623330474 0.760691702 0.0258572102
    -0.577908397 0.536972046 -0.582688212 0.142846227 -0.481313467
    0.418461025 0.431478262 0.639555335 0.274664283 0.65132755
    0.31561029 -0.56464839 0.70572865 0.239518821 0.26079005 1.17748857
    1.56227279 0.390050888 0.233101189 -0.152089238 0.0716024637
    -0.50100404 1.22013068 -0.50416708 0.680787802 -0.0312407017
    0.84732759 0.706888676 1.59011698 1.40409088 0.0371822715
    0.208756328 1.6040597 -0.13184005 1.52508891 -0.609357059
    0.856719553 0.78412658 0.765124083 1.0895021 -0.265046865
    0.206938624 0.667540669 -0.221852392 0.26590234 0.869521439
    -0.492391348 0.0710706711 0.168367147 -0.179598987 0.679670095
    0.40714246 0.165831864 -0.603184819 0.889774024 1.31910992
    -0.131501615 0.998253644 1.23731685 -0.391051501 1.45465577
    1.65930676 -0.695400238 0.524105072 1.04308128 0.96464932
    -0.199505955 -0.369268119 1.52601576 -0.286397189 0.408978522
    -0.0428218246 -0.223216802 1.27072334 1.60639071 0.695571005
    0.0527384877 1.283373 -0.0342749357 1.60861778 1.08920288 1.30123448
    1.18294942 0.597731113 -0.245654196 1.10503626 0.4112553 1.20652509
    -0.621639252 -0.368990481 0.413905382 0.688941896 0.225722373
    1.3851769 0.710294485 0.989174783 -0.420963198 0.529292047
    -0.18018049 -0.412207872 -0.508293033 1.55144322 0.184889913
    0.304228365 -0.700934291 -0.490889966 1.00779486 0.457298934
    0.335479498 1.05867028 -0.329995006 1.69862366 -0.645806074
    1.13050628 -0.56013447 -0.587776423 1.65641904 1.55388355
    -0.295589745 1.32221174 -0.435554594 0.802970409 -0.447461396
    -0.635111272 1.68613899 0.165356278 0.0738834143 -0.225123554
    1.48373151 1.58795559 1.00102055 0.581766784 -0.650139868 1.50195026
    -0.079459548 1.44366717 0.282278895 -0.609583974 -0.102083027
    0.607397437 0.246414781 -0.478874981 -0.220562935 1.59194136
    0.497709811 0.0842939615 -0.562458992 0.545893312 -0.249206811
    1.092839 -0.21942997 0.907864571 -0.300507486 1.5442673 0.70872879
    0.401820421 0.411516666 1.23970199 1.13735414 1.58625901 0.7949242
    0.526693761 1.20682919 0.279511809 0.69791162 0.260329247
    -0.40428108 0.923974335 1.55172789 1.10160279 -0.261231959
    -0.40745154 -0.0585702062 0.940156281 1.289222 1.4940691 -0.43010965
    0.866522312 1.44902074 0.073472321 0.694387913 0.112746775
    1.34952354 1.41470182 0.252871513 0.0388869047 -0.476808995
    -0.461634099 -0.0166695118 -0.328316897 -0.323226035 1.44819784
    0.673537135 1.22722888 -0.0176268816 0.760986805 1.29474378
    1.46255171 -0.607587636 1.16738939 -0.323814899 -0.503810883
    1.41664505 -0.0299797058 1.31866896 0.302244365 0.753979564
    -0.496626467 0.10156101 -0.148642123 0.773724139 1.16631401
    -0.208480388 1.31011069 0.446707368 -0.111178756 1.20204377
    1.27081823 1.06272078 1.11263895 1.42923009 1.25972199 1.48358333
    0.658894598 -0.207795918 1.62156725 -0.148927927 1.07704306
    1.35524213 0.0831494331 -0.427676201 0.563378692 0.555695117
    0.305618644 -0.0259059668 -0.413820386 0.166238844 0.401075125
    0.144869387 1.24739861 -0.215714246 0.898181915 0.0406255126
    -0.665051699 1.4845705 0.254113913 0.462620854 0.591869712
    0.0164911747 -0.149058819 1.03227568 0.393796206 -0.241275847
    0.93140918 0.930982113 1.61809015 0.977532268 0.980041862
    0.133712173 0.249837875 -0.216098368 1.56422698 -0.0511853695
    -0.20388338 0.438748538 -0.381971478 1.33464074 -0.614937484
    0.0581438541 1.6826427 0.0368974805 -0.0142580867 0.72866708
    1.47842848 -0.395893425 1.14775872 1.2299403 1.45073664 0.386751056
    1.75512958 1.34426427 1.94775546 0.609645009 1.02849841 0.362307101
    1.77284622 0.317569911 0.274183869 -0.00496846437 1.16325212
    0.454089344 0.19225508 1.35422492 -0.387724251 0.947843254
    1.43490672 0.68848443 -0.366621435 0.861329317 -0.0347386599
    -0.326223165 -0.64045459 -0.209944785 1.17511296 -0.0844721198
    0.203134596 -0.391084731 1.23379803 1.60275626 1.42247748 1.65695739
    1.29926538 0.836090803 -0.575827479 0.606535196 0.449069023
    1.03316212 -0.579431057 0.0658311844 1.16425943 0.544880867
    -0.2765598 1.08439589 1.44400644 0.640292048 0.565097988 0.537650585
    0.213603199 -0.0151900053 1.16027951 0.515077353 1.18650353
    -0.694497824 -0.187397003 0.144606709 -0.686489105 0.861018598
    0.268324673 0.074416399 1.20380056 -0.479062259 0.163635969
    0.933392882 0.45774579 0.808445811 1.52688622 1.46356559
    -0.0161336064 -0.096522212 1.52592063 -0.537565649 0.861626387
    -0.226696372 -0.368771464 0.103630126 1.07587552 1.06797075
    -0.461292624 -0.0439245105 0.410038948 0.763406038 0.426458716
    0.403031886 0.841386855 -0.657089353 0.902473092 0.286159635
    0.806159556 0.0273410082 -0.509111404 -0.116020381 0.393961132
    1.5878675 0.849373817 -0.271335989 0.021805048 -0.211877882
    0.980501831 1.07106876 1.35548341 1.17163086 0.171717048
    -0.297957182 -0.63820231 1.37700486 1.36457312 0.645292222
    1.16822124 -0.445746809 -0.656137288 0.281041563 1.54914093
    1.70327711 0.650953054 0.417280674 1.01674581 -0.704327941
    0.464384437 -0.197227538 0.621118605 1.17670631 -0.292313248
    0.917757273 0.392357111 1.54374838 1.40252912 -0.305248439
    1.27084851 -0.308901072 1.30373359 -0.551648855 -0.6047104
    0.959081292 0.290195227 0.0419105887 0.845093548 -0.067802608
    1.38904297 0.316147268 1.65971422 0.462223351 1.09082794 0.286561072
    0.922684252 -0.11184448 -0.198954672 -0.559770703 0.84766084
    -0.347301066 -0.0132250786 1.05727124 0.164178073 -0.667362452
    -0.513226151 1.49430537 1.0430187 0.570500016 0.321899891 1.31512952
    -0.598280787 0.72984165 1.64587641 1.6423974 0.912880421 -0.12547034
    0.340459585 0.238610208 0.632951915 -0.269212216 0.353013754
    0.411220908 1.65272868 0.647004724 0.683548093 0.513904631
    -0.217758477 1.11483538 -0.323280275 0.81962353 1.22553921
    0.933797956 -0.309289336 -0.547232985 0.556549132 1.44385409
    0.472627878 -0.240598798 0.0949883461 0.385457695 0.273114383
    -0.0352988243 0.127396345 1.2869904 -0.380395859 -0.3964836
    -0.390184164 -0.141441047 0.719725072 1.32220733 1.11733031
    -0.12842381 -0.456737608 0.585913956 0.402784526 -0.624104798
    0.21110791 1.11646557 -0.52392143 1.49355996 -0.259346694
    0.482457399 -0.432538331 0.457952619 0.0627974272 -0.607281864
    1.7085079 0.54160738 1.33263195 -0.478120893 0.549228787
    -0.197764546 0.430160403 0.233379364 -0.00246912241 -0.219686389
    1.3335588 0.875386536 -0.19204998 -0.0288131833 0.292179108
    -0.417268515 0.766900301 -0.0757427812 0.882006228 1.69054151
    -0.582851112 1.64069772 0.687676787 -0.0171123147 0.451338649
    1.69499254 0.318776608 1.34815812 0.468544304 -0.0276376009
    0.0473313928 -0.689548254 0.777821183 1.05957794 1.52653491
    -0.547134221 -0.579250455 0.276544213 0.893253028 -0.563987911
    1.45724928 0.856314182 1.04216576 1.64882421 0.666764796 0.97215569
    1.34573317 -0.289865404 0.102983892 0.629909694 0.992856979
    0.0707384348 0.852313042 1.51174486 1.08673739 0.0954591632
    1.10667229 0.841470599 -0.288233459 0.643706501 -0.0699918866
    1.57001424 1.21596897 -0.436125576 1.19829464 0.703205645
    -0.691414714 1.07591963 -0.00384807587 0.798590183 -0.666599989
    0.648316681 0.737383962 0.0623131394 -0.2464737 1.47285295
    1.38937163 -0.405788183 0.293537617 0.994863212 0.59822917
    0.841571808 0.20158422 0.18238014 0.489384353 0.208339393
    -0.0118302703 0.523376107 -0.0629600286 -0.463853925 -0.194666564
    1.0511446 1.29336679 0.620777488 0.636906564 0.697364748
    -0.330951959 0.326521575 1.02605033 0.697660208 0.0356740952
    -0.230920017 0.772627413 1.01886702 -0.264060616 0.780586123
    0.508229017 0.0515398383 1.34558368 -0.169572055 -0.425461829
    0.419295788 0.249265552 1.48646426 0.403248787 -0.0950943232
    0.304795921 1.59679151 0.668263972 0.907241583 -0.341559976
    0.0739645958 -0.594870865 -0.077660501 0.500201702 0.36713171
    0.785946727 0.148679852 0.00265729427 0.268932819 -0.289641172
    0.999303102 -0.629105449 -0.336370617 0.257067025 0.151438117
    1.45356369 0.74137032 -0.0696446896 0.647011757 0.589494407
    -0.0605617166 1.07969737 0.165363312 -0.0516176224 1.09374499
    1.47094321 0.118600667 -0.292603582 -0.0362870693 0.0278363824
    0.99173671 1.70591736 -0.596637607 1.57890761 -0.26550585
    -0.483968884 0.129741967 0.252780378 1.19599271 1.57931256
    -0.487452358 1.24965084 -0.485767156 0.743589163 1.12728596
    1.48360109 -0.0444040298 -0.0638319254 0.010294795 -0.563603282
    1.15817308 -0.213032901 0.493564844 0.022732079 0.851074457
    1.32509089 1.33339429 0.940258741 -0.517387033 0.735534608
    1.71841359 1.47969556 0.753804147 0.503861487 0.653263569
    0.489674091 0.845601797 0.910893679 -0.389026433 0.816723764
    -0.157356381 -0.525116205 0.0626508594 1.60242844 0.948467135
    0.161570787 0.483059287 0.10244602 -0.514572561 -0.185539782
    -0.667743802 1.47758722 -0.608065248 -0.412759125 1.11786008
    0.00501430035 -0.699660122 1.28510714 0.100072384 0.777580798
    -0.516847134 -0.129202962 0.503935099 0.373529971 0.147346199
    -0.199176192 0.583105922 1.55320621 0.961617231 0.610223055
    1.6296097 0.0560749173 0.988214314 0.143206358 1.45767927
    0.838539183 1.4858346 0.756032109 0.378301263 -0.178799927
    0.015593946 1.40969443 1.03490067 0.378886938 -0.180067062
    0.305043995 1.51312089 1.31346691 0.940498173 1.19586754 1.37505674
    0.1031304 0.14601779 1.04406881 -0.206623971 0.869993329 0.261422396
    -0.49447915 -0.529805779 0.596276283 1.27179193 -0.65691179
    1.53891683 0.856522679 -0.50614959 0.0805823207 0.778002679
    1.36449313 1.41924334 1.57440817 -0.613083303 0.178214371 1.3799901
    -0.631457627 -0.45594731 1.64368725 -0.244751215 1.32770944
    -0.173658431 -0.566735387 1.65412593 -0.307465374 -0.482316256
    -0.128818393 0.0326007009 0.984549642 -0.136911213 -0.53421545
    0.655932426 1.48917699 0.544691801 1.50243926 0.54016459 0.59089601
    0.351269722 0.416632771 0.258266628 1.39488745 0.0335289836
    -0.483219624 1.03912687 -0.30304876 1.68532085 1.4724052
    -0.084575206 1.52010417 0.749832511 0.0442607403 0.527160883
    1.31788421 1.23879468 1.14178705 0.788463473 0.29254806 1.46509337
    1.22076654 1.35377276 -0.0951034427 -0.720477641 0.372494042
    1.04750872 -0.693651617 1.58143342 1.1040504 0.383203447
    -0.650486469 0.0233361721 1.1667136 -0.0477713346 -0.621098101
    -0.417930216 -0.392325133 0.490271628 1.46122718 0.691005051
    0.63602525 0.329103947 1.65115964 0.829099655 -0.685978353
    1.23479414 0.408924282 1.23954272 0.1846264 0.719304204 0.514342248
    1.5668776 -0.570569754 1.48740411 -0.0796902776 1.63950086
    -0.375603765 1.4750669 1.28590012 0.512429059 -0.533891678
    0.017285049 0.934825182 1.61121154 0.685618699 -0.268647909
    0.981986642 1.01364923 1.22245955 1.67687345 0.855003238
    -0.607772946 0.0344417095 -0.586579323 0.356895089 -0.535830975
    -0.0825070739 0.615486085 1.67768073 1.538095 -0.435890257
    1.47367096 0.43993324 0.847082198 -0.39751339 -0.107649207
    1.09092069 -0.496342152 0.0939167142 -0.262728244 0.819320738
    0.0860925913 1.69090331 -0.133533955 0.69427973 0.112550259
    -0.254917562 -0.526824474 0.81662339 0.44881928 -0.119375348
    -0.296511531 1.28842211 -0.54456073 -0.595413089 0.746169746
    -0.516931355 1.58395183 -0.255668163 1.00853252 0.9571805 1.67852354
    0.133548677 0.496348977 0.602674246 0.309355974 -0.277685702
    1.70370126 -0.35719946 0.744588792 -0.0794410706 0.731752515
    0.632535338 0.825393081 0.814100862 -0.374183238 0.198169827
    0.428893983 0.327283621 1.52339339 -0.445732743 1.38956213
    -0.539685726 1.02841997 0.694815934 0.35097903 1.66672671 0.56355238
    0.889102101 0.457152247 -0.63676554 -0.106082797 1.36074615
    -0.417872131 -0.170416713 1.5551908 0.247968614 0.588196993
    0.828452647 1.61579025 0.475304484 1.01010513 0.779332221
    0.576161325 -0.303691864 -0.10793066 0.402243674 1.55622959
    0.00800263882 1.68822765 -0.40439859 0.810634553 -0.488030285
    -0.199748278 1.32394373 1.46273613 1.59421253 0.409472466
    0.307645559 -0.675238252 -0.535228252 1.42226934 0.00156879425
    0.364524901 -0.029269278 1.14613414 -0.564859986 0.655632675
    1.12321794 -0.277181953 -0.1604653 0.250185192 1.4084723
    -0.375732601 0.482301593 -0.120786011 0.71906656 -0.338980138
    -0.729649484 1.54826856 0.037828207 1.17778146 0.142423391
    0.811023295 -0.517959118 0.290390134 0.819916427 -0.28481698
    0.334808052 0.732987821 0.600818396 -0.567525983 -0.566521823
    -0.158056617 0.82883215 -0.471377164 -0.568928003 -0.687319636
    1.44706726 -0.587794125 0.562001109 0.694892764 1.37712908
    0.649925768 1.37485814 1.18105149 1.30114102 1.57919145 1.67525721
    1.31545162 -0.344718605 0.905966103 -0.495080292 0.714800358
    -0.58541131 -0.44737789 1.47602057 0.857860446 0.109960735
    -0.326319218 0.482313931 0.873416543 0.249453723 0.0648833513
    0.557083189 0.98623234 -0.0252074599 1.70469522 1.61633372
    1.25184166 -0.588365614 1.28026152 1.54282475 0.534537971
    0.808909595 -0.236391157 -0.161030471 0.223954737 1.61138749
    -0.48444277 0.856956363 1.20082486 1.18678856 0.913861871
    0.653022587 0.964326322 -0.482785463 0.211183369 0.503110826
    0.587209225 0.959418893 1.08877099 1.37503433 1.2160331 0.141119003
    0.463201642 0.228846729 0.686362982 0.646698475 -0.0662545562
    1.33453965 0.940876842 1.23985267 0.662275314 -0.394704789
    1.52789688 0.962167799 1.06742787 -0.302341163 -0.488467991
    1.22166681 0.246748805 1.16583931 0.918660045 0.619627178 1.30575323
    0.737781465 0.869559228 -0.694564104 1.56169248 1.56643403
    -0.574800193 0.735671818 -0.394508928 0.0516514778 1.03471339
    -0.4836694 1.09664345 0.032830894 1.62103057 -0.504050851 1.07129693
    -0.563108206 0.651559651 1.16579676 1.32407069 0.632073343
    0.994720578 -0.487373531 -0.180892587 0.765637636 -0.334665567
    0.85137701 0.0177055001 -0.696363509 -0.597031653 0.794485152
    1.16923904 -0.16916573 1.23579884 1.2810266 0.747606277
    -0.0789708495 -0.359561861 -0.32354784 0.254223347 0.725566983
    1.31091154 -0.310133159 1.14363241 0.713214874 1.08528733 1.44183171
    0.591350794 -0.026979804 1.63875628 1.70063066 -0.617544293
    1.17806816 0.266699135 0.0369640589 -0.604656875 1.14348996
    1.6085043 1.20619321 -0.412516564 1.21130526 -0.381065607
    0.324689329 0.867004693 0.357876182 0.353681624 0.839883864
    -0.236295521 -0.200768352 1.03997421 0.553165972 1.22931635
    1.51741886 0.555080116 1.18335271 -0.498198986 1.19040012
    0.270745933 0.523915887 0.229706287 -0.198426962 1.20332325
    0.879107654 -0.445286125 0.179005086 -0.179957867 1.44715643
    1.5537895 -0.632406116 0.186653852 0.647860169 1.64383268 1.03463221
    -0.260764688 0.762598515 1.2364918 -0.235419631 -0.388026237
    0.367524385 -0.177876592 0.404744446 -0.0857550502 1.29228497
    0.343033433 0.0784702301 0.357037246 0.431225777 0.576041281
    -0.498420894 0.219570577 0.00306594372 0.324624956 1.16734219
    1.18195546 0.00548064709 0.0742985606 0.52377665 0.294270575
    0.794494867 0.868507028 0.794701397 0.0366206169 0.351409853
    -0.272308141 0.403791368 -0.106132269 1.28660178 -0.315193325
    -0.654874563 0.907951057 -0.43974489 -0.140905797 0.723037422
    0.395479262 1.07488608 -0.661657095 0.97249794 1.20165551
    0.621443152 0.544840395 1.55413842 0.809930146 0.619452953
    0.768280208 -0.314782172 1.21375489 -0.532673836 0.482288003
    0.153331041 0.368994296 0.916112006 0.681173861 0.462581575
    0.690098047 1.29878473 -0.528720498 0.589082301 -0.584458888
    1.46039712 -0.000552415848 0.0872783661 0.53663367 1.23492086
    1.09540153 0.337295711 -0.0415326953 1.09723258 1.24876773
    0.137091041 0.607070804 0.169555008 0.413619757 0.486168921
    0.670118213 -0.440917611 0.710349679 1.37176251 0.85008353
    0.347506523 1.48998868 -0.599545121 1.19930887 0.672831953
    1.03484869 1.53377008 0.27113992 1.28417778 1.05675507 -0.103895545
    0.510651469 0.257395208 -0.482247591 1.44355428 1.16072512
    0.552128494 1.5608809 0.492092431 1.31238699 1.06323433 0.320027471
    1.30344057 0.507551193 1.39766228 -0.661981285 0.886922061
    0.53932035 0.757645667 1.17157543 0.375383019 1.13100171 1.64846873
    -0.173127174 1.10285234 -0.116710782 0.242037356 0.901401043
    0.529211998 0.860892653 0.939284921 0.305488706 0.853363335
    0.6350106 1.51188517 0.697344065 -0.667177916 0.270301282
    0.247456014 1.23516703 0.307038367 -0.538320065 0.0526571274
    -0.079239428 0.987134218 -0.239775419 0.743965864 1.54075229
    0.670126438 0.997391224 -0.131218225 0.666285872 0.5562222
    0.513805151 1.55676854 0.385025144 0.0514836907 1.30604053
    1.42657709 1.10827899 -0.489264458 -0.137170672 1.36016488
    0.402501464 1.67640841 0.718055844 -0.711143196 0.622419894
    -0.635665357 1.27739787 1.25182247 -0.159403741 -0.429159999
    1.53437889 0.230000913 0.122648716 0.829262793 0.721198022
    1.04279542 -0.286525905 -0.0675433874 -0.0178407431 -0.115752757
    1.44104838 1.24040127 1.37580752 -0.0854007006 0.717501998
    1.35334074 1.12722349 0.842090845 0.111684799 0.465683222 1.39548767
    1.12615836 0.759706855 0.226584852 0.953166962 0.119071841
    1.01581717 -0.624822021 0.369933307 1.43520737 0.402531743
    -0.159153044 0.875953138 1.05554628 0.903425038 1.42396355
    0.680119991 -0.678385437 -0.312985092 -0.33895427 1.3524611
    1.56664205 1.12275434 0.0172736049 -0.0790861845 0.632028937
    0.133104444 0.622355103 -0.282588243 0.637407601 0.834634006
    0.799741685 0.01361233 0.458323181 0.916828036 1.52650476 1.60260963
    1.62898958 -0.551975727 1.24917698 0.555377305 -0.251710653
    0.607544005 1.14453852 -0.526858628 -0.118214726 0.899707556
    1.03306353 -0.280408144 0.913364828 -0.410924822 0.145076215
    0.481030285 -0.518909574 -0.178310335 1.21110439 0.16591239
    1.7078774 0.196337819 1.47372222 0.141527236 0.564632952 0.635021865
    0.0356894732 0.962629914 1.58993375 0.676074982 1.69552374
    1.25732601 -0.203710914 -0.645320296 1.00760007 0.0790131092
    0.704030693 0.0306266546 0.166362226 0.311806023 -0.656168699
    0.41744256 0.719963074 1.24039221 0.168712616 0.856390297
    0.00544136763 0.587868631 1.16733301 1.16452813 0.411327779
    1.46434772 1.58678949 1.55915785 -0.275400966 0.816671789
    -0.413867533 -0.621496677 0.525711954 1.04531598 0.0921511054
    0.310760319 0.979330897 -0.108209193 1.59207213 1.1390388
    -0.509387493 -0.268468469 -0.203671664 1.15599966 0.616990089
    -0.656791568 1.31583464 0.950831771 0.528279066 0.381511033
    1.68930507 1.5194521 1.34398317 0.587811708 -0.0210826993
    0.591615021 0.361931205 0.28968811 0.780610979 1.02260828
    0.123093247 1.48635101 0.0872445703 1.65531278 0.511350214
    0.0227245688 -0.691519558 1.28583789 -0.581465244 0.0256788731
    0.38049835 0.930793226 0.0384514332 1.63194013 0.695172727
    1.51298487 0.477589011 0.575099885 0.256531537 -0.382855415
    0.0331276655 0.964630663 0.830050111 0.302865863 0.0782961249
    0.393762589 1.47463703 0.535133481 0.550722182 -0.620697081
    -0.42596072 -0.135745406 -0.500949025 1.59013259 -0.63157475
    0.881818891 -0.545407832 1.47724891 1.11686182 1.6421231 1.19965076
    0.149864733 1.48945224 0.511003077 0.961552441 -0.499041289
    1.57731545 -0.659252644 1.21951783 -0.252282321 0.313637018
    0.391531706 1.22059524 0.097910881 -0.0552554727 0.818175793
    1.63082516 -0.167770743 -0.122226954 0.596320629 1.5717423
    -0.138416708 -0.451189756 0.564762056 0.773581147 1.16233897
    1.0541631 1.39221084 -0.0178930163 0.730592728 0.963840544
    1.30588341 0.252875388 0.720099449 0.932143033 1.50378788
    -0.0271013975 0.0233625174 -0.0914614201 -0.0132121444 -0.509172559
    0.383623302 1.018224 0.454130411 1.48032737 0.113215148 0.0215734839
    0.796075463 0.861331344 0.787558198 -0.203753069 0.205538958
    0.854330897 1.4183023 0.551158607 1.24885392 -0.427597493
    0.836907506 -0.511974692 1.4559828 1.00408995 0.511897445 1.58172107
    0.571912825 0.400178254 0.939111412 0.740773797 0.30629015
    1.67385626 1.21961045 1.49183035 1.10926795 -0.602551639 0.150910497
    -0.665591121 1.10076964 0.677170455 1.50355697 -0.194542646
    -0.424530149 0.681004286 1.50648987 0.967603087 0.903303564
    1.27906346 0.134668767 0.00293296576 -0.519759297 0.571148217
    -0.49450469 0.786484361 1.08402848 0.910309315 -0.455187678
    0.520832956 1.07762325 -0.666573822 1.04070091 1.60692394
    -0.577364564 1.63404465 -0.118733168 0.0491251945 1.30369461
    -0.334764391 0.261893392 -0.238269806 0.705620348 -0.0673905611
    -0.551413715 0.904613376 -0.21186316 0.181681395 0.658081412
    -0.0526400208 1.57220578 0.496255994 0.0939043164 -0.408667445
    0.259606898 0.833703518 1.64559031 1.33891153 1.24846005 1.36585808
    1.65041327 0.427128196 1.1222477 1.34197831 1.24491477 -0.437939972
    1.54748833 0.75514394 -0.414598256 -0.00112146139 1.39968514
    0.554758251 -0.317930996 1.6268723 0.273918748 -0.0172036886
    0.156235218 0.237599969 -0.563971817 -0.496151537 -0.0577508211
    1.64617133 0.871487319 1.31437802 0.450853288 0.0135147572
    -0.38726896 -0.45378834 -0.252630621 -0.148756146 0.186669111
    1.01351595 0.0109609365 0.547441244 -0.0306293964 -0.599626839
    1.46895242 0.370101929 1.52389407 -0.613721192 -0.481441706
    0.26559037 1.49365091 1.07949996 1.26594472 1.49188745 0.182211518
    1.37945676 0.356732726 1.52488017 1.47170329 0.715439439
    -0.502096057 -0.389063329 -0.48377493 1.09374869 0.146707773
    0.610787511 0.753229082 -0.576740444 0.788857341 0.84388721
    0.826679766 -0.0554828048 -0.567034662 1.33732343 -0.146722496
    -0.477381945 1.38383818 0.872273266 1.698843 0.845573664 1.54965234
    0.339640319 -0.57052207 -0.188090682 0.124373913 0.292589486
    -0.179828465 1.28495574 0.143597543 -0.0413241386 1.36118865
    0.126949191 0.535524786 0.270468473 -0.118041337 0.732280016
    0.0931445956 0.697706044 0.780994177 1.58363724 0.591712892
    1.21473885 0.930586755 0.685008705 0.623287201 0.603224874
    -0.422793448 1.64493227 1.56393313 0.404390097 -0.311680198
    1.22687078 -0.346770763 1.54338622 0.419449449 0.0481514931
    0.371891737 1.07186842 0.272405386 1.20165098 -0.614269972
    -0.373345554 -0.46116972 -0.0530339479 -0.0849175453 1.27234828
    0.822036624 -0.600259542 0.557423353 1.50459957 0.940237999
    1.00637341 0.853004038 1.64385653 1.38771653 0.878370881
    -0.0562182665 -0.61040771 -0.651205957 1.45733237 -0.592374563
    0.150630295 0.593518376 -0.344278187 0.0459250212 0.404824018
    -0.417472661 0.679071724 0.161478162 0.997162938 0.954968572
    0.874760032 -0.21416536 -0.173615336 1.34346318 -0.567890227
    1.22945023 1.58509088 -0.00475287437 0.911488891 -0.28310746
    1.5446223 -0.100964308 -0.14901644 0.622049749 1.26252139
    -0.570703149 0.687615395 0.648626447 1.36866379 -0.192638814
    1.66097903 0.379449606 -0.0964362621 0.968297362 1.06714439
    -0.503222108 0.283946812 0.644589424 0.195628166 -0.649957776
    0.241174638 -0.0429571867 1.25439095 1.35676146 1.25143206
    -0.317620456 -0.446644008 0.364443868 1.22843516 0.551784039
    -0.0474989414 1.83532453 -0.352193087 1.70132852 0.473751187
    0.548241377 0.19036299 -0.599921882 0.593665481 0.864858687
    -0.273900241 0.492629826 1.18903017 0.812442601 1.64052606
    1.24810553 1.37574244 1.30147016 -0.155178607 0.0326372385
    1.20135736 1.4216677 -0.180788577 1.67256594 0.584737659 1.25147331
    0.0319278836 1.66140389 0.470301151 0.553901911 -0.455191255
    -0.638979971 -0.363235831 1.55323005 -0.63168025 -0.246083975
    -0.415594935 1.06399941 1.355515 1.24730062 0.254571199 -0.648444295
    -0.318440497 0.72173655 -0.0206695199 0.29528141 0.984407961
    1.33614755 -0.291146278 1.43802118 1.60364091 1.23909914 0.145417511
    0.422048569 0.91234535 0.228542686 1.38365126 -0.0161401033
    -0.098682642 -0.19210881 0.20013541 0.377295792 1.48301876
    0.261745214 0.335303128 -0.657373369 1.47107649 1.34792185
    0.313190818 1.62721562 0.934987366 0.711812973 1.68280482
    -0.0126078129 1.42523742 0.871697485 0.82100296 0.871201158
    -0.439899057 1.50469291 0.162949085 1.33665276 -0.0836005807
    1.15843451 1.31815183 1.33326411 0.484200478 1.44098091 1.71504688
    1.42777896 0.187798619 1.68273294 -0.0790213943 0.360990524
    -0.585086167 -0.427774817 1.08817601 -0.309158534 0.896731734
    0.511385322 1.39846539 0.953334093 -0.266139954 1.27137399
    -0.635607302 -0.358049721 1.55927169 1.06517756 1.38318324
    0.312615275 1.53334975 1.70146763 0.357769608 0.626856208
    -0.524819314 0.0977314115 -0.227988362 1.29711366 1.5622735
    1.52643991 0.411505878 1.51613879 0.805156589 0.167529225
    0.728350341 0.697080791 -0.11451447 1.35597217 -0.534141064
    1.6229552 -0.101605415 -0.100332499 1.44741321 0.0636504292
    -0.338672906 0.335056186 -0.543945968 0.383238077 0.516569018
    0.412056208 0.729695678 -0.610858262 0.124601662 0.455587804
    -0.425996006 0.739571214 1.22743893 0.714550555 -0.0645519495
    1.30047584 1.04375708 -0.362191141 0.394315362 1.18086946
    0.276155472 0.342013955 0.916647077 0.844702423 0.370156348
    0.61905098 0.380753458 -0.497706503 1.66841984 -0.215022355
    1.34673846 -0.254779726 1.63200998 -0.488170266 0.278220057
    1.04452181 1.31907547 1.46023059 0.161699593 0.951798499 0.468326747
    -0.612823486 1.67519236 1.649333 0.50677973 -0.644546449 1.07351303
    1.25156271 0.764163494 1.26491058 1.64372683 0.283719361 1.41978788
    1.2691195 0.507586658 1.01609945 1.65137601 0.269863069 -0.673696876
    1.11153841 0.686987519 0.438269734 -0.158919156 0.753059983
    0.324463308 1.54441273 0.602124631 0.88269788 1.65170836 1.05155683
    0.757223487 1.35832477 0.772221863 1.14535034 -0.412296057
    1.42348504 0.777902424 0.0739805102 0.226721585 0.32030952
    0.0449823737 -0.437196553 1.3211869 0.347102761 1.23549163
    -0.231931388 0.94246012 1.21931458 1.03836799 1.35146213
    -0.0938472152 0.234851182 0.773937941 0.219081819 -0.0436823368
    1.64604783 1.132236 1.31709647 0.213648379 1.1819222 1.17357707
    -0.128966928 1.19559598 1.19198513 -0.391811967 1.58857179
    0.208423257 0.509035945 1.10153151 1.5297966 0.769827247 -0.37525174
    0.775432408 0.946596086 0.69984293 0.848491549 -0.382148832
    1.35253024 0.220157146 1.58342457 1.69281983 0.171548188 1.54732132
    0.490179002 -0.471114099 1.52209163 -0.192731798 1.30588412
    1.55600929 1.64438462 1.45136523 0.0989766717 0.225148201
    -0.601294041 -0.109191358 -0.604858816 0.676382899 0.402599096
    1.03342438 0.876888454 -0.588608503 -0.669807076 1.22191119
    -0.182929516 -0.216770709 1.2629714 -0.388345718 1.18463421
    0.329739034 1.22766101 0.883565485 -0.302324593 -0.345116884
    0.756706178 -0.323278219 0.658468485 0.865560472 -0.520454407
    -0.654323161 0.204966664 0.590913534 1.21282148 1.60291493
    1.36161613 0.164067507 1.36274028 0.0997077823 -0.272630483
    0.134850502 -0.391698539 1.3411293 -0.542003691 0.0132817626
    -0.221498787 1.18825245 1.19696355 1.24099708 -0.208471894
    0.315969229 1.01275182 -0.180345297 -0.172071993 1.64470935
    0.263508737 -0.418289542 -0.66958344 0.817536712 -0.256814271
    0.440613985 0.0198277831 -0.547307432 0.103355169 0.133919358
    0.82456243 0.265423119 -0.474695176 0.605698586 -0.663953125
    1.06734192 0.669199884 0.601309061 -0.504309356 -0.37244609
    -0.252391338 0.0774927735 -0.194815993 0.846790671 1.41230059
    0.489963353 0.769825339 0.217939734 -0.592438936 1.26618505
    -0.432918876 0.0964418054 0.98868078 -0.164409041 1.00844729
    -0.377882361 0.552855372 1.21946347 1.28585434 1.19115472
    -0.240382135 0.535518646 -0.515861392 -0.181666881 -0.338322252
    1.58211291 0.237232387 -0.243932754 0.895643771 1.52741003
    0.662002742 1.20456517 1.50052428 -0.00486290455 -0.194938362
    1.29908669 1.03476465 -0.592491269 0.651212335 1.04978025
    -0.0249593258 0.209873319 0.176214516 1.6536727 0.12239635
    -0.282288462 0.304135442 0.402647734 1.56647706 0.193589568
    1.06668842 -0.528818727 -0.479260772 1.52251744 0.728723645
    -0.140134096 -0.463625312 1.57668948 -0.0681967139 0.963757873
    1.00765836 0.182357609 0.200001478 1.0630753 0.596395016
    -0.377045125 -0.213145167 1.48419118 0.41680932 -0.462292403
    0.335320652 0.371324182 -0.223344177 -0.171875954 1.53123784
    0.326201975 1.29454303 0.791175127 0.255402207 -0.562709928
    0.125696421 1.0945878 -0.470144302 0.569426715 1.56703579
    0.230467498 0.33739686 1.2002027 -0.681239784 0.803929925
    -0.432966381 -0.147206187 0.0695709586 0.622354805 0.926287651
    -0.0437390208 -0.145655632 1.64400983 1.07508636 0.532732546
    -0.182275176 1.05712819 -0.676773012 -0.0536325574 0.182281435
    -0.0307485461 1.44085574 -0.643140435 -0.310840279 0.407102108
    -0.593057632 0.563966632 0.813976884 0.752775729 1.37747395
    1.3874104 0.893192887 -0.437345207 0.918888986 0.117844224
    0.439721823 0.367444515 -0.452780932 0.718624294 -0.633602619
    -0.111153901 -0.422475904 0.660139263 1.05430984 -0.0647616982
    0.616129041 -0.265067279 0.627969563 0.855039418 0.732155025
    0.0533126593 -0.368348837 -0.622674942 0.204162061 0.654800653
    -0.0187085867 1.3296423 1.53453207 -0.647545278 -0.286182404
    0.769193828 0.514299154 0.302477002 1.07543874 -0.534904122
    1.3645978 -0.689239025 1.20377588 -0.707092404 -0.222296238
    1.39596343 1.48677802 -0.266276211 -0.0726451278 -0.628177226
    -0.660421848 -0.211637199 0.827161491 1.64262795 -0.559072137
    0.0345662832 1.21432126 0.630530715 -0.259121478 -0.435324639
    0.34714669 0.868704915 0.334405452 1.07635868 1.65961599 1.25327981
    -0.217159212 -0.0332211256 1.44100428 1.53912997 -0.620356441
    1.18491781 -0.118309081 0.175389647 0.254441082 1.08564615
    0.356477678 -0.401894391 0.0881874561 1.59248686 1.08543038
    0.673517346 1.16004395 1.36376095 0.0721712708 0.599004805
    1.59184432 1.54543233 -0.492372215 1.56923068 1.16163552
    -0.132493615 0.959917367 0.365772724 0.00529229641 -0.547689676
    1.67195153 1.08966386 1.21787786 -0.468736887 1.27142572 0.549462259
    -0.0450966358 0.48050046 1.30928385 0.711753547 0.112914443
    0.626239419 -0.688208818 1.59768081 0.245051205 0.776757777
    1.30130827 0.910965502 0.169052064 0.17164427 1.34815907 1.62013662
    0.52992028 1.34021986 0.317581832 0.275748074 1.24667287 0.237759352
    1.47707331 0.298690438 1.12624848 0.432936072 0.0182326436
    0.294155002 0.916263044 0.599321842 1.21147823 0.0886109471
    -0.448025078 1.17769885 -0.458820283 0.529650033 0.427425623
    -0.60634762 -0.329876095 -0.150660634 1.16076112 0.0583381653
    -0.683118463 1.59229207 0.79377687 1.16270661 -0.36694622
    0.685104311 0.386566162 -0.25987187 0.325569868 0.269110084
    -0.185862333 -0.366052955 -0.122403979 0.603975892 -0.0485141277
    -0.651439846 0.815063596 0.52556324 1.04853034 0.97255069
    0.382849991 0.0282607079 1.66300392 -0.0186958909 0.54779315
    1.01790583 1.05954623 -0.249793828 -0.403305471 1.07508707
    0.347571909 -0.126594007 -0.00691771507 0.773285329 0.270765305
    0.870375931 0.650651753 -0.285897046 0.695435405 -0.270374835
    1.0539788 1.59506989 0.764397979 -0.509911656 1.69426119
    -0.0468336344 0.10737747 0.857540131 -0.0327839255 0.218046665
    -0.248722941 0.641576052 -0.513635457 0.897556186 -0.427107275
    0.688379407 1.37547326 0.462801933 1.63929749 0.559808969
    0.675725937 0.986174822 -0.539925873 -0.0687025785 1.69277906
    0.171272337 1.38683105 -0.58465004 1.63723171 1.47680938 1.6493752
    0.255428374 0.518697679 -0.35066393 1.57997441 1.35585332
    -0.625108242 0.829287887 1.68791771 -0.661097765 0.376470149
    -0.524705529 -0.695376098 1.28329325 -0.706798851 -0.525018334
    0.219079494 0.888933003 0.875233471 -0.168655157 1.45617998
    1.40024114 -0.235337764 0.479274511 1.59898031 1.36229134
    0.560020447 1.45982873 0.163913548 0.506761909 0.195784211
    0.990600467 1.47600257 1.44580054 0.626853883 0.0234025717
    1.62981343 1.01379335 0.621132076 1.18762398 0.329333305 1.31017637
    -0.218291938 0.866952538 0.595623195 1.64052463 -0.251382798
    -0.672450185 1.09195089 0.724650025 -0.313442111 0.254955828
    0.777679443 0.732001662 -0.655747294 1.44723678 1.2791183 1.3281765
    0.746784091 1.05773401 -0.657165647 0.15759474 1.3911612 0.88874805
    -0.342977107 1.58981633 0.0521085858 1.36115205 1.51445913
    0.223465741 0.523252368 1.46406198 1.35089469 -0.462676823
    0.224202394 -0.241949439 0.899318814 0.362391591 -0.713010669
    1.5008688 -0.595580459 0.190000713 1.44277608 -0.299397975
    -0.42552495 0.596708715 0.53510201 1.67383099 -0.568386912
    0.784935713 -0.630949557 1.29119933 0.355223894 -0.0833547711
    -0.415660977 0.413323581 -0.291221142 0.655418456 -0.600718975
    0.0341603756 -0.571329892 1.13162827 0.903684855 1.79982567
    -0.247111022 1.71290588 1.95497549 0.47941649 0.700764894 1.86841702
    0.631926775 1.35005546 0.553301334 0.869449675 1.47545195
    -0.34853065 -0.555299163 0.428187072 -0.350100607 0.347550988
    -0.301422536 -0.577986002 0.26466912 0.381557524 0.628811479
    -0.240306526 0.751324177 1.01316071 0.0141739249 1.1070019
    0.410241246 0.553545594 1.14382219 -0.0693611503 1.53688169
    -0.561789632 1.59248805 -0.318590164 0.2409935 0.171835661
    -0.714842975 -0.127113819 -0.0413265228 1.32791853 -0.367643058
    1.51647472 0.244386733 -0.304407895 1.37629056 0.359946191
    1.43435001 0.280113161 0.839452267 -0.00784629583 0.839540482
    -0.265352607 0.219482064 0.874851882 0.806158066 -0.218162894
    1.25790012 -0.497997046 0.174785972 -0.113259494 0.680539727
    0.960635006 -0.105520487 1.20653629 1.01595354 0.335375547
    -0.207326055 1.21806252 0.273731351 0.449331045 1.00887322 1.1855123
    0.845831931 0.111004949 0.55257988 -0.0622237921 1.38074231
    1.02085114 -0.579078317 0.110562682 1.6137991 -0.258354515
    -0.393517524 0.645110667 0.784320772 0.20820725 -0.241813034
    -0.659345031 0.0875917673 0.753494799 0.992059827 1.6301465
    0.828555942 -0.582751751 -0.379239589 -0.342446327 -0.0658511519
    0.426296115 0.00242805481 1.26206732 0.442085266 0.740117788
    -0.134844303 0.376068234 0.332180202 0.435300827 1.5899502
    -0.3126688 -0.5247823 1.00457263 -0.468514264 -0.319816828
    0.0142119527 0.18731153 -0.23996079 -0.110319376 1.16652536
    1.31352925 0.805307984 -0.632593989 1.37909412 -0.528444052
    1.56462109 0.930453122 -0.572607994 1.40063763 1.22390556
    0.203607023 1.12175882 0.400358081 -0.321236104 1.21824193
    0.195862889 0.544599354 -0.456150353 0.393819749 0.727754235
    0.251018405 0.922304809 -0.471942067 0.149681151 -0.0515463948
    0.00438910723 0.731950343 1.3492831 -0.219963312 1.47863388
    -0.289847553 1.16011786 0.682425737 1.05602825 -0.0229893327
    0.964985132 -0.267909378 1.33077037 -0.422692597 1.06500685
    1.09178185 1.37980318 0.678594351 1.63815188 -0.0219529271
    0.695151925 0.468984365 1.66380024 1.5525924 0.0842682123
    0.699310184 -0.0665325522 0.649514556 -0.222951531 0.952883065
    0.425636292 1.61648047 -0.512285769 -0.374630928 0.127061486
    -0.462786824 0.0506176353 1.00865746 -0.335074782 1.59437299
    0.14794147 0.546245873 0.490796387 0.359974086 -0.492686033
    1.26939857 1.00298333 1.46639919 0.135314882 1.66513228 0.83332324
    0.413441896 -0.150568366 1.16510653 0.652468085 -0.0934994817
    0.221489072 0.0967357755 -0.152771771 -0.60005188 1.25051355
    -0.264859378 -0.256787241 0.564495265 0.986912847 0.661215067
    -0.438946873 1.06026435 0.73795563 1.0997107 0.995546997
    -0.399091572 1.11923242 -0.259003729 0.156183541 -0.447150707
    -0.149152815 1.47013617 0.00159311295 1.31349945 0.4762972
    0.626545548 0.490152717 -0.0381729007 0.444997787 1.00214195
    -0.20100677 -0.112761736 -0.737987339 1.63647461 0.22260958
    -0.131690025 0.468969822 1.23467064 1.52607083 0.288571477
    -0.560085833 0.641973615 1.2206738 0.665380478 -0.0129430294
    1.30520844 0.375006914 0.346052885 -0.649506152 0.656144977
    -0.106121659 1.31584787 1.00144529 0.0883842111 0.430357993
    1.41079926 1.62718582 0.949856341 1.72179914 0.958928883 1.10789871
    1.74226177 0.903745174 0.126449913 1.2718184 0.755960226
    -0.466715127 0.640137851 0.287751079 0.442466915 1.36064875
    -0.472723693 0.33608973 0.750612378 0.958754003 1.36563492
    -0.560753226 0.111946702 -0.392168105 -0.282770127 1.58674955
    0.692021966 -0.0434715152 0.465240777 0.18322891 1.63280892
    0.259806216 -0.28437978 0.848772347 0.187623918 1.43367994
    0.734326065 0.701956511 0.486373603 0.819184899 -0.661915541
    1.12274325 1.20532477 -0.431982219 -0.437354535 0.481403768
    1.03828478 1.48789692 1.22143459 0.77575928 0.752320647 1.18170619
    0.977490842 0.468728304 1.52194667 1.52420592 1.33826399
    -0.539762974 -0.410666704 1.66729569 1.52038181 1.50494528
    -0.0983511806 0.343467236 1.21703517 0.955882847 1.61163366
    0.30209595 1.38354468 -0.369830012 -0.15689373 0.954165161
    1.38271093 1.32931662 0.622722268 -0.696437061 0.0242219567
    0.721648395 0.548773229 1.19505394 0.242441952 -0.301651925
    1.23919249 -0.252509415 0.724609971 1.59804726 0.035299778
    1.63796711 1.64219916 0.203118026 0.213391244 1.47590601 0.483037829
    0.573504031 1.19137692 -0.109680951 -0.31397301 1.68508577 1.6744554
    0.859633625 -0.0709550977 0.485567808 1.63947368 0.863864362
    1.72949719 1.35022092 1.63801324 1.60429215 0.726367652 0.756902099
    1.61689615 1.72382975 -0.237623513 -0.229498714 -0.020123601
    -0.474302232 -0.436600417 -0.157715499 1.03731918 0.783311605
    0.664349794 -0.139553368 -0.352882117 0.723021448 0.573944807
    1.01665068 -0.409181416 0.146851838 0.022608757 0.95272994
    -0.162203252 0.989904165 0.375882685 1.25333905 0.381773472
    -0.356922746 1.40411711 0.0146421194 1.18306589 0.298600137
    -0.261083424 0.25264281 0.937626421 1.21330929 1.16867971
    0.949462414 0.811540186 1.04646254 1.53100741 1.48611784 1.08264804
    0.523246348 -0.338955253 0.474049509 0.874400198 -0.483711213
    0.015399456 1.66327322 -0.456751645 -0.0113303661 0.914655209
    0.328552961 1.19077468 0.433513701 0.249100149 0.437325358
    0.362573564 -0.502286077 0.383731365 0.403425992 0.950872838
    1.10437655 1.25843668 -0.691160083 0.873084009 1.30258703 1.64082718
    1.50358391 0.508280456 1.17796111 1.27143645 0.252894819 0.31226927
    0.920138597 0.754404485 1.27718472 0.03221488 1.41318154 0.308150053
    -0.327240735 1.32276523 1.5776875 -0.00442498922 -0.147341251
    1.32419777 0.862331808 -0.19707185 0.569864273 0.00911593437
    -0.314931124 -0.720208406 -0.127837658 1.36516273 -0.0772772431
    1.41357183 1.10928261 0.99454087 -0.309292108 -0.13981086
    0.158416867 -0.398789585 -0.628332376 0.130629659 0.951166034
    0.888913631 1.06510723 0.428230643 0.547940135 0.405852735
    1.17888236 -0.0294319391 1.55909753 0.902791858 0.114373803
    0.501666784 1.46093571 1.4270674 0.345780849 0.864796937 -0.42600739
    1.39369321 1.44542623 0.273555994 0.20543313 -0.18068707 0.703919709
    0.0446997285 0.429481506 -0.561280251 -0.396154284 -0.102615595
    1.0534122 0.59341228 1.33107591 -0.538043857 0.45592922 -0.334384352
    1.50947547 -0.500990152 0.777397752 1.40724802 1.50271988 1.51949263
    1.20156693 -0.448284894 1.2198962 0.621458352 1.16155171
    -0.152202159 0.881575167 1.27960026 1.79348469 -0.0266281068
    1.0848875 1.6242547 -0.353243172 1.53014946 0.0978164673 0.793148518
    1.48308265 0.803922594 0.897135794 1.61878657 1.48224151 0.688015461
    1.41398597 0.0586054325 -0.307034284 -0.641901195 -0.38748467
    0.112125099 -0.113114059 1.35954368 0.951395571 1.38491476
    0.474462509 -0.578980565 0.361634851 -0.519902468 0.138685048
    -0.453453302 0.00389510393 1.2662456 1.10693777 -0.695611417
    0.506602764 1.4844569 -0.46782583 -0.735578299 -0.257736236
    1.02353334 1.61498678 0.160791695 1.52382755 1.28574097 0.935658991
    1.3346529 1.30558503 -0.505642354 0.986835063 0.139759958 1.26824093
    1.09570289 0.262952805 0.214628577 1.37214267 0.458555341
    0.775086403 -0.248881757 0.598673701 1.36638546 0.874359965
    -0.592790186 0.173564732 -0.651738524 0.16209358 0.384349823
    0.539002836 -0.615179062 0.0746312141 0.73073113 0.341920733
    0.69283855 1.63359404 0.801092088 -0.051408112 1.01504612
    0.744425893 1.33440399 0.770736337 0.53124994 -0.479105949
    0.944040656 -0.727309585 1.08788204 0.157010853 0.159716129
    0.733133018 0.291602254 1.48326349 0.772722006 -0.0433173776
    1.19966316 0.762556374 0.353084862 0.191357255 -0.267174482
    0.228030384 1.19616771 -0.332813859 -0.398811698 0.506721675
    0.41559267 1.0926559 0.250516534 0.94793731 1.37571573 -0.470749468
    1.55927849 0.305149555 0.113741994 -0.193252146 1.54930127
    0.717267275 -0.2870076 1.68316185 -0.280314386 1.241817 0.633163452
    0.700698912 0.492660522 0.262267768 0.961515486 0.00696438551
    0.927152097 0.672367394 0.971873879 -0.0767682195 0.222551525
    1.61185992 1.5166111 -0.0541795492 0.0339021087 -0.144825399
    0.202054322 0.189449191 0.0130975246 0.843020678 1.61957097
    0.725433171 -0.325160652 0.375939906 1.56251597 0.37761122
    -0.159184337 1.03591228 0.439458251 1.52193034 -0.184347212
    0.937925696 0.944808483 0.499973893 0.871920764 -0.424108386
    0.712097764 0.74201113 0.287569344 1.2283268 0.697558582
    -0.557953894 0.670263648 0.462144494 -0.0808139443 0.566086352
    0.347992003 1.15189886 0.531794369 0.806214809 0.13921845
    -0.20495528 0.0293793082 0.6572842 -0.294838399 1.62152243
    -0.306487381 1.52131152 0.244633436 -0.365482271 1.65554929
    1.63030624 -0.728434324 0.898931444 0.469153643 1.45272398
    -0.0845738649 -0.736867905 1.53242838 0.658697426 1.42911243
    1.22894895 1.56192541 -0.310219139 0.648706436 0.160689831 1.3066771
    1.11732507 1.58182955 -0.616308093 1.05964899 1.12708545
    -0.627892971 -0.0192064047 0.33610028 -0.167462051 1.18264174
    0.112926006 1.3430841 0.262433708 0.600845277 0.0834828019
    1.55347681 1.04692459 0.0414857864 0.851475954 1.31331754
    0.435448706 0.230715156 0.102211177 -0.309423983 -0.547555983
    1.101228 -0.65256542 0.805993438 -0.351057768 -0.406068355
    -0.409528494 0.815229654 1.44448805 1.65581512 0.728031754
    1.54843783 1.4676131 1.2074306 0.194977403 0.073145628 -0.678659678
    1.51636267 1.18892622 0.0274409652 -0.232580304 0.0346152782
    1.07044697 0.449664831 0.0360049009 -0.248912543 0.35824728
    1.57156658 0.51096487 -0.28228581 0.981300712 1.67067182 1.3417871
    0.0784654617 0.110816956 1.39885747 0.17617467 1.42685926 1.25256121
    0.352555096 0.234439433 0.258725017 0.635574281 0.78110218
    1.25370049 0.246040046 1.4664079 0.786943495 1.42504835 -0.616315246
    0.3546592 0.97481966 -0.0694246292 1.59239173 1.16474462 1.61623549
    -0.454009205 0.516985536 -0.068256557 1.07456589 -0.399417043
    -0.045332849 1.44714606 -0.432140857 0.472279847 1.58317256
    0.89720732 1.21234798 1.68392205 1.02363729 1.53927994 0.740944743
    1.27880621 0.838387072 -0.450081527 0.916433096 0.0221735835
    -0.229308307 1.31908834 1.63278389 -0.167333841 1.36625445
    0.266230881 0.0260230303 -0.382009715 1.17955542 1.04091239
    0.596375644 -0.396939397 -0.647458613 1.33950472 1.49177814
    1.03360653 0.87658757 -0.248315036 0.333225846 1.14046717 1.6360569
    0.111256838 -0.528320611 0.442209899 -0.420814335 0.996281564
    0.85089165 -0.608487248 -0.20962432 1.64149666 0.167852461
    1.25768495 -0.116235912 0.00133937597 0.853134513 0.791226149
    -0.403153628 1.40487063 0.0988796353 1.08095002 1.35915661
    -0.539090753 -0.56105876 0.079718709 1.56561756 -0.432620645
    0.189720988 -0.255616665 0.59515065 -0.443092644 1.66683781
    1.62316155 0.0559603572 -0.202985227 0.331549704 -0.67534095
    0.0269939303 1.28711402 -0.274661005 -0.32588169 -0.111952603
    1.40594482 1.56254721 -0.550111294 -0.542931736 0.653706193
    -0.608069539 -0.12873739 -0.0969182849 -0.540007234 0.578812778
    1.65127873 0.597163677 0.0751729012 -0.0624039173 0.886590242
    1.28162777 0.609232008 0.458167076 0.49322325 0.120665491 0.34860146
    0.431088805 1.47944653 -0.142111421 0.321956336 -0.0589341521
    1.38935387 1.08423579 1.69799602 -0.3365345 1.14294696 -0.13645947
    0.439707756 1.38446784 0.23389411 0.0469816327 -0.308668405
    0.587115228 0.484264135 0.687527299 -0.350787699 1.4046607
    1.08726239 0.540093184 1.56939137 0.225813866 1.56244731 0.739168882
    0.160520315 0.550908029 1.00645435 -0.617236376 0.219346881
    -0.416356355 0.764639616 1.61150026 0.809821546 1.57830858
    1.12696135 0.732734323 -0.462293506 1.24050212 1.51719391
    0.683234036 1.15178013 0.904362679 1.23311377 -0.675115407
    0.784543514 1.63239193 0.944246829 0.848648787 0.617059648
    -0.577010155 -0.684812069 0.41353631 -0.477766752 0.209944308
    0.281830907 0.677175462 1.3796289 -0.368608475 0.166977644
    0.993578553 1.04173887 1.6223774 -0.414929152 0.831707597 1.01192164
    -0.430613935 1.2248857 1.48147416 0.920484245 0.352470636
    0.164668143 -0.684056282 0.491973162 1.61066592 1.54791784
    1.33712935 -0.0668948293 -0.52106601 1.27593946 1.53162122
    0.955607176 -0.534737825 0.787442207 0.747758985 0.182214916
    -0.597077847 -0.471065521 1.37078857 0.374273121 0.777257919
    0.305971622 -0.368133903 0.423732698 1.37328839 0.368918896
    -0.541418374 0.668476522 0.568598032 -0.646677196 -0.43337515
    1.61717033 0.157463491 0.65975076 0.846192837 1.21276903
    -0.235933155 0.750003397 1.12325788 1.49490714 0.498526216
    0.936200202 -0.254775196 -0.155171573 -0.610115111 0.452904165
    -0.232670218 1.14371943 1.1212486 0.449528039 0.782673836 1.11262083
    1.32384229 1.03983176 -0.677282035 1.43128371 -0.340218216
    -0.176300406 1.60569572 -0.492851764 0.447763085 0.462500155
    0.807480931 0.963519096 1.28925753 1.8621515 1.2445327 1.79771018
    0.913556576 0.294814765 -0.458029658 1.53876948 0.130538166
    0.573889971 -0.074334085 0.599172175 -0.632481396 -0.67710799
    0.854552627 0.671223879 1.49957824 1.49926126 0.436643779
    -0.547513247 1.34477687 0.0472368002 0.227320433 1.32242858
    0.445583701 0.943322599 0.243532002 0.976467252 -0.483516455
    0.085698843 1.28481007 1.61432695 0.303568244 0.762200594 1.08068442
    0.960677803 -0.0326927304 0.894332588 0.902932048 1.14838111
    1.47201395 0.191504419 0.00215119123 0.388352931 0.861225784
    1.10009706 -0.582146764 1.47077739 -0.182026744 0.888741195
    -0.402137637 0.0382033587 1.62335145 -0.155941725 -0.137810171
    0.385039032 1.61134374 0.543440342 0.430847645 1.15908659 1.48251462
    -0.0824903846 0.585525095 -0.44983077 -0.00574326515 -0.280385703
    0.268113971 0.205893219 0.436723769 1.66052341 0.7686432 1.33418131
    0.851232111 1.08595359 0.159886718 0.805688977 1.05839276
    -0.594945073 1.11515474 0.515248477 0.879787028 0.877444804
    1.0877378 0.217531741 0.588735878 0.222216487 1.56037152 1.49515486
    1.60746145 1.58507657 0.916479349 0.792431712 0.506578088 1.54661322
    1.55175924 1.06761885 0.521583676 1.35929966 0.213502944 0.484474957
    0.511474609 -0.071300149 1.37172329 -0.36379391 1.39693928
    -0.511887312 0.250653386 0.452025592 0.711915851 -0.384889811
    1.16498065 -0.0169255137 0.654702008 1.55641711 -0.387329757
    1.12367439 0.346361458 0.842791796 0.921676457 1.70582807
    -0.105591059 0.606754899 0.401172638 1.43161583 -0.496559918
    0.26922071 -0.511236668 -0.398477376 0.894402087 0.849643171
    0.500317633 0.227511168 0.17222476 1.58172774 -0.0864254832
    0.503318369 0.806017637 1.23941863 0.00999999046 -0.084854722
    0.669502676 1.02940798 -0.0968134999 -0.621438265 0.024284482
    -0.130462646 1.28788495 -0.154079378 0.425359845 0.325080097
    0.401115358 0.293694973 0.958674252 -0.124253571 0.461256623
    -0.497405946 -0.632174373 0.352581441 -0.548576176 0.283097386
    -0.544092655 1.21226823 1.02832031 0.065168798 0.342009723
    1.41289997 0.269064367 -0.23355636 0.0878327489 0.903234601
    -0.428381175 -0.24489814 0.269513905 0.0910803676 -0.484260082
    0.332107723 -0.449570388 -0.0269576311 0.166856647 1.6003015
    -0.563504219 -0.0540982485 0.226923466 -0.66887641 -0.503798366
    0.776495457 1.28750348 1.51981199 0.0611507297 0.337695062
    0.763065875 0.475399435 0.328876674 1.0813849 0.0656155348
    -0.669842601 1.11775613 0.648874402 0.0870093703 -0.682614386
    0.123295605 0.626906037 0.590617776 -0.17346406 1.27351868
    0.938533306 0.520543516 0.917546749 0.700336218 0.208232999
    -0.594107091 -0.139771998 1.65821171 1.42967272 0.436795235
    1.28533053 0.960488677 -0.56950134 1.16412187 1.34082675
    0.0371682048 1.58714187 1.56676316 0.520923376 0.842809498
    -0.215873569 1.6116997 1.20666003 0.885889709 1.51624346 1.03461468
    0.46402669 1.49905658 -0.147994041 1.54752076 1.47734213 1.20947373
    0.726345122 0.170249999 1.03649974 0.50071311 -0.650927961
    -0.366640925 -0.525064826 -0.0842817426 0.010455966 1.43458796
    0.511460602 1.49366903 -0.325409055 1.43828022 1.57695568 1.61738896
    1.00132895 -0.288623631 -0.352015346 0.304950535 0.848936677
    0.190308213 -0.395689964 1.51747513 -0.178781539 -0.629894137
    0.525524437 -0.398926198 -0.312289536 1.0149374 1.2264061
    -0.304990977 0.407453537 0.834834039 0.672787666 -0.0226002336
    1.56498897 1.21422791 -0.364359051 0.89310962 0.0729691982
    -0.351972789 1.66400862 0.0743181705 0.805934429 1.10123968
    -0.0409047008 1.46154904 1.40878332 -0.489947587 -0.496441245
    1.61044836 0.0559191108 0.698069572 -0.706188679 0.354087055
    1.4782474 0.764366567 1.45376182 0.336699486 0.005400002
    -0.101366818 -0.472503185 1.14231634 -0.689954162 0.52981925
    0.915577054 0.243063271 1.35964131 -0.431380451 -0.411404908
    1.08204913 0.00536930561 1.5688405 -0.407877892 0.184606969
    -0.0337985158 1.25347519 -0.593258381 1.67370081 0.975312412
    1.14560449 0.441708624 0.304233849 1.30502176 0.461147368 1.63963914
    0.264461398 1.28447986 0.364283562 1.55017042 0.723836601 0.54125011
    -0.0648295879 0.227116585 1.07330346 1.52314448 0.66292423
    -0.497691989 0.989220321 1.23774529 1.24235678 1.35160875
    -0.376167655 1.44660258 1.27043498 -0.510215282 0.847696006
    1.43082261 0.87221539 0.34907043 1.63603187 1.29436898 1.19497871
    1.15869117 -0.0973874331 -0.670393348 -0.216603339 -0.00530320406
    0.820523381 1.53877449 0.456796765 -0.386059046 0.284152508
    0.907672048 0.424385667 0.501761973 -0.346542299 0.110022008
    1.36917686 -0.455224276 1.16529918 -0.198353529 0.0157640576
    -0.00998479128 0.0418287516 0.325260282 -0.428911686 0.954674482
    1.0129869 1.20823073 -0.197234333 -0.312810123 -0.135548949
    0.426412106 0.484052718 1.49673772 1.73330021 1.09909415 1.32040358
    1.57756758 0.896747351 1.32511032 -0.491078138 1.66640127
    -0.391970992 1.17790341 -0.262784034 -0.40603745 0.96551007
    -0.463364124 1.09266067 0.0638802648 -0.310886502 0.231839478
    -0.236661136 -0.550255597 1.63454461 1.22650468 -0.339739233
    0.651842237 1.47402644 -0.490890861 -0.049821794 0.114113808
    1.46641076 1.5854075 0.413556755 0.568917215 1.13363552 -0.710710526
    0.175554514 0.967837572 -0.404585689 1.27221608 0.474725962
    0.998121738 0.705825508 1.27665901 1.43996167 0.885807276 0.99201411
    -0.530569077 0.731616259 1.19102621 1.60597908 0.685029328
    1.27318311 -0.484780312 1.14451778 0.381064296 -0.476701081
    1.44092464 1.35442531 1.37378228 -0.427286148 0.968508184
    -0.108888388 1.02200341 0.884420872 0.283091426 1.57181597
    -0.65874517 -0.129114926 1.42750382 0.756771326 -0.553689778
    1.36719847 0.341214597 -0.0343958735 -0.408421874 1.45735013
    0.495829582 -0.50423485 1.05181265 0.104716539 1.37508833
    0.344927847 -0.639189482 1.35837388 1.5466094 -0.258143544
    0.107738018 0.237386823 -0.62459147 1.04073596 1.03715968
    -0.480939031 0.359064281 1.42084968 1.41460919 0.774460912
    0.380189598 0.923268437 -0.214981169 -0.0711596608 0.868989825
    -0.660488307 0.773277938 0.88301897 -0.405446827 0.133707166
    0.910424292 0.986842036 0.721934199 -0.677804351 -0.00242304802
    0.34068948 1.1621114 0.959403276 -0.320886284 0.855733871 1.66704035
    -0.000409603119 0.809275448 0.0633535385 1.43030024 -0.529246569
    1.3618145 0.110869765 1.27586532 1.20491147 0.0105361938 0.251785308
    1.02766395 1.48467684 0.914783657 0.0305026472 -0.207519233
    1.35033774 0.857080698 0.812983871 0.568863392 -0.361156732
    1.13256574 1.61179662 -0.665741384 1.09220195 -0.11111331
    -0.274755061 0.193492472 1.03462672 0.814391255 1.51985598
    0.0978958011 -0.554117799 0.0465089083 -0.699276149 1.62458086
    0.0624627471 0.431520343 1.18850756 0.304650664 -0.264331311
    -0.117402494 -0.584515274 1.21655536 0.952519417 -0.439673394
    1.15587807 0.143603086 -0.67024684 1.35858285 0.870566368
    0.0507549644 1.10915637 0.613361418 1.20258474 1.251019 0.936779559
    0.749262512 0.0127839446 1.28232205 0.684720993 1.43592143
    0.805167019 -0.342673928 0.477438569 -0.432525516 0.644140601
    1.65147161 0.707727909 0.952930689 0.314157307 -0.661123455
    0.0587109923 0.927238107 0.121420324 0.523457944 0.68970412
    -0.300899237 0.925992429 0.0184862018 -0.667743027 0.779153526
    -0.203712344 -0.276584625 0.381890476 -0.275436223 1.44387412
    0.47172159 1.56079125 -0.392037421 -0.12937665 -0.53832233
    1.41395259 0.23916012 0.377675891 1.48517084 1.03811407 0.489300907
    1.26900983 0.265937388 1.26408577 -0.656483531 -0.624338269
    -0.18381834 -0.577856302 0.61925739 -0.685962319 0.668522298
    0.0108155608 0.962186098 0.551128626 0.444409311 1.24401224
    0.448783696 0.314073324 0.310302913 -0.0825471878 0.169954538
    0.949684203 1.41903198 0.845923305 0.162087858 0.0169172883
    0.899957657 0.105455101 1.13433111 -0.569435298 0.0894694924
    -0.630744278 -0.613129735 -0.455797642 1.62062216 1.68541873
    -0.324589193 -0.634700239 0.393823266 -0.617150068 0.799196422
    0.346341789 -0.546429276 0.00222581625 0.5600034 1.4237988
    1.69474399 0.442025244 -0.283702642 0.939123213 0.0364634991
    0.465273678 1.44137716 -0.448326647 0.00102877617 -0.111078262
    1.0792824 -0.656011522 1.36556339 0.448057234 1.07555783 1.28315496
    1.26548803 0.358823121 0.189642489 -0.682655752 -0.420979112
    1.39820433 1.64064097 0.22109592 1.07426906 -0.64388752 0.930614352
    -0.56071806 1.0528686 0.76532042 1.58029354 0.144230545 1.48168886
    0.0848366618 -0.0968378782 0.0180519819 0.243325412 1.5223093
    -0.291668117 -0.27760905 -0.264726043 0.0741675496 0.980225503
    -0.16869092 1.28293514 0.702225447 -0.13514775 1.32136059 1.46429276
    1.42100406 0.940630794 0.0227984786 0.46058321 1.27699888
    0.00783276558 0.00296968222 0.243402064 0.570434988 0.916051626
    0.262587488 0.944206178 -0.464972675 0.758252442 0.813430607
    1.56919599 1.60874224 1.34949613 1.30530655 1.24863172 1.48387992
    -0.172032893 0.876988769 0.092983067 0.291663587 1.23018444
    1.51484466 0.0419670939 1.48901343 1.68822551 0.795587063 1.62276781
    -0.414516538 0.402737379 0.882518589 -0.674887598 -0.0817272663
    1.01628613 -0.181933224 0.822405696 0.30377239 1.14868677 1.56873524
    -0.590376496 0.330660999 -0.0378870964 0.457893789 -0.206892908
    -0.447817743 0.943310976 0.980324507 0.106167197 1.41786432
    0.200131238 0.14193058 0.918936312 -0.351675957 -0.00549679995
    0.920509338 1.19306862 1.12281013 -0.0588483214 0.494642556
    0.188129663 -0.337442636 0.94027245 0.750255525 -0.0665987134
    0.906517744 -0.242415369 0.685992599 0.846999228 1.53077221
    0.358669758 1.05223179 0.783008277 0.213178724 -0.33934927
    1.77267647 1.57347035 1.49463296 0.381416082 -0.237100333
    0.466694832 0.309906185 -0.340896815 0.401699185 1.2971772
    -0.1694206 -0.503091693 -0.546598792 1.35935938 1.68252683
    -0.598311722 1.00745773 0.790559053 0.673067212 0.314305007
    0.760679781 0.289138794 0.0242932439 0.253123105 1.38133287
    -0.326276064 0.828522086 1.64824092 0.558538675 -0.614106417
    0.573544085 0.933772922 0.414273322 1.42822528 1.47052741
    -0.000870645046 0.709480822 0.94718498 0.787307382 0.379027903
    0.305223465 0.484384894 -0.216424346 1.36503315 -0.161282063
    0.0810954571 1.15587473 -0.150227368 0.670936406 0.704798222
    0.547576189 -0.67803961 -0.206274271 0.825241148 -0.444464654
    -0.297094703 0.117009223 1.5253284 0.379127741 0.647991717
    -0.436502159 0.620519042 -0.311697721 0.93186605 -0.00991618633
    1.06460881 1.04712033 1.4125278 0.578704298 0.806156158 -0.527843833
    1.62471437 -0.609766662 0.663174629 1.19886327 0.985017955
    0.192166328 0.0295793414 0.661454201 0.195522547 0.619232535
    -0.63957876 1.11112654 0.411224008 1.32618499 0.68482089 1.58267999
    0.914267778 -0.309924334 1.31210494 -0.0949007869 0.953828931
    0.729269028 -0.464367747 0.429448187 0.74350369 -0.393732607
    0.593151093 1.56453454 0.751072347 -0.515663683 -0.560953856
    -0.602358997 1.59038877 0.262753844 0.202113628 0.46714139
    0.540422976 -0.341307789 0.732914388 -0.0727072358 1.08017135
    0.866622925 0.749691725 0.422401905 -0.11308825 1.41348958
    0.935872376 -0.385184288 1.25043893 -0.420313656 -0.0312492251
    -0.395306587 0.183556736 0.0834067464 0.244558036 1.30147898
    1.67399502 0.856711686 -0.204779863 -0.411768138 1.24687719
    -0.336428702 0.896797121 0.655002713 1.00235987 0.191271365
    -0.110420644 0.971218169 1.19411981 0.989172935 1.56541848
    -0.30535841 0.0212004185 -0.323321909 0.415087819 1.53289056
    1.17453098 0.936562479 0.0498603582 1.525877 1.3272686 -0.299572676
    1.47375011 0.0574458838 -0.594353735 0.464710593 0.822311223
    0.548877776 -0.433266789 0.633106709 -0.263985038 0.700064838
    0.426744938 -0.429261655 0.09152776 0.427358091 1.41274774
    0.866578996 1.6084938 -0.421442538 0.661514044 0.518250525
    -0.246484309 1.54300594 0.15796721 0.0801129341 0.631164908
    -0.121800303 1.00963354 0.496208429 0.294726551 1.42437553
    -0.377471447 0.828177512 0.900548995 -0.278739363 0.315273285
    1.46159744 1.22123313 -0.566431582 0.209088922 0.902326584
    0.443318784 1.27305162 0.865757942 1.60333896 0.171497643 1.49046183
    0.788793802 1.14558339 0.598626614 -0.161075175 1.05714178
    0.614094436 1.10990608 0.324216068 0.357812643 1.01829362
    -0.643058538 -0.38709715 -0.668685138 0.743302584 0.511922359
    -0.393097967 -0.569305956 1.48225117 1.22922134 -0.280001998
    -0.421580523 -0.385588259 -0.398524642 0.994268179 -0.109244823
    1.64144826 0.513837993 0.0478739142 0.595774531 1.49758577
    -0.690409243 0.623080492 1.06428397 0.782890439 1.3424772
    0.903156638 -0.329315186 0.328958869 0.7521559 1.50592732
    0.901163876 0.48971355 0.28055352 0.889912009 1.02960777 0.418706
    -0.0332635641 0.22690624 0.506297946 1.73321629 1.54782319
    1.00346255 0.494048655 -0.143053412 1.07546186 0.503511548
    0.0845037103 1.67201018 0.524134576 1.08831668 -0.382144213
    -0.464447498 0.376025438 0.261056721 1.24161601 0.293500364
    0.181485057 0.185130477 -0.141025007 0.565028012 -0.61509186
    0.664473176 1.663414 1.14067841 0.726973057 0.327426434 0.757398248
    1.21409726 0.558231831 -0.412601322 1.42222762 1.52977872
    -0.385843933 0.862232387 0.425628364 1.03204775 0.697600424
    0.930663466 0.043802619 0.122647345 1.10347581 0.664901793
    0.108115375 0.279805779 -0.723711252 0.968857467 1.55070758
    1.03271341 0.346617222 0.842941403 1.4145813 -0.241098106 1.34035325
    0.110580564 0.926520944 -0.485455215 0.681430161 1.14830303
    -0.486765087 0.785081506 0.419364333 0.73450762 0.0906430483
    0.359263957 -0.0209995508 1.21131825 -0.390405118 1.20149839
    0.328071952 0.791912556 0.33826077 0.32226181 0.920288861
    -0.508626938 1.49900258 1.66170883 0.739596963 0.359055459
    1.43223059 1.47854197 -0.249685705 0.0671334267 -0.262363672
    1.03070617 0.651575387 1.25371981 0.719212115 0.898329079 1.03320134
    1.67573571 -0.515598416 0.765485466 1.31456518 0.820886493
    0.322784722 0.094661057 1.2736876 -0.104992747 1.27691936
    0.761553645 0.524037302 0.490107656 -0.56233263 1.07428002
    -0.651630759 0.506419182 0.746571898 -0.470309526 1.27193618
    -0.24443996 1.26503658 1.11612701 0.586349845 1.00310564
    -0.542001247 1.00872016 1.11155462 -0.473982871 0.375170469
    0.385011256 1.5369606 0.0743588805 1.70669615 -0.030728519
    0.841420531 1.27861643 0.470880747 0.688612282 1.22816372
    -0.221372843 1.20355141 0.633927584 0.362452626 -0.613862216
    0.495025873 -0.133334577 -0.294359267 1.08644509 1.40732193
    1.40202165 -0.361630708 0.73398304 0.493259847 -0.601029634
    -0.473976105 0.515659332 0.668692172 1.40309858 1.57397199
    -0.178550541 0.80253458 0.45562309 -0.109839082 -0.380423814
    -0.711005211 0.392763913 -0.627170563 -0.674960315 1.26260054
    1.28184652 0.999104917 1.56855726 0.0711579323 -0.741113424
    0.254137278 1.49450803 1.64153433 -0.575393856 1.61324358
    0.953881025 0.986838102 -0.00777202845 0.2190153 1.08785152
    -0.338864297 0.166450799 0.862277269 0.629629135 0.45337522
    0.194735706 1.58144605 0.285827398 -0.0457673669 1.04377747
    0.0431848168 0.36966151 0.560211778 0.961613774 1.03783298
    -0.423363388 -0.546850085 -0.431607246 0.936005414 -0.404222786
    0.982998908 0.218024015 -0.0970211029 0.0426036119 1.18427157
    -0.0301686525 -0.555134535 0.573540509 -0.40219143 -0.0135561228
    1.27573681 0.802613497 0.0279023051 1.23718596 0.538304567
    1.40596783 -0.435765028 1.52029395 1.03582883 0.185505092
    0.189437747 0.641810119 -0.322550893 1.52440786 -0.265883297
    1.67589474 0.139524221 -0.280810297 0.369820416 0.91562289
    -0.640359521 0.318956375 1.23719621 -0.468925148 -0.528346896
    -0.325043201 0.123992622 -0.0149511695 -0.0616151094 -0.330877483
    1.45929229 -0.339961529 1.51219749 -0.129682302 1.50929224
    1.68054879 0.342220366 1.62007022 1.10323465 0.705539465 0.23302412
    0.404066622 0.949229598 1.51133227 1.31693769 0.0310200453
    1.01452136 0.528262436 -0.0646610856 1.30505538 1.62227213
    0.780601203 -0.214597225 -0.554657519 1.2478323 0.100184649
    -0.140989542 2.00034428 1.48620236 1.73229265 -0.0826826096
    -0.208695322 0.0418300629 -0.147841245 -0.538366258 -0.545235217
    1.04871535 1.61088634 1.38257933 0.647051752 1.06892526
    -0.0584895015 0.352192044 0.321281374 1.41225863 0.67870599
    1.21188378 -0.118611276 0.341067016 0.602112353 -0.0662667155
    0.0663905144 0.379170537 0.634889543 1.55027366 1.23024762
    -0.590381682 -0.485619724 -0.607350528 0.164345264 0.189232111
    -0.349417001 1.56124532 -0.669423819 -0.0979849696 0.792389512
    1.3357389 1.22822177 -0.442001581 -0.346226364 -0.264893532
    -0.706322253 -0.657822192 0.788504839 1.54947245 1.2607193
    -0.136125624 0.115853131 1.54686546 0.854546964 1.14759159
    1.50717831 -0.20456624 0.2382828 1.16877174 0.79104948 0.506847084
    -0.254016101 1.36247647 0.952809036 0.514912188 -0.409442306
    -0.568531334 1.70420003 -0.452555895 0.523126006 0.477933109
    -0.332227021 0.237328827 0.873384833 1.02618778 -0.199091077
    0.936630845 -0.0296795368 0.0353946686 0.855613351 0.151638031
    0.34696269 1.49362719 0.0245158672 0.675552189 0.957140028
    -0.409074932 0.300947368 0.823277235 0.216455281 1.01034081
    0.853353798 1.02275169 0.443173945 0.230712175 -0.639907837
    1.03311872 -0.241389573 -0.383366346 0.528889179 0.67416662
    -0.197023809 1.1302377 0.679902375 -0.0648434162 -0.0301139951
    0.19291234 0.188767135 -0.489874154 0.36370194 1.27961802 0.4001562
    1.176723 -0.147521794 0.701484799 0.620949984 -0.394561082
    0.499446929 1.57020164 -0.291257143 0.643038869 0.174894333
    0.0624278784 1.61036062 0.0723967552 1.48731744 1.05546927
    0.0455427766 0.556744516 -0.197044969 0.0140150785 0.794569492
    -0.0510636568 1.21062255 0.942555785 0.727894485 0.612955868
    0.165338814 1.68078423 1.56292534 0.702296495 -0.286747843
    0.958196461 -0.0325377584 -0.611966252 -0.16611141 0.739501774
    0.114185214 0.159015179 0.153326392 0.743590891 0.0988999009
    1.34318185 0.0731993318 1.05109453 1.65062666 1.55046916 0.49650234
    -0.508509219 0.946199536 0.0222491026 1.34906423 0.270329058
    1.09763014 1.37657213 1.06486678 1.21167469 -0.256408215
    0.0467339158 1.65725589 0.011197567 0.102828681 0.0722169876
    -0.118292153 1.21861541 0.445663691 1.35656047 1.17547536 0.19593662
    1.59858108 -0.670821846 0.770629287 1.6355083 0.975771785
    -0.496349871 -0.0657727718 -0.102451503 0.668550432 -0.487878382
    1.1222775 1.07503414 0.907064497 0.734974265 0.0723046064
    -0.0418204069 0.977044702 0.538857281 -0.222578317 -0.465190768
    0.149072349 0.133727431 0.374469697 -0.090044558 0.109466076
    0.822060823 0.0383198857 1.3963567 0.435633779 -0.546776652
    0.926021636 -0.275396258 -0.540615439 1.59634066 0.3320328
    -0.578621268 -0.0531311035 1.30628002 0.360396504 0.788511336
    0.988071978 0.812715292 -0.470472604 1.05853772 -0.175361395
    1.10702765 1.64982641 1.24986541 -0.13103646 0.621418715
    -0.629219651 0.761603594 -0.695327997 -0.127115369 0.925170839
    1.02080071 -0.352540642 1.37265015 0.549687326 0.584303677
    -0.647621453 0.608195066 -0.515872836 0.197825074 0.45122087
    1.47617495 0.88482523 1.1554749 0.276211977 1.2105217 0.433826506
    1.16453695 0.0315877199 0.579993546 0.174093664 0.812013388
    1.52399004 0.989896894 1.51826119 0.864817202 0.334092855 1.81726193
    0.154051483 0.10518235 1.21563911 -0.672299623 0.628077984
    0.687236547 1.66808081 0.777758718 0.775419533 0.68463403
    0.831828415 0.697413445 1.69696701 0.928501606 0.735062003
    1.24704158 -0.317863047 0.425445139 0.182855368 -0.163115442
    -0.318181843 1.65912271 -0.612988949 -0.094173193 0.748708904
    -0.158910394 -0.170907915 0.239861727 1.31860709 1.31633878
    -0.102992415 1.37206411 -0.336773634 0.479748368 0.880898714
    0.32243073 -0.195045233 0.546858788 1.42625916 0.558437705
    0.422572255 1.65757191 0.108208597 -0.400970072 0.266010523
    0.511769176 1.61424446 1.48855555 0.107030332 1.5724268 1.45362604
    1.06013954 -0.636800945 -0.340379417 -0.327655882 0.771965981
    1.2386173 1.57707107 -0.261656284 0.404035449 -0.440411001
    -0.447341502 1.30185771 0.453217924 0.9696275 0.423630774 1.42410505
    -0.492220044 -0.449807942 1.23680854 -0.724223197 0.150949121
    1.6713469 1.5549202 0.12264812 0.418610036 1.15847111 -0.438032091
    0.463230669 -0.20977813 -0.171227872 0.479675949 -0.657565355
    0.821151078 0.91263032 -0.0892730951 -0.43906647 0.207864702
    0.98704958 1.11245358 0.548997521 1.27204514 1.44919479 1.60179567
    -0.268967867 0.991482854 1.67604017 0.0347943306 -0.45012024
    -0.356287032 1.49731112 0.571921051 -0.355009019 1.59128606
    0.0419649482 0.67441237 -0.466472089 1.07103157 0.00317317247
    0.464212596 1.00423849 1.00131559 1.70151603 0.660986662 1.42212248
    0.797268629 0.81077981 0.0325707197 -0.331635296 0.485851586
    0.451347649 0.600709736 -0.60908556 0.264793515 -0.303897262
    0.614571989 0.367236495 0.7269665 -0.307407677 -0.548966408
    0.742927074 -0.42004931 0.967937529 0.511876523 1.33755374
    1.27523482 0.624373734 0.00812166929 -0.0210728049 0.45219022
    0.534001887 0.259441316 0.675305963 -0.334939122 1.69773507
    0.107498109 0.588140428 1.16936731 1.63039267 1.49922645 0.636460662
    0.172986686 1.01751804 -0.223154962 0.494669318 0.594838083
    0.111065924 0.270466208 0.342247009 0.484806299 1.22731435
    1.02575207 -0.289285839 0.693636894 0.757545114 0.983342886
    1.52358854 0.368058324 0.293501496 0.355888486 1.52380729 1.30282784
    0.954767525 0.139567912 1.14048398 0.102849722 -0.406550676
    -0.166674256 1.08411026 0.220618367 0.0229412913 -0.0626517534
    0.675166488 0.716482759 0.877457619 0.572062075 0.955361485
    0.390018582 0.0525856614 -0.195078671 0.238081753 -0.64822185
    0.875846028 0.335874617 -0.231420457 -0.369248599 0.461488366
    0.238633096 1.14455152 1.09250844 1.24834979 -0.35956496 0.22902292
    0.360601723 0.655872822 0.681177497 0.713629484 0.832175374
    0.527490258 -0.424480677 1.16283274 0.478938103 1.01725531
    1.53876889 -0.123520553 1.45048428 1.61763966 0.300555348
    0.525966287 1.6547941 -0.23255989 1.145051 1.09832144 1.11058927
    1.28458571 0.991631627 1.11064935 1.66926241 1.48823559 -0.520644188
    0.895649195 0.0221989751 1.5298059 1.43531644 0.849132538
    0.874188185 0.388350248 1.38777304 1.29007196 0.116520643 1.40412343
    1.35063612 1.13023305 0.320851982 1.23159194 1.02609754
    -0.0166274309 1.68861639 1.0679251 1.3802247 0.878743887 0.966427743
    1.74273932 -0.0282256305 1.48692238 0.225461364 1.01288307
    0.75629735 1.40356565 0.888290763 -0.575541317 0.324365199
    -0.492155731 -0.212488472 0.429964781 0.159192145 0.223915577
    1.41212964 -0.339347005 0.153550148 0.325598776 1.57630813
    0.503178775 0.391176939 0.974300325 0.592216313 -0.309605062
    0.541537404 -0.21100682 1.36529648 -0.323590845 1.45834887
    1.56655419 0.400262654 1.66866302 1.29232585 -0.527330399 0.39615202
    0.0614908934 1.19917321 0.209619224 -0.405578285 1.65777671
    0.0543668866 0.119344771 0.878609359 -0.276057959 1.57771587
    0.717927456 -0.332518995 -0.5951581 -0.485952556 -0.351479292
    0.346731365 0.76749444 0.015799284 1.36545801 1.15076804 0.441818595
    -0.373385698 -0.676364362 -0.491826713 0.299590588 -0.0872321129
    0.33597374 -0.270657182 0.407838523 1.46738267 0.34134239
    -0.106398225 0.148704171 0.05004704 1.31119215 0.647830784
    0.52493906 0.63253504 -0.20560354 1.2774502 0.0353549123 0.175320625
    0.888230145 0.754309714 1.16564727 -0.436344683 0.21609956
    0.487030327 1.12764299 1.43477154 -0.555405259 -0.203588724
    1.65502596 -0.621205509 1.34569633 1.47895503 1.68315148 0.693380654
    1.66228485 -0.225560009 -0.399227649 0.982316256 1.26540804
    0.48174566 0.698862314 0.504106045 1.02693057 -0.0510115623
    0.775266409 -0.200305998 0.656776369 -0.307088345 1.62981117
    0.244745314 1.02244782 -0.0630294085 1.57284522 -0.631640732
    0.772770464 -0.349265009 1.53914237 0.0163151622 0.398446918
    1.35274625 1.1230104 -0.643021047 -0.531350017 -0.475404203
    0.222239912 -0.623009562 0.774450779 0.692667603 -0.217417151
    -0.584817588 0.966810405 0.943524301 -0.271161795 1.11143923
    -0.677199602 0.0274837613 -0.528005064 1.35273051 0.301639557
    0.710208595 0.686831415 -0.155758083 1.66941071 0.972173631
    1.52358937 0.838527679 -0.104646623 -0.426527768 0.137841165
    -0.410083443 0.679659963 -0.355172366 -0.666184783 1.1128242
    -0.474378884 1.59314024 0.333702624 1.14268875 0.319092393
    0.263216972 1.31490612 0.28017211 1.10015392 1.55209017 -0.369167089
    0.285315931 0.653236449 0.641185284 0.109174848 0.980421364
    -0.53455168 -0.583550096 0.545228183 0.0814469457 0.670244098
    0.0708597898 0.367383659 0.0368211269 1.21172094 1.29169941
    -0.385608435 0.965935707 -0.0504080653 0.371655345 -0.372620374
    0.999525189 0.840870082 0.0806401968 0.76111424 0.0858095884
    0.887931347 1.02372575 -0.430868328 0.315400839 0.360264421
    0.489561021 0.0543789268 1.59695888 0.636088312 0.839529574
    0.21933794 0.29747963 1.04497957 0.583379865 1.50025582 0.06790483
    1.1144489 -0.612882793 -0.308566064 0.61842978 -0.249887943
    1.3044163 1.02209806 0.967554152 0.493735433 -0.495824456
    -0.0748356581 0.957967281 0.912308097 -0.286098272 -0.362757087
    -0.309683114 0.0523927808 0.584030986 0.618941486 0.591518998
    0.0247254372 -0.0325487256 -0.548320234 -0.00193476677 0.0221985579
    0.263822138 -0.32068935 -0.6467731 0.966338217 1.30694938
    0.0579673052 -0.146896064 0.601933777 -0.526783586 0.918305635
    -0.534273148 1.58304286 0.631450534 1.37783813 -0.170515835
    0.137871444 0.636328995 0.454370677 -0.156735063 1.75455284
    0.224211633 0.754446805 -0.301957786 0.958592176 1.07913148
    2.00622177 0.699387014 1.30697417 0.162241161 -0.532799363
    0.400752842 0.0974319577 -0.203733325 1.68157804 0.0444369316
    0.870390832 1.45460939 0.542600989 -0.309398204 1.63839245
    0.382515311 -0.411066115 -0.403462827 -0.517390728 -0.180978179
    -0.129052639 1.16471946 -0.213303626 1.55535066 -0.476204425
    0.197396517 0.122491956 -0.248993665 0.795931399 0.76125741
    1.03006423 -0.126793742 -0.210898519 0.0947985649 0.503002942
    0.717723489 0.944679081 -0.405277848 0.0263131261 1.1524353
    1.17591691 0.583631933 1.50722885 1.51162183 -0.185816228
    0.0550063252 1.09875202 -0.0923468471 0.443287909 0.946094751
    -0.51192379 0.249603629 1.5748204 1.35929 0.509073615 0.0648581386
    0.477747798 1.23094869 -0.0686015487 1.08199596 0.0730530024
    1.68588853 -0.25246197 -0.425425529 0.305041134 -0.33856681
    -0.505538166 0.922651529 0.729573607 1.50824797 -0.265846312
    -0.277102888 -0.115932345 0.915207088 -0.0964167118 -0.444014341
    1.48623931 -0.652140439 0.261384428 0.316815197 1.66223335
    0.889216483 1.27912915 0.138044715 -0.666714847 1.64934015
    1.16805029 1.11248612 -0.453468204 0.866531432 0.258062363
    -0.206570148 0.20718509 1.12620246 0.446434438 -0.553800464
    -0.519706249 -0.436233282 -0.53803587 1.72269392 0.580882668
    0.52767992 1.46101296 0.707524478 1.50413108 0.727385283 0.208374381
    1.62293863 -0.138655245 1.51203156 0.41994375 -0.25933671
    0.631739795 0.803402364 0.91341579 0.261686146 0.431342661
    0.55607754 1.28037632 0.48556 -0.476098716 1.25360596 1.66801858
    -0.0957096815 -0.524687529 1.60433459 1.21145463 -0.179810047
    0.771046758 0.78669107 1.23135304 1.04237652 -0.156945586 1.49701977
    -0.0612422824 1.32489836 1.61712253 1.57175815 1.23867226 1.44588363
    -0.277244776 -0.522821546 -0.0028616786 1.22550821 1.15260243
    0.275383174 1.19537544 -0.302828193 1.0005734 -0.471153736
    1.42680168 1.0202831 -0.472690374 -0.666859448 0.494068146
    0.614860535 1.24649644 -0.576762021 0.301628113 0.0455695987
    0.522551596 0.299498618 -0.388260007 0.34642303 1.0615437
    -0.397092044 0.0804548264 1.16947401 1.18920827 0.997133791
    -0.0907654166 0.445421338 -0.445484489 -0.199432611 0.457569957
    1.30688238 1.53396547 1.35737169 0.273730814 1.20277667 0.377916813
    0.211363554 0.619433701 1.23387516 1.53205943 0.762130022 1.46821475
    1.22330761 0.362427771 -0.598265827 0.308319867 -0.142255127
    0.781024814 -0.407204807 -0.0836173892 -0.233067125 0.911713123
    0.217847347 -0.650856912 1.29898 0.681427538 0.744908214
    -0.0997975469 0.199727297 -0.257336497 -0.0622400641 0.541473746
    1.61379671 0.573423803 1.59335494 1.39254701 0.0843384862
    0.489075363 1.31667399 1.6415385 0.156825125 -0.478961825
    0.845286131 -0.233512461 1.54485464 1.54385912 0.158108294
    -0.0905201435 0.2045663 -0.600656033 -0.0714707971 0.507632732
    0.658253968 0.249741673 -0.0495219827 -0.55426383 0.781140745
    0.350484312 0.745498896 0.565251708 -0.302022189 -0.32621935
    0.90912652 0.0166735053 0.11781162 -0.333739787 0.556234002
    -0.432342708 -0.27270329 -0.00678139925 -0.674929261 0.450117707
    1.62915933 0.966453135 1.37255514 -0.615746915 1.75881374
    -0.417562544 0.188049227 -0.0546833873 0.738747835 0.356821537
    -0.243381202 -0.299764484 -0.145729542 -0.498685211 0.658794999
    -0.34511736 0.23373574 -0.00896948576 0.876875758 1.52560997
    1.64260435 0.982580483 0.452730179 0.73903513 0.895676672 1.2072432
    0.0268967748 -0.578769326 0.886142015 -0.160227686 1.46208191
    -0.37019366 -0.306176543 0.957515359 0.487277448 0.439648569
    1.67272246 1.38195038 1.73455882 1.60781717 0.751711071 0.108827531
    0.0735260844 -0.184343636 -0.497446805 0.404888213 1.29038405
    0.39841789 1.44937825 -0.559941113 1.5364759 1.33366513 0.119596243
    0.38836813 0.169645488 1.67160439 1.45802462 0.0138058066
    -0.0979424715 -0.0944347978 1.62117028 -0.234055877 1.61097181
    -0.260615796 0.0406864882 0.25383544 0.121581495 -0.640936673
    -0.128174543 0.286613047 -0.354560912 1.32167292 1.36824811
    0.932105303 1.45569444 0.099403441 0.558411121 1.35435915
    -0.400879234 -0.432874978 -0.0736311078 0.920637786 0.63934499
    1.60246134 -0.224722892 1.09413111 0.631527424 -0.164541602
    0.235509872 0.188157678 -0.208534122 0.492540061 1.4030726
    1.29792845 -0.488610208 -0.356393218 -0.677978933 0.431743622
    -0.600284219 -0.630036712 0.216029286 -0.541408241 1.44981766
    0.0852437615 1.52203798 1.33402777 -0.127051473 0.344824433
    -0.366499633 1.51998067 1.42182148 -0.499305636 0.838762224
    1.53923774 0.755814373 -0.422979623 0.136964798 -0.183833659
    -0.515864491 0.630314589 1.27999496 -0.503533602 0.411167204
    1.60125923 0.910794199 -0.458320737 0.541182101 -0.371106118
    1.58756685 -0.205616355 0.91516304 -0.624784768 0.184547365
    0.358369946 0.633103251 -0.189877152 0.0764689445 1.45727468
    0.592005849 1.65515828 0.855953634 0.16348815 -0.164970458
    0.299578547 0.942003548 -0.176657736 0.875292182 -0.0863842368
    0.76378721 0.923066914 0.0245808959 0.626864493 -0.121115148
    0.0170234442 0.662975252 -0.557851553 0.692947388 1.15286756
    0.361483037 1.28151631 0.772476315 0.379961967 1.42161882
    -0.0244210958 1.53713679 0.805276155 0.460100591 0.735758662
    1.11940598 1.58477807 1.16788149 1.51668108 -0.682261169 0.93890965
    1.23451066 -0.46820581 -0.198025733 1.50172186 0.915895581
    1.38965952 0.870004356 0.452412009 -0.416118026 -0.101814806
    1.29237354 0.62561965 -0.0552584529 -0.669787705 -0.513048828
    0.911298931 -0.613817811 0.103419244 0.892824888 0.727552295
    0.21405834 0.860392749 -0.446505219 0.78677851 1.40519941
    0.0713006854 1.2021606 0.095482707 0.119870186 1.14708292
    0.849477232 0.572150648 0.918643355 1.44474435 -0.338701218
    -0.722181559 1.01304078 1.67703724 0.10720849 0.790282607
    -0.27249825 -0.652771175 -0.081218183 0.633910358 -0.161896884
    0.633129239 -0.313184381 1.64417505 -0.48972249 0.859894037
    0.487967968 1.12728786 1.2072171 0.992355049 1.06205845 1.34403861
    0.265484631 0.237765431 0.500240922 1.17575657 0.762981892
    0.671367943 -0.0296950936 1.10231781 0.583781719 0.559052587
    0.262378454 1.12161708 1.62023222 0.315517187 0.555943489
    -0.176854551 1.08733976 0.350274563 0.530896902 0.397377491
    0.499385417 -0.457448065 1.31356549 -0.678166687 -0.580212951
    -0.522402287 -0.372999012 0.950545669 1.19447792 1.27912784
    1.09511697 0.957979798 0.664113641 1.46286845 1.56826079
    -0.353064626 0.169240415 0.933568478 1.61303353 0.459276021
    1.69716871 0.13210851 -0.282944709 0.238582432 0.238153934
    1.65026331 0.484022856 0.690459669 0.827269912 -0.100211143
    -0.00258934498 1.49000359 1.43972611 -0.263191104 -0.449235201
    1.45181632 1.46869016 0.481615007 -0.00577300787 0.552588522
    0.644600868 0.114322066 1.42981374 -0.337495148 -0.25632596
    0.830835462 1.03596425 0.851664305 1.35428429 0.942381263
    0.0263400674 0.648775101 1.11847687 0.479427814 1.41721106
    -0.288193136 -0.627283692 0.011116147 1.41548729 1.24198532
    0.100737631 1.27644992 1.42392373 1.61123419 0.474410594 0.212195814
    -0.658168972 0.388860643 1.17865527 0.266279817 0.293739796
    1.57238078 0.132900894 1.64071476 -0.294107914 1.13330698 1.56490552
    -0.348660469 0.552324712 -0.439038634 -0.0302780867 -0.605819225
    1.6055181 0.646923363 -0.23691538 0.715675056 -0.263429493
    0.825867951 1.05975652 0.831600845 1.07178283 -0.341030627
    -0.281563133 0.0741610527 0.13370043 0.596251905 1.00551033
    0.418094873 1.61922944 0.247765779 1.2949096 0.89870733 1.43000269
    -0.0414099097 -0.644563735 -0.654543221 0.215439439 0.0948773026
    1.39849401 0.00529289246 0.690333188 1.33913147 -0.623322666
    -0.0776641369 -0.498424619 -0.612734377 0.434063137 1.41630852
    0.515550196 1.43929839 -0.464577138 0.327551723 0.0977636576
    0.0012897253 0.28636837 1.54495049 0.371194124 0.721871078 1.024333
    1.30631506 -0.673850715 0.339267552 1.07799459 1.28433216 1.44223356
    -0.104711711 0.866091132 0.540971696 1.32029915 0.209016919
    1.63448584 1.27873135 -0.490025222 -0.438423395 1.17035222
    1.63495326 -0.528373659 -0.519244194 1.05035257 0.637396634
    1.64782763 0.486788511 -0.108993471 0.423787594 0.963402629
    0.133631229 1.04476368 0.091278851 0.158613384 -0.348446548
    -0.499843955 1.65715182 0.810490012 0.998089135 -0.427898109
    0.944958627 1.08671331 -0.610014737 0.750998497 1.57988453
    -0.584028244 1.22239947 -0.381523043 0.926148713 0.473998308
    1.29404283 0.810207844 0.395721436 0.672807276 0.619007349
    1.26916337 -0.0338144898 -0.130120456 -0.0500184298 1.45222521
    0.900211871 -0.0770092607 1.38515294 1.39440453 0.568153679
    -0.467050433 1.37659025 -0.037529707 -0.131821632 1.47497225
    1.10667181 -0.440257639 0.816405892 0.752356172 0.132963359
    -0.243347645 1.1323601 0.127528608 1.45383787 -0.381115615
    -0.622231245 0.985919952 -0.646675825 1.59632587 1.13469028
    0.66290468 1.13796639 0.204649508 1.35904968 0.284307539 0.271664858
    -0.0444200039 1.27767825 0.290305495 1.48690963 0.513231158
    0.401833892 -0.29634881 -0.149975181 0.147323072 0.738937199
    -0.345167994 0.410918534 0.667825401 -0.542503476 0.6868729
    1.21271193 1.00894189 -0.417328298 0.594727278 1.19116557
    0.777626634 0.546460986 -0.57643342 0.394494891 -0.606933951
    0.460875988 -0.423616558 0.554370105 -0.177349955 -0.454751074
    1.6128937 -0.355953634 0.420521021 1.28685117 0.384905875
    0.672044337 0.879408062 -0.605048537 -0.692249417 0.243230939
    1.43664265 -0.326189548 -0.508737147 0.519220889 -0.0915599465
    0.0129634142 1.44538629 0.338457584 1.2218411 -0.282634735
    -0.380513281 1.48056054 1.68926239 0.631479383 1.84712625 1.42390347
    0.662369013 0.650139213 0.64499253 0.945961595 -0.377995819
    1.32255816 1.4039309 0.293074012 0.259138048 0.298790455 0.177434385
    -0.657761157 -0.165455401 -0.217679411 -0.151852071 -0.0686435103
    0.362745106 0.0676062107 0.563895881 -0.613760054 1.38981187
    -0.590409935 0.0291202664 0.429250777 0.112737119 0.181022763
    0.462566495 0.530008912 0.00386434793 -0.48604545 1.4016695
    1.51539338 0.980041027 0.668094695 0.533249915 0.399976611
    -0.131090224 -0.574507833 1.4769628 -0.573774815 -0.0721969604
    -0.632684648 1.62277615 0.953835189 -0.283495009 1.20496976
    0.906617045 -0.186499238 -0.170605004 -0.195399225 0.350851774
    1.35571027 1.36397362 1.45596623 1.58647776 1.48886216 -0.327796936
    0.202356756 0.367813528 1.36291218 1.42123032 0.967320085
    -0.661626041 -0.210520744 1.65999961 1.04859614 1.52474678
    1.55485368 1.27454829 1.33523083 0.303812206 0.046759963 0.928333759
    1.23170972 0.6957376 1.64265764 -0.0771240592 1.02877879 0.877250552
    1.22667527 -0.0393457413 -0.248044789 1.3234657 -0.325632781
    0.522862971 0.264684081 1.44177437 0.616427481 -0.381513238
    -0.0407276154 0.179018736 0.161063612 1.58958876 0.340874255
    -0.32672894 -0.496694058 1.23804367 0.851484656 0.0931629539
    0.516902924 0.490376472 0.0607430339 1.49377596 1.53435624
    1.39701855 -0.0786177516 0.801504612 -0.403754115 0.996760845
    0.39713949 0.481762528 -0.219901919 0.25132221 -0.0935049057
    1.47041821 1.37583017 -0.66732651 0.431755841 0.847692549
    0.530345201 -0.401731193 -0.459687948 -0.0242456198 0.779648006
    1.60528052 1.37153471 0.66593945 0.292366207 1.33690906 0.271602035
    1.49748921 -0.082541585 0.505966306 -0.661108077 -0.461613297
    -0.320430815 0.79188025 -0.123075604 -0.691698313 1.01140404
    -0.441508412 1.30563056 -0.379969805 1.09565425 0.53398335
    0.698929608 -0.534534514 1.67046511 1.60079634 1.59805965 1.08166575
    -0.507078052 -0.0916824341 1.64307117 -0.375976592 0.772382021
    0.815846384 1.2979784 1.59985399 -0.389618754 0.96475774 0.976933837
    0.418895602 1.1800313 -0.467567623 -0.440617502 1.30222344
    1.23141551 -0.417398214 -0.158181012 -0.572404742 1.23606217
    0.796793044 0.801988542 1.03749537 1.34202433 0.560310364
    0.537103772 -0.648497343 1.04549646 -0.0271356702 0.59590286
    -0.0817401409 0.921105266 1.54292798 -0.508904457 0.0734195113
    -0.0932279825 -0.322211027 0.818446398 0.790151715 -0.587166548
    1.00258541 1.26994741 1.42645824 0.500938773 -0.559344292 1.3219676
    0.780058742 -0.185785174 1.51453614 0.958678722 0.680011511
    0.513246298 -0.411668032 -0.514738381 0.539508104 -0.128412664
    -0.489478886 1.52219272 1.10938263 0.838818014 0.562938213
    0.728631318 -0.534464538 -0.107682943 1.64553821 1.34275675
    -0.647004724 1.3541311 1.66502166 -0.527526617 0.313627303 1.2670157
    -0.0885128379 0.443421841 0.762972295 0.956499219 0.871627629
    0.918491781 1.62081432 -0.442211717 1.02998722 0.781180441
    1.14346361 1.31874967 -0.411056131 0.226673543 0.707814515
    0.770406127 -0.316350162 -0.66220808 1.39996707 0.87812078
    1.07659674 0.83884716 1.03883493 1.12921977 -0.572236001 1.41522121
    0.179889083 0.0100542307 1.42050648 0.92846334 1.08622265 1.98520851
    1.29372346 0.422542691 0.792971253 0.17137605 1.3724463 1.48227239
    -0.698880613 -0.658694148 -0.366703033 0.517989874 1.67538679
    0.735323727 0.934067011 1.68082523 -0.171491921 1.51442146
    0.565120876 0.994685471 1.65062022 -0.633988321 1.47285652
    1.36882102 0.623393655 0.0567609668 0.101688564 0.190125346
    -0.427329153 0.631004155 -0.250889987 0.16737169 0.86004144
    0.445367336 0.125558972 -0.600982308 0.619470537 0.374835551
    1.49577129 1.44821954 0.893098354 1.50297034 0.902239501 0.773796678
    -0.708121777 1.39428079 1.01683235 -0.383400559 0.95740962
    -0.351991534 -0.500755072 1.04582858 1.56920362 0.374298155
    0.274589121 -0.310252011 1.66763604 1.05932021 1.62397623
    0.245897293 -0.0974219441 1.28568816 1.14326406 1.09576154
    0.329584301 -0.299865276 1.07311034 -0.638965905 0.181831241
    0.209019184 0.0978935361 0.685689807 1.04076624 1.42129838
    -0.583991945 1.57804298 0.846157372 0.847627878 0.617784083
    -0.313219279 1.40901494 0.577226639 0.421801209 0.942583203
    0.471076369 1.57272482 -0.583260417 0.833240747 0.385757565
    0.16956687 0.165591836 0.142598093 1.2203548 0.793929875 1.66099203
    1.6546874 -0.0110732317 -0.438738108 0.272130191 -0.699395776
    1.52354419 0.818052232 -0.15784204 1.28499174 0.487604678
    -0.178087056 1.40360355 -0.00741434097 -0.394392431 1.67003655
    0.778780103 0.648444593 -0.239015102 1.55451763 0.772659898
    1.29475033 -0.305831194 0.968230069 0.821054876 -0.102935314
    0.166238785 1.17308187 0.886626005 -0.358243406 0.813896298
    -0.579593122 0.854271412 0.527595997 0.69640702 0.354025304
    -0.669348955 -0.000376582146 0.0757344961 1.22298908 1.59395635
    1.1116631 0.33511436 0.0146580935 1.26034808 1.10916424 1.66155386
    -0.21057862 1.05377209 0.771136463 1.60035968 0.0944638848
    -0.151883543 1.49302077 1.44587898 0.949623227 -0.63346535
    0.00561702251 1.33463693 -0.262266785 -0.334620446 1.14294887
    1.23903036 1.40243053 -0.493457198 -0.268962473 0.697655618
    1.47307122 -0.111877024 -0.436682343 1.63976192 -0.435343951
    -0.0311979055 0.201913834 0.791023552 0.13968271 0.0392465591
    -0.602645278 -0.0425890088 1.0704999 -0.575406432 0.829190791
    1.28287172 -0.527961433 1.51622152 1.10988402 0.0104638338
    1.04845095 0.877379417 0.313067853 1.36510015 0.924520016
    -0.0885688663 0.681110859 -0.289461017 1.48412168 1.05623734
    1.22313333 0.224668324 0.00768476725 1.53997838 0.780132771
    1.55034041 0.880672753 0.0590188503 0.585517406 0.995078981
    0.0881736279 1.33003747 0.83407104 0.127069533 1.21110725
    0.604705393 1.15297866 0.764091671 0.192458272 0.00936383009
    -0.107574165 1.4076972 0.953397036 0.00752472878 -0.471659243
    0.645153761 -0.312548161 1.29078448 0.807328343 0.643263161
    -0.384372175 -0.299283683 1.35127282 0.644017279 1.12404704
    1.35531223 0.247413337 1.57570267 -0.0852015018 1.43977666
    -0.218183339 -0.123047113 0.396187663 1.67714071 0.435392499
    -0.507569313 -0.436139256 0.178999841 -0.372219533 1.09385502
    1.24218166 1.69531572 0.62552464 1.05908215 0.160580993 0.790836751
    -0.53749311 0.64043051 -0.480304092 0.63121736 0.891590476
    -0.238750696 1.47147727 -0.462762803 -0.198999316 0.157039553
    1.95347273 1.37711692 1.44149888 1.05857396 0.207265377 0.547782063
    0.574752688 0.736632586 -0.212488949 0.458619416 1.3216356
    -0.129766822 0.704246819 0.676300049 -0.450766385 0.682266593
    -0.177595258 -0.572325349 0.122620583 0.72775346 -0.0350326896
    -0.215390354 0.708346307 -0.406003177 1.47175741 -0.328844845
    1.41513693 -0.109761596 0.0353714824 1.35729218 1.49552011 0.7769835
    0.89889133 -0.635208249 0.292519748 -0.538647652 0.322263241
    0.0245191455 0.588344693 -0.42806831 -0.364134938 1.37020516
    -0.485363364 -0.069413662 0.252461612 1.60207784 -0.0725554228
    1.46520126 -0.227030188 0.174971581 0.899748981 -0.58497858
    0.213209927 -0.134583771 1.42047882 0.88880229 0.864174545
    0.909403265 -0.652156353 -0.688222945 0.360372961 -0.594727933
    1.66027355 0.174232304 1.39292991 0.160293519 -0.383542567
    -0.428827345 0.897065997 0.119716525 -0.552468419 0.132505894
    1.02476132 1.23711014 0.0384807587 -0.67024982 0.428785264
    -0.053930223 0.673025966 -0.480602443 1.06288481 -0.17620188
    -0.50506568 0.0564923286 0.390456021 -0.0250191092 1.12411308
    0.0418931842 1.2125833 0.204988837 1.4711622 1.62808359 1.2437731
    -0.503194451 -0.0658568144 -0.236501992 1.48241246 0.218561828
    0.677705169 0.646227419 0.84984374 -0.470579505 1.15635586
    1.13126397 1.588094 1.41146564 0.444394529 0.541839659 0.690344155
    0.778624713 0.38566941 -0.0994965434 1.43352485 -0.177343667
    -0.254628181 0.839002073 0.130739331 0.130380392 0.0144633651
    1.13763356 0.933027029 1.23750246 0.831926227 -0.0366007686
    0.557337821 -0.4165546 0.481788456 -0.497816384 0.0620363355
    -0.560103059 0.188242733 0.178281963 1.05248129 1.60689497
    0.992342591 0.135402679 0.786188006 0.341648757 0.152245879
    0.575784028 0.171932638 -0.265104681 0.58116436 -0.47968477
    -0.443040252 0.824179173 0.330842376 1.21964002 0.420969248
    -0.317725688 0.841985941 0.268696308 -0.071649909 0.660816431
    -0.526171088 -0.0367054939 1.28392518 -0.354732662 0.714866996
    1.06101894 -0.666620374 0.249378681 1.02027369 0.726124465
    1.26939666 0.648265004 0.352731466 -0.691344976 0.825114191
    1.59418428 0.043628633 0.049780786 1.58403897 -0.70074898 0.45495683
    0.140436649 1.45492387 0.686251581 1.19253325 1.44811416 0.438859284
    1.51050019 1.37176061 0.66946888 -0.253207326 -0.441330224
    0.490914404 0.623444438 -0.175959706 0.444319844 -0.492576361
    1.03326583 1.44506764 1.67258477 0.506176174 -0.443728685 1.25625801
    0.0635820031 -0.698006392 -0.0530898571 1.48909152 -0.465189517
    1.66136384 0.332051694 -0.0994093418 -0.122891903 0.358810782
    -0.240784526 0.279156566 0.63460505 -0.599878073 -0.626997948
    1.31944609 0.578568995 -0.020191133 0.452226102 0.069879353
    1.33837557 -0.460278124 0.231828451 -0.0512942672 0.483502388
    1.54747069 -0.417579234 1.0486871 0.136510968 0.723437726 0.40924567
    0.453734159 -0.571557879 -0.659404457 -0.181790531 0.0340536237
    0.439755678 0.0475282669 -0.076189518 -0.4214288 1.59898567
    0.619257629 0.792644501 -0.0925679207 0.668366671 0.671459377
    -0.581394196 0.39850986 -0.235829115 -0.122342169 0.38867408
    0.029014349 -0.218723238 1.27039397 1.16426134 1.00460327 1.67590594
    1.34614372 1.05829835 0.390054286 1.06634998 0.896228075 1.32876158
    0.0745307207 1.15101671 1.32901025 1.28054678 1.56920362 0.88474977
    0.410060287 0.122228801 1.2030654 0.603145778 -0.316165954
    -0.659052551 1.01797414 -0.399132133 -0.640478969 -0.176814198
    0.0416133404 -0.554165304 0.895022511 0.140523255 1.73560166
    0.504031241 -0.111899137 -0.473401487 0.77974534 0.673494935
    1.39686191 1.38630366 0.0183102489 0.822376907 0.681543589
    0.294781744 0.58679837 1.30784297 0.527573466 1.12106085 1.57830215
    0.553958893 0.888660908 -0.0962962508 0.361063361 0.233038545
    -0.154946268 0.308539629 -0.225051999 1.65032148 1.03261757
    0.955625534 0.965555787 0.813735127 -0.404093087 0.873293996
    0.344997048 -0.543065667 1.2991991 0.243440628 0.551303208
    0.529383838 1.58729625 0.816904664 1.07882333 1.00291252 1.41050792
    1.64086974 0.15955627 -0.428716511 1.47599351 0.0666904449
    0.718220174 1.60140872 -0.0630004406 -0.324023187 1.03381729
    1.14154661 0.895872951 -0.395605922 -0.341631293 -0.140312314
    -0.493896276 0.805122912 -0.302145928 0.0563849211 1.68870306
    0.859867454 -0.342448115 0.0986412168 0.102655292 -0.404401779
    1.14669597 1.01540494 -0.495531768 -0.221410036 0.146196902
    1.10713243 0.269361913 0.177145422 -0.0465589166 0.352961481
    -0.192588478 0.750968754 -0.235868245 -0.0489179492 0.177870512
    1.41386175 1.10025978 0.229209125 1.36307907 1.63957405 -0.659505129
    0.457458258 1.43590522 -0.364900231 0.235050738 0.620610356
    0.860033214 1.0812335 -0.0268030167 -0.0144267678 0.357448041
    0.50117451 1.59105778 0.542794466 0.056596458 1.62252975
    -0.110484779 1.68548965 -0.131729901 -0.137750983 -0.339966744
    1.13301396 1.69009376 0.263035715 0.696733415 1.24379611 1.67894781
    -0.618318081 0.168815672 0.18111217 -0.544978201 1.47690868
    -0.0669854283 -0.187344432 0.541935325 0.415353298 0.120326281
    -0.0520555973 0.192143798 1.70348954 -0.502431452 0.553462327
    -0.65808171 -0.301035345 1.38040161 0.51889658 -0.537270427
    0.674974501 0.463076711 -0.256347537 0.250484884 1.33861816
    0.0122980475 0.217491746 -0.289286166 1.15368283 0.097026825
    -0.572609186 0.107764959 0.0532066822 0.188424528 -0.655922353
    1.36101222 -0.539195418 0.543871641 0.495219886 1.48868096
    -0.32822746 1.34899616 0.648746967 1.54831409 0.288881958
    0.915033638 1.13260627 1.07100272 -0.463252246 -0.240846634
    0.578117788 -0.142050147 1.56808603 0.566946864 -0.189517975
    0.696656227 -0.519416094 -0.542576432 0.242392778 1.03967667
    -0.589012921 -0.266943872 -0.677767396 0.421098471 1.25207424
    1.2923851 1.5529995 0.947262049 0.446433663 -0.111682773 0.695066988
    -0.195509881 -0.307293117 -0.019695878 0.721376836 0.439072847
    1.65269387 1.14961767 0.855890274 1.43328667 0.233157992 0.870649874
    -0.31404838 -0.233260691 0.543870449 -0.440995008 0.209416866
    0.121360779 0.658736229 0.689141273 -0.548209369 1.68139625
    -0.49431476 -0.382626206 1.25380814 0.881438434 1.21574962
    0.86733681 1.21606493 0.196353137 -0.0979159474 0.908647597
    1.29908395 0.469109893 0.357635081 -0.326841056 1.54662371
    0.823016763 1.49965084 -0.0056926012 0.941827774 1.27209818
    1.62644374 0.045461297 -0.109528869 0.197071046 0.526162505
    0.573563576 0.87661922 0.895379007 1.21295297 1.05000675 1.22636843
    -0.116384685 0.979204476 0.796297252 0.369039357 0.588425815
    1.59721112 0.725789487 1.46667087 0.436208725 0.462496281 1.41657174
    0.6128667 0.375737071 -0.630366027 -0.0808956027 0.626670539
    0.159772277 0.0686769485 0.941411078 0.00317531824 1.17336416
    -0.174108773 -0.396670133 0.314922988 0.751742721 -0.05308038
    1.34321761 0.769573152 -0.472667634 0.0814675689 0.987595558
    -0.393983603 0.417594373 1.60257268 -0.128836751 -0.58502692
    0.947654903 0.0526254177 0.199843943 0.238810122 -0.613622904
    -0.2875925 1.44514155 -0.384142458 -0.289621353 0.224842489
    -0.106592894 1.29736769 0.375927627 1.13741183 1.09165931
    -0.11458993 0.518571377 0.397916019 -0.37705332 0.833774328
    0.358807266 -0.269410521 -0.509071112 0.116958678 0.989901066
    1.40717912 1.61201751 -0.629695833 0.723568022 0.376557708
    -0.634703159 0.984241486 -0.374650568 0.99695015 0.0813869834
    0.0373343229 1.53209305 -0.377508432 1.07934737 -0.532403231
    -0.53567791 0.0463224649 0.996266246 0.156012714 -0.473473191
    1.21614218 -0.57831651 0.821433961 1.37689281 0.50399226 0.510213315
    0.610223293 1.10491323 1.53298855 -0.650112867 -0.540050328
    -0.143716574 1.35363793 -0.61536926 -0.0574805737 -0.239101648
    -0.213855207 -0.0229513049 -0.295284748 0.737132788 0.773367167
    -0.0244291425 1.27371764 0.268837631 -0.647832334 1.30134845
    -0.0991949439 -0.0393730402 1.08645606 0.51978761 0.92225939
    0.358730733 -0.35744375 0.190092862 0.293212533 -0.0439037085
    -0.169859171 0.406499505 0.830843091 0.16451335 0.798921824
    0.884495556 1.57997036 1.23956478 0.524897933 -0.119817197
    0.022821486 1.54557419 1.30857944 1.50099695 -0.318408489
    0.907541454 0.553255796 0.558276474 0.735657513 -0.00640749931
    -0.032535255 -0.0894711018 1.24286699 0.848234177 1.43615377
    0.901446998 1.0774703 -0.494910687 0.813703716 0.330880642
    0.978440344 -0.156088471 0.754235029 0.812204361 -0.290853679
    0.751343429 -0.0664051175 0.160402536 0.171515107 0.888792992
    0.492304325 -0.250111341 0.970185101 -0.203155726 0.398012519
    1.16689301 0.549873054 0.454048216 -0.182020843 -0.113386214
    -0.101565897 1.64758205 -0.48739177 0.266485512 0.181946754
    -0.411839485 0.198133409 1.24672234 0.107812405 0.391838789
    1.17205656 -0.456124425 0.569218993 1.07674336 1.64476871
    -0.42639485 -0.0209515691 1.03630602 0.990020156 0.382600546
    0.915883243 -0.0039563179 -0.590988576 -0.31251359 1.26945341
    1.53554749 -0.205012143 1.57385373 0.261232257 1.24142051
    0.198775887 1.60098743 1.17946804 1.49474621 0.299876034 0.103694201
    1.43365026 0.0888074636 1.4748714 -0.265368909 1.42705679
    -0.592621088 -0.602318943 -0.0698675513 1.32938874 1.26877594
    0.245689511 0.0758472681 0.405389845 1.72678375 -0.477880388
    1.19073939 1.69135273 0.110152364 1.20458078 0.791832626
    -0.329826832 0.780793071 1.25635624 -0.247465372 0.391136587
    -0.0198434591 0.339073539 0.645070612 -0.232266605 -0.0155487061
    -0.065662384 1.38670659 -0.443273664 0.492796481 0.274988592
    0.50047344 0.195023417 -0.588492572 -0.55873394 0.114991128
    0.9036026 0.73865664 0.933250785 1.30483866 1.24166203 1.12166953
    -0.017481178 0.506260812 0.926988363 -0.0482611656 0.0656709671
    -0.0432556272 0.718868673 1.43690562 0.955672026 -0.0326749682
    1.62775254 1.13330936 0.826403558 0.637132287 0.676743507
    -0.481577426 0.25881356 1.47770333 0.404578328 1.11830187
    0.0227500796 1.63416898 0.466073334 -0.00786876678 1.46363187
    0.384716153 0.909591913 -0.100606799 1.4916265 -0.202061534
    -0.0633789301 0.455255568 0.385094106 0.45539391 -0.465464026
    0.986042857 -0.418471098 0.247699201 0.533772409 -0.410278559
    0.820940435 1.50294304 1.23444891 0.708175361 1.46647406
    -0.249002308 0.0127413273 0.826198339 -0.0212141275 1.16505361
    0.792818248 -0.296299368 -0.54931289 0.090857625 -0.524540603
    -0.0620909929 0.311366498 0.0211887956 0.29134208 -0.341529638
    -0.306621701 0.885044575 -0.0687990189 0.45540756 1.38404655
    1.61922956 0.389746666 0.786101699 -0.656942487 0.583792508
    0.861373425 0.0747434497 1.4930656 0.695679009 -0.0492035151
    -0.0412065983 0.865203261 -0.535587728 -0.47203055 1.30604291
    1.60010242 1.18343449 -0.616386235 0.475562394 1.69986629
    0.0444608927 1.07053423 1.41581511 1.58690333 -0.210928798
    -0.631166756 -0.466660261 0.215483963 1.15949225 -0.0432730913
    -0.331643909 1.26725721 1.7037127 1.27167225 0.214306414
    -0.0685075521 0.194379866 0.537269533 -0.680603445 1.53664804
    1.43126035 0.0984025598 -0.602144122 1.05494475 1.22314858
    -0.537411749 1.45648265 1.18151999 1.41532481 -0.341003865
    1.17282891 -0.541149259 1.57791209 0.230564237 0.421969295
    0.254428148 1.61152387 -0.236486226 0.193557203 1.12691236
    1.26017189 0.467939436 0.0590615869 0.56192404 0.271481872
    -0.604299605 0.482915282 0.563626051 -0.449422717 0.4407956
    0.661761761 1.10541868 -0.392576188 0.837493062 0.841244102
    0.0917996168 1.10923386 -0.473209292 1.01261353 1.49415517
    -0.551184416 1.50099587 -0.490222842 0.615639925 0.568840384
    0.746372104 -0.523904979 0.182640493 -0.591816008 0.68178618
    0.0379008651 0.712717354 0.189456999 -0.657735169 -0.182308316
    1.34121633 -0.243859619 1.29700589 0.618702233 1.32749748
    0.684157193 0.191025853 -0.262502134 0.536497056 1.20548439
    -0.179816127 -0.719836712 -0.452346921 1.22604406 0.0439217091
    -0.618815958 0.330853462 1.25455856 0.64089942 -0.592548966
    0.91475296 -0.452758491 0.771875083 0.271224678 -0.083224237
    1.50606835 0.871242225 -0.583408654 -0.656499445 0.906492293
    1.05072141 1.55428624 1.26309204 -0.515677214 1.46513903 0.189660788
    -0.411297798 -0.144660532 1.37410927 1.54650867 0.970473349
    0.844273329 -0.368808478 0.00208675861 0.597147763 -0.359002262
    0.19650203 0.628954172 1.54435229 1.06719017 -0.628604412 1.08233714
    0.171186864 1.24929428 -0.602177501 0.916358948 1.15458179
    1.27586794 1.00206912 0.610254169 0.219989896 -0.0607145429
    1.25867128 1.1554513 0.393774688 -0.565034926 0.274448097
    -0.36549449 -0.0044580102 0.727487624 -0.237699062 1.45599985
    0.92733103 0.956789255 0.958512008 1.15029156 0.99909997 0.915489554
    0.269956231 0.105949938 1.53365982 -0.503491879 1.53925097
    1.44664717 0.389045238 -0.408783883 0.574279845 0.597002804
    1.12414932 0.486932516 1.5759784 0.854207933 -0.393576622
    -0.322140843 0.0532514453 1.89742506 1.31410933 1.24893475
    0.13851127 1.78857005 0.347128689 1.26079154 1.62452483 0.722438097
    -0.504476845 1.53450596 0.109113276 1.22077584 0.19826746
    -0.048083961 1.70788407 0.981749713 0.452686906 1.00470376
    1.18309307 -0.625472486 0.874203146 0.685840905 -0.553616703
    1.69879901 0.226832628 0.122236252 1.64921832 1.26051581 0.739239454
    1.17045331 1.36667037 -0.476416558 0.0424807668 1.60294056
    0.757248759 -0.13820219 -0.605507433 0.429856539 0.876236439
    0.396722913 0.863312364 0.148656607 0.401855826 0.824241042
    1.36430228 0.729855418 1.49315751 -0.321889967 1.38941193
    0.171379864 0.597860813 1.54216051 -0.32516104 0.949847758
    -0.578372002 0.940032482 1.2644105 1.39569902 1.05094755
    -0.670977354 0.565425277 -0.102278173 1.16917157 1.62659407
    1.49082875 0.527908027 0.9063434 1.26304746 0.934287012 0.721840918
    0.9978441 1.45432746 -0.529116869 -0.36092478 1.09974813 0.754523039
    0.969389558 -0.53425324 1.62205625 1.30664623 1.48440421
    -0.527784646 0.658786297 -0.0137634277 1.51738501 0.363678455
    -0.275065064 1.59688687 0.524144411 -0.225266695 -0.564436495
    0.923207879 1.27556252 -0.468533456 1.30386341 1.54527164 1.42900515
    0.645462453 1.42784369 -0.458616614 -0.127321899 1.50844204
    -0.616935074 -0.119421422 0.98574996 0.793292284 0.692197204
    1.33678913 1.33005309 0.506821334 -0.371176809 0.456796288
    1.39705253 1.31878483 0.926043987 1.51538467 -0.345467448
    -0.277506948 1.13051367 1.02337587 1.10030484 0.313745558 1.13495266
    -0.277895093 -0.0202195644 0.984652638 -0.236229956 0.950538456
    1.00434601 -0.644880712 -0.12072587 0.128294647 1.50800514
    -0.15689981 -0.0928512216 0.287185133 0.555762708 -0.447434366
    0.029297471 0.487277925 1.57173705 1.64466786 0.183390141 1.50726354
    0.0270540714 0.608191013 0.72996372 1.20741332 -0.429943383
    -0.311706841 1.10542893 1.71892524 -0.0772898793 0.341591418
    -0.171369374 -0.549646497 1.68298769 0.792010546 1.24926043
    0.307590127 0.88986063 -0.694294095 0.712614417 0.375925362
    1.27527797 -0.303336978 -0.38651979 1.15694809 0.680602968 0.7528736
    -0.351293206 0.574548066 -0.348429918 1.53512073 -0.0290962458
    1.52355504 1.5529958 0.845647573 0.344577432 -0.639022052
    -0.728139222 0.0936633945 0.798806369 -0.579426169 1.00611556
    1.60510039 0.779559612 0.0885939002 -0.381137073 0.629770279
    1.45503521 0.134735763 0.775415659 0.57661289 0.963597596
    -0.38603428 -0.0321748257 -0.140728831 -0.272518545 1.61215425
    1.68869925 -0.167816699 0.429261804 -0.308338404 -0.624522567
    1.47877681 -0.408717304 1.03015685 0.947545469 0.790976048
    -0.0949280858 1.48189163 1.29288769 -0.00324648619 0.857796788
    1.44374633 -0.0403109193 0.19192189 0.516377449 0.645788848
    -0.286758482 1.5113802 -0.555617213 -0.525272965 1.04308391
    0.892518461 1.29635978 0.259579599 0.418179095 0.605609059
    1.20433033 -0.530144036 -0.468642086 0.899823368 0.877139032
    1.11640549 1.11212707 -0.269688129 1.57271957 1.34255838 0.444162905
    1.4219352 -0.673494995 0.413811326 0.976389289 -0.454897732
    -0.263405085 0.518104255 1.26774144 -0.175243378 1.35294592
    1.16674447 0.768081486 1.84242868 0.415744811 -0.291773021
    0.810794711 -0.112088799 0.644678235 1.56644082 0.0341181755
    0.974349856 0.945780516 -0.168300092 0.769734859 -0.279633194
    0.254971802 -0.627016187 0.925282061 1.59172893 -0.466279268
    0.79604727 -0.287984014 0.416201651 -0.489530087 -0.369176924
    0.0746257305 -0.376184583 -0.123756528 1.40225673 -0.0282404423
    -0.278810859 -0.0167306066 -0.0566750765 0.647492111 -0.620388746
    -0.299910277 0.0611393452 1.55463719 0.618469357 0.314556122
    1.3229593 -0.607834578 1.38583243 0.191438735 0.518768549
    -0.52498889 1.11803043 0.828843772 0.830027759 0.172845662
    1.36575651 1.6698252 0.666169703 1.61682391 0.236673176 -0.596162796
    1.54131913 0.399541199 1.72281444 1.06158733 1.08777475 0.0914881825
    0.190817416 0.906005979 -0.00641024113 0.0645779967 1.24573064
    0.136178732 0.921640933 -0.410038829 0.557522237 -0.393078506
    1.31074595 0.830267727 1.44782424 0.836332858 0.95717597 1.58068871
    0.0136113763 1.56703281 -0.117512524 0.0998696089 1.09323275
    1.47815013 1.35303783 -0.556193352 0.220023036 0.334437966
    0.235694289 0.65016824 0.989660919 1.32668471 -0.319814652
    0.802433252 0.856579542 -0.428398013 -0.213172793 1.49822617
    0.215857625 0.853564024 0.625659645 0.264267683 0.483814478
    1.0036453 -0.462136716 0.30379802 0.485060096 1.24603963 1.56281447
    -0.0523009896 0.832663834 1.08479977 -0.533975244 0.0420235395
    -0.492180854 0.658055544 -0.467795789 1.00186586 -0.407389075
    1.43591881 -0.141900897 1.52507424 1.17516887 -0.077295661
    0.642702639 1.30146348 0.777229071 0.637832284 -0.298528284
    1.12433219 -0.232483655 1.49873793 0.624440134 -0.354445338
    0.894338489 -0.430452675 1.29098964 1.13666439 0.0887782574
    1.65611649 1.45816958 0.410444677 -0.676554739 -0.294257581
    1.50120687 0.280375361 0.560102105 1.16653848 0.505424201 1.44101524
    -0.173220694 -0.144634128 -0.474572718 0.424456477 -0.477735132
    1.03285289 0.406741798 1.03025234 0.868372142 0.466143847 1.4234519
    0.0413933396 0.102234185 1.11391175 1.11500525 0.646989465
    0.171424508 1.10047591 -0.163831353 0.68616873 1.06500208
    -0.400698006 -0.309435546 1.52454066 1.24007177 0.576760232
    0.874213874 1.62683845 1.4002347 0.961763263 -0.244979233
    0.742068052 0.953798711 1.56767368 1.27316391 0.386768043
    -0.397478074 0.181320608 -0.318579942 0.0829200149 0.859596848
    -0.136453748 -0.280702472 1.60163689 0.232183278 1.04819512
    -0.0303894877 0.92880559 0.799936116 -0.167563975 -0.511162162
    1.30636179 1.54027498 -0.0323033333 -0.237864137 -0.334741831
    1.37588692 -0.020192802 0.592824042 0.76813513 0.757202148
    1.21839011 -0.559719324 1.71522808 0.207857251 -0.349580288
    1.17383909 0.786275387 -0.632540226 1.19104671 1.27283573
    -0.476907343 0.181113541 -0.248017073 0.614501178 1.38633752
    0.99269104 -0.408780962 -0.132496536 -0.108785272 0.800809801
    0.345905006 1.15215218 0.295870602 0.846022069 0.476309001
    -0.343875408 0.691909969 1.34327102 1.61533368 0.0222747922
    -0.0684521198 1.50845659 0.591048598 0.524543583 -0.121279478
    0.995649874 1.52017069 0.257733762 1.24401808 0.614490926 0.76829797
    -0.475866914 0.214565814 0.295686245 1.73628426 0.324155748
    0.707738876 0.218790054 0.777480364 1.23938668 1.05210757
    0.061498791 1.91308677 -0.0716344416 1.80389333 0.662680805
    1.1644206 1.18294454 1.25906909 0.139867127 0.676061392 -0.420677781
    0.805770934 1.05792582 0.468424022 -0.433012664 -0.000755310059
    0.993581951 0.218465865 0.784498215 -0.0839121342 0.0194519758
    0.688922405 1.24450421 1.57954192 1.27921081 -0.342314541
    0.833872378 0.313921809 -0.166035146 0.826111615 0.219384611
    0.200484812 1.46778083 1.45159066 0.918778896 1.04312658
    -0.110508502 1.06215775 0.0179998875 0.0382688046 0.821750879
    -0.517401636 1.04426122 1.55540216 0.709651589 0.444119155
    -0.0609410405 1.03453064 1.68559384 0.293027937 -0.140058041
    0.434552789 1.24134719 0.638831317 -0.240859002 0.51206851
    -0.246201426 -0.328080475 1.55623567 0.684767544 1.596591 1.32852221
    1.25712657 -0.609221578 -0.576045215 -0.43935591 1.01822448
    -0.187442899 -0.111333489 1.32565784 0.329213798 -0.500332355
    -0.124352276 0.582809865 1.06884265 0.141973794 1.44683802
    -0.648920715 -0.380209029 -0.360525697 0.776549399 0.21383512
    0.523466408 0.742703557 1.01093245 0.0112677813 0.201204717
    1.59218621 1.34670019 -0.0161224008 1.14008641 0.268123806
    0.945347548 1.21972132 0.842857122 -0.207905352 0.408692956
    0.370462239 1.17955065 -0.20341 1.68529916 0.490437627 0.401812315
    -0.327152252 -0.250498354 1.03788996 0.947257757 0.132350564
    0.671897292 0.719097257 -0.119241297 0.759246171 1.62406492
    1.2376579 -0.00590527058 -0.250977635 0.325035453 1.00945771
    1.25318718 -0.134478092 -0.478121668 0.276254952 1.46086276
    0.330159128 -0.206417263 0.84726578 1.01386416 0.524932265
    0.0219659209 1.39791775 1.46924579 0.452429056 1.63041091
    0.895862162 0.156010747 1.14987135 -0.364024103 1.48607743
    -0.0939611197 1.60439658 1.59525812 -0.0228130817 0.931416571
    0.259548664 -0.357630253 -0.491186738 0.628293097 0.502240241
    0.385707021 0.400254846 -0.0197327733 0.661449552 0.348618031
    1.14382982 0.77061528 1.62618113 1.17021871 1.08414018 -0.232410133
    -0.645387053 0.524987936 1.19570303 1.26531196 0.131950617
    1.18427241 0.44165647 0.65885973 0.627344966 1.66521406 1.39479136
    1.17660153 0.355185211 1.70829153 -0.132718563 0.811318517
    1.04964602 1.06590772 1.58112013 1.48625803 -0.403685212 1.58321953
    -0.228486359 0.755562603 0.825951755 1.3241266 0.24452889
    -0.676521957 1.54544449 -0.360792071 0.530283332 1.48430347
    -0.565301716 0.940259039 -0.471225441 -0.587178171 0.302164316
    0.91586405 1.04418254 0.446143925 0.60251224 -0.470694482
    0.711520374 1.05158782 0.24945873 0.832089424 -0.428344667
    0.0463084579 1.43705368 1.06025207 0.0801072121 -0.525055587
    1.17081201 -0.245849401 0.470682323 0.637698591 0.226242661
    0.77080065 -0.27148211 0.0990134478 0.0760242343 1.66392303
    -0.359333724 -0.356150061 -0.539118826 -0.491301179 0.888556838
    1.04122043 1.2468586 0.399980307 0.404457033 0.2522856 0.473264039
    -0.485360473 -0.583834827 0.0413625836 0.456269622 1.10438275
    -0.116141856 0.201965928 1.34788978 1.54918122 1.05720782
    0.428182364 -0.736446023 0.30343914 -0.533050776 1.54345465
    0.0408039093 -0.410719216 -0.0863260627 -0.0467889905 -0.2877433
    -0.426026314 0.405712426 1.79630625 1.3926971 -0.216804385
    0.305404514 1.41508532 1.42129636 1.20914602 0.653934002
    -0.495203197 -0.170976102 0.759260237 0.309287429 -0.154066443
    0.0707626939 0.100506723 -0.142025352 0.865044594 0.0574730635
    0.632006764 0.951171339 -0.48042506 1.53366053 0.317016602
    0.935107112 0.272464931 0.243697762 0.601269603 0.468830168
    1.14304423 0.72650516 0.821846008 -0.183630109 0.288620055
    1.17059755 1.20822453 1.71167517 -0.295286328 -0.134022355
    0.918360293 -0.515956759 1.34575665 1.3264401 1.15676343
    -0.358467162 1.21751308 -0.643440187 0.587256193 1.66799319
    0.069309175 0.130107641 0.503097594 -0.138240993 0.399411619
    0.628595352 -0.0392564535 0.484047294 0.555747747 -0.534096658
    -0.432197273 0.712076128 1.69276118 0.76832819 1.19252312
    0.861404061 -0.213819593 0.207589984 1.15302181 0.44695437
    0.353956223 0.0612505674 1.02942646 0.903392971 -0.280672371
    0.617007315 1.35665166 0.720956624 -0.292702436 0.765052319
    0.658873439 1.56404948 1.32833815 -0.475648195 -0.217439383
    0.240292668 0.244166911 1.22873902 0.808044672 1.68338418
    0.028070271 1.41189957 0.387423992 0.0851359963 1.55933142
    0.422294676 -0.0597609282 1.66942024 -0.213176847 1.60695624
    0.652140915 1.00021148 0.421188831 -0.106323838 1.27584255
    1.42647576 1.47296143 0.189567506 1.26922131 1.26846838 1.30812311
    0.237038255 1.23175931 -0.404318094 -0.0323652029 0.245042801
    0.47286427 1.44508779 0.168358266 1.2070992 0.989224851 1.23992276
    0.331935942 -0.392437339 -0.253956258 0.00549280643 0.511929452
    -0.0388755798 1.10105371 -0.582402527 0.68004638 1.10121107
    -0.575205922 0.707887053 0.886229694 1.25334859 0.755818009
    0.411971867 0.107551634 -0.143085241 -0.330996692 0.793578446
    0.0680526495 0.216416061 1.02317691 0.114189506 0.932085276
    0.231751382 0.0834301114 -0.546004295 1.09680533 0.930997372
    -0.537408531 -0.465780973 0.893261075 1.41811609 1.6449877
    -0.66309005 0.624256134 -0.055957973 0.359125257 -0.5923388
    0.513794422 0.224364519 1.14082515 1.46379983 1.14448404 1.4840188
    -0.428236127 0.856791735 -0.339699388 -0.392582417 1.10749865
    1.38546562 -0.536976457 -0.297209799 0.917146087 1.05943966
    -0.585683703 0.853522837 1.58363318 0.967257738 0.687685132
    0.539152265 -0.585596204 1.61699319 -0.520553231 1.18592405
    0.379341424 0.949128509 0.690790892 1.40255594 0.0641847849
    0.478135467 -0.300248742 1.40026975 0.0411042571 1.0115931
    1.23014128 1.18108535 -0.265307218 -0.298652232 1.65593934
    1.70030248 0.468531489 1.5116806 -0.256814837 1.47559893 0.619192719
    0.137153268 0.463073373 0.761104405 0.419757843 0.170190752
    0.694602191 0.0866379142 -0.435263485 0.397342682 0.950328588
    -0.602360845 0.758211553 0.352226853 1.47474456 0.390196681
    -0.207513362 0.595901906 0.00125801563 0.423266351 -0.577572286
    1.70075226 0.0119231939 1.34746754 0.461736441 -0.460588396
    0.492871284 0.695359707 -0.519791842 1.25494826 -0.640274346
    0.626529038 0.874511898 0.81418395 -0.493322372 1.18817806
    -0.210063815 -0.288120151 -0.60227716 0.922147751 0.757799923
    0.933302402 0.355880976 0.787828565 -0.449073434 1.64316082
    1.52616692 0.962604344 1.64860356 -0.247103244 0.252968431
    0.58854723 0.326510638 0.16415596 -0.418351412 0.361211598
    1.35725904 0.905727327 -0.200769067 -0.25624463 0.442143619
    0.865151346 -0.407528222 1.11843801 0.461616397 0.574970186
    1.23476911 1.08601856 0.797253072 0.556247115 1.05091262 1.19657362
    1.57952702 0.766027093 0.131554246 0.60229975 -0.323616743
    -0.199771464 0.0997738838 -0.17241925 -0.564799011 -0.503578663
    -0.152781606 1.6742537 -0.158993304 -0.157351851 -0.373197615
    0.562848866 0.870952904 0.61462611 0.207159221 -0.542955279
    -0.116272449 0.909733951 0.187038183 0.794406474 0.838903725
    0.763594329 0.140901327 -0.54746145 -0.267689407 -0.37149483
    -0.613804996 0.339671731 -0.492705464 0.599909842 0.383110523
    0.183170915 0.125149369 0.507747769 -0.650226593 -0.14256686
    0.131107926 0.331604064 1.56945217 0.188892901 0.698985577
    0.526277602 0.644131422 1.29967141 1.27529418 -0.263154507
    -0.249951631 0.370959997 1.54005075 1.50838923 1.24465656 1.49079752
    1.2433337 1.40228701 1.69247627 -0.453647643 -0.477164924 0.3093189
    -0.338783741 0.3273139 0.201159716 1.09988284 0.836064935
    -0.189364433 1.12713337 0.695849895 0.595114946 -0.271633267
    0.404034317 -0.241986781 -0.47620365 -0.0428614616 1.10025382
    0.934516609 -0.641197503 0.728311062 0.961420834 0.256528854
    0.0768341422 0.989672363 -0.228253633 0.0674513578 -0.663254142
    -0.0296900272 0.340205193 1.44929099 0.872416735 0.90170294
    0.738739431 -0.588380456 0.327250957 -0.0731493831 1.44382763
    0.535020828 1.47519898 1.60905743 1.51386023 1.18119097 0.114450574
    -0.227062225 1.45116115 0.198434353 -0.294755489 -0.46822235
    0.216921389 1.1569196 1.34713233 1.2149533 -0.669179201 0.452814817
    1.30847335 0.321574152 0.0760625005 -0.167532742 0.766634762
    0.664993703 1.00503731 -0.616207421 1.49400401 -0.181215197
    1.00642657 -0.365485549 -0.581344962 -0.053526938 1.63634539
    1.49431193 -0.268982708 1.71407926 -0.532086253 1.64916384
    0.114022553 1.66221678 0.331413388 0.66715157 0.204638183 1.37751102
    1.62806225 -0.00145232677 0.927648962 0.620408297 0.521972835
    -0.100696802 1.19970179 -0.435913026 0.289095104 0.637236774
    -0.0392751098 -0.193308502 0.218773067 1.50983012 0.894622266
    -0.224563062 0.630079746 1.57316065 0.279652715 1.11605144
    -0.162013471 0.681709468 1.4705267 -0.596524775 -0.0540492535
    0.407516479 0.88699913 1.14055324 0.456053078 1.13267493 0.435407579
    -0.585410237 1.00524008 0.98219502 0.723831296 0.334963143
    -0.623041332 0.632665932 0.854111552 1.46769047 -0.455275893
    -0.172206938 0.930464804 0.3378492 1.02381694 1.4632448 0.36831373
    0.524098039 1.25742483 0.638331592 -0.572997212 0.314076602
    0.256285608 0.261566699 0.639734864 0.771090806 0.781945407
    1.67506981 0.163476169 0.666464031 -0.450414568 0.266356587
    0.307731628 0.865060031 0.273584604 1.4312346 0.396124363
    0.614648879 0.372052431 1.51985431 0.620448709 0.449401081
    0.958020449 -0.403230309 1.23228037 -0.26278317 1.42365003
    0.0153751373 0.174930573 1.54650342 -0.0130156279 1.29820561
    1.66104388 0.53595221 1.11730051 -0.425177574 1.02449059
    -0.477348775 0.238330424 1.01442182 0.894137204 0.399907947
    -0.410100877 0.89711386 1.46948349 0.025059849 1.27868307 1.46831036
    0.0351081491 0.929602087 1.30400038 -0.15731442 -0.601626337
    -0.152454674 -0.313892424 1.20964551 -0.515842497 0.888049841
    -0.0727425814 0.863317072 0.190953314 0.345693171 -0.578727543
    0.989517331 1.45633793 1.29748499 1.45940387 -0.563379109
    0.737972856 -0.000921428204 0.0604798794 0.346042454 0.591187477
    -0.489251494 0.995475173 0.395243943 1.60206521 0.248959601
    1.62117743 1.50841057 0.597296894 1.06177223 -0.0433799028
    -0.555798173 0.472187519 -0.00960057974 1.37763572 1.40730309
    0.891941786 0.714803636 1.16196346 -0.54176259 1.18885124 1.63761854
    0.159056783 -0.163537264 0.551021695 1.46890378 1.08223224 1.6334635
    1.67341518 -0.175227702 0.724684417 0.570994794 -0.555312634
    -0.496777177 0.814891279 -0.528531551 -0.419916391 0.45801264
    0.298395991 -0.546078503 -0.0638676286 0.177534997 -0.13226378
    -0.379559159 0.226243258 -0.281309843 1.45067966 -0.508949637
    -0.339247584 0.698729157 -0.433780283 -0.359247208 0.589917839
    -0.406717539 -0.64671874 -0.152183712 1.47329545 1.58360231
    0.814329386 -0.292666525 0.6934883 -0.559154212 -0.368432581
    1.6259675 -0.121000409 -0.6632303 1.03535676 -0.556020737
    0.299953222 0.754099131 0.914578021 0.214351118 -0.024491787
    0.558269322 -0.0594154596 -0.148113132 -0.0194426179 -0.252094805
    0.627439559 1.19222641 -0.442816913 0.639117002 -0.365913093
    1.48717082 -0.545619488 0.508520365 0.591555715 0.348075867
    1.05571365 0.173437953 -0.0642981529 1.63983917 0.250389159
    -0.588449717 -0.217555791 1.28094888 1.48877096 -0.286549181
    -0.407940149 -0.289494753 -0.0177521706 -0.479244232 -0.315591335
    -0.595185935 1.29413068 0.53702426 1.07763815 0.559402406
    0.364139915 0.128576517 0.939477205 0.805479944 -0.00898778439
    1.36759019 1.33319533 -0.338637114 -0.214825511 -0.408526301
    0.403442204 -0.0730097294 1.23681152 0.700318992 0.469643474
    1.03836632 -0.413227051 0.995346606 -0.0680430532 0.291739285
    -0.642836094 1.07810163 0.179109216 -0.0596131682 0.201036513
    0.219178498 0.319219232 -0.518904507 0.884642541 1.52126551
    0.885343492 0.754492402 0.0208522677 1.12546086 0.0770287514
    0.55526334 1.19094872 -0.357368529 -0.56997484 1.06260514
    0.294761777 1.64417028 -0.343728393 -0.0934378505 1.23753858
    1.05078161 -0.397985339 -0.517804861 -0.395042121 -0.227302819
    0.774864316 1.43310368 1.36275733 0.579525709 0.860380173
    -0.0963907838 0.562628627 -0.346037656 0.247488379 -0.667130291
    0.885936439 -0.237722695 -0.238734007 0.0248296857 -0.390713066
    0.809705019 -0.51045537 -0.0330530405 0.25086242 -0.524890304
    -0.662308097 1.532269 0.433159232 1.02550101 1.34865701 1.56625485
    -0.239779264 -0.371930003 -0.143798113 -0.642391682 0.365774751
    1.38375211 -0.101200044 0.652665675 1.16097867 0.934822381
    0.773370564 -0.675884008 0.65706569 0.658484995 0.111487508
    -0.402537525 1.56428599 -0.239849418 0.768537283 -0.503469825
    -0.13108182 0.00486600399 0.841697574 0.64155215 -0.332620531
    0.911557019 0.994907498 1.28149486 0.3100757 0.000647485256
    1.36243165 1.37079573 0.560225487 0.361022115 0.237054765
    -0.0702371001 -0.0360255837 1.49721181 0.517871916 1.29959416
    0.734148622 0.745871007 0.545756042 -0.390270978 1.08483469
    0.245406389 1.1833384 0.567486525 -0.302200854 -0.297981322
    0.716625512 -0.248228669 -0.362072051 1.06856656 1.54825604
    1.41884017 0.795297086 0.35301131 -0.45561552 1.07948232 1.00338483
    0.0416885614 1.42416 1.57615817 -0.170977175 1.66994429 1.0422051
    0.566880822 -0.624614656 0.887104213 0.948218405 1.43544102
    0.101522744 0.117832005 0.6699 0.683525741 0.104163826 0.288146257
    0.060174644 1.26370788 1.27921832 1.02818465 -0.118583083
    0.812455654 0.883325875 -0.475478411 1.32953429 -0.615168035
    -0.653680205 0.220466554 0.335422635 0.752168894 0.123117268
    0.748498321 -0.388468355 0.256007791 1.15222645 1.21279228
    0.0129826665 1.29500818 0.724329174 1.0877502 -0.369861454
    1.39814496 -0.367806017 0.402398765 -0.197938383 -0.602979004
    -0.563827455 0.189001918 -0.40837875 0.754606605 0.679525673
    0.400423706 1.61863351 0.585949957 1.18546128 0.572226286
    0.280659139 0.18269825 -0.330911905 1.42983794 1.5804131 0.231170595
    -0.638071299 0.767003894 -0.188180089 0.809320569 1.21595347
    1.48691964 1.16562629 0.390517592 -0.537360191 0.672247529
    1.09558034 1.51400661 0.348778486 1.20853889 1.32794952 -0.585428834
    0.420336068 -0.0122032166 0.233715475 1.40717161 0.118348002
    1.000067 1.25633776 1.20056415 0.807727396 0.975369096 -0.0579013228
    -0.418861896 -0.64463079 -0.0218719244 1.28720164 -0.222425044
    0.951007187 1.32478249 -0.43063581 0.867423832 1.14832163 1.67464876
    -0.136550605 1.01066947 0.726666808 0.568103194 -0.297761172
    -0.418415457 1.22837043 -0.517232895 0.0870167613 0.593511462
    0.569806039 -0.211156428 -0.205457032 -0.227125674 1.52618015
    0.148357868 -0.0866416097 0.0674942136 -0.351645976 1.26632547
    0.0254122615 0.447231293 -0.538188994 0.711681724 1.50536883
    0.625479221 -0.00216591358 -0.090082705 -0.628087044 0.959111273
    1.08125246 0.421864212 1.45095849 0.227559507 1.20256996 0.6109671
    0.765339553 -0.305298835 0.792315066 -0.357403845 -0.285582751
    0.445262551 -0.46197921 1.51560855 0.300160646 0.895791888
    1.49207306 0.815011561 1.13143194 0.304613054 1.5904727 0.550861478
    1.27580118 1.18863654 1.429672 -0.175853014 1.41704059 -0.34637475
    1.08229864 0.336571515 1.320678 0.251770437 -0.611721158 0.129744232
    -0.516518831 0.584979534 1.12417173 0.828969419 0.318549454
    0.147983134 1.30253124 1.10407507 0.930593848 0.59730953
    -0.311137229 0.894562602 1.31578469 -0.147558272 0.977906704
    0.468741834 1.31194687 0.669769764 0.307541788 1.51793528 1.66387486
    0.402709007 0.720866919 -0.0595776439 0.748309731 0.719854474
    -0.110642254 1.12331629 0.739005923 1.68076766 -0.125864148
    -0.51349628 0.296523929 -0.49925679 1.41041541 0.852285743
    0.38468188 -0.0858818889 1.15582609 0.435967445 0.102281153
    1.61768746 1.14207816 1.63043427 -0.431788653 1.4069941 -0.524640083
    0.207902372 0.564017177 0.800628901 1.28935075 0.408735156
    1.26894748 -0.550978899 1.05082989 0.257014334 0.848736107
    -0.375906706 1.03808618 1.27672172 0.579093933 0.032215178
    0.252460659 1.45097423 1.51590633 1.27338696 0.618306339
    -0.234238923 0.190468311 0.137887716 0.0330517292 0.936525583
    1.22691488 -0.438626468 1.26838684 -0.147080451 1.67441082
    -0.124504715 1.72363567 0.344215691 0.310401618 1.67971921
    0.223082364 0.402741671 1.39378035 -0.362834424 0.530660272
    -0.551026583 1.48484981 0.616213739 1.2494607 -0.178435445
    0.62862128 0.0108783245 1.05273569 1.27752328 -0.106240749
    0.140601754 1.37738609 -0.318468243 0.191636443 -0.561198175
    1.28028619 1.63977575 -0.0320443511 -0.0343254805 0.71983999
    -0.26255548 -0.633065701 0.698474526 -0.067111969 -0.648772478
    1.43419468 -0.314240962 0.709371269 -0.653437555 1.23553967 1.098701
    1.29069686 0.440521121 0.0261342525 1.50953794 1.54456067 0.71294868
    -0.283324212 1.01329708 0.532543838 0.00309866667 1.11312532
    -0.418599606 0.392621994 0.89440316 0.652071178 0.168719232
    -0.27175656 1.43691635 0.174049318 0.758513272 0.871321678
    1.15559983 1.47612524 0.747283816 -0.594017327 -0.589461505
    1.67528963 -0.453615904 -0.162859023 1.63707983 1.69695354
    0.529427826 -0.195078492 -0.0227071047 0.242416441 1.20494056
    -0.298078299 0.422965109 1.13731098 0.722449064 0.698364913
    -0.633692443 0.11421901 1.66401291 -0.672857702 0.647499621
    1.14551938 0.242861569 1.54345286 0.844867885 -0.534454465
    0.0507977605 0.148640633 0.22517854 1.57878184 1.08385122
    0.444544613 1.21711266 -0.03103441 0.631931782 0.642706633
    1.01140952 -0.0557094216 0.2480281 0.00246065855 1.38083434
    -0.45372206 1.56118309 0.427891552 1.03400767 0.489844501
    0.376036525 -0.504021883 0.0181221962 0.716751575 -0.243420422
    0.73291719 1.40075374 0.694938838 -0.635307074 -0.583816946
    -0.502552748 1.69183958 -0.482115388 1.40797555 -0.4075194
    1.20464158 -0.376008034 1.72773099 -0.206881881 0.706775188
    0.971367359 1.23719645 0.739568114 1.49585032 1.37584901 0.157194853
    0.850256324 0.0915805697 -0.346542031 0.14389652 0.705447376
    0.197662473 -0.610008657 -0.611117303 0.71401614 1.54233658
    0.472239137 -0.122990191 0.958845258 1.07683682 0.6914168 1.19096351
    0.621797144 0.105666995 1.03925204 1.30722499 -0.183897078
    0.992757797 0.0539932847 0.0450071692 -0.340112746 0.698973298
    -0.470322579 -0.0796690583 1.31012869 0.66232127 0.240360558
    0.139418781 1.68507493 -0.516451299 0.631667256 0.259634435
    1.16337228 -0.161522448 1.30414617 -0.372422934 1.37261534
    -0.238738894 -0.0333285928 1.42756152 0.102485776 0.987245381
    -0.358130753 0.225774586 0.732290387 0.201126993 0.628657699
    0.437283576 0.147426307 1.15748167 0.477033079 0.804632604
    0.124184549 1.25754821 0.7385993 1.1005913 0.371669531 1.0954833
    -0.551532507 1.01421249 0.640362501 0.000144481659 0.0625168085
    0.417277455 -0.00369048119 -0.338658959 -0.0246345401 -0.2018933
    0.656793058 -0.270501196 0.129771471 0.104039609 1.04691243
    0.658258259 1.18590796 1.21093416 1.05925369 0.34596473 0.276010036
    0.0683906078 0.574142337 0.184061944 1.50393188 -0.645823598
    0.522994041 0.0737633109 -0.578931332 -0.5496068 -0.0158901215
    0.0229648352 0.735130847 -0.408198863 0.15431571 0.246467948
    1.44759786 1.12028205 1.2103622 0.763054371 1.19248295 1.53038836
    -0.0195630193 1.20467353 0.0665924549 1.49534607 1.49435544
    0.713859439 1.61123776 1.66734028 1.04231501 1.30732214 0.453731477
    -0.269548714 1.3753593 1.90268159 0.329116166 1.14855611
    -0.358357072 0.311629593 0.668309569 1.26402664 0.870358586
    0.939868867 0.557246387 0.874711871 1.00045955 0.205653608
    -0.538664162 0.281074643 1.64632082 0.353647709 0.102436781
    1.26788199 0.238525867 0.0149918795 1.21450377 1.42235374
    -0.398564428 -0.0217359662 0.0962244272 0.816869855 1.50152886
    0.787442982 -0.0229403973 1.66685939 1.02826357 0.171561301
    0.865654826 -0.331503928 1.54880047 -0.167583227 -0.200648963
    1.36726868 0.332737744 0.411648393 1.15654004 1.68257546
    -0.599068046 -0.358618438 -0.0737079382 -0.640518069 1.61726236
    0.295574188 1.0916698 0.693252087 -0.121474624 0.465737581
    0.359127641 1.31689 1.54012263 0.295703948 0.807252169 -0.580026627
    0.586893737 1.48781765 0.537648737 1.11752939 0.664478362
    -0.211800367 0.95615083 0.124130368 0.118825495 -0.223153889
    -0.186473787 0.374153852 0.211868227 0.125458717 1.02703583
    0.267193556 0.663596451 -0.100077093 0.0129318833 -0.460375994
    -0.607221901 0.320146859 -0.099912107 -0.112238109 0.269679487
    0.360755682 -0.135888219 1.60402679 0.738131881 -0.556937873
    -0.497190833 0.522957683 0.53276664 1.20104384 0.67597878
    0.407036543 1.48436785 0.561379194 -0.646299303 0.659341276
    1.55447984 -0.41474992 -0.00615668297 0.770486236 1.37543488
    0.991093516 -0.516240597 -0.470304191 1.23958135 1.32998645
    0.914692104 0.860473514 1.37770844 -0.25675413 0.375071406
    0.230856001 -0.0336156487 1.10999799 0.728707135 1.4618504
    0.238209546 0.715056717 0.0242794156 0.506396472 0.264140904
    1.67540765 0.737662971 -0.39974311 1.22357631 0.139973402
    -0.383442491 -0.312390268 -0.582941294 -0.537596345 -0.134893119
    1.23980474 0.353581011 1.45803428 0.0607693791 0.151925504
    1.27033949 0.291382611 0.121135592 1.52483463 1.07574594 1.428087
    -0.258554727 -0.581698954 0.44331646 1.11730671 0.0366893411
    1.41562676 0.989208639 1.01103258 0.632819772 -0.383593291
    -0.284213632 -0.0770965815 0.517568231 1.36588514 -0.629287004
    0.255174637 0.695104241 1.03122783 -0.369904727 1.41720939
    -0.249608845 0.00862371922 0.869939983 -0.571262717 0.796204865
    1.02171087 0.431153536 -0.634791017 -0.653172314 -0.158538282
    1.41520429 1.11096489 -0.550439239 1.52149224 -0.183884859
    0.287346244 0.0768953562 1.04385829 0.662996292 1.25271082
    1.23343325 -0.259396493 -0.478624165 -0.376149356 1.06149864
    1.01699352 0.1807127 1.16006732 -0.419249952 0.868853092
    -0.289460957 0.0041000843 0.283586323 0.461152554 -0.210576087
    0.181716084 1.09182692 -0.014362812 1.60613608 0.046249032
    -0.480304927 0.645123661 -0.076938808 -0.191781789 0.715513408
    0.218565702 1.31188297 -0.198004842 0.95291245 0.653052449
    -0.60733521 0.925613046 1.52046561 1.56943822 0.558601797
    -0.147657871 -0.420295119 1.44263458 0.480161488 0.279708087
    1.61971927 -0.184943318 0.924002349 1.47850919 1.1066823 0.419799924
    -0.517342865 0.520780921 0.257741749 1.22755265 1.492558
    -0.625336528 0.518695235 0.59918499 -0.0333195925 0.363506079
    0.442690611 1.18635285 -0.735170782 0.471219897 0.379373372
    -0.46032688 1.58315504 -0.662703454 1.57555699 0.272044301
    1.40515316 -0.160144627 1.34663355 1.74392676 1.91648376 1.76660943
    -0.104991406 1.66226876 0.563404799 1.20301533 -0.446210325
    -0.37037462 -0.320162505 -0.0495406389 -0.181371272 1.14445627
    0.438747883 1.56017137 1.53012109 0.0344703197 0.0504963994
    1.31971562 0.110916615 -0.232228845 0.515578687 0.978648543
    1.62044406 0.0377359986 -0.382423729 0.852149963 0.277981699
    0.179914176 1.37516975 -0.168913245 -0.0414381027 -0.488527894
    -0.105484426 -0.382932454 1.65612149 1.07141674 0.179184914
    1.05146706 1.02359009 -0.0602081418 0.665838003 0.554339826
    1.56354761 0.361625195 -0.120778382 0.159222066 1.26375186
    -0.518301845 -0.29491204 -0.647680521 0.0561115742 -0.645117521
    0.366266251 -0.525748849 0.516663134 1.1786772 -0.677831948
    1.15094376 -0.540106356 1.1641953 0.560181022 1.72603703 1.19113636
    -0.421190888 -0.179114759 0.740192354 1.34012568 0.0979658961
    -0.482403964 0.439596236 -0.122488499 -0.30478996 0.737778127
    0.647337079 0.0972338915 0.211480558 1.50875664 1.36327195
    0.00874751806 0.925890565 1.26493931 1.12347794 0.149170518
    -0.0762078166 0.333169818 -0.324814171 1.36126018 0.375951946
    1.50422347 1.24061084 1.04573071 0.563902617 1.53725529 0.035378933
    -0.313026011 -0.338265061 0.521224082 0.695883214 1.28408992
    0.0939163566 0.669803977 -0.465765178 0.805642903 -0.0827192664
    1.12622678 1.06599402 1.65515661 0.393197119 1.16909313 1.63115096
    -0.509260178 -0.487082362 -0.0391992927 0.913603783 1.18797898
    0.99400568 0.605032146 0.718676329 0.275218666 -0.0267555714
    1.49268699 -0.399070203 1.264925 -0.492276996 -0.533848286
    -0.582813203 1.15396047 1.25030255 1.14290917 0.243763983
    -0.231601506 0.461344898 0.223900974 -0.0189822316 0.094532907
    0.719097137 0.178975224 1.4381392 0.386145532 1.62121022 1.03399229
    0.459370315 0.0713959336 1.73397422 0.0644736886 1.01476133
    0.897323966 -0.299065888 1.64319348 0.911589503 0.442518473
    -0.0694605708 -0.108478844 0.204413712 1.67585456 1.0689764
    -0.572426796 0.516851008 1.05521011 -0.429784775 1.22350669
    0.17489624 0.115513206 1.13499188 1.26717222 0.0231726766
    -0.0644559264 0.0490863919 1.17191172 -0.198379815 1.36253572
    0.381064177 -0.0987973213 -0.183126032 -0.239834607 0.560586095
    -0.439317554 -0.281248808 1.38689423 1.67740512 1.60208964
    -0.0497546196 1.53257859 0.601821005 0.194184601 0.999635756
    0.34025234 1.17233586 1.68102956 0.218182325 -0.19945848 1.25615418
    1.26242828 1.20778966 0.459245861 0.664569259 1.28149259
    -0.217029601 0.435302138 1.36157322 0.833298385 1.34913516
    1.27263355 -0.250431418 -0.349323511 0.256334186 0.755176723
    -0.33453995 -0.506964386 1.13416338 0.267071784 0.46934557
    -0.29447183 0.166618943 0.126451671 -0.554415941 0.263198853
    1.0153017 1.24652207 1.67620659 0.628533185 -0.0796138048
    -0.510627687 -0.266927272 1.06979012 0.6574049 1.50145364 1.2866044
    0.203022301 1.71271956 -0.528936327 0.454243779 0.605113447
    1.06759787 -0.0388960242 1.42130017 -0.17104888 1.10450554
    -0.453313917 1.02191198 1.61202908 0.0706589222 0.209849715
    -0.670307159 0.537012696 0.553128242 1.62177801 0.00878673792
    1.66155744 -0.250163943 1.64072526 1.48870385 1.04005671 0.247011364
    1.46103513 0.647346497 1.48957217 0.492796898 1.45665717 0.583673716
    0.218646526 0.98162365 1.49662876 0.278593004 -0.359981418
    0.381728709 1.26256061 1.19975555 1.56858635 0.210900903
    -0.387847334 1.60363841 -0.62219286 -0.499652624 0.184390187
    -0.118127644 1.6828866 0.670959473 -0.413779676 1.62268484
    0.805842459 -0.418037683 0.825916052 1.5065273 1.39683795
    -0.454859555 0.931778014 0.578270912 1.71455634 -0.314970344
    0.981320262 -0.581954896 -0.404090822 0.522896171 1.50168312
    0.73053956 1.14936614 1.22140014 -0.148744345 0.621653438 1.55322385
    -0.385176152 -0.183073997 1.18472171 -0.575914025 0.490081131
    0.764668107 0.100842595 0.365918279 1.22747135 0.801344991
    -0.5598315 1.48546124 1.33841276 0.401394784 1.54480898 0.18399632
    -0.404672772 1.47554326 0.3753497 -0.0855946541 0.313388348
    -0.50488472 0.584424496 -0.282462448 -0.0629352927 1.48703158
    1.12069535 0.51886946 0.728704691 0.265765607 -0.149014294
    0.986183882 0.493170083 1.61237001 1.10574055 0.367452919
    -0.0757739544 1.58410907 1.37307239 -0.446530372 0.0949939489
    1.21602917 1.25674438 -0.00796115398 0.387833595 0.208183408
    0.108798921 0.585763693 1.26014519 -0.613830209 0.860962093
    1.06781387 -0.165913403 -0.146859705 1.44327903 1.17689681
    1.31007242 0.0906845927 1.55033064 1.43664503 1.62570715
    -0.0926664472 -0.13423121 1.17018485 0.481217742 0.933430612
    0.72984314 -0.510807395 -0.103287637 1.61540413 0.148404956
    0.654270172 1.085778 0.747259319 -0.14062345 0.772258997
    -0.414392352 0.522089183 0.804694116 1.58101678 -0.385753363
    -0.280069292 0.617058396 1.11915958 -0.499990165 -0.0923141241
    0.0954397917 1.35444355 0.891660869 1.45514274 0.124797761
    -0.0567545891 -0.527896523 1.53139651 0.448627234 -0.498108238
    1.20992243 1.34157884 0.715002239 -0.321031541 0.619356215
    0.476404607 1.24576926 -0.616132915 -0.62848413 1.40103626
    1.17818344 -0.261047184 0.409899771 -0.332110107 1.5858469
    0.295496762 0.620340645 -0.0530275702 0.689404964 0.493002117
    0.504545748 0.0831434131 1.43016779 1.02094162 0.569778621
    -0.573794246 -0.543052912 1.41399705 -0.63108772 -0.592208922
    0.00966089964 -0.21165812 0.796282887 -0.626547933 1.24402153
    0.203480422 -0.403662771 1.63269877 0.530554473 1.41849411
    -0.201476991 0.426183164 -0.28451997 1.52834296 -0.559816837
    1.16365445 0.751300037 1.12186003 0.631861031 0.0961872339 0.7666924
    -0.319744796 0.614609182 0.106331825 0.182529926 0.120279491
    1.02517557 -0.500583768 1.50540853 1.48080742 1.25608301
    -0.0481058359 0.629327178 -0.388520598 -0.223443776 1.05007005
    0.242431939 0.825485289 -0.173535585 1.19676721 1.5906868
    0.352044642 0.385071397 1.47016597 1.41422772 0.869078279
    -0.0754311085 -0.183236599 -0.537031054 1.62696648 1.10880113
    1.06258607 0.920747697 -0.253961802 0.539183557 -0.0293694735
    1.71712708 1.41568208 0.458550036 0.320119143 1.56132591 0.50403887
    0.566383064 0.862942696 1.15931058 -0.097820282 0.888559878
    1.01669884 -0.204856217 1.31469393 -0.618560553 -0.472835094
    0.339571834 -0.015088737 -0.512462258 1.34117937 0.534380019
    0.603751838 1.582618 -0.469442993 -0.0711120367 -0.341319799
    0.291840971 -0.0587629676 0.705788076 -0.229465976 0.948992729
    0.217865318 -0.136009395 0.0953071117 1.13476062 1.44455028
    1.49406123 0.00409811735 -0.414110571 0.62079078 -0.236529112
    -0.682353735 -0.23299405 1.20168042 0.716563106 1.14167976
    0.36083281 0.0775084496 0.782404721 1.20140433 -0.587426007
    0.927186251 0.764865518 0.443093657 1.18435025 1.00779772 1.61535203
    1.33366418 1.30948699 1.37248158 0.214375794 -0.320076257
    -0.635773122 -0.157473624 0.679526567 1.27236962 1.47761488
    -0.455913365 -0.436193943 1.25272679 1.52971375 -0.145611227
    1.35517848 -0.361880779 1.13307476 1.36722004 1.25114512
    -0.477178395 -0.415309608 -0.311976403 0.525091946 1.70001078
    -0.274982393 1.40005982 1.01828778 -0.677785277 -0.524105847
    1.16897631 1.0777092 0.00287723541 -0.382520884 0.224505305
    -0.312240332 0.733887017 1.09218001 -0.0943439603 -0.089517951
    -0.177981794 -0.0600150228 1.50980234 -0.606118202 1.07166564
    0.742954969 1.1714766 -0.249886096 -0.126206458 0.566780865
    1.23964787 -0.222853959 0.664879024 1.40239859 0.0398076773
    0.378272355 0.150538504 0.986858487 -0.0292448997 1.40210569
    0.65168041 1.70995426 0.613128126 -0.661998332 1.40785432 1.35768545
    1.53700352 -0.215563476 -0.302383006 0.763125479 1.2733748
    0.0192015171 0.100785673 1.4677999 1.4770242 1.49367428 0.069611311
    0.322119057 0.209459484 1.49190331 -0.550406337 0.785523355
    0.0939584374 0.785854936 0.467358172 -0.0166948438 -0.110421896
    0.281196773 0.754695892 0.576911926 0.342975616 -0.168377429
    1.17508948 0.358215094 -0.104749143 0.515898883 0.94530648
    0.734191358 0.347472012 0.297555625 -0.323633105 1.16137767
    1.4725008 0.549701273 0.0224500299 -0.577230155 -0.0287231207
    1.4445833 0.150469661 1.6010263 -0.0314208865 1.47782433 0.154174387
    -0.127528608 -0.55321908 1.151016 -0.392040879 -0.275692612
    1.08698797 -0.311223358 -0.571191549 1.63720441 1.26814628
    1.63750243 0.494321704 0.17656076 1.36046529 0.909878671 0.993134499
    0.827186584 0.591086924 0.513279498 0.974806666 -0.433700502
    -0.0919782519 0.629627407 1.29283428 0.996568084 -0.284963191
    -0.0257490873 0.678847015 1.54310203 0.628603578 1.63602901
    -0.54968214 -0.555167198 -0.307277232 0.713677168 1.28421557
    -0.483173609 0.00586050749 -0.0550233126 0.254356802 1.61307192
    -0.329627514 0.92686677 -0.178744197 0.579680681 0.72248739
    0.562191427 0.690458059 1.46365035 -0.631896496 1.03052711
    0.243895173 0.600357473 0.398938537 1.22165084 1.25818634
    0.954663455 0.383513749 1.5572443 -0.642157495 -0.534914076
    -0.240708113 0.405363441 1.22109866 -0.132138312 1.27067924
    0.347937524 0.196878135 0.135572493 -0.13321805 -0.66143024
    0.242293179 -0.000893712044 1.43963945 -0.102845907 -0.526044846
    1.44065034 0.943776369 1.37572289 0.00183999538 -0.139803529
    0.453742564 -0.00312042236 -0.605756462 0.32906425 -0.140830457
    -0.337004334 1.64944506 1.18141484 0.63659966 0.990751445
    0.776478887 -0.638687968 0.494933724 -0.26253885 -0.0449179411
    1.57408774 1.33746982 -0.677114904 -0.673900306 1.41202617
    1.18617415 0.015316844 1.54893279 0.65989697 0.13171798 -0.168200016
    -0.275348544 0.0700152516 -0.415270865 -0.426326394 0.547232151
    0.606415749 1.11984026 0.753996909 -0.251566827 1.97900915 1.6776942
    0.0548045933 0.654291987 0.0467994809 0.72171998 0.626489103
    0.842594147 0.524981141 0.15649879 0.433893859 0.261057496
    1.67969406 0.447906017 1.33210218 0.150004089 0.698385715
    0.100032032 0.823470056 1.5373652 -0.0172078609 0.107990921
    0.802976727 0.447164237 0.964724898 1.19450569 0.893706739
    -0.0305646062 -0.00899064541 0.262978911 0.61402607 -0.421598792
    0.107431591 1.40389442 1.00931275 0.0620453358 1.12538731
    0.262062311 -0.418279886 0.738633811 0.572199583 -0.510602593
    0.37894541 0.296951234 -0.220065534 1.68028045 -0.469992429
    1.54165614 0.49930197 0.83497566 1.09913683 0.342514873 1.61342442
    1.08023357 0.338759065 -0.389591396 -0.390906543 0.132139862
    0.835856318 0.338193953 1.12299442 0.327995718 0.922323227
    1.62609673 0.773579597 1.4266454 1.57539845 1.54951978 0.600296378
    0.600152314 1.22309351 0.230442226 1.37500286 0.29895997 1.44033766
    -0.0134527683 -0.318200648 0.627759993 0.136643529 1.08899999
    0.395390391 1.47586775 1.30233526 1.72272289 -0.527844489 1.69595349
    -0.410971463 0.246278584 0.0592002273 -0.554063618 0.602697194
    -0.263726532 0.367474794 -0.166068673 0.512657404 -0.163808882
    0.85169524 0.598043084 0.561934114 0.331354737 1.66524816 1.56395912
    1.47672844 -0.419186592 1.29808044 0.164262176 0.0142188072
    -0.0261977911 0.561430752 0.96415621 1.69611371 1.63819313
    -0.65992856 0.613088846 0.948106825 1.21600962 0.407590091
    0.603110671 1.25889158 -0.398527265 -0.111766398 0.908726454
    0.34966433 -0.589051723 0.369224489 1.61417294 -0.536863983
    0.424664795 0.74239713 -0.365446121 1.59570038 -0.512230873
    1.23622942 -0.402670085 0.219197392 1.03696883 0.217837274
    -0.547704995 0.789064288 1.04956102 1.138906 1.60904908 0.0564817786
    0.103679121 1.48582864 -0.455548823 1.53034902 -0.394695342
    -0.13786757 0.322285354 1.20154214 -0.211710036 -0.605334222
    0.904347479 0.501507103 -0.259951293 0.948125422 1.33838105
    0.945290506 1.24600625 1.56188679 1.40112615 0.989310086 0.776038647
    1.0864228 -0.0379793644 1.20152652 0.617609322 1.11084652
    0.975875914 0.727865219 0.0200187564 1.67859101 -0.521802187
    -0.424323916 1.65811765 -0.0317638516 -0.18105793 1.46403873
    0.561791241 0.0417259336 0.463604748 0.518232882 1.37057567
    -0.672201633 -0.437229216 0.445535183 -0.503289402 0.845762134
    0.9379704 -0.544988036 1.09565842 0.383630693 0.248321831
    0.403033733 0.374643147 0.309759498 -0.0693364143 1.12457132
    0.866376698 0.360661089 -0.19418326 0.090826869 1.29222393
    1.46807766 -0.308042318 1.25905347 -0.603355885 1.086146 1.37772584
    0.972610116 1.65430629 -0.188902378 0.181126833 -0.305646241
    0.516629338 0.889525294 1.10238039 0.92671901 1.35516953
    0.0709952712 -0.625650406 0.713587761 0.552649677 0.165378511
    0.137897909 0.739709079 0.200137436 0.744225442 0.644803762
    -0.379834294 0.431397438 -0.285919368 0.747653067 1.36061299
    1.13330197 0.586563408 0.355488598 0.83504951 0.04881984 1.52313387
    -0.697843671 0.538133919 0.793251276 0.636234164 0.016661644
    1.11788285 0.650906265 0.795668066 1.24654281 1.13947022
    -0.238287687 -0.22781533 0.420219898 1.87590158 0.63356781
    2.01360083 1.16207373 0.752135396 -0.263304919 0.400935054
    -0.222573489 -0.387094676 1.63541245 1.35253167 0.66170162
    -0.192302376 1.4608593 -0.373019904 -0.487657607 0.67572844
    0.666555822 1.37070131 -0.144831181 0.22384733 1.57084846
    0.828053772 -0.393006384 -0.324068159 -0.0616529584 0.340860963
    -0.569243491 -0.0650246143 1.44083619 -0.261630327 0.555370867
    1.48900414 0.0153408051 -0.156867087 -0.0395169258 0.72585845
    -0.18951726 0.435429692 -0.505248547 -0.261297137 -0.645863295
    1.47555017 0.387013495 1.10907674 0.239714921 1.36526561 0.942316353
    1.48873258 0.109314978 -0.00621438026 -0.455417514 0.287934124
    1.50610161 1.14588213 0.687981904 1.12565303 1.48230183 1.11881602
    1.59012306 0.945751607 0.591640413 -0.162880719 1.06219578
    -0.14916569 -0.648916304 1.11587954 1.42739439 1.08789802
    0.295884252 1.14188242 -0.509596527 0.831982195 -0.258559167
    -0.247811764 -0.185218096 1.30516684 -0.341847748 -0.143150568
    -0.311099738 0.967000067 -0.100195229 0.840096593 -0.209601015
    0.731331468 1.54304457 -0.364606678 0.600924909 -0.549112082
    0.253231347 0.598023236 1.29271746 0.560165167 0.792956889
    1.26121593 -0.19298023 -0.16944921 -0.735830009 0.166490138
    0.114828765 1.10388827 1.51647997 0.943303406 0.938210428
    0.376802385 0.34334296 0.866737723 0.3649863 1.05439341 0.152414858
    1.65469503 1.32719088 -0.181182384 -0.146793425 -0.224289328
    0.815178573 -0.408413321 1.26898372 1.6261425 0.145108759 -0.569013
    1.59560442 -0.55360496 -0.0982069373 1.08331728 -0.199965417
    0.026657939 0.507527113 0.73667413 1.71373296 0.0147978663
    0.306115389 1.23671663 0.423316002 -0.391035676 -0.0607364178
    0.677079737 0.227238059 -0.369231105 0.435787261 1.41921484
    -0.62097466 0.335572302 1.34688234 1.03465819 -0.683604002
    1.03011739 0.088948071 -0.0529009104 -0.0804914832 0.0152999759
    -0.433862507 0.834037244 0.0794818401 -0.302066743 -0.184540361
    -0.329740047 -0.0490139127 0.467652917 -0.476051778 -0.483674139
    -0.450370044 -0.449657321 -0.0232910514 1.40252244 -0.239460349
    1.10805607 1.46013474 0.469388187 1.02183938 -0.257542431 1.52424979
    1.25001049 -0.145674109 1.288427 0.00353115797 -0.684657753
    -0.657289863 1.57646894 1.05315495 1.0684123 0.741132259 0.8694278
    0.25570327 0.995070338 1.07189012 0.396034896 -0.560591698
    0.868262649 0.476852894 1.31070924 -0.143767536 0.560567498
    0.943232834 0.581574738 -0.182257712 -0.232845128 0.817906559
    0.408166468 1.45278227 0.815368772 1.57566023 0.784506917
    0.484180033 0.924862087 0.882845879 1.06027126 0.533882082 1.1817162
    0.403566897 1.59473038 1.15034294 0.666709125 1.23761821 1.53761506
    0.0342373252 -0.351516217 1.3803637 1.45651293 0.460238636
    0.167924821 0.940990984 -0.480775595 -0.612882137 0.554226577
    -0.0217136145 0.162700832 0.389760077 1.54819226 -0.580088377
    -0.178450763 1.16502464 1.44863033 -0.189873397 1.28515935
    -0.683515012 0.844671369 0.159709811 1.29217446 0.324629366
    0.00982022285 0.912815094 0.190116286 0.477279663 -0.0770140886
    1.18192458 1.11427546 0.932301521 1.16230369 1.5787437 0.88847065
    1.20923269 -0.153960675 1.41792905 1.33698893 -0.109776378
    0.623364508 1.41514218 -0.137320265 -0.30080542 0.270079285
    0.119580626 0.409780979 0.900418341 0.0741029382 -0.200835764
    0.648263872 0.892677248 -0.0674675107 -0.0310275555 0.932335675
    0.639359474 0.426672101 0.424513876 1.31835794 -0.350285947
    0.296707153 0.110765636 -0.342923045 -0.194792271 -0.585115969
    1.48226416 0.0290686488 0.684709728 1.63866568 0.799785256
    -0.0808593035 0.957918465 1.03302574 -0.17497617 0.338462234
    0.0394066572 0.507749438 -0.205325752 -0.49476546 -0.538289189
    -0.260311425 1.50348496 -0.323948026 0.510648131 -0.538844824
    0.488955081 0.002168715 1.18377757 0.256506026 -0.0677514672
    1.68800533 1.39059365 1.0411303 0.00765800476 -0.177774191
    -0.657484651 -0.2391527 0.156312048 -0.0441434383 0.0927313566
    -0.578444898 1.3317343 1.02822793 0.213649035 1.23979235
    -0.304187715 -0.0648382306 -0.267757118 0.754838824 0.602472723
    1.50888586 -0.00176280737 1.48069727 1.42345107 0.552610636
    0.054451704 0.449532628 -0.0500180721 0.342430592 1.03773713
    0.265968561 1.18010426 1.44136739 -0.0889938474 -0.590191305
    0.103580296 -0.463111907 1.36547518 -0.332088143 0.213806629
    -0.362062782 0.815168738 1.05041683 0.929014087 0.363256574
    0.744758129 1.30054533 1.24390793 0.753629923 0.532130063
    -0.187072754 0.321947634 -0.5230335 1.01831853 0.103197098
    0.630300701 0.452644289 0.547793448 0.620885849 0.428640485
    1.51489019 0.657177985 -0.547595859 0.0891144872 0.96596849
    0.238518476 0.32459873 1.04572511 0.590542972 1.64692652 0.283708215
    -0.471480876 -0.349480838 0.845840335 -0.45432514 0.495265305
    -0.472629726 0.314556479 -0.527627349 0.854175985 1.21480274
    -0.0877611041 0.412410498 1.6838553 0.400732815 1.18420959
    1.01119566 0.338722467 0.58632791 1.11189771 -0.452054441
    -0.442856222 1.5212326 0.0457535982 1.34755695 0.422455966
    -0.621049941 -0.0429967642 0.0331333876 0.156267047 -0.216481447
    -0.374170899 1.34921169 -0.549996316 1.23328376 0.974467337
    0.476682901 1.68994904 0.502185524 0.703795254 0.123727441
    0.0147070289 0.145631969 -0.270892322 0.308672428 0.205584049
    -0.53537035 -0.0253174305 0.659062088 1.47523665 0.793470621
    0.538240731 -0.585324883 1.21455622 -0.0723522902 0.415893197
    0.732545853 0.39327997 0.744438291 -0.353720903 0.477628648
    -0.219478309 0.0102062821 1.48449481 0.709742427 0.0169483423
    0.379129648 -0.466170728 1.07683325 -0.64082998 -0.0369758606
    1.28777981 -0.188454211 1.48584366 -0.381887704 0.322603047
    -0.196249127 1.12786674 -0.0656383634 -0.554766536 -0.220142186
    1.05720043 0.797354579 1.21001399 0.780956686 0.0182051659
    0.0429738164 0.156395853 -0.0201269388 0.439059675 -0.538993955
    -0.22652027 -0.656653345 -0.322174132 0.971114695 -0.0814300776
    -0.419012368 -0.603430033 1.65159297 1.61761415 0.114980519
    1.50737166 -0.646316946 -0.0609080791 0.255322456 1.16194892
    1.35741401 0.134928048 0.816905916 -0.656760454 0.237511158
    1.06269002 1.05350018 0.345046401 -0.384521455 0.77290231
    0.693623483 0.469326496 0.947505236 1.01556611 0.444084227
    1.35752821 -0.434280187 1.47368264 0.149036765 1.61549115
    -0.169523537 1.07315981 -0.586253583 0.197027087 -0.0549299121
    0.38392669 1.717206 -0.422437489 1.09850359 -0.354813039 1.32205057
    0.407456666 1.62618756 1.46519387 0.826091886 -0.429814398
    0.0442470908 -0.036886096 1.23840857 1.26082945 -0.148230612
    -0.0882778764 -0.484422654 1.22238541 0.75593859 0.83636874
    0.738972068 0.952822447 1.05667877 0.398387372 -0.0333529115
    -0.197627366 0.69275856 0.160673201 1.07287133 1.07177591
    0.423422098 -0.0448067188 1.21975458 -0.149492562 -0.00848281384
    1.25098228 0.752901971 1.67725468 0.66920352 1.29115987 0.23266387
    0.986878276 0.576550961 0.118530512 0.7476753 -0.340551466
    0.177698791 -0.561147809 0.267673969 0.263457537 -0.0662548542
    0.139501631 0.858722031 -0.359012932 -0.17402786 1.58345652
    0.66112566 0.567703903 0.879027545 -0.206442595 1.48707485
    0.349546552 -0.493709266 1.48204255 0.366877735 0.709618628
    0.0751417875 -0.613777876 1.38803625 0.416398406 1.22827625
    0.844995141 0.199623644 -0.55716002 0.798864365 -0.322535813
    0.147103131 1.34188843 -0.179857314 -0.183111727 0.0886769891
    0.844446898 0.615898311 1.03260779 0.458667755 -0.108488858
    0.646998286 -0.650288045 1.09334993 -0.22215277 1.51010323
    -0.673017502 -0.139896691 0.806650519 0.24417603 -0.275483847
    1.67190933 -0.441267818 1.34197068 -0.321228981 0.954236269
    1.42967331 0.0941848755 0.486197889 0.304608405 1.58558178
    -0.472247005 1.41391301 1.02265513 -0.43261832 -0.680834293
    1.37866211 0.3901366 -0.379267693 1.52750278 0.894596279 0.030357182
    0.388324022 0.448780119 -0.335050076 1.28463793 0.0545145869
    -0.534743309 1.17857528 -0.629393876 0.690143466 0.423267066
    0.723343134 0.388916969 -0.626754999 1.65070438 1.16916227
    -0.660189509 -0.29279381 1.36256003 0.952245951 1.68912888 1.5579865
    0.353238523 1.26449823 -0.283599138 -0.164027929 -0.694239318
    -0.468130738 0.245167375 1.17270327 0.701510429 -0.0344192386
    -0.144790709 1.55333877 -0.388723195 -0.204469085 -0.386205196
    0.527437687 1.61311448 -0.588215768 -0.0890722871 0.31902355
    -0.615105093 1.61962748 -0.216228515 0.591026247 0.479915917
    0.706699729 1.56099892 0.0848223567 0.190155149 0.0721536875
    0.119818389 0.335445642 0.0841907263 -0.038864553 1.2716229
    -0.355324 -0.639623284 1.22064519 -0.653716385 1.20802379 1.19708228
    1.62871921 -0.00931227207 0.911044121 0.907273412 1.04439032
    1.34435534 -0.0217766762 -0.0689336061 0.33617878 1.634287
    1.47241056 0.867174983 -0.286273092 0.314898431 0.132942319
    0.155351758 1.30938911 0.795516908 0.58703202 -0.430880785
    1.42581248 0.754748166 -0.101914763 0.80287528 -0.261480004
    -0.606098175 0.795893669 1.64303041 -0.388541698 -0.53024745
    -0.194515407 0.410416067 1.24260306 -0.339046568 -0.39666158
    0.830567241 0.60510242 -0.691317439 0.638034523 1.05213022
    0.227109313 -0.00911164284 0.742121577 0.267577887 1.68008399
    0.221037984 0.296270132 0.184109211 0.646394789 0.132482767
    -0.586095452 0.713408172 -0.563286424 0.831242144 -0.375279725
    0.282825768 0.603640258 0.06460464 1.49925137 0.864592671
    0.546522558 0.0606892109 1.36417127 -0.325028181 -0.0708968043
    0.377652824 0.287865698 0.809074938 1.40731525 -0.520223379
    1.67384076 1.31699991 0.478734195 -0.119697273 -0.0773252845
    1.50756526 0.844603002 -0.146438479 1.07944584 0.023311913
    0.586206317 -0.0544420779 1.44279718 1.93766081 0.931039512
    -0.147275597 0.112292349 0.912314713 1.16505337 0.439953744
    0.0974333286 0.388173103 0.640696287 0.503498137 -0.534760952
    -0.183508515 -0.0124409199 1.16229999 -0.316074401 -0.396313369
    1.3046844 1.64820027 0.681518078 0.782340646 -0.415564537
    -0.300386041 -0.445026189 0.488871813 1.2204659 -0.119183421
    1.61216044 0.690380931 0.182751238 0.779073477 -0.637330234
    0.750968635 0.0858062506 1.4957757 0.864556909 0.379455686
    -0.125420451 1.17985392 0.877111733 -0.557601273 -0.602309883
    1.18918419 0.346195877 1.5895257 1.6787591 0.868216813 -0.326903045
    1.0399251 1.50602782 0.76438868 1.45790422 0.512638986 0.440940976
    0.081027627 1.66799414 0.0835015774 -0.625606537 -0.326969206
    0.523923457 0.724594295 0.412269175 0.829246283 0.683303952
    0.966574609 -0.227590442 1.10175109 1.42515433 -0.565052867
    -0.501078248 -0.294724077 1.13433468 0.0953441858 1.12014198
    0.694403648 0.22189784 -0.676296175 1.70816374 0.275651693
    1.41531372 1.44208741 0.177702129 -0.578601837 0.689903617
    0.51432085 0.0482646227 1.2234714 -0.0926998258 0.938639641
    1.40062213 -0.0860116482 0.280086279 0.94245249 0.479436517
    0.398041844 1.32102466 -0.735127091 0.652324438 0.37191087
    -0.254653126 -0.172894478 0.704706967 1.18908 -0.517406523
    -0.736691356 0.623720348 -0.261609614 -0.387666047 1.13875341
    1.38059998 -0.441256464 0.496669054 0.265590072 0.236483097
    0.442492843 1.74200821 0.873517513 -0.264213026 1.5233655
    0.452116072 1.04004169 -0.382354558 0.0797188878 0.750074983
    0.0555796623 0.824036658 1.38060427 1.3894496 0.699443877 1.55595303
    0.683285773 0.946470559 1.44924784 1.55309415 -0.530000508
    1.21295774 0.922841668 0.128162622 1.58801663 0.559081376 1.12257218
    0.702502728 0.255793214 0.752907872 0.759550989 1.5782125
    0.711865246 -0.320354372 1.16304111 1.29416358 0.977589846
    1.52421904 0.250066698 0.437008202 1.33822727 -0.095061779
    1.61431623 0.307207644 -0.257505178 1.18125784 0.312841594
    1.56745052 0.871999443 0.0496385694 0.253895283 1.0247978 1.47090936
    0.976090908 0.520559013 1.36081064 1.32983232 0.905873537 1.58186424
    -0.388728797 -0.435710102 0.282241583 0.64571923 0.178254664
    1.19876182 -0.29943189 -0.53935194 0.320756912 1.33881783
    -0.0667894483 0.798364282 1.19960654 0.648307443 1.66935945
    0.985831618 1.26538563 -0.468246281 0.701874256 -0.550732136
    0.348763585 1.44901466 -0.14064312 0.256626308 0.424464285
    1.25609994 0.838319302 1.37900269 1.11867166 -0.316300333
    0.543909013 1.25389123 0.999294758 1.49415123 0.274694383
    0.922708213 0.868780434 1.33531475 0.250995278 -0.208314657
    1.33805108 0.641888797 -0.267319232 0.804747581 1.4061408
    0.881260395 0.286018252 -0.618019164 0.605048656 1.27305484
    -0.0823649168 0.69995743 1.08232129 -0.529699028 -0.580461979
    -0.367158413 1.57284701 0.279313743 1.61430883 0.991531074
    0.600382388 0.0324174166 -0.00716251135 0.923982918 0.807397068
    0.207325995 0.285900474 -0.0984960198 -0.245337665 -0.711412311
    0.465162873 0.295222998 0.00770205259 0.973552823 1.40665889
    -0.608337045 1.5138731 1.72115672 0.110901594 0.4916206 0.856425405
    1.52139688 1.37192357 0.911720634 1.54992247 -0.203952461
    -0.109252512 0.53255868 0.805338979 -0.45293951 1.55920935
    0.917114913 0.757610321 0.991083741 0.441719353 0.24029088
    -0.330641001 0.993398011 -0.366992533 0.553830385 -0.460641205
    -0.70897007 0.334071994 -0.562785864 0.60655731 -0.0606294274
    1.499259 0.158235192 0.528458834 -0.693368435 0.341745138
    0.069460988 0.852880418 1.62291563 -0.450430691 1.50882578
    -0.260476798 -0.0998802185 0.745964229 0.380446076 0.424759567
    -0.504279912 1.20830917 0.396432936 1.18118668 0.629931331
    -0.587840497 0.695844054 1.33153176 -0.177397907 0.946816444
    0.726891875 1.04029715 1.21923196 -0.395518929 1.501881 -0.611860394
    0.308395863 0.467910528 0.50329262 1.24983895 1.16138268 0.111195922
    0.438476682 0.853967547 -0.00400620699 -0.0132157207 0.455080271
    1.43814278 0.9941203 1.01741326 -0.445853204 0.995872974 0.158844948
    -0.236508518 1.51730084 1.44999576 0.157362938 0.902021468
    -0.122093797 0.240251958 0.209334493 -0.623805821 1.16510856
    1.08240628 0.959142327 0.89487046 -0.585927069 -0.340505809
    -0.232442379 1.23168731 0.753050029 -0.262512743 1.49042392
    -0.0773911476 0.893158436 -0.141169548 -0.201766253 0.812587559
    1.41674995 1.19822085 -0.479744792 1.17803109 1.33583522 1.33024168
    1.64290977 0.50626117 0.2629143 -0.175461888 1.51847911 1.1993947
    0.823777914 0.621996403 0.288398147 -0.663900495 0.896535397
    -0.226409435 0.308572769 -0.330452561 0.530989885 0.371740758
    0.502831042 0.902072787 1.05785775 0.739121497 -0.185135424
    -0.0364823937 1.61059618 0.252598047 0.926037729 -0.287144512
    -0.223423064 0.566305637 1.04169011 1.01396418 -0.667145908
    1.17270947 -0.690184236 -0.207400024 -0.0687843561 1.28703678
    1.6816113 0.369533658 -0.62466234 0.49121505 1.33978128 1.30720687
    -0.460981309 0.989158988 0.413579106 0.815340519 -0.463445097
    0.333139002 1.2581197 0.671467602 1.48411632 -0.405982912
    -0.438397259 1.23049533 1.29606092 0.162353218 -0.071508646
    1.0917151 0.00129854679 -0.0706595778 0.417708278 0.702912688
    1.19192815 -0.0166086555 0.396060765 0.630904377 0.551665425
    0.647662699 -0.450679064 0.730667889 -0.667582214 0.928974271
    1.26886845 0.899938166 0.760964036 -0.55708462 1.67201257 1.42175531
    -0.377787024 1.20085108 1.27909636 1.56018114 0.0551477671
    1.20202029 -0.338994741 0.446210623 -0.681933224 0.263633847
    1.45311809 0.901201665 -0.15365535 1.67637992 -0.00898635387
    1.17619252 1.4586482 1.0291307 0.235368013 0.943867028 0.650367677
    1.56880593 -0.00708538294 0.00368535519 -0.496265411 1.26070499
    -0.0107938051 1.57880008 -0.591940165 0.0866677761 0.909019291
    -0.0574159026 -0.374578148 0.0828766227 -0.0857943892 0.524944186
    0.47728312 1.02298403 -0.0943331122 1.34194112 1.65876818
    0.805997312 0.343775332 0.260762095 -0.216644257 0.428133309
    -0.501578867 0.626937151 -0.197953641 0.860303819 0.851236284
    -0.496213943 0.41207993 1.59043169 0.418708444 0.412863672
    0.254385412 1.46688223 1.11512125 0.740481317 -0.317596555
    1.58258796 0.310783803 -0.429241359 -0.216927767 0.025503695
    0.472985327 0.369397342 1.00071466 0.10755533 1.13328481
    0.0620014668 1.06726635 1.25812399 -0.214411616 0.0232585371
    1.03816581 0.619739115 -0.198081255 1.49108064 0.535122514
    -0.214567006 1.48692667 0.501030445 1.19711089 1.63467193 1.36423516
    0.226007402 1.27035141 0.794998288 1.03839231 0.160345793 1.19845521
    0.456483662 1.12366331 -0.393800318 1.05304933 0.582357824
    0.19205606 0.451590061 1.19710112 -0.00362753868 0.251132786
    -0.312051475 1.28916192 -0.619055331 0.210312605 0.75654614
    1.51599979 -0.326407224 1.01769352 -0.134118557 1.27052426
    -0.398532033 -0.390558302 0.213541031 1.39856184 1.38309038
    1.4293009 0.423051 0.568914771 0.0129241347 -0.00786733627 0.5012573
    0.486471832 0.701023936 -0.24428612 0.0933420658 0.109306097
    -0.35433352 0.990614057 -0.273828566 1.12873697 0.22411859
    1.47091269 1.11011958 0.277129114 0.166199148 1.2051487 0.988929629
    0.346105218 0.858529925 0.814120293 0.00440037251 -0.116511405
    1.07843947 0.706986904 0.922623515 -0.364451557 1.17850602
    0.757547021 1.52743328 -0.114468992 -0.66814059 0.966978014
    -0.137436748 -0.318048507 0.289281011 -0.25861764 1.47507477
    1.70095277 1.0629642 -0.569406748 0.151737392 1.04810441
    -0.0634222627 0.17226243 1.50874496 1.47702885 0.579039216
    0.163398981 -0.624432981 0.40859741 0.762221873 1.1424799 0.16556567
    0.437064528 1.36320031 0.442844987 -0.683602691 0.903580248
    1.34744382 -0.577999234 1.13601995 -0.692863345 -0.488290131
    1.04198527 0.46078378 -0.500232816 -0.481662065 -0.176394433
    -0.314039618 1.60318446 0.773314655 1.07171655 0.940740585
    -0.274546713 0.739295304 0.390852213 -0.0990722179 0.466989338
    0.508554578 0.258832812 0.689412534 0.629944563 -0.321990252
    -0.225674987 -0.144601107 0.400956869 -0.378408313 0.880224109
    0.788707674 0.234027147 0.186432183 0.487148464 0.950746536
    1.16638219 0.609037459 0.027931869 0.797144055 1.04972315
    -0.281033814 -0.206719756 -0.0598087311 -0.552847624 0.0428135395
    0.691094637 0.328736603 1.1024673 1.60073745 -0.193285912
    -0.120066643 -0.156097293 0.714123905 1.04044485 -0.173732698
    1.05137026 0.534697533 0.969266534 0.926256418 1.48616529 1.58968639
    0.495126545 1.16251945 0.410267413 0.272097766 0.567557335
    1.11159897 0.553595483 -0.397570014 0.544992805 -0.553513527
    0.550317168 -0.25907889 1.0463419 1.59609628 1.25831676 0.270834148
    0.688925028 0.410766363 1.30016232 -0.334372818 -0.342209905
    0.651542842 0.751704514 -0.670013964 -0.322135091 -0.178435385
    0.445234537 0.567350209 -0.198551714 -0.256213695 0.793918967
    0.390423298 1.27048397 1.0253284 0.181815505 -0.670200706 -0.5057652
    -0.689073801 0.0179513097 1.34669161 0.314474225 0.492820919
    0.0260970592 1.25892961 -0.426020294 -0.1921556 0.644226015
    -0.723680496 0.866637588 0.505153894 0.612664759 0.425363243
    1.5253675 0.527952194 0.713941634 1.19271338 -0.277406394
    0.0544795394 1.26221442 -0.313638508 1.68081903 0.930850804
    0.173694253 0.236250043 -0.286868572 0.488253593 1.59459734
    0.843939304 0.851388037 0.983657002 0.190931141 0.755485535
    -0.236531109 1.16397524 1.62801886 0.243492603 0.807123959
    -0.00706839561 -0.320233583 0.404056549 1.41889131 -0.307777345
    0.0324470997 0.878159285 -0.180929899 1.61177063 0.236954719
    0.264663666 0.541137338 -0.0997306406 0.664456904 1.68169212
    0.581359386 1.2708919 0.0353175998 0.651160538 0.557026684
    -0.149643064 -0.298907161 -0.556460619 1.43223488 0.643534958
    -0.333088994 1.49179506 0.689026475 0.895039201 0.363674998
    0.467010379 1.60197282 1.22283459 0.472802877 1.2586689 0.804478168
    1.07862592 -0.0545628071 0.527827621 1.34011495 -0.156507492
    -0.614359498 -0.35413447 -0.653550506 -0.322830975 0.446472108
    0.739090919 -0.644216359 0.698629975 1.46217036 1.59944725
    0.568726182 1.09773147 1.67026222 -0.476248771 0.937769115
    -0.500582874 1.58445954 -0.222463131 0.316619933 -0.0707233548
    -0.257000327 1.5156908 -0.0109442472 0.961440325 0.587553203
    0.419522226 -0.480159968 1.34237278 -0.307445675 0.895620108
    0.213126004 -0.282566816 1.51584208 0.790605009 0.40788871
    -0.669749439 -0.510204613 -0.359100282 0.176229 0.869308829
    -0.019127667 -0.0325555801 0.678925931 1.48229265 0.863037586
    1.17206526 -0.201666236 -0.402342975 0.561076105 0.243109345
    -0.46136263 0.410479546 0.258621514 0.216636181 -0.278663784
    1.16249943 1.30657601 0.154353559 1.02058208 0.907443583
    -0.411352515 -0.666696191 0.1609115 -0.47333616 -0.0655443668
    -0.0582720041 1.5993278 1.47390342 0.249260843 -0.0912269354
    0.867242396 -0.206682205 0.436721623 0.671629131 0.819054008
    0.170399368 1.30816269 0.126403987 -0.527833343 0.721374214
    1.14290714 1.0432117 0.899483383 0.864119947 1.1839931 0.583163142
    -0.245742947 -0.255618185 1.72059643 0.596421838 -0.241903335
    -0.407451808 -0.0556895733 1.37067366 0.172967076 0.774246156
    1.64706278 0.15662396 -0.322177708 0.621872723 0.411501884
    1.44790506 0.604027271 1.63676167 1.30856013 -0.211985648
    0.612061024 0.812548041 0.627123415 0.149394512 0.389707386
    1.30842805 -0.659227669 1.43299758 0.394413352 -0.213551402
    0.232571721 1.09834754 0.80057466 0.718263745 0.827052414
    -0.66409874 -0.160582244 0.965747356 -0.531514168 0.891735792
    0.0907088518 1.48333919 -0.410156518 0.60431993 -0.233006597
    1.16701639 -0.235529572 0.0460339785 -0.611996233 0.717558205
    1.20590925 1.31370544 0.16651547 1.36953592 0.351986408 0.657493889
    0.944817603 -0.0413405895 1.51629281 0.0855038762 0.749157667
    1.51499104 0.219413936 -0.513410926 0.876966357 0.360050976
    -0.340656221 0.439457059 -0.446590066 0.930716217 1.18116069
    1.44821107 1.29892385 0.897467434 -0.718741775 0.533644736
    -0.462390333 -0.53401947 1.21080542 0.669969201 0.245182574 1.16099
    1.13605475 0.273358822 0.631556749 1.34870672 -0.21968174
    -0.554293036 -0.372205049 0.367815375 0.678510725 -0.511651158
    1.57974195 0.932498574 1.44247973 0.00735038519 0.368192315
    1.19954157 1.11101174 1.44859314 1.58678818 -0.668079913 1.32644987
    -0.658978939 0.176400423 0.0176993012 -0.701096296 1.56436145
    1.30359352 1.39394748 1.14634502 1.24982619 -0.472914129
    -0.333172739 -0.126544595 1.24668145 1.45163131 1.29766214
    -0.510061681 -0.690966547 -0.61379087 0.230965376 -0.560589194
    0.652156293 0.652465999 0.0901404619 -0.650912404 -0.603265345
    0.249622822 -0.274816841 0.98027873 0.948045731 0.608368933
    -0.190558076 1.07009077 0.276743352 1.7911303 -0.0622014403
    1.44137752 0.950499833 -0.0916383862 1.3417573 1.66734064 1.7047137
    0.100690693 0.0921676159 0.0758612752 1.38590574 -0.204423547
    0.850164056 1.501351 -0.593460143 0.825246036 1.3346262 0.878373802
    0.779098272 1.49917006 -0.219077826 1.22212243 0.752637327
    -0.59644115 0.95681572 0.0715623498 1.56168842 1.5034914 0.14387244
    0.380545735 -0.182803333 1.09153795 -0.416928381 1.01532364
    0.540718853 1.46689844 0.623627484 0.604086816 1.44302547
    0.663882077 0.738981187 0.7432096 1.4396112 1.39877343 1.15313959
    -0.384042412 0.875009298 -0.513244033 0.494495571 1.64071691
    0.919508994 0.881580234 0.649466991 1.65907943 -0.627375662
    0.667416751 0.584210753 -0.297652662 1.60956001 -0.106964767
    1.06781554 -0.356249392 1.4085288 -0.582908273 -0.099907279
    0.0347241759 1.31373978 1.53411102 -0.373100877 1.29949462
    0.939519882 0.887667835 0.573581576 0.822197795 1.50602865
    0.833224177 0.956497371 0.885784805 1.39110756 0.548900425
    -0.198657632 0.231235206 0.644483149 0.0642011762 1.69868457
    1.44094324 -0.575647771 0.290643632 1.66093922 -0.354781032
    1.60992765 0.167992413 0.54305625 0.38763392 1.26869607 0.311735928
    0.325308084 -0.518648028 1.04028332 -0.605647266 1.66030812
    -0.341509521 1.38848293 1.37210119 0.796094656 -0.591600955
    0.0281038284 1.22756028 1.53712368 1.69162881 0.351134419 1.07721341
    0.664373159 1.6745224 -0.571640432 1.31507373 -0.150361359
    1.09094548 -0.334963441 1.06925857 1.4783783 0.333118379 1.3906796
    0.658887744 0.400140762 0.0398685932 1.53468621 0.700035393
    1.58233285 0.0999655724 -0.627375126 -0.540307045 0.49290669
    1.12970221 -0.250577599 1.6139698 0.547178268 0.517786682
    0.192348957 -0.248115361 0.557725132 0.161345363 1.29849148
    0.956604004 0.855103195 1.12142622 0.787756562 0.0110533237
    1.25136673 -0.173758686 0.42504096 1.50263846 0.723926187
    -0.462189555 0.690845311 1.29618812 1.61064911 0.822666883
    0.116286814 0.00840365887 1.7116375 0.0889909267 0.951687038
    -0.626274168 1.66472888 1.63572288 -0.488714814 0.294342637
    1.36640096 0.0868136883 0.540256441 1.58702385 -0.231595635
    0.562938154 -0.62037766 -0.0652266145 0.751583219 1.32687712
    0.663627088 -0.155897021 -0.167767048 0.197772205 1.37933755
    1.37653804 0.0497802496 0.471730888 1.61402607 -0.106085122
    -0.282532871 0.037858963 0.616230488 -0.196063459 1.27573955
    -0.474669486 0.788740456 0.539466977 1.67768145 0.648124278
    -0.69194144 1.67968702 0.469772577 0.357216358 1.38704777
    -0.132208467 1.20042419 0.96143502 0.533261538 -0.20226419
    0.462599933 1.37454653 0.801074982 1.66694701 0.338147998
    0.564456165 -0.469601154 -0.679301381 -0.260233879 0.428125381
    1.10779929 -0.616142809 1.53728175 0.872110248 0.805940807
    0.297869205 0.955656469 0.996261537 0.948010266 1.52645516
    1.14322698 1.62813997 1.27391791 1.5651449 1.43920088 0.105843961
    0.17851752 1.02847719 -0.585879147 -0.299988598 0.621676624
    0.562010884 0.983788013 0.457607448 0.629279912 1.52327311
    0.885137141 0.418860912 0.442641079 -0.0202237368 0.771323204
    1.14838052 0.442493975 0.0965260863 0.566945016 1.17252326
    1.67010546 -0.132490695 0.00719594955 0.431339741 0.342676401
    1.2405318 -0.203819931 1.16129971 0.264352828 1.80748415
    -0.462585062 -0.233298719 1.59475756 -0.392148823 0.131693661
    0.934350729 -0.627911568 -0.652103066 1.19061995 -0.0396981239
    -0.328492999 1.11635089 1.28078532 -0.659771025 0.542176783
    0.0346081853 0.706181467 1.38752222 0.48058933 -0.439499259
    1.61045742 1.5127902 0.171750724 0.634527266 1.18533421 0.418244123
    1.43293309 0.45949775 1.03029442 0.0034224391 -0.138151288 1.5415976
    1.19450235 0.506385922 -0.327156067 -0.226598978 1.08053613
    0.512359738 1.3428973 -0.472260982 -0.41375643 -0.334473252
    1.55524969 1.53432965 0.898274839 0.127969801 0.926555395 1.56928968
    -0.196976125 -0.292933553 1.60589361 0.233474493 0.299388647
    -0.636316776 1.55514288 0.105886638 0.0584110022 0.927163184
    -0.330349088 0.924092293 1.60364938 1.30628276 1.66161323
    0.141242266 1.19532108 0.643101275 1.52288866 1.64754105
    -0.509828627 0.978945673 0.0247107148 -0.143874526 -0.252843201
    0.0709314942 0.593348265 0.901915669 0.415451348 0.686282754
    0.939863741 -0.53021121 1.59638691 0.993655026 1.5967977
    -0.678238451 0.374607503 -0.20695582 0.861232698 1.57733798
    0.508853853 0.718036771 1.06876922 0.492217422 1.71467686 1.63820505
    -0.577982366 -0.574751914 0.937814176 -0.608755887 0.404749334
    0.991214454 0.202613413 0.235743046 1.1996243 1.36219978
    -0.263928443 1.60394931 -0.653637469 0.96088928 0.695187032
    -0.305421084 -0.331996441 0.852433443 -0.231710494 -0.450157881
    0.975472689 0.0984684229 -0.330670774 0.350880265 1.06933689
    -0.0593014956 0.79263258 0.255945086 0.240884781 1.60060525
    0.603767157 1.57931137 0.0865492821 1.12045383 0.09707129 1.5884192
    1.34635925 0.276725173 -0.10532546 -0.279829383 0.554386616
    0.994977891 -0.424300551 0.860236883 -0.179399073 0.746302545
    0.708543777 -0.660780847 -0.280149609 1.41427612 1.21044469
    1.69086242 -0.567469597 1.20489216 -0.210841477 1.4355638
    0.920559585 -0.383702934 -0.522833467 -0.518782735 0.122284651
    0.424807966 -0.0437212586 1.04957271 0.148765624 -0.0693218708
    1.413239 0.663609326 1.61897838 -0.124196827 1.02503633 1.57656693
    0.0427011847 1.53003609 1.54083419 0.702245891 -0.401225001
    1.63718677 0.144205689 0.957086086 0.0833541155 0.497088611
    1.64201891 0.187498748 -0.574935436 0.220801055 0.428883791
    1.33103395 0.510037661 0.84133929 -0.0635223389 1.02347493
    1.45739174 -0.151318192 0.838851631 0.623670101 1.36102593
    0.366616786 0.764802754 0.247762859 1.62709689 1.09268546
    -0.0620822906 1.4939971 0.655133724 1.57553184 1.04572868 1.6038053
    0.337456167 0.477314055 -0.23448354 1.24504685 1.17552352
    0.730047464 0.108666003 -0.472696543 1.16672921 1.15964282
    1.54550159 -0.630711079 -0.525718689 1.58372521 1.15132189
    0.756371975 0.0177177191 -0.620350182 1.17466784 -0.478668213
    -0.255568087 -0.651666403 -0.2394256 0.288796842 0.29055053
    0.657527983 -0.23789826 -0.179304361 1.2199502 -0.0540934801
    -0.0938619375 1.41040087 0.52880758 1.55150294 0.0436998606
    -0.00187599659 0.91323179 1.56089652 1.39393592 0.783050835
    0.974421382 1.00590527 0.796240807 0.494908035 1.7606039
    -0.0945457816 0.794811308 1.75909638 -0.221830159 -0.360118955
    0.172872901 0.807760417 0.361568034 0.552761912 -0.273050278
    0.131638288 1.53956461 0.19777137 1.71681809 0.98471272 0.0190789104
    -0.267904103 0.094746232 1.16460598 0.140735865 -0.139293015
    0.482951641 1.58315325 -0.579474628 -0.597225249 -0.507825196
    -0.663779795 -0.0238419175 1.53010964 0.0255762935 0.0316883922
    -0.187146306 1.15616143 -0.0861119032 1.3658731 -0.642686248
    0.426640153 -0.128359079 -0.0436881185 1.01328993 1.46177876
    0.0887704492 0.572548509 1.39650702 -0.211347401 0.777922451
    0.260239124 1.04566801 0.367411315 0.496539235 -0.66562587
    0.335112095 -0.24591732 1.08156872 1.19275665 0.0435102582
    1.21156871 0.25876838 0.246014059 1.32794094 0.117256403 1.40402198
    -0.694130838 0.909981132 -0.275407523 0.770940006 -0.594969749
    -0.553324401 0.15609324 -0.0819565058 0.766208529 1.15718377
    1.27233338 0.481181622 0.682271838 0.964480996 -0.2577039 0.24351114
    1.16661632 -0.194555432 1.45299268 -0.0950465202 -0.159438372
    0.0416038036 0.175610721 -0.453306109 1.34670091 0.976736128
    1.5662508 0.38678205 0.42938596 1.27165341 1.07556748 -0.196527779
    -0.373533756 1.45205045 1.31734622 -0.689145207 0.446073771
    1.04732013 0.542144656 0.501511335 1.50400424 1.68821168 0.156393349
    1.06907094 0.772300303 0.524389088 -0.626932383 0.153294444
    1.53183281 1.13951564 0.0814573169 1.56250787 0.342976034
    -0.0913752317 0.433123052 -0.15983814 0.926881433 1.64307618
    0.437648118 -0.317815274 -0.629746377 -0.539146602 -0.55101043
    -0.425323337 -0.273429304 0.861882091 1.52128768 1.07145739
    -0.0621939898 0.827050567 0.468680322 1.69462669 -0.67290163
    -0.623231947 0.993079722 1.44591069 -0.08900249 0.670568943
    -0.728589237 1.59496593 1.4958365 0.462103724 1.12389648 0.271561623
    -0.0948223472 1.57629728 1.59743333 -0.354098618 0.938499987
    0.450897634 0.648299873 0.935768187 1.2075038 1.37962508
    -0.515689373 1.29323649 1.07306504 0.636920512 0.0997049212
    1.6422931 1.41280556 0.686152697 -0.343487173 0.422840893
    0.860311151 -0.508395791 -0.338403881 1.18014979 -0.421179473
    0.0245044231 0.973678708 -0.338935912 -0.465164304 1.28859735
    1.00963712 -0.409305274 1.00646615 0.712453187 -0.00263226032
    0.416983306 -0.555869937 -0.422506601 -0.0373144746 -0.642565548
    0.369232714 0.930130184 0.379048049 0.0510068536 1.16665268
    1.67646122 1.2894032 0.724979281 -0.668673694 0.802372158
    -0.563420355 1.48303032 -0.294052809 -0.651924014 1.47829223
    1.20917201 0.649559259 1.58981395 -0.426092684 1.6748457
    0.0131585002 0.409963489 1.33061218 1.22475016 0.690549612
    -0.474138677 0.624711514 -0.671313226 0.789490581 0.889505029
    1.0938952 0.708470225 0.0334710479 0.64475584 1.01925886 0.901845574
    0.341794908 0.856927931 0.663738966 0.68624413 1.08431673
    0.500743568 -0.0580667853 0.86100471 -0.529523253 1.49712467
    -0.468314141 0.555125237 -0.158142686 -0.53743279 1.09500754
    1.19169486 1.0756979 1.08281851 0.207903385 1.32178378 0.241272211
    1.148803 -0.113143265 1.63132 1.66954231 -0.530582666 1.04576826
    0.260430455 1.24121451 1.15426552 -0.501345575 -0.105599701
    -0.613327682 0.36158812 1.76151896 -0.257770509 0.888364494
    1.25233912 0.622402549 0.966858447 -0.310385793 1.79900527
    1.77548122 -0.352706045 1.33100724 0.74711889 0.278851211
    -0.509673119 0.355815113 1.57141519 -0.0610461235 0.380131066
    1.61325991 1.03513944 -0.117321551 0.23554951 -0.344720989
    1.27743971 -0.507493615 1.35548306 1.67481959 1.24064827
    -0.181040585 1.05086064 1.01440406 1.20529342 1.70356381
    -0.197073877 0.380470634 0.0453982353 0.867801011 -0.479246527
    0.274436712 1.25787091 1.41645384 -0.367554367 0.141860247
    1.29613018 -0.432481438 1.24787498 1.08054018 0.0916151404
    -0.521680117 0.772654235 -0.449062973 1.45638752 0.350708783
    0.298843384 0.0511124134 -0.0443059206 1.12624073 0.318536818
    0.00918716192 0.884815812 0.0975710154 0.583181858 0.517356515
    1.02922428 1.61417282 0.96451503 -0.6320526 0.30924046 1.33267927
    1.281353 0.0343317389 1.23352551 -0.149794459 0.438189149 0.73740834
    0.903995812 0.989512801 0.0344098806 -0.340249479 1.2516489
    0.241531789 1.69603062 0.0467187166 1.20804584 -0.494484961
    0.210339665 -0.562402129 1.29968095 0.899156332 0.596320987
    -0.258771092 -0.507751346 -0.427497536 0.000413715839 -0.319797933
    -0.63651526 -0.299147636 -0.595897794 1.46930528 1.19021249
    0.162820995 0.230895162 -0.192590326 1.25294828 -0.523540735
    0.908473015 0.229700029 1.07426739 1.2704165 -0.223217934
    0.289970458 0.357619464 -0.307797581 0.177583575 0.60073328
    -0.217853367 1.02747369 1.42890775 -0.645819068 0.759189308
    0.844783664 1.56397283 1.03764045 1.66091394 -0.236154646
    0.129716933 -0.223175287 -0.313894928 -0.45287174 -0.645613611
    -0.548060358 0.517471611 -0.0913590193 0.31145066 0.726153433
    0.97496897 -0.461254478 1.04633033 -0.00690460205 1.06447518
    0.227803349 1.5480628 -0.58952415 0.464428663 0.897159815 1.22751486
    0.189329743 1.43264532 -0.587276042 1.12178099 1.14092422
    -0.178181052 0.69947809 -0.696149051 0.922950745 1.31627369
    1.4345423 0.247355402 -0.242156446 -0.3731471 0.107555509 1.18333089
    1.09633493 1.28254569 0.0579637885 -0.568658948 -0.0755545497
    0.563429713 0.980661988 0.543105423 1.31666303 0.198989213
    0.460674167 0.931942999 -0.698232889 1.51103377 0.30323118
    0.325713277 1.51519608 0.0984202623 0.473410606 1.1348958
    -0.422556013 -0.196765006 0.516461849 -0.401904106 -0.289883405
    1.220186 1.26807308 -0.1811831 1.27882218 -0.460878193 -0.511656046
    0.117435098 1.64391506 0.479802966 0.999668956 0.525529504
    -0.564095855 0.0624038577 1.31122112 1.02500463 -0.715505302
    -0.470248491 -0.113019228 1.214396 -0.653217971 0.51481086
    0.570754647 0.434248805 -0.21184063 -0.209527075 0.654864848
    0.960178435 0.355886817 1.16712141 1.00862002 -0.401725173
    0.201904416 0.181304812 1.61627328 1.58458662 1.53427362 0.585798502
    0.95520395 0.957425654 0.144626379 1.61546683 0.752204478
    -0.364406168 0.263092577 0.983170211 -0.631760418 0.868659019
    0.872614503 0.87013042 -0.314925671 -0.0599275827 1.17393756
    -0.0652685165 0.189805865 1.33154237 0.85978353 0.989298463
    -0.165651858 -0.494758964 -0.106295407 0.891244292 1.42086053
    -0.317965209 0.432236075 -0.57318449 0.410690606 -0.0335403085
    -0.0817492008 0.577880502 1.61579657 1.67803144 1.68844175
    0.631611705 0.764570236 1.49579704 0.735700727 0.0495536923
    0.505506754 0.383863866 1.10156035 -0.0981746316 0.557548881
    0.0292823911 -0.0186147094 1.46966553 0.834128618 -0.392791003
    0.905151129 1.08976078 1.33543658 0.924059927 0.57771492 0.638249636
    1.04423761 1.42202139 1.41238344 0.633505464 1.40528321 1.00488019
    0.540882707 -0.177562714 0.144332707 0.522357881 0.991080225
    1.31585646 1.54344964 1.63464355 0.320552111 -0.615144789
    0.524590254 1.07391369 1.06677508 0.335092664 -0.0966857672
    1.00882781 -0.367318541 1.1999433 -0.486761808 -0.238943458
    -0.610614121 0.415214121 -0.0454275608 -0.266707391 1.12106156
    1.57404578 0.0203906298 0.1547966 0.903523743 1.23999417 0.429759502
    0.290331006 1.27584541 -0.664443851 -0.531044722 -0.00926661491
    0.6799438 1.35955501 -0.554740965 -0.078817904 1.08393025
    0.107587934 1.62043953 0.627147198 0.737391293 1.65255308
    0.348452449 0.731263697 0.467302084 -0.208766162 0.460888445
    1.13049912 -0.659784555 -0.532491684 0.125533879 1.40532517
    -0.21146661 1.54256868 -0.292071104 -0.639998674 1.52556872
    0.756245971 -0.06822294 0.658918798 1.55469298 -0.252793401
    1.35222745 0.956347227 0.462437451 -0.455537379 -0.544682503
    -0.523855805 0.569467485 -0.0687077641 0.533513248 0.0372492075
    -0.571546316 1.12171888 -0.648822606 0.914960742 0.0413791537
    1.24418092 0.307618856 0.116872489 0.206046104 0.172819912
    0.103285372 0.576451957 0.854067326 -0.075296998 0.710666776
    -0.55851531 -0.432686299 0.30879432 0.0520008802 1.55895162
    0.858554184 0.261562526 0.278713226 -0.213101268 -0.510438204
    1.33773279 1.12025702 0.718781114 1.40874565 0.240372419 1.02034009
    1.37695575 1.28813744 -0.651281595 -0.384853631 1.27339745
    -0.506193399 -0.110792339 0.218304515 1.20321965 0.60182339
    -0.360262781 1.1003325 0.333949685 -0.345414937 1.40087521
    1.59981596 0.71621722 1.45881081 -0.124975324 1.05500746 1.3772316
    0.6674878 -0.5954566 -0.368741691 -0.185761213 -0.254924417
    -0.272120178 -0.0556798577 1.30817914 0.272541642 1.57222271
    0.628014386 0.40354073 1.2216506 1.15778685 -0.589422584 0.136592984
    0.298762858 0.99864316 0.748496115 -0.325571537 1.60816872
    0.761028111 0.973090768 0.763774395 0.0142775178 0.678237438
    0.3573578 -0.125402629 0.610389233 1.01753187 0.614433289 1.23464322
    0.942388058 0.421586275 -0.0656420588 0.51019752 -0.449907333
    -0.197198987 1.01422429 1.02016222 -0.595136642 1.58829618
    1.46045721 0.174126625 1.04373288 -0.352116346 -0.638363302
    -0.227210432 0.886473835 -0.108565509 0.59125483 -0.228001624
    0.0494004488 0.825206995 0.3090868 0.862927794 -0.290491253
    0.193941891 -0.213125288 -0.0953341126 0.810402513 0.678544641
    -0.717092872 1.54603529 0.756537437 1.35481167 1.1455369 1.19750881
    1.18657279 1.45460844 -0.0737107396 0.213941395 1.40512633
    -0.400227755 0.634354472 -0.696784377 1.55218625 1.62108922
    -0.0982804894 0.550329268 0.495078921 -0.657224834 0.127850533
    1.55588841 0.419567943 1.21744132 -0.0487183332 1.51669419
    0.82710588 -0.0848212242 0.460607111 -0.264469564 0.365673482
    0.846852779 0.371090889 -0.635852695 -0.188877761 1.63648045
    0.878269434 -0.514590204 1.72589052 1.60368979 0.00235056877
    0.519832134 1.49351072 0.434893668 0.41129005 1.63581002 0.401018828
    0.633211076 1.68049014 1.44501185 1.54856014 1.35676408 0.154863417
    -0.429656148 1.07181764 -0.216976166 0.207538188 0.355772197
    1.16310084 1.13795471 1.27666688 -0.10650903 -0.405216008
    0.661818445 -0.652895212 -0.351218998 -0.368269026 0.245238423
    1.57951498 0.775260329 -0.073522985 0.34583348 0.434740961
    0.412806392 1.03541362 0.788980246 -0.300180197 0.057063818
    1.62909615 0.779562593 0.0904837847 0.202318311 0.227645218
    1.50891209 1.11381805 -0.166952074 1.65728307 1.57450151 0.929870546
    1.64282084 1.02662039 0.202996075 -0.529616475 1.34262145
    -0.466705233 0.384919107 1.30010235 1.65407395 1.54033923
    -0.560535491 -0.206140697 0.139231741 0.0277594328 0.41469574
    1.09885597 -0.610542655 1.59537745 1.362921 0.44026053 0.461986244
    0.0467320681 1.05566454 0.743925393 1.13865232 -0.285989851
    0.639260828 0.955712438 -0.186497509 -0.139471263 0.976213813
    1.63135195 0.510766566 0.16065371 0.650316477 1.5989089 1.41745901
    0.237569213 0.972636402 0.800787091 0.688190281 0.706597924
    0.727121353 1.4344629 0.83312732 0.604492426 -0.0250406861
    1.24208045 0.0384180546 0.0137219429 0.334839821 0.991406679
    0.241899014 -0.188074112 -0.549716592 0.653565645 -0.181547463
    1.60144603 1.28940511 -0.232215822 0.810508788 1.70112312
    0.952149928 1.74620509 -0.597048104 0.691811681 1.52527487
    0.372568309 1.03791881 0.995422661 0.677480996 0.862792253
    0.716677368 0.611979783 0.875203907 1.33338833 0.10252136
    0.909574091 1.08602607 1.65479088 1.45216966 1.56956816 0.233669937
    0.701687753 1.50169802 0.911808372 0.814117849 -0.56401664
    -0.588178813 -0.471944034 1.50603938 0.345919967 0.175758243
    0.00120681524 0.309443057 0.215139985 0.587900996 -0.355822444
    -0.405911118 -0.556734324 0.115038395 0.821050823 0.58084172
    1.26045382 1.48778582 1.60441887 0.0414893031 0.613614023
    0.743761837 -0.454128802 0.212157249 -0.179846674 0.259266078
    0.867766798 1.04854918 0.242583215 -0.154416323 1.119344 0.465455115
    1.58318233 -0.29446432 1.05904865 0.673294544 0.504721642
    0.0894582868 -0.597888589 1.66147614 1.11948085 0.360131741
    0.969818652 1.0349493 0.063678205 0.855863929 0.791722476
    0.356232226 0.080576539 1.44965959 1.15758789 -0.0566183925
    0.279679537 0.103329837 0.00704860687 0.081573844 0.882207155
    0.432197809 0.674850106 0.0693023205 1.04960775 -0.581502259
    0.0752620697 0.33295697 1.45410085 -0.142703712 0.971241295
    0.213499665 1.42749476 0.651945293 1.52956104 1.1607343 1.01702905
    1.31788552 1.10903072 0.102696657 -0.496023893 1.35635924 1.36750829
    0.0623683333 0.581922889 0.261775136 0.31218493 0.766121805
    1.62177706 0.846292913 0.613055348 0.397732139 -0.330289096
    0.588305771 -0.311457515 1.35666966 0.707654297 0.150963128
    1.19042766 -0.287680149 0.784440279 0.497269213 -0.256017148
    1.69612873 1.63867617 1.69468522 0.55284673 1.32395387 0.200413048
    0.924848616 0.581781507 0.6809811 0.298911512 0.321237087 1.39177227
    1.52186823 1.48798597 0.000320971012 0.91383636 1.75781298 1.1602788
    0.62846607 0.150107503 0.0036753118 -0.294303656 0.54693681
    0.671055794 -0.199697137 0.112905443 0.660174012 0.364127219
    1.10390162 0.312122405 -0.238744259 -0.465422094 -0.226891309
    0.230696559 1.36487603 -0.0882598162 1.03839481 0.882876694
    -0.223567516 -0.405273139 1.57856166 0.23032552 -0.554232001
    -0.331519157 1.11533427 -0.487102211 1.24315453 1.45789945
    1.09037876 -0.493614465 -0.353164434 1.09122169 0.622056842
    0.0197857022 0.524924994 -0.16727826 0.12950623 1.23242402
    -0.543036401 1.4820931 0.925214469 1.56562948 1.42948723 1.52967024
    0.28297466 -0.162152588 1.56887937 0.620391786 -0.394654483
    -0.588604867 -0.529889345 -0.273862094 0.210314155 0.839063823
    0.139224052 1.13956594 0.390075684 0.845981717 0.583082616
    1.15978765 1.17873931 0.0960351229 0.820270181 1.2387805 1.20308781
    1.16991913 1.57255721 0.336018622 1.55105257 0.133790612 0.807638884
    -0.0583398342 -0.19466579 0.572583795 1.72097635 -0.520691931
    -0.244336843 1.04374814 1.06319666 -0.191878021 -0.546284735
    -0.254852086 1.00487924 -0.531920969 1.28934693 0.271546483
    1.49889719 -0.264664322 -0.309263259 0.562233329 1.69469345
    0.56645596 -0.377088994 1.14647985 0.0501003861 -0.0663807988
    0.101364911 0.125561118 0.0832816958 1.2282232 0.707383811
    1.12993217 1.34762764 -0.536312342 1.61566567 -0.325723976
    0.188080132 0.489943862 -0.34048143 0.441019833 0.139754415
    -0.180713624 0.390301287 1.30087459 -0.5148772 0.940309405
    -0.071651876 1.28246939 1.61596346 -0.450430542 1.15329266
    -0.284865856 -0.404739976 0.123657882 0.891214609 -0.378447026
    0.578362763 1.09476209 1.60839963 -0.426145464 -0.368454158
    0.0446668267 1.77172256 1.03820539 -0.330863982 -0.563573003
    0.87105459 -0.44375658 1.45494533 0.00890761614 1.29535651
    1.11844385 1.44262528 0.936234355 -0.207517028 0.567095399
    1.68041754 0.621703804 -0.254649937 1.48172426 1.6565522
    -0.186709523 -0.246787757 1.55473113 0.645880282 -0.144319594
    -0.136786759 -0.049701035 1.69652998 1.77204633 1.61145258
    0.212584019 0.00658738613 0.0732669234 -0.17877534 0.494211674
    0.833316803 1.58964849 -0.189138561 1.26631927 1.1586988 0.076880455
    0.143523812 1.01373553 1.416996 1.15369534 1.35931551 0.856584311
    1.60465956 0.10159868 -0.278201759 0.101970077 0.884162247
    0.165001869 1.20591998 0.731897056 0.772716403 1.48356235
    -0.486545265 0.597260714 0.77351892 1.3522439 1.69721138 1.59363794
    1.16858482 1.45547509 0.08050704 1.74371886 1.77427042 -0.623748362
    1.13077164 1.29083455 0.693572462 0.873819828 -0.0751130581
    1.54186153 1.09866738 -0.0667293072 -0.380760968 0.50607729
    1.38820446 0.197898686 1.40145433 0.552268386 -0.292700112
    0.956180334 0.896424472 0.475672185 1.25578022 0.341089189
    1.03188252 1.37721407 -0.0905814767 -0.636509657 -0.0605925918
    0.146763086 0.215116382 0.655848265 1.20142531 1.00439167
    -0.562336504 0.944324195 0.334514737 -0.0718975663 -0.524769843
    1.36713624 1.1729244 1.03617072 -0.0266866684 -0.337134212
    -0.0619390607 -0.411589742 1.41247761 1.15450394 0.561733961
    -0.554033279 1.16626763 0.955898225 0.722732186 0.244188726
    -0.405316204 1.50919747 0.185090423 1.75799644 0.62328732
    0.603481412 0.0618244708 1.44005132 0.638643384 -0.126831099
    1.32225513 0.741434455 1.13826275 0.90607667 1.85861516 1.59725857
    0.276043177 0.867754698 -0.25448063 0.359805942 1.20829177
    1.22943866 0.065659523 0.417940915 -0.0533719063 0.150447011
    1.06321096 0.0669444203 1.60741854 1.62829471 1.65850329 0.639506519
    0.371180415 0.766282201 1.71666169 0.64732641 1.58359718 1.73404789
    0.783509493 1.0005424 0.65082109 -0.329566896 1.80588508 0.103717208
    1.56057322 1.79006433 0.27523613 -0.168347597 1.37231338 0.948538542
    0.390069067 0.0301001668 -0.430335045 1.08654141 1.02177691
    0.143757761 1.42297339 1.50579572 -0.112362862 1.32203639
    -0.202505887 -0.222186923 0.282397211 0.24507755 0.922990084
    0.558797777 1.7780664 0.730579317 -0.0116045475 0.677586317
    0.742372394 0.58949542 0.667675972 0.816678524 0.446035385
    1.26257837 0.482929111 -0.0318132043 0.0384559035 0.445918083
    0.25784415 -0.489853978 0.972877145 0.878498733 -0.303805828
    -0.50395447 0.768287241 1.07495451 0.448210955 0.553970456
    -0.470523804 1.8290633 0.138503909 1.72766352 1.71787906 1.36583364
    1.75675702 0.909233749 -0.0598213673 1.45663452 0.61289382
    1.57447362 0.875964046 -0.321865022 0.224844635 0.13640362
    -0.264314324 -0.236460954 1.14605761 0.139525533 0.364754438
    0.123542726 0.426518142 0.353241563 1.45248806 0.449271917
    -0.271225631 -0.517677009 1.69768858 -0.460927039 0.483912766
    0.416124165 1.34111094 -0.216331214 0.103348911 1.61613798
    0.275825202 1.11724472 1.8101263 0.357332706 -0.0208448172
    0.464450181 0.259307325 0.695991337 0.763905942 1.62954402
    1.46205711 -0.270684928 1.50103092 -0.238550216 0.588909745
    -0.556296468 0.404994488 0.587979555 -0.13875556 0.130229592
    1.14706564 -0.348297417 1.65360832 1.64520121 0.352170169
    -0.395896107 0.879727125 -0.442020655 -0.0538313985 1.07666993
    0.508359432 0.205736756 0.0673112273 1.69495237 -0.527617514
    0.606468976 0.198822618 1.36671805 0.206582785 -0.268546402
    -0.124795198 -0.302706838 1.5923928 -0.377127707 0.635755539
    -0.241356045 -0.503360093 -0.515555322 -0.301710337 0.304479241
    -0.362627983 0.113548458 0.0339174271 -0.363706648 1.37837601
    -0.395789504 -0.00345563889 1.60968173 1.59444654 1.58618855
    -0.330661774 0.835205734 0.862559676 0.575212657 0.655495465
    0.672002912 1.69109964 0.803284645 1.62503242 0.182102442
    0.122164547 -0.165020555 0.0588636994 1.42423034 -0.565373361
    0.712430239 1.59053206 0.451958835 1.17358685 -0.327405572
    0.870299757 -0.201519907 0.167288244 -0.391331673 1.80297399
    -0.226992697 0.525989413 0.191246152 0.236671388 0.334622264
    -0.180931926 1.52839828 -0.015406549 1.72029603 -0.531991541
    1.36373544 1.2462523 1.41851711 1.45216179 0.868644297 1.15983081
    1.20243144 1.5126462 1.72372866 0.242396355 1.72952485 -0.536730587
    -0.58562386 -0.289939165 1.79679251 1.10994601 1.17548501 1.69294655
    1.68315136 1.65223241 0.242123425 0.454855442 0.185101807
    -0.303826183 -0.440944821 1.51412272 0.723226547 0.662166774
    1.19461036 1.31359482 0.97306484 -0.405426204 0.647564888
    -0.0658419132 -0.332549423 0.266684949 -0.326806784 0.69427526
    -0.160279363 -0.31580922 0.0677808225 0.222819626 0.189019799
    1.43513179 1.27945292 0.0583623648 0.251989156 1.5541749
    -0.272383183 0.0784269571 0.66866976 -0.0845814049 1.12203097
    0.0303470194 1.80724752 0.165324807 0.382700503 -0.37702927
    -0.04749313 0.83363539 0.904734492 0.532438338 1.67653894
    0.243461668 -0.350596756 1.21242714 -0.459672987 0.190788507
    0.00173485279 0.178688407 0.558794558 1.86204219 -0.487757623
    1.73964584 1.1036135 0.52962625 0.0627591014 1.43040395 0.124187946
    0.257885039 -0.375957638 -0.0131138265 1.40188932 1.46687281
    0.417939723 1.19044709 0.205281496 0.493873328 1.52161193
    -0.198360234 1.32108653 0.371299922 0.323862582 0.00345394015
    1.23885703 1.84056544 1.51905167 -0.353780687 -0.46400106
    0.872878373 0.747528911 1.63163662 0.960091352 0.881898522
    0.686046004 0.113915503 0.487225235 1.43360603 1.20176303 1.03628123
    0.440063536 0.348708391 1.61469984 0.0881710649 1.75988936
    -0.457176626 1.67295837 1.25453258 1.11495185 -0.273534298
    1.59110034 -0.107137263 1.2724508 0.649441659 -0.100317389
    1.49926114 1.37741506 1.79979873 0.0304993391 -0.258367181
    1.06630325 0.526102602 0.669517875 0.188323021 1.40932631
    0.303262234 0.416332126 1.57065725 0.332702518 0.480216116
    0.553974152 0.402260721 1.15164685 -0.452810109 0.135094523
    0.409493387 1.18345141 0.263831109 0.855683208 0.1838395
    -0.170728654 -0.242285073 -0.328645825 0.985114098 0.178285897
    0.251844585 0.713265419 0.405656874 1.6554265 0.131531388 1.46265221
    1.39300299 -0.271310687 1.88986731 0.746188879 0.670397818
    0.097997278 0.276049495 0.114553869 0.686986446 0.982254148
    0.644699454 0.145322144 0.959554553 0.101013243 -0.493292958
    1.48365736 0.92476666 0.181308746 1.69295812 -0.249692112 1.06988585
    1.73078072 1.12833858 0.65175736 1.11366677 -0.476492822 0.863956869
    0.385325074 1.40056729 1.83355737 1.29221702 1.80814719 -0.196119666
    0.47673583 1.20375013 -0.299375713 1.0480485 1.58582735 1.15980351
    1.16842282 1.82622886 1.85481453 1.11713839 0.370101094 1.44969487
    1.36075354 1.52963459 1.07584739 0.803132892 0.526985884 0.462653935
    1.52646971 1.7368114 0.222193241 -0.08511132 -0.0940386355
    1.73163223 1.2961818 0.0125509501 0.271203697 0.610775352
    -0.00176787376 0.404369295 0.594361603 1.21391845 0.713744879
    1.32175851 -0.437690496 0.770112514 -0.460318834 1.19246054
    1.02813745 0.581547916 1.36848891 1.08229089 1.0934639 1.48957741
    0.445724368 1.61073291 1.34119344 0.801203489 1.77141905
    -0.422117382 0.111271203 1.43744898 -0.411790401 1.3558048
    0.839902997 0.681065321 0.280357569 0.218510926 -0.433684051
    0.993915796 1.84187794 0.216036975 1.67497563 1.01564384
    -0.547151566 1.75936639 1.05546284 1.15665066 1.7053082 0.19554764
    0.555412233 -0.43306151 0.989014566 0.215800703 1.6443373 1.01019144
    1.81526935 0.965548515 -0.1120857 0.690206885 1.44246197
    -0.441699862 1.03463793 -0.290878564 0.820702016 1.48812795
    -0.357690454 0.59870851 0.264087677 1.39041662 -0.391075969
    0.654794157 -0.427755773 -0.374172002 0.70972538 -0.175920337
    0.808303237 -0.0326795876 -0.243827954 1.2516644 0.242406279
    0.22429958 1.49782443 -0.26096344 0.529305041 0.572134614 1.27306807
    0.00940063596 0.410666168 1.52417481 0.794440031 0.582951427
    1.76931274 1.3821466 -0.396968663 1.76064205 -0.472944319 1.25728834
    0.0195370018 1.10860205 1.57229304 1.64804065 -0.116128415
    0.792526007 0.336434275 1.35031974 0.997727394 -0.440176129
    0.964648485 0.446439207 1.12399101 0.485626698 1.21820688
    -0.0811252296 -0.310434639 0.243219405 -0.268913686 0.268782049
    1.02905607 0.431201667 -0.171574473 1.32423162 -0.207285553
    1.01388407 0.0602863133 -0.378997177 1.33519208 0.483585596
    1.93600905 0.207134098 -0.122988135 1.38077748 -0.334250867
    1.44518209 0.748930335 1.65672302 -0.348770916 1.25296295
    0.739222646 0.682247758 0.562518418 0.191353858 0.619750321
    1.1281836 1.48765326 -0.357751131 0.203564912 1.64013779 0.13070944
    0.347193897 0.36514771 0.0811133981 1.61722398 1.04542458
    0.0854562819 0.328657031 0.283779234 1.15004587 1.10348511 1.5326134
    0.0537609756 1.35359383 1.55816722 0.518144608 1.11903036 1.32439649
    1.0352242 -0.387115508 1.49272609 -0.147339404 1.75679064 1.51584268
    1.04493332 0.312601358 1.55527139 1.22184408 1.90561187 0.785449982
    1.53788376 1.49569225 1.27342176 1.79248273 0.516825914 0.0704173148
    0.358370423 1.37111902 0.729871929 1.07949543 1.13143599 1.7047559
    1.38627589 1.80896962 1.22627974 0.0610922873 1.26043439 0.833363295
    1.23880684 0.564647794 1.15226221 1.9347775 1.16968083 1.64463389
    0.081841141 0.385577947 1.93891788 0.297985435 -0.121539354
    -0.181062073 -0.0278097093 0.693606734 0.45188126 1.45881104
    -0.274139702 0.822026491 0.318093568 0.514848113 1.31338692
    1.6233331 0.110303193 1.08146966 0.800854385 1.90732217 0.242859721
    1.0640564 0.684087634 0.78854394 0.00122627616 1.7887516
    -0.0956393778 1.66819954 0.0881322026 0.549782455 0.0848227143
    0.668300748 1.35367548 0.00773870945 0.672320127 0.07903409
    0.939155936 -0.114043713 1.13160408 0.773191452 0.858196437
    0.91294229 -0.141101211 1.60310948 1.64040124 0.848069131
    -0.185344428 -0.114790916 1.03040266 -0.00071823597 0.849162459
    -0.259297907 1.65990722 0.489363819 1.34075403 0.532462001
    -0.26017487 1.26574588 0.944613457 -0.168449849 0.88712281
    0.685344338 0.611602545 0.416690737 0.939278603 -0.268827796
    -0.275160462 0.681110442 0.9672966 -0.122266054 1.92690003 1.6151607
    0.760339499 0.525916338 0.669303536 1.86198449 0.44038853 1.2550354
    1.80998206 0.839280367 0.365850478 0.630306244 -0.0229362547
    0.701435804 1.59267604 0.0643953383 -0.00846266747 0.720563889
    -0.212558597 0.243883789 0.894412756 -0.0875553191 1.2466526
    0.215752751 1.02241898 1.31316733 1.11888707 -0.371408582
    0.288970292 0.555429459 1.15356243 0.864752233 1.30444098
    0.752590239 1.72013021 1.14307523 -0.429324687 -0.318787724
    1.71821213 0.204692245 -0.327474266 -0.135609031 0.213923573
    1.69289887 1.34329772 1.64161086 -0.0731643736 1.61513603 1.71577537
    0.772008419 0.239772201 0.665153801 1.33885837 -0.120060205
    0.975054443 -0.395334363 1.90650821 0.487874478 0.512168944
    0.0976473391 0.98959744 1.13405919 0.652157784 1.68347335
    0.620845079 1.55999947 0.813679099 1.96108139 1.19934201 1.50985086
    0.824346364 0.173328742 -0.239070401 0.658897638 0.453063607
    0.408393919 1.56469858 1.23508859 0.928329825 -0.35096702
    0.399572492 0.411965042 0.212028623 1.2144165 1.85180795 1.59289384
    1.49071097 0.442955345 1.66348124 0.751452804 1.92593884 1.92601943
    0.853150606 -0.201817811 1.51353204 1.92905498 0.933014035
    0.818772435 0.115163088 -0.219360977 0.893709242 0.0364101231
    -0.221454918 1.63328099 0.016236186 0.981991887 0.417382002
    -0.304117858 1.50568283 1.44416785 0.775195181 -0.357229114
    0.985737324 1.36190653 0.95355922 0.5299052 1.31847906 -0.335853338
    -0.100420594 1.25160122 1.27360439 1.32225263 0.780999959 1.23468888
    1.40921843 1.62813413 0.950594544 1.21717143 0.231504709 0.423118323
    0.498635143 0.122533709 0.618359983 0.100944579 1.07956743
    -0.298724353 0.320845574 1.54404497 0.719154596 -0.0797358155
    -0.393909574 0.617175817 0.533906281 0.405220479 1.1316179
    0.504944801 1.97897708 -0.13853544 0.642662883 -0.329312533
    0.423420489 -0.12573567 0.193568438 0.514599085 1.864151 1.7559768
    1.92873955 0.149864644 -0.0881374478 0.584288955 -0.159456789
    0.39367789 0.722971439 1.11401141 1.06844425 0.786808729 0.436723679
    1.76769149 1.95994699 0.775267243 -0.266366541 0.964737535
    0.620871544 0.995154738 1.23856199 1.65108538 0.643714964
    0.746524155 0.0446593463 1.81522679 1.58057213 0.473162889
    0.32072258 0.741768718 0.666312158 0.602645338 1.19653511 1.28439164
    0.0584615469 0.428634822 0.800680876 0.912322283 1.60998046
    0.450080246 0.949288726 0.527946115 0.0751752257 0.121871531
    1.9353826 1.46292233 1.60453892 -0.407304466 0.800005794
    -0.272621721 1.00070667 1.35656595 -0.386408269 1.4467994 1.11078656
    0.979087114 1.93056321 0.00623732805 0.703064799 -0.286966741
    -0.0652652681 1.27975941 0.998821914 0.975515187 0.217323571
    1.43974054 0.11254558 0.581460536 0.37060684 0.722761512 0.345995814
    0.526190937 1.50071669 1.88425827 1.09328222 1.15507507 1.01985967
    0.552272081 0.0286245048 1.78546762 1.81132627 0.0543176532
    1.94562232 0.237930298 0.314604998 0.306185395 0.367197871
    1.67668033 1.15260077 0.636716485 1.2139765 -0.302076519 0.206679821
    1.33244872 0.185461462 1.88858223 1.05138111 0.220948011 1.17877245
    0.974311829 1.89288116 1.32106113 -0.22237277 1.15486217 1.65888703
    -0.196715534 0.167912364 0.448185772 0.0496907532 0.383438915
    0.953490794 1.01103473 1.72348928 0.648841619 0.486062229
    0.729148746 1.68864322 0.438468397 0.26627627 1.49716508
    -0.0384635031 0.598277926 1.480618 -0.290904045 -0.330820829
    -0.269964963 0.0567992032 0.620717645 0.267914414 1.72364736
    -0.314455152 0.266363919 1.04239976 1.36697674 0.335023582
    0.620600104 0.586303353 -0.418945283 -0.210278302 1.86799693
    0.283651948 1.71771622 0.568668425 1.02257752 1.34311366 0.294287622
    -0.323427916 1.41032672 0.915632188 1.10378075 0.620686889
    -0.33227092 -0.276014268 1.4266057 0.490919828 0.0866587162
    0.915924788 1.76415062 0.948420823 0.420353591 0.326019019
    1.76172972 0.18667531 1.18553352 -0.0698989332 1.61273444 0.82048893
    -0.21030207 2.01043177 1.56145859 0.857704818 1.666031 0.807211339
    0.256930947 1.12966073 -0.0126584023 0.833439469 1.34146595
    1.9889493 1.69894159 1.86966383 0.670739651 0.590087533 1.75859857
    -0.188232467 1.20030212 1.90523481 0.95194006 0.677150249
    0.796014428 1.98415494 1.61443436 1.50499368 -0.15510872 1.85678697
    0.742448568 -0.11402294 0.045630604 -0.145806581 1.57733369
    1.62143505 1.85298347 1.20154166 1.42406809 1.38483644 0.934948921
    1.55770028 0.379313022 1.21029603 1.87423098 0.726737857
    0.0818450749 1.47999477 0.167132467 0.0957091153 0.591873288
    1.59802985 1.98196399 0.746320903 0.307241827 -0.0750363171
    -0.11849305 -0.353723884 0.0942279994 0.273587823 0.486945778
    0.653740883 1.3468436 1.69928575 1.60628533 -0.163784206
    -0.156642154 1.01764882 -0.0541877449 -0.322728842 -0.144206211
    0.450725555 0.282040536 1.61987686 1.93758738 0.487105012
    0.974232674 2.03416753 1.88826847 1.04802573 1.75822115 0.138284832
    0.416382134 1.28291178 0.519302726 0.492991924 0.751955032
    0.761608362 0.940251827 0.64841783 -0.144780517 0.214860141
    1.5921638 1.12038112 -0.369307995 1.34687924 0.570044994 1.97470498
    0.042306155 0.312094659 1.05892897 0.481091052 2.01120257
    -0.270178974 1.181463 1.45614541 0.418764859 1.13971257 0.792877614
    1.8174727 -0.282041609 -0.306063056 0.214037389 1.80786729
    1.12594676 1.30894184 1.93248928 0.176389962 1.09443355 0.923357129
    1.79482198 0.328976691 1.09447014 1.50181484 0.0576727092
    0.435460567 0.973545432 -0.239095539 0.460302413 0.927413821
    1.86317754 -0.123635709 2.01530147 0.826518774 1.12887359 1.50249529
    1.04467916 0.42683211 -0.0376548469 0.0645890832 0.399197847
    1.45334589 0.101865977 1.2617811 1.07527816 0.578633368 1.00177455
    1.72003508 1.86218703 -0.306812108 1.86041319 1.38735962 -0.30808872
    0.370759368 0.937167645 1.8925041 -0.138965517 1.89125311
    0.374639958 1.54354382 1.91178465 0.645262122 1.28210652 1.10364044
    1.91336226 0.992189884 1.25870216 0.783582926 1.90766656 1.71363294
    1.77524972 1.29227889 0.385641307 0.740926385 -0.242883831
    0.423804075 1.15589476 1.84045076 1.36810517 0.298314631 1.48321581
    -0.199215412 0.459962994 0.432572633 1.47095156 1.70350671
    -0.290842414 0.785007536 1.00556111 -0.166635439 1.37878883
    1.01026642 0.168459684 -0.171031952 1.52352762 -0.125706285
    0.0916630328 -0.376537144 1.83227646 0.0519720912 0.769392014
    0.495133221 -0.139994249 1.55939424 0.587831438 0.52666688
    0.844567895 0.89099431 1.78578198 0.437725574 1.31792188 1.29946339
    -0.0553516448 -0.316393673 -0.231233031 1.84302151 -0.0377085507
    -0.293253303 1.23308897 0.421058655 1.05298507 1.31337631
    0.209547877 1.07525897 1.08965886 1.09734845 1.96544278 0.0172911286
    0.207178295 0.770760953 0.76094079 1.33665788 1.04658782
    -0.0683556199 0.87598002 0.714050412 1.1082741 1.82061315 1.19837868
    0.628737628 1.04510367 -0.175735697 1.72936773 1.6649828 0.846255064
    -0.29309088 1.83629322 1.06184816 0.162311792 -0.0801725388
    1.13039351 0.602438092 0.0255683661 0.630113959 1.73869681
    1.15740609 0.168702781 1.61046243 2.1097734 -0.239141449 1.73701739
    0.0251122415 0.562656701</data></my_img>
<your_img type_id="opencv-matrix">
  <rows>128</rows>
  <cols>256</cols>
  <dt>f</dt>
  <data>
    0.334835351 0.35708335 1.20986331 1.20238411 0.766661286 1.09546757
    1.16915214 0.418665588 1.06340933 0.796892047 0.394492149 1.1368854
    0.48371011 0.77127713 0.885924995 1.08414984 0.372328669 1.30822265
    0.824839354 1.01340854 1.20333254 0.63376987 1.18311775 0.639200151
    1.24069142 1.03741455 0.898344696 0.663897812 0.842732608
    0.404978573 0.419124931 1.38137841 0.916827798 1.19263291
    0.960677803 1.05231941 1.13233089 0.440675735 0.771095097 1.29256058
    0.968794763 1.14454746 0.664530635 0.657487035 1.37128985
    0.897260666 0.868573546 0.555881321 0.444364607 1.12978721
    0.725210309 1.12581456 0.450755626 0.450386167 1.30971575
    0.789375186 0.770830512 0.481814772 0.502377748 0.52067405
    1.25551426 0.791007161 0.741989851 0.765654624 0.431654572
    1.24285758 0.94357264 0.450093001 0.954716563 1.2098763 0.728799999
    1.1614238 0.648884058 0.652948558 0.60220176 1.17835593 0.993729293
    0.959208667 1.36899233 1.20788312 1.27802551 0.526092589 1.0478884
    1.024266 0.557568431 1.18866587 0.913952708 1.03640079 0.433927596
    1.33708155 0.654985666 1.34140086 0.846975863 1.06861353 1.00644112
    0.854350924 0.744444609 1.2305125 0.916628718 1.14906693 1.2968967
    0.667322874 1.29833245 0.524624705 1.17355752 0.878617704 1.28648579
    0.918633997 0.469672769 1.02310085 1.09125876 0.56041342 1.26355648
    1.09502542 1.25547993 0.540953755 1.17400885 1.21413577 1.17629194
    1.33356059 1.39097512 0.702395499 1.19255602 0.919556737 0.807400882
    1.00827277 0.641264439 0.415802509 0.84336108 0.483158439 0.79824388
    0.769730628 0.726482809 1.0843159 0.617728591 1.41907299 1.38172042
    1.26933503 0.908095241 1.16516292 0.693571448 0.959427059
    0.702159405 0.563024282 1.14011824 0.709752917 1.09207535 1.05478144
    0.752039433 1.03446555 1.35836864 0.818628013 1.1598165 0.481012046
    0.932721078 1.14314914 0.62022543 1.11192358 1.08456767 0.72056812
    1.28608251 1.24865294 1.35996461 0.569198728 0.848592341 1.15045011
    0.775634825 1.1023742 1.22067118 0.628249884 0.98870939 1.18912411
    0.872901022 1.30343533 1.27221179 0.742235363 0.574908853 1.25161481
    1.24267924 0.544100106 1.10198951 0.654356182 0.674821377
    0.461743832 0.855920374 1.13001323 0.940093637 0.800821841
    0.93427223 1.34676671 0.916591763 1.14782822 0.835774779 0.641143978
    1.25616968 0.993279934 0.748287261 0.365723193 0.711683512
    0.398207963 0.94230938 0.410472721 1.02143669 0.40566957 0.666446745
    0.36492306 0.42872265 0.936694741 0.461723655 1.29924631 1.18260574
    0.390293598 0.678117752 0.467770249 0.536780357 0.787984967
    0.451512516 1.10276425 0.34700793 0.698505044 0.569437623 1.27499032
    0.605645537 0.522990048 0.889800429 1.24575937 1.32057631 1.27966237
    1.36547709 1.01413202 1.0209657 0.925709665 1.28217781 1.03411722
    1.03071165 0.796663046 1.16323471 0.816243529 0.40703094 0.883970976
    1.04359519 1.17876875 0.67457366 1.17670989 0.624895096 0.748196959
    0.687816858 0.843625426 0.724489748 0.961181879 1.18409538
    1.15708482 0.97079879 0.293928564 1.14923358 0.480504036 0.780144751
    0.827513039 0.573381543 1.05462635 0.380516708 0.387870789 1.0438391
    1.36039054 0.847452044 1.27219498 1.05510354 1.04941761 1.3728857
    1.24787974 0.449680537 0.735367537 0.473892152 1.01823473
    0.718314826 0.514233232 0.968020797 0.669452667 0.85806179
    0.719546497 0.761258423 0.608306289 1.00958014 0.474677116
    0.865553677 1.12010288 1.32350993 1.32508159 0.751264691 1.26328933
    1.08261836 1.42023861 0.460174233 1.31815898 1.11748326 1.39889526
    0.870070577 1.40423918 1.3321054 0.60409826 0.54188633 1.3685652
    1.22024369 0.758352697 0.853447735 0.88128823 0.860164165
    0.514324844 1.4168489 1.23689234 1.30626488 0.62581718 0.436153322
    1.09249222 0.692828953 0.796977878 0.411573499 0.5707798 0.535117209
    1.2004832 1.10388124 0.980422199 1.27500463 0.642280102 1.21671975
    1.14031398 0.92340374 0.908641577 1.18873835 1.04955518 1.21393764
    0.919490576 1.21724665 0.540161371 0.608899236 1.35172582
    0.750512183 0.502235174 1.06852686 0.906692028 1.38000453
    0.581943035 0.554868639 0.893708587 1.44373357 1.37667727 1.43291616
    1.09864736 1.44621611 1.01844442 1.20038569 0.648964286 1.42957354
    0.876594067 1.09465992 1.20760155 1.10362387 0.806330681 0.87632525
    1.23831069 0.98060739 0.656774879 0.883018374 0.641994298 1.01216936
    0.989391983 1.42883992 0.6887573 1.15683532 1.28109705 1.29542351
    0.953353107 1.19669902 0.847208381 0.501773834 1.08731234 1.2682693
    0.569181919 0.969497085 0.549526691 0.877082765 0.478914171
    1.3037436 0.708422959 1.30910349 0.53477484 0.701411605 1.01105368
    1.24630582 0.535643995 0.957852244 0.98921901 1.30654871 1.11394095
    1.17063653 1.23564768 0.776823521 1.44746733 1.41971934 0.482533693
    1.44142652 1.29218924 0.882309616 1.28472018 1.15112162 0.799788892
    1.08116984 1.03810036 1.00126851 1.25332022 1.37257564 1.15077806
    1.31521118 0.616705239 0.475173712 1.41498268 0.489123881 1.05174506
    1.21316481 1.25728691 1.10835958 0.605790734 0.549877226 1.01867545
    1.12869453 1.29483902 0.565214396 0.813798368 0.788820028 1.06277466
    1.1490196 0.817430317 1.34970701 1.21784604 1.39221025 1.38666451
    0.439627439 1.37565947 0.679203629 0.686385393 0.946481347
    0.797037721 0.774202764 0.805826068 0.439623088 0.957369626
    1.1260339 1.04117393 1.03778172 1.26492488 0.453672558 1.06839693
    1.22957945 0.973502874 0.669951856 0.53122586 0.455776811
    0.662540257 1.18040657 0.433712095 1.38535869 0.749220967
    0.745560765 1.33319783 0.499425501 1.07780123 1.13043523 0.633837402
    1.3239373 0.418729842 0.971725702 0.665818572 1.01224673 0.519425154
    0.413802534 0.509436786 0.953135967 0.664912939 1.26134205
    0.720916271 0.741724312 1.16218925 0.442741007 0.880169809
    0.809954405 0.648152351 0.819314897 1.01600409 1.26029265 1.13504386
    0.813891649 0.579203129 0.884017766 0.84954989 0.550073147
    1.34423387 0.480001181 1.04501665 0.475903302 1.38770902 0.432235688
    1.17058921 0.995068729 1.38705719 0.955582082 1.18570757 0.791270256
    0.797071397 1.29931736 0.887663484 0.510089576 0.453423619
    0.817379355 0.628894687 0.90863663 0.510472775 1.16769671 1.39047503
    0.443245679 1.00687337 1.31479192 0.569623947 0.732932448 0.8500157
    1.14155865 0.460079312 0.714251697 1.03877091 0.452854514
    0.740222275 1.02323675 1.00005376 0.753759861 0.837230027
    0.670586705 0.576265335 0.813381672 1.22545922 1.21070623
    0.979453325 0.623801768 0.788673401 1.27588999 1.18557143
    0.733245134 0.656479836 1.42196012 1.16177988 0.634473205 1.46634519
    0.824416161 1.00877488 1.32113492 0.993029714 0.894036651 0.85695684
    1.02435672 1.17824984 1.20576 1.2150104 1.14527524 1.33873475
    0.971840799 1.32583165 0.929513812 0.518090308 1.42447412
    0.725881338 1.23657942 0.844610751 1.25521529 1.23485363 0.989613116
    0.573507667 0.793743134 0.461546451 1.22812498 0.916820109
    1.30103016 0.923824251 1.40823066 1.11623597 1.47322214 1.15410018
    0.513669848 1.2590611 0.799828529 0.778460145 1.01357174 0.837961614
    1.37307382 1.46742332 0.501919985 1.05237722 0.633538961 1.05654919
    0.748504341 0.552652597 0.614376128 1.22067297 1.4771446 0.961382568
    1.00212204 1.34819484 1.47485757 0.59040457 0.806824148 0.741864562
    0.879864812 1.19868875 1.27037728 0.693921328 1.26082563 0.862010479
    0.824474156 0.963272631 1.05737698 0.743035495 1.0809108 1.27935886
    0.623058081 1.02982688 0.517461181 1.46271622 1.22739112 0.727823555
    1.24547768 0.817695141 0.959474921 0.618596196 0.57988745
    0.586700201 0.82667315 1.34657979 0.695608616 1.43218732 1.09798706
    0.570863008 0.503021359 0.496305317 1.35005116 1.07002592 1.23981404
    0.901183963 1.08654141 1.40853775 0.84246105 1.16248059 0.958320379
    1.50973892 0.831259906 1.1104213 0.997869313 1.13226533 1.10523367
    1.11094129 1.03489053 0.536881626 0.535732567 0.630468071
    0.772554636 0.706726015 1.27661908 0.518927634 0.862944663
    0.763106167 1.08728957 1.07304811 0.978612006 1.16173279 1.47794235
    0.767159343 0.604920149 0.580404341 1.22400546 0.620197594
    1.37180197 0.864151001 1.29778314 0.921432972 0.658971369
    0.709544301 0.843652248 0.655630589 0.750112772 0.580367982
    0.975147486 1.13572991 0.514465332 0.472285718 0.520623863
    0.573270798 0.938327134 0.525417745 1.41157222 0.61011076 1.19848716
    1.04267085 1.09711277 0.529667199 0.478319347 0.548525035 1.04794455
    1.03635883 0.950507045 1.265872 0.740826011 0.641358376 0.750578701
    1.05959868 0.872649312 0.879470229 1.13542199 0.849816144 1.24153388
    1.32816017 0.972903967 0.713573456 1.25046265 0.558206737 1.13172281
    0.990087092 1.33130074 0.897345424 0.520008147 0.547388971
    1.38933647 0.55706203 1.13672805 0.759245694 0.511557937 0.672522426
    0.849222362 1.35743415 1.25816166 1.00160587 1.14773023 0.669788897
    0.975524843 1.06403506 0.849407971 0.969362855 1.14923131 1.01052809
    0.860223174 0.745264292 0.47773999 1.04500413 0.709545493
    0.670356154 0.538217008 1.23546827 0.95543164 0.792541981 1.3139143
    0.741466165 1.3130548 0.578105092 1.12267828 1.37453198 1.39410079
    1.13270926 0.906922162 0.765645027 0.73817426 0.463901967
    0.861334145 0.360242933 1.25392175 0.371147811 0.382554084
    0.552983165 0.721103549 0.911815166 0.549022079 1.37282145
    0.529465258 0.895151377 0.684987903 1.25956035 0.733648896
    0.634096444 0.865239441 1.33231425 1.23247731 0.92066741 1.08527017
    0.584275365 0.89732784 1.30238342 1.19536781 1.11960351 1.47449493
    0.587091208 1.51608396 1.4960916 0.559572756 0.637260079 1.49825275
    0.989450932 1.09747446 0.937540352 0.736348748 0.742461026 1.0241524
    1.03016937 1.53971839 0.819569826 0.948979914 0.857327521 1.00748396
    1.50116277 1.42685795 0.561676562 0.978938162 0.880709052 1.35192811
    1.32203841 1.11493981 1.48135543 1.32124412 1.13406897 0.784107924
    1.42418265 0.712798119 0.535550714 1.12997293 0.711056828 1.0305053
    0.664093196 0.630700111 0.572010219 1.01929462 0.588920355
    1.45143282 1.31187963 0.852397919 1.11382151 1.19651091 0.762109041
    0.691214263 0.706471622 0.967764676 1.22057474 0.999792278
    1.28916669 0.769892395 0.660682201 0.810159981 1.46974909 1.50023532
    0.90469712 0.711779118 1.25466478 1.10302067 0.656757891 1.09046292
    0.873095155 1.40518403 0.755820155 0.972326159 1.46833265 0.63057673
    1.43905747 1.13652825 0.931943357 0.91711247 1.49661231 1.32411301
    0.691759825 0.600407422 1.39886343 0.553049803 1.38098705 1.38590527
    1.03104448 1.4850229 0.678050399 0.909007013 1.38183057 1.14533269
    1.2910924 1.5075289 1.35191989 0.983052969 0.590904891 1.33473134
    1.50709856 1.22249925 0.692180693 1.49455118 0.600840688 0.96793592
    1.23913717 1.53524768 1.25188041 0.875638068 1.47636247 1.03247976
    0.893435121 1.26370895 1.42249143 1.22047472 1.15596366 0.990417063
    1.13872921 1.35369337 1.54386699 1.42168963 1.24955964 0.938841701
    1.07743549 0.780363441 0.621629119 0.824698567 1.01422191 1.45995235
    0.835784674 1.31682968 1.29973519 0.823943853 1.47513187 0.990380347
    1.34086919 0.609915972 1.11256206 0.921087682 0.97499603 0.914191246
    0.677577436 1.51680171 0.93120569 1.11413097 0.663131058 0.618350267
    1.33066893 0.637109816 1.28919017 1.28897727 1.19409192 1.08212316
    0.636871636 1.43877482 1.28480518 1.04771435 1.30227613 0.931611657
    1.39297307 0.515615344 0.935047626 0.612980068 1.48985195 0.66642952
    0.718475103 0.979311883 1.21142805 0.798821747 0.773265421
    0.653122425 0.981415749 0.589716613 0.747064531 1.20674872
    0.697502613 1.23721695 0.649787068 1.15447855 1.15427351 0.602642238
    0.656057477 0.755982161 1.38468969 1.14756954 0.593261838 1.02623856
    1.24488556 1.11056209 1.20081162 0.916622162 0.581943631 1.38731706
    0.659570694 1.06163931 1.14630675 0.605451882 1.02355909 0.556887686
    0.686099052 0.870526552 0.820670009 0.662117541 0.987722337
    1.46537387 0.665438831 0.988914669 0.863917589 1.3966018 1.1252327
    1.30779874 0.522649229 1.07156777 1.44081819 0.81046313 0.704986036
    0.659645021 0.938118219 1.14339674 1.32025516 1.4888072 1.31218076
    0.594634533 0.900025606 0.814463675 0.725340545 1.10464442
    1.49656403 1.48188448 0.733482301 0.639864743 1.35650027 0.418858498
    0.408745468 0.356555223 1.04179752 1.01690698 1.13797784 0.717090368
    1.31494033 0.700470865 1.29680645 0.662716448 1.46970379 1.02579224
    1.10133576 0.995810151 0.991015792 0.792138278 1.5287534 1.20141709
    0.806394279 0.830079198 1.21744692 1.35155106 1.29118574 1.37876558
    1.36573577 0.679439783 1.21590555 1.16685343 1.30641687 1.015522
    0.667493224 1.21170366 1.42831397 1.33603776 1.09511518 1.51321352
    1.46596718 1.06733489 1.46388423 1.0944891 1.43195677 1.0553683
    0.996843457 0.911545932 1.00312829 0.818520486 1.14352882 1.07681489
    1.44829226 0.996316135 1.13263714 0.888751984 0.68077457 1.11924887
    0.626844943 1.36192536 0.884185553 1.36597621 0.832998991 1.17512012
    0.953549981 1.42270899 1.04512858 0.688343227 0.680294752
    0.552114129 0.620145917 0.93327415 1.45927548 1.10430539 1.26591218
    1.53805566 1.54647434 1.20380092 0.816294968 0.857110202 0.588074028
    0.87202996 1.37051284 1.11876714 1.20010233 1.07068622 0.597604394
    0.807808399 1.20017922 1.13033843 0.686671913 0.574274242
    0.777482212 1.29222775 0.777941525 0.942271709 0.95552206
    0.870495558 0.883834422 1.06044018 0.726499617 1.17005956 1.32899868
    1.43713057 1.16229379 1.34161365 1.22830629 0.892902851 1.23475492
    0.975381613 1.49603295 1.19092643 0.746960402 1.13534427 1.47844446
    0.925487518 1.39049673 1.59427798 1.23604059 0.835426569 1.32239664
    1.34820533 1.52119112 1.27169919 1.26180696 1.38102698 1.62316775
    1.56252253 1.41443563 1.57967889 1.23531568 0.621135712 1.33885765
    1.29084754 1.47076452 1.04631948 0.84599191 1.50052977 1.48531866
    1.16789985 1.59487939 0.647941828 1.32126582 1.19063592 1.53222764
    1.50682211 0.98780942 1.32464194 0.602035522 1.33182836 1.4591291
    1.34927595 1.32680821 1.3816855 0.710842431 0.889760792 1.07029331
    1.10237026 1.10903394 1.0819968 1.3333602 1.3289386 0.950139821
    0.960400343 1.53307474 1.11038029 1.2459681 0.948081017 0.950245738
    0.850966513 1.20821381 1.09094965 0.890792251 1.03787494 1.1823529
    1.19737542 0.692697763 1.47689009 1.15956032 1.06811452 1.39469254
    1.29912746 0.985996604 1.53603363 0.786136568 1.27309608 0.700261474
    1.19787562 0.934796691 0.866326153 1.50848866 0.746175408 1.04190922
    1.20564485 1.00114918 0.892161667 1.42520821 0.600565255 1.11298442
    0.981031001 0.880768657 1.47541618 1.1329273 1.12726068 1.26253748
    1.11924994 1.18721545 1.33433938 1.38446581 1.31377351 1.50232911
    1.04857635 1.19506419 1.42811811 1.31202567 1.34750617 1.32322502
    0.997143984 1.38187599 0.565682232 1.49094367 1.34036815 0.784072578
    1.23303425 0.953586102 0.615613043 1.00740004 0.805584192
    0.855571389 1.02829957 0.864858806 1.32876325 1.30391753 0.613592088
    1.4302001 1.5399425 1.09276676 1.0349232 1.21240902 1.18194664
    1.19071221 1.499439 0.746420145 1.53982484 0.865225554 0.560583711
    1.04320621 0.78450489 0.968320906 1.50108027 1.23706126 1.36687946
    0.609556019 0.580626726 1.34011388 1.40748024 0.530344844 1.07060361
    0.848442674 1.20378315 0.401579469 0.989552557 1.21955335
    0.358825684 1.32919407 0.899746835 1.38626277 0.974376023 1.11999846
    1.43489707 1.36534262 1.16056585 1.32903647 0.706278145 1.11382556
    1.00739682 1.28616405 0.692024231 1.01976943 0.673161745 1.04689491
    1.35767138 0.939145446 1.02376604 0.627407372 1.30768943 1.00267696
    1.01024997 1.04373741 1.23278534 0.713453174 1.38898921 0.889732242
    1.11961436 1.05848646 1.20635259 1.42811346 1.05179667 1.17030215
    0.917714477 0.867094874 1.49096787 1.26673555 1.32449305 1.29466927
    0.660160065 1.33643162 1.0217663 1.16600049 1.28704762 0.963050604
    1.24869168 0.774366319 1.40819788 0.882389665 1.12409675 1.39586973
    1.28768504 0.884959936 0.908779323 1.12139881 1.03939211 1.06863689
    0.645286262 0.945665121 0.618912756 1.04765821 1.48980808 0.77527833
    1.45762217 0.823659003 1.00990748 0.949558258 1.07537735 0.651768267
    1.21449947 0.974903822 0.865965128 1.38518763 0.62603718 1.36098003
    0.911534369 1.01163769 0.941355526 1.0455476 1.50038958 0.867085814
    0.882807672 1.17497182 1.04890847 1.47356725 0.702210605 0.742605567
    1.54512119 1.51683295 1.49945104 0.973506927 1.50191236 0.652910233
    1.41439772 1.38490927 0.891431093 0.919068098 0.981471479
    0.963931501 0.897911489 1.30655551 0.750599802 1.26357377 1.32424676
    1.15554273 1.57586813 0.788402975 0.829002142 0.8300457 1.09632087
    0.926322937 1.05593598 1.52431428 1.02390075 1.2889421 1.63377559
    1.32517171 0.892037034 1.38249516 0.846707582 1.17131305 1.30225742
    0.737143695 1.6026473 1.61702657 0.803553641 1.25578272 1.03056002
    1.24961376 1.56469977 0.670318842 0.844151199 0.980354667
    0.818416893 1.2560277 1.36038971 1.32035768 1.14501607 0.712286532
    1.14070368 1.15317321 1.13459623 1.18199778 1.53345764 1.0695442
    1.25198829 0.832137764 1.06499302 0.852506638 1.44137681 1.04210651
    1.36437881 0.752632618 0.920372784 1.21900165 1.62225187 0.84747839
    1.44354033 1.57483709 1.63061225 1.42310512 1.54971731 1.0812844
    0.744917035 1.58323693 1.17906058 0.928531289 1.11385572 1.10637617
    1.4115932 0.933616817 0.972047925 1.32072103 0.801987648 0.84235239
    1.59102404 1.55519617 0.832285404 1.38931251 1.34159088 0.913522661
    0.991428077 1.35800982 1.49109817 0.896998405 1.27054 1.5366292
    1.46384954 1.26459289 1.18294847 0.614927173 1.17315567 1.30039513
    0.968088388 0.675762177 0.674913466 0.785492778 1.20105267
    1.10616589 0.598973632 1.57371318 0.863140941 1.18385911 0.756204844
    1.21626496 1.3057034 1.03396177 0.821688056 1.10146141 0.869577646
    1.29361165 1.44930971 1.05732906 0.791605592 1.34551358 0.847266436
    0.635680377 0.811216414 1.44803298 0.98107636 0.609361112 1.0737083
    0.887072682 1.23036706 1.47392571 0.946823478 1.25166869 1.12237728
    0.755925894 1.63181996 1.49436104 1.43937886 1.13398266 1.36207962
    1.60790455 1.06167734 1.41025937 1.52001274 0.783471167 0.867895067
    0.98365736 1.00543785 0.997004926 0.938483775 1.03326786 0.798095465
    1.03030658 1.22851002 0.879003525 0.873085916 0.640241444 1.23286426
    0.655234635 0.401511937 0.659603357 0.75846386 0.708870053
    0.849255323 0.933977842 0.636795998 0.69641763 1.19381833 1.07539904
    1.29698348 1.52055526 1.1489712 1.36344516 1.47820997 0.78870815
    0.708391547 1.23485005 1.58761251 0.715605319 0.904567003 1.25752199
    0.728465259 0.704729199 1.10824084 0.914324403 1.4345963 1.52408397
    1.19167852 1.1052072 0.674499869 1.12358785 1.48051584 1.66403103
    1.1131624 1.08937836 0.678880811 1.08012676 1.01020503 1.220819
    1.47230494 1.06249642 0.965222299 1.27519417 0.907220483 1.34938133
    1.47158074 1.30466819 1.06741142 0.800922573 1.29116976 1.08473933
    1.01866138 1.26457763 1.18554533 1.42166352 1.40655315 0.84119451
    0.848549128 1.00204074 1.34194958 1.29375851 1.07614195 1.52694166
    1.18886817 0.885642886 0.787409306 1.07835615 0.810326338 1.06402826
    0.892270625 0.94737035 1.38845813 1.57117105 1.18331027 1.59686244
    0.670063257 1.60774302 1.08179557 0.99835372 1.14535308 1.41427469
    1.55390668 0.854035854 1.01055038 1.25638652 0.821801245 0.920868933
    1.31828713 1.64633811 1.60256648 1.53815722 0.833767533 0.85482645
    0.944315374 1.18868291 0.994262159 1.57023704 1.11901069 1.18171024
    1.45253313 0.699043989 1.22728145 1.456532 1.65596902 1.5358237
    1.40376508 1.06301868 1.3397913 1.56124592 1.43362594 1.31279874
    0.870011747 1.4245888 1.12809992 1.70983326 1.43228161 1.48039567
    1.69055378 0.881210446 1.64617074 1.39315104 1.05068696 1.60469484
    1.19667768 1.39229846 0.968399704 0.690642953 1.26368821 1.26919711
    1.67951 1.31353617 1.66166794 1.56538725 1.12722766 0.972242475
    0.943982959 1.59268236 1.62838817 0.792384386 1.23424459 1.40162897
    1.24349093 0.871958971 1.25927997 1.67894542 0.691903114 0.748654604
    1.61923218 1.54480827 1.25703299 0.991440833 1.40159178 0.942604184
    1.18356895 1.42405903 1.51111984 1.21172047 0.774796784 1.14734936
    0.841273725 1.6788981 1.0009495 1.16338372 1.55363178 1.30957913
    1.19151664 0.693675578 1.03568482 0.980435908 1.39766586 1.51465821
    0.955937505 0.675872266 0.890926898 1.4951787 1.01674187 1.01653063
    0.922626019 1.48044062 1.34561813 0.807206869 1.18874395 1.07412028
    1.23435044 1.37617087 1.43309808 1.62796211 0.981138706 1.01599956
    0.725955844 0.750878811 1.25673056 0.823525012 1.51833117 1.19933701
    1.47003448 1.18356824 0.651742816 0.641148686 0.678970456 1.31463134
    0.625407159 0.802253366 1.09328222 1.59487402 1.14889705 1.60496902
    0.712050915 1.46686852 1.60588109 1.23910356 1.09096062 0.887995124
    1.24508464 1.22149968 0.706405699 0.850410879 1.36164582 1.52323282
    1.47836089 1.41105199 1.08617699 1.60258949 1.33224368 1.25601554
    0.941674232 0.848323047 1.29457033 1.33143115 1.04429436 1.35176539
    0.855562091 1.12423563 1.03864086 1.4871949 0.723774433 1.24529421
    0.897304952 1.11466694 1.15197575 1.565395 0.996004939 0.723075271
    0.66582489 1.55854857 1.37292218 0.684404433 0.726685584 1.1662147
    1.22686827 0.703159928 0.93153882 0.843745232 1.01642287 0.691589534
    0.581716478 0.569063962 0.69819802 1.06914544 0.72987628 1.52347922
    0.9187392 1.54126811 1.49301004 0.973403335 0.984994233 0.992735684
    0.936311603 0.8212744 1.10668099 0.712596714 1.05564225 1.22732651
    0.933518887 1.30967915 1.43579292 0.965856075 0.779292703 1.51167691
    0.919672012 0.737174213 1.19068134 0.771194637 1.14446306 1.64178145
    0.78347367 1.36120081 0.980486631 1.40238345 1.52351439 1.64620566
    1.58296824 1.07927835 0.89717567 0.966556072 0.767379463 1.59995735
    1.36601603 1.12146187 1.17408037 1.33874226 1.27147639 0.998200715
    1.08600819 1.10554636 1.56138611 0.74884057 0.779374003 1.38607335
    1.49307585 0.937208593 1.19845796 0.863709807 1.12259221 0.93182385
    1.39651811 1.14044023 1.49401474 0.68454051 1.28607368 0.851964533
    0.800674379 1.69408131 0.729111969 0.742430449 1.59597063 1.66753888
    1.22408843 1.30560839 1.6699456 1.71166086 1.53801048 1.60238242
    0.741130173 1.40186226 0.720709085 1.41966009 1.35074282 1.21988297
    1.23175168 1.5839045 1.64916515 1.54561102 0.968501389 1.5015465
    1.26838374 1.26721156 1.15938997 1.08296585 1.11623871 1.3907479
    0.867348552 0.833761454 0.743847132 1.28752482 1.0200392 1.67684615
    1.6922915 1.32440102 0.780691743 1.33549976 1.22547197 0.888713062
    1.70829797 0.907336473 0.87242341 1.0558275 1.38750434 1.50818348
    1.51474333 0.794907928 1.5705992 1.21505809 1.15675795 1.23447919
    0.862942696 1.09322286 1.56137681 0.917546391 1.39112699 1.15509343
    0.887087226 0.805108488 1.23945701 1.3912313 1.24399364 0.848551929
    1.47501516 0.937541306 0.809914172 1.66409731 1.57505238 1.69763684
    1.06690538 1.3378278 1.47494972 1.31961286 0.999788761 1.71878636
    1.12329352 1.47876644 0.937007427 1.02175331 1.73476601 1.60645247
    0.863140941 1.10301733 1.08401477 0.824459195 1.65526736 1.32505882
    0.944128036 0.947942913 1.67117524 1.72317874 0.862415671
    0.786513448 0.83670646 1.10029519 1.35318422 1.13626337 0.855329037
    1.1681447 1.64968216 1.04769838 1.00654936 0.816873848 1.11136377
    1.28961563 0.742450237 1.47780848 1.63406479 0.934048474 0.952909529
    0.907847941 1.12389112 1.17001438 1.00828099 1.48779106 1.49193132
    0.847793937 0.906701028 0.904401124 0.881415069 1.69585812
    1.08093894 0.927663684 1.09026873 1.29521453 1.52583551 0.788398981
    0.777062535 1.55684769 1.61123085 1.57938886 1.25896072 1.51922703
    0.829784632 1.44188154 1.15866804 0.853248596 0.75657171 1.43824947
    0.810682178 0.851455927 1.6966145 1.09519267 1.26526308 1.58177459
    0.759847522 1.05364573 0.985945463 1.54585016 0.917572379 1.44944537
    1.03941643 1.30492687 0.993944108 1.34765851 1.44884014 1.36149633
    1.56219149 1.32762778 1.47064376 1.17815971 1.03617656 0.846287966
    1.28326261 1.20280027 1.57200468 0.713123918 1.05561781 1.15006757
    1.67932141 0.846094251 1.18367195 0.837429643 1.09964609 1.09065664
    0.897119462 0.776511967 0.905491948 0.929798126 1.33005691
    0.66283381 1.18901801 1.44620931 0.920834243 1.3197298 1.3504355
    1.19283569 1.10877347 1.00887334 0.858677685 0.983806849 0.646850705
    0.991312385 1.60583556 1.00882685 0.971381724 1.07162583 1.31317031
    0.710010052 0.877436221 0.998646021 0.91443485 1.6705668 1.28380775
    0.828708768 1.41567945 1.57332551 0.773298502 1.44372952 1.34253776
    0.980848491 1.67193139 1.63222587 1.4333849 0.739976704 1.52765715
    1.64536953 1.48629534 1.42956281 0.854149759 1.07607698 1.15945101
    1.47108972 1.01820183 1.52187371 0.903542519 1.37615824 1.0226289
    0.971878171 1.00706184 0.964076221 1.56277812 0.973668158 1.19656992
    1.5103687 1.08177209 1.06238115 1.20419419 1.56321371 1.45341492
    0.97183466 1.49101889 1.14358008 0.782633841 0.992085457 1.21804762
    1.10909748 0.811738968 1.41571283 1.52104604 1.65767682 1.66834795
    0.985053182 1.31952989 0.916597128 1.18843853 0.958185673 1.50947094
    0.945477009 1.17308426 1.57023108 1.25447798 1.62873173 0.726509213
    0.87282145 1.55603719 1.00719941 1.32968831 1.394997 1.54664683
    0.816367149 1.48400378 1.62825334 1.67672312 0.89828676 1.00717616
    1.55950308 1.59832788 1.04103208 1.32478237 1.5346663 1.06754291
    1.17519939 0.738349438 1.09807885 1.28721225 0.965344429 0.962002099
    1.43248796 1.12332678 1.61160445 1.69072664 0.927151322 0.950145781
    0.901956141 1.10537505 1.56464612 1.13648009 1.60553193 1.27174973
    1.75811887 1.42406654 1.42278838 1.17447019 1.24901366 1.24301481
    1.01909971 1.62634778 1.64341819 1.28376269 1.62458241 1.46656823
    1.26540613 1.39592338 0.961573184 1.5411315 0.794362307 1.07710862
    1.23224473 1.38701701 1.64618278 0.875073016 1.22275746 0.826377571
    1.32453775 1.62238061 1.48640072 1.23576915 1.31886458 1.1020658
    0.835475266 1.48927629 1.2487781 1.52569556 1.64543664 1.55947387
    1.48114932 1.69506514 1.2342279 0.882577121 0.864875317 0.776667237
    1.37979603 1.74298561 1.21826053 1.09847093 1.32892239 1.5591352
    1.53330958 1.62260377 1.58655679 1.66988385 1.04176855 0.837573826
    0.834715962 1.24862587 1.58561826 1.4776603 1.37885511 1.67312527
    1.30592012 0.874277949 1.31772363 1.00999057 0.815912724 1.04007745
    0.735926867 1.47260821 1.12718415 1.29943395 1.3233062 0.818924665
    0.912538767 1.5217272 1.2551533 1.25292313 1.21676207 0.838685215
    0.932259738 1.07515299 0.927563965 1.45535183 1.68021369 1.44390285
    1.27442098 1.69730651 0.744017601 1.50280118 1.00558376 1.68728602
    1.09839392 0.897888243 1.6135571 1.02973878 0.866089761 0.750931859
    1.15633368 0.945312917 1.43972158 0.774439454 1.03211403 0.853866637
    1.45692122 1.49993348 1.36635947 1.12120163 1.13514781 1.32495928
    0.846969783 0.813586175 1.29489911 1.49005222 1.56150854 1.08821189
    1.15703297 1.06896579 0.973175585 1.65662789 1.57089496 1.06573153
    1.35310388 0.863425195 1.52069998 0.752831578 1.15556157 1.05029404
    1.33807766 1.4937036 0.945632875 1.66384983 0.685045838 1.64348209
    0.748462856 1.39194989 0.962774694 1.28017223 1.52690291 1.35525942
    1.35486317 1.2347132 0.522432029 0.989928842 1.2442733 0.507799506
    1.38088429 1.22388649 1.26207519 0.927599728 0.703267157 0.842867136
    1.42723 1.34983504 1.3613342 1.37077343 1.48673546 0.97579056
    1.15417695 1.61194932 1.24793327 0.915423691 1.23792696 1.6070106
    1.34570003 1.64124572 0.935092747 1.52373898 1.29132855 1.53562427
    0.734751463 1.43123734 1.15798497 1.19039536 0.870579958 1.33183014
    1.20999789 0.793575644 0.867422402 0.706209362 0.918469429
    1.16036856 1.49134159 1.19835687 1.10838413 0.77402842 1.03803277
    0.869809687 1.15692437 1.06200969 0.939217091 1.17424297 1.13431859
    1.42574108 0.736724436 1.39459252 1.4624002 1.40005004 1.22268546
    1.034392 1.65921617 0.907463133 1.47737992 0.770429015 1.47301233
    0.731254816 1.04241061 0.941541791 0.928849936 1.08691049 1.16123986
    1.54051733 0.907169342 1.40058506 1.31303215 1.47985756 1.55018973
    1.11903775 1.50382853 1.66554701 1.31298399 0.989554942 0.921638131
    0.942877889 1.05177164 1.42764163 1.02997482 1.10560262 1.57061696
    1.56660914 0.940214157 1.62742817 0.860564947 0.899585724
    0.850462377 1.54414284 1.65776825 1.3712399 0.949308872 0.745787263
    1.43517506 1.06099463 1.44011486 0.733794093 0.89070946 1.35523868
    1.22118604 0.894549072 1.4335022 1.15817142 1.22615004 1.10637414
    1.02453375 1.31156421 1.1069026 1.24352419 1.45509577 1.32126617
    1.39000118 1.00327492 1.56743491 1.09344435 1.46572375 1.65828729
    1.30971634 1.11409485 1.42355263 1.74245107 1.465078 1.21543777
    0.794061124 0.862398267 1.04851532 1.37393844 1.45186615 1.30979192
    1.11586344 1.70148206 0.909498632 0.958205521 1.38009596 1.12286818
    1.63050616 0.947553039 1.19783151 0.838821828 1.29396737 0.770269156
    1.40208948 1.72177744 0.90947485 1.71222353 1.35461092 1.33576584
    1.13995337 1.65263391 1.41467416 1.43862402 1.14722061 0.78563267
    1.57258189 1.67254329 1.72831464 0.944334984 1.25573099 1.00904286
    1.08876634 1.3139987 1.11640239 1.56366587 1.34568548 1.20439923
    1.54847825 1.73741078 0.990927517 1.08871186 0.886560559 1.17514825
    1.19876969 1.34651268 1.58631659 0.860562325 0.972445488 1.24620914
    0.843095064 1.01490605 1.09266651 1.69411659 1.57100844 1.45091319
    1.31046104 1.51700091 1.66645586 0.756200731 1.34674704 1.20676005
    1.17116702 1.11123955 1.58757234 0.999576926 1.53366351 1.38231003
    1.2175256 1.6392597 1.49811685 0.846702814 0.699816167 0.707366168
    0.894191861 1.32521904 1.15474296 0.960952759 1.5305115 1.14751494
    0.918150604 1.51283121 1.05329025 1.24796903 1.12629354 1.69448948
    0.836809278 1.6235013 0.950327396 0.952052116 1.39441371 1.126104
    0.797477663 1.46045268 1.65051496 1.08076954 0.872139335 1.23734474
    0.995081127 0.755186796 1.18148875 1.26256526 0.856410146 1.0440321
    0.750222206 1.14336407 1.48055661 0.755904317 1.32086182 1.42162037
    1.50470352 0.865825057 1.00349331 1.41975534 0.895724416 1.51272464
    1.00783551 1.21404469 0.711279452 0.829138577 1.56290662 1.51818967
    1.0445677 1.08240378 1.00935256 0.687082589 1.27184522 1.27888846
    0.450101227 0.651670933 0.829449654 1.02688861 1.48635566
    0.832334518 0.936254919 1.09440076 1.18701386 1.57252777 0.894926548
    1.51123893 1.63471925 0.710455775 1.50119364 1.62939751 1.63766551
    1.48580432 0.736012578 1.44277918 1.44647241 1.44171774 1.61866522
    1.04787517 1.21549249 1.45885873 1.27762449 1.47026408 0.831762612
    1.41377747 1.6119473 0.964413166 0.793271363 1.55144811 1.28850198
    1.27155375 1.29845178 0.985635579 1.33077812 1.09718084 1.31931138
    1.37112069 1.14183855 1.58717215 1.43927014 1.0040884 0.83029741
    1.09730518 0.840025783 1.62923253 0.713961005 1.53319645 1.47849309
    1.35330248 1.46783185 1.43765664 1.66178572 1.44481993 0.937898338
    0.860098481 1.62286174 1.32133484 1.42037022 1.48657322 1.43765152
    1.27029431 1.49134052 1.05008674 0.823575556 1.08982062 1.21673787
    1.12174523 1.27592039 1.67696011 0.758210719 1.08343577 1.20590019
    0.800528288 1.30624962 0.718687654 0.905494452 0.798299015
    1.11197209 0.776616871 0.9954772 1.51287401 0.742335558 1.43229485
    0.974585712 1.41570151 0.749316871 0.85687387 1.28394854 1.09552145
    1.22233021 0.782316148 1.587713 0.808990479 1.3572582 1.26050282
    1.57193863 0.72414422 0.953123391 1.38410008 0.823058665 1.34212506
    1.40066135 1.02726865 0.740403414 0.934433937 1.08902216 1.4650569
    1.1683234 0.815062523 1.44911623 1.29454458 1.70364034 1.68428957
    1.70921218 0.907204926 1.60907912 1.74705088 1.23660159 1.16657948
    1.33155334 1.38342226 1.23462176 1.27008533 1.58107162 0.895871043
    1.18625093 1.19682407 0.788498759 0.848491132 1.50874972 1.34668398
    0.88874346 1.35986412 1.13758278 0.922808409 0.836646974 0.874914169
    1.02504039 1.20429945 0.871595502 0.810583591 1.07488942 1.29682052
    0.822969198 1.51454294 0.835749567 1.20317185 1.47151411 1.73994076
    1.38660014 1.26893795 1.18153632 1.00265384 1.65561748 1.38356209
    0.893262088 1.19697618 1.12840843 1.23166478 1.23773587 1.40677011
    1.32991719 1.57206964 1.4474082 1.60970354 0.787108898 1.00132191
    1.34023476 1.24494469 1.43511903 0.850470006 1.67286754 1.13864172
    1.08927679 0.923353672 0.750730217 0.772382319 1.26560521 1.3332814
    1.35008943 1.00633514 1.10490549 0.790559888 1.56679392 1.41900849
    0.761622012 1.40749156 1.54380429 1.27967572 0.735093534 0.840781927
    1.63468134 1.58949018 1.20342743 1.46497166 1.10913575 0.757317543
    1.37752557 0.750764787 0.932920814 1.7168355 1.336128 0.804355502
    1.51533222 1.69433057 1.56194007 1.2929107 1.64889288 1.50198281
    1.11526215 0.954615772 1.39865077 1.09531116 0.827798069 1.10890341
    1.62420213 1.09586012 1.54530323 1.24381661 1.61309183 1.33165741
    1.08921123 1.25027478 1.32097018 1.37420821 1.67550087 1.63803816
    1.54615295 1.22927094 1.05314851 0.957194746 0.864113927 1.04730451
    0.846583545 1.15592122 0.690770268 1.45540261 1.59725487 1.0632329
    1.62007117 1.65283084 1.61493969 0.870453238 0.655523479 1.57571769
    1.39066458 0.878719151 0.523774266 0.646185875 0.513235927
    1.21425903 1.08138025 0.569705725 0.563844681 1.09434605 1.18141747
    1.19666886 1.50554025 0.801057935 1.31748223 1.27866888 1.11825156
    1.36124253 0.82906723 0.882812083 1.26375794 1.27819407 1.21385133
    1.52286315 0.892997622 1.323277 1.09071481 1.02832258 1.06599665
    0.784481168 1.54987705 0.880943894 1.59116006 1.08823895 1.47663558
    0.736993015 1.41135943 0.955608308 0.90724045 0.886259973 0.95086962
    0.818779945 1.0956223 0.862276793 0.694994926 0.990616977 1.6203146
    0.957280636 0.793238521 1.16094053 1.60110474 0.79163146 0.909809053
    1.27356994 0.733499408 1.29211569 1.51409101 1.06800234 1.14551806
    1.12492549 1.15678239 1.30491185 0.709189355 0.931230128 0.769911528
    0.731230438 1.28762221 0.921237469 0.918927848 1.58818412 1.55334449
    1.46493053 1.53655791 1.65360677 1.70301116 0.948826671 0.85595721
    1.1230613 1.24053466 1.11807692 1.13459122 1.5149647 1.15521574
    1.26691341 1.06042254 1.11149073 0.891908109 0.763379574 0.929968834
    1.3436929 1.05882633 0.6848315 0.889771402 1.37764132 0.988364041
    1.42140055 0.92846036 1.52046824 0.788109899 0.965723395 0.688933671
    1.6801914 1.39269221 1.20513165 1.23696804 0.682056725 1.28020716
    1.20938313 0.882865429 1.61186635 0.89126128 0.887835085 0.779290438
    1.66626835 1.47393179 1.43013835 1.18723834 1.69724715 1.62423289
    1.07065022 1.71140528 1.49359012 1.09394121 1.64828455 0.873274267
    1.30964541 0.902622938 1.37768734 1.45880282 1.570081 1.38603199
    0.819099128 0.824358344 1.0314728 1.3785888 1.43005002 1.18408978
    1.3684411 1.23829591 1.30640149 1.29716468 1.07302845 1.05952621
    1.58653629 1.53079808 1.47255993 1.48259389 0.862209022 1.00294173
    0.907263041 1.69987094 1.71945107 1.0144397 1.68010783 1.7147994
    1.21500218 1.61323214 1.71043098 1.20654869 1.07974792 1.04966545
    1.40055895 1.74598479 1.19888461 1.14246666 1.34156513 1.29738629
    1.47654939 1.50883114 1.36239946 1.4571358 1.60600734 0.98393333
    0.894518077 0.923740566 1.37939012 1.44784176 1.61542344 1.53300166
    1.54484522 0.77359283 1.30787194 1.55686677 0.836624563 1.19639623
    1.26141584 1.0858506 1.38108706 1.5597676 1.26462054 1.27569199
    0.998396337 0.857965827 1.38368487 1.70297396 1.10201836 1.50096262
    0.965663314 1.51091361 0.881569266 1.29320109 0.854950726
    0.830323935 1.59609616 1.58034182 1.71589053 1.22784364 1.52255201
    1.48448479 1.41009903 0.971208513 1.13556862 1.14168787 0.791365623
    0.928826928 0.977580547 1.36831927 1.27778947 0.775151551
    0.865227997 1.668818 1.10960972 0.937486708 1.16830933 0.878428817
    0.724033177 0.851540685 0.903107941 1.01336753 1.36530221 1.63863373
    1.27702951 1.16287172 1.54821289 0.738332391 1.62731755 1.41188109
    1.69251168 1.00865066 1.32095575 1.55357695 1.54307234 1.32327843
    1.60106242 1.3385464 1.32869494 1.17791212 0.938683093 0.791079342
    1.50544691 1.04112113 1.12883604 1.19935358 1.41595101 1.39713204
    1.0544318 0.625133634 1.40585041 0.8869645 0.58509028 1.191324
    0.959039032 0.991094887 0.818995476 0.81226033 1.37466979
    0.891132712 1.10467947 1.11888707 0.727152109 1.67845762 1.0494678
    1.61073256 0.83181113 0.993950069 1.58439469 1.4491111 0.988680959
    1.46193337 1.03117204 1.47291994 1.11867189 0.920380235 1.58284855
    1.0092206 1.64610076 1.47342336 1.41530228 1.41859972 1.08931148
    0.941606045 1.65854084 1.56217432 1.08637822 1.47647607 1.11024749
    1.68419302 0.973247588 0.787292063 1.48377454 0.776203215 1.50874519
    1.28561759 0.909223914 1.38351369 1.07882082 0.714589417 0.699351728
    1.28738332 1.26710594 1.65780485 1.40576637 0.926655471 1.57889497
    1.02807868 1.08295107 0.683327973 1.2532537 0.847931385 0.943585515
    0.870878935 1.53992879 1.29087138 0.661639392 1.60362804 0.728241801
    0.981009007 0.973109782 0.956651986 1.58515716 0.880820215
    0.818883359 1.65617716 1.61557627 1.70780241 1.1406945 1.57472575
    0.836354017 0.828552485 0.90013057 1.50818014 1.27416849 1.45130479
    1.44278204 1.43494463 1.31522787 0.721176624 0.721247375 1.62188971
    1.56902194 1.09428692 1.43588889 0.843119621 1.33445764 1.4657712
    0.82813853 1.67723882 1.58179462 1.3883332 1.61449492 1.09009337
    1.51275134 0.922661901 1.57944489 1.59640586 1.55853999 0.904028118
    1.30833566 1.0139451 1.603145 1.43000937 1.70934951 1.66249394
    1.26068115 0.767420769 1.26961958 0.770368636 1.59312558 1.22518969
    1.66601646 1.45740414 1.57017231 0.889136553 1.42801774 0.828221858
    1.55993438 1.36635077 1.43325484 1.33362162 1.16401601 0.751691937
    1.18829119 1.52723384 1.44617438 1.63008308 1.24545825 1.67795718
    0.998221636 1.53655887 0.808280051 1.20376134 0.924740732 1.34819162
    0.999218524 1.14370584 1.12038076 0.802156508 1.71318483 1.50694394
    0.769133449 1.63905239 1.51518095 1.48871851 1.72348762 1.64154971
    1.03178811 1.40561974 1.55055356 0.826362729 1.39737463 1.00545096
    1.37907588 1.70570076 1.69190085 1.6389935 1.19353247 1.37526345
    1.37266099 1.57761347 0.79290247 1.7044853 1.43938029 0.889755607
    0.965982735 1.24621367 1.08043694 1.20673156 0.89321506 0.941904545
    1.289626 0.742217064 1.47163677 0.920906126 0.996342778 1.10116339
    1.06901431 0.731197834 1.47199059 1.03189337 1.68017185 1.53345656
    1.05643165 1.25455713 1.30524004 1.41258836 0.769928098 1.2492311
    1.66447425 0.816488147 1.13702762 1.39106131 0.982383609 1.31511152
    1.10337937 1.61759245 1.22122538 1.02885258 0.707008898 0.715855539
    1.18714654 1.39069295 0.905187011 1.45728755 1.12502062 1.58765674
    1.58045316 1.3043735 1.1338197 1.46111846 1.72638953 0.881495535
    1.57752872 1.25201905 0.753898263 1.47804129 1.23150003 1.50604546
    1.03786743 1.00941265 1.61237955 0.752779186 1.19363976 1.54236436
    0.862272441 1.10833669 1.25054848 1.06941164 1.59959233 1.59412968
    1.15544212 1.06503952 0.871207118 1.1638025 1.56345689 0.707139909
    0.785992682 1.41634607 0.778905988 1.22634697 1.17316747 1.05797303
    0.775754869 0.853963614 1.32863283 1.30515456 1.09481335 0.694111824
    0.419112325 1.41492236 1.28873444 1.4720912 0.570355892 0.778855205
    0.955487609 0.850982964 1.42069232 1.00477135 1.0384413 0.725774646
    1.51628816 1.558725 1.32541823 0.807297647 1.23756099 0.689697802
    1.65656781 1.42763782 1.57189322 1.33750391 1.53839266 0.748717189
    1.34441531 0.712411642 1.60862517 1.61570299 1.23182499 1.58028173
    1.10268164 0.972402513 1.2899828 1.09779239 1.20323336 1.4819665
    0.82604146 0.787954509 0.960430086 0.774492145 1.54585147 1.03080273
    1.65855026 1.61137652 1.4235146 0.923956156 0.682688415 0.729979813
    1.17372298 1.13472819 1.23146713 0.78833735 1.05743194 0.841646314
    1.30398881 1.19798028 1.46236467 0.997024655 0.921989858 1.45569146
    0.712274492 1.04475403 0.816781402 1.62342989 0.715211093 1.60408151
    0.716418564 1.04125094 0.98765558 1.59988678 1.4361167 1.29421568
    1.43711233 1.12403154 1.17430854 1.05904913 1.50452292 0.943894446
    1.44293642 1.44394624 1.54295683 1.46965313 0.904899657 1.28316963
    0.736527503 1.41430664 1.03222394 0.873561323 1.2213434 1.02005112
    1.06618774 1.16381085 0.838476598 1.24653828 1.59484673 1.57587326
    1.60770643 1.55041456 1.42707646 0.885732532 0.873247266 0.955515563
    1.20107365 1.23678505 1.48719621 1.26681209 1.42754066 1.62268233
    0.848502874 0.925552845 1.17546499 1.42572749 0.752874672 1.50089955
    1.07661331 0.870578706 1.36569142 1.60606432 1.27650738 1.16927969
    0.888919652 1.20220006 0.90134567 1.31683636 1.28338873 0.970904589
    1.0389365 0.811733842 1.00216043 1.63066542 0.974418044 1.35775983
    0.849620104 1.47351027 1.39214456 0.711806059 1.63776565 1.30576003
    1.10966885 1.49582076 1.03681433 1.23905647 1.57246101 1.52736199
    0.76032269 1.34191811 1.10578692 1.36652446 1.17288339 1.13655579
    1.28748226 1.62387216 1.10469055 1.37458396 1.58062601 1.57768977
    1.47031093 1.50382209 1.04023719 0.758803487 1.57217801 1.68355036
    1.09144688 0.994087815 0.796384096 0.761785865 1.55374646 1.08057106
    1.6063838 1.20766461 1.47023475 1.42751575 0.828060985 0.772693336
    1.67391968 1.38675559 1.41550243 1.37895346 1.3981514 1.63230062
    1.29717493 0.824538887 1.17964506 1.02518785 0.849524558 0.825612426
    1.68650186 1.54516912 1.65089476 1.00780177 1.42492318 1.71479726
    1.55740142 0.800508618 0.971058249 1.04600048 1.18250823 1.16580081
    1.03484821 1.11626649 1.56398606 0.928548098 1.01899457 0.731889188
    1.11923921 1.42861199 1.55125213 1.30604053 1.04765832 0.928849339
    0.922988653 1.48155129 1.61229622 1.41553938 1.15891755 1.25430441
    1.4582243 1.04350662 1.02620065 1.10545158 1.52711785 1.11728442
    1.49237359 1.6325537 1.06709707 1.4611311 0.807200849 1.51443219
    1.16481948 1.28241396 0.817694545 1.37541723 0.718222916 1.34088874
    1.59468281 0.845438719 0.908733189 1.21261108 1.06265974 1.21121597
    0.968293846 1.2138927 1.10431349 1.23912632 1.21773195 1.26434493
    1.23628604 1.10043025 1.32845891 1.19957817 1.12706399 1.20236349
    0.550153196 0.573250055 1.40422273 0.875863373 1.05551612 1.17677808
    1.00959468 0.618674934 1.496979 1.05108571 1.25626731 1.59146976
    1.60459602 1.1059289 0.870585442 1.04276049 0.946641982 0.69954592
    1.3892293 0.935405791 1.26920617 1.19382584 1.11574614 0.738627791
    0.706936657 1.52086198 0.752548814 0.886865675 0.881706715
    1.27583909 1.18278885 0.846778214 1.2117486 0.984232724 1.44692862
    1.63408971 1.36021757 1.49442685 0.888610721 1.30193377 0.702131033
    1.61295056 1.57075262 0.675386727 0.786287487 1.01505864 1.49007201
    0.886955798 0.741548181 0.678497493 1.15116179 1.33876038 1.42255306
    1.10427845 1.00946224 0.871311069 0.764459729 1.09454 0.827614248
    0.701823592 1.51676536 0.796643913 1.06991434 1.03217137 1.4352318
    1.48206604 1.67076969 1.29965973 1.56065989 0.795885146 1.0367018
    1.25377548 1.62362921 0.979482949 1.37794662 0.955848992 0.876531482
    1.45641088 1.65111613 0.715115845 0.978300154 1.1343292 1.42777741
    1.0321486 1.22740686 1.51308048 0.757757187 1.07683265 1.22133899
    1.68883097 1.17827415 0.956754386 1.1073879 1.19176173 0.857492626
    1.11410439 1.27242613 0.987129092 0.803082883 1.22768545 0.686196208
    1.22965729 1.62541687 1.41993833 1.55661952 1.08733714 0.913537681
    1.63207591 0.953073144 1.14088428 0.871753573 1.08051145 0.730253994
    1.20424819 1.21163702 1.39927638 1.54567623 1.22791147 1.31589913
    0.931074798 1.46686554 1.59890509 1.52395153 0.75036037 0.970343947
    1.27313828 0.794748247 1.52956426 1.02850437 0.840522945 1.54972172
    0.752296805 0.773762226 0.891635478 1.25213623 0.885449171
    1.55217886 1.53883159 1.3679142 1.11206627 1.63893151 1.19751883
    0.977706075 1.54149711 0.950723886 1.33259058 1.14116573 0.763605952
    0.840052485 1.51010156 1.29427767 0.951373219 1.31586182 1.37672675
    1.20733035 1.44739723 1.70417464 1.06803358 0.91464901 1.50522184
    1.04113472 1.04426122 1.28283179 1.73683774 1.71124518 1.28696835
    1.46291673 1.23002815 0.930721462 1.40439761 1.71693754 1.33812594
    1.62946606 1.64809918 1.27318275 1.59352219 1.35551739 1.39809537
    1.18638742 1.66271615 0.913110793 1.08501577 1.22959316 1.11821294
    0.861114025 1.65025508 1.07373703 0.842915118 1.30827451 1.30540264
    1.0925808 1.59264922 1.50118613 0.974704146 0.741265655 1.39974761
    1.53367031 0.751692414 1.56379366 1.66257811 1.3527633 1.69866323
    0.748010457 1.19321752 1.39821601 1.48659086 1.2468859 1.51479602
    0.815495014 1.44106853 1.29388011 1.18999338 1.34544265 1.52754331
    0.739745438 1.36762643 1.40605211 1.09183633 1.12746477 1.3984555
    1.43080842 1.42364502 1.23062658 1.48551297 0.991014898 0.780411959
    0.966685593 0.713202178 1.01582956 0.859617591 1.00870502 1.19252062
    0.996207297 0.906749785 0.818094194 1.62495971 1.29032636
    0.823018074 1.39754128 0.931482494 1.28619134 0.872537613
    0.715089977 1.20870888 1.48762572 0.926308036 1.0257864 1.35227716
    0.834858537 1.01299441 0.945153058 1.07151318 1.53223538 0.742533207
    0.726726115 1.28715479 1.46976626 1.3176403 1.42771828 0.917223155
    1.03048968 0.841632962 0.964838445 0.643514454 1.47512698 1.58163643
    0.771119595 1.51530302 1.44145155 1.58283007 1.04262578 1.54172361
    1.53485131 1.6471715 1.1862607 0.944187999 1.36429143 0.997372985
    1.41929889 1.28543293 1.01088727 1.57970655 0.895220876 1.17784691
    1.39904511 1.30928028 0.915423274 1.28275788 1.37256455 0.724868536
    1.02423227 0.925804615 1.02247179 1.027246 1.59421837 1.14185035
    1.28240454 0.721397042 1.22725308 1.51543856 1.60830033 1.34091115
    0.878642797 1.07944012 0.965444922 1.17127597 0.928057969 1.36154449
    1.23354626 1.07443678 0.672327816 1.07076216 1.14655221 1.30612481
    1.22813261 0.934914112 1.26285505 1.60652411 0.838503599 1.2597791
    1.54104865 0.930678666 1.50343359 0.788730979 1.01305556 1.11430955
    1.55268669 1.59544039 1.61001658 0.977452397 0.917310655 1.54344678
    0.766684234 1.28900671 0.997539759 1.2655462 1.45209479 1.59654236
    1.30253398 1.40180075 1.35276937 1.48381495 0.751921892 0.690381289
    1.18030167 0.728475213 1.08057284 1.40649593 1.2291609 1.44026411
    0.871945381 0.754227638 1.49227178 0.871970534 1.05279839 1.06856215
    0.911005259 1.10011363 0.979931951 1.46962595 0.892209709 1.42417979
    1.29651296 1.47141385 1.45064914 1.25286412 1.34811366 1.18796301
    1.2719276 1.57507515 1.44959927 1.56164873 1.30206239 1.24164474
    1.65114331 1.44066799 0.831879914 1.53452945 1.55080271 1.67884874
    1.57033277 1.04093397 1.60551095 1.59393215 1.20487547 0.98189044
    0.894564033 1.44547677 1.33503532 1.66069198 1.34053445 0.681992412
    1.39009464 1.0201093 1.55932641 0.849444866 1.09585822 0.901174188
    0.767702818 1.4823153 1.20861411 1.48739564 1.16022468 1.07688653
    1.23036528 0.779629409 1.71525168 1.12643707 1.05500329 1.11472154
    1.69362259 1.65983415 1.34339845 1.16617382 1.05365348 1.59188116
    1.07311118 1.18517578 1.41075766 0.82451123 1.38321447 1.30432105
    1.32058108 1.67849505 1.37736952 1.29752195 1.72768819 0.822287321
    0.852173567 1.13928449 1.13665473 1.30931902 1.05396092 1.4826386
    1.07658994 1.51228237 0.892523766 0.990490317 1.40243196 1.15598381
    1.54549038 0.750122905 0.776383579 0.725974619 1.0139339 1.31633651
    0.984132528 1.6490159 1.46276486 1.3842473 1.60782361 1.45151734
    0.950567186 1.51452303 0.873251855 1.70105076 1.03687692 1.23548603
    1.51804543 1.66903555 0.776049495 1.08304667 1.39115834 1.28863621
    1.31217146 0.95331341 0.929321051 1.44902337 0.896872878 1.33877122
    1.05751884 1.4527204 1.59905958 1.33345759 0.995782495 1.67720187
    1.48995173 0.948262691 1.44139636 1.08510053 1.12532032 1.66999018
    1.20087481 1.08972073 1.55031419 0.90198493 1.09154379 1.68875146
    1.68718529 1.54430676 1.66631508 1.21325469 1.21249795 1.13508713
    0.831803143 1.11315095 0.976914585 1.56909275 1.1926825 1.16284716
    1.23300529 1.66533661 0.828327 1.03846645 0.797966421 0.810727656
    1.32469106 1.40548766 1.05981934 1.2483927 1.04619956 1.54974818
    0.774666727 1.07008362 1.22257245 0.899065495 1.03533602 0.445529103
    1.02537417 1.14089251 1.5713551 1.07388055 0.815546215 1.12279081
    1.48413408 1.68998599 0.782032013 0.728321433 0.759357035
    0.816313446 1.29925561 0.860509753 1.33615065 1.10766602 1.53756094
    1.41394782 0.693041265 1.12402666 0.889814615 0.909555316 1.55138779
    1.45505822 0.773510039 1.08062339 0.913963795 1.06285739 1.21422672
    1.4453311 0.940218091 1.00658393 1.55542886 1.50521362 1.12390625
    1.47910523 1.57017434 1.51687634 0.74121803 1.25009656 1.58954251
    0.860720098 1.37762547 1.25857413 0.784809232 1.33957708 1.39735544
    0.895319462 1.3031323 0.681002557 1.34256124 0.917977452 1.41817069
    1.21752572 0.745170712 1.313398 1.31893647 1.14489651 0.864745259
    1.25216281 0.74002111 0.959166765 1.12590516 1.27617395 1.40231621
    1.66370714 0.791982412 0.713736475 1.64829075 0.816643655 1.05934751
    1.08416152 1.43480814 1.49067783 1.24017048 1.29757178 0.842867851
    1.15226126 1.10580981 1.30721319 1.10670471 1.54615128 1.65538597
    1.52191508 1.59291792 0.830294788 1.49126744 1.07568192 0.966920614
    1.62860799 0.898108959 0.748332441 1.16419184 0.849724829 1.07241285
    1.59282684 0.958137155 1.01399481 1.09499443 0.732189655 0.961237192
    1.68793607 1.04576039 1.52716219 1.01313818 1.37161076 0.869321585
    0.761458337 1.4899987 0.892670393 1.20350444 1.08445549 1.21098626
    1.35257077 1.28101158 0.814802706 0.768030882 1.65094268 0.833634257
    0.950764894 1.45763385 1.670295 0.979864955 1.23040104 1.22696424
    1.24338222 1.37260962 1.45839548 1.30497909 0.794876456 1.14895689
    1.10950553 1.1142906 1.29046822 1.41987014 0.838695109 0.790189326
    1.57212603 0.683952391 1.58815515 1.55457187 1.32206547 1.66554165
    0.801865697 1.60133266 1.04277468 0.908139348 1.48254919 0.898241341
    0.970759034 0.737565219 1.4019351 1.09293628 1.46290541 1.47748446
    0.793913603 1.69247627 0.817624271 1.38956034 1.05574942 1.38635325
    1.72675622 0.842650175 0.765445292 1.09377694 1.29338646 1.69068694
    1.34339869 1.48593664 0.777444661 0.907918096 1.66305578 1.22162569
    1.42515552 1.67904973 1.39489532 0.811582685 1.49505591 0.771369636
    1.22926593 0.956504107 0.900127411 1.28788197 1.60509229 1.69104576
    0.93049866 0.900229216 1.02600682 0.8449651 1.52991927 1.19586682
    1.44657755 1.19617403 1.12105417 0.832508445 1.11427045 1.32827866
    0.911786854 1.16279674 1.28926206 1.33354449 1.60380661 1.49407363
    0.747631848 1.13721049 1.00951302 1.0995419 1.54409325 1.51387548
    1.29738069 1.50514174 1.10847914 1.18832815 1.22932744 1.6265558
    0.90744257 0.91840148 1.12388992 1.4442426 1.29485059 1.41152358
    0.838990986 1.05502248 1.61100554 1.5763588 0.99737829 0.706438065
    0.891295075 1.23085976 0.75006783 0.895345867 1.30155253 1.02920663
    0.974767089 1.49469888 0.770572782 1.00219142 1.25123012 1.2943182
    1.5596689 1.58948505 1.3293097 1.46674013 0.697156906 1.42624176
    1.11487889 1.01327002 1.48877811 0.883367479 0.88467437 0.745043874
    0.691024661 0.860311329 0.656754971 0.9384951 1.13271987 1.1052804
    1.47166419 1.08030856 1.6047976 0.820908129 1.48082721 1.16020823
    0.792573273 1.00715041 0.783007562 1.27995825 1.16798329 1.17363226
    1.39276493 0.710868776 1.0982604 0.858584285 0.793361008 0.722306311
    0.688011944 0.772919595 1.28167653 1.59379971 1.64716661 0.723056674
    0.73773247 1.61011708 1.04751074 1.31532061 1.24760139 1.18366182
    0.861786783 0.817382455 1.5781287 1.40228653 1.11262858 1.54355323
    1.05710447 1.41052103 1.40935075 1.24538171 0.890135825 0.725134492
    1.67048812 0.858436525 1.46785963 1.40690875 1.38868248 0.962156713
    0.879870832 1.01230121 1.20313859 1.41183066 1.6140846 1.2597332
    0.960346043 1.32954931 1.07806528 1.25005329 1.58544981 0.728380263
    0.747268975 0.884383142 1.6546464 0.931681156 1.37413836 1.27608347
    1.27930808 1.14799941 1.65114558 1.15334249 1.61663485 1.47405779
    1.20024383 1.13547397 1.64154613 1.66411364 1.01044846 1.58652604
    1.08098793 1.49904478 1.10731089 0.84209156 0.8582865 0.888586521
    0.749945462 0.957628846 1.28130448 1.63078821 0.699726343
    0.769965589 1.47060144 1.22023439 0.683198452 0.874300599 1.52796292
    1.61911345 1.40127885 0.837113857 1.0087148 1.09936392 0.73922956
    1.01710641 1.29259491 1.38369024 1.45530355 0.784378946 1.53185773
    0.772801995 1.09636474 1.46402812 1.37086594 0.73884809 0.918048143
    1.50865591 1.00994873 0.812778294 1.60625315 1.02197146 1.10893571
    0.803879261 1.10358167 1.23986161 1.04768741 1.25718904 1.26530433
    0.753213465 1.0570507 0.837415576 0.691498339 0.824964643 1.03345656
    0.71831584 1.31577325 1.28164649 0.726368785 1.40956116 1.07443714
    1.20367134 1.45793629 1.19576943 0.701043725 1.0418402 0.968452394
    1.2418263 0.838982821 1.53527689 1.27791357 1.54875493 1.71317029
    1.23322761 1.29227626 1.53182757 1.02271104 1.47605979 1.01819694
    1.30866277 1.68341315 0.919624388 1.49084878 0.985852301 1.48702371
    1.1774013 1.27671468 0.967208743 0.850203276 1.69869316 1.00482965
    1.6942693 1.19472039 1.13702726 0.971434891 0.902240753 1.30403852
    0.908174694 1.4130131 1.0972836 0.835900843 1.32037306 1.66909385
    0.711771727 1.01569271 1.50681901 1.31150103 0.961134434 1.13414192
    1.35871327 1.03696167 1.17212474 1.1231662 0.958532989 1.59728909
    0.89456898 1.21510112 1.3590945 0.893111229 1.70287144 1.08336616
    1.66647816 1.67018342 1.40611088 1.58302677 1.61213517 0.80599916
    1.71984982 1.68940663 1.00406313 0.831832886 1.09318793 1.40783858
    1.38905036 0.995209634 0.745334685 0.881629586 1.18065083 1.16891313
    0.829942048 0.834835231 0.778719544 0.917152405 1.38773918
    1.45081556 1.00708914 1.46815884 0.836320102 1.55948913 0.761720061
    0.736428738 0.859949231 1.61254108 0.75899148 1.35442138 1.62756789
    0.969486892 0.770947933 0.752444744 1.58613491 1.51790953
    0.885869265 1.17926323 0.774537742 1.00541604 1.15732026 0.858822048
    1.09742868 1.32239664 1.03902411 0.982471406 1.43723369 1.35397506
    1.10434556 1.43397009 1.41106892 1.09644818 0.783679545 0.508787513
    1.22978818 1.06601 1.22049022 0.81744504 1.09173977 1.58712816
    1.08597946 0.953182697 1.06315875 1.1401974 1.47718096 0.877094209
    1.10937333 0.678429067 0.957036555 0.669021368 1.04317963
    0.841698229 1.4556725 0.653683305 1.4805932 1.12892079 0.761407018
    1.57415593 1.23780847 1.55853117 1.40730202 1.11633694 1.41434574
    1.30920756 1.01434493 0.873347878 1.18142414 1.49539495 1.21936548
    0.785514772 1.35176456 1.5380435 1.07474875 1.22303832 1.07574964
    0.939118326 0.96914196 1.41346228 1.46310902 0.70612365 0.658890069
    1.09599078 1.19314635 1.35876071 1.58420742 1.60268545 0.682891726
    1.27951968 0.829598248 0.81287545 1.10007858 0.970568717 1.2911973
    1.37085116 1.11684179 1.54603148 1.08016908 0.785758138 0.856032908
    0.922782719 1.64091432 1.56518304 1.13012218 0.827695727 1.04042661
    1.57358551 1.15342903 1.09238374 1.29405463 1.34179568 1.31599855
    1.15943182 1.60950601 0.920073211 0.770685852 0.750418365 1.05764258
    1.05651116 1.23761451 0.846942246 1.65112782 1.6596334 0.786340117
    1.44676602 1.47194397 1.11859071 1.36910164 0.742561042 1.26580286
    1.54757619 1.09809339 0.8919397 0.728320003 1.59855223 1.07185507
    1.3411113 0.926850736 1.28265142 1.10854793 0.987650096 1.62688243
    1.43934548 1.54260814 1.09487641 1.19647408 1.3192246 0.83986783
    1.67928624 0.77643007 1.4671191 0.828869283 0.925043941 1.03996515
    0.707850575 0.720451057 1.38097489 1.16032052 1.11038673 1.27067566
    1.60014272 1.57321489 1.41377497 0.884227157 0.712141752 1.4462676
    1.39924073 1.00380135 0.847943544 1.04109824 1.18916345 1.242661
    1.67789721 0.956567347 0.673695683 0.775567293 1.01420701 1.65562117
    1.57272625 0.866868615 0.997653246 0.761735857 1.3363235 0.763330579
    1.52451909 1.39118564 1.1812216 0.960848868 1.46446526 1.54960847
    1.50297332 1.19118381 1.33334875 1.58271253 1.26771975 1.10170722
    1.57770669 1.05856574 1.28647089 1.2080574 1.18007076 1.60204089
    1.69731867 1.12249863 1.19961107 0.956982017 1.47802854 1.20044541
    1.41415679 0.824100494 1.42799175 0.805910826 0.994422019 1.37383223
    1.18814731 1.08772755 1.09915996 0.967838407 1.45680094 0.788545728
    1.27465808 1.30979729 0.825575113 1.57481158 1.32444572 1.1170032
    1.60374475 1.35966325 1.23840857 0.895788491 1.16707051 1.41146648
    1.30264664 0.96072644 1.10254526 1.03258491 1.16811526 1.54560339
    0.970058024 0.812917054 1.07442224 1.24679923 1.39279473 1.21192169
    1.0601573 1.5983572 1.06636763 1.33951283 0.936278701 1.04804957
    1.39414191 1.48801363 0.851581156 0.896799624 1.007851 1.67185771
    1.55279374 1.2606442 1.21095181 1.15687335 0.867632389 0.950933337
    0.901217103 1.45316291 0.842864215 1.14760661 1.18877053 1.23848045
    0.766044259 1.29609227 1.12307477 1.60343826 0.954015434 1.4314276
    0.737907171 1.15498102 0.894303203 0.701151907 1.57372189 1.57919097
    0.868499279 0.742876232 0.998496234 0.607616425 1.52019477
    1.49602759 1.26636505 0.836457968 0.392816573 0.562735558 1.41676879
    0.697109044 0.674943149 1.27319026 1.25085211 0.743263006 1.67692447
    1.54783034 1.42839694 1.1131798 1.62358105 1.43482637 1.16173637
    1.09621918 1.08174658 0.655248284 1.45180082 0.654554904 1.6243521
    0.898496866 1.27163804 1.62589633 1.49334979 1.075297 1.22157764
    1.0388329 1.30832553 1.63375235 1.30700707 0.920072317 0.779966533
    1.1758554 0.808577478 0.99024111 0.775520504 1.40651858 1.24629343
    0.773271203 1.50441587 1.06524432 1.47542167 1.09095967 1.41158068
    1.18884611 0.705324411 0.764068305 1.56250787 0.702820957 1.13163042
    1.20151782 1.26066363 0.966455698 0.978927732 1.49719596 0.787946582
    1.15652037 1.40631521 1.20780492 1.03596854 0.88433367 1.62993276
    1.3529532 0.70439738 1.01788354 0.806698024 0.805115104 0.802295983
    0.977101445 1.51064694 1.09201777 1.13195622 1.08614278 1.03749526
    1.17787361 1.27035654 1.58427596 0.824294448 0.779304326 1.07315779
    0.945780396 1.60561562 1.55443597 1.05835664 1.31353188 1.43981314
    1.41791821 1.05822921 1.26815939 0.760539472 1.26470375 1.58577907
    1.25401998 1.34107494 1.18657947 1.47010815 1.32720149 1.05078077
    1.39320338 1.57533741 1.6718905 0.737514377 1.27919245 0.788267791
    1.66543162 1.32947779 1.62462711 0.750040114 0.73892808 1.1634593
    1.36444211 1.60801387 1.13864255 1.5717783 1.00193405 0.984248877
    0.819699109 0.995805264 0.97497046 1.35829377 0.980346322 1.09364665
    0.977043092 1.60008037 1.39178991 0.656316221 0.825034201
    0.872143865 1.4026401 0.756347537 1.05045688 0.876978934 1.56854498
    1.36756921 1.10272384 1.14073288 1.12156391 1.17215776 1.03069329
    1.02919054 1.59609783 0.77392292 0.719526172 0.711397052 1.16616333
    1.09473288 1.08769 1.25539804 0.916458845 1.24838805 1.49505532
    1.00415778 1.10890043 1.30613327 1.25253272 1.55936968 1.27011609
    1.07938612 0.961452663 1.02421212 0.88252455 1.40671909 1.28056943
    1.24656415 0.807663798 1.61557353 1.31261528 0.733151913 1.08951664
    1.06517577 1.48600388 1.3301059 0.861618936 0.738085985 0.861201286
    0.792278171 1.41748536 1.19219375 1.3971386 1.24685311 1.52326143
    1.66219509 0.774333596 1.09228504 1.41528928 1.07258844 0.853829145
    0.785233974 1.19250369 1.30513668 1.07381082 1.01928079 0.910790026
    1.15049064 1.01662028 1.01627386 1.33282304 0.925837815 1.33096027
    1.64494085 1.19335139 0.741547525 1.36584115 1.04274535 1.41048098
    1.27442801 1.39731383 1.23501301 1.46633923 1.07850564 1.255584
    1.29228842 1.35965383 1.48590004 0.807412863 1.42681718 1.57007647
    1.32176733 0.818420231 1.25279415 1.54167986 1.51153731 1.2749474
    1.69310045 1.256387 0.803972661 1.36269331 1.33576488 1.22758043
    0.818365157 1.62409222 0.985520184 1.18398726 1.47505212 0.862278283
    1.45308876 1.32918906 0.67693162 0.969872296 1.61810279 1.08449972
    0.970859468 1.18854594 0.853337526 1.35665452 1.54781926 0.742861331
    1.56498349 1.14980483 0.802707732 1.00724828 1.42229092 0.636642516
    1.34050858 1.03410006 1.01669121 1.3240602 0.478582323 1.19122517
    1.4771955 1.04350758 1.08938885 1.03269482 1.4039098 1.05404222
    1.6178782 1.23274767 1.12768662 1.4187243 1.39010847 0.998709202
    0.784151077 0.834667444 1.45927703 0.777746201 1.20361292 1.22429979
    1.32805097 1.59143984 1.07395756 1.17537153 1.03104448 1.09490001
    1.57649696 1.10058725 1.65275037 1.12935996 1.35823631 1.10372162
    1.41114914 0.748523295 1.4920435 1.55668187 1.06046653 1.05257869
    0.835294127 1.04226053 0.877586365 0.705487669 1.55682039
    0.878343642 1.50333309 0.99555707 1.63158035 1.15451443 0.744142532
    0.749670446 1.48706698 1.34664845 0.787353158 1.55192566 0.825503767
    1.61310899 1.56375515 1.40339005 1.61605489 1.22390366 1.65832043
    1.41065478 1.17508364 1.14683664 1.01218259 1.67478049 0.786429048
    1.29403317 1.19381928 0.696680009 0.852863193 1.05654097 1.36893153
    0.880812943 0.784330189 0.799450099 1.45848298 1.38845181
    0.901144087 1.62657547 1.55361295 0.948316932 1.71421456 1.69130123
    1.49837458 1.23167193 0.818322718 1.21309125 0.975551367 0.860787332
    1.5811528 1.25847006 1.20184493 1.31885552 0.965423465 1.2615639
    1.02712321 1.35157168 0.926184058 1.54689682 1.62003481 0.726910472
    0.74163574 1.65309751 1.58096242 1.29736185 1.55687296 1.46496403
    0.943378866 1.15483117 0.82054913 1.56094599 0.741815031 1.2970432
    1.43697321 1.08895218 1.00802958 1.32596755 0.875963986 0.927878439
    0.787052274 0.795900881 0.988064826 1.14989007 0.693529963
    1.52071929 0.713897705 0.720259964 0.976355255 1.50189602 1.34793282
    0.695355594 1.68574977 1.16098869 0.705843508 1.45835984 1.13404453
    1.32189548 1.21363509 0.694744051 1.25627744 1.5483973 1.03313208
    1.27306819 0.920477152 0.803925991 1.40216315 1.18946922 1.18189669
    1.10853088 1.70404351 1.63935471 1.58321047 0.972162604 1.57504201
    0.767710626 1.38776815 0.738686204 0.908719599 0.976593196 1.1547513
    1.38809407 1.44701505 1.44690871 1.22407734 1.62225699 1.22384751
    1.40577924 1.27080142 1.23713708 0.852595925 1.52341175 1.61313939
    1.67043459 1.51908982 0.712561607 1.32282758 1.24789941 1.36105883
    0.749601364 1.68789983 1.05924535 1.42463207 1.69265795 1.0313282
    1.03288209 0.878892362 1.00785279 1.20605302 1.59748363 1.28506231
    1.49934053 0.818554044 1.25180709 1.18968177 0.985275209 1.24820328
    1.38666546 1.47060752 1.14925694 1.09288561 1.30283546 1.59166706
    1.60568321 1.32057571 1.2530601 1.48692513 1.68384886 1.44765055
    1.12058079 1.10622811 1.38763249 1.65934086 0.962030709 0.779858351
    1.11619806 1.27299213 1.54890776 1.65073097 0.906660557 0.943629503
    0.842507243 1.65745974 0.911492705 1.57749546 0.736533821 1.13939559
    1.24932909 0.992473066 1.47269487 0.935560942 0.807230353
    0.720702291 1.36171877 1.42719996 1.55254734 1.01264 1.43060696
    1.53323436 0.806397498 1.22046709 1.22099006 1.66776979 0.970068455
    1.05928421 1.13833714 1.2579186 1.64306915 0.974427283 0.871784866
    0.724894404 0.903304577 1.28343654 0.510467947 0.518811345
    1.33722913 1.2856288 0.878406346 1.50351429 0.703032613 0.66629225
    1.43196201 1.40439653 1.68025231 0.848710537 0.937046587 1.04059827
    0.891309142 1.19336057 1.03293097 1.27199483 1.4985404 0.994713306
    1.34891808 0.963800192 0.846085668 0.933572769 0.945275486
    0.837398887 1.09555089 1.5779748 0.763640881 1.48698926 0.756832778
    0.754352033 1.65575433 0.892670333 1.68445349 0.912819684
    0.819481015 1.70394635 0.736681044 1.64665115 1.66393387 1.4592725
    1.67300689 1.45022607 1.16496444 0.810982347 0.877257824 0.775957882
    0.87839812 0.968767762 0.653633952 1.10233867 1.62501657 1.37508023
    1.30951071 0.767061591 0.916144192 1.49929655 1.2364217 1.56747246
    1.58809853 0.799253643 1.09600222 1.68575633 1.60512841 1.6523155
    0.837790906 1.00071621 0.913009882 1.1027199 1.15014005 1.21692324
    1.01885378 0.802012801 1.57171357 0.893452287 0.708884776 1.07403445
    0.784031272 1.14340925 1.37133789 0.969091833 1.23191178 0.888342023
    1.57653666 1.49286401 0.849340439 1.326208 1.20028281 0.923572063
    0.834442914 0.703549027 1.11518764 1.38341022 0.706499159 1.39201009
    1.02189147 1.36858094 0.882366657 1.6185925 1.27296007 1.13722587
    0.910597086 0.801536918 1.42377937 1.6205256 1.43876636 0.762245595
    1.5688535 1.39670324 1.43864489 1.66182411 0.760646284 1.5909462
    0.926373482 0.831679165 1.35375655 1.35130703 1.27067995 1.29714251
    1.29931593 0.698274434 0.903629839 1.54735208 1.38335156 0.958047748
    1.42447722 1.16857219 1.20475268 0.68484664 0.798626065 1.18363869
    1.46218073 1.57754254 0.949597836 0.976245582 1.59249485 0.871835589
    0.719633043 1.02591312 0.918219805 1.29676747 1.1936208 0.808642924
    0.85890007 0.998197973 1.4237262 0.878007352 1.11640871 1.53418434
    1.14098418 1.48324168 0.799665987 0.772537589 1.47469151 1.23030496
    1.42307687 0.92897737 1.34148836 1.40547657 1.49794924 0.777685344
    1.07565582 1.28399527 0.896134436 1.01248026 1.33047998 0.74833101
    1.36306608 1.34497738 0.734500349 0.87306565 1.0892235 1.60470474
    0.940337896 1.68900681 0.990969002 0.744696915 1.07976234
    0.983593822 0.907861948 1.02214956 1.24820542 0.915216386 1.19183087
    1.00130379 1.31223392 0.709660769 0.757848859 1.64009106 0.751373887
    1.08851671 1.46289074 1.47258937 0.759013772 0.755768776 0.882804394
    1.37406349 1.15915573 1.44744682 1.63970947 1.36069357 1.6560204
    0.883399904 1.33613122 1.4952544 1.27065206 1.47625339 1.42811811
    0.980007231 1.63037229 0.819010258 0.780607939 1.04663861
    0.746520877 1.45173502 1.1172508 0.962691128 1.63191712 1.07404017
    0.96626246 0.988576412 1.48430085 1.562011 1.03454626 1.37855291
    1.48604548 1.05421114 1.11019456 0.876652002 1.43764102 1.46729016
    1.12938058 0.760706007 1.56244588 0.691742301 1.33318579 1.04918253
    1.04904008 1.44164443 1.1727035 1.34531009 1.13893402 1.34134674
    1.4894892 1.68439782 1.4875226 0.936086833 0.929975033 0.996012092
    1.52914989 1.05421674 0.798656881 0.63039279 1.26018465 1.08403969
    0.88050735 1.04956651 0.48773393 1.12912226 0.713241935 1.51531231
    0.56536442 0.673021793 1.08911824 1.12450933 1.02321267 1.51177299
    0.895411968 0.847321153 1.57691801 1.03481627 0.880712628 1.31759596
    1.15662682 0.705318749 1.2152946 1.41047037 0.711566329 1.24289346
    0.672382534 1.07408142 1.54089606 0.742461503 1.65008426 0.762069166
    0.71001339 0.971856892 0.954449058 0.843369484 1.13189816 1.57964575
    0.968193889 0.773812473 1.06759727 1.57023859 1.26728404 1.53957427
    0.931929469 1.53355551 1.58162868 1.51119888 0.785310984 1.25177252
    1.07765722 1.03096652 1.39118457 1.31966507 0.700128973 1.34563088
    1.03929245 1.03963399 0.676257968 1.07847226 1.33701158 1.26469636
    1.38074768 1.33847213 1.28895903 1.59340954 1.32644129 1.62815094
    1.12610674 0.67344898 1.22244573 1.64354563 1.36391962 0.648832262
    1.05106163 1.59863186 0.746957064 0.683769822 1.67626977 0.721643627
    1.11301184 0.857324898 0.806593239 0.864309072 0.785775542
    0.854841888 1.47899675 1.1445688 1.29205692 0.890348852 1.04930735
    1.72451794 0.952636361 1.16253519 1.06649613 1.2363621 1.47691679
    0.990234733 1.54139316 1.31853461 0.841073453 1.12493777 1.57829964
    0.938004136 1.53599715 1.48485005 0.873000562 0.92194283 1.67041743
    1.08517015 1.61673737 0.916944921 1.65069056 1.25713253 1.41989255
    1.4755733 0.986059725 1.30802858 0.789496839 1.36951387 1.32469845
    1.15565968 0.917176366 0.836814225 1.26038361 1.44361496 1.43783402
    1.37962294 1.28869414 0.801889658 1.58194661 0.684837162 1.40775895
    1.64239728 0.856606722 0.729989409 1.21407962 1.50707424 1.06820822
    1.13008499 1.47763562 0.789681196 0.982645035 1.56510985 1.1666925
    0.816225946 1.43671179 1.09160364 1.13504791 0.716468096 1.61515582
    1.5817225 0.799380362 1.65872169 0.792913735 1.08101976 1.56130373
    1.27623641 0.747198522 0.711364269 1.00118899 0.762583852 1.64948285
    1.25731981 1.17365134 1.39816177 1.57618582 1.6814301 1.19883037
    1.21332669 1.11772716 1.48064482 0.971705914 0.758844674 1.511397
    1.2176789 0.754495203 1.45799541 1.48405087 1.13076222 1.39438808
    1.1661272 1.08709586 1.48437011 1.06374526 1.03056633 0.786338449
    1.00727212 0.778165102 1.52312839 0.916823208 1.40668535 1.21532476
    1.25498271 0.730129659 0.837126017 0.714185715 0.707594752
    1.38257873 1.13458443 1.04377711 1.57193613 1.12604082 1.13187921
    1.73425245 1.28020227 1.34439158 1.33671606 1.42456257 1.68231702
    0.807047844 1.17427444 0.805612683 0.848822474 1.40137517 1.66336775
    0.715781689 1.26426697 0.717232049 1.14606071 1.13402939 0.824407518
    1.30406916 1.29330015 0.786600053 1.50455868 0.841385126 1.1487571
    1.09758854 0.831821442 1.61227036 1.28091657 1.44550347 0.847570419
    1.20192325 1.41640425 1.25654662 1.26295805 1.27045584 1.59179795
    0.689424932 0.781556308 1.03012371 1.50879145 1.48328745 1.13877857
    1.20119143 0.818998456 1.06891096 0.727774739 1.03008914 1.22895825
    1.4064033 0.950270474 1.10829675 1.55424833 1.00750196 0.989073753
    0.499445647 0.677298307 0.723179281 0.910800874 0.969061852
    0.881290615 0.907972693 1.13998604 1.00989282 0.703713894 1.46025479
    1.47882795 1.45344257 1.33203447 1.47019053 1.06860721 0.895281911
    0.864002347 0.789817214 0.916266739 0.764455318 0.955831826
    0.661925077 1.27206135 1.29148912 1.23195052 0.989709795 0.753407478
    1.11683011 0.855659366 1.16264927 1.47199392 1.19188821 0.935128629
    1.30297327 0.817565024 1.59993029 1.24116564 1.43687916 1.26804316
    1.06133819 0.836604714 0.996531129 0.94309479 1.05530322 1.39816582
    0.837441683 1.57350361 1.64693415 1.43176496 0.744575679 1.08601439
    1.51957178 1.56116927 1.60838044 0.748918116 1.15736151 0.773866236
    1.12695098 1.41681135 0.713918984 1.51417339 1.06683886 0.847116709
    0.83412838 1.32676256 1.59236288 1.59833956 1.00621402 0.779901206
    0.848863959 1.18801856 0.710086286 1.36605346 0.932695985 1.15068388
    1.17646658 0.697354198 1.40736246 1.40009284 1.08186495 1.10199273
    1.45686769 1.224599 1.69175923 1.5004437 1.25748944 0.765185833
    1.58395624 1.69298649 1.27536738 0.805657983 0.899527729 1.31182921
    1.00995886 0.883222103 1.23891068 1.5646615 0.681657255 1.28647041
    0.962707758 1.52209771 1.23534667 0.733981788 1.10958505 0.973785579
    1.52429259 1.07639539 1.27891123 0.95438242 0.720698953 1.03700554
    1.64763021 1.65019763 1.3654511 0.895899773 0.966199636 1.21271551
    0.947418809 1.14408135 0.989594579 1.08259368 0.779602051 1.30275691
    0.955268085 1.44885743 1.50451529 0.694940567 1.01553261 0.773675978
    1.60101593 1.61464763 0.983050585 0.830264568 1.19094062 1.45001173
    0.744112253 1.55423617 1.33032846 1.44954586 1.092682 1.56607366
    1.29741454 1.08455002 1.56064141 1.06372654 1.01554906 1.39723992
    0.812156498 1.01228642 0.833073914 1.46560907 1.34263206 1.0321722
    1.13433921 0.747334957 1.69297409 1.3086735 1.2937609 1.23946118
    0.828154564 0.878260672 1.55133545 1.29043078 1.21602356 1.65554965
    1.27691984 1.46675181 1.19861174 1.1736331 0.89593339 0.864437401
    1.60024357 1.28957403 1.0337863 0.752706885 1.1651355 0.977760196
    1.46720564 0.980428994 1.41997445 1.30926454 1.43100643 1.0686146
    1.56285393 1.41378021 0.753437698 1.36327481 1.08341908 1.47369254
    1.21405911 1.12021041 1.259956 1.03526604 1.02064359 1.50543046
    0.737149715 0.889678657 1.13679409 0.854579628 1.23244166 1.48084676
    0.984538615 1.22163939 0.906890571 1.12597132 0.979963303 1.68907571
    1.67440605 0.866984427 1.42732048 1.38621199 1.52949929 1.44489872
    1.09834516 1.51675451 0.750082314 0.721328139 1.64869905 1.39032769
    1.16170871 0.968879879 0.91696614 1.5759449 0.697135806 0.890379071
    1.66131127 0.874444962 1.33219004 1.57383609 1.30582213 1.07825994
    1.17541254 0.673050106 1.37180865 1.32889724 0.949289799 0.953940213
    1.06882763 1.54729629 0.839048982 1.39914751 0.933870256 1.3039223
    0.890734732 1.10192299 0.821554065 1.25347614 0.86089009 1.49672914
    1.5717572 1.53649902 1.00698972 1.56221175 0.568679452 0.767470121
    1.35651815 0.760665059 1.17724991 0.583625674 0.610912859
    0.966111064 0.56958425 0.655842245 1.23347139 1.40818954 1.12363863
    1.26370192 0.864179909 1.05706823 0.800237 0.835810006 0.738369703
    1.06897092 1.19353282 1.19551432 0.671773672 1.61129403 0.925782204
    0.775443852 0.733336389 0.697659492 1.22774899 1.65210187 1.18276691
    1.37501478 0.769456863 0.854733944 1.14877045 1.33095968 0.998407185
    1.18844128 1.10306919 0.898662627 1.63526547 1.27910078 0.921200514
    1.47737312 1.38593757 1.42269421 0.996065736 1.55604029 0.893148303
    1.11700416 1.10714078 0.7069965 1.28173363 1.32540572 0.852635086
    0.727177083 0.710781336 1.41264915 1.01140034 0.867913961
    0.722958863 1.31106877 0.660409391 1.0983609 0.952905476 1.2644676
    1.40470362 0.689870358 1.27100742 0.820935607 1.51602471 1.343683
    0.987285793 1.40260684 1.56874192 0.811063588 1.62771344 1.28857911
    0.716435432 1.03619039 1.12315047 1.04205894 1.3021425 1.12821758
    0.887599707 1.56768405 1.28531551 1.68310785 1.03155279 1.44948125
    1.555287 1.54138911 1.18149281 0.705601335 1.40915906 0.750212371
    1.3833971 1.6478107 1.25066185 1.37720191 1.3437047 1.00766015
    0.757140756 0.70849508 0.836992621 0.726474226 1.12476897
    0.952014983 1.00736225 0.877848685 0.747614384 1.02465296 1.47691679
    0.990598857 0.968113184 1.56185567 1.24757862 0.730653644 1.5434835
    1.10603356 1.00368559 1.0713315 0.674699485 1.14863193 1.39820421
    1.54179323 0.827710509 1.17929959 1.12699366 0.9934057 1.38590586
    0.79486382 1.02203536 1.42212737 1.59341872 0.66630435 1.54890943
    0.885961473 1.48934448 0.792807519 1.5120362 1.01030183 1.09334755
    1.44155371 1.55788171 1.20959711 0.885041058 0.797906518 1.51577103
    0.776484191 1.09638679 0.894958258 0.75255698 1.58622801 1.17504275
    1.29552877 1.39213383 1.62018287 1.36085916 1.09042871 1.13535404
    1.28920197 1.51310349 1.66671824 0.808982134 0.734226286 1.64916098
    1.03972161 1.20419645 1.22472 0.752798676 0.909205496 1.44956052
    1.10651445 1.04683149 1.26558685 1.43297768 1.07910132 1.19448018
    1.39800751 1.01177728 1.44761467 1.13622618 1.61944425 0.855345011
    1.64433098 1.41329741 1.1056565 1.67696726 1.31855476 0.689231694
    0.993387878 0.79383868 1.16269147 0.746227443 1.27249253 1.13503432
    1.3973155 0.980168045 1.09073055 1.47126317 1.36132026 1.51805663
    1.11009848 1.58652031 1.05371034 1.61388266 1.73922539 0.81606549
    1.46430147 1.44335198 1.68387616 1.30280042 1.021698 0.858027577
    1.13102698 1.36009574 1.4652096 1.00629914 1.05799747 0.816866755
    0.79179132 1.2043587 1.41361833 1.15149212 0.974434257 1.41788232
    0.865900755 1.28398383 1.47515452 1.58576643 1.33168828 1.04219866
    1.56344533 1.02928472 1.20037913 0.871250689 1.36243546 1.41748703
    1.01384568 1.59590411 0.858681381 0.885843456 1.46241593 0.750863194
    1.64834845 1.40778327 1.59968972 1.19182205 1.5890075 1.52460468
    1.61022449 1.23520398 1.47470891 1.55353284 1.17537177 0.620522916
    1.35468841 0.62721622 0.932821274 0.790378571 0.91927129 0.96541661
    0.528138697 1.51100564 1.18760741 0.832041323 1.63876653 1.32528853
    0.907173991 1.33256602 0.742212057 1.22219861 1.09640169 1.11440492
    1.13633871 0.822671652 0.9796983 1.65869594 1.46425867 1.43835247
    0.787359953 0.9973948 1.4929024 1.49648023 0.972268105 0.865061104
    1.66277063 0.898374557 0.716379166 1.35415804 1.22045088 1.31029963
    1.36772394 0.776979029 1.4148469 0.937285066 0.843491077 0.807742
    1.02910197 0.943104625 1.67123485 1.11755466 1.20568073 1.3142271
    1.58714843 1.29175258 1.10738218 1.12097943 1.01317441 1.62522757
    0.775558293 1.58290052 1.31395113 1.53819668 1.36009443 1.36298156
    1.22609341 0.7651577 1.56287551 1.10806382 1.07089126 0.844265103
    0.875459492 0.786319852 1.08076084 1.64568949 1.08714151 0.773966551
    1.49784064 1.61393785 1.40686107 1.47691929 1.51789498 0.809011817
    1.14451087 1.1644156 1.2849226 1.32035327 1.19752765 1.16904104
    1.43319237 1.28400183 0.942384303 1.46914041 0.870040774 1.41504729
    1.45679057 0.890063703 1.58156753 1.11507857 1.04475915 1.07802153
    1.27039421 1.26643646 0.907664061 0.821514308 1.67963874 0.724853098
    0.869602561 0.825114608 0.743475437 1.46981728 1.6928767 1.05643451
    1.00376272 1.56198871 1.36784518 0.840510786 0.764528394 0.745465219
    0.687938631 0.704046965 1.47030222 1.44412172 1.10762584 1.40409184
    1.11578453 1.43783331 1.38858664 0.951056004 1.13780117 0.70639056
    0.962777197 1.42225063 0.705100238 0.922780514 0.941056848
    0.842537463 0.665884912 1.53633773 1.1407721 0.845957041 1.13853157
    0.942859709 1.25969446 1.35828424 1.4922483 1.63741529 1.18668306
    1.6016041 0.684336782 1.39580083 0.837673306 0.871018648 1.0078671
    0.970787585 0.742999852 0.725482583 1.01873434 1.04019439 1.52871943
    1.53764188 1.3373481 0.760234833 1.49368441 0.729520142 1.24694133
    0.752878964 1.1554985 1.49970984 1.33322668 1.19336903 0.879227817
    1.32598758 0.729265332 1.03394806 1.63645387 0.83425343 1.61608624
    1.32945549 0.881200612 0.757861316 0.711757958 0.785951734
    1.25497425 1.63558531 1.48193622 1.41684628 1.64405882 0.85451746
    0.895720243 0.958629668 1.06000221 1.2723 1.12175858 0.964343369
    0.698057115 1.14290094 1.04258466 1.23204541 1.33811569 1.23857403
    1.05384219 1.34263813 1.51332688 0.792379379 1.47593284 1.21519423
    1.2755363 1.57947493 0.961316049 1.18309319 1.08313251 1.72773159
    0.810635328 1.3168453 1.55849135 1.65023565 0.956271529 0.886946738
    0.927628338 1.51295459 0.96518296 1.3312186 0.749495208 1.44995785
    1.62148821 0.853186369 1.67094052 0.861647189 1.4582541 1.70016563
    1.47048926 1.02242017 1.64558554 1.28120661 1.59711695 0.967767894
    1.20394588 1.579234 1.28222942 1.21017075 0.847514391 1.52958024
    1.09508359 1.28235698 1.09065092 0.937570751 1.15306902 1.68216705
    1.63333571 1.14289987 1.42986631 0.800235331 1.67303467 1.59870255
    0.921013117 1.48539865 1.63539577 1.3750509 1.37295651 0.575069547
    1.10640228 1.01181066 0.893510342 0.660513818 1.24986935 0.692951441
    0.506929576 0.551423311 1.2512989 1.58870995 0.813658953 0.779825866
    0.673906803 0.954318464 1.06926429 1.17457306 1.58013058 0.915342093
    1.48686552 0.890941679 1.20314145 1.18197238 1.0668124 0.840295792
    1.05752516 0.695929646 1.2046839 0.870349348 0.818937302 1.67365849
    1.54900146 0.819571197 1.26206589 1.19542575 1.16025722 1.65610766
    1.37840283 1.53752124 0.980722308 0.89983958 0.73445946 1.40242648
    1.51613581 1.48613572 0.765618443 0.791462004 0.70982331 1.33667302
    0.954409003 1.08733833 0.885285616 1.24275219 0.860311031
    0.905588329 1.16648567 1.39170718 1.49384546 0.969250798 1.45355475
    1.39178205 1.46561658 0.701380551 0.779479444 1.24804509 0.721993208
    0.701464534 1.19840229 1.07526696 1.33187044 1.05079675 1.27264678
    1.63456988 0.923370123 0.75346303 1.30968189 0.902965903 0.757423759
    1.41401529 0.911631644 1.42580712 0.797046661 1.29083776 1.23863852
    1.1430409 1.66901863 1.59369659 1.24860048 1.35574031 1.52213752
    1.57356381 1.61463988 0.866534233 1.58467364 1.02593541 1.45249856
    1.56192553 1.08471322 1.3933599 0.88787204 1.50413442 0.829488575
    1.42627299 1.17326021 1.0425204 0.777317584 1.24128711 0.849200547
    1.28490567 1.48708832 0.973765314 1.2546159 1.34749496 1.09354341
    0.983933151 0.948534727 1.49584329 0.838281453 0.802744448
    1.37518537 1.0539012 1.16869259 1.37720537 1.46514249 1.1293875
    1.03839004 0.753856719 0.651821673 0.80834347 0.743249297 1.15109205
    1.05852032 1.12526262 1.25808227 1.32149577 1.38991702 0.909318805
    1.54858291 0.715195835 1.14152431 0.818460107 0.824360728 1.20338011
    1.4154985 0.800531328 1.5429424 0.949723244 1.59059775 0.986606896
    1.21517193 1.50406837 1.63846493 0.70412761 1.5620085 0.840251446
    1.51906145 1.08269811 1.4112227 0.927258611 1.66049135 1.11423063
    0.880207896 1.40666687 0.986693084 0.73258847 1.49420118 0.889839768
    1.05540764 1.6629101 0.876096845 1.59773993 1.12387645 1.53631759
    1.32981515 0.927630365 1.1541642 1.05261075 1.27489054 0.901239395
    0.8159585 1.32869279 1.10125983 0.770846486 1.63409734 0.776647925
    1.16482139 1.53708279 1.52464306 1.62433243 0.802461743 0.972267032
    1.14443016 1.49015737 1.34705067 1.43301189 0.977501571 1.45186186
    1.35524881 1.58145821 1.50679219 1.04500818 1.32284224 1.00381792
    1.37277138 1.36650276 0.806509495 1.56524086 1.45027018 1.14415061
    1.51305652 0.898229957 1.65619016 0.944912076 1.24006939 1.27573287
    1.58705354 1.2105037 1.11909294 0.930390835 1.23693705 1.36114657
    1.37413967 0.997919023 1.15829289 1.15199804 1.02124488 1.48975027
    0.841504693 1.34978175 0.837365866 1.5378648 1.09838188 1.60537589
    1.36310732 1.24643505 0.912122309 1.25918841 1.18619704 0.902945161
    1.11340022 1.09972692 1.31021237 1.60487032 1.68300509 0.742762327
    0.7954126 1.59605563 0.770855069 0.821973205 1.72373509 1.36423576
    1.32539141 1.21049833 1.39303911 1.24313307 1.50052404 1.44226205
    0.841280162 1.30626583 1.11302066 0.653608441 0.624878347 1.38484395
    1.42271161 0.554075122 1.07568085 0.76660198 0.837098479 1.5383898
    1.32355702 1.31991839 1.41049647 0.746587574 1.0237323 1.43365371
    1.52308834 1.298962 1.0271163 1.36969423 1.35907495 0.957350314
    1.43984926 0.816285431 1.52264428 1.01780427 1.16933775 0.813679338
    1.07927418 1.40831494 1.65714812 1.00393689 1.34568489 0.79046315
    1.13298881 0.856119871 1.20273304 0.896508932 1.46441412 1.46364117
    1.26282072 1.16138589 1.48773849 0.939932227 1.30191004 1.19316864
    1.09476304 1.65605199 1.47770309 1.09962916 1.04164958 0.764622509
    1.53850031 1.04980099 0.698002696 0.714862287 0.659153819 1.22415543
    1.10281253 0.965243876 1.05916035 0.827643394 1.61709857 1.05737436
    1.03794897 1.64962304 1.21721113 1.25703025 0.672747254 1.64399469
    1.21303511 1.08470452 0.683627784 0.836373448 0.675691903
    0.705334604 0.911511421 0.826028168 1.41375101 0.791303337
    0.850754738 0.835444689 1.44344556 1.61500549 1.57602465 1.3848877
    0.954850912 1.70206392 0.898157001 1.63111377 1.70156682 1.59282732
    1.52528393 1.64548898 0.906006575 0.701959252 1.15192711 1.10027075
    1.51015949 0.969455779 1.48516417 1.42016172 0.76769805 1.47084939
    1.36698997 1.63445032 0.943221271 0.83280313 1.35764611 1.40223908
    1.40742326 1.02500653 1.38940513 1.09414065 1.48436916 1.49266577
    0.749866843 1.11079061 0.804197729 0.870062709 1.32278538 1.01777029
    1.17248571 1.10436809 0.944167078 1.18881893 0.849873006 1.33572042
    1.17484152 1.12711418 1.25354981 0.660003304 0.842609584 1.32129169
    1.51946032 1.38997543 1.49622083 1.550143 1.01958418 1.66195345
    1.54864061 1.45187795 1.40176046 1.13798988 0.877193511 1.33897793
    1.69475973 1.33506894 1.34355247 1.36047494 1.58354568 0.743302822
    1.28703403 0.700402856 1.14716518 1.16409981 1.40925241 1.34788203
    1.67597532 0.981393814 0.737407923 1.4784168 1.32326972 0.922163248
    1.03895509 1.6417166 1.4544729 1.53420877 0.899459362 0.849294662
    0.945804 0.891184628 1.02573895 1.29451084 1.46250284 1.21719325
    1.53546071 1.62983131 1.5993731 1.43771386 0.747201979 1.14623117
    0.772450447 1.04515266 1.27852082 0.924155116 1.24138021 1.12628853
    1.27854049 1.22673404 1.6288774 0.98640269 1.49282324 0.734007657
    0.774870098 1.64207911 1.16189432 0.997424841 1.32512498 1.69652593
    1.52123165 1.64795887 1.35762417 1.3586185 1.22631383 1.15101504
    1.40473247 1.67388451 1.71085668 1.14872539 0.771555483 0.955832064
    1.15390658 1.33727932 1.36181915 1.34389222 0.749520063 0.975226879
    1.05216634 1.13691247 1.45032144 1.16612852 1.05507898 1.64197838
    0.969688237 1.3656919 0.815922558 0.843602896 1.44375324 1.19911528
    1.11795795 1.11575329 1.57764876 1.0574224 1.44526672 0.751042128
    0.794174254 0.742358327 1.41547227 1.03705394 1.57387018 0.823441684
    1.29182673 1.07275963 0.806052506 1.69904625 1.55799079 1.60793769
    1.6881094 0.744223416 1.1448878 0.996063232 1.33169985 0.795504808
    1.03363228 0.62384671 0.461694896 0.825289071 1.02493632 0.458430141
    1.3692354 0.711257696 0.732396662 1.38021863 0.812720954 1.39637017
    1.65338755 1.40718508 0.986548007 0.975800395 1.07985175 1.46462488
    1.26303446 0.831403494 1.01625609 1.03858531 1.38673949 1.07835066
    1.10162342 1.22280824 1.17881346 1.41431391 1.42626679 1.10069883
    1.29709852 1.42679751 1.31051469 1.2652514 1.36203933 1.66912925
    1.50520587 1.28653002 1.21931589 0.94631803 1.39852226 1.51489723
    1.2603519 0.99399823 1.40699494 1.54509127 1.05458856 0.96730727
    0.84868443 1.27285063 0.815009356 1.4955312 0.894104838 1.06850553
    0.679655433 1.2357446 0.912982225 0.847458005 1.4466958 1.16375649
    0.769407988 1.45135045 0.851323485 0.773412049 0.903813481
    0.805395842 0.739637733 1.41779613 1.34010649 1.30511987 1.59145427
    1.52984095 0.874733746 0.927917123 1.20700037 1.22412658 0.713390768
    1.13808167 1.30087399 0.685090065 1.61630034 0.699889243 1.04631245
    1.46544397 1.55245662 1.06699121 1.19301701 1.4143827 1.26152873
    1.71524763 1.68487716 1.07086384 0.961389482 1.00733304 0.759691775
    0.783036411 0.954654872 1.35562348 0.756977797 1.13253462
    0.811898112 1.30642426 1.56382382 0.695125163 0.733627498 1.63098145
    0.832069933 0.861711919 1.2157253 1.53736782 1.3801502 1.39134347
    1.59316111 1.50591528 0.981481254 1.58574617 1.00697386 1.1410954
    0.959861517 0.810095966 1.0772655 0.779079556 1.30762696 1.38369775
    1.02015483 0.913039565 0.863476098 0.693553448 0.913014233
    0.797583222 0.864616394 1.60848784 1.43024981 0.980957508 1.43453693
    0.7791363 1.58671379 1.18581188 1.52024817 1.4842999 1.14873409
    1.32766986 0.86789906 1.46271324 1.47454655 1.38862646 1.56979728
    0.729995489 1.05226827 1.31676078 1.61543131 1.59505188 0.858914673
    1.33825183 1.07876992 1.65070939 0.934217393 0.783576488 1.69756866
    1.57948995 1.21842086 1.00282586 1.41946065 1.60239673 1.65329635
    1.43465161 0.805781603 0.687955499 1.46467924 0.965933323 1.42990422
    1.59215403 1.16686571 1.07249737 1.48113942 1.03909004 0.818713188
    1.57395482 1.64754725 1.17143071 1.33587718 1.62799621 1.18850255
    1.24798024 1.22333682 1.53327048 1.42181551 0.98548007 1.07617199
    0.924308419 1.14736772 1.05183339 1.39291465 1.02182686 0.75464952
    0.934045792 1.04800618 0.98972404 0.876781881 1.44842184 0.960181713
    1.50030267 1.72182524 1.38084853 1.61967111 1.46426392 1.73000956
    1.2360431 0.98386693 0.795634151 1.59816873 1.23340118 0.740382016
    1.11325753 1.33143163 0.973012507 1.29773164 1.28915083 1.62420821
    1.09727168 0.808462977 1.63604951 0.996994436 1.07476902 1.6269387
    1.34205616 1.42145228 0.813517511 0.872211218 1.40716934 1.56603575
    0.752931714 0.947868109 0.869390845 1.68172026 1.11971557 1.40001214
    1.15667081 0.992653847 1.48663938 1.26729572 1.40404427 1.35218668
    0.801031947 1.48207784 1.27970266 1.31630075 1.27901721 0.965518713
    1.10776484 1.32778239 0.791940689 1.41870177 1.56721032 1.25284159
    1.10141253 1.45808744 0.694357753 1.07244027 0.968954682 0.802589536
    0.45249176 0.556040704 1.05538702 1.47444105 1.30246389 0.753885269
    1.37170649 1.54146922 1.64999926 1.37274313 1.52079058 0.770067036
    1.23252237 0.926896811 1.31670356 1.41372097 0.985031247 1.25140119
    1.38806903 1.23248053 1.34044647 0.985507727 0.879767537 0.686434567
    1.44808877 0.693618774 1.5946784 0.701818943 1.29962909 0.884137571
    1.15093291 1.43428648 1.5786376 0.698195517 0.876630664 1.50903022
    0.846005619 1.25435483 0.82146275 0.932561874 1.02509093 0.909050286
    1.51030016 1.44567049 1.6558851 1.17980421 0.846253633 1.35624599
    1.46766484 1.39060879 0.967470825 1.14874005 0.667454064 1.1623081
    0.718225598 1.24470425 0.625362515 1.44641578 0.9243204 1.47556436
    0.77887094 0.920758486 0.924907207 0.912767231 1.6295886 0.798803091
    0.968332708 1.32659781 1.56696856 0.890324295 1.06179726 1.23325872
    1.20269763 1.56562114 0.79504627 0.813806355 1.54351199 1.5693121
    1.012972 1.18034875 1.0988152 1.49709678 1.22218204 1.2664454
    1.36845279 0.912837803 1.72887003 1.63573003 0.983266294 0.986383915
    1.19496858 0.782267094 0.794144869 0.88416487 1.55489278 0.750823379
    1.22725976 0.955217838 1.48850441 1.32310569 1.50898361 1.62483108
    1.38932085 0.977068841 1.32288599 0.714041173 1.54489887 0.878254056
    0.721652448 1.20130253 1.30805254 1.131042 0.964735866 1.45024562
    0.742431939 1.54697573 1.32016349 1.00346851 1.00094855 1.59394872
    1.50989687 1.58703673 1.4062326 0.870444238 0.820627272 1.05956304
    0.967950404 0.790719926 0.743533313 1.54317594 1.46864903 1.51411474
    1.45336628 1.34246063 1.29115582 0.824394643 1.0508157 0.897904634
    1.48495603 1.66635752 1.5928303 0.756003976 0.711928725 0.846153438
    0.779325128 1.5855031 0.913006127 1.52422786 1.52290797 1.63755608
    1.12555993 1.19811594 0.966469526 0.734036624 1.38185477 1.17516887
    1.25600982 0.707864642 1.07117701 1.14344156 0.874795556 0.765816927
    1.50423098 0.969150901 0.752539694 1.13214731 0.992430508 1.47530329
    0.844724 1.59650469 1.67474902 1.30147254 1.57834244 0.872469842
    1.61121249 1.2146976 0.818880796 1.70161092 0.928863049 0.775833726
    0.793431461 0.733006358 0.899896264 1.04042995 1.43886268
    0.812532842 1.13512003 0.826944351 1.65440607 1.5762676 1.42243087
    1.22893882 1.47475064 1.21062601 1.54432404 0.82792294 0.85724771
    1.15118802 1.44998658 1.18848038 0.99246335 1.21682882 0.824390292
    1.56980121 1.67359865 1.47197556 1.23652375 1.55757797 0.913423359
    1.25664949 0.991730809 1.08255291 0.928593218 0.855552375 1.39122152
    1.49363875 1.34656346 1.39568305 0.852167845 1.04735899 1.12417102
    1.43089652 1.25309646 1.35656226 1.60979414 1.06383169 1.67762971
    1.30861557 0.741900146 1.43631029 1.1689595 0.73193717 1.21092355
    0.862838805 1.19010115 0.793847919 1.3958621 0.708719373 1.38146949
    0.833710134 0.83780843 0.954635739 1.04408753 1.69793189 1.31780636
    0.844778955 1.56782007 1.27428889 0.801186264 0.789631426 1.24718022
    1.36045623 1.40250695 1.14334905 0.74977833 0.82346797 1.14931405
    0.855657458 1.2951889 0.975290537 0.678895891 1.09140074 1.26781917
    0.772001922 1.07717669 0.814980268 1.51068246 0.792413175
    0.689689517 1.54887998 0.96696949 1.455567 0.876245797 1.1080941
    0.966816902 1.04698968 1.5211159 1.35195684 1.60585809 1.24210548
    0.989294589 1.34719801 1.3224535 1.25675237 1.5461638 1.64496827
    1.51512957 0.852996707 1.16695821 0.838030875 1.66224802 0.795439422
    1.39102435 1.15631282 1.03286374 1.32239997 0.966220319 0.965951443
    1.03063381 1.39787817 1.18508649 1.65180397 0.902769029 1.64860857
    0.832736254 0.802012742 1.35286844 1.57623708 0.983898342 1.01750553
    0.677695692 1.53897905 1.36892092 0.856515408 0.846197963
    0.691922128 1.00050044 0.867650986 1.41563892 1.16973698 1.36776209
    1.20530927 0.785726547 1.34794319 0.778117776 0.881678104
    0.797538996 1.19439971 0.885163069 1.10192716 0.794322371 1.39372361
    1.54905963 0.948095322 1.41715956 1.1381278 1.00664413 1.51193845
    1.46467173 1.35790825 1.65980208 1.16687131 1.37453866 0.757097661
    0.715039194 1.27032745 1.00889945 0.772167563 0.869403899
    0.711781263 1.48021948 0.756646216 0.803589284 1.38696003 1.00818348
    1.22937942 1.58592832 1.32515395 1.22091746 1.04393697 0.772630334
    1.02396405 0.742736459 1.47081721 1.1386553 1.32535446 0.810925841
    1.28251946 1.15337646 1.09370959 1.15695047 0.715092421 0.989798605
    0.74513042 1.06219721 1.01859903 0.936567664 1.10209024 1.16038024
    1.18355405 0.700069666 1.13731086 0.96488595 0.994844317 1.4334259
    1.02857304 1.69280791 1.13197279 1.26004553 0.960697949 1.20943189
    0.849413514 1.38583839 1.14047527 0.997871697 0.961649299 1.4175123
    0.741850197 1.6126945 0.885966539 1.24350369 1.26824832 0.887246251
    1.68542564 0.878256857 1.62873697 1.27913082 1.5724622 1.48247242
    1.46217346 0.87982291 0.730923891 0.87405771 1.25966299 1.42460966
    0.911007106 1.1783601 1.66618264 0.903007269 1.41958094 1.43215716
    1.54825759 1.58212364 1.4851284 0.824752271 1.37831187 1.41899133
    1.22094023 1.44184422 1.58340943 1.25867879 0.732986867 1.00202954
    1.3471235 0.989904821 1.09969664 1.02506495 1.45503879 1.27427304
    1.05710053 1.39452398 1.4233408 1.49215472 1.06515813 1.35170901
    1.47315347 1.34071386 1.00626338 0.812974751 1.46788204 1.43401587
    1.42128158 1.58521152 1.27453744 1.49242842 1.51209331 1.00265145
    1.34135962 1.01129353 1.18654871 0.918904543 1.22936726 1.6990428
    1.39154649 1.71169579 1.25092566 1.51845229 1.08268166 1.48089671
    1.07984042 1.19448686 0.91261816 1.45670092 0.804277837 1.70076561
    1.196087 1.67158699 1.59903526 1.63402796 0.803227723 1.11626828
    1.31435978 1.71289575 1.03959084 1.16010439 1.01703179 1.15585804
    1.33804405 1.05508399 0.914684236 1.44517648 1.50868618 0.743978798
    1.09774601 1.1722554 1.48407745 1.58876622 1.1075449 0.835726023
    1.67808425 1.55305386 1.52803409 1.25720143 1.58929718 1.31764889
    0.930546224 1.50198805 0.583720803 0.707301795 0.770763159
    0.684450269 1.00330734 0.412435979 1.38751459 0.542598248 1.29926217
    0.907629013 0.78974545 1.08901238 1.24779439 0.87486279 1.17744064
    0.848450422 0.942882538 0.81594795 1.07408476 1.36508131 1.51125729
    1.21942508 1.22542322 1.60815406 1.63396204 1.27396131 1.38526785
    1.38614953 1.0570246 0.921842039 1.46798623 0.821864128 1.24927843
    1.22868502 1.64348412 1.13785172 1.62598073 1.59612453 1.27334857
    0.879024386 1.58171248 1.0898881 1.57482135 0.915013909 1.4422394
    1.31522632 1.47695053 1.43020391 1.70060992 1.58222449 0.696041644
    1.55231011 1.00612283 1.22190845 0.973092437 1.12121129 1.01020372
    0.879662275 1.12472081 1.05510342 1.0780741 0.751573801 0.635949135
    1.45918202 1.18591475 1.32130146 1.16268134 1.2332654 0.83484751
    1.34623563 1.65344667 0.751477718 1.59789741 1.58349288 1.34729993
    1.34857774 1.01502013 1.67610157 0.765485883 0.898826599 1.24025035
    1.16688848 1.50705099 1.10239327 0.772684336 1.0959959 0.849187613
    0.845970809 1.52232969 1.68787956 0.960151494 0.788992941 1.12759054
    1.54262614 1.31693935 1.57332289 0.729841113 1.35939884 0.841920018
    1.116485 1.4021883 0.816725373 1.28388298 1.49350381 1.41733706
    1.16687107 1.2158742 1.40598333 0.678768158 1.02156317 1.23433006
    1.46578479 1.37962353 1.40218878 1.59163773 0.874620318 1.05970216
    0.808387101 1.11060321 1.59240282 1.54319119 0.910667717 1.57063365
    1.51458883 0.681599617 1.15630627 0.990039587 0.867762864 1.40407443
    0.664280951 1.39572668 1.04442513 1.3340286 0.838686526 0.894486606
    1.53166354 1.42973948 1.46093357 1.37236381 1.60619104 1.55803823
    1.31280208 1.27633142 1.41395521 0.940391898 1.35161245 1.04875731
    1.06072867 1.00301099 0.740909874 1.13917446 1.13019347 1.36160934
    0.926188409 1.11562467 0.704474986 1.45316648 0.76534313 0.933572173
    1.42866039 0.73137629 1.58527076 1.20894313 1.59067857 0.743874431
    1.5868932 0.953201115 1.6182164 1.18120921 0.802014291 1.21389651
    1.18565428 1.48351836 1.45570982 0.945453167 1.68454993 1.11279631
    0.834175646 0.724104643 1.05006528 0.854082465 1.32704222 1.12237144
    0.825534046 1.43502879 1.19148564 1.14707088 1.64035499 0.92512387
    1.25481617 1.37425911 0.84051615 1.61045623 1.30854535 1.25101066
    1.03038859 1.14485765 1.2278837 0.983208299 1.30070972 1.33025992
    1.30140746 1.05214882 1.38296139 1.08941233 1.09272814 1.37151039
    1.72703445 1.49538374 1.5596478 1.48401856 0.940328658 0.918778718
    1.24095666 1.57517219 1.44364548 0.756108344 1.18848336 1.44514966
    0.985786021 1.60277534 1.5503304 1.37617886 1.10616696 1.55331159
    1.32948017 1.1478864 1.21081579 1.26365137 1.59032536 1.67353249
    1.25464976 1.56540513 1.46436906 1.27926648 1.11662805 0.748618126
    1.12270594 1.42452407 1.3611505 0.922975123 0.920252681 1.33347595
    0.785900176 1.43730354 1.36191881 0.83743912 1.38838565 1.42308044
    0.996348381 1.28382456 1.11649334 1.42603886 1.24386704 1.30768764
    0.955709457 0.69619292 1.32105899 0.830414712 0.657505691 0.82043159
    1.22755122 1.32672012 1.45310187 1.35256267 0.69001013 1.625018
    1.14997101 0.817088664 0.864366829 0.717790246 1.33055174 1.44309211
    1.59656012 1.35714555 0.746890843 1.5898087 1.10303605 0.750669241
    1.27389705 1.32757401 0.761135519 1.43357444 1.67410553 1.62868381
    0.985774279 1.38440573 1.09558105 0.767342329 1.58720064 0.882376373
    1.053756 1.64988792 1.25206101 1.059219 0.708873808 0.812345684
    1.65438688 1.16649556 1.04020309 1.63958788 1.51593065 0.738166213
    0.843415499 0.943404615 1.36537385 0.98905617 1.38897467 1.45798039
    1.57259297 1.48807585 0.80036819 0.851125658 0.874072552 1.0768429
    1.09377658 1.06663144 0.872827113 1.44111431 1.55384958 0.853173673
    1.41428232 0.893974662 0.75387162 0.858867168 1.40918303 1.57662141
    1.06345868 1.4268204 1.19460559 0.818102241 1.10404003 0.705797553
    0.872637868 1.29931962 0.833626151 0.774875522 0.706890166
    1.04248571 0.928582907 1.56149554 1.17147601 1.35634017 0.940743804
    1.0643816 1.51175523 1.37260675 0.825558245 1.0030092 1.6147126
    1.44344974 1.05633998 1.20179141 0.709666669 1.65376103 1.10496521
    1.52342534 1.54747283 1.33867764 0.936631322 1.01717734 0.830167472
    1.00898123 1.27958429 1.40549242 1.24856877 1.6035018 0.75765413
    0.766604662 1.26505935 1.48179877 0.722182512 1.02630568 1.01323366
    0.891414881 0.821370602 1.32603788 1.22481036 0.954370797
    0.702169001 1.59669173 0.951326132 1.12254333 0.995690465 1.60707068
    1.28524172 1.08267033 1.34613442 1.12964952 0.748911381 1.06175363
    1.25384891 1.1780262 0.757303119 1.7020452 1.34052539 0.914809644
    1.62942231 1.38214934 1.12405944 1.43834114 0.899739504 1.48418069
    1.51195467 0.729873538 1.31143498 1.05443978 1.22765231 1.68978858
    1.16990995 0.702228725 1.33634245 1.70909119 1.31462026 1.24298263
    1.28126132 0.881166875 1.27179718 1.62633383 0.831173956 1.62618315
    1.05116928 1.0855943 1.63798511 1.52120566 1.12639499 1.15777349
    1.53381026 0.787364721 1.24767828 0.975030005 0.760205686 1.64913583
    0.879463553 0.916678369 0.961780846 1.47489917 1.29494107 1.1877749
    1.61730516 1.06962466 1.57642722 1.55993474 1.17215025 1.67560685
    1.41544843 0.771332204 1.38996339 0.828580379 1.21146727 1.66673529
    1.00212646 0.765711248 1.72586942 1.55571008 1.07373512 1.10706437
    1.68618011 1.71719813 0.820070148 0.890879452 1.47359467 1.14106762
    1.64544761 1.7215358 0.883443058 1.35706615 1.52033055 1.55003846
    0.953946054 1.446275 1.37525177 1.60801458 1.70911753 0.79327184
    1.238065 0.999350488 1.01814628 1.00799751 1.0235914 1.13547599
    1.56030822 1.49364161 1.6560396 1.31669772 1.53407669 1.48000336
    1.38425159 1.12679493 1.67054701 1.44859266 1.19902265 1.53527355
    0.959050417 1.15354514 0.831208467 0.884715021 1.45343971 1.2458365
    1.51991737 1.12313509 1.56407857 0.772706509 1.29006314 1.107054
    1.34143305 1.60013127 0.839203358 1.65700746 0.903464496 1.07291329
    0.543212414 0.711361945 1.18807626 1.13514555 0.480639935
    0.386000991 0.549362004 0.758471489 1.33539009 0.887589395
    1.54019785 0.712111115 1.38725185 1.0733726 1.44415605 1.59153676
    0.948278844 1.58698332 0.942382812 1.64440346 1.5324676 0.734084785
    0.868509531 1.33562326 1.209203 1.3482933 1.48684287 1.31697273
    1.02109694 1.37630773 0.862830997 1.63347828 0.939243615 1.39841318
    0.881394684 1.12536943 1.06107032 1.14901543 1.66028428 1.64542866
    0.790627658 0.917167306 1.2897191 0.820775032 1.16953111 1.27702212
    1.15977943 1.36682916 1.20262384 1.62065852 0.722625792 1.02921486
    1.24826813 0.786791086 1.55862045 0.817353308 1.59931946 1.4252727
    1.25936484 0.721811891 1.0240432 1.50223494 1.35987449 0.765343487
    0.773664713 0.752379417 1.12995672 1.13407874 1.2568059 1.2486527
    1.48296094 0.947862983 0.884714603 1.06897974 1.57369912 1.62234664
    1.08250856 1.65207672 1.41511965 0.949261785 1.17488611 1.02075589
    1.25043106 1.53220582 1.11694515 0.915237904 1.44532561 1.57872391
    0.972552896 1.62192309 1.46298826 1.50378203 1.70011854 1.55213392
    1.49855793 1.64563417 1.64281929 1.38556886 1.33258379 1.68865705
    0.749040127 1.60211229 1.61661649 1.32726371 1.1647315 1.25223505
    0.792556047 1.33250153 0.838884711 1.57804155 0.982767522 1.00139844
    0.824813545 1.21380842 1.52074897 1.49234521 0.951367021 1.28975129
    1.15286231 1.44342113 1.48373687 1.54187906 1.5780561 1.48111951
    1.34152877 1.23907256 0.91290915 0.703536272 0.919143856 1.04608762
    0.867897153 0.799770057 1.37102389 0.779367447 1.08660829 1.08839345
    0.878325403 1.591555 1.33732212 1.35358715 1.38465202 1.43325436
    1.45730567 1.07812762 0.882972956 1.34275007 0.938449621 1.25015235
    0.744803071 1.6788218 1.55843675 1.23686767 1.5676837 1.02772427
    1.55605161 1.12179255 1.05705047 1.01889122 1.18248892 1.20461047
    1.10620773 0.921446145 1.54366922 0.8390854 1.04768956 0.745904565
    1.03596807 1.04182756 0.74339062 1.40941513 0.924961984 0.998098969
    0.917351425 0.92034471 0.97609818 0.763275206 1.3592267 1.08555412
    1.39386511 1.19051015 1.14804673 1.15205657 1.55782676 0.815303743
    0.742328882 1.12760222 1.2359333 1.02995825 0.928805411 1.11176825
    1.28901362 1.09557164 1.30172133 1.10355651 1.32844162 1.65593004
    1.17695427 1.37620819 1.56287527 1.02881992 1.14523983 1.44681191
    1.19075727 1.21458614 1.74064338 1.54536998 1.57036734 0.780062139
    1.41762161 0.96822238 1.6954608 1.56566167 1.0066632 1.69415772
    1.02898991 1.13195407 1.25001955 1.68589616 1.20186901 1.33126092
    1.22826505 1.49303126 1.13651526 1.66473114 1.19925296 0.874451578
    1.11741579 1.13984573 1.60221088 1.02056527 1.21536195 1.16584587
    0.96949023 1.1732223 1.49992144 1.43041706 1.12460566 1.39391243
    0.759705842 0.984626293 1.61966038 1.55991554 1.32103014 1.3795805
    1.10182631 1.53047466 0.87435925 1.66767132 1.34860754 1.16749406
    1.51867676 1.03892112 1.61774445 0.94830966 0.836087823 1.02711236
    1.03074896 0.596153319 0.987837613 0.791786313 0.491538376
    1.08851194 1.2846452 1.0166899 0.696792722 0.89150548 0.668285429
    1.09754825 0.991596997 1.15683746 1.08934128 0.704929173 1.63799584
    1.46209991 1.23933494 0.926984012 1.14238381 1.59017098 0.929658651
    1.19562542 0.935144663 1.26370716 1.64109623 1.55297458 0.802274406
    0.952920139 1.06555557 0.979753017 0.788872242 1.68240643 1.59815097
    0.703995466 1.00822532 1.04023123 1.28066015 0.887833595 1.23801839
    0.979773998 1.18084335 1.34746456 1.50728202 0.703971624 0.836803257
    1.47361028 1.46886873 1.24025416 1.269979 0.962150097 1.13722074
    0.987777412 0.980835259 1.04428756 0.750120938 1.06449807 1.2654649
    1.01811588 1.04753947 0.757454097 0.89493382 1.03214538 1.13589299
    0.77509582 1.08064222 0.794858873 1.22418308 1.62737787 0.743142426
    0.760457635 0.775580645 1.07890117 1.24158037 0.878227115
    0.887497723 1.18365407 0.849525332 0.811601937 1.09064949 1.04325151
    1.54109848 1.54499245 1.43447459 1.50700665 1.63619423 0.830168784
    1.73130715 0.782097459 0.777259469 1.0298506 1.00827503 1.29561162
    0.857114255 1.43693852 0.933336556 1.07716477 0.986660302 1.51288998
    1.35233641 1.313151 1.10740471 0.864035666 0.797845304 0.839702129
    0.99213326 1.41875052 1.27998114 0.804764211 1.53652298 1.46117651
    1.17313242 1.3577832 1.56581366 1.35404205 1.41908157 1.29422867
    1.26095152 1.4689784 1.08486819 1.49657941 1.28132129 1.40051603
    0.849603951 1.18070459 0.800928295 0.781506181 0.792331278 1.0269407
    0.775345981 1.59715033 1.39157057 0.886151314 1.45132899 0.961126983
    0.830632687 1.52918851 0.845600665 1.55654478 1.43578947 1.00211215
    1.65213263 0.854074657 1.47069192 0.968374133 0.964920044 1.55732656
    1.36041582 1.5485518 1.11681581 1.53409541 1.6415453 0.81282115
    1.40822721 1.2507143 0.919634938 1.34063303 1.40070915 1.04027879
    1.25215459 0.979826272 0.983115077 1.33197498 1.54996681 1.01782024
    1.40615034 1.45738161 1.09643972 1.61149466 1.22253335 1.27661932
    1.23843861 1.08123553 0.850788653 1.02081549 1.3391583 0.947339356
    1.32535899 1.39726806 1.61265612 1.60062492 1.2927736 1.12459958
    1.22508347 1.02677536 1.47243667 0.711316943 1.41717041 0.742373109
    1.6672039 1.46740282 0.790603161 1.53501415 1.57150483 0.789018929
    1.44667816 1.45691156 1.54666555 1.16871786 1.59016585 1.52225447
    1.56438804 0.996273935 1.55036831 1.19373763 1.33003366 1.74946523
    1.1867336 0.852235496 1.64756536 1.10645032 1.20344591 1.54647684
    1.08954108 0.873449683 1.01571774 1.24312341 1.34582996 1.39117277
    0.933573544 0.770297468 1.6059128 1.36421692 1.49703217 1.16041172
    1.42547381 1.68042433 0.768311799 1.61236358 1.11349034 1.60198545
    1.23579526 1.52044177 1.10263646 1.17079496 0.903320909 1.32363248
    1.58921266 1.35031736 1.45842242 0.928842306 0.704049826 1.28216374
    1.41442478 0.91312933 1.61533582 0.908624947 1.23310733 1.34093451
    0.800663114 0.801116049 0.767521322 0.784533739 0.777802944
    1.50892651 1.12844896 0.971258998 0.929191113 1.04231 0.750442624
    0.585183442 1.34568417 0.63877511 0.917399645 0.646420836
    0.829663038 0.676536083 1.25897467 1.16819394 1.49799287 1.21066606
    1.59278154 1.15207541 1.33827579 1.29833734 0.909380913 1.15907121
    1.65287197 1.62948692 0.91713196 1.50398839 1.09507239 1.49905539
    1.4028126 0.816149712 1.26658845 1.22275138 1.44243085 1.39691889
    1.04704344 1.082726 1.14461899 0.824029684 1.05348086 1.09550118
    0.78263396 1.06931317 0.984224439 0.883155406 0.983843267 1.36089587
    0.715166688 1.29629111 1.31496108 1.58959711 1.25088251 1.13042247
    1.03895128 1.31215954 1.60513341 1.05064774 0.932666242 1.24305499
    1.35993409 0.738748848 0.688560843 0.777939141 1.24883282 1.35104251
    1.02220321 1.24519205 1.15798759 1.03976059 1.51164818 1.47169507
    1.58436549 0.881892622 1.50007379 0.99563843 0.980876207 1.15971303
    1.26653755 1.52202952 1.32537186 1.10102081 1.50907195 1.17666519
    0.856947422 1.1254853 1.14575994 0.881337523 0.721076727 1.16688418
    1.43216205 1.23489738 1.22318435 1.16826975 1.55258977 1.37609255
    1.5622673 0.847624302 1.05260146 1.23912799 1.30597234 1.06976902
    1.06920516 1.0723592 1.65104902 0.97453022 0.833848953 1.4241966
    1.59750235 1.05504727 1.47734058 1.16146076 1.28546631 1.31535697
    1.62049139 1.27014351 0.876670897 1.19490337 0.74990499 1.65464032
    1.17537093 1.49161184 1.64015639 0.668232083 1.58886874 0.667047679
    0.969311357 1.16905534 1.17965317 1.61843967 1.12677348 0.859423995
    1.07625091 1.03896904 1.09627604 0.989798784 1.00762963 1.28306782
    1.02111351 1.3860451 0.787297726 1.55336797 0.832093537 0.985906005
    1.46346807 1.51311016 0.821029842 1.23802471 0.878455877 1.57356501
    1.7030369 1.12372565 1.2047956 1.20928442 1.12461698 1.36241794
    1.61442459 1.58403873 1.6402247 1.6036725 0.888607204 1.24686706
    1.28738761 1.69812596 0.849746287 1.15736938 1.51433706 1.01278639
    1.47075462 1.12582958 0.95083195 1.07291627 1.17536271 1.12202382
    1.27498686 0.773889065 0.90586108 0.85922277 1.38237298 1.21312916
    0.829357028 1.5324806 0.83660382 0.85464859 1.39612854 0.858443141
    0.823075831 0.942378044 1.04594111 1.05749416 1.438205 1.58413482
    1.50138676 0.944927752 0.890495121 1.00804245 1.67289901 1.67535102
    1.69229436 1.41026962 0.872457504 1.4328227 1.63466597 1.28925717
    0.796001852 1.74497497 0.839552581 1.12474644 1.36371005 0.847418845
    1.00556326 1.50625455 1.37580049 1.03303468 1.22484004 1.59222341
    1.17370367 1.39153922 1.04791713 0.776999712 1.44093013 1.3277663
    1.40415943 0.906743646 1.38061869 1.09513164 0.723337233 1.46346855
    1.07668698 1.67156315 1.13516426 1.27931988 1.38956344 1.33691752
    0.922654748 1.44869423 1.15910375 1.14247525 1.19430637 1.41027558
    0.760672987 1.31878567 0.98235631 0.882865191 1.6513046 1.23322093
    1.46448743 0.942006886 1.35939085 1.1912334 1.17734671 1.49935687
    0.959179759 1.43539667 1.14494109 1.36002862 1.00151122 0.890401065
    0.559703887 1.44672275 0.609410644 1.08765697 0.504639685 1.20322776
    0.555891812 0.654524326 1.04328132 1.32688308 1.14509749 1.1098206
    1.18899536 1.41832709 1.22684693 1.17819428 0.977118433 1.50439119
    1.68261242 1.60742903 1.45252168 1.07743537 0.863489747 1.2468282
    0.80098176 1.481902 1.23678243 1.41922152 1.29296339 1.00684547
    1.32021451 1.44679117 1.53664494 1.6486733 0.898291051 0.847532153
    1.18442047 0.885461152 1.40237653 1.31594908 1.39445579 1.18625724
    1.22669125 1.42675185 1.56447875 1.45706534 0.919030666 0.833521545
    0.831413925 1.0540303 0.932175994 1.28288627 1.70339811 1.36157525
    1.67712331 0.795210421 1.24189413 1.13549519 0.777262866 1.60739887
    0.955870986 0.84201318 0.766289592 0.826881945 0.678502321
    1.03777158 1.49145722 1.66454113 1.64769626 1.56943142 1.01826537
    1.11595559 1.66661346 1.46326792 1.57053328 1.32707822 0.779628575
    1.16025639 0.707722783 0.778060257 1.12292933 1.09949577 1.63699007
    1.118011 0.687656283 1.69326389 1.53889143 0.756198943 1.45334637
    1.29395723 0.773882508 1.548159 1.36398029 0.974347353 0.817270041
    0.730569541 1.07564759 1.61155081 0.844398499 1.04143465 0.824966311
    1.11230242 1.6656251 1.51495552 1.32422161 1.09768903 0.971343219
    1.4208858 0.812247217 0.82829684 0.828360438 1.39488864 0.689343333
    1.51386583 1.33586323 1.19175947 0.780944049 1.09050453 1.46889496
    0.762570083 0.872116387 1.29292703 0.718396068 0.867688537
    1.41553271 0.750437379 1.27751529 1.46187413 1.48100209 0.905386031
    1.11755872 0.856669247 0.98117131 1.43449867 1.62815273 1.42230546
    1.57298863 1.50306523 1.49061358 1.14395213 0.737462699 1.3068558
    1.01610398 1.36916244 0.90408206 1.01476192 0.943916142 1.09595823
    1.6348778 1.21129262 1.34183478 1.37693429 1.09134936 1.30730164
    1.36874795 0.821596563 1.32226384 0.931363523 0.996441185 1.25895238
    1.1539948 1.06149805 1.17562234 1.02506137 1.55419493 1.38454032
    1.28532171 1.35715902 1.10374045 0.990763068 1.60951972 0.964264095
    1.29123795 1.42289817 1.29070902 0.83251816 1.33036852 1.12727833
    1.23129797 1.02244067 1.45445037 1.19969773 0.736649334 0.856334984
    1.01399291 1.03162277 1.35412741 0.970504284 1.61248267 1.17119479
    1.60246503 0.934496343 1.42338145 1.31658947 1.26496553 0.81483525
    1.47469521 1.55111647 0.884553552 1.57836938 1.24932826 1.38000762
    1.73131156 1.13079488 1.08063912 0.997392535 1.3536799 1.53616524
    0.972998619 1.08583593 0.868475318 1.04971004 1.73694217 1.57197833
    1.06274915 1.38995767 1.49813199 1.02419484 0.787530839 1.00778759
    1.28037119 1.41869223 1.25028634 0.776522577 0.802860081 1.43415594
    1.41151381 1.22365999 1.47220421 1.46183288 1.10640931 1.48096466
    1.27168405 1.23629999 0.878389955 1.49431443 1.02518916 1.32376623
    1.55920494 1.0965122 1.57952332 0.900162101 1.24436712 1.42816949
    0.725333333 1.096331 1.14162982 1.26355743 0.992332876 1.51342189
    1.59141743 1.31164062 1.63419557 0.800716996 0.767007113 1.24903131
    1.05112338 0.474445522 0.535415232 0.678121507 0.45076248
    0.506159902 0.779788077 0.802981079 1.44470716 0.801940024
    0.646728873 0.776120126 0.803349674 1.03483427 1.19662058
    0.723821819 1.05376422 0.773339272 1.21861339 1.01287019 0.70924437
    1.20322275 1.3282423 1.15661526 1.58014953 1.50664079 1.01299572
    0.832816422 1.17515123 0.867736578 1.38438761 1.23339748 1.59014428
    1.39167428 1.53524494 1.62506366 1.38198543 1.34321988 1.24929237
    1.38724136 1.23754227 1.59553111 1.61620736 1.1507709 1.50572407
    0.764804542 1.22907829 1.47375309 1.57142758 0.868184507 1.50129139
    1.60806382 1.35202801 0.80686909 0.955354631 1.39149272 1.36841202
    1.34662676 0.842437863 1.05048573 1.45928764 1.58541954 0.762938261
    1.33981633 1.57773006 1.00194848 0.726020634 1.41567814 0.679008961
    1.06768847 0.90556705 1.30709577 1.42156601 1.45060325 1.65943456
    0.679539919 1.63976097 1.1662674 1.43819666 1.41449976 0.72892189
    1.58988035 0.988722444 1.01089382 1.34542394 1.46016645 0.973617792
    1.1755842 1.69930911 1.06141376 1.64968872 1.17890918 1.53545141
    0.729823053 1.60732031 1.30630207 1.0903492 1.37635374 1.55746007
    1.43138647 1.06185353 1.06404519 0.915312111 1.19998491 1.58184206
    1.63023865 1.26837504 1.68074155 1.55830407 1.33046436 1.35386384
    1.55185521 1.45769787 0.699375093 1.07692826 1.53050435 0.801692009
    1.24686599 0.985934436 1.50637293 0.965263844 1.15965223 0.924547613
    1.05734289 1.47010207 1.55882049 1.11680436 1.06030869 0.839414835
    1.63644433 1.08222568 0.995766819 1.66099679 1.47518575 0.705832362
    1.63715208 1.28867149 1.20755601 1.28617895 1.0460881 1.43964982
    1.14327168 1.53458285 1.00493836 1.32918787 1.5252459 0.731363297
    1.68807983 0.866787732 0.72994101 0.973464489 0.789129555 1.03767788
    0.916121125 0.999081135 1.52876842 1.19088459 1.28394818 0.949343026
    0.76694113 1.34569383 1.63636541 0.895070553 1.18475986 1.67054689
    1.02969885 0.709242463 1.45955765 1.06244659 1.55523324 0.84054631
    0.981071889 1.11993158 0.754315019 1.59090173 1.11115146 1.32095969
    1.4958384 1.48995078 1.14784503 1.62970185 1.00963008 0.815705657
    1.02900028 1.0596981 1.55941248 0.857395053 0.882659316 0.760491967
    0.806336224 1.18670249 1.56940126 0.767921984 1.74604678 0.771039426
    1.5050751 1.50726211 1.20485377 1.49361086 1.18610668 1.53360534
    1.62028551 1.58495569 0.819526136 1.53349423 1.68022692 1.3699466
    1.71695912 1.74782097 1.21207213 1.29137373 1.40876472 1.51709688
    1.42307484 1.41791296 1.42897367 1.27643943 1.36614203 0.866309226
    1.61264074 1.23785448 0.999631882 1.49227667 1.22809649 0.902229488
    1.49695909 1.44087911 0.755545378 1.15165055 0.891759396 1.70454156
    0.934322059 0.945769548 1.47690821 1.28391075 0.700787961 1.57812595
    1.10391247 0.87181586 0.802728117 0.793948531 1.5394448 1.31495941
    1.02512741 0.849540174 1.56829059 1.67520416 1.00750816 1.08186078
    1.43975985 0.948938727 0.812426448 0.82342279 1.6341753 0.803833127
    1.28206217 0.719625235 0.798746705 0.643293679 1.11090302
    0.558751583 0.527252853 0.880668461 0.532888412 0.498793066
    0.883302212 1.29827547 1.25941837 1.55970287 0.960509539 0.67280966
    0.792696297 0.954604149 0.978312731 1.00964093 1.44007218
    0.797936141 1.45103979 1.59592819 1.58685791 0.846478283 0.820596933
    0.806921959 1.24531829 0.748083711 0.907368779 1.67518032 1.27075207
    0.916160822 0.864972174 1.47930348 1.43295658 0.813952386 1.10857236
    0.789415956 1.41814792 1.04935288 1.03891909 0.871079803 1.580019
    0.800805271 1.02790916 1.55023122 0.921417713 1.21278775 1.00019038
    1.1595993 1.50277436 1.15070903 1.3744694 1.44318151 1.06297731
    1.45378029 0.916411161 1.49783623 1.09458768 1.46917999 0.79799813
    0.648447037 0.960252225 0.911650062 1.0745188 0.692878425
    0.883325219 1.32967675 1.15089452 1.12442553 1.54272032 0.967707992
    1.37799346 0.726033688 1.0440526 1.11804485 0.7068187 1.45943928
    1.37030792 0.799928725 1.3284843 0.755813658 1.21537995 0.843331516
    1.49939728 1.39398313 1.62452173 1.11660576 0.789133787 1.59218705
    1.12073565 1.54619348 1.28640664 0.837063313 0.819091678 1.06858182
    1.25015497 1.43152356 1.61251056 1.55220103 1.31082428 1.11109197
    0.836808264 1.40446436 0.922573507 1.44534099 0.882681727 1.40758741
    1.19313109 0.891333461 0.851949036 1.36811602 1.07950342 1.65325379
    0.720278144 1.04400754 0.923250198 0.930038512 0.863181233
    1.44307816 0.930624962 0.748387814 0.756589174 1.11515307
    0.935208142 1.00425923 0.849970281 0.669431508 1.01931274 1.23166692
    0.705922067 0.813030601 1.01522827 1.33657312 1.48486567 0.747982204
    1.44113946 0.724300265 1.11802948 0.944826543 1.02198839 1.706043
    1.39041936 1.0744468 1.11878467 1.68894517 1.14132535 1.32916903
    0.731599987 1.09348428 1.59112895 1.50533259 1.15799725 0.856657028
    1.45464957 1.53810704 1.56888402 1.00619376 1.52153826 1.07108581
    0.72103107 0.849341273 1.46142828 1.57012451 1.32634473 1.70778584
    1.14712226 1.39263332 1.21265543 1.43068612 1.6538707 1.33900797
    1.57303715 0.849330723 0.698024452 0.930576801 1.60100329
    0.938417912 1.43305039 0.998306632 1.36228943 1.3015548 0.752852559
    1.35853505 1.2455703 1.22369325 1.14933431 1.2843864 1.39590061
    0.868658662 1.37438262 1.54945028 1.30483484 1.01249933 1.36377513
    1.5167048 1.63620591 1.10890257 1.54297483 1.55100143 1.14743149
    1.21549678 1.51659167 1.46924555 1.16093123 1.35064363 1.63994896
    1.5126034 1.70062709 1.27810919 1.4139446 1.04160309 1.07333302
    1.34882784 1.17080092 1.48018491 0.814598203 1.48676383 0.941529393
    0.786510944 0.962876201 0.762915254 1.18390703 1.61004877 1.49122918
    1.29873621 0.856509984 1.26132572 1.65485489 1.58826613 1.08520722
    0.799241126 0.818641841 1.5850085 1.11719322 1.16471696 0.969048679
    1.51567912 1.25943482 1.01627195 0.920672417 1.55797255 0.981808722
    1.54270971 1.5215137 0.838255584 1.39767265 1.2560215 1.38907468
    0.885930479 1.48950684 1.22689819 1.14793861 1.03241384 0.715010703
    0.612713635 1.26442492 0.88634795 0.485157132 1.06214571 0.447646677
    1.03496838 1.30241048 1.27378023 0.682225168 1.3169719 0.865150452
    0.836354971 0.871584356 0.818565488 1.39439154 1.40852439
    0.672812104 1.06432211 0.695607185 1.16238618 1.54331172 1.40082908
    0.855956614 1.25568795 1.64076614 1.20207989 1.05416656 1.5350914
    1.28763652 0.789562106 1.03586113 1.42543006 0.809894323 0.776370883
    1.02112663 0.823574185 1.67706597 1.64359665 1.02040517 1.12926924
    0.824827075 0.758541703 1.50305951 0.932700992 0.943315029
    1.07527745 0.941503584 1.64842474 1.54219401 0.770451784 0.982231915
    0.72171092 1.00866032 1.57046282 1.31271613 1.61386061 1.18806612
    0.86713016 0.963075876 0.740400612 1.25188148 1.49976981 1.01291895
    0.79655844 0.871634305 0.792535186 1.11146271 0.682112396
    0.762548149 1.03558099 1.29220843 1.02378082 0.878243923 0.830989063
    0.77717787 1.43432593 1.47474837 0.947224557 0.770932436 1.19687116
    0.958405495 1.60001802 1.27498055 0.691229343 1.60232031 1.39114058
    1.11988926 0.80603838 1.25110281 1.07335305 0.894683897 1.46037161
    1.14763689 1.70552683 1.38270295 1.33908105 1.71105337 1.06132114
    1.43977106 1.03653264 1.18253684 0.826336801 1.45557618 1.27465534
    1.37664974 0.930931091 0.953894317 1.14555061 1.38929987 0.812425673
    1.17541623 1.56056821 1.06496274 0.971944332 1.19035327 1.37908554
    1.07938433 0.77653259 1.54528701 0.759277821 0.970610499 1.40403771
    0.853895545 1.52636373 1.24754679 1.00441647 1.0408783 1.22663879
    1.53790641 0.988435924 0.859135568 1.58791733 1.38264465 1.46020222
    1.3397367 1.57928574 1.17683041 1.52971709 1.44858861 1.63552511
    0.856041491 1.09292352 0.70602417 0.897928059 0.997339666 1.54798436
    1.55397511 1.30575061 1.38295388 1.4267863 0.830449402 1.1416235
    0.860194385 1.28111219 1.3758949 1.00680768 1.18471301 0.894663632
    1.62747872 1.53014719 1.23566186 1.09941423 1.33097982 1.01387513
    1.09466887 1.52980256 1.39106631 0.865483224 1.19218051 1.14559579
    1.29766059 0.779639781 1.07512105 1.06694305 1.64526033 1.18012393
    1.49453962 1.07466185 1.03483081 1.52109027 1.48065305 0.898950994
    0.83153367 1.56173575 1.05027103 1.44251525 1.01220763 1.32031453
    1.29476821 1.17182708 0.945730805 1.55914831 0.824155748 1.69664299
    1.19975162 1.35456324 0.898523688 1.07480931 1.46112514 1.58311343
    0.786576569 0.970512748 1.21108985 0.762529731 1.67609751 1.09633303
    1.55946386 1.60272288 1.03531623 0.849171281 1.42773247 1.59514022
    0.886011064 1.69427705 1.71715879 0.840950072 1.48272693 1.52746367
    1.22318435 1.33931923 0.872410119 0.830176651 0.875899136
    0.801285863 1.35952842 1.63915884 1.67474055 0.764612794 1.11377573
    0.998472571 1.09467626 1.61016273 0.856619179 1.18566108 0.757245779
    1.26792157 0.948566377 0.77919668 0.732123435 0.741641223 1.38373923
    0.987433612 1.60518789 0.743637741 1.67735076 0.920457065
    0.915148556 1.47243714 1.55285001 1.34854639 1.57533896 0.728874445
    1.26580942 1.29073799 0.96769166 1.02071834 0.804201484 0.504744291
    0.886391938 0.789448917 0.768841505 1.14376962 0.645201385
    0.662900567 0.752993464 1.06707144 0.789812505 0.995033562
    0.735421538 1.33442414 1.63058913 1.2374748 1.4215771 0.842996538
    0.992199779 1.03759706 1.57809687 1.26940179 0.920531571 1.21703279
    1.30938113 1.29579842 0.885581017 0.759705961 0.906297088 1.5478735
    1.45680952 1.17584002 1.47406888 1.08232486 0.834581375 1.16015506
    1.21495414 1.40460467 1.22386634 1.33847344 1.09258318 1.58443844
    0.690914512 1.40787041 0.825049102 1.0012815 0.997688293 1.30595136
    0.797687411 1.06903398 1.30681205 0.741367817 0.853957295
    0.958578289 1.65598369 1.10803735 1.10342157 1.17830133 1.37933481
    1.41299379 0.94989264 1.63526762 0.886651695 1.63216114 0.893913865
    0.906721771 1.39498448 1.13827896 0.90329963 1.27554023 1.33661973
    1.62161875 1.18159389 1.64570224 1.4565326 1.49285817 1.24561763
    1.08449078 1.29183769 0.796937466 1.60963917 1.0297426 0.959608257
    1.50454009 1.32415247 1.25866294 1.21864212 1.36237299 1.22031045
    1.62559271 0.733233154 1.61231244 1.27554429 1.67291367 0.791546881
    1.51262236 0.762713432 1.20849597 1.58848763 0.886263132 0.953634262
    1.54841912 1.24640751 1.26010823 0.860301971 1.50005043 1.29704797
    1.5267396 1.50795674 1.50405085 1.45202303 1.39263952 1.20587504
    0.899397612 0.854653358 0.773546576 0.998604774 0.721004784
    1.44673491 0.984614313 1.31613886 0.865460873 1.00571489 1.54661345
    1.58239245 1.62070656 0.907434821 1.17742527 1.11150575 1.03019571
    0.949320495 1.46441603 1.17153966 1.67001092 1.08572483 1.44169331
    0.971152306 1.03726435 1.43300009 1.50965893 1.37382329 1.35311389
    0.762682498 1.10369849 1.47921622 0.882505715 1.05410659 1.60179389
    1.02377188 0.946769893 0.852733195 1.29515755 1.68337202 1.67988348
    0.754309952 0.847056627 1.21884561 1.46302414 1.52359498 0.929825723
    1.13528776 0.847107589 1.05964804 1.58700204 0.839296579 0.825833738
    1.59980285 0.984538674 1.66208327 1.22187591 1.23959136 0.694268525
    1.28718805 1.57536817 1.41711748 1.21080899 1.0716356 0.916554868
    0.986070514 1.53898275 1.32993293 0.680174053 1.47733748 1.3651917
    0.92333293 1.54269922 0.970716715 1.05433452 0.898686588 0.897613883
    1.6186974 1.16285717 0.792598605 1.1626215 1.45909846 1.17322135
    1.10657763 0.836826563 0.863152921 1.71050036 0.963774383 1.32397795
    1.40572917 1.69556332 1.04339075 1.70792687 1.20418894 1.06014764
    0.938902199 1.2967906 1.44128895 1.43651938 1.67125535 0.754596829
    1.68952811 1.17988408 1.53706861 1.13931322 0.909109116 1.50908792
    0.793589294 0.808705091 1.68146753 0.681858003 1.04095733 1.26441145
    1.57331586 1.18547225 1.02366245 1.56284857 0.911338151 0.895803928
    1.50629914 0.767966092 1.54452753 1.29814923 1.54040647 1.56917131
    1.42942154 0.977070868 0.78427881 1.04634476 0.898001015 1.58991289
    0.732535899 1.62945914 1.52889526 0.703518689 1.29932678 1.10306811
    0.765838206 1.04298699 0.75922668 1.40816569 1.12987745 1.28581238
    1.16757035 1.21858501 0.403742045 1.08878171 0.842328668 0.552328825
    1.20073652 1.17334139 0.758635163 1.593099 0.80152601 1.07087147
    0.880758166 1.34098935 1.12436092 1.03295171 1.24039626 0.836685717
    0.716225803 1.55720878 1.24259567 1.53622174 1.05818033 1.10932994
    1.42500007 1.09294868 1.33009994 1.25876391 0.73454237 0.824207544
    1.27558661 1.02612782 1.27563453 1.55740869 1.61763465 1.05531096
    1.48017263 1.27675974 1.53788817 1.66857862 1.37066841 1.00803173
    1.62536252 1.02156401 1.20206046 1.667274 1.39075148 0.840254664
    1.5777756 1.65099645 0.769701719 0.683092713 1.33107388 0.902915657
    0.861547351 0.852642417 1.61115003 0.945851743 0.625764728
    0.65945363 0.637636065 1.36168265 1.55137837 1.23895466 0.803151309
    1.20367575 1.10597682 1.49203908 0.893553078 1.39333534 1.38663447
    1.24035609 1.62879825 1.13381016 0.75998801 1.66154933 1.60216272
    1.54560804 1.28219426 1.57563639 1.33137929 1.51099408 1.54445124
    1.29255319 1.36680388 0.75173223 1.02086902 1.70305252 1.54022324
    1.47627974 1.44133115 0.916216373 1.59386718 1.64383388 1.67425179
    1.40604889 0.880964875 0.851441383 1.63371289 1.51628482 1.4864018
    1.10380173 1.19854057 1.41304958 1.68508708 1.43012774 1.68171215
    0.863795519 1.61528957 1.0524503 1.16153026 0.825605989 0.791770995
    1.24556518 0.899470627 0.867344499 1.02657366 1.25183272 0.840188086
    1.17363107 0.981425703 1.4028945 1.29598105 1.6180737 1.53711236
    0.698304713 1.28095078 0.746905744 0.753917992 1.03802502 1.12974763
    0.794611931 0.737492442 0.86349982 0.968928874 1.36014891 1.22584891
    1.66591716 1.11598206 1.49044609 1.33680153 1.19328046 0.757129729
    1.50730729 1.55976427 1.15276122 0.987310469 1.20496285 0.997346401
    1.09045529 0.805838764 0.73908931 1.44784927 1.19430971 1.4113307
    0.987050354 1.17761934 1.1065172 1.26706862 0.884660959 1.67083776
    1.60911906 1.44678366 1.40285909 0.734950781 1.18810761 1.50591826
    1.28142273 0.852952003 1.25741696 1.04001021 1.14706898 1.64580226
    1.58721173 0.723635972 1.34882438 1.19878078 1.35556519 1.60217214
    1.31541121 0.979206085 1.40794396 1.0655117 0.891150057 1.17909908
    0.83113867 1.0762614 0.774939179 1.38433743 0.790027678 1.66194832
    1.69330013 1.54797506 1.75389385 1.46543646 1.06125128 1.69896483
    1.59569418 1.42173076 1.34537232 1.58416224 1.46484995 0.838934779
    1.42537332 1.05444717 1.51625705 0.812018216 1.49412501 0.825936913
    1.57550931 1.39884746 1.03187382 0.840055585 1.40023267 1.666574
    1.62651813 1.03294122 1.51544964 1.61932373 0.726139188 0.960155904
    0.924177051 0.955262542 1.31549549 1.42517376 0.768493772 1.04634988
    0.886178017 0.916792929 1.28912663 0.78738004 0.933202922 1.60392761
    1.26816237 0.713836432 1.03111827 0.941742837 1.15019143 0.945798337
    1.42215657 1.18031311 1.51023173 0.749441445 0.770690799 1.02797461
    1.15090728 0.769698262 1.19286287 1.45747006 1.62318838 1.55295277
    1.07009196 0.76712954 1.57274473 0.770629108 0.797266006 1.12377644
    1.3075248 0.546786845 0.819672704 0.412072569 1.22031903 0.883290768
    1.28348327 1.15255296 0.922982037 0.692754567 0.940687895
    0.797258496 1.18465781 1.44049287 0.996673405 1.17692482 1.68519258
    0.995169997 1.63385987 1.2361728 1.23178995 1.53051269 1.47926772
    1.57966483 0.698909283 1.08861601 0.888189256 0.769304752 1.40106273
    1.55409956 0.983306408 1.12320852 1.33457708 0.821263671 1.04116452
    0.940002739 1.27890611 1.23794615 1.67643118 1.38200998 1.29861283
    1.06492901 1.11966276 1.44695759 1.43719625 0.767755151 1.02990544
    0.94238466 1.58701527 1.61702359 0.696618557 1.26565039 1.23180771
    1.64145422 0.82447052 1.16031802 1.05732226 1.29135144 1.07690191
    0.976697803 1.59795392 1.41208541 1.30345917 1.2781775 1.19003963
    1.10000181 0.94416666 0.970551014 0.987155557 0.887632728 1.68144035
    1.54606497 1.50367284 1.18137157 1.66960728 0.836917639 1.17566025
    0.828890562 0.920828044 1.02027047 1.19021976 1.02665389 1.31788647
    1.0303092 0.985020638 1.40545619 1.49379039 1.06346595 0.979901195
    0.739615321 1.70579684 1.43551707 1.47842383 1.6985184 0.978043556
    1.13232422 1.39584172 1.6436162 1.56136823 1.36924207 0.950212836
    1.3573432 1.4512943 0.949591517 1.51996112 0.857428432 1.23048854
    1.27549779 1.6166029 1.6296165 1.06330633 0.907066047 1.22725892
    1.27154851 1.04100609 0.771490276 1.6050359 1.1425029 0.886557102
    1.00515902 1.1554029 0.682681561 0.665645361 0.935090005 0.823002875
    1.25815797 1.3512944 0.666504204 1.65086591 1.6150589 1.19240761
    1.62013233 0.806311011 1.4774785 1.4329077 0.848955989 0.968141615
    1.50031376 1.66140592 1.64526677 1.44885635 1.40392685 0.790746331
    1.28285003 1.54091644 1.14464962 1.39701557 1.6870451 1.59114683
    1.03236091 1.49145758 0.800036907 1.11937928 1.05262458 0.86798197
    1.5633322 1.29007137 0.807938159 1.09845853 1.41093516 1.05594516
    1.2560935 1.69527817 0.855829358 0.84006238 1.19107938 1.09315276
    1.31248701 1.33276498 1.67535949 1.51138747 1.5269444 0.978109658
    0.762197852 1.04725099 1.69019663 1.08847177 1.05766022 1.30735397
    1.43027794 1.48698616 1.29285181 0.789795697 0.9579705 0.904335558
    1.69746637 0.96237272 1.21222246 1.12287045 1.45523083 1.20545733
    0.980864525 1.02707136 1.3293786 1.29736602 1.21385181 1.41230023
    1.57496667 1.39667606 1.41381848 1.69324613 1.11788023 1.48609984
    0.77106607 1.42361999 1.62014258 0.978377283 1.1306411 1.58907032
    1.22828484 1.44994378 1.39627695 1.56819987 0.887516141 1.28826785
    1.594414 1.72112513 1.68746984 1.50291049 0.804456592 1.09316468
    0.72887069 1.02348483 1.30463111 1.42943859 1.31912267 0.831758976
    0.964872658 1.59848273 0.733680904 1.21550441 0.735158384 1.00876558
    0.895974219 0.914071441 0.975995362 1.18176794 1.0464294 0.882226348
    1.38653636 1.22219193 0.93108958 0.736789823 1.32913637 0.874926984
    1.27702165 1.2626617 1.39206731 0.983864784 1.4360826 1.118343
    1.09805441 0.764018297 1.43982041 1.27298093 1.01263189 1.16521204
    1.25560403 1.20210826 1.37631285 0.669182062 0.467352867 0.950816095
    1.32857764 0.767931879 1.4887141 1.18927348 1.28578699 0.908490241
    1.03271079 1.48992825 1.07095146 1.38411152 1.35877788 0.727963805
    1.24553251 1.34513664 1.19991684 0.980729163 1.02509391 0.925285518
    1.05336714 1.44089317 1.67459071 0.753644824 1.13659942 1.69565666
    1.55441308 1.38605893 1.6497072 1.28123856 1.69974303 1.41669202
    1.40391517 0.82847333 0.810659349 1.13386631 1.00697029 1.06741762
    1.30505192 1.61220491 1.40857732 1.1740253 1.37642121 0.720517695
    1.19127953 1.57175124 1.33651662 0.712839782 0.888060033 1.64722061
    1.11500454 1.42611539 1.52015483 0.768058181 1.40185726 1.36290359
    1.2997967 1.07721722 0.718941987 1.02875936 1.57255507 0.709615409
    1.33204424 1.10929513 0.944474578 1.23982286 0.804357171 1.15626717
    0.821629286 1.67250788 0.710091531 0.720362902 0.875621617
    0.89996165 0.814991653 0.874188185 1.22214794 1.59670937 1.32944524
    1.36210632 1.30526555 0.717119634 0.792487502 0.995084763 1.07250369
    1.11973047 0.821769655 1.19246078 1.26384258 1.61246359 1.0382334
    1.47573233 0.911870122 1.37683058 1.28881216 1.30130899 1.56869733
    0.742356241 0.838494599 1.10428524 1.20464754 1.47889411 0.820067406
    0.731475294 1.6292237 0.834277213 1.25290036 1.28667629 0.974345088
    1.59833348 1.07275832 1.22318256 1.0309273 1.44300938 1.08220112
    1.03462386 0.684467793 0.935991526 0.75854373 0.716511667 1.00465655
    0.881466389 1.41590512 1.45088708 1.03583598 1.28249943 0.871728182
    1.03726757 0.976637959 0.823384047 1.31531668 1.45289326 1.24026012
    0.845744371 1.30269194 1.25778317 1.04875886 0.843801379 1.64794016
    1.21495056 1.33523595 0.835471988 0.68764478 0.702776372 1.15066826
    1.31514597 1.2479502 0.877278209 0.815817833 1.56608212 1.08134723
    1.58951247 1.26795876 0.772991121 1.66971564 1.16654718 1.4865669
    1.14644086 1.19924474 1.58726907 1.60950589 0.936859846 1.28486061
    1.24577427 1.2940011 1.34911942 0.940050721 1.56600595 1.48463106
    1.06491637 1.08233941 0.994607866 0.789291799 0.829449117 1.49202144
    0.739333689 1.45946813 1.69741309 1.10853899 1.57383728 1.32002795
    1.72023535 1.42971468 1.43528295 1.24378061 1.34732819 1.48739636
    1.06411326 1.74406242 0.853998244 0.929051697 0.917531371 0.81888181
    1.6409049 1.65360951 1.58383822 1.04443538 1.09928119 1.3469274
    1.54894185 1.23979092 0.815202415 1.31953573 1.20049942 1.29528332
    1.20863199 0.835011601 1.19060779 0.787042856 1.59948552 1.26305699
    1.64291465 1.01905572 1.30051327 1.69404221 0.722063839 1.31234241
    1.51386964 0.897094846 0.955959857 1.28999424 1.0068959 0.9438622
    1.56548941 0.792559862 1.67250562 1.48559201 1.23399115 0.946507633
    1.33410037 1.15423024 0.70982486 0.927759826 1.611081 1.4110105
    0.793580711 1.37206221 1.5518415 0.867686272 1.2147404 1.01253712
    1.21893883 1.33225346 0.816094637 1.27620566 0.93355608 1.14003885
    1.42284644 1.35167956 0.829545021 0.616827905 0.803188264
    0.639024079 0.991743624 1.25352037 0.845107019 1.21028805
    0.975358069 0.912429869 0.65312928 1.372316 1.50583792 0.828406215
    0.828028977 1.36444688 1.43589222 1.43677545 1.40103602 0.880696833
    1.5677644 1.660604 1.13207054 1.292593 0.851886988 0.832111895
    1.57934391 0.807471812 0.808676004 1.60859418 1.40011322 1.48756015
    1.02219057 0.976184964 1.24164248 1.45846295 1.17450202 1.60825551
    1.38164365 0.877024412 1.41750562 1.47546446 0.800583124 1.34018672
    1.51764202 0.932770431 1.15075672 0.974399865 0.825085759
    0.878629744 0.768708348 1.30969524 1.21465945 0.74364382 0.819611669
    1.03931487 1.20087302 0.978727281 0.849491417 1.32264757 1.65149117
    0.67506218 0.837502718 0.957131207 1.48493624 0.858108521
    0.881205618 1.53590679 0.901259184 1.32325184 1.61521232 1.57339966
    0.757746458 0.720958412 0.688935578 1.23310423 1.10161054
    0.968735814 1.13240004 1.34976017 0.778280258 1.07231128 1.60951209
    1.68642557 1.19763386 1.14046347 0.953634501 1.32843101 1.34019172
    1.3984704 1.2715745 1.28926802 0.897476137 1.15435827 0.903058529
    1.3511889 1.41605604 1.17588365 0.900208712 0.963240325 1.60293424
    1.29455101 1.5076052 1.35759509 1.58431351 1.02489018 1.51281297
    1.45029998 0.934368134 1.36704862 1.186777 0.82813704 1.1966691
    1.51589775 0.71211195 1.11195421 0.992150187 1.17990553 1.19768894
    1.4007206 1.57651675 0.719079137 1.39834499 1.30418408 0.94865936
    1.51744926 0.80434829 1.46110439 1.11117017 1.32463384 1.67749453
    1.27389956 1.29519558 1.47328055 1.49648511 1.02229726 0.759934306
    0.990751147 1.3494519 0.944610894 1.17162645 1.18672967 1.21418333
    1.187428 1.28460276 0.944952846 1.21526468 1.23859704 1.4597286
    1.3132 1.1209023 1.52445841 1.5110153 1.08701766 0.899187922
    1.51107597 1.44676089 1.29056954 0.937733054 0.998684108 0.981035769
    1.23587263 1.07992458 0.754995048 1.52377737 1.02979839 0.980024278
    0.972140431 1.10030687 1.42467093 1.15911639 0.936398685 1.59196961
    1.18097019 0.859654665 1.68244326 1.68273163 1.07377219 0.924789429
    1.20040405 0.982033789 1.22950017 1.49188662 1.55826664 1.15268755
    1.25158572 0.769621015 0.798312485 1.13235176 1.01519847 1.52960718
    1.39563251 1.08806348 1.32330227 1.72176027 1.40577257 1.71572864
    1.35725188 0.785507917 1.37744892 1.66045737 1.55239272 1.48665786
    1.22469401 1.45083022 1.33859003 0.845844209 1.69858694 1.74386883
    1.1312567 1.58301163 0.975294232 1.67933619 1.06087184 1.29449844
    1.72205746 1.49856937 0.747961938 1.6670754 1.05732214 1.71606815
    1.13944972 1.09549642 1.60972643 1.44741857 0.773974538 0.914855719
    1.54367757 1.10477078 1.00444853 0.714859426 1.58576345 1.3113426
    1.1560303 1.47200847 1.62880063 1.52325583 1.14102256 0.705733299
    0.89267838 0.914685726 0.839534342 0.933498979 0.979251802
    0.922235608 1.5331701 1.05043972 1.58210409 1.14123487 0.73618114
    1.61505163 0.935092449 0.814790726 1.1228832 0.667674243 0.752969265
    1.31244791 1.43151295 0.922902048 1.313784 0.602541625 0.53982532
    0.969549537 0.867230535 0.604916751 0.843735337 0.786266088
    0.977642536 0.774837613 1.15961623 1.15196443 1.18319654 0.729828596
    0.880837858 1.26423705 1.47622061 1.27121603 0.93026787 0.957293391
    0.997419834 0.82128948 1.2480551 0.826436579 1.47409928 1.12118208
    1.11724162 1.02360153 1.49414778 0.783600271 0.97470212 1.05182683
    1.17808759 1.10178554 1.02380884 0.749025106 1.18243814 1.41652298
    0.935393155 0.891940415 0.891696274 0.738252163 1.03252888
    1.39750373 1.21581614 1.2640841 0.818683326 1.43495715 1.55418456
    0.85521549 1.05187404 0.808592558 1.124089 1.29530168 1.04251075
    0.757705867 1.26863813 1.04351175 1.09193146 1.25142622 1.63064575
    0.859232724 1.49162352 0.962396324 0.95057261 1.39592886 1.20232999
    0.871605873 0.814523876 0.954678535 1.10457063 0.883467257
    0.798617423 1.13387883 0.852602482 1.54773283 1.43495297 0.743750572
    1.55181217 0.885795951 0.799334228 0.859269559 1.5282439 0.935114324
    1.01833594 1.08809209 0.903361976 1.54170883 1.41184664 1.69761419
    1.1734848 1.41114509 1.09807169 0.734268546 1.59773815 0.996010959
    1.35543621 1.19140673 1.09883749 1.01278019 0.735903859 1.68897378
    0.808558524 0.812039852 1.40245545 0.93506974 1.2150209 1.02959621
    1.40094936 1.49629807 1.08650649 1.06142974 1.08733046 0.76085335
    1.38686144 1.00510323 1.36601818 1.02857101 1.29298365 0.690348268
    1.05163729 1.45956635 1.05838466 0.785797417 1.03330362 0.936502337
    1.40761769 1.26927149 0.900684655 1.08042598 1.22891521 1.35448337
    1.2209059 1.33397102 1.64627314 0.934308767 0.740431726 0.800048709
    0.89770931 1.04959846 0.85572207 1.09010947 1.21826732 0.80759424
    1.46317101 0.726433873 0.976568282 1.11393678 1.6072036 1.30671191
    0.766046107 0.86887908 0.755420625 0.742415547 0.873490214
    1.71378756 1.67846584 0.892277002 1.54577112 1.60718226 0.805999041
    1.70188057 1.04901552 1.11853838 1.67679477 1.55747509 0.950002313
    1.18953729 1.3660506 1.35605109 1.38104331 1.17535222 1.24506319
    1.70347321 0.928694904 1.37969208 1.40740371 0.725791514 1.43502176
    0.733656824 0.822979689 0.961488783 1.47462964 1.63139474 1.29750454
    1.65694225 0.956190407 0.814436197 1.46683657 1.68078423 1.47450995
    0.873823345 1.24840903 1.25859129 1.38004649 1.5199312 1.11034691
    1.1941936 1.39355469 0.73730278 0.782305419 1.13391387 0.770180881
    1.65784478 1.58608961 1.44857371 1.42085099 1.47861087 1.30066395
    1.1321733 0.993269086 1.41799653 0.860342562 0.926717639 1.09299946
    0.968609691 1.61747527 0.735401094 1.13932967 1.23731053 0.705104947
    0.852227747 0.726777077 1.29405391 1.36634219 0.858248711
    0.861110032 0.783379734 1.02600682 1.62721515 1.02211237 1.16741836
    1.063241 1.46301663 1.67677629 0.874079883 0.910772681 1.32128274
    1.48038328 0.76021564 1.15335429 1.65442073 1.00724161 1.09458995
    1.36269081 1.19925344 1.41270709 1.28355229 1.19110191 0.973997474
    1.35459423 1.44474006 1.22832274 0.953488648 0.508565962 1.21740365
    1.12893319 0.523403943 1.17558753 0.721882463 1.04944646 1.48517132
    0.691356599 1.10684371 1.35264885 0.724832416 1.201334 0.674433947
    0.886380613 1.51235199 1.28764272 0.758303344 0.755480826 1.40230203
    1.17386127 1.04205406 1.21598077 1.58941948 1.56432867 1.20908296
    0.741740108 1.19188821 1.6833117 0.863517344 1.43623686 0.821780622
    1.67140949 0.826478601 1.07714987 1.02016032 1.44971526 1.32266128
    1.22868812 1.26266229 1.26906669 0.898121834 1.34073377 1.20957863
    1.6492219 1.02653122 0.750568986 1.15924251 1.40284002 1.3906821
    1.49371374 1.36607611 1.25872254 1.25365674 1.25312912 1.20162249
    0.664200842 0.706942022 0.736840308 1.09571826 1.02798891
    0.717162728 0.917460561 0.776056051 1.50567651 1.28434289
    0.991638362 0.782028496 0.819115162 1.28515661 0.824281812
    1.48639131 1.00601947 0.996510327 1.29796362 1.52753377 1.62438416
    0.917649031 1.57786047 0.773804545 0.827823162 1.14528489
    0.824794054 1.03925622 0.899486363 1.31364608 0.824006617 1.00780213
    1.21707809 1.61935902 0.729148924 1.38376665 0.737761915 0.793415964
    1.58289337 1.36290455 1.51670718 1.02918625 0.977801919 1.47511327
    0.746425331 0.903057158 1.25623298 1.66230822 1.4626193 1.19044554
    0.912704468 1.05324352 1.57733762 0.810105741 1.51998913 1.67062473
    0.689708114 1.14324558 1.26633227 1.60893989 0.962198853 0.82905376
    0.688904047 0.782744169 1.50034416 1.05517495 1.56045508 0.772024155
    1.54487002 1.07576036 1.54300296 1.56441092 0.720417976 0.946090579
    1.50749159 1.19549775 1.21047986 0.729803562 0.814352095 1.14594615
    0.714885414 0.729899466 1.64257097 1.30025291 1.34832132 1.4790107
    1.19913566 1.4104588 0.88473928 0.740430474 0.733575583 1.3120414
    1.1286279 1.19992042 1.39000654 1.15366602 1.51055002 1.11788034
    1.25836194 1.62455714 1.1704067 0.835228503 1.10808635 1.43224049
    1.48375034 1.57591152 1.06871557 1.21120286 1.53039432 1.48693919
    1.13682151 0.827293336 0.860563815 1.3848995 1.57985115 1.28092813
    0.864084542 0.855169415 0.825766027 0.80551213 1.24953151 1.31524873
    1.55009139 1.11260378 1.25776815 0.880264878 1.37973571 1.024014
    1.24372363 1.43502748 1.36763763 1.06984246 1.20401609 0.721647263
    1.52729917 0.913900316 1.61237156 1.55793715 1.31685853 1.67797744
    0.884460688 1.29171419 0.725979567 0.785766304 1.1588161 0.799309492
    1.26492631 1.5422163 1.42551386 1.58372712 1.12977886 1.09226155
    1.0092479 1.2177844 1.64085722 1.69660866 1.47157776 1.69380796
    1.64887273 0.99070555 1.00309241 1.35324967 0.813013554 1.14370441
    1.45872939 1.59847808 1.14079738 1.39398742 0.820657611 0.852910817
    1.14615059 1.32259297 1.43922734 0.945234418 1.18292093 1.18898559
    1.13210034 1.69736862 1.23970425 1.51659262 0.839722633 1.0340302
    1.51878774 0.963348806 1.06730068 1.42957866 1.40079665 1.27904475
    1.33511353 1.53531039 1.52318645 1.2951684 0.738115191 0.929258764
    1.17690265 0.774612725 1.31488287 1.19488132 0.661041617 0.834412813
    1.4018271 0.939002037 0.973326802 0.970636249 0.725605071
    0.937948883 1.36396658 1.37131453 1.44754469 1.26150095 1.56360483
    1.33067477 0.817263603 0.77296865 1.62715435 0.907942653 0.976947129
    1.1185503 1.32823193 1.16083515 1.43721128 0.817750037 1.49050617
    1.61602914 0.929185331 1.6837343 1.50999486 1.41445649 0.785748482
    0.870416343 0.804881513 1.18892062 1.69051218 1.51391566 1.65692091
    1.55028152 0.888198137 1.41308558 0.935560107 0.780166388 1.55244648
    0.764096975 1.50123024 1.33098006 0.778327882 1.59634018 0.754979789
    1.10328615 1.24904513 1.39732027 1.12617981 1.29653621 0.708867669
    1.20090425 1.62116647 1.23435616 0.87577951 1.1492734 1.03917563
    0.869643807 0.977022409 0.743179679 0.864671648 1.53636754
    1.67331254 1.57584918 1.18693113 0.718721271 1.60978913 1.65824866
    1.2025516 1.6875447 0.850640655 1.29488349 1.09952295 1.33070481
    1.03939795 1.09698462 0.850385904 1.17672789 0.966760159 1.59450746
    1.07336414 0.875632226 1.27922702 1.41081905 0.910767794 0.865263224
    1.62771761 1.5136441 1.36444879 1.03886247 1.03618312 1.42689288
    1.44621873 1.15419495 1.07527053 0.844969809 1.52970743 0.852855802
    0.825383663 0.949688017 1.21702826 1.51745009 1.06163013 1.24337947
    1.32450986 1.06318355 1.55040228 1.03737235 1.53180587 1.56329083
    1.61680591 1.44046628 1.23335481 0.879419506 1.12036705 1.28259408
    1.14231217 1.30818653 1.66608071 0.900729835 1.58166194 1.14508438
    0.707394838 1.04894292 0.920634866 1.48573327 0.751169145 1.5892067
    0.906833053 1.56608689 0.912630737 1.43471789 1.43576837 1.18172002
    1.31745791 1.64647865 0.948252022 0.936392367 0.746073782
    0.896208525 0.835975766 1.53328621 0.716815114 1.38810575
    0.720594466 1.28328001 1.48671043 1.29644978 1.59733653 0.779549718
    1.33244228 1.13971114 1.12196863 1.54118669 0.859880626 1.38842273
    0.938325644 1.06275308 1.514642 1.43840194 1.01131797 1.4151355
    1.54690528 0.93176657 1.06312871 1.59494781 1.25974846 1.545784
    0.725660682 1.04287815 1.56502891 1.06300163 0.904141724 1.50368142
    1.09947371 1.6672368 1.63575375 1.15285575 1.11581933 0.796431959
    1.08070636 1.58621919 0.903607428 1.35304594 1.17333865 1.60423636
    1.01683831 1.20864129 1.3344295 1.45827687 1.0529325 1.54152644
    1.35185659 1.10589457 0.840458751 1.54287672 0.826858938 1.24553609
    0.932242811 1.24956 1.1053952 0.955736399 1.23472428 0.822496593
    0.939435244 0.846881509 1.34590185 1.58305585 1.61478376 1.34277511
    1.42033005 1.46253288 0.83687681 1.18184209 1.07558525 1.14491701
    0.941212475 1.16508031 1.34927475 0.744639695 0.841731727 1.65839851
    1.36684895 1.65724027 1.38526833 1.05153871 1.36852372 0.999033213
    1.61224008 1.61341369 1.12980473 1.38556945 1.68982494 1.42974734
    1.65676975 1.422019 1.01733303 1.42485559 1.480088 0.707243502
    1.22392607 1.2825079 1.21863806 0.882951975 0.986260653 1.51022589
    0.748333812 1.2366488 0.745661557 1.57761884 1.32134032 0.686721683
    0.675008535 0.658012629 0.532986879 0.927862346 1.23686278
    1.36395872 1.22403646 0.777047932 0.768608987 1.50864255 1.34077215
    1.3318361 1.09247601 1.04392791 1.66689372 1.49894834 0.864780962
    0.988468409 1.54997063 1.60729516 1.0792917 0.703511 1.37024713
    1.03005183 1.22281742 1.21779728 1.66347289 1.57021296 0.888366401
    1.01898324 1.21237898 0.77912724 0.98905462 1.37008297 1.36475325
    1.43320596 1.00568247 1.02329564 0.938951194 0.830997348 1.71328783
    0.832024276 1.21152568 1.58882439 1.52297544 0.941939831 1.57352579
    0.881549835 1.24493539 1.15884161 0.800075114 1.23094904 1.22129321
    0.91291064 0.771397412 0.965478659 1.14564443 0.693039477
    0.784071267 1.09844291 0.815308809 0.799347937 1.26832676 1.0475632
    0.813371181 1.38517225 1.23971033 1.4788847 1.30721712 0.711922586
    1.30291283 0.699284434 1.68355644 1.27723992 1.48222733 1.02294362
    1.15127707 1.12917054 1.53058457 1.68304551 0.900888562 0.86899507
    1.05753052 1.25986767 1.10977411 1.02514982 1.67490053 0.919261575
    0.686275423 0.925085545 1.00483692 1.52100217 1.00310946 0.781007588
    1.20767283 1.15990877 1.25611711 1.68997133 1.16204679 0.979402125
    1.53198636 0.803141773 1.4317838 0.756394506 0.917584598 1.63518178
    1.67634392 0.816331327 0.92209971 1.45010996 1.45035458 0.901941359
    1.1681093 1.59433234 0.754494071 0.727771878 1.58628619 0.913596034
    1.58961773 1.63347602 1.32906485 1.61291325 0.956479073 1.08718884
    1.1928618 1.04302323 1.10211372 0.768324673 1.43588948 1.6398195
    1.55066013 1.0042485 1.07101858 0.84927547 0.711334109 1.39005387
    1.09549975 1.22601545 0.86424911 1.14527285 1.37478542 1.51159823
    0.818592191 1.13006306 1.07236254 1.02821946 1.12122893 1.20115352
    1.51358402 1.40576577 1.39791 1.29292369 1.28924978 1.67729807
    1.24859381 1.51410377 1.4287107 1.22856414 1.54106939 0.740515411
    1.53362286 1.05326545 1.23674381 1.5399611 1.01872432 1.475577
    1.7094487 1.10012674 1.10271919 0.773937047 1.42833066 1.46715367
    1.17662954 1.10211444 1.27651179 1.53326547 1.38611853 1.3293885
    1.49212682 1.09866869 1.05303037 1.28306174 0.752143502 1.46949434
    1.55062807 0.78824693 1.33256531 1.70001268 1.25650883 1.4915632
    1.67989838 1.59486794 1.3064512 0.870387018 1.39487016 1.12252235
    1.14191127 1.47014594 0.824416637 1.51057279 1.08222032 1.43734622
    1.37747002 1.22417641 0.932123661 1.47742915 1.46177649 1.0515964
    0.786753595 0.92151016 0.88437444 1.09165418 1.41050255 1.0105021
    1.52629209 1.51060617 1.56851339 1.44658256 1.47534811 1.40661669
    1.13911653 1.51728368 1.64342952 0.695012093 1.01457751 0.948378623
    1.30960965 1.01703286 1.04592633 1.53321922 1.22211766 0.876989126
    1.30226982 0.968814969 1.19758904 1.3076365 0.925714433 1.36099434
    1.53032303 1.47286808 1.60826802 1.25246727 0.899852097 1.41576982
    0.830053568 0.994362056 1.18897665 0.968684733 1.19012558 1.24078166
    1.50110614 0.85515821 1.25177741 0.746249735 0.690476835 1.00363195
    1.49998629 0.939184129 0.531272411 1.28607035 0.773537636 0.69243747
    1.0028708 0.970974505 0.549525678 1.38448787 0.669983327 1.35253477
    1.41811347 1.55089617 1.32015276 0.946221411 1.27885616 1.63246047
    1.1886754 0.866163611 0.991301239 0.815633655 0.988734424
    0.758982122 1.50002003 1.57335925 1.6685462 1.12253439 1.39325702
    0.781158328 0.880419254 1.13933349 1.51070738 1.01536369 0.733179033
    1.17114294 1.58381224 1.60002911 1.33754671 1.26240849 1.27611971
    0.997446537 0.856191099 1.37214744 1.3967551 1.4620961 0.948827565
    1.3004148 1.32158351 0.890427709 1.33090901 1.58993077 1.52113926
    1.34330142 1.37298477 0.87769258 1.07949972 0.883745313 1.12423754
    1.26403618 0.824097097 1.41514719 1.01592326 1.07501316 1.38560748
    0.919274747 1.63708103 1.25977552 1.261783 1.51537895 1.54310346
    1.5089587 1.26618207 1.28837967 1.00257587 0.903326094 1.25672126
    0.812944651 0.785413384 1.32844234 1.51273358 0.788823009 1.48760331
    1.64343476 1.15080404 1.12054145 1.47472572 1.34409344 0.772577822
    0.849436164 1.03465128 1.53469038 1.23063362 1.02309132 0.894806147
    0.978437603 1.44471121 1.31388736 0.849264324 0.97367239 0.764214993
    0.870686889 1.53620136 1.01326513 1.47653115 1.42886496 1.51478827
    0.907607555 0.794866443 1.60298514 1.69882035 1.61168063 1.61080277
    1.36554015 1.60346293 1.24732852 1.65677559 0.716797352 1.63714719
    1.29106331 1.17732012 1.39836407 1.49803865 1.03766572 1.00863016
    1.05455673 1.54678631 0.818788648 1.2259376 1.65885627 0.697390378
    0.761773825 0.696044981 1.39951086 1.02097392 0.993740618 1.50785995
    1.28621721 1.57286608 1.06237411 1.37305391 1.43342924 1.21898901
    1.12664378 1.31744456 1.43376088 0.995061576 1.22237349 1.57105994
    0.776964545 0.985441208 1.38951838 1.57191634 1.16021168 1.40730178
    1.32594347 0.768709421 0.846864641 0.943447709 0.933614433
    1.22935557 0.978902698 0.873827636 1.06939435 0.850867808 1.54763675
    0.717885196 1.27282584 1.46252906 0.921523213 1.54837453 1.00655222
    1.15813053 1.26267707 1.0427562 1.49767554 1.50113583 1.67723179
    1.52909148 0.883265138 1.40614891 1.58530962 0.80834353 1.60331976
    1.64523101 0.740656078 1.54212344 1.52230334 1.69781661 1.44219887
    1.70180559 0.925575733 1.66105914 1.63850999 1.02963114 1.63321018
    1.40219533 1.4222542 1.1854434 1.01447153 1.37955046 0.972895861
    0.839274049 1.61275864 1.03456748 0.700351059 1.3451134 1.36704338
    0.810002327 1.32343745 1.33341551 1.26109624 1.57706654 1.59977531
    1.28889716 1.16422451 1.69297028 1.70210803 1.39882648 1.12626028
    1.49819946 1.25465107 1.63594317 0.91165781 1.48275959 1.46130371
    0.773039818 1.53934288 1.15592313 1.34577358 0.704461515 1.28149092
    1.49708843 1.60548162 1.65564775 1.59261703 0.983105481 1.09693801
    0.724097788 0.968815029 1.2766571 1.03138268 0.851883888 1.54266465
    1.62240827 1.62147593 1.39711928 0.989476025 0.742996812 1.50248384
    1.10318911 1.05579948 1.2419101 0.696864367 1.29985464 1.56031632
    0.655000448 0.83118856 0.595145583 0.96454829 0.803437352 1.10305905
    0.515042067 0.511555672 0.60379827 0.756479204 1.36646664
    0.843662798 1.16849244 1.23329973 1.07345283 0.806375027 1.2973994
    0.742177427 1.46611631 0.798272133 0.776002884 1.05367959 1.2593708
    1.66933632 1.69898021 1.43455625 1.07877016 1.65836585 0.779896319
    0.745963097 0.837940812 1.5611949 1.05991673 1.33374429 1.46839952
    0.938295364 1.64824009 1.31784117 0.793968141 1.15918934 1.31497288
    0.93783474 0.797427714 0.872437775 1.67899394 1.08305907 1.510831
    1.08704746 1.13404703 0.908591509 1.47682047 1.09559536 1.66313338
    0.999744177 1.10258877 1.38316309 1.62093616 1.44038117 1.10777092
    1.1776154 0.973334789 1.05985308 1.5573554 1.4060725 1.22244489
    0.985401571 0.823212683 0.974928975 0.92079711 1.57692981 1.23491335
    0.706937075 1.32918406 1.12044287 1.31289017 1.42604649 1.03472126
    0.886820972 0.864912689 1.15433824 1.43228352 1.06982398 0.772093058
    0.734826565 1.36991024 1.26097119 0.892524779 1.39616418 1.25859511
    0.691426754 1.65186918 0.929343462 1.63268566 1.30493021 0.69113487
    0.797059298 1.46940565 0.800110877 0.833377659 0.746888757 1.0353049
    0.960161984 0.851871669 1.12575889 1.11136031 1.33935475 1.03200293
    1.22575974 1.64777017 1.11248946 1.40410268 0.801581264 1.13127279
    1.11558974 0.935611367 1.27322066 0.72112906 0.962570429 0.944047034
    0.999870956 1.15314233 0.825301886 1.5334084 0.853660345 0.715684116
    1.05525601 1.14903843 0.710479558 1.56352496 0.963897347 1.67147422
    0.898643076 1.62088132 1.44743788 0.749781609 1.20587063 1.0357939
    1.50585866 0.745395124 0.714643598 1.40864742 0.926795959 1.14829135
    0.698120475 0.956095695 1.39319205 1.59071994 1.48508644 1.39103472
    0.893162727 1.47065401 0.849888444 1.58586562 0.849537909 1.13249016
    0.899202168 1.44718957 1.22451556 1.63642168 1.61249542 1.69240749
    1.57789004 1.21423483 1.70574498 0.77469039 1.6771282 1.14794934
    1.20871603 0.805548549 0.783138514 1.65897369 1.07987523 1.36919069
    1.23715031 1.0094111 1.6608417 1.66681755 0.826052189 1.25369465
    0.778091073 0.826082766 0.873925567 0.834983706 1.07590282
    1.02897513 1.64295745 0.825892448 0.845039725 0.804662585 1.18151915
    1.25974703 1.62062621 0.870699525 1.05928326 1.49338639 0.986860216
    1.05572236 0.863371849 1.1409688 1.21538711 0.841365993 1.28403044
    0.717135906 1.51089895 0.724527359 1.19043958 1.21239197 1.13407445
    1.25791705 1.53282428 1.5501163 1.54203987 1.5924021 1.61886597
    1.53021526 1.07842457 0.86741966 1.52868235 0.985933661 0.851504385
    1.05372345 0.962296605 1.4607774 1.13133371 1.5814811 1.07428014
    1.32535219 1.46734428 0.979544044 0.931524038 1.191517 1.11431289
    1.49877691 1.45377731 0.984230697 1.36944628 1.19415951 0.848771214
    0.755050957 1.38453794 1.16696966 1.42350352 0.940569758 1.28240919
    1.11384678 1.61379313 0.84090507 0.725160778 1.35350049 1.33144331
    1.2986424 1.16335392 1.30016661 1.53650928 1.21223259 1.01428294
    0.567243397 0.539934397 0.846805692 0.444179952 0.81785953
    0.632773578 0.862746775 1.14916635 0.730472088 1.40031731 1.20940363
    1.1319629 0.99470681 0.90415895 0.788619339 0.8003335 1.560817
    0.868434131 1.21643138 1.07258642 1.32521176 0.747513771 1.52316678
    1.06231403 0.742641449 1.21164083 1.48233032 1.6524936 1.42906404
    1.56331587 1.28646493 1.39598775 1.57065666 0.818653584 1.14444113
    0.982530534 1.15782309 1.60126913 1.60539758 0.686803997 1.17519927
    1.64746737 1.40365338 1.07470071 0.975328088 1.15095675 1.33120275
    1.55391252 1.61011624 1.35879576 1.0942291 1.29548609 1.24431562
    1.04834211 1.53865111 0.676433384 0.744246423 0.951842904 1.65189564
    1.18279302 1.10149455 0.874961734 1.21641946 1.54361176 1.61178422
    1.45465517 0.855928242 1.08927464 1.28636026 1.13178766 1.53792894
    1.25252104 1.21224952 0.963642359 1.38315606 1.60298526 0.947513461
    1.12872481 1.45408452 0.913763404 1.68808568 0.969348192 0.784882545
    1.40037274 1.68413866 1.21170151 0.716121793 1.45435071 1.6471771
    1.57983232 1.4629786 1.0905652 1.32296216 1.49818897 0.849208951
    1.24735498 1.01338255 0.700333536 1.58391476 1.61364138 1.62498724
    1.0740844 1.37818587 1.44186807 1.31051004 1.68114495 1.23562586
    1.52109945 1.54631293 1.27587557 1.44087946 1.62977314 0.989663363
    1.36706781 1.69225085 0.835936487 1.52159393 1.40271938 1.00372338
    1.15053892 1.1940552 0.952888489 0.905801415 1.49592185 1.58233035
    1.57122958 1.64713895 1.40258408 1.49665141 1.51660156 1.51154792
    1.37732077 0.790648043 1.31214821 1.27160871 0.867343664 1.25368989
    0.721618354 1.37354946 1.64758909 1.08836031 1.39688134 0.829218268
    0.99548471 0.806806326 0.724308014 0.98952657 1.11513424 1.08206546
    0.805458486 1.53238785 1.50412381 1.69093823 1.22066092 1.30808079
    1.72402132 1.13917637 1.3357209 0.937097907 1.00442851 1.31191587
    1.2708602 1.58729362 1.40127277 0.70856005 0.746762872 0.86767745
    1.32118511 1.25758219 1.55171108 1.27720118 0.728439808 1.09654737
    1.29404831 1.47624671 1.23487639 1.63650668 1.06436539 1.517349
    1.4632709 1.247491 1.33131421 1.15611696 1.5427295 1.68058968
    0.830832362 1.31565225 0.809955478 1.48232722 1.54116464 0.89872092
    0.740824282 1.63716602 0.787812471 1.48413038 0.708003402
    0.827829719 0.894454241 0.760591447 0.935884416 0.947099805
    1.65723479 0.726858139 1.53168869 1.57052791 0.929322362 1.10554862
    1.03179514 1.5843091 0.946014047 1.30114985 0.854507923 1.51862574
    0.792460978 1.60077047 1.06694949 1.04399848 1.02913558 1.14360631
    1.41471505 0.958748639 1.41525543 1.2163806 1.37527716 1.42423034
    0.758929372 1.28199363 1.10843539 1.3741374 0.951408803 1.44513583
    0.787403345 0.753824532 0.907431543 1.64832699 1.38850093 1.30465722
    1.21843195 1.21503961 0.993464112 1.71810341 1.67589808 1.47303832
    0.74131608 0.826501489 1.65892017 1.19989789 1.22085929 1.47230923
    0.723979414 0.864504337 1.60471559 1.06832957 1.23639297 1.46591377
    1.11793661 0.935286045 1.0744158 0.899881899 1.10326934 0.530046761
    0.523484886 1.29598451 1.22498357 1.41618538 1.14271438 0.867573738
    1.28552926 1.05016935 1.68697858 1.06408012 1.40301538 0.71041584
    1.63963997 1.53136325 0.765819669 1.5532403 1.30840647 1.14617574
    1.11209524 0.768864095 1.150267 1.34677756 0.925628185 1.20492947
    0.716036677 1.01896453 0.90495193 1.55462873 0.994975805 0.873030245
    1.27278376 0.947808564 1.44237781 1.54290318 1.32214749 1.21179271
    1.50977266 0.993478894 0.710291028 0.83571142 1.69411564 1.54541504
    1.5070647 1.35610676 0.995399475 1.06396663 1.54426897 0.980417371
    1.55463791 1.06293344 1.21637487 1.33210397 1.11815357 1.10534453
    1.18809414 0.759937763 0.793964863 1.37366438 0.793793499 1.55243981
    1.20840216 1.5151633 1.04828453 0.798916519 1.32688618 1.49037135
    1.01358724 1.17735064 1.08279955 0.736146867 1.10724545 0.924219012
    1.6629194 0.985562265 1.01719058 1.40216577 0.779191136 1.64566624
    1.10401142 1.0239532 0.767475367 1.68067276 1.37447703 1.2162087
    1.48627782 1.5391947 0.696948469 1.54072368 0.946433783 1.2964797
    1.11973655 0.75365746 1.11532617 0.989688098 1.3909117 1.16117024
    0.877351403 1.35387313 1.08009076 0.994388103 1.26853502 0.712704539
    0.809796333 1.44467115 0.776496053 1.34399629 0.771554828 1.41654181
    0.876405656 0.938684046 1.41185701 1.13805175 1.04886127 1.34997237
    0.874107778 1.70583034 0.994824409 1.13220656 1.09874403 1.65905797
    1.47155857 1.619627 1.21541691 1.25937998 1.08900857 1.06525683
    0.8476457 0.71020627 0.819922864 1.54909563 1.64879549 1.44603872
    1.01838744 1.38537657 1.23651314 0.998515069 1.53178227 0.696253181
    1.20398235 1.22465742 1.28980935 1.14563513 1.38122499 1.35202992
    1.56081748 1.31863534 1.46527541 0.84363097 1.46561146 1.30372584
    1.28635812 1.44555759 1.64931417 0.880966365 1.31998575 1.71526456
    1.18546188 1.1673404 1.33957851 1.05616593 0.756782889 1.02237844
    1.28702223 1.34439015 1.07620156 1.33926451 0.948551059 0.996790707
    1.54347897 0.985311747 1.38086271 0.991370976 1.00509059 1.15590692
    1.46734548 1.62608933 0.9044649 0.94963038 1.56066835 1.09113896
    0.910031796 1.15363455 0.926095605 1.25591969 1.65092993 0.966043651
    0.886840343 0.967177689 1.41372156 1.13742757 0.705833316
    0.737654209 1.04570103 0.869839191 0.824014843 0.939693391
    1.44361758 1.64294326 0.953703523 1.06579792 1.53578687 0.751343906
    1.68906796 1.05860639 1.372334 1.60121524 0.942289948 1.25709963
    1.36381388 0.845933676 1.0104115 1.00706589 1.26051629 0.799842536
    1.49337375 1.50621295 1.28918529 0.867055416 0.916360855 0.745406866
    0.802894056 1.19197249 1.04662991 1.02929878 1.59620702 1.64418387
    1.33623886 1.67277956 0.895282626 1.24409378 1.25022662 1.39554739
    1.48038113 1.62827981 1.38142371 1.12859488 1.15149248 1.46378875
    1.0577476 1.3520782 1.08462787 1.63569164 1.24425292 1.59004736
    1.43238068 0.890467405 1.32875371 0.81559056 1.12641644 1.51486981
    0.747802019 1.2525512 0.555990577 1.23083663 0.686893761 0.487151772
    0.441157669 1.44453597 1.03452039 1.30497086 1.19379377 1.3719635
    1.52651954 1.6990726 1.610623 1.06265712 0.750472069 1.55089533
    0.707484841 1.4539988 1.50483966 0.936921 0.930046797 1.41882336
    1.27307737 0.920649886 1.49256325 1.44627523 1.57633901 1.01229155
    1.60284114 1.38956523 1.6399169 0.767163277 1.31515169 1.69130242
    1.66894937 0.989915311 0.806301236 1.17583072 0.838401914 1.01809025
    1.27886558 0.850990057 0.854984224 0.901288271 1.16576779 1.33610415
    1.18459642 0.949816644 1.11001813 0.892645776 0.717984259
    0.960131526 0.973277032 1.47314143 1.62529516 1.20224202 0.923863828
    0.872960865 1.14623082 1.64599586 1.00332499 0.741312087 1.02814937
    1.55337203 0.769058943 1.50259113 1.65221953 1.38215625 0.86816591
    0.987542689 1.11382282 1.06696296 0.884520233 1.67680407 1.10298884
    0.947740734 1.18827844 1.06936359 1.1088202 1.36916733 1.67881405
    1.3967669 1.22838521 1.42798281 1.65717733 1.28340745 1.28570521
    0.924488962 1.12983668 0.749807417 0.77344197 0.778333843 0.94211185
    0.805866539 1.54461193 1.29741943 0.81406635 1.39849675 0.886312902
    1.03644741 0.910229564 0.99459213 1.5600462 1.50883877 0.989572465
    1.17925429 0.809490919 0.940265059 1.26576972 1.61749506 0.943113029
    0.912847757 1.51181257 1.10134983 1.27370131 1.32682133 1.66173136
    1.130422 1.73905444 0.888221681 1.10493994 1.38258672 0.862657189
    1.62941623 1.1314286 1.32784462 1.62480617 1.39582551 1.25965858
    0.814583242 1.3529408 1.07355082 1.11145973 1.51761603 1.08271408
    1.26176798 1.19276309 1.67180049 1.39903212 1.5530529 1.52475047
    1.10968614 0.830095649 1.50047565 1.63232851 0.926323891 1.24362934
    0.886935174 1.05610251 1.21936679 1.55196369 0.880969107 1.52791941
    0.974301457 1.46415353 0.881257772 1.38072801 1.46259785 1.29796743
    1.73539507 1.26115918 0.900182128 1.48367548 1.5420568 0.981914282
    1.14250183 1.49537373 0.994035542 1.60864329 1.18940616 1.02942562
    1.258479 0.869386673 1.40760612 1.32513857 1.12588942 0.811087132
    1.00239778 1.50234139 1.05833006 0.867231011 0.789937317 1.22783697
    0.94815731 1.62913632 0.909622192 0.960414946 1.19010115 1.67291379
    1.16503489 0.831713438 1.3756299 1.65069234 0.825628281 1.46005869
    1.19664598 0.837091625 1.36103618 1.28965294 1.41569388 0.757794082
    1.12869823 1.34573233 1.54296446 1.52201712 1.23800898 1.02986515
    1.71591973 1.58766401 0.969174683 1.13297021 1.70653439 1.38577831
    1.59875357 1.66040945 1.1473819 1.05841339 1.57320786 1.46142054
    0.921874642 0.932024121 0.920656681 1.07344818 0.964353323 1.4681356
    0.893427372 0.991359353 1.5873121 1.06434011 1.14917171 1.54579604
    1.11993945 1.30917513 1.19770837 1.54701841 1.11701 0.800068796
    1.55282211 1.54791713 1.03836608 1.55945671 1.66116929 0.973322034
    0.83674264 0.967973948 1.40852749 1.41313052 1.30245364 1.51272595
    0.7293185 1.57551992 1.64554262 1.59635746 0.723585665 1.20247889
    0.937327027 0.9676373 0.957700551 0.636126041 1.33668876 0.516877294
    0.48073557 0.671857238 0.760880232 1.55056834 1.29839444 1.52369785
    1.67517984 1.20137179 1.38440049 1.08324933 1.65686512 1.33844495
    1.30773401 1.02386498 1.33159637 1.19975185 0.997295499 1.71244097
    1.12019813 1.66750622 0.817364693 1.14452362 0.899379909 1.36751723
    1.70778859 0.860588908 1.24510753 0.869469047 1.25157833 1.54123366
    1.22227001 1.59820676 1.12678337 1.07988644 1.56154203 1.46305311
    1.36969054 1.68001211 1.62816548 1.65719104 0.79238832 1.39220238
    1.53033698 1.08892536 1.70309389 1.25482655 1.46204054 1.06216383
    1.28153288 0.878857732 1.28224242 1.45188153 0.737498045 1.58955705
    1.15850651 1.47908735 0.755977392 1.62639272 0.861485958 1.08663797
    1.05400133 1.16085768 0.828359544 1.26379931 1.18799686 0.917291999
    0.991076231 1.54024231 1.04619777 1.52511764 1.14442527 1.57573617
    1.0744015 1.39726567 0.809209943 1.60969126 1.04733539 0.820107639
    1.1489408 1.25199664 1.28543556 1.6788187 0.941624522 0.973136842
    1.49669015 1.06511199 1.55974758 0.808739185 0.672296643 0.759105206
    0.712337375 1.55435574 1.03992045 1.46174991 0.893343151 1.66622233
    1.61971462 1.53817523 1.4607532 1.28328955 0.773031831 0.986747205
    0.940402091 0.783102989 0.98451829 1.6902976 1.38998163 1.15973067
    1.52167106 1.17622578 1.54454756 0.913728535 1.27654624 0.814367533
    1.04242611 1.7042954 1.37229884 1.67362404 1.44890988 0.774596155
    1.16898525 0.809312046 0.738967001 0.732514203 1.48648274 1.29295611
    0.92136091 1.27964234 1.56774116 1.03740501 0.949452043 1.17652297
    0.709854007 0.778398633 0.807593822 1.18365788 0.956192672
    1.58341038 1.56112278 1.64472592 0.926944494 1.31323063 1.35016119
    1.65136123 0.883342505 1.47538972 0.77389133 1.69989431 1.61181962
    1.50547206 1.06690645 1.11409831 0.948133111 1.23912501 1.49670219
    0.918441415 1.65972102 0.852726758 1.56591105 1.08086991 0.985836506
    0.865042508 1.13645566 1.01596391 0.92889595 0.827935159 0.828061402
    0.858628988 0.901108265 0.783741891 0.874632657 0.919597447
    0.902994871 1.43766081 0.797044516 0.819528222 1.51023185 1.61375701
    0.999435663 1.07316613 0.818561435 1.61680913 1.0116657 0.78315264
    1.30220294 1.61385703 1.09062183 1.1856885 1.56123221 0.942399502
    1.12413359 0.713338435 0.687438011 1.51719964 0.81788224 0.885406494
    1.24519539 0.860416412 0.732276857 1.5318253 1.04896569 1.0690583
    0.798139334 1.57648027 0.842974782 1.21658993 0.916335464 1.38136089
    1.52550471 0.792180181 1.33450353 1.08844531 1.06958628 1.28184068
    0.969117165 0.95390147 0.708935738 0.994131923 1.01268482 1.51598239
    1.33285308 1.54898751 0.976171553 0.93046993 1.036291 1.47735369
    1.39492488 1.571365 1.68463135 0.937809944 0.952254891 1.52326226
    1.47752905 0.985830307 1.07113779 1.24064219 1.11871397 1.31567335
    0.944353342 1.54508889 1.23909581 0.770166159 1.57679617 0.806465328
    0.751389503 0.970264375 1.65117359 0.721531093 1.44996858 1.01833415
    1.42361712 1.13784647 0.756034732 0.522823274 1.09913278 1.34219682
    0.765705347 1.32804692 0.830024004 1.43375981 1.35140467 1.62008965
    1.17109668 1.48776877 0.780426502 1.2117126 0.860681593 1.26111352
    1.4706769 1.63377059 1.57306814 1.61495972 0.748274028 1.29959023
    0.739709854 1.24160266 1.4566946 1.66814065 1.44519413 1.50774336
    1.4326731 0.760557532 1.33683956 1.62432516 0.950868428 1.11368716
    0.723676324 1.57308531 1.09962916 0.697901666 1.2668047 1.30581319
    0.970340252 0.869747281 1.31755793 1.49861205 1.12901592 1.54228818
    1.43576252 1.06063676 0.819770813 1.68579531 1.52171052 1.59157813
    1.53535974 1.52129245 1.67249632 0.993185878 1.20682395 1.37148702
    0.834746778 1.05256927 1.3643266 0.966216803 1.09652746 1.64637697
    0.885549843 1.08379316 1.14361596 0.810770392 1.51351333 1.52408481
    1.50691903 1.06564021 0.99025619 0.717750371 1.29070652 0.828274012
    1.40662551 1.13636792 0.99516511 1.48155332 1.69326055 1.63962007
    1.10438967 1.57319093 1.24960661 0.948710978 1.07132447 1.01292717
    1.08636105 1.47658873 1.30252349 1.27186394 1.54494941 1.38197851
    1.53390896 1.57673967 1.1130904 0.924777031 1.25623703 1.09617424
    1.17344546 1.56980217 1.11794269 1.24239135 0.954514802 1.64845634
    1.2252537 1.12530041 1.49996746 1.41722941 0.955052555 1.01313019
    0.979571402 1.27774918 1.48818147 0.737190425 1.47131538 1.49648106
    1.42993617 1.46098435 0.751532376 1.18594563 1.60509872 1.20337594
    1.59782279 1.69852996 1.15493941 1.10716188 1.37355459 0.861195862
    1.29439914 1.23933518 1.11832845 1.48706055 0.992848337 0.898339987
    0.829900682 0.693300843 0.813304603 1.41477513 1.14571655 1.28198743
    1.49284434 1.36182857 1.20131528 1.24581921 0.775808334 1.09605742
    1.21852958 1.24305975 1.00342751 1.27049136 1.21118748 1.67362845
    1.23348749 1.02337372 0.879932761 1.42379022 1.11822772 1.65978682
    1.62655377 1.08401167 1.1597451 0.813327789 1.61615968 1.41967261
    1.59279132 0.929034829 1.12605119 1.51438165 1.61934626 1.62814653
    0.788833201 0.804340005 1.32484293 1.44464338 1.50400448 1.62515283
    1.02705812 1.38048577 1.60994327 1.36435938 0.921014905 1.07676923
    0.750668705 0.738280237 1.16132367 1.51084208 1.55045414 1.06486917
    0.880321503 1.52938306 0.826271832 1.05148554 0.840236366
    0.650994897 1.08607924 0.878254294 1.60895312 0.788180649
    0.752962589 1.46133411 1.14254737 1.12549603 1.34225547 0.993093133
    1.31199372 1.1413188 1.06940782 1.0799911 0.777085304 1.72320366
    0.941431522 1.0246464 1.02660894 1.16431022 0.809720159 1.30908453
    1.12001932 1.26408803 0.843499303 1.43730104 1.60305047 1.54790151
    1.4274317 0.782654226 0.994024873 0.809912622 1.47335398 1.62223911
    1.05685723 1.02541173 1.28970242 1.16273415 1.12992656 1.22901535
    1.48884499 0.887668192 1.49291444 1.45235693 1.07850289 1.47762871
    1.42588353 1.03541422 1.00417626 1.28186333 0.76303339 1.08570278
    0.766937077 0.822605312 1.04815793 1.70963979 1.21588039 1.15240431
    1.16763759 0.743638039 1.11962581 0.46805796 0.903918087 0.516867042
    1.11704636 1.34321582 1.3179481 1.54144788 0.87612009 1.57489669
    0.896557093 1.33969831 1.11194789 0.793073833 1.2926842 0.757053614
    1.50277805 0.900529861 1.27082407 1.47220922 0.73166281 1.06633162
    1.65535426 0.885819435 1.23174143 1.08504081 1.23706126 1.27173316
    1.69178069 1.13178575 1.49190438 0.865511656 1.48802805 1.16003215
    0.824285626 0.782045007 1.27607393 1.21752048 1.05510318 0.983410299
    1.21167207 1.51838255 1.12737799 1.0816915 0.887378514 1.29609656
    1.55941129 0.865720153 1.00815749 0.823749006 1.04127669 1.57091045
    1.24974895 1.22906685 1.60236204 1.62222326 0.885219038 0.921245456
    1.17048419 0.976964474 1.20376503 1.21947992 0.876775622 1.06019509
    0.940771282 0.713850021 1.26688349 1.58887255 1.27372062 1.18687201
    1.30102515 1.36475813 1.57548773 1.41397583 0.832606733 0.723540604
    1.35100973 1.68943834 0.940915883 1.61352146 1.1549015 1.60365343
    1.20135689 1.43437505 1.49563205 1.12058008 0.745340824 1.28080153
    1.61715186 0.874204993 1.08183265 1.59713101 1.58590436 1.54624224
    1.46384549 1.67590904 0.916453242 1.45559168 0.693609834 0.981288135
    1.09921551 1.4423759 1.17744124 1.20704532 1.35131228 0.815267503
    1.5877887 1.60472536 0.810034156 1.10805213 1.63522673 0.742573857
    0.750481367 1.65459633 0.988325596 0.834924757 1.24200153 1.40864158
    1.19505882 1.22246063 0.718477011 0.765717268 1.63977849 1.1008811
    1.07029903 1.09630239 1.04218948 0.871115386 1.39616656 1.23093724
    0.816814005 1.60127091 1.28443408 1.56976116 0.893328547 1.55070662
    1.30177593 1.63718891 0.809975743 0.736709654 0.77226311 0.998713493
    1.66203225 0.732292175 0.953560412 0.767527819 1.1362232 1.36169112
    1.37760067 1.51619542 1.34095716 1.15214729 1.43106616 1.41191459
    1.59112418 1.49025607 0.999157608 0.8946715 1.68205023 1.05313599
    1.33531415 1.60073376 1.39456093 0.797163665 0.736206591 0.974435568
    1.14563692 0.899201155 1.24387717 1.53965318 1.16392183 0.92793417
    0.969931901 1.53451943 1.39435923 0.776466727 1.12673402 1.34356427
    1.33144617 1.2407819 1.22560894 1.50353789 0.757811248 0.725513756
    1.14862156 1.0809052 1.58094788 1.32499504 0.823090971 1.13642251
    1.29827011 0.904230535 1.12056124 1.46760762 1.56656849 1.23663282
    0.936285913 1.49353647 0.798592567 1.27565944 1.64236784 1.27680361
    1.43456769 1.46853173 1.30144715 0.986955047 1.48160338 1.0186336
    0.971451819 1.13162684 1.2730763 1.36876082 1.07273173 1.22485948
    1.43889189 1.15190125 0.740387559 1.19723809 1.15146947 1.62170136
    1.16762352 0.741693377 1.32596648 1.58318853 1.5479579 0.905246854
    1.57510126 0.882337689 1.42553115 1.64156222 0.920979202 1.0311923
    1.31899858 1.1857338 0.938696325 0.73443234 1.54661834 1.29924464
    0.878433704 1.23042345 0.719840825 1.39828873 0.752250314
    0.901604652 1.43547964 1.57779324 0.910133243 1.35061753 1.48167837
    1.0331707 1.20281827 1.59173846 0.886548042 1.16276371 0.995659113
    1.05460978 0.707230151 0.859585166 0.548826039 1.18582964
    0.657732964 0.797388673 1.34155989 1.26868236 1.42939425 1.44908571
    1.5381155 0.920546651 1.39151752 1.34163272 0.975193322 1.53153586
    0.986654639 0.980262876 0.91411376 1.40155041 1.04050446 1.53981602
    0.721373916 1.22638881 1.64555478 1.46443272 0.910074592 1.71273172
    1.2524128 1.25115728 1.02008867 1.22359073 1.49570501 0.760068059
    1.55178547 0.708139002 1.30912912 1.53396845 1.4402796 0.804394484
    0.851969957 0.77167058 0.768976808 0.699944496 0.721265912
    0.743999839 1.27970672 1.61014068 1.57711864 1.42184579 1.04692209
    0.866323054 0.906024635 1.51433933 0.835867524 0.997880042
    1.51602852 1.38585353 1.48834193 1.51258945 0.769623756 1.30258799
    0.996163905 0.855753779 1.33056104 1.22563255 1.01385307 0.747686982
    1.46742094 1.07324195 1.54562712 0.901762724 0.908879936 1.44192433
    0.708444238 1.57473612 1.65007138 1.15639603 1.06309891 1.32462656
    1.7292887 0.909044087 0.843736649 1.50965405 1.52423978 1.21134949
    1.01252294 0.723496556 1.1124506 1.02913666 1.46930265 0.944930673
    1.3262217 0.95399493 1.00907123 1.65294492 1.31055903 1.27085614
    1.36508477 1.42034423 1.10470688 1.26726568 1.34300601 1.14375675
    1.63839936 1.43504 1.69720364 1.33321965 0.947209895 1.32804811
    1.611835 1.4434309 1.66168249 1.42877352 1.54778576 1.60959744
    0.7680583 1.3143903 0.879056275 1.30661368 1.57622612 0.723091125
    1.06024361 1.36160302 1.12626219 1.701141 1.18491256 1.49380493
    1.07757998 0.825284421 1.10726678 0.948083341 0.97838217 0.708081186
    1.47990811 1.22929418 0.809018075 1.53016293 1.00601697 1.53824914
    1.35764039 1.45991254 1.29139483 1.59695029 0.964063883 0.760733902
    1.29504728 1.58360732 0.848974705 1.71348596 1.15543592 1.05586982
    1.74503577 1.21865273 1.15158522 1.21923041 1.60432482 1.36159134
    1.6821878 1.53491402 1.15580738 1.49801207 1.25359809 0.913500249
    1.69507575 1.00236034 1.36638284 1.4074893 0.70897609 1.18220818
    1.44657993 1.08938265 1.59271133 1.40298927 1.05372679 1.43425822
    0.825321972 1.21923113 1.21031654 1.54859221 1.26917446 1.6190114
    1.60997415 1.61539471 0.840353906 1.25816894 1.57610476 0.915341914
    1.02813137 1.06445622 1.40090978 0.832139134 1.31919146 1.10122097
    0.851040244 0.800132573 1.58861184 0.66508466 1.35019994 1.07858419
    0.798292518 1.1353631 0.995292306 0.711668432 1.00672138 1.16482413
    1.44538379 1.323717 1.3400526 0.868781984 0.990293622 1.52690935
    1.36195374 1.18383241 1.67593384 0.842474163 0.906268656 1.40549314
    1.45914757 0.948767841 1.47262979 0.926733971 1.24305296 1.36621416
    0.722704053 1.60046721 1.2586441 1.16466331 1.18806672 1.63846064
    0.961952925 0.889177322 1.18793905 1.21799922 1.60119367 0.966899812
    1.49684775 1.53365612 1.57515574 1.43074191 0.956448853 0.953818202
    1.30569887 1.44863725 1.36973596 1.41776085 1.46267807 1.67445087
    1.62310326 1.3229444 1.70105255 1.11964297 1.41522801 1.60049319
    1.14195514 1.22130632 1.25790977 1.23097527 0.471695989 1.37515283
    0.966695786 0.674710691 1.53419948 1.0525409 1.40522707 1.36713028
    1.09251845 1.08291793 1.68750465 0.775272489 1.61956477 1.16808951
    1.27267551 1.07967854 1.46637988 0.930870533 0.768840373 1.02249277
    0.87601918 1.33773458 0.766438723 1.30898321 0.755338609 1.70704591
    0.984938681 0.806093812 1.10044599 1.50041306 1.41919744 1.61749482
    1.18240738 1.53856444 0.720258236 0.967921019 1.18127871 0.957849145
    1.35882449 1.5420711 0.740457237 1.01287127 0.932530224 1.57674813
    1.5561142 0.89251852 1.17220485 1.6151228 1.33959591 1.40380096
    1.37598443 1.09143507 1.28283536 1.25137985 1.19054997 0.884358943
    1.56203163 0.865901351 1.61606705 1.086882 1.12748265 1.05199111
    1.59583318 1.28303039 1.49133372 1.27022636 0.689014673 0.984149516
    0.84627986 0.830811083 1.50449312 0.839884818 1.34952962 0.818464279
    1.63187802 1.06338632 1.47243416 1.12229633 1.22086549 1.30861723
    1.18806219 1.5160203 1.60719991 1.36963189 0.914723754 1.08341372
    1.09163785 1.01389992 1.31467628 0.808208287 0.693336189 1.24463654
    1.26846981 1.2216233 1.23588109 1.56360471 1.11523402 1.6000309
    1.35780323 0.936564445 1.12108254 0.931419134 1.15242398 0.834530532
    1.41912079 0.95500952 1.37016988 1.32618093 1.28920197 1.10371697
    1.13813472 0.839757442 1.14952767 1.10338354 1.54047012 0.998795986
    1.34589684 1.47139764 1.46059561 1.67256713 1.40930045 1.42825186
    1.21765876 0.798338473 1.42730141 1.56309605 0.775994122 0.738247395
    1.36737204 1.44509351 0.840329647 1.34850085 1.36644125 1.28731108
    1.05987966 1.23524654 1.04522789 0.753231823 0.868236899 1.45707595
    1.54174697 1.49919498 1.01213646 1.01011205 0.789796591 1.48222959
    1.37454224 1.2948724 1.63401294 1.58702946 1.37804294 1.27368975
    1.30067313 0.871622741 1.36486161 1.08795881 1.29587948 1.06501555
    1.03323352 0.884944558 1.40604329 1.41921258 1.61942959 0.88996166
    1.19365919 0.79323405 1.56177485 1.43798745 1.309093 1.01504886
    1.10189772 0.956539989 1.1069504 1.44578481 0.878590882 1.5898788
    0.8932271 1.52145946 1.65201402 1.57348764 1.21105814 1.05018723
    1.54197216 0.787992239 1.68727636 1.59962428 0.994357228 1.55218506
    1.45773363 1.12883985 1.20906115 1.62519729 1.08970356 1.22048628
    1.208004 1.43295026 1.00485027 0.738578141 0.809522808 1.54589951
    1.40085948 1.48437274 1.27474034 1.21722877 1.21048617 1.03565562
    1.60174513 1.50541329 1.34758508 0.977134168 1.53362286 1.62809443
    1.20295537 0.824436784 1.38900352 1.19630885 0.791584432 1.43608773
    1.29723072 0.789459944 1.18824518 1.28752649 1.30906153 1.50153947
    0.743956447 0.948513925 1.29125035 1.06597722 0.895925224 1.29094481
    0.896392047 0.831881046 1.4300009 0.842185855 1.09026551 0.713788331
    0.724536538 1.26878941 0.970326602 0.889315426 1.00062871 1.00418985
    1.61582351 1.58500206 1.36825705 1.54214382 1.391325 0.915796101
    1.30782747 1.68100715 1.42892003 1.54873371 1.09836006 1.21436501
    0.868717909 0.594355166 1.31818628 0.831066728 0.47741574
    0.551220298 1.10342979 0.80718255 0.822619796 0.836880922
    0.943045795 1.51054287 0.780160546 1.24865377 1.10340226 0.941040635
    0.92970407 1.16210639 1.18942046 1.01595604 1.19442463 1.54155028
    1.48498201 1.13514221 0.754263222 1.49750006 1.60324776 0.812323272
    1.40721262 0.95091778 1.47437012 1.29858756 1.59379756 1.44192588
    1.31323826 1.61615908 1.22601295 1.04995489 1.1266619 1.50010121
    1.49461794 1.40624523 1.00832808 1.47305274 0.715983391 1.65767074
    1.55681896 1.54106176 1.50586605 1.63103604 1.28796601 1.09435105
    0.958243787 1.06180751 1.61931181 0.930945992 0.970588028 1.38389051
    1.16338265 1.10223293 1.70005298 0.863788426 1.36984372 0.948398292
    1.52617407 1.28874493 1.13641942 1.35756195 0.929695189 0.882814646
    0.827706873 1.18670225 0.884286284 1.67168987 1.53961778 0.821868002
    1.47474039 1.59535873 1.53663027 1.32125092 1.3337177 1.18106484
    1.03724265 1.62084675 1.68752027 1.03835797 1.23831892 1.22107828
    1.03990853 1.38225484 1.47373033 0.885153592 1.01557398 0.748554945
    1.58988118 0.778330564 0.728459656 0.993246496 0.85995841
    0.932149887 1.02063882 1.51326418 0.827694595 0.737352371 1.06629169
    1.60399568 0.912065387 1.25736284 1.67706156 1.23915088 1.11123753
    0.717253208 1.65751779 1.57595134 1.31678271 1.1051712 1.23868895
    0.805000484 1.57748032 0.771266699 0.887230456 1.62428272 1.68182755
    0.960247636 1.6099838 0.711401224 1.28725946 0.801862001 1.02540898
    1.03544843 1.60724795 1.46887076 0.917684555 0.690136254 1.36027718
    1.14088321 0.927529812 0.837133229 1.56147265 1.34416854 1.66218507
    1.32998931 1.08782768 1.50317943 1.6309526 0.803740859 1.30639005
    0.913524568 1.44998085 1.13520777 1.00522947 1.53189731 1.40773809
    1.01744568 1.38336134 1.40499449 1.50548768 1.04207206 1.70335329
    1.58311081 0.9105829 1.03215921 1.66764569 0.854604065 1.19741189
    1.39730811 1.59373415 0.825177073 1.14817739 1.21629071 1.59979761
    1.16593015 1.02017188 1.40745854 1.4675082 0.893975258 0.730085075
    1.29825115 1.47680509 1.30939484 0.709635615 0.764422178 1.00682926
    1.42261779 1.04828441 0.821295083 1.20574605 1.15972483 0.897972167
    1.4292438 0.790556788 1.45256031 1.25661683 1.52151155 0.959918082
    0.99821496 1.10761011 1.18184185 1.2909472 0.993476748 0.984586179
    1.08382428 1.50925732 1.00417137 1.61679494 1.31932223 0.830892563
    1.59103501 1.56554437 1.31554651 1.24054408 1.38820744 1.45851755
    1.20472932 0.69299078 1.4254849 1.33679044 0.955459476 1.24344993
    1.64277625 1.05136824 1.17330611 1.62275922 1.29275882 1.38736844
    1.02176738 0.935277939 1.29171228 1.30637288 0.947702229 1.5029285
    1.63661444 0.954551458 1.61093938 1.4682337 0.992783248 1.22115207
    1.54477286 0.940317988 1.00887167 1.27247143 1.57791555 1.6352706
    0.753827095 0.84181726 0.764846385 1.65876627 1.71874726 1.61433828
    1.22860849 0.852624774 0.825650275 1.39304674 1.33753014 1.0298636
    0.67933917 1.41944671 1.01251638 1.33701324 1.17312288 1.01791608
    0.67909658 0.675930083 0.685657382 1.26614928 1.38566184 1.49274111
    0.80821389 1.51640224 1.39715803 1.17052031 1.30330944 1.43421876
    0.747555912 0.814035177 0.994486749 1.5263952 0.767229378
    0.762426555 1.58371627 1.05347252 1.41252339 1.6504544 1.41016865
    0.77601254 1.69164121 1.33212876 1.19826853 1.54119945 0.962628305
    0.946253181 0.959661603 1.2351197 1.12388849 1.65458035 1.59907162
    0.805668175 0.818906128 1.30438447 0.844428778 1.0196768 0.786030531
    0.886996329 1.62392473 1.0357933 0.938371956 0.925581813 0.7535882
    1.43231583 1.27121925 1.49540877 1.37389112 0.733664989 0.766763031
    1.62023497 0.855787754 1.60473323 1.63812637 1.67037952 1.04174769
    1.57587671 1.10111356 1.09058058 1.41369712 1.55906999 0.848328769
    1.49760509 1.49487209 1.48179364 1.38942015 1.5524621 1.36979592
    0.947948158 0.965003073 1.57381415 0.949015439 0.964656174
    0.869079173 1.51095295 0.838014007 0.957585394 0.842426479 1.0472703
    1.07160866 0.831976593 0.812608659 1.18657875 0.777970493 1.51452553
    1.13182747 0.973898351 1.58008623 1.4847405 1.29001904 1.01386499
    0.874315202 1.34080625 1.49894333 0.793823957 1.2417779 1.64429545
    1.02403009 1.57883871 1.2126919 0.865824997 1.2648443 1.28910995
    1.31268048 1.46476126 1.20172811 1.37171876 1.4319247 0.95881331
    1.0348233 0.742491603 1.29899776 0.967137396 1.52014959 1.32590425
    1.376688 1.48402286 1.49279737 0.788493395 1.44313467 0.760787487
    1.06980026 1.32584476 1.22244287 1.18362665 0.974147439 1.38068771
    1.00217557 0.94966805 1.62428987 1.5006299 1.54811752 0.819687724
    1.51930964 1.09272909 0.888588846 1.01187098 0.89667064 1.00657976
    0.735183954 1.03768003 1.57060027 0.879891515 1.1921649 0.827462137
    1.31390762 0.918671012 1.67729139 0.828411937 1.5222559 1.16857481
    0.927059948 1.5162183 1.22276855 1.14970016 0.985823572 1.20889795
    1.6782403 1.45861566 1.24510622 1.41039538 1.31185925 0.89687103
    1.55120492 0.972373366 1.41986787 1.42361045 1.60705996 0.922565162
    1.53973496 1.32686841 1.20070755 1.03129756 0.83300364 1.53719807
    1.15988457 1.40624261 1.68666899 0.791494906 1.22928846 1.37795603
    0.791878343 1.19095814 1.29547918 1.50107372 0.815852046 0.760576308
    1.05008078 1.64101112 0.712963104 1.22423339 1.38212168 0.990982831
    1.2144146 1.2860384 1.08733761 1.55312574 1.50132394 1.66168892
    1.38629568 0.877448618 1.68710721 1.28734291 1.48756421 1.50355339
    1.46856737 0.841890156 1.54071271 1.58898234 1.13383996 1.04860973
    0.99815917 1.04545474 0.652865946 1.01847708 0.758121192 0.81011796
    1.50327337 0.865852296 0.719345927 1.18029177 1.25571179 1.16885936
    1.30087221 1.4627552 0.999057055 1.11054504 0.932247341 0.896738648
    1.34490883 0.701874733 1.04027689 0.893586814 1.01912546 0.901809216
    1.37098801 1.33942771 0.84430933 1.00622261 1.48572671 1.61185956
    1.19086707 0.963595808 1.4768548 1.18686903 1.47209191 1.28826189
    0.790427387 0.913730741 0.602650583 1.07698679 1.31311572 1.15506923
    1.1231941 0.613827765 0.619975448 1.41544259 1.21052873 1.03035152
    1.24581718 1.17383385 1.36347795 1.40656769 1.26668632 0.93803668
    0.708424151 1.46096838 1.48116004 1.64263749 1.51766527 1.37618601
    1.5002327 0.787644207 1.41964924 1.26604831 0.851948261 1.46746695
    1.34011197 1.2526195 0.84250927 1.27831101 1.16418326 1.17743242
    1.38578606 0.849625587 0.797156215 1.09892929 1.3649863 1.05541456
    1.68029404 0.9171229 1.4212625 1.45401788 1.3653518 1.56351972
    1.08622921 0.983498573 1.06095111 1.64805031 1.0206089 1.17597246
    1.07362187 1.50206351 1.67845428 0.978001952 1.42201829 1.16178012
    1.1102829 1.03036571 1.53908074 0.9606179 0.81742835 1.59036565
    1.1867131 1.38286018 1.39251304 0.669369996 0.681890726 1.08720982
    1.37297761 1.49259174 0.718842447 1.24388587 0.792363942 1.40638924
    1.27261484 1.67768741 1.36604512 1.38204181 1.58433163 1.36154115
    1.56952739 1.46958101 1.03238094 1.32931066 0.901929438 0.864224672
    1.62410474 1.55101717 1.35100317 1.17682362 1.20724583 0.764062703
    1.08620059 1.18128824 1.27782083 1.44026172 1.3832643 1.51565933
    1.14042592 0.966442466 0.822506964 1.10566914 1.55008149 0.86716795
    0.737961948 0.987868547 0.852441251 1.28151417 0.95378828 1.56071782
    0.759325206 0.7135185 1.09850514 1.49070668 1.00736439 1.39315307
    1.06122994 1.56838274 0.892717719 1.33878481 1.11181736 1.35329366
    0.930208027 1.27463007 1.52560377 1.31965089 1.40945137 1.52768397
    1.11237907 0.768645406 0.823127925 1.10639369 1.6794399 0.99041158
    1.15469277 1.11387646 0.866736412 1.06418204 0.757067621 0.730340064
    0.922516167 1.50841582 1.10681736 1.435148 1.04675066 0.962617218
    1.01896608 1.18948352 1.10679209 1.60593688 1.2607789 1.14005756
    1.17527509 1.30323648 1.68203795 0.769092441 1.25335836 0.724588573
    1.22168994 0.842044473 0.983150423 1.59563756 1.00195503 1.64555812
    1.48448968 1.36417162 0.837411404 0.785762846 0.863387108 1.65914953
    1.62431765 1.05963004 1.04676962 1.02082729 1.47092903 1.56185651
    1.18367469 1.09839094 1.64428771 1.28823996 1.02259648 1.433056
    1.11852598 1.27584791 0.915846765 1.41846335 0.841429055 1.52930236
    1.38093126 0.706677198 0.911326766 0.914353192 0.722101212
    0.907210708 1.28116977 1.56569636 1.0267601 1.25975561 1.01769221
    1.6334455 1.3391912 0.877991617 0.701076686 1.66308892 1.33598077
    1.60955358 0.910001278 1.26816678 1.55559742 1.10904384 1.32852542
    1.01067507 1.40660667 1.20956421 1.31627953 1.21433866 0.687446594
    1.28156388 1.43244982 1.46175289 1.64822769 1.59634006 0.730869412
    1.64009225 1.11073303 1.11762691 0.827479422 0.889836669 1.14615476
    0.896035254 1.49994719 0.832800746 1.39479744 1.17687607 0.960328221
    1.31594014 0.821247458 1.11310434 0.885461271 1.58474195 1.35656738
    1.69053042 1.67578697 1.25003397 1.68518305 1.3795625 1.11406314
    1.4655118 1.18951535 1.02068639 0.970394909 0.637359977 1.21566093
    1.02596188 0.693686485 0.842969716 1.03013277 0.597154379
    0.696205556 1.05336642 1.10617244 1.5644325 1.53813112 1.41960752
    1.4618119 0.944495261 1.47213161 1.42768228 0.717298031 0.804821789
    0.842819333 1.28535736 1.03637743 1.19023919 0.797453463 0.834376514
    1.26420963 1.47073293 1.60093844 0.911475897 0.845737398 1.31730163
    1.4631232 1.3563329 0.789559364 1.05653417 1.65963125 1.51349795
    1.63478148 0.972565651 0.751799762 1.58775353 1.00624728 0.7363711
    1.05175388 1.39660442 0.880838692 0.913655639 1.19899619 1.32198131
    1.18763542 0.799028933 1.14601743 0.906520844 1.21229875 0.955427587
    1.39162791 1.50599885 1.41760242 1.58014488 1.1995734 1.70667434
    0.962814689 0.950328469 1.31410408 1.65248489 0.915540695 1.25971889
    0.870754957 0.68588531 0.909232259 1.42628646 1.57521439 1.21723413
    1.33140159 1.494753 1.55726659 0.793257296 1.16329801 1.3510282
    1.59578884 0.886372507 1.46518147 1.64238977 0.863003671 1.46328545
    1.40839529 1.15975261 1.34010136 1.02822459 1.5245831 1.07359385
    1.18944299 1.10161197 0.94830513 1.24451077 1.46051574 1.55625844
    0.696183741 0.967171907 1.22845209 1.38045406 1.31508303 1.00143003
    1.11582255 0.703608513 0.763485849 0.863242686 1.55957139
    0.965548933 0.781774402 0.753087938 1.06717396 1.43377829 1.16905451
    1.00399065 0.926897824 0.86209172 1.3721056 1.33664703 1.24112594
    1.03367198 0.763526857 0.883580804 1.20848644 1.53200018 1.08782554
    1.59365976 0.973994374 0.903950751 1.4174093 1.38296688 1.09112751
    1.01140928 1.3097682 1.68390036 1.33100975 1.4032979 0.711389661
    0.751831055 1.45751941 0.896875381 1.6592859 0.932497025 0.952327907
    0.729066789 1.53729761 1.09592712 1.35323608 0.962687135 0.828280091
    1.68995452 1.58284009 1.59457028 1.09910345 1.41398489 1.46297216
    1.25005698 1.33109593 1.52986133 0.783459425 1.32044613 0.991721869
    0.732104361 1.23926234 1.52380514 1.22956657 1.64531326 0.810307205
    0.899499595 1.00857842 1.38312125 0.866372108 1.19297493 1.7100662
    1.68070447 1.69329596 1.42875123 1.58703256 1.36429143 1.09147573
    1.05301487 1.25903726 0.989326119 1.49641645 0.872964978 1.33217657
    1.50126708 1.36336434 1.47289503 1.43992305 1.02698541 0.732295096
    1.03567004 1.18358386 0.868996322 1.15436769 0.865374744 0.925255656
    0.730627298 1.35235322 0.878801405 1.01229548 1.01314139 1.21190035
    0.848359108 1.14423811 1.60594666 1.56182849 1.18143225 1.53554118
    0.746479094 0.89147222 0.866811693 0.716886222 1.31815338 1.24802351
    1.59393847 1.24992096 1.36253583 1.03487086 1.62761378 1.06586599
    0.740481555 0.760892689 1.61489308 0.674928963 0.697796524
    0.835532308 1.4481777 1.02753532 0.676440835 1.23829281 1.45892215
    0.90522182 1.40479493 1.31439877 0.917141378 0.955287158 1.13197637
    1.45357513 1.49211228 1.13476813 1.19752538 1.44410467 1.05344009
    1.11136246 0.988709092 1.4795326 1.31964171 1.23158455 1.15364945
    1.2006197 0.826846898 0.852884412 0.943212032 1.62172341 1.45049286
    1.14534688 1.31668389 0.926433086 0.803359866 1.28254724 1.1779592
    0.897473574 1.28738034 0.906350136 1.48748589 1.2502563 1.52541876
    1.26393092 0.777290761 0.826241195 1.23713446 1.06163931 1.40549016
    1.52750874 1.55273342 0.783925176 1.02206767 0.68873775 1.50780618
    1.57651722 1.2478261 1.12908244 1.27038133 1.15422034 1.04677486
    1.1055032 1.00235641 1.02837765 0.895306706 1.30397892 0.960044146
    1.5184803 0.830980837 1.01033878 1.5427531 1.20624185 1.58037162
    1.66744637 0.734072685 1.05228114 0.869085193 1.0825367 1.64681172
    0.860432565 1.41270888 1.03442669 1.03708315 1.64911473 1.62384403
    1.63011527 1.63987637 1.42388594 1.03295422 1.2000581 0.721107364
    0.717335463 1.07219172 1.21051216 0.985036373 1.49268019 1.26015329
    1.11095846 0.696853995 1.50564492 0.804430485 1.1780411 0.780485094
    0.985173523 1.51167512 1.3268919 1.23728442 1.1500603 0.844501078
    1.09485877 1.59804142 1.31327069 1.42194104 1.26059079 1.59218955
    1.48802626 1.27048945 1.67456114 1.46830475 1.52503335 1.10718906
    1.08439815 1.66977048 0.986809134 0.668422937 1.64325809 1.15635514
    0.78739661 0.875279129 1.23027134 1.31181121 1.12875319 1.03125608
    1.38780344 1.06713617 1.68190086 1.5341208 0.759210527 0.929221332
    0.873021603 0.834776163 1.53120852 1.43399727 1.57489455 1.027179
    1.53971124 0.752001226 1.35538399 0.8817873 1.19605958 0.707072139
    1.46816814 1.56743455 1.09947479 1.34575593 0.785821915 1.3484962
    0.838876128 1.46344459 1.08391404 1.42811942 0.853818834 1.461568
    1.69910061 1.11809862 1.57303965 1.55058002 1.33628595 1.38880706
    1.07531059 0.927234352 1.21727824 0.884634018 1.06236553 1.03831291
    0.983290076 1.16929066 1.07542503 1.06341481 0.715882301 1.50838172
    1.65386927 1.37969613 1.47424996 1.32199359 1.07469332 1.46941006
    1.51820815 0.844120502 1.64365292 0.772799253 0.894672155
    0.728044927 1.27874923 1.29320073 1.26031923 1.23998225 1.2056787
    1.06206858 1.57228315 0.98121208 1.08438134 1.04702127 1.60817623
    1.27150226 1.49884367 1.67120719 0.975453675 0.854373693 1.57752252
    0.919380605 0.836782873 1.41731822 1.34486449 1.69218254 0.872916698
    1.12706327 0.873091042 1.62364483 1.46054268 0.781863809 1.51861894
    1.1185838 1.68871427 1.38377559 0.731985629 1.64582193 1.53923213
    0.924761415 1.36273134 0.762218416 0.825869203 1.35737419 1.32827497
    1.22595537 1.51428592 1.2354697 1.08082962 1.66974306 0.957224011
    1.08452857 0.92161572 0.794779539 0.813110352 1.12769651 1.10993052
    1.39270949 1.09854686 1.39866805 0.782466769 0.753672421 0.93434602
    1.28515339 1.0344851 0.954677284 0.999036193 0.984351635 0.835263073
    0.88782388 1.42801321 1.00425327 1.41642487 0.714104116 1.25618815
    1.45575953 1.19330442 1.40181363 1.13129771 1.16269326 0.9563815
    1.0041616 0.950477362 1.34301126 1.30822301 0.855915666 0.977163613
    1.11181438 1.45002747 1.05482674 1.20290565 1.09988582 1.11951423
    1.03637838 1.47438669 1.24510932 1.47117627 1.39746761 1.10562944
    0.902525663 1.08515823 1.08522499 0.808035553 1.32461917 1.2581048
    1.41984987 0.697660089 1.53439116 0.881159425 1.57173955 1.46168292
    0.927458286 0.89016968 1.50383449 0.853892267 1.10846639 1.25022578
    1.63145483 0.814181566 0.994206309 1.6770072 1.08283484 1.56890428
    1.60741436 0.824823141 1.56259024 0.817935288 1.44148159 1.56640351
    0.863667071 0.814011812 1.02746964 1.22338378 1.57529342 1.65187597
    1.52902746 0.758315146 0.971243441 1.66398907 0.740609705
    0.726470351 1.57358849 1.55617487 0.793057919 1.53856039 1.17860365
    1.31290209 0.793570697 1.67879951 1.28761673 1.01878428 1.43741548
    1.4082607 1.435323 1.16555297 1.07928205 1.2317872 0.847309828
    1.156394 0.954293609 1.3287214 0.792203128 1.0034585 1.00152183
    1.57462025 1.5518856 0.872273684 1.27166498 1.51191258 0.703690648
    1.05286598 1.38847613 0.949974835 0.924589574 1.26825488 1.67772853
    1.13878989 1.00644684 1.67715204 0.778663695 1.22773707 1.39685142
    1.09402192 1.5638144 1.56127071 0.934963882 0.802182376 0.930096328
    1.27817583 1.28097522 0.924633741 0.734857559 1.03080559 1.62509787
    1.12013721 1.56853962 1.39611149 0.790069938 1.2524271 0.786639631
    1.22913635 0.870079756 1.53310764 1.49117875 0.843008399 1.63310969
    1.17136908 1.31859899 1.51919913 0.945752144 1.08998775 1.60254979
    0.976615131 0.828309178 1.13681161 1.59108198 1.42688048 1.46506691
    0.9129619 1.59536099 1.06165707 1.56013072 1.19351816 0.8349545
    1.47878802 1.15122569 1.27875638 1.10118043 1.03345621 1.31831789
    1.00394917 1.41693687 0.9058792 1.34500802 1.57025397 1.12342095
    1.46156132 1.2184217 1.02101576 1.12502468 0.987948775 1.05847824
    0.844062984 1.2996496 1.02243292 1.43579566 0.861894667 1.38594592
    0.853058577 1.00069964 1.3822577 1.36476159 1.58150184 1.39820433
    1.11654985 1.04333222 1.59596694 1.64825261 0.971551538 1.16101384
    1.46921289 0.992610514 1.07447898 0.759949565 1.64384341 1.68406081
    1.16296697 1.46619272 0.888987064 1.10425794 1.67259812 1.19530857
    0.927334547 1.16432977 1.38971376 0.78896749 1.66375661 1.06799161
    1.31613302 1.28668308 1.23745227 1.3215276 1.54657257 1.25647414
    0.971387744 1.28010118 0.973451853 1.65689027 1.18030548 1.35463858
    1.56820846 0.896907568 1.56376374 0.679111004 0.932550609 1.46320438
    1.08888102 1.24550617 1.6962018 0.935623646 1.31557512 0.890096664
    1.19677889 0.78363812 0.992534995 1.44184077 1.46220529 1.444713
    1.07580423 0.947206557 1.35086465 1.57056201 1.13025105 1.61116695
    1.60143888 1.05247474 0.933932543 1.0037328 0.983926356 0.726791203
    0.693434238 0.960826278 1.14377415 1.34777248 1.63391733 0.773702979
    1.07591331 1.43731189 0.987361968 1.28548706 0.97244966 0.73277241
    1.19034767 0.728377223 1.03999722 0.773856759 1.14930153 1.15997136
    1.23789608 1.10985327 1.26495481 1.12470484 0.76317364 1.29988468
    1.10035825 1.14308631 1.52160895 1.68256998 1.20144844 1.11413038
    0.969473362 0.999955595 0.694687247 1.3482492 0.547032893
    0.966718912 0.604483068 0.916716039 0.864396453 1.29126012
    1.27333164 0.772627532 0.92162478 1.57217014 0.919255078 1.66351533
    0.778559446 1.36128521 1.33824873 1.32720494 1.48088455 0.903400242
    1.08485854 1.25129652 0.894778252 1.10184479 1.36373031 0.778474867
    1.01503873 1.05014467 0.924469709 1.25624001 1.17412269 1.08018506
    0.763401687 1.37524724 1.54290223 0.959546924 1.44625533 1.54025853
    0.861913204 1.61732626 1.69498837 0.709699512 1.2370379 1.43390369
    1.3951323 0.90736711 0.829862535 1.61700976 0.891384363 1.19421494
    1.01366913 0.930530488 1.5461874 1.69019473 1.32080412 1.06038558
    1.56175995 0.99206835 1.68447661 1.4690249 1.55900753 1.5096302
    1.27116907 0.919052184 1.45346165 1.14481747 1.46459424 0.713046849
    0.832597792 1.14666426 1.26250577 1.08251703 1.57936716 1.30920875
    1.44699061 0.860056818 1.24844551 0.93927139 0.848734736 0.83479172
    1.69739139 1.14305663 1.17865479 0.749363422 0.817483366 1.44236398
    1.22005081 1.14595914 1.43055356 0.848225057 1.67207503 0.68163681
    1.42269993 0.706192434 0.673438132 1.61027622 1.57071614 0.81701684
    1.45392394 0.730832219 1.25882089 0.732582986 0.676707089 1.62966192
    0.973606169 0.951285362 0.847718239 1.58026063 1.6366837 1.39918017
    1.20463884 0.681057334 1.56041026 0.916470706 1.56098938 1.06691778
    0.700917721 0.90939343 1.2435056 1.1118573 0.819388032 0.925662518
    1.66348433 1.20094335 1.01296282 0.740743101 1.21863496 0.901807308
    1.48080158 0.928929329 1.41863382 0.912519395 1.66526175 1.30832839
    1.17915154 1.16592109 1.49889719 1.46541572 1.62805545 1.31370234
    1.21647024 1.48705494 1.09418952 1.2366575 1.06944108 0.774810374
    1.32361269 1.59336317 1.39286745 0.841620624 0.786714494 0.949014902
    1.36247325 1.53106737 1.6244272 0.817410588 1.34818327 1.59365678
    1.04921126 1.28538275 1.04863334 1.55640626 1.58696413 1.12132728
    1.01844192 0.798666894 0.785757303 0.98490113 0.85647583 0.867848039
    1.6129396 1.30497611 1.51473522 1.00746036 1.34950423 1.57237375
    1.66204703 0.802141011 1.53766203 0.90671277 0.843135536 1.6486938
    1.03916526 1.60414922 1.15951073 1.34723699 0.817342281 1.09202158
    0.978026986 1.3684479 1.50953054 0.904454887 1.52954257 1.17468369
    0.954737306 1.48109257 1.51183224 1.42192543 1.4454453 1.59588695
    1.5323981 1.63937283 1.30745375 0.954235494 1.71241617 0.986412168
    1.50946486 1.61009431 1.08273125 0.8716079 1.275195 1.29124451
    1.18829012 1.03737164 0.849347472 1.08944046 1.16709852 1.02662933
    1.47938907 0.859479547 1.32519937 0.979532719 0.703758478 1.58625376
    1.05707252 1.15442944 1.18575609 0.945631027 0.874480128 1.39250135
    1.12113452 0.853525698 1.3554945 1.36524642 1.63923454 1.37818432
    1.37885237 1.02715015 1.08985758 0.887460947 1.63125229 0.96269381
    0.8913275 1.17576039 0.82300818 1.53864563 0.727929294 1.01761198
    1.68880928 1.03494585 1.01185417 1.31385219 1.63540065 0.830267966
    1.49377918 1.4666909 1.49165452 0.983062565 1.47347856 1.23503733
    1.42076588 0.812001646 0.998948097 0.785141826 1.4269712 0.892456889
    0.944379389 0.895333946 1.44783115 1.2078681 1.10159063 1.562801
    0.850809932 1.40308702 1.62572229 1.30287099 0.847204328 1.32449162
    0.967067957 0.84737134 0.728505373 0.900763392 1.48545456
    0.958803594 1.09172082 0.814135551 1.51962209 1.66886067 1.60447323
    1.69675076 1.5313189 1.35618925 0.784970999 1.26260161 1.21145701
    1.44225562 0.765114427 1.02160609 1.49984562 1.22855103 0.884628892
    1.44317555 1.58816433 1.24766576 1.2375505 1.24225259 1.11360049
    1.01493156 1.50345433 1.23779833 1.51635253 0.736901581 0.939407587
    1.05524421 0.713266551 1.36647999 1.12116408 1.03998125 1.50711107
    0.810538232 1.05207169 1.35800171 1.14716291 1.29988372 1.60358524
    1.57256234 0.954877198 0.938796759 1.62299013 0.77827251 1.37145901
    0.92644316 0.864828348 1.05489254 1.46250069 1.47816217 0.837707698
    1.02262175 1.19854724 1.34185946 1.18449044 1.17676401 1.36381543
    0.725507498 1.35679412 1.1045146 1.29244399 0.951686025 0.730742216
    0.88004303 1.07931983 1.57784152 1.27481866 0.829252064 0.915272057
    0.827666759 1.3324151 1.36817944 1.50099587 1.40950191 0.963641703
    0.790450931 0.669576764 1.52629411 1.54150558 1.25309837 1.45858896
    0.78056705 0.671638012 1.07375574 1.60358894 1.66079342 1.22448552
    1.12173951 1.40917158 0.715586841 1.20767856 0.93531388 1.25806403
    1.48261106 0.850785553 1.35305655 1.14467585 1.63561511 1.60354841
    0.887939155 1.56438792 0.898990691 1.56070518 0.783584952
    0.762293994 1.40004909 1.10562718 1.01574755 1.31931627 0.950415015
    1.57390094 1.11659288 1.6750077 1.13676333 1.4153775 1.05813992
    1.31705427 0.897090256 0.842837393 0.703163028 1.2931335 0.816107869
    0.947384834 1.42062855 1.06091404 0.706459999 0.765281558 1.60583365
    1.44414854 1.21978521 1.12070656 1.53819644 0.740355432 1.31759286
    1.69001222 1.68139124 1.3535676 0.942825317 1.13635027 1.10343373
    1.27171099 0.901865542 1.13772547 1.17334902 1.71866202 1.30046237
    1.32438385 1.26086497 0.950197875 1.4967705 0.907160819 1.39628005
    1.54592407 1.42525375 0.88327229 0.78058517 1.23675907 1.62659502
    1.21159649 0.911747813 1.03045952 1.12507713 1.07044327 0.943398118
    1.02675998 1.50132298 0.807465136 0.799235582 0.809684038
    0.927353323 1.29780746 1.56116331 1.48787034 0.982423425 0.83839488
    1.28298914 1.21458614 0.773079157 1.12415612 1.4924047 0.792441964
    1.64762759 0.923592985 1.22128844 0.821768701 1.18805742 0.999267161
    0.688908994 1.64349651 1.15386009 1.48660839 0.748411715 1.19985688
    0.874171078 1.12144101 1.05212891 0.934055746 0.843151629 1.49190784
    1.32207441 0.877070069 0.945363522 1.09684873 0.812214792 1.29543746
    0.956094563 1.36040914 1.6904521 0.759305298 1.6790334 1.2738359
    0.975940347 1.16488564 1.69634831 1.10731637 1.53663647 1.1748724
    0.97049433 0.991291165 0.707279027 1.31314206 1.41639066 1.61987245
    0.736272693 0.744964957 1.04809666 1.24399161 0.571614027 1.33264899
    1.02035761 1.03092396 1.23052716 0.865736365 1.05328166 1.26621652
    0.658621192 0.892923653 1.17885208 1.39684069 1.07248163 1.40058398
    1.65375829 1.4915452 1.07213295 1.5030427 1.38318205 0.898742616
    1.25363815 0.968491673 1.65785587 1.52117085 0.825156331 1.51416969
    1.30379403 0.726366282 1.42483068 1.00465715 1.3306917 0.733100533
    1.27741575 1.300614 1.0270077 0.909586489 1.61625636 1.59318829
    0.830192864 1.11912775 1.39608085 1.24539208 1.34002781 1.07438099
    1.05208719 1.17923439 1.05696952 0.990047395 1.22603405 0.989961922
    0.830778718 0.945935786 1.46522939 1.56641114 1.28773677 1.28743088
    1.29927301 0.875599921 1.16230869 1.45693994 1.31578255 1.03210235
    0.921837449 1.31706786 1.40821338 0.860040367 1.29800427 1.18637753
    0.989954352 1.52138519 0.912581205 0.809749663 1.16774166 1.100389
    1.62210155 1.17117953 0.957069039 1.12598622 1.68025124 1.28412426
    1.3929882 0.857645452 1.02813137 0.735051334 0.954562664 1.19313276
    1.12788844 1.28981256 1.0347091 0.942315161 1.03928471 0.812236845
    1.3349098 0.64644593 0.774832189 1.02613664 1.00540566 1.51388073
    1.2280277 0.907743931 1.20182931 1.19308496 0.909785092 1.35287309
    0.996861994 0.920694351 1.41915488 1.59432447 1.03233635 0.842972338
    0.942657888 0.948426485 1.36411679 1.65845537 0.687810361 1.60563958
    0.822522044 0.765627444 1.05333066 1.11046708 1.5102911 1.64945471
    0.7880283 1.49833274 0.779600084 1.2950443 1.46377051 1.63367009
    1.00043881 1.00582993 1.02786076 0.784192264 1.50389087 0.927387893
    1.2092464 0.996605694 1.35049939 1.51668119 1.53014779 1.37218118
    0.761481583 1.28910089 1.66107237 1.57469273 1.2520901 1.14608717
    1.22133553 1.13388205 1.29386055 1.3249079 0.799851477 1.29702091
    0.921685338 0.773733377 1.01639414 1.65831769 1.38378167 1.07642174
    1.18095255 1.02591801 0.767611146 0.89533633 0.715190113 1.59817815
    0.724249661 0.783913672 1.4399209 0.976009667 0.701799393 1.52984488
    1.03786492 1.30772734 0.786711574 0.974917471 1.24648833 1.2028898
    1.12759066 0.978478611 1.2963227 1.7143352 1.49006581 1.32691669
    1.74608588 1.07155013 1.46086502 1.10602391 1.66563392 1.39354193
    1.66265273 1.33413148 1.14996052 0.907132506 0.993140519 1.58590257
    1.41319931 1.13767111 0.904298365 1.1097815 1.62130475 1.54758072
    1.40063834 1.51813424 1.60792732 1.07060051 1.10148764 1.48139429
    0.945979178 1.38690984 1.1266129 0.805162847 0.800003827 1.26911438
    1.55076551 0.725710511 1.63739514 1.33355725 0.734241128 0.964196265
    1.25373471 1.50011933 1.53613269 1.62487447 0.701754868 1.01885557
    1.52667868 0.66273576 0.739912271 1.60860181 0.840300381 1.49732077
    0.866351187 0.717897773 1.65540099 0.82798028 0.771723986 0.92207706
    0.979052722 1.38748693 0.920015693 0.747234643 1.24758315 1.58151567
    1.19845736 1.58037519 1.17943788 1.20561385 1.1137166 1.12746298
    1.08242273 1.54615271 0.97655791 0.765125394 1.39075053 0.847009599
    1.61941195 1.46797276 0.761274099 1.35342455 0.976902246 0.615397274
    0.764201283 1.14935362 1.17740238 1.18790424 1.11285651 0.974251509
    1.52785432 1.48795688 1.60325265 1.00781465 0.727606475 1.18828142
    1.46122575 0.74373281 1.68205059 1.46942937 1.13490319 0.711530745
    1.00323105 1.49863183 0.981397152 0.754785061 0.836473763
    0.852035701 1.17874503 1.61321378 1.28748131 1.27152169 1.13363051
    1.66597641 1.33125329 0.710969567 1.5128361 1.17997468 1.504758
    1.07370162 1.28159583 1.22093773 1.64726686 0.761510909 1.60402822
    0.95328629 1.67068565 0.85485512 1.64598393 1.57440877 1.25568295
    0.822753012 1.05492866 1.43263245 1.71211219 1.31324339 0.893554568
    1.41701937 1.44351745 1.53120363 1.71220469 1.35844755 0.752892673
    0.992292404 0.726092815 1.10865355 0.732085407 0.921199322 1.2075882
    1.63868701 1.60240412 0.79173851 1.60442626 1.16681421 1.3455447
    0.833754897 0.950293362 1.44569898 0.80854255 1.04582644 0.909554482
    1.34432006 1.03417289 1.69308925 0.943990409 1.29202461 1.04164374
    0.869624257 0.769660056 1.29528916 1.11493528 0.878789365
    0.795262575 1.44130599 0.6862607 0.665348232 1.24680126 0.690643311
    1.57422912 0.816431403 1.33802533 1.32491815 1.61174345 0.938800573
    1.11734498 1.17802799 1.07759714 0.847743213 1.67372012 0.786806643
    1.23607337 0.878512263 1.23413694 1.19590855 1.26473045 1.27545011
    0.758363545 1.03683805 1.16589379 1.12193596 1.63248682 0.802083671
    1.5678525 0.758297503 1.42153847 1.28590405 1.14920831 1.71320379
    1.25368774 1.40261137 1.20976162 0.759271622 0.975568295 1.58061016
    0.826796889 0.914543986 1.63093138 1.05700111 1.20578754 1.31553674
    1.64439654 1.17776752 1.36539328 1.28430569 1.18219197 0.81750989
    0.907302022 1.11024308 1.60021544 0.971451759 1.67911184 0.81257993
    1.34997332 0.814556539 0.930957317 1.56775975 1.6161443 1.69139731
    1.16609132 1.13394916 0.717864335 0.764690459 1.59628487 0.993082225
    1.13299108 0.954271436 1.45529211 0.744395971 1.2709012 1.45810628
    0.868276596 0.907783031 1.08971512 1.59477508 0.856986582 1.22424614
    1.00311148 1.3438561 0.899608314 0.749867201 1.71685648 1.07253015
    1.54296482 1.09068024 1.38271737 0.831485569 1.18240738 1.39379048
    0.938511968 1.17167783 1.31581974 1.23935056 0.763796329 0.774097025
    0.926053643 1.33900368 0.792171657 0.754061282 0.71086961 1.59682298
    0.756488204 1.24107313 1.31213784 1.58560193 1.29206002 1.59640741
    1.50431871 1.54369056 1.64823079 1.68987954 1.54386067 0.85126543
    1.3673842 0.762633145 1.27438414 0.714487016 0.749919474 1.53883326
    1.28445327 0.979859173 0.805913627 1.16975093 1.32771671 1.0582757
    0.980603755 1.16165912 1.35256588 0.924663305 1.66451895 1.6249088
    1.47348905 0.721065819 1.50841379 1.60421252 1.19947827 1.32723677
    0.881022274 0.919036865 1.08339214 1.65537095 0.793453813 1.33373392
    1.48922932 1.46140003 1.35061455 1.24614465 1.37390077 0.759387016
    1.06928647 1.18135488 1.21195817 1.37320566 1.42153859 1.55438316
    1.43372858 0.920578063 0.999127388 0.826742053 0.96735692
    0.879881918 0.526246667 1.15725505 1.05386472 1.23297024 1.05962694
    0.685012102 1.55154037 1.3817836 1.4929285 0.924081266 0.824060321
    1.53783834 1.11168671 1.50030863 1.39202404 1.25518668 1.50402415
    1.27331984 1.34291208 0.712072909 1.63931715 1.65421689 0.75716579
    1.30367959 0.799616337 1.02065206 1.43130887 0.815631747 1.46111572
    1.00455236 1.67388904 0.799408793 1.45161891 0.77709794 1.26504958
    1.49329054 1.54486859 1.27733207 1.41560245 0.806437612 0.921458066
    1.31596529 0.860030174 1.38314271 1.0571413 0.759257317 0.798844814
    1.39567685 1.55381274 0.995527864 1.57562685 1.58062875 1.33763766
    0.996738017 0.895306766 0.903092921 1.14215064 1.31625664 1.55514896
    0.852998853 1.46508527 1.28643799 1.429178 1.56895053 1.20855463
    0.941345274 1.66017747 1.69921708 0.745581031 1.47301793 1.10835791
    1.01212895 0.743207812 1.47477138 1.68194604 1.49996448 0.839605212
    1.49914026 0.839475274 1.12765551 1.36025655 1.14451301 1.13475132
    1.31734467 0.885598123 0.872817099 1.37197089 1.17351389 1.4399159
    1.54798019 1.15630496 1.4110384 0.739748299 1.41696167 1.04288113
    1.16575861 1.03856707 0.871381879 1.45206785 1.29727983 0.764758945
    1.03250384 0.903419554 1.59190571 1.63922048 0.699060023 1.03493118
    1.20668387 1.63670874 1.37467325 0.816703677 1.25836515 1.432796
    0.851914644 0.812452674 1.12289691 0.912146568 1.14598536
    0.944543183 1.51372969 1.12434661 1.01445019 1.13871479 1.18342519
    1.25427306 0.820653617 1.10753202 1.02084792 1.14720118 1.49465799
    1.49518096 0.992538452 1.02375376 1.19258702 1.10643446 1.32592678
    1.36229432 1.34151363 0.993550181 1.1356585 0.857999802 1.14369869
    0.940806031 1.50679362 0.846659422 0.722024262 1.37425554
    0.809310734 0.95683378 1.32251406 1.18534935 1.46994197 0.73430258
    1.43503392 1.49786091 1.26064682 1.22331929 1.62565458 1.33772051
    1.2499336 1.30143023 0.837628841 1.49281669 0.768657029 1.20686829
    1.06517375 1.14631093 1.37051237 1.28127396 1.20758009 1.31490552
    1.57972777 0.849942207 1.30964541 0.816635966 1.67761707 1.0879519
    1.10185289 1.2912972 1.56268358 1.51392937 1.19343531 1.04673696
    1.51679265 1.58859289 1.1033119 1.27684999 1.07544017 1.18079352
    1.21519232 1.27653635 0.812309504 1.29512584 1.56595767 1.35344136
    1.13951182 1.63070703 0.759021997 1.51428127 1.27670884 1.43568122
    1.64480209 1.10610795 1.52566183 1.42358828 0.938343585 1.1983639
    1.08912349 0.774198294 1.55845082 1.45399177 1.17753303 1.57850146
    1.12594473 1.47744942 1.37487388 1.07695198 1.50785232 1.17222941
    1.53919506 0.6812011 1.3067143 1.16971052 1.26077724 1.44427252
    1.10681534 1.4189806 1.64823294 0.896883368 1.41688299 0.932129204
    1.09372616 1.36422026 1.20831752 1.34211004 1.3656832 1.103526
    1.31622469 1.2335068 1.5838424 1.24943662 0.691242337 1.08001387
    1.06317687 1.49620247 1.10240877 0.7373752 0.991116107 0.938316345
    1.40472984 0.839712083 1.19218409 1.46769893 1.03088784 1.11479998
    0.568727374 0.843972564 0.832868695 0.874854445 1.36781728
    0.948696136 0.877179265 1.4703176 1.59334171 1.52938557 0.865717232
    0.982703328 1.59853649 1.18554807 1.71966493 1.32318616 0.716899514
    1.23346376 0.718611717 1.5257988 1.53286195 0.924427271 0.817453384
    1.62410331 1.07934272 1.00436521 1.33638716 1.2875737 1.43846345
    0.87824899 0.946529984 0.972773075 0.94433254 1.58957255 1.51547885
    1.55663133 0.973959625 1.29974926 1.58601165 1.48283422 1.38036549
    1.06095243 1.22149396 1.60840034 1.52299154 1.39958346 1.17654073
    1.47350562 1.13999224 1.51352167 0.824539363 1.22689497 1.65648699
    1.20685863 0.970058322 1.40821409 1.47672391 1.405375 1.60402298
    1.28556955 0.689855278 0.84425354 0.835077822 1.52702594 1.60415757
    1.4140588 0.952263117 0.935751259 1.24007738 1.04596806 1.23488557
    0.875837326 1.25740218 1.33813167 1.31909382 1.0071156 1.1815505
    1.38947511 1.62720275 1.66178763 1.6712209 0.760554135 1.51037335
    1.21940601 0.861744225 1.23232615 1.4252224 0.717373788 0.889561176
    1.30097389 1.34175789 0.809305131 1.29715943 0.771426797 0.984934926
    1.13534284 0.741750956 0.870368719 1.46108735 1.03159654 1.65453732
    1.05103683 1.58425212 1.04758966 1.23641884 1.2772994 1.00013041
    1.37786353 1.6248405 1.25178456 1.6693002 1.46785688 0.882066429
    0.67115134 1.38153505 1.02120686 1.26720166 1.00969863 1.06193411
    1.12653565 0.708690584 1.15893805 1.29565942 1.52031147 1.08438432
    1.37419367 1.0251534 1.25511646 1.50309396 1.49434495 1.17815566
    1.61664236 1.65455973 1.64130783 0.861998796 1.33071232 0.829252839
    0.738499284 1.22765732 1.42139316 1.03753912 1.1091218 1.38683534
    0.94317627 1.6395148 1.45335972 0.779818237 0.878339648 0.901111901
    1.49032235 1.27263093 0.743722916 1.57165039 1.40404546 1.24202085
    1.14650416 1.69839847 1.62703872 1.53828633 1.24911141 0.987461865
    1.23752654 1.1268934 1.11103261 1.31262445 1.42012107 1.04049218
    1.59344137 1.0089649 1.6743356 1.21603489 1.03263342 0.749684215
    1.59321892 0.811796248 1.06008387 1.21657062 1.46415758 1.0690378
    1.74043822 1.33950639 1.6944958 1.26835692 1.3214432 1.18363953
    0.928154469 1.07688975 1.44153368 1.37955773 1.16153753 1.07187009
    1.19050479 1.64682066 1.26085162 1.26206493 0.77681458 0.840171218
    0.9717924 0.81349051 1.69098485 0.749634922 1.39003146 0.792918205
    1.6248759 1.47057462 1.68116224 1.48884249 1.05359018 1.61024952
    1.1946969 1.35875952 0.767439485 1.61009729 0.665707946 1.43285704
    0.831272066 1.06596577 1.10811472 1.46079171 0.990414262 0.93266511
    1.30304694 1.61794686 0.884545743 0.904970229 1.22219801 1.62607467
    0.911419988 0.785057783 1.22541583 1.29520512 1.47829568 1.44311273
    1.58160675 0.994158328 1.29447651 1.37904322 1.51989651 1.05801916
    1.26330054 1.33598161 1.57544351 0.95270884 0.983508945 0.932240307
    0.980447352 0.763082922 1.12669182 1.39755237 1.16387844 1.61537242
    0.991687059 0.901234031 1.1687578 1.11796296 1.03399694 0.54762429
    0.655800641 0.945833445 1.24113679 0.945412934 1.30446565
    0.672560573 1.27283275 0.779686093 1.66931427 1.48698509 1.26374567
    1.70019543 1.27228534 1.19686151 1.42354167 1.32792199 1.10561657
    1.68687034 1.49753368 1.63079 1.45673561 0.749220133 1.05978167
    0.724514365 1.43240833 1.29202294 1.63293874 0.943974018 0.849714041
    1.28218877 1.63714767 1.42122507 1.38155973 1.55769753 1.06972468
    1.03654218 0.811056852 1.27812314 0.819471836 1.36356485 1.47061265
    1.41679394 0.837964475 1.2619133 1.52203846 0.792173326 1.50469458
    1.76499367 0.849319518 1.76155627 1.02244377 1.07737422 1.58943379
    0.902791321 1.15648139 0.936561584 1.31534731 0.984218478
    0.778976321 1.36285138 0.897870123 1.06947446 1.25222981 0.942424297
    1.60934556 1.15400124 1.00817358 0.807221651 1.09706616 1.32817411
    1.68325055 1.55683696 1.51439261 1.55331218 1.68205082 1.16192722
    1.46034181 1.52915823 1.48735571 0.785762072 1.61433256 1.27396333
    0.786044896 0.947436571 1.53745246 1.15430939 0.78151077 1.58930111
    1.01784718 0.889639199 0.976436615 0.999240994 0.692746997
    0.711165488 0.905808866 1.63067627 1.30231404 1.4957149 1.13211071
    0.936961055 0.793246448 0.757749379 0.858481646 0.921827435
    1.06851614 1.38987815 0.961821437 1.17945516 0.945044816 0.70599544
    1.55337036 1.11510277 1.56526756 0.695515931 0.77975589 1.08419156
    1.62587154 1.44923544 1.52461147 1.60854685 1.06914306 1.58441091
    1.15438247 1.65180349 1.62252069 1.31223094 0.797565162 0.849307418
    0.80392468 1.45508921 1.05819488 1.24017906 1.30256307 0.73250711
    1.31877565 1.34991431 1.33737063 0.993420184 0.757643342 1.57123446
    0.933558226 0.790303171 1.57593489 1.35212517 1.69694412 1.35139728
    1.63464081 1.1288203 0.774652541 0.941071153 1.0777204 1.15955317
    0.942646503 1.55966854 1.05083871 0.987403393 1.57461715 1.05046785
    1.2439543 1.13312089 0.965885937 1.31345832 1.05786788 1.30762255
    1.34290123 1.66236079 1.22575414 1.48248363 1.37713861 1.29036438
    1.2839601 1.2872752 0.875305176 1.73429644 1.69111073 1.21986103
    0.942511678 1.55817819 0.910784364 1.68914962 1.23675215 1.09137297
    1.23193288 1.52265203 1.20872355 1.56624472 0.784754097 0.880795538
    0.840903521 1.01873243 1.00026643 1.56923962 1.39044988 0.788334489
    1.26684165 1.64809883 1.42621434 1.45320678 1.39318073 1.70186329
    1.61113358 1.40281987 1.00094962 0.768948197 0.743834138 1.60450339
    0.751666367 1.05500877 1.23406768 0.829419434 1.0119288 1.13244677
    0.776881337 1.2220366 1.01724303 1.3580178 1.34689748 1.32784605
    0.870819449 0.891804039 1.53202319 0.717084408 1.48132038 1.62925339
    0.983410776 1.35895836 0.861112833 1.63107514 0.959155917
    0.919522107 1.26256418 1.53845763 0.762009561 1.29531181 1.26985586
    1.55877149 0.898682058 1.65512371 1.13653839 0.923605263 1.36361361
    1.42458236 0.7731722 1.09549713 1.26307213 1.06061614 0.69993484
    1.08106732 0.957478762 1.51647472 1.50426674 1.40912008 0.696264267
    0.561140895 0.842568398 1.13235879 0.782823086 0.573548615
    1.41486299 0.571712077 1.4963938 1.04928935 1.15273213 1.06905496
    0.810224891 1.30744421 1.40856719 0.930587947 1.23753989 1.5163424
    1.36581171 1.69349194 1.49034476 1.55820143 1.52774906 0.939615071
    1.00144243 1.50000095 1.59175229 0.928396344 1.67885792 1.25571811
    1.52025533 1.03337336 1.7229687 1.20257425 1.24795306 0.83934623
    0.755984485 0.886328459 1.67452025 0.792334795 0.935799241
    0.87778306 1.48004353 1.61502206 1.54412282 1.15669763 0.77188307
    0.920293868 1.37321055 1.0630101 1.19482803 1.49933577 1.63875985
    0.953901649 1.66772056 1.7287991 1.56481671 1.11043072 1.22981513
    1.42986798 1.124089 1.58994567 1.00412703 0.948074102 0.909282267
    1.07900214 1.13940096 1.59155881 1.07307172 1.09768367 0.704239011
    1.59923124 1.55310106 1.11204946 1.67518854 1.39130473 1.302598
    1.69490933 1.00490165 1.59547222 1.36929214 1.32555294 1.34601939
    0.797057509 1.60594463 1.03854775 1.53489721 0.940264225 1.46340787
    1.49768782 1.49508059 1.1368227 1.5311389 1.64122987 1.53718066
    1.01693416 1.6642921 0.919286907 1.11038303 0.723305464 0.78684473
    1.41418123 0.823797822 1.30570233 1.1672771 1.53064358 1.36335099
    0.866271138 1.51258659 0.696499348 0.796371281 1.59162521 1.38453841
    1.5182929 1.06451976 1.58421993 1.6333859 1.09216583 1.23615873
    0.757123888 1.04192662 0.904513717 1.54061389 1.63686657 1.62502623
    1.17147458 1.63041103 1.3492521 1.07886446 1.31302857 1.2902267
    0.958674669 1.56002831 0.768480718 1.66414666 0.940231919
    0.939970255 1.57210338 1.01624823 0.859968007 1.13888252 0.786839783
    1.15240526 1.22153497 1.16688955 1.29792655 0.743212759 1.0414474
    1.17634702 0.813861132 1.28882539 1.4896028 1.29859722 0.970061183
    1.54238904 1.44808495 0.842609584 1.16466272 1.46057808 1.09803414
    1.12706542 1.35265732 1.34779108 1.15450585 1.25728154 1.14693928
    0.787115991 1.69283795 0.915511847 1.55127847 0.858576238 1.65035796
    0.771608174 1.11025596 1.43817163 1.56378269 1.64254749 1.10230923
    1.41421235 1.22063386 0.794296443 1.72306335 1.71729827 1.22969663
    0.770869315 1.50034273 1.57275677 1.37783289 1.60213351 1.73869801
    1.15099943 1.62102354 1.55096543 1.24338889 1.45011628 1.71982896
    1.15512061 0.752480745 1.49429691 1.30531108 1.21508074 0.966233909
    1.34890711 1.15165567 1.67306256 1.28680038 1.39104366 1.70688117
    1.44998574 1.30527425 1.55437398 1.31079459 1.46400738 0.806580484
    1.59049475 1.290079 0.994790137 1.05087233 1.09932756 0.977997482
    0.779188633 1.53022361 1.1273104 1.49992502 0.908550322 1.38058293
    1.51010358 1.44042778 1.58503473 0.977103591 1.11900461 1.346766
    1.12860417 1.0050422 1.73081052 1.52781463 1.58699214 1.13685489
    1.54012799 1.51489735 0.958776236 1.48864293 1.49013996 0.80795753
    1.62944758 1.0702492 1.20320559 1.43884647 1.63790715 1.30502295
    0.825689852 1.31792259 1.38045609 1.28768134 1.29963732 0.737738967
    1.40430999 0.855725646 1.37288082 1.34435856 0.641750634 1.2197181
    0.836618185 0.500010312 1.40028727 0.751740813 1.44323885 1.61524367
    1.72473955 1.64573681 1.07389343 1.13217974 0.778215408 0.967587352
    0.777106881 1.29530299 1.14475906 1.42536378 1.36374795 0.773493409
    0.727857709 1.52954257 0.942316413 0.935923398 1.52514005
    0.859999895 1.50477517 1.16355371 1.54447877 1.37408698 0.890300632
    0.886693656 1.33480227 0.907776952 1.30701113 1.40992105 0.819513559
    0.772689283 1.11535275 1.29375529 1.53107154 1.71018267 1.60465503
    1.12488341 1.63751686 1.10961688 0.951033533 1.13478959 0.903066993
    1.6096164 0.822082222 1.04533923 0.939064443 1.51962566 1.53061175
    1.55301821 0.935965657 1.1405828 1.42200911 0.913318455 0.91470015
    1.68311286 1.09520829 0.807532251 0.698252201 1.31971776 0.895620763
    1.19759548 1.02509212 0.777175665 1.06083524 1.08073473 1.37697041
    1.12763691 0.833759367 1.28227639 0.755280495 1.46328819 1.2834599
    1.26116419 0.793571711 0.836584508 0.89572829 1.03579974 0.925620615
    1.32715714 1.54725087 1.16090012 1.28041458 1.05052626 0.727155626
    1.48861337 0.797555208 1.0144701 1.38999248 0.916075468 1.39805067
    0.805326223 1.18437326 1.44957232 1.49293852 1.44793189 0.856346071
    1.18826389 0.756975651 0.871337533 0.800817728 1.59688449 1.03716385
    0.834704161 1.29593849 1.57378733 1.19563997 1.44710374 1.59830141
    0.981029034 0.920200944 1.54720318 1.43442583 0.737427652 1.25606561
    1.43388307 0.99116993 1.10481262 1.0857321 1.70917082 1.05959463
    0.901462793 1.12516809 1.16226959 1.6365068 1.06599092 1.42770231
    0.754339039 0.79357022 1.63579941 1.30074739 0.949586034 0.792125165
    1.65659702 0.954257131 1.37866664 1.39936912 1.05714679 1.05542111
    1.41928089 1.21725869 0.806529105 0.896721005 1.59521592 1.16146231
    0.812505603 1.12530398 1.15057945 0.875909626 0.913618803 1.6335423
    1.12187707 1.53752327 1.33866465 1.11465824 0.761366546 1.05854523
    1.46597052 0.825754702 1.24915218 1.6338644 1.08029139 1.13011301
    1.50212812 0.735215902 1.36089838 0.864221632 0.98638016 1.06345427
    1.30551505 1.45147121 1.02550828 0.988888979 1.72919655 1.50135207
    1.29163206 0.992770016 1.51223075 0.804888785 1.03452182 1.1159116
    1.01258016 1.61780953 0.752735436 0.885145664 1.18897247 0.779477537
    1.25291169 1.3447752 1.30683649 1.58347952 1.59087074 1.38420212
    0.814165175 1.3942194 1.07009137 1.20193112 1.16940773 0.824590147
    1.29558814 0.726777077 0.9475528 0.811638474 1.25619841 1.45226336
    0.947964013 1.22371376 0.852600574 1.23556089 1.32963336 1.27894843
    1.00936151 0.841606855 0.73476088 1.09046459 1.26614761 0.990006447
    1.55912852 1.66075456 0.737668395 0.894418359 1.34415245 1.24924707
    1.14666128 1.48356688 0.818612456 1.59731424 0.748598039 1.54289341
    0.727288008 0.913175166 1.57975554 1.62141609 0.869373024
    0.943190396 0.734836817 0.718852699 0.897325158 1.34314585
    1.67178786 0.751917005 1.00456965 1.48183072 1.24433827 0.825002968
    0.705423355 0.969265699 1.10974765 0.835901141 1.07609725 1.24355793
    1.09757388 0.540048003 0.679726124 1.3709687 1.47177637 0.637613833
    1.45454359 0.984494567 1.10435045 1.1310848 1.49386823 1.19039893
    0.855993807 1.06683409 1.67993259 1.42860091 1.28442597 1.48733211
    1.58109331 1.03630674 1.26575446 1.67490935 1.65946698 0.785353243
    1.66548634 1.48270524 0.945225835 1.41259229 1.14485931 0.997899532
    0.788153946 1.69892538 1.47997189 1.52684391 0.841703713 1.56141496
    1.27801418 1.02123892 1.26095486 1.57827878 1.34704316 1.09621835
    1.33075416 0.79951936 1.75527692 1.18948603 1.4159162 1.62720609
    1.45588887 1.14187109 1.13745081 1.6170007 1.71482062 1.26346064
    1.60954738 1.16210628 1.12895238 1.51926219 1.08278441 1.59654486
    1.11457109 1.44593704 1.15559494 0.972955167 1.09017956 1.36515152
    1.2389487 1.50966668 1.03349471 0.826245189 1.51172948 0.839787304
    1.22927809 1.20413888 0.777357399 0.890841365 0.962422371 1.49234641
    1.04036665 0.732679963 1.67313254 1.35798359 1.49936748 0.85818851
    1.26028967 1.12263286 0.856538415 1.10091257 1.07401943 0.890475988
    0.803549528 0.91907835 1.21995568 0.956942618 0.702089071 1.3007915
    1.16024566 1.37265968 1.33584177 1.1112988 0.964161932 1.64426029
    0.952291906 1.19400787 1.37158465 1.38088536 0.836185694 0.766046882
    1.37397301 1.05599117 0.870303452 0.903349638 1.26110244 1.08217168
    1.32914257 1.24414098 0.863488078 1.26840901 0.853308558 1.40023005
    1.64070296 1.29510951 0.782270968 1.69890523 0.991996646 1.04998064
    1.37292051 0.977130532 1.07200599 0.86950165 1.25343549 0.76207906
    1.34774637 0.806874752 1.28798461 1.5687263 1.20455039 1.67241752
    1.23805189 1.2682327 1.3942647 0.762322724 0.965214968 1.69058192
    1.05814695 1.55456805 0.737491965 1.68576765 1.61306107 1.69134784
    1.13010645 1.20503736 0.852320731 1.62425053 1.54865062 0.732134283
    1.33245873 1.69717121 0.730403423 1.1678102 0.778052807 0.712798238
    1.53782248 0.717561245 0.780699253 1.06002665 1.34988153 1.35206008
    0.931687832 1.61740112 1.59757686 0.936127305 1.24638391 1.70236266
    1.61488116 1.29898155 1.65535319 1.12916183 1.26904333 1.1507864
    1.49836016 1.70193744 1.69058943 1.36526787 1.09083819 1.74702919
    1.47310793 1.2943927 1.53123891 1.17100883 1.59115267 0.96508503
    1.40635824 1.28594553 1.71124196 0.940455854 0.76273191 1.50136876
    1.32917428 0.912920296 1.15791368 1.37714362 1.35995889 0.780537367
    1.64631367 1.55797637 1.57491565 1.32274902 1.44135833 0.754750907
    1.05837655 1.56605589 1.35200381 0.851852298 1.65534449 1.01777422
    1.56411362 1.63337398 1.09189379 1.22029698 1.60860145 1.56177652
    0.818615913 1.12206578 0.910478055 1.3950057 1.17815721 0.737160981
    1.64755273 0.780871272 1.10703397 1.62386203 0.902511537 0.857929587
    1.26378894 1.22299743 1.69750571 0.759376466 1.30102551 0.707322061
    1.52599275 1.14435732 0.95333755 0.823795855 1.16629028 0.876905322
    1.27269602 0.73570472 1.00044918 0.699547887 1.36120141 1.20075345
    1.50128245 0.59743011 1.3478353 1.37114859 0.776586771 0.921741307
    1.46436429 1.02342808 1.38679647 1.11551821 1.3068608 1.63126683
    0.873213351 0.792335689 1.20914972 0.877666235 1.14937222
    0.884643376 0.758931696 1.07400298 1.14955926 1.25976169 0.907209456
    1.31703973 1.4373908 1.02207792 1.48818076 1.17316377 1.23989034
    1.47799468 0.980152309 1.65781915 0.767038345 1.67280996 0.889003098
    1.11297107 1.11079955 0.738168716 0.994071066 1.02946568 1.61709559
    0.895371974 1.70511401 1.15506971 0.943689048 1.63728154 1.23113978
    1.6936599 1.21273601 1.44977319 1.09585381 1.43408453 0.964071512
    1.15843916 1.42421556 1.38239849 0.94226867 1.55562842 0.831601143
    1.09044015 0.957089663 1.27022254 1.37461817 0.929158092 1.4839443
    1.39765155 1.116817 0.881047666 1.48238599 1.10199106 1.18362463
    1.42600656 1.48811758 1.36923432 1.07810843 1.27302742 1.00112891
    1.61661005 1.46869004 0.79762733 1.07629657 1.69075942 0.918231249
    0.866061747 1.29344332 1.37735009 1.13450158 0.942148268 0.730560541
    1.01962698 1.29832506 1.40074277 1.65854108 1.33042955 0.733944118
    0.830253303 0.841186821 0.97050339 1.16437757 0.968793392 1.46261382
    1.1092943 1.23605633 0.889153779 1.1052345 1.08032906 1.13306177
    1.61670327 0.809893608 0.711928725 1.35864818 0.739182055
    0.785334945 0.906724572 0.999495149 0.807902157 0.901061475
    1.45350766 1.51139021 1.30193436 0.716915429 1.54568756 0.745787621
    1.61162996 1.35736668 0.7336061 1.57597041 1.50539553 1.09919822
    1.46789432 1.17681825 0.841506183 1.48275054 1.04818368 1.21115077
    0.779579759 1.12973249 1.28131723 1.09881783 1.37855303 0.811102271
    1.03921509 0.969212472 0.974184453 1.28242016 1.55143261 0.9128986
    1.60438883 0.865919232 1.46744418 1.28058338 1.46038306 1.01051569
    1.42751241 0.931795835 1.5569098 0.845629096 1.43529499 1.46288526
    1.59220934 1.28854084 1.68913674 1.01311314 1.31601691 1.2048595
    1.70741916 1.66637528 1.05781114 1.3056556 0.954486728 1.2672081
    0.902199805 1.39836133 1.19612741 1.68769908 0.818956256 0.889434934
    1.08559835 0.853569806 1.08230495 1.45654333 0.909577727 1.70610869
    1.113276 1.29982162 1.27166033 1.21970451 0.888941109 1.60211623
    1.48034835 1.65145373 1.08154738 1.71892011 1.37159801 1.20733964
    0.992851317 1.52756023 1.31076014 0.989634931 1.13606119 1.0892477
    0.992514431 0.78871578 1.57078719 0.95000428 0.963112891 1.30439293
    1.48164487 1.3348335 0.858540595 1.46918726 1.32290423 1.45793998
    1.43165553 0.813926101 1.44385743 0.863173723 1.04482257 0.79180783
    0.912458897 1.58402085 0.980702579 1.52351689 1.18678331 1.24313152
    1.19314337 0.991613746 1.21946621 1.43892074 0.945127726 0.988403857
    0.740398109 1.71890628 1.13441062 0.989829898 1.23125744 1.55690718
    1.6894691 1.14775968 0.783637106 1.28338003 1.51501334 1.25924885
    0.979004681 1.54362702 1.16211224 1.13275981 0.725476861 1.27482128
    0.962837458 1.56009877 1.41409397 1.03248298 1.12420619 1.48436522
    1.50884914 1.155424 1.42224371 1.03456295 1.02277195 1.28115356
    0.985747337 0.725022018 1.27604425 1.12189567 0.676162481 1.19047105
    1.11348021 1.17942238 1.57661808 0.823931634 1.15464687 1.30831015
    1.41099346 1.58063531 0.751499772 1.05784464 0.84096086 0.899247527
    1.68147612 1.31428516 1.01241839 1.23573697 1.1035552 1.70774436
    1.12388098 0.900803149 1.37857842 1.08505952 1.60893238 1.3190577
    1.29942095 1.23529649 1.37222135 0.762734652 1.51395619 1.56423759
    0.866698384 0.886241198 1.25224078 1.50453854 1.68650532 1.59049845
    1.41383469 1.40697157 1.59573054 1.50099623 1.28051484 1.7010144
    1.69396973 1.60634208 0.815915704 0.860031426 1.72395766 1.66970325
    1.6415509 0.962061942 1.12774479 1.47924316 1.36841893 1.64702773
    1.09649646 1.55381048 0.825770676 0.925544739 1.39647377 1.58945942
    1.57955146 1.27058995 0.740392983 1.04981649 1.35010207 1.26856887
    1.55871105 1.16341722 0.938773632 1.58145976 0.94895941 1.35280454
    1.72128677 1.07364547 1.75879931 1.75606954 1.15425897 1.12563205
    1.63241839 1.22133756 1.26296985 1.5085218 0.968245327 0.862164021
    1.70449018 1.68828368 1.36588502 0.964970529 1.17083395 1.62031436
    1.28240991 1.64484787 1.50693166 1.62788796 1.60953224 1.24457991
    1.26220155 1.61368978 1.65429878 0.842526734 0.844462037 0.916084647
    0.709330738 0.747542441 0.853659332 1.38954616 1.30427563 1.24713981
    0.911175966 0.837325156 1.27695835 1.21162474 1.38882518 0.808650613
    1.03566992 1.00712037 1.39794338 0.943690956 1.41200316 1.16695046
    1.50085199 1.12823009 0.812591553 1.56602025 0.96515435 1.44845462
    1.09283984 0.874143898 1.09052026 1.39702392 1.47715557 1.46893847
    1.36917758 1.31015646 1.41706789 1.63021994 1.59897172 1.42048049
    1.17809892 0.839184344 1.20943308 1.3791424 0.823523581 1.04083908
    1.68374324 0.820104301 0.984592319 1.3857305 1.15443277 1.50550115
    1.19212508 1.13920808 1.23019266 1.1905508 0.830626369 1.20169556
    1.20575273 1.42112541 1.45747352 1.54138911 0.731168926 1.38341737
    1.57862163 1.71019232 1.67087173 1.26691246 1.53152132 1.58441257
    1.17529714 1.18099809 1.44415319 1.36409009 1.584427 1.09211826
    1.66014504 1.20311952 0.96059221 1.62768674 1.72997451 1.05236423
    0.974944234 1.58492756 1.39084172 0.955552578 1.28566337 1.04354167
    0.907870471 0.728217125 0.984494448 1.60746133 1.00847566 1.60804796
    1.49763703 1.45866442 0.920816839 0.994062364 1.12396967 0.881209731
    0.772051215 1.07545793 1.40906477 1.37140441 1.4633894 1.15983319
    1.2132591 1.14608693 1.48246622 0.971527994 1.62788939 1.34061742
    1.01556957 1.16453981 1.57794726 1.55239463 1.10587049 1.33826268
    0.820969284 1.57577324 1.60680127 1.12730789 1.11424947 0.946313739
    1.32143414 1.05101943 1.2089746 0.807367027 0.890582383 0.984754622
    1.46831083 1.28649902 1.57936823 0.782109737 1.19080639 0.872727692
    1.6422497 0.788655221 1.32838917 1.59093094 1.63394237 1.64952457
    1.50258923 0.814559996 1.45877302 1.1535641 1.30875635 0.691727877
    1.06589746 1.16329885 1.307585 0.53119117 1.04715502 1.34054863
    0.591653883 1.44127667 0.906162918 1.24944389 1.60423148 1.3170588
    1.36735427 1.67967105 1.62437081 1.2724762 1.59024024 1.0331831
    0.859903812 0.748804867 0.84243387 1.05955529 0.968897045 1.59174287
    1.43022299 1.61653554 1.22596228 0.782427728 1.16331828 0.79315716
    1.06910908 0.81168139 0.99896574 1.52317429 1.45425844 0.734664261
    1.23820543 1.64903128 0.837272167 0.736135006 0.928100884 1.48358119
    1.71943688 1.13244247 1.70179868 1.61804509 1.47590077 1.6526804
    1.65767276 0.893965065 1.50829709 1.13333261 1.5939362 1.51560187
    1.16581488 1.13361454 1.61055195 1.23780191 1.34476256 0.901135445
    1.23951519 1.54303598 1.33302951 0.724267364 1.03083909 0.687747478
    1.02980733 1.13844573 1.21053553 0.737935901 1.03506315 1.30257356
    1.15466702 1.3135066 1.7175529 1.36008108 1.03400624 1.48438871
    1.370345 1.62269664 1.38050199 1.27365434 0.853410602 1.44966674
    0.768229067 1.52702439 1.13090551 1.10916698 1.32454526 1.14110315
    1.63986862 1.33479404 0.992024779 1.48591983 1.30850375 1.12582481
    1.07927442 0.880387604 1.05886197 1.42929208 0.777687967 0.752925515
    1.143098 1.10102463 1.37641931 1.03632271 1.32755995 1.49909413
    0.732048154 1.58865261 1.06155992 0.966804743 0.817097664 1.57473159
    1.21827614 0.836735427 1.6785872 0.853360415 1.49858189 1.26048696
    1.28138018 1.19568002 1.09257257 1.39811337 0.98650372 1.38768148
    1.28849125 1.4227488 0.970636606 1.1143769 1.66023159 1.60979235
    0.946305931 1.00454485 0.914558291 1.05201983 1.0542258 0.999097407
    1.34174335 1.69051778 1.28945196 0.858456314 1.14461553 1.63589978
    1.14665604 0.935758233 1.41847229 1.16917408 1.6014365 0.905884027
    1.40521646 1.41731346 1.23459327 1.3990171 0.817739308 1.30647993
    1.30486941 1.12554824 1.53554988 1.31169534 0.792804658 1.33526361
    1.24954665 1.01588452 1.29070604 1.19534934 1.51787686 1.25250721
    1.34116185 1.08800745 0.945440054 1.04205465 1.32705164 0.913408637
    1.72762978 0.925085843 1.6706171 1.16294348 0.925804257 1.73800719
    1.73908496 0.747078419 1.42745626 1.27424669 1.67255712 1.04082263
    0.791450799 1.7129035 1.34159255 1.639727 1.54736745 1.67796981
    0.891595364 1.29170263 1.10353553 1.57006788 1.4889735 1.6686573
    0.76128751 1.457407 1.48656702 0.732027113 1.0025425 1.16397953
    0.961018384 1.51862252 1.07803786 1.57882881 1.12063432 1.24384117
    1.01926863 1.6278981 1.43315506 0.981347084 1.32166457 1.51097751
    1.15121126 1.05967736 0.997419536 0.813728452 0.728001595 1.40708899
    0.683356702 1.28313267 0.805647433 0.80614692 0.818188429 1.32485402
    1.59696066 1.69597566 1.31464279 1.65834701 1.62831974 1.52745366
    1.09562445 1.05105054 0.75235039 1.64513099 1.50845408 1.04155552
    0.917690516 1.02037358 1.45127499 1.20723534 1.03351033 0.90878433
    1.1623143 1.66541731 1.22502685 0.910182655 1.4285562 1.71570516
    1.52795017 0.944829524 0.887502789 1.35231638 0.779889941 1.23154986
    1.08420229 0.681521297 0.688903451 0.770503402 1.00352061 1.13024902
    1.38538158 1.01875937 1.60009456 1.30970407 1.59456944 0.758997977
    1.15805447 1.40034926 0.985439718 1.68248689 1.49000716 1.70180941
    0.819731295 1.23576105 0.987754166 1.47729635 0.875041842 1.02220392
    1.63244128 0.831854045 1.19940925 1.66142786 1.37210619 1.49493265
    1.68609738 1.40708017 1.62054551 1.32448101 1.54539061 1.36830473
    0.833536923 1.40939987 1.03076005 0.950270534 1.58906686 1.73296738
    0.98753655 1.64240909 1.18587124 1.10641861 0.956716597 1.60062277
    1.53588104 1.33149302 0.903467119 0.787764251 1.61508083 1.6698482
    1.47684646 1.42032588 0.925343812 1.14492142 1.46437752 1.65251088
    1.01069856 0.747046888 1.13752711 0.779904783 1.37570989 1.33393335
    0.732758999 0.91048342 1.68327224 1.05486608 1.52287471 0.969615221
    1.02782333 1.37751019 1.38204455 0.884428561 1.6381042 1.09627652
    1.49087572 1.60077667 0.813719213 0.812446773 1.08971369 1.71649599
    0.873660266 1.11183739 0.906060398 1.26902366 0.83897233 1.7147156
    1.69814205 1.02360904 0.916172087 1.13441467 0.732535183 1.01854122
    1.51179695 0.824406564 0.792857707 0.887988031 1.52383447 1.58515167
    0.689611197 0.697329164 1.19021177 0.663299918 0.856450081
    0.889039874 0.698164165 1.15216494 1.58337986 1.18082452 0.964980602
    0.940655947 1.35875714 1.51877236 1.24419785 1.20132446 1.21224737
    1.05886459 1.13373566 1.18244231 1.60117495 0.938800335 1.1310755
    0.973140717 1.56017673 1.4394511 1.66501129 0.807040334 1.42072642
    0.909273028 1.13987315 1.52852702 1.05535817 1.00282228 0.849001706
    1.24770963 1.18345153 1.28121734 0.848851204 1.57164013 1.45275474
    1.23609161 1.64620197 1.0846802 1.62874925 1.30075371 1.08400738
    1.2523706 1.44336832 0.77936703 1.09128237 0.838050425 1.31349468
    1.67332196 1.36145794 1.67322922 1.49075282 1.35839915 0.859470129
    1.55408537 1.67139375 1.32674742 1.52243936 1.40990436 1.52713001
    0.755793571 1.3688072 1.72305679 1.46288168 1.40193927 1.32454956
    0.818405211 0.755623996 1.23596537 0.888065517 1.14585769 1.18373215
    1.32733357 1.62516201 0.920903862 1.13428366 1.48400187 1.52323246
    1.73716784 0.884699345 1.38120747 1.45500171 0.847279191 1.53867245
    1.63858962 1.41942918 1.16730976 1.09442389 0.72304821 1.22026443
    1.67938054 1.65384686 1.54285741 0.970706463 0.796245575 1.54930043
    1.65283406 1.41668701 0.784374416 1.32950497 1.29312611 1.05629647
    0.724377036 0.797018349 1.53686118 1.12624431 1.29320991 1.10471392
    0.823991656 1.14817405 1.53659928 1.12068462 0.741330087 1.25266135
    1.20753217 0.708258867 0.816683888 1.68434739 1.07416439 1.29346275
    1.3777436 1.53316331 0.926700294 1.34426522 1.5076437 1.64849877
    1.24393857 1.437796 0.919121683 0.96353358 0.789646924 1.22487319
    0.934120357 1.50655222 1.50598955 1.22848403 1.36490262 1.50749636
    1.59147835 1.47271824 0.775230229 1.65186763 0.914790213 0.927302539
    1.60794127 0.662229598 0.975155294 0.914634764 0.988349617
    0.979011059 1.07783949 1.36700654 1.18021441 1.47884619 1.17341995
    0.973717272 0.710141778 1.61288929 1.01970661 1.22146022 0.959107816
    1.23365438 0.700740397 0.706664205 1.34338892 1.26092458 1.63397551
    1.61151135 1.18440032 0.773079753 1.58140051 1.05204415 1.12851548
    1.57134151 1.19403839 1.39759207 1.11394513 1.41234875 0.795083284
    1.02433443 1.52044368 1.65617025 1.14495778 1.33927035 1.48049784
    1.42471385 1.02018988 1.4020623 1.42971623 1.52407777 1.67143846
    1.1298939 1.06738448 1.22515464 1.4410913 1.55859649 0.851975381
    1.71163189 1.00260985 1.43455529 0.887430489 1.06536996 1.7147758
    0.969799459 0.986937165 1.17923379 1.66905439 1.2083497 1.14967585
    1.45305443 1.58546877 0.918042362 1.18670058 0.758957028 0.958789647
    0.847640336 1.08985472 1.06424367 1.14627755 1.66818929 1.31052673
    1.56709635 1.35818386 1.48298168 1.09444094 1.36610222 1.47299373
    0.777627349 1.49094796 1.23935461 1.40077996 1.42019272 1.5150938
    1.14598882 1.29182673 1.13083851 1.69481468 1.67308593 1.71081376
    1.69671452 1.3976388 1.35436547 1.23172462 1.68036127 1.68629622
    1.45836699 1.18677914 1.52733326 1.05081415 1.15995002 1.15819573
    0.90544039 1.50688624 0.78444773 1.5175271 0.721768916 1.05357909
    1.12995636 1.21496081 0.74122715 1.41479754 0.920896769 1.23884296
    1.6369164 0.818119049 1.44646752 1.12712955 1.33274591 1.36442685
    1.6809324 0.93650496 1.21077895 1.13360608 1.56999671 0.766432583
    1.07496417 0.761428714 0.768408537 1.29502332 1.2757014 1.16657948
    1.04680789 1.0238173 1.62216961 0.942513585 1.18127322 1.33506191
    1.49947464 0.996191263 0.954453886 1.25925636 1.42241406 0.967996299
    0.73477906 1.00305128 0.911362112 1.52486026 0.943683565 1.18743885
    1.15337849 1.19701779 1.11856496 1.40623796 0.94329977 1.19667232
    0.820545793 0.757742524 1.16849053 0.82259798 1.16691458 0.813581944
    1.54167616 1.47074091 1.06475127 1.16912639 1.58912921 1.13050199
    0.925430059 1.0594728 1.42186511 0.845720172 0.937171102 1.15326452
    1.06043196 0.847515464 1.20799983 0.855888307 1.03272545 1.10246229
    1.70993662 0.838597178 1.04947591 1.17148662 0.814525127 0.859100759
    1.38810515 1.57835007 1.66635203 1.0518471 1.16299105 1.34010029
    1.23090458 1.15819871 1.46878409 1.02470362 0.72956419 1.46901619
    1.27383864 1.02054584 0.715649903 1.06133342 1.27666044 1.26496446
    0.949836731 1.55139172 1.40472627 1.21747911 1.38205969 1.28156698
    1.0919435 0.728403628 0.921841741 1.66397345 1.57499576 1.15228724
    1.49887443 1.35825956 0.720165551 1.44796681 1.51674676 0.968857765
    1.61725152 1.62767708 1.20578873 1.344414 0.905152798 1.66444933
    1.50287342 1.37112689 1.64042509 1.45135462 1.20017123 1.63775396
    0.959406257 1.64906728 1.62743056 1.53298068 1.33084309 1.10060537
    1.45725441 1.24924588 0.773706496 0.885735691 0.821189165 1.00859571
    1.05401611 1.66029835 1.27817631 1.69089198 0.877206087 1.54538298
    1.53186882 1.46526563 1.14001799 0.532751024 0.429362744 0.666882873
    0.947726309 0.740641952 0.568612754 1.43207872 0.780883849
    0.638679445 1.19068563 0.788487375 0.839361727 1.38789415 1.4742291
    0.819300234 1.13624978 1.31221521 1.237064 0.970956266 1.60919619
    1.47067606 0.808476388 1.34754813 1.02252579 0.847649992 1.68269992
    1.01676559 1.32458937 1.45169199 0.97380954 1.59950888 1.5756712
    0.775872529 0.767171741 1.68373787 1.04653656 1.32691884 0.749910653
    1.20273983 1.66541791 1.38572311 1.66354156 1.20471382 1.06663024
    1.03257978 0.863398194 1.54647577 0.811528385 1.32229674 1.48605013
    1.18149507 1.62468219 0.867026925 0.867171288 1.48377073 1.03207529
    1.6976757 0.847535789 1.06818128 0.963217139 1.4968394 0.723824799
    1.65945244 1.35142589 1.4138788 1.12048221 1.07774162 1.4869386
    1.15232527 1.63345718 1.04193759 1.47659338 1.1079464 1.6281116
    1.2719512 1.22736919 0.977804005 1.10857296 1.45742965 1.63157558
    1.27963698 0.800747454 1.43543148 1.54812968 1.56093419 1.60516393
    0.866983354 1.62478638 1.55799937 0.829548061 1.3801136 1.61390424
    1.35513794 1.14413905 1.68851709 1.55720651 1.51523733 1.48112977
    0.919321954 0.681875229 0.875534832 0.961910367 1.29413617
    1.57516801 1.12529445 0.771348238 1.04899669 1.31003082 1.12863851
    1.15427256 0.781063259 0.95857811 1.50195074 0.741421461 1.4429965
    0.889747262 0.973828435 0.962687254 0.993245602 1.10089529
    0.792679369 1.37080073 1.39853776 1.46136701 0.875749886 0.83904469
    0.9147017 1.13542223 1.17752612 1.56441963 1.65796363 1.40212381
    1.53217983 1.63691258 1.36176777 1.54438984 0.798552871 1.69575822
    0.863836825 1.51068747 0.912613869 0.846235275 1.41007817
    0.826429427 1.48207355 1.03644919 0.876564562 1.06789649 0.885944247
    0.772025168 1.68948376 1.528234 0.882988214 1.25952411 1.60483861
    0.77681154 0.973189056 1.06120729 1.6162641 1.67171073 1.2112608
    1.26309884 1.49904907 0.736837685 1.11079764 1.42994297 0.841967762
    1.51721144 1.19876778 1.42327571 1.30804813 1.56503236 1.61815894
    1.39933634 1.45321798 0.798170924 1.35272229 1.55776095 1.70068479
    1.31735754 1.5582912 0.839908123 1.5511471 1.23528516 0.876796842
    1.679986 1.61855412 1.6284194 0.85042274 1.4134407 0.957831621
    1.43263829 1.37375546 1.13051391 1.65536463 0.72156477 0.920773804
    1.5744065 1.28706098 0.743553102 1.52465689 1.11376905 0.963703275
    0.822665811 1.60702133 1.21444798 0.792596042 1.43684804 1.03638363
    1.57168722 1.13439107 0.733617008 1.54495108 1.62518537 0.876244783
    1.04220259 1.08401299 0.711830854 1.39243567 1.38777602 0.757040381
    1.10091877 1.53901505 1.53619456 1.27601242 1.1169461 1.35221386
    0.87824589 0.939600527 1.32973957 0.691490471 1.29398239 1.35456157
    0.810216665 1.03782415 1.36880827 1.38521683 1.27547038 0.701902092
    0.986199617 1.13609779 1.4751606 1.40832412 0.882074356 1.37025714
    1.70965838 1.0256815 1.36771452 1.0630697 1.63408875 0.825089276
    1.55714738 0.974847674 1.39561498 1.28539526 0.720213115 0.752069652
    0.995778203 1.12945747 0.940632224 0.642281651 0.619869351
    1.34338665 1.19737303 1.22846079 1.19742465 0.79916811 1.43973517
    1.63119793 0.686463118 1.40875781 0.924536586 0.867054701 1.05899882
    1.43274093 1.3196466 1.61384678 1.00900078 0.749890745 1.01484084
    0.713464558 1.6819979 1.02680194 1.18822694 1.50563705 1.12589335
    0.893870711 0.951301277 0.752794385 1.50238693 1.42723083
    0.852396429 1.53042245 1.11957586 0.785112143 1.61838222 1.42733097
    1.08198929 1.53482354 1.32549083 1.58698404 1.59211278 1.47422051
    1.41525459 1.11302948 1.63849938 1.37394774 1.66395593 1.38215327
    0.898668528 1.23387158 0.845053077 1.2999953 1.69288647 1.28579712
    1.37274742 1.11047149 0.692581475 0.990865171 1.34131444 1.00079691
    1.16519773 1.24591553 0.831062257 1.36504602 0.980472982 0.682556987
    1.29738939 0.896104515 0.881472647 1.14636075 0.899943233 1.6207664
    1.22434664 1.67320955 0.849767745 0.9609586 0.795659661 1.61666727
    1.13305664 1.1980356 1.64978456 1.44753337 1.21492076 1.55093217
    1.14457726 1.54484367 0.741446257 0.724861026 0.906494856
    0.742765367 1.2607975 0.72550112 1.27229524 0.963976145 1.36812425
    1.2124846 1.15681911 1.48035061 1.12950635 1.06854236 1.05939722
    0.890445769 0.993330419 1.33746171 1.53851819 1.28280759 0.972592533
    0.932798147 1.29624414 0.988587081 1.42342484 0.718953073
    0.990030527 0.698452771 0.695407331 0.771780193 1.63625956
    1.67179716 0.823385715 0.684480309 1.12579954 0.712128341 1.29334497
    1.12307274 0.708081424 0.937134862 1.17452741 1.58051062 1.68495619
    1.17953086 0.879518926 1.39621723 1.02098298 1.22049975 1.61981428
    0.829459786 1.01005328 0.956334531 1.4616648 0.75028801 1.581195
    1.19680285 1.41849732 1.5304904 1.53736758 1.16683304 1.11047924
    0.749765813 0.823193312 1.59087574 1.69033909 1.11600614 1.48953772
    0.76561749 1.4289149 0.827809751 1.48312902 1.3619597 1.70272219
    1.11425793 1.6625495 1.06715822 0.972993672 1.03288877 1.12726617
    1.66001678 0.921811342 0.911379695 0.921071768 1.0647881 1.42413485
    0.974949598 1.59178424 1.3244009 0.972865999 1.5735724 1.6458329
    1.65120244 1.46039975 1.08587241 1.26988673 1.58879972 1.0597378
    1.03616977 1.12509012 1.25147104 1.39777756 1.12770498 1.42040789
    0.813747346 1.31596673 1.31638634 1.64808583 1.65359581 1.54216993
    1.50723565 1.49174416 1.59929943 0.926626563 1.36470413 1.05060935
    1.12786245 1.52172339 1.62342274 1.02033257 1.61735952 1.71141636
    1.31942034 1.6696651 0.826561034 1.1816088 1.37223041 0.7048437
    0.934814095 1.40028 0.90387404 1.31899405 1.08929992 1.44798005
    1.62752008 0.737811267 1.12246406 0.969952822 1.17344511 0.895487964
    0.794532537 1.37256026 1.40553296 1.04014456 1.58533621 1.08546376
    1.05063987 1.37639797 0.855683744 0.996374428 1.38532388 1.49795449
    1.47415042 0.988955855 1.21924067 1.09637105 0.896688521 1.43557382
    1.36142683 1.02171016 1.4305625 0.891706228 1.21835053 1.21899748
    1.43172574 0.875859976 1.09816122 0.912129581 0.598916352
    0.417441994 1.3674643 1.36318111 1.40504575 1.00464404 0.798945963
    1.1565392 1.08249009 0.83112222 1.12979925 1.50045717 0.881080866
    0.753634214 0.749428213 1.53698957 1.69649518 0.720970392 1.38632679
    1.284114 1.24535275 1.10534096 1.30597353 1.11865759 0.998639584
    1.099756 1.5784322 0.862650752 1.34133434 1.68004119 1.23040867
    0.739125073 1.27311409 1.42668211 1.2197659 1.64920413 1.68164682
    1.05603063 1.35865772 1.45801091 1.40442109 1.23351371 1.21463728
    1.27884495 0.992024183 1.66123164 1.03220296 1.12520266 1.56103134
    1.00132835 1.32274234 1.3292625 1.25224864 0.735678017 0.938586473
    1.33846712 0.795149088 0.837650597 1.01057327 1.58906281 1.11603212
    1.21655524 0.764828503 1.20059192 0.819605231 1.34091985 0.968468547
    1.42148507 1.40421474 1.56598091 1.22429895 1.33274674 0.77306968
    1.69730306 0.775735676 1.31041801 1.53375745 1.43249059 1.10901809
    1.05002737 1.32387221 1.13216567 1.30908108 0.768833518 1.48431635
    1.19217324 1.58987749 1.33365405 1.69522095 1.41585362 0.872593462
    1.53564882 0.948276937 1.39881837 1.30497336 0.79118371 1.13032115
    1.27219033 0.809465349 1.21051633 1.60959172 1.24211836 0.707172513
    0.687723935 0.663975954 1.58144128 1.05416334 1.03940785 1.13048768
    1.14262021 0.792165101 1.24122739 0.928849399 1.41464162 1.32920957
    1.27872276 1.1531769 0.920431435 1.5663141 1.36625576 0.82244581
    1.48758614 0.785055876 0.968281209 0.821769655 1.04740584 1.02370965
    1.04608679 1.49411356 1.65403581 1.34941828 0.899577081 0.830135405
    1.51510322 0.867050588 1.38414586 1.30112958 1.43146896 1.07994127
    0.955792964 1.40143609 1.49636924 1.41523147 1.64531004 0.865626693
    0.967327833 0.846816063 1.1684854 1.64473319 1.50521255 1.40073323
    1.00716567 1.63402784 1.56342065 0.900108099 1.6570034 1.06573236
    0.813135505 1.27621126 1.4027921 1.28477216 0.880100429 1.33343744
    0.948596656 1.33583188 1.21409988 0.862646103 1.07680857 1.20592797
    1.62810481 1.3865416 1.69246626 0.849655867 1.27901518 1.24503887
    0.939590037 1.65960383 1.08009839 1.03626251 1.27841651 0.98306632
    1.46561575 1.25987577 1.17413855 1.62820554 0.872325063 1.35913205
    1.37140906 0.873157263 1.13668716 1.61567581 1.52625537 0.763735592
    1.08644938 1.34924567 1.17848229 1.51570952 1.34536195 1.64060831
    1.04440808 1.6053673 1.32228923 1.47678006 1.26033413 0.925374687
    1.43735063 1.23727596 1.44453967 1.11356175 1.14116406 1.39257026
    0.700188518 0.812764585 0.711720228 1.29208124 1.18467093
    0.791750431 0.725685477 1.5754801 1.47318387 0.833374381 0.773684978
    0.802459955 0.802266598 1.38464606 0.927494168 1.65925109 1.19075596
    0.996576369 1.22179067 1.61687648 0.70219934 1.24578488 1.43914747
    1.3152014 1.54869127 1.37771297 0.859730482 1.14038384 1.3129735
    1.64048183 1.39392793 1.22631347 1.13937926 1.41152477 1.46975338
    1.23234844 1.04086804 1.15605342 1.20836163 1.66024148 1.51686585
    1.21743417 0.93694061 0.607114017 1.03337634 0.714906454 0.591339707
    1.32575786 0.925612032 1.23720419 0.684204519 0.702285767 1.11803567
    1.05653882 1.48343611 1.08110416 1.03292787 1.02674234 0.899590135
    1.21076751 0.706173122 1.2602911 1.64768469 1.42277563 1.23752046
    1.08081782 1.27294779 1.47065854 1.20723677 0.798881233 1.57503033
    1.63356543 0.834794819 1.36057258 1.16749454 1.43190074 1.28364861
    1.42501879 1.06179082 1.09794533 1.51390791 1.34260368 1.10635734
    1.18104601 0.763413429 1.47702682 1.71279478 1.50458086 1.20228279
    1.41604888 1.66939342 0.994548321 1.64813113 1.12999022 1.46579146
    0.856879234 1.3322798 1.51484263 0.832603693 1.36614799 1.18608463
    1.30130732 1.01036716 1.13173199 0.969019473 1.48334825 0.805633843
    1.46359408 1.09428883 1.28816307 1.10637593 1.12072849 1.37410474
    0.772691429 1.62269413 1.68762398 1.32331872 1.17073822 1.64227796
    1.66556895 0.945881128 1.08209968 0.932170033 1.47497761 1.32491922
    1.58761346 1.36523783 1.43505716 1.47295094 1.7231096 0.817537844
    1.36913717 1.60394025 1.38227153 1.17061925 1.0473758 1.52093482
    0.945178032 1.53360093 1.32103229 1.20264423 1.15866053 0.742514551
    1.44074905 0.705690145 1.18568468 1.25119293 0.74138087 1.46914387
    0.840266407 1.46979511 1.42987573 1.21378052 1.37006772 0.71472466
    1.37175393 1.42007053 0.773347855 1.12400699 1.13614213 1.60255122
    0.999382675 1.66795278 0.954378247 1.31717718 1.50970078 1.15649045
    1.24991488 1.49222314 0.893185854 1.47708392 1.25330961 1.09452403
    0.691653192 1.15830076 0.941749275 0.871487856 1.45912457 1.58614504
    1.58556509 0.855886221 1.32670355 1.21296287 0.742063403 0.789240777
    1.19214892 1.26478732 1.58066344 1.65356672 0.921538651 1.29309547
    1.16755986 0.950425029 0.84059304 0.71960783 1.16574812 0.728408813
    0.7184847 1.53722286 1.55734968 1.46152544 1.69282281 1.08731699
    0.762608528 1.15189087 1.67062891 1.74173105 0.821929216 1.72277677
    1.43288791 1.44745362 1.03571212 1.12869442 1.48651123 0.907270014
    1.10906518 1.39060163 1.29200959 1.19976354 1.11970639 1.70582366
    1.14061594 1.00167537 1.45253301 1.04107046 1.18940639 1.27098441
    1.43747544 1.46522367 0.841846168 0.775443494 0.812964737 1.37271392
    0.809996963 1.40734553 1.08756781 0.97267592 1.01273084 1.48633885
    0.967915714 0.771156847 1.23816025 0.83459115 0.983135283 1.51162732
    1.33174872 1.01259232 1.51194382 1.23503113 1.57686722 0.819572747
    1.61373889 1.41882396 1.05939913 1.06260991 1.23219955 0.831747651
    1.60383904 0.876828253 1.6881088 1.03582561 0.848719537 1.13354194
    1.34901941 0.705616415 1.09560132 1.47326136 0.774003327 0.759561598
    0.856205404 1.0335561 0.975796402 0.963568807 0.854911089 1.59593236
    0.861501932 1.6294086 0.943447769 1.63379955 1.69409418 1.12786603
    1.68268025 1.4615593 1.30285668 1.096398 1.18764865 1.42616379
    1.65881693 1.57182801 1.0464561 1.45881021 1.27372038 1.0207355
    1.60008276 1.67073119 1.26436436 0.776006162 0.560866654 1.23935914
    0.698573172 0.516447127 1.34466374 1.17744672 1.34662819 0.672123492
    0.700969458 0.864985108 0.838100135 0.741934955 0.725967348
    1.41204631 1.64130616 1.55090451 1.23876739 1.41126001 0.960471809
    1.12517536 1.1385808 1.56450617 1.24733317 1.45333147 0.903879404
    1.11009014 1.21890652 0.946648121 0.993493378 1.13175547 1.24486899
    1.62581515 1.50140893 0.723255694 0.782679319 0.728538334 1.10187745
    1.12091076 0.895906508 1.70236266 0.777216375 1.01958382 1.39515567
    1.61646783 1.58200002 0.875109851 0.915067255 0.933396816
    0.767267644 0.798420727 1.40405953 1.70754993 1.58052361 1.00086927
    1.09184861 1.67944527 1.37306786 1.49388587 1.65562689 0.912043393
    1.09001827 1.46194625 1.31548011 1.17769766 0.854522765 1.52141762
    1.35502458 1.1688714 0.78112191 0.720432043 1.68528044 0.799334586
    1.20495248 1.19476223 0.858339787 1.10894144 1.37962198 1.46914303
    0.965300024 1.44026411 1.04403138 1.06041849 1.39621425 1.11092913
    1.20019841 1.68107343 1.06031501 1.31096792 1.41059422 0.842510223
    1.16304374 1.39385748 1.12132406 1.44514227 1.35245275 1.39597416
    1.149176 1.07810366 0.709944069 1.39054906 0.832620621 0.788453639
    1.1821847 1.22964168 0.867076933 1.38915122 1.19740677 0.895083368
    0.920127511 1.01773787 1.04694974 0.770591855 1.11132395 1.49276173
    1.13554919 1.46314287 0.928761542 1.28623056 1.26239753 0.824553967
    1.1963042 1.62433183 0.854195952 1.24330878 1.05438375 0.990653574
    1.63466525 1.00666976 1.59657848 1.40670323 1.0067277 1.18216193
    0.866540253 0.953047872 1.32535601 0.970230818 1.51253068 1.39109623
    1.30289519 1.25945365 1.0877732 1.70338607 1.64200032 1.28394699
    0.865460038 1.3882761 0.979591608 0.739279866 0.925297916 1.26576507
    1.0232234 1.05852962 1.06607878 1.32954049 1.04665422 1.55041599
    1.03558886 1.46096814 1.71764374 1.69149435 1.25076222 0.845861793
    1.46180272 1.04874349 1.60823441 1.16706133 1.51020348 1.60377491
    1.45217681 1.51943541 0.905811012 1.02812195 1.69463003 1.01938736
    1.05390978 1.02949655 0.948992789 1.4949373 1.20246696 1.58483171
    1.49274373 1.08685517 1.67007041 0.738024652 1.34836829 1.7178688
    1.44446898 0.828426838 0.995009422 0.962482333 1.27860498 0.79665637
    1.46569204 1.46545196 1.39488959 1.33038902 1.03716123 0.990339816
    1.40591443 1.24927831 0.927937686 0.834977746 1.07687092 1.06682563
    1.18380344 0.984642506 1.05393887 1.35716116 1.01601517 1.59357488
    1.17125583 0.767843485 1.37651253 0.867228448 0.738838494 1.63216138
    1.09917879 0.727694452 0.942917824 1.49975896 1.10014689 1.2951932
    1.36787069 1.29629505 0.754744291 1.39133799 0.892982185 1.43988276
    1.68025017 1.50281358 0.933741808 1.25931978 0.74247849 1.31548071
    0.717572808 0.947223008 1.38715887 1.44069493 0.858266532 1.56779242
    1.24813175 1.24966192 0.741805732 1.25006199 0.796313763 1.09757173
    1.19753826 1.62542188 1.38820994 1.51383913 1.15948451 1.53516352
    1.2084161 1.45079184 0.918968856 1.07280171 0.834866107 1.03082991
    1.27252889 0.970434546 1.15030551 0.921367645 0.765340209 1.46397209
    0.846309125 0.885619819 1.39759564 0.675458431 1.20041072 1.24739909
    1.65091383 1.27928984 1.28027594 1.23199034 1.30833161 1.24570692
    1.68861461 1.34853172 1.25476074 1.46494102 0.816727281 1.14567053
    1.05155921 0.910870612 0.835040689 1.67345333 0.729209423
    0.937639415 1.30290556 0.913677812 0.928342223 1.09798551 1.58450091
    1.59291148 0.993232191 1.61252761 0.89925307 1.23468065 1.40649235
    1.17138767 0.961898208 1.26285338 1.62967491 1.25198519 1.20602882
    1.73032081 1.08365357 0.868817508 1.14237523 1.25186932 1.7050488
    1.6404928 1.04544806 1.65745401 1.61574566 1.42846179 0.71644944
    0.831987321 0.847651362 1.29065585 1.47734606 1.61807847 0.852031171
    1.12071216 0.756656766 0.75901258 1.51774454 1.1787641 1.38404322
    1.16432953 1.57050085 0.785508096 0.804935455 1.53524101 0.725702882
    1.08772826 1.72632051 1.66851497 1.06747341 1.20733416 1.51731312
    0.852064431 1.22358286 0.929030895 0.934107125 1.21299863
    0.760935605 1.39114916 1.40756714 0.982514143 0.81796658 1.06539083
    1.38489807 1.45942461 1.21079302 1.50447798 1.55075276 1.62945509
    0.869669616 1.3747915 1.65837896 0.948595047 0.74571234 0.790567636
    1.56969965 1.19306839 0.826855004 1.64376354 0.980050683 1.24709213
    0.775399864 1.41749024 0.992219388 1.18077052 1.42382348 1.40622318
    1.69209146 1.23478544 1.55994272 1.30280757 1.30013597 0.96027714
    0.80534941 1.16069853 1.14972913 1.20730567 0.731061935 1.05792916
    0.816993356 1.19074166 1.13390326 1.2854501 0.873424768 0.759341598
    1.29571533 0.826074243 1.41901577 1.21188188 1.54054403 1.51571321
    1.23575306 0.975623429 0.960856974 1.16141331 1.20121324 1.04830694
    1.23751807 0.829455256 1.68669605 1.04612732 1.23025835 1.46341681
    1.67503035 1.63857388 1.28286803 1.10690522 1.45773375 0.96032393
    1.26897073 1.28087711 1.08704615 1.16495061 1.19967747 1.24233472
    1.52196634 1.45012295 0.891969681 1.296229 1.32232153 1.42745316
    1.64289844 1.15838122 1.12563586 1.14085197 1.65653884 1.57441282
    1.41486692 1.06739378 1.4777813 1.06128764 0.849644065 0.960480154
    1.48513007 1.11668432 1.02540743 0.97647351 1.27369559 1.28476143
    1.35078132 1.24349558 1.39346898 1.15989983 1.0086906 0.914635241
    1.08852577 0.749132693 1.38726294 1.16233933 0.914728284 0.849625707
    1.21084166 1.1057483 1.47184014 1.45358121 1.49787426 0.843552709
    1.06759441 1.12766218 1.24282777 1.24732506 1.24827504 1.29421771
    1.16971338 0.779386699 1.44108224 1.15485454 1.37824941 1.61459994
    0.908857048 1.56796789 1.62936151 1.07526875 1.17816806 1.65276098
    0.877609074 1.43360257 1.43005455 1.43848073 1.51356983 1.38006651
    1.43831027 1.66614127 1.59025061 0.76979208 1.355492 0.986891747
    1.63902926 1.59007764 1.35548007 1.35292995 1.16314793 1.57342863
    1.52672946 1.04758334 1.59885037 1.58128846 1.50485039 1.15482378
    1.53253126 1.38266325 0.885162294 1.52454305 1.20149422 1.26462018
    1.00024176 0.959482551 1.25236297 0.560692251 1.2551533 0.813906312
    1.21637893 1.16991985 1.49117649 1.33377361 0.699974954 1.09179497
    0.74410367 0.852979481 1.12456608 0.997517765 1.03449929 1.5266875
    0.815319121 1.01045966 1.06520426 1.57782698 1.12858689 1.09716868
    1.35049856 1.20290232 0.81769526 1.18405151 0.875681043 1.52471447
    0.841842294 1.5729717 1.63936973 1.15975583 1.71679902 1.56907713
    0.81140393 1.2040596 1.06353748 1.53754139 1.13052487 0.86722964
    1.73287773 1.05510724 1.09058344 1.39415824 0.923275828 1.69843662
    1.3352387 0.890672624 0.781129479 0.831120968 0.876672506 1.15569758
    1.31118596 1.00149333 1.57726753 1.47495484 1.17728353 0.823144972
    0.707207918 0.776602626 1.10094321 0.940674365 1.11597908
    0.856426239 1.12730777 1.57980382 1.144665 0.973330855 1.05918133
    1.02866244 1.53604519 1.27189183 1.22204447 1.28923035 0.940565825
    1.54793 1.0396862 1.09280479 1.38075995 1.34510386 1.52333534
    0.845363081 1.10637021 1.21184123 1.46370935 1.60218263 0.802627683
    0.960820556 1.70720851 0.753769517 1.56781447 1.59851789 1.67610717
    1.27924335 1.6687032 0.871301889 0.779481232 1.37753165 1.51556861
    1.17107952 1.26450491 1.15357065 1.36779749 0.933141768 1.28867364
    0.883689284 1.25776374 0.867197335 1.65833986 1.0804677 1.40722919
    0.958569884 1.66100752 0.736631155 1.3330375 0.843355954 1.62270403
    0.975292087 1.13625681 1.52724028 1.42493224 0.675822079 0.72045964
    0.762031019 1.05492198 0.691408753 1.30225766 1.23424959 0.854984462
    0.698954046 1.39284086 1.38779116 0.893571675 1.45484591 0.708080411
    1.01277256 0.794602513 1.5580436 1.09817386 1.27071416 1.25910509
    0.8993994 1.64719987 1.36059761 1.60089707 1.27363074 0.892148316
    0.76357913 1.00942945 0.805837989 1.24566162 0.801124334 0.696100354
    1.45908856 0.79580909 1.67209816 1.14868152 1.50586355 1.16573524
    1.10860002 1.55617869 1.13153541 1.48061121 1.65346301 0.82161963
    1.11129713 1.25913429 1.24820089 1.02853298 1.41025329 0.771600425
    0.750470996 1.21629548 1.02223969 1.29704905 1.05800653 1.16991842
    1.0274384 1.51868165 1.57095075 0.864572227 1.43924105 1.01343024
    1.17499661 0.857170165 1.41572368 1.33508563 1.023453 1.29597294
    1.02491689 1.34266448 1.40312302 0.787201047 1.10268974 1.10674644
    1.19185364 1.01400912 1.66595614 1.26318586 1.33870697 1.09558916
    1.11907554 1.41836643 1.22749329 1.5943495 1.0150075 1.4324075
    0.722782016 0.845235467 1.23178208 0.863294721 1.51368487 1.39015484
    1.37203217 1.17535138 0.76138109 0.929987371 1.37278855 1.34442222
    0.847870469 0.808311462 0.826709509 0.978592694 1.20170534
    1.22086489 1.1862365 0.959679425 0.944809914 0.736271918 0.956539154
    0.977280617 1.0785501 0.832130671 0.713820755 1.38735223 1.52556086
    1.02305329 0.926897347 1.24841714 0.777932465 1.39620137 0.784915328
    1.66097105 1.26798213 1.59608936 0.951401293 1.09166825 1.28901505
    1.21069312 0.888969421 1.62368667 0.917880476 1.08064926 0.571838021
    1.03637362 1.0092833 1.35573018 0.8599509 1.17555499 0.785387337
    0.573792517 1.02822542 0.961161852 0.891341448 1.65486014
    0.992766559 1.32739544 1.56495345 1.18781328 0.809582531 1.63159406
    1.10677481 0.787135184 0.782346785 0.71185863 0.843175292 0.85333997
    1.4000802 0.838624001 1.58592999 0.724225461 1.0236243 0.997906029
    0.830036163 1.28848565 1.2646234 1.39383101 0.921203613 0.91472882
    1.04883718 1.21320534 1.31821489 1.41015697 0.844281316 1.02807915
    1.49626279 1.50161374 1.25103474 1.64530241 1.63792014 0.937686563
    1.03892779 1.47583771 0.972753704 1.20443392 1.4193728 0.79563719
    1.102741 1.6349417 1.54525423 1.20816004 1.01616013 1.18085742
    1.48316967 0.953185797 1.42730451 1.0125885 1.68479645 0.866092622
    0.784422755 1.07544041 0.815248966 0.778925896 1.38991392 1.29632092
    1.62412298 0.869716287 0.877912223 0.94489789 1.39605153 0.96698153
    0.800788164 1.60900247 0.722338796 1.09354544 1.13255966 1.70417893
    1.36380708 1.51453972 1.03277135 0.684896708 1.65804672 1.48213232
    1.472031 0.792340636 1.33834743 1.0786438 0.859916329 1.02687967
    1.42183554 1.13222492 0.700147033 0.703824461 0.758898258
    0.735905588 1.66316795 1.19202113 1.14132595 1.53497386 1.2310698
    1.57663357 1.2640121 1.05996001 1.65860236 0.912726641 1.60035992
    1.15421855 0.872163415 1.26187706 1.32770443 1.38166308 1.08482325
    1.14457238 1.18053246 1.48909724 1.155743 0.750377893 1.46393538
    1.63605917 0.922213495 0.746153116 1.62063193 1.48190629 0.881807804
    1.27991354 1.28725243 1.51593792 1.45098186 0.962122023 1.63401926
    0.979650915 1.56400645 1.70098805 1.65866971 1.50021195 1.58592165
    0.872635186 0.768790245 0.969328105 1.47846854 1.4577738 1.05368149
    1.44928432 0.825970352 1.38465655 0.802549601 1.57653725 1.3963958
    0.797801673 0.73606509 1.21566641 1.27461803 1.53910124 0.794548571
    1.16545784 1.02132607 1.23406327 1.14747715 0.869240582 1.15860236
    1.42009223 0.830142379 1.01822841 1.47532797 1.47994602 1.42502546
    0.965558589 1.18461645 0.806105435 0.915995061 1.22154832 1.58441603
    1.67009354 1.59319568 1.13921273 1.54425347 1.1949755 1.13599098
    1.29453862 1.54031634 1.65611303 1.32155979 1.60265064 1.51052642
    1.13445997 0.738632858 1.10160971 0.916469216 1.29296017 0.808625162
    0.928262711 0.89911437 1.38271081 1.10529292 0.740811825 1.5456804
    1.30117321 1.31700981 0.957610428 1.08617198 0.891835749 0.981316507
    1.20889831 1.66035879 1.21030283 1.63318133 1.54749036 1.00427032
    1.16188908 1.51070237 1.63903093 1.02166009 0.748439968 1.30946517
    0.854946911 1.58710301 1.58595228 1.00427568 0.898509502 1.02891386
    0.704621315 0.888439417 1.14083457 1.21081758 1.04252303 0.912510633
    0.708687544 1.2686342 1.08092427 1.25935268 1.1918416 0.829938293
    0.841118217 1.3539921 0.993209124 1.02473521 0.855119407 1.21273685
    0.80467695 0.876126945 1.0036391 0.728038669 1.21016419 1.70039606
    1.41980135 1.52141345 0.6283288 1.54678047 0.579826415 0.763072193
    0.608911276 0.866364658 0.677046418 0.477117628 0.523280084
    0.674816251 0.604351938 1.15566444 0.797695279 1.0897553 0.96445626
    1.35885918 1.61632574 1.65720201 1.39219856 1.14752042 1.27083659
    1.33400774 1.47256064 0.966590047 0.690946162 1.2894249 0.843956172
    1.52037442 0.768944979 0.810860395 1.31989682 1.14256692 1.12654591
    1.62675691 1.52694356 1.66265547 1.62242985 1.27156639 1.02880406
    1.02468681 0.920307279 0.802554846 1.18906784 1.55482054 1.18602467
    1.62050998 0.779496729 1.65440667 1.57620406 1.06059027 1.17948282
    1.08893001 1.7190249 1.61947441 1.02454114 0.978372872 0.962029994
    1.65381861 0.867180943 1.63089192 0.863652349 0.983563423 1.06540513
    1.0058502 0.695958734 0.906257868 1.08036351 0.816936851 1.50918055
    1.51557803 1.32111549 1.54611075 1.01796794 1.22411942 1.54769063
    0.817410111 0.783950329 0.945265293 1.36216915 1.27039683 1.6558665
    0.878381193 1.43147659 1.24571407 0.903930128 1.08694553 1.0856961
    0.900226772 1.17292368 1.53891039 1.48797107 0.757162035 0.829523981
    0.695169449 1.1299727 0.709551156 0.701235592 1.02928972 0.70675683
    1.54783511 0.968991697 1.54080641 1.46317756 0.8866961 1.10477924
    0.790655255 1.58546031 1.52710366 0.735075474 1.30300188 1.60819387
    1.28671157 0.805679023 1.05285215 0.907742679 0.778571606 1.26888871
    1.53661072 0.805034757 1.18548572 1.68776703 1.37389278 0.791719675
    1.19933248 0.825463235 1.63143981 0.875035167 1.32993603 0.677012742
    1.03389692 1.09948218 1.19656634 0.872142315 0.969382703 1.54234934
    1.1878984 1.67157519 1.35097337 1.06986201 0.916073918 1.10600722
    1.38342583 0.942940712 1.36317694 0.950593352 1.30697322 1.38714242
    1.01038742 1.23914766 0.925995529 0.991455674 1.21574414 0.719806015
    1.24058545 1.4495914 1.14650798 1.50532305 1.27515411 1.13875592
    1.58220434 0.983926356 1.64069653 1.3425051 1.21968555 1.33648431
    1.45808506 1.6719209 1.50207925 1.65005744 0.706977069 1.34564662
    1.49556339 0.779488683 0.887616694 1.59406686 1.36634481 1.55569482
    1.32657564 1.14644301 0.78975749 0.956461489 1.55064225 1.25625277
    0.975010097 0.722369194 0.809942245 1.39112043 0.767747998
    1.06026769 1.38466966 1.31233358 1.07722485 1.34813988 0.809615254
    1.30545259 1.56305254 0.997047365 1.47742593 1.01004291 1.03629911
    1.44993055 1.35964906 1.24727809 1.4037267 1.61479032 0.862350821
    0.723508418 1.43064165 1.69857943 1.05387199 1.33278203 0.896460414
    0.710545301 0.953419924 1.23799074 0.904960513 1.2394073 0.850678146
    1.65425777 0.766921222 1.31993484 1.16718447 1.42279541 1.45997584
    1.36824453 1.39237833 1.50041795 1.05448747 1.03461277 1.14703119
    1.4437784 1.23831713 1.20740902 0.923695743 1.4037509 1.18874288
    1.18452501 1.06351912 1.42009366 1.63456225 1.10639215 1.21139538
    0.917560875 1.44459474 1.14551866 1.20713532 1.16576374 1.19845736
    0.803504765 1.54779518 0.722364783 0.759148002 0.797442436
    0.863224924 1.41658831 1.44391274 1.41245317 1.26956213 1.15388942
    0.963331878 1.24129128 1.21331084 0.385093778 0.65994674 1.0444181
    1.41357124 1.01268113 1.59341073 1.00831246 0.890834033 1.08570099
    1.11335576 1.68363917 1.17978215 1.27888739 1.31354034 0.928897381
    0.979858339 1.59810567 1.56667125 0.839440823 0.746914208 1.53508723
    1.54097676 1.14242446 0.953870237 1.16476631 1.22254539 1.01756465
    1.54430079 0.821800828 0.850641727 1.30575359 1.4005537 1.35168993
    1.56372297 1.39404202 1.02193952 1.28697085 1.47316575 1.211972
    1.60224032 0.885833204 0.73962611 1.01369703 1.59469724 1.52539897
    1.05389166 1.54918778 1.59815478 1.68519199 1.21534789 1.0903064
    0.700733364 1.12890697 1.44991815 1.08484662 1.09613359 1.62766695
    1.02609229 1.66407025 0.855932236 1.45389831 1.64340794 0.8398875
    1.20995617 0.780829847 0.954952061 0.76079452 1.68994713 1.28471017
    0.90869379 1.28718555 0.892419755 1.35682034 1.46797943 1.35715306
    1.43595767 0.845557749 0.873800039 1.00285864 1.04590857 1.26057363
    1.40030277 1.13902676 1.63019001 1.06480622 1.5077697 1.35722411
    1.57900012 0.948265374 0.70752424 0.710862756 1.04527402 0.988640547
    1.54716516 0.951512277 1.2078501 1.48712158 0.704851747 0.950012684
    0.753226399 0.713866949 1.12910724 1.53709435 1.17138219 1.56937695
    0.783972502 1.12727761 1.0553633 1.00129986 1.13451982 1.67968607
    1.19053161 1.34297001 1.46116018 1.58874619 0.738857627 1.14874482
    1.45514655 1.54156518 1.59717739 0.944351256 1.33495665 1.17781591
    1.51875734 1.0467453 1.61449826 1.4799093 0.728542924 0.754589856
    1.42227232 1.6500448 0.765877306 0.776898146 1.42421985 1.24300706
    1.67581701 1.21491432 0.951591253 1.16520882 1.39248145 1.05636764
    1.43020642 1.01634705 1.04959476 0.850718856 0.744045794 1.64554048
    1.28381145 1.37508523 0.81619817 1.35701597 1.40615356 0.725034773
    1.29737103 1.64411128 0.755775154 1.51705599 0.865030408 1.40218115
    1.17854893 1.54568279 1.35178614 1.18437839 1.27399445 1.20917284
    1.51100826 0.95471555 0.917086005 0.955075622 1.6011101 1.36401212
    0.937883794 1.53451502 1.53969729 1.22642827 0.804480672 1.56080413
    0.975402474 0.939063132 1.63143826 1.4580617 0.829527974 1.34260654
    1.30996299 1.04727972 0.871434093 1.45423293 1.04524338 1.57892764
    0.80851531 0.694282293 1.37293959 0.687030137 1.62905574 1.42430699
    1.25940681 1.45762718 1.08317339 1.55046105 1.09209716 1.10711062
    0.956046283 1.4958508 1.10213363 1.60013711 1.20823073 1.13461304
    0.84866035 0.904436886 1.02556455 1.27767611 0.837211728 1.13181043
    1.25119078 0.73319906 1.23676479 1.45372713 1.3813889 0.787220538
    1.20438337 1.44420123 1.27755964 1.17186403 0.699182153 1.11588824
    0.665158927 1.11678672 0.76439631 1.17655385 0.879257858 0.783325076
    1.64312768 0.81664145 1.14332294 1.51838219 1.14500523 1.27540565
    1.36078918 0.751512587 0.702861071 1.1136986 1.59464252 0.86594826
    0.797117174 1.22913074 0.965754032 1.02198493 1.62000144 1.15944898
    1.45548868 0.762154341 0.652191758 1.36956418 1.39287961 0.89820075
    1.32801116 1.12394369 0.861796319 0.924969018 1.00517881 1.20914471
    0.729026973 1.50477147 1.59905553 1.10882962 1.11403382 1.11344814
    1.04543185 0.709714949 0.886418045 0.864350855 0.902993798
    0.934728086 1.10045707 0.962374568 1.15004539 0.652260005 1.48029602
    0.655730844 0.932412565 1.08993483 0.97703445 1.02408051 1.12575328
    1.16395736 0.940945029 0.737327993 1.53370595 1.60467517 1.38633025
    1.26506352 1.21664929 1.17088675 0.952914536 0.776098251 1.62532842
    0.770521998 0.973474264 0.743083596 1.68944514 1.41295743
    0.904991567 1.53765523 1.41106629 0.960826457 0.972208798
    0.948940992 1.15059924 1.55038154 1.54813695 1.59704769 1.65094388
    1.60890031 0.855220854 1.07797456 1.15119064 1.56412029 1.59344757
    1.39148808 0.711605847 0.884083927 1.66480446 1.45582485 1.6689086
    1.67011547 1.54671538 1.55015755 1.14139199 1.03921926 1.42322147
    1.52915847 1.2836448 1.67939889 0.967672467 1.41106725 1.35701323
    1.5227493 0.961898625 0.851739585 1.49990964 0.820138454 1.17983353
    1.08235097 1.57515466 1.21810555 0.812942624 0.965215921 1.02404618
    1.00981748 1.61333287 1.08614266 0.786529124 0.729580224 1.49838579
    1.35310972 1.01228917 1.19556594 1.16065526 0.981512845 1.58537996
    1.6163429 1.56489265 0.964933038 1.3529712 0.843786895 1.44261134
    1.20588207 1.23616326 0.945917368 1.14023173 1.00701129 1.63455904
    1.59032583 0.737302184 1.20053744 1.3641715 1.22242129 0.817091525
    0.766946673 0.963056266 1.2910639 1.61039543 1.53090262 1.22766078
    1.07048237 1.50042331 1.08557773 1.61417055 0.963912845 1.19619894
    0.698805094 0.794082403 0.876768649 1.33341861 0.941746414
    0.701773405 1.41917884 0.798932552 1.50316453 0.805744529 1.44142485
    1.1660955 1.22957969 0.7115646 1.63959169 1.64606631 1.62174237
    1.39936817 0.761868179 0.93920213 1.66946495 0.838507056 1.33650875
    1.37272286 1.56487191 1.6522162 0.856336594 1.43452799 1.43553555
    1.18256938 1.45724869 0.802142501 0.798907638 1.52564561 1.50588441
    0.831284046 0.940442502 0.749987006 1.48890805 1.30932534 1.3391304
    1.43849206 1.54975843 1.2288748 1.22297978 0.747749448 1.42968571
    0.999624372 1.25422788 0.956849813 1.37120509 1.61109257 0.759911001
    1.00792325 0.923729479 0.826564491 1.28783846 1.27878189 0.69953388
    1.36814404 1.46824419 1.56042767 1.17366719 0.746972382 1.52319372
    1.28356898 0.898541391 1.58853221 1.34829462 1.24725807 1.18145323
    0.812217057 0.75554651 1.20347822 0.916669488 0.768554151 1.61556387
    1.45113444 1.31518734 1.21680844 1.27671301 0.740591764 0.917906702
    1.66300869 1.53803456 0.697274327 1.52241492 1.65371335 0.728453934
    1.07101655 1.4833746 0.886663795 1.12016869 1.26616764 1.34158802
    1.31589329 1.3575393 1.64813137 0.77996707 1.39313745 1.3077234
    1.46119618 1.54575717 0.823452294 1.10428202 1.28406346 1.32937145
    0.85836786 0.727169394 1.59339678 1.37414503 1.44147062 1.35520864
    1.44778526 1.48768711 0.70445925 1.46692252 0.879420757 0.751589775
    1.27661002 1.02102244 1.00922191 1.37542105 1.14214015 0.845469475
    1.07966638 0.901636481 1.47696435 1.59222722 0.740173519 0.733467579
    0.868879795 1.22148955 1.68031347 1.29956043 1.34710991 1.65147114
    0.887532771 1.59106302 1.18957448 1.34937751 1.59852171 0.638592184
    1.50338376 1.4655242 1.16791463 0.919422448 0.964030862 1.02564752
    0.758303881 1.21003044 0.836011767 1.01410413 1.30777395 1.15505719
    1.03236187 0.733142793 1.24676514 1.16279984 1.63109398 1.61857283
    1.38401806 1.63469636 1.37888026 1.32315862 0.713675141 1.59378517
    1.44082332 0.874792337 1.42455995 0.885093033 0.831984639 1.46211934
    1.65433431 1.14082491 1.09877801 0.871656358 1.69686401 1.43305004
    1.66916013 1.09294724 0.957905233 1.52835143 1.47163177 1.44234967
    1.11683595 0.838173568 1.41123903 0.735971332 1.08832097 1.08810318
    1.03362954 1.25487518 1.42188954 1.58647299 0.768482566 1.64415562
    1.31945205 1.318542 1.22570169 0.827114582 1.55611956 1.23238897
    1.13940179 1.33366084 1.13333845 1.59130156 0.704697609 1.31022823
    1.13038766 1.0264957 1.03747141 1.04335248 1.46141934 1.2812717
    1.65345025 1.64547014 0.932577193 0.760789692 1.10446644 0.710895061
    1.61549258 1.32284808 0.891533196 1.49718487 1.170506 0.906309485
    1.57551181 1.00539327 0.862570405 1.70499825 1.35068452 1.30362403
    0.939334869 1.68502045 1.35135448 1.57898378 0.892161965 1.41576993
    1.34770823 0.970347941 1.0750258 1.47760105 1.34016979 0.799925089
    1.31508958 0.72917223 1.30629253 1.18140447 1.24142313 1.109267
    0.67431134 0.983063221 1.03786802 1.53172266 1.678918 1.46318924
    1.14948881 1.03264523 1.54094744 1.45705783 1.68211162 0.910014868
    1.42646837 1.2934978 1.63669693 1.0386858 0.894684553 1.57238865
    1.53902268 1.3395946 0.716376543 0.964801192 1.51791108 0.874161243
    0.849240124 1.46990645 1.52475905 1.60414743 0.829063475 0.913417459
    1.27545321 1.62932611 0.985369623 0.854222119 1.70045495 0.792989969
    0.993081391 1.0718925 1.32363391 1.06368065 1.03888083 0.771912158
    0.994607508 1.44149208 0.765735745 1.37346292 1.56166804 0.788789928
    1.64561749 1.47947562 1.04133153 1.44843864 1.39653051 1.15259814
    1.5826441 1.39105225 0.94712162 1.26392925 0.864532351 1.58744359
    1.41154313 1.47310269 1.06225967 0.957541943 1.59449494 1.26984906
    1.6146524 1.33304012 1.00525212 1.21222174 1.3652339 1.00275385
    1.51080251 1.2969656 1.00998855 1.46958959 1.22126102 1.43689704
    1.28202653 1.04025006 0.96759361 0.92589581 1.56298268 1.35520875
    0.982729852 0.773692369 1.22832251 0.825675428 1.50818813 1.3149904
    1.23318601 0.807507217 0.844647527 1.52070832 1.21999657 1.42746902
    1.4931376 1.03864908 1.59638333 0.894615412 1.54353666 0.869943261
    0.905763328 1.11838269 1.65341353 1.15087509 0.751888514 0.783182919
    1.04293323 0.820636749 1.41839719 1.50107539 1.67303944 1.23977184
    1.42370868 1.04901457 1.30104172 0.758992136 1.26101816 0.797571659
    1.18608844 1.23290181 0.696613729 1.35109544 0.488155156 0.543808401
    0.614296854 1.36232686 1.18191922 1.27243781 1.18632221 0.907799304
    1.12261605 1.19895005 1.32654727 0.914697886 1.21339381 1.556319
    0.91829133 1.27271497 1.22510755 0.751967192 1.22915566 0.868121564
    0.70225358 0.979334414 1.21396339 0.887004435 0.801581681 1.19003677
    0.742469311 1.51784992 0.798797548 1.55989408 0.913218856
    0.976387203 1.52417254 1.58516848 1.29162979 1.36032701 0.730908155
    1.1191411 0.786477685 1.16320753 1.04341424 1.29117608 0.855032027
    0.869192481 1.57789075 0.802267551 0.990775883 1.11970091 1.68454564
    0.999622524 1.62795269 0.928086221 1.10181975 1.38230431 0.742583871
    1.05597687 0.907567024 1.57317102 1.35384059 1.33507276 1.36071849
    0.71097976 0.702641368 1.13905489 0.748218119 1.68354964 1.05957019
    1.55490267 1.04568422 0.852648973 0.842574298 1.37729633 1.04927361
    0.755194306 1.06235313 1.43191743 1.5319252 1.00738907 0.691074371
    1.1475271 0.947161615 1.24685693 0.775014162 1.4412607 0.898565352
    0.735969782 0.969673395 1.10344434 0.934995234 1.43297732 0.9928388
    1.47131824 1.07249153 1.62024784 1.65254116 1.48786688 0.768848538
    0.948317707 0.859704018 1.58304548 1.1124022 1.31645048 1.28812194
    1.37881839 0.801959813 1.47671759 1.46826553 1.66507435 1.59876966
    1.2166965 1.27690041 1.32143497 1.37570941 1.21483195 1.01925898
    1.64754307 0.962631404 0.935895264 1.36463237 1.0583384 1.05582869
    1.01031983 1.47613895 1.37339056 1.47786629 1.29133785 0.950416446
    1.19545782 0.76868099 1.14992285 0.732900798 0.975487351 0.706148982
    1.04889596 1.06285131 1.44264936 1.67728055 1.40120232 1.05557823
    1.34787261 1.15028667 1.04556656 1.21579111 1.05996954 0.866721749
    1.20181262 0.762996316 0.809673011 1.30518496 1.09098685 1.44548512
    1.10916293 0.840285003 1.30170977 1.05739784 0.936895013 1.25109899
    0.762174606 0.978274405 1.54290533 0.87408489 1.30648553 1.40948093
    0.713101685 1.11562788 1.44997287 1.31214035 1.49488819 1.27200532
    1.1317482 0.698634326 1.34096587 1.67573464 1.03293562 1.02118802
    1.6535939 0.708048522 1.21242189 1.07675481 1.61434925 1.2958256
    1.5162704 1.6442554 1.20156205 1.6642046 1.59918332 1.29566562
    0.9041242 0.801001489 1.19275987 1.24944174 0.907482982 1.16812778
    0.775745392 1.41595829 1.57721579 1.66676044 1.17831397 0.797984958
    1.50987363 1.0318054 0.701819718 0.950475395 1.61321568 0.783632338
    1.66312063 1.11910141 0.94195962 0.933248878 1.11927831 0.874627531
    1.08046806 1.22791398 0.72031635 0.71424675 1.503178 1.22194564
    0.961553991 1.14372146 0.980338812 1.5135752 0.769478738 1.05035639
    0.940195382 1.16499126 1.58842874 0.774963379 1.39490592 0.980579078
    1.23128843 1.10514879 1.11019135 0.699194908 0.67999655 0.878265083
    0.974911332 1.14485538 0.994100451 0.93015641 0.7820611 1.63150132
    1.22555006 1.28194773 0.937659204 1.23376203 1.25025749 0.739611089
    1.14779985 0.877426922 0.931637645 1.14887547 0.999834001
    0.823787749 1.38638675 1.27879333 1.15456748 1.3781004 1.18623006
    0.990041256 0.699954093 1.04092252 1.03449726 1.28064764 0.83560878
    1.35604203 1.49500239 1.53650689 1.64633977 1.37946057 1.16638291
    1.01976073 1.47253644 1.19072533 0.810529947 0.670906425 1.37027669
    0.777634859 0.665239513 0.842195094 0.924813628 0.6616956 1.26625919
    0.96701926 1.63305712 1.14678836 0.917770267 0.754753947 1.26937914
    1.22513735 1.53055596 1.52666426 0.971314192 1.3231833 1.26472104
    1.11281431 1.25817513 1.56553459 1.24986184 1.47931957 1.66231787
    1.22498548 1.35967588 0.959166348 1.13578188 1.08214843 0.932080805
    1.11193502 0.891288519 1.68043745 1.40932059 1.35410833 1.33428156
    1.26685655 0.77249527 1.31426859 1.08694172 0.731363893 1.51191258
    1.08072937 1.21393144 1.21680105 1.65490937 1.32632291 1.42348468
    1.40044475 1.60599899 1.72122133 1.0951314 0.848735094 1.62097275
    1.06199145 1.32369304 1.69347048 0.97984612 0.84396708 1.4090234
    1.45854473 1.36131382 0.834163308 0.868602633 0.925887883
    0.748812318 1.28893888 0.822295368 0.9750489 1.66379917 1.32892025
    0.820038974 1.021155 1.04380655 0.796325803 1.43592143 1.38541722
    0.748834908 0.851644158 1.01641047 1.46377587 1.12185359 1.06891084
    0.977762163 1.12371993 0.899970412 1.30497372 0.900903702 0.99119091
    1.10405111 1.63708425 1.48768187 1.14025795 1.61297739 1.72982585
    0.770476162 1.22642088 1.64471364 0.874807596 1.10965419 1.26849604
    1.36430216 1.45565903 0.970836461 0.959199965 1.10098386 1.1892041
    1.643556 1.18473959 0.99254179 1.63524544 0.922597706 1.65331876
    0.923015535 0.939160049 0.864558458 1.4849484 1.69384396 1.11903405
    1.31666803 1.53200519 1.68178844 0.711999178 1.05483043 1.04477239
    0.727630734 1.56732035 0.960655928 0.872466505 1.17024291 1.10194671
    0.979458213 0.946264625 1.02382672 1.64922416 0.752368331 1.20900047
    0.713293314 0.875234008 1.59093225 1.23827732 0.783949256 1.25125372
    1.19022381 0.909117877 1.13411176 1.56104934 0.965197265 1.08307433
    0.86022228 1.45827222 1.01727557 0.752402842 1.04232907 1.00167441
    1.05750334 0.717295229 1.57828259 0.787559211 1.22751212 1.21009302
    1.64111233 0.908560038 1.58723664 1.30594122 1.67801714 1.14622152
    1.39785028 1.46218276 1.44742358 0.807735622 0.894138157 1.22883964
    0.926335871 1.65024447 1.22969794 0.903978109 1.26835668 0.774664998
    0.767212033 1.11028099 1.43832731 0.743563294 0.894812286
    0.706052721 1.15531468 1.50318897 1.52640998 1.63418269 1.36575675
    1.15367699 0.914865077 1.25103843 0.887948871 0.850488484
    0.946150064 1.26829123 1.13935959 1.62914503 1.41055751 1.29496372
    1.54669166 1.03831398 1.31076086 0.813123822 0.830809176 1.15713453
    0.752265215 0.98684597 0.955775797 1.18873155 1.19449568 0.694783807
    1.63681912 0.729951143 0.783906043 1.46421993 1.32413888 1.4544543
    1.31015015 1.46008158 1.03270912 0.898231268 1.34102941 1.47853994
    1.14642847 1.11552036 0.825747669 1.5998981 1.30586863 1.59160566
    0.962999105 1.28523755 1.36348081 1.44607878 0.73063314 0.616394937
    0.690118432 0.753951609 0.764007986 0.950524449 1.02615273
    1.22443926 1.23830867 1.38201833 0.89009726 1.40834081 1.31974208
    1.15380728 1.23846781 1.63393116 1.27149057 1.5555203 1.13302553
    1.15021372 1.54520369 1.20623362 1.09488833 0.658268929 0.873722792
    1.15569973 0.957955956 0.93885231 1.30395734 0.936314702 1.44777715
    0.878615141 0.776790977 1.07607484 1.25624406 0.924341202 1.52067125
    1.29802084 0.782408834 1.03195 1.42764437 0.867873311 1.2074734
    1.6856482 0.964206636 0.765569031 1.39649665 1.03434515 1.08623052
    1.10979819 0.771119297 0.89331013 1.61307347 0.854702652 0.881102681
    1.07341468 0.906192124 1.49678123 1.1226213 1.43942547 1.41315401
    0.923583269 1.1898104 1.14276874 0.8246997 1.33437145 1.13116598
    0.862844229 0.746679962 1.01606107 1.41086125 1.60340226 1.67583609
    0.740351617 1.28360856 1.16350305 0.728410602 1.40538883 0.821545362
    1.36955667 0.992409587 0.979207277 1.60479033 0.827974141 1.4421407
    0.740813673 0.718617916 0.956905723 1.34149504 0.994569778
    0.737526059 1.45150673 0.706423283 1.31109023 1.55635321 1.14788866
    1.14536059 1.19495952 1.38746321 1.55232954 0.661266327 0.745494068
    0.928377748 1.54168653 0.729207158 0.938494682 0.875980258
    0.889003396 0.972867608 0.87086159 1.32764375 1.36144328 1.01492584
    1.56760609 1.15873444 0.778411865 1.58235323 0.979097605 1.02549481
    1.47871518 1.23523128 1.3939383 1.16183531 0.857182682 1.0612464
    1.08328915 0.928433836 0.903300166 1.14791119 1.30148292 1.03269088
    1.29817784 1.34857452 1.6190846 1.49482107 1.21395504 0.959806919
    1.02718902 1.64097905 1.55962181 1.65214956 0.877502084 1.35255313
    1.19900203 1.21533251 1.27731299 0.955003142 0.936933815 0.949462473
    1.47072589 1.29829156 1.52469766 1.29811692 1.41023779 0.733348548
    1.27882397 1.10383868 1.38992012 0.918368161 1.3058883 1.34390903
    0.890054762 1.31590044 0.930119038 1.05152106 1.07782805 1.38958943
    1.2061497 0.854893386 1.39601576 0.899508595 1.1455332 1.47445965
    1.23168242 1.19836128 0.915422082 0.937793195 0.952415228 1.69859684
    0.806922197 1.10751545 1.08088636 0.845807016 1.12560177 1.54830337
    1.08106768 1.19746912 1.50874043 0.818875313 1.22301066 1.44193971
    1.68127894 0.809484005 0.976319611 1.40991402 1.40040731 1.13957238
    1.34687626 0.955549896 0.719206512 0.832933784 1.50084913 1.61404538
    0.875030756 1.63654184 1.08145261 1.48257267 1.05242503 1.63803816
    1.46315861 1.5763936 1.07477164 0.996394336 1.55168152 1.00099635
    1.5926137 0.85566467 1.57310426 0.721600115 0.698066294 0.905376613
    1.49001145 1.47234607 1.04954243 0.989055395 1.13306916 1.66641593
    0.74297446 1.44299102 1.62082052 0.971533418 1.42749238 1.24302542
    0.796229303 1.27506781 1.47153056 0.856173217 1.12598515 0.971193373
    1.10890043 1.23158157 0.868237317 0.95688659 0.924309015 1.55155575
    0.759221494 1.17289627 1.09518301 1.18290126 1.04294109 0.724521875
    0.739073098 1.01355875 1.26255691 1.13811469 1.15503168 1.25733614
    1.18100798 1.07769752 0.526646733 0.729832113 0.964900374 0.63140434
    0.744584262 0.776985645 1.16120768 1.53321052 1.39225924 0.970059574
    1.68135095 1.48186004 1.33233476 1.25664282 1.25553322 0.779553354
    1.08826506 1.5917722 1.14088774 1.43063271 0.960774541 1.62369752
    1.11840713 0.919672132 1.54924989 1.09572196 1.33112943 0.936797142
    1.58818817 0.869747221 0.928228557 1.14819956 1.1277988 1.16020477
    0.788796186 1.39104581 0.814984322 1.10636187 1.24349499 0.857540369
    1.34992814 1.63637567 1.5086453 1.27632856 1.60813069 0.891396046
    0.997644246 1.3496815 0.989656687 1.48481464 1.33484745 0.876757503
    0.752990007 0.98631078 0.731947362 0.929569006 1.08038461
    0.957627118 1.08327448 0.820002437 0.838637531 1.34377968
    0.955039084 1.16401613 1.54605985 1.63403153 1.13105524 1.32557333
    0.744463861 1.25641847 1.37941206 1.03542376 1.64535189 1.3035779
    0.984728336 0.965796828 1.32176983 0.744207263 0.786120951
    1.51988387 1.6518693 1.48232579 0.711180627 1.14881217 1.64837551
    0.952443838 1.38428891 1.53057933 1.61035573 0.872992575 0.722718537
    0.812386751 1.04956305 1.42856479 0.942603767 0.817957401 1.47033966
    1.66637993 1.51684678 1.0895716 0.952922046 1.06026232 1.19152737
    0.69095844 1.61718726 1.58050466 1.02572644 0.758067131 1.47055149
    1.52911818 0.80246532 1.64683342 1.53055155 1.62545562 0.878578424
    1.52748144 0.801532328 1.66997612 1.10781622 1.18422627 1.09954512
    1.64437723 0.849363327 1.00930548 1.42104089 1.47951579 1.1244272
    0.959500551 1.16865849 1.06139779 0.677432239 1.14558077 1.19118512
    0.778680921 1.16789067 1.24601662 1.44853532 0.835608721 1.32890844
    1.29645765 0.981365085 1.42215908 0.757792115 1.36735928 1.56012309
    0.748486757 1.57821167 0.748271227 1.19424021 1.16087437 1.26384676
    0.716601372 1.01316488 0.728586733 1.27213156 1.00760984 1.30127108
    1.09736192 0.748095572 0.941450775 1.53846097 0.898301303 1.56127918
    1.29132545 1.577672 1.27108383 1.10142708 0.907227635 1.2325635
    1.51701653 0.951053143 0.721581042 0.809971035 1.4986521 1.00975418
    0.746655703 1.14432299 1.51376128 1.26146698 0.752011299 1.4073596
    0.816017032 1.33627069 1.12792218 0.967889547 1.62345195 1.34213841
    0.747950554 0.728260875 1.37667644 1.43482947 1.63747859 1.5308857
    0.787192762 1.6033684 1.06316447 0.824495316 0.930164337 1.57100689
    1.65018451 1.3899945 1.3536706 0.839476526 0.982958436 1.22701287
    0.826361954 1.05636144 1.20835471 1.58446074 1.38807511 0.687099516
    1.40316927 1.04370499 1.47332609 0.706119776 1.33684146 1.42318928
    1.46402419 1.35192442 1.20738137 1.04664719 0.938929737 1.50315583
    1.44698203 1.12914562 0.730003119 1.05614841 0.789386988 0.945799232
    1.24575663 0.863119245 1.57571256 1.35229266 1.37961149 1.38205791
    1.48045611 1.41002357 1.37576568 1.11147475 1.04181242 1.62685859
    0.789675117 1.61268401 1.59122384 1.16371346 0.817562044 1.22503698
    1.23633075 1.45846355 1.17984104 1.55575514 1.196558 0.605924904
    0.577445686 0.676616311 1.39107728 1.07846439 1.06232452 0.664504647
    1.42025673 0.881653368 1.33206713 1.55214763 1.24974048 0.800015867
    1.63061631 1.05368602 1.51602507 1.07281482 0.972189784 1.68311512
    1.38065922 1.1664654 1.38710296 1.45963788 0.698372781 1.32114756
    1.23227108 0.691415548 1.62030804 1.02399182 0.974728763 1.62483549
    1.48553121 1.25491869 1.42064023 1.51130915 0.73459667 0.960582614
    1.60873568 1.27895331 0.898335457 0.712483466 1.1639533 1.37285125
    1.18859112 1.36563563 1.07026327 1.15653825 1.32322288 1.56709611
    1.29126203 1.61754036 0.865885735 1.58221304 1.07217205 1.25823092
    1.64796007 0.851869047 1.35694659 0.71696949 1.35918045 1.49059737
    1.54385722 1.41137481 0.689554155 1.21222067 0.933385849 1.48045206
    1.65897441 1.59541571 1.18902206 1.35863638 1.53478372 1.40551746
    1.31315351 1.42826736 1.6059835 0.798798025 0.857914329 1.46395731
    1.30375838 1.3766253 0.747646689 1.65754545 1.52596688 1.60201085
    0.769703746 1.24610114 0.958417058 1.59323263 1.11196363 0.848326266
    1.62625659 1.18763864 0.879349411 0.760762513 1.40574896 1.51357198
    0.782854557 1.52311718 1.61781025 1.555197 1.24110138 1.58875704
    0.806214571 0.924753845 1.60860097 0.715543628 0.936973214
    1.40357375 1.32852817 1.28590488 1.57793963 1.58332884 1.23100507
    0.878929138 1.23001063 1.62311876 1.59280288 1.41899407 1.67509115
    0.883229911 0.895189643 1.47807682 1.42647588 1.45010257 1.09608281
    1.41233873 0.808462441 0.941961706 1.35523558 0.826305509 1.3263737
    1.35260093 0.675182402 0.88638556 1.00710392 1.59743845 0.90876925
    0.954778075 1.09200454 1.22161794 0.818836391 1.00250268 1.15459478
    1.6074996 1.65296412 1.03625417 1.57517147 0.945982814 1.22326994
    1.24925065 1.44432867 0.751467466 0.786711216 1.4051553 1.64682436
    0.899614215 1.1068784 0.908496261 0.750754774 1.68807292 1.33099961
    1.524297 1.12632453 1.33202791 0.695435762 1.30242479 1.16805339
    1.53267407 0.842062831 0.837677002 1.47753656 1.27765727 1.31515956
    0.867549539 1.25920892 0.85123843 1.63297319 0.986790717 1.64738071
    1.66088033 1.35074675 1.14868748 0.7457726 0.730470538 1.05904984
    1.35677934 0.778588653 1.42876458 1.67075431 1.30900252 1.0333693
    0.840382636 1.26030624 1.60256457 1.03961957 1.32288122 1.23909116
    1.39973855 0.825165451 0.977580369 0.930866718 0.883800864
    1.67615747 1.69552743 0.934348583 1.16926539 0.852433026 0.716343164
    1.59150445 0.797324777 1.37225068 1.32716537 1.25981927 0.900341749
    1.56282985 1.50319469 0.946526408 1.30484366 1.54330862 0.911439359
    1.00266171 1.13585567 1.21447694 0.819483578 1.58699369 0.734181941
    0.732313931 1.37941086 1.31791627 1.45888329 1.02290046 1.09243691
    1.16772962 1.4382211 0.724327087 0.749314845 1.34080005 1.33175421
    1.45744872 1.45370412 0.87762326 1.66118705 1.5703826 1.1945585
    1.62429214 0.725245059 1.19945431 1.44979882 0.83782959 0.915271699
    1.23896849 1.54470396 0.928031087 1.48422742 1.34070122 1.10857475
    1.49093902 0.836768866 0.480592102 0.863575757 0.500410259
    0.883018494 1.33630729 0.756845593 1.22017038 1.27496862 0.879215121
    1.33297479 0.87466383 1.10976231 0.73583585 1.37862933 1.66180038
    0.782470405 1.30382502 0.857852519 1.1380825 0.755893707 0.799360454
    0.9829849 0.786883533 0.876789689 1.50248766 0.92041105 0.814377189
    0.939665854 0.938067675 1.21052003 0.678771973 0.818820834
    0.951975763 1.58856487 1.19436002 1.09478486 1.51119792 0.721204221
    1.5602802 1.07858515 1.22671986 0.767414212 1.45777094 1.31500685
    1.31317472 1.05447125 1.54517365 1.68539596 1.26567686 1.67299736
    1.09745812 0.74768126 1.63109183 1.13667536 1.67109478 1.39430881
    1.41800559 1.00367105 1.04882693 1.35665119 0.974044502 1.01170301
    1.49728048 1.05188751 1.36331296 0.795587063 1.1999588 0.810610414
    1.55594826 1.35802889 1.60873604 1.35874701 1.39237523 1.66918707
    1.00165296 1.64157319 0.916660845 0.9942801 1.40419185 1.57642078
    1.52023208 0.727578104 1.05728149 1.08540773 1.03967154 1.21517837
    1.35656643 1.5027498 0.814084113 1.294595 1.32558417 0.814511299
    0.931447566 1.61336815 1.08235407 1.35594499 1.25121272 1.08699095
    1.1961447 1.4324007 0.820732057 1.11633933 1.19416332 1.51127267
    1.65800774 0.985319376 1.36537528 1.46609116 0.809633195 1.04598403
    0.815485358 1.31251514 0.850049436 1.46076846 0.872639298 1.63335693
    0.985934973 1.65944004 1.48825181 0.965484142 1.25763297 1.51370931
    1.27883053 1.19938767 0.79234457 1.40175104 0.827974439 1.530375
    1.1667887 0.769545019 1.29205501 0.7396487 1.4747901 1.42886603
    0.993006289 1.66919553 1.56833553 1.14839017 0.711836934 0.868281484
    1.5857619 1.0701648 1.20057869 1.45011377 1.16125381 1.54496646
    0.903556466 0.895893753 0.755150676 1.11088502 0.721654415
    1.37781537 1.10116649 1.36051559 1.31539583 1.15852475 1.56509912
    1.00001955 1.03547382 1.4613775 1.44914794 1.21793067 1.04118824
    1.44777226 0.93181932 1.27529991 1.40709233 0.816117883 0.841980398
    1.60619497 1.5058347 1.2414906 1.36714578 1.66716909 1.56045723
    1.38586938 0.898389757 1.30807066 1.38245368 1.65149534 1.54072833
    1.18612146 0.850525022 1.09633815 0.892103732 1.04806542 1.36208844
    0.937890053 0.87672013 1.66903865 1.0966171 1.42893469 0.966017246
    1.37895024 1.31827986 0.908598065 0.762476563 1.5222888 1.62966573
    0.971503198 0.883054674 0.833852291 1.55286527 0.964215457 1.2129333
    1.28310537 1.28748655 1.46946168 0.708249748 1.65164065 1.01708949
    0.789192259 1.43589532 1.29601467 0.693446279 1.45172167 1.4749831
    0.735164404 1.0081588 0.825040638 1.21941531 1.52624488 1.38763297
    0.814513266 0.915563405 0.927099109 1.30066681 1.08542264 1.40963948
    1.05633664 1.29179096 1.15841722 0.820878386 1.25232995 1.54794109
    1.65397584 1.01503277 0.976096272 1.62878299 1.25756967 1.23352802
    0.969013095 1.45389521 1.64328659 1.13983142 1.56459856 1.29791188
    1.35475624 0.828544855 1.11102831 1.12900019 1.65221977 0.992171407
    1.08665729 0.817733407 0.988991439 1.1217953 0.966834843 0.561507344
    1.39886856 0.639317632 1.48278046 1.07978177 1.36369669 1.44616687
    1.5418185 1.05407906 1.29791272 0.83003509 1.33658242 1.44646311
    1.18563664 0.813010573 1.00789154 1.40916407 1.08497882 1.31191576
    0.947976351 0.978084564 1.23295784 1.4532249 1.60600173 1.46854532
    0.802804828 1.31133533 1.07502484 0.863970339 1.28497422 1.01640904
    1.02584672 1.54487574 1.56846249 1.34840167 1.41473663 0.938332856
    1.43988013 1.02206314 1.00513077 1.3398459 0.755268991 1.40292406
    1.6306448 1.26962566 1.16148305 0.944596827 1.41424227 1.67261553
    1.08246946 0.890483379 1.12128758 1.44419909 1.1875248 0.839256883
    1.15301383 0.844280541 0.822744131 1.60602343 1.24736154 1.62005711
    1.52414155 1.47432196 0.686064661 0.703854561 0.770385265 1.40636683
    0.901720643 0.928491652 1.53187442 1.1054281 0.774802625 0.914803803
    1.20281661 1.38662207 0.995754957 1.53621233 0.680227041 0.797414422
    0.807465017 1.28577805 1.03741562 1.17112017 1.26471746 1.38270116
    0.971483707 1.04159439 1.63051736 1.54068065 1.00122356 1.50991511
    1.11634231 1.40404058 1.51958358 1.35376763 0.901845753 1.172984
    1.16989481 1.50489783 0.901871264 1.69277859 1.20931208 1.18382609
    0.873585939 0.910202146 1.4464581 1.43271291 1.09110045 1.30827355
    1.34170055 1.00247586 1.36605179 1.72907329 1.55601013 1.05190909
    0.927059174 1.13209701 1.41674328 1.51196599 0.916710079 0.754572809
    1.04394698 1.51097107 1.06022501 0.826050103 1.24306929 1.31362081
    1.12351954 0.922166526 1.49558508 1.54196656 1.14501762 1.64797783
    1.36464274 1.0403744 1.47099125 0.858405352 1.63185656 0.943612993
    1.6454643 1.66338301 0.984679878 1.35939813 1.06472242 0.827910721
    0.756698251 1.22000396 1.14024353 1.07986164 1.10992157 0.91846925
    1.1938343 1.0848335 1.42762971 1.28026688 1.64008307 1.46622682
    1.43498528 0.881487012 0.67948699 1.18560743 1.47291148 1.52148318
    1.04123104 1.45642221 1.16078269 1.24181128 1.22921085 1.67233801
    1.56898201 1.48223758 1.12737668 1.69121695 0.926716805 1.33929121
    1.43754578 1.43679607 1.65855026 1.62471938 0.85639292 1.68652701
    0.94132185 1.35688412 1.38202131 1.58776927 1.1325115 0.741730034
    1.66530347 0.872740388 1.22799146 1.61553764 0.773879826 1.39409018
    0.809318542 0.751004934 1.1137687 1.37433517 1.42335474 1.17389941
    1.22895288 0.777245462 1.26914072 1.4088006 1.06820917 1.31726062
    0.775798261 0.951369047 1.52128661 1.35507452 0.955923915
    0.718444467 1.45157981 0.855498552 1.14301133 1.19322848 1.0160861
    1.24025977 0.796836734 0.996073186 0.980021954 1.66734946
    0.839589357 0.826548398 0.747374117 0.754085064 1.31059659
    1.35749352 1.44440699 1.09822798 1.12797201 1.06762946 1.1596036
    0.78996855 0.733195066 1.0174886 1.19146037 1.45134461 0.957806766
    1.09780359 1.58054352 1.6805259 1.44512153 1.21128988 0.744906127
    1.17771733 0.822853565 1.67740488 1.04157019 0.841488242 0.897585332
    0.842310727 0.679620624 0.557929754 0.840876877 1.36366427
    1.11629891 0.437615305 0.724639118 1.26014686 1.32703209 1.31067538
    1.1522249 0.74335736 0.94219476 1.31247175 1.13760912 0.931833684
    1.0193851 1.03420007 0.92284435 1.343521 1.02195036 1.24563539
    1.37015641 0.765245199 1.60776186 1.09658647 1.33089244 1.04816115
    1.05244553 1.19958425 1.15280461 1.45924759 1.26566017 1.28534901
    0.881006777 1.06069767 1.44177938 1.45075107 1.68688226 0.843588769
    0.917830288 1.37270284 0.776894212 1.56381798 1.53287685 1.46756589
    0.809476078 1.46760094 0.707222223 1.20655453 1.66264236 0.994760513
    1.0314641 1.17435658 0.902225375 1.11088371 1.19434619 0.910471559
    1.12110043 1.1647557 0.713636041 0.758697212 1.24580145 1.65037286
    1.27851462 1.44305599 1.31789374 0.855850101 1.02321303 1.41821051
    1.13550258 1.12366557 0.992029727 1.39729607 1.34697437 0.848767221
    1.24474764 1.53022146 1.26201224 0.820788622 1.26035333 1.21070611
    1.59479308 1.50689209 0.76058805 0.8738904 1.04858124 1.0615412
    1.47345817 1.30346739 1.67174733 0.959511161 1.54661322 1.1390121
    1.03852725 1.6767205 1.18398726 0.992870212 1.70982194 0.916268826
    1.66334343 1.28266287 1.44718897 1.19855046 0.953863144 1.53760099
    1.61869919 1.65276194 1.10745072 1.55958092 1.5538764 1.58940768
    1.13782287 1.54615521 0.877227128 1.04045951 1.1494236 1.24213946
    1.63449037 1.11540306 1.52383125 1.40500534 1.50890636 1.11966777
    0.802015007 0.848310888 0.925163865 1.11593986 0.903556168
    1.37225008 0.647882819 1.17478919 1.35820949 0.672444582 1.20657873
    1.29435337 1.46886861 1.2650851 1.15393949 1.01188338 0.922278047
    0.85839349 1.32937515 0.999301195 1.04986119 1.40159237 1.0131346
    1.34212947 1.04130208 0.996011496 0.719614685 1.40343308 1.31671977
    0.684495568 0.734473228 1.28613019 1.50685775 1.62014091 0.663999021
    1.21005392 0.944312453 1.13694918 0.741519213 1.19125128 1.04394639
    1.4441607 1.58378267 1.46638417 1.60547829 0.787683189 1.33432758
    0.822660089 0.803332329 1.43858933 1.56356049 0.760253072
    0.847605705 1.35494554 1.41424406 0.749046385 1.34325373 1.64343381
    1.39067733 1.28245473 1.24071908 0.780589819 1.70530391 0.815415084
    1.52473676 1.18449831 1.41857362 1.30111396 1.58839381 1.03189123
    1.19065893 0.85651958 1.58027744 1.01415777 1.42152381 1.49729681
    1.4631778 0.866486192 0.846271515 1.66362119 1.67053127 1.15041494
    1.58788455 0.855164409 1.5819422 1.22684133 1.00970995 1.12512946
    1.24470747 1.08973134 1.00082731 1.2291497 0.99922055 0.784822643
    1.12457013 1.34401214 0.6897825 1.25231838 1.06772435 1.56913054
    1.12009585 0.898150444 1.24490535 0.971876085 1.15055656 0.721831381
    1.65897894 0.940685213 1.49754274 1.1313014 0.774859965 1.17990875
    1.26807916 0.794609785 1.51665521 0.73756361 1.26624 1.35362303
    1.34522069 0.803461134 1.51102269 0.943669081 0.891222298
    0.781819165 1.43077207 1.35645819 1.41568673 1.16513622 1.3376677
    0.815548062 1.61603749 1.4964093 1.20303595 1.42710268 0.571434021
    0.719132185 0.779851854 0.652725697 0.653586984 0.484404743
    0.867662549 1.35272264 1.23409224 0.845087171 0.890188873 1.16958213
    1.36500216 0.830435455 1.46641099 1.19391036 1.2260052 1.50329697
    1.45948756 1.32772148 1.21757495 1.42613173 1.49287701 1.65685761
    1.29720664 1.02179003 1.22758341 0.833675146 0.885380805 1.03474581
    0.900590241 0.725260794 0.764892995 0.891542673 1.65902615
    0.895291507 0.924109697 0.820610046 1.21898937 1.35783219 1.2558496
    1.10105669 0.774469376 0.956239223 1.35458207 1.05174375 1.31191397
    1.32136881 1.29602695 1.04447436 0.761526704 0.85299015 0.805482805
    0.68348968 1.07635474 0.723373353 1.169402 1.09104955 1.01053607
    0.991682708 1.16218197 0.676119983 0.893560588 0.997906923
    1.08501804 1.59331441 1.01542544 1.23749232 1.17492402 1.244192
    1.50396895 1.50041175 0.859122276 0.87187916 1.14733827 1.61705637
    1.60261154 1.4736135 1.57750845 1.47295332 1.54334998 1.67488551
    0.783684552 0.782973051 1.09686828 0.840833902 1.11023152 1.06169581
    1.43550014 1.31387782 0.892579436 1.45930934 1.30193853 1.28459537
    0.901734591 1.18876672 0.918199718 0.817735732 0.986212909
    1.47413182 1.41859162 0.758184314 1.30856276 1.40889001 1.12625384
    1.06381142 1.43486309 0.93396771 1.04235876 0.759380221 1.02186882
    1.16721559 1.63626671 1.40326464 1.41166186 1.34593451 0.782278001
    1.1677748 0.979408562 1.58662653 1.2105577 1.59276116 1.62998784
    1.58488035 1.41882885 0.95965898 0.836067855 1.52692628 0.975353181
    0.76553297 0.702922583 1.00346911 1.40259683 1.49519241 1.46300828
    0.679346442 1.17509329 1.51610613 1.12129712 1.02982962 0.923895001
    1.28513014 1.22984862 1.38668013 0.712013841 1.58359563 0.87940973
    1.38868165 0.805167615 0.712234735 0.921375513 1.61010408 1.57047844
    0.822555602 1.64976406 0.731846452 1.64624929 1.01734293 1.68522918
    1.14809811 1.2824192 1.07229364 1.53213799 1.65910327 0.985328913
    1.37933898 1.25093043 1.18839908 0.928872466 1.4597882 0.782090187
    1.09759402 1.24594736 0.960653245 0.877095163 1.04648232 1.59208488
    1.35055828 0.872063339 1.21836257 1.62200856 1.08990633 1.4610492
    0.945132375 1.30832148 1.63301218 0.771491826 0.997603118 1.18612301
    1.37623358 1.47984314 1.19779086 1.47166955 1.17405105 0.775298357
    1.43304026 1.41456664 1.29214501 1.11159301 0.715526342 1.23610473
    1.33075094 1.57757509 0.773881137 0.898457825 1.35635662 1.10780728
    1.39967501 1.56067657 1.07893181 1.14105666 1.43780208 1.19920039
    0.70743376 1.10399008 1.08239901 1.07213187 1.21885681 1.25939536
    1.25976694 1.6168952 1.02017212 1.22561467 0.796679616 1.10700357
    1.10388899 1.34868538 1.08909297 1.55843759 1.10610604 1.19730937
    1.09960949 1.61330295 1.25108182 1.17956209 1.42173648 0.843713582
    1.54171848 0.912832677 1.60480905 1.03132057 1.09615314 1.67086673
    1.03625357 1.56250215 1.73548412 1.27395892 1.50052762 0.843195081
    1.43973136 0.80938828 1.09022987 1.34019566 1.22139442 0.948888719
    0.548493564 1.0258913 1.20379174 0.525228798 1.04518425 1.18871903
    0.662219107 1.09332442 1.31989098 0.782341659 0.668834984
    0.930420518 0.848960519 1.4997592 0.781665742 1.37487733 0.982485712
    1.35917866 1.08685553 1.1710974 0.779829204 1.42374313 1.62337899
    1.56644809 1.63814211 0.772164643 1.29567981 0.991462886 1.0033077
    1.12070632 1.24396324 0.76761502 1.37336826 1.13645864 1.61584926
    1.05321622 1.62621832 1.60093451 1.19996905 1.39827561 0.952484488
    0.743060946 1.19457626 0.985303223 1.57162428 1.55541706 1.33486116
    1.26938319 1.44268143 0.745417774 1.47922981 1.67445052 1.03251517
    0.895304084 1.17649055 1.55149305 1.3867358 1.60387671 1.63280499
    0.858141303 1.23856914 1.1874305 0.71577698 0.74867028 1.2823863
    0.726456761 0.764933288 1.13152099 1.07745862 0.734601557
    0.952319026 1.04449677 0.920992732 0.813463151 1.07375419
    0.873315096 1.58402836 0.767266631 0.824196517 1.26514351
    0.793750048 0.824615836 1.2378974 0.81759721 0.722261548 0.921037018
    1.60463738 1.64325416 1.33236933 0.869674087 1.26749623 0.750151634
    0.845823467 1.69620979 0.984667122 0.734888911 1.44963586
    0.785455823 1.15162706 1.33743334 1.41033471 1.14029372 1.03597724
    1.25741374 1.00063312 0.976998091 1.0417434 0.936096668 1.30615377
    1.52822518 0.867621899 1.3142674 0.886001527 1.66075158 0.814375162
    1.25508916 1.28032267 1.1667918 1.46942401 1.08545458 0.959340096
    1.66468716 1.07886636 0.708573163 0.853245854 1.45278764 1.51905084
    0.798625648 0.73779279 0.763569593 0.865535021 0.68322897
    0.769812047 0.655693054 1.44981384 1.15814996 1.39560461 1.2076633
    1.11838984 1.0434165 1.38412011 1.33708692 0.962519348 1.52827728
    1.52045488 0.829490423 0.880084395 0.794041753 1.14156961
    0.937331378 1.48456001 1.24825537 1.13332188 1.38290882 0.765598953
    1.36381018 0.935215056 1.09573424 0.719455421 1.46495938 1.10671008
    1.004529 1.09121966 1.08254457 1.14534366 0.803984046 1.39734292
    1.66444874 1.37965775 1.32767272 1.00622261 1.46156311 1.04205656
    1.23646295 1.49271107 0.83000344 0.73811394 1.42199886 1.11059868
    1.65877235 0.820754468 0.924099505 1.47755075 1.42008114 0.827298403
    0.79252404 0.84768635 0.907865703 1.32588542 1.59823358 1.56114447
    1.22861266 1.35692155 0.954021454 1.22407722 0.868380964 1.1218226
    0.739756227 1.37615037 0.888404608 0.887168169 0.993511975
    0.817287207 1.31142068 0.755518496 0.963575959 1.0837276 0.759849191
    0.712760627 1.60583818 1.12014616 1.35615802 1.47573161 1.5831964
    0.845845938 0.815862715 0.917107522 0.700980544 1.10813129
    1.52578199 0.898938954 1.19803953 1.43865371 1.33550429 1.30356073
    0.713691175 1.25595391 1.26573968 1.02903414 0.801350713 1.5998615
    0.845907211 1.2721287 0.777724981 0.938733578 0.997383237 1.37466121
    1.28289592 0.884007037 1.39854693 1.42401767 1.55593002 1.15152347
    1.02349806 1.6025722 1.59071314 1.27412069 1.1981622 1.12496233
    0.984362662 0.990573883 1.63025832 1.20279849 1.46223223 1.15748382
    1.0940032 0.944010079 0.492178679 1.04502118 0.621577799 0.999006927
    0.808870196 0.518139124 0.575359344 1.0682373 0.733639121
    0.750816286 1.42240083 1.60376894 1.56480086 1.30380356 1.13284576
    0.814662576 1.45002174 1.42380095 1.03895581 1.60671806 1.65752172
    0.935611665 1.70787692 1.46041167 1.24677479 0.731504738 1.366889
    1.37891269 1.57745028 1.04017901 1.01680624 1.22917914 1.24926019
    0.985307217 1.06065905 0.960567534 1.49151945 1.48456168 1.37928832
    0.916190743 1.31144857 1.36392903 0.796585441 1.56388581 0.722601414
    0.696048915 1.07180011 1.1136452 1.30525208 1.05637825 1.33635843
    0.83231312 1.09479904 1.45746338 1.47627187 0.969252288 1.48915017
    1.25685 1.40060532 0.802718878 1.55870628 0.823342979 1.1483947
    0.876585245 0.712070823 0.719186366 1.03269565 0.793629229
    1.28227484 1.26182139 1.14249563 1.64998412 1.21359003 1.47187471
    1.2267698 1.08918917 1.04224908 0.815224171 1.56614244 1.63667572
    1.06904984 0.726042986 1.30871117 0.910561979 1.32764089 1.49903131
    1.60652971 1.48430049 1.16413772 0.76371026 1.26700568 1.45265889
    1.64860153 1.17746866 1.51110888 1.57354915 0.77932024 1.21205819
    1.03446841 1.14093506 1.65338707 1.11715639 1.46321213 1.56530643
    1.56438744 1.4163959 1.48372543 1.05515337 0.883088529 0.808128059
    1.0611403 1.59171689 0.965159416 1.4490267 1.60024476 0.86280781
    1.38606083 1.50809109 1.71739161 0.929215729 1.40077603 1.27598453
    1.18937516 0.82763803 0.745941043 1.40850985 0.699840128 0.937101126
    1.12655473 1.10867679 0.783159435 0.802830577 0.790769339 1.52691269
    0.978743076 0.890263438 0.982928216 0.800646424 1.49861181
    0.985405564 1.17880607 0.728915334 1.23905945 1.57187331 1.20809543
    0.943172693 0.910090387 0.699366271 1.34986281 1.39598382 1.11207008
    1.51992536 1.01924324 1.408512 1.17105913 1.24446547 0.811018705
    1.28402352 0.840806842 0.887628436 1.20020115 0.797282338 1.6102984
    1.12968731 1.38489509 1.64622772 1.37184691 1.48538327 1.14930201
    1.67429173 1.22892737 1.54981744 1.51420522 1.60731065 0.92876333
    1.58586586 0.851384401 1.45312989 1.12815976 1.53325725 1.08647013
    0.718612373 1.04694819 0.779046893 1.25921535 1.49613333 1.36239552
    1.14519727 1.06986225 1.53394103 1.44255686 1.38831878 1.24748826
    0.863014519 1.38616431 1.57133293 0.961825311 1.42169619 1.19319296
    1.53979087 1.2670964 1.11237907 1.6096369 1.66406417 1.1568737
    1.29081059 0.961799145 1.30495524 1.27771747 0.901362419 1.39893699
    1.23397565 1.6480478 0.908496022 0.76568383 1.11413836 0.774702966
    1.55503917 1.31160617 1.10528922 0.891763687 1.43129933 1.1287533
    1.011917 1.65909469 1.45255601 1.66042805 0.781452298 1.54290962
    0.717055321 1.02053022 1.17626607 1.31655407 1.53227186 1.1656065
    1.55994749 0.793551564 1.46613646 1.13602006 1.38014758 0.879125416
    1.46891701 1.58094466 1.30407131 1.06762242 1.17853642 1.68238115
    1.68726945 1.57166469 1.28548586 0.925468504 1.09252977 1.00075257
    0.889847398 1.19445288 1.24643934 0.487790346 1.13074076 0.459379315
    1.1906395 0.509957135 1.34880936 0.824927449 0.877762556 1.51683176
    0.97439146 1.12809575 1.52557802 0.812586665 1.17988384 0.739431322
    1.60535383 1.23151588 1.50377595 0.92701906 1.25286043 0.984604001
    1.42861927 1.53710985 0.971009612 1.05889368 1.55587542 0.85627383
    1.05383635 0.737934709 1.52854133 1.64589143 0.939403117 0.952191055
    1.24170196 0.831195474 0.675311327 1.25354648 0.911988497
    0.666903198 1.54541695 0.82127279 1.27288723 0.703868508 1.50642169
    1.41846466 1.49188852 1.15333855 0.979581535 1.61889815 1.6459471
    1.31584299 0.87676996 1.41360593 1.20647776 0.982305646 1.44297028
    0.786763549 1.13343513 1.33796942 1.23842096 1.04819369 0.857969701
    1.57193089 1.02955735 1.28112614 1.316257 1.44008708 1.58321774
    1.28358686 0.736587822 0.731060982 1.67062378 0.779605508
    0.911776662 1.67445719 1.6876806 1.19818711 0.885160983 0.965664327
    1.07471025 1.47180891 0.860798717 1.1524893 1.44563472 1.2734071
    1.26890373 0.717421234 1.04018283 1.68051243 0.699820638 1.25709975
    1.47325981 1.11367691 1.67143369 1.36029351 0.801669776 1.04491043
    1.10776663 1.15048814 1.71597123 1.52459657 1.25528443 1.55774033
    1.03340673 1.33008456 1.34845078 1.49188435 1.04830849 1.15390491
    1.07396793 1.63687372 0.865666687 1.70166993 1.22611845 1.47639763
    1.24407947 1.16983938 0.807475984 1.01496136 1.26909208 0.851774752
    1.25901759 1.5187254 1.22653866 0.642345905 0.645460248 0.692169547
    1.60011458 0.670983434 1.45409262 0.701832712 1.39548969 0.733543992
    1.61918712 0.836721897 1.23138773 1.37217879 1.4793812 1.29601908
    1.60766423 1.57308447 1.02057958 1.29645097 0.977609158 0.792300642
    0.98772037 1.23487949 1.03043044 0.68859148 0.688988864 1.23534
    1.56149685 1.1237855 0.862480819 1.32715368 1.38080883 1.2399478
    1.45596814 1.25508404 1.05559456 1.45239282 1.53146136 0.905230522
    1.4181267 1.03147471 1.04171634 0.885927558 1.30572009 0.817308307
    0.969681799 1.54641044 1.29408503 1.12299132 1.07120109 1.71374059
    0.789978087 1.2711097 1.12182307 1.48233891 0.92729193 1.5299046
    0.818040192 1.56448114 0.899184525 1.00114548 1.61805201 1.0486232
    1.41540682 0.85471797 1.07300925 1.27831328 1.07906353 1.25298488
    1.1586175 1.05177796 1.48677301 1.20809221 1.33521819 1.03821731
    1.50703585 1.28624249 1.43948627 1.12550843 1.41609359 0.746230125
    1.40272963 1.23108494 0.968727469 0.985495627 1.11143315 0.914193928
    0.763628364 0.9118554 0.850724757 1.22765565 0.855627894 1.01268363
    0.98415935 1.36705422 1.20259118 1.41070271 1.4492135 1.38958836
    1.11307037 1.09593868 1.01071775 1.23072433 1.04486477 1.5827949
    0.667048454 1.14572215 0.965974391 0.740655184 0.770880759
    0.99179709 1.03616071 1.32555282 0.849830806 1.08263874 1.12500012
    1.63093293 1.49856424 1.54649162 1.37543046 1.5445255 1.70188487
    1.06575203 1.55352783 1.06730711 1.64666605 1.63993204 1.30114508
    1.60528517 1.56605482 1.22915518 1.26955163 0.84727639 0.481885791
    1.08906507 1.28234661 0.689237237 1.09856582 0.515119791 0.864890099
    1.08495426 1.39444423 1.30837798 1.32244778 1.17738724 1.30550051
    1.37335968 1.06058347 0.744942665 1.09600151 1.67455208 1.13508141
    1.02165937 1.51747525 1.09962666 1.01084125 1.49469209 1.56354272
    0.814644754 0.962531567 1.00897181 1.33236849 1.59046483 1.28873658
    0.962468684 1.64104879 1.37166858 1.00747859 1.32626498 0.801385581
    1.5832423 0.878793836 0.866715252 1.53546774 1.10150564 1.14672327
    1.42281389 1.63752842 0.693362653 0.795283437 0.937968671
    0.714542627 1.67823684 1.10027587 1.42527461 1.2561307 0.92105782
    1.16743994 1.11076283 1.50760508 1.60171247 1.08203197 1.30552757
    0.723961711 1.20501137 1.5589124 1.16989064 1.39267433 1.20771146
    0.865829647 1.35547769 1.01200902 0.999242067 0.851421773
    0.873502254 1.11672795 1.0625695 1.00621557 1.38320518 1.05444062
    1.23776734 0.911480725 0.963764787 0.785237968 0.702204585
    1.08461547 0.916768432 0.920762241 1.0866884 1.12528849 0.921928287
    1.6371367 1.28738546 0.752464235 0.796976626 1.23063719 1.22406411
    1.52090788 1.29586101 1.21999741 1.68313336 1.29331207 0.798671007
    1.33969438 1.69606996 0.858235836 1.05861485 1.40271914 1.64266944
    1.48155153 0.83239013 0.866038084 1.55944598 1.5986073 1.41300702
    1.38247466 1.59435749 0.911215961 1.14526534 1.09136987 0.979813159
    1.4132992 1.23500001 1.54775584 1.01730537 1.21653974 0.91109395
    1.09871721 1.01514959 1.59826386 1.18624055 0.719216049 1.39956081
    0.967131138 0.74635303 0.780862391 0.693262517 0.722329438
    0.91206944 1.48643553 1.13991714 1.59497285 1.02061093 1.00479686
    1.45192242 1.04301012 0.971542478 1.5433147 1.36536801 1.52169216
    0.811829269 0.685338974 1.10916364 1.3703723 0.927815139 1.49305534
    1.32807398 1.34236181 1.2111038 0.798799336 0.871892929 0.963116884
    1.2263906 1.55516982 0.717866659 1.1087507 1.28490388 1.4435569
    0.863914907 1.6023351 0.90741533 1.0061326 1.35987461 0.771239877
    1.34838593 1.43611538 1.19922876 0.749600232 0.742702305 0.952339113
    1.60394788 1.48100519 0.772256196 1.62305629 0.926918268 1.13247502
    1.05340731 1.46971786 1.29864717 1.54161251 1.52729344 0.874836028
    0.779545248 0.844777644 1.44487023 1.40366983 1.05936217 1.48102069
    0.838273287 1.36183786 0.863107502 0.985332668 1.09382188 1.17382729
    0.879404128 1.03059781 1.42457592 0.966085076 1.61774909 0.966343999
    0.741691113 1.19465649 0.869957745 0.807536125 1.20639861 1.01729202
    1.48897386 0.880420506 1.33941579 1.20610487 0.678436041 1.30871081
    1.54172039 1.59143877 1.17841411 0.897978067 0.797552586 1.57820415
    1.18569434 1.0857271 1.6275413 0.855844438 1.30337524 1.54753017
    1.43459797 1.15781057 0.76809144 1.22872663 1.11613381 1.52626348
    1.63445568 0.759485602 1.25014496 1.2880075 1.02503991 1.20066285
    1.23103988 1.5594238 0.762693226 1.24429977 1.19332111 0.83159405
    1.6781143 0.73333323 1.5885278 0.986237168 1.37938797 0.650703907
    1.20927322 1.31322765 1.31197965 1.22728693 0.512316167 1.31781423
    0.908382773 1.24002719 0.617713213 0.712216616 0.812455297
    0.902824044 0.858408749 1.41980255 1.14861739 1.6370579 1.62280548
    1.00616443 1.0190357 1.54332805 1.03258586 0.900433362 1.22838032
    1.43592584 1.6906935 1.01401842 0.851685286 1.35190988 1.10388196
    1.07785046 1.5469532 0.900333762 0.961951852 0.754965782 0.914945185
    0.794330001 1.66272378 1.38793588 1.01221824 1.3820796 1.37108088
    0.932136297 1.24052131 1.19862032 1.58851063 1.09023535 0.887512803
    1.01365495 1.49481833 0.76050663 0.867711902 0.705506861 0.996946037
    0.694719434 1.1187681 0.749722481 1.16997039 1.44382489 0.678307295
    1.44036758 0.740158558 1.45037067 1.18884099 1.65966296 1.43854558
    0.746670365 0.840916872 1.24589205 1.50475276 0.989884317
    0.738788426 1.11996961 0.885157704 0.81996876 1.25981116 1.20734227
    0.983181596 1.01876259 1.57225466 1.51106536 0.955103993 1.35586536
    1.4826839 1.41619802 1.01935375 0.93823117 1.11549616 0.843864799
    1.55177259 1.1339407 1.60709453 1.50155544 1.43620956 1.24586153
    1.64378738 1.03624594 0.887178779 0.905367732 1.27982044 1.34550571
    1.58682728 1.08589375 1.31476367 0.820003152 1.38732088 1.04100597
    1.52851772 1.50478315 1.73260188 1.21341896 1.52138317 1.7182076
    0.814163923 0.815657675 1.00313997 1.40032327 1.4878962 1.40845919
    1.24798739 1.24488616 1.03916419 0.918207109 1.53558815 0.75208962
    1.43188775 0.691973925 0.689322352 0.664812088 1.37327921 1.41706431
    1.37251735 1.01920903 0.828209877 1.12212861 1.05018628 0.959228098
    1.03303337 1.29030299 1.08070564 1.59842408 1.16403008 1.63342786
    1.37488663 1.12667632 0.970947504 1.6587106 0.97134918 1.3727324
    1.31280804 0.821917415 1.62642264 1.29931533 1.11876905 0.893998742
    0.887772858 1.02192545 1.65556586 1.4112103 0.765482247 1.21585
    1.45180035 0.811525881 1.49921227 1.08499289 1.05063093 1.49732184
    1.5587827 1.02612197 0.992908001 1.03145301 1.49137402 0.929939151
    1.58486855 1.16071987 0.971891582 0.931523323 0.90270865 1.23355389
    0.820759118 0.892433226 1.56788778 1.67972636 1.66878319 0.989219844
    1.66492093 1.29209065 1.11004639 1.44320834 1.16244626 1.48108971
    1.69905043 1.10745907 0.929403067 1.50895762 1.52189624 1.51732171
    1.215855 1.28915465 1.52666259 0.898628652 1.1634841 1.55624282
    1.33002913 1.53229821 1.51580775 0.880847692 0.822044611 1.07575941
    1.2783699 0.803477049 0.701248586 1.37140274 1.02915573 1.14090598
    0.840641618 1.04761851 1.00528538 0.709355593 1.05805385 1.36052775
    1.43717384 1.64762199 1.21504581 0.928913474 0.757419109 0.869603038
    1.43643987 1.24911773 1.57671607 1.4626174 1.00044131 1.64857864
    0.750649273 1.16523206 1.22744191 1.4499619 0.978995681 1.59299171
    0.926832855 1.46724188 0.826770425 1.44050276 1.68870723 1.06225479
    1.11790895 0.7688182 1.28068686 1.26623118 1.69895422 1.01642215
    1.69964302 0.899323821 1.6162883 1.49739146 1.23440516 0.828771353
    1.26826251 0.862424076 1.13595629 0.682961702 1.15216434 0.857667923
    0.759036958 1.14066339 1.41708016 0.96951741 0.78799063 1.07025564
    1.4476378 1.42857432 1.60684526 1.06460416 0.812875628 1.65529716
    0.728470385 0.772140622 1.04603755 0.929135025 1.69185543 1.28811038
    0.827483714 1.65385795 1.33299565 0.80814606 1.32042968 1.61807346
    1.53807414 0.764157295 1.35226858 1.18642735 1.65828168 0.815806031
    1.36969769 0.698878586 0.767250299 1.15098619 1.55908823 1.24831879
    1.43068933 1.46464694 0.865863383 1.19589913 1.58857393 0.785785377
    0.8945871 1.47036386 0.74877882 1.17938089 1.28862429 1.00938225
    1.12897837 1.48863626 1.28959823 0.719095051 1.57518899 1.5198549
    1.13507867 1.61357057 1.03962696 0.782789171 1.5713371 1.08960605
    0.890413761 1.07675326 0.744918644 1.20613134 0.834404826 0.92988658
    1.57114017 1.43703067 1.19151628 1.2591207 1.06553745 0.883771598
    1.36667705 1.16225612 1.6322428 1.43898189 1.11431503 0.914657652
    1.60989928 1.53697753 0.783761501 1.01618361 1.48507631 1.48743236
    0.960683107 1.13239992 1.0740279 1.04462254 1.22918737 1.53954041
    0.754921615 1.40289688 1.51141119 0.995656729 1.00281417 1.65477324
    1.53610957 1.57409811 1.10920858 1.74454618 1.67837727 1.74929214
    1.00957406 0.999208987 1.52296937 1.24080503 1.41427815 1.31439734
    0.79210639 0.963674068 1.66295898 1.05271244 1.25523055 1.38272905
    1.22799861 0.859576881 1.22954619 0.739933014 1.12157869 1.2278496
    1.5651145 0.743219614 0.766370773 1.14793432 1.35083508 0.687160015
    0.863549054 0.952279627 1.51175511 1.31790435 1.57301772 1.01769316
    0.961864471 0.763271987 1.62785769 1.13849223 0.727257609 1.43973708
    1.49647141 1.23318815 0.819431901 1.21569288 1.15008771 1.46604383
    0.685516715 0.664886057 1.52406251 1.41490602 0.821923435 1.11204648
    0.81603837 1.61981666 1.11607301 1.25308895 0.984504342 1.26601887
    1.18209648 1.20555043 1.02206635 1.60709655 1.4385159 1.23724866
    0.758765042 0.766148925 1.56886733 0.72754246 0.75181812 0.982593358
    0.899968803 1.32118726 0.71734637 1.49999952 1.07189441 0.831215203
    1.65795588 1.19884741 1.58887792 0.92712146 1.19990051 0.916116059
    1.65973139 0.793636858 1.50956488 1.3169446 1.47286665 1.2971983
    1.06683993 1.31743181 0.871803701 1.2853806 1.08481765 1.10643971
    1.06127346 1.43503571 0.788460732 1.63747585 1.61571109 1.51403213
    0.972146809 1.25210381 0.812628031 0.876415908 1.40160739 1.04378867
    1.25266123 0.819963217 1.40596414 1.60646653 1.10871446 1.14709449
    1.56750119 1.53638959 1.31938517 0.923979104 0.860322952 0.737316251
    1.64178371 1.43286014 1.42079651 1.37641013 0.897665918 1.20991862
    0.947134018 1.65878189 1.51897454 1.13897324 1.10998309 1.63517261
    1.19422007 1.24659133 1.35482109 1.49129522 0.966517508 1.38954389
    1.44777167 0.937449813 1.57232094 0.780322075 0.835684478 1.19104934
    1.05649638 0.832318366 1.59167218 1.2447269 1.26294017 1.66887927
    0.741050065 0.851955771 0.662305832 0.853008032 0.638699353
    0.894550562 0.426434547 0.876290321 0.64073801 0.567263484
    0.722602189 1.21998489 1.41522861 1.49928498 0.963692486 0.758470595
    1.20105982 0.855185986 0.69984293 0.906224489 1.50792313 1.31019366
    1.48543751 1.15212202 1.02049994 1.31620061 1.49925756 0.763716161
    1.38451397 1.29256499 1.17750049 1.46787262 1.39126694 1.64505076
    1.50515079 1.48985398 1.52875078 1.02812254 0.796431065 0.661679447
    0.877261996 1.21628296 1.46214831 1.54728043 0.743388653 0.756248057
    1.46916294 1.58872724 0.870285809 1.50299132 0.789884627 1.41473615
    1.53734207 1.49840963 0.796086669 0.808537304 0.845793545 1.18938768
    1.68343318 0.862573743 1.54186034 1.37715292 0.678322256 0.751315236
    1.45655465 1.42452717 0.973348916 0.800438702 1.05739903 0.809509218
    1.24091768 1.40566385 0.915854096 0.927642822 0.882827699
    0.942030013 1.59126246 0.714612305 1.4145689 1.2616657 1.43735802
    0.834442139 0.893929243 1.18854725 1.47505593 0.877499759 1.22704327
    1.52102089 0.957556725 1.10903811 1.01106143 1.37292635 0.965024948
    1.5439502 1.23165703 1.67171705 1.23015153 0.711898804 1.56194139
    1.56818855 1.63827837 0.943416953 0.930351913 1.36701417 1.57810736
    1.05037498 1.06577492 1.61550665 1.65954876 1.69179845 1.09150088
    1.1903615 1.11679339 1.64811492 0.774796665 1.33362448 1.03273499
    1.30780089 1.17541337 0.981549561 0.925223708 1.09917545 1.28466713
    1.16530132 1.05244398 0.841386974 1.38886392 1.05580306 0.866341233
    1.11140132 1.30599594 1.2086674 1.02750361 1.00916708 0.742325306
    1.37577653 1.51131272 1.13545179 0.95234406 0.706323385 0.951430261
    1.5673703 1.04598045 1.64559662 0.979202449 1.5748769 1.00685394
    0.887837112 0.715261161 1.42210269 0.792926311 0.839790761
    1.40182269 0.821444511 0.702707529 1.60671377 1.46277225 1.60850191
    1.13866961 1.01182675 1.51691377 1.3351264 1.40673184 1.33719659
    1.25603616 1.19926655 1.3967092 0.836322129 0.960063219 1.28357828
    1.56628036 1.4368645 0.894892633 0.990280032 1.27670288 1.6427635
    1.26946664 1.66533482 0.76749599 0.763108611 0.859195888 1.27947307
    1.52105474 0.796307325 0.985529304 0.951270342 1.09095621 1.66871369
    0.87828213 1.405779 0.938410521 1.25626171 1.31946719 1.22890353
    1.27480483 1.61358213 0.742290139 1.40446651 1.08543956 1.25257826
    1.1837908 1.51251435 1.51051104 1.37035 1.12355459 1.63037848
    0.707877398 0.742172778 0.866608918 1.14289331 1.46873128
    0.895123065 1.47577226 1.06740618 0.972683072 0.935910821
    0.846518636 0.664147854 1.0673604 0.993538916 1.5610019 0.913131177
    0.746958077 1.56464767 1.34158361 1.54256165 0.979952335 0.922214508
    1.17963612 1.00662136 0.759094 1.12993026 0.915412307 0.815683722
    1.63391972 1.45556128 1.25259638 1.40888619 1.32139134 0.751199365
    1.22224462 0.915363252 1.0117656 1.6959219 1.59558308 0.755651355
    0.76331079 1.63415813 1.53789246 1.05854988 1.70314169 1.32050347
    1.08231318 0.947356939 0.89301604 1.02569282 0.748732269 0.683873951
    1.01591241 0.97148782 1.11919773 0.900193095 0.406880051 1.3158927
    1.25658906 0.648975074 0.964361668 0.773703158 1.11813951 1.14524257
    1.31851566 1.15325689 1.0039649 1.12698567 1.08417678 1.69951189
    1.1871258 1.55910993 1.06684494 1.29198182 1.03545547 1.33489633
    1.64712572 1.01220047 1.05056167 1.31838775 1.18817282 1.37963247
    1.474913 1.35145676 0.942687511 0.951013982 1.07724202 1.20648253
    0.765402853 0.987601817 1.54789674 1.36418343 0.971029818 1.40913177
    1.0533427 0.772645116 1.27191162 1.20619452 0.731483936 1.11750364
    1.0875901 0.874505937 1.69200981 0.803797543 1.65081561 1.20115602
    1.33887088 1.44254982 1.13986063 1.66839147 1.43652976 1.1231755
    0.821835816 0.827249825 1.03384924 1.32767928 1.11302352 1.42222035
    1.09098244 1.3184073 1.60621727 1.27201772 1.54471123 1.61188769
    1.58816779 1.19038606 1.18108189 1.44534934 1.02755177 1.4956845
    1.05004096 1.51596177 0.919494689 0.805855393 1.20911741 1.00928283
    1.38229215 1.08638442 1.53636467 1.47466135 1.65195203 0.729163766
    1.67361915 0.786684036 1.06542337 0.98957181 0.746752203 1.23793352
    0.867029786 1.14975047 0.924341798 1.24337542 0.983330965 1.40187967
    1.3054167 1.28714323 1.17375469 1.71415532 1.71455419 1.69432676
    0.891796589 1.60387325 1.11006415 1.04308784 1.0049963 1.25314629
    1.4074676 1.69651103 1.66918051 0.706289649 1.21339202 1.36410952
    1.46158934 1.08029735 1.14886618 1.4242171 0.721770346 0.851333857
    1.27688384 1.03393817 0.656752229 1.04758978 1.55374372 0.664106667
    1.06191289 1.2167896 0.762469888 1.58922565 0.742457092 1.4764185
    0.803974569 1.07252443 1.42289579 1.07583439 0.766729116 1.29865539
    1.39416575 1.42519808 1.62538207 0.969727576 1.00172806 1.57117927
    0.755284131 1.5835073 0.768417358 0.864614725 1.0558008 1.41772747
    0.833769977 0.677341938 1.30584681 1.13897443 0.850179017 1.35645533
    1.5468204 1.36359084 1.49323881 1.65823817 1.57584941 1.42756379
    1.34965515 1.47671604 1.00549126 1.50590289 1.25573027 1.48054862
    1.43057597 1.30143106 1.02125978 1.70484638 0.774707854 0.81273663
    1.67029178 0.982893646 0.910331011 1.58687067 1.22233117 1.01136708
    1.20698237 1.23195398 1.57059824 0.722698033 0.832493544 1.17310703
    0.771256328 1.3538444 1.40169382 0.759195447 1.44532299 1.16245186
    1.11844766 1.16613197 1.13332462 1.09707391 0.931284606 1.44267035
    1.33354521 1.11338162 0.886020184 1.01143765 1.49849546 1.55888128
    0.819543719 1.45391107 0.650171578 1.33687508 1.48450196 1.34980607
    1.66060627 0.919190347 1.04690897 0.839077413 1.19399905 1.34875715
    1.42679179 1.37029839 1.55207932 1.01145113 0.72492528 1.29550731
    1.24004579 1.06080472 1.03340435 1.26473045 1.02567017 1.27160072
    1.24211264 0.822419286 1.16194642 0.873921216 1.30149055 1.56173587
    1.47100401 1.25150943 1.15399182 1.35529816 1.02940595 1.65189254
    0.728482008 1.25617552 1.36962962 1.29761386 1.0258286 1.47312021
    1.26843226 1.3248136 1.44493842 1.34529054 0.700637281 0.636451244
    0.835213542 1.37671566 0.783753455 1.33544326 1.05345082 0.944471836
    0.591795683 0.932575583 0.739420891 0.73728627 1.66798568 1.51362026
    1.23569274 0.886183918 1.59975171 0.863143623 0.80544883 1.30018556
    1.29584956 1.5798825 0.949163556 1.09404016 1.6703347 1.37055922
    0.8485021 0.851323962 0.980573058 1.11904955 0.736698806 0.956112444
    1.56158483 0.855664253 1.2041024 1.58062232 0.959808707 0.89286834
    0.957264841 1.25313354 0.867828608 1.12236297 0.735542119
    0.845680714 0.700092614 1.58757162 1.11618555 1.43037307 1.07405031
    1.5394001 1.37662828 1.60874605 1.03215039 0.979941607 0.788686752
    1.10031962 1.62124002 1.46994066 1.26143408 1.44747412 1.6093272
    1.45544422 1.64607596 1.38323581 1.23510051 0.909442604 1.42349327
    0.911962569 0.69578141 1.46050286 1.58559215 1.45619905 1.11481476
    1.46424747 0.762271464 1.32214332 0.864327133 0.863667846
    0.894370377 1.50037074 0.817222834 0.909883738 0.837648034
    1.37971675 0.904793918 1.29580998 0.854033947 1.25210738 1.59735584
    0.818610728 1.22939134 0.748916149 1.07713187 1.21860433 1.51771832
    1.2303741 1.32224548 1.54220021 0.924102068 0.972570658 0.758799851
    1.13389552 1.12672269 1.5308702 1.68729341 1.43870485 1.48080671
    1.25864708 1.23552465 1.4522599 1.21926928 1.49432266 1.09626555
    1.73219097 1.58294344 0.932920218 0.938906372 0.901061535 1.3149941
    0.811925948 1.4940933 1.59811473 0.977966189 0.674892426 1.5660063
    0.682783723 0.8812235 1.36518383 0.841259658 0.926279366 1.11337578
    1.21297395 1.61165392 0.927012444 1.05190444 1.45384884 1.14306903
    0.805259526 0.953551948 1.27612162 1.09532952 0.84162885 1.18345582
    1.568699 0.706366837 1.10067725 1.52422071 1.38621438 0.687296808
    1.39989054 1.00216329 0.939539373 0.919177055 0.95115602 0.758755088
    1.28532314 0.966461301 0.822279394 0.87345624 0.812819004
    0.955863357 1.17664647 0.80941242 0.779608905 0.801427603
    0.826965451 0.991762519 1.60269308 0.922872722 1.48692346 1.63449717
    1.20748293 1.42402387 0.899052978 1.65001333 1.51788723 0.952597201
    1.5421344 0.997550249 0.710243881 0.717484057 1.66289461 1.43601906
    1.43500769 1.30008614 1.35479426 1.11549246 1.43068683 1.45272803
    1.17960036 0.788683414 1.35600066 1.19289434 1.5602324 0.958082139
    1.23099089 1.39419663 1.26152444 0.964147747 0.934190571 1.34679747
    1.17530763 1.60687327 1.35258067 1.66509879 1.32219243 1.19830739
    1.37837648 1.3432883 1.40268648 1.18134022 1.43834555 1.08155441
    1.55595815 1.39862454 1.23371017 1.49181402 1.63636065 0.987125754
    0.82278049 1.56246209 1.59816229 1.18534577 1.08789742 1.41275823
    0.818673968 0.758320272 1.26294041 1.03791952 1.09079933 1.16429412
    1.63029778 0.73207432 0.917908192 1.48160553 1.60123885 0.922572255
    1.54557157 0.712381661 1.3503617 1.06051135 1.54446507 1.14093208
    1.00885653 1.3894515 1.09723234 1.22133374 1.00113451 1.5293591
    1.49377239 1.40624738 1.48870683 1.64937901 1.35973263 1.42914391
    0.808327258 1.39128017 1.28571367 0.609804153 0.849806607 1.10793686
    0.444221497 0.446580589 0.738652706 0.740998149 0.928944588
    1.20146823 0.918315828 0.892084479 1.21393812 1.31910968 0.913872361
    0.955180168 1.38409925 1.2465781 1.16778612 1.17056906 1.53865075
    0.853860557 1.1154511 1.05195296 0.875198245 0.928121269 0.74210006
    1.62049973 0.996381223 1.27027547 1.67137337 1.30456841 0.940640867
    1.38418806 1.39816415 0.881245255 1.10357118 0.996000767 1.17335606
    0.869037032 0.741079986 0.722782791 0.848522544 1.60035801
    0.842840672 1.1796006 0.756886721 1.19185591 0.977924705 1.48680091
    1.11019111 0.965794325 1.69358885 1.55745649 1.41364145 1.00043142
    0.92318505 0.706946015 0.880931735 1.06426477 0.981869698 1.0373019
    0.765235543 1.56389189 1.43035066 1.08994472 1.51604843 0.869305909
    0.995392382 0.908127129 1.3439163 1.27095091 1.6350373 0.98502636
    1.59923375 1.5721339 1.19620359 0.992880821 1.14464474 0.929896772
    1.10701621 1.39018321 1.08076465 1.4348284 1.53920853 0.892939687
    0.686961174 0.993727505 0.776630163 1.54336166 0.835059643
    1.05794001 0.81885922 1.32363033 1.43860447 1.37975621 1.16913736
    1.30443335 1.57199323 1.57209253 1.36857319 1.29381716 0.987394452
    1.19363821 0.832883656 1.5143491 1.14280999 1.34683144 1.26392436
    1.287341 1.30370069 1.20045185 1.66286564 1.29451287 0.770277202
    1.0279007 1.38359213 1.05799162 1.09915936 1.37953866 1.14911938
    1.58895254 1.01461458 0.695844889 0.762040198 1.28032744 0.732972443
    1.14545 0.734206319 1.05570841 0.716308117 1.28956389 1.45585847
    0.910129964 1.13776052 1.69647002 1.15845752 1.49437463 1.43045926
    1.15652275 1.25076354 1.47485948 0.795571089 0.788482904 1.59920025
    0.982780516 1.51201415 1.14875877 0.710626721 0.948147237 0.97529608
    1.01756299 0.855941474 0.786919832 1.49918497 0.703551531 1.45560622
    1.3570286 1.14526641 1.66807008 1.17966068 1.29061878 1.02679861
    0.985907257 1.06485295 0.874933124 1.13335204 1.09579968 0.796978295
    1.00903261 1.27656186 1.61074162 1.33142924 1.23522663 0.754504263
    1.52285647 0.986016035 1.17809057 1.31141436 1.16065538 1.31893504
    0.860367119 1.20029449 0.903226376 0.998559952 1.62992024 1.31543267
    1.01812625 1.17853236 0.831901014 1.44805288 0.724501789 0.994508743
    1.55085945 0.922195792 1.62808132 0.858454049 1.17103934 0.948587835
    1.48239481 0.987873137 0.780168116 0.928758442 1.45913494 1.33528161
    1.50494862 1.32309473 0.989863276 0.991945326 1.03096724 0.947871923
    1.11171901 0.685642183 0.83930254 0.692317486 0.849803925 1.40819836
    0.950926363 0.798737764 0.738626897 1.67871928 1.66863704 1.0576489
    1.63780105 0.739855528 0.971254766 1.12009537 1.50763071 1.56613123
    1.03148711 1.30348015 0.670848966 1.05792201 1.41335332 1.42045832
    1.13256669 0.832273006 1.30518913 1.27666879 1.18485141 1.39659691
    1.42356324 1.18557692 1.57414913 0.84538734 1.63927424 1.1079607
    1.72332954 0.969482124 1.4741106 0.768158257 1.08022261 0.976709068
    1.09236157 1.59052634 0.627486169 1.19228697 0.514956653 1.14695442
    0.690587163 1.17461836 1.17651725 0.965777278 0.504621387
    0.771555781 0.804667354 1.39545345 1.48803234 0.874525249
    0.904535651 0.736480057 1.46998775 1.29724407 1.31371295 1.28243303
    1.37095416 1.41264367 1.14693487 0.963363349 0.906042218 1.28422439
    1.06069016 1.4203124 1.43356228 1.14191914 0.951993346 1.48983073
    0.914381564 0.981126845 1.51417661 1.29514074 1.66208279 1.25629497
    1.52749217 1.06901085 1.37903821 1.19574988 1.00440967 1.27303874
    0.829303384 1.04803813 0.733288825 1.08378053 1.08835769 0.943924725
    1.03665376 1.35586691 0.832905471 0.911740661 1.62704134 1.25057995
    1.22884941 1.35874021 0.891791642 1.59902942 1.13997757 0.779999256
    1.60284686 1.14490962 1.29646552 1.03228664 0.734331906 1.57329381
    1.16279221 1.52722502 1.36011088 1.0981499 0.781693339 1.33542824
    0.850807488 1.04117143 1.54184353 0.893867731 0.895901322 0.99021256
    1.29752398 1.22310424 1.38599074 1.15790403 0.906368017 1.21555436
    0.663572669 1.39138365 0.86042136 1.59702671 0.699992776 0.922939003
    1.3173039 1.08387363 0.880208313 1.70747161 0.813678682 1.57994211
    0.867390275 1.42765498 1.64756131 1.09397101 1.27592278 1.19739902
    1.73093855 0.861687005 1.68602264 1.52515125 0.902114987 0.785680294
    1.62692964 1.20664799 0.866872013 1.66700435 1.38786638 1.00926948
    1.14935017 1.15261626 0.796931684 1.4827193 0.957575679 0.674512863
    1.38816667 0.633818328 1.18101871 1.09178758 1.22601962 1.07711983
    0.669725358 1.62214351 1.41354609 0.66669637 0.81697768 1.52952707
    1.35010183 1.66515493 1.6371721 1.13603354 1.5195725 0.893041551
    0.946699381 0.719769239 0.822765827 1.09893155 1.47297704 1.27259696
    0.964256287 0.915622354 1.64097619 0.829672396 0.906617701
    0.822621822 1.19235563 1.64267159 0.719623387 0.914911151 1.07830763
    0.697382689 1.63309681 0.856870115 1.20811999 1.17484176 1.28864729
    1.62546599 1.01751757 1.0796504 1.01007295 1.05467033 1.14944553
    1.0423286 0.99754858 1.5322988 0.845262051 0.729387403 1.51538694
    0.717045128 1.50703669 1.49864089 1.66760182 0.986021757 1.36214578
    1.37640774 1.42931879 1.55209005 0.987891495 0.96239543 1.14496183
    1.69596517 1.61912155 1.38284886 0.908782363 1.127051 1.05330074
    1.08283114 1.56243467 1.34191883 1.25800812 0.846682668 1.62801743
    1.34174824 0.967915058 1.35287237 0.907213449 0.774300456 1.35243917
    1.69278491 0.852454185 0.791313708 0.916725993 1.16313231 1.49980509
    0.838989556 0.786377907 1.28289843 1.20804465 0.698162854 1.26636028
    1.45490336 1.09735227 0.987547517 1.31934428 1.11896133 1.70557821
    1.10788572 1.1395725 1.09113371 1.26830363 1.06760502 0.784079611
    1.30778539 0.755118191 1.32686138 0.80872947 1.09868538 1.24287546
    1.02829123 1.62750745 1.37059379 1.2316612 1.02633739 1.56881297
    0.878942609 0.983261228 1.16808939 1.12673199 1.35184383 1.59374154
    0.804275334 1.71874797 1.55517745 1.19227564 0.935893595 0.941035748
    1.59828675 1.26144195 0.793162167 1.23167932 0.722776592 0.88174212
    0.555615544 1.11028314 1.29939389 0.946832657 0.556812108
    0.723746181 1.1242795 1.30173171 1.06486166 1.00398672 1.10169733
    1.20398128 1.14591503 0.72912854 0.897496939 0.957573712 1.46013951
    0.842797875 0.815280735 1.53274608 1.67966139 1.29346049 1.33123529
    0.822986007 0.85216713 0.80793047 1.17265224 1.47878218 0.939499617
    1.65835166 1.26922584 1.06701171 1.31538904 0.695078671 1.28735149
    1.02065575 1.58369184 1.31471741 1.10692084 0.895605326 1.4544729
    1.34717894 0.746735394 0.718824327 1.45972145 1.12338793 1.63489389
    1.67184901 1.36217439 0.84077388 1.40610027 1.58797717 1.29561114
    1.60470903 1.21271849 1.15492713 1.00219595 1.68432152 1.01884305
    0.728229105 0.858839989 1.21957135 1.30639732 1.16714692 1.3543365
    1.29364073 1.43632698 0.928815007 1.48234618 1.61437809 0.785133719
    0.79564923 0.879668474 1.47535038 1.03049374 1.45657468 1.26625109
    1.06405938 0.708070695 1.68443322 1.09496844 1.54786813 1.55243278
    1.01428235 0.700052679 1.23904002 1.17600942 0.990940094 1.48330522
    0.930723727 1.35972106 1.55690992 0.956425548 1.08990264 1.38885391
    1.17987907 1.18584776 1.5964241 0.735483229 1.32983553 1.21611261
    0.959303856 0.976484478 1.37597716 1.57672596 0.854319572
    0.753000617 1.29459631 0.923110843 0.856041729 1.50120819 1.58249938
    0.806742072 1.18829346 1.07257152 1.02498853 1.12031031 1.649966
    1.25023115 0.772297978 1.5150516 1.06741834 1.3327837 0.750443637
    0.936457038 1.22552228 0.946154714 1.25717676 1.51532722 1.51303709
    1.25620615 1.59832871 1.24759448 1.38997126 1.60832751 1.65586352
    0.810084999 1.53586829 1.40705359 1.07886386 1.66706038 1.22465897
    1.44920588 1.26743996 1.08712518 1.30796206 1.31349075 1.64891779
    1.27328908 0.834117293 1.45569158 1.50375211 1.36945033 1.58536839
    1.06377053 1.14438415 1.50321555 0.924759626 1.6538341 1.12325597
    0.870119333 1.48103404 1.14213431 1.64759672 1.38331985 1.03763032
    1.11564016 1.44839311 1.63046408 1.41711032 1.23003948 1.58581448
    1.55705082 1.38770378 1.66506672 0.829294503 0.813028216 1.10515893
    1.26963282 1.06801176 1.48735988 0.867652178 0.756276488 1.13325894
    1.56330192 0.969445527 1.35292506 1.51904833 1.26254463 1.69257927
    1.43501663 1.54357576 0.811487913 1.30316651 0.7993595 1.1852001
    1.63582313 0.956437171 1.11814356 1.1870153 1.5451175 1.36374605
    1.58662498 1.48474562 0.884897292 1.2270745 1.51376021 1.40198493
    1.60591972 1.06774437 1.33423924 1.33549023 1.55499089 1.11984539
    0.947215199 1.57806981 1.28416681 0.917837441 1.35669804 1.60359204
    1.38983643 1.14673305 0.766600847 1.26117289 1.54815495 0.98818624
    1.29547906 1.43944025 0.759080529 0.716789067 0.819412589 1.63593078
    1.11086226 1.66850746 1.41455781 1.24536395 1.00862944 0.992102563
    1.39737976 1.34776342 1.09464478 1.12476861 0.96403271 0.898668826
    0.718215942 1.21413255 1.12399507 0.995711863 1.39141834 1.55757856
    0.715306461 1.5375973 1.56803322 0.823567569 0.91371572 0.993845224
    1.20870066 1.08339691 0.869588971 1.20259786 0.53726685 0.63450259
    0.966162324 1.14966023 0.689114153 1.61423194 1.33032334 1.2576834
    1.36037421 1.15270817 1.09451199 0.845703065 1.40343142 0.838960588
    1.23342884 0.812158227 0.711830139 1.16584039 0.787150145 1.27108395
    0.974406958 1.64467776 1.07062078 1.22681999 0.723604202 1.14714837
    1.03050971 1.36999345 1.6832999 0.784126699 1.61675751 0.888337672
    0.929723859 1.27626538 1.11368167 1.12342608 0.740625381 1.46833098
    1.12469697 1.45707142 1.22915065 0.735677838 1.26310313 1.53539407
    0.937403023 1.37831426 1.28936338 1.40926552 1.50301576 0.844439626
    1.63765752 0.728501618 1.10822368 1.19535899 1.1990279 1.51092064
    1.47337282 1.04849172 1.18714929 1.34984839 1.01528049 1.01053214
    1.22997427 1.62956357 1.44933009 1.45929384 0.851875961 1.42830718
    1.07585764 0.907800496 1.62566769 1.59623909 1.04403484 1.34379864
    0.930413365 1.06425858 1.05405271 0.683278024 1.4195379 1.37604845
    1.31986201 1.30781054 0.706174076 0.821024299 0.871017933 1.47540736
    1.27605033 0.851805449 1.59690273 0.929618239 1.34777045 0.90247637
    0.919641197 1.36903524 1.61436892 1.54032803 0.839701891 1.53632057
    1.57963514 1.60641956 1.73895383 1.26009643 1.15158069 0.94842124
    1.64537954 1.49913621 1.34782457 1.23902595 1.08580124 0.680975795
    1.31597924 0.818981409 1.04829907 0.777218699 1.10496211 1.03274548
    1.08404922 1.24666238 1.33090413 1.21765637 0.82901001 0.907300234
    1.61218822 1.04199088 1.34586954 0.830132127 0.886696279 1.19746733
    1.40360367 1.41835284 0.727077723 1.49781179 0.742681384 0.942689717
    0.98925668 1.55056655 1.69483244 1.13729012 0.704594851 1.16773021
    1.52915359 1.52965724 0.808385491 1.41070068 1.15317976 1.30561805
    0.777002275 1.10092402 1.48127544 1.22526431 1.57830918 0.791723967
    0.759751678 1.47530556 1.51403272 1.06207025 0.946876645 1.43510652
    0.998084247 0.960849702 1.19368005 1.30948341 1.50814211 1.02747333
    1.19781017 1.28957367 1.26334202 1.30472088 0.830558896 1.32854426
    0.730855703 1.37933862 1.52455056 1.36737216 1.3242718 0.769241989
    1.69098687 1.58753657 0.815502405 1.48580003 1.522802 1.62659132
    1.0205853 1.49325252 0.833217442 1.1742866 0.725010335 1.11777329
    1.60100162 1.36420095 0.93923676 1.7109468 1.00037861 1.48448253
    1.60117364 1.4202621 1.10204458 1.3931551 1.2802155 1.66031539
    0.998680592 0.98859638 0.767318368 1.49903095 0.976602256 1.61244941
    0.711107075 1.02201843 1.3875407 0.999523282 0.889419258 1.07133591
    1.00231922 1.26513982 1.23956323 1.466308 1.00130093 1.60161567
    1.72453463 1.35142279 1.17565918 1.13888609 0.921772242 1.17216599
    0.775426507 1.21729636 0.888754666 1.32785416 1.34310162 0.781992018
    1.1626066 1.65674949 1.16932082 1.17390728 1.12243092 1.61783695
    1.46713722 1.30978012 0.861818135 1.65167284 1.14006531 0.82858783
    0.894439638 0.98622334 1.17039466 1.1109271 1.36511207 0.932304978
    1.29981899 0.783110797 1.13434875 1.14501071 0.468031585 0.512673318
    0.932630539 0.829651237 0.554679155 1.31245875 0.971029162
    0.731639802 1.504951 1.1757232 1.44931328 1.63532329 1.53230727
    1.07929862 1.53581262 1.32606483 1.43234777 1.05391526 1.48863244
    1.18068242 1.46340811 0.858044624 1.45043361 1.25173509 1.07333803
    1.19768369 1.48211598 0.985154867 1.09131789 0.856527209 1.52623105
    0.744336665 1.08810472 1.28239393 1.6114608 0.851102054 1.39153945
    0.909802914 1.47707415 0.782557726 0.79697305 1.06650364 1.55783653
    1.55924225 1.57691789 1.16741061 1.2201215 0.992101133 1.01481926
    1.20962977 1.21030831 1.28349483 0.903348029 1.05805421 1.05967104
    0.83338666 1.38723695 0.875894248 1.44561529 1.07655096 1.60461676
    1.4630028 1.12741601 1.07290506 1.52047789 1.42753243 1.18562222
    1.38900328 1.38309526 1.0501579 0.995983005 1.47106898 1.30741668
    1.39757037 0.844052374 1.47953749 1.28751922 1.59564614 0.931137323
    0.685244918 1.36969316 0.881993949 0.803917468 1.04783654
    0.812612295 1.55895591 1.67171514 1.4183588 0.743273258 1.03872418
    1.4073118 0.946867466 1.06054509 1.59464872 1.59105361 1.1977464
    1.06588423 0.758066535 1.17456508 1.3365792 1.49348867 1.09073973
    1.18235087 1.59966123 1.21720111 0.750300229 1.40374529 1.56944299
    0.759705186 1.46490061 0.715031862 0.777887285 1.40469909 1.16443706
    0.749060988 0.726688862 0.862311006 0.803748548 1.56177783
    1.21508181 1.3376236 1.2836796 0.795216262 1.24552941 1.09745538
    0.910767913 1.16619396 1.17962611 1.09291148 1.25984287 1.25932515
    0.843255341 0.889259756 0.954314053 1.18852699 0.858438551
    1.39635468 1.35403943 1.10738659 1.07921898 1.17893553 1.35416734
    1.42812109 1.20181561 0.967008591 1.30403447 1.43105912 0.879336953
    0.894488335 0.934704185 0.73943454 0.979310632 1.24706721 1.07793427
    1.41739714 1.6303736 0.874439478 0.917991817 0.904582977 1.29258788
    1.41413295 0.913134933 1.43021834 1.21244025 1.4309938 1.41031361
    1.6436038 1.70345449 1.25729716 1.52957499 1.22212148 1.1673609
    1.27617657 1.51126838 1.25948572 0.846138239 1.23415184 0.780243576
    1.24820721 0.906590402 1.43694246 1.66388035 1.5022912 1.09260392
    1.27156854 1.142272 1.53169465 0.847672582 0.827867627 1.26105595
    1.31734574 0.720610559 0.855108082 0.908370972 1.17061484 1.23421621
    0.909482837 0.882327557 1.32496595 1.16133857 1.54038584 1.43422282
    1.09389961 0.741464436 0.798031569 0.702215552 0.991213262
    1.54517865 1.11779583 1.16885698 0.976644456 1.51924467 0.841051936
    0.957677841 1.31934321 0.738812685 1.39763427 1.24905038 1.28645623
    1.20863247 1.68029726 1.25917864 1.31933737 1.50874281 0.913562238
    1.0488112 1.53214777 0.850391328 1.66685832 1.33026743 1.03805578
    1.06316626 0.869651556 1.19108272 1.65562141 1.34493589 1.35637724
    1.42263675 1.10504925 1.33949816 0.925311506 1.51095808 1.69785941
    1.11336875 1.37284827 1.02826333 0.879965365 1.17090511 1.59028542
    0.852389395 0.983984709 1.27186799 0.771238089 1.4470489 0.7999596
    0.742329597 0.790909827 0.472066492 0.765922606 1.26068199
    0.864609241 1.2073313 0.75660342 1.08641839 1.11063457 0.89805007
    0.815256298 0.710225403 1.55313551 1.24172723 0.852618277 1.60356498
    1.27907646 1.34879351 1.13270569 1.18115211 1.65738809 1.51114726
    1.18154895 1.50633216 1.2980181 1.43289065 0.94058603 1.18290925
    1.52453387 0.909373105 0.713601172 0.834581196 0.717697859
    0.826661885 1.15946901 1.28844261 0.70181179 1.26010525 1.56811512
    1.62709653 1.20276213 1.4309411 1.66479194 0.777445376 1.36465299
    0.782785714 1.63761187 0.888310611 1.13307667 0.952954113
    0.886668265 1.61349821 0.996620059 1.40498734 1.24898553 1.15844023
    0.787469864 1.56831384 0.86900866 1.37366545 1.1027925 0.911611676
    1.67106867 1.36445236 1.21414828 0.762046695 0.850771248 0.899021924
    1.1331445 1.4281652 1.05250823 1.01768255 1.29309237 1.62477982
    1.3534584 1.46167481 0.876382709 0.775932193 1.20190477 1.0558188
    0.76005733 1.09038067 1.03276813 1.00723577 0.785575092 1.41234171
    1.48886025 1.02254736 1.38328147 1.33085942 0.784637749 0.677761436
    1.0361985 0.747985601 0.936520517 0.913930297 1.64917529 1.60648954
    1.08653378 0.963259459 1.35221541 0.909956813 1.16421688 1.29531968
    1.35780978 1.09076512 1.55189931 1.04599404 0.762122035 1.27279568
    1.47118747 1.40326178 1.34256101 1.329175 1.4414314 1.16240335
    0.833217502 0.822299838 1.60725725 1.13832784 0.790121377
    0.722925961 0.883977056 1.50226486 0.998018026 1.26488805 1.6506865
    1.02298641 0.844631732 1.22443259 1.16665161 1.56953311 1.2317977
    1.69331801 1.56682527 0.927134573 1.28785312 1.36519945 1.28401136
    1.07886457 1.14668906 1.51946306 0.691782534 1.55952477 1.13545704
    0.893749893 1.1079036 1.4655863 1.32170522 1.25820446 1.31224763
    0.684652388 0.897835732 1.34016299 0.726337492 1.33123267
    0.981973529 1.56643653 0.783825576 1.23949075 0.876543403 1.46887839
    0.893895626 1.00866342 0.773556709 1.31997585 1.52720952 1.59129441
    1.13036811 1.62984812 1.21121681 1.34377193 1.44873965 1.04863882
    1.67854226 1.05970514 1.33222818 1.65242004 1.12931871 0.824618161
    1.38803816 1.16339731 0.844721138 1.1650902 0.808755338 1.37031376
    1.49487627 1.60731244 1.52673721 1.3782264 0.726635575 1.23291135
    0.81121248 0.770481706 1.5015974 1.29874539 1.11671972 1.49895072
    1.49350822 1.13017178 1.28347397 1.57546878 0.93454212 0.799388349
    0.867243707 1.15885842 1.28658593 0.791756392 1.6650672 1.36956084
    1.58586907 1.01234829 1.18306541 1.54942775 1.52542686 1.65998626
    1.71133995 0.769956529 1.59623814 0.764635444 1.12645006 1.06164765
    0.733140111 1.66792381 1.5731101 1.59701383 1.47294438 1.49756825
    0.767289817 0.806124866 0.917046249 1.48280168 1.58666813 1.51865089
    0.775116801 0.695587397 0.728478312 1.09732163 0.779380143
    1.28593314 1.29112506 1.06511724 0.741945624 0.756942987 1.13442624
    0.918570876 1.43119609 1.41222668 1.26260006 0.906430542 1.42616582
    1.03400195 1.60830688 0.766919851 1.31861448 1.043239 0.541347563
    1.0877645 1.18465424 1.27195323 0.664075971 0.715266824 0.775592327
    1.39253521 0.791454434 1.30889106 1.56637764 0.694891572 1.30121553
    1.52611148 1.35090256 1.30195451 1.61416733 0.883723497 1.48800182
    1.29860079 0.741988122 1.3965857 1.01835322 1.64449906 1.60652149
    1.0629667 1.14756238 0.907495499 1.44596827 0.822431087 1.4137888
    1.22539961 1.61983848 1.24088359 1.24799311 1.60405827 1.2733717
    1.29609609 1.27854252 1.57328892 1.55730546 1.46077263 0.81638509
    1.34999073 0.769135177 1.20164871 1.66069067 1.35680854 1.35710311
    1.23885405 1.67414558 0.70963937 1.27563596 1.24642515 0.872721434
    1.64789426 0.936047196 1.44658041 0.834425926 1.57702565 0.756431282
    0.974062622 1.04337537 1.57277298 1.67232943 0.867141664 1.58320618
    1.40581036 1.39826775 1.27294493 1.37157881 1.62503278 1.32523215
    1.38036704 1.33505917 1.52929235 1.15946496 0.836876929 1.03700662
    1.20583701 0.96469152 1.61917949 1.52978063 0.682162106 1.03167737
    1.63308561 0.813590229 1.64990377 1.04915452 1.19914544 1.13814878
    1.5089494 1.11842191 1.10262382 0.764031589 1.38202381 0.729422987
    1.67221498 0.828013361 1.56179106 1.54587364 1.30918682 0.711653948
    0.99529779 1.50201082 1.62509143 1.67512989 1.11039245 1.40745795
    1.21844399 1.66375315 0.710689902 1.50016403 0.887640417 1.39582598
    0.77036804 1.36698139 1.53226471 1.02389777 1.46275663 1.1639179
    1.07029498 0.934709489 1.5753423 1.23367059 1.61512899 1.01919281
    0.704112589 0.765033305 1.17517066 1.46420658 0.863123238 1.65950859
    1.23878205 1.23770201 1.10088539 0.922089159 1.24620509 1.08366501
    1.53758001 1.37113082 1.31320918 1.42629385 1.28165019 0.964516938
    1.49933112 0.933125734 1.17807913 1.60915804 1.2566396 0.771025717
    1.24531341 1.49715066 1.59369993 1.28361464 0.992284477 0.930514574
    1.63636243 0.960369229 1.34759307 0.672896862 1.63415956 1.62322366
    0.734100044 1.09248471 1.52575612 1.00561249 1.21126437 1.67083645
    0.917350411 1.26068962 0.78162545 1.00222445 1.35585761 1.58345854
    1.2874074 0.945792019 0.945905805 1.11971009 1.62158835 1.61601174
    1.04804468 1.20724201 1.67301536 0.958521068 0.880263686 1.02201426
    1.26586342 0.916207016 1.54738665 0.840971649 1.34906292 1.24172771
    1.69923615 1.26646018 0.720408738 1.7119199 1.20484328 1.16369498
    1.58742309 0.953087986 1.50424731 1.41774583 1.2405684 0.920919359
    1.18108559 1.55360997 1.31790614 1.68948901 1.1190598 1.22349858
    0.809804499 0.744442284 0.94309473 1.24830317 1.52969551 0.81184566
    1.70944619 1.4217447 1.3921138 1.18980289 1.47711265 1.46267366
    1.43093097 1.68310881 1.51368546 1.69924486 1.53468645 1.64127958
    1.56430221 1.02202702 1.03870618 1.41166496 0.738600373 0.872240126
    1.25226676 1.23137534 1.42198932 1.2083987 1.27719343 1.64668477
    1.37914741 1.16695559 1.16880238 1.00024891 1.33312666 1.48342323
    1.18063784 1.02820265 1.19267261 1.44393706 1.58293724 0.774212539
    0.768329144 0.870875478 0.764030397 1.07639301 0.42579183 0.96350503
    0.659991026 1.36044943 0.476028949 0.633246899 1.46809042
    0.701492429 0.994411469 1.31795466 0.670410156 0.679625869
    1.45867002 0.958468378 0.825093389 1.44138169 1.50140798 0.698418021
    1.20662045 0.996085167 1.29043353 1.56387484 1.19009662 0.800100803
    1.67533624 1.62437081 1.05871785 1.25914812 1.49643493 1.17747951
    1.60080779 1.20601356 1.42145145 1.01773214 0.95855993 1.65303731
    1.49483824 1.19046342 0.843865454 0.883817792 1.43158937 1.19088674
    1.5415864 0.786537766 0.825277925 0.843836427 1.62729537 1.62464058
    1.32442057 1.01961076 1.33610857 1.6338793 0.902506948 0.856784582
    1.63593829 1.06471598 1.11478734 0.712726116 1.63181734 1.03217244
    1.02516758 1.39926624 0.877423465 1.41600072 1.69441295 1.59042513
    1.71803546 1.10384667 1.54683387 1.30883098 1.65371203 1.68449831
    0.782727301 1.38970423 0.973876715 0.893496275 0.839177549
    0.994365096 1.20791829 1.33059764 1.10806823 1.23292816 1.32636487
    0.699136734 1.61858571 1.37973547 1.64486229 0.702275097 1.13350475
    0.902547419 1.34611297 1.65105999 1.1832453 1.27449954 1.38894081
    1.17354977 1.68301535 1.63998163 0.733060122 0.721182644 1.35174024
    0.689498544 1.12338579 1.37162578 1.03415465 1.03385603 1.43186963
    1.49266076 0.813042343 1.61472237 0.658683121 1.33677447 1.22593927
    0.801600993 0.765059769 1.27774417 0.818957984 0.706044316
    1.30011213 0.940323353 0.775375485 1.06673098 1.38611186 0.916981518
    1.2859652 1.08131766 1.06543732 1.6591804 1.22049081 1.65115309
    1.00074506 1.45681787 1.05346036 1.69204009 1.5904063 1.14764798
    0.975177646 0.910235822 1.23321676 1.40182817 0.805181086 1.34065855
    0.904880643 1.29987609 1.29570246 0.756611824 0.908591032 1.60030353
    1.48808897 1.70016062 0.75641644 1.50842667 0.886916339 1.59917021
    1.38555193 0.82362628 0.756485045 0.758020937 1.05171776 1.15915024
    0.966514766 1.42100453 1.04357159 0.978336394 1.57436252 1.27257049
    1.67368901 0.968441844 1.45297217 1.69455099 1.05920863 1.66679871
    1.67421567 1.31159508 0.833594203 1.68600631 1.06981492 1.42424488
    1.06586397 1.24238563 1.69924796 1.08443487 0.749271989 1.07850957
    1.16109383 1.55061519 1.2148062 1.35160398 0.996217191 1.47599757
    1.63849497 0.963553667 1.36204326 1.26432431 1.57657075 1.17389774
    1.32916808 1.12215269 1.68797779 1.46144748 0.972367108 1.63145745
    1.26990831 1.63738465 1.40128398 1.61924863 1.09780073 1.16721547
    0.860764861 1.49145126 1.47486234 1.31895959 1.088153 0.862498581
    1.54712224 1.54860806 1.71186829 0.802584112 0.85009104 1.73625982
    1.57394779 1.38308346 1.06004369 0.804025531 1.54060555 0.835594654
    0.907940865 0.723855078 0.87369734 1.1081605 1.08849704 1.2595917
    0.886169612 0.921364784 1.49585247 0.968461394 0.959644675
    1.58598483 1.216097 1.63504267 1.00473201 0.962760508 1.33029175
    1.62464643 1.55462801 1.29502797 1.365803 1.36935782 1.24865627
    1.12151945 1.58078408 0.752304137 1.06536436 1.39529407 0.504895926
    0.387591183 0.567590058 0.835188925 0.714860797 0.854439676
    0.569598675 0.803881884 1.45952356 0.962695956 1.67369795 1.35671103
    0.951053381 0.854158282 1.01132727 1.47254968 1.03888845 0.92932266
    1.18009126 1.64408302 0.751187086 0.74537617 0.790802598 0.71549046
    0.983597875 1.61755347 1.0024929 1.00172329 0.902077615 1.47068822
    0.953863561 1.56029117 0.725943804 1.18231547 0.933681071
    0.982099056 1.42912912 1.61199546 1.03854179 1.22217429 1.56832552
    0.901771903 1.31308699 1.09621847 1.42306864 1.14505661 1.20241487
    0.70708245 1.11764586 0.885227501 1.41295683 1.46936202 0.97668916
    1.48803651 1.10421026 1.08738506 1.52250755 1.02617884 1.57542539
    0.694926739 1.36983681 0.88637954 1.33364093 0.77488178 0.784239531
    1.09405351 0.985703588 1.3557055 1.49648952 1.56166732 1.24062371
    1.32472229 1.41985154 0.891652524 1.09840345 1.46883106 0.880929351
    1.55328 0.905540347 0.903438091 0.990051985 1.04502118 0.769277573
    1.52970278 1.36508489 1.59902799 1.13890338 1.16398692 1.53490818
    1.45811558 0.91974169 0.860522091 1.61951041 1.56025565 0.7041502
    1.17666769 1.39920747 1.20823503 1.19435084 1.59734917 1.69216573
    1.04191458 1.42503738 1.27778113 1.18231797 0.707285166 1.02823091
    1.59136784 1.42694068 0.983630121 1.59814954 1.11131024 0.913401127
    1.12937951 0.884785235 1.33004665 1.59962189 1.11081576 0.792136133
    0.642103255 0.682831109 0.681255937 0.746753037 0.816644311
    1.30025578 1.57530844 1.40298283 0.951079547 1.31552005 1.18679476
    1.67049313 0.712917149 0.707606018 1.40443647 1.61953795 0.99825269
    1.30419099 0.729661822 1.67949057 1.65387428 1.19907057 1.45884204
    1.09898031 0.949576318 1.64956331 1.66998053 0.860458255 1.43429923
    1.22390819 1.28392744 1.37450099 1.50191534 1.56575942 0.795566142
    1.51209223 1.4497509 1.27213228 1.03363335 1.66341591 1.56053936
    1.28848648 0.843078792 1.16315126 1.3388809 0.773462594 0.867059469
    1.48833871 0.827636957 1.01466978 1.43513846 0.888639688 0.840225637
    1.57106471 1.44828856 0.861636162 1.43493629 1.29762149 0.995503485
    1.17880404 0.788305461 0.851857424 1.01058376 0.743906856 1.16592383
    1.38209653 1.14670122 1.01122022 1.49057829 1.70840764 1.5487206
    1.34017694 0.781836808 1.38455844 0.818931401 1.65584075 0.903816342
    0.761400223 1.65325522 1.51907766 1.2938031 1.67841208 0.831639946
    1.70108485 1.01463377 1.17135668 1.53338277 1.48128855 1.24866307
    0.765863836 1.23334002 0.687696695 1.31216717 1.36883092 1.48413503
    1.35368598 1.08743024 1.35219216 1.51387358 1.46689141 1.21890426
    1.43697715 1.35783672 1.37489092 1.51587379 1.25836217 1.03493536
    1.40326309 0.814246833 1.64188969 0.802580953 1.21353722 0.923106909
    0.737509251 1.43699038 1.4855864 1.44110382 1.44016564 1.07609701
    1.55214071 1.09707677 1.47258198 0.934667587 1.66033602 1.65538764
    0.724193275 1.40639508 1.07348406 1.48705828 1.44226372 0.748343766
    0.885263801 0.671590626 1.01764321 1.54010022 0.646486342 1.05076182
    1.14205444 0.815091133 0.91409272 0.359816939 1.30734766 1.35558534
    0.530481577 1.29382706 1.11663544 0.984321535 0.737038791 1.09064937
    1.59988809 0.946182728 1.13814902 1.66928136 1.42420828 0.956418216
    1.09436858 0.849542975 1.53867424 0.800485194 1.5867759 1.71501207
    1.53447211 0.918931723 1.44211674 1.41593933 1.48352695 1.69494998
    0.899469852 1.13692868 0.99275732 1.34541368 0.774157584 1.1037178
    1.51494479 1.57872522 0.833012819 1.03085375 1.52376807 0.807720363
    1.51451421 1.44682407 1.03324258 0.781792581 1.32689023 0.8100034
    1.59859657 1.14997602 1.09608161 1.00535405 0.956292689 1.46506894
    1.13718247 0.991971195 1.34131503 1.02256286 1.23518538 1.20016718
    1.42058766 1.66820216 1.40640545 0.759618998 1.13827348 1.58015454
    1.54299664 1.03208518 1.51326728 0.956743121 1.21527326 1.33749628
    1.38672006 1.40195 1.00373626 0.833292186 1.47941065 1.04609406
    1.63853025 0.979153275 1.46631885 0.767014623 1.05730736 0.740725577
    1.50283301 1.32357132 1.22313106 0.872233391 0.79037714 0.833213329
    1.00417042 0.883414268 0.748712242 0.893794417 0.753061533
    1.60845864 1.4556638 1.03735673 1.06926823 0.884167373 1.50813198
    0.763471365 1.36064398 1.06055284 1.40955532 1.49903893 0.880820453
    1.08273244 1.10514796 0.823726535 1.02446222 1.22376096 0.874406934
    1.39314651 1.56068695 0.681170046 1.23854494 1.28776944 1.58420503
    1.35446453 1.61133909 0.816301107 0.984305263 0.845801294
    0.816623688 0.763092101 0.695476949 0.742783189 1.18182778
    0.940410256 1.08659029 1.2922436 1.37017536 0.797372222 1.45097971
    1.03214562 1.47480381 1.13208961 1.66550243 0.781671047 1.19613111
    1.36623967 1.51151884 1.08217978 1.6044451 0.777218938 1.48833871
    1.53158498 0.971605659 1.30883598 0.701116979 1.38531947 1.54497397
    1.61504328 1.08829582 0.916473687 0.863557041 1.04590702 1.47920442
    1.44612288 1.55328369 1.02602863 0.767105281 0.964462638 1.24227285
    1.43324804 1.24334705 1.57003331 1.10099483 1.23297715 1.43021059
    0.74765718 1.66388893 1.15550172 1.15987825 1.63951802 1.03822112
    1.18732178 1.46736884 0.827820659 0.936943054 1.23435855 0.833541811
    0.884677112 1.50552344 1.50968719 0.909165859 1.53400147 0.815058887
    0.795761168 1.07819283 1.73648036 1.24501145 1.47015512 1.26259661
    0.792929292 1.05493069 1.58439708 1.44201922 0.725203812 0.823943019
    0.96579814 1.52009523 0.746594191 1.22441673 1.22231328 1.15618372
    0.873577952 0.87089777 1.24240685 1.36338878 1.12568033 1.47871089
    1.43903816 0.876016796 1.14564776 1.1511451 1.74429083 1.73149526
    1.7091527 1.31904638 1.48000932 1.48774302 1.13225043 1.72908783
    1.3786633 0.899051905 1.14764714 1.43211317 0.740384877 1.35084236
    1.35149646 1.3268013 0.858877122 0.964683294 1.48330331 0.954837799
    1.06364822 1.55130613 1.34115887 1.38986397 0.902545333 0.765620589
    0.911004603 1.30428374 1.55111909 0.830749929 1.14359057 0.718250096
    1.12776208 0.919325054 0.898240089 1.11282265 1.48026502 1.4597801
    1.39563966 0.891362011 0.882237136 1.13885677 0.798146844
    0.585196495 0.832260668 0.842523634 1.21075487 0.775884926
    1.11534023 0.978152037 0.959510446 1.58835077 1.34309387 0.841414452
    1.40300059 1.47762096 1.58763385 1.4092927 1.26084256 1.29698122
    1.46695733 1.62576342 1.61668468 1.29130614 1.59297752 1.43280578
    1.2321136 0.925000906 1.0647862 1.21563375 1.4033426 1.53621578
    1.64043677 1.66240871 1.12953448 0.752820849 1.22830307 1.45094073
    1.43099701 1.13198709 0.955833077 1.41490114 0.843416989 1.48761606
    0.782634676 0.889282107 0.718382657 1.13205326 0.953940928
    0.834489346 1.41649246 1.59898424 0.984818101 1.04915214 1.3422457
    1.46689451 1.13739026 1.0830251 1.48709142 0.689680159 0.754955232
    0.988089323 1.29648697 1.56974125 0.790825069 0.983076692 1.4730773
    1.04310191 1.69505823 1.29518771 1.3383075 1.70828497 1.14442801
    1.30758715 1.1829381 0.879957676 1.14771092 1.4159286 0.691132426
    0.74111414 1.02270532 1.54959762 0.876963019 1.5934056 0.815749168
    0.703449428 1.60328126 1.30670202 0.973906457 1.2720989 1.6627382
    0.905424714 1.57578194 1.40036225 1.19262946 0.772373199 0.745196462
    0.760299683 1.20613325 0.966130137 1.2033 1.0052048 0.741981149
    1.44299388 0.714813113 1.37044954 0.995269656 1.49146008 1.09921455
    1.01572978 1.06909728 1.04959536 1.01989186 1.21300089 1.31451452
    0.896457374 1.23337066 0.699233413 0.745004952 1.0486654 0.939357936
    1.5786674 1.29199219 1.04899919 1.05899978 0.8681072 0.744680762
    1.50334775 1.42447674 1.24053597 1.56114197 1.04643667 1.39702082
    1.56292462 1.5479877 0.733786225 0.856934905 1.53000927 0.796423674
    0.940671444 1.06159234 1.48203588 1.24443865 0.854753852 1.46532941
    1.15269852 0.899638832 1.61849272 1.68233001 1.28405333 1.60604584
    0.935789883 1.45628762 1.55906832 1.29348886 0.777521014 0.856532753
    0.916231275 0.894188344 0.925624728 0.992890954 1.56474316
    1.11573374 1.6628871 1.28811383 1.18366671 1.5323683 1.49162316
    0.788754106 1.09261131 1.15583038 1.4410919 1.33346033 0.876524985
    1.66248381 1.30589294 1.3922981 1.30837941 1.01112199 1.30433822
    1.16514337 0.941189289 1.25652361 1.40684032 1.21793735 1.47939837
    1.37902367 1.16524684 0.963616431 1.22025824 0.83747828 0.938616872
    1.45810437 1.44254136 0.753061354 1.6657598 1.62691641 1.07089174
    1.44840586 0.867676139 0.737062275 0.898718178 1.36347151
    0.941989601 1.2083801 0.851806164 0.952787519 1.274068 1.07208788
    1.29916537 0.836269855 1.05179644 0.904841185 0.976690471 1.37839377
    1.34384251 0.762877882 1.7063241 1.37571895 1.6358614 1.5616647
    1.58831549 1.57012069 1.67086315 1.03918362 1.14865434 1.62963963
    0.861665308 1.27474642 0.698436201 1.63858879 1.64771962 0.959019363
    1.22377181 1.20844328 0.720400333 1.04966486 1.65334833 1.16454732
    1.49444497 0.955062389 1.60771716 1.30638254 0.908801973 1.15804386
    0.853345454 1.1210593 1.31268525 1.11957788 0.666067839 0.844762266
    1.54490304 1.16298831 0.535138249 1.40036738 1.28675377 0.557520032
    0.72512877 1.08212686 0.708154023 0.750178099 1.31524575 0.865806878
    1.02411282 1.52538085 1.5039736 1.55182898 1.48313999 1.00185096
    0.769192576 1.41558051 0.880769491 1.06104279 1.12173104 1.45165408
    1.45413125 1.51428807 0.943416178 0.813492775 1.25572813 0.688478887
    0.81349206 0.802796483 1.04347229 1.60346258 1.26343083 0.89751786
    1.07079363 1.11558425 1.09795749 1.36828756 1.27937412 0.81938833
    0.961033106 1.60154581 1.25411546 0.971891761 1.0158217 1.03035986
    1.55179501 1.3807857 0.848706365 1.59547734 1.54310167 1.2886374
    1.56171501 1.3083626 0.961360574 0.686957777 1.46894097 0.69825089
    1.0407654 1.42644203 1.58106649 1.52975416 0.667414188 0.823875189
    0.978335977 0.954834163 1.10539031 1.40655208 0.689364195 1.61669278
    1.49567878 1.13177168 1.15471721 0.977271497 1.38993812 1.23880494
    1.40623915 0.802187502 1.16767573 1.28822219 0.802027106 0.838118792
    1.30590379 1.58824718 1.11506736 0.971345603 1.16360319 1.54721379
    1.50209808 1.00787568 1.33569777 1.27612877 1.22272313 1.24883783
    1.25171053 1.54684329 1.2905947 1.18666756 0.880282462 1.41225874
    0.915408611 0.896081924 1.05364501 1.31945896 1.00985277 0.819952011
    0.661096931 1.16904557 0.827235222 1.5667758 1.43314564 0.796522439
    1.2305032 1.62420475 1.30984712 1.64509916 0.665165305 1.18612719
    1.49839234 1.03065586 1.30790079 1.28690922 1.14561331 1.22072244
    1.16540873 1.13127029 1.24651718 1.43922698 0.93521446 1.26988554
    1.33548892 1.58140886 1.48575878 1.5720824 0.990261674 1.20517933
    1.54933488 1.33006692 1.28640151 0.725904882 0.691943407 0.742650092
    1.54997921 1.05051112 0.991916478 0.926827967 1.07255471 1.03167427
    1.18849075 0.822750688 0.792530596 0.718386471 0.971254766
    1.27119732 1.15778065 1.47405422 1.54238176 1.61547565 0.978144884
    1.20283127 1.24183726 0.745086789 1.05802512 0.87625432 1.06358051
    1.30258954 1.37982965 1.05842865 0.888125896 1.42862868 1.14505029
    1.63218975 0.850496531 1.40682137 1.23663688 1.16662216 0.980686903
    0.673724353 1.6129967 1.38237786 1.06699371 1.3325063 1.37848341
    0.962289214 1.27361989 1.25161147 1.05670404 0.924562931 1.4960146
    1.39524937 0.891067266 1.0325098 0.980971038 0.952354372 0.97828269
    1.32752156 1.12677515 1.20817125 0.960776985 1.37656999 0.67851764
    0.964886725 1.07601261 1.53257465 0.860951006 1.31957603 1.00544107
    1.48576701 1.14834833 1.50490904 1.35427463 1.30794227 1.43329239
    1.36432946 0.962623715 0.731930077 1.52674699 1.54877687 1.02374148
    1.23768413 1.10909963 1.12513638 1.32618451 1.69751382 1.38112378
    1.26685679 1.16740119 0.865882218 1.23719776 0.850664735 1.53234541
    1.23786032 0.987750947 1.42860031 0.795167267 1.26552963 1.13730752
    0.827643156 1.63585877 1.60639501 1.63941944 1.14907515 1.47173655
    0.994844615 1.29357255 1.13686633 1.16287374 1.02707922 1.03160429
    1.48419333 1.53182411 1.52329767 0.874144912 1.24725258 1.54686964
    1.23566484 0.967619836 0.701755643 0.580668688 0.398762316
    0.705108523 0.705027819 0.402470708 0.576102972 0.851472974
    0.789793372 1.15231669 0.8818115 0.72258693 0.634809315 0.742214501
    0.94905901 1.4330864 0.851088226 1.31756413 1.25915897 0.798131049
    0.718541622 1.55962586 1.00518572 0.683641851 0.776840329 1.37553334
    0.694480598 1.4145174 1.50208342 1.33013368 0.679525197 0.72807771
    1.32213163 1.12282181 0.881906271 1.087116 0.8132357 0.945543051
    1.39477539 0.641410947 1.47388995 1.24408567 1.51657844 1.45986032
    1.50926113 0.974339724 0.783584356 1.50672507 1.10233307 0.659478664
    0.592609763 0.59024328 0.706422806 0.905291736 1.20254505
    0.908978999 1.3069514 0.981298923 1.17500818 1.0699724 1.30447757
    1.32657242 0.880124032 1.18973279 1.38735366 1.36077642 1.36260617
    1.52177179 1.01540148 1.49963737 0.930728555 1.22676086 0.857057869
    0.793628693 1.09909642 1.58076453 0.638326228 0.738008559 1.26563203
    1.26475918 0.7527228 0.605835438 0.73542434 1.25960767 0.619589925
    1.36720824 0.934500158 1.48128533 0.737937868 0.732989073 1.10959911
    1.57371044 1.12296963 0.723509133 1.35473156 0.89324671 0.841537297
    0.869586349 0.876446486 0.862288535 1.33650386 1.13955986 1.30350006
    1.40446973 0.609960675 1.50299633 0.703101337 0.91734308 1.03963709
    0.694809794 1.0240196 0.899483263 0.791495979 1.02660942 1.40955937
    0.643344223 1.23382401 0.783374906 1.35547507 1.49733114 0.63100189
    1.28691638 0.687546253 0.643875122 0.869117975 1.19024062 0.66344136
    1.07051003 1.29018176 1.49731338 0.663522601 0.676200926 0.881536841
    1.57761514 1.29247034 0.730627656 0.658443451 1.25089419 0.715592027
    1.48529804 0.884508431 1.39861798 1.30898869 1.4566865 1.25518405
    0.796676874 1.12109685 1.58701074 1.17318904 0.795440137 1.50357068
    1.55358839 0.795991182 0.760383248 1.54149485 1.13549674 0.835258186
    0.847404122 0.867244482 1.57566381 1.60392559 1.56686628 0.962055624
    0.879689932 0.892493546 0.793534875 1.08639836 1.22009456 1.54014242
    0.78835845 1.42141986 1.374542 0.921991348 0.940172434 1.30752885
    1.46226501 1.33165073 1.41657686 1.20332658 1.51793265 0.903339446
    0.760318637 0.91067493 1.22338259 0.928191364 1.34425282 1.13394022
    1.15115476 1.47104216 0.649390757 1.10406244 1.20605218 1.46422219
    1.60087609 1.57442188 1.38081288 1.48160672 0.911644042 1.61305559
    1.61156309 0.630436003 1.36275387 1.41275001 1.15578139 1.22524691
    0.833519995 1.47639441 1.27800453 0.786818743 0.657947898 1.04825699
    1.41630936 0.937168121 1.45151079 1.1129781 0.775621653 1.31135583
    1.30745661 1.12631428 1.45882833 1.07247901 1.37217546 1.53055406
    0.919006526 0.673680305 0.900805712 0.991528809 1.01161397
    1.18419051 1.39395165 1.29042864 0.61838001 1.2529273 0.984929025
    0.835453928 0.639264345 1.43207324 1.33874202 1.28139746 0.848437965
    0.705000579 0.822949708 0.665939629 1.41939974 1.30516374 1.04589009
    0.604538023 1.32126081 1.23556924 1.13458395 0.939957023 0.643519223
    1.44136679 0.841133356 1.43993068 0.923326313 0.849976838
    0.568296075 1.09261036 0.715931773 0.338242531 1.0009464 0.801920295
    1.00686705 0.966908276 1.41673636 1.35921538 0.873909831 1.12501884
    0.669187009 0.940798402 1.30376172 1.33101296 0.843357205
    0.993690252 0.793789744 0.869663 1.26256919 0.858087659 1.50276792
    1.51126277 1.52745497 1.09335887 0.986303806 1.1515919 1.52887666
    1.09590256 1.48298585 1.53711081 1.13654113 1.23408806 1.08502436
    0.686808467 1.58101606 0.86810869 1.45752537 1.54134727 0.90528959
    0.724556148 1.36405373 1.19701505 0.952478647 0.789242506
    0.601794481 1.22635889 1.18305898 0.831662953 1.34359741 1.38870859
    0.710929513 1.34395599 0.70408392 0.683769405 0.874111831
    0.860481739 1.14553273 0.989390433 1.51884723 1.08822823 0.789569676
    1.0987792 1.11547983 1.06567383 1.09208238 1.15642142 0.980095387
    1.3385222 1.02881205 0.812751412 0.83641994 0.992813826 0.917085946
    0.594126999 1.18618453 1.13800323 0.641041875 0.564561725 1.09075105
    1.22874928 0.968724549 1.01305008 0.580794692 1.53205192 0.860906124
    1.51838446 1.52905118 1.39440811 1.54501498 1.20660019 0.796220362
    1.42353237 1.06823516 1.47114182 1.13715184 0.635967553 0.867380977
    0.825384974 0.671105325 0.670653343 1.25707054 0.825236142
    0.910900831 0.821492612 0.950062513 0.913824975 1.36848187
    0.955287993 0.656371891 0.581906199 1.49863756 0.603905082
    0.989784837 0.952288628 1.30979323 0.661901116 0.800135493
    1.42662311 0.853648841 1.20685744 1.50616634 0.907932699 0.75210011
    0.950232863 0.869864225 1.05631554 1.074772 1.44895816 1.36370432
    0.671432137 1.38861215 0.684125662 1.03880703 0.587633729
    0.985834777 1.0682106 0.7448048 0.860936046 1.26705456 0.626183093
    1.47606421 1.48438549 0.959986269 0.654829144 1.19210327 0.667660415
    0.819483757 1.27338731 1.0183146 0.894827843 0.833364844 1.54121351
    0.58792752 1.08611643 0.930211365 1.40315688 0.90529567 0.704385519
    0.78710407 0.685405374 1.48111236 0.638228357 1.06803238 0.712614
    0.597549438 0.595735073 0.670711696 0.948610663 0.670050859
    0.860159814 0.81663096 0.655334532 1.3673234 0.610318363 0.779266417
    1.44683051 1.45022786 1.4565562 0.671348572 1.14736176 1.1408391
    1.02795339 1.04669869 1.04158998 1.47372746 1.13038981 1.46578634
    0.86841929 0.87241298 0.764197826 0.847742915 1.43064725 0.586142778
    1.0991739 1.47405863 1.01475024 1.30582285 0.694519162 1.19431615
    0.73120594 0.868967235 0.631635308 1.54684389 0.671046674 0.97393769
    0.828548014 0.846254468 0.904766142 0.689481735 1.4201113
    0.782778621 1.52229226 0.599133193 1.40668309 1.37937391 1.44535446
    1.46535242 1.21708906 1.34613538 1.37527514 1.51092887 1.58663297
    0.962581038 1.58801711 0.627735615 0.596577466 0.701803625
    1.55321515 1.25028467 1.28100407 1.49051476 1.50873041 1.49107015
    0.911834955 0.994950593 0.882554054 0.686369717 0.615533173
    1.43425369 1.09514916 1.0655905 1.27952611 1.31035686 1.18891966
    0.609109521 1.04855812 0.745341778 0.638849735 0.864549279
    0.61133194 0.988659024 0.579602718 0.472658694 0.57364285
    0.588371158 0.529191792 1.00750232 0.888476491 0.430653244
    0.554050624 1.13071656 0.41901955 0.612347782 0.904264867
    0.647539198 1.16052783 0.718116701 1.4708153 0.797824442 0.90294373
    0.588019609 0.722084999 1.08323634 1.10863411 0.96239984 1.45337212
    0.859910667 0.616911113 1.2708739 0.568144202 0.837637842
    0.761720121 0.817260444 0.98069787 1.52176714 0.53167057 1.45831406
    1.20066881 0.953626037 0.766562045 1.34160793 0.794490755
    0.832979143 0.558978975 0.701304197 1.29708314 1.32074487
    0.893129706 1.20242512 0.783499658 0.90838474 1.32963717 0.602987766
    1.24975455 0.837565362 0.82300359 0.690482497 1.23351717 1.4835304
    1.34374511 0.54660368 0.500918746 1.05712199 1.00785828 1.39040422
    1.1153847 1.09220874 1.02935374 0.783430278 0.946900547 1.33598197
    1.23681676 1.14795709 0.910611987 0.885528326 1.41258049 0.775112033
    1.46179521 0.539267361 1.41427743 1.22089815 1.1595329 0.578021705
    1.35901546 0.654433072 1.23662615 0.981060445 0.670160949 1.33488488
    1.27443933 1.48163342 0.739339709 0.637883246 1.19825912 0.969178677
    1.04271698 0.834626973 1.3346132 0.870989323 0.916081667 1.36224627
    0.844845235 0.90736717 0.928711534 0.876656353 1.17676175 0.51586628
    0.744135261 0.847912788 1.18145227 0.801948488 1.0421977 0.760101974
    0.62361443 0.59423238 0.578977048 1.11917424 0.787365496 0.813683987
    1.00160813 0.846793711 1.36695194 0.736897945 1.28805554 1.24198341
    0.558236301 1.47066414 1.00335109 0.967916667 0.730071068
    0.808685601 0.744783342 0.976302207 1.11420703 0.960156441
    0.779635966 1.10269988 0.762973785 0.527507424 1.37451279 1.13289833
    0.824473798 1.43552375 0.629733741 1.16161418 1.42351413 1.18481278
    0.997478127 1.20685625 0.547554612 1.10927451 0.931050241 1.34603763
    1.51247227 1.27182436 1.48732662 0.65107429 0.957663715 1.24038172
    0.633148253 1.20422971 1.42205811 1.23161614 1.22557032 1.52466583
    1.51170874 1.21028709 0.880453944 1.33620012 1.31120229 1.38192379
    1.19336963 1.06402898 0.969350219 0.948451638 1.38984203 1.46435559
    0.833460212 0.691277564 0.669774354 1.43613422 1.25004435
    0.724511325 0.845230699 0.997869134 0.730427623 0.885328054
    0.971559823 1.2191112 0.995224118 1.25347662 0.541618764 1.04068792
    0.539546788 1.25122571 1.19421434 1.00297427 1.33936632 1.20403576
    1.18503988 1.35780752 0.93523401 1.41650462 1.31499434 1.08870268
    1.47556496 0.545735657 0.764593065 1.31351995 0.520936966 1.25075626
    1.03205657 0.968018651 0.814046204 0.794311285 0.538722873
    1.13812733 1.50391352 0.842178345 1.46901751 1.21505666 0.560629725
    1.52311504 1.22243798 1.26457369 1.49745786 0.868245959 1.00250196
    0.587721586 1.18340409 0.847314358 1.43730307 1.15931487 1.47570252
    1.10656559 0.661100566 0.991139233 1.33025408 0.53907913 1.1652863
    0.610635281 1.07792974 1.36880565 0.583478987 0.982420146 0.83554846
    1.29821515 0.544932365 0.96004051 0.525643885 0.547105074 1.0017401
    0.628324091 1.04840267 0.673875093 0.583503366 1.1626792 0.691703856
    0.647475481 1.12608898 0.347597688 0.634696066 0.616200984
    0.856963754 0.37556088 0.585364163 1.08334327 0.821787477
    0.778442562 1.31745481 1.20663357 0.473864585 1.38762259 0.472964168
    1.20240068 0.697077572 1.1527735 1.33920729 1.36676788 0.624791145
    1.00426316 0.825369954 1.25343525 1.10647583 0.507202506 1.08529067
    0.87073338 1.14964509 0.867356181 1.17820287 0.631757915 0.525878549
    0.755058587 0.548633397 0.771606684 1.09747195 0.852334082
    0.595748186 1.20791996 0.562958837 1.06946445 0.674393058
    0.486110151 1.20668089 0.838414013 1.43756676 0.720508695
    0.578555942 1.19500816 0.487376243 1.21550918 0.931357503 1.31786728
    0.503080308 1.16788721 0.946518719 0.908204377 0.865328908
    0.709542692 0.88543117 1.10980225 1.26391482 0.50300175 0.749986291
    1.34436655 0.718492746 0.798478544 0.802885711 0.666750729 1.3182373
    1.0938344 0.697914839 0.796490192 0.769321978 1.13427854 1.10589194
    1.26944637 0.647404134 1.19269705 1.27872407 0.850480378 1.10844851
    1.19868445 1.08192706 0.488303959 1.25811577 0.599106133 1.38578296
    1.30379677 1.11543059 0.805926561 1.33365452 1.18451071 1.46068466
    0.99914223 1.3108536 1.26666462 1.16856587 1.3836832 0.841368377
    0.66895473 0.778343976 1.20493615 0.924800813 1.05794895 1.09495354
    1.34036005 1.20482266 1.37789977 1.14561832 0.660969913 1.18011093
    0.998260379 1.17179096 0.887073696 1.12971711 1.43226814 1.11393416
    1.31593359 0.664249659 0.770301044 1.42981315 0.754557729
    0.585532069 0.549623668 0.616837204 0.916694164 0.817043364
    1.22699749 0.514890492 0.955683827 0.774685383 0.845198452
    1.19351161 1.33399189 0.729318321 1.12290871 1.01390553 1.45555449
    0.768855095 1.09564698 0.928906381 0.979913414 0.664613843
    1.42515397 0.646458983 1.37981176 0.742537618 0.92362839 0.716152489
    0.944025874 1.23523021 0.674542785 0.979945898 0.713628411
    1.08893752 0.654983163 1.17248118 1.0148499 1.04167747 1.08496809
    0.619413435 1.35167551 1.35008931 1.02336454 0.603120327 0.625189841
    1.09516251 0.647641778 1.02512681 0.562951446 1.36401176 0.860074103
    1.21439266 0.866701126 0.515009522 1.16171253 1.02499175 0.573584557
    1.03071237 0.953174114 0.914049506 0.82116276 1.04877901 0.529444933
    0.511914194 0.916315556 1.05727351 0.597191572 1.45944309 1.35724115
    1.01039112 0.904453993 0.967472553 1.44584179 0.834969938 1.17849517
    1.42278278 1.0082624 0.821933925 0.930498183 0.639304221 0.926712632
    1.2979461 0.658036709 0.602735102 0.899934053 0.50784111 0.707754016
    0.991382718 0.583602548 1.15534008 0.734914839 1.09098327 1.22556365
    1.16485226 0.562830627 0.836195767 0.949804008 1.19169724 1.07727981
    1.26838112 1.04121411 1.42803431 1.18809259 0.539522767 0.575137377
    1.41741729 0.77194047 0.532709301 0.602261424 0.754751384 1.36176705
    1.2377274 1.3546952 0.64947921 1.34978533 1.39022505 1.00315607
    0.761132658 0.937004268 1.2091713 0.590174139 1.03209996 0.443283647
    1.41275835 0.821334839 0.837414384 0.656645834 1.04580462 1.08452594
    0.881911993 1.27349734 0.788543224 1.15081799 0.793217003 1.23170555
    0.878292024 0.976631582 0.636529386 0.404326856 0.272588015
    0.679238737 0.633107185 0.652433097 1.1758635 1.08697557 0.967636406
    0.443773359 0.775704026 0.789758503 0.718550086 1.14577186 1.4051013
    1.29384899 1.2477715 0.811908722 1.33127248 0.952930927 1.4468416
    1.4422003 0.989748597 0.551681817 1.26928842 1.42413139 1.0087713
    0.948878646 0.642585576 0.499526531 0.970743537 0.613344193
    0.512242973 1.28735447 0.608566523 0.998212397 0.75931108 0.45647946
    1.21322918 1.18278015 0.906332433 0.420488447 0.979358315 1.13532555
    0.961898446 0.779488862 1.10942459 0.409278542 0.50912106 1.08712459
    1.11513865 1.13564718 0.897466481 1.07522857 1.15601981 1.24932659
    0.96896708 1.08970845 0.683466494 0.767497182 0.811058342
    0.652344465 0.858776212 0.639051318 1.04026031 0.447262704
    0.71666187 1.23783743 0.896565378 0.559605837 0.420797467
    0.845273554 0.806273878 0.736828327 1.03491616 0.773755968
    1.38997209 0.514824867 0.842290521 0.438877672 0.761205196
    0.53192544 0.651343942 0.804098606 1.36159122 1.33339489 1.41004729
    0.660764813 0.574606776 0.842599511 0.523418486 0.759931684
    0.892999351 1.03128481 1.00895643 0.892116904 0.733656228 1.30168223
    1.37200415 0.880278707 0.429328352 0.932332635 0.806824565
    0.969644964 1.07438827 1.24614036 0.831608474 0.877743661
    0.608800471 1.34702539 1.25368416 0.791171551 0.73272264 0.889906883
    0.856078863 0.833819509 1.07810831 1.09403622 0.594015241
    0.754308224 0.91223067 0.955943823 1.25378895 0.764777899
    0.965934157 0.778789997 0.595309317 0.599654019 1.37717617
    1.16628945 1.24460638 0.417393714 0.944946468 0.490294784 1.02469683
    1.15384543 0.433223784 1.17575407 1.0292021 0.98474884 1.39031446
    0.602345407 0.891524613 0.485194981 0.599550605 1.14648032
    1.01742673 0.993088126 0.67645216 1.18656671 0.665414751 0.841698527
    0.772807717 0.923058152 0.768872857 0.840280533 1.23784781 1.4247191
    1.06680739 1.0990901 1.03074133 0.843303919 0.630986392 1.35787463
    1.36799359 0.616809547 1.4243052 0.713987708 0.748891354 0.729256511
    0.754508495 1.29361796 1.05461621 0.849281192 1.08714104 0.465290934
    0.692797184 1.16892838 0.68021512 1.37198997 1.0340029 0.676950514
    1.05805635 0.982294202 1.37921 1.13438642 0.501960695 1.09564197
    1.31188452 0.531412244 0.682096899 0.781998992 0.595555782
    0.744817555 0.998657405 1.01050162 1.31156945 0.862815976
    0.775887907 0.866081297 1.26729238 0.738095522 0.643668592
    1.15036631 0.506921232 0.787525892 1.16361678 0.42904076 0.424749643
    0.45927608 0.616863251 0.867039084 0.739960313 1.35946596
    0.508720219 0.75082159 1.06641948 1.21269679 0.789159536 0.915400326
    0.883109152 0.467947483 0.567537546 1.42261982 0.753111124
    1.33521652 0.83765161 1.01840353 1.15810192 0.71295774 0.472940356
    1.19174922 0.987104475 1.06186533 0.85944736 0.466776907 0.468483686
    1.16998339 0.77140373 0.598147929 0.933807194 1.2758038 0.946043015
    0.724580169 0.693692923 1.28562331 0.642785788 1.04231274
    0.521137774 1.18460739 0.818670273 0.363592803 1.24933767 1.02940154
    0.700789094 1.00857377 0.597128153 0.403149396 0.798659146
    0.352895319 0.741132557 0.982238233 1.28728354 1.21272123 1.28901279
    0.805383027 0.79180038 1.2872721 0.487368017 1.07152772 1.35507941
    0.953178406 0.832468152 0.884617805 1.38581157 1.22855687 1.19418728
    0.500245154 1.33259606 0.867501616 0.514060199 0.566018939
    0.47948122 1.18502712 1.19786203 1.2948209 1.02542663 1.12344515
    1.1125803 0.927850664 1.18820572 0.685605466 1.02669191 1.30288053
    0.825242102 0.548592925 1.13340271 0.576826096 0.551767707
    0.752221465 1.16743708 1.32623792 0.807951093 0.618418336
    0.462719381 0.457737088 0.372893393 0.556711853 0.61357528
    0.69878906 0.776495457 1.06344485 1.20766103 1.17817819 0.444698542
    0.453548104 0.953240693 0.505029261 0.389939785 0.458703279
    0.701802433 0.617880702 1.18798685 1.3346839 0.724434078 0.924408495
    1.35876358 1.3077786 0.952851772 1.23959911 0.554874241 0.669225872
    1.03297818 0.726305723 0.722776651 0.833894491 0.845279217
    0.924868524 0.792693675 0.488289624 0.63557148 1.2252785 1.02721691
    0.398603618 1.12378263 0.793389618 1.36798191 0.572951257
    0.676932693 0.960853338 0.711357772 1.34483719 0.381426156
    0.996465027 1.09888077 0.667599797 0.955921471 0.803580701
    1.24967408 0.378840476 0.366197348 0.589839816 1.25458419
    0.974102736 1.06903446 1.32957208 0.600992084 0.982618928
    0.917075694 1.26411271 0.650990129 0.97652632 1.14768898 0.52648145
    0.696546376 0.932352006 0.426455319 0.715013504 0.916246295
    1.30771911 0.472760171 1.35822499 0.86299336 0.973225117 1.14407611
    0.940096259 0.698469162 0.510249615 0.570761621 0.703567505
    1.14097166 0.561861157 1.04924262 0.949378073 0.734710336
    0.922708511 1.23374617 1.30740845 0.398600698 1.30821991 1.13012969
    0.41275239 0.688206375 0.91369307 1.30742073 0.46303165 1.33394229
    0.686879337 1.19930172 1.35600734 0.83161521 1.08704793 1.00555491
    1.36993527 0.962311089 1.07896531 0.864614129 1.34151626 1.26129711
    1.28496182 1.08580875 0.688119173 0.855470181 0.442978919
    0.719279349 1.01182127 1.30122232 1.097996 0.637979686 1.14313352
    0.436779678 0.720198512 0.722550988 1.16320848 1.25216818
    0.406445414 0.870642126 0.945683777 0.43911469 1.09281468
    0.949857056 0.593864739 0.464723974 1.18423581 0.498433143
    0.588740766 0.3986983 1.3018353 0.539841175 0.849642336 0.747913539
    0.46959573 1.18652678 0.783481479 0.743581474 0.864664614
    0.879999816 1.24359298 0.659870207 1.02049637 1.00800097 0.456213742
    0.354651779 0.392070442 1.26032889 0.48196137 0.396630049 1.04562569
    0.722578585 0.997235596 1.10044348 0.641108036 0.996525526 1.0167644
    1.0264957 1.39640021 0.564408898 0.644908786 0.895397186 0.887626708
    1.12420714 0.985972524 0.506625056 0.894810975 0.829318404
    0.988409877 1.30193806 1.03856051 0.805643201 0.979670286
    0.464447886 1.26068532 1.21656156 0.869110107 0.386706233 1.26749301
    0.939531803 0.553483725 0.461441576 0.963856459 0.749864936
    0.501392543 0.764683723 1.20636189 0.961335063 0.517439902
    1.09004343 1.2738378 0.259647995 1.05055964 0.305872768 0.50312829</data></your_img>
</opencv_storage>
